<?xml version="1.0" encoding="UTF-8"?>
<!-- Generated by org.testng.reporters.JUnitReportReporter -->
<testsuite hostname="CAICOMAHEDIDMBP" failures="0" tests="20" name="com.vinsguru.tests.flightreservation.FlightReservationTest" time="7.357" errors="4" timestamp="2024-08-25T00:38:30 GMT+03:00" skipped="16">
  <testcase classname="com.vinsguru.tests.flightreservation.FlightReservationTest" name="userRegistrationTest" time="1.929">
    <error message="Cannot invoke &quot;com.vinsguru.tests.flightreservation.model.FlightReservationTestData.firstName()&quot; because &quot;this.testData&quot; is null" type="java.lang.NullPointerException">
      <![CDATA[java.lang.NullPointerException: Cannot invoke "com.vinsguru.tests.flightreservation.model.FlightReservationTestData.firstName()" because "this.testData" is null
at com.vinsguru.tests.flightreservation.FlightReservationTest.userRegistrationTest(FlightReservationTest.java:28)
at java.base/jdk.internal.reflect.DirectMethodHandleAccessor.invoke(DirectMethodHandleAccessor.java:104)
at java.base/java.lang.reflect.Method.invoke(Method.java:578)
at org.testng.internal.invokers.MethodInvocationHelper.invokeMethod(MethodInvocationHelper.java:139)
at org.testng.internal.invokers.TestInvoker.invokeMethod(TestInvoker.java:664)
at org.testng.internal.invokers.TestInvoker.invokeTestMethod(TestInvoker.java:228)
at org.testng.internal.invokers.MethodRunner.runInSequence(MethodRunner.java:63)
at org.testng.internal.invokers.TestInvoker$MethodInvocationAgent.invoke(TestInvoker.java:961)
at org.testng.internal.invokers.TestInvoker.invokeTestMethods(TestInvoker.java:201)
at org.testng.internal.invokers.TestMethodWorker.invokeTestMethods(TestMethodWorker.java:148)
at org.testng.internal.invokers.TestMethodWorker.run(TestMethodWorker.java:128)
at java.base/java.util.ArrayList.forEach(ArrayList.java:1511)
at org.testng.TestRunner.privateRun(TestRunner.java:819)
at org.testng.TestRunner.run(TestRunner.java:619)
at org.testng.SuiteRunner.runTest(SuiteRunner.java:443)
at org.testng.SuiteRunner$SuiteWorker.run(SuiteRunner.java:481)
at org.testng.internal.thread.ThreadUtil.lambda$execute$0(ThreadUtil.java:58)
at java.base/java.util.concurrent.FutureTask.run(FutureTask.java:317)
at java.base/java.util.concurrent.ThreadPoolExecutor.runWorker(ThreadPoolExecutor.java:1144)
at java.base/java.util.concurrent.ThreadPoolExecutor$Worker.run(ThreadPoolExecutor.java:642)
at java.base/java.lang.Thread.run(Thread.java:1623)
]]>
    </error>
    <system-out>
      <![CDATA[<img width=700px src='data:image/png;base64,iVBORw0KGgoAAAANSUhEUgAACWAAAAaKCAIAAADCuNM0AAABK2lDQ1BTa2lhAAAokX2QMUvDUBSFv1cKomYRFR0cMnbRppWmDdahqbXo2Cqk3dI0FLFNQxrRvas/wtlNcBGhs4uT4CTi4i4IrpXXDClIPNPHuQfuPRdSmwBpDQZeGDTqpmq12urCBwLBTLYz8kmWgJ/XKPuy/U8uSYtdd+QAX0AYWK02iC6w1ov4SnIn4mvJl6EfgriRHJw0qiDugUxvjjtz7PiBzL8B5UH/wonvRnG90yZgAVvUGTKkRx+XLE3OOcMmi0YNgxK71KhQoUCFHHlKGOgU0KhiUqRKkUN0SuTJcTBjA13+M1o5fof9yXQ6fYy94wnc6bD0EHuZPVhR4Ok59uIf+3Zgz6w0kHJN+F4H5RZWP2F5DGzIcUJX9U9XlSM8HHZQyaORQ/8FDJRN2vTWQQEAACAASURBVHic7N13XFRHH+/xXZoUpSPYsfdu1NhrjDGx11gilth7S+y9G2OXWDD2FmvsLZZYiaio2BVFRHrvu3v/4F4uD+w5exaWXXA/71f+kDNzZn7uYfF59svMyGs17SgDAAAAAAAAAAAAYBxMDF0AAAAAAAAAAAAAAP0hIAQAAAAAAAAAAACMCAEhAAAAAAAAAAAAYEQICAEAAAAAAAAAAAAjQkAIAAAAAAAAAAAAGBECQgAAAAAAAAAAAMCIEBACAAAAAAAAAAAARoSAEAAAAAAAAAAAADAiBIQAAAAAAAAAAACAESEgBAAAAAAAAAAAAIwIASEAAAAAAAAAAABgRAgIAQAAAAAAAAAAACNCQAgAAAAAAAAAAAAYEQJCAAAAAAAAAAAAwIgQEAIAAAAAAAAAAABGhIAQAAAAAAAAAAAAMCIEhAAAAAAAAAAAAIARISAEAAAAAAAAAAAAjAgBIQAAAAAAAAAAAGBECAgBAAAAAAAAAAAAI0JACAAAAAAAAAAAABgRAkIAAAAAAAAAAADAiBAQAgAAAAAAAAAAAEaEgBAAAAAAAAAAAAAwIgSEAAAAAAAAAAAAgBEhIAQAAAAAAAAAAACMCAEhAAAAAAAAAAAAYEQICAEAAAAAAAAAAAAjQkAIAAAAAAAAAAAAGBECQgAAAAAAAAAAAMCIEBACAAAAAAAAAAAARoSAEAAAAAAAAAAAADAiBIQAAAAAAAAAAACAESEgBAAAAAAAAAAAAIwIASEAAAAAAAAAAABgRAgIAQAAAAAAAAAAACNiZugCAABA7qpXu1q9WtWHefTOdN3b5/HQcTMMVBQAAAAAAAAAg2EFIQAAX76s6WBacLhlzSJDlAMAAAAAAADAkAgIAQD4wtWrVV2wqXa14R599FsOAAAAAAAAAAOT12ra0dA1AACA3OVz7bhIa+1mnfRYCwAAAAAAAAADM3UrVdHQNQAAgNwll8nr1a4m0ur94LF+KwIAAAAAAABgMGwxCgCAsVN7QiEAAAAAAACALxUBIQAAX77NXvvEO3ASIQAAAAAAAGA8zAxdQJ5gZ1uoQll3rW5RqlRxcfGR0THh4ZHJKSm6raegjXWn79pUr1LB0dHewd7WtmBBmUwWGxcfHhEVHhn5xO/V8dMXo6JjdDtpmto1qnzbuqmbq4ujg72dbUFrK8uExKSo6JjwiKjPwaHnL9+45+ObjWGLF3Ur4uqS9Xp0bOzzl2+ljGBiIq9do6qJXK629cXrd1JekIrlS6e9mJmERUS+efdBShkZ66lbU/1mfU+evYxPSBS/PfcecfUqFSwLFMh6XfqDszA3r1mtUtbral8lkddBrejY2A8BnzS+PjmRjbeziEx/a6Hv5LiEhKfPXmV7Fp0PW6JYkY7tW5dxL+HoYGdvV6igjU2qQhEdHRMRGR0cGvbWP+Do3xcio6IljlalUjkbK6us14OCQz98/CRxECcH+zLuJbJeDw4N8/8QmPbnapXLW1laShxQOqVK9Z/o5pnVKpdv37a5q4uTg4O9g51tQRtrhUIREhYR+Onzu/cfX797/+zFm4+fgpRKlc5ry1PSFhFqzBEBAAAAAAAAfAHktZp2NHQNhjegd5cJIwdm+/aExMSAj0GP/V4eO3Xx0ZNn2R7Hwd5u0uhBX39V29HBTmPnyKjoO/89Wrlua2hYRLZnTNe+TbMBfbqUK13KzMxUvGdqquKt/4e9h08eO3VR+vjb1i+pU6NK1uthEZFtOv0kZYQ/Ny2rUVVNapVm8Ohf7z96Kj6Cs5PDhaM71DapVKofeg/7+OmzlErSTJ84vEfn9mqbuvQb9e59gNqm3H7E3Tq2mzl5pNqmBq27S0yy1y+f3bhh3azX/T8Edu47ItNFO9tC//y9W2J56VQqVWqqIio65vot772HTr5666/tCCJy+HbO5K1/QNf+o9K/FPpOjk9IbNyuV7Zn0dWwNapWGvNz/6qVy0mJ2cIjom57P9i265DGdPzG2f021moCwge+fh6jfpFY25WTu+ztbLNef/byTZ/BE9L+fOfiIQsLC4kDaqV2s05ZL379VW2Pft1qVq0oZVKlUvXgsd86z50PfP1yo0L9GO7RR+NWompfKwAAAAAAAABfGFYQ6oCVpWX5su7ly7p3+b7tW/+AOUvW+D59odUITg72s6aOatboK7nACrms7O1s27Vq8k3Lxrfu+sxbvj44JCxbtcs6tGs5YeRAJwd7if3NzEzLl3WfM23M+BED13ruPHLyfPbm1crGVXNF0sHla7doTAdlMlloWMQDX79a1StnbZLL5asXT+/pMU5iPUXdCnfv9K3aptveD9Smg/p5xK4uThIHF2GnLsXRLblcbm5u5uzk0OX7tl2+bxsXn7B5+97dB0/k9rxfsLq1qs2cPMK9ZHHptzg62H3Xtvl3bZvfuuczff5v0hcUZo9cnod2tHZzdVm5YFrVSuWl32JiIq9To4rXhqXhEVEHj5322v2XzteO5xHDPfqwiBAAAAAAAAD44uWhT2y/DKVLFd+5ecXqxdOl39K3R8fzR3c0b1xfenSUTi6XN2pQ5+zhbR59u2l7r72d7Yl9mxfOGC89HczIzrbQrCmjTh/ckr3bpVsxf9rXX9UWat3y54F9h/+WONTEGUsUCoXapvJl3du1aiJxnN8WTVf7sFJTFVNmLct63VCPOL+wsbaaNHrw3wf+KFe6lKFryX9MTEw2rpq7de0irdLBjL7+qval4zvHj9DZsss8rknDuqcObNEqHczI0cFuuEefK9ovnM0LpCR/GpcYAgAAAAAAAPgCEBDmihZNGvyxZqHGbiYmJuuXz548ZrCJida5UUZyuXzssAGevy/QuEFouvp1apz7a1uJYkVyMq9MJiviVvjM4W2NGtTJ4ThC5kwb3aZFI6HWw8fPbty2V/poEZFRO/cfE2qdPW2MiYnmd0S7Vk0qli+ttslzx77YuPiMVwz4iPOdYkVcD+5Y06BeTUMXkp+UKFbkwtEdIgm6RCYm8p/6dPlt0a86qivvatGkwdpls3L4fpTJZP4fPuqoIn3z9Nqvsc9wjz56qQUAAAAAAACAwRAQ5pavalcXOqMujYmJ/OjuDWoPe8ue+nVqHN+7WUrE1bZl482r5+vqrC9zc7MNK+a0b9NMJ6NlNHGUR+cObYVaL/5zc9GqTdqOudZzp9BWitZWlkIH+KUzMTGZNXW02qbQsIitOw/9b2eDPeJ8Si6Xr18+p4x7CUMXkj+4lyx+ZNcGKedZStSyacMdG5flPDzLs2wLFVy5YFo2FvJmtX6L4VcQDvfo43PtePp/W9Ysqle7mk5GZhEhAAAAAAAA8MX7YpOGvGDc8J9EWjevXlCyeFHdzljUrfC2dYvF+1SuWHbpnCk6+Yg8o4UzJ1avUkGHA/48sFf/Xp2FWu/5+E6ZrWYzTyl+mbdSqKlzhzbFiriK3Dtz8kgbayu1TVnrMdQjztfMzEx3/7HyCw5BdcXOttCeLat0vqK0ZrVKFcuX0e2YecfUsUNMTXXwikXHxN68c18XFeVIphivXu1qUjJCiecLsogQAAAAAAAA+LKZGbqAvG724jVZL9pYWxUtUrhk8aL169awsrQUutfG2qp6lQq+T19kbZo2/uevalfXOLtKpYqJjfvw8ZNKJStRrIhtIRuNwV6t6pVnTh65cOVGta0O9nY7NiyVskIoJSU1ODQs6HOIa2Hnwi5OFubm4v1NTORb1y3u0HNoaFiExsE16tuj44hBPwq1Pn/59udxM7M9+B3vh/cfPa1To0rWJrlcvnrx9J4e49TeWLyoW+cObdQ23fZ+8MDXL+MVQz3iPCU8IirjlwUszK2srDR++1lZWg7u133LzoM6rycwKFjoEEohDx/7SehlAPu3/25tJfjDJ51KpYqNiw/8FBwaFm5rW8itsLOLs6NI/+Vrt/g9f63TSrXw8VOwyIJIExOTQgVt1DapVKromFihG1UqlUwmszA3b9dabKHzW/+AS1dv+fg+jYiMcivsUrlCmXJlShUvVqRU8SKZ1lv/deKctL9Q7vL02p91qd+wgX28fWbkfPC0kSWmiQAAAAAAAADyHQJCDU6evSzewaNvt7HDBgi11qtdPWtAWLyoW68u34kP+9Y/YP7y9Y+ePFMqVekXTUzk1SpXnDllZPkypUTu7frDN7sPnnj3PiBr07J5U8R3FlUoFFt3Hjpw9HRE5P9EO/Z2tt07tRvu0Udk/Y2FufmyeVMHj87pMWadO7SZPGawUGtAYNCPQyfmcIpJM5ZcPLZD7d+lfFn3dq2anLt8I2vTb4unq03vUlMVU2b9z/JBAz7ivGOt506vPX9lvW5jY92xfatRg/va2FgL3duvV6fcCAj7/Tw50zd2PjXco49bYWfxPg8fP1u+dsuzF68zfoPJZLKCNtZ9e3Yc2KerpWWBjNdVKtWMBb+duXgtd0qWpGv/USKtZdxL/LVzvdqmhSs3Hjl5XnzwRg3qCC24TElJXbhy44kzl9Kv+D1/feX67fQvu3VsN6hf96JuhWUymVKp+uPPA5r+KgZTr3a14R59xIM9tcliVsM8ehMQAgAAAAAAAF8q9vHLKa89f506/49Qa1F1+1Uunz9VZJWYQqFYvXFH1/6jHvj6ZfpkX6lUPXryrOfAsSvXbRNZCCWXy5fNnZz1eqXyZcTXtL31D/iu59DNXvuyhiiRUdFbdx76tvvgl2/8RUaoU6NKtcrlRTpo1LZl49kCh/zJZLKw8IgeA8cqlcqcTJH21/Hac0SoddbU0Vm3uGzfpplQaLfZa19sXHzGK4Z6xPlCXFz8vsN/N2nf59S5K0J9bAsVbFCvpn7ryjcsLCwG9esu0iEhMXHyrGUDR057+uxVpm8wmUwWGxfv6bW/6Xd9jp/+/3mYUqkaPXW+YdPB3FalUjmhptlL1mRMB7P668S5Dj2H9vQYd9v7wfHTFxMTk3KnRu0IpXfDPHrraoNQNhoFAAAAAAAAvlQEhDpw4rTgJ8vJycmZrtStVa1yhbJC/aOiY7/rOXTn/qPiM+45dOLb7oOjomOEOlQoV7p+nRqZLi6ZIxYpeXrt79p/VHBImEif0LCIngPHbty6R6TPwpnZX97XqEGdZXMFz0eMiY3r2n+0rj6a37B1d6YNMNPZWFtNnzg84xUzM9NZU9WvbQoNi9i261DGKwZ8xPnLzEW/BwQGCbXWrVlVv+XkGzMmDTc3F1z87ff8dYsO/S5dvSk+SGqqYu7StfOWrVOpVKmpCo9Rv+SFQ/VyVVn3kmqvq1Sq85evSxnh5et3IybOmb9c/SrGPGWYR2+RwwilrwuUstAQAAAAAAAAQH7EFqM6UKCA4KadL1+/y3RlyIAeIkONmTpPPKJLFxoWMXLy3D1/rBLqMLh/97v3H6V/aWdbyL1kMaHOz16+kf6R8ZadB5s3qV+1kvqVgqVKFLW3s42MipY4WrraNaqsWzZbKB1MTEzq/tMYkWPGsuGXuSv+WLNQbVPXH77ZvvtwYFBw2pezpowSOmxy0sylma4Y6hHnR7MXr9m+fonaJveSxfVeTv7Qunkjoabk5ORBY35NTkmRONSxUxefPHsVH5/w8dNn3RWYRwkdfimXy8uUKvnqrdja6DxLZLPQLWsW6WQKn2vHNfbx9nksk8k8d+xL+wMAAAAAAACAvI8VhDrQr1cnoSafR08zXalVrbJQ5zMXr2U9sFDE02evRDZprFX9fybq3a2DUE+FQjF68jzp88pksjFTF6SmCm6A2bur4FxCKpUv88fvC4U+wU9JSe0zZKLEXE26ez6+93x81TbJ5fLVi6en/blUiaI/fNtKbbdb93wePXmW6aKhHnF+9PBx5lcvXfFibvqtJX8o417CxtpKqHXmot+1XWL78vU7Y0gHZTJZet6f1S7PFULvcUhRr3a1erWrbVmzaMuaRSIrFwEAAAAAAADkHQSEOWJjY71s3hShnR6DPof4fwjMeKVG1UqWlgXUdo6LT5i5cLW2Bcxesjbuf0+/S2dhYZExQPq2dVOhQdZ67gqLiNRq3ojIqDWbdwi1ftummVajuZcsvnPzCjMzU7WtCoVi0Ohf3r0P0GpMiabMWiZ01F+FcqXbtWoik8lWL56hdl1jaqpi6uzlmS4a8BHnR0qlUuj1t7YSjMGMWZ/uPwg1/ffg8YUr/+q3nPzk9dv3Qk2WlgXmTx9348y+kUP6FnZx0m9dOSJ95bd+pMeEhi4EAAAAAAAAgAZsMarB1LFDs160sirgWtjZ1cW5dKniQltiymSy3zdljtCaN/5KqPONW95KpVLb8pRK5bVb3u0FArlmjb564OuX9ueiRVzV9lGpVLsPHtN2XplMtvvgiYmjBqn96xdxc5E+jpury76tvwmdqaZSqcZMXfDY72U2KpQiKjpm685DQnv0zZo62srKqnQp9XtdbvbaF5slujPgI86P7GwLmZqqD4ZDQsP1Xk4+UL1yBaGmPYdO6rcWWa3qlb2vHJHYWehB683f5/6ZMWmk0DLltF/4GDqg59ABPRMSE1+99r92696JM5d1vnBZ50R2GTWUtJhw6LgZhi4EAAAAAAAAgCACQg36dP8+ezceP33p3OUbmS66uQomZ/89fJK9ie4/fCKUHmWcztxM/bOOiY1TKlXZmzo6Js7OtmDW60JzZWVpYXH4z3VCS+5kMtmv81beuueTvfIk2uy1r3vnb50c7LM22VhbzZk2Wu1doWER23YdynrdgI84P+r0XRuhpg8fP+l8OjvbQkILFrPS7YGXumJnV0io6Y73A/3WIssLsZ90ycnJ/975r+nX9TT2tLK0rF61YvWqFUcN6RcXn/Dk2ctzl64fO3Uh2z8qjVC92tWGe/TJawscAQAAAAAAAKQjIMwVZy5em7t0bdbrhZ0FN6+7dTebMZjIjS5Ojml/KGhjLbTS8WNg9o8fCwj8ZGdbPut1uVxe0MY66+q6rGxsrMU7ZDtU08q0OSu2rtVuT7xJM5eqvW6oR5wfubm6jB3WX6hVZEPIbDu6e4P0zleu3544Y4nOa8ihQgVt1F5PTk6OT0jUezn5zPhfFx3+c53QmmC1bKyt6tepUb9OjWnjhp44e2XNph1SfrLp02avfXltBWGaYR69CQgBAAAAAACAPIszCHPFp6BgtdcdHezUXlcqVQGBQdmb6+Onz0LrWpwc/++quBLFiwjd/vzVm+zNK5PJXr5+J9RUskTRbA+b0Z4/VolsCagr/z14fPf+I+n9b93zefTkmdomQz3ifKdl04YHvdYIrT9TqVQX/jHwcXrFi7oZtgC1ClhYqL0erOWOrG6uLt5XjmT9b+ywATqqNC9SKpXdfxrz1j87B5paWFh079ju6qm9834dmwulZV+92tUMXYJ63j6PDV0CAAAAAAAAAEGsIMwVg/p179ax3ZAxM1699c94XSFwBJ3wOYaSCN2e+v92U0xNFdxW0dzcPNvzitwrfSNHcYVdnH5fMnPstAU6GU3ElFnLLh3faWameb/E1FTF1NnLhVoN9YjzoLKlS1ar/D8LTMuVcXewty3rXqJOzapF3AqL3Pv46Yu8f/abQahU6qNiMy23+jQ1MVGbztarlUfTJl1Jywg3r55fr1Y1kRNkhZiYyDu2b21bqOCE6Ytzp8Avx38PCAgBAAAAAACAvIuAMLfY2Rbas2Vll36jAjOsJgwPj5SVKZW1s1wur1i+9POXb7MxUfmy7kIfc0dERKb9QeQ4twrlSmdjUo33+n8IzPawmTT9ul7/Xp13HTimqwHVio6J3bLzwIhBP2rsuXHbHpE9Bg31iDWysDBPTkmR0lP6EZLiOnzTosM3LbJ37/K1W3RSw5cnMSnJ3FzNA3JydDBEOfmSUqn8edzMwi5OU8YMadm0QTaOUWzRpMHvS2aO/3Vh7hSonWED+xi6BDW8fR6zvygAAAAAAACQl7HFqAbJKSlq/0tJSRVaypPOwsJiz5ZVGa98DgkV6tygbq3sVfj1V7WFmj7/vzVYiYlJQtUWFV3IJU7oXpVKlZiYlO1hs5owcmCNqpV0OKBaf+w4EBYeId4nNCzCa89fIh0M9YjTJCULRoAVyrpLnE5o21KlwOJInbt2895jv5f6mSvfiY2NU3vd3NzMwV799rZQKzgkbMrsZY3a9f590w7fpy+Sk5O1ur1546+GDOiRa9VpIQ9uMerptX/ouBmGrgIAAAAAAACAGFYQatCgdXeR1oI21i2bNvTo2610qeJqO9jb2XZs3/rEmUtpXwYKnE0ok8lq16i8c//RbFRYq7pgchb46f9Pl5SUbGlZIGsfG2srMzNTkT1IhZiZmdpYW6ltSpG2Uk06uVzuuXr+t90HR0XH6HbkTKbMXr59/RKRDpNmLhUfwYCPWCaThQgfRFe+rPv9R0+lTGdbyEbt9dx+8dP4Pn0x7pc8sTArb4qMihHanbVRgzqnzl3RZzFxcfGLVm2S2Hnx7Em5XE52JCcn/7nv6J/7jspksjLuJTp91/rr+nXcSxRTu0wzk749Om7deUgvZQrKm+kgawcBAAAAAACAvI+AMEdi4+JPnr188uzl4R59hnn0VttnuEfv9IDw7MVrwz3UbwfXuEHdgjbWIntXqlXQxrpJw3pCrWcvXU//81v/gMoVy6rtNm3cz9I/5U83ZcwQoabX7z5oO5pMJvN78bqom6udbUG1rZaWBXZ5rujYZ3g2RpbO59HT0LAIZyf1uzUGBAY9evJMfAQDPmLxgLCMewmJMwodLRkRGSVxhGx74Os3eMyvuTd+YmJSSmqqxM7vA3S2Ta4O3fZ+IPRGHjn4Rz0HhC/f+J+5eE1i52njhwm9u/OIN+8+rN64Y/XGHTKZrGL50gN6d2nXqonIBqT2drZODvZhkrf5zQ15Z39RT6/9MpmMaBAAAAAAAADILwgIdWOz177vvmleoliRrE3OTo7pf/b/EBgTG1eooJoVWubmZmuWzRo8Wrt0ZPXiGUIrXeLi4t+9D0j/8sSZS0K5QreO7fb99fcbbVK9Mu4lenRuL9T691mtU4oXr97+OGRi8aJuR3dvNDNT/4l8iWJFls6Z/Mu8ldoOrpW1njvnTx+ntmnluq0abzfgI06LMIXGqVShjJTpKpUvI3TeYWiYhv1XcyIuLn7mot//uXEn96aQyWTf9Ryqh5gzV+0/csqjbze1TUXdCg/36ENCoxPPX76dseC3ecvWjx/+U+9uHYTeFOXKlgrzNmRAKGLouBnePo+FWn2uHZc4Tu1mnXRXFAAAAAAAAIC8gjMIdebFq7dqr5ubm2VMvO54PxQaoU6NKq2bN5I+Y+tmX4vsL3fnv0cZvzzy9wWhYwjlcvmGlXOlzyuTyTasmCP0iblKpTry93mtRnv3/mOfIRPT8q2JMxaL9GzXumnXH77RanBtiazwi41LkDKCoR6xTCb78PGTQqF+t9jqVSqqDbAzmfPLGKGmW/ceaLw9246fuZTb6eCXITgkLDxCMOMc+lOvnJwqikySk5OXr92ydZfgPqKlS6rfXFo/6tWuJvTzwdNrv0g6KH1j0rR1gQAAAAAAAAC+PASEOuPoYC/UVMT1/39kv2n7XpFBFs+aULtGFSnT1apeefHsiSIdNm37n4mSk5MfPXku1NmtsPPqxdNNTDR/P5iYmPy26Fc3VxehDo/9XiYmJmkcJ11gUHCPgWOUSmXal9dveYsvgZoxaWT5su7Sx9c/Qz3iNB8+ql9EKJfLF80SGy1txkrl1S80VKlUV/+9K3571lve+gdk/C8lRXB7zz7dvheaGpkcO3VBqMnERL7Tc0Xxom76rSg/8Vw9f/HsSRYC++iqdeuuj1BTfEKijurSJY2nAErcmNTb5zELUgEAAAAAAIAvFQGhbhR2capWuYJQ6+eQsPQ/v3n34ead+0I9LSwstq9fsnj2JJGszsTEZNGsiV4bllpYWAj1ue394NVb/0wXp81ZLrSIUCaTtWjS4MrJXeLZVa3qla+c3NWyaUOhDiqV6pe5K0RGyKpLv1Gpqf+z6M3Ta7/IS2RiIvfasNTaylKrWfTJgI847brQLdWrVJg4ykOotVL5MmuXzRJq/Rwcmh7iSrTuj11d+4/K+F/91t3u+fiq7SyXyzevni8losaGrbvj4gUXszo52J/Yt3n8iIHigwht5Ptlq1i+dP26Ndu3aXb9zN5+PTuamKhfBp1Jry7fCTWJ/NaFHqjN+XSY6nnuIB0EAAAAAAAAvlh8HK8D9evUOPznOqGD4hQKRXJycsYr0xf8plQKBnUymax9m2ZXTu4a0LtLGfcSGa+XcS8xoHeXKyd3fde2ucjtSqXq13mrsl7/HBJ29tJ1kRttCxXcvn7J6sXTWzZtmDGBs7aybNm04W+LfvXasNS2UEGRES7+czMwKFikQyZR0bGZXpw0Y6bN/yQ8jo211Y6Ny6TPon+GesQymWzz9n0iMXD/Xp3PHN6Waa2etZXlrxOG7d36m9qjE9PsPnhCpB7pxk5bkJCoftGVnW2hJXMm6WSWL5tSqVq5bptIB7lc/lOfLuePePXt0THTN5iNjXXzxl/N/WXs0d0bc7/SPGfauJ/T/mBhYTFp9ODbFw6vmD9NZOmqmZnpwpkTvmnVRG2rSqXKdAionqndKVRjqieyMWlG3j6PRTYpBQAAAAAAAJDfqc+0kG76xOFqr5uYmDg7OTo72ZcsXlQkVpHJZB8/fc50JSo6ZuX6rVPHDhW5y7ZQwQkjB04YOVCpVCUlJyUkJNnb2Upc77Jm85+RUdFqm+YuXdegbk1HBzuR21s0adCiSQOZTJaYmJSSmmpuZmZpWUDKvFHRsbOXrJHSM12qQv2ek0qlqs+QiWcPbxOaunxZ9xmTRixatUmr6fTGgI84Kjrmxu3/mn5dT+het8LO+7atVipVMbGxSUnJ9va2GrdbjE9I3HNINwFhYmLS5FnLNqyYo7b1m5ZNjp++JLL+Ms+ytrL8759jWt3yIzxi+gAAIABJREFUxO/FgBFTszfdsVMXundqV7VSeZE+Ls6Ok8cMTsuxomNik5NT7O1shX6PwRg42NvVql454xVzc7M2LRq1adEoNVXxPiDw+au3wSFhIaHhMpnM0cGuWpUKNapUFPnp91zg3Fm98fTaP8yjd6Yrukr1WD4IAAAAAAAAfNmM98NiiXp0bp/DEVZv3JH14r7Df5cpVaJ7p2813m5iIreytLSylLqj5vHTl3buPyrUmpyc3GfIhJP7NovsXZnO0rKApUxSNCiTyZJTUnoPHq/V6YPioqJjBo+dvmvzSqHMrHunb719fM9dvqGrGXXLUI9YJpMtXLnx9MEtpqZie0iamMjtbAtJnHGd506JPaW4eef+hSv/tm3ZWG3rqgW/tOzYX4ffSHojMdxNZ2NjnZPpBo6cdubQNmcnB4095XItnvUXbMrYIXK5+mdkZmZaxr1EptWWGi35zVNHpWXTZq992dhNVMoBhDoMGgEAAAAAAADkTWwxmruCgkP/uXFHbdOiVZtu3vXR7XT3fHznLl0r3ic4JMxj9K+Zjv3LIYVCMXTszKDPITocUyaTPX32asGKDSIdFs2aWKJYEd1OqkMGfMS/zle/AWk2XP333v4jp3Q1Wppf5q2Mio5V22RpWWD98tm6ne6LlJqq6DFwrMhhhNlTVfgs1XzNzMy0bQv1mXT2PHv55tGTZzocUG+k7C+qq1MMAQAAAAAAAORZBIS5KDIqupfHOJEOoybP3b77sMiJcVrZffDEz+NmSun59NmrTj8ODwuP0Mm8kVHRXfqNyqXPyo+dunD07wtCraamprs8V2jcIdOADPWIL1z59899YqsMJfL/EDhxxqKcj5OJUqkcPWWu0MtSt1a1zh3a6HzSL09kVHS7boNevvHX4ZhnLvyjw9Hyjkrly5iZia2p1UpgUPBPI6bpajR9kpIOenrt10stAAAAAAAAAAyJgDC3BAQG/dB7WHSM+mVS6db9sWv4hNkJiYk5mSs5OXnM1Pmr1m+TfktgUPA3XQddv+Wdk3llMtnd/x627TLww8dPORxHxPzl6/1evBZqtbMttGXtwtybPecM9Yh/37Rj3rJ1SmX2s8lLV2927jsiJyOIeOz38tCxM0KtMyaNdHKwz415vzBxcfE9B449ePR0zkPox34v23T6aeai33VUWt7y2O/lTyOmBYeE5Xyot/4BXfqOTE5O1kVd+qZxf1Fvn8csHwQAAAAAAACMAQGh7oVFRM5ZsvaH3sNi4+Kl9L97/1GTb3tv2r43GxlScnLy9t2Hv/6m143b/2l7r1KpHDttQbcBo32fvtD23rQd9voMnjBswmzd7laq1sCRv0RFxwi11qhaaeywAbldQ04Y6hEfO3Wxx8Ax2VhhFhUdO2fJ2smzlml7o1aWrPYUCmzMzEy3rNX9ysUv1ZLVnu27D7551ycbMaFKpfJ9+mL4xNn9h00Oi4jMnQLzhEdPnrXrNmjRqk3+HwKzN0JycvLi3zZ37T8qOSVF19XlFZ47SAcBAAAAAAAAo2Bm6ALyhODQ7C8rUSpVCoUiOjY24GOQ79MX+w6fDAwKzsYgf+w4sHXnwV5dO7Rv07xi+dLi22ampKS+eut/9uL13QePK5XKbBcvk8nevPswYPiUMu4lBvXt1qBeLWcnB/H+YRGR3j6PvfYcfv7yrfRZIiOjc1JkcnJy36GTju3ZJLRJ4MAfu27ctkcnUeXnkNCcD5KVoR7xm3cfeg4cW7F86SljhlStVN7SsoBIZ4VCERD4eduuQyfPXpY4fkJikkqlksvlWZukrNb6efzMI7s2mpioub10qeI1qlbKxta1Im9nhSKn3yE5/E7WdljpifLnkLBRk+c6OzkM8+jTqH7tIq4uah9KupSU1I+fgq5cv7Nt9+E4Tb/KkJiYaGNtlfV6UpIWq+hSU3MaqkUIv/hBwVLftoePnz18/KyTg/2Qn3p+/VXtom6Fzc01/DuoUChevvE/ff7qgSOn8nU0WK92NfEtRr19Hnv7PNZjRQAAAAAAAAAMRl6raUdD1wA1KlcsW69WdTdXZxcnx4IFrZUKZWJSUkho+KfPoQ98/XLpwD+ZTGZpWaB1s69LFCviWti5sLNjSmqqubl5aFj455CwgI9Bl67d0pglQCKDPOKiboXbtGhcvKirg72dvZ2tmZlpVHRsRGRkSFjErbs+Po+e5sak0D8zM9PmjRuULV2isLOTi7OjnW2hpOTkiMjosPCIT0HBV/+9l6vbAucvbq4uzRt9VbRIYQd7O0d7u1SFwtraKjw8MiQs4nNwyOu3H27d8zF0jbpRr3a1LWvEFuYOHTeDgBAAAAAAAAAwEgSEAAB8+basWSSygtDTaz+nDwIAAAAAAADGgzMIAQD48onvL0o6CAAAAAAAABgVAkIAAL5w4umgp9d+PdYCAAAAAAAAwPAICAEA+MLVq1VdqMnb5zHLBwEAAAAAAABjQ0AIAMAXbrPXPm+fx1mve3rtHzpuhiEqAgAAAAAAAGBI8lpNOxq6BgAAAAAAAAAAAAB6wgpCAAAAAAAAAAAAwIgQEAIAAAAAAAAAAABGhIAQAAAAAAAAAAAAMCIEhAAAAAAAAAAAAIARISAEAAAAAAAAAAAAjAgBIQAAAAAAAAAAAGBECAgBAAAAAAAAAAAAI0JACAAAAAAAAAAAABgRAkIAAAAAAAAAAADAiBAQAgAAAAAAAAAAAEaEgBAAAAAAAAAAAAAwIgSEAAAAAAAAAAAAgBEhIAQAAAAAAAAAAACMCAEhAAAAAAAAAAAAYEQICAEAAAAAAAAAAAAjQkAIAAAAAAAAAAAAGBECQgAAAAAAAAAAAMCIEBACAAAAAAAAAAAARoSAEAAAAAAAAAAAADAiBIQAAAAAAAAAAACAESEgBAAAAAAAAAAAAIwIASEAAAAAAAAAAABgRAgIAQAAAAAAAAAAACNCQAgAAAAAAAAAAAAYEQJCAAAAAAAAAAAAwIgQEAIAAAAAAAAAAABGhIAQAAAAAAAAAAAAMCIEhAAAAAAAAAAAAIARISAEAAAAAAAAAAAAjAgBIQAAAAAAAAAAAGBECAgBAAAAAAAAAAAAI0JACAAAAAAAAAAAABgRAkIAAAAAAAAAAADAiBAQAgAAAAAAAAAAAEaEgBAAAAAAAAAAAAAwIgSEAAAAAAAAAAAAgBEhIAQAAAAAAAAAAACMCAEhAAAAAAAAAAAAYETkKpXK0DUAAAAAAAAAAAAA0BNWEAIAAAAAAAAAAABGhIAQAAAAAAAAAAAAMCIEhAAAAAAAAAAAAIARISAEAAAAAAAAAAAAjAgBIQAAAAAAAAAAAGBECAgBAAAAAAAAAAAAI0JACAAAAAAAAAAAABgRAkIAAAAAAAAAAADAiBAQAgAAAAAAAAAAAEaEgBAAAAAAAAAAAAAwIgSEAAAAAAAAAAAAgBEhIAQAAAAAAAAAAACMCAEhAAAAAAAAAAAAYEQICAEAAAAAAAAAAAAjQkAIAAAAAAAAAAAAGBECQgAAAAAAAAAAAMCIEBACAAAAAAAAAAAARoSAEAAAAAAAAAAAADAiBIQAAAAAAAAAAACAESEgBAAAAAAAAAAAAIwIASEAAAAAAAAAAABgRAgIAQAAAAAAAAAAACNCQAgAAAAAAAAAAAAYEQJCAAAAAAAAAAAAwIgQEAIAAAAAAAAAAABGhIAQAAAAAAAAAAAAMCIEhAAAAAAAAAAAAIARISAEAAAAAAAAAAAAjAgBIQAAAAAAAAAAAGBECAgBAAAAAAAAAAAAI0JACAAAAAAAAAAAABgRAkIAAAAAAAAAAADAiBAQAgAAAAAAAAAAAEaEgBAAAAAAAAAAAAAwIgSEAAAAAAAAAAAAgBEhIAQAAAAAAAAAAACMCAEhAAAAAAAAAAAAYEQICAEAAAAAAAAAAAAjQkAIAAAAAAAAAAAAGBECQgAAAAAAAAAAAMCIEBACAAAAAAAAAAAARsTM0AUAAAAAAJDPJCYmHTx22ueR36s3/gGBQWXcS5QrXap5k/rftm5mYiI3dHXQn8d+L4/+ff7lG/83b98XKGBRrnSpiuVL/9j9BzdXF0OXBgAAAIiRq1QqQ9cAAAAAAEC+4fPo6a/zVn4OCcvaVLVS+WXzphQr4mqIuqBXqamKZWv+OHz8rNrWiaM8+vfqrPeiAAAAAKkICAEAAAAAkOpTUHCPgWPj4hOEOlSuUHbHxqUWFhb6rQv6tn7L7m27Dol0WLlgWuvmjfRYEQAAAKAFziAEAAAAAECq1Zt2iKSDMpnM78Xro6cu6rEiGMDLN/7i6aBMJpuzZK1SqdRXRQAAAIB2CAgBAAC+WCkpqaFhER8/fY6JjWPfCADIOaVSefPOfY3dfJ8810s5MJiHj59p7BMXn/A+4JNeygEAAAC0ZmboAgAAAKAbcfEJ9x8+ufvfw2cv34SEhoeGRWRa4+Lq4lS4sLOLk0O5MqWaNKhbtXJ5ExN+XQzIN16+8X/x8k327pWbmNjbFnKwt7O3K2Rvb2tlaanr6ozFp88h4ssH0/i9eK2XcmAwoWHhUrq9ex/gXrJY7pcDAAAAaI2AEAAAIH+Ljok9fvritZv3vH0ei/f8HBL2OSRMJpNdvnb7jx0HbKyt2rZs0qJJ/QZ1a1paFtBXvQCy6dbd+6s37tDVaLWqV27V7OumX9d1L1lcV2MaA2srSdmqbaGCuV8LDEliym5tbZX7tQAAAADZQUAIAACQX0VFx+z7629Pr/3Zuz0uPuHYqQvHTl1wdXGaNHpwmxaN5HK5rmsEkEc98PV74Ov324btxYu6fdOqSe+uHVycHQ1dVD7gYG/n6GAXHhEl3q16lYr6qgiG4exoL6VbxXJlcr8WAAAAIDsICAEAAPKfpKTkbbsPb/nzgE5G+xwSNnXO8lrVK08ZM6RKpXI6GTNf+xQUvGHbXqFWczOzscP6O9jb6bcoILcEBAZt3334wJFTY4cN6NaxnampqaEryuvat2m+59AJ8T7NG3+lr3LUu3XP59T5q0KtboWdRwzqY4TPesGKDUnJKUKtvbp8V71KBYlD1a1VTWOferWr2dmylhQAAAB5FAEhAABAPvPx0+cps5bp/ICrB75+fX+e1LdHx4mjPIz8bMKY2LhT566IdGhYr2a71k31WBGQ6+LiE5as9jx26uKsKaMqVyxr6HLytFFD+9647e3/IVCoQ+9u30tJj3LV+4BP4j/HenRu7+ripMeK8oQjJ8+LtFpZFpAeELq5usz7deycJWtF+syZNkbLAgEAAAD9MeqPfgAAAPKd67e8e3mM03k6mG7PoROzF69RKBS5ND6AvMzvxesfh068//CJoQvJ06wsLTetmie0RvDngb0mjPhJ70XBADq2bz176mgbdacMli/rvvuPlcWLuhmiLgAAAEASVhACAADkG3sPn1yxdmtuz3Lq/D+JScmLZ0+0MDfP7bkA5EFjpy34c9PysqVLGrqQvKuIW+Hfl8y8+9/Dh0+ev333wcTU1MqyQOlSxRvVr+Nespihq4P+dPm+bcumDS5evfXOPyAyOiY5Odm9RLHyZd1bNWtohDu4AgAAIH8hIAQAAMgfLl29qYd0MH2uyTOTf18yw8j3GgWMU1x8ws/jZ+7burqw8W1BqZX6dWvWr1vT0FXAwOztbLt3bGfoKgAAAACt8YkPAABAPuD79MXkWcv0OWN4RJRKpdLnjADyjvCIqHnL1hm6CgAAAABAbmEFIQAAQF73KSh4xMTZWt1iY23VomnD6lUq2NvZ2tsWSkxKCgmLCA4OvXH7PynnF9avU+O3xdPZHg3Idzp3aJv1Ykpq6sfAoPcBgeERUdKHunnX5+Xrd+XLuuu0QAAAAABAnkBACAAAkNet3rQjLj5BYudWzRoO7NO1auXyancHHTmk7/uAwPOX/92x9y+hMVs1a7hk9iQLC4uMF5VKpUKhFJnXzMxULpdLqVB8KFNTE233NVUqVR8/BUVGRkdGx0RHx0RExaSkpDg62Ls4Obg4Ozo5Otjb2ZqYSKrNUOLiE0JCw0PDIoJDw0LDwuVyeWFnJxdnRxdnR2cnBytLy2yPrFAolEr1K0HlcrmZWeYMODklJTg4LDgsPDg4NDg0zNTUtKhb4SJuhYu6FbYtVFD6vKmpis8hoZ+DQz99DlEoFPEJic6OaY/DvlgRV4nfKtpKTEwKCQsPDgn7HBIWEhpuamrq6vJ/X0YXJ4dM39LSpaYqhFbTmpjIs+boKpUqPDIqPDwyJDQ8JCwiPCKyX89O5ub6+H9eY4cN8OjbTaRDckqK//uPf+4/durcFSkD7j3895xpo7NXTC49DnEKhSIsPDI4NDw4JCw4NCwhIdHRwb6wi6Ozo0NhF2c728zfw9q+QdIplapURapQq6mJiba/YJGckvIh4FNUTGxUVHRUdGxUdIxcLnN2+r8vl5OjQ6GCNloNqHP6eSMEh4QFBAbFxMbFxMTFxsXFJyRaWhYoaGNdqKCNnZ1tudIltfpBpAcpKakqmeBqe3Mzs2z/uFMoFOERUaFhEcGh4SFh4dHRMXa2hQqnvYmcHBzs7bK9B7hKpUpNVQi1mpqaZv0XMykpOTg0LCQ0PCQ0PCY2TiaXW1kWcHF2dHZ0KFbEtUCBXHk7AwAAILcREAIAAORpDx8/u3DlXyk9K1coO3PyyCqVyol3K1m86JABPTp913r1Rq8zF69lau3coc3MySOzftR78uyVuUvXigx7dPdG95LFpNS576+/V67bJtTq6uJ0dM9GKZFYWHjEnf8e3fF+eOnqTY0BqquLU4niRWrXqNqwXs3qVSpm+pBaoVA8fPI8/Uu/56/ER7vt/dBF3dls5qam1atW1Fh5uhev3p6+cPXk2cvi67ocHew6d2j7XdvmZUuXlD54mjlL14lEQZ6/L6hfp0ban/2evz5x5tLJs5eFXkwba6v+vTr36Nze0cFOaMDklJTLV2/tPnjiybOXQn1cXZy6/tDum1aN3UsW1/Jvo17Q55BT5/85dupiQGCQSLfqVSt26dC2dfOvtQ0Y2nXzEHpANtZWJ/Z5pr8gQZ9Dzly8duTk+UyV9OzynX4CQo0szM3Ll3VfOGP8oL7dVq3fdvOuj3j/Y6cujB7a18nRQfoUuf041FIqld4+vn+f++fk2csi3erVrtapfZuWTRvY2FinXZH+Bslk6Njp9x89Fbqxc4e2EoPVt/4Bd+8/unX3/tV/72nsXKpE0ZLFi9avW7NB3RrlypTKlDxFRce8fvch/ctbd++Lj+bt41vErXDW6w52tqVLqXlv5tIbQaVS+T1//e/d+0/8Xvg+faFxkWupEkVr16jyTasmDerWlJKQ+b14nZCYpLFbmus3791v21xtU5UKZS0tC2S6ePf+o2HjZ4kMeOrglqLqXmQR8QmJV67fPnH60t37j8R7Nm5Y94dvWzVv9FXWwsT5fwjs0m+kUGudGlW2rV+S9meFQuHt8/jkuSviv1LQsX3rb9s0/ap2DZFMHQAAAHlQnvi/qQAAAFBLpVKt2rBdSs8O37SYOXmk9E8JXZwdF8+e1KrZ11Nm//+jDfv36jxh5MBcWt0l0eeQsPj4BPGA8HNI2Pbdhw8ePa3VsJ9Dwrx9Hm/584BMJuv6wzf9enZK/xB898ETv2/aIX20Y6cuHDt1Iet1G2urG2f3a7w9Lj7h5NnLR06ef/n6nZTpwiOitu8+vH334coVynb5vu3337bMyZrCjN4HfKpfp8Zjv5fzl6/XWExcfMJmr32bvfb17tqhf+/OmT71joyKPnz83L6/Tmr8fP9zSNim7Xs3bd/bvPFXs6eOEYkbxalUqsvXbh05eV5jypXG98lz3yfP5y9f375Nsz7df6hepUL25s0oLj4hIjLK0cEu4GPQktWbJVaSF5RxL7FiwS8/Dpng/yFQvOeN2/c7fdda44CGehyJiUk79x87cPSUlN1TvX0ee/s8lslkg/v3GDGoj8ZFfmlvELVNz1+9zV7B6Z48e7lx6x6tvmf8PwT6fwi8fss77fcGenft0KNze3s727TWGQtX/3v7P+mjzVy4Wu31dq2bLp0zWfo42X4jBAQGnT5/9eTZy+JZciZpL8KxUxddXZz69+7cq0sHkVDK98nzASOmSh/8c0jY4NG/qm36a+f6Mu4lMl18r+ntoxXfJ8+P/K3+Hxe1/r39X9oT79axXdfvv9H460ESpX9vHz99aa3nn1LeWSfOXDpx5pKjg93iWZMa1KupkzIAAACgBwSEAAAAedeV63d8M6xsE9K7a4ep44ZmI9hr06LR5t/mD584WyaTjfm5/6B+3bNbqZ6oVKrtuw+v37I7h+McOXn+yMnz3Tq2mzl5ZNqn2zoqUDPfJ8+nL/hNqw/E0/m9eO332+s9h04smT25csWyOqhGpTpw9PTS1Z5a3bT/yKmTZy97bViafjrdi1dvR0yao9X5djKZ7Oq/93oMHJO9D5TDI6LmLl2blpRo68zFa2cuXhsx6MfB/bvr5KDNW/d8psxaps/vIp2wtrJcPm9qr0HjxbsFBn3WOJShHsezl29+mbtCY8aZ1bZdh3wePlk6d4q2N+pEXHzCghUbzl26npNBwiOiNm7bu3Hb3nm/ju3YvrVMJouOidVdjdkh/Y0QGRW9bdeh3QdP5GS6zyFhK9dtO3Xun3nTx5UvU0ptn/iExJxMoTfJycnrt+zedeB49m7/68S5v06c8+jbbfigPhbm5jmvJzYufvGqTVn3GBAXHhE1fOLs/r06jx7aN5f2EAYAAIBuZXPPegAAAOiB+HZ5aerXqTFp9OBsL/trUK/mzs0rVsyflvfTwaSk5FmLfs95OphOz2slFQrFlj8PDBgxNXvpYDr/D4E/Dp3otecvhULwECmJFq3apG06mCYuPsFj1C+v3vqn5Xy9Bo3XNh1Mk/aB8sV/bmp1193/HvYYOCZ7cVS6Tdv3Dhk74+MnzemXOK+9R0ZOmpvv0sE0FcqVTsuWRHz8FCzewSCPQ6lU/rnvaJ/BmldACrn/6GmXfiMf+vpl7/ZsCwoO9Rj1Sw7TwYwK5I0kRvob4dyl69/3+jmH6WA6vxevew4ce+2m5g1a86xXb/37DJmY7XQwndeevwaOmPbWPyCH48TFJ/QZPEHbdDDdrgPHRk2Zl/N/ngAAAKAHBIQAAAB5VGJi0j837oj3sbG2WjJncg5P/alepUKbFo1yMoIeKBSKSbOWnjr/jw7H7N+rkw5HExcXnzBk7IyN2/bqasC1njt/HjczIdFg62Pi4hMGjpi2ZLXn+F8X5nCouUvXSk+GvPb8NWzC7OzlkZk88PXr5TFO4kavQsSP5sr7KpYvLd7ho2iebajHsWLtVq22BVYrLj4hh2m9tsLCI/oOnZjDb7mMXF2c8shPb+lvhA8fg3QeqI/7ZaGU1fZ50LlL13v8NPZNhsMjc8Lvxeuu/Udduqrdr1xklcP3hbfPY08vzbttAwAAwOAICAEAAPKou/cfaewz8Mdu2T7CLX85e+m6VsdrafRNyyYlixfV4YAilErV7MW/P9D1WqX7j57OXbJOpVLpdljp4uITtDoJUmScX+evSk3VvOLk8rXbaz135nzGjFOPmTo/KtrAezMaULnSJcU7vA8QXKJnqMdx9O8L+4+c0uG8erN+yx6dhKnphgzoqZNtcvWpZ5f2NtZWOh92xKQ5UdExOh82V/k+ef7LvJU6H3byrGVPn73S+bBa2bLz4M079w1bAwAAADQiIAQAAMijNO6ZZmNt1adbB32VY0jJycnrdJpDyGSygT921e2AIv74c//la7dzY+TzV25s3304N0bWM98nz89d0rCj3Vv/gEkzl+h86s8hYTMW/qZUKnU+cr5QoEAB8Q5JSclqrxvqcTzw9Zu/fL3O59WDN+8+HDt1QYcD2lhbfd+upQ4H1A/bQgUH9++h82Hj4hN27j+m82FzT3BI2Pjpi3Jp8DHT5oeFR+TS4BLNX75eqTTY768AAABACgJCAACAPMrbx1e8Q9uWTWxsrPVVjiGdvXT9c0iYxm6ODna1qldu1azhNy2b1KpeWWRtZcN6tSpXLKvrMtW7+M/NXN1sbf2W3Vf/zcfnb6U7feGqSGtsXPwEyR+m16peuX2bZt+0bFK9akUp/f+9/d+WPw9KHPwLo/HEsqJFXLNeNNTjSExMyo1UUj927D0ipVvxom7169T4pmWTVs0aVq5QVmSx3eD+PSwtNeS7eVPPLt/lxiLC7bsPGzwVkygxMWnijCW6XU6aUXhE1ORZy5JTUnJpfCk+h4Q9fKzvMz4BAACgFTNDFwAAAAD1/D8I7uyXpnGDOvqqxcD8nr8W79CiSYOBP3atXqWiiYk843WFQhEaHvn46fMrN+7+c/12+sFXHv26Zewml8t0wrWwc6YriYlJc5eulXh7q2YN69Ss6uriLJPJgoJDvX0eSUz+5i9fd/bwdnNzHfxvextrK/eSxZVKpd8LDa+5xnFKFi9qYmLy5NlLibfcvOsTGhbh7OSgtnXXgWMa3xGlShQd1K97mxaNra0s0y9Gx8SevXjNc8d+8c/iN3vt69P9e9tCBSVWqxVTk7z7e5kvXr8V76B2J15DPY5zl29Iz1SaN/6qXu0ari5OFhYWEZFR7wMCT5//R8qvGuSSR0+eiXfw6NutY/vW7iWLZbqemJgUHBp2777vlRt3Mu603K1ju4zddPVt5iLwHsy59AptrK2GD/px1fptmTrUr1OjXu1qNatVKuzibGdbUKFQBoeEfQoOefrslcSl0leu3+ne6dtcqF1mZ6vLHw6Hjp+V+LPR1cXp+29blSxexM62UGRUjP+Hj8dPX5TyLnjg63fi9CVdvRppP9ILFLB4+fqd9CMkT1+4WrtGFZ0UAAAAgNxAQAgAAJAXJSQmauxTt1ZVvdRieK/e+ou0tm/TbOHMCSbqPhw3NTV1dXFybd6odfNGcfEJh4+f3fLnAfeSxevXqZGx24hBP452k2+iAAAgAElEQVQY9GP6ly9eve01aLzIjEvnTG7XuqmUys9fuSHls9RuHdv9/FOvwi5OGS/269kx6HPIxm17T569LH57eETUPzfutG3ZWEpJQhrVrz2gd5ev6tRIC1mVSuXrdx8Wr9qk7dGJdWpUGdi3W6P6tdOORlMqVf4fPi5d7SnlTM1L12716vJd1uvJKSl7Dp4Qv7dd66azp47OmEWlsS1UsGeX79q2bDx9/m+3vR+IjHDm4jW1s2vFxtqqXeum7iWLu5csVryom0qlMjMzzbPLvCKjos9dui7ep0Qxt0xXDPU4VCrVnkMa5k0zqF/3/r062dvZZro+5uf+Po+ezl++XmO6qXMpKanik86YNEIoy7G0LFCyeNGSxYt269juU1Dwjn1HDx497dG3W6YA1WvD0oxfHjh6eulqT5EZz/613fV/f+bokMY3QveO7bz2HE4Pun74ttXQn3qWKFYk0zjOTg5VKpVr3ezrH7t/v3XnIY1nT972fpjxZWxQr6bPteMZO9Ru1knk9u6dvp0xaYQ2f9HsUCgUew4e19jN0cFuzrQxTRrWzfSv26ghfa/+e2/24t81/uOy++Dxbh3byXP2KzDt2zTr+kO7OjWrpJcRFhF55OT5jVv3aLz3zIWrk0cPLlDAIicFAAAAIPcQEAIAAORFUtYHONgLbqH5hXnz7oNIa+vmX6tNBzOxsbb6qU+Xnl3aJyQk6bQ6QSqVaremHEUmk837dWzH9q3VNrm5usyfPq5GtUqLVm4UH2Tv4ZM5CQhHDuk7uF+PjOsvTUxMypcptXXtog1b93jt+UviOP17dR43fEBaNPj/xpGXLlV802/ztu06tHHbXvHbnz57pfb6lWu3xT8Kb9280ZLZk0Q+B3ewt1u3fPbQcTNE8s59h0/27Nw+Jx+m//Btq3HDBzg55tYCLN1SqVRzl67V+KOmiKtLpiuGehw+vn4vX78Tr9bG2mrTqnlCe5nK5fI6Nase2L5m6e9/6PY4QI2CgkPEO7Rt2UTKOEXcCv86Ydiwgb2trPJo6izxjWBpWeDngb2XrvZs17rpsIG9S5cqLj6mk6PDtPE/x8TFnzp3RaTb7Xs+CoUi44+gPOj6LW+NK1lrVa+8csE0ta+hqalpq2YNq1XeMHHGEvFliP4fAu/df1S/bs1sl7pi/rQ2LRpluujkYD90QM+mX9cb/8tC8b9IXHzC+4DA8mXds10AAAAAclXe3esGAADAmGn81D73Vn7kO5eu3lIqlRI7W1laipxNqFs+j55qzDPGjxgolA6m696x3TCP3uJ9Hvj6PXv5RvsaZWmLZoYO6Jlpd9Y0pqamo4b0LVVCzSaTWbVt2XjiKA+1H82bmJgMGdCzcgUN5z6GhoWrvS6+bMjRwW7WlFEagz0zM9NFsyaKnHzm/yHQR8vlkhn9sWbh/Onj8ks6mJKS+seOA1L2sK1bq1qmK4Z6HOLJUJq1y2ZpPOnw/7B312FRNHEcwBdQiROQEkRQBBEQC2wBEQslFAywFbu7C7u7W1+7CxNQDBBpJAVBUZQUFOQApd4/Fve99+7Y2wsE5Pt53ud9lr3Z2dmaO+e3MyMrW2/lwmndOpkJzE2CBJ4Qz6cCunJyUlVRlpfj7p1ZTTB/EAY59H147cQW94UCo4OUxbMn0lfg7PyCKhxFliGBHWFVVZT3bF5Bfw4baqjt2bxC4FSOV249EKmMBPk08UYHKcaG+ovnTBaYSeXNswgAAAAA4kOAEAAAAKA6+vnzF32CajtoYWXgOwsa5aH3i1GTF1687pGW8fUPFkqwR4IGb+xg1mq0qxOTrCaNcTE1NqRP4+XjJ0zpyqmqKM+dOpYmgYyMzLQJI5lktXTuFJpPpaSkZkwUkA/fK5ialkE/zOmYYc4MpwfT1mo4yLEvTQJf/2Am+fCaPnFkR7PWom37h5WUlNz3fOY4bPKR05cEJrbo0t6gWRPONVV4OZI+fqbPcPI4V/O2jAZelpGRWb9iHpOUkqIuKGC2adeRucs2PPB6nsfO/1OFkjyhHoS6deto8fRPpaekWN+ujzV9mtwfeULl+YdlZGYFh0XRp9myZpGykqLArNTVVDaumk+f5umL12yR7qjBA2ytunagT2Nj1VlgPP5r9jcR9g4AAAAAfwaGGAUAAACojgS2sH/NqkWNbg3VBXSXjI1PjI1P3L7vhKGBnrGhvkGzJs2a6jRrqtO4kRbfjnF/RvLnVPoEo12dGBZPRkZm+BCHlRt206T5/CVNyAISBEHY9bFmsRTo0/S27iowH3tbG4FdMy26tGcpyNOMTpnOL0CYkpZBn61tT0ZjM5IcbG3OXalw9i+B++Krqa722OHOImwocXceeOtoc08ZSM7iKVuvXmp65ucvafGJH5j36Rntwj1hWxVejqTkL/S5DXa0Zb5rVRVlJ/s+f2ygUTk5WfqbnyCI535BZJ9O8zYtmxvo6evpNmuqo99UV12tZnRL/TMPgkGzpvQJcnN/VHYZxCHwCTI00GMeZLXq2lFTQ42+02RqRmZzQSeNl+sge4FppKSkXJ36R0bH0aTJQoAQAAAAoBpDgBAAAACgOhI4vyA7v6D6z7QkKd27dfD08WWS8l1iEueoniwFeVNjQ1MTQ5MWBt06mQmMhEnWh490UyeyFOS7dhRikMMelp3pEyR/ERCP5MvaQkC2ZHhSR1vrcwpdALKnVRcmu9Nv1oSmNZmdX1BUVFy37v/+kSKwY+jspRuY7JoJ0QKE86a71atbV1JlEMfH5JTF7tsklZu+nm6n9m24VlbV5fhVVEQf1+zSoV1DIQde7tfL6k/ORNjHxuL2fW8mKUMjYkIjYqg/VVWU25gamxobtm7ZooNZq2pb7YvzIOT+yAuLiH2XmJT740dObl5Obm5Obh7fnvSx8YmCsmKLVoY/Q2AlM3iAEHFuaWmpwQP7HTpxgSZNevpXYQOETXW1DfUZbaLdSJM+wdes70LtGgAAAAD+JAQIAQAAAKojlQZKAtMkffrCNfrf36qndVfW7qP0nW/4YucXBIZGBIZGkH8OGdjPyb63wLE6JaKkpIS+V0dH8zZckTB6LAX5dq1NaEZ3/PQ5RcgyEmQQiEmyJjqN6AOEDPPR1mpI392kuIQ7QJialkmfp8CJHpn7QnuMFWlhoCepAlQrfKcSrKrLkSFoYjldnUbC5q/dqKFI5RKRk30fhgFCLtnfcp75BjzzDSCDha7O9o79bBpp/dHCMyHCg5CV/e3GXc8Xr4Ki376TVDFKSkoklVVlSBUUIGzbylioDAWmTxV+8O0OjLswajVUp09QVFws7N4BAAAA4I/BHIQAAAAA1ZGMjAxLQZ4+zevg8D9VnComLye3dc0i8fO5fufRqMkLR0ycL1pnO6EIjGcIbFflpUm7CTu/QIS5phhOFydwqjAmIW0yQMisXP9JTRelV59osr/l/CoqEnYr+utSQ+3dsrJdaxPe9VV1OQTOzKekyOhO5lT/z3YpbtvKeIrbMDEzyf6Wc/jURTuXSUvctxcUFkqoaJIh1IPw8+evA8fP93Yad/jURQlGB6s/gT0IBU5XKWz6lNR0oTIkCEJNtQHDlMJ22wUAAACAagUBQgAAAIBqSl9Q78AXfkF/qiySlF8gSqO2RZf2h3aukUgBYuMTx01fkvTps0Ryq0jOjzz6BErMInOclJUUxdwpF5aCPMPhCuXl5OgTKNZndDhysrLMivYf5hPmSUROjnATmOnr6UpL/23/qtq4an73bh35flRVl0NV0KjLIkx19oePhSCIqW7Dp08YIZGsPH18Zy5cK0K/6koi1IOQ+TV70tyVJ89dq+RCVUcC7zolRZZQGSrWF5D+2/dcoTIkCEJVhWmAsNoOeAsAAAAATPxt/5QFAAAA+GtYV9BATwkMjYhP+PCniiPAjzym0z5lZ4s4I1HXjmZHd68TbVvuMnzLGTV5YcKHjxLJja8GygJ61H0XMhBFEMR3Qe28AnfKRVa2nrBlqIi0NPdYlJKiriZcfxoxScsI90+kZk0Zja1aU7AU5LetXWzXx7qiBFV1OQTuN+6d0JVhUvIXUcslukljXWdPGSORrEIjYmYuWsu87q1UzB8ENjt/0pwV9EMN/8UE3sk5ucK955HzQ8BXCfPugBR5OaHf5AAAAACAmggBQgAAAIBqqqIePJwOnbzwR8oiWDrjWY6yvokYICQIolP7ts/vX1g2bwrDGe9osPMLpsxdJcJ4kgxpCGoFTs8QMJcbr1TaTVgK8gryAvr51UQijEoqDoF9Jbn8Ted85NABD66d6GNjQZOmqi6HtLS0jrYWTcrY+MS3794Llfmte17ilU5EbiMHe1w6OmmMi8BxpAUKj4xdv/2ghMolFuYPwolz1z4mizJh6t9B4BOU+TVbqAyzsgR8pf7hZxYAAAAAapA6VV0AAAAAAOCvuX5TTQ21dNqp7J77Bfm9DrHo0r6yCyOw8Tc1nVG4q6Sk5FVAqDglUVKs7+Js5+Js9ybqrfczv6jYd+GRsaJllf0t54VfUO8e3cQpT0VkZGR0tLU+p6RVlCA4LOrnz1/M+/Dl/sij73Oj10RH+GLWAAJbt217WTVUV5XIvqSlpf+mgJ9QtrgvtO1lJTBZFV4O+geKIIizl25tWr2AYebxCR/8XoeIXUYR6TTWmj5x5KSxri/8g3z9gyOi494nJYuWlZePX8bMrJoyFdyPPPaZizcFJmMpyBsa6Gmoq6qpNKhT53+DWL6JjqvRvQ8FPkHB4ZEtjZszzzAoLJI+QSMtATPIAgAAAECthQAhAAAAQDUlJSXVx8bi/NW79MmWrNl+/thOvSaNRdtLSUnJhh2HE5M+7duykmaASoFjlH36zKhHyJuot5KaNKttK+O2rYzJQ/j0OTU+MenDx+T3ScmJHz4xb2r38vGrpAAhQRBNdBrRxDPY+QUv/YOZ7/3pC3/6BDqN6fpX1VxamgJat02Nm492dfpTxflrnbtyp5d1N65gDK8qvBzGLfRfB4fTJHjo/cKsTcuhTv0FZpWTm7dg5RaJlk4UdevW6dW9a6/uXQmCKCz8mZj06V3ix6RPn98nJccnfKB/O4TTi1dBQwb2q+TCSsYDr+f0CTQ11OZNd6O5Fd8lJrm4zamc0v0JAp+gmx6eY4Y5M8yttLT01j1P+jSaGuqMSwcAAAAAtQsChAAAAADVl6uzvcAAITu/YO6yDQd3rGncSFPY/IuLS1Zu3P34yUuCIMZNX3J0zwbNCrqhqKoICBBev/No6vjhaoKSXbgm4HBEICMj06ypTrOm//WfKyoqfhP19plvwEPv59nfcmi2/ZKaLsIei4qKmSRrotv4VWAYTYIzF2/aWHWWkREQkiEI4tevX+eu3KFPI3KQuJrT0RZwY1+4enfowP5ymDSLIAiCqGh+u31Hz9JvGP323anz1yePc6VPVoWXY6Bdb4GdzzbtOlJaVjZ0YH+aSTG/pKYvcd9O3xnxz5OTkzU1NjQ1NqTW5LHzXweFP33h/9D7Bf22KWkZIuyx6FdlDbBM4228gGFgD+9ax1mZ/2G/Kv+cCHyCPianvPQPturagUluXj5+9N9xTEKSAAAAAFBrYQ5CAAAAgOpLp7HWaNeBApN9TE5xdZsTHBYlVObpmVlzl28ko4NkJmOnLkr69IVvYlUVZYEZnrlwgz7BI+8XT1+8FqqQoqlbt04Hs1YLZ014fON0XxtLmpSp6Xwa1uvWrUufP8Owon3fHvQJot++O3nuOpOsDp28KLBbZD8G40PWRGqqKvRt5emZWeu2HSgrK2OeZ8KHj6ERMZIoXfUye8oYt5GD+f7n73m1qa42/eaHT12Min1Hn6YKL4dek8ZMhlPesvvojIVrQt9El5Zyl+F7Tu7lG/ccXCdHvxVwmNVBfZZC7x7dNq1e4HXrDP21y+A3a13dOgLeBk7hV/tVts8pqTSfOtn3FhgdrOhLiiH6eR8ZdoUXh8AniCCIZWt3ZGV/E5hVWnqmwBko+/fuXmuHTQYAAAAAgRAgBAAAAKjWJoweSt+gSWLnF0yas2LjzsNpDOYCLCkpuXjdo9/g8VxTcKVnZo2avODtOz49PBTrswRme/7q3fuezyr69PGTl8vW7RSYCY2NOw9Pm+8u1OxTderIDHLsS5OAb98LgQcbGPKGyd5bmfyvPxBfh09dvH7nEU2CsrKy81fv/nPpFn0+XTq0+1vnICQIYtgge/oED71f7Dt6tri4hEluXj5+Q8fOnjBzWUAwo+v4d5CTk92wcr7AZMvW7igoLKRPU4WXY7igXZNeB4dPmLXcbuiEtVsPHD19+czFmzsPnJy9ZL2N4+ite48zyaGSlJSUDB4zc8OOQ0wqaoq6mgr99JCFhT95Vyop1qfPNjxCxNlbxZH8mS5AqKaqIjCHxe7bxCmAuhrdLsIjY3N/5ImTPxMCnyB2fsGcpRszaMeYTUnLmL10g8Ahu12ZPTIAAAAAUDshQAgAAABQrSkrKU5xG84w8fU7j/oPnbh264GnL17ztnKWlZXFxiXuO3rW3mXS9n0n+ObAzi+YOGs5b28eKSmpnt27CCzAyg27F67a+j4puaSkhNppaETM8nU7l67dwfAo+EpLz7x+59Hr4PAx0xbPXrL+mW/Az5+/mGwYQBvMM2lhwLtSSVFAgDA0IsbLx49rZUFh4bvEJK6VTDqAbtx5ePWmvXwHCUz+krp0zY6dB04KzGTYYAeBaWquLh3NdLQFzLB45uLNMVMX8Q1vU5I+fV7ivp0KMEydv1pgh7m/SSsTw2njR9Cn+ZyStu+IgMFIq/BydO1kxveZ5Ss9M+v2fa8jpy/tPfLP+at3X/oHM9yw8ng/93+flHzj7uP+Qydu2nXkTdRb3m6OvIqKigNDImgSNNFpxLtSSUlAgPDwqYu8naEzv2anijRgKUMslgLNp7FxCfSbC5zCUCCVBgJ6wx8+eZFrTWlpmVAvpgjE5AmKfvtu0OgZT56/4g20FxUVP37y0mXcbN5vHC6GBnrkTL0AAAAAAHxhDkIAAACA6m7EEIfQN9HPfAMYpr993+v2fS+CIJrqamuoq7LZBXXq1iks/JmSmi6wtwEZI5wwc9m+rau4hkGz69uDyQChT56/evL8FUEQ+nq6MjIyDHcqEOfkhS/9g1/6B7MU5PvYWHRo18q4hYFek8a8M/klfvh0w+Pxpev3aLLVb9aEd2W9evU0NdTSaXtvLHbfNinRpY+NhUoD5cys7LCImJPnrv38+evJnbOysvWoZDbdu6iqKAucI8rj0VOPR0+tunYwa9OyTh2Z+izW95zcwJCI18Hh9BuSNDXULLuYM0lZQ0lLS41yHbhl91H6ZLHxicMnzDM00HOw7WHcwkBNpYGSYn12fkFO7o/ImHi/1yG853PqvFVnj2zX19OtzOJXI+NHDXnmGxAbn0iT5vLN+5Zd2tMM5lmFl0NaWnrXxmVDxs6SSK3yh5WVlZ08d43689rth9duP9TUUOvfx7p1S6OWRga8c8WVlJS8iY47fuZKeCRdb7+munzmH23SmE/UkIur25yFsya2b2cqW69eanrmk+evzl25Y9Gl/YFtq4U5MiHoNWlMM1ryq8CwW/e8nB368P30wrW7O/YLfluCnkGzJvQn8/LN+xlfs8YNH9RIq2Huj7x3iUknz19/l5h09sj21i1biLl3krS01GjXgZsFPUHs/IKFq7aqqijb97Vpoqudl8dmKch/+pxy654Xw/t/lMsAiRQYAAAAAP5WCBACAAAAVHcyMjIbV82fOGs5fbM+r4/JKR+TRZxRafaS9QFPrtfjmI3PsnN7loI883Z5gXPmMfc9J/f81btcK9n5Bbfve9++703+qa+nq6qirKRYv7S07HtObmpaBn2Ej9TSiH9vJKtuHelH/iQI4vjZq8fPXuVa+eJVUB8bC+rPenXrrl8+d8aitQJLQgU+maTksmHlfN746F9msKPt0+f+gaF0/ahI7xKTdh86wzBbcmze80d3NNJqKHYZa4A6dWQ2rpo/aPQM+mSrN++9cfZAA2WlihJU4eXQ0tQ4sN3dbcZShnlWH/6BYbxdvtIzs85cvEkusxTkm+hoqzRQYrEU8gsKv3/PTfr0mUmV26K5Hu9KLU0NHW2tzylpNBuy8wvWbt3PtdLvdUhGZlZDDTUGxyQ0vrFMTuu2HQiPjB09bKB+0ybS0lIEQeT+yHvpH3zp+j2JzBzZ0az1jbuP6dM8ffGa922YB57PJBUgJAhikKOt1zM/JjMHZ3/LOXfltgi76NbJTOA8uAAAAABQy2GIUQAAAIAaQEFebu+WlaoqAsZGk6A9m1dwRgcJgpCVrWdva/PHCsDp6q2HAtO8T0oODot6+uL1M9+A8MhYJtFBloL8wP69+H7UpWM7kUpK3Hn4hGtNt87m86aPEy03JpbOm9LBrFXl5V9N1Kkjs3XtIs1KCFpkf8uZtsBdYC/Pv0azpjpL5k6mT5P9LWfTriM0Car2crRrbeK+ZJbEd13ZOLsP8sXOL4iNT3wVGObl4+f3OiT67Tsm0UGLLu0rGnbVqlsHvusFevTkhWgbCmRjJXio6rsPnwwdO7t9D6d+g8db9htmbT9y5YbdEokOEgRh3tZUtA09Hj1lOK41E3XqyGxds7gyniCSjrbWZveFf/2LIwAAAAAgJgQIAQAAAGoGDXXVE/s2CZy4SCIO7VxjbdGJd/30CSMrr0GzIvkFhWcv36qMnGdPGVPRhFg9LDqJdqrJzjdcK0e7OlVSTw4n+z6uznaVkXM11EBZaf9298rI+WNyyo79/Gfl/Cu5ONl1Mm9Dn8bLx+/+Yx+aBFV7OZzsex/bu0HMdyZYCvL0CerISOzfy5HRcbxzu0rEnCljKvpoxGBH0fK86eEpRonotG7ZwrxNS4aJ0zOzJD6WrIa6qpM9/yFM6bHzC168CpJgSVRVlPdsWSnBDDnt2bxCSVHAJJQAAAAAAAgQAgAAANQYzZrqXDq5u5d1t0rdy8n9m7p2NOP7kbJS/e3rllTq3nndfeBdGfONmbdp6ezQt6JPZWRkZk4eLVrOvJ1vpKSkVi6c3q0T/7MqMmuLjsvmCegK9pcx1G96cLu7wLiOsFRVlCeMHirZPKszaWmptctmCzyNKzfuSUnLoElQtZejo1nrm+cOcY7oK5SRQwccEBTgVJRciOXUhRuSyorT+FFDDA34jC9K0mmsNdSpvwjZfkxOiYyJF69oFZohatUqKRNGDRFtQ94O4mIyNtTfs1nCMUKWgvyBbasN+E2vCwAAAADABQFCAAAAgJqkPkth+7rFlTRkZQezVtf+2Uc/AltrUyOB4xPSE7YPom9AqDi746uHZee9W1fVrUs3IbdtT8uRQweIkPlND8+ysjKulXJysvu3uS+cNUGEDPlaNm/K7k0r6tWrJ6kMa4punc1vnDvYpYOIY8DyMjTQu3Rid21rT9fS1Fg2f6rAZO6b95aWltIkqNrLoaxUf9vaxXs2r7S26Mh8F/p6ujvWL1k4a0J6xlf6lJLqg1VUVPzMN0AiWXGaNn7EjImj6NPMn+5mamwoQub3aPuPisO8Tcv1y+dWUuZM6DTW2rFBlDks+XYQF5O1Rce7l46Ido14tWttcvXMPosu7SWSGwAAAAD89RAgBAAAAKhhpKSkxgxzvnX+oARnBNTUUNuxfsmxPRuaN2sqMPGwQfYHt7uLNrhfD8vOV8/sE2qTneuXLpkzSYK9lKZPHLlzw7L6FQwuymne9HGjXZ2Ezf9jckpMXALvemlpqZFDB1w9vbeprraweXIyNNC7cfaAi7OdlJSUOPnUXJoaagd3rFk6b4r4WQ0b7HDqwOaGf3zg3OrAvm8Pgd3vgsOiLly7S5+myi+HtUXHPZtXet48PX+GW0Wz8ZEdE0e5DLh4YteNswfIftifvqTS56xYnyVUSSpSt24dr1tnRrmI8sIBXywF+b1bVk4e5yotLaASkJOT3bt1pVVXoScjvP/Y51dRkRhlpOPQz0bkF01WLJg2fIiDmAXo1b3rhhVzRfhaefzUV8xd89Jt3OjMoa1T3IaJmc/MSaNO7NuordVQQuUCAAAAgL8f3UvTAAAAAFBt6TXR2bBi7sTRQ09fuHFXjHHPVFWUR7kMHDHEUVZWiL5o3TqbX/9n/+bdR718/BhuwlKQnzZhxIghjsKGtWRl6w0b7DDArvcz3wAvHz9xOuIMG+wwdrizVkN1hullZGTmz3Ab5Nh318FTL/2DGW5l0sKApuORoYHe5ZN7Hj15eeeBd3hkLMM8SR3MWjnZ9e5jY1ELOw5ykZaWcnW2s+zS/v7jZzc9HqcL363H3tZm6rhhOo3/xKSe1dayeVNCwqOyv+XQpNl18HSXDu1oxrGsJpdDQ111tKsTGdHPY+dnfs3OyMySk5OVlpJSV1NRU1OpV7cu1yYfk1Po81SW3BCj6moqC2ZOGDPM2euZ3wPP59Fv34mWD0tBforb8MEDbBXk5RhuoqbSYN/WVf5BYVv3HBN4yJTOHdoSPD2hJWjYIPsuHdqu33aQ+dSMqirKG1bO69rRbNu+4+IXwN7WxqpbxxNnr567cod5AfSaNBZ/17zq1JGZ6ja8p1WXW/e9PR4+EWpUbZaC/CDHvgPtete2btAAAAAAID4ECAEAAABqML0mjdcumz17yuig0Ej/oPAnz18xbFg0NNDrY2Nh1bWDUfNmonVEU2mgvG3t4rQZX5+9fH3v8TOa9m6LLu2dHfpYde1ANdCrqijTxyR4KcjL2fWxtutjnfsjzz8oPDr2XWx8QnBYlMANdbS1LLu072Deun1b0wbKSkLtlKTXpDHZvH7hmkdCYhJN8GPwAFtnhz4CB4uTk5N1su/tZN876dOXh97P79z3pg+o6GhrDbDr1b93dx1tocMn6qoNhN2kUqnSloelIF+3DncUh0bjRpqTx7lOGusSER336MlLz6cv6e8rloK8Ref2Fl3MO7VvyzxOrKaqIuztWohsyiYAACAASURBVEnUVARcTTUhL7dKA+U1S2fPXrKePtm5K3fWLZ8jMLc/czmYqM9SqM9SaNZUhyZN9recZy9f0xdPS1NDtAJoqKnwX6+uOmKI44ghjilpGf6BYbHxiTFvE2LjEwVmaGps2K2TWQezVm1bmQj1Mgela0ezG2cP3Lrndd/z2bvEpIq+KVRVlF2d7R372TTi6Ygm8QdBr4nO8X2bQt9EP/MNeOj9nCZza4uOzg62Fp3N69SREfggqDRgWs8rKdafP2P8IEfbE+euRcXE0URPrbp2GDygn2UXcxkZGYaZk5h0Vae0aN5syZxJ86aNfekffOfBE4FvpfSy7ubYr2e3Tmb0w2XzktTYuSRNDTUR3gkAAAAAgOpAind+FAAAAACooUpLyxI/fHyflPw990f2t+/Z33Kyv32vz2KVlJZqqKmoqiirqjRQVVFu1kRH5IbvinzPyc38mp39LedrVva3nB/1WQqNNDUaaqg11FCT4OigXEpLy76kpn3N+pbHzmez83/ksRUU5H/9KlJSZCkpKSor1ldpoKyhrirZnf78+SslLeNzSlpKWgZBEFoN1cnDVFFWFjjcX0WKioq/ZmV/zfqW8TUrM+ublJSUhpqqhrqqhrqquqoK2SYOTPwqKsrO/p6Z9S0r+1vm1+xfRUXKiorKyooNlBQbNFDS1moobPs+iKNSL8eT56/KyojePbqJtrn75n30fa/72lhuXbtI1NIJ4VdR0cfklJycH3lsNpudn5dfUJ+lUFJSoqykqKRYX1GR1VBdTbIRHYIgfuSxv6Smf0lJS8v4qiAvr6mhptlQvaGGmqRGVRVWaWnZp88p377nZH/7/u17roKCvLSUlLqaqrpaAw01VZYwYTaRlZSUpGV8/ZKa/iUlvaCwUENNtaGGmmZDdQ01laqqN3Jy8zKzsjK/Zmd+zc7JzVNRVir/XlBTkfgtAQAAAAC1EAKEAAAAAAAAUJN8+57jOGwKO7+gh2Xn5fOnCvseQGhEzISZy+jTLJ8/dahTf/GKCQAAAAAAUH1JV3UBAAAAAAAAAIRw8tx1cpDMZ74BfQe5bdx5ODZO8ECdZA/gMxdvCowOEgTRway1JEoKAAAAAABQTaEHIQAAAAAAANQYnz6nDBwxjXe9SQuD7hYd27YybmXSgmuozF9FRRkZWVGx8XsOn2EyX5pV1w77tq6SaKkBAAAAAACqF+HmsgYAAAAAAACoQvuOnuO7PjY+MTa+vB+hqoqypoa6qmqDnz9/Jn9OZRIU5DRpjIskSgoAAAAAAFB9IUAIAAAAAAAANUN4ZOyT568EJsv+lpP9LUe0XXTrZNba1Ei0bQEAAAAAAGoKzEEIAAAAAAAANUBZWdmuQ6crdReaGmrrls+p1F0AAAAAAABUBwgQAgAAAAAAQA3wKiA0MjquUnexf7u7mqpKpe4CAAAAAACgOkCAEAAAAAAAAGoAfT3dbp3MKilzVRXlE/s2Guo3raT8AQAAAAAAqhWpsrKyqi4DAAAAAAAAACNPnr/atOuIyFMM8mXVtYP70llqKg0kmCcAAAAAAEB1hgAhAAAAAAAA1CT5BYWPvF94PHoaHhkrZlaGBnpjhzvb9bGWkpKSUOkAAAAAAABqAAQIAQAAAAAAoEZKScvwfOr73C9Q2EghS0HesmsHF2c78zYtK610AAAAAAAA1RcChAAAAAAAAFCzlZSUJH9JfZf4MS7hQ+bX7Nwfebm5P36w83Nzf9StW1dZSVFZqb6ykqKaagPjFgamxoZNdLSlpdFlEAAAAAAAai8ECAEAAAAAAAAAAAAAAABqEemqLgAAAAAAAAAAAAAAAAAA/DkIEAIAAAAAAAAAAAAAAADUIggQAgAAAAAAAAAAAAAAANQiCBACAAAAAAAAAAAAAAAA1CIIEAIAAAAAAAAAAAAAAADUIggQAgAAAAAAAAAAAAAAANQiCBACAAAAAAAAAAAAAAAA1CIIEAIAAAAAAAAAAAAAAADUIggQAgAAAAAAAAAAAAAAANQiCBACAAAAAAAAAAAAAAAA1CIIEAIAAAAAAAAAAAAAAADUIggQAgAAAAAAAAAAAAAAANQiCBACAAAAAAAAAAAAAAAA1CIIEAIAAAAAAAAAAAAAAADUIggQAgAAAAAAAAAAAAAAANQiCBACAAAAAAAAAAAAAAAA1CIIEAIAAAAAAAAAAAAAAADUIggQAgAAAAAAAAAAAAAAANQiCBACAAAAAAAAAAAAAAAA1CIIEAIAAAAAAAAAAAAAAADUIggQAgAAAAAAAAAAAAAAANQiCBACAAAAAAAAAAAAAAAA1CIIEAIAAAAAAAAAAAAAAADUIggQAgAAAAAAAAAAAAAAANQiCBACAAAAAAAAAAAAAAAA1CIIEAIAAAAAAAAAAAAAAADUIggQAgAAAAAAAAAAAAAAANQiCBACAAAAAAAAAAAAAAAA1CIIEAIAAAAAAAAAAAAAAADUIggQAgAAAAAAAAAAAAAAANQidaq6AAAAACCu6OiY7zk5wm7VtGkTncaNK6dEAPA3iI9/l/n1K0EQnTp2qFu3LrmypKSkq6V1YeFPgiBu3bhioK9Pv/5v4vPs+Zx5CwmCaG9udvrksaouTvVy+szZ3Xv3EwRh08N67+4dVV0cIj8//9iJU+/fv7fpYe3sNFBS2ZaVlV25dv3VK/8WhoYTxrvJy8tJKufE9+/Dw98kvv9QXFSsr6/Xr59tA2VlSWVeQ1Xe2f6Twt9EjBk3gVyOCAuq6uIAQRBEcEjoz58/hd2qTetWioqKT32ezZ2/iCAIPb2md29dZ7htJdVIAAAAAGJCgBAAAKDG2713v8+z58JuNXG827KliyqnRADwN9i8dfuLl74EQQT6+6qpqZIrS0tLs7Kyy5dLSqnEFa3/m5QUl7DZbIIgPiR9rOqyVDu/fv0iTw75/yq3dfvO8xcuEQRx/8EjJSWlXj1tJJLtw0eeK1a6EwRxn3j040eeRL5GCwsL9x04dPTYCc6VrUxNESCsjLP955WWlFSThwIorsNHibDVsSMHe/W0KS4uJi9obu4P5ttWUo0EAAAAICYMMQoAAAC11IJFS2ztHG/f8ajqgsDfDLcZQJUIDg6llmNj30oq2/DwN9RyZHS0RPLcs+8AV3RQS0tTXV1dIplXc2fPX7C1c1y3YRPfTyvjbANf33NyhrgMt7VzTEhIrOqy/J0qqUYCAAAAEBN6EAIAANR4vXv3VFRU5FoZExtLtfLY9LDmTWBiYvynClgd/fr1i4zZfEhKquqywF8LtxlAVTE3b/c2Lo5cNjYyklS2bdq0opZNW5qIn2FCQuLxE6fIZWenAQvmzW3USEv8bGuKR4+9EhISFevX5/upxM82VCQuLj4s/A1BEOkZGc2bG1R1cSqds9OAEp6e7pGRUdSX9QBHB96tGjbUEHmPlVQjAQAAAIgJAUIAAIAab5jL0GEuQ7lW+r3yp+a8WbZ00V85H5g40tLSq7oI8PfDbQZQVZYuXqiqqvrhwwfr7la9e/eUVLb2dv3z8vL8Xvm3MDScOGG8+BkGBgWTC8309LZs2lCnTu36F3pCQgLNpxI/21CRlJSUqi7CH7Vj2xbelbv37j9w8DBBECwWa/fObZLdYyXVSAAAAABiql3//AAAAAAgfallbWFQJf6a20xKqqpLACAkFos1b84siWcrJSU1zNVlmKuLpDJMSCzv69+7d8/aFh0sLCykJi7lS+JnGyqSnPy5qovwl6ukGgkAAABATJiDEAAAAGqjL1/+ksgNVGc1/TZTVVUhF5SVlau6LAB/p9TUNHKhcWPtqi7Ln4Y+1tXHp+Tkqi4CAAAAAFSB2vWKIgAAAHApLCz0e+X/9m1cTOzbrKwsHZ3GJibGLU1MunTuJCVMpyE2m/06IDA29m1kdHRGeoahoWFLE+P27c1at/pvAqG3cXG373hISUkNHTJIv1mzgoLCC5cu+fn5Jyd/btxY29HBfshgZ84809PTA4OCo2Ni4+LiS0tLW7QwNDZq0b9/PwV5eb5lKCgofB0QEPs2LjY2Nv5dgq6Ojqlpy362fU2MjbiSpaalUqO6ffnyJSQ0lPq0pUlLeXk5cYpBunX7Tlz8O4IgDJsbDB7kXFGyh48830REEARh27ePWbu21PrMzK8BgYGxb+NiYmJLS0v19JqaGBu1a9eWd96alJTUs+cvEAQhLS29eOF83l14eT8JCQ0jCMLK0sKiW1dyZX5+/r4DhwiC6NalS/fulqWlpY8ee3ncu//+wwdlJeUuXTpNnzpZTk6ONzdKRmZmUFBwbGxcTGzsl5QUYyOjlibGgwc5q6urVbTJ27i4NxGRMTGx0dExSkpKLU1MjI1b9LDuXp/f7FNCJU5ISAwJC3sbG/f+wweCIExNWxq1aNGlc0dNTU2ulGHhbx57ehEE0ayZnuvQIbxZHT95OisriyCIAQ72LX9PeUXeurKysm7jxjRQVs4vKAgJCQ0JDQsMCq5bp46paUuLbl2pc0sS9jarCHkjSUlJdbey7NqlM2+C02fOfvqUrKSsNH3qZFlZWd7TeNfjfmlpqVm7trZ9+1DrS0tLAwODomNjo6JiUlNTGzbUaGli0rVrl7ZtWnNuTp5ANTVVGRkZJqVl7viJU1nZ2e3Nzfr07kUQROL798EhoUFBwYmJ75s3b97SxHiQs5OyshLfbRkWnlN+fv4r/4DY2NjIqOg8NrtpE10TE+NeNjY0IZmw8DchoaEhIWHvP3wwamHYunXr/v36CnuYgUHBL174vktMSE1NM9DXN2phaG5u1qljB76JmT/1XCfw58+frwMC/fz8g4KDNTQ0rKwshrkMrVu3LkEQP3/+9PJ+4uX99MuXLywWy8TEmLMe4CVadcdXXl5eUHBISEhYcEhI/fr127Zp3aVL544d2vNNzLD2pjA5sWlp6WfOniMIQk5Obu7smbyZMPna4lVWVrZr996i4mKCIMa7jW2oUT4nGVWpOg10NDYyKikpiYiMCgkNDQwM/v49x7SlSZs2rQc42lOP0o8fP+LfvSMI4tu3b+SalJRUzlqiTevW5EUkiXB7NG6sPXrkCIIgIiKjzl+4RM5/1trUdPq0KeSdXxl3UVlZWXBIaGzs25jY2JjYtwry8q1bt+rapXNPmx6cyYqLi9PS01/6+ZWfjbw8zmPX0dHRbNiQ5mxThPoNI0JNTi8hITEs/E1MbGx0dGzhz0LTliZt27YZ7OzEeeF4lZSUhL95ExISFhgUnJeX165d2zatW9v27V1RNSvUMe7bfzC/oIAgiDGjRmprN+L6NC4+/tbtuwRBNG3SZPiw8n6ZOTm5qWmpkVHR5Wni4uXkyr9KpKVlOH+ZUKr5L5w/LD8//3VAYFhYeEhYOM2NRF8jffz46d79BwmJ75OSkjQ0NExMjE2Mjfr07iXxL18AAAAALlJlZWVVXQYAAACQPM45CD0f3eM7B2F0dMyceQs/JCXxfmTd3WrzpvVkC51AEZFRs+cuSOb3+vmokcMXL5zPYrEIgvD08p42YzZBEDNnTJsyaYLzENeEhEQqpVm7ttevXqL+vHX7zsLFy3gz1NXV3bp5Q+dOHbnWh4aGzV+0lG8ZFi+cP2XyRHI5Kip64CDu+Ro5Pbp/19CwucjF4Njw7sLFS8llj9s3qFATp/T09G5WNuTytcsXzM3NyOV79x8sX+nOZrN5N5k0cfzc2TM5Q3cRkVHOg8ub+RLjY3g32bh566nT/xAEMWK46/q17uTKrKzsTl0tqdO+eOmKGzdvcW4VGR6soKDA99DKyspu3Ly9bsMm3hKyWKz9e3dZd7fiWv/r16+du/aeOHWaNzctLc2d27Z04Qh9CZv4wKEjBw8d4VvUbVs2crVdnjx9ZtPmbQRB2PSwPnHsMO8mtnaO5G25d/cOB3s7ciXnrWvfv9/kaTN577Qxo0cuX7qYbBcW9jajQRVYTU31td8Laen/jf/x7l1CP/sB5PK+PTvt7fpzbT7WbaKv3yuCIBYumDttymRyZXpGxtJlK1+89OXd3dgxoxbOn0td+gcPH8+aM4/rXBUVFRmbtuU9kIrW80Wd5zehgUePnTh05BhXAi0tzYP797Zr24ZrPfPCU95ERM6Zt5Bv5bBh3RpXlyFcZ7WkpGTrtp0nT5/hSsxisWx6WN+7/4CsAZ49eUxzgD9+/Fi8dIWnlzfvR3b9bVeuWMZVuwr11HOeQN/nT+fMW8gZXCF3sX/v7rS09AmTppJhIU4jhruuXrmcN4YhcnVHOnrsxLYdu8iHa+GCuRMmTeXtHzZj+tQ5s2ZwNXkzrL1JzE9sQEDgiNHjyAsXERbElZjh1xaviu5zzkr15PGj8xYsev7iJde2nTt32rNrOxnlCgwKHj5yDN9dkF75PqOOReTbI/JNyMOHjxYvXcH56ZlTx60sLSrjLkpLS1++cjXvgRMEMcDRYf3a1dQbHgYtWtIc+4Z1a8jwFX2tIuxvGGFrchoFBYV79x84fuIU70empi337d6pp9eUWhMaGjZ02EhyOSTw1Zx5C8lqmavAu3du530rQthjpE7szetXeN+Z8PZ+OmX6TM4a7PSZsxs28ZmNj8T32an+v3BExjkHId8DJ1E3kq6u7pFD+6ZOn83kRqKpkfbsO7D/wCHeHRkbGW3etL5Na7pXFgAAAADEhCFGAQAAaqlbt+8McB7C2eqkq6tLLT9/8bKPrf2biEiB+dy4ect5sAtn44ixkRHVtHr+wqV5CxZzbfL1a9ayFas5o4MEQZiYGFPLi5euoNqpWSyWpUU3S4tuZJ7JyckjRo0NCPxf28qOnXuGDhtJlYHFYqmpqVKfbtuxy8v7Cblcr149gUckcjE42fW3pU7ChUtX+Ka5dv0muWBq2pJqO1u2YtWceQuptjMWi6Wl9V83uOMnTg0cNDQnJ5f5UdD7mpV96fJVruigrq5uRdHBvLy8CZOmLlm2giqhmpoqdaRsNnv8xClcUYGcnNwhriM4A35aWprN9PTI5bS09JFj3CKjokRIzGaznQe7ckYHOQtDXsEFi5aIdGL4u3T5Sn+HgdSdxnmbnT134cLFy+SyULcZvd49e5ILWVnZMTGxXJ96PXlKLZM9Iznl5ORSzdB9evUiF6KiovvY2lMBNmMjo759ejdvbkD++c/Z85OnzqDeIOzfr++9u7f27d0lqcPh5TTIhYoOcp7PtLT0yVOnk11hKEIVnnTt+s1BQ1ypS9be3LxXTxvqmVq5es3h/8cmS0pKJk6exhkd1NXVJe9ANptNRgeZWLHKnQpiNdPT69XTxtS0vOH+wcPHJ0/+L/oozlNvad2TjOtw3vkPHj5+8cKXM67DeW4vXrpy6cpVrnzEqe64+Dx7bu/ozHf0yIOHjmzZtoNzDfPamyTUia2ICF9bzIWFvxk4aCgVJOM8nICAwFXua8llLU3NimKQJBnp8jCqOLeHn98rruggQRDNDQy41kjkLnrs6dW3vwNndJCznHc97u3df5D6k/7YmRDnNwzDmrwiCQmJjgMHcUYHOY80Ojpmxqy5JSUlfLd1GuzKGx0kCzxi1NjS0lJJHSNDvP3Omagpv3AqW3Jysr2js8g3EunipStUdFBNTdW6uxXV0/ptXNyy5asqoeAAAAAA/0GAEAAAoDbKyMyk2oK1tDSvXb4QHxv57MnjmMiw/Xt3k+vZbPYq97UVNXKRMjO/Uo2PamqqZ8+cjI+NvO9xKyIs6NrlC2Qbx5xZM7i2unzlKtnOPsxl6M7tW3ds2zxtyuThruUviT956kPFqxYumBsS+Oqf0yf+OX0i6LWv27jy/hYrVrr/+vWLyvBT8idyYfAgZ6/H9yPCggL9fZ899aReu964eRt5IC1aGD578tjz0b1ePctfbB8x3NXz0T3qv6ZNm4hcDE6ysrKTJ46njvf79+9cCYqLi8mBswiCGD9uLLnw/MXLq9dukMvdrSyfPXkcERbk98InNOj17N+nMSEh8cAhPl3fRJOcnLxy9RqCICwtum3auG7v7h3z587mO5AXSUamTlR0+UBk8+fNCQ7wC/T3jQgLunD2NNVcuHf/Ac5Njh4/ER1d/uL/MFeXQH9fvxc+3p4PQoNeL1owjyAIB3s7akw/oRIfOnKMarmeMnliSOArsjC+z5/a9LAm19++4+Ht/ZSQkKysbIIgevW0uXr5fGxUeKC/7+MHHtSoaLv27MvPzxfqNhOoadMmVP68/XLu3PWglu8/eFRQUMj5qd8rf3KhmZ4eGUUrKSlZvqq864apacv7Hrfue9w6fHDf4wce169eIhtq/V8H3PW4T24oJSVlYmwkwvCSzJFt3xs3rPV9/jTQ3zc+NpK6/bKysjkbWIUtPNmFZenyleTyAEeHoNe+Vy+fP3bkoN8Ln62bN5Lrd+3Z9/HjJ2qTux73qABk7949g177Pnvy2NvzQXhIwLDfdZRAMTGx9x88IpcP7t/j7fng2JGDd29df+7jNd5tbK+eNtOmTqISi//Ut2nd6sa1y2HBr9+9jVq5vLxbj9vEyeTTsWXThvjYyEB/36dej6hY2o6de8h7lSRmdcfXMFeX2zevxsdGJsRF37x+hQoDnDr9T3pGBpWMee0t7ImtiGhfW0JJTk5upqd3/OihsOCAQH/f0KDX9nb9yI+8vZ+Gv4kgCKJJE92w4Ne+z5927tyJOgNUFfHsqSc5XLOYt8fU6bPIqNKqFcv27929YtmShQvmcoZkKOLfRVlZ2eTj2d7c/OL5f+JjI/1e+ESGB1PduE+d/od61rw9H3g+ujdvzizyT2MjI84a0q5/P/ozLOZvGIY1eUVKSkvIiktLS3Pn9q0xkWF+L3zevY1a415e27yNi/O4x/9lguTk5Pbm5mfPnIx6E5oYH+P3wsfSohu11dOnzyR1jAy5DB3s9fi+56N71Df4lk0bqAtx99Z1vlvVlF84f4bINxL5vUa9MzFl8kS/Fz6nThy9fPFceEjA8mWLO3futHnT+so/AgAAAKjVECAEAACojXbs3EMuaGlp3ve4bW5uRo75Jisra9fflmoSio6OuXHzNk0++w+Wv/XMYrE87ty06NaVGjvO3Nzs8sVz8bGRVGMil2NHDm7csNZpoKOz08CFC+aSQ1QVFhau31g+2tXMGdOmTZlMDdAkKyu7cvnS7laWZFDh/oOHVFZr3VctW7ro+tVL27Zs1G/WjFypq6NDxQCSk5OTkz+Xr9fVNdDXV1JSJP9UVVU10Nen/iP7folWDC6uLv8NMnn9/130yBZ5so2SxWKRc5v9+vXLfe0G8tPevXueOHaY6iugrKw0Z9YM91XljdqnTv/D1f9STBPHu/1z+oTr0CEO9nYzpk+1629bUUp5eblz/5xasWzJcx+vGdOmqKiokOu7dOm8bMki6tCo9MmfPx89doJcnj518sb1a6hX7JWVlaZOmRQfG7l39w4REr//8OHI0ePk8vJlixcvnN+gQQPyz0aNtI4ePkAdhfu69YWF/4uciWPmjGmHD+5rb25O3irNmxvs3FF+q7DZ7LdvywOWTG4zhhwcygcOffz/YRWTkj5y3QavAwI4/3zqU34hBjjakws3bt4m468sFuvEscOcEz6ZtWu7f095T8GNmysccU7idHV1Hz/wGOYytFEjLYIgZGRkpkyeSF07X18/KqUIhSdHvCQIomOH9ju2bVZV/a97x5DBzlQk8uDho+RCUVHRjl3ldWPfPr0PH9hHbaKoqLhx/Rqu4S4rEvG7k2vfPr372f43c6FO48Yrli05duQg9eCI/9R37dL5/NnT7dq2kZGRkZaWdhs3hnOM36WLFw4dMoislps2bbJtS3mVyGaz3/3OTSLVHZc5s2ZsXL+mdatWMjIyUlJSbdu0vnb5IvXp2XMXqGWham/mJ5aGOF9bDFl3t7p5/UpPmx5kDaCsrLRtyyaqNnv9uvw5lZGRadRIS1mpfFTJJro6VBWhq6MjqS8Fs3ZtPR96jBs72q6/7Xi3sdOmTOaduE78u4ggCFeXIRvWrTl0YO/li2c7d+pIpldQUFi/djV17EHBIeRCQw0NA319appYeXk5zhqyovlHKeL/hmFYk/Nl1KLFiWOHN65f4/nwntNAR7ITnrS09OiRI6hIsK+fH99trbtb/XP6hEW3ruQ0tFpamqdOHKW6QR88/F+HeEn9TqNXp04d/WbNDPT1qXkHtbUbUReCc6BULjXoF06lEudGIgjiQ9JHMqzOYrEWzp9L1b2KiooT3MZdPHcG44sCAABAZUOAEAAAoNZhs9lUZ5GpUyY1UFbmSmBq2pJqoD9/8RJPBuUKCgqp/j1Tp0ziO2Eh11xTlMGDnKnOVZwCA4PJwZpYLNaMaVN4E0yeVD6xYkzsW2qliorKxPFuZu3aciVu0cKQ6irx8dMngjHRisFFQ0N96JBB5PLpM2e53vE/d768uXzSBDeyeTEgMIgaqGru7Fm8p26Y61CqmfXm7TvMD4deMz29eXNnMU9v1KLFeLexOo0bc62nGpSzsrLz8vLKy3mrvJwsFos6aZw4D1OoxLd+J1ZTUx05fBhvypkzppHLaWnp/q8DCEnQ1dWdN4f70hgbGVGDoH76HcmQIGp00OjoGM6uV9TQi2PHjCIXOCdmKy4u9vQqT9C7V/k4pZcul48FN3vWdHIiNE7m5mbtzc3JK5idnS3xA+Fr0YK5VOM4xa5/eUw0IfG/ZmJhC89ms2/fKe9huWzpYt4Haszo8vP2JiKCXHjp60cNjDl71gyuuQkJgjBv147JQRUVFZEL794lcHXr5CL+Uz9i+DCu0Rp72vSglgc5O3F+ZGxkRDXKU/uVSHXHqWuXzrN5euBpazdydiqfL/MlR9xXqNqb+YmtiDhfW8xt3riOejmAJCcnZ//7rmb+ZSSRL4WtWzYKfCNB/LuIPG/Dh7nY9u3D9eDIysr26d2bXOY7l56wxP8NI35NbtPDepirC+9AqX16l1fXiYnv+W549PABMjRIAV6KPgAAIABJREFUkZGRmTjejVyOiIz68eOHBH+nVZ6a8gunUol/IxUXl9dpbDY7uRJ+PwAAAAAIhAAhAABArcM5nt4ABwe+aYYMLm/3iY6O4ZoUh0INDUd2x2FeABaLtWIZ/5nhEt+Xt6np6TWNjokNC3/D9d/37zlkgvj4d0z21bRp+fvvGRmZzEsoqWKMGTWSXEhLS3/2/AVn/lTIysVlCLnw4UN5y6mpaUsTYyOezIh69epR10WC79dv3LBWTk6OQUIBNDX/a2rPyCw/2wkJCeTCYGcnRUXFCjYlREgcTyUe5My3/EYtWlDdgKhzW0maNClvLk9P5zPvmpiaNzegWhs5e9R5/J4Pb/7c2WQ79f0Hj4qLi8mVIaFhZL8ELS1NcoLP0tLSiMjyDlgsBRbvXR0W/obKXCLt+ExISfH59wjZm5B8cMg5BUUoPOdFLyku5k1PjU+bkJBInrf3Hz6Qa4yNjPg+gwyZmphQJRniMtzL+wkV2eJSGU+91u9eWVzz+ZGaUvfq72CzxGvdiuqTHtbdyYWkpI9M8uGtvZmf2IqI/LUlHJ4uegRBaDfWJhf4zs7Il/i3x7w5swz09RmX+z/C3kX0tH8/0RKpISX1G4aX+DU51SfyS0oK3wRUFzFO1Cij1O1ReccoQTXiF06VYH4jcT6ejk6DL1y8XIOmYAQAAIC/Q52qLgAAAAD8aVTTP4vFqmggr8Yc/cPS0tK1tRvxpuFswOLt0ENDVVW1ov1SrULR0TFDXIbTZMLZtYhLTk5uenp6ekZGampaRnp58yUZZmBIIsUgCKJlS5POnTsFBASSo+pRnSYvX7lGLjgNdKS6sFBZ6VU8QR3V6hQdE8P8cOjRjCEmUGlpaXb2t/T09NS09Ax+LcXx78rDeM2a6QnMTajEcXHlsQpyLD6+DPT1yUEpE99/EJihOMgeEgRBlJZVSiuto6P9vv0HCYLwfuJDTuiV/PkzeWjOTgPq168/cIDDxUtX2Gx2cHBIly6dCYKgmmsHDnAkRxRMTU2jMiQnnqTx+XMK2SGvSlDnk3xypaSkRCg850UfOmwk/Sbp6RmNG2tTdZq+vuA7kEbbtm26W1mScxm+jYubOn0Wi8Wyt+s30NGhY8cOnN1NKuOpr1uvPAJBjRnI6b97tbS8SpRUdSeQxu+vCTabzWazeXtfCay9mZ/Yioj8tSU+6nIwj+WIf3voixQdFOEu4lVQUJiRkZGWlpaalk7F74X6Iq6IpH7D8BKtJi8uLs7IyCRv2rDwcHJlYeFP5jmQ802SUlPTDA2bV94xSlCN+IVTJZjfSHXr1p0/b86u3XvJinH1mnWr16zr1dNmgKN9r549uTqbAgAAAFQGBAgBAABqnY+fykd5orrp8OJsrvr85Qvfhqfkz+WjIVHdm8TH2R2Bt9cCp65dOnP+WVZW5uv36tFjL49798mOU1zKCCHaJUUuBq8JbmPJ5jNfv1cJCYnNmxvkFxRcuVo+e9CokSOolO9/xzOoLgi8qBbttLT04uLiOnWq5rdcYWHho8dejz29PP8/Kx6FagWmYg8aDNrimScuKSmhBiujaeWnOjX+sf5wlaRPr55kgNDTy7uwsFBOTu7Jk/L5Bfv17UtOyXbx0hWCILyf+pABwoePPMu3/T3kXRbHqKH0d3XdunWZxGj/JBEKn/k1k+EmKioq5FyDn37XjVpaFdaNTMjIyOzZtWPj5q3UIIFsNvvqtRtXr91o3txg84Z15uZm5Prq8NRLsLqj16DBf8Mkfv2aRQUImdfezE9sRSrja6vyVIfbQ1hx8fEeHg8ePfbkW+vSBBSZk9RvGDHl5+c/eepz89YdMmItjrp167JYLPLmJyuuanKMAv2Vv3D+sGlTJslIS2/fuZta8+Spz5OnPiwWa/XK5ZXY0RkAAACAIBAgBAAAqI1UVRqQC9REcbzy2fnUckVvr1OT4lDjSYpPV7e8N9gEt3HLly1muFVu7o/pM2dzzTOnpqbaWFs78f0Hvi3OlVEMvnpYd9fV1SWjWRcuXXZfteLBg0dkkdq0bsU585aaWnljH811oY6FxWJVVdtZfPy7UWPdsrL+N0edrq5uQw2NkNBQrsRqaqpkSnJeJXrME8vIyFDNqXkVX98fP8rPpJqqisC9V2cmJsZaWprk0HNBwSFWlhb3fo8vamHRjSCIzp06kifkrse95UsXv3//gbzl1NRU27ZpTaZsxBH08nx4r0GDBlV0NKIQofDUNJnGRkb3PW4x2Yvc7+4aP38K0fuHL2VlpW1bNk6eOP72HY9bd+5Qo0omJCQOHTby9s2rrVu1qiZPvQSrO3q5uf8916q/H0lha2+GJ7YilfG1VXmqw+3BXGlp6dZtO0+cOs25ksVi6erofM/5znxgVYEk9RtGHA8ePp41Zx7nGhaL1VBDQ1ZWlhq7mLni4mLqOqqrq1eTY2Ti7/uF8+dJS0tPnTJpyOBB9+4/uHPXgxpMm81mL1m2orCwcNRIuo7dAAAAAGLCHIQAAAC1DtVzIi0tvaSkhG8azj4lTXT5jwdF5cNms/MLCiRSNmo6FuZj2eXk5A4fOYZsX2axWHNnz7x+9VJ8bGSgv++tG1c7tC8fJlGK4DMplASLUREZGZkJ48eSy2fPXcjN/XH2/AXyz/FuYzlTNjco32lKSmpFuVEDLRobiT5BmjhiYmKHuI4gw3jNmxuscV/p9fh+YnzMsyePr14+TyWT+j0Fl2nL8lkAP3/5IjBzoRK3NDEmF9LS0ipKk/J7FigDAwOuj6pkxiaRSUlJDRzgSC77PHue9nvIvgGODuQQZPXq1etn25cgiKys7Mio6Gcv/htfVFq6/Ae/hoY61WcriWOgxRpBhMJTY+e+jYurqKLj0kS3fIA7SQUzmjc3WLhgrt8Ln9s3r5Jjw5IOHT5WnqAaPPUSrO7oUdNxsVgscpJRkWtvgSe2IpXxtVV5qsPtwdzS5auo6ODIEcNOnTga+SYkIizovsetcWNGk+ulpYX4Iq6IpH7DiOzGzVtUdNC6u9WuHdsCXr2MCAvy9nywYb2AAZD5ysz8Si3r6DSWyDFKZDRXgf6yXzhVSF1dbdzY0bduXH3h4z139kxq/bYdu2rWzxUAAACocRAgBAAAqHU455yjZgbiQo4ZRRCElpZmRZOgcOYTFBQskbJRAxsGh4Tm5OQy2eSpjw/5wr6uru6j+3dnzZxu1q4tk8moJFsMGs4DB1DLGzZtIaeOU1NTte3bhzOZvn4zciEs/E1Fr9j7vfInFwybl0e8FBQUqE/FL6pAZ86eJ9/x79un9+0b10aPHKHfrBlN+ua/y/mSwSBsQiVu0cKQXPD1e8U3AZvNDgkNI5epxlYqyJSezmfGxOqMGin0safXk6fl44va9belEvTv15dcePLUx9v7KddWpBaGzckFX1+/P1JqSRK28E2b/FdBBYdw923lS7tR+Rh90TExDGOKDLVu1Wrblo2LF84n/6T62or21EuWZKs7GtSjSkX3xa+9KzqxFamMr63KUx1uD4Y+fUqmxn29dOHsujWrrbtbKcjLV8a+JPUbRjRlZWVbt+8klxcvnH/qxNGBAxw4R/sUwevfpaW6Pot8jNR3XHZ2Nt+tJO5v+oVTHTRurD1r5vRrl8vjrGw2mxr7GgAAAKAyIEAIAABQ6zRs2JCKlxw7fpI3QWFh4aEj5f0wultZVpSPqqqq7u8ON/sPHJJI2VqZmpLNW2w2++jxE0w2oVqUBjsP5J2DJy9PwPiihQWFEikGjfr1608c70YuU02oY0ePqlevHmeytm3bkAvkrFq8+cTExFIt7B07diAXGmtr/5cgNpZrk/z8/Mjfw1VJxLPnz3+XfyRXq2sBvzNp1q4duRARGfVSUFxHqMSdO3UkF/xfB0RG8TnGGzdvU+OVUQOd6eqUj6b4Ni6OdyDTT5+SqR4MksX3NiM7MqanpxcVFQnMoW2b1uT8cGlp6afPnCVXWlpYUAmo+eFu3LwVFBxCthS3//+UbNbdrciF3Xv314ghFjkJW3h5ebmOHdqTy1u2bmfSCYNqwk5LS+edV6ygoPDy1WvCF/w/Nj2syQUFhfJGfNGeesmSbHVHEATfnnmpqWnXrt8kl3va9CAXxKy9KbwntiKV8bVVearD7cFQ4O9oa8cO7TvxlERgZ02+Xx8VkdRvGNF8/PiJGmF77JhRXJ8WCDpS3uGLS0tLDx46Qi53t7KUlZUV5xipvndRUdFcm5SVlQULiqCTOQtMw6l6/sJhs9lcA6HXLObmZlSsV05OkhFuAAAAAC4IEAIAANQ6UlJS7qtXkMtPnvrs2LmHs6/Mjx8/Zs9dQEVW5s6ZRZOV+6rl5EJY+Ju16zZyxjmKior2HzjUqavlU59nzMumrKxE9QU5euzEqdP/cDXrh7+JGOs20dbOkRpcS7G+IrmQkvq/cat+/fq1YdMWqkNJGfG/4baorajOWPn5+VSeIhSD3qiRw7jWuAwdwrVGp3Hj6VMnk8sbN299+MiT89PE9++nz5pLLpuatnR0sCOX5eXltLQ0yeXde/ZztsMmf/481HUkGSuSFCXF8omO0v7fA+/r1yy3CZOoP6nBzWz79m7TunxKsAWLlkT8vy0v9m2c82CX8ROn/Pr1S9jE/fvZUmG/WXMWxMXHcyb2fuKzdv1GcnnSxPFNmpSHBKgmV4Ig9h04xDkIm98rf4eBg0SYsZIG/W2Wk5Pb32FgNyub9p26VdRHhCItLU2NMvohKYkgCAd7O84YrZyc3ABHB87hMQcOcODqjDVhghsZZSQIYsrUGR//P1Znfn7+oSPHOnW1PH7ilHjHXSlEKLz76pXkQkRk1JJlK7m6raSmpi1bsapTV0tqAjxLi25U9Gjt+k3vP3ygEufk5E6YPNXn2XMmRc3Ozt62Yxd10Snev9dQt65oT71kSby6CwgIXLdhE+fXSnp6+vSZs8llFotFTaklbO3N/MTSkPjXVuWpDrcHQ1QwIy09g6v37a3bd/ftP0gul5b+74u4fv365MLbuDjy7iopKfkoaAxhCf6GEYEC678+bZlfv3J+FBUVPXf+QvrNx7pN/J6TQ/358+fP5StXk1U6QRDz5pY/JiIfo+HvntYnTp0hpwYkFRQUzp2/iKZup77cfX3Lo3QZmZkMvxCr2y+cK9eutzHr2Kmr5aw586r5+JwlJSVHj504f+ES+cOGEhQcQp58FotFnQEAAACAylBbZn4GAAAATlaWFn379Pb08iYI4vDRYz7PnltadFNTU/2SkuL95CkVYFi6eKFmw4Y0+dj0sO5uZUl2tTl7/sKr16979bRpoqvz5UvKzdt3yHyWLl8Z6C94xEjK8GEuly5fJced27h56+27Hl07d9bRbZyeluH36hUVNDpy9Lj7qhVkWxK55uq1Gzo6Oj26W0nLyLx58+bEyTNUoxsvalS9D0lJI0aPa9e2zfUbNwsLf/p4PyaDEMIWg56urm4/276PHpe3iA1ydtLQUOdNNm3q5CvXrpOvvc+cPbe7lSU54N6HpKRbt+9Syda6r+IM/MyaOX3FSndyeD07B6dBTgNkZGQCg4IrGntTHO3atSHP6uo16wiCMDZuUVj48+VL3+MnT/NtSZSRkVm1YtnQYSPJ6fGcB7s4DXRsZWpaVlYWFh7+4OFjMtn9Bw+dnQYKlVhaWnqt+6oBzkMIgkhOTrZzcBrg6GCg34yMBlEhBBaLNX3qFKo82tqNBjg63PW4RxDEqdP/RMfEWltZ5uTm+vq9IgdGkyz628z/9euEhESyr8Ox4ycPH9xHn1vvXj1Pnf6H+pNzfFFS/359yUMj9e3TmyuBgrz8WvfVM2fPJc9Szz79nAY6GrVoISUllfj+PdXBa8u2HQMGONA/+3+eCIU3MTYaM2okOSfWzVu3X/n797TpYaCvn5eXx3mTrFq91tvzAXm7zpoxdfHSFeRN5TTIpU/vnqqqqrGxb6kgIhNr12+6d/8BQRCdO3dyHTqkadMmbDb7safXhYuXyQQuQwdTiUV76iVLstUdQRD/nD0fHBJqadGtUSOt+Ph3d+7eo+qHJYsWUMMGClt7C3ViK1IZX1uVpzrcHkyYGJd3XEtOTp6/cMmE8ePqyMh8Sk6+cvU6b2dcStPfr24QBDFy1Dhb2z4vff2io2POnjlp0a0rze4k9RtGBA01NNTUVMkrMmPW3CWLFqipqWZnf3v46PHFS1cEbh4UHGLv6NS7V8/mzQ1SUlKf+jwjvwXIKp16RUbkYxw3ZtTlK1fJr5UevWwnjndT11CPiIh4/sKXPtpn0FyffOjOnr/wPSdHSUnx/IVL7c3NL188S01kW5Hq9gtn46at5MKDh4/dxo4x/39P+mrl2vUb23bsIgO6E8aPNTYykpKSCgkJPXj4KJlg0gS3qi4jAAAA/OUQIAQAAKildu7Yun37LrLp/G1cHNk0zMl99YpRI4YLzGf3zm3LVqwm27ASEhKppi5Se3PzXTu3ClUwGRmZf06fWLHanZxHLTo6hjdyY93dav7vF+3t7fofP3mK3O+u3Xt37d5LJWump2dn148avIuTvV3/Hbv2kO1lAQGB1Fw+V65dJ19yF7YYAo0cMYxqPhs9agTfNAoKCjevX1m8dAVZnhcvfbmaVtXUVHfv3M7VS2bIIOfr12+SXdCSk5P3/u6rQY725uQ0gGxck4hpUyeTDXlsNnvBoiWcH/Wz7SstLUWF8Sjm5maHDuxdtGQ5ebZv3/G4fceDM8Fa91VOvycxEiqxqWnLSxfOzluwiGwq5YyNkdqbm2/fuklJSZFz5bw5s/xevSLbKDkvPUEQY0aPlJKS+ufseTHO0P/Q32acbaBMBkPr0N6cxWJRjbxWPEPnWVr+N+Ioi8Xq0rkTbyb9+/Xdu3vH8pXu1BnmTXP44L7qFh0kiVD4ZUsXKSkrHTh4mOxbyduCr6ure+TwAepPp4EDoqJiyIqRzWZz7qJN61bb/2XvzuNi6v44gJ8WLYaiLFFDiDZrPLITES3ITnZK9p0I2bLv2WV9eCwPsq/ZeWi3tT2/0iZa1COZFpr6/XFyXDPTNNUk6vN++eN058y9Z+6cc+91vnPOWb/Wytqu0HKyqUpFKhg1c/pUNh9ssVu9fMn3cte1S+fXwcESd7LCbanDiO+DjYp69S7SiZVC7ret0vMrVA9Z6OvXHzJ4IJ068srVazSOS/F4vPnzZi9fsVr8XcbGRq3NzOhQ0ajo6L37DtDte/bulx4glOMzTDEsdllIb3/BwSGjx07gvjR3zqwjR48VdD3n8/m1atYMCAw8fuKkyEuDBw1Y4bZUZGMxPmPjxgaTnCbu258/V7DnocPsJW1trc0b148d70gkGT3SgS1ey26mAYGBgUHP27Q2K/hk5Ptln3By5LqarNxpa2vT23pcXJx4G2nfznzK5EkFvBUAAABAPjDFKAAAQPlEl7GRorK6utsy12NHDlp068om7qMdWH3tbG/duDJ6pEOhPxsnhFSrVm3Prh1r3Vdx+3R4PN4fbVq7LJx/8sRRPV1dkbfwKlcW280PatTQ3rd75+aN683N27KJy+hue/W0PHLowCHPfVWr5kd91NXVDnvut7Huzd2Djk5tlwXzrl72chg+lO5B+cfRFdraWocP7mPTCdIty92WTHL83tlXpGIUKvHbnJytWrbgjhIQoaere/zooRVuS0UOamRoOH7cmNs3rol3myorK588cWyKsxM3f6uWLebNnXX82GGLbl25H1Oc6o8LBUnXqGHDv0+dYON+qObNmu7y2LbLY5t9/375RVL64VdoVr163rx22b5/X+5MWXw+39bG+vqViyMdhisoKBQvc9s/2ty8dtnJcYJIkf5o03rJYpeTJ47Wr19P5CPUq8e/fuWSyPC7rl0679i22W2pq9W3UXdqqhJW/Sm06oqQXs26de3S26rXtw8o2kzEKSkp9etrS9POkxwrq6uLZKisrj5h3Fia7m3Vq1KlShL3Y2tjffvm1SGDB3InXCWEGBg0mjVjmr/PE/GhhwUp6DpT6PWHk7OQ6sf9uotReBUVldkzp58/e9rSsjv3QkdHoa11X3Xr+mWDRg3ZRiUlJbdlruvWrGZLedHqNGf2zL+OHzMwaMSWQpRi5vSpt25csbHuLXLE1mZmp08enzF9qkj+YrR6RsoJlL4gn5raD9+RHC93UyZPOn/2tHUfK7YfupPTJ4+zyUWpol69i3piJX7S4t22JCqw/hflolq5cn5DVi1gpbFSqh4yZpO9Fi1b4jp1ijP3VR6PN3qkw51b10c5jKCnWuSipKCgsH3rJpFlAkePctjlsZ2IETnbJXmGKeqVXET/fnYb1rmLVEJLy+6XL5yb4uw0eNBAibWOEDJ65Iijhz3HjxvDvSm0b2e+bs3qdWtWi1en4n3GBfPmbN+6iXsDbaCvP3qkw/Urlzp36ljQFaxjh/Zr3FdyK5iBQaMjhw7IEh381Z5w2INcazOzUo2dF68icetGT8seD+97jx83RuSOxufzN21Ye/SwZ9mODAYAAICKQIG78goAAABUWKmpqUnJyXw9PW4XTFEJhcKo6Bh1NbW6deuIdOsXW15e3vv3CZ/SP1XTrFazZg0pfSUCgSDu7ducrzna2to6OrVlKUBubm5SUvLHtI/aWtoSZ8QqRjEKOlAf2350nIrH9q3ik0MWdNB3795nZmXVr8cvKNgjIiEhMflDskEjA+7qdKUhNTX1bfw7FZVKtWvVql69epHemJScXK9ePfH4Vgkz5+TkxMTGqqio6NatK0tsWygUxsTGfvnypbGBQan2wUmvZgtcXM+d99qwzn3gAPvSK0NBMjIzY2NjVVRUamjXEBlq+esrRuH/+++/9+8TqmpUraFdo9A2Qvdfv179krSmj2lpMTGx1atV09WtK0s1K0arl7sSXu64+3n79i1RUODr6UnPWYyrd1FPbEFK47ZVen6F6iHdly9f3sbHf/qUrlW9et26dZSVZZqy6OPHj4lJSepq6np6urJcvcXJ5RmmSIRCYWJiUmJSkoZG1To6OpWLGCtKSUn977//GjTQl732FvUzpqV9iomN1dOtq6WlJUN2Qm+jb9/Gf/nypW7dOmyFyEL9gk84cW/fZmRkGDRq9BsF2DIzs6JjYpQUFfl8fmk/wgEAAAAwCBACAAAAlLoHDx+NnziJDiB78vDer9mxCz9fWHi4jZ09j8d7+vj+T+vXBgAAkBc84QAAAAD8vjDFKAAAAECp27N3P02MGzsafWdAff782XnKDEKI+6rliA4CAMDvCE84AAAAAL8vBAgBAAAAStfzFy/9/ANoesigQWVdHPhVvI2Pj4uLc5w43s7WpqzLAgAAUGR4wgEAAAD4rcm0JAAAAAAAFNvBQ4dpYsjggdrasi4FBOWekaGh17kzzZqalnVBAAAAigNPOAAAAAC/NaxBCAAAAFC6Dh0+mpuXq6aqZmtrXU1Ts6yLAwAAACAHeMIBAAAA+K0hQAgAAAAAAAAAAAAAAABQgWANQgAAAAAAAAAAAAAAAIAKBAFCAAAAAAAAAAAAAAAAgAoEAUIAAAAAAAAAAAAAAACACgQBQgAAAAAAAAAAAAAAAIAKBAFCAAAAAAAAAAAAAAAAgAoEAUIAAAAAAAAAAAAAAACACgQBQgAAAAAAAAAAAAAAAIAKBAFCAAAAAAAAAAAAAAAAgAoEAUIAAAAAAAAAAAAAAACACgQBQgAAAAAAAAAAAAAAAIAKBAFCAAAAAAAAAAAAAAAAgAoEAUIAAAAAAAAAAAAAAACACgQBQgAAAAAAAAAAAAAAAIAKBAFCAAAAAAAAAAAAAAAAgAoEAUIAAAAAAAAAAAAAAACACgQBQgAAAAAAAAAAAAAAAIAKBAFCAAAAAAAAAAAAAAAAgApEuawLAAAAAPIRFxe33/NQVlb2sKGDWpuZyWu32dnZ/zx9FhH55u3bt7Vr127dqqW5eVt57fz3VUpn+xeRkZGx3/PQmzdvLLp1te/fj20XCoXtO3XNysomhHidO92oYUP20vSZsx88fEwIcVu6eOAAeyk7nzx1xpN/nhJCFsybM9JheCl/lN/Yx48fu1j0JISoqanevnFNU1OjrEv0WxoybGRYeDghZOP6NVa9epZ1cSquvLy803+f/eefp00aN54wfpy6ulpZl+i3ERMTe+u2d+SbNxERke8TEqpUqdKhfTu3pa5lXa7S9eyZz9nzXlWrVHVynFCnjk5ZF+d3VdCzyrHjJzZt3kYIsbHuvdZ9VZmWsRRJuezI/tAiC7k8E548dWbt+o2EEItuXbdv3VTCIgEAAADICAFCAACA8iAvL2/chElR0dGEkPNeF/55fL92rVol323Q8xfzFyyiu6V6dLdAgLCUzvavY/3GzcdPnCSEXL12Q0NDo0d3C7o9Nzc3JSU1Py3M5b4lOfmDQCAghHz58lX6zrOysmjO7C/ZpfYJyoO8vDx6ogQCQWZmJgKExZP2KY2exq9fC6mZUKqu37jlusSNEHKV3EhP/7zIZX5Zl+g3kJmZ5Xnw0LYdO3/cnFhW5flp4uPfOYweR9O+fv5XL3uVdYl+S1KeVdI+prH7S1kXsxRJuezI/tBSKHk9E3769KkifCkAAADwq8EUowAAAOVBWloaN4wXHR1T8n0mJiYOGjKcu1sej2dsbFTyPf/6PqalDRoy3MraLiIiUvzV0jjbvxR//0CWDg0NK9OygKyOHT9hZW23cvWasi4IVFD+AYE2dvZDho3MyckRf/X58xcs/So4+OcW7Xe1cNFibnSwVcsWfe1sx48bM27s6DItlxxIry2hYeEsHRYenp2NX5MUR7l/VimUHC87c+cvtLK2u3DxsvhLv9d5lt70AAAAoALCCEIAAIDyQFNTk8/nx8XF0T/169cr+T43bNpCEzweb8vG9V26dFJRUSn5bn8L4eH/Bj1/QQhJTEoyMGgk8mppnO1fiplZSzorIyHEyNCwrIsDMrlx83brFN+FAAAgAElEQVRERGTVKlXKuiBQQT175kOvG1+/5igri/43s3nzpixtamL800v3+7ntfefqtRs07TBi2LSpk2vVrFnWhZIb6bXF0LAxSxsYNFJVVf3pBSwPyv2zSqHkddn58uULDQ1yA4HM73WepTc9AAAAqIDwQAAAAFAeKCgoHDvseeDgoczMzGFDh9SuXbvk+7ztfZcmVq1ws7TsXvId/kbevXsn5dXSONu/FJcF87S0tKKiorp26VzRvvrfV0RERFkXASq02Li3Ul61se7z+fPnJ/88bdK48cQJ439iuX5Xu/fso4ke3S1WLl9W1sWRM+m1ha+n9+fRQ+fOe2lU1XCciNpSTOX+WaVQ8rrsJCRIm9f39zrP0pseAAAAVEAIEAIAAJQT9erxV61wk9fePnxIYYugdOvaRV67/V3EFdaBIt+z/avh8XizZ04v61JAEWRlZbHlIQHKhPSJ9RQUFIYNHTJs6JCfWKLfmFAofPnqNU3PnD61rIsjf4VOw9ihfbsO7dv9rOKUW+X7WaVQ8rrsxEv90djvdZ5/8RlQAQAA4OfDGoQAAAAgQfKHDyytqalRpmUpA7HfpooC+C1IH98A8BNEx0iYfA+KhzuKvUED/TItS6lAbYHfSHx8IQHC3wiaHgAAAIjACEIAAIBywtfP/+69+4QQwyZN7Pv3Zdtve98JCAzSqV171MgRSkpKyckf/PwD/AMCgoKe6+joNDU1sbLqZdCoIcsfFh4uEAiiovJ/Yszj8QICA9mrNbRr1P9xeRVfP//g4JDQsPDY2Njq1aubGBsZGxl16Ni+srq6SAnDwsMvXLysoKAweNCAhg0aZGZmnTh58smTp3Fxb3V169rZ2gwaaM+yqaqqjhs7upqmZkxM7KPHTx49efJf6sfGBo3GjB7ZpEn+6kRvoqLOnvMKDQ1LSU1t0tjAyMhw8MCBBYUzk5KT/fz8Q0PDQ0JD49+9MzI0NDE2GjjAvkYNbW62tLRP7xPev3odTP8MD/9XTS1/9SNFRaVWLVtIP9tMRERkQFBQWGj4m6goQoipqYlhkybtzP8Qn3sqIyNjx87dhJD+/eyMDA3pwJGAwEBfX/+PH9NMTYybN2/W185GSUmpgG+eJCYlHT5yjBBShcebMH6curqaaGEi35w6fUYoFFr1tGzXzlzk1by8vCNH/0xMSlJUVHR2ctTQqJqQkHjk2J+EEDU1tVkzphV0XLlITEry8/P38w94+fJVvXr1WjRv1t2im75+/YLyh4WHP3/xMjg4JCoqWk1NzcTEuHmzZj26d1NQUJB+oHfv3h87foIQoqiouGDeHPEMtKUQQjp36tixQ3vuS+np6V4XL4WH/fu/iEgVlUrGxkZNGjfu2bNHNU1N8f1kZGT889QnNDT01evgzwJB/Xp8Y2OjHhYWurp1CypbTEzsUx+fwMDnL16+5OvpNWvWtEvnTjKuY5STk5OQmPjoyZP8on7+zG2wenp6tWvV4ubPysp68s/TsLDwkNCwlJQUPT1dY2MjE2PjduZtCz2HjK+f/8OHj/8XGfH+fUKjhg0NmzQ2M2vV9o82EjMnJib6+vkHh4SGh/+bm5vbpEljI8Mmffr0Fr9EHPA8lJKa2tqsVU/LHoSQyDdv/AMC/fz8IyPfGBgYmBgbDbDvX1AD/5iW9vjxk+cvXgYEBFaqpNKyRXMzs5ZWvXrK+IlYM+zQrl2XLp1yc3Nv3Lx9+crVN1FRmhqa7dq1neLspKb2vWXl5ub6+voFh4a+fh3y/v37WrVqmhgbt2/frkXzZhL3HxMTe+XqtYjIN9HR0TVr1jQ2NjI2Muxp2UNiu5a9CtFKq6qq6uzkqK6ulpCQePjIsaDnL9I+pTVs0GD8uDH+AQFpaZ8UFRV7W/Vq3qyp+LHoYLWDh46k/vefoqLiJMeJ3DMcEREZ9PxFSGhocHBoVnaWqYlxixbNB9r3r1SpEvdUfEhJiYuLY2NYA4OC2GWzWrVqjRo2pNeZLVu3f83JIYSMHzdG4nJ6Rb2bsNtERmZmQEBgQGCQr59/JWVlU1OTjh3ai7Ri6QQCwTMf39DQsFfBwUmJSY0bNzYxNmrdulWzphJOWpEaUQlvwYSQ0LCwgoqtqaHJXSW30PrwR5vW4kUKev7in6fPnvzzVFFBoUWL5hPGjdHS0qJfma+f/6XLVyMjI3Nz8wwNG7ds0bx/v74F3YzkWFsIIWfPeUVERhJCeln2MDNrJX442WtLyW+y4juUsYWW7fOMLM8qEhXpCi8d96qenZ39zMf3yZOnfv7+NWvW7Ny547Ahg2n1yM7Ovu1957b33fj4eB6PZ2xsJH4j5pKlssl42ZEuMzPrfcJ7Xz9/+md8fDz3DmtibEKfuAo9zwkJif4BASGhYcHBIdnZ2cbGRsZGRh07tJfyYCAi6PkL7zt3hUKhgoLCJKeJ3McPWZ6LZG96RX3mAQAAgN+dQl5eXlmXAQAAAOTAY+fubTt2EkJsrHvv2LaFbV+9Zh2NHh07cjA9PX3q9Fni712/1p0G5wghI0aN9fHxLegoIx2Gr3BbStPJyR+WuC33/rZUIRefz9+6eQMLp1G3bntPnjqDEDJt6uRJjhPsBw2NiIhkr7Zq2eLsmZPcbNOnTWnUsMGsOfNFdn7lkpexkeGx4ydWrHQXeUlbW2vvLg+RzsS8vLxz5y+sXL2GTZrK8Hg8j+1bunbpTP88fOTY6jXrCvrsPB7vZZAfTRd0tgkhX7582bl7767deyXuZMM694ED7LlbUlJS27bvRM/AwQP7Zs+d/+DhI5F3mZu33bZlY0F9W1++fGlj3pF+urXuq4YMHiiSYcasOVev3aDfy/07N0VeDQwMGjzMgaZfvwhUV1fz8fEdMWqsyEcmhHz9+tXINP87vXH1UuPGBuylYSNG+fkHEEJWr1w+fJi06bzGTXB6+OgxIWTxogU6tWvPmDVXPM+eXTt69bQU2Zidnb11u8cBz0Pi+Tt17LB61XK+np6U47589dp+YH7BIv8NEc/gvnb9ocNHCSEjhg/lzhV289bt+QsXS6w8a1avsLHuw+2De/Hy1czZ8+IkjUBdvXL50CGDFBVFJ/C4fOWqeCUnhDiMGHbir1M0/eThPR0dycsaNWpiUvCHFv06goNDZs6eFxUtYQBB1y6d165ZJRJNFJeenr7AxfXWbW/xl6z7WC1xXSSyB68LF+ctWCSemc/nr1+72rztH9yNVtZ29JrwItB3337P3Xv3i7xLR6f2Lo/tLVs0F9keEhLq6DxFfBhlr56WT/55Sr+77Vs32dpYF/S5uM3w7JmTC1xcz5334mZ49dy/cuXKNJ2YlOSyaAmtxiLGjB45b84slpPatmOnx87d4pmNDA3XrlklErcrUhXiXt5r1NC2tu3PzT91inN6evqxP0/QE3739nXx6kcIuXrtOm2GPB7P9+kjGgfNzMza7rFTYnMzNTXZsXUzi+I7OU+9c/eeeDaKXSGlXD1KeDex6dPbafI08TM2epTDYpcFIgEDiV6+ej1j1lyJ53ykw/AF8+bweDy2paiNSL63YBGWlt337d4p8VgS68OcWTO42Q577r/34AGtIYyOTu3bN68pKSq6LnXzunBJ5Iitzcw8dmwR+Yxyry3S7ylFrS0lv8lyFamFluHzDFXQs0pB24t6hS8Uu6o/fnB35ux53Oga3afH9q0JCYkTHJ3DwsNF3jti+NBlSxaLNGHZK1vJH1pevw7uN2CwlE/H9inlmZAQ4nXh0rwFLhL3sHL5suHDhtA6s2+/54ZNWwghFt26eu7fw8327JmPw+hxNO0wYtgKt6X0wUP25yLZm16RnnkAAACgHMAUowAAABWF69LlrGuSx+NxezwXLnINDs4PmRh++z27RKynJiQktEevPtweOj6fz9JxcXGDhgw/dfqMxJ18+JCyyHUZNzpICDE2NhLJ5rFzN+tN09bWYtvdlq+6cfMW603jvpSSkuo8dXpGZibb8vnz5wmOzgsXubLODm1tLfbZBQLB+ImTWFxBVVVVymeXhUAgsB84lBsd5B6OELLAxXXu/IUS3xv0/EW/AYNZxyX3c/n4+C51W1HQQVVUVHpb9aJp7zuifaaZmVk0Oki/l//9L0Ikw917D2jC1sZafPRh6dm+Y5fE6CAhZPLUGSKdv58+pQ8YNIz1gvH5/B7dLVqbmdE/Hz/5x8bO/uPHj3IvZEhI6JRpM1nlad/OvFPHDvQLFQgEM2fP+/AhhWX+++z5AYOGso7j1mZmPbpbsMDekmXL94hFvHbt3svtMubxeEaGhjTNooPScWuXdF4XLva1H8QNbHDb7IOHj3pa2bx4+Ur6TlyXurG+4wb6+j26W5ia5kcor12/efDgEW7mBS6uLDrI4/E6dezAzl5cXNyIkWN8fP3EjkAIIf0HDGHRQW5DSEhIdHKewm3ghJBHj5/Y9R/IjQ6amprQo9y67S3eyyndh5TUk6fOiEQH+Xw+i/m9fh3c08qGRQeNDA179bRko7iOHjvu5DyV+xPMv06eZtFBbW2trl0601FcdNjHosVLuQcqRhWioqKiJ00WXTe0SWODoUMG0XRcXBztDRd34uRpmhjpMJxGByMiIu36DeB2OnPj08HBIVOnzxIKhfRPNgal2EpyNzl56nQf237sjHFry7E/T8jSiM6d97IfOIQb7zEyNGTN6viJk7PnLmAvlaQRyeUWLKOC6oPIlnETnVh0kJUnISFx/4GDGzdvZdFB7rcfEBi4fMVq7k5+o9pS7JssU+wW+vOfZ4qnSFf4IunUtTuNDnJr/rXrNx8+fMyNDnLPwF8nT5/88assUmUrORUVlZLvZJHrUm50kHuXJ4QsW77yyNE/pe/h5avXLDrYv5+d21JXGqIr0nORjE2vSM88AAAAUD5gilEAAICKgnZpTXKa2K+vbWMDAwUFhfsPHs6cPY92BGzeuv2Q5z5CiNtS11kzpvv4+tKfvRNCrl72YnFBndq16VRFy5avZD0Imzeut+rVU11dTSgUhoSGTp+ZPxTDdenybl27io98Yp13w4YM/uOPNnl5uZGRUdZ9rCQWe6nrIjtbG21trbi4OOcpM8LCwwMCA2k3U/t25uvWrtbT1RUKhUePHXdfu572qZ04cdJx4nj6diUl5dfB+fOFzpk9c8SwIdWrV6c/x3aaPC1/aJHHzrXuqwghQwYPbNeubV5env3AofSldWtWm5m1zN+VYuHzj+3eu5/1c01ymug0cXy1atUIIe/fJyx1W3Hv/gNCyIWLl/tYWVladpf4HTXQ11+8aEGb1q01NKqmpX1a6rachve8ve8+f/FSfOwUZdXLkoY07ty9l5mZxY3zPXnyDzen9927ImN3bty8RRMsyvhz0DO8eNECy+7d69evl5OTc/XajTnz8vvit2736NHDgv1QfdfuvfTE8ni8TRvWsvGFiUlJc+ctfPrMRyAQbNy01X114T28RbJ95y6a6NSxw/atm+i3mZOTc9v77qnTZ/ra2dSsWSO/JImJLouX0HRfO9ulri50mj46V97CRa6EkC3bdtjaWLNJemNiYrds20HTDfT1d+3cZtikCR0Sev7CRdclbmLFkcD71rX09PTr129u3e5BYxs7tm9mr9bQzi9eUnIyi9Xp6NT22LalRYvmSkpK2dnZd+7enz5zNv1Glrqt8Dp7uqCp9kJCQlmweZfHNlZh3sbHHz12PCYmdrKzI8t85+49FmabN3fWxPHj2FRyGzdvpQOYXJe4XbtyQbwTlgZg3Fev6Nq5c506OkKh0PPgYTq0IiUl9cRfpxwn5PeW5uTkLHVbyd64b/dOC4uuSkpKubm5AYFBExydixogjIuLW7JsOf3Gra178ypXjomJbdCgAX1VKBQuXupG92lqarJhnTvr6g16/mLajFkJCYlPn/lcuny1X19bmn/dhk00wySnibNnTqcnIT09/czZc3fu3ndZMI8duhhViHFbsYq2jgnjxxo0apienh4b97ZTp47VNDVbm5nRC+bfZ8+JDNmkExuy8WpDB+dHE4W5QvoV6OjUnj93Tp/evVRVVXNzc0+cPEWDQ2Hh4ZevXOvfz44Qsmb1ypkzpr19Gz9+4iT69ssXzql+64yuUlgAu4R3EzpdXo/uFpOcJjRr2lRFRSUiInLm7Hn0crFl244hgweKDOjkSk7+sMDFlaa1tbW2bt7Yzrwtrf+BgUEbNm3x8w+YOX0qzVDCRiSXWzB1+vTZg4elhWoKqg/iOXk83tbNGzq0b6+urvbP02fOU6YLBAIW0h43dvScWTMqV678+fNntxWrLly8TOPuQc9fsFF6v1FtKclNtoQtlPqZzzPFUKQrfDE0b9bUbdmSZk1NFRQUjh47TidsGDfRib66bs3qAfb9lJSUYmJip8+aQ0PmmzZvGzTAnjXhIlW2kmvSpPH9Oze/fP26fsNmOvxuxPChY8eMYhmkz1tAfzRw5u9zNN2qZYv169wbNmigoKCQk5Nz89btNes2VKqkMnjQACl7+N//IkZ+iw5aWnZfv9adXVuK9FwkY9OT/ZkHAAAAyg0ECAEAACoQkZkbLbp1XTBvDu1JfPDwkVAopP0Ompoa3J/kGzRqpKz8wzPDxUuXg56/oOnzZ0+zZbeUlJSaNW168fzf1nb96M/YN27esnnjeomF2b93V4/uFtILvG/3ThZI4/P57qtXDBw8jP6pra21y2M7XaFHSUlp/LgxQc+fX7t+kxDi4+vHOtTU1dX+PHroyZOnvXpZ6unqsj23a2e+aOF8Gglg0y4pKys3bNCA/tSa9rXVrVuHuy6LdG+iovbuO0DTixctmDBuLHupTh2dfXt2zpozj5bQbeWqTp06cJc0o7p26bxtyyYNjar0T01NjQ3r1jzz8aWd4M+e+RTUd9mh/felenz9/LiTjN24dYub8/qNW5MnObE/o6Nj2GiYLp0ldB+XqkOe+1hRlZWV+/W1VVZWosMKw8LDHz56TF+NiIj0PHSYZtuzawd3XaLatWrt3rmjU9fuAoHg1Jm/nRwnFNQzWzxPn/rQhMvC+bSnjBa1T+9efXr/EE+l4StCyB9tWm/asJYbHhg00D4lJYVm2LVn34Z1+YNFPHZ9H1h2/uxp9r2rqKgMGzK4dq1aE50mF1rCWjVr1qpZk61tqa6uJrHGbtq8jSZ0dGpfvXyBrSSkqqpq3ceqfr2zfe0H0REY585fEJ+llnr5+jVN9OppyQ0n6+nqui76YVxsVlbWKvf82XqnTZ3MrXKqqqpLFrtERr55+OhxVHT01WvX7fv3EzkQn8/33LebDctTUlKa5DTxdXAwbT6PHz9hAUKvC5fYaJ6L5/9u2tSUphUVFf9o0/ralQvWtv2LGiMkhEwcP26Ri4R5X8+dv0C7rXk8nuf+PdwJCVu1bOGxbQudrdd97ToaIIyKjqFH5/F48+bMYnMPVq1adcK4sdxLRPGqEBePx7t+5aL4ilajRg6nEQivC5eWLHZh1Zg6ey4/iNulcyfWdgybNPHcvycxMdHO1oYN91FUVBzlMMLPz5+GEB4/eUJ74atUqVKlShXupHMNGjSQfSxyye8m06ZOnjFtCjtdBgaNNm9aZ2NnT8N1YWHhElewo1gb5PF4ly+e506faGbW6tRff7LbolwakbxuweJLzYkrqD5waWtrnfrrz4bf4t8d2rebPm3KuvUb6Z9du3Resjh/5FOVKlXcV6149PgJvRkFBAayAOHvVVuKfZMteQv9yc8zxSD7Fb4Y2rcz37dnJ6sh48aOfvT4CRvN6bJgHouT1a9fb8M6d9aE/xcRyb7oIlU2uaAtkVUYLS0t2Z8JhULhqtVradrcvO1hz31smgplZWUb6z59elvR8he0h7i4OIfRY+lNpH078+1bNrFLQVGfi2RserI/8wAAAEC5gSlGAQAAKgqHEcPE13Xr1ev7lnfv38u4KzYpWa+elqzjhtHU1JjinP8L5QsXL6elfRLfw8AB9oVGB/l8vsgwu5YtmrMuob52trQ3jbHq1ZMmIiLfcLcbNmkyftwYbm8axUJTKSmpnz9/ll4YWXh5XaQJbW0th+HDRF5VUlKaNjU/3kOHGYnvYa37StYPRampqdn06UPTMbGxBR1aXV2Nra92//5Dtj07O5tOE2dqakInNgwODol7+5ZluP8gP7OlZXfZJ6uUizmzZ4qslkRHMbIZxtj8k3TYCu1P5/aCURoaVSeOzw+0/Pu//5VSaUNCJCxbyAgEAlbIRS4LxAcPjR41kiZevHxJEx/T0tgMftOnTRH53mltl1PZiUAgYIP5nCc5ssAGY2pqwobwHv/rZEH7+fr1K038738RmZlZUo7o6+tP43Y8Hm/q5EniGZwcJ9BESGiY+Kvz585i0UHG+ltDiIj8Pjsxm5ytV09LFh1k9HR169TRkVJOiRro68+eJTo9I3XyVP5snDOmTxFfrszMrBWd3i0lJTU1NZUQkpOTf8YEAkFc3Fux/X1XjCokYoXbEonRoJ6WPVjTvnz1Gvel7Ozs4yfyv+4Rw4dyX7Lo1nXY0CHi14Selj1oIvLHy2yxlfBuwufzZ8+cLnK6jAwNG+jr03Rswac9MzOLzUHqPMlR4uJqbM8lb0RyvAXLoqD6wNWntxWLDlKdO3Vg6WFDf1h9TU1Njd1kY2J+uBn9LrWlJDfZErbQ3+J5RvYrfDGMGD5MpIZ0t+jG0gPsf1gv08jQkMXIRZZ7/GmVreR8fP3YD7DmzJohPom9oqKilOhgYlLSqLETaei6ebOm+/bs5P6qrLSfi6Q/8wAAAEB5ggAhAABARcH94TBTQ/v7QITkpGRZ9pOXl/fyVf7PzAsaadTXzoalY+NEe9x4PF6xf43OuvtFujW5L4l0JxWkdu3v3cFJyTJ9dun+jchf3m/gAHvx0YG0a48t5xMVFS2egUj6jup+6+SVvrYQ60+8ev06WwLt2bfJA2369Laxye8DpTOdUre879BEHyvJU7yWHokr4igpKbEP8vZbIJN1b9WpoxP0/IX4v0/p6TQDN3QkF2yUzAIX1w2bthRUtbjfpjAnR7yEbOLZiIjInJwckR72vra28i22CFmONWhg/uiN4OCQ3NxciXlMjY1pIio6etCQ4be977AOZRGRb/K7aPX16weHhIqfkI8f02iGf/+V0HepoCDhPymsgSckJNIanpuby06s9FnaisR99QqJ7Tc3N5dd+niVeRKrIstM+4W5Y03s+g888dcpiUGL4lUhLnPztuIDMSk1NbWRDsNpmoUDqTt379OxKdraWhbduhZ2YgghhI1VjX/3Tpb80pX8blKQevXyowuJiQVeNrl7GzTQXvoOS96I5HULloWU+iAdN0qqX7++yKt169ahiffvE2Ta2y9YW4p7ky1hC5XoV3uekf0KLxc636oHj8fjLj1I1WdNOClJlr3Jt7LJBaszDfT127Q2k/2NQqEw8s2b0WMn0G/fwKDR4UMHRGKipfRcJOMzDwAAAJQnmGIUAACgQuP+eDmP5MnyliROZ41uXckDFKpWrcrj8WjXc3R0TLOmTbmvamlpifxYXnaV1dVpQnxmJPGVzMTl5uampv6XmJj4PiExSbZeJ9mFh+f310hZlqZRw4Z0isLIN1Ey7pYF0goK21BsgtCUlNSw8H+NjQy56wv27NlDTVWNLtJz7dqN0SMdCCEfP35ky4/JGB74CVgPNRtxFfztl+x/nTz918nTUt77Ni5evoWZ4uz0+Nsijvv2e+7b79m8WdN+fe1srPtwV+Lhfpt0kkkpEhOTdHXrsn43Ho9X7OYgIzaIQcqxdDlDUhISElkkgKtFi+ZdOnd6+OgxnQPWecp0Ho9nY927n53tH3+04Q6piYjI75EMDg4ZNGS4lLLJ3nfJHX6Rl5enoKCQxAmoFDpYSnb6+qJxEYobFKGz+Unx9u271mZmlSpVmjN75pat2+kIpGXLVy5bvrJHd4u+djY9unfnXsSKUYW4WxqLDbjkGjJo4L79nvR74a4e99fJ/PFzoxxGiExiyZWTk5OUlJyYlPT+fULQ8+d0Y1ZWtvRCyqLkd5OCsNqSm1fgZZMb8xMfDypCXo1IRDFuwbKQXh+k4C52KB4mV1Up/Gb0O9YWWW6yJWyhEv1qzzOyX+HlopJKfmWT+Guh7004t8B2UXqVTS7YRaORgayzklIPHz3u1Tv/Vwg8Hu/Po4fEhyyX0nORjM88AAAAUJ4gQAgAAABFE/f2e1+DlP4Cvp4e/UF9bGzZ/wA5Kyvrxs3bN2/dvnXbW2IGNuSu2IRCIQv5SOlrZj/zZz1H8lKlShVLy+7e3ncJIQ8ePDQ2Mvz69StdksfI0JAOUGjerOnLV6/9/AOSkz/UrFmDdQN17dK5tGNUsqtevTpNsHEAbFQHj8eT2JPIiE8yWULm5m337921yHUpneaLEPLy1euXr16vcl87yWni9KlTaMdu8ofvkSrxkRBc1atX19LSIoSwiV6LMQdmUcV8a4NSjsVd1extfLzE2IaSktK2LZvc165ncy0KBIIzf5878/c5A4NGa1evZIu9ccd8SD8h7duZF/0D5Yt/9/1aVGiAp+RSUlNZWvqHqlSpUoMG+VNcTp7kqKSouHHzVvbqnbv37ty9x+Pxli1ZzAauFaMKyU5fv36njh1oez/z91kaIIyOjmETHbOhb1wZGRl37t4773WRBgxKQ9neTVgbZPORSiGvRlRelfvaUqottEhK73lG9it82foJlU0uoqNjaKKuTvEvBQKBICYmVvwGV0rPRTI+8wAAAEB5ggAhAAAAFA33h8yCjAwWzhHxMe1jfv5q1X5W0ST799//jRwzjnV2UHw+v1bNmgGBgfI6ipKSEhu48FkgKChbenr+4kDaWpLPW0n0sbKiAULvO3edJzn6+vnT8tja5k8uamdrQ6dou//g4eBBA257381/Y++fPb+oFB/T8ief1NHJ74hvoK9P46lbNm2w7FHI0pVy16O7xYO73nfu3qMAbjgAACAASURBVL1w8TJ3dtZ9+z3fvn27fetmBQUFtiKUkaHh1ctesuyWVzl/urDs7C+lU/DvtKrnt0Epa1NlCDJYWkq0WFNTY8M6d6eJ4y9cvOx18SLro4yIiBw8zOHC+TN0yA6fnz+IdsK4sYsXLZDfR/mBupo6S3/5UuqnsY7O98jQretXZLyyKSoqOk9yHDRwwJWr1y5euszmSBQIBAsXuWZlZdH5P4tRhYrEYcSwbwHCc4tdFlStWvXsufyjWFp2Fw96Xbt+c/rM2dwtPB6vVs2aqqqqbCrFkivbuwk7uixTMsqxEZU/FaG2lHYLlVFpP8/IeIUvQz+nsskFixN/Spc8s3RBWrVsMX3alFWr19InnwmOzrdvXGFzqFKl91wkyzOPHA8HAAAAZQ5rEAIAAEDRsK5/QkhSouRZrYRCIetXKmi+vp8jJCR00NARtDfNwKDRcrclt29ejfw35P6dm2dOHWfZ5NLfYWJsRBMJCQWuz/Tu26i4Ro2KOQWcFN26daGJoOcvPnxIuXnrNv2zV09LmrDs0Z0mbt66/eXLlytXr9E/f535Rblnj63fZmxsSBNyH3YpI3V1NVsba8/9e54H+KxxX6mjk99Pd/XajdDQMG4lDwsPFwqFsuyzqEtMlQQbIJWQkFhQ8bhj/urx60nfoYFBo3lzZz15eO/C+TMDB3xfvG33nv00wb47ua8KycW+CEJIcvKH0jsQVbNmDbYKVHSMrIvhUTVqaI8dM8rr3JmH97xnzZjGtm/YtIXOaliMKlQk3S26sWFP127c/PLly7HjJ+ifI0eIzgF77rwX64Lv2qXzlk0bfP559DLIz/vWtdWrCplbtUjK9m7C2oVAIMjIzJQxs7waUblRQWpLabdQWfy055lCr/Bl5adVNrlo1DB/acmYIt4vqlWr1rVL5yOH89cdFAgEU6fPEvkRTKk+FxX6zAMAAADlCQKEAAAAUDSqqqp8Pp+mn/n6Sczz4sVLltavX5YBwiPHjtNRdL16Wl449/cohxF0ss3S0KRJY5pgU3eKEAgEAYFBNC3LpHZFVU1Ts2uXzjT96PHjCxcv054+Fq2pV49vampCCLl3/wH7Ybi5eVvuzHhlSygUPnqcf/YafpukseG38nN/zF5UlStXZum0tKL9nJ+pWrXq0MGDrlw8z2ItIaFhhJD69b5Xcv8AmYZxcIejFbX3sKi4HeVBz19IzMNWo9TRqS37HGLNmjbdsM59wbw59E82hIVNsOkfEFjss10o7hCi8H//LaWjcDVpbEATjx8/Kd4edHXrTp825e9T+cE5gUBAJ0IsRhUqEmVl5VEOI2j61KkzDx4+ohdGHZ3aHdq34+bMy8tbv3EzTS+YN+eQ575+fW1L6RJRtncTbrvw8/OXPbN8G9FvreLUltJuobL4mc8zVEFX+DLxMyubXDT8FiAMev5CZNCnLPR0dfft2cn2sMp97Y87l8NzUaEKeuYBAACA8gQBQgAAACiyLp070sTefQcyM7PEM+zzPEgTfD6fO8rn57v/IL/rZMwoB5EeW4klF5GVVXgexrztHzTx9JnPq9evxTOcO39B8G32UboMmNyxyUJ37d5Hj9XXzpabwaZPb5pYu36TyJafLDNDwpCdm7e82Yi6Tp3yq1mHb8vU+fj4FrsvTLduXZYOCQ0VeTUjI+PVKwlfmUTVq1dvZ96WpunaP+rqan+0aU23rFu/kY4Jk471dBNCTv99VjzDib9OyVgeLom1ulatWiwgvf/AQfEMWVlZu/fmDw3p0rlTUQ/KRqBW/jZvalNTUzb0Yd8Bz6LuUEYKCgrNm+XPd3f0zxPiGR49fhIRIc8hjCwAv3W7hyzzUhbEzKwVG4yopqZWvCpUVGwk0MtXrw94HqbpsaNHKSkpcbPFxMSyvuwxo0eK7CSzsJF2hJDsL9myl6oM7yZaWlqsGXrs3C09c2k3ot9UxaktP6GFFqqEzzPFJn6FJ4Tk5uYmJiZ+/fq19I4rouSVreSyinKeTU1MWPrI0WPFOFz7duZLFrvQ9F8nT/999jx7qeTPRbI3PfFnHgAAAChPECAEAACAIpsxbSpn4qOZ3BFCubm5Ozx2eX9b3G7ZkkUivc8/mUbV/IWgEn6ckezDh5RxExzZn3l5eRLf9fjbaLak5GRBwSsLUn16W7Gw3/SZc0WGNHnfubdilTtNO04cX68eX9I+Sop15LFZp6y+zS9KWVrmzzLK4nA9uv/sVf2ords9Ll66wt0SEBjosngJTVt068pOprl5W+s++YHPhYtcH/04eEsoFF69dt2yl/XU6bOkzPymrq7G+ou3bvPgzigY9/bt4KEOfv4B4u+6dv2mx87dHz6kcDempqY++zZUyMgof15Zt2X5JX/56vXCRUtEFip7/z5hkevStu07PX3mQ7doamoMGzqEpvft9+R28AmFwnUbNm3d7lHQZxFXpUoVmggLD6fzHAqFQjYwUUFBwW2ZK03fuXtv0+Zt3BOVnp4+Y9ZcVr1nzZxe0FFSU1M3bNpy5+49ke3e37awr0xTU4MNOtm33/PQ4aMi/enPX7wcM26ilbUdd1bGYhg/bgxNBAeHeOzczT3Ktes3x453LPitxTFhwjg2kGKS81SRoZ8ZGRm79+5v277TAc9DdItQKNy33/P4iZMis8P5+QfQE87j8Vi1LGoVKqq6deuw5s9GAtn37yeSrTLv+1jb5A8/TNz6+nXwrDnzJO6c1UBCyNOn+SWMiYktdDLGsr2buC1dTBNBz1+sWOnOjXZ8/frVY+futu073b13X46NqJypWLWllFtooYr3PCM72a/waWmf+tj269DZonXbDgUNqJW74lU2uahapSpNsJOTkZFR6M2rbt06To4TaHr33v3nzv+wdGVqauqMWXO69bCSPs34uLGj7fv3pWmXxUtevHxF08V7Liq06cn+zAMAAADlhnJZFwAAAAB+PzVqaM+bO2vFSndCyIOHj3r2tu5paVmPr5f26dPTp89efhuJ1bVL5+4W3cq2qC1bNqehsmXLVxJCjIyaZGVlP3r0+MDBw1ICfo0MGtJ3HTt+4mNamoZG1eMnTrY2Mzv11zFFxQJ/X6WoqLjCbWlf+0E0/GZt27+vnS1dhOblq9esX4nH401xnlQ6H5fUqKFtbt6WzXTXQF/fwOCHxQ4bNWxoYNCIDatq1bJFGQ7xnDNvweUrV1u1aqmmpvr6dcily9/jhXNmzeDmdFkw/9r1m4SQlJTUseMdLbp1bdasqaaGxtv4+Os3btJFp6Kio2973+lt1augw02fNsV1iRuNjljb9h/Qv6+SkpKvn39BU8KG//svXe7owMHD48aObvtHGx6PFxkZ6bFrLx3HYG7els2DamxkOHqkA13X7bzXhX+ePu1u0a1Rw4afP3/mfvtLl63wvpW/9KPjhHGnTp+h6YlOk3t0t6hfv967d+8fPX5SaDRaRH1OvNlh5Fgrq56PHj8JDg45duRgxw7tCSGdO3Xs1dPy1m1vQsieffvv3X/QqWMHbW2t+HfvvO/cZat2uSyYV7tWrYKOsmLVGrpupbl526GDB9WvX08gENy8dZsNdhwyeCDLPHzYkJOnzoSFhxNC3Neuv3Dpcntzcz2+bmJC0pN//mFXib37DrgtdS3Sh+Wy7tN73YZNtPzbduy8e+9+y5YtBIKMJ//8wz6UHFVWV1/htmzajFm0UXfv2bt/PzvDJk0UFBQi37xhwzvWbdjUt69t7Vq1/j57bsOmLYQQz0NHJowfY2RoqKCgEBAQuGvPPprTccI4tvNiVKGichg2jEVQ6PBi8Qn6atWsqa2tRWv41OmzFs6fq62tlZr63/UbN/86ebqgPdesUYOlFy5y9fXzS0hIvHXbe/q0Kdw1F8WV7d3EolvXLp07PXz0mF7t/3n2rEd3i3p8vfj4d+cvXKRVyGXxEt+nj+XViMqZClVbfkILla54zzOyk/0K//TZM/oUIRAI9h84uGfXjpIfvVDFq2xywSbNjoqOHjFqbMsWzc+eO5+VlX3P+yb7yYhEkyc5nfjrFP12Fri4Xrl6vU2b1poaGpGRb9gqsB679m5Y5y5lJ6tWLP/3fxHBwSGEEMdJk69dvkiv28V4LpLe9Ir0zAMAAADlBgKEAAAAUByjHEZUUq60ZNly2jfB4hzMsKFDFi0sxR90y2iys5PXhUu0G2vu/IXcl3pb9VJUVKDdKyJGj3Rg3egsahUQGBgY9LxNazMphzM1NTl54tjsufNp1ww34kW1NjPbuH6NhkbVEn+yAln3tmIBwv797MQz2NlYs9Fp1mU0vygt24WLl7mrIVI8Hu+Q5z4TE2PuRl3dupe8zs6Zv5B2Soq/ixAyxdmp14/DJUUMGmB/9ux5OtwhLi5uu8cu9tIfbVr379+Xhg8ZRQVFI0PDsPBwgUCwc9cekb1pa2tt2bieGzBe5DJfQ1OD5kxISBTvsuTz+Xu/LSlEVzXbsM59gcv3YUnck3DsyEHXJW40wFYoY2Oj1mZmdFhYVHT03n0H6PY9e/fTACEhZPOm9Rs3bqGdkmHh4eJ7dlvmOnLEcClHYSsq+fj4sjrGzJw+tf23Sc8IIUpKSkcPe7ouc6NNKTg4hPZvcnXt0lkkElxUSkpKe3d7THB0pt2XL1+9fsmZKnat+6o3UVFsPJ9c9Onda/vWTYuXuNE+X7rSp4g9u3bQEJG2tjaPxxMIBHFxcctXrBbJ1r6d+ZTJP/xWoKhVqKg6dmyvo1ObhbKGDxsiMdtil4X0ahkcHDJ67ATuS3PnzDpy9Jj4eloKCgrTp02hE3UKBIJj32Z89di5e5LjROkL8pXt3WTr5g2LXJfRsF9ERKTInLStzcy2bF7P/ix5Iyp/KlRtKe0WKl3xnmdkJ/sVnjs6sxir6xVbMSqbXNhY99m0ZRu95nNPzum/z05xdpLyRg2Nqn+fPjFj1lx6YXn46DH9OQIzYvjQRS4LpB9dXV1tz84dfWz7CQSClJTUGbPnHjvsqaysXIznIulNr6jPPAAAAFA+4O4OAABQ3qipqUveriqt002EqqoKSysoKIhnUFBQGD5syN3bN+z792UrM9EehK5dOnvu3+O+ajl3LiMuXuXKErcXKZuKioqUV5lGDRv+feqEqakJd2PzZk13eWzb5bGNTa+nrPTDr6Y6dmi/xn0lWySMEGJg0OjIoQPi0UHxs932jzY3r112cpwgctA/2rRestjl5Imj9evXK6i0qrJ9KOkse+TPIqitrdVPUoCwX19b9tFYZomkLDajqir5JRnXp+Hz+YtdFv559FCnjh24G4cMHnjr+hWJUVhTU5NLXmdnzZjGlp2jtLW1RgwfevP6lblzZknvulJWVj554tgUZyfuN9uqZYt5c2cdP3bYoltX7rqAhJDGjQ0uXTjrtsxV5Ig8Hm/a1Mn3vG+KDL5UUVGZPXP6+bOnLS27i4wqMDdvu9Z91a3rlw0aNeRuHzjA/uyZk2xpK1rTxo8bc+3KhZYtmkuM70qkoKCwfesmkZXPRo9y2OWxnf1ZWV3dbZnrsSMHLbp15RaPz+f3tbO9dePK6JEO0k/gzOlTb924YmPdW+TTtTYzO33y+IzpU0Xy16ihvW/3zs0b15ubt+Wecx6P16un5ZFDBw557qtaVUKwnHv9KejzsnSzpk0vXzxv3ceKHUJbW2vgAPtTf/05ZPBAi65d6EbZL4CFNkNbG+vbN68OGTyQe+mj392sGdP8fZ6wDtmelj0e3vceP26MSE4+n79pw9qjhz1FZkEsRhUq0qdTUlIaO3oUTTfQ1+dWPK7+/ew2rHMXKYClZffLF85NcXYaPGigxJbu7DSRzfhKWXTrevvmVfF4j8jV4yfcTaSoVq3anl071rqv4q4Ly+Px/mjT2mXh/JMnjurp6rLtJWlE8r0FS9+njMeSnk1KM1RX/37jK+3aIvLektSWkt9ki91Cy/B5hirwyZCzXfYrfLeuXdigND5fl8hASnXiLm0oqYTfK0DxKtu3AhT/oUVbW+vwwX3cJwRtba3lbksmOU4QySl+ng2bNLlw7m/nSY7c6Ry0tbUsunXdu9tj1Qq3yuqibxFvBbq6dQ8f3EfvcT4+vgcPHaHbi/FcJKXpFfWZBwAAAMoHhWLPUA8AAADAZGRmxsbG1tCuIT5h3S8iNTX1bfw7FZVKtWvVql69uixvycnJefs2/suXL3Xr1pHS4Sh9DzGxsSoqKrp16+Jn1wURCoVv3kRpa2tpaUmbqkvkLTGxscIcYfXq1YtX5RISEpM/JBs0MpA+WkXkiJkZmXp6epqaGrK85b///nv/PqGqRtUa2jUKPYpQKIyKitbW1pKxchbk48ePiUlJ6mrqenq60qtcampqUnIyX0+PG7orwoHS0mJiYqtXq6arW1eWtb7y8vLev0/4lP6pmma1mjVrlMbSpHl5eW/j4wkhfD09ue+8IPTSp6KiUkO7hvSRwZmZWdExMUqKinw+X8ZaV6QqJHdCoTAxMSkxKUlDo2odHZ3KsoXiMjIz38W/U1BUqMfnV6pUqRjHLcO7iVAojIqOUVdTq1u3jpSwHFPCRlSeVMDaUoYttBjPM0UlyxV+gYvrufNeG9a5DxxgXxplKEjxKlvJ5ebmJiUlf0z7qK2lXbNmDRneIYpW11L61or0XFRo0yvGMw8AAAD8phAgBAAAAAAAAAAAmYSFh9vY2fN4vKeP7yNADgAAAPD7wi/ZAQAAAAAAAACgcJ8/f3aeMoMQ4r5qOaKDAAAAAL81BAgBAAAAAAAAAKBwb+Pj4+LiHCeOt7O1KeuyAAAAAECJYIpRAAAAAAAAAACQyctXr5s1NZVlqU4AAAAA+JUhQAgAAAAAAAAAAAAAAABQgWCKUQAAAAAAAAAAAAAAAIAKBAFCAAAAAAAAAAAAAAAAgAoEAUIAAAAAAAAAAAAAAACACgQBQgAAAAAAAAAAAAAAAIAKBAFCAAAAAAAAAAAAAAAAgAoEAUIAAAAAAAAAAAAAAACACgQBQgAAAAAAAAAAAAAAAIAKBAFCAAAAAAAAAAAAAAAAgAoEAUIAAAAAAAAAAAAAAACACgQBQgAAAAAAAAAAAAAAAIAKBAFCAAAAAAAAAAAAAAAAgAoEAUIAAAAAAAAAAAAAAACACgQBQgAAAAAAAAAAAAAAAIAKBAFCAAAAAAAAAAAAAAAAgAoEAUIAAAAAAAAAAAAAAACACgQBQgAAAAAAAAAAAAAAAIAKBAFCAAAAAAAAAAAAAAAAgAoEAUIAAAAAAAAAAAAAAACACkS5rAsAAAAAv5a79+7PmjOfEKKvX/+S19myLk65de/+g5mz5xFCWpu1Onxwf+kdaPOWbUf/PEEImeQ0cerkSaV3ILn4vUoLZeXZM5+z572qVqnq5DihTh0d8QwfPqT4+vlHRkampv5Xrx6/S5dOjRo2LIuSgjwdO35i0+ZthBAb695r3VeVdXEACpGamtqthxVNe9+6VqtmzbIu0S8qJSU1LDxcfLuWllbdOnU0NTUKeuOr168dRo0jhFStWuXJw3ulXMxfRXp6+qXLVyMiIv8XEREVHa2upq6vX3/TxnXVNDVFcgqFwvadumZlZRNCvM6d5t4Hp8+c/eDhY0KI29LFAwfY//QPAQAAAL8KBAgBAADgBzk5OQKBgBDy6VN6WZelPBPmCOl5joqOKdUDZWVn0wMlJCSU6oHk4vcqLZSJ+Ph3DqPH0bSvn//Vy14iGc6d91qxag2tSNQS4oIAYTmQ9jGNfq3cLxfgl5WX972u5uXllXVxfl0vXr50nDSloFd5PF7TpqaTJzl27tRR5KUMQUaFuhrk5eVduXptlfvalJRU7vao6Oi83Fzx/Lm5uSxnrvCHDMnJH+ip+/LlaymXGgAAAH5pmGIUAAAAAECe/AMCbezshwwbmZOTUzELUKpCw74PNAkLD8/Ozua+evfe/QUurtwuY21tLX39+j+3jGXv2PETVtZ2K1evKeuCAJSB8n0NrGgEAoGPj+/Y8Y4jR4+LiYkt6+KUpZOnzsyaM5/F/IwMDXv1tBwzeqTzJEcNjQLHWQIAAABIgRGEAAAAAADy9OyZD50t7evXHGXlMnjeLvMClCpDw8YsbWDQSFVVlf355cuXpW4raNrU1GTt6pVGRoZKSkplUcwyduPm7YiIyKpVqpR1QQDKQPm+BpZvjhPH0wtXjlAYH/8uOjomIDCQvvT0mc+UaTO9zp1WUVEp62KWgXfv3rMbnLl52yWLFpqYGJd1oQAAAOC3h2dlAAAAAAB5io17W8ELUKr4enp/Hj107ryXRlUNx4njuS9FR8ckJCTS9M7tW+vV45dRGcteREREWRcBoMyU72tg+TZ29CgdndrcLWHh4StXr/Xx8aXp7R675s+dXXYFLDMnT52mCW1trb27PDQ0qpZ1iQAAAKA8QIAQAAAAAECeokt5XclfvwClrUP7dh3atxPfHhUdTRNGhoYVOTqYlZUlskIVQIVS7q+BFYqRoeG+3R69bfrS33/8efyvihkgZNNrT3GehOggAAAAyAvWIAQAAAAAkKfomOgKXoCykpScTBMVcNFBLjaMEqBiqrDXwPKqatWqM6ZPpWmBQJCYlFTWJSoDL1+9oolGjRqWdVkAAACg/MAIQgAAgN/e1u0e2dnZykrKgwcNqF+/nsirAoFg1559mRmZhkZNhg0ZLP527zv3/AMCCCH9+toZGxmKvJqRkfHMxzco6HlA0PNKysqmpiYdO7Tv2KF9QYVJTEz09fMPDgkND/83Nze3SZPGRoZN+vTpXVldXSTnAc9DKamprc1a9bTsQQiJfPPGPyDQz88/MvKNgYGBibHRAPv+mpoahX78kuwnNzfX19cvODT09euQ9+/f16pV08TYuH37di2aNyvocBkZGf889QkNDX31OvizQFC/Ht/Y2KiHhYWubt2C3hL0/EVAYGBAQNCbqCjDJo2bNWvWp3evQj+X7GeSysnJefT4yctXr/38/D+lpzczNW3a1LRfP7tCDyQiMzPrmY9PaFh4aGjov/+L4OvpmZqa9LbqJV43bnvfCQgM0qlde9TIEUpKSsnJH/z8A/wDAoKCnuvo6DQ1NbGy6mVQQDeWvEpLYyH+AQEhoWHBwSHZ2dnGxkbGRkYdO7SX+I1EREQGBAWFhYa/iYqiy9QZNmnSzvyP2rVri2cuatXKzc39kJISFxfHBm8FBgWpqeWvkFetWrVGDX84G0nJyX5+/qGh4SGhofHv3hkZGpoYGw0cYF+jhrbET5qbm+vn5x8SGhYcEhIZ+UZPT9fY2NjUxLhzp46KiorFKABFLyAKCgrdLbr90aa1xEMLhcJDR46lpKQoKChMGDeWW0LZT2nQ8xc3b90mhDRooD908CAJJ/zg4ZSUFEJIX1sb6UsrnT3nFREZSQjpZdnDzKxVXl5eYFAQISQmJpZmSEtLY8tWEUIa6OtraWlx95CUnHzo8FFCSCVl5aFDB+vp6ko8UEpK6rHjJ7Kzs3mVK0+bOllBQYG95OvnHxwcEhoWHhsbW716dRNjI2Mjow4d24u30AsXL9Pl0Lp16dyunbnIqxmZmTs8dhFCVFVVp06exNbWou1LVVXV2clRXV0tISHx8JFjQc9fpH1Ka9igwfhxYyR+WTk5OQmJiY+ePKF/pn/+zD0Penp6tWvVKurOC62o167fpD3XzZqa2lj3Kehbu3rt+qvXwYQQOxtrU1MTtr2o17oiiYiIDHr+IiQ0NDg4NCs7y9TEuEWL5gPt+1eqVImbLSMjY8fO3YSQDu3adenSKTc398bN25evXH0TFaWpodmuXdspzk5qamph4eEXLl5WUFAYPGhAwwYNMjOzTpw8+eTJ07i4t7q6de1sbQYNtJf9vDEluYvFxMReunwlIvLN+/cJhBA+X7dzp05WvXqqq6sVdE6Kd5vOzs5+5uP75MlTP3//mjVrdu7ccdiQwfQ0Zmdn3/a+c9v7bnx8PI/HMzY26typY5k8JxTpGpienu518VJ42L//i4hUUalkbGzUpHHjnj17VNPULKjkXIVekCW+xT8gMCjoeUBg0MePaaYmxs2bN+trZ1PQOqlFrb39+9kZGRoKhcKXr14HBAb6+voXehShUHjt+o3AwOdvoqKEQqGamlqTJo3797Vr0qSxeGYmLDz8+YuXwcEhUVHRampqJibGzZs169G9G/cKKXdNGn8vUkREJL2UFaqoz2x5eXn+AYGhoWEhoaEhoWGV1dWbNWvavp15d4tuEvPHxMReuXotIvJNdHR0zZo1jY2NjI0Me1r2kHi2i3ete/fu/fuE9/R+RLd8+JDCvbBzKRAFM7NWMpwYAAAAgHwKeXl5ZV0GAAAAKJGJTpPv3X9A+4Y2b1wv8urJU2eWLFtO0/88uifSa5+VlWXa3Iymz5w63trM7NZt78lTZxBC+Hz+3t07nKfMiIuLE9nn6FEOi10WiHRREUK8Llyct2CReAn5fP76tavN2/7B3WhlbRcREUkIeRHou2+/5+69+0XepaNTe5fH9pYtmkv/+MXeT2JSksuiJQ8fPRbf55jRI+fNmVW5cmWR7S9evpo5e574CSGErF65fOiQQSLdgkKhcP2GzQcPHxHJzOPxLLp1vXL1Gj059+/cFMlQpDNJCPnvv/+mz5zz9JmPyPYG+vo1amj7+QcQQkYMH7pqhZv4PrkCA4PmzHeR+AEXzJszyWniDx95zbrDR44RQo4dOZienj51+izxd61f687tMZdvaQkhXhcuzVvgIvGllcuXDR82hH0jX7582bl7767deyVm3rDOfeAA0XIWtWo5OU+9c/deQUW1se69Y9sWms7Lyzt3/sLK1WsEAoFINh6P57F9S9cunUW2JyUnL3RxlVhdzc3brl+zis/ny14ALpfFS/4+e54e2u/ZY1VVVfE8167fnD5zNs3z7MkD2jSKekoPHj6yZu0GQohFt66e+/eIv4Wd8O1bN9naWBf0QQghw0aMovVkl6IHvwAAIABJREFU9crlw4cNEQqFTYwLDOoTQjy2b7XuY8XdIhQKu1hY0pF2vXpa7tm1Q+IbV6x0P3b8BCGkU8cORw970o3JyR+WuC339r4rnp/P52/dvKFVyxbcjewSvchl/sTx40Te8t9//7Ux70jTTx7eY4tvcdtXjRra1rb9ue+aOsV5zqwZ4gVo1MREfCNDT5fsO5exot64eYs1/4f3vCX2vL9/n9Cpa3eavnj+76ZNTWm6SNc6j527t+3YKaUyc2VmZm332HnA85D4S6amJju2buYOM01JSW3bvhMhpFXLFmfPnFzg4nruvBf3La+e+1euXJndH6dNnTzJcYL9oKG0xlL0vcVo4MW7ixV0f2EHYulAv6fKyvm/DC7ebfrxg7szZ88TiUlY97Hy2L41ISFxgqMzDYFzjRg+dNmSxT/5OUH2a+DNW7fnL1ws8Qtas3qFjXUf6bEuWS7I3HpFCLl62WvT5m30UiCSf9uWjbVq1uRuLHbtPXhg3+y58x88fCTLUV6+ej1n7gI2M7PIeWDp6VMns9Ves7Ozt273kFiwTh07rF61nK+nJ/5Soe7eu+84aQpNcy+DXIGBQYOHOdD08WOH27czJ4T4+PiOGDWWFvhlkJ/IW4r6zJaQkLh4yTLxs0cI6Wtnu2rFsipVqnA3btux02PnbvHMRoaGa9esat6sKXdjUZ/rmF27927ZJvkOJVHkvyEs/fXrVyPT/PvRjauXGjc2YC+J3EZl3z8AAACUM5hiFAAA4LfHhqPd9r6bk5Mj8urVa9dZ+u490Z4pX19/mtDW1mrZ4odO7bi4OBs7e9axoq39ffzNsT9PnPjrlMiuFri4sr4PHo/XqWOHTh070D6muLi4ESPH+PiK9t1Q/QcMYb1+3KMkJCQ6OU/JyMyU4RwUeT+vXwf3tLJhvXtGhoa9eloaGDSifx49dtzJearI76j+Pnt+wKCh7IS0NjPr0d2CdWMtWbZ8z499l0KhcKLTZG7vLZ/Pb6CvT4d10uigREU9k+/evbftN4AbbzMwaETPQFR0NO0AksWmzdsGD3NgH5DH43FP44ZNW25735H4Rtely1l4gMfjcTsWFy5yDQ4O4WaWV2kJIYtcl3Kjgzwez8jw+zDHZctXHjn6J00LBAL7gUO5oSxtbS1uORe4uM6dv7CgA8lYtdg4Fek+f/48wdF54SJX1jfNLYxAIBg/cZLIFJHBwSGWvay5ndEN9PVZ3fPx8bXpOyA7O1vGAogYPdKBHfrWbW+JeY7/dZImHEYMo9HBEp5S+VJUVGSNVyJlZdHBHEpKSizgfeu299v4ePF3ff78mUYHCSFjx4z6P3v3GRbF8QdwfAEV9SxRbFEPEY1gNzZi7IqoKPbee+/d2FvsMdbYotHYG8aOvRt7RzGgCBZAISKixHDwfzEwbu7O8+j+5ft5eDHszu7Oze3t3rO/m9+Igqfnvdou9dXRQREJEPz9/Vu0artl67YEvBp9jx759u47UG9hEdVzXjX1W5DAnZt/otauVVN+Ltx3/2H0QLvcd4tCqZIlZHQw3neNT/L29nFr3EwdxlCHHO7e9ew/cIhOpzPc8GVwyOYt2/Sig1qtVu/3Ii9fBo8dN1EdHVQUpWhRx/h9wKU43cWW/bJC3l8cHRxatmjmWr+u+kBC+vTWMtYV7w6vUr2WiA6qT7ADBz1Onz6rjg6q27xp89bNBh+EpP6eYOY10NPzXr8Bg+UbVOk7J9mM8PDwwUNHvHwZbGJzMy/Iels1cGsqo4Pql3Dx4qUJk6aoa8b77L1+42bjZi1lfMv0UYJevOjRq4+MDrrUcW7Vsrn8cUO4SubMMVGx16/DmrVoIxum1Wpr16pZrmzMj8zOnjvfwK3pq1evTHRdQsgZ+PRGE35MXL+zeRw+4lK/oTo6qO72PXv3LVy8VF1/0+atMjpoY5O9erWqcuD1fS+vsT9MUFdOyLWuYMGCn3yxAAAA8UaKUQAA/u/VrFFdFMLDw69dv1GxQnm5Kjg4RB2JOeRxWO9nwvJxVYP69Y0mRKpdq2bvXt1LliiRLl06b2+fwUNHiEeBP/28qFXL5vKZ6bHjJ+QT1RHDh/To1lVmHps7f4EYqjJu/KQD+3bLBHqSeD41Y/qU6lWrfv11Hp1Ot/rXtXPm/STav3HTlp7d9cfcGGX+fnQ63Q8TJomHg8WLF5sza4YMLF2/cXPAoCEBAYEX/ry4Z+/+xo0aiuWBgYFjfhgvyo3cGk4YN0ZmLNyx03302HGiTxo2cJVZXvfs3ScfIDo715o5farYJCwsbNac+R8LIcSjJ39etEQ+bh42ZFD3bl3Sp0+vKIr/kyeDBg+7dfuOOb2nKIqff0x6xubNmvbp3cO+YEG9ncyYOadWzRqG54l4ANe7V4/GjRp+U7iwhYXFyVOnBw8dIXp4/oKFa1avkJUTq7WnTp/Ztn2nKH9bpvTsWTPsCxa0sLCIjIz0OHzkx1lz0qZN17JFM1Fh2fKV8hF27149evXo9tVXX4lRTRMmTRGfgt1/7K1ft66zcy3DY5l5av04fergQQOePHnarUdvseHe3TutYx9YZ4p9sG5llebO3bsxPTB0cLs2rbJly6Yoyp9/XuzVd4DotIWLl8ycMU3UiYqKGj9xsnyWPXXyxKZNG4uMZH5+/r+sWLlt+86xo0daW1ub2QA9xYoVdXKqePHiJUVR1qxd59awgV6Fv/7yFmsVRWkXewFJYJcmLgsLi4P7/ggJ+XvtuvXLV6wSz+tXLF8iK9gVMDIlYdPGjaZMnSHKW7ZsHzFcfwjs3n0xUXytVlutahXxXkycPFW+F/Pnzha5HHU6nee9ewMHDxefhXETJteoXt3oIJh4mDRlmnim3L1bl8KF7MPCwvz8n1SpUtlo5aOHD4SFhR086LFg4WIRN1q0cL5cm8Mmh/k7N/9ETZs2bft2bUWi1PUbNvbt00vvKqHT6db9vkGUO7RvKwoJuWt8ki5KJz62efLkHjl8WP16LtbW1lFRURs3b5k8Zbp4gr9334EmBmmN/f39xZj7KpW/d3Wtp8mY8fFjP8MH9PIC3qZVywoVykdHR/n4PBKjVOP6AVcz/y727NlzMZhSUZQfZ0yVOXtDQ18PGTZC3HpKlSwxZtSIwoULi7cjgR1eqmSJSRPHlyxR3MLCYt36DdN/nKUoStcevcTaWT9Ob9a0sZWV1ePHfgOHDBO/C5k3/+cWzZom5/cEM6+BC5fERHqqVP5+4YJ54toVGRl55OjxLVu3NXJrkDOn/idFMv+CbLhtQTu7H8aOKl+uXJYsmUNDX0+YNHn/gUOKohw9evzGzVtyHGS8z15xApt5lMVLlomUlcWLF1u98hc5uPDosRO9+8bM9jdp4rgK5cvLnyMsXbZcXPY1Gs28OTNd6jiL5YFBQcNHjL7w58Xw8PC58xbMmD7FsGEJ9Co0dOHimBPexia7OvZpVDy+swUHh4i3tVzZssOHDS5frqyVldXbt28nT50hzts1a9d1aNdW1NfpdLPmzBMb9u7VY+jggeJkDgsL27Zj57HjJ8eMGiEbk8CPnmv9ujVrXAsKCqpVp55YMnXyxO++q6iuc+/e/cFDRxhuCwAA8GnRAADg/1+nLt3tvylq/03R2XPnq5dv37FLLJd/f//9t1yr0+kqfFdZLD9/4U+x0OPwEVn5p58XRUZGqnd47/59ufbq1Wti4bt376rXcpGbGDavS7eeYu0u991yoUv9hmJh9Vouf/3lrbfJgEFDxNpOXbqbfu3x2M/WbTvEwpJlygcGBeltcvXqNbG2wneV5cJhI0aJha3bdtDrk+jo6OUrVom1I0f/IJa8f//++6o1xMI+/QbqdDq9TWbPnS+bLRfGoye9fXzkO7L2t/V69d++fde6bQexdvzEyaZ7MiQkZNWva65dv6G33MvrgTzEo0e+cvm0GTPlco/DR/S2+n3DJrlW9lhitTYyMrJ2nfqiZtsOnSMiIvQq6HQ62ec+Dx/Kg65es9ZwV/Ik+b5qjXfv3slV8TtF1Yd7+/ZdtDH3vbx+XfOb/5Mness3bd5qeO7t239A7vD0mbNGeyOuDdBz5OhxucmNm7f01k6ZNkOs6tW3v+EhzO/S1WvWioXde/Yx2gzZ4Xv37TfdYHmebNq8Vb18/YaN8qww54XP+HG2vBTo9VVUVJRsz7r1G8TCXe67TXTUq1eh8lM/bMQoubx7zz5i4apf1xi2ISQkRO7z+fMAuVz9+SpZpvyTJ0/NeUXCtu07xYbNW7YxWsHMnZt/ovo/eSJ3ePLUab36J0+dlscKf/s23neNRYuXioUDBw/9ZCccP3Fy85atb9680Vs+cPBQsZPhI0fLhS9fBqtvlD/OnGN0n+r7o/03RY8eO260Wpw+4PG71BzyOPyxT9OTJ0/Fqtp16suFCbxNt+/YRa8nu3bvJfth5apf1avU3xPkxyQ5vyd88hpYskx5sdbz3n3DtabF6YKsPq+6du8VGvpaXfPdu3fyO9gvy1eqV8X77DX/KPIeangp+2HcRLHqkMdhufCvv7zlUc6eO6+3SWjoa9mrvr6PTXahEceOnzB6GRQePPirZev2soL6Vfz550V5bVFvEtfvbOKN27R56yGPw3pf2CIiImQHbt+xK6Y3vH3kcQ2/4KnF78w3SvbAnxcv6a26dv2GXKte/v79e7n8wYO/1Ks+dhsFAACpDSlGAQD4Esgso4cP/ydD4IGDh0RBZhE8eepD9qR79+6L349rNBqZGUnSarVDBw/UGwji6OAgkmQqiuLn/0QULl26IsbNaDSa/n17GzavV8/uouB5777h2pHDhximB3StX18UvH18DDcxyvz9bN6yVRQGDeynNyWPoihly34rUmYFB4eEhISIoZm7/9gr1o4dM8pwCF2njh1E4eatW6Jw5uw5OU5u0MD+evPcKIpStkwZw5cQj54Us8eJ39S3ad1Sr36GDOlL/ncWHBOyZcvWo1tXvenTFEUpUuQbORbqsZ+f4Ybt27WRIwkkF5cPS549f564rb146bJMjDZsyCDDsRqWlpayz93d/5AHbd+2jV5NKyurAf37irIYOWp4uMQ6RSWHIkW6de2cP18+veVyZrLg4JA3b96I8rr1MVkuK33nVNXYuDGjY3/jpGaNajJPpl724PDw8HXrY8Z+de0Uk2Yz4V36mZCj2cLDww8cPKhedfXadZlAsknjRqKw/veY98KljnPpUvqzHmbNmqVfn5iP7e4/9oaGvk6sdk6ZNN7oxH5JvXPzT9T8+fLVrlVTLNyydbte/U2xl9zWrVqIsVYJvGuYo2aN6m1atzLMuVrHubYo+Pg8NLphQTu7oUP0064aat6sqXzJeuL0AVcz/1Lj8/CRKBheM+W7+cjXVya6TGCHt2vbRq8na9WsIcvNmv5nDktHBwd5PZEJHj+T7wl6PD09zaj1H/G+IM+cMTVLlszqJenTp28Q+xL07q3xPnvNPIpOp5P3UEeHIno7kUmAvbweyIXyW1DNGtUrf19Jb5MsWTL36NZFlB/89ZfRtplp34EDO3e579zlvmXrtjnzfurRq2+9Bo3k/JdOThXlhIgfE4/vbOKNa9umVV2XOnpf2Kytres4x3yfkZ0WGfmvPJZ/7Jdho5LhWgcAAJAQpBgFAOBLUDP2Ud0jX9/Hj/1EBqRXoaFiMpVqVau0atVCTKblcfiITEv1Ib+oa700acz9VmBrqxWPSAIDYwJgPg9jHlTZ2RW463nPcJNXr0JF4cEDI4+NLCyM/GLp66/ziEJAQGB0dLScQskEM/cTFRUl81hqMmqu37hpYp+PfH2zZ8/+6JGvXKKLjDSxibe3T2RkZJo0aR4+inl66+jgUNTR4WP19cSjJ2UMo1nTJiJXZ1IoUKCAiHcGBb0wXGv03clhYyPLL4JeaPPnT8TWynekoJ1d+XJlTVd+4O0tCs2bNTV6UIciRYoXLyZy4j165Ctz9kqJdYp+Uu7cuWQ56MWLTJkyiWxyYkn7dm0TfgijrKysunfrLJLX7dzlPmrEsBw5Yt6+fbGTmBYuXMjJKSanWcK79DNha6t1qeMsZl5cs3Z982ZN5SoZKO3cqYN44B4dHS0vHa1aNje6w0ZuDSZOnirKfv5+JbOaG543wcmpYtMmjRO+n0TcudETtX27NseOnxBzOgYGBeXOFVMnICBQTtnYqkVMvyXwrpEQuXPH/Nzh6bNnRivMmD7lk1cnjUYzbmycp9g02m9q5l9q5BxsT5/qv4q3b9+KQp48ueWPJxK9w/PEdqPebLVCAVutCIoEBgUlSgMS9yL8bZnSZ8+dFzPD+Tx81LZ1S/VMoqbF/4JsrHl5Y6O5H5uWUs8nz14zj2JlZeXo4CBeS0BAoEyzGVMt9tudre2H5TLs9/XXeYx+C3odFiYK3j4+MpAZDzNnzf3YqiqVv58z+8dP/iYmHt/ZTO8wb+yZJr/3FrK3l2vdmjQfPXJ4wwauWbNmMdw2Ba91AAAA5iBACADAlyB3rlzlypYVv7A+ffZsxwLtFEU5efK0WOtav15RRwetVuvv73/4yNG3b9+KOYEOHz0mKtSr62L+seQDx6joKFGQUZ+7dz1btDL1yMz8n/mrx4QlJPpiuJ/nzwPkEjHXlAlPnjwrV7asHKuhKErLNu1NbxIYGJQvX97Hj2N+p29vb2d+a+PRk96xwwhEBC4RhYa+DgwMDAwKev48ICgw5iFvdHS0mZurf4MfrUQnbmvlr/gLFbb/VF3Fy+uvTx60kL29iGap32vTEusUjYqKCgn5OzAw8HlAYFDsw3RJzooknrnH7xDmaNLITQQIFUXZvnNn394xU4utjx0u071rF/kak6hLU0TXLp1EgPC+l9fVa9fE6OEXL17u2btPVGjfLmaIpPrdyZfX+JC7zJkzazQa8Zb5+j4uWSIRAoTfGAycSkTm79z0iSqe3efJk1tEIP74Y68cFrNrd8x40wrly30TO5lZUtw1TIiMjAwKeiGuZtdv3BALIyL+MVrZzs7IjJV6smfPbjQYYOiT/fZJRi815cvH/DBi5y73Lp06FCtWVNZZtGSZKFSsUEEuTPQOT5surSikT29ksr0P3xOiYi/+n9P3hH59eokAoaIoK1auXrFydamSJRo3cmvgWt/E7INJcUGWvRcVFfWxOnE6e80/SrVqVUSA8OdFS+bNmSmjbs+ePRez4qmHEiqKcjd2tOWmzVs3bd5q4nBP/J+a3zYzFS9ebPjQwXIMrmnx+M5muPzdu4igoKCAgIDnAYEyxCi/AqVNm3bY0ME/LVgoBhFOnDx14uSptWvVbOTWoHatWhkyfPiFQTJf6wAAAOKKACEAAF+Ihg3qiwDh0aPHO7ZvpyjKQQ8PsUqkAnNrUH/Z8pWKopw9d96ljvOzZ8/F43tFUb6LHRgUP4Gqh56GIwnUKn3nlJADJYrgkBBZNt3atGnTFixopyjKi5cvzNwkW7Zs2bNnVxTFzy8mr1qePHnMb1tce1Kn08kEbnK8TkJER0efPXf+kMeRvfv2y8eg/6mgmBsgNJSIrfX1fSwKefN8bf5BDdPJSnJkjww9JrWIiIhDHkc8Dh8R0SlD4kGkephIDpNPrhMoc+bMPbp1Xb1mraIoa39b37N7tzRp0ly7dl08QdZoNG4NG4ian22Xxk/FCuXlSJoNG7eIAOEu991ibfVqVeVIEf8nH556m4giaPPnF3uTF4H/a2aeqGJMUsf27ebOX6AoyqYt23p072ppaanT6TZu2iwqdOzQTm6VPHeNt2/fHjt+Ypf7H6fPnI33TuLH/H6Ln6+yZm3TquWWbdvFAKZePbsXsreP1EUePOghQ18DB/SV9VP8Np3iDVBzcqq4cvnSseMmiCzriqLcun3n1u0702bM7N2rx8D+/dQBHrVkuyAnw9nbpLHbxk1bwsPD9+zd5+vr26J5s/TprZ88ffbrmt/E3b9N61aFC334CY4cfajRaIxGhSV1WDEeRo8c/tVXX4nkBDly2NjaavPny2eYSNyEeHxnk7wePNi798Ahj8NG71wy4K0oSt/ePa0sLcUVTzh2/MSx4yc0Gs3E8T+0aB4zHv2zOvMBAAAMESAEAOALUatWjSnTZoj4X1hYmIgUilEd4pGEi4uzCBAePnLUpY7z6TMxkxE2bdIoTk9eDGm1MaOIunft8sPYUYnxapLQ16qI3eGD+8RzKNPkVFKODg7797qbc5T0sY8X5RRQ5ohrT6oTbf3zPg4HMur167B+AwbpzRhnY5M9X968Pg8fGY0XxkkitlY+0Xsd9olp3qysrOSIrjcffwlhYTHzgdlkz5aQhpnpwYO/OnTuKp9NC1qtNlfOnHKmJSFrlg+jlN68eWMiIJdw7du1EQHC4OCQo8eO16vrIqeO69ihnXxi/nl2aUL07NFt+MjRiqLs2btvzOgROWxsREJmkV9UVvsqa1ZZDn/7Nls246/rVeirmPpmXFs+c+afqEKzZk3E43J/f/9Lly5/953TuXMXRFxBo9E4166l2kmS3zUOHPQYOHioeolGo8mVM6e1tbXMEplE4tpv8TN1ysT3//4rgtkrV/2qXqXRaBYumGdfsKDq6Cl8m07xBuipXavmqeNHjx0/vvuPvTLduhhQ+OTJk4UL5hsdj5hsF+RkOHsdihTZtmVDA7emMj6qXuvsXGvCuDHqJQXt7ETM7Kd5c5xrG599M1E0cmsopz2On3h8ZxPDK2fPmS9ugpJGo9Hmz/8q9JVhDlhLS8s+vXu2aN5s3/4Df+zZKzswPDx89NhxERERYo7bz+3MBwAA0EOAEACAL0T+fPnkpF/nL/wZGRkplru61hOFEsWLi/xv7rv3/Dh96tFjJ8Tyui51EnhoOcLm/yI/Us6cOT7kAHzsV8aMh/gy49x9Ly+dTvfJ+W8URbGNndDIzImFhHj0ZOHChUQCK6OzA5ovNPR1uw6d5XCxnt27VqlSuVTJEuLFduvRW8xnaaEkaKa9xGptIfuYB98ylasJxYo6Xr5yVVGUgICAj9V5FjsupFChJEznKHh63mvTvpM4AwsXLtShfdvK31eSj/ILFSkmCuLxdP78+eSGT58+Uz/xT3TqCfl+W/d7hfLl3XfvEavatWmtrpnALjWRTC9F1K/nMnHyVPGObNu2o3jxYuJjq9Vqq1apLKvJ57yKogQFBsln0Go6nU5+5A0zVSZszFhyi9OJKuTKmbOBa739Bw4pirJ1+87vvnPavHWbWNW5Y3v1L1GS+q6xc5f7qDHjRLl6taqNG7lV/r6SmFnz+o2bphP9JVA8+i1+Xrx4ef36DfEzjpw5cvo/eZI5cyaHIkXKlf22Y4f2YuJMKcVv0yneAEMZMqRv2MC1YQPXsLCwA4c8Fi1eKj68+w8c6tOrpzprq5Q8F+RkO3vPnDknCqVKlgh68SIs7E0h+4KFCxdu0ayJk0FiiaJFHUSA8DMfFB6/72yKooz5YcLOXTHRxPbt2tSuVbNChfIZM2RQFGXV6jWz5sxTFMXSUv9jmyOHTZfOHbt07vj06bNd7rt/XrRELJ8z76d2bVtbWlp+hmc+AACAmpG5vgEAwP8ptwauonD69NlDHodFuXbNmB96W1hYNHJrKMrHT5yUP5mvXPn7BB5X5OFUFOXK1WuhoZ8Y0fU5KBI7D9bZs+fMqV/A9sOD/itXzRr/kffrmNSXdz09dTqdmQ2LR08WsLUVhXv3EzSq4PiJEyI6qNVqD+3fM3BAv2/LlDbzsZr5Equ19rEBwus3buoN0zFUpMg3oiAz7+kJDw+/eu26KBe0i8OckfHz2/oNInjgUsd5987tHdu3M/GU2crKqnDsLHF6gzuTQtcunUTh8pWrs+fOF2XX+nX1pmiKX5dqNBpRCAyMz0xsScfa2rp37IR5v2/ctGFjTErMHt26qKfStLa21sYG/v+8dNnorm7evCXLdgVirhuZM8eEaoKDg5PmFSSJOJ2okowl79m7z9vbRybYbNmiubpakt41oqOj5dk7asSwNatXNG7UUMRXkkH8+i0exo6bIEI1+/a479/rfuv65XOnT6xZvaJ/vz560cHP4Tad4g0wIXPmzK1bttj3xy6ZAdLz3n2jNZPhgpxsZ++1a9dF0Ktb187uO7edO33i1vXL7ju3zZ39o2F0UFEU+9hAl3rA5ecpHt/Z/Pz8ZXRw88b1UydPrF6tqogOmilfvrwDB/TbviVm9Hl4eLjIMv05n/kAAAAECAEA+KLUjk36dPL06QMHPcSMJurnSnViM7zNmvPh0X+cnoAYVaJ4cfHoPzw8fMWq1QncWzKoXq2qKCxYuDjoxaeHsmXIkL5C+XKiPGv2XHPGP8kIVkBAoOEEQu/eRYi5o/TEoye/iQ127tzlHhKiHyp78vTpkaPHzdnPufMXRKF508Z58+pP7PfmTULziwqJ1drixYrJ8m/r1puu7FSxgihc+PPi7Tt3DCvs3LVbJlD9tkxpcxpgJqOZVE+einm62rlje72Zrt69izCsL6cIXbFy9d9//53wBpggJuQTZfm0tGOH9nrV4tel2vwxI/Due3mJNMhqfn7+z59/dDxiUmvdqqUoBAeHiMGyYo4uvWrVqsYMKFy+YpXRN2vF6phMj1qtVmbJK1AgJi5+7doNw02uGluYWIw20kxxPVGFihUryDDqD+MniUL1alVtbbXqakl613j82E/+bkCdJDa28e8S93B64tdvcRUZGSnvLFevXv/3339N10/x23RKNcD8a2C2bNnkxdbEHHsJuSCbI9nO3gsXL4mCt7fPk6dPP1Vd+T52hryLFy+ZHyMMDw//5I94El08vrNdunxFFCqUL1exQnm9tW/N7vayZb+VP4VJnz795/DRAwAAMI0AIQAAXw77ggXFb9tljruGDeqrK5QuXUr8QN7f318sSXh+UUVRsmbNMmrEMFFesXL1mrXr9B7H3Lh5q3PXHnVd3QKDPouRQ927d5UDBXr36a+XpvLt27fLlq/hr7YGAAAgAElEQVSsWKnKqtVr5MJJE8eLwq3bd0aPHf/mzRv1Js+fB4wdN6FipSpySEGVyt/Lp+RTpv348NEjWTk09HX3Xn2MPl+LR0+2ad1Srh3zwwR1wx48+KtZi9byvTYtc6aYESfPnj9XL3///v30H2fJebOilQQlSUys1ubN+3Wv2CFfy5avlKEsISQkZNCQYTVq1xV7q1+vroxRDRw83OvBA3Xlo8dOiMk7xVx0emGMeMiUKZMsX7gQcz48fuwnB5JmyRwzi1XAfwfSvXwZ3LV7T/lvdGw+yn59e8uFffsPevnyP6PQDhz0qFyt5sLFS81vgGk9e3RT/+vo4GD4tDR+XaoenbloybJoVcLNc+cvNGzcLOHzXMZbjhw2rVr+Z4hbt66d1T0pDBrQXz7q7T9wsHo4SFRU1KLFS4/GRrgnjh8rB+DKjLhXr12TI+rEW7x6zdreffsn+suRLb/v5SWuFTqdzpx8vGpxPVEFS0vLbrHjUOV1o327Nno7T9K7RkZNRll+8fKletWdO3eHDBsR1x3GSfz6La7SpEkjP1ADBg1xLF66Ru26LVq17daj9/CRoxcsXHzw0GH1ByrFb9PJ2YBPXgMPHPRYvGSZ3rU0JCTkz9iYmaOj48d2HtcLclwl29krz5/TZ85Wr1mn1LcVGrg1bdexS+9+A6ZMnbFm7Tq9yQ6dnCq61q8ryqPHjjvz3wQMOp1u/4GDzi6u/QcOkf28dfuOUt9WqFipysDBQ5M5s3Rcv7PJqF5AYJDevdJ9955FsW9oVFTMx1an061YuXrDxs3v379XV7585ar43Gk0GvEbkRT/6AEAAJjGHIQAAHxR3Bq4Lli4WP5bq1ZN9VorK6tGbg3X/vZhxJUcS5dAbdu02rxlm3icNGPm7N179lZycsqvzRcYEHTu/Plbt2PGGC1fsWrShHGJcsSEyJghw5RJEwcMGiIeHtWqU69JYzeHIkUsLCx8Hj7cvmOXqDZrzrxGjRrmzpVLUZSijg6dOrRfv2Gjoii73Hefv3ChVs0ahezt37x5c+v2nWPHYyZ0nDBxytHDB0RXD+zfR0wj5O/v36RZqzrOtbJnz37v3n3Tecni2pPa/PmbNW2yy323oijHjp+o6+pWq2YNCwuLq1ev6z3dM6148Zgxedu278yfP3+NalUtraxu3ry5+tffEnHCocRqraIofXv32rhpi3gSN2rMuH37D5YvXy5rliw+Pg/F26QoyuKly+fMmmFpaTll0oRGTVuI98K1YZNGbg1FzEb93mk0mn59eps8plly5sghy6PHjrt0+XJAQODhI0cHDug3ZNAARVHKlCklunTi5KmKojg6FomI+OfMmbOrfl1rNEKWO1euUSOGzZn3k3j46OrWuH69ug5FirwKDT158rSIwSxavLRJIzcxUu2TDTCtfj2XH2fNlmM+unXtZFgnfl2aN+/Xjdwa7tm7T1GUNWvX3fW8V71qldDXr8+eOy8mT01ZnTp22LZ9p/y3fVv9mJaII44YPmTK1BmKopw6faZOPdc6zs622vyhr19fuPCn/HhWr1a1Vs0aciuXOs5i/lcRUWjapFHRoo4PH/qePHUqTnOUmq+AKs7dvkOXunXrnDl77u5dz/W//Vr5+0pm7iSuJ6rUyK2BjBCLGfJqVK9mWC3p7hq5cua0sckuzuH+A4eMHjncxiZ7SMjfBw95bNq8NU67iod491tcDR0ycNCQ4fJff39/wx9YzJszq2mTRqKc4rfpZGuA6Wug14MHAwcPVRRl1a9ru3bpVLFCeY1G4+Pjs3jpcnHOODlVtC/40VzTcb0gx1Wynb3VqlaWE1eLHz0Y3oXLlS27cvmSr2Knah4zaqTIThEcHNKlW8+aNaqXLFkia5YsT54+PXjIQ1zNHvn6Hjl6rF5dF0VRZvw4W2x44KBH186dypb9NhHbb1pcv7MVdYwZOu/v7z9sxOju3bqksbLy8/ffum2HYRIIRVG279gpzoHVa37r3q2zo4ODhYXF1avXlv6yQlTo2b2rrJziHz0AAAATCBACAPBFcXauJQOETk4Vc+XMqVehjnNtGSCsXaumnBwrgaysrNatXT1u4iQxgObuXU/DJ/7Vq1UdNmRQohwu4erXc1m4YN4P4yeJJ7a7/9hrWOeXpYtEdFAYO2ZklqxZliz9RYzRNHxUp9Vql/+yRP7bpHGjO3c8xfOp8PBw9SFKlSwxd/bMuq76CQzj15NjRo14/NhPPJfUa1ib1q2qVa3cb8DgT3ZIA9f6q35d4+3toyjKTwsW/rRgoVxV0M7O1bXe0mXLP7kTcyRKaxVFyZIl8/atGwcNGS7afPrMWb2neO3ath47ZpQoFy9ebPPG9UOHjxRPMEWMSq1c2bJzZ/9oOHFXPFhYWAwc0G/xkmXifV//e2y0csmy3j17ZMiQvm+fXu6794i1w0eOVm9br66LpaWFeAKr1qN71/fv3/+8aIl4MisnyRNsbLIvXrhAPoz+ZANMt9/a2rp9u7ZiwIRGo3GtX99otfh16dDBA8+dPy+efV+8eOli7HgdRVE6dWxvYWGxbv0G081LOkUdHcqVLSvOzJo1qtvZFTBarWP7dmnTpB0/cbJ4L7Zs3aZXoU3rVmNH/2eUj7W19ZSJE3r3i4nOuu/eI04AYc6sGet+35i4IdKiRR3la3nk67t8xSqx/JflK80PEMbjRBW++uqr5s2aynG9nTt2MDqbaZLeNX4YM1q0+e5dz05duqtXDR825Ld165Mu7WG8+y1OXoWGqpMiihGKr8Ne672uEaPG2NkVEON9U/w2nWwNMH0NtLSwdHRwuO/lFR4eLm7oajY22X+aO1s9+aihOF2Q4yF5zt6r164HBASI63zFCuWDXrx4/TosJCREHca+eu3asBGj16yOCXrly5d3j/uOYSNHi9vuiZOnDHMh9OvTy6WOs+HhIs2ejDmxxOk7m51dgVYtm4vfiOzbf2Df/gOymkajGTli6OQp09Xb2tjYaDSa8PBwf39/vVUivb96pGmKf/QAAABMIMUoAABfFEcHB5nZske3LoYVypcrK8eK1a/nYmJXmowZTaw1lCOHzYplS+bPne3kVFEmaxLPVlzqOP+2ZtWa1SuMxiOtrdOZ3rOFhYU5DYjrfho2cD3isb9Vy+bqzIeKohQuXGjIoAFXLp7Te8iVLl26oYMH7tqx1dm5lsxQKjg5VZw5Y9rhg3sLF7KXC62srCZNHDfrx+lyUjfxJHfY0MGbNqwvXLjQx4ZvxrUnbWyyb1i/plfP7nLOM41G4+xca96cmTOmTS5TprQ8JUzIkCH92tUrG7jWUy/Mkyf3mFEj9u91b9+2tWhJGmMP+tNbfyLmpJYorRUcihTZvXN7n949RWZduf+aNaovX7Z42pRJ6vk1K1Yo73Fgb6+e3eX5L1QoX278D2M2b1xn4nluXE+tPr16dOvaWb2kZo3qRzz2i+BcIXv77Vs26jWjVMkSSxf/vHTxz02bNBZL0lh9+CWflZXVwAH9tm3ZUK1qFfUpUbx4sU4d2x8+tF9OCmhOAz7peWya2a5dOpnYJB5damurPbhvj8xTJ1SvVnXRz/MnTRhXN/YTZ/4ZpTdVmHU669g9fHQKsY/R6XRyRtKuXYyMmxQsLCzatml1/Mihpk0aqS8dNjbZq1erunrlLzOmTTbMTersXGuP+45SJUuo6zdya/jHru3NmzV1a+BqomFx+nzJRi5cMK9a1SrqhZ06tl+6eKFeTRM7j8eJKrVt00qWWzRv+rFDxPuukT79J6bObdLYbc6sGXoXamfnWnt37+zXp1fLFs1NzDNnne4Tn3fT98eE9Jv5l5qhw0aKuNTCBfO2bPp9y6bfjx4+cOnCWW+vu2dPHZ85Y5rsz/MX/pSbJ8VtOmNGzcdWGXZysn1PMHEN/Oabwnt275g0cZz68yjaMKB/3xNHPeS96WPiekGOeQlmnFdCUp+9iqJcu3a9W4/ewcEhTk4VTxz1WL3ylz3uO04e87h1/fKdm9d2bNsshgCKodIRER/mzixevNge9x1DBg3Q6z0bm+zt2rb2OLhv+LAhMrzaOzYTeLmyZU3P72sd9yu2HsMOiet3tonjx/Xv10ddTaPRdOrQ/tjhgx3btxPtT5s2rVhVx7n26ZNHu3XtrPcFUqvVzpszc93a1Xq/ioj3ma/XHlEw0V3qnev52FYmZtwEAACpgUUCJz8AAAAwFB0d/fx5wOuw119l/SpnzhxGh498Vt6+e+fn55cuXbocNjnMHEb2999/P38ekDlL5hw2OT4ZdxH7L2BbwMwIjRTXngwODgkJCbG3LxjvPg8PD/d/8iTy30gbG5s8eXKbGZ2Nn4S3VhI9nDtXrmzZsn2ycmRk5GM/v3Tp0uXLm9f0SJEENunZ02cWlha2Wq18qqgWEhLy5OmzdOnSmtlsITo6+umzZ//8808BW9s0aUylA/lkA4wKCAisXC0mNfHZU8e//jqPOVvFtUt1Ot1jP7/3799/U7jwZ3J9OHjosEg7XNDO7vChfWaeGOLEy2GTI0cOG3PqR0REPHz4KHPmTOYHwhPi1atXgUFBGdJnyJ8/X7xP9fidqHGVFHcNnU4XGBgUGBSUJUvmr/PkyRjHX70kUNL127Nnz6vWqK0oSrWqVdb+utJonYWLl4pxwJ06tJ800UjewhS/TSdDAz55DRQXondv3+XPnz9r1izxOIT5F+S4StKzd8KkKWJE3Y5tm42G7v7991/H4jHLz589qc6moG7hYz8/XaQuW7ZsH7sA+j958vbt28KFCqX4dd7M72zv379/8vTp69dh2bNly5v3a3Pe03fvInwfP7aytNRqteZ8x0vxjx4AAIAaAUIAAAAAMebM+2nFytWKojRwrbfo559SujnJp1HTFiLt2/Spk9UD4IDPjcfhIyIVs4kP6cjRP4jZXhcumNfQ5BBVpELOLq5ipkyPA3vVQ/AlX9/HtV3qiyFxJ48lQlJcAAAAfJ5IMQoAAABAURTl9eswER1UFKVzpw4p3Zzkc/HiJREd1Gg0jRs1TOnmAKaUKllSFPYfOPTLipXqSePEyOxZc+aJ6KBGo/m+0ncp1Ex8vipVchKFPv0GenreU6+Kioq6ePFS+04xOepbfjxFMAAAAL4AjCAEAAAAoCiKsurXtbNmz5UTTaV0c5JPtx69T50+oyhKzx7dxowakdLNAT5h4uSpGzdtkf86OVX8Ok/uf//9NyAg6Oq1a3L5xxJIIpXz9vZp1rKNDC0XtLMrVNg+a5asISEh9+7fDwgIFMvr1XVZ9PN8cmACAAB8wQgQAgAAAFD++eefqjVqBweHKIoyf+7sJo3dUrpFyeS+l1cDt5hRMieOetjaJsfsgEBC6HS6hYuXLl22/GMVqlWtMnzo4BIliidvu/B/w9Pz3rgJk27dvmN0rUajGdi/b8cO7dKnj9vEyQAAAPj/QoAQAAAAgBL04sWevfsURbHJnr1xIzdLy9QyGcGt23cuXb6sKEqxokXJx4j/I2/evDlw0OMvb+9nz54/e/bM2tq6UKFCdgVsy5cvx8BBmOPmrdsnTp569MjXz89PFxWVL29ee/uC9gXt6rrUyZQpU0q3DgAAAEmOACEAAAAAAAAAAACQiqSW3wUDAAAAAAAAAAAAIEAIAAAAAAAAAAAApC4ECAEAAAAAAAAAAIBUhAAhAAAAAAAAAAAAkIoQIAQAAAAAAAAAAABSEQKEAAAAAAAAAAAAQCpCgBAAAAAAAAAAAABIRQgQAgAAAAAAAAAAAKkIAUIAAAAAAAAAAAAgFSFACAAAAAAAAAAAAKQiBAgBAAAAAAAAAACAVIQAIQAAAAAAAAAAAJCKECAEAAAAAAAAAAAAUhEChAAAAAAAAAAAAEAqQoAQAAAAAAAAAAAASEUIEAIAAAAAAAAAAACpCAFCAAAAAAAAAAAAIBVJk9INAAAAicPf33/l6jUREf+0ad2iXNmyKdKGFq3aPvjLW1GU+XNn1XGunSJtePky+NLlKz4+PiEhf9vaaqtVq1LI3j5FWoI40el0lapUj4j4R1EU951bP8N3bf2GjfPm/6woSgPXejNnTEvp5gAAAAAAAMQfAUIAAL4E0dHRXbv3fuTrqyjKLvfd58+ezJ0rV/I3I+zNm/DwcEVR/v03MvmPrijKzl3uU6b9KNogjFfGfIahJhiKiooKDg6JKeuiUro5RoS+ChWnlvoEAwAAAAAA+H9EilEAAL4EoaGhIjoo+Po+TqIDDR85uq6r2+4/9ibR/hPi+ImTo8aMUwdvbGyy29kVSNFGIcWs37Cxrqvb1Ok/pnRDAAAAAAAAPjuMIAQA4EuQNWtWrVbr7+8v/rUrYJsUR3n//r0IDaqDkZ+J9+/fT5g0RZSLFy82c/pUR0cHKyurlG4XUswhjyPe3j6ZM2VK6YYAAAAAAAB8dggQAgDwJbCwsFi/dvWqX9e8e/euTetWuXPnToqjBAQEJsVuE4Wv72PZvCULF9jaalO6RUhh3t7eKd0EAAAAAACAzxQBQgAAvhC2ttppUyYl6SGePnuWpPtPCDmo0dHBgeggIiIi5IyGAAAAAAAA0MMchAAAwFxPn36+AcKgFy9EgUkH8ZmPdgUAAAAAAEhxjCAEAOALcenyleMnTiqK4lCkSNMmjeTyI0ePXb12PU/u3B07tLOysnrx4uXlK1evXL16/fqNPHnylCherG5dl8KF7E3v/N27iOcBzy9dviL+ffr06dVr1+TaYkWLZciQ3nCrBw/+unL12tVr1x4+fFS4cOFiRR2bNW2SNWuWjx3lvpfXjZu37t71fPTIN3369MWKFS1VsmTtWjUsLCw+tkl0dPS169cVRXn82E8sCQ0NVbetoJ1d9uzZ5b8RERHnzl+4f9/L89794ODg/PnzFS3qWKxo0e+cKhoe5b6X1+4/9lpYWLRs0cy+YMF37yI2bt587twFf/8n+fLldWvYoEXzpoY9fP3GzfMX/jx3/oKlhUXp0qW6d+0sGhAdHX3p8pU9e/f7+PhERUU7OHxTpnSpJo0bmT9RYlRU1OXLVzzv3b/r6enj8zB//nxFixYtXqxo1SqVLS2N/Orr0uUrd+963rvv5efnly1btmJFHYs6On5fuVLGDBmMvlJra+uuXTp9lTXr48d+Z86eO3Pu3N8hr74pXKhzpw5Finwjaj589GjHTvd79+4Hh4QU+aawo6NDy+bN9d7Tt2/fLlqyTFGUJo3dHB0coqKi7np6Xr589c+Ll54+fVaqVIkyZUq7NWxg2AzT3r59e/7CxXv37t2+c/dNeHgBW23Roo61a9bMly+vulpkZGRAYOCZc+fEv2Fv3qjPh/z58+fOlUtdPzAw8NLlK3c973l5PYiKiipS5BtHhyL169czp3nuu//wevCXoijfFC7UvFnTj1U7eOjwzVu3FEWp61Ln2zKl4/SqAQAAAAAAkoJFdHR0SrcBAAAkgsVLlv28aImiKA1c6y36+Se5fPqPs9b+tl5RlPW//RoWFtZ/4BDDbWfPnCFiXUbduXO3cbOWJg59aP+eb74prChKXVc3b28fRVF+mjfH29t72fKVejXz5Mm9dPHCMqVL6S3/559/FixcvGr1GsOdV6n8/fRpk7X58xs9tE6nK1K0pIm2LV64wLV+XVG+e9dz8NARMhmpWvVqVWf+OE0vdHT4yNG+/QcpijKgf9/ePbs3bdFavDrh2zKld2zbrO7htatXnjh1av3vG/Ve8hGPA1aWluMmTHLfvUfvuOXKll286Ce94xoV9OLF6DHjTp85a7jKyani7B+nabUfEqu+ePFy/KTJR48eN6ys1WoXzJ+jF6aSr3TggH6F7AsOGTZSb6t9e9yLOjqs37BxytQZeqtsbLIvX7q4bNlv5ZLg4JCKlaqIV7f+t9Vjx03cs3ef3laODg4rly9Vx/b+/fdfx+IxrZJnlHTz1u3BQ0f4+/sbvqLpUye3btVChkgLFSlmWEdduW2bVvJf991/jBg11rCaVqudPXO6U8UK6oWGHzH33XtGjBoj1u7dvbNYsaKGuwoMDPy+ak1R3r5lo7qjAAAAAAAAUgopRgEASC3GTZgso4MajUaj0chVo8eOu3vX82MbpkuXLq7HGjZilIwO2th8GMAXEBDYq0+/t+/eqSu/fh3WrEUbGR3UarW1a9UsV7as+PfsufMN3Jq+evXK6IEsLS0LFy5koiVp0sSMz3Pf/Uejpi3U0UF1RO3U6TN16ja4eeu20Z28fBk8dtxEdXRQUZSiRR31qnXt0UtGB2X3BgQErlz169z5C2R0ME+e3HKTq9euTZ4y3UT7hbt3PZ1dXNXRwYJ2dnI/Fy9eatCo2T///CP+9fS8V9ulvjo6qH6l/v7+LVq13bJ1m9EDLV6yTEYH1W/cpMnTDnkcltFB9arg4JA+/Qfqvafy1XXq0kNGB9Wn3H0vr/oNG7958+aTr11RlO07djVr0VpGB8uVLVu7Vk358sdPnPyLKhStPoppo8aMk9FBjUZTpfL3VSp/Lzb39/dv16HzxUuXTe/BtX5debiNm7d+rPGiULx4MaKDAAAAAADgM0GAEACA1ELEV3r36nFg3+4bVy/evHZp9cpfZHhj/oKFH9uwSJFvTh7zOHxoX+1aMQOh2rVtffjQPvlXoICt0Q1nTJ9y9tTxSxfOPrh3e9SIYWJhcHDIxk1b1NWWLlt+38tLBGl+Wbro5DGPlcuXbtuy4fzZk5W+c1IUJTw8fO68BUYPYWFhcXDfHxfPn+nTu6dYUtDOTt020eagFy9kKChPntzbt2x8cO/2yWMenrevL14Ys+fw8PAJk6bodDrDo2zZum3f/gOKorRp1XL+3Nnz5szs27tX29atDGtqNJqVy5feuXnt1vXLv69bI7p38ZJlYohh1y6dbt+4cu70iZvXLjVp7CY2OXzk6PUbNz/W+SKz6PiJk8PDw8W/UydPvH3z6tHDB86dPnHiqEerls0VRRk7eqS1tbWoPHHyVFl5/tzZd25eO3nM48G927t3bZORwnETJpuYpW/CuLGXLpy9dOHsyWMejg4OItQnosuVvnM6deKIeE/HjR394T3duNnorq5eu1bQzm7VimXXLv956/rla5f/lPlvw8PDt2zbbuKFC4GBgWN+GC/KjdwaXv7z7LYtG1YuX3ru9InZM2MClj/9vEjmmD16+MDhQ/uGDh4o/nV0cFCfD67164nlx46f2LnLXZRHDB9y9dL5dWtXr1u7+vKfZ7t26RTTS+MnvX//3kTbrK2te/XoJspbtm4zDGNHRkau3xATM+7WpfMnXywAAAAAAEDyIEAIAEAq8svSRaNGDHMoUsTS0tLCwqJmjeoybnfq9BmjsTFBq9UWsrfPkiWz+Dd79uyF7O3ln+EQQ61W63Fgb5tWLb/+Oo+iKFZWVr179ZCpPs+ePSdrenv7rF6zVjbPpY6zXJU7V65lSxaJGNuWbdtlBEiPpaVljhw2cjxZrty51G0TM/zNm/+zWJsnT+79e3eXLfutWG5tbe1av+4e9x1i7d27njt37f5YJ6xcvnTG9ClNGrs1bdJ4xPAhhvkkbWyy7961rXatmmJGxu8rfTdwQD+5tnq1quN/GJMxY0ZFUTJlyjRj2hQ5Dk89SZ6hg4c8bt2+I8q/rVnVvl0bOT2era125oxpD+7dlmkz/9izV4Ybd+3Y2qSxm2iMlZVVyRIl/ti1XXbU3Pk/GTuasmLZki6dO4q2abXaGdOnqF/g0sUL8+fLJ3bYrWtn+Z5+bLBd8eLFtm7eUKtmDTFPYdasWebNmSUjzStX/SoHPn7MnHkx7axQvty8OTPVM0q2aN5UnsBLf1khCrly5ixkb587d8zLzJAhvfp8EM2IiIiYNmOWqDCgf9++vXulTZtW/GttbT3+hzHVqlZRFOWRr+/+AwdNN691qw/Zd3fERhylY8dPBAeHiMhx/XoupncFAAAAAACQbAgQAgCQWrRv10YdfhNcXD4sefb8eWIda+TwIYaZP13r1xcFb58PuTp3/7FXFGrWqF75+0p6m2TJkrlHty6i/OCvv+LXmPDwcDlWrE/vnl9lzapXoXjxYjLQtWGT8ZFwzZs1lWGtj6lfr659wYLqJVWrfC/LbVr/Zx7H9OnT13WpI8ofi30K69bHDEGr9J1T1SqVDSuIYKcgc5y61HEuXUp/dsasWbP069NblHf/sTc09LVeBa1W6+xcS72kTOlScphpI7eGIsAmyZfg7fPQaOOXLFygzkcqdIsdohccHGJ0SkgpPDxcniFjx4xSv1KhU8cOonDz1i0T+9Fz6dIVMaBWo9H079vbsEKvnt1FwfPefdO7ypkzR8sWzUR57W/r9aLsv2/YJAo9u3cVQzwBAAAAAAA+B2lSugEAACCZWFhYGC7MYWMjyy+CXmjz50+kYxn5EZIYTSim5YuOjhbtkWG/r7/OYzTT5uuwMFHw9vGp41w7Ho1Rh98aNWxotE6L5s0OHPQQgwijoqIsLf/Tfo1GI9NpxknuXLlk2a5AAb21efN+LQrPnweY2InIv6ooSvt2bU0fLjo6Wo41FKlHDTVyazBx8lRR9vP3K5m1xKdehPL113nE/It64U/1eyonCNRjnd5IVKxixQqy/Px5gMhiatSjRx/Ch7rISBO5WL29fSIjI9OkMevLrc/DmHCmnV2Bu573DCu8ehUqCg8efDos3alDezHRYEBA4MlTp2Ug2efhwwt/XhTlVq1amNMwAAAAAACA5EGAEACAVE0dCYtWopP0WOoRVDJAeNfTUyzZtHnrps1bTWz+xP9p/I4rx6hpNBq9AXBSvnz5ZDkgIFCG7oTs2bN/bEPTZOJKMWRQb611upgOiYqK+tgegoND5ISCBWy1pg8XFBQky/ny5jVaJ3PmzBqNRuzT1/dxyRKfDhDKjKYiW6maYXZZc1haWubJk1tMgvjsmalxqz4PH8lyyzbtTe82MDAoXz7jr1qPiHeKeHCLVt6mR5UAACAASURBVKbCrurRrh9TrFhRJ6eKFy9eEiM4ZYBwy9aYGRabNHZTh4oBAAAAAABSHAFCAACQkkSUSETv0hsbbSaVKFE8fod47BczuE0OdzOUI8eHkZRPnj7VCxCmoKfPnslyjpw5TFf2f/Ihhprz45W1+fOLUYl+fsaH/SWDXDlzirf+xcuXJqq9ePlClg1Tlaply5ZNPT2haYGqSKrp3Vb6zsmcHXbv2lkECM+eO+/t7VO4cKG3795t3RYzt2WH9u3MbBgAAAAAAEDyIEAIAABSUkE7OzHC76d5c5xrf2KSv/jJnu0rUXjz5s3H6rwNfyvL8RssmESyZvnQmDdv3uTKmdNEZfX0iuFv32bLls1otVehr2Lqf/VV4rU0bv6OzeFpOj6XP3Zkp6ODw/697ol1dK02JpVu965dfhg7KuE7rFG9mlarFXlWN27eMmnCuAMHDolhmqVKlvi2TOmEHwIAAAAAACARGZkfCAAAINkULRoz/5xMBJroCtrZiUJAQKBOpzNaRz2kzFZrm0QtiYf8+T/kPn369JnJuh/iXoqiBAUGGa2j0+nkqE07O/1pEZOHTqeTcxbaak3lTZUtvO/l9bH3Lh4K2duLgjkZRM1hZWXVvVtnUV7/+8bXr8PWb9go/u3WtXOiHAIAAAAAACARESAEAAApyT42VHPi5KkkOoQ6DHb9xk2jdUR+SEVR8uTJbTjTXgqysrIqXLiQKF/486LpytbW1trYeNufly4brXPz5i1ZtiuQMgHCGzc/vAvqoKahArYfWnjl6rXEakDBgnZyn6GhrxNln00bN5Ll6T/OunvXU4yPrOtSJ1H2DwAAAAAAkIgIEAIAgDiLeBeRWLv6PnaOt4sXLyVRjDBXrlxyEOHKVb8aVoiIiFi2fKUoV6taJSnakBDfOVUUhRUrV//999+mK1erWlkUlq9Y9c7Y27RidUwPaLXaPHlyJ3Zj9Rk9VVas/NCGAramxmtmyJC+Qvlyojxr9tyoqKi4NsBoJ5QoXlyj0SiKEh4evmLV6rju06hMmTL16NZVlHfuismG2rljh3Tp0qmrhYSEmEh1CwAAAAAAkDwIEAIAAHNlzpRZFI4dPyEKb9++VSfnjAcnp4qu9euK8uix486cPadeq9Pp9h846Ozi2n/gkHhnmLSwsJg0cZxs+bz5P6t3FRYWNmjIcDFdnKIoQwYPjO9LSSr9+vaW5b79B718Gaxee+CgR+VqNRcuXir+HTSgvwx99R84WD08LioqatHipUePHhf/Thw/1srKKqkb371nH5lNVLZBnj8jhw/5ZBsmTRwvCrdu3xk9drxedO3584Cx4yZUrFRFb3hlpkyZROG+l5c4RXU63ePHfmJh1qxZRo0YJsorVq5es3adXujxxs1bnbv2qOvqFqfTu0P7NnpLWrVsIcvR0dEjR/9Q4bsqpctWXP/7RvN3CwAAAAAAkOjSpHQDAADA/w2ZmPGRr2+7jl3KlC61Y+euiIh/Thz1sLHJHu/djhk18sBBD0VRgoNDunTrWbNG9ZIlS2TNkuXJ06cHD3mICfMe+foeOXqsXl2X+B2iapXKLnWcDx85qijKLytWnjh5qkrl721ssj999uzoseNyTr4xo0bkzpUr3i8kieTOlWvUiGFz5v2kKMrlK1dd3RrXr1fXoUiRV6GhJ0+evnrtmqIoixYvbdLIrUAB2xw5bEYMHzJl6gxFUU6dPlOnnmsdZ2dbbf7Q168vXPjz1u07Yp/Vq1WtVbNGMjT+ka9vg0bNXOvXzZc3ry4q6uzZczLLq6ODgzlvaFFHh04d2osp/Xa57z5/4UKtmjUK2du/efPm1u07MtY4YeKUo4cPyK0K2H6Y2rB9hy5169Y5c/bc3bue63/7tfL3lRRFadum1eYt2+57eSmKMmPm7N179lZycsqvzRcYEHTu/HnZUctXrJo0YZyZL1ar1dar63LI47D4t1nTJjlz5pBr//rLe5f7blGeMm1Gu7at06ThqzgAAAAAAEgZPJUAAADmauBaf95PP4vBdhcvXpLz9m3dvqNfn17x3m2+fHn3uO8YNnK0t7ePmIzQMNdovz69XOo4J6Tx8+fNnjv3JxFnuu/lJSJDapMmjuvQrm1CDpF0enTv+v79+58XLRFh1A0bN6vX2thkX7xwQYECMbk6O7ZvlzZN2vETJ4vKW7Zu09tbm9atxo4ekWyNDw8P375jl97CalWrLPhprplDGMeOGZkla5YlS39RFCUgIHDT5q16FbRa7fJflqiXFC3qWK5sWRE9feTru3zFKrH8l+UrRYDQyspq3drV4yZOEkMq7971FLMGqlWvVnXYkEFxerHt27WRAcKOHdqpV0Ur0ep/45EuFQAAAAAAILGQYhQAgC9N+vQZjC+3Tp/APdvYZF/76wqtVqteMnnS+N49u+vVtLZOZ7D1f1hYWKj/LV682B73HUMGDShVsoTeEdu1be1xcN/wYUMsLU19b7FOZy0K6a2tjVbImCHDpInj1v/2a80a1dXjHbVabSO3hocP7evUof3HDqHJmNH0y4k9tKkeNtEnGTIYf8skKyurgQP6bduyoVrVKiKDqFC8eLFOHdsfPrTfqWIFudDCwqJtm1bHjxxq2qSRnHxRdGb1alVXr/xlxrTJMgOnHtOvVG86PXMcO3ywW9fO6skOvy1TeuTwoatX/vJV1qwf28r6v29iunTphg4euGvHVmfnWnpjVZ2cKs6cMe3wwb2FC9mrl1tYWCxcME9vRslOHdsvXbxQ/psjh82KZUvmz53t5FRR3asajcaljvNva1atWb0ic+bMhs372EdMUZTAwCD5MvVO5sKFClWp/L0o9+ndMx6dCQAAAAAAkFgsoqOjzagGAAAQIyoqKijoxavQVzbZbdQZFBOLTqd77Oeni9Rly5YtRw6bRN+/EBISEvTihTZ/fnVk6P9CdHT002fP/vnnnwK2tubkqHz77p2fn18OmxxJ15l6goNDKlaKicydP3tSZG199epVQGBgQTs7649EcM33999/P38ekDlL5hw2OTJk+ETY+9WrV4FBQRnSZ8ifP5+JGHN0dPTz5wGvw15/lfWrnDlzxG92xqioqPoNG4uBsIsXLpCTa0o6ne7hw0fW1ta2qgyoAAAAAAAAyY8AIQAAABKT0QBhanDq9JluPXqLwZrnTp9ImzZtSrcIAAAAAADAOFKMAgAAAIngl+UrRaFrl05EBwEAAAAAwOeMACEAAACQUDdu3rp85aoot2rRIqWbAwAAAAAAYAoBQgAAACChfl2zVhRatWxuY5M9pZsDAAAAAABgSpqUbgAAAAC+KBkzZhw7ZqSiKBYWFtmzZUvp5iSTb8uUKV26VHrr9A0buqZ0WwAAAAAAAD7BIjo6OqXbAAAAAAAAAAAAACCZkGIUAAAAAAAAAAAASEUIEAIAAAAAAAAAAACpCAFCAAAAAAAAAAAAIBUhQAgAAAAAAAAAAACkIgQIAQAAAAAAAAAAgFSEACEAAAAAAAAAAACQihAgBAAAAAAAAAAAAFIRAoQAAAAAAAAAAABAKkKAEAAAAAAAAAAAAEhFCBACAAAAAAAAAAAAqQgBQgAAAAAAAAAAACAVIUAIAAAAAAAAAAAApCIECAEAAAAAAAAAAIBUhAAhAAAAAAAAAAAAkIoQIAQAAAAAAAAAAABSEQKEAAAAAAAAAAAAQCpCgBAAAAAAAAAAAABIRQgQAgAAAAAAAAAAAKkIAUIAAAAAAAAAAAAgFSFACAAAAAAAAAAAAKQiBAgBAAAAAAAAAACAVIQAIQAAAAAAAAAAAJCKECAEAAAAAAAAAAAAUhEChAAAAAAAAAAAAEAqQoAQAAAAAAAAAAAASEUIEAIAAAAAAAAAAACpCAFCAAAAAAAAAAAAIBUhQAgAAAAAAAAAAACkIgQIAQAAAAAAAAAAgFSEACEAAAAAAAAAAACQihAgBAAAAAAAAAAAAFIRAoQAAAAAAAAAAABAKkKAEAAAAAAAAAAAAEhFCBACAAAAAAAAAAAAqQgBQgAAAAAAAAAAACAVIUAIAAAAAAAAAAAApCIECAEAAAAAAAAAAIBUhAAhAAAAAAAAAAAAkIoQIAQAAAAAAAAAAABSEQKEAAAAAAAAAAAAQCpCgBAAAAAAAAAAAABIRQgQAgAAAAAAAAAAAKkIAUIAAAAAAAAAAAAgFSFACAAAAAAAAAAAAKQiBAgBAAAAAAAAAACAVIQAIQAAAAAAAAAAAJCKECAEAAAAAAAAAAAAUhEChAAAAAAAAAAAAEAqQoAQAAAAAAAAAAAASEXSpHQDAABA4nj16tVdz3tmVq5YoXzatGkVRfH391+5ek1ExD9tWrcoV7ZsErcxPi5euhwZGWlfsODXX+f5ZOVXoaF373oqipIxY8Zvy5ROlgYCAGK8fffu+vUbovydU0UrK6uUblGcPX8e8PDRo7Rp05YvV9bS8tM/qL11+05YWJiiKMWKOmbLli1Z2ggAAAAAicAiOjo6pdsAAAASgfvuPSNGjTGz8qULZ21sskdHR9ep2+CRr69YeP7sydy5ciVlG+PM39+/Ru26iqJoNJp9f+yytdWarn/x4qV2HbsoilKqZAn3nduSq5kAAEXvTnT9ysUsWTKndIvibMwP47fv2KUoSreunceNHf3J+m3adbx85aqiKGtXr6xWrUqytBEAAAAAEgEpRgEASL1CQ0NldFBRFF/fx0l6uFehoS1ata3r6ubt7RPXbcPDwwcMHhoREZE0TQMAfIHWb9hY19Vt6vQf47HtmrXrDhz0SIJGAQAAAMBngRSjAAB8gdq0bpUhQ3oTFdKnt1YUJWvWrFqt1t/fXyy0K2CbpK3y8npw/cZNRVECg4IKFy4U183v3vWcNmPWjGmTk6Z1AIAvzSGPI97ePpkzZYrf5gMHD3Vw2FfI3j6x2wUAAAAAKY8AIQAAX6CRw4d89dVXn6xmYWGxfu3qVb+ueffuXZvWrXLnzp2krXr27FkC97Bl67ay35Zu3qxpIrUIAPAl8/b2TuAe+g0Y7L5ja8aMGROpRQAAAADwuSBACABAqmZrq502ZVLyHMvf/0nCdzJqzLjixYs5OjgkRosAAF+siIiI4OCQBO7E29tn4uSp8+bMSqRGAQAAAMDngjkIAQBAMvGLzWWaQH36DQoLC0uUXQEAvlQBAYGJsh/33Xs2bd6aKLsCAAAAgM8HIwgBAEjVLl2+cvzESUVRHIoUadqkkVx+5Oixq9euW1tb9+nVM0OG9AEBgWt/W3/9xs3Q16H2BQt269q5Qvly6p2cPn32Lx/v588DCtnbOxT5pmzZbytWKC8rhIa+fh7w/Padu+JfL68HYhJERVEsLa2+LVP6k+3UaDRDBg2YMXO2oij+/v7/Y+/O46Kq/j+OH/ZlZB1ZFHBFwdytxLVFcdfM3TZzSXPJMjOzrMzSrL6VGe6aW5pluedumgu5L6mgKCgKKouAAgMDAvP74+j9TWyCgsPMvJ6P7+P7OHeZez939HFP3veccyd99MnsH2daWFiU9nojI6NOnf43/Pz5sLDz2ixt/SfqNW7cqE+vF21sbPR3uxARsWHjZjs7uyGDB7m6uFy9eu3AwdADoaEpybfr+Nd+fdCrdevWkXtevnLlj7Xrz5+/kJScXLeOf2BgQL8+fVxcnIsq4EJExOl/z4SFhV+5Em1vb//EE/UaNWzYvt1zD3EtAGAySnhzltLS0tZv3BRx4eKlyChbW5t69QLr1qnToUN7VxcXuUNOTk5cfPyB0NB7+6ennzh5Uvm4r6+vl6fnA0t6952xq39bI1PGT6ZMbdCgfqOGDUp7XQmJiceOHT9/PiL8/PnrN24EBgQ8US+wT+9elSur8+25aPGSpOTkJ5s17RDcPisr6/CRo6Ghh44dP+7h4dG2beuB/fvJryIrK2vX7r927d5z/fp1lUpVr15g2zatW7dqWVQB8fHxR48dDws/HxFxMS8vr27dOoEBdbt06ezo4FDaawEAAABgYggIAQAwa0eOHF20eIkQolvXzvoB4ZGjx5YuWyGEaP70U5Urq7t2f1HZFBkZVaeOvwwI09LSJk6avHPXbmVrWFi4bHTt0unjyR96eXouXbZi2pf/mZxN5nySSqU6c+pYSUodMnjQiZOntu/YKYTYvmPn0mUrhg55veRXmpmpnRUyW16sfrVrfl/7y+rffpz5XY0a1ZX1167FyD0tLCxq16o5bvz7yqYTJ0/+uub3PzetrxcYsGLlqqmfT8937QsX/TR/TkizZk3zFZCVlTVzVki+Avb+vU8I0aZ1q2lffObn61vyywEA01Cqm7MQYsfOXe9/8JFGo1HWHDp8RAjxxfQZX06b2q1rFwsLi4AnGul/JDIyqv/AV5XFaZ9/9tLA/g8sTK1Wz58b8mLve3uOGjN2y6b1JXm/r6TT6dau2/D5tC/1S42MjPpzy9Y58xaEzPr+2Wfa6u//x7r1kZFRi4Q4uG/PO+9O0E80/9qz9+jRYyGzZsbFxQ8bPvJCRISy6WDoP4sWL3n5pQGffvxRwTB1/YaNEyZ+qL/mYOg/QoiQOfO/njEtqPnTJbwWAAAAACaJKUYBAEBxrlyJfnPU2Hwr69bxl43Jn0xR0sGaNWq0b/d8/fpPyMWt23b89NMyIYSdnV2ZVGJhYfHVl1/4+fnJxekzvtZ/flq8yMioHj176z+A9vb2UtphYeFjxo7Lzc0t+MGQ2XOVdFCtdlfWT/nsi+07dirpoP6mpKTkkWPGZmRm6h8nNTWtd9+BSgF+fn7t2z3/ZLNmcvFg6D/devS6fft2CS8HAExDaW/O4eHnR7/1jhK5tWwR1KZ1K5VKJYTQaDTvvDvh1q0k+dOTMimvYYMG0z7/TLbj4uInTPwwLy+vJB9MT08fNnzkBx9OVkpVq92VqjQazdA33ixqBtQ2z7aTvZv+VWzdtmP//oP66aB+v/PL6t9W/7Ym33EmTpqspIMqlapN61bKdxUTE/Pyq68fOVqiX+cAAAAAMFWMIAQAAMWZMvUL+Wxx2NDB/rVrpaWlXYuJbdOmtXxQu2XrdrnbnJAfOnfqKNux168vX7Hy6tVro0YOF0L079enRYvmOp2uV58B8lHpV19Oa9asidzZytKq5MU4OTnNn/tjtx695OKoMW9v3byx4ERtBeXm5V6JjpaPnt9/b3yXzh3t7Ozy8vJWrf71s6nT5Myfm//c+mLPHoV+/JPJH/bo3k2tdo+JiRk5+u0LEREnTp6UD3Bbtgj6asY0Xx+f3Nzc5StWysGRSUnJq1atHv7GUOUIc+bOl091VSrVt9/M6NghWK6PT0h4b8IHhw4f0Wg0//t25vRpU0v+bQCAsSvtzXnW7Dmy0aZ1q1kzv5Xj+XJycnbt3vPrb2te6NHNw6OyEGL3zq1paWnbtu2YOStECBEYEPDjrO+Uk1ZWVy55hS8N7H/i5Mn1GzbJMd/zFiwaM+rNB37Kysr6XNi9WbXHv/vOywP7u7m5CSEOHz4yYtRbsiucFTJ7xvQvCv14o4YNpnz6ccMG9S0sLJavWClH4Q95Y4Tc+tWX03r36mllZXX16rWx48bLwevffvdD3969HB0d5T5/7dm7dt162Z7w3rg3hg5RZij933cz5QwBkz+esvXPDba2tiX/NgAAAACYEgJCAABM0Oix42ysC+/l+/Xt3b1b11IdTaVSbftzo49P1Xzrz5w7JxsdOwQr6aAQwtfHZ/KHHyiL1tbWtWrWFELY29vJp6JVq1apXatWqWpQBAYEfPvNDDkqIikpedz4CcuXLrayekDKGFC37uKF8+Lj43t076aMybC0tHztlZePHTsuY86DoaGFBoQL5s4ODm4n235+ftOnTe3Tb6BcVKvd54TMkm8ctLKyGjrk9VOnT2/dtkPO0aoEhJGRUYuXLJXteXN+1H9ZlJen59zZP7Z5tp1Go/l1ze8jhg+rXr3aw30zAGB0SntzPnToiGxM+uB9ZbZPa2vrLp07dun8/92Qp4eHp4eHl9e9wYgODvYP3ekIIT7/7NOz58IiI6OEEN/PnNW0SeNWLVsU/xEHB/ufly8JDT3UsWOwr4+Psr5Fi6APP3j/408/kxleoZ9t2SJowbzZyrcxZPCgAwdD9+0/cO/CJ07o17e3bFevXu2br6bLH81oNJpLkVGNGzUUQmi12i+m35vZ+60xo0a9OUI5uJ2d3ccfTYqKurz/wMEr0dFbtm7r9WLPh/5mAAAAABg1phgFAMAEHTly9GDoP4X+78aNm6U92tQpHxdMB4UQd+/elY1LlyIzM7VlUXiJ9Hqx58AB914KdejwkVkhc0ryqeefe3bggP4F553rENxeNqKiLhf8lJ+fn5IOSk0aN1IO8kKP7jIdVHTq2EE2IvWOtmHjZqUG/XRQcnZ2emPoYNm+eOlSSa4FAEzGw92cw8PDH0t1Qgjh6Og4d/YsZXHk6LHx8YXPDqovoG7doUNe108HJeXVg0lJyenp6QU/+PJLA/N9G+2ef05p9+71ov6mwIAAZebtmJgY2Th69Lhsq1SqQsc7jhg+TDbCz1944IUAAAAAMFUEhAAAoDhBQc2LGl5Qv1492bgSHd23/0u7dv+lRIbl7ZPJk5SXHc6ZO3/v3/se+lDKEJPrN26U8CNVqnjLhhwZWegm5UGtfuxXpYr3qdP/Fvxfalqa3CEyKuqhLwQATEmhN+emTRrLxsRJk7/59nv9O225ql2rVsismbKt0WjGvvPeQ/d3Xl6eSjshMbEkH/G+/1WoVCr9Vw9K1avdCwjjExJkI+ryvUi1Ro3qYeHnC3Y6t2/fkTtcvMivUgAAAADzxRSjAACYoE3r/3BxdSl0k7OTc6Hri1LHv3ZRmxo3bvRM2zb7DxyUr4kaOXqsSqXq1rVzzx7dn376qQdO+/ko7O3tZ8+a2b1nbzln6TvvTtiyeb2fr28JP56Tk5OQkBifkHDzZtyp06flSq02q4Qfd3RwkA0HB/t8mwp9mVPY/ZEuv6z+7ZfVvxVz5NiY6yWsAQBMzwNvzqNHjjgY+o9sL1i4eMHCxY0aNuj5Qo9uXbvItw+Wn65dOp08NUi+ve/EyZPffPu9/mTaxcvLy0tOTomPj78ZF59wP8YrORtbG9mwt7cruNXOzu7+WXSyIWdDFUKEhYX37f9SMUfmVykAAACAOSMgBADABPn4VFVezlR+rKysfvj+2+kzvl67br1co9Fo1vy+ds3va/39a8+Y9nmzZk3L7+zVqvl9/+03b44aI887Zuy4339dVfxHMjIy/tqzd936jTLUfGzi4u5NRqdSqQp9vKto0KD+4yoKACqKkt+cg4KaL5w/58PJnyQlJcs1Z86eO3P23BfTZ7w54o2xY0YX/N1GGZo4Yfzp0/+eOv2vEGLJ0uVPNmuq//7dgrRa7fYdu3bs3LVz1+5Cd9DpdOVRZ7xeBllwxKG+li2CyqMAAAAAAEaBgBAAADw8Fxfnb76aPuKNoRs2bl6/caOShEVGRvUb+MqGdWsaNmhQfmcPbv/8yDeHz1+wSI6TmPblV927dilq563bdox95139NSqVytPDw87O7kJERPkVKYSoWaPGlehoIcT3334T3P75cj0XABiX0t6c27d7ft+e3X/t2bNh42b9+aUXLFwcGxs7a+Z3FhYW5VSqra1tyKyZnbr2kIPXx4wdt2vHlqJ2vnjx0quvD1GCTMnPz8/Tw+PEyZPlVOH9s9wbTz9syOCPPpxYrucCAAAAYLwICAEAwKPy96894b1xE94bd/bcuZ9XrlYGFM6dt3DenB/L9dTjx7196vS/R44clRN4ZmZmFrrb2nXrJ06aLNvPPtO25ws9WrdqWbmyWghx6vS/xc/A9ujq1QuQAaH8fwCA9HA3ZwcH++7dunbv1jUtLW3r9h0/hsyRP0/ZsnX7yBHDn3iiXvkVXKWK95yQHwYPHS4XR415W5nhU194+PmBrwySOaK/f+1XX3mpdauWymtra9e99w7dcsoya9eqJRvMIAoAAACgGJaGLgAAAJiOhg0afPPV9IkTxsvF8h4kcX+a0/8pU6it37Cp4D46ne7r/30n2xMnjF+yeEHPF7rLB9CPR637z2r1B7sAgJl79Juzk5PTgH59/9y4TukFws9fKJ9i/1/bNq3Hvf2WbEdGRoWFhRfcZ9mKlTId7NgheMPa31975WUlHXwMatasIRvHT5y8cyf1sZ0XAAAAgHEhIAQAAGXs+eeelQ1HR1WhO2i12jI8naeHx+wffyhmh6tXrymTvL0+6NV8W4sadFiGWt1/ydORI0fJCAFAKqubs5ubW4ug5rJd6HteMzPLstMRQowe9eYzbdsUs8Pf++7d6l9/7ZV8r0Us82IKalC/vkqlki/oXbBocXmfDgAAAICRIiAEAAAPKTk5+Ztvv/9rz95863ffX9O0SWP99c5OzrJx8OA/spGQmCjHWDyi5k8/NemD94va6qhyVNqJt27pbzp3Lmzc+AmPXkDxgoKad+3SSbY/+HDygYOh+ltzc3O3bN0W3LHrmLHjcnNzy7sYAKggHuLmvHXbjpDZc2/dStJfmZycfPjIUdkODAxU1leqVEk2LkRExCckyPvt1avXHr1yKyur77/9Whm2WJDS38XFJ+ivv3Uraciw4cqiTqd79GIKcnFxVobyL1i4eMnS5Xl5efo7nP73zOtD3ujUtYf8WgAAAACYJ95BCAAAHtLUL778c8tWGYAN6Ne3evVqGo1mx85dq375Ve7Qv18f/f1r+9eSL+FbsXLV7Tt3nJ2dVq5a/WSzZr/+ssLS8lF/tDRsyOvHT5zYvXtPwU2eHh5qtbscpzJm7LgP3n9PrXZPTk7Ztn3HL6t/e8TzltCkie9v3bZDCJGUlDx46PDnn3u2YcMGLs7Osdevb9u+Q74960p09K7df3Xu1PHxlAQA5arpU0FFbVKr3Y8eOljam3PExYtj33lXCLHop6VDBg9q/vRTKpUqKioqZ3l9IAAAIABJREFUZM58eZCgoOa17s+uKYSoXs1Pab/y6uBOnTocOBgaFha+YtlPrVu1fMSrc3NzWzBvTlFvSWzSpJHs7z797HMhRGBgXa0268CBg4t+WlomP4t5oJcG9l/965oLERFCiOkzvt6waXPLoCBfP5/4uITQf/45c/ac3G3+gkVTPpn8GOoBAAAAUAEREAIAgIdUq9a9NyodOXL0yP3RG4p3xo5p2eI/T4cHvfqKEuBt2vynbJw4efLkqdNPPdnsEYuxtLT8ZsaXPSP6xcTEFNz60aQP3nv/AyFEWFj4oMHD9De9N37csuUrlGnuyomPT9VN6/8Y//4HkZFR8mWEBecaHT1yRMcOweVaBgBUBMott1Q3Z0sLy8CAgAsRERqNZvacefmOqVa7f/+/r/V/blKvXuCTzZrJt+FeiY6ev2CRXD9v/sJHDwjlKPnPpnz82dRpBTeNGjlCvhNXo9HIC1R07tTR0tJC/mSk/FhZWS1funjyp1NktxsWFl7wXYnPPtN2/Li3y7UMAAAAABUZU4wCAAAhhLC3dyh8vZ19oetlBLhz+5/dunbON83ak82a/bZ65dtjx+Tbv3Wrll9O/1y+GEny96+9bMmikqSDhb5WKh8XF+f5c38sdM63F3v2+Oar6fk2BQe327xh7eiRI/r17VPUKVSOjgVXKmxtbR9YlaJ+/Sc2rf9j3NtvNWrYQH+9Wu3+8ksDdmz7873x4x59JCUAGJFS3Zzr1PHftOGPKZ9OzncXValUb40ZtXf3Dm9vL/31FhYWs2Z+m+9lgYNee2VOyKyS1FaSfue1V14e9OorBdfXrlXr919X1a//hP7KRg0bzAn5YU7ID71e7CnXWFsV8oNdO7sie5ai3uxbaMGVK6sXzJ393f++Dgpqrt/zqlSqjh2Cly1ZtGTxAicnp2KvDwAAAIApsyin1x4AAACzcvvOnatXr7m5uvr4VLWysipmz5ycnNjY69nZ2VWrVlFeEPV45ObmxscnxCckODs7VfH2diw2/CvvSq5eu5abk+vm5la5stpQZQBARfAQN2d5F83MyPT19XVxcS5+59u3b8cnJDjYO/j6+jzm32EkJyfHXr9ha2vj5enp5ub2OE+tT6fT3bwZl5qW6uri6uFRufhuGgAAAICZICAEAAAAAAAAAAAAzAjTWAEAAAAAAAAAAABmhIAQAAAAAAAAAAAAMCMEhAAAAAAAAAAAAIAZISAEAAAAAAAAAAAAzAgBIQAAAAAAAAAAAGBGCAgBAAAAAAAAAAAAM0JACAAAAAAAAAAAAJgRAkIAAAAAAAAAAADAjBAQAgAAAAAAAAAAAGaEgBAAAAAAAAAAAAAwIwSEAAAAAAAAAAAAgBkhIAQAAAAAAAAAAADMCAEhAAAAAAAAAAAAYEYICAEAAAAAAAAAAAAzQkAIAAAAAAAAAAAAmBECQgAAAAAAAAAAAMCMEBACAAAAAAAAAAAAZoSAEAAAAAAAAAAAADAjBIQAAAAAAAAAAACAGSEgBAAAAAAAAAAAAMwIASEAAAAAAAAAAABgRggIAQAAAAAAAAAAADNCQAgAAAAAAAAAAACYEQJCAAAAAAAAAAAAwIwQEAIAAAAAAAAAAABmhIAQAAAAAAAAAAAAMCPWhi4AAACUr9y8vNTU9PSMzMzMrOy7d3Ny84TQGbooAEA+FtZWlrY2Ng4OdpUcHZydK1lZms6vOemJAMAYmHJPBAAACrLQ6fiHGQAApkmrzUpMvp2UkspzWAAwNhZqN2cPd1d7eztDV/JI6IkAwGiZSE8EAACKQkAIAIBpuhGXmJCUYugqAACPxFPtVtXbw9BVPCR6IgAwAUbdEwEAgGIQEAIAYGq02qxr1+MztFpDFwIAKAOO9vbVfLyMawAHPREAmBJj7IkAAMADERACAGBSNBmZV67dyMnN1V9pZ2vr6lypksrR3t7W2trawnDlAQAKpRMiJydHq81O12TcTk3Pys7W32ptZVWzWlWVo4PhCiwFeiIAMEam1BMBAICSICAEAMB0aLVZkdGx+s9k7WxtvT3Vbi5OBq0LAFA6KXfS4hKS9B/OWltZ+dfwrfijN+iJAMA0GG9PBAAASoiAEAAA03Ex6pr+fG5qNxffql6M0gAAY6QTIvZGfFLKHWWNo7193drVDFrUg9ETAYDJMNKeCAAAlJCloQsAAABl40Zcov4zWa/K7n48kwUAo2UhhF9VL6/K7sqaDK32RlyiQYt6AHoiADAlxtgTAQCAkiMgBADAFGi1WQlJKcqi2s2lildlg1YEACgDVbwqq91clMWEpBStNsugFRWJnggATJIR9UQAAKBUCAgBADAFicm3lbadra1vVS+DlgMAKDO+Vb3sbG2VRf0bfoVCTwQApspYeiIAAFAqBIQAABi93Ly8pJRUZdHbU818bgBgMiyE8PZUK4tJKam5eXkGragQ9EQAYMKMoicCAAClRUAIAIDRS01NF0In23a2tm4uToauCABQltxcnPSGbuhSU9MNW09B9EQAYNoqfk8EAABKi4AQAACjl56RqbRdnSsZtBYAQLnQv73r3/YrCHoiADB5FbwnAgAApUVACACA0cvMzFLalVSOBq0FAFAu9G/v+rf9CoKeCABMXgXviQAAQGkREAIAYPSy795V2vb2tsXuCwAwSvq3d/3bfgVBTwQAJq+C90QAAKC0CAgBADB6Obl5Stva2tqgtQAAyoX+7V3/tl9B0BMBgMmr4D0RAAAoLQJCAABMgE5pWRi0DgBAOfnv7V1X5H4GQ08EACauwvdEAACgdAgIAQAAAAAAAAAAADNCQAgAAAAAAAAAAACYEQJCAAAAAAAAAAAAwIwQEAIAAAAAAAAAAABmhIAQAAAAAAAAAAAAMCMEhAAAAAAAAAAAAIAZISAEAAAAAAAAAAAAzAgBIQAAAAAAAAAAAGBGCAgBAAAAAAAAAAAAM0JACAAAAAAAAAAAAJgRAkIAAAAAAAAAAADAjBAQAgAAAAAAAAAAAGaEgBAAAAAAAAAAAAAwIwSEAAAAAAAAAAAAgBkhIAQAAAAAAAAAAADMCAEhAAAAAAAAAAAAYEYICAEAAAAAAAAAAAAzQkAIAAAAAAAAAAAAmBECQgAAAAAAAAAAAMCMEBACAAAAAAAAAAAAZoSAEAAAAAAAAAAAADAjBIQAAAAAAAAAAACAGSEgBAAAAAAAAAAAAMwIASEAAAAAAAAAAABgRggIAQAAAAAAAAAAADNCQAgAAAAAAAAAAACYEQJCAAAAAAAAAAAAwIwQEAIAAAAAAAAAAABmhIAQAAAAAAAAAAAAMCMEhAAAAAAAAAAAAIAZISAEAAAAAAAAAAAAzAgBIQAAAAAAAAAAAGBGCAgBAAAAAAAAAAAAM0JACAAAAAAAAAAAAJgRAkIAAAAAAAAAAADAjBAQAgAAAAAAAAAAAGaEgBAAAAAAAAAAAAAwIwSEAAAAAAAAAAAAgBkhIAQAAAAAAAAAAADMCAEhAAAAAAAAAAAAYEYICAEAAAAAAAAAAAAzQkAIAAAAAAAAAAAAmBECQgAAAAAAAAAAAMCMEBACAAAAAAAAAAAAZoSAEAAAAAAAAAAAADAjBIQAAAAAAAAAAACAGSEgBAAAAAAAAAAAAMwIASEAACbAQmnpDFoHAKCc/Pf2blHkfgZDTwQAJq7C90QAAKB0CAgBADB61lb/36Hn5OQYtBYAQLnQv73r3/YrCHoiADB5FbwnAgAApUV3DgCA0bO1sVHaWm22QWsBAJQL/du7/m2/gqAnAgCTV8F7IgAAUFoEhAAAGD0HBzulna7JMGgtAIByoX9717/tVxD0RABg8ip4TwQAAEqLgBAAAKNXydFBad9OTTdoLQCAcqF/e9e/7VcQ9EQAYPIqeE8EAABKi4AQAACj5+xcSQgL2c7Kzk65k2boigAAZSnlTlpWtjKxm4WzcyXD1lMQPREAmLaK3xMBAIDSIiAEAMDoWVlaqt2clcW4hCSdQesBAJQhnRBxCUnKotrN2cqywv07jp4IAEyYUfREAACgtOjOAQAwBR7urko7Kzs79ka8QcsBAJSZ2BvxeoM2/nPDr1DoiQDAVBlLTwQAAEqFgBAAAFNgb2/nqXZTFpNS7tyMv2XQigAAZeBm/K2klDvKoqfazd7ezqAVFYmeCABMkhH1RAAAoFQICAEAMBFVvT0c7e2VxfhbyTE34pnhDQCMlE6ImBvx8beSlTWO9vZVvT0MWtQD0BMBgCkxxp4IAACUnIVOx7/XAAAwEVptVmR0bE5urrLGztbW21Pt5uJk0LoAAKWTcictLiFJfz43aysr/xq+FX/QBj0RAJgG4+2JAABACREQAgBgUjQZmVeu3dB/Misfzro6V6qkcrS3t7W2trYwXHkAgELphMjJydFqs9M1GbdT0/UfyMpnsjWrVVU5OhiuwFKgJwIAY2RKPREAACgJAkIAAEyNVpt17Xp8hlZr6EIAAGXA0d6+mo+XcY3YoCcCAFNijD0RAAB4IAJCAABM0424xISkFENXAQB4JJ5qN+N92xM9EQCYAKPuiQAAQDEICAEAMFlabVZi8u2klFQh6O4BwLhYqN2cPdxdjX24Bj0RABgtE+mJAABAUQgIAQAwcbl5eamp6ekZmZmZWdl37+bk5vGUFgAqHgtrK0tbGxsHB7tKjg7OzpWsLC0NXVKZoScCAGNgyj0RAAAoiIAQAAAAAAAAAAAAMCP8FAgAAAAAAAAAAAAwIwSEAAAAAAAAAAAAgBkhIAQAAAAAAAAAAADMCAEhAAAAAAAAAAAAYEYICAEAAAAAAAAAAAAzQkAIAAAAAAAAAAAAmBECQgAAAAAAAAAAAMCMEBACAAAAAAAAAAAAZoSAEAAAAAAAAAAAADAjBIQAAAAAAAAAAACAGSEgBAAAAAAAAAAAAMyItaELAAAAZeP27dth4edLuHPzp5+ysbEp54pKJCYmZuHiJVpt1sABfZ9s1kxZf/bcuVdeGyKEcHKqFLp/r0FrBACUSE5OzpGjxwquV6lUPlWrVq6strCwMERd5uK7739Y/vMqIcSbI94YM+pNQ5cDAAAAoEIjIAQAwETs/Xv/hImTSrjz0UMH1Wr3cq7owXQ63ZBhb16JjhZCrFu/4Z+Df3t5espNGZoMjUZj6AIBAKWg0WQMGjysmB0CAwJeeXlgv769K8iPVEyMNitLdp1xcXGGrgUAAABARccUowAAwGDu3Lkj00EpOvqqQcsBAJSvCxERn0yZ2qFz99B/Dhm6FgAAAAAwa4wgBADABA0c0N/Bwb6YHezt7R5jOUVycXHx8/OLiYmRizWqVzN0RQCAstG1S6fAgAA5WDwhMTEmJnb/gYNyU0xMzKDBw/bu3lGtmp+hywQAAAAAM0VACACACXr/vXGurq6GruLBLCwsVixdvOinJZmZmQMH9Pfy8jJ0RQCAstGpY4fu3brqr0lKSp4VMnvVL7/KxQkTP1y9armVlZWBCgQAAAAAs0ZACAAADKlaNb8vpk4xdBUAgHKnVrt//tmniYm3du7aLYQ4cfJkVNTlunXrGLouAAAAADBHvIMQAAAAAPCYTHhvnNKOjLps0FoAAAAAwHwxghAAALN2ISJiw8bNdnZ2QwYPcnVxuXr12oGDoQdCQ1OSb9fxr/36oFeVsR2Xr1z5Y+368+cvJCUn163jHxgY0K9PHxcX50IPm5CYeOzY8fPnI8LPn79+40ZgQMAT9QL79O5VubI6355Hjx3fs/dvIURA3bq9Xnyh/K8YAGBINapXV9oXL13q2qWTsljyvkMIkZubu237jtP/nrl0KVKj0QTUrRsQWLdN61a1atbMt2daWtr6jZsiLly8FBlla2tTr15g3Tp1OnRo7+riIoSIT0hYumyFEKKSSjVs6JCCb/CNjLr8629rcnNzO3UIbtEiKN9WnU63bPnP8QkJlpaWI0cMd3Z2UjYlJt46cvTo+QsR4eHn8/LyatSoXi8woEmTxvLVjPksWrwkKTnZx6fqa6+8LIQ4c/bcylWrL0RECCEa1q8/etSbPj5VlZ1zcnIOHAw9c/bcsWPHU9PSGtav36BB/Z49e5T4DwEAAAAACAgBADBv167FLFq8RL4OsHatmuPGv69sOnHy5K9rfv9z0/p6gQErVq6a+vl0ZVNYWLgQYuGin+bPCWnWrKn+AXU63dp1Gz6f9qVGo1FWRkZG/bll65x5C0Jmff/sM2319z9y5KgsoFvXzgSEAGBWLC0sZKO0fcfFi5fefW+izM+kU6f/lY23x455c/gwe/t7Od+Onbve/+Aj/cMeOnxECPHF9BlfTpvarWsXN1fXX1b/Jnfw9PTs369PviJ/DJm9Zet2IcTev/f//deOfFtPnTo97cuvZHvsmNHK+j+3bP3o4yn65z0Y+o9sDH9j6Li331IqlP5Ytz4yMkoI0ad3r23btk+cNFnZFBYW3rlzRyUgTElJGfvOeHkVyg5ize8/LVlWaJIKAAAAAIViilEAACCEECGz5yrpoFrtrqyf8tkX23fsVNJB/U1JSckjx4zNyMxU1qSnpw8bPvKDDycrj0TVaneVSiXbGo1m6BtvxsXFP5YLAgBURJFRUUo7MDDgIfqOtLS0EaPeUtLBpk0aP//cs35+fnLxx5A5B0MPyXZ4+PnRb72jHLZli6A2rVvJI2s0mnfenXDrVpKtrW3nTh3lDrv/2pOv2sxMrUwHhRAxMTGXLkXm22HP3n2y0b1bV2X04YeTP3nn3QnKeVUqlbe3l/KRRYuX9Ozd786d1EK/n9DQf/TTQcm/dm3ZuHHjZveevfXTQX//2rJrvhIdfez4iUKPCQAAAAAFMYIQAAATdCX6qto9reB6ewd7Tw+PYj74yeQPe3Tvpla7x8TEjBz99oWIiBMnT544eVI+V/1qxjRfH5/c3NzlK1ZOn/G1zAhXrVo9/I2h8uNWVtbnwsJke/y777w8sL+bm5sQ4vDhIyNGvSUflc4KmT1j+hflc90AgApNp9N9/c13ymJA3boP0Xes37ApJiZG5oirViyrU8dfrj91+t+ly5ar3dXt2z0n18yaPUc22rRuNWvmt66urnJ+zl279/z625oXenTz8KgshOjUMXjtuvVCiL/27M3M1OrPMhp6f9iftHvPHuV00vYdO2VDSRn37T+w5ve1sv1M2zaff/aJDC/v3EldtuLnH0PmyMGRs+fOm/zhBwW/opGjxwoh/Pz8Bg961dPTMy4uLis7S8kXf/hxtpKVjh/39rChg+VIxJjY2LffGX/m7LmH/ZMBAAAAYHYICAEAMEF9+79U1Kaoi+FFbVowd3ZwcDvZ9vPzmz5tap9+A+WiWu0+J2SWfOOglZXV0CGvnzp9euu2HUKII0ePKQGhg4P9z8uXhIYe6tgx2NfHRzlyixZBH37w/seffiYfv5bdhQIAjEZKSsq33/2wb/8BufhM2zbVqvk9RN+hzCY69q3R+nFd0yaNm/7wvf4ZDx26N9Ju0gfvy3RQCGFtbd2lc8cunTsqu7Vq2VJpHz12TH860+07d+ofcNv2naPeHKEsRkdfvRIdff9yWgshsrOzp0ydJtcEB7ebGzLLyspKLrq4OL8zdoybq+vUL6YLIZYsXT6gX19//9oFv6imTRr/snK5ra1tvvVRly/LIFP+oGfw668pm/x8fX9ZuWLIsOEMIgQAAABQQgSEAABAyERQSQelJo0bqVQqOXTjhR7dZTqo6NSxgwwII6Mu668PqFtXjgjJR3nempSUnJ6eXqlSpfK5DgBAhXDo8NGsrCwhRF6eLi4uLjLq8t6/9+nPuvn1V9Mt7r+DsFR9R3Z2tlx59mxYCYsJDw+vFxhQ1FYHB/vu3br+uWWrEOLvv/crJ83Kylq/YZMQon79JxwdHI4dPxEWFh4TG+vn6yt3+HvfftkIDm4nZy49cvSYHN0ohBj39lglHVQMHNBv9tx5SUnJQoh1GzZOnDC+YD1ffzW9YDoohPj9j3WyoVa7DxzQr+BVNGzYgIAQAAAAQAkREAIAYIJe6NHd3t7u0Y9TpYp3ZGSUEKJWzZoFN8mG8iS0eF5enko7ITGRgBAATNuvv6359bc1hW7y8/P7/n9fFT/ltVRo39GwQX05sefadevT0tJGDB/WtEnjQj/etEnjg6H/CCEmTpocdfnKSwP6Ka8qzKdTxw4yINyybdunn3wkk8vDR47Krd26dHZUOcrsbe/f+wa9+opcv3P3X7LRpVMn2bhy5d6Awvr1nyg0krS1te3bp/eChYvlRKMFd3j3nbG1a9UqtEhl/969XpQziwIAAADAQyMgBADABE355CNlLrVH4ejgIBv6L2SSCh3ckE9eXl5yckp8fPzNuPiEhIRHrwcAYNTUavexb41+aUB/a+si/yn6wL6jT+9eS5Ytl4Pwdu7avXPXbm9vr149e/Z8oXu+FwSOHjni4P2XCC5YuHjBwsWNGjbo+UKPbl27yLcPKuQEoXKo4oWIizLbU94v2KFDe3s7+8+mThNCbN26XQaEt2/fPnI/QXz+uWdlIzLqXoZXo3q1oi5QTqwqhAgLL2TS71pFpIP6Q/aVIYwAAAAA8NAICAEAQBnTarXbd+zasXPXzl27C91Bp9M99qIAAI9V/359mjZpItvOzk7V/Pz8/HydnJyK2r/kfYeHR+Vffl4+6aOPlZcRxsXFz1uwcN6ChcHB7aZ8PLlq1SpyfVBQ84Xz53w4+ROZJgohzpw9d+bsuS+mz3hzxBtjx4xWfv5SqVKl4OB2u3fvEULs27e/XmDA3bt3t2zdLoQIDAiQw+gbNWxw5uy5Y8dPJCbe8vCorESPzz7TVpmF+/LlK7Lh5eVV1JUqQyfj4uJzcnKKyUr15ebmKkP2vTw9H7Q7AAAAADwAASEAAChLFy9eevX1IcqjWMnPz8/Tw+PEyZOGqwsA8Fi1btWye7euJdy5tH2Hv3/tNb+uOnbs+IZNm7ds3a682nD37j0REZc2rvtdSezat3t+357df+3Zs2Hj5r1/71OOsGDh4tjY2Fkzv1Peg9ilUycZEO7+a8/IN4cfPXZcHrZ79y5yhx7du505e06+erBf3967du+598HOnZTDqtVq2UhPTy/qYvVfxFjCdFAIof86w6zsrBJ+CgAAAACKYmnoAgAAgOkIDz/fd8DL8gmvv3/tz6Z8vGvHlqiL4X//tWPNryuV3ZSnsQAAPFzfYWlpGRTUfMb0L04eO7R44bwnmzWT62NiYjZu3qy/p4ODffduXRcvnHf6xJEvp3/u7X1vbN+WrdvPn7+g7Pbcc8/IxqnT/966lbRj5y652LFDsGwEt28nGzt27srOzpbvLNSfX1QI4V/73gShN27cLOp6b96Mk43AgEJeUlgMf//aspGQkFiqDwIAAABAQQSEAACgzCxbsVIOjOjYIXjD2t9fe+VlOS0bAABFecS+w9ra+vnnnl29ann7ds/LNWfOnC10TycnpwH9+v65cZ1a7S7XhOsFhK4uLs8+01a2Dxw8uGHjZpnJ1b7/UsBq1fzq139CCLH3733KYMSgoOaVK6uVg9Sqda/yU6f/LWoQYeg/h2Sjzv3Ar4SqV7v3XsPzFyJK9UEAAAAAKIiAEAAAlJm/9917YPr6a68oL3aSMjO1BioKAFChlUnfYWVl9dyz94YAOjg4FLOnm5tbi6Dmsm1vb6e/SZksdM7cBTKzfKFHd/0dunXpLBszvv423xqpceNGsqHRaNb8vrbg2cPDzysvL3z66adKeHVSnTr+srF23frk5OR8W2OvX1dmPQUAAACAByIgBAAAZcbZ6d47n+LiE/TX37qVNGTYcGVRp9M99tIAABVUafuOc+fCvvn2+3yj6PLy8pRJQeU4PyHE1m07QmbPvXUrSX/P5OTkw0eOynZgYKD+JmWy0CvR0bLR6f78olJw8L1ZRmNiYmRDGbYo+fr4jB45Qranz/h62/ad+lujLl8ePXacUmSP7iV9R6M0cEA/pT3po0/0RyhevHipd98BSlUAAAAA8EAlfSM6AAAwIs883yHfqIh8dm7709XVtczP26RJI/lQ9dPPPhdCBAbW1WqzDhw4uOinpXIoBgAA+ZSq78jM1L45+q24uPgFCxf36d2rU8dgDw+PhITEZctXHDp8RAihUqmC27UTQkRcvDj2nXeFEIt+Wjpk8KDmTz+lUqmioqJC5syX7zsMCmpeq2YN/YNXrqwOCmp+5H58WLNGDf//zgJau1Ytf//akZFRcrFpk8bKGw0Vo0aO+O33P+Qp3np73DNt2zRt0tjKyupKdPT6DZuU3aZO+cTKyqpUX5Sfr2/vXi+uW79BCPHXnr2duvZo9/xzFhYWJ06cuhDBpKMAAAAASoeAEAAAE6TRaIoP5HJz88rjvKNGjpBPPzUazXvvf6C/qXOnjpaWFlu37SiP8wIAjFep+o6cnLuNGjaMi4uXM22uXbc+39Fmz5opXwpoaWEZGBBwISJCo9HMnjMv325qtfv3//va0jL/nDpdO3dSAsIXe/YoWG2Pbl1nzgq5t/N/5xeVHB0d1/3x28RJk+Vx9h84uP/AwXynnvnd/5o2aVyC7ya/SRMnXL167cTJk0KIuLj4X1b/pmwaOKD/M21bj37rnYc4LAAAAAAzxBSjAACYIxsbm3xrVI6Oxexva2tbksPWrlXr919XKXO7SY0aNpgT8sOckB96vdhTrrG2KuQnSvb2hb8yqvihkACAisPG5mF+gVqqvsPJyWnenB+XLF7QskWQSqXS/8gLPbrv27vrmWfayMU6dfw3bfhjyqeTGzVsoL+bSqV6a8yovbt3FBz8J4QIbn9vElG12r1nYQFhzxe6K+dVds7H18dn5fIlU6d8EhTUXL/IwICAoUNe37V9a+tWLYv6Nuzsiutw1Wr3lSuWjBg+TClepVIFB7f79psZ07/4rEmTxn5+fsV8HAAAAAAUFrwECAAAlLnk5OTY6zdsbW28PD3d3NwMXQ4AwAgprF2PAAAgAElEQVSUtu/Q6XTx8Qlx8fFVqnh7enhYWFgUtWdubu7Va9cyMzJ9fX1dXJzLuvAHFHnjxs1MrbZ6Nb+Cv855FElJycnJybVq1SztVKUAAAAAQEAIAAAAAAAAAAAAmBemGAUAAAAAAAAAAADMCAEhAAAAAAAAAAAAYEYICAEAAAAAAAAAAAAzQkAIAAAAAAAAAAAAmBECQgAAAAAAAAAAAMCMEBACAAAAAAAAAAAAZoSAEAAAAAAAAAAAADAjBIQAAAAAAAAAAACAGSEgBAAAAAAAAAAAAMwIASEAAAAAAAAAAABgRggIAQAAAAAAAAAAADNCQAgAAAAAAAAAAACYEQJCAAAAAAAAAAAAwIwQEAIAAAAAAAAAAABmhIAQAAAAAAAAAAAAMCMEhAAAAAAAAAAAAIAZISAEAAAAAAAAAAAAzAgBIQAAAAAAAAAAAGBGCAgBAAAAAAAAAAAAM0JACAAAAAAAAAAAAJgRAkIAAAAAAAAAAADAjBAQAgAAAAAAAAAAAGaEgBAAAAAAAAAAAAAwIwSEAAAAAAAAAAAAgBkhIAQAAAAAAAAAAADMCAEhAAAAAAAAAAAAYEasDV0AAAAoX7l5eamp6ekZmZmZWdl37+bk5gmhM3RRAIB8LKytLG1tbBwc7Co5Ojg7V7KyNJ1fc9ITAYAxMOWeCAAAFGSh0/EPMwAATJNWm5WYfDspJZXnsABgbCzUbs4e7q729naGruSR0BMBgNEykZ4IAAAUhYAQAADTdCMuMSEpxdBVAAAeiafaraq3h6GreEj0RABgAoy6JwIAAMUgIAQAwNRotVnXrsdnaLWGLgQAUAYc7e2r+XgZ1wAOeiIAMCXG2BMBAIAHIiAEAMCkaDIyr1y7kZObq7/SztbW1blSJZWjvb2ttbW1heHKAwAUSidETk6OVpudrsm4nZqelZ2tv9XayqpmtaoqRwfDFVgK9EQAYIxMqScCAAAlQUAIAIDp0GqzIqNj9Z/J2tnaenuq3VycDFoXAKB0Uu6kxSUk6T+ctbay8q/hW/FHb9ATAYBpMN6eCAAAlBABIQAApuNi1DX9+dzUbi6+Vb0YpQEAxkgnROyN+KSUO8oaR3v7urWrGbSoB6MnAgCTYaQ9EQAAKCFLQxcAAADKxo24RP1nsl6V3f14JgsARstCCL+qXl6V3ZU1GVrtjbhEgxb1APREAGBKjLEnAgAAJUdACACAKdBqsxKSUpRFtZtLFa/KBq0IAFAGqnhVVru5KIsJSSlabZZBKyoSPREAmCQj6okAAECpEBACAGAKEpNvK207W1vfql4GLQcAUGZ8q3rZ2doqi/o3/AqFnggATJWx9EQAAKBUCAgBADB6uXl5SSmpyqK3p5r53ADAZFgI4e2pVhaTUlJz8/IMWlEh6IkAwIQZRU8EAABKi4AQAACjl5qaLoROtu1sbd1cnAxdEQCgLLm5OOkN3dClpqYbtp6C6IkAwLRV/J4IAACUFgEhAABGLz0jU2m7OlcyaC0AgHKhf3vXv+1XEPREAGDyKnhPBAAASouAEAAAo5eZmaW0K6kcDVoLAKBc6N/e9W/7FQQ9EQCYvAreEwEAgNIiIAQAwOhl372rtO3tbYvdFwBglPRv7/q3/QqCnggATF4F74kAAEBpERACAGD0cnLzlLa1tbVBawEAlAv927v+bb+CoCcCAJNXwXsiAABQWgSEAACYAJ3SsjBoHQCAcvLf27uuyP0Mhp4IAExche+JAABA6RAQAgAAAAAAAAAAAGaEgBAAAAAAAAAAAAAwIwSEAAAAAAAAAAAAgBkhIAQAAAAAAAAAAADMCAEhAAAAAAAAAAAAYEYICAEAAAAAAAAAAAAzQkAIAAAAAAAAAAAAmBECQgAAAAAAAAAAAMCMEBACAAAAAAAAAAAAZoSAEAAAAAAAAAAAADAjBIQAAAAAAAAAAACAGbE2dAEAAMBM/Thv8ZWrMUKInt06Pde21WM+u06n27PvYPiFiz5Vq3TrHGxna/uYC6g4flu78fCxk0KIZ1q36NWjy2M779WY2B/mLJLtmV9NfWznBQAAAAAAAAEhAAAwjLR0TV5enhAiJyfn8Z/98LGTm7buFEJEXo7OyMx8dUCfx1/DQ8vNzU1P16hUjtbWZfDfctnZd+UfRHLK7bKorqSysrLleQEAAAAAAPCYERACAABzFHU5Wmlfi7lu0FpKJDNTe/Dw0TPnwpOSUjQZGXKljbW1m5vrk00bBT3VzM3VxdA1AgAAAAAAwDgQEAIAAHNUq2b1YydPy7afT1VDl1McjSZjw5/bj5/6t+B4u7s5OQmJt7bt3LNt554nAuu+3L+3UyWVgcoEAAAAAACA0SAgBAAA5qhl8yczMjPDz0f4VK3SvUsHQ5dTpGux1+cuXJap1crF2jWrN23c0KOy2sHBPikpJS4+4WZ8wrnwC3l5eeEXLk798tvXXu7XuMEThq4aAAAAAAAAFRoBIQAAMEcWFhbBz7UNfq6toQspzsnTZ5f/ska2q3p7vTH4FbW7m7K1up+vbGg0GRu37Dhy/OTdnJwlK1aPGTGkrn8tA5UMAAAAAAAAI2Bp6AIAAABQiBtx8Uo62LVT+4nvjtFPB/WpVI4v9+/1wfi3LC0thRDzFi+PT0h8vMUCAAAAAADAmDCCEAAAFCcvL+/Q0RNRV6Jv3ozPys6u4u3l51u1Uf16Vat4F7r/1ZjYyKgr0ddiExJv2dhYV/P1qVWz+pNNGllYWJTqvDqdLvzCxehrMdFXY27fSXV2qlTNz7d+vQD/WjUKnvHgP0dtbKy7dGzvVEmVlZV14VLUxUtRl6KuWFlaVvPzafBEYMP69Qoef826TTk5uUKIbp3au7q6yPUH/jlyLea6EKJJo/r16wXk+1RWVtYfG7YIIWxsrHu90NXG2rrQGuLiE86cO3/u/AWNJsPby7NT8HPVfH3knjduxu07eCgm9oYmI8Pby9PP1+f5tq1UKsf8J8rOnrd4uWy/9ebQOrVrPvAbq+rtNeilvstWrcnLy1u/edvIYYPy7ZCbm3vmXHjUlauXoq5otVpfn6o1q/u1bRX0wCPLP4iY2Bu3kpIdHR2q+fpU9/NtWD/Qzs6uqI/IP76rMbFXr8XGJyS6u7lW8/Ot7ufbpFH9Ev5NSEpO2bs/NCsrWwjRMujJWjWqK5u02qxz5y9cvRYbfS0mKyu7stq9mp/PU00bV1a75zvIsROnL0ZetrGx7tm9s52tbVJyyrZde65EX8vKylKr3TsHP18voE5ZXULJv6Uy/9sCAAAAAABQWgSEAACgSNdiry9atio1NU1Zk5Scci78wrade9q2Cnqha0dbW1tlU/bdu7+v23z0xCn9I8TE3gg9fOyvvQeGvDbQ06NyCc+bcvvOoqUrr9+MU9YkJN6KvBy9Z9/BZk0aDujd097+/0OX+IRE5aQtmj+p/8Y+OQ7v8LGTTRs3fHVAb2vr//8vn9zc3H+OHJftZ9u0UALCI8dPxsTeEEK4uDgXEhBm31XO1f65tsqQPqUGCwuLqlW816zbpHzkVlLyufAL7741okY1v+27927buUfZdPtO6oWLkX/vDx0+5NWAOrX1T7Rt5x75tbd4ulnBdFCn0yXeSrp6LTbh1i1bW1tvT4+Auv62NjZNGzc8fSbs9Nmw8xGXklNuu7u5Kh9JTUufs3BpXHyC/tnPhV/Ysy+0mMDp9p3UJT+vvnotVn9l9NUYIYSDvf2w118uNLm8ffvOwv/+8aXcvhN15aoQwmuXx7BBL3l5ehR1Rik55fbX38/Oys4WQri5uvR6oYuyKfJy9OJlq/T/iOMTEsPOR2zbuadHlw7tn2urn96dv3jpxKkzQoh6AXVcXJy/+3G+siktXXM27HxRAWGpLqG031KZ/20BAAAAAAAoLQJCAABQuIyMTP2wTe3u5ujocOtWslxz4J8jNar7PdW0sdyqycj46vvZSpToYG/v4aHOyMi8lZQsU7oZ34V8/vH7TpUqPfC8l6OvhsxfkpeXJxednZ3c3VyTkpLT0jXytXw3bsZPGv9WwVFcR4+fCj18TFm0sba+m5Mj26f+PevlUblLx3Zl8cUU5+Cho4UW8PPqPzq2f1bJe/Q33c3JWbR05fQpk5ShZrm5uQf/OSK/xt49u+kfPzNTu/qPDWfDzivfj2RpaTnzq6lCiF49upw+GyaE2B96+MXuneXWW0nJ38ycI/M2yamSSqvNupuTo8nI0GRkFHot0VdjZs1brH8iB3t75e9DplY7e8GSHl075nuP4+XoayHzf9L/lMrRMScnR549PiHxq+9nf/3Fx7Y2NkV9h6lp6d/Omif3d6qkeu/tkY4ODnLT3v2hG/7cruxZWe3u6OgQH58od968bVdauqZXjy4Fj3kzLmHVb+vyrfSpWqXQAkp1CQ/3LUll8rcFAAAAAADgIRAQAgCAwu0PPSxzDhtr63Fjhvv6VJXrL0Vd2b5rj5NTpSebNFJ2Xr95m0wHLS0tX+r3YvMnm8r1ySm3Fyz5OS4+IS8v79c/Ng4f/ErxJ83Ly1u+ao2MW1xdnIcOeqm6n6/cdDHy8uJlq7Kys+PiE0IPH2vTsnm+z8oQpZqfT7dOwbVr1bCxto69fnPB0p9lYTv37Hv+mdb6Qw/LT+fg51u1eNrF2Sk+IXH2wqWpqWm3kpJ/WbNeCOHt5Tls0EueHpXz8vK279q746+/ZeU7/9rXo2tH+fFTZ87JaxnY70U7vTGa+QbPqRwdVSrHhMRbQgjv+wPaXF1dZJ50Q2/029qNW5R08Lm2rbp1ai+HfiYk3pq7aFnK7TsFL0Gn061Y/buSe/V9sXvzp5ra2drm5eVduRqzaOlKWcbmrTubNmqgjKTU6XQrflmjfKp75+BnWreQUVZ8QuLGLTvCzkd069S+mHQwIzPz+5D5MrN0sLd/7+1RSqicnHJbSQfr+td6bWBfZ2cnufj3gX/Wb94mGy2bP+nt5ZnvsFt27JZ/OVu3eNqnircmMzMx8VajBk8UfuElvoSH+5byecS/LQAAAAAAAA/B0tAFAACACirqSrRsdGj3rJIOCiHq1K45duSwwa8MUMbwxV6/eezEadke+tpAJR0UQri7ub49apjl/7F3n+FRVH0fx8+W9J6QQhoBQmgiEHqRjpEqHQQV24Ndb3tXVKy35VbsIihFVFBEmiJWeu8lIZDeSSVls0l2nxcHxjVl2YSETXa/n4sXZ2bOzP5nkyuTzY9zjlothDh24pTpFJe1+mvbzoLCIpnlPHTvPCUdlJnQHRfzxR/Xbar19EH9+zx077xOUZFydcDQkNZ3zJ0tDxkMhqSU1FrPalw3zZo25toRXp4eQojAAP+5N0xXDjlotQ/cdbucalWtVo+NGdm+7YWl9WLjzyjd5KyYarX6apOlEzMysxZ+8oUMnAb2673g+Sdfnf/U3XfMlUdNp8oMCgqQ4Z/cTMvIPHEqTravGzV88oQxysSwAf6tnnr0gVqnft26Y3duXr5s33/X7dcM7CejSrVa3b5tm+eeeEhJLr/9fq1y1q49+5W48babbxg9Yqgy0C0wwH/erTe+89r8UcOH1PXW6fX69z5aJK/goNU+fP+dPhenfhVCfLP6R6Xsu++Yq6SDMvUcOXSwbK/d8EutF1er1c889uC0SeMH9Os9atg1N0yf7OHuVrNbvW6hYe+Sqcv/bgEAAAAAAGgAAkIAAFC7youzGiYmp5jvuW3XhZkSw0KDu5lkWpKbq+ug/n1kWy7vZ8Zf23bKxshh13ibhENSVGS7Vn6+chCV6cqIkouz84wpE2UYqWgTFurmemGNPSUzazouzs69o7ub7ols31Yp6epuXaot+Nc7uodsnDuXp+yUdUZFtlNONBqNS79eJdtzZk6ZOfV6GW6djD0td3buFKWcLtPcwovvz59/75ANB6125LDB1Qp2cnQMDw2peSO//7VNNiLahEW2i6h21M3NdfSICyFZ7OkzJSUXJind8udW2QgKDOhe2/g8jUZTc6dUVVX1wcVVEtVq9X/unWeaXJaV6WJPX0jFZk69vtpXWQgRM3q4bKSkptV6/ckTxshvHvPqdQsNe5cUjfLdAgAAAAAA0ABMMQoAAGoX0Sb8bGKyEOLEqbh3P/xsXMyoqMh2tfZMS8+QDR9v79NnEmp2KC0ru9AzI7NP3a9oNBqVwVvOTo61XkqRnpllOobMDB8fLzllZX5+gSX9G52bq4tcQLF1UGC1Q74+3rKhTBwq59KU4+SUPQcOHU3PzBJCdO3c0XSApjI0sF1EuLLTaDDIOFBuZmRlyUbP7t0cTSYsNcP0CzF00IBa+wzq33f9z1tkOzM7Rw5uy7v4Dg8fMsiSF1IUFBat+Pb7pOQLQzzvv+u20JB/LRCo3IWMEs18b5wvLqmqqqqWRAYG+A8Z1N+SSiy/hQa/S+bV97sFAAAAAACgAQgIAQBA7YYOHrB1+y65GF5iUsqHny1xcnSM7nn14P59TGccFUJkZeXIxpFjJ44cO2Hmmjnncs0cVWZrFEKs2/Sr+fLO5Vo6iEp7MSozGI0WntK4lAKcauRzDjVW49Pr9XJNO3eTCTBPxcXLxrRJ4007n44/K5ddNM3D5DsTEHAhX1RGmwX4+1lYsOmqhK1a1T7qztXVRa1Wy1Izs7Lbt21TWHReWY0vMKCWaUvNeOGV/yrtO2+7qV1E9SAtPeOfgPCjz7+8ZP3VBgu2rrEqYa3qdQsNe5cuWUO9vlsAAAAAAAAahoAQAADUztvL8z/3zlu8bKWS25Xr9Tt379u5e1+b8NCbb5iuZDDler1sqNVqTY25H021bRNm5mhhYZHSVgbA1UqtVlsY+bQ4Sj5UUVGp7JSrJzo5OipjyIQQyalp8p3v0P6fkZ1VVVVyHF7rwEC58qIy2szH21tYxnQuVm+v6hO9Ktzd3eREr7L/OZP016fusy7p9JmELiYzpkoFFn9vODs7eXi4N+yl63ULDXuXAAAAAAAAmgMCQgAAUKfQkNbPPfHQiVNx23ftPRl7WhlclZSc+tZ7Hz/7xH/c3dzkKoNyDs85M6f07tn9Uletk5/JqK8Xnn7Ew72BMU+Lplar5Ziz8+f/WWQxLy9fCOHi4mzac9uOC0s/Brf+Zy7KA4eOykGfV3XtJK+mHKqoqLCwBvlllXQ6nWcdeVu5rvxif1e55J5yqLSsrOYSkmbMu/XG3/7ceiYhSS7sF9EmrNr6f/4Xh+h5enq8/Ozjll+5Xup1Cw17lwAAAAAAAJoDc//HHwAAQKVSde3ccd6tN771yvNzZ89QRg2W6XTbdl4IqIIC/WUjMzP7cl7L28tTCbSUaUutxkrzkSqTi6ZeXNlRpmJyFF1xSYncczYxefe+A7KtvTi/aEFB4fdrN8j1C5WAzePiVKX5hYXCMgEms2uaTqRpymAwKCNHgwIDhBD+rf6ZwjTH4glgpa6dO979f7co311fLv+22ni7oIsDRotMZgFtdPW6hYa9SwAAAAAAAM0BASEAALCIRqOJ7tHt6UcfCA8LkXsSEpNlQ0k+jhw/eZmv4nNxzNblX6phXJwvjNIrLDp/qb5NJbJdhBAiNS2jvPzC4LO2bcJl4413P/ztz60/rv954SdfKP3Xbfo19vSZP7fuePN/H8kJRWdMmagc9bk4K2lKarqFBTg6OCjvw8nY07X2OX0mQWm3DgqU3yFKGHniZGx97ljIiUPvu/M2OX2owWBY+OliJVqrlq4pKzI2unrdQsPeJQAAAAAAgOaAgBAAANSDRqO5+uLQNEdHR9no2rmjbGRl5xw8fPRyrq9c6q9tOwvqGJXVpAL8LwwLO5uYVPNoXPyZK1BD925dZWPX3gtjBMdcO0I2iorO/7Rx8x9/bzcYDP37RN8xd7YQ4lxu3keff7lm3aaS0lK1Wn3nbTd1aN9WuVpw6yDZOHEqrqhG6pmdc+54bUlYVIf2svHXtp2mQZ1iwy9bZMPF2VlZGbF92wil8qLzxfW9cR9vrztvv1m508VLVyqHnBwdlS/Ndz/8ZGyk8Z2VlZV5+QWmV6vXLTTsXQIAAAAAALA6AkIAAFC7s4lJK1etSUxOMd1pNBoPHDwi2xHhobLRtXPH9m3byPaKb384fOyE6SkGg2Hn7n1Pz3/tvY8+r6qqMv+i468bJceQCSH+99HnmVn/mrNUpyv/cf3Pjz794rqNmy/7/mqnxGnncvP27D+o7Dcajet/3rJs5eomel1TXTp2cHJ0FEL8uP7nvPwCIUQrP98nHr4vok2Yg1broNVGtouYMWXiDdMnd+vaOWbkMDns0sfbq3/fXk8+fF+XTlGmVxs5dLDS/vyrFaVlZcpmcmram+9+KAcdVjN14lg53avBYHj/40XK1KbyrVj94/qk5FS5OX3KBGVi2EkTxijdFn7yRWFhkek1d+3Z//izL6/+cb2Ze+/Qvu2k8dfJ9qm4+J+3/KEcmjNzimzkFxR+uniZ6Y3Ir9dnS5Y/+vSLx06cMnN9U2fOJj727Msvvvb2My++rpRar1to2LsEAAAAAABgdVprFwAAAJqjcr3+k0VLy/X6XXsPdOkU1btnd28vz/zCwl9//1uGdmq1unfP7kr/2TOmvPzGu0KIisrKxUtXhoUGR4SHubm65uTmHjt+Sg6uOpuYvO/g4X69o828rpOT07TJE1auWiNzoNfeXtixQ/vQkGCVEBlZ2cpYty1/bh00oG9TDMnq06vH2vU/y4JXfPvD/oNHwsNCMjKz406fqXWIWFNwdHScO2fGZ0uWGwyGxctWPnL/XSqVKjgo8KF759XsPDZm5NiYkWauFuDfqnPHDnIOzOSUtPmvvNUxKlKlUiUkJdccUKjw8vKMGTVs0+bf5WSn8195q1PHDgGt/EpKS2NPn1GW3AsNad2rx9XKWT7eXiOHDv7tr21ybOLLb7zbtXPH0NDgkpLSo8dPnsvNE0Js3bF78IC+ZhbkGz5kUGJSyqGjx4UQmzb/3iYstHPHDkKIiPCwnt2vOnj4mJzSU95IcFBgmU6XkJScnJImT//6uzWvzn/Kkvd54+bf5HKGJaWlf23bOXFcTH1voWHvEgAAAAAAgNUREAIAgFpUVVa1bh2YmJQip6Y8cSquWoe5c2Z4eXkqm638fB+85/8WL/36fHGJXO6u5op3A/v17tur5yVfun+faIPBsGrNOhnexJ4+E3u6+sSec2ZOaaIJGx0dHGZMmbjsmwsjBU/FxZuueDdl4tjf/9pW8O9RZU2ha+eO0T26HTh0NCU1fcsff48eMfRyrnbD9Mnvf7xIhlvlev0RkyGe3bp2vvqqziu+/aHmWTEjh2k1mnWbfpW579Eaq0J269p59ozJ1XaOu25URWXl39t3ybMOHT0uoz7JQau97eYbzKSD0k03TEtNz5AFf7Zk+XNPPCS/3HNmTnV1cdm+a69yI0f+PVzVxdn53nm3WPi2mM4sWmUwNOwWGvYuAQAAAAAAWBcBIQAAqIWrq8tD9847dOTYpl//yM45ZzCJT6Ii202fPEFZEE7RLiL8+aceWbdx89HjJ/NNlg900Go7d4q6btSwkODWtb6WspahYmC/3p07dli1Zl1iUkpJaamy38PdrWf3bqNHDPX0cK95HQdHh4bdrIPDv07sHd3d19dn6dffKXfhoNW2jQgfc+2IdhFtiorOb/lza52XMluDMnuqJWZNvf7kqdNlOt36n7ecioufPWOKn6+P+VMMBsPxk7FarVYOuVN4eXo8+cj9q35Yd+jIMTkOUq1Wh4UG9+7Zfcig/vkFhS7OzjUnGlWpVKOGD7mqS6c16zalpKYrXwgHrTYw0H/UsGt6du9WswaNRjP1+nFdO3f8acMvGVnZyneOt5dn24g2U68f5+HuVu2UmnNvarXa+++6/d0PPi0oLDIYDIu+XPH4Q/fKl54xZWJ0j6t/2vhLenpmRWWlckpggP+Avr0GD+xX65tc69dl+JBBZxKS5GUH9uvdsFto2Ltkpqp/jtbnuwUAAAAAAKBeVKb/dRoAALREh47/M7yvR9cos30bwmg05uUX5OcX+Pn5ent5qlSqS55SVVWVlZ1jMBg83N1NBxo2QHl5eWZ2joODg5enh5ur6+Vcqr70en16RpaLi3NggP+VfF1FYlLKZ0uWK5nT6BFDhw8ZWOubcL64ZOuOXX9v2yVzvjdeetbZ2anWaxYWnT9//nxw66D6LoknvxDenp6Wf0GNRmPOudyKysqgAH+NRlOvl7NE0fnivLx8V1cXLy9PpxoxsyXOFxefy80Lbh1U1+n1vYUGvEuA5Zr6p/3laM61AQAaCz/tAQCwJQSEAAC0eHxQt2H6iooNP2/5c+sOZY8cmhbSurWrq0tefkFuXl5ubr7p+L8O7dvecuNMd7fqA/UAtHTN+ad9c64NANBY+GkPAIAtYeYiAACA5svRwWHyhDED+/Ve9s1quaxjRWVlalpGalpGzc49u1913ajhl1zhDwAAAAAAAHaOgBAAAKC5Cwzwf/SBu/PyC06cios/m1BUdP58cYmTk6Ori0uAfyv/Vn7+rfzCQoM93GtZmhEAAAAAAACohoAQAACgZfD18R48oO/gAX2tXQgAAAAAAABaNrW1CwAAAAAAAAAAAABw5RAQAgAAAAAAAAAAAHaEgBAAAAAAAAAAAACwIwSEAAAAAAAAAAAAgB0hIAQAAAAAAAAAAADsCAEhAAAAAAAAAAAAYEcICAEAAAAAAAAAAAA7QkAIAIANUCkto1XrAAA0kX//eFfV2c9qeBIBgI1r9k8iAABQPwSEAAC0eFrNPw/0yspKq9YCAGgSpj/eTX/sNxM8iQDA5jXzJxEAAKgvHucAALR4jg4OSlun01u1FgBAkzD98W76Y7+Z4EkEADavmT+JAABAfREQAgDQ4rm4OCnt4pJSq9YCAGgSpj/eTX/sNxM8iQDA5jXzJxEAAKgvAkIAAFo8d1cXpV1QVGzVWgAATcL0x7vpj/1mgicRANi8ZqhWHfkAACAASURBVP4kAgAA9UVACABAi+fp6S6ESrbL9fr8wvPWrggA0JjyC8+X65WJ3VSenu7WracmnkQAYNua/5MIAADUFwEhAAAtnkat9vPxVDYzs3ONVq0HANCIjEJkZucqm34+nhp1s/scx5MIAGxYi3gSAQCA+uJxDgCALfD39Vba5Xp9anqWVcsBADSa1PQsk0Eb//qB36zwJAIAW9VSnkQAAKBeCAgBALAFzs5OAX4+ymZufmFG1jmrVgQAaAQZWedy8wuVzQA/H2dnJ6tWVCeeRABgk1rQkwgAANQLASEAADYiOMjf1dlZ2cw6l5eSnsUMbwDQQhmFSEnPyjqXp+xxdXYODvK3alGXwJMIAGxJS3wSAQAAy6mMRj6vAQBgI3S68vjE1MqqKmWPk6NjUICfj5eHVesCANRPfuH5zOxc0/nctBpNZERo8x+0wZMIAGxDy30SAQAACxEQAgBgU0pKyxKS003/Miv/OOvt6e7u5urs7KjValXWKw8AUCujEJWVlTqdvriktKCo2PQPsvJvsm3Dg91cXaxXYD3wJAKAlsiWnkQAAMASBIQAANgana48OS2rVKezdiEAgEbg6uwcHhLYskZs8CQCAFvSEp9EAADgkggIAQCwTemZOdm5+dauAgBwWQL8fFruak88iQDABrToJxEAADCDgBAAAJul05Xn5BXk5hcJweMeAFoWlZ+Pp7+vd0sfrsGTCABaLBt5EgEAgLoQEAIAYOOqDIaiouLi0rKysnJ9RUVllYG/0gJA86PSatSODg4uLk7uri6enu4atdraJTUankQA0BLY8pMIAADUREAIAAAAAAAAAAAA2BH+KxAAAAAAAAAAAABgRwgIAQAAAAAAAAAAADtCQAgAAAAAAAAAAADYEQJCAAAAAAAAAAAAwI4QEAIAAAAAAAAAAAB2hIAQAAAAAAAAAAAAsCMEhAAAAAAAAAAAAIAdISAEAAAAAAAAAAAA7AgBIQAAAAAAAAAAAGBHCAgBAAAAAAAAAAAAO0JACAAAAAAAAAAAANgRrbULAAAAjcxgMKSlpcWfOXv6dLwQIjKyfWT79iEhwRqNxtqlAQAAAAAAALA+AkIAAGzKiRMnn3zmuePHT1Tb7+bm9vSTj82YPk2tZv4AAAAAAAAAwK7xJ0IAAGzH8hUrJ0yaWjMdFEKUlJQ889z8WbNvTkpKNt1fUFg4bcYNMWMnxMefuYKVNtwjjz0RM3bCj2vXWbsQAAAAAAAAoKViBCEAADbiVGzsCy++rGyOG3tdl86dtQ7ahLOJ6zZsLCkpEULsP3AgNS2tTZtwpVtsbNzBQ4eFEFnZ2ZGR7a1Uu6X0er2MBhMSE61dCwAAAAAAANBSERACAGAjXlrwmmz4+fku+2pxx6go5dAzTz/x+RdL3l/4Yb9+fQcNHGB6Vnp6+hWvtOEyM7OsXQIAAAAAAADQ4hEQAgBgC/R6/e7de2R7wUvzTdNBIYSrq+uD999769ybXVycq52YkpJ6Bcu8XGktKs4EAAAAAAAAmicCQgAAbMGZswlKu3ev6Fr7eHp61NyZnJLSlHU1srQ0AkIAAAAAAADgchEQAgBgCzRqtdJOTEzy9fW95CmFhUUZmRlHjx2Xm7Gxcc7OTrKtVmt69ugu258vWpyblxcSEnzTnNlCiCNHjy1fsfJUbKwQolvXrvfcfWdISLByTYPBsGfP3uMnTx47diIjIyMgwL9L584DBvTvfnW3usooLS3dsXP3yZMnjx47XlxS0iY8rHPnTiOHDze9rBCirEyXkZmxZ+8+uZmWlrb/wAHlaJfOXWoOjgQAAAAAAABQK5XRaLR2DQAA4HJVVFR06noh0uvXr+8nHy6sdbygYsmXSxe8+npdR93c3I4c3CvbMWMnxMefEUIcPbx/06afH3/yGdOeXy7+/JrBg2Q7Kzv7yaee/XvrtpoXnHvzjY8+/B9XV9dq+w8fOfrgQ4+m1DaKccFL82fOmKZWq4UQx44dv37KdDO38/OGnzp0iDTTAQAAAAAAAIBCbUEfAADQ3Dk4OChj/nbv3jNl2sy1P63X6/V19XdycqrvS2zfvqNaOiiEiGzfXjaOHTs+Omackg526tjx2tGjIiMvHP1q6fJ5d91b7b8lrVr9w5RpM5V0sFd09MgRw4OCAuXms8/P//iTz2Tb0dGxvtUCAAAAAAAAqAsjCAEAsBEnTpycMGmq6R43N7epkyeNGRPTu1e0Wv2v/xVUWVmZnJJiNBonT51ZUlIihHj91QXR0T3kUY1aExHRRraVEYRSWFjYLTffGBAQkJmZWa4vv2ve/6lUqqqqqsnTZh4/fkII0bVrlzdff6VTx46y/8FDh+974D+ZmVlCiHfeevP6iePl/qysrIHXDJftiRPGP/fMk8q0qKu/X/PEUxeSyN9//blNm3AhREpKir6i4o033/7t9z+EELNvmHnL3Jv+qSo0lBARAAAAAAAAsBBrEAIAYCO6dOm88L13n3z6WRn4CSFKSkqWLl+xdPmKsLCw22+be8PMGVrthUe/Vqtt17atEMLZ2Un2Dw5u3b5dO/Mv0bNH96+Xf1Uzivv+hx9lOujm5rbos48D/P1NT1n4v3emz5ojhHjltdeVgPDNt96RjT69e7315msajUY5ZdrUybm5ubLDhx9/+ubrr8hgUgihzJvq6+t7yWoBAAAAAAAA1IopRgEAsB1jx8T8+suGG+fcUG1/SkrK/BcXXD95+tmEhMu5/huvv1LrQL2V33wrGw/cf49pOihFR/fsFR0thMjNzcvLy5PJ5Y9r18mjTz35uGk6KN18042ycfjIkcspGAAAAAAAAEBNjCAEAMCmBAYEvPjCc08+/tiff/29+dctP61brxw6FRs77857165Z5ebm1oArP/Tg/bUO2jMYDEeOHpNtN1e3g4cOm7lIQmKir69vQkKisqeqstLMKfHxZyorK5WBjwAAAAAAAAAuH39uAwDABrm4OI+57tox11370vzn1qz96a23/yfnEU1ITFy85Kv777unAddsV8eUnhkZmUr72efnm79Iamp6r+joM2f/GcgoZx81IysrOyQkuJ7FAgAAAAAAAKgTASEAALbMw8Pj5hvnDOjXb+qMG2RGeODgocZ9idy8PKXt5+drpqeDg0PbthFCiJxzORae4uPj4+trrgMAAAAAAACA+iIgBADA9nXoEDn7hpmfL1oshNh/4GDjXrx1UJDS3rxpvbe39yVPCQ0JkY1OHTtuWLemcesBAAAAAAAAYJ7a2gUAAIAroUNke9nw8HBv3Cv7+7dSFjVMTEq25JSIiDaycSo2tqqqqnHrAQAAAAAAAGAeASEAAHZBWfbv6m7dGv3iUR0iZWPbtu2W9G8T3kZp79t/oNHrAQAAAAAAAGAGASEAALZgw8ZN7aO6LHj19bIyXc2jaWnpn362SLa7dO5U6xV0ulpOtNDQIdfIxrvvLczOyblUd+Hi4tyndy/Zfv2N/xoMhvq+oq622wQAAAAAAABgCQJCAABavILCwqeeeV4IseTLpWPGX79+w0bTeTu379g599Y7ZNvNzW3WzBmm53p6eMrGtm07ZCM7J6ekpKReBdx++61+fr6yfedd9yb9e6LR0tLSjz75rO+AwXIRROmF55+VjSNHjz3x1LPFxcWmp2RkZD71zHN9BwzeuWu36X4Pdw/Z+O33P5SLZ2Vn16taAAAAAAAAwM6pjEajtWsAAACXJT8//+57H9i7b7/pzk4dO3p4uJ9NSMjNzVN2vvXm65MnTTTtduc9923Z8rtsT5ww3tPTY/mKlb2io7/5eqlarRZCxIydEB9/Rgix8L13x46JqauGTT9vvu+B/yibk66f0DEqSqVSnTl7dtXqH5T9O7b9GRgQINsvvvTK0uUrZDsoKHDE8GHt27UrLi4+cvSYkv+1jYjYsnmjcvrSZStefPkV2e7Xr2+P7lev/v4Hna78jy2/KAklAAAAAAAAAPMICAEAsAVVVVWLv1z6+hv/NdNn/gvP3jj7BpVKZbpz+46dN99ye83O365c3rtXtOUBoRBi/YaNTz/7gpnRhx9/+P61o0cpm3q9/sOPP/3gw4/r6h8WFrbos48j27dT9uTm5g0fFVPzJR55+D/33DXPTG0AAAAAAAAAFJr58+dbuwYAAHC51Gp1r+ieMdeOqqysTExKrqioUA6FhYWNHjXys48/HDxoYLV0UAgRHhYWFBS4a/ce5ZTIyPbvvPXmgP795ObyFSvz8vKFEJMnTWzXtq2ZGqKiOkyZMun8+fOlpWUFBQXK/sjI9jffOOeD99+9qmtX0/4ajWZA/37Dhg7JzcsrLCwsKytTDvXr1/e+e+565eX5/v6tTE9xdXXp27f3rt17i4qK5B4/P98nHn/k1rk3yfGOAAAAAAAAAC6JEYQAANiaqqqqc7m5uedyhRARbSNcXVwueUplZWVqapperw8Obu3u7n75NZSWlSUnJzs6Orbya+Xp6WHJKfn5+RkZmR6eHq38Wrm4OJvpaTAYsrNzCgoL/Hz9qiWIAAAAAAAAAC6JgBAAAAAAAAAAAACwI0zGBQAAAAAAAAAAANgRAkIAAAAAAAAAAADAjhAQAgAAAAAAAAAAAHaEgBAAAAAAAAAAAACwIwSEAAAAAAAAAAAAgB0hIAQAAAAAAAAAAADsCAEhAAAAAAAAAAAAYEcICAEAAAAAAAAAAAA7QkAIAAAAAAAAAAAA2BECQgAAAAAAAAAAAMCOEBACAAAAAAAAAAAAdoSAEAAAAAAAAAAAALAjBIQAAAAAAAAAAACAHSEgBAAAAAAAAAAAAOwIASEAAAAAAAAAAABgRwgIAQAAAAAAAAAAADtCQAgAAAAAAAAAAADYEQJCAAAAAAAAAAAAwI4QEAIAAAAAAAAAAAB2hIAQAAAAAAAAAAAAsCMEhAAAAAAAAAAAAIAdISAEAAAAAAAAAAAA7AgBIQAAAAAAAAAAAGBHCAgBAAAAAAAAAAAAO0JACAAAAAAAAAAAANgRAkIAAAAAAAAAAADAjmitXQAAAGhaVQZDUVFxcWlZWVm5vqKissoghNHaRQEAAABoVlRajdrRwcHFxcnd1cXT012jZlwBAAC2TGU08idCAABsk05XnpNXkJtfRCIIAAAAoD5Ufj6e/r7ezs5O1q4EAAA0CQJCAABsU3pmTnZuvrWrAAAAANCCBfj5BAf5W7sKAADQ+AgIAQCwNTpdeXJaVqlOZ+1CAAAAALR4rs7O4SGBDCUEAMDGEBACAGBTSkrLEpLTK6uqTHc6OTp6e7q7u7k6OztqtVqV9coDAAAA0AwZhaisrNTp9MUlpQVFxeV6velRrUbTNjzYzdXFegUCAIBGRkAIAIDt0OnK4xNTTdNBJ0fHoAA/Hy8Pq9YFAAAAoCXJLzyfmZ1rGhNqNZrIiFDGEQIAYDMICAEAsB1xZ5JNZxb18/EKDQ5kvCAAAACA+jIKkZqelZtfqOxxdXaOah9u1aIAAECjUVu7AAAA0DjSM3NM08HAVr5hpIMAAAAAGkQlRFhwYGArX2VPqU6Xnplj1aIAAECjISAEAMAW6HTl2bn5yqafj1frwFZWrQgAAABAi9c6sJWfj5eymZ2br9OVW7UiAADQOAgIAQCwBTl5BUrbydExNDjQquUAAAAAsBGhwYFOjo7KpulHDwAA0HIREAIA0OJVGQy5+UXKZlCAHzOLAgAAAGgUKiGCAvyUzdz8oiqDwaoVAQCARkBACABAi1dUVCyEUbadHB19vDysXREAAAAA2+Hj5WEyiNBYVFRs3XoAAMDlIyAEAKDFKy4tU9renu5WrQUAAACADTL9oGH6AQQAALRQBIQAALR4ZWXlStvdzdWqtQAAAACwQaYfNEw/gAAAgBaKgBAAgBZPX1GhtJ2dHc32BQAAAIB6M/2gYfoBBAAAtFAEhAAAtHiVVQalrdVqrVoLAAAAABtk+kHD9AMIAABooQgIAQCwAUalpbJqHQAAAABs0r8/aBjr7AcAAFoIAkIAAAAAAAAAAADAjhAQAgAAAAAAAAAAAHaEgBAAAAAAAAAAAACwIwSEAAAAAAAAAAAAgB0hIAQAAAAAAAAAAADsCAEhAAAAAAAAAAAAYEcICAEAAAAAAAAAAAA7QkAIAAAAAAAAAAAA2BECQgAAAAAAAAAAAMCOEBACAAAAAAAAAAAAdoSAEAAAAAAAAAAAALAjWmsXAAAAWpi8/IIzZxOFEIGB/uGhIZfsn56RmZGZnZGVXVFR0TowoHXrwLCQYLX6Ev9LyWAwJKemZWZmZ2bnaNTq1kGBrVsHhrQOqm+1ZxKSSktLhRChIcE+3l6X7J+UklpUdF4IEdw6yM/Xp16vZTAYTsXFV1VVCSHCw0K9PD3qW60iKztn/c9bKioqhl0zsFNUZIOvY4mCwqK09IzU9Izi4pLgoMCQkNZBgQGODg5N+qIAAAAAAACwIgJCAABQD4nJKR98sriislIIMah/H/MBYWJyynff/5SWkVltv6enxw3TJnXpFFXXiYeOHl+9Zt354pJq+0NDWs+cer0lqaR0Ki7+40VfyfaMKRMH9e9zyVMWfvyFvDsHrfbl555wcXG28LWEEN+v3bBt5x7Znjt7RnSPbpafa8poNL730aKS0lIhxMnY0/OfftSSaLMBCgqLln+z+vSZhJqHevfsPm3S+HrdPgAAAAAAAFoKphgFAACWOnT0+LsffCbzs0vavmvvux98VjMdFEIUFZ3/dPGyn7f8UeuJK1etWbLsm5rpoBAiNS3j7fc/ORUXb0kBRUXnF325wpKetaqorFz/86+W9z+Xm6ekg5epuKREpoNSRmZWo1y2mrj4sy++9nat6aAQYt/Bw8+9/MbR4yer7f/o8y+ffen1rTt2N0VJAAAAAAAAuDIYQQgAACyy5c+t6zZutrBzQlLydz/8pGz26dWjfUQboxBx8WcPHj4qd27a/HunDpERbcJMT9y+a++uvQdkW61WDxnUPyQ4SKcrP3z0ePzZRLl/0Zcrnn/qEU8PdzMFGI3GT5csszDLrMu2nXuGDxnUys/Xks7fr91wOa9lyt3NzcXZuUynk5tBgQGNdWWFTle+eOlKg8EgNwP8W0VFtvNwd885l3v8ZKx86YrKylNx8d26dlbOqqisjD19pukySwAAAAAAAFwZBIQAAOASjEbjN6t/VHI7SyxbuVo2nBwdH3/oXiVjG9iv9/AhA99Z+Knc/GHdxofvu1M5S6/XK7FiYID/Q/fOU6a4HDKo/669B1auWiNjqv0HDw8fMshMAT9t3JyallHPG63FqjXr7r5j7iW7JSalnDgVd/kvJ6lUqofum7f+5y16vX74kEG+Pt6NdWXFxs2/KQHkrGmTBvTtpRwyGAw7du+Teed1o4ebnpWXl9/olQAAAAAAAODKIyAEAADm6PX6TxcvU0bv+fn6ODk6ppsdQJaXX5B7MUm6646bq43AaxMWOmrYNVv+3CqESE//1wSkphnb/XfdXm0BvP59onfu2ZeYlCKEOJuYbCYgPHEq7ve/tsl2ZLsIpfgGOBUXfyYhqX3bNua7ffv92ga/RK0CA/xvv/mGxr2mKTkQUAjRq+fVpumgHLg5eEDfvr16VFZVubq4mB7KOZfbdCUBAAAAAADgimENQgAAYM5b73+iBGwd2rd98uH7PD09zJ9y6Mgx2Wjl59suopZorVPHDrJRUVmZX1Co7N9/6MLso3169fBwd6t5Yof27WQjKzunrlcvLCxavHSlbI8fM7pNeFhdPc1Tqy/8mvTN6h+NRqOZnoePnTCfmDY3RqMxMytbtjtFRdbax9HRsVo6KNdZbPrqAAAAAAAA0OQYQQgAAMyJimwn07hB/ftMnzxBpVJd8pSOHdqPuXZEUdH5QQP61trByclRaVdVVSntQf37BLTyq6isHD1iSO2XvhjUedURUhoMhk8XX1h6sF1E+Khh16zb9OslC67V9eNi1qzbJITIzjm398Chvr161vWKqy5Oi9qlU1RefoGSvdVUUFB4MvZ0UmpaSmpaYWFRUGBAeGjI0MEDvLw8q/U8cSru4OFjQoiw0OAhg/or+/fuPxQXf9bXxztm1DC1Wl1QWHQq9nRs/JmExGQvL8+I8LC+vXqEBLc2f2sqlUqtVssFCDMy66zWVLlen5ubp4w7zM3LPxUXrxxtGxHu5OhY99kAAAAAAABoXggIAQCAOZMnjPHy8vTz8Ynu0c3CU0KCW5vPqEwjND9fH6XdKSqyrgFtctzb8ZOxsh0aElxrn7UbfknLyJRrH94+d7YlcWZdIttFdOkUJWc9/WHtxp7duzloa/nFaeuO3eeLS2R76vXjPv9yRV3F/7Vt59oNv8hYTjpfnHD6TMIfW3fMnT29x9VXmfY/GXt6z/6DQoi8/HzTgPBk3On9B48IIUJDWpeWlX393RrlUH5BYWJSyp9bd0yeMGbYNQPN311QgL8c9bh1+65ePa4ODTH39TqbmPTeR4tM95yKizcNCB978O66viIAAAAAAABohphiFAAAmKPRaEYPH2J5OmiJbTv3yEaAfysLMzyDwbB2wy/KTJ7DawvAjp+M/XPrDtm+45Y57m61TFJaL1OvHycbZTrdlt//rtmhXK9ft3GzbA/s17vaaouK0rKyt97/eM26TUo66KDVKlOYGgyGJcu/VVZttNCKb39Q0kG1Wq1cTQixZt2ms4nJ5k9vGxEuGxWVlW8v/OSnjZvPFxfX1VlbWzIKAAAAAACAlos/9wAAgCsqISk5KTlVtq8bNdx858ys7IzMrKzsc39v31VSWip33jJnRs11EAsKi5Ys+0a2RwwdHBXZ7vJLbeXne83Aflt37BZCbP79r8ED+3q4u5t22LT5dzmdqVqtHj9mdF3X0Wg0WVkXFk0cds3AkcOu8fRwl4nmoq++lqnh92s3zLv1RstrK9PphBD9+0QPGtA3LCRYCHHw8LFl36y+eLX1jz14j5nTx48ZfeDQUXkRg8Hw259bf/tza/u2bfr2jo7ufpXjv+cLDQ8NefrRByqrqr5Z/WNySpoQ4uqrulw3+p+vXYB/K8srBwAAAAAAgNUREAIAgCtHpyv/fMmFSTh9vL0uOTDx8y9XnMvNUzZb+fnedtOsmvOXGgyGjxd9JbO64KDACXVndfU1LmbUrj37KyorDQbDj+t+vumGacqhwsKiP/7eLtsxo4a5ubrWdREnR8cH7rnj2PFTvaO7m2ZpXTt3HBczUq6SGHdxeT/LzZk5xXRlxOge3c7l5m34ZYsQIjUto6qqSqPR1HWuq4vL3f8399MvlimxqxDiTELSmYSkb79f27tn94njrjVNQwMD/OVZctPD3S2kdVB9CwYAAAAAAEAzwRSjAADgCjEYDJ8tuZBIqdXqu++YW981As/l5n3z/dqCgsJq+9es2yTXNVSr1XfedpPpfJuXycXFedx1o2R738HDyhynQog16zdd6OPsPHLYNeavEx4aMjZmZM2RdsrSgxWVlaVlZZYX1r1bV9N0UOrbq4fSvuScpW3CQuc//ciIoYOd/j1e0GAw7Nl/8PkF/91/6Ijl9QAAAAAAAKAFISAEAABXgtFoXLzsmzMJSXJz7uzpclCaeTOnXj9p/HVDBvVXOienpC1483/ZOeeUPkePn/x7+y7ZvuXGmd7eXo1b+dDBAzzcLyxn+M3qH2UjPSPz4OFjsj1p/HUODV2lz8ek2oLCIstPrDVZ9fLyrNfVHB0drx8X8/pLz9x52029el5tehcGg2Hp16uSUlItLwkAAAAAAAAtBVOMAgCAJmc0Gpd9s/ro8ZNyc/rkCcrIOfOiItspqwmeiov/dPEyg8FQUVm5as26e+fdKoTILyhcfHHpwf59ortf1aXRi1er1dOnTFy8dKUQIik59cSpuC6dor794Sd51Mfbq1+f6Hpd0Gg0FhWdz80vyMvPzzcdDWk0XmappiMy5WKEllCr1V06RXXpFFU1o2r/oSM/rvtZmXd0+TffP/PYg5dZFQAAAAAAAJobAkIAANC0jEbj8m++33/wwnyVE8deO3hA3wZcp1NU5LRJ47/74SchRFz82ZKSUjc312UrVylJWEFh0WdLllc7Ky09QzZ+/f2v4ydjhRDeXp4zpkys10t3v6pLSOugtIxMIcS336+dM3NqYlKKPDRjykQLJ0rV6/W79x3cd/Cwcm41lxsPXjaNRtO3V8+unTu+s/BTufRjds4582sZAgAAAAAAoCUiIAQAAE1IpoP7Dh6Wm2NjRl5yuT4zort3++7i0L2snJx2bm0cHByUo6fi4s2cm19QKIfrubm61jcgFELMmj7p7fc/kTHkh58tkTvDw0K6dIqy5PTk1LT3P1pUUVlputPF2dnNzVVGcc2Hm6vr2JiRS79eJTczMrNDQ1pbuygAAAAAAAA0JgJCAADQVIxG44pvf1DSwZiRw2JGDqur8/ni4j/+3hEXf6ZPdI+hgwfU2sfJyVFp63TlQohePa+Oiz9r+XSaQgg/P5/63MQF4aEh3bp2VmZJlWZOud6ScxOTUt77eJEs0sPd7ZqB/btd1Tk4KFAeffDx52TDonGIV0RI6yCl7ejoYLYvAAAAAAAAWh4CQgAA0FRWfPfD3gOHZHvk0MFjY0aa6Xwy9vRvf24VQqSkpl99VRcfb6+afZJT0pR2eFiIEKJvr559e/U0c9mfNm6Wl50xZeKg/n0u427EtOvHmQaEV1/VxcKhdb/89qdMByPahN3zf7c4OTpacJI1ZWRmKW3/Vn5WrQUAAAAAAACNT23tAgAAgG36+rs1e/dfSAeHDh4wcVyM+f7R3bup1Rd+M1m2cpXRWH1JPqPR+O33a2XbxdnZ3c2tCao2x9vba9g1A5XNKRPHWnji6fizsnHtiKHV0sFyvb5Ra7RIekbmQ0++8N/3Pqp1dtOqqqof1/8s2wH+rWpdYVFfUdH0ZQIAAAAAAKCpEBACAIDGt3LVmt37Dsj2oP59xoweUVJSJiC1PAAAIABJREFUWvOfnCZU0mq1Qwb1l+0zCUmff7mipLRUOVpUdH7hJ1+kXxzZ1r9vryt7QxdcPy5m7LUjO3Zo//D9d9Y6xrFWjhdDwbz8AtP9hYVFb733sbJZPRFtMl99vcpgMKSmZbzy3/fWbviltLRMOZSRmfXOB58WFBbJzfFjRpue6OLiLBsnTsbJhk5XLld2BAAAAAAAQAvCFKMAAOASDhw6Gn82QdlMS8+QjVNx8d/98JNsOzs5jR8zWg4BXLNu0669B5T+23ft3b5rb10XH3/dqNEjhsr2hDGjj504JYe1HT8Z++xLb7QODPD19cnOOZeVnaOcEhwUOHHstU1wo5emVqtjRtW5jGJdwkKDT8XFCyF++GmjnBy1Ql9x+NiJbTv31Gv1xMYSFOCfmZUthDAYDL//te33v7a5ODt7eXkWFhaV6XRKt66dO3a/qsu/TwyQjZLS0lffer9tm7D9B49UGQzzn37Uy9Pjit8HAAAAAAAAGoiAEAAAXMLxk7H7Dh6uuT83L980+Rs1Yoiri4vRaPxz6w7LL56QlKK0tVrtvfNufe+jz+UINoPBkJaRmZaRado/NKT1nbfepExG2iJMHBcjA0KDwbD6x/Wmh9pFhKtUqjMJSVeynltvmnXw8LEV335fUVkp95TpdKbRoBCiR7eus6ZNqnbigH69lfUUs7JzlNT2j7+3Txp/3ZUqHwAAAAAAAJeLgBAAAFyCRqOxvHPNtQPrxdfH+4WnHtm6Y/evv/91vrjE9FCAf6vxY0ZXG9PWdBwcHBp0Vi2/XIW0Drp33q0rvv1embpTCOHj7TXm2hH9ekfvP3REBoSa2lJPx3+vWfjPCzk2pDxFz+5XtW/bZsPm3w4fOW4aDTpotYGB/hPHxnTs0L7mWV6eHnfedtOXy79VTnHQakePHDp6+JDLKQYAAAAAAABXmOoy/4oHAACs7tDxOKXdo2uUVWtpTBWVlRmZWTpdeSs/Xx9vL5VKZe2KLldR0fmcc7laB62Pt7enh7u1y7mgqOh8QVGRXl8R4N/KkqqMRmNefkFxSYmXp6e3l+cVqREAAADWZ6ufOwAAsE+MIAQAAM2Ug1YbHhpi7Soak6enh2fzW6uvvlWpVCo/Xx8/X5+mLAoAAAAAAABNqCWt3wMAAAAAAAAAAADgMhEQAgAAAAAAAAAAAHaEgBAAAAAAAAAAAACwIwSEAAAAAAAAAAAAgB0hIAQAAAAAAAAAAADsCAEhAAAAAAAAAAAAYEcICAEAAAAAAAAAAAA7QkAIAAAAAAAAAAAA2BECQgAAAAAAAAAAAMCOEBACAAAAAAAAAAAAdoSAEAAAG6BSWkar1gEAAADAJv37g4aqzn4AAKCFICAEAKDF02r+eaBXVlZatRYAAAAANsj0g4bpBxAAANBC8TgHAKDFc3RwUNo6nd6qtQAAAACwQaYfNEw/gAAAgBaKgBAAgBbPxcVJaReXlFq1FgAAAAA2yPSDhukHEAAA0EIREAIA0OK5u7oo7YKiYqvWAgAAAMAGmX7QMP0AAgAAWigCQgAAWjxPT3chVLJdrtfnF563dkUAAAAAbEd+4flyvTLFqMrT09269QAAgMtHQAgAQIunUav9fDyVzczsXKNV6wEAAABgM4xCZGbnKpt+Pp4aNX9RBACgxeNxDgCALfD39Vba5Xp9anqWVcsBAAAAYCNS07NMhg/+66MHAABouQgIAQCwBc7OTgF+Pspmbn5hRtY5q1YEAAAAoMXLyDqXm1+obAb4+Tg7O1m1IgAA0DgICAEAsBHBQf6uzs7KZta5vJT0LOYaBQAAANAARiFS0rOyzuUpe1ydnYOD/K1aFAAAaDQqo5G/HAIAYCN0uvL4xNTKqiplj5OjY1CAn4+Xh1XrAgAAANCS5Beez8zONZ1ZVKvRREaEMnwQAACbQUAIAIBNKSktS0hON80IZUzo7enu7ubq7Oyo1WpV1isPAAAAQDNkFKKyslKn0xeXlBYUFZtGgzIdbBse7ObqYr0CAQBAIyMgBADA1uh05clpWaU6nbULAQAAANDiuTo7h4cEMnYQAAAbQ0AIAIBtSs/Myc7Nt3YVAAAAAFqwAD8f1h0EAMAmERACAGCzdLrynLyC3PwiIXjcAwAAALCcys/H09/Xm4GDAADYKgJCAABsXJXBUFRUXFxaVlZWrq+oqKwykBcCAAAA+DeVVqN2dHBwcXFyd3Xx9HTXqNXWLgkAADQhAkIAAAAAAAAAAADAjvBfgQAAAAAAAAAAAAA7QkAIAAAAAAAAAAAA2BECQgAAAAAAAAAAAMCOEBACAAAAAAAAAAAAdoSAEAAAAAAAAAAAALAjBIQAAAAAAAAAAACAHSEgBAAAAAAAAAAAAOwIASEAAAAAAAAAAABgRwgIAQAAAAAAAAAAADtCQAgAAAAAAAAAAADYEQJCAAAAAAAAAAAAwI5orV0AAABoQjk55w4dPpyTcy43N9fZxaVjhw4dOkQGBQWqVKqanVNSUj5btFinK581c1qv6Ghr1AsAsAUGgyEtLS3+zNnTp+OFEJGR7SPbtw8JCdZoNNYuDUALU1FRsWfvvnqdotVo+vXrK9v8fgsAAFAXldFotHYNAACg8W3dtv2dd987cvRYzUNubm6DBg546onHwsPDlJ1Go3F0zLiExES5uWPbn4EBAVewXgCAjThx4uSTzzx3/PiJavvd3NyefvKxGdOnqdXMZAPAUqdiY8dNmFyvU9zc3I4c3MvvtwAAAObxwQwAAFtTWFj01DPP3XLb/9WaDgohSkpKNv+6ZfiomKXLVlRVVV08q1D564kQIjExyfSUgsLCaTNuiBk7IT7+TBOXDwBowZavWDlh0tSa6aB8+jzz3PxZs29OSko23d8UjxgeW4A9CwsNlQ3zv98CAADYOaYYBQDApuzatfuBhx7Jzc0z3Xl1t6uuuqqrh4dHdnb231u3KUdffPmV2Ni4Vxa8KITw8vIKCwtLSUmRhyLahJteITY27uChw0KIrOzsyMj2V/CGAAAtxqnY2BdefFnZHDf2ui6dO2sdtAlnE9dt2FhSUiKE2H/gQGpaWhuTp0xTPGJ4bAE2w8fb+9Zbbjbfx2AwfLV0ubJ5260X+pv//RYAAMDOERACAGA7cnLOzbv7PvkXWCGEn5/v668uGDrkGtM1n4xG446du1597c1TsbFCiFmzpsv9KpVq6ZJFn3+xuKysbNbMGYGBgaZXTk9Pv7K3AgBoeV5a8Jps+Pn5LvtqcceoKOXQM08/8fkXS95f+GG/fn0HDRxgelZTPGJ4bAE2IzAw8NmnnzTfZ9XqH5T2dTHXTp1yYUpS87/fAgAA2DkCQgAAbMeCV19X0sHx48a+OP85by+van1UKtWggQPWrlm15sefAgL8u111lXIoPDzs5RdfqPXKKSmpTVk4AKDF0+v1u3fvke0FL803TQeFEK6urg/ef++tc292cXGudmJTPGJ4bAH2IzEx6cmnn5VtPz/fV16eb3rUzO+3AAAAdo6AEAAAG/HX31vXb9go23169/rfO/9VqVR1ddZqtdOnTbH84skXp2YCAKBWZ84mKO3evaJr7ePp6VFzZ1M8YnhsAXaioqLioUceUzbfe/dtb29vq1YEAADQYhAQAgBgCwwGw9PPPq9svjj/OTPpYF327N33+x9/CiE6RkVNnjRR7iwsLMrIzDh67LjcjI2Nc3Z2km21WtOzR/d331tYXl6uUqlGDB/Wp3evWq9cVVW1+Mulubm5KpXq9ltvadXKr0F3CQBovjRqtdJOTEzy9fW95CmXfMSYdi4r0+3avfvkqdiTJ0/GnY4PCw3t2rXLdTHXdu7UscHXlOsmHjp85PjxEwkJic7Ozl26dL66W7eRI4Y14DEK4Mpb+OHHR44ek+07590xoH+/ah1q/f1WCPHrlt/2HzgYFBh4042zNRpNfn7+nr37du/Zu2//AT9f3+iePa65ZnCP7ldf2bsBAAC4olRGo9HaNQAAgMt1KjZ23IQLq63cduvcZ556ogEXWfjBR/97/wMhxLix173/v3eEEEu+XLrg1dfr6u/m5nbk4N4nn35Wrvvi5ua2d9c2Jyenmj03bvrl/gcfkn12bf/L1dW1AeUBAJqzioqKTl0vxG/9+vX95MOFtY4XVFjyiFE2Dxw4+PBjT6bUNi7w8UcfvnPeHQ24Znl5+bvvLfx80eKaPQcPGrjg5flhoaFm6gdgdXv37Z81+ybZ7tq1y+pvv3Z0dKzWp+bvt9KCV19f8uVSIcTSL7/QarX/d+c9ykT9imeeeuK2W+c2/X0AAABYh9qCPgAAoLnbuXO30h4+bGhjXbbWtK+am2+cIxslJSWbf91Sa5/lX6+UjTmzZ5EOAoBNcnBwUMbn7d69Z8q0mWt/Wq/X6+vqb8kjRnrr7f9NnzVHSQfd3Nz8/P4ZnvjmW+/8uuW3+l6zqOj8lGmzlHQwLCxs5IjhvaIvzIy6bfuOcRMmFxQUWHg1AFdeYWHRfx5+VNl89+03a6aDlnj3f+/PvnFuzXRQCPHKa298/sWSyysTAACg+WKKUQAAbEFKaqrSbte2bWNddsb0qf379zUajZOnzpR/N3n91QXR0T3kUY1aI4To0qVzv359d+/eI4RYvOSrCePHVbvI6dPx8qgQYvasGY1VGwCguXlp/vMTJk2V7YTExIcfffy5F16cOnnSmDExvXtFq9X/+v+pljxipOSUZNmYOmXyXXfeIR9zKampDzz4sJxa8JXX3hwxfJhGo7H8mh9+9Mmp2FgZN7715mvXjh4l92dlZz/y6BM7d+0uKSn571vvvrLgxSZ+zwA00PyXFmRmZsn2gpfmt2/XrmHXOXjosBDi7jvnTZgwtkNkpNFo3LV7z933PiB/hiz84KM5s2e5urg0ZukAAADNAyMIAQCwBefOnVPagYEBjXVZrVbbrm3b9u3aKQs4BQe3bt+unfwXEdFG7rztlguTLx05euzwkaPVLrLy2+9kY9SoEWFhYY1VGwCguenSpfPC9951c3NT9pSUlCxdvuKGOTePGD1m2YqvKysrlUMWPmKEEC++8NxTTz62+ruVb77+ivKfYMJCQ9947RXZTklJSUlJtfya8fFnFi2+MCro4w/fV9JBIURgQMBHH7wvb+Gb71YlJSU32bsFoOF+XLvup3XrZXvUqBGzZk6/nKu9suDFRx/5T8eoKLVardFoBg0csHzphR8RJSUl3/+wpjFKBgAAaHYICAEAsAU6XblshIWFqVSqK/zqw4cNUZK/FV9/Y3qopKTkq6XLZfvWm2+6woUBAK6wsWNifv1lw41zbqi2PyXl/9m7z/goyrUPwJNCCAQIIUhHehOwYOGoqNgFGx4r6mvvFRVRjhV7710sx3bsYG/YsQvYQBGEUKQaekIoyb4fxrPuCcUNBDabva6fH+55dmb23nWcwf3zzEy7csg1Bx506KTJkyu6z7y8vJNOOD56/9Kojh07NGnSOKynTK1Akjf8ldfCYtfeu+y4w/blXq1Xr+5JJxwX1r9OmFDRboENbdq0aRdc+OfztvPzG1x/zVXr86ffg/950BGHlc8XN+/ebdtttg7rL7/8ej2aBQCougSEAFAdtG7156yIadOmxc7P2DgyMjJOPOHPSYQvvTzsjz8Koy+9/uZbYdG+fbuePbfbyI0BsPE1btRoyBWX/fT96HvuuuOA/feLfemX8eNPOfXM1T7ra920+u/lb86cufFvFY39mjZtMua771f9Z9HixeEKE3/7rbJaBSpFaWnpBRcOji7eevONDRo0WOsWf6NWrezVju++265hEXsnfwCA6sQzCAGgOmjfvl20njptWiU+hjBO/Q7Y/8oh14T1Cy+9dPqpp4T1E088HRYnHn/cxp/aCECi1KqV3Wefvfrss9dVV1427JVXb7n1jjAXnFxQ8Ohj/z77rDPWec8LFy6aPXv27DlzZs6cNWf2nHAwEonEv4ex48aFxTP/ee6Z/zy3ljWnT/t9nfsENoT77n9w1OjRYX3C8cfu1GvHDfRGjRr9edP+goIpG+gtAAASS0AIANVBu3Z/JYIFBVM2fkBYt27dk044Pnyk02OPP3HyiSdkZmaOHj3ml/HjgyDIycnZf799N3JLAFQFdevWPeboo7bv2fPgw/qHGeHoMd9VdCeRSGTkZ5+//c57r73+xmonIEaCCgSEs2bNDoucnJzo0wpXq1u3rhVtFdhwxnz3/R133RPWnTt1Gnj+gA33Xg0a5IVFUVHR0qUla5poCACQvASEAFAdxCaCL7z48m679t74PRx15BFhQFhYOG/E+x/ss/dezzz757SM/zv6SL+qAKSyDh3aH9n/8IeHPhoEwajRYyq07aJFi88465wvvvwqdjA/v0HzZs1+mzR5HW5Y2qZ168kFBUEQ3HbLTXvsvmtFNwcSYsmSJWed81ciePutN9WsubaAfz0tXLgwWvtzLABQLXkGIQBUB3l5eV27bhbW77434rPPv9j4PWy6acu99twjrB//95OFhfOGDX81XDzyiMM3fj8AVCkd/ns37Lp168S/1cKFi/ofdUyYDubk5Aw456wXn//Prz//+PUXI4e99Pw2W/cIV0sLKnAX6y5dOoVFGBMCSWHI1ddFp/9eecWlHTt22KBvN3PmrLDYvHu3DfpGAACJIiAEgGpiyBWXResrrry6pKRk7esvW7Zs5cqVldvD8ccdExbffDvqxptvDeu+ffZu3rxZ5b4RAEnnt0mTw2Lz7t3j3+qDDz8M71bdsmXLt9949eyzzthqyy0yMjLWp5O2bduGxYcffbw++wE2mjfefOvlYcPDetfeuxx9ZP8N/Y4jP/s8LNq1a7uh3wsAICEEhABQTWy15RaHHXpwWE8uKDj40P7jf/11TSt/OvKzbf/Ra5++B8ybN69C77L23HG7bbfp3OnPaRkvvTwsLP7v6KMq9BYAJKM33nyrXcfNrrnuhqVLV3Ol+P33GQ8+NDSsN+vSebV7WO0lJjon/uCDDmzWrGm5V5cs+Zv7i652nzv8o2dYfPXV1zJCqPpmzJg5+JLLwzonJ+eG665JS6vApOG1Ky5euurgTz+NjQaEu+y8U2W9FwBAlSIgBIDq44LzBuTk5IT1L+PH992v3/0PPvTTT2OjP4+WlpZ+/8OPAwddfNwJJxcVFU0uKLhiyNXx7Lle3XphMXLkn7+VzJk7d7WPfTr5pBNiFzt36rTdttus38cCoKpbsHBh+PP9Y48/0We/A19/483S0tLoq599/sWxx58U1jk5OUccfljstmu/xNStUzcsZsycGbvV8uXLr7nuhlGjR4eLkSAS/z579tyub5+9w/qiwZd8OvKz2G1LS0vfePOtPfbqe+bZA2I/BZAQpaWl5w8cFP3v9+47b2vYML8S9//ysOH3PfBQ7Mhvkyadde75Yd2mdeu+ffapxLcDAKg6MhPdAABQaRo2zH/huafPv+Ci8G5sQRDccusdt9x6R/jrxqoPW+q14w6XX3pJPHtu175tuO0TTz29YOHCevXqPvX0f7bu0ePZZ55IT/+fv2/UZ5+9rrvhxsLCPycmnnD8MZX3+QCooiJlZZt16fzNt6OCIJg2bdq55w0897yBnTt1qlu3zqTJk6MXhfCG2Jts0jB227VfYqJP2H3+hZdatGjRe+ed0jMyvv/++6GPPL6WJwj+7WXr4kEXvvnWO0EQFBbOO+6Ek3ftvUv37t1y69Wb/vvvb739Tvics8kFBe+NeH+fvffakN8c8Deeefa58NwSuvCiwX+7ySEH/3PQwPPjf4tbb7vjo48+2X77npkZGTNmznzjzbejeeRFgy5Yz3saAwBUWQJCAKhWOnXs+PKLz955973RO7mFVv0V9fwB55x26slx/uRxzNFHjRjxQVi/+trrYTFq9OjRY77bZusesWvWrFnzqCP733X3veE0kb59+qzfBwIgCeTl5T395OOPPv7EDTfeHB2M/m2VqCuvuLTfgfuXG1z7JWbfvn0efuTRiRN/C4LgttvvvO32O6Mbtmndum/ffe6974FV+/nby1bz5s1eHfbi+RdeFO75w48+XvVeo2ecdspee+6xjt8IUEneeOOt2MXYv3CwJpMnr/FvD6zJqNGjozOSo+6+8/Y999i9orsCAEgWbjEKANVNzZo1Bw08/4Vnnz7s0IOjdxyNys9vcPRR/V964dkzzzhtTelgdnatciM77rD9dddeFbu39u3bPf7ow+XSwdDM/94F7vjjjqlVK3u9PxAASSAjI+PkE49/47Vhq159WrZsefA/D/r0o/f/76gjV31y2NovMbVqZT829KF9+/7PLf6aNGl88aCBb7w27Kj+h4cbZv7vFS2ey1bXrpu9OuzFAeectXn3brHb5uc3OLL/4e+89foF5w8oN0se2PjSK2kC36p/vg0dfVT/Z595cusef50c8vMb7Nt3n9dfHRa9FzEAQLWUFolE4lgNAEhKpaWl8+cvmDdvXlFxcW5uvQZ5efXq1VvnnztXrlw5ffrvy5cvb9asaZ06dVa7zqxZs3fcedewHvnxB02bNlmP9gFISqWlpX8UFhb+URgEQes2rWvXWv3v8rH+9hJTVFQ0bfr0lStW5ufnN2nSeNWgcR32GdvwlKlTS1eW5uXlVe7jzYCq6Zrrbnjs8SfCgHDIFZeF54GCKVNyauc0adI40d0BAGwMbjEKANVZRkZGw4b5lfVbZ2ZmZuvWrda+zhNPPR0W+/bdRzoIkJoyMjIaN2rUuFGj+Df520tMTk5O506dKtRGPJetUEZGRts2bSq0c6CaycjIaNe2baK7AADYeNwvBQCoNIsWLY4++/DYY45OdDsAAAAAwGoICAGASvPcCy+GRdeum8U+ygUAAAAAqDoEhABA5Vi2bNnDQx8J6xOOOzbR7QAAAAAAq+cZhABA5Vi4aNEpJ58YBEF+gwYH7L9votsBAIDV223X3k2aNA6CYIvNN090LwAAiZEWiUQS3QMAAAAAAACwkbjFKAAAAAAAAKQQASEAAAAAAACkEAEhAAAAAAAApBABIQAAAAAAAKQQASEAAAAAAACkEAEhAAAAAAAApBABIQAAAAAAAKQQASEAAAAAAACkEAEhAAAAAAAApBABIQAAAAAAAKQQASEAAAAAAACkEAEhAAAAAAAApBABIQAAAAAAAKQQASEAAAAAAACkEAEhAAAAAAAApBABIQAAAAAAAKQQASEAAAAAAACkEAEhAAAAAAAApBABIQAAAAAAAKQQASEAAAAAAACkEAEhAAAAAAAApJDMRDcAAGxYpWVlixYtWVK8dOnSZctXrFhZWhYEkUQ3BUA5aZkZ6Vk1atSqVbNO7Vr16tXJSK8+f5vTlQgSx7mF+FXnowUAWFVaJOIPTwBQPZWULJs7b0Hh/EV+KwFINmn5efU2aVA/O7tmojtZL65EUMU4txC/anK0AABrIiAEgOppxqy5cwrnJ7oLANZLo/y8Zk02SXQX68iVCKos5xbil9RHCwCwFgJCAKhuSkqWTf19dnFJSaIbAaAS1M7O3rR54+SawOFKBFWfcwvxS8ajBQD4WwJCAKhWioqXTp46Y2Vpaexgzays+vXq1MmpnZ2dlZmZmZa49gBYrUgQrFy5sqRk+ZKi4gWLlixbvjz21cyMjDabNsupXStxDVaAKxFUHc4txK86HS0AQDwEhABQfZSULJtYMD32d5OaWVlNGuXn5dZNaF8AVMz8hYtnzSmM/XE2MyOjfesWVX/2hisRVGXOLcQveY8WACBOAkIAqD5+/W1q7D2X8vNyWzRr7G9SAySjSBBMnzG7cP7C6Ejt7OyO7TZNaFN/z5UIqjjnFuKXpEcLABCn9EQ3AABUjhmz5sb+btK4YYOWfjcBSFppQdCyWePGDRtER4pLSmbMmpvQpv6GKxFUfc4txC8ZjxYAIH4CQgCoDkpKls0pnB9dzM/Lbdq4YUI7AqASNG3cMD8vN7o4p3B+ScmyhHa0Rq5EkEScW4hfEh0tAECFCAgBoDqYO29BtK6ZldWiWeOEtgNApWnRrHHNrKzoYuwJv0pxJYLk4txC/JLlaAEAKkRACABJr7SsrHD+ouhik0b57rkEUG2kBUGTRvnRxcL5i0rLyhLa0Wq4EkHScW4hfklxtAAAFSUgBICkt2jRkiCIhHXNrKy83LqJ7giAypSXWzdm6kZk0aIlie1nVa5EkIycW4hf1T9aAICKEhACQNJbUrw0WtevVyehvQCwQcSe3mNP+1WEKxEkKecW4lfFjxYAoKIEhACQ9JYuXRat6+TUTmgvAGwQsaf32NN+FeFKBEnKuYX4VfGjBQCoKAEhACS95StWROvs7Ky1rgtAUoo9vcee9qsIVyJIUs4txK+KHy0AQEUJCAEg6a0sLYvWmZmZCe0FgA0i9vQee9qvIlyJIEk5txC/Kn60AAAVJSAEgGogEq3SEtoHABvI/57eI2tcL2FciSApObcQvyp/tAAAFSMgBAAAAAAAgBQiIAQAAAAAAIAUIiAEAAAAAACAFCIgBAAAAAAAgBQiIAQAAAAAAIAUIiAEAAAAAACAFCIgBAAAAAAAgBQiIAQAAAAAAIAUIiAEAAAAAACAFCIgBAAAAAAAgBQiIAQAAAAAAIAUkpnoBgAAAKAC5s7947vvv58794/CwsLsWrU6dejQoUP7Jk0ap6WlrbryIYf1/3XCxCAIbr35hj332D0R/QIAAFQ5AkIAAACSw6cjP7vt9jt/+PGnVV/KycnZcYftB1904aabtowdX7xkSVFRURAEK1as3IidAgAAVGluMQoAAEBVt3DhosGXXHbcCSevNh0MgqCoqOjd90bsusfeTzz5dGlp6UZvEAAAIJmYQQgAAECV9uWXX51z3gWFhfNiBzfv3q1bt65169adM2fOJ5+OjL465Oprx4//9dprhiSoWQAAgCQgIAQAAKDqmjv3j1NOPyu8TWgQBPn5DW647ppddt4pIyMjuk7jSIVIAAAgAElEQVQkEvn8iy+vu/6mX8aPD4LgiCMOTVy/AAAASUBACAAAQNV1zXU3RNPB/fbtO+TKy+rn5pZbJy0tbccdtn9l2AvDhr/aqNEm3bt1S0SnAAAASUNACAAAQBX18Sefvv7Gm2G97TZb33HbzWlpaWtaOTMz89BD/rkRu4OKOf2sAUEQnHTicVtvtWWcm4wa893QRx6v6FYAAPC3BIQAAABURWVlZf+69PLo4pArL1tLOhinX3+d8O2o0aNGj540aXL79u0369L5nwf1y82tt6b1v/7m27Fjx/38y/ipU6fm5eVt1qVzl86dd9hx+9q1aq1pk5KSks8+/+KXX8aP+/mXwsLCFi2ad+nSebMuXf7Rc7s19f/1N99+8snICb9NnDlzVru2bTt17NCjx1bbbbvNaleePXv21998O3bcz+PH/1pWVtaxY4fOnTr26bPPWlqiKhg15rtRY74LgmDUWQPuv+eOeNK+UWO+CzPFIAhO2vAdAgCQUgSEAAAAVEW/Tpgwa9bssD7h+GM7dey4PntbsWLFrbfdcd8DD0VHfvjxp5eHBUMffezeu+/ccovNy60/d+4fl15x5YgRH8QOvvveiCAIWrZsefutN2215RarvsvYsePOPW/g5IKC6Mg3344aNvzVIAh22Xmn66+7unGjRrHrL168eNDFl4S7je4hLPr22fvSSwaXW3/Y8FcGDhocOzLys8+DILj73gduvP6antttW8FvhcQ4PY6MMDYdDILA9EEAACpXeqIbAAAAgNX44ouvovWuvXdZz72dP3BQNB3Mz28QHZ81a/Ypp51RvHRp7Mrjxv28+159YtPBli1bRutp06Ydclj/Z597vtxbDBv+ygEHHRKbDsZu9fEnn+65977f//Bj7CaXXHZFNB1s07r17rvt2rXrZuHim2+988gjj8euPOjiS6LpYE5OTq8dd+i14w45OTlhS0cefexXX39T8S+GjWTrrba8/547oounnzUgnFC4WuXSwdgNAQCgUggIAQAAqIqmTZ8erdu2aVMp+7z2miEjP/7g6y9G/vrzj4MGnh8OFhbOe/qZZ6PrlJWVXX7lVUVFReHirTff+NP3oz96/51ff/5x+MvPRzO/Sy67MjrBMQiCOXPnRtO7Jk0av/Ds07/+/ONH778z7scxd995ezheVFR02RVDSktLw8Vx435+4823w/reu+8Y8e6bDz1w76vDXvz4w/dOOP7Y3Xfb9fTTTo7u//0PPnzp5WFhPfCCAaO+/vzfjw3992NDv/ly5PHHHfNnS5desXz58kr5otgQ4swIV00HTR8EAKDSCQgBAACoiv74449o3bhxo7Wu+/datmz5zpuvHXHYoU2bNgmCICMj49RTTurbZ+/w1ZEjP4uu+cqrr4357vuwfvnF5/oduH+tWtnhJt27dXvl5ReaNGkcvnrzrbdFt7rl1j+DnyZNGr/x2vAePbbKyMgIgqBmzZp9++z96rAXw1fHjh330svDw/qHn34Ki7323GOfvfeK7qpF8+aXDL7ooQfuzcvLC0dKSkquvvaGsD7rzNNPP/WUGjVqhIs1a9a89F8X77xTryAIJhcUvPHmW+v5RbFB/W1GKB0EAGDjEBACAABQFZWULAuLli1bpqWlrefeLrxgQPv27coN9u3TJywm/vZbdPCJJ58Oi7323GOLzbuX2yQ3t94Zp50a1sNfeW3hwkXh1MDo9L7TTj25fm5uua26dt0sGkY+9cx/wmLFihVhMWHCxKVLS9bS/Ndffztt2rTwzqJnnn7qqiuccvKJYTHu51/Wsh+qgrVkhNJBAAA2GgEhAAAAVVHrVq3CYtq0aStXrlzPvaWlreb/f8PZhOGTCCORSBAEkUjkhx//nNh32KEHr3ZXB+y/b7SeOm1qEARTpkz969X99lvtVocc/M+wGDt2XFlZWRAEXbt0CUcmFxQcclj/90a8H40My/lt0qSwaN261dhxP4/57vty/yxYsDBc4ddfJ/zdN0HirTYjlA4CALAxZSa6AQAAAFiN2Al/U6dNq6zHEMaqWbNmtI5EImlpaXPmzImONG/WbLVb1a1bNycnJ3xIYUHBlO7duk0uKAhfysnJyc2tt9qtmjdvHq1nzZrdrFnTLbbYfOeden3y6cggCH4ZP/60M87OycnZt+8+B+6/37bbbhPeoTQ0ceKfExzHjh13yGH91/KJYqdCUpWFGWE0EYyNBqWDAABsBGYQAgAAUBW1a/dXIlhQMGXjvOm06b9H6002abim1Vq2aBEWU6dOC4JgytRp4WJ0SuKqGjbMj9bTf/89fKjhHbfdcvA/D4qOFxUVPf/CS0cdc3zf/fuNHj0mOj47JrbMz2+wln+2/0fPdfrcJEC5eYRR0kEAADYCMwgBAACoimKnDL7w4su77dp7I7xp7OMDi4qL8/LyVrvagoUL/ly/fv0gCBrk1Q8XlyxZsqY9FxcVR+voLMPc3Ho33XDtKSedMPyV14a98sqsWbPD8YkTfzv0iKOGv/x8927dgiBo2fLPPPLE44/71+BB6/0pqSrKzSOUDgIAsNGYQQgAAEBVlJeX17XrZmH97nsjPvv8i43wptEoLgiCObPnrHad0tLSaJLXunWrIAjatG4dLs6aNbu0tHS1W8XOAty05aaxL7Vv327gBQM+++TD4S8/Hzuh8L77HwqLdm3bhoU7iFY/YUa49VZbRotEdwQAQEoQEAIAAFBFDbnismh9xZVXl5SUrH39ZcuWrVy5cn3esWbNmi1btgzrL7/+ZrXrfP/9D9G6datW0ZgwNOa771e71VdffR0WTZo0rlUre7XrdO/W7aYbrh008PxwcdTo0WHRps2fAeS3o0YvXLio4h+LKi2MBqWDAABsTAJCAAAAqqitttzisEMPDuvJBQUHH9p//K+/rmnlT0d+tu0/eu3T94B58+atz5vuvNOOYfHAgw8vXbqaSPLBoY+ERcuWLZs0aRwEQaNGjaKTCB96+JFVNykpKbnvgYf+u/9ea29g1967hEXt2jlh0a1r15ycnPAhhQ8+PDTOD7JixYrZs2eXlZXFDhYVFRUWlv9+5s2bt5abowIAANWPgBAAAICq64LzBoTZWBAEv4wf33e/fvc/+NBPP42NziYsLS39/ocfBw66+LgTTi4qKppcUHDFkKvX5x3POevMaBp35tnnxs7YKysru+vue0eM+CBcvPzSwRkZGUEQpKWlXXH5JeHg+x98eMutd8TeaHTx4sXnDLigqKgoXBxw7tlhMW/evJtuue39Dz4s18CI/45steUWYZGbWy86rfDBh4Y++ti/y8V+333/w7HHn7R33/2jNzL94ceftt5uhx122nWvffb744/CcPC5F17cfKttt9u+19nnnhfuIRKJXHjRv7b9R68temz3xJNPr8/3BgAAJJHMRDcAAAAAa9SwYf4Lzz19/gUX/TJ+fDhyy6133HLrHdEn/00uKIhdv9eOO1x+6SXr+Y4DLxgw5KprgyD4+JNP99yn75577LFpyxYLFy364osvf/jxp3C1XXbeabdde0e32qnXjnvtuce7740IguD+Bx/68KOPe+24Q35+g99nzBjx/gfRZxZePGhg40aNwnrI1de9/sabQRD07Lnd4Yce0qrVpkVFRe+8+97TzzwbrhCdPRkEQf8jDvvPs8+HX8K11984/NXXtu/Zs0XL5rNnzfns88+jXT3w4MNXXHZJEARDH3k0jCQnFxS89PKwU085KQiCa6+7MVztzbfeOf7YY3r02GrChIkvDxv+336uPbL/4ZmZfigAAIDqz5/7AQAAqNI6dez48ovP3nn3vQ8+9D931ywXDQZBcP6Ac0479eRwVt/6+L+jjqyRWePSy68MgqCwcN6zzz1fboUjDj9s8EUDyw3eesuNN9982xNPPR1OdowmmlFXXH7J0Uf2jy62bdsmLL766uvoEwqjzj37zO3/0TO6mJGR8e/Hhl5y+RXh/MWxY8eNHTuu3Ca77LzT+QPOCetIJBIdX+1zGVeWlgZBEAkisYPlJiYCAADVlVuMAgAAUNXVrFlz0MDzX3j26cMOPTh6x9Go/PwGRx/V/6UXnj3zjNPWlA7WrJm19rdIS0uLrfsfcdgH7719UL8Dog8XDN9ol513GvrQ/ddefWWdOnXK7aF2rVpXXH7JE48/smvvXfLzG0THW7ZsecD++7379uvHHH1Uevpf/xt+7tlnvvv26/v23Sd25SAItu7R47n/PHXO2WeW23/DhvkP3nfPrTff2LPndrFfQk5Ozl577vH4ow8/OvTBunXrhoNHHH5YtOcD9t83rE89+cToW4T3L23frl2vHXcIB0879eSsrL/5lgAAgOohLfYvFQIAyei7sb9G6y27dkxoLwBsKFX5bL+ReystLZ0/f8G8efOKiotzc+s1yMurV69ebPBW6YqXLp06dWrD/IYNG+bHv9W8efPmzJ3bskWLVRPNVS1YuHDKlKl59es3b94snhmQkUhk5sxZixYvqp9bf5NNGq52kwULFsyYMbNNmza1amVHB6dNn15cXNy+XbvoJqWlpZMmTa5Zs+amm7aM/9NRbTi3ED//RgCgOnGLUQAAAJJJRkZGw4b5Fcrq1lPtWrU6d+pU0a0aNGjQoEGDOFYMgiCon5tbf/Pu8e88LS2tWbOmzYKma9tn/fr169cvN9iyRYtyIxkZGR06tI//rQEAgGrALUYBAAAAAAAghQgIAQAAAAAAIIUICAEAAAAAACCFCAgBAAAAAAAghQgIAQAAAAAAIIUICAEAAAAAACCFCAgBAAAAAAAghQgIAQAAAAAAIIUICAEAAAAAACCFCAgBAAAAAAAghQgIAaAaSItWkYT2AcAG8r+n97Q1rpcwrkSQlJxbiF+VP1oAgIoREAJA0svM+OuCvnLlyoT2AsAGEXt6jz3tVxGuRJCknFuIXxU/WgCAinI5B4Ckl1WjRrQuKVme0F4A2CBiT++xp/0qwpUIkpRzC/Gr4kcLAFBRAkIASHq1atWM1kuKihPaCwAbROzpPfa0X0W4EkGScm4hflX8aAEAKkpACABJr07tWtF6waIlCe0FgA0i9vQee9qvIlyJIEk5txC/Kn60AAAVJSAEgKRXr16dIEgL62XLl89fuDjRHQFQmeYvXLxsefTGbmn16tVJbD+rciWCZOTcQvyq/tECAFSUgBAAkl5Genp+Xr3o4qw5hZGE9gNAJYoEwaw5hdHF/Lx6GelV7v/jXIkg6Ti3EL+kOFoAgIpyOQeA6mCTBvWj9bLly6fPmJ3QdgCoNNNnzI6ZtPE/J/wqxZUIkotzC/FLlqMFAKgQASEAVAfZ2TUb5edFFwvnL5w5+4+EdgRAJZg5+4/C+Quji43y87Kzaya0ozVyJYIk4txC/JLoaAEAKkRACADVRLMmm9TOzo4uzv5j3rQZs92FCSBJRYJg2ozZs/+YFx2pnZ3drMkmCW3qb7gSQdXn3EL8kvFoAQDilxaJ+DMVAFQTJSXLJhZMX1laGh2pmZXVpFF+Xm7dhPYFQMXMX7h41pzC2Pu5ZWZktG/doupP2nAlgqrMuYX4Je/RAgDESUAIANVKUfHSyVNnxP56Ev6AUr9enTo5tbOzszIzM9MS1x4AqxUJgpUrV5aULF9SVLxg0ZLYH2TD32TbbNosp3atxDVYAa5EUHU4txC/6nS0AADxEBACQHVTUrJs6u+zi0tKEt0IAJWgdnb2ps0bJ9eMDVciqPqcW4hfMh4tAMDfEhACQPU0Y9bcOYXzE90FAOulUX5e8j7tyZUIqiznFuKX1EcLALAWAkIAqLZKSpbNnbegcP6iIHC5B0guafl59TZpUD/Zp2u4EkEV49xC/KrJ0QIArImAEACqudKyskWLliwpXrp06bLlK1asLC3zSwpA1ZOWmZGeVaNGrVo169SuVa9enYz09ES3VGlciSBxnFuIX3U+WgCAVQkIAQAAAAAAIIX4q0AAAAAAAACQQgSEAAAAAAAAkEIEhAAAAAAAAJBCBIQAAAAAAACQQgSEAAAAAAAAkEIEhAAAAAAAAJBCBIQAAAAAAACQQgSEAAAAAAAAkEIEhAAAAAAAAJBCBIQAAAAAAACQQgSEAAAAAAAAkEIEhAAAAAAAAJBCBIQAAAAAAACQQgSEAAAAAAAAkEIEhAAAAAAAAJBCBIQAAAAAAACQQgSEAAAAAAAAkEIEhAAAAAAAAJBCBIQAAAAAAACQQgSEAAAAAAAAkEIEhAAAAAAAAJBCBIQAAAAAAACQQgSEAAAAAAAAkEIEhAAAAAAAAJBCBIQAAAAAAACQQgSEAAAAAAAAkEIEhAAAAAAAAJBCBIQAAAAAAACQQgSEAAAAAAAAkEIEhAAAAAAAAJBCBIQAAAAAAACQQjIT3QAAsGEVFS/9aORXo7776ZcJk2fMmr1ocVGkrCzRTfH30tLT69XNadakcecObbbeslvvXj1zatdKdFMAAAAAVAdpkUgk0T0AABvExElTnnnxteFvvi8RrAbS0tP79d39yEP2b9+2VaJ7AQAAACC5CQgBoHq6/b7Hnnh2eKK7oPIdc0S/8844PtFdAAAAAJDEBIQAUN1MnDTl8uvv+nn8xEQ3wobSpVP7qwafYyohAAAAAOtGQAgA1cqYH8add8l1CxcuTnQjbFi5uXVvv/ZfW22+WaIbAQAAACD5CAgBoPqYOGnKSedeIh1MEbm5dYfeea15hAAAAABUVHqiGwAAKs3l198lHUwdCxcuvvz6uxLdBQAAAADJR0AIANXE7fc95rmDqebn8RNvv++xRHcBAAAAQJIREAJAdTBx0pQnnh2e6C5IgCeeHT5x0pREdwEAAABAMhEQAkB18MyLryW6BRLGv30AAAAAKkRACABJr6h46fA33090FyTM8DffLypemuguAAAAAEgaAkIASHofjfwqUlaW6C5ImEhZ2Ucjv0p0FwAAAAAkDQEhACS9Ud/9lOgWSDDHAAAAAADxExACQNL7ZcLkRLdAgjkGAAAAAIifgBAAkt6MWbMT3QIJ5hgAAAAAIH4CQgBIeosWFyW6BRLMMQAAAABA/ASEAJD0ImVliW6BBHMMAAAAABA/ASEAAAAAAACkEAEhAAAAAAAApBABIQAAAAAAAKQQASEAAAAAAACkEAEhAAAAAAAApBABIQAAAAAAAKQQASEAAAAAAACkEAEhAAAAAAAApBABIQAAAAAAAKQQASEAAAAAAACkEAEhAAAAAAAApJDMRDcAAFRd2dk1Dz+ob7nBSCSYPWfu+IkFU6f/XlYWSVBrfzrq0AP6H7Jf8dKSq268+6efJyS2GQAAAABICgJCAGCN8vPqDzj9uLWsUFKy7NW33r/13seWL1++Efv60+ZdOw88+8SwfuTu63rucejG7wEAAAAAko5bjAIA6y47u+ZhB/X97O1n99lj543/7r223zpaZ2Vl1cmpvW77ObRfn69GvDDy7Wezs2tWXncAAAAAUEUJCAGAuMyZW/j1qO+/HvX9qO9+mjJtxqLFS6IvZWZmXHPJgOZNG2/klr74eky0Xr5ixZKi4nXbzx69d8jKysqpXSu7poAQAAAAgOrPLUYBgLi8//EXN931cOzIlt273HjlhY02yQ+CICMj456brzjo6DM2Zktjfhh3272PHXHwvkXFS6++6Z513k/TxptUal8AAAAAUKUJCAGAdfTdjz//85iz3hv2WK3s7CAIWjRrsvF7ePK54U8+N3w9d9Igr34ltQMAAAAAScAtRgGAdVdUVPzRyK/DOjMzo/Em+YnuaF2EAScAAAAApAgzCAGA9TKpYGq0btqk0ey5heVWyM+rf/jB+27ZvUvb1i2zatSYN3/hhN8KnnzulR/G/rLaHWbVqHHemcdvvWW3Rg3z09KClStLf585+9GnXvxo5FerrnzFRWd3aNcqCIJhr7/30qvvlN/PGcdttXnXJo03qVEjc87cwomTpgx7/d3P//vkwvT09HZtNt2iW+f09LRw5IA+uxcvXRrWM2bN+fyr0bE7TE9P73/wftv26N6xXet6dessLiqeVDDt7RGfvPb2B+W62n3n7Y8/+uBIJLhv6NNffDOmfm69Ky8+Z8vunWvXqlW8tOTDT78ccuPdcX/BAAAAAFDJBIQAwHrp2K5NtP7p51/Lvbr/PrtdPuiszMyM6EjdOjmtWjbbo/cOb7738WXX3lFWVha7/r5773rFoLNq1PifP6I0yMu9/bp/RSKR6MjIL0edc9HVQRDs2XuHnJzaQRBMmTYjNiDs3avnjVcOzMrKio603rR5602b79F7h1Hf/XT+JdcvWrzk3WGP5f/vzUXPO+O4aD1rzh99DjkxutipQ5sHb786t17d6EhOTu0mjRrusN1WRx92wBkXXFk4f0H0pa5dOnTt3CEIgpOPPezXiZPffHFoVo0a4Uu5NerstVsvASEAAAAACeQWowDAusvJqb3T9tuEdfHSkpUrS2NfvfLic67617nRdLCoeGnh/AWlpX+u03fPXe6/9crY9Tu0a33V4HOj6eAfhfOnTJtRvLQkXEyLsWjxkrV01XiT/JuvuiiaDhYvLZk3f2G0t6237Hb04QcGQbBixco4P2afPXb+z9Dbo+ng8uXL/yicv3zFinCxY/s2Lz91b3QaYqy8+vWeeuiWaDoYmj3njzjfFwAAAAA2BDMIAYB1lJ9X/5F7rs/OrhkuPvb0i7GvdunU7sC+u4f1zFlzzhg4pGDq9HDxiovO7rfvHkEQbLf1Ftv12Pzr0T+E4zdeeWEYs5WULDvm9EETfisIx8846aiTjzksrEd89Pm7H4788NMv19LYheecFKaSZWWR8y+59uPPvgnH++27x6nH91+8pOiBR58JguDY0we1b9uqa6f2Z5x0VLjCxVfevLioOKznL1gYFpmZGZcPOist7c/GLr3m9vc/+eK/O9zz0oGnZ2Rk1Ktb56JzT7n+9gfLddJ60xZhUTD192/H/JiWltahXatnXnit4l82AAAAAFQaASEAEJf27VrtutM/giCoXbtWp/atO3dst82W3cLYLHxi39AnXohd/5arLw6LoqLiA448LXZy4ZAb727UsMEOPXsEQXDphWcc0P+0cLxFsyZhcd1tD0TTwSAI7hv69J69d2y9afMgCKb9PvO9Dz9be6ubdWofFu9//Hk0HQyCYPgbI4a/MSK6OGdu4Zy5hZGyv+5c+tWoHxYsXFRub5ddeGYYgkYikdjYMgiC4W+8l56edtmFZwZBcMiBfVYNCEMP//u5+x55Zu09AwAAAMBGIyAEAOKy7Vbdt92q+2pf+nbMT6eed1nsSMP8vGZNGoX1jXc+XO7Wo0EQXHLN7R++9mQQBI0bNQxHsrKyojcXXXWC4LjxE8OAsPtmnf621czMP/fTuWPb+D7c2uy5645h8cnn38amg6GXX3v3/DNPyKldKz09rfWmLaKzJKOm/T5TOggAAABAlSIgBADW3Xc//vzwv5/7/Osx5cZjo8SsrBrhDUVXK6tGjezsmiUly5YvX758+fLwwYFdOrb7ZsyPsas1bbxJWKyawK1qwqQpmzRsEARBy+ZN3xv2+L1Dnx7+xnsV/3BBEATp6em1srPDuqi4eC0fJAiCbbbqVq69SCRy2nmXr9tbAwAAAMAGIiAEAOIyZdqMn8aNz86u+Y9ttszJqR0OLly0eNV0MAiCLbt3idaXDjxj7Xvu2K7ND2N/CYLg19+mdOvSIQiCIYPPib0raffNOkZ3+PFnX/9tq7ff+9g/ttkyfJxhw/y8Ky4669KBp4/9ZcKjT70Ye8fReHTr0jFa991zl7577rKWlTu0bVVupLS0bMasORV6RwAAAADY0ASEAEBcPv9q9E13PRwEQU5O7feGPRbOq9tlx+0OP6jvc8PeLLdy40abROuymIf8rWpl6cop034P60efevHWay5OS0tr2qTRJ28+88ln3xQvLdm0RdMeW3QNH3ZYMHX6yC9H/W2rEydPGTD4mhuuvLB2rT8n/2VkZGzetfMd119aOG/+ef+67sdxv8b5qVu2aBrnB4lEyn6Ie7cAAAAAkEACQgCgYoqKis8edPXQu64NFwede8qX3343ZdqM2HUKpk7fZcdtgyBYvnx5zz0OjXPPH3765YWX33TL1RcFQVArO3vv3XeKfbVw3vxjT78ozl19+sW3O/Xpf8Q/9z3soL6btmga5otBEOQ3yHv0nhv6HXX67zNnx7Of8b9Oitb9jjp92u8z42wAAAAAAKqs9EQ3AAAkn1Hf/fTsy2+EdXp62iP3XB/ezzPqx7HjwyIrKyszMyP+PR/Yd/ewWFpSUlpaGolElpaUTJ8x6+a7hu7R77hFi5fEv6uysrJnXnyt31Gn77D34Q889p+i4qXheGZmxoDTj4tzJxMnT4lE/pw4uNXmm8X/7gAAAABQZQkIAYB1ceMdD0Wn0+Xn1b9pyKDYV0d9PzZaH9qvT5z7PPiAvXfafpsgCH6ZMGmHvQ7fZtd/9til3w57Hb7/Eac+8+Jr69xqScmyBx97drcDjimcvyAc6dKpXfybLy1ZFhb77t17nXsAAAAAgKpDQAgArKMTzhq8cmVpWO++yw777LFz9KUFCxcVFRWH9dmn/F96elx/5Niz945h0bTxJlt271K53S5fvvzrUT/8t16x2nXq5NRedXDsLxPCYrsem3do17pyuwIAAACAjU9ACACsoz8K519+3R3Rxav/NaBhfl50cchN94RFrezsV565v9Em+bHbduvSYfjT94/6aPjRhx0QHZwwaUpY5Nar+9i9N4z+ePhXI1745M1nRgx//PnH77r9un/tvvP28TTWZ4+dn3jg5j133TF2MD09fYfteoT1uP9mfkEQ/DFvfrQ+tN8+YbHtVt2jd0a96Iqby8r+vMvov++/cbsem8fuNj+v/v23DRn10fC7brwsnt4AAAAAIOEyE90AAJDE3hrxyV679erdq2f4bL/H77txv8NPCV9672GtCrcAABpFSURBVMPPJhw7pUPbVkEQtGjW5M3nH546febkKdPr1Kndrs2m+Xn1w9XOOfXYp55/NayffG74IQfsnZ1dM1xMS0vLysrKysoKgpz8Bnkd2rbq3atnUfHS/ieeF7276arq59a7+pIBGRkZNw0ZNO2UmW+P+GTK9JmtWjY7/KC+9erWCYIgEok8+vRL0fV/mzwlWv/f4f2233arvPq5DfPzRv8w7sSzBgdBMH/BwqeeH37MEQeFYeeDd1w9Y9acyQXTyiKRVi2bbdqiWbjtTttv07lD218mTNoAXzMAAAAAVCYzCAGA9XLBpTcsWLgorJs3bXzpwDOiLx1/5sVjfhgX1hkZGW1atdht539s12PzaDq4cmXp+ZdcF13/wD67Z2VlhRnevPkLS0qWrVxZGolEYt8up3atJx64aS391MyqMX/Bn/20bN705GMPv+aSAScfc1iYDgZBcO/QpycVTIuuX1YWGf3fJtPS0jq0ax3Og+yx+Wb1c+uF47ff9/h/Xnw92kmzJo12/MfWO22/TTQdDILgsadfkg4CAAAAkBQEhADAGpWULPvbdcrKyo4/c/DMWXPCxYMP2Ltl86ZhXVRUfMJZgy+/7s7CefOjd+kMLV5S9Opb7/fe/+iRX46KbnjGSUelp6ctXlJ0yLFn737gMdvvddi2u/2zxy79eu939JAb7577x7xwzfq59aJpX9TSpSVhMXtu4Z4HHXfv0KcWLV5SLlycOWvO8Wde/MiTL5Tb9rzB15bL9ubNX3jGBVdGg88gCG666+H+J503ZdqMFStWxq65fMWKb8b82O+o0+968InVfTmlf/sFAgAAAMBGllbuhzMAIOlstfOBiW4hLq1aNuvcoe2cP+ZNKpi2cNHicq++/OS9bVq1CIJgyI13D39jxKqb166V/dk7z4X1EScOGD9h8t++Y3p6WueO7dq3aTV+4qQJvxWUCynLyauf261Lh9Kysu9+GFf837hxTWv22Hyz4qUlk6dOnzV77t+2sXGM+eSVRLcAAAAAQHLwDEIAYCOZMm3GlGkz1vRqi2ZNwqJw3oLVrtC9a6ewWLmyNJ50MLx96LhfJo77ZWI8K89fsPDTL76Nc833P/kinjUBAAAAoApyi1EAoEqYPmNWWNx6zeC9d+sV+1J6evqRh+x/781XhIujv/8pEQ0CAAAAQDXhFqMAkPSS5Raja7fT9tvcecOlaWlp4eKKFSsXLV5cvLQkp3bt3Hp1MjIywvG5f8zre9hJK1d6tl95bjEKAAAAQJzMIAQAqoRPv/h28JBblpb8+fC/GjUy8xvktWzetEFebpgORiKRT7/49pBjz5YOAgAAAMD6MIMQAJJe9ZhBGLX/Prv122/PZo03yc2tmxakLSkqnjlrzm8FU+9/9D9z5hYmuruqywxCAAAAAOIkIASApFfNAkLWjYAQAAAAgDi5xSgAAAAAAACkEAEhAAAAAAAApBABIQAAAAAAAKQQASEAAAAAAACkEAEhAAAAAAAApBABIQAkvbR0F/RU5xgAAAAAIH5+SwKApFevbk6iWyDBHAMAAAAAxE9ACABJr1mTxolugQRzDAAAAAAQPwEhACS9zh3aJLoFEswxAAAAAED8BIQAkPS23rJbolsgwRwDAAAAAMRPQAgASa93r55p6a7pqSstPb13r56J7gIAAACApOHHRABIejm1a/Xru3uiuyBh+vXdPad2rUR3AQAAAEDSEBACQHVw5CH7J7oFEsa/fQAAAAAqREAIANVB+7atjjmiX6K7IAGOOaJf+7atEt0FAAAAAMkkLRKJJLoHAKByHHnyBT+Pn5joLth4unRq/8zDtya6CwAAAACSjBmEAFB9XDX4nNzcuonugo0kN7fuVYPPSXQXAAAAACQfASEAVB/t27a6/dp/yQhTQW5u3duv/ZebiwIAAACwDtxiFACqm4mTplx+/V3uNVqNdenU/qrB50gHAQAAAFg3AkIAqJ5uv++xJ54dnuguqHzHHNHvvDOOT3QXAAAAACQxASEAVFsTJ0155sXXhr/5fqSsLNG9sL7S0tP79d39yEP2N3EQAAAAgPUkIASAaq6oeOlHI78a9d1Pv0yYPGPW7EWLi+SFSSEtPb1e3ZxmTRp37tBm6y279e7VM6d2rUQ3BQAAAEB1ICAEAAAAAACAFJKe6AYAAAAAAACAjUdACAAAAAAAAClEQAgAAAAAAAApREAIAAAAAAAAKURACAAAAAAAAClEQAgAAAAAAAApREAIAAAAAAAAKURACAAAAAAAAClEQAgAAAAAAAApREAIAAAAAAAAKURACAAAAAAAAClEQAgAAAAAAAApREAIAAAAAAAAKURACAAAAAAAAClEQAgAAAAAAAApREAIAAAAAAAAKeSvgLC4uLi0tDShzQAAAAAAAAAb1l8B4QcffrR3n/3ffOudsrKyhLYEAAAAAAAAbCj/c4vRyQUFZ5973v4HHvzBhx9FIpHEdQUAAAAAAABsEH8FhI0aNQqLX8aPP/nUM/55yOGff/Fl4hoDAAAAAAAAKl9a7EzB777/4c677vnk05HRkZ49txt43rk9emyVoPYAAAAAAACAypS26q1ER48ec9sdd33x5VfRkV1773L+gHM226zLRm8PAAAAAAAAqEyrCQhDX3/z7W233/nNt6OiI3377H3u2We1b99uI7YHAAAAAAAAVKY1BoShL7786s677omNCZ94/JEdd9h+o/QGAAAAAAAAVLL0tb+8ScOGzZs3ix0pKSnZwC0BAAAAAAAAG0rmml74bdKk++5/cPgrr0VHtu7RY+AFA7bbdpuN1RsAAAAAAABQyVYTEBYUTLnnvvuHDX81OtK162YDzxuw8869Nm5vAAAAAAAAQCX7n4BwypSp997/4EsvD4uOtGnd+sKB5+215x5paWmJaA8AAAAAAACoTH8FhN99/8PBhx4RXWzSpPGFF5y//359MzIyEtQbAAAAAAAAUMn+CginT58eFvn5Dc4/79yDD+pXo0aNxDUGAAAAAAAAVL6/AsK0tLScnJzzB5xzxOGHZmdnJ7QrAAAAAAAAYINIi0QiYbV8+fIVK1bk5OQkuiUAAAAAAABgQ/krIAQAAAAAAACqvfRENwAAAAAAAABsPAJCAAAAAAAASCECQgAAAAAAAEghAkIAAAAAAABIIQJCAAAAAAAASCECQgAAAAAAAEghAkIAAAAAAABIIQJCAAAAAAAASCECQgAAAAAAAEghAkIAAAAAAABIIQJCAAAAAAAASCECQv6/PTsQAAAAABDkbz3IpREAAAAAAAAjghAAAAAAAABGBCEAAAAAAACMCEIAAAAAAAAYEYQAAAAAAAAwIggBAAAAAABgRBACAAAAAADAiCAEAAAAAACAEUEIAAAAAAAAI4IQAAAAAAAARgQhAAAAAAAAjAhCAAAAAAAAGBGEAAAAAAAAMCIIAQAAAAAAYEQQAgAAAAAAwIggBAAAAAAAgBFBCAAAAAAAACOCEAAAAAAAAEYEIQAAAAAAAIwIQgAAAAAAABgRhAAAAAAAADAiCAEAAAAAAGBEEAIAAAAAAMCIIAQAAAAAAIARQQgAAAAAAAAjghAAAAAAAABGBCEAAAAAAACMCEIAAAAAAAAYEYQAAAAAAAAwIggBAAAAAABgRBACAAAAAADAiCAEAAAAAACAEUEIAAAAAAAAI4IQAAAAAAAARgQhAAAAAAAAjAhCAAAAAAAAGBGEAAAAAAAAMCIIAQAAAAAAYEQQAgAAAAAAwIggBAAAAAAAgBFBCAAAAAAAACOCEAAAAAAAAEYEIQAAAAAAAIwIQgAAAAAAABgRhAAAAAAAADAiCAEAAAAAAGBEEAIAAAAAAMCIIAQAAAAAAIARQQgAAAAAAAAjghAAAAAAAABGBCEAAAAAAACMCEIAAAAAAAAYEYQAAAAAAAAwIggBAAAAAABgRBACAAAAAADAiCAEAAAAAACAEUEIAAAAAAAAI4IQAAAAAAAARgQhAAAAAAAAjAhCAAAAAAAAGBGEAAAAAAAAMCIIAQAAAAAAYEQQAgAAAAAAwIggBAAAAAAAgBFBCAAAAAAAACOCEAAAAAAAAEYEIQAAAAAAAIwIQgAAAAAAABgRhAAAAAAAADAiCAEAAAAAAGBEEAIAAAAAAMCIIAQAAAAAAIARQQgAAAAAAAAjghAAAAAAAABGBCEAAAAAAACMCEIAAAAAAAAYEYQAAAAAAAAwIggBAAAAAABgRBACAAAAAADAiCAEAAAAAACAEUEIAAAAAAAAI4IQAAAAAAAARgQhAAAAAAAAjAhCAAAAAAAAGBGEAAAAAAAAMCIIAQAAAAAAYEQQAgAAAAAAwIggBAAAAAAAgBFBCAAAAAAAACOCEAAAAAAAAEYEIQAAAAAAAIwIQgAAAAAAABgRhAAAAAAAADAiCAEAAAAAAGBEEAIAAAAAAMCIIAQAAAAAAIARQQgAAAAAAAAjghAAAAAAAABGBCEAAAAAAACMCEIAAAAAAAAYEYQAAAAAAAAwIggBAAAAAABgRBACAAAAAADAiCAEAAAAAACAEUEIAAAAAAAAI4IQAAAAAAAARgQhAAAAAAAAjAhCAAAAAAAAGBGEAAAAAAAAMCIIAQAAAAAAYEQQAgAAAAAAwIggBAAAAAAAgBFBCAAAAAAAACOCEAAAAAAAAEYEIQAAAAAAAIwIQgAAAAAAABgRhAAAAAAAADAiCAEAAAAAAGBEEAIAAAAAAMCIIAQAAAAAAIARQQgAAAAAAAAjghAAAAAAAABGBCEAAAAAAACMCEIAAAAAAAAYEYQAAAAAAAAwIggBAAAAAABgRBACAAAAAADAiCAEAAAAAACAEUEIAAAAAAAAI4IQAAAAAAAARgQhAAAAAAAAjAhCAAAAAAAAGBGEAAAAAAAAMCIIAQAAAAAAYEQQAgAAAAAAwIggBAAAAAAAgBFBCAAAAAAAACOCEAAAAAAAAEYEIQAAAAAAAIwIQgAAAAAAABgRhAAAAAAAADAiCAEAAAAAAGBEEAIAAAAAAMCIIAQAAAAAAIARQQgAAAAAAAAjghAAAAAAAABGBCEAAAAAAACMCEIAAAAAAAAYEYQAAAAAAAAwIggBAAAAAABgRBACAAAAAADAiCAEAAAAAACAEUEIAAAAAAAAI4IQAAAAAAAARgQhAAAAAAAAjAhCAAAAAAAAGBGEAAAAAAAAMCIIAQAAAAAAYEQQAgAAAAAAwIggBAAAAAAAgBFBCAAAAAAAACOCEAAAAAAAAEYEIQAAAAAAAIwIQgAAAAAAABgRhAAAAAAAADAiCAEAAAAAAGBEEAIAAAAAAMCIIAQAAAAAAIARQQgAAAAAAAAjghAAAAAAAABGBCEAAAAAAACMCEIAAAAAAAAYEYQAAAAAAAAwIggBAAAAAABgRBACAAAAAADAiCAEAAAAAACAEUEIAAAAAAAAI4IQAAAAAAAARgQhAAAAAAAAjAhCAAAAAAAAGBGEAAAAAAAAMCIIAQAAAAAAYEQQAgAAAAAAwIggBAAAAAAAgBFBCAAAAAAAACOCEAAAAAAAAEYEIQAAAAAAAIwIQgAAAAAAABgRhAAAAAAAADAiCAEAAAAAAGBEEAIAAAAAAMCIIAQAAAAAAIARQQgAAAAAAAAjghAAAAAAAABGBCEAAAAAAACMCEIAAAAAAAAYEYQAAAAAAAAwIggBAAAAAABgRBACAAAAAADAiCAEAAAAAACAEUEIAAAAAAAAI4IQAAAAAAAARgQhAAAAAAAAjAhCAAAAAAAAGBGEAAAAAAAAMCIIAQAAAAAAYEQQAgAAAAAAwIggBAAAAAAAgBFBCAAAAAAAACOCEAAAAAAAAEYEIQAAAAAAAIwIQgAAAAAAABgRhAAAAAAAADAiCAEAAAAAAGBEEAIAAAAAAMCIIAQAAAAAAIARQQgAAAAAAAAjghAAAAAAAABGBCEAAAAAAACMCEIAAAAAAAAYEYQAAAAAAAAwIggBAAAAAABgRBACAAAAAADAiCAEAAAAAACAEUEIAAAAAAAAI4IQAAAAAAAARgQhAAAAAAAAjAhCAAAAAAAAGBGEAAAAAAAAMCIIAQAAAAAAYEQQAgAAAAAAwIggBAAAAAAAgBFBCAAAAAAAACOCEAAAAAAAAEYEIQAAAAAAAIwIQgAAAAAAABgRhAAAAAAAADAiCAEAAAAAAGBEEAIAAAAAAMCIIAQAAAAAAIARQQgAAAAAAAAjghAAAAAAAABGBCEAAAAAAACMCEIAAAAAAAAYEYQAAAAAAAAwIggBAAAAAABgRBACAAAAAADAiCAEAAAAAACAEUEIAAAAAAAAI4IQAAAAAAAARgQhAAAAAAAAjAhCAAAAAAAAGBGEAAAAAAAAMCIIAQAAAAAAYEQQAgAAAAAAwIggBAAAAAAAgBFBCAAAAAAAACOCEAAAAAAAAEYEIQAAAAAAAIwIQgAAAAAAABgRhAAAAAAAADAiCAEAAAAAAGBEEAIAAAAAAMCIIAQAAAAAAIARQQgAAAAAAAAjghAAAAAAAABGBCEAAAAAAACMCEIAAAAAAAAYEYQAAAAAAAAwIggBAAAAAABgRBACAAAAAADAiCAEAAAAAACAEUEIAAAAAAAAI4IQAAAAAAAARgQhAAAAAAAAjAhCAAAAAAAAGBGEAAAAAAAAMCIIAQAAAAAAYEQQAgAAAAAAwIggBAAAAAAAgBFBCAAAAAAAACOCEAAAAAAAAEYEIQAAAAAAAIwIQgAAAAAAABgRhAAAAAAAADAiCAEAAAAAAGBEEAIAAAAAAMCIIAQAAAAAAIARQQgAAAAAAAAjghAAAAAAAABGBCEAAAAAAACMCEIAAAAAAAAYEYQAAAAAAAAwIggBAAAAAABgRBACAAAAAADAiCAEAAAAAACAEUEIAAAAAAAAI4IQAAAAAAAARgQhAAAAAAAAjAhCAAAAAAAAGBGEAAAAAAAAMCIIAQAAAAAAYEQQAgAAAAAAwIggBAAAAAAAgBFBCAAAAAAAACOCEAAAAAAAAEYEIQAAAAAAAIwIQgAAAAAAABgRhAAAAAAAADAiCAEAAAAAAGBEEAIAAAAAAMCIIAQAAAAAAIARQQgAAAAAAAAjghAAAAAAAABGBCEAAAAAAACMCEIAAAAAAAAYEYQAAAAAAAAwIggBAAAAAABgRBACAAAAAADAiCAEAAAAAACAEUEIAAAAAAAAI4IQAAAAAAAARgQhAAAAAAAAjAhCAAAAAAAAGBGEAAAAAAAAMCIIAQAAAAAAYEQQAgAAAAAAwIggBAAAAAAAgBFBCAAAAAAAACOCEAAAAAAAAEYEIQAAAAAAAIwIQgAAAAAAABgRhAAAAAAAADAiCAEAAAAAAGBEEAIAAAAAAMCIIAQAAAAAAIARQQgAAAAAAAAjghAAAAAAAABGBCEAAAAAAACMCEIAAAAAAAAYEYQAAAAAAAAwIggBAAAAAABgRBACAAAAAADAiCAEAAAAAACAEUEIAAAAAAAAI4IQAAAAAAAARgQhAAAAAAAAjAhCAAAAAAAAGBGEAAAAAAAAMCIIAQAAAAAAYEQQAgAAAAAAwIggBAAAAAAAgBFBCAAAAAAAACOCEAAAAAAAAEYEIQAAAAAAAIwIQgAAAAAAABgRhAAAAAAAADAiCAEAAAAAAGBEEAIAAAAAAMCIIAQAAAAAAIARQQgAAAAAAAAjghAAAAAAAABGBCEAAAAAAACMCEIAAAAAAAAYEYQAAAAAAAAwIggBAAAAAABgRBACAAAAAADAiCAEAAAAAACAEUEIAAAAAAAAI4IQAAAAAAAARgQhAAAAAAAAjAhCAAAAAAAAGBGEAAAAAAAAMCIIAQAAAAAAYEQQAgAAAAAAwIggBAAAAAAAgBFBCAAAAAAAACOCEAAAAAAAAEYEIQAAAAAAAIwIQgAAAAAAABgRhAAAAAAAADAiCAEAAAAAAGBEEAIAAAAAAMCIIAQAAAAAAIARQQgAAAAAAAAjghAAAAAAAABGBCEAAAAAAACMCEIAAAAAAAAYEYQAAAAAAAAwIggBAAAAAABgRBACAAAAAADAiCAEAAAAAACAEUEIAAAAAAAAI4IQAAAAAAAARgQhAAAAAAAAjAhCAAAAAAAAGBGEAAAAAAAAMCIIAQAAAAAAYEQQAgAAAAAAwIggBAAAAAAAgBFBCAAAAAAAACOCEAAAAAAAAEYEIQAAAAAAAIwIQgAAAAAAABgRhAAAAAAAADAiCAEAAAAAAGBEEAIAAAAAAMCIIAQAAAAAAIARQQgAAAAAAAAjghAAAAAAAABGBCEAAAAAAACMCEIAAAAAAAAYEYQAAAAAAAAwIggBAAAAAABgRBACAAAAAADAiCAEAAAAAACAEUEIAAAAAAAAI4IQAAAAAAAARgQhAAAAAAAAjAhCAAAAAAAAGBGEAAAAAAAAMCIIAQAAAAAAYEQQAgAAAAAAwIggBAAAAAAAgBFBCAAAAAAAACOCEAAAAAAAAEYEIQAAAAAAAIwIQgAAAAAAABgRhAAAAAAAADAiCAEAAAAAAGBEEAIAAAAAAMCIIAQAAAAAAIARQQgAAAAAAAAjghAAAAAAAABGBCEAAAAAAACMCEIAAAAAAAAYEYQAAAAAAAAwIggBAAAAAABgRBACAAAAAADAiCAEAAAAAACAEUEIAAAAAAAAI4IQAAAAAAAARgQhAAAAAAAAjAhCAAAAAAAAGBGEAAAAAAAAMCIIAQAAAAAAYEQQAgAAAAAAwIggBAAAAAAAgBFBCAAAAAAAACOCEAAAAAAAAEYEIQAAAAAAAIwIQgAAAAAAABgRhAAAAAAAADAiCAEAAAAAAGBEEAIAAAAAAMCIIAQAAAAAAIARQQgAAAAAAAAjghAAAAAAAABGBCEAAAAAAACMCEIAAAAAAAAYEYQAAAAAAAAwIggBAAAAAABgRBACAAAAAADAiCAEAAAAAACAEUEIAAAAAAAAI4IQAAAAAAAARgQhAAAAAAAAjAhCAAAAAAAAGAn7ChDGCqsHpwAAAABJRU5ErkJggg==' />]]>
    </system-out>
  </testcase> <!-- userRegistrationTest -->
  <testcase classname="com.vinsguru.tests.flightreservation.FlightReservationTest" name="flightsSelectionTest" time="0.000">
    <skipped/>
  </testcase> <!-- flightsSelectionTest -->
  <testcase classname="com.vinsguru.tests.flightreservation.FlightReservationTest" name="registrationConfirmationTest" time="0.000">
    <skipped/>
  </testcase> <!-- registrationConfirmationTest -->
  <testcase classname="com.vinsguru.tests.flightreservation.FlightReservationTest" name="userRegistrationTest" time="1.802">
    <error message="Cannot invoke &quot;com.vinsguru.tests.flightreservation.model.FlightReservationTestData.firstName()&quot; because &quot;this.testData&quot; is null" type="java.lang.NullPointerException">
      <![CDATA[java.lang.NullPointerException: Cannot invoke "com.vinsguru.tests.flightreservation.model.FlightReservationTestData.firstName()" because "this.testData" is null
at com.vinsguru.tests.flightreservation.FlightReservationTest.userRegistrationTest(FlightReservationTest.java:28)
at java.base/jdk.internal.reflect.DirectMethodHandleAccessor.invoke(DirectMethodHandleAccessor.java:104)
at java.base/java.lang.reflect.Method.invoke(Method.java:578)
at org.testng.internal.invokers.MethodInvocationHelper.invokeMethod(MethodInvocationHelper.java:139)
at org.testng.internal.invokers.TestInvoker.invokeMethod(TestInvoker.java:664)
at org.testng.internal.invokers.TestInvoker.invokeTestMethod(TestInvoker.java:228)
at org.testng.internal.invokers.MethodRunner.runInSequence(MethodRunner.java:63)
at org.testng.internal.invokers.TestInvoker$MethodInvocationAgent.invoke(TestInvoker.java:961)
at org.testng.internal.invokers.TestInvoker.invokeTestMethods(TestInvoker.java:201)
at org.testng.internal.invokers.TestMethodWorker.invokeTestMethods(TestMethodWorker.java:148)
at org.testng.internal.invokers.TestMethodWorker.run(TestMethodWorker.java:128)
at java.base/java.util.ArrayList.forEach(ArrayList.java:1511)
at org.testng.TestRunner.privateRun(TestRunner.java:819)
at org.testng.TestRunner.run(TestRunner.java:619)
at org.testng.SuiteRunner.runTest(SuiteRunner.java:443)
at org.testng.SuiteRunner$SuiteWorker.run(SuiteRunner.java:481)
at org.testng.internal.thread.ThreadUtil.lambda$execute$0(ThreadUtil.java:58)
at java.base/java.util.concurrent.FutureTask.run(FutureTask.java:317)
at java.base/java.util.concurrent.ThreadPoolExecutor.runWorker(ThreadPoolExecutor.java:1144)
at java.base/java.util.concurrent.ThreadPoolExecutor$Worker.run(ThreadPoolExecutor.java:642)
at java.base/java.lang.Thread.run(Thread.java:1623)
]]>
    </error>
    <system-out>
      <![CDATA[<img width=700px src='data:image/png;base64,iVBORw0KGgoAAAANSUhEUgAACWAAAAaKCAIAAADCuNM0AAABK2lDQ1BTa2lhAAAokX2QMUvDUBSFv1cKomYRFR0cMnbRppWmDdahqbXo2Cqk3dI0FLFNQxrRvas/wtlNcBGhs4uT4CTi4i4IrpXXDClIPNPHuQfuPRdSmwBpDQZeGDTqpmq12urCBwLBTLYz8kmWgJ/XKPuy/U8uSYtdd+QAX0AYWK02iC6w1ov4SnIn4mvJl6EfgriRHJw0qiDugUxvjjtz7PiBzL8B5UH/wonvRnG90yZgAVvUGTKkRx+XLE3OOcMmi0YNgxK71KhQoUCFHHlKGOgU0KhiUqRKkUN0SuTJcTBjA13+M1o5fof9yXQ6fYy94wnc6bD0EHuZPVhR4Ok59uIf+3Zgz6w0kHJN+F4H5RZWP2F5DGzIcUJX9U9XlSM8HHZQyaORQ/8FDJRN2vTWQQEAACAASURBVHic7N13XFRHH+/xXZoUpSPYsfdu1NhrjDGx11gilth7S+y9G2OXWDD2FmvsLZZYiaio2BVFRHrvu3v/4F4uD+w5exaWXXA/71f+kDNzZn7uYfF59svMyGs17SgDAAAAAAAAAAAAYBxMDF0AAAAAAAAAAAAAAP0hIAQAAAAAAAAAAACMCAEhAAAAAAAAAAAAYEQICAEAAAAAAAAAAAAjQkAIAAAAAAAAAAAAGBECQgAAAAAAAAAAAMCIEBACAAAAAAAAAAAARoSAEAAAAAAAAAAAADAiBIQAAAAAAAAAAACAESEgBAAAAAAAAAAAAIwIASEAAAAAAAAAAABgRAgIAQAAAAAAAAAAACNCQAgAAAAAAAAAAAAYEQJCAAAAAAAAAAAAwIgQEAIAAAAAAAAAAABGhIAQAAAAAAAAAAAAMCIEhAAAAAAAAAAAAIARISAEAAAAAAAAAAAAjAgBIQAAAAAAAAAAAGBECAgBAAAAAAAAAAAAI0JACAAAAAAAAAAAABgRAkIAAAAAAAAAAADAiBAQAgAAAAAAAAAAAEaEgBAAAAAAAAAAAAAwIgSEAAAAAAAAAAAAgBEhIAQAAAAAAAAAAACMCAEhAAAAAAAAAAAAYEQICAEAAAAAAAAAAAAjQkAIAAAAAAAAAAAAGBECQgAAAAAAAAAAAMCIEBACAAAAAAAAAAAARoSAEAAAAAAAAAAAADAiBIQAAAAAAAAAAACAESEgBAAAAAAAAAAAAIwIASEAAAAAAAAAAABgRAgIAQAAAAAAAAAAACNiZugCAABA7qpXu1q9WtWHefTOdN3b5/HQcTMMVBQAAAAAAAAAg2EFIQAAX76s6WBacLhlzSJDlAMAAAAAAADAkAgIAQD4wtWrVV2wqXa14R599FsOAAAAAAAAAAOT12ra0dA1AACA3OVz7bhIa+1mnfRYCwAAAAAAAAADM3UrVdHQNQAAgNwll8nr1a4m0ur94LF+KwIAAAAAAABgMGwxCgCAsVN7QiEAAAAAAACALxUBIQAAX77NXvvEO3ASIQAAAAAAAGA8zAxdQJ5gZ1uoQll3rW5RqlRxcfGR0THh4ZHJKSm6raegjXWn79pUr1LB0dHewd7WtmBBmUwWGxcfHhEVHhn5xO/V8dMXo6JjdDtpmto1qnzbuqmbq4ujg72dbUFrK8uExKSo6JjwiKjPwaHnL9+45+ObjWGLF3Ur4uqS9Xp0bOzzl2+ljGBiIq9do6qJXK629cXrd1JekIrlS6e9mJmERUS+efdBShkZ66lbU/1mfU+evYxPSBS/PfcecfUqFSwLFMh6XfqDszA3r1mtUtbral8lkddBrejY2A8BnzS+PjmRjbeziEx/a6Hv5LiEhKfPXmV7Fp0PW6JYkY7tW5dxL+HoYGdvV6igjU2qQhEdHRMRGR0cGvbWP+Do3xcio6IljlalUjkbK6us14OCQz98/CRxECcH+zLuJbJeDw4N8/8QmPbnapXLW1laShxQOqVK9Z/o5pnVKpdv37a5q4uTg4O9g51tQRtrhUIREhYR+Onzu/cfX797/+zFm4+fgpRKlc5ry1PSFhFqzBEBAAAAAAAAfAHktZp2NHQNhjegd5cJIwdm+/aExMSAj0GP/V4eO3Xx0ZNn2R7Hwd5u0uhBX39V29HBTmPnyKjoO/89Wrlua2hYRLZnTNe+TbMBfbqUK13KzMxUvGdqquKt/4e9h08eO3VR+vjb1i+pU6NK1uthEZFtOv0kZYQ/Ny2rUVVNapVm8Ohf7z96Kj6Cs5PDhaM71DapVKofeg/7+OmzlErSTJ84vEfn9mqbuvQb9e59gNqm3H7E3Tq2mzl5pNqmBq27S0yy1y+f3bhh3azX/T8Edu47ItNFO9tC//y9W2J56VQqVWqqIio65vot772HTr5666/tCCJy+HbO5K1/QNf+o9K/FPpOjk9IbNyuV7Zn0dWwNapWGvNz/6qVy0mJ2cIjom57P9i265DGdPzG2f021moCwge+fh6jfpFY25WTu+ztbLNef/byTZ/BE9L+fOfiIQsLC4kDaqV2s05ZL379VW2Pft1qVq0oZVKlUvXgsd86z50PfP1yo0L9GO7RR+NWompfKwAAAAAAAABfGFYQ6oCVpWX5su7ly7p3+b7tW/+AOUvW+D59odUITg72s6aOatboK7nACrms7O1s27Vq8k3Lxrfu+sxbvj44JCxbtcs6tGs5YeRAJwd7if3NzEzLl3WfM23M+BED13ruPHLyfPbm1crGVXNF0sHla7doTAdlMlloWMQDX79a1StnbZLL5asXT+/pMU5iPUXdCnfv9K3aptveD9Smg/p5xK4uThIHF2GnLsXRLblcbm5u5uzk0OX7tl2+bxsXn7B5+97dB0/k9rxfsLq1qs2cPMK9ZHHptzg62H3Xtvl3bZvfuuczff5v0hcUZo9cnod2tHZzdVm5YFrVSuWl32JiIq9To4rXhqXhEVEHj5322v2XzteO5xHDPfqwiBAAAAAAAAD44uWhT2y/DKVLFd+5ecXqxdOl39K3R8fzR3c0b1xfenSUTi6XN2pQ5+zhbR59u2l7r72d7Yl9mxfOGC89HczIzrbQrCmjTh/ckr3bpVsxf9rXX9UWat3y54F9h/+WONTEGUsUCoXapvJl3du1aiJxnN8WTVf7sFJTFVNmLct63VCPOL+wsbaaNHrw3wf+KFe6lKFryX9MTEw2rpq7de0irdLBjL7+qval4zvHj9DZsss8rknDuqcObNEqHczI0cFuuEefK9ovnM0LpCR/GpcYAgAAAAAAAPgCEBDmihZNGvyxZqHGbiYmJuuXz548ZrCJida5UUZyuXzssAGevy/QuEFouvp1apz7a1uJYkVyMq9MJiviVvjM4W2NGtTJ4ThC5kwb3aZFI6HWw8fPbty2V/poEZFRO/cfE2qdPW2MiYnmd0S7Vk0qli+ttslzx77YuPiMVwz4iPOdYkVcD+5Y06BeTUMXkp+UKFbkwtEdIgm6RCYm8p/6dPlt0a86qivvatGkwdpls3L4fpTJZP4fPuqoIn3z9Nqvsc9wjz56qQUAAAAAAACAwRAQ5pavalcXOqMujYmJ/OjuDWoPe8ue+nVqHN+7WUrE1bZl482r5+vqrC9zc7MNK+a0b9NMJ6NlNHGUR+cObYVaL/5zc9GqTdqOudZzp9BWitZWlkIH+KUzMTGZNXW02qbQsIitOw/9b2eDPeJ8Si6Xr18+p4x7CUMXkj+4lyx+ZNcGKedZStSyacMdG5flPDzLs2wLFVy5YFo2FvJmtX6L4VcQDvfo43PtePp/W9Ysqle7mk5GZhEhAAAAAAAA8MX7YpOGvGDc8J9EWjevXlCyeFHdzljUrfC2dYvF+1SuWHbpnCk6+Yg8o4UzJ1avUkGHA/48sFf/Xp2FWu/5+E6ZrWYzTyl+mbdSqKlzhzbFiriK3Dtz8kgbayu1TVnrMdQjztfMzEx3/7HyCw5BdcXOttCeLat0vqK0ZrVKFcuX0e2YecfUsUNMTXXwikXHxN68c18XFeVIphivXu1qUjJCiecLsogQAAAAAAAA+LKZGbqAvG724jVZL9pYWxUtUrhk8aL169awsrQUutfG2qp6lQq+T19kbZo2/uevalfXOLtKpYqJjfvw8ZNKJStRrIhtIRuNwV6t6pVnTh65cOVGta0O9nY7NiyVskIoJSU1ODQs6HOIa2Hnwi5OFubm4v1NTORb1y3u0HNoaFiExsE16tuj44hBPwq1Pn/59udxM7M9+B3vh/cfPa1To0rWJrlcvnrx9J4e49TeWLyoW+cObdQ23fZ+8MDXL+MVQz3iPCU8IirjlwUszK2srDR++1lZWg7u133LzoM6rycwKFjoEEohDx/7SehlAPu3/25tJfjDJ51KpYqNiw/8FBwaFm5rW8itsLOLs6NI/+Vrt/g9f63TSrXw8VOwyIJIExOTQgVt1DapVKromFihG1UqlUwmszA3b9dabKHzW/+AS1dv+fg+jYiMcivsUrlCmXJlShUvVqRU8SKZ1lv/deKctL9Q7vL02p91qd+wgX28fWbkfPC0kSWmiQAAAAAAAADyHQJCDU6evSzewaNvt7HDBgi11qtdPWtAWLyoW68u34kP+9Y/YP7y9Y+ePFMqVekXTUzk1SpXnDllZPkypUTu7frDN7sPnnj3PiBr07J5U8R3FlUoFFt3Hjpw9HRE5P9EO/Z2tt07tRvu0Udk/Y2FufmyeVMHj87pMWadO7SZPGawUGtAYNCPQyfmcIpJM5ZcPLZD7d+lfFn3dq2anLt8I2vTb4unq03vUlMVU2b9z/JBAz7ivGOt506vPX9lvW5jY92xfatRg/va2FgL3duvV6fcCAj7/Tw50zd2PjXco49bYWfxPg8fP1u+dsuzF68zfoPJZLKCNtZ9e3Yc2KerpWWBjNdVKtWMBb+duXgtd0qWpGv/USKtZdxL/LVzvdqmhSs3Hjl5XnzwRg3qCC24TElJXbhy44kzl9Kv+D1/feX67fQvu3VsN6hf96JuhWUymVKp+uPPA5r+KgZTr3a14R59xIM9tcliVsM8ehMQAgAAAAAAAF8q9vHLKa89f506/49Qa1F1+1Uunz9VZJWYQqFYvXFH1/6jHvj6ZfpkX6lUPXryrOfAsSvXbRNZCCWXy5fNnZz1eqXyZcTXtL31D/iu59DNXvuyhiiRUdFbdx76tvvgl2/8RUaoU6NKtcrlRTpo1LZl49kCh/zJZLKw8IgeA8cqlcqcTJH21/Hac0SoddbU0Vm3uGzfpplQaLfZa19sXHzGK4Z6xPlCXFz8vsN/N2nf59S5K0J9bAsVbFCvpn7ryjcsLCwG9esu0iEhMXHyrGUDR057+uxVpm8wmUwWGxfv6bW/6Xd9jp/+/3mYUqkaPXW+YdPB3FalUjmhptlL1mRMB7P668S5Dj2H9vQYd9v7wfHTFxMTk3KnRu0IpXfDPHrraoNQNhoFAAAAAAAAvlQEhDpw4rTgJ8vJycmZrtStVa1yhbJC/aOiY7/rOXTn/qPiM+45dOLb7oOjomOEOlQoV7p+nRqZLi6ZIxYpeXrt79p/VHBImEif0LCIngPHbty6R6TPwpnZX97XqEGdZXMFz0eMiY3r2n+0rj6a37B1d6YNMNPZWFtNnzg84xUzM9NZU9WvbQoNi9i261DGKwZ8xPnLzEW/BwQGCbXWrVlVv+XkGzMmDTc3F1z87ff8dYsO/S5dvSk+SGqqYu7StfOWrVOpVKmpCo9Rv+SFQ/VyVVn3kmqvq1Sq85evSxnh5et3IybOmb9c/SrGPGWYR2+RwwilrwuUstAQAAAAAAAAQH7EFqM6UKCA4KadL1+/y3RlyIAeIkONmTpPPKJLFxoWMXLy3D1/rBLqMLh/97v3H6V/aWdbyL1kMaHOz16+kf6R8ZadB5s3qV+1kvqVgqVKFLW3s42MipY4WrraNaqsWzZbKB1MTEzq/tMYkWPGsuGXuSv+WLNQbVPXH77ZvvtwYFBw2pezpowSOmxy0sylma4Y6hHnR7MXr9m+fonaJveSxfVeTv7Qunkjoabk5ORBY35NTkmRONSxUxefPHsVH5/w8dNn3RWYRwkdfimXy8uUKvnqrdja6DxLZLPQLWsW6WQKn2vHNfbx9nksk8k8d+xL+wMAAAAAAACAvI8VhDrQr1cnoSafR08zXalVrbJQ5zMXr2U9sFDE02evRDZprFX9fybq3a2DUE+FQjF68jzp88pksjFTF6SmCm6A2bur4FxCKpUv88fvC4U+wU9JSe0zZKLEXE26ez6+93x81TbJ5fLVi6en/blUiaI/fNtKbbdb93wePXmW6aKhHnF+9PBx5lcvXfFibvqtJX8o417CxtpKqHXmot+1XWL78vU7Y0gHZTJZet6f1S7PFULvcUhRr3a1erWrbVmzaMuaRSIrFwEAAAAAAADkHQSEOWJjY71s3hShnR6DPof4fwjMeKVG1UqWlgXUdo6LT5i5cLW2Bcxesjbuf0+/S2dhYZExQPq2dVOhQdZ67gqLiNRq3ojIqDWbdwi1ftummVajuZcsvnPzCjMzU7WtCoVi0Ohf3r0P0GpMiabMWiZ01F+FcqXbtWoik8lWL56hdl1jaqpi6uzlmS4a8BHnR0qlUuj1t7YSjMGMWZ/uPwg1/ffg8YUr/+q3nPzk9dv3Qk2WlgXmTx9348y+kUP6FnZx0m9dOSJ95bd+pMeEhi4EAAAAAAAAgAZsMarB1LFDs160sirgWtjZ1cW5dKniQltiymSy3zdljtCaN/5KqPONW95KpVLb8pRK5bVb3u0FArlmjb564OuX9ueiRVzV9lGpVLsPHtN2XplMtvvgiYmjBqn96xdxc5E+jpury76tvwmdqaZSqcZMXfDY72U2KpQiKjpm685DQnv0zZo62srKqnQp9XtdbvbaF5slujPgI86P7GwLmZqqD4ZDQsP1Xk4+UL1yBaGmPYdO6rcWWa3qlb2vHJHYWehB683f5/6ZMWmk0DLltF/4GDqg59ABPRMSE1+99r92696JM5d1vnBZ50R2GTWUtJhw6LgZhi4EAAAAAAAAgCACQg36dP8+ezceP33p3OUbmS66uQomZ/89fJK9ie4/fCKUHmWcztxM/bOOiY1TKlXZmzo6Js7OtmDW60JzZWVpYXH4z3VCS+5kMtmv81beuueTvfIk2uy1r3vnb50c7LM22VhbzZk2Wu1doWER23YdynrdgI84P+r0XRuhpg8fP+l8OjvbQkILFrPS7YGXumJnV0io6Y73A/3WIssLsZ90ycnJ/975r+nX9TT2tLK0rF61YvWqFUcN6RcXn/Dk2ctzl64fO3Uh2z8qjVC92tWGe/TJawscAQAAAAAAAKQjIMwVZy5em7t0bdbrhZ0FN6+7dTebMZjIjS5Ojml/KGhjLbTS8WNg9o8fCwj8ZGdbPut1uVxe0MY66+q6rGxsrMU7ZDtU08q0OSu2rtVuT7xJM5eqvW6oR5wfubm6jB3WX6hVZEPIbDu6e4P0zleu3544Y4nOa8ihQgVt1F5PTk6OT0jUezn5zPhfFx3+c53QmmC1bKyt6tepUb9OjWnjhp44e2XNph1SfrLp02avfXltBWGaYR69CQgBAAAAAACAPIszCHPFp6BgtdcdHezUXlcqVQGBQdmb6+Onz0LrWpwc/++quBLFiwjd/vzVm+zNK5PJXr5+J9RUskTRbA+b0Z4/VolsCagr/z14fPf+I+n9b93zefTkmdomQz3ifKdl04YHvdYIrT9TqVQX/jHwcXrFi7oZtgC1ClhYqL0erOWOrG6uLt5XjmT9b+ywATqqNC9SKpXdfxrz1j87B5paWFh079ju6qm9834dmwulZV+92tUMXYJ63j6PDV0CAAAAAAAAAEGsIMwVg/p179ax3ZAxM1699c94XSFwBJ3wOYaSCN2e+v92U0xNFdxW0dzcPNvzitwrfSNHcYVdnH5fMnPstAU6GU3ElFnLLh3faWameb/E1FTF1NnLhVoN9YjzoLKlS1ar/D8LTMuVcXewty3rXqJOzapF3AqL3Pv46Yu8f/abQahU6qNiMy23+jQ1MVGbztarlUfTJl1Jywg3r55fr1Y1kRNkhZiYyDu2b21bqOCE6Ytzp8Avx38PCAgBAAAAAACAvIuAMLfY2Rbas2Vll36jAjOsJgwPj5SVKZW1s1wur1i+9POXb7MxUfmy7kIfc0dERKb9QeQ4twrlSmdjUo33+n8IzPawmTT9ul7/Xp13HTimqwHVio6J3bLzwIhBP2rsuXHbHpE9Bg31iDWysDBPTkmR0lP6EZLiOnzTosM3LbJ37/K1W3RSw5cnMSnJ3FzNA3JydDBEOfmSUqn8edzMwi5OU8YMadm0QTaOUWzRpMHvS2aO/3Vh7hSonWED+xi6BDW8fR6zvygAAAAAAACQl7HFqAbJKSlq/0tJSRVaypPOwsJiz5ZVGa98DgkV6tygbq3sVfj1V7WFmj7/vzVYiYlJQtUWFV3IJU7oXpVKlZiYlO1hs5owcmCNqpV0OKBaf+w4EBYeId4nNCzCa89fIh0M9YjTJCULRoAVyrpLnE5o21KlwOJInbt2895jv5f6mSvfiY2NU3vd3NzMwV799rZQKzgkbMrsZY3a9f590w7fpy+Sk5O1ur1546+GDOiRa9VpIQ9uMerptX/ouBmGrgIAAAAAAACAGFYQatCgdXeR1oI21i2bNvTo2610qeJqO9jb2XZs3/rEmUtpXwYKnE0ok8lq16i8c//RbFRYq7pgchb46f9Pl5SUbGlZIGsfG2srMzNTkT1IhZiZmdpYW6ltSpG2Uk06uVzuuXr+t90HR0XH6HbkTKbMXr59/RKRDpNmLhUfwYCPWCaThQgfRFe+rPv9R0+lTGdbyEbt9dx+8dP4Pn0x7pc8sTArb4qMihHanbVRgzqnzl3RZzFxcfGLVm2S2Hnx7Em5XE52JCcn/7nv6J/7jspksjLuJTp91/rr+nXcSxRTu0wzk749Om7deUgvZQrKm+kgawcBAAAAAACAvI+AMEdi4+JPnr188uzl4R59hnn0VttnuEfv9IDw7MVrwz3UbwfXuEHdgjbWIntXqlXQxrpJw3pCrWcvXU//81v/gMoVy6rtNm3cz9I/5U83ZcwQoabX7z5oO5pMJvN78bqom6udbUG1rZaWBXZ5rujYZ3g2RpbO59HT0LAIZyf1uzUGBAY9evJMfAQDPmLxgLCMewmJMwodLRkRGSVxhGx74Os3eMyvuTd+YmJSSmqqxM7vA3S2Ta4O3fZ+IPRGHjn4Rz0HhC/f+J+5eE1i52njhwm9u/OIN+8+rN64Y/XGHTKZrGL50gN6d2nXqonIBqT2drZODvZhkrf5zQ15Z39RT6/9MpmMaBAAAAAAAADILwgIdWOz177vvmleoliRrE3OTo7pf/b/EBgTG1eooJoVWubmZmuWzRo8Wrt0ZPXiGUIrXeLi4t+9D0j/8sSZS0K5QreO7fb99fcbbVK9Mu4lenRuL9T691mtU4oXr97+OGRi8aJuR3dvNDNT/4l8iWJFls6Z/Mu8ldoOrpW1njvnTx+ntmnluq0abzfgI06LMIXGqVShjJTpKpUvI3TeYWiYhv1XcyIuLn7mot//uXEn96aQyWTf9Ryqh5gzV+0/csqjbze1TUXdCg/36ENCoxPPX76dseC3ecvWjx/+U+9uHYTeFOXKlgrzNmRAKGLouBnePo+FWn2uHZc4Tu1mnXRXFAAAAAAAAIC8gjMIdebFq7dqr5ubm2VMvO54PxQaoU6NKq2bN5I+Y+tmX4vsL3fnv0cZvzzy9wWhYwjlcvmGlXOlzyuTyTasmCP0iblKpTry93mtRnv3/mOfIRPT8q2JMxaL9GzXumnXH77RanBtiazwi41LkDKCoR6xTCb78PGTQqF+t9jqVSqqDbAzmfPLGKGmW/ceaLw9246fuZTb6eCXITgkLDxCMOMc+lOvnJwqikySk5OXr92ydZfgPqKlS6rfXFo/6tWuJvTzwdNrv0g6KH1j0rR1gQAAAAAAAAC+PASEOuPoYC/UVMT1/39kv2n7XpFBFs+aULtGFSnT1apeefHsiSIdNm37n4mSk5MfPXku1NmtsPPqxdNNTDR/P5iYmPy26Fc3VxehDo/9XiYmJmkcJ11gUHCPgWOUSmXal9dveYsvgZoxaWT5su7Sx9c/Qz3iNB8+ql9EKJfLF80SGy1txkrl1S80VKlUV/+9K3571lve+gdk/C8lRXB7zz7dvheaGpkcO3VBqMnERL7Tc0Xxom76rSg/8Vw9f/HsSRYC++iqdeuuj1BTfEKijurSJY2nAErcmNTb5zELUgEAAAAAAIAvFQGhbhR2capWuYJQ6+eQsPQ/v3n34ead+0I9LSwstq9fsnj2JJGszsTEZNGsiV4bllpYWAj1ue394NVb/0wXp81ZLrSIUCaTtWjS4MrJXeLZVa3qla+c3NWyaUOhDiqV6pe5K0RGyKpLv1Gpqf+z6M3Ta7/IS2RiIvfasNTaylKrWfTJgI847brQLdWrVJg4ykOotVL5MmuXzRJq/Rwcmh7iSrTuj11d+4/K+F/91t3u+fiq7SyXyzevni8losaGrbvj4gUXszo52J/Yt3n8iIHigwht5Ptlq1i+dP26Ndu3aXb9zN5+PTuamKhfBp1Jry7fCTWJ/NaFHqjN+XSY6nnuIB0EAAAAAAAAvlh8HK8D9evUOPznOqGD4hQKRXJycsYr0xf8plQKBnUymax9m2ZXTu4a0LtLGfcSGa+XcS8xoHeXKyd3fde2ucjtSqXq13mrsl7/HBJ29tJ1kRttCxXcvn7J6sXTWzZtmDGBs7aybNm04W+LfvXasNS2UEGRES7+czMwKFikQyZR0bGZXpw0Y6bN/yQ8jo211Y6Ny6TPon+GesQymWzz9n0iMXD/Xp3PHN6Waa2etZXlrxOG7d36m9qjE9PsPnhCpB7pxk5bkJCoftGVnW2hJXMm6WSWL5tSqVq5bptIB7lc/lOfLuePePXt0THTN5iNjXXzxl/N/WXs0d0bc7/SPGfauJ/T/mBhYTFp9ODbFw6vmD9NZOmqmZnpwpkTvmnVRG2rSqXKdAionqndKVRjqieyMWlG3j6PRTYpBQAAAAAAAJDfqc+0kG76xOFqr5uYmDg7OTo72ZcsXlQkVpHJZB8/fc50JSo6ZuX6rVPHDhW5y7ZQwQkjB04YOVCpVCUlJyUkJNnb2Upc77Jm85+RUdFqm+YuXdegbk1HBzuR21s0adCiSQOZTJaYmJSSmmpuZmZpWUDKvFHRsbOXrJHSM12qQv2ek0qlqs+QiWcPbxOaunxZ9xmTRixatUmr6fTGgI84Kjrmxu3/mn5dT+het8LO+7atVipVMbGxSUnJ9va2GrdbjE9I3HNINwFhYmLS5FnLNqyYo7b1m5ZNjp++JLL+Ms+ytrL8759jWt3yIzxi+gAAIABJREFUxO/FgBFTszfdsVMXundqV7VSeZE+Ls6Ok8cMTsuxomNik5NT7O1shX6PwRg42NvVql454xVzc7M2LRq1adEoNVXxPiDw+au3wSFhIaHhMpnM0cGuWpUKNapUFPnp91zg3Fm98fTaP8yjd6Yrukr1WD4IAAAAAAAAfNmM98NiiXp0bp/DEVZv3JH14r7Df5cpVaJ7p2813m5iIreytLSylLqj5vHTl3buPyrUmpyc3GfIhJP7NovsXZnO0rKApUxSNCiTyZJTUnoPHq/V6YPioqJjBo+dvmvzSqHMrHunb719fM9dvqGrGXXLUI9YJpMtXLnx9MEtpqZie0iamMjtbAtJnHGd506JPaW4eef+hSv/tm3ZWG3rqgW/tOzYX4ffSHojMdxNZ2NjnZPpBo6cdubQNmcnB4095XItnvUXbMrYIXK5+mdkZmZaxr1EptWWGi35zVNHpWXTZq992dhNVMoBhDoMGgEAAAAAAADkTWwxmruCgkP/uXFHbdOiVZtu3vXR7XT3fHznLl0r3ic4JMxj9K+Zjv3LIYVCMXTszKDPITocUyaTPX32asGKDSIdFs2aWKJYEd1OqkMGfMS/zle/AWk2XP333v4jp3Q1Wppf5q2Mio5V22RpWWD98tm6ne6LlJqq6DFwrMhhhNlTVfgs1XzNzMy0bQv1mXT2PHv55tGTZzocUG+k7C+qq1MMAQAAAAAAAORZBIS5KDIqupfHOJEOoybP3b77sMiJcVrZffDEz+NmSun59NmrTj8ODwuP0Mm8kVHRXfqNyqXPyo+dunD07wtCraamprs8V2jcIdOADPWIL1z59899YqsMJfL/EDhxxqKcj5OJUqkcPWWu0MtSt1a1zh3a6HzSL09kVHS7boNevvHX4ZhnLvyjw9Hyjkrly5iZia2p1UpgUPBPI6bpajR9kpIOenrt10stAAAAAAAAAAyJgDC3BAQG/dB7WHSM+mVS6db9sWv4hNkJiYk5mSs5OXnM1Pmr1m+TfktgUPA3XQddv+Wdk3llMtnd/x627TLww8dPORxHxPzl6/1evBZqtbMttGXtwtybPecM9Yh/37Rj3rJ1SmX2s8lLV2927jsiJyOIeOz38tCxM0KtMyaNdHKwz415vzBxcfE9B449ePR0zkPox34v23T6aeai33VUWt7y2O/lTyOmBYeE5Xyot/4BXfqOTE5O1kVd+qZxf1Fvn8csHwQAAAAAAACMAQGh7oVFRM5ZsvaH3sNi4+Kl9L97/1GTb3tv2r43GxlScnLy9t2Hv/6m143b/2l7r1KpHDttQbcBo32fvtD23rQd9voMnjBswmzd7laq1sCRv0RFxwi11qhaaeywAbldQ04Y6hEfO3Wxx8Ax2VhhFhUdO2fJ2smzlml7o1aWrPYUCmzMzEy3rNX9ysUv1ZLVnu27D7551ycbMaFKpfJ9+mL4xNn9h00Oi4jMnQLzhEdPnrXrNmjRqk3+HwKzN0JycvLi3zZ37T8qOSVF19XlFZ47SAcBAAAAAAAAo2Bm6ALyhODQ7C8rUSpVCoUiOjY24GOQ79MX+w6fDAwKzsYgf+w4sHXnwV5dO7Rv07xi+dLi22ampKS+eut/9uL13QePK5XKbBcvk8nevPswYPiUMu4lBvXt1qBeLWcnB/H+YRGR3j6PvfYcfv7yrfRZIiOjc1JkcnJy36GTju3ZJLRJ4MAfu27ctkcnUeXnkNCcD5KVoR7xm3cfeg4cW7F86SljhlStVN7SsoBIZ4VCERD4eduuQyfPXpY4fkJikkqlksvlWZukrNb6efzMI7s2mpioub10qeI1qlbKxta1Im9nhSKn3yE5/E7WdljpifLnkLBRk+c6OzkM8+jTqH7tIq4uah9KupSU1I+fgq5cv7Nt9+E4Tb/KkJiYaGNtlfV6UpIWq+hSU3MaqkUIv/hBwVLftoePnz18/KyTg/2Qn3p+/VXtom6Fzc01/DuoUChevvE/ff7qgSOn8nU0WK92NfEtRr19Hnv7PNZjRQAAAAAAAAAMRl6raUdD1wA1KlcsW69WdTdXZxcnx4IFrZUKZWJSUkho+KfPoQ98/XLpwD+ZTGZpWaB1s69LFCviWti5sLNjSmqqubl5aFj455CwgI9Bl67d0pglQCKDPOKiboXbtGhcvKirg72dvZ2tmZlpVHRsRGRkSFjErbs+Po+e5sak0D8zM9PmjRuULV2isLOTi7OjnW2hpOTkiMjosPCIT0HBV/+9l6vbAucvbq4uzRt9VbRIYQd7O0d7u1SFwtraKjw8MiQs4nNwyOu3H27d8zF0jbpRr3a1LWvEFuYOHTeDgBAAAAAAAAAwEgSEAAB8+basWSSygtDTaz+nDwIAAAAAAADGgzMIAQD48onvL0o6CAAAAAAAABgVAkIAAL5w4umgp9d+PdYCAAAAAAAAwPAICAEA+MLVq1VdqMnb5zHLBwEAAAAAAABjQ0AIAMAXbrPXPm+fx1mve3rtHzpuhiEqAgAAAAAAAGBI8lpNOxq6BgAAAAAAAAAAAAB6wgpCAAAAAAAAAAAAwIgQEAIAAAAAAAAAAABGhIAQAAAAAAAAAAAAMCIEhAAAAAAAAAAAAIARISAEAAAAAAAAAAAAjAgBIQAAAAAAAAAAAGBECAgBAAAAAAAAAAAAI0JACAAAAAAAAAAAABgRAkIAAAAAAAAAAADAiBAQAgAAAAAAAAAAAEaEgBAAAAAAAAAAAAAwIgSEAAAAAAAAAAAAgBEhIAQAAAAAAAAAAACMCAEhAAAAAAAAAAAAYEQICAEAAAAAAAAAAAAjQkAIAAAAAAAAAAAAGBECQgAAAAAAAAAAAMCIEBACAAAAAAAAAAAARoSAEAAAAAAAAAAAADAiBIQAAAAAAAAAAACAESEgBAAAAAAAAAAAAIwIASEAAAAAAAAAAABgRAgIAQAAAAAAAAAAACNCQAgAAAAAAAAAAAAYEQJCAAAAAAAAAAAAwIgQEAIAAAAAAAAAAABGhIAQAAAAAAAAAAAAMCIEhAAAAAAAAAAAAIARISAEAAAAAAAAAAAAjAgBIQAAAAAAAAAAAGBECAgBAAAAAAAAAAAAI0JACAAAAAAAAAAAABgRAkIAAAAAAAAAAADAiBAQAgAAAAAAAAAAAEaEgBAAAAAAAAAAAAAwIgSEAAAAAAAAAAAAgBEhIAQAAAAAAAAAAACMCAEhAAAAAAAAAAAAYETkKpXK0DUAAAAAAAAAAAAA0BNWEAIAAAAAAAAAAABGhIAQAAAAAAAAAAAAMCIEhAAAAAAAAAAAAIARISAEAAAAAAAAAAAAjAgBIQAAAAAAAAAAAGBECAgBAAAAAAAAAAAAI0JACAAAAAAAAAAAABgRAkIAAAAAAAAAAADAiBAQAgAAAAAAAAAAAEaEgBAAAAAAAAAAAAAwIgSEAAAAAAAAAAAAgBEhIAQAAAAAAAAAAACMCAEhAAAAAAAAAAAAYEQICAEAAAAAAAAAAAAjQkAIAAAAAAAAAAAAGBECQgAAAAAAAAAAAMCIEBACAAAAAAAAAAAARoSAEAAAAAAAAAAAADAiBIQAAAAAAAAAAACAESEgBAAAAAAAAAAAAIwIASEAAAAAAAAAAABgRAgIAQAAAAAAAAAAACNCQAgAAAAAAAAAAAAYEQJCAAAAAAAAAAAAwIgQEAIAAAAAAAAAAABGhIAQAAAAAAAAAAAAMCIEhAAAAAAAAAAAAIARISAEAAAAAAAAAAAAjAgBIQAAAAAAAAAAAGBECAgBAAAAAAAAAAAAI0JACAAAAAAAAAAAABgRAkIAAAAAAAAAAADAiBAQAgAAAAAAAAAAAEaEgBAAAAAAAAAAAAAwIgSEAAAAAAAAAAAAgBEhIAQAAAAAAAAAAACMCAEhAAAAAAAAAAAAYEQICAEAAAAAAAAAAAAjQkAIAAAAAAAAAAAAGBECQgAAAAAAAAAAAMCIEBACAAAAAAAAAAAARsTM0AUAAAAAAJDPJCYmHTx22ueR36s3/gGBQWXcS5QrXap5k/rftm5mYiI3dHXQn8d+L4/+ff7lG/83b98XKGBRrnSpiuVL/9j9BzdXF0OXBgAAAIiRq1QqQ9cAAAAAAEC+4fPo6a/zVn4OCcvaVLVS+WXzphQr4mqIuqBXqamKZWv+OHz8rNrWiaM8+vfqrPeiAAAAAKkICAEAAAAAkOpTUHCPgWPj4hOEOlSuUHbHxqUWFhb6rQv6tn7L7m27Dol0WLlgWuvmjfRYEQAAAKAFziAEAAAAAECq1Zt2iKSDMpnM78Xro6cu6rEiGMDLN/7i6aBMJpuzZK1SqdRXRQAAAIB2CAgBAAC+WCkpqaFhER8/fY6JjWPfCADIOaVSefPOfY3dfJ8810s5MJiHj59p7BMXn/A+4JNeygEAAAC0ZmboAgAAAKAbcfEJ9x8+ufvfw2cv34SEhoeGRWRa4+Lq4lS4sLOLk0O5MqWaNKhbtXJ5ExN+XQzIN16+8X/x8k327pWbmNjbFnKwt7O3K2Rvb2tlaanr6ozFp88h4ssH0/i9eK2XcmAwoWHhUrq9ex/gXrJY7pcDAAAAaI2AEAAAIH+Ljok9fvritZv3vH0ei/f8HBL2OSRMJpNdvnb7jx0HbKyt2rZs0qJJ/QZ1a1paFtBXvQCy6dbd+6s37tDVaLWqV27V7OumX9d1L1lcV2MaA2srSdmqbaGCuV8LDEliym5tbZX7tQAAAADZQUAIAACQX0VFx+z7629Pr/3Zuz0uPuHYqQvHTl1wdXGaNHpwmxaN5HK5rmsEkEc98PV74Ov324btxYu6fdOqSe+uHVycHQ1dVD7gYG/n6GAXHhEl3q16lYr6qgiG4exoL6VbxXJlcr8WAAAAIDsICAEAAPKfpKTkbbsPb/nzgE5G+xwSNnXO8lrVK08ZM6RKpXI6GTNf+xQUvGHbXqFWczOzscP6O9jb6bcoILcEBAZt3334wJFTY4cN6NaxnampqaEryuvat2m+59AJ8T7NG3+lr3LUu3XP59T5q0KtboWdRwzqY4TPesGKDUnJKUKtvbp8V71KBYlD1a1VTWOferWr2dmylhQAAAB5FAEhAABAPvPx0+cps5bp/ICrB75+fX+e1LdHx4mjPIz8bMKY2LhT566IdGhYr2a71k31WBGQ6+LiE5as9jx26uKsKaMqVyxr6HLytFFD+9647e3/IVCoQ+9u30tJj3LV+4BP4j/HenRu7+ripMeK8oQjJ8+LtFpZFpAeELq5usz7deycJWtF+syZNkbLAgEAAAD9MeqPfgAAAPKd67e8e3mM03k6mG7PoROzF69RKBS5ND6AvMzvxesfh068//CJoQvJ06wsLTetmie0RvDngb0mjPhJ70XBADq2bz176mgbdacMli/rvvuPlcWLuhmiLgAAAEASVhACAADkG3sPn1yxdmtuz3Lq/D+JScmLZ0+0MDfP7bkA5EFjpy34c9PysqVLGrqQvKuIW+Hfl8y8+9/Dh0+ev333wcTU1MqyQOlSxRvVr+Nespihq4P+dPm+bcumDS5evfXOPyAyOiY5Odm9RLHyZd1bNWtohDu4AgAAIH8hIAQAAMgfLl29qYd0MH2uyTOTf18yw8j3GgWMU1x8ws/jZ+7burqw8W1BqZX6dWvWr1vT0FXAwOztbLt3bGfoKgAAAACt8YkPAABAPuD79MXkWcv0OWN4RJRKpdLnjADyjvCIqHnL1hm6CgAAAABAbmEFIQAAQF73KSh4xMTZWt1iY23VomnD6lUq2NvZ2tsWSkxKCgmLCA4OvXH7PynnF9avU+O3xdPZHg3Idzp3aJv1Ykpq6sfAoPcBgeERUdKHunnX5+Xrd+XLuuu0QAAAAABAnkBACAAAkNet3rQjLj5BYudWzRoO7NO1auXyancHHTmk7/uAwPOX/92x9y+hMVs1a7hk9iQLC4uMF5VKpUKhFJnXzMxULpdLqVB8KFNTE233NVUqVR8/BUVGRkdGx0RHx0RExaSkpDg62Ls4Obg4Ozo5Otjb2ZqYSKrNUOLiE0JCw0PDIoJDw0LDwuVyeWFnJxdnRxdnR2cnBytLy2yPrFAolEr1K0HlcrmZWeYMODklJTg4LDgsPDg4NDg0zNTUtKhb4SJuhYu6FbYtVFD6vKmpis8hoZ+DQz99DlEoFPEJic6OaY/DvlgRV4nfKtpKTEwKCQsPDgn7HBIWEhpuamrq6vJ/X0YXJ4dM39LSpaYqhFbTmpjIs+boKpUqPDIqPDwyJDQ8JCwiPCKyX89O5ub6+H9eY4cN8OjbTaRDckqK//uPf+4/durcFSkD7j3895xpo7NXTC49DnEKhSIsPDI4NDw4JCw4NCwhIdHRwb6wi6Ozo0NhF2c728zfw9q+QdIplapURapQq6mJiba/YJGckvIh4FNUTGxUVHRUdGxUdIxcLnN2+r8vl5OjQ6GCNloNqHP6eSMEh4QFBAbFxMbFxMTFxsXFJyRaWhYoaGNdqKCNnZ1tudIltfpBpAcpKakqmeBqe3Mzs2z/uFMoFOERUaFhEcGh4SFh4dHRMXa2hQqnvYmcHBzs7bK9B7hKpUpNVQi1mpqaZv0XMykpOTg0LCQ0PCQ0PCY2TiaXW1kWcHF2dHZ0KFbEtUCBXHk7AwAAILcREAIAAORpDx8/u3DlXyk9K1coO3PyyCqVyol3K1m86JABPTp913r1Rq8zF69lau3coc3MySOzftR78uyVuUvXigx7dPdG95LFpNS576+/V67bJtTq6uJ0dM9GKZFYWHjEnf8e3fF+eOnqTY0BqquLU4niRWrXqNqwXs3qVSpm+pBaoVA8fPI8/Uu/56/ER7vt/dBF3dls5qam1atW1Fh5uhev3p6+cPXk2cvi67ocHew6d2j7XdvmZUuXlD54mjlL14lEQZ6/L6hfp0ban/2evz5x5tLJs5eFXkwba6v+vTr36Nze0cFOaMDklJTLV2/tPnjiybOXQn1cXZy6/tDum1aN3UsW1/Jvo17Q55BT5/85dupiQGCQSLfqVSt26dC2dfOvtQ0Y2nXzEHpANtZWJ/Z5pr8gQZ9Dzly8duTk+UyV9OzynX4CQo0szM3Ll3VfOGP8oL7dVq3fdvOuj3j/Y6cujB7a18nRQfoUuf041FIqld4+vn+f++fk2csi3erVrtapfZuWTRvY2FinXZH+Bslk6Njp9x89Fbqxc4e2EoPVt/4Bd+8/unX3/tV/72nsXKpE0ZLFi9avW7NB3RrlypTKlDxFRce8fvch/ctbd++Lj+bt41vErXDW6w52tqVLqXlv5tIbQaVS+T1//e/d+0/8Xvg+faFxkWupEkVr16jyTasmDerWlJKQ+b14nZCYpLFbmus3791v21xtU5UKZS0tC2S6ePf+o2HjZ4kMeOrglqLqXmQR8QmJV67fPnH60t37j8R7Nm5Y94dvWzVv9FXWwsT5fwjs0m+kUGudGlW2rV+S9meFQuHt8/jkuSviv1LQsX3rb9s0/ap2DZFMHQAAAHlQnvi/qQAAAFBLpVKt2rBdSs8O37SYOXmk9E8JXZwdF8+e1KrZ11Nm//+jDfv36jxh5MBcWt0l0eeQsPj4BPGA8HNI2Pbdhw8ePa3VsJ9Dwrx9Hm/584BMJuv6wzf9enZK/xB898ETv2/aIX20Y6cuHDt1Iet1G2urG2f3a7w9Lj7h5NnLR06ef/n6nZTpwiOitu8+vH334coVynb5vu3337bMyZrCjN4HfKpfp8Zjv5fzl6/XWExcfMJmr32bvfb17tqhf+/OmT71joyKPnz83L6/Tmr8fP9zSNim7Xs3bd/bvPFXs6eOEYkbxalUqsvXbh05eV5jypXG98lz3yfP5y9f375Nsz7df6hepUL25s0oLj4hIjLK0cEu4GPQktWbJVaSF5RxL7FiwS8/Dpng/yFQvOeN2/c7fdda44CGehyJiUk79x87cPSUlN1TvX0ee/s8lslkg/v3GDGoj8ZFfmlvELVNz1+9zV7B6Z48e7lx6x6tvmf8PwT6fwi8fss77fcGenft0KNze3s727TWGQtX/3v7P+mjzVy4Wu31dq2bLp0zWfo42X4jBAQGnT5/9eTZy+JZciZpL8KxUxddXZz69+7cq0sHkVDK98nzASOmSh/8c0jY4NG/qm36a+f6Mu4lMl18r+ntoxXfJ8+P/K3+Hxe1/r39X9oT79axXdfvv9H460ESpX9vHz99aa3nn1LeWSfOXDpx5pKjg93iWZMa1KupkzIAAACgBwSEAAAAedeV63d8M6xsE9K7a4ep44ZmI9hr06LR5t/mD584WyaTjfm5/6B+3bNbqZ6oVKrtuw+v37I7h+McOXn+yMnz3Tq2mzl5ZNqn2zoqUDPfJ8+nL/hNqw/E0/m9eO332+s9h04smT25csWyOqhGpTpw9PTS1Z5a3bT/yKmTZy97bViafjrdi1dvR0yao9X5djKZ7Oq/93oMHJO9D5TDI6LmLl2blpRo68zFa2cuXhsx6MfB/bvr5KDNW/d8psxaps/vIp2wtrJcPm9qr0HjxbsFBn3WOJShHsezl29+mbtCY8aZ1bZdh3wePlk6d4q2N+pEXHzCghUbzl26npNBwiOiNm7bu3Hb3nm/ju3YvrVMJouOidVdjdkh/Y0QGRW9bdeh3QdP5GS6zyFhK9dtO3Xun3nTx5UvU0ptn/iExJxMoTfJycnrt+zedeB49m7/68S5v06c8+jbbfigPhbm5jmvJzYufvGqTVn3GBAXHhE1fOLs/r06jx7aN5f2EAYAAIBuZXPPegAAAOiB+HZ5aerXqTFp9OBsL/trUK/mzs0rVsyflvfTwaSk5FmLfs95OphOz2slFQrFlj8PDBgxNXvpYDr/D4E/Dp3otecvhULwECmJFq3apG06mCYuPsFj1C+v3vqn5Xy9Bo3XNh1Mk/aB8sV/bmp1193/HvYYOCZ7cVS6Tdv3Dhk74+MnzemXOK+9R0ZOmpvv0sE0FcqVTsuWRHz8FCzewSCPQ6lU/rnvaJ/BmldACrn/6GmXfiMf+vpl7/ZsCwoO9Rj1Sw7TwYwK5I0kRvob4dyl69/3+jmH6WA6vxevew4ce+2m5g1a86xXb/37DJmY7XQwndeevwaOmPbWPyCH48TFJ/QZPEHbdDDdrgPHRk2Zl/N/ngAAAKAHBIQAAAB5VGJi0j837oj3sbG2WjJncg5P/alepUKbFo1yMoIeKBSKSbOWnjr/jw7H7N+rkw5HExcXnzBk7IyN2/bqasC1njt/HjczIdFg62Pi4hMGjpi2ZLXn+F8X5nCouUvXSk+GvPb8NWzC7OzlkZk88PXr5TFO4kavQsSP5sr7KpYvLd7ho2iebajHsWLtVq22BVYrLj4hh2m9tsLCI/oOnZjDb7mMXF2c8shPb+lvhA8fg3QeqI/7ZaGU1fZ50LlL13v8NPZNhsMjc8Lvxeuu/Udduqrdr1xklcP3hbfPY08vzbttAwAAwOAICAEAAPKou/cfaewz8Mdu2T7CLX85e+m6VsdrafRNyyYlixfV4YAilErV7MW/P9D1WqX7j57OXbJOpVLpdljp4uITtDoJUmScX+evSk3VvOLk8rXbaz135nzGjFOPmTo/KtrAezMaULnSJcU7vA8QXKJnqMdx9O8L+4+c0uG8erN+yx6dhKnphgzoqZNtcvWpZ5f2NtZWOh92xKQ5UdExOh82V/k+ef7LvJU6H3byrGVPn73S+bBa2bLz4M079w1bAwAAADQiIAQAAMijNO6ZZmNt1adbB32VY0jJycnrdJpDyGSygT921e2AIv74c//la7dzY+TzV25s3304N0bWM98nz89d0rCj3Vv/gEkzl+h86s8hYTMW/qZUKnU+cr5QoEAB8Q5JSclqrxvqcTzw9Zu/fL3O59WDN+8+HDt1QYcD2lhbfd+upQ4H1A/bQgUH9++h82Hj4hN27j+m82FzT3BI2Pjpi3Jp8DHT5oeFR+TS4BLNX75eqTTY768AAABACgJCAACAPMrbx1e8Q9uWTWxsrPVVjiGdvXT9c0iYxm6ODna1qldu1azhNy2b1KpeWWRtZcN6tSpXLKvrMtW7+M/NXN1sbf2W3Vf/zcfnb6U7feGqSGtsXPwEyR+m16peuX2bZt+0bFK9akUp/f+9/d+WPw9KHPwLo/HEsqJFXLNeNNTjSExMyo1UUj927D0ipVvxom7169T4pmWTVs0aVq5QVmSx3eD+PSwtNeS7eVPPLt/lxiLC7bsPGzwVkygxMWnijCW6XU6aUXhE1ORZy5JTUnJpfCk+h4Q9fKzvMz4BAACgFTNDFwAAAAD1/D8I7uyXpnGDOvqqxcD8nr8W79CiSYOBP3atXqWiiYk843WFQhEaHvn46fMrN+7+c/12+sFXHv26Zewml8t0wrWwc6YriYlJc5eulXh7q2YN69Ss6uriLJPJgoJDvX0eSUz+5i9fd/bwdnNzHfxvextrK/eSxZVKpd8LDa+5xnFKFi9qYmLy5NlLibfcvOsTGhbh7OSgtnXXgWMa3xGlShQd1K97mxaNra0s0y9Gx8SevXjNc8d+8c/iN3vt69P9e9tCBSVWqxVTk7z7e5kvXr8V76B2J15DPY5zl29Iz1SaN/6qXu0ari5OFhYWEZFR7wMCT5//R8qvGuSSR0+eiXfw6NutY/vW7iWLZbqemJgUHBp2777vlRt3Mu603K1ju4zddPVt5iLwHsy59AptrK2GD/px1fptmTrUr1OjXu1qNatVKuzibGdbUKFQBoeEfQoOefrslcSl0leu3+ne6dtcqF1mZ6vLHw6Hjp+V+LPR1cXp+29blSxexM62UGRUjP+Hj8dPX5TyLnjg63fi9CVdvRppP9ILFLB4+fqd9CMkT1+4WrtGFZ0UAAAAgNxAQAgAAJAXJSQmauxTt1ZVvdRieK/e+ou0tm/TbOHMCSbqPhw3NTV1dXFybd6odfNGcfEJh4+f3fLnAfeSxevXqZGx24hBP452k2+iAAAgAElEQVQY9GP6ly9eve01aLzIjEvnTG7XuqmUys9fuSHls9RuHdv9/FOvwi5OGS/269kx6HPIxm17T569LH57eETUPzfutG3ZWEpJQhrVrz2gd5ev6tRIC1mVSuXrdx8Wr9qk7dGJdWpUGdi3W6P6tdOORlMqVf4fPi5d7SnlTM1L12716vJd1uvJKSl7Dp4Qv7dd66azp47OmEWlsS1UsGeX79q2bDx9/m+3vR+IjHDm4jW1s2vFxtqqXeum7iWLu5csVryom0qlMjMzzbPLvCKjos9dui7ep0Qxt0xXDPU4VCrVnkMa5k0zqF/3/r062dvZZro+5uf+Po+ezl++XmO6qXMpKanik86YNEIoy7G0LFCyeNGSxYt269juU1Dwjn1HDx497dG3W6YA1WvD0oxfHjh6eulqT5EZz/613fV/f+bokMY3QveO7bz2HE4Pun74ttXQn3qWKFYk0zjOTg5VKpVr3ezrH7t/v3XnIY1nT972fpjxZWxQr6bPteMZO9Ru1knk9u6dvp0xaYQ2f9HsUCgUew4e19jN0cFuzrQxTRrWzfSv26ghfa/+e2/24t81/uOy++Dxbh3byXP2KzDt2zTr+kO7OjWrpJcRFhF55OT5jVv3aLz3zIWrk0cPLlDAIicFAAAAIPcQEAIAAORFUtYHONgLbqH5hXnz7oNIa+vmX6tNBzOxsbb6qU+Xnl3aJyQk6bQ6QSqVaremHEUmk837dWzH9q3VNrm5usyfPq5GtUqLVm4UH2Tv4ZM5CQhHDuk7uF+PjOsvTUxMypcptXXtog1b93jt+UviOP17dR43fEBaNPj/xpGXLlV802/ztu06tHHbXvHbnz57pfb6lWu3xT8Kb9280ZLZk0Q+B3ewt1u3fPbQcTNE8s59h0/27Nw+Jx+m//Btq3HDBzg55tYCLN1SqVRzl67V+KOmiKtLpiuGehw+vn4vX78Tr9bG2mrTqnlCe5nK5fI6Nase2L5m6e9/6PY4QI2CgkPEO7Rt2UTKOEXcCv86Ydiwgb2trPJo6izxjWBpWeDngb2XrvZs17rpsIG9S5cqLj6mk6PDtPE/x8TFnzp3RaTb7Xs+CoUi44+gPOj6LW+NK1lrVa+8csE0ta+hqalpq2YNq1XeMHHGEvFliP4fAu/df1S/bs1sl7pi/rQ2LRpluujkYD90QM+mX9cb/8tC8b9IXHzC+4DA8mXds10AAAAAclXe3esGAADAmGn81D73Vn7kO5eu3lIqlRI7W1laipxNqFs+j55qzDPGjxgolA6m696x3TCP3uJ9Hvj6PXv5RvsaZWmLZoYO6Jlpd9Y0pqamo4b0LVVCzSaTWbVt2XjiKA+1H82bmJgMGdCzcgUN5z6GhoWrvS6+bMjRwW7WlFEagz0zM9NFsyaKnHzm/yHQR8vlkhn9sWbh/Onj8ks6mJKS+seOA1L2sK1bq1qmK4Z6HOLJUJq1y2ZpPOnw/7B312FRNHEcwBdQiROQEkRQBBEQC2wBEQslFAywFbu7C7u7W1+7CxNQDBBpJAVBUZQUFOQApd4/Fve99+7Y2wsE5Pt53ud9lr3Z2dmaO+e3MyMrW2/lwmndOpkJzE2CBJ4Qz6cCunJyUlVRlpfj7p1ZTTB/EAY59H147cQW94UCo4OUxbMn0lfg7PyCKhxFliGBHWFVVZT3bF5Bfw4baqjt2bxC4FSOV249EKmMBPk08UYHKcaG+ovnTBaYSeXNswgAAAAA4kOAEAAAAKA6+vnzF32CajtoYWXgOwsa5aH3i1GTF1687pGW8fUPFkqwR4IGb+xg1mq0qxOTrCaNcTE1NqRP4+XjJ0zpyqmqKM+dOpYmgYyMzLQJI5lktXTuFJpPpaSkZkwUkA/fK5ialkE/zOmYYc4MpwfT1mo4yLEvTQJf/2Am+fCaPnFkR7PWom37h5WUlNz3fOY4bPKR05cEJrbo0t6gWRPONVV4OZI+fqbPcPI4V/O2jAZelpGRWb9iHpOUkqIuKGC2adeRucs2PPB6nsfO/1OFkjyhHoS6deto8fRPpaekWN+ujzV9mtwfeULl+YdlZGYFh0XRp9myZpGykqLArNTVVDaumk+f5umL12yR7qjBA2ytunagT2Nj1VlgPP5r9jcR9g4AAAAAfwaGGAUAAACojgS2sH/NqkWNbg3VBXSXjI1PjI1P3L7vhKGBnrGhvkGzJs2a6jRrqtO4kRbfjnF/RvLnVPoEo12dGBZPRkZm+BCHlRt206T5/CVNyAISBEHY9bFmsRTo0/S27iowH3tbG4FdMy26tGcpyNOMTpnOL0CYkpZBn61tT0ZjM5IcbG3OXalw9i+B++Krqa722OHOImwocXceeOtoc08ZSM7iKVuvXmp65ucvafGJH5j36Rntwj1hWxVejqTkL/S5DXa0Zb5rVRVlJ/s+f2ygUTk5WfqbnyCI535BZJ9O8zYtmxvo6evpNmuqo99UV12tZnRL/TMPgkGzpvQJcnN/VHYZxCHwCTI00GMeZLXq2lFTQ42+02RqRmZzQSeNl+sge4FppKSkXJ36R0bH0aTJQoAQAAAAoBpDgBAAAACgOhI4vyA7v6D6z7QkKd27dfD08WWS8l1iEueoniwFeVNjQ1MTQ5MWBt06mQmMhEnWh490UyeyFOS7dhRikMMelp3pEyR/ERCP5MvaQkC2ZHhSR1vrcwpdALKnVRcmu9Nv1oSmNZmdX1BUVFy37v/+kSKwY+jspRuY7JoJ0QKE86a71atbV1JlEMfH5JTF7tsklZu+nm6n9m24VlbV5fhVVEQf1+zSoV1DIQde7tfL6k/ORNjHxuL2fW8mKUMjYkIjYqg/VVWU25gamxobtm7ZooNZq2pb7YvzIOT+yAuLiH2XmJT740dObl5Obm5Obh7fnvSx8YmCsmKLVoY/Q2AlM3iAEHFuaWmpwQP7HTpxgSZNevpXYQOETXW1DfUZbaLdSJM+wdes70LtGgAAAAD+JAQIAQAAAKojlQZKAtMkffrCNfrf36qndVfW7qP0nW/4YucXBIZGBIZGkH8OGdjPyb63wLE6JaKkpIS+V0dH8zZckTB6LAX5dq1NaEZ3/PQ5RcgyEmQQiEmyJjqN6AOEDPPR1mpI392kuIQ7QJialkmfp8CJHpn7QnuMFWlhoCepAlQrfKcSrKrLkSFoYjldnUbC5q/dqKFI5RKRk30fhgFCLtnfcp75BjzzDSCDha7O9o79bBpp/dHCMyHCg5CV/e3GXc8Xr4Ki376TVDFKSkoklVVlSBUUIGzbylioDAWmTxV+8O0OjLswajVUp09QVFws7N4BAAAA4I/BHIQAAAAA1ZGMjAxLQZ4+zevg8D9VnComLye3dc0i8fO5fufRqMkLR0ycL1pnO6EIjGcIbFflpUm7CTu/QIS5phhOFydwqjAmIW0yQMisXP9JTRelV59osr/l/CoqEnYr+utSQ+3dsrJdaxPe9VV1OQTOzKekyOhO5lT/z3YpbtvKeIrbMDEzyf6Wc/jURTuXSUvctxcUFkqoaJIh1IPw8+evA8fP93Yad/jURQlGB6s/gT0IBU5XKWz6lNR0oTIkCEJNtQHDlMJ22wUAAACAagUBQgAAAIBqSl9Q78AXfkF/qiySlF8gSqO2RZf2h3aukUgBYuMTx01fkvTps0Ryq0jOjzz6BErMInOclJUUxdwpF5aCPMPhCuXl5OgTKNZndDhysrLMivYf5hPmSUROjnATmOnr6UpL/23/qtq4an73bh35flRVl0NV0KjLIkx19oePhSCIqW7Dp08YIZGsPH18Zy5cK0K/6koi1IOQ+TV70tyVJ89dq+RCVUcC7zolRZZQGSrWF5D+2/dcoTIkCEJVhWmAsNoOeAsAAAAATPxt/5QFAAAA+GtYV9BATwkMjYhP+PCniiPAjzym0z5lZ4s4I1HXjmZHd68TbVvuMnzLGTV5YcKHjxLJja8GygJ61H0XMhBFEMR3Qe28AnfKRVa2nrBlqIi0NPdYlJKiriZcfxoxScsI90+kZk0Zja1aU7AU5LetXWzXx7qiBFV1OQTuN+6d0JVhUvIXUcslukljXWdPGSORrEIjYmYuWsu87q1UzB8ENjt/0pwV9EMN/8UE3sk5ucK955HzQ8BXCfPugBR5OaHf5AAAAACAmggBQgAAAIBqqqIePJwOnbzwR8oiWDrjWY6yvokYICQIolP7ts/vX1g2bwrDGe9osPMLpsxdJcJ4kgxpCGoFTs8QMJcbr1TaTVgK8gryAvr51UQijEoqDoF9Jbn8Ted85NABD66d6GNjQZOmqi6HtLS0jrYWTcrY+MS3794Llfmte17ilU5EbiMHe1w6OmmMi8BxpAUKj4xdv/2ghMolFuYPwolz1z4mizJh6t9B4BOU+TVbqAyzsgR8pf7hZxYAAAAAapA6VV0AAAAAAOCvuX5TTQ21dNqp7J77Bfm9DrHo0r6yCyOw8Tc1nVG4q6Sk5FVAqDglUVKs7+Js5+Js9ybqrfczv6jYd+GRsaJllf0t54VfUO8e3cQpT0VkZGR0tLU+p6RVlCA4LOrnz1/M+/Dl/sij73Oj10RH+GLWAAJbt217WTVUV5XIvqSlpf+mgJ9QtrgvtO1lJTBZFV4O+geKIIizl25tWr2AYebxCR/8XoeIXUYR6TTWmj5x5KSxri/8g3z9gyOi494nJYuWlZePX8bMrJoyFdyPPPaZizcFJmMpyBsa6Gmoq6qpNKhT53+DWL6JjqvRvQ8FPkHB4ZEtjZszzzAoLJI+QSMtATPIAgAAAECthQAhAAAAQDUlJSXVx8bi/NW79MmWrNl+/thOvSaNRdtLSUnJhh2HE5M+7duykmaASoFjlH36zKhHyJuot5KaNKttK+O2rYzJQ/j0OTU+MenDx+T3ScmJHz4xb2r38vGrpAAhQRBNdBrRxDPY+QUv/YOZ7/3pC3/6BDqN6fpX1VxamgJat02Nm492dfpTxflrnbtyp5d1N65gDK8qvBzGLfRfB4fTJHjo/cKsTcuhTv0FZpWTm7dg5RaJlk4UdevW6dW9a6/uXQmCKCz8mZj06V3ix6RPn98nJccnfKB/O4TTi1dBQwb2q+TCSsYDr+f0CTQ11OZNd6O5Fd8lJrm4zamc0v0JAp+gmx6eY4Y5M8yttLT01j1P+jSaGuqMSwcAAAAAtQsChAAAAADVl6uzvcAAITu/YO6yDQd3rGncSFPY/IuLS1Zu3P34yUuCIMZNX3J0zwbNCrqhqKoICBBev/No6vjhaoKSXbgm4HBEICMj06ypTrOm//WfKyoqfhP19plvwEPv59nfcmi2/ZKaLsIei4qKmSRrotv4VWAYTYIzF2/aWHWWkREQkiEI4tevX+eu3KFPI3KQuJrT0RZwY1+4enfowP5ymDSLIAiCqGh+u31Hz9JvGP323anz1yePc6VPVoWXY6Bdb4GdzzbtOlJaVjZ0YH+aSTG/pKYvcd9O3xnxz5OTkzU1NjQ1NqTW5LHzXweFP33h/9D7Bf22KWkZIuyx6FdlDbBM4228gGFgD+9ax1mZ/2G/Kv+cCHyCPianvPQPturagUluXj5+9N9xTEKSAAAAAFBrYQ5CAAAAgOpLp7HWaNeBApN9TE5xdZsTHBYlVObpmVlzl28ko4NkJmOnLkr69IVvYlUVZYEZnrlwgz7BI+8XT1+8FqqQoqlbt04Hs1YLZ014fON0XxtLmpSp6Xwa1uvWrUufP8Owon3fHvQJot++O3nuOpOsDp28KLBbZD8G40PWRGqqKvRt5emZWeu2HSgrK2OeZ8KHj6ERMZIoXfUye8oYt5GD+f7n73m1qa42/eaHT12Min1Hn6YKL4dek8ZMhlPesvvojIVrQt9El5Zyl+F7Tu7lG/ccXCdHvxVwmNVBfZZC7x7dNq1e4HXrDP21y+A3a13dOgLeBk7hV/tVts8pqTSfOtn3FhgdrOhLiiH6eR8ZdoUXh8AniCCIZWt3ZGV/E5hVWnqmwBko+/fuXmuHTQYAAAAAgRAgBAAAAKjWJoweSt+gSWLnF0yas2LjzsNpDOYCLCkpuXjdo9/g8VxTcKVnZo2avODtOz49PBTrswRme/7q3fuezyr69PGTl8vW7RSYCY2NOw9Pm+8u1OxTderIDHLsS5OAb98LgQcbGPKGyd5bmfyvPxBfh09dvH7nEU2CsrKy81fv/nPpFn0+XTq0+1vnICQIYtgge/oED71f7Dt6tri4hEluXj5+Q8fOnjBzWUAwo+v4d5CTk92wcr7AZMvW7igoLKRPU4WXY7igXZNeB4dPmLXcbuiEtVsPHD19+czFmzsPnJy9ZL2N4+ite48zyaGSlJSUDB4zc8OOQ0wqaoq6mgr99JCFhT95Vyop1qfPNjxCxNlbxZH8mS5AqKaqIjCHxe7bxCmAuhrdLsIjY3N/5ImTPxMCnyB2fsGcpRszaMeYTUnLmL10g8Ahu12ZPTIAAAAAUDshQAgAAABQrSkrKU5xG84w8fU7j/oPnbh264GnL17ztnKWlZXFxiXuO3rW3mXS9n0n+ObAzi+YOGs5b28eKSmpnt27CCzAyg27F67a+j4puaSkhNppaETM8nU7l67dwfAo+EpLz7x+59Hr4PAx0xbPXrL+mW/Az5+/mGwYQBvMM2lhwLtSSVFAgDA0IsbLx49rZUFh4bvEJK6VTDqAbtx5ePWmvXwHCUz+krp0zY6dB04KzGTYYAeBaWquLh3NdLQFzLB45uLNMVMX8Q1vU5I+fV7ivp0KMEydv1pgh7m/SSsTw2njR9Cn+ZyStu+IgMFIq/BydO1kxveZ5Ss9M+v2fa8jpy/tPfLP+at3X/oHM9yw8ng/93+flHzj7uP+Qydu2nXkTdRb3m6OvIqKigNDImgSNNFpxLtSSUlAgPDwqYu8naEzv2anijRgKUMslgLNp7FxCfSbC5zCUCCVBgJ6wx8+eZFrTWlpmVAvpgjE5AmKfvtu0OgZT56/4g20FxUVP37y0mXcbN5vHC6GBnrkTL0AAAAAAHxhDkIAAACA6m7EEIfQN9HPfAMYpr993+v2fS+CIJrqamuoq7LZBXXq1iks/JmSmi6wtwEZI5wwc9m+rau4hkGz69uDyQChT56/evL8FUEQ+nq6MjIyDHcqEOfkhS/9g1/6B7MU5PvYWHRo18q4hYFek8a8M/klfvh0w+Pxpev3aLLVb9aEd2W9evU0NdTSaXtvLHbfNinRpY+NhUoD5cys7LCImJPnrv38+evJnbOysvWoZDbdu6iqKAucI8rj0VOPR0+tunYwa9OyTh2Z+izW95zcwJCI18Hh9BuSNDXULLuYM0lZQ0lLS41yHbhl91H6ZLHxicMnzDM00HOw7WHcwkBNpYGSYn12fkFO7o/ImHi/1yG853PqvFVnj2zX19OtzOJXI+NHDXnmGxAbn0iT5vLN+5Zd2tMM5lmFl0NaWnrXxmVDxs6SSK3yh5WVlZ08d43689rth9duP9TUUOvfx7p1S6OWRga8c8WVlJS8iY47fuZKeCRdb7+munzmH23SmE/UkIur25yFsya2b2cqW69eanrmk+evzl25Y9Gl/YFtq4U5MiHoNWlMM1ryq8CwW/e8nB368P30wrW7O/YLfluCnkGzJvQn8/LN+xlfs8YNH9RIq2Huj7x3iUknz19/l5h09sj21i1biLl3krS01GjXgZsFPUHs/IKFq7aqqijb97Vpoqudl8dmKch/+pxy654Xw/t/lMsAiRQYAAAAAP5WCBACAAAAVHcyMjIbV82fOGs5fbM+r4/JKR+TRZxRafaS9QFPrtfjmI3PsnN7loI883Z5gXPmMfc9J/f81btcK9n5Bbfve9++703+qa+nq6qirKRYv7S07HtObmpaBn2Ej9TSiH9vJKtuHelH/iQI4vjZq8fPXuVa+eJVUB8bC+rPenXrrl8+d8aitQJLQgU+maTksmHlfN746F9msKPt0+f+gaF0/ahI7xKTdh86wzBbcmze80d3NNJqKHYZa4A6dWQ2rpo/aPQM+mSrN++9cfZAA2WlihJU4eXQ0tQ4sN3dbcZShnlWH/6BYbxdvtIzs85cvEkusxTkm+hoqzRQYrEU8gsKv3/PTfr0mUmV26K5Hu9KLU0NHW2tzylpNBuy8wvWbt3PtdLvdUhGZlZDDTUGxyQ0vrFMTuu2HQiPjB09bKB+0ybS0lIEQeT+yHvpH3zp+j2JzBzZ0az1jbuP6dM8ffGa922YB57PJBUgJAhikKOt1zM/JjMHZ3/LOXfltgi76NbJTOA8uAAAAABQy2GIUQAAAIAaQEFebu+WlaoqAsZGk6A9m1dwRgcJgpCVrWdva/PHCsDp6q2HAtO8T0oODot6+uL1M9+A8MhYJtFBloL8wP69+H7UpWM7kUpK3Hn4hGtNt87m86aPEy03JpbOm9LBrFXl5V9N1Kkjs3XtIs1KCFpkf8uZtsBdYC/Pv0azpjpL5k6mT5P9LWfTriM0Car2crRrbeK+ZJbEd13ZOLsP8sXOL4iNT3wVGObl4+f3OiT67Tsm0UGLLu0rGnbVqlsHvusFevTkhWgbCmRjJXio6rsPnwwdO7t9D6d+g8db9htmbT9y5YbdEokOEgRh3tZUtA09Hj1lOK41E3XqyGxds7gyniCSjrbWZveFf/2LIwAAAAAgJgQIAQAAAGoGDXXVE/s2CZy4SCIO7VxjbdGJd/30CSMrr0GzIvkFhWcv36qMnGdPGVPRhFg9LDqJdqrJzjdcK0e7OlVSTw4n+z6uznaVkXM11EBZaf9298rI+WNyyo79/Gfl/Cu5ONl1Mm9Dn8bLx+/+Yx+aBFV7OZzsex/bu0HMdyZYCvL0CerISOzfy5HRcbxzu0rEnCljKvpoxGBH0fK86eEpRonotG7ZwrxNS4aJ0zOzJD6WrIa6qpM9/yFM6bHzC168CpJgSVRVlPdsWSnBDDnt2bxCSVHAJJQAAAAAAAgQAgAAANQYzZrqXDq5u5d1t0rdy8n9m7p2NOP7kbJS/e3rllTq3nndfeBdGfONmbdp6ezQt6JPZWRkZk4eLVrOvJ1vpKSkVi6c3q0T/7MqMmuLjsvmCegK9pcx1G96cLu7wLiOsFRVlCeMHirZPKszaWmptctmCzyNKzfuSUnLoElQtZejo1nrm+cOcY7oK5SRQwccEBTgVJRciOXUhRuSyorT+FFDDA34jC9K0mmsNdSpvwjZfkxOiYyJF69oFZohatUqKRNGDRFtQ94O4mIyNtTfs1nCMUKWgvyBbasN+E2vCwAAAADABQFCAAAAgJqkPkth+7rFlTRkZQezVtf+2Uc/AltrUyOB4xPSE7YPom9AqDi746uHZee9W1fVrUs3IbdtT8uRQweIkPlND8+ysjKulXJysvu3uS+cNUGEDPlaNm/K7k0r6tWrJ6kMa4punc1vnDvYpYOIY8DyMjTQu3Rid21rT9fS1Fg2f6rAZO6b95aWltIkqNrLoaxUf9vaxXs2r7S26Mh8F/p6ujvWL1k4a0J6xlf6lJLqg1VUVPzMN0AiWXGaNn7EjImj6NPMn+5mamwoQub3aPuPisO8Tcv1y+dWUuZM6DTW2rFBlDks+XYQF5O1Rce7l46Ido14tWttcvXMPosu7SWSGwAAAAD89RAgBAAAAKhhpKSkxgxzvnX+oARnBNTUUNuxfsmxPRuaN2sqMPGwQfYHt7uLNrhfD8vOV8/sE2qTneuXLpkzSYK9lKZPHLlzw7L6FQwuymne9HGjXZ2Ezf9jckpMXALvemlpqZFDB1w9vbeprraweXIyNNC7cfaAi7OdlJSUOPnUXJoaagd3rFk6b4r4WQ0b7HDqwOaGf3zg3OrAvm8Pgd3vgsOiLly7S5+myi+HtUXHPZtXet48PX+GW0Wz8ZEdE0e5DLh4YteNswfIftifvqTS56xYnyVUSSpSt24dr1tnRrmI8sIBXywF+b1bVk4e5yotLaASkJOT3bt1pVVXoScjvP/Y51dRkRhlpOPQz0bkF01WLJg2fIiDmAXo1b3rhhVzRfhaefzUV8xd89Jt3OjMoa1T3IaJmc/MSaNO7NuordVQQuUCAAAAgL8f3UvTAAAAAFBt6TXR2bBi7sTRQ09fuHFXjHHPVFWUR7kMHDHEUVZWiL5o3TqbX/9n/+bdR718/BhuwlKQnzZhxIghjsKGtWRl6w0b7DDArvcz3wAvHz9xOuIMG+wwdrizVkN1hullZGTmz3Ab5Nh318FTL/2DGW5l0sKApuORoYHe5ZN7Hj15eeeBd3hkLMM8SR3MWjnZ9e5jY1ELOw5ykZaWcnW2s+zS/v7jZzc9HqcL363H3tZm6rhhOo3/xKSe1dayeVNCwqOyv+XQpNl18HSXDu1oxrGsJpdDQ111tKsTGdHPY+dnfs3OyMySk5OVlpJSV1NRU1OpV7cu1yYfk1Po81SW3BCj6moqC2ZOGDPM2euZ3wPP59Fv34mWD0tBforb8MEDbBXk5RhuoqbSYN/WVf5BYVv3HBN4yJTOHdoSPD2hJWjYIPsuHdqu33aQ+dSMqirKG1bO69rRbNu+4+IXwN7WxqpbxxNnr567cod5AfSaNBZ/17zq1JGZ6ja8p1WXW/e9PR4+EWpUbZaC/CDHvgPtete2btAAAAAAID4ECAEAAABqML0mjdcumz17yuig0Ej/oPAnz18xbFg0NNDrY2Nh1bWDUfNmonVEU2mgvG3t4rQZX5+9fH3v8TOa9m6LLu2dHfpYde1ANdCrqijTxyR4KcjL2fWxtutjnfsjzz8oPDr2XWx8QnBYlMANdbS1LLu072Deun1b0wbKSkLtlKTXpDHZvH7hmkdCYhJN8GPwAFtnhz4CB4uTk5N1su/tZN876dOXh97P79z3pg+o6GhrDbDr1b93dx1tocMn6qoNhN2kUqnSloelIF+3DncUh0bjRpqTx7lOGusSER336MlLz6cv6e8rloK8Ref2Fl3MO7VvyzxOrKaqIuztWohsyiYAACAASURBVEnUVARcTTUhL7dKA+U1S2fPXrKePtm5K3fWLZ8jMLc/czmYqM9SqM9SaNZUhyZN9recZy9f0xdPS1NDtAJoqKnwX6+uOmKI44ghjilpGf6BYbHxiTFvE2LjEwVmaGps2K2TWQezVm1bmQj1Mgela0ezG2cP3Lrndd/z2bvEpIq+KVRVlF2d7R372TTi6Ygm8QdBr4nO8X2bQt9EP/MNeOj9nCZza4uOzg62Fp3N69SREfggqDRgWs8rKdafP2P8IEfbE+euRcXE0URPrbp2GDygn2UXcxkZGYaZk5h0Vae0aN5syZxJ86aNfekffOfBE4FvpfSy7ubYr2e3Tmb0w2XzktTYuSRNDTUR3gkAAAAAgOpAind+FAAAAACooUpLyxI/fHyflPw990f2t+/Z33Kyv32vz2KVlJZqqKmoqiirqjRQVVFu1kRH5IbvinzPyc38mp39LedrVva3nB/1WQqNNDUaaqg11FCT4OigXEpLy76kpn3N+pbHzmez83/ksRUU5H/9KlJSZCkpKSor1ldpoKyhrirZnf78+SslLeNzSlpKWgZBEFoN1cnDVFFWFjjcX0WKioq/ZmV/zfqW8TUrM+ublJSUhpqqhrqqhrqquqoK2SYOTPwqKsrO/p6Z9S0r+1vm1+xfRUXKiorKyooNlBQbNFDS1moobPs+iKNSL8eT56/KyojePbqJtrn75n30fa/72lhuXbtI1NIJ4VdR0cfklJycH3lsNpudn5dfUJ+lUFJSoqykqKRYX1GR1VBdTbIRHYIgfuSxv6Smf0lJS8v4qiAvr6mhptlQvaGGmqRGVRVWaWnZp88p377nZH/7/u17roKCvLSUlLqaqrpaAw01VZYwYTaRlZSUpGV8/ZKa/iUlvaCwUENNtaGGmmZDdQ01laqqN3Jy8zKzsjK/Zmd+zc7JzVNRVir/XlBTkfgtAQAAAAC1EAKEAAAAAAAAUJN8+57jOGwKO7+gh2Xn5fOnCvseQGhEzISZy+jTLJ8/dahTf/GKCQAAAAAAUH1JV3UBAAAAAAAAAIRw8tx1cpDMZ74BfQe5bdx5ODZO8ECdZA/gMxdvCowOEgTRway1JEoKAAAAAABQTaEHIQAAAAAAANQYnz6nDBwxjXe9SQuD7hYd27YybmXSgmuozF9FRRkZWVGx8XsOn2EyX5pV1w77tq6SaKkBAAAAAACqF+HmsgYAAAAAAACoQvuOnuO7PjY+MTa+vB+hqoqypoa6qmqDnz9/Jn9OZRIU5DRpjIskSgoAAAAAAFB9IUAIAAAAAAAANUN4ZOyT568EJsv+lpP9LUe0XXTrZNba1Ei0bQEAAAAAAGoKzEEIAAAAAAAANUBZWdmuQ6crdReaGmrrls+p1F0AAAAAAABUBwgQAgAAAAAAQA3wKiA0MjquUnexf7u7mqpKpe4CAAAAAACgOkCAEAAAAAAAAGoAfT3dbp3MKilzVRXlE/s2Guo3raT8AQAAAAAAqhWpsrKyqi4DAAAAAAAAACNPnr/atOuIyFMM8mXVtYP70llqKg0kmCcAAAAAAEB1hgAhAAAAAAAA1CT5BYWPvF94PHoaHhkrZlaGBnpjhzvb9bGWkpKSUOkAAAAAAABqAAQIAQAAAAAAoEZKScvwfOr73C9Q2EghS0HesmsHF2c78zYtK610AAAAAAAA1RcChAAAAAAAAFCzlZSUJH9JfZf4MS7hQ+bX7Nwfebm5P36w83Nzf9StW1dZSVFZqb6ykqKaagPjFgamxoZNdLSlpdFlEAAAAAAAai8ECAEAAAAAAAAAAAAAAABqEemqLgAAAAAAAAAAAAAAAAAA/DkIEAIAAAAAAAAAAAAAAADUIggQAgAAAAAAAAAAAAAAANQiCBACAAAAAAAAAAAAAAAA1CIIEAIAAAAAAAAAAAAAAADUIggQAgAAAAAAAAAAAAAAANQiCBACAAAAAAAAAAAAAAAA1CIIEAIAAAAAAAAAAAAAAADUIggQAgAAAAAAAAAAAAAAANQiCBACAAAAAAAAAAAAAAAA1CIIEAIAAAAAAAAAAAAAAADUIggQAgAAAAAAAAAAAAAAANQiCBACAAAAAAAAAAAAAAAA1CIIEAIAAAAAAAAAAAAAAADUIggQAgAAAAAAAAAAAAAAANQiCBACAAAAAAAAAAAAAAAA1CIIEAIAAAAAAAAAAAAAAADUIggQAgAAAAAAAAAAAAAAANQiCBACAAAAAAAAAAAAAAAA1CIIEAIAAAAAAAAAAAAAAADUIggQAgAAAAAAAAAAAAAAANQiCBACAAAAAAAAAAAAAAAA1CIIEAIAAAAAAAAAAAAAAADUIggQAgAAAAAAAAAAAAAAANQiCBACAAAAAAAAAAAAAAAA1CIIEAIAAAAAAAAAAAAAAADUIggQAgAAAAAAAAAAAAAAANQiCBACAAAAAAAAAAAAAAAA1CIIEAIAAAAAAAAAAAAAAADUIggQAgAAAAAAAAAAAAAAANQidaq6AAAAACCu6OiY7zk5wm7VtGkTncaNK6dEAPA3iI9/l/n1K0EQnTp2qFu3LrmypKSkq6V1YeFPgiBu3bhioK9Pv/5v4vPs+Zx5CwmCaG9udvrksaouTvVy+szZ3Xv3EwRh08N67+4dVV0cIj8//9iJU+/fv7fpYe3sNFBS2ZaVlV25dv3VK/8WhoYTxrvJy8tJKufE9+/Dw98kvv9QXFSsr6/Xr59tA2VlSWVeQ1Xe2f6Twt9EjBk3gVyOCAuq6uIAQRBEcEjoz58/hd2qTetWioqKT32ezZ2/iCAIPb2md29dZ7htJdVIAAAAAGJCgBAAAKDG2713v8+z58JuNXG827KliyqnRADwN9i8dfuLl74EQQT6+6qpqZIrS0tLs7Kyy5dLSqnEFa3/m5QUl7DZbIIgPiR9rOqyVDu/fv0iTw75/yq3dfvO8xcuEQRx/8EjJSWlXj1tJJLtw0eeK1a6EwRxn3j040eeRL5GCwsL9x04dPTYCc6VrUxNESCsjLP955WWlFSThwIorsNHibDVsSMHe/W0KS4uJi9obu4P5ttWUo0EAAAAICYMMQoAAAC11IJFS2ztHG/f8ajqgsDfDLcZQJUIDg6llmNj30oq2/DwN9RyZHS0RPLcs+8AV3RQS0tTXV1dIplXc2fPX7C1c1y3YRPfTyvjbANf33NyhrgMt7VzTEhIrOqy/J0qqUYCAAAAEBN6EAIAANR4vXv3VFRU5FoZExtLtfLY9LDmTWBiYvynClgd/fr1i4zZfEhKquqywF8LtxlAVTE3b/c2Lo5cNjYyklS2bdq0opZNW5qIn2FCQuLxE6fIZWenAQvmzW3USEv8bGuKR4+9EhISFevX5/upxM82VCQuLj4s/A1BEOkZGc2bG1R1cSqds9OAEp6e7pGRUdSX9QBHB96tGjbUEHmPlVQjAQAAAIgJAUIAAIAab5jL0GEuQ7lW+r3yp+a8WbZ00V85H5g40tLSq7oI8PfDbQZQVZYuXqiqqvrhwwfr7la9e/eUVLb2dv3z8vL8Xvm3MDScOGG8+BkGBgWTC8309LZs2lCnTu36F3pCQgLNpxI/21CRlJSUqi7CH7Vj2xbelbv37j9w8DBBECwWa/fObZLdYyXVSAAAAABiql3//AAAAAAgfallbWFQJf6a20xKqqpLACAkFos1b84siWcrJSU1zNVlmKuLpDJMSCzv69+7d8/aFh0sLCykJi7lS+JnGyqSnPy5qovwl6ukGgkAAABATJiDEAAAAGqjL1/+ksgNVGc1/TZTVVUhF5SVlau6LAB/p9TUNHKhcWPtqi7Ln4Y+1tXHp+Tkqi4CAAAAAFSB2vWKIgAAAHApLCz0e+X/9m1cTOzbrKwsHZ3GJibGLU1MunTuJCVMpyE2m/06IDA29m1kdHRGeoahoWFLE+P27c1at/pvAqG3cXG373hISUkNHTJIv1mzgoLCC5cu+fn5Jyd/btxY29HBfshgZ84809PTA4OCo2Ni4+LiS0tLW7QwNDZq0b9/PwV5eb5lKCgofB0QEPs2LjY2Nv5dgq6Ojqlpy362fU2MjbiSpaalUqO6ffnyJSQ0lPq0pUlLeXk5cYpBunX7Tlz8O4IgDJsbDB7kXFGyh48830REEARh27ePWbu21PrMzK8BgYGxb+NiYmJLS0v19JqaGBu1a9eWd96alJTUs+cvEAQhLS29eOF83l14eT8JCQ0jCMLK0sKiW1dyZX5+/r4DhwiC6NalS/fulqWlpY8ee3ncu//+wwdlJeUuXTpNnzpZTk6ONzdKRmZmUFBwbGxcTGzsl5QUYyOjlibGgwc5q6urVbTJ27i4NxGRMTGx0dExSkpKLU1MjI1b9LDuXp/f7FNCJU5ISAwJC3sbG/f+wweCIExNWxq1aNGlc0dNTU2ulGHhbx57ehEE0ayZnuvQIbxZHT95OisriyCIAQ72LX9PeUXeurKysm7jxjRQVs4vKAgJCQ0JDQsMCq5bp46paUuLbl2pc0sS9jarCHkjSUlJdbey7NqlM2+C02fOfvqUrKSsNH3qZFlZWd7TeNfjfmlpqVm7trZ9+1DrS0tLAwODomNjo6JiUlNTGzbUaGli0rVrl7ZtWnNuTp5ANTVVGRkZJqVl7viJU1nZ2e3Nzfr07kUQROL798EhoUFBwYmJ75s3b97SxHiQs5OyshLfbRkWnlN+fv4r/4DY2NjIqOg8NrtpE10TE+NeNjY0IZmw8DchoaEhIWHvP3wwamHYunXr/v36CnuYgUHBL174vktMSE1NM9DXN2phaG5u1qljB76JmT/1XCfw58+frwMC/fz8g4KDNTQ0rKwshrkMrVu3LkEQP3/+9PJ+4uX99MuXLywWy8TEmLMe4CVadcdXXl5eUHBISEhYcEhI/fr127Zp3aVL544d2vNNzLD2pjA5sWlp6WfOniMIQk5Obu7smbyZMPna4lVWVrZr996i4mKCIMa7jW2oUT4nGVWpOg10NDYyKikpiYiMCgkNDQwM/v49x7SlSZs2rQc42lOP0o8fP+LfvSMI4tu3b+SalJRUzlqiTevW5EUkiXB7NG6sPXrkCIIgIiKjzl+4RM5/1trUdPq0KeSdXxl3UVlZWXBIaGzs25jY2JjYtwry8q1bt+rapXNPmx6cyYqLi9PS01/6+ZWfjbw8zmPX0dHRbNiQ5mxThPoNI0JNTi8hITEs/E1MbGx0dGzhz0LTliZt27YZ7OzEeeF4lZSUhL95ExISFhgUnJeX165d2zatW9v27V1RNSvUMe7bfzC/oIAgiDGjRmprN+L6NC4+/tbtuwRBNG3SZPiw8n6ZOTm5qWmpkVHR5Wni4uXkyr9KpKVlOH+ZUKr5L5w/LD8//3VAYFhYeEhYOM2NRF8jffz46d79BwmJ75OSkjQ0NExMjE2Mjfr07iXxL18AAAAALlJlZWVVXQYAAACQPM45CD0f3eM7B2F0dMyceQs/JCXxfmTd3WrzpvVkC51AEZFRs+cuSOb3+vmokcMXL5zPYrEIgvD08p42YzZBEDNnTJsyaYLzENeEhEQqpVm7ttevXqL+vHX7zsLFy3gz1NXV3bp5Q+dOHbnWh4aGzV+0lG8ZFi+cP2XyRHI5Kip64CDu+Ro5Pbp/19CwucjF4Njw7sLFS8llj9s3qFATp/T09G5WNuTytcsXzM3NyOV79x8sX+nOZrN5N5k0cfzc2TM5Q3cRkVHOg8ub+RLjY3g32bh566nT/xAEMWK46/q17uTKrKzsTl0tqdO+eOmKGzdvcW4VGR6soKDA99DKyspu3Ly9bsMm3hKyWKz9e3dZd7fiWv/r16+du/aeOHWaNzctLc2d27Z04Qh9CZv4wKEjBw8d4VvUbVs2crVdnjx9ZtPmbQRB2PSwPnHsMO8mtnaO5G25d/cOB3s7ciXnrWvfv9/kaTN577Qxo0cuX7qYbBcW9jajQRVYTU31td8Laen/jf/x7l1CP/sB5PK+PTvt7fpzbT7WbaKv3yuCIBYumDttymRyZXpGxtJlK1+89OXd3dgxoxbOn0td+gcPH8+aM4/rXBUVFRmbtuU9kIrW80Wd5zehgUePnTh05BhXAi0tzYP797Zr24ZrPfPCU95ERM6Zt5Bv5bBh3RpXlyFcZ7WkpGTrtp0nT5/hSsxisWx6WN+7/4CsAZ49eUxzgD9+/Fi8dIWnlzfvR3b9bVeuWMZVuwr11HOeQN/nT+fMW8gZXCF3sX/v7rS09AmTppJhIU4jhruuXrmcN4YhcnVHOnrsxLYdu8iHa+GCuRMmTeXtHzZj+tQ5s2ZwNXkzrL1JzE9sQEDgiNHjyAsXERbElZjh1xaviu5zzkr15PGj8xYsev7iJde2nTt32rNrOxnlCgwKHj5yDN9dkF75PqOOReTbI/JNyMOHjxYvXcH56ZlTx60sLSrjLkpLS1++cjXvgRMEMcDRYf3a1dQbHgYtWtIc+4Z1a8jwFX2tIuxvGGFrchoFBYV79x84fuIU70empi337d6pp9eUWhMaGjZ02EhyOSTw1Zx5C8lqmavAu3du530rQthjpE7szetXeN+Z8PZ+OmX6TM4a7PSZsxs28ZmNj8T32an+v3BExjkHId8DJ1E3kq6u7pFD+6ZOn83kRqKpkfbsO7D/wCHeHRkbGW3etL5Na7pXFgAAAADEhCFGAQAAaqlbt+8McB7C2eqkq6tLLT9/8bKPrf2biEiB+dy4ect5sAtn44ixkRHVtHr+wqV5CxZzbfL1a9ayFas5o4MEQZiYGFPLi5euoNqpWSyWpUU3S4tuZJ7JyckjRo0NCPxf28qOnXuGDhtJlYHFYqmpqVKfbtuxy8v7Cblcr149gUckcjE42fW3pU7ChUtX+Ka5dv0muWBq2pJqO1u2YtWceQuptjMWi6Wl9V83uOMnTg0cNDQnJ5f5UdD7mpV96fJVruigrq5uRdHBvLy8CZOmLlm2giqhmpoqdaRsNnv8xClcUYGcnNwhriM4A35aWprN9PTI5bS09JFj3CKjokRIzGaznQe7ckYHOQtDXsEFi5aIdGL4u3T5Sn+HgdSdxnmbnT134cLFy+SyULcZvd49e5ILWVnZMTGxXJ96PXlKLZM9Iznl5ORSzdB9evUiF6KiovvY2lMBNmMjo759ejdvbkD++c/Z85OnzqDeIOzfr++9u7f27d0lqcPh5TTIhYoOcp7PtLT0yVOnk11hKEIVnnTt+s1BQ1ypS9be3LxXTxvqmVq5es3h/8cmS0pKJk6exhkd1NXVJe9ANptNRgeZWLHKnQpiNdPT69XTxtS0vOH+wcPHJ0/+L/oozlNvad2TjOtw3vkPHj5+8cKXM67DeW4vXrpy6cpVrnzEqe64+Dx7bu/ozHf0yIOHjmzZtoNzDfPamyTUia2ICF9bzIWFvxk4aCgVJOM8nICAwFXua8llLU3NimKQJBnp8jCqOLeHn98rruggQRDNDQy41kjkLnrs6dW3vwNndJCznHc97u3df5D6k/7YmRDnNwzDmrwiCQmJjgMHcUYHOY80Ojpmxqy5JSUlfLd1GuzKGx0kCzxi1NjS0lJJHSNDvP3Omagpv3AqW3Jysr2js8g3EunipStUdFBNTdW6uxXV0/ptXNyy5asqoeAAAAAA/0GAEAAAoDbKyMyk2oK1tDSvXb4QHxv57MnjmMiw/Xt3k+vZbPYq97UVNXKRMjO/Uo2PamqqZ8+cjI+NvO9xKyIs6NrlC2Qbx5xZM7i2unzlKtnOPsxl6M7tW3ds2zxtyuThruUviT956kPFqxYumBsS+Oqf0yf+OX0i6LWv27jy/hYrVrr/+vWLyvBT8idyYfAgZ6/H9yPCggL9fZ899aReu964eRt5IC1aGD578tjz0b1ePctfbB8x3NXz0T3qv6ZNm4hcDE6ysrKTJ46njvf79+9cCYqLi8mBswiCGD9uLLnw/MXLq9dukMvdrSyfPXkcERbk98InNOj17N+nMSEh8cAhPl3fRJOcnLxy9RqCICwtum3auG7v7h3z587mO5AXSUamTlR0+UBk8+fNCQ7wC/T3jQgLunD2NNVcuHf/Ac5Njh4/ER1d/uL/MFeXQH9fvxc+3p4PQoNeL1owjyAIB3s7akw/oRIfOnKMarmeMnliSOArsjC+z5/a9LAm19++4+Ht/ZSQkKysbIIgevW0uXr5fGxUeKC/7+MHHtSoaLv27MvPzxfqNhOoadMmVP68/XLu3PWglu8/eFRQUMj5qd8rf3KhmZ4eGUUrKSlZvqq864apacv7Hrfue9w6fHDf4wce169eIhtq/V8H3PW4T24oJSVlYmwkwvCSzJFt3xs3rPV9/jTQ3zc+NpK6/bKysjkbWIUtPNmFZenyleTyAEeHoNe+Vy+fP3bkoN8Ln62bN5Lrd+3Z9/HjJ2qTux73qABk7949g177Pnvy2NvzQXhIwLDfdZRAMTGx9x88IpcP7t/j7fng2JGDd29df+7jNd5tbK+eNtOmTqISi//Ut2nd6sa1y2HBr9+9jVq5vLxbj9vEyeTTsWXThvjYyEB/36dej6hY2o6de8h7lSRmdcfXMFeX2zevxsdGJsRF37x+hQoDnDr9T3pGBpWMee0t7ImtiGhfW0JJTk5upqd3/OihsOCAQH/f0KDX9nb9yI+8vZ+Gv4kgCKJJE92w4Ne+z5927tyJOgNUFfHsqSc5XLOYt8fU6bPIqNKqFcv27929YtmShQvmcoZkKOLfRVlZ2eTj2d7c/OL5f+JjI/1e+ESGB1PduE+d/od61rw9H3g+ujdvzizyT2MjI84a0q5/P/ozLOZvGIY1eUVKSkvIiktLS3Pn9q0xkWF+L3zevY1a415e27yNi/O4x/9lguTk5Pbm5mfPnIx6E5oYH+P3wsfSohu11dOnzyR1jAy5DB3s9fi+56N71Df4lk0bqAtx99Z1vlvVlF84f4bINxL5vUa9MzFl8kS/Fz6nThy9fPFceEjA8mWLO3futHnT+so/AgAAAKjVECAEAACojXbs3EMuaGlp3ve4bW5uRo75Jisra9fflmoSio6OuXHzNk0++w+Wv/XMYrE87ty06NaVGjvO3Nzs8sVz8bGRVGMil2NHDm7csNZpoKOz08CFC+aSQ1QVFhau31g+2tXMGdOmTZlMDdAkKyu7cvnS7laWZFDh/oOHVFZr3VctW7ro+tVL27Zs1G/WjFypq6NDxQCSk5OTkz+Xr9fVNdDXV1JSJP9UVVU10Nen/iP7folWDC6uLv8NMnn9/130yBZ5so2SxWKRc5v9+vXLfe0G8tPevXueOHaY6iugrKw0Z9YM91XljdqnTv/D1f9STBPHu/1z+oTr0CEO9nYzpk+1629bUUp5eblz/5xasWzJcx+vGdOmqKiokOu7dOm8bMki6tCo9MmfPx89doJcnj518sb1a6hX7JWVlaZOmRQfG7l39w4REr//8OHI0ePk8vJlixcvnN+gQQPyz0aNtI4ePkAdhfu69YWF/4uciWPmjGmHD+5rb25O3irNmxvs3FF+q7DZ7LdvywOWTG4zhhwcygcOffz/YRWTkj5y3QavAwI4/3zqU34hBjjakws3bt4m468sFuvEscOcEz6ZtWu7f095T8GNmysccU7idHV1Hz/wGOYytFEjLYIgZGRkpkyeSF07X18/KqUIhSdHvCQIomOH9ju2bVZV/a97x5DBzlQk8uDho+RCUVHRjl3ldWPfPr0PH9hHbaKoqLhx/Rqu4S4rEvG7k2vfPr372f43c6FO48Yrli05duQg9eCI/9R37dL5/NnT7dq2kZGRkZaWdhs3hnOM36WLFw4dMoislps2bbJtS3mVyGaz3/3OTSLVHZc5s2ZsXL+mdatWMjIyUlJSbdu0vnb5IvXp2XMXqGWham/mJ5aGOF9bDFl3t7p5/UpPmx5kDaCsrLRtyyaqNnv9uvw5lZGRadRIS1mpfFTJJro6VBWhq6MjqS8Fs3ZtPR96jBs72q6/7Xi3sdOmTOaduE78u4ggCFeXIRvWrTl0YO/li2c7d+pIpldQUFi/djV17EHBIeRCQw0NA319appYeXk5zhqyovlHKeL/hmFYk/Nl1KLFiWOHN65f4/nwntNAR7ITnrS09OiRI6hIsK+fH99trbtb/XP6hEW3ruQ0tFpamqdOHKW6QR88/F+HeEn9TqNXp04d/WbNDPT1qXkHtbUbUReCc6BULjXoF06lEudGIgjiQ9JHMqzOYrEWzp9L1b2KiooT3MZdPHcG44sCAABAZUOAEAAAoNZhs9lUZ5GpUyY1UFbmSmBq2pJqoD9/8RJPBuUKCgqp/j1Tp0ziO2Eh11xTlMGDnKnOVZwCA4PJwZpYLNaMaVN4E0yeVD6xYkzsW2qliorKxPFuZu3aciVu0cKQ6irx8dMngjHRisFFQ0N96JBB5PLpM2e53vE/d768uXzSBDeyeTEgMIgaqGru7Fm8p26Y61CqmfXm7TvMD4deMz29eXNnMU9v1KLFeLexOo0bc62nGpSzsrLz8vLKy3mrvJwsFos6aZw4D1OoxLd+J1ZTUx05fBhvypkzppHLaWnp/q8DCEnQ1dWdN4f70hgbGVGDoH76HcmQIGp00OjoGM6uV9TQi2PHjCIXOCdmKy4u9vQqT9C7V/k4pZcul48FN3vWdHIiNE7m5mbtzc3JK5idnS3xA+Fr0YK5VOM4xa5/eUw0IfG/ZmJhC89ms2/fKe9huWzpYt4Haszo8vP2JiKCXHjp60cNjDl71gyuuQkJgjBv147JQRUVFZEL794lcHXr5CL+Uz9i+DCu0Rp72vSglgc5O3F+ZGxkRDXKU/uVSHXHqWuXzrN5euBpazdydiqfL/MlR9xXqNqb+YmtiDhfW8xt3riOejmAJCcnZ//7rmb+ZSSRL4WtWzYKfCNB/LuIPG/Dh7nY9u3D9eDIysr26d2bXOY7l56wxP8NI35NbtPDepirC+9AqX16l1fXiYnv+W549PABMjRIAV6KPgAAIABJREFUkZGRmTjejVyOiIz68eOHBH+nVZ6a8gunUol/IxUXl9dpbDY7uRJ+PwAAAAAIhAAhAABArcM5nt4ABwe+aYYMLm/3iY6O4ZoUh0INDUd2x2FeABaLtWIZ/5nhEt+Xt6np6TWNjokNC3/D9d/37zlkgvj4d0z21bRp+fvvGRmZzEsoqWKMGTWSXEhLS3/2/AVn/lTIysVlCLnw4UN5y6mpaUsTYyOezIh69epR10WC79dv3LBWTk6OQUIBNDX/a2rPyCw/2wkJCeTCYGcnRUXFCjYlREgcTyUe5My3/EYtWlDdgKhzW0maNClvLk9P5zPvmpiaNzegWhs5e9R5/J4Pb/7c2WQ79f0Hj4qLi8mVIaFhZL8ELS1NcoLP0tLSiMjyDlgsBRbvXR0W/obKXCLt+ExISfH59wjZm5B8cMg5BUUoPOdFLyku5k1PjU+bkJBInrf3Hz6Qa4yNjPg+gwyZmphQJRniMtzL+wkV2eJSGU+91u9eWVzz+ZGaUvfq72CzxGvdiuqTHtbdyYWkpI9M8uGtvZmf2IqI/LUlHJ4uegRBaDfWJhf4zs7Il/i3x7w5swz09RmX+z/C3kX0tH8/0RKpISX1G4aX+DU51SfyS0oK3wRUFzFO1Cij1O1ReccoQTXiF06VYH4jcT6ejk6DL1y8XIOmYAQAAIC/Q52qLgAAAAD8aVTTP4vFqmggr8Yc/cPS0tK1tRvxpuFswOLt0ENDVVW1ov1SrULR0TFDXIbTZMLZtYhLTk5uenp6ekZGampaRnp58yUZZmBIIsUgCKJlS5POnTsFBASSo+pRnSYvX7lGLjgNdKS6sFBZ6VU8QR3V6hQdE8P8cOjRjCEmUGlpaXb2t/T09NS09Ax+LcXx78rDeM2a6QnMTajEcXHlsQpyLD6+DPT1yUEpE99/EJihOMgeEgRBlJZVSiuto6P9vv0HCYLwfuJDTuiV/PkzeWjOTgPq168/cIDDxUtX2Gx2cHBIly6dCYKgmmsHDnAkRxRMTU2jMiQnnqTx+XMK2SGvSlDnk3xypaSkRCg850UfOmwk/Sbp6RmNG2tTdZq+vuA7kEbbtm26W1mScxm+jYubOn0Wi8Wyt+s30NGhY8cOnN1NKuOpr1uvPAJBjRnI6b97tbS8SpRUdSeQxu+vCTabzWazeXtfCay9mZ/Yioj8tSU+6nIwj+WIf3voixQdFOEu4lVQUJiRkZGWlpaalk7F74X6Iq6IpH7D8BKtJi8uLs7IyCRv2rDwcHJlYeFP5jmQ802SUlPTDA2bV94xSlCN+IVTJZjfSHXr1p0/b86u3XvJinH1mnWr16zr1dNmgKN9r549uTqbAgAAAFQGBAgBAABqnY+fykd5orrp8OJsrvr85Qvfhqfkz+WjIVHdm8TH2R2Bt9cCp65dOnP+WVZW5uv36tFjL49798mOU1zKCCHaJUUuBq8JbmPJ5jNfv1cJCYnNmxvkFxRcuVo+e9CokSOolO9/xzOoLgi8qBbttLT04uLiOnWq5rdcYWHho8dejz29PP8/Kx6FagWmYg8aDNrimScuKSmhBiujaeWnOjX+sf5wlaRPr55kgNDTy7uwsFBOTu7Jk/L5Bfv17UtOyXbx0hWCILyf+pABwoePPMu3/T3kXRbHqKH0d3XdunWZxGj/JBEKn/k1k+EmKioq5FyDn37XjVpaFdaNTMjIyOzZtWPj5q3UIIFsNvvqtRtXr91o3txg84Z15uZm5Prq8NRLsLqj16DBf8Mkfv2aRQUImdfezE9sRSrja6vyVIfbQ1hx8fEeHg8ePfbkW+vSBBSZk9RvGDHl5+c/eepz89YdMmItjrp167JYLPLmJyuuanKMAv2Vv3D+sGlTJslIS2/fuZta8+Spz5OnPiwWa/XK5ZXY0RkAAACAIBAgBAAAqI1UVRqQC9REcbzy2fnUckVvr1OT4lDjSYpPV7e8N9gEt3HLly1muFVu7o/pM2dzzTOnpqbaWFs78f0Hvi3OlVEMvnpYd9fV1SWjWRcuXXZfteLBg0dkkdq0bsU585aaWnljH811oY6FxWJVVdtZfPy7UWPdsrL+N0edrq5uQw2NkNBQrsRqaqpkSnJeJXrME8vIyFDNqXkVX98fP8rPpJqqisC9V2cmJsZaWprk0HNBwSFWlhb3fo8vamHRjSCIzp06kifkrse95UsXv3//gbzl1NRU27ZpTaZsxBH08nx4r0GDBlV0NKIQofDUNJnGRkb3PW4x2Yvc7+4aP38K0fuHL2VlpW1bNk6eOP72HY9bd+5Qo0omJCQOHTby9s2rrVu1qiZPvQSrO3q5uf8916q/H0lha2+GJ7YilfG1VXmqw+3BXGlp6dZtO0+cOs25ksVi6erofM/5znxgVYEk9RtGHA8ePp41Zx7nGhaL1VBDQ1ZWlhq7mLni4mLqOqqrq1eTY2Ti7/uF8+dJS0tPnTJpyOBB9+4/uHPXgxpMm81mL1m2orCwcNRIuo7dAAAAAGLCHIQAAAC1DtVzIi0tvaSkhG8azj4lTXT5jwdF5cNms/MLCiRSNmo6FuZj2eXk5A4fOYZsX2axWHNnz7x+9VJ8bGSgv++tG1c7tC8fJlGK4DMplASLUREZGZkJ48eSy2fPXcjN/XH2/AXyz/FuYzlTNjco32lKSmpFuVEDLRobiT5BmjhiYmKHuI4gw3jNmxuscV/p9fh+YnzMsyePr14+TyWT+j0Fl2nL8lkAP3/5IjBzoRK3NDEmF9LS0ipKk/J7FigDAwOuj6pkxiaRSUlJDRzgSC77PHue9nvIvgGODuQQZPXq1etn25cgiKys7Mio6Gcv/htfVFq6/Ae/hoY61WcriWOgxRpBhMJTY+e+jYurqKLj0kS3fIA7SQUzmjc3WLhgrt8Ln9s3r5Jjw5IOHT5WnqAaPPUSrO7oUdNxsVgscpJRkWtvgSe2IpXxtVV5qsPtwdzS5auo6ODIEcNOnTga+SYkIizovsetcWNGk+ulpYX4Iq6IpH7DiOzGzVtUdNC6u9WuHdsCXr2MCAvy9nywYb2AAZD5ysz8Si3r6DSWyDFKZDRXgf6yXzhVSF1dbdzY0bduXH3h4z139kxq/bYdu2rWzxUAAACocRAgBAAAqHU455yjZgbiQo4ZRRCElpZmRZOgcOYTFBQskbJRAxsGh4Tm5OQy2eSpjw/5wr6uru6j+3dnzZxu1q4tk8moJFsMGs4DB1DLGzZtIaeOU1NTte3bhzOZvn4zciEs/E1Fr9j7vfInFwybl0e8FBQUqE/FL6pAZ86eJ9/x79un9+0b10aPHKHfrBlN+ua/y/mSwSBsQiVu0cKQXPD1e8U3AZvNDgkNI5epxlYqyJSezmfGxOqMGin0safXk6fl44va9belEvTv15dcePLUx9v7KddWpBaGzckFX1+/P1JqSRK28E2b/FdBBYdw923lS7tR+Rh90TExDGOKDLVu1Wrblo2LF84n/6T62or21EuWZKs7GtSjSkX3xa+9KzqxFamMr63KUx1uD4Y+fUqmxn29dOHsujWrrbtbKcjLV8a+JPUbRjRlZWVbt+8klxcvnH/qxNGBAxw4R/sUwevfpaW6Pot8jNR3XHZ2Nt+tJO5v+oVTHTRurD1r5vRrl8vjrGw2mxr7GgAAAKAyIEAIAABQ6zRs2JCKlxw7fpI3QWFh4aEj5f0wultZVpSPqqqq7u8ON/sPHJJI2VqZmpLNW2w2++jxE0w2oVqUBjsP5J2DJy9PwPiihQWFEikGjfr1608c70YuU02oY0ePqlevHmeytm3bkAvkrFq8+cTExFIt7B07diAXGmtr/5cgNpZrk/z8/Mjfw1VJxLPnz3+XfyRXq2sBvzNp1q4duRARGfVSUFxHqMSdO3UkF/xfB0RG8TnGGzdvU+OVUQOd6eqUj6b4Ni6OdyDTT5+SqR4MksX3NiM7MqanpxcVFQnMoW2b1uT8cGlp6afPnCVXWlpYUAmo+eFu3LwVFBxCthS3//+UbNbdrciF3Xv314ghFjkJW3h5ebmOHdqTy1u2bmfSCYNqwk5LS+edV6ygoPDy1WvCF/w/Nj2syQUFhfJGfNGeesmSbHVHEATfnnmpqWnXrt8kl3va9CAXxKy9KbwntiKV8bVVearD7cFQ4O9oa8cO7TvxlERgZ02+Xx8VkdRvGNF8/PiJGmF77JhRXJ8WCDpS3uGLS0tLDx46Qi53t7KUlZUV5xipvndRUdFcm5SVlQULiqCTOQtMw6l6/sJhs9lcA6HXLObmZlSsV05OkhFuAAAAAC4IEAIAANQ6UlJS7qtXkMtPnvrs2LmHs6/Mjx8/Zs9dQEVW5s6ZRZOV+6rl5EJY+Ju16zZyxjmKior2HzjUqavlU59nzMumrKxE9QU5euzEqdP/cDXrh7+JGOs20dbOkRpcS7G+IrmQkvq/cat+/fq1YdMWqkNJGfG/4baorajOWPn5+VSeIhSD3qiRw7jWuAwdwrVGp3Hj6VMnk8sbN299+MiT89PE9++nz5pLLpuatnR0sCOX5eXltLQ0yeXde/ZztsMmf/481HUkGSuSFCXF8omO0v7fA+/r1yy3CZOoP6nBzWz79m7TunxKsAWLlkT8vy0v9m2c82CX8ROn/Pr1S9jE/fvZUmG/WXMWxMXHcyb2fuKzdv1GcnnSxPFNmpSHBKgmV4Ig9h04xDkIm98rf4eBg0SYsZIG/W2Wk5Pb32FgNyub9p26VdRHhCItLU2NMvohKYkgCAd7O84YrZyc3ABHB87hMQcOcODqjDVhghsZZSQIYsrUGR//P1Znfn7+oSPHOnW1PH7ilHjHXSlEKLz76pXkQkRk1JJlK7m6raSmpi1bsapTV0tqAjxLi25U9Gjt+k3vP3ygEufk5E6YPNXn2XMmRc3Ozt62Yxd10Snev9dQt65oT71kSby6CwgIXLdhE+fXSnp6+vSZs8llFotFTaklbO3N/MTSkPjXVuWpDrcHQ1QwIy09g6v37a3bd/ftP0gul5b+74u4fv365MLbuDjy7iopKfkoaAxhCf6GEYEC678+bZlfv3J+FBUVPXf+QvrNx7pN/J6TQ/358+fP5StXk1U6QRDz5pY/JiIfo+HvntYnTp0hpwYkFRQUzp2/iKZup77cfX3Lo3QZmZkMvxCr2y+cK9eutzHr2Kmr5aw586r5+JwlJSVHj504f+ES+cOGEhQcQp58FotFnQEAAACAylBbZn4GAAAATlaWFn379Pb08iYI4vDRYz7PnltadFNTU/2SkuL95CkVYFi6eKFmw4Y0+dj0sO5uZUl2tTl7/sKr16979bRpoqvz5UvKzdt3yHyWLl8Z6C94xEjK8GEuly5fJced27h56+27Hl07d9bRbZyeluH36hUVNDpy9Lj7qhVkWxK55uq1Gzo6Oj26W0nLyLx58+bEyTNUoxsvalS9D0lJI0aPa9e2zfUbNwsLf/p4PyaDEMIWg56urm4/276PHpe3iA1ydtLQUOdNNm3q5CvXrpOvvc+cPbe7lSU54N6HpKRbt+9Syda6r+IM/MyaOX3FSndyeD07B6dBTgNkZGQCg4IrGntTHO3atSHP6uo16wiCMDZuUVj48+VL3+MnT/NtSZSRkVm1YtnQYSPJ6fGcB7s4DXRsZWpaVlYWFh7+4OFjMtn9Bw+dnQYKlVhaWnqt+6oBzkMIgkhOTrZzcBrg6GCg34yMBlEhBBaLNX3qFKo82tqNBjg63PW4RxDEqdP/RMfEWltZ5uTm+vq9IgdGkyz628z/9euEhESyr8Ox4ycPH9xHn1vvXj1Pnf6H+pNzfFFS/359yUMj9e3TmyuBgrz8WvfVM2fPJc9Szz79nAY6GrVoISUllfj+PdXBa8u2HQMGONA/+3+eCIU3MTYaM2okOSfWzVu3X/n797TpYaCvn5eXx3mTrFq91tvzAXm7zpoxdfHSFeRN5TTIpU/vnqqqqrGxb6kgIhNr12+6d/8BQRCdO3dyHTqkadMmbDb7safXhYuXyQQuQwdTiUV76iVLstUdQRD/nD0fHBJqadGtUSOt+Ph3d+7eo+qHJYsWUMMGClt7C3ViK1IZX1uVpzrcHkyYGJd3XEtOTp6/cMmE8ePqyMh8Sk6+cvU6b2dcStPfr24QBDFy1Dhb2z4vff2io2POnjlp0a0rze4k9RtGBA01NNTUVMkrMmPW3CWLFqipqWZnf3v46PHFS1cEbh4UHGLv6NS7V8/mzQ1SUlKf+jwjvwXIKp16RUbkYxw3ZtTlK1fJr5UevWwnjndT11CPiIh4/sKXPtpn0FyffOjOnr/wPSdHSUnx/IVL7c3NL188S01kW5Hq9gtn46at5MKDh4/dxo4x/39P+mrl2vUb23bsIgO6E8aPNTYykpKSCgkJPXj4KJlg0gS3qi4jAAAA/OUQIAQAAKildu7Yun37LrLp/G1cHNk0zMl99YpRI4YLzGf3zm3LVqwm27ASEhKppi5Se3PzXTu3ClUwGRmZf06fWLHanZxHLTo6hjdyY93dav7vF+3t7fofP3mK3O+u3Xt37d5LJWump2dn148avIuTvV3/Hbv2kO1lAQGB1Fw+V65dJ19yF7YYAo0cMYxqPhs9agTfNAoKCjevX1m8dAVZnhcvfbmaVtXUVHfv3M7VS2bIIOfr12+SXdCSk5P3/u6rQY725uQ0gGxck4hpUyeTDXlsNnvBoiWcH/Wz7SstLUWF8Sjm5maHDuxdtGQ5ebZv3/G4fceDM8Fa91VOvycxEiqxqWnLSxfOzluwiGwq5YyNkdqbm2/fuklJSZFz5bw5s/xevSLbKDkvPUEQY0aPlJKS+ufseTHO0P/Q32acbaBMBkPr0N6cxWJRjbxWPEPnWVr+N+Ioi8Xq0rkTbyb9+/Xdu3vH8pXu1BnmTXP44L7qFh0kiVD4ZUsXKSkrHTh4mOxbyduCr6ure+TwAepPp4EDoqJiyIqRzWZz7qJN61bb/2XvzuNi6v44gJ8WLYaiLFFDiDZrPLITES3ITnZK9p0I2bLv2WV9eCwPsq/ZeWi3tT2/0iZa1COZFpr6/XFyXDPTNNUk6vN++eN058y9Z+6cc+91vnPOWb/Wytqu0HKyqUpFKhg1c/pUNh9ssVu9fMn3cte1S+fXwcESd7LCbanDiO+DjYp69S7SiZVC7ret0vMrVA9Z6OvXHzJ4IJ068srVazSOS/F4vPnzZi9fsVr8XcbGRq3NzOhQ0ajo6L37DtDte/bulx4glOMzTDEsdllIb3/BwSGjx07gvjR3zqwjR48VdD3n8/m1atYMCAw8fuKkyEuDBw1Y4bZUZGMxPmPjxgaTnCbu258/V7DnocPsJW1trc0b148d70gkGT3SgS1ey26mAYGBgUHP27Q2K/hk5Ptln3By5LqarNxpa2vT23pcXJx4G2nfznzK5EkFvBUAAABAPjDFKAAAQPlEl7GRorK6utsy12NHDlp068om7qMdWH3tbG/duDJ6pEOhPxsnhFSrVm3Prh1r3Vdx+3R4PN4fbVq7LJx/8sRRPV1dkbfwKlcW280PatTQ3rd75+aN683N27KJy+hue/W0PHLowCHPfVWr5kd91NXVDnvut7Huzd2Djk5tlwXzrl72chg+lO5B+cfRFdraWocP7mPTCdIty92WTHL83tlXpGIUKvHbnJytWrbgjhIQoaere/zooRVuS0UOamRoOH7cmNs3rol3myorK588cWyKsxM3f6uWLebNnXX82GGLbl25H1Oc6o8LBUnXqGHDv0+dYON+qObNmu7y2LbLY5t9/375RVL64VdoVr163rx22b5/X+5MWXw+39bG+vqViyMdhisoKBQvc9s/2ty8dtnJcYJIkf5o03rJYpeTJ47Wr19P5CPUq8e/fuWSyPC7rl0679i22W2pq9W3UXdqqhJW/Sm06oqQXs26de3S26rXtw8o2kzEKSkp9etrS9POkxwrq6uLZKisrj5h3Fia7m3Vq1KlShL3Y2tjffvm1SGDB3InXCWEGBg0mjVjmr/PE/GhhwUp6DpT6PWHk7OQ6sf9uotReBUVldkzp58/e9rSsjv3QkdHoa11X3Xr+mWDRg3ZRiUlJbdlruvWrGZLedHqNGf2zL+OHzMwaMSWQpRi5vSpt25csbHuLXLE1mZmp08enzF9qkj+YrR6RsoJlL4gn5raD9+RHC93UyZPOn/2tHUfK7YfupPTJ4+zyUWpol69i3piJX7S4t22JCqw/hflolq5cn5DVi1gpbFSqh4yZpO9Fi1b4jp1ijP3VR6PN3qkw51b10c5jKCnWuSipKCgsH3rJpFlAkePctjlsZ2IETnbJXmGKeqVXET/fnYb1rmLVEJLy+6XL5yb4uw0eNBAibWOEDJ65Iijhz3HjxvDvSm0b2e+bs3qdWtWi1en4n3GBfPmbN+6iXsDbaCvP3qkw/Urlzp36ljQFaxjh/Zr3FdyK5iBQaMjhw7IEh381Z5w2INcazOzUo2dF68icetGT8seD+97jx83RuSOxufzN21Ye/SwZ9mODAYAAICKQIG78goAAABUWKmpqUnJyXw9PW4XTFEJhcKo6Bh1NbW6deuIdOsXW15e3vv3CZ/SP1XTrFazZg0pfSUCgSDu7ducrzna2to6OrVlKUBubm5SUvLHtI/aWtoSZ8QqRjEKOlAf2350nIrH9q3ik0MWdNB3795nZmXVr8cvKNgjIiEhMflDskEjA+7qdKUhNTX1bfw7FZVKtWvVql69epHemJScXK9ePfH4Vgkz5+TkxMTGqqio6NatK0tsWygUxsTGfvnypbGBQan2wUmvZgtcXM+d99qwzn3gAPvSK0NBMjIzY2NjVVRUamjXEBlq+esrRuH/+++/9+8TqmpUraFdo9A2Qvdfv179krSmj2lpMTGx1atV09WtK0s1K0arl7sSXu64+3n79i1RUODr6UnPWYyrd1FPbEFK47ZVen6F6iHdly9f3sbHf/qUrlW9et26dZSVZZqy6OPHj4lJSepq6np6urJcvcXJ5RmmSIRCYWJiUmJSkoZG1To6OpWLGCtKSUn977//GjTQl732FvUzpqV9iomN1dOtq6WlJUN2Qm+jb9/Gf/nypW7dOmyFyEL9gk84cW/fZmRkGDRq9BsF2DIzs6JjYpQUFfl8fmk/wgEAAAAwCBACAAAAlLoHDx+NnziJDiB78vDer9mxCz9fWHi4jZ09j8d7+vj+T+vXBgAAkBc84QAAAAD8vjDFKAAAAECp27N3P02MGzsafWdAff782XnKDEKI+6rliA4CAMDvCE84AAAAAL8vBAgBAAAAStfzFy/9/ANoesigQWVdHPhVvI2Pj4uLc5w43s7WpqzLAgAAUGR4wgEAAAD4rcm0JAAAAAAAFNvBQ4dpYsjggdrasi4FBOWekaGh17kzzZqalnVBAAAAigNPOAAAAAC/NaxBCAAAAFC6Dh0+mpuXq6aqZmtrXU1Ts6yLAwAAACAHeMIBAAAA+K0hQAgAAAAAAAAAAAAAAABQgWANQgAAAAAAAAAAAAAAAIAKBAFCAAAAAAAAAAAAAAAAgAoEAUIAAAAAAAAAAAAAAACACgQBQgAAAAAAAAAAAAAAAIAKBAFCAAAAAAAAAAAAAAAAgAoEAUIAAAAAAAAAAAAAAACACgQBQgAAAAAAAAAAAAAAAIAKBAFCAAAAAAAAAAAAAAAAgAoEAUIAAAAAAAAAAAAAAACACgQBQgAAAAAAAAAAAAAAAIAKBAFCAAAAAAAAAAAAAAAAgAoEAUIAAAAAAAAAAAAAAACACgQBQgAAAAAAAAAAAAAAAIAKBAFCAAAAAAAAAAAAAAAAgAoEAUIAAAAAAAAAAAAAAACACgQBQgAAAAAAAAAAAAAAAIAKBAFCAAAAAAAAAAAAAAAAgApEuawLAAAAAPIRFxe33/NQVlb2sKGDWpuZyWu32dnZ/zx9FhH55u3bt7Vr127dqqW5eVt57fz3VUpn+xeRkZGx3/PQmzdvLLp1te/fj20XCoXtO3XNysomhHidO92oYUP20vSZsx88fEwIcVu6eOAAeyk7nzx1xpN/nhJCFsybM9JheCl/lN/Yx48fu1j0JISoqanevnFNU1OjrEv0WxoybGRYeDghZOP6NVa9epZ1cSquvLy803+f/eefp00aN54wfpy6ulpZl+i3ERMTe+u2d+SbNxERke8TEqpUqdKhfTu3pa5lXa7S9eyZz9nzXlWrVHVynFCnjk5ZF+d3VdCzyrHjJzZt3kYIsbHuvdZ9VZmWsRRJuezI/tAiC7k8E548dWbt+o2EEItuXbdv3VTCIgEAAADICAFCAACA8iAvL2/chElR0dGEkPNeF/55fL92rVol323Q8xfzFyyiu6V6dLdAgLCUzvavY/3GzcdPnCSEXL12Q0NDo0d3C7o9Nzc3JSU1Py3M5b4lOfmDQCAghHz58lX6zrOysmjO7C/ZpfYJyoO8vDx6ogQCQWZmJgKExZP2KY2exq9fC6mZUKqu37jlusSNEHKV3EhP/7zIZX5Zl+g3kJmZ5Xnw0LYdO3/cnFhW5flp4uPfOYweR9O+fv5XL3uVdYl+S1KeVdI+prH7S1kXsxRJuezI/tBSKHk9E3769KkifCkAAADwq8EUowAAAOVBWloaN4wXHR1T8n0mJiYOGjKcu1sej2dsbFTyPf/6PqalDRoy3MraLiIiUvzV0jjbvxR//0CWDg0NK9OygKyOHT9hZW23cvWasi4IVFD+AYE2dvZDho3MyckRf/X58xcs/So4+OcW7Xe1cNFibnSwVcsWfe1sx48bM27s6DItlxxIry2hYeEsHRYenp2NX5MUR7l/VimUHC87c+cvtLK2u3DxsvhLv9d5lt70AAAAoALCCEIAAIDyQFNTk8/nx8XF0T/169cr+T43bNpCEzweb8vG9V26dFJRUSn5bn8L4eH/Bj1/QQhJTEoyMGgk8mppnO1fiplZSzorIyHEyNCwrIsDMrlx83brFN+FAAAgAElEQVRERGTVKlXKuiBQQT175kOvG1+/5igri/43s3nzpixtamL800v3+7ntfefqtRs07TBi2LSpk2vVrFnWhZIb6bXF0LAxSxsYNFJVVf3pBSwPyv2zSqHkddn58uULDQ1yA4HM73WepTc9AAAAqIDwQAAAAFAeKCgoHDvseeDgoczMzGFDh9SuXbvk+7ztfZcmVq1ws7TsXvId/kbevXsn5dXSONu/FJcF87S0tKKiorp26VzRvvrfV0RERFkXASq02Li3Ul61se7z+fPnJ/88bdK48cQJ439iuX5Xu/fso4ke3S1WLl9W1sWRM+m1ha+n9+fRQ+fOe2lU1XCciNpSTOX+WaVQ8rrsJCRIm9f39zrP0pseAAAAVEAIEAIAAJQT9erxV61wk9fePnxIYYugdOvaRV67/V3EFdaBIt+z/avh8XizZ04v61JAEWRlZbHlIQHKhPSJ9RQUFIYNHTJs6JCfWKLfmFAofPnqNU3PnD61rIsjf4VOw9ihfbsO7dv9rOKUW+X7WaVQ8rrsxEv90djvdZ5/8RlQAQAA4OfDGoQAAAAgQfKHDyytqalRpmUpA7HfpooC+C1IH98A8BNEx0iYfA+KhzuKvUED/TItS6lAbYHfSHx8IQHC3wiaHgAAAIjACEIAAIBywtfP/+69+4QQwyZN7Pv3Zdtve98JCAzSqV171MgRSkpKyckf/PwD/AMCgoKe6+joNDU1sbLqZdCoIcsfFh4uEAiiovJ/Yszj8QICA9mrNbRr1P9xeRVfP//g4JDQsPDY2Njq1aubGBsZGxl16Ni+srq6SAnDwsMvXLysoKAweNCAhg0aZGZmnTh58smTp3Fxb3V169rZ2gwaaM+yqaqqjhs7upqmZkxM7KPHTx49efJf6sfGBo3GjB7ZpEn+6kRvoqLOnvMKDQ1LSU1t0tjAyMhw8MCBBYUzk5KT/fz8Q0PDQ0JD49+9MzI0NDE2GjjAvkYNbW62tLRP7xPev3odTP8MD/9XTS1/9SNFRaVWLVtIP9tMRERkQFBQWGj4m6goQoipqYlhkybtzP8Qn3sqIyNjx87dhJD+/eyMDA3pwJGAwEBfX/+PH9NMTYybN2/W185GSUmpgG+eJCYlHT5yjBBShcebMH6curqaaGEi35w6fUYoFFr1tGzXzlzk1by8vCNH/0xMSlJUVHR2ctTQqJqQkHjk2J+EEDU1tVkzphV0XLlITEry8/P38w94+fJVvXr1WjRv1t2im75+/YLyh4WHP3/xMjg4JCoqWk1NzcTEuHmzZj26d1NQUJB+oHfv3h87foIQoqiouGDeHPEMtKUQQjp36tixQ3vuS+np6V4XL4WH/fu/iEgVlUrGxkZNGjfu2bNHNU1N8f1kZGT889QnNDT01evgzwJB/Xp8Y2OjHhYWurp1CypbTEzsUx+fwMDnL16+5OvpNWvWtEvnTjKuY5STk5OQmPjoyZP8on7+zG2wenp6tWvV4ubPysp68s/TsLDwkNCwlJQUPT1dY2MjE2PjduZtCz2HjK+f/8OHj/8XGfH+fUKjhg0NmzQ2M2vV9o82EjMnJib6+vkHh4SGh/+bm5vbpEljI8Mmffr0Fr9EHPA8lJKa2tqsVU/LHoSQyDdv/AMC/fz8IyPfGBgYmBgbDbDvX1AD/5iW9vjxk+cvXgYEBFaqpNKyRXMzs5ZWvXrK+IlYM+zQrl2XLp1yc3Nv3Lx9+crVN1FRmhqa7dq1neLspKb2vWXl5ub6+voFh4a+fh3y/v37WrVqmhgbt2/frkXzZhL3HxMTe+XqtYjIN9HR0TVr1jQ2NjI2Muxp2UNiu5a9CtFKq6qq6uzkqK6ulpCQePjIsaDnL9I+pTVs0GD8uDH+AQFpaZ8UFRV7W/Vq3qyp+LHoYLWDh46k/vefoqLiJMeJ3DMcEREZ9PxFSGhocHBoVnaWqYlxixbNB9r3r1SpEvdUfEhJiYuLY2NYA4OC2GWzWrVqjRo2pNeZLVu3f83JIYSMHzdG4nJ6Rb2bsNtERmZmQEBgQGCQr59/JWVlU1OTjh3ai7Ri6QQCwTMf39DQsFfBwUmJSY0bNzYxNmrdulWzphJOWpEaUQlvwYSQ0LCwgoqtqaHJXSW30PrwR5vW4kUKev7in6fPnvzzVFFBoUWL5hPGjdHS0qJfma+f/6XLVyMjI3Nz8wwNG7ds0bx/v74F3YzkWFsIIWfPeUVERhJCeln2MDNrJX442WtLyW+y4juUsYWW7fOMLM8qEhXpCi8d96qenZ39zMf3yZOnfv7+NWvW7Ny547Ahg2n1yM7Ovu1957b33fj4eB6PZ2xsJH4j5pKlssl42ZEuMzPrfcJ7Xz9/+md8fDz3DmtibEKfuAo9zwkJif4BASGhYcHBIdnZ2cbGRsZGRh07tJfyYCAi6PkL7zt3hUKhgoLCJKeJ3McPWZ6LZG96RX3mAQAAgN+dQl5eXlmXAQAAAOTAY+fubTt2EkJsrHvv2LaFbV+9Zh2NHh07cjA9PX3q9Fni712/1p0G5wghI0aN9fHxLegoIx2Gr3BbStPJyR+WuC33/rZUIRefz9+6eQMLp1G3bntPnjqDEDJt6uRJjhPsBw2NiIhkr7Zq2eLsmZPcbNOnTWnUsMGsOfNFdn7lkpexkeGx4ydWrHQXeUlbW2vvLg+RzsS8vLxz5y+sXL2GTZrK8Hg8j+1bunbpTP88fOTY6jXrCvrsPB7vZZAfTRd0tgkhX7582bl7767deyXuZMM694ED7LlbUlJS27bvRM/AwQP7Zs+d/+DhI5F3mZu33bZlY0F9W1++fGlj3pF+urXuq4YMHiiSYcasOVev3aDfy/07N0VeDQwMGjzMgaZfvwhUV1fz8fEdMWqsyEcmhHz9+tXINP87vXH1UuPGBuylYSNG+fkHEEJWr1w+fJi06bzGTXB6+OgxIWTxogU6tWvPmDVXPM+eXTt69bQU2Zidnb11u8cBz0Pi+Tt17LB61XK+np6U47589dp+YH7BIv8NEc/gvnb9ocNHCSEjhg/lzhV289bt+QsXS6w8a1avsLHuw+2De/Hy1czZ8+IkjUBdvXL50CGDFBVFJ/C4fOWqeCUnhDiMGHbir1M0/eThPR0dycsaNWpiUvCHFv06goNDZs6eFxUtYQBB1y6d165ZJRJNFJeenr7AxfXWbW/xl6z7WC1xXSSyB68LF+ctWCSemc/nr1+72rztH9yNVtZ29JrwItB3337P3Xv3i7xLR6f2Lo/tLVs0F9keEhLq6DxFfBhlr56WT/55Sr+77Vs32dpYF/S5uM3w7JmTC1xcz5334mZ49dy/cuXKNJ2YlOSyaAmtxiLGjB45b84slpPatmOnx87d4pmNDA3XrlklErcrUhXiXt5r1NC2tu3PzT91inN6evqxP0/QE3739nXx6kcIuXrtOm2GPB7P9+kjGgfNzMza7rFTYnMzNTXZsXUzi+I7OU+9c/eeeDaKXSGlXD1KeDex6dPbafI08TM2epTDYpcFIgEDiV6+ej1j1lyJ53ykw/AF8+bweDy2paiNSL63YBGWlt337d4p8VgS68OcWTO42Q577r/34AGtIYyOTu3bN68pKSq6LnXzunBJ5Iitzcw8dmwR+Yxyry3S7ylFrS0lv8lyFamFluHzDFXQs0pB24t6hS8Uu6o/fnB35ux53Oga3afH9q0JCYkTHJ3DwsNF3jti+NBlSxaLNGHZK1vJH1pevw7uN2CwlE/H9inlmZAQ4nXh0rwFLhL3sHL5suHDhtA6s2+/54ZNWwghFt26eu7fw8327JmPw+hxNO0wYtgKt6X0wUP25yLZm16RnnkAAACgHMAUowAAABWF69LlrGuSx+NxezwXLnINDs4PmRh++z27RKynJiQktEevPtweOj6fz9JxcXGDhgw/dfqMxJ18+JCyyHUZNzpICDE2NhLJ5rFzN+tN09bWYtvdlq+6cfMW603jvpSSkuo8dXpGZibb8vnz5wmOzgsXubLODm1tLfbZBQLB+ImTWFxBVVVVymeXhUAgsB84lBsd5B6OELLAxXXu/IUS3xv0/EW/AYNZxyX3c/n4+C51W1HQQVVUVHpb9aJp7zuifaaZmVk0Oki/l//9L0Ikw917D2jC1sZafPRh6dm+Y5fE6CAhZPLUGSKdv58+pQ8YNIz1gvH5/B7dLVqbmdE/Hz/5x8bO/uPHj3IvZEhI6JRpM1nlad/OvFPHDvQLFQgEM2fP+/AhhWX+++z5AYOGso7j1mZmPbpbsMDekmXL94hFvHbt3svtMubxeEaGhjTNooPScWuXdF4XLva1H8QNbHDb7IOHj3pa2bx4+Ur6TlyXurG+4wb6+j26W5ia5kcor12/efDgEW7mBS6uLDrI4/E6dezAzl5cXNyIkWN8fP3EjkAIIf0HDGHRQW5DSEhIdHKewm3ghJBHj5/Y9R/IjQ6amprQo9y67S3eyyndh5TUk6fOiEQH+Xw+i/m9fh3c08qGRQeNDA179bRko7iOHjvu5DyV+xPMv06eZtFBbW2trl0601FcdNjHosVLuQcqRhWioqKiJ00WXTe0SWODoUMG0XRcXBztDRd34uRpmhjpMJxGByMiIu36DeB2OnPj08HBIVOnzxIKhfRPNgal2EpyNzl56nQf237sjHFry7E/T8jSiM6d97IfOIQb7zEyNGTN6viJk7PnLmAvlaQRyeUWLKOC6oPIlnETnVh0kJUnISFx/4GDGzdvZdFB7rcfEBi4fMVq7k5+o9pS7JssU+wW+vOfZ4qnSFf4IunUtTuNDnJr/rXrNx8+fMyNDnLPwF8nT5/88assUmUrORUVlZLvZJHrUm50kHuXJ4QsW77yyNE/pe/h5avXLDrYv5+d21JXGqIr0nORjE2vSM88AAAAUD5gilEAAICKgnZpTXKa2K+vbWMDAwUFhfsPHs6cPY92BGzeuv2Q5z5CiNtS11kzpvv4+tKfvRNCrl72YnFBndq16VRFy5avZD0Imzeut+rVU11dTSgUhoSGTp+ZPxTDdenybl27io98Yp13w4YM/uOPNnl5uZGRUdZ9rCQWe6nrIjtbG21trbi4OOcpM8LCwwMCA2k3U/t25uvWrtbT1RUKhUePHXdfu572qZ04cdJx4nj6diUl5dfB+fOFzpk9c8SwIdWrV6c/x3aaPC1/aJHHzrXuqwghQwYPbNeubV5env3AofSldWtWm5m1zN+VYuHzj+3eu5/1c01ymug0cXy1atUIIe/fJyx1W3Hv/gNCyIWLl/tYWVladpf4HTXQ11+8aEGb1q01NKqmpX1a6rachve8ve8+f/FSfOwUZdXLkoY07ty9l5mZxY3zPXnyDzen9927ImN3bty8RRMsyvhz0DO8eNECy+7d69evl5OTc/XajTnz8vvit2736NHDgv1QfdfuvfTE8ni8TRvWsvGFiUlJc+ctfPrMRyAQbNy01X114T28RbJ95y6a6NSxw/atm+i3mZOTc9v77qnTZ/ra2dSsWSO/JImJLouX0HRfO9ulri50mj46V97CRa6EkC3bdtjaWLNJemNiYrds20HTDfT1d+3cZtikCR0Sev7CRdclbmLFkcD71rX09PTr129u3e5BYxs7tm9mr9bQzi9eUnIyi9Xp6NT22LalRYvmSkpK2dnZd+7enz5zNv1Glrqt8Dp7uqCp9kJCQlmweZfHNlZh3sbHHz12PCYmdrKzI8t85+49FmabN3fWxPHj2FRyGzdvpQOYXJe4XbtyQbwTlgZg3Fev6Nq5c506OkKh0PPgYTq0IiUl9cRfpxwn5PeW5uTkLHVbyd64b/dOC4uuSkpKubm5AYFBExydixogjIuLW7JsOf3Gra178ypXjomJbdCgAX1VKBQuXupG92lqarJhnTvr6g16/mLajFkJCYlPn/lcuny1X19bmn/dhk00wySnibNnTqcnIT09/czZc3fu3ndZMI8duhhViHFbsYq2jgnjxxo0apienh4b97ZTp47VNDVbm5nRC+bfZ8+JDNmkExuy8WpDB+dHE4W5QvoV6OjUnj93Tp/evVRVVXNzc0+cPEWDQ2Hh4ZevXOvfz44Qsmb1ypkzpr19Gz9+4iT69ssXzql+64yuUlgAu4R3EzpdXo/uFpOcJjRr2lRFRSUiInLm7Hn0crFl244hgweKDOjkSk7+sMDFlaa1tbW2bt7Yzrwtrf+BgUEbNm3x8w+YOX0qzVDCRiSXWzB1+vTZg4elhWoKqg/iOXk83tbNGzq0b6+urvbP02fOU6YLBAIW0h43dvScWTMqV678+fNntxWrLly8TOPuQc9fsFF6v1FtKclNtoQtlPqZzzPFUKQrfDE0b9bUbdmSZk1NFRQUjh47TidsGDfRib66bs3qAfb9lJSUYmJip8+aQ0PmmzZvGzTAnjXhIlW2kmvSpPH9Oze/fP26fsNmOvxuxPChY8eMYhmkz1tAfzRw5u9zNN2qZYv169wbNmigoKCQk5Nz89btNes2VKqkMnjQACl7+N//IkZ+iw5aWnZfv9adXVuK9FwkY9OT/ZkHAAAAyg0ECAEAACoQkZkbLbp1XTBvDu1JfPDwkVAopP0Ompoa3J/kGzRqpKz8wzPDxUuXg56/oOnzZ0+zZbeUlJSaNW168fzf1nb96M/YN27esnnjeomF2b93V4/uFtILvG/3ThZI4/P57qtXDBw8jP6pra21y2M7XaFHSUlp/LgxQc+fX7t+kxDi4+vHOtTU1dX+PHroyZOnvXpZ6unqsj23a2e+aOF8Gglg0y4pKys3bNCA/tSa9rXVrVuHuy6LdG+iovbuO0DTixctmDBuLHupTh2dfXt2zpozj5bQbeWqTp06cJc0o7p26bxtyyYNjar0T01NjQ3r1jzz8aWd4M+e+RTUd9mh/felenz9/LiTjN24dYub8/qNW5MnObE/o6Nj2GiYLp0ldB+XqkOe+1hRlZWV+/W1VVZWosMKw8LDHz56TF+NiIj0PHSYZtuzawd3XaLatWrt3rmjU9fuAoHg1Jm/nRwnFNQzWzxPn/rQhMvC+bSnjBa1T+9efXr/EE+l4StCyB9tWm/asJYbHhg00D4lJYVm2LVn34Z1+YNFPHZ9H1h2/uxp9r2rqKgMGzK4dq1aE50mF1rCWjVr1qpZk61tqa6uJrHGbtq8jSZ0dGpfvXyBrSSkqqpq3ceqfr2zfe0H0REY585fEJ+llnr5+jVN9OppyQ0n6+nqui76YVxsVlbWKvf82XqnTZ3MrXKqqqpLFrtERr55+OhxVHT01WvX7fv3EzkQn8/33LebDctTUlKa5DTxdXAwbT6PHz9hAUKvC5fYaJ6L5/9u2tSUphUVFf9o0/ralQvWtv2LGiMkhEwcP26Ri4R5X8+dv0C7rXk8nuf+PdwJCVu1bOGxbQudrdd97ToaIIyKjqFH5/F48+bMYnMPVq1adcK4sdxLRPGqEBePx7t+5aL4ilajRg6nEQivC5eWLHZh1Zg6ey4/iNulcyfWdgybNPHcvycxMdHO1oYN91FUVBzlMMLPz5+GEB4/eUJ74atUqVKlShXupHMNGjSQfSxyye8m06ZOnjFtCjtdBgaNNm9aZ2NnT8N1YWHhElewo1gb5PF4ly+e506faGbW6tRff7LbolwakbxuweJLzYkrqD5waWtrnfrrz4bf4t8d2rebPm3KuvUb6Z9du3Resjh/5FOVKlXcV6149PgJvRkFBAayAOHvVVuKfZMteQv9yc8zxSD7Fb4Y2rcz37dnJ6sh48aOfvT4CRvN6bJgHouT1a9fb8M6d9aE/xcRyb7oIlU2uaAtkVUYLS0t2Z8JhULhqtVradrcvO1hz31smgplZWUb6z59elvR8he0h7i4OIfRY+lNpH078+1bNrFLQVGfi2RserI/8wAAAEC5gSlGAQAAKgqHEcPE13Xr1ev7lnfv38u4KzYpWa+elqzjhtHU1JjinP8L5QsXL6elfRLfw8AB9oVGB/l8vsgwu5YtmrMuob52trQ3jbHq1ZMmIiLfcLcbNmkyftwYbm8axUJTKSmpnz9/ll4YWXh5XaQJbW0th+HDRF5VUlKaNjU/3kOHGYnvYa37StYPRampqdn06UPTMbGxBR1aXV2Nra92//5Dtj07O5tOE2dqakInNgwODol7+5ZluP8gP7OlZXfZJ6uUizmzZ4qslkRHMbIZxtj8k3TYCu1P5/aCURoaVSeOzw+0/Pu//5VSaUNCJCxbyAgEAlbIRS4LxAcPjR41kiZevHxJEx/T0tgMftOnTRH53mltl1PZiUAgYIP5nCc5ssAGY2pqwobwHv/rZEH7+fr1K038738RmZlZUo7o6+tP43Y8Hm/q5EniGZwcJ9BESGiY+Kvz585i0UHG+ltDiIj8Pjsxm5ytV09LFh1k9HR169TRkVJOiRro68+eJTo9I3XyVP5snDOmTxFfrszMrBWd3i0lJTU1NZUQkpOTf8YEAkFc3Fux/X1XjCokYoXbEonRoJ6WPVjTvnz1Gvel7Ozs4yfyv+4Rw4dyX7Lo1nXY0CHi14Selj1oIvLHy2yxlfBuwufzZ8+cLnK6jAwNG+jr03Rswac9MzOLzUHqPMlR4uJqbM8lb0RyvAXLoqD6wNWntxWLDlKdO3Vg6WFDf1h9TU1Njd1kY2J+uBn9LrWlJDfZErbQ3+J5RvYrfDGMGD5MpIZ0t+jG0gPsf1gv08jQkMXIRZZ7/GmVreR8fP3YD7DmzJohPom9oqKilOhgYlLSqLETaei6ebOm+/bs5P6qrLSfi6Q/8wAAAEB5ggAhAABARcH94TBTQ/v7QITkpGRZ9pOXl/fyVf7PzAsaadTXzoalY+NEe9x4PF6xf43OuvtFujW5L4l0JxWkdu3v3cFJyTJ9dun+jchf3m/gAHvx0YG0a48t5xMVFS2egUj6jup+6+SVvrYQ60+8ev06WwLt2bfJA2369Laxye8DpTOdUre879BEHyvJU7yWHokr4igpKbEP8vZbIJN1b9WpoxP0/IX4v0/p6TQDN3QkF2yUzAIX1w2bthRUtbjfpjAnR7yEbOLZiIjInJwckR72vra28i22CFmONWhg/uiN4OCQ3NxciXlMjY1pIio6etCQ4be977AOZRGRb/K7aPX16weHhIqfkI8f02iGf/+V0HepoCDhPymsgSckJNIanpuby06s9FnaisR99QqJ7Tc3N5dd+niVeRKrIstM+4W5Y03s+g888dcpiUGL4lUhLnPztuIDMSk1NbWRDsNpmoUDqTt379OxKdraWhbduhZ2YgghhI1VjX/3Tpb80pX8blKQevXyowuJiQVeNrl7GzTQXvoOS96I5HULloWU+iAdN0qqX7++yKt169ahiffvE2Ta2y9YW4p7ky1hC5XoV3uekf0KLxc636oHj8fjLj1I1WdNOClJlr3Jt7LJBaszDfT127Q2k/2NQqEw8s2b0WMn0G/fwKDR4UMHRGKipfRcJOMzDwAAAJQnmGIUAACgQuP+eDmP5MnyliROZ41uXckDFKpWrcrj8WjXc3R0TLOmTbmvamlpifxYXnaV1dVpQnxmJPGVzMTl5uampv6XmJj4PiExSbZeJ9mFh+f310hZlqZRw4Z0isLIN1Ey7pYF0goK21BsgtCUlNSw8H+NjQy56wv27NlDTVWNLtJz7dqN0SMdCCEfP35ky4/JGB74CVgPNRtxFfztl+x/nTz918nTUt77Ni5evoWZ4uz0+Nsijvv2e+7b79m8WdN+fe1srPtwV+Lhfpt0kkkpEhOTdHXrsn43Ho9X7OYgIzaIQcqxdDlDUhISElkkgKtFi+ZdOnd6+OgxnQPWecp0Ho9nY927n53tH3+04Q6piYjI75EMDg4ZNGS4lLLJ3nfJHX6Rl5enoKCQxAmoFDpYSnb6+qJxEYobFKGz+Unx9u271mZmlSpVmjN75pat2+kIpGXLVy5bvrJHd4u+djY9unfnXsSKUYW4WxqLDbjkGjJo4L79nvR74a4e99fJ/PFzoxxGiExiyZWTk5OUlJyYlPT+fULQ8+d0Y1ZWtvRCyqLkd5OCsNqSm1fgZZMb8xMfDypCXo1IRDFuwbKQXh+k4C52KB4mV1Up/Gb0O9YWWW6yJWyhEv1qzzOyX+HlopJKfmWT+Guh7004t8B2UXqVTS7YRaORgayzklIPHz3u1Tv/Vwg8Hu/Po4fEhyyX0nORjM88AAAAUJ4gQAgAAABFE/f2e1+DlP4Cvp4e/UF9bGzZ/wA5Kyvrxs3bN2/dvnXbW2IGNuSu2IRCIQv5SOlrZj/zZz1H8lKlShVLy+7e3ncJIQ8ePDQ2Mvz69StdksfI0JAOUGjerOnLV6/9/AOSkz/UrFmDdQN17dK5tGNUsqtevTpNsHEAbFQHj8eT2JPIiE8yWULm5m337921yHUpneaLEPLy1euXr16vcl87yWni9KlTaMdu8ofvkSrxkRBc1atX19LSIoSwiV6LMQdmUcV8a4NSjsVd1extfLzE2IaSktK2LZvc165ncy0KBIIzf5878/c5A4NGa1evZIu9ccd8SD8h7duZF/0D5Yt/9/1aVGiAp+RSUlNZWvqHqlSpUoMG+VNcTp7kqKSouHHzVvbqnbv37ty9x+Pxli1ZzAauFaMKyU5fv36njh1oez/z91kaIIyOjmETHbOhb1wZGRl37t4773WRBgxKQ9neTVgbZPORSiGvRlRelfvaUqottEhK73lG9it82foJlU0uoqNjaKKuTvEvBQKBICYmVvwGV0rPRTI+8wAAAEB5ggAhAAAAFA33h8yCjAwWzhHxMe1jfv5q1X5W0ST799//jRwzjnV2UHw+v1bNmgGBgfI6ipKSEhu48FkgKChbenr+4kDaWpLPW0n0sbKiAULvO3edJzn6+vnT8tja5k8uamdrQ6dou//g4eBBA257381/Y++fPb+oFB/T8ief1NHJ74hvoK9P46lbNm2w7FHI0pVy16O7xYO73nfu3qMAbjgAACAASURBVL1w8TJ3dtZ9+z3fvn27fetmBQUFtiKUkaHh1ctesuyWVzl/urDs7C+lU/DvtKrnt0Epa1NlCDJYWkq0WFNTY8M6d6eJ4y9cvOx18SLro4yIiBw8zOHC+TN0yA6fnz+IdsK4sYsXLZDfR/mBupo6S3/5UuqnsY7O98jQretXZLyyKSoqOk9yHDRwwJWr1y5euszmSBQIBAsXuWZlZdH5P4tRhYrEYcSwbwHCc4tdFlStWvXsufyjWFp2Fw96Xbt+c/rM2dwtPB6vVs2aqqqqbCrFkivbuwk7uixTMsqxEZU/FaG2lHYLlVFpP8/IeIUvQz+nsskFixN/Spc8s3RBWrVsMX3alFWr19InnwmOzrdvXGFzqFKl91wkyzOPHA8HAAAAZQ5rEAIAAEDRsK5/QkhSouRZrYRCIetXKmi+vp8jJCR00NARtDfNwKDRcrclt29ejfw35P6dm2dOHWfZ5NLfYWJsRBMJCQWuz/Tu26i4Ro2KOQWcFN26daGJoOcvPnxIuXnrNv2zV09LmrDs0Z0mbt66/eXLlytXr9E/f535Rblnj63fZmxsSBNyH3YpI3V1NVsba8/9e54H+KxxX6mjk99Pd/XajdDQMG4lDwsPFwqFsuyzqEtMlQQbIJWQkFhQ8bhj/urx60nfoYFBo3lzZz15eO/C+TMDB3xfvG33nv00wb47ua8KycW+CEJIcvKH0jsQVbNmDbYKVHSMrIvhUTVqaI8dM8rr3JmH97xnzZjGtm/YtIXOaliMKlQk3S26sWFP127c/PLly7HjJ+ifI0eIzgF77rwX64Lv2qXzlk0bfP559DLIz/vWtdWrCplbtUjK9m7C2oVAIMjIzJQxs7waUblRQWpLabdQWfy055lCr/Bl5adVNrlo1DB/acmYIt4vqlWr1rVL5yOH89cdFAgEU6fPEvkRTKk+FxX6zAMAAADlCQKEAAAAUDSqqqp8Pp+mn/n6Sczz4sVLltavX5YBwiPHjtNRdL16Wl449/cohxF0ss3S0KRJY5pgU3eKEAgEAYFBNC3LpHZFVU1Ts2uXzjT96PHjCxcv054+Fq2pV49vampCCLl3/wH7Ybi5eVvuzHhlSygUPnqcf/YafpukseG38nN/zF5UlStXZum0tKL9nJ+pWrXq0MGDrlw8z2ItIaFhhJD69b5Xcv8AmYZxcIejFbX3sKi4HeVBz19IzMNWo9TRqS37HGLNmjbdsM59wbw59E82hIVNsOkfEFjss10o7hCi8H//LaWjcDVpbEATjx8/Kd4edHXrTp825e9T+cE5gUBAJ0IsRhUqEmVl5VEOI2j61KkzDx4+ohdGHZ3aHdq34+bMy8tbv3EzTS+YN+eQ575+fW1L6RJRtncTbrvw8/OXPbN8G9FvreLUltJuobL4mc8zVEFX+DLxMyubXDT8FiAMev5CZNCnLPR0dfft2cn2sMp97Y87l8NzUaEKeuYBAACA8gQBQgAAACiyLp070sTefQcyM7PEM+zzPEgTfD6fO8rn57v/IL/rZMwoB5EeW4klF5GVVXgexrztHzTx9JnPq9evxTOcO39B8G32UboMmNyxyUJ37d5Hj9XXzpabwaZPb5pYu36TyJafLDNDwpCdm7e82Yi6Tp3yq1mHb8vU+fj4FrsvTLduXZYOCQ0VeTUjI+PVKwlfmUTVq1dvZ96WpunaP+rqan+0aU23rFu/kY4Jk471dBNCTv99VjzDib9OyVgeLom1ulatWiwgvf/AQfEMWVlZu/fmDw3p0rlTUQ/KRqBW/jZvalNTUzb0Yd8Bz6LuUEYKCgrNm+XPd3f0zxPiGR49fhIRIc8hjCwAv3W7hyzzUhbEzKwVG4yopqZWvCpUVGwk0MtXrw94HqbpsaNHKSkpcbPFxMSyvuwxo0eK7CSzsJF2hJDsL9myl6oM7yZaWlqsGXrs3C09c2k3ot9UxaktP6GFFqqEzzPFJn6FJ4Tk5uYmJiZ+/fq19I4rouSVreSyinKeTU1MWPrI0WPFOFz7duZLFrvQ9F8nT/999jx7qeTPRbI3PfFnHgAAAChPECAEAACAIpsxbSpn4qOZ3BFCubm5Ozx2eX9b3G7ZkkUivc8/mUbV/IWgEn6ckezDh5RxExzZn3l5eRLf9fjbaLak5GRBwSsLUn16W7Gw3/SZc0WGNHnfubdilTtNO04cX68eX9I+Sop15LFZp6y+zS9KWVrmzzLK4nA9uv/sVf2ords9Ll66wt0SEBjosngJTVt068pOprl5W+s++YHPhYtcH/04eEsoFF69dt2yl/XU6bOkzPymrq7G+ou3bvPgzigY9/bt4KEOfv4B4u+6dv2mx87dHz6kcDempqY++zZUyMgof15Zt2X5JX/56vXCRUtEFip7/z5hkevStu07PX3mQ7doamoMGzqEpvft9+R28AmFwnUbNm3d7lHQZxFXpUoVmggLD6fzHAqFQjYwUUFBwW2ZK03fuXtv0+Zt3BOVnp4+Y9ZcVr1nzZxe0FFSU1M3bNpy5+49ke3e37awr0xTU4MNOtm33/PQ4aMi/enPX7wcM26ilbUdd1bGYhg/bgxNBAeHeOzczT3Ktes3x453LPitxTFhwjg2kGKS81SRoZ8ZGRm79+5v277TAc9DdItQKNy33/P4iZMis8P5+QfQE87j8Vi1LGoVKqq6deuw5s9GAtn37yeSrTLv+1jb5A8/TNz6+nXwrDnzJO6c1UBCyNOn+SWMiYktdDLGsr2buC1dTBNBz1+sWOnOjXZ8/frVY+futu073b13X46NqJypWLWllFtooYr3PCM72a/waWmf+tj269DZonXbDgUNqJW74lU2uahapSpNsJOTkZFR6M2rbt06To4TaHr33v3nzv+wdGVqauqMWXO69bCSPs34uLGj7fv3pWmXxUtevHxF08V7Liq06cn+zAMAAADlhnJZFwAAAAB+PzVqaM+bO2vFSndCyIOHj3r2tu5paVmPr5f26dPTp89efhuJ1bVL5+4W3cq2qC1bNqehsmXLVxJCjIyaZGVlP3r0+MDBw1ICfo0MGtJ3HTt+4mNamoZG1eMnTrY2Mzv11zFFxQJ/X6WoqLjCbWlf+0E0/GZt27+vnS1dhOblq9esX4nH401xnlQ6H5fUqKFtbt6WzXTXQF/fwOCHxQ4bNWxoYNCIDatq1bJFGQ7xnDNvweUrV1u1aqmmpvr6dcily9/jhXNmzeDmdFkw/9r1m4SQlJTUseMdLbp1bdasqaaGxtv4+Os3btJFp6Kio2973+lt1augw02fNsV1iRuNjljb9h/Qv6+SkpKvn39BU8KG//svXe7owMHD48aObvtHGx6PFxkZ6bFrLx3HYG7els2DamxkOHqkA13X7bzXhX+ePu1u0a1Rw4afP3/mfvtLl63wvpW/9KPjhHGnTp+h6YlOk3t0t6hfv967d+8fPX5SaDRaRH1OvNlh5Fgrq56PHj8JDg45duRgxw7tCSGdO3Xs1dPy1m1vQsieffvv3X/QqWMHbW2t+HfvvO/cZat2uSyYV7tWrYKOsmLVGrpupbl526GDB9WvX08gENy8dZsNdhwyeCDLPHzYkJOnzoSFhxNC3Neuv3Dpcntzcz2+bmJC0pN//mFXib37DrgtdS3Sh+Wy7tN73YZNtPzbduy8e+9+y5YtBIKMJ//8wz6UHFVWV1/htmzajFm0UXfv2bt/PzvDJk0UFBQi37xhwzvWbdjUt69t7Vq1/j57bsOmLYQQz0NHJowfY2RoqKCgEBAQuGvPPprTccI4tvNiVKGichg2jEVQ6PBi8Qn6atWsqa2tRWv41OmzFs6fq62tlZr63/UbN/86ebqgPdesUYOlFy5y9fXzS0hIvHXbe/q0Kdw1F8WV7d3EolvXLp07PXz0mF7t/3n2rEd3i3p8vfj4d+cvXKRVyGXxEt+nj+XViMqZClVbfkILla54zzOyk/0K//TZM/oUIRAI9h84uGfXjpIfvVDFq2xywSbNjoqOHjFqbMsWzc+eO5+VlX3P+yb7yYhEkyc5nfjrFP12Fri4Xrl6vU2b1poaGpGRb9gqsB679m5Y5y5lJ6tWLP/3fxHBwSGEEMdJk69dvkiv28V4LpLe9Ir0zAMAAADlBgKEAAAAUByjHEZUUq60ZNly2jfB4hzMsKFDFi0sxR90y2iys5PXhUu0G2vu/IXcl3pb9VJUVKDdKyJGj3Rg3egsahUQGBgY9LxNazMphzM1NTl54tjsufNp1ww34kW1NjPbuH6NhkbVEn+yAln3tmIBwv797MQz2NlYs9Fp1mU0vygt24WLl7mrIVI8Hu+Q5z4TE2PuRl3dupe8zs6Zv5B2Soq/ixAyxdmp14/DJUUMGmB/9ux5OtwhLi5uu8cu9tIfbVr379+Xhg8ZRQVFI0PDsPBwgUCwc9cekb1pa2tt2bieGzBe5DJfQ1OD5kxISBTvsuTz+Xu/LSlEVzXbsM59gcv3YUnck3DsyEHXJW40wFYoY2Oj1mZmdFhYVHT03n0H6PY9e/fTACEhZPOm9Rs3bqGdkmHh4eJ7dlvmOnLEcClHYSsq+fj4sjrGzJw+tf23Sc8IIUpKSkcPe7ouc6NNKTg4hPZvcnXt0lkkElxUSkpKe3d7THB0pt2XL1+9fsmZKnat+6o3UVFsPJ9c9Onda/vWTYuXuNE+X7rSp4g9u3bQEJG2tjaPxxMIBHFxcctXrBbJ1r6d+ZTJP/xWoKhVqKg6dmyvo1ObhbKGDxsiMdtil4X0ahkcHDJ67ATuS3PnzDpy9Jj4eloKCgrTp02hE3UKBIJj32Z89di5e5LjROkL8pXt3WTr5g2LXJfRsF9ERKTInLStzcy2bF7P/ix5Iyp/KlRtKe0WKl3xnmdkJ/sVnjs6sxir6xVbMSqbXNhY99m0ZRu95nNPzum/z05xdpLyRg2Nqn+fPjFj1lx6YXn46DH9OQIzYvjQRS4LpB9dXV1tz84dfWz7CQSClJTUGbPnHjvsqaysXIznIulNr6jPPAAAAFA+4O4OAABQ3qipqUveriqt002EqqoKSysoKIhnUFBQGD5syN3bN+z792UrM9EehK5dOnvu3+O+ajl3LiMuXuXKErcXKZuKioqUV5lGDRv+feqEqakJd2PzZk13eWzb5bGNTa+nrPTDr6Y6dmi/xn0lWySMEGJg0OjIoQPi0UHxs932jzY3r112cpwgctA/2rRestjl5Imj9evXK6i0qrJ9KOkse+TPIqitrdVPUoCwX19b9tFYZomkLDajqir5JRnXp+Hz+YtdFv559FCnjh24G4cMHnjr+hWJUVhTU5NLXmdnzZjGlp2jtLW1RgwfevP6lblzZknvulJWVj554tgUZyfuN9uqZYt5c2cdP3bYoltX7rqAhJDGjQ0uXTjrtsxV5Ig8Hm/a1Mn3vG+KDL5UUVGZPXP6+bOnLS27i4wqMDdvu9Z91a3rlw0aNeRuHzjA/uyZk2xpK1rTxo8bc+3KhZYtmkuM70qkoKCwfesmkZXPRo9y2OWxnf1ZWV3dbZnrsSMHLbp15RaPz+f3tbO9dePK6JEO0k/gzOlTb924YmPdW+TTtTYzO33y+IzpU0Xy16ihvW/3zs0b15ubt+Wecx6P16un5ZFDBw557qtaVUKwnHv9KejzsnSzpk0vXzxv3ceKHUJbW2vgAPtTf/05ZPBAi65d6EbZL4CFNkNbG+vbN68OGTyQe+mj392sGdP8fZ6wDtmelj0e3vceP26MSE4+n79pw9qjhz1FZkEsRhUq0qdTUlIaO3oUTTfQ1+dWPK7+/ew2rHMXKYClZffLF85NcXYaPGigxJbu7DSRzfhKWXTrevvmVfF4j8jV4yfcTaSoVq3anl071rqv4q4Ly+Px/mjT2mXh/JMnjurp6rLtJWlE8r0FS9+njMeSnk1KM1RX/37jK+3aIvLektSWkt9ki91Cy/B5hirwyZCzXfYrfLeuXdigND5fl8hASnXiLm0oqYTfK0DxKtu3AhT/oUVbW+vwwX3cJwRtba3lbksmOU4QySl+ng2bNLlw7m/nSY7c6Ry0tbUsunXdu9tj1Qq3yuqibxFvBbq6dQ8f3EfvcT4+vgcPHaHbi/FcJKXpFfWZBwAAAMoHhWLPUA8AAADAZGRmxsbG1tCuIT5h3S8iNTX1bfw7FZVKtWvVql69uixvycnJefs2/suXL3Xr1pHS4Sh9DzGxsSoqKrp16+Jn1wURCoVv3kRpa2tpaUmbqkvkLTGxscIcYfXq1YtX5RISEpM/JBs0MpA+WkXkiJkZmXp6epqaGrK85b///nv/PqGqRtUa2jUKPYpQKIyKitbW1pKxchbk48ePiUlJ6mrqenq60qtcampqUnIyX0+PG7orwoHS0mJiYqtXq6arW1eWtb7y8vLev0/4lP6pmma1mjVrlMbSpHl5eW/j4wkhfD09ue+8IPTSp6KiUkO7hvSRwZmZWdExMUqKinw+X8ZaV6QqJHdCoTAxMSkxKUlDo2odHZ3KsoXiMjIz38W/U1BUqMfnV6pUqRjHLcO7iVAojIqOUVdTq1u3jpSwHFPCRlSeVMDaUoYttBjPM0UlyxV+gYvrufNeG9a5DxxgXxplKEjxKlvJ5ebmJiUlf0z7qK2lXbNmDRneIYpW11L61or0XFRo0yvGMw8AAAD8phAgBAAAAAAAAAAAmYSFh9vY2fN4vKeP7yNADgAAAPD7wi/ZAQAAAAAAAACgcJ8/f3aeMoMQ4r5qOaKDAAAAAL81BAgBAAAAAAAAAKBwb+Pj4+LiHCeOt7O1KeuyAAAAAECJYIpRAAAAAAAAAACQyctXr5s1NZVlqU4AAAAA+JUhQAgAAAAAAAAAAAAAAABQgWCKUQAAAAAAAAAAAAAAAIAKBAFCAAAAAAAAAAAAAAAAgAoEAUIAAAAAAAAAAAAAAACACgQBQgAAAAAAAAAAAAAAAIAKBAFCAAAAAAAAAAAAAAAAgAoEAUIAAAAAAAAAAAAAAACACgQBQgAAAAAAAAAAAAAAAIAKBAFCAAAAAAAAAAAAAAAAgAoEAUIAAAAAAAAAAAAAAACACgQBQgAAAAAAAAAAAAAAAIAKBAFCAAAAAAAAAAAAAAAAgAoEAUIAAAAAAAAAAAAAAACACgQBQgAAAAAAAAAAAAAAAIAKBAFCAAAAAAAAAAAAAAAAgAoEAUIAAAAAAAAAAAAAAACACgQBQgAAAAAAAAAAAAAAAIAKBAFCAAAAAAAAAAAAAAAAgAoEAUIAAAAAAAAAAAAAAACACkS5rAsAAAAAv5a79+7PmjOfEKKvX/+S19myLk65de/+g5mz5xFCWpu1Onxwf+kdaPOWbUf/PEEImeQ0cerkSaV3ILn4vUoLZeXZM5+z572qVqnq5DihTh0d8QwfPqT4+vlHRkampv5Xrx6/S5dOjRo2LIuSgjwdO35i0+ZthBAb695r3VeVdXEACpGamtqthxVNe9+6VqtmzbIu0S8qJSU1LDxcfLuWllbdOnU0NTUKeuOr168dRo0jhFStWuXJw3ulXMxfRXp6+qXLVyMiIv8XEREVHa2upq6vX3/TxnXVNDVFcgqFwvadumZlZRNCvM6d5t4Hp8+c/eDhY0KI29LFAwfY//QPAQAAAL8KBAgBAADgBzk5OQKBgBDy6VN6WZelPBPmCOl5joqOKdUDZWVn0wMlJCSU6oHk4vcqLZSJ+Ph3DqPH0bSvn//Vy14iGc6d91qxag2tSNQS4oIAYTmQ9jGNfq3cLxfgl5WX972u5uXllXVxfl0vXr50nDSloFd5PF7TpqaTJzl27tRR5KUMQUaFuhrk5eVduXptlfvalJRU7vao6Oi83Fzx/Lm5uSxnrvCHDMnJH+ip+/LlaymXGgAAAH5pmGIUAAAAAECe/AMCbezshwwbmZOTUzELUKpCw74PNAkLD8/Ozua+evfe/QUurtwuY21tLX39+j+3jGXv2PETVtZ2K1evKeuCAJSB8n0NrGgEAoGPj+/Y8Y4jR4+LiYkt6+KUpZOnzsyaM5/F/IwMDXv1tBwzeqTzJEcNjQLHWQIAAABIgRGEAAAAAADy9OyZD50t7evXHGXlMnjeLvMClCpDw8YsbWDQSFVVlf355cuXpW4raNrU1GTt6pVGRoZKSkplUcwyduPm7YiIyKpVqpR1QQDKQPm+BpZvjhPH0wtXjlAYH/8uOjomIDCQvvT0mc+UaTO9zp1WUVEp62KWgXfv3rMbnLl52yWLFpqYGJd1oQAAAOC3h2dlAAAAAAB5io17W8ELUKr4enp/Hj107ryXRlUNx4njuS9FR8ckJCTS9M7tW+vV45dRGcteREREWRcBoMyU72tg+TZ29CgdndrcLWHh4StXr/Xx8aXp7R675s+dXXYFLDMnT52mCW1trb27PDQ0qpZ1iQAAAKA8QIAQAAAAAECeokt5XclfvwClrUP7dh3atxPfHhUdTRNGhoYVOTqYlZUlskIVQIVS7q+BFYqRoeG+3R69bfrS33/8efyvihkgZNNrT3GehOggAAAAyAvWIAQAAAAAkKfomOgKXoCykpScTBMVcNFBLjaMEqBiqrDXwPKqatWqM6ZPpWmBQJCYlFTWJSoDL1+9oolGjRqWdVkAAACg/MAIQgAAgN/e1u0e2dnZykrKgwcNqF+/nsirAoFg1559mRmZhkZNhg0ZLP527zv3/AMCCCH9+toZGxmKvJqRkfHMxzco6HlA0PNKysqmpiYdO7Tv2KF9QYVJTEz09fMPDgkND/83Nze3SZPGRoZN+vTpXVldXSTnAc9DKamprc1a9bTsQQiJfPPGPyDQz88/MvKNgYGBibHRAPv+mpoahX78kuwnNzfX19cvODT09euQ9+/f16pV08TYuH37di2aNyvocBkZGf889QkNDX31OvizQFC/Ht/Y2KiHhYWubt2C3hL0/EVAYGBAQNCbqCjDJo2bNWvWp3evQj+X7GeSysnJefT4yctXr/38/D+lpzczNW3a1LRfP7tCDyQiMzPrmY9PaFh4aGjov/+L4OvpmZqa9LbqJV43bnvfCQgM0qlde9TIEUpKSsnJH/z8A/wDAoKCnuvo6DQ1NbGy6mVQQDeWvEpLYyH+AQEhoWHBwSHZ2dnGxkbGRkYdO7SX+I1EREQGBAWFhYa/iYqiy9QZNmnSzvyP2rVri2cuatXKzc39kJISFxfHBm8FBgWpqeWvkFetWrVGDX84G0nJyX5+/qGh4SGhofHv3hkZGpoYGw0cYF+jhrbET5qbm+vn5x8SGhYcEhIZ+UZPT9fY2NjUxLhzp46KiorFKABFLyAKCgrdLbr90aa1xEMLhcJDR46lpKQoKChMGDeWW0LZT2nQ8xc3b90mhDRooD908CAJJ/zg4ZSUFEJIX1sb6UsrnT3nFREZSQjpZdnDzKxVXl5eYFAQISQmJpZmSEtLY8tWEUIa6OtraWlx95CUnHzo8FFCSCVl5aFDB+vp6ko8UEpK6rHjJ7Kzs3mVK0+bOllBQYG95OvnHxwcEhoWHhsbW716dRNjI2Mjow4d24u30AsXL9Pl0Lp16dyunbnIqxmZmTs8dhFCVFVVp06exNbWou1LVVXV2clRXV0tISHx8JFjQc9fpH1Ka9igwfhxYyR+WTk5OQmJiY+ePKF/pn/+zD0Penp6tWvVKurOC62o167fpD3XzZqa2lj3Kehbu3rt+qvXwYQQOxtrU1MTtr2o17oiiYiIDHr+IiQ0NDg4NCs7y9TEuEWL5gPt+1eqVImbLSMjY8fO3YSQDu3adenSKTc398bN25evXH0TFaWpodmuXdspzk5qamph4eEXLl5WUFAYPGhAwwYNMjOzTpw8+eTJ07i4t7q6de1sbQYNtJf9vDEluYvFxMReunwlIvLN+/cJhBA+X7dzp05WvXqqq6sVdE6Kd5vOzs5+5uP75MlTP3//mjVrdu7ccdiQwfQ0Zmdn3/a+c9v7bnx8PI/HMzY26typY5k8JxTpGpienu518VJ42L//i4hUUalkbGzUpHHjnj17VNPULKjkXIVekCW+xT8gMCjoeUBg0MePaaYmxs2bN+trZ1PQOqlFrb39+9kZGRoKhcKXr14HBAb6+voXehShUHjt+o3AwOdvoqKEQqGamlqTJo3797Vr0qSxeGYmLDz8+YuXwcEhUVHRampqJibGzZs169G9G/cKKXdNGn8vUkREJL2UFaqoz2x5eXn+AYGhoWEhoaEhoWGV1dWbNWvavp15d4tuEvPHxMReuXotIvJNdHR0zZo1jY2NjI0Me1r2kHi2i3ete/fu/fuE9/R+RLd8+JDCvbBzKRAFM7NWMpwYAAAAgHwKeXl5ZV0GAAAAKJGJTpPv3X9A+4Y2b1wv8urJU2eWLFtO0/88uifSa5+VlWXa3Iymz5w63trM7NZt78lTZxBC+Hz+3t07nKfMiIuLE9nn6FEOi10WiHRREUK8Llyct2CReAn5fP76tavN2/7B3WhlbRcREUkIeRHou2+/5+69+0XepaNTe5fH9pYtmkv/+MXeT2JSksuiJQ8fPRbf55jRI+fNmVW5cmWR7S9evpo5e574CSGErF65fOiQQSLdgkKhcP2GzQcPHxHJzOPxLLp1vXL1Gj059+/cFMlQpDNJCPnvv/+mz5zz9JmPyPYG+vo1amj7+QcQQkYMH7pqhZv4PrkCA4PmzHeR+AEXzJszyWniDx95zbrDR44RQo4dOZienj51+izxd61f687tMZdvaQkhXhcuzVvgIvGllcuXDR82hH0jX7582bl7767deyVm3rDOfeAA0XIWtWo5OU+9c/deQUW1se69Y9sWms7Lyzt3/sLK1WsEAoFINh6P57F9S9cunUW2JyUnL3RxlVhdzc3brl+zis/ny14ALpfFS/4+e54e2u/ZY1VVVfE8167fnD5zNs3z7MkD2jSKekoPHj6yZu0GQohFt66e+/eIv4Wd8O1bN9naWBf0QQghw0aMovVkl6IHvwAAIABJREFU9crlw4cNEQqFTYwLDOoTQjy2b7XuY8XdIhQKu1hY0pF2vXpa7tm1Q+IbV6x0P3b8BCGkU8cORw970o3JyR+WuC339r4rnp/P52/dvKFVyxbcjewSvchl/sTx40Te8t9//7Ux70jTTx7eY4tvcdtXjRra1rb9ue+aOsV5zqwZ4gVo1MREfCNDT5fsO5exot64eYs1/4f3vCX2vL9/n9Cpa3eavnj+76ZNTWm6SNc6j527t+3YKaUyc2VmZm332HnA85D4S6amJju2buYOM01JSW3bvhMhpFXLFmfPnFzg4nruvBf3La+e+1euXJndH6dNnTzJcYL9oKG0xlL0vcVo4MW7ixV0f2EHYulAv6fKyvm/DC7ebfrxg7szZ88TiUlY97Hy2L41ISFxgqMzDYFzjRg+dNmSxT/5OUH2a+DNW7fnL1ws8Qtas3qFjXUf6bEuWS7I3HpFCLl62WvT5m30UiCSf9uWjbVq1uRuLHbtPXhg3+y58x88fCTLUV6+ej1n7gI2M7PIeWDp6VMns9Ves7Ozt273kFiwTh07rF61nK+nJ/5Soe7eu+84aQpNcy+DXIGBQYOHOdD08WOH27czJ4T4+PiOGDWWFvhlkJ/IW4r6zJaQkLh4yTLxs0cI6Wtnu2rFsipVqnA3btux02PnbvHMRoaGa9esat6sKXdjUZ/rmF27927ZJvkOJVHkvyEs/fXrVyPT/PvRjauXGjc2YC+J3EZl3z8AAACUM5hiFAAA4LfHhqPd9r6bk5Mj8urVa9dZ+u490Z4pX19/mtDW1mrZ4odO7bi4OBs7e9axoq39ffzNsT9PnPjrlMiuFri4sr4PHo/XqWOHTh070D6muLi4ESPH+PiK9t1Q/QcMYb1+3KMkJCQ6OU/JyMyU4RwUeT+vXwf3tLJhvXtGhoa9eloaGDSifx49dtzJearI76j+Pnt+wKCh7IS0NjPr0d2CdWMtWbZ8z499l0KhcKLTZG7vLZ/Pb6CvT4d10uigREU9k+/evbftN4AbbzMwaETPQFR0NO0AksWmzdsGD3NgH5DH43FP44ZNW25735H4Rtely1l4gMfjcTsWFy5yDQ4O4WaWV2kJIYtcl3Kjgzwez8jw+zDHZctXHjn6J00LBAL7gUO5oSxtbS1uORe4uM6dv7CgA8lYtdg4Fek+f/48wdF54SJX1jfNLYxAIBg/cZLIFJHBwSGWvay5ndEN9PVZ3fPx8bXpOyA7O1vGAogYPdKBHfrWbW+JeY7/dZImHEYMo9HBEp5S+VJUVGSNVyJlZdHBHEpKSizgfeu299v4ePF3ff78mUYHCSFjx4z6P3v3GRbF8QdwfAEV9SxRbFEPEY1gNzZi7IqoKPbee+/d2FvsMdbYotHYG8aOvRt7RzGgCBZAISKixHDwfzEwbu7O8+j+5ft5eDHszu7Oze3t3rO/m9+Igqfnvdou9dXRQREJEPz9/Vu0artl67YEvBp9jx759u47UG9hEdVzXjX1W5DAnZt/otauVVN+Ltx3/2H0QLvcd4tCqZIlZHQw3neNT/L29nFr3EwdxlCHHO7e9ew/cIhOpzPc8GVwyOYt2/Sig1qtVu/3Ii9fBo8dN1EdHVQUpWhRx/h9wKU43cWW/bJC3l8cHRxatmjmWr+u+kBC+vTWMtYV7w6vUr2WiA6qT7ADBz1Onz6rjg6q27xp89bNBh+EpP6eYOY10NPzXr8Bg+UbVOk7J9mM8PDwwUNHvHwZbGJzMy/Iels1cGsqo4Pql3Dx4qUJk6aoa8b77L1+42bjZi1lfMv0UYJevOjRq4+MDrrUcW7Vsrn8cUO4SubMMVGx16/DmrVoIxum1Wpr16pZrmzMj8zOnjvfwK3pq1evTHRdQsgZ+PRGE35MXL+zeRw+4lK/oTo6qO72PXv3LVy8VF1/0+atMjpoY5O9erWqcuD1fS+vsT9MUFdOyLWuYMGCn3yxAAAA8UaKUQAA/u/VrFFdFMLDw69dv1GxQnm5Kjg4RB2JOeRxWO9nwvJxVYP69Y0mRKpdq2bvXt1LliiRLl06b2+fwUNHiEeBP/28qFXL5vKZ6bHjJ+QT1RHDh/To1lVmHps7f4EYqjJu/KQD+3bLBHqSeD41Y/qU6lWrfv11Hp1Ot/rXtXPm/STav3HTlp7d9cfcGGX+fnQ63Q8TJomHg8WLF5sza4YMLF2/cXPAoCEBAYEX/ry4Z+/+xo0aiuWBgYFjfhgvyo3cGk4YN0ZmLNyx03302HGiTxo2cJVZXvfs3ScfIDo715o5farYJCwsbNac+R8LIcSjJ39etEQ+bh42ZFD3bl3Sp0+vKIr/kyeDBg+7dfuOOb2nKIqff0x6xubNmvbp3cO+YEG9ncyYOadWzRqG54l4ANe7V4/GjRp+U7iwhYXFyVOnBw8dIXp4/oKFa1avkJUTq7WnTp/Ztn2nKH9bpvTsWTPsCxa0sLCIjIz0OHzkx1lz0qZN17JFM1Fh2fKV8hF27149evXo9tVXX4lRTRMmTRGfgt1/7K1ft66zcy3DY5l5av04fergQQOePHnarUdvseHe3TutYx9YZ4p9sG5llebO3bsxPTB0cLs2rbJly6Yoyp9/XuzVd4DotIWLl8ycMU3UiYqKGj9xsnyWPXXyxKZNG4uMZH5+/r+sWLlt+86xo0daW1ub2QA9xYoVdXKqePHiJUVR1qxd59awgV6Fv/7yFmsVRWkXewFJYJcmLgsLi4P7/ggJ+XvtuvXLV6wSz+tXLF8iK9gVMDIlYdPGjaZMnSHKW7ZsHzFcfwjs3n0xUXytVlutahXxXkycPFW+F/Pnzha5HHU6nee9ewMHDxefhXETJteoXt3oIJh4mDRlmnim3L1bl8KF7MPCwvz8n1SpUtlo5aOHD4SFhR086LFg4WIRN1q0cL5cm8Mmh/k7N/9ETZs2bft2bUWi1PUbNvbt00vvKqHT6db9vkGUO7RvKwoJuWt8ki5KJz62efLkHjl8WP16LtbW1lFRURs3b5k8Zbp4gr9334EmBmmN/f39xZj7KpW/d3Wtp8mY8fFjP8MH9PIC3qZVywoVykdHR/n4PBKjVOP6AVcz/y727NlzMZhSUZQfZ0yVOXtDQ18PGTZC3HpKlSwxZtSIwoULi7cjgR1eqmSJSRPHlyxR3MLCYt36DdN/nKUoStcevcTaWT9Ob9a0sZWV1ePHfgOHDBO/C5k3/+cWzZom5/cEM6+BC5fERHqqVP5+4YJ54toVGRl55OjxLVu3NXJrkDOn/idFMv+CbLhtQTu7H8aOKl+uXJYsmUNDX0+YNHn/gUOKohw9evzGzVtyHGS8z15xApt5lMVLlomUlcWLF1u98hc5uPDosRO9+8bM9jdp4rgK5cvLnyMsXbZcXPY1Gs28OTNd6jiL5YFBQcNHjL7w58Xw8PC58xbMmD7FsGEJ9Co0dOHimBPexia7OvZpVDy+swUHh4i3tVzZssOHDS5frqyVldXbt28nT50hzts1a9d1aNdW1NfpdLPmzBMb9u7VY+jggeJkDgsL27Zj57HjJ8eMGiEbk8CPnmv9ujVrXAsKCqpVp55YMnXyxO++q6iuc+/e/cFDRxhuCwAA8GnRAADg/1+nLt3tvylq/03R2XPnq5dv37FLLJd/f//9t1yr0+kqfFdZLD9/4U+x0OPwEVn5p58XRUZGqnd47/59ufbq1Wti4bt376rXcpGbGDavS7eeYu0u991yoUv9hmJh9Vouf/3lrbfJgEFDxNpOXbqbfu3x2M/WbTvEwpJlygcGBeltcvXqNbG2wneV5cJhI0aJha3bdtDrk+jo6OUrVom1I0f/IJa8f//++6o1xMI+/QbqdDq9TWbPnS+bLRfGoye9fXzkO7L2t/V69d++fde6bQexdvzEyaZ7MiQkZNWva65dv6G33MvrgTzEo0e+cvm0GTPlco/DR/S2+n3DJrlW9lhitTYyMrJ2nfqiZtsOnSMiIvQq6HQ62ec+Dx/Kg65es9ZwV/Ik+b5qjXfv3slV8TtF1Yd7+/ZdtDH3vbx+XfOb/5Mness3bd5qeO7t239A7vD0mbNGeyOuDdBz5OhxucmNm7f01k6ZNkOs6tW3v+EhzO/S1WvWioXde/Yx2gzZ4Xv37TfdYHmebNq8Vb18/YaN8qww54XP+HG2vBTo9VVUVJRsz7r1G8TCXe67TXTUq1eh8lM/bMQoubx7zz5i4apf1xi2ISQkRO7z+fMAuVz9+SpZpvyTJ0/NeUXCtu07xYbNW7YxWsHMnZt/ovo/eSJ3ePLUab36J0+dlscKf/s23neNRYuXioUDBw/9ZCccP3Fy85atb9680Vs+cPBQsZPhI0fLhS9fBqtvlD/OnGN0n+r7o/03RY8eO260Wpw+4PG71BzyOPyxT9OTJ0/Fqtp16suFCbxNt+/YRa8nu3bvJfth5apf1avU3xPkxyQ5vyd88hpYskx5sdbz3n3DtabF6YKsPq+6du8VGvpaXfPdu3fyO9gvy1eqV8X77DX/KPIeangp+2HcRLHqkMdhufCvv7zlUc6eO6+3SWjoa9mrvr6PTXahEceOnzB6GRQePPirZev2soL6Vfz550V5bVFvEtfvbOKN27R56yGPw3pf2CIiImQHbt+xK6Y3vH3kcQ2/4KnF78w3SvbAnxcv6a26dv2GXKte/v79e7n8wYO/1Ks+dhsFAACpDSlGAQD4Esgso4cP/ydD4IGDh0RBZhE8eepD9qR79+6L349rNBqZGUnSarVDBw/UGwji6OAgkmQqiuLn/0QULl26IsbNaDSa/n17GzavV8/uouB5777h2pHDhximB3StX18UvH18DDcxyvz9bN6yVRQGDeynNyWPoihly34rUmYFB4eEhISIoZm7/9gr1o4dM8pwCF2njh1E4eatW6Jw5uw5OU5u0MD+evPcKIpStkwZw5cQj54Us8eJ39S3ad1Sr36GDOlL/ncWHBOyZcvWo1tXvenTFEUpUuQbORbqsZ+f4Ybt27WRIwkkF5cPS549f564rb146bJMjDZsyCDDsRqWlpayz93d/5AHbd+2jV5NKyurAf37irIYOWp4uMQ6RSWHIkW6de2cP18+veVyZrLg4JA3b96I8rr1MVkuK33nVNXYuDGjY3/jpGaNajJPpl724PDw8HXrY8Z+de0Uk2Yz4V36mZCj2cLDww8cPKhedfXadZlAsknjRqKw/veY98KljnPpUvqzHmbNmqVfn5iP7e4/9oaGvk6sdk6ZNN7oxH5JvXPzT9T8+fLVrlVTLNyydbte/U2xl9zWrVqIsVYJvGuYo2aN6m1atzLMuVrHubYo+Pg8NLphQTu7oUP0064aat6sqXzJeuL0AVcz/1Lj8/CRKBheM+W7+cjXVya6TGCHt2vbRq8na9WsIcvNmv5nDktHBwd5PZEJHj+T7wl6PD09zaj1H/G+IM+cMTVLlszqJenTp28Q+xL07q3xPnvNPIpOp5P3UEeHIno7kUmAvbweyIXyW1DNGtUrf19Jb5MsWTL36NZFlB/89ZfRtplp34EDO3e579zlvmXrtjnzfurRq2+9Bo3k/JdOThXlhIgfE4/vbOKNa9umVV2XOnpf2Kytres4x3yfkZ0WGfmvPJZ/7Jdho5LhWgcAAJAQpBgFAOBLUDP2Ud0jX9/Hj/1EBqRXoaFiMpVqVau0atVCTKblcfiITEv1Ib+oa700acz9VmBrqxWPSAIDYwJgPg9jHlTZ2RW463nPcJNXr0JF4cEDI4+NLCyM/GLp66/ziEJAQGB0dLScQskEM/cTFRUl81hqMmqu37hpYp+PfH2zZ8/+6JGvXKKLjDSxibe3T2RkZJo0aR4+inl66+jgUNTR4WP19cSjJ2UMo1nTJiJXZ1IoUKCAiHcGBb0wXGv03clhYyPLL4JeaPPnT8TWynekoJ1d+XJlTVd+4O0tCs2bNTV6UIciRYoXLyZy4j165Ctz9kqJdYp+Uu7cuWQ56MWLTJkyiWxyYkn7dm0TfgijrKysunfrLJLX7dzlPmrEsBw5Yt6+fbGTmBYuXMjJKSanWcK79DNha6t1qeMsZl5cs3Z982ZN5SoZKO3cqYN44B4dHS0vHa1aNje6w0ZuDSZOnirKfv5+JbOaG543wcmpYtMmjRO+n0TcudETtX27NseOnxBzOgYGBeXOFVMnICBQTtnYqkVMvyXwrpEQuXPH/Nzh6bNnRivMmD7lk1cnjUYzbmycp9g02m9q5l9q5BxsT5/qv4q3b9+KQp48ueWPJxK9w/PEdqPebLVCAVutCIoEBgUlSgMS9yL8bZnSZ8+dFzPD+Tx81LZ1S/VMoqbF/4JsrHl5Y6O5H5uWUs8nz14zj2JlZeXo4CBeS0BAoEyzGVMt9tudre2H5TLs9/XXeYx+C3odFiYK3j4+MpAZDzNnzf3YqiqVv58z+8dP/iYmHt/ZTO8wb+yZJr/3FrK3l2vdmjQfPXJ4wwauWbNmMdw2Ba91AAAA5iBACADAlyB3rlzlypYVv7A+ffZsxwLtFEU5efK0WOtav15RRwetVuvv73/4yNG3b9+KOYEOHz0mKtSr62L+seQDx6joKFGQUZ+7dz1btDL1yMz8n/mrx4QlJPpiuJ/nzwPkEjHXlAlPnjwrV7asHKuhKErLNu1NbxIYGJQvX97Hj2N+p29vb2d+a+PRk96xwwhEBC4RhYa+DgwMDAwKev48ICgw5iFvdHS0mZurf4MfrUQnbmvlr/gLFbb/VF3Fy+uvTx60kL29iGap32vTEusUjYqKCgn5OzAw8HlAYFDsw3RJzooknrnH7xDmaNLITQQIFUXZvnNn394xU4utjx0u071rF/kak6hLU0TXLp1EgPC+l9fVa9fE6OEXL17u2btPVGjfLmaIpPrdyZfX+JC7zJkzazQa8Zb5+j4uWSIRAoTfGAycSkTm79z0iSqe3efJk1tEIP74Y68cFrNrd8x40wrly30TO5lZUtw1TIiMjAwKeiGuZtdv3BALIyL+MVrZzs7IjJV6smfPbjQYYOiT/fZJRi815cvH/DBi5y73Lp06FCtWVNZZtGSZKFSsUEEuTPQOT5surSikT29ksr0P3xOiYi/+n9P3hH59eokAoaIoK1auXrFydamSJRo3cmvgWt/E7INJcUGWvRcVFfWxOnE6e80/SrVqVUSA8OdFS+bNmSmjbs+ePRez4qmHEiqKcjd2tOWmzVs3bd5q4nBP/J+a3zYzFS9ebPjQwXIMrmnx+M5muPzdu4igoKCAgIDnAYEyxCi/AqVNm3bY0ME/LVgoBhFOnDx14uSptWvVbOTWoHatWhkyfPiFQTJf6wAAAOKKACEAAF+Ihg3qiwDh0aPHO7ZvpyjKQQ8PsUqkAnNrUH/Z8pWKopw9d96ljvOzZ8/F43tFUb6LHRgUP4Gqh56GIwnUKn3nlJADJYrgkBBZNt3atGnTFixopyjKi5cvzNwkW7Zs2bNnVxTFzy8mr1qePHnMb1tce1Kn08kEbnK8TkJER0efPXf+kMeRvfv2y8eg/6mgmBsgNJSIrfX1fSwKefN8bf5BDdPJSnJkjww9JrWIiIhDHkc8Dh8R0SlD4kGkephIDpNPrhMoc+bMPbp1Xb1mraIoa39b37N7tzRp0ly7dl08QdZoNG4NG4ian22Xxk/FCuXlSJoNG7eIAOEu991ibfVqVeVIEf8nH556m4giaPPnF3uTF4H/a2aeqGJMUsf27ebOX6AoyqYt23p072ppaanT6TZu2iwqdOzQTm6VPHeNt2/fHjt+Ypf7H6fPnI33TuLH/H6Ln6+yZm3TquWWbdvFAKZePbsXsreP1EUePOghQ18DB/SV9VP8Np3iDVBzcqq4cvnSseMmiCzriqLcun3n1u0702bM7N2rx8D+/dQBHrVkuyAnw9nbpLHbxk1bwsPD9+zd5+vr26J5s/TprZ88ffbrmt/E3b9N61aFC334CY4cfajRaIxGhSV1WDEeRo8c/tVXX4nkBDly2NjaavPny2eYSNyEeHxnk7wePNi798Ahj8NG71wy4K0oSt/ePa0sLcUVTzh2/MSx4yc0Gs3E8T+0aB4zHv2zOvMBAAAMESAEAOALUatWjSnTZoj4X1hYmIgUilEd4pGEi4uzCBAePnLUpY7z6TMxkxE2bdIoTk9eDGm1MaOIunft8sPYUYnxapLQ16qI3eGD+8RzKNPkVFKODg7797qbc5T0sY8X5RRQ5ohrT6oTbf3zPg4HMur167B+AwbpzRhnY5M9X968Pg8fGY0XxkkitlY+0Xsd9olp3qysrOSIrjcffwlhYTHzgdlkz5aQhpnpwYO/OnTuKp9NC1qtNlfOnHKmJSFrlg+jlN68eWMiIJdw7du1EQHC4OCQo8eO16vrIqeO69ihnXxi/nl2aUL07NFt+MjRiqLs2btvzOgROWxsREJmkV9UVvsqa1ZZDn/7Nls246/rVeirmPpmXFs+c+afqEKzZk3E43J/f/9Lly5/953TuXMXRFxBo9E4166l2kmS3zUOHPQYOHioeolGo8mVM6e1tbXMEplE4tpv8TN1ysT3//4rgtkrV/2qXqXRaBYumGdfsKDq6Cl8m07xBuipXavmqeNHjx0/vvuPvTLduhhQ+OTJk4UL5hsdj5hsF+RkOHsdihTZtmVDA7emMj6qXuvsXGvCuDHqJQXt7ETM7Kd5c5xrG599M1E0cmsopz2On3h8ZxPDK2fPmS9ugpJGo9Hmz/8q9JVhDlhLS8s+vXu2aN5s3/4Df+zZKzswPDx89NhxERERYo7bz+3MBwAA0EOAEACAL0T+fPnkpF/nL/wZGRkplru61hOFEsWLi/xv7rv3/Dh96tFjJ8Tyui51EnhoOcLm/yI/Us6cOT7kAHzsV8aMh/gy49x9Ly+dTvfJ+W8URbGNndDIzImFhHj0ZOHChUQCK6OzA5ovNPR1uw6d5XCxnt27VqlSuVTJEuLFduvRW8xnaaEkaKa9xGptIfuYB98ylasJxYo6Xr5yVVGUgICAj9V5FjsupFChJEznKHh63mvTvpM4AwsXLtShfdvK31eSj/ILFSkmCuLxdP78+eSGT58+Uz/xT3TqCfl+W/d7hfLl3XfvEavatWmtrpnALjWRTC9F1K/nMnHyVPGObNu2o3jxYuJjq9Vqq1apLKvJ57yKogQFBsln0Go6nU5+5A0zVSZszFhyi9OJKuTKmbOBa739Bw4pirJ1+87vvnPavHWbWNW5Y3v1L1GS+q6xc5f7qDHjRLl6taqNG7lV/r6SmFnz+o2bphP9JVA8+i1+Xrx4ef36DfEzjpw5cvo/eZI5cyaHIkXKlf22Y4f2YuJMKcVv0yneAEMZMqRv2MC1YQPXsLCwA4c8Fi1eKj68+w8c6tOrpzprq5Q8F+RkO3vPnDknCqVKlgh68SIs7E0h+4KFCxdu0ayJk0FiiaJFHUSA8DMfFB6/72yKooz5YcLOXTHRxPbt2tSuVbNChfIZM2RQFGXV6jWz5sxTFMXSUv9jmyOHTZfOHbt07vj06bNd7rt/XrRELJ8z76d2bVtbWlp+hmc+AACAmpG5vgEAwP8ptwauonD69NlDHodFuXbNmB96W1hYNHJrKMrHT5yUP5mvXPn7BB5X5OFUFOXK1WuhoZ8Y0fU5KBI7D9bZs+fMqV/A9sOD/itXzRr/kffrmNSXdz09dTqdmQ2LR08WsLUVhXv3EzSq4PiJEyI6qNVqD+3fM3BAv2/LlDbzsZr5Equ19rEBwus3buoN0zFUpMg3oiAz7+kJDw+/eu26KBe0i8OckfHz2/oNInjgUsd5987tHdu3M/GU2crKqnDsLHF6gzuTQtcunUTh8pWrs+fOF2XX+nX1pmiKX5dqNBpRCAyMz0xsScfa2rp37IR5v2/ctGFjTErMHt26qKfStLa21sYG/v+8dNnorm7evCXLdgVirhuZM8eEaoKDg5PmFSSJOJ2okowl79m7z9vbRybYbNmiubpakt41oqOj5dk7asSwNatXNG7UUMRXkkH8+i0exo6bIEI1+/a479/rfuv65XOnT6xZvaJ/vz560cHP4Tad4g0wIXPmzK1bttj3xy6ZAdLz3n2jNZPhgpxsZ++1a9dF0Ktb187uO7edO33i1vXL7ju3zZ39o2F0UFEU+9hAl3rA5ecpHt/Z/Pz8ZXRw88b1UydPrF6tqogOmilfvrwDB/TbviVm9Hl4eLjIMv05n/kAAAAECAEA+KLUjk36dPL06QMHPcSMJurnSnViM7zNmvPh0X+cnoAYVaJ4cfHoPzw8fMWq1QncWzKoXq2qKCxYuDjoxaeHsmXIkL5C+XKiPGv2XHPGP8kIVkBAoOEEQu/eRYi5o/TEoye/iQ127tzlHhKiHyp78vTpkaPHzdnPufMXRKF508Z58+pP7PfmTULziwqJ1drixYrJ8m/r1puu7FSxgihc+PPi7Tt3DCvs3LVbJlD9tkxpcxpgJqOZVE+einm62rlje72Zrt69izCsL6cIXbFy9d9//53wBpggJuQTZfm0tGOH9nrV4tel2vwxI/Due3mJNMhqfn7+z59/dDxiUmvdqqUoBAeHiMGyYo4uvWrVqsYMKFy+YpXRN2vF6phMj1qtVmbJK1AgJi5+7doNw02uGluYWIw20kxxPVGFihUryDDqD+MniUL1alVtbbXqakl613j82E/+bkCdJDa28e8S93B64tdvcRUZGSnvLFevXv/3339N10/x23RKNcD8a2C2bNnkxdbEHHsJuSCbI9nO3gsXL4mCt7fPk6dPP1Vd+T52hryLFy+ZHyMMDw//5I94El08vrNdunxFFCqUL1exQnm9tW/N7vayZb+VP4VJnz795/DRAwAAMI0AIQAAXw77ggXFb9tljruGDeqrK5QuXUr8QN7f318sSXh+UUVRsmbNMmrEMFFesXL1mrXr9B7H3Lh5q3PXHnVd3QKDPouRQ927d5UDBXr36a+XpvLt27fLlq/hr7YGAAAgAElEQVSsWKnKqtVr5MJJE8eLwq3bd0aPHf/mzRv1Js+fB4wdN6FipSpySEGVyt/Lp+RTpv348NEjWTk09HX3Xn2MPl+LR0+2ad1Srh3zwwR1wx48+KtZi9byvTYtc6aYESfPnj9XL3///v30H2fJebOilQQlSUys1ubN+3Wv2CFfy5avlKEsISQkZNCQYTVq1xV7q1+vroxRDRw83OvBA3Xlo8dOiMk7xVx0emGMeMiUKZMsX7gQcz48fuwnB5JmyRwzi1XAfwfSvXwZ3LV7T/lvdGw+yn59e8uFffsPevnyP6PQDhz0qFyt5sLFS81vgGk9e3RT/+vo4GD4tDR+XaoenbloybJoVcLNc+cvNGzcLOHzXMZbjhw2rVr+Z4hbt66d1T0pDBrQXz7q7T9wsHo4SFRU1KLFS4/GRrgnjh8rB+DKjLhXr12TI+rEW7x6zdreffsn+suRLb/v5SWuFTqdzpx8vGpxPVEFS0vLbrHjUOV1o327Nno7T9K7RkZNRll+8fKletWdO3eHDBsR1x3GSfz6La7SpEkjP1ADBg1xLF66Ru26LVq17daj9/CRoxcsXHzw0GH1ByrFb9PJ2YBPXgMPHPRYvGSZ3rU0JCTkz9iYmaOj48d2HtcLclwl29krz5/TZ85Wr1mn1LcVGrg1bdexS+9+A6ZMnbFm7Tq9yQ6dnCq61q8ryqPHjjvz3wQMOp1u/4GDzi6u/QcOkf28dfuOUt9WqFipysDBQ5M5s3Rcv7PJqF5AYJDevdJ9955FsW9oVFTMx1an061YuXrDxs3v379XV7585ar43Gk0GvEbkRT/6AEAAJjGHIQAAHxR3Bq4Lli4WP5bq1ZN9VorK6tGbg3X/vZhxJUcS5dAbdu02rxlm3icNGPm7N179lZycsqvzRcYEHTu/Plbt2PGGC1fsWrShHGJcsSEyJghw5RJEwcMGiIeHtWqU69JYzeHIkUsLCx8Hj7cvmOXqDZrzrxGjRrmzpVLUZSijg6dOrRfv2Gjoii73Hefv3ChVs0ahezt37x5c+v2nWPHYyZ0nDBxytHDB0RXD+zfR0wj5O/v36RZqzrOtbJnz37v3n3Tecni2pPa/PmbNW2yy323oijHjp+o6+pWq2YNCwuLq1ev6z3dM6148Zgxedu278yfP3+NalUtraxu3ry5+tffEnHCocRqraIofXv32rhpi3gSN2rMuH37D5YvXy5rliw+Pg/F26QoyuKly+fMmmFpaTll0oRGTVuI98K1YZNGbg1FzEb93mk0mn59eps8plly5sghy6PHjrt0+XJAQODhI0cHDug3ZNAARVHKlCklunTi5KmKojg6FomI+OfMmbOrfl1rNEKWO1euUSOGzZn3k3j46OrWuH69ug5FirwKDT158rSIwSxavLRJIzcxUu2TDTCtfj2XH2fNlmM+unXtZFgnfl2aN+/Xjdwa7tm7T1GUNWvX3fW8V71qldDXr8+eOy8mT01ZnTp22LZ9p/y3fVv9mJaII44YPmTK1BmKopw6faZOPdc6zs622vyhr19fuPCn/HhWr1a1Vs0aciuXOs5i/lcRUWjapFHRoo4PH/qePHUqTnOUmq+AKs7dvkOXunXrnDl77u5dz/W//Vr5+0pm7iSuJ6rUyK2BjBCLGfJqVK9mWC3p7hq5cua0sckuzuH+A4eMHjncxiZ7SMjfBw95bNq8NU67iod491tcDR0ycNCQ4fJff39/wx9YzJszq2mTRqKc4rfpZGuA6Wug14MHAwcPVRRl1a9ru3bpVLFCeY1G4+Pjs3jpcnHOODlVtC/40VzTcb0gx1Wynb3VqlaWE1eLHz0Y3oXLlS27cvmSr2Knah4zaqTIThEcHNKlW8+aNaqXLFkia5YsT54+PXjIQ1zNHvn6Hjl6rF5dF0VRZvw4W2x44KBH186dypb9NhHbb1pcv7MVdYwZOu/v7z9sxOju3bqksbLy8/ffum2HYRIIRVG279gpzoHVa37r3q2zo4ODhYXF1avXlv6yQlTo2b2rrJziHz0AAAATCBACAPBFcXauJQOETk4Vc+XMqVehjnNtGSCsXaumnBwrgaysrNatXT1u4iQxgObuXU/DJ/7Vq1UdNmRQohwu4erXc1m4YN4P4yeJJ7a7/9hrWOeXpYtEdFAYO2ZklqxZliz9RYzRNHxUp9Vql/+yRP7bpHGjO3c8xfOp8PBw9SFKlSwxd/bMuq76CQzj15NjRo14/NhPPJfUa1ib1q2qVa3cb8DgT3ZIA9f6q35d4+3toyjKTwsW/rRgoVxV0M7O1bXe0mXLP7kTcyRKaxVFyZIl8/atGwcNGS7afPrMWb2neO3ath47ZpQoFy9ebPPG9UOHjxRPMEWMSq1c2bJzZ/9oOHFXPFhYWAwc0G/xkmXifV//e2y0csmy3j17ZMiQvm+fXu6794i1w0eOVm9br66LpaWFeAKr1qN71/fv3/+8aIl4MisnyRNsbLIvXrhAPoz+ZANMt9/a2rp9u7ZiwIRGo3GtX99otfh16dDBA8+dPy+efV+8eOli7HgdRVE6dWxvYWGxbv0G081LOkUdHcqVLSvOzJo1qtvZFTBarWP7dmnTpB0/cbJ4L7Zs3aZXoU3rVmNH/2eUj7W19ZSJE3r3i4nOuu/eI04AYc6sGet+35i4IdKiRR3la3nk67t8xSqx/JflK80PEMbjRBW++uqr5s2aynG9nTt2MDqbaZLeNX4YM1q0+e5dz05duqtXDR825Ld165Mu7WG8+y1OXoWGqpMiihGKr8Ne672uEaPG2NkVEON9U/w2nWwNMH0NtLSwdHRwuO/lFR4eLm7oajY22X+aO1s9+aihOF2Q4yF5zt6r164HBASI63zFCuWDXrx4/TosJCREHca+eu3asBGj16yOCXrly5d3j/uOYSNHi9vuiZOnDHMh9OvTy6WOs+HhIs2ejDmxxOk7m51dgVYtm4vfiOzbf2Df/gOymkajGTli6OQp09Xb2tjYaDSa8PBwf39/vVUivb96pGmKf/QAAABMIMUoAABfFEcHB5nZske3LoYVypcrK8eK1a/nYmJXmowZTaw1lCOHzYplS+bPne3kVFEmaxLPVlzqOP+2ZtWa1SuMxiOtrdOZ3rOFhYU5DYjrfho2cD3isb9Vy+bqzIeKohQuXGjIoAFXLp7Te8iVLl26oYMH7tqx1dm5lsxQKjg5VZw5Y9rhg3sLF7KXC62srCZNHDfrx+lyUjfxJHfY0MGbNqwvXLjQx4ZvxrUnbWyyb1i/plfP7nLOM41G4+xca96cmTOmTS5TprQ8JUzIkCH92tUrG7jWUy/Mkyf3mFEj9u91b9+2tWhJGmMP+tNbfyLmpJYorRUcihTZvXN7n949RWZduf+aNaovX7Z42pRJ6vk1K1Yo73Fgb6+e3eX5L1QoX278D2M2b1xn4nluXE+tPr16dOvaWb2kZo3qRzz2i+BcIXv77Vs26jWjVMkSSxf/vHTxz02bNBZL0lh9+CWflZXVwAH9tm3ZUK1qFfUpUbx4sU4d2x8+tF9OCmhOAz7peWya2a5dOpnYJB5damurPbhvj8xTJ1SvVnXRz/MnTRhXN/YTZ/4ZpTdVmHU669g9fHQKsY/R6XRyRtKuXYyMmxQsLCzatml1/Mihpk0aqS8dNjbZq1erunrlLzOmTTbMTersXGuP+45SJUuo6zdya/jHru3NmzV1a+BqomFx+nzJRi5cMK9a1SrqhZ06tl+6eKFeTRM7j8eJKrVt00qWWzRv+rFDxPuukT79J6bObdLYbc6sGXoXamfnWnt37+zXp1fLFs1NzDNnne4Tn3fT98eE9Jv5l5qhw0aKuNTCBfO2bPp9y6bfjx4+cOnCWW+vu2dPHZ85Y5rsz/MX/pSbJ8VtOmNGzcdWGXZysn1PMHEN/Oabwnt275g0cZz68yjaMKB/3xNHPeS96WPiekGOeQlmnFdCUp+9iqJcu3a9W4/ewcEhTk4VTxz1WL3ylz3uO04e87h1/fKdm9d2bNsshgCKodIRER/mzixevNge9x1DBg3Q6z0bm+zt2rb2OLhv+LAhMrzaOzYTeLmyZU3P72sd9yu2HsMOiet3tonjx/Xv10ddTaPRdOrQ/tjhgx3btxPtT5s2rVhVx7n26ZNHu3XtrPcFUqvVzpszc93a1Xq/ioj3ma/XHlEw0V3qnev52FYmZtwEAACpgUUCJz8AAAAwFB0d/fx5wOuw119l/SpnzhxGh498Vt6+e+fn55cuXbocNjnMHEb2999/P38ekDlL5hw2OT4ZdxH7L2BbwMwIjRTXngwODgkJCbG3LxjvPg8PD/d/8iTy30gbG5s8eXKbGZ2Nn4S3VhI9nDtXrmzZsn2ycmRk5GM/v3Tp0uXLm9f0SJEENunZ02cWlha2Wq18qqgWEhLy5OmzdOnSmtlsITo6+umzZ//8808BW9s0aUylA/lkA4wKCAisXC0mNfHZU8e//jqPOVvFtUt1Ot1jP7/3799/U7jwZ3J9OHjosEg7XNDO7vChfWaeGOLEy2GTI0cOG3PqR0REPHz4KHPmTOYHwhPi1atXgUFBGdJnyJ8/X7xP9fidqHGVFHcNnU4XGBgUGBSUJUvmr/PkyRjHX70kUNL127Nnz6vWqK0oSrWqVdb+utJonYWLl4pxwJ06tJ800UjewhS/TSdDAz55DRQXondv3+XPnz9r1izxOIT5F+S4StKzd8KkKWJE3Y5tm42G7v7991/H4jHLz589qc6moG7hYz8/XaQuW7ZsH7sA+j958vbt28KFCqX4dd7M72zv379/8vTp69dh2bNly5v3a3Pe03fvInwfP7aytNRqteZ8x0vxjx4AAIAaAUIAAAAAMebM+2nFytWKojRwrbfo559SujnJp1HTFiLt2/Spk9UD4IDPjcfhIyIVs4kP6cjRP4jZXhcumNfQ5BBVpELOLq5ipkyPA3vVQ/AlX9/HtV3qiyFxJ48lQlJcAAAAfJ5IMQoAAABAURTl9eswER1UFKVzpw4p3Zzkc/HiJREd1Gg0jRs1TOnmAKaUKllSFPYfOPTLipXqSePEyOxZc+aJ6KBGo/m+0ncp1Ex8vipVchKFPv0GenreU6+Kioq6ePFS+04xOepbfjxFMAAAAL4AjCAEAAAAoCiKsurXtbNmz5UTTaV0c5JPtx69T50+oyhKzx7dxowakdLNAT5h4uSpGzdtkf86OVX8Ok/uf//9NyAg6Oq1a3L5xxJIIpXz9vZp1rKNDC0XtLMrVNg+a5asISEh9+7fDwgIFMvr1XVZ9PN8cmACAAB8wQgQAgAAAFD++eefqjVqBweHKIoyf+7sJo3dUrpFyeS+l1cDt5hRMieOetjaJsfsgEBC6HS6hYuXLl22/GMVqlWtMnzo4BIliidvu/B/w9Pz3rgJk27dvmN0rUajGdi/b8cO7dKnj9vEyQAAAPj/QoAQAAAAgBL04sWevfsURbHJnr1xIzdLy9QyGcGt23cuXb6sKEqxokXJx4j/I2/evDlw0OMvb+9nz54/e/bM2tq6UKFCdgVsy5cvx8BBmOPmrdsnTp569MjXz89PFxWVL29ee/uC9gXt6rrUyZQpU0q3DgAAAEmOACEAAAAAAAAAAACQiqSW3wUDAAAAAAAAAAAAIEAIAAAAAAAAAAAApC4ECAEAAAAAAAAAAIBUhAAhAAAAAAAAAAAAkIoQIAQAAAAAAAAAAABSEQKEAAAAAAAAAAAAQCpCgBAAAAAAAAAAAABIRQgQAgAAAAAAAAAAAKkIAUIAAAAAAAAAAAAgFSFACAAAAAAAAAAAAKQiBAgBAAAAAAAAAACAVIQAIQAAAAAAAAAAAJCKECAEAAAAAAAAAAAAUhEChAAAAAAAAAAAAEAqQoAQAAAAAAAAAAAASEUIEAIAAAAAAAAAAACpCAFCAAAAAAAAAAAAIBVJk9INAAAAicPf33/l6jUREf+0ad2iXNmyKdKGFq3aPvjLW1GU+XNn1XGunSJtePky+NLlKz4+PiEhf9vaaqtVq1LI3j5FWoI40el0lapUj4j4R1EU951bP8N3bf2GjfPm/6woSgPXejNnTEvp5gAAAAAAAMQfAUIAAL4E0dHRXbv3fuTrqyjKLvfd58+ezJ0rV/I3I+zNm/DwcEVR/v03MvmPrijKzl3uU6b9KNogjFfGfIahJhiKiooKDg6JKeuiUro5RoS+ChWnlvoEAwAAAAAA+H9EilEAAL4EoaGhIjoo+Po+TqIDDR85uq6r2+4/9ibR/hPi+ImTo8aMUwdvbGyy29kVSNFGIcWs37Cxrqvb1Ok/pnRDAAAAAAAAPjuMIAQA4EuQNWtWrVbr7+8v/rUrYJsUR3n//r0IDaqDkZ+J9+/fT5g0RZSLFy82c/pUR0cHKyurlG4XUswhjyPe3j6ZM2VK6YYAAAAAAAB8dggQAgDwJbCwsFi/dvWqX9e8e/euTetWuXPnToqjBAQEJsVuE4Wv72PZvCULF9jaalO6RUhh3t7eKd0EAAAAAACAzxQBQgAAvhC2ttppUyYl6SGePnuWpPtPCDmo0dHBgeggIiIi5IyGAAAAAAAA0MMchAAAwFxPn36+AcKgFy9EgUkH8ZmPdgUAAAAAAEhxjCAEAOALcenyleMnTiqK4lCkSNMmjeTyI0ePXb12PU/u3B07tLOysnrx4uXlK1evXL16/fqNPHnylCherG5dl8KF7E3v/N27iOcBzy9dviL+ffr06dVr1+TaYkWLZciQ3nCrBw/+unL12tVr1x4+fFS4cOFiRR2bNW2SNWuWjx3lvpfXjZu37t71fPTIN3369MWKFS1VsmTtWjUsLCw+tkl0dPS169cVRXn82E8sCQ0NVbetoJ1d9uzZ5b8RERHnzl+4f9/L89794ODg/PnzFS3qWKxo0e+cKhoe5b6X1+4/9lpYWLRs0cy+YMF37yI2bt587twFf/8n+fLldWvYoEXzpoY9fP3GzfMX/jx3/oKlhUXp0qW6d+0sGhAdHX3p8pU9e/f7+PhERUU7OHxTpnSpJo0bmT9RYlRU1OXLVzzv3b/r6enj8zB//nxFixYtXqxo1SqVLS2N/Orr0uUrd+963rvv5efnly1btmJFHYs6On5fuVLGDBmMvlJra+uuXTp9lTXr48d+Z86eO3Pu3N8hr74pXKhzpw5Finwjaj589GjHTvd79+4Hh4QU+aawo6NDy+bN9d7Tt2/fLlqyTFGUJo3dHB0coqKi7np6Xr589c+Ll54+fVaqVIkyZUq7NWxg2AzT3r59e/7CxXv37t2+c/dNeHgBW23Roo61a9bMly+vulpkZGRAYOCZc+fEv2Fv3qjPh/z58+fOlUtdPzAw8NLlK3c973l5PYiKiipS5BtHhyL169czp3nuu//wevCXoijfFC7UvFnTj1U7eOjwzVu3FEWp61Ln2zKl4/SqAQAAAAAAkoJFdHR0SrcBAAAkgsVLlv28aImiKA1c6y36+Se5fPqPs9b+tl5RlPW//RoWFtZ/4BDDbWfPnCFiXUbduXO3cbOWJg59aP+eb74prChKXVc3b28fRVF+mjfH29t72fKVejXz5Mm9dPHCMqVL6S3/559/FixcvGr1GsOdV6n8/fRpk7X58xs9tE6nK1K0pIm2LV64wLV+XVG+e9dz8NARMhmpWvVqVWf+OE0vdHT4yNG+/QcpijKgf9/ePbs3bdFavDrh2zKld2zbrO7htatXnjh1av3vG/Ve8hGPA1aWluMmTHLfvUfvuOXKll286Ce94xoV9OLF6DHjTp85a7jKyani7B+nabUfEqu+ePFy/KTJR48eN6ys1WoXzJ+jF6aSr3TggH6F7AsOGTZSb6t9e9yLOjqs37BxytQZeqtsbLIvX7q4bNlv5ZLg4JCKlaqIV7f+t9Vjx03cs3ef3laODg4rly9Vx/b+/fdfx+IxrZJnlHTz1u3BQ0f4+/sbvqLpUye3btVChkgLFSlmWEdduW2bVvJf991/jBg11rCaVqudPXO6U8UK6oWGHzH33XtGjBoj1u7dvbNYsaKGuwoMDPy+ak1R3r5lo7qjAAAAAAAAUgopRgEASC3GTZgso4MajUaj0chVo8eOu3vX82MbpkuXLq7HGjZilIwO2th8GMAXEBDYq0+/t+/eqSu/fh3WrEUbGR3UarW1a9UsV7as+PfsufMN3Jq+evXK6IEsLS0LFy5koiVp0sSMz3Pf/Uejpi3U0UF1RO3U6TN16ja4eeu20Z28fBk8dtxEdXRQUZSiRR31qnXt0UtGB2X3BgQErlz169z5C2R0ME+e3HKTq9euTZ4y3UT7hbt3PZ1dXNXRwYJ2dnI/Fy9eatCo2T///CP+9fS8V9ulvjo6qH6l/v7+LVq13bJ1m9EDLV6yTEYH1W/cpMnTDnkcltFB9arg4JA+/Qfqvafy1XXq0kNGB9Wn3H0vr/oNG7958+aTr11RlO07djVr0VpGB8uVLVu7Vk358sdPnPyLKhStPoppo8aMk9FBjUZTpfL3VSp/Lzb39/dv16HzxUuXTe/BtX5debiNm7d+rPGiULx4MaKDAAAAAADgM0GAEACA1ELEV3r36nFg3+4bVy/evHZp9cpfZHhj/oKFH9uwSJFvTh7zOHxoX+1aMQOh2rVtffjQPvlXoICt0Q1nTJ9y9tTxSxfOPrh3e9SIYWJhcHDIxk1b1NWWLlt+38tLBGl+Wbro5DGPlcuXbtuy4fzZk5W+c1IUJTw8fO68BUYPYWFhcXDfHxfPn+nTu6dYUtDOTt020eagFy9kKChPntzbt2x8cO/2yWMenrevL14Ys+fw8PAJk6bodDrDo2zZum3f/gOKorRp1XL+3Nnz5szs27tX29atDGtqNJqVy5feuXnt1vXLv69bI7p38ZJlYohh1y6dbt+4cu70iZvXLjVp7CY2OXzk6PUbNz/W+SKz6PiJk8PDw8W/UydPvH3z6tHDB86dPnHiqEerls0VRRk7eqS1tbWoPHHyVFl5/tzZd25eO3nM48G927t3bZORwnETJpuYpW/CuLGXLpy9dOHsyWMejg4OItQnosuVvnM6deKIeE/HjR394T3duNnorq5eu1bQzm7VimXXLv956/rla5f/lPlvw8PDt2zbbuKFC4GBgWN+GC/KjdwaXv7z7LYtG1YuX3ru9InZM2MClj/9vEjmmD16+MDhQ/uGDh4o/nV0cFCfD67164nlx46f2LnLXZRHDB9y9dL5dWtXr1u7+vKfZ7t26RTTS+MnvX//3kTbrK2te/XoJspbtm4zDGNHRkau3xATM+7WpfMnXywAAAAAAEDyIEAIAEAq8svSRaNGDHMoUsTS0tLCwqJmjeoybnfq9BmjsTFBq9UWsrfPkiWz+Dd79uyF7O3ln+EQQ61W63Fgb5tWLb/+Oo+iKFZWVr179ZCpPs+ePSdrenv7rF6zVjbPpY6zXJU7V65lSxaJGNuWbdtlBEiPpaVljhw2cjxZrty51G0TM/zNm/+zWJsnT+79e3eXLfutWG5tbe1av+4e9x1i7d27njt37f5YJ6xcvnTG9ClNGrs1bdJ4xPAhhvkkbWyy7961rXatmmJGxu8rfTdwQD+5tnq1quN/GJMxY0ZFUTJlyjRj2hQ5Dk89SZ6hg4c8bt2+I8q/rVnVvl0bOT2era125oxpD+7dlmkz/9izV4Ybd+3Y2qSxm2iMlZVVyRIl/ti1XXbU3Pk/GTuasmLZki6dO4q2abXaGdOnqF/g0sUL8+fLJ3bYrWtn+Z5+bLBd8eLFtm7eUKtmDTFPYdasWebNmSUjzStX/SoHPn7MnHkx7axQvty8OTPVM0q2aN5UnsBLf1khCrly5ixkb587d8zLzJAhvfp8EM2IiIiYNmOWqDCgf9++vXulTZtW/GttbT3+hzHVqlZRFOWRr+/+AwdNN691qw/Zd3fERhylY8dPBAeHiMhx/XoupncFAAAAAACQbAgQAgCQWrRv10YdfhNcXD4sefb8eWIda+TwIYaZP13r1xcFb58PuTp3/7FXFGrWqF75+0p6m2TJkrlHty6i/OCvv+LXmPDwcDlWrE/vnl9lzapXoXjxYjLQtWGT8ZFwzZs1lWGtj6lfr659wYLqJVWrfC/LbVr/Zx7H9OnT13WpI8ofi30K69bHDEGr9J1T1SqVDSuIYKcgc5y61HEuXUp/dsasWbP069NblHf/sTc09LVeBa1W6+xcS72kTOlScphpI7eGIsAmyZfg7fPQaOOXLFygzkcqdIsdohccHGJ0SkgpPDxcniFjx4xSv1KhU8cOonDz1i0T+9Fz6dIVMaBWo9H079vbsEKvnt1FwfPefdO7ypkzR8sWzUR57W/r9aLsv2/YJAo9u3cVQzwBAAAAAAA+B2lSugEAACCZWFhYGC7MYWMjyy+CXmjz50+kYxn5EZIYTSim5YuOjhbtkWG/r7/OYzTT5uuwMFHw9vGp41w7Ho1Rh98aNWxotE6L5s0OHPQQgwijoqIsLf/Tfo1GI9NpxknuXLlk2a5AAb21efN+LQrPnweY2InIv6ooSvt2bU0fLjo6Wo41FKlHDTVyazBx8lRR9vP3K5m1xKdehPL113nE/It64U/1eyonCNRjnd5IVKxixQqy/Px5gMhiatSjRx/Ch7rISBO5WL29fSIjI9OkMevLrc/DmHCmnV2Bu573DCu8ehUqCg8efDos3alDezHRYEBA4MlTp2Ug2efhwwt/XhTlVq1amNMwAAAAAACA5EGAEACAVE0dCYtWopP0WOoRVDJAeNfTUyzZtHnrps1bTWz+xP9p/I4rx6hpNBq9AXBSvnz5ZDkgIFCG7oTs2bN/bEPTZOJKMWRQb611upgOiYqK+tgegoND5ISCBWy1pg8XFBQky/ny5jVaJ3PmzBqNRuzT1/dxyRKfDhDKjKYiW6maYXZZc1haWubJk1tMgvjsmalxqz4PH8lyyzbtTe82MDAoXz7jr1qPiHeKeHCLVt6mR5UAACAASURBVKbCrurRrh9TrFhRJ6eKFy9eEiM4ZYBwy9aYGRabNHZTh4oBAAAAAABSHAFCAACQkkSUSETv0hsbbSaVKFE8fod47BczuE0OdzOUI8eHkZRPnj7VCxCmoKfPnslyjpw5TFf2f/Ihhprz45W1+fOLUYl+fsaH/SWDXDlzirf+xcuXJqq9ePlClg1Tlaply5ZNPT2haYGqSKrp3Vb6zsmcHXbv2lkECM+eO+/t7VO4cKG3795t3RYzt2WH9u3MbBgAAAAAAEDyIEAIAABSUkE7OzHC76d5c5xrf2KSv/jJnu0rUXjz5s3H6rwNfyvL8RssmESyZvnQmDdv3uTKmdNEZfX0iuFv32bLls1otVehr2Lqf/VV4rU0bv6OzeFpOj6XP3Zkp6ODw/697ol1dK02JpVu965dfhg7KuE7rFG9mlarFXlWN27eMmnCuAMHDolhmqVKlvi2TOmEHwIAAAAAACARGZkfCAAAINkULRoz/5xMBJroCtrZiUJAQKBOpzNaRz2kzFZrm0QtiYf8+T/kPn369JnJuh/iXoqiBAUGGa2j0+nkqE07O/1pEZOHTqeTcxbaak3lTZUtvO/l9bH3Lh4K2duLgjkZRM1hZWXVvVtnUV7/+8bXr8PWb9go/u3WtXOiHAIAAAAAACARESAEAAApyT42VHPi5KkkOoQ6DHb9xk2jdUR+SEVR8uTJbTjTXgqysrIqXLiQKF/486LpytbW1trYeNufly4brXPz5i1ZtiuQMgHCGzc/vAvqoKahArYfWnjl6rXEakDBgnZyn6GhrxNln00bN5Ll6T/OunvXU4yPrOtSJ1H2DwAAAAAAkIgIEAIAgDiLeBeRWLv6PnaOt4sXLyVRjDBXrlxyEOHKVb8aVoiIiFi2fKUoV6taJSnakBDfOVUUhRUrV//999+mK1erWlkUlq9Y9c7Y27RidUwPaLXaPHlyJ3Zj9Rk9VVas/NCGAramxmtmyJC+Qvlyojxr9tyoqKi4NsBoJ5QoXlyj0SiKEh4evmLV6rju06hMmTL16NZVlHfuismG2rljh3Tp0qmrhYSEmEh1CwAAAAAAkDwIEAIAAHNlzpRZFI4dPyEKb9++VSfnjAcnp4qu9euK8uix486cPadeq9Pp9h846Ozi2n/gkHhnmLSwsJg0cZxs+bz5P6t3FRYWNmjIcDFdnKIoQwYPjO9LSSr9+vaW5b79B718Gaxee+CgR+VqNRcuXir+HTSgvwx99R84WD08LioqatHipUePHhf/Thw/1srKKqkb371nH5lNVLZBnj8jhw/5ZBsmTRwvCrdu3xk9drxedO3584Cx4yZUrFRFb3hlpkyZROG+l5c4RXU63ePHfmJh1qxZRo0YJsorVq5es3adXujxxs1bnbv2qOvqFqfTu0P7NnpLWrVsIcvR0dEjR/9Q4bsqpctWXP/7RvN3CwAAAAAAkOjSpHQDAADA/w2ZmPGRr2+7jl3KlC61Y+euiIh/Thz1sLHJHu/djhk18sBBD0VRgoNDunTrWbNG9ZIlS2TNkuXJ06cHD3mICfMe+foeOXqsXl2X+B2iapXKLnWcDx85qijKLytWnjh5qkrl721ssj999uzoseNyTr4xo0bkzpUr3i8kieTOlWvUiGFz5v2kKMrlK1dd3RrXr1fXoUiRV6GhJ0+evnrtmqIoixYvbdLIrUAB2xw5bEYMHzJl6gxFUU6dPlOnnmsdZ2dbbf7Q168vXPjz1u07Yp/Vq1WtVbNGMjT+ka9vg0bNXOvXzZc3ry4q6uzZczLLq6ODgzlvaFFHh04d2osp/Xa57z5/4UKtmjUK2du/efPm1u07MtY4YeKUo4cPyK0K2H6Y2rB9hy5169Y5c/bc3bue63/7tfL3lRRFadum1eYt2+57eSmKMmPm7N179lZycsqvzRcYEHTu/HnZUctXrJo0YZyZL1ar1dar63LI47D4t1nTJjlz5pBr//rLe5f7blGeMm1Gu7at06ThqzgAAAAAAEgZPJUAAADmauBaf95PP4vBdhcvXpLz9m3dvqNfn17x3m2+fHn3uO8YNnK0t7ePmIzQMNdovz69XOo4J6Tx8+fNnjv3JxFnuu/lJSJDapMmjuvQrm1CDpF0enTv+v79+58XLRFh1A0bN6vX2thkX7xwQYECMbk6O7ZvlzZN2vETJ4vKW7Zu09tbm9atxo4ekWyNDw8P375jl97CalWrLPhprplDGMeOGZkla5YlS39RFCUgIHDT5q16FbRa7fJflqiXFC3qWK5sWRE9feTru3zFKrH8l+UrRYDQyspq3drV4yZOEkMq7971FLMGqlWvVnXYkEFxerHt27WRAcKOHdqpV0Ur0ep/45EuFQAAAAAAILGQYhQAgC9N+vQZjC+3Tp/APdvYZF/76wqtVqteMnnS+N49u+vVtLZOZ7D1f1hYWKj/LV682B73HUMGDShVsoTeEdu1be1xcN/wYUMsLU19b7FOZy0K6a2tjVbImCHDpInj1v/2a80a1dXjHbVabSO3hocP7evUof3HDqHJmNH0y4k9tKkeNtEnGTIYf8skKyurgQP6bduyoVrVKiKDqFC8eLFOHdsfPrTfqWIFudDCwqJtm1bHjxxq2qSRnHxRdGb1alVXr/xlxrTJMgOnHtOvVG86PXMcO3ywW9fO6skOvy1TeuTwoatX/vJV1qwf28r6v29iunTphg4euGvHVmfnWnpjVZ2cKs6cMe3wwb2FC9mrl1tYWCxcME9vRslOHdsvXbxQ/psjh82KZUvmz53t5FRR3asajcaljvNva1atWb0ic+bMhs372EdMUZTAwCD5MvVO5sKFClWp/L0o9+ndMx6dCQAAAAAAkFgsoqOjzagGAAAQIyoqKijoxavQVzbZbdQZFBOLTqd77Oeni9Rly5YtRw6bRN+/EBISEvTihTZ/fnVk6P9CdHT002fP/vnnnwK2tubkqHz77p2fn18OmxxJ15l6goNDKlaKicydP3tSZG199epVQGBgQTs7649EcM33999/P38ekDlL5hw2OTJk+ETY+9WrV4FBQRnSZ8ifP5+JGHN0dPTz5wGvw15/lfWrnDlzxG92xqioqPoNG4uBsIsXLpCTa0o6ne7hw0fW1ta2qgyoAAAAAAAAyY8AIQAAABKT0QBhanDq9JluPXqLwZrnTp9ImzZtSrcIAAAAAADAOFKMAgAAAIngl+UrRaFrl05EBwEAAAAAwOeMACEAAACQUDdu3rp85aoot2rRIqWbAwAAAAAAYAoBQgAAACChfl2zVhRatWxuY5M9pZsDAAAAAABgSpqUbgAAAAC+KBkzZhw7ZqSiKBYWFtmzZUvp5iSTb8uUKV26VHrr9A0buqZ0WwAAAAAAAD7BIjo6OqXbAAAAAAAAAAAAACCZkGIUAAAAAAAAAAAASEUIEAIAAAAAAAAAAACpCAFCAAAAAAAAAAAAIBUhQAgAAAAAAAAAAACkIgQIAQAAAAAAAAAAgFSEACEAAAAAAAAAAACQihAgBAAAAAAAAAAAAFIRAoQAAAAAAAAAAABAKkKAEAAAAAAAAAAAAEhFCBACAAAAAAAAAAAAqQgBQgAAAAAAAAAAACAVIUAIAAAAAAAAAAAApCIECAEAAAAAAAAAAIBUhAAhAAAAAAAAAAAAkIoQIAQAAAAAAAAAAABSEQKEAAAAAAAAAAAAQCpCgBAAAAAAAAAAAABIRQgQAgAAAAAAAAAAAKkIAUIAAAAAAAAAAAAgFSFACAAAAAAAAAAAAKQiBAgBAAAAAAAAAACAVIQAIQAAAAAAAAAAAJCKECAEAAAAAAAAAAAAUhEChAAAAAAAAAAAAEAqQoAQAAAAAAAAAAAASEUIEAIAAAAAAAAAAACpCAFCAAAAAAAAAAAAIBUhQAgAAAAAAAAAAACkIgQIAQAAAAAAAAAAgFSEACEAAAAAAAAAAACQihAgBAAAAAAAAAAAAFIRAoQAAAAAAAAAAABAKkKAEAAAAAAAAAAAAEhFCBACAAAAAAAAAAAAqQgBQgAAAAAAAAAAACAVIUAIAAAAAAAAAAAApCIECAEAAAAAAAAAAIBUhAAhAAAAAAAAAAAAkIoQIAQAAAAAAAAAAABSEQKEAAAAAAAAAAAAQCpCgBAAAAAAAAAAAABIRQgQAgAAAAAAAAAAAKkIAUIAAAAAAAAAAAAgFSFACAAAAAAAAAAAAKQiBAgBAAAAAAAAAACAVIQAIQAAAAAAAAAAAJCKECAEAAAAAAAAAAAAUhEChAAAAAAAAAAAAEAqQoAQAAAAAAAAAAAASEXSpHQDAABA4nj16tVdz3tmVq5YoXzatGkVRfH391+5ek1ExD9tWrcoV7ZsErcxPi5euhwZGWlfsODXX+f5ZOVXoaF373oqipIxY8Zvy5ROlgYCAGK8fffu+vUbovydU0UrK6uUblGcPX8e8PDRo7Rp05YvV9bS8tM/qL11+05YWJiiKMWKOmbLli1Z2ggAAAAAicAiOjo6pdsAAAASgfvuPSNGjTGz8qULZ21sskdHR9ep2+CRr69YeP7sydy5ciVlG+PM39+/Ru26iqJoNJp9f+yytdWarn/x4qV2HbsoilKqZAn3nduSq5kAAEXvTnT9ysUsWTKndIvibMwP47fv2KUoSreunceNHf3J+m3adbx85aqiKGtXr6xWrUqytBEAAAAAEgEpRgEASL1CQ0NldFBRFF/fx0l6uFehoS1ata3r6ubt7RPXbcPDwwcMHhoREZE0TQMAfIHWb9hY19Vt6vQf47HtmrXrDhz0SIJGAQAAAMBngRSjAAB8gdq0bpUhQ3oTFdKnt1YUJWvWrFqt1t/fXyy0K2CbpK3y8npw/cZNRVECg4IKFy4U183v3vWcNmPWjGmTk6Z1AIAvzSGPI97ePpkzZYrf5gMHD3Vw2FfI3j6x2wUAAAAAKY8AIQAAX6CRw4d89dVXn6xmYWGxfu3qVb+ueffuXZvWrXLnzp2krXr27FkC97Bl67ay35Zu3qxpIrUIAPAl8/b2TuAe+g0Y7L5ja8aMGROpRQAAAADwuSBACABAqmZrq502ZVLyHMvf/0nCdzJqzLjixYs5OjgkRosAAF+siIiI4OCQBO7E29tn4uSp8+bMSqRGAQAAAMDngjkIAQBAMvGLzWWaQH36DQoLC0uUXQEAvlQBAYGJsh/33Xs2bd6aKLsCAAAAgM8HIwgBAEjVLl2+cvzESUVRHIoUadqkkVx+5Oixq9euW1tb9+nVM0OG9AEBgWt/W3/9xs3Q16H2BQt269q5Qvly6p2cPn32Lx/v588DCtnbOxT5pmzZbytWKC8rhIa+fh7w/Padu+JfL68HYhJERVEsLa2+LVP6k+3UaDRDBg2YMXO2oij+/v7/Y+/O46Kq/j+OH/ZlZB1ZFHBFwdytxLVFcdfM3TZzSXPJMjOzrMzSrL6VGe6aW5pluedumgu5L6mgKCgKKouAAgMDAvP74+j9TWyCgsPMvJ6P7+P7OHeZez939HFP3veccyd99MnsH2daWFiU9nojI6NOnf43/Pz5sLDz2ixt/SfqNW7cqE+vF21sbPR3uxARsWHjZjs7uyGDB7m6uFy9eu3AwdADoaEpybfr+Nd+fdCrdevWkXtevnLlj7Xrz5+/kJScXLeOf2BgQL8+fVxcnIsq4EJExOl/z4SFhV+5Em1vb//EE/UaNWzYvt1zD3EtAGAySnhzltLS0tZv3BRx4eKlyChbW5t69QLr1qnToUN7VxcXuUNOTk5cfPyB0NB7+6ennzh5Uvm4r6+vl6fnA0t6952xq39bI1PGT6ZMbdCgfqOGDUp7XQmJiceOHT9/PiL8/PnrN24EBgQ8US+wT+9elSur8+25aPGSpOTkJ5s17RDcPisr6/CRo6Ghh44dP+7h4dG2beuB/fvJryIrK2vX7r927d5z/fp1lUpVr15g2zatW7dqWVQB8fHxR48dDws/HxFxMS8vr27dOoEBdbt06ezo4FDaawEAAABgYggIAQAwa0eOHF20eIkQolvXzvoB4ZGjx5YuWyGEaP70U5Urq7t2f1HZFBkZVaeOvwwI09LSJk6avHPXbmVrWFi4bHTt0unjyR96eXouXbZi2pf/mZxN5nySSqU6c+pYSUodMnjQiZOntu/YKYTYvmPn0mUrhg55veRXmpmpnRUyW16sfrVrfl/7y+rffpz5XY0a1ZX1167FyD0tLCxq16o5bvz7yqYTJ0/+uub3PzetrxcYsGLlqqmfT8937QsX/TR/TkizZk3zFZCVlTVzVki+Avb+vU8I0aZ1q2lffObn61vyywEA01Cqm7MQYsfOXe9/8JFGo1HWHDp8RAjxxfQZX06b2q1rFwsLi4AnGul/JDIyqv/AV5XFaZ9/9tLA/g8sTK1Wz58b8mLve3uOGjN2y6b1JXm/r6TT6dau2/D5tC/1S42MjPpzy9Y58xaEzPr+2Wfa6u//x7r1kZFRi4Q4uG/PO+9O0E80/9qz9+jRYyGzZsbFxQ8bPvJCRISy6WDoP4sWL3n5pQGffvxRwTB1/YaNEyZ+qL/mYOg/QoiQOfO/njEtqPnTJbwWAAAAACaJKUYBAEBxrlyJfnPU2Hwr69bxl43Jn0xR0sGaNWq0b/d8/fpPyMWt23b89NMyIYSdnV2ZVGJhYfHVl1/4+fnJxekzvtZ/flq8yMioHj176z+A9vb2UtphYeFjxo7Lzc0t+MGQ2XOVdFCtdlfWT/nsi+07dirpoP6mpKTkkWPGZmRm6h8nNTWtd9+BSgF+fn7t2z3/ZLNmcvFg6D/devS6fft2CS8HAExDaW/O4eHnR7/1jhK5tWwR1KZ1K5VKJYTQaDTvvDvh1q0k+dOTMimvYYMG0z7/TLbj4uInTPwwLy+vJB9MT08fNnzkBx9OVkpVq92VqjQazdA33ixqBtQ2z7aTvZv+VWzdtmP//oP66aB+v/PL6t9W/7Ym33EmTpqspIMqlapN61bKdxUTE/Pyq68fOVqiX+cAAAAAMFWMIAQAAMWZMvUL+Wxx2NDB/rVrpaWlXYuJbdOmtXxQu2XrdrnbnJAfOnfqKNux168vX7Hy6tVro0YOF0L079enRYvmOp2uV58B8lHpV19Oa9asidzZytKq5MU4OTnNn/tjtx695OKoMW9v3byx4ERtBeXm5V6JjpaPnt9/b3yXzh3t7Ozy8vJWrf71s6nT5Myfm//c+mLPHoV+/JPJH/bo3k2tdo+JiRk5+u0LEREnTp6UD3Bbtgj6asY0Xx+f3Nzc5StWysGRSUnJq1atHv7GUOUIc+bOl091VSrVt9/M6NghWK6PT0h4b8IHhw4f0Wg0//t25vRpU0v+bQCAsSvtzXnW7Dmy0aZ1q1kzv5Xj+XJycnbt3vPrb2te6NHNw6OyEGL3zq1paWnbtu2YOStECBEYEPDjrO+Uk1ZWVy55hS8N7H/i5Mn1GzbJMd/zFiwaM+rNB37Kysr6XNi9WbXHv/vOywP7u7m5CSEOHz4yYtRbsiucFTJ7xvQvCv14o4YNpnz6ccMG9S0sLJavWClH4Q95Y4Tc+tWX03r36mllZXX16rWx48bLwevffvdD3969HB0d5T5/7dm7dt162Z7w3rg3hg5RZij933cz5QwBkz+esvXPDba2tiX/NgAAAACYEgJCAABM0Oix42ysC+/l+/Xt3b1b11IdTaVSbftzo49P1Xzrz5w7JxsdOwQr6aAQwtfHZ/KHHyiL1tbWtWrWFELY29vJp6JVq1apXatWqWpQBAYEfPvNDDkqIikpedz4CcuXLrayekDKGFC37uKF8+Lj43t076aMybC0tHztlZePHTsuY86DoaGFBoQL5s4ODm4n235+ftOnTe3Tb6BcVKvd54TMkm8ctLKyGjrk9VOnT2/dtkPO0aoEhJGRUYuXLJXteXN+1H9ZlJen59zZP7Z5tp1Go/l1ze8jhg+rXr3aw30zAGB0SntzPnToiGxM+uB9ZbZPa2vrLp07dun8/92Qp4eHp4eHl9e9wYgODvYP3ekIIT7/7NOz58IiI6OEEN/PnNW0SeNWLVsU/xEHB/ufly8JDT3UsWOwr4+Psr5Fi6APP3j/408/kxleoZ9t2SJowbzZyrcxZPCgAwdD9+0/cO/CJ07o17e3bFevXu2br6bLH81oNJpLkVGNGzUUQmi12i+m35vZ+60xo0a9OUI5uJ2d3ccfTYqKurz/wMEr0dFbtm7r9WLPh/5mAAAAABg1phgFAMAEHTly9GDoP4X+78aNm6U92tQpHxdMB4UQd+/elY1LlyIzM7VlUXiJ9Hqx58AB914KdejwkVkhc0ryqeefe3bggP4F553rENxeNqKiLhf8lJ+fn5IOSk0aN1IO8kKP7jIdVHTq2EE2IvWOtmHjZqUG/XRQcnZ2emPoYNm+eOlSSa4FAEzGw92cw8PDH0t1Qgjh6Og4d/YsZXHk6LHx8YXPDqovoG7doUNe108HJeXVg0lJyenp6QU/+PJLA/N9G+2ef05p9+71ov6mwIAAZebtmJgY2Th69Lhsq1SqQsc7jhg+TDbCz1944IUAAAAAMFUEhAAAoDhBQc2LGl5Qv1492bgSHd23/0u7dv+lRIbl7ZPJk5SXHc6ZO3/v3/se+lDKEJPrN26U8CNVqnjLhhwZWegm5UGtfuxXpYr3qdP/Fvxfalqa3CEyKuqhLwQATEmhN+emTRrLxsRJk7/59nv9O225ql2rVsismbKt0WjGvvPeQ/d3Xl6eSjshMbEkH/G+/1WoVCr9Vw9K1avdCwjjExJkI+ryvUi1Ro3qYeHnC3Y6t2/fkTtcvMivUgAAAADzxRSjAACYoE3r/3BxdSl0k7OTc6Hri1LHv3ZRmxo3bvRM2zb7DxyUr4kaOXqsSqXq1rVzzx7dn376qQdO+/ko7O3tZ8+a2b1nbzln6TvvTtiyeb2fr28JP56Tk5OQkBifkHDzZtyp06flSq02q4Qfd3RwkA0HB/t8mwp9mVPY/ZEuv6z+7ZfVvxVz5NiY6yWsAQBMzwNvzqNHjjgY+o9sL1i4eMHCxY0aNuj5Qo9uXbvItw+Wn65dOp08NUi+ve/EyZPffPu9/mTaxcvLy0tOTomPj78ZF59wP8YrORtbG9mwt7cruNXOzu7+WXSyIWdDFUKEhYX37f9SMUfmVykAAACAOSMgBADABPn4VFVezlR+rKysfvj+2+kzvl67br1co9Fo1vy+ds3va/39a8+Y9nmzZk3L7+zVqvl9/+03b44aI887Zuy4339dVfxHMjIy/tqzd936jTLUfGzi4u5NRqdSqQp9vKto0KD+4yoKACqKkt+cg4KaL5w/58PJnyQlJcs1Z86eO3P23BfTZ7w54o2xY0YX/N1GGZo4Yfzp0/+eOv2vEGLJ0uVPNmuq//7dgrRa7fYdu3bs3LVz1+5Cd9DpdOVRZ7xeBllwxKG+li2CyqMAAAAAAEaBgBAAADw8Fxfnb76aPuKNoRs2bl6/caOShEVGRvUb+MqGdWsaNmhQfmcPbv/8yDeHz1+wSI6TmPblV927dilq563bdox95139NSqVytPDw87O7kJERPkVKYSoWaPGlehoIcT3334T3P75cj0XABiX0t6c27d7ft+e3X/t2bNh42b9+aUXLFwcGxs7a+Z3FhYW5VSqra1tyKyZnbr2kIPXx4wdt2vHlqJ2vnjx0quvD1GCTMnPz8/Tw+PEyZPlVOH9s9wbTz9syOCPPpxYrucCAAAAYLwICAEAwKPy96894b1xE94bd/bcuZ9XrlYGFM6dt3DenB/L9dTjx7196vS/R44clRN4ZmZmFrrb2nXrJ06aLNvPPtO25ws9WrdqWbmyWghx6vS/xc/A9ujq1QuQAaH8fwCA9HA3ZwcH++7dunbv1jUtLW3r9h0/hsyRP0/ZsnX7yBHDn3iiXvkVXKWK95yQHwYPHS4XR415W5nhU194+PmBrwySOaK/f+1XX3mpdauWymtra9e99w7dcsoya9eqJRvMIAoAAACgGJaGLgAAAJiOhg0afPPV9IkTxsvF8h4kcX+a0/8pU6it37Cp4D46ne7r/30n2xMnjF+yeEHPF7rLB9CPR637z2r1B7sAgJl79Juzk5PTgH59/9y4TukFws9fKJ9i/1/bNq3Hvf2WbEdGRoWFhRfcZ9mKlTId7NgheMPa31975WUlHXwMatasIRvHT5y8cyf1sZ0XAAAAgHEhIAQAAGXs+eeelQ1HR1WhO2i12jI8naeHx+wffyhmh6tXrymTvL0+6NV8W4sadFiGWt1/ydORI0fJCAFAKqubs5ubW4ug5rJd6HteMzPLstMRQowe9eYzbdsUs8Pf++7d6l9/7ZV8r0Us82IKalC/vkqlki/oXbBocXmfDgAAAICRIiAEAAAPKTk5+Ztvv/9rz95863ffX9O0SWP99c5OzrJx8OA/spGQmCjHWDyi5k8/NemD94va6qhyVNqJt27pbzp3Lmzc+AmPXkDxgoKad+3SSbY/+HDygYOh+ltzc3O3bN0W3LHrmLHjcnNzy7sYAKggHuLmvHXbjpDZc2/dStJfmZycfPjIUdkODAxU1leqVEk2LkRExCckyPvt1avXHr1yKyur77/9Whm2WJDS38XFJ+ivv3Uraciw4cqiTqd79GIKcnFxVobyL1i4eMnS5Xl5efo7nP73zOtD3ujUtYf8WgAAAACYJ95BCAAAHtLUL778c8tWGYAN6Ne3evVqGo1mx85dq375Ve7Qv18f/f1r+9eSL+FbsXLV7Tt3nJ2dVq5a/WSzZr/+ssLS8lF/tDRsyOvHT5zYvXtPwU2eHh5qtbscpzJm7LgP3n9PrXZPTk7Ztn3HL6t/e8TzltCkie9v3bZDCJGUlDx46PDnn3u2YcMGLs7Osdevb9u+Q74960p09K7df3Xu1PHxlAQA5arpU0FFbVKr3Y8eOljam3PExYtj33lXCLHop6VDBg9q/vRTKpUqKioqZ3l9IAAAIABJREFUZM58eZCgoOa17s+uKYSoXs1Pab/y6uBOnTocOBgaFha+YtlPrVu1fMSrc3NzWzBvTlFvSWzSpJHs7z797HMhRGBgXa0268CBg4t+WlomP4t5oJcG9l/965oLERFCiOkzvt6waXPLoCBfP5/4uITQf/45c/ac3G3+gkVTPpn8GOoBAAAAUAEREAIAgIdUq9a9NyodOXL0yP3RG4p3xo5p2eI/T4cHvfqKEuBt2vynbJw4efLkqdNPPdnsEYuxtLT8ZsaXPSP6xcTEFNz60aQP3nv/AyFEWFj4oMHD9De9N37csuUrlGnuyomPT9VN6/8Y//4HkZFR8mWEBecaHT1yRMcOweVaBgBUBMott1Q3Z0sLy8CAgAsRERqNZvacefmOqVa7f/+/r/V/blKvXuCTzZrJt+FeiY6ev2CRXD9v/sJHDwjlKPnPpnz82dRpBTeNGjlCvhNXo9HIC1R07tTR0tJC/mSk/FhZWS1funjyp1NktxsWFl7wXYnPPtN2/Li3y7UMAAAAABUZU4wCAAAhhLC3dyh8vZ19oetlBLhz+5/dunbON83ak82a/bZ65dtjx+Tbv3Wrll9O/1y+GEny96+9bMmikqSDhb5WKh8XF+f5c38sdM63F3v2+Oar6fk2BQe327xh7eiRI/r17VPUKVSOjgVXKmxtbR9YlaJ+/Sc2rf9j3NtvNWrYQH+9Wu3+8ksDdmz7873x4x59JCUAGJFS3Zzr1PHftOGPKZ9OzncXValUb40ZtXf3Dm9vL/31FhYWs2Z+m+9lgYNee2VOyKyS1FaSfue1V14e9OorBdfXrlXr919X1a//hP7KRg0bzAn5YU7ID71e7CnXWFsV8oNdO7sie5ai3uxbaMGVK6sXzJ393f++Dgpqrt/zqlSqjh2Cly1ZtGTxAicnp2KvDwAAAIApsyin1x4AAACzcvvOnatXr7m5uvr4VLWysipmz5ycnNjY69nZ2VWrVlFeEPV45ObmxscnxCckODs7VfH2diw2/CvvSq5eu5abk+vm5la5stpQZQBARfAQN2d5F83MyPT19XVxcS5+59u3b8cnJDjYO/j6+jzm32EkJyfHXr9ha2vj5enp5ub2OE+tT6fT3bwZl5qW6uri6uFRufhuGgAAAICZICAEAAAAAAAAAAAAzAjTWAEAAAAAAAAAAABmhIAQAAAAAAAAAAAAMCMEhAAAAAAAAAAAAIAZISAEAAAAAAAAAAAAzAgBIQAAAAAAAAAAAGBGCAgBAAAAAAAAAAAAM0JACAAAAAAAAAAAAJgRAkIAAAAAAAAAAADAjBAQAgAAAAAAAAAAAGaEgBAAAAAAAAAAAAAwIwSEAAAAAAAAAAAAgBkhIAQAAAAAAAAAAADMCAEhAAAAAAAAAAAAYEYICAEAAAAAAAAAAAAzQkAIAAAAAAAAAAAAmBECQgAAAAAAAAAAAMCMEBACAAAAAAAAAAAAZoSAEAAAAAAAAAAAADAjBIQAAAAAAAAAAACAGSEgBAAAAAAAAAAAAMwIASEAAAAAAAAAAABgRggIAQAAAAAAAAAAADNCQAgAAAAAAAAAAACYEQJCAAAAAAAAAAAAwIwQEAIAAAAAAAAAAABmhIAQAAAAAAAAAAAAMCPWhi4AAACUr9y8vNTU9PSMzMzMrOy7d3Ny84TQGbooAEA+FtZWlrY2Ng4OdpUcHZydK1lZms6vOemJAMAYmHJPBAAACrLQ6fiHGQAApkmrzUpMvp2UkspzWAAwNhZqN2cPd1d7eztDV/JI6IkAwGiZSE8EAACKQkAIAIBpuhGXmJCUYugqAACPxFPtVtXbw9BVPCR6IgAwAUbdEwEAgGIQEAIAYGq02qxr1+MztFpDFwIAKAOO9vbVfLyMawAHPREAmBJj7IkAAMADERACAGBSNBmZV67dyMnN1V9pZ2vr6lypksrR3t7W2trawnDlAQAKpRMiJydHq81O12TcTk3Pys7W32ptZVWzWlWVo4PhCiwFeiIAMEam1BMBAICSICAEAMB0aLVZkdGx+s9k7WxtvT3Vbi5OBq0LAFA6KXfS4hKS9B/OWltZ+dfwrfijN+iJAMA0GG9PBAAASoiAEAAA03Ex6pr+fG5qNxffql6M0gAAY6QTIvZGfFLKHWWNo7193drVDFrUg9ETAYDJMNKeCAAAlJCloQsAAABl40Zcov4zWa/K7n48kwUAo2UhhF9VL6/K7sqaDK32RlyiQYt6AHoiADAlxtgTAQCAkiMgBADAFGi1WQlJKcqi2s2lildlg1YEACgDVbwqq91clMWEpBStNsugFRWJnggATJIR9UQAAKBUCAgBADAFicm3lbadra1vVS+DlgMAKDO+Vb3sbG2VRf0bfoVCTwQApspYeiIAAFAqBIQAABi93Ly8pJRUZdHbU818bgBgMiyE8PZUK4tJKam5eXkGragQ9EQAYMKMoicCAAClRUAIAIDRS01NF0In23a2tm4uToauCABQltxcnPSGbuhSU9MNW09B9EQAYNoqfk8EAABKi4AQAACjl56RqbRdnSsZtBYAQLnQv73r3/YrCHoiADB5FbwnAgAApUVACACA0cvMzFLalVSOBq0FAFAu9G/v+rf9CoKeCABMXgXviQAAQGkREAIAYPSy795V2vb2tsXuCwAwSvq3d/3bfgVBTwQAJq+C90QAAKC0CAgBADB6Obl5Stva2tqgtQAAyoX+7V3/tl9B0BMBgMmr4D0RAAAoLQJCAABMgE5pWRi0DgBAOfnv7V1X5H4GQ08EACauwvdEAACgdAgIAQAAAAAAAAAAADNCQAgAAAAAAAAAAACYEQJCAAAAAAAAAAAAwIwQEAIAAAAAAAAAAABmhIAQAAAAAAAAAAAAMCMEhAAAAAAAAAAAAIAZISAEAAAAAAAAAAAAzAgBIQAAAAAAAAAAAGBGCAgBAAAAAAAAAAAAM0JACAAAAAAAAAAAAJgRAkIAAAAAAAAAAADAjBAQAgAAAAAAAAAAAGaEgBAAAAAAAAAAAAAwIwSEAAAAAAAAAAAAgBkhIAQAAAAAAAAAAADMCAEhAAAAAAAAAAAAYEYICAEAAAAAAAAAAAAzQkAIAAAAAAAAAAAAmBECQgAAAAAAAAAAAMCMEBACAAAAAAAAAAAAZoSAEAAAAAAAAAAAADAjBIQAAAAAAAAAAACAGSEgBAAAAAAAAAAAAMwIASEAAAAAAAAAAABgRggIAQAAAAAAAAAAADNCQAgAAAAAAAAAAACYEQJCAAAAAAAAAAAAwIwQEAIAAAAAAAAAAABmhIAQAAAAAAAAAAAAMCMEhAAAAAAAAAAAAIAZISAEAAAAAAAAAAAAzAgBIQAAAAAAAAAAAGBGCAgBAAAAAAAAAAAAM0JACAAAAAAAAAAAAJgRAkIAAAAAAAAAAADAjBAQAgAAAAAAAAAAAGaEgBAAAAAAAAAAAAAwIwSEAAAAAAAAAAAAgBkhIAQAAAAAAAAAAADMCAEhAAAAAAAAAAAAYEYICAEAAAAAAAAAAAAzQkAIAAAAAAAAAAAAmBECQgAAAAAAAAAAAMCMEBACAAAAAAAAAAAAZoSAEAAAAAAAAAAAADAjBIQAAAAAAAAAAACAGSEgBAAAAAAAAAAAAMwIASEAACbAQmnpDFoHAKCc/Pf2blHkfgZDTwQAJq7C90QAAKB0CAgBADB61lb/36Hn5OQYtBYAQLnQv73r3/YrCHoiADB5FbwnAgAApUV3DgCA0bO1sVHaWm22QWsBAJQL/du7/m2/gqAnAgCTV8F7IgAAUFoEhAAAGD0HBzulna7JMGgtAIByoX9717/tVxD0RABg8ip4TwQAAEqLgBAAAKNXydFBad9OTTdoLQCAcqF/e9e/7VcQ9EQAYPIqeE8EAABKi4AQAACj5+xcSQgL2c7Kzk65k2boigAAZSnlTlpWtjKxm4WzcyXD1lMQPREAmLaK3xMBAIDSIiAEAMDoWVlaqt2clcW4hCSdQesBAJQhnRBxCUnKotrN2cqywv07jp4IAEyYUfREAACgtOjOAQAwBR7urko7Kzs79ka8QcsBAJSZ2BvxeoM2/nPDr1DoiQDAVBlLTwQAAEqFgBAAAFNgb2/nqXZTFpNS7tyMv2XQigAAZeBm/K2klDvKoqfazd7ezqAVFYmeCABMkhH1RAAAoFQICAEAMBFVvT0c7e2VxfhbyTE34pnhDQCMlE6ImBvx8beSlTWO9vZVvT0MWtQD0BMBgCkxxp4IAACUnIVOx7/XAAAwEVptVmR0bE5urrLGztbW21Pt5uJk0LoAAKWTcictLiFJfz43aysr/xq+FX/QBj0RAJgG4+2JAABACREQAgBgUjQZmVeu3dB/Misfzro6V6qkcrS3t7W2trYwXHkAgELphMjJydFqs9M1GbdT0/UfyMpnsjWrVVU5OhiuwFKgJwIAY2RKPREAACgJAkIAAEyNVpt17Xp8hlZr6EIAAGXA0d6+mo+XcY3YoCcCAFNijD0RAAB4IAJCAABM0424xISkFENXAQB4JJ5qN+N92xM9EQCYAKPuiQAAQDEICAEAMFlabVZi8u2klFQh6O4BwLhYqN2cPdxdjX24Bj0RABgtE+mJAABAUQgIAQAwcbl5eamp6ekZmZmZWdl37+bk5vGUFgAqHgtrK0tbGxsHB7tKjg7OzpWsLC0NXVKZoScCAGNgyj0RAAAoiIAQAAAAAAAAAAAAMCP8FAgAAAAAAAAAAAAwIwSEAAAAAAAAAAAAgBkhIAQAAAAAAAAAAADMCAEhAAAAAAAAAAAAYEYICAEAAAAAAAAAAAAzQkAIAAAAAAAAAAAAmBECQgAAAAAAAAAAAMCMEBACAAAAAAAAAAAAZoSAEAAAAAAAAAAAADAjBIQAAAAAAAAAAACAGSEgBAAAAAAAAAAAAMyItaELAAAAZeP27dth4edLuHPzp5+ysbEp54pKJCYmZuHiJVpt1sABfZ9s1kxZf/bcuVdeGyKEcHKqFLp/r0FrBACUSE5OzpGjxwquV6lUPlWrVq6strCwMERd5uK7739Y/vMqIcSbI94YM+pNQ5cDAAAAoEIjIAQAwETs/Xv/hImTSrjz0UMH1Wr3cq7owXQ63ZBhb16JjhZCrFu/4Z+Df3t5espNGZoMjUZj6AIBAKWg0WQMGjysmB0CAwJeeXlgv769K8iPVEyMNitLdp1xcXGGrgUAAABARccUowAAwGDu3Lkj00EpOvqqQcsBAJSvCxERn0yZ2qFz99B/Dhm6FgAAAAAwa4wgBADABA0c0N/Bwb6YHezt7R5jOUVycXHx8/OLiYmRizWqVzN0RQCAstG1S6fAgAA5WDwhMTEmJnb/gYNyU0xMzKDBw/bu3lGtmp+hywQAAAAAM0VACACACXr/vXGurq6GruLBLCwsVixdvOinJZmZmQMH9Pfy8jJ0RQCAstGpY4fu3brqr0lKSp4VMnvVL7/KxQkTP1y9armVlZWBCgQAAAAAs0ZACAAADKlaNb8vpk4xdBUAgHKnVrt//tmniYm3du7aLYQ4cfJkVNTlunXrGLouAAAAADBHvIMQAAAAAPCYTHhvnNKOjLps0FoAAAAAwHwxghAAALN2ISJiw8bNdnZ2QwYPcnVxuXr12oGDoQdCQ1OSb9fxr/36oFeVsR2Xr1z5Y+368+cvJCUn163jHxgY0K9PHxcX50IPm5CYeOzY8fPnI8LPn79+40ZgQMAT9QL79O5VubI6355Hjx3fs/dvIURA3bq9Xnyh/K8YAGBINapXV9oXL13q2qWTsljyvkMIkZubu237jtP/nrl0KVKj0QTUrRsQWLdN61a1atbMt2daWtr6jZsiLly8FBlla2tTr15g3Tp1OnRo7+riIoSIT0hYumyFEKKSSjVs6JCCb/CNjLr8629rcnNzO3UIbtEiKN9WnU63bPnP8QkJlpaWI0cMd3Z2UjYlJt46cvTo+QsR4eHn8/LyatSoXi8woEmTxvLVjPksWrwkKTnZx6fqa6+8LIQ4c/bcylWrL0RECCEa1q8/etSbPj5VlZ1zcnIOHAw9c/bcsWPHU9PSGtav36BB/Z49e5T4DwEAAAAACAgBADBv167FLFq8RL4OsHatmuPGv69sOnHy5K9rfv9z0/p6gQErVq6a+vl0ZVNYWLgQYuGin+bPCWnWrKn+AXU63dp1Gz6f9qVGo1FWRkZG/bll65x5C0Jmff/sM2319z9y5KgsoFvXzgSEAGBWLC0sZKO0fcfFi5fefW+izM+kU6f/lY23x455c/gwe/t7Od+Onbve/+Aj/cMeOnxECPHF9BlfTpvarWsXN1fXX1b/Jnfw9PTs369PviJ/DJm9Zet2IcTev/f//deOfFtPnTo97cuvZHvsmNHK+j+3bP3o4yn65z0Y+o9sDH9j6Li331IqlP5Ytz4yMkoI0ad3r23btk+cNFnZFBYW3rlzRyUgTElJGfvOeHkVyg5ize8/LVlWaJIKAAAAAIViilEAACCEECGz5yrpoFrtrqyf8tkX23fsVNJB/U1JSckjx4zNyMxU1qSnpw8bPvKDDycrj0TVaneVSiXbGo1m6BtvxsXFP5YLAgBURJFRUUo7MDDgIfqOtLS0EaPeUtLBpk0aP//cs35+fnLxx5A5B0MPyXZ4+PnRb72jHLZli6A2rVvJI2s0mnfenXDrVpKtrW3nTh3lDrv/2pOv2sxMrUwHhRAxMTGXLkXm22HP3n2y0b1bV2X04YeTP3nn3QnKeVUqlbe3l/KRRYuX9Ozd786d1EK/n9DQf/TTQcm/dm3ZuHHjZveevfXTQX//2rJrvhIdfez4iUKPCQAAAAAFMYIQAAATdCX6qto9reB6ewd7Tw+PYj74yeQPe3Tvpla7x8TEjBz99oWIiBMnT544eVI+V/1qxjRfH5/c3NzlK1ZOn/G1zAhXrVo9/I2h8uNWVtbnwsJke/y777w8sL+bm5sQ4vDhIyNGvSUflc4KmT1j+hflc90AgApNp9N9/c13ymJA3boP0Xes37ApJiZG5oirViyrU8dfrj91+t+ly5ar3dXt2z0n18yaPUc22rRuNWvmt66urnJ+zl279/z625oXenTz8KgshOjUMXjtuvVCiL/27M3M1OrPMhp6f9iftHvPHuV00vYdO2VDSRn37T+w5ve1sv1M2zaff/aJDC/v3EldtuLnH0PmyMGRs+fOm/zhBwW/opGjxwoh/Pz8Bg961dPTMy4uLis7S8kXf/hxtpKVjh/39rChg+VIxJjY2LffGX/m7LmH/ZMBAAAAYHYICAEAMEF9+79U1Kaoi+FFbVowd3ZwcDvZ9vPzmz5tap9+A+WiWu0+J2SWfOOglZXV0CGvnzp9euu2HUKII0ePKQGhg4P9z8uXhIYe6tgx2NfHRzlyixZBH37w/seffiYfv5bdhQIAjEZKSsq33/2wb/8BufhM2zbVqvk9RN+hzCY69q3R+nFd0yaNm/7wvf4ZDx26N9Ju0gfvy3RQCGFtbd2lc8cunTsqu7Vq2VJpHz12TH860+07d+ofcNv2naPeHKEsRkdfvRIdff9yWgshsrOzp0ydJtcEB7ebGzLLyspKLrq4OL8zdoybq+vUL6YLIZYsXT6gX19//9oFv6imTRr/snK5ra1tvvVRly/LIFP+oGfw668pm/x8fX9ZuWLIsOEMIgQAAABQQgSEAABAyERQSQelJo0bqVQqOXTjhR7dZTqo6NSxgwwII6Mu668PqFtXjgjJR3nempSUnJ6eXqlSpfK5DgBAhXDo8NGsrCwhRF6eLi4uLjLq8t6/9+nPuvn1V9Mt7r+DsFR9R3Z2tlx59mxYCYsJDw+vFxhQ1FYHB/vu3br+uWWrEOLvv/crJ83Kylq/YZMQon79JxwdHI4dPxEWFh4TG+vn6yt3+HvfftkIDm4nZy49cvSYHN0ohBj39lglHVQMHNBv9tx5SUnJQoh1GzZOnDC+YD1ffzW9YDoohPj9j3WyoVa7DxzQr+BVNGzYgIAQAAAAQAkREAIAYIJe6NHd3t7u0Y9TpYp3ZGSUEKJWzZoFN8mG8iS0eF5enko7ITGRgBAATNuvv6359bc1hW7y8/P7/n9fFT/ltVRo39GwQX05sefadevT0tJGDB/WtEnjQj/etEnjg6H/CCEmTpocdfnKSwP6Ka8qzKdTxw4yINyybdunn3wkk8vDR47Krd26dHZUOcrsbe/f+wa9+opcv3P3X7LRpVMn2bhy5d6Awvr1nyg0krS1te3bp/eChYvlRKMFd3j3nbG1a9UqtEhl/969XpQziwIAAADAQyMgBADABE355CNlLrVH4ejgIBv6L2SSCh3ckE9eXl5yckp8fPzNuPiEhIRHrwcAYNTUavexb41+aUB/a+si/yn6wL6jT+9eS5Ytl4Pwdu7avXPXbm9vr149e/Z8oXu+FwSOHjni4P2XCC5YuHjBwsWNGjbo+UKPbl27yLcPKuQEoXKo4oWIizLbU94v2KFDe3s7+8+mThNCbN26XQaEt2/fPnI/QXz+uWdlIzLqXoZXo3q1oi5QTqwqhAgLL2TS71pFpIP6Q/aVIYwAAAAA8NAICAEAQBnTarXbd+zasXPXzl27C91Bp9M99qIAAI9V/359mjZpItvOzk7V/Pz8/HydnJyK2r/kfYeHR+Vffl4+6aOPlZcRxsXFz1uwcN6ChcHB7aZ8PLlq1SpyfVBQ84Xz53w4+ROZJgohzpw9d+bsuS+mz3hzxBtjx4xWfv5SqVKl4OB2u3fvEULs27e/XmDA3bt3t2zdLoQIDAiQw+gbNWxw5uy5Y8dPJCbe8vCorESPzz7TVpmF+/LlK7Lh5eVV1JUqQyfj4uJzcnKKyUr15ebmKkP2vTw9H7Q7AAAAADwAASEAAChLFy9eevX1IcqjWMnPz8/Tw+PEyZOGqwsA8Fi1btWye7euJdy5tH2Hv3/tNb+uOnbs+IZNm7ds3a682nD37j0REZc2rvtdSezat3t+357df+3Zs2Hj5r1/71OOsGDh4tjY2Fkzv1Peg9ilUycZEO7+a8/IN4cfPXZcHrZ79y5yhx7du505e06+erBf3967du+598HOnZTDqtVq2UhPTy/qYvVfxFjCdFAIof86w6zsrBJ+CgAAAACKYmnoAgAAgOkIDz/fd8DL8gmvv3/tz6Z8vGvHlqiL4X//tWPNryuV3ZSnsQAAPFzfYWlpGRTUfMb0L04eO7R44bwnmzWT62NiYjZu3qy/p4ODffduXRcvnHf6xJEvp3/u7X1vbN+WrdvPn7+g7Pbcc8/IxqnT/966lbRj5y652LFDsGwEt28nGzt27srOzpbvLNSfX1QI4V/73gShN27cLOp6b96Mk43AgEJeUlgMf//aspGQkFiqDwIAAABAQQSEAACgzCxbsVIOjOjYIXjD2t9fe+VlOS0bAABFecS+w9ra+vnnnl29ann7ds/LNWfOnC10TycnpwH9+v65cZ1a7S7XhOsFhK4uLs8+01a2Dxw8uGHjZpnJ1b7/UsBq1fzq139CCLH3733KYMSgoOaVK6uVg9Sqda/yU6f/LWoQYeg/h2Sjzv3Ar4SqV7v3XsPzFyJK9UEAAAAAKIiAEAAAlJm/9917YPr6a68oL3aSMjO1BioKAFChlUnfYWVl9dyz94YAOjg4FLOnm5tbi6Dmsm1vb6e/SZksdM7cBTKzfKFHd/0dunXpLBszvv423xqpceNGsqHRaNb8vrbg2cPDzysvL3z66adKeHVSnTr+srF23frk5OR8W2OvX1dmPQUAAACAByIgBAAAZcbZ6d47n+LiE/TX37qVNGTYcGVRp9M99tIAABVUafuOc+fCvvn2+3yj6PLy8pRJQeU4PyHE1m07QmbPvXUrSX/P5OTkw0eOynZgYKD+JmWy0CvR0bLR6f78olJw8L1ZRmNiYmRDGbYo+fr4jB45Qranz/h62/ad+lujLl8ePXacUmSP7iV9R6M0cEA/pT3po0/0RyhevHipd98BSlUAAAAA8EAlfSM6AAAwIs883yHfqIh8dm7709XVtczP26RJI/lQ9dPPPhdCBAbW1WqzDhw4uOinpXIoBgAA+ZSq78jM1L45+q24uPgFCxf36d2rU8dgDw+PhITEZctXHDp8RAihUqmC27UTQkRcvDj2nXeFEIt+Wjpk8KDmTz+lUqmioqJC5syX7zsMCmpeq2YN/YNXrqwOCmp+5H58WLNGDf//zgJau1Ytf//akZFRcrFpk8bKGw0Vo0aO+O33P+Qp3np73DNt2zRt0tjKyupKdPT6DZuU3aZO+cTKyqpUX5Sfr2/vXi+uW79BCPHXnr2duvZo9/xzFhYWJ06cuhDBpKMAAAAASoeAEAAAE6TRaIoP5HJz88rjvKNGjpBPPzUazXvvf6C/qXOnjpaWFlu37SiP8wIAjFep+o6cnLuNGjaMi4uXM22uXbc+39Fmz5opXwpoaWEZGBBwISJCo9HMnjMv325qtfv3//va0jL/nDpdO3dSAsIXe/YoWG2Pbl1nzgq5t/N/5xeVHB0d1/3x28RJk+Vx9h84uP/AwXynnvnd/5o2aVyC7ya/SRMnXL167cTJk0KIuLj4X1b/pmwaOKD/M21bj37rnYc4LAAAAAAzxBSjAACYIxsbm3xrVI6Oxexva2tbksPWrlXr919XKXO7SY0aNpgT8sOckB96vdhTrrG2KuQnSvb2hb8yqvihkACAisPG5mF+gVqqvsPJyWnenB+XLF7QskWQSqXS/8gLPbrv27vrmWfayMU6dfw3bfhjyqeTGzVsoL+bSqV6a8yovbt3FBz8J4QIbn9vElG12r1nYQFhzxe6K+dVds7H18dn5fIlU6d8EhTUXL/IwICAoUNe37V9a+tWLYv6Nuzsiutw1Wr3lSuWjBg+TClepVIFB7f79psZ07/4rEmTxn5+fsV8HAAAAAAUFrwECAAAlLnk5OTY6zdsbW28PD3d3NwMXQ4AwAgprF2PAAAgAElEQVSUtu/Q6XTx8Qlx8fFVqnh7enhYWFgUtWdubu7Va9cyMzJ9fX1dXJzLuvAHFHnjxs1MrbZ6Nb+Cv855FElJycnJybVq1SztVKUAAAAAQEAIAAAAAAAAAAAAmBemGAUAAAAAAAAAAADMCAEhAAAAAAAAAAAAYEYICAEAAAAAAAAAAAAzQkAIAAAAAAAAAAAAmBECQgAAAAAAAAAAAMCMEBACAAAAAAAAAAAAZoSAEAAAAAAAAAAAADAjBIQAAAAAAAAAAACAGSEgBAAAAAAAAAAAAMwIASEAAAAAAAAAAABgRggIAQAAAAAAAAAAADNCQAgAAAAAAAAAAACYEQJCAAAAAAAAAAAAwIwQEAIAAAAAAAAAAABmhIAQAAAAAAAAAAAAMCMEhAAAAAAAAAAAAIAZISAEAAAAAAAAAAAAzAgBIQAAAAAAAAAAAGBGCAgBAAAAAAAAAAAAM0JACAAAAAAAAAAAAJgRAkIAAAAAAAAAAADAjBAQAgAAAAAAAAAAAGaEgBAAAAAAAAAAAAAwIwSEAAAAAAAAAAAAgBkhIAQAAAAAAAAAAADMCAEhAAAAAAAAAAAAYEasDV0AAAAoX7l5eamp6ekZmZmZWdl37+bk5gmhM3RRAIB8LKytLG1tbBwc7Co5Ojg7V7KyNJ1fc9ITAYAxMOWeCAAAFGSh0/EPMwAATJNWm5WYfDspJZXnsABgbCzUbs4e7q729naGruSR0BMBgNEykZ4IAAAUhYAQAADTdCMuMSEpxdBVAAAeiafaraq3h6GreEj0RABgAoy6JwIAAMUgIAQAwNRotVnXrsdnaLWGLgQAUAYc7e2r+XgZ1wAOeiIAMCXG2BMBAIAHIiAEAMCkaDIyr1y7kZObq7/SztbW1blSJZWjvb2ttbW1heHKAwAUSidETk6OVpudrsm4nZqelZ2tv9XayqpmtaoqRwfDFVgK9EQAYIxMqScCAAAlQUAIAIDp0GqzIqNj9Z/J2tnaenuq3VycDFoXAKB0Uu6kxSUk6T+ctbay8q/hW/FHb9ATAYBpMN6eCAAAlBABIQAApuNi1DX9+dzUbi6+Vb0YpQEAxkgnROyN+KSUO8oaR3v7urWrGbSoB6MnAgCTYaQ9EQAAKCFLQxcAAADKxo24RP1nsl6V3f14JgsARstCCL+qXl6V3ZU1GVrtjbhEgxb1APREAGBKjLEnAgAAJUdACACAKdBqsxKSUpRFtZtLFa/KBq0IAFAGqnhVVru5KIsJSSlabZZBKyoSPREAmCQj6okAAECpEBACAGAKEpNvK207W1vfql4GLQcAUGZ8q3rZ2doqi/o3/AqFnggATJWx9EQAAKBUCAgBADB6uXl5SSmpyqK3p5r53ADAZFgI4e2pVhaTUlJz8/IMWlEh6IkAwIQZRU8EAABKi4AQAACjl5qaLoROtu1sbd1cnAxdEQCgLLm5OOkN3dClpqYbtp6C6IkAwLRV/J4IAACUFgEhAABGLz0jU2m7OlcyaC0AgHKhf3vXv+1XEPREAGDyKnhPBAAASouAEAAAo5eZmaW0K6kcDVoLAKBc6N/e9W/7FQQ9EQCYvAreEwEAgNIiIAQAwOhl372rtO3tbYvdFwBglPRv7/q3/QqCnggATF4F74kAAEBpERACAGD0cnLzlLa1tbVBawEAlAv927v+bb+CoCcCAJNXwXsiAABQWgSEAACYAJ3SsjBoHQCAcvLf27uuyP0Mhp4IAExche+JAABA6RAQAgAAAAAAAAAAAGaEgBAAAAAAAAAAAAAwIwSEAAAAAAAAAAAAgBkhIAQAAAAAAAAAAADMCAEhAAAAAAAAAAAAYEYICAEAAAAAAAAAAAAzQkAIAAAAAAAAAAAAmBECQgAAAAAAAAAAAMCMEBACAAAAAAAAAAAAZoSAEAAAAAAAAAAAADAjBIQAAAAAAAAAAACAGbE2dAEAAMBM/Thv8ZWrMUKInt06Pde21WM+u06n27PvYPiFiz5Vq3TrHGxna/uYC6g4flu78fCxk0KIZ1q36NWjy2M779WY2B/mLJLtmV9NfWznBQAAAAAAAAEhAAAwjLR0TV5enhAiJyfn8Z/98LGTm7buFEJEXo7OyMx8dUCfx1/DQ8vNzU1P16hUjtbWZfDfctnZd+UfRHLK7bKorqSysrLleQEAAAAAAPCYERACAABzFHU5Wmlfi7lu0FpKJDNTe/Dw0TPnwpOSUjQZGXKljbW1m5vrk00bBT3VzM3VxdA1AgAAAAAAwDgQEAIAAHNUq2b1YydPy7afT1VDl1McjSZjw5/bj5/6t+B4u7s5OQmJt7bt3LNt554nAuu+3L+3UyWVgcoEAAAAAACA0SAgBAAA5qhl8yczMjPDz0f4VK3SvUsHQ5dTpGux1+cuXJap1crF2jWrN23c0KOy2sHBPikpJS4+4WZ8wrnwC3l5eeEXLk798tvXXu7XuMEThq4aAAAAAAAAFRoBIQAAMEcWFhbBz7UNfq6toQspzsnTZ5f/ska2q3p7vTH4FbW7m7K1up+vbGg0GRu37Dhy/OTdnJwlK1aPGTGkrn8tA5UMAAAAAAAAI2Bp6AIAAABQiBtx8Uo62LVT+4nvjtFPB/WpVI4v9+/1wfi3LC0thRDzFi+PT0h8vMUCAAAAAADAmDCCEAAAFCcvL+/Q0RNRV6Jv3ozPys6u4u3l51u1Uf16Vat4F7r/1ZjYyKgr0ddiExJv2dhYV/P1qVWz+pNNGllYWJTqvDqdLvzCxehrMdFXY27fSXV2qlTNz7d+vQD/WjUKnvHgP0dtbKy7dGzvVEmVlZV14VLUxUtRl6KuWFlaVvPzafBEYMP69Qoef826TTk5uUKIbp3au7q6yPUH/jlyLea6EKJJo/r16wXk+1RWVtYfG7YIIWxsrHu90NXG2rrQGuLiE86cO3/u/AWNJsPby7NT8HPVfH3knjduxu07eCgm9oYmI8Pby9PP1+f5tq1UKsf8J8rOnrd4uWy/9ebQOrVrPvAbq+rtNeilvstWrcnLy1u/edvIYYPy7ZCbm3vmXHjUlauXoq5otVpfn6o1q/u1bRX0wCPLP4iY2Bu3kpIdHR2q+fpU9/NtWD/Qzs6uqI/IP76rMbFXr8XGJyS6u7lW8/Ot7ufbpFH9Ev5NSEpO2bs/NCsrWwjRMujJWjWqK5u02qxz5y9cvRYbfS0mKyu7stq9mp/PU00bV1a75zvIsROnL0ZetrGx7tm9s52tbVJyyrZde65EX8vKylKr3TsHP18voE5ZXULJv6Uy/9sCAAAAAABQWgSEAACgSNdiry9atio1NU1Zk5Scci78wrade9q2Cnqha0dbW1tlU/bdu7+v23z0xCn9I8TE3gg9fOyvvQeGvDbQ06NyCc+bcvvOoqUrr9+MU9YkJN6KvBy9Z9/BZk0aDujd097+/0OX+IRE5aQtmj+p/8Y+OQ7v8LGTTRs3fHVAb2vr//8vn9zc3H+OHJftZ9u0UALCI8dPxsTeEEK4uDgXEhBm31XO1f65tsqQPqUGCwuLqlW816zbpHzkVlLyufAL7741okY1v+27927buUfZdPtO6oWLkX/vDx0+5NWAOrX1T7Rt5x75tbd4ulnBdFCn0yXeSrp6LTbh1i1bW1tvT4+Auv62NjZNGzc8fSbs9Nmw8xGXklNuu7u5Kh9JTUufs3BpXHyC/tnPhV/Ysy+0mMDp9p3UJT+vvnotVn9l9NUYIYSDvf2w118uNLm8ffvOwv/+8aXcvhN15aoQwmuXx7BBL3l5ehR1Rik55fbX38/Oys4WQri5uvR6oYuyKfJy9OJlq/T/iOMTEsPOR2zbuadHlw7tn2urn96dv3jpxKkzQoh6AXVcXJy/+3G+siktXXM27HxRAWGpLqG031KZ/20BAAAAAAAoLQJCAABQuIyMTP2wTe3u5ujocOtWslxz4J8jNar7PdW0sdyqycj46vvZSpToYG/v4aHOyMi8lZQsU7oZ34V8/vH7TpUqPfC8l6OvhsxfkpeXJxednZ3c3VyTkpLT0jXytXw3bsZPGv9WwVFcR4+fCj18TFm0sba+m5Mj26f+PevlUblLx3Zl8cUU5+Cho4UW8PPqPzq2f1bJe/Q33c3JWbR05fQpk5ShZrm5uQf/OSK/xt49u+kfPzNTu/qPDWfDzivfj2RpaTnzq6lCiF49upw+GyaE2B96+MXuneXWW0nJ38ycI/M2yamSSqvNupuTo8nI0GRkFHot0VdjZs1brH8iB3t75e9DplY7e8GSHl075nuP4+XoayHzf9L/lMrRMScnR549PiHxq+9nf/3Fx7Y2NkV9h6lp6d/Omif3d6qkeu/tkY4ODnLT3v2hG/7cruxZWe3u6OgQH58od968bVdauqZXjy4Fj3kzLmHVb+vyrfSpWqXQAkp1CQ/3LUll8rcFAAAAAADgIRAQAgCAwu0PPSxzDhtr63Fjhvv6VJXrL0Vd2b5rj5NTpSebNFJ2Xr95m0wHLS0tX+r3YvMnm8r1ySm3Fyz5OS4+IS8v79c/Ng4f/ErxJ83Ly1u+ao2MW1xdnIcOeqm6n6/cdDHy8uJlq7Kys+PiE0IPH2vTsnm+z8oQpZqfT7dOwbVr1bCxto69fnPB0p9lYTv37Hv+mdb6Qw/LT+fg51u1eNrF2Sk+IXH2wqWpqWm3kpJ/WbNeCOHt5Tls0EueHpXz8vK279q746+/ZeU7/9rXo2tH+fFTZ87JaxnY70U7vTGa+QbPqRwdVSrHhMRbQgjv+wPaXF1dZJ50Q2/029qNW5R08Lm2rbp1ai+HfiYk3pq7aFnK7TsFL0Gn061Y/buSe/V9sXvzp5ra2drm5eVduRqzaOlKWcbmrTubNmqgjKTU6XQrflmjfKp75+BnWreQUVZ8QuLGLTvCzkd069S+mHQwIzPz+5D5MrN0sLd/7+1RSqicnHJbSQfr+td6bWBfZ2cnufj3gX/Wb94mGy2bP+nt5ZnvsFt27JZ/OVu3eNqnircmMzMx8VajBk8UfuElvoSH+5byecS/LQAAAAAAAA/B0tAFAACACirqSrRsdGj3rJIOCiHq1K45duSwwa8MUMbwxV6/eezEadke+tpAJR0UQri7ub49apjl/7F3n+FRVH0fx8+W9J6QQhoBQmgiEHqRjpEqHQQV24Ndb3tXVKy35VbsIihFVFBEmiJWeu8lIZDeSSVls0l2nxcHxjVl2YSETXa/n4sXZ2bOzP5nkyuTzY9zjlothDh24pTpFJe1+mvbzoLCIpnlPHTvPCUdlJnQHRfzxR/Xbar19EH9+zx077xOUZFydcDQkNZ3zJ0tDxkMhqSU1FrPalw3zZo25toRXp4eQojAAP+5N0xXDjlotQ/cdbucalWtVo+NGdm+7YWl9WLjzyjd5KyYarX6apOlEzMysxZ+8oUMnAb2673g+Sdfnf/U3XfMlUdNp8oMCgqQ4Z/cTMvIPHEqTravGzV88oQxysSwAf6tnnr0gVqnft26Y3duXr5s33/X7dcM7CejSrVa3b5tm+eeeEhJLr/9fq1y1q49+5W48babbxg9Yqgy0C0wwH/erTe+89r8UcOH1PXW6fX69z5aJK/goNU+fP+dPhenfhVCfLP6R6Xsu++Yq6SDMvUcOXSwbK/d8EutF1er1c889uC0SeMH9Os9atg1N0yf7OHuVrNbvW6hYe+Sqcv/bgEAAAAAAGgAAkIAAFC7youzGiYmp5jvuW3XhZkSw0KDu5lkWpKbq+ug/n1kWy7vZ8Zf23bKxshh13ibhENSVGS7Vn6+chCV6cqIkouz84wpE2UYqWgTFurmemGNPSUzazouzs69o7ub7ols31Yp6epuXaot+Nc7uodsnDuXp+yUdUZFtlNONBqNS79eJdtzZk6ZOfV6GW6djD0td3buFKWcLtPcwovvz59/75ANB6125LDB1Qp2cnQMDw2peSO//7VNNiLahEW2i6h21M3NdfSICyFZ7OkzJSUXJind8udW2QgKDOhe2/g8jUZTc6dUVVX1wcVVEtVq9X/unWeaXJaV6WJPX0jFZk69vtpXWQgRM3q4bKSkptV6/ckTxshvHvPqdQsNe5cUjfLdAgAAAAAA0ABMMQoAAGoX0Sb8bGKyEOLEqbh3P/xsXMyoqMh2tfZMS8+QDR9v79NnEmp2KC0ru9AzI7NP3a9oNBqVwVvOTo61XkqRnpllOobMDB8fLzllZX5+gSX9G52bq4tcQLF1UGC1Q74+3rKhTBwq59KU4+SUPQcOHU3PzBJCdO3c0XSApjI0sF1EuLLTaDDIOFBuZmRlyUbP7t0cTSYsNcP0CzF00IBa+wzq33f9z1tkOzM7Rw5uy7v4Dg8fMsiSF1IUFBat+Pb7pOQLQzzvv+u20JB/LRCo3IWMEs18b5wvLqmqqqqWRAYG+A8Z1N+SSiy/hQa/S+bV97sFAAAAAACgAQgIAQBA7YYOHrB1+y65GF5iUsqHny1xcnSM7nn14P59TGccFUJkZeXIxpFjJ44cO2Hmmjnncs0cVWZrFEKs2/Sr+fLO5Vo6iEp7MSozGI0WntK4lAKcauRzDjVW49Pr9XJNO3eTCTBPxcXLxrRJ4007n44/K5ddNM3D5DsTEHAhX1RGmwX4+1lYsOmqhK1a1T7qztXVRa1Wy1Izs7Lbt21TWHReWY0vMKCWaUvNeOGV/yrtO2+7qV1E9SAtPeOfgPCjz7+8ZP3VBgu2rrEqYa3qdQsNe5cuWUO9vlsAAAAAAAAahoAQAADUztvL8z/3zlu8bKWS25Xr9Tt379u5e1+b8NCbb5iuZDDler1sqNVqTY25H021bRNm5mhhYZHSVgbA1UqtVlsY+bQ4Sj5UUVGp7JSrJzo5OipjyIQQyalp8p3v0P6fkZ1VVVVyHF7rwEC58qIy2szH21tYxnQuVm+v6hO9Ktzd3eREr7L/OZP016fusy7p9JmELiYzpkoFFn9vODs7eXi4N+yl63ULDXuXAAAAAAAAmgMCQgAAUKfQkNbPPfHQiVNx23ftPRl7WhlclZSc+tZ7Hz/7xH/c3dzkKoNyDs85M6f07tn9Uletk5/JqK8Xnn7Ew72BMU+Lplar5Ziz8+f/WWQxLy9fCOHi4mzac9uOC0s/Brf+Zy7KA4eOykGfV3XtJK+mHKqoqLCwBvlllXQ6nWcdeVu5rvxif1e55J5yqLSsrOYSkmbMu/XG3/7ceiYhSS7sF9EmrNr6f/4Xh+h5enq8/Ozjll+5Xup1Cw17lwAAAAAAAJoDc//HHwAAQKVSde3ccd6tN771yvNzZ89QRg2W6XTbdl4IqIIC/WUjMzP7cl7L28tTCbSUaUutxkrzkSqTi6ZeXNlRpmJyFF1xSYncczYxefe+A7KtvTi/aEFB4fdrN8j1C5WAzePiVKX5hYXCMgEms2uaTqRpymAwKCNHgwIDhBD+rf6ZwjTH4glgpa6dO979f7co311fLv+22ni7oIsDRotMZgFtdPW6hYa9SwAAAAAAAM0BASEAALCIRqOJ7tHt6UcfCA8LkXsSEpNlQ0k+jhw/eZmv4nNxzNblX6phXJwvjNIrLDp/qb5NJbJdhBAiNS2jvPzC4LO2bcJl4413P/ztz60/rv954SdfKP3Xbfo19vSZP7fuePN/H8kJRWdMmagc9bk4K2lKarqFBTg6OCjvw8nY07X2OX0mQWm3DgqU3yFKGHniZGx97ljIiUPvu/M2OX2owWBY+OliJVqrlq4pKzI2unrdQsPeJQAAAAAAgOaAgBAAANSDRqO5+uLQNEdHR9no2rmjbGRl5xw8fPRyrq9c6q9tOwvqGJXVpAL8LwwLO5uYVPNoXPyZK1BD925dZWPX3gtjBMdcO0I2iorO/7Rx8x9/bzcYDP37RN8xd7YQ4lxu3keff7lm3aaS0lK1Wn3nbTd1aN9WuVpw6yDZOHEqrqhG6pmdc+54bUlYVIf2svHXtp2mQZ1iwy9bZMPF2VlZGbF92wil8qLzxfW9cR9vrztvv1m508VLVyqHnBwdlS/Ndz/8ZGyk8Z2VlZV5+QWmV6vXLTTsXQIAAAAAALA6AkIAAFC7s4lJK1etSUxOMd1pNBoPHDwi2xHhobLRtXPH9m3byPaKb384fOyE6SkGg2Hn7n1Pz3/tvY8+r6qqMv+i468bJceQCSH+99HnmVn/mrNUpyv/cf3Pjz794rqNmy/7/mqnxGnncvP27D+o7Dcajet/3rJs5eomel1TXTp2cHJ0FEL8uP7nvPwCIUQrP98nHr4vok2Yg1broNVGtouYMWXiDdMnd+vaOWbkMDns0sfbq3/fXk8+fF+XTlGmVxs5dLDS/vyrFaVlZcpmcmram+9+KAcdVjN14lg53avBYHj/40XK1KbyrVj94/qk5FS5OX3KBGVi2EkTxijdFn7yRWFhkek1d+3Z//izL6/+cb2Ze+/Qvu2k8dfJ9qm4+J+3/KEcmjNzimzkFxR+uniZ6Y3Ir9dnS5Y/+vSLx06cMnN9U2fOJj727Msvvvb2My++rpRar1to2LsEAAAAAABgdVprFwAAAJqjcr3+k0VLy/X6XXsPdOkU1btnd28vz/zCwl9//1uGdmq1unfP7kr/2TOmvPzGu0KIisrKxUtXhoUGR4SHubm65uTmHjt+Sg6uOpuYvO/g4X69o828rpOT07TJE1auWiNzoNfeXtixQ/vQkGCVEBlZ2cpYty1/bh00oG9TDMnq06vH2vU/y4JXfPvD/oNHwsNCMjKz406fqXWIWFNwdHScO2fGZ0uWGwyGxctWPnL/XSqVKjgo8KF759XsPDZm5NiYkWauFuDfqnPHDnIOzOSUtPmvvNUxKlKlUiUkJdccUKjw8vKMGTVs0+bf5WSn8195q1PHDgGt/EpKS2NPn1GW3AsNad2rx9XKWT7eXiOHDv7tr21ybOLLb7zbtXPH0NDgkpLSo8dPnsvNE0Js3bF78IC+ZhbkGz5kUGJSyqGjx4UQmzb/3iYstHPHDkKIiPCwnt2vOnj4mJzSU95IcFBgmU6XkJScnJImT//6uzWvzn/Kkvd54+bf5HKGJaWlf23bOXFcTH1voWHvEgAAAAAAgNUREAIAgFpUVVa1bh2YmJQip6Y8cSquWoe5c2Z4eXkqm638fB+85/8WL/36fHGJXO6u5op3A/v17tur5yVfun+faIPBsGrNOhnexJ4+E3u6+sSec2ZOaaIJGx0dHGZMmbjsmwsjBU/FxZuueDdl4tjf/9pW8O9RZU2ha+eO0T26HTh0NCU1fcsff48eMfRyrnbD9Mnvf7xIhlvlev0RkyGe3bp2vvqqziu+/aHmWTEjh2k1mnWbfpW579Eaq0J269p59ozJ1XaOu25URWXl39t3ybMOHT0uoz7JQau97eYbzKSD0k03TEtNz5AFf7Zk+XNPPCS/3HNmTnV1cdm+a69yI0f+PVzVxdn53nm3WPi2mM4sWmUwNOwWGvYuAQAAAAAAWBcBIQAAqIWrq8tD9847dOTYpl//yM45ZzCJT6Ii202fPEFZEE7RLiL8+aceWbdx89HjJ/NNlg900Go7d4q6btSwkODWtb6WspahYmC/3p07dli1Zl1iUkpJaamy38PdrWf3bqNHDPX0cK95HQdHh4bdrIPDv07sHd3d19dn6dffKXfhoNW2jQgfc+2IdhFtiorOb/lza52XMluDMnuqJWZNvf7kqdNlOt36n7ecioufPWOKn6+P+VMMBsPxk7FarVYOuVN4eXo8+cj9q35Yd+jIMTkOUq1Wh4UG9+7Zfcig/vkFhS7OzjUnGlWpVKOGD7mqS6c16zalpKYrXwgHrTYw0H/UsGt6du9WswaNRjP1+nFdO3f8acMvGVnZyneOt5dn24g2U68f5+HuVu2UmnNvarXa+++6/d0PPi0oLDIYDIu+XPH4Q/fKl54xZWJ0j6t/2vhLenpmRWWlckpggP+Avr0GD+xX65tc69dl+JBBZxKS5GUH9uvdsFto2Ltkpqp/jtbnuwUAAAAAAKBeVKb/dRoAALREh47/M7yvR9cos30bwmg05uUX5OcX+Pn5ent5qlSqS55SVVWVlZ1jMBg83N1NBxo2QHl5eWZ2joODg5enh5ur6+Vcqr70en16RpaLi3NggP+VfF1FYlLKZ0uWK5nT6BFDhw8ZWOubcL64ZOuOXX9v2yVzvjdeetbZ2anWaxYWnT9//nxw66D6LoknvxDenp6Wf0GNRmPOudyKysqgAH+NRlOvl7NE0fnivLx8V1cXLy9PpxoxsyXOFxefy80Lbh1U1+n1vYUGvEuA5Zr6p/3laM61AQAaCz/tAQCwJQSEAAC0eHxQt2H6iooNP2/5c+sOZY8cmhbSurWrq0tefkFuXl5ubr7p+L8O7dvecuNMd7fqA/UAtHTN+ad9c64NANBY+GkPAIAtYeYiAACA5svRwWHyhDED+/Ve9s1quaxjRWVlalpGalpGzc49u1913ajhl1zhDwAAAAAAAHaOgBAAAKC5Cwzwf/SBu/PyC06cios/m1BUdP58cYmTk6Ori0uAfyv/Vn7+rfzCQoM93GtZmhEAAAAAAACohoAQAACgZfD18R48oO/gAX2tXQgAAAAAAABaNrW1CwAAAAAAAAAAAABw5RAQAgAAAAAAAAAAAHaEgBAAAAAAAAAAAACwIwSEAAAAAAAAAAAAgB0hIAQAAAAAAAAAAADsCAEhAAAAAAAAAAAAYEcICAEAAAAAAAAAAAA7QkAIAIANUCkto1XrAAA0kX//eFfV2c9qeBIBgI1r9k8iAABQPwSEAAC0eFrNPw/0yspKq9YCAGgSpj/eTX/sNxM8iQDA5jXzJxEAAKgvHucAALR4jg4OSlun01u1FgBAkzD98W76Y7+Z4EkEADavmT+JAABAfREQAgDQ4rm4OCnt4pJSq9YCAGgSpj/eTX/sNxM8iQDA5jXzJxEAAKgvAkIAAFo8d1cXpV1QVGzVWgAATcL0x7vpj/1mgicRANi8ZqhWHfkAACAASURBVP4kAgAA9UVACABAi+fp6S6ESrbL9fr8wvPWrggA0JjyC8+X65WJ3VSenu7WracmnkQAYNua/5MIAADUFwEhAAAtnkat9vPxVDYzs3ONVq0HANCIjEJkZucqm34+nhp1s/scx5MIAGxYi3gSAQCA+uJxDgCALfD39Vba5Xp9anqWVcsBADSa1PQsk0Eb//qB36zwJAIAW9VSnkQAAKBeCAgBALAFzs5OAX4+ymZufmFG1jmrVgQAaAQZWedy8wuVzQA/H2dnJ6tWVCeeRABgk1rQkwgAANQLASEAADYiOMjf1dlZ2cw6l5eSnsUMbwDQQhmFSEnPyjqXp+xxdXYODvK3alGXwJMIAGxJS3wSAQAAy6mMRj6vAQBgI3S68vjE1MqqKmWPk6NjUICfj5eHVesCANRPfuH5zOxc0/nctBpNZERo8x+0wZMIAGxDy30SAQAACxEQAgBgU0pKyxKS003/Miv/OOvt6e7u5urs7KjValXWKw8AUCujEJWVlTqdvriktKCo2PQPsvJvsm3Dg91cXaxXYD3wJAKAlsiWnkQAAMASBIQAANgana48OS2rVKezdiEAgEbg6uwcHhLYskZs8CQCAFvSEp9EAADgkggIAQCwTemZOdm5+dauAgBwWQL8fFruak88iQDABrToJxEAADCDgBAAAJul05Xn5BXk5hcJweMeAFoWlZ+Pp7+vd0sfrsGTCABaLBt5EgEAgLoQEAIAYOOqDIaiouLi0rKysnJ9RUVllYG/0gJA86PSatSODg4uLk7uri6enu4atdraJTUankQA0BLY8pMIAADUREAIAAAAAAAAAAAA2BH+KxAAAAAAAAAAAABgRwgIAQAAAAAAAAAAADtCQAgAAAAAAAAAAADYEQJCAAAAAAAAAAAAwI4QEAIAAAAAAAAAAAB2hIAQAAAAAAAAAAAAsCMEhAAAAAAAAAAAAIAdISAEAAAAAAAAAAAA7AgBIQAAAAAAAAAAAGBHCAgBAAAAAAAAAAAAO0JACAAAAAAAAAAAANgRrbULAAAAjcxgMKSlpcWfOXv6dLwQIjKyfWT79iEhwRqNxtqlAQAAAAAAALA+AkIAAGzKiRMnn3zmuePHT1Tb7+bm9vSTj82YPk2tZv4AAAAAAAAAwK7xJ0IAAGzH8hUrJ0yaWjMdFEKUlJQ889z8WbNvTkpKNt1fUFg4bcYNMWMnxMefuYKVNtwjjz0RM3bCj2vXWbsQAAAAAAAAoKViBCEAADbiVGzsCy++rGyOG3tdl86dtQ7ahLOJ6zZsLCkpEULsP3AgNS2tTZtwpVtsbNzBQ4eFEFnZ2ZGR7a1Uu6X0er2MBhMSE61dCwAAAAAAANBSERACAGAjXlrwmmz4+fku+2pxx6go5dAzTz/x+RdL3l/4Yb9+fQcNHGB6Vnp6+hWvtOEyM7OsXQIAAAAAAADQ4hEQAgBgC/R6/e7de2R7wUvzTdNBIYSrq+uD999769ybXVycq52YkpJ6Bcu8XGktKs4EAAAAAAAAmicCQgAAbMGZswlKu3ev6Fr7eHp61NyZnJLSlHU1srQ0AkIAAAAAAADgchEQAgBgCzRqtdJOTEzy9fW95CmFhUUZmRlHjx2Xm7Gxcc7OTrKtVmt69ugu258vWpyblxcSEnzTnNlCiCNHjy1fsfJUbKwQolvXrvfcfWdISLByTYPBsGfP3uMnTx47diIjIyMgwL9L584DBvTvfnW3usooLS3dsXP3yZMnjx47XlxS0iY8rHPnTiOHDze9rBCirEyXkZmxZ+8+uZmWlrb/wAHlaJfOXWoOjgQAAAAAAABQK5XRaLR2DQAA4HJVVFR06noh0uvXr+8nHy6sdbygYsmXSxe8+npdR93c3I4c3CvbMWMnxMefEUIcPbx/06afH3/yGdOeXy7+/JrBg2Q7Kzv7yaee/XvrtpoXnHvzjY8+/B9XV9dq+w8fOfrgQ4+m1DaKccFL82fOmKZWq4UQx44dv37KdDO38/OGnzp0iDTTAQAAAAAAAIBCbUEfAADQ3Dk4OChj/nbv3jNl2sy1P63X6/V19XdycqrvS2zfvqNaOiiEiGzfXjaOHTs+Omackg526tjx2tGjIiMvHP1q6fJ5d91b7b8lrVr9w5RpM5V0sFd09MgRw4OCAuXms8/P//iTz2Tb0dGxvtUCAAAAAAAAqAsjCAEAsBEnTpycMGmq6R43N7epkyeNGRPTu1e0Wv2v/xVUWVmZnJJiNBonT51ZUlIihHj91QXR0T3kUY1aExHRRraVEYRSWFjYLTffGBAQkJmZWa4vv2ve/6lUqqqqqsnTZh4/fkII0bVrlzdff6VTx46y/8FDh+974D+ZmVlCiHfeevP6iePl/qysrIHXDJftiRPGP/fMk8q0qKu/X/PEUxeSyN9//blNm3AhREpKir6i4o033/7t9z+EELNvmHnL3Jv+qSo0lBARAAAAAAAAsBBrEAIAYCO6dOm88L13n3z6WRn4CSFKSkqWLl+xdPmKsLCw22+be8PMGVrthUe/Vqtt17atEMLZ2Un2Dw5u3b5dO/Mv0bNH96+Xf1Uzivv+hx9lOujm5rbos48D/P1NT1n4v3emz5ojhHjltdeVgPDNt96RjT69e7315msajUY5ZdrUybm5ubLDhx9/+ubrr8hgUgihzJvq6+t7yWoBAAAAAAAA1IopRgEAsB1jx8T8+suGG+fcUG1/SkrK/BcXXD95+tmEhMu5/huvv1LrQL2V33wrGw/cf49pOihFR/fsFR0thMjNzcvLy5PJ5Y9r18mjTz35uGk6KN18042ycfjIkcspGAAAAAAAAEBNjCAEAMCmBAYEvPjCc08+/tiff/29+dctP61brxw6FRs77857165Z5ebm1oArP/Tg/bUO2jMYDEeOHpNtN1e3g4cOm7lIQmKir69vQkKisqeqstLMKfHxZyorK5WBjwAAAAAAAAAuH39uAwDABrm4OI+57tox11370vzn1qz96a23/yfnEU1ITFy85Kv777unAddsV8eUnhkZmUr72efnm79Iamp6r+joM2f/GcgoZx81IysrOyQkuJ7FAgAAAAAAAKgTASEAALbMw8Pj5hvnDOjXb+qMG2RGeODgocZ9idy8PKXt5+drpqeDg0PbthFCiJxzORae4uPj4+trrgMAAAAAAACA+iIgBADA9nXoEDn7hpmfL1oshNh/4GDjXrx1UJDS3rxpvbe39yVPCQ0JkY1OHTtuWLemcesBAAAAAAAAYJ7a2gUAAIAroUNke9nw8HBv3Cv7+7dSFjVMTEq25JSIiDaycSo2tqqqqnHrAQAAAAAAAGAeASEAAHZBWfbv6m7dGv3iUR0iZWPbtu2W9G8T3kZp79t/oNHrAQAAAAAAAGAGASEAALZgw8ZN7aO6LHj19bIyXc2jaWnpn362SLa7dO5U6xV0ulpOtNDQIdfIxrvvLczOyblUd+Hi4tyndy/Zfv2N/xoMhvq+oq622wQAAAAAAABgCQJCAABavILCwqeeeV4IseTLpWPGX79+w0bTeTu379g599Y7ZNvNzW3WzBmm53p6eMrGtm07ZCM7J6ekpKReBdx++61+fr6yfedd9yb9e6LR0tLSjz75rO+AwXIRROmF55+VjSNHjz3x1LPFxcWmp2RkZD71zHN9BwzeuWu36X4Pdw/Z+O33P5SLZ2Vn16taAAAAAAAAwM6pjEajtWsAAACXJT8//+57H9i7b7/pzk4dO3p4uJ9NSMjNzVN2vvXm65MnTTTtduc9923Z8rtsT5ww3tPTY/mKlb2io7/5eqlarRZCxIydEB9/Rgix8L13x46JqauGTT9vvu+B/yibk66f0DEqSqVSnTl7dtXqH5T9O7b9GRgQINsvvvTK0uUrZDsoKHDE8GHt27UrLi4+cvSYkv+1jYjYsnmjcvrSZStefPkV2e7Xr2+P7lev/v4Hna78jy2/KAklAAAAAAAAAPMICAEAsAVVVVWLv1z6+hv/NdNn/gvP3jj7BpVKZbpz+46dN99ye83O365c3rtXtOUBoRBi/YaNTz/7gpnRhx9/+P61o0cpm3q9/sOPP/3gw4/r6h8WFrbos48j27dT9uTm5g0fFVPzJR55+D/33DXPTG0AAAAAAAAAFJr58+dbuwYAAHC51Gp1r+ieMdeOqqysTExKrqioUA6FhYWNHjXys48/HDxoYLV0UAgRHhYWFBS4a/ce5ZTIyPbvvPXmgP795ObyFSvz8vKFEJMnTWzXtq2ZGqKiOkyZMun8+fOlpWUFBQXK/sjI9jffOOeD99+9qmtX0/4ajWZA/37Dhg7JzcsrLCwsKytTDvXr1/e+e+565eX5/v6tTE9xdXXp27f3rt17i4qK5B4/P98nHn/k1rk3yfGOAAAAAAAAAC6JEYQAANiaqqqqc7m5uedyhRARbSNcXVwueUplZWVqapperw8Obu3u7n75NZSWlSUnJzs6Orbya+Xp6WHJKfn5+RkZmR6eHq38Wrm4OJvpaTAYsrNzCgoL/Hz9qiWIAAAAAAAAAC6JgBAAAAAAAAAAAACwI0zGBQAAAAAAAAAAANgRAkIAAAAAAAAAAADAjhAQAgAAAAAAAAAAAHaEgBAAAAAAAAAAAACwIwSEAAAAAAAAAAAAgB0hIAQAAAAAAAAAAADsCAEhAAAAAAAAAAAAYEcICAEAAAAAAAAAAAA7QkAIAAAAAAAAAAAA2BECQgAAAAAAAAAAAMCOEBACAAAAAAAAAAAAdoSAEAAAAAAAAAAAALAjBIQAAAAAAAAAAACAHSEgBAAAAAAAAAAAAOwIASEAAAAAAAAAAABgRwgIAQAAAAAAAAAAADtCQAgAAAAAAAAAAADYEQJCAAAAAAAAAAAAwI4QEAIAAAAAAAAAAAB2hIAQAAAAAAAAAAAAsCMEhAAAAAAAAAAAAIAdISAEAAAAAAAAAAAA7AgBIQAAAAAAAAAAAGBHCAgBAAAAAAAAAAAAO0JACAAAAAAAAAAAANgRAkIAAAAAAAAAAADAjmitXQAAAGhaVQZDUVFxcWlZWVm5vqKissoghNHaRQEAAABoVlRajdrRwcHFxcnd1cXT012jZlwBAAC2TGU08idCAABsk05XnpNXkJtfRCIIAAAAoD5Ufj6e/r7ezs5O1q4EAAA0CQJCAABsU3pmTnZuvrWrAAAAANCCBfj5BAf5W7sKAADQ+AgIAQCwNTpdeXJaVqlOZ+1CAAAAALR4rs7O4SGBDCUEAMDGEBACAGBTSkrLEpLTK6uqTHc6OTp6e7q7u7k6OztqtVqV9coDAAAA0AwZhaisrNTp9MUlpQVFxeV6velRrUbTNjzYzdXFegUCAIBGRkAIAIDt0OnK4xNTTdNBJ0fHoAA/Hy8Pq9YFAAAAoCXJLzyfmZ1rGhNqNZrIiFDGEQIAYDMICAEAsB1xZ5JNZxb18/EKDQ5kvCAAAACA+jIKkZqelZtfqOxxdXaOah9u1aIAAECjUVu7AAAA0DjSM3NM08HAVr5hpIMAAAAAGkQlRFhwYGArX2VPqU6Xnplj1aIAAECjISAEAMAW6HTl2bn5yqafj1frwFZWrQgAAABAi9c6sJWfj5eymZ2br9OVW7UiAADQOAgIAQCwBTl5BUrbydExNDjQquUAAAAAsBGhwYFOjo7KpulHDwAA0HIREAIA0OJVGQy5+UXKZlCAHzOLAgAAAGgUKiGCAvyUzdz8oiqDwaoVAQCARkBACABAi1dUVCyEUbadHB19vDysXREAAAAA2+Hj5WEyiNBYVFRs3XoAAMDlIyAEAKDFKy4tU9renu5WrQUAAACADTL9oGH6AQQAALRQBIQAALR4ZWXlStvdzdWqtQAAAACwQaYfNEw/gAAAgBaKgBAAgBZPX1GhtJ2dHc32BQAAAIB6M/2gYfoBBAAAtFAEhAAAtHiVVQalrdVqrVoLAAAAABtk+kHD9AMIAABooQgIAQCwAUalpbJqHQAAAABs0r8/aBjr7AcAAFoIAkIAAAAAAAAAAADAjhAQAgAAAAAAAAAAAHaEgBAAAAAAAAAAAACwIwSEAAAAAAAAAAAAgB0hIAQAAAAAAAAAAADsCAEhAAAAAAAAAAAAYEcICAEAAAAAAAAAAAA7QkAIAAAAAAAAAAAA2BECQgAAAAAAAAAAAMCOEBACAAAAAAAAAAAAdoSAEAAAAAAAAAAAALAjWmsXAAAAWpi8/IIzZxOFEIGB/uGhIZfsn56RmZGZnZGVXVFR0TowoHXrwLCQYLX6Ev9LyWAwJKemZWZmZ2bnaNTq1kGBrVsHhrQOqm+1ZxKSSktLhRChIcE+3l6X7J+UklpUdF4IEdw6yM/Xp16vZTAYTsXFV1VVCSHCw0K9PD3qW60iKztn/c9bKioqhl0zsFNUZIOvY4mCwqK09IzU9Izi4pLgoMCQkNZBgQGODg5N+qIAAAAAAACwIgJCAABQD4nJKR98sriislIIMah/H/MBYWJyynff/5SWkVltv6enxw3TJnXpFFXXiYeOHl+9Zt354pJq+0NDWs+cer0lqaR0Ki7+40VfyfaMKRMH9e9zyVMWfvyFvDsHrfbl555wcXG28LWEEN+v3bBt5x7Znjt7RnSPbpafa8poNL730aKS0lIhxMnY0/OfftSSaLMBCgqLln+z+vSZhJqHevfsPm3S+HrdPgAAAAAAAFoKphgFAACWOnT0+LsffCbzs0vavmvvux98VjMdFEIUFZ3/dPGyn7f8UeuJK1etWbLsm5rpoBAiNS3j7fc/ORUXb0kBRUXnF325wpKetaqorFz/86+W9z+Xm6ekg5epuKREpoNSRmZWo1y2mrj4sy++9nat6aAQYt/Bw8+9/MbR4yer7f/o8y+ffen1rTt2N0VJAAAAAAAAuDIYQQgAACyy5c+t6zZutrBzQlLydz/8pGz26dWjfUQboxBx8WcPHj4qd27a/HunDpERbcJMT9y+a++uvQdkW61WDxnUPyQ4SKcrP3z0ePzZRLl/0Zcrnn/qEU8PdzMFGI3GT5csszDLrMu2nXuGDxnUys/Xks7fr91wOa9lyt3NzcXZuUynk5tBgQGNdWWFTle+eOlKg8EgNwP8W0VFtvNwd885l3v8ZKx86YrKylNx8d26dlbOqqisjD19pukySwAAAAAAAFwZBIQAAOASjEbjN6t/VHI7SyxbuVo2nBwdH3/oXiVjG9iv9/AhA99Z+Knc/GHdxofvu1M5S6/XK7FiYID/Q/fOU6a4HDKo/669B1auWiNjqv0HDw8fMshMAT9t3JyallHPG63FqjXr7r5j7iW7JSalnDgVd/kvJ6lUqofum7f+5y16vX74kEG+Pt6NdWXFxs2/KQHkrGmTBvTtpRwyGAw7du+Teed1o4ebnpWXl9/olQAAAAAAAODKIyAEAADm6PX6TxcvU0bv+fn6ODk6ppsdQJaXX5B7MUm6646bq43AaxMWOmrYNVv+3CqESE//1wSkphnb/XfdXm0BvP59onfu2ZeYlCKEOJuYbCYgPHEq7ve/tsl2ZLsIpfgGOBUXfyYhqX3bNua7ffv92ga/RK0CA/xvv/mGxr2mKTkQUAjRq+fVpumgHLg5eEDfvr16VFZVubq4mB7KOZfbdCUBAAAAAADgimENQgAAYM5b73+iBGwd2rd98uH7PD09zJ9y6Mgx2Wjl59suopZorVPHDrJRUVmZX1Co7N9/6MLso3169fBwd6t5Yof27WQjKzunrlcvLCxavHSlbI8fM7pNeFhdPc1Tqy/8mvTN6h+NRqOZnoePnTCfmDY3RqMxMytbtjtFRdbax9HRsVo6KNdZbPrqAAAAAAAA0OQYQQgAAMyJimwn07hB/ftMnzxBpVJd8pSOHdqPuXZEUdH5QQP61trByclRaVdVVSntQf37BLTyq6isHD1iSO2XvhjUedURUhoMhk8XX1h6sF1E+Khh16zb9OslC67V9eNi1qzbJITIzjm398Chvr161vWKqy5Oi9qlU1RefoGSvdVUUFB4MvZ0UmpaSmpaYWFRUGBAeGjI0MEDvLw8q/U8cSru4OFjQoiw0OAhg/or+/fuPxQXf9bXxztm1DC1Wl1QWHQq9nRs/JmExGQvL8+I8LC+vXqEBLc2f2sqlUqtVssFCDMy66zWVLlen5ubp4w7zM3LPxUXrxxtGxHu5OhY99kAAAAAAABoXggIAQCAOZMnjPHy8vTz8Ynu0c3CU0KCW5vPqEwjND9fH6XdKSqyrgFtctzb8ZOxsh0aElxrn7UbfknLyJRrH94+d7YlcWZdIttFdOkUJWc9/WHtxp7duzloa/nFaeuO3eeLS2R76vXjPv9yRV3F/7Vt59oNv8hYTjpfnHD6TMIfW3fMnT29x9VXmfY/GXt6z/6DQoi8/HzTgPBk3On9B48IIUJDWpeWlX393RrlUH5BYWJSyp9bd0yeMGbYNQPN311QgL8c9bh1+65ePa4ODTH39TqbmPTeR4tM95yKizcNCB978O66viIAAAAAAABohphiFAAAmKPRaEYPH2J5OmiJbTv3yEaAfysLMzyDwbB2wy/KTJ7DawvAjp+M/XPrDtm+45Y57m61TFJaL1OvHycbZTrdlt//rtmhXK9ft3GzbA/s17vaaouK0rKyt97/eM26TUo66KDVKlOYGgyGJcu/VVZttNCKb39Q0kG1Wq1cTQixZt2ms4nJ5k9vGxEuGxWVlW8v/OSnjZvPFxfX1VlbWzIKAAAAAACAlos/9wAAgCsqISk5KTlVtq8bNdx858ys7IzMrKzsc39v31VSWip33jJnRs11EAsKi5Ys+0a2RwwdHBXZ7vJLbeXne83Aflt37BZCbP79r8ED+3q4u5t22LT5dzmdqVqtHj9mdF3X0Wg0WVkXFk0cds3AkcOu8fRwl4nmoq++lqnh92s3zLv1RstrK9PphBD9+0QPGtA3LCRYCHHw8LFl36y+eLX1jz14j5nTx48ZfeDQUXkRg8Hw259bf/tza/u2bfr2jo7ufpXjv+cLDQ8NefrRByqrqr5Z/WNySpoQ4uqrulw3+p+vXYB/K8srBwAAAAAAgNUREAIAgCtHpyv/fMmFSTh9vL0uOTDx8y9XnMvNUzZb+fnedtOsmvOXGgyGjxd9JbO64KDACXVndfU1LmbUrj37KyorDQbDj+t+vumGacqhwsKiP/7eLtsxo4a5ubrWdREnR8cH7rnj2PFTvaO7m2ZpXTt3HBczUq6SGHdxeT/LzZk5xXRlxOge3c7l5m34ZYsQIjUto6qqSqPR1HWuq4vL3f8399MvlimxqxDiTELSmYSkb79f27tn94njrjVNQwMD/OVZctPD3S2kdVB9CwYAAAAAAEAzwRSjAADgCjEYDJ8tuZBIqdXqu++YW981As/l5n3z/dqCgsJq+9es2yTXNVSr1XfedpPpfJuXycXFedx1o2R738HDyhynQog16zdd6OPsPHLYNeavEx4aMjZmZM2RdsrSgxWVlaVlZZYX1r1bV9N0UOrbq4fSvuScpW3CQuc//ciIoYOd/j1e0GAw7Nl/8PkF/91/6Ijl9QAAAAAAAKAFISAEAABXgtFoXLzsmzMJSXJz7uzpclCaeTOnXj9p/HVDBvVXOienpC1483/ZOeeUPkePn/x7+y7ZvuXGmd7eXo1b+dDBAzzcLyxn+M3qH2UjPSPz4OFjsj1p/HUODV2lz8ek2oLCIstPrDVZ9fLyrNfVHB0drx8X8/pLz9x52029el5tehcGg2Hp16uSUlItLwkAAAAAAAAtBVOMAgCAJmc0Gpd9s/ro8ZNyc/rkCcrIOfOiItspqwmeiov/dPEyg8FQUVm5as26e+fdKoTILyhcfHHpwf59ortf1aXRi1er1dOnTFy8dKUQIik59cSpuC6dor794Sd51Mfbq1+f6Hpd0Gg0FhWdz80vyMvPzzcdDWk0XmappiMy5WKEllCr1V06RXXpFFU1o2r/oSM/rvtZmXd0+TffP/PYg5dZFQAAAAAAAJobAkIAANC0jEbj8m++33/wwnyVE8deO3hA3wZcp1NU5LRJ47/74SchRFz82ZKSUjc312UrVylJWEFh0WdLllc7Ky09QzZ+/f2v4ydjhRDeXp4zpkys10t3v6pLSOugtIxMIcS336+dM3NqYlKKPDRjykQLJ0rV6/W79x3cd/Cwcm41lxsPXjaNRtO3V8+unTu+s/BTufRjds4582sZAgAAAAAAoCUiIAQAAE1IpoP7Dh6Wm2NjRl5yuT4zort3++7i0L2snJx2bm0cHByUo6fi4s2cm19QKIfrubm61jcgFELMmj7p7fc/kTHkh58tkTvDw0K6dIqy5PTk1LT3P1pUUVlputPF2dnNzVVGcc2Hm6vr2JiRS79eJTczMrNDQ1pbuygAAAAAAAA0JgJCAADQVIxG44pvf1DSwZiRw2JGDqur8/ni4j/+3hEXf6ZPdI+hgwfU2sfJyVFp63TlQohePa+Oiz9r+XSaQgg/P5/63MQF4aEh3bp2VmZJlWZOud6ScxOTUt77eJEs0sPd7ZqB/btd1Tk4KFAeffDx52TDonGIV0RI6yCl7ejoYLYvAAAAAAAAWh4CQgAA0FRWfPfD3gOHZHvk0MFjY0aa6Xwy9vRvf24VQqSkpl99VRcfb6+afZJT0pR2eFiIEKJvr559e/U0c9mfNm6Wl50xZeKg/n0u427EtOvHmQaEV1/VxcKhdb/89qdMByPahN3zf7c4OTpacJI1ZWRmKW3/Vn5WrQUAAAAAAACNT23tAgAAgG36+rs1e/dfSAeHDh4wcVyM+f7R3bup1Rd+M1m2cpXRWH1JPqPR+O33a2XbxdnZ3c2tCao2x9vba9g1A5XNKRPHWnji6fizsnHtiKHV0sFyvb5Ra7RIekbmQ0++8N/3Pqp1dtOqqqof1/8s2wH+rWpdYVFfUdH0ZQIAAAAAAKCpEBACAIDGt3LVmt37Dsj2oP59xoweUVJSJiC1PAAAIABJREFUWvOfnCZU0mq1Qwb1l+0zCUmff7mipLRUOVpUdH7hJ1+kXxzZ1r9vryt7QxdcPy5m7LUjO3Zo//D9d9Y6xrFWjhdDwbz8AtP9hYVFb733sbJZPRFtMl99vcpgMKSmZbzy3/fWbviltLRMOZSRmfXOB58WFBbJzfFjRpue6OLiLBsnTsbJhk5XLld2BAAAAAAAQAvCFKMAAOASDhw6Gn82QdlMS8+QjVNx8d/98JNsOzs5jR8zWg4BXLNu0669B5T+23ft3b5rb10XH3/dqNEjhsr2hDGjj504JYe1HT8Z++xLb7QODPD19cnOOZeVnaOcEhwUOHHstU1wo5emVqtjRtW5jGJdwkKDT8XFCyF++GmjnBy1Ql9x+NiJbTv31Gv1xMYSFOCfmZUthDAYDL//te33v7a5ODt7eXkWFhaV6XRKt66dO3a/qsu/TwyQjZLS0lffer9tm7D9B49UGQzzn37Uy9Pjit8HAAAAAAAAGoiAEAAAXMLxk7H7Dh6uuT83L980+Rs1Yoiri4vRaPxz6w7LL56QlKK0tVrtvfNufe+jz+UINoPBkJaRmZaRado/NKT1nbfepExG2iJMHBcjA0KDwbD6x/Wmh9pFhKtUqjMJSVeynltvmnXw8LEV335fUVkp95TpdKbRoBCiR7eus6ZNqnbigH69lfUUs7JzlNT2j7+3Txp/3ZUqHwAAAAAAAJeLgBAAAFyCRqOxvHPNtQPrxdfH+4WnHtm6Y/evv/91vrjE9FCAf6vxY0ZXG9PWdBwcHBp0Vi2/XIW0Drp33q0rvv1embpTCOHj7TXm2hH9ekfvP3REBoSa2lJPx3+vWfjPCzk2pDxFz+5XtW/bZsPm3w4fOW4aDTpotYGB/hPHxnTs0L7mWV6eHnfedtOXy79VTnHQakePHDp6+JDLKQYAAAAAAABXmOoy/4oHAACs7tDxOKXdo2uUVWtpTBWVlRmZWTpdeSs/Xx9vL5VKZe2KLldR0fmcc7laB62Pt7enh7u1y7mgqOh8QVGRXl8R4N/KkqqMRmNefkFxSYmXp6e3l+cVqREAAADWZ6ufOwAAsE+MIAQAAM2Ug1YbHhpi7Soak6enh2fzW6uvvlWpVCo/Xx8/X5+mLAoAAAAAAABNqCWt3wMAAAAAAAAAAADgMhEQAgAAAAAAAAAAAHaEgBAAAAAAAAAAAACwIwSEAAAAAAAAAAAAgB0hIAQAAAAAAAAAAADsCAEhAAAAAAAAAAAAYEcICAEAAAAAAAAAAAA7QkAIAAAAAAAAAAAA2BECQgAAAAAAAAAAAMCOEBACAAAAAAAAAAAAdoSAEAAAG6BSWkar1gEAAADAJv37g4aqzn4AAKCFICAEAKDF02r+eaBXVlZatRYAAAAANsj0g4bpBxAAANBC8TgHAKDFc3RwUNo6nd6qtQAAAACwQaYfNEw/gAAAgBaKgBAAgBbPxcVJaReXlFq1FgAAAAA2yPSDhukHEAAA0EIREAIA0OK5u7oo7YKiYqvWAgAAAMAGmX7QMP0AAgAAWigCQgAAWjxPT3chVLJdrtfnF563dkUAAAAAbEd+4flyvTLFqMrT09269QAAgMtHQAgAQIunUav9fDyVzczsXKNV6wEAAABgM4xCZGbnKpt+Pp4aNX9RBACgxeNxDgCALfD39Vba5Xp9anqWVcsBAAAAYCNS07NMhg/+66MHAABouQgIAQCwBc7OTgF+Pspmbn5hRtY5q1YEAAAAoMXLyDqXm1+obAb4+Tg7O1m1IgAA0DgICAEAsBHBQf6uzs7KZta5vJT0LOYaBQAAANAARiFS0rOyzuUpe1ydnYOD/K1aFAAAaDQqo5G/HAIAYCN0uvL4xNTKqiplj5OjY1CAn4+Xh1XrAgAAANCS5Beez8zONZ1ZVKvRREaEMnwQAACbQUAIAIBNKSktS0hON80IZUzo7enu7ubq7Oyo1WpV1isPAAAAQDNkFKKyslKn0xeXlBYUFZtGgzIdbBse7ObqYr0CAQBAIyMgBADA1uh05clpWaU6nbULAQAAANDiuTo7h4cEMnYQAAAbQ0AIAIBtSs/Myc7Nt3YVAAAAAFqwAD8f1h0EAMAmERACAGCzdLrynLyC3PwiIXjcAwAAALCcys/H09/Xm4GDAADYKgJCAABsXJXBUFRUXFxaVlZWrq+oqKwykBcCAAAA+DeVVqN2dHBwcXFyd3Xx9HTXqNXWLgkAADQhAkIAAAAAAAAAAADAjvBfgQAAAAAAAAAAAAA7QkAIAAAAAAAAAAAA2BECQgAAAAAAAAAAAMCOEBACAAAAAAAAAAAAdoSAEAAAAAAAAAAAALAjBIQAAAAAAAAAAACAHSEgBAAAAAAAAAAAAOwIASEAAAAAAAAAAABgRwgIAQAAAAAAAAAAADtCQAgAAAAAAAAAAADYEQJCAAAAAAAAAAAAwI5orV0AAABoQjk55w4dPpyTcy43N9fZxaVjhw4dOkQGBQWqVKqanVNSUj5btFinK581c1qv6Ghr1AsAsAUGgyEtLS3+zNnTp+OFEJGR7SPbtw8JCdZoNNYuDUALU1FRsWfvvnqdotVo+vXrK9v8fgsAAFAXldFotHYNAACg8W3dtv2dd987cvRYzUNubm6DBg546onHwsPDlJ1Go3F0zLiExES5uWPbn4EBAVewXgCAjThx4uSTzzx3/PiJavvd3NyefvKxGdOnqdXMZAPAUqdiY8dNmFyvU9zc3I4c3MvvtwAAAObxwQwAAFtTWFj01DPP3XLb/9WaDgohSkpKNv+6ZfiomKXLVlRVVV08q1D564kQIjExyfSUgsLCaTNuiBk7IT7+TBOXDwBowZavWDlh0tSa6aB8+jzz3PxZs29OSko23d8UjxgeW4A9CwsNlQ3zv98CAADYOaYYBQDApuzatfuBhx7Jzc0z3Xl1t6uuuqqrh4dHdnb231u3KUdffPmV2Ni4Vxa8KITw8vIKCwtLSUmRhyLahJteITY27uChw0KIrOzsyMj2V/CGAAAtxqnY2BdefFnZHDf2ui6dO2sdtAlnE9dt2FhSUiKE2H/gQGpaWhuTp0xTPGJ4bAE2w8fb+9Zbbjbfx2AwfLV0ubJ5260X+pv//RYAAMDOERACAGA7cnLOzbv7PvkXWCGEn5/v668uGDrkGtM1n4xG446du1597c1TsbFCiFmzpsv9KpVq6ZJFn3+xuKysbNbMGYGBgaZXTk9Pv7K3AgBoeV5a8Jps+Pn5LvtqcceoKOXQM08/8fkXS95f+GG/fn0HDRxgelZTPGJ4bAE2IzAw8NmnnzTfZ9XqH5T2dTHXTp1yYUpS87/fAgAA2DkCQgAAbMeCV19X0sHx48a+OP85by+van1UKtWggQPWrlm15sefAgL8u111lXIoPDzs5RdfqPXKKSmpTVk4AKDF0+v1u3fvke0FL803TQeFEK6urg/ef++tc292cXGudmJTPGJ4bAH2IzEx6cmnn5VtPz/fV16eb3rUzO+3AAAAdo6AEAAAG/HX31vXb9go23169/rfO/9VqVR1ddZqtdOnTbH84skXp2YCAKBWZ84mKO3evaJr7ePp6VFzZ1M8YnhsAXaioqLioUceUzbfe/dtb29vq1YEAADQYhAQAgBgCwwGw9PPPq9svjj/OTPpYF327N33+x9/CiE6RkVNnjRR7iwsLMrIzDh67LjcjI2Nc3Z2km21WtOzR/d331tYXl6uUqlGDB/Wp3evWq9cVVW1+Mulubm5KpXq9ltvadXKr0F3CQBovjRqtdJOTEzy9fW95CmXfMSYdi4r0+3avfvkqdiTJ0/GnY4PCw3t2rXLdTHXdu7UscHXlOsmHjp85PjxEwkJic7Ozl26dL66W7eRI4Y14DEK4Mpb+OHHR44ek+07590xoH+/ah1q/f1WCPHrlt/2HzgYFBh4042zNRpNfn7+nr37du/Zu2//AT9f3+iePa65ZnCP7ldf2bsBAAC4olRGo9HaNQAAgMt1KjZ23IQLq63cduvcZ556ogEXWfjBR/97/wMhxLix173/v3eEEEu+XLrg1dfr6u/m5nbk4N4nn35Wrvvi5ua2d9c2Jyenmj03bvrl/gcfkn12bf/L1dW1AeUBAJqzioqKTl0vxG/9+vX95MOFtY4XVFjyiFE2Dxw4+PBjT6bUNi7w8UcfvnPeHQ24Znl5+bvvLfx80eKaPQcPGrjg5flhoaFm6gdgdXv37Z81+ybZ7tq1y+pvv3Z0dKzWp+bvt9KCV19f8uVSIcTSL7/QarX/d+c9ykT9imeeeuK2W+c2/X0AAABYh9qCPgAAoLnbuXO30h4+bGhjXbbWtK+am2+cIxslJSWbf91Sa5/lX6+UjTmzZ5EOAoBNcnBwUMbn7d69Z8q0mWt/Wq/X6+vqb8kjRnrr7f9NnzVHSQfd3Nz8/P4ZnvjmW+/8uuW3+l6zqOj8lGmzlHQwLCxs5IjhvaIvzIy6bfuOcRMmFxQUWHg1AFdeYWHRfx5+VNl89+03a6aDlnj3f+/PvnFuzXRQCPHKa298/sWSyysTAACg+WKKUQAAbEFKaqrSbte2bWNddsb0qf379zUajZOnzpR/N3n91QXR0T3kUY1aI4To0qVzv359d+/eI4RYvOSrCePHVbvI6dPx8qgQYvasGY1VGwCguXlp/vMTJk2V7YTExIcfffy5F16cOnnSmDExvXtFq9X/+v+pljxipOSUZNmYOmXyXXfeIR9zKampDzz4sJxa8JXX3hwxfJhGo7H8mh9+9Mmp2FgZN7715mvXjh4l92dlZz/y6BM7d+0uKSn571vvvrLgxSZ+zwA00PyXFmRmZsn2gpfmt2/XrmHXOXjosBDi7jvnTZgwtkNkpNFo3LV7z933PiB/hiz84KM5s2e5urg0ZukAAADNAyMIAQCwBefOnVPagYEBjXVZrVbbrm3b9u3aKQs4BQe3bt+unfwXEdFG7rztlguTLx05euzwkaPVLrLy2+9kY9SoEWFhYY1VGwCguenSpfPC9951c3NT9pSUlCxdvuKGOTePGD1m2YqvKysrlUMWPmKEEC++8NxTTz62+ruVb77+ivKfYMJCQ9947RXZTklJSUlJtfya8fFnFi2+MCro4w/fV9JBIURgQMBHH7wvb+Gb71YlJSU32bsFoOF+XLvup3XrZXvUqBGzZk6/nKu9suDFRx/5T8eoKLVardFoBg0csHzphR8RJSUl3/+wpjFKBgAAaHYICAEAsAU6XblshIWFqVSqK/zqw4cNUZK/FV9/Y3qopKTkq6XLZfvWm2+6woUBAK6wsWNifv1lw41zbqi2PyXl/9m7z/goyrUPwJNCCAQIIUhHehOwYOGoqNgFGx4r6mvvFRVRjhV7710sx3bsYG/YsQvYQBGEUKQaekIoyb4fxrPuCcUNBDabva6fH+55dmb23nWcwf3zzEy7csg1Bx506KTJkyu6z7y8vJNOOD56/9Kojh07NGnSOKynTK1Akjf8ldfCYtfeu+y4w/blXq1Xr+5JJxwX1r9OmFDRboENbdq0aRdc+OfztvPzG1x/zVXr86ffg/950BGHlc8XN+/ebdtttg7rL7/8ej2aBQCougSEAFAdtG7156yIadOmxc7P2DgyMjJOPOHPSYQvvTzsjz8Koy+9/uZbYdG+fbuePbfbyI0BsPE1btRoyBWX/fT96HvuuuOA/feLfemX8eNPOfXM1T7ra920+u/lb86cufFvFY39mjZtMua771f9Z9HixeEKE3/7rbJaBSpFaWnpBRcOji7eevONDRo0WOsWf6NWrezVju++265hEXsnfwCA6sQzCAGgOmjfvl20njptWiU+hjBO/Q7Y/8oh14T1Cy+9dPqpp4T1E088HRYnHn/cxp/aCECi1KqV3Wefvfrss9dVV1427JVXb7n1jjAXnFxQ8Ohj/z77rDPWec8LFy6aPXv27DlzZs6cNWf2nHAwEonEv4ex48aFxTP/ee6Z/zy3ljWnT/t9nfsENoT77n9w1OjRYX3C8cfu1GvHDfRGjRr9edP+goIpG+gtAAASS0AIANVBu3Z/JYIFBVM2fkBYt27dk044Pnyk02OPP3HyiSdkZmaOHj3ml/HjgyDIycnZf799N3JLAFQFdevWPeboo7bv2fPgw/qHGeHoMd9VdCeRSGTkZ5+//c57r73+xmonIEaCCgSEs2bNDoucnJzo0wpXq1u3rhVtFdhwxnz3/R133RPWnTt1Gnj+gA33Xg0a5IVFUVHR0qUla5poCACQvASEAFAdxCaCL7z48m679t74PRx15BFhQFhYOG/E+x/ss/dezzz757SM/zv6SL+qAKSyDh3aH9n/8IeHPhoEwajRYyq07aJFi88465wvvvwqdjA/v0HzZs1+mzR5HW5Y2qZ168kFBUEQ3HbLTXvsvmtFNwcSYsmSJWed81ciePutN9WsubaAfz0tXLgwWvtzLABQLXkGIQBUB3l5eV27bhbW77434rPPv9j4PWy6acu99twjrB//95OFhfOGDX81XDzyiMM3fj8AVCkd/ns37Lp168S/1cKFi/ofdUyYDubk5Aw456wXn//Prz//+PUXI4e99Pw2W/cIV0sLKnAX6y5dOoVFGBMCSWHI1ddFp/9eecWlHTt22KBvN3PmrLDYvHu3DfpGAACJIiAEgGpiyBWXResrrry6pKRk7esvW7Zs5cqVldvD8ccdExbffDvqxptvDeu+ffZu3rxZ5b4RAEnnt0mTw2Lz7t3j3+qDDz8M71bdsmXLt9949eyzzthqyy0yMjLWp5O2bduGxYcffbw++wE2mjfefOvlYcPDetfeuxx9ZP8N/Y4jP/s8LNq1a7uh3wsAICEEhABQTWy15RaHHXpwWE8uKDj40P7jf/11TSt/OvKzbf/Ra5++B8ybN69C77L23HG7bbfp3OnPaRkvvTwsLP7v6KMq9BYAJKM33nyrXcfNrrnuhqVLV3Ol+P33GQ8+NDSsN+vSebV7WO0lJjon/uCDDmzWrGm5V5cs+Zv7i652nzv8o2dYfPXV1zJCqPpmzJg5+JLLwzonJ+eG665JS6vApOG1Ky5euurgTz+NjQaEu+y8U2W9FwBAlSIgBIDq44LzBuTk5IT1L+PH992v3/0PPvTTT2OjP4+WlpZ+/8OPAwddfNwJJxcVFU0uKLhiyNXx7Lle3XphMXLkn7+VzJk7d7WPfTr5pBNiFzt36rTdttus38cCoKpbsHBh+PP9Y48/0We/A19/483S0tLoq599/sWxx58U1jk5OUccfljstmu/xNStUzcsZsycGbvV8uXLr7nuhlGjR4eLkSAS/z579tyub5+9w/qiwZd8OvKz2G1LS0vfePOtPfbqe+bZA2I/BZAQpaWl5w8cFP3v9+47b2vYML8S9//ysOH3PfBQ7Mhvkyadde75Yd2mdeu+ffapxLcDAKg6MhPdAABQaRo2zH/huafPv+Ci8G5sQRDccusdt9x6R/jrxqoPW+q14w6XX3pJPHtu175tuO0TTz29YOHCevXqPvX0f7bu0ePZZ55IT/+fv2/UZ5+9rrvhxsLCPycmnnD8MZX3+QCooiJlZZt16fzNt6OCIJg2bdq55w0897yBnTt1qlu3zqTJk6MXhfCG2Jts0jB227VfYqJP2H3+hZdatGjRe+ed0jMyvv/++6GPPL6WJwj+7WXr4kEXvvnWO0EQFBbOO+6Ek3ftvUv37t1y69Wb/vvvb739Tvics8kFBe+NeH+fvffakN8c8Deeefa58NwSuvCiwX+7ySEH/3PQwPPjf4tbb7vjo48+2X77npkZGTNmznzjzbejeeRFgy5Yz3saAwBUWQJCAKhWOnXs+PKLz955973RO7mFVv0V9fwB55x26slx/uRxzNFHjRjxQVi/+trrYTFq9OjRY77bZusesWvWrFnzqCP733X3veE0kb59+qzfBwIgCeTl5T395OOPPv7EDTfeHB2M/m2VqCuvuLTfgfuXG1z7JWbfvn0efuTRiRN/C4LgttvvvO32O6Mbtmndum/ffe6974FV+/nby1bz5s1eHfbi+RdeFO75w48+XvVeo2ecdspee+6xjt8IUEneeOOt2MXYv3CwJpMnr/FvD6zJqNGjozOSo+6+8/Y999i9orsCAEgWbjEKANVNzZo1Bw08/4Vnnz7s0IOjdxyNys9vcPRR/V964dkzzzhtTelgdnatciM77rD9dddeFbu39u3bPf7ow+XSwdDM/94F7vjjjqlVK3u9PxAASSAjI+PkE49/47Vhq159WrZsefA/D/r0o/f/76gjV31y2NovMbVqZT829KF9+/7PLf6aNGl88aCBb7w27Kj+h4cbZv7vFS2ey1bXrpu9OuzFAeectXn3brHb5uc3OLL/4e+89foF5w8oN0se2PjSK2kC36p/vg0dfVT/Z595cusef50c8vMb7Nt3n9dfHRa9FzEAQLWUFolE4lgNAEhKpaWl8+cvmDdvXlFxcW5uvQZ5efXq1VvnnztXrlw5ffrvy5cvb9asaZ06dVa7zqxZs3fcedewHvnxB02bNlmP9gFISqWlpX8UFhb+URgEQes2rWvXWv3v8rH+9hJTVFQ0bfr0lStW5ufnN2nSeNWgcR32GdvwlKlTS1eW5uXlVe7jzYCq6Zrrbnjs8SfCgHDIFZeF54GCKVNyauc0adI40d0BAGwMbjEKANVZRkZGw4b5lfVbZ2ZmZuvWrda+zhNPPR0W+/bdRzoIkJoyMjIaN2rUuFGj+Df520tMTk5O506dKtRGPJetUEZGRts2bSq0c6CaycjIaNe2baK7AADYeNwvBQCoNIsWLY4++/DYY45OdDsAAAAAwGoICAGASvPcCy+GRdeum8U+ygUAAAAAqDoEhABA5Vi2bNnDQx8J6xOOOzbR7QAAAAAAq+cZhABA5Vi4aNEpJ58YBEF+gwYH7L9votsBAIDV223X3k2aNA6CYIvNN090LwAAiZEWiUQS3QMAAAAAAACwkbjFKAAAAAAAAKQQASEAAAAAAACkEAEhAAAAAAAApBABIQAAAAAAAKQQASEAAAAAAACkEAEhAAAAAAAApBABIQAAAAAAAKQQASEAAAAAAACkEAEhAAAAAAAApBABIQAAAAAAAKQQASEAAAAAAACkEAEhAAAAAAAApBABIQAAAAAAAKQQASEAAAAAAACkEAEhAAAAAAAApBABIQAAAAAAAKQQASEAAAAAAACkEAEhAAAAAAAApBABIQAAAAAAAKQQASEAAAAAAACkEAEhAAAAAAAApJDMRDcAAGxYpWVlixYtWVK8dOnSZctXrFhZWhYEkUQ3BUA5aZkZ6Vk1atSqVbNO7Vr16tXJSK8+f5vTlQgSx7mF+FXnowUAWFVaJOIPTwBQPZWULJs7b0Hh/EV+KwFINmn5efU2aVA/O7tmojtZL65EUMU4txC/anK0AABrIiAEgOppxqy5cwrnJ7oLANZLo/y8Zk02SXQX68iVCKos5xbil9RHCwCwFgJCAKhuSkqWTf19dnFJSaIbAaAS1M7O3rR54+SawOFKBFWfcwvxS8ajBQD4WwJCAKhWioqXTp46Y2Vpaexgzays+vXq1MmpnZ2dlZmZmZa49gBYrUgQrFy5sqRk+ZKi4gWLlixbvjz21cyMjDabNsupXStxDVaAKxFUHc4txK86HS0AQDwEhABQfZSULJtYMD32d5OaWVlNGuXn5dZNaF8AVMz8hYtnzSmM/XE2MyOjfesWVX/2hisRVGXOLcQveY8WACBOAkIAqD5+/W1q7D2X8vNyWzRr7G9SAySjSBBMnzG7cP7C6Ejt7OyO7TZNaFN/z5UIqjjnFuKXpEcLABCn9EQ3AABUjhmz5sb+btK4YYOWfjcBSFppQdCyWePGDRtER4pLSmbMmpvQpv6GKxFUfc4txC8ZjxYAIH4CQgCoDkpKls0pnB9dzM/Lbdq4YUI7AqASNG3cMD8vN7o4p3B+ScmyhHa0Rq5EkEScW4hfEh0tAECFCAgBoDqYO29BtK6ZldWiWeOEtgNApWnRrHHNrKzoYuwJv0pxJYLk4txC/JLlaAEAKkRACABJr7SsrHD+ouhik0b57rkEUG2kBUGTRvnRxcL5i0rLyhLa0Wq4EkHScW4hfklxtAAAFSUgBICkt2jRkiCIhHXNrKy83LqJ7giAypSXWzdm6kZk0aIlie1nVa5EkIycW4hf1T9aAICKEhACQNJbUrw0WtevVyehvQCwQcSe3mNP+1WEKxEkKecW4lfFjxYAoKIEhACQ9JYuXRat6+TUTmgvAGwQsaf32NN+FeFKBEnKuYX4VfGjBQCoKAEhACS95StWROvs7Ky1rgtAUoo9vcee9qsIVyJIUs4txK+KHy0AQEUJCAEg6a0sLYvWmZmZCe0FgA0i9vQee9qvIlyJIEk5txC/Kn60AAAVJSAEgGogEq3SEtoHABvI/57eI2tcL2FciSApObcQvyp/tAAAFSMgBAAAAAAAgBQiIAQAAAAAAIAUIiAEAAAAAACAFCIgBAAAAAAAgBQiIAQAAAAAAIAUIiAEAAAAAACAFCIgBAAAAAAAgBQiIAQAAAAAAIAUIiAEAAAAAACAFCIgBAAAAAAAgBQiIAQAAAAAAIAUkpnoBgAAAKAC5s7947vvv58794/CwsLsWrU6dejQoUP7Jk0ap6WlrbryIYf1/3XCxCAIbr35hj332D0R/QIAAFQ5AkIAAACSw6cjP7vt9jt/+PGnVV/KycnZcYftB1904aabtowdX7xkSVFRURAEK1as3IidAgAAVGluMQoAAEBVt3DhosGXXHbcCSevNh0MgqCoqOjd90bsusfeTzz5dGlp6UZvEAAAIJmYQQgAAECV9uWXX51z3gWFhfNiBzfv3q1bt65169adM2fOJ5+OjL465Oprx4//9dprhiSoWQAAgCQgIAQAAKDqmjv3j1NOPyu8TWgQBPn5DW647ppddt4pIyMjuk7jSIVIAAAgAElEQVQkEvn8iy+vu/6mX8aPD4LgiCMOTVy/AAAASUBACAAAQNV1zXU3RNPB/fbtO+TKy+rn5pZbJy0tbccdtn9l2AvDhr/aqNEm3bt1S0SnAAAASUNACAAAQBX18Sefvv7Gm2G97TZb33HbzWlpaWtaOTMz89BD/rkRu4OKOf2sAUEQnHTicVtvtWWcm4wa893QRx6v6FYAAPC3BIQAAABURWVlZf+69PLo4pArL1tLOhinX3+d8O2o0aNGj540aXL79u0369L5nwf1y82tt6b1v/7m27Fjx/38y/ipU6fm5eVt1qVzl86dd9hx+9q1aq1pk5KSks8+/+KXX8aP+/mXwsLCFi2ad+nSebMuXf7Rc7s19f/1N99+8snICb9NnDlzVru2bTt17NCjx1bbbbvNaleePXv21998O3bcz+PH/1pWVtaxY4fOnTr26bPPWlqiKhg15rtRY74LgmDUWQPuv+eOeNK+UWO+CzPFIAhO2vAdAgCQUgSEAAAAVEW/Tpgwa9bssD7h+GM7dey4PntbsWLFrbfdcd8DD0VHfvjxp5eHBUMffezeu+/ccovNy60/d+4fl15x5YgRH8QOvvveiCAIWrZsefutN2215RarvsvYsePOPW/g5IKC6Mg3344aNvzVIAh22Xmn66+7unGjRrHrL168eNDFl4S7je4hLPr22fvSSwaXW3/Y8FcGDhocOzLys8+DILj73gduvP6antttW8FvhcQ4PY6MMDYdDILA9EEAACpXeqIbAAAAgNX44ouvovWuvXdZz72dP3BQNB3Mz28QHZ81a/Ypp51RvHRp7Mrjxv28+159YtPBli1bRutp06Ydclj/Z597vtxbDBv+ygEHHRKbDsZu9fEnn+65977f//Bj7CaXXHZFNB1s07r17rvt2rXrZuHim2+988gjj8euPOjiS6LpYE5OTq8dd+i14w45OTlhS0cefexXX39T8S+GjWTrrba8/547oounnzUgnFC4WuXSwdgNAQCgUggIAQAAqIqmTZ8erdu2aVMp+7z2miEjP/7g6y9G/vrzj4MGnh8OFhbOe/qZZ6PrlJWVXX7lVUVFReHirTff+NP3oz96/51ff/5x+MvPRzO/Sy67MjrBMQiCOXPnRtO7Jk0av/Ds07/+/ONH778z7scxd995ezheVFR02RVDSktLw8Vx435+4823w/reu+8Y8e6bDz1w76vDXvz4w/dOOP7Y3Xfb9fTTTo7u//0PPnzp5WFhPfCCAaO+/vzfjw3992NDv/ly5PHHHfNnS5desXz58kr5otgQ4swIV00HTR8EAKDSCQgBAACoiv74449o3bhxo7Wu+/datmz5zpuvHXHYoU2bNgmCICMj49RTTurbZ+/w1ZEjP4uu+cqrr4357vuwfvnF5/oduH+tWtnhJt27dXvl5ReaNGkcvnrzrbdFt7rl1j+DnyZNGr/x2vAePbbKyMgIgqBmzZp9++z96rAXw1fHjh330svDw/qHn34Ki7323GOfvfeK7qpF8+aXDL7ooQfuzcvLC0dKSkquvvaGsD7rzNNPP/WUGjVqhIs1a9a89F8X77xTryAIJhcUvPHmW+v5RbFB/W1GKB0EAGDjEBACAABQFZWULAuLli1bpqWlrefeLrxgQPv27coN9u3TJywm/vZbdPCJJ58Oi7323GOLzbuX2yQ3t94Zp50a1sNfeW3hwkXh1MDo9L7TTj25fm5uua26dt0sGkY+9cx/wmLFihVhMWHCxKVLS9bS/Ndffztt2rTwzqJnnn7qqiuccvKJYTHu51/Wsh+qgrVkhNJBAAA2GgEhAAAAVVHrVq3CYtq0aStXrlzPvaWlreb/f8PZhOGTCCORSBAEkUjkhx//nNh32KEHr3ZXB+y/b7SeOm1qEARTpkz969X99lvtVocc/M+wGDt2XFlZWRAEXbt0CUcmFxQcclj/90a8H40My/lt0qSwaN261dhxP4/57vty/yxYsDBc4ddfJ/zdN0HirTYjlA4CALAxZSa6AQAAAFiN2Al/U6dNq6zHEMaqWbNmtI5EImlpaXPmzImONG/WbLVb1a1bNycnJ3xIYUHBlO7duk0uKAhfysnJyc2tt9qtmjdvHq1nzZrdrFnTLbbYfOeden3y6cggCH4ZP/60M87OycnZt+8+B+6/37bbbhPeoTQ0ceKfExzHjh13yGH91/KJYqdCUpWFGWE0EYyNBqWDAABsBGYQAgAAUBW1a/dXIlhQMGXjvOm06b9H6002abim1Vq2aBEWU6dOC4JgytRp4WJ0SuKqGjbMj9bTf/89fKjhHbfdcvA/D4qOFxUVPf/CS0cdc3zf/fuNHj0mOj47JrbMz2+wln+2/0fPdfrcJEC5eYRR0kEAADYCMwgBAACoimKnDL7w4su77dp7I7xp7OMDi4qL8/LyVrvagoUL/ly/fv0gCBrk1Q8XlyxZsqY9FxcVR+voLMPc3Ho33XDtKSedMPyV14a98sqsWbPD8YkTfzv0iKOGv/x8927dgiBo2fLPPPLE44/71+BB6/0pqSrKzSOUDgIAsNGYQQgAAEBVlJeX17XrZmH97nsjPvv8i43wptEoLgiCObPnrHad0tLSaJLXunWrIAjatG4dLs6aNbu0tHS1W8XOAty05aaxL7Vv327gBQM+++TD4S8/Hzuh8L77HwqLdm3bhoU7iFY/YUa49VZbRotEdwQAQEoQEAIAAFBFDbnismh9xZVXl5SUrH39ZcuWrVy5cn3esWbNmi1btgzrL7/+ZrXrfP/9D9G6datW0ZgwNOa771e71VdffR0WTZo0rlUre7XrdO/W7aYbrh008PxwcdTo0WHRps2fAeS3o0YvXLio4h+LKi2MBqWDAABsTAJCAAAAqqitttzisEMPDuvJBQUHH9p//K+/rmnlT0d+tu0/eu3T94B58+atz5vuvNOOYfHAgw8vXbqaSPLBoY+ERcuWLZs0aRwEQaNGjaKTCB96+JFVNykpKbnvgYf+u/9ea29g1967hEXt2jlh0a1r15ycnPAhhQ8+PDTOD7JixYrZs2eXlZXFDhYVFRUWlv9+5s2bt5abowIAANWPgBAAAICq64LzBoTZWBAEv4wf33e/fvc/+NBPP42NziYsLS39/ocfBw66+LgTTi4qKppcUHDFkKvX5x3POevMaBp35tnnxs7YKysru+vue0eM+CBcvPzSwRkZGUEQpKWlXXH5JeHg+x98eMutd8TeaHTx4sXnDLigqKgoXBxw7tlhMW/evJtuue39Dz4s18CI/45steUWYZGbWy86rfDBh4Y++ti/y8V+333/w7HHn7R33/2jNzL94ceftt5uhx122nWvffb744/CcPC5F17cfKttt9u+19nnnhfuIRKJXHjRv7b9R68temz3xJNPr8/3BgAAJJHMRDcAAAAAa9SwYf4Lzz19/gUX/TJ+fDhyy6133HLrHdEn/00uKIhdv9eOO1x+6SXr+Y4DLxgw5KprgyD4+JNP99yn75577LFpyxYLFy364osvf/jxp3C1XXbeabdde0e32qnXjnvtuce7740IguD+Bx/68KOPe+24Q35+g99nzBjx/gfRZxZePGhg40aNwnrI1de9/sabQRD07Lnd4Yce0qrVpkVFRe+8+97TzzwbrhCdPRkEQf8jDvvPs8+HX8K11984/NXXtu/Zs0XL5rNnzfns88+jXT3w4MNXXHZJEARDH3k0jCQnFxS89PKwU085KQiCa6+7MVztzbfeOf7YY3r02GrChIkvDxv+336uPbL/4ZmZfigAAIDqz5/7AQAAqNI6dez48ovP3nn3vQ8+9D931ywXDQZBcP6Ac0479eRwVt/6+L+jjqyRWePSy68MgqCwcN6zzz1fboUjDj9s8EUDyw3eesuNN9982xNPPR1OdowmmlFXXH7J0Uf2jy62bdsmLL766uvoEwqjzj37zO3/0TO6mJGR8e/Hhl5y+RXh/MWxY8eNHTuu3Ca77LzT+QPOCetIJBIdX+1zGVeWlgZBEAkisYPlJiYCAADVlVuMAgAAUNXVrFlz0MDzX3j26cMOPTh6x9Go/PwGRx/V/6UXnj3zjNPWlA7WrJm19rdIS0uLrfsfcdgH7719UL8Dog8XDN9ol513GvrQ/ddefWWdOnXK7aF2rVpXXH7JE48/smvvXfLzG0THW7ZsecD++7379uvHHH1Uevpf/xt+7tlnvvv26/v23Sd25SAItu7R47n/PHXO2WeW23/DhvkP3nfPrTff2LPndrFfQk5Ozl577vH4ow8/OvTBunXrhoNHHH5YtOcD9t83rE89+cToW4T3L23frl2vHXcIB0879eSsrL/5lgAAgOohLfYvFQIAyei7sb9G6y27dkxoLwBsKFX5bL+ReystLZ0/f8G8efOKiotzc+s1yMurV69ebPBW6YqXLp06dWrD/IYNG+bHv9W8efPmzJ3bskWLVRPNVS1YuHDKlKl59es3b94snhmQkUhk5sxZixYvqp9bf5NNGq52kwULFsyYMbNNmza1amVHB6dNn15cXNy+XbvoJqWlpZMmTa5Zs+amm7aM/9NRbTi3ED//RgCgOnGLUQAAAJJJRkZGw4b5Fcrq1lPtWrU6d+pU0a0aNGjQoEGDOFYMgiCon5tbf/Pu8e88LS2tWbOmzYKma9tn/fr169cvN9iyRYtyIxkZGR06tI//rQEAgGrALUYBAAAAAAAghQgIAQAAAAAAIIUICAEAAAAAACCFCAgBAAAAAAAghQgIAQAAAAAAIIUICAEAAAAAACCFCAgBAAAAAAAghQgIAQAAAAAAIIUICAEAAAAAACCFCAgBAAAAAAAghQgIAaAaSItWkYT2AcAG8r+n97Q1rpcwrkSQlJxbiF+VP1oAgIoREAJA0svM+OuCvnLlyoT2AsAGEXt6jz3tVxGuRJCknFuIXxU/WgCAinI5B4Ckl1WjRrQuKVme0F4A2CBiT++xp/0qwpUIkpRzC/Gr4kcLAFBRAkIASHq1atWM1kuKihPaCwAbROzpPfa0X0W4EkGScm4hflX8aAEAKkpACABJr07tWtF6waIlCe0FgA0i9vQee9qvIlyJIEk5txC/Kn60AAAVJSAEgKRXr16dIEgL62XLl89fuDjRHQFQmeYvXLxsefTGbmn16tVJbD+rciWCZOTcQvyq/tECAFSUgBAAkl5Genp+Xr3o4qw5hZGE9gNAJYoEwaw5hdHF/Lx6GelV7v/jXIkg6Ti3EL+kOFoAgIpyOQeA6mCTBvWj9bLly6fPmJ3QdgCoNNNnzI6ZtPE/J/wqxZUIkotzC/FLlqMFAKgQASEAVAfZ2TUb5edFFwvnL5w5+4+EdgRAJZg5+4/C+Quji43y87Kzaya0ozVyJYIk4txC/JLoaAEAKkRACADVRLMmm9TOzo4uzv5j3rQZs92FCSBJRYJg2ozZs/+YFx2pnZ3drMkmCW3qb7gSQdXn3EL8kvFoAQDilxaJ+DMVAFQTJSXLJhZMX1laGh2pmZXVpFF+Xm7dhPYFQMXMX7h41pzC2Pu5ZWZktG/doupP2nAlgqrMuYX4Je/RAgDESUAIANVKUfHSyVNnxP56Ev6AUr9enTo5tbOzszIzM9MS1x4AqxUJgpUrV5aULF9SVLxg0ZLYH2TD32TbbNosp3atxDVYAa5EUHU4txC/6nS0AADxEBACQHVTUrJs6u+zi0tKEt0IAJWgdnb2ps0bJ9eMDVciqPqcW4hfMh4tAMDfEhACQPU0Y9bcOYXzE90FAOulUX5e8j7tyZUIqiznFuKX1EcLALAWAkIAqLZKSpbNnbegcP6iIHC5B0guafl59TZpUD/Zp2u4EkEV49xC/KrJ0QIArImAEACqudKyskWLliwpXrp06bLlK1asLC3zSwpA1ZOWmZGeVaNGrVo169SuVa9enYz09ES3VGlciSBxnFuIX3U+WgCAVQkIAQAAAAAAIIX4q0AAAAAAAACQQgSEAAAAAAAAkEIEhAAAAAAAAJBCBIQAAAAAAACQQgSEAAAAAAAAkEIEhAAAAAAAAJBCBIQAAAAAAACQQgSEAAAAAAAAkEIEhAAAAAAAAJBCBIQAAAAAAACQQgSEAAAAAAAAkEIEhAAAAAAAAJBCBIQAAAAAAACQQgSEAAAAAAAAkEIEhAAAAAAAAJBCBIQAAAAAAACQQgSEAAAAAAAAkEIEhAAAAAAAAJBCBIQAAAAAAACQQgSEAAAAAAAAkEIEhAAAAAAAAJBCBIQAAAAAAACQQgSEAAAAAAAAkEIEhAAAAAAAAJBCBIQAAAAAAACQQgSEAAAAAAAAkEIEhAAAAAAAAJBCBIQAAAAAAACQQgSEAAAAAAAAkEIEhAAAAAAAAJBCBIQAAAAAAACQQjIT3QAAsGEVFS/9aORXo7776ZcJk2fMmr1ocVGkrCzRTfH30tLT69XNadakcecObbbeslvvXj1zatdKdFMAAAAAVAdpkUgk0T0AABvExElTnnnxteFvvi8RrAbS0tP79d39yEP2b9+2VaJ7AQAAACC5CQgBoHq6/b7Hnnh2eKK7oPIdc0S/8844PtFdAAAAAJDEBIQAUN1MnDTl8uvv+nn8xEQ3wobSpVP7qwafYyohAAAAAOtGQAgA1cqYH8add8l1CxcuTnQjbFi5uXVvv/ZfW22+WaIbAQAAACD5CAgBoPqYOGnKSedeIh1MEbm5dYfeea15hAAAAABUVHqiGwAAKs3l198lHUwdCxcuvvz6uxLdBQAAAADJR0AIANXE7fc95rmDqebn8RNvv++xRHcBAAAAQJIREAJAdTBx0pQnnh2e6C5IgCeeHT5x0pREdwEAAABAMhEQAkB18MyLryW6BRLGv30AAAAAKkRACABJr6h46fA33090FyTM8DffLypemuguAAAAAEgaAkIASHofjfwqUlaW6C5ImEhZ2Ucjv0p0FwAAAAAkDQEhACS9Ud/9lOgWSDDHAAAAAADxExACQNL7ZcLkRLdAgjkGAAAAAIifgBAAkt6MWbMT3QIJ5hgAAAAAIH4CQgBIeosWFyW6BRLMMQAAAABA/ASEAJD0ImVliW6BBHMMAAAAABA/ASEAAAAAAACkEAEhAAAAAAAApBABIQAAAAAAAKQQASEAAAAAAACkEAEhAAAAAAAApBABIQAAAAAAAKQQASEAAAAAAACkEAEhAAAAAAAApBABIQAAAAAAAKQQASEAAAAAAACkEAEhAAAAAAAApJDMRDcAAFRd2dk1Dz+ob7nBSCSYPWfu+IkFU6f/XlYWSVBrfzrq0AP6H7Jf8dKSq268+6efJyS2GQAAAABICgJCAGCN8vPqDzj9uLWsUFKy7NW33r/13seWL1++Efv60+ZdOw88+8SwfuTu63rucejG7wEAAAAAko5bjAIA6y47u+ZhB/X97O1n99lj543/7r223zpaZ2Vl1cmpvW77ObRfn69GvDDy7Wezs2tWXncAAAAAUEUJCAGAuMyZW/j1qO+/HvX9qO9+mjJtxqLFS6IvZWZmXHPJgOZNG2/klr74eky0Xr5ixZKi4nXbzx69d8jKysqpXSu7poAQAAAAgOrPLUYBgLi8//EXN931cOzIlt273HjlhY02yQ+CICMj456brzjo6DM2Zktjfhh3272PHXHwvkXFS6++6Z513k/TxptUal8AAAAAUKUJCAGAdfTdjz//85iz3hv2WK3s7CAIWjRrsvF7ePK54U8+N3w9d9Igr34ltQMAAAAAScAtRgGAdVdUVPzRyK/DOjMzo/Em+YnuaF2EAScAAAAApAgzCAGA9TKpYGq0btqk0ey5heVWyM+rf/jB+27ZvUvb1i2zatSYN3/hhN8KnnzulR/G/rLaHWbVqHHemcdvvWW3Rg3z09KClStLf585+9GnXvxo5FerrnzFRWd3aNcqCIJhr7/30qvvlN/PGcdttXnXJo03qVEjc87cwomTpgx7/d3P//vkwvT09HZtNt2iW+f09LRw5IA+uxcvXRrWM2bN+fyr0bE7TE9P73/wftv26N6xXet6dessLiqeVDDt7RGfvPb2B+W62n3n7Y8/+uBIJLhv6NNffDOmfm69Ky8+Z8vunWvXqlW8tOTDT78ccuPdcX/BAAAAAFDJBIQAwHrp2K5NtP7p51/Lvbr/PrtdPuiszMyM6EjdOjmtWjbbo/cOb7738WXX3lFWVha7/r5773rFoLNq1PifP6I0yMu9/bp/RSKR6MjIL0edc9HVQRDs2XuHnJzaQRBMmTYjNiDs3avnjVcOzMrKio603rR5602b79F7h1Hf/XT+JdcvWrzk3WGP5f/vzUXPO+O4aD1rzh99DjkxutipQ5sHb786t17d6EhOTu0mjRrusN1WRx92wBkXXFk4f0H0pa5dOnTt3CEIgpOPPezXiZPffHFoVo0a4Uu5NerstVsvASEAAAAACeQWowDAusvJqb3T9tuEdfHSkpUrS2NfvfLic67617nRdLCoeGnh/AWlpX+u03fPXe6/9crY9Tu0a33V4HOj6eAfhfOnTJtRvLQkXEyLsWjxkrV01XiT/JuvuiiaDhYvLZk3f2G0t6237Hb04QcGQbBixco4P2afPXb+z9Dbo+ng8uXL/yicv3zFinCxY/s2Lz91b3QaYqy8+vWeeuiWaDoYmj3njzjfFwAAAAA2BDMIAYB1lJ9X/5F7rs/OrhkuPvb0i7GvdunU7sC+u4f1zFlzzhg4pGDq9HDxiovO7rfvHkEQbLf1Ftv12Pzr0T+E4zdeeWEYs5WULDvm9EETfisIx8846aiTjzksrEd89Pm7H4788NMv19LYheecFKaSZWWR8y+59uPPvgnH++27x6nH91+8pOiBR58JguDY0we1b9uqa6f2Z5x0VLjCxVfevLioOKznL1gYFpmZGZcPOist7c/GLr3m9vc/+eK/O9zz0oGnZ2Rk1Ktb56JzT7n+9gfLddJ60xZhUTD192/H/JiWltahXatnXnit4l82AAAAAFQaASEAEJf27VrtutM/giCoXbtWp/atO3dst82W3cLYLHxi39AnXohd/5arLw6LoqLiA448LXZy4ZAb727UsMEOPXsEQXDphWcc0P+0cLxFsyZhcd1tD0TTwSAI7hv69J69d2y9afMgCKb9PvO9Dz9be6ubdWofFu9//Hk0HQyCYPgbI4a/MSK6OGdu4Zy5hZGyv+5c+tWoHxYsXFRub5ddeGYYgkYikdjYMgiC4W+8l56edtmFZwZBcMiBfVYNCEMP//u5+x55Zu09AwAAAMBGIyAEAOKy7Vbdt92q+2pf+nbMT6eed1nsSMP8vGZNGoX1jXc+XO7Wo0EQXHLN7R++9mQQBI0bNQxHsrKyojcXXXWC4LjxE8OAsPtmnf621czMP/fTuWPb+D7c2uy5645h8cnn38amg6GXX3v3/DNPyKldKz09rfWmLaKzJKOm/T5TOggAAABAlSIgBADW3Xc//vzwv5/7/Osx5cZjo8SsrBrhDUVXK6tGjezsmiUly5YvX758+fLwwYFdOrb7ZsyPsas1bbxJWKyawK1qwqQpmzRsEARBy+ZN3xv2+L1Dnx7+xnsV/3BBEATp6em1srPDuqi4eC0fJAiCbbbqVq69SCRy2nmXr9tbAwAAAMAGIiAEAOIyZdqMn8aNz86u+Y9ttszJqR0OLly0eNV0MAiCLbt3idaXDjxj7Xvu2K7ND2N/CYLg19+mdOvSIQiCIYPPib0raffNOkZ3+PFnX/9tq7ff+9g/ttkyfJxhw/y8Ky4669KBp4/9ZcKjT70Ye8fReHTr0jFa991zl7577rKWlTu0bVVupLS0bMasORV6RwAAAADY0ASEAEBcPv9q9E13PRwEQU5O7feGPRbOq9tlx+0OP6jvc8PeLLdy40abROuymIf8rWpl6cop034P60efevHWay5OS0tr2qTRJ28+88ln3xQvLdm0RdMeW3QNH3ZYMHX6yC9H/W2rEydPGTD4mhuuvLB2rT8n/2VkZGzetfMd119aOG/+ef+67sdxv8b5qVu2aBrnB4lEyn6Ie7cAAAAAkEACQgCgYoqKis8edPXQu64NFwede8qX3343ZdqM2HUKpk7fZcdtgyBYvnx5zz0OjXPPH3765YWX33TL1RcFQVArO3vv3XeKfbVw3vxjT78ozl19+sW3O/Xpf8Q/9z3soL6btmga5otBEOQ3yHv0nhv6HXX67zNnx7Of8b9Oitb9jjp92u8z42wAAAAAAKqs9EQ3AAAkn1Hf/fTsy2+EdXp62iP3XB/ezzPqx7HjwyIrKyszMyP+PR/Yd/ewWFpSUlpaGolElpaUTJ8x6+a7hu7R77hFi5fEv6uysrJnXnyt31Gn77D34Q889p+i4qXheGZmxoDTj4tzJxMnT4lE/pw4uNXmm8X/7gAAAABQZQkIAYB1ceMdD0Wn0+Xn1b9pyKDYV0d9PzZaH9qvT5z7PPiAvXfafpsgCH6ZMGmHvQ7fZtd/9til3w57Hb7/Eac+8+Jr69xqScmyBx97drcDjimcvyAc6dKpXfybLy1ZFhb77t17nXsAAAAAgKpDQAgArKMTzhq8cmVpWO++yw777LFz9KUFCxcVFRWH9dmn/F96elx/5Niz945h0bTxJlt271K53S5fvvzrUT/8t16x2nXq5NRedXDsLxPCYrsem3do17pyuwIAAACAjU9ACACsoz8K519+3R3Rxav/NaBhfl50cchN94RFrezsV565v9Em+bHbduvSYfjT94/6aPjRhx0QHZwwaUpY5Nar+9i9N4z+ePhXI1745M1nRgx//PnH77r9un/tvvP28TTWZ4+dn3jg5j133TF2MD09fYfteoT1uP9mfkEQ/DFvfrQ+tN8+YbHtVt2jd0a96Iqby8r+vMvov++/cbsem8fuNj+v/v23DRn10fC7brwsnt4AAAAAIOEyE90AAJDE3hrxyV679erdq2f4bL/H77txv8NPCV9672GtCrcAABpFSURBVMPPJhw7pUPbVkEQtGjW5M3nH546febkKdPr1Kndrs2m+Xn1w9XOOfXYp55/NayffG74IQfsnZ1dM1xMS0vLysrKysoKgpz8Bnkd2rbq3atnUfHS/ieeF7276arq59a7+pIBGRkZNw0ZNO2UmW+P+GTK9JmtWjY7/KC+9erWCYIgEok8+vRL0fV/mzwlWv/f4f2233arvPq5DfPzRv8w7sSzBgdBMH/BwqeeH37MEQeFYeeDd1w9Y9acyQXTyiKRVi2bbdqiWbjtTttv07lD218mTNoAXzMAAAAAVCYzCAGA9XLBpTcsWLgorJs3bXzpwDOiLx1/5sVjfhgX1hkZGW1atdht539s12PzaDq4cmXp+ZdcF13/wD67Z2VlhRnevPkLS0qWrVxZGolEYt8up3atJx64aS391MyqMX/Bn/20bN705GMPv+aSAScfc1iYDgZBcO/QpycVTIuuX1YWGf3fJtPS0jq0ax3Og+yx+Wb1c+uF47ff9/h/Xnw92kmzJo12/MfWO22/TTQdDILgsadfkg4CAAAAkBQEhADAGpWULPvbdcrKyo4/c/DMWXPCxYMP2Ltl86ZhXVRUfMJZgy+/7s7CefOjd+kMLV5S9Opb7/fe/+iRX46KbnjGSUelp6ctXlJ0yLFn737gMdvvddi2u/2zxy79eu939JAb7577x7xwzfq59aJpX9TSpSVhMXtu4Z4HHXfv0KcWLV5SLlycOWvO8Wde/MiTL5Tb9rzB15bL9ubNX3jGBVdGg88gCG666+H+J503ZdqMFStWxq65fMWKb8b82O+o0+968InVfTmlf/sFAgAAAMBGllbuhzMAIOlstfOBiW4hLq1aNuvcoe2cP+ZNKpi2cNHicq++/OS9bVq1CIJgyI13D39jxKqb166V/dk7z4X1EScOGD9h8t++Y3p6WueO7dq3aTV+4qQJvxWUCynLyauf261Lh9Kysu9+GFf837hxTWv22Hyz4qUlk6dOnzV77t+2sXGM+eSVRLcAAAAAQHLwDEIAYCOZMm3GlGkz1vRqi2ZNwqJw3oLVrtC9a6ewWLmyNJ50MLx96LhfJo77ZWI8K89fsPDTL76Nc833P/kinjUBAAAAoApyi1EAoEqYPmNWWNx6zeC9d+sV+1J6evqRh+x/781XhIujv/8pEQ0CAAAAQDXhFqMAkPSS5Raja7fT9tvcecOlaWlp4eKKFSsXLV5cvLQkp3bt3Hp1MjIywvG5f8zre9hJK1d6tl95bjEKAAAAQJzMIAQAqoRPv/h28JBblpb8+fC/GjUy8xvktWzetEFebpgORiKRT7/49pBjz5YOAgAAAMD6MIMQAJJe9ZhBGLX/Prv122/PZo03yc2tmxakLSkqnjlrzm8FU+9/9D9z5hYmuruqywxCAAAAAOIkIASApFfNAkLWjYAQAAAAgDi5xSgAAAAAAACkEAEhAAAAAAAApBABIQAAAAAAAKQQASEAAAAAAACkEAEhAAAAAAAApBABIQAkvbR0F/RU5xgAAAAAIH5+SwKApFevbk6iWyDBHAMAAAAAxE9ACABJr1mTxolugQRzDAAAAAAQPwEhACS9zh3aJLoFEswxAAAAAED8BIQAkPS23rJbolsgwRwDAAAAAMRPQAgASa93r55p6a7pqSstPb13r56J7gIAAACApOHHRABIejm1a/Xru3uiuyBh+vXdPad2rUR3AQAAAEDSEBACQHVw5CH7J7oFEsa/fQAAAAAqREAIANVB+7atjjmiX6K7IAGOOaJf+7atEt0FAAAAAMkkLRKJJLoHAKByHHnyBT+Pn5joLth4unRq/8zDtya6CwAAAACSjBmEAFB9XDX4nNzcuonugo0kN7fuVYPPSXQXAAAAACQfASEAVB/t27a6/dp/yQhTQW5u3duv/ZebiwIAAACwDtxiFACqm4mTplx+/V3uNVqNdenU/qrB50gHAQAAAFg3AkIAqJ5uv++xJ54dnuguqHzHHNHvvDOOT3QXAAAAACQxASEAVFsTJ0155sXXhr/5fqSsLNG9sL7S0tP79d39yEP2N3EQAAAAgPUkIASAaq6oeOlHI78a9d1Pv0yYPGPW7EWLi+SFSSEtPb1e3ZxmTRp37tBm6y279e7VM6d2rUQ3BQAAAEB1ICAEAAAAAACAFJKe6AYAAAAAAACAjUdACAAAAAAAAClEQAgAAAAAAAApREAIAAAAAAAAKURACAAAAAAAAClEQAgAAAAAAAApREAIAAAAAAAAKURACAAAAAAAAClEQAgAAAAAAAApREAIAAAAAAAAKURACAAAAAAAAClEQAgAAAAAAAApREAIAAAAAAAAKURACAAAAAAAAClEQAgAAAAAAAApREAIAAAAAAAAKeSvgLC4uLi0tDShzQAAAAAAAAAb1l8B4QcffrR3n/3ffOudsrKyhLYEAAAAAAAAbCj/c4vRyQUFZ5973v4HHvzBhx9FIpHEdQUAAAAAAABsEH8FhI0aNQqLX8aPP/nUM/55yOGff/Fl4hoDAAAAAAAAKl9a7EzB777/4c677vnk05HRkZ49txt43rk9emyVoPYAAAAAAACAypS26q1ER48ec9sdd33x5VfRkV1773L+gHM226zLRm8PAAAAAAAAqEyrCQhDX3/z7W233/nNt6OiI3377H3u2We1b99uI7YHAAAAAAAAVKY1BoShL7786s677omNCZ94/JEdd9h+o/QGAAAAAAAAVLL0tb+8ScOGzZs3ix0pKSnZwC0BAAAAAAAAG0rmml74bdKk++5/cPgrr0VHtu7RY+AFA7bbdpuN1RsAAAAAAABQyVYTEBYUTLnnvvuHDX81OtK162YDzxuw8869Nm5vAAAAAAAAQCX7n4BwypSp997/4EsvD4uOtGnd+sKB5+215x5paWmJaA8AAAAAAACoTH8FhN99/8PBhx4RXWzSpPGFF5y//359MzIyEtQbAAAAAAAAUMn+CginT58eFvn5Dc4/79yDD+pXo0aNxDUGAAAAAAAAVL6/AsK0tLScnJzzB5xzxOGHZmdnJ7QrAAAAAAAAYINIi0QiYbV8+fIVK1bk5OQkuiUAAAAAAABgQ/krIAQAAAAAAACqvfRENwAAAAAAAABsPAJCAAAAAAAASCECQgAAAAAAAEghAkIAAAAAAABIIQJCAAAAAAAASCECQgAAAAAAAEghAkIAAAAAAABIIQJCAAAAAAAASCECQgAAAAAAAEghAkIAAAAAAABIIQJCAAAAAAAASCECQv6/PTsQAAAAABDkbz3IpREAAAAAAAAjghAAAAAAAABGBCEAAAAAAACMCEIAAAAAAAAYEYQAAAAAAAAwIggBAAAAAABgRBACAAAAAADAiCAEAAAAAACAEUEIAAAAAAAAI4IQAAAAAAAARgQhAAAAAAAAjAhCAAAAAAAAGBGEAAAAAAAAMCIIAQAAAAAAYEQQAgAAAAAAwIggBAAAAAAAgBFBCAAAAAAAACOCEAAAAAAAAEYEIQAAAAAAAIwIQgAAAAAAABgRhAAAAAAAADAiCAEAAAAAAGBEEAIAAAAAAMCIIAQAAAAAAIARQQgAAAAAAAAjghAAAAAAAABGBCEAAAAAAACMCEIAAAAAAAAYEYQAAAAAAAAwIggBAAAAAABgRBACAAAAAADAiCAEAAAAAACAEUEIAAAAAAAAI4IQAAAAAAAARgQhAAAAAAAAjAhCAAAAAAAAGBGEAAAAAAAAMCIIAQAAAAAAYEQQAgAAAAAAwIggBAAAAAAAgBFBCAAAAAAAACOCEAAAAAAAAEYEIQAAAAAAAIwIQgAAAAAAABgRhAAAAAAAADAiCAEAAAAAAGBEEAIAAAAAAMCIIAQAAAAAAIARQQgAAAAAAAAjghAAAAAAAABGBCEAAAAAAACMCEIAAAAAAAAYEYQAAAAAAAAwIggBAAAAAABgRBACAAAAAADAiCAEAAAAAACAEUEIAAAAAAAAI4IQAAAAAAAARgQhAAAAAAAAjAhCAAAAAAAAGBGEAAAAAAAAMCIIAQAAAAAAYEQQAgAAAAAAwIggBAAAAAAAgBFBCAAAAAAAACOCEAAAAAAAAEYEIQAAAAAAAIwIQgAAAAAAABgRhAAAAAAAADAiCAEAAAAAAGBEEAIAAAAAAMCIIAQAAAAAAIARQQgAAAAAAAAjghAAAAAAAABGBCEAAAAAAACMCEIAAAAAAAAYEYQAAAAAAAAwIggBAAAAAABgRBACAAAAAADAiCAEAAAAAACAEUEIAAAAAAAAI4IQAAAAAAAARgQhAAAAAAAAjAhCAAAAAAAAGBGEAAAAAAAAMCIIAQAAAAAAYEQQAgAAAAAAwIggBAAAAAAAgBFBCAAAAAAAACOCEAAAAAAAAEYEIQAAAAAAAIwIQgAAAAAAABgRhAAAAAAAADAiCAEAAAAAAGBEEAIAAAAAAMCIIAQAAAAAAIARQQgAAAAAAAAjghAAAAAAAABGBCEAAAAAAACMCEIAAAAAAAAYEYQAAAAAAAAwIggBAAAAAABgRBACAAAAAADAiCAEAAAAAACAEUEIAAAAAAAAI4IQAAAAAAAARgQhAAAAAAAAjAhCAAAAAAAAGBGEAAAAAAAAMCIIAQAAAAAAYEQQAgAAAAAAwIggBAAAAAAAgBFBCAAAAAAAACOCEAAAAAAAAEYEIQAAAAAAAIwIQgAAAAAAABgRhAAAAAAAADAiCAEAAAAAAGBEEAIAAAAAAMCIIAQAAAAAAIARQQgAAAAAAAAjghAAAAAAAABGBCEAAAAAAACMCEIAAAAAAAAYEYQAAAAAAAAwIggBAAAAAABgRBACAAAAAADAiCAEAAAAAACAEUEIAAAAAAAAI4IQAAAAAAAARgQhAAAAAAAAjAhCAAAAAAAAGBGEAAAAAAAAMCIIAQAAAAAAYEQQAgAAAAAAwIggBAAAAAAAgBFBCAAAAAAAACOCEAAAAAAAAEYEIQAAAAAAAIwIQgAAAAAAABgRhAAAAAAAADAiCAEAAAAAAGBEEAIAAAAAAMCIIAQAAAAAAIARQQgAAAAAAAAjghAAAAAAAABGBCEAAAAAAACMCEIAAAAAAAAYEYQAAAAAAAAwIggBAAAAAABgRBACAAAAAADAiCAEAAAAAACAEUEIAAAAAAAAI4IQAAAAAAAARgQhAAAAAAAAjAhCAAAAAAAAGBGEAAAAAAAAMCIIAQAAAAAAYEQQAgAAAAAAwIggBAAAAAAAgBFBCAAAAAAAACOCEAAAAAAAAEYEIQAAAAAAAIwIQgAAAAAAABgRhAAAAAAAADAiCAEAAAAAAGBEEAIAAAAAAMCIIAQAAAAAAIARQQgAAAAAAAAjghAAAAAAAABGBCEAAAAAAACMCEIAAAAAAAAYEYQAAAAAAAAwIggBAAAAAABgRBACAAAAAADAiCAEAAAAAACAEUEIAAAAAAAAI4IQAAAAAAAARgQhAAAAAAAAjAhCAAAAAAAAGBGEAAAAAAAAMCIIAQAAAAAAYEQQAgAAAAAAwIggBAAAAAAAgBFBCAAAAAAAACOCEAAAAAAAAEYEIQAAAAAAAIwIQgAAAAAAABgRhAAAAAAAADAiCAEAAAAAAGBEEAIAAAAAAMCIIAQAAAAAAIARQQgAAAAAAAAjghAAAAAAAABGBCEAAAAAAACMCEIAAAAAAAAYEYQAAAAAAAAwIggBAAAAAABgRBACAAAAAADAiCAEAAAAAACAEUEIAAAAAAAAI4IQAAAAAAAARgQhAAAAAAAAjAhCAAAAAAAAGBGEAAAAAAAAMCIIAQAAAAAAYEQQAgAAAAAAwIggBAAAAAAAgBFBCAAAAAAAACOCEAAAAAAAAEYEIQAAAAAAAIwIQgAAAAAAABgRhAAAAAAAADAiCAEAAAAAAGBEEAIAAAAAAMCIIAQAAAAAAIARQQgAAAAAAAAjghAAAAAAAABGBCEAAAAAAACMCEIAAAAAAAAYEYQAAAAAAAAwIggBAAAAAABgRBACAAAAAADAiCAEAAAAAACAEUEIAAAAAAAAI4IQAAAAAAAARgQhAAAAAAAAjAhCAAAAAAAAGBGEAAAAAAAAMCIIAQAAAAAAYEQQAgAAAAAAwIggBAAAAAAAgBFBCAAAAAAAACOCEAAAAAAAAEYEIQAAAAAAAIwIQgAAAAAAABgRhAAAAAAAADAiCAEAAAAAAGBEEAIAAAAAAMCIIAQAAAAAAIARQQgAAAAAAAAjghAAAAAAAABGBCEAAAAAAACMCEIAAAAAAAAYEYQAAAAAAAAwIggBAAAAAABgRBACAAAAAADAiCAEAAAAAACAEUEIAAAAAAAAI4IQAAAAAAAARgQhAAAAAAAAjAhCAAAAAAAAGBGEAAAAAAAAMCIIAQAAAAAAYEQQAgAAAAAAwIggBAAAAAAAgBFBCAAAAAAAACOCEAAAAAAAAEYEIQAAAAAAAIwIQgAAAAAAABgRhAAAAAAAADAiCAEAAAAAAGBEEAIAAAAAAMCIIAQAAAAAAIARQQgAAAAAAAAjghAAAAAAAABGBCEAAAAAAACMCEIAAAAAAAAYEYQAAAAAAAAwIggBAAAAAABgRBACAAAAAADAiCAEAAAAAACAEUEIAAAAAAAAI4IQAAAAAAAARgQhAAAAAAAAjAhCAAAAAAAAGBGEAAAAAAAAMCIIAQAAAAAAYEQQAgAAAAAAwIggBAAAAAAAgBFBCAAAAAAAACOCEAAAAAAAAEYEIQAAAAAAAIwIQgAAAAAAABgRhAAAAAAAADAiCAEAAAAAAGBEEAIAAAAAAMCIIAQAAAAAAIARQQgAAAAAAAAjghAAAAAAAABGBCEAAAAAAACMCEIAAAAAAAAYEYQAAAAAAAAwIggBAAAAAABgRBACAAAAAADAiCAEAAAAAACAEUEIAAAAAAAAI4IQAAAAAAAARgQhAAAAAAAAjAhCAAAAAAAAGBGEAAAAAAAAMCIIAQAAAAAAYEQQAgAAAAAAwIggBAAAAAAAgBFBCAAAAAAAACOCEAAAAAAAAEYEIQAAAAAAAIwIQgAAAAAAABgRhAAAAAAAADAiCAEAAAAAAGBEEAIAAAAAAMCIIAQAAAAAAIARQQgAAAAAAAAjghAAAAAAAABGBCEAAAAAAACMCEIAAAAAAAAYEYQAAAAAAAAwIggBAAAAAABgRBACAAAAAADAiCAEAAAAAACAEUEIAAAAAAAAI4IQAAAAAAAARgQhAAAAAAAAjAhCAAAAAAAAGBGEAAAAAAAAMCIIAQAAAAAAYEQQAgAAAAAAwIggBAAAAAAAgBFBCAAAAAAAACOCEAAAAAAAAEYEIQAAAAAAAIwIQgAAAAAAABgRhAAAAAAAADAiCAEAAAAAAGBEEAIAAAAAAMCIIAQAAAAAAIARQQgAAAAAAAAjghAAAAAAAABGBCEAAAAAAACMCEIAAAAAAAAYEYQAAAAAAAAwIggBAAAAAABgRBACAAAAAADAiCAEAAAAAACAEUEIAAAAAAAAI4IQAAAAAAAARgQhAAAAAAAAjAhCAAAAAAAAGBGEAAAAAAAAMCIIAQAAAAAAYEQQAgAAAAAAwIggBAAAAAAAgBFBCAAAAAAAACOCEAAAAAAAAEYEIQAAAAAAAIwIQgAAAAAAABgRhAAAAAAAADAiCAEAAAAAAGBEEAIAAAAAAMCIIAQAAAAAAIARQQgAAAAAAAAjghAAAAAAAABGBCEAAAAAAACMCEIAAAAAAAAYEYQAAAAAAAAwIggBAAAAAABgRBACAAAAAADAiCAEAAAAAACAEUEIAAAAAAAAI4IQAAAAAAAARgQhAAAAAAAAjAhCAAAAAAAAGBGEAAAAAAAAMCIIAQAAAAAAYEQQAgAAAAAAwIggBAAAAAAAgBFBCAAAAAAAACOCEAAAAAAAAEYEIQAAAAAAAIwIQgAAAAAAABgRhAAAAAAAADAiCAEAAAAAAGBEEAIAAAAAAMCIIAQAAAAAAIARQQgAAAAAAAAjghAAAAAAAABGBCEAAAAAAACMCEIAAAAAAAAYEYQAAAAAAAAwIggBAAAAAABgRBACAAAAAADAiCAEAAAAAACAEUEIAAAAAAAAI4IQAAAAAAAARgQhAAAAAAAAjAhCAAAAAAAAGBGEAAAAAAAAMCIIAQAAAAAAYEQQAgAAAAAAwIggBAAAAAAAgBFBCAAAAAAAACOCEAAAAAAAAEYEIQAAAAAAAIwIQgAAAAAAABgRhAAAAAAAADAiCAEAAAAAAGBEEAIAAAAAAMCIIAQAAAAAAIARQQgAAAAAAAAjghAAAAAAAABGBCEAAAAAAACMCEIAAAAAAAAYEYQAAAAAAAAwIggBAAAAAABgRBACAAAAAADAiCAEAAAAAACAEUEIAAAAAAAAI4IQAAAAAAAARgQhAAAAAAAAjAhCAAAAAAAAGBGEAAAAAAAAMCIIAQAAAAAAYEQQAgAAAAAAwIggBAAAAAAAgBFBCAAAAAAAACOCEAAAAAAAAEYEIQAAAAAAAIwIQgAAAAAAABgRhAAAAAAAADAiCAEAAAAAAGBEEAIAAAAAAMCIIAQAAAAAAIARQQgAAAAAAAAjghAAAAAAAABGBCEAAAAAAACMCEIAAAAAAAAYEYQAAAAAAAAwIggBAAAAAABgRBACAAAAAADAiCAEAAAAAACAEUEIAAAAAAAAI4IQAAAAAAAARgQhAAAAAAAAjAhCAAAAAAAAGBGEAAAAAAAAMCIIAQAAAAAAYEQQAgAAAAAAwIggBAAAAAAAgBFBCAAAAAAAACOCEAAAAAAAAEYEIQAAAAAAAIwIQgAAAAAAABgRhAAAAAAAADAiCAEAAAAAAGBEEAIAAAAAAMCIIAQAAAAAAIARQQgAAAAAAAAjghAAAAAAAABGBCEAAAAAAACMCEIAAAAAAAAYEYQAAAAAAAAwIggBAAAAAABgRBACAAAAAADAiCAEAAAAAACAEUEIAAAAAAAAI4IQAAAAAAAARgQhAAAAAAAAjAhCAAAAAAAAGAn7ChDGCqsHpwAAAABJRU5ErkJggg==' />]]>
    </system-out>
  </testcase> <!-- userRegistrationTest -->
  <testcase classname="com.vinsguru.tests.flightreservation.FlightReservationTest" name="flightsSearchTest" time="0.000">
    <skipped/>
  </testcase> <!-- flightsSearchTest -->
  <testcase classname="com.vinsguru.tests.flightreservation.FlightReservationTest" name="flightsSelectionTest" time="0.000">
    <skipped/>
  </testcase> <!-- flightsSelectionTest -->
  <testcase classname="com.vinsguru.tests.flightreservation.FlightReservationTest" name="flightsSelectionTest" time="0.000">
    <skipped/>
  </testcase> <!-- flightsSelectionTest -->
  <testcase classname="com.vinsguru.tests.flightreservation.FlightReservationTest" name="flightReservationConfirmationTest" time="0.000">
    <skipped/>
  </testcase> <!-- flightReservationConfirmationTest -->
  <testcase classname="com.vinsguru.tests.flightreservation.FlightReservationTest" name="registrationConfirmationTest" time="0.000">
    <skipped/>
  </testcase> <!-- registrationConfirmationTest -->
  <testcase classname="com.vinsguru.tests.flightreservation.FlightReservationTest" name="flightsSearchTest" time="0.000">
    <skipped/>
  </testcase> <!-- flightsSearchTest -->
  <testcase classname="com.vinsguru.tests.flightreservation.FlightReservationTest" name="registrationConfirmationTest" time="0.001">
    <skipped/>
  </testcase> <!-- registrationConfirmationTest -->
  <testcase classname="com.vinsguru.tests.flightreservation.FlightReservationTest" name="flightsSearchTest" time="0.000">
    <skipped/>
  </testcase> <!-- flightsSearchTest -->
  <testcase classname="com.vinsguru.tests.flightreservation.FlightReservationTest" name="flightReservationConfirmationTest" time="0.000">
    <skipped/>
  </testcase> <!-- flightReservationConfirmationTest -->
  <testcase classname="com.vinsguru.tests.flightreservation.FlightReservationTest" name="flightReservationConfirmationTest" time="0.000">
    <skipped/>
  </testcase> <!-- flightReservationConfirmationTest -->
  <testcase classname="com.vinsguru.tests.flightreservation.FlightReservationTest" name="flightsSearchTest" time="0.000">
    <skipped/>
  </testcase> <!-- flightsSearchTest -->
  <testcase classname="com.vinsguru.tests.flightreservation.FlightReservationTest" name="userRegistrationTest" time="1.814">
    <error message="Cannot invoke &quot;com.vinsguru.tests.flightreservation.model.FlightReservationTestData.firstName()&quot; because &quot;this.testData&quot; is null" type="java.lang.NullPointerException">
      <![CDATA[java.lang.NullPointerException: Cannot invoke "com.vinsguru.tests.flightreservation.model.FlightReservationTestData.firstName()" because "this.testData" is null
at com.vinsguru.tests.flightreservation.FlightReservationTest.userRegistrationTest(FlightReservationTest.java:28)
at java.base/jdk.internal.reflect.DirectMethodHandleAccessor.invoke(DirectMethodHandleAccessor.java:104)
at java.base/java.lang.reflect.Method.invoke(Method.java:578)
at org.testng.internal.invokers.MethodInvocationHelper.invokeMethod(MethodInvocationHelper.java:139)
at org.testng.internal.invokers.TestInvoker.invokeMethod(TestInvoker.java:664)
at org.testng.internal.invokers.TestInvoker.invokeTestMethod(TestInvoker.java:228)
at org.testng.internal.invokers.MethodRunner.runInSequence(MethodRunner.java:63)
at org.testng.internal.invokers.TestInvoker$MethodInvocationAgent.invoke(TestInvoker.java:961)
at org.testng.internal.invokers.TestInvoker.invokeTestMethods(TestInvoker.java:201)
at org.testng.internal.invokers.TestMethodWorker.invokeTestMethods(TestMethodWorker.java:148)
at org.testng.internal.invokers.TestMethodWorker.run(TestMethodWorker.java:128)
at java.base/java.util.ArrayList.forEach(ArrayList.java:1511)
at org.testng.TestRunner.privateRun(TestRunner.java:819)
at org.testng.TestRunner.run(TestRunner.java:619)
at org.testng.SuiteRunner.runTest(SuiteRunner.java:443)
at org.testng.SuiteRunner$SuiteWorker.run(SuiteRunner.java:481)
at org.testng.internal.thread.ThreadUtil.lambda$execute$0(ThreadUtil.java:58)
at java.base/java.util.concurrent.FutureTask.run(FutureTask.java:317)
at java.base/java.util.concurrent.ThreadPoolExecutor.runWorker(ThreadPoolExecutor.java:1144)
at java.base/java.util.concurrent.ThreadPoolExecutor$Worker.run(ThreadPoolExecutor.java:642)
at java.base/java.lang.Thread.run(Thread.java:1623)
]]>
    </error>
    <system-out>
      <![CDATA[<img width=700px src='data:image/png;base64,iVBORw0KGgoAAAANSUhEUgAACWAAAAaKCAIAAADCuNM0AAABK2lDQ1BTa2lhAAAokX2QMUvDUBSFv1cKomYRFR0cMnbRppWmDdahqbXo2Cqk3dI0FLFNQxrRvas/wtlNcBGhs4uT4CTi4i4IrpXXDClIPNPHuQfuPRdSmwBpDQZeGDTqpmq12urCBwLBTLYz8kmWgJ/XKPuy/U8uSYtdd+QAX0AYWK02iC6w1ov4SnIn4mvJl6EfgriRHJw0qiDugUxvjjtz7PiBzL8B5UH/wonvRnG90yZgAVvUGTKkRx+XLE3OOcMmi0YNgxK71KhQoUCFHHlKGOgU0KhiUqRKkUN0SuTJcTBjA13+M1o5fof9yXQ6fYy94wnc6bD0EHuZPVhR4Ok59uIf+3Zgz6w0kHJN+F4H5RZWP2F5DGzIcUJX9U9XlSM8HHZQyaORQ/8FDJRN2vTWQQEAACAASURBVHic7N13XFRHH+/xXZoUpSPYsfdu1NhrjDGx11gilth7S+y9G2OXWDD2FmvsLZZYiaio2BVFRHrvu3v/4F4uD+w5exaWXXA/71f+kDNzZn7uYfF59svMyGs17SgDAAAAAAAAAAAAYBxMDF0AAAAAAAAAAAAAAP0hIAQAAAAAAAAAAACMCAEhAAAAAAAAAAAAYEQICAEAAAAAAAAAAAAjQkAIAAAAAAAAAAAAGBECQgAAAAAAAAAAAMCIEBACAAAAAAAAAAAARoSAEAAAAAAAAAAAADAiBIQAAAAAAAAAAACAESEgBAAAAAAAAAAAAIwIASEAAAAAAAAAAABgRAgIAQAAAAAAAAAAACNCQAgAAAAAAAAAAAAYEQJCAAAAAAAAAAAAwIgQEAIAAAAAAAAAAABGhIAQAAAAAAAAAAAAMCIEhAAAAAAAAAAAAIARISAEAAAAAAAAAAAAjAgBIQAAAAAAAAAAAGBECAgBAAAAAAAAAAAAI0JACAAAAAAAAAAAABgRAkIAAAAAAAAAAADAiBAQAgAAAAAAAAAAAEaEgBAAAAAAAAAAAAAwIgSEAAAAAAAAAAAAgBEhIAQAAAAAAAAAAACMCAEhAAAAAAAAAAAAYEQICAEAAAAAAAAAAAAjQkAIAAAAAAAAAAAAGBECQgAAAAAAAAAAAMCIEBACAAAAAAAAAAAARoSAEAAAAAAAAAAAADAiBIQAAAAAAAAAAACAESEgBAAAAAAAAAAAAIwIASEAAAAAAAAAAABgRAgIAQAAAAAAAAAAACNiZugCAABA7qpXu1q9WtWHefTOdN3b5/HQcTMMVBQAAAAAAAAAg2EFIQAAX76s6WBacLhlzSJDlAMAAAAAAADAkAgIAQD4wtWrVV2wqXa14R599FsOAAAAAAAAAAOT12ra0dA1AACA3OVz7bhIa+1mnfRYCwAAAAAAAAADM3UrVdHQNQAAgNwll8nr1a4m0ur94LF+KwIAAAAAAABgMGwxCgCAsVN7QiEAAAAAAACALxUBIQAAX77NXvvEO3ASIQAAAAAAAGA8zAxdQJ5gZ1uoQll3rW5RqlRxcfGR0THh4ZHJKSm6raegjXWn79pUr1LB0dHewd7WtmBBmUwWGxcfHhEVHhn5xO/V8dMXo6JjdDtpmto1qnzbuqmbq4ujg72dbUFrK8uExKSo6JjwiKjPwaHnL9+45+ObjWGLF3Ur4uqS9Xp0bOzzl2+ljGBiIq9do6qJXK629cXrd1JekIrlS6e9mJmERUS+efdBShkZ66lbU/1mfU+evYxPSBS/PfcecfUqFSwLFMh6XfqDszA3r1mtUtbral8lkddBrejY2A8BnzS+PjmRjbeziEx/a6Hv5LiEhKfPXmV7Fp0PW6JYkY7tW5dxL+HoYGdvV6igjU2qQhEdHRMRGR0cGvbWP+Do3xcio6IljlalUjkbK6us14OCQz98/CRxECcH+zLuJbJeDw4N8/8QmPbnapXLW1laShxQOqVK9Z/o5pnVKpdv37a5q4uTg4O9g51tQRtrhUIREhYR+Onzu/cfX797/+zFm4+fgpRKlc5ry1PSFhFqzBEBAAAAAAAAfAHktZp2NHQNhjegd5cJIwdm+/aExMSAj0GP/V4eO3Xx0ZNn2R7Hwd5u0uhBX39V29HBTmPnyKjoO/89Wrlua2hYRLZnTNe+TbMBfbqUK13KzMxUvGdqquKt/4e9h08eO3VR+vjb1i+pU6NK1uthEZFtOv0kZYQ/Ny2rUVVNapVm8Ohf7z96Kj6Cs5PDhaM71DapVKofeg/7+OmzlErSTJ84vEfn9mqbuvQb9e59gNqm3H7E3Tq2mzl5pNqmBq27S0yy1y+f3bhh3azX/T8Edu47ItNFO9tC//y9W2J56VQqVWqqIio65vot772HTr5666/tCCJy+HbO5K1/QNf+o9K/FPpOjk9IbNyuV7Zn0dWwNapWGvNz/6qVy0mJ2cIjom57P9i265DGdPzG2f021moCwge+fh6jfpFY25WTu+ztbLNef/byTZ/BE9L+fOfiIQsLC4kDaqV2s05ZL379VW2Pft1qVq0oZVKlUvXgsd86z50PfP1yo0L9GO7RR+NWompfKwAAAAAAAABfGFYQ6oCVpWX5su7ly7p3+b7tW/+AOUvW+D59odUITg72s6aOatboK7nACrms7O1s27Vq8k3Lxrfu+sxbvj44JCxbtcs6tGs5YeRAJwd7if3NzEzLl3WfM23M+BED13ruPHLyfPbm1crGVXNF0sHla7doTAdlMlloWMQDX79a1StnbZLL5asXT+/pMU5iPUXdCnfv9K3aptveD9Smg/p5xK4uThIHF2GnLsXRLblcbm5u5uzk0OX7tl2+bxsXn7B5+97dB0/k9rxfsLq1qs2cPMK9ZHHptzg62H3Xtvl3bZvfuuczff5v0hcUZo9cnod2tHZzdVm5YFrVSuWl32JiIq9To4rXhqXhEVEHj5322v2XzteO5xHDPfqwiBAAAAAAAAD44uWhT2y/DKVLFd+5ecXqxdOl39K3R8fzR3c0b1xfenSUTi6XN2pQ5+zhbR59u2l7r72d7Yl9mxfOGC89HczIzrbQrCmjTh/ckr3bpVsxf9rXX9UWat3y54F9h/+WONTEGUsUCoXapvJl3du1aiJxnN8WTVf7sFJTFVNmLct63VCPOL+wsbaaNHrw3wf+KFe6lKFryX9MTEw2rpq7de0irdLBjL7+qval4zvHj9DZsss8rknDuqcObNEqHczI0cFuuEefK9ovnM0LpCR/GpcYAgAAAAAAAPgCEBDmihZNGvyxZqHGbiYmJuuXz548ZrCJida5UUZyuXzssAGevy/QuEFouvp1apz7a1uJYkVyMq9MJiviVvjM4W2NGtTJ4ThC5kwb3aZFI6HWw8fPbty2V/poEZFRO/cfE2qdPW2MiYnmd0S7Vk0qli+ttslzx77YuPiMVwz4iPOdYkVcD+5Y06BeTUMXkp+UKFbkwtEdIgm6RCYm8p/6dPlt0a86qivvatGkwdpls3L4fpTJZP4fPuqoIn3z9Nqvsc9wjz56qQUAAAAAAACAwRAQ5pavalcXOqMujYmJ/OjuDWoPe8ue+nVqHN+7WUrE1bZl482r5+vqrC9zc7MNK+a0b9NMJ6NlNHGUR+cObYVaL/5zc9GqTdqOudZzp9BWitZWlkIH+KUzMTGZNXW02qbQsIitOw/9b2eDPeJ8Si6Xr18+p4x7CUMXkj+4lyx+ZNcGKedZStSyacMdG5flPDzLs2wLFVy5YFo2FvJmtX6L4VcQDvfo43PtePp/W9Ysqle7mk5GZhEhAAAAAAAA8MX7YpOGvGDc8J9EWjevXlCyeFHdzljUrfC2dYvF+1SuWHbpnCk6+Yg8o4UzJ1avUkGHA/48sFf/Xp2FWu/5+E6ZrWYzTyl+mbdSqKlzhzbFiriK3Dtz8kgbayu1TVnrMdQjztfMzEx3/7HyCw5BdcXOttCeLat0vqK0ZrVKFcuX0e2YecfUsUNMTXXwikXHxN68c18XFeVIphivXu1qUjJCiecLsogQAAAAAAAA+LKZGbqAvG724jVZL9pYWxUtUrhk8aL169awsrQUutfG2qp6lQq+T19kbZo2/uevalfXOLtKpYqJjfvw8ZNKJStRrIhtIRuNwV6t6pVnTh65cOVGta0O9nY7NiyVskIoJSU1ODQs6HOIa2Hnwi5OFubm4v1NTORb1y3u0HNoaFiExsE16tuj44hBPwq1Pn/59udxM7M9+B3vh/cfPa1To0rWJrlcvnrx9J4e49TeWLyoW+cObdQ23fZ+8MDXL+MVQz3iPCU8IirjlwUszK2srDR++1lZWg7u133LzoM6rycwKFjoEEohDx/7SehlAPu3/25tJfjDJ51KpYqNiw/8FBwaFm5rW8itsLOLs6NI/+Vrt/g9f63TSrXw8VOwyIJIExOTQgVt1DapVKromFihG1UqlUwmszA3b9dabKHzW/+AS1dv+fg+jYiMcivsUrlCmXJlShUvVqRU8SKZ1lv/deKctL9Q7vL02p91qd+wgX28fWbkfPC0kSWmiQAAAAAAAADyHQJCDU6evSzewaNvt7HDBgi11qtdPWtAWLyoW68u34kP+9Y/YP7y9Y+ePFMqVekXTUzk1SpXnDllZPkypUTu7frDN7sPnnj3PiBr07J5U8R3FlUoFFt3Hjpw9HRE5P9EO/Z2tt07tRvu0Udk/Y2FufmyeVMHj87pMWadO7SZPGawUGtAYNCPQyfmcIpJM5ZcPLZD7d+lfFn3dq2anLt8I2vTb4unq03vUlMVU2b9z/JBAz7ivGOt506vPX9lvW5jY92xfatRg/va2FgL3duvV6fcCAj7/Tw50zd2PjXco49bYWfxPg8fP1u+dsuzF68zfoPJZLKCNtZ9e3Yc2KerpWWBjNdVKtWMBb+duXgtd0qWpGv/USKtZdxL/LVzvdqmhSs3Hjl5XnzwRg3qCC24TElJXbhy44kzl9Kv+D1/feX67fQvu3VsN6hf96JuhWUymVKp+uPPA5r+KgZTr3a14R59xIM9tcliVsM8ehMQAgAAAAAAAF8q9vHLKa89f506/49Qa1F1+1Uunz9VZJWYQqFYvXFH1/6jHvj6ZfpkX6lUPXryrOfAsSvXbRNZCCWXy5fNnZz1eqXyZcTXtL31D/iu59DNXvuyhiiRUdFbdx76tvvgl2/8RUaoU6NKtcrlRTpo1LZl49kCh/zJZLKw8IgeA8cqlcqcTJH21/Hac0SoddbU0Vm3uGzfpplQaLfZa19sXHzGK4Z6xPlCXFz8vsN/N2nf59S5K0J9bAsVbFCvpn7ryjcsLCwG9esu0iEhMXHyrGUDR057+uxVpm8wmUwWGxfv6bW/6Xd9jp/+/3mYUqkaPXW+YdPB3FalUjmhptlL1mRMB7P668S5Dj2H9vQYd9v7wfHTFxMTk3KnRu0IpXfDPHrraoNQNhoFAAAAAAAAvlQEhDpw4rTgJ8vJycmZrtStVa1yhbJC/aOiY7/rOXTn/qPiM+45dOLb7oOjomOEOlQoV7p+nRqZLi6ZIxYpeXrt79p/VHBImEif0LCIngPHbty6R6TPwpnZX97XqEGdZXMFz0eMiY3r2n+0rj6a37B1d6YNMNPZWFtNnzg84xUzM9NZU9WvbQoNi9i261DGKwZ8xPnLzEW/BwQGCbXWrVlVv+XkGzMmDTc3F1z87ff8dYsO/S5dvSk+SGqqYu7StfOWrVOpVKmpCo9Rv+SFQ/VyVVn3kmqvq1Sq85evSxnh5et3IybOmb9c/SrGPGWYR2+RwwilrwuUstAQAAAAAAAAQH7EFqM6UKCA4KadL1+/y3RlyIAeIkONmTpPPKJLFxoWMXLy3D1/rBLqMLh/97v3H6V/aWdbyL1kMaHOz16+kf6R8ZadB5s3qV+1kvqVgqVKFLW3s42MipY4WrraNaqsWzZbKB1MTEzq/tMYkWPGsuGXuSv+WLNQbVPXH77ZvvtwYFBw2pezpowSOmxy0sylma4Y6hHnR7MXr9m+fonaJveSxfVeTv7Qunkjoabk5ORBY35NTkmRONSxUxefPHsVH5/w8dNn3RWYRwkdfimXy8uUKvnqrdja6DxLZLPQLWsW6WQKn2vHNfbx9nksk8k8d+xL+wMAAAAAAACAvI8VhDrQr1cnoSafR08zXalVrbJQ5zMXr2U9sFDE02evRDZprFX9fybq3a2DUE+FQjF68jzp88pksjFTF6SmCm6A2bur4FxCKpUv88fvC4U+wU9JSe0zZKLEXE26ez6+93x81TbJ5fLVi6en/blUiaI/fNtKbbdb93wePXmW6aKhHnF+9PBx5lcvXfFibvqtJX8o417CxtpKqHXmot+1XWL78vU7Y0gHZTJZet6f1S7PFULvcUhRr3a1erWrbVmzaMuaRSIrFwEAAAAAAADkHQSEOWJjY71s3hShnR6DPof4fwjMeKVG1UqWlgXUdo6LT5i5cLW2Bcxesjbuf0+/S2dhYZExQPq2dVOhQdZ67gqLiNRq3ojIqDWbdwi1ftummVajuZcsvnPzCjMzU7WtCoVi0Ohf3r0P0GpMiabMWiZ01F+FcqXbtWoik8lWL56hdl1jaqpi6uzlmS4a8BHnR0qlUuj1t7YSjMGMWZ/uPwg1/ffg8YUr/+q3nPzk9dv3Qk2WlgXmTx9348y+kUP6FnZx0m9dOSJ95bd+pMeEhi4EAAAAAAAAgAZsMarB1LFDs160sirgWtjZ1cW5dKniQltiymSy3zdljtCaN/5KqPONW95KpVLb8pRK5bVb3u0FArlmjb564OuX9ueiRVzV9lGpVLsPHtN2XplMtvvgiYmjBqn96xdxc5E+jpury76tvwmdqaZSqcZMXfDY72U2KpQiKjpm685DQnv0zZo62srKqnQp9XtdbvbaF5slujPgI86P7GwLmZqqD4ZDQsP1Xk4+UL1yBaGmPYdO6rcWWa3qlb2vHJHYWehB683f5/6ZMWmk0DLltF/4GDqg59ABPRMSE1+99r92696JM5d1vnBZ50R2GTWUtJhw6LgZhi4EAAAAAAAAgCACQg36dP8+ezceP33p3OUbmS66uQomZ/89fJK9ie4/fCKUHmWcztxM/bOOiY1TKlXZmzo6Js7OtmDW60JzZWVpYXH4z3VCS+5kMtmv81beuueTvfIk2uy1r3vnb50c7LM22VhbzZk2Wu1doWER23YdynrdgI84P+r0XRuhpg8fP+l8OjvbQkILFrPS7YGXumJnV0io6Y73A/3WIssLsZ90ycnJ/975r+nX9TT2tLK0rF61YvWqFUcN6RcXn/Dk2ctzl64fO3Uh2z8qjVC92tWGe/TJawscAQAAAAAAAKQjIMwVZy5em7t0bdbrhZ0FN6+7dTebMZjIjS5Ojml/KGhjLbTS8WNg9o8fCwj8ZGdbPut1uVxe0MY66+q6rGxsrMU7ZDtU08q0OSu2rtVuT7xJM5eqvW6oR5wfubm6jB3WX6hVZEPIbDu6e4P0zleu3544Y4nOa8ihQgVt1F5PTk6OT0jUezn5zPhfFx3+c53QmmC1bKyt6tepUb9OjWnjhp44e2XNph1SfrLp02avfXltBWGaYR69CQgBAAAAAACAPIszCHPFp6BgtdcdHezUXlcqVQGBQdmb6+Onz0LrWpwc/++quBLFiwjd/vzVm+zNK5PJXr5+J9RUskTRbA+b0Z4/VolsCagr/z14fPf+I+n9b93zefTkmdomQz3ifKdl04YHvdYIrT9TqVQX/jHwcXrFi7oZtgC1ClhYqL0erOWOrG6uLt5XjmT9b+ywATqqNC9SKpXdfxrz1j87B5paWFh079ju6qm9834dmwulZV+92tUMXYJ63j6PDV0CAAAAAAAAAEGsIMwVg/p179ax3ZAxM1699c94XSFwBJ3wOYaSCN2e+v92U0xNFdxW0dzcPNvzitwrfSNHcYVdnH5fMnPstAU6GU3ElFnLLh3faWameb/E1FTF1NnLhVoN9YjzoLKlS1ar/D8LTMuVcXewty3rXqJOzapF3AqL3Pv46Yu8f/abQahU6qNiMy23+jQ1MVGbztarlUfTJl1Jywg3r55fr1Y1kRNkhZiYyDu2b21bqOCE6Ytzp8Avx38PCAgBAAAAAACAvIuAMLfY2Rbas2Vll36jAjOsJgwPj5SVKZW1s1wur1i+9POXb7MxUfmy7kIfc0dERKb9QeQ4twrlSmdjUo33+n8IzPawmTT9ul7/Xp13HTimqwHVio6J3bLzwIhBP2rsuXHbHpE9Bg31iDWysDBPTkmR0lP6EZLiOnzTosM3LbJ37/K1W3RSw5cnMSnJ3FzNA3JydDBEOfmSUqn8edzMwi5OU8YMadm0QTaOUWzRpMHvS2aO/3Vh7hSonWED+xi6BDW8fR6zvygAAAAAAACQl7HFqAbJKSlq/0tJSRVaypPOwsJiz5ZVGa98DgkV6tygbq3sVfj1V7WFmj7/vzVYiYlJQtUWFV3IJU7oXpVKlZiYlO1hs5owcmCNqpV0OKBaf+w4EBYeId4nNCzCa89fIh0M9YjTJCULRoAVyrpLnE5o21KlwOJInbt2895jv5f6mSvfiY2NU3vd3NzMwV799rZQKzgkbMrsZY3a9f590w7fpy+Sk5O1ur1546+GDOiRa9VpIQ9uMerptX/ouBmGrgIAAAAAAACAGFYQatCgdXeR1oI21i2bNvTo2610qeJqO9jb2XZs3/rEmUtpXwYKnE0ok8lq16i8c//RbFRYq7pgchb46f9Pl5SUbGlZIGsfG2srMzNTkT1IhZiZmdpYW6ltSpG2Uk06uVzuuXr+t90HR0XH6HbkTKbMXr59/RKRDpNmLhUfwYCPWCaThQgfRFe+rPv9R0+lTGdbyEbt9dx+8dP4Pn0x7pc8sTArb4qMihHanbVRgzqnzl3RZzFxcfGLVm2S2Hnx7Em5XE52JCcn/7nv6J/7jspksjLuJTp91/rr+nXcSxRTu0wzk749Om7deUgvZQrKm+kgawcBAAAAAACAvI+AMEdi4+JPnr188uzl4R59hnn0VttnuEfv9IDw7MVrwz3UbwfXuEHdgjbWIntXqlXQxrpJw3pCrWcvXU//81v/gMoVy6rtNm3cz9I/5U83ZcwQoabX7z5oO5pMJvN78bqom6udbUG1rZaWBXZ5rujYZ3g2RpbO59HT0LAIZyf1uzUGBAY9evJMfAQDPmLxgLCMewmJMwodLRkRGSVxhGx74Os3eMyvuTd+YmJSSmqqxM7vA3S2Ta4O3fZ+IPRGHjn4Rz0HhC/f+J+5eE1i52njhwm9u/OIN+8+rN64Y/XGHTKZrGL50gN6d2nXqonIBqT2drZODvZhkrf5zQ15Z39RT6/9MpmMaBAAAAAAAADILwgIdWOz177vvmleoliRrE3OTo7pf/b/EBgTG1eooJoVWubmZmuWzRo8Wrt0ZPXiGUIrXeLi4t+9D0j/8sSZS0K5QreO7fb99fcbbVK9Mu4lenRuL9T691mtU4oXr97+OGRi8aJuR3dvNDNT/4l8iWJFls6Z/Mu8ldoOrpW1njvnTx+ntmnluq0abzfgI06LMIXGqVShjJTpKpUvI3TeYWiYhv1XcyIuLn7mot//uXEn96aQyWTf9Ryqh5gzV+0/csqjbze1TUXdCg/36ENCoxPPX76dseC3ecvWjx/+U+9uHYTeFOXKlgrzNmRAKGLouBnePo+FWn2uHZc4Tu1mnXRXFAAAAAAAAIC8gjMIdebFq7dqr5ubm2VMvO54PxQaoU6NKq2bN5I+Y+tmX4vsL3fnv0cZvzzy9wWhYwjlcvmGlXOlzyuTyTasmCP0iblKpTry93mtRnv3/mOfIRPT8q2JMxaL9GzXumnXH77RanBtiazwi41LkDKCoR6xTCb78PGTQqF+t9jqVSqqDbAzmfPLGKGmW/ceaLw9246fuZTb6eCXITgkLDxCMOMc+lOvnJwqikySk5OXr92ydZfgPqKlS6rfXFo/6tWuJvTzwdNrv0g6KH1j0rR1gQAAAAAAAAC+PASEOuPoYC/UVMT1/39kv2n7XpFBFs+aULtGFSnT1apeefHsiSIdNm37n4mSk5MfPXku1NmtsPPqxdNNTDR/P5iYmPy26Fc3VxehDo/9XiYmJmkcJ11gUHCPgWOUSmXal9dveYsvgZoxaWT5su7Sx9c/Qz3iNB8+ql9EKJfLF80SGy1txkrl1S80VKlUV/+9K3571lve+gdk/C8lRXB7zz7dvheaGpkcO3VBqMnERL7Tc0Xxom76rSg/8Vw9f/HsSRYC++iqdeuuj1BTfEKijurSJY2nAErcmNTb5zELUgEAAAAAAIAvFQGhbhR2capWuYJQ6+eQsPQ/v3n34ead+0I9LSwstq9fsnj2JJGszsTEZNGsiV4bllpYWAj1ue394NVb/0wXp81ZLrSIUCaTtWjS4MrJXeLZVa3qla+c3NWyaUOhDiqV6pe5K0RGyKpLv1Gpqf+z6M3Ta7/IS2RiIvfasNTaylKrWfTJgI847brQLdWrVJg4ykOotVL5MmuXzRJq/Rwcmh7iSrTuj11d+4/K+F/91t3u+fiq7SyXyzevni8losaGrbvj4gUXszo52J/Yt3n8iIHigwht5Ptlq1i+dP26Ndu3aXb9zN5+PTuamKhfBp1Jry7fCTWJ/NaFHqjN+XSY6nnuIB0EAAAAAAAAvlh8HK8D9evUOPznOqGD4hQKRXJycsYr0xf8plQKBnUymax9m2ZXTu4a0LtLGfcSGa+XcS8xoHeXKyd3fde2ucjtSqXq13mrsl7/HBJ29tJ1kRttCxXcvn7J6sXTWzZtmDGBs7aybNm04W+LfvXasNS2UEGRES7+czMwKFikQyZR0bGZXpw0Y6bN/yQ8jo211Y6Ny6TPon+GesQymWzz9n0iMXD/Xp3PHN6Waa2etZXlrxOG7d36m9qjE9PsPnhCpB7pxk5bkJCoftGVnW2hJXMm6WSWL5tSqVq5bptIB7lc/lOfLuePePXt0THTN5iNjXXzxl/N/WXs0d0bc7/SPGfauJ/T/mBhYTFp9ODbFw6vmD9NZOmqmZnpwpkTvmnVRG2rSqXKdAionqndKVRjqieyMWlG3j6PRTYpBQAAAAAAAJDfqc+0kG76xOFqr5uYmDg7OTo72ZcsXlQkVpHJZB8/fc50JSo6ZuX6rVPHDhW5y7ZQwQkjB04YOVCpVCUlJyUkJNnb2Upc77Jm85+RUdFqm+YuXdegbk1HBzuR21s0adCiSQOZTJaYmJSSmmpuZmZpWUDKvFHRsbOXrJHSM12qQv2ek0qlqs+QiWcPbxOaunxZ9xmTRixatUmr6fTGgI84Kjrmxu3/mn5dT+het8LO+7atVipVMbGxSUnJ9va2GrdbjE9I3HNINwFhYmLS5FnLNqyYo7b1m5ZNjp++JLL+Ms+ytrL8759jWt3yIzxi+gAAIABJREFUxO/FgBFTszfdsVMXundqV7VSeZE+Ls6Ok8cMTsuxomNik5NT7O1shX6PwRg42NvVql454xVzc7M2LRq1adEoNVXxPiDw+au3wSFhIaHhMpnM0cGuWpUKNapUFPnp91zg3Fm98fTaP8yjd6Yrukr1WD4IAAAAAAAAfNmM98NiiXp0bp/DEVZv3JH14r7Df5cpVaJ7p2813m5iIreytLSylLqj5vHTl3buPyrUmpyc3GfIhJP7NovsXZnO0rKApUxSNCiTyZJTUnoPHq/V6YPioqJjBo+dvmvzSqHMrHunb719fM9dvqGrGXXLUI9YJpMtXLnx9MEtpqZie0iamMjtbAtJnHGd506JPaW4eef+hSv/tm3ZWG3rqgW/tOzYX4ffSHojMdxNZ2NjnZPpBo6cdubQNmcnB4095XItnvUXbMrYIXK5+mdkZmZaxr1EptWWGi35zVNHpWXTZq992dhNVMoBhDoMGgEAAAAAAADkTWwxmruCgkP/uXFHbdOiVZtu3vXR7XT3fHznLl0r3ic4JMxj9K+Zjv3LIYVCMXTszKDPITocUyaTPX32asGKDSIdFs2aWKJYEd1OqkMGfMS/zle/AWk2XP333v4jp3Q1Wppf5q2Mio5V22RpWWD98tm6ne6LlJqq6DFwrMhhhNlTVfgs1XzNzMy0bQv1mXT2PHv55tGTZzocUG+k7C+qq1MMAQAAAAAAAORZBIS5KDIqupfHOJEOoybP3b77sMiJcVrZffDEz+NmSun59NmrTj8ODwuP0Mm8kVHRXfqNyqXPyo+dunD07wtCraamprs8V2jcIdOADPWIL1z59899YqsMJfL/EDhxxqKcj5OJUqkcPWWu0MtSt1a1zh3a6HzSL09kVHS7boNevvHX4ZhnLvyjw9Hyjkrly5iZia2p1UpgUPBPI6bpajR9kpIOenrt10stAAAAAAAAAAyJgDC3BAQG/dB7WHSM+mVS6db9sWv4hNkJiYk5mSs5OXnM1Pmr1m+TfktgUPA3XQddv+Wdk3llMtnd/x627TLww8dPORxHxPzl6/1evBZqtbMttGXtwtybPecM9Yh/37Rj3rJ1SmX2s8lLV2927jsiJyOIeOz38tCxM0KtMyaNdHKwz415vzBxcfE9B449ePR0zkPox34v23T6aeai33VUWt7y2O/lTyOmBYeE5Xyot/4BXfqOTE5O1kVd+qZxf1Fvn8csHwQAAAAAAACMAQGh7oVFRM5ZsvaH3sNi4+Kl9L97/1GTb3tv2r43GxlScnLy9t2Hv/6m143b/2l7r1KpHDttQbcBo32fvtD23rQd9voMnjBswmzd7laq1sCRv0RFxwi11qhaaeywAbldQ04Y6hEfO3Wxx8Ax2VhhFhUdO2fJ2smzlml7o1aWrPYUCmzMzEy3rNX9ysUv1ZLVnu27D7551ycbMaFKpfJ9+mL4xNn9h00Oi4jMnQLzhEdPnrXrNmjRqk3+HwKzN0JycvLi3zZ37T8qOSVF19XlFZ47SAcBAAAAAAAAo2Bm6ALyhODQ7C8rUSpVCoUiOjY24GOQ79MX+w6fDAwKzsYgf+w4sHXnwV5dO7Rv07xi+dLi22ampKS+eut/9uL13QePK5XKbBcvk8nevPswYPiUMu4lBvXt1qBeLWcnB/H+YRGR3j6PvfYcfv7yrfRZIiOjc1JkcnJy36GTju3ZJLRJ4MAfu27ctkcnUeXnkNCcD5KVoR7xm3cfeg4cW7F86SljhlStVN7SsoBIZ4VCERD4eduuQyfPXpY4fkJikkqlksvlWZukrNb6efzMI7s2mpioub10qeI1qlbKxta1Im9nhSKn3yE5/E7WdljpifLnkLBRk+c6OzkM8+jTqH7tIq4uah9KupSU1I+fgq5cv7Nt9+E4Tb/KkJiYaGNtlfV6UpIWq+hSU3MaqkUIv/hBwVLftoePnz18/KyTg/2Qn3p+/VXtom6Fzc01/DuoUChevvE/ff7qgSOn8nU0WK92NfEtRr19Hnv7PNZjRQAAAAAAAAAMRl6raUdD1wA1KlcsW69WdTdXZxcnx4IFrZUKZWJSUkho+KfPoQ98/XLpwD+ZTGZpWaB1s69LFCviWti5sLNjSmqqubl5aFj455CwgI9Bl67d0pglQCKDPOKiboXbtGhcvKirg72dvZ2tmZlpVHRsRGRkSFjErbs+Po+e5sak0D8zM9PmjRuULV2isLOTi7OjnW2hpOTkiMjosPCIT0HBV/+9l6vbAucvbq4uzRt9VbRIYQd7O0d7u1SFwtraKjw8MiQs4nNwyOu3H27d8zF0jbpRr3a1LWvEFuYOHTeDgBAAAAAAAAAwEgSEAAB8+basWSSygtDTaz+nDwIAAAAAAADGgzMIAQD48onvL0o6CAAAAAAAABgVAkIAAL5w4umgp9d+PdYCAAAAAAAAwPAICAEA+MLVq1VdqMnb5zHLBwEAAAAAAABjQ0AIAMAXbrPXPm+fx1mve3rtHzpuhiEqAgAAAAAAAGBI8lpNOxq6BgAAAAAAAAAAAAB6wgpCAAAAAAAAAAAAwIgQEAIAAAAAAAAAAABGhIAQAAAAAAAAAAAAMCIEhAAAAAAAAAAAAIARISAEAAAAAAAAAAAAjAgBIQAAAAAAAAAAAGBECAgBAAAAAAAAAAAAI0JACAAAAAAAAAAAABgRAkIAAAAAAAAAAADAiBAQAgAAAAAAAAAAAEaEgBAAAAAAAAAAAAAwIgSEAAAAAAAAAAAAgBEhIAQAAAAAAAAAAACMCAEhAAAAAAAAAAAAYEQICAEAAAAAAAAAAAAjQkAIAAAAAAAAAAAAGBECQgAAAAAAAAAAAMCIEBACAAAAAAAAAAAARoSAEAAAAAAAAAAAADAiBIQAAAAAAAAAAACAESEgBAAAAAAAAAAAAIwIASEAAAAAAAAAAABgRAgIAQAAAAAAAAAAACNCQAgAAAAAAAAAAAAYEQJCAAAAAAAAAAAAwIgQEAIAAAAAAAAAAABGhIAQAAAAAAAAAAAAMCIEhAAAAAAAAAAAAIARISAEAAAAAAAAAAAAjAgBIQAAAAAAAAAAAGBECAgBAAAAAAAAAAAAI0JACAAAAAAAAAAAABgRAkIAAAAAAAAAAADAiBAQAgAAAAAAAAAAAEaEgBAAAAAAAAAAAAAwIgSEAAAAAAAAAAAAgBEhIAQAAAAAAAAAAACMCAEhAAAAAAAAAAAAYETkKpXK0DUAAAAAAAAAAAAA0BNWEAIAAAAAAAAAAABGhIAQAAAAAAAAAAAAMCIEhAAAAAAAAAAAAIARISAEAAAAAAAAAAAAjAgBIQAAAAAAAAAAAGBECAgBAAAAAAAAAAAAI0JACAAAAAAAAAAAABgRAkIAAAAAAAAAAADAiBAQAgAAAAAAAAAAAEaEgBAAAAAAAAAAAAAwIgSEAAAAAAAAAAAAgBEhIAQAAAAAAAAAAACMCAEhAAAAAAAAAAAAYEQICAEAAAAAAAAAAAAjQkAIAAAAAAAAAAAAGBECQgAAAAAAAAAAAMCIEBACAAAAAAAAAAAARoSAEAAAAAAAAAAAADAiBIQAAAAAAAAAAACAESEgBAAAAAAAAAAAAIwIASEAAAAAAAAAAABgRAgIAQAAAAAAAAAAACNCQAgAAAAAAAAAAAAYEQJCAAAAAAAAAAAAwIgQEAIAAAAAAAAAAABGhIAQAAAAAAAAAAAAMCIEhAAAAAAAAAAAAIARISAEAAAAAAAAAAAAjAgBIQAAAAAAAAAAAGBECAgBAAAAAAAAAAAAI0JACAAAAAAAAAAAABgRAkIAAAAAAAAAAADAiBAQAgAAAAAAAAAAAEaEgBAAAAAAAAAAAAAwIgSEAAAAAAAAAAAAgBEhIAQAAAAAAAAAAACMCAEhAAAAAAAAAAAAYEQICAEAAAAAAAAAAAAjQkAIAAAAAAAAAAAAGBECQgAAAAAAAAAAAMCIEBACAAAAAAAAAAAARsTM0AUAAAAAAJDPJCYmHTx22ueR36s3/gGBQWXcS5QrXap5k/rftm5mYiI3dHXQn8d+L4/+ff7lG/83b98XKGBRrnSpiuVL/9j9BzdXF0OXBgAAAIiRq1QqQ9cAAAAAAEC+4fPo6a/zVn4OCcvaVLVS+WXzphQr4mqIuqBXqamKZWv+OHz8rNrWiaM8+vfqrPeiAAAAAKkICAEAAAAAkOpTUHCPgWPj4hOEOlSuUHbHxqUWFhb6rQv6tn7L7m27Dol0WLlgWuvmjfRYEQAAAKAFziAEAAAAAECq1Zt2iKSDMpnM78Xro6cu6rEiGMDLN/7i6aBMJpuzZK1SqdRXRQAAAIB2CAgBAAC+WCkpqaFhER8/fY6JjWPfCADIOaVSefPOfY3dfJ8810s5MJiHj59p7BMXn/A+4JNeygEAAAC0ZmboAgAAAKAbcfEJ9x8+ufvfw2cv34SEhoeGRWRa4+Lq4lS4sLOLk0O5MqWaNKhbtXJ5ExN+XQzIN16+8X/x8k327pWbmNjbFnKwt7O3K2Rvb2tlaanr6ozFp88h4ssH0/i9eK2XcmAwoWHhUrq9ex/gXrJY7pcDAAAAaI2AEAAAIH+Ljok9fvritZv3vH0ei/f8HBL2OSRMJpNdvnb7jx0HbKyt2rZs0qJJ/QZ1a1paFtBXvQCy6dbd+6s37tDVaLWqV27V7OumX9d1L1lcV2MaA2srSdmqbaGCuV8LDEliym5tbZX7tQAAAADZQUAIAACQX0VFx+z7629Pr/3Zuz0uPuHYqQvHTl1wdXGaNHpwmxaN5HK5rmsEkEc98PV74Ov324btxYu6fdOqSe+uHVycHQ1dVD7gYG/n6GAXHhEl3q16lYr6qgiG4exoL6VbxXJlcr8WAAAAIDsICAEAAPKfpKTkbbsPb/nzgE5G+xwSNnXO8lrVK08ZM6RKpXI6GTNf+xQUvGHbXqFWczOzscP6O9jb6bcoILcEBAZt3334wJFTY4cN6NaxnampqaEryuvat2m+59AJ8T7NG3+lr3LUu3XP59T5q0KtboWdRwzqY4TPesGKDUnJKUKtvbp8V71KBYlD1a1VTWOferWr2dmylhQAAAB5FAEhAABAPvPx0+cps5bp/ICrB75+fX+e1LdHx4mjPIz8bMKY2LhT566IdGhYr2a71k31WBGQ6+LiE5as9jx26uKsKaMqVyxr6HLytFFD+9647e3/IVCoQ+9u30tJj3LV+4BP4j/HenRu7+ripMeK8oQjJ8+LtFpZFpAeELq5usz7deycJWtF+syZNkbLAgEAAAD9MeqPfgAAAPKd67e8e3mM03k6mG7PoROzF69RKBS5ND6AvMzvxesfh068//CJoQvJ06wsLTetmie0RvDngb0mjPhJ70XBADq2bz176mgbdacMli/rvvuPlcWLuhmiLgAAAEASVhACAADkG3sPn1yxdmtuz3Lq/D+JScmLZ0+0MDfP7bkA5EFjpy34c9PysqVLGrqQvKuIW+Hfl8y8+9/Dh0+ev333wcTU1MqyQOlSxRvVr+Nespihq4P+dPm+bcumDS5evfXOPyAyOiY5Odm9RLHyZd1bNWtohDu4AgAAIH8hIAQAAMgfLl29qYd0MH2uyTOTf18yw8j3GgWMU1x8ws/jZ+7burqw8W1BqZX6dWvWr1vT0FXAwOztbLt3bGfoKgAAAACt8YkPAABAPuD79MXkWcv0OWN4RJRKpdLnjADyjvCIqHnL1hm6CgAAAABAbmEFIQAAQF73KSh4xMTZWt1iY23VomnD6lUq2NvZ2tsWSkxKCgmLCA4OvXH7PynnF9avU+O3xdPZHg3Idzp3aJv1Ykpq6sfAoPcBgeERUdKHunnX5+Xrd+XLuuu0QAAAAABAnkBACAAAkNet3rQjLj5BYudWzRoO7NO1auXyancHHTmk7/uAwPOX/92x9y+hMVs1a7hk9iQLC4uMF5VKpUKhFJnXzMxULpdLqVB8KFNTE233NVUqVR8/BUVGRkdGx0RHx0RExaSkpDg62Ls4Obg4Ozo5Otjb2ZqYSKrNUOLiE0JCw0PDIoJDw0LDwuVyeWFnJxdnRxdnR2cnBytLy2yPrFAolEr1K0HlcrmZWeYMODklJTg4LDgsPDg4NDg0zNTUtKhb4SJuhYu6FbYtVFD6vKmpis8hoZ+DQz99DlEoFPEJic6OaY/DvlgRV4nfKtpKTEwKCQsPDgn7HBIWEhpuamrq6vJ/X0YXJ4dM39LSpaYqhFbTmpjIs+boKpUqPDIqPDwyJDQ8JCwiPCKyX89O5ub6+H9eY4cN8OjbTaRDckqK//uPf+4/durcFSkD7j3895xpo7NXTC49DnEKhSIsPDI4NDw4JCw4NCwhIdHRwb6wi6Ozo0NhF2c728zfw9q+QdIplapURapQq6mJiba/YJGckvIh4FNUTGxUVHRUdGxUdIxcLnN2+r8vl5OjQ6GCNloNqHP6eSMEh4QFBAbFxMbFxMTFxsXFJyRaWhYoaGNdqKCNnZ1tudIltfpBpAcpKakqmeBqe3Mzs2z/uFMoFOERUaFhEcGh4SFh4dHRMXa2hQqnvYmcHBzs7bK9B7hKpUpNVQi1mpqaZv0XMykpOTg0LCQ0PCQ0PCY2TiaXW1kWcHF2dHZ0KFbEtUCBXHk7AwAAILcREAIAAORpDx8/u3DlXyk9K1coO3PyyCqVyol3K1m86JABPTp913r1Rq8zF69lau3coc3MySOzftR78uyVuUvXigx7dPdG95LFpNS576+/V67bJtTq6uJ0dM9GKZFYWHjEnf8e3fF+eOnqTY0BqquLU4niRWrXqNqwXs3qVSpm+pBaoVA8fPI8/Uu/56/ER7vt/dBF3dls5qam1atW1Fh5uhev3p6+cPXk2cvi67ocHew6d2j7XdvmZUuXlD54mjlL14lEQZ6/L6hfp0ban/2evz5x5tLJs5eFXkwba6v+vTr36Nze0cFOaMDklJTLV2/tPnjiybOXQn1cXZy6/tDum1aN3UsW1/Jvo17Q55BT5/85dupiQGCQSLfqVSt26dC2dfOvtQ0Y2nXzEHpANtZWJ/Z5pr8gQZ9Dzly8duTk+UyV9OzynX4CQo0szM3Ll3VfOGP8oL7dVq3fdvOuj3j/Y6cujB7a18nRQfoUuf041FIqld4+vn+f++fk2csi3erVrtapfZuWTRvY2FinXZH+Bslk6Njp9x89Fbqxc4e2EoPVt/4Bd+8/unX3/tV/72nsXKpE0ZLFi9avW7NB3RrlypTKlDxFRce8fvch/ctbd++Lj+bt41vErXDW6w52tqVLqXlv5tIbQaVS+T1//e/d+0/8Xvg+faFxkWupEkVr16jyTasmDerWlJKQ+b14nZCYpLFbmus3791v21xtU5UKZS0tC2S6ePf+o2HjZ4kMeOrglqLqXmQR8QmJV67fPnH60t37j8R7Nm5Y94dvWzVv9FXWwsT5fwjs0m+kUGudGlW2rV+S9meFQuHt8/jkuSviv1LQsX3rb9s0/ap2DZFMHQAAAHlQnvi/qQAAAFBLpVKt2rBdSs8O37SYOXmk9E8JXZwdF8+e1KrZ11Nm//+jDfv36jxh5MBcWt0l0eeQsPj4BPGA8HNI2Pbdhw8ePa3VsJ9Dwrx9Hm/584BMJuv6wzf9enZK/xB898ETv2/aIX20Y6cuHDt1Iet1G2urG2f3a7w9Lj7h5NnLR06ef/n6nZTpwiOitu8+vH334coVynb5vu3337bMyZrCjN4HfKpfp8Zjv5fzl6/XWExcfMJmr32bvfb17tqhf+/OmT71joyKPnz83L6/Tmr8fP9zSNim7Xs3bd/bvPFXs6eOEYkbxalUqsvXbh05eV5jypXG98lz3yfP5y9f375Nsz7df6hepUL25s0oLj4hIjLK0cEu4GPQktWbJVaSF5RxL7FiwS8/Dpng/yFQvOeN2/c7fdda44CGehyJiUk79x87cPSUlN1TvX0ee/s8lslkg/v3GDGoj8ZFfmlvELVNz1+9zV7B6Z48e7lx6x6tvmf8PwT6fwi8fss77fcGenft0KNze3s727TWGQtX/3v7P+mjzVy4Wu31dq2bLp0zWfo42X4jBAQGnT5/9eTZy+JZciZpL8KxUxddXZz69+7cq0sHkVDK98nzASOmSh/8c0jY4NG/qm36a+f6Mu4lMl18r+ntoxXfJ8+P/K3+Hxe1/r39X9oT79axXdfvv9H460ESpX9vHz99aa3nn1LeWSfOXDpx5pKjg93iWZMa1KupkzIAAACgBwSEAAAAedeV63d8M6xsE9K7a4ep44ZmI9hr06LR5t/mD584WyaTjfm5/6B+3bNbqZ6oVKrtuw+v37I7h+McOXn+yMnz3Tq2mzl5ZNqn2zoqUDPfJ8+nL/hNqw/E0/m9eO332+s9h04smT25csWyOqhGpTpw9PTS1Z5a3bT/yKmTZy97bViafjrdi1dvR0yao9X5djKZ7Oq/93oMHJO9D5TDI6LmLl2blpRo68zFa2cuXhsx6MfB/bvr5KDNW/d8psxaps/vIp2wtrJcPm9qr0HjxbsFBn3WOJShHsezl29+mbtCY8aZ1bZdh3wePlk6d4q2N+pEXHzCghUbzl26npNBwiOiNm7bu3Hb3nm/ju3YvrVMJouOidVdjdkh/Y0QGRW9bdeh3QdP5GS6zyFhK9dtO3Xun3nTx5UvU0ptn/iExJxMoTfJycnrt+zedeB49m7/68S5v06c8+jbbfigPhbm5jmvJzYufvGqTVn3GBAXHhE1fOLs/r06jx7aN5f2EAYAAIBuZXPPegAAAOiB+HZ5aerXqTFp9OBsL/trUK/mzs0rVsyflvfTwaSk5FmLfs95OphOz2slFQrFlj8PDBgxNXvpYDr/D4E/Dp3otecvhULwECmJFq3apG06mCYuPsFj1C+v3vqn5Xy9Bo3XNh1Mk/aB8sV/bmp1193/HvYYOCZ7cVS6Tdv3Dhk74+MnzemXOK+9R0ZOmpvv0sE0FcqVTsuWRHz8FCzewSCPQ6lU/rnvaJ/BmldACrn/6GmXfiMf+vpl7/ZsCwoO9Rj1Sw7TwYwK5I0kRvob4dyl69/3+jmH6WA6vxevew4ce+2m5g1a86xXb/37DJmY7XQwndeevwaOmPbWPyCH48TFJ/QZPEHbdDDdrgPHRk2Zl/N/ngAAAKAHBIQAAAB5VGJi0j837oj3sbG2WjJncg5P/alepUKbFo1yMoIeKBSKSbOWnjr/jw7H7N+rkw5HExcXnzBk7IyN2/bqasC1njt/HjczIdFg62Pi4hMGjpi2ZLXn+F8X5nCouUvXSk+GvPb8NWzC7OzlkZk88PXr5TFO4kavQsSP5sr7KpYvLd7ho2iebajHsWLtVq22BVYrLj4hh2m9tsLCI/oOnZjDb7mMXF2c8shPb+lvhA8fg3QeqI/7ZaGU1fZ50LlL13v8NPZNhsMjc8Lvxeuu/Udduqrdr1xklcP3hbfPY08vzbttAwAAwOAICAEAAPKou/cfaewz8Mdu2T7CLX85e+m6VsdrafRNyyYlixfV4YAilErV7MW/P9D1WqX7j57OXbJOpVLpdljp4uITtDoJUmScX+evSk3VvOLk8rXbaz135nzGjFOPmTo/KtrAezMaULnSJcU7vA8QXKJnqMdx9O8L+4+c0uG8erN+yx6dhKnphgzoqZNtcvWpZ5f2NtZWOh92xKQ5UdExOh82V/k+ef7LvJU6H3byrGVPn73S+bBa2bLz4M079w1bAwAAADQiIAQAAMijNO6ZZmNt1adbB32VY0jJycnrdJpDyGSygT921e2AIv74c//la7dzY+TzV25s3304N0bWM98nz89d0rCj3Vv/gEkzl+h86s8hYTMW/qZUKnU+cr5QoEAB8Q5JSclqrxvqcTzw9Zu/fL3O59WDN+8+HDt1QYcD2lhbfd+upQ4H1A/bQgUH9++h82Hj4hN27j+m82FzT3BI2Pjpi3Jp8DHT5oeFR+TS4BLNX75eqTTY768AAABACgJCAACAPMrbx1e8Q9uWTWxsrPVVjiGdvXT9c0iYxm6ODna1qldu1azhNy2b1KpeWWRtZcN6tSpXLKvrMtW7+M/NXN1sbf2W3Vf/zcfnb6U7feGqSGtsXPwEyR+m16peuX2bZt+0bFK9akUp/f+9/d+WPw9KHPwLo/HEsqJFXLNeNNTjSExMyo1UUj927D0ipVvxom7169T4pmWTVs0aVq5QVmSx3eD+PSwtNeS7eVPPLt/lxiLC7bsPGzwVkygxMWnijCW6XU6aUXhE1ORZy5JTUnJpfCk+h4Q9fKzvMz4BAACgFTNDFwAAAAD1/D8I7uyXpnGDOvqqxcD8nr8W79CiSYOBP3atXqWiiYk843WFQhEaHvn46fMrN+7+c/12+sFXHv26Zewml8t0wrWwc6YriYlJc5eulXh7q2YN69Ss6uriLJPJgoJDvX0eSUz+5i9fd/bwdnNzHfxvextrK/eSxZVKpd8LDa+5xnFKFi9qYmLy5NlLibfcvOsTGhbh7OSgtnXXgWMa3xGlShQd1K97mxaNra0s0y9Gx8SevXjNc8d+8c/iN3vt69P9e9tCBSVWqxVTk7z7e5kvXr8V76B2J15DPY5zl29Iz1SaN/6qXu0ari5OFhYWEZFR7wMCT5//R8qvGuSSR0+eiXfw6NutY/vW7iWLZbqemJgUHBp2777vlRt3Mu603K1ju4zddPVt5iLwHsy59AptrK2GD/px1fptmTrUr1OjXu1qNatVKuzibGdbUKFQBoeEfQoOefrslcSl0leu3+ne6dtcqF1mZ6vLHw6Hjp+V+LPR1cXp+29blSxexM62UGRUjP+Hj8dPX5TyLnjg63fi9CVdvRppP9ILFLB4+fqd9CMkT1+4WrtGFZ0UAAAAgNxAQAgAAJAXJSQmauxTt1ZVvdRieK/e+ou0tm/TbOHMCSbqPhw3NTV1dXFybd6odfNGcfEJh4+f3fLnAfeSxevXqZGx24hBP452k2+iAAAgAElEQVQY9GP6ly9eve01aLzIjEvnTG7XuqmUys9fuSHls9RuHdv9/FOvwi5OGS/269kx6HPIxm17T569LH57eETUPzfutG3ZWEpJQhrVrz2gd5ev6tRIC1mVSuXrdx8Wr9qk7dGJdWpUGdi3W6P6tdOORlMqVf4fPi5d7SnlTM1L12716vJd1uvJKSl7Dp4Qv7dd66azp47OmEWlsS1UsGeX79q2bDx9/m+3vR+IjHDm4jW1s2vFxtqqXeum7iWLu5csVryom0qlMjMzzbPLvCKjos9dui7ep0Qxt0xXDPU4VCrVnkMa5k0zqF/3/r062dvZZro+5uf+Po+ezl++XmO6qXMpKanik86YNEIoy7G0LFCyeNGSxYt269juU1Dwjn1HDx497dG3W6YA1WvD0oxfHjh6eulqT5EZz/613fV/f+bokMY3QveO7bz2HE4Pun74ttXQn3qWKFYk0zjOTg5VKpVr3ezrH7t/v3XnIY1nT972fpjxZWxQr6bPteMZO9Ru1knk9u6dvp0xaYQ2f9HsUCgUew4e19jN0cFuzrQxTRrWzfSv26ghfa/+e2/24t81/uOy++Dxbh3byXP2KzDt2zTr+kO7OjWrpJcRFhF55OT5jVv3aLz3zIWrk0cPLlDAIicFAAAAIPcQEAIAAORFUtYHONgLbqH5hXnz7oNIa+vmX6tNBzOxsbb6qU+Xnl3aJyQk6bQ6QSqVaremHEUmk837dWzH9q3VNrm5usyfPq5GtUqLVm4UH2Tv4ZM5CQhHDuk7uF+PjOsvTUxMypcptXXtog1b93jt+UviOP17dR43fEBaNPj/xpGXLlV802/ztu06tHHbXvHbnz57pfb6lWu3xT8Kb9280ZLZk0Q+B3ewt1u3fPbQcTNE8s59h0/27Nw+Jx+m//Btq3HDBzg55tYCLN1SqVRzl67V+KOmiKtLpiuGehw+vn4vX78Tr9bG2mrTqnlCe5nK5fI6Nase2L5m6e9/6PY4QI2CgkPEO7Rt2UTKOEXcCv86Ydiwgb2trPJo6izxjWBpWeDngb2XrvZs17rpsIG9S5cqLj6mk6PDtPE/x8TFnzp3RaTb7Xs+CoUi44+gPOj6LW+NK1lrVa+8csE0ta+hqalpq2YNq1XeMHHGEvFliP4fAu/df1S/bs1sl7pi/rQ2LRpluujkYD90QM+mX9cb/8tC8b9IXHzC+4DA8mXds10AAAAAclXe3esGAADAmGn81D73Vn7kO5eu3lIqlRI7W1laipxNqFs+j55qzDPGjxgolA6m696x3TCP3uJ9Hvj6PXv5RvsaZWmLZoYO6Jlpd9Y0pqamo4b0LVVCzSaTWbVt2XjiKA+1H82bmJgMGdCzcgUN5z6GhoWrvS6+bMjRwW7WlFEagz0zM9NFsyaKnHzm/yHQR8vlkhn9sWbh/Onj8ks6mJKS+seOA1L2sK1bq1qmK4Z6HOLJUJq1y2ZpPOnw/7B312FRNHEcwBdQiROQEkRQBBEQC2wBEQslFAywFbu7C7u7W1+7CxNQDBBpJAVBUZQUFOQApd4/Fve99+7Y2wsE5Pt53ud9lr3Z2dmaO+e3MyMrW2/lwmndOpkJzE2CBJ4Qz6cCunJyUlVRlpfj7p1ZTTB/EAY59H147cQW94UCo4OUxbMn0lfg7PyCKhxFliGBHWFVVZT3bF5Bfw4baqjt2bxC4FSOV249EKmMBPk08UYHKcaG+ovnTBaYSeXNswgAAAAA4kOAEAAAAKA6+vnzF32CajtoYWXgOwsa5aH3i1GTF1687pGW8fUPFkqwR4IGb+xg1mq0qxOTrCaNcTE1NqRP4+XjJ0zpyqmqKM+dOpYmgYyMzLQJI5lktXTuFJpPpaSkZkwUkA/fK5ialkE/zOmYYc4MpwfT1mo4yLEvTQJf/2Am+fCaPnFkR7PWom37h5WUlNz3fOY4bPKR05cEJrbo0t6gWRPONVV4OZI+fqbPcPI4V/O2jAZelpGRWb9iHpOUkqIuKGC2adeRucs2PPB6nsfO/1OFkjyhHoS6deto8fRPpaekWN+ujzV9mtwfeULl+YdlZGYFh0XRp9myZpGykqLArNTVVDaumk+f5umL12yR7qjBA2ytunagT2Nj1VlgPP5r9jcR9g4AAAAAfwaGGAUAAACojgS2sH/NqkWNbg3VBXSXjI1PjI1P3L7vhKGBnrGhvkGzJs2a6jRrqtO4kRbfjnF/RvLnVPoEo12dGBZPRkZm+BCHlRt206T5/CVNyAISBEHY9bFmsRTo0/S27iowH3tbG4FdMy26tGcpyNOMTpnOL0CYkpZBn61tT0ZjM5IcbG3OXalw9i+B++Krqa722OHOImwocXceeOtoc08ZSM7iKVuvXmp65ucvafGJH5j36Rntwj1hWxVejqTkL/S5DXa0Zb5rVRVlJ/s+f2ygUTk5WfqbnyCI535BZJ9O8zYtmxvo6evpNmuqo99UV12tZnRL/TMPgkGzpvQJcnN/VHYZxCHwCTI00GMeZLXq2lFTQ42+02RqRmZzQSeNl+sge4FppKSkXJ36R0bH0aTJQoAQAAAAoBpDgBAAAACgOhI4vyA7v6D6z7QkKd27dfD08WWS8l1iEueoniwFeVNjQ1MTQ5MWBt06mQmMhEnWh490UyeyFOS7dhRikMMelp3pEyR/ERCP5MvaQkC2ZHhSR1vrcwpdALKnVRcmu9Nv1oSmNZmdX1BUVFy37v/+kSKwY+jspRuY7JoJ0QKE86a71atbV1JlEMfH5JTF7tsklZu+nm6n9m24VlbV5fhVVEQf1+zSoV1DIQde7tfL6k/ORNjHxuL2fW8mKUMjYkIjYqg/VVWU25gamxobtm7ZooNZq2pb7YvzIOT+yAuLiH2XmJT740dObl5Obm5Obh7fnvSx8YmCsmKLVoY/Q2AlM3iAEHFuaWmpwQP7HTpxgSZNevpXYQOETXW1DfUZbaLdSJM+wdes70LtGgAAAAD+JAQIAQAAAKojlQZKAtMkffrCNfrf36qndVfW7qP0nW/4YucXBIZGBIZGkH8OGdjPyb63wLE6JaKkpIS+V0dH8zZckTB6LAX5dq1NaEZ3/PQ5RcgyEmQQiEmyJjqN6AOEDPPR1mpI392kuIQ7QJialkmfp8CJHpn7QnuMFWlhoCepAlQrfKcSrKrLkSFoYjldnUbC5q/dqKFI5RKRk30fhgFCLtnfcp75BjzzDSCDha7O9o79bBpp/dHCMyHCg5CV/e3GXc8Xr4Ki376TVDFKSkoklVVlSBUUIGzbylioDAWmTxV+8O0OjLswajVUp09QVFws7N4BAAAA4I/BHIQAAAAA1ZGMjAxLQZ4+zevg8D9VnComLye3dc0i8fO5fufRqMkLR0ycL1pnO6EIjGcIbFflpUm7CTu/QIS5phhOFydwqjAmIW0yQMisXP9JTRelV59osr/l/CoqEnYr+utSQ+3dsrJdaxPe9VV1OQTOzKekyOhO5lT/z3YpbtvKeIrbMDEzyf6Wc/jURTuXSUvctxcUFkqoaJIh1IPw8+evA8fP93Yad/jURQlGB6s/gT0IBU5XKWz6lNR0oTIkCEJNtQHDlMJ22wUAAACAagUBQgAAAIBqSl9Q78AXfkF/qiySlF8gSqO2RZf2h3aukUgBYuMTx01fkvTps0Ryq0jOjzz6BErMInOclJUUxdwpF5aCPMPhCuXl5OgTKNZndDhysrLMivYf5hPmSUROjnATmOnr6UpL/23/qtq4an73bh35flRVl0NV0KjLIkx19oePhSCIqW7Dp08YIZGsPH18Zy5cK0K/6koi1IOQ+TV70tyVJ89dq+RCVUcC7zolRZZQGSrWF5D+2/dcoTIkCEJVhWmAsNoOeAsAAAAATPxt/5QFAAAA+GtYV9BATwkMjYhP+PCniiPAjzym0z5lZ4s4I1HXjmZHd68TbVvuMnzLGTV5YcKHjxLJja8GygJ61H0XMhBFEMR3Qe28AnfKRVa2nrBlqIi0NPdYlJKiriZcfxoxScsI90+kZk0Zja1aU7AU5LetXWzXx7qiBFV1OQTuN+6d0JVhUvIXUcslukljXWdPGSORrEIjYmYuWsu87q1UzB8ENjt/0pwV9EMN/8UE3sk5ucK955HzQ8BXCfPugBR5OaHf5AAAAACAmggBQgAAAIBqqqIePJwOnbzwR8oiWDrjWY6yvokYICQIolP7ts/vX1g2bwrDGe9osPMLpsxdJcJ4kgxpCGoFTs8QMJcbr1TaTVgK8gryAvr51UQijEoqDoF9Jbn8Ted85NABD66d6GNjQZOmqi6HtLS0jrYWTcrY+MS3794Llfmte17ilU5EbiMHe1w6OmmMi8BxpAUKj4xdv/2ghMolFuYPwolz1z4mizJh6t9B4BOU+TVbqAyzsgR8pf7hZxYAAAAAapA6VV0AAAAAAOCvuX5TTQ21dNqp7J77Bfm9DrHo0r6yCyOw8Tc1nVG4q6Sk5FVAqDglUVKs7+Js5+Js9ybqrfczv6jYd+GRsaJllf0t54VfUO8e3cQpT0VkZGR0tLU+p6RVlCA4LOrnz1/M+/Dl/sij73Oj10RH+GLWAAJbt217WTVUV5XIvqSlpf+mgJ9QtrgvtO1lJTBZFV4O+geKIIizl25tWr2AYebxCR/8XoeIXUYR6TTWmj5x5KSxri/8g3z9gyOi494nJYuWlZePX8bMrJoyFdyPPPaZizcFJmMpyBsa6Gmoq6qpNKhT53+DWL6JjqvRvQ8FPkHB4ZEtjZszzzAoLJI+QSMtATPIAgAAAECthQAhAAAAQDUlJSXVx8bi/NW79MmWrNl+/thOvSaNRdtLSUnJhh2HE5M+7duykmaASoFjlH36zKhHyJuot5KaNKttK+O2rYzJQ/j0OTU+MenDx+T3ScmJHz4xb2r38vGrpAAhQRBNdBrRxDPY+QUv/YOZ7/3pC3/6BDqN6fpX1VxamgJat02Nm492dfpTxflrnbtyp5d1N65gDK8qvBzGLfRfB4fTJHjo/cKsTcuhTv0FZpWTm7dg5RaJlk4UdevW6dW9a6/uXQmCKCz8mZj06V3ix6RPn98nJccnfKB/O4TTi1dBQwb2q+TCSsYDr+f0CTQ11OZNd6O5Fd8lJrm4zamc0v0JAp+gmx6eY4Y5M8yttLT01j1P+jSaGuqMSwcAAAAAtQsChAAAAADVl6uzvcAAITu/YO6yDQd3rGncSFPY/IuLS1Zu3P34yUuCIMZNX3J0zwbNCrqhqKoICBBev/No6vjhaoKSXbgm4HBEICMj06ypTrOm//WfKyoqfhP19plvwEPv59nfcmi2/ZKaLsIei4qKmSRrotv4VWAYTYIzF2/aWHWWkREQkiEI4tevX+eu3KFPI3KQuJrT0RZwY1+4enfowP5ymDSLIAiCqGh+u31Hz9JvGP323anz1yePc6VPVoWXY6Bdb4GdzzbtOlJaVjZ0YH+aSTG/pKYvcd9O3xnxz5OTkzU1NjQ1NqTW5LHzXweFP33h/9D7Bf22KWkZIuyx6FdlDbBM4228gGFgD+9ax1mZ/2G/Kv+cCHyCPianvPQPturagUluXj5+9N9xTEKSAAAAAFBrYQ5CAAAAgOpLp7HWaNeBApN9TE5xdZsTHBYlVObpmVlzl28ko4NkJmOnLkr69IVvYlUVZYEZnrlwgz7BI+8XT1+8FqqQoqlbt04Hs1YLZ014fON0XxtLmpSp6Xwa1uvWrUufP8Owon3fHvQJot++O3nuOpOsDp28KLBbZD8G40PWRGqqKvRt5emZWeu2HSgrK2OeZ8KHj6ERMZIoXfUye8oYt5GD+f7n73m1qa42/eaHT12Min1Hn6YKL4dek8ZMhlPesvvojIVrQt9El5Zyl+F7Tu7lG/ccXCdHvxVwmNVBfZZC7x7dNq1e4HXrDP21y+A3a13dOgLeBk7hV/tVts8pqTSfOtn3FhgdrOhLiiH6eR8ZdoUXh8AniCCIZWt3ZGV/E5hVWnqmwBko+/fuXmuHTQYAAAAAgRAgBAAAAKjWJoweSt+gSWLnF0yas2LjzsNpDOYCLCkpuXjdo9/g8VxTcKVnZo2avODtOz49PBTrswRme/7q3fuezyr69PGTl8vW7RSYCY2NOw9Pm+8u1OxTderIDHLsS5OAb98LgQcbGPKGyd5bmfyvPxBfh09dvH7nEU2CsrKy81fv/nPpFn0+XTq0+1vnICQIYtgge/oED71f7Dt6tri4hEluXj5+Q8fOnjBzWUAwo+v4d5CTk92wcr7AZMvW7igoLKRPU4WXY7igXZNeB4dPmLXcbuiEtVsPHD19+czFmzsPnJy9ZL2N4+ite48zyaGSlJSUDB4zc8OOQ0wqaoq6mgr99JCFhT95Vyop1qfPNjxCxNlbxZH8mS5AqKaqIjCHxe7bxCmAuhrdLsIjY3N/5ImTPxMCnyB2fsGcpRszaMeYTUnLmL10g8Ahu12ZPTIAAAAAUDshQAgAAABQrSkrKU5xG84w8fU7j/oPnbh264GnL17ztnKWlZXFxiXuO3rW3mXS9n0n+ObAzi+YOGs5b28eKSmpnt27CCzAyg27F67a+j4puaSkhNppaETM8nU7l67dwfAo+EpLz7x+59Hr4PAx0xbPXrL+mW/Az5+/mGwYQBvMM2lhwLtSSVFAgDA0IsbLx49rZUFh4bvEJK6VTDqAbtx5ePWmvXwHCUz+krp0zY6dB04KzGTYYAeBaWquLh3NdLQFzLB45uLNMVMX8Q1vU5I+fV7ivp0KMEydv1pgh7m/SSsTw2njR9Cn+ZyStu+IgMFIq/BydO1kxveZ5Ss9M+v2fa8jpy/tPfLP+at3X/oHM9yw8ng/93+flHzj7uP+Qydu2nXkTdRb3m6OvIqKigNDImgSNNFpxLtSSUlAgPDwqYu8naEzv2anijRgKUMslgLNp7FxCfSbC5zCUCCVBgJ6wx8+eZFrTWlpmVAvpgjE5AmKfvtu0OgZT56/4g20FxUVP37y0mXcbN5vHC6GBnrkTL0AAAAAAHxhDkIAAACA6m7EEIfQN9HPfAMYpr993+v2fS+CIJrqamuoq7LZBXXq1iks/JmSmi6wtwEZI5wwc9m+rau4hkGz69uDyQChT56/evL8FUEQ+nq6MjIyDHcqEOfkhS/9g1/6B7MU5PvYWHRo18q4hYFek8a8M/klfvh0w+Pxpev3aLLVb9aEd2W9evU0NdTSaXtvLHbfNinRpY+NhUoD5cys7LCImJPnrv38+evJnbOysvWoZDbdu6iqKAucI8rj0VOPR0+tunYwa9OyTh2Z+izW95zcwJCI18Hh9BuSNDXULLuYM0lZQ0lLS41yHbhl91H6ZLHxicMnzDM00HOw7WHcwkBNpYGSYn12fkFO7o/ImHi/1yG853PqvFVnj2zX19OtzOJXI+NHDXnmGxAbn0iT5vLN+5Zd2tMM5lmFl0NaWnrXxmVDxs6SSK3yh5WVlZ08d43689rth9duP9TUUOvfx7p1S6OWRga8c8WVlJS8iY47fuZKeCRdb7+munzmH23SmE/UkIur25yFsya2b2cqW69eanrmk+evzl25Y9Gl/YFtq4U5MiHoNWlMM1ryq8CwW/e8nB368P30wrW7O/YLfluCnkGzJvQn8/LN+xlfs8YNH9RIq2Huj7x3iUknz19/l5h09sj21i1biLl3krS01GjXgZsFPUHs/IKFq7aqqijb97Vpoqudl8dmKch/+pxy654Xw/t/lMsAiRQYAAAAAP5WCBACAAAAVHcyMjIbV82fOGs5fbM+r4/JKR+TRZxRafaS9QFPrtfjmI3PsnN7loI883Z5gXPmMfc9J/f81btcK9n5Bbfve9++703+qa+nq6qirKRYv7S07HtObmpaBn2Ej9TSiH9vJKtuHelH/iQI4vjZq8fPXuVa+eJVUB8bC+rPenXrrl8+d8aitQJLQgU+maTksmHlfN746F9msKPt0+f+gaF0/ahI7xKTdh86wzBbcmze80d3NNJqKHYZa4A6dWQ2rpo/aPQM+mSrN++9cfZAA2WlihJU4eXQ0tQ4sN3dbcZShnlWH/6BYbxdvtIzs85cvEkusxTkm+hoqzRQYrEU8gsKv3/PTfr0mUmV26K5Hu9KLU0NHW2tzylpNBuy8wvWbt3PtdLvdUhGZlZDDTUGxyQ0vrFMTuu2HQiPjB09bKB+0ybS0lIEQeT+yHvpH3zp+j2JzBzZ0az1jbuP6dM8ffGa922YB57PJBUgJAhikKOt1zM/JjMHZ3/LOXfltgi76NbJTOA8uAAAAABQy2GIUQAAAIAaQEFebu+WlaoqAsZGk6A9m1dwRgcJgpCVrWdva/PHCsDp6q2HAtO8T0oODot6+uL1M9+A8MhYJtFBloL8wP69+H7UpWM7kUpK3Hn4hGtNt87m86aPEy03JpbOm9LBrFXl5V9N1Kkjs3XtIs1KCFpkf8uZtsBdYC/Pv0azpjpL5k6mT5P9LWfTriM0Car2crRrbeK+ZJbEd13ZOLsP8sXOL4iNT3wVGObl4+f3OiT67Tsm0UGLLu0rGnbVqlsHvusFevTkhWgbCmRjJXio6rsPnwwdO7t9D6d+g8db9htmbT9y5YbdEokOEgRh3tZUtA09Hj1lOK41E3XqyGxds7gyniCSjrbWZveFf/2LIwAAAAAgJgQIAQAAAGoGDXXVE/s2CZy4SCIO7VxjbdGJd/30CSMrr0GzIvkFhWcv36qMnGdPGVPRhFg9LDqJdqrJzjdcK0e7OlVSTw4n+z6uznaVkXM11EBZaf9298rI+WNyyo79/Gfl/Cu5ONl1Mm9Dn8bLx+/+Yx+aBFV7OZzsex/bu0HMdyZYCvL0CerISOzfy5HRcbxzu0rEnCljKvpoxGBH0fK86eEpRonotG7ZwrxNS4aJ0zOzJD6WrIa6qpM9/yFM6bHzC168CpJgSVRVlPdsWSnBDDnt2bxCSVHAJJQAAAAAAAgQAgAAANQYzZrqXDq5u5d1t0rdy8n9m7p2NOP7kbJS/e3rllTq3nndfeBdGfONmbdp6ezQt6JPZWRkZk4eLVrOvJ1vpKSkVi6c3q0T/7MqMmuLjsvmCegK9pcx1G96cLu7wLiOsFRVlCeMHirZPKszaWmptctmCzyNKzfuSUnLoElQtZejo1nrm+cOcY7oK5SRQwccEBTgVJRciOXUhRuSyorT+FFDDA34jC9K0mmsNdSpvwjZfkxOiYyJF69oFZohatUqKRNGDRFtQ94O4mIyNtTfs1nCMUKWgvyBbasN+E2vCwAAAADABQFCAAAAgJqkPkth+7rFlTRkZQezVtf+2Uc/AltrUyOB4xPSE7YPom9AqDi746uHZee9W1fVrUs3IbdtT8uRQweIkPlND8+ysjKulXJysvu3uS+cNUGEDPlaNm/K7k0r6tWrJ6kMa4punc1vnDvYpYOIY8DyMjTQu3Rid21rT9fS1Fg2f6rAZO6b95aWltIkqNrLoaxUf9vaxXs2r7S26Mh8F/p6ujvWL1k4a0J6xlf6lJLqg1VUVPzMN0AiWXGaNn7EjImj6NPMn+5mamwoQub3aPuPisO8Tcv1y+dWUuZM6DTW2rFBlDks+XYQF5O1Rce7l46Ido14tWttcvXMPosu7SWSGwAAAAD89RAgBAAAAKhhpKSkxgxzvnX+oARnBNTUUNuxfsmxPRuaN2sqMPGwQfYHt7uLNrhfD8vOV8/sE2qTneuXLpkzSYK9lKZPHLlzw7L6FQwuymne9HGjXZ2Ezf9jckpMXALvemlpqZFDB1w9vbeprraweXIyNNC7cfaAi7OdlJSUOPnUXJoaagd3rFk6b4r4WQ0b7HDqwOaGf3zg3OrAvm8Pgd3vgsOiLly7S5+myi+HtUXHPZtXet48PX+GW0Wz8ZEdE0e5DLh4YteNswfIftifvqTS56xYnyVUSSpSt24dr1tnRrmI8sIBXywF+b1bVk4e5yotLaASkJOT3bt1pVVXoScjvP/Y51dRkRhlpOPQz0bkF01WLJg2fIiDmAXo1b3rhhVzRfhaefzUV8xd89Jt3OjMoa1T3IaJmc/MSaNO7NuordVQQuUCAAAAgL8f3UvTAAAAAFBt6TXR2bBi7sTRQ09fuHFXjHHPVFWUR7kMHDHEUVZWiL5o3TqbX/9n/+bdR718/BhuwlKQnzZhxIghjsKGtWRl6w0b7DDArvcz3wAvHz9xOuIMG+wwdrizVkN1hullZGTmz3Ab5Nh318FTL/2DGW5l0sKApuORoYHe5ZN7Hj15eeeBd3hkLMM8SR3MWjnZ9e5jY1ELOw5ykZaWcnW2s+zS/v7jZzc9HqcL363H3tZm6rhhOo3/xKSe1dayeVNCwqOyv+XQpNl18HSXDu1oxrGsJpdDQ111tKsTGdHPY+dnfs3OyMySk5OVlpJSV1NRU1OpV7cu1yYfk1Po81SW3BCj6moqC2ZOGDPM2euZ3wPP59Fv34mWD0tBforb8MEDbBXk5RhuoqbSYN/WVf5BYVv3HBN4yJTOHdoSPD2hJWjYIPsuHdqu33aQ+dSMqirKG1bO69rRbNu+4+IXwN7WxqpbxxNnr567cod5AfSaNBZ/17zq1JGZ6ja8p1WXW/e9PR4+EWpUbZaC/CDHvgPtete2btAAAAAAID4ECAEAAABqML0mjdcumz17yuig0Ej/oPAnz18xbFg0NNDrY2Nh1bWDUfNmonVEU2mgvG3t4rQZX5+9fH3v8TOa9m6LLu2dHfpYde1ANdCrqijTxyR4KcjL2fWxtutjnfsjzz8oPDr2XWx8QnBYlMANdbS1LLu072Deun1b0wbKSkLtlKTXpDHZvH7hmkdCYhJN8GPwAFtnhz4CB4uTk5N1su/tZN876dOXh97P79z3pg+o6GhrDbDr1b93dx1tocMn6qoNhN2kUqnSloelIF+3DncUh0bjRpqTx7lOGusSER336MlLz6cv6e8rloK8Ref2Fl3MO7VvyzxOrKaqIuztWohsyiYAACAASURBVEnUVARcTTUhL7dKA+U1S2fPXrKePtm5K3fWLZ8jMLc/czmYqM9SqM9SaNZUhyZN9recZy9f0xdPS1NDtAJoqKnwX6+uOmKI44ghjilpGf6BYbHxiTFvE2LjEwVmaGps2K2TWQezVm1bmQj1Mgela0ezG2cP3Lrndd/z2bvEpIq+KVRVlF2d7R372TTi6Ygm8QdBr4nO8X2bQt9EP/MNeOj9nCZza4uOzg62Fp3N69SREfggqDRgWs8rKdafP2P8IEfbE+euRcXE0URPrbp2GDygn2UXcxkZGYaZk5h0Vae0aN5syZxJ86aNfekffOfBE4FvpfSy7ubYr2e3Tmb0w2XzktTYuSRNDTUR3gkAAAAAgOpAind+FAAAAACooUpLyxI/fHyflPw990f2t+/Z33Kyv32vz2KVlJZqqKmoqiirqjRQVVFu1kRH5IbvinzPyc38mp39LedrVva3nB/1WQqNNDUaaqg11FCT4OigXEpLy76kpn3N+pbHzmez83/ksRUU5H/9KlJSZCkpKSor1ldpoKyhrirZnf78+SslLeNzSlpKWgZBEFoN1cnDVFFWFjjcX0WKioq/ZmV/zfqW8TUrM+ublJSUhpqqhrqqhrqquqoK2SYOTPwqKsrO/p6Z9S0r+1vm1+xfRUXKiorKyooNlBQbNFDS1moobPs+iKNSL8eT56/KyojePbqJtrn75n30fa/72lhuXbtI1NIJ4VdR0cfklJycH3lsNpudn5dfUJ+lUFJSoqykqKRYX1GR1VBdTbIRHYIgfuSxv6Smf0lJS8v4qiAvr6mhptlQvaGGmqRGVRVWaWnZp88p377nZH/7/u17roKCvLSUlLqaqrpaAw01VZYwYTaRlZSUpGV8/ZKa/iUlvaCwUENNtaGGmmZDdQ01laqqN3Jy8zKzsjK/Zmd+zc7JzVNRVir/XlBTkfgtAQAAAAC1EAKEAAAAAAAAUJN8+57jOGwKO7+gh2Xn5fOnCvseQGhEzISZy+jTLJ8/dahTf/GKCQAAAAAAUH1JV3UBAAAAAAAAAIRw8tx1cpDMZ74BfQe5bdx5ODZO8ECdZA/gMxdvCowOEgTRway1JEoKAAAAAABQTaEHIQAAAAAAANQYnz6nDBwxjXe9SQuD7hYd27YybmXSgmuozF9FRRkZWVGx8XsOn2EyX5pV1w77tq6SaKkBAAAAAACqF+HmsgYAAAAAAACoQvuOnuO7PjY+MTa+vB+hqoqypoa6qmqDnz9/Jn9OZRIU5DRpjIskSgoAAAAAAFB9IUAIAAAAAAAANUN4ZOyT568EJsv+lpP9LUe0XXTrZNba1Ei0bQEAAAAAAGoKzEEIAAAAAAAANUBZWdmuQ6crdReaGmrrls+p1F0AAAAAAABUBwgQAgAAAAAAQA3wKiA0MjquUnexf7u7mqpKpe4CAAAAAACgOkCAEAAAAAAAAGoAfT3dbp3MKilzVRXlE/s2Guo3raT8AQAAAAAAqhWpsrKyqi4DAAAAAAAAACNPnr/atOuIyFMM8mXVtYP70llqKg0kmCcAAAAAAEB1hgAhAAAAAAAA1CT5BYWPvF94PHoaHhkrZlaGBnpjhzvb9bGWkpKSUOkAAAAAAABqAAQIAQAAAAAAoEZKScvwfOr73C9Q2EghS0HesmsHF2c78zYtK610AAAAAAAA1RcChAAAAAAAAFCzlZSUJH9JfZf4MS7hQ+bX7Nwfebm5P36w83Nzf9StW1dZSVFZqb6ykqKaagPjFgamxoZNdLSlpdFlEAAAAAAAai8ECAEAAAAAAAAAAAAAAABqEemqLgAAAAAAAAAAAAAAAAAA/DkIEAIAAAAAAAAAAAAAAADUIggQAgAAAAAAAAAAAAAAANQiCBACAAAAAAAAAAAAAAAA1CIIEAIAAAAAAAAAAAAAAADUIggQAgAAAAAAAAAAAAAAANQiCBACAAAAAAAAAAAAAAAA1CIIEAIAAAAAAAAAAAAAAADUIggQAgAAAAAAAAAAAAAAANQiCBACAAAAAAAAAAAAAAAA1CIIEAIAAAAAAAAAAAAAAADUIggQAgAAAAAAAAAAAAAAANQiCBACAAAAAAAAAAAAAAAA1CIIEAIAAAAAAAAAAAAAAADUIggQAgAAAAAAAAAAAAAAANQiCBACAAAAAAAAAAAAAAAA1CIIEAIAAAAAAAAAAAAAAADUIggQAgAAAAAAAAAAAAAAANQiCBACAAAAAAAAAAAAAAAA1CIIEAIAAAAAAAAAAAAAAADUIggQAgAAAAAAAAAAAAAAANQiCBACAAAAAAAAAAAAAAAA1CIIEAIAAAAAAAAAAAAAAADUIggQAgAAAAAAAAAAAAAAANQiCBACAAAAAAAAAAAAAAAA1CIIEAIAAAAAAAAAAAAAAADUIggQAgAAAAAAAAAAAAAAANQiCBACAAAAAAAAAAAAAAAA1CIIEAIAAAAAAAAAAAAAAADUIggQAgAAAAAAAAAAAAAAANQidaq6AAAAACCu6OiY7zk5wm7VtGkTncaNK6dEAPA3iI9/l/n1K0EQnTp2qFu3LrmypKSkq6V1YeFPgiBu3bhioK9Pv/5v4vPs+Zx5CwmCaG9udvrksaouTvVy+szZ3Xv3EwRh08N67+4dVV0cIj8//9iJU+/fv7fpYe3sNFBS2ZaVlV25dv3VK/8WhoYTxrvJy8tJKufE9+/Dw98kvv9QXFSsr6/Xr59tA2VlSWVeQ1Xe2f6Twt9EjBk3gVyOCAuq6uIAQRBEcEjoz58/hd2qTetWioqKT32ezZ2/iCAIPb2md29dZ7htJdVIAAAAAGJCgBAAAKDG2713v8+z58JuNXG827KliyqnRADwN9i8dfuLl74EQQT6+6qpqZIrS0tLs7Kyy5dLSqnEFa3/m5QUl7DZbIIgPiR9rOqyVDu/fv0iTw75/yq3dfvO8xcuEQRx/8EjJSWlXj1tJJLtw0eeK1a6EwRxn3j040eeRL5GCwsL9x04dPTYCc6VrUxNESCsjLP955WWlFSThwIorsNHibDVsSMHe/W0KS4uJi9obu4P5ttWUo0EAAAAICYMMQoAAAC11IJFS2ztHG/f8ajqgsDfDLcZQJUIDg6llmNj30oq2/DwN9RyZHS0RPLcs+8AV3RQS0tTXV1dIplXc2fPX7C1c1y3YRPfTyvjbANf33NyhrgMt7VzTEhIrOqy/J0qqUYCAAAAEBN6EAIAANR4vXv3VFRU5FoZExtLtfLY9LDmTWBiYvynClgd/fr1i4zZfEhKquqywF8LtxlAVTE3b/c2Lo5cNjYyklS2bdq0opZNW5qIn2FCQuLxE6fIZWenAQvmzW3USEv8bGuKR4+9EhISFevX5/upxM82VCQuLj4s/A1BEOkZGc2bG1R1cSqds9OAEp6e7pGRUdSX9QBHB96tGjbUEHmPlVQjAQAAAIgJAUIAAIAab5jL0GEuQ7lW+r3yp+a8WbZ00V85H5g40tLSq7oI8PfDbQZQVZYuXqiqqvrhwwfr7la9e/eUVLb2dv3z8vL8Xvm3MDScOGG8+BkGBgWTC8309LZs2lCnTu36F3pCQgLNpxI/21CRlJSUqi7CH7Vj2xbelbv37j9w8DBBECwWa/fObZLdYyXVSAAAAABiql3//AAAAAAgfallbWFQJf6a20xKqqpLACAkFos1b84siWcrJSU1zNVlmKuLpDJMSCzv69+7d8/aFh0sLCykJi7lS+JnGyqSnPy5qovwl6ukGgkAAABATJiDEAAAAGqjL1/+ksgNVGc1/TZTVVUhF5SVlau6LAB/p9TUNHKhcWPtqi7Ln4Y+1tXHp+Tkqi4CAAAAAFSB2vWKIgAAAHApLCz0e+X/9m1cTOzbrKwsHZ3GJibGLU1MunTuJCVMpyE2m/06IDA29m1kdHRGeoahoWFLE+P27c1at/pvAqG3cXG373hISUkNHTJIv1mzgoLCC5cu+fn5Jyd/btxY29HBfshgZ84809PTA4OCo2Ni4+LiS0tLW7QwNDZq0b9/PwV5eb5lKCgofB0QEPs2LjY2Nv5dgq6Ojqlpy362fU2MjbiSpaalUqO6ffnyJSQ0lPq0pUlLeXk5cYpBunX7Tlz8O4IgDJsbDB7kXFGyh48830REEARh27ePWbu21PrMzK8BgYGxb+NiYmJLS0v19JqaGBu1a9eWd96alJTUs+cvEAQhLS29eOF83l14eT8JCQ0jCMLK0sKiW1dyZX5+/r4DhwiC6NalS/fulqWlpY8ee3ncu//+wwdlJeUuXTpNnzpZTk6ONzdKRmZmUFBwbGxcTGzsl5QUYyOjlibGgwc5q6urVbTJ27i4NxGRMTGx0dExSkpKLU1MjI1b9LDuXp/f7FNCJU5ISAwJC3sbG/f+wweCIExNWxq1aNGlc0dNTU2ulGHhbx57ehEE0ayZnuvQIbxZHT95OisriyCIAQ72LX9PeUXeurKysm7jxjRQVs4vKAgJCQ0JDQsMCq5bp46paUuLbl2pc0sS9jarCHkjSUlJdbey7NqlM2+C02fOfvqUrKSsNH3qZFlZWd7TeNfjfmlpqVm7trZ9+1DrS0tLAwODomNjo6JiUlNTGzbUaGli0rVrl7ZtWnNuTp5ANTVVGRkZJqVl7viJU1nZ2e3Nzfr07kUQROL798EhoUFBwYmJ75s3b97SxHiQs5OyshLfbRkWnlN+fv4r/4DY2NjIqOg8NrtpE10TE+NeNjY0IZmw8DchoaEhIWHvP3wwamHYunXr/v36CnuYgUHBL174vktMSE1NM9DXN2phaG5u1qljB76JmT/1XCfw58+frwMC/fz8g4KDNTQ0rKwshrkMrVu3LkEQP3/+9PJ+4uX99MuXLywWy8TEmLMe4CVadcdXXl5eUHBISEhYcEhI/fr127Zp3aVL544d2vNNzLD2pjA5sWlp6WfOniMIQk5Obu7smbyZMPna4lVWVrZr996i4mKCIMa7jW2oUT4nGVWpOg10NDYyKikpiYiMCgkNDQwM/v49x7SlSZs2rQc42lOP0o8fP+LfvSMI4tu3b+SalJRUzlqiTevW5EUkiXB7NG6sPXrkCIIgIiKjzl+4RM5/1trUdPq0KeSdXxl3UVlZWXBIaGzs25jY2JjYtwry8q1bt+rapXNPmx6cyYqLi9PS01/6+ZWfjbw8zmPX0dHRbNiQ5mxThPoNI0JNTi8hITEs/E1MbGx0dGzhz0LTliZt27YZ7OzEeeF4lZSUhL95ExISFhgUnJeX165d2zatW9v27V1RNSvUMe7bfzC/oIAgiDGjRmprN+L6NC4+/tbtuwRBNG3SZPiw8n6ZOTm5qWmpkVHR5Wni4uXkyr9KpKVlOH+ZUKr5L5w/LD8//3VAYFhYeEhYOM2NRF8jffz46d79BwmJ75OSkjQ0NExMjE2Mjfr07iXxL18AAAAALlJlZWVVXQYAAACQPM45CD0f3eM7B2F0dMyceQs/JCXxfmTd3WrzpvVkC51AEZFRs+cuSOb3+vmokcMXL5zPYrEIgvD08p42YzZBEDNnTJsyaYLzENeEhEQqpVm7ttevXqL+vHX7zsLFy3gz1NXV3bp5Q+dOHbnWh4aGzV+0lG8ZFi+cP2XyRHI5Kip64CDu+Ro5Pbp/19CwucjF4Njw7sLFS8llj9s3qFATp/T09G5WNuTytcsXzM3NyOV79x8sX+nOZrN5N5k0cfzc2TM5Q3cRkVHOg8ub+RLjY3g32bh566nT/xAEMWK46/q17uTKrKzsTl0tqdO+eOmKGzdvcW4VGR6soKDA99DKyspu3Ly9bsMm3hKyWKz9e3dZd7fiWv/r16+du/aeOHWaNzctLc2d27Z04Qh9CZv4wKEjBw8d4VvUbVs2crVdnjx9ZtPmbQRB2PSwPnHsMO8mtnaO5G25d/cOB3s7ciXnrWvfv9/kaTN577Qxo0cuX7qYbBcW9jajQRVYTU31td8Laen/jf/x7l1CP/sB5PK+PTvt7fpzbT7WbaKv3yuCIBYumDttymRyZXpGxtJlK1+89OXd3dgxoxbOn0td+gcPH8+aM4/rXBUVFRmbtuU9kIrW80Wd5zehgUePnTh05BhXAi0tzYP797Zr24ZrPfPCU95ERM6Zt5Bv5bBh3RpXlyFcZ7WkpGTrtp0nT5/hSsxisWx6WN+7/4CsAZ49eUxzgD9+/Fi8dIWnlzfvR3b9bVeuWMZVuwr11HOeQN/nT+fMW8gZXCF3sX/v7rS09AmTppJhIU4jhruuXrmcN4YhcnVHOnrsxLYdu8iHa+GCuRMmTeXtHzZj+tQ5s2ZwNXkzrL1JzE9sQEDgiNHjyAsXERbElZjh1xaviu5zzkr15PGj8xYsev7iJde2nTt32rNrOxnlCgwKHj5yDN9dkF75PqOOReTbI/JNyMOHjxYvXcH56ZlTx60sLSrjLkpLS1++cjXvgRMEMcDRYf3a1dQbHgYtWtIc+4Z1a8jwFX2tIuxvGGFrchoFBYV79x84fuIU70empi337d6pp9eUWhMaGjZ02EhyOSTw1Zx5C8lqmavAu3du530rQthjpE7szetXeN+Z8PZ+OmX6TM4a7PSZsxs28ZmNj8T32an+v3BExjkHId8DJ1E3kq6u7pFD+6ZOn83kRqKpkfbsO7D/wCHeHRkbGW3etL5Na7pXFgAAAADEhCFGAQAAaqlbt+8McB7C2eqkq6tLLT9/8bKPrf2biEiB+dy4ect5sAtn44ixkRHVtHr+wqV5CxZzbfL1a9ayFas5o4MEQZiYGFPLi5euoNqpWSyWpUU3S4tuZJ7JyckjRo0NCPxf28qOnXuGDhtJlYHFYqmpqVKfbtuxy8v7Cblcr149gUckcjE42fW3pU7ChUtX+Ka5dv0muWBq2pJqO1u2YtWceQuptjMWi6Wl9V83uOMnTg0cNDQnJ5f5UdD7mpV96fJVruigrq5uRdHBvLy8CZOmLlm2giqhmpoqdaRsNnv8xClcUYGcnNwhriM4A35aWprN9PTI5bS09JFj3CKjokRIzGaznQe7ckYHOQtDXsEFi5aIdGL4u3T5Sn+HgdSdxnmbnT134cLFy+SyULcZvd49e5ILWVnZMTGxXJ96PXlKLZM9Iznl5ORSzdB9evUiF6KiovvY2lMBNmMjo759ejdvbkD++c/Z85OnzqDeIOzfr++9u7f27d0lqcPh5TTIhYoOcp7PtLT0yVOnk11hKEIVnnTt+s1BQ1ypS9be3LxXTxvqmVq5es3h/8cmS0pKJk6exhkd1NXVJe9ANptNRgeZWLHKnQpiNdPT69XTxtS0vOH+wcPHJ0/+L/oozlNvad2TjOtw3vkPHj5+8cKXM67DeW4vXrpy6cpVrnzEqe64+Dx7bu/ozHf0yIOHjmzZtoNzDfPamyTUia2ICF9bzIWFvxk4aCgVJOM8nICAwFXua8llLU3NimKQJBnp8jCqOLeHn98rruggQRDNDQy41kjkLnrs6dW3vwNndJCznHc97u3df5D6k/7YmRDnNwzDmrwiCQmJjgMHcUYHOY80Ojpmxqy5JSUlfLd1GuzKGx0kCzxi1NjS0lJJHSNDvP3Omagpv3AqW3Jysr2js8g3EunipStUdFBNTdW6uxXV0/ptXNyy5asqoeAAAAAA/0GAEAAAoDbKyMyk2oK1tDSvXb4QHxv57MnjmMiw/Xt3k+vZbPYq97UVNXKRMjO/Uo2PamqqZ8+cjI+NvO9xKyIs6NrlC2Qbx5xZM7i2unzlKtnOPsxl6M7tW3ds2zxtyuThruUviT956kPFqxYumBsS+Oqf0yf+OX0i6LWv27jy/hYrVrr/+vWLyvBT8idyYfAgZ6/H9yPCggL9fZ899aReu964eRt5IC1aGD578tjz0b1ePctfbB8x3NXz0T3qv6ZNm4hcDE6ysrKTJ46njvf79+9cCYqLi8mBswiCGD9uLLnw/MXLq9dukMvdrSyfPXkcERbk98InNOj17N+nMSEh8cAhPl3fRJOcnLxy9RqCICwtum3auG7v7h3z587mO5AXSUamTlR0+UBk8+fNCQ7wC/T3jQgLunD2NNVcuHf/Ac5Njh4/ER1d/uL/MFeXQH9fvxc+3p4PQoNeL1owjyAIB3s7akw/oRIfOnKMarmeMnliSOArsjC+z5/a9LAm19++4+Ht/ZSQkKysbIIgevW0uXr5fGxUeKC/7+MHHtSoaLv27MvPzxfqNhOoadMmVP68/XLu3PWglu8/eFRQUMj5qd8rf3KhmZ4eGUUrKSlZvqq864apacv7Hrfue9w6fHDf4wce169eIhtq/V8H3PW4T24oJSVlYmwkwvCSzJFt3xs3rPV9/jTQ3zc+NpK6/bKysjkbWIUtPNmFZenyleTyAEeHoNe+Vy+fP3bkoN8Ln62bN5Lrd+3Z9/HjJ2qTux73qABk7949g177Pnvy2NvzQXhIwLDfdZRAMTGx9x88IpcP7t/j7fng2JGDd29df+7jNd5tbK+eNtOmTqISi//Ut2nd6sa1y2HBr9+9jVq5vLxbj9vEyeTTsWXThvjYyEB/36dej6hY2o6de8h7lSRmdcfXMFeX2zevxsdGJsRF37x+hQoDnDr9T3pGBpWMee0t7ImtiGhfW0JJTk5upqd3/OihsOCAQH/f0KDX9nb9yI+8vZ+Gv4kgCKJJE92w4Ne+z5927tyJOgNUFfHsqSc5XLOYt8fU6bPIqNKqFcv27929YtmShQvmcoZkKOLfRVlZ2eTj2d7c/OL5f+JjI/1e+ESGB1PduE+d/od61rw9H3g+ujdvzizyT2MjI84a0q5/P/ozLOZvGIY1eUVKSkvIiktLS3Pn9q0xkWF+L3zevY1a415e27yNi/O4x/9lguTk5Pbm5mfPnIx6E5oYH+P3wsfSohu11dOnzyR1jAy5DB3s9fi+56N71Df4lk0bqAtx99Z1vlvVlF84f4bINxL5vUa9MzFl8kS/Fz6nThy9fPFceEjA8mWLO3futHnT+so/AgAAAKjVECAEAACojXbs3EMuaGlp3ve4bW5uRo75Jisra9fflmoSio6OuXHzNk0++w+Wv/XMYrE87ty06NaVGjvO3Nzs8sVz8bGRVGMil2NHDm7csNZpoKOz08CFC+aSQ1QVFhau31g+2tXMGdOmTZlMDdAkKyu7cvnS7laWZFDh/oOHVFZr3VctW7ro+tVL27Zs1G/WjFypq6NDxQCSk5OTkz+Xr9fVNdDXV1JSJP9UVVU10Nen/iP7folWDC6uLv8NMnn9/130yBZ5so2SxWKRc5v9+vXLfe0G8tPevXueOHaY6iugrKw0Z9YM91XljdqnTv/D1f9STBPHu/1z+oTr0CEO9nYzpk+1629bUUp5eblz/5xasWzJcx+vGdOmqKiokOu7dOm8bMki6tCo9MmfPx89doJcnj518sb1a6hX7JWVlaZOmRQfG7l39w4REr//8OHI0ePk8vJlixcvnN+gQQPyz0aNtI4ePkAdhfu69YWF/4uciWPmjGmHD+5rb25O3irNmxvs3FF+q7DZ7LdvywOWTG4zhhwcygcOffz/YRWTkj5y3QavAwI4/3zqU34hBjjakws3bt4m468sFuvEscOcEz6ZtWu7f095T8GNmysccU7idHV1Hz/wGOYytFEjLYIgZGRkpkyeSF07X18/KqUIhSdHvCQIomOH9ju2bVZV/a97x5DBzlQk8uDho+RCUVHRjl3ldWPfPr0PH9hHbaKoqLhx/Rqu4S4rEvG7k2vfPr372f43c6FO48Yrli05duQg9eCI/9R37dL5/NnT7dq2kZGRkZaWdhs3hnOM36WLFw4dMoislps2bbJtS3mVyGaz3/3OTSLVHZc5s2ZsXL+mdatWMjIyUlJSbdu0vnb5IvXp2XMXqGWham/mJ5aGOF9bDFl3t7p5/UpPmx5kDaCsrLRtyyaqNnv9uvw5lZGRadRIS1mpfFTJJro6VBWhq6MjqS8Fs3ZtPR96jBs72q6/7Xi3sdOmTOaduE78u4ggCFeXIRvWrTl0YO/li2c7d+pIpldQUFi/djV17EHBIeRCQw0NA319appYeXk5zhqyovlHKeL/hmFYk/Nl1KLFiWOHN65f4/nwntNAR7ITnrS09OiRI6hIsK+fH99trbtb/XP6hEW3ruQ0tFpamqdOHKW6QR88/F+HeEn9TqNXp04d/WbNDPT1qXkHtbUbUReCc6BULjXoF06lEudGIgjiQ9JHMqzOYrEWzp9L1b2KiooT3MZdPHcG44sCAABAZUOAEAAAoNZhs9lUZ5GpUyY1UFbmSmBq2pJqoD9/8RJPBuUKCgqp/j1Tp0ziO2Eh11xTlMGDnKnOVZwCA4PJwZpYLNaMaVN4E0yeVD6xYkzsW2qliorKxPFuZu3aciVu0cKQ6irx8dMngjHRisFFQ0N96JBB5PLpM2e53vE/d768uXzSBDeyeTEgMIgaqGru7Fm8p26Y61CqmfXm7TvMD4deMz29eXNnMU9v1KLFeLexOo0bc62nGpSzsrLz8vLKy3mrvJwsFos6aZw4D1OoxLd+J1ZTUx05fBhvypkzppHLaWnp/q8DCEnQ1dWdN4f70hgbGVGDoH76HcmQIGp00OjoGM6uV9TQi2PHjCIXOCdmKy4u9vQqT9C7V/k4pZcul48FN3vWdHIiNE7m5mbtzc3JK5idnS3xA+Fr0YK5VOM4xa5/eUw0IfG/ZmJhC89ms2/fKe9huWzpYt4Haszo8vP2JiKCXHjp60cNjDl71gyuuQkJgjBv147JQRUVFZEL794lcHXr5CL+Uz9i+DCu0Rp72vSglgc5O3F+ZGxkRDXKU/uVSHXHqWuXzrN5euBpazdydiqfL/MlR9xXqNqb+YmtiDhfW8xt3riOejmAJCcnZ//7rmb+ZSSRL4WtWzYKfCNB/LuIPG/Dh7nY9u3D9eDIysr26d2bXOY7l56wxP8NI35NbtPDepirC+9AqX16l1fXiYnv+W549PABMjRIAV6KPgAAIABJREFUkZGRmTjejVyOiIz68eOHBH+nVZ6a8gunUol/IxUXl9dpbDY7uRJ+PwAAAAAIhAAhAABArcM5nt4ABwe+aYYMLm/3iY6O4ZoUh0INDUd2x2FeABaLtWIZ/5nhEt+Xt6np6TWNjokNC3/D9d/37zlkgvj4d0z21bRp+fvvGRmZzEsoqWKMGTWSXEhLS3/2/AVn/lTIysVlCLnw4UN5y6mpaUsTYyOezIh69epR10WC79dv3LBWTk6OQUIBNDX/a2rPyCw/2wkJCeTCYGcnRUXFCjYlREgcTyUe5My3/EYtWlDdgKhzW0maNClvLk9P5zPvmpiaNzegWhs5e9R5/J4Pb/7c2WQ79f0Hj4qLi8mVIaFhZL8ELS1NcoLP0tLSiMjyDlgsBRbvXR0W/obKXCLt+ExISfH59wjZm5B8cMg5BUUoPOdFLyku5k1PjU+bkJBInrf3Hz6Qa4yNjPg+gwyZmphQJRniMtzL+wkV2eJSGU+91u9eWVzz+ZGaUvfq72CzxGvdiuqTHtbdyYWkpI9M8uGtvZmf2IqI/LUlHJ4uegRBaDfWJhf4zs7Il/i3x7w5swz09RmX+z/C3kX0tH8/0RKpISX1G4aX+DU51SfyS0oK3wRUFzFO1Cij1O1ReccoQTXiF06VYH4jcT6ejk6DL1y8XIOmYAQAAIC/Q52qLgAAAAD8aVTTP4vFqmggr8Yc/cPS0tK1tRvxpuFswOLt0ENDVVW1ov1SrULR0TFDXIbTZMLZtYhLTk5uenp6ekZGampaRnp58yUZZmBIIsUgCKJlS5POnTsFBASSo+pRnSYvX7lGLjgNdKS6sFBZ6VU8QR3V6hQdE8P8cOjRjCEmUGlpaXb2t/T09NS09Ax+LcXx78rDeM2a6QnMTajEcXHlsQpyLD6+DPT1yUEpE99/EJihOMgeEgRBlJZVSiuto6P9vv0HCYLwfuJDTuiV/PkzeWjOTgPq168/cIDDxUtX2Gx2cHBIly6dCYKgmmsHDnAkRxRMTU2jMiQnnqTx+XMK2SGvSlDnk3xypaSkRCg850UfOmwk/Sbp6RmNG2tTdZq+vuA7kEbbtm26W1mScxm+jYubOn0Wi8Wyt+s30NGhY8cOnN1NKuOpr1uvPAJBjRnI6b97tbS8SpRUdSeQxu+vCTabzWazeXtfCay9mZ/Yioj8tSU+6nIwj+WIf3voixQdFOEu4lVQUJiRkZGWlpaalk7F74X6Iq6IpH7D8BKtJi8uLs7IyCRv2rDwcHJlYeFP5jmQ802SUlPTDA2bV94xSlCN+IVTJZjfSHXr1p0/b86u3XvJinH1mnWr16zr1dNmgKN9r549uTqbAgAAAFQGBAgBAABqnY+fykd5orrp8OJsrvr85Qvfhqfkz+WjIVHdm8TH2R2Bt9cCp65dOnP+WVZW5uv36tFjL49798mOU1zKCCHaJUUuBq8JbmPJ5jNfv1cJCYnNmxvkFxRcuVo+e9CokSOolO9/xzOoLgi8qBbttLT04uLiOnWq5rdcYWHho8dejz29PP8/Kx6FagWmYg8aDNrimScuKSmhBiujaeWnOjX+sf5wlaRPr55kgNDTy7uwsFBOTu7Jk/L5Bfv17UtOyXbx0hWCILyf+pABwoePPMu3/T3kXRbHqKH0d3XdunWZxGj/JBEKn/k1k+EmKioq5FyDn37XjVpaFdaNTMjIyOzZtWPj5q3UIIFsNvvqtRtXr91o3txg84Z15uZm5Prq8NRLsLqj16DBf8Mkfv2aRQUImdfezE9sRSrja6vyVIfbQ1hx8fEeHg8ePfbkW+vSBBSZk9RvGDHl5+c/eepz89YdMmItjrp167JYLPLmJyuuanKMAv2Vv3D+sGlTJslIS2/fuZta8+Spz5OnPiwWa/XK5ZXY0RkAAACAIBAgBAAAqI1UVRqQC9REcbzy2fnUckVvr1OT4lDjSYpPV7e8N9gEt3HLly1muFVu7o/pM2dzzTOnpqbaWFs78f0Hvi3OlVEMvnpYd9fV1SWjWRcuXXZfteLBg0dkkdq0bsU585aaWnljH811oY6FxWJVVdtZfPy7UWPdsrL+N0edrq5uQw2NkNBQrsRqaqpkSnJeJXrME8vIyFDNqXkVX98fP8rPpJqqisC9V2cmJsZaWprk0HNBwSFWlhb3fo8vamHRjSCIzp06kifkrse95UsXv3//gbzl1NRU27ZpTaZsxBH08nx4r0GDBlV0NKIQofDUNJnGRkb3PW4x2Yvc7+4aP38K0fuHL2VlpW1bNk6eOP72HY9bd+5Qo0omJCQOHTby9s2rrVu1qiZPvQSrO3q5uf8916q/H0lha2+GJ7YilfG1VXmqw+3BXGlp6dZtO0+cOs25ksVi6erofM/5znxgVYEk9RtGHA8ePp41Zx7nGhaL1VBDQ1ZWlhq7mLni4mLqOqqrq1eTY2Ti7/uF8+dJS0tPnTJpyOBB9+4/uHPXgxpMm81mL1m2orCwcNRIuo7dAAAAAGLCHIQAAAC1DtVzIi0tvaSkhG8azj4lTXT5jwdF5cNms/MLCiRSNmo6FuZj2eXk5A4fOYZsX2axWHNnz7x+9VJ8bGSgv++tG1c7tC8fJlGK4DMplASLUREZGZkJ48eSy2fPXcjN/XH2/AXyz/FuYzlTNjco32lKSmpFuVEDLRobiT5BmjhiYmKHuI4gw3jNmxuscV/p9fh+YnzMsyePr14+TyWT+j0Fl2nL8lkAP3/5IjBzoRK3NDEmF9LS0ipKk/J7FigDAwOuj6pkxiaRSUlJDRzgSC77PHue9nvIvgGODuQQZPXq1etn25cgiKys7Mio6Gcv/htfVFq6/Ae/hoY61WcriWOgxRpBhMJTY+e+jYurqKLj0kS3fIA7SQUzmjc3WLhgrt8Ln9s3r5Jjw5IOHT5WnqAaPPUSrO7oUdNxsVgscpJRkWtvgSe2IpXxtVV5qsPtwdzS5auo6ODIEcNOnTga+SYkIizovsetcWNGk+ulpYX4Iq6IpH7DiOzGzVtUdNC6u9WuHdsCXr2MCAvy9nywYb2AAZD5ysz8Si3r6DSWyDFKZDRXgf6yXzhVSF1dbdzY0bduXH3h4z139kxq/bYdu2rWzxUAAACocRAgBAAAqHU455yjZgbiQo4ZRRCElpZmRZOgcOYTFBQskbJRAxsGh4Tm5OQy2eSpjw/5wr6uru6j+3dnzZxu1q4tk8moJFsMGs4DB1DLGzZtIaeOU1NTte3bhzOZvn4zciEs/E1Fr9j7vfInFwybl0e8FBQUqE/FL6pAZ86eJ9/x79un9+0b10aPHKHfrBlN+ua/y/mSwSBsQiVu0cKQXPD1e8U3AZvNDgkNI5epxlYqyJSezmfGxOqMGin0safXk6fl44va9belEvTv15dcePLUx9v7KddWpBaGzckFX1+/P1JqSRK28E2b/FdBBYdw923lS7tR+Rh90TExDGOKDLVu1Wrblo2LF84n/6T62or21EuWZKs7GtSjSkX3xa+9KzqxFamMr63KUx1uD4Y+fUqmxn29dOHsujWrrbtbKcjLV8a+JPUbRjRlZWVbt+8klxcvnH/qxNGBAxw4R/sUwevfpaW6Pot8jNR3XHZ2Nt+tJO5v+oVTHTRurD1r5vRrl8vjrGw2mxr7GgAAAKAyIEAIAABQ6zRs2JCKlxw7fpI3QWFh4aEj5f0wultZVpSPqqqq7u8ON/sPHJJI2VqZmpLNW2w2++jxE0w2oVqUBjsP5J2DJy9PwPiihQWFEikGjfr1608c70YuU02oY0ePqlevHmeytm3bkAvkrFq8+cTExFIt7B07diAXGmtr/5cgNpZrk/z8/Mjfw1VJxLPnz3+XfyRXq2sBvzNp1q4duRARGfVSUFxHqMSdO3UkF/xfB0RG8TnGGzdvU+OVUQOd6eqUj6b4Ni6OdyDTT5+SqR4MksX3NiM7MqanpxcVFQnMoW2b1uT8cGlp6afPnCVXWlpYUAmo+eFu3LwVFBxCthS3//+UbNbdrciF3Xv314ghFjkJW3h5ebmOHdqTy1u2bmfSCYNqwk5LS+edV6ygoPDy1WvCF/w/Nj2syQUFhfJGfNGeesmSbHVHEATfnnmpqWnXrt8kl3va9CAXxKy9KbwntiKV8bVVearD7cFQ4O9oa8cO7TvxlERgZ02+Xx8VkdRvGNF8/PiJGmF77JhRXJ8WCDpS3uGLS0tLDx46Qi53t7KUlZUV5xipvndRUdFcm5SVlQULiqCTOQtMw6l6/sJhs9lcA6HXLObmZlSsV05OkhFuAAAAAC4IEAIAANQ6UlJS7qtXkMtPnvrs2LmHs6/Mjx8/Zs9dQEVW5s6ZRZOV+6rl5EJY+Ju16zZyxjmKior2HzjUqavlU59nzMumrKxE9QU5euzEqdP/cDXrh7+JGOs20dbOkRpcS7G+IrmQkvq/cat+/fq1YdMWqkNJGfG/4baorajOWPn5+VSeIhSD3qiRw7jWuAwdwrVGp3Hj6VMnk8sbN299+MiT89PE9++nz5pLLpuatnR0sCOX5eXltLQ0yeXde/ZztsMmf/481HUkGSuSFCXF8omO0v7fA+/r1yy3CZOoP6nBzWz79m7TunxKsAWLlkT8vy0v9m2c82CX8ROn/Pr1S9jE/fvZUmG/WXMWxMXHcyb2fuKzdv1GcnnSxPFNmpSHBKgmV4Ig9h04xDkIm98rf4eBg0SYsZIG/W2Wk5Pb32FgNyub9p26VdRHhCItLU2NMvohKYkgCAd7O84YrZyc3ABHB87hMQcOcODqjDVhghsZZSQIYsrUGR//P1Znfn7+oSPHOnW1PH7ilHjHXSlEKLz76pXkQkRk1JJlK7m6raSmpi1bsapTV0tqAjxLi25U9Gjt+k3vP3ygEufk5E6YPNXn2XMmRc3Ozt62Yxd10Snev9dQt65oT71kSby6CwgIXLdhE+fXSnp6+vSZs8llFotFTaklbO3N/MTSkPjXVuWpDrcHQ1QwIy09g6v37a3bd/ftP0gul5b+74u4fv365MLbuDjy7iopKfkoaAxhCf6GEYEC678+bZlfv3J+FBUVPXf+QvrNx7pN/J6TQ/358+fP5StXk1U6QRDz5pY/JiIfo+HvntYnTp0hpwYkFRQUzp2/iKZup77cfX3Lo3QZmZkMvxCr2y+cK9eutzHr2Kmr5aw586r5+JwlJSVHj504f+ES+cOGEhQcQp58FotFnQEAAACAylBbZn4GAAAATlaWFn379Pb08iYI4vDRYz7PnltadFNTU/2SkuL95CkVYFi6eKFmw4Y0+dj0sO5uZUl2tTl7/sKr16979bRpoqvz5UvKzdt3yHyWLl8Z6C94xEjK8GEuly5fJced27h56+27Hl07d9bRbZyeluH36hUVNDpy9Lj7qhVkWxK55uq1Gzo6Oj26W0nLyLx58+bEyTNUoxsvalS9D0lJI0aPa9e2zfUbNwsLf/p4PyaDEMIWg56urm4/276PHpe3iA1ydtLQUOdNNm3q5CvXrpOvvc+cPbe7lSU54N6HpKRbt+9Syda6r+IM/MyaOX3FSndyeD07B6dBTgNkZGQCg4IrGntTHO3atSHP6uo16wiCMDZuUVj48+VL3+MnT/NtSZSRkVm1YtnQYSPJ6fGcB7s4DXRsZWpaVlYWFh7+4OFjMtn9Bw+dnQYKlVhaWnqt+6oBzkMIgkhOTrZzcBrg6GCg34yMBlEhBBaLNX3qFKo82tqNBjg63PW4RxDEqdP/RMfEWltZ5uTm+vq9IgdGkyz628z/9euEhESyr8Ox4ycPH9xHn1vvXj1Pnf6H+pNzfFFS/359yUMj9e3TmyuBgrz8WvfVM2fPJc9Szz79nAY6GrVoISUllfj+PdXBa8u2HQMGONA/+3+eCIU3MTYaM2okOSfWzVu3X/n797TpYaCvn5eXx3mTrFq91tvzAXm7zpoxdfHSFeRN5TTIpU/vnqqqqrGxb6kgIhNr12+6d/8BQRCdO3dyHTqkadMmbDb7safXhYuXyQQuQwdTiUV76iVLstUdQRD/nD0fHBJqadGtUSOt+Ph3d+7eo+qHJYsWUMMGClt7C3ViK1IZX1uVpzrcHkyYGJd3XEtOTp6/cMmE8ePqyMh8Sk6+cvU6b2dcStPfr24QBDFy1Dhb2z4vff2io2POnjlp0a0rze4k9RtGBA01NNTUVMkrMmPW3CWLFqipqWZnf3v46PHFS1cEbh4UHGLv6NS7V8/mzQ1SUlKf+jwjvwXIKp16RUbkYxw3ZtTlK1fJr5UevWwnjndT11CPiIh4/sKXPtpn0FyffOjOnr/wPSdHSUnx/IVL7c3NL188S01kW5Hq9gtn46at5MKDh4/dxo4x/39P+mrl2vUb23bsIgO6E8aPNTYykpKSCgkJPXj4KJlg0gS3qi4jAAAA/OUQIAQAAKildu7Yun37LrLp/G1cHNk0zMl99YpRI4YLzGf3zm3LVqwm27ASEhKppi5Se3PzXTu3ClUwGRmZf06fWLHanZxHLTo6hjdyY93dav7vF+3t7fofP3mK3O+u3Xt37d5LJWump2dn148avIuTvV3/Hbv2kO1lAQGB1Fw+V65dJ19yF7YYAo0cMYxqPhs9agTfNAoKCjevX1m8dAVZnhcvfbmaVtXUVHfv3M7VS2bIIOfr12+SXdCSk5P3/u6rQY725uQ0gGxck4hpUyeTDXlsNnvBoiWcH/Wz7SstLUWF8Sjm5maHDuxdtGQ5ebZv3/G4fceDM8Fa91VOvycxEiqxqWnLSxfOzluwiGwq5YyNkdqbm2/fuklJSZFz5bw5s/xevSLbKDkvPUEQY0aPlJKS+ufseTHO0P/Q32acbaBMBkPr0N6cxWJRjbxWPEPnWVr+N+Ioi8Xq0rkTbyb9+/Xdu3vH8pXu1BnmTXP44L7qFh0kiVD4ZUsXKSkrHTh4mOxbyduCr6ure+TwAepPp4EDoqJiyIqRzWZz7qJN61bb/2XvzuNi6v44gJ8WLYaiLFFDiDZrPLITES3ITnZK9p0I2bLv2WV9eCwPsq/ZeWi3tT2/0iZa1COZFpr6/XFyXDPTNNUk6vN++eN058y9Z+6cc+91vnPOWb/Wytqu0HKyqUpFKhg1c/pUNh9ssVu9fMn3cte1S+fXwcESd7LCbanDiO+DjYp69S7SiZVC7ret0vMrVA9Z6OvXHzJ4IJ068srVazSOS/F4vPnzZi9fsVr8XcbGRq3NzOhQ0ajo6L37DtDte/bulx4glOMzTDEsdllIb3/BwSGjx07gvjR3zqwjR48VdD3n8/m1atYMCAw8fuKkyEuDBw1Y4bZUZGMxPmPjxgaTnCbu258/V7DnocPsJW1trc0b148d70gkGT3SgS1ey26mAYGBgUHP27Q2K/hk5Ptln3By5LqarNxpa2vT23pcXJx4G2nfznzK5EkFvBUAAABAPjDFKAAAQPlEl7GRorK6utsy12NHDlp068om7qMdWH3tbG/duDJ6pEOhPxsnhFSrVm3Prh1r3Vdx+3R4PN4fbVq7LJx/8sRRPV1dkbfwKlcW280PatTQ3rd75+aN683N27KJy+hue/W0PHLowCHPfVWr5kd91NXVDnvut7Huzd2Djk5tlwXzrl72chg+lO5B+cfRFdraWocP7mPTCdIty92WTHL83tlXpGIUKvHbnJytWrbgjhIQoaere/zooRVuS0UOamRoOH7cmNs3rol3myorK588cWyKsxM3f6uWLebNnXX82GGLbl25H1Oc6o8LBUnXqGHDv0+dYON+qObNmu7y2LbLY5t9/375RVL64VdoVr163rx22b5/X+5MWXw+39bG+vqViyMdhisoKBQvc9s/2ty8dtnJcYJIkf5o03rJYpeTJ47Wr19P5CPUq8e/fuWSyPC7rl0679i22W2pq9W3UXdqqhJW/Sm06oqQXs26de3S26rXtw8o2kzEKSkp9etrS9POkxwrq6uLZKisrj5h3Fia7m3Vq1KlShL3Y2tjffvm1SGDB3InXCWEGBg0mjVjmr/PE/GhhwUp6DpT6PWHk7OQ6sf9uotReBUVldkzp58/e9rSsjv3QkdHoa11X3Xr+mWDRg3ZRiUlJbdlruvWrGZLedHqNGf2zL+OHzMwaMSWQpRi5vSpt25csbHuLXLE1mZmp08enzF9qkj+YrR6RsoJlL4gn5raD9+RHC93UyZPOn/2tHUfK7YfupPTJ4+zyUWpol69i3piJX7S4t22JCqw/hflolq5cn5DVi1gpbFSqh4yZpO9Fi1b4jp1ijP3VR6PN3qkw51b10c5jKCnWuSipKCgsH3rJpFlAkePctjlsZ2IETnbJXmGKeqVXET/fnYb1rmLVEJLy+6XL5yb4uw0eNBAibWOEDJ65Iijhz3HjxvDvSm0b2e+bs3qdWtWi1en4n3GBfPmbN+6iXsDbaCvP3qkw/Urlzp36ljQFaxjh/Zr3FdyK5iBQaMjhw7IEh381Z5w2INcazOzUo2dF68icetGT8seD+97jx83RuSOxufzN21Ye/SwZ9mODAYAAICKQIG78goAAABUWKmpqUnJyXw9PW4XTFEJhcKo6Bh1NbW6deuIdOsXW15e3vv3CZ/SP1XTrFazZg0pfSUCgSDu7ducrzna2to6OrVlKUBubm5SUvLHtI/aWtoSZ8QqRjEKOlAf2350nIrH9q3ik0MWdNB3795nZmXVr8cvKNgjIiEhMflDskEjA+7qdKUhNTX1bfw7FZVKtWvVql69epHemJScXK9ePfH4Vgkz5+TkxMTGqqio6NatK0tsWygUxsTGfvnypbGBQan2wUmvZgtcXM+d99qwzn3gAPvSK0NBMjIzY2NjVVRUamjXEBlq+esrRuH/+++/9+8TqmpUraFdo9A2Qvdfv179krSmj2lpMTGx1atV09WtK0s1K0arl7sSXu64+3n79i1RUODr6UnPWYyrd1FPbEFK47ZVen6F6iHdly9f3sbHf/qUrlW9et26dZSVZZqy6OPHj4lJSepq6np6urJcvcXJ5RmmSIRCYWJiUmJSkoZG1To6OpWLGCtKSUn977//GjTQl732FvUzpqV9iomN1dOtq6WlJUN2Qm+jb9/Gf/nypW7dOmyFyEL9gk84cW/fZmRkGDRq9BsF2DIzs6JjYpQUFfl8fmk/wgEAAAAwCBACAAAAlLoHDx+NnziJDiB78vDer9mxCz9fWHi4jZ09j8d7+vj+T+vXBgAAkBc84QAAAAD8vjDFKAAAAECp27N3P02MGzsafWdAff782XnKDEKI+6rliA4CAMDvCE84AAAAAL8vBAgBAAAAStfzFy/9/ANoesigQWVdHPhVvI2Pj4uLc5w43s7WpqzLAgAAUGR4wgEAAAD4rcm0JAAAAAAAFNvBQ4dpYsjggdrasi4FBOWekaGh17kzzZqalnVBAAAAigNPOAAAAAC/NaxBCAAAAFC6Dh0+mpuXq6aqZmtrXU1Ts6yLAwAAACAHeMIBAAAA+K0hQAgAAAAAAAAAAAAAAABQgWANQgAAAAAAAAAAAAAAAIAKBAFCAAAAAAAAAAAAAAAAgAoEAUIAAAAAAAAAAAAAAACACgQBQgAAAAAAAAAAAAAAAIAKBAFCAAAAAAAAAAAAAAAAgAoEAUIAAAAAAAAAAAAAAACACgQBQgAAAAAAAAAAAAAAAIAKBAFCAAAAAAAAAAAAAAAAgAoEAUIAAAAAAAAAAAAAAACACgQBQgAAAAAAAAAAAAAAAIAKBAFCAAAAAAAAAAAAAAAAgAoEAUIAAAAAAAAAAAAAAACACgQBQgAAAAAAAAAAAAAAAIAKBAFCAAAAAAAAAAAAAAAAgAoEAUIAAAAAAAAAAAAAAACACgQBQgAAAAAAAAAAAAAAAIAKBAFCAAAAAAAAAAAAAAAAgApEuawLAAAAAPIRFxe33/NQVlb2sKGDWpuZyWu32dnZ/zx9FhH55u3bt7Vr127dqqW5eVt57fz3VUpn+xeRkZGx3/PQmzdvLLp1te/fj20XCoXtO3XNysomhHidO92oYUP20vSZsx88fEwIcVu6eOAAeyk7nzx1xpN/nhJCFsybM9JheCl/lN/Yx48fu1j0JISoqanevnFNU1OjrEv0WxoybGRYeDghZOP6NVa9epZ1cSquvLy803+f/eefp00aN54wfpy6ulpZl+i3ERMTe+u2d+SbNxERke8TEqpUqdKhfTu3pa5lXa7S9eyZz9nzXlWrVHVynFCnjk5ZF+d3VdCzyrHjJzZt3kYIsbHuvdZ9VZmWsRRJuezI/tAiC7k8E548dWbt+o2EEItuXbdv3VTCIgEAAADICAFCAACA8iAvL2/chElR0dGEkPNeF/55fL92rVol323Q8xfzFyyiu6V6dLdAgLCUzvavY/3GzcdPnCSEXL12Q0NDo0d3C7o9Nzc3JSU1Py3M5b4lOfmDQCAghHz58lX6zrOysmjO7C/ZpfYJyoO8vDx6ogQCQWZmJgKExZP2KY2exq9fC6mZUKqu37jlusSNEHKV3EhP/7zIZX5Zl+g3kJmZ5Xnw0LYdO3/cnFhW5flp4uPfOYweR9O+fv5XL3uVdYl+S1KeVdI+prH7S1kXsxRJuezI/tBSKHk9E3769KkifCkAAADwq8EUowAAAOVBWloaN4wXHR1T8n0mJiYOGjKcu1sej2dsbFTyPf/6PqalDRoy3MraLiIiUvzV0jjbvxR//0CWDg0NK9OygKyOHT9hZW23cvWasi4IVFD+AYE2dvZDho3MyckRf/X58xcs/So4+OcW7Xe1cNFibnSwVcsWfe1sx48bM27s6DItlxxIry2hYeEsHRYenp2NX5MUR7l/VimUHC87c+cvtLK2u3DxsvhLv9d5lt70AAAAoALCCEIAAIDyQFNTk8/nx8XF0T/169cr+T43bNpCEzweb8vG9V26dFJRUSn5bn8L4eH/Bj1/QQhJTEoyMGgk8mppnO1fiplZSzorIyHEyNCwrIsDMrlx83brFN+FAAAgAElEQVRERGTVKlXKuiBQQT175kOvG1+/5igri/43s3nzpixtamL800v3+7ntfefqtRs07TBi2LSpk2vVrFnWhZIb6bXF0LAxSxsYNFJVVf3pBSwPyv2zSqHkddn58uULDQ1yA4HM73WepTc9AAAAqIDwQAAAAFAeKCgoHDvseeDgoczMzGFDh9SuXbvk+7ztfZcmVq1ws7TsXvId/kbevXsn5dXSONu/FJcF87S0tKKiorp26VzRvvrfV0RERFkXASq02Li3Ul61se7z+fPnJ/88bdK48cQJ439iuX5Xu/fso4ke3S1WLl9W1sWRM+m1ha+n9+fRQ+fOe2lU1XCciNpSTOX+WaVQ8rrsJCRIm9f39zrP0pseAAAAVEAIEAIAAJQT9erxV61wk9fePnxIYYugdOvaRV67/V3EFdaBIt+z/avh8XizZ04v61JAEWRlZbHlIQHKhPSJ9RQUFIYNHTJs6JCfWKLfmFAofPnqNU3PnD61rIsjf4VOw9ihfbsO7dv9rOKUW+X7WaVQ8rrsxEv90djvdZ5/8RlQAQAA4OfDGoQAAAAgQfKHDyytqalRpmUpA7HfpooC+C1IH98A8BNEx0iYfA+KhzuKvUED/TItS6lAbYHfSHx8IQHC3wiaHgAAAIjACEIAAIBywtfP/+69+4QQwyZN7Pv3Zdtve98JCAzSqV171MgRSkpKyckf/PwD/AMCgoKe6+joNDU1sbLqZdCoIcsfFh4uEAiiovJ/Yszj8QICA9mrNbRr1P9xeRVfP//g4JDQsPDY2Njq1aubGBsZGxl16Ni+srq6SAnDwsMvXLysoKAweNCAhg0aZGZmnTh58smTp3Fxb3V169rZ2gwaaM+yqaqqjhs7upqmZkxM7KPHTx49efJf6sfGBo3GjB7ZpEn+6kRvoqLOnvMKDQ1LSU1t0tjAyMhw8MCBBYUzk5KT/fz8Q0PDQ0JD49+9MzI0NDE2GjjAvkYNbW62tLRP7xPev3odTP8MD/9XTS1/9SNFRaVWLVtIP9tMRERkQFBQWGj4m6goQoipqYlhkybtzP8Qn3sqIyNjx87dhJD+/eyMDA3pwJGAwEBfX/+PH9NMTYybN2/W185GSUmpgG+eJCYlHT5yjBBShcebMH6curqaaGEi35w6fUYoFFr1tGzXzlzk1by8vCNH/0xMSlJUVHR2ctTQqJqQkHjk2J+EEDU1tVkzphV0XLlITEry8/P38w94+fJVvXr1WjRv1t2im75+/YLyh4WHP3/xMjg4JCoqWk1NzcTEuHmzZj26d1NQUJB+oHfv3h87foIQoqiouGDeHPEMtKUQQjp36tixQ3vuS+np6V4XL4WH/fu/iEgVlUrGxkZNGjfu2bNHNU1N8f1kZGT889QnNDT01evgzwJB/Xp8Y2OjHhYWurp1CypbTEzsUx+fwMDnL16+5OvpNWvWtEvnTjKuY5STk5OQmPjoyZP8on7+zG2wenp6tWvV4ubPysp68s/TsLDwkNCwlJQUPT1dY2MjE2PjduZtCz2HjK+f/8OHj/8XGfH+fUKjhg0NmzQ2M2vV9o82EjMnJib6+vkHh4SGh/+bm5vbpEljI8Mmffr0Fr9EHPA8lJKa2tqsVU/LHoSQyDdv/AMC/fz8IyPfGBgYmBgbDbDvX1AD/5iW9vjxk+cvXgYEBFaqpNKyRXMzs5ZWvXrK+IlYM+zQrl2XLp1yc3Nv3Lx9+crVN1FRmhqa7dq1neLspKb2vWXl5ub6+voFh4a+fh3y/v37WrVqmhgbt2/frkXzZhL3HxMTe+XqtYjIN9HR0TVr1jQ2NjI2Muxp2UNiu5a9CtFKq6qq6uzkqK6ulpCQePjIsaDnL9I+pTVs0GD8uDH+AQFpaZ8UFRV7W/Vq3qyp+LHoYLWDh46k/vefoqLiJMeJ3DMcEREZ9PxFSGhocHBoVnaWqYlxixbNB9r3r1SpEvdUfEhJiYuLY2NYA4OC2GWzWrVqjRo2pNeZLVu3f83JIYSMHzdG4nJ6Rb2bsNtERmZmQEBgQGCQr59/JWVlU1OTjh3ai7Ri6QQCwTMf39DQsFfBwUmJSY0bNzYxNmrdulWzphJOWpEaUQlvwYSQ0LCwgoqtqaHJXSW30PrwR5vW4kUKev7in6fPnvzzVFFBoUWL5hPGjdHS0qJfma+f/6XLVyMjI3Nz8wwNG7ds0bx/v74F3YzkWFsIIWfPeUVERhJCeln2MDNrJX442WtLyW+y4juUsYWW7fOMLM8qEhXpCi8d96qenZ39zMf3yZOnfv7+NWvW7Ny547Ahg2n1yM7Ovu1957b33fj4eB6PZ2xsJH4j5pKlssl42ZEuMzPrfcJ7Xz9/+md8fDz3DmtibEKfuAo9zwkJif4BASGhYcHBIdnZ2cbGRsZGRh07tJfyYCAi6PkL7zt3hUKhgoLCJKeJ3McPWZ6LZG96RX3mAQAAgN+dQl5eXlmXAQAAAOTAY+fubTt2EkJsrHvv2LaFbV+9Zh2NHh07cjA9PX3q9Fni712/1p0G5wghI0aN9fHxLegoIx2Gr3BbStPJyR+WuC33/rZUIRefz9+6eQMLp1G3bntPnjqDEDJt6uRJjhPsBw2NiIhkr7Zq2eLsmZPcbNOnTWnUsMGsOfNFdn7lkpexkeGx4ydWrHQXeUlbW2vvLg+RzsS8vLxz5y+sXL2GTZrK8Hg8j+1bunbpTP88fOTY6jXrCvrsPB7vZZAfTRd0tgkhX7582bl7767deyXuZMM694ED7LlbUlJS27bvRM/AwQP7Zs+d/+DhI5F3mZu33bZlY0F9W1++fGlj3pF+urXuq4YMHiiSYcasOVev3aDfy/07N0VeDQwMGjzMgaZfvwhUV1fz8fEdMWqsyEcmhHz9+tXINP87vXH1UuPGBuylYSNG+fkHEEJWr1w+fJi06bzGTXB6+OgxIWTxogU6tWvPmDVXPM+eXTt69bQU2Zidnb11u8cBz0Pi+Tt17LB61XK+np6U47589dp+YH7BIv8NEc/gvnb9ocNHCSEjhg/lzhV289bt+QsXS6w8a1avsLHuw+2De/Hy1czZ8+IkjUBdvXL50CGDFBVFJ/C4fOWqeCUnhDiMGHbir1M0/eThPR0dycsaNWpiUvCHFv06goNDZs6eFxUtYQBB1y6d165ZJRJNFJeenr7AxfXWbW/xl6z7WC1xXSSyB68LF+ctWCSemc/nr1+72rztH9yNVtZ29JrwItB3337P3Xv3i7xLR6f2Lo/tLVs0F9keEhLq6DxFfBhlr56WT/55Sr+77Vs32dpYF/S5uM3w7JmTC1xcz5334mZ49dy/cuXKNJ2YlOSyaAmtxiLGjB45b84slpPatmOnx87d4pmNDA3XrlklErcrUhXiXt5r1NC2tu3PzT91inN6evqxP0/QE3739nXx6kcIuXrtOm2GPB7P9+kjGgfNzMza7rFTYnMzNTXZsXUzi+I7OU+9c/eeeDaKXSGlXD1KeDex6dPbafI08TM2epTDYpcFIgEDiV6+ej1j1lyJ53ykw/AF8+bweDy2paiNSL63YBGWlt337d4p8VgS68OcWTO42Q577r/34AGtIYyOTu3bN68pKSq6LnXzunBJ5Iitzcw8dmwR+Yxyry3S7ylFrS0lv8lyFamFluHzDFXQs0pB24t6hS8Uu6o/fnB35ux53Oga3afH9q0JCYkTHJ3DwsNF3jti+NBlSxaLNGHZK1vJH1pevw7uN2CwlE/H9inlmZAQ4nXh0rwFLhL3sHL5suHDhtA6s2+/54ZNWwghFt26eu7fw8327JmPw+hxNO0wYtgKt6X0wUP25yLZm16RnnkAAACgHMAUowAAABWF69LlrGuSx+NxezwXLnINDs4PmRh++z27RKynJiQktEevPtweOj6fz9JxcXGDhgw/dfqMxJ18+JCyyHUZNzpICDE2NhLJ5rFzN+tN09bWYtvdlq+6cfMW603jvpSSkuo8dXpGZibb8vnz5wmOzgsXubLODm1tLfbZBQLB+ImTWFxBVVVVymeXhUAgsB84lBsd5B6OELLAxXXu/IUS3xv0/EW/AYNZxyX3c/n4+C51W1HQQVVUVHpb9aJp7zuifaaZmVk0Oki/l//9L0Ikw917D2jC1sZafPRh6dm+Y5fE6CAhZPLUGSKdv58+pQ8YNIz1gvH5/B7dLVqbmdE/Hz/5x8bO/uPHj3IvZEhI6JRpM1nlad/OvFPHDvQLFQgEM2fP+/AhhWX+++z5AYOGso7j1mZmPbpbsMDekmXL94hFvHbt3svtMubxeEaGhjTNooPScWuXdF4XLva1H8QNbHDb7IOHj3pa2bx4+Ur6TlyXurG+4wb6+j26W5ia5kcor12/efDgEW7mBS6uLDrI4/E6dezAzl5cXNyIkWN8fP3EjkAIIf0HDGHRQW5DSEhIdHKewm3ghJBHj5/Y9R/IjQ6amprQo9y67S3eyyndh5TUk6fOiEQH+Xw+i/m9fh3c08qGRQeNDA179bRko7iOHjvu5DyV+xPMv06eZtFBbW2trl0601FcdNjHosVLuQcqRhWioqKiJ00WXTe0SWODoUMG0XRcXBztDRd34uRpmhjpMJxGByMiIu36DeB2OnPj08HBIVOnzxIKhfRPNgal2EpyNzl56nQf237sjHFry7E/T8jSiM6d97IfOIQb7zEyNGTN6viJk7PnLmAvlaQRyeUWLKOC6oPIlnETnVh0kJUnISFx/4GDGzdvZdFB7rcfEBi4fMVq7k5+o9pS7JssU+wW+vOfZ4qnSFf4IunUtTuNDnJr/rXrNx8+fMyNDnLPwF8nT5/88assUmUrORUVlZLvZJHrUm50kHuXJ4QsW77yyNE/pe/h5avXLDrYv5+d21JXGqIr0nORjE2vSM88AAAAUD5gilEAAICKgnZpTXKa2K+vbWMDAwUFhfsPHs6cPY92BGzeuv2Q5z5CiNtS11kzpvv4+tKfvRNCrl72YnFBndq16VRFy5avZD0Imzeut+rVU11dTSgUhoSGTp+ZPxTDdenybl27io98Yp13w4YM/uOPNnl5uZGRUdZ9rCQWe6nrIjtbG21trbi4OOcpM8LCwwMCA2k3U/t25uvWrtbT1RUKhUePHXdfu572qZ04cdJx4nj6diUl5dfB+fOFzpk9c8SwIdWrV6c/x3aaPC1/aJHHzrXuqwghQwYPbNeubV5env3AofSldWtWm5m1zN+VYuHzj+3eu5/1c01ymug0cXy1atUIIe/fJyx1W3Hv/gNCyIWLl/tYWVladpf4HTXQ11+8aEGb1q01NKqmpX1a6rachve8ve8+f/FSfOwUZdXLkoY07ty9l5mZxY3zPXnyDzen9927ImN3bty8RRMsyvhz0DO8eNECy+7d69evl5OTc/XajTnz8vvit2736NHDgv1QfdfuvfTE8ni8TRvWsvGFiUlJc+ctfPrMRyAQbNy01X114T28RbJ95y6a6NSxw/atm+i3mZOTc9v77qnTZ/ra2dSsWSO/JImJLouX0HRfO9ulri50mj46V97CRa6EkC3bdtjaWLNJemNiYrds20HTDfT1d+3cZtikCR0Sev7CRdclbmLFkcD71rX09PTr129u3e5BYxs7tm9mr9bQzi9eUnIyi9Xp6NT22LalRYvmSkpK2dnZd+7enz5zNv1Glrqt8Dp7uqCp9kJCQlmweZfHNlZh3sbHHz12PCYmdrKzI8t85+49FmabN3fWxPHj2FRyGzdvpQOYXJe4XbtyQbwTlgZg3Fev6Nq5c506OkKh0PPgYTq0IiUl9cRfpxwn5PeW5uTkLHVbyd64b/dOC4uuSkpKubm5AYFBExydixogjIuLW7JsOf3Gra178ypXjomJbdCgAX1VKBQuXupG92lqarJhnTvr6g16/mLajFkJCYlPn/lcuny1X19bmn/dhk00wySnibNnTqcnIT09/czZc3fu3ndZMI8duhhViHFbsYq2jgnjxxo0apienh4b97ZTp47VNDVbm5nRC+bfZ8+JDNmkExuy8WpDB+dHE4W5QvoV6OjUnj93Tp/evVRVVXNzc0+cPEWDQ2Hh4ZevXOvfz44Qsmb1ypkzpr19Gz9+4iT69ssXzql+64yuUlgAu4R3EzpdXo/uFpOcJjRr2lRFRSUiInLm7Hn0crFl244hgweKDOjkSk7+sMDFlaa1tbW2bt7Yzrwtrf+BgUEbNm3x8w+YOX0qzVDCRiSXWzB1+vTZg4elhWoKqg/iOXk83tbNGzq0b6+urvbP02fOU6YLBAIW0h43dvScWTMqV678+fNntxWrLly8TOPuQc9fsFF6v1FtKclNtoQtlPqZzzPFUKQrfDE0b9bUbdmSZk1NFRQUjh47TidsGDfRib66bs3qAfb9lJSUYmJip8+aQ0PmmzZvGzTAnjXhIlW2kmvSpPH9Oze/fP26fsNmOvxuxPChY8eMYhmkz1tAfzRw5u9zNN2qZYv169wbNmigoKCQk5Nz89btNes2VKqkMnjQACl7+N//IkZ+iw5aWnZfv9adXVuK9FwkY9OT/ZkHAAAAyg0ECAEAACoQkZkbLbp1XTBvDu1JfPDwkVAopP0Ompoa3J/kGzRqpKz8wzPDxUuXg56/oOnzZ0+zZbeUlJSaNW168fzf1nb96M/YN27esnnjeomF2b93V4/uFtILvG/3ThZI4/P57qtXDBw8jP6pra21y2M7XaFHSUlp/LgxQc+fX7t+kxDi4+vHOtTU1dX+PHroyZOnvXpZ6unqsj23a2e+aOF8Gglg0y4pKys3bNCA/tSa9rXVrVuHuy6LdG+iovbuO0DTixctmDBuLHupTh2dfXt2zpozj5bQbeWqTp06cJc0o7p26bxtyyYNjar0T01NjQ3r1jzz8aWd4M+e+RTUd9mh/felenz9/LiTjN24dYub8/qNW5MnObE/o6Nj2GiYLp0ldB+XqkOe+1hRlZWV+/W1VVZWosMKw8LDHz56TF+NiIj0PHSYZtuzawd3XaLatWrt3rmjU9fuAoHg1Jm/nRwnFNQzWzxPn/rQhMvC+bSnjBa1T+9efXr/EE+l4StCyB9tWm/asJYbHhg00D4lJYVm2LVn34Z1+YNFPHZ9H1h2/uxp9r2rqKgMGzK4dq1aE50mF1rCWjVr1qpZk61tqa6uJrHGbtq8jSZ0dGpfvXyBrSSkqqpq3ceqfr2zfe0H0REY585fEJ+llnr5+jVN9OppyQ0n6+nqui76YVxsVlbWKvf82XqnTZ3MrXKqqqpLFrtERr55+OhxVHT01WvX7fv3EzkQn8/33LebDctTUlKa5DTxdXAwbT6PHz9hAUKvC5fYaJ6L5/9u2tSUphUVFf9o0/ralQvWtv2LGiMkhEwcP26Ri4R5X8+dv0C7rXk8nuf+PdwJCVu1bOGxbQudrdd97ToaIIyKjqFH5/F48+bMYnMPVq1adcK4sdxLRPGqEBePx7t+5aL4ilajRg6nEQivC5eWLHZh1Zg6ey4/iNulcyfWdgybNPHcvycxMdHO1oYN91FUVBzlMMLPz5+GEB4/eUJ74atUqVKlShXupHMNGjSQfSxyye8m06ZOnjFtCjtdBgaNNm9aZ2NnT8N1YWHhElewo1gb5PF4ly+e506faGbW6tRff7LbolwakbxuweJLzYkrqD5waWtrnfrrz4bf4t8d2rebPm3KuvUb6Z9du3Resjh/5FOVKlXcV6149PgJvRkFBAayAOHvVVuKfZMteQv9yc8zxSD7Fb4Y2rcz37dnJ6sh48aOfvT4CRvN6bJgHouT1a9fb8M6d9aE/xcRyb7oIlU2uaAtkVUYLS0t2Z8JhULhqtVradrcvO1hz31smgplZWUb6z59elvR8he0h7i4OIfRY+lNpH078+1bNrFLQVGfi2RserI/8wAAAEC5gSlGAQAAKgqHEcPE13Xr1ev7lnfv38u4KzYpWa+elqzjhtHU1JjinP8L5QsXL6elfRLfw8AB9oVGB/l8vsgwu5YtmrMuob52trQ3jbHq1ZMmIiLfcLcbNmkyftwYbm8axUJTKSmpnz9/ll4YWXh5XaQJbW0th+HDRF5VUlKaNjU/3kOHGYnvYa37StYPRampqdn06UPTMbGxBR1aXV2Nra92//5Dtj07O5tOE2dqakInNgwODol7+5ZluP8gP7OlZXfZJ6uUizmzZ4qslkRHMbIZxtj8k3TYCu1P5/aCURoaVSeOzw+0/Pu//5VSaUNCJCxbyAgEAlbIRS4LxAcPjR41kiZevHxJEx/T0tgMftOnTRH53mltl1PZiUAgYIP5nCc5ssAGY2pqwobwHv/rZEH7+fr1K038738RmZlZUo7o6+tP43Y8Hm/q5EniGZwcJ9BESGiY+Kvz585i0UHG+ltDiIj8Pjsxm5ytV09LFh1k9HR169TRkVJOiRro68+eJTo9I3XyVP5snDOmTxFfrszMrBWd3i0lJTU1NZUQkpOTf8YEAkFc3Fux/X1XjCokYoXbEonRoJ6WPVjTvnz1Gvel7Ozs4yfyv+4Rw4dyX7Lo1nXY0CHi14Selj1oIvLHy2yxlfBuwufzZ8+cLnK6jAwNG+jr03Rswac9MzOLzUHqPMlR4uJqbM8lb0RyvAXLoqD6wNWntxWLDlKdO3Vg6WFDf1h9TU1Njd1kY2J+uBn9LrWlJDfZErbQ3+J5RvYrfDGMGD5MpIZ0t+jG0gPsf1gv08jQkMXIRZZ7/GmVreR8fP3YD7DmzJohPom9oqKilOhgYlLSqLETaei6ebOm+/bs5P6qrLSfi6Q/8wAAAEB5ggAhAABARcH94TBTQ/v7QITkpGRZ9pOXl/fyVf7PzAsaadTXzoalY+NEe9x4PF6xf43OuvtFujW5L4l0JxWkdu3v3cFJyTJ9dun+jchf3m/gAHvx0YG0a48t5xMVFS2egUj6jup+6+SVvrYQ60+8ev06WwLt2bfJA2369Laxye8DpTOdUre879BEHyvJU7yWHokr4igpKbEP8vZbIJN1b9WpoxP0/IX4v0/p6TQDN3QkF2yUzAIX1w2bthRUtbjfpjAnR7yEbOLZiIjInJwckR72vra28i22CFmONWhg/uiN4OCQ3NxciXlMjY1pIio6etCQ4be977AOZRGRb/K7aPX16weHhIqfkI8f02iGf/+V0HepoCDhPymsgSckJNIanpuby06s9FnaisR99QqJ7Tc3N5dd+niVeRKrIstM+4W5Y03s+g888dcpiUGL4lUhLnPztuIDMSk1NbWRDsNpmoUDqTt379OxKdraWhbduhZ2YgghhI1VjX/3Tpb80pX8blKQevXyowuJiQVeNrl7GzTQXvoOS96I5HULloWU+iAdN0qqX7++yKt169ahiffvE2Ta2y9YW4p7ky1hC5XoV3uekf0KLxc636oHj8fjLj1I1WdNOClJlr3Jt7LJBaszDfT127Q2k/2NQqEw8s2b0WMn0G/fwKDR4UMHRGKipfRcJOMzDwAAAJQnmGIUAACgQuP+eDmP5MnyliROZ41uXckDFKpWrcrj8WjXc3R0TLOmTbmvamlpifxYXnaV1dVpQnxmJPGVzMTl5uampv6XmJj4PiExSbZeJ9mFh+f310hZlqZRw4Z0isLIN1Ey7pYF0goK21BsgtCUlNSw8H+NjQy56wv27NlDTVWNLtJz7dqN0SMdCCEfP35ky4/JGB74CVgPNRtxFfztl+x/nTz918nTUt77Ni5evoWZ4uz0+Nsijvv2e+7b79m8WdN+fe1srPtwV+Lhfpt0kkkpEhOTdHXrsn43Ho9X7OYgIzaIQcqxdDlDUhISElkkgKtFi+ZdOnd6+OgxnQPWecp0Ho9nY927n53tH3+04Q6piYjI75EMDg4ZNGS4lLLJ3nfJHX6Rl5enoKCQxAmoFDpYSnb6+qJxEYobFKGz+Unx9u271mZmlSpVmjN75pat2+kIpGXLVy5bvrJHd4u+djY9unfnXsSKUYW4WxqLDbjkGjJo4L79nvR74a4e99fJ/PFzoxxGiExiyZWTk5OUlJyYlPT+fULQ8+d0Y1ZWtvRCyqLkd5OCsNqSm1fgZZMb8xMfDypCXo1IRDFuwbKQXh+k4C52KB4mV1Up/Gb0O9YWWW6yJWyhEv1qzzOyX+HlopJKfmWT+Guh7004t8B2UXqVTS7YRaORgayzklIPHz3u1Tv/Vwg8Hu/Po4fEhyyX0nORjM88AAAAUJ4gQAgAAABFE/f2e1+DlP4Cvp4e/UF9bGzZ/wA5Kyvrxs3bN2/dvnXbW2IGNuSu2IRCIQv5SOlrZj/zZz1H8lKlShVLy+7e3ncJIQ8ePDQ2Mvz69StdksfI0JAOUGjerOnLV6/9/AOSkz/UrFmDdQN17dK5tGNUsqtevTpNsHEAbFQHj8eT2JPIiE8yWULm5m337921yHUpneaLEPLy1euXr16vcl87yWni9KlTaMdu8ofvkSrxkRBc1atX19LSIoSwiV6LMQdmUcV8a4NSjsVd1extfLzE2IaSktK2LZvc165ncy0KBIIzf5878/c5A4NGa1evZIu9ccd8SD8h7duZF/0D5Yt/9/1aVGiAp+RSUlNZWvqHqlSpUoMG+VNcTp7kqKSouHHzVvbqnbv37ty9x+Pxli1ZzAauFaMKyU5fv36njh1oez/z91kaIIyOjmETHbOhb1wZGRl37t4773WRBgxKQ9neTVgbZPORSiGvRlRelfvaUqottEhK73lG9it82foJlU0uoqNjaKKuTvEvBQKBICYmVvwGV0rPRTI+8wAAAEB5ggAhAAAAFA33h8yCjAwWzhHxMe1jfv5q1X5W0ST799//jRwzjnV2UHw+v1bNmgGBgfI6ipKSEhu48FkgKChbenr+4kDaWpLPW0n0sbKiAULvO3edJzn6+vnT8tja5k8uamdrQ6dou//g4eBBA257381/Y++fPb+oFB/T8ief1NHJ74hvoK9P46lbNm2w7FHI0pVy16O7xYO73nfu3qMAbjgAACAASURBVL1w8TJ3dtZ9+z3fvn27fetmBQUFtiKUkaHh1ctesuyWVzl/urDs7C+lU/DvtKrnt0Epa1NlCDJYWkq0WFNTY8M6d6eJ4y9cvOx18SLro4yIiBw8zOHC+TN0yA6fnz+IdsK4sYsXLZDfR/mBupo6S3/5UuqnsY7O98jQretXZLyyKSoqOk9yHDRwwJWr1y5euszmSBQIBAsXuWZlZdH5P4tRhYrEYcSwbwHCc4tdFlStWvXsufyjWFp2Fw96Xbt+c/rM2dwtPB6vVs2aqqqqbCrFkivbuwk7uixTMsqxEZU/FaG2lHYLlVFpP8/IeIUvQz+nsskFixN/Spc8s3RBWrVsMX3alFWr19InnwmOzrdvXGFzqFKl91wkyzOPHA8HAAAAZQ5rEAIAAEDRsK5/QkhSouRZrYRCIetXKmi+vp8jJCR00NARtDfNwKDRcrclt29ejfw35P6dm2dOHWfZ5NLfYWJsRBMJCQWuz/Tu26i4Ro2KOQWcFN26daGJoOcvPnxIuXnrNv2zV09LmrDs0Z0mbt66/eXLlytXr9E/f535Rblnj63fZmxsSBNyH3YpI3V1NVsba8/9e54H+KxxX6mjk99Pd/XajdDQMG4lDwsPFwqFsuyzqEtMlQQbIJWQkFhQ8bhj/urx60nfoYFBo3lzZz15eO/C+TMDB3xfvG33nv00wb47ua8KycW+CEJIcvKH0jsQVbNmDbYKVHSMrIvhUTVqaI8dM8rr3JmH97xnzZjGtm/YtIXOaliMKlQk3S26sWFP127c/PLly7HjJ+ifI0eIzgF77rwX64Lv2qXzlk0bfP559DLIz/vWtdWrCplbtUjK9m7C2oVAIMjIzJQxs7waUblRQWpLabdQWfy055lCr/Bl5adVNrlo1DB/acmYIt4vqlWr1rVL5yOH89cdFAgEU6fPEvkRTKk+FxX6zAMAAADlCQKEAAAAUDSqqqp8Pp+mn/n6Sczz4sVLltavX5YBwiPHjtNRdL16Wl449/cohxF0ss3S0KRJY5pgU3eKEAgEAYFBNC3LpHZFVU1Ts2uXzjT96PHjCxcv054+Fq2pV49vampCCLl3/wH7Ybi5eVvuzHhlSygUPnqcf/YafpukseG38nN/zF5UlStXZum0tKL9nJ+pWrXq0MGDrlw8z2ItIaFhhJD69b5Xcv8AmYZxcIejFbX3sKi4HeVBz19IzMNWo9TRqS37HGLNmjbdsM59wbw59E82hIVNsOkfEFjss10o7hCi8H//LaWjcDVpbEATjx8/Kd4edHXrTp825e9T+cE5gUBAJ0IsRhUqEmVl5VEOI2j61KkzDx4+ohdGHZ3aHdq34+bMy8tbv3EzTS+YN+eQ575+fW1L6RJRtncTbrvw8/OXPbN8G9FvreLUltJuobL4mc8zVEFX+DLxMyubXDT8FiAMev5CZNCnLPR0dfft2cn2sMp97Y87l8NzUaEKeuYBAACA8gQBQgAAACiyLp070sTefQcyM7PEM+zzPEgTfD6fO8rn57v/IL/rZMwoB5EeW4klF5GVVXgexrztHzTx9JnPq9evxTOcO39B8G32UboMmNyxyUJ37d5Hj9XXzpabwaZPb5pYu36TyJafLDNDwpCdm7e82Yi6Tp3yq1mHb8vU+fj4FrsvTLduXZYOCQ0VeTUjI+PVKwlfmUTVq1dvZ96WpunaP+rqan+0aU23rFu/kY4Jk471dBNCTv99VjzDib9OyVgeLom1ulatWiwgvf/AQfEMWVlZu/fmDw3p0rlTUQ/KRqBW/jZvalNTUzb0Yd8Bz6LuUEYKCgrNm+XPd3f0zxPiGR49fhIRIc8hjCwAv3W7hyzzUhbEzKwVG4yopqZWvCpUVGwk0MtXrw94HqbpsaNHKSkpcbPFxMSyvuwxo0eK7CSzsJF2hJDsL9myl6oM7yZaWlqsGXrs3C09c2k3ot9UxaktP6GFFqqEzzPFJn6FJ4Tk5uYmJiZ+/fq19I4rouSVreSyinKeTU1MWPrI0WPFOFz7duZLFrvQ9F8nT/999jx7qeTPRbI3PfFnHgAAAChPECAEAACAIpsxbSpn4qOZ3BFCubm5Ozx2eX9b3G7ZkkUivc8/mUbV/IWgEn6ckezDh5RxExzZn3l5eRLf9fjbaLak5GRBwSsLUn16W7Gw3/SZc0WGNHnfubdilTtNO04cX68eX9I+Sop15LFZp6y+zS9KWVrmzzLK4nA9uv/sVf2ords9Ll66wt0SEBjosngJTVt068pOprl5W+s++YHPhYtcH/04eEsoFF69dt2yl/XU6bOkzPymrq7G+ou3bvPgzigY9/bt4KEOfv4B4u+6dv2mx87dHz6kcDempqY++zZUyMgof15Zt2X5JX/56vXCRUtEFip7/z5hkevStu07PX3mQ7doamoMGzqEpvft9+R28AmFwnUbNm3d7lHQZxFXpUoVmggLD6fzHAqFQjYwUUFBwW2ZK03fuXtv0+Zt3BOVnp4+Y9ZcVr1nzZxe0FFSU1M3bNpy5+49ke3e37awr0xTU4MNOtm33/PQ4aMi/enPX7wcM26ilbUdd1bGYhg/bgxNBAeHeOzczT3Ktes3x453LPitxTFhwjg2kGKS81SRoZ8ZGRm79+5v277TAc9DdItQKNy33/P4iZMis8P5+QfQE87j8Vi1LGoVKqq6deuw5s9GAtn37yeSrTLv+1jb5A8/TNz6+nXwrDnzJO6c1UBCyNOn+SWMiYktdDLGsr2buC1dTBNBz1+sWOnOjXZ8/frVY+futu073b13X46NqJypWLWllFtooYr3PCM72a/waWmf+tj269DZonXbDgUNqJW74lU2uahapSpNsJOTkZFR6M2rbt06To4TaHr33v3nzv+wdGVqauqMWXO69bCSPs34uLGj7fv3pWmXxUtevHxF08V7Liq06cn+zAMAAADlhnJZFwAAAAB+PzVqaM+bO2vFSndCyIOHj3r2tu5paVmPr5f26dPTp89efhuJ1bVL5+4W3cq2qC1bNqehsmXLVxJCjIyaZGVlP3r0+MDBw1ICfo0MGtJ3HTt+4mNamoZG1eMnTrY2Mzv11zFFxQJ/X6WoqLjCbWlf+0E0/GZt27+vnS1dhOblq9esX4nH401xnlQ6H5fUqKFtbt6WzXTXQF/fwOCHxQ4bNWxoYNCIDatq1bJFGQ7xnDNvweUrV1u1aqmmpvr6dcily9/jhXNmzeDmdFkw/9r1m4SQlJTUseMdLbp1bdasqaaGxtv4+Os3btJFp6Kio2973+lt1augw02fNsV1iRuNjljb9h/Qv6+SkpKvn39BU8KG//svXe7owMHD48aObvtHGx6PFxkZ6bFrLx3HYG7els2DamxkOHqkA13X7bzXhX+ePu1u0a1Rw4afP3/mfvtLl63wvpW/9KPjhHGnTp+h6YlOk3t0t6hfv967d+8fPX5SaDRaRH1OvNlh5Fgrq56PHj8JDg45duRgxw7tCSGdO3Xs1dPy1m1vQsieffvv3X/QqWMHbW2t+HfvvO/cZat2uSyYV7tWrYKOsmLVGrpupbl526GDB9WvX08gENy8dZsNdhwyeCDLPHzYkJOnzoSFhxNC3Neuv3Dpcntzcz2+bmJC0pN//mFXib37DrgtdS3Sh+Wy7tN73YZNtPzbduy8e+9+y5YtBIKMJ//8wz6UHFVWV1/htmzajFm0UXfv2bt/PzvDJk0UFBQi37xhwzvWbdjUt69t7Vq1/j57bsOmLYQQz0NHJowfY2RoqKCgEBAQuGvPPprTccI4tvNiVKGichg2jEVQ6PBi8Qn6atWsqa2tRWv41OmzFs6fq62tlZr63/UbN/86ebqgPdesUYOlFy5y9fXzS0hIvHXbe/q0Kdw1F8WV7d3EolvXLp07PXz0mF7t/3n2rEd3i3p8vfj4d+cvXKRVyGXxEt+nj+XViMqZClVbfkILla54zzOyk/0K//TZM/oUIRAI9h84uGfXjpIfvVDFq2xywSbNjoqOHjFqbMsWzc+eO5+VlX3P+yb7yYhEkyc5nfjrFP12Fri4Xrl6vU2b1poaGpGRb9gqsB679m5Y5y5lJ6tWLP/3fxHBwSGEEMdJk69dvkiv28V4LpLe9Ir0zAMAAADlBgKEAAAAUByjHEZUUq60ZNly2jfB4hzMsKFDFi0sxR90y2iys5PXhUu0G2vu/IXcl3pb9VJUVKDdKyJGj3Rg3egsahUQGBgY9LxNazMphzM1NTl54tjsufNp1ww34kW1NjPbuH6NhkbVEn+yAln3tmIBwv797MQz2NlYs9Fp1mU0vygt24WLl7mrIVI8Hu+Q5z4TE2PuRl3dupe8zs6Zv5B2Soq/ixAyxdmp14/DJUUMGmB/9ux5OtwhLi5uu8cu9tIfbVr379+Xhg8ZRQVFI0PDsPBwgUCwc9cekb1pa2tt2bieGzBe5DJfQ1OD5kxISBTvsuTz+Xu/LSlEVzXbsM59gcv3YUnck3DsyEHXJW40wFYoY2Oj1mZmdFhYVHT03n0H6PY9e/fTACEhZPOm9Rs3bqGdkmHh4eJ7dlvmOnLEcClHYSsq+fj4sjrGzJw+tf23Sc8IIUpKSkcPe7ouc6NNKTg4hPZvcnXt0lkkElxUSkpKe3d7THB0pt2XL1+9fsmZKnat+6o3UVFsPJ9c9Onda/vWTYuXuNE+X7rSp4g9u3bQEJG2tjaPxxMIBHFxcctXrBbJ1r6d+ZTJP/xWoKhVqKg6dmyvo1ObhbKGDxsiMdtil4X0ahkcHDJ67ATuS3PnzDpy9Jj4eloKCgrTp02hE3UKBIJj32Z89di5e5LjROkL8pXt3WTr5g2LXJfRsF9ERKTInLStzcy2bF7P/ix5Iyp/KlRtKe0WKl3xnmdkJ/sVnjs6sxir6xVbMSqbXNhY99m0ZRu95nNPzum/z05xdpLyRg2Nqn+fPjFj1lx6YXn46DH9OQIzYvjQRS4LpB9dXV1tz84dfWz7CQSClJTUGbPnHjvsqaysXIznIulNr6jPPAAAAFA+4O4OAABQ3qipqUveriqt002EqqoKSysoKIhnUFBQGD5syN3bN+z792UrM9EehK5dOnvu3+O+ajl3LiMuXuXKErcXKZuKioqUV5lGDRv+feqEqakJd2PzZk13eWzb5bGNTa+nrPTDr6Y6dmi/xn0lWySMEGJg0OjIoQPi0UHxs932jzY3r112cpwgctA/2rRestjl5Imj9evXK6i0qrJ9KOkse+TPIqitrdVPUoCwX19b9tFYZomkLDajqir5JRnXp+Hz+YtdFv559FCnjh24G4cMHnjr+hWJUVhTU5NLXmdnzZjGlp2jtLW1RgwfevP6lblzZknvulJWVj554tgUZyfuN9uqZYt5c2cdP3bYoltX7rqAhJDGjQ0uXTjrtsxV5Ig8Hm/a1Mn3vG+KDL5UUVGZPXP6+bOnLS27i4wqMDdvu9Z91a3rlw0aNeRuHzjA/uyZk2xpK1rTxo8bc+3KhZYtmkuM70qkoKCwfesmkZXPRo9y2OWxnf1ZWV3dbZnrsSMHLbp15RaPz+f3tbO9dePK6JEO0k/gzOlTb924YmPdW+TTtTYzO33y+IzpU0Xy16ihvW/3zs0b15ubt+Wecx6P16un5ZFDBw557qtaVUKwnHv9KejzsnSzpk0vXzxv3ceKHUJbW2vgAPtTf/05ZPBAi65d6EbZL4CFNkNbG+vbN68OGTyQe+mj392sGdP8fZ6wDtmelj0e3vceP26MSE4+n79pw9qjhz1FZkEsRhUq0qdTUlIaO3oUTTfQ1+dWPK7+/ew2rHMXKYClZffLF85NcXYaPGigxJbu7DSRzfhKWXTrevvmVfF4j8jV4yfcTaSoVq3anl071rqv4q4Ly+Px/mjT2mXh/JMnjurp6rLtJWlE8r0FS9+njMeSnk1KM1RX/37jK+3aIvLektSWkt9ki91Cy/B5hirwyZCzXfYrfLeuXdigND5fl8hASnXiLm0oqYTfK0DxKtu3AhT/oUVbW+vwwX3cJwRtba3lbksmOU4QySl+ng2bNLlw7m/nSY7c6Ry0tbUsunXdu9tj1Qq3yuqibxFvBbq6dQ8f3EfvcT4+vgcPHaHbi/FcJKXpFfWZBwAAAMoHhWLPUA8AAADAZGRmxsbG1tCuIT5h3S8iNTX1bfw7FZVKtWvVql69uixvycnJefs2/suXL3Xr1pHS4Sh9DzGxsSoqKrp16+Jn1wURCoVv3kRpa2tpaUmbqkvkLTGxscIcYfXq1YtX5RISEpM/JBs0MpA+WkXkiJkZmXp6epqaGrK85b///nv/PqGqRtUa2jUKPYpQKIyKitbW1pKxchbk48ePiUlJ6mrqenq60qtcampqUnIyX0+PG7orwoHS0mJiYqtXq6arW1eWtb7y8vLev0/4lP6pmma1mjVrlMbSpHl5eW/j4wkhfD09ue+8IPTSp6KiUkO7hvSRwZmZWdExMUqKinw+X8ZaV6QqJHdCoTAxMSkxKUlDo2odHZ3KsoXiMjIz38W/U1BUqMfnV6pUqRjHLcO7iVAojIqOUVdTq1u3jpSwHFPCRlSeVMDaUoYttBjPM0UlyxV+gYvrufNeG9a5DxxgXxplKEjxKlvJ5ebmJiUlf0z7qK2lXbNmDRneIYpW11L61or0XFRo0yvGMw8AAAD8phAgBAAAAAAAAAAAmYSFh9vY2fN4vKeP7yNADgAAAPD7wi/ZAQAAAAAAAACgcJ8/f3aeMoMQ4r5qOaKDAAAAAL81BAgBAAAAAAAAAKBwb+Pj4+LiHCeOt7O1KeuyAAAAAECJYIpRAAAAAAAAAACQyctXr5s1NZVlqU4AAAAA+JUhQAgAAAAAAAAAAAAAAABQgWCKUQAAAAAAAAAAAAAAAIAKBAFCAAAAAAAAAAAAAAAAgAoEAUIAAAAAAAAAAAAAAACACgQBQgAAAAAAAAAAAAAAAIAKBAFCAAAAAAAAAAAAAAAAgAoEAUIAAAAAAAAAAAAAAACACgQBQgAAAAAAAAAAAAAAAIAKBAFCAAAAAAAAAAAAAAAAgAoEAUIAAAAAAAAAAAAAAACACgQBQgAAAAAAAAAAAAAAAIAKBAFCAAAAAAAAAAAAAAAAgAoEAUIAAAAAAAAAAAAAAACACgQBQgAAAAAAAAAAAAAAAIAKBAFCAAAAAAAAAAAAAAAAgAoEAUIAAAAAAAAAAAAAAACACgQBQgAAAAAAAAAAAAAAAIAKBAFCAAAAAAAAAAAAAAAAgAoEAUIAAAAAAAAAAAAAAACACkS5rAsAAAAAv5a79+7PmjOfEKKvX/+S19myLk65de/+g5mz5xFCWpu1Onxwf+kdaPOWbUf/PEEImeQ0cerkSaV3ILn4vUoLZeXZM5+z572qVqnq5DihTh0d8QwfPqT4+vlHRkampv5Xrx6/S5dOjRo2LIuSgjwdO35i0+ZthBAb695r3VeVdXEACpGamtqthxVNe9+6VqtmzbIu0S8qJSU1LDxcfLuWllbdOnU0NTUKeuOr168dRo0jhFStWuXJw3ulXMxfRXp6+qXLVyMiIv8XEREVHa2upq6vX3/TxnXVNDVFcgqFwvadumZlZRNCvM6d5t4Hp8+c/eDhY0KI29LFAwfY//QPAQAAAL8KBAgBAADgBzk5OQKBgBDy6VN6WZelPBPmCOl5joqOKdUDZWVn0wMlJCSU6oHk4vcqLZSJ+Ph3DqPH0bSvn//Vy14iGc6d91qxag2tSNQS4oIAYTmQ9jGNfq3cLxfgl5WX972u5uXllXVxfl0vXr50nDSloFd5PF7TpqaTJzl27tRR5KUMQUaFuhrk5eVduXptlfvalJRU7vao6Oi83Fzx/Lm5uSxnrvCHDMnJH+ip+/LlaymXGgAAAH5pmGIUAAAAAECe/AMCbezshwwbmZOTUzELUKpCw74PNAkLD8/Ozua+evfe/QUurtwuY21tLX39+j+3jGXv2PETVtZ2K1evKeuCAJSB8n0NrGgEAoGPj+/Y8Y4jR4+LiYkt6+KUpZOnzsyaM5/F/IwMDXv1tBwzeqTzJEcNjQLHWQIAAABIgRGEAAAAAADy9OyZD50t7evXHGXlMnjeLvMClCpDw8YsbWDQSFVVlf355cuXpW4raNrU1GTt6pVGRoZKSkplUcwyduPm7YiIyKpVqpR1QQDKQPm+BpZvjhPH0wtXjlAYH/8uOjomIDCQvvT0mc+UaTO9zp1WUVEp62KWgXfv3rMbnLl52yWLFpqYGJd1oQAAAOC3h2dlAAAAAAB5io17W8ELUKr4enp/Hj107ryXRlUNx4njuS9FR8ckJCTS9M7tW+vV45dRGcteREREWRcBoMyU72tg+TZ29CgdndrcLWHh4StXr/Xx8aXp7R675s+dXXYFLDMnT52mCW1trb27PDQ0qpZ1iQAAAKA8QIAQAAAAAECeokt5XclfvwClrUP7dh3atxPfHhUdTRNGhoYVOTqYlZUlskIVQIVS7q+BFYqRoeG+3R69bfrS33/8efyvihkgZNNrT3GehOggAAAAyAvWIAQAAAAAkKfomOgKXoCykpScTBMVcNFBLjaMEqBiqrDXwPKqatWqM6ZPpWmBQJCYlFTWJSoDL1+9oolGjRqWdVkAAACg/MAIQgAAgN/e1u0e2dnZykrKgwcNqF+/nsirAoFg1559mRmZhkZNhg0ZLP527zv3/AMCCCH9+toZGxmKvJqRkfHMxzco6HlA0PNKysqmpiYdO7Tv2KF9QYVJTEz09fMPDgkND/83Nze3SZPGRoZN+vTpXVldXSTnAc9DKamprc1a9bTsQQiJfPPGPyDQz88/MvKNgYGBibHRAPv+mpoahX78kuwnNzfX19cvODT09euQ9+/f16pV08TYuH37di2aNyvocBkZGf889QkNDX31OvizQFC/Ht/Y2KiHhYWubt2C3hL0/EVAYGBAQNCbqCjDJo2bNWvWp3evQj+X7GeSysnJefT4yctXr/38/D+lpzczNW3a1LRfP7tCDyQiMzPrmY9PaFh4aGjov/+L4OvpmZqa9LbqJV43bnvfCQgM0qlde9TIEUpKSsnJH/z8A/wDAoKCnuvo6DQ1NbGy6mVQQDeWvEpLYyH+AQEhoWHBwSHZ2dnGxkbGRkYdO7SX+I1EREQGBAWFhYa/iYqiy9QZNmnSzvyP2rVri2cuatXKzc39kJISFxfHBm8FBgWpqeWvkFetWrVGDX84G0nJyX5+/qGh4SGhofHv3hkZGpoYGw0cYF+jhrbET5qbm+vn5x8SGhYcEhIZ+UZPT9fY2NjUxLhzp46KiorFKABFLyAKCgrdLbr90aa1xEMLhcJDR46lpKQoKChMGDeWW0LZT2nQ8xc3b90mhDRooD908CAJJ/zg4ZSUFEJIX1sb6UsrnT3nFREZSQjpZdnDzKxVXl5eYFAQISQmJpZmSEtLY8tWEUIa6OtraWlx95CUnHzo8FFCSCVl5aFDB+vp6ko8UEpK6rHjJ7Kzs3mVK0+bOllBQYG95OvnHxwcEhoWHhsbW716dRNjI2Mjow4d24u30AsXL9Pl0Lp16dyunbnIqxmZmTs8dhFCVFVVp06exNbWou1LVVXV2clRXV0tISHx8JFjQc9fpH1Ka9igwfhxYyR+WTk5OQmJiY+ePKF/pn/+zD0Penp6tWvVKurOC62o167fpD3XzZqa2lj3Kehbu3rt+qvXwYQQOxtrU1MTtr2o17oiiYiIDHr+IiQ0NDg4NCs7y9TEuEWL5gPt+1eqVImbLSMjY8fO3YSQDu3adenSKTc398bN25evXH0TFaWpodmuXdspzk5qamph4eEXLl5WUFAYPGhAwwYNMjOzTpw8+eTJ07i4t7q6de1sbQYNtJf9vDEluYvFxMReunwlIvLN+/cJhBA+X7dzp05WvXqqq6sVdE6Kd5vOzs5+5uP75MlTP3//mjVrdu7ccdiQwfQ0Zmdn3/a+c9v7bnx8PI/HMzY26typY5k8JxTpGpienu518VJ42L//i4hUUalkbGzUpHHjnj17VNPULKjkXIVekCW+xT8gMCjoeUBg0MePaaYmxs2bN+trZ1PQOqlFrb39+9kZGRoKhcKXr14HBAb6+voXehShUHjt+o3AwOdvoqKEQqGamlqTJo3797Vr0qSxeGYmLDz8+YuXwcEhUVHRampqJibGzZs169G9G/cKKXdNGn8vUkREJL2UFaqoz2x5eXn+AYGhoWEhoaEhoWGV1dWbNWvavp15d4tuEvPHxMReuXotIvJNdHR0zZo1jY2NjI0Me1r2kHi2i3ete/fu/fuE9/R+RLd8+JDCvbBzKRAFM7NWMpwYAAAAgHwKeXl5ZV0GAAAAKJGJTpPv3X9A+4Y2b1wv8urJU2eWLFtO0/88uifSa5+VlWXa3Iymz5w63trM7NZt78lTZxBC+Hz+3t07nKfMiIuLE9nn6FEOi10WiHRREUK8Llyct2CReAn5fP76tavN2/7B3WhlbRcREUkIeRHou2+/5+69+0XepaNTe5fH9pYtmkv/+MXeT2JSksuiJQ8fPRbf55jRI+fNmVW5cmWR7S9evpo5e574CSGErF65fOiQQSLdgkKhcP2GzQcPHxHJzOPxLLp1vXL1Gj059+/cFMlQpDNJCPnvv/+mz5zz9JmPyPYG+vo1amj7+QcQQkYMH7pqhZv4PrkCA4PmzHeR+AEXzJszyWniDx95zbrDR44RQo4dOZienj51+izxd61f687tMZdvaQkhXhcuzVvgIvGllcuXDR82hH0jX7582bl7767deyVm3rDOfeAA0XIWtWo5OU+9c/deQUW1se69Y9sWms7Lyzt3/sLK1WsEAoFINh6P57F9S9cunUW2JyUnL3RxlVhdzc3brl+zis/ny14ALpfFS/4+e54e2u/ZY1VVVfE8167fnD5zNs3z7MkD2jSKekoPHj6yZu0GQohFt66e+/eIv4Wd8O1bN9naWBf0QQghw0aMovVkl6IHvwAAIABJREFU9crlw4cNEQqFTYwLDOoTQjy2b7XuY8XdIhQKu1hY0pF2vXpa7tm1Q+IbV6x0P3b8BCGkU8cORw970o3JyR+WuC339r4rnp/P52/dvKFVyxbcjewSvchl/sTx40Te8t9//7Ux70jTTx7eY4tvcdtXjRra1rb9ue+aOsV5zqwZ4gVo1MREfCNDT5fsO5exot64eYs1/4f3vCX2vL9/n9Cpa3eavnj+76ZNTWm6SNc6j527t+3YKaUyc2VmZm332HnA85D4S6amJju2buYOM01JSW3bvhMhpFXLFmfPnFzg4nruvBf3La+e+1euXJndH6dNnTzJcYL9oKG0xlL0vcVo4MW7ixV0f2EHYulAv6fKyvm/DC7ebfrxg7szZ88TiUlY97Hy2L41ISFxgqMzDYFzjRg+dNmSxT/5OUH2a+DNW7fnL1ws8Qtas3qFjXUf6bEuWS7I3HpFCLl62WvT5m30UiCSf9uWjbVq1uRuLHbtPXhg3+y58x88fCTLUV6+ej1n7gI2M7PIeWDp6VMns9Ves7Ozt273kFiwTh07rF61nK+nJ/5Soe7eu+84aQpNcy+DXIGBQYOHOdD08WOH27czJ4T4+PiOGDWWFvhlkJ/IW4r6zJaQkLh4yTLxs0cI6Wtnu2rFsipVqnA3btux02PnbvHMRoaGa9esat6sKXdjUZ/rmF27927ZJvkOJVHkvyEs/fXrVyPT/PvRjauXGjc2YC+J3EZl3z8AAACUM5hiFAAA4LfHhqPd9r6bk5Mj8urVa9dZ+u490Z4pX19/mtDW1mrZ4odO7bi4OBs7e9axoq39ffzNsT9PnPjrlMiuFri4sr4PHo/XqWOHTh070D6muLi4ESPH+PiK9t1Q/QcMYb1+3KMkJCQ6OU/JyMyU4RwUeT+vXwf3tLJhvXtGhoa9eloaGDSifx49dtzJearI76j+Pnt+wKCh7IS0NjPr0d2CdWMtWbZ8z499l0KhcKLTZG7vLZ/Pb6CvT4d10uigREU9k+/evbftN4AbbzMwaETPQFR0NO0AksWmzdsGD3NgH5DH43FP44ZNW25735H4Rtely1l4gMfjcTsWFy5yDQ4O4WaWV2kJIYtcl3Kjgzwez8jw+zDHZctXHjn6J00LBAL7gUO5oSxtbS1uORe4uM6dv7CgA8lYtdg4Fek+f/48wdF54SJX1jfNLYxAIBg/cZLIFJHBwSGWvay5ndEN9PVZ3fPx8bXpOyA7O1vGAogYPdKBHfrWbW+JeY7/dZImHEYMo9HBEp5S+VJUVGSNVyJlZdHBHEpKSizgfeu299v4ePF3ff78mUYHCSFjx4z6P3v3GRbF8QdwfAEV9SxRbFEPEY1gNzZi7IqoKPbee+/d2FvsMdbYotHYG8aOvRt7RzGgCBZAISKixHDwfzEwbu7O8+j+5ft5eDHszu7Oze3t3rO/m9+Igqfnvdou9dXRQREJEPz9/Vu0artl67YEvBp9jx759u47UG9hEdVzXjX1W5DAnZt/otauVVN+Ltx3/2H0QLvcd4tCqZIlZHQw3neNT/L29nFr3EwdxlCHHO7e9ew/cIhOpzPc8GVwyOYt2/Sig1qtVu/3Ii9fBo8dN1EdHVQUpWhRx/h9wKU43cWW/bJC3l8cHRxatmjmWr+u+kBC+vTWMtYV7w6vUr2WiA6qT7ADBz1Onz6rjg6q27xp89bNBh+EpP6eYOY10NPzXr8Bg+UbVOk7J9mM8PDwwUNHvHwZbGJzMy/Iels1cGsqo4Pql3Dx4qUJk6aoa8b77L1+42bjZi1lfMv0UYJevOjRq4+MDrrUcW7Vsrn8cUO4SubMMVGx16/DmrVoIxum1Wpr16pZrmzMj8zOnjvfwK3pq1evTHRdQsgZ+PRGE35MXL+zeRw+4lK/oTo6qO72PXv3LVy8VF1/0+atMjpoY5O9erWqcuD1fS+vsT9MUFdOyLWuYMGCn3yxAAAA8UaKUQAA/u/VrFFdFMLDw69dv1GxQnm5Kjg4RB2JOeRxWO9nwvJxVYP69Y0mRKpdq2bvXt1LliiRLl06b2+fwUNHiEeBP/28qFXL5vKZ6bHjJ+QT1RHDh/To1lVmHps7f4EYqjJu/KQD+3bLBHqSeD41Y/qU6lWrfv11Hp1Ot/rXtXPm/STav3HTlp7d9cfcGGX+fnQ63Q8TJomHg8WLF5sza4YMLF2/cXPAoCEBAYEX/ry4Z+/+xo0aiuWBgYFjfhgvyo3cGk4YN0ZmLNyx03302HGiTxo2cJVZXvfs3ScfIDo715o5farYJCwsbNac+R8LIcSjJ39etEQ+bh42ZFD3bl3Sp0+vKIr/kyeDBg+7dfuOOb2nKIqff0x6xubNmvbp3cO+YEG9ncyYOadWzRqG54l4ANe7V4/GjRp+U7iwhYXFyVOnBw8dIXp4/oKFa1avkJUTq7WnTp/Ztn2nKH9bpvTsWTPsCxa0sLCIjIz0OHzkx1lz0qZN17JFM1Fh2fKV8hF27149evXo9tVXX4lRTRMmTRGfgt1/7K1ft66zcy3DY5l5av04fergQQOePHnarUdvseHe3TutYx9YZ4p9sG5llebO3bsxPTB0cLs2rbJly6Yoyp9/XuzVd4DotIWLl8ycMU3UiYqKGj9xsnyWPXXyxKZNG4uMZH5+/r+sWLlt+86xo0daW1ub2QA9xYoVdXKqePHiJUVR1qxd59awgV6Fv/7yFmsVRWkXewFJYJcmLgsLi4P7/ggJ+XvtuvXLV6wSz+tXLF8iK9gVMDIlYdPGjaZMnSHKW7ZsHzFcfwjs3n0xUXytVlutahXxXkycPFW+F/Pnzha5HHU6nee9ewMHDxefhXETJteoXt3oIJh4mDRlmnim3L1bl8KF7MPCwvz8n1SpUtlo5aOHD4SFhR086LFg4WIRN1q0cL5cm8Mmh/k7N/9ETZs2bft2bUWi1PUbNvbt00vvKqHT6db9vkGUO7RvKwoJuWt8ki5KJz62efLkHjl8WP16LtbW1lFRURs3b5k8Zbp4gr9334EmBmmN/f39xZj7KpW/d3Wtp8mY8fFjP8MH9PIC3qZVywoVykdHR/n4PBKjVOP6AVcz/y727NlzMZhSUZQfZ0yVOXtDQ18PGTZC3HpKlSwxZtSIwoULi7cjgR1eqmSJSRPHlyxR3MLCYt36DdN/nKUoStcevcTaWT9Ob9a0sZWV1ePHfgOHDBO/C5k3/+cWzZom5/cEM6+BC5fERHqqVP5+4YJ54toVGRl55OjxLVu3NXJrkDOn/idFMv+CbLhtQTu7H8aOKl+uXJYsmUNDX0+YNHn/gUOKohw9evzGzVtyHGS8z15xApt5lMVLlomUlcWLF1u98hc5uPDosRO9+8bM9jdp4rgK5cvLnyMsXbZcXPY1Gs28OTNd6jiL5YFBQcNHjL7w58Xw8PC58xbMmD7FsGEJ9Co0dOHimBPexia7OvZpVDy+swUHh4i3tVzZssOHDS5frqyVldXbt28nT50hzts1a9d1aNdW1NfpdLPmzBMb9u7VY+jggeJkDgsL27Zj57HjJ8eMGiEbk8CPnmv9ujVrXAsKCqpVp55YMnXyxO++q6iuc+/e/cFDRxhuCwAA8GnRAADg/1+nLt3tvylq/03R2XPnq5dv37FLLJd/f//9t1yr0+kqfFdZLD9/4U+x0OPwEVn5p58XRUZGqnd47/59ufbq1Wti4bt376rXcpGbGDavS7eeYu0u991yoUv9hmJh9Vouf/3lrbfJgEFDxNpOXbqbfu3x2M/WbTvEwpJlygcGBeltcvXqNbG2wneV5cJhI0aJha3bdtDrk+jo6OUrVom1I0f/IJa8f//++6o1xMI+/QbqdDq9TWbPnS+bLRfGoye9fXzkO7L2t/V69d++fde6bQexdvzEyaZ7MiQkZNWva65dv6G33MvrgTzEo0e+cvm0GTPlco/DR/S2+n3DJrlW9lhitTYyMrJ2nfqiZtsOnSMiIvQq6HQ62ec+Dx/Kg65es9ZwV/Ik+b5qjXfv3slV8TtF1Yd7+/ZdtDH3vbx+XfOb/5Mness3bd5qeO7t239A7vD0mbNGeyOuDdBz5OhxucmNm7f01k6ZNkOs6tW3v+EhzO/S1WvWioXde/Yx2gzZ4Xv37TfdYHmebNq8Vb18/YaN8qww54XP+HG2vBTo9VVUVJRsz7r1G8TCXe67TXTUq1eh8lM/bMQoubx7zz5i4apf1xi2ISQkRO7z+fMAuVz9+SpZpvyTJ0/NeUXCtu07xYbNW7YxWsHMnZt/ovo/eSJ3ePLUab36J0+dlscKf/s23neNRYuXioUDBw/9ZCccP3Fy85atb9680Vs+cPBQsZPhI0fLhS9fBqtvlD/OnGN0n+r7o/03RY8eO260Wpw+4PG71BzyOPyxT9OTJ0/Fqtp16suFCbxNt+/YRa8nu3bvJfth5apf1avU3xPkxyQ5vyd88hpYskx5sdbz3n3DtabF6YKsPq+6du8VGvpaXfPdu3fyO9gvy1eqV8X77DX/KPIeangp+2HcRLHqkMdhufCvv7zlUc6eO6+3SWjoa9mrvr6PTXahEceOnzB6GRQePPirZev2soL6Vfz550V5bVFvEtfvbOKN27R56yGPw3pf2CIiImQHbt+xK6Y3vH3kcQ2/4KnF78w3SvbAnxcv6a26dv2GXKte/v79e7n8wYO/1Ks+dhsFAACpDSlGAQD4Esgso4cP/ydD4IGDh0RBZhE8eepD9qR79+6L349rNBqZGUnSarVDBw/UGwji6OAgkmQqiuLn/0QULl26IsbNaDSa/n17GzavV8/uouB5777h2pHDhximB3StX18UvH18DDcxyvz9bN6yVRQGDeynNyWPoihly34rUmYFB4eEhISIoZm7/9gr1o4dM8pwCF2njh1E4eatW6Jw5uw5OU5u0MD+evPcKIpStkwZw5cQj54Us8eJ39S3ad1Sr36GDOlL/ncWHBOyZcvWo1tXvenTFEUpUuQbORbqsZ+f4Ybt27WRIwkkF5cPS549f564rb146bJMjDZsyCDDsRqWlpayz93d/5AHbd+2jV5NKyurAf37irIYOWp4uMQ6RSWHIkW6de2cP18+veVyZrLg4JA3b96I8rr1MVkuK33nVNXYuDGjY3/jpGaNajJPpl724PDw8HXrY8Z+de0Uk2Yz4V36mZCj2cLDww8cPKhedfXadZlAsknjRqKw/veY98KljnPpUvqzHmbNmqVfn5iP7e4/9oaGvk6sdk6ZNN7oxH5JvXPzT9T8+fLVrlVTLNyydbte/U2xl9zWrVqIsVYJvGuYo2aN6m1atzLMuVrHubYo+Pg8NLphQTu7oUP0064aat6sqXzJeuL0AVcz/1Lj8/CRKBheM+W7+cjXVya6TGCHt2vbRq8na9WsIcvNmv5nDktHBwd5PZEJHj+T7wl6PD09zaj1H/G+IM+cMTVLlszqJenTp28Q+xL07q3xPnvNPIpOp5P3UEeHIno7kUmAvbweyIXyW1DNGtUrf19Jb5MsWTL36NZFlB/89ZfRtplp34EDO3e579zlvmXrtjnzfurRq2+9Bo3k/JdOThXlhIgfE4/vbOKNa9umVV2XOnpf2Kytres4x3yfkZ0WGfmvPJZ/7Jdho5LhWgcAAJAQpBgFAOBLUDP2Ud0jX9/Hj/1EBqRXoaFiMpVqVau0atVCTKblcfiITEv1Ib+oa700acz9VmBrqxWPSAIDYwJgPg9jHlTZ2RW463nPcJNXr0JF4cEDI4+NLCyM/GLp66/ziEJAQGB0dLScQskEM/cTFRUl81hqMmqu37hpYp+PfH2zZ8/+6JGvXKKLjDSxibe3T2RkZJo0aR4+inl66+jgUNTR4WP19cSjJ2UMo1nTJiJXZ1IoUKCAiHcGBb0wXGv03clhYyPLL4JeaPPnT8TWynekoJ1d+XJlTVd+4O0tCs2bNTV6UIciRYoXLyZy4j165Ctz9kqJdYp+Uu7cuWQ56MWLTJkyiWxyYkn7dm0TfgijrKysunfrLJLX7dzlPmrEsBw5Yt6+fbGTmBYuXMjJKSanWcK79DNha6t1qeMsZl5cs3Z982ZN5SoZKO3cqYN44B4dHS0vHa1aNje6w0ZuDSZOnirKfv5+JbOaG543wcmpYtMmjRO+n0TcudETtX27NseOnxBzOgYGBeXOFVMnICBQTtnYqkVMvyXwrpEQuXPH/Nzh6bNnRivMmD7lk1cnjUYzbmycp9g02m9q5l9q5BxsT5/qv4q3b9+KQp48ueWPJxK9w/PEdqPebLVCAVutCIoEBgUlSgMS9yL8bZnSZ8+dFzPD+Tx81LZ1S/VMoqbF/4JsrHl5Y6O5H5uWUs8nz14zj2JlZeXo4CBeS0BAoEyzGVMt9tudre2H5TLs9/XXeYx+C3odFiYK3j4+MpAZDzNnzf3YqiqVv58z+8dP/iYmHt/ZTO8wb+yZJr/3FrK3l2vdmjQfPXJ4wwauWbNmMdw2Ba91AAAA5iBACADAlyB3rlzlypYVv7A+ffZsxwLtFEU5efK0WOtav15RRwetVuvv73/4yNG3b9+KOYEOHz0mKtSr62L+seQDx6joKFGQUZ+7dz1btDL1yMz8n/mrx4QlJPpiuJ/nzwPkEjHXlAlPnjwrV7asHKuhKErLNu1NbxIYGJQvX97Hj2N+p29vb2d+a+PRk96xwwhEBC4RhYa+DgwMDAwKev48ICgw5iFvdHS0mZurf4MfrUQnbmvlr/gLFbb/VF3Fy+uvTx60kL29iGap32vTEusUjYqKCgn5OzAw8HlAYFDsw3RJzooknrnH7xDmaNLITQQIFUXZvnNn394xU4utjx0u071rF/kak6hLU0TXLp1EgPC+l9fVa9fE6OEXL17u2btPVGjfLmaIpPrdyZfX+JC7zJkzazQa8Zb5+j4uWSIRAoTfGAycSkTm79z0iSqe3efJk1tEIP74Y68cFrNrd8x40wrly30TO5lZUtw1TIiMjAwKeiGuZtdv3BALIyL+MVrZzs7IjJV6smfPbjQYYOiT/fZJRi815cvH/DBi5y73Lp06FCtWVNZZtGSZKFSsUEEuTPQOT5surSikT29ksr0P3xOiYi/+n9P3hH59eokAoaIoK1auXrFydamSJRo3cmvgWt/E7INJcUGWvRcVFfWxOnE6e80/SrVqVUSA8OdFS+bNmSmjbs+ePRez4qmHEiqKcjd2tOWmzVs3bd5q4nBP/J+a3zYzFS9ebPjQwXIMrmnx+M5muPzdu4igoKCAgIDnAYEyxCi/AqVNm3bY0ME/LVgoBhFOnDx14uSptWvVbOTWoHatWhkyfPiFQTJf6wAAAOKKACEAAF+Ihg3qiwDh0aPHO7ZvpyjKQQ8PsUqkAnNrUH/Z8pWKopw9d96ljvOzZ8/F43tFUb6LHRgUP4Gqh56GIwnUKn3nlJADJYrgkBBZNt3atGnTFixopyjKi5cvzNwkW7Zs2bNnVxTFzy8mr1qePHnMb1tce1Kn08kEbnK8TkJER0efPXf+kMeRvfv2y8eg/6mgmBsgNJSIrfX1fSwKefN8bf5BDdPJSnJkjww9JrWIiIhDHkc8Dh8R0SlD4kGkephIDpNPrhMoc+bMPbp1Xb1mraIoa39b37N7tzRp0ly7dl08QdZoNG4NG4ian22Xxk/FCuXlSJoNG7eIAOEu991ibfVqVeVIEf8nH556m4giaPPnF3uTF4H/a2aeqGJMUsf27ebOX6AoyqYt23p072ppaanT6TZu2iwqdOzQTm6VPHeNt2/fHjt+Ypf7H6fPnI33TuLH/H6Ln6+yZm3TquWWbdvFAKZePbsXsreP1EUePOghQ18DB/SV9VP8Np3iDVBzcqq4cvnSseMmiCzriqLcun3n1u0702bM7N2rx8D+/dQBHrVkuyAnw9nbpLHbxk1bwsPD9+zd5+vr26J5s/TprZ88ffbrmt/E3b9N61aFC334CY4cfajRaIxGhSV1WDEeRo8c/tVXX4nkBDly2NjaavPny2eYSNyEeHxnk7wePNi798Ahj8NG71wy4K0oSt/ePa0sLcUVTzh2/MSx4yc0Gs3E8T+0aB4zHv2zOvMBAAAMESAEAOALUatWjSnTZoj4X1hYmIgUilEd4pGEi4uzCBAePnLUpY7z6TMxkxE2bdIoTk9eDGm1MaOIunft8sPYUYnxapLQ16qI3eGD+8RzKNPkVFKODg7797qbc5T0sY8X5RRQ5ohrT6oTbf3zPg4HMur167B+AwbpzRhnY5M9X968Pg8fGY0XxkkitlY+0Xsd9olp3qysrOSIrjcffwlhYTHzgdlkz5aQhpnpwYO/OnTuKp9NC1qtNlfOnHKmJSFrlg+jlN68eWMiIJdw7du1EQHC4OCQo8eO16vrIqeO69ihnXxi/nl2aUL07NFt+MjRiqLs2btvzOgROWxsREJmkV9UVvsqa1ZZDn/7Nls246/rVeirmPpmXFs+c+afqEKzZk3E43J/f/9Lly5/953TuXMXRFxBo9E4166l2kmS3zUOHPQYOHioeolGo8mVM6e1tbXMEplE4tpv8TN1ysT3//4rgtkrV/2qXqXRaBYumGdfsKDq6Cl8m07xBuipXavmqeNHjx0/vvuPvTLduhhQ+OTJk4UL5hsdj5hsF+RkOHsdihTZtmVDA7emMj6qXuvsXGvCuDHqJQXt7ETM7Kd5c5xrG599M1E0cmsopz2On3h8ZxPDK2fPmS9ugpJGo9Hmz/8q9JVhDlhLS8s+vXu2aN5s3/4Df+zZKzswPDx89NhxERERYo7bz+3MBwAA0EOAEACAL0T+fPnkpF/nL/wZGRkplru61hOFEsWLi/xv7rv3/Dh96tFjJ8Tyui51EnhoOcLm/yI/Us6cOT7kAHzsV8aMh/gy49x9Ly+dTvfJ+W8URbGNndDIzImFhHj0ZOHChUQCK6OzA5ovNPR1uw6d5XCxnt27VqlSuVTJEuLFduvRW8xnaaEkaKa9xGptIfuYB98ylasJxYo6Xr5yVVGUgICAj9V5FjsupFChJEznKHh63mvTvpM4AwsXLtShfdvK31eSj/ILFSkmCuLxdP78+eSGT58+Uz/xT3TqCfl+W/d7hfLl3XfvEavatWmtrpnALjWRTC9F1K/nMnHyVPGObNu2o3jxYuJjq9Vqq1apLKvJ57yKogQFBsln0Go6nU5+5A0zVSZszFhyi9OJKuTKmbOBa739Bw4pirJ1+87vvnPavHWbWNW5Y3v1L1GS+q6xc5f7qDHjRLl6taqNG7lV/r6SmFnz+o2bphP9JVA8+i1+Xrx4ef36DfEzjpw5cvo/eZI5cyaHIkXKlf22Y4f2YuJMKcVv0yneAEMZMqRv2MC1YQPXsLCwA4c8Fi1eKj68+w8c6tOrpzprq5Q8F+RkO3vPnDknCqVKlgh68SIs7E0h+4KFCxdu0ayJk0FiiaJFHUSA8DMfFB6/72yKooz5YcLOXTHRxPbt2tSuVbNChfIZM2RQFGXV6jWz5sxTFMXSUv9jmyOHTZfOHbt07vj06bNd7rt/XrRELJ8z76d2bVtbWlp+hmc+AACAmpG5vgEAwP8ptwauonD69NlDHodFuXbNmB96W1hYNHJrKMrHT5yUP5mvXPn7BB5X5OFUFOXK1WuhoZ8Y0fU5KBI7D9bZs+fMqV/A9sOD/itXzRr/kffrmNSXdz09dTqdmQ2LR08WsLUVhXv3EzSq4PiJEyI6qNVqD+3fM3BAv2/LlDbzsZr5Equ19rEBwus3buoN0zFUpMg3oiAz7+kJDw+/eu26KBe0i8OckfHz2/oNInjgUsd5987tHdu3M/GU2crKqnDsLHF6gzuTQtcunUTh8pWrs+fOF2XX+nX1pmiKX5dqNBpRCAyMz0xsScfa2rp37IR5v2/ctGFjTErMHt26qKfStLa21sYG/v+8dNnorm7evCXLdgVirhuZM8eEaoKDg5PmFSSJOJ2okowl79m7z9vbRybYbNmiubpakt41oqOj5dk7asSwNatXNG7UUMRXkkH8+i0exo6bIEI1+/a479/rfuv65XOnT6xZvaJ/vz560cHP4Tad4g0wIXPmzK1bttj3xy6ZAdLz3n2jNZPhgpxsZ++1a9dF0Ktb187uO7edO33i1vXL7ju3zZ39o2F0UFEU+9hAl3rA5ecpHt/Z/Pz8ZXRw88b1UydPrF6tqogOmilfvrwDB/TbviVm9Hl4eLjIMv05n/kAAAAECAEA+KLUjk36dPL06QMHPcSMJurnSnViM7zNmvPh0X+cnoAYVaJ4cfHoPzw8fMWq1QncWzKoXq2qKCxYuDjoxaeHsmXIkL5C+XKiPGv2XHPGP8kIVkBAoOEEQu/eRYi5o/TEoye/iQ127tzlHhKiHyp78vTpkaPHzdnPufMXRKF508Z58+pP7PfmTULziwqJ1drixYrJ8m/r1puu7FSxgihc+PPi7Tt3DCvs3LVbJlD9tkxpcxpgJqOZVE+einm62rlje72Zrt69izCsL6cIXbFy9d9//53wBpggJuQTZfm0tGOH9nrV4tel2vwxI/Due3mJNMhqfn7+z59/dDxiUmvdqqUoBAeHiMGyYo4uvWrVqsYMKFy+YpXRN2vF6phMj1qtVmbJK1AgJi5+7doNw02uGluYWIw20kxxPVGFihUryDDqD+MniUL1alVtbbXqakl613j82E/+bkCdJDa28e8S93B64tdvcRUZGSnvLFevXv/3339N10/x23RKNcD8a2C2bNnkxdbEHHsJuSCbI9nO3gsXL4mCt7fPk6dPP1Vd+T52hryLFy+ZHyMMDw//5I94El08vrNdunxFFCqUL1exQnm9tW/N7vayZb+VP4VJnz795/DRAwAAMI0AIQAAXw77ggXFb9tljruGDeqrK5QuXUr8QN7f318sSXh+UUVRsmbNMmrEMFFesXL1mrXr9B7H3Lh5q3PXHnVd3QKDPouRQ927d5UDBXr36a+XpvLt27fLlq/hr7YGAAAgAElEQVSsWKnKqtVr5MJJE8eLwq3bd0aPHf/mzRv1Js+fB4wdN6FipSpySEGVyt/Lp+RTpv348NEjWTk09HX3Xn2MPl+LR0+2ad1Srh3zwwR1wx48+KtZi9byvTYtc6aYESfPnj9XL3///v30H2fJebOilQQlSUys1ubN+3Wv2CFfy5avlKEsISQkZNCQYTVq1xV7q1+vroxRDRw83OvBA3Xlo8dOiMk7xVx0emGMeMiUKZMsX7gQcz48fuwnB5JmyRwzi1XAfwfSvXwZ3LV7T/lvdGw+yn59e8uFffsPevnyP6PQDhz0qFyt5sLFS81vgGk9e3RT/+vo4GD4tDR+XaoenbloybJoVcLNc+cvNGzcLOHzXMZbjhw2rVr+Z4hbt66d1T0pDBrQXz7q7T9wsHo4SFRU1KLFS4/GRrgnjh8rB+DKjLhXr12TI+rEW7x6zdreffsn+suRLb/v5SWuFTqdzpx8vGpxPVEFS0vLbrHjUOV1o327Nno7T9K7RkZNRll+8fKletWdO3eHDBsR1x3GSfz6La7SpEkjP1ADBg1xLF66Ru26LVq17daj9/CRoxcsXHzw0GH1ByrFb9PJ2YBPXgMPHPRYvGSZ3rU0JCTkz9iYmaOj48d2HtcLclwl29krz5/TZ85Wr1mn1LcVGrg1bdexS+9+A6ZMnbFm7Tq9yQ6dnCq61q8ryqPHjjvz3wQMOp1u/4GDzi6u/QcOkf28dfuOUt9WqFipysDBQ5M5s3Rcv7PJqF5AYJDevdJ9955FsW9oVFTMx1an061YuXrDxs3v379XV7585ar43Gk0GvEbkRT/6AEAAJjGHIQAAHxR3Bq4Lli4WP5bq1ZN9VorK6tGbg3X/vZhxJUcS5dAbdu02rxlm3icNGPm7N179lZycsqvzRcYEHTu/Plbt2PGGC1fsWrShHGJcsSEyJghw5RJEwcMGiIeHtWqU69JYzeHIkUsLCx8Hj7cvmOXqDZrzrxGjRrmzpVLUZSijg6dOrRfv2Gjoii73Hefv3ChVs0ahezt37x5c+v2nWPHYyZ0nDBxytHDB0RXD+zfR0wj5O/v36RZqzrOtbJnz37v3n3Tecni2pPa/PmbNW2yy323oijHjp+o6+pWq2YNCwuLq1ev6z3dM6148Zgxedu278yfP3+NalUtraxu3ry5+tffEnHCocRqraIofXv32rhpi3gSN2rMuH37D5YvXy5rliw+Pg/F26QoyuKly+fMmmFpaTll0oRGTVuI98K1YZNGbg1FzEb93mk0mn59eps8plly5sghy6PHjrt0+XJAQODhI0cHDug3ZNAARVHKlCklunTi5KmKojg6FomI+OfMmbOrfl1rNEKWO1euUSOGzZn3k3j46OrWuH69ug5FirwKDT158rSIwSxavLRJIzcxUu2TDTCtfj2XH2fNlmM+unXtZFgnfl2aN+/Xjdwa7tm7T1GUNWvX3fW8V71qldDXr8+eOy8mT01ZnTp22LZ9p/y3fVv9mJaII44YPmTK1BmKopw6faZOPdc6zs622vyhr19fuPCn/HhWr1a1Vs0aciuXOs5i/lcRUWjapFHRoo4PH/qePHUqTnOUmq+AKs7dvkOXunXrnDl77u5dz/W//Vr5+0pm7iSuJ6rUyK2BjBCLGfJqVK9mWC3p7hq5cua0sckuzuH+A4eMHjncxiZ7SMjfBw95bNq8NU67iod491tcDR0ycNCQ4fJff39/wx9YzJszq2mTRqKc4rfpZGuA6Wug14MHAwcPVRRl1a9ru3bpVLFCeY1G4+Pjs3jpcnHOODlVtC/40VzTcb0gx1Wynb3VqlaWE1eLHz0Y3oXLlS27cvmSr2Knah4zaqTIThEcHNKlW8+aNaqXLFkia5YsT54+PXjIQ1zNHvn6Hjl6rF5dF0VRZvw4W2x44KBH186dypb9NhHbb1pcv7MVdYwZOu/v7z9sxOju3bqksbLy8/ffum2HYRIIRVG279gpzoHVa37r3q2zo4ODhYXF1avXlv6yQlTo2b2rrJziHz0AAAATCBACAPBFcXauJQOETk4Vc+XMqVehjnNtGSCsXaumnBwrgaysrNatXT1u4iQxgObuXU/DJ/7Vq1UdNmRQohwu4erXc1m4YN4P4yeJJ7a7/9hrWOeXpYtEdFAYO2ZklqxZliz9RYzRNHxUp9Vql/+yRP7bpHGjO3c8xfOp8PBw9SFKlSwxd/bMuq76CQzj15NjRo14/NhPPJfUa1ib1q2qVa3cb8DgT3ZIA9f6q35d4+3toyjKTwsW/rRgoVxV0M7O1bXe0mXLP7kTcyRKaxVFyZIl8/atGwcNGS7afPrMWb2neO3ath47ZpQoFy9ebPPG9UOHjxRPMEWMSq1c2bJzZ/9oOHFXPFhYWAwc0G/xkmXifV//e2y0csmy3j17ZMiQvm+fXu6794i1w0eOVm9br66LpaWFeAKr1qN71/fv3/+8aIl4MisnyRNsbLIvXrhAPoz+ZANMt9/a2rp9u7ZiwIRGo3GtX99otfh16dDBA8+dPy+efV+8eOli7HgdRVE6dWxvYWGxbv0G081LOkUdHcqVLSvOzJo1qtvZFTBarWP7dmnTpB0/cbJ4L7Zs3aZXoU3rVmNH/2eUj7W19ZSJE3r3i4nOuu/eI04AYc6sGet+35i4IdKiRR3la3nk67t8xSqx/JflK80PEMbjRBW++uqr5s2aynG9nTt2MDqbaZLeNX4YM1q0+e5dz05duqtXDR825Ld165Mu7WG8+y1OXoWGqpMiihGKr8Ne672uEaPG2NkVEON9U/w2nWwNMH0NtLSwdHRwuO/lFR4eLm7oajY22X+aO1s9+aihOF2Q4yF5zt6r164HBASI63zFCuWDXrx4/TosJCREHca+eu3asBGj16yOCXrly5d3j/uOYSNHi9vuiZOnDHMh9OvTy6WOs+HhIs2ejDmxxOk7m51dgVYtm4vfiOzbf2Df/gOymkajGTli6OQp09Xb2tjYaDSa8PBwf39/vVUivb96pGmKf/QAAABMIMUoAABfFEcHB5nZske3LoYVypcrK8eK1a/nYmJXmowZTaw1lCOHzYplS+bPne3kVFEmaxLPVlzqOP+2ZtWa1SuMxiOtrdOZ3rOFhYU5DYjrfho2cD3isb9Vy+bqzIeKohQuXGjIoAFXLp7Te8iVLl26oYMH7tqx1dm5lsxQKjg5VZw5Y9rhg3sLF7KXC62srCZNHDfrx+lyUjfxJHfY0MGbNqwvXLjQx4ZvxrUnbWyyb1i/plfP7nLOM41G4+xca96cmTOmTS5TprQ8JUzIkCH92tUrG7jWUy/Mkyf3mFEj9u91b9+2tWhJGmMP+tNbfyLmpJYorRUcihTZvXN7n949RWZduf+aNaovX7Z42pRJ6vk1K1Yo73Fgb6+e3eX5L1QoX278D2M2b1xn4nluXE+tPr16dOvaWb2kZo3qRzz2i+BcIXv77Vs26jWjVMkSSxf/vHTxz02bNBZL0lh9+CWflZXVwAH9tm3ZUK1qFfUpUbx4sU4d2x8+tF9OCmhOAz7peWya2a5dOpnYJB5damurPbhvj8xTJ1SvVnXRz/MnTRhXN/YTZ/4ZpTdVmHU669g9fHQKsY/R6XRyRtKuXYyMmxQsLCzatml1/Mihpk0aqS8dNjbZq1erunrlLzOmTTbMTersXGuP+45SJUuo6zdya/jHru3NmzV1a+BqomFx+nzJRi5cMK9a1SrqhZ06tl+6eKFeTRM7j8eJKrVt00qWWzRv+rFDxPuukT79J6bObdLYbc6sGXoXamfnWnt37+zXp1fLFs1NzDNnne4Tn3fT98eE9Jv5l5qhw0aKuNTCBfO2bPp9y6bfjx4+cOnCWW+vu2dPHZ85Y5rsz/MX/pSbJ8VtOmNGzcdWGXZysn1PMHEN/Oabwnt275g0cZz68yjaMKB/3xNHPeS96WPiekGOeQlmnFdCUp+9iqJcu3a9W4/ewcEhTk4VTxz1WL3ylz3uO04e87h1/fKdm9d2bNsshgCKodIRER/mzixevNge9x1DBg3Q6z0bm+zt2rb2OLhv+LAhMrzaOzYTeLmyZU3P72sd9yu2HsMOiet3tonjx/Xv10ddTaPRdOrQ/tjhgx3btxPtT5s2rVhVx7n26ZNHu3XtrPcFUqvVzpszc93a1Xq/ioj3ma/XHlEw0V3qnev52FYmZtwEAACpgUUCJz8AAAAwFB0d/fx5wOuw119l/SpnzhxGh498Vt6+e+fn55cuXbocNjnMHEb2999/P38ekDlL5hw2OT4ZdxH7L2BbwMwIjRTXngwODgkJCbG3LxjvPg8PD/d/8iTy30gbG5s8eXKbGZ2Nn4S3VhI9nDtXrmzZsn2ycmRk5GM/v3Tp0uXLm9f0SJEENunZ02cWlha2Wq18qqgWEhLy5OmzdOnSmtlsITo6+umzZ//8808BW9s0aUylA/lkA4wKCAisXC0mNfHZU8e//jqPOVvFtUt1Ot1jP7/3799/U7jwZ3J9OHjosEg7XNDO7vChfWaeGOLEy2GTI0cOG3PqR0REPHz4KHPmTOYHwhPi1atXgUFBGdJnyJ8/X7xP9fidqHGVFHcNnU4XGBgUGBSUJUvmr/PkyRjHX70kUNL127Nnz6vWqK0oSrWqVdb+utJonYWLl4pxwJ06tJ800UjewhS/TSdDAz55DRQXondv3+XPnz9r1izxOIT5F+S4StKzd8KkKWJE3Y5tm42G7v7991/H4jHLz589qc6moG7hYz8/XaQuW7ZsH7sA+j958vbt28KFCqX4dd7M72zv379/8vTp69dh2bNly5v3a3Pe03fvInwfP7aytNRqteZ8x0vxjx4AAIAaAUIAAAAAMebM+2nFytWKojRwrbfo559SujnJp1HTFiLt2/Spk9UD4IDPjcfhIyIVs4kP6cjRP4jZXhcumNfQ5BBVpELOLq5ipkyPA3vVQ/AlX9/HtV3qiyFxJ48lQlJcAAAAfJ5IMQoAAABAURTl9eswER1UFKVzpw4p3Zzkc/HiJREd1Gg0jRs1TOnmAKaUKllSFPYfOPTLipXqSePEyOxZc+aJ6KBGo/m+0ncp1Ex8vipVchKFPv0GenreU6+Kioq6ePFS+04xOepbfjxFMAAAAL4AjCAEAAAAoCiKsurXtbNmz5UTTaV0c5JPtx69T50+oyhKzx7dxowakdLNAT5h4uSpGzdtkf86OVX8Ok/uf//9NyAg6Oq1a3L5xxJIIpXz9vZp1rKNDC0XtLMrVNg+a5asISEh9+7fDwgIFMvr1XVZ9PN8cmACAAB8wQgQAgAAAFD++eefqjVqBweHKIoyf+7sJo3dUrpFyeS+l1cDt5hRMieOetjaJsfsgEBC6HS6hYuXLl22/GMVqlWtMnzo4BIliidvu/B/w9Pz3rgJk27dvmN0rUajGdi/b8cO7dKnj9vEyQAAAPj/QoAQAAAAgBL04sWevfsURbHJnr1xIzdLy9QyGcGt23cuXb6sKEqxokXJx4j/I2/evDlw0OMvb+9nz54/e/bM2tq6UKFCdgVsy5cvx8BBmOPmrdsnTp569MjXz89PFxWVL29ee/uC9gXt6rrUyZQpU0q3DgAAAEmOACEAAAAAAAAAAACQiqSW3wUDAAAAAAAAAAAAIEAIAAAAAAAAAAAApC4ECAEAAAAAAAAAAIBUhAAhAAAAAAAAAAAAkIoQIAQAAAAAAAAAAABSEQKEAAAAAAAAAAAAQCpCgBAAAAAAAAAAAABIRQgQAgAAAAAAAAAAAKkIAUIAAAAAAAAAAAAgFSFACAAAAAAAAAAAAKQiBAgBAAAAAAAAAACAVIQAIQAAAAAAAAAAAJCKECAEAAAAAAAAAAAAUhEChAAAAAAAAAAAAEAqQoAQAAAAAAAAAAAASEUIEAIAAAAAAAAAAACpCAFCAAAAAAAAAAAAIBVJk9INAAAAicPf33/l6jUREf+0ad2iXNmyKdKGFq3aPvjLW1GU+XNn1XGunSJtePky+NLlKz4+PiEhf9vaaqtVq1LI3j5FWoI40el0lapUj4j4R1EU951bP8N3bf2GjfPm/6woSgPXejNnTEvp5gAAAAAAAMQfAUIAAL4E0dHRXbv3fuTrqyjKLvfd58+ezJ0rV/I3I+zNm/DwcEVR/v03MvmPrijKzl3uU6b9KNogjFfGfIahJhiKiooKDg6JKeuiUro5RoS+ChWnlvoEAwAAAAAA+H9EilEAAL4EoaGhIjoo+Po+TqIDDR85uq6r2+4/9ibR/hPi+ImTo8aMUwdvbGyy29kVSNFGIcWs37Cxrqvb1Ok/pnRDAAAAAAAAPjuMIAQA4EuQNWtWrVbr7+8v/rUrYJsUR3n//r0IDaqDkZ+J9+/fT5g0RZSLFy82c/pUR0cHKyurlG4XUswhjyPe3j6ZM2VK6YYAAAAAAAB8dggQAgDwJbCwsFi/dvWqX9e8e/euTetWuXPnToqjBAQEJsVuE4Wv72PZvCULF9jaalO6RUhh3t7eKd0EAAAAAACAzxQBQgAAvhC2ttppUyYl6SGePnuWpPtPCDmo0dHBgeggIiIi5IyGAAAAAAAA0MMchAAAwFxPn36+AcKgFy9EgUkH8ZmPdgUAAAAAAEhxjCAEAOALcenyleMnTiqK4lCkSNMmjeTyI0ePXb12PU/u3B07tLOysnrx4uXlK1evXL16/fqNPHnylCherG5dl8KF7E3v/N27iOcBzy9dviL+ffr06dVr1+TaYkWLZciQ3nCrBw/+unL12tVr1x4+fFS4cOFiRR2bNW2SNWuWjx3lvpfXjZu37t71fPTIN3369MWKFS1VsmTtWjUsLCw+tkl0dPS169cVRXn82E8sCQ0NVbetoJ1d9uzZ5b8RERHnzl+4f9/L89794ODg/PnzFS3qWKxo0e+cKhoe5b6X1+4/9lpYWLRs0cy+YMF37yI2bt587twFf/8n+fLldWvYoEXzpoY9fP3GzfMX/jx3/oKlhUXp0qW6d+0sGhAdHX3p8pU9e/f7+PhERUU7OHxTpnSpJo0bmT9RYlRU1OXLVzzv3b/r6enj8zB//nxFixYtXqxo1SqVLS2N/Orr0uUrd+963rvv5efnly1btmJFHYs6On5fuVLGDBmMvlJra+uuXTp9lTXr48d+Z86eO3Pu3N8hr74pXKhzpw5Finwjaj589GjHTvd79+4Hh4QU+aawo6NDy+bN9d7Tt2/fLlqyTFGUJo3dHB0coqKi7np6Xr589c+Ll54+fVaqVIkyZUq7NWxg2AzT3r59e/7CxXv37t2+c/dNeHgBW23Roo61a9bMly+vulpkZGRAYOCZc+fEv2Fv3qjPh/z58+fOlUtdPzAw8NLlK3c973l5PYiKiipS5BtHhyL169czp3nuu//wevCXoijfFC7UvFnTj1U7eOjwzVu3FEWp61Ln2zKl4/SqAQAAAAAAkoJFdHR0SrcBAAAkgsVLlv28aImiKA1c6y36+Se5fPqPs9b+tl5RlPW//RoWFtZ/4BDDbWfPnCFiXUbduXO3cbOWJg59aP+eb74prChKXVc3b28fRVF+mjfH29t72fKVejXz5Mm9dPHCMqVL6S3/559/FixcvGr1GsOdV6n8/fRpk7X58xs9tE6nK1K0pIm2LV64wLV+XVG+e9dz8NARMhmpWvVqVWf+OE0vdHT4yNG+/QcpijKgf9/ePbs3bdFavDrh2zKld2zbrO7htatXnjh1av3vG/Ve8hGPA1aWluMmTHLfvUfvuOXKll286Ce94xoV9OLF6DHjTp85a7jKyani7B+nabUfEqu+ePFy/KTJR48eN6ys1WoXzJ+jF6aSr3TggH6F7AsOGTZSb6t9e9yLOjqs37BxytQZeqtsbLIvX7q4bNlv5ZLg4JCKlaqIV7f+t9Vjx03cs3ef3laODg4rly9Vx/b+/fdfx+IxrZJnlHTz1u3BQ0f4+/sbvqLpUye3btVChkgLFSlmWEdduW2bVvJf991/jBg11rCaVqudPXO6U8UK6oWGHzH33XtGjBoj1u7dvbNYsaKGuwoMDPy+ak1R3r5lo7qjAAAAAAAAUgopRgEASC3GTZgso4MajUaj0chVo8eOu3vX82MbpkuXLq7HGjZilIwO2th8GMAXEBDYq0+/t+/eqSu/fh3WrEUbGR3UarW1a9UsV7as+PfsufMN3Jq+evXK6IEsLS0LFy5koiVp0sSMz3Pf/Uejpi3U0UF1RO3U6TN16ja4eeu20Z28fBk8dtxEdXRQUZSiRR31qnXt0UtGB2X3BgQErlz169z5C2R0ME+e3HKTq9euTZ4y3UT7hbt3PZ1dXNXRwYJ2dnI/Fy9eatCo2T///CP+9fS8V9ulvjo6qH6l/v7+LVq13bJ1m9EDLV6yTEYH1W/cpMnTDnkcltFB9arg4JA+/Qfqvafy1XXq0kNGB9Wn3H0vr/oNG7958+aTr11RlO07djVr0VpGB8uVLVu7Vk358sdPnPyLKhStPoppo8aMk9FBjUZTpfL3VSp/Lzb39/dv16HzxUuXTe/BtX5debiNm7d+rPGiULx4MaKDAAAAAADgM0GAEACA1ELEV3r36nFg3+4bVy/evHZp9cpfZHhj/oKFH9uwSJFvTh7zOHxoX+1aMQOh2rVtffjQPvlXoICt0Q1nTJ9y9tTxSxfOPrh3e9SIYWJhcHDIxk1b1NWWLlt+38tLBGl+Wbro5DGPlcuXbtuy4fzZk5W+c1IUJTw8fO68BUYPYWFhcXDfHxfPn+nTu6dYUtDOTt020eagFy9kKChPntzbt2x8cO/2yWMenrevL14Ys+fw8PAJk6bodDrDo2zZum3f/gOKorRp1XL+3Nnz5szs27tX29atDGtqNJqVy5feuXnt1vXLv69bI7p38ZJlYohh1y6dbt+4cu70iZvXLjVp7CY2OXzk6PUbNz/W+SKz6PiJk8PDw8W/UydPvH3z6tHDB86dPnHiqEerls0VRRk7eqS1tbWoPHHyVFl5/tzZd25eO3nM48G927t3bZORwnETJpuYpW/CuLGXLpy9dOHsyWMejg4OItQnosuVvnM6deKIeE/HjR394T3duNnorq5eu1bQzm7VimXXLv956/rla5f/lPlvw8PDt2zbbuKFC4GBgWN+GC/KjdwaXv7z7LYtG1YuX3ru9InZM2MClj/9vEjmmD16+MDhQ/uGDh4o/nV0cFCfD67164nlx46f2LnLXZRHDB9y9dL5dWtXr1u7+vKfZ7t26RTTS+MnvX//3kTbrK2te/XoJspbtm4zDGNHRkau3xATM+7WpfMnXywAAAAAAEDyIEAIAEAq8svSRaNGDHMoUsTS0tLCwqJmjeoybnfq9BmjsTFBq9UWsrfPkiWz+Dd79uyF7O3ln+EQQ61W63Fgb5tWLb/+Oo+iKFZWVr179ZCpPs+ePSdrenv7rF6zVjbPpY6zXJU7V65lSxaJGNuWbdtlBEiPpaVljhw2cjxZrty51G0TM/zNm/+zWJsnT+79e3eXLfutWG5tbe1av+4e9x1i7d27njt37f5YJ6xcvnTG9ClNGrs1bdJ4xPAhhvkkbWyy7961rXatmmJGxu8rfTdwQD+5tnq1quN/GJMxY0ZFUTJlyjRj2hQ5Dk89SZ6hg4c8bt2+I8q/rVnVvl0bOT2era125oxpD+7dlmkz/9izV4Ybd+3Y2qSxm2iMlZVVyRIl/ti1XXbU3Pk/GTuasmLZki6dO4q2abXaGdOnqF/g0sUL8+fLJ3bYrWtn+Z5+bLBd8eLFtm7eUKtmDTFPYdasWebNmSUjzStX/SoHPn7MnHkx7axQvty8OTPVM0q2aN5UnsBLf1khCrly5ixkb587d8zLzJAhvfp8EM2IiIiYNmOWqDCgf9++vXulTZtW/GttbT3+hzHVqlZRFOWRr+/+AwdNN691qw/Zd3fERhylY8dPBAeHiMhx/XoupncFAAAAAACQbAgQAgCQWrRv10YdfhNcXD4sefb8eWIda+TwIYaZP13r1xcFb58PuTp3/7FXFGrWqF75+0p6m2TJkrlHty6i/OCvv+LXmPDwcDlWrE/vnl9lzapXoXjxYjLQtWGT8ZFwzZs1lWGtj6lfr659wYLqJVWrfC/LbVr/Zx7H9OnT13WpI8ofi30K69bHDEGr9J1T1SqVDSuIYKcgc5y61HEuXUp/dsasWbP069NblHf/sTc09LVeBa1W6+xcS72kTOlScphpI7eGIsAmyZfg7fPQaOOXLFygzkcqdIsdohccHGJ0SkgpPDxcniFjx4xSv1KhU8cOonDz1i0T+9Fz6dIVMaBWo9H079vbsEKvnt1FwfPefdO7ypkzR8sWzUR57W/r9aLsv2/YJAo9u3cVQzwBAAAAAAA+B2lSugEAACCZWFhYGC7MYWMjyy+CXmjz50+kYxn5EZIYTSim5YuOjhbtkWG/r7/OYzTT5uuwMFHw9vGp41w7Ho1Rh98aNWxotE6L5s0OHPQQgwijoqIsLf/Tfo1GI9NpxknuXLlk2a5AAb21efN+LQrPnweY2InIv6ooSvt2bU0fLjo6Wo41FKlHDTVyazBx8lRR9vP3K5m1xKdehPL113nE/It64U/1eyonCNRjnd5IVKxixQqy/Px5gMhiatSjRx/Ch7rISBO5WL29fSIjI9OkMevLrc/DmHCmnV2Bu573DCu8ehUqCg8efDos3alDezHRYEBA4MlTp2Ug2efhwwt/XhTlVq1amNMwAAAAAACA5EGAEACAVE0dCYtWopP0WOoRVDJAeNfTUyzZtHnrps1bTWz+xP9p/I4rx6hpNBq9AXBSvnz5ZDkgIFCG7oTs2bN/bEPTZOJKMWRQb611upgOiYqK+tgegoND5ISCBWy1pg8XFBQky/ny5jVaJ3PmzBqNRuzT1/dxyRKfDhDKjKYiW6maYXZZc1haWubJk1tMgvjsmalxqz4PH8lyyzbtTe82MDAoXz7jr1qPiHeKeHCLVt6mR5UAACAASURBVKbCrurRrh9TrFhRJ6eKFy9eEiM4ZYBwy9aYGRabNHZTh4oBAAAAAABSHAFCAACQkkSUSETv0hsbbSaVKFE8fod47BczuE0OdzOUI8eHkZRPnj7VCxCmoKfPnslyjpw5TFf2f/Ihhprz45W1+fOLUYl+fsaH/SWDXDlzirf+xcuXJqq9ePlClg1Tlaply5ZNPT2haYGqSKrp3Vb6zsmcHXbv2lkECM+eO+/t7VO4cKG3795t3RYzt2WH9u3MbBgAAAAAAEDyIEAIAABSUkE7OzHC76d5c5xrf2KSv/jJnu0rUXjz5s3H6rwNfyvL8RssmESyZvnQmDdv3uTKmdNEZfX0iuFv32bLls1otVehr2Lqf/VV4rU0bv6OzeFpOj6XP3Zkp6ODw/697ol1dK02JpVu965dfhg7KuE7rFG9mlarFXlWN27eMmnCuAMHDolhmqVKlvi2TOmEHwIAAAAAACARGZkfCAAAINkULRoz/5xMBJroCtrZiUJAQKBOpzNaRz2kzFZrm0QtiYf8+T/kPn369JnJuh/iXoqiBAUGGa2j0+nkqE07O/1pEZOHTqeTcxbaak3lTZUtvO/l9bH3Lh4K2duLgjkZRM1hZWXVvVtnUV7/+8bXr8PWb9go/u3WtXOiHAIAAAAAACARESAEAAApyT42VHPi5KkkOoQ6DHb9xk2jdUR+SEVR8uTJbTjTXgqysrIqXLiQKF/486LpytbW1trYeNufly4brXPz5i1ZtiuQMgHCGzc/vAvqoKahArYfWnjl6rXEakDBgnZyn6GhrxNln00bN5Ll6T/OunvXU4yPrOtSJ1H2DwAAAAAAkIgIEAIAgDiLeBeRWLv6PnaOt4sXLyVRjDBXrlxyEOHKVb8aVoiIiFi2fKUoV6taJSnakBDfOVUUhRUrV//999+mK1erWlkUlq9Y9c7Y27RidUwPaLXaPHlyJ3Zj9Rk9VVas/NCGAramxmtmyJC+Qvlyojxr9tyoqKi4NsBoJ5QoXlyj0SiKEh4evmLV6rju06hMmTL16NZVlHfuismG2rljh3Tp0qmrhYSEmEh1CwAAAAAAkDwIEAIAAHNlzpRZFI4dPyEKb9++VSfnjAcnp4qu9euK8uix486cPadeq9Pp9h846Ozi2n/gkHhnmLSwsJg0cZxs+bz5P6t3FRYWNmjIcDFdnKIoQwYPjO9LSSr9+vaW5b79B718Gaxee+CgR+VqNRcuXir+HTSgvwx99R84WD08LioqatHipUePHhf/Thw/1srKKqkb371nH5lNVLZBnj8jhw/5ZBsmTRwvCrdu3xk9drxedO3584Cx4yZUrFRFb3hlpkyZROG+l5c4RXU63ePHfmJh1qxZRo0YJsorVq5es3adXujxxs1bnbv2qOvqFqfTu0P7NnpLWrVsIcvR0dEjR/9Q4bsqpctWXP/7RvN3CwAAAAAAkOjSpHQDAADA/w2ZmPGRr2+7jl3KlC61Y+euiIh/Thz1sLHJHu/djhk18sBBD0VRgoNDunTrWbNG9ZIlS2TNkuXJ06cHD3mICfMe+foeOXqsXl2X+B2iapXKLnWcDx85qijKLytWnjh5qkrl721ssj999uzoseNyTr4xo0bkzpUr3i8kieTOlWvUiGFz5v2kKMrlK1dd3RrXr1fXoUiRV6GhJ0+evnrtmqIoixYvbdLIrUAB2xw5bEYMHzJl6gxFUU6dPlOnnmsdZ2dbbf7Q168vXPjz1u07Yp/Vq1WtVbNGMjT+ka9vg0bNXOvXzZc3ry4q6uzZczLLq6ODgzlvaFFHh04d2osp/Xa57z5/4UKtmjUK2du/efPm1u07MtY4YeKUo4cPyK0K2H6Y2rB9hy5169Y5c/bc3bue63/7tfL3lRRFadum1eYt2+57eSmKMmPm7N179lZycsqvzRcYEHTu/HnZUctXrJo0YZyZL1ar1dar63LI47D4t1nTJjlz5pBr//rLe5f7blGeMm1Gu7at06ThqzgAAAAAAEgZPJUAAADmauBaf95PP4vBdhcvXpLz9m3dvqNfn17x3m2+fHn3uO8YNnK0t7ePmIzQMNdovz69XOo4J6Tx8+fNnjv3JxFnuu/lJSJDapMmjuvQrm1CDpF0enTv+v79+58XLRFh1A0bN6vX2thkX7xwQYECMbk6O7ZvlzZN2vETJ4vKW7Zu09tbm9atxo4ekWyNDw8P375jl97CalWrLPhprplDGMeOGZkla5YlS39RFCUgIHDT5q16FbRa7fJflqiXFC3qWK5sWRE9feTru3zFKrH8l+UrRYDQyspq3drV4yZOEkMq7971FLMGqlWvVnXYkEFxerHt27WRAcKOHdqpV0Ur0ep/45EuFQAAAAAAILGQYhQAgC9N+vQZjC+3Tp/APdvYZF/76wqtVqteMnnS+N49u+vVtLZOZ7D1f1hYWKj/LV682B73HUMGDShVsoTeEdu1be1xcN/wYUMsLU19b7FOZy0K6a2tjVbImCHDpInj1v/2a80a1dXjHbVabSO3hocP7evUof3HDqHJmNH0y4k9tKkeNtEnGTIYf8skKyurgQP6bduyoVrVKiKDqFC8eLFOHdsfPrTfqWIFudDCwqJtm1bHjxxq2qSRnHxRdGb1alVXr/xlxrTJMgOnHtOvVG86PXMcO3ywW9fO6skOvy1TeuTwoatX/vJV1qwf28r6v29iunTphg4euGvHVmfnWnpjVZ2cKs6cMe3wwb2FC9mrl1tYWCxcME9vRslOHdsvXbxQ/psjh82KZUvmz53t5FRR3asajcaljvNva1atWb0ic+bMhs372EdMUZTAwCD5MvVO5sKFClWp/L0o9+ndMx6dCQAAAAAAkFgsoqOjzagGAAAQIyoqKijoxavQVzbZbdQZFBOLTqd77Oeni9Rly5YtRw6bRN+/EBISEvTihTZ/fnVk6P9CdHT002fP/vnnnwK2tubkqHz77p2fn18OmxxJ15l6goNDKlaKicydP3tSZG199epVQGBgQTs7649EcM33999/P38ekDlL5hw2OTJk+ETY+9WrV4FBQRnSZ8ifP5+JGHN0dPTz5wGvw15/lfWrnDlzxG92xqioqPoNG4uBsIsXLpCTa0o6ne7hw0fW1ta2qgyoAAAAAAAAyY8AIQAAABKT0QBhanDq9JluPXqLwZrnTp9ImzZtSrcIAAAAAADAOFKMAgAAAIngl+UrRaFrl05EBwEAAAAAwOeMACEAAACQUDdu3rp85aoot2rRIqWbAwAAAAAAYAoBQgAAACChfl2zVhRatWxuY5M9pZsDAAAAAABgSpqUbgAAAAC+KBkzZhw7ZqSiKBYWFtmzZUvp5iSTb8uUKV26VHrr9A0buqZ0WwAAAAAAAD7BIjo6OqXbAAAAAAAAAAAAACCZkGIUAAAAAAAAAAAASEUIEAIAAAAAAAAAAACpCAFCAAAAAAAAAAAAIBUhQAgAAAAAAAAAAACkIgQIAQAAAAAAAAAAgFSEACEAAAAAAAAAAACQihAgBAAAAAAAAAAAAFIRAoQAAAAAAAAAAABAKkKAEAAAAAAAAAAAAEhFCBACAAAAAAAAAAAAqQgBQgAAAAAAAAAAACAVIUAIAAAAAAAAAAAApCIECAEAAAAAAAAAAIBUhAAhAAAAAAAAAAAAkIoQIAQAAAAAAAAAAABSEQKEAAAAAAAAAAAAQCpCgBAAAAAAAAAAAABIRQgQAgAAAAAAAAAAAKkIAUIAAAAAAAAAAAAgFSFACAAAAAAAAAAAAKQiBAgBAAAAAAAAAACAVIQAIQAAAAAAAAAAAJCKECAEAAAAAAAAAAAAUhEChAAAAAAAAAAAAEAqQoAQAAAAAAAAAAAASEUIEAIAAAAAAAAAAACpCAFCAAAAAAAAAAAAIBUhQAgAAAAAAAAAAACkIgQIAQAAAAAAAAAAgFSEACEAAAAAAAAAAACQihAgBAAAAAAAAAAAAFIRAoQAAAAAAAAAAABAKkKAEAAAAAAAAAAAAEhFCBACAAAAAAAAAAAAqQgBQgAAAAAAAAAAACAVIUAIAAAAAAAAAAAApCIECAEAAAAAAAAAAIBUhAAhAAAAAAAAAAAAkIoQIAQAAAAAAAAAAABSEQKEAAAAAAAAAAAAQCpCgBAAAAAAAAAAAABIRQgQAgAAAAAAAAAAAKkIAUIAAAAAAAAAAAAgFSFACAAAAAAAAAAAAKQiBAgBAAAAAAAAAACAVIQAIQAAAAAAAAAAAJCKECAEAAAAAAAAAAAAUhEChAAAAAAAAAAAAEAqQoAQAAAAAAAAAAAASEXSpHQDAABA4nj16tVdz3tmVq5YoXzatGkVRfH391+5ek1ExD9tWrcoV7ZsErcxPi5euhwZGWlfsODXX+f5ZOVXoaF373oqipIxY8Zvy5ROlgYCAGK8fffu+vUbovydU0UrK6uUblGcPX8e8PDRo7Rp05YvV9bS8tM/qL11+05YWJiiKMWKOmbLli1Z2ggAAAAAicAiOjo6pdsAAAASgfvuPSNGjTGz8qULZ21sskdHR9ep2+CRr69YeP7sydy5ciVlG+PM39+/Ru26iqJoNJp9f+yytdWarn/x4qV2HbsoilKqZAn3nduSq5kAAEXvTnT9ysUsWTKndIvibMwP47fv2KUoSreunceNHf3J+m3adbx85aqiKGtXr6xWrUqytBEAAAAAEgEpRgEASL1CQ0NldFBRFF/fx0l6uFehoS1ata3r6ubt7RPXbcPDwwcMHhoREZE0TQMAfIHWb9hY19Vt6vQf47HtmrXrDhz0SIJGAQAAAMBngRSjAAB8gdq0bpUhQ3oTFdKnt1YUJWvWrFqt1t/fXyy0K2CbpK3y8npw/cZNRVECg4IKFy4U183v3vWcNmPWjGmTk6Z1AIAvzSGPI97ePpkzZYrf5gMHD3Vw2FfI3j6x2wUAAAAAKY8AIQAAX6CRw4d89dVXn6xmYWGxfu3qVb+ueffuXZvWrXLnzp2krXr27FkC97Bl67ay35Zu3qxpIrUIAPAl8/b2TuAe+g0Y7L5ja8aMGROpRQAAAADwuSBACABAqmZrq502ZVLyHMvf/0nCdzJqzLjixYs5OjgkRosAAF+siIiI4OCQBO7E29tn4uSp8+bMSqRGAQAAAMDngjkIAQBAMvGLzWWaQH36DQoLC0uUXQEAvlQBAYGJsh/33Xs2bd6aKLsCAAAAgM8HIwgBAEjVLl2+cvzESUVRHIoUadqkkVx+5Oixq9euW1tb9+nVM0OG9AEBgWt/W3/9xs3Q16H2BQt269q5Qvly6p2cPn32Lx/v588DCtnbOxT5pmzZbytWKC8rhIa+fh7w/Padu+JfL68HYhJERVEsLa2+LVP6k+3UaDRDBg2YMXO2oij+/v7/Y+/O46Kq/j+OH/ZlZB1ZFHBFwdytxLVFcdfM3TZzSXPJMjOzrMzSrL6VGe6aW5pluedumgu5L6mgKCgKKouAAgMDAvP74+j9TWyCgsPMvJ6P7+P7OHeZez939HFP3veccyd99MnsH2daWFiU9nojI6NOnf43/Pz5sLDz2ixt/SfqNW7cqE+vF21sbPR3uxARsWHjZjs7uyGDB7m6uFy9eu3AwdADoaEpybfr+Nd+fdCrdevWkXtevnLlj7Xrz5+/kJScXLeOf2BgQL8+fVxcnIsq4EJExOl/z4SFhV+5Em1vb//EE/UaNWzYvt1zD3EtAGAySnhzltLS0tZv3BRx4eKlyChbW5t69QLr1qnToUN7VxcXuUNOTk5cfPyB0NB7+6ennzh5Uvm4r6+vl6fnA0t6952xq39bI1PGT6ZMbdCgfqOGDUp7XQmJiceOHT9/PiL8/PnrN24EBgQ8US+wT+9elSur8+25aPGSpOTkJ5s17RDcPisr6/CRo6Ghh44dP+7h4dG2beuB/fvJryIrK2vX7r927d5z/fp1lUpVr15g2zatW7dqWVQB8fHxR48dDws/HxFxMS8vr27dOoEBdbt06ezo4FDaawEAAABgYggIAQAwa0eOHF20eIkQolvXzvoB4ZGjx5YuWyGEaP70U5Urq7t2f1HZFBkZVaeOvwwI09LSJk6avHPXbmVrWFi4bHTt0unjyR96eXouXbZi2pf/mZxN5nySSqU6c+pYSUodMnjQiZOntu/YKYTYvmPn0mUrhg55veRXmpmpnRUyW16sfrVrfl/7y+rffpz5XY0a1ZX1167FyD0tLCxq16o5bvz7yqYTJ0/+uub3PzetrxcYsGLlqqmfT8937QsX/TR/TkizZk3zFZCVlTVzVki+Avb+vU8I0aZ1q2lffObn61vyywEA01Cqm7MQYsfOXe9/8JFGo1HWHDp8RAjxxfQZX06b2q1rFwsLi4AnGul/JDIyqv/AV5XFaZ9/9tLA/g8sTK1Wz58b8mLve3uOGjN2y6b1JXm/r6TT6dau2/D5tC/1S42MjPpzy9Y58xaEzPr+2Wfa6u//x7r1kZFRi4Q4uG/PO+9O0E80/9qz9+jRYyGzZsbFxQ8bPvJCRISy6WDoP4sWL3n5pQGffvxRwTB1/YaNEyZ+qL/mYOg/QoiQOfO/njEtqPnTJbwWAAAAACaJKUYBAEBxrlyJfnPU2Hwr69bxl43Jn0xR0sGaNWq0b/d8/fpPyMWt23b89NMyIYSdnV2ZVGJhYfHVl1/4+fnJxekzvtZ/flq8yMioHj176z+A9vb2UtphYeFjxo7Lzc0t+MGQ2XOVdFCtdlfWT/nsi+07dirpoP6mpKTkkWPGZmRm6h8nNTWtd9+BSgF+fn7t2z3/ZLNmcvFg6D/devS6fft2CS8HAExDaW/O4eHnR7/1jhK5tWwR1KZ1K5VKJYTQaDTvvDvh1q0k+dOTMimvYYMG0z7/TLbj4uInTPwwLy+vJB9MT08fNnzkBx9OVkpVq92VqjQazdA33ixqBtQ2z7aTvZv+VWzdtmP//oP66aB+v/PL6t9W/7Ym33EmTpqspIMqlapN61bKdxUTE/Pyq68fOVqiX+cAAAAAMFWMIAQAAMWZMvUL+Wxx2NDB/rVrpaWlXYuJbdOmtXxQu2XrdrnbnJAfOnfqKNux168vX7Hy6tVro0YOF0L079enRYvmOp2uV58B8lHpV19Oa9asidzZytKq5MU4OTnNn/tjtx695OKoMW9v3byx4ERtBeXm5V6JjpaPnt9/b3yXzh3t7Ozy8vJWrf71s6nT5Myfm//c+mLPHoV+/JPJH/bo3k2tdo+JiRk5+u0LEREnTp6UD3Bbtgj6asY0Xx+f3Nzc5StWysGRSUnJq1atHv7GUOUIc+bOl091VSrVt9/M6NghWK6PT0h4b8IHhw4f0Wg0//t25vRpU0v+bQCAsSvtzXnW7Dmy0aZ1q1kzv5Xj+XJycnbt3vPrb2te6NHNw6OyEGL3zq1paWnbtu2YOStECBEYEPDjrO+Uk1ZWVy55hS8N7H/i5Mn1GzbJMd/zFiwaM+rNB37Kysr6XNi9WbXHv/vOywP7u7m5CSEOHz4yYtRbsiucFTJ7xvQvCv14o4YNpnz6ccMG9S0sLJavWClH4Q95Y4Tc+tWX03r36mllZXX16rWx48bLwevffvdD3969HB0d5T5/7dm7dt162Z7w3rg3hg5RZij933cz5QwBkz+esvXPDba2tiX/NgAAAACYEgJCAABM0Oix42ysC+/l+/Xt3b1b11IdTaVSbftzo49P1Xzrz5w7JxsdOwQr6aAQwtfHZ/KHHyiL1tbWtWrWFELY29vJp6JVq1apXatWqWpQBAYEfPvNDDkqIikpedz4CcuXLrayekDKGFC37uKF8+Lj43t076aMybC0tHztlZePHTsuY86DoaGFBoQL5s4ODm4n235+ftOnTe3Tb6BcVKvd54TMkm8ctLKyGjrk9VOnT2/dtkPO0aoEhJGRUYuXLJXteXN+1H9ZlJen59zZP7Z5tp1Go/l1ze8jhg+rXr3aw30zAGB0SntzPnToiGxM+uB9ZbZPa2vrLp07dun8/92Qp4eHp4eHl9e9wYgODvYP3ekIIT7/7NOz58IiI6OEEN/PnNW0SeNWLVsU/xEHB/ufly8JDT3UsWOwr4+Psr5Fi6APP3j/408/kxleoZ9t2SJowbzZyrcxZPCgAwdD9+0/cO/CJ07o17e3bFevXu2br6bLH81oNJpLkVGNGzUUQmi12i+m35vZ+60xo0a9OUI5uJ2d3ccfTYqKurz/wMEr0dFbtm7r9WLPh/5mAAAAABg1phgFAMAEHTly9GDoP4X+78aNm6U92tQpHxdMB4UQd+/elY1LlyIzM7VlUXiJ9Hqx58AB914KdejwkVkhc0ryqeefe3bggP4F553rENxeNqKiLhf8lJ+fn5IOSk0aN1IO8kKP7jIdVHTq2EE2IvWOtmHjZqUG/XRQcnZ2emPoYNm+eOlSSa4FAEzGw92cw8PDH0t1Qgjh6Og4d/YsZXHk6LHx8YXPDqovoG7doUNe108HJeXVg0lJyenp6QU/+PJLA/N9G+2ef05p9+71ov6mwIAAZebtmJgY2Th69Lhsq1SqQsc7jhg+TDbCz1944IUAAAAAMFUEhAAAoDhBQc2LGl5Qv1492bgSHd23/0u7dv+lRIbl7ZPJk5SXHc6ZO3/v3/se+lDKEJPrN26U8CNVqnjLhhwZWegm5UGtfuxXpYr3qdP/Fvxfalqa3CEyKuqhLwQATEmhN+emTRrLxsRJk7/59nv9O225ql2rVsismbKt0WjGvvPeQ/d3Xl6eSjshMbEkH/G+/1WoVCr9Vw9K1avdCwjjExJkI+ryvUi1Ro3qYeHnC3Y6t2/fkTtcvMivUgAAAADzxRSjAACYoE3r/3BxdSl0k7OTc6Hri1LHv3ZRmxo3bvRM2zb7DxyUr4kaOXqsSqXq1rVzzx7dn376qQdO+/ko7O3tZ8+a2b1nbzln6TvvTtiyeb2fr28JP56Tk5OQkBifkHDzZtyp06flSq02q4Qfd3RwkA0HB/t8mwp9mVPY/ZEuv6z+7ZfVvxVz5NiY6yWsAQBMzwNvzqNHjjgY+o9sL1i4eMHCxY0aNuj5Qo9uXbvItw+Wn65dOp08NUi+ve/EyZPffPu9/mTaxcvLy0tOTomPj78ZF59wP8YrORtbG9mwt7cruNXOzu7+WXSyIWdDFUKEhYX37f9SMUfmVykAAACAOSMgBADABPn4VFVezlR+rKysfvj+2+kzvl67br1co9Fo1vy+ds3va/39a8+Y9nmzZk3L7+zVqvl9/+03b44aI887Zuy4339dVfxHMjIy/tqzd936jTLUfGzi4u5NRqdSqQp9vKto0KD+4yoKACqKkt+cg4KaL5w/58PJnyQlJcs1Z86eO3P23BfTZ7w54o2xY0YX/N1GGZo4Yfzp0/+eOv2vEGLJ0uVPNmuq//7dgrRa7fYdu3bs3LVz1+5Cd9DpdOVRZ7xeBllwxKG+li2CyqMAAAAAAEaBgBAAADw8Fxfnb76aPuKNoRs2bl6/caOShEVGRvUb+MqGdWsaNmhQfmcPbv/8yDeHz1+wSI6TmPblV927dilq563bdox95139NSqVytPDw87O7kJERPkVKYSoWaPGlehoIcT3334T3P75cj0XABiX0t6c27d7ft+e3X/t2bNh42b9+aUXLFwcGxs7a+Z3FhYW5VSqra1tyKyZnbr2kIPXx4wdt2vHlqJ2vnjx0quvD1GCTMnPz8/Tw+PEyZPlVOH9s9wbTz9syOCPPpxYrucCAAAAYLwICAEAwKPy96894b1xE94bd/bcuZ9XrlYGFM6dt3DenB/L9dTjx7196vS/R44clRN4ZmZmFrrb2nXrJ06aLNvPPtO25ws9WrdqWbmyWghx6vS/xc/A9ujq1QuQAaH8fwCA9HA3ZwcH++7dunbv1jUtLW3r9h0/hsyRP0/ZsnX7yBHDn3iiXvkVXKWK95yQHwYPHS4XR415W5nhU194+PmBrwySOaK/f+1XX3mpdauWymtra9e99w7dcsoya9eqJRvMIAoAAACgGJaGLgAAAJiOhg0afPPV9IkTxsvF8h4kcX+a0/8pU6it37Cp4D46ne7r/30n2xMnjF+yeEHPF7rLB9CPR637z2r1B7sAgJl79Juzk5PTgH59/9y4TukFws9fKJ9i/1/bNq3Hvf2WbEdGRoWFhRfcZ9mKlTId7NgheMPa31975WUlHXwMatasIRvHT5y8cyf1sZ0XAAAAgHEhIAQAAGXs+eeelQ1HR1WhO2i12jI8naeHx+wffyhmh6tXrymTvL0+6NV8W4sadFiGWt1/ydORI0fJCAFAKqubs5ubW4ug5rJd6HteMzPLstMRQowe9eYzbdsUs8Pf++7d6l9/7ZV8r0Us82IKalC/vkqlki/oXbBocXmfDgAAAICRIiAEAAAPKTk5+Ztvv/9rz95863ffX9O0SWP99c5OzrJx8OA/spGQmCjHWDyi5k8/NemD94va6qhyVNqJt27pbzp3Lmzc+AmPXkDxgoKad+3SSbY/+HDygYOh+ltzc3O3bN0W3LHrmLHjcnNzy7sYAKggHuLmvHXbjpDZc2/dStJfmZycfPjIUdkODAxU1leqVEk2LkRExCckyPvt1avXHr1yKyur77/9Whm2WJDS38XFJ+ivv3Uraciw4cqiTqd79GIKcnFxVobyL1i4eMnS5Xl5efo7nP73zOtD3ujUtYf8WgAAAACYJ95BCAAAHtLUL778c8tWGYAN6Ne3evVqGo1mx85dq375Ve7Qv18f/f1r+9eSL+FbsXLV7Tt3nJ2dVq5a/WSzZr/+ssLS8lF/tDRsyOvHT5zYvXtPwU2eHh5qtbscpzJm7LgP3n9PrXZPTk7Ztn3HL6t/e8TzltCkie9v3bZDCJGUlDx46PDnn3u2YcMGLs7Osdevb9u+Q74960p09K7df3Xu1PHxlAQA5arpU0FFbVKr3Y8eOljam3PExYtj33lXCLHop6VDBg9q/vRTKpUqKioqZ3l9IAAAIABJREFUZM58eZCgoOa17s+uKYSoXs1Pab/y6uBOnTocOBgaFha+YtlPrVu1fMSrc3NzWzBvTlFvSWzSpJHs7z797HMhRGBgXa0268CBg4t+WlomP4t5oJcG9l/965oLERFCiOkzvt6waXPLoCBfP5/4uITQf/45c/ac3G3+gkVTPpn8GOoBAAAAUAEREAIAgIdUq9a9NyodOXL0yP3RG4p3xo5p2eI/T4cHvfqKEuBt2vynbJw4efLkqdNPPdnsEYuxtLT8ZsaXPSP6xcTEFNz60aQP3nv/AyFEWFj4oMHD9De9N37csuUrlGnuyomPT9VN6/8Y//4HkZFR8mWEBecaHT1yRMcOweVaBgBUBMott1Q3Z0sLy8CAgAsRERqNZvacefmOqVa7f/+/r/V/blKvXuCTzZrJt+FeiY6ev2CRXD9v/sJHDwjlKPnPpnz82dRpBTeNGjlCvhNXo9HIC1R07tTR0tJC/mSk/FhZWS1funjyp1NktxsWFl7wXYnPPtN2/Li3y7UMAAAAABUZU4wCAAAhhLC3dyh8vZ19oetlBLhz+5/dunbON83ak82a/bZ65dtjx+Tbv3Wrll9O/1y+GEny96+9bMmikqSDhb5WKh8XF+f5c38sdM63F3v2+Oar6fk2BQe327xh7eiRI/r17VPUKVSOjgVXKmxtbR9YlaJ+/Sc2rf9j3NtvNWrYQH+9Wu3+8ksDdmz7873x4x59JCUAGJFS3Zzr1PHftOGPKZ9OzncXValUb40ZtXf3Dm9vL/31FhYWs2Z+m+9lgYNee2VOyKyS1FaSfue1V14e9OorBdfXrlXr919X1a//hP7KRg0bzAn5YU7ID71e7CnXWFsV8oNdO7sie5ai3uxbaMGVK6sXzJ393f++Dgpqrt/zqlSqjh2Cly1ZtGTxAicnp2KvDwAAAIApsyin1x4AAACzcvvOnatXr7m5uvr4VLWysipmz5ycnNjY69nZ2VWrVlFeEPV45ObmxscnxCckODs7VfH2diw2/CvvSq5eu5abk+vm5la5stpQZQBARfAQN2d5F83MyPT19XVxcS5+59u3b8cnJDjYO/j6+jzm32EkJyfHXr9ha2vj5enp5ub2OE+tT6fT3bwZl5qW6uri6uFRufhuGgAAAICZICAEAAAAAAAAAAAAzAjTWAEAAAAAAAAAAABmhIAQAAAAAAAAAAAAMCMEhAAAAAAAAAAAAIAZISAEAAAAAAAAAAAAzAgBIQAAAAAAAAAAAGBGCAgBAAAAAAAAAAAAM0JACAAAAAAAAAAAAJgRAkIAAAAAAAAAAADAjBAQAgAAAAAAAAAAAGaEgBAAAAAAAAAAAAAwIwSEAAAAAAAAAAAAgBkhIAQAAAAAAAAAAADMCAEhAAAAAAAAAAAAYEYICAEAAAAAAAAAAAAzQkAIAAAAAAAAAAAAmBECQgAAAAAAAAAAAMCMEBACAAAAAAAAAAAAZoSAEAAAAAAAAAAAADAjBIQAAAAAAAAAAACAGSEgBAAAAAAAAAAAAMwIASEAAAAAAAAAAABgRggIAQAAAAAAAAAAADNCQAgAAAAAAAAAAACYEQJCAAAAAAAAAAAAwIwQEAIAAAAAAAAAAABmhIAQAAAAAAAAAAAAMCPWhi4AAACUr9y8vNTU9PSMzMzMrOy7d3Ny84TQGbooAEA+FtZWlrY2Ng4OdpUcHZydK1lZms6vOemJAMAYmHJPBAAACrLQ6fiHGQAApkmrzUpMvp2UkspzWAAwNhZqN2cPd1d7eztDV/JI6IkAwGiZSE8EAACKQkAIAIBpuhGXmJCUYugqAACPxFPtVtXbw9BVPCR6IgAwAUbdEwEAgGIQEAIAYGq02qxr1+MztFpDFwIAKAOO9vbVfLyMawAHPREAmBJj7IkAAMADERACAGBSNBmZV67dyMnN1V9pZ2vr6lypksrR3t7W2trawnDlAQAKpRMiJydHq81O12TcTk3Pys7W32ptZVWzWlWVo4PhCiwFeiIAMEam1BMBAICSICAEAMB0aLVZkdGx+s9k7WxtvT3Vbi5OBq0LAFA6KXfS4hKS9B/OWltZ+dfwrfijN+iJAMA0GG9PBAAASoiAEAAA03Ex6pr+fG5qNxffql6M0gAAY6QTIvZGfFLKHWWNo7193drVDFrUg9ETAYDJMNKeCAAAlJCloQsAAABl40Zcov4zWa/K7n48kwUAo2UhhF9VL6/K7sqaDK32RlyiQYt6AHoiADAlxtgTAQCAkiMgBADAFGi1WQlJKcqi2s2lildlg1YEACgDVbwqq91clMWEpBStNsugFRWJnggATJIR9UQAAKBUCAgBADAFicm3lbadra1vVS+DlgMAKDO+Vb3sbG2VRf0bfoVCTwQApspYeiIAAFAqBIQAABi93Ly8pJRUZdHbU818bgBgMiyE8PZUK4tJKam5eXkGragQ9EQAYMKMoicCAAClRUAIAIDRS01NF0In23a2tm4uToauCABQltxcnPSGbuhSU9MNW09B9EQAYNoqfk8EAABKi4AQAACjl56RqbRdnSsZtBYAQLnQv73r3/YrCHoiADB5FbwnAgAApUVACACA0cvMzFLalVSOBq0FAFAu9G/v+rf9CoKeCABMXgXviQAAQGkREAIAYPSy795V2vb2tsXuCwAwSvq3d/3bfgVBTwQAJq+C90QAAKC0CAgBADB6Obl5Stva2tqgtQAAyoX+7V3/tl9B0BMBgMmr4D0RAAAoLQJCAABMgE5pWRi0DgBAOfnv7V1X5H4GQ08EACauwvdEAACgdAgIAQAAAAAAAAAAADNCQAgAAAAAAAAAAACYEQJCAAAAAAAAAAAAwIwQEAIAAAAAAAAAAABmhIAQAAAAAAAAAAAAMCMEhAAAAAAAAAAAAIAZISAEAAAAAAAAAAAAzAgBIQAAAAAAAAAAAGBGCAgBAAAAAAAAAAAAM0JACAAAAAAAAAAAAJgRAkIAAAAAAAAAAADAjBAQAgAAAAAAAAAAAGaEgBAAAAAAAAAAAAAwIwSEAAAAAAAAAAAAgBkhIAQAAAAAAAAAAADMCAEhAAAAAAAAAAAAYEYICAEAAAAAAAAAAAAzQkAIAAAAAAAAAAAAmBECQgAAAAAAAAAAAMCMEBACAAAAAAAAAAAAZoSAEAAAAAAAAAAAADAjBIQAAAAAAAAAAACAGSEgBAAAAAAAAAAAAMwIASEAAAAAAAAAAABgRggIAQAAAAAAAAAAADNCQAgAAAAAAAAAAACYEQJCAAAAAAAAAAAAwIwQEAIAAAAAAAAAAABmhIAQAAAAAAAAAAAAMCMEhAAAAAAAAAAAAIAZISAEAAAAAAAAAAAAzAgBIQAAAAAAAAAAAGBGCAgBAAAAAAAAAAAAM0JACAAAAAAAAAAAAJgRAkIAAAAAAAAAAADAjBAQAgAAAAAAAAAAAGaEgBAAAAAAAAAAAAAwIwSEAAAAAAAAAAAAgBkhIAQAAAAAAAAAAADMCAEhAAAAAAAAAAAAYEYICAEAAAAAAAAAAAAzQkAIAAAAAAAAAAAAmBECQgAAAAAAAAAAAMCMEBACAAAAAAAAAAAAZoSAEAAAAAAAAAAAADAjBIQAAAAAAAAAAACAGSEgBAAAAAAAAAAAAMwIASEAACbAQmnpDFoHAKCc/Pf2blHkfgZDTwQAJq7C90QAAKB0CAgBADB61lb/36Hn5OQYtBYAQLnQv73r3/YrCHoiADB5FbwnAgAApUV3DgCA0bO1sVHaWm22QWsBAJQL/du7/m2/gqAnAgCTV8F7IgAAUFoEhAAAGD0HBzulna7JMGgtAIByoX9717/tVxD0RABg8ip4TwQAAEqLgBAAAKNXydFBad9OTTdoLQCAcqF/e9e/7VcQ9EQAYPIqeE8EAABKi4AQAACj5+xcSQgL2c7Kzk65k2boigAAZSnlTlpWtjKxm4WzcyXD1lMQPREAmLaK3xMBAIDSIiAEAMDoWVlaqt2clcW4hCSdQesBAJQhnRBxCUnKotrN2cqywv07jp4IAEyYUfREAACgtOjOAQAwBR7urko7Kzs79ka8QcsBAJSZ2BvxeoM2/nPDr1DoiQDAVBlLTwQAAEqFgBAAAFNgb2/nqXZTFpNS7tyMv2XQigAAZeBm/K2klDvKoqfazd7ezqAVFYmeCABMkhH1RAAAoFQICAEAMBFVvT0c7e2VxfhbyTE34pnhDQCMlE6ImBvx8beSlTWO9vZVvT0MWtQD0BMBgCkxxp4IAACUnIVOx7/XAAAwEVptVmR0bE5urrLGztbW21Pt5uJk0LoAAKWTcictLiFJfz43aysr/xq+FX/QBj0RAJgG4+2JAABACREQAgBgUjQZmVeu3dB/Misfzro6V6qkcrS3t7W2trYwXHkAgELphMjJydFqs9M1GbdT0/UfyMpnsjWrVVU5OhiuwFKgJwIAY2RKPREAACgJAkIAAEyNVpt17Xp8hlZr6EIAAGXA0d6+mo+XcY3YoCcCAFNijD0RAAB4IAJCAABM0424xISkFENXAQB4JJ5qN+N92xM9EQCYAKPuiQAAQDEICAEAMFlabVZi8u2klFQh6O4BwLhYqN2cPdxdjX24Bj0RABgtE+mJAABAUQgIAQAwcbl5eamp6ekZmZmZWdl37+bk5vGUFgAqHgtrK0tbGxsHB7tKjg7OzpWsLC0NXVKZoScCAGNgyj0RAAAoiIAQAAAAAAAAAAAAMCP8FAgAAAAAAAAAAAAwIwSEAAAAAAAAAAAAgBkhIAQAAAAAAAAAAADMCAEhAAAAAAAAAAAAYEYICAEAAAAAAAAAAAAzQkAIAAAAAAAAAAAAmBECQgAAAAAAAAAAAMCMEBACAAAAAAAAAAAAZoSAEAAAAAAAAAAAADAjBIQAAAAAAAAAAACAGSEgBAAAAAAAAAAAAMyItaELAAAAZeP27dth4edLuHPzp5+ysbEp54pKJCYmZuHiJVpt1sABfZ9s1kxZf/bcuVdeGyKEcHKqFLp/r0FrBACUSE5OzpGjxwquV6lUPlWrVq6strCwMERd5uK7739Y/vMqIcSbI94YM+pNQ5cDAAAAoEIjIAQAwETs/Xv/hImTSrjz0UMH1Wr3cq7owXQ63ZBhb16JjhZCrFu/4Z+Df3t5espNGZoMjUZj6AIBAKWg0WQMGjysmB0CAwJeeXlgv769K8iPVEyMNitLdp1xcXGGrgUAAABARccUowAAwGDu3Lkj00EpOvqqQcsBAJSvCxERn0yZ2qFz99B/Dhm6FgAAAAAwa4wgBADABA0c0N/Bwb6YHezt7R5jOUVycXHx8/OLiYmRizWqVzN0RQCAstG1S6fAgAA5WDwhMTEmJnb/gYNyU0xMzKDBw/bu3lGtmp+hywQAAAAAM0VACACACXr/vXGurq6GruLBLCwsVixdvOinJZmZmQMH9Pfy8jJ0RQCAstGpY4fu3brqr0lKSp4VMnvVL7/KxQkTP1y9armVlZWBCgQAAAAAs0ZACAAADKlaNb8vpk4xdBUAgHKnVrt//tmniYm3du7aLYQ4cfJkVNTlunXrGLouAAAAADBHvIMQAAAAAPCYTHhvnNKOjLps0FoAAAAAwHwxghAAALN2ISJiw8bNdnZ2QwYPcnVxuXr12oGDoQdCQ1OSb9fxr/36oFeVsR2Xr1z5Y+368+cvJCUn163jHxgY0K9PHxcX50IPm5CYeOzY8fPnI8LPn79+40ZgQMAT9QL79O5VubI6355Hjx3fs/dvIURA3bq9Xnyh/K8YAGBINapXV9oXL13q2qWTsljyvkMIkZubu237jtP/nrl0KVKj0QTUrRsQWLdN61a1atbMt2daWtr6jZsiLly8FBlla2tTr15g3Tp1OnRo7+riIoSIT0hYumyFEKKSSjVs6JCCb/CNjLr8629rcnNzO3UIbtEiKN9WnU63bPnP8QkJlpaWI0cMd3Z2UjYlJt46cvTo+QsR4eHn8/LyatSoXi8woEmTxvLVjPksWrwkKTnZx6fqa6+8LIQ4c/bcylWrL0RECCEa1q8/etSbPj5VlZ1zcnIOHAw9c/bcsWPHU9PSGtav36BB/Z49e5T4DwEAAAAACAgBADBv167FLFq8RL4OsHatmuPGv69sOnHy5K9rfv9z0/p6gQErVq6a+vl0ZVNYWLgQYuGin+bPCWnWrKn+AXU63dp1Gz6f9qVGo1FWRkZG/bll65x5C0Jmff/sM2319z9y5KgsoFvXzgSEAGBWLC0sZKO0fcfFi5fefW+izM+kU6f/lY23x455c/gwe/t7Od+Onbve/+Aj/cMeOnxECPHF9BlfTpvarWsXN1fXX1b/Jnfw9PTs369PviJ/DJm9Zet2IcTev/f//deOfFtPnTo97cuvZHvsmNHK+j+3bP3o4yn65z0Y+o9sDH9j6Li331IqlP5Ytz4yMkoI0ad3r23btk+cNFnZFBYW3rlzRyUgTElJGfvOeHkVyg5ize8/LVlWaJIKAAAAAIViilEAACCEECGz5yrpoFrtrqyf8tkX23fsVNJB/U1JSckjx4zNyMxU1qSnpw8bPvKDDycrj0TVaneVSiXbGo1m6BtvxsXFP5YLAgBURJFRUUo7MDDgIfqOtLS0EaPeUtLBpk0aP//cs35+fnLxx5A5B0MPyXZ4+PnRb72jHLZli6A2rVvJI2s0mnfenXDrVpKtrW3nTh3lDrv/2pOv2sxMrUwHhRAxMTGXLkXm22HP3n2y0b1bV2X04YeTP3nn3QnKeVUqlbe3l/KRRYuX9Ozd786d1EK/n9DQf/TTQcm/dm3ZuHHjZveevfXTQX//2rJrvhIdfez4iUKPCQAAAAAFMYIQAAATdCX6qto9reB6ewd7Tw+PYj74yeQPe3Tvpla7x8TEjBz99oWIiBMnT544eVI+V/1qxjRfH5/c3NzlK1ZOn/G1zAhXrVo9/I2h8uNWVtbnwsJke/y777w8sL+bm5sQ4vDhIyNGvSUflc4KmT1j+hflc90AgApNp9N9/c13ymJA3boP0Xes37ApJiZG5oirViyrU8dfrj91+t+ly5ar3dXt2z0n18yaPUc22rRuNWvmt66urnJ+zl279/z625oXenTz8KgshOjUMXjtuvVCiL/27M3M1OrPMhp6f9iftHvPHuV00vYdO2VDSRn37T+w5ve1sv1M2zaff/aJDC/v3EldtuLnH0PmyMGRs+fOm/zhBwW/opGjxwoh/Pz8Bg961dPTMy4uLis7S8kXf/hxtpKVjh/39rChg+VIxJjY2LffGX/m7LmH/ZMBAAAAYHYICAEAMEF9+79U1Kaoi+FFbVowd3ZwcDvZ9vPzmz5tap9+A+WiWu0+J2SWfOOglZXV0CGvnzp9euu2HUKII0ePKQGhg4P9z8uXhIYe6tgx2NfHRzlyixZBH37w/seffiYfv5bdhQIAjEZKSsq33/2wb/8BufhM2zbVqvk9RN+hzCY69q3R+nFd0yaNm/7wvf4ZDx26N9Ju0gfvy3RQCGFtbd2lc8cunTsqu7Vq2VJpHz12TH860+07d+ofcNv2naPeHKEsRkdfvRIdff9yWgshsrOzp0ydJtcEB7ebGzLLyspKLrq4OL8zdoybq+vUL6YLIZYsXT6gX19//9oFv6imTRr/snK5ra1tvvVRly/LIFP+oGfw668pm/x8fX9ZuWLIsOEMIgQAAABQQgSEAABAyERQSQelJo0bqVQqOXTjhR7dZTqo6NSxgwwII6Mu668PqFtXjgjJR3nempSUnJ6eXqlSpfK5DgBAhXDo8NGsrCwhRF6eLi4uLjLq8t6/9+nPuvn1V9Mt7r+DsFR9R3Z2tlx59mxYCYsJDw+vFxhQ1FYHB/vu3br+uWWrEOLvv/crJ83Kylq/YZMQon79JxwdHI4dPxEWFh4TG+vn6yt3+HvfftkIDm4nZy49cvSYHN0ohBj39lglHVQMHNBv9tx5SUnJQoh1GzZOnDC+YD1ffzW9YDoohPj9j3WyoVa7DxzQr+BVNGzYgIAQAAAAQAkREAIAYIJe6NHd3t7u0Y9TpYp3ZGSUEKJWzZoFN8mG8iS0eF5enko7ITGRgBAATNuvv6359bc1hW7y8/P7/n9fFT/ltVRo39GwQX05sefadevT0tJGDB/WtEnjQj/etEnjg6H/CCEmTpocdfnKSwP6Ka8qzKdTxw4yINyybdunn3wkk8vDR47Krd26dHZUOcrsbe/f+wa9+opcv3P3X7LRpVMn2bhy5d6Awvr1nyg0krS1te3bp/eChYvlRKMFd3j3nbG1a9UqtEhl/969XpQziwIAAADAQyMgBADABE355CNlLrVH4ejgIBv6L2SSCh3ckE9eXl5yckp8fPzNuPiEhIRHrwcAYNTUavexb41+aUB/a+si/yn6wL6jT+9eS5Ytl4Pwdu7avXPXbm9vr149e/Z8oXu+FwSOHjni4P2XCC5YuHjBwsWNGjbo+UKPbl27yLcPKuQEoXKo4oWIizLbU94v2KFDe3s7+8+mThNCbN26XQaEt2/fPnI/QXz+uWdlIzLqXoZXo3q1oi5QTqwqhAgLL2TS71pFpIP6Q/aVIYwAAAAA8NAICAEAQBnTarXbd+zasXPXzl27C91Bp9M99qIAAI9V/359mjZpItvOzk7V/Pz8/HydnJyK2r/kfYeHR+Vffl4+6aOPlZcRxsXFz1uwcN6ChcHB7aZ8PLlq1SpyfVBQ84Xz53w4+ROZJgohzpw9d+bsuS+mz3hzxBtjx4xWfv5SqVKl4OB2u3fvEULs27e/XmDA3bt3t2zdLoQIDAiQw+gbNWxw5uy5Y8dPJCbe8vCorESPzz7TVpmF+/LlK7Lh5eVV1JUqQyfj4uJzcnKKyUr15ebmKkP2vTw9H7Q7AAAAADwAASEAAChLFy9eevX1IcqjWMnPz8/Tw+PEyZOGqwsA8Fi1btWye7euJdy5tH2Hv3/tNb+uOnbs+IZNm7ds3a682nD37j0REZc2rvtdSezat3t+357df+3Zs2Hj5r1/71OOsGDh4tjY2Fkzv1Peg9ilUycZEO7+a8/IN4cfPXZcHrZ79y5yhx7du505e06+erBf3967du+598HOnZTDqtVq2UhPTy/qYvVfxFjCdFAIof86w6zsrBJ+CgAAAACKYmnoAgAAgOkIDz/fd8DL8gmvv3/tz6Z8vGvHlqiL4X//tWPNryuV3ZSnsQAAPFzfYWlpGRTUfMb0L04eO7R44bwnmzWT62NiYjZu3qy/p4ODffduXRcvnHf6xJEvp3/u7X1vbN+WrdvPn7+g7Pbcc8/IxqnT/966lbRj5y652LFDsGwEt28nGzt27srOzpbvLNSfX1QI4V/73gShN27cLOp6b96Mk43AgEJeUlgMf//aspGQkFiqDwIAAABAQQSEAACgzCxbsVIOjOjYIXjD2t9fe+VlOS0bAABFecS+w9ra+vnnnl29ann7ds/LNWfOnC10TycnpwH9+v65cZ1a7S7XhOsFhK4uLs8+01a2Dxw8uGHjZpnJ1b7/UsBq1fzq139CCLH3733KYMSgoOaVK6uVg9Sqda/yU6f/LWoQYeg/h2Sjzv3Ar4SqV7v3XsPzFyJK9UEAAAAAKIiAEAAAlJm/9917YPr6a68oL3aSMjO1BioKAFChlUnfYWVl9dyz94YAOjg4FLOnm5tbi6Dmsm1vb6e/SZksdM7cBTKzfKFHd/0dunXpLBszvv423xqpceNGsqHRaNb8vrbg2cPDzysvL3z66adKeHVSnTr+srF23frk5OR8W2OvX1dmPQUAAACAByIgBAAAZcbZ6d47n+LiE/TX37qVNGTYcGVRp9M99tIAABVUafuOc+fCvvn2+3yj6PLy8pRJQeU4PyHE1m07QmbPvXUrSX/P5OTkw0eOynZgYKD+JmWy0CvR0bLR6f78olJw8L1ZRmNiYmRDGbYo+fr4jB45Qranz/h62/ad+lujLl8ePXacUmSP7iV9R6M0cEA/pT3po0/0RyhevHipd98BSlUAAAAA8EAlfSM6AAAwIs883yHfqIh8dm7709XVtczP26RJI/lQ9dPPPhdCBAbW1WqzDhw4uOinpXIoBgAA+ZSq78jM1L45+q24uPgFCxf36d2rU8dgDw+PhITEZctXHDp8RAihUqmC27UTQkRcvDj2nXeFEIt+Wjpk8KDmTz+lUqmioqJC5syX7zsMCmpeq2YN/YNXrqwOCmp+5H58WLNGDf//zgJau1Ytf//akZFRcrFpk8bKGw0Vo0aO+O33P+Qp3np73DNt2zRt0tjKyupKdPT6DZuU3aZO+cTKyqpUX5Sfr2/vXi+uW79BCPHXnr2duvZo9/xzFhYWJ06cuhDBpKMAAAAASoeAEAAAE6TRaIoP5HJz88rjvKNGjpBPPzUazXvvf6C/qXOnjpaWFlu37SiP8wIAjFep+o6cnLuNGjaMi4uXM22uXbc+39Fmz5opXwpoaWEZGBBwISJCo9HMnjMv325qtfv3//va0jL/nDpdO3dSAsIXe/YoWG2Pbl1nzgq5t/N/5xeVHB0d1/3x28RJk+Vx9h84uP/AwXynnvnd/5o2aVyC7ya/SRMnXL167cTJk0KIuLj4X1b/pmwaOKD/M21bj37rnYc4LAAAAAAzxBSjAACYIxsbm3xrVI6Oxexva2tbksPWrlXr919XKXO7SY0aNpgT8sOckB96vdhTrrG2KuQnSvb2hb8yqvihkACAisPG5mF+gVqqvsPJyWnenB+XLF7QskWQSqXS/8gLPbrv27vrmWfayMU6dfw3bfhjyqeTGzVsoL+bSqV6a8yovbt3FBz8J4QIbn9vElG12r1nYQFhzxe6K+dVds7H18dn5fIlU6d8EhTUXL/IwICAoUNe37V9a+tWLYv6Nuzsiutw1Wr3lSuWjBg+TClepVIFB7f79psZ07/4rEmTxn5+fsV8HAAAAAAUFrwECAAAlLnk5OTY6zdsbW28PD3d3NwMXQ4AwAgprF2PAAAgAElEQVSUtu/Q6XTx8Qlx8fFVqnh7enhYWFgUtWdubu7Va9cyMzJ9fX1dXJzLuvAHFHnjxs1MrbZ6Nb+Cv855FElJycnJybVq1SztVKUAAAAAQEAIAAAAAAAAAAAAmBemGAUAAAAAAAAAAADMCAEhAAAAAAAAAAAAYEYICAEAAAAAAAAAAAAzQkAIAAAAAAAAAAAAmBECQgAAAAAAAAAAAMCMEBACAAAAAAAAAAAAZoSAEAAAAAAAAAAAADAjBIQAAAAAAAAAAACAGSEgBAAAAAAAAAAAAMwIASEAAAAAAAAAAABgRggIAQAAAAAAAAAAADNCQAgAAAAAAAAAAACYEQJCAAAAAAAAAAAAwIwQEAIAAAAAAAAAAABmhIAQAAAAAAAAAAAAMCMEhAAAAAAAAAAAAIAZISAEAAAAAAAAAAAAzAgBIQAAAAAAAAAAAGBGCAgBAAAAAAAAAAAAM0JACAAAAAAAAAAAAJgRAkIAAAAAAAAAAADAjBAQAgAAAAAAAAAAAGaEgBAAAAAAAAAAAAAwIwSEAAAAAAAAAAAAgBkhIAQAAAAAAAAAAADMCAEhAAAAAAAAAAAAYEasDV0AAAAoX7l5eamp6ekZmZmZWdl37+bk5gmhM3RRAIB8LKytLG1tbBwc7Co5Ojg7V7KyNJ1fc9ITAYAxMOWeCAAAFGSh0/EPMwAATJNWm5WYfDspJZXnsABgbCzUbs4e7q729naGruSR0BMBgNEykZ4IAAAUhYAQAADTdCMuMSEpxdBVAAAeiafaraq3h6GreEj0RABgAoy6JwIAAMUgIAQAwNRotVnXrsdnaLWGLgQAUAYc7e2r+XgZ1wAOeiIAMCXG2BMBAIAHIiAEAMCkaDIyr1y7kZObq7/SztbW1blSJZWjvb2ttbW1heHKAwAUSidETk6OVpudrsm4nZqelZ2tv9XayqpmtaoqRwfDFVgK9EQAYIxMqScCAAAlQUAIAIDp0GqzIqNj9Z/J2tnaenuq3VycDFoXAKB0Uu6kxSUk6T+ctbay8q/hW/FHb9ATAYBpMN6eCAAAlBABIQAApuNi1DX9+dzUbi6+Vb0YpQEAxkgnROyN+KSUO8oaR3v7urWrGbSoB6MnAgCTYaQ9EQAAKCFLQxcAAADKxo24RP1nsl6V3f14JgsARstCCL+qXl6V3ZU1GVrtjbhEgxb1APREAGBKjLEnAgAAJUdACACAKdBqsxKSUpRFtZtLFa/KBq0IAFAGqnhVVru5KIsJSSlabZZBKyoSPREAmCQj6okAAECpEBACAGAKEpNvK207W1vfql4GLQcAUGZ8q3rZ2doqi/o3/AqFnggATJWx9EQAAKBUCAgBADB6uXl5SSmpyqK3p5r53ADAZFgI4e2pVhaTUlJz8/IMWlEh6IkAwIQZRU8EAABKi4AQAACjl5qaLoROtu1sbd1cnAxdEQCgLLm5OOkN3dClpqYbtp6C6IkAwLRV/J4IAACUFgEhAABGLz0jU2m7OlcyaC0AgHKhf3vXv+1XEPREAGDyKnhPBAAASouAEAAAo5eZmaW0K6kcDVoLAKBc6N/e9W/7FQQ9EQCYvAreEwEAgNIiIAQAwOhl372rtO3tbYvdFwBglPRv7/q3/QqCnggATF4F74kAAEBpERACAGD0cnLzlLa1tbVBawEAlAv927v+bb+CoCcCAJNXwXsiAABQWgSEAACYAJ3SsjBoHQCAcvLf27uuyP0Mhp4IAExche+JAABA6RAQAgAAAAAAAAAAAGaEgBAAAAAAAAAAAAAwIwSEAAAAAAAAAAAAgBkhIAQAAAAAAAAAAADMCAEhAAAAAAAAAAAAYEYICAEAAAAAAAAAAAAzQkAIAAAAAAAAAAAAmBECQgAAAAAAAAAAAMCMEBACAAAAAAAAAAAAZoSAEAAAAAAAAAAAADAjBIQAAAAAAAAAAACAGbE2dAEAAMBM/Thv8ZWrMUKInt06Pde21WM+u06n27PvYPiFiz5Vq3TrHGxna/uYC6g4flu78fCxk0KIZ1q36NWjy2M779WY2B/mLJLtmV9NfWznBQAAAAAAAAEhAAAwjLR0TV5enhAiJyfn8Z/98LGTm7buFEJEXo7OyMx8dUCfx1/DQ8vNzU1P16hUjtbWZfDfctnZd+UfRHLK7bKorqSysrLleQEAAAAAAPCYERACAABzFHU5Wmlfi7lu0FpKJDNTe/Dw0TPnwpOSUjQZGXKljbW1m5vrk00bBT3VzM3VxdA1AgAAAAAAwDgQEAIAAHNUq2b1YydPy7afT1VDl1McjSZjw5/bj5/6t+B4u7s5OQmJt7bt3LNt554nAuu+3L+3UyWVgcoEAAAAAACA0SAgBAAA5qhl8yczMjPDz0f4VK3SvUsHQ5dTpGux1+cuXJap1crF2jWrN23c0KOy2sHBPikpJS4+4WZ8wrnwC3l5eeEXLk798tvXXu7XuMEThq4aAAAAAAAAFRoBIQAAMEcWFhbBz7UNfq6toQspzsnTZ5f/ska2q3p7vTH4FbW7m7K1up+vbGg0GRu37Dhy/OTdnJwlK1aPGTGkrn8tA5UMAAAAAAAAI2Bp6AIAAABQiBtx8Uo62LVT+4nvjtFPB/WpVI4v9+/1wfi3LC0thRDzFi+PT0h8vMUCAAAAAADAmDCCEAAAFCcvL+/Q0RNRV6Jv3ozPys6u4u3l51u1Uf16Vat4F7r/1ZjYyKgr0ddiExJv2dhYV/P1qVWz+pNNGllYWJTqvDqdLvzCxehrMdFXY27fSXV2qlTNz7d+vQD/WjUKnvHgP0dtbKy7dGzvVEmVlZV14VLUxUtRl6KuWFlaVvPzafBEYMP69Qoef826TTk5uUKIbp3au7q6yPUH/jlyLea6EKJJo/r16wXk+1RWVtYfG7YIIWxsrHu90NXG2rrQGuLiE86cO3/u/AWNJsPby7NT8HPVfH3knjduxu07eCgm9oYmI8Pby9PP1+f5tq1UKsf8J8rOnrd4uWy/9ebQOrVrPvAbq+rtNeilvstWrcnLy1u/edvIYYPy7ZCbm3vmXHjUlauXoq5otVpfn6o1q/u1bRX0wCPLP4iY2Bu3kpIdHR2q+fpU9/NtWD/Qzs6uqI/IP76rMbFXr8XGJyS6u7lW8/Ot7ufbpFH9Ev5NSEpO2bs/NCsrWwjRMujJWjWqK5u02qxz5y9cvRYbfS0mKyu7stq9mp/PU00bV1a75zvIsROnL0ZetrGx7tm9s52tbVJyyrZde65EX8vKylKr3TsHP18voE5ZXULJv6Uy/9sCAAAAAABQWgSEAACgSNdiry9atio1NU1Zk5Scci78wrade9q2Cnqha0dbW1tlU/bdu7+v23z0xCn9I8TE3gg9fOyvvQeGvDbQ06NyCc+bcvvOoqUrr9+MU9YkJN6KvBy9Z9/BZk0aDujd097+/0OX+IRE5aQtmj+p/8Y+OQ7v8LGTTRs3fHVAb2vr//8vn9zc3H+OHJftZ9u0UALCI8dPxsTeEEK4uDgXEhBm31XO1f65tsqQPqUGCwuLqlW816zbpHzkVlLyufAL7741okY1v+27927buUfZdPtO6oWLkX/vDx0+5NWAOrX1T7Rt5x75tbd4ulnBdFCn0yXeSrp6LTbh1i1bW1tvT4+Auv62NjZNGzc8fSbs9Nmw8xGXklNuu7u5Kh9JTUufs3BpXHyC/tnPhV/Ysy+0mMDp9p3UJT+vvnotVn9l9NUYIYSDvf2w118uNLm8ffvOwv/+8aXcvhN15aoQwmuXx7BBL3l5ehR1Rik55fbX38/Oys4WQri5uvR6oYuyKfJy9OJlq/T/iOMTEsPOR2zbuadHlw7tn2urn96dv3jpxKkzQoh6AXVcXJy/+3G+siktXXM27HxRAWGpLqG031KZ/20BAAAAAAAoLQJCAABQuIyMTP2wTe3u5ujocOtWslxz4J8jNar7PdW0sdyqycj46vvZSpToYG/v4aHOyMi8lZQsU7oZ34V8/vH7TpUqPfC8l6OvhsxfkpeXJxednZ3c3VyTkpLT0jXytXw3bsZPGv9WwVFcR4+fCj18TFm0sba+m5Mj26f+PevlUblLx3Zl8cUU5+Cho4UW8PPqPzq2f1bJe/Q33c3JWbR05fQpk5ShZrm5uQf/OSK/xt49u+kfPzNTu/qPDWfDzivfj2RpaTnzq6lCiF49upw+GyaE2B96+MXuneXWW0nJ38ycI/M2yamSSqvNupuTo8nI0GRkFHot0VdjZs1brH8iB3t75e9DplY7e8GSHl075nuP4+XoayHzf9L/lMrRMScnR549PiHxq+9nf/3Fx7Y2NkV9h6lp6d/Omif3d6qkeu/tkY4ODnLT3v2hG/7cruxZWe3u6OgQH58od968bVdauqZXjy4Fj3kzLmHVb+vyrfSpWqXQAkp1CQ/3LUll8rcFAAAAAADgIRAQAgCAwu0PPSxzDhtr63Fjhvv6VJXrL0Vd2b5rj5NTpSebNFJ2Xr95m0wHLS0tX+r3YvMnm8r1ySm3Fyz5OS4+IS8v79c/Ng4f/ErxJ83Ly1u+ao2MW1xdnIcOeqm6n6/cdDHy8uJlq7Kys+PiE0IPH2vTsnm+z8oQpZqfT7dOwbVr1bCxto69fnPB0p9lYTv37Hv+mdb6Qw/LT+fg51u1eNrF2Sk+IXH2wqWpqWm3kpJ/WbNeCOHt5Tls0EueHpXz8vK279q746+/ZeU7/9rXo2tH+fFTZ87JaxnY70U7vTGa+QbPqRwdVSrHhMRbQgjv+wPaXF1dZJ50Q2/029qNW5R08Lm2rbp1ai+HfiYk3pq7aFnK7TsFL0Gn061Y/buSe/V9sXvzp5ra2drm5eVduRqzaOlKWcbmrTubNmqgjKTU6XQrflmjfKp75+BnWreQUVZ8QuLGLTvCzkd069S+mHQwIzPz+5D5MrN0sLd/7+1RSqicnHJbSQfr+td6bWBfZ2cnufj3gX/Wb94mGy2bP+nt5ZnvsFt27JZ/OVu3eNqnircmMzMx8VajBk8UfuElvoSH+5byecS/LQAAAAAAAA/B0tAFAACACirqSrRsdGj3rJIOCiHq1K45duSwwa8MUMbwxV6/eezEadke+tpAJR0UQri7ub49apjl/7F3n+FRVH0fx8+W9J6QQhoBQmgiEHqRjpEqHQQV24Ndb3tXVKy35VbsIihFVFBEmiJWeu8lIZDeSSVls0l2nxcHxjVl2YSETXa/n4sXZ2bOzP5nkyuTzY9zjlothDh24pTpFJe1+mvbzoLCIpnlPHTvPCUdlJnQHRfzxR/Xbar19EH9+zx077xOUZFydcDQkNZ3zJ0tDxkMhqSU1FrPalw3zZo25toRXp4eQojAAP+5N0xXDjlotQ/cdbucalWtVo+NGdm+7YWl9WLjzyjd5KyYarX6apOlEzMysxZ+8oUMnAb2673g+Sdfnf/U3XfMlUdNp8oMCgqQ4Z/cTMvIPHEqTravGzV88oQxysSwAf6tnnr0gVqnft26Y3duXr5s33/X7dcM7CejSrVa3b5tm+eeeEhJLr/9fq1y1q49+5W48babbxg9Yqgy0C0wwH/erTe+89r8UcOH1PXW6fX69z5aJK/goNU+fP+dPhenfhVCfLP6R6Xsu++Yq6SDMvUcOXSwbK/d8EutF1er1c889uC0SeMH9Os9atg1N0yf7OHuVrNbvW6hYe+Sqcv/bgEAAAAAAGgAAkIAAFC7youzGiYmp5jvuW3XhZkSw0KDu5lkWpKbq+ug/n1kWy7vZ8Zf23bKxshh13ibhENSVGS7Vn6+chCV6cqIkouz84wpE2UYqWgTFurmemGNPSUzazouzs69o7ub7ols31Yp6epuXaot+Nc7uodsnDuXp+yUdUZFtlNONBqNS79eJdtzZk6ZOfV6GW6djD0td3buFKWcLtPcwovvz59/75ANB6125LDB1Qp2cnQMDw2peSO//7VNNiLahEW2i6h21M3NdfSICyFZ7OkzJSUXJind8udW2QgKDOhe2/g8jUZTc6dUVVX1wcVVEtVq9X/unWeaXJaV6WJPX0jFZk69vtpXWQgRM3q4bKSkptV6/ckTxshvHvPqdQsNe5cUjfLdAgAAAAAA0ABMMQoAAGoX0Sb8bGKyEOLEqbh3P/xsXMyoqMh2tfZMS8+QDR9v79NnEmp2KC0ru9AzI7NP3a9oNBqVwVvOTo61XkqRnpllOobMDB8fLzllZX5+gSX9G52bq4tcQLF1UGC1Q74+3rKhTBwq59KU4+SUPQcOHU3PzBJCdO3c0XSApjI0sF1EuLLTaDDIOFBuZmRlyUbP7t0cTSYsNcP0CzF00IBa+wzq33f9z1tkOzM7Rw5uy7v4Dg8fMsiSF1IUFBat+Pb7pOQLQzzvv+u20JB/LRCo3IWMEs18b5wvLqmqqqqWRAYG+A8Z1N+SSiy/hQa/S+bV97sFAAAAAACgAQgIAQBA7YYOHrB1+y65GF5iUsqHny1xcnSM7nn14P59TGccFUJkZeXIxpFjJ44cO2Hmmjnncs0cVWZrFEKs2/Sr+fLO5Vo6iEp7MSozGI0WntK4lAKcauRzDjVW49Pr9XJNO3eTCTBPxcXLxrRJ4007n44/K5ddNM3D5DsTEHAhX1RGmwX4+1lYsOmqhK1a1T7qztXVRa1Wy1Izs7Lbt21TWHReWY0vMKCWaUvNeOGV/yrtO2+7qV1E9SAtPeOfgPCjz7+8ZP3VBgu2rrEqYa3qdQsNe5cuWUO9vlsAAAAAAAAahoAQAADUztvL8z/3zlu8bKWS25Xr9Tt379u5e1+b8NCbb5iuZDDler1sqNVqTY25H021bRNm5mhhYZHSVgbA1UqtVlsY+bQ4Sj5UUVGp7JSrJzo5OipjyIQQyalp8p3v0P6fkZ1VVVVyHF7rwEC58qIy2szH21tYxnQuVm+v6hO9Ktzd3eREr7L/OZP016fusy7p9JmELiYzpkoFFn9vODs7eXi4N+yl63ULDXuXAAAAAAAAmgMCQgAAUKfQkNbPPfHQiVNx23ftPRl7WhlclZSc+tZ7Hz/7xH/c3dzkKoNyDs85M6f07tn9Uletk5/JqK8Xnn7Ew72BMU+Lplar5Ziz8+f/WWQxLy9fCOHi4mzac9uOC0s/Brf+Zy7KA4eOykGfV3XtJK+mHKqoqLCwBvlllXQ6nWcdeVu5rvxif1e55J5yqLSsrOYSkmbMu/XG3/7ceiYhSS7sF9EmrNr6f/4Xh+h5enq8/Ozjll+5Xup1Cw17lwAAAAAAAJoDc//HHwAAQKVSde3ccd6tN771yvNzZ89QRg2W6XTbdl4IqIIC/WUjMzP7cl7L28tTCbSUaUutxkrzkSqTi6ZeXNlRpmJyFF1xSYncczYxefe+A7KtvTi/aEFB4fdrN8j1C5WAzePiVKX5hYXCMgEms2uaTqRpymAwKCNHgwIDhBD+rf6ZwjTH4glgpa6dO979f7co311fLv+22ni7oIsDRotMZgFtdPW6hYa9SwAAAAAAAM0BASEAALCIRqOJ7tHt6UcfCA8LkXsSEpNlQ0k+jhw/eZmv4nNxzNblX6phXJwvjNIrLDp/qb5NJbJdhBAiNS2jvPzC4LO2bcJl4413P/ztz60/rv954SdfKP3Xbfo19vSZP7fuePN/H8kJRWdMmagc9bk4K2lKarqFBTg6OCjvw8nY07X2OX0mQWm3DgqU3yFKGHniZGx97ljIiUPvu/M2OX2owWBY+OliJVqrlq4pKzI2unrdQsPeJQAAAAAAgOaAgBAAANSDRqO5+uLQNEdHR9no2rmjbGRl5xw8fPRyrq9c6q9tOwvqGJXVpAL8LwwLO5uYVPNoXPyZK1BD925dZWPX3gtjBMdcO0I2iorO/7Rx8x9/bzcYDP37RN8xd7YQ4lxu3keff7lm3aaS0lK1Wn3nbTd1aN9WuVpw6yDZOHEqrqhG6pmdc+54bUlYVIf2svHXtp2mQZ1iwy9bZMPF2VlZGbF92wil8qLzxfW9cR9vrztvv1m508VLVyqHnBwdlS/Ndz/8ZGyk8Z2VlZV5+QWmV6vXLTTsXQIAAAAAALA6AkIAAFC7s4lJK1etSUxOMd1pNBoPHDwi2xHhobLRtXPH9m3byPaKb384fOyE6SkGg2Hn7n1Pz3/tvY8+r6qqMv+i468bJceQCSH+99HnmVn/mrNUpyv/cf3Pjz794rqNmy/7/mqnxGnncvP27D+o7Dcajet/3rJs5eomel1TXTp2cHJ0FEL8uP7nvPwCIUQrP98nHr4vok2Yg1broNVGtouYMWXiDdMnd+vaOWbkMDns0sfbq3/fXk8+fF+XTlGmVxs5dLDS/vyrFaVlZcpmcmram+9+KAcdVjN14lg53avBYHj/40XK1KbyrVj94/qk5FS5OX3KBGVi2EkTxijdFn7yRWFhkek1d+3Z//izL6/+cb2Ze+/Qvu2k8dfJ9qm4+J+3/KEcmjNzimzkFxR+uniZ6Y3Ir9dnS5Y/+vSLx06cMnN9U2fOJj727Msvvvb2My++rpRar1to2LsEAAAAAABgdVprFwAAAJqjcr3+k0VLy/X6XXsPdOkU1btnd28vz/zCwl9//1uGdmq1unfP7kr/2TOmvPzGu0KIisrKxUtXhoUGR4SHubm65uTmHjt+Sg6uOpuYvO/g4X69o828rpOT07TJE1auWiNzoNfeXtixQ/vQkGCVEBlZ2cpYty1/bh00oG9TDMnq06vH2vU/y4JXfPvD/oNHwsNCMjKz406fqXWIWFNwdHScO2fGZ0uWGwyGxctWPnL/XSqVKjgo8KF759XsPDZm5NiYkWauFuDfqnPHDnIOzOSUtPmvvNUxKlKlUiUkJdccUKjw8vKMGTVs0+bf5WSn8195q1PHDgGt/EpKS2NPn1GW3AsNad2rx9XKWT7eXiOHDv7tr21ybOLLb7zbtXPH0NDgkpLSo8dPnsvNE0Js3bF78IC+ZhbkGz5kUGJSyqGjx4UQmzb/3iYstHPHDkKIiPCwnt2vOnj4mJzSU95IcFBgmU6XkJScnJImT//6uzWvzn/Kkvd54+bf5HKGJaWlf23bOXFcTH1voWHvEgAAAAAAgNUREAIAgFpUVVa1bh2YmJQip6Y8cSquWoe5c2Z4eXkqm638fB+85/8WL/36fHGJXO6u5op3A/v17tur5yVfun+faIPBsGrNOhnexJ4+E3u6+sSec2ZOaaIJGx0dHGZMmbjsmwsjBU/FxZuueDdl4tjf/9pW8O9RZU2ha+eO0T26HTh0NCU1fcsff48eMfRyrnbD9Mnvf7xIhlvlev0RkyGe3bp2vvqqziu+/aHmWTEjh2k1mnWbfpW579Eaq0J269p59ozJ1XaOu25URWXl39t3ybMOHT0uoz7JQau97eYbzKSD0k03TEtNz5AFf7Zk+XNPPCS/3HNmTnV1cdm+a69yI0f+PVzVxdn53nm3WPi2mM4sWmUwNOwWGvYuAQAAAAAAWBcBIQAAqIWrq8tD9847dOTYpl//yM45ZzCJT6Ii202fPEFZEE7RLiL8+aceWbdx89HjJ/NNlg900Go7d4q6btSwkODWtb6WspahYmC/3p07dli1Zl1iUkpJaamy38PdrWf3bqNHDPX0cK95HQdHh4bdrIPDv07sHd3d19dn6dffKXfhoNW2jQgfc+2IdhFtiorOb/lza52XMluDMnuqJWZNvf7kqdNlOt36n7ecioufPWOKn6+P+VMMBsPxk7FarVYOuVN4eXo8+cj9q35Yd+jIMTkOUq1Wh4UG9+7Zfcig/vkFhS7OzjUnGlWpVKOGD7mqS6c16zalpKYrXwgHrTYw0H/UsGt6du9WswaNRjP1+nFdO3f8acMvGVnZyneOt5dn24g2U68f5+HuVu2UmnNvarXa+++6/d0PPi0oLDIYDIu+XPH4Q/fKl54xZWJ0j6t/2vhLenpmRWWlckpggP+Avr0GD+xX65tc69dl+JBBZxKS5GUH9uvdsFto2Ltkpqp/jtbnuwUAAAAAAKBeVKb/dRoAALREh47/M7yvR9cos30bwmg05uUX5OcX+Pn5ent5qlSqS55SVVWVlZ1jMBg83N1NBxo2QHl5eWZ2joODg5enh5ur6+Vcqr70en16RpaLi3NggP+VfF1FYlLKZ0uWK5nT6BFDhw8ZWOubcL64ZOuOXX9v2yVzvjdeetbZ2anWaxYWnT9//nxw66D6LoknvxDenp6Wf0GNRmPOudyKysqgAH+NRlOvl7NE0fnivLx8V1cXLy9PpxoxsyXOFxefy80Lbh1U1+n1vYUGvEuA5Zr6p/3laM61AQAaCz/tAQCwJQSEAAC0eHxQt2H6iooNP2/5c+sOZY8cmhbSurWrq0tefkFuXl5ubr7p+L8O7dvecuNMd7fqA/UAtHTN+ad9c64NANBY+GkPAIAtYeYiAACA5svRwWHyhDED+/Ve9s1quaxjRWVlalpGalpGzc49u1913ajhl1zhDwAAAAAAAHaOgBAAAKC5Cwzwf/SBu/PyC06cios/m1BUdP58cYmTk6Ori0uAfyv/Vn7+rfzCQoM93GtZmhEAAAAAAACohoAQAACgZfD18R48oO/gAX2tXQgAAAAAAABaNrW1CwAAAAAAAAAAAABw5RAQAgAAAAAAAAAAAHaEgBAAAAAAAAAAAACwIwSEAAAAAAAAAAAAgB0hIAQAAAAAAAAAAADsCAEhAAAAAAAAAAAAYEcICAEAAAAAAAAAAAA7QkAIAIANUCkto1XrAAA0kX//eFfV2c9qeBIBgI1r9k8iAABQPwSEAAC0eFrNPw/0yspKq9YCAGgSpj/eTX/sNxM8iQDA5jXzJxEAAKgvHucAALR4jg4OSlun01u1FgBAkzD98W76Y7+Z4EkEADavmT+JAABAfREQAgDQ4rm4OCnt4pJSq9YCAGgSpj/eTX/sNxM8iQDA5jXzJxEAAKgvAkIAAFo8d1cXpV1QVGzVWgAATcL0x7vpj/1mgicRANi8ZqhWHfkAACAASURBVP4kAgAA9UVACABAi+fp6S6ESrbL9fr8wvPWrggA0JjyC8+X65WJ3VSenu7WracmnkQAYNua/5MIAADUFwEhAAAtnkat9vPxVDYzs3ONVq0HANCIjEJkZucqm34+nhp1s/scx5MIAGxYi3gSAQCA+uJxDgCALfD39Vba5Xp9anqWVcsBADSa1PQsk0Eb//qB36zwJAIAW9VSnkQAAKBeCAgBALAFzs5OAX4+ymZufmFG1jmrVgQAaAQZWedy8wuVzQA/H2dnJ6tWVCeeRABgk1rQkwgAANQLASEAADYiOMjf1dlZ2cw6l5eSnsUMbwDQQhmFSEnPyjqXp+xxdXYODvK3alGXwJMIAGxJS3wSAQAAy6mMRj6vAQBgI3S68vjE1MqqKmWPk6NjUICfj5eHVesCANRPfuH5zOxc0/nctBpNZERo8x+0wZMIAGxDy30SAQAACxEQAgBgU0pKyxKS003/Miv/OOvt6e7u5urs7KjValXWKw8AUCujEJWVlTqdvriktKCo2PQPsvJvsm3Dg91cXaxXYD3wJAKAlsiWnkQAAMASBIQAANgana48OS2rVKezdiEAgEbg6uwcHhLYskZs8CQCAFvSEp9EAADgkggIAQCwTemZOdm5+dauAgBwWQL8fFruak88iQDABrToJxEAADCDgBAAAJul05Xn5BXk5hcJweMeAFoWlZ+Pp7+vd0sfrsGTCABaLBt5EgEAgLoQEAIAYOOqDIaiouLi0rKysnJ9RUVllYG/0gJA86PSatSODg4uLk7uri6enu4atdraJTUankQA0BLY8pMIAADUREAIAAAAAAAAAAAA2BH+KxAAAAAAAAAAAABgRwgIAQAAAAAAAAAAADtCQAgAAAAAAAAAAADYEQJCAAAAAAAAAAAAwI4QEAIAAAAAAAAAAAB2hIAQAAAAAAAAAAAAsCMEhAAAAAAAAAAAAIAdISAEAAAAAAAAAAAA7AgBIQAAAAAAAAAAAGBHCAgBAAAAAAAAAAAAO0JACAAAAAAAAAAAANgRrbULAAAAjcxgMKSlpcWfOXv6dLwQIjKyfWT79iEhwRqNxtqlAQAAAAAAALA+AkIAAGzKiRMnn3zmuePHT1Tb7+bm9vSTj82YPk2tZv4AAAAAAAAAwK7xJ0IAAGzH8hUrJ0yaWjMdFEKUlJQ889z8WbNvTkpKNt1fUFg4bcYNMWMnxMefuYKVNtwjjz0RM3bCj2vXWbsQAAAAAAAAoKViBCEAADbiVGzsCy++rGyOG3tdl86dtQ7ahLOJ6zZsLCkpEULsP3AgNS2tTZtwpVtsbNzBQ4eFEFnZ2ZGR7a1Uu6X0er2MBhMSE61dCwAAAAAAANBSERACAGAjXlrwmmz4+fku+2pxx6go5dAzTz/x+RdL3l/4Yb9+fQcNHGB6Vnp6+hWvtOEyM7OsXQIAAAAAAADQ4hEQAgBgC/R6/e7de2R7wUvzTdNBIYSrq+uD999769ybXVycq52YkpJ6Bcu8XGktKs4EAAAAAAAAmicCQgAAbMGZswlKu3ev6Fr7eHp61NyZnJLSlHU1srQ0AkIAAAAAAADgchEQAgBgCzRqtdJOTEzy9fW95CmFhUUZmRlHjx2Xm7Gxcc7OTrKtVmt69ugu258vWpyblxcSEnzTnNlCiCNHjy1fsfJUbKwQolvXrvfcfWdISLByTYPBsGfP3uMnTx47diIjIyMgwL9L584DBvTvfnW3usooLS3dsXP3yZMnjx47XlxS0iY8rHPnTiOHDze9rBCirEyXkZmxZ+8+uZmWlrb/wAHlaJfOXWoOjgQAAAAAAABQK5XRaLR2DQAA4HJVVFR06noh0uvXr+8nHy6sdbygYsmXSxe8+npdR93c3I4c3CvbMWMnxMefEUIcPbx/06afH3/yGdOeXy7+/JrBg2Q7Kzv7yaee/XvrtpoXnHvzjY8+/B9XV9dq+w8fOfrgQ4+m1DaKccFL82fOmKZWq4UQx44dv37KdDO38/OGnzp0iDTTAQAAAAAAAIBCbUEfAADQ3Dk4OChj/nbv3jNl2sy1P63X6/V19XdycqrvS2zfvqNaOiiEiGzfXjaOHTs+Omackg526tjx2tGjIiMvHP1q6fJ5d91b7b8lrVr9w5RpM5V0sFd09MgRw4OCAuXms8/P//iTz2Tb0dGxvtUCAAAAAAAAqAsjCAEAsBEnTpycMGmq6R43N7epkyeNGRPTu1e0Wv2v/xVUWVmZnJJiNBonT51ZUlIihHj91QXR0T3kUY1aExHRRraVEYRSWFjYLTffGBAQkJmZWa4vv2ve/6lUqqqqqsnTZh4/fkII0bVrlzdff6VTx46y/8FDh+974D+ZmVlCiHfeevP6iePl/qysrIHXDJftiRPGP/fMk8q0qKu/X/PEUxeSyN9//blNm3AhREpKir6i4o033/7t9z+EELNvmHnL3Jv+qSo0lBARAAAAAAAAsBBrEAIAYCO6dOm88L13n3z6WRn4CSFKSkqWLl+xdPmKsLCw22+be8PMGVrthUe/Vqtt17atEMLZ2Un2Dw5u3b5dO/Mv0bNH96+Xf1Uzivv+hx9lOujm5rbos48D/P1NT1n4v3emz5ojhHjltdeVgPDNt96RjT69e7315msajUY5ZdrUybm5ubLDhx9/+ubrr8hgUgihzJvq6+t7yWoBAAAAAAAA1IopRgEAsB1jx8T8+suGG+fcUG1/SkrK/BcXXD95+tmEhMu5/huvv1LrQL2V33wrGw/cf49pOihFR/fsFR0thMjNzcvLy5PJ5Y9r18mjTz35uGk6KN18042ycfjIkcspGAAAAAAAAEBNjCAEAMCmBAYEvPjCc08+/tiff/29+dctP61brxw6FRs77857165Z5ebm1oArP/Tg/bUO2jMYDEeOHpNtN1e3g4cOm7lIQmKir69vQkKisqeqstLMKfHxZyorK5WBjwAAAAAAAAAuH39uAwDABrm4OI+57tox11370vzn1qz96a23/yfnEU1ITFy85Kv777unAddsV8eUnhkZmUr72efnm79Iamp6r+joM2f/GcgoZx81IysrOyQkuJ7FAgAAAAAAAKgTASEAALbMw8Pj5hvnDOjXb+qMG2RGeODgocZ9idy8PKXt5+drpqeDg0PbthFCiJxzORae4uPj4+trrgMAAAAAAACA+iIgBADA9nXoEDn7hpmfL1oshNh/4GDjXrx1UJDS3rxpvbe39yVPCQ0JkY1OHTtuWLemcesBAAAAAAAAYJ7a2gUAAIAroUNke9nw8HBv3Cv7+7dSFjVMTEq25JSIiDaycSo2tqqqqnHrAQAAAAAAAGAeASEAAHZBWfbv6m7dGv3iUR0iZWPbtu2W9G8T3kZp79t/oNHrAQAAAAAAAGAGASEAALZgw8ZN7aO6LHj19bIyXc2jaWnpn362SLa7dO5U6xV0ulpOtNDQIdfIxrvvLczOyblUd+Hi4tyndy/Zfv2N/xoMhvq+oq622wQAAAAAAABgCQJCAABavILCwqeeeV4IseTLpWPGX79+w0bTeTu379g599Y7ZNvNzW3WzBmm53p6eMrGtm07ZCM7J6ekpKReBdx++61+fr6yfedd9yb9e6LR0tLSjz75rO+AwXIRROmF55+VjSNHjz3x1LPFxcWmp2RkZD71zHN9BwzeuWu36X4Pdw/Z+O33P5SLZ2Vn16taAAAAAAAAwM6pjEajtWsAAACXJT8//+57H9i7b7/pzk4dO3p4uJ9NSMjNzVN2vvXm65MnTTTtduc9923Z8rtsT5ww3tPTY/mKlb2io7/5eqlarRZCxIydEB9/Rgix8L13x46JqauGTT9vvu+B/yibk66f0DEqSqVSnTl7dtXqH5T9O7b9GRgQINsvvvTK0uUrZDsoKHDE8GHt27UrLi4+cvSYkv+1jYjYsnmjcvrSZStefPkV2e7Xr2+P7lev/v4Hna78jy2/KAklAAAAAAAAAPMICAEAsAVVVVWLv1z6+hv/NdNn/gvP3jj7BpVKZbpz+46dN99ye83O365c3rtXtOUBoRBi/YaNTz/7gpnRhx9/+P61o0cpm3q9/sOPP/3gw4/r6h8WFrbos48j27dT9uTm5g0fFVPzJR55+D/33DXPTG0AAAAAAAAAFJr58+dbuwYAAHC51Gp1r+ieMdeOqqysTExKrqioUA6FhYWNHjXys48/HDxoYLV0UAgRHhYWFBS4a/ce5ZTIyPbvvPXmgP795ObyFSvz8vKFEJMnTWzXtq2ZGqKiOkyZMun8+fOlpWUFBQXK/sjI9jffOOeD99+9qmtX0/4ajWZA/37Dhg7JzcsrLCwsKytTDvXr1/e+e+565eX5/v6tTE9xdXXp27f3rt17i4qK5B4/P98nHn/k1rk3yfGOAAAAAAAAAC6JEYQAANiaqqqqc7m5uedyhRARbSNcXVwueUplZWVqapperw8Obu3u7n75NZSWlSUnJzs6Orbya+Xp6WHJKfn5+RkZmR6eHq38Wrm4OJvpaTAYsrNzCgoL/Hz9qiWIAAAAAAAAAC6JgBAAAAAAAAAAAACwI0zGBQAAAAAAAAAAANgRAkIAAAAAAAAAAADAjhAQAgAAAAAAAAAAAHaEgBAAAAAAAAAAAACwIwSEAAAAAAAAAAAAgB0hIAQAAAAAAAAAAADsCAEhAAAAAAAAAAAAYEcICAEAAAAAAAAAAAA7QkAIAAAAAAAAAAAA2BECQgAAAAAAAAAAAMCOEBACAAAAAAAAAAAAdoSAEAAAAAAAAAAAALAjBIQAAAAAAAAAAACAHSEgBAAAAAAAAAAAAOwIASEAAAAAAAAAAABgRwgIAQAAAAAAAAAAADtCQAgAAAAAAAAAAADYEQJCAAAAAAAAAAAAwI4QEAIAAAAAAAAAAAB2hIAQAAAAAAAAAAAAsCMEhAAAAAAAAAAAAIAdISAEAAAAAAAAAAAA7AgBIQAAAAAAAAAAAGBHCAgBAAAAAAAAAAAAO0JACAAAAAAAAAAAANgRAkIAAAAAAAAAAADAjmitXQAAAGhaVQZDUVFxcWlZWVm5vqKissoghNHaRQEAAABoVlRajdrRwcHFxcnd1cXT012jZlwBAAC2TGU08idCAABsk05XnpNXkJtfRCIIAAAAoD5Ufj6e/r7ezs5O1q4EAAA0CQJCAABsU3pmTnZuvrWrAAAAANCCBfj5BAf5W7sKAADQ+AgIAQCwNTpdeXJaVqlOZ+1CAAAAALR4rs7O4SGBDCUEAMDGEBACAGBTSkrLEpLTK6uqTHc6OTp6e7q7u7k6OztqtVqV9coDAAAA0AwZhaisrNTp9MUlpQVFxeV6velRrUbTNjzYzdXFegUCAIBGRkAIAIDt0OnK4xNTTdNBJ0fHoAA/Hy8Pq9YFAAAAoCXJLzyfmZ1rGhNqNZrIiFDGEQIAYDMICAEAsB1xZ5JNZxb18/EKDQ5kvCAAAACA+jIKkZqelZtfqOxxdXaOah9u1aIAAECjUVu7AAAA0DjSM3NM08HAVr5hpIMAAAAAGkQlRFhwYGArX2VPqU6Xnplj1aIAAECjISAEAMAW6HTl2bn5yqafj1frwFZWrQgAAABAi9c6sJWfj5eymZ2br9OVW7UiAADQOAgIAQCwBTl5BUrbydExNDjQquUAAAAAsBGhwYFOjo7KpulHDwAA0HIREAIA0OJVGQy5+UXKZlCAHzOLAgAAAGgUKiGCAvyUzdz8oiqDwaoVAQCARkBACABAi1dUVCyEUbadHB19vDysXREAAAAA2+Hj5WEyiNBYVFRs3XoAAMDlIyAEAKDFKy4tU9renu5WrQUAAACADTL9oGH6AQQAALRQBIQAALR4ZWXlStvdzdWqtQAAAACwQaYfNEw/gAAAgBaKgBAAgBZPX1GhtJ2dHc32BQAAAIB6M/2gYfoBBAAAtFAEhAAAtHiVVQalrdVqrVoLAAAAABtk+kHD9AMIAABooQgIAQCwAUalpbJqHQAAAABs0r8/aBjr7AcAAFoIAkIAAAAAAAAAAADAjhAQAgAAAAAAAAAAAHaEgBAAAAAAAAAAAACwIwSEAAAAAAAAAAAAgB0hIAQAAAAAAAAAAADsCAEhAAAAAAAAAAAAYEcICAEAAAAAAAAAAAA7QkAIAAAAAAAAAAAA2BECQgAAAAAAAAAAAMCOEBACAAAAAAAAAAAAdoSAEAAAAAAAAAAAALAjWmsXAAAAWpi8/IIzZxOFEIGB/uGhIZfsn56RmZGZnZGVXVFR0TowoHXrwLCQYLX6Ev9LyWAwJKemZWZmZ2bnaNTq1kGBrVsHhrQOqm+1ZxKSSktLhRChIcE+3l6X7J+UklpUdF4IEdw6yM/Xp16vZTAYTsXFV1VVCSHCw0K9PD3qW60iKztn/c9bKioqhl0zsFNUZIOvY4mCwqK09IzU9Izi4pLgoMCQkNZBgQGODg5N+qIAAAAAAACwIgJCAABQD4nJKR98sriislIIMah/H/MBYWJyynff/5SWkVltv6enxw3TJnXpFFXXiYeOHl+9Zt354pJq+0NDWs+cer0lqaR0Ki7+40VfyfaMKRMH9e9zyVMWfvyFvDsHrfbl555wcXG28LWEEN+v3bBt5x7Znjt7RnSPbpafa8poNL730aKS0lIhxMnY0/OfftSSaLMBCgqLln+z+vSZhJqHevfsPm3S+HrdPgAAAAAAAFoKphgFAACWOnT0+LsffCbzs0vavmvvux98VjMdFEIUFZ3/dPGyn7f8UeuJK1etWbLsm5rpoBAiNS3j7fc/ORUXb0kBRUXnF325wpKetaqorFz/86+W9z+Xm6ekg5epuKREpoNSRmZWo1y2mrj4sy++9nat6aAQYt/Bw8+9/MbR4yer7f/o8y+ffen1rTt2N0VJAAAAAAAAuDIYQQgAACyy5c+t6zZutrBzQlLydz/8pGz26dWjfUQboxBx8WcPHj4qd27a/HunDpERbcJMT9y+a++uvQdkW61WDxnUPyQ4SKcrP3z0ePzZRLl/0Zcrnn/qEU8PdzMFGI3GT5csszDLrMu2nXuGDxnUys/Xks7fr91wOa9lyt3NzcXZuUynk5tBgQGNdWWFTle+eOlKg8EgNwP8W0VFtvNwd885l3v8ZKx86YrKylNx8d26dlbOqqisjD19pukySwAAAAAAAFwZBIQAAOASjEbjN6t/VHI7SyxbuVo2nBwdH3/oXiVjG9iv9/AhA99Z+Knc/GHdxofvu1M5S6/XK7FiYID/Q/fOU6a4HDKo/669B1auWiNjqv0HDw8fMshMAT9t3JyallHPG63FqjXr7r5j7iW7JSalnDgVd/kvJ6lUqofum7f+5y16vX74kEG+Pt6NdWXFxs2/KQHkrGmTBvTtpRwyGAw7du+Teed1o4ebnpWXl9/olQAAAAAAAODKIyAEAADm6PX6TxcvU0bv+fn6ODk6ppsdQJaXX5B7MUm6646bq43AaxMWOmrYNVv+3CqESE//1wSkphnb/XfdXm0BvP59onfu2ZeYlCKEOJuYbCYgPHEq7ve/tsl2ZLsIpfgGOBUXfyYhqX3bNua7ffv92ga/RK0CA/xvv/mGxr2mKTkQUAjRq+fVpumgHLg5eEDfvr16VFZVubq4mB7KOZfbdCUBAAAAAADgimENQgAAYM5b73+iBGwd2rd98uH7PD09zJ9y6Mgx2Wjl59suopZorVPHDrJRUVmZX1Co7N9/6MLso3169fBwd6t5Yof27WQjKzunrlcvLCxavHSlbI8fM7pNeFhdPc1Tqy/8mvTN6h+NRqOZnoePnTCfmDY3RqMxMytbtjtFRdbax9HRsVo6KNdZbPrqAAAAAAAA0OQYQQgAAMyJimwn07hB/ftMnzxBpVJd8pSOHdqPuXZEUdH5QQP61trByclRaVdVVSntQf37BLTyq6isHD1iSO2XvhjUedURUhoMhk8XX1h6sF1E+Khh16zb9OslC67V9eNi1qzbJITIzjm398Chvr161vWKqy5Oi9qlU1RefoGSvdVUUFB4MvZ0UmpaSmpaYWFRUGBAeGjI0MEDvLw8q/U8cSru4OFjQoiw0OAhg/or+/fuPxQXf9bXxztm1DC1Wl1QWHQq9nRs/JmExGQvL8+I8LC+vXqEBLc2f2sqlUqtVssFCDMy66zWVLlen5ubp4w7zM3LPxUXrxxtGxHu5OhY99kAAAAAAABoXggIAQCAOZMnjPHy8vTz8Ynu0c3CU0KCW5vPqEwjND9fH6XdKSqyrgFtctzb8ZOxsh0aElxrn7UbfknLyJRrH94+d7YlcWZdIttFdOkUJWc9/WHtxp7duzloa/nFaeuO3eeLS2R76vXjPv9yRV3F/7Vt59oNv8hYTjpfnHD6TMIfW3fMnT29x9VXmfY/GXt6z/6DQoi8/HzTgPBk3On9B48IIUJDWpeWlX393RrlUH5BYWJSyp9bd0yeMGbYNQPN311QgL8c9bh1+65ePa4ODTH39TqbmPTeR4tM95yKizcNCB978O66viIAAAAAAABohphiFAAAmKPRaEYPH2J5OmiJbTv3yEaAfysLMzyDwbB2wy/KTJ7DawvAjp+M/XPrDtm+45Y57m61TFJaL1OvHycbZTrdlt//rtmhXK9ft3GzbA/s17vaaouK0rKyt97/eM26TUo66KDVKlOYGgyGJcu/VVZttNCKb39Q0kG1Wq1cTQixZt2ms4nJ5k9vGxEuGxWVlW8v/OSnjZvPFxfX1VlbWzIKAAAAAACAlos/9wAAgCsqISk5KTlVtq8bNdx858ys7IzMrKzsc39v31VSWip33jJnRs11EAsKi5Ys+0a2RwwdHBXZ7vJLbeXne83Aflt37BZCbP79r8ED+3q4u5t22LT5dzmdqVqtHj9mdF3X0Wg0WVkXFk0cds3AkcOu8fRwl4nmoq++lqnh92s3zLv1RstrK9PphBD9+0QPGtA3LCRYCHHw8LFl36y+eLX1jz14j5nTx48ZfeDQUXkRg8Hw259bf/tza/u2bfr2jo7ufpXjv+cLDQ8NefrRByqrqr5Z/WNySpoQ4uqrulw3+p+vXYB/K8srBwAAAAAAgNUREAIAgCtHpyv/fMmFSTh9vL0uOTDx8y9XnMvNUzZb+fnedtOsmvOXGgyGjxd9JbO64KDACXVndfU1LmbUrj37KyorDQbDj+t+vumGacqhwsKiP/7eLtsxo4a5ubrWdREnR8cH7rnj2PFTvaO7m2ZpXTt3HBczUq6SGHdxeT/LzZk5xXRlxOge3c7l5m34ZYsQIjUto6qqSqPR1HWuq4vL3f8399MvlimxqxDiTELSmYSkb79f27tn94njrjVNQwMD/OVZctPD3S2kdVB9CwYAAAAAAEAzwRSjAADgCjEYDJ8tuZBIqdXqu++YW981As/l5n3z/dqCgsJq+9es2yTXNVSr1XfedpPpfJuXycXFedx1o2R738HDyhynQog16zdd6OPsPHLYNeavEx4aMjZmZM2RdsrSgxWVlaVlZZYX1r1bV9N0UOrbq4fSvuScpW3CQuc//ciIoYOd/j1e0GAw7Nl/8PkF/91/6Ijl9QAAAAAAAKAFISAEAABXgtFoXLzsmzMJSXJz7uzpclCaeTOnXj9p/HVDBvVXOienpC1483/ZOeeUPkePn/x7+y7ZvuXGmd7eXo1b+dDBAzzcLyxn+M3qH2UjPSPz4OFjsj1p/HUODV2lz8ek2oLCIstPrDVZ9fLyrNfVHB0drx8X8/pLz9x52029el5tehcGg2Hp16uSUlItLwkAAAAAAAAtBVOMAgCAJmc0Gpd9s/ro8ZNyc/rkCcrIOfOiItspqwmeiov/dPEyg8FQUVm5as26e+fdKoTILyhcfHHpwf59ortf1aXRi1er1dOnTFy8dKUQIik59cSpuC6dor794Sd51Mfbq1+f6Hpd0Gg0FhWdz80vyMvPzzcdDWk0XmappiMy5WKEllCr1V06RXXpFFU1o2r/oSM/rvtZmXd0+TffP/PYg5dZFQAAAAAAAJobAkIAANC0jEbj8m++33/wwnyVE8deO3hA3wZcp1NU5LRJ47/74SchRFz82ZKSUjc312UrVylJWEFh0WdLllc7Ky09QzZ+/f2v4ydjhRDeXp4zpkys10t3v6pLSOugtIxMIcS336+dM3NqYlKKPDRjykQLJ0rV6/W79x3cd/Cwcm41lxsPXjaNRtO3V8+unTu+s/BTufRjds4582sZAgAAAAAAoCUiIAQAAE1IpoP7Dh6Wm2NjRl5yuT4zort3++7i0L2snJx2bm0cHByUo6fi4s2cm19QKIfrubm61jcgFELMmj7p7fc/kTHkh58tkTvDw0K6dIqy5PTk1LT3P1pUUVlputPF2dnNzVVGcc2Hm6vr2JiRS79eJTczMrNDQ1pbuygAAAAAAAA0JgJCAADQVIxG44pvf1DSwZiRw2JGDqur8/ni4j/+3hEXf6ZPdI+hgwfU2sfJyVFp63TlQohePa+Oiz9r+XSaQgg/P5/63MQF4aEh3bp2VmZJlWZOud6ScxOTUt77eJEs0sPd7ZqB/btd1Tk4KFAeffDx52TDonGIV0RI6yCl7ejoYLYvAAAAAAAAWh4CQgAA0FRWfPfD3gOHZHvk0MFjY0aa6Xwy9vRvf24VQqSkpl99VRcfb6+afZJT0pR2eFiIEKJvr559e/U0c9mfNm6Wl50xZeKg/n0u427EtOvHmQaEV1/VxcKhdb/89qdMByPahN3zf7c4OTpacJI1ZWRmKW3/Vn5WrQUAAAAAAACNT23tAgAAgG36+rs1e/dfSAeHDh4wcVyM+f7R3bup1Rd+M1m2cpXRWH1JPqPR+O33a2XbxdnZ3c2tCao2x9vba9g1A5XNKRPHWnji6fizsnHtiKHV0sFyvb5Ra7RIekbmQ0++8N/3Pqp1dtOqqqof1/8s2wH+rWpdYVFfUdH0ZQIAAAAAAKCpEBACAIDGt3LVmt37Dsj2oP59xoweUVJSJiC1PAAAIABJREFUWvOfnCZU0mq1Qwb1l+0zCUmff7mipLRUOVpUdH7hJ1+kXxzZ1r9vryt7QxdcPy5m7LUjO3Zo//D9d9Y6xrFWjhdDwbz8AtP9hYVFb733sbJZPRFtMl99vcpgMKSmZbzy3/fWbviltLRMOZSRmfXOB58WFBbJzfFjRpue6OLiLBsnTsbJhk5XLld2BAAAAAAAQAvCFKMAAOASDhw6Gn82QdlMS8+QjVNx8d/98JNsOzs5jR8zWg4BXLNu0669B5T+23ft3b5rb10XH3/dqNEjhsr2hDGjj504JYe1HT8Z++xLb7QODPD19cnOOZeVnaOcEhwUOHHstU1wo5emVqtjRtW5jGJdwkKDT8XFCyF++GmjnBy1Ql9x+NiJbTv31Gv1xMYSFOCfmZUthDAYDL//te33v7a5ODt7eXkWFhaV6XRKt66dO3a/qsu/TwyQjZLS0lffer9tm7D9B49UGQzzn37Uy9Pjit8HAAAAAAAAGoiAEAAAXMLxk7H7Dh6uuT83L980+Rs1Yoiri4vRaPxz6w7LL56QlKK0tVrtvfNufe+jz+UINoPBkJaRmZaRado/NKT1nbfepExG2iJMHBcjA0KDwbD6x/Wmh9pFhKtUqjMJSVeynltvmnXw8LEV335fUVkp95TpdKbRoBCiR7eus6ZNqnbigH69lfUUs7JzlNT2j7+3Txp/3ZUqHwAAAAAAAJeLgBAAAFyCRqOxvHPNtQPrxdfH+4WnHtm6Y/evv/91vrjE9FCAf6vxY0ZXG9PWdBwcHBp0Vi2/XIW0Drp33q0rvv1embpTCOHj7TXm2hH9ekfvP3REBoSa2lJPx3+vWfjPCzk2pDxFz+5XtW/bZsPm3w4fOW4aDTpotYGB/hPHxnTs0L7mWV6eHnfedtOXy79VTnHQakePHDp6+JDLKQYAAAAAAABXmOoy/4oHAACs7tDxOKXdo2uUVWtpTBWVlRmZWTpdeSs/Xx9vL5VKZe2KLldR0fmcc7laB62Pt7enh7u1y7mgqOh8QVGRXl8R4N/KkqqMRmNefkFxSYmXp6e3l+cVqREAAADWZ6ufOwAAsE+MIAQAAM2Ug1YbHhpi7Soak6enh2fzW6uvvlWpVCo/Xx8/X5+mLAoAAAAAAABNqCWt3wMAAAAAAAAAAADgMhEQAgAAAAAAAAAAAHaEgBAAAAAAAAAAAACwIwSEAAAAAAAAAAAAgB0hIAQAAAAAAAAAAADsCAEhAAAAAAAAAAAAYEcICAEAAAAAAAAAAAA7QkAIAAAAAAAAAAAA2BECQgAAAAAAAAAAAMCOEBACAAAAAAAAAAAAdoSAEAAAG6BSWkar1gEAAADAJv37g4aqzn4AAKCFICAEAKDF02r+eaBXVlZatRYAAAAANsj0g4bpBxAAANBC8TgHAKDFc3RwUNo6nd6qtQAAAACwQaYfNEw/gAAAgBaKgBAAgBbPxcVJaReXlFq1FgAAAAA2yPSDhukHEAAA0EIREAIA0OK5u7oo7YKiYqvWAgAAAMAGmX7QMP0AAgAAWigCQgAAWjxPT3chVLJdrtfnF563dkUAAAAAbEd+4flyvTLFqMrT09269QAAgMtHQAgAQIunUav9fDyVzczsXKNV6wEAAABgM4xCZGbnKpt+Pp4aNX9RBACgxeNxDgCALfD39Vba5Xp9anqWVcsBAAAAYCNS07NMhg/+66MHAABouQgIAQCwBc7OTgF+Pspmbn5hRtY5q1YEAAAAoMXLyDqXm1+obAb4+Tg7O1m1IgAA0DgICAEAsBHBQf6uzs7KZta5vJT0LOYaBQAAANAARiFS0rOyzuUpe1ydnYOD/K1aFAAAaDQqo5G/HAIAYCN0uvL4xNTKqiplj5OjY1CAn4+Xh1XrAgAAANCS5Beez8zONZ1ZVKvRREaEMnwQAACbQUAIAIBNKSktS0hON80IZUzo7enu7ubq7Oyo1WpV1isPAAAAQDNkFKKyslKn0xeXlBYUFZtGgzIdbBse7ObqYr0CAQBAIyMgBADA1uh05clpWaU6nbULAQAAANDiuTo7h4cEMnYQAAAbQ0AIAIBtSs/Myc7Nt3YVAAAAAFqwAD8f1h0EAMAmERACAGCzdLrynLyC3PwiIXjcAwAAALCcys/H09/Xm4GDAADYKgJCAABsXJXBUFRUXFxaVlZWrq+oqKwykBcCAAAA+DeVVqN2dHBwcXFyd3Xx9HTXqNXWLgkAADQhAkIAAAAAAAAAAADAjvBfgQAAAAAAAAAAAAA7QkAIAAAAAAAAAAAA2BECQgAAAAAAAAAAAMCOEBACAAAAAAAAAAAAdoSAEAAAAAAAAAAAALAjBIQAAAAAAAAAAACAHSEgBAAAAAAAAAAAAOwIASEAAAAAAAAAAABgRwgIAQAAAAAAAAAAADtCQAgAAAAAAAAAAADYEQJCAAAAAAAAAAAAwI5orV0AAABoQjk55w4dPpyTcy43N9fZxaVjhw4dOkQGBQWqVKqanVNSUj5btFinK581c1qv6Ghr1AsAsAUGgyEtLS3+zNnTp+OFEJGR7SPbtw8JCdZoNNYuDUALU1FRsWfvvnqdotVo+vXrK9v8fgsAAFAXldFotHYNAACg8W3dtv2dd987cvRYzUNubm6DBg546onHwsPDlJ1Go3F0zLiExES5uWPbn4EBAVewXgCAjThx4uSTzzx3/PiJavvd3NyefvKxGdOnqdXMZAPAUqdiY8dNmFyvU9zc3I4c3MvvtwAAAObxwQwAAFtTWFj01DPP3XLb/9WaDgohSkpKNv+6ZfiomKXLVlRVVV08q1D564kQIjExyfSUgsLCaTNuiBk7IT7+TBOXDwBowZavWDlh0tSa6aB8+jzz3PxZs29OSko23d8UjxgeW4A9CwsNlQ3zv98CAADYOaYYBQDApuzatfuBhx7Jzc0z3Xl1t6uuuqqrh4dHdnb231u3KUdffPmV2Ni4Vxa8KITw8vIKCwtLSUmRhyLahJteITY27uChw0KIrOzsyMj2V/CGAAAtxqnY2BdefFnZHDf2ui6dO2sdtAlnE9dt2FhSUiKE2H/gQGpaWhuTp0xTPGJ4bAE2w8fb+9Zbbjbfx2AwfLV0ubJ5260X+pv//RYAAMDOERACAGA7cnLOzbv7PvkXWCGEn5/v668uGDrkGtM1n4xG446du1597c1TsbFCiFmzpsv9KpVq6ZJFn3+xuKysbNbMGYGBgaZXTk9Pv7K3AgBoeV5a8Jps+Pn5LvtqcceoKOXQM08/8fkXS95f+GG/fn0HDRxgelZTPGJ4bAE2IzAw8NmnnzTfZ9XqH5T2dTHXTp1yYUpS87/fAgAA2DkCQgAAbMeCV19X0sHx48a+OP85by+van1UKtWggQPWrlm15sefAgL8u111lXIoPDzs5RdfqPXKKSmpTVk4AKDF0+v1u3fvke0FL803TQeFEK6urg/ef++tc292cXGudmJTPGJ4bAH2IzEx6cmnn5VtPz/fV16eb3rUzO+3AAAAdo6AEAAAG/HX31vXb9go23169/rfO/9VqVR1ddZqtdOnTbH84skXp2YCAKBWZ84mKO3evaJr7ePp6VFzZ1M8YnhsAXaioqLioUceUzbfe/dtb29vq1YEAADQYhAQAgBgCwwGw9PPPq9svjj/OTPpYF327N33+x9/CiE6RkVNnjRR7iwsLMrIzDh67LjcjI2Nc3Z2km21WtOzR/d331tYXl6uUqlGDB/Wp3evWq9cVVW1+Mulubm5KpXq9ltvadXKr0F3CQBovjRqtdJOTEzy9fW95CmXfMSYdi4r0+3avfvkqdiTJ0/GnY4PCw3t2rXLdTHXdu7UscHXlOsmHjp85PjxEwkJic7Ozl26dL66W7eRI4Y14DEK4Mpb+OHHR44ek+07590xoH+/ah1q/f1WCPHrlt/2HzgYFBh4042zNRpNfn7+nr37du/Zu2//AT9f3+iePa65ZnCP7ldf2bsBAAC4olRGo9HaNQAAgMt1KjZ23IQLq63cduvcZ556ogEXWfjBR/97/wMhxLix173/v3eEEEu+XLrg1dfr6u/m5nbk4N4nn35Wrvvi5ua2d9c2Jyenmj03bvrl/gcfkn12bf/L1dW1AeUBAJqzioqKTl0vxG/9+vX95MOFtY4XVFjyiFE2Dxw4+PBjT6bUNi7w8UcfvnPeHQ24Znl5+bvvLfx80eKaPQcPGrjg5flhoaFm6gdgdXv37Z81+ybZ7tq1y+pvv3Z0dKzWp+bvt9KCV19f8uVSIcTSL7/QarX/d+c9ykT9imeeeuK2W+c2/X0AAABYh9qCPgAAoLnbuXO30h4+bGhjXbbWtK+am2+cIxslJSWbf91Sa5/lX6+UjTmzZ5EOAoBNcnBwUMbn7d69Z8q0mWt/Wq/X6+vqb8kjRnrr7f9NnzVHSQfd3Nz8/P4ZnvjmW+/8uuW3+l6zqOj8lGmzlHQwLCxs5IjhvaIvzIy6bfuOcRMmFxQUWHg1AFdeYWHRfx5+VNl89+03a6aDlnj3f+/PvnFuzXRQCPHKa298/sWSyysTAACg+WKKUQAAbEFKaqrSbte2bWNddsb0qf379zUajZOnzpR/N3n91QXR0T3kUY1aI4To0qVzv359d+/eI4RYvOSrCePHVbvI6dPx8qgQYvasGY1VGwCguXlp/vMTJk2V7YTExIcfffy5F16cOnnSmDExvXtFq9X/+v+pljxipOSUZNmYOmXyXXfeIR9zKampDzz4sJxa8JXX3hwxfJhGo7H8mh9+9Mmp2FgZN7715mvXjh4l92dlZz/y6BM7d+0uKSn571vvvrLgxSZ+zwA00PyXFmRmZsn2gpfmt2/XrmHXOXjosBDi7jvnTZgwtkNkpNFo3LV7z933PiB/hiz84KM5s2e5urg0ZukAAADNAyMIAQCwBefOnVPagYEBjXVZrVbbrm3b9u3aKQs4BQe3bt+unfwXEdFG7rztlguTLx05euzwkaPVLrLy2+9kY9SoEWFhYY1VGwCguenSpfPC9951c3NT9pSUlCxdvuKGOTePGD1m2YqvKysrlUMWPmKEEC++8NxTTz62+ruVb77+ivKfYMJCQ9947RXZTklJSUlJtfya8fFnFi2+MCro4w/fV9JBIURgQMBHH7wvb+Gb71YlJSU32bsFoOF+XLvup3XrZXvUqBGzZk6/nKu9suDFRx/5T8eoKLVardFoBg0csHzphR8RJSUl3/+wpjFKBgAAaHYICAEAsAU6XblshIWFqVSqK/zqw4cNUZK/FV9/Y3qopKTkq6XLZfvWm2+6woUBAK6wsWNifv1lw41zbqi2PyXl/9m7z/goyrUPwJNCCAQIIUhHehOwYOGoqNgFGx4r6mvvFRVRjhV7710sx3bsYG/YsQvYQBGEUKQaekIoyb4fxrPuCcUNBDabva6fH+55dmb23nWcwf3zzEy7csg1Bx506KTJkyu6z7y8vJNOOD56/9Kojh07NGnSOKynTK1Akjf8ldfCYtfeu+y4w/blXq1Xr+5JJxwX1r9OmFDRboENbdq0aRdc+OfztvPzG1x/zVXr86ffg/950BGHlc8XN+/ebdtttg7rL7/8ej2aBQCougSEAFAdtG7156yIadOmxc7P2DgyMjJOPOHPSYQvvTzsjz8Koy+9/uZbYdG+fbuePbfbyI0BsPE1btRoyBWX/fT96HvuuuOA/feLfemX8eNPOfXM1T7ra920+u/lb86cufFvFY39mjZtMua771f9Z9HixeEKE3/7rbJaBSpFaWnpBRcOji7eevONDRo0WOsWf6NWrezVju++265hEXsnfwCA6sQzCAGgOmjfvl20njptWiU+hjBO/Q7Y/8oh14T1Cy+9dPqpp4T1E088HRYnHn/cxp/aCECi1KqV3Wefvfrss9dVV1427JVXb7n1jjAXnFxQ8Ohj/z77rDPWec8LFy6aPXv27DlzZs6cNWf2nHAwEonEv4ex48aFxTP/ee6Z/zy3ljWnT/t9nfsENoT77n9w1OjRYX3C8cfu1GvHDfRGjRr9edP+goIpG+gtAAASS0AIANVBu3Z/JYIFBVM2fkBYt27dk044Pnyk02OPP3HyiSdkZmaOHj3ml/HjgyDIycnZf799N3JLAFQFdevWPeboo7bv2fPgw/qHGeHoMd9VdCeRSGTkZ5+//c57r73+xmonIEaCCgSEs2bNDoucnJzo0wpXq1u3rhVtFdhwxnz3/R133RPWnTt1Gnj+gA33Xg0a5IVFUVHR0qUla5poCACQvASEAFAdxCaCL7z48m679t74PRx15BFhQFhYOG/E+x/ss/dezzz757SM/zv6SL+qAKSyDh3aH9n/8IeHPhoEwajRYyq07aJFi88465wvvvwqdjA/v0HzZs1+mzR5HW5Y2qZ168kFBUEQ3HbLTXvsvmtFNwcSYsmSJWed81ciePutN9WsubaAfz0tXLgwWvtzLABQLXkGIQBUB3l5eV27bhbW77434rPPv9j4PWy6acu99twjrB//95OFhfOGDX81XDzyiMM3fj8AVCkd/ns37Lp168S/1cKFi/ofdUyYDubk5Aw456wXn//Prz//+PUXI4e99Pw2W/cIV0sLKnAX6y5dOoVFGBMCSWHI1ddFp/9eecWlHTt22KBvN3PmrLDYvHu3DfpGAACJIiAEgGpiyBWXResrrry6pKRk7esvW7Zs5cqVldvD8ccdExbffDvqxptvDeu+ffZu3rxZ5b4RAEnnt0mTw2Lz7t3j3+qDDz8M71bdsmXLt9949eyzzthqyy0yMjLWp5O2bduGxYcffbw++wE2mjfefOvlYcPDetfeuxx9ZP8N/Y4jP/s8LNq1a7uh3wsAICEEhABQTWy15RaHHXpwWE8uKDj40P7jf/11TSt/OvKzbf/Ra5++B8ybN69C77L23HG7bbfp3OnPaRkvvTwsLP7v6KMq9BYAJKM33nyrXcfNrrnuhqVLV3Ol+P33GQ8+NDSsN+vSebV7WO0lJjon/uCDDmzWrGm5V5cs+Zv7i652nzv8o2dYfPXV1zJCqPpmzJg5+JLLwzonJ+eG665JS6vApOG1Ky5euurgTz+NjQaEu+y8U2W9FwBAlSIgBIDq44LzBuTk5IT1L+PH992v3/0PPvTTT2OjP4+WlpZ+/8OPAwddfNwJJxcVFU0uKLhiyNXx7Lle3XphMXLkn7+VzJk7d7WPfTr5pBNiFzt36rTdttus38cCoKpbsHBh+PP9Y48/0We/A19/483S0tLoq599/sWxx58U1jk5OUccfljstmu/xNStUzcsZsycGbvV8uXLr7nuhlGjR4eLkSAS/z579tyub5+9w/qiwZd8OvKz2G1LS0vfePOtPfbqe+bZA2I/BZAQpaWl5w8cFP3v9+47b2vYML8S9//ysOH3PfBQ7Mhvkyadde75Yd2mdeu+ffapxLcDAKg6MhPdAABQaRo2zH/huafPv+Ci8G5sQRDccusdt9x6R/jrxqoPW+q14w6XX3pJPHtu175tuO0TTz29YOHCevXqPvX0f7bu0ePZZ55IT/+fv2/UZ5+9rrvhxsLCPycmnnD8MZX3+QCooiJlZZt16fzNt6OCIJg2bdq55w0897yBnTt1qlu3zqTJk6MXhfCG2Jts0jB227VfYqJP2H3+hZdatGjRe+ed0jMyvv/++6GPPL6WJwj+7WXr4kEXvvnWO0EQFBbOO+6Ek3ftvUv37t1y69Wb/vvvb739Tvics8kFBe+NeH+fvffakN8c8Deeefa58NwSuvCiwX+7ySEH/3PQwPPjf4tbb7vjo48+2X77npkZGTNmznzjzbejeeRFgy5Yz3saAwBUWQJCAKhWOnXs+PKLz955973RO7mFVv0V9fwB55x26slx/uRxzNFHjRjxQVi/+trrYTFq9OjRY77bZusesWvWrFnzqCP733X3veE0kb59+qzfBwIgCeTl5T395OOPPv7EDTfeHB2M/m2VqCuvuLTfgfuXG1z7JWbfvn0efuTRiRN/C4LgttvvvO32O6Mbtmndum/ffe6974FV+/nby1bz5s1eHfbi+RdeFO75w48+XvVeo2ecdspee+6xjt8IUEneeOOt2MXYv3CwJpMnr/FvD6zJqNGjozOSo+6+8/Y999i9orsCAEgWbjEKANVNzZo1Bw08/4Vnnz7s0IOjdxyNys9vcPRR/V964dkzzzhtTelgdnatciM77rD9dddeFbu39u3bPf7ow+XSwdDM/94F7vjjjqlVK3u9PxAASSAjI+PkE49/47Vhq159WrZsefA/D/r0o/f/76gjV31y2NovMbVqZT829KF9+/7PLf6aNGl88aCBb7w27Kj+h4cbZv7vFS2ey1bXrpu9OuzFAeectXn3brHb5uc3OLL/4e+89foF5w8oN0se2PjSK2kC36p/vg0dfVT/Z595cusef50c8vMb7Nt3n9dfHRa9FzEAQLWUFolE4lgNAEhKpaWl8+cvmDdvXlFxcW5uvQZ5efXq1VvnnztXrlw5ffrvy5cvb9asaZ06dVa7zqxZs3fcedewHvnxB02bNlmP9gFISqWlpX8UFhb+URgEQes2rWvXWv3v8rH+9hJTVFQ0bfr0lStW5ufnN2nSeNWgcR32GdvwlKlTS1eW5uXlVe7jzYCq6Zrrbnjs8SfCgHDIFZeF54GCKVNyauc0adI40d0BAGwMbjEKANVZRkZGw4b5lfVbZ2ZmZuvWrda+zhNPPR0W+/bdRzoIkJoyMjIaN2rUuFGj+Df520tMTk5O506dKtRGPJetUEZGRts2bSq0c6CaycjIaNe2baK7AADYeNwvBQCoNIsWLY4++/DYY45OdDsAAAAAwGoICAGASvPcCy+GRdeum8U+ygUAAAAAqDoEhABA5Vi2bNnDQx8J6xOOOzbR7QAAAAAAq+cZhABA5Vi4aNEpJ58YBEF+gwYH7L9votsBAIDV223X3k2aNA6CYIvNN090LwAAiZEWiUQS3QMAAAAAAACwkbjFKAAAAAAAAKQQASEAAAAAAACkEAEhAAAAAAAApBABIQAAAAAAAKQQASEAAAAAAACkEAEhAAAAAAAApBABIQAAAAAAAKQQASEAAAAAAACkEAEhAAAAAAAApBABIQAAAAAAAKQQASEAAAAAAACkEAEhAAAAAAAApBABIQAAAAAAAKQQASEAAAAAAACkEAEhAAAAAAAApBABIQAAAAAAAKQQASEAAAAAAACkEAEhAAAAAAAApBABIQAAAAAAAKQQASEAAAAAAACkEAEhAAAAAAAApJDMRDcAAGxYpWVlixYtWVK8dOnSZctXrFhZWhYEkUQ3BUA5aZkZ6Vk1atSqVbNO7Vr16tXJSK8+f5vTlQgSx7mF+FXnowUAWFVaJOIPTwBQPZWULJs7b0Hh/EV+KwFINmn5efU2aVA/O7tmojtZL65EUMU4txC/anK0AABrIiAEgOppxqy5cwrnJ7oLANZLo/y8Zk02SXQX68iVCKos5xbil9RHCwCwFgJCAKhuSkqWTf19dnFJSaIbAaAS1M7O3rR54+SawOFKBFWfcwvxS8ajBQD4WwJCAKhWioqXTp46Y2Vpaexgzays+vXq1MmpnZ2dlZmZmZa49gBYrUgQrFy5sqRk+ZKi4gWLlixbvjz21cyMjDabNsupXStxDVaAKxFUHc4txK86HS0AQDwEhABQfZSULJtYMD32d5OaWVlNGuXn5dZNaF8AVMz8hYtnzSmM/XE2MyOjfesWVX/2hisRVGXOLcQveY8WACBOAkIAqD5+/W1q7D2X8vNyWzRr7G9SAySjSBBMnzG7cP7C6Ejt7OyO7TZNaFN/z5UIqjjnFuKXpEcLABCn9EQ3AABUjhmz5sb+btK4YYOWfjcBSFppQdCyWePGDRtER4pLSmbMmpvQpv6GKxFUfc4txC8ZjxYAIH4CQgCoDkpKls0pnB9dzM/Lbdq4YUI7AqASNG3cMD8vN7o4p3B+ScmyhHa0Rq5EkEScW4hfEh0tAECFCAgBoDqYO29BtK6ZldWiWeOEtgNApWnRrHHNrKzoYuwJv0pxJYLk4txC/JLlaAEAKkRACABJr7SsrHD+ouhik0b57rkEUG2kBUGTRvnRxcL5i0rLyhLa0Wq4EkHScW4hfklxtAAAFSUgBICkt2jRkiCIhHXNrKy83LqJ7giAypSXWzdm6kZk0aIlie1nVa5EkIycW4hf1T9aAICKEhACQNJbUrw0WtevVyehvQCwQcSe3mNP+1WEKxEkKecW4lfFjxYAoKIEhACQ9JYuXRat6+TUTmgvAGwQsaf32NN+FeFKBEnKuYX4VfGjBQCoKAEhACS95StWROvs7Ky1rgtAUoo9vcee9qsIVyJIUs4txK+KHy0AQEUJCAEg6a0sLYvWmZmZCe0FgA0i9vQee9qvIlyJIEk5txC/Kn60AAAVJSAEgGogEq3SEtoHABvI/57eI2tcL2FciSApObcQvyp/tAAAFSMgBAAAAAAAgBQiIAQAAAAAAIAUIiAEAAAAAACAFCIgBAAAAAAAgBQiIAQAAAAAAIAUIiAEAAAAAACAFCIgBAAAAAAAgBQiIAQAAAAAAIAUIiAEAAAAAACAFCIgBAAAAAAAgBQiIAQAAAAAAIAUkpnoBgAAAKAC5s7947vvv58794/CwsLsWrU6dejQoUP7Jk0ap6WlrbryIYf1/3XCxCAIbr35hj332D0R/QIAAFQ5AkIAAACSw6cjP7vt9jt/+PGnVV/KycnZcYftB1904aabtowdX7xkSVFRURAEK1as3IidAgAAVGluMQoAAEBVt3DhosGXXHbcCSevNh0MgqCoqOjd90bsusfeTzz5dGlp6UZvEAAAIJmYQQgAAECV9uWXX51z3gWFhfNiBzfv3q1bt65169adM2fOJ5+OjL465Oprx4//9dprhiSoWQAAgCQgIAQAAKDqmjv3j1NOPyu8TWgQBPn5DW647ppddt4pIyMjuk7jSIVIAAAgAElEQVQkEvn8iy+vu/6mX8aPD4LgiCMOTVy/AAAASUBACAAAQNV1zXU3RNPB/fbtO+TKy+rn5pZbJy0tbccdtn9l2AvDhr/aqNEm3bt1S0SnAAAASUNACAAAQBX18Sefvv7Gm2G97TZb33HbzWlpaWtaOTMz89BD/rkRu4OKOf2sAUEQnHTicVtvtWWcm4wa893QRx6v6FYAAPC3BIQAAABURWVlZf+69PLo4pArL1tLOhinX3+d8O2o0aNGj540aXL79u0369L5nwf1y82tt6b1v/7m27Fjx/38y/ipU6fm5eVt1qVzl86dd9hx+9q1aq1pk5KSks8+/+KXX8aP+/mXwsLCFi2ad+nSebMuXf7Rc7s19f/1N99+8snICb9NnDlzVru2bTt17NCjx1bbbbvNaleePXv21998O3bcz+PH/1pWVtaxY4fOnTr26bPPWlqiKhg15rtRY74LgmDUWQPuv+eOeNK+UWO+CzPFIAhO2vAdAgCQUgSEAAAAVEW/Tpgwa9bssD7h+GM7dey4PntbsWLFrbfdcd8DD0VHfvjxp5eHBUMffezeu+/ccovNy60/d+4fl15x5YgRH8QOvvveiCAIWrZsefutN2215RarvsvYsePOPW/g5IKC6Mg3344aNvzVIAh22Xmn66+7unGjRrHrL168eNDFl4S7je4hLPr22fvSSwaXW3/Y8FcGDhocOzLys8+DILj73gduvP6antttW8FvhcQ4PY6MMDYdDILA9EEAACpXeqIbAAAAgNX44ouvovWuvXdZz72dP3BQNB3Mz28QHZ81a/Ypp51RvHRp7Mrjxv28+159YtPBli1bRutp06Ydclj/Z597vtxbDBv+ygEHHRKbDsZu9fEnn+65977f//Bj7CaXXHZFNB1s07r17rvt2rXrZuHim2+988gjj8euPOjiS6LpYE5OTq8dd+i14w45OTlhS0cefexXX39T8S+GjWTrrba8/547oounnzUgnFC4WuXSwdgNAQCgUggIAQAAqIqmTZ8erdu2aVMp+7z2miEjP/7g6y9G/vrzj4MGnh8OFhbOe/qZZ6PrlJWVXX7lVUVFReHirTff+NP3oz96/51ff/5x+MvPRzO/Sy67MjrBMQiCOXPnRtO7Jk0av/Ds07/+/ONH778z7scxd995ezheVFR02RVDSktLw8Vx435+4823w/reu+8Y8e6bDz1w76vDXvz4w/dOOP7Y3Xfb9fTTTo7u//0PPnzp5WFhPfCCAaO+/vzfjw3992NDv/ly5PHHHfNnS5desXz58kr5otgQ4swIV00HTR8EAKDSCQgBAACoiv74449o3bhxo7Wu+/datmz5zpuvHXHYoU2bNgmCICMj49RTTurbZ+/w1ZEjP4uu+cqrr4357vuwfvnF5/oduH+tWtnhJt27dXvl5ReaNGkcvnrzrbdFt7rl1j+DnyZNGr/x2vAePbbKyMgIgqBmzZp9++z96rAXw1fHjh330svDw/qHn34Ki7323GOfvfeK7qpF8+aXDL7ooQfuzcvLC0dKSkquvvaGsD7rzNNPP/WUGjVqhIs1a9a89F8X77xTryAIJhcUvPHmW+v5RbFB/W1GKB0EAGDjEBACAABQFZWULAuLli1bpqWlrefeLrxgQPv27coN9u3TJywm/vZbdPCJJ58Oi7323GOLzbuX2yQ3t94Zp50a1sNfeW3hwkXh1MDo9L7TTj25fm5uua26dt0sGkY+9cx/wmLFihVhMWHCxKVLS9bS/Ndffztt2rTwzqJnnn7qqiuccvKJYTHu51/Wsh+qgrVkhNJBAAA2GgEhAAAAVVHrVq3CYtq0aStXrlzPvaWlreb/f8PZhOGTCCORSBAEkUjkhx//nNh32KEHr3ZXB+y/b7SeOm1qEARTpkz969X99lvtVocc/M+wGDt2XFlZWRAEXbt0CUcmFxQcclj/90a8H40My/lt0qSwaN261dhxP4/57vty/yxYsDBc4ddfJ/zdN0HirTYjlA4CALAxZSa6AQAAAFiN2Al/U6dNq6zHEMaqWbNmtI5EImlpaXPmzImONG/WbLVb1a1bNycnJ3xIYUHBlO7duk0uKAhfysnJyc2tt9qtmjdvHq1nzZrdrFnTLbbYfOeden3y6cggCH4ZP/60M87OycnZt+8+B+6/37bbbhPeoTQ0ceKfExzHjh13yGH91/KJYqdCUpWFGWE0EYyNBqWDAABsBGYQAgAAUBW1a/dXIlhQMGXjvOm06b9H6002abim1Vq2aBEWU6dOC4JgytRp4WJ0SuKqGjbMj9bTf/89fKjhHbfdcvA/D4qOFxUVPf/CS0cdc3zf/fuNHj0mOj47JrbMz2+wln+2/0fPdfrcJEC5eYRR0kEAADYCMwgBAACoimKnDL7w4su77dp7I7xp7OMDi4qL8/LyVrvagoUL/ly/fv0gCBrk1Q8XlyxZsqY9FxcVR+voLMPc3Ho33XDtKSedMPyV14a98sqsWbPD8YkTfzv0iKOGv/x8927dgiBo2fLPPPLE44/71+BB6/0pqSrKzSOUDgIAsNGYQQgAAEBVlJeX17XrZmH97nsjPvv8i43wptEoLgiCObPnrHad0tLSaJLXunWrIAjatG4dLs6aNbu0tHS1W8XOAty05aaxL7Vv327gBQM+++TD4S8/Hzuh8L77HwqLdm3bhoU7iFY/YUa49VZbRotEdwQAQEoQEAIAAFBFDbnismh9xZVXl5SUrH39ZcuWrVy5cn3esWbNmi1btgzrL7/+ZrXrfP/9D9G6datW0ZgwNOa771e71VdffR0WTZo0rlUre7XrdO/W7aYbrh008PxwcdTo0WHRps2fAeS3o0YvXLio4h+LKi2MBqWDAABsTAJCAAAAqqitttzisEMPDuvJBQUHH9p//K+/rmnlT0d+tu0/eu3T94B58+atz5vuvNOOYfHAgw8vXbqaSPLBoY+ERcuWLZs0aRwEQaNGjaKTCB96+JFVNykpKbnvgYf+u/9ea29g1967hEXt2jlh0a1r15ycnPAhhQ8+PDTOD7JixYrZs2eXlZXFDhYVFRUWlv9+5s2bt5abowIAANWPgBAAAICq64LzBoTZWBAEv4wf33e/fvc/+NBPP42NziYsLS39/ocfBw66+LgTTi4qKppcUHDFkKvX5x3POevMaBp35tnnxs7YKysru+vue0eM+CBcvPzSwRkZGUEQpKWlXXH5JeHg+x98eMutd8TeaHTx4sXnDLigqKgoXBxw7tlhMW/evJtuue39Dz4s18CI/45steUWYZGbWy86rfDBh4Y++ti/y8V+333/w7HHn7R33/2jNzL94ceftt5uhx122nWvffb744/CcPC5F17cfKttt9u+19nnnhfuIRKJXHjRv7b9R68temz3xJNPr8/3BgAAJJHMRDcAAAAAa9SwYf4Lzz19/gUX/TJ+fDhyy6133HLrHdEn/00uKIhdv9eOO1x+6SXr+Y4DLxgw5KprgyD4+JNP99yn75577LFpyxYLFy364osvf/jxp3C1XXbeabdde0e32qnXjnvtuce7740IguD+Bx/68KOPe+24Q35+g99nzBjx/gfRZxZePGhg40aNwnrI1de9/sabQRD07Lnd4Yce0qrVpkVFRe+8+97TzzwbrhCdPRkEQf8jDvvPs8+HX8K11984/NXXtu/Zs0XL5rNnzfns88+jXT3w4MNXXHZJEARDH3k0jCQnFxS89PKwU085KQiCa6+7MVztzbfeOf7YY3r02GrChIkvDxv+336uPbL/4ZmZfigAAIDqz5/7AQAAqNI6dez48ovP3nn3vQ8+9D931ywXDQZBcP6Ac0479eRwVt/6+L+jjqyRWePSy68MgqCwcN6zzz1fboUjDj9s8EUDyw3eesuNN9982xNPPR1OdowmmlFXXH7J0Uf2jy62bdsmLL766uvoEwqjzj37zO3/0TO6mJGR8e/Hhl5y+RXh/MWxY8eNHTuu3Ca77LzT+QPOCetIJBIdX+1zGVeWlgZBEAkisYPlJiYCAADVlVuMAgAAUNXVrFlz0MDzX3j26cMOPTh6x9Go/PwGRx/V/6UXnj3zjNPWlA7WrJm19rdIS0uLrfsfcdgH7719UL8Dog8XDN9ol513GvrQ/ddefWWdOnXK7aF2rVpXXH7JE48/smvvXfLzG0THW7ZsecD++7379uvHHH1Uevpf/xt+7tlnvvv26/v23Sd25SAItu7R47n/PHXO2WeW23/DhvkP3nfPrTff2LPndrFfQk5Ozl577vH4ow8/OvTBunXrhoNHHH5YtOcD9t83rE89+cToW4T3L23frl2vHXcIB0879eSsrL/5lgAAgOohLfYvFQIAyei7sb9G6y27dkxoLwBsKFX5bL+ReystLZ0/f8G8efOKiotzc+s1yMurV69ebPBW6YqXLp06dWrD/IYNG+bHv9W8efPmzJ3bskWLVRPNVS1YuHDKlKl59es3b94snhmQkUhk5sxZixYvqp9bf5NNGq52kwULFsyYMbNNmza1amVHB6dNn15cXNy+XbvoJqWlpZMmTa5Zs+amm7aM/9NRbTi3ED//RgCgOnGLUQAAAJJJRkZGw4b5Fcrq1lPtWrU6d+pU0a0aNGjQoEGDOFYMgiCon5tbf/Pu8e88LS2tWbOmzYKma9tn/fr169cvN9iyRYtyIxkZGR06tI//rQEAgGrALUYBAAAAAAAghQgIAQAAAAAAIIUICAEAAAAAACCFCAgBAAAAAAAghQgIAQAAAAAAIIUICAEAAAAAACCFCAgBAAAAAAAghQgIAQAAAAAAIIUICAEAAAAAACCFCAgBAAAAAAAghQgIAaAaSItWkYT2AcAG8r+n97Q1rpcwrkSQlJxbiF+VP1oAgIoREAJA0svM+OuCvnLlyoT2AsAGEXt6jz3tVxGuRJCknFuIXxU/WgCAinI5B4Ckl1WjRrQuKVme0F4A2CBiT++xp/0qwpUIkpRzC/Gr4kcLAFBRAkIASHq1atWM1kuKihPaCwAbROzpPfa0X0W4EkGScm4hflX8aAEAKkpACABJr07tWtF6waIlCe0FgA0i9vQee9qvIlyJIEk5txC/Kn60AAAVJSAEgKRXr16dIEgL62XLl89fuDjRHQFQmeYvXLxsefTGbmn16tVJbD+rciWCZOTcQvyq/tECAFSUgBAAkl5Genp+Xr3o4qw5hZGE9gNAJYoEwaw5hdHF/Lx6GelV7v/jXIkg6Ti3EL+kOFoAgIpyOQeA6mCTBvWj9bLly6fPmJ3QdgCoNNNnzI6ZtPE/J/wqxZUIkotzC/FLlqMFAKgQASEAVAfZ2TUb5edFFwvnL5w5+4+EdgRAJZg5+4/C+Quji43y87Kzaya0ozVyJYIk4txC/JLoaAEAKkRACADVRLMmm9TOzo4uzv5j3rQZs92FCSBJRYJg2ozZs/+YFx2pnZ3drMkmCW3qb7gSQdXn3EL8kvFoAQDilxaJ+DMVAFQTJSXLJhZMX1laGh2pmZXVpFF+Xm7dhPYFQMXMX7h41pzC2Pu5ZWZktG/doupP2nAlgqrMuYX4Je/RAgDESUAIANVKUfHSyVNnxP56Ev6AUr9enTo5tbOzszIzM9MS1x4AqxUJgpUrV5aULF9SVLxg0ZLYH2TD32TbbNosp3atxDVYAa5EUHU4txC/6nS0AADxEBACQHVTUrJs6u+zi0tKEt0IAJWgdnb2ps0bJ9eMDVciqPqcW4hfMh4tAMDfEhACQPU0Y9bcOYXzE90FAOulUX5e8j7tyZUIqiznFuKX1EcLALAWAkIAqLZKSpbNnbegcP6iIHC5B0guafl59TZpUD/Zp2u4EkEV49xC/KrJ0QIArImAEACqudKyskWLliwpXrp06bLlK1asLC3zSwpA1ZOWmZGeVaNGrVo169SuVa9enYz09ES3VGlciSBxnFuIX3U+WgCAVQkIAQAAAAAAIIX4q0AAAAAAAACQQgSEAAAAAAAAkEIEhAAAAAAAAJBCBIQAAAAAAACQQgSEAAAAAAAAkEIEhAAAAAAAAJBCBIQAAAAAAACQQgSEAAAAAAAAkEIEhAAAAAAAAJBCBIQAAAAAAACQQgSEAAAAAAAAkEIEhAAAAAAAAJBCBIQAAAAAAACQQgSEAAAAAAAAkEIEhAAAAAAAAJBCBIQAAAAAAACQQgSEAAAAAAAAkEIEhAAAAAAAAJBCBIQAAAAAAACQQgSEAAAAAAAAkEIEhAAAAAAAAJBCBIQAAAAAAACQQgSEAAAAAAAAkEIEhAAAAAAAAJBCBIQAAAAAAACQQgSEAAAAAAAAkEIEhAAAAAAAAJBCBIQAAAAAAACQQgSEAAAAAAAAkEIEhAAAAAAAAJBCBIQAAAAAAACQQjIT3QAAsGEVFS/9aORXo7776ZcJk2fMmr1ocVGkrCzRTfH30tLT69XNadakcecObbbeslvvXj1zatdKdFMAAAAAVAdpkUgk0T0AABvExElTnnnxteFvvi8RrAbS0tP79d39yEP2b9+2VaJ7AQAAACC5CQgBoHq6/b7Hnnh2eKK7oPIdc0S/8844PtFdAAAAAJDEBIQAUN1MnDTl8uvv+nn8xEQ3wobSpVP7qwafYyohAAAAAOtGQAgA1cqYH8add8l1CxcuTnQjbFi5uXVvv/ZfW22+WaIbAQAAACD5CAgBoPqYOGnKSedeIh1MEbm5dYfeea15hAAAAABUVHqiGwAAKs3l198lHUwdCxcuvvz6uxLdBQAAAADJR0AIANXE7fc95rmDqebn8RNvv++xRHcBAAAAQJIREAJAdTBx0pQnnh2e6C5IgCeeHT5x0pREdwEAAABAMhEQAkB18MyLryW6BRLGv30AAAAAKkRACABJr6h46fA33090FyTM8DffLypemuguAAAAAEgaAkIASHofjfwqUlaW6C5ImEhZ2Ucjv0p0FwAAAAAkDQEhACS9Ud/9lOgWSDDHAAAAAADxExACQNL7ZcLkRLdAgjkGAAAAAIifgBAAkt6MWbMT3QIJ5hgAAAAAIH4CQgBIeosWFyW6BRLMMQAAAABA/ASEAJD0ImVliW6BBHMMAAAAABA/ASEAAAAAAACkEAEhAAAAAAAApBABIQAAAAAAAKQQASEAAAAAAACkEAEhAAAAAAAApBABIQAAAAAAAKQQASEAAAAAAACkEAEhAAAAAAAApBABIQAAAAAAAKQQASEAAAAAAACkEAEhAAAAAAAApJDMRDcAAFRd2dk1Dz+ob7nBSCSYPWfu+IkFU6f/XlYWSVBrfzrq0AP6H7Jf8dKSq268+6efJyS2GQAAAABICgJCAGCN8vPqDzj9uLWsUFKy7NW33r/13seWL1++Efv60+ZdOw88+8SwfuTu63rucejG7wEAAAAAko5bjAIA6y47u+ZhB/X97O1n99lj543/7r223zpaZ2Vl1cmpvW77ObRfn69GvDDy7Wezs2tWXncAAAAAUEUJCAGAuMyZW/j1qO+/HvX9qO9+mjJtxqLFS6IvZWZmXHPJgOZNG2/klr74eky0Xr5ixZKi4nXbzx69d8jKysqpXSu7poAQAAAAgOrPLUYBgLi8//EXN931cOzIlt273HjlhY02yQ+CICMj456brzjo6DM2Zktjfhh3272PHXHwvkXFS6++6Z513k/TxptUal8AAAAAUKUJCAGAdfTdjz//85iz3hv2WK3s7CAIWjRrsvF7ePK54U8+N3w9d9Igr34ltQMAAAAAScAtRgGAdVdUVPzRyK/DOjMzo/Em+YnuaF2EAScAAAAApAgzCAGA9TKpYGq0btqk0ey5heVWyM+rf/jB+27ZvUvb1i2zatSYN3/hhN8KnnzulR/G/rLaHWbVqHHemcdvvWW3Rg3z09KClStLf585+9GnXvxo5FerrnzFRWd3aNcqCIJhr7/30qvvlN/PGcdttXnXJo03qVEjc87cwomTpgx7/d3P//vkwvT09HZtNt2iW+f09LRw5IA+uxcvXRrWM2bN+fyr0bE7TE9P73/wftv26N6xXet6dessLiqeVDDt7RGfvPb2B+W62n3n7Y8/+uBIJLhv6NNffDOmfm69Ky8+Z8vunWvXqlW8tOTDT78ccuPdcX/BAAAAAFDJBIQAwHrp2K5NtP7p51/Lvbr/PrtdPuiszMyM6EjdOjmtWjbbo/cOb7738WXX3lFWVha7/r5773rFoLNq1PifP6I0yMu9/bp/RSKR6MjIL0edc9HVQRDs2XuHnJzaQRBMmTYjNiDs3avnjVcOzMrKio603rR5602b79F7h1Hf/XT+JdcvWrzk3WGP5f/vzUXPO+O4aD1rzh99DjkxutipQ5sHb786t17d6EhOTu0mjRrusN1WRx92wBkXXFk4f0H0pa5dOnTt3CEIgpOPPezXiZPffHFoVo0a4Uu5NerstVsvASEAAAAACeQWowDAusvJqb3T9tuEdfHSkpUrS2NfvfLic67617nRdLCoeGnh/AWlpX+u03fPXe6/9crY9Tu0a33V4HOj6eAfhfOnTJtRvLQkXEyLsWjxkrV01XiT/JuvuiiaDhYvLZk3f2G0t6237Hb04QcGQbBixco4P2afPXb+z9Dbo+ng8uXL/yicv3zFinCxY/s2Lz91b3QaYqy8+vWeeuiWaDoYmj3njzjfFwAAAAA2BDMIAYB1lJ9X/5F7rs/OrhkuPvb0i7GvdunU7sC+u4f1zFlzzhg4pGDq9HDxiovO7rfvHkEQbLf1Ftv12Pzr0T+E4zdeeWEYs5WULDvm9EETfisIx8846aiTjzksrEd89Pm7H4788NMv19LYheecFKaSZWWR8y+59uPPvgnH++27x6nH91+8pOiBR58JguDY0we1b9uqa6f2Z5x0VLjCxVfevLioOKznL1gYFpmZGZcPOist7c/GLr3m9vc/+eK/O9zz0oGnZ2Rk1Ktb56JzT7n+9gfLddJ60xZhUTD192/H/JiWltahXatnXnit4l82AAAAAFQaASEAEJf27VrtutM/giCoXbtWp/atO3dst82W3cLYLHxi39AnXohd/5arLw6LoqLiA448LXZy4ZAb727UsMEOPXsEQXDphWcc0P+0cLxFsyZhcd1tD0TTwSAI7hv69J69d2y9afMgCKb9PvO9Dz9be6ubdWofFu9//Hk0HQyCYPgbI4a/MSK6OGdu4Zy5hZGyv+5c+tWoHxYsXFRub5ddeGYYgkYikdjYMgiC4W+8l56edtmFZwZBcMiBfVYNCEMP//u5+x55Zu09AwAAAMBGIyAEAOKy7Vbdt92q+2pf+nbMT6eed1nsSMP8vGZNGoX1jXc+XO7Wo0EQXHLN7R++9mQQBI0bNQxHsrKyojcXXXWC4LjxE8OAsPtmnf621czMP/fTuWPb+D7c2uy5645h8cnn38amg6GXX3v3/DNPyKldKz09rfWmLaKzJKOm/T5TOggAAABAlSIgBADW3Xc//vzwv5/7/Osx5cZjo8SsrBrhDUVXK6tGjezsmiUly5YvX758+fLwwYFdOrb7ZsyPsas1bbxJWKyawK1qwqQpmzRsEARBy+ZN3xv2+L1Dnx7+xnsV/3BBEATp6em1srPDuqi4eC0fJAiCbbbqVq69SCRy2nmXr9tbAwAAAMAGIiAEAOIyZdqMn8aNz86u+Y9ttszJqR0OLly0eNV0MAiCLbt3idaXDjxj7Xvu2K7ND2N/CYLg19+mdOvSIQiCIYPPib0raffNOkZ3+PFnX/9tq7ff+9g/ttkyfJxhw/y8Ky4669KBp4/9ZcKjT70Ye8fReHTr0jFa991zl7577rKWlTu0bVVupLS0bMasORV6RwAAAADY0ASEAEBcPv9q9E13PRwEQU5O7feGPRbOq9tlx+0OP6jvc8PeLLdy40abROuymIf8rWpl6cop034P60efevHWay5OS0tr2qTRJ28+88ln3xQvLdm0RdMeW3QNH3ZYMHX6yC9H/W2rEydPGTD4mhuuvLB2rT8n/2VkZGzetfMd119aOG/+ef+67sdxv8b5qVu2aBrnB4lEyn6Ie7cAAAAAkEACQgCgYoqKis8edPXQu64NFwede8qX3343ZdqM2HUKpk7fZcdtgyBYvnx5zz0OjXPPH3765YWX33TL1RcFQVArO3vv3XeKfbVw3vxjT78ozl19+sW3O/Xpf8Q/9z3soL6btmga5otBEOQ3yHv0nhv6HXX67zNnx7Of8b9Oitb9jjp92u8z42wAAAAAAKqs9EQ3AAAkn1Hf/fTsy2+EdXp62iP3XB/ezzPqx7HjwyIrKyszMyP+PR/Yd/ewWFpSUlpaGolElpaUTJ8x6+a7hu7R77hFi5fEv6uysrJnXnyt31Gn77D34Q889p+i4qXheGZmxoDTj4tzJxMnT4lE/pw4uNXmm8X/7gAAAABQZQkIAYB1ceMdD0Wn0+Xn1b9pyKDYV0d9PzZaH9qvT5z7PPiAvXfafpsgCH6ZMGmHvQ7fZtd/9til3w57Hb7/Eac+8+Jr69xqScmyBx97drcDjimcvyAc6dKpXfybLy1ZFhb77t17nXsAAAAAgKpDQAgArKMTzhq8cmVpWO++yw777LFz9KUFCxcVFRWH9dmn/F96elx/5Niz945h0bTxJlt271K53S5fvvzrUT/8t16x2nXq5NRedXDsLxPCYrsem3do17pyuwIAAACAjU9ACACsoz8K519+3R3Rxav/NaBhfl50cchN94RFrezsV565v9Em+bHbduvSYfjT94/6aPjRhx0QHZwwaUpY5Nar+9i9N4z+ePhXI1745M1nRgx//PnH77r9un/tvvP28TTWZ4+dn3jg5j133TF2MD09fYfteoT1uP9mfkEQ/DFvfrQ+tN8+YbHtVt2jd0a96Iqby8r+vMvov++/cbsem8fuNj+v/v23DRn10fC7brwsnt4AAAAAIOEyE90AAJDE3hrxyV679erdq2f4bL/H77txv8NPCV9672GtCrcAABpFSURBVMPPJhw7pUPbVkEQtGjW5M3nH546febkKdPr1Kndrs2m+Xn1w9XOOfXYp55/NayffG74IQfsnZ1dM1xMS0vLysrKysoKgpz8Bnkd2rbq3atnUfHS/ieeF7276arq59a7+pIBGRkZNw0ZNO2UmW+P+GTK9JmtWjY7/KC+9erWCYIgEok8+vRL0fV/mzwlWv/f4f2233arvPq5DfPzRv8w7sSzBgdBMH/BwqeeH37MEQeFYeeDd1w9Y9acyQXTyiKRVi2bbdqiWbjtTttv07lD218mTNoAXzMAAAAAVCYzCAGA9XLBpTcsWLgorJs3bXzpwDOiLx1/5sVjfhgX1hkZGW1atdht539s12PzaDq4cmXp+ZdcF13/wD67Z2VlhRnevPkLS0qWrVxZGolEYt8up3atJx64aS391MyqMX/Bn/20bN705GMPv+aSAScfc1iYDgZBcO/QpycVTIuuX1YWGf3fJtPS0jq0ax3Og+yx+Wb1c+uF47ff9/h/Xnw92kmzJo12/MfWO22/TTQdDILgsadfkg4CAAAAkBQEhADAGpWULPvbdcrKyo4/c/DMWXPCxYMP2Ltl86ZhXVRUfMJZgy+/7s7CefOjd+kMLV5S9Opb7/fe/+iRX46KbnjGSUelp6ctXlJ0yLFn737gMdvvddi2u/2zxy79eu939JAb7577x7xwzfq59aJpX9TSpSVhMXtu4Z4HHXfv0KcWLV5SLlycOWvO8Wde/MiTL5Tb9rzB15bL9ubNX3jGBVdGg88gCG666+H+J503ZdqMFStWxq65fMWKb8b82O+o0+968InVfTmlf/sFAgAAAMBGllbuhzMAIOlstfOBiW4hLq1aNuvcoe2cP+ZNKpi2cNHicq++/OS9bVq1CIJgyI13D39jxKqb166V/dk7z4X1EScOGD9h8t++Y3p6WueO7dq3aTV+4qQJvxWUCynLyauf261Lh9Kysu9+GFf837hxTWv22Hyz4qUlk6dOnzV77t+2sXGM+eSVRLcAAAAAQHLwDEIAYCOZMm3GlGkz1vRqi2ZNwqJw3oLVrtC9a6ewWLmyNJ50MLx96LhfJo77ZWI8K89fsPDTL76Nc833P/kinjUBAAAAoApyi1EAoEqYPmNWWNx6zeC9d+sV+1J6evqRh+x/781XhIujv/8pEQ0CAAAAQDXhFqMAkPSS5Raja7fT9tvcecOlaWlp4eKKFSsXLV5cvLQkp3bt3Hp1MjIywvG5f8zre9hJK1d6tl95bjEKAAAAQJzMIAQAqoRPv/h28JBblpb8+fC/GjUy8xvktWzetEFebpgORiKRT7/49pBjz5YOAgAAAMD6MIMQAJJe9ZhBGLX/Prv122/PZo03yc2tmxakLSkqnjlrzm8FU+9/9D9z5hYmuruqywxCAAAAAOIkIASApFfNAkLWjYAQAAAAgDi5xSgAAAAAAACkEAEhAAAAAAAApBABIQAAAAAAAKQQASEAAAAAAACkEAEhAAAAAAAApBABIQAkvbR0F/RU5xgAAAAAIH5+SwKApFevbk6iWyDBHAMAAAAAxE9ACABJr1mTxolugQRzDAAAAAAQPwEhACS9zh3aJLoFEswxAAAAAED8BIQAkPS23rJbolsgwRwDAAAAAMRPQAgASa93r55p6a7pqSstPb13r56J7gIAAACApOHHRABIejm1a/Xru3uiuyBh+vXdPad2rUR3AQAAAEDSEBACQHVw5CH7J7oFEsa/fQAAAAAqREAIANVB+7atjjmiX6K7IAGOOaJf+7atEt0FAAAAAMkkLRKJJLoHAKByHHnyBT+Pn5joLth4unRq/8zDtya6CwAAAACSjBmEAFB9XDX4nNzcuonugo0kN7fuVYPPSXQXAAAAACQfASEAVB/t27a6/dp/yQhTQW5u3duv/ZebiwIAAACwDtxiFACqm4mTplx+/V3uNVqNdenU/qrB50gHAQAAAFg3AkIAqJ5uv++xJ54dnuguqHzHHNHvvDOOT3QXAAAAACQxASEAVFsTJ0155sXXhr/5fqSsLNG9sL7S0tP79d39yEP2N3EQAAAAgPUkIASAaq6oeOlHI78a9d1Pv0yYPGPW7EWLi+SFSSEtPb1e3ZxmTRp37tBm6y279e7VM6d2rUQ3BQAAAEB1ICAEAAAAAACAFJKe6AYAAAAAAACAjUdACAAAAAAAAClEQAgAAAAAAAApREAIAAAAAAAAKURACAAAAAAAAClEQAgAAAAAAAApREAIAAAAAAAAKURACAAAAAAAAClEQAgAAAAAAAApREAIAAAAAAAAKURACAAAAAAAAClEQAgAAAAAAAApREAIAAAAAAAAKURACAAAAAAAAClEQAgAAAAAAAApREAIAAAAAAAAKeSvgLC4uLi0tDShzQAAAAAAAAAb1l8B4QcffrR3n/3ffOudsrKyhLYEAAAAAAAAbCj/c4vRyQUFZ5973v4HHvzBhx9FIpHEdQUAAAAAAABsEH8FhI0aNQqLX8aPP/nUM/55yOGff/Fl4hoDAAAAAAAAKl9a7EzB777/4c677vnk05HRkZ49txt43rk9emyVoPYAAAAAAACAypS26q1ER48ec9sdd33x5VfRkV1773L+gHM226zLRm8PAAAAAAAAqEyrCQhDX3/z7W233/nNt6OiI3377H3u2We1b99uI7YHAAAAAAAAVKY1BoShL7786s677omNCZ94/JEdd9h+o/QGAAAAAAAAVLL0tb+8ScOGzZs3ix0pKSnZwC0BAAAAAAAAG0rmml74bdKk++5/cPgrr0VHtu7RY+AFA7bbdpuN1RsAAAAAAABQyVYTEBYUTLnnvvuHDX81OtK162YDzxuw8869Nm5vAAAAAAAAQCX7n4BwypSp997/4EsvD4uOtGnd+sKB5+215x5paWmJaA8AAAAAAACoTH8FhN99/8PBhx4RXWzSpPGFF5y//359MzIyEtQbAAAAAAAAUMn+CginT58eFvn5Dc4/79yDD+pXo0aNxDUGAAAAAAAAVL6/AsK0tLScnJzzB5xzxOGHZmdnJ7QrAAAAAAAAYINIi0QiYbV8+fIVK1bk5OQkuiUAAAAAAABgQ/krIAQAAAAAAACqvfRENwAAAAAAAABsPAJCAAAAAAAASCECQgAAAAAAAEghAkIAAAAAAABIIQJCAAAAAAAASCECQgAAAAAAAEghAkIAAAAAAABIIQJCAAAAAAAASCECQgAAAAAAAEghAkIAAAAAAABIIQJCAAAAAAAASCECQv6/PTsQAAAAABDkbz3IpREAAAAAAAAjghAAAAAAAABGBCEAAAAAAACMCEIAAAAAAAAYEYQAAAAAAAAwIggBAAAAAABgRBACAAAAAADAiCAEAAAAAACAEUEIAAAAAAAAI4IQAAAAAAAARgQhAAAAAAAAjAhCAAAAAAAAGBGEAAAAAAAAMCIIAQAAAAAAYEQQAgAAAAAAwIggBAAAAAAAgBFBCAAAAAAAACOCEAAAAAAAAEYEIQAAAAAAAIwIQgAAAAAAABgRhAAAAAAAADAiCAEAAAAAAGBEEAIAAAAAAMCIIAQAAAAAAIARQQgAAAAAAAAjghAAAAAAAABGBCEAAAAAAACMCEIAAAAAAAAYEYQAAAAAAAAwIggBAAAAAABgRBACAAAAAADAiCAEAAAAAACAEUEIAAAAAAAAI4IQAAAAAAAARgQhAAAAAAAAjAhCAAAAAAAAGBGEAAAAAAAAMCIIAQAAAAAAYEQQAgAAAAAAwIggBAAAAAAAgBFBCAAAAAAAACOCEAAAAAAAAEYEIQAAAAAAAIwIQgAAAAAAABgRhAAAAAAAADAiCAEAAAAAAGBEEAIAAAAAAMCIIAQAAAAAAIARQQgAAAAAAAAjghAAAAAAAABGBCEAAAAAAACMCEIAAAAAAAAYEYQAAAAAAAAwIggBAAAAAABgRBACAAAAAADAiCAEAAAAAACAEUEIAAAAAAAAI4IQAAAAAAAARgQhAAAAAAAAjAhCAAAAAAAAGBGEAAAAAAAAMCIIAQAAAAAAYEQQAgAAAAAAwIggBAAAAAAAgBFBCAAAAAAAACOCEAAAAAAAAEYEIQAAAAAAAIwIQgAAAAAAABgRhAAAAAAAADAiCAEAAAAAAGBEEAIAAAAAAMCIIAQAAAAAAIARQQgAAAAAAAAjghAAAAAAAABGBCEAAAAAAACMCEIAAAAAAAAYEYQAAAAAAAAwIggBAAAAAABgRBACAAAAAADAiCAEAAAAAACAEUEIAAAAAAAAI4IQAAAAAAAARgQhAAAAAAAAjAhCAAAAAAAAGBGEAAAAAAAAMCIIAQAAAAAAYEQQAgAAAAAAwIggBAAAAAAAgBFBCAAAAAAAACOCEAAAAAAAAEYEIQAAAAAAAIwIQgAAAAAAABgRhAAAAAAAADAiCAEAAAAAAGBEEAIAAAAAAMCIIAQAAAAAAIARQQgAAAAAAAAjghAAAAAAAABGBCEAAAAAAACMCEIAAAAAAAAYEYQAAAAAAAAwIggBAAAAAABgRBACAAAAAADAiCAEAAAAAACAEUEIAAAAAAAAI4IQAAAAAAAARgQhAAAAAAAAjAhCAAAAAAAAGBGEAAAAAAAAMCIIAQAAAAAAYEQQAgAAAAAAwIggBAAAAAAAgBFBCAAAAAAAACOCEAAAAAAAAEYEIQAAAAAAAIwIQgAAAAAAABgRhAAAAAAAADAiCAEAAAAAAGBEEAIAAAAAAMCIIAQAAAAAAIARQQgAAAAAAAAjghAAAAAAAABGBCEAAAAAAACMCEIAAAAAAAAYEYQAAAAAAAAwIggBAAAAAABgRBACAAAAAADAiCAEAAAAAACAEUEIAAAAAAAAI4IQAAAAAAAARgQhAAAAAAAAjAhCAAAAAAAAGBGEAAAAAAAAMCIIAQAAAAAAYEQQAgAAAAAAwIggBAAAAAAAgBFBCAAAAAAAACOCEAAAAAAAAEYEIQAAAAAAAIwIQgAAAAAAABgRhAAAAAAAADAiCAEAAAAAAGBEEAIAAAAAAMCIIAQAAAAAAIARQQgAAAAAAAAjghAAAAAAAABGBCEAAAAAAACMCEIAAAAAAAAYEYQAAAAAAAAwIggBAAAAAABgRBACAAAAAADAiCAEAAAAAACAEUEIAAAAAAAAI4IQAAAAAAAARgQhAAAAAAAAjAhCAAAAAAAAGBGEAAAAAAAAMCIIAQAAAAAAYEQQAgAAAAAAwIggBAAAAAAAgBFBCAAAAAAAACOCEAAAAAAAAEYEIQAAAAAAAIwIQgAAAAAAABgRhAAAAAAAADAiCAEAAAAAAGBEEAIAAAAAAMCIIAQAAAAAAIARQQgAAAAAAAAjghAAAAAAAABGBCEAAAAAAACMCEIAAAAAAAAYEYQAAAAAAAAwIggBAAAAAABgRBACAAAAAADAiCAEAAAAAACAEUEIAAAAAAAAI4IQAAAAAAAARgQhAAAAAAAAjAhCAAAAAAAAGBGEAAAAAAAAMCIIAQAAAAAAYEQQAgAAAAAAwIggBAAAAAAAgBFBCAAAAAAAACOCEAAAAAAAAEYEIQAAAAAAAIwIQgAAAAAAABgRhAAAAAAAADAiCAEAAAAAAGBEEAIAAAAAAMCIIAQAAAAAAIARQQgAAAAAAAAjghAAAAAAAABGBCEAAAAAAACMCEIAAAAAAAAYEYQAAAAAAAAwIggBAAAAAABgRBACAAAAAADAiCAEAAAAAACAEUEIAAAAAAAAI4IQAAAAAAAARgQhAAAAAAAAjAhCAAAAAAAAGBGEAAAAAAAAMCIIAQAAAAAAYEQQAgAAAAAAwIggBAAAAAAAgBFBCAAAAAAAACOCEAAAAAAAAEYEIQAAAAAAAIwIQgAAAAAAABgRhAAAAAAAADAiCAEAAAAAAGBEEAIAAAAAAMCIIAQAAAAAAIARQQgAAAAAAAAjghAAAAAAAABGBCEAAAAAAACMCEIAAAAAAAAYEYQAAAAAAAAwIggBAAAAAABgRBACAAAAAADAiCAEAAAAAACAEUEIAAAAAAAAI4IQAAAAAAAARgQhAAAAAAAAjAhCAAAAAAAAGBGEAAAAAAAAMCIIAQAAAAAAYEQQAgAAAAAAwIggBAAAAAAAgBFBCAAAAAAAACOCEAAAAAAAAEYEIQAAAAAAAIwIQgAAAAAAABgRhAAAAAAAADAiCAEAAAAAAGBEEAIAAAAAAMCIIAQAAAAAAIARQQgAAAAAAAAjghAAAAAAAABGBCEAAAAAAACMCEIAAAAAAAAYEYQAAAAAAAAwIggBAAAAAABgRBACAAAAAADAiCAEAAAAAACAEUEIAAAAAAAAI4IQAAAAAAAARgQhAAAAAAAAjAhCAAAAAAAAGBGEAAAAAAAAMCIIAQAAAAAAYEQQAgAAAAAAwIggBAAAAAAAgBFBCAAAAAAAACOCEAAAAAAAAEYEIQAAAAAAAIwIQgAAAAAAABgRhAAAAAAAADAiCAEAAAAAAGBEEAIAAAAAAMCIIAQAAAAAAIARQQgAAAAAAAAjghAAAAAAAABGBCEAAAAAAACMCEIAAAAAAAAYEYQAAAAAAAAwIggBAAAAAABgRBACAAAAAADAiCAEAAAAAACAEUEIAAAAAAAAI4IQAAAAAAAARgQhAAAAAAAAjAhCAAAAAAAAGBGEAAAAAAAAMCIIAQAAAAAAYEQQAgAAAAAAwIggBAAAAAAAgBFBCAAAAAAAACOCEAAAAAAAAEYEIQAAAAAAAIwIQgAAAAAAABgRhAAAAAAAADAiCAEAAAAAAGBEEAIAAAAAAMCIIAQAAAAAAIARQQgAAAAAAAAjghAAAAAAAABGBCEAAAAAAACMCEIAAAAAAAAYEYQAAAAAAAAwIggBAAAAAABgRBACAAAAAADAiCAEAAAAAACAEUEIAAAAAAAAI4IQAAAAAAAARgQhAAAAAAAAjAhCAAAAAAAAGBGEAAAAAAAAMCIIAQAAAAAAYEQQAgAAAAAAwIggBAAAAAAAgBFBCAAAAAAAACOCEAAAAAAAAEYEIQAAAAAAAIwIQgAAAAAAABgRhAAAAAAAADAiCAEAAAAAAGBEEAIAAAAAAMCIIAQAAAAAAIARQQgAAAAAAAAjghAAAAAAAABGBCEAAAAAAACMCEIAAAAAAAAYEYQAAAAAAAAwIggBAAAAAABgRBACAAAAAADAiCAEAAAAAACAEUEIAAAAAAAAI4IQAAAAAAAARgQhAAAAAAAAjAhCAAAAAAAAGBGEAAAAAAAAMCIIAQAAAAAAYEQQAgAAAAAAwIggBAAAAAAAgBFBCAAAAAAAACOCEAAAAAAAAEYEIQAAAAAAAIwIQgAAAAAAABgRhAAAAAAAADAiCAEAAAAAAGBEEAIAAAAAAMCIIAQAAAAAAIARQQgAAAAAAAAjghAAAAAAAABGBCEAAAAAAACMCEIAAAAAAAAYEYQAAAAAAAAwIggBAAAAAABgRBACAAAAAADAiCAEAAAAAACAEUEIAAAAAAAAI4IQAAAAAAAARgQhAAAAAAAAjAhCAAAAAAAAGBGEAAAAAAAAMCIIAQAAAAAAYEQQAgAAAAAAwIggBAAAAAAAgBFBCAAAAAAAACOCEAAAAAAAAEYEIQAAAAAAAIwIQgAAAAAAABgRhAAAAAAAADAiCAEAAAAAAGBEEAIAAAAAAMCIIAQAAAAAAIARQQgAAAAAAAAjghAAAAAAAABGBCEAAAAAAACMCEIAAAAAAAAYEYQAAAAAAAAwIggBAAAAAABgRBACAAAAAADAiCAEAAAAAACAEUEIAAAAAAAAI4IQAAAAAAAARgQhAAAAAAAAjAhCAAAAAAAAGBGEAAAAAAAAMCIIAQAAAAAAYEQQAgAAAAAAwIggBAAAAAAAgBFBCAAAAAAAACOCEAAAAAAAAEYEIQAAAAAAAIwIQgAAAAAAABgRhAAAAAAAADAiCAEAAAAAAGBEEAIAAAAAAMCIIAQAAAAAAIARQQgAAAAAAAAjghAAAAAAAABGBCEAAAAAAACMCEIAAAAAAAAYEYQAAAAAAAAwIggBAAAAAABgRBACAAAAAADAiCAEAAAAAACAEUEIAAAAAAAAI4IQAAAAAAAARgQhAAAAAAAAjAhCAAAAAAAAGBGEAAAAAAAAMCIIAQAAAAAAYEQQAgAAAAAAwIggBAAAAAAAgBFBCAAAAAAAACOCEAAAAAAAAEYEIQAAAAAAAIwIQgAAAAAAABgRhAAAAAAAADAiCAEAAAAAAGBEEAIAAAAAAMCIIAQAAAAAAIARQQgAAAAAAAAjghAAAAAAAABGBCEAAAAAAACMCEIAAAAAAAAYEYQAAAAAAAAwIggBAAAAAABgRBACAAAAAADAiCAEAAAAAACAEUEIAAAAAAAAI4IQAAAAAAAARgQhAAAAAAAAjAhCAAAAAAAAGBGEAAAAAAAAMCIIAQAAAAAAYEQQAgAAAAAAwIggBAAAAAAAgBFBCAAAAAAAACOCEAAAAAAAAEYEIQAAAAAAAIwIQgAAAAAAABgRhAAAAAAAADAiCAEAAAAAAGBEEAIAAAAAAMCIIAQAAAAAAIARQQgAAAAAAAAjghAAAAAAAABGBCEAAAAAAACMCEIAAAAAAAAYEYQAAAAAAAAwIggBAAAAAABgRBACAAAAAADAiCAEAAAAAACAEUEIAAAAAAAAI4IQAAAAAAAARgQhAAAAAAAAjAhCAAAAAAAAGBGEAAAAAAAAMCIIAQAAAAAAYEQQAgAAAAAAwIggBAAAAAAAgBFBCAAAAAAAACOCEAAAAAAAAEYEIQAAAAAAAIwIQgAAAAAAABgRhAAAAAAAADAiCAEAAAAAAGBEEAIAAAAAAMCIIAQAAAAAAIARQQgAAAAAAAAjghAAAAAAAABGBCEAAAAAAACMCEIAAAAAAAAYEYQAAAAAAAAwIggBAAAAAABgRBACAAAAAADAiCAEAAAAAACAEUEIAAAAAAAAI4IQAAAAAAAARgQhAAAAAAAAjAhCAAAAAAAAGAn7ChDGCqsHpwAAAABJRU5ErkJggg==' />]]>
    </system-out>
  </testcase> <!-- userRegistrationTest -->
  <testcase classname="com.vinsguru.tests.flightreservation.FlightReservationTest" name="userRegistrationTest" time="1.811">
    <error message="Cannot invoke &quot;com.vinsguru.tests.flightreservation.model.FlightReservationTestData.firstName()&quot; because &quot;this.testData&quot; is null" type="java.lang.NullPointerException">
      <![CDATA[java.lang.NullPointerException: Cannot invoke "com.vinsguru.tests.flightreservation.model.FlightReservationTestData.firstName()" because "this.testData" is null
at com.vinsguru.tests.flightreservation.FlightReservationTest.userRegistrationTest(FlightReservationTest.java:28)
at java.base/jdk.internal.reflect.DirectMethodHandleAccessor.invoke(DirectMethodHandleAccessor.java:104)
at java.base/java.lang.reflect.Method.invoke(Method.java:578)
at org.testng.internal.invokers.MethodInvocationHelper.invokeMethod(MethodInvocationHelper.java:139)
at org.testng.internal.invokers.TestInvoker.invokeMethod(TestInvoker.java:664)
at org.testng.internal.invokers.TestInvoker.invokeTestMethod(TestInvoker.java:228)
at org.testng.internal.invokers.MethodRunner.runInSequence(MethodRunner.java:63)
at org.testng.internal.invokers.TestInvoker$MethodInvocationAgent.invoke(TestInvoker.java:961)
at org.testng.internal.invokers.TestInvoker.invokeTestMethods(TestInvoker.java:201)
at org.testng.internal.invokers.TestMethodWorker.invokeTestMethods(TestMethodWorker.java:148)
at org.testng.internal.invokers.TestMethodWorker.run(TestMethodWorker.java:128)
at java.base/java.util.ArrayList.forEach(ArrayList.java:1511)
at org.testng.TestRunner.privateRun(TestRunner.java:819)
at org.testng.TestRunner.run(TestRunner.java:619)
at org.testng.SuiteRunner.runTest(SuiteRunner.java:443)
at org.testng.SuiteRunner$SuiteWorker.run(SuiteRunner.java:481)
at org.testng.internal.thread.ThreadUtil.lambda$execute$0(ThreadUtil.java:58)
at java.base/java.util.concurrent.FutureTask.run(FutureTask.java:317)
at java.base/java.util.concurrent.ThreadPoolExecutor.runWorker(ThreadPoolExecutor.java:1144)
at java.base/java.util.concurrent.ThreadPoolExecutor$Worker.run(ThreadPoolExecutor.java:642)
at java.base/java.lang.Thread.run(Thread.java:1623)
]]>
    </error>
    <system-out>
      <![CDATA[<img width=700px src='data:image/png;base64,iVBORw0KGgoAAAANSUhEUgAACWAAAAaKCAIAAADCuNM0AAABK2lDQ1BTa2lhAAAokX2QMUvDUBSFv1cKomYRFR0cMnbRppWmDdahqbXo2Cqk3dI0FLFNQxrRvas/wtlNcBGhs4uT4CTi4i4IrpXXDClIPNPHuQfuPRdSmwBpDQZeGDTqpmq12urCBwLBTLYz8kmWgJ/XKPuy/U8uSYtdd+QAX0AYWK02iC6w1ov4SnIn4mvJl6EfgriRHJw0qiDugUxvjjtz7PiBzL8B5UH/wonvRnG90yZgAVvUGTKkRx+XLE3OOcMmi0YNgxK71KhQoUCFHHlKGOgU0KhiUqRKkUN0SuTJcTBjA13+M1o5fof9yXQ6fYy94wnc6bD0EHuZPVhR4Ok59uIf+3Zgz6w0kHJN+F4H5RZWP2F5DGzIcUJX9U9XlSM8HHZQyaORQ/8FDJRN2vTWQQEAACAASURBVHic7N13XFRHH+/xXZoUpSPYsfdu1NhrjDGx11gilth7S+y9G2OXWDD2FmvsLZZYiaio2BVFRHrvu3v/4F4uD+w5exaWXXA/71f+kDNzZn7uYfF59svMyGs17SgDAAAAAAAAAAAAYBxMDF0AAAAAAAAAAAAAAP0hIAQAAAAAAAAAAACMCAEhAAAAAAAAAAAAYEQICAEAAAAAAAAAAAAjQkAIAAAAAAAAAAAAGBECQgAAAAAAAAAAAMCIEBACAAAAAAAAAAAARoSAEAAAAAAAAAAAADAiBIQAAAAAAAAAAACAESEgBAAAAAAAAAAAAIwIASEAAAAAAAAAAABgRAgIAQAAAAAAAAAAACNCQAgAAAAAAAAAAAAYEQJCAAAAAAAAAAAAwIgQEAIAAAAAAAAAAABGhIAQAAAAAAAAAAAAMCIEhAAAAAAAAAAAAIARISAEAAAAAAAAAAAAjAgBIQAAAAAAAAAAAGBECAgBAAAAAAAAAAAAI0JACAAAAAAAAAAAABgRAkIAAAAAAAAAAADAiBAQAgAAAAAAAAAAAEaEgBAAAAAAAAAAAAAwIgSEAAAAAAAAAAAAgBEhIAQAAAAAAAAAAACMCAEhAAAAAAAAAAAAYEQICAEAAAAAAAAAAAAjQkAIAAAAAAAAAAAAGBECQgAAAAAAAAAAAMCIEBACAAAAAAAAAAAARoSAEAAAAAAAAAAAADAiBIQAAAAAAAAAAACAESEgBAAAAAAAAAAAAIwIASEAAAAAAAAAAABgRAgIAQAAAAAAAAAAACNiZugCAABA7qpXu1q9WtWHefTOdN3b5/HQcTMMVBQAAAAAAAAAg2EFIQAAX76s6WBacLhlzSJDlAMAAAAAAADAkAgIAQD4wtWrVV2wqXa14R599FsOAAAAAAAAAAOT12ra0dA1AACA3OVz7bhIa+1mnfRYCwAAAAAAAAADM3UrVdHQNQAAgNwll8nr1a4m0ur94LF+KwIAAAAAAABgMGwxCgCAsVN7QiEAAAAAAACALxUBIQAAX77NXvvEO3ASIQAAAAAAAGA8zAxdQJ5gZ1uoQll3rW5RqlRxcfGR0THh4ZHJKSm6raegjXWn79pUr1LB0dHewd7WtmBBmUwWGxcfHhEVHhn5xO/V8dMXo6JjdDtpmto1qnzbuqmbq4ujg72dbUFrK8uExKSo6JjwiKjPwaHnL9+45+ObjWGLF3Ur4uqS9Xp0bOzzl2+ljGBiIq9do6qJXK629cXrd1JekIrlS6e9mJmERUS+efdBShkZ66lbU/1mfU+evYxPSBS/PfcecfUqFSwLFMh6XfqDszA3r1mtUtbral8lkddBrejY2A8BnzS+PjmRjbeziEx/a6Hv5LiEhKfPXmV7Fp0PW6JYkY7tW5dxL+HoYGdvV6igjU2qQhEdHRMRGR0cGvbWP+Do3xcio6IljlalUjkbK6us14OCQz98/CRxECcH+zLuJbJeDw4N8/8QmPbnapXLW1laShxQOqVK9Z/o5pnVKpdv37a5q4uTg4O9g51tQRtrhUIREhYR+Onzu/cfX797/+zFm4+fgpRKlc5ry1PSFhFqzBEBAAAAAAAAfAHktZp2NHQNhjegd5cJIwdm+/aExMSAj0GP/V4eO3Xx0ZNn2R7Hwd5u0uhBX39V29HBTmPnyKjoO/89Wrlua2hYRLZnTNe+TbMBfbqUK13KzMxUvGdqquKt/4e9h08eO3VR+vjb1i+pU6NK1uthEZFtOv0kZYQ/Ny2rUVVNapVm8Ohf7z96Kj6Cs5PDhaM71DapVKofeg/7+OmzlErSTJ84vEfn9mqbuvQb9e59gNqm3H7E3Tq2mzl5pNqmBq27S0yy1y+f3bhh3azX/T8Edu47ItNFO9tC//y9W2J56VQqVWqqIio65vot772HTr5666/tCCJy+HbO5K1/QNf+o9K/FPpOjk9IbNyuV7Zn0dWwNapWGvNz/6qVy0mJ2cIjom57P9i265DGdPzG2f021moCwge+fh6jfpFY25WTu+ztbLNef/byTZ/BE9L+fOfiIQsLC4kDaqV2s05ZL379VW2Pft1qVq0oZVKlUvXgsd86z50PfP1yo0L9GO7RR+NWompfKwAAAAAAAABfGFYQ6oCVpWX5su7ly7p3+b7tW/+AOUvW+D59odUITg72s6aOatboK7nACrms7O1s27Vq8k3Lxrfu+sxbvj44JCxbtcs6tGs5YeRAJwd7if3NzEzLl3WfM23M+BED13ruPHLyfPbm1crGVXNF0sHla7doTAdlMlloWMQDX79a1StnbZLL5asXT+/pMU5iPUXdCnfv9K3aptveD9Smg/p5xK4uThIHF2GnLsXRLblcbm5u5uzk0OX7tl2+bxsXn7B5+97dB0/k9rxfsLq1qs2cPMK9ZHHptzg62H3Xtvl3bZvfuuczff5v0hcUZo9cnod2tHZzdVm5YFrVSuWl32JiIq9To4rXhqXhEVEHj5322v2XzteO5xHDPfqwiBAAAAAAAAD44uWhT2y/DKVLFd+5ecXqxdOl39K3R8fzR3c0b1xfenSUTi6XN2pQ5+zhbR59u2l7r72d7Yl9mxfOGC89HczIzrbQrCmjTh/ckr3bpVsxf9rXX9UWat3y54F9h/+WONTEGUsUCoXapvJl3du1aiJxnN8WTVf7sFJTFVNmLct63VCPOL+wsbaaNHrw3wf+KFe6lKFryX9MTEw2rpq7de0irdLBjL7+qval4zvHj9DZsss8rknDuqcObNEqHczI0cFuuEefK9ovnM0LpCR/GpcYAgAAAAAAAPgCEBDmihZNGvyxZqHGbiYmJuuXz548ZrCJida5UUZyuXzssAGevy/QuEFouvp1apz7a1uJYkVyMq9MJiviVvjM4W2NGtTJ4ThC5kwb3aZFI6HWw8fPbty2V/poEZFRO/cfE2qdPW2MiYnmd0S7Vk0qli+ttslzx77YuPiMVwz4iPOdYkVcD+5Y06BeTUMXkp+UKFbkwtEdIgm6RCYm8p/6dPlt0a86qivvatGkwdpls3L4fpTJZP4fPuqoIn3z9Nqvsc9wjz56qQUAAAAAAACAwRAQ5pavalcXOqMujYmJ/OjuDWoPe8ue+nVqHN+7WUrE1bZl482r5+vqrC9zc7MNK+a0b9NMJ6NlNHGUR+cObYVaL/5zc9GqTdqOudZzp9BWitZWlkIH+KUzMTGZNXW02qbQsIitOw/9b2eDPeJ8Si6Xr18+p4x7CUMXkj+4lyx+ZNcGKedZStSyacMdG5flPDzLs2wLFVy5YFo2FvJmtX6L4VcQDvfo43PtePp/W9Ysqle7mk5GZhEhAAAAAAAA8MX7YpOGvGDc8J9EWjevXlCyeFHdzljUrfC2dYvF+1SuWHbpnCk6+Yg8o4UzJ1avUkGHA/48sFf/Xp2FWu/5+E6ZrWYzTyl+mbdSqKlzhzbFiriK3Dtz8kgbayu1TVnrMdQjztfMzEx3/7HyCw5BdcXOttCeLat0vqK0ZrVKFcuX0e2YecfUsUNMTXXwikXHxN68c18XFeVIphivXu1qUjJCiecLsogQAAAAAAAA+LKZGbqAvG724jVZL9pYWxUtUrhk8aL169awsrQUutfG2qp6lQq+T19kbZo2/uevalfXOLtKpYqJjfvw8ZNKJStRrIhtIRuNwV6t6pVnTh65cOVGta0O9nY7NiyVskIoJSU1ODQs6HOIa2Hnwi5OFubm4v1NTORb1y3u0HNoaFiExsE16tuj44hBPwq1Pn/59udxM7M9+B3vh/cfPa1To0rWJrlcvnrx9J4e49TeWLyoW+cObdQ23fZ+8MDXL+MVQz3iPCU8IirjlwUszK2srDR++1lZWg7u133LzoM6rycwKFjoEEohDx/7SehlAPu3/25tJfjDJ51KpYqNiw/8FBwaFm5rW8itsLOLs6NI/+Vrt/g9f63TSrXw8VOwyIJIExOTQgVt1DapVKromFihG1UqlUwmszA3b9dabKHzW/+AS1dv+fg+jYiMcivsUrlCmXJlShUvVqRU8SKZ1lv/deKctL9Q7vL02p91qd+wgX28fWbkfPC0kSWmiQAAAAAAAADyHQJCDU6evSzewaNvt7HDBgi11qtdPWtAWLyoW68u34kP+9Y/YP7y9Y+ePFMqVekXTUzk1SpXnDllZPkypUTu7frDN7sPnnj3PiBr07J5U8R3FlUoFFt3Hjpw9HRE5P9EO/Z2tt07tRvu0Udk/Y2FufmyeVMHj87pMWadO7SZPGawUGtAYNCPQyfmcIpJM5ZcPLZD7d+lfFn3dq2anLt8I2vTb4unq03vUlMVU2b9z/JBAz7ivGOt506vPX9lvW5jY92xfatRg/va2FgL3duvV6fcCAj7/Tw50zd2PjXco49bYWfxPg8fP1u+dsuzF68zfoPJZLKCNtZ9e3Yc2KerpWWBjNdVKtWMBb+duXgtd0qWpGv/USKtZdxL/LVzvdqmhSs3Hjl5XnzwRg3qCC24TElJXbhy44kzl9Kv+D1/feX67fQvu3VsN6hf96JuhWUymVKp+uPPA5r+KgZTr3a14R59xIM9tcliVsM8ehMQAgAAAAAAAF8q9vHLKa89f506/49Qa1F1+1Uunz9VZJWYQqFYvXFH1/6jHvj6ZfpkX6lUPXryrOfAsSvXbRNZCCWXy5fNnZz1eqXyZcTXtL31D/iu59DNXvuyhiiRUdFbdx76tvvgl2/8RUaoU6NKtcrlRTpo1LZl49kCh/zJZLKw8IgeA8cqlcqcTJH21/Hac0SoddbU0Vm3uGzfpplQaLfZa19sXHzGK4Z6xPlCXFz8vsN/N2nf59S5K0J9bAsVbFCvpn7ryjcsLCwG9esu0iEhMXHyrGUDR057+uxVpm8wmUwWGxfv6bW/6Xd9jp/+/3mYUqkaPXW+YdPB3FalUjmhptlL1mRMB7P668S5Dj2H9vQYd9v7wfHTFxMTk3KnRu0IpXfDPHrraoNQNhoFAAAAAAAAvlQEhDpw4rTgJ8vJycmZrtStVa1yhbJC/aOiY7/rOXTn/qPiM+45dOLb7oOjomOEOlQoV7p+nRqZLi6ZIxYpeXrt79p/VHBImEif0LCIngPHbty6R6TPwpnZX97XqEGdZXMFz0eMiY3r2n+0rj6a37B1d6YNMNPZWFtNnzg84xUzM9NZU9WvbQoNi9i261DGKwZ8xPnLzEW/BwQGCbXWrVlVv+XkGzMmDTc3F1z87ff8dYsO/S5dvSk+SGqqYu7StfOWrVOpVKmpCo9Rv+SFQ/VyVVn3kmqvq1Sq85evSxnh5et3IybOmb9c/SrGPGWYR2+RwwilrwuUstAQAAAAAAAAQH7EFqM6UKCA4KadL1+/y3RlyIAeIkONmTpPPKJLFxoWMXLy3D1/rBLqMLh/97v3H6V/aWdbyL1kMaHOz16+kf6R8ZadB5s3qV+1kvqVgqVKFLW3s42MipY4WrraNaqsWzZbKB1MTEzq/tMYkWPGsuGXuSv+WLNQbVPXH77ZvvtwYFBw2pezpowSOmxy0sylma4Y6hHnR7MXr9m+fonaJveSxfVeTv7Qunkjoabk5ORBY35NTkmRONSxUxefPHsVH5/w8dNn3RWYRwkdfimXy8uUKvnqrdja6DxLZLPQLWsW6WQKn2vHNfbx9nksk8k8d+xL+wMAAAAAAACAvI8VhDrQr1cnoSafR08zXalVrbJQ5zMXr2U9sFDE02evRDZprFX9fybq3a2DUE+FQjF68jzp88pksjFTF6SmCm6A2bur4FxCKpUv88fvC4U+wU9JSe0zZKLEXE26ez6+93x81TbJ5fLVi6en/blUiaI/fNtKbbdb93wePXmW6aKhHnF+9PBx5lcvXfFibvqtJX8o417CxtpKqHXmot+1XWL78vU7Y0gHZTJZet6f1S7PFULvcUhRr3a1erWrbVmzaMuaRSIrFwEAAAAAAADkHQSEOWJjY71s3hShnR6DPof4fwjMeKVG1UqWlgXUdo6LT5i5cLW2Bcxesjbuf0+/S2dhYZExQPq2dVOhQdZ67gqLiNRq3ojIqDWbdwi1ftummVajuZcsvnPzCjMzU7WtCoVi0Ohf3r0P0GpMiabMWiZ01F+FcqXbtWoik8lWL56hdl1jaqpi6uzlmS4a8BHnR0qlUuj1t7YSjMGMWZ/uPwg1/ffg8YUr/+q3nPzk9dv3Qk2WlgXmTx9348y+kUP6FnZx0m9dOSJ95bd+pMeEhi4EAAAAAAAAgAZsMarB1LFDs160sirgWtjZ1cW5dKniQltiymSy3zdljtCaN/5KqPONW95KpVLb8pRK5bVb3u0FArlmjb564OuX9ueiRVzV9lGpVLsPHtN2XplMtvvgiYmjBqn96xdxc5E+jpury76tvwmdqaZSqcZMXfDY72U2KpQiKjpm685DQnv0zZo62srKqnQp9XtdbvbaF5slujPgI86P7GwLmZqqD4ZDQsP1Xk4+UL1yBaGmPYdO6rcWWa3qlb2vHJHYWehB683f5/6ZMWmk0DLltF/4GDqg59ABPRMSE1+99r92696JM5d1vnBZ50R2GTWUtJhw6LgZhi4EAAAAAAAAgCACQg36dP8+ezceP33p3OUbmS66uQomZ/89fJK9ie4/fCKUHmWcztxM/bOOiY1TKlXZmzo6Js7OtmDW60JzZWVpYXH4z3VCS+5kMtmv81beuueTvfIk2uy1r3vnb50c7LM22VhbzZk2Wu1doWER23YdynrdgI84P+r0XRuhpg8fP+l8OjvbQkILFrPS7YGXumJnV0io6Y73A/3WIssLsZ90ycnJ/975r+nX9TT2tLK0rF61YvWqFUcN6RcXn/Dk2ctzl64fO3Uh2z8qjVC92tWGe/TJawscAQAAAAAAAKQjIMwVZy5em7t0bdbrhZ0FN6+7dTebMZjIjS5Ojml/KGhjLbTS8WNg9o8fCwj8ZGdbPut1uVxe0MY66+q6rGxsrMU7ZDtU08q0OSu2rtVuT7xJM5eqvW6oR5wfubm6jB3WX6hVZEPIbDu6e4P0zleu3544Y4nOa8ihQgVt1F5PTk6OT0jUezn5zPhfFx3+c53QmmC1bKyt6tepUb9OjWnjhp44e2XNph1SfrLp02avfXltBWGaYR69CQgBAAAAAACAPIszCHPFp6BgtdcdHezUXlcqVQGBQdmb6+Onz0LrWpwc/++quBLFiwjd/vzVm+zNK5PJXr5+J9RUskTRbA+b0Z4/VolsCagr/z14fPf+I+n9b93zefTkmdomQz3ifKdl04YHvdYIrT9TqVQX/jHwcXrFi7oZtgC1ClhYqL0erOWOrG6uLt5XjmT9b+ywATqqNC9SKpXdfxrz1j87B5paWFh079ju6qm9834dmwulZV+92tUMXYJ63j6PDV0CAAAAAAAAAEGsIMwVg/p179ax3ZAxM1699c94XSFwBJ3wOYaSCN2e+v92U0xNFdxW0dzcPNvzitwrfSNHcYVdnH5fMnPstAU6GU3ElFnLLh3faWameb/E1FTF1NnLhVoN9YjzoLKlS1ar/D8LTMuVcXewty3rXqJOzapF3AqL3Pv46Yu8f/abQahU6qNiMy23+jQ1MVGbztarlUfTJl1Jywg3r55fr1Y1kRNkhZiYyDu2b21bqOCE6Ytzp8Avx38PCAgBAAAAAACAvIuAMLfY2Rbas2Vll36jAjOsJgwPj5SVKZW1s1wur1i+9POXb7MxUfmy7kIfc0dERKb9QeQ4twrlSmdjUo33+n8IzPawmTT9ul7/Xp13HTimqwHVio6J3bLzwIhBP2rsuXHbHpE9Bg31iDWysDBPTkmR0lP6EZLiOnzTosM3LbJ37/K1W3RSw5cnMSnJ3FzNA3JydDBEOfmSUqn8edzMwi5OU8YMadm0QTaOUWzRpMHvS2aO/3Vh7hSonWED+xi6BDW8fR6zvygAAAAAAACQl7HFqAbJKSlq/0tJSRVaypPOwsJiz5ZVGa98DgkV6tygbq3sVfj1V7WFmj7/vzVYiYlJQtUWFV3IJU7oXpVKlZiYlO1hs5owcmCNqpV0OKBaf+w4EBYeId4nNCzCa89fIh0M9YjTJCULRoAVyrpLnE5o21KlwOJInbt2895jv5f6mSvfiY2NU3vd3NzMwV799rZQKzgkbMrsZY3a9f590w7fpy+Sk5O1ur1546+GDOiRa9VpIQ9uMerptX/ouBmGrgIAAAAAAACAGFYQatCgdXeR1oI21i2bNvTo2610qeJqO9jb2XZs3/rEmUtpXwYKnE0ok8lq16i8c//RbFRYq7pgchb46f9Pl5SUbGlZIGsfG2srMzNTkT1IhZiZmdpYW6ltSpG2Uk06uVzuuXr+t90HR0XH6HbkTKbMXr59/RKRDpNmLhUfwYCPWCaThQgfRFe+rPv9R0+lTGdbyEbt9dx+8dP4Pn0x7pc8sTArb4qMihHanbVRgzqnzl3RZzFxcfGLVm2S2Hnx7Em5XE52JCcn/7nv6J/7jspksjLuJTp91/rr+nXcSxRTu0wzk749Om7deUgvZQrKm+kgawcBAAAAAACAvI+AMEdi4+JPnr188uzl4R59hnn0VttnuEfv9IDw7MVrwz3UbwfXuEHdgjbWIntXqlXQxrpJw3pCrWcvXU//81v/gMoVy6rtNm3cz9I/5U83ZcwQoabX7z5oO5pMJvN78bqom6udbUG1rZaWBXZ5rujYZ3g2RpbO59HT0LAIZyf1uzUGBAY9evJMfAQDPmLxgLCMewmJMwodLRkRGSVxhGx74Os3eMyvuTd+YmJSSmqqxM7vA3S2Ta4O3fZ+IPRGHjn4Rz0HhC/f+J+5eE1i52njhwm9u/OIN+8+rN64Y/XGHTKZrGL50gN6d2nXqonIBqT2drZODvZhkrf5zQ15Z39RT6/9MpmMaBAAAAAAAADILwgIdWOz177vvmleoliRrE3OTo7pf/b/EBgTG1eooJoVWubmZmuWzRo8Wrt0ZPXiGUIrXeLi4t+9D0j/8sSZS0K5QreO7fb99fcbbVK9Mu4lenRuL9T691mtU4oXr97+OGRi8aJuR3dvNDNT/4l8iWJFls6Z/Mu8ldoOrpW1njvnTx+ntmnluq0abzfgI06LMIXGqVShjJTpKpUvI3TeYWiYhv1XcyIuLn7mot//uXEn96aQyWTf9Ryqh5gzV+0/csqjbze1TUXdCg/36ENCoxPPX76dseC3ecvWjx/+U+9uHYTeFOXKlgrzNmRAKGLouBnePo+FWn2uHZc4Tu1mnXRXFAAAAAAAAIC8gjMIdebFq7dqr5ubm2VMvO54PxQaoU6NKq2bN5I+Y+tmX4vsL3fnv0cZvzzy9wWhYwjlcvmGlXOlzyuTyTasmCP0iblKpTry93mtRnv3/mOfIRPT8q2JMxaL9GzXumnXH77RanBtiazwi41LkDKCoR6xTCb78PGTQqF+t9jqVSqqDbAzmfPLGKGmW/ceaLw9246fuZTb6eCXITgkLDxCMOMc+lOvnJwqikySk5OXr92ydZfgPqKlS6rfXFo/6tWuJvTzwdNrv0g6KH1j0rR1gQAAAAAAAAC+PASEOuPoYC/UVMT1/39kv2n7XpFBFs+aULtGFSnT1apeefHsiSIdNm37n4mSk5MfPXku1NmtsPPqxdNNTDR/P5iYmPy26Fc3VxehDo/9XiYmJmkcJ11gUHCPgWOUSmXal9dveYsvgZoxaWT5su7Sx9c/Qz3iNB8+ql9EKJfLF80SGy1txkrl1S80VKlUV/+9K3571lve+gdk/C8lRXB7zz7dvheaGpkcO3VBqMnERL7Tc0Xxom76rSg/8Vw9f/HsSRYC++iqdeuuj1BTfEKijurSJY2nAErcmNTb5zELUgEAAAAAAIAvFQGhbhR2capWuYJQ6+eQsPQ/v3n34ead+0I9LSwstq9fsnj2JJGszsTEZNGsiV4bllpYWAj1ue394NVb/0wXp81ZLrSIUCaTtWjS4MrJXeLZVa3qla+c3NWyaUOhDiqV6pe5K0RGyKpLv1Gpqf+z6M3Ta7/IS2RiIvfasNTaylKrWfTJgI847brQLdWrVJg4ykOotVL5MmuXzRJq/Rwcmh7iSrTuj11d+4/K+F/91t3u+fiq7SyXyzevni8losaGrbvj4gUXszo52J/Yt3n8iIHigwht5Ptlq1i+dP26Ndu3aXb9zN5+PTuamKhfBp1Jry7fCTWJ/NaFHqjN+XSY6nnuIB0EAAAAAAAAvlh8HK8D9evUOPznOqGD4hQKRXJycsYr0xf8plQKBnUymax9m2ZXTu4a0LtLGfcSGa+XcS8xoHeXKyd3fde2ucjtSqXq13mrsl7/HBJ29tJ1kRttCxXcvn7J6sXTWzZtmDGBs7aybNm04W+LfvXasNS2UEGRES7+czMwKFikQyZR0bGZXpw0Y6bN/yQ8jo211Y6Ny6TPon+GesQymWzz9n0iMXD/Xp3PHN6Waa2etZXlrxOG7d36m9qjE9PsPnhCpB7pxk5bkJCoftGVnW2hJXMm6WSWL5tSqVq5bptIB7lc/lOfLuePePXt0THTN5iNjXXzxl/N/WXs0d0bc7/SPGfauJ/T/mBhYTFp9ODbFw6vmD9NZOmqmZnpwpkTvmnVRG2rSqXKdAionqndKVRjqieyMWlG3j6PRTYpBQAAAAAAAJDfqc+0kG76xOFqr5uYmDg7OTo72ZcsXlQkVpHJZB8/fc50JSo6ZuX6rVPHDhW5y7ZQwQkjB04YOVCpVCUlJyUkJNnb2Upc77Jm85+RUdFqm+YuXdegbk1HBzuR21s0adCiSQOZTJaYmJSSmmpuZmZpWUDKvFHRsbOXrJHSM12qQv2ek0qlqs+QiWcPbxOaunxZ9xmTRixatUmr6fTGgI84Kjrmxu3/mn5dT+het8LO+7atVipVMbGxSUnJ9va2GrdbjE9I3HNINwFhYmLS5FnLNqyYo7b1m5ZNjp++JLL+Ms+ytrL8759jWt3yIzxi+gAAIABJREFUxO/FgBFTszfdsVMXundqV7VSeZE+Ls6Ok8cMTsuxomNik5NT7O1shX6PwRg42NvVql454xVzc7M2LRq1adEoNVXxPiDw+au3wSFhIaHhMpnM0cGuWpUKNapUFPnp91zg3Fm98fTaP8yjd6Yrukr1WD4IAAAAAAAAfNmM98NiiXp0bp/DEVZv3JH14r7Df5cpVaJ7p2813m5iIreytLSylLqj5vHTl3buPyrUmpyc3GfIhJP7NovsXZnO0rKApUxSNCiTyZJTUnoPHq/V6YPioqJjBo+dvmvzSqHMrHunb719fM9dvqGrGXXLUI9YJpMtXLnx9MEtpqZie0iamMjtbAtJnHGd506JPaW4eef+hSv/tm3ZWG3rqgW/tOzYX4ffSHojMdxNZ2NjnZPpBo6cdubQNmcnB4095XItnvUXbMrYIXK5+mdkZmZaxr1EptWWGi35zVNHpWXTZq992dhNVMoBhDoMGgEAAAAAAADkTWwxmruCgkP/uXFHbdOiVZtu3vXR7XT3fHznLl0r3ic4JMxj9K+Zjv3LIYVCMXTszKDPITocUyaTPX32asGKDSIdFs2aWKJYEd1OqkMGfMS/zle/AWk2XP333v4jp3Q1Wppf5q2Mio5V22RpWWD98tm6ne6LlJqq6DFwrMhhhNlTVfgs1XzNzMy0bQv1mXT2PHv55tGTZzocUG+k7C+qq1MMAQAAAAAAAORZBIS5KDIqupfHOJEOoybP3b77sMiJcVrZffDEz+NmSun59NmrTj8ODwuP0Mm8kVHRXfqNyqXPyo+dunD07wtCraamprs8V2jcIdOADPWIL1z59899YqsMJfL/EDhxxqKcj5OJUqkcPWWu0MtSt1a1zh3a6HzSL09kVHS7boNevvHX4ZhnLvyjw9Hyjkrly5iZia2p1UpgUPBPI6bpajR9kpIOenrt10stAAAAAAAAAAyJgDC3BAQG/dB7WHSM+mVS6db9sWv4hNkJiYk5mSs5OXnM1Pmr1m+TfktgUPA3XQddv+Wdk3llMtnd/x627TLww8dPORxHxPzl6/1evBZqtbMttGXtwtybPecM9Yh/37Rj3rJ1SmX2s8lLV2927jsiJyOIeOz38tCxM0KtMyaNdHKwz415vzBxcfE9B449ePR0zkPox34v23T6aeai33VUWt7y2O/lTyOmBYeE5Xyot/4BXfqOTE5O1kVd+qZxf1Fvn8csHwQAAAAAAACMAQGh7oVFRM5ZsvaH3sNi4+Kl9L97/1GTb3tv2r43GxlScnLy9t2Hv/6m143b/2l7r1KpHDttQbcBo32fvtD23rQd9voMnjBswmzd7laq1sCRv0RFxwi11qhaaeywAbldQ04Y6hEfO3Wxx8Ax2VhhFhUdO2fJ2smzlml7o1aWrPYUCmzMzEy3rNX9ysUv1ZLVnu27D7551ycbMaFKpfJ9+mL4xNn9h00Oi4jMnQLzhEdPnrXrNmjRqk3+HwKzN0JycvLi3zZ37T8qOSVF19XlFZ47SAcBAAAAAAAAo2Bm6ALyhODQ7C8rUSpVCoUiOjY24GOQ79MX+w6fDAwKzsYgf+w4sHXnwV5dO7Rv07xi+dLi22ampKS+eut/9uL13QePK5XKbBcvk8nevPswYPiUMu4lBvXt1qBeLWcnB/H+YRGR3j6PvfYcfv7yrfRZIiOjc1JkcnJy36GTju3ZJLRJ4MAfu27ctkcnUeXnkNCcD5KVoR7xm3cfeg4cW7F86SljhlStVN7SsoBIZ4VCERD4eduuQyfPXpY4fkJikkqlksvlWZukrNb6efzMI7s2mpioub10qeI1qlbKxta1Im9nhSKn3yE5/E7WdljpifLnkLBRk+c6OzkM8+jTqH7tIq4uah9KupSU1I+fgq5cv7Nt9+E4Tb/KkJiYaGNtlfV6UpIWq+hSU3MaqkUIv/hBwVLftoePnz18/KyTg/2Qn3p+/VXtom6Fzc01/DuoUChevvE/ff7qgSOn8nU0WK92NfEtRr19Hnv7PNZjRQAAAAAAAAAMRl6raUdD1wA1KlcsW69WdTdXZxcnx4IFrZUKZWJSUkho+KfPoQ98/XLpwD+ZTGZpWaB1s69LFCviWti5sLNjSmqqubl5aFj455CwgI9Bl67d0pglQCKDPOKiboXbtGhcvKirg72dvZ2tmZlpVHRsRGRkSFjErbs+Po+e5sak0D8zM9PmjRuULV2isLOTi7OjnW2hpOTkiMjosPCIT0HBV/+9l6vbAucvbq4uzRt9VbRIYQd7O0d7u1SFwtraKjw8MiQs4nNwyOu3H27d8zF0jbpRr3a1LWvEFuYOHTeDgBAAAAAAAAAwEgSEAAB8+basWSSygtDTaz+nDwIAAAAAAADGgzMIAQD48onvL0o6CAAAAAAAABgVAkIAAL5w4umgp9d+PdYCAAAAAAAAwPAICAEA+MLVq1VdqMnb5zHLBwEAAAAAAABjQ0AIAMAXbrPXPm+fx1mve3rtHzpuhiEqAgAAAAAAAGBI8lpNOxq6BgAAAAAAAAAAAAB6wgpCAAAAAAAAAAAAwIgQEAIAAAAAAAAAAABGhIAQAAAAAAAAAAAAMCIEhAAAAAAAAAAAAIARISAEAAAAAAAAAAAAjAgBIQAAAAAAAAAAAGBECAgBAAAAAAAAAAAAI0JACAAAAAAAAAAAABgRAkIAAAAAAAAAAADAiBAQAgAAAAAAAAAAAEaEgBAAAAAAAAAAAAAwIgSEAAAAAAAAAAAAgBEhIAQAAAAAAAAAAACMCAEhAAAAAAAAAAAAYEQICAEAAAAAAAAAAAAjQkAIAAAAAAAAAAAAGBECQgAAAAAAAAAAAMCIEBACAAAAAAAAAAAARoSAEAAAAAAAAAAAADAiBIQAAAAAAAAAAACAESEgBAAAAAAAAAAAAIwIASEAAAAAAAAAAABgRAgIAQAAAAAAAAAAACNCQAgAAAAAAAAAAAAYEQJCAAAAAAAAAAAAwIgQEAIAAAAAAAAAAABGhIAQAAAAAAAAAAAAMCIEhAAAAAAAAAAAAIARISAEAAAAAAAAAAAAjAgBIQAAAAAAAAAAAGBECAgBAAAAAAAAAAAAI0JACAAAAAAAAAAAABgRAkIAAAAAAAAAAADAiBAQAgAAAAAAAAAAAEaEgBAAAAAAAAAAAAAwIgSEAAAAAAAAAAAAgBEhIAQAAAAAAAAAAACMCAEhAAAAAAAAAAAAYETkKpXK0DUAAAAAAAAAAAAA0BNWEAIAAAAAAAAAAABGhIAQAAAAAAAAAAAAMCIEhAAAAAAAAAAAAIARISAEAAAAAAAAAAAAjAgBIQAAAAAAAAAAAGBECAgBAAAAAAAAAAAAI0JACAAAAAAAAAAAABgRAkIAAAAAAAAAAADAiBAQAgAAAAAAAAAAAEaEgBAAAAAAAAAAAAAwIgSEAAAAAAAAAAAAgBEhIAQAAAAAAAAAAACMCAEhAAAAAAAAAAAAYEQICAEAAAAAAAAAAAAjQkAIAAAAAAAAAAAAGBECQgAAAAAAAAAAAMCIEBACAAAAAAAAAAAARoSAEAAAAAAAAAAAADAiBIQAAAAAAAAAAACAESEgBAAAAAAAAAAAAIwIASEAAAAAAAAAAABgRAgIAQAAAAAAAAAAACNCQAgAAAAAAAAAAAAYEQJCAAAAAAAAAAAAwIgQEAIAAAAAAAAAAABGhIAQAAAAAAAAAAAAMCIEhAAAAAAAAAAAAIARISAEAAAAAAAAAAAAjAgBIQAAAAAAAAAAAGBECAgBAAAAAAAAAAAAI0JACAAAAAAAAAAAABgRAkIAAAAAAAAAAADAiBAQAgAAAAAAAAAAAEaEgBAAAAAAAAAAAAAwIgSEAAAAAAAAAAAAgBEhIAQAAAAAAAAAAACMCAEhAAAAAAAAAAAAYEQICAEAAAAAAAAAAAAjQkAIAAAAAAAAAAAAGBECQgAAAAAAAAAAAMCIEBACAAAAAAAAAAAARsTM0AUAAAAAAJDPJCYmHTx22ueR36s3/gGBQWXcS5QrXap5k/rftm5mYiI3dHXQn8d+L4/+ff7lG/83b98XKGBRrnSpiuVL/9j9BzdXF0OXBgAAAIiRq1QqQ9cAAAAAAEC+4fPo6a/zVn4OCcvaVLVS+WXzphQr4mqIuqBXqamKZWv+OHz8rNrWiaM8+vfqrPeiAAAAAKkICAEAAAAAkOpTUHCPgWPj4hOEOlSuUHbHxqUWFhb6rQv6tn7L7m27Dol0WLlgWuvmjfRYEQAAAKAFziAEAAAAAECq1Zt2iKSDMpnM78Xro6cu6rEiGMDLN/7i6aBMJpuzZK1SqdRXRQAAAIB2CAgBAAC+WCkpqaFhER8/fY6JjWPfCADIOaVSefPOfY3dfJ8810s5MJiHj59p7BMXn/A+4JNeygEAAAC0ZmboAgAAAKAbcfEJ9x8+ufvfw2cv34SEhoeGRWRa4+Lq4lS4sLOLk0O5MqWaNKhbtXJ5ExN+XQzIN16+8X/x8k327pWbmNjbFnKwt7O3K2Rvb2tlaanr6ozFp88h4ssH0/i9eK2XcmAwoWHhUrq9ex/gXrJY7pcDAAAAaI2AEAAAIH+Ljok9fvritZv3vH0ei/f8HBL2OSRMJpNdvnb7jx0HbKyt2rZs0qJJ/QZ1a1paFtBXvQCy6dbd+6s37tDVaLWqV27V7OumX9d1L1lcV2MaA2srSdmqbaGCuV8LDEliym5tbZX7tQAAAADZQUAIAACQX0VFx+z7629Pr/3Zuz0uPuHYqQvHTl1wdXGaNHpwmxaN5HK5rmsEkEc98PV74Ov324btxYu6fdOqSe+uHVycHQ1dVD7gYG/n6GAXHhEl3q16lYr6qgiG4exoL6VbxXJlcr8WAAAAIDsICAEAAPKfpKTkbbsPb/nzgE5G+xwSNnXO8lrVK08ZM6RKpXI6GTNf+xQUvGHbXqFWczOzscP6O9jb6bcoILcEBAZt3334wJFTY4cN6NaxnampqaEryuvat2m+59AJ8T7NG3+lr3LUu3XP59T5q0KtboWdRwzqY4TPesGKDUnJKUKtvbp8V71KBYlD1a1VTWOferWr2dmylhQAAAB5FAEhAABAPvPx0+cps5bp/ICrB75+fX+e1LdHx4mjPIz8bMKY2LhT566IdGhYr2a71k31WBGQ6+LiE5as9jx26uKsKaMqVyxr6HLytFFD+9647e3/IVCoQ+9u30tJj3LV+4BP4j/HenRu7+ripMeK8oQjJ8+LtFpZFpAeELq5usz7deycJWtF+syZNkbLAgEAAAD9MeqPfgAAAPKd67e8e3mM03k6mG7PoROzF69RKBS5ND6AvMzvxesfh068//CJoQvJ06wsLTetmie0RvDngb0mjPhJ70XBADq2bz176mgbdacMli/rvvuPlcWLuhmiLgAAAEASVhACAADkG3sPn1yxdmtuz3Lq/D+JScmLZ0+0MDfP7bkA5EFjpy34c9PysqVLGrqQvKuIW+Hfl8y8+9/Dh0+ev333wcTU1MqyQOlSxRvVr+Nespihq4P+dPm+bcumDS5evfXOPyAyOiY5Odm9RLHyZd1bNWtohDu4AgAAIH8hIAQAAMgfLl29qYd0MH2uyTOTf18yw8j3GgWMU1x8ws/jZ+7burqw8W1BqZX6dWvWr1vT0FXAwOztbLt3bGfoKgAAAACt8YkPAABAPuD79MXkWcv0OWN4RJRKpdLnjADyjvCIqHnL1hm6CgAAAABAbmEFIQAAQF73KSh4xMTZWt1iY23VomnD6lUq2NvZ2tsWSkxKCgmLCA4OvXH7PynnF9avU+O3xdPZHg3Idzp3aJv1Ykpq6sfAoPcBgeERUdKHunnX5+Xrd+XLuuu0QAAAAABAnkBACAAAkNet3rQjLj5BYudWzRoO7NO1auXyancHHTmk7/uAwPOX/92x9y+hMVs1a7hk9iQLC4uMF5VKpUKhFJnXzMxULpdLqVB8KFNTE233NVUqVR8/BUVGRkdGx0RHx0RExaSkpDg62Ls4Obg4Ozo5Otjb2ZqYSKrNUOLiE0JCw0PDIoJDw0LDwuVyeWFnJxdnRxdnR2cnBytLy2yPrFAolEr1K0HlcrmZWeYMODklJTg4LDgsPDg4NDg0zNTUtKhb4SJuhYu6FbYtVFD6vKmpis8hoZ+DQz99DlEoFPEJic6OaY/DvlgRV4nfKtpKTEwKCQsPDgn7HBIWEhpuamrq6vJ/X0YXJ4dM39LSpaYqhFbTmpjIs+boKpUqPDIqPDwyJDQ8JCwiPCKyX89O5ub6+H9eY4cN8OjbTaRDckqK//uPf+4/durcFSkD7j3895xpo7NXTC49DnEKhSIsPDI4NDw4JCw4NCwhIdHRwb6wi6Ozo0NhF2c728zfw9q+QdIplapURapQq6mJiba/YJGckvIh4FNUTGxUVHRUdGxUdIxcLnN2+r8vl5OjQ6GCNloNqHP6eSMEh4QFBAbFxMbFxMTFxsXFJyRaWhYoaGNdqKCNnZ1tudIltfpBpAcpKakqmeBqe3Mzs2z/uFMoFOERUaFhEcGh4SFh4dHRMXa2hQqnvYmcHBzs7bK9B7hKpUpNVQi1mpqaZv0XMykpOTg0LCQ0PCQ0PCY2TiaXW1kWcHF2dHZ0KFbEtUCBXHk7AwAAILcREAIAAORpDx8/u3DlXyk9K1coO3PyyCqVyol3K1m86JABPTp913r1Rq8zF69lau3coc3MySOzftR78uyVuUvXigx7dPdG95LFpNS576+/V67bJtTq6uJ0dM9GKZFYWHjEnf8e3fF+eOnqTY0BqquLU4niRWrXqNqwXs3qVSpm+pBaoVA8fPI8/Uu/56/ER7vt/dBF3dls5qam1atW1Fh5uhev3p6+cPXk2cvi67ocHew6d2j7XdvmZUuXlD54mjlL14lEQZ6/L6hfp0ban/2evz5x5tLJs5eFXkwba6v+vTr36Nze0cFOaMDklJTLV2/tPnjiybOXQn1cXZy6/tDum1aN3UsW1/Jvo17Q55BT5/85dupiQGCQSLfqVSt26dC2dfOvtQ0Y2nXzEHpANtZWJ/Z5pr8gQZ9Dzly8duTk+UyV9OzynX4CQo0szM3Ll3VfOGP8oL7dVq3fdvOuj3j/Y6cujB7a18nRQfoUuf041FIqld4+vn+f++fk2csi3erVrtapfZuWTRvY2FinXZH+Bslk6Njp9x89Fbqxc4e2EoPVt/4Bd+8/unX3/tV/72nsXKpE0ZLFi9avW7NB3RrlypTKlDxFRce8fvch/ctbd++Lj+bt41vErXDW6w52tqVLqXlv5tIbQaVS+T1//e/d+0/8Xvg+faFxkWupEkVr16jyTasmDerWlJKQ+b14nZCYpLFbmus3791v21xtU5UKZS0tC2S6ePf+o2HjZ4kMeOrglqLqXmQR8QmJV67fPnH60t37j8R7Nm5Y94dvWzVv9FXWwsT5fwjs0m+kUGudGlW2rV+S9meFQuHt8/jkuSviv1LQsX3rb9s0/ap2DZFMHQAAAHlQnvi/qQAAAFBLpVKt2rBdSs8O37SYOXmk9E8JXZwdF8+e1KrZ11Nm//+jDfv36jxh5MBcWt0l0eeQsPj4BPGA8HNI2Pbdhw8ePa3VsJ9Dwrx9Hm/584BMJuv6wzf9enZK/xB898ETv2/aIX20Y6cuHDt1Iet1G2urG2f3a7w9Lj7h5NnLR06ef/n6nZTpwiOitu8+vH334coVynb5vu3337bMyZrCjN4HfKpfp8Zjv5fzl6/XWExcfMJmr32bvfb17tqhf+/OmT71joyKPnz83L6/Tmr8fP9zSNim7Xs3bd/bvPFXs6eOEYkbxalUqsvXbh05eV5jypXG98lz3yfP5y9f375Nsz7df6hepUL25s0oLj4hIjLK0cEu4GPQktWbJVaSF5RxL7FiwS8/Dpng/yFQvOeN2/c7fdda44CGehyJiUk79x87cPSUlN1TvX0ee/s8lslkg/v3GDGoj8ZFfmlvELVNz1+9zV7B6Z48e7lx6x6tvmf8PwT6fwi8fss77fcGenft0KNze3s727TWGQtX/3v7P+mjzVy4Wu31dq2bLp0zWfo42X4jBAQGnT5/9eTZy+JZciZpL8KxUxddXZz69+7cq0sHkVDK98nzASOmSh/8c0jY4NG/qm36a+f6Mu4lMl18r+ntoxXfJ8+P/K3+Hxe1/r39X9oT79axXdfvv9H460ESpX9vHz99aa3nn1LeWSfOXDpx5pKjg93iWZMa1KupkzIAAACgBwSEAAAAedeV63d8M6xsE9K7a4ep44ZmI9hr06LR5t/mD584WyaTjfm5/6B+3bNbqZ6oVKrtuw+v37I7h+McOXn+yMnz3Tq2mzl5ZNqn2zoqUDPfJ8+nL/hNqw/E0/m9eO332+s9h04smT25csWyOqhGpTpw9PTS1Z5a3bT/yKmTZy97bViafjrdi1dvR0yao9X5djKZ7Oq/93oMHJO9D5TDI6LmLl2blpRo68zFa2cuXhsx6MfB/bvr5KDNW/d8psxaps/vIp2wtrJcPm9qr0HjxbsFBn3WOJShHsezl29+mbtCY8aZ1bZdh3wePlk6d4q2N+pEXHzCghUbzl26npNBwiOiNm7bu3Hb3nm/ju3YvrVMJouOidVdjdkh/Y0QGRW9bdeh3QdP5GS6zyFhK9dtO3Xun3nTx5UvU0ptn/iExJxMoTfJycnrt+zedeB49m7/68S5v06c8+jbbfigPhbm5jmvJzYufvGqTVn3GBAXHhE1fOLs/r06jx7aN5f2EAYAAIBuZXPPegAAAOiB+HZ5aerXqTFp9OBsL/trUK/mzs0rVsyflvfTwaSk5FmLfs95OphOz2slFQrFlj8PDBgxNXvpYDr/D4E/Dp3otecvhULwECmJFq3apG06mCYuPsFj1C+v3vqn5Xy9Bo3XNh1Mk/aB8sV/bmp1193/HvYYOCZ7cVS6Tdv3Dhk74+MnzemXOK+9R0ZOmpvv0sE0FcqVTsuWRHz8FCzewSCPQ6lU/rnvaJ/BmldACrn/6GmXfiMf+vpl7/ZsCwoO9Rj1Sw7TwYwK5I0kRvob4dyl69/3+jmH6WA6vxevew4ce+2m5g1a86xXb/37DJmY7XQwndeevwaOmPbWPyCH48TFJ/QZPEHbdDDdrgPHRk2Zl/N/ngAAAKAHBIQAAAB5VGJi0j837oj3sbG2WjJncg5P/alepUKbFo1yMoIeKBSKSbOWnjr/jw7H7N+rkw5HExcXnzBk7IyN2/bqasC1njt/HjczIdFg62Pi4hMGjpi2ZLXn+F8X5nCouUvXSk+GvPb8NWzC7OzlkZk88PXr5TFO4kavQsSP5sr7KpYvLd7ho2iebajHsWLtVq22BVYrLj4hh2m9tsLCI/oOnZjDb7mMXF2c8shPb+lvhA8fg3QeqI/7ZaGU1fZ50LlL13v8NPZNhsMjc8Lvxeuu/Udduqrdr1xklcP3hbfPY08vzbttAwAAwOAICAEAAPKou/cfaewz8Mdu2T7CLX85e+m6VsdrafRNyyYlixfV4YAilErV7MW/P9D1WqX7j57OXbJOpVLpdljp4uITtDoJUmScX+evSk3VvOLk8rXbaz135nzGjFOPmTo/KtrAezMaULnSJcU7vA8QXKJnqMdx9O8L+4+c0uG8erN+yx6dhKnphgzoqZNtcvWpZ5f2NtZWOh92xKQ5UdExOh82V/k+ef7LvJU6H3byrGVPn73S+bBa2bLz4M079w1bAwAAADQiIAQAAMijNO6ZZmNt1adbB32VY0jJycnrdJpDyGSygT921e2AIv74c//la7dzY+TzV25s3304N0bWM98nz89d0rCj3Vv/gEkzl+h86s8hYTMW/qZUKnU+cr5QoEAB8Q5JSclqrxvqcTzw9Zu/fL3O59WDN+8+HDt1QYcD2lhbfd+upQ4H1A/bQgUH9++h82Hj4hN27j+m82FzT3BI2Pjpi3Jp8DHT5oeFR+TS4BLNX75eqTTY768AAABACgJCAACAPMrbx1e8Q9uWTWxsrPVVjiGdvXT9c0iYxm6ODna1qldu1azhNy2b1KpeWWRtZcN6tSpXLKvrMtW7+M/NXN1sbf2W3Vf/zcfnb6U7feGqSGtsXPwEyR+m16peuX2bZt+0bFK9akUp/f+9/d+WPw9KHPwLo/HEsqJFXLNeNNTjSExMyo1UUj927D0ipVvxom7169T4pmWTVs0aVq5QVmSx3eD+PSwtNeS7eVPPLt/lxiLC7bsPGzwVkygxMWnijCW6XU6aUXhE1ORZy5JTUnJpfCk+h4Q9fKzvMz4BAACgFTNDFwAAAAD1/D8I7uyXpnGDOvqqxcD8nr8W79CiSYOBP3atXqWiiYk843WFQhEaHvn46fMrN+7+c/12+sFXHv26Zewml8t0wrWwc6YriYlJc5eulXh7q2YN69Ss6uriLJPJgoJDvX0eSUz+5i9fd/bwdnNzHfxvextrK/eSxZVKpd8LDa+5xnFKFi9qYmLy5NlLibfcvOsTGhbh7OSgtnXXgWMa3xGlShQd1K97mxaNra0s0y9Gx8SevXjNc8d+8c/iN3vt69P9e9tCBSVWqxVTk7z7e5kvXr8V76B2J15DPY5zl29Iz1SaN/6qXu0ari5OFhYWEZFR7wMCT5//R8qvGuSSR0+eiXfw6NutY/vW7iWLZbqemJgUHBp2777vlRt3Mu603K1ju4zddPVt5iLwHsy59AptrK2GD/px1fptmTrUr1OjXu1qNatVKuzibGdbUKFQBoeEfQoOefrslcSl0leu3+ne6dtcqF1mZ6vLHw6Hjp+V+LPR1cXp+29blSxexM62UGRUjP+Hj8dPX5TyLnjg63fi9CVdvRppP9ILFLB4+fqd9CMkT1+4WrtGFZ0UAAAAgNxAQAgAAJAXJSQmauxTt1ZVvdRieK/e+ou0tm/TbOHMCSbqPhw3NTV1dXFybd6odfNGcfEJh4+f3fLnAfeSxevXqZGx24hBP452k2+iAAAgAElEQVQY9GP6ly9eve01aLzIjEvnTG7XuqmUys9fuSHls9RuHdv9/FOvwi5OGS/269kx6HPIxm17T569LH57eETUPzfutG3ZWEpJQhrVrz2gd5ev6tRIC1mVSuXrdx8Wr9qk7dGJdWpUGdi3W6P6tdOORlMqVf4fPi5d7SnlTM1L12716vJd1uvJKSl7Dp4Qv7dd66azp47OmEWlsS1UsGeX79q2bDx9/m+3vR+IjHDm4jW1s2vFxtqqXeum7iWLu5csVryom0qlMjMzzbPLvCKjos9dui7ep0Qxt0xXDPU4VCrVnkMa5k0zqF/3/r062dvZZro+5uf+Po+ezl++XmO6qXMpKanik86YNEIoy7G0LFCyeNGSxYt269juU1Dwjn1HDx497dG3W6YA1WvD0oxfHjh6eulqT5EZz/613fV/f+bokMY3QveO7bz2HE4Pun74ttXQn3qWKFYk0zjOTg5VKpVr3ezrH7t/v3XnIY1nT972fpjxZWxQr6bPteMZO9Ru1knk9u6dvp0xaYQ2f9HsUCgUew4e19jN0cFuzrQxTRrWzfSv26ghfa/+e2/24t81/uOy++Dxbh3byXP2KzDt2zTr+kO7OjWrpJcRFhF55OT5jVv3aLz3zIWrk0cPLlDAIicFAAAAIPcQEAIAAORFUtYHONgLbqH5hXnz7oNIa+vmX6tNBzOxsbb6qU+Xnl3aJyQk6bQ6QSqVaremHEUmk837dWzH9q3VNrm5usyfPq5GtUqLVm4UH2Tv4ZM5CQhHDuk7uF+PjOsvTUxMypcptXXtog1b93jt+UviOP17dR43fEBaNPj/xpGXLlV802/ztu06tHHbXvHbnz57pfb6lWu3xT8Kb9280ZLZk0Q+B3ewt1u3fPbQcTNE8s59h0/27Nw+Jx+m//Btq3HDBzg55tYCLN1SqVRzl67V+KOmiKtLpiuGehw+vn4vX78Tr9bG2mrTqnlCe5nK5fI6Nase2L5m6e9/6PY4QI2CgkPEO7Rt2UTKOEXcCv86Ydiwgb2trPJo6izxjWBpWeDngb2XrvZs17rpsIG9S5cqLj6mk6PDtPE/x8TFnzp3RaTb7Xs+CoUi44+gPOj6LW+NK1lrVa+8csE0ta+hqalpq2YNq1XeMHHGEvFliP4fAu/df1S/bs1sl7pi/rQ2LRpluujkYD90QM+mX9cb/8tC8b9IXHzC+4DA8mXds10AAAAAclXe3esGAADAmGn81D73Vn7kO5eu3lIqlRI7W1laipxNqFs+j55qzDPGjxgolA6m696x3TCP3uJ9Hvj6PXv5RvsaZWmLZoYO6Jlpd9Y0pqamo4b0LVVCzSaTWbVt2XjiKA+1H82bmJgMGdCzcgUN5z6GhoWrvS6+bMjRwW7WlFEagz0zM9NFsyaKnHzm/yHQR8vlkhn9sWbh/Onj8ks6mJKS+seOA1L2sK1bq1qmK4Z6HOLJUJq1y2ZpPOnw/7B312FRNHEcwBdQiROQEkRQBBEQC2wBEQslFAywFbu7C7u7W1+7CxNQDBBpJAVBUZQUFOQApd4/Fve99+7Y2wsE5Pt53ud9lr3Z2dmaO+e3MyMrW2/lwmndOpkJzE2CBJ4Qz6cCunJyUlVRlpfj7p1ZTTB/EAY59H147cQW94UCo4OUxbMn0lfg7PyCKhxFliGBHWFVVZT3bF5Bfw4baqjt2bxC4FSOV249EKmMBPk08UYHKcaG+ovnTBaYSeXNswgAAAAA4kOAEAAAAKA6+vnzF32CajtoYWXgOwsa5aH3i1GTF1687pGW8fUPFkqwR4IGb+xg1mq0qxOTrCaNcTE1NqRP4+XjJ0zpyqmqKM+dOpYmgYyMzLQJI5lktXTuFJpPpaSkZkwUkA/fK5ialkE/zOmYYc4MpwfT1mo4yLEvTQJf/2Am+fCaPnFkR7PWom37h5WUlNz3fOY4bPKR05cEJrbo0t6gWRPONVV4OZI+fqbPcPI4V/O2jAZelpGRWb9iHpOUkqIuKGC2adeRucs2PPB6nsfO/1OFkjyhHoS6deto8fRPpaekWN+ujzV9mtwfeULl+YdlZGYFh0XRp9myZpGykqLArNTVVDaumk+f5umL12yR7qjBA2ytunagT2Nj1VlgPP5r9jcR9g4AAAAAfwaGGAUAAACojgS2sH/NqkWNbg3VBXSXjI1PjI1P3L7vhKGBnrGhvkGzJs2a6jRrqtO4kRbfjnF/RvLnVPoEo12dGBZPRkZm+BCHlRt206T5/CVNyAISBEHY9bFmsRTo0/S27iowH3tbG4FdMy26tGcpyNOMTpnOL0CYkpZBn61tT0ZjM5IcbG3OXalw9i+B++Krqa722OHOImwocXceeOtoc08ZSM7iKVuvXmp65ucvafGJH5j36Rntwj1hWxVejqTkL/S5DXa0Zb5rVRVlJ/s+f2ygUTk5WfqbnyCI535BZJ9O8zYtmxvo6evpNmuqo99UV12tZnRL/TMPgkGzpvQJcnN/VHYZxCHwCTI00GMeZLXq2lFTQ42+02RqRmZzQSeNl+sge4FppKSkXJ36R0bH0aTJQoAQAAAAoBpDgBAAAACgOhI4vyA7v6D6z7QkKd27dfD08WWS8l1iEueoniwFeVNjQ1MTQ5MWBt06mQmMhEnWh490UyeyFOS7dhRikMMelp3pEyR/ERCP5MvaQkC2ZHhSR1vrcwpdALKnVRcmu9Nv1oSmNZmdX1BUVFy37v/+kSKwY+jspRuY7JoJ0QKE86a71atbV1JlEMfH5JTF7tsklZu+nm6n9m24VlbV5fhVVEQf1+zSoV1DIQde7tfL6k/ORNjHxuL2fW8mKUMjYkIjYqg/VVWU25gamxobtm7ZooNZq2pb7YvzIOT+yAuLiH2XmJT740dObl5Obm5Obh7fnvSx8YmCsmKLVoY/Q2AlM3iAEHFuaWmpwQP7HTpxgSZNevpXYQOETXW1DfUZbaLdSJM+wdes70LtGgAAAAD+JAQIAQAAAKojlQZKAtMkffrCNfrf36qndVfW7qP0nW/4YucXBIZGBIZGkH8OGdjPyb63wLE6JaKkpIS+V0dH8zZckTB6LAX5dq1NaEZ3/PQ5RcgyEmQQiEmyJjqN6AOEDPPR1mpI392kuIQ7QJialkmfp8CJHpn7QnuMFWlhoCepAlQrfKcSrKrLkSFoYjldnUbC5q/dqKFI5RKRk30fhgFCLtnfcp75BjzzDSCDha7O9o79bBpp/dHCMyHCg5CV/e3GXc8Xr4Ki376TVDFKSkoklVVlSBUUIGzbylioDAWmTxV+8O0OjLswajVUp09QVFws7N4BAAAA4I/BHIQAAAAA1ZGMjAxLQZ4+zevg8D9VnComLye3dc0i8fO5fufRqMkLR0ycL1pnO6EIjGcIbFflpUm7CTu/QIS5phhOFydwqjAmIW0yQMisXP9JTRelV59osr/l/CoqEnYr+utSQ+3dsrJdaxPe9VV1OQTOzKekyOhO5lT/z3YpbtvKeIrbMDEzyf6Wc/jURTuXSUvctxcUFkqoaJIh1IPw8+evA8fP93Yad/jURQlGB6s/gT0IBU5XKWz6lNR0oTIkCEJNtQHDlMJ22wUAAACAagUBQgAAAIBqSl9Q78AXfkF/qiySlF8gSqO2RZf2h3aukUgBYuMTx01fkvTps0Ryq0jOjzz6BErMInOclJUUxdwpF5aCPMPhCuXl5OgTKNZndDhysrLMivYf5hPmSUROjnATmOnr6UpL/23/qtq4an73bh35flRVl0NV0KjLIkx19oePhSCIqW7Dp08YIZGsPH18Zy5cK0K/6koi1IOQ+TV70tyVJ89dq+RCVUcC7zolRZZQGSrWF5D+2/dcoTIkCEJVhWmAsNoOeAsAAAAATPxt/5QFAAAA+GtYV9BATwkMjYhP+PCniiPAjzym0z5lZ4s4I1HXjmZHd68TbVvuMnzLGTV5YcKHjxLJja8GygJ61H0XMhBFEMR3Qe28AnfKRVa2nrBlqIi0NPdYlJKiriZcfxoxScsI90+kZk0Zja1aU7AU5LetXWzXx7qiBFV1OQTuN+6d0JVhUvIXUcslukljXWdPGSORrEIjYmYuWsu87q1UzB8ENjt/0pwV9EMN/8UE3sk5ucK955HzQ8BXCfPugBR5OaHf5AAAAACAmggBQgAAAIBqqqIePJwOnbzwR8oiWDrjWY6yvokYICQIolP7ts/vX1g2bwrDGe9osPMLpsxdJcJ4kgxpCGoFTs8QMJcbr1TaTVgK8gryAvr51UQijEoqDoF9Jbn8Ted85NABD66d6GNjQZOmqi6HtLS0jrYWTcrY+MS3794Llfmte17ilU5EbiMHe1w6OmmMi8BxpAUKj4xdv/2ghMolFuYPwolz1z4mizJh6t9B4BOU+TVbqAyzsgR8pf7hZxYAAAAAapA6VV0AAAAAAOCvuX5TTQ21dNqp7J77Bfm9DrHo0r6yCyOw8Tc1nVG4q6Sk5FVAqDglUVKs7+Js5+Js9ybqrfczv6jYd+GRsaJllf0t54VfUO8e3cQpT0VkZGR0tLU+p6RVlCA4LOrnz1/M+/Dl/sij73Oj10RH+GLWAAJbt217WTVUV5XIvqSlpf+mgJ9QtrgvtO1lJTBZFV4O+geKIIizl25tWr2AYebxCR/8XoeIXUYR6TTWmj5x5KSxri/8g3z9gyOi494nJYuWlZePX8bMrJoyFdyPPPaZizcFJmMpyBsa6Gmoq6qpNKhT53+DWL6JjqvRvQ8FPkHB4ZEtjZszzzAoLJI+QSMtATPIAgAAAECthQAhAAAAQDUlJSXVx8bi/NW79MmWrNl+/thOvSaNRdtLSUnJhh2HE5M+7duykmaASoFjlH36zKhHyJuot5KaNKttK+O2rYzJQ/j0OTU+MenDx+T3ScmJHz4xb2r38vGrpAAhQRBNdBrRxDPY+QUv/YOZ7/3pC3/6BDqN6fpX1VxamgJat02Nm492dfpTxflrnbtyp5d1N65gDK8qvBzGLfRfB4fTJHjo/cKsTcuhTv0FZpWTm7dg5RaJlk4UdevW6dW9a6/uXQmCKCz8mZj06V3ix6RPn98nJccnfKB/O4TTi1dBQwb2q+TCSsYDr+f0CTQ11OZNd6O5Fd8lJrm4zamc0v0JAp+gmx6eY4Y5M8yttLT01j1P+jSaGuqMSwcAAAAAtQsChAAAAADVl6uzvcAAITu/YO6yDQd3rGncSFPY/IuLS1Zu3P34yUuCIMZNX3J0zwbNCrqhqKoICBBev/No6vjhaoKSXbgm4HBEICMj06ypTrOm//WfKyoqfhP19plvwEPv59nfcmi2/ZKaLsIei4qKmSRrotv4VWAYTYIzF2/aWHWWkREQkiEI4tevX+eu3KFPI3KQuJrT0RZwY1+4enfowP5ymDSLIAiCqGh+u31Hz9JvGP323anz1yePc6VPVoWXY6Bdb4GdzzbtOlJaVjZ0YH+aSTG/pKYvcd9O3xnxz5OTkzU1NjQ1NqTW5LHzXweFP33h/9D7Bf22KWkZIuyx6FdlDbBM4228gGFgD+9ax1mZ/2G/Kv+cCHyCPianvPQPturagUluXj5+9N9xTEKSAAAAAFBrYQ5CAAAAgOpLp7HWaNeBApN9TE5xdZsTHBYlVObpmVlzl28ko4NkJmOnLkr69IVvYlUVZYEZnrlwgz7BI+8XT1+8FqqQoqlbt04Hs1YLZ014fON0XxtLmpSp6Xwa1uvWrUufP8Owon3fHvQJot++O3nuOpOsDp28KLBbZD8G40PWRGqqKvRt5emZWeu2HSgrK2OeZ8KHj6ERMZIoXfUye8oYt5GD+f7n73m1qa42/eaHT12Min1Hn6YKL4dek8ZMhlPesvvojIVrQt9El5Zyl+F7Tu7lG/ccXCdHvxVwmNVBfZZC7x7dNq1e4HXrDP21y+A3a13dOgLeBk7hV/tVts8pqTSfOtn3FhgdrOhLiiH6eR8ZdoUXh8AniCCIZWt3ZGV/E5hVWnqmwBko+/fuXmuHTQYAAAAAgRAgBAAAAKjWJoweSt+gSWLnF0yas2LjzsNpDOYCLCkpuXjdo9/g8VxTcKVnZo2avODtOz49PBTrswRme/7q3fuezyr69PGTl8vW7RSYCY2NOw9Pm+8u1OxTderIDHLsS5OAb98LgQcbGPKGyd5bmfyvPxBfh09dvH7nEU2CsrKy81fv/nPpFn0+XTq0+1vnICQIYtgge/oED71f7Dt6tri4hEluXj5+Q8fOnjBzWUAwo+v4d5CTk92wcr7AZMvW7igoLKRPU4WXY7igXZNeB4dPmLXcbuiEtVsPHD19+czFmzsPnJy9ZL2N4+ite48zyaGSlJSUDB4zc8OOQ0wqaoq6mgr99JCFhT95Vyop1qfPNjxCxNlbxZH8mS5AqKaqIjCHxe7bxCmAuhrdLsIjY3N/5ImTPxMCnyB2fsGcpRszaMeYTUnLmL10g8Ahu12ZPTIAAAAAUDshQAgAAABQrSkrKU5xG84w8fU7j/oPnbh264GnL17ztnKWlZXFxiXuO3rW3mXS9n0n+ObAzi+YOGs5b28eKSmpnt27CCzAyg27F67a+j4puaSkhNppaETM8nU7l67dwfAo+EpLz7x+59Hr4PAx0xbPXrL+mW/Az5+/mGwYQBvMM2lhwLtSSVFAgDA0IsbLx49rZUFh4bvEJK6VTDqAbtx5ePWmvXwHCUz+krp0zY6dB04KzGTYYAeBaWquLh3NdLQFzLB45uLNMVMX8Q1vU5I+fV7ivp0KMEydv1pgh7m/SSsTw2njR9Cn+ZyStu+IgMFIq/BydO1kxveZ5Ss9M+v2fa8jpy/tPfLP+at3X/oHM9yw8ng/93+flHzj7uP+Qydu2nXkTdRb3m6OvIqKigNDImgSNNFpxLtSSUlAgPDwqYu8naEzv2anijRgKUMslgLNp7FxCfSbC5zCUCCVBgJ6wx8+eZFrTWlpmVAvpgjE5AmKfvtu0OgZT56/4g20FxUVP37y0mXcbN5vHC6GBnrkTL0AAAAAAHxhDkIAAACA6m7EEIfQN9HPfAMYpr993+v2fS+CIJrqamuoq7LZBXXq1iks/JmSmi6wtwEZI5wwc9m+rau4hkGz69uDyQChT56/evL8FUEQ+nq6MjIyDHcqEOfkhS/9g1/6B7MU5PvYWHRo18q4hYFek8a8M/klfvh0w+Pxpev3aLLVb9aEd2W9evU0NdTSaXtvLHbfNinRpY+NhUoD5cys7LCImJPnrv38+evJnbOysvWoZDbdu6iqKAucI8rj0VOPR0+tunYwa9OyTh2Z+izW95zcwJCI18Hh9BuSNDXULLuYM0lZQ0lLS41yHbhl91H6ZLHxicMnzDM00HOw7WHcwkBNpYGSYn12fkFO7o/ImHi/1yG853PqvFVnj2zX19OtzOJXI+NHDXnmGxAbn0iT5vLN+5Zd2tMM5lmFl0NaWnrXxmVDxs6SSK3yh5WVlZ08d43689rth9duP9TUUOvfx7p1S6OWRga8c8WVlJS8iY47fuZKeCRdb7+munzmH23SmE/UkIur25yFsya2b2cqW69eanrmk+evzl25Y9Gl/YFtq4U5MiHoNWlMM1ryq8CwW/e8nB368P30wrW7O/YLfluCnkGzJvQn8/LN+xlfs8YNH9RIq2Huj7x3iUknz19/l5h09sj21i1biLl3krS01GjXgZsFPUHs/IKFq7aqqijb97Vpoqudl8dmKch/+pxy654Xw/t/lMsAiRQYAAAAAP5WCBACAAAAVHcyMjIbV82fOGs5fbM+r4/JKR+TRZxRafaS9QFPrtfjmI3PsnN7loI883Z5gXPmMfc9J/f81btcK9n5Bbfve9++703+qa+nq6qirKRYv7S07HtObmpaBn2Ej9TSiH9vJKtuHelH/iQI4vjZq8fPXuVa+eJVUB8bC+rPenXrrl8+d8aitQJLQgU+maTksmHlfN746F9msKPt0+f+gaF0/ahI7xKTdh86wzBbcmze80d3NNJqKHYZa4A6dWQ2rpo/aPQM+mSrN++9cfZAA2WlihJU4eXQ0tQ4sN3dbcZShnlWH/6BYbxdvtIzs85cvEkusxTkm+hoqzRQYrEU8gsKv3/PTfr0mUmV26K5Hu9KLU0NHW2tzylpNBuy8wvWbt3PtdLvdUhGZlZDDTUGxyQ0vrFMTuu2HQiPjB09bKB+0ybS0lIEQeT+yHvpH3zp+j2JzBzZ0az1jbuP6dM8ffGa922YB57PJBUgJAhikKOt1zM/JjMHZ3/LOXfltgi76NbJTOA8uAAAAABQy2GIUQAAAIAaQEFebu+WlaoqAsZGk6A9m1dwRgcJgpCVrWdva/PHCsDp6q2HAtO8T0oODot6+uL1M9+A8MhYJtFBloL8wP69+H7UpWM7kUpK3Hn4hGtNt87m86aPEy03JpbOm9LBrFXl5V9N1Kkjs3XtIs1KCFpkf8uZtsBdYC/Pv0azpjpL5k6mT5P9LWfTriM0Car2crRrbeK+ZJbEd13ZOLsP8sXOL4iNT3wVGObl4+f3OiT67Tsm0UGLLu0rGnbVqlsHvusFevTkhWgbCmRjJXio6rsPnwwdO7t9D6d+g8db9htmbT9y5YbdEokOEgRh3tZUtA09Hj1lOK41E3XqyGxds7gyniCSjrbWZveFf/2LIwAAAAAgJgQIAQAAAGoGDXXVE/s2CZy4SCIO7VxjbdGJd/30CSMrr0GzIvkFhWcv36qMnGdPGVPRhFg9LDqJdqrJzjdcK0e7OlVSTw4n+z6uznaVkXM11EBZaf9298rI+WNyyo79/Gfl/Cu5ONl1Mm9Dn8bLx+/+Yx+aBFV7OZzsex/bu0HMdyZYCvL0CerISOzfy5HRcbxzu0rEnCljKvpoxGBH0fK86eEpRonotG7ZwrxNS4aJ0zOzJD6WrIa6qpM9/yFM6bHzC168CpJgSVRVlPdsWSnBDDnt2bxCSVHAJJQAAAAAAAgQAgAAANQYzZrqXDq5u5d1t0rdy8n9m7p2NOP7kbJS/e3rllTq3nndfeBdGfONmbdp6ezQt6JPZWRkZk4eLVrOvJ1vpKSkVi6c3q0T/7MqMmuLjsvmCegK9pcx1G96cLu7wLiOsFRVlCeMHirZPKszaWmptctmCzyNKzfuSUnLoElQtZejo1nrm+cOcY7oK5SRQwccEBTgVJRciOXUhRuSyorT+FFDDA34jC9K0mmsNdSpvwjZfkxOiYyJF69oFZohatUqKRNGDRFtQ94O4mIyNtTfs1nCMUKWgvyBbasN+E2vCwAAAADABQFCAAAAgJqkPkth+7rFlTRkZQezVtf+2Uc/AltrUyOB4xPSE7YPom9AqDi746uHZee9W1fVrUs3IbdtT8uRQweIkPlND8+ysjKulXJysvu3uS+cNUGEDPlaNm/K7k0r6tWrJ6kMa4punc1vnDvYpYOIY8DyMjTQu3Rid21rT9fS1Fg2f6rAZO6b95aWltIkqNrLoaxUf9vaxXs2r7S26Mh8F/p6ujvWL1k4a0J6xlf6lJLqg1VUVPzMN0AiWXGaNn7EjImj6NPMn+5mamwoQub3aPuPisO8Tcv1y+dWUuZM6DTW2rFBlDks+XYQF5O1Rce7l46Ido14tWttcvXMPosu7SWSGwAAAAD89RAgBAAAAKhhpKSkxgxzvnX+oARnBNTUUNuxfsmxPRuaN2sqMPGwQfYHt7uLNrhfD8vOV8/sE2qTneuXLpkzSYK9lKZPHLlzw7L6FQwuymne9HGjXZ2Ezf9jckpMXALvemlpqZFDB1w9vbeprraweXIyNNC7cfaAi7OdlJSUOPnUXJoaagd3rFk6b4r4WQ0b7HDqwOaGf3zg3OrAvm8Pgd3vgsOiLly7S5+myi+HtUXHPZtXet48PX+GW0Wz8ZEdE0e5DLh4YteNswfIftifvqTS56xYnyVUSSpSt24dr1tnRrmI8sIBXywF+b1bVk4e5yotLaASkJOT3bt1pVVXoScjvP/Y51dRkRhlpOPQz0bkF01WLJg2fIiDmAXo1b3rhhVzRfhaefzUV8xd89Jt3OjMoa1T3IaJmc/MSaNO7NuordVQQuUCAAAAgL8f3UvTAAAAAFBt6TXR2bBi7sTRQ09fuHFXjHHPVFWUR7kMHDHEUVZWiL5o3TqbX/9n/+bdR718/BhuwlKQnzZhxIghjsKGtWRl6w0b7DDArvcz3wAvHz9xOuIMG+wwdrizVkN1hullZGTmz3Ab5Nh318FTL/2DGW5l0sKApuORoYHe5ZN7Hj15eeeBd3hkLMM8SR3MWjnZ9e5jY1ELOw5ykZaWcnW2s+zS/v7jZzc9HqcL363H3tZm6rhhOo3/xKSe1dayeVNCwqOyv+XQpNl18HSXDu1oxrGsJpdDQ111tKsTGdHPY+dnfs3OyMySk5OVlpJSV1NRU1OpV7cu1yYfk1Po81SW3BCj6moqC2ZOGDPM2euZ3wPP59Fv34mWD0tBforb8MEDbBXk5RhuoqbSYN/WVf5BYVv3HBN4yJTOHdoSPD2hJWjYIPsuHdqu33aQ+dSMqirKG1bO69rRbNu+4+IXwN7WxqpbxxNnr567cod5AfSaNBZ/17zq1JGZ6ja8p1WXW/e9PR4+EWpUbZaC/CDHvgPtete2btAAAAAAID4ECAEAAABqML0mjdcumz17yuig0Ej/oPAnz18xbFg0NNDrY2Nh1bWDUfNmonVEU2mgvG3t4rQZX5+9fH3v8TOa9m6LLu2dHfpYde1ANdCrqijTxyR4KcjL2fWxtutjnfsjzz8oPDr2XWx8QnBYlMANdbS1LLu072Deun1b0wbKSkLtlKTXpDHZvH7hmkdCYhJN8GPwAFtnhz4CB4uTk5N1su/tZN876dOXh97P79z3pg+o6GhrDbDr1b93dx1tocMn6qoNhN2kUqnSloelIF+3DncUh0bjRpqTx7lOGusSER336MlLz6cv6e8rloK8Ref2Fl3MO7VvyzxOrKaqIuztWohsyiYAACAASURBVEnUVARcTTUhL7dKA+U1S2fPXrKePtm5K3fWLZ8jMLc/czmYqM9SqM9SaNZUhyZN9recZy9f0xdPS1NDtAJoqKnwX6+uOmKI44ghjilpGf6BYbHxiTFvE2LjEwVmaGps2K2TWQezVm1bmQj1Mgela0ezG2cP3Lrndd/z2bvEpIq+KVRVlF2d7R372TTi6Ygm8QdBr4nO8X2bQt9EP/MNeOj9nCZza4uOzg62Fp3N69SREfggqDRgWs8rKdafP2P8IEfbE+euRcXE0URPrbp2GDygn2UXcxkZGYaZk5h0Vae0aN5syZxJ86aNfekffOfBE4FvpfSy7ubYr2e3Tmb0w2XzktTYuSRNDTUR3gkAAAAAgOpAind+FAAAAACooUpLyxI/fHyflPw990f2t+/Z33Kyv32vz2KVlJZqqKmoqiirqjRQVVFu1kRH5IbvinzPyc38mp39LedrVva3nB/1WQqNNDUaaqg11FCT4OigXEpLy76kpn3N+pbHzmez83/ksRUU5H/9KlJSZCkpKSor1ldpoKyhrirZnf78+SslLeNzSlpKWgZBEFoN1cnDVFFWFjjcX0WKioq/ZmV/zfqW8TUrM+ublJSUhpqqhrqqhrqquqoK2SYOTPwqKsrO/p6Z9S0r+1vm1+xfRUXKiorKyooNlBQbNFDS1moobPs+iKNSL8eT56/KyojePbqJtrn75n30fa/72lhuXbtI1NIJ4VdR0cfklJycH3lsNpudn5dfUJ+lUFJSoqykqKRYX1GR1VBdTbIRHYIgfuSxv6Smf0lJS8v4qiAvr6mhptlQvaGGmqRGVRVWaWnZp88p377nZH/7/u17roKCvLSUlLqaqrpaAw01VZYwYTaRlZSUpGV8/ZKa/iUlvaCwUENNtaGGmmZDdQ01laqqN3Jy8zKzsjK/Zmd+zc7JzVNRVir/XlBTkfgtAQAAAAC1EAKEAAAAAAAAUJN8+57jOGwKO7+gh2Xn5fOnCvseQGhEzISZy+jTLJ8/dahTf/GKCQAAAAAAUH1JV3UBAAAAAAAAAIRw8tx1cpDMZ74BfQe5bdx5ODZO8ECdZA/gMxdvCowOEgTRway1JEoKAAAAAABQTaEHIQAAAAAAANQYnz6nDBwxjXe9SQuD7hYd27YybmXSgmuozF9FRRkZWVGx8XsOn2EyX5pV1w77tq6SaKkBAAAAAACqF+HmsgYAAAAAAACoQvuOnuO7PjY+MTa+vB+hqoqypoa6qmqDnz9/Jn9OZRIU5DRpjIskSgoAAAAAAFB9IUAIAAAAAAAANUN4ZOyT568EJsv+lpP9LUe0XXTrZNba1Ei0bQEAAAAAAGoKzEEIAAAAAAAANUBZWdmuQ6crdReaGmrrls+p1F0AAAAAAABUBwgQAgAAAAAAQA3wKiA0MjquUnexf7u7mqpKpe4CAAAAAACgOkCAEAAAAAAAAGoAfT3dbp3MKilzVRXlE/s2Guo3raT8AQAAAAAAqhWpsrKyqi4DAAAAAAAAACNPnr/atOuIyFMM8mXVtYP70llqKg0kmCcAAAAAAEB1hgAhAAAAAAAA1CT5BYWPvF94PHoaHhkrZlaGBnpjhzvb9bGWkpKSUOkAAAAAAABqAAQIAQAAAAAAoEZKScvwfOr73C9Q2EghS0HesmsHF2c78zYtK610AAAAAAAA1RcChAAAAAAAAFCzlZSUJH9JfZf4MS7hQ+bX7Nwfebm5P36w83Nzf9StW1dZSVFZqb6ykqKaagPjFgamxoZNdLSlpdFlEAAAAAAAai8ECAEAAAAAAAAAAAAAAABqEemqLgAAAAAAAAAAAAAAAAAA/DkIEAIAAAAAAAAAAAAAAADUIggQAgAAAAAAAAAAAAAAANQiCBACAAAAAAAAAAAAAAAA1CIIEAIAAAAAAAAAAAAAAADUIggQAgAAAAAAAAAAAAAAANQiCBACAAAAAAAAAAAAAAAA1CIIEAIAAAAAAAAAAAAAAADUIggQAgAAAAAAAAAAAAAAANQiCBACAAAAAAAAAAAAAAAA1CIIEAIAAAAAAAAAAAAAAADUIggQAgAAAAAAAAAAAAAAANQiCBACAAAAAAAAAAAAAAAA1CIIEAIAAAAAAAAAAAAAAADUIggQAgAAAAAAAAAAAAAAANQiCBACAAAAAAAAAAAAAAAA1CIIEAIAAAAAAAAAAAAAAADUIggQAgAAAAAAAAAAAAAAANQiCBACAAAAAAAAAAAAAAAA1CIIEAIAAAAAAAAAAAAAAADUIggQAgAAAAAAAAAAAAAAANQiCBACAAAAAAAAAAAAAAAA1CIIEAIAAAAAAAAAAAAAAADUIggQAgAAAAAAAAAAAAAAANQiCBACAAAAAAAAAAAAAAAA1CIIEAIAAAAAAAAAAAAAAADUIggQAgAAAAAAAAAAAAAAANQiCBACAAAAAAAAAAAAAAAA1CIIEAIAAAAAAAAAAAAAAADUIggQAgAAAAAAAAAAAAAAANQidaq6AAAAACCu6OiY7zk5wm7VtGkTncaNK6dEAPA3iI9/l/n1K0EQnTp2qFu3LrmypKSkq6V1YeFPgiBu3bhioK9Pv/5v4vPs+Zx5CwmCaG9udvrksaouTvVy+szZ3Xv3EwRh08N67+4dVV0cIj8//9iJU+/fv7fpYe3sNFBS2ZaVlV25dv3VK/8WhoYTxrvJy8tJKufE9+/Dw98kvv9QXFSsr6/Xr59tA2VlSWVeQ1Xe2f6Twt9EjBk3gVyOCAuq6uIAQRBEcEjoz58/hd2qTetWioqKT32ezZ2/iCAIPb2md29dZ7htJdVIAAAAAGJCgBAAAKDG2713v8+z58JuNXG827KliyqnRADwN9i8dfuLl74EQQT6+6qpqZIrS0tLs7Kyy5dLSqnEFa3/m5QUl7DZbIIgPiR9rOqyVDu/fv0iTw75/yq3dfvO8xcuEQRx/8EjJSWlXj1tJJLtw0eeK1a6EwRxn3j040eeRL5GCwsL9x04dPTYCc6VrUxNESCsjLP955WWlFSThwIorsNHibDVsSMHe/W0KS4uJi9obu4P5ttWUo0EAAAAICYMMQoAAAC11IJFS2ztHG/f8ajqgsDfDLcZQJUIDg6llmNj30oq2/DwN9RyZHS0RPLcs+8AV3RQS0tTXV1dIplXc2fPX7C1c1y3YRPfTyvjbANf33NyhrgMt7VzTEhIrOqy/J0qqUYCAAAAEBN6EAIAANR4vXv3VFRU5FoZExtLtfLY9LDmTWBiYvynClgd/fr1i4zZfEhKquqywF8LtxlAVTE3b/c2Lo5cNjYyklS2bdq0opZNW5qIn2FCQuLxE6fIZWenAQvmzW3USEv8bGuKR4+9EhISFevX5/upxM82VCQuLj4s/A1BEOkZGc2bG1R1cSqds9OAEp6e7pGRUdSX9QBHB96tGjbUEHmPlVQjAQAAAIgJAUIAAIAab5jL0GEuQ7lW+r3yp+a8WbZ00V85H5g40tLSq7oI8PfDbQZQVZYuXqiqqvrhwwfr7la9e/eUVLb2dv3z8vL8Xvm3MDScOGG8+BkGBgWTC8309LZs2lCnTu36F3pCQgLNpxI/21CRlJSUqi7CH7Vj2xbelbv37j9w8DBBECwWa/fObZLdYyXVSAAAAABiql3//AAAAAAgfallbWFQJf6a20xKqqpLACAkFos1b84siWcrJSU1zNVlmKuLpDJMSCzv69+7d8/aFh0sLCykJi7lS+JnGyqSnPy5qovwl6ukGgkAAABATJiDEAAAAGqjL1/+ksgNVGc1/TZTVVUhF5SVlau6LAB/p9TUNHKhcWPtqi7Ln4Y+1tXHp+Tkqi4CAAAAAFSB2vWKIgAAAHApLCz0e+X/9m1cTOzbrKwsHZ3GJibGLU1MunTuJCVMpyE2m/06IDA29m1kdHRGeoahoWFLE+P27c1at/pvAqG3cXG373hISUkNHTJIv1mzgoLCC5cu+fn5Jyd/btxY29HBfshgZ84809PTA4OCo2Ni4+LiS0tLW7QwNDZq0b9/PwV5eb5lKCgofB0QEPs2LjY2Nv5dgq6Ojqlpy362fU2MjbiSpaalUqO6ffnyJSQ0lPq0pUlLeXk5cYpBunX7Tlz8O4IgDJsbDB7kXFGyh48830REEARh27ePWbu21PrMzK8BgYGxb+NiYmJLS0v19JqaGBu1a9eWd96alJTUs+cvEAQhLS29eOF83l14eT8JCQ0jCMLK0sKiW1dyZX5+/r4DhwiC6NalS/fulqWlpY8ee3ncu//+wwdlJeUuXTpNnzpZTk6ONzdKRmZmUFBwbGxcTGzsl5QUYyOjlibGgwc5q6urVbTJ27i4NxGRMTGx0dExSkpKLU1MjI1b9LDuXp/f7FNCJU5ISAwJC3sbG/f+wweCIExNWxq1aNGlc0dNTU2ulGHhbx57ehEE0ayZnuvQIbxZHT95OisriyCIAQ72LX9PeUXeurKysm7jxjRQVs4vKAgJCQ0JDQsMCq5bp46paUuLbl2pc0sS9jarCHkjSUlJdbey7NqlM2+C02fOfvqUrKSsNH3qZFlZWd7TeNfjfmlpqVm7trZ9+1DrS0tLAwODomNjo6JiUlNTGzbUaGli0rVrl7ZtWnNuTp5ANTVVGRkZJqVl7viJU1nZ2e3Nzfr07kUQROL798EhoUFBwYmJ75s3b97SxHiQs5OyshLfbRkWnlN+fv4r/4DY2NjIqOg8NrtpE10TE+NeNjY0IZmw8DchoaEhIWHvP3wwamHYunXr/v36CnuYgUHBL174vktMSE1NM9DXN2phaG5u1qljB76JmT/1XCfw58+frwMC/fz8g4KDNTQ0rKwshrkMrVu3LkEQP3/+9PJ+4uX99MuXLywWy8TEmLMe4CVadcdXXl5eUHBISEhYcEhI/fr127Zp3aVL544d2vNNzLD2pjA5sWlp6WfOniMIQk5Obu7smbyZMPna4lVWVrZr996i4mKCIMa7jW2oUT4nGVWpOg10NDYyKikpiYiMCgkNDQwM/v49x7SlSZs2rQc42lOP0o8fP+LfvSMI4tu3b+SalJRUzlqiTevW5EUkiXB7NG6sPXrkCIIgIiKjzl+4RM5/1trUdPq0KeSdXxl3UVlZWXBIaGzs25jY2JjYtwry8q1bt+rapXNPmx6cyYqLi9PS01/6+ZWfjbw8zmPX0dHRbNiQ5mxThPoNI0JNTi8hITEs/E1MbGx0dGzhz0LTliZt27YZ7OzEeeF4lZSUhL95ExISFhgUnJeX165d2zatW9v27V1RNSvUMe7bfzC/oIAgiDGjRmprN+L6NC4+/tbtuwRBNG3SZPiw8n6ZOTm5qWmpkVHR5Wni4uXkyr9KpKVlOH+ZUKr5L5w/LD8//3VAYFhYeEhYOM2NRF8jffz46d79BwmJ75OSkjQ0NExMjE2Mjfr07iXxL18AAAAALlJlZWVVXQYAAACQPM45CD0f3eM7B2F0dMyceQs/JCXxfmTd3WrzpvVkC51AEZFRs+cuSOb3+vmokcMXL5zPYrEIgvD08p42YzZBEDNnTJsyaYLzENeEhEQqpVm7ttevXqL+vHX7zsLFy3gz1NXV3bp5Q+dOHbnWh4aGzV+0lG8ZFi+cP2XyRHI5Kip64CDu+Ro5Pbp/19CwucjF4Njw7sLFS8llj9s3qFATp/T09G5WNuTytcsXzM3NyOV79x8sX+nOZrN5N5k0cfzc2TM5Q3cRkVHOg8ub+RLjY3g32bh566nT/xAEMWK46/q17uTKrKzsTl0tqdO+eOmKGzdvcW4VGR6soKDA99DKyspu3Ly9bsMm3hKyWKz9e3dZd7fiWv/r16+du/aeOHWaNzctLc2d27Z04Qh9CZv4wKEjBw8d4VvUbVs2crVdnjx9ZtPmbQRB2PSwPnHsMO8mtnaO5G25d/cOB3s7ciXnrWvfv9/kaTN577Qxo0cuX7qYbBcW9jajQRVYTU31td8Laen/jf/x7l1CP/sB5PK+PTvt7fpzbT7WbaKv3yuCIBYumDttymRyZXpGxtJlK1+89OXd3dgxoxbOn0td+gcPH8+aM4/rXBUVFRmbtuU9kIrW80Wd5zehgUePnTh05BhXAi0tzYP797Zr24ZrPfPCU95ERM6Zt5Bv5bBh3RpXlyFcZ7WkpGTrtp0nT5/hSsxisWx6WN+7/4CsAZ49eUxzgD9+/Fi8dIWnlzfvR3b9bVeuWMZVuwr11HOeQN/nT+fMW8gZXCF3sX/v7rS09AmTppJhIU4jhruuXrmcN4YhcnVHOnrsxLYdu8iHa+GCuRMmTeXtHzZj+tQ5s2ZwNXkzrL1JzE9sQEDgiNHjyAsXERbElZjh1xaviu5zzkr15PGj8xYsev7iJde2nTt32rNrOxnlCgwKHj5yDN9dkF75PqOOReTbI/JNyMOHjxYvXcH56ZlTx60sLSrjLkpLS1++cjXvgRMEMcDRYf3a1dQbHgYtWtIc+4Z1a8jwFX2tIuxvGGFrchoFBYV79x84fuIU70empi337d6pp9eUWhMaGjZ02EhyOSTw1Zx5C8lqmavAu3du530rQthjpE7szetXeN+Z8PZ+OmX6TM4a7PSZsxs28ZmNj8T32an+v3BExjkHId8DJ1E3kq6u7pFD+6ZOn83kRqKpkfbsO7D/wCHeHRkbGW3etL5Na7pXFgAAAADEhCFGAQAAaqlbt+8McB7C2eqkq6tLLT9/8bKPrf2biEiB+dy4ect5sAtn44ixkRHVtHr+wqV5CxZzbfL1a9ayFas5o4MEQZiYGFPLi5euoNqpWSyWpUU3S4tuZJ7JyckjRo0NCPxf28qOnXuGDhtJlYHFYqmpqVKfbtuxy8v7Cblcr149gUckcjE42fW3pU7ChUtX+Ka5dv0muWBq2pJqO1u2YtWceQuptjMWi6Wl9V83uOMnTg0cNDQnJ5f5UdD7mpV96fJVruigrq5uRdHBvLy8CZOmLlm2giqhmpoqdaRsNnv8xClcUYGcnNwhriM4A35aWprN9PTI5bS09JFj3CKjokRIzGaznQe7ckYHOQtDXsEFi5aIdGL4u3T5Sn+HgdSdxnmbnT134cLFy+SyULcZvd49e5ILWVnZMTGxXJ96PXlKLZM9Iznl5ORSzdB9evUiF6KiovvY2lMBNmMjo759ejdvbkD++c/Z85OnzqDeIOzfr++9u7f27d0lqcPh5TTIhYoOcp7PtLT0yVOnk11hKEIVnnTt+s1BQ1ypS9be3LxXTxvqmVq5es3h/8cmS0pKJk6exhkd1NXVJe9ANptNRgeZWLHKnQpiNdPT69XTxtS0vOH+wcPHJ0/+L/oozlNvad2TjOtw3vkPHj5+8cKXM67DeW4vXrpy6cpVrnzEqe64+Dx7bu/ozHf0yIOHjmzZtoNzDfPamyTUia2ICF9bzIWFvxk4aCgVJOM8nICAwFXua8llLU3NimKQJBnp8jCqOLeHn98rruggQRDNDQy41kjkLnrs6dW3vwNndJCznHc97u3df5D6k/7YmRDnNwzDmrwiCQmJjgMHcUYHOY80Ojpmxqy5JSUlfLd1GuzKGx0kCzxi1NjS0lJJHSNDvP3Omagpv3AqW3Jysr2js8g3EunipStUdFBNTdW6uxXV0/ptXNyy5asqoeAAAAAA/0GAEAAAoDbKyMyk2oK1tDSvXb4QHxv57MnjmMiw/Xt3k+vZbPYq97UVNXKRMjO/Uo2PamqqZ8+cjI+NvO9xKyIs6NrlC2Qbx5xZM7i2unzlKtnOPsxl6M7tW3ds2zxtyuThruUviT956kPFqxYumBsS+Oqf0yf+OX0i6LWv27jy/hYrVrr/+vWLyvBT8idyYfAgZ6/H9yPCggL9fZ899aReu964eRt5IC1aGD578tjz0b1ePctfbB8x3NXz0T3qv6ZNm4hcDE6ysrKTJ46njvf79+9cCYqLi8mBswiCGD9uLLnw/MXLq9dukMvdrSyfPXkcERbk98InNOj17N+nMSEh8cAhPl3fRJOcnLxy9RqCICwtum3auG7v7h3z587mO5AXSUamTlR0+UBk8+fNCQ7wC/T3jQgLunD2NNVcuHf/Ac5Njh4/ER1d/uL/MFeXQH9fvxc+3p4PQoNeL1owjyAIB3s7akw/oRIfOnKMarmeMnliSOArsjC+z5/a9LAm19++4+Ht/ZSQkKysbIIgevW0uXr5fGxUeKC/7+MHHtSoaLv27MvPzxfqNhOoadMmVP68/XLu3PWglu8/eFRQUMj5qd8rf3KhmZ4eGUUrKSlZvqq864apacv7Hrfue9w6fHDf4wce169eIhtq/V8H3PW4T24oJSVlYmwkwvCSzJFt3xs3rPV9/jTQ3zc+NpK6/bKysjkbWIUtPNmFZenyleTyAEeHoNe+Vy+fP3bkoN8Ln62bN5Lrd+3Z9/HjJ2qTux73qABk7949g177Pnvy2NvzQXhIwLDfdZRAMTGx9x88IpcP7t/j7fng2JGDd29df+7jNd5tbK+eNtOmTqISi//Ut2nd6sa1y2HBr9+9jVq5vLxbj9vEyeTTsWXThvjYyEB/36dej6hY2o6de8h7lSRmdcfXMFeX2zevxsdGJsRF37x+hQoDnDr9T3pGBpWMee0t7ImtiGhfW0JJTk5upqd3/OihsOCAQH/f0KDX9nb9yI+8vZ+Gv4kgCKJJE92w4Ne+z5927tyJOgNUFfHsqSc5XLOYt8fU6bPIqNKqFcv27929YtmShQvmcoZkKOLfRVlZ2eTj2d7c/OL5f+JjI/1e+ESGB1PduE+d/od61rw9H3g+ujdvzizyT2MjI84a0q5/P/ozLOZvGIY1eUVKSkvIiktLS3Pn9q0xkWF+L3zevY1a415e27yNi/O4x/9lguTk5Pbm5mfPnIx6E5oYH+P3wsfSohu11dOnzyR1jAy5DB3s9fi+56N71Df4lk0bqAtx99Z1vlvVlF84f4bINxL5vUa9MzFl8kS/Fz6nThy9fPFceEjA8mWLO3futHnT+so/AgAAAKjVECAEAACojXbs3EMuaGlp3ve4bW5uRo75Jisra9fflmoSio6OuXHzNk0++w+Wv/XMYrE87ty06NaVGjvO3Nzs8sVz8bGRVGMil2NHDm7csNZpoKOz08CFC+aSQ1QVFhau31g+2tXMGdOmTZlMDdAkKyu7cvnS7laWZFDh/oOHVFZr3VctW7ro+tVL27Zs1G/WjFypq6NDxQCSk5OTkz+Xr9fVNdDXV1JSJP9UVVU10Nen/iP7folWDC6uLv8NMnn9/130yBZ5so2SxWKRc5v9+vXLfe0G8tPevXueOHaY6iugrKw0Z9YM91XljdqnTv/D1f9STBPHu/1z+oTr0CEO9nYzpk+1629bUUp5eblz/5xasWzJcx+vGdOmqKiokOu7dOm8bMki6tCo9MmfPx89doJcnj518sb1a6hX7JWVlaZOmRQfG7l39w4REr//8OHI0ePk8vJlixcvnN+gQQPyz0aNtI4ePkAdhfu69YWF/4uciWPmjGmHD+5rb25O3irNmxvs3FF+q7DZ7LdvywOWTG4zhhwcygcOffz/YRWTkj5y3QavAwI4/3zqU34hBjjakws3bt4m468sFuvEscOcEz6ZtWu7f095T8GNmysccU7idHV1Hz/wGOYytFEjLYIgZGRkpkyeSF07X18/KqUIhSdHvCQIomOH9ju2bVZV/a97x5DBzlQk8uDho+RCUVHRjl3ldWPfPr0PH9hHbaKoqLhx/Rqu4S4rEvG7k2vfPr372f43c6FO48Yrli05duQg9eCI/9R37dL5/NnT7dq2kZGRkZaWdhs3hnOM36WLFw4dMoislps2bbJtS3mVyGaz3/3OTSLVHZc5s2ZsXL+mdatWMjIyUlJSbdu0vnb5IvXp2XMXqGWham/mJ5aGOF9bDFl3t7p5/UpPmx5kDaCsrLRtyyaqNnv9uvw5lZGRadRIS1mpfFTJJro6VBWhq6MjqS8Fs3ZtPR96jBs72q6/7Xi3sdOmTOaduE78u4ggCFeXIRvWrTl0YO/li2c7d+pIpldQUFi/djV17EHBIeRCQw0NA319appYeXk5zhqyovlHKeL/hmFYk/Nl1KLFiWOHN65f4/nwntNAR7ITnrS09OiRI6hIsK+fH99trbtb/XP6hEW3ruQ0tFpamqdOHKW6QR88/F+HeEn9TqNXp04d/WbNDPT1qXkHtbUbUReCc6BULjXoF06lEudGIgjiQ9JHMqzOYrEWzp9L1b2KiooT3MZdPHcG44sCAABAZUOAEAAAoNZhs9lUZ5GpUyY1UFbmSmBq2pJqoD9/8RJPBuUKCgqp/j1Tp0ziO2Eh11xTlMGDnKnOVZwCA4PJwZpYLNaMaVN4E0yeVD6xYkzsW2qliorKxPFuZu3aciVu0cKQ6irx8dMngjHRisFFQ0N96JBB5PLpM2e53vE/d768uXzSBDeyeTEgMIgaqGru7Fm8p26Y61CqmfXm7TvMD4deMz29eXNnMU9v1KLFeLexOo0bc62nGpSzsrLz8vLKy3mrvJwsFos6aZw4D1OoxLd+J1ZTUx05fBhvypkzppHLaWnp/q8DCEnQ1dWdN4f70hgbGVGDoH76HcmQIGp00OjoGM6uV9TQi2PHjCIXOCdmKy4u9vQqT9C7V/k4pZcul48FN3vWdHIiNE7m5mbtzc3JK5idnS3xA+Fr0YK5VOM4xa5/eUw0IfG/ZmJhC89ms2/fKe9huWzpYt4Haszo8vP2JiKCXHjp60cNjDl71gyuuQkJgjBv147JQRUVFZEL794lcHXr5CL+Uz9i+DCu0Rp72vSglgc5O3F+ZGxkRDXKU/uVSHXHqWuXzrN5euBpazdydiqfL/MlR9xXqNqb+YmtiDhfW8xt3riOejmAJCcnZ//7rmb+ZSSRL4WtWzYKfCNB/LuIPG/Dh7nY9u3D9eDIysr26d2bXOY7l56wxP8NI35NbtPDepirC+9AqX16l1fXiYnv+W549PABMjRIAV6KPgAAIABJREFUkZGRmTjejVyOiIz68eOHBH+nVZ6a8gunUol/IxUXl9dpbDY7uRJ+PwAAAAAIhAAhAABArcM5nt4ABwe+aYYMLm/3iY6O4ZoUh0INDUd2x2FeABaLtWIZ/5nhEt+Xt6np6TWNjokNC3/D9d/37zlkgvj4d0z21bRp+fvvGRmZzEsoqWKMGTWSXEhLS3/2/AVn/lTIysVlCLnw4UN5y6mpaUsTYyOezIh69epR10WC79dv3LBWTk6OQUIBNDX/a2rPyCw/2wkJCeTCYGcnRUXFCjYlREgcTyUe5My3/EYtWlDdgKhzW0maNClvLk9P5zPvmpiaNzegWhs5e9R5/J4Pb/7c2WQ79f0Hj4qLi8mVIaFhZL8ELS1NcoLP0tLSiMjyDlgsBRbvXR0W/obKXCLt+ExISfH59wjZm5B8cMg5BUUoPOdFLyku5k1PjU+bkJBInrf3Hz6Qa4yNjPg+gwyZmphQJRniMtzL+wkV2eJSGU+91u9eWVzz+ZGaUvfq72CzxGvdiuqTHtbdyYWkpI9M8uGtvZmf2IqI/LUlHJ4uegRBaDfWJhf4zs7Il/i3x7w5swz09RmX+z/C3kX0tH8/0RKpISX1G4aX+DU51SfyS0oK3wRUFzFO1Cij1O1ReccoQTXiF06VYH4jcT6ejk6DL1y8XIOmYAQAAIC/Q52qLgAAAAD8aVTTP4vFqmggr8Yc/cPS0tK1tRvxpuFswOLt0ENDVVW1ov1SrULR0TFDXIbTZMLZtYhLTk5uenp6ekZGampaRnp58yUZZmBIIsUgCKJlS5POnTsFBASSo+pRnSYvX7lGLjgNdKS6sFBZ6VU8QR3V6hQdE8P8cOjRjCEmUGlpaXb2t/T09NS09Ax+LcXx78rDeM2a6QnMTajEcXHlsQpyLD6+DPT1yUEpE99/EJihOMgeEgRBlJZVSiuto6P9vv0HCYLwfuJDTuiV/PkzeWjOTgPq168/cIDDxUtX2Gx2cHBIly6dCYKgmmsHDnAkRxRMTU2jMiQnnqTx+XMK2SGvSlDnk3xypaSkRCg850UfOmwk/Sbp6RmNG2tTdZq+vuA7kEbbtm26W1mScxm+jYubOn0Wi8Wyt+s30NGhY8cOnN1NKuOpr1uvPAJBjRnI6b97tbS8SpRUdSeQxu+vCTabzWazeXtfCay9mZ/Yioj8tSU+6nIwj+WIf3voixQdFOEu4lVQUJiRkZGWlpaalk7F74X6Iq6IpH7D8BKtJi8uLs7IyCRv2rDwcHJlYeFP5jmQ802SUlPTDA2bV94xSlCN+IVTJZjfSHXr1p0/b86u3XvJinH1mnWr16zr1dNmgKN9r549uTqbAgAAAFQGBAgBAABqnY+fykd5orrp8OJsrvr85Qvfhqfkz+WjIVHdm8TH2R2Bt9cCp65dOnP+WVZW5uv36tFjL49798mOU1zKCCHaJUUuBq8JbmPJ5jNfv1cJCYnNmxvkFxRcuVo+e9CokSOolO9/xzOoLgi8qBbttLT04uLiOnWq5rdcYWHho8dejz29PP8/Kx6FagWmYg8aDNrimScuKSmhBiujaeWnOjX+sf5wlaRPr55kgNDTy7uwsFBOTu7Jk/L5Bfv17UtOyXbx0hWCILyf+pABwoePPMu3/T3kXRbHqKH0d3XdunWZxGj/JBEKn/k1k+EmKioq5FyDn37XjVpaFdaNTMjIyOzZtWPj5q3UIIFsNvvqtRtXr91o3txg84Z15uZm5Prq8NRLsLqj16DBf8Mkfv2aRQUImdfezE9sRSrja6vyVIfbQ1hx8fEeHg8ePfbkW+vSBBSZk9RvGDHl5+c/eepz89YdMmItjrp167JYLPLmJyuuanKMAv2Vv3D+sGlTJslIS2/fuZta8+Spz5OnPiwWa/XK5ZXY0RkAAACAIBAgBAAAqI1UVRqQC9REcbzy2fnUckVvr1OT4lDjSYpPV7e8N9gEt3HLly1muFVu7o/pM2dzzTOnpqbaWFs78f0Hvi3OlVEMvnpYd9fV1SWjWRcuXXZfteLBg0dkkdq0bsU585aaWnljH811oY6FxWJVVdtZfPy7UWPdsrL+N0edrq5uQw2NkNBQrsRqaqpkSnJeJXrME8vIyFDNqXkVX98fP8rPpJqqisC9V2cmJsZaWprk0HNBwSFWlhb3fo8vamHRjSCIzp06kifkrse95UsXv3//gbzl1NRU27ZpTaZsxBH08nx4r0GDBlV0NKIQofDUNJnGRkb3PW4x2Yvc7+4aP38K0fuHL2VlpW1bNk6eOP72HY9bd+5Qo0omJCQOHTby9s2rrVu1qiZPvQSrO3q5uf8916q/H0lha2+GJ7YilfG1VXmqw+3BXGlp6dZtO0+cOs25ksVi6erofM/5znxgVYEk9RtGHA8ePp41Zx7nGhaL1VBDQ1ZWlhq7mLni4mLqOqqrq1eTY2Ti7/uF8+dJS0tPnTJpyOBB9+4/uHPXgxpMm81mL1m2orCwcNRIuo7dAAAAAGLCHIQAAAC1DtVzIi0tvaSkhG8azj4lTXT5jwdF5cNms/MLCiRSNmo6FuZj2eXk5A4fOYZsX2axWHNnz7x+9VJ8bGSgv++tG1c7tC8fJlGK4DMplASLUREZGZkJ48eSy2fPXcjN/XH2/AXyz/FuYzlTNjco32lKSmpFuVEDLRobiT5BmjhiYmKHuI4gw3jNmxuscV/p9fh+YnzMsyePr14+TyWT+j0Fl2nL8lkAP3/5IjBzoRK3NDEmF9LS0ipKk/J7FigDAwOuj6pkxiaRSUlJDRzgSC77PHue9nvIvgGODuQQZPXq1etn25cgiKys7Mio6Gcv/htfVFq6/Ae/hoY61WcriWOgxRpBhMJTY+e+jYurqKLj0kS3fIA7SQUzmjc3WLhgrt8Ln9s3r5Jjw5IOHT5WnqAaPPUSrO7oUdNxsVgscpJRkWtvgSe2IpXxtVV5qsPtwdzS5auo6ODIEcNOnTga+SYkIizovsetcWNGk+ulpYX4Iq6IpH7DiOzGzVtUdNC6u9WuHdsCXr2MCAvy9nywYb2AAZD5ysz8Si3r6DSWyDFKZDRXgf6yXzhVSF1dbdzY0bduXH3h4z139kxq/bYdu2rWzxUAAACocRAgBAAAqHU455yjZgbiQo4ZRRCElpZmRZOgcOYTFBQskbJRAxsGh4Tm5OQy2eSpjw/5wr6uru6j+3dnzZxu1q4tk8moJFsMGs4DB1DLGzZtIaeOU1NTte3bhzOZvn4zciEs/E1Fr9j7vfInFwybl0e8FBQUqE/FL6pAZ86eJ9/x79un9+0b10aPHKHfrBlN+ua/y/mSwSBsQiVu0cKQXPD1e8U3AZvNDgkNI5epxlYqyJSezmfGxOqMGin0safXk6fl44va9belEvTv15dcePLUx9v7KddWpBaGzckFX1+/P1JqSRK28E2b/FdBBYdw923lS7tR+Rh90TExDGOKDLVu1Wrblo2LF84n/6T62or21EuWZKs7GtSjSkX3xa+9KzqxFamMr63KUx1uD4Y+fUqmxn29dOHsujWrrbtbKcjLV8a+JPUbRjRlZWVbt+8klxcvnH/qxNGBAxw4R/sUwevfpaW6Pot8jNR3XHZ2Nt+tJO5v+oVTHTRurD1r5vRrl8vjrGw2mxr7GgAAAKAyIEAIAABQ6zRs2JCKlxw7fpI3QWFh4aEj5f0wultZVpSPqqqq7u8ON/sPHJJI2VqZmpLNW2w2++jxE0w2oVqUBjsP5J2DJy9PwPiihQWFEikGjfr1608c70YuU02oY0ePqlevHmeytm3bkAvkrFq8+cTExFIt7B07diAXGmtr/5cgNpZrk/z8/Mjfw1VJxLPnz3+XfyRXq2sBvzNp1q4duRARGfVSUFxHqMSdO3UkF/xfB0RG8TnGGzdvU+OVUQOd6eqUj6b4Ni6OdyDTT5+SqR4MksX3NiM7MqanpxcVFQnMoW2b1uT8cGlp6afPnCVXWlpYUAmo+eFu3LwVFBxCthS3//+UbNbdrciF3Xv314ghFjkJW3h5ebmOHdqTy1u2bmfSCYNqwk5LS+edV6ygoPDy1WvCF/w/Nj2syQUFhfJGfNGeesmSbHVHEATfnnmpqWnXrt8kl3va9CAXxKy9KbwntiKV8bVVearD7cFQ4O9oa8cO7TvxlERgZ02+Xx8VkdRvGNF8/PiJGmF77JhRXJ8WCDpS3uGLS0tLDx46Qi53t7KUlZUV5xipvndRUdFcm5SVlQULiqCTOQtMw6l6/sJhs9lcA6HXLObmZlSsV05OkhFuAAAAAC4IEAIAANQ6UlJS7qtXkMtPnvrs2LmHs6/Mjx8/Zs9dQEVW5s6ZRZOV+6rl5EJY+Ju16zZyxjmKior2HzjUqavlU59nzMumrKxE9QU5euzEqdP/cDXrh7+JGOs20dbOkRpcS7G+IrmQkvq/cat+/fq1YdMWqkNJGfG/4baorajOWPn5+VSeIhSD3qiRw7jWuAwdwrVGp3Hj6VMnk8sbN299+MiT89PE9++nz5pLLpuatnR0sCOX5eXltLQ0yeXde/ZztsMmf/481HUkGSuSFCXF8omO0v7fA+/r1yy3CZOoP6nBzWz79m7TunxKsAWLlkT8vy0v9m2c82CX8ROn/Pr1S9jE/fvZUmG/WXMWxMXHcyb2fuKzdv1GcnnSxPFNmpSHBKgmV4Ig9h04xDkIm98rf4eBg0SYsZIG/W2Wk5Pb32FgNyub9p26VdRHhCItLU2NMvohKYkgCAd7O84YrZyc3ABHB87hMQcOcODqjDVhghsZZSQIYsrUGR//P1Znfn7+oSPHOnW1PH7ilHjHXSlEKLz76pXkQkRk1JJlK7m6raSmpi1bsapTV0tqAjxLi25U9Gjt+k3vP3ygEufk5E6YPNXn2XMmRc3Ozt62Yxd10Snev9dQt65oT71kSby6CwgIXLdhE+fXSnp6+vSZs8llFotFTaklbO3N/MTSkPjXVuWpDrcHQ1QwIy09g6v37a3bd/ftP0gul5b+74u4fv365MLbuDjy7iopKfkoaAxhCf6GEYEC678+bZlfv3J+FBUVPXf+QvrNx7pN/J6TQ/358+fP5StXk1U6QRDz5pY/JiIfo+HvntYnTp0hpwYkFRQUzp2/iKZup77cfX3Lo3QZmZkMvxCr2y+cK9eutzHr2Kmr5aw586r5+JwlJSVHj504f+ES+cOGEhQcQp58FotFnQEAAACAylBbZn4GAAAATlaWFn379Pb08iYI4vDRYz7PnltadFNTU/2SkuL95CkVYFi6eKFmw4Y0+dj0sO5uZUl2tTl7/sKr16979bRpoqvz5UvKzdt3yHyWLl8Z6C94xEjK8GEuly5fJced27h56+27Hl07d9bRbZyeluH36hUVNDpy9Lj7qhVkWxK55uq1Gzo6Oj26W0nLyLx58+bEyTNUoxsvalS9D0lJI0aPa9e2zfUbNwsLf/p4PyaDEMIWg56urm4/276PHpe3iA1ydtLQUOdNNm3q5CvXrpOvvc+cPbe7lSU54N6HpKRbt+9Syda6r+IM/MyaOX3FSndyeD07B6dBTgNkZGQCg4IrGntTHO3atSHP6uo16wiCMDZuUVj48+VL3+MnT/NtSZSRkVm1YtnQYSPJ6fGcB7s4DXRsZWpaVlYWFh7+4OFjMtn9Bw+dnQYKlVhaWnqt+6oBzkMIgkhOTrZzcBrg6GCg34yMBlEhBBaLNX3qFKo82tqNBjg63PW4RxDEqdP/RMfEWltZ5uTm+vq9IgdGkyz628z/9euEhESyr8Ox4ycPH9xHn1vvXj1Pnf6H+pNzfFFS/359yUMj9e3TmyuBgrz8WvfVM2fPJc9Szz79nAY6GrVoISUllfj+PdXBa8u2HQMGONA/+3+eCIU3MTYaM2okOSfWzVu3X/n797TpYaCvn5eXx3mTrFq91tvzAXm7zpoxdfHSFeRN5TTIpU/vnqqqqrGxb6kgIhNr12+6d/8BQRCdO3dyHTqkadMmbDb7safXhYuXyQQuQwdTiUV76iVLstUdQRD/nD0fHBJqadGtUSOt+Ph3d+7eo+qHJYsWUMMGClt7C3ViK1IZX1uVpzrcHkyYGJd3XEtOTp6/cMmE8ePqyMh8Sk6+cvU6b2dcStPfr24QBDFy1Dhb2z4vff2io2POnjlp0a0rze4k9RtGBA01NNTUVMkrMmPW3CWLFqipqWZnf3v46PHFS1cEbh4UHGLv6NS7V8/mzQ1SUlKf+jwjvwXIKp16RUbkYxw3ZtTlK1fJr5UevWwnjndT11CPiIh4/sKXPtpn0FyffOjOnr/wPSdHSUnx/IVL7c3NL188S01kW5Hq9gtn46at5MKDh4/dxo4x/39P+mrl2vUb23bsIgO6E8aPNTYykpKSCgkJPXj4KJlg0gS3qi4jAAAA/OUQIAQAAKildu7Yun37LrLp/G1cHNk0zMl99YpRI4YLzGf3zm3LVqwm27ASEhKppi5Se3PzXTu3ClUwGRmZf06fWLHanZxHLTo6hjdyY93dav7vF+3t7fofP3mK3O+u3Xt37d5LJWump2dn148avIuTvV3/Hbv2kO1lAQGB1Fw+V65dJ19yF7YYAo0cMYxqPhs9agTfNAoKCjevX1m8dAVZnhcvfbmaVtXUVHfv3M7VS2bIIOfr12+SXdCSk5P3/u6rQY725uQ0gGxck4hpUyeTDXlsNnvBoiWcH/Wz7SstLUWF8Sjm5maHDuxdtGQ5ebZv3/G4fceDM8Fa91VOvycxEiqxqWnLSxfOzluwiGwq5YyNkdqbm2/fuklJSZFz5bw5s/xevSLbKDkvPUEQY0aPlJKS+ufseTHO0P/Q32acbaBMBkPr0N6cxWJRjbxWPEPnWVr+N+Ioi8Xq0rkTbyb9+/Xdu3vH8pXu1BnmTXP44L7qFh0kiVD4ZUsXKSkrHTh4mOxbyduCr6ure+TwAepPp4EDoqJiyIqRzWZz7qJN61bb/2XvzuNi6v44gJ8WLYaiLFFDiDZrPLITES3ITnZK9p0I2bLv2WV9eCwPsq/ZeWi3tT2/0iZa1COZFpr6/XFyXDPTNNUk6vN++eN058y9Z+6cc+91vnPOWb/Wytqu0HKyqUpFKhg1c/pUNh9ssVu9fMn3cte1S+fXwcESd7LCbanDiO+DjYp69S7SiZVC7ret0vMrVA9Z6OvXHzJ4IJ068srVazSOS/F4vPnzZi9fsVr8XcbGRq3NzOhQ0ajo6L37DtDte/bulx4glOMzTDEsdllIb3/BwSGjx07gvjR3zqwjR48VdD3n8/m1atYMCAw8fuKkyEuDBw1Y4bZUZGMxPmPjxgaTnCbu258/V7DnocPsJW1trc0b148d70gkGT3SgS1ey26mAYGBgUHP27Q2K/hk5Ptln3By5LqarNxpa2vT23pcXJx4G2nfznzK5EkFvBUAAABAPjDFKAAAQPlEl7GRorK6utsy12NHDlp068om7qMdWH3tbG/duDJ6pEOhPxsnhFSrVm3Prh1r3Vdx+3R4PN4fbVq7LJx/8sRRPV1dkbfwKlcW280PatTQ3rd75+aN683N27KJy+hue/W0PHLowCHPfVWr5kd91NXVDnvut7Huzd2Djk5tlwXzrl72chg+lO5B+cfRFdraWocP7mPTCdIty92WTHL83tlXpGIUKvHbnJytWrbgjhIQoaere/zooRVuS0UOamRoOH7cmNs3rol3myorK588cWyKsxM3f6uWLebNnXX82GGLbl25H1Oc6o8LBUnXqGHDv0+dYON+qObNmu7y2LbLY5t9/375RVL64VdoVr163rx22b5/X+5MWXw+39bG+vqViyMdhisoKBQvc9s/2ty8dtnJcYJIkf5o03rJYpeTJ47Wr19P5CPUq8e/fuWSyPC7rl0679i22W2pq9W3UXdqqhJW/Sm06oqQXs26de3S26rXtw8o2kzEKSkp9etrS9POkxwrq6uLZKisrj5h3Fia7m3Vq1KlShL3Y2tjffvm1SGDB3InXCWEGBg0mjVjmr/PE/GhhwUp6DpT6PWHk7OQ6sf9uotReBUVldkzp58/e9rSsjv3QkdHoa11X3Xr+mWDRg3ZRiUlJbdlruvWrGZLedHqNGf2zL+OHzMwaMSWQpRi5vSpt25csbHuLXLE1mZmp08enzF9qkj+YrR6RsoJlL4gn5raD9+RHC93UyZPOn/2tHUfK7YfupPTJ4+zyUWpol69i3piJX7S4t22JCqw/hflolq5cn5DVi1gpbFSqh4yZpO9Fi1b4jp1ijP3VR6PN3qkw51b10c5jKCnWuSipKCgsH3rJpFlAkePctjlsZ2IETnbJXmGKeqVXET/fnYb1rmLVEJLy+6XL5yb4uw0eNBAibWOEDJ65Iijhz3HjxvDvSm0b2e+bs3qdWtWi1en4n3GBfPmbN+6iXsDbaCvP3qkw/Urlzp36ljQFaxjh/Zr3FdyK5iBQaMjhw7IEh381Z5w2INcazOzUo2dF68icetGT8seD+97jx83RuSOxufzN21Ye/SwZ9mODAYAAICKQIG78goAAABUWKmpqUnJyXw9PW4XTFEJhcKo6Bh1NbW6deuIdOsXW15e3vv3CZ/SP1XTrFazZg0pfSUCgSDu7ducrzna2to6OrVlKUBubm5SUvLHtI/aWtoSZ8QqRjEKOlAf2350nIrH9q3ik0MWdNB3795nZmXVr8cvKNgjIiEhMflDskEjA+7qdKUhNTX1bfw7FZVKtWvVql69epHemJScXK9ePfH4Vgkz5+TkxMTGqqio6NatK0tsWygUxsTGfvnypbGBQan2wUmvZgtcXM+d99qwzn3gAPvSK0NBMjIzY2NjVVRUamjXEBlq+esrRuH/+++/9+8TqmpUraFdo9A2Qvdfv179krSmj2lpMTGx1atV09WtK0s1K0arl7sSXu64+3n79i1RUODr6UnPWYyrd1FPbEFK47ZVen6F6iHdly9f3sbHf/qUrlW9et26dZSVZZqy6OPHj4lJSepq6np6urJcvcXJ5RmmSIRCYWJiUmJSkoZG1To6OpWLGCtKSUn977//GjTQl732FvUzpqV9iomN1dOtq6WlJUN2Qm+jb9/Gf/nypW7dOmyFyEL9gk84cW/fZmRkGDRq9BsF2DIzs6JjYpQUFfl8fmk/wgEAAAAwCBACAAAAlLoHDx+NnziJDiB78vDer9mxCz9fWHi4jZ09j8d7+vj+T+vXBgAAkBc84QAAAAD8vjDFKAAAAECp27N3P02MGzsafWdAff782XnKDEKI+6rliA4CAMDvCE84AAAAAL8vBAgBAAAAStfzFy/9/ANoesigQWVdHPhVvI2Pj4uLc5w43s7WpqzLAgAAUGR4wgEAAAD4rcm0JAAAAAAAFNvBQ4dpYsjggdrasi4FBOWekaGh17kzzZqalnVBAAAAigNPOAAAAAC/NaxBCAAAAFC6Dh0+mpuXq6aqZmtrXU1Ts6yLAwAAACAHeMIBAAAA+K0hQAgAAAAAAAAAAAAAAABQgWANQgAAAAAAAAAAAAAAAIAKBAFCAAAAAAAAAAAAAAAAgAoEAUIAAAAAAAAAAAAAAACACgQBQgAAAAAAAAAAAAAAAIAKBAFCAAAAAAAAAAAAAAAAgAoEAUIAAAAAAAAAAAAAAACACgQBQgAAAAAAAAAAAAAAAIAKBAFCAAAAAAAAAAAAAAAAgAoEAUIAAAAAAAAAAAAAAACACgQBQgAAAAAAAAAAAAAAAIAKBAFCAAAAAAAAAAAAAAAAgAoEAUIAAAAAAAAAAAAAAACACgQBQgAAAAAAAAAAAAAAAIAKBAFCAAAAAAAAAAAAAAAAgAoEAUIAAAAAAAAAAAAAAACACgQBQgAAAAAAAAAAAAAAAIAKBAFCAAAAAAAAAAAAAAAAgApEuawLAAAAAPIRFxe33/NQVlb2sKGDWpuZyWu32dnZ/zx9FhH55u3bt7Vr127dqqW5eVt57fz3VUpn+xeRkZGx3/PQmzdvLLp1te/fj20XCoXtO3XNysomhHidO92oYUP20vSZsx88fEwIcVu6eOAAeyk7nzx1xpN/nhJCFsybM9JheCl/lN/Yx48fu1j0JISoqanevnFNU1OjrEv0WxoybGRYeDghZOP6NVa9epZ1cSquvLy803+f/eefp00aN54wfpy6ulpZl+i3ERMTe+u2d+SbNxERke8TEqpUqdKhfTu3pa5lXa7S9eyZz9nzXlWrVHVynFCnjk5ZF+d3VdCzyrHjJzZt3kYIsbHuvdZ9VZmWsRRJuezI/tAiC7k8E548dWbt+o2EEItuXbdv3VTCIgEAAADICAFCAACA8iAvL2/chElR0dGEkPNeF/55fL92rVol323Q8xfzFyyiu6V6dLdAgLCUzvavY/3GzcdPnCSEXL12Q0NDo0d3C7o9Nzc3JSU1Py3M5b4lOfmDQCAghHz58lX6zrOysmjO7C/ZpfYJyoO8vDx6ogQCQWZmJgKExZP2KY2exq9fC6mZUKqu37jlusSNEHKV3EhP/7zIZX5Zl+g3kJmZ5Xnw0LYdO3/cnFhW5flp4uPfOYweR9O+fv5XL3uVdYl+S1KeVdI+prH7S1kXsxRJuezI/tBSKHk9E3769KkifCkAAADwq8EUowAAAOVBWloaN4wXHR1T8n0mJiYOGjKcu1sej2dsbFTyPf/6PqalDRoy3MraLiIiUvzV0jjbvxR//0CWDg0NK9OygKyOHT9hZW23cvWasi4IVFD+AYE2dvZDho3MyckRf/X58xcs/So4+OcW7Xe1cNFibnSwVcsWfe1sx48bM27s6DItlxxIry2hYeEsHRYenp2NX5MUR7l/VimUHC87c+cvtLK2u3DxsvhLv9d5lt70AAAAoALCCEIAAIDyQFNTk8/nx8XF0T/169cr+T43bNpCEzweb8vG9V26dFJRUSn5bn8L4eH/Bj1/QQhJTEoyMGgk8mppnO1fiplZSzorIyHEyNCwrIsDMrlx83brFN+FAAAgAElEQVRERGTVKlXKuiBQQT175kOvG1+/5igri/43s3nzpixtamL800v3+7ntfefqtRs07TBi2LSpk2vVrFnWhZIb6bXF0LAxSxsYNFJVVf3pBSwPyv2zSqHkddn58uULDQ1yA4HM73WepTc9AAAAqIDwQAAAAFAeKCgoHDvseeDgoczMzGFDh9SuXbvk+7ztfZcmVq1ws7TsXvId/kbevXsn5dXSONu/FJcF87S0tKKiorp26VzRvvrfV0RERFkXASq02Li3Ul61se7z+fPnJ/88bdK48cQJ439iuX5Xu/fso4ke3S1WLl9W1sWRM+m1ha+n9+fRQ+fOe2lU1XCciNpSTOX+WaVQ8rrsJCRIm9f39zrP0pseAAAAVEAIEAIAAJQT9erxV61wk9fePnxIYYugdOvaRV67/V3EFdaBIt+z/avh8XizZ04v61JAEWRlZbHlIQHKhPSJ9RQUFIYNHTJs6JCfWKLfmFAofPnqNU3PnD61rIsjf4VOw9ihfbsO7dv9rOKUW+X7WaVQ8rrsxEv90djvdZ5/8RlQAQAA4OfDGoQAAAAgQfKHDyytqalRpmUpA7HfpooC+C1IH98A8BNEx0iYfA+KhzuKvUED/TItS6lAbYHfSHx8IQHC3wiaHgAAAIjACEIAAIBywtfP/+69+4QQwyZN7Pv3Zdtve98JCAzSqV171MgRSkpKyckf/PwD/AMCgoKe6+joNDU1sbLqZdCoIcsfFh4uEAiiovJ/Yszj8QICA9mrNbRr1P9xeRVfP//g4JDQsPDY2Njq1aubGBsZGxl16Ni+srq6SAnDwsMvXLysoKAweNCAhg0aZGZmnTh58smTp3Fxb3V169rZ2gwaaM+yqaqqjhs7upqmZkxM7KPHTx49efJf6sfGBo3GjB7ZpEn+6kRvoqLOnvMKDQ1LSU1t0tjAyMhw8MCBBYUzk5KT/fz8Q0PDQ0JD49+9MzI0NDE2GjjAvkYNbW62tLRP7xPev3odTP8MD/9XTS1/9SNFRaVWLVtIP9tMRERkQFBQWGj4m6goQoipqYlhkybtzP8Qn3sqIyNjx87dhJD+/eyMDA3pwJGAwEBfX/+PH9NMTYybN2/W185GSUmpgG+eJCYlHT5yjBBShcebMH6curqaaGEi35w6fUYoFFr1tGzXzlzk1by8vCNH/0xMSlJUVHR2ctTQqJqQkHjk2J+EEDU1tVkzphV0XLlITEry8/P38w94+fJVvXr1WjRv1t2im75+/YLyh4WHP3/xMjg4JCoqWk1NzcTEuHmzZj26d1NQUJB+oHfv3h87foIQoqiouGDeHPEMtKUQQjp36tixQ3vuS+np6V4XL4WH/fu/iEgVlUrGxkZNGjfu2bNHNU1N8f1kZGT889QnNDT01evgzwJB/Xp8Y2OjHhYWurp1CypbTEzsUx+fwMDnL16+5OvpNWvWtEvnTjKuY5STk5OQmPjoyZP8on7+zG2wenp6tWvV4ubPysp68s/TsLDwkNCwlJQUPT1dY2MjE2PjduZtCz2HjK+f/8OHj/8XGfH+fUKjhg0NmzQ2M2vV9o82EjMnJib6+vkHh4SGh/+bm5vbpEljI8Mmffr0Fr9EHPA8lJKa2tqsVU/LHoSQyDdv/AMC/fz8IyPfGBgYmBgbDbDvX1AD/5iW9vjxk+cvXgYEBFaqpNKyRXMzs5ZWvXrK+IlYM+zQrl2XLp1yc3Nv3Lx9+crVN1FRmhqa7dq1neLspKb2vWXl5ub6+voFh4a+fh3y/v37WrVqmhgbt2/frkXzZhL3HxMTe+XqtYjIN9HR0TVr1jQ2NjI2Muxp2UNiu5a9CtFKq6qq6uzkqK6ulpCQePjIsaDnL9I+pTVs0GD8uDH+AQFpaZ8UFRV7W/Vq3qyp+LHoYLWDh46k/vefoqLiJMeJ3DMcEREZ9PxFSGhocHBoVnaWqYlxixbNB9r3r1SpEvdUfEhJiYuLY2NYA4OC2GWzWrVqjRo2pNeZLVu3f83JIYSMHzdG4nJ6Rb2bsNtERmZmQEBgQGCQr59/JWVlU1OTjh3ai7Ri6QQCwTMf39DQsFfBwUmJSY0bNzYxNmrdulWzphJOWpEaUQlvwYSQ0LCwgoqtqaHJXSW30PrwR5vW4kUKev7in6fPnvzzVFFBoUWL5hPGjdHS0qJfma+f/6XLVyMjI3Nz8wwNG7ds0bx/v74F3YzkWFsIIWfPeUVERhJCeln2MDNrJX442WtLyW+y4juUsYWW7fOMLM8qEhXpCi8d96qenZ39zMf3yZOnfv7+NWvW7Ny547Ahg2n1yM7Ovu1957b33fj4eB6PZ2xsJH4j5pKlssl42ZEuMzPrfcJ7Xz9/+md8fDz3DmtibEKfuAo9zwkJif4BASGhYcHBIdnZ2cbGRsZGRh07tJfyYCAi6PkL7zt3hUKhgoLCJKeJ3McPWZ6LZG96RX3mAQAAgN+dQl5eXlmXAQAAAOTAY+fubTt2EkJsrHvv2LaFbV+9Zh2NHh07cjA9PX3q9Fni712/1p0G5wghI0aN9fHxLegoIx2Gr3BbStPJyR+WuC33/rZUIRefz9+6eQMLp1G3bntPnjqDEDJt6uRJjhPsBw2NiIhkr7Zq2eLsmZPcbNOnTWnUsMGsOfNFdn7lkpexkeGx4ydWrHQXeUlbW2vvLg+RzsS8vLxz5y+sXL2GTZrK8Hg8j+1bunbpTP88fOTY6jXrCvrsPB7vZZAfTRd0tgkhX7582bl7767deyXuZMM694ED7LlbUlJS27bvRM/AwQP7Zs+d/+DhI5F3mZu33bZlY0F9W1++fGlj3pF+urXuq4YMHiiSYcasOVev3aDfy/07N0VeDQwMGjzMgaZfvwhUV1fz8fEdMWqsyEcmhHz9+tXINP87vXH1UuPGBuylYSNG+fkHEEJWr1w+fJi06bzGTXB6+OgxIWTxogU6tWvPmDVXPM+eXTt69bQU2Zidnb11u8cBz0Pi+Tt17LB61XK+np6U47589dp+YH7BIv8NEc/gvnb9ocNHCSEjhg/lzhV289bt+QsXS6w8a1avsLHuw+2De/Hy1czZ8+IkjUBdvXL50CGDFBVFJ/C4fOWqeCUnhDiMGHbir1M0/eThPR0dycsaNWpiUvCHFv06goNDZs6eFxUtYQBB1y6d165ZJRJNFJeenr7AxfXWbW/xl6z7WC1xXSSyB68LF+ctWCSemc/nr1+72rztH9yNVtZ29JrwItB3337P3Xv3i7xLR6f2Lo/tLVs0F9keEhLq6DxFfBhlr56WT/55Sr+77Vs32dpYF/S5uM3w7JmTC1xcz5334mZ49dy/cuXKNJ2YlOSyaAmtxiLGjB45b84slpPatmOnx87d4pmNDA3XrlklErcrUhXiXt5r1NC2tu3PzT91inN6evqxP0/QE3739nXx6kcIuXrtOm2GPB7P9+kjGgfNzMza7rFTYnMzNTXZsXUzi+I7OU+9c/eeeDaKXSGlXD1KeDex6dPbafI08TM2epTDYpcFIgEDiV6+ej1j1lyJ53ykw/AF8+bweDy2paiNSL63YBGWlt337d4p8VgS68OcWTO42Q577r/34AGtIYyOTu3bN68pKSq6LnXzunBJ5Iitzcw8dmwR+Yxyry3S7ylFrS0lv8lyFamFluHzDFXQs0pB24t6hS8Uu6o/fnB35ux53Oga3afH9q0JCYkTHJ3DwsNF3jti+NBlSxaLNGHZK1vJH1pevw7uN2CwlE/H9inlmZAQ4nXh0rwFLhL3sHL5suHDhtA6s2+/54ZNWwghFt26eu7fw8327JmPw+hxNO0wYtgKt6X0wUP25yLZm16RnnkAAACgHMAUowAAABWF69LlrGuSx+NxezwXLnINDs4PmRh++z27RKynJiQktEevPtweOj6fz9JxcXGDhgw/dfqMxJ18+JCyyHUZNzpICDE2NhLJ5rFzN+tN09bWYtvdlq+6cfMW603jvpSSkuo8dXpGZibb8vnz5wmOzgsXubLODm1tLfbZBQLB+ImTWFxBVVVVymeXhUAgsB84lBsd5B6OELLAxXXu/IUS3xv0/EW/AYNZxyX3c/n4+C51W1HQQVVUVHpb9aJp7zuifaaZmVk0Oki/l//9L0Ikw917D2jC1sZafPRh6dm+Y5fE6CAhZPLUGSKdv58+pQ8YNIz1gvH5/B7dLVqbmdE/Hz/5x8bO/uPHj3IvZEhI6JRpM1nlad/OvFPHDvQLFQgEM2fP+/AhhWX+++z5AYOGso7j1mZmPbpbsMDekmXL94hFvHbt3svtMubxeEaGhjTNooPScWuXdF4XLva1H8QNbHDb7IOHj3pa2bx4+Ur6TlyXurG+4wb6+j26W5ia5kcor12/efDgEW7mBS6uLDrI4/E6dezAzl5cXNyIkWN8fP3EjkAIIf0HDGHRQW5DSEhIdHKewm3ghJBHj5/Y9R/IjQ6amprQo9y67S3eyyndh5TUk6fOiEQH+Xw+i/m9fh3c08qGRQeNDA179bRko7iOHjvu5DyV+xPMv06eZtFBbW2trl0601FcdNjHosVLuQcqRhWioqKiJ00WXTe0SWODoUMG0XRcXBztDRd34uRpmhjpMJxGByMiIu36DeB2OnPj08HBIVOnzxIKhfRPNgal2EpyNzl56nQf237sjHFry7E/T8jSiM6d97IfOIQb7zEyNGTN6viJk7PnLmAvlaQRyeUWLKOC6oPIlnETnVh0kJUnISFx/4GDGzdvZdFB7rcfEBi4fMVq7k5+o9pS7JssU+wW+vOfZ4qnSFf4IunUtTuNDnJr/rXrNx8+fMyNDnLPwF8nT5/88assUmUrORUVlZLvZJHrUm50kHuXJ4QsW77yyNE/pe/h5avXLDrYv5+d21JXGqIr0nORjE2vSM88AAAAUD5gilEAAICKgnZpTXKa2K+vbWMDAwUFhfsPHs6cPY92BGzeuv2Q5z5CiNtS11kzpvv4+tKfvRNCrl72YnFBndq16VRFy5avZD0Imzeut+rVU11dTSgUhoSGTp+ZPxTDdenybl27io98Yp13w4YM/uOPNnl5uZGRUdZ9rCQWe6nrIjtbG21trbi4OOcpM8LCwwMCA2k3U/t25uvWrtbT1RUKhUePHXdfu572qZ04cdJx4nj6diUl5dfB+fOFzpk9c8SwIdWrV6c/x3aaPC1/aJHHzrXuqwghQwYPbNeubV5env3AofSldWtWm5m1zN+VYuHzj+3eu5/1c01ymug0cXy1atUIIe/fJyx1W3Hv/gNCyIWLl/tYWVladpf4HTXQ11+8aEGb1q01NKqmpX1a6rachve8ve8+f/FSfOwUZdXLkoY07ty9l5mZxY3zPXnyDzen9927ImN3bty8RRMsyvhz0DO8eNECy+7d69evl5OTc/XajTnz8vvit2736NHDgv1QfdfuvfTE8ni8TRvWsvGFiUlJc+ctfPrMRyAQbNy01X114T28RbJ95y6a6NSxw/atm+i3mZOTc9v77qnTZ/ra2dSsWSO/JImJLouX0HRfO9ulri50mj46V97CRa6EkC3bdtjaWLNJemNiYrds20HTDfT1d+3cZtikCR0Sev7CRdclbmLFkcD71rX09PTr129u3e5BYxs7tm9mr9bQzi9eUnIyi9Xp6NT22LalRYvmSkpK2dnZd+7enz5zNv1Glrqt8Dp7uqCp9kJCQlmweZfHNlZh3sbHHz12PCYmdrKzI8t85+49FmabN3fWxPHj2FRyGzdvpQOYXJe4XbtyQbwTlgZg3Fev6Nq5c506OkKh0PPgYTq0IiUl9cRfpxwn5PeW5uTkLHVbyd64b/dOC4uuSkpKubm5AYFBExydixogjIuLW7JsOf3Gra178ypXjomJbdCgAX1VKBQuXupG92lqarJhnTvr6g16/mLajFkJCYlPn/lcuny1X19bmn/dhk00wySnibNnTqcnIT09/czZc3fu3ndZMI8duhhViHFbsYq2jgnjxxo0apienh4b97ZTp47VNDVbm5nRC+bfZ8+JDNmkExuy8WpDB+dHE4W5QvoV6OjUnj93Tp/evVRVVXNzc0+cPEWDQ2Hh4ZevXOvfz44Qsmb1ypkzpr19Gz9+4iT69ssXzql+64yuUlgAu4R3EzpdXo/uFpOcJjRr2lRFRSUiInLm7Hn0crFl244hgweKDOjkSk7+sMDFlaa1tbW2bt7Yzrwtrf+BgUEbNm3x8w+YOX0qzVDCRiSXWzB1+vTZg4elhWoKqg/iOXk83tbNGzq0b6+urvbP02fOU6YLBAIW0h43dvScWTMqV678+fNntxWrLly8TOPuQc9fsFF6v1FtKclNtoQtlPqZzzPFUKQrfDE0b9bUbdmSZk1NFRQUjh47TidsGDfRib66bs3qAfb9lJSUYmJip8+aQ0PmmzZvGzTAnjXhIlW2kmvSpPH9Oze/fP26fsNmOvxuxPChY8eMYhmkz1tAfzRw5u9zNN2qZYv169wbNmigoKCQk5Nz89btNes2VKqkMnjQACl7+N//IkZ+iw5aWnZfv9adXVuK9FwkY9OT/ZkHAAAAyg0ECAEAACoQkZkbLbp1XTBvDu1JfPDwkVAopP0Ompoa3J/kGzRqpKz8wzPDxUuXg56/oOnzZ0+zZbeUlJSaNW168fzf1nb96M/YN27esnnjeomF2b93V4/uFtILvG/3ThZI4/P57qtXDBw8jP6pra21y2M7XaFHSUlp/LgxQc+fX7t+kxDi4+vHOtTU1dX+PHroyZOnvXpZ6unqsj23a2e+aOF8Gglg0y4pKys3bNCA/tSa9rXVrVuHuy6LdG+iovbuO0DTixctmDBuLHupTh2dfXt2zpozj5bQbeWqTp06cJc0o7p26bxtyyYNjar0T01NjQ3r1jzz8aWd4M+e+RTUd9mh/felenz9/LiTjN24dYub8/qNW5MnObE/o6Nj2GiYLp0ldB+XqkOe+1hRlZWV+/W1VVZWosMKw8LDHz56TF+NiIj0PHSYZtuzawd3XaLatWrt3rmjU9fuAoHg1Jm/nRwnFNQzWzxPn/rQhMvC+bSnjBa1T+9efXr/EE+l4StCyB9tWm/asJYbHhg00D4lJYVm2LVn34Z1+YNFPHZ9H1h2/uxp9r2rqKgMGzK4dq1aE50mF1rCWjVr1qpZk61tqa6uJrHGbtq8jSZ0dGpfvXyBrSSkqqpq3ceqfr2zfe0H0REY585fEJ+llnr5+jVN9OppyQ0n6+nqui76YVxsVlbWKvf82XqnTZ3MrXKqqqpLFrtERr55+OhxVHT01WvX7fv3EzkQn8/33LebDctTUlKa5DTxdXAwbT6PHz9hAUKvC5fYaJ6L5/9u2tSUphUVFf9o0/ralQvWtv2LGiMkhEwcP26Ri4R5X8+dv0C7rXk8nuf+PdwJCVu1bOGxbQudrdd97ToaIIyKjqFH5/F48+bMYnMPVq1adcK4sdxLRPGqEBePx7t+5aL4ilajRg6nEQivC5eWLHZh1Zg6ey4/iNulcyfWdgybNPHcvycxMdHO1oYN91FUVBzlMMLPz5+GEB4/eUJ74atUqVKlShXupHMNGjSQfSxyye8m06ZOnjFtCjtdBgaNNm9aZ2NnT8N1YWHhElewo1gb5PF4ly+e506faGbW6tRff7LbolwakbxuweJLzYkrqD5waWtrnfrrz4bf4t8d2rebPm3KuvUb6Z9du3Resjh/5FOVKlXcV6149PgJvRkFBAayAOHvVVuKfZMteQv9yc8zxSD7Fb4Y2rcz37dnJ6sh48aOfvT4CRvN6bJgHouT1a9fb8M6d9aE/xcRyb7oIlU2uaAtkVUYLS0t2Z8JhULhqtVradrcvO1hz31smgplZWUb6z59elvR8he0h7i4OIfRY+lNpH078+1bNrFLQVGfi2RserI/8wAAAEC5gSlGAQAAKgqHEcPE13Xr1ev7lnfv38u4KzYpWa+elqzjhtHU1JjinP8L5QsXL6elfRLfw8AB9oVGB/l8vsgwu5YtmrMuob52trQ3jbHq1ZMmIiLfcLcbNmkyftwYbm8axUJTKSmpnz9/ll4YWXh5XaQJbW0th+HDRF5VUlKaNjU/3kOHGYnvYa37StYPRampqdn06UPTMbGxBR1aXV2Nra92//5Dtj07O5tOE2dqakInNgwODol7+5ZluP8gP7OlZXfZJ6uUizmzZ4qslkRHMbIZxtj8k3TYCu1P5/aCURoaVSeOzw+0/Pu//5VSaUNCJCxbyAgEAlbIRS4LxAcPjR41kiZevHxJEx/T0tgMftOnTRH53mltl1PZiUAgYIP5nCc5ssAGY2pqwobwHv/rZEH7+fr1K038738RmZlZUo7o6+tP43Y8Hm/q5EniGZwcJ9BESGiY+Kvz585i0UHG+ltDiIj8Pjsxm5ytV09LFh1k9HR169TRkVJOiRro68+eJTo9I3XyVP5snDOmTxFfrszMrBWd3i0lJTU1NZUQkpOTf8YEAkFc3Fux/X1XjCokYoXbEonRoJ6WPVjTvnz1Gvel7Ozs4yfyv+4Rw4dyX7Lo1nXY0CHi14Selj1oIvLHy2yxlfBuwufzZ8+cLnK6jAwNG+jr03Rswac9MzOLzUHqPMlR4uJqbM8lb0RyvAXLoqD6wNWntxWLDlKdO3Vg6WFDf1h9TU1Njd1kY2J+uBn9LrWlJDfZErbQ3+J5RvYrfDGMGD5MpIZ0t+jG0gPsf1gv08jQkMXIRZZ7/GmVreR8fP3YD7DmzJohPom9oqKilOhgYlLSqLETaei6ebOm+/bs5P6qrLSfi6Q/8wAAAEB5ggAhAABARcH94TBTQ/v7QITkpGRZ9pOXl/fyVf7PzAsaadTXzoalY+NEe9x4PF6xf43OuvtFujW5L4l0JxWkdu3v3cFJyTJ9dun+jchf3m/gAHvx0YG0a48t5xMVFS2egUj6jup+6+SVvrYQ60+8ev06WwLt2bfJA2369Laxye8DpTOdUre879BEHyvJU7yWHokr4igpKbEP8vZbIJN1b9WpoxP0/IX4v0/p6TQDN3QkF2yUzAIX1w2bthRUtbjfpjAnR7yEbOLZiIjInJwckR72vra28i22CFmONWhg/uiN4OCQ3NxciXlMjY1pIio6etCQ4be977AOZRGRb/K7aPX16weHhIqfkI8f02iGf/+V0HepoCDhPymsgSckJNIanpuby06s9FnaisR99QqJ7Tc3N5dd+niVeRKrIstM+4W5Y03s+g888dcpiUGL4lUhLnPztuIDMSk1NbWRDsNpmoUDqTt379OxKdraWhbduhZ2YgghhI1VjX/3Tpb80pX8blKQevXyowuJiQVeNrl7GzTQXvoOS96I5HULloWU+iAdN0qqX7++yKt169ahiffvE2Ta2y9YW4p7ky1hC5XoV3uekf0KLxc636oHj8fjLj1I1WdNOClJlr3Jt7LJBaszDfT127Q2k/2NQqEw8s2b0WMn0G/fwKDR4UMHRGKipfRcJOMzDwAAAJQnmGIUAACgQuP+eDmP5MnyliROZ41uXckDFKpWrcrj8WjXc3R0TLOmTbmvamlpifxYXnaV1dVpQnxmJPGVzMTl5uampv6XmJj4PiExSbZeJ9mFh+f310hZlqZRw4Z0isLIN1Ey7pYF0goK21BsgtCUlNSw8H+NjQy56wv27NlDTVWNLtJz7dqN0SMdCCEfP35ky4/JGB74CVgPNRtxFfztl+x/nTz918nTUt77Ni5evoWZ4uz0+Nsijvv2e+7b79m8WdN+fe1srPtwV+Lhfpt0kkkpEhOTdHXrsn43Ho9X7OYgIzaIQcqxdDlDUhISElkkgKtFi+ZdOnd6+OgxnQPWecp0Ho9nY927n53tH3+04Q6piYjI75EMDg4ZNGS4lLLJ3nfJHX6Rl5enoKCQxAmoFDpYSnb6+qJxEYobFKGz+Unx9u271mZmlSpVmjN75pat2+kIpGXLVy5bvrJHd4u+djY9unfnXsSKUYW4WxqLDbjkGjJo4L79nvR74a4e99fJ/PFzoxxGiExiyZWTk5OUlJyYlPT+fULQ8+d0Y1ZWtvRCyqLkd5OCsNqSm1fgZZMb8xMfDypCXo1IRDFuwbKQXh+k4C52KB4mV1Up/Gb0O9YWWW6yJWyhEv1qzzOyX+HlopJKfmWT+Guh7004t8B2UXqVTS7YRaORgayzklIPHz3u1Tv/Vwg8Hu/Po4fEhyyX0nORjM88AAAAUJ4gQAgAAABFE/f2e1+DlP4Cvp4e/UF9bGzZ/wA5Kyvrxs3bN2/dvnXbW2IGNuSu2IRCIQv5SOlrZj/zZz1H8lKlShVLy+7e3ncJIQ8ePDQ2Mvz69StdksfI0JAOUGjerOnLV6/9/AOSkz/UrFmDdQN17dK5tGNUsqtevTpNsHEAbFQHj8eT2JPIiE8yWULm5m337921yHUpneaLEPLy1euXr16vcl87yWni9KlTaMdu8ofvkSrxkRBc1atX19LSIoSwiV6LMQdmUcV8a4NSjsVd1extfLzE2IaSktK2LZvc165ncy0KBIIzf5878/c5A4NGa1evZIu9ccd8SD8h7duZF/0D5Yt/9/1aVGiAp+RSUlNZWvqHqlSpUoMG+VNcTp7kqKSouHHzVvbqnbv37ty9x+Pxli1ZzAauFaMKyU5fv36njh1oez/z91kaIIyOjmETHbOhb1wZGRl37t4773WRBgxKQ9neTVgbZPORSiGvRlRelfvaUqottEhK73lG9it82foJlU0uoqNjaKKuTvEvBQKBICYmVvwGV0rPRTI+8wAAAEB5ggAhAAAAFA33h8yCjAwWzhHxMe1jfv5q1X5W0ST799//jRwzjnV2UHw+v1bNmgGBgfI6ipKSEhu48FkgKChbenr+4kDaWpLPW0n0sbKiAULvO3edJzn6+vnT8tja5k8uamdrQ6dou//g4eBBA257381/Y++fPb+oFB/T8ief1NHJ74hvoK9P46lbNm2w7FHI0pVy16O7xYO73nfu3qMAbjgAACAASURBVL1w8TJ3dtZ9+z3fvn27fetmBQUFtiKUkaHh1ctesuyWVzl/urDs7C+lU/DvtKrnt0Epa1NlCDJYWkq0WFNTY8M6d6eJ4y9cvOx18SLro4yIiBw8zOHC+TN0yA6fnz+IdsK4sYsXLZDfR/mBupo6S3/5UuqnsY7O98jQretXZLyyKSoqOk9yHDRwwJWr1y5euszmSBQIBAsXuWZlZdH5P4tRhYrEYcSwbwHCc4tdFlStWvXsufyjWFp2Fw96Xbt+c/rM2dwtPB6vVs2aqqqqbCrFkivbuwk7uixTMsqxEZU/FaG2lHYLlVFpP8/IeIUvQz+nsskFixN/Spc8s3RBWrVsMX3alFWr19InnwmOzrdvXGFzqFKl91wkyzOPHA8HAAAAZQ5rEAIAAEDRsK5/QkhSouRZrYRCIetXKmi+vp8jJCR00NARtDfNwKDRcrclt29ejfw35P6dm2dOHWfZ5NLfYWJsRBMJCQWuz/Tu26i4Ro2KOQWcFN26daGJoOcvPnxIuXnrNv2zV09LmrDs0Z0mbt66/eXLlytXr9E/f535Rblnj63fZmxsSBNyH3YpI3V1NVsba8/9e54H+KxxX6mjk99Pd/XajdDQMG4lDwsPFwqFsuyzqEtMlQQbIJWQkFhQ8bhj/urx60nfoYFBo3lzZz15eO/C+TMDB3xfvG33nv00wb47ua8KycW+CEJIcvKH0jsQVbNmDbYKVHSMrIvhUTVqaI8dM8rr3JmH97xnzZjGtm/YtIXOaliMKlQk3S26sWFP127c/PLly7HjJ+ifI0eIzgF77rwX64Lv2qXzlk0bfP559DLIz/vWtdWrCplbtUjK9m7C2oVAIMjIzJQxs7waUblRQWpLabdQWfy055lCr/Bl5adVNrlo1DB/acmYIt4vqlWr1rVL5yOH89cdFAgEU6fPEvkRTKk+FxX6zAMAAADlCQKEAAAAUDSqqqp8Pp+mn/n6Sczz4sVLltavX5YBwiPHjtNRdL16Wl449/cohxF0ss3S0KRJY5pgU3eKEAgEAYFBNC3LpHZFVU1Ts2uXzjT96PHjCxcv054+Fq2pV49vampCCLl3/wH7Ybi5eVvuzHhlSygUPnqcf/YafpukseG38nN/zF5UlStXZum0tKL9nJ+pWrXq0MGDrlw8z2ItIaFhhJD69b5Xcv8AmYZxcIejFbX3sKi4HeVBz19IzMNWo9TRqS37HGLNmjbdsM59wbw59E82hIVNsOkfEFjss10o7hCi8H//LaWjcDVpbEATjx8/Kd4edHXrTp825e9T+cE5gUBAJ0IsRhUqEmVl5VEOI2j61KkzDx4+ohdGHZ3aHdq34+bMy8tbv3EzTS+YN+eQ575+fW1L6RJRtncTbrvw8/OXPbN8G9FvreLUltJuobL4mc8zVEFX+DLxMyubXDT8FiAMev5CZNCnLPR0dfft2cn2sMp97Y87l8NzUaEKeuYBAACA8gQBQgAAACiyLp070sTefQcyM7PEM+zzPEgTfD6fO8rn57v/IL/rZMwoB5EeW4klF5GVVXgexrztHzTx9JnPq9evxTOcO39B8G32UboMmNyxyUJ37d5Hj9XXzpabwaZPb5pYu36TyJafLDNDwpCdm7e82Yi6Tp3yq1mHb8vU+fj4FrsvTLduXZYOCQ0VeTUjI+PVKwlfmUTVq1dvZ96WpunaP+rqan+0aU23rFu/kY4Jk471dBNCTv99VjzDib9OyVgeLom1ulatWiwgvf/AQfEMWVlZu/fmDw3p0rlTUQ/KRqBW/jZvalNTUzb0Yd8Bz6LuUEYKCgrNm+XPd3f0zxPiGR49fhIRIc8hjCwAv3W7hyzzUhbEzKwVG4yopqZWvCpUVGwk0MtXrw94HqbpsaNHKSkpcbPFxMSyvuwxo0eK7CSzsJF2hJDsL9myl6oM7yZaWlqsGXrs3C09c2k3ot9UxaktP6GFFqqEzzPFJn6FJ4Tk5uYmJiZ+/fq19I4rouSVreSyinKeTU1MWPrI0WPFOFz7duZLFrvQ9F8nT/999jx7qeTPRbI3PfFnHgAAAChPECAEAACAIpsxbSpn4qOZ3BFCubm5Ozx2eX9b3G7ZkkUivc8/mUbV/IWgEn6ckezDh5RxExzZn3l5eRLf9fjbaLak5GRBwSsLUn16W7Gw3/SZc0WGNHnfubdilTtNO04cX68eX9I+Sop15LFZp6y+zS9KWVrmzzLK4nA9uv/sVf2ords9Ll66wt0SEBjosngJTVt068pOprl5W+s++YHPhYtcH/04eEsoFF69dt2yl/XU6bOkzPymrq7G+ou3bvPgzigY9/bt4KEOfv4B4u+6dv2mx87dHz6kcDempqY++zZUyMgof15Zt2X5JX/56vXCRUtEFip7/z5hkevStu07PX3mQ7doamoMGzqEpvft9+R28AmFwnUbNm3d7lHQZxFXpUoVmggLD6fzHAqFQjYwUUFBwW2ZK03fuXtv0+Zt3BOVnp4+Y9ZcVr1nzZxe0FFSU1M3bNpy5+49ke3e37awr0xTU4MNOtm33/PQ4aMi/enPX7wcM26ilbUdd1bGYhg/bgxNBAeHeOzczT3Ktes3x453LPitxTFhwjg2kGKS81SRoZ8ZGRm79+5v277TAc9DdItQKNy33/P4iZMis8P5+QfQE87j8Vi1LGoVKqq6deuw5s9GAtn37yeSrTLv+1jb5A8/TNz6+nXwrDnzJO6c1UBCyNOn+SWMiYktdDLGsr2buC1dTBNBz1+sWOnOjXZ8/frVY+futu073b13X46NqJypWLWllFtooYr3PCM72a/waWmf+tj269DZonXbDgUNqJW74lU2uahapSpNsJOTkZFR6M2rbt06To4TaHr33v3nzv+wdGVqauqMWXO69bCSPs34uLGj7fv3pWmXxUtevHxF08V7Liq06cn+zAMAAADlhnJZFwAAAAB+PzVqaM+bO2vFSndCyIOHj3r2tu5paVmPr5f26dPTp89efhuJ1bVL5+4W3cq2qC1bNqehsmXLVxJCjIyaZGVlP3r0+MDBw1ICfo0MGtJ3HTt+4mNamoZG1eMnTrY2Mzv11zFFxQJ/X6WoqLjCbWlf+0E0/GZt27+vnS1dhOblq9esX4nH401xnlQ6H5fUqKFtbt6WzXTXQF/fwOCHxQ4bNWxoYNCIDatq1bJFGQ7xnDNvweUrV1u1aqmmpvr6dcily9/jhXNmzeDmdFkw/9r1m4SQlJTUseMdLbp1bdasqaaGxtv4+Os3btJFp6Kio2973+lt1augw02fNsV1iRuNjljb9h/Qv6+SkpKvn39BU8KG//svXe7owMHD48aObvtHGx6PFxkZ6bFrLx3HYG7els2DamxkOHqkA13X7bzXhX+ePu1u0a1Rw4afP3/mfvtLl63wvpW/9KPjhHGnTp+h6YlOk3t0t6hfv967d+8fPX5SaDRaRH1OvNlh5Fgrq56PHj8JDg45duRgxw7tCSGdO3Xs1dPy1m1vQsieffvv3X/QqWMHbW2t+HfvvO/cZat2uSyYV7tWrYKOsmLVGrpupbl526GDB9WvX08gENy8dZsNdhwyeCDLPHzYkJOnzoSFhxNC3Neuv3Dpcntzcz2+bmJC0pN//mFXib37DrgtdS3Sh+Wy7tN73YZNtPzbduy8e+9+y5YtBIKMJ//8wz6UHFVWV1/htmzajFm0UXfv2bt/PzvDJk0UFBQi37xhwzvWbdjUt69t7Vq1/j57bsOmLYQQz0NHJowfY2RoqKCgEBAQuGvPPprTccI4tvNiVKGichg2jEVQ6PBi8Qn6atWsqa2tRWv41OmzFs6fq62tlZr63/UbN/86ebqgPdesUYOlFy5y9fXzS0hIvHXbe/q0Kdw1F8WV7d3EolvXLp07PXz0mF7t/3n2rEd3i3p8vfj4d+cvXKRVyGXxEt+nj+XViMqZClVbfkILla54zzOyk/0K//TZM/oUIRAI9h84uGfXjpIfvVDFq2xywSbNjoqOHjFqbMsWzc+eO5+VlX3P+yb7yYhEkyc5nfjrFP12Fri4Xrl6vU2b1poaGpGRb9gqsB679m5Y5y5lJ6tWLP/3fxHBwSGEEMdJk69dvkiv28V4LpLe9Ir0zAMAAADlBgKEAAAAUByjHEZUUq60ZNly2jfB4hzMsKFDFi0sxR90y2iys5PXhUu0G2vu/IXcl3pb9VJUVKDdKyJGj3Rg3egsahUQGBgY9LxNazMphzM1NTl54tjsufNp1ww34kW1NjPbuH6NhkbVEn+yAln3tmIBwv797MQz2NlYs9Fp1mU0vygt24WLl7mrIVI8Hu+Q5z4TE2PuRl3dupe8zs6Zv5B2Soq/ixAyxdmp14/DJUUMGmB/9ux5OtwhLi5uu8cu9tIfbVr379+Xhg8ZRQVFI0PDsPBwgUCwc9cekb1pa2tt2bieGzBe5DJfQ1OD5kxISBTvsuTz+Xu/LSlEVzXbsM59gcv3YUnck3DsyEHXJW40wFYoY2Oj1mZmdFhYVHT03n0H6PY9e/fTACEhZPOm9Rs3bqGdkmHh4eJ7dlvmOnLEcClHYSsq+fj4sjrGzJw+tf23Sc8IIUpKSkcPe7ouc6NNKTg4hPZvcnXt0lkkElxUSkpKe3d7THB0pt2XL1+9fsmZKnat+6o3UVFsPJ9c9Onda/vWTYuXuNE+X7rSp4g9u3bQEJG2tjaPxxMIBHFxcctXrBbJ1r6d+ZTJP/xWoKhVqKg6dmyvo1ObhbKGDxsiMdtil4X0ahkcHDJ67ATuS3PnzDpy9Jj4eloKCgrTp02hE3UKBIJj32Z89di5e5LjROkL8pXt3WTr5g2LXJfRsF9ERKTInLStzcy2bF7P/ix5Iyp/KlRtKe0WKl3xnmdkJ/sVnjs6sxir6xVbMSqbXNhY99m0ZRu95nNPzum/z05xdpLyRg2Nqn+fPjFj1lx6YXn46DH9OQIzYvjQRS4LpB9dXV1tz84dfWz7CQSClJTUGbPnHjvsqaysXIznIulNr6jPPAAAAFA+4O4OAABQ3qipqUveriqt002EqqoKSysoKIhnUFBQGD5syN3bN+z792UrM9EehK5dOnvu3+O+ajl3LiMuXuXKErcXKZuKioqUV5lGDRv+feqEqakJd2PzZk13eWzb5bGNTa+nrPTDr6Y6dmi/xn0lWySMEGJg0OjIoQPi0UHxs932jzY3r112cpwgctA/2rRestjl5Imj9evXK6i0qrJ9KOkse+TPIqitrdVPUoCwX19b9tFYZomkLDajqir5JRnXp+Hz+YtdFv559FCnjh24G4cMHnjr+hWJUVhTU5NLXmdnzZjGlp2jtLW1RgwfevP6lblzZknvulJWVj554tgUZyfuN9uqZYt5c2cdP3bYoltX7rqAhJDGjQ0uXTjrtsxV5Ig8Hm/a1Mn3vG+KDL5UUVGZPXP6+bOnLS27i4wqMDdvu9Z91a3rlw0aNeRuHzjA/uyZk2xpK1rTxo8bc+3KhZYtmkuM70qkoKCwfesmkZXPRo9y2OWxnf1ZWV3dbZnrsSMHLbp15RaPz+f3tbO9dePK6JEO0k/gzOlTb924YmPdW+TTtTYzO33y+IzpU0Xy16ihvW/3zs0b15ubt+Wecx6P16un5ZFDBw557qtaVUKwnHv9KejzsnSzpk0vXzxv3ceKHUJbW2vgAPtTf/05ZPBAi65d6EbZL4CFNkNbG+vbN68OGTyQe+mj392sGdP8fZ6wDtmelj0e3vceP26MSE4+n79pw9qjhz1FZkEsRhUq0qdTUlIaO3oUTTfQ1+dWPK7+/ew2rHMXKYClZffLF85NcXYaPGigxJbu7DSRzfhKWXTrevvmVfF4j8jV4yfcTaSoVq3anl071rqv4q4Ly+Px/mjT2mXh/JMnjurp6rLtJWlE8r0FS9+njMeSnk1KM1RX/37jK+3aIvLektSWkt9ki91Cy/B5hirwyZCzXfYrfLeuXdigND5fl8hASnXiLm0oqYTfK0DxKtu3AhT/oUVbW+vwwX3cJwRtba3lbksmOU4QySl+ng2bNLlw7m/nSY7c6Ry0tbUsunXdu9tj1Qq3yuqibxFvBbq6dQ8f3EfvcT4+vgcPHaHbi/FcJKXpFfWZBwAAAMoHhWLPUA8AAADAZGRmxsbG1tCuIT5h3S8iNTX1bfw7FZVKtWvVql69uixvycnJefs2/suXL3Xr1pHS4Sh9DzGxsSoqKrp16+Jn1wURCoVv3kRpa2tpaUmbqkvkLTGxscIcYfXq1YtX5RISEpM/JBs0MpA+WkXkiJkZmXp6epqaGrK85b///nv/PqGqRtUa2jUKPYpQKIyKitbW1pKxchbk48ePiUlJ6mrqenq60qtcampqUnIyX0+PG7orwoHS0mJiYqtXq6arW1eWtb7y8vLev0/4lP6pmma1mjVrlMbSpHl5eW/j4wkhfD09ue+8IPTSp6KiUkO7hvSRwZmZWdExMUqKinw+X8ZaV6QqJHdCoTAxMSkxKUlDo2odHZ3KsoXiMjIz38W/U1BUqMfnV6pUqRjHLcO7iVAojIqOUVdTq1u3jpSwHFPCRlSeVMDaUoYttBjPM0UlyxV+gYvrufNeG9a5DxxgXxplKEjxKlvJ5ebmJiUlf0z7qK2lXbNmDRneIYpW11L61or0XFRo0yvGMw8AAAD8phAgBAAAAAAAAAAAmYSFh9vY2fN4vKeP7yNADgAAAPD7wi/ZAQAAAAAAAACgcJ8/f3aeMoMQ4r5qOaKDAAAAAL81BAgBAAAAAAAAAKBwb+Pj4+LiHCeOt7O1KeuyAAAAAECJYIpRAAAAAAAAAACQyctXr5s1NZVlqU4AAAAA+JUhQAgAAAAAAAAAAAAAAABQgWCKUQAAAAAAAAAAAAAAAIAKBAFCAAAAAAAAAAAAAAAAgAoEAUIAAAAAAAAAAAAAAACACgQBQgAAAAAAAAAAAAAAAIAKBAFCAAAAAAAAAAAAAAAAgAoEAUIAAAAAAAAAAAAAAACACgQBQgAAAAAAAAAAAAAAAIAKBAFCAAAAAAAAAAAAAAAAgAoEAUIAAAAAAAAAAAAAAACACgQBQgAAAAAAAAAAAAAAAIAKBAFCAAAAAAAAAAAAAAAAgAoEAUIAAAAAAAAAAAAAAACACgQBQgAAAAAAAAAAAAAAAIAKBAFCAAAAAAAAAAAAAAAAgAoEAUIAAAAAAAAAAAAAAACACgQBQgAAAAAAAAAAAAAAAIAKBAFCAAAAAAAAAAAAAAAAgAoEAUIAAAAAAAAAAAAAAACACkS5rAsAAAAAv5a79+7PmjOfEKKvX/+S19myLk65de/+g5mz5xFCWpu1Onxwf+kdaPOWbUf/PEEImeQ0cerkSaV3ILn4vUoLZeXZM5+z572qVqnq5DihTh0d8QwfPqT4+vlHRkampv5Xrx6/S5dOjRo2LIuSgjwdO35i0+ZthBAb695r3VeVdXEACpGamtqthxVNe9+6VqtmzbIu0S8qJSU1LDxcfLuWllbdOnU0NTUKeuOr168dRo0jhFStWuXJw3ulXMxfRXp6+qXLVyMiIv8XEREVHa2upq6vX3/TxnXVNDVFcgqFwvadumZlZRNCvM6d5t4Hp8+c/eDhY0KI29LFAwfY//QPAQAAAL8KBAgBAADgBzk5OQKBgBDy6VN6WZelPBPmCOl5joqOKdUDZWVn0wMlJCSU6oHk4vcqLZSJ+Ph3DqPH0bSvn//Vy14iGc6d91qxag2tSNQS4oIAYTmQ9jGNfq3cLxfgl5WX972u5uXllXVxfl0vXr50nDSloFd5PF7TpqaTJzl27tRR5KUMQUaFuhrk5eVduXptlfvalJRU7vao6Oi83Fzx/Lm5uSxnrvCHDMnJH+ip+/LlaymXGgAAAH5pmGIUAAAAAECe/AMCbezshwwbmZOTUzELUKpCw74PNAkLD8/Ozua+evfe/QUurtwuY21tLX39+j+3jGXv2PETVtZ2K1evKeuCAJSB8n0NrGgEAoGPj+/Y8Y4jR4+LiYkt6+KUpZOnzsyaM5/F/IwMDXv1tBwzeqTzJEcNjQLHWQIAAABIgRGEAAAAAADy9OyZD50t7evXHGXlMnjeLvMClCpDw8YsbWDQSFVVlf355cuXpW4raNrU1GTt6pVGRoZKSkplUcwyduPm7YiIyKpVqpR1QQDKQPm+BpZvjhPH0wtXjlAYH/8uOjomIDCQvvT0mc+UaTO9zp1WUVEp62KWgXfv3rMbnLl52yWLFpqYGJd1oQAAAOC3h2dlAAAAAAB5io17W8ELUKr4enp/Hj107ryXRlUNx4njuS9FR8ckJCTS9M7tW+vV45dRGcteREREWRcBoMyU72tg+TZ29CgdndrcLWHh4StXr/Xx8aXp7R675s+dXXYFLDMnT52mCW1trb27PDQ0qpZ1iQAAAKA8QIAQAAAAAECeokt5XclfvwClrUP7dh3atxPfHhUdTRNGhoYVOTqYlZUlskIVQIVS7q+BFYqRoeG+3R69bfrS33/8efyvihkgZNNrT3GehOggAAAAyAvWIAQAAAAAkKfomOgKXoCykpScTBMVcNFBLjaMEqBiqrDXwPKqatWqM6ZPpWmBQJCYlFTWJSoDL1+9oolGjRqWdVkAAACg/MAIQgAAgN/e1u0e2dnZykrKgwcNqF+/nsirAoFg1559mRmZhkZNhg0ZLP527zv3/AMCCCH9+toZGxmKvJqRkfHMxzco6HlA0PNKysqmpiYdO7Tv2KF9QYVJTEz09fMPDgkND/83Nze3SZPGRoZN+vTpXVldXSTnAc9DKamprc1a9bTsQQiJfPPGPyDQz88/MvKNgYGBibHRAPv+mpoahX78kuwnNzfX19cvODT09euQ9+/f16pV08TYuH37di2aNyvocBkZGf889QkNDX31OvizQFC/Ht/Y2KiHhYWubt2C3hL0/EVAYGBAQNCbqCjDJo2bNWvWp3evQj+X7GeSysnJefT4yctXr/38/D+lpzczNW3a1LRfP7tCDyQiMzPrmY9PaFh4aGjov/+L4OvpmZqa9LbqJV43bnvfCQgM0qlde9TIEUpKSsnJH/z8A/wDAoKCnuvo6DQ1NbGy6mVQQDeWvEpLYyH+AQEhoWHBwSHZ2dnGxkbGRkYdO7SX+I1EREQGBAWFhYa/iYqiy9QZNmnSzvyP2rVri2cuatXKzc39kJISFxfHBm8FBgWpqeWvkFetWrVGDX84G0nJyX5+/qGh4SGhofHv3hkZGpoYGw0cYF+jhrbET5qbm+vn5x8SGhYcEhIZ+UZPT9fY2NjUxLhzp46KiorFKABFLyAKCgrdLbr90aa1xEMLhcJDR46lpKQoKChMGDeWW0LZT2nQ8xc3b90mhDRooD908CAJJ/zg4ZSUFEJIX1sb6UsrnT3nFREZSQjpZdnDzKxVXl5eYFAQISQmJpZmSEtLY8tWEUIa6OtraWlx95CUnHzo8FFCSCVl5aFDB+vp6ko8UEpK6rHjJ7Kzs3mVK0+bOllBQYG95OvnHxwcEhoWHhsbW716dRNjI2Mjow4d24u30AsXL9Pl0Lp16dyunbnIqxmZmTs8dhFCVFVVp06exNbWou1LVVXV2clRXV0tISHx8JFjQc9fpH1Ka9igwfhxYyR+WTk5OQmJiY+ePKF/pn/+zD0Penp6tWvVKurOC62o167fpD3XzZqa2lj3Kehbu3rt+qvXwYQQOxtrU1MTtr2o17oiiYiIDHr+IiQ0NDg4NCs7y9TEuEWL5gPt+1eqVImbLSMjY8fO3YSQDu3adenSKTc398bN25evXH0TFaWpodmuXdspzk5qamph4eEXLl5WUFAYPGhAwwYNMjOzTpw8+eTJ07i4t7q6de1sbQYNtJf9vDEluYvFxMReunwlIvLN+/cJhBA+X7dzp05WvXqqq6sVdE6Kd5vOzs5+5uP75MlTP3//mjVrdu7ccdiQwfQ0Zmdn3/a+c9v7bnx8PI/HMzY26typY5k8JxTpGpienu518VJ42L//i4hUUalkbGzUpHHjnj17VNPULKjkXIVekCW+xT8gMCjoeUBg0MePaaYmxs2bN+trZ1PQOqlFrb39+9kZGRoKhcKXr14HBAb6+voXehShUHjt+o3AwOdvoqKEQqGamlqTJo3797Vr0qSxeGYmLDz8+YuXwcEhUVHRampqJibGzZs169G9G/cKKXdNGn8vUkREJL2UFaqoz2x5eXn+AYGhoWEhoaEhoWGV1dWbNWvavp15d4tuEvPHxMReuXotIvJNdHR0zZo1jY2NjI0Me1r2kHi2i3ete/fu/fuE9/R+RLd8+JDCvbBzKRAFM7NWMpwYAAAAgHwKeXl5ZV0GAAAAKJGJTpPv3X9A+4Y2b1wv8urJU2eWLFtO0/88uifSa5+VlWXa3Iymz5w63trM7NZt78lTZxBC+Hz+3t07nKfMiIuLE9nn6FEOi10WiHRREUK8Llyct2CReAn5fP76tavN2/7B3WhlbRcREUkIeRHou2+/5+69+0XepaNTe5fH9pYtmkv/+MXeT2JSksuiJQ8fPRbf55jRI+fNmVW5cmWR7S9evpo5e574CSGErF65fOiQQSLdgkKhcP2GzQcPHxHJzOPxLLp1vXL1Gj059+/cFMlQpDNJCPnvv/+mz5zz9JmPyPYG+vo1amj7+QcQQkYMH7pqhZv4PrkCA4PmzHeR+AEXzJszyWniDx95zbrDR44RQo4dOZienj51+izxd61f687tMZdvaQkhXhcuzVvgIvGllcuXDR82hH0jX7582bl7767deyVm3rDOfeAA0XIWtWo5OU+9c/deQUW1se69Y9sWms7Lyzt3/sLK1WsEAoFINh6P57F9S9cunUW2JyUnL3RxlVhdzc3brl+zis/ny14ALpfFS/4+e54e2u/ZY1VVVfE8167fnD5zNs3z7MkD2jSKekoPHj6yZu0GQohFt66e+/eIv4Wd8O1bN9naWBf0QQghw0aMovVkl6IHvwAAIABJREFU9crlw4cNEQqFTYwLDOoTQjy2b7XuY8XdIhQKu1hY0pF2vXpa7tm1Q+IbV6x0P3b8BCGkU8cORw970o3JyR+WuC339r4rnp/P52/dvKFVyxbcjewSvchl/sTx40Te8t9//7Ux70jTTx7eY4tvcdtXjRra1rb9ue+aOsV5zqwZ4gVo1MREfCNDT5fsO5exot64eYs1/4f3vCX2vL9/n9Cpa3eavnj+76ZNTWm6SNc6j527t+3YKaUyc2VmZm332HnA85D4S6amJju2buYOM01JSW3bvhMhpFXLFmfPnFzg4nruvBf3La+e+1euXJndH6dNnTzJcYL9oKG0xlL0vcVo4MW7ixV0f2EHYulAv6fKyvm/DC7ebfrxg7szZ88TiUlY97Hy2L41ISFxgqMzDYFzjRg+dNmSxT/5OUH2a+DNW7fnL1ws8Qtas3qFjXUf6bEuWS7I3HpFCLl62WvT5m30UiCSf9uWjbVq1uRuLHbtPXhg3+y58x88fCTLUV6+ej1n7gI2M7PIeWDp6VMns9Ves7Ozt273kFiwTh07rF61nK+nJ/5Soe7eu+84aQpNcy+DXIGBQYOHOdD08WOH27czJ4T4+PiOGDWWFvhlkJ/IW4r6zJaQkLh4yTLxs0cI6Wtnu2rFsipVqnA3btux02PnbvHMRoaGa9esat6sKXdjUZ/rmF27927ZJvkOJVHkvyEs/fXrVyPT/PvRjauXGjc2YC+J3EZl3z8AAACUM5hiFAAA4LfHhqPd9r6bk5Mj8urVa9dZ+u490Z4pX19/mtDW1mrZ4odO7bi4OBs7e9axoq39ffzNsT9PnPjrlMiuFri4sr4PHo/XqWOHTh070D6muLi4ESPH+PiK9t1Q/QcMYb1+3KMkJCQ6OU/JyMyU4RwUeT+vXwf3tLJhvXtGhoa9eloaGDSifx49dtzJearI76j+Pnt+wKCh7IS0NjPr0d2CdWMtWbZ8z499l0KhcKLTZG7vLZ/Pb6CvT4d10uigREU9k+/evbftN4AbbzMwaETPQFR0NO0AksWmzdsGD3NgH5DH43FP44ZNW25735H4Rtely1l4gMfjcTsWFy5yDQ4O4WaWV2kJIYtcl3Kjgzwez8jw+zDHZctXHjn6J00LBAL7gUO5oSxtbS1uORe4uM6dv7CgA8lYtdg4Fek+f/48wdF54SJX1jfNLYxAIBg/cZLIFJHBwSGWvay5ndEN9PVZ3fPx8bXpOyA7O1vGAogYPdKBHfrWbW+JeY7/dZImHEYMo9HBEp5S+VJUVGSNVyJlZdHBHEpKSizgfeu299v4ePF3ff78mUYHCSFjx4z6P3v3GRbF8QdwfAEV9SxRbFEPEY1gNzZi7IqoKPbee+/d2FvsMdbYotHYG8aOvRt7RzGgCBZAISKixHDwfzEwbu7O8+j+5ft5eDHszu7Oze3t3rO/m9+Igqfnvdou9dXRQREJEPz9/Vu0artl67YEvBp9jx759u47UG9hEdVzXjX1W5DAnZt/otauVVN+Ltx3/2H0QLvcd4tCqZIlZHQw3neNT/L29nFr3EwdxlCHHO7e9ew/cIhOpzPc8GVwyOYt2/Sig1qtVu/3Ii9fBo8dN1EdHVQUpWhRx/h9wKU43cWW/bJC3l8cHRxatmjmWr+u+kBC+vTWMtYV7w6vUr2WiA6qT7ADBz1Onz6rjg6q27xp89bNBh+EpP6eYOY10NPzXr8Bg+UbVOk7J9mM8PDwwUNHvHwZbGJzMy/Iels1cGsqo4Pql3Dx4qUJk6aoa8b77L1+42bjZi1lfMv0UYJevOjRq4+MDrrUcW7Vsrn8cUO4SubMMVGx16/DmrVoIxum1Wpr16pZrmzMj8zOnjvfwK3pq1evTHRdQsgZ+PRGE35MXL+zeRw+4lK/oTo6qO72PXv3LVy8VF1/0+atMjpoY5O9erWqcuD1fS+vsT9MUFdOyLWuYMGCn3yxAAAA8UaKUQAA/u/VrFFdFMLDw69dv1GxQnm5Kjg4RB2JOeRxWO9nwvJxVYP69Y0mRKpdq2bvXt1LliiRLl06b2+fwUNHiEeBP/28qFXL5vKZ6bHjJ+QT1RHDh/To1lVmHps7f4EYqjJu/KQD+3bLBHqSeD41Y/qU6lWrfv11Hp1Ot/rXtXPm/STav3HTlp7d9cfcGGX+fnQ63Q8TJomHg8WLF5sza4YMLF2/cXPAoCEBAYEX/ry4Z+/+xo0aiuWBgYFjfhgvyo3cGk4YN0ZmLNyx03302HGiTxo2cJVZXvfs3ScfIDo715o5farYJCwsbNac+R8LIcSjJ39etEQ+bh42ZFD3bl3Sp0+vKIr/kyeDBg+7dfuOOb2nKIqff0x6xubNmvbp3cO+YEG9ncyYOadWzRqG54l4ANe7V4/GjRp+U7iwhYXFyVOnBw8dIXp4/oKFa1avkJUTq7WnTp/Ztn2nKH9bpvTsWTPsCxa0sLCIjIz0OHzkx1lz0qZN17JFM1Fh2fKV8hF27149evXo9tVXX4lRTRMmTRGfgt1/7K1ft66zcy3DY5l5av04fergQQOePHnarUdvseHe3TutYx9YZ4p9sG5llebO3bsxPTB0cLs2rbJly6Yoyp9/XuzVd4DotIWLl8ycMU3UiYqKGj9xsnyWPXXyxKZNG4uMZH5+/r+sWLlt+86xo0daW1ub2QA9xYoVdXKqePHiJUVR1qxd59awgV6Fv/7yFmsVRWkXewFJYJcmLgsLi4P7/ggJ+XvtuvXLV6wSz+tXLF8iK9gVMDIlYdPGjaZMnSHKW7ZsHzFcfwjs3n0xUXytVlutahXxXkycPFW+F/Pnzha5HHU6nee9ewMHDxefhXETJteoXt3oIJh4mDRlmnim3L1bl8KF7MPCwvz8n1SpUtlo5aOHD4SFhR086LFg4WIRN1q0cL5cm8Mmh/k7N/9ETZs2bft2bUWi1PUbNvbt00vvKqHT6db9vkGUO7RvKwoJuWt8ki5KJz62efLkHjl8WP16LtbW1lFRURs3b5k8Zbp4gr9334EmBmmN/f39xZj7KpW/d3Wtp8mY8fFjP8MH9PIC3qZVywoVykdHR/n4PBKjVOP6AVcz/y727NlzMZhSUZQfZ0yVOXtDQ18PGTZC3HpKlSwxZtSIwoULi7cjgR1eqmSJSRPHlyxR3MLCYt36DdN/nKUoStcevcTaWT9Ob9a0sZWV1ePHfgOHDBO/C5k3/+cWzZom5/cEM6+BC5fERHqqVP5+4YJ54toVGRl55OjxLVu3NXJrkDOn/idFMv+CbLhtQTu7H8aOKl+uXJYsmUNDX0+YNHn/gUOKohw9evzGzVtyHGS8z15xApt5lMVLlomUlcWLF1u98hc5uPDosRO9+8bM9jdp4rgK5cvLnyMsXbZcXPY1Gs28OTNd6jiL5YFBQcNHjL7w58Xw8PC58xbMmD7FsGEJ9Co0dOHimBPexia7OvZpVDy+swUHh4i3tVzZssOHDS5frqyVldXbt28nT50hzts1a9d1aNdW1NfpdLPmzBMb9u7VY+jggeJkDgsL27Zj57HjJ8eMGiEbk8CPnmv9ujVrXAsKCqpVp55YMnXyxO++q6iuc+/e/cFDRxhuCwAA8GnRAADg/1+nLt3tvylq/03R2XPnq5dv37FLLJd/f//9t1yr0+kqfFdZLD9/4U+x0OPwEVn5p58XRUZGqnd47/59ufbq1Wti4bt376rXcpGbGDavS7eeYu0u991yoUv9hmJh9Vouf/3lrbfJgEFDxNpOXbqbfu3x2M/WbTvEwpJlygcGBeltcvXqNbG2wneV5cJhI0aJha3bdtDrk+jo6OUrVom1I0f/IJa8f//++6o1xMI+/QbqdDq9TWbPnS+bLRfGoye9fXzkO7L2t/V69d++fde6bQexdvzEyaZ7MiQkZNWva65dv6G33MvrgTzEo0e+cvm0GTPlco/DR/S2+n3DJrlW9lhitTYyMrJ2nfqiZtsOnSMiIvQq6HQ62ec+Dx/Kg65es9ZwV/Ik+b5qjXfv3slV8TtF1Yd7+/ZdtDH3vbx+XfOb/5Mness3bd5qeO7t239A7vD0mbNGeyOuDdBz5OhxucmNm7f01k6ZNkOs6tW3v+EhzO/S1WvWioXde/Yx2gzZ4Xv37TfdYHmebNq8Vb18/YaN8qww54XP+HG2vBTo9VVUVJRsz7r1G8TCXe67TXTUq1eh8lM/bMQoubx7zz5i4apf1xi2ISQkRO7z+fMAuVz9+SpZpvyTJ0/NeUXCtu07xYbNW7YxWsHMnZt/ovo/eSJ3ePLUab36J0+dlscKf/s23neNRYuXioUDBw/9ZCccP3Fy85atb9680Vs+cPBQsZPhI0fLhS9fBqtvlD/OnGN0n+r7o/03RY8eO260Wpw+4PG71BzyOPyxT9OTJ0/Fqtp16suFCbxNt+/YRa8nu3bvJfth5apf1avU3xPkxyQ5vyd88hpYskx5sdbz3n3DtabF6YKsPq+6du8VGvpaXfPdu3fyO9gvy1eqV8X77DX/KPIeangp+2HcRLHqkMdhufCvv7zlUc6eO6+3SWjoa9mrvr6PTXahEceOnzB6GRQePPirZev2soL6Vfz550V5bVFvEtfvbOKN27R56yGPw3pf2CIiImQHbt+xK6Y3vH3kcQ2/4KnF78w3SvbAnxcv6a26dv2GXKte/v79e7n8wYO/1Ks+dhsFAACpDSlGAQD4Esgso4cP/ydD4IGDh0RBZhE8eepD9qR79+6L349rNBqZGUnSarVDBw/UGwji6OAgkmQqiuLn/0QULl26IsbNaDSa/n17GzavV8/uouB5777h2pHDhximB3StX18UvH18DDcxyvz9bN6yVRQGDeynNyWPoihly34rUmYFB4eEhISIoZm7/9gr1o4dM8pwCF2njh1E4eatW6Jw5uw5OU5u0MD+evPcKIpStkwZw5cQj54Us8eJ39S3ad1Sr36GDOlL/ncWHBOyZcvWo1tXvenTFEUpUuQbORbqsZ+f4Ybt27WRIwkkF5cPS549f564rb146bJMjDZsyCDDsRqWlpayz93d/5AHbd+2jV5NKyurAf37irIYOWp4uMQ6RSWHIkW6de2cP18+veVyZrLg4JA3b96I8rr1MVkuK33nVNXYuDGjY3/jpGaNajJPpl724PDw8HXrY8Z+de0Uk2Yz4V36mZCj2cLDww8cPKhedfXadZlAsknjRqKw/veY98KljnPpUvqzHmbNmqVfn5iP7e4/9oaGvk6sdk6ZNN7oxH5JvXPzT9T8+fLVrlVTLNyydbte/U2xl9zWrVqIsVYJvGuYo2aN6m1atzLMuVrHubYo+Pg8NLphQTu7oUP0064aat6sqXzJeuL0AVcz/1Lj8/CRKBheM+W7+cjXVya6TGCHt2vbRq8na9WsIcvNmv5nDktHBwd5PZEJHj+T7wl6PD09zaj1H/G+IM+cMTVLlszqJenTp28Q+xL07q3xPnvNPIpOp5P3UEeHIno7kUmAvbweyIXyW1DNGtUrf19Jb5MsWTL36NZFlB/89ZfRtplp34EDO3e579zlvmXrtjnzfurRq2+9Bo3k/JdOThXlhIgfE4/vbOKNa9umVV2XOnpf2Kytres4x3yfkZ0WGfmvPJZ/7Jdho5LhWgcAAJAQpBgFAOBLUDP2Ud0jX9/Hj/1EBqRXoaFiMpVqVau0atVCTKblcfiITEv1Ib+oa700acz9VmBrqxWPSAIDYwJgPg9jHlTZ2RW463nPcJNXr0JF4cEDI4+NLCyM/GLp66/ziEJAQGB0dLScQskEM/cTFRUl81hqMmqu37hpYp+PfH2zZ8/+6JGvXKKLjDSxibe3T2RkZJo0aR4+inl66+jgUNTR4WP19cSjJ2UMo1nTJiJXZ1IoUKCAiHcGBb0wXGv03clhYyPLL4JeaPPnT8TWynekoJ1d+XJlTVd+4O0tCs2bNTV6UIciRYoXLyZy4j165Ctz9kqJdYp+Uu7cuWQ56MWLTJkyiWxyYkn7dm0TfgijrKysunfrLJLX7dzlPmrEsBw5Yt6+fbGTmBYuXMjJKSanWcK79DNha6t1qeMsZl5cs3Z982ZN5SoZKO3cqYN44B4dHS0vHa1aNje6w0ZuDSZOnirKfv5+JbOaG543wcmpYtMmjRO+n0TcudETtX27NseOnxBzOgYGBeXOFVMnICBQTtnYqkVMvyXwrpEQuXPH/Nzh6bNnRivMmD7lk1cnjUYzbmycp9g02m9q5l9q5BxsT5/qv4q3b9+KQp48ueWPJxK9w/PEdqPebLVCAVutCIoEBgUlSgMS9yL8bZnSZ8+dFzPD+Tx81LZ1S/VMoqbF/4JsrHl5Y6O5H5uWUs8nz14zj2JlZeXo4CBeS0BAoEyzGVMt9tudre2H5TLs9/XXeYx+C3odFiYK3j4+MpAZDzNnzf3YqiqVv58z+8dP/iYmHt/ZTO8wb+yZJr/3FrK3l2vdmjQfPXJ4wwauWbNmMdw2Ba91AAAA5iBACADAlyB3rlzlypYVv7A+ffZsxwLtFEU5efK0WOtav15RRwetVuvv73/4yNG3b9+KOYEOHz0mKtSr62L+seQDx6joKFGQUZ+7dz1btDL1yMz8n/mrx4QlJPpiuJ/nzwPkEjHXlAlPnjwrV7asHKuhKErLNu1NbxIYGJQvX97Hj2N+p29vb2d+a+PRk96xwwhEBC4RhYa+DgwMDAwKev48ICgw5iFvdHS0mZurf4MfrUQnbmvlr/gLFbb/VF3Fy+uvTx60kL29iGap32vTEusUjYqKCgn5OzAw8HlAYFDsw3RJzooknrnH7xDmaNLITQQIFUXZvnNn394xU4utjx0u071rF/kak6hLU0TXLp1EgPC+l9fVa9fE6OEXL17u2btPVGjfLmaIpPrdyZfX+JC7zJkzazQa8Zb5+j4uWSIRAoTfGAycSkTm79z0iSqe3efJk1tEIP74Y68cFrNrd8x40wrly30TO5lZUtw1TIiMjAwKeiGuZtdv3BALIyL+MVrZzs7IjJV6smfPbjQYYOiT/fZJRi815cvH/DBi5y73Lp06FCtWVNZZtGSZKFSsUEEuTPQOT5surSikT29ksr0P3xOiYi/+n9P3hH59eokAoaIoK1auXrFydamSJRo3cmvgWt/E7INJcUGWvRcVFfWxOnE6e80/SrVqVUSA8OdFS+bNmSmjbs+ePRez4qmHEiqKcjd2tOWmzVs3bd5q4nBP/J+a3zYzFS9ebPjQwXIMrmnx+M5muPzdu4igoKCAgIDnAYEyxCi/AqVNm3bY0ME/LVgoBhFOnDx14uSptWvVbOTWoHatWhkyfPiFQTJf6wAAAOKKACEAAF+Ihg3qiwDh0aPHO7ZvpyjKQQ8PsUqkAnNrUH/Z8pWKopw9d96ljvOzZ8/F43tFUb6LHRgUP4Gqh56GIwnUKn3nlJADJYrgkBBZNt3atGnTFixopyjKi5cvzNwkW7Zs2bNnVxTFzy8mr1qePHnMb1tce1Kn08kEbnK8TkJER0efPXf+kMeRvfv2y8eg/6mgmBsgNJSIrfX1fSwKefN8bf5BDdPJSnJkjww9JrWIiIhDHkc8Dh8R0SlD4kGkephIDpNPrhMoc+bMPbp1Xb1mraIoa39b37N7tzRp0ly7dl08QdZoNG4NG4ian22Xxk/FCuXlSJoNG7eIAOEu991ibfVqVeVIEf8nH556m4giaPPnF3uTF4H/a2aeqGJMUsf27ebOX6AoyqYt23p072ppaanT6TZu2iwqdOzQTm6VPHeNt2/fHjt+Ypf7H6fPnI33TuLH/H6Ln6+yZm3TquWWbdvFAKZePbsXsreP1EUePOghQ18DB/SV9VP8Np3iDVBzcqq4cvnSseMmiCzriqLcun3n1u0702bM7N2rx8D+/dQBHrVkuyAnw9nbpLHbxk1bwsPD9+zd5+vr26J5s/TprZ88ffbrmt/E3b9N61aFC334CY4cfajRaIxGhSV1WDEeRo8c/tVXX4nkBDly2NjaavPny2eYSNyEeHxnk7wePNi798Ahj8NG71wy4K0oSt/ePa0sLcUVTzh2/MSx4yc0Gs3E8T+0aB4zHv2zOvMBAAAMESAEAOALUatWjSnTZoj4X1hYmIgUilEd4pGEi4uzCBAePnLUpY7z6TMxkxE2bdIoTk9eDGm1MaOIunft8sPYUYnxapLQ16qI3eGD+8RzKNPkVFKODg7797qbc5T0sY8X5RRQ5ohrT6oTbf3zPg4HMur167B+AwbpzRhnY5M9X968Pg8fGY0XxkkitlY+0Xsd9olp3qysrOSIrjcffwlhYTHzgdlkz5aQhpnpwYO/OnTuKp9NC1qtNlfOnHKmJSFrlg+jlN68eWMiIJdw7du1EQHC4OCQo8eO16vrIqeO69ihnXxi/nl2aUL07NFt+MjRiqLs2btvzOgROWxsREJmkV9UVvsqa1ZZDn/7Nls246/rVeirmPpmXFs+c+afqEKzZk3E43J/f/9Lly5/953TuXMXRFxBo9E4166l2kmS3zUOHPQYOHioeolGo8mVM6e1tbXMEplE4tpv8TN1ysT3//4rgtkrV/2qXqXRaBYumGdfsKDq6Cl8m07xBuipXavmqeNHjx0/vvuPvTLduhhQ+OTJk4UL5hsdj5hsF+RkOHsdihTZtmVDA7emMj6qXuvsXGvCuDHqJQXt7ETM7Kd5c5xrG599M1E0cmsopz2On3h8ZxPDK2fPmS9ugpJGo9Hmz/8q9JVhDlhLS8s+vXu2aN5s3/4Df+zZKzswPDx89NhxERERYo7bz+3MBwAA0EOAEACAL0T+fPnkpF/nL/wZGRkplru61hOFEsWLi/xv7rv3/Dh96tFjJ8Tyui51EnhoOcLm/yI/Us6cOT7kAHzsV8aMh/gy49x9Ly+dTvfJ+W8URbGNndDIzImFhHj0ZOHChUQCK6OzA5ovNPR1uw6d5XCxnt27VqlSuVTJEuLFduvRW8xnaaEkaKa9xGptIfuYB98ylasJxYo6Xr5yVVGUgICAj9V5FjsupFChJEznKHh63mvTvpM4AwsXLtShfdvK31eSj/ILFSkmCuLxdP78+eSGT58+Uz/xT3TqCfl+W/d7hfLl3XfvEavatWmtrpnALjWRTC9F1K/nMnHyVPGObNu2o3jxYuJjq9Vqq1apLKvJ57yKogQFBsln0Go6nU5+5A0zVSZszFhyi9OJKuTKmbOBa739Bw4pirJ1+87vvnPavHWbWNW5Y3v1L1GS+q6xc5f7qDHjRLl6taqNG7lV/r6SmFnz+o2bphP9JVA8+i1+Xrx4ef36DfEzjpw5cvo/eZI5cyaHIkXKlf22Y4f2YuJMKcVv0yneAEMZMqRv2MC1YQPXsLCwA4c8Fi1eKj68+w8c6tOrpzprq5Q8F+RkO3vPnDknCqVKlgh68SIs7E0h+4KFCxdu0ayJk0FiiaJFHUSA8DMfFB6/72yKooz5YcLOXTHRxPbt2tSuVbNChfIZM2RQFGXV6jWz5sxTFMXSUv9jmyOHTZfOHbt07vj06bNd7rt/XrRELJ8z76d2bVtbWlp+hmc+AACAmpG5vgEAwP8ptwauonD69NlDHodFuXbNmB96W1hYNHJrKMrHT5yUP5mvXPn7BB5X5OFUFOXK1WuhoZ8Y0fU5KBI7D9bZs+fMqV/A9sOD/itXzRr/kffrmNSXdz09dTqdmQ2LR08WsLUVhXv3EzSq4PiJEyI6qNVqD+3fM3BAv2/LlDbzsZr5Equ19rEBwus3buoN0zFUpMg3oiAz7+kJDw+/eu26KBe0i8OckfHz2/oNInjgUsd5987tHdu3M/GU2crKqnDsLHF6gzuTQtcunUTh8pWrs+fOF2XX+nX1pmiKX5dqNBpRCAyMz0xsScfa2rp37IR5v2/ctGFjTErMHt26qKfStLa21sYG/v+8dNnorm7evCXLdgVirhuZM8eEaoKDg5PmFSSJOJ2okowl79m7z9vbRybYbNmiubpakt41oqOj5dk7asSwNatXNG7UUMRXkkH8+i0exo6bIEI1+/a479/rfuv65XOnT6xZvaJ/vz560cHP4Tad4g0wIXPmzK1bttj3xy6ZAdLz3n2jNZPhgpxsZ++1a9dF0Ktb187uO7edO33i1vXL7ju3zZ39o2F0UFEU+9hAl3rA5ecpHt/Z/Pz8ZXRw88b1UydPrF6tqogOmilfvrwDB/TbviVm9Hl4eLjIMv05n/kAAAAECAEA+KLUjk36dPL06QMHPcSMJurnSnViM7zNmvPh0X+cnoAYVaJ4cfHoPzw8fMWq1QncWzKoXq2qKCxYuDjoxaeHsmXIkL5C+XKiPGv2XHPGP8kIVkBAoOEEQu/eRYi5o/TEoye/iQ127tzlHhKiHyp78vTpkaPHzdnPufMXRKF508Z58+pP7PfmTULziwqJ1drixYrJ8m/r1puu7FSxgihc+PPi7Tt3DCvs3LVbJlD9tkxpcxpgJqOZVE+einm62rlje72Zrt69izCsL6cIXbFy9d9//53wBpggJuQTZfm0tGOH9nrV4tel2vwxI/Due3mJNMhqfn7+z59/dDxiUmvdqqUoBAeHiMGyYo4uvWrVqsYMKFy+YpXRN2vF6phMj1qtVmbJK1AgJi5+7doNw02uGluYWIw20kxxPVGFihUryDDqD+MniUL1alVtbbXqakl613j82E/+bkCdJDa28e8S93B64tdvcRUZGSnvLFevXv/3339N10/x23RKNcD8a2C2bNnkxdbEHHsJuSCbI9nO3gsXL4mCt7fPk6dPP1Vd+T52hryLFy+ZHyMMDw//5I94El08vrNdunxFFCqUL1exQnm9tW/N7vayZb+VP4VJnz795/DRAwAAMI0AIQAAXw77ggXFb9tljruGDeqrK5QuXUr8QN7f318sSXh+UUVRsmbNMmrEMFFesXL1mrXr9B7H3Lh5q3PXHnVd3QKDPouRQ927d5UDBXr36a+XpvLt27fLlq/hr7YGAAAgAElEQVSsWKnKqtVr5MJJE8eLwq3bd0aPHf/mzRv1Js+fB4wdN6FipSpySEGVyt/Lp+RTpv348NEjWTk09HX3Xn2MPl+LR0+2ad1Srh3zwwR1wx48+KtZi9byvTYtc6aYESfPnj9XL3///v30H2fJebOilQQlSUys1ubN+3Wv2CFfy5avlKEsISQkZNCQYTVq1xV7q1+vroxRDRw83OvBA3Xlo8dOiMk7xVx0emGMeMiUKZMsX7gQcz48fuwnB5JmyRwzi1XAfwfSvXwZ3LV7T/lvdGw+yn59e8uFffsPevnyP6PQDhz0qFyt5sLFS81vgGk9e3RT/+vo4GD4tDR+XaoenbloybJoVcLNc+cvNGzcLOHzXMZbjhw2rVr+Z4hbt66d1T0pDBrQXz7q7T9wsHo4SFRU1KLFS4/GRrgnjh8rB+DKjLhXr12TI+rEW7x6zdreffsn+suRLb/v5SWuFTqdzpx8vGpxPVEFS0vLbrHjUOV1o327Nno7T9K7RkZNRll+8fKletWdO3eHDBsR1x3GSfz6La7SpEkjP1ADBg1xLF66Ru26LVq17daj9/CRoxcsXHzw0GH1ByrFb9PJ2YBPXgMPHPRYvGSZ3rU0JCTkz9iYmaOj48d2HtcLclwl29krz5/TZ85Wr1mn1LcVGrg1bdexS+9+A6ZMnbFm7Tq9yQ6dnCq61q8ryqPHjjvz3wQMOp1u/4GDzi6u/QcOkf28dfuOUt9WqFipysDBQ5M5s3Rcv7PJqF5AYJDevdJ9955FsW9oVFTMx1an061YuXrDxs3v379XV7585ar43Gk0GvEbkRT/6AEAAJjGHIQAAHxR3Bq4Lli4WP5bq1ZN9VorK6tGbg3X/vZhxJUcS5dAbdu02rxlm3icNGPm7N179lZycsqvzRcYEHTu/Plbt2PGGC1fsWrShHGJcsSEyJghw5RJEwcMGiIeHtWqU69JYzeHIkUsLCx8Hj7cvmOXqDZrzrxGjRrmzpVLUZSijg6dOrRfv2Gjoii73Hefv3ChVs0ahezt37x5c+v2nWPHYyZ0nDBxytHDB0RXD+zfR0wj5O/v36RZqzrOtbJnz37v3n3Tecni2pPa/PmbNW2yy323oijHjp+o6+pWq2YNCwuLq1ev6z3dM6148Zgxedu278yfP3+NalUtraxu3ry5+tffEnHCocRqraIofXv32rhpi3gSN2rMuH37D5YvXy5rliw+Pg/F26QoyuKly+fMmmFpaTll0oRGTVuI98K1YZNGbg1FzEb93mk0mn59eps8plly5sghy6PHjrt0+XJAQODhI0cHDug3ZNAARVHKlCklunTi5KmKojg6FomI+OfMmbOrfl1rNEKWO1euUSOGzZn3k3j46OrWuH69ug5FirwKDT158rSIwSxavLRJIzcxUu2TDTCtfj2XH2fNlmM+unXtZFgnfl2aN+/Xjdwa7tm7T1GUNWvX3fW8V71qldDXr8+eOy8mT01ZnTp22LZ9p/y3fVv9mJaII44YPmTK1BmKopw6faZOPdc6zs622vyhr19fuPCn/HhWr1a1Vs0aciuXOs5i/lcRUWjapFHRoo4PH/qePHUqTnOUmq+AKs7dvkOXunXrnDl77u5dz/W//Vr5+0pm7iSuJ6rUyK2BjBCLGfJqVK9mWC3p7hq5cua0sckuzuH+A4eMHjncxiZ7SMjfBw95bNq8NU67iod491tcDR0ycNCQ4fJff39/wx9YzJszq2mTRqKc4rfpZGuA6Wug14MHAwcPVRRl1a9ru3bpVLFCeY1G4+Pjs3jpcnHOODlVtC/40VzTcb0gx1Wynb3VqlaWE1eLHz0Y3oXLlS27cvmSr2Knah4zaqTIThEcHNKlW8+aNaqXLFkia5YsT54+PXjIQ1zNHvn6Hjl6rF5dF0VRZvw4W2x44KBH186dypb9NhHbb1pcv7MVdYwZOu/v7z9sxOju3bqksbLy8/ffum2HYRIIRVG279gpzoHVa37r3q2zo4ODhYXF1avXlv6yQlTo2b2rrJziHz0AAAATCBACAPBFcXauJQOETk4Vc+XMqVehjnNtGSCsXaumnBwrgaysrNatXT1u4iQxgObuXU/DJ/7Vq1UdNmRQohwu4erXc1m4YN4P4yeJJ7a7/9hrWOeXpYtEdFAYO2ZklqxZliz9RYzRNHxUp9Vql/+yRP7bpHGjO3c8xfOp8PBw9SFKlSwxd/bMuq76CQzj15NjRo14/NhPPJfUa1ib1q2qVa3cb8DgT3ZIA9f6q35d4+3toyjKTwsW/rRgoVxV0M7O1bXe0mXLP7kTcyRKaxVFyZIl8/atGwcNGS7afPrMWb2neO3ath47ZpQoFy9ebPPG9UOHjxRPMEWMSq1c2bJzZ/9oOHFXPFhYWAwc0G/xkmXifV//e2y0csmy3j17ZMiQvm+fXu6794i1w0eOVm9br66LpaWFeAKr1qN71/fv3/+8aIl4MisnyRNsbLIvXrhAPoz+ZANMt9/a2rp9u7ZiwIRGo3GtX99otfh16dDBA8+dPy+efV+8eOli7HgdRVE6dWxvYWGxbv0G081LOkUdHcqVLSvOzJo1qtvZFTBarWP7dmnTpB0/cbJ4L7Zs3aZXoU3rVmNH/2eUj7W19ZSJE3r3i4nOuu/eI04AYc6sGet+35i4IdKiRR3la3nk67t8xSqx/JflK80PEMbjRBW++uqr5s2aynG9nTt2MDqbaZLeNX4YM1q0+e5dz05duqtXDR825Ld165Mu7WG8+y1OXoWGqpMiihGKr8Ne672uEaPG2NkVEON9U/w2nWwNMH0NtLSwdHRwuO/lFR4eLm7oajY22X+aO1s9+aihOF2Q4yF5zt6r164HBASI63zFCuWDXrx4/TosJCREHca+eu3asBGj16yOCXrly5d3j/uOYSNHi9vuiZOnDHMh9OvTy6WOs+HhIs2ejDmxxOk7m51dgVYtm4vfiOzbf2Df/gOymkajGTli6OQp09Xb2tjYaDSa8PBwf39/vVUivb96pGmKf/QAAABMIMUoAABfFEcHB5nZske3LoYVypcrK8eK1a/nYmJXmowZTaw1lCOHzYplS+bPne3kVFEmaxLPVlzqOP+2ZtWa1SuMxiOtrdOZ3rOFhYU5DYjrfho2cD3isb9Vy+bqzIeKohQuXGjIoAFXLp7Te8iVLl26oYMH7tqx1dm5lsxQKjg5VZw5Y9rhg3sLF7KXC62srCZNHDfrx+lyUjfxJHfY0MGbNqwvXLjQx4ZvxrUnbWyyb1i/plfP7nLOM41G4+xca96cmTOmTS5TprQ8JUzIkCH92tUrG7jWUy/Mkyf3mFEj9u91b9+2tWhJGmMP+tNbfyLmpJYorRUcihTZvXN7n949RWZduf+aNaovX7Z42pRJ6vk1K1Yo73Fgb6+e3eX5L1QoX278D2M2b1xn4nluXE+tPr16dOvaWb2kZo3qRzz2i+BcIXv77Vs26jWjVMkSSxf/vHTxz02bNBZL0lh9+CWflZXVwAH9tm3ZUK1qFfUpUbx4sU4d2x8+tF9OCmhOAz7peWya2a5dOpnYJB5damurPbhvj8xTJ1SvVnXRz/MnTRhXN/YTZ/4ZpTdVmHU669g9fHQKsY/R6XRyRtKuXYyMmxQsLCzatml1/Mihpk0aqS8dNjbZq1erunrlLzOmTTbMTersXGuP+45SJUuo6zdya/jHru3NmzV1a+BqomFx+nzJRi5cMK9a1SrqhZ06tl+6eKFeTRM7j8eJKrVt00qWWzRv+rFDxPuukT79J6bObdLYbc6sGXoXamfnWnt37+zXp1fLFs1NzDNnne4Tn3fT98eE9Jv5l5qhw0aKuNTCBfO2bPp9y6bfjx4+cOnCWW+vu2dPHZ85Y5rsz/MX/pSbJ8VtOmNGzcdWGXZysn1PMHEN/Oabwnt275g0cZz68yjaMKB/3xNHPeS96WPiekGOeQlmnFdCUp+9iqJcu3a9W4/ewcEhTk4VTxz1WL3ylz3uO04e87h1/fKdm9d2bNsshgCKodIRER/mzixevNge9x1DBg3Q6z0bm+zt2rb2OLhv+LAhMrzaOzYTeLmyZU3P72sd9yu2HsMOiet3tonjx/Xv10ddTaPRdOrQ/tjhgx3btxPtT5s2rVhVx7n26ZNHu3XtrPcFUqvVzpszc93a1Xq/ioj3ma/XHlEw0V3qnev52FYmZtwEAACpgUUCJz8AAAAwFB0d/fx5wOuw119l/SpnzhxGh498Vt6+e+fn55cuXbocNjnMHEb2999/P38ekDlL5hw2OT4ZdxH7L2BbwMwIjRTXngwODgkJCbG3LxjvPg8PD/d/8iTy30gbG5s8eXKbGZ2Nn4S3VhI9nDtXrmzZsn2ycmRk5GM/v3Tp0uXLm9f0SJEENunZ02cWlha2Wq18qqgWEhLy5OmzdOnSmtlsITo6+umzZ//8808BW9s0aUylA/lkA4wKCAisXC0mNfHZU8e//jqPOVvFtUt1Ot1jP7/3799/U7jwZ3J9OHjosEg7XNDO7vChfWaeGOLEy2GTI0cOG3PqR0REPHz4KHPmTOYHwhPi1atXgUFBGdJnyJ8/X7xP9fidqHGVFHcNnU4XGBgUGBSUJUvmr/PkyRjHX70kUNL127Nnz6vWqK0oSrWqVdb+utJonYWLl4pxwJ06tJ800UjewhS/TSdDAz55DRQXondv3+XPnz9r1izxOIT5F+S4StKzd8KkKWJE3Y5tm42G7v7991/H4jHLz589qc6moG7hYz8/XaQuW7ZsH7sA+j958vbt28KFCqX4dd7M72zv379/8vTp69dh2bNly5v3a3Pe03fvInwfP7aytNRqteZ8x0vxjx4AAIAaAUIAAAAAMebM+2nFytWKojRwrbfo559SujnJp1HTFiLt2/Spk9UD4IDPjcfhIyIVs4kP6cjRP4jZXhcumNfQ5BBVpELOLq5ipkyPA3vVQ/AlX9/HtV3qiyFxJ48lQlJcAAAAfJ5IMQoAAABAURTl9eswER1UFKVzpw4p3Zzkc/HiJREd1Gg0jRs1TOnmAKaUKllSFPYfOPTLipXqSePEyOxZc+aJ6KBGo/m+0ncp1Ex8vipVchKFPv0GenreU6+Kioq6ePFS+04xOepbfjxFMAAAAL4AjCAEAAAAoCiKsurXtbNmz5UTTaV0c5JPtx69T50+oyhKzx7dxowakdLNAT5h4uSpGzdtkf86OVX8Ok/uf//9NyAg6Oq1a3L5xxJIIpXz9vZp1rKNDC0XtLMrVNg+a5asISEh9+7fDwgIFMvr1XVZ9PN8cmACAAB8wQgQAgAAAFD++eefqjVqBweHKIoyf+7sJo3dUrpFyeS+l1cDt5hRMieOetjaJsfsgEBC6HS6hYuXLl22/GMVqlWtMnzo4BIliidvu/B/w9Pz3rgJk27dvmN0rUajGdi/b8cO7dKnj9vEyQAAAPj/QoAQAAAAgBL04sWevfsURbHJnr1xIzdLy9QyGcGt23cuXb6sKEqxokXJx4j/I2/evDlw0OMvb+9nz54/e/bM2tq6UKFCdgVsy5cvx8BBmOPmrdsnTp569MjXz89PFxWVL29ee/uC9gXt6rrUyZQpU0q3DgAAAEmOACEAAAAAAAAAAACQiqSW3wUDAAAAAAAAAAAAIEAIAAAAAAAAAAAApC4ECAEAAAAAAAAAAIBUhAAhAAAAAAAAAAAAkIoQIAQAAAAAAAAAAABSEQKEAAAAAAAAAAAAQCpCgBAAAAAAAAAAAABIRQgQAgAAAAAAAAAAAKkIAUIAAAAAAAAAAAAgFSFACAAAAAAAAAAAAKQiBAgBAAAAAAAAAACAVIQAIQAAAAAAAAAAAJCKECAEAAAAAAAAAAAAUhEChAAAAAAAAAAAAEAqQoAQAAAAAAAAAAAASEUIEAIAAAAAAAAAAACpCAFCAAAAAAAAAAAAIBVJk9INAAAAicPf33/l6jUREf+0ad2iXNmyKdKGFq3aPvjLW1GU+XNn1XGunSJtePky+NLlKz4+PiEhf9vaaqtVq1LI3j5FWoI40el0lapUj4j4R1EU951bP8N3bf2GjfPm/6woSgPXejNnTEvp5gAAAAAAAMQfAUIAAL4E0dHRXbv3fuTrqyjKLvfd58+ezJ0rV/I3I+zNm/DwcEVR/v03MvmPrijKzl3uU6b9KNogjFfGfIahJhiKiooKDg6JKeuiUro5RoS+ChWnlvoEAwAAAAAA+H9EilEAAL4EoaGhIjoo+Po+TqIDDR85uq6r2+4/9ibR/hPi+ImTo8aMUwdvbGyy29kVSNFGIcWs37Cxrqvb1Ok/pnRDAAAAAAAAPjuMIAQA4EuQNWtWrVbr7+8v/rUrYJsUR3n//r0IDaqDkZ+J9+/fT5g0RZSLFy82c/pUR0cHKyurlG4XUswhjyPe3j6ZM2VK6YYAAAAAAAB8dggQAgDwJbCwsFi/dvWqX9e8e/euTetWuXPnToqjBAQEJsVuE4Wv72PZvCULF9jaalO6RUhh3t7eKd0EAAAAAACAzxQBQgAAvhC2ttppUyYl6SGePnuWpPtPCDmo0dHBgeggIiIi5IyGAAAAAAAA0MMchAAAwFxPn36+AcKgFy9EgUkH8ZmPdgUAAAAAAEhxjCAEAOALcenyleMnTiqK4lCkSNMmjeTyI0ePXb12PU/u3B07tLOysnrx4uXlK1evXL16/fqNPHnylCherG5dl8KF7E3v/N27iOcBzy9dviL+ffr06dVr1+TaYkWLZciQ3nCrBw/+unL12tVr1x4+fFS4cOFiRR2bNW2SNWuWjx3lvpfXjZu37t71fPTIN3369MWKFS1VsmTtWjUsLCw+tkl0dPS169cVRXn82E8sCQ0NVbetoJ1d9uzZ5b8RERHnzl+4f9/L89794ODg/PnzFS3qWKxo0e+cKhoe5b6X1+4/9lpYWLRs0cy+YMF37yI2bt587twFf/8n+fLldWvYoEXzpoY9fP3GzfMX/jx3/oKlhUXp0qW6d+0sGhAdHX3p8pU9e/f7+PhERUU7OHxTpnSpJo0bmT9RYlRU1OXLVzzv3b/r6enj8zB//nxFixYtXqxo1SqVLS2N/Orr0uUrd+963rvv5efnly1btmJFHYs6On5fuVLGDBmMvlJra+uuXTp9lTXr48d+Z86eO3Pu3N8hr74pXKhzpw5Finwjaj589GjHTvd79+4Hh4QU+aawo6NDy+bN9d7Tt2/fLlqyTFGUJo3dHB0coqKi7np6Xr589c+Ll54+fVaqVIkyZUq7NWxg2AzT3r59e/7CxXv37t2+c/dNeHgBW23Roo61a9bMly+vulpkZGRAYOCZc+fEv2Fv3qjPh/z58+fOlUtdPzAw8NLlK3c973l5PYiKiipS5BtHhyL169czp3nuu//wevCXoijfFC7UvFnTj1U7eOjwzVu3FEWp61Ln2zKl4/SqAQAAAAAAkoJFdHR0SrcBAAAkgsVLlv28aImiKA1c6y36+Se5fPqPs9b+tl5RlPW//RoWFtZ/4BDDbWfPnCFiXUbduXO3cbOWJg59aP+eb74prChKXVc3b28fRVF+mjfH29t72fKVejXz5Mm9dPHCMqVL6S3/559/FixcvGr1GsOdV6n8/fRpk7X58xs9tE6nK1K0pIm2LV64wLV+XVG+e9dz8NARMhmpWvVqVWf+OE0vdHT4yNG+/QcpijKgf9/ePbs3bdFavDrh2zKld2zbrO7htatXnjh1av3vG/Ve8hGPA1aWluMmTHLfvUfvuOXKll286Ce94xoV9OLF6DHjTp85a7jKyani7B+nabUfEqu+ePFy/KTJR48eN6ys1WoXzJ+jF6aSr3TggH6F7AsOGTZSb6t9e9yLOjqs37BxytQZeqtsbLIvX7q4bNlv5ZLg4JCKlaqIV7f+t9Vjx03cs3ef3laODg4rly9Vx/b+/fdfx+IxrZJnlHTz1u3BQ0f4+/sbvqLpUye3btVChkgLFSlmWEdduW2bVvJf991/jBg11rCaVqudPXO6U8UK6oWGHzH33XtGjBoj1u7dvbNYsaKGuwoMDPy+ak1R3r5lo7qjAAAAAAAAUgopRgEASC3GTZgso4MajUaj0chVo8eOu3vX82MbpkuXLq7HGjZilIwO2th8GMAXEBDYq0+/t+/eqSu/fh3WrEUbGR3UarW1a9UsV7as+PfsufMN3Jq+evXK6IEsLS0LFy5koiVp0sSMz3Pf/Uejpi3U0UF1RO3U6TN16ja4eeu20Z28fBk8dtxEdXRQUZSiRR31qnXt0UtGB2X3BgQErlz169z5C2R0ME+e3HKTq9euTZ4y3UT7hbt3PZ1dXNXRwYJ2dnI/Fy9eatCo2T///CP+9fS8V9ulvjo6qH6l/v7+LVq13bJ1m9EDLV6yTEYH1W/cpMnTDnkcltFB9arg4JA+/Qfqvafy1XXq0kNGB9Wn3H0vr/oNG7958+aTr11RlO07djVr0VpGB8uVLVu7Vk358sdPnPyLKhStPoppo8aMk9FBjUZTpfL3VSp/Lzb39/dv16HzxUuXTe/BtX5debiNm7d+rPGiULx4MaKDAAAAAADgM0GAEACA1ELEV3r36nFg3+4bVy/evHZp9cpfZHhj/oKFH9uwSJFvTh7zOHxoX+1aMQOh2rVtffjQPvlXoICt0Q1nTJ9y9tTxSxfOPrh3e9SIYWJhcHDIxk1b1NWWLlt+38tLBGl+Wbro5DGPlcuXbtuy4fzZk5W+c1IUJTw8fO68BUYPYWFhcXDfHxfPn+nTu6dYUtDOTt020eagFy9kKChPntzbt2x8cO/2yWMenrevL14Ys+fw8PAJk6bodDrDo2zZum3f/gOKorRp1XL+3Nnz5szs27tX29atDGtqNJqVy5feuXnt1vXLv69bI7p38ZJlYohh1y6dbt+4cu70iZvXLjVp7CY2OXzk6PUbNz/W+SKz6PiJk8PDw8W/UydPvH3z6tHDB86dPnHiqEerls0VRRk7eqS1tbWoPHHyVFl5/tzZd25eO3nM48G927t3bZORwnETJpuYpW/CuLGXLpy9dOHsyWMejg4OItQnosuVvnM6deKIeE/HjR394T3duNnorq5eu1bQzm7VimXXLv956/rla5f/lPlvw8PDt2zbbuKFC4GBgWN+GC/KjdwaXv7z7LYtG1YuX3ru9InZM2MClj/9vEjmmD16+MDhQ/uGDh4o/nV0cFCfD67164nlx46f2LnLXZRHDB9y9dL5dWtXr1u7+vKfZ7t26RTTS+MnvX//3kTbrK2te/XoJspbtm4zDGNHRkau3xATM+7WpfMnXywAAAAAAEDyIEAIAEAq8svSRaNGDHMoUsTS0tLCwqJmjeoybnfq9BmjsTFBq9UWsrfPkiWz+Dd79uyF7O3ln+EQQ61W63Fgb5tWLb/+Oo+iKFZWVr179ZCpPs+ePSdrenv7rF6zVjbPpY6zXJU7V65lSxaJGNuWbdtlBEiPpaVljhw2cjxZrty51G0TM/zNm/+zWJsnT+79e3eXLfutWG5tbe1av+4e9x1i7d27njt37f5YJ6xcvnTG9ClNGrs1bdJ4xPAhhvkkbWyy7961rXatmmJGxu8rfTdwQD+5tnq1quN/GJMxY0ZFUTJlyjRj2hQ5Dk89SZ6hg4c8bt2+I8q/rVnVvl0bOT2era125oxpD+7dlmkz/9izV4Ybd+3Y2qSxm2iMlZVVyRIl/ti1XXbU3Pk/GTuasmLZki6dO4q2abXaGdOnqF/g0sUL8+fLJ3bYrWtn+Z5+bLBd8eLFtm7eUKtmDTFPYdasWebNmSUjzStX/SoHPn7MnHkx7axQvty8OTPVM0q2aN5UnsBLf1khCrly5ixkb587d8zLzJAhvfp8EM2IiIiYNmOWqDCgf9++vXulTZtW/GttbT3+hzHVqlZRFOWRr+/+AwdNN691qw/Zd3fERhylY8dPBAeHiMhx/XoupncFAAAAAACQbAgQAgCQWrRv10YdfhNcXD4sefb8eWIda+TwIYaZP13r1xcFb58PuTp3/7FXFGrWqF75+0p6m2TJkrlHty6i/OCvv+LXmPDwcDlWrE/vnl9lzapXoXjxYjLQtWGT8ZFwzZs1lWGtj6lfr659wYLqJVWrfC/LbVr/Zx7H9OnT13WpI8ofi30K69bHDEGr9J1T1SqVDSuIYKcgc5y61HEuXUp/dsasWbP069NblHf/sTc09LVeBa1W6+xcS72kTOlScphpI7eGIsAmyZfg7fPQaOOXLFygzkcqdIsdohccHGJ0SkgpPDxcniFjx4xSv1KhU8cOonDz1i0T+9Fz6dIVMaBWo9H079vbsEKvnt1FwfPefdO7ypkzR8sWzUR57W/r9aLsv2/YJAo9u3cVQzwBAAAAAAA+B2lSugEAACCZWFhYGC7MYWMjyy+CXmjz50+kYxn5EZIYTSim5YuOjhbtkWG/r7/OYzTT5uuwMFHw9vGp41w7Ho1Rh98aNWxotE6L5s0OHPQQgwijoqIsLf/Tfo1GI9NpxknuXLlk2a5AAb21efN+LQrPnweY2InIv6ooSvt2bU0fLjo6Wo41FKlHDTVyazBx8lRR9vP3K5m1xKdehPL113nE/It64U/1eyonCNRjnd5IVKxixQqy/Px5gMhiatSjRx/Ch7rISBO5WL29fSIjI9OkMevLrc/DmHCmnV2Bu573DCu8ehUqCg8efDos3alDezHRYEBA4MlTp2Ug2efhwwt/XhTlVq1amNMwAAAAAACA5EGAEACAVE0dCYtWopP0WOoRVDJAeNfTUyzZtHnrps1bTWz+xP9p/I4rx6hpNBq9AXBSvnz5ZDkgIFCG7oTs2bN/bEPTZOJKMWRQb611upgOiYqK+tgegoND5ISCBWy1pg8XFBQky/ny5jVaJ3PmzBqNRuzT1/dxyRKfDhDKjKYiW6maYXZZc1haWubJk1tMgvjsmalxqz4PH8lyyzbtTe82MDAoXz7jr1qPiHeKeHCLVt6mR5UAACAASURBVKbCrurRrh9TrFhRJ6eKFy9eEiM4ZYBwy9aYGRabNHZTh4oBAAAAAABSHAFCAACQkkSUSETv0hsbbSaVKFE8fod47BczuE0OdzOUI8eHkZRPnj7VCxCmoKfPnslyjpw5TFf2f/Ihhprz45W1+fOLUYl+fsaH/SWDXDlzirf+xcuXJqq9ePlClg1Tlaply5ZNPT2haYGqSKrp3Vb6zsmcHXbv2lkECM+eO+/t7VO4cKG3795t3RYzt2WH9u3MbBgAAAAAAEDyIEAIAABSUkE7OzHC76d5c5xrf2KSv/jJnu0rUXjz5s3H6rwNfyvL8RssmESyZvnQmDdv3uTKmdNEZfX0iuFv32bLls1otVehr2Lqf/VV4rU0bv6OzeFpOj6XP3Zkp6ODw/697ol1dK02JpVu965dfhg7KuE7rFG9mlarFXlWN27eMmnCuAMHDolhmqVKlvi2TOmEHwIAAAAAACARGZkfCAAAINkULRoz/5xMBJroCtrZiUJAQKBOpzNaRz2kzFZrm0QtiYf8+T/kPn369JnJuh/iXoqiBAUGGa2j0+nkqE07O/1pEZOHTqeTcxbaak3lTZUtvO/l9bH3Lh4K2duLgjkZRM1hZWXVvVtnUV7/+8bXr8PWb9go/u3WtXOiHAIAAAAAACARESAEAAApyT42VHPi5KkkOoQ6DHb9xk2jdUR+SEVR8uTJbTjTXgqysrIqXLiQKF/486LpytbW1trYeNufly4brXPz5i1ZtiuQMgHCGzc/vAvqoKahArYfWnjl6rXEakDBgnZyn6GhrxNln00bN5Ll6T/OunvXU4yPrOtSJ1H2DwAAAAAAkIgIEAIAgDiLeBeRWLv6PnaOt4sXLyVRjDBXrlxyEOHKVb8aVoiIiFi2fKUoV6taJSnakBDfOVUUhRUrV//999+mK1erWlkUlq9Y9c7Y27RidUwPaLXaPHlyJ3Zj9Rk9VVas/NCGAramxmtmyJC+Qvlyojxr9tyoqKi4NsBoJ5QoXlyj0SiKEh4evmLV6rju06hMmTL16NZVlHfuismG2rljh3Tp0qmrhYSEmEh1CwAAAAAAkDwIEAIAAHNlzpRZFI4dPyEKb9++VSfnjAcnp4qu9euK8uix486cPadeq9Pp9h846Ozi2n/gkHhnmLSwsJg0cZxs+bz5P6t3FRYWNmjIcDFdnKIoQwYPjO9LSSr9+vaW5b79B718Gaxee+CgR+VqNRcuXir+HTSgvwx99R84WD08LioqatHipUePHhf/Thw/1srKKqkb371nH5lNVLZBnj8jhw/5ZBsmTRwvCrdu3xk9drxedO3584Cx4yZUrFRFb3hlpkyZROG+l5c4RXU63ePHfmJh1qxZRo0YJsorVq5es3adXujxxs1bnbv2qOvqFqfTu0P7NnpLWrVsIcvR0dEjR/9Q4bsqpctWXP/7RvN3CwAAAAAAkOjSpHQDAADA/w2ZmPGRr2+7jl3KlC61Y+euiIh/Thz1sLHJHu/djhk18sBBD0VRgoNDunTrWbNG9ZIlS2TNkuXJ06cHD3mICfMe+foeOXqsXl2X+B2iapXKLnWcDx85qijKLytWnjh5qkrl721ssj999uzoseNyTr4xo0bkzpUr3i8kieTOlWvUiGFz5v2kKMrlK1dd3RrXr1fXoUiRV6GhJ0+evnrtmqIoixYvbdLIrUAB2xw5bEYMHzJl6gxFUU6dPlOnnmsdZ2dbbf7Q168vXPjz1u07Yp/Vq1WtVbNGMjT+ka9vg0bNXOvXzZc3ry4q6uzZczLLq6ODgzlvaFFHh04d2osp/Xa57z5/4UKtmjUK2du/efPm1u07MtY4YeKUo4cPyK0K2H6Y2rB9hy5169Y5c/bc3bue63/7tfL3lRRFadum1eYt2+57eSmKMmPm7N179lZycsqvzRcYEHTu/HnZUctXrJo0YZyZL1ar1dar63LI47D4t1nTJjlz5pBr//rLe5f7blGeMm1Gu7at06ThqzgAAAAAAEgZPJUAAADmauBaf95PP4vBdhcvXpLz9m3dvqNfn17x3m2+fHn3uO8YNnK0t7ePmIzQMNdovz69XOo4J6Tx8+fNnjv3JxFnuu/lJSJDapMmjuvQrm1CDpF0enTv+v79+58XLRFh1A0bN6vX2thkX7xwQYECMbk6O7ZvlzZN2vETJ4vKW7Zu09tbm9atxo4ekWyNDw8P375jl97CalWrLPhprplDGMeOGZkla5YlS39RFCUgIHDT5q16FbRa7fJflqiXFC3qWK5sWRE9feTru3zFKrH8l+UrRYDQyspq3drV4yZOEkMq7971FLMGqlWvVnXYkEFxerHt27WRAcKOHdqpV0Ur0ep/45EuFQAAAAAAILGQYhQAgC9N+vQZjC+3Tp/APdvYZF/76wqtVqteMnnS+N49u+vVtLZOZ7D1f1hYWKj/LV682B73HUMGDShVsoTeEdu1be1xcN/wYUMsLU19b7FOZy0K6a2tjVbImCHDpInj1v/2a80a1dXjHbVabSO3hocP7evUof3HDqHJmNH0y4k9tKkeNtEnGTIYf8skKyurgQP6bduyoVrVKiKDqFC8eLFOHdsfPrTfqWIFudDCwqJtm1bHjxxq2qSRnHxRdGb1alVXr/xlxrTJMgOnHtOvVG86PXMcO3ywW9fO6skOvy1TeuTwoatX/vJV1qwf28r6v29iunTphg4euGvHVmfnWnpjVZ2cKs6cMe3wwb2FC9mrl1tYWCxcME9vRslOHdsvXbxQ/psjh82KZUvmz53t5FRR3asajcaljvNva1atWb0ic+bMhs372EdMUZTAwCD5MvVO5sKFClWp/L0o9+ndMx6dCQAAAAAAkFgsoqOjzagGAAAQIyoqKijoxavQVzbZbdQZFBOLTqd77Oeni9Rly5YtRw6bRN+/EBISEvTihTZ/fnVk6P9CdHT002fP/vnnnwK2tubkqHz77p2fn18OmxxJ15l6goNDKlaKicydP3tSZG199epVQGBgQTs7649EcM33999/P38ekDlL5hw2OTJk+ETY+9WrV4FBQRnSZ8ifP5+JGHN0dPTz5wGvw15/lfWrnDlzxG92xqioqPoNG4uBsIsXLpCTa0o6ne7hw0fW1ta2qgyoAAAAAAAAyY8AIQAAABKT0QBhanDq9JluPXqLwZrnTp9ImzZtSrcIAAAAAADAOFKMAgAAAIngl+UrRaFrl05EBwEAAAAAwOeMACEAAACQUDdu3rp85aoot2rRIqWbAwAAAAAAYAoBQgAAACChfl2zVhRatWxuY5M9pZsDAAAAAABgSpqUbgAAAAC+KBkzZhw7ZqSiKBYWFtmzZUvp5iSTb8uUKV26VHrr9A0buqZ0WwAAAAAAAD7BIjo6OqXbAAAAAAAAAAAAACCZkGIUAAAAAAAAAAAASEUIEAIAAAAAAAAAAACpCAFCAAAAAAAAAAAAIBUhQAgAAAAAAAAAAACkIgQIAQAAAAAAAAAAgFSEACEAAAAAAAAAAACQihAgBAAAAAAAAAAAAFIRAoQAAAAAAAAAAABAKkKAEAAAAAAAAAAAAEhFCBACAAAAAAAAAAAAqQgBQgAAAAAAAAAAACAVIUAIAAAAAAAAAAAApCIECAEAAAAAAAAAAIBUhAAhAAAAAAAAAAAAkIoQIAQAAAAAAAAAAABSEQKEAAAAAAAAAAAAQCpCgBAAAAAAAAAAAABIRQgQAgAAAAAAAAAAAKkIAUIAAAAAAAAAAAAgFSFACAAAAAAAAAAAAKQiBAgBAAAAAAAAAACAVIQAIQAAAAAAAAAAAJCKECAEAAAAAAAAAAAAUhEChAAAAAAAAAAAAEAqQoAQAAAAAAAAAAAASEUIEAIAAAAAAAAAAACpCAFCAAAAAAAAAAAAIBUhQAgAAAAAAAAAAACkIgQIAQAAAAAAAAAAgFSEACEAAAAAAAAAAACQihAgBAAAAAAAAAAAAFIRAoQAAAAAAAAAAABAKkKAEAAAAAAAAAAAAEhFCBACAAAAAAAAAAAAqQgBQgAAAAAAAAAAACAVIUAIAAAAAAAAAAAApCIECAEAAAAAAAAAAIBUhAAhAAAAAAAAAAAAkIoQIAQAAAAAAAAAAABSEQKEAAAAAAAAAAAAQCpCgBAAAAAAAAAAAABIRQgQAgAAAAAAAAAAAKkIAUIAAAAAAAAAAAAgFSFACAAAAAAAAAAAAKQiBAgBAAAAAAAAAACAVIQAIQAAAAAAAAAAAJCKECAEAAAAAAAAAAAAUhEChAAAAAAAAAAAAEAqQoAQAAAAAAAAAAAASEXSpHQDAABA4nj16tVdz3tmVq5YoXzatGkVRfH391+5ek1ExD9tWrcoV7ZsErcxPi5euhwZGWlfsODXX+f5ZOVXoaF373oqipIxY8Zvy5ROlgYCAGK8fffu+vUbovydU0UrK6uUblGcPX8e8PDRo7Rp05YvV9bS8tM/qL11+05YWJiiKMWKOmbLli1Z2ggAAAAAicAiOjo6pdsAAAASgfvuPSNGjTGz8qULZ21sskdHR9ep2+CRr69YeP7sydy5ciVlG+PM39+/Ru26iqJoNJp9f+yytdWarn/x4qV2HbsoilKqZAn3nduSq5kAAEXvTnT9ysUsWTKndIvibMwP47fv2KUoSreunceNHf3J+m3adbx85aqiKGtXr6xWrUqytBEAAAAAEgEpRgEASL1CQ0NldFBRFF/fx0l6uFehoS1ata3r6ubt7RPXbcPDwwcMHhoREZE0TQMAfIHWb9hY19Vt6vQf47HtmrXrDhz0SIJGAQAAAMBngRSjAAB8gdq0bpUhQ3oTFdKnt1YUJWvWrFqt1t/fXyy0K2CbpK3y8npw/cZNRVECg4IKFy4U183v3vWcNmPWjGmTk6Z1AIAvzSGPI97ePpkzZYrf5gMHD3Vw2FfI3j6x2wUAAAAAKY8AIQAAX6CRw4d89dVXn6xmYWGxfu3qVb+ueffuXZvWrXLnzp2krXr27FkC97Bl67ay35Zu3qxpIrUIAPAl8/b2TuAe+g0Y7L5ja8aMGROpRQAAAADwuSBACABAqmZrq502ZVLyHMvf/0nCdzJqzLjixYs5OjgkRosAAF+siIiI4OCQBO7E29tn4uSp8+bMSqRGAQAAAMDngjkIAQBAMvGLzWWaQH36DQoLC0uUXQEAvlQBAYGJsh/33Xs2bd6aKLsCAAAAgM8HIwgBAEjVLl2+cvzESUVRHIoUadqkkVx+5Oixq9euW1tb9+nVM0OG9AEBgWt/W3/9xs3Q16H2BQt269q5Qvly6p2cPn32Lx/v588DCtnbOxT5pmzZbytWKC8rhIa+fh7w/Padu+JfL68HYhJERVEsLa2+LVP6k+3UaDRDBg2YMXO2oij+/v7/Y+/O46Kq/j+OH/ZlZB1ZFHBFwdytxLVFcdfM3TZzSXPJMjOzrMzSrL6VGe6aW5pluedumgu5L6mgKCgKKouAAgMDAvP74+j9TWyCgsPMvJ6P7+P7OHeZez939HFP3veccyd99MnsH2daWFiU9nojI6NOnf43/Pz5sLDz2ixt/SfqNW7cqE+vF21sbPR3uxARsWHjZjs7uyGDB7m6uFy9eu3AwdADoaEpybfr+Nd+fdCrdevWkXtevnLlj7Xrz5+/kJScXLeOf2BgQL8+fVxcnIsq4EJExOl/z4SFhV+5Em1vb//EE/UaNWzYvt1zD3EtAGAySnhzltLS0tZv3BRx4eKlyChbW5t69QLr1qnToUN7VxcXuUNOTk5cfPyB0NB7+6ennzh5Uvm4r6+vl6fnA0t6952xq39bI1PGT6ZMbdCgfqOGDUp7XQmJiceOHT9/PiL8/PnrN24EBgQ8US+wT+9elSur8+25aPGSpOTkJ5s17RDcPisr6/CRo6Ghh44dP+7h4dG2beuB/fvJryIrK2vX7r927d5z/fp1lUpVr15g2zatW7dqWVQB8fHxR48dDws/HxFxMS8vr27dOoEBdbt06ezo4FDaawEAAABgYggIAQAwa0eOHF20eIkQolvXzvoB4ZGjx5YuWyGEaP70U5Urq7t2f1HZFBkZVaeOvwwI09LSJk6avHPXbmVrWFi4bHTt0unjyR96eXouXbZi2pf/mZxN5nySSqU6c+pYSUodMnjQiZOntu/YKYTYvmPn0mUrhg55veRXmpmpnRUyW16sfrVrfl/7y+rffpz5XY0a1ZX1167FyD0tLCxq16o5bvz7yqYTJ0/+uub3PzetrxcYsGLlqqmfT8937QsX/TR/TkizZk3zFZCVlTVzVki+Avb+vU8I0aZ1q2lffObn61vyywEA01Cqm7MQYsfOXe9/8JFGo1HWHDp8RAjxxfQZX06b2q1rFwsLi4AnGul/JDIyqv/AV5XFaZ9/9tLA/g8sTK1Wz58b8mLve3uOGjN2y6b1JXm/r6TT6dau2/D5tC/1S42MjPpzy9Y58xaEzPr+2Wfa6u//x7r1kZFRi4Q4uG/PO+9O0E80/9qz9+jRYyGzZsbFxQ8bPvJCRISy6WDoP4sWL3n5pQGffvxRwTB1/YaNEyZ+qL/mYOg/QoiQOfO/njEtqPnTJbwWAAAAACaJKUYBAEBxrlyJfnPU2Hwr69bxl43Jn0xR0sGaNWq0b/d8/fpPyMWt23b89NMyIYSdnV2ZVGJhYfHVl1/4+fnJxekzvtZ/flq8yMioHj176z+A9vb2UtphYeFjxo7Lzc0t+MGQ2XOVdFCtdlfWT/nsi+07dirpoP6mpKTkkWPGZmRm6h8nNTWtd9+BSgF+fn7t2z3/ZLNmcvFg6D/devS6fft2CS8HAExDaW/O4eHnR7/1jhK5tWwR1KZ1K5VKJYTQaDTvvDvh1q0k+dOTMimvYYMG0z7/TLbj4uInTPwwLy+vJB9MT08fNnzkBx9OVkpVq92VqjQazdA33ixqBtQ2z7aTvZv+VWzdtmP//oP66aB+v/PL6t9W/7Ym33EmTpqspIMqlapN61bKdxUTE/Pyq68fOVqiX+cAAAAAMFWMIAQAAMWZMvUL+Wxx2NDB/rVrpaWlXYuJbdOmtXxQu2XrdrnbnJAfOnfqKNux168vX7Hy6tVro0YOF0L079enRYvmOp2uV58B8lHpV19Oa9asidzZytKq5MU4OTnNn/tjtx695OKoMW9v3byx4ERtBeXm5V6JjpaPnt9/b3yXzh3t7Ozy8vJWrf71s6nT5Myfm//c+mLPHoV+/JPJH/bo3k2tdo+JiRk5+u0LEREnTp6UD3Bbtgj6asY0Xx+f3Nzc5StWysGRSUnJq1atHv7GUOUIc+bOl091VSrVt9/M6NghWK6PT0h4b8IHhw4f0Wg0//t25vRpU0v+bQCAsSvtzXnW7Dmy0aZ1q1kzv5Xj+XJycnbt3vPrb2te6NHNw6OyEGL3zq1paWnbtu2YOStECBEYEPDjrO+Uk1ZWVy55hS8N7H/i5Mn1GzbJMd/zFiwaM+rNB37Kysr6XNi9WbXHv/vOywP7u7m5CSEOHz4yYtRbsiucFTJ7xvQvCv14o4YNpnz6ccMG9S0sLJavWClH4Q95Y4Tc+tWX03r36mllZXX16rWx48bLwevffvdD3969HB0d5T5/7dm7dt162Z7w3rg3hg5RZij933cz5QwBkz+esvXPDba2tiX/NgAAAACYEgJCAABM0Oix42ysC+/l+/Xt3b1b11IdTaVSbftzo49P1Xzrz5w7JxsdOwQr6aAQwtfHZ/KHHyiL1tbWtWrWFELY29vJp6JVq1apXatWqWpQBAYEfPvNDDkqIikpedz4CcuXLrayekDKGFC37uKF8+Lj43t076aMybC0tHztlZePHTsuY86DoaGFBoQL5s4ODm4n235+ftOnTe3Tb6BcVKvd54TMkm8ctLKyGjrk9VOnT2/dtkPO0aoEhJGRUYuXLJXteXN+1H9ZlJen59zZP7Z5tp1Go/l1ze8jhg+rXr3aw30zAGB0SntzPnToiGxM+uB9ZbZPa2vrLp07dun8/92Qp4eHp4eHl9e9wYgODvYP3ekIIT7/7NOz58IiI6OEEN/PnNW0SeNWLVsU/xEHB/ufly8JDT3UsWOwr4+Psr5Fi6APP3j/408/kxleoZ9t2SJowbzZyrcxZPCgAwdD9+0/cO/CJ07o17e3bFevXu2br6bLH81oNJpLkVGNGzUUQmi12i+m35vZ+60xo0a9OUI5uJ2d3ccfTYqKurz/wMEr0dFbtm7r9WLPh/5mAAAAABg1phgFAMAEHTly9GDoP4X+78aNm6U92tQpHxdMB4UQd+/elY1LlyIzM7VlUXiJ9Hqx58AB914KdejwkVkhc0ryqeefe3bggP4F553rENxeNqKiLhf8lJ+fn5IOSk0aN1IO8kKP7jIdVHTq2EE2IvWOtmHjZqUG/XRQcnZ2emPoYNm+eOlSSa4FAEzGw92cw8PDH0t1Qgjh6Og4d/YsZXHk6LHx8YXPDqovoG7doUNe108HJeXVg0lJyenp6QU/+PJLA/N9G+2ef05p9+71ov6mwIAAZebtmJgY2Th69Lhsq1SqQsc7jhg+TDbCz1944IUAAAAAMFUEhAAAoDhBQc2LGl5Qv1492bgSHd23/0u7dv+lRIbl7ZPJk5SXHc6ZO3/v3/se+lDKEJPrN26U8CNVqnjLhhwZWegm5UGtfuxXpYr3qdP/Fvxfalqa3CEyKuqhLwQATEmhN+emTRrLxsRJk7/59nv9O225ql2rVsismbKt0WjGvvPeQ/d3Xl6eSjshMbEkH/G+/1WoVCr9Vw9K1avdCwjjExJkI+ryvUi1Ro3qYeHnC3Y6t2/fkTtcvMivUgAAAADzxRSjAACYoE3r/3BxdSl0k7OTc6Hri1LHv3ZRmxo3bvRM2zb7DxyUr4kaOXqsSqXq1rVzzx7dn376qQdO+/ko7O3tZ8+a2b1nbzln6TvvTtiyeb2fr28JP56Tk5OQkBifkHDzZtyp06flSq02q4Qfd3RwkA0HB/t8mwp9mVPY/ZEuv6z+7ZfVvxVz5NiY6yWsAQBMzwNvzqNHjjgY+o9sL1i4eMHCxY0aNuj5Qo9uXbvItw+Wn65dOp08NUi+ve/EyZPffPu9/mTaxcvLy0tOTomPj78ZF59wP8YrORtbG9mwt7cruNXOzu7+WXSyIWdDFUKEhYX37f9SMUfmVykAAACAOSMgBADABPn4VFVezlR+rKysfvj+2+kzvl67br1co9Fo1vy+ds3va/39a8+Y9nmzZk3L7+zVqvl9/+03b44aI887Zuy4339dVfxHMjIy/tqzd936jTLUfGzi4u5NRqdSqQp9vKto0KD+4yoKACqKkt+cg4KaL5w/58PJnyQlJcs1Z86eO3P23BfTZ7w54o2xY0YX/N1GGZo4Yfzp0/+eOv2vEGLJ0uVPNmuq//7dgrRa7fYdu3bs3LVz1+5Cd9DpdOVRZ7xeBllwxKG+li2CyqMAAAAAAEaBgBAAADw8Fxfnb76aPuKNoRs2bl6/caOShEVGRvUb+MqGdWsaNmhQfmcPbv/8yDeHz1+wSI6TmPblV927dilq563bdox95139NSqVytPDw87O7kJERPkVKYSoWaPGlehoIcT3334T3P75cj0XABiX0t6c27d7ft+e3X/t2bNh42b9+aUXLFwcGxs7a+Z3FhYW5VSqra1tyKyZnbr2kIPXx4wdt2vHlqJ2vnjx0quvD1GCTMnPz8/Tw+PEyZPlVOH9s9wbTz9syOCPPpxYrucCAAAAYLwICAEAwKPy96894b1xE94bd/bcuZ9XrlYGFM6dt3DenB/L9dTjx7196vS/R44clRN4ZmZmFrrb2nXrJ06aLNvPPtO25ws9WrdqWbmyWghx6vS/xc/A9ujq1QuQAaH8fwCA9HA3ZwcH++7dunbv1jUtLW3r9h0/hsyRP0/ZsnX7yBHDn3iiXvkVXKWK95yQHwYPHS4XR415W5nhU194+PmBrwySOaK/f+1XX3mpdauWymtra9e99w7dcsoya9eqJRvMIAoAAACgGJaGLgAAAJiOhg0afPPV9IkTxsvF8h4kcX+a0/8pU6it37Cp4D46ne7r/30n2xMnjF+yeEHPF7rLB9CPR637z2r1B7sAgJl79Juzk5PTgH59/9y4TukFws9fKJ9i/1/bNq3Hvf2WbEdGRoWFhRfcZ9mKlTId7NgheMPa31975WUlHXwMatasIRvHT5y8cyf1sZ0XAAAAgHEhIAQAAGXs+eeelQ1HR1WhO2i12jI8naeHx+wffyhmh6tXrymTvL0+6NV8W4sadFiGWt1/ydORI0fJCAFAKqubs5ubW4ug5rJd6HteMzPLstMRQowe9eYzbdsUs8Pf++7d6l9/7ZV8r0Us82IKalC/vkqlki/oXbBocXmfDgAAAICRIiAEAAAPKTk5+Ztvv/9rz95863ffX9O0SWP99c5OzrJx8OA/spGQmCjHWDyi5k8/NemD94va6qhyVNqJt27pbzp3Lmzc+AmPXkDxgoKad+3SSbY/+HDygYOh+ltzc3O3bN0W3LHrmLHjcnNzy7sYAKggHuLmvHXbjpDZc2/dStJfmZycfPjIUdkODAxU1leqVEk2LkRExCckyPvt1avXHr1yKyur77/9Whm2WJDS38XFJ+ivv3Uraciw4cqiTqd79GIKcnFxVobyL1i4eMnS5Xl5efo7nP73zOtD3ujUtYf8WgAAAACYJ95BCAAAHtLUL778c8tWGYAN6Ne3evVqGo1mx85dq375Ve7Qv18f/f1r+9eSL+FbsXLV7Tt3nJ2dVq5a/WSzZr/+ssLS8lF/tDRsyOvHT5zYvXtPwU2eHh5qtbscpzJm7LgP3n9PrXZPTk7Ztn3HL6t/e8TzltCkie9v3bZDCJGUlDx46PDnn3u2YcMGLs7Osdevb9u+Q74960p09K7df3Xu1PHxlAQA5arpU0FFbVKr3Y8eOljam3PExYtj33lXCLHop6VDBg9q/vRTKpUqKioqZ3l9IAAAIABJREFUZM58eZCgoOa17s+uKYSoXs1Pab/y6uBOnTocOBgaFha+YtlPrVu1fMSrc3NzWzBvTlFvSWzSpJHs7z797HMhRGBgXa0268CBg4t+WlomP4t5oJcG9l/965oLERFCiOkzvt6waXPLoCBfP5/4uITQf/45c/ac3G3+gkVTPpn8GOoBAAAAUAEREAIAgIdUq9a9NyodOXL0yP3RG4p3xo5p2eI/T4cHvfqKEuBt2vynbJw4efLkqdNPPdnsEYuxtLT8ZsaXPSP6xcTEFNz60aQP3nv/AyFEWFj4oMHD9De9N37csuUrlGnuyomPT9VN6/8Y//4HkZFR8mWEBecaHT1yRMcOweVaBgBUBMott1Q3Z0sLy8CAgAsRERqNZvacefmOqVa7f/+/r/V/blKvXuCTzZrJt+FeiY6ev2CRXD9v/sJHDwjlKPnPpnz82dRpBTeNGjlCvhNXo9HIC1R07tTR0tJC/mSk/FhZWS1funjyp1NktxsWFl7wXYnPPtN2/Li3y7UMAAAAABUZU4wCAAAhhLC3dyh8vZ19oetlBLhz+5/dunbON83ak82a/bZ65dtjx+Tbv3Wrll9O/1y+GEny96+9bMmikqSDhb5WKh8XF+f5c38sdM63F3v2+Oar6fk2BQe327xh7eiRI/r17VPUKVSOjgVXKmxtbR9YlaJ+/Sc2rf9j3NtvNWrYQH+9Wu3+8ksDdmz7873x4x59JCUAGJFS3Zzr1PHftOGPKZ9OzncXValUb40ZtXf3Dm9vL/31FhYWs2Z+m+9lgYNee2VOyKyS1FaSfue1V14e9OorBdfXrlXr919X1a//hP7KRg0bzAn5YU7ID71e7CnXWFsV8oNdO7sie5ai3uxbaMGVK6sXzJ393f++Dgpqrt/zqlSqjh2Cly1ZtGTxAicnp2KvDwAAAIApsyin1x4AAACzcvvOnatXr7m5uvr4VLWysipmz5ycnNjY69nZ2VWrVlFeEPV45ObmxscnxCckODs7VfH2diw2/CvvSq5eu5abk+vm5la5stpQZQBARfAQN2d5F83MyPT19XVxcS5+59u3b8cnJDjYO/j6+jzm32EkJyfHXr9ha2vj5enp5ub2OE+tT6fT3bwZl5qW6uri6uFRufhuGgAAAICZICAEAAAAAAAAAAAAzAjTWAEAAAAAAAAAAABmhIAQAAAAAAAAAAAAMCMEhAAAAAAAAAAAAIAZISAEAAAAAAAAAAAAzAgBIQAAAAAAAAAAAGBGCAgBAAAAAAAAAAAAM0JACAAAAAAAAAAAAJgRAkIAAAAAAAAAAADAjBAQAgAAAAAAAAAAAGaEgBAAAAAAAAAAAAAwIwSEAAAAAAAAAAAAgBkhIAQAAAAAAAAAAADMCAEhAAAAAAAAAAAAYEYICAEAAAAAAAAAAAAzQkAIAAAAAAAAAAAAmBECQgAAAAAAAAAAAMCMEBACAAAAAAAAAAAAZoSAEAAAAAAAAAAAADAjBIQAAAAAAAAAAACAGSEgBAAAAAAAAAAAAMwIASEAAAAAAAAAAABgRggIAQAAAAAAAAAAADNCQAgAAAAAAAAAAACYEQJCAAAAAAAAAAAAwIwQEAIAAAAAAAAAAABmhIAQAAAAAAAAAAAAMCPWhi4AAACUr9y8vNTU9PSMzMzMrOy7d3Ny84TQGbooAEA+FtZWlrY2Ng4OdpUcHZydK1lZms6vOemJAMAYmHJPBAAACrLQ6fiHGQAApkmrzUpMvp2UkspzWAAwNhZqN2cPd1d7eztDV/JI6IkAwGiZSE8EAACKQkAIAIBpuhGXmJCUYugqAACPxFPtVtXbw9BVPCR6IgAwAUbdEwEAgGIQEAIAYGq02qxr1+MztFpDFwIAKAOO9vbVfLyMawAHPREAmBJj7IkAAMADERACAGBSNBmZV67dyMnN1V9pZ2vr6lypksrR3t7W2trawnDlAQAKpRMiJydHq81O12TcTk3Pys7W32ptZVWzWlWVo4PhCiwFeiIAMEam1BMBAICSICAEAMB0aLVZkdGx+s9k7WxtvT3Vbi5OBq0LAFA6KXfS4hKS9B/OWltZ+dfwrfijN+iJAMA0GG9PBAAASoiAEAAA03Ex6pr+fG5qNxffql6M0gAAY6QTIvZGfFLKHWWNo7193drVDFrUg9ETAYDJMNKeCAAAlJCloQsAAABl40Zcov4zWa/K7n48kwUAo2UhhF9VL6/K7sqaDK32RlyiQYt6AHoiADAlxtgTAQCAkiMgBADAFGi1WQlJKcqi2s2lildlg1YEACgDVbwqq91clMWEpBStNsugFRWJnggATJIR9UQAAKBUCAgBADAFicm3lbadra1vVS+DlgMAKDO+Vb3sbG2VRf0bfoVCTwQApspYeiIAAFAqBIQAABi93Ly8pJRUZdHbU818bgBgMiyE8PZUK4tJKam5eXkGragQ9EQAYMKMoicCAAClRUAIAIDRS01NF0In23a2tm4uToauCABQltxcnPSGbuhSU9MNW09B9EQAYNoqfk8EAABKi4AQAACjl56RqbRdnSsZtBYAQLnQv73r3/YrCHoiADB5FbwnAgAApUVACACA0cvMzFLalVSOBq0FAFAu9G/v+rf9CoKeCABMXgXviQAAQGkREAIAYPSy795V2vb2tsXuCwAwSvq3d/3bfgVBTwQAJq+C90QAAKC0CAgBADB6Obl5Stva2tqgtQAAyoX+7V3/tl9B0BMBgMmr4D0RAAAoLQJCAABMgE5pWRi0DgBAOfnv7V1X5H4GQ08EACauwvdEAACgdAgIAQAAAAAAAAAAADNCQAgAAAAAAAAAAACYEQJCAAAAAAAAAAAAwIwQEAIAAAAAAAAAAABmhIAQAAAAAAAAAAAAMCMEhAAAAAAAAAAAAIAZISAEAAAAAAAAAAAAzAgBIQAAAAAAAAAAAGBGCAgBAAAAAAAAAAAAM0JACAAAAAAAAAAAAJgRAkIAAAAAAAAAAADAjBAQAgAAAAAAAAAAAGaEgBAAAAAAAAAAAAAwIwSEAAAAAAAAAAAAgBkhIAQAAAAAAAAAAADMCAEhAAAAAAAAAAAAYEYICAEAAAAAAAAAAAAzQkAIAAAAAAAAAAAAmBECQgAAAAAAAAAAAMCMEBACAAAAAAAAAAAAZoSAEAAAAAAAAAAAADAjBIQAAAAAAAAAAACAGSEgBAAAAAAAAAAAAMwIASEAAAAAAAAAAABgRggIAQAAAAAAAAAAADNCQAgAAAAAAAAAAACYEQJCAAAAAAAAAAAAwIwQEAIAAAAAAAAAAABmhIAQAAAAAAAAAAAAMCMEhAAAAAAAAAAAAIAZISAEAAAAAAAAAAAAzAgBIQAAAAAAAAAAAGBGCAgBAAAAAAAAAAAAM0JACAAAAAAAAAAAAJgRAkIAAAAAAAAAAADAjBAQAgAAAAAAAAAAAGaEgBAAAAAAAAAAAAAwIwSEAAAAAAAAAAAAgBkhIAQAAAAAAAAAAADMCAEhAAAAAAAAAAAAYEYICAEAAAAAAAAAAAAzQkAIAAAAAAAAAAAAmBECQgAAAAAAAAAAAMCMEBACAAAAAAAAAAAAZoSAEAAAAAAAAAAAADAjBIQAAAAAAAAAAACAGSEgBAAAAAAAAAAAAMwIASEAACbAQmnpDFoHAKCc/Pf2blHkfgZDTwQAJq7C90QAAKB0CAgBADB61lb/36Hn5OQYtBYAQLnQv73r3/YrCHoiADB5FbwnAgAApUV3DgCA0bO1sVHaWm22QWsBAJQL/du7/m2/gqAnAgCTV8F7IgAAUFoEhAAAGD0HBzulna7JMGgtAIByoX9717/tVxD0RABg8ip4TwQAAEqLgBAAAKNXydFBad9OTTdoLQCAcqF/e9e/7VcQ9EQAYPIqeE8EAABKi4AQAACj5+xcSQgL2c7Kzk65k2boigAAZSnlTlpWtjKxm4WzcyXD1lMQPREAmLaK3xMBAIDSIiAEAMDoWVlaqt2clcW4hCSdQesBAJQhnRBxCUnKotrN2cqywv07jp4IAEyYUfREAACgtOjOAQAwBR7urko7Kzs79ka8QcsBAJSZ2BvxeoM2/nPDr1DoiQDAVBlLTwQAAEqFgBAAAFNgb2/nqXZTFpNS7tyMv2XQigAAZeBm/K2klDvKoqfazd7ezqAVFYmeCABMkhH1RAAAoFQICAEAMBFVvT0c7e2VxfhbyTE34pnhDQCMlE6ImBvx8beSlTWO9vZVvT0MWtQD0BMBgCkxxp4IAACUnIVOx7/XAAAwEVptVmR0bE5urrLGztbW21Pt5uJk0LoAAKWTcictLiFJfz43aysr/xq+FX/QBj0RAJgG4+2JAABACREQAgBgUjQZmVeu3dB/Misfzro6V6qkcrS3t7W2trYwXHkAgELphMjJydFqs9M1GbdT0/UfyMpnsjWrVVU5OhiuwFKgJwIAY2RKPREAACgJAkIAAEyNVpt17Xp8hlZr6EIAAGXA0d6+mo+XcY3YoCcCAFNijD0RAAB4IAJCAABM0424xISkFENXAQB4JJ5qN+N92xM9EQCYAKPuiQAAQDEICAEAMFlabVZi8u2klFQh6O4BwLhYqN2cPdxdjX24Bj0RABgtE+mJAABAUQgIAQAwcbl5eamp6ekZmZmZWdl37+bk5vGUFgAqHgtrK0tbGxsHB7tKjg7OzpWsLC0NXVKZoScCAGNgyj0RAAAoiIAQAAAAAAAAAAAAMCP8FAgAAAAAAAAAAAAwIwSEAAAAAAAAAAAAgBkhIAQAAAAAAAAAAADMCAEhAAAAAAAAAAAAYEYICAEAAAAAAAAAAAAzQkAIAAAAAAAAAAAAmBECQgAAAAAAAAAAAMCMEBACAAAAAAAAAAAAZoSAEAAAAAAAAAAAADAjBIQAAAAAAAAAAACAGSEgBAAAAAAAAAAAAMyItaELAAAAZeP27dth4edLuHPzp5+ysbEp54pKJCYmZuHiJVpt1sABfZ9s1kxZf/bcuVdeGyKEcHKqFLp/r0FrBACUSE5OzpGjxwquV6lUPlWrVq6strCwMERd5uK7739Y/vMqIcSbI94YM+pNQ5cDAAAAoEIjIAQAwETs/Xv/hImTSrjz0UMH1Wr3cq7owXQ63ZBhb16JjhZCrFu/4Z+Df3t5espNGZoMjUZj6AIBAKWg0WQMGjysmB0CAwJeeXlgv769K8iPVEyMNitLdp1xcXGGrgUAAABARccUowAAwGDu3Lkj00EpOvqqQcsBAJSvCxERn0yZ2qFz99B/Dhm6FgAAAAAwa4wgBADABA0c0N/Bwb6YHezt7R5jOUVycXHx8/OLiYmRizWqVzN0RQCAstG1S6fAgAA5WDwhMTEmJnb/gYNyU0xMzKDBw/bu3lGtmp+hywQAAAAAM0VACACACXr/vXGurq6GruLBLCwsVixdvOinJZmZmQMH9Pfy8jJ0RQCAstGpY4fu3brqr0lKSp4VMnvVL7/KxQkTP1y9armVlZWBCgQAAAAAs0ZACAAADKlaNb8vpk4xdBUAgHKnVrt//tmniYm3du7aLYQ4cfJkVNTlunXrGLouAAAAADBHvIMQAAAAAPCYTHhvnNKOjLps0FoAAAAAwHwxghAAALN2ISJiw8bNdnZ2QwYPcnVxuXr12oGDoQdCQ1OSb9fxr/36oFeVsR2Xr1z5Y+368+cvJCUn163jHxgY0K9PHxcX50IPm5CYeOzY8fPnI8LPn79+40ZgQMAT9QL79O5VubI6355Hjx3fs/dvIURA3bq9Xnyh/K8YAGBINapXV9oXL13q2qWTsljyvkMIkZubu237jtP/nrl0KVKj0QTUrRsQWLdN61a1atbMt2daWtr6jZsiLly8FBlla2tTr15g3Tp1OnRo7+riIoSIT0hYumyFEKKSSjVs6JCCb/CNjLr8629rcnNzO3UIbtEiKN9WnU63bPnP8QkJlpaWI0cMd3Z2UjYlJt46cvTo+QsR4eHn8/LyatSoXi8woEmTxvLVjPksWrwkKTnZx6fqa6+8LIQ4c/bcylWrL0RECCEa1q8/etSbPj5VlZ1zcnIOHAw9c/bcsWPHU9PSGtav36BB/Z49e5T4DwEAAAAACAgBADBv167FLFq8RL4OsHatmuPGv69sOnHy5K9rfv9z0/p6gQErVq6a+vl0ZVNYWLgQYuGin+bPCWnWrKn+AXU63dp1Gz6f9qVGo1FWRkZG/bll65x5C0Jmff/sM2319z9y5KgsoFvXzgSEAGBWLC0sZKO0fcfFi5fefW+izM+kU6f/lY23x455c/gwe/t7Od+Onbve/+Aj/cMeOnxECPHF9BlfTpvarWsXN1fXX1b/Jnfw9PTs369PviJ/DJm9Zet2IcTev/f//deOfFtPnTo97cuvZHvsmNHK+j+3bP3o4yn65z0Y+o9sDH9j6Li331IqlP5Ytz4yMkoI0ad3r23btk+cNFnZFBYW3rlzRyUgTElJGfvOeHkVyg5ize8/LVlWaJIKAAAAAIViilEAACCEECGz5yrpoFrtrqyf8tkX23fsVNJB/U1JSckjx4zNyMxU1qSnpw8bPvKDDycrj0TVaneVSiXbGo1m6BtvxsXFP5YLAgBURJFRUUo7MDDgIfqOtLS0EaPeUtLBpk0aP//cs35+fnLxx5A5B0MPyXZ4+PnRb72jHLZli6A2rVvJI2s0mnfenXDrVpKtrW3nTh3lDrv/2pOv2sxMrUwHhRAxMTGXLkXm22HP3n2y0b1bV2X04YeTP3nn3QnKeVUqlbe3l/KRRYuX9Ozd786d1EK/n9DQf/TTQcm/dm3ZuHHjZveevfXTQX//2rJrvhIdfez4iUKPCQAAAAAFMYIQAAATdCX6qto9reB6ewd7Tw+PYj74yeQPe3Tvpla7x8TEjBz99oWIiBMnT544eVI+V/1qxjRfH5/c3NzlK1ZOn/G1zAhXrVo9/I2h8uNWVtbnwsJke/y777w8sL+bm5sQ4vDhIyNGvSUflc4KmT1j+hflc90AgApNp9N9/c13ymJA3boP0Xes37ApJiZG5oirViyrU8dfrj91+t+ly5ar3dXt2z0n18yaPUc22rRuNWvmt66urnJ+zl279/z625oXenTz8KgshOjUMXjtuvVCiL/27M3M1OrPMhp6f9iftHvPHuV00vYdO2VDSRn37T+w5ve1sv1M2zaff/aJDC/v3EldtuLnH0PmyMGRs+fOm/zhBwW/opGjxwoh/Pz8Bg961dPTMy4uLis7S8kXf/hxtpKVjh/39rChg+VIxJjY2LffGX/m7LmH/ZMBAAAAYHYICAEAMEF9+79U1Kaoi+FFbVowd3ZwcDvZ9vPzmz5tap9+A+WiWu0+J2SWfOOglZXV0CGvnzp9euu2HUKII0ePKQGhg4P9z8uXhIYe6tgx2NfHRzlyixZBH37w/seffiYfv5bdhQIAjEZKSsq33/2wb/8BufhM2zbVqvk9RN+hzCY69q3R+nFd0yaNm/7wvf4ZDx26N9Ju0gfvy3RQCGFtbd2lc8cunTsqu7Vq2VJpHz12TH860+07d+ofcNv2naPeHKEsRkdfvRIdff9yWgshsrOzp0ydJtcEB7ebGzLLyspKLrq4OL8zdoybq+vUL6YLIZYsXT6gX19//9oFv6imTRr/snK5ra1tvvVRly/LIFP+oGfw668pm/x8fX9ZuWLIsOEMIgQAAABQQgSEAABAyERQSQelJo0bqVQqOXTjhR7dZTqo6NSxgwwII6Mu668PqFtXjgjJR3nempSUnJ6eXqlSpfK5DgBAhXDo8NGsrCwhRF6eLi4uLjLq8t6/9+nPuvn1V9Mt7r+DsFR9R3Z2tlx59mxYCYsJDw+vFxhQ1FYHB/vu3br+uWWrEOLvv/crJ83Kylq/YZMQon79JxwdHI4dPxEWFh4TG+vn6yt3+HvfftkIDm4nZy49cvSYHN0ohBj39lglHVQMHNBv9tx5SUnJQoh1GzZOnDC+YD1ffzW9YDoohPj9j3WyoVa7DxzQr+BVNGzYgIAQAAAAQAkREAIAYIJe6NHd3t7u0Y9TpYp3ZGSUEKJWzZoFN8mG8iS0eF5enko7ITGRgBAATNuvv6359bc1hW7y8/P7/n9fFT/ltVRo39GwQX05sefadevT0tJGDB/WtEnjQj/etEnjg6H/CCEmTpocdfnKSwP6Ka8qzKdTxw4yINyybdunn3wkk8vDR47Krd26dHZUOcrsbe/f+wa9+opcv3P3X7LRpVMn2bhy5d6Awvr1nyg0krS1te3bp/eChYvlRKMFd3j3nbG1a9UqtEhl/969XpQziwIAAADAQyMgBADABE355CNlLrVH4ejgIBv6L2SSCh3ckE9eXl5yckp8fPzNuPiEhIRHrwcAYNTUavexb41+aUB/a+si/yn6wL6jT+9eS5Ytl4Pwdu7avXPXbm9vr149e/Z8oXu+FwSOHjni4P2XCC5YuHjBwsWNGjbo+UKPbl27yLcPKuQEoXKo4oWIizLbU94v2KFDe3s7+8+mThNCbN26XQaEt2/fPnI/QXz+uWdlIzLqXoZXo3q1oi5QTqwqhAgLL2TS71pFpIP6Q/aVIYwAAAAA8NAICAEAQBnTarXbd+zasXPXzl27C91Bp9M99qIAAI9V/359mjZpItvOzk7V/Pz8/HydnJyK2r/kfYeHR+Vffl4+6aOPlZcRxsXFz1uwcN6ChcHB7aZ8PLlq1SpyfVBQ84Xz53w4+ROZJgohzpw9d+bsuS+mz3hzxBtjx4xWfv5SqVKl4OB2u3fvEULs27e/XmDA3bt3t2zdLoQIDAiQw+gbNWxw5uy5Y8dPJCbe8vCorESPzz7TVpmF+/LlK7Lh5eVV1JUqQyfj4uJzcnKKyUr15ebmKkP2vTw9H7Q7AAAAADwAASEAAChLFy9eevX1IcqjWMnPz8/Tw+PEyZOGqwsA8Fi1btWye7euJdy5tH2Hv3/tNb+uOnbs+IZNm7ds3a682nD37j0REZc2rvtdSezat3t+357df+3Zs2Hj5r1/71OOsGDh4tjY2Fkzv1Peg9ilUycZEO7+a8/IN4cfPXZcHrZ79y5yhx7du505e06+erBf3967du+598HOnZTDqtVq2UhPTy/qYvVfxFjCdFAIof86w6zsrBJ+CgAAAACKYmnoAgAAgOkIDz/fd8DL8gmvv3/tz6Z8vGvHlqiL4X//tWPNryuV3ZSnsQAAPFzfYWlpGRTUfMb0L04eO7R44bwnmzWT62NiYjZu3qy/p4ODffduXRcvnHf6xJEvp3/u7X1vbN+WrdvPn7+g7Pbcc8/IxqnT/966lbRj5y652LFDsGwEt28nGzt27srOzpbvLNSfX1QI4V/73gShN27cLOp6b96Mk43AgEJeUlgMf//aspGQkFiqDwIAAABAQQSEAACgzCxbsVIOjOjYIXjD2t9fe+VlOS0bAABFecS+w9ra+vnnnl29ann7ds/LNWfOnC10TycnpwH9+v65cZ1a7S7XhOsFhK4uLs8+01a2Dxw8uGHjZpnJ1b7/UsBq1fzq139CCLH3733KYMSgoOaVK6uVg9Sqda/yU6f/LWoQYeg/h2Sjzv3Ar4SqV7v3XsPzFyJK9UEAAAAAKIiAEAAAlJm/9917YPr6a68oL3aSMjO1BioKAFChlUnfYWVl9dyz94YAOjg4FLOnm5tbi6Dmsm1vb6e/SZksdM7cBTKzfKFHd/0dunXpLBszvv423xqpceNGsqHRaNb8vrbg2cPDzysvL3z66adKeHVSnTr+srF23frk5OR8W2OvX1dmPQUAAACAByIgBAAAZcbZ6d47n+LiE/TX37qVNGTYcGVRp9M99tIAABVUafuOc+fCvvn2+3yj6PLy8pRJQeU4PyHE1m07QmbPvXUrSX/P5OTkw0eOynZgYKD+JmWy0CvR0bLR6f78olJw8L1ZRmNiYmRDGbYo+fr4jB45Qranz/h62/ad+lujLl8ePXacUmSP7iV9R6M0cEA/pT3po0/0RyhevHipd98BSlUAAAAA8EAlfSM6AAAwIs883yHfqIh8dm7709XVtczP26RJI/lQ9dPPPhdCBAbW1WqzDhw4uOinpXIoBgAA+ZSq78jM1L45+q24uPgFCxf36d2rU8dgDw+PhITEZctXHDp8RAihUqmC27UTQkRcvDj2nXeFEIt+Wjpk8KDmTz+lUqmioqJC5syX7zsMCmpeq2YN/YNXrqwOCmp+5H58WLNGDf//zgJau1Ytf//akZFRcrFpk8bKGw0Vo0aO+O33P+Qp3np73DNt2zRt0tjKyupKdPT6DZuU3aZO+cTKyqpUX5Sfr2/vXi+uW79BCPHXnr2duvZo9/xzFhYWJ06cuhDBpKMAAAAASoeAEAAAE6TRaIoP5HJz88rjvKNGjpBPPzUazXvvf6C/qXOnjpaWFlu37SiP8wIAjFep+o6cnLuNGjaMi4uXM22uXbc+39Fmz5opXwpoaWEZGBBwISJCo9HMnjMv325qtfv3//va0jL/nDpdO3dSAsIXe/YoWG2Pbl1nzgq5t/N/5xeVHB0d1/3x28RJk+Vx9h84uP/AwXynnvnd/5o2aVyC7ya/SRMnXL167cTJk0KIuLj4X1b/pmwaOKD/M21bj37rnYc4LAAAAAAzxBSjAACYIxsbm3xrVI6Oxexva2tbksPWrlXr919XKXO7SY0aNpgT8sOckB96vdhTrrG2KuQnSvb2hb8yqvihkACAisPG5mF+gVqqvsPJyWnenB+XLF7QskWQSqXS/8gLPbrv27vrmWfayMU6dfw3bfhjyqeTGzVsoL+bSqV6a8yovbt3FBz8J4QIbn9vElG12r1nYQFhzxe6K+dVds7H18dn5fIlU6d8EhTUXL/IwICAoUNe37V9a+tWLYv6Nuzsiutw1Wr3lSuWjBg+TClepVIFB7f79psZ07/4rEmTxn5+fsV8HAAAAAAUFrwECAAAlLnk5OTY6zdsbW28PD3d3NwMXQ4AwAgprF2PAAAgAElEQVSUtu/Q6XTx8Qlx8fFVqnh7enhYWFgUtWdubu7Va9cyMzJ9fX1dXJzLuvAHFHnjxs1MrbZ6Nb+Cv855FElJycnJybVq1SztVKUAAAAAQEAIAAAAAAAAAAAAmBemGAUAAAAAAAAAAADMCAEhAAAAAAAAAAAAYEYICAEAAAAAAAAAAAAzQkAIAAAAAAAAAAAAmBECQgAAAAAAAAAAAMCMEBACAAAAAAAAAAAAZoSAEAAAAAAAAAAAADAjBIQAAAAAAAAAAACAGSEgBAAAAAAAAAAAAMwIASEAAAAAAAAAAABgRggIAQAAAAAAAAAAADNCQAgAAAAAAAAAAACYEQJCAAAAAAAAAAAAwIwQEAIAAAAAAAAAAABmhIAQAAAAAAAAAAAAMCMEhAAAAAAAAAAAAIAZISAEAAAAAAAAAAAAzAgBIQAAAAAAAAAAAGBGCAgBAAAAAAAAAAAAM0JACAAAAAAAAAAAAJgRAkIAAAAAAAAAAADAjBAQAgAAAAAAAAAAAGaEgBAAAAAAAAAAAAAwIwSEAAAAAAAAAAAAgBkhIAQAAAAAAAAAAADMCAEhAAAAAAAAAAAAYEasDV0AAAAoX7l5eamp6ekZmZmZWdl37+bk5gmhM3RRAIB8LKytLG1tbBwc7Co5Ojg7V7KyNJ1fc9ITAYAxMOWeCAAAFGSh0/EPMwAATJNWm5WYfDspJZXnsABgbCzUbs4e7q729naGruSR0BMBgNEykZ4IAAAUhYAQAADTdCMuMSEpxdBVAAAeiafaraq3h6GreEj0RABgAoy6JwIAAMUgIAQAwNRotVnXrsdnaLWGLgQAUAYc7e2r+XgZ1wAOeiIAMCXG2BMBAIAHIiAEAMCkaDIyr1y7kZObq7/SztbW1blSJZWjvb2ttbW1heHKAwAUSidETk6OVpudrsm4nZqelZ2tv9XayqpmtaoqRwfDFVgK9EQAYIxMqScCAAAlQUAIAIDp0GqzIqNj9Z/J2tnaenuq3VycDFoXAKB0Uu6kxSUk6T+ctbay8q/hW/FHb9ATAYBpMN6eCAAAlBABIQAApuNi1DX9+dzUbi6+Vb0YpQEAxkgnROyN+KSUO8oaR3v7urWrGbSoB6MnAgCTYaQ9EQAAKCFLQxcAAADKxo24RP1nsl6V3f14JgsARstCCL+qXl6V3ZU1GVrtjbhEgxb1APREAGBKjLEnAgAAJUdACACAKdBqsxKSUpRFtZtLFa/KBq0IAFAGqnhVVru5KIsJSSlabZZBKyoSPREAmCQj6okAAECpEBACAGAKEpNvK207W1vfql4GLQcAUGZ8q3rZ2doqi/o3/AqFnggATJWx9EQAAKBUCAgBADB6uXl5SSmpyqK3p5r53ADAZFgI4e2pVhaTUlJz8/IMWlEh6IkAwIQZRU8EAABKi4AQAACjl5qaLoROtu1sbd1cnAxdEQCgLLm5OOkN3dClpqYbtp6C6IkAwLRV/J4IAACUFgEhAABGLz0jU2m7OlcyaC0AgHKhf3vXv+1XEPREAGDyKnhPBAAASouAEAAAo5eZmaW0K6kcDVoLAKBc6N/e9W/7FQQ9EQCYvAreEwEAgNIiIAQAwOhl372rtO3tbYvdFwBglPRv7/q3/QqCnggATF4F74kAAEBpERACAGD0cnLzlLa1tbVBawEAlAv927v+bb+CoCcCAJNXwXsiAABQWgSEAACYAJ3SsjBoHQCAcvLf27uuyP0Mhp4IAExche+JAABA6RAQAgAAAAAAAAAAAGaEgBAAAAAAAAAAAAAwIwSEAAAAAAAAAAAAgBkhIAQAAAAAAAAAAADMCAEhAAAAAAAAAAAAYEYICAEAAAAAAAAAAAAzQkAIAAAAAAAAAAAAmBECQgAAAAAAAAAAAMCMEBACAAAAAAAAAAAAZoSAEAAAAAAAAAAAADAjBIQAAAAAAAAAAACAGbE2dAEAAMBM/Thv8ZWrMUKInt06Pde21WM+u06n27PvYPiFiz5Vq3TrHGxna/uYC6g4flu78fCxk0KIZ1q36NWjy2M779WY2B/mLJLtmV9NfWznBQAAAAAAAAEhAAAwjLR0TV5enhAiJyfn8Z/98LGTm7buFEJEXo7OyMx8dUCfx1/DQ8vNzU1P16hUjtbWZfDfctnZd+UfRHLK7bKorqSysrLleQEAAAAAAPCYERACAABzFHU5Wmlfi7lu0FpKJDNTe/Dw0TPnwpOSUjQZGXKljbW1m5vrk00bBT3VzM3VxdA1AgAAAAAAwDgQEAIAAHNUq2b1YydPy7afT1VDl1McjSZjw5/bj5/6t+B4u7s5OQmJt7bt3LNt554nAuu+3L+3UyWVgcoEAAAAAACA0SAgBAAA5qhl8yczMjPDz0f4VK3SvUsHQ5dTpGux1+cuXJap1crF2jWrN23c0KOy2sHBPikpJS4+4WZ8wrnwC3l5eeEXLk798tvXXu7XuMEThq4aAAAAAAAAFRoBIQAAMEcWFhbBz7UNfq6toQspzsnTZ5f/ska2q3p7vTH4FbW7m7K1up+vbGg0GRu37Dhy/OTdnJwlK1aPGTGkrn8tA5UMAAAAAAAAI2Bp6AIAAABQiBtx8Uo62LVT+4nvjtFPB/WpVI4v9+/1wfi3LC0thRDzFi+PT0h8vMUCAAAAAADAmDCCEAAAFCcvL+/Q0RNRV6Jv3ozPys6u4u3l51u1Uf16Vat4F7r/1ZjYyKgr0ddiExJv2dhYV/P1qVWz+pNNGllYWJTqvDqdLvzCxehrMdFXY27fSXV2qlTNz7d+vQD/WjUKnvHgP0dtbKy7dGzvVEmVlZV14VLUxUtRl6KuWFlaVvPzafBEYMP69Qoef826TTk5uUKIbp3au7q6yPUH/jlyLea6EKJJo/r16wXk+1RWVtYfG7YIIWxsrHu90NXG2rrQGuLiE86cO3/u/AWNJsPby7NT8HPVfH3knjduxu07eCgm9oYmI8Pby9PP1+f5tq1UKsf8J8rOnrd4uWy/9ebQOrVrPvAbq+rtNeilvstWrcnLy1u/edvIYYPy7ZCbm3vmXHjUlauXoq5otVpfn6o1q/u1bRX0wCPLP4iY2Bu3kpIdHR2q+fpU9/NtWD/Qzs6uqI/IP76rMbFXr8XGJyS6u7lW8/Ot7ufbpFH9Ev5NSEpO2bs/NCsrWwjRMujJWjWqK5u02qxz5y9cvRYbfS0mKyu7stq9mp/PU00bV1a75zvIsROnL0ZetrGx7tm9s52tbVJyyrZde65EX8vKylKr3TsHP18voE5ZXULJv6Uy/9sCAAAAAABQWgSEAACgSNdiry9atio1NU1Zk5Scci78wrade9q2Cnqha0dbW1tlU/bdu7+v23z0xCn9I8TE3gg9fOyvvQeGvDbQ06NyCc+bcvvOoqUrr9+MU9YkJN6KvBy9Z9/BZk0aDujd097+/0OX+IRE5aQtmj+p/8Y+OQ7v8LGTTRs3fHVAb2vr//8vn9zc3H+OHJftZ9u0UALCI8dPxsTeEEK4uDgXEhBm31XO1f65tsqQPqUGCwuLqlW816zbpHzkVlLyufAL7741okY1v+27927buUfZdPtO6oWLkX/vDx0+5NWAOrX1T7Rt5x75tbd4ulnBdFCn0yXeSrp6LTbh1i1bW1tvT4+Auv62NjZNGzc8fSbs9Nmw8xGXklNuu7u5Kh9JTUufs3BpXHyC/tnPhV/Ysy+0mMDp9p3UJT+vvnotVn9l9NUYIYSDvf2w118uNLm8ffvOwv/+8aXcvhN15aoQwmuXx7BBL3l5ehR1Rik55fbX38/Oys4WQri5uvR6oYuyKfJy9OJlq/T/iOMTEsPOR2zbuadHlw7tn2urn96dv3jpxKkzQoh6AXVcXJy/+3G+siktXXM27HxRAWGpLqG031KZ/20BAAAAAAAoLQJCAABQuIyMTP2wTe3u5ujocOtWslxz4J8jNar7PdW0sdyqycj46vvZSpToYG/v4aHOyMi8lZQsU7oZ34V8/vH7TpUqPfC8l6OvhsxfkpeXJxednZ3c3VyTkpLT0jXytXw3bsZPGv9WwVFcR4+fCj18TFm0sba+m5Mj26f+PevlUblLx3Zl8cUU5+Cho4UW8PPqPzq2f1bJe/Q33c3JWbR05fQpk5ShZrm5uQf/OSK/xt49u+kfPzNTu/qPDWfDzivfj2RpaTnzq6lCiF49upw+GyaE2B96+MXuneXWW0nJ38ycI/M2yamSSqvNupuTo8nI0GRkFHot0VdjZs1brH8iB3t75e9DplY7e8GSHl075nuP4+XoayHzf9L/lMrRMScnR549PiHxq+9nf/3Fx7Y2NkV9h6lp6d/Omif3d6qkeu/tkY4ODnLT3v2hG/7cruxZWe3u6OgQH58od968bVdauqZXjy4Fj3kzLmHVb+vyrfSpWqXQAkp1CQ/3LUll8rcFAAAAAADgIRAQAgCAwu0PPSxzDhtr63Fjhvv6VJXrL0Vd2b5rj5NTpSebNFJ2Xr95m0wHLS0tX+r3YvMnm8r1ySm3Fyz5OS4+IS8v79c/Ng4f/ErxJ83Ly1u+ao2MW1xdnIcOeqm6n6/cdDHy8uJlq7Kys+PiE0IPH2vTsnm+z8oQpZqfT7dOwbVr1bCxto69fnPB0p9lYTv37Hv+mdb6Qw/LT+fg51u1eNrF2Sk+IXH2wqWpqWm3kpJ/WbNeCOHt5Tls0EueHpXz8vK279q746+/ZeU7/9rXo2tH+fFTZ87JaxnY70U7vTGa+QbPqRwdVSrHhMRbQgjv+wPaXF1dZJ50Q2/029qNW5R08Lm2rbp1ai+HfiYk3pq7aFnK7TsFL0Gn061Y/buSe/V9sXvzp5ra2drm5eVduRqzaOlKWcbmrTubNmqgjKTU6XQrflmjfKp75+BnWreQUVZ8QuLGLTvCzkd069S+mHQwIzPz+5D5MrN0sLd/7+1RSqicnHJbSQfr+td6bWBfZ2cnufj3gX/Wb94mGy2bP+nt5ZnvsFt27JZ/OVu3eNqnircmMzMx8VajBk8UfuElvoSH+5byecS/LQAAAAAAAA/B0tAFAACACirqSrRsdGj3rJIOCiHq1K45duSwwa8MUMbwxV6/eezEadke+tpAJR0UQri7ub49apjl/7F3n+FRVH0fx8+W9J6QQhoBQmgiEHqRjpEqHQQV24Ndb3tXVKy35VbsIihFVFBEmiJWeu8lIZDeSSVls0l2nxcHxjVl2YSETXa/n4sXZ2bOzP5nkyuTzY9zjlothDh24pTpFJe1+mvbzoLCIpnlPHTvPCUdlJnQHRfzxR/Xbar19EH9+zx077xOUZFydcDQkNZ3zJ0tDxkMhqSU1FrPalw3zZo25toRXp4eQojAAP+5N0xXDjlotQ/cdbucalWtVo+NGdm+7YWl9WLjzyjd5KyYarX6apOlEzMysxZ+8oUMnAb2673g+Sdfnf/U3XfMlUdNp8oMCgqQ4Z/cTMvIPHEqTravGzV88oQxysSwAf6tnnr0gVqnft26Y3duXr5s33/X7dcM7CejSrVa3b5tm+eeeEhJLr/9fq1y1q49+5W48babbxg9Yqgy0C0wwH/erTe+89r8UcOH1PXW6fX69z5aJK/goNU+fP+dPhenfhVCfLP6R6Xsu++Yq6SDMvUcOXSwbK/d8EutF1er1c889uC0SeMH9Os9atg1N0yf7OHuVrNbvW6hYe+Sqcv/bgEAAAAAAGgAAkIAAFC7youzGiYmp5jvuW3XhZkSw0KDu5lkWpKbq+ug/n1kWy7vZ8Zf23bKxshh13ibhENSVGS7Vn6+chCV6cqIkouz84wpE2UYqWgTFurmemGNPSUzazouzs69o7ub7ols31Yp6epuXaot+Nc7uodsnDuXp+yUdUZFtlNONBqNS79eJdtzZk6ZOfV6GW6djD0td3buFKWcLtPcwovvz59/75ANB6125LDB1Qp2cnQMDw2peSO//7VNNiLahEW2i6h21M3NdfSICyFZ7OkzJSUXJind8udW2QgKDOhe2/g8jUZTc6dUVVX1wcVVEtVq9X/unWeaXJaV6WJPX0jFZk69vtpXWQgRM3q4bKSkptV6/ckTxshvHvPqdQsNe5cUjfLdAgAAAAAA0ABMMQoAAGoX0Sb8bGKyEOLEqbh3P/xsXMyoqMh2tfZMS8+QDR9v79NnEmp2KC0ru9AzI7NP3a9oNBqVwVvOTo61XkqRnpllOobMDB8fLzllZX5+gSX9G52bq4tcQLF1UGC1Q74+3rKhTBwq59KU4+SUPQcOHU3PzBJCdO3c0XSApjI0sF1EuLLTaDDIOFBuZmRlyUbP7t0cTSYsNcP0CzF00IBa+wzq33f9z1tkOzM7Rw5uy7v4Dg8fMsiSF1IUFBat+Pb7pOQLQzzvv+u20JB/LRCo3IWMEs18b5wvLqmqqqqWRAYG+A8Z1N+SSiy/hQa/S+bV97sFAAAAAACgAQgIAQBA7YYOHrB1+y65GF5iUsqHny1xcnSM7nn14P59TGccFUJkZeXIxpFjJ44cO2Hmmjnncs0cVWZrFEKs2/Sr+fLO5Vo6iEp7MSozGI0WntK4lAKcauRzDjVW49Pr9XJNO3eTCTBPxcXLxrRJ4007n44/K5ddNM3D5DsTEHAhX1RGmwX4+1lYsOmqhK1a1T7qztXVRa1Wy1Izs7Lbt21TWHReWY0vMKCWaUvNeOGV/yrtO2+7qV1E9SAtPeOfgPCjz7+8ZP3VBgu2rrEqYa3qdQsNe5cuWUO9vlsAAAAAAAAahoAQAADUztvL8z/3zlu8bKWS25Xr9Tt379u5e1+b8NCbb5iuZDDler1sqNVqTY25H021bRNm5mhhYZHSVgbA1UqtVlsY+bQ4Sj5UUVGp7JSrJzo5OipjyIQQyalp8p3v0P6fkZ1VVVVyHF7rwEC58qIy2szH21tYxnQuVm+v6hO9Ktzd3eREr7L/OZP016fusy7p9JmELiYzpkoFFn9vODs7eXi4N+yl63ULDXuXAAAAAAAAmgMCQgAAUKfQkNbPPfHQiVNx23ftPRl7WhlclZSc+tZ7Hz/7xH/c3dzkKoNyDs85M6f07tn9Uletk5/JqK8Xnn7Ew72BMU+Lplar5Ziz8+f/WWQxLy9fCOHi4mzac9uOC0s/Brf+Zy7KA4eOykGfV3XtJK+mHKqoqLCwBvlllXQ6nWcdeVu5rvxif1e55J5yqLSsrOYSkmbMu/XG3/7ceiYhSS7sF9EmrNr6f/4Xh+h5enq8/Ozjll+5Xup1Cw17lwAAAAAAAJoDc//HHwAAQKVSde3ccd6tN771yvNzZ89QRg2W6XTbdl4IqIIC/WUjMzP7cl7L28tTCbSUaUutxkrzkSqTi6ZeXNlRpmJyFF1xSYncczYxefe+A7KtvTi/aEFB4fdrN8j1C5WAzePiVKX5hYXCMgEms2uaTqRpymAwKCNHgwIDhBD+rf6ZwjTH4glgpa6dO979f7co311fLv+22ni7oIsDRotMZgFtdPW6hYa9SwAAAAAAAM0BASEAALCIRqOJ7tHt6UcfCA8LkXsSEpNlQ0k+jhw/eZmv4nNxzNblX6phXJwvjNIrLDp/qb5NJbJdhBAiNS2jvPzC4LO2bcJl4413P/ztz60/rv954SdfKP3Xbfo19vSZP7fuePN/H8kJRWdMmagc9bk4K2lKarqFBTg6OCjvw8nY07X2OX0mQWm3DgqU3yFKGHniZGx97ljIiUPvu/M2OX2owWBY+OliJVqrlq4pKzI2unrdQsPeJQAAAAAAgOaAgBAAANSDRqO5+uLQNEdHR9no2rmjbGRl5xw8fPRyrq9c6q9tOwvqGJXVpAL8LwwLO5uYVPNoXPyZK1BD925dZWPX3gtjBMdcO0I2iorO/7Rx8x9/bzcYDP37RN8xd7YQ4lxu3keff7lm3aaS0lK1Wn3nbTd1aN9WuVpw6yDZOHEqrqhG6pmdc+54bUlYVIf2svHXtp2mQZ1iwy9bZMPF2VlZGbF92wil8qLzxfW9cR9vrztvv1m508VLVyqHnBwdlS/Ndz/8ZGyk8Z2VlZV5+QWmV6vXLTTsXQIAAAAAALA6AkIAAFC7s4lJK1etSUxOMd1pNBoPHDwi2xHhobLRtXPH9m3byPaKb384fOyE6SkGg2Hn7n1Pz3/tvY8+r6qqMv+i468bJceQCSH+99HnmVn/mrNUpyv/cf3Pjz794rqNmy/7/mqnxGnncvP27D+o7Dcajet/3rJs5eomel1TXTp2cHJ0FEL8uP7nvPwCIUQrP98nHr4vok2Yg1broNVGtouYMWXiDdMnd+vaOWbkMDns0sfbq3/fXk8+fF+XTlGmVxs5dLDS/vyrFaVlZcpmcmram+9+KAcdVjN14lg53avBYHj/40XK1KbyrVj94/qk5FS5OX3KBGVi2EkTxijdFn7yRWFhkek1d+3Z//izL6/+cb2Ze+/Qvu2k8dfJ9qm4+J+3/KEcmjNzimzkFxR+uniZ6Y3Ir9dnS5Y/+vSLx06cMnN9U2fOJj727Msvvvb2My++rpRar1to2LsEAAAAAABgdVprFwAAAJqjcr3+k0VLy/X6XXsPdOkU1btnd28vz/zCwl9//1uGdmq1unfP7kr/2TOmvPzGu0KIisrKxUtXhoUGR4SHubm65uTmHjt+Sg6uOpuYvO/g4X69o828rpOT07TJE1auWiNzoNfeXtixQ/vQkGCVEBlZ2cpYty1/bh00oG9TDMnq06vH2vU/y4JXfPvD/oNHwsNCMjKz406fqXWIWFNwdHScO2fGZ0uWGwyGxctWPnL/XSqVKjgo8KF759XsPDZm5NiYkWauFuDfqnPHDnIOzOSUtPmvvNUxKlKlUiUkJdccUKjw8vKMGTVs0+bf5WSn8195q1PHDgGt/EpKS2NPn1GW3AsNad2rx9XKWT7eXiOHDv7tr21ybOLLb7zbtXPH0NDgkpLSo8dPnsvNE0Js3bF78IC+ZhbkGz5kUGJSyqGjx4UQmzb/3iYstHPHDkKIiPCwnt2vOnj4mJzSU95IcFBgmU6XkJScnJImT//6uzWvzn/Kkvd54+bf5HKGJaWlf23bOXFcTH1voWHvEgAAAAAAgNUREAIAgFpUVVa1bh2YmJQip6Y8cSquWoe5c2Z4eXkqm638fB+85/8WL/36fHGJXO6u5op3A/v17tur5yVfun+faIPBsGrNOhnexJ4+E3u6+sSec2ZOaaIJGx0dHGZMmbjsmwsjBU/FxZuueDdl4tjf/9pW8O9RZU2ha+eO0T26HTh0NCU1fcsff48eMfRyrnbD9Mnvf7xIhlvlev0RkyGe3bp2vvqqziu+/aHmWTEjh2k1mnWbfpW579Eaq0J269p59ozJ1XaOu25URWXl39t3ybMOHT0uoz7JQau97eYbzKSD0k03TEtNz5AFf7Zk+XNPPCS/3HNmTnV1cdm+a69yI0f+PVzVxdn53nm3WPi2mM4sWmUwNOwWGvYuAQAAAAAAWBcBIQAAqIWrq8tD9847dOTYpl//yM45ZzCJT6Ii202fPEFZEE7RLiL8+aceWbdx89HjJ/NNlg900Go7d4q6btSwkODWtb6WspahYmC/3p07dli1Zl1iUkpJaamy38PdrWf3bqNHDPX0cK95HQdHh4bdrIPDv07sHd3d19dn6dffKXfhoNW2jQgfc+2IdhFtiorOb/lza52XMluDMnuqJWZNvf7kqdNlOt36n7ecioufPWOKn6+P+VMMBsPxk7FarVYOuVN4eXo8+cj9q35Yd+jIMTkOUq1Wh4UG9+7Zfcig/vkFhS7OzjUnGlWpVKOGD7mqS6c16zalpKYrXwgHrTYw0H/UsGt6du9WswaNRjP1+nFdO3f8acMvGVnZyneOt5dn24g2U68f5+HuVu2UmnNvarXa+++6/d0PPi0oLDIYDIu+XPH4Q/fKl54xZWJ0j6t/2vhLenpmRWWlckpggP+Avr0GD+xX65tc69dl+JBBZxKS5GUH9uvdsFto2Ltkpqp/jtbnuwUAAAAAAKBeVKb/dRoAALREh47/M7yvR9cos30bwmg05uUX5OcX+Pn5ent5qlSqS55SVVWVlZ1jMBg83N1NBxo2QHl5eWZ2joODg5enh5ur6+Vcqr70en16RpaLi3NggP+VfF1FYlLKZ0uWK5nT6BFDhw8ZWOubcL64ZOuOXX9v2yVzvjdeetbZ2anWaxYWnT9//nxw66D6LoknvxDenp6Wf0GNRmPOudyKysqgAH+NRlOvl7NE0fnivLx8V1cXLy9PpxoxsyXOFxefy80Lbh1U1+n1vYUGvEuA5Zr6p/3laM61AQAaCz/tAQCwJQSEAAC0eHxQt2H6iooNP2/5c+sOZY8cmhbSurWrq0tefkFuXl5ubr7p+L8O7dvecuNMd7fqA/UAtHTN+ad9c64NANBY+GkPAIAtYeYiAACA5svRwWHyhDED+/Ve9s1quaxjRWVlalpGalpGzc49u1913ajhl1zhDwAAAAAAAHaOgBAAAKC5Cwzwf/SBu/PyC06cios/m1BUdP58cYmTk6Ori0uAfyv/Vn7+rfzCQoM93GtZmhEAAAAAAACohoAQAACgZfD18R48oO/gAX2tXQgAAAAAAABaNrW1CwAAAAAAAAAAAABw5RAQAgAAAAAAAAAAAHaEgBAAAAAAAAAAAACwIwSEAAAAAAAAAAAAgB0hIAQAAAAAAAAAAADsCAEhAAAAAAAAAAAAYEcICAEAAAAAAAAAAAA7QkAIAIANUCkto1XrAAA0kX//eFfV2c9qeBIBgI1r9k8iAABQPwSEAAC0eFrNPw/0yspKq9YCAGgSpj/eTX/sNxM8iQDA5jXzJxEAAKgvHucAALR4jg4OSlun01u1FgBAkzD98W76Y7+Z4EkEADavmT+JAABAfREQAgDQ4rm4OCnt4pJSq9YCAGgSpj/eTX/sNxM8iQDA5jXzJxEAAKgvAkIAAFo8d1cXpV1QVGzVWgAATcL0x7vpj/1mgicRANi8ZqhWHfkAACAASURBVP4kAgAA9UVACABAi+fp6S6ESrbL9fr8wvPWrggA0JjyC8+X65WJ3VSenu7WracmnkQAYNua/5MIAADUFwEhAAAtnkat9vPxVDYzs3ONVq0HANCIjEJkZucqm34+nhp1s/scx5MIAGxYi3gSAQCA+uJxDgCALfD39Vba5Xp9anqWVcsBADSa1PQsk0Eb//qB36zwJAIAW9VSnkQAAKBeCAgBALAFzs5OAX4+ymZufmFG1jmrVgQAaAQZWedy8wuVzQA/H2dnJ6tWVCeeRABgk1rQkwgAANQLASEAADYiOMjf1dlZ2cw6l5eSnsUMbwDQQhmFSEnPyjqXp+xxdXYODvK3alGXwJMIAGxJS3wSAQAAy6mMRj6vAQBgI3S68vjE1MqqKmWPk6NjUICfj5eHVesCANRPfuH5zOxc0/nctBpNZERo8x+0wZMIAGxDy30SAQAACxEQAgBgU0pKyxKS003/Miv/OOvt6e7u5urs7KjValXWKw8AUCujEJWVlTqdvriktKCo2PQPsvJvsm3Dg91cXaxXYD3wJAKAlsiWnkQAAMASBIQAANgana48OS2rVKezdiEAgEbg6uwcHhLYskZs8CQCAFvSEp9EAADgkggIAQCwTemZOdm5+dauAgBwWQL8fFruak88iQDABrToJxEAADCDgBAAAJul05Xn5BXk5hcJweMeAFoWlZ+Pp7+vd0sfrsGTCABaLBt5EgEAgLoQEAIAYOOqDIaiouLi0rKysnJ9RUVllYG/0gJA86PSatSODg4uLk7uri6enu4atdraJTUankQA0BLY8pMIAADUREAIAAAAAAAAAAAA2BH+KxAAAAAAAAAAAABgRwgIAQAAAAAAAAAAADtCQAgAAAAAAAAAAADYEQJCAAAAAAAAAAAAwI4QEAIAAAAAAAAAAAB2hIAQAAAAAAAAAAAAsCMEhAAAAAAAAAAAAIAdISAEAAAAAAAAAAAA7AgBIQAAAAAAAAAAAGBHCAgBAAAAAAAAAAAAO0JACAAAAAAAAAAAANgRrbULAAAAjcxgMKSlpcWfOXv6dLwQIjKyfWT79iEhwRqNxtqlAQAAAAAAALA+AkIAAGzKiRMnn3zmuePHT1Tb7+bm9vSTj82YPk2tZv4AAAAAAAAAwK7xJ0IAAGzH8hUrJ0yaWjMdFEKUlJQ889z8WbNvTkpKNt1fUFg4bcYNMWMnxMefuYKVNtwjjz0RM3bCj2vXWbsQAAAAAAAAoKViBCEAADbiVGzsCy++rGyOG3tdl86dtQ7ahLOJ6zZsLCkpEULsP3AgNS2tTZtwpVtsbNzBQ4eFEFnZ2ZGR7a1Uu6X0er2MBhMSE61dCwAAAAAAANBSERACAGAjXlrwmmz4+fku+2pxx6go5dAzTz/x+RdL3l/4Yb9+fQcNHGB6Vnp6+hWvtOEyM7OsXQIAAAAAAADQ4hEQAgBgC/R6/e7de2R7wUvzTdNBIYSrq+uD999769ybXVycq52YkpJ6Bcu8XGktKs4EAAAAAAAAmicCQgAAbMGZswlKu3ev6Fr7eHp61NyZnJLSlHU1srQ0AkIAAAAAAADgchEQAgBgCzRqtdJOTEzy9fW95CmFhUUZmRlHjx2Xm7Gxcc7OTrKtVmt69ugu258vWpyblxcSEnzTnNlCiCNHjy1fsfJUbKwQolvXrvfcfWdISLByTYPBsGfP3uMnTx47diIjIyMgwL9L584DBvTvfnW3usooLS3dsXP3yZMnjx47XlxS0iY8rHPnTiOHDze9rBCirEyXkZmxZ+8+uZmWlrb/wAHlaJfOXWoOjgQAAAAAAABQK5XRaLR2DQAA4HJVVFR06noh0uvXr+8nHy6sdbygYsmXSxe8+npdR93c3I4c3CvbMWMnxMefEUIcPbx/06afH3/yGdOeXy7+/JrBg2Q7Kzv7yaee/XvrtpoXnHvzjY8+/B9XV9dq+w8fOfrgQ4+m1DaKccFL82fOmKZWq4UQx44dv37KdDO38/OGnzp0iDTTAQAAAAAAAIBCbUEfAADQ3Dk4OChj/nbv3jNl2sy1P63X6/V19XdycqrvS2zfvqNaOiiEiGzfXjaOHTs+Omackg526tjx2tGjIiMvHP1q6fJ5d91b7b8lrVr9w5RpM5V0sFd09MgRw4OCAuXms8/P//iTz2Tb0dGxvtUCAAAAAAAAqAsjCAEAsBEnTpycMGmq6R43N7epkyeNGRPTu1e0Wv2v/xVUWVmZnJJiNBonT51ZUlIihHj91QXR0T3kUY1aExHRRraVEYRSWFjYLTffGBAQkJmZWa4vv2ve/6lUqqqqqsnTZh4/fkII0bVrlzdff6VTx46y/8FDh+974D+ZmVlCiHfeevP6iePl/qysrIHXDJftiRPGP/fMk8q0qKu/X/PEUxeSyN9//blNm3AhREpKir6i4o033/7t9z+EELNvmHnL3Jv+qSo0lBARAAAAAAAAsBBrEAIAYCO6dOm88L13n3z6WRn4CSFKSkqWLl+xdPmKsLCw22+be8PMGVrthUe/Vqtt17atEMLZ2Un2Dw5u3b5dO/Mv0bNH96+Xf1Uzivv+hx9lOujm5rbos48D/P1NT1n4v3emz5ojhHjltdeVgPDNt96RjT69e7315msajUY5ZdrUybm5ubLDhx9/+ubrr8hgUgihzJvq6+t7yWoBAAAAAAAA1IopRgEAsB1jx8T8+suGG+fcUG1/SkrK/BcXXD95+tmEhMu5/huvv1LrQL2V33wrGw/cf49pOihFR/fsFR0thMjNzcvLy5PJ5Y9r18mjTz35uGk6KN18042ycfjIkcspGAAAAAAAAEBNjCAEAMCmBAYEvPjCc08+/tiff/29+dctP61brxw6FRs77857165Z5ebm1oArP/Tg/bUO2jMYDEeOHpNtN1e3g4cOm7lIQmKir69vQkKisqeqstLMKfHxZyorK5WBjwAAAAAAAAAuH39uAwDABrm4OI+57tox11370vzn1qz96a23/yfnEU1ITFy85Kv777unAddsV8eUnhkZmUr72efnm79Iamp6r+joM2f/GcgoZx81IysrOyQkuJ7FAgAAAAAAAKgTASEAALbMw8Pj5hvnDOjXb+qMG2RGeODgocZ9idy8PKXt5+drpqeDg0PbthFCiJxzORae4uPj4+trrgMAAAAAAACA+iIgBADA9nXoEDn7hpmfL1oshNh/4GDjXrx1UJDS3rxpvbe39yVPCQ0JkY1OHTtuWLemcesBAAAAAAAAYJ7a2gUAAIAroUNke9nw8HBv3Cv7+7dSFjVMTEq25JSIiDaycSo2tqqqqnHrAQAAAAAAAGAeASEAAHZBWfbv6m7dGv3iUR0iZWPbtu2W9G8T3kZp79t/oNHrAQAAAAAAAGAGASEAALZgw8ZN7aO6LHj19bIyXc2jaWnpn362SLa7dO5U6xV0ulpOtNDQIdfIxrvvLczOyblUd+Hi4tyndy/Zfv2N/xoMhvq+oq622wQAAAAAAABgCQJCAABavILCwqeeeV4IseTLpWPGX79+w0bTeTu379g599Y7ZNvNzW3WzBmm53p6eMrGtm07ZCM7J6ekpKReBdx++61+fr6yfedd9yb9e6LR0tLSjz75rO+AwXIRROmF55+VjSNHjz3x1LPFxcWmp2RkZD71zHN9BwzeuWu36X4Pdw/Z+O33P5SLZ2Vn16taAAAAAAAAwM6pjEajtWsAAACXJT8//+57H9i7b7/pzk4dO3p4uJ9NSMjNzVN2vvXm65MnTTTtduc9923Z8rtsT5ww3tPTY/mKlb2io7/5eqlarRZCxIydEB9/Rgix8L13x46JqauGTT9vvu+B/yibk66f0DEqSqVSnTl7dtXqH5T9O7b9GRgQINsvvvTK0uUrZDsoKHDE8GHt27UrLi4+cvSYkv+1jYjYsnmjcvrSZStefPkV2e7Xr2+P7lev/v4Hna78jy2/KAklAAAAAAAAAPMICAEAsAVVVVWLv1z6+hv/NdNn/gvP3jj7BpVKZbpz+46dN99ye83O365c3rtXtOUBoRBi/YaNTz/7gpnRhx9/+P61o0cpm3q9/sOPP/3gw4/r6h8WFrbos48j27dT9uTm5g0fFVPzJR55+D/33DXPTG0AAAAAAAAAFJr58+dbuwYAAHC51Gp1r+ieMdeOqqysTExKrqioUA6FhYWNHjXys48/HDxoYLV0UAgRHhYWFBS4a/ce5ZTIyPbvvPXmgP795ObyFSvz8vKFEJMnTWzXtq2ZGqKiOkyZMun8+fOlpWUFBQXK/sjI9jffOOeD99+9qmtX0/4ajWZA/37Dhg7JzcsrLCwsKytTDvXr1/e+e+565eX5/v6tTE9xdXXp27f3rt17i4qK5B4/P98nHn/k1rk3yfGOAAAAAAAAAC6JEYQAANiaqqqqc7m5uedyhRARbSNcXVwueUplZWVqapperw8Obu3u7n75NZSWlSUnJzs6Orbya+Xp6WHJKfn5+RkZmR6eHq38Wrm4OJvpaTAYsrNzCgoL/Hz9qiWIAAAAAAAAAC6JgBAAAAAAAAAAAACwI0zGBQAAAAAAAAAAANgRAkIAAAAAAAAAAADAjhAQAgAAAAAAAAAAAHaEgBAAAAAAAAAAAACwIwSEAAAAAAAAAAAAgB0hIAQAAAAAAAAAAADsCAEhAAAAAAAAAAAAYEcICAEAAAAAAAAAAAA7QkAIAAAAAAAAAAAA2BECQgAAAAAAAAAAAMCOEBACAAAAAAAAAAAAdoSAEAAAAAAAAAAAALAjBIQAAAAAAAAAAACAHSEgBAAAAAAAAAAAAOwIASEAAAAAAAAAAABgRwgIAQAAAAAAAAAAADtCQAgAAAAAAAAAAADYEQJCAAAAAAAAAAAAwI4QEAIAAAAAAAAAAAB2hIAQAAAAAAAAAAAAsCMEhAAAAAAAAAAAAIAdISAEAAAAAAAAAAAA7AgBIQAAAAAAAAAAAGBHCAgBAAAAAAAAAAAAO0JACAAAAAAAAAAAANgRAkIAAAAAAAAAAADAjmitXQAAAGhaVQZDUVFxcWlZWVm5vqKissoghNHaRQEAAABoVlRajdrRwcHFxcnd1cXT012jZlwBAAC2TGU08idCAABsk05XnpNXkJtfRCIIAAAAoD5Ufj6e/r7ezs5O1q4EAAA0CQJCAABsU3pmTnZuvrWrAAAAANCCBfj5BAf5W7sKAADQ+AgIAQCwNTpdeXJaVqlOZ+1CAAAAALR4rs7O4SGBDCUEAMDGEBACAGBTSkrLEpLTK6uqTHc6OTp6e7q7u7k6OztqtVqV9coDAAAA0AwZhaisrNTp9MUlpQVFxeV6velRrUbTNjzYzdXFegUCAIBGRkAIAIDt0OnK4xNTTdNBJ0fHoAA/Hy8Pq9YFAAAAoCXJLzyfmZ1rGhNqNZrIiFDGEQIAYDMICAEAsB1xZ5JNZxb18/EKDQ5kvCAAAACA+jIKkZqelZtfqOxxdXaOah9u1aIAAECjUVu7AAAA0DjSM3NM08HAVr5hpIMAAAAAGkQlRFhwYGArX2VPqU6Xnplj1aIAAECjISAEAMAW6HTl2bn5yqafj1frwFZWrQgAAABAi9c6sJWfj5eymZ2br9OVW7UiAADQOAgIAQCwBTl5BUrbydExNDjQquUAAAAAsBGhwYFOjo7KpulHDwAA0HIREAIA0OJVGQy5+UXKZlCAHzOLAgAAAGgUKiGCAvyUzdz8oiqDwaoVAQCARkBACABAi1dUVCyEUbadHB19vDysXREAAAAA2+Hj5WEyiNBYVFRs3XoAAMDlIyAEAKDFKy4tU9renu5WrQUAAACADTL9oGH6AQQAALRQBIQAALR4ZWXlStvdzdWqtQAAAACwQaYfNEw/gAAAgBaKgBAAgBZPX1GhtJ2dHc32BQAAAIB6M/2gYfoBBAAAtFAEhAAAtHiVVQalrdVqrVoLAAAAABtk+kHD9AMIAABooQgIAQCwAUalpbJqHQAAAABs0r8/aBjr7AcAAFoIAkIAAAAAAAAAAADAjhAQAgAAAAAAAAAAAHaEgBAAAAAAAAAAAACwIwSEAAAAAAAAAAAAgB0hIAQAAAAAAAAAAADsCAEhAAAAAAAAAAAAYEcICAEAAAAAAAAAAAA7QkAIAAAAAAAAAAAA2BECQgAAAAAAAAAAAMCOEBACAAAAAAAAAAAAdoSAEAAAAAAAAAAAALAjWmsXAAAAWpi8/IIzZxOFEIGB/uGhIZfsn56RmZGZnZGVXVFR0TowoHXrwLCQYLX6Ev9LyWAwJKemZWZmZ2bnaNTq1kGBrVsHhrQOqm+1ZxKSSktLhRChIcE+3l6X7J+UklpUdF4IEdw6yM/Xp16vZTAYTsXFV1VVCSHCw0K9PD3qW60iKztn/c9bKioqhl0zsFNUZIOvY4mCwqK09IzU9Izi4pLgoMCQkNZBgQGODg5N+qIAAAAAAACwIgJCAABQD4nJKR98sriislIIMah/H/MBYWJyynff/5SWkVltv6enxw3TJnXpFFXXiYeOHl+9Zt354pJq+0NDWs+cer0lqaR0Ki7+40VfyfaMKRMH9e9zyVMWfvyFvDsHrfbl555wcXG28LWEEN+v3bBt5x7Znjt7RnSPbpafa8poNL730aKS0lIhxMnY0/OfftSSaLMBCgqLln+z+vSZhJqHevfsPm3S+HrdPgAAAAAAAFoKphgFAACWOnT0+LsffCbzs0vavmvvux98VjMdFEIUFZ3/dPGyn7f8UeuJK1etWbLsm5rpoBAiNS3j7fc/ORUXb0kBRUXnF325wpKetaqorFz/86+W9z+Xm6ekg5epuKREpoNSRmZWo1y2mrj4sy++9nat6aAQYt/Bw8+9/MbR4yer7f/o8y+ffen1rTt2N0VJAAAAAAAAuDIYQQgAACyy5c+t6zZutrBzQlLydz/8pGz26dWjfUQboxBx8WcPHj4qd27a/HunDpERbcJMT9y+a++uvQdkW61WDxnUPyQ4SKcrP3z0ePzZRLl/0Zcrnn/qEU8PdzMFGI3GT5csszDLrMu2nXuGDxnUys/Xks7fr91wOa9lyt3NzcXZuUynk5tBgQGNdWWFTle+eOlKg8EgNwP8W0VFtvNwd885l3v8ZKx86YrKylNx8d26dlbOqqisjD19pukySwAAAAAAAFwZBIQAAOASjEbjN6t/VHI7SyxbuVo2nBwdH3/oXiVjG9iv9/AhA99Z+Knc/GHdxofvu1M5S6/XK7FiYID/Q/fOU6a4HDKo/669B1auWiNjqv0HDw8fMshMAT9t3JyallHPG63FqjXr7r5j7iW7JSalnDgVd/kvJ6lUqofum7f+5y16vX74kEG+Pt6NdWXFxs2/KQHkrGmTBvTtpRwyGAw7du+Teed1o4ebnpWXl9/olQAAAAAAAODKIyAEAADm6PX6TxcvU0bv+fn6ODk6ppsdQJaXX5B7MUm6646bq43AaxMWOmrYNVv+3CqESE//1wSkphnb/XfdXm0BvP59onfu2ZeYlCKEOJuYbCYgPHEq7ve/tsl2ZLsIpfgGOBUXfyYhqX3bNua7ffv92ga/RK0CA/xvv/mGxr2mKTkQUAjRq+fVpumgHLg5eEDfvr16VFZVubq4mB7KOZfbdCUBAAAAAADgimENQgAAYM5b73+iBGwd2rd98uH7PD09zJ9y6Mgx2Wjl59suopZorVPHDrJRUVmZX1Co7N9/6MLso3169fBwd6t5Yof27WQjKzunrlcvLCxavHSlbI8fM7pNeFhdPc1Tqy/8mvTN6h+NRqOZnoePnTCfmDY3RqMxMytbtjtFRdbax9HRsVo6KNdZbPrqAAAAAAAA0OQYQQgAAMyJimwn07hB/ftMnzxBpVJd8pSOHdqPuXZEUdH5QQP61trByclRaVdVVSntQf37BLTyq6isHD1iSO2XvhjUedURUhoMhk8XX1h6sF1E+Khh16zb9OslC67V9eNi1qzbJITIzjm398Chvr161vWKqy5Oi9qlU1RefoGSvdVUUFB4MvZ0UmpaSmpaYWFRUGBAeGjI0MEDvLw8q/U8cSru4OFjQoiw0OAhg/or+/fuPxQXf9bXxztm1DC1Wl1QWHQq9nRs/JmExGQvL8+I8LC+vXqEBLc2f2sqlUqtVssFCDMy66zWVLlen5ubp4w7zM3LPxUXrxxtGxHu5OhY99kAAAAAAABoXggIAQCAOZMnjPHy8vTz8Ynu0c3CU0KCW5vPqEwjND9fH6XdKSqyrgFtctzb8ZOxsh0aElxrn7UbfknLyJRrH94+d7YlcWZdIttFdOkUJWc9/WHtxp7duzloa/nFaeuO3eeLS2R76vXjPv9yRV3F/7Vt59oNv8hYTjpfnHD6TMIfW3fMnT29x9VXmfY/GXt6z/6DQoi8/HzTgPBk3On9B48IIUJDWpeWlX393RrlUH5BYWJSyp9bd0yeMGbYNQPN311QgL8c9bh1+65ePa4ODTH39TqbmPTeR4tM95yKizcNCB978O66viIAAAAAAABohphiFAAAmKPRaEYPH2J5OmiJbTv3yEaAfysLMzyDwbB2wy/KTJ7DawvAjp+M/XPrDtm+45Y57m61TFJaL1OvHycbZTrdlt//rtmhXK9ft3GzbA/s17vaaouK0rKyt97/eM26TUo66KDVKlOYGgyGJcu/VVZttNCKb39Q0kG1Wq1cTQixZt2ms4nJ5k9vGxEuGxWVlW8v/OSnjZvPFxfX1VlbWzIKAAAAAACAlos/9wAAgCsqISk5KTlVtq8bNdx858ys7IzMrKzsc39v31VSWip33jJnRs11EAsKi5Ys+0a2RwwdHBXZ7vJLbeXne83Aflt37BZCbP79r8ED+3q4u5t22LT5dzmdqVqtHj9mdF3X0Wg0WVkXFk0cds3AkcOu8fRwl4nmoq++lqnh92s3zLv1RstrK9PphBD9+0QPGtA3LCRYCHHw8LFl36y+eLX1jz14j5nTx48ZfeDQUXkRg8Hw259bf/tza/u2bfr2jo7ufpXjv+cLDQ8NefrRByqrqr5Z/WNySpoQ4uqrulw3+p+vXYB/K8srBwAAAAAAgNUREAIAgCtHpyv/fMmFSTh9vL0uOTDx8y9XnMvNUzZb+fnedtOsmvOXGgyGjxd9JbO64KDACXVndfU1LmbUrj37KyorDQbDj+t+vumGacqhwsKiP/7eLtsxo4a5ubrWdREnR8cH7rnj2PFTvaO7m2ZpXTt3HBczUq6SGHdxeT/LzZk5xXRlxOge3c7l5m34ZYsQIjUto6qqSqPR1HWuq4vL3f8399MvlimxqxDiTELSmYSkb79f27tn94njrjVNQwMD/OVZctPD3S2kdVB9CwYAAAAAAEAzwRSjAADgCjEYDJ8tuZBIqdXqu++YW981As/l5n3z/dqCgsJq+9es2yTXNVSr1XfedpPpfJuXycXFedx1o2R738HDyhynQog16zdd6OPsPHLYNeavEx4aMjZmZM2RdsrSgxWVlaVlZZYX1r1bV9N0UOrbq4fSvuScpW3CQuc//ciIoYOd/j1e0GAw7Nl/8PkF/91/6Ijl9QAAAAAAAKAFISAEAABXgtFoXLzsmzMJSXJz7uzpclCaeTOnXj9p/HVDBvVXOienpC1483/ZOeeUPkePn/x7+y7ZvuXGmd7eXo1b+dDBAzzcLyxn+M3qH2UjPSPz4OFjsj1p/HUODV2lz8ek2oLCIstPrDVZ9fLyrNfVHB0drx8X8/pLz9x52029el5tehcGg2Hp16uSUlItLwkAAAAAAAAtBVOMAgCAJmc0Gpd9s/ro8ZNyc/rkCcrIOfOiItspqwmeiov/dPEyg8FQUVm5as26e+fdKoTILyhcfHHpwf59ortf1aXRi1er1dOnTFy8dKUQIik59cSpuC6dor794Sd51Mfbq1+f6Hpd0Gg0FhWdz80vyMvPzzcdDWk0XmappiMy5WKEllCr1V06RXXpFFU1o2r/oSM/rvtZmXd0+TffP/PYg5dZFQAAAAAAAJobAkIAANC0jEbj8m++33/wwnyVE8deO3hA3wZcp1NU5LRJ47/74SchRFz82ZKSUjc312UrVylJWEFh0WdLllc7Ky09QzZ+/f2v4ydjhRDeXp4zpkys10t3v6pLSOugtIxMIcS336+dM3NqYlKKPDRjykQLJ0rV6/W79x3cd/Cwcm41lxsPXjaNRtO3V8+unTu+s/BTufRjds4582sZAgAAAAAAoCUiIAQAAE1IpoP7Dh6Wm2NjRl5yuT4zort3++7i0L2snJx2bm0cHByUo6fi4s2cm19QKIfrubm61jcgFELMmj7p7fc/kTHkh58tkTvDw0K6dIqy5PTk1LT3P1pUUVlputPF2dnNzVVGcc2Hm6vr2JiRS79eJTczMrNDQ1pbuygAAAAAAAA0JgJCAADQVIxG44pvf1DSwZiRw2JGDqur8/ni4j/+3hEXf6ZPdI+hgwfU2sfJyVFp63TlQohePa+Oiz9r+XSaQgg/P5/63MQF4aEh3bp2VmZJlWZOud6ScxOTUt77eJEs0sPd7ZqB/btd1Tk4KFAeffDx52TDonGIV0RI6yCl7ejoYLYvAAAAAAAAWh4CQgAA0FRWfPfD3gOHZHvk0MFjY0aa6Xwy9vRvf24VQqSkpl99VRcfb6+afZJT0pR2eFiIEKJvr559e/U0c9mfNm6Wl50xZeKg/n0u427EtOvHmQaEV1/VxcKhdb/89qdMByPahN3zf7c4OTpacJI1ZWRmKW3/Vn5WrQUAAAAAAACNT23tAgAAgG36+rs1e/dfSAeHDh4wcVyM+f7R3bup1Rd+M1m2cpXRWH1JPqPR+O33a2XbxdnZ3c2tCao2x9vba9g1A5XNKRPHWnji6fizsnHtiKHV0sFyvb5Ra7RIekbmQ0++8N/3Pqp1dtOqqqof1/8s2wH+rWpdYVFfUdH0ZQIAAAAAAKCpEBACAIDGt3LVmt37Dsj2oP59xoweUVJSJiC1PAAAIABJREFUWvOfnCZU0mq1Qwb1l+0zCUmff7mipLRUOVpUdH7hJ1+kXxzZ1r9vryt7QxdcPy5m7LUjO3Zo//D9d9Y6xrFWjhdDwbz8AtP9hYVFb733sbJZPRFtMl99vcpgMKSmZbzy3/fWbviltLRMOZSRmfXOB58WFBbJzfFjRpue6OLiLBsnTsbJhk5XLld2BAAAAAAAQAvCFKMAAOASDhw6Gn82QdlMS8+QjVNx8d/98JNsOzs5jR8zWg4BXLNu0669B5T+23ft3b5rb10XH3/dqNEjhsr2hDGjj504JYe1HT8Z++xLb7QODPD19cnOOZeVnaOcEhwUOHHstU1wo5emVqtjRtW5jGJdwkKDT8XFCyF++GmjnBy1Ql9x+NiJbTv31Gv1xMYSFOCfmZUthDAYDL//te33v7a5ODt7eXkWFhaV6XRKt66dO3a/qsu/TwyQjZLS0lffer9tm7D9B49UGQzzn37Uy9Pjit8HAAAAAAAAGoiAEAAAXMLxk7H7Dh6uuT83L980+Rs1Yoiri4vRaPxz6w7LL56QlKK0tVrtvfNufe+jz+UINoPBkJaRmZaRado/NKT1nbfepExG2iJMHBcjA0KDwbD6x/Wmh9pFhKtUqjMJSVeynltvmnXw8LEV335fUVkp95TpdKbRoBCiR7eus6ZNqnbigH69lfUUs7JzlNT2j7+3Txp/3ZUqHwAAAAAAAJeLgBAAAFyCRqOxvHPNtQPrxdfH+4WnHtm6Y/evv/91vrjE9FCAf6vxY0ZXG9PWdBwcHBp0Vi2/XIW0Drp33q0rvv1embpTCOHj7TXm2hH9ekfvP3REBoSa2lJPx3+vWfjPCzk2pDxFz+5XtW/bZsPm3w4fOW4aDTpotYGB/hPHxnTs0L7mWV6eHnfedtOXy79VTnHQakePHDp6+JDLKQYAAAAAAABXmOoy/4oHAACs7tDxOKXdo2uUVWtpTBWVlRmZWTpdeSs/Xx9vL5VKZe2KLldR0fmcc7laB62Pt7enh7u1y7mgqOh8QVGRXl8R4N/KkqqMRmNefkFxSYmXp6e3l+cVqREAAADWZ6ufOwAAsE+MIAQAAM2Ug1YbHhpi7Soak6enh2fzW6uvvlWpVCo/Xx8/X5+mLAoAAAAAAABNqCWt3wMAAAAAAAAAAADgMhEQAgAAAAAAAAAAAHaEgBAAAAAAAAAAAACwIwSEAAAAAAAAAAAAgB0hIAQAAAAAAAAAAADsCAEhAAAAAAAAAAAAYEcICAEAAAAAAAAAAAA7QkAIAAAAAAAAAAAA2BECQgAAAAAAAAAAAMCOEBACAAAAAAAAAAAAdoSAEAAAG6BSWkar1gEAAADAJv37g4aqzn4AAKCFICAEAKDF02r+eaBXVlZatRYAAAAANsj0g4bpBxAAANBC8TgHAKDFc3RwUNo6nd6qtQAAAACwQaYfNEw/gAAAgBaKgBAAgBbPxcVJaReXlFq1FgAAAAA2yPSDhukHEAAA0EIREAIA0OK5u7oo7YKiYqvWAgAAAMAGmX7QMP0AAgAAWigCQgAAWjxPT3chVLJdrtfnF563dkUAAAAAbEd+4flyvTLFqMrT09269QAAgMtHQAgAQIunUav9fDyVzczsXKNV6wEAAABgM4xCZGbnKpt+Pp4aNX9RBACgxeNxDgCALfD39Vba5Xp9anqWVcsBAAAAYCNS07NMhg/+66MHAABouQgIAQCwBc7OTgF+Pspmbn5hRtY5q1YEAAAAoMXLyDqXm1+obAb4+Tg7O1m1IgAA0DgICAEAsBHBQf6uzs7KZta5vJT0LOYaBQAAANAARiFS0rOyzuUpe1ydnYOD/K1aFAAAaDQqo5G/HAIAYCN0uvL4xNTKqiplj5OjY1CAn4+Xh1XrAgAAANCS5Beez8zONZ1ZVKvRREaEMnwQAACbQUAIAIBNKSktS0hON80IZUzo7enu7ubq7Oyo1WpV1isPAAAAQDNkFKKyslKn0xeXlBYUFZtGgzIdbBse7ObqYr0CAQBAIyMgBADA1uh05clpWaU6nbULAQAAANDiuTo7h4cEMnYQAAAbQ0AIAIBtSs/Myc7Nt3YVAAAAAFqwAD8f1h0EAMAmERACAGCzdLrynLyC3PwiIXjcAwAAALCcys/H09/Xm4GDAADYKgJCAABsXJXBUFRUXFxaVlZWrq+oqKwykBcCAAAA+DeVVqN2dHBwcXFyd3Xx9HTXqNXWLgkAADQhAkIAAAAAAAAAAADAjvBfgQAAAAAAAAAAAAA7QkAIAAAAAAAAAAAA2BECQgAAAAAAAAAAAMCOEBACAAAAAAAAAAAAdoSAEAAAAAAAAAAAALAjBIQAAAAAAAAAAACAHSEgBAAAAAAAAAAAAOwIASEAAAAAAAAAAABgRwgIAQAAAAAAAAAAADtCQAgAAAAAAAAAAADYEQJCAAAAAAAAAAAAwI5orV0AAABoQjk55w4dPpyTcy43N9fZxaVjhw4dOkQGBQWqVKqanVNSUj5btFinK581c1qv6Ghr1AsAsAUGgyEtLS3+zNnTp+OFEJGR7SPbtw8JCdZoNNYuDUALU1FRsWfvvnqdotVo+vXrK9v8fgsAAFAXldFotHYNAACg8W3dtv2dd987cvRYzUNubm6DBg546onHwsPDlJ1Go3F0zLiExES5uWPbn4EBAVewXgCAjThx4uSTzzx3/PiJavvd3NyefvKxGdOnqdXMZAPAUqdiY8dNmFyvU9zc3I4c3MvvtwAAAObxwQwAAFtTWFj01DPP3XLb/9WaDgohSkpKNv+6ZfiomKXLVlRVVV08q1D564kQIjExyfSUgsLCaTNuiBk7IT7+TBOXDwBowZavWDlh0tSa6aB8+jzz3PxZs29OSko23d8UjxgeW4A9CwsNlQ3zv98CAADYOaYYBQDApuzatfuBhx7Jzc0z3Xl1t6uuuqqrh4dHdnb231u3KUdffPmV2Ni4Vxa8KITw8vIKCwtLSUmRhyLahJteITY27uChw0KIrOzsyMj2V/CGAAAtxqnY2BdefFnZHDf2ui6dO2sdtAlnE9dt2FhSUiKE2H/gQGpaWhuTp0xTPGJ4bAE2w8fb+9Zbbjbfx2AwfLV0ubJ5260X+pv//RYAAMDOERACAGA7cnLOzbv7PvkXWCGEn5/v668uGDrkGtM1n4xG446du1597c1TsbFCiFmzpsv9KpVq6ZJFn3+xuKysbNbMGYGBgaZXTk9Pv7K3AgBoeV5a8Jps+Pn5LvtqcceoKOXQM08/8fkXS95f+GG/fn0HDRxgelZTPGJ4bAE2IzAw8NmnnzTfZ9XqH5T2dTHXTp1yYUpS87/fAgAA2DkCQgAAbMeCV19X0sHx48a+OP85by+van1UKtWggQPWrlm15sefAgL8u111lXIoPDzs5RdfqPXKKSmpTVk4AKDF0+v1u3fvke0FL803TQeFEK6urg/ef++tc292cXGudmJTPGJ4bAH2IzEx6cmnn5VtPz/fV16eb3rUzO+3AAAAdo6AEAAAG/HX31vXb9go23169/rfO/9VqVR1ddZqtdOnTbH84skXp2YCAKBWZ84mKO3evaJr7ePp6VFzZ1M8YnhsAXaioqLioUceUzbfe/dtb29vq1YEAADQYhAQAgBgCwwGw9PPPq9svjj/OTPpYF327N33+x9/CiE6RkVNnjRR7iwsLMrIzDh67LjcjI2Nc3Z2km21WtOzR/d331tYXl6uUqlGDB/Wp3evWq9cVVW1+Mulubm5KpXq9ltvadXKr0F3CQBovjRqtdJOTEzy9fW95CmXfMSYdi4r0+3avfvkqdiTJ0/GnY4PCw3t2rXLdTHXdu7UscHXlOsmHjp85PjxEwkJic7Ozl26dL66W7eRI4Y14DEK4Mpb+OHHR44ek+07590xoH+/ah1q/f1WCPHrlt/2HzgYFBh4042zNRpNfn7+nr37du/Zu2//AT9f3+iePa65ZnCP7ldf2bsBAAC4olRGo9HaNQAAgMt1KjZ23IQLq63cduvcZ556ogEXWfjBR/97/wMhxLix173/v3eEEEu+XLrg1dfr6u/m5nbk4N4nn35Wrvvi5ua2d9c2Jyenmj03bvrl/gcfkn12bf/L1dW1AeUBAJqzioqKTl0vxG/9+vX95MOFtY4XVFjyiFE2Dxw4+PBjT6bUNi7w8UcfvnPeHQ24Znl5+bvvLfx80eKaPQcPGrjg5flhoaFm6gdgdXv37Z81+ybZ7tq1y+pvv3Z0dKzWp+bvt9KCV19f8uVSIcTSL7/QarX/d+c9ykT9imeeeuK2W+c2/X0AAABYh9qCPgAAoLnbuXO30h4+bGhjXbbWtK+am2+cIxslJSWbf91Sa5/lX6+UjTmzZ5EOAoBNcnBwUMbn7d69Z8q0mWt/Wq/X6+vqb8kjRnrr7f9NnzVHSQfd3Nz8/P4ZnvjmW+/8uuW3+l6zqOj8lGmzlHQwLCxs5IjhvaIvzIy6bfuOcRMmFxQUWHg1AFdeYWHRfx5+VNl89+03a6aDlnj3f+/PvnFuzXRQCPHKa298/sWSyysTAACg+WKKUQAAbEFKaqrSbte2bWNddsb0qf379zUajZOnzpR/N3n91QXR0T3kUY1aI4To0qVzv359d+/eI4RYvOSrCePHVbvI6dPx8qgQYvasGY1VGwCguXlp/vMTJk2V7YTExIcfffy5F16cOnnSmDExvXtFq9X/+v+pljxipOSUZNmYOmXyXXfeIR9zKampDzz4sJxa8JXX3hwxfJhGo7H8mh9+9Mmp2FgZN7715mvXjh4l92dlZz/y6BM7d+0uKSn571vvvrLgxSZ+zwA00PyXFmRmZsn2gpfmt2/XrmHXOXjosBDi7jvnTZgwtkNkpNFo3LV7z933PiB/hiz84KM5s2e5urg0ZukAAADNAyMIAQCwBefOnVPagYEBjXVZrVbbrm3b9u3aKQs4BQe3bt+unfwXEdFG7rztlguTLx05euzwkaPVLrLy2+9kY9SoEWFhYY1VGwCguenSpfPC9951c3NT9pSUlCxdvuKGOTePGD1m2YqvKysrlUMWPmKEEC++8NxTTz62+ruVb77+ivKfYMJCQ9947RXZTklJSUlJtfya8fFnFi2+MCro4w/fV9JBIURgQMBHH7wvb+Gb71YlJSU32bsFoOF+XLvup3XrZXvUqBGzZk6/nKu9suDFRx/5T8eoKLVardFoBg0csHzphR8RJSUl3/+wpjFKBgAAaHYICAEAsAU6XblshIWFqVSqK/zqw4cNUZK/FV9/Y3qopKTkq6XLZfvWm2+6woUBAK6wsWNifv1lw41zbqi2PyXl/9m7z/goyrUPwJNCCAQIIUhHehOwYOGoqNgFGx4r6mvvFRVRjhV7710sx3bsYG/YsQvYQBGEUKQaekIoyb4fxrPuCcUNBDabva6fH+55dmb23nWcwf3zzEy7csg1Bx506KTJkyu6z7y8vJNOOD56/9Kojh07NGnSOKynTK1Akjf8ldfCYtfeu+y4w/blXq1Xr+5JJxwX1r9OmFDRboENbdq0aRdc+OfztvPzG1x/zVXr86ffg/950BGHlc8XN+/ebdtttg7rL7/8ej2aBQCougSEAFAdtG7156yIadOmxc7P2DgyMjJOPOHPSYQvvTzsjz8Koy+9/uZbYdG+fbuePbfbyI0BsPE1btRoyBWX/fT96HvuuuOA/feLfemX8eNPOfXM1T7ra920+u/lb86cufFvFY39mjZtMua771f9Z9HixeEKE3/7rbJaBSpFaWnpBRcOji7eevONDRo0WOsWf6NWrezVju++265hEXsnfwCA6sQzCAGgOmjfvl20njptWiU+hjBO/Q7Y/8oh14T1Cy+9dPqpp4T1E088HRYnHn/cxp/aCECi1KqV3Wefvfrss9dVV1427JVXb7n1jjAXnFxQ8Ohj/z77rDPWec8LFy6aPXv27DlzZs6cNWf2nHAwEonEv4ex48aFxTP/ee6Z/zy3ljWnT/t9nfsENoT77n9w1OjRYX3C8cfu1GvHDfRGjRr9edP+goIpG+gtAAASS0AIANVBu3Z/JYIFBVM2fkBYt27dk044Pnyk02OPP3HyiSdkZmaOHj3ml/HjgyDIycnZf799N3JLAFQFdevWPeboo7bv2fPgw/qHGeHoMd9VdCeRSGTkZ5+//c57r73+xmonIEaCCgSEs2bNDoucnJzo0wpXq1u3rhVtFdhwxnz3/R133RPWnTt1Gnj+gA33Xg0a5IVFUVHR0qUla5poCACQvASEAFAdxCaCL7z48m679t74PRx15BFhQFhYOG/E+x/ss/dezzz757SM/zv6SL+qAKSyDh3aH9n/8IeHPhoEwajRYyq07aJFi88465wvvvwqdjA/v0HzZs1+mzR5HW5Y2qZ168kFBUEQ3HbLTXvsvmtFNwcSYsmSJWed81ciePutN9WsubaAfz0tXLgwWvtzLABQLXkGIQBUB3l5eV27bhbW77434rPPv9j4PWy6acu99twjrB//95OFhfOGDX81XDzyiMM3fj8AVCkd/ns37Lp168S/1cKFi/ofdUyYDubk5Aw456wXn//Prz//+PUXI4e99Pw2W/cIV0sLKnAX6y5dOoVFGBMCSWHI1ddFp/9eecWlHTt22KBvN3PmrLDYvHu3DfpGAACJIiAEgGpiyBWXResrrry6pKRk7esvW7Zs5cqVldvD8ccdExbffDvqxptvDeu+ffZu3rxZ5b4RAEnnt0mTw2Lz7t3j3+qDDz8M71bdsmXLt9949eyzzthqyy0yMjLWp5O2bduGxYcffbw++wE2mjfefOvlYcPDetfeuxx9ZP8N/Y4jP/s8LNq1a7uh3wsAICEEhABQTWy15RaHHXpwWE8uKDj40P7jf/11TSt/OvKzbf/Ra5++B8ybN69C77L23HG7bbfp3OnPaRkvvTwsLP7v6KMq9BYAJKM33nyrXcfNrrnuhqVLV3Ol+P33GQ8+NDSsN+vSebV7WO0lJjon/uCDDmzWrGm5V5cs+Zv7i652nzv8o2dYfPXV1zJCqPpmzJg5+JLLwzonJ+eG665JS6vApOG1Ky5euurgTz+NjQaEu+y8U2W9FwBAlSIgBIDq44LzBuTk5IT1L+PH992v3/0PPvTTT2OjP4+WlpZ+/8OPAwddfNwJJxcVFU0uKLhiyNXx7Lle3XphMXLkn7+VzJk7d7WPfTr5pBNiFzt36rTdttus38cCoKpbsHBh+PP9Y48/0We/A19/483S0tLoq599/sWxx58U1jk5OUccfljstmu/xNStUzcsZsycGbvV8uXLr7nuhlGjR4eLkSAS/z579tyub5+9w/qiwZd8OvKz2G1LS0vfePOtPfbqe+bZA2I/BZAQpaWl5w8cFP3v9+47b2vYML8S9//ysOH3PfBQ7Mhvkyadde75Yd2mdeu+ffapxLcDAKg6MhPdAABQaRo2zH/huafPv+Ci8G5sQRDccusdt9x6R/jrxqoPW+q14w6XX3pJPHtu175tuO0TTz29YOHCevXqPvX0f7bu0ePZZ55IT/+fv2/UZ5+9rrvhxsLCPycmnnD8MZX3+QCooiJlZZt16fzNt6OCIJg2bdq55w0897yBnTt1qlu3zqTJk6MXhfCG2Jts0jB227VfYqJP2H3+hZdatGjRe+ed0jMyvv/++6GPPL6WJwj+7WXr4kEXvvnWO0EQFBbOO+6Ek3ftvUv37t1y69Wb/vvvb739Tvics8kFBe+NeH+fvffakN8c8Deeefa58NwSuvCiwX+7ySEH/3PQwPPjf4tbb7vjo48+2X77npkZGTNmznzjzbejeeRFgy5Yz3saAwBUWQJCAKhWOnXs+PKLz955973RO7mFVv0V9fwB55x26slx/uRxzNFHjRjxQVi/+trrYTFq9OjRY77bZusesWvWrFnzqCP733X3veE0kb59+qzfBwIgCeTl5T395OOPPv7EDTfeHB2M/m2VqCuvuLTfgfuXG1z7JWbfvn0efuTRiRN/C4LgttvvvO32O6Mbtmndum/ffe6974FV+/nby1bz5s1eHfbi+RdeFO75w48+XvVeo2ecdspee+6xjt8IUEneeOOt2MXYv3CwJpMnr/FvD6zJqNGjozOSo+6+8/Y999i9orsCAEgWbjEKANVNzZo1Bw08/4Vnnz7s0IOjdxyNys9vcPRR/V964dkzzzhtTelgdnatciM77rD9dddeFbu39u3bPf7ow+XSwdDM/94F7vjjjqlVK3u9PxAASSAjI+PkE49/47Vhq159WrZsefA/D/r0o/f/76gjV31y2NovMbVqZT829KF9+/7PLf6aNGl88aCBb7w27Kj+h4cbZv7vFS2ey1bXrpu9OuzFAeectXn3brHb5uc3OLL/4e+89foF5w8oN0se2PjSK2kC36p/vg0dfVT/Z595cusef50c8vMb7Nt3n9dfHRa9FzEAQLWUFolE4lgNAEhKpaWl8+cvmDdvXlFxcW5uvQZ5efXq1VvnnztXrlw5ffrvy5cvb9asaZ06dVa7zqxZs3fcedewHvnxB02bNlmP9gFISqWlpX8UFhb+URgEQes2rWvXWv3v8rH+9hJTVFQ0bfr0lStW5ufnN2nSeNWgcR32GdvwlKlTS1eW5uXlVe7jzYCq6Zrrbnjs8SfCgHDIFZeF54GCKVNyauc0adI40d0BAGwMbjEKANVZRkZGw4b5lfVbZ2ZmZuvWrda+zhNPPR0W+/bdRzoIkJoyMjIaN2rUuFGj+Df520tMTk5O506dKtRGPJetUEZGRts2bSq0c6CaycjIaNe2baK7AADYeNwvBQCoNIsWLY4++/DYY45OdDsAAAAAwGoICAGASvPcCy+GRdeum8U+ygUAAAAAqDoEhABA5Vi2bNnDQx8J6xOOOzbR7QAAAAAAq+cZhABA5Vi4aNEpJ58YBEF+gwYH7L9votsBAIDV223X3k2aNA6CYIvNN090LwAAiZEWiUQS3QMAAAAAAACwkbjFKAAAAAAAAKQQASEAAAAAAACkEAEhAAAAAAAApBABIQAAAAAAAKQQASEAAAAAAACkEAEhAAAAAAAApBABIQAAAAAAAKQQASEAAAAAAACkEAEhAAAAAAAApBABIQAAAAAAAKQQASEAAAAAAACkEAEhAAAAAAAApBABIQAAAAAAAKQQASEAAAAAAACkEAEhAAAAAAAApBABIQAAAAAAAKQQASEAAAAAAACkEAEhAAAAAAAApBABIQAAAAAAAKQQASEAAAAAAACkEAEhAAAAAAAApJDMRDcAAGxYpWVlixYtWVK8dOnSZctXrFhZWhYEkUQ3BUA5aZkZ6Vk1atSqVbNO7Vr16tXJSK8+f5vTlQgSx7mF+FXnowUAWFVaJOIPTwBQPZWULJs7b0Hh/EV+KwFINmn5efU2aVA/O7tmojtZL65EUMU4txC/anK0AABrIiAEgOppxqy5cwrnJ7oLANZLo/y8Zk02SXQX68iVCKos5xbil9RHCwCwFgJCAKhuSkqWTf19dnFJSaIbAaAS1M7O3rR54+SawOFKBFWfcwvxS8ajBQD4WwJCAKhWioqXTp46Y2Vpaexgzays+vXq1MmpnZ2dlZmZmZa49gBYrUgQrFy5sqRk+ZKi4gWLlixbvjz21cyMjDabNsupXStxDVaAKxFUHc4txK86HS0AQDwEhABQfZSULJtYMD32d5OaWVlNGuXn5dZNaF8AVMz8hYtnzSmM/XE2MyOjfesWVX/2hisRVGXOLcQveY8WACBOAkIAqD5+/W1q7D2X8vNyWzRr7G9SAySjSBBMnzG7cP7C6Ejt7OyO7TZNaFN/z5UIqjjnFuKXpEcLABCn9EQ3AABUjhmz5sb+btK4YYOWfjcBSFppQdCyWePGDRtER4pLSmbMmpvQpv6GKxFUfc4txC8ZjxYAIH4CQgCoDkpKls0pnB9dzM/Lbdq4YUI7AqASNG3cMD8vN7o4p3B+ScmyhHa0Rq5EkEScW4hfEh0tAECFCAgBoDqYO29BtK6ZldWiWeOEtgNApWnRrHHNrKzoYuwJv0pxJYLk4txC/JLlaAEAKkRACABJr7SsrHD+ouhik0b57rkEUG2kBUGTRvnRxcL5i0rLyhLa0Wq4EkHScW4hfklxtAAAFSUgBICkt2jRkiCIhHXNrKy83LqJ7giAypSXWzdm6kZk0aIlie1nVa5EkIycW4hf1T9aAICKEhACQNJbUrw0WtevVyehvQCwQcSe3mNP+1WEKxEkKecW4lfFjxYAoKIEhACQ9JYuXRat6+TUTmgvAGwQsaf32NN+FeFKBEnKuYX4VfGjBQCoKAEhACS95StWROvs7Ky1rgtAUoo9vcee9qsIVyJIUs4txK+KHy0AQEUJCAEg6a0sLYvWmZmZCe0FgA0i9vQee9qvIlyJIEk5txC/Kn60AAAVJSAEgGogEq3SEtoHABvI/57eI2tcL2FciSApObcQvyp/tAAAFSMgBAAAAAAAgBQiIAQAAAAAAIAUIiAEAAAAAACAFCIgBAAAAAAAgBQiIAQAAAAAAIAUIiAEAAAAAACAFCIgBAAAAAAAgBQiIAQAAAAAAIAUIiAEAAAAAACAFCIgBAAAAAAAgBQiIAQAAAAAAIAUkpnoBgAAAKAC5s7947vvv58794/CwsLsWrU6dejQoUP7Jk0ap6WlrbryIYf1/3XCxCAIbr35hj332D0R/QIAAFQ5AkIAAACSw6cjP7vt9jt/+PGnVV/KycnZcYftB1904aabtowdX7xkSVFRURAEK1as3IidAgAAVGluMQoAAEBVt3DhosGXXHbcCSevNh0MgqCoqOjd90bsusfeTzz5dGlp6UZvEAAAIJmYQQgAAECV9uWXX51z3gWFhfNiBzfv3q1bt65169adM2fOJ5+OjL465Oprx4//9dprhiSoWQAAgCQgIAQAAKDqmjv3j1NOPyu8TWgQBPn5DW647ppddt4pIyMjuk7jSIVIAAAgAElEQVQkEvn8iy+vu/6mX8aPD4LgiCMOTVy/AAAASUBACAAAQNV1zXU3RNPB/fbtO+TKy+rn5pZbJy0tbccdtn9l2AvDhr/aqNEm3bt1S0SnAAAASUNACAAAQBX18Sefvv7Gm2G97TZb33HbzWlpaWtaOTMz89BD/rkRu4OKOf2sAUEQnHTicVtvtWWcm4wa893QRx6v6FYAAPC3BIQAAABURWVlZf+69PLo4pArL1tLOhinX3+d8O2o0aNGj540aXL79u0369L5nwf1y82tt6b1v/7m27Fjx/38y/ipU6fm5eVt1qVzl86dd9hx+9q1aq1pk5KSks8+/+KXX8aP+/mXwsLCFi2ad+nSebMuXf7Rc7s19f/1N99+8snICb9NnDlzVru2bTt17NCjx1bbbbvNaleePXv21998O3bcz+PH/1pWVtaxY4fOnTr26bPPWlqiKhg15rtRY74LgmDUWQPuv+eOeNK+UWO+CzPFIAhO2vAdAgCQUgSEAAAAVEW/Tpgwa9bssD7h+GM7dey4PntbsWLFrbfdcd8DD0VHfvjxp5eHBUMffezeu+/ccovNy60/d+4fl15x5YgRH8QOvvveiCAIWrZsefutN2215RarvsvYsePOPW/g5IKC6Mg3344aNvzVIAh22Xmn66+7unGjRrHrL168eNDFl4S7je4hLPr22fvSSwaXW3/Y8FcGDhocOzLys8+DILj73gduvP6antttW8FvhcQ4PY6MMDYdDILA9EEAACpXeqIbAAAAgNX44ouvovWuvXdZz72dP3BQNB3Mz28QHZ81a/Ypp51RvHRp7Mrjxv28+159YtPBli1bRutp06Ydclj/Z597vtxbDBv+ygEHHRKbDsZu9fEnn+65977f//Bj7CaXXHZFNB1s07r17rvt2rXrZuHim2+988gjj8euPOjiS6LpYE5OTq8dd+i14w45OTlhS0cefexXX39T8S+GjWTrrba8/547oounnzUgnFC4WuXSwdgNAQCgUggIAQAAqIqmTZ8erdu2aVMp+7z2miEjP/7g6y9G/vrzj4MGnh8OFhbOe/qZZ6PrlJWVXX7lVUVFReHirTff+NP3oz96/51ff/5x+MvPRzO/Sy67MjrBMQiCOXPnRtO7Jk0av/Ds07/+/ONH778z7scxd995ezheVFR02RVDSktLw8Vx435+4823w/reu+8Y8e6bDz1w76vDXvz4w/dOOP7Y3Xfb9fTTTo7u//0PPnzp5WFhPfCCAaO+/vzfjw3992NDv/ly5PHHHfNnS5desXz58kr5otgQ4swIV00HTR8EAKDSCQgBAACoiv74449o3bhxo7Wu+/datmz5zpuvHXHYoU2bNgmCICMj49RTTurbZ+/w1ZEjP4uu+cqrr4357vuwfvnF5/oduH+tWtnhJt27dXvl5ReaNGkcvnrzrbdFt7rl1j+DnyZNGr/x2vAePbbKyMgIgqBmzZp9++z96rAXw1fHjh330svDw/qHn34Ki7323GOfvfeK7qpF8+aXDL7ooQfuzcvLC0dKSkquvvaGsD7rzNNPP/WUGjVqhIs1a9a89F8X77xTryAIJhcUvPHmW+v5RbFB/W1GKB0EAGDjEBACAABQFZWULAuLli1bpqWlrefeLrxgQPv27coN9u3TJywm/vZbdPCJJ58Oi7323GOLzbuX2yQ3t94Zp50a1sNfeW3hwkXh1MDo9L7TTj25fm5uua26dt0sGkY+9cx/wmLFihVhMWHCxKVLS9bS/Ndffztt2rTwzqJnnn7qqiuccvKJYTHu51/Wsh+qgrVkhNJBAAA2GgEhAAAAVVHrVq3CYtq0aStXrlzPvaWlreb/f8PZhOGTCCORSBAEkUjkhx//nNh32KEHr3ZXB+y/b7SeOm1qEARTpkz969X99lvtVocc/M+wGDt2XFlZWRAEXbt0CUcmFxQcclj/90a8H40My/lt0qSwaN261dhxP4/57vty/yxYsDBc4ddfJ/zdN0HirTYjlA4CALAxZSa6AQAAAFiN2Al/U6dNq6zHEMaqWbNmtI5EImlpaXPmzImONG/WbLVb1a1bNycnJ3xIYUHBlO7duk0uKAhfysnJyc2tt9qtmjdvHq1nzZrdrFnTLbbYfOeden3y6cggCH4ZP/60M87OycnZt+8+B+6/37bbbhPeoTQ0ceKfExzHjh13yGH91/KJYqdCUpWFGWE0EYyNBqWDAABsBGYQAgAAUBW1a/dXIlhQMGXjvOm06b9H6002abim1Vq2aBEWU6dOC4JgytRp4WJ0SuKqGjbMj9bTf/89fKjhHbfdcvA/D4qOFxUVPf/CS0cdc3zf/fuNHj0mOj47JrbMz2+wln+2/0fPdfrcJEC5eYRR0kEAADYCMwgBAACoimKnDL7w4su77dp7I7xp7OMDi4qL8/LyVrvagoUL/ly/fv0gCBrk1Q8XlyxZsqY9FxcVR+voLMPc3Ho33XDtKSedMPyV14a98sqsWbPD8YkTfzv0iKOGv/x8927dgiBo2fLPPPLE44/71+BB6/0pqSrKzSOUDgIAsNGYQQgAAEBVlJeX17XrZmH97nsjPvv8i43wptEoLgiCObPnrHad0tLSaJLXunWrIAjatG4dLs6aNbu0tHS1W8XOAty05aaxL7Vv327gBQM+++TD4S8/Hzuh8L77HwqLdm3bhoU7iFY/YUa49VZbRotEdwQAQEoQEAIAAFBFDbnismh9xZVXl5SUrH39ZcuWrVy5cn3esWbNmi1btgzrL7/+ZrXrfP/9D9G6datW0ZgwNOa771e71VdffR0WTZo0rlUre7XrdO/W7aYbrh008PxwcdTo0WHRps2fAeS3o0YvXLio4h+LKi2MBqWDAABsTAJCAAAAqqitttzisEMPDuvJBQUHH9p//K+/rmnlT0d+tu0/eu3T94B58+atz5vuvNOOYfHAgw8vXbqaSPLBoY+ERcuWLZs0aRwEQaNGjaKTCB96+JFVNykpKbnvgYf+u/9ea29g1967hEXt2jlh0a1r15ycnPAhhQ8+PDTOD7JixYrZs2eXlZXFDhYVFRUWlv9+5s2bt5abowIAANWPgBAAAICq64LzBoTZWBAEv4wf33e/fvc/+NBPP42NziYsLS39/ocfBw66+LgTTi4qKppcUHDFkKvX5x3POevMaBp35tnnxs7YKysru+vue0eM+CBcvPzSwRkZGUEQpKWlXXH5JeHg+x98eMutd8TeaHTx4sXnDLigqKgoXBxw7tlhMW/evJtuue39Dz4s18CI/45steUWYZGbWy86rfDBh4Y++ti/y8V+333/w7HHn7R33/2jNzL94ceftt5uhx122nWvffb744/CcPC5F17cfKttt9u+19nnnhfuIRKJXHjRv7b9R68temz3xJNPr8/3BgAAJJHMRDcAAAAAa9SwYf4Lzz19/gUX/TJ+fDhyy6133HLrHdEn/00uKIhdv9eOO1x+6SXr+Y4DLxgw5KprgyD4+JNP99yn75577LFpyxYLFy364osvf/jxp3C1XXbeabdde0e32qnXjnvtuce7740IguD+Bx/68KOPe+24Q35+g99nzBjx/gfRZxZePGhg40aNwnrI1de9/sabQRD07Lnd4Yce0qrVpkVFRe+8+97TzzwbrhCdPRkEQf8jDvvPs8+HX8K11984/NXXtu/Zs0XL5rNnzfns88+jXT3w4MNXXHZJEARDH3k0jCQnFxS89PKwU085KQiCa6+7MVztzbfeOf7YY3r02GrChIkvDxv+336uPbL/4ZmZfigAAIDqz5/7AQAAqNI6dez48ovP3nn3vQ8+9D931ywXDQZBcP6Ac0479eRwVt/6+L+jjqyRWePSy68MgqCwcN6zzz1fboUjDj9s8EUDyw3eesuNN9982xNPPR1OdowmmlFXXH7J0Uf2jy62bdsmLL766uvoEwqjzj37zO3/0TO6mJGR8e/Hhl5y+RXh/MWxY8eNHTuu3Ca77LzT+QPOCetIJBIdX+1zGVeWlgZBEAkisYPlJiYCAADVlVuMAgAAUNXVrFlz0MDzX3j26cMOPTh6x9Go/PwGRx/V/6UXnj3zjNPWlA7WrJm19rdIS0uLrfsfcdgH7719UL8Dog8XDN9ol513GvrQ/ddefWWdOnXK7aF2rVpXXH7JE48/smvvXfLzG0THW7ZsecD++7379uvHHH1Uevpf/xt+7tlnvvv26/v23Sd25SAItu7R47n/PHXO2WeW23/DhvkP3nfPrTff2LPndrFfQk5Ozl577vH4ow8/OvTBunXrhoNHHH5YtOcD9t83rE89+cToW4T3L23frl2vHXcIB0879eSsrL/5lgAAgOohLfYvFQIAyei7sb9G6y27dkxoLwBsKFX5bL+ReystLZ0/f8G8efOKiotzc+s1yMurV69ebPBW6YqXLp06dWrD/IYNG+bHv9W8efPmzJ3bskWLVRPNVS1YuHDKlKl59es3b94snhmQkUhk5sxZixYvqp9bf5NNGq52kwULFsyYMbNNmza1amVHB6dNn15cXNy+XbvoJqWlpZMmTa5Zs+amm7aM/9NRbTi3ED//RgCgOnGLUQAAAJJJRkZGw4b5Fcrq1lPtWrU6d+pU0a0aNGjQoEGDOFYMgiCon5tbf/Pu8e88LS2tWbOmzYKma9tn/fr169cvN9iyRYtyIxkZGR06tI//rQEAgGrALUYBAAAAAAAghQgIAQAAAAAAIIUICAEAAAAAACCFCAgBAAAAAAAghQgIAQAAAAAAIIUICAEAAAAAACCFCAgBAAAAAAAghQgIAQAAAAAAIIUICAEAAAAAACCFCAgBAAAAAAAghQgIAaAaSItWkYT2AcAG8r+n97Q1rpcwrkSQlJxbiF+VP1oAgIoREAJA0svM+OuCvnLlyoT2AsAGEXt6jz3tVxGuRJCknFuIXxU/WgCAinI5B4Ckl1WjRrQuKVme0F4A2CBiT++xp/0qwpUIkpRzC/Gr4kcLAFBRAkIASHq1atWM1kuKihPaCwAbROzpPfa0X0W4EkGScm4hflX8aAEAKkpACABJr07tWtF6waIlCe0FgA0i9vQee9qvIlyJIEk5txC/Kn60AAAVJSAEgKRXr16dIEgL62XLl89fuDjRHQFQmeYvXLxsefTGbmn16tVJbD+rciWCZOTcQvyq/tECAFSUgBAAkl5Genp+Xr3o4qw5hZGE9gNAJYoEwaw5hdHF/Lx6GelV7v/jXIkg6Ti3EL+kOFoAgIpyOQeA6mCTBvWj9bLly6fPmJ3QdgCoNNNnzI6ZtPE/J/wqxZUIkotzC/FLlqMFAKgQASEAVAfZ2TUb5edFFwvnL5w5+4+EdgRAJZg5+4/C+Quji43y87Kzaya0ozVyJYIk4txC/JLoaAEAKkRACADVRLMmm9TOzo4uzv5j3rQZs92FCSBJRYJg2ozZs/+YFx2pnZ3drMkmCW3qb7gSQdXn3EL8kvFoAQDilxaJ+DMVAFQTJSXLJhZMX1laGh2pmZXVpFF+Xm7dhPYFQMXMX7h41pzC2Pu5ZWZktG/doupP2nAlgqrMuYX4Je/RAgDESUAIANVKUfHSyVNnxP56Ev6AUr9enTo5tbOzszIzM9MS1x4AqxUJgpUrV5aULF9SVLxg0ZLYH2TD32TbbNosp3atxDVYAa5EUHU4txC/6nS0AADxEBACQHVTUrJs6u+zi0tKEt0IAJWgdnb2ps0bJ9eMDVciqPqcW4hfMh4tAMDfEhACQPU0Y9bcOYXzE90FAOulUX5e8j7tyZUIqiznFuKX1EcLALAWAkIAqLZKSpbNnbegcP6iIHC5B0guafl59TZpUD/Zp2u4EkEV49xC/KrJ0QIArImAEACqudKyskWLliwpXrp06bLlK1asLC3zSwpA1ZOWmZGeVaNGrVo169SuVa9enYz09ES3VGlciSBxnFuIX3U+WgCAVQkIAQAAAAAAIIX4q0AAAAAAAACQQgSEAAAAAAAAkEIEhAAAAAAAAJBCBIQAAAAAAACQQgSEAAAAAAAAkEIEhAAAAAAAAJBCBIQAAAAAAACQQgSEAAAAAAAAkEIEhAAAAAAAAJBCBIQAAAAAAACQQgSEAAAAAAAAkEIEhAAAAAAAAJBCBIQAAAAAAACQQgSEAAAAAAAAkEIEhAAAAAAAAJBCBIQAAAAAAACQQgSEAAAAAAAAkEIEhAAAAAAAAJBCBIQAAAAAAACQQgSEAAAAAAAAkEIEhAAAAAAAAJBCBIQAAAAAAACQQgSEAAAAAAAAkEIEhAAAAAAAAJBCBIQAAAAAAACQQgSEAAAAAAAAkEIEhAAAAAAAAJBCBIQAAAAAAACQQgSEAAAAAAAAkEIEhAAAAAAAAJBCBIQAAAAAAACQQjIT3QAAsGEVFS/9aORXo7776ZcJk2fMmr1ocVGkrCzRTfH30tLT69XNadakcecObbbeslvvXj1zatdKdFMAAAAAVAdpkUgk0T0AABvExElTnnnxteFvvi8RrAbS0tP79d39yEP2b9+2VaJ7AQAAACC5CQgBoHq6/b7Hnnh2eKK7oPIdc0S/8844PtFdAAAAAJDEBIQAUN1MnDTl8uvv+nn8xEQ3wobSpVP7qwafYyohAAAAAOtGQAgA1cqYH8add8l1CxcuTnQjbFi5uXVvv/ZfW22+WaIbAQAAACD5CAgBoPqYOGnKSedeIh1MEbm5dYfeea15hAAAAABUVHqiGwAAKs3l198lHUwdCxcuvvz6uxLdBQAAAADJR0AIANXE7fc95rmDqebn8RNvv++xRHcBAAAAQJIREAJAdTBx0pQnnh2e6C5IgCeeHT5x0pREdwEAAABAMhEQAkB18MyLryW6BRLGv30AAAAAKkRACABJr6h46fA33090FyTM8DffLypemuguAAAAAEgaAkIASHofjfwqUlaW6C5ImEhZ2Ucjv0p0FwAAAAAkDQEhACS9Ud/9lOgWSDDHAAAAAADxExACQNL7ZcLkRLdAgjkGAAAAAIifgBAAkt6MWbMT3QIJ5hgAAAAAIH4CQgBIeosWFyW6BRLMMQAAAABA/ASEAJD0ImVliW6BBHMMAAAAABA/ASEAAAAAAACkEAEhAAAAAAAApBABIQAAAAAAAKQQASEAAAAAAACkEAEhAAAAAAAApBABIQAAAAAAAKQQASEAAAAAAACkEAEhAAAAAAAApBABIQAAAAAAAKQQASEAAAAAAACkEAEhAAAAAAAApJDMRDcAAFRd2dk1Dz+ob7nBSCSYPWfu+IkFU6f/XlYWSVBrfzrq0AP6H7Jf8dKSq268+6efJyS2GQAAAABICgJCAGCN8vPqDzj9uLWsUFKy7NW33r/13seWL1++Efv60+ZdOw88+8SwfuTu63rucejG7wEAAAAAko5bjAIA6y47u+ZhB/X97O1n99lj543/7r223zpaZ2Vl1cmpvW77ObRfn69GvDDy7Wezs2tWXncAAAAAUEUJCAGAuMyZW/j1qO+/HvX9qO9+mjJtxqLFS6IvZWZmXHPJgOZNG2/klr74eky0Xr5ixZKi4nXbzx69d8jKysqpXSu7poAQAAAAgOrPLUYBgLi8//EXN931cOzIlt273HjlhY02yQ+CICMj456brzjo6DM2Zktjfhh3272PHXHwvkXFS6++6Z513k/TxptUal8AAAAAUKUJCAGAdfTdjz//85iz3hv2WK3s7CAIWjRrsvF7ePK54U8+N3w9d9Igr34ltQMAAAAAScAtRgGAdVdUVPzRyK/DOjMzo/Em+YnuaF2EAScAAAAApAgzCAGA9TKpYGq0btqk0ey5heVWyM+rf/jB+27ZvUvb1i2zatSYN3/hhN8KnnzulR/G/rLaHWbVqHHemcdvvWW3Rg3z09KClStLf585+9GnXvxo5FerrnzFRWd3aNcqCIJhr7/30qvvlN/PGcdttXnXJo03qVEjc87cwomTpgx7/d3P//vkwvT09HZtNt2iW+f09LRw5IA+uxcvXRrWM2bN+fyr0bE7TE9P73/wftv26N6xXet6dessLiqeVDDt7RGfvPb2B+W62n3n7Y8/+uBIJLhv6NNffDOmfm69Ky8+Z8vunWvXqlW8tOTDT78ccuPdcX/BAAAAAFDJBIQAwHrp2K5NtP7p51/Lvbr/PrtdPuiszMyM6EjdOjmtWjbbo/cOb7738WXX3lFWVha7/r5773rFoLNq1PifP6I0yMu9/bp/RSKR6MjIL0edc9HVQRDs2XuHnJzaQRBMmTYjNiDs3avnjVcOzMrKio603rR5602b79F7h1Hf/XT+JdcvWrzk3WGP5f/vzUXPO+O4aD1rzh99DjkxutipQ5sHb786t17d6EhOTu0mjRrusN1WRx92wBkXXFk4f0H0pa5dOnTt3CEIgpOPPezXiZPffHFoVo0a4Uu5NerstVsvASEAAAAACeQWowDAusvJqb3T9tuEdfHSkpUrS2NfvfLic67617nRdLCoeGnh/AWlpX+u03fPXe6/9crY9Tu0a33V4HOj6eAfhfOnTJtRvLQkXEyLsWjxkrV01XiT/JuvuiiaDhYvLZk3f2G0t6237Hb04QcGQbBixco4P2afPXb+z9Dbo+ng8uXL/yicv3zFinCxY/s2Lz91b3QaYqy8+vWeeuiWaDoYmj3njzjfFwAAAAA2BDMIAYB1lJ9X/5F7rs/OrhkuPvb0i7GvdunU7sC+u4f1zFlzzhg4pGDq9HDxiovO7rfvHkEQbLf1Ftv12Pzr0T+E4zdeeWEYs5WULDvm9EETfisIx8846aiTjzksrEd89Pm7H4788NMv19LYheecFKaSZWWR8y+59uPPvgnH++27x6nH91+8pOiBR58JguDY0we1b9uqa6f2Z5x0VLjCxVfevLioOKznL1gYFpmZGZcPOist7c/GLr3m9vc/+eK/O9zz0oGnZ2Rk1Ktb56JzT7n+9gfLddJ60xZhUTD192/H/JiWltahXatnXnit4l82AAAAAFQaASEAEJf27VrtutM/giCoXbtWp/atO3dst82W3cLYLHxi39AnXohd/5arLw6LoqLiA448LXZy4ZAb727UsMEOPXsEQXDphWcc0P+0cLxFsyZhcd1tD0TTwSAI7hv69J69d2y9afMgCKb9PvO9Dz9be6ubdWofFu9//Hk0HQyCYPgbI4a/MSK6OGdu4Zy5hZGyv+5c+tWoHxYsXFRub5ddeGYYgkYikdjYMgiC4W+8l56edtmFZwZBcMiBfVYNCEMP//u5+x55Zu09AwAAAMBGIyAEAOKy7Vbdt92q+2pf+nbMT6eed1nsSMP8vGZNGoX1jXc+XO7Wo0EQXHLN7R++9mQQBI0bNQxHsrKyojcXXXWC4LjxE8OAsPtmnf621czMP/fTuWPb+D7c2uy5645h8cnn38amg6GXX3v3/DNPyKldKz09rfWmLaKzJKOm/T5TOggAAABAlSIgBADW3Xc//vzwv5/7/Osx5cZjo8SsrBrhDUVXK6tGjezsmiUly5YvX758+fLwwYFdOrb7ZsyPsas1bbxJWKyawK1qwqQpmzRsEARBy+ZN3xv2+L1Dnx7+xnsV/3BBEATp6em1srPDuqi4eC0fJAiCbbbqVq69SCRy2nmXr9tbAwAAAMAGIiAEAOIyZdqMn8aNz86u+Y9ttszJqR0OLly0eNV0MAiCLbt3idaXDjxj7Xvu2K7ND2N/CYLg19+mdOvSIQiCIYPPib0raffNOkZ3+PFnX/9tq7ff+9g/ttkyfJxhw/y8Ky4669KBp4/9ZcKjT70Ye8fReHTr0jFa991zl7577rKWlTu0bVVupLS0bMasORV6RwAAAADY0ASEAEBcPv9q9E13PRwEQU5O7feGPRbOq9tlx+0OP6jvc8PeLLdy40abROuymIf8rWpl6cop034P60efevHWay5OS0tr2qTRJ28+88ln3xQvLdm0RdMeW3QNH3ZYMHX6yC9H/W2rEydPGTD4mhuuvLB2rT8n/2VkZGzetfMd119aOG/+ef+67sdxv8b5qVu2aBrnB4lEyn6Ie7cAAAAAkEACQgCgYoqKis8edPXQu64NFwede8qX3343ZdqM2HUKpk7fZcdtgyBYvnx5zz0OjXPPH3765YWX33TL1RcFQVArO3vv3XeKfbVw3vxjT78ozl19+sW3O/Xpf8Q/9z3soL6btmga5otBEOQ3yHv0nhv6HXX67zNnx7Of8b9Oitb9jjp92u8z42wAAAAAAKqs9EQ3AAAkn1Hf/fTsy2+EdXp62iP3XB/ezzPqx7HjwyIrKyszMyP+PR/Yd/ewWFpSUlpaGolElpaUTJ8x6+a7hu7R77hFi5fEv6uysrJnXnyt31Gn77D34Q889p+i4qXheGZmxoDTj4tzJxMnT4lE/pw4uNXmm8X/7gAAAABQZQkIAYB1ceMdD0Wn0+Xn1b9pyKDYV0d9PzZaH9qvT5z7PPiAvXfafpsgCH6ZMGmHvQ7fZtd/9til3w57Hb7/Eac+8+Jr69xqScmyBx97drcDjimcvyAc6dKpXfybLy1ZFhb77t17nXsAAAAAgKpDQAgArKMTzhq8cmVpWO++yw777LFz9KUFCxcVFRWH9dmn/F96elx/5Niz945h0bTxJlt271K53S5fvvzrUT/8t16x2nXq5NRedXDsLxPCYrsem3do17pyuwIAAACAjU9ACACsoz8K519+3R3Rxav/NaBhfl50cchN94RFrezsV565v9Em+bHbduvSYfjT94/6aPjRhx0QHZwwaUpY5Nar+9i9N4z+ePhXI1745M1nRgx//PnH77r9un/tvvP28TTWZ4+dn3jg5j133TF2MD09fYfteoT1uP9mfkEQ/DFvfrQ+tN8+YbHtVt2jd0a96Iqby8r+vMvov++/cbsem8fuNj+v/v23DRn10fC7brwsnt4AAAAAIOEyE90AAJDE3hrxyV679erdq2f4bL/H77txv8NPCV9672GtCrcAABpFSURBVMPPJhw7pUPbVkEQtGjW5M3nH546febkKdPr1Kndrs2m+Xn1w9XOOfXYp55/NayffG74IQfsnZ1dM1xMS0vLysrKysoKgpz8Bnkd2rbq3atnUfHS/ieeF7276arq59a7+pIBGRkZNw0ZNO2UmW+P+GTK9JmtWjY7/KC+9erWCYIgEok8+vRL0fV/mzwlWv/f4f2233arvPq5DfPzRv8w7sSzBgdBMH/BwqeeH37MEQeFYeeDd1w9Y9acyQXTyiKRVi2bbdqiWbjtTttv07lD218mTNoAXzMAAAAAVCYzCAGA9XLBpTcsWLgorJs3bXzpwDOiLx1/5sVjfhgX1hkZGW1atdht539s12PzaDq4cmXp+ZdcF13/wD67Z2VlhRnevPkLS0qWrVxZGolEYt8up3atJx64aS391MyqMX/Bn/20bN705GMPv+aSAScfc1iYDgZBcO/QpycVTIuuX1YWGf3fJtPS0jq0ax3Og+yx+Wb1c+uF47ff9/h/Xnw92kmzJo12/MfWO22/TTQdDILgsadfkg4CAAAAkBQEhADAGpWULPvbdcrKyo4/c/DMWXPCxYMP2Ltl86ZhXVRUfMJZgy+/7s7CefOjd+kMLV5S9Opb7/fe/+iRX46KbnjGSUelp6ctXlJ0yLFn737gMdvvddi2u/2zxy79eu939JAb7577x7xwzfq59aJpX9TSpSVhMXtu4Z4HHXfv0KcWLV5SLlycOWvO8Wde/MiTL5Tb9rzB15bL9ubNX3jGBVdGg88gCG666+H+J503ZdqMFStWxq65fMWKb8b82O+o0+968InVfTmlf/sFAgAAAMBGllbuhzMAIOlstfOBiW4hLq1aNuvcoe2cP+ZNKpi2cNHicq++/OS9bVq1CIJgyI13D39jxKqb166V/dk7z4X1EScOGD9h8t++Y3p6WueO7dq3aTV+4qQJvxWUCynLyauf261Lh9Kysu9+GFf837hxTWv22Hyz4qUlk6dOnzV77t+2sXGM+eSVRLcAAAAAQHLwDEIAYCOZMm3GlGkz1vRqi2ZNwqJw3oLVrtC9a6ewWLmyNJ50MLx96LhfJo77ZWI8K89fsPDTL76Nc833P/kinjUBAAAAoApyi1EAoEqYPmNWWNx6zeC9d+sV+1J6evqRh+x/781XhIujv/8pEQ0CAAAAQDXhFqMAkPSS5Raja7fT9tvcecOlaWlp4eKKFSsXLV5cvLQkp3bt3Hp1MjIywvG5f8zre9hJK1d6tl95bjEKAAAAQJzMIAQAqoRPv/h28JBblpb8+fC/GjUy8xvktWzetEFebpgORiKRT7/49pBjz5YOAgAAAMD6MIMQAJJe9ZhBGLX/Prv122/PZo03yc2tmxakLSkqnjlrzm8FU+9/9D9z5hYmuruqywxCAAAAAOIkIASApFfNAkLWjYAQAAAAgDi5xSgAAAAAAACkEAEhAAAAAAAApBABIQAAAAAAAKQQASEAAAAAAACkEAEhAAAAAAAApBABIQAkvbR0F/RU5xgAAAAAIH5+SwKApFevbk6iWyDBHAMAAAAAxE9ACABJr1mTxolugQRzDAAAAAAQPwEhACS9zh3aJLoFEswxAAAAAED8BIQAkPS23rJbolsgwRwDAAAAAMRPQAgASa93r55p6a7pqSstPb13r56J7gIAAACApOHHRABIejm1a/Xru3uiuyBh+vXdPad2rUR3AQAAAEDSEBACQHVw5CH7J7oFEsa/fQAAAAAqREAIANVB+7atjjmiX6K7IAGOOaJf+7atEt0FAAAAAMkkLRKJJLoHAKByHHnyBT+Pn5joLth4unRq/8zDtya6CwAAAACSjBmEAFB9XDX4nNzcuonugo0kN7fuVYPPSXQXAAAAACQfASEAVB/t27a6/dp/yQhTQW5u3duv/ZebiwIAAACwDtxiFACqm4mTplx+/V3uNVqNdenU/qrB50gHAQAAAFg3AkIAqJ5uv++xJ54dnuguqHzHHNHvvDOOT3QXAAAAACQxASEAVFsTJ0155sXXhr/5fqSsLNG9sL7S0tP79d39yEP2N3EQAAAAgPUkIASAaq6oeOlHI78a9d1Pv0yYPGPW7EWLi+SFSSEtPb1e3ZxmTRp37tBm6y279e7VM6d2rUQ3BQAAAEB1ICAEAAAAAACAFJKe6AYAAAAAAACAjUdACAAAAAAAAClEQAgAAAAAAAApREAIAAAAAAAAKURACAAAAAAAAClEQAgAAAAAAAApREAIAAAAAAAAKURACAAAAAAAAClEQAgAAAAAAAApREAIAAAAAAAAKURACAAAAAAAAClEQAgAAAAAAAApREAIAAAAAAAAKURACAAAAAAAAClEQAgAAAAAAAApREAIAAAAAAAAKeSvgLC4uLi0tDShzQAAAAAAAAAb1l8B4QcffrR3n/3ffOudsrKyhLYEAAAAAAAAbCj/c4vRyQUFZ5973v4HHvzBhx9FIpHEdQUAAAAAAABsEH8FhI0aNQqLX8aPP/nUM/55yOGff/Fl4hoDAAAAAAAAKl9a7EzB777/4c677vnk05HRkZ49txt43rk9emyVoPYAAAAAAACAypS26q1ER48ec9sdd33x5VfRkV1773L+gHM226zLRm8PAAAAAAAAqEyrCQhDX3/z7W233/nNt6OiI3377H3u2We1b99uI7YHAAAAAAAAVKY1BoShL7786s677omNCZ94/JEdd9h+o/QGAAAAAAAAVLL0tb+8ScOGzZs3ix0pKSnZwC0BAAAAAAAAG0rmml74bdKk++5/cPgrr0VHtu7RY+AFA7bbdpuN1RsAAAAAAABQyVYTEBYUTLnnvvuHDX81OtK162YDzxuw8869Nm5vAAAAAAAAQCX7n4BwypSp997/4EsvD4uOtGnd+sKB5+215x5paWmJaA8AAAAAAACoTH8FhN99/8PBhx4RXWzSpPGFF5y//359MzIyEtQbAAAAAAAAUMn+CginT58eFvn5Dc4/79yDD+pXo0aNxDUGAAAAAAAAVL6/AsK0tLScnJzzB5xzxOGHZmdnJ7QrAAAAAAAAYINIi0QiYbV8+fIVK1bk5OQkuiUAAAAAAABgQ/krIAQAAAAAAACqvfRENwAAAAAAAABsPAJCAAAAAAAASCECQgAAAAAAAEghAkIAAAAAAABIIQJCAAAAAAAASCECQgAAAAAAAEghAkIAAAAAAABIIQJCAAAAAAAASCECQgAAAAAAAEghAkIAAAAAAABIIQJCAAAAAAAASCECQv6/PTsQAAAAABDkbz3IpREAAAAAAAAjghAAAAAAAABGBCEAAAAAAACMCEIAAAAAAAAYEYQAAAAAAAAwIggBAAAAAABgRBACAAAAAADAiCAEAAAAAACAEUEIAAAAAAAAI4IQAAAAAAAARgQhAAAAAAAAjAhCAAAAAAAAGBGEAAAAAAAAMCIIAQAAAAAAYEQQAgAAAAAAwIggBAAAAAAAgBFBCAAAAAAAACOCEAAAAAAAAEYEIQAAAAAAAIwIQgAAAAAAABgRhAAAAAAAADAiCAEAAAAAAGBEEAIAAAAAAMCIIAQAAAAAAIARQQgAAAAAAAAjghAAAAAAAABGBCEAAAAAAACMCEIAAAAAAAAYEYQAAAAAAAAwIggBAAAAAABgRBACAAAAAADAiCAEAAAAAACAEUEIAAAAAAAAI4IQAAAAAAAARgQhAAAAAAAAjAhCAAAAAAAAGBGEAAAAAAAAMCIIAQAAAAAAYEQQAgAAAAAAwIggBAAAAAAAgBFBCAAAAAAAACOCEAAAAAAAAEYEIQAAAAAAAIwIQgAAAAAAABgRhAAAAAAAADAiCAEAAAAAAGBEEAIAAAAAAMCIIAQAAAAAAIARQQgAAAAAAAAjghAAAAAAAABGBCEAAAAAAACMCEIAAAAAAAAYEYQAAAAAAAAwIggBAAAAAABgRBACAAAAAADAiCAEAAAAAACAEUEIAAAAAAAAI4IQAAAAAAAARgQhAAAAAAAAjAhCAAAAAAAAGBGEAAAAAAAAMCIIAQAAAAAAYEQQAgAAAAAAwIggBAAAAAAAgBFBCAAAAAAAACOCEAAAAAAAAEYEIQAAAAAAAIwIQgAAAAAAABgRhAAAAAAAADAiCAEAAAAAAGBEEAIAAAAAAMCIIAQAAAAAAIARQQgAAAAAAAAjghAAAAAAAABGBCEAAAAAAACMCEIAAAAAAAAYEYQAAAAAAAAwIggBAAAAAABgRBACAAAAAADAiCAEAAAAAACAEUEIAAAAAAAAI4IQAAAAAAAARgQhAAAAAAAAjAhCAAAAAAAAGBGEAAAAAAAAMCIIAQAAAAAAYEQQAgAAAAAAwIggBAAAAAAAgBFBCAAAAAAAACOCEAAAAAAAAEYEIQAAAAAAAIwIQgAAAAAAABgRhAAAAAAAADAiCAEAAAAAAGBEEAIAAAAAAMCIIAQAAAAAAIARQQgAAAAAAAAjghAAAAAAAABGBCEAAAAAAACMCEIAAAAAAAAYEYQAAAAAAAAwIggBAAAAAABgRBACAAAAAADAiCAEAAAAAACAEUEIAAAAAAAAI4IQAAAAAAAARgQhAAAAAAAAjAhCAAAAAAAAGBGEAAAAAAAAMCIIAQAAAAAAYEQQAgAAAAAAwIggBAAAAAAAgBFBCAAAAAAAACOCEAAAAAAAAEYEIQAAAAAAAIwIQgAAAAAAABgRhAAAAAAAADAiCAEAAAAAAGBEEAIAAAAAAMCIIAQAAAAAAIARQQgAAAAAAAAjghAAAAAAAABGBCEAAAAAAACMCEIAAAAAAAAYEYQAAAAAAAAwIggBAAAAAABgRBACAAAAAADAiCAEAAAAAACAEUEIAAAAAAAAI4IQAAAAAAAARgQhAAAAAAAAjAhCAAAAAAAAGBGEAAAAAAAAMCIIAQAAAAAAYEQQAgAAAAAAwIggBAAAAAAAgBFBCAAAAAAAACOCEAAAAAAAAEYEIQAAAAAAAIwIQgAAAAAAABgRhAAAAAAAADAiCAEAAAAAAGBEEAIAAAAAAMCIIAQAAAAAAIARQQgAAAAAAAAjghAAAAAAAABGBCEAAAAAAACMCEIAAAAAAAAYEYQAAAAAAAAwIggBAAAAAABgRBACAAAAAADAiCAEAAAAAACAEUEIAAAAAAAAI4IQAAAAAAAARgQhAAAAAAAAjAhCAAAAAAAAGBGEAAAAAAAAMCIIAQAAAAAAYEQQAgAAAAAAwIggBAAAAAAAgBFBCAAAAAAAACOCEAAAAAAAAEYEIQAAAAAAAIwIQgAAAAAAABgRhAAAAAAAADAiCAEAAAAAAGBEEAIAAAAAAMCIIAQAAAAAAIARQQgAAAAAAAAjghAAAAAAAABGBCEAAAAAAACMCEIAAAAAAAAYEYQAAAAAAAAwIggBAAAAAABgRBACAAAAAADAiCAEAAAAAACAEUEIAAAAAAAAI4IQAAAAAAAARgQhAAAAAAAAjAhCAAAAAAAAGBGEAAAAAAAAMCIIAQAAAAAAYEQQAgAAAAAAwIggBAAAAAAAgBFBCAAAAAAAACOCEAAAAAAAAEYEIQAAAAAAAIwIQgAAAAAAABgRhAAAAAAAADAiCAEAAAAAAGBEEAIAAAAAAMCIIAQAAAAAAIARQQgAAAAAAAAjghAAAAAAAABGBCEAAAAAAACMCEIAAAAAAAAYEYQAAAAAAAAwIggBAAAAAABgRBACAAAAAADAiCAEAAAAAACAEUEIAAAAAAAAI4IQAAAAAAAARgQhAAAAAAAAjAhCAAAAAAAAGBGEAAAAAAAAMCIIAQAAAAAAYEQQAgAAAAAAwIggBAAAAAAAgBFBCAAAAAAAACOCEAAAAAAAAEYEIQAAAAAAAIwIQgAAAAAAABgRhAAAAAAAADAiCAEAAAAAAGBEEAIAAAAAAMCIIAQAAAAAAIARQQgAAAAAAAAjghAAAAAAAABGBCEAAAAAAACMCEIAAAAAAAAYEYQAAAAAAAAwIggBAAAAAABgRBACAAAAAADAiCAEAAAAAACAEUEIAAAAAAAAI4IQAAAAAAAARgQhAAAAAAAAjAhCAAAAAAAAGBGEAAAAAAAAMCIIAQAAAAAAYEQQAgAAAAAAwIggBAAAAAAAgBFBCAAAAAAAACOCEAAAAAAAAEYEIQAAAAAAAIwIQgAAAAAAABgRhAAAAAAAADAiCAEAAAAAAGBEEAIAAAAAAMCIIAQAAAAAAIARQQgAAAAAAAAjghAAAAAAAABGBCEAAAAAAACMCEIAAAAAAAAYEYQAAAAAAAAwIggBAAAAAABgRBACAAAAAADAiCAEAAAAAACAEUEIAAAAAAAAI4IQAAAAAAAARgQhAAAAAAAAjAhCAAAAAAAAGBGEAAAAAAAAMCIIAQAAAAAAYEQQAgAAAAAAwIggBAAAAAAAgBFBCAAAAAAAACOCEAAAAAAAAEYEIQAAAAAAAIwIQgAAAAAAABgRhAAAAAAAADAiCAEAAAAAAGBEEAIAAAAAAMCIIAQAAAAAAIARQQgAAAAAAAAjghAAAAAAAABGBCEAAAAAAACMCEIAAAAAAAAYEYQAAAAAAAAwIggBAAAAAABgRBACAAAAAADAiCAEAAAAAACAEUEIAAAAAAAAI4IQAAAAAAAARgQhAAAAAAAAjAhCAAAAAAAAGBGEAAAAAAAAMCIIAQAAAAAAYEQQAgAAAAAAwIggBAAAAAAAgBFBCAAAAAAAACOCEAAAAAAAAEYEIQAAAAAAAIwIQgAAAAAAABgRhAAAAAAAADAiCAEAAAAAAGBEEAIAAAAAAMCIIAQAAAAAAIARQQgAAAAAAAAjghAAAAAAAABGBCEAAAAAAACMCEIAAAAAAAAYEYQAAAAAAAAwIggBAAAAAABgRBACAAAAAADAiCAEAAAAAACAEUEIAAAAAAAAI4IQAAAAAAAARgQhAAAAAAAAjAhCAAAAAAAAGBGEAAAAAAAAMCIIAQAAAAAAYEQQAgAAAAAAwIggBAAAAAAAgBFBCAAAAAAAACOCEAAAAAAAAEYEIQAAAAAAAIwIQgAAAAAAABgRhAAAAAAAADAiCAEAAAAAAGBEEAIAAAAAAMCIIAQAAAAAAIARQQgAAAAAAAAjghAAAAAAAABGBCEAAAAAAACMCEIAAAAAAAAYEYQAAAAAAAAwIggBAAAAAABgRBACAAAAAADAiCAEAAAAAACAEUEIAAAAAAAAI4IQAAAAAAAARgQhAAAAAAAAjAhCAAAAAAAAGBGEAAAAAAAAMCIIAQAAAAAAYEQQAgAAAAAAwIggBAAAAAAAgBFBCAAAAAAAACOCEAAAAAAAAEYEIQAAAAAAAIwIQgAAAAAAABgRhAAAAAAAADAiCAEAAAAAAGBEEAIAAAAAAMCIIAQAAAAAAIARQQgAAAAAAAAjghAAAAAAAABGBCEAAAAAAACMCEIAAAAAAAAYEYQAAAAAAAAwIggBAAAAAABgRBACAAAAAADAiCAEAAAAAACAEUEIAAAAAAAAI4IQAAAAAAAARgQhAAAAAAAAjAhCAAAAAAAAGBGEAAAAAAAAMCIIAQAAAAAAYEQQAgAAAAAAwIggBAAAAAAAgBFBCAAAAAAAACOCEAAAAAAAAEYEIQAAAAAAAIwIQgAAAAAAABgRhAAAAAAAADAiCAEAAAAAAGBEEAIAAAAAAMCIIAQAAAAAAIARQQgAAAAAAAAjghAAAAAAAABGBCEAAAAAAACMCEIAAAAAAAAYEYQAAAAAAAAwIggBAAAAAABgRBACAAAAAADAiCAEAAAAAACAEUEIAAAAAAAAI4IQAAAAAAAARgQhAAAAAAAAjAhCAAAAAAAAGBGEAAAAAAAAMCIIAQAAAAAAYEQQAgAAAAAAwIggBAAAAAAAgBFBCAAAAAAAACOCEAAAAAAAAEYEIQAAAAAAAIwIQgAAAAAAABgRhAAAAAAAADAiCAEAAAAAAGBEEAIAAAAAAMCIIAQAAAAAAIARQQgAAAAAAAAjghAAAAAAAABGBCEAAAAAAACMCEIAAAAAAAAYEYQAAAAAAAAwIggBAAAAAABgRBACAAAAAADAiCAEAAAAAACAEUEIAAAAAAAAI4IQAAAAAAAARgQhAAAAAAAAjAhCAAAAAAAAGBGEAAAAAAAAMCIIAQAAAAAAYEQQAgAAAAAAwIggBAAAAAAAgBFBCAAAAAAAACOCEAAAAAAAAEYEIQAAAAAAAIwIQgAAAAAAABgRhAAAAAAAADAiCAEAAAAAAGBEEAIAAAAAAMCIIAQAAAAAAIARQQgAAAAAAAAjghAAAAAAAABGBCEAAAAAAACMCEIAAAAAAAAYEYQAAAAAAAAwIggBAAAAAABgRBACAAAAAADAiCAEAAAAAACAEUEIAAAAAAAAI4IQAAAAAAAARgQhAAAAAAAAjAhCAAAAAAAAGBGEAAAAAAAAMCIIAQAAAAAAYEQQAgAAAAAAwIggBAAAAAAAgBFBCAAAAAAAACOCEAAAAAAAAEYEIQAAAAAAAIwIQgAAAAAAABgRhAAAAAAAADAiCAEAAAAAAGBEEAIAAAAAAMCIIAQAAAAAAIARQQgAAAAAAAAjghAAAAAAAABGBCEAAAAAAACMCEIAAAAAAAAYEYQAAAAAAAAwIggBAAAAAABgRBACAAAAAADAiCAEAAAAAACAEUEIAAAAAAAAI4IQAAAAAAAARgQhAAAAAAAAjAhCAAAAAAAAGBGEAAAAAAAAMCIIAQAAAAAAYEQQAgAAAAAAwIggBAAAAAAAgBFBCAAAAAAAACOCEAAAAAAAAEYEIQAAAAAAAIwIQgAAAAAAABgRhAAAAAAAADAiCAEAAAAAAGBEEAIAAAAAAMCIIAQAAAAAAIARQQgAAAAAAAAjghAAAAAAAABGBCEAAAAAAACMCEIAAAAAAAAYEYQAAAAAAAAwIggBAAAAAABgRBACAAAAAADAiCAEAAAAAACAEUEIAAAAAAAAI4IQAAAAAAAARgQhAAAAAAAAjAhCAAAAAAAAGAn7ChDGCqsHpwAAAABJRU5ErkJggg==' />]]>
    </system-out>
  </testcase> <!-- userRegistrationTest -->
  <testcase classname="com.vinsguru.tests.flightreservation.FlightReservationTest" name="registrationConfirmationTest" time="0.000">
    <skipped/>
  </testcase> <!-- registrationConfirmationTest -->
  <testcase classname="com.vinsguru.tests.flightreservation.FlightReservationTest" name="flightReservationConfirmationTest" time="0.000">
    <skipped/>
  </testcase> <!-- flightReservationConfirmationTest -->
  <testcase classname="com.vinsguru.tests.flightreservation.FlightReservationTest" name="flightsSelectionTest" time="0.000">
    <skipped/>
  </testcase> <!-- flightsSelectionTest -->
  <system-out>
    <![CDATA[<img width=700px src='data:image/png;base64,iVBORw0KGgoAAAANSUhEUgAACWAAAAaKCAIAAADCuNM0AAABK2lDQ1BTa2lhAAAokX2QMUvDUBSFv1cKomYRFR0cMnbRppWmDdahqbXo2Cqk3dI0FLFNQxrRvas/wtlNcBGhs4uT4CTi4i4IrpXXDClIPNPHuQfuPRdSmwBpDQZeGDTqpmq12urCBwLBTLYz8kmWgJ/XKPuy/U8uSYtdd+QAX0AYWK02iC6w1ov4SnIn4mvJl6EfgriRHJw0qiDugUxvjjtz7PiBzL8B5UH/wonvRnG90yZgAVvUGTKkRx+XLE3OOcMmi0YNgxK71KhQoUCFHHlKGOgU0KhiUqRKkUN0SuTJcTBjA13+M1o5fof9yXQ6fYy94wnc6bD0EHuZPVhR4Ok59uIf+3Zgz6w0kHJN+F4H5RZWP2F5DGzIcUJX9U9XlSM8HHZQyaORQ/8FDJRN2vTWQQEAACAASURBVHic7N13XFRHH+/xXZoUpSPYsfdu1NhrjDGx11gilth7S+y9G2OXWDD2FmvsLZZYiaio2BVFRHrvu3v/4F4uD+w5exaWXXA/71f+kDNzZn7uYfF59svMyGs17SgDAAAAAAAAAAAAYBxMDF0AAAAAAAAAAAAAAP0hIAQAAAAAAAAAAACMCAEhAAAAAAAAAAAAYEQICAEAAAAAAAAAAAAjQkAIAAAAAAAAAAAAGBECQgAAAAAAAAAAAMCIEBACAAAAAAAAAAAARoSAEAAAAAAAAAAAADAiBIQAAAAAAAAAAACAESEgBAAAAAAAAAAAAIwIASEAAAAAAAAAAABgRAgIAQAAAAAAAAAAACNCQAgAAAAAAAAAAAAYEQJCAAAAAAAAAAAAwIgQEAIAAAAAAAAAAABGhIAQAAAAAAAAAAAAMCIEhAAAAAAAAAAAAIARISAEAAAAAAAAAAAAjAgBIQAAAAAAAAAAAGBECAgBAAAAAAAAAAAAI0JACAAAAAAAAAAAABgRAkIAAAAAAAAAAADAiBAQAgAAAAAAAAAAAEaEgBAAAAAAAAAAAAAwIgSEAAAAAAAAAAAAgBEhIAQAAAAAAAAAAACMCAEhAAAAAAAAAAAAYEQICAEAAAAAAAAAAAAjQkAIAAAAAAAAAAAAGBECQgAAAAAAAAAAAMCIEBACAAAAAAAAAAAARoSAEAAAAAAAAAAAADAiBIQAAAAAAAAAAACAESEgBAAAAAAAAAAAAIwIASEAAAAAAAAAAABgRAgIAQAAAAAAAAAAACNiZugCAABA7qpXu1q9WtWHefTOdN3b5/HQcTMMVBQAAAAAAAAAg2EFIQAAX76s6WBacLhlzSJDlAMAAAAAAADAkAgIAQD4wtWrVV2wqXa14R599FsOAAAAAAAAAAOT12ra0dA1AACA3OVz7bhIa+1mnfRYCwAAAAAAAAADM3UrVdHQNQAAgNwll8nr1a4m0ur94LF+KwIAAAAAAABgMGwxCgCAsVN7QiEAAAAAAACALxUBIQAAX77NXvvEO3ASIQAAAAAAAGA8zAxdQJ5gZ1uoQll3rW5RqlRxcfGR0THh4ZHJKSm6raegjXWn79pUr1LB0dHewd7WtmBBmUwWGxcfHhEVHhn5xO/V8dMXo6JjdDtpmto1qnzbuqmbq4ujg72dbUFrK8uExKSo6JjwiKjPwaHnL9+45+ObjWGLF3Ur4uqS9Xp0bOzzl2+ljGBiIq9do6qJXK629cXrd1JekIrlS6e9mJmERUS+efdBShkZ66lbU/1mfU+evYxPSBS/PfcecfUqFSwLFMh6XfqDszA3r1mtUtbral8lkddBrejY2A8BnzS+PjmRjbeziEx/a6Hv5LiEhKfPXmV7Fp0PW6JYkY7tW5dxL+HoYGdvV6igjU2qQhEdHRMRGR0cGvbWP+Do3xcio6IljlalUjkbK6us14OCQz98/CRxECcH+zLuJbJeDw4N8/8QmPbnapXLW1laShxQOqVK9Z/o5pnVKpdv37a5q4uTg4O9g51tQRtrhUIREhYR+Onzu/cfX797/+zFm4+fgpRKlc5ry1PSFhFqzBEBAAAAAAAAfAHktZp2NHQNhjegd5cJIwdm+/aExMSAj0GP/V4eO3Xx0ZNn2R7Hwd5u0uhBX39V29HBTmPnyKjoO/89Wrlua2hYRLZnTNe+TbMBfbqUK13KzMxUvGdqquKt/4e9h08eO3VR+vjb1i+pU6NK1uthEZFtOv0kZYQ/Ny2rUVVNapVm8Ohf7z96Kj6Cs5PDhaM71DapVKofeg/7+OmzlErSTJ84vEfn9mqbuvQb9e59gNqm3H7E3Tq2mzl5pNqmBq27S0yy1y+f3bhh3azX/T8Edu47ItNFO9tC//y9W2J56VQqVWqqIio65vot772HTr5666/tCCJy+HbO5K1/QNf+o9K/FPpOjk9IbNyuV7Zn0dWwNapWGvNz/6qVy0mJ2cIjom57P9i265DGdPzG2f021moCwge+fh6jfpFY25WTu+ztbLNef/byTZ/BE9L+fOfiIQsLC4kDaqV2s05ZL379VW2Pft1qVq0oZVKlUvXgsd86z50PfP1yo0L9GO7RR+NWompfKwAAAAAAAABfGFYQ6oCVpWX5su7ly7p3+b7tW/+AOUvW+D59odUITg72s6aOatboK7nACrms7O1s27Vq8k3Lxrfu+sxbvj44JCxbtcs6tGs5YeRAJwd7if3NzEzLl3WfM23M+BED13ruPHLyfPbm1crGVXNF0sHla7doTAdlMlloWMQDX79a1StnbZLL5asXT+/pMU5iPUXdCnfv9K3aptveD9Smg/p5xK4uThIHF2GnLsXRLblcbm5u5uzk0OX7tl2+bxsXn7B5+97dB0/k9rxfsLq1qs2cPMK9ZHHptzg62H3Xtvl3bZvfuuczff5v0hcUZo9cnod2tHZzdVm5YFrVSuWl32JiIq9To4rXhqXhEVEHj5322v2XzteO5xHDPfqwiBAAAAAAAAD44uWhT2y/DKVLFd+5ecXqxdOl39K3R8fzR3c0b1xfenSUTi6XN2pQ5+zhbR59u2l7r72d7Yl9mxfOGC89HczIzrbQrCmjTh/ckr3bpVsxf9rXX9UWat3y54F9h/+WONTEGUsUCoXapvJl3du1aiJxnN8WTVf7sFJTFVNmLct63VCPOL+wsbaaNHrw3wf+KFe6lKFryX9MTEw2rpq7de0irdLBjL7+qval4zvHj9DZsss8rknDuqcObNEqHczI0cFuuEefK9ovnM0LpCR/GpcYAgAAAAAAAPgCEBDmihZNGvyxZqHGbiYmJuuXz548ZrCJida5UUZyuXzssAGevy/QuEFouvp1apz7a1uJYkVyMq9MJiviVvjM4W2NGtTJ4ThC5kwb3aZFI6HWw8fPbty2V/poEZFRO/cfE2qdPW2MiYnmd0S7Vk0qli+ttslzx77YuPiMVwz4iPOdYkVcD+5Y06BeTUMXkp+UKFbkwtEdIgm6RCYm8p/6dPlt0a86qivvatGkwdpls3L4fpTJZP4fPuqoIn3z9Nqvsc9wjz56qQUAAAAAAACAwRAQ5pavalcXOqMujYmJ/OjuDWoPe8ue+nVqHN+7WUrE1bZl482r5+vqrC9zc7MNK+a0b9NMJ6NlNHGUR+cObYVaL/5zc9GqTdqOudZzp9BWitZWlkIH+KUzMTGZNXW02qbQsIitOw/9b2eDPeJ8Si6Xr18+p4x7CUMXkj+4lyx+ZNcGKedZStSyacMdG5flPDzLs2wLFVy5YFo2FvJmtX6L4VcQDvfo43PtePp/W9Ysqle7mk5GZhEhAAAAAAAA8MX7YpOGvGDc8J9EWjevXlCyeFHdzljUrfC2dYvF+1SuWHbpnCk6+Yg8o4UzJ1avUkGHA/48sFf/Xp2FWu/5+E6ZrWYzTyl+mbdSqKlzhzbFiriK3Dtz8kgbayu1TVnrMdQjztfMzEx3/7HyCw5BdcXOttCeLat0vqK0ZrVKFcuX0e2YecfUsUNMTXXwikXHxN68c18XFeVIphivXu1qUjJCiecLsogQAAAAAAAA+LKZGbqAvG724jVZL9pYWxUtUrhk8aL169awsrQUutfG2qp6lQq+T19kbZo2/uevalfXOLtKpYqJjfvw8ZNKJStRrIhtIRuNwV6t6pVnTh65cOVGta0O9nY7NiyVskIoJSU1ODQs6HOIa2Hnwi5OFubm4v1NTORb1y3u0HNoaFiExsE16tuj44hBPwq1Pn/59udxM7M9+B3vh/cfPa1To0rWJrlcvnrx9J4e49TeWLyoW+cObdQ23fZ+8MDXL+MVQz3iPCU8IirjlwUszK2srDR++1lZWg7u133LzoM6rycwKFjoEEohDx/7SehlAPu3/25tJfjDJ51KpYqNiw/8FBwaFm5rW8itsLOLs6NI/+Vrt/g9f63TSrXw8VOwyIJIExOTQgVt1DapVKromFihG1UqlUwmszA3b9dabKHzW/+AS1dv+fg+jYiMcivsUrlCmXJlShUvVqRU8SKZ1lv/deKctL9Q7vL02p91qd+wgX28fWbkfPC0kSWmiQAAAAAAAADyHQJCDU6evSzewaNvt7HDBgi11qtdPWtAWLyoW68u34kP+9Y/YP7y9Y+ePFMqVekXTUzk1SpXnDllZPkypUTu7frDN7sPnnj3PiBr07J5U8R3FlUoFFt3Hjpw9HRE5P9EO/Z2tt07tRvu0Udk/Y2FufmyeVMHj87pMWadO7SZPGawUGtAYNCPQyfmcIpJM5ZcPLZD7d+lfFn3dq2anLt8I2vTb4unq03vUlMVU2b9z/JBAz7ivGOt506vPX9lvW5jY92xfatRg/va2FgL3duvV6fcCAj7/Tw50zd2PjXco49bYWfxPg8fP1u+dsuzF68zfoPJZLKCNtZ9e3Yc2KerpWWBjNdVKtWMBb+duXgtd0qWpGv/USKtZdxL/LVzvdqmhSs3Hjl5XnzwRg3qCC24TElJXbhy44kzl9Kv+D1/feX67fQvu3VsN6hf96JuhWUymVKp+uPPA5r+KgZTr3a14R59xIM9tcliVsM8ehMQAgAAAAAAAF8q9vHLKa89f506/49Qa1F1+1Uunz9VZJWYQqFYvXFH1/6jHvj6ZfpkX6lUPXryrOfAsSvXbRNZCCWXy5fNnZz1eqXyZcTXtL31D/iu59DNXvuyhiiRUdFbdx76tvvgl2/8RUaoU6NKtcrlRTpo1LZl49kCh/zJZLKw8IgeA8cqlcqcTJH21/Hac0SoddbU0Vm3uGzfpplQaLfZa19sXHzGK4Z6xPlCXFz8vsN/N2nf59S5K0J9bAsVbFCvpn7ryjcsLCwG9esu0iEhMXHyrGUDR057+uxVpm8wmUwWGxfv6bW/6Xd9jp/+/3mYUqkaPXW+YdPB3FalUjmhptlL1mRMB7P668S5Dj2H9vQYd9v7wfHTFxMTk3KnRu0IpXfDPHrraoNQNhoFAAAAAAAAvlQEhDpw4rTgJ8vJycmZrtStVa1yhbJC/aOiY7/rOXTn/qPiM+45dOLb7oOjomOEOlQoV7p+nRqZLi6ZIxYpeXrt79p/VHBImEif0LCIngPHbty6R6TPwpnZX97XqEGdZXMFz0eMiY3r2n+0rj6a37B1d6YNMNPZWFtNnzg84xUzM9NZU9WvbQoNi9i261DGKwZ8xPnLzEW/BwQGCbXWrVlVv+XkGzMmDTc3F1z87ff8dYsO/S5dvSk+SGqqYu7StfOWrVOpVKmpCo9Rv+SFQ/VyVVn3kmqvq1Sq85evSxnh5et3IybOmb9c/SrGPGWYR2+RwwilrwuUstAQAAAAAAAAQH7EFqM6UKCA4KadL1+/y3RlyIAeIkONmTpPPKJLFxoWMXLy3D1/rBLqMLh/97v3H6V/aWdbyL1kMaHOz16+kf6R8ZadB5s3qV+1kvqVgqVKFLW3s42MipY4WrraNaqsWzZbKB1MTEzq/tMYkWPGsuGXuSv+WLNQbVPXH77ZvvtwYFBw2pezpowSOmxy0sylma4Y6hHnR7MXr9m+fonaJveSxfVeTv7Qunkjoabk5ORBY35NTkmRONSxUxefPHsVH5/w8dNn3RWYRwkdfimXy8uUKvnqrdja6DxLZLPQLWsW6WQKn2vHNfbx9nksk8k8d+xL+wMAAAAAAACAvI8VhDrQr1cnoSafR08zXalVrbJQ5zMXr2U9sFDE02evRDZprFX9fybq3a2DUE+FQjF68jzp88pksjFTF6SmCm6A2bur4FxCKpUv88fvC4U+wU9JSe0zZKLEXE26ez6+93x81TbJ5fLVi6en/blUiaI/fNtKbbdb93wePXmW6aKhHnF+9PBx5lcvXfFibvqtJX8o417CxtpKqHXmot+1XWL78vU7Y0gHZTJZet6f1S7PFULvcUhRr3a1erWrbVmzaMuaRSIrFwEAAAAAAADkHQSEOWJjY71s3hShnR6DPof4fwjMeKVG1UqWlgXUdo6LT5i5cLW2Bcxesjbuf0+/S2dhYZExQPq2dVOhQdZ67gqLiNRq3ojIqDWbdwi1ftummVajuZcsvnPzCjMzU7WtCoVi0Ohf3r0P0GpMiabMWiZ01F+FcqXbtWoik8lWL56hdl1jaqpi6uzlmS4a8BHnR0qlUuj1t7YSjMGMWZ/uPwg1/ffg8YUr/+q3nPzk9dv3Qk2WlgXmTx9348y+kUP6FnZx0m9dOSJ95bd+pMeEhi4EAAAAAAAAgAZsMarB1LFDs160sirgWtjZ1cW5dKniQltiymSy3zdljtCaN/5KqPONW95KpVLb8pRK5bVb3u0FArlmjb564OuX9ueiRVzV9lGpVLsPHtN2XplMtvvgiYmjBqn96xdxc5E+jpury76tvwmdqaZSqcZMXfDY72U2KpQiKjpm685DQnv0zZo62srKqnQp9XtdbvbaF5slujPgI86P7GwLmZqqD4ZDQsP1Xk4+UL1yBaGmPYdO6rcWWa3qlb2vHJHYWehB683f5/6ZMWmk0DLltF/4GDqg59ABPRMSE1+99r92696JM5d1vnBZ50R2GTWUtJhw6LgZhi4EAAAAAAAAgCACQg36dP8+ezceP33p3OUbmS66uQomZ/89fJK9ie4/fCKUHmWcztxM/bOOiY1TKlXZmzo6Js7OtmDW60JzZWVpYXH4z3VCS+5kMtmv81beuueTvfIk2uy1r3vnb50c7LM22VhbzZk2Wu1doWER23YdynrdgI84P+r0XRuhpg8fP+l8OjvbQkILFrPS7YGXumJnV0io6Y73A/3WIssLsZ90ycnJ/975r+nX9TT2tLK0rF61YvWqFUcN6RcXn/Dk2ctzl64fO3Uh2z8qjVC92tWGe/TJawscAQAAAAAAAKQjIMwVZy5em7t0bdbrhZ0FN6+7dTebMZjIjS5Ojml/KGhjLbTS8WNg9o8fCwj8ZGdbPut1uVxe0MY66+q6rGxsrMU7ZDtU08q0OSu2rtVuT7xJM5eqvW6oR5wfubm6jB3WX6hVZEPIbDu6e4P0zleu3544Y4nOa8ihQgVt1F5PTk6OT0jUezn5zPhfFx3+c53QmmC1bKyt6tepUb9OjWnjhp44e2XNph1SfrLp02avfXltBWGaYR69CQgBAAAAAACAPIszCHPFp6BgtdcdHezUXlcqVQGBQdmb6+Onz0LrWpwc/++quBLFiwjd/vzVm+zNK5PJXr5+J9RUskTRbA+b0Z4/VolsCagr/z14fPf+I+n9b93zefTkmdomQz3ifKdl04YHvdYIrT9TqVQX/jHwcXrFi7oZtgC1ClhYqL0erOWOrG6uLt5XjmT9b+ywATqqNC9SKpXdfxrz1j87B5paWFh079ju6qm9834dmwulZV+92tUMXYJ63j6PDV0CAAAAAAAAAEGsIMwVg/p179ax3ZAxM1699c94XSFwBJ3wOYaSCN2e+v92U0xNFdxW0dzcPNvzitwrfSNHcYVdnH5fMnPstAU6GU3ElFnLLh3faWameb/E1FTF1NnLhVoN9YjzoLKlS1ar/D8LTMuVcXewty3rXqJOzapF3AqL3Pv46Yu8f/abQahU6qNiMy23+jQ1MVGbztarlUfTJl1Jywg3r55fr1Y1kRNkhZiYyDu2b21bqOCE6Ytzp8Avx38PCAgBAAAAAACAvIuAMLfY2Rbas2Vll36jAjOsJgwPj5SVKZW1s1wur1i+9POXb7MxUfmy7kIfc0dERKb9QeQ4twrlSmdjUo33+n8IzPawmTT9ul7/Xp13HTimqwHVio6J3bLzwIhBP2rsuXHbHpE9Bg31iDWysDBPTkmR0lP6EZLiOnzTosM3LbJ37/K1W3RSw5cnMSnJ3FzNA3JydDBEOfmSUqn8edzMwi5OU8YMadm0QTaOUWzRpMHvS2aO/3Vh7hSonWED+xi6BDW8fR6zvygAAAAAAACQl7HFqAbJKSlq/0tJSRVaypPOwsJiz5ZVGa98DgkV6tygbq3sVfj1V7WFmj7/vzVYiYlJQtUWFV3IJU7oXpVKlZiYlO1hs5owcmCNqpV0OKBaf+w4EBYeId4nNCzCa89fIh0M9YjTJCULRoAVyrpLnE5o21KlwOJInbt2895jv5f6mSvfiY2NU3vd3NzMwV799rZQKzgkbMrsZY3a9f590w7fpy+Sk5O1ur1546+GDOiRa9VpIQ9uMerptX/ouBmGrgIAAAAAAACAGFYQatCgdXeR1oI21i2bNvTo2610qeJqO9jb2XZs3/rEmUtpXwYKnE0ok8lq16i8c//RbFRYq7pgchb46f9Pl5SUbGlZIGsfG2srMzNTkT1IhZiZmdpYW6ltSpG2Uk06uVzuuXr+t90HR0XH6HbkTKbMXr59/RKRDpNmLhUfwYCPWCaThQgfRFe+rPv9R0+lTGdbyEbt9dx+8dP4Pn0x7pc8sTArb4qMihHanbVRgzqnzl3RZzFxcfGLVm2S2Hnx7Em5XE52JCcn/7nv6J/7jspksjLuJTp91/rr+nXcSxRTu0wzk749Om7deUgvZQrKm+kgawcBAAAAAACAvI+AMEdi4+JPnr188uzl4R59hnn0VttnuEfv9IDw7MVrwz3UbwfXuEHdgjbWIntXqlXQxrpJw3pCrWcvXU//81v/gMoVy6rtNm3cz9I/5U83ZcwQoabX7z5oO5pMJvN78bqom6udbUG1rZaWBXZ5rujYZ3g2RpbO59HT0LAIZyf1uzUGBAY9evJMfAQDPmLxgLCMewmJMwodLRkRGSVxhGx74Os3eMyvuTd+YmJSSmqqxM7vA3S2Ta4O3fZ+IPRGHjn4Rz0HhC/f+J+5eE1i52njhwm9u/OIN+8+rN64Y/XGHTKZrGL50gN6d2nXqonIBqT2drZODvZhkrf5zQ15Z39RT6/9MpmMaBAAAAAAAADILwgIdWOz177vvmleoliRrE3OTo7pf/b/EBgTG1eooJoVWubmZmuWzRo8Wrt0ZPXiGUIrXeLi4t+9D0j/8sSZS0K5QreO7fb99fcbbVK9Mu4lenRuL9T691mtU4oXr97+OGRi8aJuR3dvNDNT/4l8iWJFls6Z/Mu8ldoOrpW1njvnTx+ntmnluq0abzfgI06LMIXGqVShjJTpKpUvI3TeYWiYhv1XcyIuLn7mot//uXEn96aQyWTf9Ryqh5gzV+0/csqjbze1TUXdCg/36ENCoxPPX76dseC3ecvWjx/+U+9uHYTeFOXKlgrzNmRAKGLouBnePo+FWn2uHZc4Tu1mnXRXFAAAAAAAAIC8gjMIdebFq7dqr5ubm2VMvO54PxQaoU6NKq2bN5I+Y+tmX4vsL3fnv0cZvzzy9wWhYwjlcvmGlXOlzyuTyTasmCP0iblKpTry93mtRnv3/mOfIRPT8q2JMxaL9GzXumnXH77RanBtiazwi41LkDKCoR6xTCb78PGTQqF+t9jqVSqqDbAzmfPLGKGmW/ceaLw9246fuZTb6eCXITgkLDxCMOMc+lOvnJwqikySk5OXr92ydZfgPqKlS6rfXFo/6tWuJvTzwdNrv0g6KH1j0rR1gQAAAAAAAAC+PASEOuPoYC/UVMT1/39kv2n7XpFBFs+aULtGFSnT1apeefHsiSIdNm37n4mSk5MfPXku1NmtsPPqxdNNTDR/P5iYmPy26Fc3VxehDo/9XiYmJmkcJ11gUHCPgWOUSmXal9dveYsvgZoxaWT5su7Sx9c/Qz3iNB8+ql9EKJfLF80SGy1txkrl1S80VKlUV/+9K3571lve+gdk/C8lRXB7zz7dvheaGpkcO3VBqMnERL7Tc0Xxom76rSg/8Vw9f/HsSRYC++iqdeuuj1BTfEKijurSJY2nAErcmNTb5zELUgEAAAAAAIAvFQGhbhR2capWuYJQ6+eQsPQ/v3n34ead+0I9LSwstq9fsnj2JJGszsTEZNGsiV4bllpYWAj1ue394NVb/0wXp81ZLrSIUCaTtWjS4MrJXeLZVa3qla+c3NWyaUOhDiqV6pe5K0RGyKpLv1Gpqf+z6M3Ta7/IS2RiIvfasNTaylKrWfTJgI847brQLdWrVJg4ykOotVL5MmuXzRJq/Rwcmh7iSrTuj11d+4/K+F/91t3u+fiq7SyXyzevni8losaGrbvj4gUXszo52J/Yt3n8iIHigwht5Ptlq1i+dP26Ndu3aXb9zN5+PTuamKhfBp1Jry7fCTWJ/NaFHqjN+XSY6nnuIB0EAAAAAAAAvlh8HK8D9evUOPznOqGD4hQKRXJycsYr0xf8plQKBnUymax9m2ZXTu4a0LtLGfcSGa+XcS8xoHeXKyd3fde2ucjtSqXq13mrsl7/HBJ29tJ1kRttCxXcvn7J6sXTWzZtmDGBs7aybNm04W+LfvXasNS2UEGRES7+czMwKFikQyZR0bGZXpw0Y6bN/yQ8jo211Y6Ny6TPon+GesQymWzz9n0iMXD/Xp3PHN6Waa2etZXlrxOG7d36m9qjE9PsPnhCpB7pxk5bkJCoftGVnW2hJXMm6WSWL5tSqVq5bptIB7lc/lOfLuePePXt0THTN5iNjXXzxl/N/WXs0d0bc7/SPGfauJ/T/mBhYTFp9ODbFw6vmD9NZOmqmZnpwpkTvmnVRG2rSqXKdAionqndKVRjqieyMWlG3j6PRTYpBQAAAAAAAJDfqc+0kG76xOFqr5uYmDg7OTo72ZcsXlQkVpHJZB8/fc50JSo6ZuX6rVPHDhW5y7ZQwQkjB04YOVCpVCUlJyUkJNnb2Upc77Jm85+RUdFqm+YuXdegbk1HBzuR21s0adCiSQOZTJaYmJSSmmpuZmZpWUDKvFHRsbOXrJHSM12qQv2ek0qlqs+QiWcPbxOaunxZ9xmTRixatUmr6fTGgI84Kjrmxu3/mn5dT+het8LO+7atVipVMbGxSUnJ9va2GrdbjE9I3HNINwFhYmLS5FnLNqyYo7b1m5ZNjp++JLL+Ms+ytrL8759jWt3yIzxi+gAAIABJREFUxO/FgBFTszfdsVMXundqV7VSeZE+Ls6Ok8cMTsuxomNik5NT7O1shX6PwRg42NvVql454xVzc7M2LRq1adEoNVXxPiDw+au3wSFhIaHhMpnM0cGuWpUKNapUFPnp91zg3Fm98fTaP8yjd6Yrukr1WD4IAAAAAAAAfNmM98NiiXp0bp/DEVZv3JH14r7Df5cpVaJ7p2813m5iIreytLSylLqj5vHTl3buPyrUmpyc3GfIhJP7NovsXZnO0rKApUxSNCiTyZJTUnoPHq/V6YPioqJjBo+dvmvzSqHMrHunb719fM9dvqGrGXXLUI9YJpMtXLnx9MEtpqZie0iamMjtbAtJnHGd506JPaW4eef+hSv/tm3ZWG3rqgW/tOzYX4ffSHojMdxNZ2NjnZPpBo6cdubQNmcnB4095XItnvUXbMrYIXK5+mdkZmZaxr1EptWWGi35zVNHpWXTZq992dhNVMoBhDoMGgEAAAAAAADkTWwxmruCgkP/uXFHbdOiVZtu3vXR7XT3fHznLl0r3ic4JMxj9K+Zjv3LIYVCMXTszKDPITocUyaTPX32asGKDSIdFs2aWKJYEd1OqkMGfMS/zle/AWk2XP333v4jp3Q1Wppf5q2Mio5V22RpWWD98tm6ne6LlJqq6DFwrMhhhNlTVfgs1XzNzMy0bQv1mXT2PHv55tGTZzocUG+k7C+qq1MMAQAAAAAAAORZBIS5KDIqupfHOJEOoybP3b77sMiJcVrZffDEz+NmSun59NmrTj8ODwuP0Mm8kVHRXfqNyqXPyo+dunD07wtCraamprs8V2jcIdOADPWIL1z59899YqsMJfL/EDhxxqKcj5OJUqkcPWWu0MtSt1a1zh3a6HzSL09kVHS7boNevvHX4ZhnLvyjw9Hyjkrly5iZia2p1UpgUPBPI6bpajR9kpIOenrt10stAAAAAAAAAAyJgDC3BAQG/dB7WHSM+mVS6db9sWv4hNkJiYk5mSs5OXnM1Pmr1m+TfktgUPA3XQddv+Wdk3llMtnd/x627TLww8dPORxHxPzl6/1evBZqtbMttGXtwtybPecM9Yh/37Rj3rJ1SmX2s8lLV2927jsiJyOIeOz38tCxM0KtMyaNdHKwz415vzBxcfE9B449ePR0zkPox34v23T6aeai33VUWt7y2O/lTyOmBYeE5Xyot/4BXfqOTE5O1kVd+qZxf1Fvn8csHwQAAAAAAACMAQGh7oVFRM5ZsvaH3sNi4+Kl9L97/1GTb3tv2r43GxlScnLy9t2Hv/6m143b/2l7r1KpHDttQbcBo32fvtD23rQd9voMnjBswmzd7laq1sCRv0RFxwi11qhaaeywAbldQ04Y6hEfO3Wxx8Ax2VhhFhUdO2fJ2smzlml7o1aWrPYUCmzMzEy3rNX9ysUv1ZLVnu27D7551ycbMaFKpfJ9+mL4xNn9h00Oi4jMnQLzhEdPnrXrNmjRqk3+HwKzN0JycvLi3zZ37T8qOSVF19XlFZ47SAcBAAAAAAAAo2Bm6ALyhODQ7C8rUSpVCoUiOjY24GOQ79MX+w6fDAwKzsYgf+w4sHXnwV5dO7Rv07xi+dLi22ampKS+eut/9uL13QePK5XKbBcvk8nevPswYPiUMu4lBvXt1qBeLWcnB/H+YRGR3j6PvfYcfv7yrfRZIiOjc1JkcnJy36GTju3ZJLRJ4MAfu27ctkcnUeXnkNCcD5KVoR7xm3cfeg4cW7F86SljhlStVN7SsoBIZ4VCERD4eduuQyfPXpY4fkJikkqlksvlWZukrNb6efzMI7s2mpioub10qeI1qlbKxta1Im9nhSKn3yE5/E7WdljpifLnkLBRk+c6OzkM8+jTqH7tIq4uah9KupSU1I+fgq5cv7Nt9+E4Tb/KkJiYaGNtlfV6UpIWq+hSU3MaqkUIv/hBwVLftoePnz18/KyTg/2Qn3p+/VXtom6Fzc01/DuoUChevvE/ff7qgSOn8nU0WK92NfEtRr19Hnv7PNZjRQAAAAAAAAAMRl6raUdD1wA1KlcsW69WdTdXZxcnx4IFrZUKZWJSUkho+KfPoQ98/XLpwD+ZTGZpWaB1s69LFCviWti5sLNjSmqqubl5aFj455CwgI9Bl67d0pglQCKDPOKiboXbtGhcvKirg72dvZ2tmZlpVHRsRGRkSFjErbs+Po+e5sak0D8zM9PmjRuULV2isLOTi7OjnW2hpOTkiMjosPCIT0HBV/+9l6vbAucvbq4uzRt9VbRIYQd7O0d7u1SFwtraKjw8MiQs4nNwyOu3H27d8zF0jbpRr3a1LWvEFuYOHTeDgBAAAAAAAAAwEgSEAAB8+basWSSygtDTaz+nDwIAAAAAAADGgzMIAQD48onvL0o6CAAAAAAAABgVAkIAAL5w4umgp9d+PdYCAAAAAAAAwPAICAEA+MLVq1VdqMnb5zHLBwEAAAAAAABjQ0AIAMAXbrPXPm+fx1mve3rtHzpuhiEqAgAAAAAAAGBI8lpNOxq6BgAAAAAAAAAAAAB6wgpCAAAAAAAAAAAAwIgQEAIAAAAAAAAAAABGhIAQAAAAAAAAAAAAMCIEhAAAAAAAAAAAAIARISAEAAAAAAAAAAAAjAgBIQAAAAAAAAAAAGBECAgBAAAAAAAAAAAAI0JACAAAAAAAAAAAABgRAkIAAAAAAAAAAADAiBAQAgAAAAAAAAAAAEaEgBAAAAAAAAAAAAAwIgSEAAAAAAAAAAAAgBEhIAQAAAAAAAAAAACMCAEhAAAAAAAAAAAAYEQICAEAAAAAAAAAAAAjQkAIAAAAAAAAAAAAGBECQgAAAAAAAAAAAMCIEBACAAAAAAAAAAAARoSAEAAAAAAAAAAAADAiBIQAAAAAAAAAAACAESEgBAAAAAAAAAAAAIwIASEAAAAAAAAAAABgRAgIAQAAAAAAAAAAACNCQAgAAAAAAAAAAAAYEQJCAAAAAAAAAAAAwIgQEAIAAAAAAAAAAABGhIAQAAAAAAAAAAAAMCIEhAAAAAAAAAAAAIARISAEAAAAAAAAAAAAjAgBIQAAAAAAAAAAAGBECAgBAAAAAAAAAAAAI0JACAAAAAAAAAAAABgRAkIAAAAAAAAAAADAiBAQAgAAAAAAAAAAAEaEgBAAAAAAAAAAAAAwIgSEAAAAAAAAAAAAgBEhIAQAAAAAAAAAAACMCAEhAAAAAAAAAAAAYETkKpXK0DUAAAAAAAAAAAAA0BNWEAIAAAAAAAAAAABGhIAQAAAAAAAAAAAAMCIEhAAAAAAAAAAAAIARISAEAAAAAAAAAAAAjAgBIQAAAAAAAAAAAGBECAgBAAAAAAAAAAAAI0JACAAAAAAAAAAAABgRAkIAAAAAAAAAAADAiBAQAgAAAAAAAAAAAEaEgBAAAAAAAAAAAAAwIgSEAAAAAAAAAAAAgBEhIAQAAAAAAAAAAACMCAEhAAAAAAAAAAAAYEQICAEAAAAAAAAAAAAjQkAIAAAAAAAAAAAAGBECQgAAAAAAAAAAAMCIEBACAAAAAAAAAAAARoSAEAAAAAAAAAAAADAiBIQAAAAAAAAAAACAESEgBAAAAAAAAAAAAIwIASEAAAAAAAAAAABgRAgIAQAAAAAAAAAAACNCQAgAAAAAAAAAAAAYEQJCAAAAAAAAAAAAwIgQEAIAAAAAAAAAAABGhIAQAAAAAAAAAAAAMCIEhAAAAAAAAAAAAIARISAEAAAAAAAAAAAAjAgBIQAAAAAAAAAAAGBECAgBAAAAAAAAAAAAI0JACAAAAAAAAAAAABgRAkIAAAAAAAAAAADAiBAQAgAAAAAAAAAAAEaEgBAAAAAAAAAAAAAwIgSEAAAAAAAAAAAAgBEhIAQAAAAAAAAAAACMCAEhAAAAAAAAAAAAYEQICAEAAAAAAAAAAAAjQkAIAAAAAAAAAAAAGBECQgAAAAAAAAAAAMCIEBACAAAAAAAAAAAARsTM0AUAAAAAAJDPJCYmHTx22ueR36s3/gGBQWXcS5QrXap5k/rftm5mYiI3dHXQn8d+L4/+ff7lG/83b98XKGBRrnSpiuVL/9j9BzdXF0OXBgAAAIiRq1QqQ9cAAAAAAEC+4fPo6a/zVn4OCcvaVLVS+WXzphQr4mqIuqBXqamKZWv+OHz8rNrWiaM8+vfqrPeiAAAAAKkICAEAAAAAkOpTUHCPgWPj4hOEOlSuUHbHxqUWFhb6rQv6tn7L7m27Dol0WLlgWuvmjfRYEQAAAKAFziAEAAAAAECq1Zt2iKSDMpnM78Xro6cu6rEiGMDLN/7i6aBMJpuzZK1SqdRXRQAAAIB2CAgBAAC+WCkpqaFhER8/fY6JjWPfCADIOaVSefPOfY3dfJ8810s5MJiHj59p7BMXn/A+4JNeygEAAAC0ZmboAgAAAKAbcfEJ9x8+ufvfw2cv34SEhoeGRWRa4+Lq4lS4sLOLk0O5MqWaNKhbtXJ5ExN+XQzIN16+8X/x8k327pWbmNjbFnKwt7O3K2Rvb2tlaanr6ozFp88h4ssH0/i9eK2XcmAwoWHhUrq9ex/gXrJY7pcDAAAAaI2AEAAAIH+Ljok9fvritZv3vH0ei/f8HBL2OSRMJpNdvnb7jx0HbKyt2rZs0qJJ/QZ1a1paFtBXvQCy6dbd+6s37tDVaLWqV27V7OumX9d1L1lcV2MaA2srSdmqbaGCuV8LDEliym5tbZX7tQAAAADZQUAIAACQX0VFx+z7629Pr/3Zuz0uPuHYqQvHTl1wdXGaNHpwmxaN5HK5rmsEkEc98PV74Ov324btxYu6fdOqSe+uHVycHQ1dVD7gYG/n6GAXHhEl3q16lYr6qgiG4exoL6VbxXJlcr8WAAAAIDsICAEAAPKfpKTkbbsPb/nzgE5G+xwSNnXO8lrVK08ZM6RKpXI6GTNf+xQUvGHbXqFWczOzscP6O9jb6bcoILcEBAZt3334wJFTY4cN6NaxnampqaEryuvat2m+59AJ8T7NG3+lr3LUu3XP59T5q0KtboWdRwzqY4TPesGKDUnJKUKtvbp8V71KBYlD1a1VTWOferWr2dmylhQAAAB5FAEhAABAPvPx0+cps5bp/ICrB75+fX+e1LdHx4mjPIz8bMKY2LhT566IdGhYr2a71k31WBGQ6+LiE5as9jx26uKsKaMqVyxr6HLytFFD+9647e3/IVCoQ+9u30tJj3LV+4BP4j/HenRu7+ripMeK8oQjJ8+LtFpZFpAeELq5usz7deycJWtF+syZNkbLAgEAAAD9MeqPfgAAAPKd67e8e3mM03k6mG7PoROzF69RKBS5ND6AvMzvxesfh068//CJoQvJ06wsLTetmie0RvDngb0mjPhJ70XBADq2bz176mgbdacMli/rvvuPlcWLuhmiLgAAAEASVhACAADkG3sPn1yxdmtuz3Lq/D+JScmLZ0+0MDfP7bkA5EFjpy34c9PysqVLGrqQvKuIW+Hfl8y8+9/Dh0+ev333wcTU1MqyQOlSxRvVr+Nespihq4P+dPm+bcumDS5evfXOPyAyOiY5Odm9RLHyZd1bNWtohDu4AgAAIH8hIAQAAMgfLl29qYd0MH2uyTOTf18yw8j3GgWMU1x8ws/jZ+7burqw8W1BqZX6dWvWr1vT0FXAwOztbLt3bGfoKgAAAACt8YkPAABAPuD79MXkWcv0OWN4RJRKpdLnjADyjvCIqHnL1hm6CgAAAABAbmEFIQAAQF73KSh4xMTZWt1iY23VomnD6lUq2NvZ2tsWSkxKCgmLCA4OvXH7PynnF9avU+O3xdPZHg3Idzp3aJv1Ykpq6sfAoPcBgeERUdKHunnX5+Xrd+XLuuu0QAAAAABAnkBACAAAkNet3rQjLj5BYudWzRoO7NO1auXyancHHTmk7/uAwPOX/92x9y+hMVs1a7hk9iQLC4uMF5VKpUKhFJnXzMxULpdLqVB8KFNTE233NVUqVR8/BUVGRkdGx0RHx0RExaSkpDg62Ls4Obg4Ozo5Otjb2ZqYSKrNUOLiE0JCw0PDIoJDw0LDwuVyeWFnJxdnRxdnR2cnBytLy2yPrFAolEr1K0HlcrmZWeYMODklJTg4LDgsPDg4NDg0zNTUtKhb4SJuhYu6FbYtVFD6vKmpis8hoZ+DQz99DlEoFPEJic6OaY/DvlgRV4nfKtpKTEwKCQsPDgn7HBIWEhpuamrq6vJ/X0YXJ4dM39LSpaYqhFbTmpjIs+boKpUqPDIqPDwyJDQ8JCwiPCKyX89O5ub6+H9eY4cN8OjbTaRDckqK//uPf+4/durcFSkD7j3895xpo7NXTC49DnEKhSIsPDI4NDw4JCw4NCwhIdHRwb6wi6Ozo0NhF2c728zfw9q+QdIplapURapQq6mJiba/YJGckvIh4FNUTGxUVHRUdGxUdIxcLnN2+r8vl5OjQ6GCNloNqHP6eSMEh4QFBAbFxMbFxMTFxsXFJyRaWhYoaGNdqKCNnZ1tudIltfpBpAcpKakqmeBqe3Mzs2z/uFMoFOERUaFhEcGh4SFh4dHRMXa2hQqnvYmcHBzs7bK9B7hKpUpNVQi1mpqaZv0XMykpOTg0LCQ0PCQ0PCY2TiaXW1kWcHF2dHZ0KFbEtUCBXHk7AwAAILcREAIAAORpDx8/u3DlXyk9K1coO3PyyCqVyol3K1m86JABPTp913r1Rq8zF69lau3coc3MySOzftR78uyVuUvXigx7dPdG95LFpNS576+/V67bJtTq6uJ0dM9GKZFYWHjEnf8e3fF+eOnqTY0BqquLU4niRWrXqNqwXs3qVSpm+pBaoVA8fPI8/Uu/56/ER7vt/dBF3dls5qam1atW1Fh5uhev3p6+cPXk2cvi67ocHew6d2j7XdvmZUuXlD54mjlL14lEQZ6/L6hfp0ban/2evz5x5tLJs5eFXkwba6v+vTr36Nze0cFOaMDklJTLV2/tPnjiybOXQn1cXZy6/tDum1aN3UsW1/Jvo17Q55BT5/85dupiQGCQSLfqVSt26dC2dfOvtQ0Y2nXzEHpANtZWJ/Z5pr8gQZ9Dzly8duTk+UyV9OzynX4CQo0szM3Ll3VfOGP8oL7dVq3fdvOuj3j/Y6cujB7a18nRQfoUuf041FIqld4+vn+f++fk2csi3erVrtapfZuWTRvY2FinXZH+Bslk6Njp9x89Fbqxc4e2EoPVt/4Bd+8/unX3/tV/72nsXKpE0ZLFi9avW7NB3RrlypTKlDxFRce8fvch/ctbd++Lj+bt41vErXDW6w52tqVLqXlv5tIbQaVS+T1//e/d+0/8Xvg+faFxkWupEkVr16jyTasmDerWlJKQ+b14nZCYpLFbmus3791v21xtU5UKZS0tC2S6ePf+o2HjZ4kMeOrglqLqXmQR8QmJV67fPnH60t37j8R7Nm5Y94dvWzVv9FXWwsT5fwjs0m+kUGudGlW2rV+S9meFQuHt8/jkuSviv1LQsX3rb9s0/ap2DZFMHQAAAHlQnvi/qQAAAFBLpVKt2rBdSs8O37SYOXmk9E8JXZwdF8+e1KrZ11Nm//+jDfv36jxh5MBcWt0l0eeQsPj4BPGA8HNI2Pbdhw8ePa3VsJ9Dwrx9Hm/584BMJuv6wzf9enZK/xB898ETv2/aIX20Y6cuHDt1Iet1G2urG2f3a7w9Lj7h5NnLR06ef/n6nZTpwiOitu8+vH334coVynb5vu3337bMyZrCjN4HfKpfp8Zjv5fzl6/XWExcfMJmr32bvfb17tqhf+/OmT71joyKPnz83L6/Tmr8fP9zSNim7Xs3bd/bvPFXs6eOEYkbxalUqsvXbh05eV5jypXG98lz3yfP5y9f375Nsz7df6hepUL25s0oLj4hIjLK0cEu4GPQktWbJVaSF5RxL7FiwS8/Dpng/yFQvOeN2/c7fdda44CGehyJiUk79x87cPSUlN1TvX0ee/s8lslkg/v3GDGoj8ZFfmlvELVNz1+9zV7B6Z48e7lx6x6tvmf8PwT6fwi8fss77fcGenft0KNze3s727TWGQtX/3v7P+mjzVy4Wu31dq2bLp0zWfo42X4jBAQGnT5/9eTZy+JZciZpL8KxUxddXZz69+7cq0sHkVDK98nzASOmSh/8c0jY4NG/qm36a+f6Mu4lMl18r+ntoxXfJ8+P/K3+Hxe1/r39X9oT79axXdfvv9H460ESpX9vHz99aa3nn1LeWSfOXDpx5pKjg93iWZMa1KupkzIAAACgBwSEAAAAedeV63d8M6xsE9K7a4ep44ZmI9hr06LR5t/mD584WyaTjfm5/6B+3bNbqZ6oVKrtuw+v37I7h+McOXn+yMnz3Tq2mzl5ZNqn2zoqUDPfJ8+nL/hNqw/E0/m9eO332+s9h04smT25csWyOqhGpTpw9PTS1Z5a3bT/yKmTZy97bViafjrdi1dvR0yao9X5djKZ7Oq/93oMHJO9D5TDI6LmLl2blpRo68zFa2cuXhsx6MfB/bvr5KDNW/d8psxaps/vIp2wtrJcPm9qr0HjxbsFBn3WOJShHsezl29+mbtCY8aZ1bZdh3wePlk6d4q2N+pEXHzCghUbzl26npNBwiOiNm7bu3Hb3nm/ju3YvrVMJouOidVdjdkh/Y0QGRW9bdeh3QdP5GS6zyFhK9dtO3Xun3nTx5UvU0ptn/iExJxMoTfJycnrt+zedeB49m7/68S5v06c8+jbbfigPhbm5jmvJzYufvGqTVn3GBAXHhE1fOLs/r06jx7aN5f2EAYAAIBuZXPPegAAAOiB+HZ5aerXqTFp9OBsL/trUK/mzs0rVsyflvfTwaSk5FmLfs95OphOz2slFQrFlj8PDBgxNXvpYDr/D4E/Dp3otecvhULwECmJFq3apG06mCYuPsFj1C+v3vqn5Xy9Bo3XNh1Mk/aB8sV/bmp1193/HvYYOCZ7cVS6Tdv3Dhk74+MnzemXOK+9R0ZOmpvv0sE0FcqVTsuWRHz8FCzewSCPQ6lU/rnvaJ/BmldACrn/6GmXfiMf+vpl7/ZsCwoO9Rj1Sw7TwYwK5I0kRvob4dyl69/3+jmH6WA6vxevew4ce+2m5g1a86xXb/37DJmY7XQwndeevwaOmPbWPyCH48TFJ/QZPEHbdDDdrgPHRk2Zl/N/ngAAAKAHBIQAAAB5VGJi0j837oj3sbG2WjJncg5P/alepUKbFo1yMoIeKBSKSbOWnjr/jw7H7N+rkw5HExcXnzBk7IyN2/bqasC1njt/HjczIdFg62Pi4hMGjpi2ZLXn+F8X5nCouUvXSk+GvPb8NWzC7OzlkZk88PXr5TFO4kavQsSP5sr7KpYvLd7ho2iebajHsWLtVq22BVYrLj4hh2m9tsLCI/oOnZjDb7mMXF2c8shPb+lvhA8fg3QeqI/7ZaGU1fZ50LlL13v8NPZNhsMjc8Lvxeuu/Udduqrdr1xklcP3hbfPY08vzbttAwAAwOAICAEAAPKou/cfaewz8Mdu2T7CLX85e+m6VsdrafRNyyYlixfV4YAilErV7MW/P9D1WqX7j57OXbJOpVLpdljp4uITtDoJUmScX+evSk3VvOLk8rXbaz135nzGjFOPmTo/KtrAezMaULnSJcU7vA8QXKJnqMdx9O8L+4+c0uG8erN+yx6dhKnphgzoqZNtcvWpZ5f2NtZWOh92xKQ5UdExOh82V/k+ef7LvJU6H3byrGVPn73S+bBa2bLz4M079w1bAwAAADQiIAQAAMijNO6ZZmNt1adbB32VY0jJycnrdJpDyGSygT921e2AIv74c//la7dzY+TzV25s3304N0bWM98nz89d0rCj3Vv/gEkzl+h86s8hYTMW/qZUKnU+cr5QoEAB8Q5JSclqrxvqcTzw9Zu/fL3O59WDN+8+HDt1QYcD2lhbfd+upQ4H1A/bQgUH9++h82Hj4hN27j+m82FzT3BI2Pjpi3Jp8DHT5oeFR+TS4BLNX75eqTTY768AAABACgJCAACAPMrbx1e8Q9uWTWxsrPVVjiGdvXT9c0iYxm6ODna1qldu1azhNy2b1KpeWWRtZcN6tSpXLKvrMtW7+M/NXN1sbf2W3Vf/zcfnb6U7feGqSGtsXPwEyR+m16peuX2bZt+0bFK9akUp/f+9/d+WPw9KHPwLo/HEsqJFXLNeNNTjSExMyo1UUj927D0ipVvxom7169T4pmWTVs0aVq5QVmSx3eD+PSwtNeS7eVPPLt/lxiLC7bsPGzwVkygxMWnijCW6XU6aUXhE1ORZy5JTUnJpfCk+h4Q9fKzvMz4BAACgFTNDFwAAAAD1/D8I7uyXpnGDOvqqxcD8nr8W79CiSYOBP3atXqWiiYk843WFQhEaHvn46fMrN+7+c/12+sFXHv26Zewml8t0wrWwc6YriYlJc5eulXh7q2YN69Ss6uriLJPJgoJDvX0eSUz+5i9fd/bwdnNzHfxvextrK/eSxZVKpd8LDa+5xnFKFi9qYmLy5NlLibfcvOsTGhbh7OSgtnXXgWMa3xGlShQd1K97mxaNra0s0y9Gx8SevXjNc8d+8c/iN3vt69P9e9tCBSVWqxVTk7z7e5kvXr8V76B2J15DPY5zl29Iz1SaN/6qXu0ari5OFhYWEZFR7wMCT5//R8qvGuSSR0+eiXfw6NutY/vW7iWLZbqemJgUHBp2777vlRt3Mu603K1ju4zddPVt5iLwHsy59AptrK2GD/px1fptmTrUr1OjXu1qNatVKuzibGdbUKFQBoeEfQoOefrslcSl0leu3+ne6dtcqF1mZ6vLHw6Hjp+V+LPR1cXp+29blSxexM62UGRUjP+Hj8dPX5TyLnjg63fi9CVdvRppP9ILFLB4+fqd9CMkT1+4WrtGFZ0UAAAAgNxAQAgAAJAXJSQmauxTt1ZVvdRieK/e+ou0tm/TbOHMCSbqPhw3NTV1dXFybd6odfNGcfEJh4+f3fLnAfeSxevXqZGx24hBP452k2+iAAAgAElEQVQY9GP6ly9eve01aLzIjEvnTG7XuqmUys9fuSHls9RuHdv9/FOvwi5OGS/269kx6HPIxm17T569LH57eETUPzfutG3ZWEpJQhrVrz2gd5ev6tRIC1mVSuXrdx8Wr9qk7dGJdWpUGdi3W6P6tdOORlMqVf4fPi5d7SnlTM1L12716vJd1uvJKSl7Dp4Qv7dd66azp47OmEWlsS1UsGeX79q2bDx9/m+3vR+IjHDm4jW1s2vFxtqqXeum7iWLu5csVryom0qlMjMzzbPLvCKjos9dui7ep0Qxt0xXDPU4VCrVnkMa5k0zqF/3/r062dvZZro+5uf+Po+ezl++XmO6qXMpKanik86YNEIoy7G0LFCyeNGSxYt269juU1Dwjn1HDx497dG3W6YA1WvD0oxfHjh6eulqT5EZz/613fV/f+bokMY3QveO7bz2HE4Pun74ttXQn3qWKFYk0zjOTg5VKpVr3ezrH7t/v3XnIY1nT972fpjxZWxQr6bPteMZO9Ru1knk9u6dvp0xaYQ2f9HsUCgUew4e19jN0cFuzrQxTRrWzfSv26ghfa/+e2/24t81/uOy++Dxbh3byXP2KzDt2zTr+kO7OjWrpJcRFhF55OT5jVv3aLz3zIWrk0cPLlDAIicFAAAAIPcQEAIAAORFUtYHONgLbqH5hXnz7oNIa+vmX6tNBzOxsbb6qU+Xnl3aJyQk6bQ6QSqVaremHEUmk837dWzH9q3VNrm5usyfPq5GtUqLVm4UH2Tv4ZM5CQhHDuk7uF+PjOsvTUxMypcptXXtog1b93jt+UviOP17dR43fEBaNPj/xpGXLlV802/ztu06tHHbXvHbnz57pfb6lWu3xT8Kb9280ZLZk0Q+B3ewt1u3fPbQcTNE8s59h0/27Nw+Jx+m//Btq3HDBzg55tYCLN1SqVRzl67V+KOmiKtLpiuGehw+vn4vX78Tr9bG2mrTqnlCe5nK5fI6Nase2L5m6e9/6PY4QI2CgkPEO7Rt2UTKOEXcCv86Ydiwgb2trPJo6izxjWBpWeDngb2XrvZs17rpsIG9S5cqLj6mk6PDtPE/x8TFnzp3RaTb7Xs+CoUi44+gPOj6LW+NK1lrVa+8csE0ta+hqalpq2YNq1XeMHHGEvFliP4fAu/df1S/bs1sl7pi/rQ2LRpluujkYD90QM+mX9cb/8tC8b9IXHzC+4DA8mXds10AAAAAclXe3esGAADAmGn81D73Vn7kO5eu3lIqlRI7W1laipxNqFs+j55qzDPGjxgolA6m696x3TCP3uJ9Hvj6PXv5RvsaZWmLZoYO6Jlpd9Y0pqamo4b0LVVCzSaTWbVt2XjiKA+1H82bmJgMGdCzcgUN5z6GhoWrvS6+bMjRwW7WlFEagz0zM9NFsyaKnHzm/yHQR8vlkhn9sWbh/Onj8ks6mJKS+seOA1L2sK1bq1qmK4Z6HOLJUJq1y2ZpPOnw/7B312FRNHEcwBdQiROQEkRQBBEQC2wBEQslFAywFbu7C7u7W1+7CxNQDBBpJAVBUZQUFOQApd4/Fve99+7Y2wsE5Pt53ud9lr3Z2dmaO+e3MyMrW2/lwmndOpkJzE2CBJ4Qz6cCunJyUlVRlpfj7p1ZTTB/EAY59H147cQW94UCo4OUxbMn0lfg7PyCKhxFliGBHWFVVZT3bF5Bfw4baqjt2bxC4FSOV249EKmMBPk08UYHKcaG+ovnTBaYSeXNswgAAAAA4kOAEAAAAKA6+vnzF32CajtoYWXgOwsa5aH3i1GTF1687pGW8fUPFkqwR4IGb+xg1mq0qxOTrCaNcTE1NqRP4+XjJ0zpyqmqKM+dOpYmgYyMzLQJI5lktXTuFJpPpaSkZkwUkA/fK5ialkE/zOmYYc4MpwfT1mo4yLEvTQJf/2Am+fCaPnFkR7PWom37h5WUlNz3fOY4bPKR05cEJrbo0t6gWRPONVV4OZI+fqbPcPI4V/O2jAZelpGRWb9iHpOUkqIuKGC2adeRucs2PPB6nsfO/1OFkjyhHoS6deto8fRPpaekWN+ujzV9mtwfeULl+YdlZGYFh0XRp9myZpGykqLArNTVVDaumk+f5umL12yR7qjBA2ytunagT2Nj1VlgPP5r9jcR9g4AAAAAfwaGGAUAAACojgS2sH/NqkWNbg3VBXSXjI1PjI1P3L7vhKGBnrGhvkGzJs2a6jRrqtO4kRbfjnF/RvLnVPoEo12dGBZPRkZm+BCHlRt206T5/CVNyAISBEHY9bFmsRTo0/S27iowH3tbG4FdMy26tGcpyNOMTpnOL0CYkpZBn61tT0ZjM5IcbG3OXalw9i+B++Krqa722OHOImwocXceeOtoc08ZSM7iKVuvXmp65ucvafGJH5j36Rntwj1hWxVejqTkL/S5DXa0Zb5rVRVlJ/s+f2ygUTk5WfqbnyCI535BZJ9O8zYtmxvo6evpNmuqo99UV12tZnRL/TMPgkGzpvQJcnN/VHYZxCHwCTI00GMeZLXq2lFTQ42+02RqRmZzQSeNl+sge4FppKSkXJ36R0bH0aTJQoAQAAAAoBpDgBAAAACgOhI4vyA7v6D6z7QkKd27dfD08WWS8l1iEueoniwFeVNjQ1MTQ5MWBt06mQmMhEnWh490UyeyFOS7dhRikMMelp3pEyR/ERCP5MvaQkC2ZHhSR1vrcwpdALKnVRcmu9Nv1oSmNZmdX1BUVFy37v/+kSKwY+jspRuY7JoJ0QKE86a71atbV1JlEMfH5JTF7tsklZu+nm6n9m24VlbV5fhVVEQf1+zSoV1DIQde7tfL6k/ORNjHxuL2fW8mKUMjYkIjYqg/VVWU25gamxobtm7ZooNZq2pb7YvzIOT+yAuLiH2XmJT740dObl5Obm5Obh7fnvSx8YmCsmKLVoY/Q2AlM3iAEHFuaWmpwQP7HTpxgSZNevpXYQOETXW1DfUZbaLdSJM+wdes70LtGgAAAAD+JAQIAQAAAKojlQZKAtMkffrCNfrf36qndVfW7qP0nW/4YucXBIZGBIZGkH8OGdjPyb63wLE6JaKkpIS+V0dH8zZckTB6LAX5dq1NaEZ3/PQ5RcgyEmQQiEmyJjqN6AOEDPPR1mpI392kuIQ7QJialkmfp8CJHpn7QnuMFWlhoCepAlQrfKcSrKrLkSFoYjldnUbC5q/dqKFI5RKRk30fhgFCLtnfcp75BjzzDSCDha7O9o79bBpp/dHCMyHCg5CV/e3GXc8Xr4Ki376TVDFKSkoklVVlSBUUIGzbylioDAWmTxV+8O0OjLswajVUp09QVFws7N4BAAAA4I/BHIQAAAAA1ZGMjAxLQZ4+zevg8D9VnComLye3dc0i8fO5fufRqMkLR0ycL1pnO6EIjGcIbFflpUm7CTu/QIS5phhOFydwqjAmIW0yQMisXP9JTRelV59osr/l/CoqEnYr+utSQ+3dsrJdaxPe9VV1OQTOzKekyOhO5lT/z3YpbtvKeIrbMDEzyf6Wc/jURTuXSUvctxcUFkqoaJIh1IPw8+evA8fP93Yad/jURQlGB6s/gT0IBU5XKWz6lNR0oTIkCEJNtQHDlMJ22wUAAACAagUBQgAAAIBqSl9Q78AXfkF/qiySlF8gSqO2RZf2h3aukUgBYuMTx01fkvTps0Ryq0jOjzz6BErMInOclJUUxdwpF5aCPMPhCuXl5OgTKNZndDhysrLMivYf5hPmSUROjnATmOnr6UpL/23/qtq4an73bh35flRVl0NV0KjLIkx19oePhSCIqW7Dp08YIZGsPH18Zy5cK0K/6koi1IOQ+TV70tyVJ89dq+RCVUcC7zolRZZQGSrWF5D+2/dcoTIkCEJVhWmAsNoOeAsAAAAATPxt/5QFAAAA+GtYV9BATwkMjYhP+PCniiPAjzym0z5lZ4s4I1HXjmZHd68TbVvuMnzLGTV5YcKHjxLJja8GygJ61H0XMhBFEMR3Qe28AnfKRVa2nrBlqIi0NPdYlJKiriZcfxoxScsI90+kZk0Zja1aU7AU5LetXWzXx7qiBFV1OQTuN+6d0JVhUvIXUcslukljXWdPGSORrEIjYmYuWsu87q1UzB8ENjt/0pwV9EMN/8UE3sk5ucK955HzQ8BXCfPugBR5OaHf5AAAAACAmggBQgAAAIBqqqIePJwOnbzwR8oiWDrjWY6yvokYICQIolP7ts/vX1g2bwrDGe9osPMLpsxdJcJ4kgxpCGoFTs8QMJcbr1TaTVgK8gryAvr51UQijEoqDoF9Jbn8Ted85NABD66d6GNjQZOmqi6HtLS0jrYWTcrY+MS3794Llfmte17ilU5EbiMHe1w6OmmMi8BxpAUKj4xdv/2ghMolFuYPwolz1z4mizJh6t9B4BOU+TVbqAyzsgR8pf7hZxYAAAAAapA6VV0AAAAAAOCvuX5TTQ21dNqp7J77Bfm9DrHo0r6yCyOw8Tc1nVG4q6Sk5FVAqDglUVKs7+Js5+Js9ybqrfczv6jYd+GRsaJllf0t54VfUO8e3cQpT0VkZGR0tLU+p6RVlCA4LOrnz1/M+/Dl/sij73Oj10RH+GLWAAJbt217WTVUV5XIvqSlpf+mgJ9QtrgvtO1lJTBZFV4O+geKIIizl25tWr2AYebxCR/8XoeIXUYR6TTWmj5x5KSxri/8g3z9gyOi494nJYuWlZePX8bMrJoyFdyPPPaZizcFJmMpyBsa6Gmoq6qpNKhT53+DWL6JjqvRvQ8FPkHB4ZEtjZszzzAoLJI+QSMtATPIAgAAAECthQAhAAAAQDUlJSXVx8bi/NW79MmWrNl+/thOvSaNRdtLSUnJhh2HE5M+7duykmaASoFjlH36zKhHyJuot5KaNKttK+O2rYzJQ/j0OTU+MenDx+T3ScmJHz4xb2r38vGrpAAhQRBNdBrRxDPY+QUv/YOZ7/3pC3/6BDqN6fpX1VxamgJat02Nm492dfpTxflrnbtyp5d1N65gDK8qvBzGLfRfB4fTJHjo/cKsTcuhTv0FZpWTm7dg5RaJlk4UdevW6dW9a6/uXQmCKCz8mZj06V3ix6RPn98nJccnfKB/O4TTi1dBQwb2q+TCSsYDr+f0CTQ11OZNd6O5Fd8lJrm4zamc0v0JAp+gmx6eY4Y5M8yttLT01j1P+jSaGuqMSwcAAAAAtQsChAAAAADVl6uzvcAAITu/YO6yDQd3rGncSFPY/IuLS1Zu3P34yUuCIMZNX3J0zwbNCrqhqKoICBBev/No6vjhaoKSXbgm4HBEICMj06ypTrOm//WfKyoqfhP19plvwEPv59nfcmi2/ZKaLsIei4qKmSRrotv4VWAYTYIzF2/aWHWWkREQkiEI4tevX+eu3KFPI3KQuJrT0RZwY1+4enfowP5ymDSLIAiCqGh+u31Hz9JvGP323anz1yePc6VPVoWXY6Bdb4GdzzbtOlJaVjZ0YH+aSTG/pKYvcd9O3xnxz5OTkzU1NjQ1NqTW5LHzXweFP33h/9D7Bf22KWkZIuyx6FdlDbBM4228gGFgD+9ax1mZ/2G/Kv+cCHyCPianvPQPturagUluXj5+9N9xTEKSAAAAAFBrYQ5CAAAAgOpLp7HWaNeBApN9TE5xdZsTHBYlVObpmVlzl28ko4NkJmOnLkr69IVvYlUVZYEZnrlwgz7BI+8XT1+8FqqQoqlbt04Hs1YLZ014fON0XxtLmpSp6Xwa1uvWrUufP8Owon3fHvQJot++O3nuOpOsDp28KLBbZD8G40PWRGqqKvRt5emZWeu2HSgrK2OeZ8KHj6ERMZIoXfUye8oYt5GD+f7n73m1qa42/eaHT12Min1Hn6YKL4dek8ZMhlPesvvojIVrQt9El5Zyl+F7Tu7lG/ccXCdHvxVwmNVBfZZC7x7dNq1e4HXrDP21y+A3a13dOgLeBk7hV/tVts8pqTSfOtn3FhgdrOhLiiH6eR8ZdoUXh8AniCCIZWt3ZGV/E5hVWnqmwBko+/fuXmuHTQYAAAAAgRAgBAAAAKjWJoweSt+gSWLnF0yas2LjzsNpDOYCLCkpuXjdo9/g8VxTcKVnZo2avODtOz49PBTrswRme/7q3fuezyr69PGTl8vW7RSYCY2NOw9Pm+8u1OxTderIDHLsS5OAb98LgQcbGPKGyd5bmfyvPxBfh09dvH7nEU2CsrKy81fv/nPpFn0+XTq0+1vnICQIYtgge/oED71f7Dt6tri4hEluXj5+Q8fOnjBzWUAwo+v4d5CTk92wcr7AZMvW7igoLKRPU4WXY7igXZNeB4dPmLXcbuiEtVsPHD19+czFmzsPnJy9ZL2N4+ite48zyaGSlJSUDB4zc8OOQ0wqaoq6mgr99JCFhT95Vyop1qfPNjxCxNlbxZH8mS5AqKaqIjCHxe7bxCmAuhrdLsIjY3N/5ImTPxMCnyB2fsGcpRszaMeYTUnLmL10g8Ahu12ZPTIAAAAAUDshQAgAAABQrSkrKU5xG84w8fU7j/oPnbh264GnL17ztnKWlZXFxiXuO3rW3mXS9n0n+ObAzi+YOGs5b28eKSmpnt27CCzAyg27F67a+j4puaSkhNppaETM8nU7l67dwfAo+EpLz7x+59Hr4PAx0xbPXrL+mW/Az5+/mGwYQBvMM2lhwLtSSVFAgDA0IsbLx49rZUFh4bvEJK6VTDqAbtx5ePWmvXwHCUz+krp0zY6dB04KzGTYYAeBaWquLh3NdLQFzLB45uLNMVMX8Q1vU5I+fV7ivp0KMEydv1pgh7m/SSsTw2njR9Cn+ZyStu+IgMFIq/BydO1kxveZ5Ss9M+v2fa8jpy/tPfLP+at3X/oHM9yw8ng/93+flHzj7uP+Qydu2nXkTdRb3m6OvIqKigNDImgSNNFpxLtSSUlAgPDwqYu8naEzv2anijRgKUMslgLNp7FxCfSbC5zCUCCVBgJ6wx8+eZFrTWlpmVAvpgjE5AmKfvtu0OgZT56/4g20FxUVP37y0mXcbN5vHC6GBnrkTL0AAAAAAHxhDkIAAACA6m7EEIfQN9HPfAMYpr993+v2fS+CIJrqamuoq7LZBXXq1iks/JmSmi6wtwEZI5wwc9m+rau4hkGz69uDyQChT56/evL8FUEQ+nq6MjIyDHcqEOfkhS/9g1/6B7MU5PvYWHRo18q4hYFek8a8M/klfvh0w+Pxpev3aLLVb9aEd2W9evU0NdTSaXtvLHbfNinRpY+NhUoD5cys7LCImJPnrv38+evJnbOysvWoZDbdu6iqKAucI8rj0VOPR0+tunYwa9OyTh2Z+izW95zcwJCI18Hh9BuSNDXULLuYM0lZQ0lLS41yHbhl91H6ZLHxicMnzDM00HOw7WHcwkBNpYGSYn12fkFO7o/ImHi/1yG853PqvFVnj2zX19OtzOJXI+NHDXnmGxAbn0iT5vLN+5Zd2tMM5lmFl0NaWnrXxmVDxs6SSK3yh5WVlZ08d43689rth9duP9TUUOvfx7p1S6OWRga8c8WVlJS8iY47fuZKeCRdb7+munzmH23SmE/UkIur25yFsya2b2cqW69eanrmk+evzl25Y9Gl/YFtq4U5MiHoNWlMM1ryq8CwW/e8nB368P30wrW7O/YLfluCnkGzJvQn8/LN+xlfs8YNH9RIq2Huj7x3iUknz19/l5h09sj21i1biLl3krS01GjXgZsFPUHs/IKFq7aqqijb97Vpoqudl8dmKch/+pxy654Xw/t/lMsAiRQYAAAAAP5WCBACAAAAVHcyMjIbV82fOGs5fbM+r4/JKR+TRZxRafaS9QFPrtfjmI3PsnN7loI883Z5gXPmMfc9J/f81btcK9n5Bbfve9++703+qa+nq6qirKRYv7S07HtObmpaBn2Ej9TSiH9vJKtuHelH/iQI4vjZq8fPXuVa+eJVUB8bC+rPenXrrl8+d8aitQJLQgU+maTksmHlfN746F9msKPt0+f+gaF0/ahI7xKTdh86wzBbcmze80d3NNJqKHYZa4A6dWQ2rpo/aPQM+mSrN++9cfZAA2WlihJU4eXQ0tQ4sN3dbcZShnlWH/6BYbxdvtIzs85cvEkusxTkm+hoqzRQYrEU8gsKv3/PTfr0mUmV26K5Hu9KLU0NHW2tzylpNBuy8wvWbt3PtdLvdUhGZlZDDTUGxyQ0vrFMTuu2HQiPjB09bKB+0ybS0lIEQeT+yHvpH3zp+j2JzBzZ0az1jbuP6dM8ffGa922YB57PJBUgJAhikKOt1zM/JjMHZ3/LOXfltgi76NbJTOA8uAAAAABQy2GIUQAAAIAaQEFebu+WlaoqAsZGk6A9m1dwRgcJgpCVrWdva/PHCsDp6q2HAtO8T0oODot6+uL1M9+A8MhYJtFBloL8wP69+H7UpWM7kUpK3Hn4hGtNt87m86aPEy03JpbOm9LBrFXl5V9N1Kkjs3XtIs1KCFpkf8uZtsBdYC/Pv0azpjpL5k6mT5P9LWfTriM0Car2crRrbeK+ZJbEd13ZOLsP8sXOL4iNT3wVGObl4+f3OiT67Tsm0UGLLu0rGnbVqlsHvusFevTkhWgbCmRjJXio6rsPnwwdO7t9D6d+g8db9htmbT9y5YbdEokOEgRh3tZUtA09Hj1lOK41E3XqyGxds7gyniCSjrbWZveFf/2LIwAAAAAgJgQIAQAAAGoGDXXVE/s2CZy4SCIO7VxjbdGJd/30CSMrr0GzIvkFhWcv36qMnGdPGVPRhFg9LDqJdqrJzjdcK0e7OlVSTw4n+z6uznaVkXM11EBZaf9298rI+WNyyo79/Gfl/Cu5ONl1Mm9Dn8bLx+/+Yx+aBFV7OZzsex/bu0HMdyZYCvL0CerISOzfy5HRcbxzu0rEnCljKvpoxGBH0fK86eEpRonotG7ZwrxNS4aJ0zOzJD6WrIa6qpM9/yFM6bHzC168CpJgSVRVlPdsWSnBDDnt2bxCSVHAJJQAAAAAAAgQAgAAANQYzZrqXDq5u5d1t0rdy8n9m7p2NOP7kbJS/e3rllTq3nndfeBdGfONmbdp6ezQt6JPZWRkZk4eLVrOvJ1vpKSkVi6c3q0T/7MqMmuLjsvmCegK9pcx1G96cLu7wLiOsFRVlCeMHirZPKszaWmptctmCzyNKzfuSUnLoElQtZejo1nrm+cOcY7oK5SRQwccEBTgVJRciOXUhRuSyorT+FFDDA34jC9K0mmsNdSpvwjZfkxOiYyJF69oFZohatUqKRNGDRFtQ94O4mIyNtTfs1nCMUKWgvyBbasN+E2vCwAAAADABQFCAAAAgJqkPkth+7rFlTRkZQezVtf+2Uc/AltrUyOB4xPSE7YPom9AqDi746uHZee9W1fVrUs3IbdtT8uRQweIkPlND8+ysjKulXJysvu3uS+cNUGEDPlaNm/K7k0r6tWrJ6kMa4punc1vnDvYpYOIY8DyMjTQu3Rid21rT9fS1Fg2f6rAZO6b95aWltIkqNrLoaxUf9vaxXs2r7S26Mh8F/p6ujvWL1k4a0J6xlf6lJLqg1VUVPzMN0AiWXGaNn7EjImj6NPMn+5mamwoQub3aPuPisO8Tcv1y+dWUuZM6DTW2rFBlDks+XYQF5O1Rce7l46Ido14tWttcvXMPosu7SWSGwAAAAD89RAgBAAAAKhhpKSkxgxzvnX+oARnBNTUUNuxfsmxPRuaN2sqMPGwQfYHt7uLNrhfD8vOV8/sE2qTneuXLpkzSYK9lKZPHLlzw7L6FQwuymne9HGjXZ2Ezf9jckpMXALvemlpqZFDB1w9vbeprraweXIyNNC7cfaAi7OdlJSUOPnUXJoaagd3rFk6b4r4WQ0b7HDqwOaGf3zg3OrAvm8Pgd3vgsOiLly7S5+myi+HtUXHPZtXet48PX+GW0Wz8ZEdE0e5DLh4YteNswfIftifvqTS56xYnyVUSSpSt24dr1tnRrmI8sIBXywF+b1bVk4e5yotLaASkJOT3bt1pVVXoScjvP/Y51dRkRhlpOPQz0bkF01WLJg2fIiDmAXo1b3rhhVzRfhaefzUV8xd89Jt3OjMoa1T3IaJmc/MSaNO7NuordVQQuUCAAAAgL8f3UvTAAAAAFBt6TXR2bBi7sTRQ09fuHFXjHHPVFWUR7kMHDHEUVZWiL5o3TqbX/9n/+bdR718/BhuwlKQnzZhxIghjsKGtWRl6w0b7DDArvcz3wAvHz9xOuIMG+wwdrizVkN1hullZGTmz3Ab5Nh318FTL/2DGW5l0sKApuORoYHe5ZN7Hj15eeeBd3hkLMM8SR3MWjnZ9e5jY1ELOw5ykZaWcnW2s+zS/v7jZzc9HqcL363H3tZm6rhhOo3/xKSe1dayeVNCwqOyv+XQpNl18HSXDu1oxrGsJpdDQ111tKsTGdHPY+dnfs3OyMySk5OVlpJSV1NRU1OpV7cu1yYfk1Po81SW3BCj6moqC2ZOGDPM2euZ3wPP59Fv34mWD0tBforb8MEDbBXk5RhuoqbSYN/WVf5BYVv3HBN4yJTOHdoSPD2hJWjYIPsuHdqu33aQ+dSMqirKG1bO69rRbNu+4+IXwN7WxqpbxxNnr567cod5AfSaNBZ/17zq1JGZ6ja8p1WXW/e9PR4+EWpUbZaC/CDHvgPtete2btAAAAAAID4ECAEAAABqML0mjdcumz17yuig0Ej/oPAnz18xbFg0NNDrY2Nh1bWDUfNmonVEU2mgvG3t4rQZX5+9fH3v8TOa9m6LLu2dHfpYde1ANdCrqijTxyR4KcjL2fWxtutjnfsjzz8oPDr2XWx8QnBYlMANdbS1LLu072Deun1b0wbKSkLtlKTXpDHZvH7hmkdCYhJN8GPwAFtnhz4CB4uTk5N1su/tZN876dOXh97P79z3pg+o6GhrDbDr1b93dx1tocMn6qoNhN2kUqnSloelIF+3DncUh0bjRpqTx7lOGusSER336MlLz6cv6e8rloK8Ref2Fl3MO7VvyzxOrKaqIuztWohsyiYAACAASURBVEnUVARcTTUhL7dKA+U1S2fPXrKePtm5K3fWLZ8jMLc/czmYqM9SqM9SaNZUhyZN9recZy9f0xdPS1NDtAJoqKnwX6+uOmKI44ghjilpGf6BYbHxiTFvE2LjEwVmaGps2K2TWQezVm1bmQj1Mgela0ezG2cP3Lrndd/z2bvEpIq+KVRVlF2d7R372TTi6Ygm8QdBr4nO8X2bQt9EP/MNeOj9nCZza4uOzg62Fp3N69SREfggqDRgWs8rKdafP2P8IEfbE+euRcXE0URPrbp2GDygn2UXcxkZGYaZk5h0Vae0aN5syZxJ86aNfekffOfBE4FvpfSy7ubYr2e3Tmb0w2XzktTYuSRNDTUR3gkAAAAAgOpAind+FAAAAACooUpLyxI/fHyflPw990f2t+/Z33Kyv32vz2KVlJZqqKmoqiirqjRQVVFu1kRH5IbvinzPyc38mp39LedrVva3nB/1WQqNNDUaaqg11FCT4OigXEpLy76kpn3N+pbHzmez83/ksRUU5H/9KlJSZCkpKSor1ldpoKyhrirZnf78+SslLeNzSlpKWgZBEFoN1cnDVFFWFjjcX0WKioq/ZmV/zfqW8TUrM+ublJSUhpqqhrqqhrqquqoK2SYOTPwqKsrO/p6Z9S0r+1vm1+xfRUXKiorKyooNlBQbNFDS1moobPs+iKNSL8eT56/KyojePbqJtrn75n30fa/72lhuXbtI1NIJ4VdR0cfklJycH3lsNpudn5dfUJ+lUFJSoqykqKRYX1GR1VBdTbIRHYIgfuSxv6Smf0lJS8v4qiAvr6mhptlQvaGGmqRGVRVWaWnZp88p377nZH/7/u17roKCvLSUlLqaqrpaAw01VZYwYTaRlZSUpGV8/ZKa/iUlvaCwUENNtaGGmmZDdQ01laqqN3Jy8zKzsjK/Zmd+zc7JzVNRVir/XlBTkfgtAQAAAAC1EAKEAAAAAAAAUJN8+57jOGwKO7+gh2Xn5fOnCvseQGhEzISZy+jTLJ8/dahTf/GKCQAAAAAAUH1JV3UBAAAAAAAAAIRw8tx1cpDMZ74BfQe5bdx5ODZO8ECdZA/gMxdvCowOEgTRway1JEoKAAAAAABQTaEHIQAAAAAAANQYnz6nDBwxjXe9SQuD7hYd27YybmXSgmuozF9FRRkZWVGx8XsOn2EyX5pV1w77tq6SaKkBAAAAAACqF+HmsgYAAAAAAACoQvuOnuO7PjY+MTa+vB+hqoqypoa6qmqDnz9/Jn9OZRIU5DRpjIskSgoAAAAAAFB9IUAIAAAAAAAANUN4ZOyT568EJsv+lpP9LUe0XXTrZNba1Ei0bQEAAAAAAGoKzEEIAAAAAAAANUBZWdmuQ6crdReaGmrrls+p1F0AAAAAAABUBwgQAgAAAAAAQA3wKiA0MjquUnexf7u7mqpKpe4CAAAAAACgOkCAEAAAAAAAAGoAfT3dbp3MKilzVRXlE/s2Guo3raT8AQAAAAAAqhWpsrKyqi4DAAAAAAAAACNPnr/atOuIyFMM8mXVtYP70llqKg0kmCcAAAAAAEB1hgAhAAAAAAAA1CT5BYWPvF94PHoaHhkrZlaGBnpjhzvb9bGWkpKSUOkAAAAAAABqAAQIAQAAAAAAoEZKScvwfOr73C9Q2EghS0HesmsHF2c78zYtK610AAAAAAAA1RcChAAAAAAAAFCzlZSUJH9JfZf4MS7hQ+bX7Nwfebm5P36w83Nzf9StW1dZSVFZqb6ykqKaagPjFgamxoZNdLSlpdFlEAAAAAAAai8ECAEAAAAAAAAAAAAAAABqEemqLgAAAAAAAAAAAAAAAAAA/DkIEAIAAAAAAAAAAAAAAADUIggQAgAAAAAAAAAAAAAAANQiCBACAAAAAAAAAAAAAAAA1CIIEAIAAAAAAAAAAAAAAADUIggQAgAAAAAAAAAAAAAAANQiCBACAAAAAAAAAAAAAAAA1CIIEAIAAAAAAAAAAAAAAADUIggQAgAAAAAAAAAAAAAAANQiCBACAAAAAAAAAAAAAAAA1CIIEAIAAAAAAAAAAAAAAADUIggQAgAAAAAAAAAAAAAAANQiCBACAAAAAAAAAAAAAAAA1CIIEAIAAAAAAAAAAAAAAADUIggQAgAAAAAAAAAAAAAAANQiCBACAAAAAAAAAAAAAAAA1CIIEAIAAAAAAAAAAAAAAADUIggQAgAAAAAAAAAAAAAAANQiCBACAAAAAAAAAAAAAAAA1CIIEAIAAAAAAAAAAAAAAADUIggQAgAAAAAAAAAAAAAAANQiCBACAAAAAAAAAAAAAAAA1CIIEAIAAAAAAAAAAAAAAADUIggQAgAAAAAAAAAAAAAAANQiCBACAAAAAAAAAAAAAAAA1CIIEAIAAAAAAAAAAAAAAADUIggQAgAAAAAAAAAAAAAAANQiCBACAAAAAAAAAAAAAAAA1CIIEAIAAAAAAAAAAAAAAADUIggQAgAAAAAAAAAAAAAAANQidaq6AAAAACCu6OiY7zk5wm7VtGkTncaNK6dEAPA3iI9/l/n1K0EQnTp2qFu3LrmypKSkq6V1YeFPgiBu3bhioK9Pv/5v4vPs+Zx5CwmCaG9udvrksaouTvVy+szZ3Xv3EwRh08N67+4dVV0cIj8//9iJU+/fv7fpYe3sNFBS2ZaVlV25dv3VK/8WhoYTxrvJy8tJKufE9+/Dw98kvv9QXFSsr6/Xr59tA2VlSWVeQ1Xe2f6Twt9EjBk3gVyOCAuq6uIAQRBEcEjoz58/hd2qTetWioqKT32ezZ2/iCAIPb2md29dZ7htJdVIAAAAAGJCgBAAAKDG2713v8+z58JuNXG827KliyqnRADwN9i8dfuLl74EQQT6+6qpqZIrS0tLs7Kyy5dLSqnEFa3/m5QUl7DZbIIgPiR9rOqyVDu/fv0iTw75/yq3dfvO8xcuEQRx/8EjJSWlXj1tJJLtw0eeK1a6EwRxn3j040eeRL5GCwsL9x04dPTYCc6VrUxNESCsjLP955WWlFSThwIorsNHibDVsSMHe/W0KS4uJi9obu4P5ttWUo0EAAAAICYMMQoAAAC11IJFS2ztHG/f8ajqgsDfDLcZQJUIDg6llmNj30oq2/DwN9RyZHS0RPLcs+8AV3RQS0tTXV1dIplXc2fPX7C1c1y3YRPfTyvjbANf33NyhrgMt7VzTEhIrOqy/J0qqUYCAAAAEBN6EAIAANR4vXv3VFRU5FoZExtLtfLY9LDmTWBiYvynClgd/fr1i4zZfEhKquqywF8LtxlAVTE3b/c2Lo5cNjYyklS2bdq0opZNW5qIn2FCQuLxE6fIZWenAQvmzW3USEv8bGuKR4+9EhISFevX5/upxM82VCQuLj4s/A1BEOkZGc2bG1R1cSqds9OAEp6e7pGRUdSX9QBHB96tGjbUEHmPlVQjAQAAAIgJAUIAAIAab5jL0GEuQ7lW+r3yp+a8WbZ00V85H5g40tLSq7oI8PfDbQZQVZYuXqiqqvrhwwfr7la9e/eUVLb2dv3z8vL8Xvm3MDScOGG8+BkGBgWTC8309LZs2lCnTu36F3pCQgLNpxI/21CRlJSUqi7CH7Vj2xbelbv37j9w8DBBECwWa/fObZLdYyXVSAAAAABiql3//AAAAAAgfallbWFQJf6a20xKqqpLACAkFos1b84siWcrJSU1zNVlmKuLpDJMSCzv69+7d8/aFh0sLCykJi7lS+JnGyqSnPy5qovwl6ukGgkAAABATJiDEAAAAGqjL1/+ksgNVGc1/TZTVVUhF5SVlau6LAB/p9TUNHKhcWPtqi7Ln4Y+1tXHp+Tkqi4CAAAAAFSB2vWKIgAAAHApLCz0e+X/9m1cTOzbrKwsHZ3GJibGLU1MunTuJCVMpyE2m/06IDA29m1kdHRGeoahoWFLE+P27c1at/pvAqG3cXG373hISUkNHTJIv1mzgoLCC5cu+fn5Jyd/btxY29HBfshgZ84809PTA4OCo2Ni4+LiS0tLW7QwNDZq0b9/PwV5eb5lKCgofB0QEPs2LjY2Nv5dgq6Ojqlpy362fU2MjbiSpaalUqO6ffnyJSQ0lPq0pUlLeXk5cYpBunX7Tlz8O4IgDJsbDB7kXFGyh48830REEARh27ePWbu21PrMzK8BgYGxb+NiYmJLS0v19JqaGBu1a9eWd96alJTUs+cvEAQhLS29eOF83l14eT8JCQ0jCMLK0sKiW1dyZX5+/r4DhwiC6NalS/fulqWlpY8ee3ncu//+wwdlJeUuXTpNnzpZTk6ONzdKRmZmUFBwbGxcTGzsl5QUYyOjlibGgwc5q6urVbTJ27i4NxGRMTGx0dExSkpKLU1MjI1b9LDuXp/f7FNCJU5ISAwJC3sbG/f+wweCIExNWxq1aNGlc0dNTU2ulGHhbx57ehEE0ayZnuvQIbxZHT95OisriyCIAQ72LX9PeUXeurKysm7jxjRQVs4vKAgJCQ0JDQsMCq5bp46paUuLbl2pc0sS9jarCHkjSUlJdbey7NqlM2+C02fOfvqUrKSsNH3qZFlZWd7TeNfjfmlpqVm7trZ9+1DrS0tLAwODomNjo6JiUlNTGzbUaGli0rVrl7ZtWnNuTp5ANTVVGRkZJqVl7viJU1nZ2e3Nzfr07kUQROL798EhoUFBwYmJ75s3b97SxHiQs5OyshLfbRkWnlN+fv4r/4DY2NjIqOg8NrtpE10TE+NeNjY0IZmw8DchoaEhIWHvP3wwamHYunXr/v36CnuYgUHBL174vktMSE1NM9DXN2phaG5u1qljB76JmT/1XCfw58+frwMC/fz8g4KDNTQ0rKwshrkMrVu3LkEQP3/+9PJ+4uX99MuXLywWy8TEmLMe4CVadcdXXl5eUHBISEhYcEhI/fr127Zp3aVL544d2vNNzLD2pjA5sWlp6WfOniMIQk5Obu7smbyZMPna4lVWVrZr996i4mKCIMa7jW2oUT4nGVWpOg10NDYyKikpiYiMCgkNDQwM/v49x7SlSZs2rQc42lOP0o8fP+LfvSMI4tu3b+SalJRUzlqiTevW5EUkiXB7NG6sPXrkCIIgIiKjzl+4RM5/1trUdPq0KeSdXxl3UVlZWXBIaGzs25jY2JjYtwry8q1bt+rapXNPmx6cyYqLi9PS01/6+ZWfjbw8zmPX0dHRbNiQ5mxThPoNI0JNTi8hITEs/E1MbGx0dGzhz0LTliZt27YZ7OzEeeF4lZSUhL95ExISFhgUnJeX165d2zatW9v27V1RNSvUMe7bfzC/oIAgiDGjRmprN+L6NC4+/tbtuwRBNG3SZPiw8n6ZOTm5qWmpkVHR5Wni4uXkyr9KpKVlOH+ZUKr5L5w/LD8//3VAYFhYeEhYOM2NRF8jffz46d79BwmJ75OSkjQ0NExMjE2Mjfr07iXxL18AAAAALlJlZWVVXQYAAACQPM45CD0f3eM7B2F0dMyceQs/JCXxfmTd3WrzpvVkC51AEZFRs+cuSOb3+vmokcMXL5zPYrEIgvD08p42YzZBEDNnTJsyaYLzENeEhEQqpVm7ttevXqL+vHX7zsLFy3gz1NXV3bp5Q+dOHbnWh4aGzV+0lG8ZFi+cP2XyRHI5Kip64CDu+Ro5Pbp/19CwucjF4Njw7sLFS8llj9s3qFATp/T09G5WNuTytcsXzM3NyOV79x8sX+nOZrN5N5k0cfzc2TM5Q3cRkVHOg8ub+RLjY3g32bh566nT/xAEMWK46/q17uTKrKzsTl0tqdO+eOmKGzdvcW4VGR6soKDA99DKyspu3Ly9bsMm3hKyWKz9e3dZd7fiWv/r16+du/aeOHWaNzctLc2d27Z04Qh9CZv4wKEjBw8d4VvUbVs2crVdnjx9ZtPmbQRB2PSwPnHsMO8mtnaO5G25d/cOB3s7ciXnrWvfv9/kaTN577Qxo0cuX7qYbBcW9jajQRVYTU31td8Laen/jf/x7l1CP/sB5PK+PTvt7fpzbT7WbaKv3yuCIBYumDttymRyZXpGxtJlK1+89OXd3dgxoxbOn0td+gcPH8+aM4/rXBUVFRmbtuU9kIrW80Wd5zehgUePnTh05BhXAi0tzYP797Zr24ZrPfPCU95ERM6Zt5Bv5bBh3RpXlyFcZ7WkpGTrtp0nT5/hSsxisWx6WN+7/4CsAZ49eUxzgD9+/Fi8dIWnlzfvR3b9bVeuWMZVuwr11HOeQN/nT+fMW8gZXCF3sX/v7rS09AmTppJhIU4jhruuXrmcN4YhcnVHOnrsxLYdu8iHa+GCuRMmTeXtHzZj+tQ5s2ZwNXkzrL1JzE9sQEDgiNHjyAsXERbElZjh1xaviu5zzkr15PGj8xYsev7iJde2nTt32rNrOxnlCgwKHj5yDN9dkF75PqOOReTbI/JNyMOHjxYvXcH56ZlTx60sLSrjLkpLS1++cjXvgRMEMcDRYf3a1dQbHgYtWtIc+4Z1a8jwFX2tIuxvGGFrchoFBYV79x84fuIU70empi337d6pp9eUWhMaGjZ02EhyOSTw1Zx5C8lqmavAu3du530rQthjpE7szetXeN+Z8PZ+OmX6TM4a7PSZsxs28ZmNj8T32an+v3BExjkHId8DJ1E3kq6u7pFD+6ZOn83kRqKpkfbsO7D/wCHeHRkbGW3etL5Na7pXFgAAAADEhCFGAQAAaqlbt+8McB7C2eqkq6tLLT9/8bKPrf2biEiB+dy4ect5sAtn44ixkRHVtHr+wqV5CxZzbfL1a9ayFas5o4MEQZiYGFPLi5euoNqpWSyWpUU3S4tuZJ7JyckjRo0NCPxf28qOnXuGDhtJlYHFYqmpqVKfbtuxy8v7Cblcr149gUckcjE42fW3pU7ChUtX+Ka5dv0muWBq2pJqO1u2YtWceQuptjMWi6Wl9V83uOMnTg0cNDQnJ5f5UdD7mpV96fJVruigrq5uRdHBvLy8CZOmLlm2giqhmpoqdaRsNnv8xClcUYGcnNwhriM4A35aWprN9PTI5bS09JFj3CKjokRIzGaznQe7ckYHOQtDXsEFi5aIdGL4u3T5Sn+HgdSdxnmbnT134cLFy+SyULcZvd49e5ILWVnZMTGxXJ96PXlKLZM9Iznl5ORSzdB9evUiF6KiovvY2lMBNmMjo759ejdvbkD++c/Z85OnzqDeIOzfr++9u7f27d0lqcPh5TTIhYoOcp7PtLT0yVOnk11hKEIVnnTt+s1BQ1ypS9be3LxXTxvqmVq5es3h/8cmS0pKJk6exhkd1NXVJe9ANptNRgeZWLHKnQpiNdPT69XTxtS0vOH+wcPHJ0/+L/oozlNvad2TjOtw3vkPHj5+8cKXM67DeW4vXrpy6cpVrnzEqe64+Dx7bu/ozHf0yIOHjmzZtoNzDfPamyTUia2ICF9bzIWFvxk4aCgVJOM8nICAwFXua8llLU3NimKQJBnp8jCqOLeHn98rruggQRDNDQy41kjkLnrs6dW3vwNndJCznHc97u3df5D6k/7YmRDnNwzDmrwiCQmJjgMHcUYHOY80Ojpmxqy5JSUlfLd1GuzKGx0kCzxi1NjS0lJJHSNDvP3Omagpv3AqW3Jysr2js8g3EunipStUdFBNTdW6uxXV0/ptXNyy5asqoeAAAAAA/0GAEAAAoDbKyMyk2oK1tDSvXb4QHxv57MnjmMiw/Xt3k+vZbPYq97UVNXKRMjO/Uo2PamqqZ8+cjI+NvO9xKyIs6NrlC2Qbx5xZM7i2unzlKtnOPsxl6M7tW3ds2zxtyuThruUviT956kPFqxYumBsS+Oqf0yf+OX0i6LWv27jy/hYrVrr/+vWLyvBT8idyYfAgZ6/H9yPCggL9fZ899aReu964eRt5IC1aGD578tjz0b1ePctfbB8x3NXz0T3qv6ZNm4hcDE6ysrKTJ46njvf79+9cCYqLi8mBswiCGD9uLLnw/MXLq9dukMvdrSyfPXkcERbk98InNOj17N+nMSEh8cAhPl3fRJOcnLxy9RqCICwtum3auG7v7h3z587mO5AXSUamTlR0+UBk8+fNCQ7wC/T3jQgLunD2NNVcuHf/Ac5Njh4/ER1d/uL/MFeXQH9fvxc+3p4PQoNeL1owjyAIB3s7akw/oRIfOnKMarmeMnliSOArsjC+z5/a9LAm19++4+Ht/ZSQkKysbIIgevW0uXr5fGxUeKC/7+MHHtSoaLv27MvPzxfqNhOoadMmVP68/XLu3PWglu8/eFRQUMj5qd8rf3KhmZ4eGUUrKSlZvqq864apacv7Hrfue9w6fHDf4wce169eIhtq/V8H3PW4T24oJSVlYmwkwvCSzJFt3xs3rPV9/jTQ3zc+NpK6/bKysjkbWIUtPNmFZenyleTyAEeHoNe+Vy+fP3bkoN8Ln62bN5Lrd+3Z9/HjJ2qTux73qABk7949g177Pnvy2NvzQXhIwLDfdZRAMTGx9x88IpcP7t/j7fng2JGDd29df+7jNd5tbK+eNtOmTqISi//Ut2nd6sa1y2HBr9+9jVq5vLxbj9vEyeTTsWXThvjYyEB/36dej6hY2o6de8h7lSRmdcfXMFeX2zevxsdGJsRF37x+hQoDnDr9T3pGBpWMee0t7ImtiGhfW0JJTk5upqd3/OihsOCAQH/f0KDX9nb9yI+8vZ+Gv4kgCKJJE92w4Ne+z5927tyJOgNUFfHsqSc5XLOYt8fU6bPIqNKqFcv27929YtmShQvmcoZkKOLfRVlZ2eTj2d7c/OL5f+JjI/1e+ESGB1PduE+d/od61rw9H3g+ujdvzizyT2MjI84a0q5/P/ozLOZvGIY1eUVKSkvIiktLS3Pn9q0xkWF+L3zevY1a415e27yNi/O4x/9lguTk5Pbm5mfPnIx6E5oYH+P3wsfSohu11dOnzyR1jAy5DB3s9fi+56N71Df4lk0bqAtx99Z1vlvVlF84f4bINxL5vUa9MzFl8kS/Fz6nThy9fPFceEjA8mWLO3futHnT+so/AgAAAKjVECAEAACojXbs3EMuaGlp3ve4bW5uRo75Jisra9fflmoSio6OuXHzNk0++w+Wv/XMYrE87ty06NaVGjvO3Nzs8sVz8bGRVGMil2NHDm7csNZpoKOz08CFC+aSQ1QVFhau31g+2tXMGdOmTZlMDdAkKyu7cvnS7laWZFDh/oOHVFZr3VctW7ro+tVL27Zs1G/WjFypq6NDxQCSk5OTkz+Xr9fVNdDXV1JSJP9UVVU10Nen/iP7folWDC6uLv8NMnn9/130yBZ5so2SxWKRc5v9+vXLfe0G8tPevXueOHaY6iugrKw0Z9YM91XljdqnTv/D1f9STBPHu/1z+oTr0CEO9nYzpk+1629bUUp5eblz/5xasWzJcx+vGdOmqKiokOu7dOm8bMki6tCo9MmfPx89doJcnj518sb1a6hX7JWVlaZOmRQfG7l39w4REr//8OHI0ePk8vJlixcvnN+gQQPyz0aNtI4ePkAdhfu69YWF/4uciWPmjGmHD+5rb25O3irNmxvs3FF+q7DZ7LdvywOWTG4zhhwcygcOffz/YRWTkj5y3QavAwI4/3zqU34hBjjakws3bt4m468sFuvEscOcEz6ZtWu7f095T8GNmysccU7idHV1Hz/wGOYytFEjLYIgZGRkpkyeSF07X18/KqUIhSdHvCQIomOH9ju2bVZV/a97x5DBzlQk8uDho+RCUVHRjl3ldWPfPr0PH9hHbaKoqLhx/Rqu4S4rEvG7k2vfPr372f43c6FO48Yrli05duQg9eCI/9R37dL5/NnT7dq2kZGRkZaWdhs3hnOM36WLFw4dMoislps2bbJtS3mVyGaz3/3OTSLVHZc5s2ZsXL+mdatWMjIyUlJSbdu0vnb5IvXp2XMXqGWham/mJ5aGOF9bDFl3t7p5/UpPmx5kDaCsrLRtyyaqNnv9uvw5lZGRadRIS1mpfFTJJro6VBWhq6MjqS8Fs3ZtPR96jBs72q6/7Xi3sdOmTOaduE78u4ggCFeXIRvWrTl0YO/li2c7d+pIpldQUFi/djV17EHBIeRCQw0NA319appYeXk5zhqyovlHKeL/hmFYk/Nl1KLFiWOHN65f4/nwntNAR7ITnrS09OiRI6hIsK+fH99trbtb/XP6hEW3ruQ0tFpamqdOHKW6QR88/F+HeEn9TqNXp04d/WbNDPT1qXkHtbUbUReCc6BULjXoF06lEudGIgjiQ9JHMqzOYrEWzp9L1b2KiooT3MZdPHcG44sCAABAZUOAEAAAoNZhs9lUZ5GpUyY1UFbmSmBq2pJqoD9/8RJPBuUKCgqp/j1Tp0ziO2Eh11xTlMGDnKnOVZwCA4PJwZpYLNaMaVN4E0yeVD6xYkzsW2qliorKxPFuZu3aciVu0cKQ6irx8dMngjHRisFFQ0N96JBB5PLpM2e53vE/d768uXzSBDeyeTEgMIgaqGru7Fm8p26Y61CqmfXm7TvMD4deMz29eXNnMU9v1KLFeLexOo0bc62nGpSzsrLz8vLKy3mrvJwsFos6aZw4D1OoxLd+J1ZTUx05fBhvypkzppHLaWnp/q8DCEnQ1dWdN4f70hgbGVGDoH76HcmQIGp00OjoGM6uV9TQi2PHjCIXOCdmKy4u9vQqT9C7V/k4pZcul48FN3vWdHIiNE7m5mbtzc3JK5idnS3xA+Fr0YK5VOM4xa5/eUw0IfG/ZmJhC89ms2/fKe9huWzpYt4Haszo8vP2JiKCXHjp60cNjDl71gyuuQkJgjBv147JQRUVFZEL794lcHXr5CL+Uz9i+DCu0Rp72vSglgc5O3F+ZGxkRDXKU/uVSHXHqWuXzrN5euBpazdydiqfL/MlR9xXqNqb+YmtiDhfW8xt3riOejmAJCcnZ//7rmb+ZSSRL4WtWzYKfCNB/LuIPG/Dh7nY9u3D9eDIysr26d2bXOY7l56wxP8NI35NbtPDepirC+9AqX16l1fXiYnv+W549PABMjRIAV6KPgAAIABJREFUkZGRmTjejVyOiIz68eOHBH+nVZ6a8gunUol/IxUXl9dpbDY7uRJ+PwAAAAAIhAAhAABArcM5nt4ABwe+aYYMLm/3iY6O4ZoUh0INDUd2x2FeABaLtWIZ/5nhEt+Xt6np6TWNjokNC3/D9d/37zlkgvj4d0z21bRp+fvvGRmZzEsoqWKMGTWSXEhLS3/2/AVn/lTIysVlCLnw4UN5y6mpaUsTYyOezIh69epR10WC79dv3LBWTk6OQUIBNDX/a2rPyCw/2wkJCeTCYGcnRUXFCjYlREgcTyUe5My3/EYtWlDdgKhzW0maNClvLk9P5zPvmpiaNzegWhs5e9R5/J4Pb/7c2WQ79f0Hj4qLi8mVIaFhZL8ELS1NcoLP0tLSiMjyDlgsBRbvXR0W/obKXCLt+ExISfH59wjZm5B8cMg5BUUoPOdFLyku5k1PjU+bkJBInrf3Hz6Qa4yNjPg+gwyZmphQJRniMtzL+wkV2eJSGU+91u9eWVzz+ZGaUvfq72CzxGvdiuqTHtbdyYWkpI9M8uGtvZmf2IqI/LUlHJ4uegRBaDfWJhf4zs7Il/i3x7w5swz09RmX+z/C3kX0tH8/0RKpISX1G4aX+DU51SfyS0oK3wRUFzFO1Cij1O1ReccoQTXiF06VYH4jcT6ejk6DL1y8XIOmYAQAAIC/Q52qLgAAAAD8aVTTP4vFqmggr8Yc/cPS0tK1tRvxpuFswOLt0ENDVVW1ov1SrULR0TFDXIbTZMLZtYhLTk5uenp6ekZGampaRnp58yUZZmBIIsUgCKJlS5POnTsFBASSo+pRnSYvX7lGLjgNdKS6sFBZ6VU8QR3V6hQdE8P8cOjRjCEmUGlpaXb2t/T09NS09Ax+LcXx78rDeM2a6QnMTajEcXHlsQpyLD6+DPT1yUEpE99/EJihOMgeEgRBlJZVSiuto6P9vv0HCYLwfuJDTuiV/PkzeWjOTgPq168/cIDDxUtX2Gx2cHBIly6dCYKgmmsHDnAkRxRMTU2jMiQnnqTx+XMK2SGvSlDnk3xypaSkRCg850UfOmwk/Sbp6RmNG2tTdZq+vuA7kEbbtm26W1mScxm+jYubOn0Wi8Wyt+s30NGhY8cOnN1NKuOpr1uvPAJBjRnI6b97tbS8SpRUdSeQxu+vCTabzWazeXtfCay9mZ/Yioj8tSU+6nIwj+WIf3voixQdFOEu4lVQUJiRkZGWlpaalk7F74X6Iq6IpH7D8BKtJi8uLs7IyCRv2rDwcHJlYeFP5jmQ802SUlPTDA2bV94xSlCN+IVTJZjfSHXr1p0/b86u3XvJinH1mnWr16zr1dNmgKN9r549uTqbAgAAAFQGBAgBAABqnY+fykd5orrp8OJsrvr85Qvfhqfkz+WjIVHdm8TH2R2Bt9cCp65dOnP+WVZW5uv36tFjL49798mOU1zKCCHaJUUuBq8JbmPJ5jNfv1cJCYnNmxvkFxRcuVo+e9CokSOolO9/xzOoLgi8qBbttLT04uLiOnWq5rdcYWHho8dejz29PP8/Kx6FagWmYg8aDNrimScuKSmhBiujaeWnOjX+sf5wlaRPr55kgNDTy7uwsFBOTu7Jk/L5Bfv17UtOyXbx0hWCILyf+pABwoePPMu3/T3kXRbHqKH0d3XdunWZxGj/JBEKn/k1k+EmKioq5FyDn37XjVpaFdaNTMjIyOzZtWPj5q3UIIFsNvvqtRtXr91o3txg84Z15uZm5Prq8NRLsLqj16DBf8Mkfv2aRQUImdfezE9sRSrja6vyVIfbQ1hx8fEeHg8ePfbkW+vSBBSZk9RvGDHl5+c/eepz89YdMmItjrp167JYLPLmJyuuanKMAv2Vv3D+sGlTJslIS2/fuZta8+Spz5OnPiwWa/XK5ZXY0RkAAACAIBAgBAAAqI1UVRqQC9REcbzy2fnUckVvr1OT4lDjSYpPV7e8N9gEt3HLly1muFVu7o/pM2dzzTOnpqbaWFs78f0Hvi3OlVEMvnpYd9fV1SWjWRcuXXZfteLBg0dkkdq0bsU585aaWnljH811oY6FxWJVVdtZfPy7UWPdsrL+N0edrq5uQw2NkNBQrsRqaqpkSnJeJXrME8vIyFDNqXkVX98fP8rPpJqqisC9V2cmJsZaWprk0HNBwSFWlhb3fo8vamHRjSCIzp06kifkrse95UsXv3//gbzl1NRU27ZpTaZsxBH08nx4r0GDBlV0NKIQofDUNJnGRkb3PW4x2Yvc7+4aP38K0fuHL2VlpW1bNk6eOP72HY9bd+5Qo0omJCQOHTby9s2rrVu1qiZPvQSrO3q5uf8916q/H0lha2+GJ7YilfG1VXmqw+3BXGlp6dZtO0+cOs25ksVi6erofM/5znxgVYEk9RtGHA8ePp41Zx7nGhaL1VBDQ1ZWlhq7mLni4mLqOqqrq1eTY2Ti7/uF8+dJS0tPnTJpyOBB9+4/uHPXgxpMm81mL1m2orCwcNRIuo7dAAAAAGLCHIQAAAC1DtVzIi0tvaSkhG8azj4lTXT5jwdF5cNms/MLCiRSNmo6FuZj2eXk5A4fOYZsX2axWHNnz7x+9VJ8bGSgv++tG1c7tC8fJlGK4DMplASLUREZGZkJ48eSy2fPXcjN/XH2/AXyz/FuYzlTNjco32lKSmpFuVEDLRobiT5BmjhiYmKHuI4gw3jNmxuscV/p9fh+YnzMsyePr14+TyWT+j0Fl2nL8lkAP3/5IjBzoRK3NDEmF9LS0ipKk/J7FigDAwOuj6pkxiaRSUlJDRzgSC77PHue9nvIvgGODuQQZPXq1etn25cgiKys7Mio6Gcv/htfVFq6/Ae/hoY61WcriWOgxRpBhMJTY+e+jYurqKLj0kS3fIA7SQUzmjc3WLhgrt8Ln9s3r5Jjw5IOHT5WnqAaPPUSrO7oUdNxsVgscpJRkWtvgSe2IpXxtVV5qsPtwdzS5auo6ODIEcNOnTga+SYkIizovsetcWNGk+ulpYX4Iq6IpH7DiOzGzVtUdNC6u9WuHdsCXr2MCAvy9nywYb2AAZD5ysz8Si3r6DSWyDFKZDRXgf6yXzhVSF1dbdzY0bduXH3h4z139kxq/bYdu2rWzxUAAACocRAgBAAAqHU455yjZgbiQo4ZRRCElpZmRZOgcOYTFBQskbJRAxsGh4Tm5OQy2eSpjw/5wr6uru6j+3dnzZxu1q4tk8moJFsMGs4DB1DLGzZtIaeOU1NTte3bhzOZvn4zciEs/E1Fr9j7vfInFwybl0e8FBQUqE/FL6pAZ86eJ9/x79un9+0b10aPHKHfrBlN+ua/y/mSwSBsQiVu0cKQXPD1e8U3AZvNDgkNI5epxlYqyJSezmfGxOqMGin0safXk6fl44va9belEvTv15dcePLUx9v7KddWpBaGzckFX1+/P1JqSRK28E2b/FdBBYdw923lS7tR+Rh90TExDGOKDLVu1Wrblo2LF84n/6T62or21EuWZKs7GtSjSkX3xa+9KzqxFamMr63KUx1uD4Y+fUqmxn29dOHsujWrrbtbKcjLV8a+JPUbRjRlZWVbt+8klxcvnH/qxNGBAxw4R/sUwevfpaW6Pot8jNR3XHZ2Nt+tJO5v+oVTHTRurD1r5vRrl8vjrGw2mxr7GgAAAKAyIEAIAABQ6zRs2JCKlxw7fpI3QWFh4aEj5f0wultZVpSPqqqq7u8ON/sPHJJI2VqZmpLNW2w2++jxE0w2oVqUBjsP5J2DJy9PwPiihQWFEikGjfr1608c70YuU02oY0ePqlevHmeytm3bkAvkrFq8+cTExFIt7B07diAXGmtr/5cgNpZrk/z8/Mjfw1VJxLPnz3+XfyRXq2sBvzNp1q4duRARGfVSUFxHqMSdO3UkF/xfB0RG8TnGGzdvU+OVUQOd6eqUj6b4Ni6OdyDTT5+SqR4MksX3NiM7MqanpxcVFQnMoW2b1uT8cGlp6afPnCVXWlpYUAmo+eFu3LwVFBxCthS3//+UbNbdrciF3Xv314ghFjkJW3h5ebmOHdqTy1u2bmfSCYNqwk5LS+edV6ygoPDy1WvCF/w/Nj2syQUFhfJGfNGeesmSbHVHEATfnnmpqWnXrt8kl3va9CAXxKy9KbwntiKV8bVVearD7cFQ4O9oa8cO7TvxlERgZ02+Xx8VkdRvGNF8/PiJGmF77JhRXJ8WCDpS3uGLS0tLDx46Qi53t7KUlZUV5xipvndRUdFcm5SVlQULiqCTOQtMw6l6/sJhs9lcA6HXLObmZlSsV05OkhFuAAAAAC4IEAIAANQ6UlJS7qtXkMtPnvrs2LmHs6/Mjx8/Zs9dQEVW5s6ZRZOV+6rl5EJY+Ju16zZyxjmKior2HzjUqavlU59nzMumrKxE9QU5euzEqdP/cDXrh7+JGOs20dbOkRpcS7G+IrmQkvq/cat+/fq1YdMWqkNJGfG/4baorajOWPn5+VSeIhSD3qiRw7jWuAwdwrVGp3Hj6VMnk8sbN299+MiT89PE9++nz5pLLpuatnR0sCOX5eXltLQ0yeXde/ZztsMmf/481HUkGSuSFCXF8omO0v7fA+/r1yy3CZOoP6nBzWz79m7TunxKsAWLlkT8vy0v9m2c82CX8ROn/Pr1S9jE/fvZUmG/WXMWxMXHcyb2fuKzdv1GcnnSxPFNmpSHBKgmV4Ig9h04xDkIm98rf4eBg0SYsZIG/W2Wk5Pb32FgNyub9p26VdRHhCItLU2NMvohKYkgCAd7O84YrZyc3ABHB87hMQcOcODqjDVhghsZZSQIYsrUGR//P1Znfn7+oSPHOnW1PH7ilHjHXSlEKLz76pXkQkRk1JJlK7m6raSmpi1bsapTV0tqAjxLi25U9Gjt+k3vP3ygEufk5E6YPNXn2XMmRc3Ozt62Yxd10Snev9dQt65oT71kSby6CwgIXLdhE+fXSnp6+vSZs8llFotFTaklbO3N/MTSkPjXVuWpDrcHQ1QwIy09g6v37a3bd/ftP0gul5b+74u4fv365MLbuDjy7iopKfkoaAxhCf6GEYEC678+bZlfv3J+FBUVPXf+QvrNx7pN/J6TQ/358+fP5StXk1U6QRDz5pY/JiIfo+HvntYnTp0hpwYkFRQUzp2/iKZup77cfX3Lo3QZmZkMvxCr2y+cK9eutzHr2Kmr5aw586r5+JwlJSVHj504f+ES+cOGEhQcQp58FotFnQEAAACAylBbZn4GAAAATlaWFn379Pb08iYI4vDRYz7PnltadFNTU/2SkuL95CkVYFi6eKFmw4Y0+dj0sO5uZUl2tTl7/sKr16979bRpoqvz5UvKzdt3yHyWLl8Z6C94xEjK8GEuly5fJced27h56+27Hl07d9bRbZyeluH36hUVNDpy9Lj7qhVkWxK55uq1Gzo6Oj26W0nLyLx58+bEyTNUoxsvalS9D0lJI0aPa9e2zfUbNwsLf/p4PyaDEMIWg56urm4/276PHpe3iA1ydtLQUOdNNm3q5CvXrpOvvc+cPbe7lSU54N6HpKRbt+9Syda6r+IM/MyaOX3FSndyeD07B6dBTgNkZGQCg4IrGntTHO3atSHP6uo16wiCMDZuUVj48+VL3+MnT/NtSZSRkVm1YtnQYSPJ6fGcB7s4DXRsZWpaVlYWFh7+4OFjMtn9Bw+dnQYKlVhaWnqt+6oBzkMIgkhOTrZzcBrg6GCg34yMBlEhBBaLNX3qFKo82tqNBjg63PW4RxDEqdP/RMfEWltZ5uTm+vq9IgdGkyz628z/9euEhESyr8Ox4ycPH9xHn1vvXj1Pnf6H+pNzfFFS/359yUMj9e3TmyuBgrz8WvfVM2fPJc9Szz79nAY6GrVoISUllfj+PdXBa8u2HQMGONA/+3+eCIU3MTYaM2okOSfWzVu3X/n797TpYaCvn5eXx3mTrFq91tvzAXm7zpoxdfHSFeRN5TTIpU/vnqqqqrGxb6kgIhNr12+6d/8BQRCdO3dyHTqkadMmbDb7safXhYuXyQQuQwdTiUV76iVLstUdQRD/nD0fHBJqadGtUSOt+Ph3d+7eo+qHJYsWUMMGClt7C3ViK1IZX1uVpzrcHkyYGJd3XEtOTp6/cMmE8ePqyMh8Sk6+cvU6b2dcStPfr24QBDFy1Dhb2z4vff2io2POnjlp0a0rze4k9RtGBA01NNTUVMkrMmPW3CWLFqipqWZnf3v46PHFS1cEbh4UHGLv6NS7V8/mzQ1SUlKf+jwjvwXIKp16RUbkYxw3ZtTlK1fJr5UevWwnjndT11CPiIh4/sKXPtpn0FyffOjOnr/wPSdHSUnx/IVL7c3NL188S01kW5Hq9gtn46at5MKDh4/dxo4x/39P+mrl2vUb23bsIgO6E8aPNTYykpKSCgkJPXj4KJlg0gS3qi4jAAAA/OUQIAQAAKildu7Yun37LrLp/G1cHNk0zMl99YpRI4YLzGf3zm3LVqwm27ASEhKppi5Se3PzXTu3ClUwGRmZf06fWLHanZxHLTo6hjdyY93dav7vF+3t7fofP3mK3O+u3Xt37d5LJWump2dn148avIuTvV3/Hbv2kO1lAQGB1Fw+V65dJ19yF7YYAo0cMYxqPhs9agTfNAoKCjevX1m8dAVZnhcvfbmaVtXUVHfv3M7VS2bIIOfr12+SXdCSk5P3/u6rQY725uQ0gGxck4hpUyeTDXlsNnvBoiWcH/Wz7SstLUWF8Sjm5maHDuxdtGQ5ebZv3/G4fceDM8Fa91VOvycxEiqxqWnLSxfOzluwiGwq5YyNkdqbm2/fuklJSZFz5bw5s/xevSLbKDkvPUEQY0aPlJKS+ufseTHO0P/Q32acbaBMBkPr0N6cxWJRjbxWPEPnWVr+N+Ioi8Xq0rkTbyb9+/Xdu3vH8pXu1BnmTXP44L7qFh0kiVD4ZUsXKSkrHTh4mOxbyduCr6ure+TwAepPp4EDoqJiyIqRzWZz7qJN61bb/2XvzuNi6v44gJ8WLYaiLFFDiDZrPLITES3ITnZK9p0I2bLv2WV9eCwPsq/ZeWi3tT2/0iZa1COZFpr6/XFyXDPTNNUk6vN++eN058y9Z+6cc+91vnPOWb/Wytqu0HKyqUpFKhg1c/pUNh9ssVu9fMn3cte1S+fXwcESd7LCbanDiO+DjYp69S7SiZVC7ret0vMrVA9Z6OvXHzJ4IJ068srVazSOS/F4vPnzZi9fsVr8XcbGRq3NzOhQ0ajo6L37DtDte/bulx4glOMzTDEsdllIb3/BwSGjx07gvjR3zqwjR48VdD3n8/m1atYMCAw8fuKkyEuDBw1Y4bZUZGMxPmPjxgaTnCbu258/V7DnocPsJW1trc0b148d70gkGT3SgS1ey26mAYGBgUHP27Q2K/hk5Ptln3By5LqarNxpa2vT23pcXJx4G2nfznzK5EkFvBUAAABAPjDFKAAAQPlEl7GRorK6utsy12NHDlp068om7qMdWH3tbG/duDJ6pEOhPxsnhFSrVm3Prh1r3Vdx+3R4PN4fbVq7LJx/8sRRPV1dkbfwKlcW280PatTQ3rd75+aN683N27KJy+hue/W0PHLowCHPfVWr5kd91NXVDnvut7Huzd2Djk5tlwXzrl72chg+lO5B+cfRFdraWocP7mPTCdIty92WTHL83tlXpGIUKvHbnJytWrbgjhIQoaere/zooRVuS0UOamRoOH7cmNs3rol3myorK588cWyKsxM3f6uWLebNnXX82GGLbl25H1Oc6o8LBUnXqGHDv0+dYON+qObNmu7y2LbLY5t9/375RVL64VdoVr163rx22b5/X+5MWXw+39bG+vqViyMdhisoKBQvc9s/2ty8dtnJcYJIkf5o03rJYpeTJ47Wr19P5CPUq8e/fuWSyPC7rl0679i22W2pq9W3UXdqqhJW/Sm06oqQXs26de3S26rXtw8o2kzEKSkp9etrS9POkxwrq6uLZKisrj5h3Fia7m3Vq1KlShL3Y2tjffvm1SGDB3InXCWEGBg0mjVjmr/PE/GhhwUp6DpT6PWHk7OQ6sf9uotReBUVldkzp58/e9rSsjv3QkdHoa11X3Xr+mWDRg3ZRiUlJbdlruvWrGZLedHqNGf2zL+OHzMwaMSWQpRi5vSpt25csbHuLXLE1mZmp08enzF9qkj+YrR6RsoJlL4gn5raD9+RHC93UyZPOn/2tHUfK7YfupPTJ4+zyUWpol69i3piJX7S4t22JCqw/hflolq5cn5DVi1gpbFSqh4yZpO9Fi1b4jp1ijP3VR6PN3qkw51b10c5jKCnWuSipKCgsH3rJpFlAkePctjlsZ2IETnbJXmGKeqVXET/fnYb1rmLVEJLy+6XL5yb4uw0eNBAibWOEDJ65Iijhz3HjxvDvSm0b2e+bs3qdWtWi1en4n3GBfPmbN+6iXsDbaCvP3qkw/Urlzp36ljQFaxjh/Zr3FdyK5iBQaMjhw7IEh381Z5w2INcazOzUo2dF68icetGT8seD+97jx83RuSOxufzN21Ye/SwZ9mODAYAAICKQIG78goAAABUWKmpqUnJyXw9PW4XTFEJhcKo6Bh1NbW6deuIdOsXW15e3vv3CZ/SP1XTrFazZg0pfSUCgSDu7ducrzna2to6OrVlKUBubm5SUvLHtI/aWtoSZ8QqRjEKOlAf2350nIrH9q3ik0MWdNB3795nZmXVr8cvKNgjIiEhMflDskEjA+7qdKUhNTX1bfw7FZVKtWvVql69epHemJScXK9ePfH4Vgkz5+TkxMTGqqio6NatK0tsWygUxsTGfvnypbGBQan2wUmvZgtcXM+d99qwzn3gAPvSK0NBMjIzY2NjVVRUamjXEBlq+esrRuH/+++/9+8TqmpUraFdo9A2Qvdfv179krSmj2lpMTGx1atV09WtK0s1K0arl7sSXu64+3n79i1RUODr6UnPWYyrd1FPbEFK47ZVen6F6iHdly9f3sbHf/qUrlW9et26dZSVZZqy6OPHj4lJSepq6np6urJcvcXJ5RmmSIRCYWJiUmJSkoZG1To6OpWLGCtKSUn977//GjTQl732FvUzpqV9iomN1dOtq6WlJUN2Qm+jb9/Gf/nypW7dOmyFyEL9gk84cW/fZmRkGDRq9BsF2DIzs6JjYpQUFfl8fmk/wgEAAAAwCBACAAAAlLoHDx+NnziJDiB78vDer9mxCz9fWHi4jZ09j8d7+vj+T+vXBgAAkBc84QAAAAD8vjDFKAAAAECp27N3P02MGzsafWdAff782XnKDEKI+6rliA4CAMDvCE84AAAAAL8vBAgBAAAAStfzFy/9/ANoesigQWVdHPhVvI2Pj4uLc5w43s7WpqzLAgAAUGR4wgEAAAD4rcm0JAAAAAAAFNvBQ4dpYsjggdrasi4FBOWekaGh17kzzZqalnVBAAAAigNPOAAAAAC/NaxBCAAAAFC6Dh0+mpuXq6aqZmtrXU1Ts6yLAwAAACAHeMIBAAAA+K0hQAgAAAAAAAAAAAAAAABQgWANQgAAAAAAAAAAAAAAAIAKBAFCAAAAAAAAAAAAAAAAgAoEAUIAAAAAAAAAAAAAAACACgQBQgAAAAAAAAAAAAAAAIAKBAFCAAAAAAAAAAAAAAAAgAoEAUIAAAAAAAAAAAAAAACACgQBQgAAAAAAAAAAAAAAAIAKBAFCAAAAAAAAAAAAAAAAgAoEAUIAAAAAAAAAAAAAAACACgQBQgAAAAAAAAAAAAAAAIAKBAFCAAAAAAAAAAAAAAAAgAoEAUIAAAAAAAAAAAAAAACACgQBQgAAAAAAAAAAAAAAAIAKBAFCAAAAAAAAAAAAAAAAgAoEAUIAAAAAAAAAAAAAAACACgQBQgAAAAAAAAAAAAAAAIAKBAFCAAAAAAAAAAAAAAAAgApEuawLAAAAAPIRFxe33/NQVlb2sKGDWpuZyWu32dnZ/zx9FhH55u3bt7Vr127dqqW5eVt57fz3VUpn+xeRkZGx3/PQmzdvLLp1te/fj20XCoXtO3XNysomhHidO92oYUP20vSZsx88fEwIcVu6eOAAeyk7nzx1xpN/nhJCFsybM9JheCl/lN/Yx48fu1j0JISoqanevnFNU1OjrEv0WxoybGRYeDghZOP6NVa9epZ1cSquvLy803+f/eefp00aN54wfpy6ulpZl+i3ERMTe+u2d+SbNxERke8TEqpUqdKhfTu3pa5lXa7S9eyZz9nzXlWrVHVynFCnjk5ZF+d3VdCzyrHjJzZt3kYIsbHuvdZ9VZmWsRRJuezI/tAiC7k8E548dWbt+o2EEItuXbdv3VTCIgEAAADICAFCAACA8iAvL2/chElR0dGEkPNeF/55fL92rVol323Q8xfzFyyiu6V6dLdAgLCUzvavY/3GzcdPnCSEXL12Q0NDo0d3C7o9Nzc3JSU1Py3M5b4lOfmDQCAghHz58lX6zrOysmjO7C/ZpfYJyoO8vDx6ogQCQWZmJgKExZP2KY2exq9fC6mZUKqu37jlusSNEHKV3EhP/7zIZX5Zl+g3kJmZ5Xnw0LYdO3/cnFhW5flp4uPfOYweR9O+fv5XL3uVdYl+S1KeVdI+prH7S1kXsxRJuezI/tBSKHk9E3769KkifCkAAADwq8EUowAAAOVBWloaN4wXHR1T8n0mJiYOGjKcu1sej2dsbFTyPf/6PqalDRoy3MraLiIiUvzV0jjbvxR//0CWDg0NK9OygKyOHT9hZW23cvWasi4IVFD+AYE2dvZDho3MyckRf/X58xcs/So4+OcW7Xe1cNFibnSwVcsWfe1sx48bM27s6DItlxxIry2hYeEsHRYenp2NX5MUR7l/VimUHC87c+cvtLK2u3DxsvhLv9d5lt70AAAAoALCCEIAAIDyQFNTk8/nx8XF0T/169cr+T43bNpCEzweb8vG9V26dFJRUSn5bn8L4eH/Bj1/QQhJTEoyMGgk8mppnO1fiplZSzorIyHEyNCwrIsDMrlx83brFN+FAAAgAElEQVRERGTVKlXKuiBQQT175kOvG1+/5igri/43s3nzpixtamL800v3+7ntfefqtRs07TBi2LSpk2vVrFnWhZIb6bXF0LAxSxsYNFJVVf3pBSwPyv2zSqHkddn58uULDQ1yA4HM73WepTc9AAAAqIDwQAAAAFAeKCgoHDvseeDgoczMzGFDh9SuXbvk+7ztfZcmVq1ws7TsXvId/kbevXsn5dXSONu/FJcF87S0tKKiorp26VzRvvrfV0RERFkXASq02Li3Ul61se7z+fPnJ/88bdK48cQJ439iuX5Xu/fso4ke3S1WLl9W1sWRM+m1ha+n9+fRQ+fOe2lU1XCciNpSTOX+WaVQ8rrsJCRIm9f39zrP0pseAAAAVEAIEAIAAJQT9erxV61wk9fePnxIYYugdOvaRV67/V3EFdaBIt+z/avh8XizZ04v61JAEWRlZbHlIQHKhPSJ9RQUFIYNHTJs6JCfWKLfmFAofPnqNU3PnD61rIsjf4VOw9ihfbsO7dv9rOKUW+X7WaVQ8rrsxEv90djvdZ5/8RlQAQAA4OfDGoQAAAAgQfKHDyytqalRpmUpA7HfpooC+C1IH98A8BNEx0iYfA+KhzuKvUED/TItS6lAbYHfSHx8IQHC3wiaHgAAAIjACEIAAIBywtfP/+69+4QQwyZN7Pv3Zdtve98JCAzSqV171MgRSkpKyckf/PwD/AMCgoKe6+joNDU1sbLqZdCoIcsfFh4uEAiiovJ/Yszj8QICA9mrNbRr1P9xeRVfP//g4JDQsPDY2Njq1aubGBsZGxl16Ni+srq6SAnDwsMvXLysoKAweNCAhg0aZGZmnTh58smTp3Fxb3V169rZ2gwaaM+yqaqqjhs7upqmZkxM7KPHTx49efJf6sfGBo3GjB7ZpEn+6kRvoqLOnvMKDQ1LSU1t0tjAyMhw8MCBBYUzk5KT/fz8Q0PDQ0JD49+9MzI0NDE2GjjAvkYNbW62tLRP7xPev3odTP8MD/9XTS1/9SNFRaVWLVtIP9tMRERkQFBQWGj4m6goQoipqYlhkybtzP8Qn3sqIyNjx87dhJD+/eyMDA3pwJGAwEBfX/+PH9NMTYybN2/W185GSUmpgG+eJCYlHT5yjBBShcebMH6curqaaGEi35w6fUYoFFr1tGzXzlzk1by8vCNH/0xMSlJUVHR2ctTQqJqQkHjk2J+EEDU1tVkzphV0XLlITEry8/P38w94+fJVvXr1WjRv1t2im75+/YLyh4WHP3/xMjg4JCoqWk1NzcTEuHmzZj26d1NQUJB+oHfv3h87foIQoqiouGDeHPEMtKUQQjp36tixQ3vuS+np6V4XL4WH/fu/iEgVlUrGxkZNGjfu2bNHNU1N8f1kZGT889QnNDT01evgzwJB/Xp8Y2OjHhYWurp1CypbTEzsUx+fwMDnL16+5OvpNWvWtEvnTjKuY5STk5OQmPjoyZP8on7+zG2wenp6tWvV4ubPysp68s/TsLDwkNCwlJQUPT1dY2MjE2PjduZtCz2HjK+f/8OHj/8XGfH+fUKjhg0NmzQ2M2vV9o82EjMnJib6+vkHh4SGh/+bm5vbpEljI8Mmffr0Fr9EHPA8lJKa2tqsVU/LHoSQyDdv/AMC/fz8IyPfGBgYmBgbDbDvX1AD/5iW9vjxk+cvXgYEBFaqpNKyRXMzs5ZWvXrK+IlYM+zQrl2XLp1yc3Nv3Lx9+crVN1FRmhqa7dq1neLspKb2vWXl5ub6+voFh4a+fh3y/v37WrVqmhgbt2/frkXzZhL3HxMTe+XqtYjIN9HR0TVr1jQ2NjI2Muxp2UNiu5a9CtFKq6qq6uzkqK6ulpCQePjIsaDnL9I+pTVs0GD8uDH+AQFpaZ8UFRV7W/Vq3qyp+LHoYLWDh46k/vefoqLiJMeJ3DMcEREZ9PxFSGhocHBoVnaWqYlxixbNB9r3r1SpEvdUfEhJiYuLY2NYA4OC2GWzWrVqjRo2pNeZLVu3f83JIYSMHzdG4nJ6Rb2bsNtERmZmQEBgQGCQr59/JWVlU1OTjh3ai7Ri6QQCwTMf39DQsFfBwUmJSY0bNzYxNmrdulWzphJOWpEaUQlvwYSQ0LCwgoqtqaHJXSW30PrwR5vW4kUKev7in6fPnvzzVFFBoUWL5hPGjdHS0qJfma+f/6XLVyMjI3Nz8wwNG7ds0bx/v74F3YzkWFsIIWfPeUVERhJCeln2MDNrJX442WtLyW+y4juUsYWW7fOMLM8qEhXpCi8d96qenZ39zMf3yZOnfv7+NWvW7Ny547Ahg2n1yM7Ovu1957b33fj4eB6PZ2xsJH4j5pKlssl42ZEuMzPrfcJ7Xz9/+md8fDz3DmtibEKfuAo9zwkJif4BASGhYcHBIdnZ2cbGRsZGRh07tJfyYCAi6PkL7zt3hUKhgoLCJKeJ3McPWZ6LZG96RX3mAQAAgN+dQl5eXlmXAQAAAOTAY+fubTt2EkJsrHvv2LaFbV+9Zh2NHh07cjA9PX3q9Fni712/1p0G5wghI0aN9fHxLegoIx2Gr3BbStPJyR+WuC33/rZUIRefz9+6eQMLp1G3bntPnjqDEDJt6uRJjhPsBw2NiIhkr7Zq2eLsmZPcbNOnTWnUsMGsOfNFdn7lkpexkeGx4ydWrHQXeUlbW2vvLg+RzsS8vLxz5y+sXL2GTZrK8Hg8j+1bunbpTP88fOTY6jXrCvrsPB7vZZAfTRd0tgkhX7582bl7767deyXuZMM694ED7LlbUlJS27bvRM/AwQP7Zs+d/+DhI5F3mZu33bZlY0F9W1++fGlj3pF+urXuq4YMHiiSYcasOVev3aDfy/07N0VeDQwMGjzMgaZfvwhUV1fz8fEdMWqsyEcmhHz9+tXINP87vXH1UuPGBuylYSNG+fkHEEJWr1w+fJi06bzGTXB6+OgxIWTxogU6tWvPmDVXPM+eXTt69bQU2Zidnb11u8cBz0Pi+Tt17LB61XK+np6U47589dp+YH7BIv8NEc/gvnb9ocNHCSEjhg/lzhV289bt+QsXS6w8a1avsLHuw+2De/Hy1czZ8+IkjUBdvXL50CGDFBVFJ/C4fOWqeCUnhDiMGHbir1M0/eThPR0dycsaNWpiUvCHFv06goNDZs6eFxUtYQBB1y6d165ZJRJNFJeenr7AxfXWbW/xl6z7WC1xXSSyB68LF+ctWCSemc/nr1+72rztH9yNVtZ29JrwItB3337P3Xv3i7xLR6f2Lo/tLVs0F9keEhLq6DxFfBhlr56WT/55Sr+77Vs32dpYF/S5uM3w7JmTC1xcz5334mZ49dy/cuXKNJ2YlOSyaAmtxiLGjB45b84slpPatmOnx87d4pmNDA3XrlklErcrUhXiXt5r1NC2tu3PzT91inN6evqxP0/QE3739nXx6kcIuXrtOm2GPB7P9+kjGgfNzMza7rFTYnMzNTXZsXUzi+I7OU+9c/eeeDaKXSGlXD1KeDex6dPbafI08TM2epTDYpcFIgEDiV6+ej1j1lyJ53ykw/AF8+bweDy2paiNSL63YBGWlt337d4p8VgS68OcWTO42Q577r/34AGtIYyOTu3bN68pKSq6LnXzunBJ5Iitzcw8dmwR+Yxyry3S7ylFrS0lv8lyFamFluHzDFXQs0pB24t6hS8Uu6o/fnB35ux53Oga3afH9q0JCYkTHJ3DwsNF3jti+NBlSxaLNGHZK1vJH1pevw7uN2CwlE/H9inlmZAQ4nXh0rwFLhL3sHL5suHDhtA6s2+/54ZNWwghFt26eu7fw8327JmPw+hxNO0wYtgKt6X0wUP25yLZm16RnnkAAACgHMAUowAAABWF69LlrGuSx+NxezwXLnINDs4PmRh++z27RKynJiQktEevPtweOj6fz9JxcXGDhgw/dfqMxJ18+JCyyHUZNzpICDE2NhLJ5rFzN+tN09bWYtvdlq+6cfMW603jvpSSkuo8dXpGZibb8vnz5wmOzgsXubLODm1tLfbZBQLB+ImTWFxBVVVVymeXhUAgsB84lBsd5B6OELLAxXXu/IUS3xv0/EW/AYNZxyX3c/n4+C51W1HQQVVUVHpb9aJp7zuifaaZmVk0Oki/l//9L0Ikw917D2jC1sZafPRh6dm+Y5fE6CAhZPLUGSKdv58+pQ8YNIz1gvH5/B7dLVqbmdE/Hz/5x8bO/uPHj3IvZEhI6JRpM1nlad/OvFPHDvQLFQgEM2fP+/AhhWX+++z5AYOGso7j1mZmPbpbsMDekmXL94hFvHbt3svtMubxeEaGhjTNooPScWuXdF4XLva1H8QNbHDb7IOHj3pa2bx4+Ur6TlyXurG+4wb6+j26W5ia5kcor12/efDgEW7mBS6uLDrI4/E6dezAzl5cXNyIkWN8fP3EjkAIIf0HDGHRQW5DSEhIdHKewm3ghJBHj5/Y9R/IjQ6amprQo9y67S3eyyndh5TUk6fOiEQH+Xw+i/m9fh3c08qGRQeNDA179bRko7iOHjvu5DyV+xPMv06eZtFBbW2trl0601FcdNjHosVLuQcqRhWioqKiJ00WXTe0SWODoUMG0XRcXBztDRd34uRpmhjpMJxGByMiIu36DeB2OnPj08HBIVOnzxIKhfRPNgal2EpyNzl56nQf237sjHFry7E/T8jSiM6d97IfOIQb7zEyNGTN6viJk7PnLmAvlaQRyeUWLKOC6oPIlnETnVh0kJUnISFx/4GDGzdvZdFB7rcfEBi4fMVq7k5+o9pS7JssU+wW+vOfZ4qnSFf4IunUtTuNDnJr/rXrNx8+fMyNDnLPwF8nT5/88assUmUrORUVlZLvZJHrUm50kHuXJ4QsW77yyNE/pe/h5avXLDrYv5+d21JXGqIr0nORjE2vSM88AAAAUD5gilEAAICKgnZpTXKa2K+vbWMDAwUFhfsPHs6cPY92BGzeuv2Q5z5CiNtS11kzpvv4+tKfvRNCrl72YnFBndq16VRFy5avZD0Imzeut+rVU11dTSgUhoSGTp+ZPxTDdenybl27io98Yp13w4YM/uOPNnl5uZGRUdZ9rCQWe6nrIjtbG21trbi4OOcpM8LCwwMCA2k3U/t25uvWrtbT1RUKhUePHXdfu572qZ04cdJx4nj6diUl5dfB+fOFzpk9c8SwIdWrV6c/x3aaPC1/aJHHzrXuqwghQwYPbNeubV5env3AofSldWtWm5m1zN+VYuHzj+3eu5/1c01ymug0cXy1atUIIe/fJyx1W3Hv/gNCyIWLl/tYWVladpf4HTXQ11+8aEGb1q01NKqmpX1a6rachve8ve8+f/FSfOwUZdXLkoY07ty9l5mZxY3zPXnyDzen9927ImN3bty8RRMsyvhz0DO8eNECy+7d69evl5OTc/XajTnz8vvit2736NHDgv1QfdfuvfTE8ni8TRvWsvGFiUlJc+ctfPrMRyAQbNy01X114T28RbJ95y6a6NSxw/atm+i3mZOTc9v77qnTZ/ra2dSsWSO/JImJLouX0HRfO9ulri50mj46V97CRa6EkC3bdtjaWLNJemNiYrds20HTDfT1d+3cZtikCR0Sev7CRdclbmLFkcD71rX09PTr129u3e5BYxs7tm9mr9bQzi9eUnIyi9Xp6NT22LalRYvmSkpK2dnZd+7enz5zNv1Glrqt8Dp7uqCp9kJCQlmweZfHNlZh3sbHHz12PCYmdrKzI8t85+49FmabN3fWxPHj2FRyGzdvpQOYXJe4XbtyQbwTlgZg3Fev6Nq5c506OkKh0PPgYTq0IiUl9cRfpxwn5PeW5uTkLHVbyd64b/dOC4uuSkpKubm5AYFBExydixogjIuLW7JsOf3Gra178ypXjomJbdCgAX1VKBQuXupG92lqarJhnTvr6g16/mLajFkJCYlPn/lcuny1X19bmn/dhk00wySnibNnTqcnIT09/czZc3fu3ndZMI8duhhViHFbsYq2jgnjxxo0apienh4b97ZTp47VNDVbm5nRC+bfZ8+JDNmkExuy8WpDB+dHE4W5QvoV6OjUnj93Tp/evVRVVXNzc0+cPEWDQ2Hh4ZevXOvfz44Qsmb1ypkzpr19Gz9+4iT69ssXzql+64yuUlgAu4R3EzpdXo/uFpOcJjRr2lRFRSUiInLm7Hn0crFl244hgweKDOjkSk7+sMDFlaa1tbW2bt7Yzrwtrf+BgUEbNm3x8w+YOX0qzVDCRiSXWzB1+vTZg4elhWoKqg/iOXk83tbNGzq0b6+urvbP02fOU6YLBAIW0h43dvScWTMqV678+fNntxWrLly8TOPuQc9fsFF6v1FtKclNtoQtlPqZzzPFUKQrfDE0b9bUbdmSZk1NFRQUjh47TidsGDfRib66bs3qAfb9lJSUYmJip8+aQ0PmmzZvGzTAnjXhIlW2kmvSpPH9Oze/fP26fsNmOvxuxPChY8eMYhmkz1tAfzRw5u9zNN2qZYv169wbNmigoKCQk5Nz89btNes2VKqkMnjQACl7+N//IkZ+iw5aWnZfv9adXVuK9FwkY9OT/ZkHAAAAyg0ECAEAACoQkZkbLbp1XTBvDu1JfPDwkVAopP0Ompoa3J/kGzRqpKz8wzPDxUuXg56/oOnzZ0+zZbeUlJSaNW168fzf1nb96M/YN27esnnjeomF2b93V4/uFtILvG/3ThZI4/P57qtXDBw8jP6pra21y2M7XaFHSUlp/LgxQc+fX7t+kxDi4+vHOtTU1dX+PHroyZOnvXpZ6unqsj23a2e+aOF8Gglg0y4pKys3bNCA/tSa9rXVrVuHuy6LdG+iovbuO0DTixctmDBuLHupTh2dfXt2zpozj5bQbeWqTp06cJc0o7p26bxtyyYNjar0T01NjQ3r1jzz8aWd4M+e+RTUd9mh/felenz9/LiTjN24dYub8/qNW5MnObE/o6Nj2GiYLp0ldB+XqkOe+1hRlZWV+/W1VVZWosMKw8LDHz56TF+NiIj0PHSYZtuzawd3XaLatWrt3rmjU9fuAoHg1Jm/nRwnFNQzWzxPn/rQhMvC+bSnjBa1T+9efXr/EE+l4StCyB9tWm/asJYbHhg00D4lJYVm2LVn34Z1+YNFPHZ9H1h2/uxp9r2rqKgMGzK4dq1aE50mF1rCWjVr1qpZk61tqa6uJrHGbtq8jSZ0dGpfvXyBrSSkqqpq3ceqfr2zfe0H0REY585fEJ+llnr5+jVN9OppyQ0n6+nqui76YVxsVlbWKvf82XqnTZ3MrXKqqqpLFrtERr55+OhxVHT01WvX7fv3EzkQn8/33LebDctTUlKa5DTxdXAwbT6PHz9hAUKvC5fYaJ6L5/9u2tSUphUVFf9o0/ralQvWtv2LGiMkhEwcP26Ri4R5X8+dv0C7rXk8nuf+PdwJCVu1bOGxbQudrdd97ToaIIyKjqFH5/F48+bMYnMPVq1adcK4sdxLRPGqEBePx7t+5aL4ilajRg6nEQivC5eWLHZh1Zg6ey4/iNulcyfWdgybNPHcvycxMdHO1oYN91FUVBzlMMLPz5+GEB4/eUJ74atUqVKlShXupHMNGjSQfSxyye8m06ZOnjFtCjtdBgaNNm9aZ2NnT8N1YWHhElewo1gb5PF4ly+e506faGbW6tRff7LbolwakbxuweJLzYkrqD5waWtrnfrrz4bf4t8d2rebPm3KuvUb6Z9du3Resjh/5FOVKlXcV6149PgJvRkFBAayAOHvVVuKfZMteQv9yc8zxSD7Fb4Y2rcz37dnJ6sh48aOfvT4CRvN6bJgHouT1a9fb8M6d9aE/xcRyb7oIlU2uaAtkVUYLS0t2Z8JhULhqtVradrcvO1hz31smgplZWUb6z59elvR8he0h7i4OIfRY+lNpH078+1bNrFLQVGfi2RserI/8wAAAEC5gSlGAQAAKgqHEcPE13Xr1ev7lnfv38u4KzYpWa+elqzjhtHU1JjinP8L5QsXL6elfRLfw8AB9oVGB/l8vsgwu5YtmrMuob52trQ3jbHq1ZMmIiLfcLcbNmkyftwYbm8axUJTKSmpnz9/ll4YWXh5XaQJbW0th+HDRF5VUlKaNjU/3kOHGYnvYa37StYPRampqdn06UPTMbGxBR1aXV2Nra92//5Dtj07O5tOE2dqakInNgwODol7+5ZluP8gP7OlZXfZJ6uUizmzZ4qslkRHMbIZxtj8k3TYCu1P5/aCURoaVSeOzw+0/Pu//5VSaUNCJCxbyAgEAlbIRS4LxAcPjR41kiZevHxJEx/T0tgMftOnTRH53mltl1PZiUAgYIP5nCc5ssAGY2pqwobwHv/rZEH7+fr1K038738RmZlZUo7o6+tP43Y8Hm/q5EniGZwcJ9BESGiY+Kvz585i0UHG+ltDiIj8Pjsxm5ytV09LFh1k9HR169TRkVJOiRro68+eJTo9I3XyVP5snDOmTxFfrszMrBWd3i0lJTU1NZUQkpOTf8YEAkFc3Fux/X1XjCokYoXbEonRoJ6WPVjTvnz1Gvel7Ozs4yfyv+4Rw4dyX7Lo1nXY0CHi14Selj1oIvLHy2yxlfBuwufzZ8+cLnK6jAwNG+jr03Rswac9MzOLzUHqPMlR4uJqbM8lb0RyvAXLoqD6wNWntxWLDlKdO3Vg6WFDf1h9TU1Njd1kY2J+uBn9LrWlJDfZErbQ3+J5RvYrfDGMGD5MpIZ0t+jG0gPsf1gv08jQkMXIRZZ7/GmVreR8fP3YD7DmzJohPom9oqKilOhgYlLSqLETaei6ebOm+/bs5P6qrLSfi6Q/8wAAAEB5ggAhAABARcH94TBTQ/v7QITkpGRZ9pOXl/fyVf7PzAsaadTXzoalY+NEe9x4PF6xf43OuvtFujW5L4l0JxWkdu3v3cFJyTJ9dun+jchf3m/gAHvx0YG0a48t5xMVFS2egUj6jup+6+SVvrYQ60+8ev06WwLt2bfJA2369Laxye8DpTOdUre879BEHyvJU7yWHokr4igpKbEP8vZbIJN1b9WpoxP0/IX4v0/p6TQDN3QkF2yUzAIX1w2bthRUtbjfpjAnR7yEbOLZiIjInJwckR72vra28i22CFmONWhg/uiN4OCQ3NxciXlMjY1pIio6etCQ4be977AOZRGRb/K7aPX16weHhIqfkI8f02iGf/+V0HepoCDhPymsgSckJNIanpuby06s9FnaisR99QqJ7Tc3N5dd+niVeRKrIstM+4W5Y03s+g888dcpiUGL4lUhLnPztuIDMSk1NbWRDsNpmoUDqTt379OxKdraWhbduhZ2YgghhI1VjX/3Tpb80pX8blKQevXyowuJiQVeNrl7GzTQXvoOS96I5HULloWU+iAdN0qqX7++yKt169ahiffvE2Ta2y9YW4p7ky1hC5XoV3uekf0KLxc636oHj8fjLj1I1WdNOClJlr3Jt7LJBaszDfT127Q2k/2NQqEw8s2b0WMn0G/fwKDR4UMHRGKipfRcJOMzDwAAAJQnmGIUAACgQuP+eDmP5MnyliROZ41uXckDFKpWrcrj8WjXc3R0TLOmTbmvamlpifxYXnaV1dVpQnxmJPGVzMTl5uampv6XmJj4PiExSbZeJ9mFh+f310hZlqZRw4Z0isLIN1Ey7pYF0goK21BsgtCUlNSw8H+NjQy56wv27NlDTVWNLtJz7dqN0SMdCCEfP35ky4/JGB74CVgPNRtxFfztl+x/nTz918nTUt77Ni5evoWZ4uz0+Nsijvv2e+7b79m8WdN+fe1srPtwV+Lhfpt0kkkpEhOTdHXrsn43Ho9X7OYgIzaIQcqxdDlDUhISElkkgKtFi+ZdOnd6+OgxnQPWecp0Ho9nY927n53tH3+04Q6piYjI75EMDg4ZNGS4lLLJ3nfJHX6Rl5enoKCQxAmoFDpYSnb6+qJxEYobFKGz+Unx9u271mZmlSpVmjN75pat2+kIpGXLVy5bvrJHd4u+djY9unfnXsSKUYW4WxqLDbjkGjJo4L79nvR74a4e99fJ/PFzoxxGiExiyZWTk5OUlJyYlPT+fULQ8+d0Y1ZWtvRCyqLkd5OCsNqSm1fgZZMb8xMfDypCXo1IRDFuwbKQXh+k4C52KB4mV1Up/Gb0O9YWWW6yJWyhEv1qzzOyX+HlopJKfmWT+Guh7004t8B2UXqVTS7YRaORgayzklIPHz3u1Tv/Vwg8Hu/Po4fEhyyX0nORjM88AAAAUJ4gQAgAAABFE/f2e1+DlP4Cvp4e/UF9bGzZ/wA5Kyvrxs3bN2/dvnXbW2IGNuSu2IRCIQv5SOlrZj/zZz1H8lKlShVLy+7e3ncJIQ8ePDQ2Mvz69StdksfI0JAOUGjerOnLV6/9/AOSkz/UrFmDdQN17dK5tGNUsqtevTpNsHEAbFQHj8eT2JPIiE8yWULm5m337921yHUpneaLEPLy1euXr16vcl87yWni9KlTaMdu8ofvkSrxkRBc1atX19LSIoSwiV6LMQdmUcV8a4NSjsVd1extfLzE2IaSktK2LZvc165ncy0KBIIzf5878/c5A4NGa1evZIu9ccd8SD8h7duZF/0D5Yt/9/1aVGiAp+RSUlNZWvqHqlSpUoMG+VNcTp7kqKSouHHzVvbqnbv37ty9x+Pxli1ZzAauFaMKyU5fv36njh1oez/z91kaIIyOjmETHbOhb1wZGRl37t4773WRBgxKQ9neTVgbZPORSiGvRlRelfvaUqottEhK73lG9it82foJlU0uoqNjaKKuTvEvBQKBICYmVvwGV0rPRTI+8wAAAEB5ggAhAAAAFA33h8yCjAwWzhHxMe1jfv5q1X5W0ST799//jRwzjnV2UHw+v1bNmgGBgfI6ipKSEhu48FkgKChbenr+4kDaWpLPW0n0sbKiAULvO3edJzn6+vnT8tja5k8uamdrQ6dou//g4eBBA257381/Y++fPb+oFB/T8ief1NHJ74hvoK9P46lbNm2w7FHI0pVy16O7xYO73nfu3qMAbjgAACAASURBVL1w8TJ3dtZ9+z3fvn27fetmBQUFtiKUkaHh1ctesuyWVzl/urDs7C+lU/DvtKrnt0Epa1NlCDJYWkq0WFNTY8M6d6eJ4y9cvOx18SLro4yIiBw8zOHC+TN0yA6fnz+IdsK4sYsXLZDfR/mBupo6S3/5UuqnsY7O98jQretXZLyyKSoqOk9yHDRwwJWr1y5euszmSBQIBAsXuWZlZdH5P4tRhYrEYcSwbwHCc4tdFlStWvXsufyjWFp2Fw96Xbt+c/rM2dwtPB6vVs2aqqqqbCrFkivbuwk7uixTMsqxEZU/FaG2lHYLlVFpP8/IeIUvQz+nsskFixN/Spc8s3RBWrVsMX3alFWr19InnwmOzrdvXGFzqFKl91wkyzOPHA8HAAAAZQ5rEAIAAEDRsK5/QkhSouRZrYRCIetXKmi+vp8jJCR00NARtDfNwKDRcrclt29ejfw35P6dm2dOHWfZ5NLfYWJsRBMJCQWuz/Tu26i4Ro2KOQWcFN26daGJoOcvPnxIuXnrNv2zV09LmrDs0Z0mbt66/eXLlytXr9E/f535Rblnj63fZmxsSBNyH3YpI3V1NVsba8/9e54H+KxxX6mjk99Pd/XajdDQMG4lDwsPFwqFsuyzqEtMlQQbIJWQkFhQ8bhj/urx60nfoYFBo3lzZz15eO/C+TMDB3xfvG33nv00wb47ua8KycW+CEJIcvKH0jsQVbNmDbYKVHSMrIvhUTVqaI8dM8rr3JmH97xnzZjGtm/YtIXOaliMKlQk3S26sWFP127c/PLly7HjJ+ifI0eIzgF77rwX64Lv2qXzlk0bfP559DLIz/vWtdWrCplbtUjK9m7C2oVAIMjIzJQxs7waUblRQWpLabdQWfy055lCr/Bl5adVNrlo1DB/acmYIt4vqlWr1rVL5yOH89cdFAgEU6fPEvkRTKk+FxX6zAMAAADlCQKEAAAAUDSqqqp8Pp+mn/n6Sczz4sVLltavX5YBwiPHjtNRdL16Wl449/cohxF0ss3S0KRJY5pgU3eKEAgEAYFBNC3LpHZFVU1Ts2uXzjT96PHjCxcv054+Fq2pV49vampCCLl3/wH7Ybi5eVvuzHhlSygUPnqcf/YafpukseG38nN/zF5UlStXZum0tKL9nJ+pWrXq0MGDrlw8z2ItIaFhhJD69b5Xcv8AmYZxcIejFbX3sKi4HeVBz19IzMNWo9TRqS37HGLNmjbdsM59wbw59E82hIVNsOkfEFjss10o7hCi8H//LaWjcDVpbEATjx8/Kd4edHXrTp825e9T+cE5gUBAJ0IsRhUqEmVl5VEOI2j61KkzDx4+ohdGHZ3aHdq34+bMy8tbv3EzTS+YN+eQ575+fW1L6RJRtncTbrvw8/OXPbN8G9FvreLUltJuobL4mc8zVEFX+DLxMyubXDT8FiAMev5CZNCnLPR0dfft2cn2sMp97Y87l8NzUaEKeuYBAACA8gQBQgAAACiyLp070sTefQcyM7PEM+zzPEgTfD6fO8rn57v/IL/rZMwoB5EeW4klF5GVVXgexrztHzTx9JnPq9evxTOcO39B8G32UboMmNyxyUJ37d5Hj9XXzpabwaZPb5pYu36TyJafLDNDwpCdm7e82Yi6Tp3yq1mHb8vU+fj4FrsvTLduXZYOCQ0VeTUjI+PVKwlfmUTVq1dvZ96WpunaP+rqan+0aU23rFu/kY4Jk471dBNCTv99VjzDib9OyVgeLom1ulatWiwgvf/AQfEMWVlZu/fmDw3p0rlTUQ/KRqBW/jZvalNTUzb0Yd8Bz6LuUEYKCgrNm+XPd3f0zxPiGR49fhIRIc8hjCwAv3W7hyzzUhbEzKwVG4yopqZWvCpUVGwk0MtXrw94HqbpsaNHKSkpcbPFxMSyvuwxo0eK7CSzsJF2hJDsL9myl6oM7yZaWlqsGXrs3C09c2k3ot9UxaktP6GFFqqEzzPFJn6FJ4Tk5uYmJiZ+/fq19I4rouSVreSyinKeTU1MWPrI0WPFOFz7duZLFrvQ9F8nT/999jx7qeTPRbI3PfFnHgAAAChPECAEAACAIpsxbSpn4qOZ3BFCubm5Ozx2eX9b3G7ZkkUivc8/mUbV/IWgEn6ckezDh5RxExzZn3l5eRLf9fjbaLak5GRBwSsLUn16W7Gw3/SZc0WGNHnfubdilTtNO04cX68eX9I+Sop15LFZp6y+zS9KWVrmzzLK4nA9uv/sVf2ords9Ll66wt0SEBjosngJTVt068pOprl5W+s++YHPhYtcH/04eEsoFF69dt2yl/XU6bOkzPymrq7G+ou3bvPgzigY9/bt4KEOfv4B4u+6dv2mx87dHz6kcDempqY++zZUyMgof15Zt2X5JX/56vXCRUtEFip7/z5hkevStu07PX3mQ7doamoMGzqEpvft9+R28AmFwnUbNm3d7lHQZxFXpUoVmggLD6fzHAqFQjYwUUFBwW2ZK03fuXtv0+Zt3BOVnp4+Y9ZcVr1nzZxe0FFSU1M3bNpy5+49ke3e37awr0xTU4MNOtm33/PQ4aMi/enPX7wcM26ilbUdd1bGYhg/bgxNBAeHeOzczT3Ktes3x453LPitxTFhwjg2kGKS81SRoZ8ZGRm79+5v277TAc9DdItQKNy33/P4iZMis8P5+QfQE87j8Vi1LGoVKqq6deuw5s9GAtn37yeSrTLv+1jb5A8/TNz6+nXwrDnzJO6c1UBCyNOn+SWMiYktdDLGsr2buC1dTBNBz1+sWOnOjXZ8/frVY+futu073b13X46NqJypWLWllFtooYr3PCM72a/waWmf+tj269DZonXbDgUNqJW74lU2uahapSpNsJOTkZFR6M2rbt06To4TaHr33v3nzv+wdGVqauqMWXO69bCSPs34uLGj7fv3pWmXxUtevHxF08V7Liq06cn+zAMAAADlhnJZFwAAAAB+PzVqaM+bO2vFSndCyIOHj3r2tu5paVmPr5f26dPTp89efhuJ1bVL5+4W3cq2qC1bNqehsmXLVxJCjIyaZGVlP3r0+MDBw1ICfo0MGtJ3HTt+4mNamoZG1eMnTrY2Mzv11zFFxQJ/X6WoqLjCbWlf+0E0/GZt27+vnS1dhOblq9esX4nH401xnlQ6H5fUqKFtbt6WzXTXQF/fwOCHxQ4bNWxoYNCIDatq1bJFGQ7xnDNvweUrV1u1aqmmpvr6dcily9/jhXNmzeDmdFkw/9r1m4SQlJTUseMdLbp1bdasqaaGxtv4+Os3btJFp6Kio2973+lt1augw02fNsV1iRuNjljb9h/Qv6+SkpKvn39BU8KG//svXe7owMHD48aObvtHGx6PFxkZ6bFrLx3HYG7els2DamxkOHqkA13X7bzXhX+ePu1u0a1Rw4afP3/mfvtLl63wvpW/9KPjhHGnTp+h6YlOk3t0t6hfv967d+8fPX5SaDRaRH1OvNlh5Fgrq56PHj8JDg45duRgxw7tCSGdO3Xs1dPy1m1vQsieffvv3X/QqWMHbW2t+HfvvO/cZat2uSyYV7tWrYKOsmLVGrpupbl526GDB9WvX08gENy8dZsNdhwyeCDLPHzYkJOnzoSFhxNC3Neuv3Dpcntzcz2+bmJC0pN//mFXib37DrgtdS3Sh+Wy7tN73YZNtPzbduy8e+9+y5YtBIKMJ//8wz6UHFVWV1/htmzajFm0UXfv2bt/PzvDJk0UFBQi37xhwzvWbdjUt69t7Vq1/j57bsOmLYQQz0NHJowfY2RoqKCgEBAQuGvPPprTccI4tvNiVKGichg2jEVQ6PBi8Qn6atWsqa2tRWv41OmzFs6fq62tlZr63/UbN/86ebqgPdesUYOlFy5y9fXzS0hIvHXbe/q0Kdw1F8WV7d3EolvXLp07PXz0mF7t/3n2rEd3i3p8vfj4d+cvXKRVyGXxEt+nj+XViMqZClVbfkILla54zzOyk/0K//TZM/oUIRAI9h84uGfXjpIfvVDFq2xywSbNjoqOHjFqbMsWzc+eO5+VlX3P+yb7yYhEkyc5nfjrFP12Fri4Xrl6vU2b1poaGpGRb9gqsB679m5Y5y5lJ6tWLP/3fxHBwSGEEMdJk69dvkiv28V4LpLe9Ir0zAMAAADlBgKEAAAAUByjHEZUUq60ZNly2jfB4hzMsKFDFi0sxR90y2iys5PXhUu0G2vu/IXcl3pb9VJUVKDdKyJGj3Rg3egsahUQGBgY9LxNazMphzM1NTl54tjsufNp1ww34kW1NjPbuH6NhkbVEn+yAln3tmIBwv797MQz2NlYs9Fp1mU0vygt24WLl7mrIVI8Hu+Q5z4TE2PuRl3dupe8zs6Zv5B2Soq/ixAyxdmp14/DJUUMGmB/9ux5OtwhLi5uu8cu9tIfbVr379+Xhg8ZRQVFI0PDsPBwgUCwc9cekb1pa2tt2bieGzBe5DJfQ1OD5kxISBTvsuTz+Xu/LSlEVzXbsM59gcv3YUnck3DsyEHXJW40wFYoY2Oj1mZmdFhYVHT03n0H6PY9e/fTACEhZPOm9Rs3bqGdkmHh4eJ7dlvmOnLEcClHYSsq+fj4sjrGzJw+tf23Sc8IIUpKSkcPe7ouc6NNKTg4hPZvcnXt0lkkElxUSkpKe3d7THB0pt2XL1+9fsmZKnat+6o3UVFsPJ9c9Onda/vWTYuXuNE+X7rSp4g9u3bQEJG2tjaPxxMIBHFxcctXrBbJ1r6d+ZTJP/xWoKhVqKg6dmyvo1ObhbKGDxsiMdtil4X0ahkcHDJ67ATuS3PnzDpy9Jj4eloKCgrTp02hE3UKBIJj32Z89di5e5LjROkL8pXt3WTr5g2LXJfRsF9ERKTInLStzcy2bF7P/ix5Iyp/KlRtKe0WKl3xnmdkJ/sVnjs6sxir6xVbMSqbXNhY99m0ZRu95nNPzum/z05xdpLyRg2Nqn+fPjFj1lx6YXn46DH9OQIzYvjQRS4LpB9dXV1tz84dfWz7CQSClJTUGbPnHjvsqaysXIznIulNr6jPPAAAAFA+4O4OAABQ3qipqUveriqt002EqqoKSysoKIhnUFBQGD5syN3bN+z792UrM9EehK5dOnvu3+O+ajl3LiMuXuXKErcXKZuKioqUV5lGDRv+feqEqakJd2PzZk13eWzb5bGNTa+nrPTDr6Y6dmi/xn0lWySMEGJg0OjIoQPi0UHxs932jzY3r112cpwgctA/2rRestjl5Imj9evXK6i0qrJ9KOkse+TPIqitrdVPUoCwX19b9tFYZomkLDajqir5JRnXp+Hz+YtdFv559FCnjh24G4cMHnjr+hWJUVhTU5NLXmdnzZjGlp2jtLW1RgwfevP6lblzZknvulJWVj554tgUZyfuN9uqZYt5c2cdP3bYoltX7rqAhJDGjQ0uXTjrtsxV5Ig8Hm/a1Mn3vG+KDL5UUVGZPXP6+bOnLS27i4wqMDdvu9Z91a3rlw0aNeRuHzjA/uyZk2xpK1rTxo8bc+3KhZYtmkuM70qkoKCwfesmkZXPRo9y2OWxnf1ZWV3dbZnrsSMHLbp15RaPz+f3tbO9dePK6JEO0k/gzOlTb924YmPdW+TTtTYzO33y+IzpU0Xy16ihvW/3zs0b15ubt+Wecx6P16un5ZFDBw557qtaVUKwnHv9KejzsnSzpk0vXzxv3ceKHUJbW2vgAPtTf/05ZPBAi65d6EbZL4CFNkNbG+vbN68OGTyQe+mj392sGdP8fZ6wDtmelj0e3vceP26MSE4+n79pw9qjhz1FZkEsRhUq0qdTUlIaO3oUTTfQ1+dWPK7+/ew2rHMXKYClZffLF85NcXYaPGigxJbu7DSRzfhKWXTrevvmVfF4j8jV4yfcTaSoVq3anl071rqv4q4Ly+Px/mjT2mXh/JMnjurp6rLtJWlE8r0FS9+njMeSnk1KM1RX/37jK+3aIvLektSWkt9ki91Cy/B5hirwyZCzXfYrfLeuXdigND5fl8hASnXiLm0oqYTfK0DxKtu3AhT/oUVbW+vwwX3cJwRtba3lbksmOU4QySl+ng2bNLlw7m/nSY7c6Ry0tbUsunXdu9tj1Qq3yuqibxFvBbq6dQ8f3EfvcT4+vgcPHaHbi/FcJKXpFfWZBwAAAMoHhWLPUA8AAADAZGRmxsbG1tCuIT5h3S8iNTX1bfw7FZVKtWvVql69uixvycnJefs2/suXL3Xr1pHS4Sh9DzGxsSoqKrp16+Jn1wURCoVv3kRpa2tpaUmbqkvkLTGxscIcYfXq1YtX5RISEpM/JBs0MpA+WkXkiJkZmXp6epqaGrK85b///nv/PqGqRtUa2jUKPYpQKIyKitbW1pKxchbk48ePiUlJ6mrqenq60qtcampqUnIyX0+PG7orwoHS0mJiYqtXq6arW1eWtb7y8vLev0/4lP6pmma1mjVrlMbSpHl5eW/j4wkhfD09ue+8IPTSp6KiUkO7hvSRwZmZWdExMUqKinw+X8ZaV6QqJHdCoTAxMSkxKUlDo2odHZ3KsoXiMjIz38W/U1BUqMfnV6pUqRjHLcO7iVAojIqOUVdTq1u3jpSwHFPCRlSeVMDaUoYttBjPM0UlyxV+gYvrufNeG9a5DxxgXxplKEjxKlvJ5ebmJiUlf0z7qK2lXbNmDRneIYpW11L61or0XFRo0yvGMw8AAAD8phAgBAAAAAAAAAAAmYSFh9vY2fN4vKeP7yNADgAAAPD7wi/ZAQAAAAAAAACgcJ8/f3aeMoMQ4r5qOaKDAAAAAL81BAgBAAAAAAAAAKBwb+Pj4+LiHCeOt7O1KeuyAAAAAECJYIpRAAAAAAAAAACQyctXr5s1NZVlqU4AAAAA+JUhQAgAAAAAAAAAAAAAAABQgWCKUQAAAAAAAAAAAAAAAIAKBAFCAAAAAAAAAAAAAAAAgAoEAUIAAAAAAAAAAAAAAACACgQBQgAAAAAAAAAAAAAAAIAKBAFCAAAAAAAAAAAAAAAAgAoEAUIAAAAAAAAAAAAAAACACgQBQgAAAAAAAAAAAAAAAIAKBAFCAAAAAAAAAAAAAAAAgAoEAUIAAAAAAAAAAAAAAACACgQBQgAAAAAAAAAAAAAAAIAKBAFCAAAAAAAAAAAAAAAAgAoEAUIAAAAAAAAAAAAAAACACgQBQgAAAAAAAAAAAAAAAIAKBAFCAAAAAAAAAAAAAAAAgAoEAUIAAAAAAAAAAAAAAACACgQBQgAAAAAAAAAAAAAAAIAKBAFCAAAAAAAAAAAAAAAAgAoEAUIAAAAAAAAAAAAAAACACkS5rAsAAAAAv5a79+7PmjOfEKKvX/+S19myLk65de/+g5mz5xFCWpu1Onxwf+kdaPOWbUf/PEEImeQ0cerkSaV3ILn4vUoLZeXZM5+z572qVqnq5DihTh0d8QwfPqT4+vlHRkampv5Xrx6/S5dOjRo2LIuSgjwdO35i0+ZthBAb695r3VeVdXEACpGamtqthxVNe9+6VqtmzbIu0S8qJSU1LDxcfLuWllbdOnU0NTUKeuOr168dRo0jhFStWuXJw3ulXMxfRXp6+qXLVyMiIv8XEREVHa2upq6vX3/TxnXVNDVFcgqFwvadumZlZRNCvM6d5t4Hp8+c/eDhY0KI29LFAwfY//QPAQAAAL8KBAgBAADgBzk5OQKBgBDy6VN6WZelPBPmCOl5joqOKdUDZWVn0wMlJCSU6oHk4vcqLZSJ+Ph3DqPH0bSvn//Vy14iGc6d91qxag2tSNQS4oIAYTmQ9jGNfq3cLxfgl5WX972u5uXllXVxfl0vXr50nDSloFd5PF7TpqaTJzl27tRR5KUMQUaFuhrk5eVduXptlfvalJRU7vao6Oi83Fzx/Lm5uSxnrvCHDMnJH+ip+/LlaymXGgAAAH5pmGIUAAAAAECe/AMCbezshwwbmZOTUzELUKpCw74PNAkLD8/Ozua+evfe/QUurtwuY21tLX39+j+3jGXv2PETVtZ2K1evKeuCAJSB8n0NrGgEAoGPj+/Y8Y4jR4+LiYkt6+KUpZOnzsyaM5/F/IwMDXv1tBwzeqTzJEcNjQLHWQIAAABIgRGEAAAAAADy9OyZD50t7evXHGXlMnjeLvMClCpDw8YsbWDQSFVVlf355cuXpW4raNrU1GTt6pVGRoZKSkplUcwyduPm7YiIyKpVqpR1QQDKQPm+BpZvjhPH0wtXjlAYH/8uOjomIDCQvvT0mc+UaTO9zp1WUVEp62KWgXfv3rMbnLl52yWLFpqYGJd1oQAAAOC3h2dlAAAAAAB5io17W8ELUKr4enp/Hj107ryXRlUNx4njuS9FR8ckJCTS9M7tW+vV45dRGcteREREWRcBoMyU72tg+TZ29CgdndrcLWHh4StXr/Xx8aXp7R675s+dXXYFLDMnT52mCW1trb27PDQ0qpZ1iQAAAKA8QIAQAAAAAECeokt5XclfvwClrUP7dh3atxPfHhUdTRNGhoYVOTqYlZUlskIVQIVS7q+BFYqRoeG+3R69bfrS33/8efyvihkgZNNrT3GehOggAAAAyAvWIAQAAAAAkKfomOgKXoCykpScTBMVcNFBLjaMEqBiqrDXwPKqatWqM6ZPpWmBQJCYlFTWJSoDL1+9oolGjRqWdVkAAACg/MAIQgAAgN/e1u0e2dnZykrKgwcNqF+/nsirAoFg1559mRmZhkZNhg0ZLP527zv3/AMCCCH9+toZGxmKvJqRkfHMxzco6HlA0PNKysqmpiYdO7Tv2KF9QYVJTEz09fMPDgkND/83Nze3SZPGRoZN+vTpXVldXSTnAc9DKamprc1a9bTsQQiJfPPGPyDQz88/MvKNgYGBibHRAPv+mpoahX78kuwnNzfX19cvODT09euQ9+/f16pV08TYuH37di2aNyvocBkZGf889QkNDX31OvizQFC/Ht/Y2KiHhYWubt2C3hL0/EVAYGBAQNCbqCjDJo2bNWvWp3evQj+X7GeSysnJefT4yctXr/38/D+lpzczNW3a1LRfP7tCDyQiMzPrmY9PaFh4aGjov/+L4OvpmZqa9LbqJV43bnvfCQgM0qlde9TIEUpKSsnJH/z8A/wDAoKCnuvo6DQ1NbGy6mVQQDeWvEpLYyH+AQEhoWHBwSHZ2dnGxkbGRkYdO7SX+I1EREQGBAWFhYa/iYqiy9QZNmnSzvyP2rVri2cuatXKzc39kJISFxfHBm8FBgWpqeWvkFetWrVGDX84G0nJyX5+/qGh4SGhofHv3hkZGpoYGw0cYF+jhrbET5qbm+vn5x8SGhYcEhIZ+UZPT9fY2NjUxLhzp46KiorFKABFLyAKCgrdLbr90aa1xEMLhcJDR46lpKQoKChMGDeWW0LZT2nQ8xc3b90mhDRooD908CAJJ/zg4ZSUFEJIX1sb6UsrnT3nFREZSQjpZdnDzKxVXl5eYFAQISQmJpZmSEtLY8tWEUIa6OtraWlx95CUnHzo8FFCSCVl5aFDB+vp6ko8UEpK6rHjJ7Kzs3mVK0+bOllBQYG95OvnHxwcEhoWHhsbW716dRNjI2Mjow4d24u30AsXL9Pl0Lp16dyunbnIqxmZmTs8dhFCVFVVp06exNbWou1LVVXV2clRXV0tISHx8JFjQc9fpH1Ka9igwfhxYyR+WTk5OQmJiY+ePKF/pn/+zD0Penp6tWvVKurOC62o167fpD3XzZqa2lj3Kehbu3rt+qvXwYQQOxtrU1MTtr2o17oiiYiIDHr+IiQ0NDg4NCs7y9TEuEWL5gPt+1eqVImbLSMjY8fO3YSQDu3adenSKTc398bN25evXH0TFaWpodmuXdspzk5qamph4eEXLl5WUFAYPGhAwwYNMjOzTpw8+eTJ07i4t7q6de1sbQYNtJf9vDEluYvFxMReunwlIvLN+/cJhBA+X7dzp05WvXqqq6sVdE6Kd5vOzs5+5uP75MlTP3//mjVrdu7ccdiQwfQ0Zmdn3/a+c9v7bnx8PI/HMzY26typY5k8JxTpGpienu518VJ42L//i4hUUalkbGzUpHHjnj17VNPULKjkXIVekCW+xT8gMCjoeUBg0MePaaYmxs2bN+trZ1PQOqlFrb39+9kZGRoKhcKXr14HBAb6+voXehShUHjt+o3AwOdvoqKEQqGamlqTJo3797Vr0qSxeGYmLDz8+YuXwcEhUVHRampqJibGzZs169G9G/cKKXdNGn8vUkREJL2UFaqoz2x5eXn+AYGhoWEhoaEhoWGV1dWbNWvavp15d4tuEvPHxMReuXotIvJNdHR0zZo1jY2NjI0Me1r2kHi2i3ete/fu/fuE9/R+RLd8+JDCvbBzKRAFM7NWMpwYAAAAgHwKeXl5ZV0GAAAAKJGJTpPv3X9A+4Y2b1wv8urJU2eWLFtO0/88uifSa5+VlWXa3Iymz5w63trM7NZt78lTZxBC+Hz+3t07nKfMiIuLE9nn6FEOi10WiHRREUK8Llyct2CReAn5fP76tavN2/7B3WhlbRcREUkIeRHou2+/5+69+0XepaNTe5fH9pYtmkv/+MXeT2JSksuiJQ8fPRbf55jRI+fNmVW5cmWR7S9evpo5e574CSGErF65fOiQQSLdgkKhcP2GzQcPHxHJzOPxLLp1vXL1Gj059+/cFMlQpDNJCPnvv/+mz5zz9JmPyPYG+vo1amj7+QcQQkYMH7pqhZv4PrkCA4PmzHeR+AEXzJszyWniDx95zbrDR44RQo4dOZienj51+izxd61f687tMZdvaQkhXhcuzVvgIvGllcuXDR82hH0jX7582bl7767deyVm3rDOfeAA0XIWtWo5OU+9c/deQUW1se69Y9sWms7Lyzt3/sLK1WsEAoFINh6P57F9S9cunUW2JyUnL3RxlVhdzc3brl+zis/ny14ALpfFS/4+e54e2u/ZY1VVVfE8167fnD5zNs3z7MkD2jSKekoPHj6yZu0GQohFt66e+/eIv4Wd8O1bN9naWBf0QQghw0aMovVkl6IHvwAAIABJREFU9crlw4cNEQqFTYwLDOoTQjy2b7XuY8XdIhQKu1hY0pF2vXpa7tm1Q+IbV6x0P3b8BCGkU8cORw970o3JyR+WuC339r4rnp/P52/dvKFVyxbcjewSvchl/sTx40Te8t9//7Ux70jTTx7eY4tvcdtXjRra1rb9ue+aOsV5zqwZ4gVo1MREfCNDT5fsO5exot64eYs1/4f3vCX2vL9/n9Cpa3eavnj+76ZNTWm6SNc6j527t+3YKaUyc2VmZm332HnA85D4S6amJju2buYOM01JSW3bvhMhpFXLFmfPnFzg4nruvBf3La+e+1euXJndH6dNnTzJcYL9oKG0xlL0vcVo4MW7ixV0f2EHYulAv6fKyvm/DC7ebfrxg7szZ88TiUlY97Hy2L41ISFxgqMzDYFzjRg+dNmSxT/5OUH2a+DNW7fnL1ws8Qtas3qFjXUf6bEuWS7I3HpFCLl62WvT5m30UiCSf9uWjbVq1uRuLHbtPXhg3+y58x88fCTLUV6+ej1n7gI2M7PIeWDp6VMns9Ves7Ozt273kFiwTh07rF61nK+nJ/5Soe7eu+84aQpNcy+DXIGBQYOHOdD08WOH27czJ4T4+PiOGDWWFvhlkJ/IW4r6zJaQkLh4yTLxs0cI6Wtnu2rFsipVqnA3btux02PnbvHMRoaGa9esat6sKXdjUZ/rmF27927ZJvkOJVHkvyEs/fXrVyPT/PvRjauXGjc2YC+J3EZl3z8AAACUM5hiFAAA4LfHhqPd9r6bk5Mj8urVa9dZ+u490Z4pX19/mtDW1mrZ4odO7bi4OBs7e9axoq39ffzNsT9PnPjrlMiuFri4sr4PHo/XqWOHTh070D6muLi4ESPH+PiK9t1Q/QcMYb1+3KMkJCQ6OU/JyMyU4RwUeT+vXwf3tLJhvXtGhoa9eloaGDSifx49dtzJearI76j+Pnt+wKCh7IS0NjPr0d2CdWMtWbZ8z499l0KhcKLTZG7vLZ/Pb6CvT4d10uigREU9k+/evbftN4AbbzMwaETPQFR0NO0AksWmzdsGD3NgH5DH43FP44ZNW25735H4Rtely1l4gMfjcTsWFy5yDQ4O4WaWV2kJIYtcl3Kjgzwez8jw+zDHZctXHjn6J00LBAL7gUO5oSxtbS1uORe4uM6dv7CgA8lYtdg4Fek+f/48wdF54SJX1jfNLYxAIBg/cZLIFJHBwSGWvay5ndEN9PVZ3fPx8bXpOyA7O1vGAogYPdKBHfrWbW+JeY7/dZImHEYMo9HBEp5S+VJUVGSNVyJlZdHBHEpKSizgfeu299v4ePF3ff78mUYHCSFjx4z6P3v3GRbF8QdwfAEV9SxRbFEPEY1gNzZi7IqoKPbee+/d2FvsMdbYotHYG8aOvRt7RzGgCBZAISKixHDwfzEwbu7O8+j+5ft5eDHszu7Oze3t3rO/m9+Igqfnvdou9dXRQREJEPz9/Vu0artl67YEvBp9jx759u47UG9hEdVzXjX1W5DAnZt/otauVVN+Ltx3/2H0QLvcd4tCqZIlZHQw3neNT/L29nFr3EwdxlCHHO7e9ew/cIhOpzPc8GVwyOYt2/Sig1qtVu/3Ii9fBo8dN1EdHVQUpWhRx/h9wKU43cWW/bJC3l8cHRxatmjmWr+u+kBC+vTWMtYV7w6vUr2WiA6qT7ADBz1Onz6rjg6q27xp89bNBh+EpP6eYOY10NPzXr8Bg+UbVOk7J9mM8PDwwUNHvHwZbGJzMy/Iels1cGsqo4Pql3Dx4qUJk6aoa8b77L1+42bjZi1lfMv0UYJevOjRq4+MDrrUcW7Vsrn8cUO4SubMMVGx16/DmrVoIxum1Wpr16pZrmzMj8zOnjvfwK3pq1evTHRdQsgZ+PRGE35MXL+zeRw+4lK/oTo6qO72PXv3LVy8VF1/0+atMjpoY5O9erWqcuD1fS+vsT9MUFdOyLWuYMGCn3yxAAAA8UaKUQAA/u/VrFFdFMLDw69dv1GxQnm5Kjg4RB2JOeRxWO9nwvJxVYP69Y0mRKpdq2bvXt1LliiRLl06b2+fwUNHiEeBP/28qFXL5vKZ6bHjJ+QT1RHDh/To1lVmHps7f4EYqjJu/KQD+3bLBHqSeD41Y/qU6lWrfv11Hp1Ot/rXtXPm/STav3HTlp7d9cfcGGX+fnQ63Q8TJomHg8WLF5sza4YMLF2/cXPAoCEBAYEX/ry4Z+/+xo0aiuWBgYFjfhgvyo3cGk4YN0ZmLNyx03302HGiTxo2cJVZXvfs3ScfIDo715o5farYJCwsbNac+R8LIcSjJ39etEQ+bh42ZFD3bl3Sp0+vKIr/kyeDBg+7dfuOOb2nKIqff0x6xubNmvbp3cO+YEG9ncyYOadWzRqG54l4ANe7V4/GjRp+U7iwhYXFyVOnBw8dIXp4/oKFa1avkJUTq7WnTp/Ztn2nKH9bpvTsWTPsCxa0sLCIjIz0OHzkx1lz0qZN17JFM1Fh2fKV8hF27149evXo9tVXX4lRTRMmTRGfgt1/7K1ft66zcy3DY5l5av04fergQQOePHnarUdvseHe3TutYx9YZ4p9sG5llebO3bsxPTB0cLs2rbJly6Yoyp9/XuzVd4DotIWLl8ycMU3UiYqKGj9xsnyWPXXyxKZNG4uMZH5+/r+sWLlt+86xo0daW1ub2QA9xYoVdXKqePHiJUVR1qxd59awgV6Fv/7yFmsVRWkXewFJYJcmLgsLi4P7/ggJ+XvtuvXLV6wSz+tXLF8iK9gVMDIlYdPGjaZMnSHKW7ZsHzFcfwjs3n0xUXytVlutahXxXkycPFW+F/Pnzha5HHU6nee9ewMHDxefhXETJteoXt3oIJh4mDRlmnim3L1bl8KF7MPCwvz8n1SpUtlo5aOHD4SFhR086LFg4WIRN1q0cL5cm8Mmh/k7N/9ETZs2bft2bUWi1PUbNvbt00vvKqHT6db9vkGUO7RvKwoJuWt8ki5KJz62efLkHjl8WP16LtbW1lFRURs3b5k8Zbp4gr9334EmBmmN/f39xZj7KpW/d3Wtp8mY8fFjP8MH9PIC3qZVywoVykdHR/n4PBKjVOP6AVcz/y727NlzMZhSUZQfZ0yVOXtDQ18PGTZC3HpKlSwxZtSIwoULi7cjgR1eqmSJSRPHlyxR3MLCYt36DdN/nKUoStcevcTaWT9Ob9a0sZWV1ePHfgOHDBO/C5k3/+cWzZom5/cEM6+BC5fERHqqVP5+4YJ54toVGRl55OjxLVu3NXJrkDOn/idFMv+CbLhtQTu7H8aOKl+uXJYsmUNDX0+YNHn/gUOKohw9evzGzVtyHGS8z15xApt5lMVLlomUlcWLF1u98hc5uPDosRO9+8bM9jdp4rgK5cvLnyMsXbZcXPY1Gs28OTNd6jiL5YFBQcNHjL7w58Xw8PC58xbMmD7FsGEJ9Co0dOHimBPexia7OvZpVDy+swUHh4i3tVzZssOHDS5frqyVldXbt28nT50hzts1a9d1aNdW1NfpdLPmzBMb9u7VY+jggeJkDgsL27Zj57HjJ8eMGiEbk8CPnmv9ujVrXAsKCqpVp55YMnXyxO++q6iuc+/e/cFDRxhuCwAA8GnRAADg/1+nLt3tvylq/03R2XPnq5dv37FLLJd/f//9t1yr0+kqfFdZLD9/4U+x0OPwEVn5p58XRUZGqnd47/59ufbq1Wti4bt376rXcpGbGDavS7eeYu0u991yoUv9hmJh9Vouf/3lrbfJgEFDxNpOXbqbfu3x2M/WbTvEwpJlygcGBeltcvXqNbG2wneV5cJhI0aJha3bdtDrk+jo6OUrVom1I0f/IJa8f//++6o1xMI+/QbqdDq9TWbPnS+bLRfGoye9fXzkO7L2t/V69d++fde6bQexdvzEyaZ7MiQkZNWva65dv6G33MvrgTzEo0e+cvm0GTPlco/DR/S2+n3DJrlW9lhitTYyMrJ2nfqiZtsOnSMiIvQq6HQ62ec+Dx/Kg65es9ZwV/Ik+b5qjXfv3slV8TtF1Yd7+/ZdtDH3vbx+XfOb/5Mness3bd5qeO7t239A7vD0mbNGeyOuDdBz5OhxucmNm7f01k6ZNkOs6tW3v+EhzO/S1WvWioXde/Yx2gzZ4Xv37TfdYHmebNq8Vb18/YaN8qww54XP+HG2vBTo9VVUVJRsz7r1G8TCXe67TXTUq1eh8lM/bMQoubx7zz5i4apf1xi2ISQkRO7z+fMAuVz9+SpZpvyTJ0/NeUXCtu07xYbNW7YxWsHMnZt/ovo/eSJ3ePLUab36J0+dlscKf/s23neNRYuXioUDBw/9ZCccP3Fy85atb9680Vs+cPBQsZPhI0fLhS9fBqtvlD/OnGN0n+r7o/03RY8eO260Wpw+4PG71BzyOPyxT9OTJ0/Fqtp16suFCbxNt+/YRa8nu3bvJfth5apf1avU3xPkxyQ5vyd88hpYskx5sdbz3n3DtabF6YKsPq+6du8VGvpaXfPdu3fyO9gvy1eqV8X77DX/KPIeangp+2HcRLHqkMdhufCvv7zlUc6eO6+3SWjoa9mrvr6PTXahEceOnzB6GRQePPirZev2soL6Vfz550V5bVFvEtfvbOKN27R56yGPw3pf2CIiImQHbt+xK6Y3vH3kcQ2/4KnF78w3SvbAnxcv6a26dv2GXKte/v79e7n8wYO/1Ks+dhsFAACpDSlGAQD4Esgso4cP/ydD4IGDh0RBZhE8eepD9qR79+6L349rNBqZGUnSarVDBw/UGwji6OAgkmQqiuLn/0QULl26IsbNaDSa/n17GzavV8/uouB5777h2pHDhximB3StX18UvH18DDcxyvz9bN6yVRQGDeynNyWPoihly34rUmYFB4eEhISIoZm7/9gr1o4dM8pwCF2njh1E4eatW6Jw5uw5OU5u0MD+evPcKIpStkwZw5cQj54Us8eJ39S3ad1Sr36GDOlL/ncWHBOyZcvWo1tXvenTFEUpUuQbORbqsZ+f4Ybt27WRIwkkF5cPS549f564rb146bJMjDZsyCDDsRqWlpayz93d/5AHbd+2jV5NKyurAf37irIYOWp4uMQ6RSWHIkW6de2cP18+veVyZrLg4JA3b96I8rr1MVkuK33nVNXYuDGjY3/jpGaNajJPpl724PDw8HXrY8Z+de0Uk2Yz4V36mZCj2cLDww8cPKhedfXadZlAsknjRqKw/veY98KljnPpUvqzHmbNmqVfn5iP7e4/9oaGvk6sdk6ZNN7oxH5JvXPzT9T8+fLVrlVTLNyydbte/U2xl9zWrVqIsVYJvGuYo2aN6m1atzLMuVrHubYo+Pg8NLphQTu7oUP0064aat6sqXzJeuL0AVcz/1Lj8/CRKBheM+W7+cjXVya6TGCHt2vbRq8na9WsIcvNmv5nDktHBwd5PZEJHj+T7wl6PD09zaj1H/G+IM+cMTVLlszqJenTp28Q+xL07q3xPnvNPIpOp5P3UEeHIno7kUmAvbweyIXyW1DNGtUrf19Jb5MsWTL36NZFlB/89ZfRtplp34EDO3e579zlvmXrtjnzfurRq2+9Bo3k/JdOThXlhIgfE4/vbOKNa9umVV2XOnpf2Kytres4x3yfkZ0WGfmvPJZ/7Jdho5LhWgcAAJAQpBgFAOBLUDP2Ud0jX9/Hj/1EBqRXoaFiMpVqVau0atVCTKblcfiITEv1Ib+oa700acz9VmBrqxWPSAIDYwJgPg9jHlTZ2RW463nPcJNXr0JF4cEDI4+NLCyM/GLp66/ziEJAQGB0dLScQskEM/cTFRUl81hqMmqu37hpYp+PfH2zZ8/+6JGvXKKLjDSxibe3T2RkZJo0aR4+inl66+jgUNTR4WP19cSjJ2UMo1nTJiJXZ1IoUKCAiHcGBb0wXGv03clhYyPLL4JeaPPnT8TWynekoJ1d+XJlTVd+4O0tCs2bNTV6UIciRYoXLyZy4j165Ctz9kqJdYp+Uu7cuWQ56MWLTJkyiWxyYkn7dm0TfgijrKysunfrLJLX7dzlPmrEsBw5Yt6+fbGTmBYuXMjJKSanWcK79DNha6t1qeMsZl5cs3Z982ZN5SoZKO3cqYN44B4dHS0vHa1aNje6w0ZuDSZOnirKfv5+JbOaG543wcmpYtMmjRO+n0TcudETtX27NseOnxBzOgYGBeXOFVMnICBQTtnYqkVMvyXwrpEQuXPH/Nzh6bNnRivMmD7lk1cnjUYzbmycp9g02m9q5l9q5BxsT5/qv4q3b9+KQp48ueWPJxK9w/PEdqPebLVCAVutCIoEBgUlSgMS9yL8bZnSZ8+dFzPD+Tx81LZ1S/VMoqbF/4JsrHl5Y6O5H5uWUs8nz14zj2JlZeXo4CBeS0BAoEyzGVMt9tudre2H5TLs9/XXeYx+C3odFiYK3j4+MpAZDzNnzf3YqiqVv58z+8dP/iYmHt/ZTO8wb+yZJr/3FrK3l2vdmjQfPXJ4wwauWbNmMdw2Ba91AAAA5iBACADAlyB3rlzlypYVv7A+ffZsxwLtFEU5efK0WOtav15RRwetVuvv73/4yNG3b9+KOYEOHz0mKtSr62L+seQDx6joKFGQUZ+7dz1btDL1yMz8n/mrx4QlJPpiuJ/nzwPkEjHXlAlPnjwrV7asHKuhKErLNu1NbxIYGJQvX97Hj2N+p29vb2d+a+PRk96xwwhEBC4RhYa+DgwMDAwKev48ICgw5iFvdHS0mZurf4MfrUQnbmvlr/gLFbb/VF3Fy+uvTx60kL29iGap32vTEusUjYqKCgn5OzAw8HlAYFDsw3RJzooknrnH7xDmaNLITQQIFUXZvnNn394xU4utjx0u071rF/kak6hLU0TXLp1EgPC+l9fVa9fE6OEXL17u2btPVGjfLmaIpPrdyZfX+JC7zJkzazQa8Zb5+j4uWSIRAoTfGAycSkTm79z0iSqe3efJk1tEIP74Y68cFrNrd8x40wrly30TO5lZUtw1TIiMjAwKeiGuZtdv3BALIyL+MVrZzs7IjJV6smfPbjQYYOiT/fZJRi815cvH/DBi5y73Lp06FCtWVNZZtGSZKFSsUEEuTPQOT5surSikT29ksr0P3xOiYi/+n9P3hH59eokAoaIoK1auXrFydamSJRo3cmvgWt/E7INJcUGWvRcVFfWxOnE6e80/SrVqVUSA8OdFS+bNmSmjbs+ePRez4qmHEiqKcjd2tOWmzVs3bd5q4nBP/J+a3zYzFS9ebPjQwXIMrmnx+M5muPzdu4igoKCAgIDnAYEyxCi/AqVNm3bY0ME/LVgoBhFOnDx14uSptWvVbOTWoHatWhkyfPiFQTJf6wAAAOKKACEAAF+Ihg3qiwDh0aPHO7ZvpyjKQQ8PsUqkAnNrUH/Z8pWKopw9d96ljvOzZ8/F43tFUb6LHRgUP4Gqh56GIwnUKn3nlJADJYrgkBBZNt3atGnTFixopyjKi5cvzNwkW7Zs2bNnVxTFzy8mr1qePHnMb1tce1Kn08kEbnK8TkJER0efPXf+kMeRvfv2y8eg/6mgmBsgNJSIrfX1fSwKefN8bf5BDdPJSnJkjww9JrWIiIhDHkc8Dh8R0SlD4kGkephIDpNPrhMoc+bMPbp1Xb1mraIoa39b37N7tzRp0ly7dl08QdZoNG4NG4ian22Xxk/FCuXlSJoNG7eIAOEu991ibfVqVeVIEf8nH556m4giaPPnF3uTF4H/a2aeqGJMUsf27ebOX6AoyqYt23p072ppaanT6TZu2iwqdOzQTm6VPHeNt2/fHjt+Ypf7H6fPnI33TuLH/H6Ln6+yZm3TquWWbdvFAKZePbsXsreP1EUePOghQ18DB/SV9VP8Np3iDVBzcqq4cvnSseMmiCzriqLcun3n1u0702bM7N2rx8D+/dQBHrVkuyAnw9nbpLHbxk1bwsPD9+zd5+vr26J5s/TprZ88ffbrmt/E3b9N61aFC334CY4cfajRaIxGhSV1WDEeRo8c/tVXX4nkBDly2NjaavPny2eYSNyEeHxnk7wePNi798Ahj8NG71wy4K0oSt/ePa0sLcUVTzh2/MSx4yc0Gs3E8T+0aB4zHv2zOvMBAAAMESAEAOALUatWjSnTZoj4X1hYmIgUilEd4pGEi4uzCBAePnLUpY7z6TMxkxE2bdIoTk9eDGm1MaOIunft8sPYUYnxapLQ16qI3eGD+8RzKNPkVFKODg7797qbc5T0sY8X5RRQ5ohrT6oTbf3zPg4HMur167B+AwbpzRhnY5M9X968Pg8fGY0XxkkitlY+0Xsd9olp3qysrOSIrjcffwlhYTHzgdlkz5aQhpnpwYO/OnTuKp9NC1qtNlfOnHKmJSFrlg+jlN68eWMiIJdw7du1EQHC4OCQo8eO16vrIqeO69ihnXxi/nl2aUL07NFt+MjRiqLs2btvzOgROWxsREJmkV9UVvsqa1ZZDn/7Nls246/rVeirmPpmXFs+c+afqEKzZk3E43J/f/9Lly5/953TuXMXRFxBo9E4166l2kmS3zUOHPQYOHioeolGo8mVM6e1tbXMEplE4tpv8TN1ysT3//4rgtkrV/2qXqXRaBYumGdfsKDq6Cl8m07xBuipXavmqeNHjx0/vvuPvTLduhhQ+OTJk4UL5hsdj5hsF+RkOHsdihTZtmVDA7emMj6qXuvsXGvCuDHqJQXt7ETM7Kd5c5xrG599M1E0cmsopz2On3h8ZxPDK2fPmS9ugpJGo9Hmz/8q9JVhDlhLS8s+vXu2aN5s3/4Df+zZKzswPDx89NhxERERYo7bz+3MBwAA0EOAEACAL0T+fPnkpF/nL/wZGRkplru61hOFEsWLi/xv7rv3/Dh96tFjJ8Tyui51EnhoOcLm/yI/Us6cOT7kAHzsV8aMh/gy49x9Ly+dTvfJ+W8URbGNndDIzImFhHj0ZOHChUQCK6OzA5ovNPR1uw6d5XCxnt27VqlSuVTJEuLFduvRW8xnaaEkaKa9xGptIfuYB98ylasJxYo6Xr5yVVGUgICAj9V5FjsupFChJEznKHh63mvTvpM4AwsXLtShfdvK31eSj/ILFSkmCuLxdP78+eSGT58+Uz/xT3TqCfl+W/d7hfLl3XfvEavatWmtrpnALjWRTC9F1K/nMnHyVPGObNu2o3jxYuJjq9Vqq1apLKvJ57yKogQFBsln0Go6nU5+5A0zVSZszFhyi9OJKuTKmbOBa739Bw4pirJ1+87vvnPavHWbWNW5Y3v1L1GS+q6xc5f7qDHjRLl6taqNG7lV/r6SmFnz+o2bphP9JVA8+i1+Xrx4ef36DfEzjpw5cvo/eZI5cyaHIkXKlf22Y4f2YuJMKcVv0yneAEMZMqRv2MC1YQPXsLCwA4c8Fi1eKj68+w8c6tOrpzprq5Q8F+RkO3vPnDknCqVKlgh68SIs7E0h+4KFCxdu0ayJk0FiiaJFHUSA8DMfFB6/72yKooz5YcLOXTHRxPbt2tSuVbNChfIZM2RQFGXV6jWz5sxTFMXSUv9jmyOHTZfOHbt07vj06bNd7rt/XrRELJ8z76d2bVtbWlp+hmc+AACAmpG5vgEAwP8ptwauonD69NlDHodFuXbNmB96W1hYNHJrKMrHT5yUP5mvXPn7BB5X5OFUFOXK1WuhoZ8Y0fU5KBI7D9bZs+fMqV/A9sOD/itXzRr/kffrmNSXdz09dTqdmQ2LR08WsLUVhXv3EzSq4PiJEyI6qNVqD+3fM3BAv2/LlDbzsZr5Equ19rEBwus3buoN0zFUpMg3oiAz7+kJDw+/eu26KBe0i8OckfHz2/oNInjgUsd5987tHdu3M/GU2crKqnDsLHF6gzuTQtcunUTh8pWrs+fOF2XX+nX1pmiKX5dqNBpRCAyMz0xsScfa2rp37IR5v2/ctGFjTErMHt26qKfStLa21sYG/v+8dNnorm7evCXLdgVirhuZM8eEaoKDg5PmFSSJOJ2okowl79m7z9vbRybYbNmiubpakt41oqOj5dk7asSwNatXNG7UUMRXkkH8+i0exo6bIEI1+/a479/rfuv65XOnT6xZvaJ/vz560cHP4Tad4g0wIXPmzK1bttj3xy6ZAdLz3n2jNZPhgpxsZ++1a9dF0Ktb187uO7edO33i1vXL7ju3zZ39o2F0UFEU+9hAl3rA5ecpHt/Z/Pz8ZXRw88b1UydPrF6tqogOmilfvrwDB/TbviVm9Hl4eLjIMv05n/kAAAAECAEA+KLUjk36dPL06QMHPcSMJurnSnViM7zNmvPh0X+cnoAYVaJ4cfHoPzw8fMWq1QncWzKoXq2qKCxYuDjoxaeHsmXIkL5C+XKiPGv2XHPGP8kIVkBAoOEEQu/eRYi5o/TEoye/iQ127tzlHhKiHyp78vTpkaPHzdnPufMXRKF508Z58+pP7PfmTULziwqJ1drixYrJ8m/r1puu7FSxgihc+PPi7Tt3DCvs3LVbJlD9tkxpcxpgJqOZVE+einm62rlje72Zrt69izCsL6cIXbFy9d9//53wBpggJuQTZfm0tGOH9nrV4tel2vwxI/Due3mJNMhqfn7+z59/dDxiUmvdqqUoBAeHiMGyYo4uvWrVqsYMKFy+YpXRN2vF6phMj1qtVmbJK1AgJi5+7doNw02uGluYWIw20kxxPVGFihUryDDqD+MniUL1alVtbbXqakl613j82E/+bkCdJDa28e8S93B64tdvcRUZGSnvLFevXv/3339N10/x23RKNcD8a2C2bNnkxdbEHHsJuSCbI9nO3gsXL4mCt7fPk6dPP1Vd+T52hryLFy+ZHyMMDw//5I94El08vrNdunxFFCqUL1exQnm9tW/N7vayZb+VP4VJnz795/DRAwAAMI0AIQAAXw77ggXFb9tljruGDeqrK5QuXUr8QN7f318sSXh+UUVRsmbNMmrEMFFesXL1mrXr9B7H3Lh5q3PXHnVd3QKDPouRQ927d5UDBXr36a+XpvLt27fLlq/hr7YGAAAgAElEQVSsWKnKqtVr5MJJE8eLwq3bd0aPHf/mzRv1Js+fB4wdN6FipSpySEGVyt/Lp+RTpv348NEjWTk09HX3Xn2MPl+LR0+2ad1Srh3zwwR1wx48+KtZi9byvTYtc6aYESfPnj9XL3///v30H2fJebOilQQlSUys1ubN+3Wv2CFfy5avlKEsISQkZNCQYTVq1xV7q1+vroxRDRw83OvBA3Xlo8dOiMk7xVx0emGMeMiUKZMsX7gQcz48fuwnB5JmyRwzi1XAfwfSvXwZ3LV7T/lvdGw+yn59e8uFffsPevnyP6PQDhz0qFyt5sLFS81vgGk9e3RT/+vo4GD4tDR+XaoenbloybJoVcLNc+cvNGzcLOHzXMZbjhw2rVr+Z4hbt66d1T0pDBrQXz7q7T9wsHo4SFRU1KLFS4/GRrgnjh8rB+DKjLhXr12TI+rEW7x6zdreffsn+suRLb/v5SWuFTqdzpx8vGpxPVEFS0vLbrHjUOV1o327Nno7T9K7RkZNRll+8fKletWdO3eHDBsR1x3GSfz6La7SpEkjP1ADBg1xLF66Ru26LVq17daj9/CRoxcsXHzw0GH1ByrFb9PJ2YBPXgMPHPRYvGSZ3rU0JCTkz9iYmaOj48d2HtcLclwl29krz5/TZ85Wr1mn1LcVGrg1bdexS+9+A6ZMnbFm7Tq9yQ6dnCq61q8ryqPHjjvz3wQMOp1u/4GDzi6u/QcOkf28dfuOUt9WqFipysDBQ5M5s3Rcv7PJqF5AYJDevdJ9955FsW9oVFTMx1an061YuXrDxs3v379XV7585ar43Gk0GvEbkRT/6AEAAJjGHIQAAHxR3Bq4Lli4WP5bq1ZN9VorK6tGbg3X/vZhxJUcS5dAbdu02rxlm3icNGPm7N179lZycsqvzRcYEHTu/Plbt2PGGC1fsWrShHGJcsSEyJghw5RJEwcMGiIeHtWqU69JYzeHIkUsLCx8Hj7cvmOXqDZrzrxGjRrmzpVLUZSijg6dOrRfv2Gjoii73Hefv3ChVs0ahezt37x5c+v2nWPHYyZ0nDBxytHDB0RXD+zfR0wj5O/v36RZqzrOtbJnz37v3n3Tecni2pPa/PmbNW2yy323oijHjp+o6+pWq2YNCwuLq1ev6z3dM6148Zgxedu278yfP3+NalUtraxu3ry5+tffEnHCocRqraIofXv32rhpi3gSN2rMuH37D5YvXy5rliw+Pg/F26QoyuKly+fMmmFpaTll0oRGTVuI98K1YZNGbg1FzEb93mk0mn59eps8plly5sghy6PHjrt0+XJAQODhI0cHDug3ZNAARVHKlCklunTi5KmKojg6FomI+OfMmbOrfl1rNEKWO1euUSOGzZn3k3j46OrWuH69ug5FirwKDT158rSIwSxavLRJIzcxUu2TDTCtfj2XH2fNlmM+unXtZFgnfl2aN+/Xjdwa7tm7T1GUNWvX3fW8V71qldDXr8+eOy8mT01ZnTp22LZ9p/y3fVv9mJaII44YPmTK1BmKopw6faZOPdc6zs622vyhr19fuPCn/HhWr1a1Vs0aciuXOs5i/lcRUWjapFHRoo4PH/qePHUqTnOUmq+AKs7dvkOXunXrnDl77u5dz/W//Vr5+0pm7iSuJ6rUyK2BjBCLGfJqVK9mWC3p7hq5cua0sckuzuH+A4eMHjncxiZ7SMjfBw95bNq8NU67iod491tcDR0ycNCQ4fJff39/wx9YzJszq2mTRqKc4rfpZGuA6Wug14MHAwcPVRRl1a9ru3bpVLFCeY1G4+Pjs3jpcnHOODlVtC/40VzTcb0gx1Wynb3VqlaWE1eLHz0Y3oXLlS27cvmSr2Knah4zaqTIThEcHNKlW8+aNaqXLFkia5YsT54+PXjIQ1zNHvn6Hjl6rF5dF0VRZvw4W2x44KBH186dypb9NhHbb1pcv7MVdYwZOu/v7z9sxOju3bqksbLy8/ffum2HYRIIRVG279gpzoHVa37r3q2zo4ODhYXF1avXlv6yQlTo2b2rrJziHz0AAAATCBACAPBFcXauJQOETk4Vc+XMqVehjnNtGSCsXaumnBwrgaysrNatXT1u4iQxgObuXU/DJ/7Vq1UdNmRQohwu4erXc1m4YN4P4yeJJ7a7/9hrWOeXpYtEdFAYO2ZklqxZliz9RYzRNHxUp9Vql/+yRP7bpHGjO3c8xfOp8PBw9SFKlSwxd/bMuq76CQzj15NjRo14/NhPPJfUa1ib1q2qVa3cb8DgT3ZIA9f6q35d4+3toyjKTwsW/rRgoVxV0M7O1bXe0mXLP7kTcyRKaxVFyZIl8/atGwcNGS7afPrMWb2neO3ath47ZpQoFy9ebPPG9UOHjxRPMEWMSq1c2bJzZ/9oOHFXPFhYWAwc0G/xkmXifV//e2y0csmy3j17ZMiQvm+fXu6794i1w0eOVm9br66LpaWFeAKr1qN71/fv3/+8aIl4MisnyRNsbLIvXrhAPoz+ZANMt9/a2rp9u7ZiwIRGo3GtX99otfh16dDBA8+dPy+efV+8eOli7HgdRVE6dWxvYWGxbv0G081LOkUdHcqVLSvOzJo1qtvZFTBarWP7dmnTpB0/cbJ4L7Zs3aZXoU3rVmNH/2eUj7W19ZSJE3r3i4nOuu/eI04AYc6sGet+35i4IdKiRR3la3nk67t8xSqx/JflK80PEMbjRBW++uqr5s2aynG9nTt2MDqbaZLeNX4YM1q0+e5dz05duqtXDR825Ld165Mu7WG8+y1OXoWGqpMiihGKr8Ne672uEaPG2NkVEON9U/w2nWwNMH0NtLSwdHRwuO/lFR4eLm7oajY22X+aO1s9+aihOF2Q4yF5zt6r164HBASI63zFCuWDXrx4/TosJCREHca+eu3asBGj16yOCXrly5d3j/uOYSNHi9vuiZOnDHMh9OvTy6WOs+HhIs2ejDmxxOk7m51dgVYtm4vfiOzbf2Df/gOymkajGTli6OQp09Xb2tjYaDSa8PBwf39/vVUivb96pGmKf/QAAABMIMUoAABfFEcHB5nZske3LoYVypcrK8eK1a/nYmJXmowZTaw1lCOHzYplS+bPne3kVFEmaxLPVlzqOP+2ZtWa1SuMxiOtrdOZ3rOFhYU5DYjrfho2cD3isb9Vy+bqzIeKohQuXGjIoAFXLp7Te8iVLl26oYMH7tqx1dm5lsxQKjg5VZw5Y9rhg3sLF7KXC62srCZNHDfrx+lyUjfxJHfY0MGbNqwvXLjQx4ZvxrUnbWyyb1i/plfP7nLOM41G4+xca96cmTOmTS5TprQ8JUzIkCH92tUrG7jWUy/Mkyf3mFEj9u91b9+2tWhJGmMP+tNbfyLmpJYorRUcihTZvXN7n949RWZduf+aNaovX7Z42pRJ6vk1K1Yo73Fgb6+e3eX5L1QoX278D2M2b1xn4nluXE+tPr16dOvaWb2kZo3qRzz2i+BcIXv77Vs26jWjVMkSSxf/vHTxz02bNBZL0lh9+CWflZXVwAH9tm3ZUK1qFfUpUbx4sU4d2x8+tF9OCmhOAz7peWya2a5dOpnYJB5damurPbhvj8xTJ1SvVnXRz/MnTRhXN/YTZ/4ZpTdVmHU669g9fHQKsY/R6XRyRtKuXYyMmxQsLCzatml1/Mihpk0aqS8dNjbZq1erunrlLzOmTTbMTersXGuP+45SJUuo6zdya/jHru3NmzV1a+BqomFx+nzJRi5cMK9a1SrqhZ06tl+6eKFeTRM7j8eJKrVt00qWWzRv+rFDxPuukT79J6bObdLYbc6sGXoXamfnWnt37+zXp1fLFs1NzDNnne4Tn3fT98eE9Jv5l5qhw0aKuNTCBfO2bPp9y6bfjx4+cOnCWW+vu2dPHZ85Y5rsz/MX/pSbJ8VtOmNGzcdWGXZysn1PMHEN/Oabwnt275g0cZz68yjaMKB/3xNHPeS96WPiekGOeQlmnFdCUp+9iqJcu3a9W4/ewcEhTk4VTxz1WL3ylz3uO04e87h1/fKdm9d2bNsshgCKodIRER/mzixevNge9x1DBg3Q6z0bm+zt2rb2OLhv+LAhMrzaOzYTeLmyZU3P72sd9yu2HsMOiet3tonjx/Xv10ddTaPRdOrQ/tjhgx3btxPtT5s2rVhVx7n26ZNHu3XtrPcFUqvVzpszc93a1Xq/ioj3ma/XHlEw0V3qnev52FYmZtwEAACpgUUCJz8AAAAwFB0d/fx5wOuw119l/SpnzhxGh498Vt6+e+fn55cuXbocNjnMHEb2999/P38ekDlL5hw2OT4ZdxH7L2BbwMwIjRTXngwODgkJCbG3LxjvPg8PD/d/8iTy30gbG5s8eXKbGZ2Nn4S3VhI9nDtXrmzZsn2ycmRk5GM/v3Tp0uXLm9f0SJEENunZ02cWlha2Wq18qqgWEhLy5OmzdOnSmtlsITo6+umzZ//8808BW9s0aUylA/lkA4wKCAisXC0mNfHZU8e//jqPOVvFtUt1Ot1jP7/3799/U7jwZ3J9OHjosEg7XNDO7vChfWaeGOLEy2GTI0cOG3PqR0REPHz4KHPmTOYHwhPi1atXgUFBGdJnyJ8/X7xP9fidqHGVFHcNnU4XGBgUGBSUJUvmr/PkyRjHX70kUNL127Nnz6vWqK0oSrWqVdb+utJonYWLl4pxwJ06tJ800UjewhS/TSdDAz55DRQXondv3+XPnz9r1izxOIT5F+S4StKzd8KkKWJE3Y5tm42G7v7991/H4jHLz589qc6moG7hYz8/XaQuW7ZsH7sA+j958vbt28KFCqX4dd7M72zv379/8vTp69dh2bNly5v3a3Pe03fvInwfP7aytNRqteZ8x0vxjx4AAIAaAUIAAAAAMebM+2nFytWKojRwrbfo559SujnJp1HTFiLt2/Spk9UD4IDPjcfhIyIVs4kP6cjRP4jZXhcumNfQ5BBVpELOLq5ipkyPA3vVQ/AlX9/HtV3qiyFxJ48lQlJcAAAAfJ5IMQoAAABAURTl9eswER1UFKVzpw4p3Zzkc/HiJREd1Gg0jRs1TOnmAKaUKllSFPYfOPTLipXqSePEyOxZc+aJ6KBGo/m+0ncp1Ex8vipVchKFPv0GenreU6+Kioq6ePFS+04xOepbfjxFMAAAAL4AjCAEAAAAoCiKsurXtbNmz5UTTaV0c5JPtx69T50+oyhKzx7dxowakdLNAT5h4uSpGzdtkf86OVX8Ok/uf//9NyAg6Oq1a3L5xxJIIpXz9vZp1rKNDC0XtLMrVNg+a5asISEh9+7fDwgIFMvr1XVZ9PN8cmACAAB8wQgQAgAAAFD++eefqjVqBweHKIoyf+7sJo3dUrpFyeS+l1cDt5hRMieOetjaJsfsgEBC6HS6hYuXLl22/GMVqlWtMnzo4BIliidvu/B/w9Pz3rgJk27dvmN0rUajGdi/b8cO7dKnj9vEyQAAAPj/QoAQAAAAgBL04sWevfsURbHJnr1xIzdLy9QyGcGt23cuXb6sKEqxokXJx4j/I2/evDlw0OMvb+9nz54/e/bM2tq6UKFCdgVsy5cvx8BBmOPmrdsnTp569MjXz89PFxWVL29ee/uC9gXt6rrUyZQpU0q3DgAAAEmOACEAAAAAAAAAAACQiqSW3wUDAAAAAAAAAAAAIEAIAAAAAAAAAAAApC4ECAEAAAAAAAAAAIBUhAAhAAAAAAAAAAAAkIoQIAQAAAAAAAAAAABSEQKEAAAAAAAAAAAAQCpCgBAAAAAAAAAAAABIRQgQAgAAAAAAAAAAAKkIAUIAAAAAAAAAAAAgFSFACAAAAAAAAAAAAKQiBAgBAAAAAAAAAACAVIQAIQAAAAAAAAAAAJCKECAEAAAAAAAAAAAAUhEChAAAAAAAAAAAAEAqQoAQAAAAAAAAAAAASEUIEAIAAAAAAAAAAACpCAFCAAAAAAAAAAAAIBVJk9INAAAAicPf33/l6jUREf+0ad2iXNmyKdKGFq3aPvjLW1GU+XNn1XGunSJtePky+NLlKz4+PiEhf9vaaqtVq1LI3j5FWoI40el0lapUj4j4R1EU951bP8N3bf2GjfPm/6woSgPXejNnTEvp5gAAAAAAAMQfAUIAAL4E0dHRXbv3fuTrqyjKLvfd58+ezJ0rV/I3I+zNm/DwcEVR/v03MvmPrijKzl3uU6b9KNogjFfGfIahJhiKiooKDg6JKeuiUro5RoS+ChWnlvoEAwAAAAAA+H9EilEAAL4EoaGhIjoo+Po+TqIDDR85uq6r2+4/9ibR/hPi+ImTo8aMUwdvbGyy29kVSNFGIcWs37Cxrqvb1Ok/pnRDAAAAAAAAPjuMIAQA4EuQNWtWrVbr7+8v/rUrYJsUR3n//r0IDaqDkZ+J9+/fT5g0RZSLFy82c/pUR0cHKyurlG4XUswhjyPe3j6ZM2VK6YYAAAAAAAB8dggQAgDwJbCwsFi/dvWqX9e8e/euTetWuXPnToqjBAQEJsVuE4Wv72PZvCULF9jaalO6RUhh3t7eKd0EAAAAAACAzxQBQgAAvhC2ttppUyYl6SGePnuWpPtPCDmo0dHBgeggIiIi5IyGAAAAAAAA0MMchAAAwFxPn36+AcKgFy9EgUkH8ZmPdgUAAAAAAEhxjCAEAOALcenyleMnTiqK4lCkSNMmjeTyI0ePXb12PU/u3B07tLOysnrx4uXlK1evXL16/fqNPHnylCherG5dl8KF7E3v/N27iOcBzy9dviL+ffr06dVr1+TaYkWLZciQ3nCrBw/+unL12tVr1x4+fFS4cOFiRR2bNW2SNWuWjx3lvpfXjZu37t71fPTIN3369MWKFS1VsmTtWjUsLCw+tkl0dPS169cVRXn82E8sCQ0NVbetoJ1d9uzZ5b8RERHnzl+4f9/L89794ODg/PnzFS3qWKxo0e+cKhoe5b6X1+4/9lpYWLRs0cy+YMF37yI2bt587twFf/8n+fLldWvYoEXzpoY9fP3GzfMX/jx3/oKlhUXp0qW6d+0sGhAdHX3p8pU9e/f7+PhERUU7OHxTpnSpJo0bmT9RYlRU1OXLVzzv3b/r6enj8zB//nxFixYtXqxo1SqVLS2N/Orr0uUrd+963rvv5efnly1btmJFHYs6On5fuVLGDBmMvlJra+uuXTp9lTXr48d+Z86eO3Pu3N8hr74pXKhzpw5Finwjaj589GjHTvd79+4Hh4QU+aawo6NDy+bN9d7Tt2/fLlqyTFGUJo3dHB0coqKi7np6Xr589c+Ll54+fVaqVIkyZUq7NWxg2AzT3r59e/7CxXv37t2+c/dNeHgBW23Roo61a9bMly+vulpkZGRAYOCZc+fEv2Fv3qjPh/z58+fOlUtdPzAw8NLlK3c973l5PYiKiipS5BtHhyL169czp3nuu//wevCXoijfFC7UvFnTj1U7eOjwzVu3FEWp61Ln2zKl4/SqAQAAAAAAkoJFdHR0SrcBAAAkgsVLlv28aImiKA1c6y36+Se5fPqPs9b+tl5RlPW//RoWFtZ/4BDDbWfPnCFiXUbduXO3cbOWJg59aP+eb74prChKXVc3b28fRVF+mjfH29t72fKVejXz5Mm9dPHCMqVL6S3/559/FixcvGr1GsOdV6n8/fRpk7X58xs9tE6nK1K0pIm2LV64wLV+XVG+e9dz8NARMhmpWvVqVWf+OE0vdHT4yNG+/QcpijKgf9/ePbs3bdFavDrh2zKld2zbrO7htatXnjh1av3vG/Ve8hGPA1aWluMmTHLfvUfvuOXKll286Ce94xoV9OLF6DHjTp85a7jKyani7B+nabUfEqu+ePFy/KTJR48eN6ys1WoXzJ+jF6aSr3TggH6F7AsOGTZSb6t9e9yLOjqs37BxytQZeqtsbLIvX7q4bNlv5ZLg4JCKlaqIV7f+t9Vjx03cs3ef3laODg4rly9Vx/b+/fdfx+IxrZJnlHTz1u3BQ0f4+/sbvqLpUye3btVChkgLFSlmWEdduW2bVvJf991/jBg11rCaVqudPXO6U8UK6oWGHzH33XtGjBoj1u7dvbNYsaKGuwoMDPy+ak1R3r5lo7qjAAAAAAAAUgopRgEASC3GTZgso4MajUaj0chVo8eOu3vX82MbpkuXLq7HGjZilIwO2th8GMAXEBDYq0+/t+/eqSu/fh3WrEUbGR3UarW1a9UsV7as+PfsufMN3Jq+evXK6IEsLS0LFy5koiVp0sSMz3Pf/Uejpi3U0UF1RO3U6TN16ja4eeu20Z28fBk8dtxEdXRQUZSiRR31qnXt0UtGB2X3BgQErlz169z5C2R0ME+e3HKTq9euTZ4y3UT7hbt3PZ1dXNXRwYJ2dnI/Fy9eatCo2T///CP+9fS8V9ulvjo6qH6l/v7+LVq13bJ1m9EDLV6yTEYH1W/cpMnTDnkcltFB9arg4JA+/Qfqvafy1XXq0kNGB9Wn3H0vr/oNG7958+aTr11RlO07djVr0VpGB8uVLVu7Vk358sdPnPyLKhStPoppo8aMk9FBjUZTpfL3VSp/Lzb39/dv16HzxUuXTe/BtX5debiNm7d+rPGiULx4MaKDAAAAAADgM0GAEACA1ELEV3r36nFg3+4bVy/evHZp9cpfZHhj/oKFH9uwSJFvTh7zOHxoX+1aMQOh2rVtffjQPvlXoICt0Q1nTJ9y9tTxSxfOPrh3e9SIYWJhcHDIxk1b1NWWLlt+38tLBGl+Wbro5DGPlcuXbtuy4fzZk5W+c1IUJTw8fO68BUYPYWFhcXDfHxfPn+nTu6dYUtDOTt020eagFy9kKChPntzbt2x8cO/2yWMenrevL14Ys+fw8PAJk6bodDrDo2zZum3f/gOKorRp1XL+3Nnz5szs27tX29atDGtqNJqVy5feuXnt1vXLv69bI7p38ZJlYohh1y6dbt+4cu70iZvXLjVp7CY2OXzk6PUbNz/W+SKz6PiJk8PDw8W/UydPvH3z6tHDB86dPnHiqEerls0VRRk7eqS1tbWoPHHyVFl5/tzZd25eO3nM48G927t3bZORwnETJpuYpW/CuLGXLpy9dOHsyWMejg4OItQnosuVvnM6deKIeE/HjR394T3duNnorq5eu1bQzm7VimXXLv956/rla5f/lPlvw8PDt2zbbuKFC4GBgWN+GC/KjdwaXv7z7LYtG1YuX3ru9InZM2MClj/9vEjmmD16+MDhQ/uGDh4o/nV0cFCfD67164nlx46f2LnLXZRHDB9y9dL5dWtXr1u7+vKfZ7t26RTTS+MnvX//3kTbrK2te/XoJspbtm4zDGNHRkau3xATM+7WpfMnXywAAAAAAEDyIEAIAEAq8svSRaNGDHMoUsTS0tLCwqJmjeoybnfq9BmjsTFBq9UWsrfPkiWz+Dd79uyF7O3ln+EQQ61W63Fgb5tWLb/+Oo+iKFZWVr179ZCpPs+ePSdrenv7rF6zVjbPpY6zXJU7V65lSxaJGNuWbdtlBEiPpaVljhw2cjxZrty51G0TM/zNm/+zWJsnT+79e3eXLfutWG5tbe1av+4e9x1i7d27njt37f5YJ6xcvnTG9ClNGrs1bdJ4xPAhhvkkbWyy7961rXatmmJGxu8rfTdwQD+5tnq1quN/GJMxY0ZFUTJlyjRj2hQ5Dk89SZ6hg4c8bt2+I8q/rVnVvl0bOT2era125oxpD+7dlmkz/9izV4Ybd+3Y2qSxm2iMlZVVyRIl/ti1XXbU3Pk/GTuasmLZki6dO4q2abXaGdOnqF/g0sUL8+fLJ3bYrWtn+Z5+bLBd8eLFtm7eUKtmDTFPYdasWebNmSUjzStX/SoHPn7MnHkx7axQvty8OTPVM0q2aN5UnsBLf1khCrly5ixkb587d8zLzJAhvfp8EM2IiIiYNmOWqDCgf9++vXulTZtW/GttbT3+hzHVqlZRFOWRr+/+AwdNN691qw/Zd3fERhylY8dPBAeHiMhx/XoupncFAAAAAACQbAgQAgCQWrRv10YdfhNcXD4sefb8eWIda+TwIYaZP13r1xcFb58PuTp3/7FXFGrWqF75+0p6m2TJkrlHty6i/OCvv+LXmPDwcDlWrE/vnl9lzapXoXjxYjLQtWGT8ZFwzZs1lWGtj6lfr659wYLqJVWrfC/LbVr/Zx7H9OnT13WpI8ofi30K69bHDEGr9J1T1SqVDSuIYKcgc5y61HEuXUp/dsasWbP069NblHf/sTc09LVeBa1W6+xcS72kTOlScphpI7eGIsAmyZfg7fPQaOOXLFygzkcqdIsdohccHGJ0SkgpPDxcniFjx4xSv1KhU8cOonDz1i0T+9Fz6dIVMaBWo9H079vbsEKvnt1FwfPefdO7ypkzR8sWzUR57W/r9aLsv2/YJAo9u3cVQzwBAAAAAAA+B2lSugEAACCZWFhYGC7MYWMjyy+CXmjz50+kYxn5EZIYTSim5YuOjhbtkWG/r7/OYzTT5uuwMFHw9vGp41w7Ho1Rh98aNWxotE6L5s0OHPQQgwijoqIsLf/Tfo1GI9NpxknuXLlk2a5AAb21efN+LQrPnweY2InIv6ooSvt2bU0fLjo6Wo41FKlHDTVyazBx8lRR9vP3K5m1xKdehPL113nE/It64U/1eyonCNRjnd5IVKxixQqy/Px5gMhiatSjRx/Ch7rISBO5WL29fSIjI9OkMevLrc/DmHCmnV2Bu573DCu8ehUqCg8efDos3alDezHRYEBA4MlTp2Ug2efhwwt/XhTlVq1amNMwAAAAAACA5EGAEACAVE0dCYtWopP0WOoRVDJAeNfTUyzZtHnrps1bTWz+xP9p/I4rx6hpNBq9AXBSvnz5ZDkgIFCG7oTs2bN/bEPTZOJKMWRQb611upgOiYqK+tgegoND5ISCBWy1pg8XFBQky/ny5jVaJ3PmzBqNRuzT1/dxyRKfDhDKjKYiW6maYXZZc1haWubJk1tMgvjsmalxqz4PH8lyyzbtTe82MDAoXz7jr1qPiHeKeHCLVt6mR5UAACAASURBVKbCrurRrh9TrFhRJ6eKFy9eEiM4ZYBwy9aYGRabNHZTh4oBAAAAAABSHAFCAACQkkSUSETv0hsbbSaVKFE8fod47BczuE0OdzOUI8eHkZRPnj7VCxCmoKfPnslyjpw5TFf2f/Ihhprz45W1+fOLUYl+fsaH/SWDXDlzirf+xcuXJqq9ePlClg1Tlaply5ZNPT2haYGqSKrp3Vb6zsmcHXbv2lkECM+eO+/t7VO4cKG3795t3RYzt2WH9u3MbBgAAAAAAEDyIEAIAABSUkE7OzHC76d5c5xrf2KSv/jJnu0rUXjz5s3H6rwNfyvL8RssmESyZvnQmDdv3uTKmdNEZfX0iuFv32bLls1otVehr2Lqf/VV4rU0bv6OzeFpOj6XP3Zkp6ODw/697ol1dK02JpVu965dfhg7KuE7rFG9mlarFXlWN27eMmnCuAMHDolhmqVKlvi2TOmEHwIAAAAAACARGZkfCAAAINkULRoz/5xMBJroCtrZiUJAQKBOpzNaRz2kzFZrm0QtiYf8+T/kPn369JnJuh/iXoqiBAUGGa2j0+nkqE07O/1pEZOHTqeTcxbaak3lTZUtvO/l9bH3Lh4K2duLgjkZRM1hZWXVvVtnUV7/+8bXr8PWb9go/u3WtXOiHAIAAAAAACARESAEAAApyT42VHPi5KkkOoQ6DHb9xk2jdUR+SEVR8uTJbTjTXgqysrIqXLiQKF/486LpytbW1trYeNufly4brXPz5i1ZtiuQMgHCGzc/vAvqoKahArYfWnjl6rXEakDBgnZyn6GhrxNln00bN5Ll6T/OunvXU4yPrOtSJ1H2DwAAAAAAkIgIEAIAgDiLeBeRWLv6PnaOt4sXLyVRjDBXrlxyEOHKVb8aVoiIiFi2fKUoV6taJSnakBDfOVUUhRUrV//999+mK1erWlkUlq9Y9c7Y27RidUwPaLXaPHlyJ3Zj9Rk9VVas/NCGAramxmtmyJC+Qvlyojxr9tyoqKi4NsBoJ5QoXlyj0SiKEh4evmLV6rju06hMmTL16NZVlHfuismG2rljh3Tp0qmrhYSEmEh1CwAAAAAAkDwIEAIAAHNlzpRZFI4dPyEKb9++VSfnjAcnp4qu9euK8uix486cPadeq9Pp9h846Ozi2n/gkHhnmLSwsJg0cZxs+bz5P6t3FRYWNmjIcDFdnKIoQwYPjO9LSSr9+vaW5b79B718Gaxee+CgR+VqNRcuXir+HTSgvwx99R84WD08LioqatHipUePHhf/Thw/1srKKqkb371nH5lNVLZBnj8jhw/5ZBsmTRwvCrdu3xk9drxedO3584Cx4yZUrFRFb3hlpkyZROG+l5c4RXU63ePHfmJh1qxZRo0YJsorVq5es3adXujxxs1bnbv2qOvqFqfTu0P7NnpLWrVsIcvR0dEjR/9Q4bsqpctWXP/7RvN3CwAAAAAAkOjSpHQDAADA/w2ZmPGRr2+7jl3KlC61Y+euiIh/Thz1sLHJHu/djhk18sBBD0VRgoNDunTrWbNG9ZIlS2TNkuXJ06cHD3mICfMe+foeOXqsXl2X+B2iapXKLnWcDx85qijKLytWnjh5qkrl721ssj999uzoseNyTr4xo0bkzpUr3i8kieTOlWvUiGFz5v2kKMrlK1dd3RrXr1fXoUiRV6GhJ0+evnrtmqIoixYvbdLIrUAB2xw5bEYMHzJl6gxFUU6dPlOnnmsdZ2dbbf7Q168vXPjz1u07Yp/Vq1WtVbNGMjT+ka9vg0bNXOvXzZc3ry4q6uzZczLLq6ODgzlvaFFHh04d2osp/Xa57z5/4UKtmjUK2du/efPm1u07MtY4YeKUo4cPyK0K2H6Y2rB9hy5169Y5c/bc3bue63/7tfL3lRRFadum1eYt2+57eSmKMmPm7N179lZycsqvzRcYEHTu/HnZUctXrJo0YZyZL1ar1dar63LI47D4t1nTJjlz5pBr//rLe5f7blGeMm1Gu7at06ThqzgAAAAAAEgZPJUAAADmauBaf95PP4vBdhcvXpLz9m3dvqNfn17x3m2+fHn3uO8YNnK0t7ePmIzQMNdovz69XOo4J6Tx8+fNnjv3JxFnuu/lJSJDapMmjuvQrm1CDpF0enTv+v79+58XLRFh1A0bN6vX2thkX7xwQYECMbk6O7ZvlzZN2vETJ4vKW7Zu09tbm9atxo4ekWyNDw8P375jl97CalWrLPhprplDGMeOGZkla5YlS39RFCUgIHDT5q16FbRa7fJflqiXFC3qWK5sWRE9feTru3zFKrH8l+UrRYDQyspq3drV4yZOEkMq7971FLMGqlWvVnXYkEFxerHt27WRAcKOHdqpV0Ur0ep/45EuFQAAAAAAILGQYhQAgC9N+vQZjC+3Tp/APdvYZF/76wqtVqteMnnS+N49u+vVtLZOZ7D1f1hYWKj/LV682B73HUMGDShVsoTeEdu1be1xcN/wYUMsLU19b7FOZy0K6a2tjVbImCHDpInj1v/2a80a1dXjHbVabSO3hocP7evUof3HDqHJmNH0y4k9tKkeNtEnGTIYf8skKyurgQP6bduyoVrVKiKDqFC8eLFOHdsfPrTfqWIFudDCwqJtm1bHjxxq2qSRnHxRdGb1alVXr/xlxrTJMgOnHtOvVG86PXMcO3ywW9fO6skOvy1TeuTwoatX/vJV1qwf28r6v29iunTphg4euGvHVmfnWnpjVZ2cKs6cMe3wwb2FC9mrl1tYWCxcME9vRslOHdsvXbxQ/psjh82KZUvmz53t5FRR3asajcaljvNva1atWb0ic+bMhs372EdMUZTAwCD5MvVO5sKFClWp/L0o9+ndMx6dCQAAAAAAkFgsoqOjzagGAAAQIyoqKijoxavQVzbZbdQZFBOLTqd77Oeni9Rly5YtRw6bRN+/EBISEvTihTZ/fnVk6P9CdHT002fP/vnnnwK2tubkqHz77p2fn18OmxxJ15l6goNDKlaKicydP3tSZG199epVQGBgQTs7649EcM33999/P38ekDlL5hw2OTJk+ETY+9WrV4FBQRnSZ8ifP5+JGHN0dPTz5wGvw15/lfWrnDlzxG92xqioqPoNG4uBsIsXLpCTa0o6ne7hw0fW1ta2qgyoAAAAAAAAyY8AIQAAABKT0QBhanDq9JluPXqLwZrnTp9ImzZtSrcIAAAAAADAOFKMAgAAAIngl+UrRaFrl05EBwEAAAAAwOeMACEAAACQUDdu3rp85aoot2rRIqWbAwAAAAAAYAoBQgAAACChfl2zVhRatWxuY5M9pZsDAAAAAABgSpqUbgAAAAC+KBkzZhw7ZqSiKBYWFtmzZUvp5iSTb8uUKV26VHrr9A0buqZ0WwAAAAAAAD7BIjo6OqXbAAAAAAAAAAAAACCZkGIUAAAAAAAAAAAASEUIEAIAAAAAAAAAAACpCAFCAAAAAAAAAAAAIBUhQAgAAAAAAAAAAACkIgQIAQAAAAAAAAAAgFSEACEAAAAAAAAAAACQihAgBAAAAAAAAAAAAFIRAoQAAAAAAAAAAABAKkKAEAAAAAAAAAAAAEhFCBACAAAAAAAAAAAAqQgBQgAAAAAAAAAAACAVIUAIAAAAAAAAAAAApCIECAEAAAAAAAAAAIBUhAAhAAAAAAAAAAAAkIoQIAQAAAAAAAAAAABSEQKEAAAAAAAAAAAAQCpCgBAAAAAAAAAAAABIRQgQAgAAAAAAAAAAAKkIAUIAAAAAAAAAAAAgFSFACAAAAAAAAAAAAKQiBAgBAAAAAAAAAACAVIQAIQAAAAAAAAAAAJCKECAEAAAAAAAAAAAAUhEChAAAAAAAAAAAAEAqQoAQAAAAAAAAAAAASEUIEAIAAAAAAAAAAACpCAFCAAAAAAAAAAAAIBUhQAgAAAAAAAAAAACkIgQIAQAAAAAAAAAAgFSEACEAAAAAAAAAAACQihAgBAAAAAAAAAAAAFIRAoQAAAAAAAAAAABAKkKAEAAAAAAAAAAAAEhFCBACAAAAAAAAAAAAqQgBQgAAAAAAAAAAACAVIUAIAAAAAAAAAAAApCIECAEAAAAAAAAAAIBUhAAhAAAAAAAAAAAAkIoQIAQAAAAAAAAAAABSEQKEAAAAAAAAAAAAQCpCgBAAAAAAAAAAAABIRQgQAgAAAAAAAAAAAKkIAUIAAAAAAAAAAAAgFSFACAAAAAAAAAAAAKQiBAgBAAAAAAAAAACAVIQAIQAAAAAAAAAAAJCKECAEAAAAAAAAAAAAUhEChAAAAAAAAAAAAEAqQoAQAAAAAAAAAAAASEXSpHQDAABA4nj16tVdz3tmVq5YoXzatGkVRfH391+5ek1ExD9tWrcoV7ZsErcxPi5euhwZGWlfsODXX+f5ZOVXoaF373oqipIxY8Zvy5ROlgYCAGK8fffu+vUbovydU0UrK6uUblGcPX8e8PDRo7Rp05YvV9bS8tM/qL11+05YWJiiKMWKOmbLli1Z2ggAAAAAicAiOjo6pdsAAAASgfvuPSNGjTGz8qULZ21sskdHR9ep2+CRr69YeP7sydy5ciVlG+PM39+/Ru26iqJoNJp9f+yytdWarn/x4qV2HbsoilKqZAn3nduSq5kAAEXvTnT9ysUsWTKndIvibMwP47fv2KUoSreunceNHf3J+m3adbx85aqiKGtXr6xWrUqytBEAAAAAEgEpRgEASL1CQ0NldFBRFF/fx0l6uFehoS1ata3r6ubt7RPXbcPDwwcMHhoREZE0TQMAfIHWb9hY19Vt6vQf47HtmrXrDhz0SIJGAQAAAMBngRSjAAB8gdq0bpUhQ3oTFdKnt1YUJWvWrFqt1t/fXyy0K2CbpK3y8npw/cZNRVECg4IKFy4U183v3vWcNmPWjGmTk6Z1AIAvzSGPI97ePpkzZYrf5gMHD3Vw2FfI3j6x2wUAAAAAKY8AIQAAX6CRw4d89dVXn6xmYWGxfu3qVb+ueffuXZvWrXLnzp2krXr27FkC97Bl67ay35Zu3qxpIrUIAPAl8/b2TuAe+g0Y7L5ja8aMGROpRQAAAADwuSBACABAqmZrq502ZVLyHMvf/0nCdzJqzLjixYs5OjgkRosAAF+siIiI4OCQBO7E29tn4uSp8+bMSqRGAQAAAMDngjkIAQBAMvGLzWWaQH36DQoLC0uUXQEAvlQBAYGJsh/33Xs2bd6aKLsCAAAAgM8HIwgBAEjVLl2+cvzESUVRHIoUadqkkVx+5Oixq9euW1tb9+nVM0OG9AEBgWt/W3/9xs3Q16H2BQt269q5Qvly6p2cPn32Lx/v588DCtnbOxT5pmzZbytWKC8rhIa+fh7w/Padu+JfL68HYhJERVEsLa2+LVP6k+3UaDRDBg2YMXO2oij+/v7/Y+/O46Kq/j+OH/ZlZB1ZFHBFwdytxLVFcdfM3TZzSXPJMjOzrMzSrL6VGe6aW5pluedumgu5L6mgKCgKKouAAgMDAvP74+j9TWyCgsPMvJ6P7+P7OHeZez939HFP3veccyd99MnsH2daWFiU9nojI6NOnf43/Pz5sLDz2ixt/SfqNW7cqE+vF21sbPR3uxARsWHjZjs7uyGDB7m6uFy9eu3AwdADoaEpybfr+Nd+fdCrdevWkXtevnLlj7Xrz5+/kJScXLeOf2BgQL8+fVxcnIsq4EJExOl/z4SFhV+5Em1vb//EE/UaNWzYvt1zD3EtAGAySnhzltLS0tZv3BRx4eKlyChbW5t69QLr1qnToUN7VxcXuUNOTk5cfPyB0NB7+6ennzh5Uvm4r6+vl6fnA0t6952xq39bI1PGT6ZMbdCgfqOGDUp7XQmJiceOHT9/PiL8/PnrN24EBgQ8US+wT+9elSur8+25aPGSpOTkJ5s17RDcPisr6/CRo6Ghh44dP+7h4dG2beuB/fvJryIrK2vX7r927d5z/fp1lUpVr15g2zatW7dqWVQB8fHxR48dDws/HxFxMS8vr27dOoEBdbt06ezo4FDaawEAAABgYggIAQAwa0eOHF20eIkQolvXzvoB4ZGjx5YuWyGEaP70U5Urq7t2f1HZFBkZVaeOvwwI09LSJk6avHPXbmVrWFi4bHTt0unjyR96eXouXbZi2pf/mZxN5nySSqU6c+pYSUodMnjQiZOntu/YKYTYvmPn0mUrhg55veRXmpmpnRUyW16sfrVrfl/7y+rffpz5XY0a1ZX1167FyD0tLCxq16o5bvz7yqYTJ0/+uub3PzetrxcYsGLlqqmfT8937QsX/TR/TkizZk3zFZCVlTVzVki+Avb+vU8I0aZ1q2lffObn61vyywEA01Cqm7MQYsfOXe9/8JFGo1HWHDp8RAjxxfQZX06b2q1rFwsLi4AnGul/JDIyqv/AV5XFaZ9/9tLA/g8sTK1Wz58b8mLve3uOGjN2y6b1JXm/r6TT6dau2/D5tC/1S42MjPpzy9Y58xaEzPr+2Wfa6u//x7r1kZFRi4Q4uG/PO+9O0E80/9qz9+jRYyGzZsbFxQ8bPvJCRISy6WDoP4sWL3n5pQGffvxRwTB1/YaNEyZ+qL/mYOg/QoiQOfO/njEtqPnTJbwWAAAAACaJKUYBAEBxrlyJfnPU2Hwr69bxl43Jn0xR0sGaNWq0b/d8/fpPyMWt23b89NMyIYSdnV2ZVGJhYfHVl1/4+fnJxekzvtZ/flq8yMioHj176z+A9vb2UtphYeFjxo7Lzc0t+MGQ2XOVdFCtdlfWT/nsi+07dirpoP6mpKTkkWPGZmRm6h8nNTWtd9+BSgF+fn7t2z3/ZLNmcvFg6D/devS6fft2CS8HAExDaW/O4eHnR7/1jhK5tWwR1KZ1K5VKJYTQaDTvvDvh1q0k+dOTMimvYYMG0z7/TLbj4uInTPwwLy+vJB9MT08fNnzkBx9OVkpVq92VqjQazdA33ixqBtQ2z7aTvZv+VWzdtmP//oP66aB+v/PL6t9W/7Ym33EmTpqspIMqlapN61bKdxUTE/Pyq68fOVqiX+cAAAAAMFWMIAQAAMWZMvUL+Wxx2NDB/rVrpaWlXYuJbdOmtXxQu2XrdrnbnJAfOnfqKNux168vX7Hy6tVro0YOF0L079enRYvmOp2uV58B8lHpV19Oa9asidzZytKq5MU4OTnNn/tjtx695OKoMW9v3byx4ERtBeXm5V6JjpaPnt9/b3yXzh3t7Ozy8vJWrf71s6nT5Myfm//c+mLPHoV+/JPJH/bo3k2tdo+JiRk5+u0LEREnTp6UD3Bbtgj6asY0Xx+f3Nzc5StWysGRSUnJq1atHv7GUOUIc+bOl091VSrVt9/M6NghWK6PT0h4b8IHhw4f0Wg0//t25vRpU0v+bQCAsSvtzXnW7Dmy0aZ1q1kzv5Xj+XJycnbt3vPrb2te6NHNw6OyEGL3zq1paWnbtu2YOStECBEYEPDjrO+Uk1ZWVy55hS8N7H/i5Mn1GzbJMd/zFiwaM+rNB37Kysr6XNi9WbXHv/vOywP7u7m5CSEOHz4yYtRbsiucFTJ7xvQvCv14o4YNpnz6ccMG9S0sLJavWClH4Q95Y4Tc+tWX03r36mllZXX16rWx48bLwevffvdD3969HB0d5T5/7dm7dt162Z7w3rg3hg5RZij933cz5QwBkz+esvXPDba2tiX/NgAAAACYEgJCAABM0Oix42ysC+/l+/Xt3b1b11IdTaVSbftzo49P1Xzrz5w7JxsdOwQr6aAQwtfHZ/KHHyiL1tbWtWrWFELY29vJp6JVq1apXatWqWpQBAYEfPvNDDkqIikpedz4CcuXLrayekDKGFC37uKF8+Lj43t076aMybC0tHztlZePHTsuY86DoaGFBoQL5s4ODm4n235+ftOnTe3Tb6BcVKvd54TMkm8ctLKyGjrk9VOnT2/dtkPO0aoEhJGRUYuXLJXteXN+1H9ZlJen59zZP7Z5tp1Go/l1ze8jhg+rXr3aw30zAGB0SntzPnToiGxM+uB9ZbZPa2vrLp07dun8/92Qp4eHp4eHl9e9wYgODvYP3ekIIT7/7NOz58IiI6OEEN/PnNW0SeNWLVsU/xEHB/ufly8JDT3UsWOwr4+Psr5Fi6APP3j/408/kxleoZ9t2SJowbzZyrcxZPCgAwdD9+0/cO/CJ07o17e3bFevXu2br6bLH81oNJpLkVGNGzUUQmi12i+m35vZ+60xo0a9OUI5uJ2d3ccfTYqKurz/wMEr0dFbtm7r9WLPh/5mAAAAABg1phgFAMAEHTly9GDoP4X+78aNm6U92tQpHxdMB4UQd+/elY1LlyIzM7VlUXiJ9Hqx58AB914KdejwkVkhc0ryqeefe3bggP4F553rENxeNqKiLhf8lJ+fn5IOSk0aN1IO8kKP7jIdVHTq2EE2IvWOtmHjZqUG/XRQcnZ2emPoYNm+eOlSSa4FAEzGw92cw8PDH0t1Qgjh6Og4d/YsZXHk6LHx8YXPDqovoG7doUNe108HJeXVg0lJyenp6QU/+PJLA/N9G+2ef05p9+71ov6mwIAAZebtmJgY2Th69Lhsq1SqQsc7jhg+TDbCz1944IUAAAAAMFUEhAAAoDhBQc2LGl5Qv1492bgSHd23/0u7dv+lRIbl7ZPJk5SXHc6ZO3/v3/se+lDKEJPrN26U8CNVqnjLhhwZWegm5UGtfuxXpYr3qdP/Fvxfalqa3CEyKuqhLwQATEmhN+emTRrLxsRJk7/59nv9O225ql2rVsismbKt0WjGvvPeQ/d3Xl6eSjshMbEkH/G+/1WoVCr9Vw9K1avdCwjjExJkI+ryvUi1Ro3qYeHnC3Y6t2/fkTtcvMivUgAAAADzxRSjAACYoE3r/3BxdSl0k7OTc6Hri1LHv3ZRmxo3bvRM2zb7DxyUr4kaOXqsSqXq1rVzzx7dn376qQdO+/ko7O3tZ8+a2b1nbzln6TvvTtiyeb2fr28JP56Tk5OQkBifkHDzZtyp06flSq02q4Qfd3RwkA0HB/t8mwp9mVPY/ZEuv6z+7ZfVvxVz5NiY6yWsAQBMzwNvzqNHjjgY+o9sL1i4eMHCxY0aNuj5Qo9uXbvItw+Wn65dOp08NUi+ve/EyZPffPu9/mTaxcvLy0tOTomPj78ZF59wP8YrORtbG9mwt7cruNXOzu7+WXSyIWdDFUKEhYX37f9SMUfmVykAAACAOSMgBADABPn4VFVezlR+rKysfvj+2+kzvl67br1co9Fo1vy+ds3va/39a8+Y9nmzZk3L7+zVqvl9/+03b44aI887Zuy4339dVfxHMjIy/tqzd936jTLUfGzi4u5NRqdSqQp9vKto0KD+4yoKACqKkt+cg4KaL5w/58PJnyQlJcs1Z86eO3P23BfTZ7w54o2xY0YX/N1GGZo4Yfzp0/+eOv2vEGLJ0uVPNmuq//7dgrRa7fYdu3bs3LVz1+5Cd9DpdOVRZ7xeBllwxKG+li2CyqMAAAAAAEaBgBAAADw8Fxfnb76aPuKNoRs2bl6/caOShEVGRvUb+MqGdWsaNmhQfmcPbv/8yDeHz1+wSI6TmPblV927dilq563bdox95139NSqVytPDw87O7kJERPkVKYSoWaPGlehoIcT3334T3P75cj0XABiX0t6c27d7ft+e3X/t2bNh42b9+aUXLFwcGxs7a+Z3FhYW5VSqra1tyKyZnbr2kIPXx4wdt2vHlqJ2vnjx0quvD1GCTMnPz8/Tw+PEyZPlVOH9s9wbTz9syOCPPpxYrucCAAAAYLwICAEAwKPy96894b1xE94bd/bcuZ9XrlYGFM6dt3DenB/L9dTjx7196vS/R44clRN4ZmZmFrrb2nXrJ06aLNvPPtO25ws9WrdqWbmyWghx6vS/xc/A9ujq1QuQAaH8fwCA9HA3ZwcH++7dunbv1jUtLW3r9h0/hsyRP0/ZsnX7yBHDn3iiXvkVXKWK95yQHwYPHS4XR415W5nhU194+PmBrwySOaK/f+1XX3mpdauWymtra9e99w7dcsoya9eqJRvMIAoAAACgGJaGLgAAAJiOhg0afPPV9IkTxsvF8h4kcX+a0/8pU6it37Cp4D46ne7r/30n2xMnjF+yeEHPF7rLB9CPR637z2r1B7sAgJl79Juzk5PTgH59/9y4TukFws9fKJ9i/1/bNq3Hvf2WbEdGRoWFhRfcZ9mKlTId7NgheMPa31975WUlHXwMatasIRvHT5y8cyf1sZ0XAAAAgHEhIAQAAGXs+eeelQ1HR1WhO2i12jI8naeHx+wffyhmh6tXrymTvL0+6NV8W4sadFiGWt1/ydORI0fJCAFAKqubs5ubW4ug5rJd6HteMzPLstMRQowe9eYzbdsUs8Pf++7d6l9/7ZV8r0Us82IKalC/vkqlki/oXbBocXmfDgAAAICRIiAEAAAPKTk5+Ztvv/9rz95863ffX9O0SWP99c5OzrJx8OA/spGQmCjHWDyi5k8/NemD94va6qhyVNqJt27pbzp3Lmzc+AmPXkDxgoKad+3SSbY/+HDygYOh+ltzc3O3bN0W3LHrmLHjcnNzy7sYAKggHuLmvHXbjpDZc2/dStJfmZycfPjIUdkODAxU1leqVEk2LkRExCckyPvt1avXHr1yKyur77/9Whm2WJDS38XFJ+ivv3Uraciw4cqiTqd79GIKcnFxVobyL1i4eMnS5Xl5efo7nP73zOtD3ujUtYf8WgAAAACYJ95BCAAAHtLUL778c8tWGYAN6Ne3evVqGo1mx85dq375Ve7Qv18f/f1r+9eSL+FbsXLV7Tt3nJ2dVq5a/WSzZr/+ssLS8lF/tDRsyOvHT5zYvXtPwU2eHh5qtbscpzJm7LgP3n9PrXZPTk7Ztn3HL6t/e8TzltCkie9v3bZDCJGUlDx46PDnn3u2YcMGLs7Osdevb9u+Q74960p09K7df3Xu1PHxlAQA5arpU0FFbVKr3Y8eOljam3PExYtj33lXCLHop6VDBg9q/vRTKpUqKioqZ3l9IAAAIABJREFUZM58eZCgoOa17s+uKYSoXs1Pab/y6uBOnTocOBgaFha+YtlPrVu1fMSrc3NzWzBvTlFvSWzSpJHs7z797HMhRGBgXa0268CBg4t+WlomP4t5oJcG9l/965oLERFCiOkzvt6waXPLoCBfP5/4uITQf/45c/ac3G3+gkVTPpn8GOoBAAAAUAEREAIAgIdUq9a9NyodOXL0yP3RG4p3xo5p2eI/T4cHvfqKEuBt2vynbJw4efLkqdNPPdnsEYuxtLT8ZsaXPSP6xcTEFNz60aQP3nv/AyFEWFj4oMHD9De9N37csuUrlGnuyomPT9VN6/8Y//4HkZFR8mWEBecaHT1yRMcOweVaBgBUBMott1Q3Z0sLy8CAgAsRERqNZvacefmOqVa7f/+/r/V/blKvXuCTzZrJt+FeiY6ev2CRXD9v/sJHDwjlKPnPpnz82dRpBTeNGjlCvhNXo9HIC1R07tTR0tJC/mSk/FhZWS1funjyp1NktxsWFl7wXYnPPtN2/Li3y7UMAAAAABUZU4wCAAAhhLC3dyh8vZ19oetlBLhz+5/dunbON83ak82a/bZ65dtjx+Tbv3Wrll9O/1y+GEny96+9bMmikqSDhb5WKh8XF+f5c38sdM63F3v2+Oar6fk2BQe327xh7eiRI/r17VPUKVSOjgVXKmxtbR9YlaJ+/Sc2rf9j3NtvNWrYQH+9Wu3+8ksDdmz7873x4x59JCUAGJFS3Zzr1PHftOGPKZ9OzncXValUb40ZtXf3Dm9vL/31FhYWs2Z+m+9lgYNee2VOyKyS1FaSfue1V14e9OorBdfXrlXr919X1a//hP7KRg0bzAn5YU7ID71e7CnXWFsV8oNdO7sie5ai3uxbaMGVK6sXzJ393f++Dgpqrt/zqlSqjh2Cly1ZtGTxAicnp2KvDwAAAIApsyin1x4AAACzcvvOnatXr7m5uvr4VLWysipmz5ycnNjY69nZ2VWrVlFeEPV45ObmxscnxCckODs7VfH2diw2/CvvSq5eu5abk+vm5la5stpQZQBARfAQN2d5F83MyPT19XVxcS5+59u3b8cnJDjYO/j6+jzm32EkJyfHXr9ha2vj5enp5ub2OE+tT6fT3bwZl5qW6uri6uFRufhuGgAAAICZICAEAAAAAAAAAAAAzAjTWAEAAAAAAAAAAABmhIAQAAAAAAAAAAAAMCMEhAAAAAAAAAAAAIAZISAEAAAAAAAAAAAAzAgBIQAAAAAAAAAAAGBGCAgBAAAAAAAAAAAAM0JACAAAAAAAAAAAAJgRAkIAAAAAAAAAAADAjBAQAgAAAAAAAAAAAGaEgBAAAAAAAAAAAAAwIwSEAAAAAAAAAAAAgBkhIAQAAAAAAAAAAADMCAEhAAAAAAAAAAAAYEYICAEAAAAAAAAAAAAzQkAIAAAAAAAAAAAAmBECQgAAAAAAAAAAAMCMEBACAAAAAAAAAAAAZoSAEAAAAAAAAAAAADAjBIQAAAAAAAAAAACAGSEgBAAAAAAAAAAAAMwIASEAAAAAAAAAAABgRggIAQAAAAAAAAAAADNCQAgAAAAAAAAAAACYEQJCAAAAAAAAAAAAwIwQEAIAAAAAAAAAAABmhIAQAAAAAAAAAAAAMCPWhi4AAACUr9y8vNTU9PSMzMzMrOy7d3Ny84TQGbooAEA+FtZWlrY2Ng4OdpUcHZydK1lZms6vOemJAMAYmHJPBAAACrLQ6fiHGQAApkmrzUpMvp2UkspzWAAwNhZqN2cPd1d7eztDV/JI6IkAwGiZSE8EAACKQkAIAIBpuhGXmJCUYugqAACPxFPtVtXbw9BVPCR6IgAwAUbdEwEAgGIQEAIAYGq02qxr1+MztFpDFwIAKAOO9vbVfLyMawAHPREAmBJj7IkAAMADERACAGBSNBmZV67dyMnN1V9pZ2vr6lypksrR3t7W2trawnDlAQAKpRMiJydHq81O12TcTk3Pys7W32ptZVWzWlWVo4PhCiwFeiIAMEam1BMBAICSICAEAMB0aLVZkdGx+s9k7WxtvT3Vbi5OBq0LAFA6KXfS4hKS9B/OWltZ+dfwrfijN+iJAMA0GG9PBAAASoiAEAAA03Ex6pr+fG5qNxffql6M0gAAY6QTIvZGfFLKHWWNo7193drVDFrUg9ETAYDJMNKeCAAAlJCloQsAAABl40Zcov4zWa/K7n48kwUAo2UhhF9VL6/K7sqaDK32RlyiQYt6AHoiADAlxtgTAQCAkiMgBADAFGi1WQlJKcqi2s2lildlg1YEACgDVbwqq91clMWEpBStNsugFRWJnggATJIR9UQAAKBUCAgBADAFicm3lbadra1vVS+DlgMAKDO+Vb3sbG2VRf0bfoVCTwQApspYeiIAAFAqBIQAABi93Ly8pJRUZdHbU818bgBgMiyE8PZUK4tJKam5eXkGragQ9EQAYMKMoicCAAClRUAIAIDRS01NF0In23a2tm4uToauCABQltxcnPSGbuhSU9MNW09B9EQAYNoqfk8EAABKi4AQAACjl56RqbRdnSsZtBYAQLnQv73r3/YrCHoiADB5FbwnAgAApUVACACA0cvMzFLalVSOBq0FAFAu9G/v+rf9CoKeCABMXgXviQAAQGkREAIAYPSy795V2vb2tsXuCwAwSvq3d/3bfgVBTwQAJq+C90QAAKC0CAgBADB6Obl5Stva2tqgtQAAyoX+7V3/tl9B0BMBgMmr4D0RAAAoLQJCAABMgE5pWRi0DgBAOfnv7V1X5H4GQ08EACauwvdEAACgdAgIAQAAAAAAAAAAADNCQAgAAAAAAAAAAACYEQJCAAAAAAAAAAAAwIwQEAIAAAAAAAAAAABmhIAQAAAAAAAAAAAAMCMEhAAAAAAAAAAAAIAZISAEAAAAAAAAAAAAzAgBIQAAAAAAAAAAAGBGCAgBAAAAAAAAAAAAM0JACAAAAAAAAAAAAJgRAkIAAAAAAAAAAADAjBAQAgAAAAAAAAAAAGaEgBAAAAAAAAAAAAAwIwSEAAAAAAAAAAAAgBkhIAQAAAAAAAAAAADMCAEhAAAAAAAAAAAAYEYICAEAAAAAAAAAAAAzQkAIAAAAAAAAAAAAmBECQgAAAAAAAAAAAMCMEBACAAAAAAAAAAAAZoSAEAAAAAAAAAAAADAjBIQAAAAAAAAAAACAGSEgBAAAAAAAAAAAAMwIASEAAAAAAAAAAABgRggIAQAAAAAAAAAAADNCQAgAAAAAAAAAAACYEQJCAAAAAAAAAAAAwIwQEAIAAAAAAAAAAABmhIAQAAAAAAAAAAAAMCMEhAAAAAAAAAAAAIAZISAEAAAAAAAAAAAAzAgBIQAAAAAAAAAAAGBGCAgBAAAAAAAAAAAAM0JACAAAAAAAAAAAAJgRAkIAAAAAAAAAAADAjBAQAgAAAAAAAAAAAGaEgBAAAAAAAAAAAAAwIwSEAAAAAAAAAAAAgBkhIAQAAAAAAAAAAADMCAEhAAAAAAAAAAAAYEYICAEAAAAAAAAAAAAzQkAIAAAAAAAAAAAAmBECQgAAAAAAAAAAAMCMEBACAAAAAAAAAAAAZoSAEAAAAAAAAAAAADAjBIQAAAAAAAAAAACAGSEgBAAAAAAAAAAAAMwIASEAACbAQmnpDFoHAKCc/Pf2blHkfgZDTwQAJq7C90QAAKB0CAgBADB61lb/36Hn5OQYtBYAQLnQv73r3/YrCHoiADB5FbwnAgAApUV3DgCA0bO1sVHaWm22QWsBAJQL/du7/m2/gqAnAgCTV8F7IgAAUFoEhAAAGD0HBzulna7JMGgtAIByoX9717/tVxD0RABg8ip4TwQAAEqLgBAAAKNXydFBad9OTTdoLQCAcqF/e9e/7VcQ9EQAYPIqeE8EAABKi4AQAACj5+xcSQgL2c7Kzk65k2boigAAZSnlTlpWtjKxm4WzcyXD1lMQPREAmLaK3xMBAIDSIiAEAMDoWVlaqt2clcW4hCSdQesBAJQhnRBxCUnKotrN2cqywv07jp4IAEyYUfREAACgtOjOAQAwBR7urko7Kzs79ka8QcsBAJSZ2BvxeoM2/nPDr1DoiQDAVBlLTwQAAEqFgBAAAFNgb2/nqXZTFpNS7tyMv2XQigAAZeBm/K2klDvKoqfazd7ezqAVFYmeCABMkhH1RAAAoFQICAEAMBFVvT0c7e2VxfhbyTE34pnhDQCMlE6ImBvx8beSlTWO9vZVvT0MWtQD0BMBgCkxxp4IAACUnIVOx7/XAAAwEVptVmR0bE5urrLGztbW21Pt5uJk0LoAAKWTcictLiFJfz43aysr/xq+FX/QBj0RAJgG4+2JAABACREQAgBgUjQZmVeu3dB/Misfzro6V6qkcrS3t7W2trYwXHkAgELphMjJydFqs9M1GbdT0/UfyMpnsjWrVVU5OhiuwFKgJwIAY2RKPREAACgJAkIAAEyNVpt17Xp8hlZr6EIAAGXA0d6+mo+XcY3YoCcCAFNijD0RAAB4IAJCAABM0424xISkFENXAQB4JJ5qN+N92xM9EQCYAKPuiQAAQDEICAEAMFlabVZi8u2klFQh6O4BwLhYqN2cPdxdjX24Bj0RABgtE+mJAABAUQgIAQAwcbl5eamp6ekZmZmZWdl37+bk5vGUFgAqHgtrK0tbGxsHB7tKjg7OzpWsLC0NXVKZoScCAGNgyj0RAAAoiIAQAAAAAAAAAAAAMCP8FAgAAAAAAAAAAAAwIwSEAAAAAAAAAAAAgBkhIAQAAAAAAAAAAADMCAEhAAAAAAAAAAAAYEYICAEAAAAAAAAAAAAzQkAIAAAAAAAAAAAAmBECQgAAAAAAAAAAAMCMEBACAAAAAAAAAAAAZoSAEAAAAAAAAAAAADAjBIQAAAAAAAAAAACAGSEgBAAAAAAAAAAAAMyItaELAAAAZeP27dth4edLuHPzp5+ysbEp54pKJCYmZuHiJVpt1sABfZ9s1kxZf/bcuVdeGyKEcHKqFLp/r0FrBACUSE5OzpGjxwquV6lUPlWrVq6strCwMERd5uK7739Y/vMqIcSbI94YM+pNQ5cDAAAAoEIjIAQAwETs/Xv/hImTSrjz0UMH1Wr3cq7owXQ63ZBhb16JjhZCrFu/4Z+Df3t5espNGZoMjUZj6AIBAKWg0WQMGjysmB0CAwJeeXlgv769K8iPVEyMNitLdp1xcXGGrgUAAABARccUowAAwGDu3Lkj00EpOvqqQcsBAJSvCxERn0yZ2qFz99B/Dhm6FgAAAAAwa4wgBADABA0c0N/Bwb6YHezt7R5jOUVycXHx8/OLiYmRizWqVzN0RQCAstG1S6fAgAA5WDwhMTEmJnb/gYNyU0xMzKDBw/bu3lGtmp+hywQAAAAAM0VACACACXr/vXGurq6GruLBLCwsVixdvOinJZmZmQMH9Pfy8jJ0RQCAstGpY4fu3brqr0lKSp4VMnvVL7/KxQkTP1y9armVlZWBCgQAAAAAs0ZACAAADKlaNb8vpk4xdBUAgHKnVrt//tmniYm3du7aLYQ4cfJkVNTlunXrGLouAAAAADBHvIMQAAAAAPCYTHhvnNKOjLps0FoAAAAAwHwxghAAALN2ISJiw8bNdnZ2QwYPcnVxuXr12oGDoQdCQ1OSb9fxr/36oFeVsR2Xr1z5Y+368+cvJCUn163jHxgY0K9PHxcX50IPm5CYeOzY8fPnI8LPn79+40ZgQMAT9QL79O5VubI6355Hjx3fs/dvIURA3bq9Xnyh/K8YAGBINapXV9oXL13q2qWTsljyvkMIkZubu237jtP/nrl0KVKj0QTUrRsQWLdN61a1atbMt2daWtr6jZsiLly8FBlla2tTr15g3Tp1OnRo7+riIoSIT0hYumyFEKKSSjVs6JCCb/CNjLr8629rcnNzO3UIbtEiKN9WnU63bPnP8QkJlpaWI0cMd3Z2UjYlJt46cvTo+QsR4eHn8/LyatSoXi8woEmTxvLVjPksWrwkKTnZx6fqa6+8LIQ4c/bcylWrL0RECCEa1q8/etSbPj5VlZ1zcnIOHAw9c/bcsWPHU9PSGtav36BB/Z49e5T4DwEAAAAACAgBADBv167FLFq8RL4OsHatmuPGv69sOnHy5K9rfv9z0/p6gQErVq6a+vl0ZVNYWLgQYuGin+bPCWnWrKn+AXU63dp1Gz6f9qVGo1FWRkZG/bll65x5C0Jmff/sM2319z9y5KgsoFvXzgSEAGBWLC0sZKO0fcfFi5fefW+izM+kU6f/lY23x455c/gwe/t7Od+Onbve/+Aj/cMeOnxECPHF9BlfTpvarWsXN1fXX1b/Jnfw9PTs369PviJ/DJm9Zet2IcTev/f//deOfFtPnTo97cuvZHvsmNHK+j+3bP3o4yn65z0Y+o9sDH9j6Li331IqlP5Ytz4yMkoI0ad3r23btk+cNFnZFBYW3rlzRyUgTElJGfvOeHkVyg5ize8/LVlWaJIKAAAAAIViilEAACCEECGz5yrpoFrtrqyf8tkX23fsVNJB/U1JSckjx4zNyMxU1qSnpw8bPvKDDycrj0TVaneVSiXbGo1m6BtvxsXFP5YLAgBURJFRUUo7MDDgIfqOtLS0EaPeUtLBpk0aP//cs35+fnLxx5A5B0MPyXZ4+PnRb72jHLZli6A2rVvJI2s0mnfenXDrVpKtrW3nTh3lDrv/2pOv2sxMrUwHhRAxMTGXLkXm22HP3n2y0b1bV2X04YeTP3nn3QnKeVUqlbe3l/KRRYuX9Ozd786d1EK/n9DQf/TTQcm/dm3ZuHHjZveevfXTQX//2rJrvhIdfez4iUKPCQAAAAAFMYIQAAATdCX6qto9reB6ewd7Tw+PYj74yeQPe3Tvpla7x8TEjBz99oWIiBMnT544eVI+V/1qxjRfH5/c3NzlK1ZOn/G1zAhXrVo9/I2h8uNWVtbnwsJke/y777w8sL+bm5sQ4vDhIyNGvSUflc4KmT1j+hflc90AgApNp9N9/c13ymJA3boP0Xes37ApJiZG5oirViyrU8dfrj91+t+ly5ar3dXt2z0n18yaPUc22rRuNWvmt66urnJ+zl279/z625oXenTz8KgshOjUMXjtuvVCiL/27M3M1OrPMhp6f9iftHvPHuV00vYdO2VDSRn37T+w5ve1sv1M2zaff/aJDC/v3EldtuLnH0PmyMGRs+fOm/zhBwW/opGjxwoh/Pz8Bg961dPTMy4uLis7S8kXf/hxtpKVjh/39rChg+VIxJjY2LffGX/m7LmH/ZMBAAAAYHYICAEAMEF9+79U1Kaoi+FFbVowd3ZwcDvZ9vPzmz5tap9+A+WiWu0+J2SWfOOglZXV0CGvnzp9euu2HUKII0ePKQGhg4P9z8uXhIYe6tgx2NfHRzlyixZBH37w/seffiYfv5bdhQIAjEZKSsq33/2wb/8BufhM2zbVqvk9RN+hzCY69q3R+nFd0yaNm/7wvf4ZDx26N9Ju0gfvy3RQCGFtbd2lc8cunTsqu7Vq2VJpHz12TH860+07d+ofcNv2naPeHKEsRkdfvRIdff9yWgshsrOzp0ydJtcEB7ebGzLLyspKLrq4OL8zdoybq+vUL6YLIZYsXT6gX19//9oFv6imTRr/snK5ra1tvvVRly/LIFP+oGfw668pm/x8fX9ZuWLIsOEMIgQAAABQQgSEAABAyERQSQelJo0bqVQqOXTjhR7dZTqo6NSxgwwII6Mu668PqFtXjgjJR3nempSUnJ6eXqlSpfK5DgBAhXDo8NGsrCwhRF6eLi4uLjLq8t6/9+nPuvn1V9Mt7r+DsFR9R3Z2tlx59mxYCYsJDw+vFxhQ1FYHB/vu3br+uWWrEOLvv/crJ83Kylq/YZMQon79JxwdHI4dPxEWFh4TG+vn6yt3+HvfftkIDm4nZy49cvSYHN0ohBj39lglHVQMHNBv9tx5SUnJQoh1GzZOnDC+YD1ffzW9YDoohPj9j3WyoVa7DxzQr+BVNGzYgIAQAAAAQAkREAIAYIJe6NHd3t7u0Y9TpYp3ZGSUEKJWzZoFN8mG8iS0eF5enko7ITGRgBAATNuvv6359bc1hW7y8/P7/n9fFT/ltVRo39GwQX05sefadevT0tJGDB/WtEnjQj/etEnjg6H/CCEmTpocdfnKSwP6Ka8qzKdTxw4yINyybdunn3wkk8vDR47Krd26dHZUOcrsbe/f+wa9+opcv3P3X7LRpVMn2bhy5d6Awvr1nyg0krS1te3bp/eChYvlRKMFd3j3nbG1a9UqtEhl/969XpQziwIAAADAQyMgBADABE355CNlLrVH4ejgIBv6L2SSCh3ckE9eXl5yckp8fPzNuPiEhIRHrwcAYNTUavexb41+aUB/a+si/yn6wL6jT+9eS5Ytl4Pwdu7avXPXbm9vr149e/Z8oXu+FwSOHjni4P2XCC5YuHjBwsWNGjbo+UKPbl27yLcPKuQEoXKo4oWIizLbU94v2KFDe3s7+8+mThNCbN26XQaEt2/fPnI/QXz+uWdlIzLqXoZXo3q1oi5QTqwqhAgLL2TS71pFpIP6Q/aVIYwAAAAA8NAICAEAQBnTarXbd+zasXPXzl27C91Bp9M99qIAAI9V/359mjZpItvOzk7V/Pz8/HydnJyK2r/kfYeHR+Vffl4+6aOPlZcRxsXFz1uwcN6ChcHB7aZ8PLlq1SpyfVBQ84Xz53w4+ROZJgohzpw9d+bsuS+mz3hzxBtjx4xWfv5SqVKl4OB2u3fvEULs27e/XmDA3bt3t2zdLoQIDAiQw+gbNWxw5uy5Y8dPJCbe8vCorESPzz7TVpmF+/LlK7Lh5eVV1JUqQyfj4uJzcnKKyUr15ebmKkP2vTw9H7Q7AAAAADwAASEAAChLFy9eevX1IcqjWMnPz8/Tw+PEyZOGqwsA8Fi1btWye7euJdy5tH2Hv3/tNb+uOnbs+IZNm7ds3a682nD37j0REZc2rvtdSezat3t+357df+3Zs2Hj5r1/71OOsGDh4tjY2Fkzv1Peg9ilUycZEO7+a8/IN4cfPXZcHrZ79y5yhx7du505e06+erBf3967du+598HOnZTDqtVq2UhPTy/qYvVfxFjCdFAIof86w6zsrBJ+CgAAAACKYmnoAgAAgOkIDz/fd8DL8gmvv3/tz6Z8vGvHlqiL4X//tWPNryuV3ZSnsQAAPFzfYWlpGRTUfMb0L04eO7R44bwnmzWT62NiYjZu3qy/p4ODffduXRcvnHf6xJEvp3/u7X1vbN+WrdvPn7+g7Pbcc8/IxqnT/966lbRj5y652LFDsGwEt28nGzt27srOzpbvLNSfX1QI4V/73gShN27cLOp6b96Mk43AgEJeUlgMf//aspGQkFiqDwIAAABAQQSEAACgzCxbsVIOjOjYIXjD2t9fe+VlOS0bAABFecS+w9ra+vnnnl29ann7ds/LNWfOnC10TycnpwH9+v65cZ1a7S7XhOsFhK4uLs8+01a2Dxw8uGHjZpnJ1b7/UsBq1fzq139CCLH3733KYMSgoOaVK6uVg9Sqda/yU6f/LWoQYeg/h2Sjzv3Ar4SqV7v3XsPzFyJK9UEAAAAAKIiAEAAAlJm/9917YPr6a68oL3aSMjO1BioKAFChlUnfYWVl9dyz94YAOjg4FLOnm5tbi6Dmsm1vb6e/SZksdM7cBTKzfKFHd/0dunXpLBszvv423xqpceNGsqHRaNb8vrbg2cPDzysvL3z66adKeHVSnTr+srF23frk5OR8W2OvX1dmPQUAAACAByIgBAAAZcbZ6d47n+LiE/TX37qVNGTYcGVRp9M99tIAABVUafuOc+fCvvn2+3yj6PLy8pRJQeU4PyHE1m07QmbPvXUrSX/P5OTkw0eOynZgYKD+JmWy0CvR0bLR6f78olJw8L1ZRmNiYmRDGbYo+fr4jB45Qranz/h62/ad+lujLl8ePXacUmSP7iV9R6M0cEA/pT3po0/0RyhevHipd98BSlUAAAAA8EAlfSM6AAAwIs883yHfqIh8dm7709XVtczP26RJI/lQ9dPPPhdCBAbW1WqzDhw4uOinpXIoBgAA+ZSq78jM1L45+q24uPgFCxf36d2rU8dgDw+PhITEZctXHDp8RAihUqmC27UTQkRcvDj2nXeFEIt+Wjpk8KDmTz+lUqmioqJC5syX7zsMCmpeq2YN/YNXrqwOCmp+5H58WLNGDf//zgJau1Ytf//akZFRcrFpk8bKGw0Vo0aO+O33P+Qp3np73DNt2zRt0tjKyupKdPT6DZuU3aZO+cTKyqpUX5Sfr2/vXi+uW79BCPHXnr2duvZo9/xzFhYWJ06cuhDBpKMAAAAASoeAEAAAE6TRaIoP5HJz88rjvKNGjpBPPzUazXvvf6C/qXOnjpaWFlu37SiP8wIAjFep+o6cnLuNGjaMi4uXM22uXbc+39Fmz5opXwpoaWEZGBBwISJCo9HMnjMv325qtfv3//va0jL/nDpdO3dSAsIXe/YoWG2Pbl1nzgq5t/N/5xeVHB0d1/3x28RJk+Vx9h84uP/AwXynnvnd/5o2aVyC7ya/SRMnXL167cTJk0KIuLj4X1b/pmwaOKD/M21bj37rnYc4LAAAAAAzxBSjAACYIxsbm3xrVI6Oxexva2tbksPWrlXr919XKXO7SY0aNpgT8sOckB96vdhTrrG2KuQnSvb2hb8yqvihkACAisPG5mF+gVqqvsPJyWnenB+XLF7QskWQSqXS/8gLPbrv27vrmWfayMU6dfw3bfhjyqeTGzVsoL+bSqV6a8yovbt3FBz8J4QIbn9vElG12r1nYQFhzxe6K+dVds7H18dn5fIlU6d8EhTUXL/IwICAoUNe37V9a+tWLYv6Nuzsiutw1Wr3lSuWjBg+TClepVIFB7f79psZ07/4rEmTxn5+fsV8HAAAAAAUFrwECAAAlLnk5OTY6zdsbW28PD3d3NwMXQ4AwAgprF2PAAAgAElEQVSUtu/Q6XTx8Qlx8fFVqnh7enhYWFgUtWdubu7Va9cyMzJ9fX1dXJzLuvAHFHnjxs1MrbZ6Nb+Cv855FElJycnJybVq1SztVKUAAAAAQEAIAAAAAAAAAAAAmBemGAUAAAAAAAAAAADMCAEhAAAAAAAAAAAAYEYICAEAAAAAAAAAAAAzQkAIAAAAAAAAAAAAmBECQgAAAAAAAAAAAMCMEBACAAAAAAAAAAAAZoSAEAAAAAAAAAAAADAjBIQAAAAAAAAAAACAGSEgBAAAAAAAAAAAAMwIASEAAAAAAAAAAABgRggIAQAAAAAAAAAAADNCQAgAAAAAAAAAAACYEQJCAAAAAAAAAAAAwIwQEAIAAAAAAAAAAABmhIAQAAAAAAAAAAAAMCMEhAAAAAAAAAAAAIAZISAEAAAAAAAAAAAAzAgBIQAAAAAAAAAAAGBGCAgBAAAAAAAAAAAAM0JACAAAAAAAAAAAAJgRAkIAAAAAAAAAAADAjBAQAgAAAAAAAAAAAGaEgBAAAAAAAAAAAAAwIwSEAAAAAAAAAAAAgBkhIAQAAAAAAAAAAADMCAEhAAAAAAAAAAAAYEasDV0AAAAoX7l5eamp6ekZmZmZWdl37+bk5gmhM3RRAIB8LKytLG1tbBwc7Co5Ojg7V7KyNJ1fc9ITAYAxMOWeCAAAFGSh0/EPMwAATJNWm5WYfDspJZXnsABgbCzUbs4e7q729naGruSR0BMBgNEykZ4IAAAUhYAQAADTdCMuMSEpxdBVAAAeiafaraq3h6GreEj0RABgAoy6JwIAAMUgIAQAwNRotVnXrsdnaLWGLgQAUAYc7e2r+XgZ1wAOeiIAMCXG2BMBAIAHIiAEAMCkaDIyr1y7kZObq7/SztbW1blSJZWjvb2ttbW1heHKAwAUSidETk6OVpudrsm4nZqelZ2tv9XayqpmtaoqRwfDFVgK9EQAYIxMqScCAAAlQUAIAIDp0GqzIqNj9Z/J2tnaenuq3VycDFoXAKB0Uu6kxSUk6T+ctbay8q/hW/FHb9ATAYBpMN6eCAAAlBABIQAApuNi1DX9+dzUbi6+Vb0YpQEAxkgnROyN+KSUO8oaR3v7urWrGbSoB6MnAgCTYaQ9EQAAKCFLQxcAAADKxo24RP1nsl6V3f14JgsARstCCL+qXl6V3ZU1GVrtjbhEgxb1APREAGBKjLEnAgAAJUdACACAKdBqsxKSUpRFtZtLFa/KBq0IAFAGqnhVVru5KIsJSSlabZZBKyoSPREAmCQj6okAAECpEBACAGAKEpNvK207W1vfql4GLQcAUGZ8q3rZ2doqi/o3/AqFnggATJWx9EQAAKBUCAgBADB6uXl5SSmpyqK3p5r53ADAZFgI4e2pVhaTUlJz8/IMWlEh6IkAwIQZRU8EAABKi4AQAACjl5qaLoROtu1sbd1cnAxdEQCgLLm5OOkN3dClpqYbtp6C6IkAwLRV/J4IAACUFgEhAABGLz0jU2m7OlcyaC0AgHKhf3vXv+1XEPREAGDyKnhPBAAASouAEAAAo5eZmaW0K6kcDVoLAKBc6N/e9W/7FQQ9EQCYvAreEwEAgNIiIAQAwOhl372rtO3tbYvdFwBglPRv7/q3/QqCnggATF4F74kAAEBpERACAGD0cnLzlLa1tbVBawEAlAv927v+bb+CoCcCAJNXwXsiAABQWgSEAACYAJ3SsjBoHQCAcvLf27uuyP0Mhp4IAExche+JAABA6RAQAgAAAAAAAAAAAGaEgBAAAAAAAAAAAAAwIwSEAAAAAAAAAAAAgBkhIAQAAAAAAAAAAADMCAEhAAAAAAAAAAAAYEYICAEAAAAAAAAAAAAzQkAIAAAAAAAAAAAAmBECQgAAAAAAAAAAAMCMEBACAAAAAAAAAAAAZoSAEAAAAAAAAAAAADAjBIQAAAAAAAAAAACAGbE2dAEAAMBM/Thv8ZWrMUKInt06Pde21WM+u06n27PvYPiFiz5Vq3TrHGxna/uYC6g4flu78fCxk0KIZ1q36NWjy2M779WY2B/mLJLtmV9NfWznBQAAAAAAAAEhAAAwjLR0TV5enhAiJyfn8Z/98LGTm7buFEJEXo7OyMx8dUCfx1/DQ8vNzU1P16hUjtbWZfDfctnZd+UfRHLK7bKorqSysrLleQEAAAAAAPCYERACAABzFHU5Wmlfi7lu0FpKJDNTe/Dw0TPnwpOSUjQZGXKljbW1m5vrk00bBT3VzM3VxdA1AgAAAAAAwDgQEAIAAHNUq2b1YydPy7afT1VDl1McjSZjw5/bj5/6t+B4u7s5OQmJt7bt3LNt554nAuu+3L+3UyWVgcoEAAAAAACA0SAgBAAA5qhl8yczMjPDz0f4VK3SvUsHQ5dTpGux1+cuXJap1crF2jWrN23c0KOy2sHBPikpJS4+4WZ8wrnwC3l5eeEXLk798tvXXu7XuMEThq4aAAAAAAAAFRoBIQAAMEcWFhbBz7UNfq6toQspzsnTZ5f/ska2q3p7vTH4FbW7m7K1up+vbGg0GRu37Dhy/OTdnJwlK1aPGTGkrn8tA5UMAAAAAAAAI2Bp6AIAAABQiBtx8Uo62LVT+4nvjtFPB/WpVI4v9+/1wfi3LC0thRDzFi+PT0h8vMUCAAAAAADAmDCCEAAAFCcvL+/Q0RNRV6Jv3ozPys6u4u3l51u1Uf16Vat4F7r/1ZjYyKgr0ddiExJv2dhYV/P1qVWz+pNNGllYWJTqvDqdLvzCxehrMdFXY27fSXV2qlTNz7d+vQD/WjUKnvHgP0dtbKy7dGzvVEmVlZV14VLUxUtRl6KuWFlaVvPzafBEYMP69Qoef826TTk5uUKIbp3au7q6yPUH/jlyLea6EKJJo/r16wXk+1RWVtYfG7YIIWxsrHu90NXG2rrQGuLiE86cO3/u/AWNJsPby7NT8HPVfH3knjduxu07eCgm9oYmI8Pby9PP1+f5tq1UKsf8J8rOnrd4uWy/9ebQOrVrPvAbq+rtNeilvstWrcnLy1u/edvIYYPy7ZCbm3vmXHjUlauXoq5otVpfn6o1q/u1bRX0wCPLP4iY2Bu3kpIdHR2q+fpU9/NtWD/Qzs6uqI/IP76rMbFXr8XGJyS6u7lW8/Ot7ufbpFH9Ev5NSEpO2bs/NCsrWwjRMujJWjWqK5u02qxz5y9cvRYbfS0mKyu7stq9mp/PU00bV1a75zvIsROnL0ZetrGx7tm9s52tbVJyyrZde65EX8vKylKr3TsHP18voE5ZXULJv6Uy/9sCAAAAAABQWgSEAACgSNdiry9atio1NU1Zk5Scci78wrade9q2Cnqha0dbW1tlU/bdu7+v23z0xCn9I8TE3gg9fOyvvQeGvDbQ06NyCc+bcvvOoqUrr9+MU9YkJN6KvBy9Z9/BZk0aDujd097+/0OX+IRE5aQtmj+p/8Y+OQ7v8LGTTRs3fHVAb2vr//8vn9zc3H+OHJftZ9u0UALCI8dPxsTeEEK4uDgXEhBm31XO1f65tsqQPqUGCwuLqlW816zbpHzkVlLyufAL7741okY1v+27927buUfZdPtO6oWLkX/vDx0+5NWAOrX1T7Rt5x75tbd4ulnBdFCn0yXeSrp6LTbh1i1bW1tvT4+Auv62NjZNGzc8fSbs9Nmw8xGXklNuu7u5Kh9JTUufs3BpXHyC/tnPhV/Ysy+0mMDp9p3UJT+vvnotVn9l9NUYIYSDvf2w118uNLm8ffvOwv/+8aXcvhN15aoQwmuXx7BBL3l5ehR1Rik55fbX38/Oys4WQri5uvR6oYuyKfJy9OJlq/T/iOMTEsPOR2zbuadHlw7tn2urn96dv3jpxKkzQoh6AXVcXJy/+3G+siktXXM27HxRAWGpLqG031KZ/20BAAAAAAAoLQJCAABQuIyMTP2wTe3u5ujocOtWslxz4J8jNar7PdW0sdyqycj46vvZSpToYG/v4aHOyMi8lZQsU7oZ34V8/vH7TpUqPfC8l6OvhsxfkpeXJxednZ3c3VyTkpLT0jXytXw3bsZPGv9WwVFcR4+fCj18TFm0sba+m5Mj26f+PevlUblLx3Zl8cUU5+Cho4UW8PPqPzq2f1bJe/Q33c3JWbR05fQpk5ShZrm5uQf/OSK/xt49u+kfPzNTu/qPDWfDzivfj2RpaTnzq6lCiF49upw+GyaE2B96+MXuneXWW0nJ38ycI/M2yamSSqvNupuTo8nI0GRkFHot0VdjZs1brH8iB3t75e9DplY7e8GSHl075nuP4+XoayHzf9L/lMrRMScnR549PiHxq+9nf/3Fx7Y2NkV9h6lp6d/Omif3d6qkeu/tkY4ODnLT3v2hG/7cruxZWe3u6OgQH58od968bVdauqZXjy4Fj3kzLmHVb+vyrfSpWqXQAkp1CQ/3LUll8rcFAAAAAADgIRAQAgCAwu0PPSxzDhtr63Fjhvv6VJXrL0Vd2b5rj5NTpSebNFJ2Xr95m0wHLS0tX+r3YvMnm8r1ySm3Fyz5OS4+IS8v79c/Ng4f/ErxJ83Ly1u+ao2MW1xdnIcOeqm6n6/cdDHy8uJlq7Kys+PiE0IPH2vTsnm+z8oQpZqfT7dOwbVr1bCxto69fnPB0p9lYTv37Hv+mdb6Qw/LT+fg51u1eNrF2Sk+IXH2wqWpqWm3kpJ/WbNeCOHt5Tls0EueHpXz8vK279q746+/ZeU7/9rXo2tH+fFTZ87JaxnY70U7vTGa+QbPqRwdVSrHhMRbQgjv+wPaXF1dZJ50Q2/029qNW5R08Lm2rbp1ai+HfiYk3pq7aFnK7TsFL0Gn061Y/buSe/V9sXvzp5ra2drm5eVduRqzaOlKWcbmrTubNmqgjKTU6XQrflmjfKp75+BnWreQUVZ8QuLGLTvCzkd069S+mHQwIzPz+5D5MrN0sLd/7+1RSqicnHJbSQfr+td6bWBfZ2cnufj3gX/Wb94mGy2bP+nt5ZnvsFt27JZ/OVu3eNqnircmMzMx8VajBk8UfuElvoSH+5byecS/LQAAAAAAAA/B0tAFAACACirqSrRsdGj3rJIOCiHq1K45duSwwa8MUMbwxV6/eezEadke+tpAJR0UQri7ub49apjl/7F3n+FRVH0fx8+W9J6QQhoBQmgiEHqRjpEqHQQV24Ndb3tXVKy35VbsIihFVFBEmiJWeu8lIZDeSSVls0l2nxcHxjVl2YSETXa/n4sXZ2bOzP5nkyuTzY9zjlothDh24pTpFJe1+mvbzoLCIpnlPHTvPCUdlJnQHRfzxR/Xbar19EH9+zx077xOUZFydcDQkNZ3zJ0tDxkMhqSU1FrPalw3zZo25toRXp4eQojAAP+5N0xXDjlotQ/cdbucalWtVo+NGdm+7YWl9WLjzyjd5KyYarX6apOlEzMysxZ+8oUMnAb2673g+Sdfnf/U3XfMlUdNp8oMCgqQ4Z/cTMvIPHEqTravGzV88oQxysSwAf6tnnr0gVqnft26Y3duXr5s33/X7dcM7CejSrVa3b5tm+eeeEhJLr/9fq1y1q49+5W48babbxg9Yqgy0C0wwH/erTe+89r8UcOH1PXW6fX69z5aJK/goNU+fP+dPhenfhVCfLP6R6Xsu++Yq6SDMvUcOXSwbK/d8EutF1er1c889uC0SeMH9Os9atg1N0yf7OHuVrNbvW6hYe+Sqcv/bgEAAAAAAGgAAkIAAFC7youzGiYmp5jvuW3XhZkSw0KDu5lkWpKbq+ug/n1kWy7vZ8Zf23bKxshh13ibhENSVGS7Vn6+chCV6cqIkouz84wpE2UYqWgTFurmemGNPSUzazouzs69o7ub7ols31Yp6epuXaot+Nc7uodsnDuXp+yUdUZFtlNONBqNS79eJdtzZk6ZOfV6GW6djD0td3buFKWcLtPcwovvz59/75ANB6125LDB1Qp2cnQMDw2peSO//7VNNiLahEW2i6h21M3NdfSICyFZ7OkzJSUXJind8udW2QgKDOhe2/g8jUZTc6dUVVX1wcVVEtVq9X/unWeaXJaV6WJPX0jFZk69vtpXWQgRM3q4bKSkptV6/ckTxshvHvPqdQsNe5cUjfLdAgAAAAAA0ABMMQoAAGoX0Sb8bGKyEOLEqbh3P/xsXMyoqMh2tfZMS8+QDR9v79NnEmp2KC0ru9AzI7NP3a9oNBqVwVvOTo61XkqRnpllOobMDB8fLzllZX5+gSX9G52bq4tcQLF1UGC1Q74+3rKhTBwq59KU4+SUPQcOHU3PzBJCdO3c0XSApjI0sF1EuLLTaDDIOFBuZmRlyUbP7t0cTSYsNcP0CzF00IBa+wzq33f9z1tkOzM7Rw5uy7v4Dg8fMsiSF1IUFBat+Pb7pOQLQzzvv+u20JB/LRCo3IWMEs18b5wvLqmqqqqWRAYG+A8Z1N+SSiy/hQa/S+bV97sFAAAAAACgAQgIAQBA7YYOHrB1+y65GF5iUsqHny1xcnSM7nn14P59TGccFUJkZeXIxpFjJ44cO2Hmmjnncs0cVWZrFEKs2/Sr+fLO5Vo6iEp7MSozGI0WntK4lAKcauRzDjVW49Pr9XJNO3eTCTBPxcXLxrRJ4007n44/K5ddNM3D5DsTEHAhX1RGmwX4+1lYsOmqhK1a1T7qztXVRa1Wy1Izs7Lbt21TWHReWY0vMKCWaUvNeOGV/yrtO2+7qV1E9SAtPeOfgPCjz7+8ZP3VBgu2rrEqYa3qdQsNe5cuWUO9vlsAAAAAAAAahoAQAADUztvL8z/3zlu8bKWS25Xr9Tt379u5e1+b8NCbb5iuZDDler1sqNVqTY25H021bRNm5mhhYZHSVgbA1UqtVlsY+bQ4Sj5UUVGp7JSrJzo5OipjyIQQyalp8p3v0P6fkZ1VVVVyHF7rwEC58qIy2szH21tYxnQuVm+v6hO9Ktzd3eREr7L/OZP016fusy7p9JmELiYzpkoFFn9vODs7eXi4N+yl63ULDXuXAAAAAAAAmgMCQgAAUKfQkNbPPfHQiVNx23ftPRl7WhlclZSc+tZ7Hz/7xH/c3dzkKoNyDs85M6f07tn9Uletk5/JqK8Xnn7Ew72BMU+Lplar5Ziz8+f/WWQxLy9fCOHi4mzac9uOC0s/Brf+Zy7KA4eOykGfV3XtJK+mHKqoqLCwBvlllXQ6nWcdeVu5rvxif1e55J5yqLSsrOYSkmbMu/XG3/7ceiYhSS7sF9EmrNr6f/4Xh+h5enq8/Ozjll+5Xup1Cw17lwAAAAAAAJoDc//HHwAAQKVSde3ccd6tN771yvNzZ89QRg2W6XTbdl4IqIIC/WUjMzP7cl7L28tTCbSUaUutxkrzkSqTi6ZeXNlRpmJyFF1xSYncczYxefe+A7KtvTi/aEFB4fdrN8j1C5WAzePiVKX5hYXCMgEms2uaTqRpymAwKCNHgwIDhBD+rf6ZwjTH4glgpa6dO979f7co311fLv+22ni7oIsDRotMZgFtdPW6hYa9SwAAAAAAAM0BASEAALCIRqOJ7tHt6UcfCA8LkXsSEpNlQ0k+jhw/eZmv4nNxzNblX6phXJwvjNIrLDp/qb5NJbJdhBAiNS2jvPzC4LO2bcJl4413P/ztz60/rv954SdfKP3Xbfo19vSZP7fuePN/H8kJRWdMmagc9bk4K2lKarqFBTg6OCjvw8nY07X2OX0mQWm3DgqU3yFKGHniZGx97ljIiUPvu/M2OX2owWBY+OliJVqrlq4pKzI2unrdQsPeJQAAAAAAgOaAgBAAANSDRqO5+uLQNEdHR9no2rmjbGRl5xw8fPRyrq9c6q9tOwvqGJXVpAL8LwwLO5uYVPNoXPyZK1BD925dZWPX3gtjBMdcO0I2iorO/7Rx8x9/bzcYDP37RN8xd7YQ4lxu3keff7lm3aaS0lK1Wn3nbTd1aN9WuVpw6yDZOHEqrqhG6pmdc+54bUlYVIf2svHXtp2mQZ1iwy9bZMPF2VlZGbF92wil8qLzxfW9cR9vrztvv1m508VLVyqHnBwdlS/Ndz/8ZGyk8Z2VlZV5+QWmV6vXLTTsXQIAAAAAALA6AkIAAFC7s4lJK1etSUxOMd1pNBoPHDwi2xHhobLRtXPH9m3byPaKb384fOyE6SkGg2Hn7n1Pz3/tvY8+r6qqMv+i468bJceQCSH+99HnmVn/mrNUpyv/cf3Pjz794rqNmy/7/mqnxGnncvP27D+o7Dcajet/3rJs5eomel1TXTp2cHJ0FEL8uP7nvPwCIUQrP98nHr4vok2Yg1broNVGtouYMWXiDdMnd+vaOWbkMDns0sfbq3/fXk8+fF+XTlGmVxs5dLDS/vyrFaVlZcpmcmram+9+KAcdVjN14lg53avBYHj/40XK1KbyrVj94/qk5FS5OX3KBGVi2EkTxijdFn7yRWFhkek1d+3Z//izL6/+cb2Ze+/Qvu2k8dfJ9qm4+J+3/KEcmjNzimzkFxR+uniZ6Y3Ir9dnS5Y/+vSLx06cMnN9U2fOJj727Msvvvb2My++rpRar1to2LsEAAAAAABgdVprFwAAAJqjcr3+k0VLy/X6XXsPdOkU1btnd28vz/zCwl9//1uGdmq1unfP7kr/2TOmvPzGu0KIisrKxUtXhoUGR4SHubm65uTmHjt+Sg6uOpuYvO/g4X69o828rpOT07TJE1auWiNzoNfeXtixQ/vQkGCVEBlZ2cpYty1/bh00oG9TDMnq06vH2vU/y4JXfPvD/oNHwsNCMjKz406fqXWIWFNwdHScO2fGZ0uWGwyGxctWPnL/XSqVKjgo8KF759XsPDZm5NiYkWauFuDfqnPHDnIOzOSUtPmvvNUxKlKlUiUkJdccUKjw8vKMGTVs0+bf5WSn8195q1PHDgGt/EpKS2NPn1GW3AsNad2rx9XKWT7eXiOHDv7tr21ybOLLb7zbtXPH0NDgkpLSo8dPnsvNE0Js3bF78IC+ZhbkGz5kUGJSyqGjx4UQmzb/3iYstHPHDkKIiPCwnt2vOnj4mJzSU95IcFBgmU6XkJScnJImT//6uzWvzn/Kkvd54+bf5HKGJaWlf23bOXFcTH1voWHvEgAAAAAAgNUREAIAgFpUVVa1bh2YmJQip6Y8cSquWoe5c2Z4eXkqm638fB+85/8WL/36fHGJXO6u5op3A/v17tur5yVfun+faIPBsGrNOhnexJ4+E3u6+sSec2ZOaaIJGx0dHGZMmbjsmwsjBU/FxZuueDdl4tjf/9pW8O9RZU2ha+eO0T26HTh0NCU1fcsff48eMfRyrnbD9Mnvf7xIhlvlev0RkyGe3bp2vvqqziu+/aHmWTEjh2k1mnWbfpW579Eaq0J269p59ozJ1XaOu25URWXl39t3ybMOHT0uoz7JQau97eYbzKSD0k03TEtNz5AFf7Zk+XNPPCS/3HNmTnV1cdm+a69yI0f+PVzVxdn53nm3WPi2mM4sWmUwNOwWGvYuAQAAAAAAWBcBIQAAqIWrq8tD9847dOTYpl//yM45ZzCJT6Ii202fPEFZEE7RLiL8+aceWbdx89HjJ/NNlg900Go7d4q6btSwkODWtb6WspahYmC/3p07dli1Zl1iUkpJaamy38PdrWf3bqNHDPX0cK95HQdHh4bdrIPDv07sHd3d19dn6dffKXfhoNW2jQgfc+2IdhFtiorOb/lza52XMluDMnuqJWZNvf7kqdNlOt36n7ecioufPWOKn6+P+VMMBsPxk7FarVYOuVN4eXo8+cj9q35Yd+jIMTkOUq1Wh4UG9+7Zfcig/vkFhS7OzjUnGlWpVKOGD7mqS6c16zalpKYrXwgHrTYw0H/UsGt6du9WswaNRjP1+nFdO3f8acMvGVnZyneOt5dn24g2U68f5+HuVu2UmnNvarXa+++6/d0PPi0oLDIYDIu+XPH4Q/fKl54xZWJ0j6t/2vhLenpmRWWlckpggP+Avr0GD+xX65tc69dl+JBBZxKS5GUH9uvdsFto2Ltkpqp/jtbnuwUAAAAAAKBeVKb/dRoAALREh47/M7yvR9cos30bwmg05uUX5OcX+Pn5ent5qlSqS55SVVWVlZ1jMBg83N1NBxo2QHl5eWZ2joODg5enh5ur6+Vcqr70en16RpaLi3NggP+VfF1FYlLKZ0uWK5nT6BFDhw8ZWOubcL64ZOuOXX9v2yVzvjdeetbZ2anWaxYWnT9//nxw66D6LoknvxDenp6Wf0GNRmPOudyKysqgAH+NRlOvl7NE0fnivLx8V1cXLy9PpxoxsyXOFxefy80Lbh1U1+n1vYUGvEuA5Zr6p/3laM61AQAaCz/tAQCwJQSEAAC0eHxQt2H6iooNP2/5c+sOZY8cmhbSurWrq0tefkFuXl5ubr7p+L8O7dvecuNMd7fqA/UAtHTN+ad9c64NANBY+GkPAIAtYeYiAACA5svRwWHyhDED+/Ve9s1quaxjRWVlalpGalpGzc49u1913ajhl1zhDwAAAAAAAHaOgBAAAKC5Cwzwf/SBu/PyC06cios/m1BUdP58cYmTk6Ori0uAfyv/Vn7+rfzCQoM93GtZmhEAAAAAAACohoAQAACgZfD18R48oO/gAX2tXQgAAAAAAABaNrW1CwAAAAAAAAAAAABw5RAQAgAAAAAAAAAAAHaEgBAAAAAAAAAAAACwIwSEAAAAAAAAAAAAgB0hIAQAAAAAAAAAAADsCAEhAAAAAAAAAAAAYEcICAEAAAAAAAAAAAA7QkAIAIANUCkto1XrAAA0kX//eFfV2c9qeBIBgI1r9k8iAABQPwSEAAC0eFrNPw/0yspKq9YCAGgSpj/eTX/sNxM8iQDA5jXzJxEAAKgvHucAALR4jg4OSlun01u1FgBAkzD98W76Y7+Z4EkEADavmT+JAABAfREQAgDQ4rm4OCnt4pJSq9YCAGgSpj/eTX/sNxM8iQDA5jXzJxEAAKgvAkIAAFo8d1cXpV1QVGzVWgAATcL0x7vpj/1mgicRANi8ZqhWHfkAACAASURBVP4kAgAA9UVACABAi+fp6S6ESrbL9fr8wvPWrggA0JjyC8+X65WJ3VSenu7WracmnkQAYNua/5MIAADUFwEhAAAtnkat9vPxVDYzs3ONVq0HANCIjEJkZucqm34+nhp1s/scx5MIAGxYi3gSAQCA+uJxDgCALfD39Vba5Xp9anqWVcsBADSa1PQsk0Eb//qB36zwJAIAW9VSnkQAAKBeCAgBALAFzs5OAX4+ymZufmFG1jmrVgQAaAQZWedy8wuVzQA/H2dnJ6tWVCeeRABgk1rQkwgAANQLASEAADYiOMjf1dlZ2cw6l5eSnsUMbwDQQhmFSEnPyjqXp+xxdXYODvK3alGXwJMIAGxJS3wSAQAAy6mMRj6vAQBgI3S68vjE1MqqKmWPk6NjUICfj5eHVesCANRPfuH5zOxc0/nctBpNZERo8x+0wZMIAGxDy30SAQAACxEQAgBgU0pKyxKS003/Miv/OOvt6e7u5urs7KjValXWKw8AUCujEJWVlTqdvriktKCo2PQPsvJvsm3Dg91cXaxXYD3wJAKAlsiWnkQAAMASBIQAANgana48OS2rVKezdiEAgEbg6uwcHhLYskZs8CQCAFvSEp9EAADgkggIAQCwTemZOdm5+dauAgBwWQL8fFruak88iQDABrToJxEAADCDgBAAAJul05Xn5BXk5hcJweMeAFoWlZ+Pp7+vd0sfrsGTCABaLBt5EgEAgLoQEAIAYOOqDIaiouLi0rKysnJ9RUVllYG/0gJA86PSatSODg4uLk7uri6enu4atdraJTUankQA0BLY8pMIAADUREAIAAAAAAAAAAAA2BH+KxAAAAAAAAAAAABgRwgIAQAAAAAAAAAAADtCQAgAAAAAAAAAAADYEQJCAAAAAAAAAAAAwI4QEAIAAAAAAAAAAAB2hIAQAAAAAAAAAAAAsCMEhAAAAAAAAAAAAIAdISAEAAAAAAAAAAAA7AgBIQAAAAAAAAAAAGBHCAgBAAAAAAAAAAAAO0JACAAAAAAAAAAAANgRrbULAAAAjcxgMKSlpcWfOXv6dLwQIjKyfWT79iEhwRqNxtqlAQAAAAAAALA+AkIAAGzKiRMnn3zmuePHT1Tb7+bm9vSTj82YPk2tZv4AAAAAAAAAwK7xJ0IAAGzH8hUrJ0yaWjMdFEKUlJQ889z8WbNvTkpKNt1fUFg4bcYNMWMnxMefuYKVNtwjjz0RM3bCj2vXWbsQAAAAAAAAoKViBCEAADbiVGzsCy++rGyOG3tdl86dtQ7ahLOJ6zZsLCkpEULsP3AgNS2tTZtwpVtsbNzBQ4eFEFnZ2ZGR7a1Uu6X0er2MBhMSE61dCwAAAAAAANBSERACAGAjXlrwmmz4+fku+2pxx6go5dAzTz/x+RdL3l/4Yb9+fQcNHGB6Vnp6+hWvtOEyM7OsXQIAAAAAAADQ4hEQAgBgC/R6/e7de2R7wUvzTdNBIYSrq+uD999769ybXVycq52YkpJ6Bcu8XGktKs4EAAAAAAAAmicCQgAAbMGZswlKu3ev6Fr7eHp61NyZnJLSlHU1srQ0AkIAAAAAAADgchEQAgBgCzRqtdJOTEzy9fW95CmFhUUZmRlHjx2Xm7Gxcc7OTrKtVmt69ugu258vWpyblxcSEnzTnNlCiCNHjy1fsfJUbKwQolvXrvfcfWdISLByTYPBsGfP3uMnTx47diIjIyMgwL9L584DBvTvfnW3usooLS3dsXP3yZMnjx47XlxS0iY8rHPnTiOHDze9rBCirEyXkZmxZ+8+uZmWlrb/wAHlaJfOXWoOjgQAAAAAAABQK5XRaLR2DQAA4HJVVFR06noh0uvXr+8nHy6sdbygYsmXSxe8+npdR93c3I4c3CvbMWMnxMefEUIcPbx/06afH3/yGdOeXy7+/JrBg2Q7Kzv7yaee/XvrtpoXnHvzjY8+/B9XV9dq+w8fOfrgQ4+m1DaKccFL82fOmKZWq4UQx44dv37KdDO38/OGnzp0iDTTAQAAAAAAAIBCbUEfAADQ3Dk4OChj/nbv3jNl2sy1P63X6/V19XdycqrvS2zfvqNaOiiEiGzfXjaOHTs+Omackg526tjx2tGjIiMvHP1q6fJ5d91b7b8lrVr9w5RpM5V0sFd09MgRw4OCAuXms8/P//iTz2Tb0dGxvtUCAAAAAAAAqAsjCAEAsBEnTpycMGmq6R43N7epkyeNGRPTu1e0Wv2v/xVUWVmZnJJiNBonT51ZUlIihHj91QXR0T3kUY1aExHRRraVEYRSWFjYLTffGBAQkJmZWa4vv2ve/6lUqqqqqsnTZh4/fkII0bVrlzdff6VTx46y/8FDh+974D+ZmVlCiHfeevP6iePl/qysrIHXDJftiRPGP/fMk8q0qKu/X/PEUxeSyN9//blNm3AhREpKir6i4o033/7t9z+EELNvmHnL3Jv+qSo0lBARAAAAAAAAsBBrEAIAYCO6dOm88L13n3z6WRn4CSFKSkqWLl+xdPmKsLCw22+be8PMGVrthUe/Vqtt17atEMLZ2Un2Dw5u3b5dO/Mv0bNH96+Xf1Uzivv+hx9lOujm5rbos48D/P1NT1n4v3emz5ojhHjltdeVgPDNt96RjT69e7315msajUY5ZdrUybm5ubLDhx9/+ubrr8hgUgihzJvq6+t7yWoBAAAAAAAA1IopRgEAsB1jx8T8+suGG+fcUG1/SkrK/BcXXD95+tmEhMu5/huvv1LrQL2V33wrGw/cf49pOihFR/fsFR0thMjNzcvLy5PJ5Y9r18mjTz35uGk6KN18042ycfjIkcspGAAAAAAAAEBNjCAEAMCmBAYEvPjCc08+/tiff/29+dctP61brxw6FRs77857165Z5ebm1oArP/Tg/bUO2jMYDEeOHpNtN1e3g4cOm7lIQmKir69vQkKisqeqstLMKfHxZyorK5WBjwAAAAAAAAAuH39uAwDABrm4OI+57tox11370vzn1qz96a23/yfnEU1ITFy85Kv777unAddsV8eUnhkZmUr72efnm79Iamp6r+joM2f/GcgoZx81IysrOyQkuJ7FAgAAAAAAAKgTASEAALbMw8Pj5hvnDOjXb+qMG2RGeODgocZ9idy8PKXt5+drpqeDg0PbthFCiJxzORae4uPj4+trrgMAAAAAAACA+iIgBADA9nXoEDn7hpmfL1oshNh/4GDjXrx1UJDS3rxpvbe39yVPCQ0JkY1OHTtuWLemcesBAAAAAAAAYJ7a2gUAAIAroUNke9nw8HBv3Cv7+7dSFjVMTEq25JSIiDaycSo2tqqqqnHrAQAAAAAAAGAeASEAAHZBWfbv6m7dGv3iUR0iZWPbtu2W9G8T3kZp79t/oNHrAQAAAAAAAGAGASEAALZgw8ZN7aO6LHj19bIyXc2jaWnpn362SLa7dO5U6xV0ulpOtNDQIdfIxrvvLczOyblUd+Hi4tyndy/Zfv2N/xoMhvq+oq622wQAAAAAAABgCQJCAABavILCwqeeeV4IseTLpWPGX79+w0bTeTu379g599Y7ZNvNzW3WzBmm53p6eMrGtm07ZCM7J6ekpKReBdx++61+fr6yfedd9yb9e6LR0tLSjz75rO+AwXIRROmF55+VjSNHjz3x1LPFxcWmp2RkZD71zHN9BwzeuWu36X4Pdw/Z+O33P5SLZ2Vn16taAAAAAAAAwM6pjEajtWsAAACXJT8//+57H9i7b7/pzk4dO3p4uJ9NSMjNzVN2vvXm65MnTTTtduc9923Z8rtsT5ww3tPTY/mKlb2io7/5eqlarRZCxIydEB9/Rgix8L13x46JqauGTT9vvu+B/yibk66f0DEqSqVSnTl7dtXqH5T9O7b9GRgQINsvvvTK0uUrZDsoKHDE8GHt27UrLi4+cvSYkv+1jYjYsnmjcvrSZStefPkV2e7Xr2+P7lev/v4Hna78jy2/KAklAAAAAAAAAPMICAEAsAVVVVWLv1z6+hv/NdNn/gvP3jj7BpVKZbpz+46dN99ye83O365c3rtXtOUBoRBi/YaNTz/7gpnRhx9/+P61o0cpm3q9/sOPP/3gw4/r6h8WFrbos48j27dT9uTm5g0fFVPzJR55+D/33DXPTG0AAAAAAAAAFJr58+dbuwYAAHC51Gp1r+ieMdeOqqysTExKrqioUA6FhYWNHjXys48/HDxoYLV0UAgRHhYWFBS4a/ce5ZTIyPbvvPXmgP795ObyFSvz8vKFEJMnTWzXtq2ZGqKiOkyZMun8+fOlpWUFBQXK/sjI9jffOOeD99+9qmtX0/4ajWZA/37Dhg7JzcsrLCwsKytTDvXr1/e+e+565eX5/v6tTE9xdXXp27f3rt17i4qK5B4/P98nHn/k1rk3yfGOAAAAAAAAAC6JEYQAANiaqqqqc7m5uedyhRARbSNcXVwueUplZWVqapperw8Obu3u7n75NZSWlSUnJzs6Orbya+Xp6WHJKfn5+RkZmR6eHq38Wrm4OJvpaTAYsrNzCgoL/Hz9qiWIAAAAAAAAAC6JgBAAAAAAAAAAAACwI0zGBQAAAAAAAAAAANgRAkIAAAAAAAAAAADAjhAQAgAAAAAAAAAAAHaEgBAAAAAAAAAAAACwIwSEAAAAAAAAAAAAgB0hIAQAAAAAAAAAAADsCAEhAAAAAAAAAAAAYEcICAEAAAAAAAAAAAA7QkAIAAAAAAAAAAAA2BECQgAAAAAAAAAAAMCOEBACAAAAAAAAAAAAdoSAEAAAAAAAAAAAALAjBIQAAAAAAAAAAACAHSEgBAAAAAAAAAAAAOwIASEAAAAAAAAAAABgRwgIAQAAAAAAAAAAADtCQAgAAAAAAAAAAADYEQJCAAAAAAAAAAAAwI4QEAIAAAAAAAAAAAB2hIAQAAAAAAAAAAAAsCMEhAAAAAAAAAAAAIAdISAEAAAAAAAAAAAA7AgBIQAAAAAAAAAAAGBHCAgBAAAAAAAAAAAAO0JACAAAAAAAAAAAANgRAkIAAAAAAAAAAADAjmitXQAAAGhaVQZDUVFxcWlZWVm5vqKissoghNHaRQEAAABoVlRajdrRwcHFxcnd1cXT012jZlwBAAC2TGU08idCAABsk05XnpNXkJtfRCIIAAAAoD5Ufj6e/r7ezs5O1q4EAAA0CQJCAABsU3pmTnZuvrWrAAAAANCCBfj5BAf5W7sKAADQ+AgIAQCwNTpdeXJaVqlOZ+1CAAAAALR4rs7O4SGBDCUEAMDGEBACAGBTSkrLEpLTK6uqTHc6OTp6e7q7u7k6OztqtVqV9coDAAAA0AwZhaisrNTp9MUlpQVFxeV6velRrUbTNjzYzdXFegUCAIBGRkAIAIDt0OnK4xNTTdNBJ0fHoAA/Hy8Pq9YFAAAAoCXJLzyfmZ1rGhNqNZrIiFDGEQIAYDMICAEAsB1xZ5JNZxb18/EKDQ5kvCAAAACA+jIKkZqelZtfqOxxdXaOah9u1aIAAECjUVu7AAAA0DjSM3NM08HAVr5hpIMAAAAAGkQlRFhwYGArX2VPqU6Xnplj1aIAAECjISAEAMAW6HTl2bn5yqafj1frwFZWrQgAAABAi9c6sJWfj5eymZ2br9OVW7UiAADQOAgIAQCwBTl5BUrbydExNDjQquUAAAAAsBGhwYFOjo7KpulHDwAA0HIREAIA0OJVGQy5+UXKZlCAHzOLAgAAAGgUKiGCAvyUzdz8oiqDwaoVAQCARkBACABAi1dUVCyEUbadHB19vDysXREAAAAA2+Hj5WEyiNBYVFRs3XoAAMDlIyAEAKDFKy4tU9renu5WrQUAAACADTL9oGH6AQQAALRQBIQAALR4ZWXlStvdzdWqtQAAAACwQaYfNEw/gAAAgBaKgBAAgBZPX1GhtJ2dHc32BQAAAIB6M/2gYfoBBAAAtFAEhAAAtHiVVQalrdVqrVoLAAAAABtk+kHD9AMIAABooQgIAQCwAUalpbJqHQAAAABs0r8/aBjr7AcAAFoIAkIAAAAAAAAAAADAjhAQAgAAAAAAAAAAAHaEgBAAAAAAAAAAAACwIwSEAAAAAAAAAAAAgB0hIAQAAAAAAAAAAADsCAEhAAAAAAAAAAAAYEcICAEAAAAAAAAAAAA7QkAIAAAAAAAAAAAA2BECQgAAAAAAAAAAAMCOEBACAAAAAAAAAAAAdoSAEAAAAAAAAAAAALAjWmsXAAAAWpi8/IIzZxOFEIGB/uGhIZfsn56RmZGZnZGVXVFR0TowoHXrwLCQYLX6Ev9LyWAwJKemZWZmZ2bnaNTq1kGBrVsHhrQOqm+1ZxKSSktLhRChIcE+3l6X7J+UklpUdF4IEdw6yM/Xp16vZTAYTsXFV1VVCSHCw0K9PD3qW60iKztn/c9bKioqhl0zsFNUZIOvY4mCwqK09IzU9Izi4pLgoMCQkNZBgQGODg5N+qIAAAAAAACwIgJCAABQD4nJKR98sriislIIMah/H/MBYWJyynff/5SWkVltv6enxw3TJnXpFFXXiYeOHl+9Zt354pJq+0NDWs+cer0lqaR0Ki7+40VfyfaMKRMH9e9zyVMWfvyFvDsHrfbl555wcXG28LWEEN+v3bBt5x7Znjt7RnSPbpafa8poNL730aKS0lIhxMnY0/OfftSSaLMBCgqLln+z+vSZhJqHevfsPm3S+HrdPgAAAAAAAFoKphgFAACWOnT0+LsffCbzs0vavmvvux98VjMdFEIUFZ3/dPGyn7f8UeuJK1etWbLsm5rpoBAiNS3j7fc/ORUXb0kBRUXnF325wpKetaqorFz/86+W9z+Xm6ekg5epuKREpoNSRmZWo1y2mrj4sy++9nat6aAQYt/Bw8+9/MbR4yer7f/o8y+ffen1rTt2N0VJAAAAAAAAuDIYQQgAACyy5c+t6zZutrBzQlLydz/8pGz26dWjfUQboxBx8WcPHj4qd27a/HunDpERbcJMT9y+a++uvQdkW61WDxnUPyQ4SKcrP3z0ePzZRLl/0Zcrnn/qEU8PdzMFGI3GT5csszDLrMu2nXuGDxnUys/Xks7fr91wOa9lyt3NzcXZuUynk5tBgQGNdWWFTle+eOlKg8EgNwP8W0VFtvNwd885l3v8ZKx86YrKylNx8d26dlbOqqisjD19pukySwAAAAAAAFwZBIQAAOASjEbjN6t/VHI7SyxbuVo2nBwdH3/oXiVjG9iv9/AhA99Z+Knc/GHdxofvu1M5S6/XK7FiYID/Q/fOU6a4HDKo/669B1auWiNjqv0HDw8fMshMAT9t3JyallHPG63FqjXr7r5j7iW7JSalnDgVd/kvJ6lUqofum7f+5y16vX74kEG+Pt6NdWXFxs2/KQHkrGmTBvTtpRwyGAw7du+Teed1o4ebnpWXl9/olQAAAAAAAODKIyAEAADm6PX6TxcvU0bv+fn6ODk6ppsdQJaXX5B7MUm6646bq43AaxMWOmrYNVv+3CqESE//1wSkphnb/XfdXm0BvP59onfu2ZeYlCKEOJuYbCYgPHEq7ve/tsl2ZLsIpfgGOBUXfyYhqX3bNua7ffv92ga/RK0CA/xvv/mGxr2mKTkQUAjRq+fVpumgHLg5eEDfvr16VFZVubq4mB7KOZfbdCUBAAAAAADgimENQgAAYM5b73+iBGwd2rd98uH7PD09zJ9y6Mgx2Wjl59suopZorVPHDrJRUVmZX1Co7N9/6MLso3169fBwd6t5Yof27WQjKzunrlcvLCxavHSlbI8fM7pNeFhdPc1Tqy/8mvTN6h+NRqOZnoePnTCfmDY3RqMxMytbtjtFRdbax9HRsVo6KNdZbPrqAAAAAAAA0OQYQQgAAMyJimwn07hB/ftMnzxBpVJd8pSOHdqPuXZEUdH5QQP61trByclRaVdVVSntQf37BLTyq6isHD1iSO2XvhjUedURUhoMhk8XX1h6sF1E+Khh16zb9OslC67V9eNi1qzbJITIzjm398Chvr161vWKqy5Oi9qlU1RefoGSvdVUUFB4MvZ0UmpaSmpaYWFRUGBAeGjI0MEDvLw8q/U8cSru4OFjQoiw0OAhg/or+/fuPxQXf9bXxztm1DC1Wl1QWHQq9nRs/JmExGQvL8+I8LC+vXqEBLc2f2sqlUqtVssFCDMy66zWVLlen5ubp4w7zM3LPxUXrxxtGxHu5OhY99kAAAAAAABoXggIAQCAOZMnjPHy8vTz8Ynu0c3CU0KCW5vPqEwjND9fH6XdKSqyrgFtctzb8ZOxsh0aElxrn7UbfknLyJRrH94+d7YlcWZdIttFdOkUJWc9/WHtxp7duzloa/nFaeuO3eeLS2R76vXjPv9yRV3F/7Vt59oNv8hYTjpfnHD6TMIfW3fMnT29x9VXmfY/GXt6z/6DQoi8/HzTgPBk3On9B48IIUJDWpeWlX393RrlUH5BYWJSyp9bd0yeMGbYNQPN311QgL8c9bh1+65ePa4ODTH39TqbmPTeR4tM95yKizcNCB978O66viIAAAAAAABohphiFAAAmKPRaEYPH2J5OmiJbTv3yEaAfysLMzyDwbB2wy/KTJ7DawvAjp+M/XPrDtm+45Y57m61TFJaL1OvHycbZTrdlt//rtmhXK9ft3GzbA/s17vaaouK0rKyt97/eM26TUo66KDVKlOYGgyGJcu/VVZttNCKb39Q0kG1Wq1cTQixZt2ms4nJ5k9vGxEuGxWVlW8v/OSnjZvPFxfX1VlbWzIKAAAAAACAlos/9wAAgCsqISk5KTlVtq8bNdx858ys7IzMrKzsc39v31VSWip33jJnRs11EAsKi5Ys+0a2RwwdHBXZ7vJLbeXne83Aflt37BZCbP79r8ED+3q4u5t22LT5dzmdqVqtHj9mdF3X0Wg0WVkXFk0cds3AkcOu8fRwl4nmoq++lqnh92s3zLv1RstrK9PphBD9+0QPGtA3LCRYCHHw8LFl36y+eLX1jz14j5nTx48ZfeDQUXkRg8Hw259bf/tza/u2bfr2jo7ufpXjv+cLDQ8NefrRByqrqr5Z/WNySpoQ4uqrulw3+p+vXYB/K8srBwAAAAAAgNUREAIAgCtHpyv/fMmFSTh9vL0uOTDx8y9XnMvNUzZb+fnedtOsmvOXGgyGjxd9JbO64KDACXVndfU1LmbUrj37KyorDQbDj+t+vumGacqhwsKiP/7eLtsxo4a5ubrWdREnR8cH7rnj2PFTvaO7m2ZpXTt3HBczUq6SGHdxeT/LzZk5xXRlxOge3c7l5m34ZYsQIjUto6qqSqPR1HWuq4vL3f8399MvlimxqxDiTELSmYSkb79f27tn94njrjVNQwMD/OVZctPD3S2kdVB9CwYAAAAAAEAzwRSjAADgCjEYDJ8tuZBIqdXqu++YW981As/l5n3z/dqCgsJq+9es2yTXNVSr1XfedpPpfJuXycXFedx1o2R738HDyhynQog16zdd6OPsPHLYNeavEx4aMjZmZM2RdsrSgxWVlaVlZZYX1r1bV9N0UOrbq4fSvuScpW3CQuc//ciIoYOd/j1e0GAw7Nl/8PkF/91/6Ijl9QAAAAAAAKAFISAEAABXgtFoXLzsmzMJSXJz7uzpclCaeTOnXj9p/HVDBvVXOienpC1483/ZOeeUPkePn/x7+y7ZvuXGmd7eXo1b+dDBAzzcLyxn+M3qH2UjPSPz4OFjsj1p/HUODV2lz8ek2oLCIstPrDVZ9fLyrNfVHB0drx8X8/pLz9x52029el5tehcGg2Hp16uSUlItLwkAAAAAAAAtBVOMAgCAJmc0Gpd9s/ro8ZNyc/rkCcrIOfOiItspqwmeiov/dPEyg8FQUVm5as26e+fdKoTILyhcfHHpwf59ortf1aXRi1er1dOnTFy8dKUQIik59cSpuC6dor794Sd51Mfbq1+f6Hpd0Gg0FhWdz80vyMvPzzcdDWk0XmappiMy5WKEllCr1V06RXXpFFU1o2r/oSM/rvtZmXd0+TffP/PYg5dZFQAAAAAAAJobAkIAANC0jEbj8m++33/wwnyVE8deO3hA3wZcp1NU5LRJ47/74SchRFz82ZKSUjc312UrVylJWEFh0WdLllc7Ky09QzZ+/f2v4ydjhRDeXp4zpkys10t3v6pLSOugtIxMIcS336+dM3NqYlKKPDRjykQLJ0rV6/W79x3cd/Cwcm41lxsPXjaNRtO3V8+unTu+s/BTufRjds4582sZAgAAAAAAoCUiIAQAAE1IpoP7Dh6Wm2NjRl5yuT4zort3++7i0L2snJx2bm0cHByUo6fi4s2cm19QKIfrubm61jcgFELMmj7p7fc/kTHkh58tkTvDw0K6dIqy5PTk1LT3P1pUUVlputPF2dnNzVVGcc2Hm6vr2JiRS79eJTczMrNDQ1pbuygAAAAAAAA0JgJCAADQVIxG44pvf1DSwZiRw2JGDqur8/ni4j/+3hEXf6ZPdI+hgwfU2sfJyVFp63TlQohePa+Oiz9r+XSaQgg/P5/63MQF4aEh3bp2VmZJlWZOud6ScxOTUt77eJEs0sPd7ZqB/btd1Tk4KFAeffDx52TDonGIV0RI6yCl7ejoYLYvAAAAAAAAWh4CQgAA0FRWfPfD3gOHZHvk0MFjY0aa6Xwy9vRvf24VQqSkpl99VRcfb6+afZJT0pR2eFiIEKJvr559e/U0c9mfNm6Wl50xZeKg/n0u427EtOvHmQaEV1/VxcKhdb/89qdMByPahN3zf7c4OTpacJI1ZWRmKW3/Vn5WrQUAAAAAAACNT23tAgAAgG36+rs1e/dfSAeHDh4wcVyM+f7R3bup1Rd+M1m2cpXRWH1JPqPR+O33a2XbxdnZ3c2tCao2x9vba9g1A5XNKRPHWnji6fizsnHtiKHV0sFyvb5Ra7RIekbmQ0++8N/3Pqp1dtOqqqof1/8s2wH+rWpdYVFfUdH0ZQIAAAAAAKCpEBACAIDGt3LVmt37Dsj2oP59xoweUVJSJiC1PAAAIABJREFUWvOfnCZU0mq1Qwb1l+0zCUmff7mipLRUOVpUdH7hJ1+kXxzZ1r9vryt7QxdcPy5m7LUjO3Zo//D9d9Y6xrFWjhdDwbz8AtP9hYVFb733sbJZPRFtMl99vcpgMKSmZbzy3/fWbviltLRMOZSRmfXOB58WFBbJzfFjRpue6OLiLBsnTsbJhk5XLld2BAAAAAAAQAvCFKMAAOASDhw6Gn82QdlMS8+QjVNx8d/98JNsOzs5jR8zWg4BXLNu0669B5T+23ft3b5rb10XH3/dqNEjhsr2hDGjj504JYe1HT8Z++xLb7QODPD19cnOOZeVnaOcEhwUOHHstU1wo5emVqtjRtW5jGJdwkKDT8XFCyF++GmjnBy1Ql9x+NiJbTv31Gv1xMYSFOCfmZUthDAYDL//te33v7a5ODt7eXkWFhaV6XRKt66dO3a/qsu/TwyQjZLS0lffer9tm7D9B49UGQzzn37Uy9Pjit8HAAAAAAAAGoiAEAAAXMLxk7H7Dh6uuT83L980+Rs1Yoiri4vRaPxz6w7LL56QlKK0tVrtvfNufe+jz+UINoPBkJaRmZaRado/NKT1nbfepExG2iJMHBcjA0KDwbD6x/Wmh9pFhKtUqjMJSVeynltvmnXw8LEV335fUVkp95TpdKbRoBCiR7eus6ZNqnbigH69lfUUs7JzlNT2j7+3Txp/3ZUqHwAAAAAAAJeLgBAAAFyCRqOxvHPNtQPrxdfH+4WnHtm6Y/evv/91vrjE9FCAf6vxY0ZXG9PWdBwcHBp0Vi2/XIW0Drp33q0rvv1embpTCOHj7TXm2hH9ekfvP3REBoSa2lJPx3+vWfjPCzk2pDxFz+5XtW/bZsPm3w4fOW4aDTpotYGB/hPHxnTs0L7mWV6eHnfedtOXy79VTnHQakePHDp6+JDLKQYAAAAAAABXmOoy/4oHAACs7tDxOKXdo2uUVWtpTBWVlRmZWTpdeSs/Xx9vL5VKZe2KLldR0fmcc7laB62Pt7enh7u1y7mgqOh8QVGRXl8R4N/KkqqMRmNefkFxSYmXp6e3l+cVqREAAADWZ6ufOwAAsE+MIAQAAM2Ug1YbHhpi7Soak6enh2fzW6uvvlWpVCo/Xx8/X5+mLAoAAAAAAABNqCWt3wMAAAAAAAAAAADgMhEQAgAAAAAAAAAAAHaEgBAAAAAAAAAAAACwIwSEAAAAAAAAAAAAgB0hIAQAAAAAAAAAAADsCAEhAAAAAAAAAAAAYEcICAEAAAAAAAAAAAA7QkAIAAAAAAAAAAAA2BECQgAAAAAAAAAAAMCOEBACAAAAAAAAAAAAdoSAEAAAG6BSWkar1gEAAADAJv37g4aqzn4AAKCFICAEAKDF02r+eaBXVlZatRYAAAAANsj0g4bpBxAAANBC8TgHAKDFc3RwUNo6nd6qtQAAAACwQaYfNEw/gAAAgBaKgBAAgBbPxcVJaReXlFq1FgAAAAA2yPSDhukHEAAA0EIREAIA0OK5u7oo7YKiYqvWAgAAAMAGmX7QMP0AAgAAWigCQgAAWjxPT3chVLJdrtfnF563dkUAAAAAbEd+4flyvTLFqMrT09269QAAgMtHQAgAQIunUav9fDyVzczsXKNV6wEAAABgM4xCZGbnKpt+Pp4aNX9RBACgxeNxDgCALfD39Vba5Xp9anqWVcsBAAAAYCNS07NMhg/+66MHAABouQgIAQCwBc7OTgF+Pspmbn5hRtY5q1YEAAAAoMXLyDqXm1+obAb4+Tg7O1m1IgAA0DgICAEAsBHBQf6uzs7KZta5vJT0LOYaBQAAANAARiFS0rOyzuUpe1ydnYOD/K1aFAAAaDQqo5G/HAIAYCN0uvL4xNTKqiplj5OjY1CAn4+Xh1XrAgAAANCS5Beez8zONZ1ZVKvRREaEMnwQAACbQUAIAIBNKSktS0hON80IZUzo7enu7ubq7Oyo1WpV1isPAAAAQDNkFKKyslKn0xeXlBYUFZtGgzIdbBse7ObqYr0CAQBAIyMgBADA1uh05clpWaU6nbULAQAAANDiuTo7h4cEMnYQAAAbQ0AIAIBtSs/Myc7Nt3YVAAAAAFqwAD8f1h0EAMAmERACAGCzdLrynLyC3PwiIXjcAwAAALCcys/H09/Xm4GDAADYKgJCAABsXJXBUFRUXFxaVlZWrq+oqKwykBcCAAAA+DeVVqN2dHBwcXFyd3Xx9HTXqNXWLgkAADQhAkIAAAAAAAAAAADAjvBfgQAAAAAAAAAAAAA7QkAIAAAAAAAAAAAA2BECQgAAAAAAAAAAAMCOEBACAAAAAAAAAAAAdoSAEAAAAAAAAAAAALAjBIQAAAAAAAAAAACAHSEgBAAAAAAAAAAAAOwIASEAAAAAAAAAAABgRwgIAQAAAAAAAAAAADtCQAgAAAAAAAAAAADYEQJCAAAAAAAAAAAAwI5orV0AAABoQjk55w4dPpyTcy43N9fZxaVjhw4dOkQGBQWqVKqanVNSUj5btFinK581c1qv6Ghr1AsAsAUGgyEtLS3+zNnTp+OFEJGR7SPbtw8JCdZoNNYuDUALU1FRsWfvvnqdotVo+vXrK9v8fgsAAFAXldFotHYNAACg8W3dtv2dd987cvRYzUNubm6DBg546onHwsPDlJ1Go3F0zLiExES5uWPbn4EBAVewXgCAjThx4uSTzzx3/PiJavvd3NyefvKxGdOnqdXMZAPAUqdiY8dNmFyvU9zc3I4c3MvvtwAAAObxwQwAAFtTWFj01DPP3XLb/9WaDgohSkpKNv+6ZfiomKXLVlRVVV08q1D564kQIjExyfSUgsLCaTNuiBk7IT7+TBOXDwBowZavWDlh0tSa6aB8+jzz3PxZs29OSko23d8UjxgeW4A9CwsNlQ3zv98CAADYOaYYBQDApuzatfuBhx7Jzc0z3Xl1t6uuuqqrh4dHdnb231u3KUdffPmV2Ni4Vxa8KITw8vIKCwtLSUmRhyLahJteITY27uChw0KIrOzsyMj2V/CGAAAtxqnY2BdefFnZHDf2ui6dO2sdtAlnE9dt2FhSUiKE2H/gQGpaWhuTp0xTPGJ4bAE2w8fb+9Zbbjbfx2AwfLV0ubJ5260X+pv//RYAAMDOERACAGA7cnLOzbv7PvkXWCGEn5/v668uGDrkGtM1n4xG446du1597c1TsbFCiFmzpsv9KpVq6ZJFn3+xuKysbNbMGYGBgaZXTk9Pv7K3AgBoeV5a8Jps+Pn5LvtqcceoKOXQM08/8fkXS95f+GG/fn0HDRxgelZTPGJ4bAE2IzAw8NmnnzTfZ9XqH5T2dTHXTp1yYUpS87/fAgAA2DkCQgAAbMeCV19X0sHx48a+OP85by+van1UKtWggQPWrlm15sefAgL8u111lXIoPDzs5RdfqPXKKSmpTVk4AKDF0+v1u3fvke0FL803TQeFEK6urg/ef++tc292cXGudmJTPGJ4bAH2IzEx6cmnn5VtPz/fV16eb3rUzO+3AAAAdo6AEAAAG/HX31vXb9go23169/rfO/9VqVR1ddZqtdOnTbH84skXp2YCAKBWZ84mKO3evaJr7ePp6VFzZ1M8YnhsAXaioqLioUceUzbfe/dtb29vq1YEAADQYhAQAgBgCwwGw9PPPq9svjj/OTPpYF327N33+x9/CiE6RkVNnjRR7iwsLMrIzDh67LjcjI2Nc3Z2km21WtOzR/d331tYXl6uUqlGDB/Wp3evWq9cVVW1+Mulubm5KpXq9ltvadXKr0F3CQBovjRqtdJOTEzy9fW95CmXfMSYdi4r0+3avfvkqdiTJ0/GnY4PCw3t2rXLdTHXdu7UscHXlOsmHjp85PjxEwkJic7Ozl26dL66W7eRI4Y14DEK4Mpb+OHHR44ek+07590xoH+/ah1q/f1WCPHrlt/2HzgYFBh4042zNRpNfn7+nr37du/Zu2//AT9f3+iePa65ZnCP7ldf2bsBAAC4olRGo9HaNQAAgMt1KjZ23IQLq63cduvcZ556ogEXWfjBR/97/wMhxLix173/v3eEEEu+XLrg1dfr6u/m5nbk4N4nn35Wrvvi5ua2d9c2Jyenmj03bvrl/gcfkn12bf/L1dW1AeUBAJqzioqKTl0vxG/9+vX95MOFtY4XVFjyiFE2Dxw4+PBjT6bUNi7w8UcfvnPeHQ24Znl5+bvvLfx80eKaPQcPGrjg5flhoaFm6gdgdXv37Z81+ybZ7tq1y+pvv3Z0dKzWp+bvt9KCV19f8uVSIcTSL7/QarX/d+c9ykT9imeeeuK2W+c2/X0AAABYh9qCPgAAoLnbuXO30h4+bGhjXbbWtK+am2+cIxslJSWbf91Sa5/lX6+UjTmzZ5EOAoBNcnBwUMbn7d69Z8q0mWt/Wq/X6+vqb8kjRnrr7f9NnzVHSQfd3Nz8/P4ZnvjmW+/8uuW3+l6zqOj8lGmzlHQwLCxs5IjhvaIvzIy6bfuOcRMmFxQUWHg1AFdeYWHRfx5+VNl89+03a6aDlnj3f+/PvnFuzXRQCPHKa298/sWSyysTAACg+WKKUQAAbEFKaqrSbte2bWNddsb0qf379zUajZOnzpR/N3n91QXR0T3kUY1aI4To0qVzv359d+/eI4RYvOSrCePHVbvI6dPx8qgQYvasGY1VGwCguXlp/vMTJk2V7YTExIcfffy5F16cOnnSmDExvXtFq9X/+v+pljxipOSUZNmYOmXyXXfeIR9zKampDzz4sJxa8JXX3hwxfJhGo7H8mh9+9Mmp2FgZN7715mvXjh4l92dlZz/y6BM7d+0uKSn571vvvrLgxSZ+zwA00PyXFmRmZsn2gpfmt2/XrmHXOXjosBDi7jvnTZgwtkNkpNFo3LV7z933PiB/hiz84KM5s2e5urg0ZukAAADNAyMIAQCwBefOnVPagYEBjXVZrVbbrm3b9u3aKQs4BQe3bt+unfwXEdFG7rztlguTLx05euzwkaPVLrLy2+9kY9SoEWFhYY1VGwCguenSpfPC9951c3NT9pSUlCxdvuKGOTePGD1m2YqvKysrlUMWPmKEEC++8NxTTz62+ruVb77+ivKfYMJCQ9947RXZTklJSUlJtfya8fFnFi2+MCro4w/fV9JBIURgQMBHH7wvb+Gb71YlJSU32bsFoOF+XLvup3XrZXvUqBGzZk6/nKu9suDFRx/5T8eoKLVardFoBg0csHzphR8RJSUl3/+wpjFKBgAAaHYICAEAsAU6XblshIWFqVSqK/zqw4cNUZK/FV9/Y3qopKTkq6XLZfvWm2+6woUBAK6wsWNifv1lw41zbqi2PyXl/9m7z/goyrUPwJNCCAQIIUhHehOwYOGoqNgFGx4r6mvvFRVRjhV7710sx3bsYG/YsQvYQBGEUKQaekIoyb4fxrPuCcUNBDabva6fH+55dmb23nWcwf3zzEy7csg1Bx506KTJkyu6z7y8vJNOOD56/9Kojh07NGnSOKynTK1Akjf8ldfCYtfeu+y4w/blXq1Xr+5JJxwX1r9OmFDRboENbdq0aRdc+OfztvPzG1x/zVXr86ffg/950BGHlc8XN+/ebdtttg7rL7/8ej2aBQCougSEAFAdtG7156yIadOmxc7P2DgyMjJOPOHPSYQvvTzsjz8Koy+9/uZbYdG+fbuePbfbyI0BsPE1btRoyBWX/fT96HvuuuOA/feLfemX8eNPOfXM1T7ra920+u/lb86cufFvFY39mjZtMua771f9Z9HixeEKE3/7rbJaBSpFaWnpBRcOji7eevONDRo0WOsWf6NWrezVju++265hEXsnfwCA6sQzCAGgOmjfvl20njptWiU+hjBO/Q7Y/8oh14T1Cy+9dPqpp4T1E088HRYnHn/cxp/aCECi1KqV3Wefvfrss9dVV1427JVXb7n1jjAXnFxQ8Ohj/z77rDPWec8LFy6aPXv27DlzZs6cNWf2nHAwEonEv4ex48aFxTP/ee6Z/zy3ljWnT/t9nfsENoT77n9w1OjRYX3C8cfu1GvHDfRGjRr9edP+goIpG+gtAAASS0AIANVBu3Z/JYIFBVM2fkBYt27dk044Pnyk02OPP3HyiSdkZmaOHj3ml/HjgyDIycnZf799N3JLAFQFdevWPeboo7bv2fPgw/qHGeHoMd9VdCeRSGTkZ5+//c57r73+xmonIEaCCgSEs2bNDoucnJzo0wpXq1u3rhVtFdhwxnz3/R133RPWnTt1Gnj+gA33Xg0a5IVFUVHR0qUla5poCACQvASEAFAdxCaCL7z48m679t74PRx15BFhQFhYOG/E+x/ss/dezzz757SM/zv6SL+qAKSyDh3aH9n/8IeHPhoEwajRYyq07aJFi88465wvvvwqdjA/v0HzZs1+mzR5HW5Y2qZ168kFBUEQ3HbLTXvsvmtFNwcSYsmSJWed81ciePutN9WsubaAfz0tXLgwWvtzLABQLXkGIQBUB3l5eV27bhbW77434rPPv9j4PWy6acu99twjrB//95OFhfOGDX81XDzyiMM3fj8AVCkd/ns37Lp168S/1cKFi/ofdUyYDubk5Aw456wXn//Prz//+PUXI4e99Pw2W/cIV0sLKnAX6y5dOoVFGBMCSWHI1ddFp/9eecWlHTt22KBvN3PmrLDYvHu3DfpGAACJIiAEgGpiyBWXResrrry6pKRk7esvW7Zs5cqVldvD8ccdExbffDvqxptvDeu+ffZu3rxZ5b4RAEnnt0mTw2Lz7t3j3+qDDz8M71bdsmXLt9949eyzzthqyy0yMjLWp5O2bduGxYcffbw++wE2mjfefOvlYcPDetfeuxx9ZP8N/Y4jP/s8LNq1a7uh3wsAICEEhABQTWy15RaHHXpwWE8uKDj40P7jf/11TSt/OvKzbf/Ra5++B8ybN69C77L23HG7bbfp3OnPaRkvvTwsLP7v6KMq9BYAJKM33nyrXcfNrrnuhqVLV3Ol+P33GQ8+NDSsN+vSebV7WO0lJjon/uCDDmzWrGm5V5cs+Zv7i652nzv8o2dYfPXV1zJCqPpmzJg5+JLLwzonJ+eG665JS6vApOG1Ky5euurgTz+NjQaEu+y8U2W9FwBAlSIgBIDq44LzBuTk5IT1L+PH992v3/0PPvTTT2OjP4+WlpZ+/8OPAwddfNwJJxcVFU0uKLhiyNXx7Lle3XphMXLkn7+VzJk7d7WPfTr5pBNiFzt36rTdttus38cCoKpbsHBh+PP9Y48/0We/A19/483S0tLoq599/sWxx58U1jk5OUccfljstmu/xNStUzcsZsycGbvV8uXLr7nuhlGjR4eLkSAS/z579tyub5+9w/qiwZd8OvKz2G1LS0vfePOtPfbqe+bZA2I/BZAQpaWl5w8cFP3v9+47b2vYML8S9//ysOH3PfBQ7Mhvkyadde75Yd2mdeu+ffapxLcDAKg6MhPdAABQaRo2zH/huafPv+Ci8G5sQRDccusdt9x6R/jrxqoPW+q14w6XX3pJPHtu175tuO0TTz29YOHCevXqPvX0f7bu0ePZZ55IT/+fv2/UZ5+9rrvhxsLCPycmnnD8MZX3+QCooiJlZZt16fzNt6OCIJg2bdq55w0897yBnTt1qlu3zqTJk6MXhfCG2Jts0jB227VfYqJP2H3+hZdatGjRe+ed0jMyvv/++6GPPL6WJwj+7WXr4kEXvvnWO0EQFBbOO+6Ek3ftvUv37t1y69Wb/vvvb739Tvics8kFBe+NeH+fvffakN8c8Deeefa58NwSuvCiwX+7ySEH/3PQwPPjf4tbb7vjo48+2X77npkZGTNmznzjzbejeeRFgy5Yz3saAwBUWQJCAKhWOnXs+PKLz955973RO7mFVv0V9fwB55x26slx/uRxzNFHjRjxQVi/+trrYTFq9OjRY77bZusesWvWrFnzqCP733X3veE0kb59+qzfBwIgCeTl5T395OOPPv7EDTfeHB2M/m2VqCuvuLTfgfuXG1z7JWbfvn0efuTRiRN/C4LgttvvvO32O6Mbtmndum/ffe6974FV+/nby1bz5s1eHfbi+RdeFO75w48+XvVeo2ecdspee+6xjt8IUEneeOOt2MXYv3CwJpMnr/FvD6zJqNGjozOSo+6+8/Y999i9orsCAEgWbjEKANVNzZo1Bw08/4Vnnz7s0IOjdxyNys9vcPRR/V964dkzzzhtTelgdnatciM77rD9dddeFbu39u3bPf7ow+XSwdDM/94F7vjjjqlVK3u9PxAASSAjI+PkE49/47Vhq159WrZsefA/D/r0o/f/76gjV31y2NovMbVqZT829KF9+/7PLf6aNGl88aCBb7w27Kj+h4cbZv7vFS2ey1bXrpu9OuzFAeectXn3brHb5uc3OLL/4e+89foF5w8oN0se2PjSK2kC36p/vg0dfVT/Z595cusef50c8vMb7Nt3n9dfHRa9FzEAQLWUFolE4lgNAEhKpaWl8+cvmDdvXlFxcW5uvQZ5efXq1VvnnztXrlw5ffrvy5cvb9asaZ06dVa7zqxZs3fcedewHvnxB02bNlmP9gFISqWlpX8UFhb+URgEQes2rWvXWv3v8rH+9hJTVFQ0bfr0lStW5ufnN2nSeNWgcR32GdvwlKlTS1eW5uXlVe7jzYCq6Zrrbnjs8SfCgHDIFZeF54GCKVNyauc0adI40d0BAGwMbjEKANVZRkZGw4b5lfVbZ2ZmZuvWrda+zhNPPR0W+/bdRzoIkJoyMjIaN2rUuFGj+Df520tMTk5O506dKtRGPJetUEZGRts2bSq0c6CaycjIaNe2baK7AADYeNwvBQCoNIsWLY4++/DYY45OdDsAAAAAwGoICAGASvPcCy+GRdeum8U+ygUAAAAAqDoEhABA5Vi2bNnDQx8J6xOOOzbR7QAAAAAAq+cZhABA5Vi4aNEpJ58YBEF+gwYH7L9votsBAIDV223X3k2aNA6CYIvNN090LwAAiZEWiUQS3QMAAAAAAACwkbjFKAAAAAAAAKQQASEAAAAAAACkEAEhAAAAAAAApBABIQAAAAAAAKQQASEAAAAAAACkEAEhAAAAAAAApBABIQAAAAAAAKQQASEAAAAAAACkEAEhAAAAAAAApBABIQAAAAAAAKQQASEAAAAAAACkEAEhAAAAAAAApBABIQAAAAAAAKQQASEAAAAAAACkEAEhAAAAAAAApBABIQAAAAAAAKQQASEAAAAAAACkEAEhAAAAAAAApBABIQAAAAAAAKQQASEAAAAAAACkEAEhAAAAAAAApJDMRDcAAGxYpWVlixYtWVK8dOnSZctXrFhZWhYEkUQ3BUA5aZkZ6Vk1atSqVbNO7Vr16tXJSK8+f5vTlQgSx7mF+FXnowUAWFVaJOIPTwBQPZWULJs7b0Hh/EV+KwFINmn5efU2aVA/O7tmojtZL65EUMU4txC/anK0AABrIiAEgOppxqy5cwrnJ7oLANZLo/y8Zk02SXQX68iVCKos5xbil9RHCwCwFgJCAKhuSkqWTf19dnFJSaIbAaAS1M7O3rR54+SawOFKBFWfcwvxS8ajBQD4WwJCAKhWioqXTp46Y2Vpaexgzays+vXq1MmpnZ2dlZmZmZa49gBYrUgQrFy5sqRk+ZKi4gWLlixbvjz21cyMjDabNsupXStxDVaAKxFUHc4txK86HS0AQDwEhABQfZSULJtYMD32d5OaWVlNGuXn5dZNaF8AVMz8hYtnzSmM/XE2MyOjfesWVX/2hisRVGXOLcQveY8WACBOAkIAqD5+/W1q7D2X8vNyWzRr7G9SAySjSBBMnzG7cP7C6Ejt7OyO7TZNaFN/z5UIqjjnFuKXpEcLABCn9EQ3AABUjhmz5sb+btK4YYOWfjcBSFppQdCyWePGDRtER4pLSmbMmpvQpv6GKxFUfc4txC8ZjxYAIH4CQgCoDkpKls0pnB9dzM/Lbdq4YUI7AqASNG3cMD8vN7o4p3B+ScmyhHa0Rq5EkEScW4hfEh0tAECFCAgBoDqYO29BtK6ZldWiWeOEtgNApWnRrHHNrKzoYuwJv0pxJYLk4txC/JLlaAEAKkRACABJr7SsrHD+ouhik0b57rkEUG2kBUGTRvnRxcL5i0rLyhLa0Wq4EkHScW4hfklxtAAAFSUgBICkt2jRkiCIhHXNrKy83LqJ7giAypSXWzdm6kZk0aIlie1nVa5EkIycW4hf1T9aAICKEhACQNJbUrw0WtevVyehvQCwQcSe3mNP+1WEKxEkKecW4lfFjxYAoKIEhACQ9JYuXRat6+TUTmgvAGwQsaf32NN+FeFKBEnKuYX4VfGjBQCoKAEhACS95StWROvs7Ky1rgtAUoo9vcee9qsIVyJIUs4txK+KHy0AQEUJCAEg6a0sLYvWmZmZCe0FgA0i9vQee9qvIlyJIEk5txC/Kn60AAAVJSAEgGogEq3SEtoHABvI/57eI2tcL2FciSApObcQvyp/tAAAFSMgBAAAAAAAgBQiIAQAAAAAAIAUIiAEAAAAAACAFCIgBAAAAAAAgBQiIAQAAAAAAIAUIiAEAAAAAACAFCIgBAAAAAAAgBQiIAQAAAAAAIAUIiAEAAAAAACAFCIgBAAAAAAAgBQiIAQAAAAAAIAUkpnoBgAAAKAC5s7947vvv58794/CwsLsWrU6dejQoUP7Jk0ap6WlrbryIYf1/3XCxCAIbr35hj332D0R/QIAAFQ5AkIAAACSw6cjP7vt9jt/+PGnVV/KycnZcYftB1904aabtowdX7xkSVFRURAEK1as3IidAgAAVGluMQoAAEBVt3DhosGXXHbcCSevNh0MgqCoqOjd90bsusfeTzz5dGlp6UZvEAAAIJmYQQgAAECV9uWXX51z3gWFhfNiBzfv3q1bt65169adM2fOJ5+OjL465Oprx4//9dprhiSoWQAAgCQgIAQAAKDqmjv3j1NOPyu8TWgQBPn5DW647ppddt4pIyMjuk7jSIVIAAAgAElEQVQkEvn8iy+vu/6mX8aPD4LgiCMOTVy/AAAASUBACAAAQNV1zXU3RNPB/fbtO+TKy+rn5pZbJy0tbccdtn9l2AvDhr/aqNEm3bt1S0SnAAAASUNACAAAQBX18Sefvv7Gm2G97TZb33HbzWlpaWtaOTMz89BD/rkRu4OKOf2sAUEQnHTicVtvtWWcm4wa893QRx6v6FYAAPC3BIQAAABURWVlZf+69PLo4pArL1tLOhinX3+d8O2o0aNGj540aXL79u0369L5nwf1y82tt6b1v/7m27Fjx/38y/ipU6fm5eVt1qVzl86dd9hx+9q1aq1pk5KSks8+/+KXX8aP+/mXwsLCFi2ad+nSebMuXf7Rc7s19f/1N99+8snICb9NnDlzVru2bTt17NCjx1bbbbvNaleePXv21998O3bcz+PH/1pWVtaxY4fOnTr26bPPWlqiKhg15rtRY74LgmDUWQPuv+eOeNK+UWO+CzPFIAhO2vAdAgCQUgSEAAAAVEW/Tpgwa9bssD7h+GM7dey4PntbsWLFrbfdcd8DD0VHfvjxp5eHBUMffezeu+/ccovNy60/d+4fl15x5YgRH8QOvvveiCAIWrZsefutN2215RarvsvYsePOPW/g5IKC6Mg3344aNvzVIAh22Xmn66+7unGjRrHrL168eNDFl4S7je4hLPr22fvSSwaXW3/Y8FcGDhocOzLys8+DILj73gduvP6antttW8FvhcQ4PY6MMDYdDILA9EEAACpXeqIbAAAAgNX44ouvovWuvXdZz72dP3BQNB3Mz28QHZ81a/Ypp51RvHRp7Mrjxv28+159YtPBli1bRutp06Ydclj/Z597vtxbDBv+ygEHHRKbDsZu9fEnn+65977f//Bj7CaXXHZFNB1s07r17rvt2rXrZuHim2+988gjj8euPOjiS6LpYE5OTq8dd+i14w45OTlhS0cefexXX39T8S+GjWTrrba8/547oounnzUgnFC4WuXSwdgNAQCgUggIAQAAqIqmTZ8erdu2aVMp+7z2miEjP/7g6y9G/vrzj4MGnh8OFhbOe/qZZ6PrlJWVXX7lVUVFReHirTff+NP3oz96/51ff/5x+MvPRzO/Sy67MjrBMQiCOXPnRtO7Jk0av/Ds07/+/ONH778z7scxd995ezheVFR02RVDSktLw8Vx435+4823w/reu+8Y8e6bDz1w76vDXvz4w/dOOP7Y3Xfb9fTTTo7u//0PPnzp5WFhPfCCAaO+/vzfjw3992NDv/ly5PHHHfNnS5desXz58kr5otgQ4swIV00HTR8EAKDSCQgBAACoiv74449o3bhxo7Wu+/datmz5zpuvHXHYoU2bNgmCICMj49RTTurbZ+/w1ZEjP4uu+cqrr4357vuwfvnF5/oduH+tWtnhJt27dXvl5ReaNGkcvnrzrbdFt7rl1j+DnyZNGr/x2vAePbbKyMgIgqBmzZp9++z96rAXw1fHjh330svDw/qHn34Ki7323GOfvfeK7qpF8+aXDL7ooQfuzcvLC0dKSkquvvaGsD7rzNNPP/WUGjVqhIs1a9a89F8X77xTryAIJhcUvPHmW+v5RbFB/W1GKB0EAGDjEBACAABQFZWULAuLli1bpqWlrefeLrxgQPv27coN9u3TJywm/vZbdPCJJ58Oi7323GOLzbuX2yQ3t94Zp50a1sNfeW3hwkXh1MDo9L7TTj25fm5uua26dt0sGkY+9cx/wmLFihVhMWHCxKVLS9bS/Ndffztt2rTwzqJnnn7qqiuccvKJYTHu51/Wsh+qgrVkhNJBAAA2GgEhAAAAVVHrVq3CYtq0aStXrlzPvaWlreb/f8PZhOGTCCORSBAEkUjkhx//nNh32KEHr3ZXB+y/b7SeOm1qEARTpkz969X99lvtVocc/M+wGDt2XFlZWRAEXbt0CUcmFxQcclj/90a8H40My/lt0qSwaN261dhxP4/57vty/yxYsDBc4ddfJ/zdN0HirTYjlA4CALAxZSa6AQAAAFiN2Al/U6dNq6zHEMaqWbNmtI5EImlpaXPmzImONG/WbLVb1a1bNycnJ3xIYUHBlO7duk0uKAhfysnJyc2tt9qtmjdvHq1nzZrdrFnTLbbYfOeden3y6cggCH4ZP/60M87OycnZt+8+B+6/37bbbhPeoTQ0ceKfExzHjh13yGH91/KJYqdCUpWFGWE0EYyNBqWDAABsBGYQAgAAUBW1a/dXIlhQMGXjvOm06b9H6002abim1Vq2aBEWU6dOC4JgytRp4WJ0SuKqGjbMj9bTf/89fKjhHbfdcvA/D4qOFxUVPf/CS0cdc3zf/fuNHj0mOj47JrbMz2+wln+2/0fPdfrcJEC5eYRR0kEAADYCMwgBAACoimKnDL7w4su77dp7I7xp7OMDi4qL8/LyVrvagoUL/ly/fv0gCBrk1Q8XlyxZsqY9FxcVR+voLMPc3Ho33XDtKSedMPyV14a98sqsWbPD8YkTfzv0iKOGv/x8927dgiBo2fLPPPLE44/71+BB6/0pqSrKzSOUDgIAsNGYQQgAAEBVlJeX17XrZmH97nsjPvv8i43wptEoLgiCObPnrHad0tLSaJLXunWrIAjatG4dLs6aNbu0tHS1W8XOAty05aaxL7Vv327gBQM+++TD4S8/Hzuh8L77HwqLdm3bhoU7iFY/YUa49VZbRotEdwQAQEoQEAIAAFBFDbnismh9xZVXl5SUrH39ZcuWrVy5cn3esWbNmi1btgzrL7/+ZrXrfP/9D9G6datW0ZgwNOa771e71VdffR0WTZo0rlUre7XrdO/W7aYbrh008PxwcdTo0WHRps2fAeS3o0YvXLio4h+LKi2MBqWDAABsTAJCAAAAqqitttzisEMPDuvJBQUHH9p//K+/rmnlT0d+tu0/eu3T94B58+atz5vuvNOOYfHAgw8vXbqaSPLBoY+ERcuWLZs0aRwEQaNGjaKTCB96+JFVNykpKbnvgYf+u/9ea29g1967hEXt2jlh0a1r15ycnPAhhQ8+PDTOD7JixYrZs2eXlZXFDhYVFRUWlv9+5s2bt5abowIAANWPgBAAAICq64LzBoTZWBAEv4wf33e/fvc/+NBPP42NziYsLS39/ocfBw66+LgTTi4qKppcUHDFkKvX5x3POevMaBp35tnnxs7YKysru+vue0eM+CBcvPzSwRkZGUEQpKWlXXH5JeHg+x98eMutd8TeaHTx4sXnDLigqKgoXBxw7tlhMW/evJtuue39Dz4s18CI/45steUWYZGbWy86rfDBh4Y++ti/y8V+333/w7HHn7R33/2jNzL94ceftt5uhx122nWvffb744/CcPC5F17cfKttt9u+19nnnhfuIRKJXHjRv7b9R68temz3xJNPr8/3BgAAJJHMRDcAAAAAa9SwYf4Lzz19/gUX/TJ+fDhyy6133HLrHdEn/00uKIhdv9eOO1x+6SXr+Y4DLxgw5KprgyD4+JNP99yn75577LFpyxYLFy364osvf/jxp3C1XXbeabdde0e32qnXjnvtuce7740IguD+Bx/68KOPe+24Q35+g99nzBjx/gfRZxZePGhg40aNwnrI1de9/sabQRD07Lnd4Yce0qrVpkVFRe+8+97TzzwbrhCdPRkEQf8jDvvPs8+HX8K11984/NXXtu/Zs0XL5rNnzfns88+jXT3w4MNXXHZJEARDH3k0jCQnFxS89PKwU085KQiCa6+7MVztzbfeOf7YY3r02GrChIkvDxv+336uPbL/4ZmZfigAAIDqz5/7AQAAqNI6dez48ovP3nn3vQ8+9D931ywXDQZBcP6Ac0479eRwVt/6+L+jjqyRWePSy68MgqCwcN6zzz1fboUjDj9s8EUDyw3eesuNN9982xNPPR1OdowmmlFXXH7J0Uf2jy62bdsmLL766uvoEwqjzj37zO3/0TO6mJGR8e/Hhl5y+RXh/MWxY8eNHTuu3Ca77LzT+QPOCetIJBIdX+1zGVeWlgZBEAkisYPlJiYCAADVlVuMAgAAUNXVrFlz0MDzX3j26cMOPTh6x9Go/PwGRx/V/6UXnj3zjNPWlA7WrJm19rdIS0uLrfsfcdgH7719UL8Dog8XDN9ol513GvrQ/ddefWWdOnXK7aF2rVpXXH7JE48/smvvXfLzG0THW7ZsecD++7379uvHHH1Uevpf/xt+7tlnvvv26/v23Sd25SAItu7R47n/PHXO2WeW23/DhvkP3nfPrTff2LPndrFfQk5Ozl577vH4ow8/OvTBunXrhoNHHH5YtOcD9t83rE89+cToW4T3L23frl2vHXcIB0879eSsrL/5lgAAgOohLfYvFQIAyei7sb9G6y27dkxoLwBsKFX5bL+ReystLZ0/f8G8efOKiotzc+s1yMurV69ebPBW6YqXLp06dWrD/IYNG+bHv9W8efPmzJ3bskWLVRPNVS1YuHDKlKl59es3b94snhmQkUhk5sxZixYvqp9bf5NNGq52kwULFsyYMbNNmza1amVHB6dNn15cXNy+XbvoJqWlpZMmTa5Zs+amm7aM/9NRbTi3ED//RgCgOnGLUQAAAJJJRkZGw4b5Fcrq1lPtWrU6d+pU0a0aNGjQoEGDOFYMgiCon5tbf/Pu8e88LS2tWbOmzYKma9tn/fr169cvN9iyRYtyIxkZGR06tI//rQEAgGrALUYBAAAAAAAghQgIAQAAAAAAIIUICAEAAAAAACCFCAgBAAAAAAAghQgIAQAAAAAAIIUICAEAAAAAACCFCAgBAAAAAAAghQgIAQAAAAAAIIUICAEAAAAAACCFCAgBAAAAAAAghQgIAaAaSItWkYT2AcAG8r+n97Q1rpcwrkSQlJxbiF+VP1oAgIoREAJA0svM+OuCvnLlyoT2AsAGEXt6jz3tVxGuRJCknFuIXxU/WgCAinI5B4Ckl1WjRrQuKVme0F4A2CBiT++xp/0qwpUIkpRzC/Gr4kcLAFBRAkIASHq1atWM1kuKihPaCwAbROzpPfa0X0W4EkGScm4hflX8aAEAKkpACABJr07tWtF6waIlCe0FgA0i9vQee9qvIlyJIEk5txC/Kn60AAAVJSAEgKRXr16dIEgL62XLl89fuDjRHQFQmeYvXLxsefTGbmn16tVJbD+rciWCZOTcQvyq/tECAFSUgBAAkl5Genp+Xr3o4qw5hZGE9gNAJYoEwaw5hdHF/Lx6GelV7v/jXIkg6Ti3EL+kOFoAgIpyOQeA6mCTBvWj9bLly6fPmJ3QdgCoNNNnzI6ZtPE/J/wqxZUIkotzC/FLlqMFAKgQASEAVAfZ2TUb5edFFwvnL5w5+4+EdgRAJZg5+4/C+Quji43y87Kzaya0ozVyJYIk4txC/JLoaAEAKkRACADVRLMmm9TOzo4uzv5j3rQZs92FCSBJRYJg2ozZs/+YFx2pnZ3drMkmCW3qb7gSQdXn3EL8kvFoAQDilxaJ+DMVAFQTJSXLJhZMX1laGh2pmZXVpFF+Xm7dhPYFQMXMX7h41pzC2Pu5ZWZktG/doupP2nAlgqrMuYX4Je/RAgDESUAIANVKUfHSyVNnxP56Ev6AUr9enTo5tbOzszIzM9MS1x4AqxUJgpUrV5aULF9SVLxg0ZLYH2TD32TbbNosp3atxDVYAa5EUHU4txC/6nS0AADxEBACQHVTUrJs6u+zi0tKEt0IAJWgdnb2ps0bJ9eMDVciqPqcW4hfMh4tAMDfEhACQPU0Y9bcOYXzE90FAOulUX5e8j7tyZUIqiznFuKX1EcLALAWAkIAqLZKSpbNnbegcP6iIHC5B0guafl59TZpUD/Zp2u4EkEV49xC/KrJ0QIArImAEACqudKyskWLliwpXrp06bLlK1asLC3zSwpA1ZOWmZGeVaNGrVo169SuVa9enYz09ES3VGlciSBxnFuIX3U+WgCAVQkIAQAAAAAAIIX4q0AAAAAAAACQQgSEAAAAAAAAkEIEhAAAAAAAAJBCBIQAAAAAAACQQgSEAAAAAAAAkEIEhAAAAAAAAJBCBIQAAAAAAACQQgSEAAAAAAAAkEIEhAAAAAAAAJBCBIQAAAAAAACQQgSEAAAAAAAAkEIEhAAAAAAAAJBCBIQAAAAAAACQQgSEAAAAAAAAkEIEhAAAAAAAAJBCBIQAAAAAAACQQgSEAAAAAAAAkEIEhAAAAAAAAJBCBIQAAAAAAACQQgSEAAAAAAAAkEIEhAAAAAAAAJBCBIQAAAAAAACQQgSEAAAAAAAAkEIEhAAAAAAAAJBCBIQAAAAAAACQQgSEAAAAAAAAkEIEhAAAAAAAAJBCBIQAAAAAAACQQgSEAAAAAAAAkEIEhAAAAAAAAJBCBIQAAAAAAACQQjIT3QAAsGEVFS/9aORXo7776ZcJk2fMmr1ocVGkrCzRTfH30tLT69XNadakcecObbbeslvvXj1zatdKdFMAAAAAVAdpkUgk0T0AABvExElTnnnxteFvvi8RrAbS0tP79d39yEP2b9+2VaJ7AQAAACC5CQgBoHq6/b7Hnnh2eKK7oPIdc0S/8844PtFdAAAAAJDEBIQAUN1MnDTl8uvv+nn8xEQ3wobSpVP7qwafYyohAAAAAOtGQAgA1cqYH8add8l1CxcuTnQjbFi5uXVvv/ZfW22+WaIbAQAAACD5CAgBoPqYOGnKSedeIh1MEbm5dYfeea15hAAAAABUVHqiGwAAKs3l198lHUwdCxcuvvz6uxLdBQAAAADJR0AIANXE7fc95rmDqebn8RNvv++xRHcBAAAAQJIREAJAdTBx0pQnnh2e6C5IgCeeHT5x0pREdwEAAABAMhEQAkB18MyLryW6BRLGv30AAAAAKkRACABJr6h46fA33090FyTM8DffLypemuguAAAAAEgaAkIASHofjfwqUlaW6C5ImEhZ2Ucjv0p0FwAAAAAkDQEhACS9Ud/9lOgWSDDHAAAAAADxExACQNL7ZcLkRLdAgjkGAAAAAIifgBAAkt6MWbMT3QIJ5hgAAAAAIH4CQgBIeosWFyW6BRLMMQAAAABA/ASEAJD0ImVliW6BBHMMAAAAABA/ASEAAAAAAACkEAEhAAAAAAAApBABIQAAAAAAAKQQASEAAAAAAACkEAEhAAAAAAAApBABIQAAAAAAAKQQASEAAAAAAACkEAEhAAAAAAAApBABIQAAAAAAAKQQASEAAAAAAACkEAEhAAAAAAAApJDMRDcAAFRd2dk1Dz+ob7nBSCSYPWfu+IkFU6f/XlYWSVBrfzrq0AP6H7Jf8dKSq268+6efJyS2GQAAAABICgJCAGCN8vPqDzj9uLWsUFKy7NW33r/13seWL1++Efv60+ZdOw88+8SwfuTu63rucejG7wEAAAAAko5bjAIA6y47u+ZhB/X97O1n99lj543/7r223zpaZ2Vl1cmpvW77ObRfn69GvDDy7Wezs2tWXncAAAAAUEUJCAGAuMyZW/j1qO+/HvX9qO9+mjJtxqLFS6IvZWZmXHPJgOZNG2/klr74eky0Xr5ixZKi4nXbzx69d8jKysqpXSu7poAQAAAAgOrPLUYBgLi8//EXN931cOzIlt273HjlhY02yQ+CICMj456brzjo6DM2Zktjfhh3272PHXHwvkXFS6++6Z513k/TxptUal8AAAAAUKUJCAGAdfTdjz//85iz3hv2WK3s7CAIWjRrsvF7ePK54U8+N3w9d9Igr34ltQMAAAAAScAtRgGAdVdUVPzRyK/DOjMzo/Em+YnuaF2EAScAAAAApAgzCAGA9TKpYGq0btqk0ey5heVWyM+rf/jB+27ZvUvb1i2zatSYN3/hhN8KnnzulR/G/rLaHWbVqHHemcdvvWW3Rg3z09KClStLf585+9GnXvxo5FerrnzFRWd3aNcqCIJhr7/30qvvlN/PGcdttXnXJo03qVEjc87cwomTpgx7/d3P//vkwvT09HZtNt2iW+f09LRw5IA+uxcvXRrWM2bN+fyr0bE7TE9P73/wftv26N6xXet6dessLiqeVDDt7RGfvPb2B+W62n3n7Y8/+uBIJLhv6NNffDOmfm69Ky8+Z8vunWvXqlW8tOTDT78ccuPdcX/BAAAAAFDJBIQAwHrp2K5NtP7p51/Lvbr/PrtdPuiszMyM6EjdOjmtWjbbo/cOb7738WXX3lFWVha7/r5773rFoLNq1PifP6I0yMu9/bp/RSKR6MjIL0edc9HVQRDs2XuHnJzaQRBMmTYjNiDs3avnjVcOzMrKio603rR5602b79F7h1Hf/XT+JdcvWrzk3WGP5f/vzUXPO+O4aD1rzh99DjkxutipQ5sHb786t17d6EhOTu0mjRrusN1WRx92wBkXXFk4f0H0pa5dOnTt3CEIgpOPPezXiZPffHFoVo0a4Uu5NerstVsvASEAAAAACeQWowDAusvJqb3T9tuEdfHSkpUrS2NfvfLic67617nRdLCoeGnh/AWlpX+u03fPXe6/9crY9Tu0a33V4HOj6eAfhfOnTJtRvLQkXEyLsWjxkrV01XiT/JuvuiiaDhYvLZk3f2G0t6237Hb04QcGQbBixco4P2afPXb+z9Dbo+ng8uXL/yicv3zFinCxY/s2Lz91b3QaYqy8+vWeeuiWaDoYmj3njzjfFwAAAAA2BDMIAYB1lJ9X/5F7rs/OrhkuPvb0i7GvdunU7sC+u4f1zFlzzhg4pGDq9HDxiovO7rfvHkEQbLf1Ftv12Pzr0T+E4zdeeWEYs5WULDvm9EETfisIx8846aiTjzksrEd89Pm7H4788NMv19LYheecFKaSZWWR8y+59uPPvgnH++27x6nH91+8pOiBR58JguDY0we1b9uqa6f2Z5x0VLjCxVfevLioOKznL1gYFpmZGZcPOist7c/GLr3m9vc/+eK/O9zz0oGnZ2Rk1Ktb56JzT7n+9gfLddJ60xZhUTD192/H/JiWltahXatnXnit4l82AAAAAFQaASEAEJf27VrtutM/giCoXbtWp/atO3dst82W3cLYLHxi39AnXohd/5arLw6LoqLiA448LXZy4ZAb727UsMEOPXsEQXDphWcc0P+0cLxFsyZhcd1tD0TTwSAI7hv69J69d2y9afMgCKb9PvO9Dz9be6ubdWofFu9//Hk0HQyCYPgbI4a/MSK6OGdu4Zy5hZGyv+5c+tWoHxYsXFRub5ddeGYYgkYikdjYMgiC4W+8l56edtmFZwZBcMiBfVYNCEMP//u5+x55Zu09AwAAAMBGIyAEAOKy7Vbdt92q+2pf+nbMT6eed1nsSMP8vGZNGoX1jXc+XO7Wo0EQXHLN7R++9mQQBI0bNQxHsrKyojcXXXWC4LjxE8OAsPtmnf621czMP/fTuWPb+D7c2uy5645h8cnn38amg6GXX3v3/DNPyKldKz09rfWmLaKzJKOm/T5TOggAAABAlSIgBADW3Xc//vzwv5/7/Osx5cZjo8SsrBrhDUVXK6tGjezsmiUly5YvX758+fLwwYFdOrb7ZsyPsas1bbxJWKyawK1qwqQpmzRsEARBy+ZN3xv2+L1Dnx7+xnsV/3BBEATp6em1srPDuqi4eC0fJAiCbbbqVq69SCRy2nmXr9tbAwAAAMAGIiAEAOIyZdqMn8aNz86u+Y9ttszJqR0OLly0eNV0MAiCLbt3idaXDjxj7Xvu2K7ND2N/CYLg19+mdOvSIQiCIYPPib0raffNOkZ3+PFnX/9tq7ff+9g/ttkyfJxhw/y8Ky4669KBp4/9ZcKjT70Ye8fReHTr0jFa991zl7577rKWlTu0bVVupLS0bMasORV6RwAAAADY0ASEAEBcPv9q9E13PRwEQU5O7feGPRbOq9tlx+0OP6jvc8PeLLdy40abROuymIf8rWpl6cop034P60efevHWay5OS0tr2qTRJ28+88ln3xQvLdm0RdMeW3QNH3ZYMHX6yC9H/W2rEydPGTD4mhuuvLB2rT8n/2VkZGzetfMd119aOG/+ef+67sdxv8b5qVu2aBrnB4lEyn6Ie7cAAAAAkEACQgCgYoqKis8edPXQu64NFwede8qX3343ZdqM2HUKpk7fZcdtgyBYvnx5zz0OjXPPH3765YWX33TL1RcFQVArO3vv3XeKfbVw3vxjT78ozl19+sW3O/Xpf8Q/9z3soL6btmga5otBEOQ3yHv0nhv6HXX67zNnx7Of8b9Oitb9jjp92u8z42wAAAAAAKqs9EQ3AAAkn1Hf/fTsy2+EdXp62iP3XB/ezzPqx7HjwyIrKyszMyP+PR/Yd/ewWFpSUlpaGolElpaUTJ8x6+a7hu7R77hFi5fEv6uysrJnXnyt31Gn77D34Q889p+i4qXheGZmxoDTj4tzJxMnT4lE/pw4uNXmm8X/7gAAAABQZQkIAYB1ceMdD0Wn0+Xn1b9pyKDYV0d9PzZaH9qvT5z7PPiAvXfafpsgCH6ZMGmHvQ7fZtd/9til3w57Hb7/Eac+8+Jr69xqScmyBx97drcDjimcvyAc6dKpXfybLy1ZFhb77t17nXsAAAAAgKpDQAgArKMTzhq8cmVpWO++yw777LFz9KUFCxcVFRWH9dmn/F96elx/5Niz945h0bTxJlt271K53S5fvvzrUT/8t16x2nXq5NRedXDsLxPCYrsem3do17pyuwIAAACAjU9ACACsoz8K519+3R3Rxav/NaBhfl50cchN94RFrezsV565v9Em+bHbduvSYfjT94/6aPjRhx0QHZwwaUpY5Nar+9i9N4z+ePhXI1745M1nRgx//PnH77r9un/tvvP28TTWZ4+dn3jg5j133TF2MD09fYfteoT1uP9mfkEQ/DFvfrQ+tN8+YbHtVt2jd0a96Iqby8r+vMvov++/cbsem8fuNj+v/v23DRn10fC7brwsnt4AAAAAIOEyE90AAJDE3hrxyV679erdq2f4bL/H77txv8NPCV9672GtCrcAABpFSURBVMPPJhw7pUPbVkEQtGjW5M3nH546febkKdPr1Kndrs2m+Xn1w9XOOfXYp55/NayffG74IQfsnZ1dM1xMS0vLysrKysoKgpz8Bnkd2rbq3atnUfHS/ieeF7276arq59a7+pIBGRkZNw0ZNO2UmW+P+GTK9JmtWjY7/KC+9erWCYIgEok8+vRL0fV/mzwlWv/f4f2233arvPq5DfPzRv8w7sSzBgdBMH/BwqeeH37MEQeFYeeDd1w9Y9acyQXTyiKRVi2bbdqiWbjtTttv07lD218mTNoAXzMAAAAAVCYzCAGA9XLBpTcsWLgorJs3bXzpwDOiLx1/5sVjfhgX1hkZGW1atdht539s12PzaDq4cmXp+ZdcF13/wD67Z2VlhRnevPkLS0qWrVxZGolEYt8up3atJx64aS391MyqMX/Bn/20bN705GMPv+aSAScfc1iYDgZBcO/QpycVTIuuX1YWGf3fJtPS0jq0ax3Og+yx+Wb1c+uF47ff9/h/Xnw92kmzJo12/MfWO22/TTQdDILgsadfkg4CAAAAkBQEhADAGpWULPvbdcrKyo4/c/DMWXPCxYMP2Ltl86ZhXVRUfMJZgy+/7s7CefOjd+kMLV5S9Opb7/fe/+iRX46KbnjGSUelp6ctXlJ0yLFn737gMdvvddi2u/2zxy79eu939JAb7577x7xwzfq59aJpX9TSpSVhMXtu4Z4HHXfv0KcWLV5SLlycOWvO8Wde/MiTL5Tb9rzB15bL9ubNX3jGBVdGg88gCG666+H+J503ZdqMFStWxq65fMWKb8b82O+o0+968InVfTmlf/sFAgAAAMBGllbuhzMAIOlstfOBiW4hLq1aNuvcoe2cP+ZNKpi2cNHicq++/OS9bVq1CIJgyI13D39jxKqb166V/dk7z4X1EScOGD9h8t++Y3p6WueO7dq3aTV+4qQJvxWUCynLyauf261Lh9Kysu9+GFf837hxTWv22Hyz4qUlk6dOnzV77t+2sXGM+eSVRLcAAAAAQHLwDEIAYCOZMm3GlGkz1vRqi2ZNwqJw3oLVrtC9a6ewWLmyNJ50MLx96LhfJo77ZWI8K89fsPDTL76Nc833P/kinjUBAAAAoApyi1EAoEqYPmNWWNx6zeC9d+sV+1J6evqRh+x/781XhIujv/8pEQ0CAAAAQDXhFqMAkPSS5Raja7fT9tvcecOlaWlp4eKKFSsXLV5cvLQkp3bt3Hp1MjIywvG5f8zre9hJK1d6tl95bjEKAAAAQJzMIAQAqoRPv/h28JBblpb8+fC/GjUy8xvktWzetEFebpgORiKRT7/49pBjz5YOAgAAAMD6MIMQAJJe9ZhBGLX/Prv122/PZo03yc2tmxakLSkqnjlrzm8FU+9/9D9z5hYmuruqywxCAAAAAOIkIASApFfNAkLWjYAQAAAAgDi5xSgAAAAAAACkEAEhAAAAAAAApBABIQAAAAAAAKQQASEAAAAAAACkEAEhAAAAAAAApBABIQAkvbR0F/RU5xgAAAAAIH5+SwKApFevbk6iWyDBHAMAAAAAxE9ACABJr1mTxolugQRzDAAAAAAQPwEhACS9zh3aJLoFEswxAAAAAED8BIQAkPS23rJbolsgwRwDAAAAAMRPQAgASa93r55p6a7pqSstPb13r56J7gIAAACApOHHRABIejm1a/Xru3uiuyBh+vXdPad2rUR3AQAAAEDSEBACQHVw5CH7J7oFEsa/fQAAAAAqREAIANVB+7atjjmiX6K7IAGOOaJf+7atEt0FAAAAAMkkLRKJJLoHAKByHHnyBT+Pn5joLth4unRq/8zDtya6CwAAAACSjBmEAFB9XDX4nNzcuonugo0kN7fuVYPPSXQXAAAAACQfASEAVB/t27a6/dp/yQhTQW5u3duv/ZebiwIAAACwDtxiFACqm4mTplx+/V3uNVqNdenU/qrB50gHAQAAAFg3AkIAqJ5uv++xJ54dnuguqHzHHNHvvDOOT3QXAAAAACQxASEAVFsTJ0155sXXhr/5fqSsLNG9sL7S0tP79d39yEP2N3EQAAAAgPUkIASAaq6oeOlHI78a9d1Pv0yYPGPW7EWLi+SFSSEtPb1e3ZxmTRp37tBm6y279e7VM6d2rUQ3BQAAAEB1ICAEAAAAAACAFJKe6AYAAAAAAACAjUdACAAAAAAAAClEQAgAAAAAAAApREAIAAAAAAAAKURACAAAAAAAAClEQAgAAAAAAAApREAIAAAAAAAAKURACAAAAAAAAClEQAgAAAAAAAApREAIAAAAAAAAKURACAAAAAAAAClEQAgAAAAAAAApREAIAAAAAAAAKURACAAAAAAAAClEQAgAAAAAAAApREAIAAAAAAAAKeSvgLC4uLi0tDShzQAAAAAAAAAb1l8B4QcffrR3n/3ffOudsrKyhLYEAAAAAAAAbCj/c4vRyQUFZ5973v4HHvzBhx9FIpHEdQUAAAAAAABsEH8FhI0aNQqLX8aPP/nUM/55yOGff/Fl4hoDAAAAAAAAKl9a7EzB777/4c677vnk05HRkZ49txt43rk9emyVoPYAAAAAAACAypS26q1ER48ec9sdd33x5VfRkV1773L+gHM226zLRm8PAAAAAAAAqEyrCQhDX3/z7W233/nNt6OiI3377H3u2We1b99uI7YHAAAAAAAAVKY1BoShL7786s677omNCZ94/JEdd9h+o/QGAAAAAAAAVLL0tb+8ScOGzZs3ix0pKSnZwC0BAAAAAAAAG0rmml74bdKk++5/cPgrr0VHtu7RY+AFA7bbdpuN1RsAAAAAAABQyVYTEBYUTLnnvvuHDX81OtK162YDzxuw8869Nm5vAAAAAAAAQCX7n4BwypSp997/4EsvD4uOtGnd+sKB5+215x5paWmJaA8AAAAAAACoTH8FhN99/8PBhx4RXWzSpPGFF5y//359MzIyEtQbAAAAAAAAUMn+CginT58eFvn5Dc4/79yDD+pXo0aNxDUGAAAAAAAAVL6/AsK0tLScnJzzB5xzxOGHZmdnJ7QrAAAAAAAAYINIi0QiYbV8+fIVK1bk5OQkuiUAAAAAAABgQ/krIAQAAAAAAACqvfRENwAAAAAAAABsPAJCAAAAAAAASCECQgAAAAAAAEghAkIAAAAAAABIIQJCAAAAAAAASCECQgAAAAAAAEghAkIAAAAAAABIIQJCAAAAAAAASCECQgAAAAAAAEghAkIAAAAAAABIIQJCAAAAAAAASCECQv6/PTsQAAAAABDkbz3IpREAAAAAAAAjghAAAAAAAABGBCEAAAAAAACMCEIAAAAAAAAYEYQAAAAAAAAwIggBAAAAAABgRBACAAAAAADAiCAEAAAAAACAEUEIAAAAAAAAI4IQAAAAAAAARgQhAAAAAAAAjAhCAAAAAAAAGBGEAAAAAAAAMCIIAQAAAAAAYEQQAgAAAAAAwIggBAAAAAAAgBFBCAAAAAAAACOCEAAAAAAAAEYEIQAAAAAAAIwIQgAAAAAAABgRhAAAAAAAADAiCAEAAAAAAGBEEAIAAAAAAMCIIAQAAAAAAIARQQgAAAAAAAAjghAAAAAAAABGBCEAAAAAAACMCEIAAAAAAAAYEYQAAAAAAAAwIggBAAAAAABgRBACAAAAAADAiCAEAAAAAACAEUEIAAAAAAAAI4IQAAAAAAAARgQhAAAAAAAAjAhCAAAAAAAAGBGEAAAAAAAAMCIIAQAAAAAAYEQQAgAAAAAAwIggBAAAAAAAgBFBCAAAAAAAACOCEAAAAAAAAEYEIQAAAAAAAIwIQgAAAAAAABgRhAAAAAAAADAiCAEAAAAAAGBEEAIAAAAAAMCIIAQAAAAAAIARQQgAAAAAAAAjghAAAAAAAABGBCEAAAAAAACMCEIAAAAAAAAYEYQAAAAAAAAwIggBAAAAAABgRBACAAAAAADAiCAEAAAAAACAEUEIAAAAAAAAI4IQAAAAAAAARgQhAAAAAAAAjAhCAAAAAAAAGBGEAAAAAAAAMCIIAQAAAAAAYEQQAgAAAAAAwIggBAAAAAAAgBFBCAAAAAAAACOCEAAAAAAAAEYEIQAAAAAAAIwIQgAAAAAAABgRhAAAAAAAADAiCAEAAAAAAGBEEAIAAAAAAMCIIAQAAAAAAIARQQgAAAAAAAAjghAAAAAAAABGBCEAAAAAAACMCEIAAAAAAAAYEYQAAAAAAAAwIggBAAAAAABgRBACAAAAAADAiCAEAAAAAACAEUEIAAAAAAAAI4IQAAAAAAAARgQhAAAAAAAAjAhCAAAAAAAAGBGEAAAAAAAAMCIIAQAAAAAAYEQQAgAAAAAAwIggBAAAAAAAgBFBCAAAAAAAACOCEAAAAAAAAEYEIQAAAAAAAIwIQgAAAAAAABgRhAAAAAAAADAiCAEAAAAAAGBEEAIAAAAAAMCIIAQAAAAAAIARQQgAAAAAAAAjghAAAAAAAABGBCEAAAAAAACMCEIAAAAAAAAYEYQAAAAAAAAwIggBAAAAAABgRBACAAAAAADAiCAEAAAAAACAEUEIAAAAAAAAI4IQAAAAAAAARgQhAAAAAAAAjAhCAAAAAAAAGBGEAAAAAAAAMCIIAQAAAAAAYEQQAgAAAAAAwIggBAAAAAAAgBFBCAAAAAAAACOCEAAAAAAAAEYEIQAAAAAAAIwIQgAAAAAAABgRhAAAAAAAADAiCAEAAAAAAGBEEAIAAAAAAMCIIAQAAAAAAIARQQgAAAAAAAAjghAAAAAAAABGBCEAAAAAAACMCEIAAAAAAAAYEYQAAAAAAAAwIggBAAAAAABgRBACAAAAAADAiCAEAAAAAACAEUEIAAAAAAAAI4IQAAAAAAAARgQhAAAAAAAAjAhCAAAAAAAAGBGEAAAAAAAAMCIIAQAAAAAAYEQQAgAAAAAAwIggBAAAAAAAgBFBCAAAAAAAACOCEAAAAAAAAEYEIQAAAAAAAIwIQgAAAAAAABgRhAAAAAAAADAiCAEAAAAAAGBEEAIAAAAAAMCIIAQAAAAAAIARQQgAAAAAAAAjghAAAAAAAABGBCEAAAAAAACMCEIAAAAAAAAYEYQAAAAAAAAwIggBAAAAAABgRBACAAAAAADAiCAEAAAAAACAEUEIAAAAAAAAI4IQAAAAAAAARgQhAAAAAAAAjAhCAAAAAAAAGBGEAAAAAAAAMCIIAQAAAAAAYEQQAgAAAAAAwIggBAAAAAAAgBFBCAAAAAAAACOCEAAAAAAAAEYEIQAAAAAAAIwIQgAAAAAAABgRhAAAAAAAADAiCAEAAAAAAGBEEAIAAAAAAMCIIAQAAAAAAIARQQgAAAAAAAAjghAAAAAAAABGBCEAAAAAAACMCEIAAAAAAAAYEYQAAAAAAAAwIggBAAAAAABgRBACAAAAAADAiCAEAAAAAACAEUEIAAAAAAAAI4IQAAAAAAAARgQhAAAAAAAAjAhCAAAAAAAAGBGEAAAAAAAAMCIIAQAAAAAAYEQQAgAAAAAAwIggBAAAAAAAgBFBCAAAAAAAACOCEAAAAAAAAEYEIQAAAAAAAIwIQgAAAAAAABgRhAAAAAAAADAiCAEAAAAAAGBEEAIAAAAAAMCIIAQAAAAAAIARQQgAAAAAAAAjghAAAAAAAABGBCEAAAAAAACMCEIAAAAAAAAYEYQAAAAAAAAwIggBAAAAAABgRBACAAAAAADAiCAEAAAAAACAEUEIAAAAAAAAI4IQAAAAAAAARgQhAAAAAAAAjAhCAAAAAAAAGBGEAAAAAAAAMCIIAQAAAAAAYEQQAgAAAAAAwIggBAAAAAAAgBFBCAAAAAAAACOCEAAAAAAAAEYEIQAAAAAAAIwIQgAAAAAAABgRhAAAAAAAADAiCAEAAAAAAGBEEAIAAAAAAMCIIAQAAAAAAIARQQgAAAAAAAAjghAAAAAAAABGBCEAAAAAAACMCEIAAAAAAAAYEYQAAAAAAAAwIggBAAAAAABgRBACAAAAAADAiCAEAAAAAACAEUEIAAAAAAAAI4IQAAAAAAAARgQhAAAAAAAAjAhCAAAAAAAAGBGEAAAAAAAAMCIIAQAAAAAAYEQQAgAAAAAAwIggBAAAAAAAgBFBCAAAAAAAACOCEAAAAAAAAEYEIQAAAAAAAIwIQgAAAAAAABgRhAAAAAAAADAiCAEAAAAAAGBEEAIAAAAAAMCIIAQAAAAAAIARQQgAAAAAAAAjghAAAAAAAABGBCEAAAAAAACMCEIAAAAAAAAYEYQAAAAAAAAwIggBAAAAAABgRBACAAAAAADAiCAEAAAAAACAEUEIAAAAAAAAI4IQAAAAAAAARgQhAAAAAAAAjAhCAAAAAAAAGBGEAAAAAAAAMCIIAQAAAAAAYEQQAgAAAAAAwIggBAAAAAAAgBFBCAAAAAAAACOCEAAAAAAAAEYEIQAAAAAAAIwIQgAAAAAAABgRhAAAAAAAADAiCAEAAAAAAGBEEAIAAAAAAMCIIAQAAAAAAIARQQgAAAAAAAAjghAAAAAAAABGBCEAAAAAAACMCEIAAAAAAAAYEYQAAAAAAAAwIggBAAAAAABgRBACAAAAAADAiCAEAAAAAACAEUEIAAAAAAAAI4IQAAAAAAAARgQhAAAAAAAAjAhCAAAAAAAAGBGEAAAAAAAAMCIIAQAAAAAAYEQQAgAAAAAAwIggBAAAAAAAgBFBCAAAAAAAACOCEAAAAAAAAEYEIQAAAAAAAIwIQgAAAAAAABgRhAAAAAAAADAiCAEAAAAAAGBEEAIAAAAAAMCIIAQAAAAAAIARQQgAAAAAAAAjghAAAAAAAABGBCEAAAAAAACMCEIAAAAAAAAYEYQAAAAAAAAwIggBAAAAAABgRBACAAAAAADAiCAEAAAAAACAEUEIAAAAAAAAI4IQAAAAAAAARgQhAAAAAAAAjAhCAAAAAAAAGBGEAAAAAAAAMCIIAQAAAAAAYEQQAgAAAAAAwIggBAAAAAAAgBFBCAAAAAAAACOCEAAAAAAAAEYEIQAAAAAAAIwIQgAAAAAAABgRhAAAAAAAADAiCAEAAAAAAGBEEAIAAAAAAMCIIAQAAAAAAIARQQgAAAAAAAAjghAAAAAAAABGBCEAAAAAAACMCEIAAAAAAAAYEYQAAAAAAAAwIggBAAAAAABgRBACAAAAAADAiCAEAAAAAACAEUEIAAAAAAAAI4IQAAAAAAAARgQhAAAAAAAAjAhCAAAAAAAAGBGEAAAAAAAAMCIIAQAAAAAAYEQQAgAAAAAAwIggBAAAAAAAgBFBCAAAAAAAACOCEAAAAAAAAEYEIQAAAAAAAIwIQgAAAAAAABgRhAAAAAAAADAiCAEAAAAAAGBEEAIAAAAAAMCIIAQAAAAAAIARQQgAAAAAAAAjghAAAAAAAABGBCEAAAAAAACMCEIAAAAAAAAYEYQAAAAAAAAwIggBAAAAAABgRBACAAAAAADAiCAEAAAAAACAEUEIAAAAAAAAI4IQAAAAAAAARgQhAAAAAAAAjAhCAAAAAAAAGBGEAAAAAAAAMCIIAQAAAAAAYEQQAgAAAAAAwIggBAAAAAAAgBFBCAAAAAAAACOCEAAAAAAAAEYEIQAAAAAAAIwIQgAAAAAAABgRhAAAAAAAADAiCAEAAAAAAGBEEAIAAAAAAMCIIAQAAAAAAIARQQgAAAAAAAAjghAAAAAAAABGBCEAAAAAAACMCEIAAAAAAAAYEYQAAAAAAAAwIggBAAAAAABgRBACAAAAAADAiCAEAAAAAACAEUEIAAAAAAAAI4IQAAAAAAAARgQhAAAAAAAAjAhCAAAAAAAAGBGEAAAAAAAAMCIIAQAAAAAAYEQQAgAAAAAAwIggBAAAAAAAgBFBCAAAAAAAACOCEAAAAAAAAEYEIQAAAAAAAIwIQgAAAAAAABgRhAAAAAAAADAiCAEAAAAAAGBEEAIAAAAAAMCIIAQAAAAAAIARQQgAAAAAAAAjghAAAAAAAABGBCEAAAAAAACMCEIAAAAAAAAYEYQAAAAAAAAwIggBAAAAAABgRBACAAAAAADAiCAEAAAAAACAEUEIAAAAAAAAI4IQAAAAAAAARgQhAAAAAAAAjAhCAAAAAAAAGBGEAAAAAAAAMCIIAQAAAAAAYEQQAgAAAAAAwIggBAAAAAAAgBFBCAAAAAAAACOCEAAAAAAAAEYEIQAAAAAAAIwIQgAAAAAAABgRhAAAAAAAADAiCAEAAAAAAGBEEAIAAAAAAMCIIAQAAAAAAIARQQgAAAAAAAAjghAAAAAAAABGBCEAAAAAAACMCEIAAAAAAAAYEYQAAAAAAAAwIggBAAAAAABgRBACAAAAAADAiCAEAAAAAACAEUEIAAAAAAAAI4IQAAAAAAAARgQhAAAAAAAAjAhCAAAAAAAAGBGEAAAAAAAAMCIIAQAAAAAAYEQQAgAAAAAAwIggBAAAAAAAgBFBCAAAAAAAACOCEAAAAAAAAEYEIQAAAAAAAIwIQgAAAAAAABgRhAAAAAAAADAiCAEAAAAAAGBEEAIAAAAAAMCIIAQAAAAAAIARQQgAAAAAAAAjghAAAAAAAABGBCEAAAAAAACMCEIAAAAAAAAYEYQAAAAAAAAwIggBAAAAAABgRBACAAAAAADAiCAEAAAAAACAEUEIAAAAAAAAI4IQAAAAAAAARgQhAAAAAAAAjAhCAAAAAAAAGBGEAAAAAAAAMCIIAQAAAAAAYEQQAgAAAAAAwIggBAAAAAAAgBFBCAAAAAAAACOCEAAAAAAAAEYEIQAAAAAAAIwIQgAAAAAAABgRhAAAAAAAADAiCAEAAAAAAGBEEAIAAAAAAMCIIAQAAAAAAIARQQgAAAAAAAAjghAAAAAAAABGBCEAAAAAAACMCEIAAAAAAAAYEYQAAAAAAAAwIggBAAAAAABgRBACAAAAAADAiCAEAAAAAACAEUEIAAAAAAAAI4IQAAAAAAAARgQhAAAAAAAAjAhCAAAAAAAAGAn7ChDGCqsHpwAAAABJRU5ErkJggg==' />
<img width=700px src='data:image/png;base64,iVBORw0KGgoAAAANSUhEUgAACWAAAAaKCAIAAADCuNM0AAABK2lDQ1BTa2lhAAAokX2QMUvDUBSFv1cKomYRFR0cMnbRppWmDdahqbXo2Cqk3dI0FLFNQxrRvas/wtlNcBGhs4uT4CTi4i4IrpXXDClIPNPHuQfuPRdSmwBpDQZeGDTqpmq12urCBwLBTLYz8kmWgJ/XKPuy/U8uSYtdd+QAX0AYWK02iC6w1ov4SnIn4mvJl6EfgriRHJw0qiDugUxvjjtz7PiBzL8B5UH/wonvRnG90yZgAVvUGTKkRx+XLE3OOcMmi0YNgxK71KhQoUCFHHlKGOgU0KhiUqRKkUN0SuTJcTBjA13+M1o5fof9yXQ6fYy94wnc6bD0EHuZPVhR4Ok59uIf+3Zgz6w0kHJN+F4H5RZWP2F5DGzIcUJX9U9XlSM8HHZQyaORQ/8FDJRN2vTWQQEAACAASURBVHic7N13XFRHH+/xXZoUpSPYsfdu1NhrjDGx11gilth7S+y9G2OXWDD2FmvsLZZYiaio2BVFRHrvu3v/4F4uD+w5exaWXXA/71f+kDNzZn7uYfF59svMyGs17SgDAAAAAAAAAAAAYBxMDF0AAAAAAAAAAAAAAP0hIAQAAAAAAAAAAACMCAEhAAAAAAAAAAAAYEQICAEAAAAAAAAAAAAjQkAIAAAAAAAAAAAAGBECQgAAAAAAAAAAAMCIEBACAAAAAAAAAAAARoSAEAAAAAAAAAAAADAiBIQAAAAAAAAAAACAESEgBAAAAAAAAAAAAIwIASEAAAAAAAAAAABgRAgIAQAAAAAAAAAAACNCQAgAAAAAAAAAAAAYEQJCAAAAAAAAAAAAwIgQEAIAAAAAAAAAAABGhIAQAAAAAAAAAAAAMCIEhAAAAAAAAAAAAIARISAEAAAAAAAAAAAAjAgBIQAAAAAAAAAAAGBECAgBAAAAAAAAAAAAI0JACAAAAAAAAAAAABgRAkIAAAAAAAAAAADAiBAQAgAAAAAAAAAAAEaEgBAAAAAAAAAAAAAwIgSEAAAAAAAAAAAAgBEhIAQAAAAAAAAAAACMCAEhAAAAAAAAAAAAYEQICAEAAAAAAAAAAAAjQkAIAAAAAAAAAAAAGBECQgAAAAAAAAAAAMCIEBACAAAAAAAAAAAARoSAEAAAAAAAAAAAADAiBIQAAAAAAAAAAACAESEgBAAAAAAAAAAAAIwIASEAAAAAAAAAAABgRAgIAQAAAAAAAAAAACNiZugCAABA7qpXu1q9WtWHefTOdN3b5/HQcTMMVBQAAAAAAAAAg2EFIQAAX76s6WBacLhlzSJDlAMAAAAAAADAkAgIAQD4wtWrVV2wqXa14R599FsOAAAAAAAAAAOT12ra0dA1AACA3OVz7bhIa+1mnfRYCwAAAAAAAAADM3UrVdHQNQAAgNwll8nr1a4m0ur94LF+KwIAAAAAAABgMGwxCgCAsVN7QiEAAAAAAACALxUBIQAAX77NXvvEO3ASIQAAAAAAAGA8zAxdQJ5gZ1uoQll3rW5RqlRxcfGR0THh4ZHJKSm6raegjXWn79pUr1LB0dHewd7WtmBBmUwWGxcfHhEVHhn5xO/V8dMXo6JjdDtpmto1qnzbuqmbq4ujg72dbUFrK8uExKSo6JjwiKjPwaHnL9+45+ObjWGLF3Ur4uqS9Xp0bOzzl2+ljGBiIq9do6qJXK629cXrd1JekIrlS6e9mJmERUS+efdBShkZ66lbU/1mfU+evYxPSBS/PfcecfUqFSwLFMh6XfqDszA3r1mtUtbral8lkddBrejY2A8BnzS+PjmRjbeziEx/a6Hv5LiEhKfPXmV7Fp0PW6JYkY7tW5dxL+HoYGdvV6igjU2qQhEdHRMRGR0cGvbWP+Do3xcio6IljlalUjkbK6us14OCQz98/CRxECcH+zLuJbJeDw4N8/8QmPbnapXLW1laShxQOqVK9Z/o5pnVKpdv37a5q4uTg4O9g51tQRtrhUIREhYR+Onzu/cfX797/+zFm4+fgpRKlc5ry1PSFhFqzBEBAAAAAAAAfAHktZp2NHQNhjegd5cJIwdm+/aExMSAj0GP/V4eO3Xx0ZNn2R7Hwd5u0uhBX39V29HBTmPnyKjoO/89Wrlua2hYRLZnTNe+TbMBfbqUK13KzMxUvGdqquKt/4e9h08eO3VR+vjb1i+pU6NK1uthEZFtOv0kZYQ/Ny2rUVVNapVm8Ohf7z96Kj6Cs5PDhaM71DapVKofeg/7+OmzlErSTJ84vEfn9mqbuvQb9e59gNqm3H7E3Tq2mzl5pNqmBq27S0yy1y+f3bhh3azX/T8Edu47ItNFO9tC//y9W2J56VQqVWqqIio65vot772HTr5666/tCCJy+HbO5K1/QNf+o9K/FPpOjk9IbNyuV7Zn0dWwNapWGvNz/6qVy0mJ2cIjom57P9i265DGdPzG2f021moCwge+fh6jfpFY25WTu+ztbLNef/byTZ/BE9L+fOfiIQsLC4kDaqV2s05ZL379VW2Pft1qVq0oZVKlUvXgsd86z50PfP1yo0L9GO7RR+NWompfKwAAAAAAAABfGFYQ6oCVpWX5su7ly7p3+b7tW/+AOUvW+D59odUITg72s6aOatboK7nACrms7O1s27Vq8k3Lxrfu+sxbvj44JCxbtcs6tGs5YeRAJwd7if3NzEzLl3WfM23M+BED13ruPHLyfPbm1crGVXNF0sHla7doTAdlMlloWMQDX79a1StnbZLL5asXT+/pMU5iPUXdCnfv9K3aptveD9Smg/p5xK4uThIHF2GnLsXRLblcbm5u5uzk0OX7tl2+bxsXn7B5+97dB0/k9rxfsLq1qs2cPMK9ZHHptzg62H3Xtvl3bZvfuuczff5v0hcUZo9cnod2tHZzdVm5YFrVSuWl32JiIq9To4rXhqXhEVEHj5322v2XzteO5xHDPfqwiBAAAAAAAAD44uWhT2y/DKVLFd+5ecXqxdOl39K3R8fzR3c0b1xfenSUTi6XN2pQ5+zhbR59u2l7r72d7Yl9mxfOGC89HczIzrbQrCmjTh/ckr3bpVsxf9rXX9UWat3y54F9h/+WONTEGUsUCoXapvJl3du1aiJxnN8WTVf7sFJTFVNmLct63VCPOL+wsbaaNHrw3wf+KFe6lKFryX9MTEw2rpq7de0irdLBjL7+qval4zvHj9DZsss8rknDuqcObNEqHczI0cFuuEefK9ovnM0LpCR/GpcYAgAAAAAAAPgCEBDmihZNGvyxZqHGbiYmJuuXz548ZrCJida5UUZyuXzssAGevy/QuEFouvp1apz7a1uJYkVyMq9MJiviVvjM4W2NGtTJ4ThC5kwb3aZFI6HWw8fPbty2V/poEZFRO/cfE2qdPW2MiYnmd0S7Vk0qli+ttslzx77YuPiMVwz4iPOdYkVcD+5Y06BeTUMXkp+UKFbkwtEdIgm6RCYm8p/6dPlt0a86qivvatGkwdpls3L4fpTJZP4fPuqoIn3z9Nqvsc9wjz56qQUAAAAAAACAwRAQ5pavalcXOqMujYmJ/OjuDWoPe8ue+nVqHN+7WUrE1bZl482r5+vqrC9zc7MNK+a0b9NMJ6NlNHGUR+cObYVaL/5zc9GqTdqOudZzp9BWitZWlkIH+KUzMTGZNXW02qbQsIitOw/9b2eDPeJ8Si6Xr18+p4x7CUMXkj+4lyx+ZNcGKedZStSyacMdG5flPDzLs2wLFVy5YFo2FvJmtX6L4VcQDvfo43PtePp/W9Ysqle7mk5GZhEhAAAAAAAA8MX7YpOGvGDc8J9EWjevXlCyeFHdzljUrfC2dYvF+1SuWHbpnCk6+Yg8o4UzJ1avUkGHA/48sFf/Xp2FWu/5+E6ZrWYzTyl+mbdSqKlzhzbFiriK3Dtz8kgbayu1TVnrMdQjztfMzEx3/7HyCw5BdcXOttCeLat0vqK0ZrVKFcuX0e2YecfUsUNMTXXwikXHxN68c18XFeVIphivXu1qUjJCiecLsogQAAAAAAAA+LKZGbqAvG724jVZL9pYWxUtUrhk8aL169awsrQUutfG2qp6lQq+T19kbZo2/uevalfXOLtKpYqJjfvw8ZNKJStRrIhtIRuNwV6t6pVnTh65cOVGta0O9nY7NiyVskIoJSU1ODQs6HOIa2Hnwi5OFubm4v1NTORb1y3u0HNoaFiExsE16tuj44hBPwq1Pn/59udxM7M9+B3vh/cfPa1To0rWJrlcvnrx9J4e49TeWLyoW+cObdQ23fZ+8MDXL+MVQz3iPCU8IirjlwUszK2srDR++1lZWg7u133LzoM6rycwKFjoEEohDx/7SehlAPu3/25tJfjDJ51KpYqNiw/8FBwaFm5rW8itsLOLs6NI/+Vrt/g9f63TSrXw8VOwyIJIExOTQgVt1DapVKromFihG1UqlUwmszA3b9dabKHzW/+AS1dv+fg+jYiMcivsUrlCmXJlShUvVqRU8SKZ1lv/deKctL9Q7vL02p91qd+wgX28fWbkfPC0kSWmiQAAAAAAAADyHQJCDU6evSzewaNvt7HDBgi11qtdPWtAWLyoW68u34kP+9Y/YP7y9Y+ePFMqVekXTUzk1SpXnDllZPkypUTu7frDN7sPnnj3PiBr07J5U8R3FlUoFFt3Hjpw9HRE5P9EO/Z2tt07tRvu0Udk/Y2FufmyeVMHj87pMWadO7SZPGawUGtAYNCPQyfmcIpJM5ZcPLZD7d+lfFn3dq2anLt8I2vTb4unq03vUlMVU2b9z/JBAz7ivGOt506vPX9lvW5jY92xfatRg/va2FgL3duvV6fcCAj7/Tw50zd2PjXco49bYWfxPg8fP1u+dsuzF68zfoPJZLKCNtZ9e3Yc2KerpWWBjNdVKtWMBb+duXgtd0qWpGv/USKtZdxL/LVzvdqmhSs3Hjl5XnzwRg3qCC24TElJXbhy44kzl9Kv+D1/feX67fQvu3VsN6hf96JuhWUymVKp+uPPA5r+KgZTr3a14R59xIM9tcliVsM8ehMQAgAAAAAAAF8q9vHLKa89f506/49Qa1F1+1Uunz9VZJWYQqFYvXFH1/6jHvj6ZfpkX6lUPXryrOfAsSvXbRNZCCWXy5fNnZz1eqXyZcTXtL31D/iu59DNXvuyhiiRUdFbdx76tvvgl2/8RUaoU6NKtcrlRTpo1LZl49kCh/zJZLKw8IgeA8cqlcqcTJH21/Hac0SoddbU0Vm3uGzfpplQaLfZa19sXHzGK4Z6xPlCXFz8vsN/N2nf59S5K0J9bAsVbFCvpn7ryjcsLCwG9esu0iEhMXHyrGUDR057+uxVpm8wmUwWGxfv6bW/6Xd9jp/+/3mYUqkaPXW+YdPB3FalUjmhptlL1mRMB7P668S5Dj2H9vQYd9v7wfHTFxMTk3KnRu0IpXfDPHrraoNQNhoFAAAAAAAAvlQEhDpw4rTgJ8vJycmZrtStVa1yhbJC/aOiY7/rOXTn/qPiM+45dOLb7oOjomOEOlQoV7p+nRqZLi6ZIxYpeXrt79p/VHBImEif0LCIngPHbty6R6TPwpnZX97XqEGdZXMFz0eMiY3r2n+0rj6a37B1d6YNMNPZWFtNnzg84xUzM9NZU9WvbQoNi9i261DGKwZ8xPnLzEW/BwQGCbXWrVlVv+XkGzMmDTc3F1z87ff8dYsO/S5dvSk+SGqqYu7StfOWrVOpVKmpCo9Rv+SFQ/VyVVn3kmqvq1Sq85evSxnh5et3IybOmb9c/SrGPGWYR2+RwwilrwuUstAQAAAAAAAAQH7EFqM6UKCA4KadL1+/y3RlyIAeIkONmTpPPKJLFxoWMXLy3D1/rBLqMLh/97v3H6V/aWdbyL1kMaHOz16+kf6R8ZadB5s3qV+1kvqVgqVKFLW3s42MipY4WrraNaqsWzZbKB1MTEzq/tMYkWPGsuGXuSv+WLNQbVPXH77ZvvtwYFBw2pezpowSOmxy0sylma4Y6hHnR7MXr9m+fonaJveSxfVeTv7Qunkjoabk5ORBY35NTkmRONSxUxefPHsVH5/w8dNn3RWYRwkdfimXy8uUKvnqrdja6DxLZLPQLWsW6WQKn2vHNfbx9nksk8k8d+xL+wMAAAAAAACAvI8VhDrQr1cnoSafR08zXalVrbJQ5zMXr2U9sFDE02evRDZprFX9fybq3a2DUE+FQjF68jzp88pksjFTF6SmCm6A2bur4FxCKpUv88fvC4U+wU9JSe0zZKLEXE26ez6+93x81TbJ5fLVi6en/blUiaI/fNtKbbdb93wePXmW6aKhHnF+9PBx5lcvXfFibvqtJX8o417CxtpKqHXmot+1XWL78vU7Y0gHZTJZet6f1S7PFULvcUhRr3a1erWrbVmzaMuaRSIrFwEAAAAAAADkHQSEOWJjY71s3hShnR6DPof4fwjMeKVG1UqWlgXUdo6LT5i5cLW2Bcxesjbuf0+/S2dhYZExQPq2dVOhQdZ67gqLiNRq3ojIqDWbdwi1ftummVajuZcsvnPzCjMzU7WtCoVi0Ohf3r0P0GpMiabMWiZ01F+FcqXbtWoik8lWL56hdl1jaqpi6uzlmS4a8BHnR0qlUuj1t7YSjMGMWZ/uPwg1/ffg8YUr/+q3nPzk9dv3Qk2WlgXmTx9348y+kUP6FnZx0m9dOSJ95bd+pMeEhi4EAAAAAAAAgAZsMarB1LFDs160sirgWtjZ1cW5dKniQltiymSy3zdljtCaN/5KqPONW95KpVLb8pRK5bVb3u0FArlmjb564OuX9ueiRVzV9lGpVLsPHtN2XplMtvvgiYmjBqn96xdxc5E+jpury76tvwmdqaZSqcZMXfDY72U2KpQiKjpm685DQnv0zZo62srKqnQp9XtdbvbaF5slujPgI86P7GwLmZqqD4ZDQsP1Xk4+UL1yBaGmPYdO6rcWWa3qlb2vHJHYWehB683f5/6ZMWmk0DLltF/4GDqg59ABPRMSE1+99r92696JM5d1vnBZ50R2GTWUtJhw6LgZhi4EAAAAAAAAgCACQg36dP8+ezceP33p3OUbmS66uQomZ/89fJK9ie4/fCKUHmWcztxM/bOOiY1TKlXZmzo6Js7OtmDW60JzZWVpYXH4z3VCS+5kMtmv81beuueTvfIk2uy1r3vnb50c7LM22VhbzZk2Wu1doWER23YdynrdgI84P+r0XRuhpg8fP+l8OjvbQkILFrPS7YGXumJnV0io6Y73A/3WIssLsZ90ycnJ/975r+nX9TT2tLK0rF61YvWqFUcN6RcXn/Dk2ctzl64fO3Uh2z8qjVC92tWGe/TJawscAQAAAAAAAKQjIMwVZy5em7t0bdbrhZ0FN6+7dTebMZjIjS5Ojml/KGhjLbTS8WNg9o8fCwj8ZGdbPut1uVxe0MY66+q6rGxsrMU7ZDtU08q0OSu2rtVuT7xJM5eqvW6oR5wfubm6jB3WX6hVZEPIbDu6e4P0zleu3544Y4nOa8ihQgVt1F5PTk6OT0jUezn5zPhfFx3+c53QmmC1bKyt6tepUb9OjWnjhp44e2XNph1SfrLp02avfXltBWGaYR69CQgBAAAAAACAPIszCHPFp6BgtdcdHezUXlcqVQGBQdmb6+Onz0LrWpwc/++quBLFiwjd/vzVm+zNK5PJXr5+J9RUskTRbA+b0Z4/VolsCagr/z14fPf+I+n9b93zefTkmdomQz3ifKdl04YHvdYIrT9TqVQX/jHwcXrFi7oZtgC1ClhYqL0erOWOrG6uLt5XjmT9b+ywATqqNC9SKpXdfxrz1j87B5paWFh079ju6qm9834dmwulZV+92tUMXYJ63j6PDV0CAAAAAAAAAEGsIMwVg/p179ax3ZAxM1699c94XSFwBJ3wOYaSCN2e+v92U0xNFdxW0dzcPNvzitwrfSNHcYVdnH5fMnPstAU6GU3ElFnLLh3faWameb/E1FTF1NnLhVoN9YjzoLKlS1ar/D8LTMuVcXewty3rXqJOzapF3AqL3Pv46Yu8f/abQahU6qNiMy23+jQ1MVGbztarlUfTJl1Jywg3r55fr1Y1kRNkhZiYyDu2b21bqOCE6Ytzp8Avx38PCAgBAAAAAACAvIuAMLfY2Rbas2Vll36jAjOsJgwPj5SVKZW1s1wur1i+9POXb7MxUfmy7kIfc0dERKb9QeQ4twrlSmdjUo33+n8IzPawmTT9ul7/Xp13HTimqwHVio6J3bLzwIhBP2rsuXHbHpE9Bg31iDWysDBPTkmR0lP6EZLiOnzTosM3LbJ37/K1W3RSw5cnMSnJ3FzNA3JydDBEOfmSUqn8edzMwi5OU8YMadm0QTaOUWzRpMHvS2aO/3Vh7hSonWED+xi6BDW8fR6zvygAAAAAAACQl7HFqAbJKSlq/0tJSRVaypPOwsJiz5ZVGa98DgkV6tygbq3sVfj1V7WFmj7/vzVYiYlJQtUWFV3IJU7oXpVKlZiYlO1hs5owcmCNqpV0OKBaf+w4EBYeId4nNCzCa89fIh0M9YjTJCULRoAVyrpLnE5o21KlwOJInbt2895jv5f6mSvfiY2NU3vd3NzMwV799rZQKzgkbMrsZY3a9f590w7fpy+Sk5O1ur1546+GDOiRa9VpIQ9uMerptX/ouBmGrgIAAAAAAACAGFYQatCgdXeR1oI21i2bNvTo2610qeJqO9jb2XZs3/rEmUtpXwYKnE0ok8lq16i8c//RbFRYq7pgchb46f9Pl5SUbGlZIGsfG2srMzNTkT1IhZiZmdpYW6ltSpG2Uk06uVzuuXr+t90HR0XH6HbkTKbMXr59/RKRDpNmLhUfwYCPWCaThQgfRFe+rPv9R0+lTGdbyEbt9dx+8dP4Pn0x7pc8sTArb4qMihHanbVRgzqnzl3RZzFxcfGLVm2S2Hnx7Em5XE52JCcn/7nv6J/7jspksjLuJTp91/rr+nXcSxRTu0wzk749Om7deUgvZQrKm+kgawcBAAAAAACAvI+AMEdi4+JPnr188uzl4R59hnn0VttnuEfv9IDw7MVrwz3UbwfXuEHdgjbWIntXqlXQxrpJw3pCrWcvXU//81v/gMoVy6rtNm3cz9I/5U83ZcwQoabX7z5oO5pMJvN78bqom6udbUG1rZaWBXZ5rujYZ3g2RpbO59HT0LAIZyf1uzUGBAY9evJMfAQDPmLxgLCMewmJMwodLRkRGSVxhGx74Os3eMyvuTd+YmJSSmqqxM7vA3S2Ta4O3fZ+IPRGHjn4Rz0HhC/f+J+5eE1i52njhwm9u/OIN+8+rN64Y/XGHTKZrGL50gN6d2nXqonIBqT2drZODvZhkrf5zQ15Z39RT6/9MpmMaBAAAAAAAADILwgIdWOz177vvmleoliRrE3OTo7pf/b/EBgTG1eooJoVWubmZmuWzRo8Wrt0ZPXiGUIrXeLi4t+9D0j/8sSZS0K5QreO7fb99fcbbVK9Mu4lenRuL9T691mtU4oXr97+OGRi8aJuR3dvNDNT/4l8iWJFls6Z/Mu8ldoOrpW1njvnTx+ntmnluq0abzfgI06LMIXGqVShjJTpKpUvI3TeYWiYhv1XcyIuLn7mot//uXEn96aQyWTf9Ryqh5gzV+0/csqjbze1TUXdCg/36ENCoxPPX76dseC3ecvWjx/+U+9uHYTeFOXKlgrzNmRAKGLouBnePo+FWn2uHZc4Tu1mnXRXFAAAAAAAAIC8gjMIdebFq7dqr5ubm2VMvO54PxQaoU6NKq2bN5I+Y+tmX4vsL3fnv0cZvzzy9wWhYwjlcvmGlXOlzyuTyTasmCP0iblKpTry93mtRnv3/mOfIRPT8q2JMxaL9GzXumnXH77RanBtiazwi41LkDKCoR6xTCb78PGTQqF+t9jqVSqqDbAzmfPLGKGmW/ceaLw9246fuZTb6eCXITgkLDxCMOMc+lOvnJwqikySk5OXr92ydZfgPqKlS6rfXFo/6tWuJvTzwdNrv0g6KH1j0rR1gQAAAAAAAAC+PASEOuPoYC/UVMT1/39kv2n7XpFBFs+aULtGFSnT1apeefHsiSIdNm37n4mSk5MfPXku1NmtsPPqxdNNTDR/P5iYmPy26Fc3VxehDo/9XiYmJmkcJ11gUHCPgWOUSmXal9dveYsvgZoxaWT5su7Sx9c/Qz3iNB8+ql9EKJfLF80SGy1txkrl1S80VKlUV/+9K3571lve+gdk/C8lRXB7zz7dvheaGpkcO3VBqMnERL7Tc0Xxom76rSg/8Vw9f/HsSRYC++iqdeuuj1BTfEKijurSJY2nAErcmNTb5zELUgEAAAAAAIAvFQGhbhR2capWuYJQ6+eQsPQ/v3n34ead+0I9LSwstq9fsnj2JJGszsTEZNGsiV4bllpYWAj1ue394NVb/0wXp81ZLrSIUCaTtWjS4MrJXeLZVa3qla+c3NWyaUOhDiqV6pe5K0RGyKpLv1Gpqf+z6M3Ta7/IS2RiIvfasNTaylKrWfTJgI847brQLdWrVJg4ykOotVL5MmuXzRJq/Rwcmh7iSrTuj11d+4/K+F/91t3u+fiq7SyXyzevni8losaGrbvj4gUXszo52J/Yt3n8iIHigwht5Ptlq1i+dP26Ndu3aXb9zN5+PTuamKhfBp1Jry7fCTWJ/NaFHqjN+XSY6nnuIB0EAAAAAAAAvlh8HK8D9evUOPznOqGD4hQKRXJycsYr0xf8plQKBnUymax9m2ZXTu4a0LtLGfcSGa+XcS8xoHeXKyd3fde2ucjtSqXq13mrsl7/HBJ29tJ1kRttCxXcvn7J6sXTWzZtmDGBs7aybNm04W+LfvXasNS2UEGRES7+czMwKFikQyZR0bGZXpw0Y6bN/yQ8jo211Y6Ny6TPon+GesQymWzz9n0iMXD/Xp3PHN6Waa2etZXlrxOG7d36m9qjE9PsPnhCpB7pxk5bkJCoftGVnW2hJXMm6WSWL5tSqVq5bptIB7lc/lOfLuePePXt0THTN5iNjXXzxl/N/WXs0d0bc7/SPGfauJ/T/mBhYTFp9ODbFw6vmD9NZOmqmZnpwpkTvmnVRG2rSqXKdAionqndKVRjqieyMWlG3j6PRTYpBQAAAAAAAJDfqc+0kG76xOFqr5uYmDg7OTo72ZcsXlQkVpHJZB8/fc50JSo6ZuX6rVPHDhW5y7ZQwQkjB04YOVCpVCUlJyUkJNnb2Upc77Jm85+RUdFqm+YuXdegbk1HBzuR21s0adCiSQOZTJaYmJSSmmpuZmZpWUDKvFHRsbOXrJHSM12qQv2ek0qlqs+QiWcPbxOaunxZ9xmTRixatUmr6fTGgI84Kjrmxu3/mn5dT+het8LO+7atVipVMbGxSUnJ9va2GrdbjE9I3HNINwFhYmLS5FnLNqyYo7b1m5ZNjp++JLL+Ms+ytrL8759jWt3yIzxi+gAAIABJREFUxO/FgBFTszfdsVMXundqV7VSeZE+Ls6Ok8cMTsuxomNik5NT7O1shX6PwRg42NvVql454xVzc7M2LRq1adEoNVXxPiDw+au3wSFhIaHhMpnM0cGuWpUKNapUFPnp91zg3Fm98fTaP8yjd6Yrukr1WD4IAAAAAAAAfNmM98NiiXp0bp/DEVZv3JH14r7Df5cpVaJ7p2813m5iIreytLSylLqj5vHTl3buPyrUmpyc3GfIhJP7NovsXZnO0rKApUxSNCiTyZJTUnoPHq/V6YPioqJjBo+dvmvzSqHMrHunb719fM9dvqGrGXXLUI9YJpMtXLnx9MEtpqZie0iamMjtbAtJnHGd506JPaW4eef+hSv/tm3ZWG3rqgW/tOzYX4ffSHojMdxNZ2NjnZPpBo6cdubQNmcnB4095XItnvUXbMrYIXK5+mdkZmZaxr1EptWWGi35zVNHpWXTZq992dhNVMoBhDoMGgEAAAAAAADkTWwxmruCgkP/uXFHbdOiVZtu3vXR7XT3fHznLl0r3ic4JMxj9K+Zjv3LIYVCMXTszKDPITocUyaTPX32asGKDSIdFs2aWKJYEd1OqkMGfMS/zle/AWk2XP333v4jp3Q1Wppf5q2Mio5V22RpWWD98tm6ne6LlJqq6DFwrMhhhNlTVfgs1XzNzMy0bQv1mXT2PHv55tGTZzocUG+k7C+qq1MMAQAAAAAAAORZBIS5KDIqupfHOJEOoybP3b77sMiJcVrZffDEz+NmSun59NmrTj8ODwuP0Mm8kVHRXfqNyqXPyo+dunD07wtCraamprs8V2jcIdOADPWIL1z59899YqsMJfL/EDhxxqKcj5OJUqkcPWWu0MtSt1a1zh3a6HzSL09kVHS7boNevvHX4ZhnLvyjw9Hyjkrly5iZia2p1UpgUPBPI6bpajR9kpIOenrt10stAAAAAAAAAAyJgDC3BAQG/dB7WHSM+mVS6db9sWv4hNkJiYk5mSs5OXnM1Pmr1m+TfktgUPA3XQddv+Wdk3llMtnd/x627TLww8dPORxHxPzl6/1evBZqtbMttGXtwtybPecM9Yh/37Rj3rJ1SmX2s8lLV2927jsiJyOIeOz38tCxM0KtMyaNdHKwz415vzBxcfE9B449ePR0zkPox34v23T6aeai33VUWt7y2O/lTyOmBYeE5Xyot/4BXfqOTE5O1kVd+qZxf1Fvn8csHwQAAAAAAACMAQGh7oVFRM5ZsvaH3sNi4+Kl9L97/1GTb3tv2r43GxlScnLy9t2Hv/6m143b/2l7r1KpHDttQbcBo32fvtD23rQd9voMnjBswmzd7laq1sCRv0RFxwi11qhaaeywAbldQ04Y6hEfO3Wxx8Ax2VhhFhUdO2fJ2smzlml7o1aWrPYUCmzMzEy3rNX9ysUv1ZLVnu27D7551ycbMaFKpfJ9+mL4xNn9h00Oi4jMnQLzhEdPnrXrNmjRqk3+HwKzN0JycvLi3zZ37T8qOSVF19XlFZ47SAcBAAAAAAAAo2Bm6ALyhODQ7C8rUSpVCoUiOjY24GOQ79MX+w6fDAwKzsYgf+w4sHXnwV5dO7Rv07xi+dLi22ampKS+eut/9uL13QePK5XKbBcvk8nevPswYPiUMu4lBvXt1qBeLWcnB/H+YRGR3j6PvfYcfv7yrfRZIiOjc1JkcnJy36GTju3ZJLRJ4MAfu27ctkcnUeXnkNCcD5KVoR7xm3cfeg4cW7F86SljhlStVN7SsoBIZ4VCERD4eduuQyfPXpY4fkJikkqlksvlWZukrNb6efzMI7s2mpioub10qeI1qlbKxta1Im9nhSKn3yE5/E7WdljpifLnkLBRk+c6OzkM8+jTqH7tIq4uah9KupSU1I+fgq5cv7Nt9+E4Tb/KkJiYaGNtlfV6UpIWq+hSU3MaqkUIv/hBwVLftoePnz18/KyTg/2Qn3p+/VXtom6Fzc01/DuoUChevvE/ff7qgSOn8nU0WK92NfEtRr19Hnv7PNZjRQAAAAAAAAAMRl6raUdD1wA1KlcsW69WdTdXZxcnx4IFrZUKZWJSUkho+KfPoQ98/XLpwD+ZTGZpWaB1s69LFCviWti5sLNjSmqqubl5aFj455CwgI9Bl67d0pglQCKDPOKiboXbtGhcvKirg72dvZ2tmZlpVHRsRGRkSFjErbs+Po+e5sak0D8zM9PmjRuULV2isLOTi7OjnW2hpOTkiMjosPCIT0HBV/+9l6vbAucvbq4uzRt9VbRIYQd7O0d7u1SFwtraKjw8MiQs4nNwyOu3H27d8zF0jbpRr3a1LWvEFuYOHTeDgBAAAAAAAAAwEgSEAAB8+basWSSygtDTaz+nDwIAAAAAAADGgzMIAQD48onvL0o6CAAAAAAAABgVAkIAAL5w4umgp9d+PdYCAAAAAAAAwPAICAEA+MLVq1VdqMnb5zHLBwEAAAAAAABjQ0AIAMAXbrPXPm+fx1mve3rtHzpuhiEqAgAAAAAAAGBI8lpNOxq6BgAAAAAAAAAAAAB6wgpCAAAAAAAAAAAAwIgQEAIAAAAAAAAAAABGhIAQAAAAAAAAAAAAMCIEhAAAAAAAAAAAAIARISAEAAAAAAAAAAAAjAgBIQAAAAAAAAAAAGBECAgBAAAAAAAAAAAAI0JACAAAAAAAAAAAABgRAkIAAAAAAAAAAADAiBAQAgAAAAAAAAAAAEaEgBAAAAAAAAAAAAAwIgSEAAAAAAAAAAAAgBEhIAQAAAAAAAAAAACMCAEhAAAAAAAAAAAAYEQICAEAAAAAAAAAAAAjQkAIAAAAAAAAAAAAGBECQgAAAAAAAAAAAMCIEBACAAAAAAAAAAAARoSAEAAAAAAAAAAAADAiBIQAAAAAAAAAAACAESEgBAAAAAAAAAAAAIwIASEAAAAAAAAAAABgRAgIAQAAAAAAAAAAACNCQAgAAAAAAAAAAAAYEQJCAAAAAAAAAAAAwIgQEAIAAAAAAAAAAABGhIAQAAAAAAAAAAAAMCIEhAAAAAAAAAAAAIARISAEAAAAAAAAAAAAjAgBIQAAAAAAAAAAAGBECAgBAAAAAAAAAAAAI0JACAAAAAAAAAAAABgRAkIAAAAAAAAAAADAiBAQAgAAAAAAAAAAAEaEgBAAAAAAAAAAAAAwIgSEAAAAAAAAAAAAgBEhIAQAAAAAAAAAAACMCAEhAAAAAAAAAAAAYETkKpXK0DUAAAAAAAAAAAAA0BNWEAIAAAAAAAAAAABGhIAQAAAAAAAAAAAAMCIEhAAAAAAAAAAAAIARISAEAAAAAAAAAAAAjAgBIQAAAAAAAAAAAGBECAgBAAAAAAAAAAAAI0JACAAAAAAAAAAAABgRAkIAAAAAAAAAAADAiBAQAgAAAAAAAAAAAEaEgBAAAAAAAAAAAAAwIgSEAAAAAAAAAAAAgBEhIAQAAAAAAAAAAACMCAEhAAAAAAAAAAAAYEQICAEAAAAAAAAAAAAjQkAIAAAAAAAAAAAAGBECQgAAAAAAAAAAAMCIEBACAAAAAAAAAAAARoSAEAAAAAAAAAAAADAiBIQAAAAAAAAAAACAESEgBAAAAAAAAAAAAIwIASEAAAAAAAAAAABgRAgIAQAAAAAAAAAAACNCQAgAAAAAAAAAAAAYEQJCAAAAAAAAAAAAwIgQEAIAAAAAAAAAAABGhIAQAAAAAAAAAAAAMCIEhAAAAAAAAAAAAIARISAEAAAAAAAAAAAAjAgBIQAAAAAAAAAAAGBECAgBAAAAAAAAAAAAI0JACAAAAAAAAAAAABgRAkIAAAAAAAAAAADAiBAQAgAAAAAAAAAAAEaEgBAAAAAAAAAAAAAwIgSEAAAAAAAAAAAAgBEhIAQAAAAAAAAAAACMCAEhAAAAAAAAAAAAYEQICAEAAAAAAAAAAAAjQkAIAAAAAAAAAAAAGBECQgAAAAAAAAAAAMCIEBACAAAAAAAAAAAARsTM0AUAAAAAAJDPJCYmHTx22ueR36s3/gGBQWXcS5QrXap5k/rftm5mYiI3dHXQn8d+L4/+ff7lG/83b98XKGBRrnSpiuVL/9j9BzdXF0OXBgAAAIiRq1QqQ9cAAAAAAEC+4fPo6a/zVn4OCcvaVLVS+WXzphQr4mqIuqBXqamKZWv+OHz8rNrWiaM8+vfqrPeiAAAAAKkICAEAAAAAkOpTUHCPgWPj4hOEOlSuUHbHxqUWFhb6rQv6tn7L7m27Dol0WLlgWuvmjfRYEQAAAKAFziAEAAAAAECq1Zt2iKSDMpnM78Xro6cu6rEiGMDLN/7i6aBMJpuzZK1SqdRXRQAAAIB2CAgBAAC+WCkpqaFhER8/fY6JjWPfCADIOaVSefPOfY3dfJ8810s5MJiHj59p7BMXn/A+4JNeygEAAAC0ZmboAgAAAKAbcfEJ9x8+ufvfw2cv34SEhoeGRWRa4+Lq4lS4sLOLk0O5MqWaNKhbtXJ5ExN+XQzIN16+8X/x8k327pWbmNjbFnKwt7O3K2Rvb2tlaanr6ozFp88h4ssH0/i9eK2XcmAwoWHhUrq9ex/gXrJY7pcDAAAAaI2AEAAAIH+Ljok9fvritZv3vH0ei/f8HBL2OSRMJpNdvnb7jx0HbKyt2rZs0qJJ/QZ1a1paFtBXvQCy6dbd+6s37tDVaLWqV27V7OumX9d1L1lcV2MaA2srSdmqbaGCuV8LDEliym5tbZX7tQAAAADZQUAIAACQX0VFx+z7629Pr/3Zuz0uPuHYqQvHTl1wdXGaNHpwmxaN5HK5rmsEkEc98PV74Ov324btxYu6fdOqSe+uHVycHQ1dVD7gYG/n6GAXHhEl3q16lYr6qgiG4exoL6VbxXJlcr8WAAAAIDsICAEAAPKfpKTkbbsPb/nzgE5G+xwSNnXO8lrVK08ZM6RKpXI6GTNf+xQUvGHbXqFWczOzscP6O9jb6bcoILcEBAZt3334wJFTY4cN6NaxnampqaEryuvat2m+59AJ8T7NG3+lr3LUu3XP59T5q0KtboWdRwzqY4TPesGKDUnJKUKtvbp8V71KBYlD1a1VTWOferWr2dmylhQAAAB5FAEhAABAPvPx0+cps5bp/ICrB75+fX+e1LdHx4mjPIz8bMKY2LhT566IdGhYr2a71k31WBGQ6+LiE5as9jx26uKsKaMqVyxr6HLytFFD+9647e3/IVCoQ+9u30tJj3LV+4BP4j/HenRu7+ripMeK8oQjJ8+LtFpZFpAeELq5usz7deycJWtF+syZNkbLAgEAAAD9MeqPfgAAAPKd67e8e3mM03k6mG7PoROzF69RKBS5ND6AvMzvxesfh068//CJoQvJ06wsLTetmie0RvDngb0mjPhJ70XBADq2bz176mgbdacMli/rvvuPlcWLuhmiLgAAAEASVhACAADkG3sPn1yxdmtuz3Lq/D+JScmLZ0+0MDfP7bkA5EFjpy34c9PysqVLGrqQvKuIW+Hfl8y8+9/Dh0+ev333wcTU1MqyQOlSxRvVr+Nespihq4P+dPm+bcumDS5evfXOPyAyOiY5Odm9RLHyZd1bNWtohDu4AgAAIH8hIAQAAMgfLl29qYd0MH2uyTOTf18yw8j3GgWMU1x8ws/jZ+7burqw8W1BqZX6dWvWr1vT0FXAwOztbLt3bGfoKgAAAACt8YkPAABAPuD79MXkWcv0OWN4RJRKpdLnjADyjvCIqHnL1hm6CgAAAABAbmEFIQAAQF73KSh4xMTZWt1iY23VomnD6lUq2NvZ2tsWSkxKCgmLCA4OvXH7PynnF9avU+O3xdPZHg3Idzp3aJv1Ykpq6sfAoPcBgeERUdKHunnX5+Xrd+XLuuu0QAAAAABAnkBACAAAkNet3rQjLj5BYudWzRoO7NO1auXyancHHTmk7/uAwPOX/92x9y+hMVs1a7hk9iQLC4uMF5VKpUKhFJnXzMxULpdLqVB8KFNTE233NVUqVR8/BUVGRkdGx0RHx0RExaSkpDg62Ls4Obg4Ozo5Otjb2ZqYSKrNUOLiE0JCw0PDIoJDw0LDwuVyeWFnJxdnRxdnR2cnBytLy2yPrFAolEr1K0HlcrmZWeYMODklJTg4LDgsPDg4NDg0zNTUtKhb4SJuhYu6FbYtVFD6vKmpis8hoZ+DQz99DlEoFPEJic6OaY/DvlgRV4nfKtpKTEwKCQsPDgn7HBIWEhpuamrq6vJ/X0YXJ4dM39LSpaYqhFbTmpjIs+boKpUqPDIqPDwyJDQ8JCwiPCKyX89O5ub6+H9eY4cN8OjbTaRDckqK//uPf+4/durcFSkD7j3895xpo7NXTC49DnEKhSIsPDI4NDw4JCw4NCwhIdHRwb6wi6Ozo0NhF2c728zfw9q+QdIplapURapQq6mJiba/YJGckvIh4FNUTGxUVHRUdGxUdIxcLnN2+r8vl5OjQ6GCNloNqHP6eSMEh4QFBAbFxMbFxMTFxsXFJyRaWhYoaGNdqKCNnZ1tudIltfpBpAcpKakqmeBqe3Mzs2z/uFMoFOERUaFhEcGh4SFh4dHRMXa2hQqnvYmcHBzs7bK9B7hKpUpNVQi1mpqaZv0XMykpOTg0LCQ0PCQ0PCY2TiaXW1kWcHF2dHZ0KFbEtUCBXHk7AwAAILcREAIAAORpDx8/u3DlXyk9K1coO3PyyCqVyol3K1m86JABPTp913r1Rq8zF69lau3coc3MySOzftR78uyVuUvXigx7dPdG95LFpNS576+/V67bJtTq6uJ0dM9GKZFYWHjEnf8e3fF+eOnqTY0BqquLU4niRWrXqNqwXs3qVSpm+pBaoVA8fPI8/Uu/56/ER7vt/dBF3dls5qam1atW1Fh5uhev3p6+cPXk2cvi67ocHew6d2j7XdvmZUuXlD54mjlL14lEQZ6/L6hfp0ban/2evz5x5tLJs5eFXkwba6v+vTr36Nze0cFOaMDklJTLV2/tPnjiybOXQn1cXZy6/tDum1aN3UsW1/Jvo17Q55BT5/85dupiQGCQSLfqVSt26dC2dfOvtQ0Y2nXzEHpANtZWJ/Z5pr8gQZ9Dzly8duTk+UyV9OzynX4CQo0szM3Ll3VfOGP8oL7dVq3fdvOuj3j/Y6cujB7a18nRQfoUuf041FIqld4+vn+f++fk2csi3erVrtapfZuWTRvY2FinXZH+Bslk6Njp9x89Fbqxc4e2EoPVt/4Bd+8/unX3/tV/72nsXKpE0ZLFi9avW7NB3RrlypTKlDxFRce8fvch/ctbd++Lj+bt41vErXDW6w52tqVLqXlv5tIbQaVS+T1//e/d+0/8Xvg+faFxkWupEkVr16jyTasmDerWlJKQ+b14nZCYpLFbmus3791v21xtU5UKZS0tC2S6ePf+o2HjZ4kMeOrglqLqXmQR8QmJV67fPnH60t37j8R7Nm5Y94dvWzVv9FXWwsT5fwjs0m+kUGudGlW2rV+S9meFQuHt8/jkuSviv1LQsX3rb9s0/ap2DZFMHQAAAHlQnvi/qQAAAFBLpVKt2rBdSs8O37SYOXmk9E8JXZwdF8+e1KrZ11Nm//+jDfv36jxh5MBcWt0l0eeQsPj4BPGA8HNI2Pbdhw8ePa3VsJ9Dwrx9Hm/584BMJuv6wzf9enZK/xB898ETv2/aIX20Y6cuHDt1Iet1G2urG2f3a7w9Lj7h5NnLR06ef/n6nZTpwiOitu8+vH334coVynb5vu3337bMyZrCjN4HfKpfp8Zjv5fzl6/XWExcfMJmr32bvfb17tqhf+/OmT71joyKPnz83L6/Tmr8fP9zSNim7Xs3bd/bvPFXs6eOEYkbxalUqsvXbh05eV5jypXG98lz3yfP5y9f375Nsz7df6hepUL25s0oLj4hIjLK0cEu4GPQktWbJVaSF5RxL7FiwS8/Dpng/yFQvOeN2/c7fdda44CGehyJiUk79x87cPSUlN1TvX0ee/s8lslkg/v3GDGoj8ZFfmlvELVNz1+9zV7B6Z48e7lx6x6tvmf8PwT6fwi8fss77fcGenft0KNze3s727TWGQtX/3v7P+mjzVy4Wu31dq2bLp0zWfo42X4jBAQGnT5/9eTZy+JZciZpL8KxUxddXZz69+7cq0sHkVDK98nzASOmSh/8c0jY4NG/qm36a+f6Mu4lMl18r+ntoxXfJ8+P/K3+Hxe1/r39X9oT79axXdfvv9H460ESpX9vHz99aa3nn1LeWSfOXDpx5pKjg93iWZMa1KupkzIAAACgBwSEAAAAedeV63d8M6xsE9K7a4ep44ZmI9hr06LR5t/mD584WyaTjfm5/6B+3bNbqZ6oVKrtuw+v37I7h+McOXn+yMnz3Tq2mzl5ZNqn2zoqUDPfJ8+nL/hNqw/E0/m9eO332+s9h04smT25csWyOqhGpTpw9PTS1Z5a3bT/yKmTZy97bViafjrdi1dvR0yao9X5djKZ7Oq/93oMHJO9D5TDI6LmLl2blpRo68zFa2cuXhsx6MfB/bvr5KDNW/d8psxaps/vIp2wtrJcPm9qr0HjxbsFBn3WOJShHsezl29+mbtCY8aZ1bZdh3wePlk6d4q2N+pEXHzCghUbzl26npNBwiOiNm7bu3Hb3nm/ju3YvrVMJouOidVdjdkh/Y0QGRW9bdeh3QdP5GS6zyFhK9dtO3Xun3nTx5UvU0ptn/iExJxMoTfJycnrt+zedeB49m7/68S5v06c8+jbbfigPhbm5jmvJzYufvGqTVn3GBAXHhE1fOLs/r06jx7aN5f2EAYAAIBuZXPPegAAAOiB+HZ5aerXqTFp9OBsL/trUK/mzs0rVsyflvfTwaSk5FmLfs95OphOz2slFQrFlj8PDBgxNXvpYDr/D4E/Dp3otecvhULwECmJFq3apG06mCYuPsFj1C+v3vqn5Xy9Bo3XNh1Mk/aB8sV/bmp1193/HvYYOCZ7cVS6Tdv3Dhk74+MnzemXOK+9R0ZOmpvv0sE0FcqVTsuWRHz8FCzewSCPQ6lU/rnvaJ/BmldACrn/6GmXfiMf+vpl7/ZsCwoO9Rj1Sw7TwYwK5I0kRvob4dyl69/3+jmH6WA6vxevew4ce+2m5g1a86xXb/37DJmY7XQwndeevwaOmPbWPyCH48TFJ/QZPEHbdDDdrgPHRk2Zl/N/ngAAAKAHBIQAAAB5VGJi0j837oj3sbG2WjJncg5P/alepUKbFo1yMoIeKBSKSbOWnjr/jw7H7N+rkw5HExcXnzBk7IyN2/bqasC1njt/HjczIdFg62Pi4hMGjpi2ZLXn+F8X5nCouUvXSk+GvPb8NWzC7OzlkZk88PXr5TFO4kavQsSP5sr7KpYvLd7ho2iebajHsWLtVq22BVYrLj4hh2m9tsLCI/oOnZjDb7mMXF2c8shPb+lvhA8fg3QeqI/7ZaGU1fZ50LlL13v8NPZNhsMjc8Lvxeuu/Udduqrdr1xklcP3hbfPY08vzbttAwAAwOAICAEAAPKou/cfaewz8Mdu2T7CLX85e+m6VsdrafRNyyYlixfV4YAilErV7MW/P9D1WqX7j57OXbJOpVLpdljp4uITtDoJUmScX+evSk3VvOLk8rXbaz135nzGjFOPmTo/KtrAezMaULnSJcU7vA8QXKJnqMdx9O8L+4+c0uG8erN+yx6dhKnphgzoqZNtcvWpZ5f2NtZWOh92xKQ5UdExOh82V/k+ef7LvJU6H3byrGVPn73S+bBa2bLz4M079w1bAwAAADQiIAQAAMijNO6ZZmNt1adbB32VY0jJycnrdJpDyGSygT921e2AIv74c//la7dzY+TzV25s3304N0bWM98nz89d0rCj3Vv/gEkzl+h86s8hYTMW/qZUKnU+cr5QoEAB8Q5JSclqrxvqcTzw9Zu/fL3O59WDN+8+HDt1QYcD2lhbfd+upQ4H1A/bQgUH9++h82Hj4hN27j+m82FzT3BI2Pjpi3Jp8DHT5oeFR+TS4BLNX75eqTTY768AAABACgJCAACAPMrbx1e8Q9uWTWxsrPVVjiGdvXT9c0iYxm6ODna1qldu1azhNy2b1KpeWWRtZcN6tSpXLKvrMtW7+M/NXN1sbf2W3Vf/zcfnb6U7feGqSGtsXPwEyR+m16peuX2bZt+0bFK9akUp/f+9/d+WPw9KHPwLo/HEsqJFXLNeNNTjSExMyo1UUj927D0ipVvxom7169T4pmWTVs0aVq5QVmSx3eD+PSwtNeS7eVPPLt/lxiLC7bsPGzwVkygxMWnijCW6XU6aUXhE1ORZy5JTUnJpfCk+h4Q9fKzvMz4BAACgFTNDFwAAAAD1/D8I7uyXpnGDOvqqxcD8nr8W79CiSYOBP3atXqWiiYk843WFQhEaHvn46fMrN+7+c/12+sFXHv26Zewml8t0wrWwc6YriYlJc5eulXh7q2YN69Ss6uriLJPJgoJDvX0eSUz+5i9fd/bwdnNzHfxvextrK/eSxZVKpd8LDa+5xnFKFi9qYmLy5NlLibfcvOsTGhbh7OSgtnXXgWMa3xGlShQd1K97mxaNra0s0y9Gx8SevXjNc8d+8c/iN3vt69P9e9tCBSVWqxVTk7z7e5kvXr8V76B2J15DPY5zl29Iz1SaN/6qXu0ari5OFhYWEZFR7wMCT5//R8qvGuSSR0+eiXfw6NutY/vW7iWLZbqemJgUHBp2777vlRt3Mu603K1ju4zddPVt5iLwHsy59AptrK2GD/px1fptmTrUr1OjXu1qNatVKuzibGdbUKFQBoeEfQoOefrslcSl0leu3+ne6dtcqF1mZ6vLHw6Hjp+V+LPR1cXp+29blSxexM62UGRUjP+Hj8dPX5TyLnjg63fi9CVdvRppP9ILFLB4+fqd9CMkT1+4WrtGFZ0UAAAAgNxAQAgAAJAXJSQmauxTt1ZVvdRieK/e+ou0tm/TbOHMCSbqPhw3NTV1dXFybd6odfNGcfEJh4+f3fLnAfeSxevXqZGx24hBP452k2+iAAAgAElEQVQY9GP6ly9eve01aLzIjEvnTG7XuqmUys9fuSHls9RuHdv9/FOvwi5OGS/269kx6HPIxm17T569LH57eETUPzfutG3ZWEpJQhrVrz2gd5ev6tRIC1mVSuXrdx8Wr9qk7dGJdWpUGdi3W6P6tdOORlMqVf4fPi5d7SnlTM1L12716vJd1uvJKSl7Dp4Qv7dd66azp47OmEWlsS1UsGeX79q2bDx9/m+3vR+IjHDm4jW1s2vFxtqqXeum7iWLu5csVryom0qlMjMzzbPLvCKjos9dui7ep0Qxt0xXDPU4VCrVnkMa5k0zqF/3/r062dvZZro+5uf+Po+ezl++XmO6qXMpKanik86YNEIoy7G0LFCyeNGSxYt269juU1Dwjn1HDx497dG3W6YA1WvD0oxfHjh6eulqT5EZz/613fV/f+bokMY3QveO7bz2HE4Pun74ttXQn3qWKFYk0zjOTg5VKpVr3ezrH7t/v3XnIY1nT972fpjxZWxQr6bPteMZO9Ru1knk9u6dvp0xaYQ2f9HsUCgUew4e19jN0cFuzrQxTRrWzfSv26ghfa/+e2/24t81/uOy++Dxbh3byXP2KzDt2zTr+kO7OjWrpJcRFhF55OT5jVv3aLz3zIWrk0cPLlDAIicFAAAAIPcQEAIAAORFUtYHONgLbqH5hXnz7oNIa+vmX6tNBzOxsbb6qU+Xnl3aJyQk6bQ6QSqVaremHEUmk837dWzH9q3VNrm5usyfPq5GtUqLVm4UH2Tv4ZM5CQhHDuk7uF+PjOsvTUxMypcptXXtog1b93jt+UviOP17dR43fEBaNPj/xpGXLlV802/ztu06tHHbXvHbnz57pfb6lWu3xT8Kb9280ZLZk0Q+B3ewt1u3fPbQcTNE8s59h0/27Nw+Jx+m//Btq3HDBzg55tYCLN1SqVRzl67V+KOmiKtLpiuGehw+vn4vX78Tr9bG2mrTqnlCe5nK5fI6Nase2L5m6e9/6PY4QI2CgkPEO7Rt2UTKOEXcCv86Ydiwgb2trPJo6izxjWBpWeDngb2XrvZs17rpsIG9S5cqLj6mk6PDtPE/x8TFnzp3RaTb7Xs+CoUi44+gPOj6LW+NK1lrVa+8csE0ta+hqalpq2YNq1XeMHHGEvFliP4fAu/df1S/bs1sl7pi/rQ2LRpluujkYD90QM+mX9cb/8tC8b9IXHzC+4DA8mXds10AAAAAclXe3esGAADAmGn81D73Vn7kO5eu3lIqlRI7W1laipxNqFs+j55qzDPGjxgolA6m696x3TCP3uJ9Hvj6PXv5RvsaZWmLZoYO6Jlpd9Y0pqamo4b0LVVCzSaTWbVt2XjiKA+1H82bmJgMGdCzcgUN5z6GhoWrvS6+bMjRwW7WlFEagz0zM9NFsyaKnHzm/yHQR8vlkhn9sWbh/Onj8ks6mJKS+seOA1L2sK1bq1qmK4Z6HOLJUJq1y2ZpPOnw/7B312FRNHEcwBdQiROQEkRQBBEQC2wBEQslFAywFbu7C7u7W1+7CxNQDBBpJAVBUZQUFOQApd4/Fve99+7Y2wsE5Pt53ud9lr3Z2dmaO+e3MyMrW2/lwmndOpkJzE2CBJ4Qz6cCunJyUlVRlpfj7p1ZTTB/EAY59H147cQW94UCo4OUxbMn0lfg7PyCKhxFliGBHWFVVZT3bF5Bfw4baqjt2bxC4FSOV249EKmMBPk08UYHKcaG+ovnTBaYSeXNswgAAAAA4kOAEAAAAKA6+vnzF32CajtoYWXgOwsa5aH3i1GTF1687pGW8fUPFkqwR4IGb+xg1mq0qxOTrCaNcTE1NqRP4+XjJ0zpyqmqKM+dOpYmgYyMzLQJI5lktXTuFJpPpaSkZkwUkA/fK5ialkE/zOmYYc4MpwfT1mo4yLEvTQJf/2Am+fCaPnFkR7PWom37h5WUlNz3fOY4bPKR05cEJrbo0t6gWRPONVV4OZI+fqbPcPI4V/O2jAZelpGRWb9iHpOUkqIuKGC2adeRucs2PPB6nsfO/1OFkjyhHoS6deto8fRPpaekWN+ujzV9mtwfeULl+YdlZGYFh0XRp9myZpGykqLArNTVVDaumk+f5umL12yR7qjBA2ytunagT2Nj1VlgPP5r9jcR9g4AAAAAfwaGGAUAAACojgS2sH/NqkWNbg3VBXSXjI1PjI1P3L7vhKGBnrGhvkGzJs2a6jRrqtO4kRbfjnF/RvLnVPoEo12dGBZPRkZm+BCHlRt206T5/CVNyAISBEHY9bFmsRTo0/S27iowH3tbG4FdMy26tGcpyNOMTpnOL0CYkpZBn61tT0ZjM5IcbG3OXalw9i+B++Krqa722OHOImwocXceeOtoc08ZSM7iKVuvXmp65ucvafGJH5j36Rntwj1hWxVejqTkL/S5DXa0Zb5rVRVlJ/s+f2ygUTk5WfqbnyCI535BZJ9O8zYtmxvo6evpNmuqo99UV12tZnRL/TMPgkGzpvQJcnN/VHYZxCHwCTI00GMeZLXq2lFTQ42+02RqRmZzQSeNl+sge4FppKSkXJ36R0bH0aTJQoAQAAAAoBpDgBAAAACgOhI4vyA7v6D6z7QkKd27dfD08WWS8l1iEueoniwFeVNjQ1MTQ5MWBt06mQmMhEnWh490UyeyFOS7dhRikMMelp3pEyR/ERCP5MvaQkC2ZHhSR1vrcwpdALKnVRcmu9Nv1oSmNZmdX1BUVFy37v/+kSKwY+jspRuY7JoJ0QKE86a71atbV1JlEMfH5JTF7tsklZu+nm6n9m24VlbV5fhVVEQf1+zSoV1DIQde7tfL6k/ORNjHxuL2fW8mKUMjYkIjYqg/VVWU25gamxobtm7ZooNZq2pb7YvzIOT+yAuLiH2XmJT740dObl5Obm5Obh7fnvSx8YmCsmKLVoY/Q2AlM3iAEHFuaWmpwQP7HTpxgSZNevpXYQOETXW1DfUZbaLdSJM+wdes70LtGgAAAAD+JAQIAQAAAKojlQZKAtMkffrCNfrf36qndVfW7qP0nW/4YucXBIZGBIZGkH8OGdjPyb63wLE6JaKkpIS+V0dH8zZckTB6LAX5dq1NaEZ3/PQ5RcgyEmQQiEmyJjqN6AOEDPPR1mpI392kuIQ7QJialkmfp8CJHpn7QnuMFWlhoCepAlQrfKcSrKrLkSFoYjldnUbC5q/dqKFI5RKRk30fhgFCLtnfcp75BjzzDSCDha7O9o79bBpp/dHCMyHCg5CV/e3GXc8Xr4Ki376TVDFKSkoklVVlSBUUIGzbylioDAWmTxV+8O0OjLswajVUp09QVFws7N4BAAAA4I/BHIQAAAAA1ZGMjAxLQZ4+zevg8D9VnComLye3dc0i8fO5fufRqMkLR0ycL1pnO6EIjGcIbFflpUm7CTu/QIS5phhOFydwqjAmIW0yQMisXP9JTRelV59osr/l/CoqEnYr+utSQ+3dsrJdaxPe9VV1OQTOzKekyOhO5lT/z3YpbtvKeIrbMDEzyf6Wc/jURTuXSUvctxcUFkqoaJIh1IPw8+evA8fP93Yad/jURQlGB6s/gT0IBU5XKWz6lNR0oTIkCEJNtQHDlMJ22wUAAACAagUBQgAAAIBqSl9Q78AXfkF/qiySlF8gSqO2RZf2h3aukUgBYuMTx01fkvTps0Ryq0jOjzz6BErMInOclJUUxdwpF5aCPMPhCuXl5OgTKNZndDhysrLMivYf5hPmSUROjnATmOnr6UpL/23/qtq4an73bh35flRVl0NV0KjLIkx19oePhSCIqW7Dp08YIZGsPH18Zy5cK0K/6koi1IOQ+TV70tyVJ89dq+RCVUcC7zolRZZQGSrWF5D+2/dcoTIkCEJVhWmAsNoOeAsAAAAATPxt/5QFAAAA+GtYV9BATwkMjYhP+PCniiPAjzym0z5lZ4s4I1HXjmZHd68TbVvuMnzLGTV5YcKHjxLJja8GygJ61H0XMhBFEMR3Qe28AnfKRVa2nrBlqIi0NPdYlJKiriZcfxoxScsI90+kZk0Zja1aU7AU5LetXWzXx7qiBFV1OQTuN+6d0JVhUvIXUcslukljXWdPGSORrEIjYmYuWsu87q1UzB8ENjt/0pwV9EMN/8UE3sk5ucK955HzQ8BXCfPugBR5OaHf5AAAAACAmggBQgAAAIBqqqIePJwOnbzwR8oiWDrjWY6yvokYICQIolP7ts/vX1g2bwrDGe9osPMLpsxdJcJ4kgxpCGoFTs8QMJcbr1TaTVgK8gryAvr51UQijEoqDoF9Jbn8Ted85NABD66d6GNjQZOmqi6HtLS0jrYWTcrY+MS3794Llfmte17ilU5EbiMHe1w6OmmMi8BxpAUKj4xdv/2ghMolFuYPwolz1z4mizJh6t9B4BOU+TVbqAyzsgR8pf7hZxYAAAAAapA6VV0AAAAAAOCvuX5TTQ21dNqp7J77Bfm9DrHo0r6yCyOw8Tc1nVG4q6Sk5FVAqDglUVKs7+Js5+Js9ybqrfczv6jYd+GRsaJllf0t54VfUO8e3cQpT0VkZGR0tLU+p6RVlCA4LOrnz1/M+/Dl/sij73Oj10RH+GLWAAJbt217WTVUV5XIvqSlpf+mgJ9QtrgvtO1lJTBZFV4O+geKIIizl25tWr2AYebxCR/8XoeIXUYR6TTWmj5x5KSxri/8g3z9gyOi494nJYuWlZePX8bMrJoyFdyPPPaZizcFJmMpyBsa6Gmoq6qpNKhT53+DWL6JjqvRvQ8FPkHB4ZEtjZszzzAoLJI+QSMtATPIAgAAAECthQAhAAAAQDUlJSXVx8bi/NW79MmWrNl+/thOvSaNRdtLSUnJhh2HE5M+7duykmaASoFjlH36zKhHyJuot5KaNKttK+O2rYzJQ/j0OTU+MenDx+T3ScmJHz4xb2r38vGrpAAhQRBNdBrRxDPY+QUv/YOZ7/3pC3/6BDqN6fpX1VxamgJat02Nm492dfpTxflrnbtyp5d1N65gDK8qvBzGLfRfB4fTJHjo/cKsTcuhTv0FZpWTm7dg5RaJlk4UdevW6dW9a6/uXQmCKCz8mZj06V3ix6RPn98nJccnfKB/O4TTi1dBQwb2q+TCSsYDr+f0CTQ11OZNd6O5Fd8lJrm4zamc0v0JAp+gmx6eY4Y5M8yttLT01j1P+jSaGuqMSwcAAAAAtQsChAAAAADVl6uzvcAAITu/YO6yDQd3rGncSFPY/IuLS1Zu3P34yUuCIMZNX3J0zwbNCrqhqKoICBBev/No6vjhaoKSXbgm4HBEICMj06ypTrOm//WfKyoqfhP19plvwEPv59nfcmi2/ZKaLsIei4qKmSRrotv4VWAYTYIzF2/aWHWWkREQkiEI4tevX+eu3KFPI3KQuJrT0RZwY1+4enfowP5ymDSLIAiCqGh+u31Hz9JvGP323anz1yePc6VPVoWXY6Bdb4GdzzbtOlJaVjZ0YH+aSTG/pKYvcd9O3xnxz5OTkzU1NjQ1NqTW5LHzXweFP33h/9D7Bf22KWkZIuyx6FdlDbBM4228gGFgD+9ax1mZ/2G/Kv+cCHyCPianvPQPturagUluXj5+9N9xTEKSAAAAAFBrYQ5CAAAAgOpLp7HWaNeBApN9TE5xdZsTHBYlVObpmVlzl28ko4NkJmOnLkr69IVvYlUVZYEZnrlwgz7BI+8XT1+8FqqQoqlbt04Hs1YLZ014fON0XxtLmpSp6Xwa1uvWrUufP8Owon3fHvQJot++O3nuOpOsDp28KLBbZD8G40PWRGqqKvRt5emZWeu2HSgrK2OeZ8KHj6ERMZIoXfUye8oYt5GD+f7n73m1qa42/eaHT12Min1Hn6YKL4dek8ZMhlPesvvojIVrQt9El5Zyl+F7Tu7lG/ccXCdHvxVwmNVBfZZC7x7dNq1e4HXrDP21y+A3a13dOgLeBk7hV/tVts8pqTSfOtn3FhgdrOhLiiH6eR8ZdoUXh8AniCCIZWt3ZGV/E5hVWnqmwBko+/fuXmuHTQYAAAAAgRAgBAAAAKjWJoweSt+gSWLnF0yas2LjzsNpDOYCLCkpuXjdo9/g8VxTcKVnZo2avODtOz49PBTrswRme/7q3fuezyr69PGTl8vW7RSYCY2NOw9Pm+8u1OxTderIDHLsS5OAb98LgQcbGPKGyd5bmfyvPxBfh09dvH7nEU2CsrKy81fv/nPpFn0+XTq0+1vnICQIYtgge/oED71f7Dt6tri4hEluXj5+Q8fOnjBzWUAwo+v4d5CTk92wcr7AZMvW7igoLKRPU4WXY7igXZNeB4dPmLXcbuiEtVsPHD19+czFmzsPnJy9ZL2N4+ite48zyaGSlJSUDB4zc8OOQ0wqaoq6mgr99JCFhT95Vyop1qfPNjxCxNlbxZH8mS5AqKaqIjCHxe7bxCmAuhrdLsIjY3N/5ImTPxMCnyB2fsGcpRszaMeYTUnLmL10g8Ahu12ZPTIAAAAAUDshQAgAAABQrSkrKU5xG84w8fU7j/oPnbh264GnL17ztnKWlZXFxiXuO3rW3mXS9n0n+ObAzi+YOGs5b28eKSmpnt27CCzAyg27F67a+j4puaSkhNppaETM8nU7l67dwfAo+EpLz7x+59Hr4PAx0xbPXrL+mW/Az5+/mGwYQBvMM2lhwLtSSVFAgDA0IsbLx49rZUFh4bvEJK6VTDqAbtx5ePWmvXwHCUz+krp0zY6dB04KzGTYYAeBaWquLh3NdLQFzLB45uLNMVMX8Q1vU5I+fV7ivp0KMEydv1pgh7m/SSsTw2njR9Cn+ZyStu+IgMFIq/BydO1kxveZ5Ss9M+v2fa8jpy/tPfLP+at3X/oHM9yw8ng/93+flHzj7uP+Qydu2nXkTdRb3m6OvIqKigNDImgSNNFpxLtSSUlAgPDwqYu8naEzv2anijRgKUMslgLNp7FxCfSbC5zCUCCVBgJ6wx8+eZFrTWlpmVAvpgjE5AmKfvtu0OgZT56/4g20FxUVP37y0mXcbN5vHC6GBnrkTL0AAAAAAHxhDkIAAACA6m7EEIfQN9HPfAMYpr993+v2fS+CIJrqamuoq7LZBXXq1iks/JmSmi6wtwEZI5wwc9m+rau4hkGz69uDyQChT56/evL8FUEQ+nq6MjIyDHcqEOfkhS/9g1/6B7MU5PvYWHRo18q4hYFek8a8M/klfvh0w+Pxpev3aLLVb9aEd2W9evU0NdTSaXtvLHbfNinRpY+NhUoD5cys7LCImJPnrv38+evJnbOysvWoZDbdu6iqKAucI8rj0VOPR0+tunYwa9OyTh2Z+izW95zcwJCI18Hh9BuSNDXULLuYM0lZQ0lLS41yHbhl91H6ZLHxicMnzDM00HOw7WHcwkBNpYGSYn12fkFO7o/ImHi/1yG853PqvFVnj2zX19OtzOJXI+NHDXnmGxAbn0iT5vLN+5Zd2tMM5lmFl0NaWnrXxmVDxs6SSK3yh5WVlZ08d43689rth9duP9TUUOvfx7p1S6OWRga8c8WVlJS8iY47fuZKeCRdb7+munzmH23SmE/UkIur25yFsya2b2cqW69eanrmk+evzl25Y9Gl/YFtq4U5MiHoNWlMM1ryq8CwW/e8nB368P30wrW7O/YLfluCnkGzJvQn8/LN+xlfs8YNH9RIq2Huj7x3iUknz19/l5h09sj21i1biLl3krS01GjXgZsFPUHs/IKFq7aqqijb97Vpoqudl8dmKch/+pxy654Xw/t/lMsAiRQYAAAAAP5WCBACAAAAVHcyMjIbV82fOGs5fbM+r4/JKR+TRZxRafaS9QFPrtfjmI3PsnN7loI883Z5gXPmMfc9J/f81btcK9n5Bbfve9++703+qa+nq6qirKRYv7S07HtObmpaBn2Ej9TSiH9vJKtuHelH/iQI4vjZq8fPXuVa+eJVUB8bC+rPenXrrl8+d8aitQJLQgU+maTksmHlfN746F9msKPt0+f+gaF0/ahI7xKTdh86wzBbcmze80d3NNJqKHYZa4A6dWQ2rpo/aPQM+mSrN++9cfZAA2WlihJU4eXQ0tQ4sN3dbcZShnlWH/6BYbxdvtIzs85cvEkusxTkm+hoqzRQYrEU8gsKv3/PTfr0mUmV26K5Hu9KLU0NHW2tzylpNBuy8wvWbt3PtdLvdUhGZlZDDTUGxyQ0vrFMTuu2HQiPjB09bKB+0ybS0lIEQeT+yHvpH3zp+j2JzBzZ0az1jbuP6dM8ffGa922YB57PJBUgJAhikKOt1zM/JjMHZ3/LOXfltgi76NbJTOA8uAAAAABQy2GIUQAAAIAaQEFebu+WlaoqAsZGk6A9m1dwRgcJgpCVrWdva/PHCsDp6q2HAtO8T0oODot6+uL1M9+A8MhYJtFBloL8wP69+H7UpWM7kUpK3Hn4hGtNt87m86aPEy03JpbOm9LBrFXl5V9N1Kkjs3XtIs1KCFpkf8uZtsBdYC/Pv0azpjpL5k6mT5P9LWfTriM0Car2crRrbeK+ZJbEd13ZOLsP8sXOL4iNT3wVGObl4+f3OiT67Tsm0UGLLu0rGnbVqlsHvusFevTkhWgbCmRjJXio6rsPnwwdO7t9D6d+g8db9htmbT9y5YbdEokOEgRh3tZUtA09Hj1lOK41E3XqyGxds7gyniCSjrbWZveFf/2LIwAAAAAgJgQIAQAAAGoGDXXVE/s2CZy4SCIO7VxjbdGJd/30CSMrr0GzIvkFhWcv36qMnGdPGVPRhFg9LDqJdqrJzjdcK0e7OlVSTw4n+z6uznaVkXM11EBZaf9298rI+WNyyo79/Gfl/Cu5ONl1Mm9Dn8bLx+/+Yx+aBFV7OZzsex/bu0HMdyZYCvL0CerISOzfy5HRcbxzu0rEnCljKvpoxGBH0fK86eEpRonotG7ZwrxNS4aJ0zOzJD6WrIa6qpM9/yFM6bHzC168CpJgSVRVlPdsWSnBDDnt2bxCSVHAJJQAAAAAAAgQAgAAANQYzZrqXDq5u5d1t0rdy8n9m7p2NOP7kbJS/e3rllTq3nndfeBdGfONmbdp6ezQt6JPZWRkZk4eLVrOvJ1vpKSkVi6c3q0T/7MqMmuLjsvmCegK9pcx1G96cLu7wLiOsFRVlCeMHirZPKszaWmptctmCzyNKzfuSUnLoElQtZejo1nrm+cOcY7oK5SRQwccEBTgVJRciOXUhRuSyorT+FFDDA34jC9K0mmsNdSpvwjZfkxOiYyJF69oFZohatUqKRNGDRFtQ94O4mIyNtTfs1nCMUKWgvyBbasN+E2vCwAAAADABQFCAAAAgJqkPkth+7rFlTRkZQezVtf+2Uc/AltrUyOB4xPSE7YPom9AqDi746uHZee9W1fVrUs3IbdtT8uRQweIkPlND8+ysjKulXJysvu3uS+cNUGEDPlaNm/K7k0r6tWrJ6kMa4punc1vnDvYpYOIY8DyMjTQu3Rid21rT9fS1Fg2f6rAZO6b95aWltIkqNrLoaxUf9vaxXs2r7S26Mh8F/p6ujvWL1k4a0J6xlf6lJLqg1VUVPzMN0AiWXGaNn7EjImj6NPMn+5mamwoQub3aPuPisO8Tcv1y+dWUuZM6DTW2rFBlDks+XYQF5O1Rce7l46Ido14tWttcvXMPosu7SWSGwAAAAD89RAgBAAAAKhhpKSkxgxzvnX+oARnBNTUUNuxfsmxPRuaN2sqMPGwQfYHt7uLNrhfD8vOV8/sE2qTneuXLpkzSYK9lKZPHLlzw7L6FQwuymne9HGjXZ2Ezf9jckpMXALvemlpqZFDB1w9vbeprraweXIyNNC7cfaAi7OdlJSUOPnUXJoaagd3rFk6b4r4WQ0b7HDqwOaGf3zg3OrAvm8Pgd3vgsOiLly7S5+myi+HtUXHPZtXet48PX+GW0Wz8ZEdE0e5DLh4YteNswfIftifvqTS56xYnyVUSSpSt24dr1tnRrmI8sIBXywF+b1bVk4e5yotLaASkJOT3bt1pVVXoScjvP/Y51dRkRhlpOPQz0bkF01WLJg2fIiDmAXo1b3rhhVzRfhaefzUV8xd89Jt3OjMoa1T3IaJmc/MSaNO7NuordVQQuUCAAAAgL8f3UvTAAAAAFBt6TXR2bBi7sTRQ09fuHFXjHHPVFWUR7kMHDHEUVZWiL5o3TqbX/9n/+bdR718/BhuwlKQnzZhxIghjsKGtWRl6w0b7DDArvcz3wAvHz9xOuIMG+wwdrizVkN1hullZGTmz3Ab5Nh318FTL/2DGW5l0sKApuORoYHe5ZN7Hj15eeeBd3hkLMM8SR3MWjnZ9e5jY1ELOw5ykZaWcnW2s+zS/v7jZzc9HqcL363H3tZm6rhhOo3/xKSe1dayeVNCwqOyv+XQpNl18HSXDu1oxrGsJpdDQ111tKsTGdHPY+dnfs3OyMySk5OVlpJSV1NRU1OpV7cu1yYfk1Po81SW3BCj6moqC2ZOGDPM2euZ3wPP59Fv34mWD0tBforb8MEDbBXk5RhuoqbSYN/WVf5BYVv3HBN4yJTOHdoSPD2hJWjYIPsuHdqu33aQ+dSMqirKG1bO69rRbNu+4+IXwN7WxqpbxxNnr567cod5AfSaNBZ/17zq1JGZ6ja8p1WXW/e9PR4+EWpUbZaC/CDHvgPtete2btAAAAAAID4ECAEAAABqML0mjdcumz17yuig0Ej/oPAnz18xbFg0NNDrY2Nh1bWDUfNmonVEU2mgvG3t4rQZX5+9fH3v8TOa9m6LLu2dHfpYde1ANdCrqijTxyR4KcjL2fWxtutjnfsjzz8oPDr2XWx8QnBYlMANdbS1LLu072Deun1b0wbKSkLtlKTXpDHZvH7hmkdCYhJN8GPwAFtnhz4CB4uTk5N1su/tZN876dOXh97P79z3pg+o6GhrDbDr1b93dx1tocMn6qoNhN2kUqnSloelIF+3DncUh0bjRpqTx7lOGusSER336MlLz6cv6e8rloK8Ref2Fl3MO7VvyzxOrKaqIuztWohsyiYAACAASURBVEnUVARcTTUhL7dKA+U1S2fPXrKePtm5K3fWLZ8jMLc/czmYqM9SqM9SaNZUhyZN9recZy9f0xdPS1NDtAJoqKnwX6+uOmKI44ghjilpGf6BYbHxiTFvE2LjEwVmaGps2K2TWQezVm1bmQj1Mgela0ezG2cP3Lrndd/z2bvEpIq+KVRVlF2d7R372TTi6Ygm8QdBr4nO8X2bQt9EP/MNeOj9nCZza4uOzg62Fp3N69SREfggqDRgWs8rKdafP2P8IEfbE+euRcXE0URPrbp2GDygn2UXcxkZGYaZk5h0Vae0aN5syZxJ86aNfekffOfBE4FvpfSy7ubYr2e3Tmb0w2XzktTYuSRNDTUR3gkAAAAAgOpAind+FAAAAACooUpLyxI/fHyflPw990f2t+/Z33Kyv32vz2KVlJZqqKmoqiirqjRQVVFu1kRH5IbvinzPyc38mp39LedrVva3nB/1WQqNNDUaaqg11FCT4OigXEpLy76kpn3N+pbHzmez83/ksRUU5H/9KlJSZCkpKSor1ldpoKyhrirZnf78+SslLeNzSlpKWgZBEFoN1cnDVFFWFjjcX0WKioq/ZmV/zfqW8TUrM+ublJSUhpqqhrqqhrqquqoK2SYOTPwqKsrO/p6Z9S0r+1vm1+xfRUXKiorKyooNlBQbNFDS1moobPs+iKNSL8eT56/KyojePbqJtrn75n30fa/72lhuXbtI1NIJ4VdR0cfklJycH3lsNpudn5dfUJ+lUFJSoqykqKRYX1GR1VBdTbIRHYIgfuSxv6Smf0lJS8v4qiAvr6mhptlQvaGGmqRGVRVWaWnZp88p377nZH/7/u17roKCvLSUlLqaqrpaAw01VZYwYTaRlZSUpGV8/ZKa/iUlvaCwUENNtaGGmmZDdQ01laqqN3Jy8zKzsjK/Zmd+zc7JzVNRVir/XlBTkfgtAQAAAAC1EAKEAAAAAAAAUJN8+57jOGwKO7+gh2Xn5fOnCvseQGhEzISZy+jTLJ8/dahTf/GKCQAAAAAAUH1JV3UBAAAAAAAAAIRw8tx1cpDMZ74BfQe5bdx5ODZO8ECdZA/gMxdvCowOEgTRway1JEoKAAAAAABQTaEHIQAAAAAAANQYnz6nDBwxjXe9SQuD7hYd27YybmXSgmuozF9FRRkZWVGx8XsOn2EyX5pV1w77tq6SaKkBAAAAAACqF+HmsgYAAAAAAACoQvuOnuO7PjY+MTa+vB+hqoqypoa6qmqDnz9/Jn9OZRIU5DRpjIskSgoAAAAAAFB9IUAIAAAAAAAANUN4ZOyT568EJsv+lpP9LUe0XXTrZNba1Ei0bQEAAAAAAGoKzEEIAAAAAAAANUBZWdmuQ6crdReaGmrrls+p1F0AAAAAAABUBwgQAgAAAAAAQA3wKiA0MjquUnexf7u7mqpKpe4CAAAAAACgOkCAEAAAAAAAAGoAfT3dbp3MKilzVRXlE/s2Guo3raT8AQAAAAAAqhWpsrKyqi4DAAAAAAAAACNPnr/atOuIyFMM8mXVtYP70llqKg0kmCcAAAAAAEB1hgAhAAAAAAAA1CT5BYWPvF94PHoaHhkrZlaGBnpjhzvb9bGWkpKSUOkAAAAAAABqAAQIAQAAAAAAoEZKScvwfOr73C9Q2EghS0HesmsHF2c78zYtK610AAAAAAAA1RcChAAAAAAAAFCzlZSUJH9JfZf4MS7hQ+bX7Nwfebm5P36w83Nzf9StW1dZSVFZqb6ykqKaagPjFgamxoZNdLSlpdFlEAAAAAAAai8ECAEAAAAAAAAAAAAAAABqEemqLgAAAAAAAAAAAAAAAAAA/DkIEAIAAAAAAAAAAAAAAADUIggQAgAAAAAAAAAAAAAAANQiCBACAAAAAAAAAAAAAAAA1CIIEAIAAAAAAAAAAAAAAADUIggQAgAAAAAAAAAAAAAAANQiCBACAAAAAAAAAAAAAAAA1CIIEAIAAAAAAAAAAAAAAADUIggQAgAAAAAAAAAAAAAAANQiCBACAAAAAAAAAAAAAAAA1CIIEAIAAAAAAAAAAAAAAADUIggQAgAAAAAAAAAAAAAAANQiCBACAAAAAAAAAAAAAAAA1CIIEAIAAAAAAAAAAAAAAADUIggQAgAAAAAAAAAAAAAAANQiCBACAAAAAAAAAAAAAAAA1CIIEAIAAAAAAAAAAAAAAADUIggQAgAAAAAAAAAAAAAAANQiCBACAAAAAAAAAAAAAAAA1CIIEAIAAAAAAAAAAAAAAADUIggQAgAAAAAAAAAAAAAAANQiCBACAAAAAAAAAAAAAAAA1CIIEAIAAAAAAAAAAAAAAADUIggQAgAAAAAAAAAAAAAAANQiCBACAAAAAAAAAAAAAAAA1CIIEAIAAAAAAAAAAAAAAADUIggQAgAAAAAAAAAAAAAAANQiCBACAAAAAAAAAAAAAAAA1CIIEAIAAAAAAAAAAAAAAADUIggQAgAAAAAAAAAAAAAAANQidaq6AAAAACCu6OiY7zk5wm7VtGkTncaNK6dEAPA3iI9/l/n1K0EQnTp2qFu3LrmypKSkq6V1YeFPgiBu3bhioK9Pv/5v4vPs+Zx5CwmCaG9udvrksaouTvVy+szZ3Xv3EwRh08N67+4dVV0cIj8//9iJU+/fv7fpYe3sNFBS2ZaVlV25dv3VK/8WhoYTxrvJy8tJKufE9+/Dw98kvv9QXFSsr6/Xr59tA2VlSWVeQ1Xe2f6Twt9EjBk3gVyOCAuq6uIAQRBEcEjoz58/hd2qTetWioqKT32ezZ2/iCAIPb2md29dZ7htJdVIAAAAAGJCgBAAAKDG2713v8+z58JuNXG827KliyqnRADwN9i8dfuLl74EQQT6+6qpqZIrS0tLs7Kyy5dLSqnEFa3/m5QUl7DZbIIgPiR9rOqyVDu/fv0iTw75/yq3dfvO8xcuEQRx/8EjJSWlXj1tJJLtw0eeK1a6EwRxn3j040eeRL5GCwsL9x04dPTYCc6VrUxNESCsjLP955WWlFSThwIorsNHibDVsSMHe/W0KS4uJi9obu4P5ttWUo0EAAAAICYMMQoAAAC11IJFS2ztHG/f8ajqgsDfDLcZQJUIDg6llmNj30oq2/DwN9RyZHS0RPLcs+8AV3RQS0tTXV1dIplXc2fPX7C1c1y3YRPfTyvjbANf33NyhrgMt7VzTEhIrOqy/J0qqUYCAAAAEBN6EAIAANR4vXv3VFRU5FoZExtLtfLY9LDmTWBiYvynClgd/fr1i4zZfEhKquqywF8LtxlAVTE3b/c2Lo5cNjYyklS2bdq0opZNW5qIn2FCQuLxE6fIZWenAQvmzW3USEv8bGuKR4+9EhISFevX5/upxM82VCQuLj4s/A1BEOkZGc2bG1R1cSqds9OAEp6e7pGRUdSX9QBHB96tGjbUEHmPlVQjAQAAAIgJAUIAAIAab5jL0GEuQ7lW+r3yp+a8WbZ00V85H5g40tLSq7oI8PfDbQZQVZYuXqiqqvrhwwfr7la9e/eUVLb2dv3z8vL8Xvm3MDScOGG8+BkGBgWTC8309LZs2lCnTu36F3pCQgLNpxI/21CRlJSUqi7CH7Vj2xbelbv37j9w8DBBECwWa/fObZLdYyXVSAAAAABiql3//AAAAAAgfallbWFQJf6a20xKqqpLACAkFos1b84siWcrJSU1zNVlmKuLpDJMSCzv69+7d8/aFh0sLCykJi7lS+JnGyqSnPy5qovwl6ukGgkAAABATJiDEAAAAGqjL1/+ksgNVGc1/TZTVVUhF5SVlau6LAB/p9TUNHKhcWPtqi7Ln4Y+1tXHp+Tkqi4CAAAAAFSB2vWKIgAAAHApLCz0e+X/9m1cTOzbrKwsHZ3GJibGLU1MunTuJCVMpyE2m/06IDA29m1kdHRGeoahoWFLE+P27c1at/pvAqG3cXG373hISUkNHTJIv1mzgoLCC5cu+fn5Jyd/btxY29HBfshgZ84809PTA4OCo2Ni4+LiS0tLW7QwNDZq0b9/PwV5eb5lKCgofB0QEPs2LjY2Nv5dgq6Ojqlpy362fU2MjbiSpaalUqO6ffnyJSQ0lPq0pUlLeXk5cYpBunX7Tlz8O4IgDJsbDB7kXFGyh48830REEARh27ePWbu21PrMzK8BgYGxb+NiYmJLS0v19JqaGBu1a9eWd96alJTUs+cvEAQhLS29eOF83l14eT8JCQ0jCMLK0sKiW1dyZX5+/r4DhwiC6NalS/fulqWlpY8ee3ncu//+wwdlJeUuXTpNnzpZTk6ONzdKRmZmUFBwbGxcTGzsl5QUYyOjlibGgwc5q6urVbTJ27i4NxGRMTGx0dExSkpKLU1MjI1b9LDuXp/f7FNCJU5ISAwJC3sbG/f+wweCIExNWxq1aNGlc0dNTU2ulGHhbx57ehEE0ayZnuvQIbxZHT95OisriyCIAQ72LX9PeUXeurKysm7jxjRQVs4vKAgJCQ0JDQsMCq5bp46paUuLbl2pc0sS9jarCHkjSUlJdbey7NqlM2+C02fOfvqUrKSsNH3qZFlZWd7TeNfjfmlpqVm7trZ9+1DrS0tLAwODomNjo6JiUlNTGzbUaGli0rVrl7ZtWnNuTp5ANTVVGRkZJqVl7viJU1nZ2e3Nzfr07kUQROL798EhoUFBwYmJ75s3b97SxHiQs5OyshLfbRkWnlN+fv4r/4DY2NjIqOg8NrtpE10TE+NeNjY0IZmw8DchoaEhIWHvP3wwamHYunXr/v36CnuYgUHBL174vktMSE1NM9DXN2phaG5u1qljB76JmT/1XCfw58+frwMC/fz8g4KDNTQ0rKwshrkMrVu3LkEQP3/+9PJ+4uX99MuXLywWy8TEmLMe4CVadcdXXl5eUHBISEhYcEhI/fr127Zp3aVL544d2vNNzLD2pjA5sWlp6WfOniMIQk5Obu7smbyZMPna4lVWVrZr996i4mKCIMa7jW2oUT4nGVWpOg10NDYyKikpiYiMCgkNDQwM/v49x7SlSZs2rQc42lOP0o8fP+LfvSMI4tu3b+SalJRUzlqiTevW5EUkiXB7NG6sPXrkCIIgIiKjzl+4RM5/1trUdPq0KeSdXxl3UVlZWXBIaGzs25jY2JjYtwry8q1bt+rapXNPmx6cyYqLi9PS01/6+ZWfjbw8zmPX0dHRbNiQ5mxThPoNI0JNTi8hITEs/E1MbGx0dGzhz0LTliZt27YZ7OzEeeF4lZSUhL95ExISFhgUnJeX165d2zatW9v27V1RNSvUMe7bfzC/oIAgiDGjRmprN+L6NC4+/tbtuwRBNG3SZPiw8n6ZOTm5qWmpkVHR5Wni4uXkyr9KpKVlOH+ZUKr5L5w/LD8//3VAYFhYeEhYOM2NRF8jffz46d79BwmJ75OSkjQ0NExMjE2Mjfr07iXxL18AAAAALlJlZWVVXQYAAACQPM45CD0f3eM7B2F0dMyceQs/JCXxfmTd3WrzpvVkC51AEZFRs+cuSOb3+vmokcMXL5zPYrEIgvD08p42YzZBEDNnTJsyaYLzENeEhEQqpVm7ttevXqL+vHX7zsLFy3gz1NXV3bp5Q+dOHbnWh4aGzV+0lG8ZFi+cP2XyRHI5Kip64CDu+Ro5Pbp/19CwucjF4Njw7sLFS8llj9s3qFATp/T09G5WNuTytcsXzM3NyOV79x8sX+nOZrN5N5k0cfzc2TM5Q3cRkVHOg8ub+RLjY3g32bh566nT/xAEMWK46/q17uTKrKzsTl0tqdO+eOmKGzdvcW4VGR6soKDA99DKyspu3Ly9bsMm3hKyWKz9e3dZd7fiWv/r16+du/aeOHWaNzctLc2d27Z04Qh9CZv4wKEjBw8d4VvUbVs2crVdnjx9ZtPmbQRB2PSwPnHsMO8mtnaO5G25d/cOB3s7ciXnrWvfv9/kaTN577Qxo0cuX7qYbBcW9jajQRVYTU31td8Laen/jf/x7l1CP/sB5PK+PTvt7fpzbT7WbaKv3yuCIBYumDttymRyZXpGxtJlK1+89OXd3dgxoxbOn0td+gcPH8+aM4/rXBUVFRmbtuU9kIrW80Wd5zehgUePnTh05BhXAi0tzYP797Zr24ZrPfPCU95ERM6Zt5Bv5bBh3RpXlyFcZ7WkpGTrtp0nT5/hSsxisWx6WN+7/4CsAZ49eUxzgD9+/Fi8dIWnlzfvR3b9bVeuWMZVuwr11HOeQN/nT+fMW8gZXCF3sX/v7rS09AmTppJhIU4jhruuXrmcN4YhcnVHOnrsxLYdu8iHa+GCuRMmTeXtHzZj+tQ5s2ZwNXkzrL1JzE9sQEDgiNHjyAsXERbElZjh1xaviu5zzkr15PGj8xYsev7iJde2nTt32rNrOxnlCgwKHj5yDN9dkF75PqOOReTbI/JNyMOHjxYvXcH56ZlTx60sLSrjLkpLS1++cjXvgRMEMcDRYf3a1dQbHgYtWtIc+4Z1a8jwFX2tIuxvGGFrchoFBYV79x84fuIU70empi337d6pp9eUWhMaGjZ02EhyOSTw1Zx5C8lqmavAu3du530rQthjpE7szetXeN+Z8PZ+OmX6TM4a7PSZsxs28ZmNj8T32an+v3BExjkHId8DJ1E3kq6u7pFD+6ZOn83kRqKpkfbsO7D/wCHeHRkbGW3etL5Na7pXFgAAAADEhCFGAQAAaqlbt+8McB7C2eqkq6tLLT9/8bKPrf2biEiB+dy4ect5sAtn44ixkRHVtHr+wqV5CxZzbfL1a9ayFas5o4MEQZiYGFPLi5euoNqpWSyWpUU3S4tuZJ7JyckjRo0NCPxf28qOnXuGDhtJlYHFYqmpqVKfbtuxy8v7Cblcr149gUckcjE42fW3pU7ChUtX+Ka5dv0muWBq2pJqO1u2YtWceQuptjMWi6Wl9V83uOMnTg0cNDQnJ5f5UdD7mpV96fJVruigrq5uRdHBvLy8CZOmLlm2giqhmpoqdaRsNnv8xClcUYGcnNwhriM4A35aWprN9PTI5bS09JFj3CKjokRIzGaznQe7ckYHOQtDXsEFi5aIdGL4u3T5Sn+HgdSdxnmbnT134cLFy+SyULcZvd49e5ILWVnZMTGxXJ96PXlKLZM9Iznl5ORSzdB9evUiF6KiovvY2lMBNmMjo759ejdvbkD++c/Z85OnzqDeIOzfr++9u7f27d0lqcPh5TTIhYoOcp7PtLT0yVOnk11hKEIVnnTt+s1BQ1ypS9be3LxXTxvqmVq5es3h/8cmS0pKJk6exhkd1NXVJe9ANptNRgeZWLHKnQpiNdPT69XTxtS0vOH+wcPHJ0/+L/oozlNvad2TjOtw3vkPHj5+8cKXM67DeW4vXrpy6cpVrnzEqe64+Dx7bu/ozHf0yIOHjmzZtoNzDfPamyTUia2ICF9bzIWFvxk4aCgVJOM8nICAwFXua8llLU3NimKQJBnp8jCqOLeHn98rruggQRDNDQy41kjkLnrs6dW3vwNndJCznHc97u3df5D6k/7YmRDnNwzDmrwiCQmJjgMHcUYHOY80Ojpmxqy5JSUlfLd1GuzKGx0kCzxi1NjS0lJJHSNDvP3Omagpv3AqW3Jysr2js8g3EunipStUdFBNTdW6uxXV0/ptXNyy5asqoeAAAAAA/0GAEAAAoDbKyMyk2oK1tDSvXb4QHxv57MnjmMiw/Xt3k+vZbPYq97UVNXKRMjO/Uo2PamqqZ8+cjI+NvO9xKyIs6NrlC2Qbx5xZM7i2unzlKtnOPsxl6M7tW3ds2zxtyuThruUviT956kPFqxYumBsS+Oqf0yf+OX0i6LWv27jy/hYrVrr/+vWLyvBT8idyYfAgZ6/H9yPCggL9fZ899aReu964eRt5IC1aGD578tjz0b1ePctfbB8x3NXz0T3qv6ZNm4hcDE6ysrKTJ46njvf79+9cCYqLi8mBswiCGD9uLLnw/MXLq9dukMvdrSyfPXkcERbk98InNOj17N+nMSEh8cAhPl3fRJOcnLxy9RqCICwtum3auG7v7h3z587mO5AXSUamTlR0+UBk8+fNCQ7wC/T3jQgLunD2NNVcuHf/Ac5Njh4/ER1d/uL/MFeXQH9fvxc+3p4PQoNeL1owjyAIB3s7akw/oRIfOnKMarmeMnliSOArsjC+z5/a9LAm19++4+Ht/ZSQkKysbIIgevW0uXr5fGxUeKC/7+MHHtSoaLv27MvPzxfqNhOoadMmVP68/XLu3PWglu8/eFRQUMj5qd8rf3KhmZ4eGUUrKSlZvqq864apacv7Hrfue9w6fHDf4wce169eIhtq/V8H3PW4T24oJSVlYmwkwvCSzJFt3xs3rPV9/jTQ3zc+NpK6/bKysjkbWIUtPNmFZenyleTyAEeHoNe+Vy+fP3bkoN8Ln62bN5Lrd+3Z9/HjJ2qTux73qABk7949g177Pnvy2NvzQXhIwLDfdZRAMTGx9x88IpcP7t/j7fng2JGDd29df+7jNd5tbK+eNtOmTqISi//Ut2nd6sa1y2HBr9+9jVq5vLxbj9vEyeTTsWXThvjYyEB/36dej6hY2o6de8h7lSRmdcfXMFeX2zevxsdGJsRF37x+hQoDnDr9T3pGBpWMee0t7ImtiGhfW0JJTk5upqd3/OihsOCAQH/f0KDX9nb9yI+8vZ+Gv4kgCKJJE92w4Ne+z5927tyJOgNUFfHsqSc5XLOYt8fU6bPIqNKqFcv27929YtmShQvmcoZkKOLfRVlZ2eTj2d7c/OL5f+JjI/1e+ESGB1PduE+d/od61rw9H3g+ujdvzizyT2MjI84a0q5/P/ozLOZvGIY1eUVKSkvIiktLS3Pn9q0xkWF+L3zevY1a415e27yNi/O4x/9lguTk5Pbm5mfPnIx6E5oYH+P3wsfSohu11dOnzyR1jAy5DB3s9fi+56N71Df4lk0bqAtx99Z1vlvVlF84f4bINxL5vUa9MzFl8kS/Fz6nThy9fPFceEjA8mWLO3futHnT+so/AgAAAKjVECAEAACojXbs3EMuaGlp3ve4bW5uRo75Jisra9fflmoSio6OuXHzNk0++w+Wv/XMYrE87ty06NaVGjvO3Nzs8sVz8bGRVGMil2NHDm7csNZpoKOz08CFC+aSQ1QVFhau31g+2tXMGdOmTZlMDdAkKyu7cvnS7laWZFDh/oOHVFZr3VctW7ro+tVL27Zs1G/WjFypq6NDxQCSk5OTkz+Xr9fVNdDXV1JSJP9UVVU10Nen/iP7folWDC6uLv8NMnn9/130yBZ5so2SxWKRc5v9+vXLfe0G8tPevXueOHaY6iugrKw0Z9YM91XljdqnTv/D1f9STBPHu/1z+oTr0CEO9nYzpk+1629bUUp5eblz/5xasWzJcx+vGdOmqKiokOu7dOm8bMki6tCo9MmfPx89doJcnj518sb1a6hX7JWVlaZOmRQfG7l39w4REr//8OHI0ePk8vJlixcvnN+gQQPyz0aNtI4ePkAdhfu69YWF/4uciWPmjGmHD+5rb25O3irNmxvs3FF+q7DZ7LdvywOWTG4zhhwcygcOffz/YRWTkj5y3QavAwI4/3zqU34hBjjakws3bt4m468sFuvEscOcEz6ZtWu7f095T8GNmysccU7idHV1Hz/wGOYytFEjLYIgZGRkpkyeSF07X18/KqUIhSdHvCQIomOH9ju2bVZV/a97x5DBzlQk8uDho+RCUVHRjl3ldWPfPr0PH9hHbaKoqLhx/Rqu4S4rEvG7k2vfPr372f43c6FO48Yrli05duQg9eCI/9R37dL5/NnT7dq2kZGRkZaWdhs3hnOM36WLFw4dMoislps2bbJtS3mVyGaz3/3OTSLVHZc5s2ZsXL+mdatWMjIyUlJSbdu0vnb5IvXp2XMXqGWham/mJ5aGOF9bDFl3t7p5/UpPmx5kDaCsrLRtyyaqNnv9uvw5lZGRadRIS1mpfFTJJro6VBWhq6MjqS8Fs3ZtPR96jBs72q6/7Xi3sdOmTOaduE78u4ggCFeXIRvWrTl0YO/li2c7d+pIpldQUFi/djV17EHBIeRCQw0NA319appYeXk5zhqyovlHKeL/hmFYk/Nl1KLFiWOHN65f4/nwntNAR7ITnrS09OiRI6hIsK+fH99trbtb/XP6hEW3ruQ0tFpamqdOHKW6QR88/F+HeEn9TqNXp04d/WbNDPT1qXkHtbUbUReCc6BULjXoF06lEudGIgjiQ9JHMqzOYrEWzp9L1b2KiooT3MZdPHcG44sCAABAZUOAEAAAoNZhs9lUZ5GpUyY1UFbmSmBq2pJqoD9/8RJPBuUKCgqp/j1Tp0ziO2Eh11xTlMGDnKnOVZwCA4PJwZpYLNaMaVN4E0yeVD6xYkzsW2qliorKxPFuZu3aciVu0cKQ6irx8dMngjHRisFFQ0N96JBB5PLpM2e53vE/d768uXzSBDeyeTEgMIgaqGru7Fm8p26Y61CqmfXm7TvMD4deMz29eXNnMU9v1KLFeLexOo0bc62nGpSzsrLz8vLKy3mrvJwsFos6aZw4D1OoxLd+J1ZTUx05fBhvypkzppHLaWnp/q8DCEnQ1dWdN4f70hgbGVGDoH76HcmQIGp00OjoGM6uV9TQi2PHjCIXOCdmKy4u9vQqT9C7V/k4pZcul48FN3vWdHIiNE7m5mbtzc3JK5idnS3xA+Fr0YK5VOM4xa5/eUw0IfG/ZmJhC89ms2/fKe9huWzpYt4Haszo8vP2JiKCXHjp60cNjDl71gyuuQkJgjBv147JQRUVFZEL794lcHXr5CL+Uz9i+DCu0Rp72vSglgc5O3F+ZGxkRDXKU/uVSHXHqWuXzrN5euBpazdydiqfL/MlR9xXqNqb+YmtiDhfW8xt3riOejmAJCcnZ//7rmb+ZSSRL4WtWzYKfCNB/LuIPG/Dh7nY9u3D9eDIysr26d2bXOY7l56wxP8NI35NbtPDepirC+9AqX16l1fXiYnv+W549PABMjRIAV6KPgAAIABJREFUkZGRmTjejVyOiIz68eOHBH+nVZ6a8gunUol/IxUXl9dpbDY7uRJ+PwAAAAAIhAAhAABArcM5nt4ABwe+aYYMLm/3iY6O4ZoUh0INDUd2x2FeABaLtWIZ/5nhEt+Xt6np6TWNjokNC3/D9d/37zlkgvj4d0z21bRp+fvvGRmZzEsoqWKMGTWSXEhLS3/2/AVn/lTIysVlCLnw4UN5y6mpaUsTYyOezIh69epR10WC79dv3LBWTk6OQUIBNDX/a2rPyCw/2wkJCeTCYGcnRUXFCjYlREgcTyUe5My3/EYtWlDdgKhzW0maNClvLk9P5zPvmpiaNzegWhs5e9R5/J4Pb/7c2WQ79f0Hj4qLi8mVIaFhZL8ELS1NcoLP0tLSiMjyDlgsBRbvXR0W/obKXCLt+ExISfH59wjZm5B8cMg5BUUoPOdFLyku5k1PjU+bkJBInrf3Hz6Qa4yNjPg+gwyZmphQJRniMtzL+wkV2eJSGU+91u9eWVzz+ZGaUvfq72CzxGvdiuqTHtbdyYWkpI9M8uGtvZmf2IqI/LUlHJ4uegRBaDfWJhf4zs7Il/i3x7w5swz09RmX+z/C3kX0tH8/0RKpISX1G4aX+DU51SfyS0oK3wRUFzFO1Cij1O1ReccoQTXiF06VYH4jcT6ejk6DL1y8XIOmYAQAAIC/Q52qLgAAAAD8aVTTP4vFqmggr8Yc/cPS0tK1tRvxpuFswOLt0ENDVVW1ov1SrULR0TFDXIbTZMLZtYhLTk5uenp6ekZGampaRnp58yUZZmBIIsUgCKJlS5POnTsFBASSo+pRnSYvX7lGLjgNdKS6sFBZ6VU8QR3V6hQdE8P8cOjRjCEmUGlpaXb2t/T09NS09Ax+LcXx78rDeM2a6QnMTajEcXHlsQpyLD6+DPT1yUEpE99/EJihOMgeEgRBlJZVSiuto6P9vv0HCYLwfuJDTuiV/PkzeWjOTgPq168/cIDDxUtX2Gx2cHBIly6dCYKgmmsHDnAkRxRMTU2jMiQnnqTx+XMK2SGvSlDnk3xypaSkRCg850UfOmwk/Sbp6RmNG2tTdZq+vuA7kEbbtm26W1mScxm+jYubOn0Wi8Wyt+s30NGhY8cOnN1NKuOpr1uvPAJBjRnI6b97tbS8SpRUdSeQxu+vCTabzWazeXtfCay9mZ/Yioj8tSU+6nIwj+WIf3voixQdFOEu4lVQUJiRkZGWlpaalk7F74X6Iq6IpH7D8BKtJi8uLs7IyCRv2rDwcHJlYeFP5jmQ802SUlPTDA2bV94xSlCN+IVTJZjfSHXr1p0/b86u3XvJinH1mnWr16zr1dNmgKN9r549uTqbAgAAAFQGBAgBAABqnY+fykd5orrp8OJsrvr85Qvfhqfkz+WjIVHdm8TH2R2Bt9cCp65dOnP+WVZW5uv36tFjL49798mOU1zKCCHaJUUuBq8JbmPJ5jNfv1cJCYnNmxvkFxRcuVo+e9CokSOolO9/xzOoLgi8qBbttLT04uLiOnWq5rdcYWHho8dejz29PP8/Kx6FagWmYg8aDNrimScuKSmhBiujaeWnOjX+sf5wlaRPr55kgNDTy7uwsFBOTu7Jk/L5Bfv17UtOyXbx0hWCILyf+pABwoePPMu3/T3kXRbHqKH0d3XdunWZxGj/JBEKn/k1k+EmKioq5FyDn37XjVpaFdaNTMjIyOzZtWPj5q3UIIFsNvvqtRtXr91o3txg84Z15uZm5Prq8NRLsLqj16DBf8Mkfv2aRQUImdfezE9sRSrja6vyVIfbQ1hx8fEeHg8ePfbkW+vSBBSZk9RvGDHl5+c/eepz89YdMmItjrp167JYLPLmJyuuanKMAv2Vv3D+sGlTJslIS2/fuZta8+Spz5OnPiwWa/XK5ZXY0RkAAACAIBAgBAAAqI1UVRqQC9REcbzy2fnUckVvr1OT4lDjSYpPV7e8N9gEt3HLly1muFVu7o/pM2dzzTOnpqbaWFs78f0Hvi3OlVEMvnpYd9fV1SWjWRcuXXZfteLBg0dkkdq0bsU585aaWnljH811oY6FxWJVVdtZfPy7UWPdsrL+N0edrq5uQw2NkNBQrsRqaqpkSnJeJXrME8vIyFDNqXkVX98fP8rPpJqqisC9V2cmJsZaWprk0HNBwSFWlhb3fo8vamHRjSCIzp06kifkrse95UsXv3//gbzl1NRU27ZpTaZsxBH08nx4r0GDBlV0NKIQofDUNJnGRkb3PW4x2Yvc7+4aP38K0fuHL2VlpW1bNk6eOP72HY9bd+5Qo0omJCQOHTby9s2rrVu1qiZPvQSrO3q5uf8916q/H0lha2+GJ7YilfG1VXmqw+3BXGlp6dZtO0+cOs25ksVi6erofM/5znxgVYEk9RtGHA8ePp41Zx7nGhaL1VBDQ1ZWlhq7mLni4mLqOqqrq1eTY2Ti7/uF8+dJS0tPnTJpyOBB9+4/uHPXgxpMm81mL1m2orCwcNRIuo7dAAAAAGLCHIQAAAC1DtVzIi0tvaSkhG8azj4lTXT5jwdF5cNms/MLCiRSNmo6FuZj2eXk5A4fOYZsX2axWHNnz7x+9VJ8bGSgv++tG1c7tC8fJlGK4DMplASLUREZGZkJ48eSy2fPXcjN/XH2/AXyz/FuYzlTNjco32lKSmpFuVEDLRobiT5BmjhiYmKHuI4gw3jNmxuscV/p9fh+YnzMsyePr14+TyWT+j0Fl2nL8lkAP3/5IjBzoRK3NDEmF9LS0ipKk/J7FigDAwOuj6pkxiaRSUlJDRzgSC77PHue9nvIvgGODuQQZPXq1etn25cgiKys7Mio6Gcv/htfVFq6/Ae/hoY61WcriWOgxRpBhMJTY+e+jYurqKLj0kS3fIA7SQUzmjc3WLhgrt8Ln9s3r5Jjw5IOHT5WnqAaPPUSrO7oUdNxsVgscpJRkWtvgSe2IpXxtVV5qsPtwdzS5auo6ODIEcNOnTga+SYkIizovsetcWNGk+ulpYX4Iq6IpH7DiOzGzVtUdNC6u9WuHdsCXr2MCAvy9nywYb2AAZD5ysz8Si3r6DSWyDFKZDRXgf6yXzhVSF1dbdzY0bduXH3h4z139kxq/bYdu2rWzxUAAACocRAgBAAAqHU455yjZgbiQo4ZRRCElpZmRZOgcOYTFBQskbJRAxsGh4Tm5OQy2eSpjw/5wr6uru6j+3dnzZxu1q4tk8moJFsMGs4DB1DLGzZtIaeOU1NTte3bhzOZvn4zciEs/E1Fr9j7vfInFwybl0e8FBQUqE/FL6pAZ86eJ9/x79un9+0b10aPHKHfrBlN+ua/y/mSwSBsQiVu0cKQXPD1e8U3AZvNDgkNI5epxlYqyJSezmfGxOqMGin0safXk6fl44va9belEvTv15dcePLUx9v7KddWpBaGzckFX1+/P1JqSRK28E2b/FdBBYdw923lS7tR+Rh90TExDGOKDLVu1Wrblo2LF84n/6T62or21EuWZKs7GtSjSkX3xa+9KzqxFamMr63KUx1uD4Y+fUqmxn29dOHsujWrrbtbKcjLV8a+JPUbRjRlZWVbt+8klxcvnH/qxNGBAxw4R/sUwevfpaW6Pot8jNR3XHZ2Nt+tJO5v+oVTHTRurD1r5vRrl8vjrGw2mxr7GgAAAKAyIEAIAABQ6zRs2JCKlxw7fpI3QWFh4aEj5f0wultZVpSPqqqq7u8ON/sPHJJI2VqZmpLNW2w2++jxE0w2oVqUBjsP5J2DJy9PwPiihQWFEikGjfr1608c70YuU02oY0ePqlevHmeytm3bkAvkrFq8+cTExFIt7B07diAXGmtr/5cgNpZrk/z8/Mjfw1VJxLPnz3+XfyRXq2sBvzNp1q4duRARGfVSUFxHqMSdO3UkF/xfB0RG8TnGGzdvU+OVUQOd6eqUj6b4Ni6OdyDTT5+SqR4MksX3NiM7MqanpxcVFQnMoW2b1uT8cGlp6afPnCVXWlpYUAmo+eFu3LwVFBxCthS3//+UbNbdrciF3Xv314ghFjkJW3h5ebmOHdqTy1u2bmfSCYNqwk5LS+edV6ygoPDy1WvCF/w/Nj2syQUFhfJGfNGeesmSbHVHEATfnnmpqWnXrt8kl3va9CAXxKy9KbwntiKV8bVVearD7cFQ4O9oa8cO7TvxlERgZ02+Xx8VkdRvGNF8/PiJGmF77JhRXJ8WCDpS3uGLS0tLDx46Qi53t7KUlZUV5xipvndRUdFcm5SVlQULiqCTOQtMw6l6/sJhs9lcA6HXLObmZlSsV05OkhFuAAAAAC4IEAIAANQ6UlJS7qtXkMtPnvrs2LmHs6/Mjx8/Zs9dQEVW5s6ZRZOV+6rl5EJY+Ju16zZyxjmKior2HzjUqavlU59nzMumrKxE9QU5euzEqdP/cDXrh7+JGOs20dbOkRpcS7G+IrmQkvq/cat+/fq1YdMWqkNJGfG/4baorajOWPn5+VSeIhSD3qiRw7jWuAwdwrVGp3Hj6VMnk8sbN299+MiT89PE9++nz5pLLpuatnR0sCOX5eXltLQ0yeXde/ZztsMmf/481HUkGSuSFCXF8omO0v7fA+/r1yy3CZOoP6nBzWz79m7TunxKsAWLlkT8vy0v9m2c82CX8ROn/Pr1S9jE/fvZUmG/WXMWxMXHcyb2fuKzdv1GcnnSxPFNmpSHBKgmV4Ig9h04xDkIm98rf4eBg0SYsZIG/W2Wk5Pb32FgNyub9p26VdRHhCItLU2NMvohKYkgCAd7O84YrZyc3ABHB87hMQcOcODqjDVhghsZZSQIYsrUGR//P1Znfn7+oSPHOnW1PH7ilHjHXSlEKLz76pXkQkRk1JJlK7m6raSmpi1bsapTV0tqAjxLi25U9Gjt+k3vP3ygEufk5E6YPNXn2XMmRc3Ozt62Yxd10Snev9dQt65oT71kSby6CwgIXLdhE+fXSnp6+vSZs8llFotFTaklbO3N/MTSkPjXVuWpDrcHQ1QwIy09g6v37a3bd/ftP0gul5b+74u4fv365MLbuDjy7iopKfkoaAxhCf6GEYEC678+bZlfv3J+FBUVPXf+QvrNx7pN/J6TQ/358+fP5StXk1U6QRDz5pY/JiIfo+HvntYnTp0hpwYkFRQUzp2/iKZup77cfX3Lo3QZmZkMvxCr2y+cK9eutzHr2Kmr5aw586r5+JwlJSVHj504f+ES+cOGEhQcQp58FotFnQEAAACAylBbZn4GAAAATlaWFn379Pb08iYI4vDRYz7PnltadFNTU/2SkuL95CkVYFi6eKFmw4Y0+dj0sO5uZUl2tTl7/sKr16979bRpoqvz5UvKzdt3yHyWLl8Z6C94xEjK8GEuly5fJced27h56+27Hl07d9bRbZyeluH36hUVNDpy9Lj7qhVkWxK55uq1Gzo6Oj26W0nLyLx58+bEyTNUoxsvalS9D0lJI0aPa9e2zfUbNwsLf/p4PyaDEMIWg56urm4/276PHpe3iA1ydtLQUOdNNm3q5CvXrpOvvc+cPbe7lSU54N6HpKRbt+9Syda6r+IM/MyaOX3FSndyeD07B6dBTgNkZGQCg4IrGntTHO3atSHP6uo16wiCMDZuUVj48+VL3+MnT/NtSZSRkVm1YtnQYSPJ6fGcB7s4DXRsZWpaVlYWFh7+4OFjMtn9Bw+dnQYKlVhaWnqt+6oBzkMIgkhOTrZzcBrg6GCg34yMBlEhBBaLNX3qFKo82tqNBjg63PW4RxDEqdP/RMfEWltZ5uTm+vq9IgdGkyz628z/9euEhESyr8Ox4ycPH9xHn1vvXj1Pnf6H+pNzfFFS/359yUMj9e3TmyuBgrz8WvfVM2fPJc9Szz79nAY6GrVoISUllfj+PdXBa8u2HQMGONA/+3+eCIU3MTYaM2okOSfWzVu3X/n797TpYaCvn5eXx3mTrFq91tvzAXm7zpoxdfHSFeRN5TTIpU/vnqqqqrGxb6kgIhNr12+6d/8BQRCdO3dyHTqkadMmbDb7safXhYuXyQQuQwdTiUV76iVLstUdQRD/nD0fHBJqadGtUSOt+Ph3d+7eo+qHJYsWUMMGClt7C3ViK1IZX1uVpzrcHkyYGJd3XEtOTp6/cMmE8ePqyMh8Sk6+cvU6b2dcStPfr24QBDFy1Dhb2z4vff2io2POnjlp0a0rze4k9RtGBA01NNTUVMkrMmPW3CWLFqipqWZnf3v46PHFS1cEbh4UHGLv6NS7V8/mzQ1SUlKf+jwjvwXIKp16RUbkYxw3ZtTlK1fJr5UevWwnjndT11CPiIh4/sKXPtpn0FyffOjOnr/wPSdHSUnx/IVL7c3NL188S01kW5Hq9gtn46at5MKDh4/dxo4x/39P+mrl2vUb23bsIgO6E8aPNTYykpKSCgkJPXj4KJlg0gS3qi4jAAAA/OUQIAQAAKildu7Yun37LrLp/G1cHNk0zMl99YpRI4YLzGf3zm3LVqwm27ASEhKppi5Se3PzXTu3ClUwGRmZf06fWLHanZxHLTo6hjdyY93dav7vF+3t7fofP3mK3O+u3Xt37d5LJWump2dn148avIuTvV3/Hbv2kO1lAQGB1Fw+V65dJ19yF7YYAo0cMYxqPhs9agTfNAoKCjevX1m8dAVZnhcvfbmaVtXUVHfv3M7VS2bIIOfr12+SXdCSk5P3/u6rQY725uQ0gGxck4hpUyeTDXlsNnvBoiWcH/Wz7SstLUWF8Sjm5maHDuxdtGQ5ebZv3/G4fceDM8Fa91VOvycxEiqxqWnLSxfOzluwiGwq5YyNkdqbm2/fuklJSZFz5bw5s/xevSLbKDkvPUEQY0aPlJKS+ufseTHO0P/Q32acbaBMBkPr0N6cxWJRjbxWPEPnWVr+N+Ioi8Xq0rkTbyb9+/Xdu3vH8pXu1BnmTXP44L7qFh0kiVD4ZUsXKSkrHTh4mOxbyduCr6ure+TwAepPp4EDoqJiyIqRzWZz7qJN61bb/2XvzuNi6v44gJ8WLYaiLFFDiDZrPLITES3ITnZK9p0I2bLv2WV9eCwPsq/ZeWi3tT2/0iZa1COZFpr6/XFyXDPTNNUk6vN++eN058y9Z+6cc+91vnPOWb/Wytqu0HKyqUpFKhg1c/pUNh9ssVu9fMn3cte1S+fXwcESd7LCbanDiO+DjYp69S7SiZVC7ret0vMrVA9Z6OvXHzJ4IJ068srVazSOS/F4vPnzZi9fsVr8XcbGRq3NzOhQ0ajo6L37DtDte/bulx4glOMzTDEsdllIb3/BwSGjx07gvjR3zqwjR48VdD3n8/m1atYMCAw8fuKkyEuDBw1Y4bZUZGMxPmPjxgaTnCbu258/V7DnocPsJW1trc0b148d70gkGT3SgS1ey26mAYGBgUHP27Q2K/hk5Ptln3By5LqarNxpa2vT23pcXJx4G2nfznzK5EkFvBUAAABAPjDFKAAAQPlEl7GRorK6utsy12NHDlp068om7qMdWH3tbG/duDJ6pEOhPxsnhFSrVm3Prh1r3Vdx+3R4PN4fbVq7LJx/8sRRPV1dkbfwKlcW280PatTQ3rd75+aN683N27KJy+hue/W0PHLowCHPfVWr5kd91NXVDnvut7Huzd2Djk5tlwXzrl72chg+lO5B+cfRFdraWocP7mPTCdIty92WTHL83tlXpGIUKvHbnJytWrbgjhIQoaere/zooRVuS0UOamRoOH7cmNs3rol3myorK588cWyKsxM3f6uWLebNnXX82GGLbl25H1Oc6o8LBUnXqGHDv0+dYON+qObNmu7y2LbLY5t9/375RVL64VdoVr163rx22b5/X+5MWXw+39bG+vqViyMdhisoKBQvc9s/2ty8dtnJcYJIkf5o03rJYpeTJ47Wr19P5CPUq8e/fuWSyPC7rl0679i22W2pq9W3UXdqqhJW/Sm06oqQXs26de3S26rXtw8o2kzEKSkp9etrS9POkxwrq6uLZKisrj5h3Fia7m3Vq1KlShL3Y2tjffvm1SGDB3InXCWEGBg0mjVjmr/PE/GhhwUp6DpT6PWHk7OQ6sf9uotReBUVldkzp58/e9rSsjv3QkdHoa11X3Xr+mWDRg3ZRiUlJbdlruvWrGZLedHqNGf2zL+OHzMwaMSWQpRi5vSpt25csbHuLXLE1mZmp08enzF9qkj+YrR6RsoJlL4gn5raD9+RHC93UyZPOn/2tHUfK7YfupPTJ4+zyUWpol69i3piJX7S4t22JCqw/hflolq5cn5DVi1gpbFSqh4yZpO9Fi1b4jp1ijP3VR6PN3qkw51b10c5jKCnWuSipKCgsH3rJpFlAkePctjlsZ2IETnbJXmGKeqVXET/fnYb1rmLVEJLy+6XL5yb4uw0eNBAibWOEDJ65Iijhz3HjxvDvSm0b2e+bs3qdWtWi1en4n3GBfPmbN+6iXsDbaCvP3qkw/Urlzp36ljQFaxjh/Zr3FdyK5iBQaMjhw7IEh381Z5w2INcazOzUo2dF68icetGT8seD+97jx83RuSOxufzN21Ye/SwZ9mODAYAAICKQIG78goAAABUWKmpqUnJyXw9PW4XTFEJhcKo6Bh1NbW6deuIdOsXW15e3vv3CZ/SP1XTrFazZg0pfSUCgSDu7ducrzna2to6OrVlKUBubm5SUvLHtI/aWtoSZ8QqRjEKOlAf2350nIrH9q3ik0MWdNB3795nZmXVr8cvKNgjIiEhMflDskEjA+7qdKUhNTX1bfw7FZVKtWvVql69epHemJScXK9ePfH4Vgkz5+TkxMTGqqio6NatK0tsWygUxsTGfvnypbGBQan2wUmvZgtcXM+d99qwzn3gAPvSK0NBMjIzY2NjVVRUamjXEBlq+esrRuH/+++/9+8TqmpUraFdo9A2Qvdfv179krSmj2lpMTGx1atV09WtK0s1K0arl7sSXu64+3n79i1RUODr6UnPWYyrd1FPbEFK47ZVen6F6iHdly9f3sbHf/qUrlW9et26dZSVZZqy6OPHj4lJSepq6np6urJcvcXJ5RmmSIRCYWJiUmJSkoZG1To6OpWLGCtKSUn977//GjTQl732FvUzpqV9iomN1dOtq6WlJUN2Qm+jb9/Gf/nypW7dOmyFyEL9gk84cW/fZmRkGDRq9BsF2DIzs6JjYpQUFfl8fmk/wgEAAAAwCBACAAAAlLoHDx+NnziJDiB78vDer9mxCz9fWHi4jZ09j8d7+vj+T+vXBgAAkBc84QAAAAD8vjDFKAAAAECp27N3P02MGzsafWdAff782XnKDEKI+6rliA4CAMDvCE84AAAAAL8vBAgBAAAAStfzFy/9/ANoesigQWVdHPhVvI2Pj4uLc5w43s7WpqzLAgAAUGR4wgEAAAD4rcm0JAAAAAAAFNvBQ4dpYsjggdrasi4FBOWekaGh17kzzZqalnVBAAAAigNPOAAAAAC/NaxBCAAAAFC6Dh0+mpuXq6aqZmtrXU1Ts6yLAwAAACAHeMIBAAAA+K0hQAgAAAAAAAAAAAAAAABQgWANQgAAAAAAAAAAAAAAAIAKBAFCAAAAAAAAAAAAAAAAgAoEAUIAAAAAAAAAAAAAAACACgQBQgAAAAAAAAAAAAAAAIAKBAFCAAAAAAAAAAAAAAAAgAoEAUIAAAAAAAAAAAAAAACACgQBQgAAAAAAAAAAAAAAAIAKBAFCAAAAAAAAAAAAAAAAgAoEAUIAAAAAAAAAAAAAAACACgQBQgAAAAAAAAAAAAAAAIAKBAFCAAAAAAAAAAAAAAAAgAoEAUIAAAAAAAAAAAAAAACACgQBQgAAAAAAAAAAAAAAAIAKBAFCAAAAAAAAAAAAAAAAgAoEAUIAAAAAAAAAAAAAAACACgQBQgAAAAAAAAAAAAAAAIAKBAFCAAAAAAAAAAAAAAAAgApEuawLAAAAAPIRFxe33/NQVlb2sKGDWpuZyWu32dnZ/zx9FhH55u3bt7Vr127dqqW5eVt57fz3VUpn+xeRkZGx3/PQmzdvLLp1te/fj20XCoXtO3XNysomhHidO92oYUP20vSZsx88fEwIcVu6eOAAeyk7nzx1xpN/nhJCFsybM9JheCl/lN/Yx48fu1j0JISoqanevnFNU1OjrEv0WxoybGRYeDghZOP6NVa9epZ1cSquvLy803+f/eefp00aN54wfpy6ulpZl+i3ERMTe+u2d+SbNxERke8TEqpUqdKhfTu3pa5lXa7S9eyZz9nzXlWrVHVynFCnjk5ZF+d3VdCzyrHjJzZt3kYIsbHuvdZ9VZmWsRRJuezI/tAiC7k8E548dWbt+o2EEItuXbdv3VTCIgEAAADICAFCAACA8iAvL2/chElR0dGEkPNeF/55fL92rVol323Q8xfzFyyiu6V6dLdAgLCUzvavY/3GzcdPnCSEXL12Q0NDo0d3C7o9Nzc3JSU1Py3M5b4lOfmDQCAghHz58lX6zrOysmjO7C/ZpfYJyoO8vDx6ogQCQWZmJgKExZP2KY2exq9fC6mZUKqu37jlusSNEHKV3EhP/7zIZX5Zl+g3kJmZ5Xnw0LYdO3/cnFhW5flp4uPfOYweR9O+fv5XL3uVdYl+S1KeVdI+prH7S1kXsxRJuezI/tBSKHk9E3769KkifCkAAADwq8EUowAAAOVBWloaN4wXHR1T8n0mJiYOGjKcu1sej2dsbFTyPf/6PqalDRoy3MraLiIiUvzV0jjbvxR//0CWDg0NK9OygKyOHT9hZW23cvWasi4IVFD+AYE2dvZDho3MyckRf/X58xcs/So4+OcW7Xe1cNFibnSwVcsWfe1sx48bM27s6DItlxxIry2hYeEsHRYenp2NX5MUR7l/VimUHC87c+cvtLK2u3DxsvhLv9d5lt70AAAAoALCCEIAAIDyQFNTk8/nx8XF0T/169cr+T43bNpCEzweb8vG9V26dFJRUSn5bn8L4eH/Bj1/QQhJTEoyMGgk8mppnO1fiplZSzorIyHEyNCwrIsDMrlx83brFN+FAAAgAElEQVRERGTVKlXKuiBQQT175kOvG1+/5igri/43s3nzpixtamL800v3+7ntfefqtRs07TBi2LSpk2vVrFnWhZIb6bXF0LAxSxsYNFJVVf3pBSwPyv2zSqHkddn58uULDQ1yA4HM73WepTc9AAAAqIDwQAAAAFAeKCgoHDvseeDgoczMzGFDh9SuXbvk+7ztfZcmVq1ws7TsXvId/kbevXsn5dXSONu/FJcF87S0tKKiorp26VzRvvrfV0RERFkXASq02Li3Ul61se7z+fPnJ/88bdK48cQJ439iuX5Xu/fso4ke3S1WLl9W1sWRM+m1ha+n9+fRQ+fOe2lU1XCciNpSTOX+WaVQ8rrsJCRIm9f39zrP0pseAAAAVEAIEAIAAJQT9erxV61wk9fePnxIYYugdOvaRV67/V3EFdaBIt+z/avh8XizZ04v61JAEWRlZbHlIQHKhPSJ9RQUFIYNHTJs6JCfWKLfmFAofPnqNU3PnD61rIsjf4VOw9ihfbsO7dv9rOKUW+X7WaVQ8rrsxEv90djvdZ5/8RlQAQAA4OfDGoQAAAAgQfKHDyytqalRpmUpA7HfpooC+C1IH98A8BNEx0iYfA+KhzuKvUED/TItS6lAbYHfSHx8IQHC3wiaHgAAAIjACEIAAIBywtfP/+69+4QQwyZN7Pv3Zdtve98JCAzSqV171MgRSkpKyckf/PwD/AMCgoKe6+joNDU1sbLqZdCoIcsfFh4uEAiiovJ/Yszj8QICA9mrNbRr1P9xeRVfP//g4JDQsPDY2Njq1aubGBsZGxl16Ni+srq6SAnDwsMvXLysoKAweNCAhg0aZGZmnTh58smTp3Fxb3V169rZ2gwaaM+yqaqqjhs7upqmZkxM7KPHTx49efJf6sfGBo3GjB7ZpEn+6kRvoqLOnvMKDQ1LSU1t0tjAyMhw8MCBBYUzk5KT/fz8Q0PDQ0JD49+9MzI0NDE2GjjAvkYNbW62tLRP7xPev3odTP8MD/9XTS1/9SNFRaVWLVtIP9tMRERkQFBQWGj4m6goQoipqYlhkybtzP8Qn3sqIyNjx87dhJD+/eyMDA3pwJGAwEBfX/+PH9NMTYybN2/W185GSUmpgG+eJCYlHT5yjBBShcebMH6curqaaGEi35w6fUYoFFr1tGzXzlzk1by8vCNH/0xMSlJUVHR2ctTQqJqQkHjk2J+EEDU1tVkzphV0XLlITEry8/P38w94+fJVvXr1WjRv1t2im75+/YLyh4WHP3/xMjg4JCoqWk1NzcTEuHmzZj26d1NQUJB+oHfv3h87foIQoqiouGDeHPEMtKUQQjp36tixQ3vuS+np6V4XL4WH/fu/iEgVlUrGxkZNGjfu2bNHNU1N8f1kZGT889QnNDT01evgzwJB/Xp8Y2OjHhYWurp1CypbTEzsUx+fwMDnL16+5OvpNWvWtEvnTjKuY5STk5OQmPjoyZP8on7+zG2wenp6tWvV4ubPysp68s/TsLDwkNCwlJQUPT1dY2MjE2PjduZtCz2HjK+f/8OHj/8XGfH+fUKjhg0NmzQ2M2vV9o82EjMnJib6+vkHh4SGh/+bm5vbpEljI8Mmffr0Fr9EHPA8lJKa2tqsVU/LHoSQyDdv/AMC/fz8IyPfGBgYmBgbDbDvX1AD/5iW9vjxk+cvXgYEBFaqpNKyRXMzs5ZWvXrK+IlYM+zQrl2XLp1yc3Nv3Lx9+crVN1FRmhqa7dq1neLspKb2vWXl5ub6+voFh4a+fh3y/v37WrVqmhgbt2/frkXzZhL3HxMTe+XqtYjIN9HR0TVr1jQ2NjI2Muxp2UNiu5a9CtFKq6qq6uzkqK6ulpCQePjIsaDnL9I+pTVs0GD8uDH+AQFpaZ8UFRV7W/Vq3qyp+LHoYLWDh46k/vefoqLiJMeJ3DMcEREZ9PxFSGhocHBoVnaWqYlxixbNB9r3r1SpEvdUfEhJiYuLY2NYA4OC2GWzWrVqjRo2pNeZLVu3f83JIYSMHzdG4nJ6Rb2bsNtERmZmQEBgQGCQr59/JWVlU1OTjh3ai7Ri6QQCwTMf39DQsFfBwUmJSY0bNzYxNmrdulWzphJOWpEaUQlvwYSQ0LCwgoqtqaHJXSW30PrwR5vW4kUKev7in6fPnvzzVFFBoUWL5hPGjdHS0qJfma+f/6XLVyMjI3Nz8wwNG7ds0bx/v74F3YzkWFsIIWfPeUVERhJCeln2MDNrJX442WtLyW+y4juUsYWW7fOMLM8qEhXpCi8d96qenZ39zMf3yZOnfv7+NWvW7Ny547Ahg2n1yM7Ovu1957b33fj4eB6PZ2xsJH4j5pKlssl42ZEuMzPrfcJ7Xz9/+md8fDz3DmtibEKfuAo9zwkJif4BASGhYcHBIdnZ2cbGRsZGRh07tJfyYCAi6PkL7zt3hUKhgoLCJKeJ3McPWZ6LZG96RX3mAQAAgN+dQl5eXlmXAQAAAOTAY+fubTt2EkJsrHvv2LaFbV+9Zh2NHh07cjA9PX3q9Fni712/1p0G5wghI0aN9fHxLegoIx2Gr3BbStPJyR+WuC33/rZUIRefz9+6eQMLp1G3bntPnjqDEDJt6uRJjhPsBw2NiIhkr7Zq2eLsmZPcbNOnTWnUsMGsOfNFdn7lkpexkeGx4ydWrHQXeUlbW2vvLg+RzsS8vLxz5y+sXL2GTZrK8Hg8j+1bunbpTP88fOTY6jXrCvrsPB7vZZAfTRd0tgkhX7582bl7767deyXuZMM694ED7LlbUlJS27bvRM/AwQP7Zs+d/+DhI5F3mZu33bZlY0F9W1++fGlj3pF+urXuq4YMHiiSYcasOVev3aDfy/07N0VeDQwMGjzMgaZfvwhUV1fz8fEdMWqsyEcmhHz9+tXINP87vXH1UuPGBuylYSNG+fkHEEJWr1w+fJi06bzGTXB6+OgxIWTxogU6tWvPmDVXPM+eXTt69bQU2Zidnb11u8cBz0Pi+Tt17LB61XK+np6U47589dp+YH7BIv8NEc/gvnb9ocNHCSEjhg/lzhV289bt+QsXS6w8a1avsLHuw+2De/Hy1czZ8+IkjUBdvXL50CGDFBVFJ/C4fOWqeCUnhDiMGHbir1M0/eThPR0dycsaNWpiUvCHFv06goNDZs6eFxUtYQBB1y6d165ZJRJNFJeenr7AxfXWbW/xl6z7WC1xXSSyB68LF+ctWCSemc/nr1+72rztH9yNVtZ29JrwItB3337P3Xv3i7xLR6f2Lo/tLVs0F9keEhLq6DxFfBhlr56WT/55Sr+77Vs32dpYF/S5uM3w7JmTC1xcz5334mZ49dy/cuXKNJ2YlOSyaAmtxiLGjB45b84slpPatmOnx87d4pmNDA3XrlklErcrUhXiXt5r1NC2tu3PzT91inN6evqxP0/QE3739nXx6kcIuXrtOm2GPB7P9+kjGgfNzMza7rFTYnMzNTXZsXUzi+I7OU+9c/eeeDaKXSGlXD1KeDex6dPbafI08TM2epTDYpcFIgEDiV6+ej1j1lyJ53ykw/AF8+bweDy2paiNSL63YBGWlt337d4p8VgS68OcWTO42Q577r/34AGtIYyOTu3bN68pKSq6LnXzunBJ5Iitzcw8dmwR+Yxyry3S7ylFrS0lv8lyFamFluHzDFXQs0pB24t6hS8Uu6o/fnB35ux53Oga3afH9q0JCYkTHJ3DwsNF3jti+NBlSxaLNGHZK1vJH1pevw7uN2CwlE/H9inlmZAQ4nXh0rwFLhL3sHL5suHDhtA6s2+/54ZNWwghFt26eu7fw8327JmPw+hxNO0wYtgKt6X0wUP25yLZm16RnnkAAACgHMAUowAAABWF69LlrGuSx+NxezwXLnINDs4PmRh++z27RKynJiQktEevPtweOj6fz9JxcXGDhgw/dfqMxJ18+JCyyHUZNzpICDE2NhLJ5rFzN+tN09bWYtvdlq+6cfMW603jvpSSkuo8dXpGZibb8vnz5wmOzgsXubLODm1tLfbZBQLB+ImTWFxBVVVVymeXhUAgsB84lBsd5B6OELLAxXXu/IUS3xv0/EW/AYNZxyX3c/n4+C51W1HQQVVUVHpb9aJp7zuifaaZmVk0Oki/l//9L0Ikw917D2jC1sZafPRh6dm+Y5fE6CAhZPLUGSKdv58+pQ8YNIz1gvH5/B7dLVqbmdE/Hz/5x8bO/uPHj3IvZEhI6JRpM1nlad/OvFPHDvQLFQgEM2fP+/AhhWX+++z5AYOGso7j1mZmPbpbsMDekmXL94hFvHbt3svtMubxeEaGhjTNooPScWuXdF4XLva1H8QNbHDb7IOHj3pa2bx4+Ur6TlyXurG+4wb6+j26W5ia5kcor12/efDgEW7mBS6uLDrI4/E6dezAzl5cXNyIkWN8fP3EjkAIIf0HDGHRQW5DSEhIdHKewm3ghJBHj5/Y9R/IjQ6amprQo9y67S3eyyndh5TUk6fOiEQH+Xw+i/m9fh3c08qGRQeNDA179bRko7iOHjvu5DyV+xPMv06eZtFBbW2trl0601FcdNjHosVLuQcqRhWioqKiJ00WXTe0SWODoUMG0XRcXBztDRd34uRpmhjpMJxGByMiIu36DeB2OnPj08HBIVOnzxIKhfRPNgal2EpyNzl56nQf237sjHFry7E/T8jSiM6d97IfOIQb7zEyNGTN6viJk7PnLmAvlaQRyeUWLKOC6oPIlnETnVh0kJUnISFx/4GDGzdvZdFB7rcfEBi4fMVq7k5+o9pS7JssU+wW+vOfZ4qnSFf4IunUtTuNDnJr/rXrNx8+fMyNDnLPwF8nT5/88assUmUrORUVlZLvZJHrUm50kHuXJ4QsW77yyNE/pe/h5avXLDrYv5+d21JXGqIr0nORjE2vSM88AAAAUD5gilEAAICKgnZpTXKa2K+vbWMDAwUFhfsPHs6cPY92BGzeuv2Q5z5CiNtS11kzpvv4+tKfvRNCrl72YnFBndq16VRFy5avZD0Imzeut+rVU11dTSgUhoSGTp+ZPxTDdenybl27io98Yp13w4YM/uOPNnl5uZGRUdZ9rCQWe6nrIjtbG21trbi4OOcpM8LCwwMCA2k3U/t25uvWrtbT1RUKhUePHXdfu572qZ04cdJx4nj6diUl5dfB+fOFzpk9c8SwIdWrV6c/x3aaPC1/aJHHzrXuqwghQwYPbNeubV5env3AofSldWtWm5m1zN+VYuHzj+3eu5/1c01ymug0cXy1atUIIe/fJyx1W3Hv/gNCyIWLl/tYWVladpf4HTXQ11+8aEGb1q01NKqmpX1a6rachve8ve8+f/FSfOwUZdXLkoY07ty9l5mZxY3zPXnyDzen9927ImN3bty8RRMsyvhz0DO8eNECy+7d69evl5OTc/XajTnz8vvit2736NHDgv1QfdfuvfTE8ni8TRvWsvGFiUlJc+ctfPrMRyAQbNy01X114T28RbJ95y6a6NSxw/atm+i3mZOTc9v77qnTZ/ra2dSsWSO/JImJLouX0HRfO9ulri50mj46V97CRa6EkC3bdtjaWLNJemNiYrds20HTDfT1d+3cZtikCR0Sev7CRdclbmLFkcD71rX09PTr129u3e5BYxs7tm9mr9bQzi9eUnIyi9Xp6NT22LalRYvmSkpK2dnZd+7enz5zNv1Glrqt8Dp7uqCp9kJCQlmweZfHNlZh3sbHHz12PCYmdrKzI8t85+49FmabN3fWxPHj2FRyGzdvpQOYXJe4XbtyQbwTlgZg3Fev6Nq5c506OkKh0PPgYTq0IiUl9cRfpxwn5PeW5uTkLHVbyd64b/dOC4uuSkpKubm5AYFBExydixogjIuLW7JsOf3Gra178ypXjomJbdCgAX1VKBQuXupG92lqarJhnTvr6g16/mLajFkJCYlPn/lcuny1X19bmn/dhk00wySnibNnTqcnIT09/czZc3fu3ndZMI8duhhViHFbsYq2jgnjxxo0apienh4b97ZTp47VNDVbm5nRC+bfZ8+JDNmkExuy8WpDB+dHE4W5QvoV6OjUnj93Tp/evVRVVXNzc0+cPEWDQ2Hh4ZevXOvfz44Qsmb1ypkzpr19Gz9+4iT69ssXzql+64yuUlgAu4R3EzpdXo/uFpOcJjRr2lRFRSUiInLm7Hn0crFl244hgweKDOjkSk7+sMDFlaa1tbW2bt7Yzrwtrf+BgUEbNm3x8w+YOX0qzVDCRiSXWzB1+vTZg4elhWoKqg/iOXk83tbNGzq0b6+urvbP02fOU6YLBAIW0h43dvScWTMqV678+fNntxWrLly8TOPuQc9fsFF6v1FtKclNtoQtlPqZzzPFUKQrfDE0b9bUbdmSZk1NFRQUjh47TidsGDfRib66bs3qAfb9lJSUYmJip8+aQ0PmmzZvGzTAnjXhIlW2kmvSpPH9Oze/fP26fsNmOvxuxPChY8eMYhmkz1tAfzRw5u9zNN2qZYv169wbNmigoKCQk5Nz89btNes2VKqkMnjQACl7+N//IkZ+iw5aWnZfv9adXVuK9FwkY9OT/ZkHAAAAyg0ECAEAACoQkZkbLbp1XTBvDu1JfPDwkVAopP0Ompoa3J/kGzRqpKz8wzPDxUuXg56/oOnzZ0+zZbeUlJSaNW168fzf1nb96M/YN27esnnjeomF2b93V4/uFtILvG/3ThZI4/P57qtXDBw8jP6pra21y2M7XaFHSUlp/LgxQc+fX7t+kxDi4+vHOtTU1dX+PHroyZOnvXpZ6unqsj23a2e+aOF8Gglg0y4pKys3bNCA/tSa9rXVrVuHuy6LdG+iovbuO0DTixctmDBuLHupTh2dfXt2zpozj5bQbeWqTp06cJc0o7p26bxtyyYNjar0T01NjQ3r1jzz8aWd4M+e+RTUd9mh/felenz9/LiTjN24dYub8/qNW5MnObE/o6Nj2GiYLp0ldB+XqkOe+1hRlZWV+/W1VVZWosMKw8LDHz56TF+NiIj0PHSYZtuzawd3XaLatWrt3rmjU9fuAoHg1Jm/nRwnFNQzWzxPn/rQhMvC+bSnjBa1T+9efXr/EE+l4StCyB9tWm/asJYbHhg00D4lJYVm2LVn34Z1+YNFPHZ9H1h2/uxp9r2rqKgMGzK4dq1aE50mF1rCWjVr1qpZk61tqa6uJrHGbtq8jSZ0dGpfvXyBrSSkqqpq3ceqfr2zfe0H0REY585fEJ+llnr5+jVN9OppyQ0n6+nqui76YVxsVlbWKvf82XqnTZ3MrXKqqqpLFrtERr55+OhxVHT01WvX7fv3EzkQn8/33LebDctTUlKa5DTxdXAwbT6PHz9hAUKvC5fYaJ6L5/9u2tSUphUVFf9o0/ralQvWtv2LGiMkhEwcP26Ri4R5X8+dv0C7rXk8nuf+PdwJCVu1bOGxbQudrdd97ToaIIyKjqFH5/F48+bMYnMPVq1adcK4sdxLRPGqEBePx7t+5aL4ilajRg6nEQivC5eWLHZh1Zg6ey4/iNulcyfWdgybNPHcvycxMdHO1oYN91FUVBzlMMLPz5+GEB4/eUJ74atUqVKlShXupHMNGjSQfSxyye8m06ZOnjFtCjtdBgaNNm9aZ2NnT8N1YWHhElewo1gb5PF4ly+e506faGbW6tRff7LbolwakbxuweJLzYkrqD5waWtrnfrrz4bf4t8d2rebPm3KuvUb6Z9du3Resjh/5FOVKlXcV6149PgJvRkFBAayAOHvVVuKfZMteQv9yc8zxSD7Fb4Y2rcz37dnJ6sh48aOfvT4CRvN6bJgHouT1a9fb8M6d9aE/xcRyb7oIlU2uaAtkVUYLS0t2Z8JhULhqtVradrcvO1hz31smgplZWUb6z59elvR8he0h7i4OIfRY+lNpH078+1bNrFLQVGfi2RserI/8wAAAEC5gSlGAQAAKgqHEcPE13Xr1ev7lnfv38u4KzYpWa+elqzjhtHU1JjinP8L5QsXL6elfRLfw8AB9oVGB/l8vsgwu5YtmrMuob52trQ3jbHq1ZMmIiLfcLcbNmkyftwYbm8axUJTKSmpnz9/ll4YWXh5XaQJbW0th+HDRF5VUlKaNjU/3kOHGYnvYa37StYPRampqdn06UPTMbGxBR1aXV2Nra92//5Dtj07O5tOE2dqakInNgwODol7+5ZluP8gP7OlZXfZJ6uUizmzZ4qslkRHMbIZxtj8k3TYCu1P5/aCURoaVSeOzw+0/Pu//5VSaUNCJCxbyAgEAlbIRS4LxAcPjR41kiZevHxJEx/T0tgMftOnTRH53mltl1PZiUAgYIP5nCc5ssAGY2pqwobwHv/rZEH7+fr1K038738RmZlZUo7o6+tP43Y8Hm/q5EniGZwcJ9BESGiY+Kvz585i0UHG+ltDiIj8Pjsxm5ytV09LFh1k9HR169TRkVJOiRro68+eJTo9I3XyVP5snDOmTxFfrszMrBWd3i0lJTU1NZUQkpOTf8YEAkFc3Fux/X1XjCokYoXbEonRoJ6WPVjTvnz1Gvel7Ozs4yfyv+4Rw4dyX7Lo1nXY0CHi14Selj1oIvLHy2yxlfBuwufzZ8+cLnK6jAwNG+jr03Rswac9MzOLzUHqPMlR4uJqbM8lb0RyvAXLoqD6wNWntxWLDlKdO3Vg6WFDf1h9TU1Njd1kY2J+uBn9LrWlJDfZErbQ3+J5RvYrfDGMGD5MpIZ0t+jG0gPsf1gv08jQkMXIRZZ7/GmVreR8fP3YD7DmzJohPom9oqKilOhgYlLSqLETaei6ebOm+/bs5P6qrLSfi6Q/8wAAAEB5ggAhAABARcH94TBTQ/v7QITkpGRZ9pOXl/fyVf7PzAsaadTXzoalY+NEe9x4PF6xf43OuvtFujW5L4l0JxWkdu3v3cFJyTJ9dun+jchf3m/gAHvx0YG0a48t5xMVFS2egUj6jup+6+SVvrYQ60+8ev06WwLt2bfJA2369Laxye8DpTOdUre879BEHyvJU7yWHokr4igpKbEP8vZbIJN1b9WpoxP0/IX4v0/p6TQDN3QkF2yUzAIX1w2bthRUtbjfpjAnR7yEbOLZiIjInJwckR72vra28i22CFmONWhg/uiN4OCQ3NxciXlMjY1pIio6etCQ4be977AOZRGRb/K7aPX16weHhIqfkI8f02iGf/+V0HepoCDhPymsgSckJNIanpuby06s9FnaisR99QqJ7Tc3N5dd+niVeRKrIstM+4W5Y03s+g888dcpiUGL4lUhLnPztuIDMSk1NbWRDsNpmoUDqTt379OxKdraWhbduhZ2YgghhI1VjX/3Tpb80pX8blKQevXyowuJiQVeNrl7GzTQXvoOS96I5HULloWU+iAdN0qqX7++yKt169ahiffvE2Ta2y9YW4p7ky1hC5XoV3uekf0KLxc636oHj8fjLj1I1WdNOClJlr3Jt7LJBaszDfT127Q2k/2NQqEw8s2b0WMn0G/fwKDR4UMHRGKipfRcJOMzDwAAAJQnmGIUAACgQuP+eDmP5MnyliROZ41uXckDFKpWrcrj8WjXc3R0TLOmTbmvamlpifxYXnaV1dVpQnxmJPGVzMTl5uampv6XmJj4PiExSbZeJ9mFh+f310hZlqZRw4Z0isLIN1Ey7pYF0goK21BsgtCUlNSw8H+NjQy56wv27NlDTVWNLtJz7dqN0SMdCCEfP35ky4/JGB74CVgPNRtxFfztl+x/nTz918nTUt77Ni5evoWZ4uz0+Nsijvv2e+7b79m8WdN+fe1srPtwV+Lhfpt0kkkpEhOTdHXrsn43Ho9X7OYgIzaIQcqxdDlDUhISElkkgKtFi+ZdOnd6+OgxnQPWecp0Ho9nY927n53tH3+04Q6piYjI75EMDg4ZNGS4lLLJ3nfJHX6Rl5enoKCQxAmoFDpYSnb6+qJxEYobFKGz+Unx9u271mZmlSpVmjN75pat2+kIpGXLVy5bvrJHd4u+djY9unfnXsSKUYW4WxqLDbjkGjJo4L79nvR74a4e99fJ/PFzoxxGiExiyZWTk5OUlJyYlPT+fULQ8+d0Y1ZWtvRCyqLkd5OCsNqSm1fgZZMb8xMfDypCXo1IRDFuwbKQXh+k4C52KB4mV1Up/Gb0O9YWWW6yJWyhEv1qzzOyX+HlopJKfmWT+Guh7004t8B2UXqVTS7YRaORgayzklIPHz3u1Tv/Vwg8Hu/Po4fEhyyX0nORjM88AAAAUJ4gQAgAAABFE/f2e1+DlP4Cvp4e/UF9bGzZ/wA5Kyvrxs3bN2/dvnXbW2IGNuSu2IRCIQv5SOlrZj/zZz1H8lKlShVLy+7e3ncJIQ8ePDQ2Mvz69StdksfI0JAOUGjerOnLV6/9/AOSkz/UrFmDdQN17dK5tGNUsqtevTpNsHEAbFQHj8eT2JPIiE8yWULm5m337921yHUpneaLEPLy1euXr16vcl87yWni9KlTaMdu8ofvkSrxkRBc1atX19LSIoSwiV6LMQdmUcV8a4NSjsVd1extfLzE2IaSktK2LZvc165ncy0KBIIzf5878/c5A4NGa1evZIu9ccd8SD8h7duZF/0D5Yt/9/1aVGiAp+RSUlNZWvqHqlSpUoMG+VNcTp7kqKSouHHzVvbqnbv37ty9x+Pxli1ZzAauFaMKyU5fv36njh1oez/z91kaIIyOjmETHbOhb1wZGRl37t4773WRBgxKQ9neTVgbZPORSiGvRlRelfvaUqottEhK73lG9it82foJlU0uoqNjaKKuTvEvBQKBICYmVvwGV0rPRTI+8wAAAEB5ggAhAAAAFA33h8yCjAwWzhHxMe1jfv5q1X5W0ST799//jRwzjnV2UHw+v1bNmgGBgfI6ipKSEhu48FkgKChbenr+4kDaWpLPW0n0sbKiAULvO3edJzn6+vnT8tja5k8uamdrQ6dou//g4eBBA257381/Y++fPb+oFB/T8ief1NHJ74hvoK9P46lbNm2w7FHI0pVy16O7xYO73nfu3qMAbjgAACAASURBVL1w8TJ3dtZ9+z3fvn27fetmBQUFtiKUkaHh1ctesuyWVzl/urDs7C+lU/DvtKrnt0Epa1NlCDJYWkq0WFNTY8M6d6eJ4y9cvOx18SLro4yIiBw8zOHC+TN0yA6fnz+IdsK4sYsXLZDfR/mBupo6S3/5UuqnsY7O98jQretXZLyyKSoqOk9yHDRwwJWr1y5euszmSBQIBAsXuWZlZdH5P4tRhYrEYcSwbwHCc4tdFlStWvXsufyjWFp2Fw96Xbt+c/rM2dwtPB6vVs2aqqqqbCrFkivbuwk7uixTMsqxEZU/FaG2lHYLlVFpP8/IeIUvQz+nsskFixN/Spc8s3RBWrVsMX3alFWr19InnwmOzrdvXGFzqFKl91wkyzOPHA8HAAAAZQ5rEAIAAEDRsK5/QkhSouRZrYRCIetXKmi+vp8jJCR00NARtDfNwKDRcrclt29ejfw35P6dm2dOHWfZ5NLfYWJsRBMJCQWuz/Tu26i4Ro2KOQWcFN26daGJoOcvPnxIuXnrNv2zV09LmrDs0Z0mbt66/eXLlytXr9E/f535Rblnj63fZmxsSBNyH3YpI3V1NVsba8/9e54H+KxxX6mjk99Pd/XajdDQMG4lDwsPFwqFsuyzqEtMlQQbIJWQkFhQ8bhj/urx60nfoYFBo3lzZz15eO/C+TMDB3xfvG33nv00wb47ua8KycW+CEJIcvKH0jsQVbNmDbYKVHSMrIvhUTVqaI8dM8rr3JmH97xnzZjGtm/YtIXOaliMKlQk3S26sWFP127c/PLly7HjJ+ifI0eIzgF77rwX64Lv2qXzlk0bfP559DLIz/vWtdWrCplbtUjK9m7C2oVAIMjIzJQxs7waUblRQWpLabdQWfy055lCr/Bl5adVNrlo1DB/acmYIt4vqlWr1rVL5yOH89cdFAgEU6fPEvkRTKk+FxX6zAMAAADlCQKEAAAAUDSqqqp8Pp+mn/n6Sczz4sVLltavX5YBwiPHjtNRdL16Wl449/cohxF0ss3S0KRJY5pgU3eKEAgEAYFBNC3LpHZFVU1Ts2uXzjT96PHjCxcv054+Fq2pV49vampCCLl3/wH7Ybi5eVvuzHhlSygUPnqcf/YafpukseG38nN/zF5UlStXZum0tKL9nJ+pWrXq0MGDrlw8z2ItIaFhhJD69b5Xcv8AmYZxcIejFbX3sKi4HeVBz19IzMNWo9TRqS37HGLNmjbdsM59wbw59E82hIVNsOkfEFjss10o7hCi8H//LaWjcDVpbEATjx8/Kd4edHXrTp825e9T+cE5gUBAJ0IsRhUqEmVl5VEOI2j61KkzDx4+ohdGHZ3aHdq34+bMy8tbv3EzTS+YN+eQ575+fW1L6RJRtncTbrvw8/OXPbN8G9FvreLUltJuobL4mc8zVEFX+DLxMyubXDT8FiAMev5CZNCnLPR0dfft2cn2sMp97Y87l8NzUaEKeuYBAACA8gQBQgAAACiyLp070sTefQcyM7PEM+zzPEgTfD6fO8rn57v/IL/rZMwoB5EeW4klF5GVVXgexrztHzTx9JnPq9evxTOcO39B8G32UboMmNyxyUJ37d5Hj9XXzpabwaZPb5pYu36TyJafLDNDwpCdm7e82Yi6Tp3yq1mHb8vU+fj4FrsvTLduXZYOCQ0VeTUjI+PVKwlfmUTVq1dvZ96WpunaP+rqan+0aU23rFu/kY4Jk471dBNCTv99VjzDib9OyVgeLom1ulatWiwgvf/AQfEMWVlZu/fmDw3p0rlTUQ/KRqBW/jZvalNTUzb0Yd8Bz6LuUEYKCgrNm+XPd3f0zxPiGR49fhIRIc8hjCwAv3W7hyzzUhbEzKwVG4yopqZWvCpUVGwk0MtXrw94HqbpsaNHKSkpcbPFxMSyvuwxo0eK7CSzsJF2hJDsL9myl6oM7yZaWlqsGXrs3C09c2k3ot9UxaktP6GFFqqEzzPFJn6FJ4Tk5uYmJiZ+/fq19I4rouSVreSyinKeTU1MWPrI0WPFOFz7duZLFrvQ9F8nT/999jx7qeTPRbI3PfFnHgAAAChPECAEAACAIpsxbSpn4qOZ3BFCubm5Ozx2eX9b3G7ZkkUivc8/mUbV/IWgEn6ckezDh5RxExzZn3l5eRLf9fjbaLak5GRBwSsLUn16W7Gw3/SZc0WGNHnfubdilTtNO04cX68eX9I+Sop15LFZp6y+zS9KWVrmzzLK4nA9uv/sVf2ords9Ll66wt0SEBjosngJTVt068pOprl5W+s++YHPhYtcH/04eEsoFF69dt2yl/XU6bOkzPymrq7G+ou3bvPgzigY9/bt4KEOfv4B4u+6dv2mx87dHz6kcDempqY++zZUyMgof15Zt2X5JX/56vXCRUtEFip7/z5hkevStu07PX3mQ7doamoMGzqEpvft9+R28AmFwnUbNm3d7lHQZxFXpUoVmggLD6fzHAqFQjYwUUFBwW2ZK03fuXtv0+Zt3BOVnp4+Y9ZcVr1nzZxe0FFSU1M3bNpy5+49ke3e37awr0xTU4MNOtm33/PQ4aMi/enPX7wcM26ilbUdd1bGYhg/bgxNBAeHeOzczT3Ktes3x453LPitxTFhwjg2kGKS81SRoZ8ZGRm79+5v277TAc9DdItQKNy33/P4iZMis8P5+QfQE87j8Vi1LGoVKqq6deuw5s9GAtn37yeSrTLv+1jb5A8/TNz6+nXwrDnzJO6c1UBCyNOn+SWMiYktdDLGsr2buC1dTBNBz1+sWOnOjXZ8/frVY+futu073b13X46NqJypWLWllFtooYr3PCM72a/waWmf+tj269DZonXbDgUNqJW74lU2uahapSpNsJOTkZFR6M2rbt06To4TaHr33v3nzv+wdGVqauqMWXO69bCSPs34uLGj7fv3pWmXxUtevHxF08V7Liq06cn+zAMAAADlhnJZFwAAAAB+PzVqaM+bO2vFSndCyIOHj3r2tu5paVmPr5f26dPTp89efhuJ1bVL5+4W3cq2qC1bNqehsmXLVxJCjIyaZGVlP3r0+MDBw1ICfo0MGtJ3HTt+4mNamoZG1eMnTrY2Mzv11zFFxQJ/X6WoqLjCbWlf+0E0/GZt27+vnS1dhOblq9esX4nH401xnlQ6H5fUqKFtbt6WzXTXQF/fwOCHxQ4bNWxoYNCIDatq1bJFGQ7xnDNvweUrV1u1aqmmpvr6dcily9/jhXNmzeDmdFkw/9r1m4SQlJTUseMdLbp1bdasqaaGxtv4+Os3btJFp6Kio2973+lt1augw02fNsV1iRuNjljb9h/Qv6+SkpKvn39BU8KG//svXe7owMHD48aObvtHGx6PFxkZ6bFrLx3HYG7els2DamxkOHqkA13X7bzXhX+ePu1u0a1Rw4afP3/mfvtLl63wvpW/9KPjhHGnTp+h6YlOk3t0t6hfv967d+8fPX5SaDRaRH1OvNlh5Fgrq56PHj8JDg45duRgxw7tCSGdO3Xs1dPy1m1vQsieffvv3X/QqWMHbW2t+HfvvO/cZat2uSyYV7tWrYKOsmLVGrpupbl526GDB9WvX08gENy8dZsNdhwyeCDLPHzYkJOnzoSFhxNC3Neuv3Dpcntzcz2+bmJC0pN//mFXib37DrgtdS3Sh+Wy7tN73YZNtPzbduy8e+9+y5YtBIKMJ//8wz6UHFVWV1/htmzajFm0UXfv2bt/PzvDJk0UFBQi37xhwzvWbdjUt69t7Vq1/j57bsOmLYQQz0NHJowfY2RoqKCgEBAQuGvPPprTccI4tvNiVKGichg2jEVQ6PBi8Qn6atWsqa2tRWv41OmzFs6fq62tlZr63/UbN/86ebqgPdesUYOlFy5y9fXzS0hIvHXbe/q0Kdw1F8WV7d3EolvXLp07PXz0mF7t/3n2rEd3i3p8vfj4d+cvXKRVyGXxEt+nj+XViMqZClVbfkILla54zzOyk/0K//TZM/oUIRAI9h84uGfXjpIfvVDFq2xywSbNjoqOHjFqbMsWzc+eO5+VlX3P+yb7yYhEkyc5nfjrFP12Fri4Xrl6vU2b1poaGpGRb9gqsB679m5Y5y5lJ6tWLP/3fxHBwSGEEMdJk69dvkiv28V4LpLe9Ir0zAMAAADlBgKEAAAAUByjHEZUUq60ZNly2jfB4hzMsKFDFi0sxR90y2iys5PXhUu0G2vu/IXcl3pb9VJUVKDdKyJGj3Rg3egsahUQGBgY9LxNazMphzM1NTl54tjsufNp1ww34kW1NjPbuH6NhkbVEn+yAln3tmIBwv797MQz2NlYs9Fp1mU0vygt24WLl7mrIVI8Hu+Q5z4TE2PuRl3dupe8zs6Zv5B2Soq/ixAyxdmp14/DJUUMGmB/9ux5OtwhLi5uu8cu9tIfbVr379+Xhg8ZRQVFI0PDsPBwgUCwc9cekb1pa2tt2bieGzBe5DJfQ1OD5kxISBTvsuTz+Xu/LSlEVzXbsM59gcv3YUnck3DsyEHXJW40wFYoY2Oj1mZmdFhYVHT03n0H6PY9e/fTACEhZPOm9Rs3bqGdkmHh4eJ7dlvmOnLEcClHYSsq+fj4sjrGzJw+tf23Sc8IIUpKSkcPe7ouc6NNKTg4hPZvcnXt0lkkElxUSkpKe3d7THB0pt2XL1+9fsmZKnat+6o3UVFsPJ9c9Onda/vWTYuXuNE+X7rSp4g9u3bQEJG2tjaPxxMIBHFxcctXrBbJ1r6d+ZTJP/xWoKhVqKg6dmyvo1ObhbKGDxsiMdtil4X0ahkcHDJ67ATuS3PnzDpy9Jj4eloKCgrTp02hE3UKBIJj32Z89di5e5LjROkL8pXt3WTr5g2LXJfRsF9ERKTInLStzcy2bF7P/ix5Iyp/KlRtKe0WKl3xnmdkJ/sVnjs6sxir6xVbMSqbXNhY99m0ZRu95nNPzum/z05xdpLyRg2Nqn+fPjFj1lx6YXn46DH9OQIzYvjQRS4LpB9dXV1tz84dfWz7CQSClJTUGbPnHjvsqaysXIznIulNr6jPPAAAAFA+4O4OAABQ3qipqUveriqt002EqqoKSysoKIhnUFBQGD5syN3bN+z792UrM9EehK5dOnvu3+O+ajl3LiMuXuXKErcXKZuKioqUV5lGDRv+feqEqakJd2PzZk13eWzb5bGNTa+nrPTDr6Y6dmi/xn0lWySMEGJg0OjIoQPi0UHxs932jzY3r112cpwgctA/2rRestjl5Imj9evXK6i0qrJ9KOkse+TPIqitrdVPUoCwX19b9tFYZomkLDajqir5JRnXp+Hz+YtdFv559FCnjh24G4cMHnjr+hWJUVhTU5NLXmdnzZjGlp2jtLW1RgwfevP6lblzZknvulJWVj554tgUZyfuN9uqZYt5c2cdP3bYoltX7rqAhJDGjQ0uXTjrtsxV5Ig8Hm/a1Mn3vG+KDL5UUVGZPXP6+bOnLS27i4wqMDdvu9Z91a3rlw0aNeRuHzjA/uyZk2xpK1rTxo8bc+3KhZYtmkuM70qkoKCwfesmkZXPRo9y2OWxnf1ZWV3dbZnrsSMHLbp15RaPz+f3tbO9dePK6JEO0k/gzOlTb924YmPdW+TTtTYzO33y+IzpU0Xy16ihvW/3zs0b15ubt+Wecx6P16un5ZFDBw557qtaVUKwnHv9KejzsnSzpk0vXzxv3ceKHUJbW2vgAPtTf/05ZPBAi65d6EbZL4CFNkNbG+vbN68OGTyQe+mj392sGdP8fZ6wDtmelj0e3vceP26MSE4+n79pw9qjhz1FZkEsRhUq0qdTUlIaO3oUTTfQ1+dWPK7+/ew2rHMXKYClZffLF85NcXYaPGigxJbu7DSRzfhKWXTrevvmVfF4j8jV4yfcTaSoVq3anl071rqv4q4Ly+Px/mjT2mXh/JMnjurp6rLtJWlE8r0FS9+njMeSnk1KM1RX/37jK+3aIvLektSWkt9ki91Cy/B5hirwyZCzXfYrfLeuXdigND5fl8hASnXiLm0oqYTfK0DxKtu3AhT/oUVbW+vwwX3cJwRtba3lbksmOU4QySl+ng2bNLlw7m/nSY7c6Ry0tbUsunXdu9tj1Qq3yuqibxFvBbq6dQ8f3EfvcT4+vgcPHaHbi/FcJKXpFfWZBwAAAMoHhWLPUA8AAADAZGRmxsbG1tCuIT5h3S8iNTX1bfw7FZVKtWvVql69uixvycnJefs2/suXL3Xr1pHS4Sh9DzGxsSoqKrp16+Jn1wURCoVv3kRpa2tpaUmbqkvkLTGxscIcYfXq1YtX5RISEpM/JBs0MpA+WkXkiJkZmXp6epqaGrK85b///nv/PqGqRtUa2jUKPYpQKIyKitbW1pKxchbk48ePiUlJ6mrqenq60qtcampqUnIyX0+PG7orwoHS0mJiYqtXq6arW1eWtb7y8vLev0/4lP6pmma1mjVrlMbSpHl5eW/j4wkhfD09ue+8IPTSp6KiUkO7hvSRwZmZWdExMUqKinw+X8ZaV6QqJHdCoTAxMSkxKUlDo2odHZ3KsoXiMjIz38W/U1BUqMfnV6pUqRjHLcO7iVAojIqOUVdTq1u3jpSwHFPCRlSeVMDaUoYttBjPM0UlyxV+gYvrufNeG9a5DxxgXxplKEjxKlvJ5ebmJiUlf0z7qK2lXbNmDRneIYpW11L61or0XFRo0yvGMw8AAAD8phAgBAAAAAAAAAAAmYSFh9vY2fN4vKeP7yNADgAAAPD7wi/ZAQAAAAAAAACgcJ8/f3aeMoMQ4r5qOaKDAAAAAL81BAgBAAAAAAAAAKBwb+Pj4+LiHCeOt7O1KeuyAAAAAECJYIpRAAAAAAAAAACQyctXr5s1NZVlqU4AAAAA+JUhQAgAAAAAAAAAAAAAAABQgWCKUQAAAAAAAAAAAAAAAIAKBAFCAAAAAAAAAAAAAAAAgAoEAUIAAAAAAAAAAAAAAACACgQBQgAAAAAAAAAAAAAAAIAKBAFCAAAAAAAAAAAAAAAAgAoEAUIAAAAAAAAAAAAAAACACgQBQgAAAAAAAAAAAAAAAIAKBAFCAAAAAAAAAAAAAAAAgAoEAUIAAAAAAAAAAAAAAACACgQBQgAAAAAAAAAAAAAAAIAKBAFCAAAAAAAAAAAAAAAAgAoEAUIAAAAAAAAAAAAAAACACgQBQgAAAAAAAAAAAAAAAIAKBAFCAAAAAAAAAAAAAAAAgAoEAUIAAAAAAAAAAAAAAACACgQBQgAAAAAAAAAAAAAAAIAKBAFCAAAAAAAAAAAAAAAAgAoEAUIAAAAAAAAAAAAAAACACkS5rAsAAAAAv5a79+7PmjOfEKKvX/+S19myLk65de/+g5mz5xFCWpu1Onxwf+kdaPOWbUf/PEEImeQ0cerkSaV3ILn4vUoLZeXZM5+z572qVqnq5DihTh0d8QwfPqT4+vlHRkampv5Xrx6/S5dOjRo2LIuSgjwdO35i0+ZthBAb695r3VeVdXEACpGamtqthxVNe9+6VqtmzbIu0S8qJSU1LDxcfLuWllbdOnU0NTUKeuOr168dRo0jhFStWuXJw3ulXMxfRXp6+qXLVyMiIv8XEREVHa2upq6vX3/TxnXVNDVFcgqFwvadumZlZRNCvM6d5t4Hp8+c/eDhY0KI29LFAwfY//QPAQAAAL8KBAgBAADgBzk5OQKBgBDy6VN6WZelPBPmCOl5joqOKdUDZWVn0wMlJCSU6oHk4vcqLZSJ+Ph3DqPH0bSvn//Vy14iGc6d91qxag2tSNQS4oIAYTmQ9jGNfq3cLxfgl5WX972u5uXllXVxfl0vXr50nDSloFd5PF7TpqaTJzl27tRR5KUMQUaFuhrk5eVduXptlfvalJRU7vao6Oi83Fzx/Lm5uSxnrvCHDMnJH+ip+/LlaymXGgAAAH5pmGIUAAAAAECe/AMCbezshwwbmZOTUzELUKpCw74PNAkLD8/Ozua+evfe/QUurtwuY21tLX39+j+3jGXv2PETVtZ2K1evKeuCAJSB8n0NrGgEAoGPj+/Y8Y4jR4+LiYkt6+KUpZOnzsyaM5/F/IwMDXv1tBwzeqTzJEcNjQLHWQIAAABIgRGEAAAAAADy9OyZD50t7evXHGXlMnjeLvMClCpDw8YsbWDQSFVVlf355cuXpW4raNrU1GTt6pVGRoZKSkplUcwyduPm7YiIyKpVqpR1QQDKQPm+BpZvjhPH0wtXjlAYH/8uOjomIDCQvvT0mc+UaTO9zp1WUVEp62KWgXfv3rMbnLl52yWLFpqYGJd1oQAAAOC3h2dlAAAAAAB5io17W8ELUKr4enp/Hj107ryXRlUNx4njuS9FR8ckJCTS9M7tW+vV45dRGcteREREWRcBoMyU72tg+TZ29CgdndrcLWHh4StXr/Xx8aXp7R675s+dXXYFLDMnT52mCW1trb27PDQ0qpZ1iQAAAKA8QIAQAAAAAECeokt5XclfvwClrUP7dh3atxPfHhUdTRNGhoYVOTqYlZUlskIVQIVS7q+BFYqRoeG+3R69bfrS33/8efyvihkgZNNrT3GehOggAAAAyAvWIAQAAAAAkKfomOgKXoCykpScTBMVcNFBLjaMEqBiqrDXwPKqatWqM6ZPpWmBQJCYlFTWJSoDL1+9oolGjRqWdVkAAACg/MAIQgAAgN/e1u0e2dnZykrKgwcNqF+/nsirAoFg1559mRmZhkZNhg0ZLP527zv3/AMCCCH9+toZGxmKvJqRkfHMxzco6HlA0PNKysqmpiYdO7Tv2KF9QYVJTEz09fMPDgkND/83Nze3SZPGRoZN+vTpXVldXSTnAc9DKamprc1a9bTsQQiJfPPGPyDQz88/MvKNgYGBibHRAPv+mpoahX78kuwnNzfX19cvODT09euQ9+/f16pV08TYuH37di2aNyvocBkZGf889QkNDX31OvizQFC/Ht/Y2KiHhYWubt2C3hL0/EVAYGBAQNCbqCjDJo2bNWvWp3evQj+X7GeSysnJefT4yctXr/38/D+lpzczNW3a1LRfP7tCDyQiMzPrmY9PaFh4aGjov/+L4OvpmZqa9LbqJV43bnvfCQgM0qlde9TIEUpKSsnJH/z8A/wDAoKCnuvo6DQ1NbGy6mVQQDeWvEpLYyH+AQEhoWHBwSHZ2dnGxkbGRkYdO7SX+I1EREQGBAWFhYa/iYqiy9QZNmnSzvyP2rVri2cuatXKzc39kJISFxfHBm8FBgWpqeWvkFetWrVGDX84G0nJyX5+/qGh4SGhofHv3hkZGpoYGw0cYF+jhrbET5qbm+vn5x8SGhYcEhIZ+UZPT9fY2NjUxLhzp46KiorFKABFLyAKCgrdLbr90aa1xEMLhcJDR46lpKQoKChMGDeWW0LZT2nQ8xc3b90mhDRooD908CAJJ/zg4ZSUFEJIX1sb6UsrnT3nFREZSQjpZdnDzKxVXl5eYFAQISQmJpZmSEtLY8tWEUIa6OtraWlx95CUnHzo8FFCSCVl5aFDB+vp6ko8UEpK6rHjJ7Kzs3mVK0+bOllBQYG95OvnHxwcEhoWHhsbW716dRNjI2Mjow4d24u30AsXL9Pl0Lp16dyunbnIqxmZmTs8dhFCVFVVp06exNbWou1LVVXV2clRXV0tISHx8JFjQc9fpH1Ka9igwfhxYyR+WTk5OQmJiY+ePKF/pn/+zD0Penp6tWvVKurOC62o167fpD3XzZqa2lj3Kehbu3rt+qvXwYQQOxtrU1MTtr2o17oiiYiIDHr+IiQ0NDg4NCs7y9TEuEWL5gPt+1eqVImbLSMjY8fO3YSQDu3adenSKTc398bN25evXH0TFaWpodmuXdspzk5qamph4eEXLl5WUFAYPGhAwwYNMjOzTpw8+eTJ07i4t7q6de1sbQYNtJf9vDEluYvFxMReunwlIvLN+/cJhBA+X7dzp05WvXqqq6sVdE6Kd5vOzs5+5uP75MlTP3//mjVrdu7ccdiQwfQ0Zmdn3/a+c9v7bnx8PI/HMzY26typY5k8JxTpGpienu518VJ42L//i4hUUalkbGzUpHHjnj17VNPULKjkXIVekCW+xT8gMCjoeUBg0MePaaYmxs2bN+trZ1PQOqlFrb39+9kZGRoKhcKXr14HBAb6+voXehShUHjt+o3AwOdvoqKEQqGamlqTJo3797Vr0qSxeGYmLDz8+YuXwcEhUVHRampqJibGzZs169G9G/cKKXdNGn8vUkREJL2UFaqoz2x5eXn+AYGhoWEhoaEhoWGV1dWbNWvavp15d4tuEvPHxMReuXotIvJNdHR0zZo1jY2NjI0Me1r2kHi2i3ete/fu/fuE9/R+RLd8+JDCvbBzKRAFM7NWMpwYAAAAgHwKeXl5ZV0GAAAAKJGJTpPv3X9A+4Y2b1wv8urJU2eWLFtO0/88uifSa5+VlWXa3Iymz5w63trM7NZt78lTZxBC+Hz+3t07nKfMiIuLE9nn6FEOi10WiHRREUK8Llyct2CReAn5fP76tavN2/7B3WhlbRcREUkIeRHou2+/5+69+0XepaNTe5fH9pYtmkv/+MXeT2JSksuiJQ8fPRbf55jRI+fNmVW5cmWR7S9evpo5e574CSGErF65fOiQQSLdgkKhcP2GzQcPHxHJzOPxLLp1vXL1Gj059+/cFMlQpDNJCPnvv/+mz5zz9JmPyPYG+vo1amj7+QcQQkYMH7pqhZv4PrkCA4PmzHeR+AEXzJszyWniDx95zbrDR44RQo4dOZienj51+izxd61f687tMZdvaQkhXhcuzVvgIvGllcuXDR82hH0jX7582bl7767deyVm3rDOfeAA0XIWtWo5OU+9c/deQUW1se69Y9sWms7Lyzt3/sLK1WsEAoFINh6P57F9S9cunUW2JyUnL3RxlVhdzc3brl+zis/ny14ALpfFS/4+e54e2u/ZY1VVVfE8167fnD5zNs3z7MkD2jSKekoPHj6yZu0GQohFt66e+/eIv4Wd8O1bN9naWBf0QQghw0aMovVkl6IHvwAAIABJREFU9crlw4cNEQqFTYwLDOoTQjy2b7XuY8XdIhQKu1hY0pF2vXpa7tm1Q+IbV6x0P3b8BCGkU8cORw970o3JyR+WuC339r4rnp/P52/dvKFVyxbcjewSvchl/sTx40Te8t9//7Ux70jTTx7eY4tvcdtXjRra1rb9ue+aOsV5zqwZ4gVo1MREfCNDT5fsO5exot64eYs1/4f3vCX2vL9/n9Cpa3eavnj+76ZNTWm6SNc6j527t+3YKaUyc2VmZm332HnA85D4S6amJju2buYOM01JSW3bvhMhpFXLFmfPnFzg4nruvBf3La+e+1euXJndH6dNnTzJcYL9oKG0xlL0vcVo4MW7ixV0f2EHYulAv6fKyvm/DC7ebfrxg7szZ88TiUlY97Hy2L41ISFxgqMzDYFzjRg+dNmSxT/5OUH2a+DNW7fnL1ws8Qtas3qFjXUf6bEuWS7I3HpFCLl62WvT5m30UiCSf9uWjbVq1uRuLHbtPXhg3+y58x88fCTLUV6+ej1n7gI2M7PIeWDp6VMns9Ves7Ozt273kFiwTh07rF61nK+nJ/5Soe7eu+84aQpNcy+DXIGBQYOHOdD08WOH27czJ4T4+PiOGDWWFvhlkJ/IW4r6zJaQkLh4yTLxs0cI6Wtnu2rFsipVqnA3btux02PnbvHMRoaGa9esat6sKXdjUZ/rmF27927ZJvkOJVHkvyEs/fXrVyPT/PvRjauXGjc2YC+J3EZl3z8AAACUM5hiFAAA4LfHhqPd9r6bk5Mj8urVa9dZ+u490Z4pX19/mtDW1mrZ4odO7bi4OBs7e9axoq39ffzNsT9PnPjrlMiuFri4sr4PHo/XqWOHTh070D6muLi4ESPH+PiK9t1Q/QcMYb1+3KMkJCQ6OU/JyMyU4RwUeT+vXwf3tLJhvXtGhoa9eloaGDSifx49dtzJearI76j+Pnt+wKCh7IS0NjPr0d2CdWMtWbZ8z499l0KhcKLTZG7vLZ/Pb6CvT4d10uigREU9k+/evbftN4AbbzMwaETPQFR0NO0AksWmzdsGD3NgH5DH43FP44ZNW25735H4Rtely1l4gMfjcTsWFy5yDQ4O4WaWV2kJIYtcl3Kjgzwez8jw+zDHZctXHjn6J00LBAL7gUO5oSxtbS1uORe4uM6dv7CgA8lYtdg4Fek+f/48wdF54SJX1jfNLYxAIBg/cZLIFJHBwSGWvay5ndEN9PVZ3fPx8bXpOyA7O1vGAogYPdKBHfrWbW+JeY7/dZImHEYMo9HBEp5S+VJUVGSNVyJlZdHBHEpKSizgfeu299v4ePF3ff78mUYHCSFjx4z6P3v3GRbF8QdwfAEV9SxRbFEPEY1gNzZi7IqoKPbee+/d2FvsMdbYotHYG8aOvRt7RzGgCBZAISKixHDwfzEwbu7O8+j+5ft5eDHszu7Oze3t3rO/m9+Igqfnvdou9dXRQREJEPz9/Vu0artl67YEvBp9jx759u47UG9hEdVzXjX1W5DAnZt/otauVVN+Ltx3/2H0QLvcd4tCqZIlZHQw3neNT/L29nFr3EwdxlCHHO7e9ew/cIhOpzPc8GVwyOYt2/Sig1qtVu/3Ii9fBo8dN1EdHVQUpWhRx/h9wKU43cWW/bJC3l8cHRxatmjmWr+u+kBC+vTWMtYV7w6vUr2WiA6qT7ADBz1Onz6rjg6q27xp89bNBh+EpP6eYOY10NPzXr8Bg+UbVOk7J9mM8PDwwUNHvHwZbGJzMy/Iels1cGsqo4Pql3Dx4qUJk6aoa8b77L1+42bjZi1lfMv0UYJevOjRq4+MDrrUcW7Vsrn8cUO4SubMMVGx16/DmrVoIxum1Wpr16pZrmzMj8zOnjvfwK3pq1evTHRdQsgZ+PRGE35MXL+zeRw+4lK/oTo6qO72PXv3LVy8VF1/0+atMjpoY5O9erWqcuD1fS+vsT9MUFdOyLWuYMGCn3yxAAAA8UaKUQAA/u/VrFFdFMLDw69dv1GxQnm5Kjg4RB2JOeRxWO9nwvJxVYP69Y0mRKpdq2bvXt1LliiRLl06b2+fwUNHiEeBP/28qFXL5vKZ6bHjJ+QT1RHDh/To1lVmHps7f4EYqjJu/KQD+3bLBHqSeD41Y/qU6lWrfv11Hp1Ot/rXtXPm/STav3HTlp7d9cfcGGX+fnQ63Q8TJomHg8WLF5sza4YMLF2/cXPAoCEBAYEX/ry4Z+/+xo0aiuWBgYFjfhgvyo3cGk4YN0ZmLNyx03302HGiTxo2cJVZXvfs3ScfIDo715o5farYJCwsbNac+R8LIcSjJ39etEQ+bh42ZFD3bl3Sp0+vKIr/kyeDBg+7dfuOOb2nKIqff0x6xubNmvbp3cO+YEG9ncyYOadWzRqG54l4ANe7V4/GjRp+U7iwhYXFyVOnBw8dIXp4/oKFa1avkJUTq7WnTp/Ztn2nKH9bpvTsWTPsCxa0sLCIjIz0OHzkx1lz0qZN17JFM1Fh2fKV8hF27149evXo9tVXX4lRTRMmTRGfgt1/7K1ft66zcy3DY5l5av04fergQQOePHnarUdvseHe3TutYx9YZ4p9sG5llebO3bsxPTB0cLs2rbJly6Yoyp9/XuzVd4DotIWLl8ycMU3UiYqKGj9xsnyWPXXyxKZNG4uMZH5+/r+sWLlt+86xo0daW1ub2QA9xYoVdXKqePHiJUVR1qxd59awgV6Fv/7yFmsVRWkXewFJYJcmLgsLi4P7/ggJ+XvtuvXLV6wSz+tXLF8iK9gVMDIlYdPGjaZMnSHKW7ZsHzFcfwjs3n0xUXytVlutahXxXkycPFW+F/Pnzha5HHU6nee9ewMHDxefhXETJteoXt3oIJh4mDRlmnim3L1bl8KF7MPCwvz8n1SpUtlo5aOHD4SFhR086LFg4WIRN1q0cL5cm8Mmh/k7N/9ETZs2bft2bUWi1PUbNvbt00vvKqHT6db9vkGUO7RvKwoJuWt8ki5KJz62efLkHjl8WP16LtbW1lFRURs3b5k8Zbp4gr9334EmBmmN/f39xZj7KpW/d3Wtp8mY8fFjP8MH9PIC3qZVywoVykdHR/n4PBKjVOP6AVcz/y727NlzMZhSUZQfZ0yVOXtDQ18PGTZC3HpKlSwxZtSIwoULi7cjgR1eqmSJSRPHlyxR3MLCYt36DdN/nKUoStcevcTaWT9Ob9a0sZWV1ePHfgOHDBO/C5k3/+cWzZom5/cEM6+BC5fERHqqVP5+4YJ54toVGRl55OjxLVu3NXJrkDOn/idFMv+CbLhtQTu7H8aOKl+uXJYsmUNDX0+YNHn/gUOKohw9evzGzVtyHGS8z15xApt5lMVLlomUlcWLF1u98hc5uPDosRO9+8bM9jdp4rgK5cvLnyMsXbZcXPY1Gs28OTNd6jiL5YFBQcNHjL7w58Xw8PC58xbMmD7FsGEJ9Co0dOHimBPexia7OvZpVDy+swUHh4i3tVzZssOHDS5frqyVldXbt28nT50hzts1a9d1aNdW1NfpdLPmzBMb9u7VY+jggeJkDgsL27Zj57HjJ8eMGiEbk8CPnmv9ujVrXAsKCqpVp55YMnXyxO++q6iuc+/e/cFDRxhuCwAA8GnRAADg/1+nLt3tvylq/03R2XPnq5dv37FLLJd/f//9t1yr0+kqfFdZLD9/4U+x0OPwEVn5p58XRUZGqnd47/59ufbq1Wti4bt376rXcpGbGDavS7eeYu0u991yoUv9hmJh9Vouf/3lrbfJgEFDxNpOXbqbfu3x2M/WbTvEwpJlygcGBeltcvXqNbG2wneV5cJhI0aJha3bdtDrk+jo6OUrVom1I0f/IJa8f//++6o1xMI+/QbqdDq9TWbPnS+bLRfGoye9fXzkO7L2t/V69d++fde6bQexdvzEyaZ7MiQkZNWva65dv6G33MvrgTzEo0e+cvm0GTPlco/DR/S2+n3DJrlW9lhitTYyMrJ2nfqiZtsOnSMiIvQq6HQ62ec+Dx/Kg65es9ZwV/Ik+b5qjXfv3slV8TtF1Yd7+/ZdtDH3vbx+XfOb/5Mness3bd5qeO7t239A7vD0mbNGeyOuDdBz5OhxucmNm7f01k6ZNkOs6tW3v+EhzO/S1WvWioXde/Yx2gzZ4Xv37TfdYHmebNq8Vb18/YaN8qww54XP+HG2vBTo9VVUVJRsz7r1G8TCXe67TXTUq1eh8lM/bMQoubx7zz5i4apf1xi2ISQkRO7z+fMAuVz9+SpZpvyTJ0/NeUXCtu07xYbNW7YxWsHMnZt/ovo/eSJ3ePLUab36J0+dlscKf/s23neNRYuXioUDBw/9ZCccP3Fy85atb9680Vs+cPBQsZPhI0fLhS9fBqtvlD/OnGN0n+r7o/03RY8eO260Wpw+4PG71BzyOPyxT9OTJ0/Fqtp16suFCbxNt+/YRa8nu3bvJfth5apf1avU3xPkxyQ5vyd88hpYskx5sdbz3n3DtabF6YKsPq+6du8VGvpaXfPdu3fyO9gvy1eqV8X77DX/KPIeangp+2HcRLHqkMdhufCvv7zlUc6eO6+3SWjoa9mrvr6PTXahEceOnzB6GRQePPirZev2soL6Vfz550V5bVFvEtfvbOKN27R56yGPw3pf2CIiImQHbt+xK6Y3vH3kcQ2/4KnF78w3SvbAnxcv6a26dv2GXKte/v79e7n8wYO/1Ks+dhsFAACpDSlGAQD4Esgso4cP/ydD4IGDh0RBZhE8eepD9qR79+6L349rNBqZGUnSarVDBw/UGwji6OAgkmQqiuLn/0QULl26IsbNaDSa/n17GzavV8/uouB5777h2pHDhximB3StX18UvH18DDcxyvz9bN6yVRQGDeynNyWPoihly34rUmYFB4eEhISIoZm7/9gr1o4dM8pwCF2njh1E4eatW6Jw5uw5OU5u0MD+evPcKIpStkwZw5cQj54Us8eJ39S3ad1Sr36GDOlL/ncWHBOyZcvWo1tXvenTFEUpUuQbORbqsZ+f4Ybt27WRIwkkF5cPS549f564rb146bJMjDZsyCDDsRqWlpayz93d/5AHbd+2jV5NKyurAf37irIYOWp4uMQ6RSWHIkW6de2cP18+veVyZrLg4JA3b96I8rr1MVkuK33nVNXYuDGjY3/jpGaNajJPpl724PDw8HXrY8Z+de0Uk2Yz4V36mZCj2cLDww8cPKhedfXadZlAsknjRqKw/veY98KljnPpUvqzHmbNmqVfn5iP7e4/9oaGvk6sdk6ZNN7oxH5JvXPzT9T8+fLVrlVTLNyydbte/U2xl9zWrVqIsVYJvGuYo2aN6m1atzLMuVrHubYo+Pg8NLphQTu7oUP0064aat6sqXzJeuL0AVcz/1Lj8/CRKBheM+W7+cjXVya6TGCHt2vbRq8na9WsIcvNmv5nDktHBwd5PZEJHj+T7wl6PD09zaj1H/G+IM+cMTVLlszqJenTp28Q+xL07q3xPnvNPIpOp5P3UEeHIno7kUmAvbweyIXyW1DNGtUrf19Jb5MsWTL36NZFlB/89ZfRtplp34EDO3e579zlvmXrtjnzfurRq2+9Bo3k/JdOThXlhIgfE4/vbOKNa9umVV2XOnpf2Kytres4x3yfkZ0WGfmvPJZ/7Jdho5LhWgcAAJAQpBgFAOBLUDP2Ud0jX9/Hj/1EBqRXoaFiMpVqVau0atVCTKblcfiITEv1Ib+oa700acz9VmBrqxWPSAIDYwJgPg9jHlTZ2RW463nPcJNXr0JF4cEDI4+NLCyM/GLp66/ziEJAQGB0dLScQskEM/cTFRUl81hqMmqu37hpYp+PfH2zZ8/+6JGvXKKLjDSxibe3T2RkZJo0aR4+inl66+jgUNTR4WP19cSjJ2UMo1nTJiJXZ1IoUKCAiHcGBb0wXGv03clhYyPLL4JeaPPnT8TWynekoJ1d+XJlTVd+4O0tCs2bNTV6UIciRYoXLyZy4j165Ctz9kqJdYp+Uu7cuWQ56MWLTJkyiWxyYkn7dm0TfgijrKysunfrLJLX7dzlPmrEsBw5Yt6+fbGTmBYuXMjJKSanWcK79DNha6t1qeMsZl5cs3Z982ZN5SoZKO3cqYN44B4dHS0vHa1aNje6w0ZuDSZOnirKfv5+JbOaG543wcmpYtMmjRO+n0TcudETtX27NseOnxBzOgYGBeXOFVMnICBQTtnYqkVMvyXwrpEQuXPH/Nzh6bNnRivMmD7lk1cnjUYzbmycp9g02m9q5l9q5BxsT5/qv4q3b9+KQp48ueWPJxK9w/PEdqPebLVCAVutCIoEBgUlSgMS9yL8bZnSZ8+dFzPD+Tx81LZ1S/VMoqbF/4JsrHl5Y6O5H5uWUs8nz14zj2JlZeXo4CBeS0BAoEyzGVMt9tudre2H5TLs9/XXeYx+C3odFiYK3j4+MpAZDzNnzf3YqiqVv58z+8dP/iYmHt/ZTO8wb+yZJr/3FrK3l2vdmjQfPXJ4wwauWbNmMdw2Ba91AAAA5iBACADAlyB3rlzlypYVv7A+ffZsxwLtFEU5efK0WOtav15RRwetVuvv73/4yNG3b9+KOYEOHz0mKtSr62L+seQDx6joKFGQUZ+7dz1btDL1yMz8n/mrx4QlJPpiuJ/nzwPkEjHXlAlPnjwrV7asHKuhKErLNu1NbxIYGJQvX97Hj2N+p29vb2d+a+PRk96xwwhEBC4RhYa+DgwMDAwKev48ICgw5iFvdHS0mZurf4MfrUQnbmvlr/gLFbb/VF3Fy+uvTx60kL29iGap32vTEusUjYqKCgn5OzAw8HlAYFDsw3RJzooknrnH7xDmaNLITQQIFUXZvnNn394xU4utjx0u071rF/kak6hLU0TXLp1EgPC+l9fVa9fE6OEXL17u2btPVGjfLmaIpPrdyZfX+JC7zJkzazQa8Zb5+j4uWSIRAoTfGAycSkTm79z0iSqe3efJk1tEIP74Y68cFrNrd8x40wrly30TO5lZUtw1TIiMjAwKeiGuZtdv3BALIyL+MVrZzs7IjJV6smfPbjQYYOiT/fZJRi815cvH/DBi5y73Lp06FCtWVNZZtGSZKFSsUEEuTPQOT5surSikT29ksr0P3xOiYi/+n9P3hH59eokAoaIoK1auXrFydamSJRo3cmvgWt/E7INJcUGWvRcVFfWxOnE6e80/SrVqVUSA8OdFS+bNmSmjbs+ePRez4qmHEiqKcjd2tOWmzVs3bd5q4nBP/J+a3zYzFS9ebPjQwXIMrmnx+M5muPzdu4igoKCAgIDnAYEyxCi/AqVNm3bY0ME/LVgoBhFOnDx14uSptWvVbOTWoHatWhkyfPiFQTJf6wAAAOKKACEAAF+Ihg3qiwDh0aPHO7ZvpyjKQQ8PsUqkAnNrUH/Z8pWKopw9d96ljvOzZ8/F43tFUb6LHRgUP4Gqh56GIwnUKn3nlJADJYrgkBBZNt3atGnTFixopyjKi5cvzNwkW7Zs2bNnVxTFzy8mr1qePHnMb1tce1Kn08kEbnK8TkJER0efPXf+kMeRvfv2y8eg/6mgmBsgNJSIrfX1fSwKefN8bf5BDdPJSnJkjww9JrWIiIhDHkc8Dh8R0SlD4kGkephIDpNPrhMoc+bMPbp1Xb1mraIoa39b37N7tzRp0ly7dl08QdZoNG4NG4ian22Xxk/FCuXlSJoNG7eIAOEu991ibfVqVeVIEf8nH556m4giaPPnF3uTF4H/a2aeqGJMUsf27ebOX6AoyqYt23p072ppaanT6TZu2iwqdOzQTm6VPHeNt2/fHjt+Ypf7H6fPnI33TuLH/H6Ln6+yZm3TquWWbdvFAKZePbsXsreP1EUePOghQ18DB/SV9VP8Np3iDVBzcqq4cvnSseMmiCzriqLcun3n1u0702bM7N2rx8D+/dQBHrVkuyAnw9nbpLHbxk1bwsPD9+zd5+vr26J5s/TprZ88ffbrmt/E3b9N61aFC334CY4cfajRaIxGhSV1WDEeRo8c/tVXX4nkBDly2NjaavPny2eYSNyEeHxnk7wePNi798Ahj8NG71wy4K0oSt/ePa0sLcUVTzh2/MSx4yc0Gs3E8T+0aB4zHv2zOvMBAAAMESAEAOALUatWjSnTZoj4X1hYmIgUilEd4pGEi4uzCBAePnLUpY7z6TMxkxE2bdIoTk9eDGm1MaOIunft8sPYUYnxapLQ16qI3eGD+8RzKNPkVFKODg7797qbc5T0sY8X5RRQ5ohrT6oTbf3zPg4HMur167B+AwbpzRhnY5M9X968Pg8fGY0XxkkitlY+0Xsd9olp3qysrOSIrjcffwlhYTHzgdlkz5aQhpnpwYO/OnTuKp9NC1qtNlfOnHKmJSFrlg+jlN68eWMiIJdw7du1EQHC4OCQo8eO16vrIqeO69ihnXxi/nl2aUL07NFt+MjRiqLs2btvzOgROWxsREJmkV9UVvsqa1ZZDn/7Nls246/rVeirmPpmXFs+c+afqEKzZk3E43J/f/9Lly5/953TuXMXRFxBo9E4166l2kmS3zUOHPQYOHioeolGo8mVM6e1tbXMEplE4tpv8TN1ysT3//4rgtkrV/2qXqXRaBYumGdfsKDq6Cl8m07xBuipXavmqeNHjx0/vvuPvTLduhhQ+OTJk4UL5hsdj5hsF+RkOHsdihTZtmVDA7emMj6qXuvsXGvCuDHqJQXt7ETM7Kd5c5xrG599M1E0cmsopz2On3h8ZxPDK2fPmS9ugpJGo9Hmz/8q9JVhDlhLS8s+vXu2aN5s3/4Df+zZKzswPDx89NhxERERYo7bz+3MBwAA0EOAEACAL0T+fPnkpF/nL/wZGRkplru61hOFEsWLi/xv7rv3/Dh96tFjJ8Tyui51EnhoOcLm/yI/Us6cOT7kAHzsV8aMh/gy49x9Ly+dTvfJ+W8URbGNndDIzImFhHj0ZOHChUQCK6OzA5ovNPR1uw6d5XCxnt27VqlSuVTJEuLFduvRW8xnaaEkaKa9xGptIfuYB98ylasJxYo6Xr5yVVGUgICAj9V5FjsupFChJEznKHh63mvTvpM4AwsXLtShfdvK31eSj/ILFSkmCuLxdP78+eSGT58+Uz/xT3TqCfl+W/d7hfLl3XfvEavatWmtrpnALjWRTC9F1K/nMnHyVPGObNu2o3jxYuJjq9Vqq1apLKvJ57yKogQFBsln0Go6nU5+5A0zVSZszFhyi9OJKuTKmbOBa739Bw4pirJ1+87vvnPavHWbWNW5Y3v1L1GS+q6xc5f7qDHjRLl6taqNG7lV/r6SmFnz+o2bphP9JVA8+i1+Xrx4ef36DfEzjpw5cvo/eZI5cyaHIkXKlf22Y4f2YuJMKcVv0yneAEMZMqRv2MC1YQPXsLCwA4c8Fi1eKj68+w8c6tOrpzprq5Q8F+RkO3vPnDknCqVKlgh68SIs7E0h+4KFCxdu0ayJk0FiiaJFHUSA8DMfFB6/72yKooz5YcLOXTHRxPbt2tSuVbNChfIZM2RQFGXV6jWz5sxTFMXSUv9jmyOHTZfOHbt07vj06bNd7rt/XrRELJ8z76d2bVtbWlp+hmc+AACAmpG5vgEAwP8ptwauonD69NlDHodFuXbNmB96W1hYNHJrKMrHT5yUP5mvXPn7BB5X5OFUFOXK1WuhoZ8Y0fU5KBI7D9bZs+fMqV/A9sOD/itXzRr/kffrmNSXdz09dTqdmQ2LR08WsLUVhXv3EzSq4PiJEyI6qNVqD+3fM3BAv2/LlDbzsZr5Equ19rEBwus3buoN0zFUpMg3oiAz7+kJDw+/eu26KBe0i8OckfHz2/oNInjgUsd5987tHdu3M/GU2crKqnDsLHF6gzuTQtcunUTh8pWrs+fOF2XX+nX1pmiKX5dqNBpRCAyMz0xsScfa2rp37IR5v2/ctGFjTErMHt26qKfStLa21sYG/v+8dNnorm7evCXLdgVirhuZM8eEaoKDg5PmFSSJOJ2okowl79m7z9vbRybYbNmiubpakt41oqOj5dk7asSwNatXNG7UUMRXkkH8+i0exo6bIEI1+/a479/rfuv65XOnT6xZvaJ/vz560cHP4Tad4g0wIXPmzK1bttj3xy6ZAdLz3n2jNZPhgpxsZ++1a9dF0Ktb187uO7edO33i1vXL7ju3zZ39o2F0UFEU+9hAl3rA5ecpHt/Z/Pz8ZXRw88b1UydPrF6tqogOmilfvrwDB/TbviVm9Hl4eLjIMv05n/kAAAAECAEA+KLUjk36dPL06QMHPcSMJurnSnViM7zNmvPh0X+cnoAYVaJ4cfHoPzw8fMWq1QncWzKoXq2qKCxYuDjoxaeHsmXIkL5C+XKiPGv2XHPGP8kIVkBAoOEEQu/eRYi5o/TEoye/iQ127tzlHhKiHyp78vTpkaPHzdnPufMXRKF508Z58+pP7PfmTULziwqJ1drixYrJ8m/r1puu7FSxgihc+PPi7Tt3DCvs3LVbJlD9tkxpcxpgJqOZVE+einm62rlje72Zrt69izCsL6cIXbFy9d9//53wBpggJuQTZfm0tGOH9nrV4tel2vwxI/Due3mJNMhqfn7+z59/dDxiUmvdqqUoBAeHiMGyYo4uvWrVqsYMKFy+YpXRN2vF6phMj1qtVmbJK1AgJi5+7doNw02uGluYWIw20kxxPVGFihUryDDqD+MniUL1alVtbbXqakl613j82E/+bkCdJDa28e8S93B64tdvcRUZGSnvLFevXv/3339N10/x23RKNcD8a2C2bNnkxdbEHHsJuSCbI9nO3gsXL4mCt7fPk6dPP1Vd+T52hryLFy+ZHyMMDw//5I94El08vrNdunxFFCqUL1exQnm9tW/N7vayZb+VP4VJnz795/DRAwAAMI0AIQAAXw77ggXFb9tljruGDeqrK5QuXUr8QN7f318sSXh+UUVRsmbNMmrEMFFesXL1mrXr9B7H3Lh5q3PXHnVd3QKDPouRQ927d5UDBXr36a+XpvLt27fLlq/hr7YGAAAgAElEQVSsWKnKqtVr5MJJE8eLwq3bd0aPHf/mzRv1Js+fB4wdN6FipSpySEGVyt/Lp+RTpv348NEjWTk09HX3Xn2MPl+LR0+2ad1Srh3zwwR1wx48+KtZi9byvTYtc6aYESfPnj9XL3///v30H2fJebOilQQlSUys1ubN+3Wv2CFfy5avlKEsISQkZNCQYTVq1xV7q1+vroxRDRw83OvBA3Xlo8dOiMk7xVx0emGMeMiUKZMsX7gQcz48fuwnB5JmyRwzi1XAfwfSvXwZ3LV7T/lvdGw+yn59e8uFffsPevnyP6PQDhz0qFyt5sLFS81vgGk9e3RT/+vo4GD4tDR+XaoenbloybJoVcLNc+cvNGzcLOHzXMZbjhw2rVr+Z4hbt66d1T0pDBrQXz7q7T9wsHo4SFRU1KLFS4/GRrgnjh8rB+DKjLhXr12TI+rEW7x6zdreffsn+suRLb/v5SWuFTqdzpx8vGpxPVEFS0vLbrHjUOV1o327Nno7T9K7RkZNRll+8fKletWdO3eHDBsR1x3GSfz6La7SpEkjP1ADBg1xLF66Ru26LVq17daj9/CRoxcsXHzw0GH1ByrFb9PJ2YBPXgMPHPRYvGSZ3rU0JCTkz9iYmaOj48d2HtcLclwl29krz5/TZ85Wr1mn1LcVGrg1bdexS+9+A6ZMnbFm7Tq9yQ6dnCq61q8ryqPHjjvz3wQMOp1u/4GDzi6u/QcOkf28dfuOUt9WqFipysDBQ5M5s3Rcv7PJqF5AYJDevdJ9955FsW9oVFTMx1an061YuXrDxs3v379XV7585ar43Gk0GvEbkRT/6AEAAJjGHIQAAHxR3Bq4Lli4WP5bq1ZN9VorK6tGbg3X/vZhxJUcS5dAbdu02rxlm3icNGPm7N179lZycsqvzRcYEHTu/Plbt2PGGC1fsWrShHGJcsSEyJghw5RJEwcMGiIeHtWqU69JYzeHIkUsLCx8Hj7cvmOXqDZrzrxGjRrmzpVLUZSijg6dOrRfv2Gjoii73Hefv3ChVs0ahezt37x5c+v2nWPHYyZ0nDBxytHDB0RXD+zfR0wj5O/v36RZqzrOtbJnz37v3n3Tecni2pPa/PmbNW2yy323oijHjp+o6+pWq2YNCwuLq1ev6z3dM6148Zgxedu278yfP3+NalUtraxu3ry5+tffEnHCocRqraIofXv32rhpi3gSN2rMuH37D5YvXy5rliw+Pg/F26QoyuKly+fMmmFpaTll0oRGTVuI98K1YZNGbg1FzEb93mk0mn59eps8plly5sghy6PHjrt0+XJAQODhI0cHDug3ZNAARVHKlCklunTi5KmKojg6FomI+OfMmbOrfl1rNEKWO1euUSOGzZn3k3j46OrWuH69ug5FirwKDT158rSIwSxavLRJIzcxUu2TDTCtfj2XH2fNlmM+unXtZFgnfl2aN+/Xjdwa7tm7T1GUNWvX3fW8V71qldDXr8+eOy8mT01ZnTp22LZ9p/y3fVv9mJaII44YPmTK1BmKopw6faZOPdc6zs622vyhr19fuPCn/HhWr1a1Vs0aciuXOs5i/lcRUWjapFHRoo4PH/qePHUqTnOUmq+AKs7dvkOXunXrnDl77u5dz/W//Vr5+0pm7iSuJ6rUyK2BjBCLGfJqVK9mWC3p7hq5cua0sckuzuH+A4eMHjncxiZ7SMjfBw95bNq8NU67iod491tcDR0ycNCQ4fJff39/wx9YzJszq2mTRqKc4rfpZGuA6Wug14MHAwcPVRRl1a9ru3bpVLFCeY1G4+Pjs3jpcnHOODlVtC/40VzTcb0gx1Wynb3VqlaWE1eLHz0Y3oXLlS27cvmSr2Knah4zaqTIThEcHNKlW8+aNaqXLFkia5YsT54+PXjIQ1zNHvn6Hjl6rF5dF0VRZvw4W2x44KBH186dypb9NhHbb1pcv7MVdYwZOu/v7z9sxOju3bqksbLy8/ffum2HYRIIRVG279gpzoHVa37r3q2zo4ODhYXF1avXlv6yQlTo2b2rrJziHz0AAAATCBACAPBFcXauJQOETk4Vc+XMqVehjnNtGSCsXaumnBwrgaysrNatXT1u4iQxgObuXU/DJ/7Vq1UdNmRQohwu4erXc1m4YN4P4yeJJ7a7/9hrWOeXpYtEdFAYO2ZklqxZliz9RYzRNHxUp9Vql/+yRP7bpHGjO3c8xfOp8PBw9SFKlSwxd/bMuq76CQzj15NjRo14/NhPPJfUa1ib1q2qVa3cb8DgT3ZIA9f6q35d4+3toyjKTwsW/rRgoVxV0M7O1bXe0mXLP7kTcyRKaxVFyZIl8/atGwcNGS7afPrMWb2neO3ath47ZpQoFy9ebPPG9UOHjxRPMEWMSq1c2bJzZ/9oOHFXPFhYWAwc0G/xkmXifV//e2y0csmy3j17ZMiQvm+fXu6794i1w0eOVm9br66LpaWFeAKr1qN71/fv3/+8aIl4MisnyRNsbLIvXrhAPoz+ZANMt9/a2rp9u7ZiwIRGo3GtX99otfh16dDBA8+dPy+efV+8eOli7HgdRVE6dWxvYWGxbv0G081LOkUdHcqVLSvOzJo1qtvZFTBarWP7dmnTpB0/cbJ4L7Zs3aZXoU3rVmNH/2eUj7W19ZSJE3r3i4nOuu/eI04AYc6sGet+35i4IdKiRR3la3nk67t8xSqx/JflK80PEMbjRBW++uqr5s2aynG9nTt2MDqbaZLeNX4YM1q0+e5dz05duqtXDR825Ld165Mu7WG8+y1OXoWGqpMiihGKr8Ne672uEaPG2NkVEON9U/w2nWwNMH0NtLSwdHRwuO/lFR4eLm7oajY22X+aO1s9+aihOF2Q4yF5zt6r164HBASI63zFCuWDXrx4/TosJCREHca+eu3asBGj16yOCXrly5d3j/uOYSNHi9vuiZOnDHMh9OvTy6WOs+HhIs2ejDmxxOk7m51dgVYtm4vfiOzbf2Df/gOymkajGTli6OQp09Xb2tjYaDSa8PBwf39/vVUivb96pGmKf/QAAABMIMUoAABfFEcHB5nZske3LoYVypcrK8eK1a/nYmJXmowZTaw1lCOHzYplS+bPne3kVFEmaxLPVlzqOP+2ZtWa1SuMxiOtrdOZ3rOFhYU5DYjrfho2cD3isb9Vy+bqzIeKohQuXGjIoAFXLp7Te8iVLl26oYMH7tqx1dm5lsxQKjg5VZw5Y9rhg3sLF7KXC62srCZNHDfrx+lyUjfxJHfY0MGbNqwvXLjQx4ZvxrUnbWyyb1i/plfP7nLOM41G4+xca96cmTOmTS5TprQ8JUzIkCH92tUrG7jWUy/Mkyf3mFEj9u91b9+2tWhJGmMP+tNbfyLmpJYorRUcihTZvXN7n949RWZduf+aNaovX7Z42pRJ6vk1K1Yo73Fgb6+e3eX5L1QoX278D2M2b1xn4nluXE+tPr16dOvaWb2kZo3qRzz2i+BcIXv77Vs26jWjVMkSSxf/vHTxz02bNBZL0lh9+CWflZXVwAH9tm3ZUK1qFfUpUbx4sU4d2x8+tF9OCmhOAz7peWya2a5dOpnYJB5damurPbhvj8xTJ1SvVnXRz/MnTRhXN/YTZ/4ZpTdVmHU669g9fHQKsY/R6XRyRtKuXYyMmxQsLCzatml1/Mihpk0aqS8dNjbZq1erunrlLzOmTTbMTersXGuP+45SJUuo6zdya/jHru3NmzV1a+BqomFx+nzJRi5cMK9a1SrqhZ06tl+6eKFeTRM7j8eJKrVt00qWWzRv+rFDxPuukT79J6bObdLYbc6sGXoXamfnWnt37+zXp1fLFs1NzDNnne4Tn3fT98eE9Jv5l5qhw0aKuNTCBfO2bPp9y6bfjx4+cOnCWW+vu2dPHZ85Y5rsz/MX/pSbJ8VtOmNGzcdWGXZysn1PMHEN/Oabwnt275g0cZz68yjaMKB/3xNHPeS96WPiekGOeQlmnFdCUp+9iqJcu3a9W4/ewcEhTk4VTxz1WL3ylz3uO04e87h1/fKdm9d2bNsshgCKodIRER/mzixevNge9x1DBg3Q6z0bm+zt2rb2OLhv+LAhMrzaOzYTeLmyZU3P72sd9yu2HsMOiet3tonjx/Xv10ddTaPRdOrQ/tjhgx3btxPtT5s2rVhVx7n26ZNHu3XtrPcFUqvVzpszc93a1Xq/ioj3ma/XHlEw0V3qnev52FYmZtwEAACpgUUCJz8AAAAwFB0d/fx5wOuw119l/SpnzhxGh498Vt6+e+fn55cuXbocNjnMHEb2999/P38ekDlL5hw2OT4ZdxH7L2BbwMwIjRTXngwODgkJCbG3LxjvPg8PD/d/8iTy30gbG5s8eXKbGZ2Nn4S3VhI9nDtXrmzZsn2ycmRk5GM/v3Tp0uXLm9f0SJEENunZ02cWlha2Wq18qqgWEhLy5OmzdOnSmtlsITo6+umzZ//8808BW9s0aUylA/lkA4wKCAisXC0mNfHZU8e//jqPOVvFtUt1Ot1jP7/3799/U7jwZ3J9OHjosEg7XNDO7vChfWaeGOLEy2GTI0cOG3PqR0REPHz4KHPmTOYHwhPi1atXgUFBGdJnyJ8/X7xP9fidqHGVFHcNnU4XGBgUGBSUJUvmr/PkyRjHX70kUNL127Nnz6vWqK0oSrWqVdb+utJonYWLl4pxwJ06tJ800UjewhS/TSdDAz55DRQXondv3+XPnz9r1izxOIT5F+S4StKzd8KkKWJE3Y5tm42G7v7991/H4jHLz589qc6moG7hYz8/XaQuW7ZsH7sA+j958vbt28KFCqX4dd7M72zv379/8vTp69dh2bNly5v3a3Pe03fvInwfP7aytNRqteZ8x0vxjx4AAIAaAUIAAAAAMebM+2nFytWKojRwrbfo559SujnJp1HTFiLt2/Spk9UD4IDPjcfhIyIVs4kP6cjRP4jZXhcumNfQ5BBVpELOLq5ipkyPA3vVQ/AlX9/HtV3qiyFxJ48lQlJcAAAAfJ5IMQoAAABAURTl9eswER1UFKVzpw4p3Zzkc/HiJREd1Gg0jRs1TOnmAKaUKllSFPYfOPTLipXqSePEyOxZc+aJ6KBGo/m+0ncp1Ex8vipVchKFPv0GenreU6+Kioq6ePFS+04xOepbfjxFMAAAAL4AjCAEAAAAoCiKsurXtbNmz5UTTaV0c5JPtx69T50+oyhKzx7dxowakdLNAT5h4uSpGzdtkf86OVX8Ok/uf//9NyAg6Oq1a3L5xxJIIpXz9vZp1rKNDC0XtLMrVNg+a5asISEh9+7fDwgIFMvr1XVZ9PN8cmACAAB8wQgQAgAAAFD++eefqjVqBweHKIoyf+7sJo3dUrpFyeS+l1cDt5hRMieOetjaJsfsgEBC6HS6hYuXLl22/GMVqlWtMnzo4BIliidvu/B/w9Pz3rgJk27dvmN0rUajGdi/b8cO7dKnj9vEyQAAAPj/QoAQAAAAgBL04sWevfsURbHJnr1xIzdLy9QyGcGt23cuXb6sKEqxokXJx4j/I2/evDlw0OMvb+9nz54/e/bM2tq6UKFCdgVsy5cvx8BBmOPmrdsnTp569MjXz89PFxWVL29ee/uC9gXt6rrUyZQpU0q3DgAAAEmOACEAAAAAAAAAAACQiqSW3wUDAAAAAAAAAAAAIEAIAAAAAAAAAAAApC4ECAEAAAAAAAAAAIBUhAAhAAAAAAAAAAAAkIoQIAQAAAAAAAAAAABSEQKEAAAAAAAAAAAAQCpCgBAAAAAAAAAAAABIRQgQAgAAAAAAAAAAAKkIAUIAAAAAAAAAAAAgFSFACAAAAAAAAAAAAKQiBAgBAAAAAAAAAACAVIQAIQAAAAAAAAAAAJCKECAEAAAAAAAAAAAAUhEChAAAAAAAAAAAAEAqQoAQAAAAAAAAAAAASEUIEAIAAAAAAAAAAACpCAFCAAAAAAAAAAAAIBVJk9INAAAAicPf33/l6jUREf+0ad2iXNmyKdKGFq3aPvjLW1GU+XNn1XGunSJtePky+NLlKz4+PiEhf9vaaqtVq1LI3j5FWoI40el0lapUj4j4R1EU951bP8N3bf2GjfPm/6woSgPXejNnTEvp5gAAAAAAAMQfAUIAAL4E0dHRXbv3fuTrqyjKLvfd58+ezJ0rV/I3I+zNm/DwcEVR/v03MvmPrijKzl3uU6b9KNogjFfGfIahJhiKiooKDg6JKeuiUro5RoS+ChWnlvoEAwAAAAAA+H9EilEAAL4EoaGhIjoo+Po+TqIDDR85uq6r2+4/9ibR/hPi+ImTo8aMUwdvbGyy29kVSNFGIcWs37Cxrqvb1Ok/pnRDAAAAAAAAPjuMIAQA4EuQNWtWrVbr7+8v/rUrYJsUR3n//r0IDaqDkZ+J9+/fT5g0RZSLFy82c/pUR0cHKyurlG4XUswhjyPe3j6ZM2VK6YYAAAAAAAB8dggQAgDwJbCwsFi/dvWqX9e8e/euTetWuXPnToqjBAQEJsVuE4Wv72PZvCULF9jaalO6RUhh3t7eKd0EAAAAAACAzxQBQgAAvhC2ttppUyYl6SGePnuWpPtPCDmo0dHBgeggIiIi5IyGAAAAAAAA0MMchAAAwFxPn36+AcKgFy9EgUkH8ZmPdgUAAAAAAEhxjCAEAOALcenyleMnTiqK4lCkSNMmjeTyI0ePXb12PU/u3B07tLOysnrx4uXlK1evXL16/fqNPHnylCherG5dl8KF7E3v/N27iOcBzy9dviL+ffr06dVr1+TaYkWLZciQ3nCrBw/+unL12tVr1x4+fFS4cOFiRR2bNW2SNWuWjx3lvpfXjZu37t71fPTIN3369MWKFS1VsmTtWjUsLCw+tkl0dPS169cVRXn82E8sCQ0NVbetoJ1d9uzZ5b8RERHnzl+4f9/L89794ODg/PnzFS3qWKxo0e+cKhoe5b6X1+4/9lpYWLRs0cy+YMF37yI2bt587twFf/8n+fLldWvYoEXzpoY9fP3GzfMX/jx3/oKlhUXp0qW6d+0sGhAdHX3p8pU9e/f7+PhERUU7OHxTpnSpJo0bmT9RYlRU1OXLVzzv3b/r6enj8zB//nxFixYtXqxo1SqVLS2N/Orr0uUrd+963rvv5efnly1btmJFHYs6On5fuVLGDBmMvlJra+uuXTp9lTXr48d+Z86eO3Pu3N8hr74pXKhzpw5Finwjaj589GjHTvd79+4Hh4QU+aawo6NDy+bN9d7Tt2/fLlqyTFGUJo3dHB0coqKi7np6Xr589c+Ll54+fVaqVIkyZUq7NWxg2AzT3r59e/7CxXv37t2+c/dNeHgBW23Roo61a9bMly+vulpkZGRAYOCZc+fEv2Fv3qjPh/z58+fOlUtdPzAw8NLlK3c973l5PYiKiipS5BtHhyL169czp3nuu//wevCXoijfFC7UvFnTj1U7eOjwzVu3FEWp61Ln2zKl4/SqAQAAAAAAkoJFdHR0SrcBAAAkgsVLlv28aImiKA1c6y36+Se5fPqPs9b+tl5RlPW//RoWFtZ/4BDDbWfPnCFiXUbduXO3cbOWJg59aP+eb74prChKXVc3b28fRVF+mjfH29t72fKVejXz5Mm9dPHCMqVL6S3/559/FixcvGr1GsOdV6n8/fRpk7X58xs9tE6nK1K0pIm2LV64wLV+XVG+e9dz8NARMhmpWvVqVWf+OE0vdHT4yNG+/QcpijKgf9/ePbs3bdFavDrh2zKld2zbrO7htatXnjh1av3vG/Ve8hGPA1aWluMmTHLfvUfvuOXKll286Ce94xoV9OLF6DHjTp85a7jKyani7B+nabUfEqu+ePFy/KTJR48eN6ys1WoXzJ+jF6aSr3TggH6F7AsOGTZSb6t9e9yLOjqs37BxytQZeqtsbLIvX7q4bNlv5ZLg4JCKlaqIV7f+t9Vjx03cs3ef3laODg4rly9Vx/b+/fdfx+IxrZJnlHTz1u3BQ0f4+/sbvqLpUye3btVChkgLFSlmWEdduW2bVvJf991/jBg11rCaVqudPXO6U8UK6oWGHzH33XtGjBoj1u7dvbNYsaKGuwoMDPy+ak1R3r5lo7qjAAAAAAAAUgopRgEASC3GTZgso4MajUaj0chVo8eOu3vX82MbpkuXLq7HGjZilIwO2th8GMAXEBDYq0+/t+/eqSu/fh3WrEUbGR3UarW1a9UsV7as+PfsufMN3Jq+evXK6IEsLS0LFy5koiVp0sSMz3Pf/Uejpi3U0UF1RO3U6TN16ja4eeu20Z28fBk8dtxEdXRQUZSiRR31qnXt0UtGB2X3BgQErlz169z5C2R0ME+e3HKTq9euTZ4y3UT7hbt3PZ1dXNXRwYJ2dnI/Fy9eatCo2T///CP+9fS8V9ulvjo6qH6l/v7+LVq13bJ1m9EDLV6yTEYH1W/cpMnTDnkcltFB9arg4JA+/Qfqvafy1XXq0kNGB9Wn3H0vr/oNG7958+aTr11RlO07djVr0VpGB8uVLVu7Vk358sdPnPyLKhStPoppo8aMk9FBjUZTpfL3VSp/Lzb39/dv16HzxUuXTe/BtX5debiNm7d+rPGiULx4MaKDAAAAAADgM0GAEACA1ELEV3r36nFg3+4bVy/evHZp9cpfZHhj/oKFH9uwSJFvTh7zOHxoX+1aMQOh2rVtffjQPvlXoICt0Q1nTJ9y9tTxSxfOPrh3e9SIYWJhcHDIxk1b1NWWLlt+38tLBGl+Wbro5DGPlcuXbtuy4fzZk5W+c1IUJTw8fO68BUYPYWFhcXDfHxfPn+nTu6dYUtDOTt020eagFy9kKChPntzbt2x8cO/2yWMenrevL14Ys+fw8PAJk6bodDrDo2zZum3f/gOKorRp1XL+3Nnz5szs27tX29atDGtqNJqVy5feuXnt1vXLv69bI7p38ZJlYohh1y6dbt+4cu70iZvXLjVp7CY2OXzk6PUbNz/W+SKz6PiJk8PDw8W/UydPvH3z6tHDB86dPnHiqEerls0VRRk7eqS1tbWoPHHyVFl5/tzZd25eO3nM48G927t3bZORwnETJpuYpW/CuLGXLpy9dOHsyWMejg4OItQnosuVvnM6deKIeE/HjR394T3duNnorq5eu1bQzm7VimXXLv956/rla5f/lPlvw8PDt2zbbuKFC4GBgWN+GC/KjdwaXv7z7LYtG1YuX3ru9InZM2MClj/9vEjmmD16+MDhQ/uGDh4o/nV0cFCfD67164nlx46f2LnLXZRHDB9y9dL5dWtXr1u7+vKfZ7t26RTTS+MnvX//3kTbrK2te/XoJspbtm4zDGNHRkau3xATM+7WpfMnXywAAAAAAEDyIEAIAEAq8svSRaNGDHMoUsTS0tLCwqJmjeoybnfq9BmjsTFBq9UWsrfPkiWz+Dd79uyF7O3ln+EQQ61W63Fgb5tWLb/+Oo+iKFZWVr179ZCpPs+ePSdrenv7rF6zVjbPpY6zXJU7V65lSxaJGNuWbdtlBEiPpaVljhw2cjxZrty51G0TM/zNm/+zWJsnT+79e3eXLfutWG5tbe1av+4e9x1i7d27njt37f5YJ6xcvnTG9ClNGrs1bdJ4xPAhhvkkbWyy7961rXatmmJGxu8rfTdwQD+5tnq1quN/GJMxY0ZFUTJlyjRj2hQ5Dk89SZ6hg4c8bt2+I8q/rVnVvl0bOT2era125oxpD+7dlmkz/9izV4Ybd+3Y2qSxm2iMlZVVyRIl/ti1XXbU3Pk/GTuasmLZki6dO4q2abXaGdOnqF/g0sUL8+fLJ3bYrWtn+Z5+bLBd8eLFtm7eUKtmDTFPYdasWebNmSUjzStX/SoHPn7MnHkx7axQvty8OTPVM0q2aN5UnsBLf1khCrly5ixkb587d8zLzJAhvfp8EM2IiIiYNmOWqDCgf9++vXulTZtW/GttbT3+hzHVqlZRFOWRr+/+AwdNN691qw/Zd3fERhylY8dPBAeHiMhx/XoupncFAAAAAACQbAgQAgCQWrRv10YdfhNcXD4sefb8eWIda+TwIYaZP13r1xcFb58PuTp3/7FXFGrWqF75+0p6m2TJkrlHty6i/OCvv+LXmPDwcDlWrE/vnl9lzapXoXjxYjLQtWGT8ZFwzZs1lWGtj6lfr659wYLqJVWrfC/LbVr/Zx7H9OnT13WpI8ofi30K69bHDEGr9J1T1SqVDSuIYKcgc5y61HEuXUp/dsasWbP069NblHf/sTc09LVeBa1W6+xcS72kTOlScphpI7eGIsAmyZfg7fPQaOOXLFygzkcqdIsdohccHGJ0SkgpPDxcniFjx4xSv1KhU8cOonDz1i0T+9Fz6dIVMaBWo9H079vbsEKvnt1FwfPefdO7ypkzR8sWzUR57W/r9aLsv2/YJAo9u3cVQzwBAAAAAAA+B2lSugEAACCZWFhYGC7MYWMjyy+CXmjz50+kYxn5EZIYTSim5YuOjhbtkWG/r7/OYzTT5uuwMFHw9vGp41w7Ho1Rh98aNWxotE6L5s0OHPQQgwijoqIsLf/Tfo1GI9NpxknuXLlk2a5AAb21efN+LQrPnweY2InIv6ooSvt2bU0fLjo6Wo41FKlHDTVyazBx8lRR9vP3K5m1xKdehPL113nE/It64U/1eyonCNRjnd5IVKxixQqy/Px5gMhiatSjRx/Ch7rISBO5WL29fSIjI9OkMevLrc/DmHCmnV2Bu573DCu8ehUqCg8efDos3alDezHRYEBA4MlTp2Ug2efhwwt/XhTlVq1amNMwAAAAAACA5EGAEACAVE0dCYtWopP0WOoRVDJAeNfTUyzZtHnrps1bTWz+xP9p/I4rx6hpNBq9AXBSvnz5ZDkgIFCG7oTs2bN/bEPTZOJKMWRQb611upgOiYqK+tgegoND5ISCBWy1pg8XFBQky/ny5jVaJ3PmzBqNRuzT1/dxyRKfDhDKjKYiW6maYXZZc1haWubJk1tMgvjsmalxqz4PH8lyyzbtTe82MDAoXz7jr1qPiHeKeHCLVt6mR5UAACAASURBVKbCrurRrh9TrFhRJ6eKFy9eEiM4ZYBwy9aYGRabNHZTh4oBAAAAAABSHAFCAACQkkSUSETv0hsbbSaVKFE8fod47BczuE0OdzOUI8eHkZRPnj7VCxCmoKfPnslyjpw5TFf2f/Ihhprz45W1+fOLUYl+fsaH/SWDXDlzirf+xcuXJqq9ePlClg1Tlaply5ZNPT2haYGqSKrp3Vb6zsmcHXbv2lkECM+eO+/t7VO4cKG3795t3RYzt2WH9u3MbBgAAAAAAEDyIEAIAABSUkE7OzHC76d5c5xrf2KSv/jJnu0rUXjz5s3H6rwNfyvL8RssmESyZvnQmDdv3uTKmdNEZfX0iuFv32bLls1otVehr2Lqf/VV4rU0bv6OzeFpOj6XP3Zkp6ODw/697ol1dK02JpVu965dfhg7KuE7rFG9mlarFXlWN27eMmnCuAMHDolhmqVKlvi2TOmEHwIAAAAAACARGZkfCAAAINkULRoz/5xMBJroCtrZiUJAQKBOpzNaRz2kzFZrm0QtiYf8+T/kPn369JnJuh/iXoqiBAUGGa2j0+nkqE07O/1pEZOHTqeTcxbaak3lTZUtvO/l9bH3Lh4K2duLgjkZRM1hZWXVvVtnUV7/+8bXr8PWb9go/u3WtXOiHAIAAAAAACARESAEAAApyT42VHPi5KkkOoQ6DHb9xk2jdUR+SEVR8uTJbTjTXgqysrIqXLiQKF/486LpytbW1trYeNufly4brXPz5i1ZtiuQMgHCGzc/vAvqoKahArYfWnjl6rXEakDBgnZyn6GhrxNln00bN5Ll6T/OunvXU4yPrOtSJ1H2DwAAAAAAkIgIEAIAgDiLeBeRWLv6PnaOt4sXLyVRjDBXrlxyEOHKVb8aVoiIiFi2fKUoV6taJSnakBDfOVUUhRUrV//999+mK1erWlkUlq9Y9c7Y27RidUwPaLXaPHlyJ3Zj9Rk9VVas/NCGAramxmtmyJC+Qvlyojxr9tyoqKi4NsBoJ5QoXlyj0SiKEh4evmLV6rju06hMmTL16NZVlHfuismG2rljh3Tp0qmrhYSEmEh1CwAAAAAAkDwIEAIAAHNlzpRZFI4dPyEKb9++VSfnjAcnp4qu9euK8uix486cPadeq9Pp9h846Ozi2n/gkHhnmLSwsJg0cZxs+bz5P6t3FRYWNmjIcDFdnKIoQwYPjO9LSSr9+vaW5b79B718Gaxee+CgR+VqNRcuXir+HTSgvwx99R84WD08LioqatHipUePHhf/Thw/1srKKqkb371nH5lNVLZBnj8jhw/5ZBsmTRwvCrdu3xk9drxedO3584Cx4yZUrFRFb3hlpkyZROG+l5c4RXU63ePHfmJh1qxZRo0YJsorVq5es3adXujxxs1bnbv2qOvqFqfTu0P7NnpLWrVsIcvR0dEjR/9Q4bsqpctWXP/7RvN3CwAAAAAAkOjSpHQDAADA/w2ZmPGRr2+7jl3KlC61Y+euiIh/Thz1sLHJHu/djhk18sBBD0VRgoNDunTrWbNG9ZIlS2TNkuXJ06cHD3mICfMe+foeOXqsXl2X+B2iapXKLnWcDx85qijKLytWnjh5qkrl721ssj999uzoseNyTr4xo0bkzpUr3i8kieTOlWvUiGFz5v2kKMrlK1dd3RrXr1fXoUiRV6GhJ0+evnrtmqIoixYvbdLIrUAB2xw5bEYMHzJl6gxFUU6dPlOnnmsdZ2dbbf7Q168vXPjz1u07Yp/Vq1WtVbNGMjT+ka9vg0bNXOvXzZc3ry4q6uzZczLLq6ODgzlvaFFHh04d2osp/Xa57z5/4UKtmjUK2du/efPm1u07MtY4YeKUo4cPyK0K2H6Y2rB9hy5169Y5c/bc3bue63/7tfL3lRRFadum1eYt2+57eSmKMmPm7N179lZycsqvzRcYEHTu/HnZUctXrJo0YZyZL1ar1dar63LI47D4t1nTJjlz5pBr//rLe5f7blGeMm1Gu7at06ThqzgAAAAAAEgZPJUAAADmauBaf95PP4vBdhcvXpLz9m3dvqNfn17x3m2+fHn3uO8YNnK0t7ePmIzQMNdovz69XOo4J6Tx8+fNnjv3JxFnuu/lJSJDapMmjuvQrm1CDpF0enTv+v79+58XLRFh1A0bN6vX2thkX7xwQYECMbk6O7ZvlzZN2vETJ4vKW7Zu09tbm9atxo4ekWyNDw8P375jl97CalWrLPhprplDGMeOGZkla5YlS39RFCUgIHDT5q16FbRa7fJflqiXFC3qWK5sWRE9feTru3zFKrH8l+UrRYDQyspq3drV4yZOEkMq7971FLMGqlWvVnXYkEFxerHt27WRAcKOHdqpV0Ur0ep/45EuFQAAAAAAILGQYhQAgC9N+vQZjC+3Tp/APdvYZF/76wqtVqteMnnS+N49u+vVtLZOZ7D1f1hYWKj/LV682B73HUMGDShVsoTeEdu1be1xcN/wYUMsLU19b7FOZy0K6a2tjVbImCHDpInj1v/2a80a1dXjHbVabSO3hocP7evUof3HDqHJmNH0y4k9tKkeNtEnGTIYf8skKyurgQP6bduyoVrVKiKDqFC8eLFOHdsfPrTfqWIFudDCwqJtm1bHjxxq2qSRnHxRdGb1alVXr/xlxrTJMgOnHtOvVG86PXMcO3ywW9fO6skOvy1TeuTwoatX/vJV1qwf28r6v29iunTphg4euGvHVmfnWnpjVZ2cKs6cMe3wwb2FC9mrl1tYWCxcME9vRslOHdsvXbxQ/psjh82KZUvmz53t5FRR3asajcaljvNva1atWb0ic+bMhs372EdMUZTAwCD5MvVO5sKFClWp/L0o9+ndMx6dCQAAAAAAkFgsoqOjzagGAAAQIyoqKijoxavQVzbZbdQZFBOLTqd77Oeni9Rly5YtRw6bRN+/EBISEvTihTZ/fnVk6P9CdHT002fP/vnnnwK2tubkqHz77p2fn18OmxxJ15l6goNDKlaKicydP3tSZG199epVQGBgQTs7649EcM33999/P38ekDlL5hw2OTJk+ETY+9WrV4FBQRnSZ8ifP5+JGHN0dPTz5wGvw15/lfWrnDlzxG92xqioqPoNG4uBsIsXLpCTa0o6ne7hw0fW1ta2qgyoAAAAAAAAyY8AIQAAABKT0QBhanDq9JluPXqLwZrnTp9ImzZtSrcIAAAAAADAOFKMAgAAAIngl+UrRaFrl05EBwEAAAAAwOeMACEAAACQUDdu3rp85aoot2rRIqWbAwAAAAAAYAoBQgAAACChfl2zVhRatWxuY5M9pZsDAAAAAABgSpqUbgAAAAC+KBkzZhw7ZqSiKBYWFtmzZUvp5iSTb8uUKV26VHrr9A0buqZ0WwAAAAAAAD7BIjo6OqXbAAAAAAAAAAAAACCZkGIUAAAAAAAAAAAASEUIEAIAAAAAAAAAAACpCAFCAAAAAAAAAAAAIBUhQAgAAAAAAAAAAACkIgQIAQAAAAAAAAAAgFSEACEAAAAAAAAAAACQihAgBAAAAAAAAAAAAFIRAoQAAAAAAAAAAABAKkKAEAAAAAAAAAAAAEhFCBACAAAAAAAAAAAAqQgBQgAAAAAAAAAAACAVIUAIAAAAAAAAAAAApCIECAEAAAAAAAAAAIBUhAAhAAAAAAAAAAAAkIoQIAQAAAAAAAAAAABSEQKEAAAAAAAAAAAAQCpCgBAAAAAAAAAAAABIRQgQAgAAAAAAAAAAAKkIAUIAAAAAAAAAAAAgFSFACAAAAAAAAAAAAKQiBAgBAAAAAAAAAACAVIQAIQAAAAAAAAAAAJCKECAEAAAAAAAAAAAAUhEChAAAAAAAAAAAAEAqQoAQAAAAAAAAAAAASEUIEAIAAAAAAAAAAACpCAFCAAAAAAAAAAAAIBUhQAgAAAAAAAAAAACkIgQIAQAAAAAAAAAAgFSEACEAAAAAAAAAAACQihAgBAAAAAAAAAAAAFIRAoQAAAAAAAAAAABAKkKAEAAAAAAAAAAAAEhFCBACAAAAAAAAAAAAqQgBQgAAAAAAAAAAACAVIUAIAAAAAAAAAAAApCIECAEAAAAAAAAAAIBUhAAhAAAAAAAAAAAAkIoQIAQAAAAAAAAAAABSEQKEAAAAAAAAAAAAQCpCgBAAAAAAAAAAAABIRQgQAgAAAAAAAAAAAKkIAUIAAAAAAAAAAAAgFSFACAAAAAAAAAAAAKQiBAgBAAAAAAAAAACAVIQAIQAAAAAAAAAAAJCKECAEAAAAAAAAAAAAUhEChAAAAAAAAAAAAEAqQoAQAAAAAAAAAAAASEXSpHQDAABA4nj16tVdz3tmVq5YoXzatGkVRfH391+5ek1ExD9tWrcoV7ZsErcxPi5euhwZGWlfsODXX+f5ZOVXoaF373oqipIxY8Zvy5ROlgYCAGK8fffu+vUbovydU0UrK6uUblGcPX8e8PDRo7Rp05YvV9bS8tM/qL11+05YWJiiKMWKOmbLli1Z2ggAAAAAicAiOjo6pdsAAAASgfvuPSNGjTGz8qULZ21sskdHR9ep2+CRr69YeP7sydy5ciVlG+PM39+/Ru26iqJoNJp9f+yytdWarn/x4qV2HbsoilKqZAn3nduSq5kAAEXvTnT9ysUsWTKndIvibMwP47fv2KUoSreunceNHf3J+m3adbx85aqiKGtXr6xWrUqytBEAAAAAEgEpRgEASL1CQ0NldFBRFF/fx0l6uFehoS1ata3r6ubt7RPXbcPDwwcMHhoREZE0TQMAfIHWb9hY19Vt6vQf47HtmrXrDhz0SIJGAQAAAMBngRSjAAB8gdq0bpUhQ3oTFdKnt1YUJWvWrFqt1t/fXyy0K2CbpK3y8npw/cZNRVECg4IKFy4U183v3vWcNmPWjGmTk6Z1AIAvzSGPI97ePpkzZYrf5gMHD3Vw2FfI3j6x2wUAAAAAKY8AIQAAX6CRw4d89dVXn6xmYWGxfu3qVb+ueffuXZvWrXLnzp2krXr27FkC97Bl67ay35Zu3qxpIrUIAPAl8/b2TuAe+g0Y7L5ja8aMGROpRQAAAADwuSBACABAqmZrq502ZVLyHMvf/0nCdzJqzLjixYs5OjgkRosAAF+siIiI4OCQBO7E29tn4uSp8+bMSqRGAQAAAMDngjkIAQBAMvGLzWWaQH36DQoLC0uUXQEAvlQBAYGJsh/33Xs2bd6aKLsCAAAAgM8HIwgBAEjVLl2+cvzESUVRHIoUadqkkVx+5Oixq9euW1tb9+nVM0OG9AEBgWt/W3/9xs3Q16H2BQt269q5Qvly6p2cPn32Lx/v588DCtnbOxT5pmzZbytWKC8rhIa+fh7w/Padu+JfL68HYhJERVEsLa2+LVP6k+3UaDRDBg2YMXO2oij+/v7/Y+/O46Kq/j+OH/ZlZB1ZFHBFwdytxLVFcdfM3TZzSXPJMjOzrMzSrL6VGe6aW5pluedumgu5L6mgKCgKKouAAgMDAvP74+j9TWyCgsPMvJ6P7+P7OHeZez939HFP3veccyd99MnsH2daWFiU9nojI6NOnf43/Pz5sLDz2ixt/SfqNW7cqE+vF21sbPR3uxARsWHjZjs7uyGDB7m6uFy9eu3AwdADoaEpybfr+Nd+fdCrdevWkXtevnLlj7Xrz5+/kJScXLeOf2BgQL8+fVxcnIsq4EJExOl/z4SFhV+5Em1vb//EE/UaNWzYvt1zD3EtAGAySnhzltLS0tZv3BRx4eKlyChbW5t69QLr1qnToUN7VxcXuUNOTk5cfPyB0NB7+6ennzh5Uvm4r6+vl6fnA0t6952xq39bI1PGT6ZMbdCgfqOGDUp7XQmJiceOHT9/PiL8/PnrN24EBgQ8US+wT+9elSur8+25aPGSpOTkJ5s17RDcPisr6/CRo6Ghh44dP+7h4dG2beuB/fvJryIrK2vX7r927d5z/fp1lUpVr15g2zatW7dqWVQB8fHxR48dDws/HxFxMS8vr27dOoEBdbt06ezo4FDaawEAAABgYggIAQAwa0eOHF20eIkQolvXzvoB4ZGjx5YuWyGEaP70U5Urq7t2f1HZFBkZVaeOvwwI09LSJk6avHPXbmVrWFi4bHTt0unjyR96eXouXbZi2pf/mZxN5nySSqU6c+pYSUodMnjQiZOntu/YKYTYvmPn0mUrhg55veRXmpmpnRUyW16sfrVrfl/7y+rffpz5XY0a1ZX1167FyD0tLCxq16o5bvz7yqYTJ0/+uub3PzetrxcYsGLlqqmfT8937QsX/TR/TkizZk3zFZCVlTVzVki+Avb+vU8I0aZ1q2lffObn61vyywEA01Cqm7MQYsfOXe9/8JFGo1HWHDp8RAjxxfQZX06b2q1rFwsLi4AnGul/JDIyqv/AV5XFaZ9/9tLA/g8sTK1Wz58b8mLve3uOGjN2y6b1JXm/r6TT6dau2/D5tC/1S42MjPpzy9Y58xaEzPr+2Wfa6u//x7r1kZFRi4Q4uG/PO+9O0E80/9qz9+jRYyGzZsbFxQ8bPvJCRISy6WDoP4sWL3n5pQGffvxRwTB1/YaNEyZ+qL/mYOg/QoiQOfO/njEtqPnTJbwWAAAAACaJKUYBAEBxrlyJfnPU2Hwr69bxl43Jn0xR0sGaNWq0b/d8/fpPyMWt23b89NMyIYSdnV2ZVGJhYfHVl1/4+fnJxekzvtZ/flq8yMioHj176z+A9vb2UtphYeFjxo7Lzc0t+MGQ2XOVdFCtdlfWT/nsi+07dirpoP6mpKTkkWPGZmRm6h8nNTWtd9+BSgF+fn7t2z3/ZLNmcvFg6D/devS6fft2CS8HAExDaW/O4eHnR7/1jhK5tWwR1KZ1K5VKJYTQaDTvvDvh1q0k+dOTMimvYYMG0z7/TLbj4uInTPwwLy+vJB9MT08fNnzkBx9OVkpVq92VqjQazdA33ixqBtQ2z7aTvZv+VWzdtmP//oP66aB+v/PL6t9W/7Ym33EmTpqspIMqlapN61bKdxUTE/Pyq68fOVqiX+cAAAAAMFWMIAQAAMWZMvUL+Wxx2NDB/rVrpaWlXYuJbdOmtXxQu2XrdrnbnJAfOnfqKNux168vX7Hy6tVro0YOF0L079enRYvmOp2uV58B8lHpV19Oa9asidzZytKq5MU4OTnNn/tjtx695OKoMW9v3byx4ERtBeXm5V6JjpaPnt9/b3yXzh3t7Ozy8vJWrf71s6nT5Myfm//c+mLPHoV+/JPJH/bo3k2tdo+JiRk5+u0LEREnTp6UD3Bbtgj6asY0Xx+f3Nzc5StWysGRSUnJq1atHv7GUOUIc+bOl091VSrVt9/M6NghWK6PT0h4b8IHhw4f0Wg0//t25vRpU0v+bQCAsSvtzXnW7Dmy0aZ1q1kzv5Xj+XJycnbt3vPrb2te6NHNw6OyEGL3zq1paWnbtu2YOStECBEYEPDjrO+Uk1ZWVy55hS8N7H/i5Mn1GzbJMd/zFiwaM+rNB37Kysr6XNi9WbXHv/vOywP7u7m5CSEOHz4yYtRbsiucFTJ7xvQvCv14o4YNpnz6ccMG9S0sLJavWClH4Q95Y4Tc+tWX03r36mllZXX16rWx48bLwevffvdD3969HB0d5T5/7dm7dt162Z7w3rg3hg5RZij933cz5QwBkz+esvXPDba2tiX/NgAAAACYEgJCAABM0Oix42ysC+/l+/Xt3b1b11IdTaVSbftzo49P1Xzrz5w7JxsdOwQr6aAQwtfHZ/KHHyiL1tbWtWrWFELY29vJp6JVq1apXatWqWpQBAYEfPvNDDkqIikpedz4CcuXLrayekDKGFC37uKF8+Lj43t076aMybC0tHztlZePHTsuY86DoaGFBoQL5s4ODm4n235+ftOnTe3Tb6BcVKvd54TMkm8ctLKyGjrk9VOnT2/dtkPO0aoEhJGRUYuXLJXteXN+1H9ZlJen59zZP7Z5tp1Go/l1ze8jhg+rXr3aw30zAGB0SntzPnToiGxM+uB9ZbZPa2vrLp07dun8/92Qp4eHp4eHl9e9wYgODvYP3ekIIT7/7NOz58IiI6OEEN/PnNW0SeNWLVsU/xEHB/ufly8JDT3UsWOwr4+Psr5Fi6APP3j/408/kxleoZ9t2SJowbzZyrcxZPCgAwdD9+0/cO/CJ07o17e3bFevXu2br6bLH81oNJpLkVGNGzUUQmi12i+m35vZ+60xo0a9OUI5uJ2d3ccfTYqKurz/wMEr0dFbtm7r9WLPh/5mAAAAABg1phgFAMAEHTly9GDoP4X+78aNm6U92tQpHxdMB4UQd+/elY1LlyIzM7VlUXiJ9Hqx58AB914KdejwkVkhc0ryqeefe3bggP4F553rENxeNqKiLhf8lJ+fn5IOSk0aN1IO8kKP7jIdVHTq2EE2IvWOtmHjZqUG/XRQcnZ2emPoYNm+eOlSSa4FAEzGw92cw8PDH0t1Qgjh6Og4d/YsZXHk6LHx8YXPDqovoG7doUNe108HJeXVg0lJyenp6QU/+PJLA/N9G+2ef05p9+71ov6mwIAAZebtmJgY2Th69Lhsq1SqQsc7jhg+TDbCz1944IUAAAAAMFUEhAAAoDhBQc2LGl5Qv1492bgSHd23/0u7dv+lRIbl7ZPJk5SXHc6ZO3/v3/se+lDKEJPrN26U8CNVqnjLhhwZWegm5UGtfuxXpYr3qdP/Fvxfalqa3CEyKuqhLwQATEmhN+emTRrLxsRJk7/59nv9O225ql2rVsismbKt0WjGvvPeQ/d3Xl6eSjshMbEkH/G+/1WoVCr9Vw9K1avdCwjjExJkI+ryvUi1Ro3qYeHnC3Y6t2/fkTtcvMivUgAAAADzxRSjAACYoE3r/3BxdSl0k7OTc6Hri1LHv3ZRmxo3bvRM2zb7DxyUr4kaOXqsSqXq1rVzzx7dn376qQdO+/ko7O3tZ8+a2b1nbzln6TvvTtiyeb2fr28JP56Tk5OQkBifkHDzZtyp06flSq02q4Qfd3RwkA0HB/t8mwp9mVPY/ZEuv6z+7ZfVvxVz5NiY6yWsAQBMzwNvzqNHjjgY+o9sL1i4eMHCxY0aNuj5Qo9uXbvItw+Wn65dOp08NUi+ve/EyZPffPu9/mTaxcvLy0tOTomPj78ZF59wP8YrORtbG9mwt7cruNXOzu7+WXSyIWdDFUKEhYX37f9SMUfmVykAAACAOSMgBADABPn4VFVezlR+rKysfvj+2+kzvl67br1co9Fo1vy+ds3va/39a8+Y9nmzZk3L7+zVqvl9/+03b44aI887Zuy4339dVfxHMjIy/tqzd936jTLUfGzi4u5NRqdSqQp9vKto0KD+4yoKACqKkt+cg4KaL5w/58PJnyQlJcs1Z86eO3P23BfTZ7w54o2xY0YX/N1GGZo4Yfzp0/+eOv2vEGLJ0uVPNmuq//7dgrRa7fYdu3bs3LVz1+5Cd9DpdOVRZ7xeBllwxKG+li2CyqMAAAAAAEaBgBAAADw8Fxfnb76aPuKNoRs2bl6/caOShEVGRvUb+MqGdWsaNmhQfmcPbv/8yDeHz1+wSI6TmPblV927dilq563bdox95139NSqVytPDw87O7kJERPkVKYSoWaPGlehoIcT3334T3P75cj0XABiX0t6c27d7ft+e3X/t2bNh42b9+aUXLFwcGxs7a+Z3FhYW5VSqra1tyKyZnbr2kIPXx4wdt2vHlqJ2vnjx0quvD1GCTMnPz8/Tw+PEyZPlVOH9s9wbTz9syOCPPpxYrucCAAAAYLwICAEAwKPy96894b1xE94bd/bcuZ9XrlYGFM6dt3DenB/L9dTjx7196vS/R44clRN4ZmZmFrrb2nXrJ06aLNvPPtO25ws9WrdqWbmyWghx6vS/xc/A9ujq1QuQAaH8fwCA9HA3ZwcH++7dunbv1jUtLW3r9h0/hsyRP0/ZsnX7yBHDn3iiXvkVXKWK95yQHwYPHS4XR415W5nhU194+PmBrwySOaK/f+1XX3mpdauWymtra9e99w7dcsoya9eqJRvMIAoAAACgGJaGLgAAAJiOhg0afPPV9IkTxsvF8h4kcX+a0/8pU6it37Cp4D46ne7r/30n2xMnjF+yeEHPF7rLB9CPR637z2r1B7sAgJl79Juzk5PTgH59/9y4TukFws9fKJ9i/1/bNq3Hvf2WbEdGRoWFhRfcZ9mKlTId7NgheMPa31975WUlHXwMatasIRvHT5y8cyf1sZ0XAAAAgHEhIAQAAGXs+eeelQ1HR1WhO2i12jI8naeHx+wffyhmh6tXrymTvL0+6NV8W4sadFiGWt1/ydORI0fJCAFAKqubs5ubW4ug5rJd6HteMzPLstMRQowe9eYzbdsUs8Pf++7d6l9/7ZV8r0Us82IKalC/vkqlki/oXbBocXmfDgAAAICRIiAEAAAPKTk5+Ztvv/9rz95863ffX9O0SWP99c5OzrJx8OA/spGQmCjHWDyi5k8/NemD94va6qhyVNqJt27pbzp3Lmzc+AmPXkDxgoKad+3SSbY/+HDygYOh+ltzc3O3bN0W3LHrmLHjcnNzy7sYAKggHuLmvHXbjpDZc2/dStJfmZycfPjIUdkODAxU1leqVEk2LkRExCckyPvt1avXHr1yKyur77/9Whm2WJDS38XFJ+ivv3Uraciw4cqiTqd79GIKcnFxVobyL1i4eMnS5Xl5efo7nP73zOtD3ujUtYf8WgAAAACYJ95BCAAAHtLUL778c8tWGYAN6Ne3evVqGo1mx85dq375Ve7Qv18f/f1r+9eSL+FbsXLV7Tt3nJ2dVq5a/WSzZr/+ssLS8lF/tDRsyOvHT5zYvXtPwU2eHh5qtbscpzJm7LgP3n9PrXZPTk7Ztn3HL6t/e8TzltCkie9v3bZDCJGUlDx46PDnn3u2YcMGLs7Osdevb9u+Q74960p09K7df3Xu1PHxlAQA5arpU0FFbVKr3Y8eOljam3PExYtj33lXCLHop6VDBg9q/vRTKpUqKioqZ3l9IAAAIABJREFUZM58eZCgoOa17s+uKYSoXs1Pab/y6uBOnTocOBgaFha+YtlPrVu1fMSrc3NzWzBvTlFvSWzSpJHs7z797HMhRGBgXa0268CBg4t+WlomP4t5oJcG9l/965oLERFCiOkzvt6waXPLoCBfP5/4uITQf/45c/ac3G3+gkVTPpn8GOoBAAAAUAEREAIAgIdUq9a9NyodOXL0yP3RG4p3xo5p2eI/T4cHvfqKEuBt2vynbJw4efLkqdNPPdnsEYuxtLT8ZsaXPSP6xcTEFNz60aQP3nv/AyFEWFj4oMHD9De9N37csuUrlGnuyomPT9VN6/8Y//4HkZFR8mWEBecaHT1yRMcOweVaBgBUBMott1Q3Z0sLy8CAgAsRERqNZvacefmOqVa7f/+/r/V/blKvXuCTzZrJt+FeiY6ev2CRXD9v/sJHDwjlKPnPpnz82dRpBTeNGjlCvhNXo9HIC1R07tTR0tJC/mSk/FhZWS1funjyp1NktxsWFl7wXYnPPtN2/Li3y7UMAAAAABUZU4wCAAAhhLC3dyh8vZ19oetlBLhz+5/dunbON83ak82a/bZ65dtjx+Tbv3Wrll9O/1y+GEny96+9bMmikqSDhb5WKh8XF+f5c38sdM63F3v2+Oar6fk2BQe327xh7eiRI/r17VPUKVSOjgVXKmxtbR9YlaJ+/Sc2rf9j3NtvNWrYQH+9Wu3+8ksDdmz7873x4x59JCUAGJFS3Zzr1PHftOGPKZ9OzncXValUb40ZtXf3Dm9vL/31FhYWs2Z+m+9lgYNee2VOyKyS1FaSfue1V14e9OorBdfXrlXr919X1a//hP7KRg0bzAn5YU7ID71e7CnXWFsV8oNdO7sie5ai3uxbaMGVK6sXzJ393f++Dgpqrt/zqlSqjh2Cly1ZtGTxAicnp2KvDwAAAIApsyin1x4AAACzcvvOnatXr7m5uvr4VLWysipmz5ycnNjY69nZ2VWrVlFeEPV45ObmxscnxCckODs7VfH2diw2/CvvSq5eu5abk+vm5la5stpQZQBARfAQN2d5F83MyPT19XVxcS5+59u3b8cnJDjYO/j6+jzm32EkJyfHXr9ha2vj5enp5ub2OE+tT6fT3bwZl5qW6uri6uFRufhuGgAAAICZICAEAAAAAAAAAAAAzAjTWAEAAAAAAAAAAABmhIAQAAAAAAAAAAAAMCMEhAAAAAAAAAAAAIAZISAEAAAAAAAAAAAAzAgBIQAAAAAAAAAAAGBGCAgBAAAAAAAAAAAAM0JACAAAAAAAAAAAAJgRAkIAAAAAAAAAAADAjBAQAgAAAAAAAAAAAGaEgBAAAAAAAAAAAAAwIwSEAAAAAAAAAAAAgBkhIAQAAAAAAAAAAADMCAEhAAAAAAAAAAAAYEYICAEAAAAAAAAAAAAzQkAIAAAAAAAAAAAAmBECQgAAAAAAAAAAAMCMEBACAAAAAAAAAAAAZoSAEAAAAAAAAAAAADAjBIQAAAAAAAAAAACAGSEgBAAAAAAAAAAAAMwIASEAAAAAAAAAAABgRggIAQAAAAAAAAAAADNCQAgAAAAAAAAAAACYEQJCAAAAAAAAAAAAwIwQEAIAAAAAAAAAAABmhIAQAAAAAAAAAAAAMCPWhi4AAACUr9y8vNTU9PSMzMzMrOy7d3Ny84TQGbooAEA+FtZWlrY2Ng4OdpUcHZydK1lZms6vOemJAMAYmHJPBAAACrLQ6fiHGQAApkmrzUpMvp2UkspzWAAwNhZqN2cPd1d7eztDV/JI6IkAwGiZSE8EAACKQkAIAIBpuhGXmJCUYugqAACPxFPtVtXbw9BVPCR6IgAwAUbdEwEAgGIQEAIAYGq02qxr1+MztFpDFwIAKAOO9vbVfLyMawAHPREAmBJj7IkAAMADERACAGBSNBmZV67dyMnN1V9pZ2vr6lypksrR3t7W2trawnDlAQAKpRMiJydHq81O12TcTk3Pys7W32ptZVWzWlWVo4PhCiwFeiIAMEam1BMBAICSICAEAMB0aLVZkdGx+s9k7WxtvT3Vbi5OBq0LAFA6KXfS4hKS9B/OWltZ+dfwrfijN+iJAMA0GG9PBAAASoiAEAAA03Ex6pr+fG5qNxffql6M0gAAY6QTIvZGfFLKHWWNo7193drVDFrUg9ETAYDJMNKeCAAAlJCloQsAAABl40Zcov4zWa/K7n48kwUAo2UhhF9VL6/K7sqaDK32RlyiQYt6AHoiADAlxtgTAQCAkiMgBADAFGi1WQlJKcqi2s2lildlg1YEACgDVbwqq91clMWEpBStNsugFRWJnggATJIR9UQAAKBUCAgBADAFicm3lbadra1vVS+DlgMAKDO+Vb3sbG2VRf0bfoVCTwQApspYeiIAAFAqBIQAABi93Ly8pJRUZdHbU818bgBgMiyE8PZUK4tJKam5eXkGragQ9EQAYMKMoicCAAClRUAIAIDRS01NF0In23a2tm4uToauCABQltxcnPSGbuhSU9MNW09B9EQAYNoqfk8EAABKi4AQAACjl56RqbRdnSsZtBYAQLnQv73r3/YrCHoiADB5FbwnAgAApUVACACA0cvMzFLalVSOBq0FAFAu9G/v+rf9CoKeCABMXgXviQAAQGkREAIAYPSy795V2vb2tsXuCwAwSvq3d/3bfgVBTwQAJq+C90QAAKC0CAgBADB6Obl5Stva2tqgtQAAyoX+7V3/tl9B0BMBgMmr4D0RAAAoLQJCAABMgE5pWRi0DgBAOfnv7V1X5H4GQ08EACauwvdEAACgdAgIAQAAAAAAAAAAADNCQAgAAAAAAAAAAACYEQJCAAAAAAAAAAAAwIwQEAIAAAAAAAAAAABmhIAQAAAAAAAAAAAAMCMEhAAAAAAAAAAAAIAZISAEAAAAAAAAAAAAzAgBIQAAAAAAAAAAAGBGCAgBAAAAAAAAAAAAM0JACAAAAAAAAAAAAJgRAkIAAAAAAAAAAADAjBAQAgAAAAAAAAAAAGaEgBAAAAAAAAAAAAAwIwSEAAAAAAAAAAAAgBkhIAQAAAAAAAAAAADMCAEhAAAAAAAAAAAAYEYICAEAAAAAAAAAAAAzQkAIAAAAAAAAAAAAmBECQgAAAAAAAAAAAMCMEBACAAAAAAAAAAAAZoSAEAAAAAAAAAAAADAjBIQAAAAAAAAAAACAGSEgBAAAAAAAAAAAAMwIASEAAAAAAAAAAABgRggIAQAAAAAAAAAAADNCQAgAAAAAAAAAAACYEQJCAAAAAAAAAAAAwIwQEAIAAAAAAAAAAABmhIAQAAAAAAAAAAAAMCMEhAAAAAAAAAAAAIAZISAEAAAAAAAAAAAAzAgBIQAAAAAAAAAAAGBGCAgBAAAAAAAAAAAAM0JACAAAAAAAAAAAAJgRAkIAAAAAAAAAAADAjBAQAgAAAAAAAAAAAGaEgBAAAAAAAAAAAAAwIwSEAAAAAAAAAAAAgBkhIAQAAAAAAAAAAADMCAEhAAAAAAAAAAAAYEYICAEAAAAAAAAAAAAzQkAIAAAAAAAAAAAAmBECQgAAAAAAAAAAAMCMEBACAAAAAAAAAAAAZoSAEAAAAAAAAAAAADAjBIQAAAAAAAAAAACAGSEgBAAAAAAAAAAAAMwIASEAACbAQmnpDFoHAKCc/Pf2blHkfgZDTwQAJq7C90QAAKB0CAgBADB61lb/36Hn5OQYtBYAQLnQv73r3/YrCHoiADB5FbwnAgAApUV3DgCA0bO1sVHaWm22QWsBAJQL/du7/m2/gqAnAgCTV8F7IgAAUFoEhAAAGD0HBzulna7JMGgtAIByoX9717/tVxD0RABg8ip4TwQAAEqLgBAAAKNXydFBad9OTTdoLQCAcqF/e9e/7VcQ9EQAYPIqeE8EAABKi4AQAACj5+xcSQgL2c7Kzk65k2boigAAZSnlTlpWtjKxm4WzcyXD1lMQPREAmLaK3xMBAIDSIiAEAMDoWVlaqt2clcW4hCSdQesBAJQhnRBxCUnKotrN2cqywv07jp4IAEyYUfREAACgtOjOAQAwBR7urko7Kzs79ka8QcsBAJSZ2BvxeoM2/nPDr1DoiQDAVBlLTwQAAEqFgBAAAFNgb2/nqXZTFpNS7tyMv2XQigAAZeBm/K2klDvKoqfazd7ezqAVFYmeCABMkhH1RAAAoFQICAEAMBFVvT0c7e2VxfhbyTE34pnhDQCMlE6ImBvx8beSlTWO9vZVvT0MWtQD0BMBgCkxxp4IAACUnIVOx7/XAAAwEVptVmR0bE5urrLGztbW21Pt5uJk0LoAAKWTcictLiFJfz43aysr/xq+FX/QBj0RAJgG4+2JAABACREQAgBgUjQZmVeu3dB/Misfzro6V6qkcrS3t7W2trYwXHkAgELphMjJydFqs9M1GbdT0/UfyMpnsjWrVVU5OhiuwFKgJwIAY2RKPREAACgJAkIAAEyNVpt17Xp8hlZr6EIAAGXA0d6+mo+XcY3YoCcCAFNijD0RAAB4IAJCAABM0424xISkFENXAQB4JJ5qN+N92xM9EQCYAKPuiQAAQDEICAEAMFlabVZi8u2klFQh6O4BwLhYqN2cPdxdjX24Bj0RABgtE+mJAABAUQgIAQAwcbl5eamp6ekZmZmZWdl37+bk5vGUFgAqHgtrK0tbGxsHB7tKjg7OzpWsLC0NXVKZoScCAGNgyj0RAAAoiIAQAAAAAAAAAAAAMCP8FAgAAAAAAAAAAAAwIwSEAAAAAAAAAAAAgBkhIAQAAAAAAAAAAADMCAEhAAAAAAAAAAAAYEYICAEAAAAAAAAAAAAzQkAIAAAAAAAAAAAAmBECQgAAAAAAAAAAAMCMEBACAAAAAAAAAAAAZoSAEAAAAAAAAAAAADAjBIQAAAAAAAAAAACAGSEgBAAAAAAAAAAAAMyItaELAAAAZeP27dth4edLuHPzp5+ysbEp54pKJCYmZuHiJVpt1sABfZ9s1kxZf/bcuVdeGyKEcHKqFLp/r0FrBACUSE5OzpGjxwquV6lUPlWrVq6strCwMERd5uK7739Y/vMqIcSbI94YM+pNQ5cDAAAAoEIjIAQAwETs/Xv/hImTSrjz0UMH1Wr3cq7owXQ63ZBhb16JjhZCrFu/4Z+Df3t5espNGZoMjUZj6AIBAKWg0WQMGjysmB0CAwJeeXlgv769K8iPVEyMNitLdp1xcXGGrgUAAABARccUowAAwGDu3Lkj00EpOvqqQcsBAJSvCxERn0yZ2qFz99B/Dhm6FgAAAAAwa4wgBADABA0c0N/Bwb6YHezt7R5jOUVycXHx8/OLiYmRizWqVzN0RQCAstG1S6fAgAA5WDwhMTEmJnb/gYNyU0xMzKDBw/bu3lGtmp+hywQAAAAAM0VACACACXr/vXGurq6GruLBLCwsVixdvOinJZmZmQMH9Pfy8jJ0RQCAstGpY4fu3brqr0lKSp4VMnvVL7/KxQkTP1y9armVlZWBCgQAAAAAs0ZACAAADKlaNb8vpk4xdBUAgHKnVrt//tmniYm3du7aLYQ4cfJkVNTlunXrGLouAAAAADBHvIMQAAAAAPCYTHhvnNKOjLps0FoAAAAAwHwxghAAALN2ISJiw8bNdnZ2QwYPcnVxuXr12oGDoQdCQ1OSb9fxr/36oFeVsR2Xr1z5Y+368+cvJCUn163jHxgY0K9PHxcX50IPm5CYeOzY8fPnI8LPn79+40ZgQMAT9QL79O5VubI6355Hjx3fs/dvIURA3bq9Xnyh/K8YAGBINapXV9oXL13q2qWTsljyvkMIkZubu237jtP/nrl0KVKj0QTUrRsQWLdN61a1atbMt2daWtr6jZsiLly8FBlla2tTr15g3Tp1OnRo7+riIoSIT0hYumyFEKKSSjVs6JCCb/CNjLr8629rcnNzO3UIbtEiKN9WnU63bPnP8QkJlpaWI0cMd3Z2UjYlJt46cvTo+QsR4eHn8/LyatSoXi8woEmTxvLVjPksWrwkKTnZx6fqa6+8LIQ4c/bcylWrL0RECCEa1q8/etSbPj5VlZ1zcnIOHAw9c/bcsWPHU9PSGtav36BB/Z49e5T4DwEAAAAACAgBADBv167FLFq8RL4OsHatmuPGv69sOnHy5K9rfv9z0/p6gQErVq6a+vl0ZVNYWLgQYuGin+bPCWnWrKn+AXU63dp1Gz6f9qVGo1FWRkZG/bll65x5C0Jmff/sM2319z9y5KgsoFvXzgSEAGBWLC0sZKO0fcfFi5fefW+izM+kU6f/lY23x455c/gwe/t7Od+Onbve/+Aj/cMeOnxECPHF9BlfTpvarWsXN1fXX1b/Jnfw9PTs369PviJ/DJm9Zet2IcTev/f//deOfFtPnTo97cuvZHvsmNHK+j+3bP3o4yn65z0Y+o9sDH9j6Li331IqlP5Ytz4yMkoI0ad3r23btk+cNFnZFBYW3rlzRyUgTElJGfvOeHkVyg5ize8/LVlWaJIKAAAAAIViilEAACCEECGz5yrpoFrtrqyf8tkX23fsVNJB/U1JSckjx4zNyMxU1qSnpw8bPvKDDycrj0TVaneVSiXbGo1m6BtvxsXFP5YLAgBURJFRUUo7MDDgIfqOtLS0EaPeUtLBpk0aP//cs35+fnLxx5A5B0MPyXZ4+PnRb72jHLZli6A2rVvJI2s0mnfenXDrVpKtrW3nTh3lDrv/2pOv2sxMrUwHhRAxMTGXLkXm22HP3n2y0b1bV2X04YeTP3nn3QnKeVUqlbe3l/KRRYuX9Ozd786d1EK/n9DQf/TTQcm/dm3ZuHHjZveevfXTQX//2rJrvhIdfez4iUKPCQAAAAAFMYIQAAATdCX6qto9reB6ewd7Tw+PYj74yeQPe3Tvpla7x8TEjBz99oWIiBMnT544eVI+V/1qxjRfH5/c3NzlK1ZOn/G1zAhXrVo9/I2h8uNWVtbnwsJke/y777w8sL+bm5sQ4vDhIyNGvSUflc4KmT1j+hflc90AgApNp9N9/c13ymJA3boP0Xes37ApJiZG5oirViyrU8dfrj91+t+ly5ar3dXt2z0n18yaPUc22rRuNWvmt66urnJ+zl279/z625oXenTz8KgshOjUMXjtuvVCiL/27M3M1OrPMhp6f9iftHvPHuV00vYdO2VDSRn37T+w5ve1sv1M2zaff/aJDC/v3EldtuLnH0PmyMGRs+fOm/zhBwW/opGjxwoh/Pz8Bg961dPTMy4uLis7S8kXf/hxtpKVjh/39rChg+VIxJjY2LffGX/m7LmH/ZMBAAAAYHYICAEAMEF9+79U1Kaoi+FFbVowd3ZwcDvZ9vPzmz5tap9+A+WiWu0+J2SWfOOglZXV0CGvnzp9euu2HUKII0ePKQGhg4P9z8uXhIYe6tgx2NfHRzlyixZBH37w/seffiYfv5bdhQIAjEZKSsq33/2wb/8BufhM2zbVqvk9RN+hzCY69q3R+nFd0yaNm/7wvf4ZDx26N9Ju0gfvy3RQCGFtbd2lc8cunTsqu7Vq2VJpHz12TH860+07d+ofcNv2naPeHKEsRkdfvRIdff9yWgshsrOzp0ydJtcEB7ebGzLLyspKLrq4OL8zdoybq+vUL6YLIZYsXT6gX19//9oFv6imTRr/snK5ra1tvvVRly/LIFP+oGfw668pm/x8fX9ZuWLIsOEMIgQAAABQQgSEAABAyERQSQelJo0bqVQqOXTjhR7dZTqo6NSxgwwII6Mu668PqFtXjgjJR3nempSUnJ6eXqlSpfK5DgBAhXDo8NGsrCwhRF6eLi4uLjLq8t6/9+nPuvn1V9Mt7r+DsFR9R3Z2tlx59mxYCYsJDw+vFxhQ1FYHB/vu3br+uWWrEOLvv/crJ83Kylq/YZMQon79JxwdHI4dPxEWFh4TG+vn6yt3+HvfftkIDm4nZy49cvSYHN0ohBj39lglHVQMHNBv9tx5SUnJQoh1GzZOnDC+YD1ffzW9YDoohPj9j3WyoVa7DxzQr+BVNGzYgIAQAAAAQAkREAIAYIJe6NHd3t7u0Y9TpYp3ZGSUEKJWzZoFN8mG8iS0eF5enko7ITGRgBAATNuvv6359bc1hW7y8/P7/n9fFT/ltVRo39GwQX05sefadevT0tJGDB/WtEnjQj/etEnjg6H/CCEmTpocdfnKSwP6Ka8qzKdTxw4yINyybdunn3wkk8vDR47Krd26dHZUOcrsbe/f+wa9+opcv3P3X7LRpVMn2bhy5d6Awvr1nyg0krS1te3bp/eChYvlRKMFd3j3nbG1a9UqtEhl/969XpQziwIAAADAQyMgBADABE355CNlLrVH4ejgIBv6L2SSCh3ckE9eXl5yckp8fPzNuPiEhIRHrwcAYNTUavexb41+aUB/a+si/yn6wL6jT+9eS5Ytl4Pwdu7avXPXbm9vr149e/Z8oXu+FwSOHjni4P2XCC5YuHjBwsWNGjbo+UKPbl27yLcPKuQEoXKo4oWIizLbU94v2KFDe3s7+8+mThNCbN26XQaEt2/fPnI/QXz+uWdlIzLqXoZXo3q1oi5QTqwqhAgLL2TS71pFpIP6Q/aVIYwAAAAA8NAICAEAQBnTarXbd+zasXPXzl27C91Bp9M99qIAAI9V/359mjZpItvOzk7V/Pz8/HydnJyK2r/kfYeHR+Vffl4+6aOPlZcRxsXFz1uwcN6ChcHB7aZ8PLlq1SpyfVBQ84Xz53w4+ROZJgohzpw9d+bsuS+mz3hzxBtjx4xWfv5SqVKl4OB2u3fvEULs27e/XmDA3bt3t2zdLoQIDAiQw+gbNWxw5uy5Y8dPJCbe8vCorESPzz7TVpmF+/LlK7Lh5eVV1JUqQyfj4uJzcnKKyUr15ebmKkP2vTw9H7Q7AAAAADwAASEAAChLFy9eevX1IcqjWMnPz8/Tw+PEyZOGqwsA8Fi1btWye7euJdy5tH2Hv3/tNb+uOnbs+IZNm7ds3a682nD37j0REZc2rvtdSezat3t+357df+3Zs2Hj5r1/71OOsGDh4tjY2Fkzv1Peg9ilUycZEO7+a8/IN4cfPXZcHrZ79y5yhx7du505e06+erBf3967du+598HOnZTDqtVq2UhPTy/qYvVfxFjCdFAIof86w6zsrBJ+CgAAAACKYmnoAgAAgOkIDz/fd8DL8gmvv3/tz6Z8vGvHlqiL4X//tWPNryuV3ZSnsQAAPFzfYWlpGRTUfMb0L04eO7R44bwnmzWT62NiYjZu3qy/p4ODffduXRcvnHf6xJEvp3/u7X1vbN+WrdvPn7+g7Pbcc8/IxqnT/966lbRj5y652LFDsGwEt28nGzt27srOzpbvLNSfX1QI4V/73gShN27cLOp6b96Mk43AgEJeUlgMf//aspGQkFiqDwIAAABAQQSEAACgzCxbsVIOjOjYIXjD2t9fe+VlOS0bAABFecS+w9ra+vnnnl29ann7ds/LNWfOnC10TycnpwH9+v65cZ1a7S7XhOsFhK4uLs8+01a2Dxw8uGHjZpnJ1b7/UsBq1fzq139CCLH3733KYMSgoOaVK6uVg9Sqda/yU6f/LWoQYeg/h2Sjzv3Ar4SqV7v3XsPzFyJK9UEAAAAAKIiAEAAAlJm/9917YPr6a68oL3aSMjO1BioKAFChlUnfYWVl9dyz94YAOjg4FLOnm5tbi6Dmsm1vb6e/SZksdM7cBTKzfKFHd/0dunXpLBszvv423xqpceNGsqHRaNb8vrbg2cPDzysvL3z66adKeHVSnTr+srF23frk5OR8W2OvX1dmPQUAAACAByIgBAAAZcbZ6d47n+LiE/TX37qVNGTYcGVRp9M99tIAABVUafuOc+fCvvn2+3yj6PLy8pRJQeU4PyHE1m07QmbPvXUrSX/P5OTkw0eOynZgYKD+JmWy0CvR0bLR6f78olJw8L1ZRmNiYmRDGbYo+fr4jB45Qranz/h62/ad+lujLl8ePXacUmSP7iV9R6M0cEA/pT3po0/0RyhevHipd98BSlUAAAAA8EAlfSM6AAAwIs883yHfqIh8dm7709XVtczP26RJI/lQ9dPPPhdCBAbW1WqzDhw4uOinpXIoBgAA+ZSq78jM1L45+q24uPgFCxf36d2rU8dgDw+PhITEZctXHDp8RAihUqmC27UTQkRcvDj2nXeFEIt+Wjpk8KDmTz+lUqmioqJC5syX7zsMCmpeq2YN/YNXrqwOCmp+5H58WLNGDf//zgJau1Ytf//akZFRcrFpk8bKGw0Vo0aO+O33P+Qp3np73DNt2zRt0tjKyupKdPT6DZuU3aZO+cTKyqpUX5Sfr2/vXi+uW79BCPHXnr2duvZo9/xzFhYWJ06cuhDBpKMAAAAASoeAEAAAE6TRaIoP5HJz88rjvKNGjpBPPzUazXvvf6C/qXOnjpaWFlu37SiP8wIAjFep+o6cnLuNGjaMi4uXM22uXbc+39Fmz5opXwpoaWEZGBBwISJCo9HMnjMv325qtfv3//va0jL/nDpdO3dSAsIXe/YoWG2Pbl1nzgq5t/N/5xeVHB0d1/3x28RJk+Vx9h84uP/AwXynnvnd/5o2aVyC7ya/SRMnXL167cTJk0KIuLj4X1b/pmwaOKD/M21bj37rnYc4LAAAAAAzxBSjAACYIxsbm3xrVI6Oxexva2tbksPWrlXr919XKXO7SY0aNpgT8sOckB96vdhTrrG2KuQnSvb2hb8yqvihkACAisPG5mF+gVqqvsPJyWnenB+XLF7QskWQSqXS/8gLPbrv27vrmWfayMU6dfw3bfhjyqeTGzVsoL+bSqV6a8yovbt3FBz8J4QIbn9vElG12r1nYQFhzxe6K+dVds7H18dn5fIlU6d8EhTUXL/IwICAoUNe37V9a+tWLYv6Nuzsiutw1Wr3lSuWjBg+TClepVIFB7f79psZ07/4rEmTxn5+fsV8HAAAAAAUFrwECAAAlLnk5OTY6zdsbW28PD3d3NwMXQ4AwAgprF2PAAAgAElEQVSUtu/Q6XTx8Qlx8fFVqnh7enhYWFgUtWdubu7Va9cyMzJ9fX1dXJzLuvAHFHnjxs1MrbZ6Nb+Cv855FElJycnJybVq1SztVKUAAAAAQEAIAAAAAAAAAAAAmBemGAUAAAAAAAAAAADMCAEhAAAAAAAAAAAAYEYICAEAAAAAAAAAAAAzQkAIAAAAAAAAAAAAmBECQgAAAAAAAAAAAMCMEBACAAAAAAAAAAAAZoSAEAAAAAAAAAAAADAjBIQAAAAAAAAAAACAGSEgBAAAAAAAAAAAAMwIASEAAAAAAAAAAABgRggIAQAAAAAAAAAAADNCQAgAAAAAAAAAAACYEQJCAAAAAAAAAAAAwIwQEAIAAAAAAAAAAABmhIAQAAAAAAAAAAAAMCMEhAAAAAAAAAAAAIAZISAEAAAAAAAAAAAAzAgBIQAAAAAAAAAAAGBGCAgBAAAAAAAAAAAAM0JACAAAAAAAAAAAAJgRAkIAAAAAAAAAAADAjBAQAgAAAAAAAAAAAGaEgBAAAAAAAAAAAAAwIwSEAAAAAAAAAAAAgBkhIAQAAAAAAAAAAADMCAEhAAAAAAAAAAAAYEasDV0AAAAoX7l5eamp6ekZmZmZWdl37+bk5gmhM3RRAIB8LKytLG1tbBwc7Co5Ojg7V7KyNJ1fc9ITAYAxMOWeCAAAFGSh0/EPMwAATJNWm5WYfDspJZXnsABgbCzUbs4e7q729naGruSR0BMBgNEykZ4IAAAUhYAQAADTdCMuMSEpxdBVAAAeiafaraq3h6GreEj0RABgAoy6JwIAAMUgIAQAwNRotVnXrsdnaLWGLgQAUAYc7e2r+XgZ1wAOeiIAMCXG2BMBAIAHIiAEAMCkaDIyr1y7kZObq7/SztbW1blSJZWjvb2ttbW1heHKAwAUSidETk6OVpudrsm4nZqelZ2tv9XayqpmtaoqRwfDFVgK9EQAYIxMqScCAAAlQUAIAIDp0GqzIqNj9Z/J2tnaenuq3VycDFoXAKB0Uu6kxSUk6T+ctbay8q/hW/FHb9ATAYBpMN6eCAAAlBABIQAApuNi1DX9+dzUbi6+Vb0YpQEAxkgnROyN+KSUO8oaR3v7urWrGbSoB6MnAgCTYaQ9EQAAKCFLQxcAAADKxo24RP1nsl6V3f14JgsARstCCL+qXl6V3ZU1GVrtjbhEgxb1APREAGBKjLEnAgAAJUdACACAKdBqsxKSUpRFtZtLFa/KBq0IAFAGqnhVVru5KIsJSSlabZZBKyoSPREAmCQj6okAAECpEBACAGAKEpNvK207W1vfql4GLQcAUGZ8q3rZ2doqi/o3/AqFnggATJWx9EQAAKBUCAgBADB6uXl5SSmpyqK3p5r53ADAZFgI4e2pVhaTUlJz8/IMWlEh6IkAwIQZRU8EAABKi4AQAACjl5qaLoROtu1sbd1cnAxdEQCgLLm5OOkN3dClpqYbtp6C6IkAwLRV/J4IAACUFgEhAABGLz0jU2m7OlcyaC0AgHKhf3vXv+1XEPREAGDyKnhPBAAASouAEAAAo5eZmaW0K6kcDVoLAKBc6N/e9W/7FQQ9EQCYvAreEwEAgNIiIAQAwOhl372rtO3tbYvdFwBglPRv7/q3/QqCnggATF4F74kAAEBpERACAGD0cnLzlLa1tbVBawEAlAv927v+bb+CoCcCAJNXwXsiAABQWgSEAACYAJ3SsjBoHQCAcvLf27uuyP0Mhp4IAExche+JAABA6RAQAgAAAAAAAAAAAGaEgBAAAAAAAAAAAAAwIwSEAAAAAAAAAAAAgBkhIAQAAAAAAAAAAADMCAEhAAAAAAAAAAAAYEYICAEAAAAAAAAAAAAzQkAIAAAAAAAAAAAAmBECQgAAAAAAAAAAAMCMEBACAAAAAAAAAAAAZoSAEAAAAAAAAAAAADAjBIQAAAAAAAAAAACAGbE2dAEAAMBM/Thv8ZWrMUKInt06Pde21WM+u06n27PvYPiFiz5Vq3TrHGxna/uYC6g4flu78fCxk0KIZ1q36NWjy2M779WY2B/mLJLtmV9NfWznBQAAAAAAAAEhAAAwjLR0TV5enhAiJyfn8Z/98LGTm7buFEJEXo7OyMx8dUCfx1/DQ8vNzU1P16hUjtbWZfDfctnZd+UfRHLK7bKorqSysrLleQEAAAAAAPCYERACAABzFHU5Wmlfi7lu0FpKJDNTe/Dw0TPnwpOSUjQZGXKljbW1m5vrk00bBT3VzM3VxdA1AgAAAAAAwDgQEAIAAHNUq2b1YydPy7afT1VDl1McjSZjw5/bj5/6t+B4u7s5OQmJt7bt3LNt554nAuu+3L+3UyWVgcoEAAAAAACA0SAgBAAA5qhl8yczMjPDz0f4VK3SvUsHQ5dTpGux1+cuXJap1crF2jWrN23c0KOy2sHBPikpJS4+4WZ8wrnwC3l5eeEXLk798tvXXu7XuMEThq4aAAAAAAAAFRoBIQAAMEcWFhbBz7UNfq6toQspzsnTZ5f/ska2q3p7vTH4FbW7m7K1up+vbGg0GRu37Dhy/OTdnJwlK1aPGTGkrn8tA5UMAAAAAAAAI2Bp6AIAAABQiBtx8Uo62LVT+4nvjtFPB/WpVI4v9+/1wfi3LC0thRDzFi+PT0h8vMUCAAAAAADAmDCCEAAAFCcvL+/Q0RNRV6Jv3ozPys6u4u3l51u1Uf16Vat4F7r/1ZjYyKgr0ddiExJv2dhYV/P1qVWz+pNNGllYWJTqvDqdLvzCxehrMdFXY27fSXV2qlTNz7d+vQD/WjUKnvHgP0dtbKy7dGzvVEmVlZV14VLUxUtRl6KuWFlaVvPzafBEYMP69Qoef826TTk5uUKIbp3au7q6yPUH/jlyLea6EKJJo/r16wXk+1RWVtYfG7YIIWxsrHu90NXG2rrQGuLiE86cO3/u/AWNJsPby7NT8HPVfH3knjduxu07eCgm9oYmI8Pby9PP1+f5tq1UKsf8J8rOnrd4uWy/9ebQOrVrPvAbq+rtNeilvstWrcnLy1u/edvIYYPy7ZCbm3vmXHjUlauXoq5otVpfn6o1q/u1bRX0wCPLP4iY2Bu3kpIdHR2q+fpU9/NtWD/Qzs6uqI/IP76rMbFXr8XGJyS6u7lW8/Ot7ufbpFH9Ev5NSEpO2bs/NCsrWwjRMujJWjWqK5u02qxz5y9cvRYbfS0mKyu7stq9mp/PU00bV1a75zvIsROnL0ZetrGx7tm9s52tbVJyyrZde65EX8vKylKr3TsHP18voE5ZXULJv6Uy/9sCAAAAAABQWgSEAACgSNdiry9atio1NU1Zk5Scci78wrade9q2Cnqha0dbW1tlU/bdu7+v23z0xCn9I8TE3gg9fOyvvQeGvDbQ06NyCc+bcvvOoqUrr9+MU9YkJN6KvBy9Z9/BZk0aDujd097+/0OX+IRE5aQtmj+p/8Y+OQ7v8LGTTRs3fHVAb2vr//8vn9zc3H+OHJftZ9u0UALCI8dPxsTeEEK4uDgXEhBm31XO1f65tsqQPqUGCwuLqlW816zbpHzkVlLyufAL7741okY1v+27927buUfZdPtO6oWLkX/vDx0+5NWAOrX1T7Rt5x75tbd4ulnBdFCn0yXeSrp6LTbh1i1bW1tvT4+Auv62NjZNGzc8fSbs9Nmw8xGXklNuu7u5Kh9JTUufs3BpXHyC/tnPhV/Ysy+0mMDp9p3UJT+vvnotVn9l9NUYIYSDvf2w118uNLm8ffvOwv/+8aXcvhN15aoQwmuXx7BBL3l5ehR1Rik55fbX38/Oys4WQri5uvR6oYuyKfJy9OJlq/T/iOMTEsPOR2zbuadHlw7tn2urn96dv3jpxKkzQoh6AXVcXJy/+3G+siktXXM27HxRAWGpLqG031KZ/20BAAAAAAAoLQJCAABQuIyMTP2wTe3u5ujocOtWslxz4J8jNar7PdW0sdyqycj46vvZSpToYG/v4aHOyMi8lZQsU7oZ34V8/vH7TpUqPfC8l6OvhsxfkpeXJxednZ3c3VyTkpLT0jXytXw3bsZPGv9WwVFcR4+fCj18TFm0sba+m5Mj26f+PevlUblLx3Zl8cUU5+Cho4UW8PPqPzq2f1bJe/Q33c3JWbR05fQpk5ShZrm5uQf/OSK/xt49u+kfPzNTu/qPDWfDzivfj2RpaTnzq6lCiF49upw+GyaE2B96+MXuneXWW0nJ38ycI/M2yamSSqvNupuTo8nI0GRkFHot0VdjZs1brH8iB3t75e9DplY7e8GSHl075nuP4+XoayHzf9L/lMrRMScnR549PiHxq+9nf/3Fx7Y2NkV9h6lp6d/Omif3d6qkeu/tkY4ODnLT3v2hG/7cruxZWe3u6OgQH58od968bVdauqZXjy4Fj3kzLmHVb+vyrfSpWqXQAkp1CQ/3LUll8rcFAAAAAADgIRAQAgCAwu0PPSxzDhtr63Fjhvv6VJXrL0Vd2b5rj5NTpSebNFJ2Xr95m0wHLS0tX+r3YvMnm8r1ySm3Fyz5OS4+IS8v79c/Ng4f/ErxJ83Ly1u+ao2MW1xdnIcOeqm6n6/cdDHy8uJlq7Kys+PiE0IPH2vTsnm+z8oQpZqfT7dOwbVr1bCxto69fnPB0p9lYTv37Hv+mdb6Qw/LT+fg51u1eNrF2Sk+IXH2wqWpqWm3kpJ/WbNeCOHt5Tls0EueHpXz8vK279q746+/ZeU7/9rXo2tH+fFTZ87JaxnY70U7vTGa+QbPqRwdVSrHhMRbQgjv+wPaXF1dZJ50Q2/029qNW5R08Lm2rbp1ai+HfiYk3pq7aFnK7TsFL0Gn061Y/buSe/V9sXvzp5ra2drm5eVduRqzaOlKWcbmrTubNmqgjKTU6XQrflmjfKp75+BnWreQUVZ8QuLGLTvCzkd069S+mHQwIzPz+5D5MrN0sLd/7+1RSqicnHJbSQfr+td6bWBfZ2cnufj3gX/Wb94mGy2bP+nt5ZnvsFt27JZ/OVu3eNqnircmMzMx8VajBk8UfuElvoSH+5byecS/LQAAAAAAAA/B0tAFAACACirqSrRsdGj3rJIOCiHq1K45duSwwa8MUMbwxV6/eezEadke+tpAJR0UQri7ub49apjl/7F3n+FRVH0fx8+W9J6QQhoBQmgiEHqRjpEqHQQV24Ndb3tXVKy35VbsIihFVFBEmiJWeu8lIZDeSSVls0l2nxcHxjVl2YSETXa/n4sXZ2bOzP5nkyuTzY9zjlothDh24pTpFJe1+mvbzoLCIpnlPHTvPCUdlJnQHRfzxR/Xbar19EH9+zx077xOUZFydcDQkNZ3zJ0tDxkMhqSU1FrPalw3zZo25toRXp4eQojAAP+5N0xXDjlotQ/cdbucalWtVo+NGdm+7YWl9WLjzyjd5KyYarX6apOlEzMysxZ+8oUMnAb2673g+Sdfnf/U3XfMlUdNp8oMCgqQ4Z/cTMvIPHEqTravGzV88oQxysSwAf6tnnr0gVqnft26Y3duXr5s33/X7dcM7CejSrVa3b5tm+eeeEhJLr/9fq1y1q49+5W48babbxg9Yqgy0C0wwH/erTe+89r8UcOH1PXW6fX69z5aJK/goNU+fP+dPhenfhVCfLP6R6Xsu++Yq6SDMvUcOXSwbK/d8EutF1er1c889uC0SeMH9Os9atg1N0yf7OHuVrNbvW6hYe+Sqcv/bgEAAAAAAGgAAkIAAFC7youzGiYmp5jvuW3XhZkSw0KDu5lkWpKbq+ug/n1kWy7vZ8Zf23bKxshh13ibhENSVGS7Vn6+chCV6cqIkouz84wpE2UYqWgTFurmemGNPSUzazouzs69o7ub7ols31Yp6epuXaot+Nc7uodsnDuXp+yUdUZFtlNONBqNS79eJdtzZk6ZOfV6GW6djD0td3buFKWcLtPcwovvz59/75ANB6125LDB1Qp2cnQMDw2peSO//7VNNiLahEW2i6h21M3NdfSICyFZ7OkzJSUXJind8udW2QgKDOhe2/g8jUZTc6dUVVX1wcVVEtVq9X/unWeaXJaV6WJPX0jFZk69vtpXWQgRM3q4bKSkptV6/ckTxshvHvPqdQsNe5cUjfLdAgAAAAAA0ABMMQoAAGoX0Sb8bGKyEOLEqbh3P/xsXMyoqMh2tfZMS8+QDR9v79NnEmp2KC0ru9AzI7NP3a9oNBqVwVvOTo61XkqRnpllOobMDB8fLzllZX5+gSX9G52bq4tcQLF1UGC1Q74+3rKhTBwq59KU4+SUPQcOHU3PzBJCdO3c0XSApjI0sF1EuLLTaDDIOFBuZmRlyUbP7t0cTSYsNcP0CzF00IBa+wzq33f9z1tkOzM7Rw5uy7v4Dg8fMsiSF1IUFBat+Pb7pOQLQzzvv+u20JB/LRCo3IWMEs18b5wvLqmqqqqWRAYG+A8Z1N+SSiy/hQa/S+bV97sFAAAAAACgAQgIAQBA7YYOHrB1+y65GF5iUsqHny1xcnSM7nn14P59TGccFUJkZeXIxpFjJ44cO2Hmmjnncs0cVWZrFEKs2/Sr+fLO5Vo6iEp7MSozGI0WntK4lAKcauRzDjVW49Pr9XJNO3eTCTBPxcXLxrRJ4007n44/K5ddNM3D5DsTEHAhX1RGmwX4+1lYsOmqhK1a1T7qztXVRa1Wy1Izs7Lbt21TWHReWY0vMKCWaUvNeOGV/yrtO2+7qV1E9SAtPeOfgPCjz7+8ZP3VBgu2rrEqYa3qdQsNe5cuWUO9vlsAAAAAAAAahoAQAADUztvL8z/3zlu8bKWS25Xr9Tt379u5e1+b8NCbb5iuZDDler1sqNVqTY25H021bRNm5mhhYZHSVgbA1UqtVlsY+bQ4Sj5UUVGp7JSrJzo5OipjyIQQyalp8p3v0P6fkZ1VVVVyHF7rwEC58qIy2szH21tYxnQuVm+v6hO9Ktzd3eREr7L/OZP016fusy7p9JmELiYzpkoFFn9vODs7eXi4N+yl63ULDXuXAAAAAAAAmgMCQgAAUKfQkNbPPfHQiVNx23ftPRl7WhlclZSc+tZ7Hz/7xH/c3dzkKoNyDs85M6f07tn9Uletk5/JqK8Xnn7Ew72BMU+Lplar5Ziz8+f/WWQxLy9fCOHi4mzac9uOC0s/Brf+Zy7KA4eOykGfV3XtJK+mHKqoqLCwBvlllXQ6nWcdeVu5rvxif1e55J5yqLSsrOYSkmbMu/XG3/7ceiYhSS7sF9EmrNr6f/4Xh+h5enq8/Ozjll+5Xup1Cw17lwAAAAAAAJoDc//HHwAAQKVSde3ccd6tN771yvNzZ89QRg2W6XTbdl4IqIIC/WUjMzP7cl7L28tTCbSUaUutxkrzkSqTi6ZeXNlRpmJyFF1xSYncczYxefe+A7KtvTi/aEFB4fdrN8j1C5WAzePiVKX5hYXCMgEms2uaTqRpymAwKCNHgwIDhBD+rf6ZwjTH4glgpa6dO979f7co311fLv+22ni7oIsDRotMZgFtdPW6hYa9SwAAAAAAAM0BASEAALCIRqOJ7tHt6UcfCA8LkXsSEpNlQ0k+jhw/eZmv4nNxzNblX6phXJwvjNIrLDp/qb5NJbJdhBAiNS2jvPzC4LO2bcJl4413P/ztz60/rv954SdfKP3Xbfo19vSZP7fuePN/H8kJRWdMmagc9bk4K2lKarqFBTg6OCjvw8nY07X2OX0mQWm3DgqU3yFKGHniZGx97ljIiUPvu/M2OX2owWBY+OliJVqrlq4pKzI2unrdQsPeJQAAAAAAgOaAgBAAANSDRqO5+uLQNEdHR9no2rmjbGRl5xw8fPRyrq9c6q9tOwvqGJXVpAL8LwwLO5uYVPNoXPyZK1BD925dZWPX3gtjBMdcO0I2iorO/7Rx8x9/bzcYDP37RN8xd7YQ4lxu3keff7lm3aaS0lK1Wn3nbTd1aN9WuVpw6yDZOHEqrqhG6pmdc+54bUlYVIf2svHXtp2mQZ1iwy9bZMPF2VlZGbF92wil8qLzxfW9cR9vrztvv1m508VLVyqHnBwdlS/Ndz/8ZGyk8Z2VlZV5+QWmV6vXLTTsXQIAAAAAALA6AkIAAFC7s4lJK1etSUxOMd1pNBoPHDwi2xHhobLRtXPH9m3byPaKb384fOyE6SkGg2Hn7n1Pz3/tvY8+r6qqMv+i468bJceQCSH+99HnmVn/mrNUpyv/cf3Pjz794rqNmy/7/mqnxGnncvP27D+o7Dcajet/3rJs5eomel1TXTp2cHJ0FEL8uP7nvPwCIUQrP98nHr4vok2Yg1broNVGtouYMWXiDdMnd+vaOWbkMDns0sfbq3/fXk8+fF+XTlGmVxs5dLDS/vyrFaVlZcpmcmram+9+KAcdVjN14lg53avBYHj/40XK1KbyrVj94/qk5FS5OX3KBGVi2EkTxijdFn7yRWFhkek1d+3Z//izL6/+cb2Ze+/Qvu2k8dfJ9qm4+J+3/KEcmjNzimzkFxR+uniZ6Y3Ir9dnS5Y/+vSLx06cMnN9U2fOJj727Msvvvb2My++rpRar1to2LsEAAAAAABgdVprFwAAAJqjcr3+k0VLy/X6XXsPdOkU1btnd28vz/zCwl9//1uGdmq1unfP7kr/2TOmvPzGu0KIisrKxUtXhoUGR4SHubm65uTmHjt+Sg6uOpuYvO/g4X69o828rpOT07TJE1auWiNzoNfeXtixQ/vQkGCVEBlZ2cpYty1/bh00oG9TDMnq06vH2vU/y4JXfPvD/oNHwsNCMjKz406fqXWIWFNwdHScO2fGZ0uWGwyGxctWPnL/XSqVKjgo8KF759XsPDZm5NiYkWauFuDfqnPHDnIOzOSUtPmvvNUxKlKlUiUkJdccUKjw8vKMGTVs0+bf5WSn8195q1PHDgGt/EpKS2NPn1GW3AsNad2rx9XKWT7eXiOHDv7tr21ybOLLb7zbtXPH0NDgkpLSo8dPnsvNE0Js3bF78IC+ZhbkGz5kUGJSyqGjx4UQmzb/3iYstHPHDkKIiPCwnt2vOnj4mJzSU95IcFBgmU6XkJScnJImT//6uzWvzn/Kkvd54+bf5HKGJaWlf23bOXFcTH1voWHvEgAAAAAAgNUREAIAgFpUVVa1bh2YmJQip6Y8cSquWoe5c2Z4eXkqm638fB+85/8WL/36fHGJXO6u5op3A/v17tur5yVfun+faIPBsGrNOhnexJ4+E3u6+sSec2ZOaaIJGx0dHGZMmbjsmwsjBU/FxZuueDdl4tjf/9pW8O9RZU2ha+eO0T26HTh0NCU1fcsff48eMfRyrnbD9Mnvf7xIhlvlev0RkyGe3bp2vvqqziu+/aHmWTEjh2k1mnWbfpW579Eaq0J269p59ozJ1XaOu25URWXl39t3ybMOHT0uoz7JQau97eYbzKSD0k03TEtNz5AFf7Zk+XNPPCS/3HNmTnV1cdm+a69yI0f+PVzVxdn53nm3WPi2mM4sWmUwNOwWGvYuAQAAAAAAWBcBIQAAqIWrq8tD9847dOTYpl//yM45ZzCJT6Ii202fPEFZEE7RLiL8+aceWbdx89HjJ/NNlg900Go7d4q6btSwkODWtb6WspahYmC/3p07dli1Zl1iUkpJaamy38PdrWf3bqNHDPX0cK95HQdHh4bdrIPDv07sHd3d19dn6dffKXfhoNW2jQgfc+2IdhFtiorOb/lza52XMluDMnuqJWZNvf7kqdNlOt36n7ecioufPWOKn6+P+VMMBsPxk7FarVYOuVN4eXo8+cj9q35Yd+jIMTkOUq1Wh4UG9+7Zfcig/vkFhS7OzjUnGlWpVKOGD7mqS6c16zalpKYrXwgHrTYw0H/UsGt6du9WswaNRjP1+nFdO3f8acMvGVnZyneOt5dn24g2U68f5+HuVu2UmnNvarXa+++6/d0PPi0oLDIYDIu+XPH4Q/fKl54xZWJ0j6t/2vhLenpmRWWlckpggP+Avr0GD+xX65tc69dl+JBBZxKS5GUH9uvdsFto2Ltkpqp/jtbnuwUAAAAAAKBeVKb/dRoAALREh47/M7yvR9cos30bwmg05uUX5OcX+Pn5ent5qlSqS55SVVWVlZ1jMBg83N1NBxo2QHl5eWZ2joODg5enh5ur6+Vcqr70en16RpaLi3NggP+VfF1FYlLKZ0uWK5nT6BFDhw8ZWOubcL64ZOuOXX9v2yVzvjdeetbZ2anWaxYWnT9//nxw66D6LoknvxDenp6Wf0GNRmPOudyKysqgAH+NRlOvl7NE0fnivLx8V1cXLy9PpxoxsyXOFxefy80Lbh1U1+n1vYUGvEuA5Zr6p/3laM61AQAaCz/tAQCwJQSEAAC0eHxQt2H6iooNP2/5c+sOZY8cmhbSurWrq0tefkFuXl5ubr7p+L8O7dvecuNMd7fqA/UAtHTN+ad9c64NANBY+GkPAIAtYeYiAACA5svRwWHyhDED+/Ve9s1quaxjRWVlalpGalpGzc49u1913ajhl1zhDwAAAAAAAHaOgBAAAKC5Cwzwf/SBu/PyC06cios/m1BUdP58cYmTk6Ori0uAfyv/Vn7+rfzCQoM93GtZmhEAAAAAAACohoAQAACgZfD18R48oO/gAX2tXQgAAAAAAABaNrW1CwAAAAAAAAAAAABw5RAQAgAAAAAAAAAAAHaEgBAAAAAAAAAAAACwIwSEAAAAAAAAAAAAgB0hIAQAAAAAAAAAAADsCAEhAAAAAAAAAAAAYEcICAEAAAAAAAAAAAA7QkAIAIANUCkto1XrAAA0kX//eFfV2c9qeBIBgI1r9k8iAABQPwSEAAC0eFrNPw/0yspKq9YCAGgSpj/eTX/sNxM8iQDA5jXzJxEAAKgvHucAALR4jg4OSlun01u1FgBAkzD98W76Y7+Z4EkEADavmT+JAABAfREQAgDQ4rm4OCnt4pJSq9YCAGgSpj/eTX/sNxM8iQDA5jXzJxEAAKgvAkIAAFo8d1cXpV1QVGzVWgAATcL0x7vpj/1mgicRANi8ZqhWHfkAACAASURBVP4kAgAA9UVACABAi+fp6S6ESrbL9fr8wvPWrggA0JjyC8+X65WJ3VSenu7WracmnkQAYNua/5MIAADUFwEhAAAtnkat9vPxVDYzs3ONVq0HANCIjEJkZucqm34+nhp1s/scx5MIAGxYi3gSAQCA+uJxDgCALfD39Vba5Xp9anqWVcsBADSa1PQsk0Eb//qB36zwJAIAW9VSnkQAAKBeCAgBALAFzs5OAX4+ymZufmFG1jmrVgQAaAQZWedy8wuVzQA/H2dnJ6tWVCeeRABgk1rQkwgAANQLASEAADYiOMjf1dlZ2cw6l5eSnsUMbwDQQhmFSEnPyjqXp+xxdXYODvK3alGXwJMIAGxJS3wSAQAAy6mMRj6vAQBgI3S68vjE1MqqKmWPk6NjUICfj5eHVesCANRPfuH5zOxc0/nctBpNZERo8x+0wZMIAGxDy30SAQAACxEQAgBgU0pKyxKS003/Miv/OOvt6e7u5urs7KjValXWKw8AUCujEJWVlTqdvriktKCo2PQPsvJvsm3Dg91cXaxXYD3wJAKAlsiWnkQAAMASBIQAANgana48OS2rVKezdiEAgEbg6uwcHhLYskZs8CQCAFvSEp9EAADgkggIAQCwTemZOdm5+dauAgBwWQL8fFruak88iQDABrToJxEAADCDgBAAAJul05Xn5BXk5hcJweMeAFoWlZ+Pp7+vd0sfrsGTCABaLBt5EgEAgLoQEAIAYOOqDIaiouLi0rKysnJ9RUVllYG/0gJA86PSatSODg4uLk7uri6enu4atdraJTUankQA0BLY8pMIAADUREAIAAAAAAAAAAAA2BH+KxAAAAAAAAAAAABgRwgIAQAAAAAAAAAAADtCQAgAAAAAAAAAAADYEQJCAAAAAAAAAAAAwI4QEAIAAAAAAAAAAAB2hIAQAAAAAAAAAAAAsCMEhAAAAAAAAAAAAIAdISAEAAAAAAAAAAAA7AgBIQAAAAAAAAAAAGBHCAgBAAAAAAAAAAAAO0JACAAAAAAAAAAAANgRrbULAAAAjcxgMKSlpcWfOXv6dLwQIjKyfWT79iEhwRqNxtqlAQAAAAAAALA+AkIAAGzKiRMnn3zmuePHT1Tb7+bm9vSTj82YPk2tZv4AAAAAAAAAwK7xJ0IAAGzH8hUrJ0yaWjMdFEKUlJQ889z8WbNvTkpKNt1fUFg4bcYNMWMnxMefuYKVNtwjjz0RM3bCj2vXWbsQAAAAAAAAoKViBCEAADbiVGzsCy++rGyOG3tdl86dtQ7ahLOJ6zZsLCkpEULsP3AgNS2tTZtwpVtsbNzBQ4eFEFnZ2ZGR7a1Uu6X0er2MBhMSE61dCwAAAAAAANBSERACAGAjXlrwmmz4+fku+2pxx6go5dAzTz/x+RdL3l/4Yb9+fQcNHGB6Vnp6+hWvtOEyM7OsXQIAAAAAAADQ4hEQAgBgC/R6/e7de2R7wUvzTdNBIYSrq+uD999769ybXVycq52YkpJ6Bcu8XGktKs4EAAAAAAAAmicCQgAAbMGZswlKu3ev6Fr7eHp61NyZnJLSlHU1srQ0AkIAAAAAAADgchEQAgBgCzRqtdJOTEzy9fW95CmFhUUZmRlHjx2Xm7Gxcc7OTrKtVmt69ugu258vWpyblxcSEnzTnNlCiCNHjy1fsfJUbKwQolvXrvfcfWdISLByTYPBsGfP3uMnTx47diIjIyMgwL9L584DBvTvfnW3usooLS3dsXP3yZMnjx47XlxS0iY8rHPnTiOHDze9rBCirEyXkZmxZ+8+uZmWlrb/wAHlaJfOXWoOjgQAAAAAAABQK5XRaLR2DQAA4HJVVFR06noh0uvXr+8nHy6sdbygYsmXSxe8+npdR93c3I4c3CvbMWMnxMefEUIcPbx/06afH3/yGdOeXy7+/JrBg2Q7Kzv7yaee/XvrtpoXnHvzjY8+/B9XV9dq+w8fOfrgQ4+m1DaKccFL82fOmKZWq4UQx44dv37KdDO38/OGnzp0iDTTAQAAAAAAAIBCbUEfAADQ3Dk4OChj/nbv3jNl2sy1P63X6/V19XdycqrvS2zfvqNaOiiEiGzfXjaOHTs+Omackg526tjx2tGjIiMvHP1q6fJ5d91b7b8lrVr9w5RpM5V0sFd09MgRw4OCAuXms8/P//iTz2Tb0dGxvtUCAAAAAAAAqAsjCAEAsBEnTpycMGmq6R43N7epkyeNGRPTu1e0Wv2v/xVUWVmZnJJiNBonT51ZUlIihHj91QXR0T3kUY1aExHRRraVEYRSWFjYLTffGBAQkJmZWa4vv2ve/6lUqqqqqsnTZh4/fkII0bVrlzdff6VTx46y/8FDh+974D+ZmVlCiHfeevP6iePl/qysrIHXDJftiRPGP/fMk8q0qKu/X/PEUxeSyN9//blNm3AhREpKir6i4o033/7t9z+EELNvmHnL3Jv+qSo0lBARAAAAAAAAsBBrEAIAYCO6dOm88L13n3z6WRn4CSFKSkqWLl+xdPmKsLCw22+be8PMGVrthUe/Vqtt17atEMLZ2Un2Dw5u3b5dO/Mv0bNH96+Xf1Uzivv+hx9lOujm5rbos48D/P1NT1n4v3emz5ojhHjltdeVgPDNt96RjT69e7315msajUY5ZdrUybm5ubLDhx9/+ubrr8hgUgihzJvq6+t7yWoBAAAAAAAA1IopRgEAsB1jx8T8+suGG+fcUG1/SkrK/BcXXD95+tmEhMu5/huvv1LrQL2V33wrGw/cf49pOihFR/fsFR0thMjNzcvLy5PJ5Y9r18mjTz35uGk6KN18042ycfjIkcspGAAAAAAAAEBNjCAEAMCmBAYEvPjCc08+/tiff/29+dctP61brxw6FRs77857165Z5ebm1oArP/Tg/bUO2jMYDEeOHpNtN1e3g4cOm7lIQmKir69vQkKisqeqstLMKfHxZyorK5WBjwAAAAAAAAAuH39uAwDABrm4OI+57tox11370vzn1qz96a23/yfnEU1ITFy85Kv777unAddsV8eUnhkZmUr72efnm79Iamp6r+joM2f/GcgoZx81IysrOyQkuJ7FAgAAAAAAAKgTASEAALbMw8Pj5hvnDOjXb+qMG2RGeODgocZ9idy8PKXt5+drpqeDg0PbthFCiJxzORae4uPj4+trrgMAAAAAAACA+iIgBADA9nXoEDn7hpmfL1oshNh/4GDjXrx1UJDS3rxpvbe39yVPCQ0JkY1OHTtuWLemcesBAAAAAAAAYJ7a2gUAAIAroUNke9nw8HBv3Cv7+7dSFjVMTEq25JSIiDaycSo2tqqqqnHrAQAAAAAAAGAeASEAAHZBWfbv6m7dGv3iUR0iZWPbtu2W9G8T3kZp79t/oNHrAQAAAAAAAGAGASEAALZgw8ZN7aO6LHj19bIyXc2jaWnpn362SLa7dO5U6xV0ulpOtNDQIdfIxrvvLczOyblUd+Hi4tyndy/Zfv2N/xoMhvq+oq622wQAAAAAAABgCQJCAABavILCwqeeeV4IseTLpWPGX79+w0bTeTu379g599Y7ZNvNzW3WzBmm53p6eMrGtm07ZCM7J6ekpKReBdx++61+fr6yfedd9yb9e6LR0tLSjz75rO+AwXIRROmF55+VjSNHjz3x1LPFxcWmp2RkZD71zHN9BwzeuWu36X4Pdw/Z+O33P5SLZ2Vn16taAAAAAAAAwM6pjEajtWsAAACXJT8//+57H9i7b7/pzk4dO3p4uJ9NSMjNzVN2vvXm65MnTTTtduc9923Z8rtsT5ww3tPTY/mKlb2io7/5eqlarRZCxIydEB9/Rgix8L13x46JqauGTT9vvu+B/yibk66f0DEqSqVSnTl7dtXqH5T9O7b9GRgQINsvvvTK0uUrZDsoKHDE8GHt27UrLi4+cvSYkv+1jYjYsnmjcvrSZStefPkV2e7Xr2+P7lev/v4Hna78jy2/KAklAAAAAAAAAPMICAEAsAVVVVWLv1z6+hv/NdNn/gvP3jj7BpVKZbpz+46dN99ye83O365c3rtXtOUBoRBi/YaNTz/7gpnRhx9/+P61o0cpm3q9/sOPP/3gw4/r6h8WFrbos48j27dT9uTm5g0fFVPzJR55+D/33DXPTG0AAAAAAAAAFJr58+dbuwYAAHC51Gp1r+ieMdeOqqysTExKrqioUA6FhYWNHjXys48/HDxoYLV0UAgRHhYWFBS4a/ce5ZTIyPbvvPXmgP795ObyFSvz8vKFEJMnTWzXtq2ZGqKiOkyZMun8+fOlpWUFBQXK/sjI9jffOOeD99+9qmtX0/4ajWZA/37Dhg7JzcsrLCwsKytTDvXr1/e+e+565eX5/v6tTE9xdXXp27f3rt17i4qK5B4/P98nHn/k1rk3yfGOAAAAAAAAAC6JEYQAANiaqqqqc7m5uedyhRARbSNcXVwueUplZWVqapperw8Obu3u7n75NZSWlSUnJzs6Orbya+Xp6WHJKfn5+RkZmR6eHq38Wrm4OJvpaTAYsrNzCgoL/Hz9qiWIAAAAAAAAAC6JgBAAAAAAAAAAAACwI0zGBQAAAAAAAAAAANgRAkIAAAAAAAAAAADAjhAQAgAAAAAAAAAAAHaEgBAAAAAAAAAAAACwIwSEAAAAAAAAAAAAgB0hIAQAAAAAAAAAAADsCAEhAAAAAAAAAAAAYEcICAEAAAAAAAAAAAA7QkAIAAAAAAAAAAAA2BECQgAAAAAAAAAAAMCOEBACAAAAAAAAAAAAdoSAEAAAAAAAAAAAALAjBIQAAAAAAAAAAACAHSEgBAAAAAAAAAAAAOwIASEAAAAAAAAAAABgRwgIAQAAAAAAAAAAADtCQAgAAAAAAAAAAADYEQJCAAAAAAAAAAAAwI4QEAIAAAAAAAAAAAB2hIAQAAAAAAAAAAAAsCMEhAAAAAAAAAAAAIAdISAEAAAAAAAAAAAA7AgBIQAAAAAAAAAAAGBHCAgBAAAAAAAAAAAAO0JACAAAAAAAAAAAANgRAkIAAAAAAAAAAADAjmitXQAAAGhaVQZDUVFxcWlZWVm5vqKissoghNHaRQEAAABoVlRajdrRwcHFxcnd1cXT012jZlwBAAC2TGU08idCAABsk05XnpNXkJtfRCIIAAAAoD5Ufj6e/r7ezs5O1q4EAAA0CQJCAABsU3pmTnZuvrWrAAAAANCCBfj5BAf5W7sKAADQ+AgIAQCwNTpdeXJaVqlOZ+1CAAAAALR4rs7O4SGBDCUEAMDGEBACAGBTSkrLEpLTK6uqTHc6OTp6e7q7u7k6OztqtVqV9coDAAAA0AwZhaisrNTp9MUlpQVFxeV6velRrUbTNjzYzdXFegUCAIBGRkAIAIDt0OnK4xNTTdNBJ0fHoAA/Hy8Pq9YFAAAAoCXJLzyfmZ1rGhNqNZrIiFDGEQIAYDMICAEAsB1xZ5JNZxb18/EKDQ5kvCAAAACA+jIKkZqelZtfqOxxdXaOah9u1aIAAECjUVu7AAAA0DjSM3NM08HAVr5hpIMAAAAAGkQlRFhwYGArX2VPqU6Xnplj1aIAAECjISAEAMAW6HTl2bn5yqafj1frwFZWrQgAAABAi9c6sJWfj5eymZ2br9OVW7UiAADQOAgIAQCwBTl5BUrbydExNDjQquUAAAAAsBGhwYFOjo7KpulHDwAA0HIREAIA0OJVGQy5+UXKZlCAHzOLAgAAAGgUKiGCAvyUzdz8oiqDwaoVAQCARkBACABAi1dUVCyEUbadHB19vDysXREAAAAA2+Hj5WEyiNBYVFRs3XoAAMDlIyAEAKDFKy4tU9renu5WrQUAAACADTL9oGH6AQQAALRQBIQAALR4ZWXlStvdzdWqtQAAAACwQaYfNEw/gAAAgBaKgBAAgBZPX1GhtJ2dHc32BQAAAIB6M/2gYfoBBAAAtFAEhAAAtHiVVQalrdVqrVoLAAAAABtk+kHD9AMIAABooQgIAQCwAUalpbJqHQAAAABs0r8/aBjr7AcAAFoIAkIAAAAAAAAAAADAjhAQAgAAAAAAAAAAAHaEgBAAAAAAAAAAAACwIwSEAAAAAAAAAAAAgB0hIAQAAAAAAAAAAADsCAEhAAAAAAAAAAAAYEcICAEAAAAAAAAAAAA7QkAIAAAAAAAAAAAA2BECQgAAAAAAAAAAAMCOEBACAAAAAAAAAAAAdoSAEAAAAAAAAAAAALAjWmsXAAAAWpi8/IIzZxOFEIGB/uGhIZfsn56RmZGZnZGVXVFR0TowoHXrwLCQYLX6Ev9LyWAwJKemZWZmZ2bnaNTq1kGBrVsHhrQOqm+1ZxKSSktLhRChIcE+3l6X7J+UklpUdF4IEdw6yM/Xp16vZTAYTsXFV1VVCSHCw0K9PD3qW60iKztn/c9bKioqhl0zsFNUZIOvY4mCwqK09IzU9Izi4pLgoMCQkNZBgQGODg5N+qIAAAAAAACwIgJCAABQD4nJKR98sriislIIMah/H/MBYWJyynff/5SWkVltv6enxw3TJnXpFFXXiYeOHl+9Zt354pJq+0NDWs+cer0lqaR0Ki7+40VfyfaMKRMH9e9zyVMWfvyFvDsHrfbl555wcXG28LWEEN+v3bBt5x7Znjt7RnSPbpafa8poNL730aKS0lIhxMnY0/OfftSSaLMBCgqLln+z+vSZhJqHevfsPm3S+HrdPgAAAAAAAFoKphgFAACWOnT0+LsffCbzs0vavmvvux98VjMdFEIUFZ3/dPGyn7f8UeuJK1etWbLsm5rpoBAiNS3j7fc/ORUXb0kBRUXnF325wpKetaqorFz/86+W9z+Xm6ekg5epuKREpoNSRmZWo1y2mrj4sy++9nat6aAQYt/Bw8+9/MbR4yer7f/o8y+ffen1rTt2N0VJAAAAAAAAuDIYQQgAACyy5c+t6zZutrBzQlLydz/8pGz26dWjfUQboxBx8WcPHj4qd27a/HunDpERbcJMT9y+a++uvQdkW61WDxnUPyQ4SKcrP3z0ePzZRLl/0Zcrnn/qEU8PdzMFGI3GT5csszDLrMu2nXuGDxnUys/Xks7fr91wOa9lyt3NzcXZuUynk5tBgQGNdWWFTle+eOlKg8EgNwP8W0VFtvNwd885l3v8ZKx86YrKylNx8d26dlbOqqisjD19pukySwAAAAAAAFwZBIQAAOASjEbjN6t/VHI7SyxbuVo2nBwdH3/oXiVjG9iv9/AhA99Z+Knc/GHdxofvu1M5S6/XK7FiYID/Q/fOU6a4HDKo/669B1auWiNjqv0HDw8fMshMAT9t3JyallHPG63FqjXr7r5j7iW7JSalnDgVd/kvJ6lUqofum7f+5y16vX74kEG+Pt6NdWXFxs2/KQHkrGmTBvTtpRwyGAw7du+Teed1o4ebnpWXl9/olQAAAAAAAODKIyAEAADm6PX6TxcvU0bv+fn6ODk6ppsdQJaXX5B7MUm6646bq43AaxMWOmrYNVv+3CqESE//1wSkphnb/XfdXm0BvP59onfu2ZeYlCKEOJuYbCYgPHEq7ve/tsl2ZLsIpfgGOBUXfyYhqX3bNua7ffv92ga/RK0CA/xvv/mGxr2mKTkQUAjRq+fVpumgHLg5eEDfvr16VFZVubq4mB7KOZfbdCUBAAAAAADgimENQgAAYM5b73+iBGwd2rd98uH7PD09zJ9y6Mgx2Wjl59suopZorVPHDrJRUVmZX1Co7N9/6MLso3169fBwd6t5Yof27WQjKzunrlcvLCxavHSlbI8fM7pNeFhdPc1Tqy/8mvTN6h+NRqOZnoePnTCfmDY3RqMxMytbtjtFRdbax9HRsVo6KNdZbPrqAAAAAAAA0OQYQQgAAMyJimwn07hB/ftMnzxBpVJd8pSOHdqPuXZEUdH5QQP61trByclRaVdVVSntQf37BLTyq6isHD1iSO2XvhjUedURUhoMhk8XX1h6sF1E+Khh16zb9OslC67V9eNi1qzbJITIzjm398Chvr161vWKqy5Oi9qlU1RefoGSvdVUUFB4MvZ0UmpaSmpaYWFRUGBAeGjI0MEDvLw8q/U8cSru4OFjQoiw0OAhg/or+/fuPxQXf9bXxztm1DC1Wl1QWHQq9nRs/JmExGQvL8+I8LC+vXqEBLc2f2sqlUqtVssFCDMy66zWVLlen5ubp4w7zM3LPxUXrxxtGxHu5OhY99kAAAAAAABoXggIAQCAOZMnjPHy8vTz8Ynu0c3CU0KCW5vPqEwjND9fH6XdKSqyrgFtctzb8ZOxsh0aElxrn7UbfknLyJRrH94+d7YlcWZdIttFdOkUJWc9/WHtxp7duzloa/nFaeuO3eeLS2R76vXjPv9yRV3F/7Vt59oNv8hYTjpfnHD6TMIfW3fMnT29x9VXmfY/GXt6z/6DQoi8/HzTgPBk3On9B48IIUJDWpeWlX393RrlUH5BYWJSyp9bd0yeMGbYNQPN311QgL8c9bh1+65ePa4ODTH39TqbmPTeR4tM95yKizcNCB978O66viIAAAAAAABohphiFAAAmKPRaEYPH2J5OmiJbTv3yEaAfysLMzyDwbB2wy/KTJ7DawvAjp+M/XPrDtm+45Y57m61TFJaL1OvHycbZTrdlt//rtmhXK9ft3GzbA/s17vaaouK0rKyt97/eM26TUo66KDVKlOYGgyGJcu/VVZttNCKb39Q0kG1Wq1cTQixZt2ms4nJ5k9vGxEuGxWVlW8v/OSnjZvPFxfX1VlbWzIKAAAAAACAlos/9wAAgCsqISk5KTlVtq8bNdx858ys7IzMrKzsc39v31VSWip33jJnRs11EAsKi5Ys+0a2RwwdHBXZ7vJLbeXne83Aflt37BZCbP79r8ED+3q4u5t22LT5dzmdqVqtHj9mdF3X0Wg0WVkXFk0cds3AkcOu8fRwl4nmoq++lqnh92s3zLv1RstrK9PphBD9+0QPGtA3LCRYCHHw8LFl36y+eLX1jz14j5nTx48ZfeDQUXkRg8Hw259bf/tza/u2bfr2jo7ufpXjv+cLDQ8NefrRByqrqr5Z/WNySpoQ4uqrulw3+p+vXYB/K8srBwAAAAAAgNUREAIAgCtHpyv/fMmFSTh9vL0uOTDx8y9XnMvNUzZb+fnedtOsmvOXGgyGjxd9JbO64KDACXVndfU1LmbUrj37KyorDQbDj+t+vumGacqhwsKiP/7eLtsxo4a5ubrWdREnR8cH7rnj2PFTvaO7m2ZpXTt3HBczUq6SGHdxeT/LzZk5xXRlxOge3c7l5m34ZYsQIjUto6qqSqPR1HWuq4vL3f8399MvlimxqxDiTELSmYSkb79f27tn94njrjVNQwMD/OVZctPD3S2kdVB9CwYAAAAAAEAzwRSjAADgCjEYDJ8tuZBIqdXqu++YW981As/l5n3z/dqCgsJq+9es2yTXNVSr1XfedpPpfJuXycXFedx1o2R738HDyhynQog16zdd6OPsPHLYNeavEx4aMjZmZM2RdsrSgxWVlaVlZZYX1r1bV9N0UOrbq4fSvuScpW3CQuc//ciIoYOd/j1e0GAw7Nl/8PkF/91/6Ijl9QAAAAAAAKAFISAEAABXgtFoXLzsmzMJSXJz7uzpclCaeTOnXj9p/HVDBvVXOienpC1483/ZOeeUPkePn/x7+y7ZvuXGmd7eXo1b+dDBAzzcLyxn+M3qH2UjPSPz4OFjsj1p/HUODV2lz8ek2oLCIstPrDVZ9fLyrNfVHB0drx8X8/pLz9x52029el5tehcGg2Hp16uSUlItLwkAAAAAAAAtBVOMAgCAJmc0Gpd9s/ro8ZNyc/rkCcrIOfOiItspqwmeiov/dPEyg8FQUVm5as26e+fdKoTILyhcfHHpwf59ortf1aXRi1er1dOnTFy8dKUQIik59cSpuC6dor794Sd51Mfbq1+f6Hpd0Gg0FhWdz80vyMvPzzcdDWk0XmappiMy5WKEllCr1V06RXXpFFU1o2r/oSM/rvtZmXd0+TffP/PYg5dZFQAAAAAAAJobAkIAANC0jEbj8m++33/wwnyVE8deO3hA3wZcp1NU5LRJ47/74SchRFz82ZKSUjc312UrVylJWEFh0WdLllc7Ky09QzZ+/f2v4ydjhRDeXp4zpkys10t3v6pLSOugtIxMIcS336+dM3NqYlKKPDRjykQLJ0rV6/W79x3cd/Cwcm41lxsPXjaNRtO3V8+unTu+s/BTufRjds4582sZAgAAAAAAoCUiIAQAAE1IpoP7Dh6Wm2NjRl5yuT4zort3++7i0L2snJx2bm0cHByUo6fi4s2cm19QKIfrubm61jcgFELMmj7p7fc/kTHkh58tkTvDw0K6dIqy5PTk1LT3P1pUUVlputPF2dnNzVVGcc2Hm6vr2JiRS79eJTczMrNDQ1pbuygAAAAAAAA0JgJCAADQVIxG44pvf1DSwZiRw2JGDqur8/ni4j/+3hEXf6ZPdI+hgwfU2sfJyVFp63TlQohePa+Oiz9r+XSaQgg/P5/63MQF4aEh3bp2VmZJlWZOud6ScxOTUt77eJEs0sPd7ZqB/btd1Tk4KFAeffDx52TDonGIV0RI6yCl7ejoYLYvAAAAAAAAWh4CQgAA0FRWfPfD3gOHZHvk0MFjY0aa6Xwy9vRvf24VQqSkpl99VRcfb6+afZJT0pR2eFiIEKJvr559e/U0c9mfNm6Wl50xZeKg/n0u427EtOvHmQaEV1/VxcKhdb/89qdMByPahN3zf7c4OTpacJI1ZWRmKW3/Vn5WrQUAAAAAAACNT23tAgAAgG36+rs1e/dfSAeHDh4wcVyM+f7R3bup1Rd+M1m2cpXRWH1JPqPR+O33a2XbxdnZ3c2tCao2x9vba9g1A5XNKRPHWnji6fizsnHtiKHV0sFyvb5Ra7RIekbmQ0++8N/3Pqp1dtOqqqof1/8s2wH+rWpdYVFfUdH0ZQIAAAAAAKCpEBACAIDGt3LVmt37Dsj2oP59xoweUVJSJiC1PAAAIABJREFUWvOfnCZU0mq1Qwb1l+0zCUmff7mipLRUOVpUdH7hJ1+kXxzZ1r9vryt7QxdcPy5m7LUjO3Zo//D9d9Y6xrFWjhdDwbz8AtP9hYVFb733sbJZPRFtMl99vcpgMKSmZbzy3/fWbviltLRMOZSRmfXOB58WFBbJzfFjRpue6OLiLBsnTsbJhk5XLld2BAAAAAAAQAvCFKMAAOASDhw6Gn82QdlMS8+QjVNx8d/98JNsOzs5jR8zWg4BXLNu0669B5T+23ft3b5rb10XH3/dqNEjhsr2hDGjj504JYe1HT8Z++xLb7QODPD19cnOOZeVnaOcEhwUOHHstU1wo5emVqtjRtW5jGJdwkKDT8XFCyF++GmjnBy1Ql9x+NiJbTv31Gv1xMYSFOCfmZUthDAYDL//te33v7a5ODt7eXkWFhaV6XRKt66dO3a/qsu/TwyQjZLS0lffer9tm7D9B49UGQzzn37Uy9Pjit8HAAAAAAAAGoiAEAAAXMLxk7H7Dh6uuT83L980+Rs1Yoiri4vRaPxz6w7LL56QlKK0tVrtvfNufe+jz+UINoPBkJaRmZaRado/NKT1nbfepExG2iJMHBcjA0KDwbD6x/Wmh9pFhKtUqjMJSVeynltvmnXw8LEV335fUVkp95TpdKbRoBCiR7eus6ZNqnbigH69lfUUs7JzlNT2j7+3Txp/3ZUqHwAAAAAAAJeLgBAAAFyCRqOxvHPNtQPrxdfH+4WnHtm6Y/evv/91vrjE9FCAf6vxY0ZXG9PWdBwcHBp0Vi2/XIW0Drp33q0rvv1embpTCOHj7TXm2hH9ekfvP3REBoSa2lJPx3+vWfjPCzk2pDxFz+5XtW/bZsPm3w4fOW4aDTpotYGB/hPHxnTs0L7mWV6eHnfedtOXy79VTnHQakePHDp6+JDLKQYAAAAAAABXmOoy/4oHAACs7tDxOKXdo2uUVWtpTBWVlRmZWTpdeSs/Xx9vL5VKZe2KLldR0fmcc7laB62Pt7enh7u1y7mgqOh8QVGRXl8R4N/KkqqMRmNefkFxSYmXp6e3l+cVqREAAADWZ6ufOwAAsE+MIAQAAM2Ug1YbHhpi7Soak6enh2fzW6uvvlWpVCo/Xx8/X5+mLAoAAAAAAABNqCWt3wMAAAAAAAAAAADgMhEQAgAAAAAAAAAAAHaEgBAAAAAAAAAAAACwIwSEAAAAAAAAAAAAgB0hIAQAAAAAAAAAAADsCAEhAAAAAAAAAAAAYEcICAEAAAAAAAAAAAA7QkAIAAAAAAAAAAAA2BECQgAAAAAAAAAAAMCOEBACAAAAAAAAAAAAdoSAEAAAG6BSWkar1gEAAADAJv37g4aqzn4AAKCFICAEAKDF02r+eaBXVlZatRYAAAAANsj0g4bpBxAAANBC8TgHAKDFc3RwUNo6nd6qtQAAAACwQaYfNEw/gAAAgBaKgBAAgBbPxcVJaReXlFq1FgAAAAA2yPSDhukHEAAA0EIREAIA0OK5u7oo7YKiYqvWAgAAAMAGmX7QMP0AAgAAWigCQgAAWjxPT3chVLJdrtfnF563dkUAAAAAbEd+4flyvTLFqMrT09269QAAgMtHQAgAQIunUav9fDyVzczsXKNV6wEAAABgM4xCZGbnKpt+Pp4aNX9RBACgxeNxDgCALfD39Vba5Xp9anqWVcsBAAAAYCNS07NMhg/+66MHAABouQgIAQCwBc7OTgF+Pspmbn5hRtY5q1YEAAAAoMXLyDqXm1+obAb4+Tg7O1m1IgAA0DgICAEAsBHBQf6uzs7KZta5vJT0LOYaBQAAANAARiFS0rOyzuUpe1ydnYOD/K1aFAAAaDQqo5G/HAIAYCN0uvL4xNTKqiplj5OjY1CAn4+Xh1XrAgAAANCS5Beez8zONZ1ZVKvRREaEMnwQAACbQUAIAIBNKSktS0hON80IZUzo7enu7ubq7Oyo1WpV1isPAAAAQDNkFKKyslKn0xeXlBYUFZtGgzIdbBse7ObqYr0CAQBAIyMgBADA1uh05clpWaU6nbULAQAAANDiuTo7h4cEMnYQAAAbQ0AIAIBtSs/Myc7Nt3YVAAAAAFqwAD8f1h0EAMAmERACAGCzdLrynLyC3PwiIXjcAwAAALCcys/H09/Xm4GDAADYKgJCAABsXJXBUFRUXFxaVlZWrq+oqKwykBcCAAAA+DeVVqN2dHBwcXFyd3Xx9HTXqNXWLgkAADQhAkIAAAAAAAAAAADAjvBfgQAAAAAAAAAAAAA7QkAIAAAAAAAAAAAA2BECQgAAAAAAAAAAAMCOEBACAAAAAAAAAAAAdoSAEAAAAAAAAAAAALAjBIQAAAAAAAAAAACAHSEgBAAAAAAAAAAAAOwIASEAAAAAAAAAAABgRwgIAQAAAAAAAAAAADtCQAgAAAAAAAAAAADYEQJCAAAAAAAAAAAAwI5orV0AAABoQjk55w4dPpyTcy43N9fZxaVjhw4dOkQGBQWqVKqanVNSUj5btFinK581c1qv6Ghr1AsAsAUGgyEtLS3+zNnTp+OFEJGR7SPbtw8JCdZoNNYuDUALU1FRsWfvvnqdotVo+vXrK9v8fgsAAFAXldFotHYNAACg8W3dtv2dd987cvRYzUNubm6DBg546onHwsPDlJ1Go3F0zLiExES5uWPbn4EBAVewXgCAjThx4uSTzzx3/PiJavvd3NyefvKxGdOnqdXMZAPAUqdiY8dNmFyvU9zc3I4c3MvvtwAAAObxwQwAAFtTWFj01DPP3XLb/9WaDgohSkpKNv+6ZfiomKXLVlRVVV08q1D564kQIjExyfSUgsLCaTNuiBk7IT7+TBOXDwBowZavWDlh0tSa6aB8+jzz3PxZs29OSko23d8UjxgeW4A9CwsNlQ3zv98CAADYOaYYBQDApuzatfuBhx7Jzc0z3Xl1t6uuuqqrh4dHdnb231u3KUdffPmV2Ni4Vxa8KITw8vIKCwtLSUmRhyLahJteITY27uChw0KIrOzsyMj2V/CGAAAtxqnY2BdefFnZHDf2ui6dO2sdtAlnE9dt2FhSUiKE2H/gQGpaWhuTp0xTPGJ4bAE2w8fb+9Zbbjbfx2AwfLV0ubJ5260X+pv//RYAAMDOERACAGA7cnLOzbv7PvkXWCGEn5/v668uGDrkGtM1n4xG446du1597c1TsbFCiFmzpsv9KpVq6ZJFn3+xuKysbNbMGYGBgaZXTk9Pv7K3AgBoeV5a8Jps+Pn5LvtqcceoKOXQM08/8fkXS95f+GG/fn0HDRxgelZTPGJ4bAE2IzAw8NmnnzTfZ9XqH5T2dTHXTp1yYUpS87/fAgAA2DkCQgAAbMeCV19X0sHx48a+OP85by+van1UKtWggQPWrlm15sefAgL8u111lXIoPDzs5RdfqPXKKSmpTVk4AKDF0+v1u3fvke0FL803TQeFEK6urg/ef++tc292cXGudmJTPGJ4bAH2IzEx6cmnn5VtPz/fV16eb3rUzO+3AAAAdo6AEAAAG/HX31vXb9go23169/rfO/9VqVR1ddZqtdOnTbH84skXp2YCAKBWZ84mKO3evaJr7ePp6VFzZ1M8YnhsAXaioqLioUceUzbfe/dtb29vq1YEAADQYhAQAgBgCwwGw9PPPq9svjj/OTPpYF327N33+x9/CiE6RkVNnjRR7iwsLMrIzDh67LjcjI2Nc3Z2km21WtOzR/d331tYXl6uUqlGDB/Wp3evWq9cVVW1+Mulubm5KpXq9ltvadXKr0F3CQBovjRqtdJOTEzy9fW95CmXfMSYdi4r0+3avfvkqdiTJ0/GnY4PCw3t2rXLdTHXdu7UscHXlOsmHjp85PjxEwkJic7Ozl26dL66W7eRI4Y14DEK4Mpb+OHHR44ek+07590xoH+/ah1q/f1WCPHrlt/2HzgYFBh4042zNRpNfn7+nr37du/Zu2//AT9f3+iePa65ZnCP7ldf2bsBAAC4olRGo9HaNQAAgMt1KjZ23IQLq63cduvcZ556ogEXWfjBR/97/wMhxLix173/v3eEEEu+XLrg1dfr6u/m5nbk4N4nn35Wrvvi5ua2d9c2Jyenmj03bvrl/gcfkn12bf/L1dW1AeUBAJqzioqKTl0vxG/9+vX95MOFtY4XVFjyiFE2Dxw4+PBjT6bUNi7w8UcfvnPeHQ24Znl5+bvvLfx80eKaPQcPGrjg5flhoaFm6gdgdXv37Z81+ybZ7tq1y+pvv3Z0dKzWp+bvt9KCV19f8uVSIcTSL7/QarX/d+c9ykT9imeeeuK2W+c2/X0AAABYh9qCPgAAoLnbuXO30h4+bGhjXbbWtK+am2+cIxslJSWbf91Sa5/lX6+UjTmzZ5EOAoBNcnBwUMbn7d69Z8q0mWt/Wq/X6+vqb8kjRnrr7f9NnzVHSQfd3Nz8/P4ZnvjmW+/8uuW3+l6zqOj8lGmzlHQwLCxs5IjhvaIvzIy6bfuOcRMmFxQUWHg1AFdeYWHRfx5+VNl89+03a6aDlnj3f+/PvnFuzXRQCPHKa298/sWSyysTAACg+WKKUQAAbEFKaqrSbte2bWNddsb0qf379zUajZOnzpR/N3n91QXR0T3kUY1aI4To0qVzv359d+/eI4RYvOSrCePHVbvI6dPx8qgQYvasGY1VGwCguXlp/vMTJk2V7YTExIcfffy5F16cOnnSmDExvXtFq9X/+v+pljxipOSUZNmYOmXyXXfeIR9zKampDzz4sJxa8JXX3hwxfJhGo7H8mh9+9Mmp2FgZN7715mvXjh4l92dlZz/y6BM7d+0uKSn571vvvrLgxSZ+zwA00PyXFmRmZsn2gpfmt2/XrmHXOXjosBDi7jvnTZgwtkNkpNFo3LV7z933PiB/hiz84KM5s2e5urg0ZukAAADNAyMIAQCwBefOnVPagYEBjXVZrVbbrm3b9u3aKQs4BQe3bt+unfwXEdFG7rztlguTLx05euzwkaPVLrLy2+9kY9SoEWFhYY1VGwCguenSpfPC9951c3NT9pSUlCxdvuKGOTePGD1m2YqvKysrlUMWPmKEEC++8NxTTz62+ruVb77+ivKfYMJCQ9947RXZTklJSUlJtfya8fFnFi2+MCro4w/fV9JBIURgQMBHH7wvb+Gb71YlJSU32bsFoOF+XLvup3XrZXvUqBGzZk6/nKu9suDFRx/5T8eoKLVardFoBg0csHzphR8RJSUl3/+wpjFKBgAAaHYICAEAsAU6XblshIWFqVSqK/zqw4cNUZK/FV9/Y3qopKTkq6XLZfvWm2+6woUBAK6wsWNifv1lw41zbqi2PyXl/9m7z/goyrUPwJNCCAQIIUhHehOwYOGoqNgFGx4r6mvvFRVRjhV7710sx3bsYG/YsQvYQBGEUKQaekIoyb4fxrPuCcUNBDabva6fH+55dmb23nWcwf3zzEy7csg1Bx506KTJkyu6z7y8vJNOOD56/9Kojh07NGnSOKynTK1Akjf8ldfCYtfeu+y4w/blXq1Xr+5JJxwX1r9OmFDRboENbdq0aRdc+OfztvPzG1x/zVXr86ffg/950BGHlc8XN+/ebdtttg7rL7/8ej2aBQCougSEAFAdtG7156yIadOmxc7P2DgyMjJOPOHPSYQvvTzsjz8Koy+9/uZbYdG+fbuePbfbyI0BsPE1btRoyBWX/fT96HvuuuOA/feLfemX8eNPOfXM1T7ra920+u/lb86cufFvFY39mjZtMua771f9Z9HixeEKE3/7rbJaBSpFaWnpBRcOji7eevONDRo0WOsWf6NWrezVju++265hEXsnfwCA6sQzCAGgOmjfvl20njptWiU+hjBO/Q7Y/8oh14T1Cy+9dPqpp4T1E088HRYnHn/cxp/aCECi1KqV3Wefvfrss9dVV1427JVXb7n1jjAXnFxQ8Ohj/z77rDPWec8LFy6aPXv27DlzZs6cNWf2nHAwEonEv4ex48aFxTP/ee6Z/zy3ljWnT/t9nfsENoT77n9w1OjRYX3C8cfu1GvHDfRGjRr9edP+goIpG+gtAAASS0AIANVBu3Z/JYIFBVM2fkBYt27dk044Pnyk02OPP3HyiSdkZmaOHj3ml/HjgyDIycnZf799N3JLAFQFdevWPeboo7bv2fPgw/qHGeHoMd9VdCeRSGTkZ5+//c57r73+xmonIEaCCgSEs2bNDoucnJzo0wpXq1u3rhVtFdhwxnz3/R133RPWnTt1Gnj+gA33Xg0a5IVFUVHR0qUla5poCACQvASEAFAdxCaCL7z48m679t74PRx15BFhQFhYOG/E+x/ss/dezzz757SM/zv6SL+qAKSyDh3aH9n/8IeHPhoEwajRYyq07aJFi88465wvvvwqdjA/v0HzZs1+mzR5HW5Y2qZ168kFBUEQ3HbLTXvsvmtFNwcSYsmSJWed81ciePutN9WsubaAfz0tXLgwWvtzLABQLXkGIQBUB3l5eV27bhbW77434rPPv9j4PWy6acu99twjrB//95OFhfOGDX81XDzyiMM3fj8AVCkd/ns37Lp168S/1cKFi/ofdUyYDubk5Aw456wXn//Prz//+PUXI4e99Pw2W/cIV0sLKnAX6y5dOoVFGBMCSWHI1ddFp/9eecWlHTt22KBvN3PmrLDYvHu3DfpGAACJIiAEgGpiyBWXResrrry6pKRk7esvW7Zs5cqVldvD8ccdExbffDvqxptvDeu+ffZu3rxZ5b4RAEnnt0mTw2Lz7t3j3+qDDz8M71bdsmXLt9949eyzzthqyy0yMjLWp5O2bduGxYcffbw++wE2mjfefOvlYcPDetfeuxx9ZP8N/Y4jP/s8LNq1a7uh3wsAICEEhABQTWy15RaHHXpwWE8uKDj40P7jf/11TSt/OvKzbf/Ra5++B8ybN69C77L23HG7bbfp3OnPaRkvvTwsLP7v6KMq9BYAJKM33nyrXcfNrrnuhqVLV3Ol+P33GQ8+NDSsN+vSebV7WO0lJjon/uCDDmzWrGm5V5cs+Zv7i652nzv8o2dYfPXV1zJCqPpmzJg5+JLLwzonJ+eG665JS6vApOG1Ky5euurgTz+NjQaEu+y8U2W9FwBAlSIgBIDq44LzBuTk5IT1L+PH992v3/0PPvTTT2OjP4+WlpZ+/8OPAwddfNwJJxcVFU0uKLhiyNXx7Lle3XphMXLkn7+VzJk7d7WPfTr5pBNiFzt36rTdttus38cCoKpbsHBh+PP9Y48/0We/A19/483S0tLoq599/sWxx58U1jk5OUccfljstmu/xNStUzcsZsycGbvV8uXLr7nuhlGjR4eLkSAS/z579tyub5+9w/qiwZd8OvKz2G1LS0vfePOtPfbqe+bZA2I/BZAQpaWl5w8cFP3v9+47b2vYML8S9//ysOH3PfBQ7Mhvkyadde75Yd2mdeu+ffapxLcDAKg6MhPdAABQaRo2zH/huafPv+Ci8G5sQRDccusdt9x6R/jrxqoPW+q14w6XX3pJPHtu175tuO0TTz29YOHCevXqPvX0f7bu0ePZZ55IT/+fv2/UZ5+9rrvhxsLCPycmnnD8MZX3+QCooiJlZZt16fzNt6OCIJg2bdq55w0897yBnTt1qlu3zqTJk6MXhfCG2Jts0jB227VfYqJP2H3+hZdatGjRe+ed0jMyvv/++6GPPL6WJwj+7WXr4kEXvvnWO0EQFBbOO+6Ek3ftvUv37t1y69Wb/vvvb739Tvics8kFBe+NeH+fvffakN8c8Deeefa58NwSuvCiwX+7ySEH/3PQwPPjf4tbb7vjo48+2X77npkZGTNmznzjzbejeeRFgy5Yz3saAwBUWQJCAKhWOnXs+PKLz955973RO7mFVv0V9fwB55x26slx/uRxzNFHjRjxQVi/+trrYTFq9OjRY77bZusesWvWrFnzqCP733X3veE0kb59+qzfBwIgCeTl5T395OOPPv7EDTfeHB2M/m2VqCuvuLTfgfuXG1z7JWbfvn0efuTRiRN/C4LgttvvvO32O6Mbtmndum/ffe6974FV+/nby1bz5s1eHfbi+RdeFO75w48+XvVeo2ecdspee+6xjt8IUEneeOOt2MXYv3CwJpMnr/FvD6zJqNGjozOSo+6+8/Y999i9orsCAEgWbjEKANVNzZo1Bw08/4Vnnz7s0IOjdxyNys9vcPRR/V964dkzzzhtTelgdnatciM77rD9dddeFbu39u3bPf7ow+XSwdDM/94F7vjjjqlVK3u9PxAASSAjI+PkE49/47Vhq159WrZsefA/D/r0o/f/76gjV31y2NovMbVqZT829KF9+/7PLf6aNGl88aCBb7w27Kj+h4cbZv7vFS2ey1bXrpu9OuzFAeectXn3brHb5uc3OLL/4e+89foF5w8oN0se2PjSK2kC36p/vg0dfVT/Z595cusef50c8vMb7Nt3n9dfHRa9FzEAQLWUFolE4lgNAEhKpaWl8+cvmDdvXlFxcW5uvQZ5efXq1VvnnztXrlw5ffrvy5cvb9asaZ06dVa7zqxZs3fcedewHvnxB02bNlmP9gFISqWlpX8UFhb+URgEQes2rWvXWv3v8rH+9hJTVFQ0bfr0lStW5ufnN2nSeNWgcR32GdvwlKlTS1eW5uXlVe7jzYCq6Zrrbnjs8SfCgHDIFZeF54GCKVNyauc0adI40d0BAGwMbjEKANVZRkZGw4b5lfVbZ2ZmZuvWrda+zhNPPR0W+/bdRzoIkJoyMjIaN2rUuFGj+Df520tMTk5O506dKtRGPJetUEZGRts2bSq0c6CaycjIaNe2baK7AADYeNwvBQCoNIsWLY4++/DYY45OdDsAAAAAwGoICAGASvPcCy+GRdeum8U+ygUAAAAAqDoEhABA5Vi2bNnDQx8J6xOOOzbR7QAAAAAAq+cZhABA5Vi4aNEpJ58YBEF+gwYH7L9votsBAIDV223X3k2aNA6CYIvNN090LwAAiZEWiUQS3QMAAAAAAACwkbjFKAAAAAAAAKQQASEAAAAAAACkEAEhAAAAAAAApBABIQAAAAAAAKQQASEAAAAAAACkEAEhAAAAAAAApBABIQAAAAAAAKQQASEAAAAAAACkEAEhAAAAAAAApBABIQAAAAAAAKQQASEAAAAAAACkEAEhAAAAAAAApBABIQAAAAAAAKQQASEAAAAAAACkEAEhAAAAAAAApBABIQAAAAAAAKQQASEAAAAAAACkEAEhAAAAAAAApBABIQAAAAAAAKQQASEAAAAAAACkEAEhAAAAAAAApJDMRDcAAGxYpWVlixYtWVK8dOnSZctXrFhZWhYEkUQ3BUA5aZkZ6Vk1atSqVbNO7Vr16tXJSK8+f5vTlQgSx7mF+FXnowUAWFVaJOIPTwBQPZWULJs7b0Hh/EV+KwFINmn5efU2aVA/O7tmojtZL65EUMU4txC/anK0AABrIiAEgOppxqy5cwrnJ7oLANZLo/y8Zk02SXQX68iVCKos5xbil9RHCwCwFgJCAKhuSkqWTf19dnFJSaIbAaAS1M7O3rR54+SawOFKBFWfcwvxS8ajBQD4WwJCAKhWioqXTp46Y2Vpaexgzays+vXq1MmpnZ2dlZmZmZa49gBYrUgQrFy5sqRk+ZKi4gWLlixbvjz21cyMjDabNsupXStxDVaAKxFUHc4txK86HS0AQDwEhABQfZSULJtYMD32d5OaWVlNGuXn5dZNaF8AVMz8hYtnzSmM/XE2MyOjfesWVX/2hisRVGXOLcQveY8WACBOAkIAqD5+/W1q7D2X8vNyWzRr7G9SAySjSBBMnzG7cP7C6Ejt7OyO7TZNaFN/z5UIqjjnFuKXpEcLABCn9EQ3AABUjhmz5sb+btK4YYOWfjcBSFppQdCyWePGDRtER4pLSmbMmpvQpv6GKxFUfc4txC8ZjxYAIH4CQgCoDkpKls0pnB9dzM/Lbdq4YUI7AqASNG3cMD8vN7o4p3B+ScmyhHa0Rq5EkEScW4hfEh0tAECFCAgBoDqYO29BtK6ZldWiWeOEtgNApWnRrHHNrKzoYuwJv0pxJYLk4txC/JLlaAEAKkRACABJr7SsrHD+ouhik0b57rkEUG2kBUGTRvnRxcL5i0rLyhLa0Wq4EkHScW4hfklxtAAAFSUgBICkt2jRkiCIhHXNrKy83LqJ7giAypSXWzdm6kZk0aIlie1nVa5EkIycW4hf1T9aAICKEhACQNJbUrw0WtevVyehvQCwQcSe3mNP+1WEKxEkKecW4lfFjxYAoKIEhACQ9JYuXRat6+TUTmgvAGwQsaf32NN+FeFKBEnKuYX4VfGjBQCoKAEhACS95StWROvs7Ky1rgtAUoo9vcee9qsIVyJIUs4txK+KHy0AQEUJCAEg6a0sLYvWmZmZCe0FgA0i9vQee9qvIlyJIEk5txC/Kn60AAAVJSAEgGogEq3SEtoHABvI/57eI2tcL2FciSApObcQvyp/tAAAFSMgBAAAAAAAgBQiIAQAAAAAAIAUIiAEAAAAAACAFCIgBAAAAAAAgBQiIAQAAAAAAIAUIiAEAAAAAACAFCIgBAAAAAAAgBQiIAQAAAAAAIAUIiAEAAAAAACAFCIgBAAAAAAAgBQiIAQAAAAAAIAUkpnoBgAAAKAC5s7947vvv58794/CwsLsWrU6dejQoUP7Jk0ap6WlrbryIYf1/3XCxCAIbr35hj332D0R/QIAAFQ5AkIAAACSw6cjP7vt9jt/+PGnVV/KycnZcYftB1904aabtowdX7xkSVFRURAEK1as3IidAgAAVGluMQoAAEBVt3DhosGXXHbcCSevNh0MgqCoqOjd90bsusfeTzz5dGlp6UZvEAAAIJmYQQgAAECV9uWXX51z3gWFhfNiBzfv3q1bt65169adM2fOJ5+OjL465Oprx4//9dprhiSoWQAAgCQgIAQAAKDqmjv3j1NOPyu8TWgQBPn5DW647ppddt4pIyMjuk7jSIVIAAAgAElEQVQkEvn8iy+vu/6mX8aPD4LgiCMOTVy/AAAASUBACAAAQNV1zXU3RNPB/fbtO+TKy+rn5pZbJy0tbccdtn9l2AvDhr/aqNEm3bt1S0SnAAAASUNACAAAQBX18Sefvv7Gm2G97TZb33HbzWlpaWtaOTMz89BD/rkRu4OKOf2sAUEQnHTicVtvtWWcm4wa893QRx6v6FYAAPC3BIQAAABURWVlZf+69PLo4pArL1tLOhinX3+d8O2o0aNGj540aXL79u0369L5nwf1y82tt6b1v/7m27Fjx/38y/ipU6fm5eVt1qVzl86dd9hx+9q1aq1pk5KSks8+/+KXX8aP+/mXwsLCFi2ad+nSebMuXf7Rc7s19f/1N99+8snICb9NnDlzVru2bTt17NCjx1bbbbvNaleePXv21998O3bcz+PH/1pWVtaxY4fOnTr26bPPWlqiKhg15rtRY74LgmDUWQPuv+eOeNK+UWO+CzPFIAhO2vAdAgCQUgSEAAAAVEW/Tpgwa9bssD7h+GM7dey4PntbsWLFrbfdcd8DD0VHfvjxp5eHBUMffezeu+/ccovNy60/d+4fl15x5YgRH8QOvvveiCAIWrZsefutN2215RarvsvYsePOPW/g5IKC6Mg3344aNvzVIAh22Xmn66+7unGjRrHrL168eNDFl4S7je4hLPr22fvSSwaXW3/Y8FcGDhocOzLys8+DILj73gduvP6antttW8FvhcQ4PY6MMDYdDILA9EEAACpXeqIbAAAAgNX44ouvovWuvXdZz72dP3BQNB3Mz28QHZ81a/Ypp51RvHRp7Mrjxv28+159YtPBli1bRutp06Ydclj/Z597vtxbDBv+ygEHHRKbDsZu9fEnn+65977f//Bj7CaXXHZFNB1s07r17rvt2rXrZuHim2+988gjj8euPOjiS6LpYE5OTq8dd+i14w45OTlhS0cefexXX39T8S+GjWTrrba8/547oounnzUgnFC4WuXSwdgNAQCgUggIAQAAqIqmTZ8erdu2aVMp+7z2miEjP/7g6y9G/vrzj4MGnh8OFhbOe/qZZ6PrlJWVXX7lVUVFReHirTff+NP3oz96/51ff/5x+MvPRzO/Sy67MjrBMQiCOXPnRtO7Jk0av/Ds07/+/ONH778z7scxd995ezheVFR02RVDSktLw8Vx435+4823w/reu+8Y8e6bDz1w76vDXvz4w/dOOP7Y3Xfb9fTTTo7u//0PPnzp5WFhPfCCAaO+/vzfjw3992NDv/ly5PHHHfNnS5desXz58kr5otgQ4swIV00HTR8EAKDSCQgBAACoiv74449o3bhxo7Wu+/datmz5zpuvHXHYoU2bNgmCICMj49RTTurbZ+/w1ZEjP4uu+cqrr4357vuwfvnF5/oduH+tWtnhJt27dXvl5ReaNGkcvnrzrbdFt7rl1j+DnyZNGr/x2vAePbbKyMgIgqBmzZp9++z96rAXw1fHjh330svDw/qHn34Ki7323GOfvfeK7qpF8+aXDL7ooQfuzcvLC0dKSkquvvaGsD7rzNNPP/WUGjVqhIs1a9a89F8X77xTryAIJhcUvPHmW+v5RbFB/W1GKB0EAGDjEBACAABQFZWULAuLli1bpqWlrefeLrxgQPv27coN9u3TJywm/vZbdPCJJ58Oi7323GOLzbuX2yQ3t94Zp50a1sNfeW3hwkXh1MDo9L7TTj25fm5uua26dt0sGkY+9cx/wmLFihVhMWHCxKVLS9bS/Ndffztt2rTwzqJnnn7qqiuccvKJYTHu51/Wsh+qgrVkhNJBAAA2GgEhAAAAVVHrVq3CYtq0aStXrlzPvaWlreb/f8PZhOGTCCORSBAEkUjkhx//nNh32KEHr3ZXB+y/b7SeOm1qEARTpkz969X99lvtVocc/M+wGDt2XFlZWRAEXbt0CUcmFxQcclj/90a8H40My/lt0qSwaN261dhxP4/57vty/yxYsDBc4ddfJ/zdN0HirTYjlA4CALAxZSa6AQAAAFiN2Al/U6dNq6zHEMaqWbNmtI5EImlpaXPmzImONG/WbLVb1a1bNycnJ3xIYUHBlO7duk0uKAhfysnJyc2tt9qtmjdvHq1nzZrdrFnTLbbYfOeden3y6cggCH4ZP/60M87OycnZt+8+B+6/37bbbhPeoTQ0ceKfExzHjh13yGH91/KJYqdCUpWFGWE0EYyNBqWDAABsBGYQAgAAUBW1a/dXIlhQMGXjvOm06b9H6002abim1Vq2aBEWU6dOC4JgytRp4WJ0SuKqGjbMj9bTf/89fKjhHbfdcvA/D4qOFxUVPf/CS0cdc3zf/fuNHj0mOj47JrbMz2+wln+2/0fPdfrcJEC5eYRR0kEAADYCMwgBAACoimKnDL7w4su77dp7I7xp7OMDi4qL8/LyVrvagoUL/ly/fv0gCBrk1Q8XlyxZsqY9FxcVR+voLMPc3Ho33XDtKSedMPyV14a98sqsWbPD8YkTfzv0iKOGv/x8927dgiBo2fLPPPLE44/71+BB6/0pqSrKzSOUDgIAsNGYQQgAAEBVlJeX17XrZmH97nsjPvv8i43wptEoLgiCObPnrHad0tLSaJLXunWrIAjatG4dLs6aNbu0tHS1W8XOAty05aaxL7Vv327gBQM+++TD4S8/Hzuh8L77HwqLdm3bhoU7iFY/YUa49VZbRotEdwQAQEoQEAIAAFBFDbnismh9xZVXl5SUrH39ZcuWrVy5cn3esWbNmi1btgzrL7/+ZrXrfP/9D9G6datW0ZgwNOa771e71VdffR0WTZo0rlUre7XrdO/W7aYbrh008PxwcdTo0WHRps2fAeS3o0YvXLio4h+LKi2MBqWDAABsTAJCAAAAqqitttzisEMPDuvJBQUHH9p//K+/rmnlT0d+tu0/eu3T94B58+atz5vuvNOOYfHAgw8vXbqaSPLBoY+ERcuWLZs0aRwEQaNGjaKTCB96+JFVNykpKbnvgYf+u/9ea29g1967hEXt2jlh0a1r15ycnPAhhQ8+PDTOD7JixYrZs2eXlZXFDhYVFRUWlv9+5s2bt5abowIAANWPgBAAAICq64LzBoTZWBAEv4wf33e/fvc/+NBPP42NziYsLS39/ocfBw66+LgTTi4qKppcUHDFkKvX5x3POevMaBp35tnnxs7YKysru+vue0eM+CBcvPzSwRkZGUEQpKWlXXH5JeHg+x98eMutd8TeaHTx4sXnDLigqKgoXBxw7tlhMW/evJtuue39Dz4s18CI/45steUWYZGbWy86rfDBh4Y++ti/y8V+333/w7HHn7R33/2jNzL94ceftt5uhx122nWvffb744/CcPC5F17cfKttt9u+19nnnhfuIRKJXHjRv7b9R68temz3xJNPr8/3BgAAJJHMRDcAAAAAa9SwYf4Lzz19/gUX/TJ+fDhyy6133HLrHdEn/00uKIhdv9eOO1x+6SXr+Y4DLxgw5KprgyD4+JNP99yn75577LFpyxYLFy364osvf/jxp3C1XXbeabdde0e32qnXjnvtuce7740IguD+Bx/68KOPe+24Q35+g99nzBjx/gfRZxZePGhg40aNwnrI1de9/sabQRD07Lnd4Yce0qrVpkVFRe+8+97TzzwbrhCdPRkEQf8jDvvPs8+HX8K11984/NXXtu/Zs0XL5rNnzfns88+jXT3w4MNXXHZJEARDH3k0jCQnFxS89PKwU085KQiCa6+7MVztzbfeOf7YY3r02GrChIkvDxv+336uPbL/4ZmZfigAAIDqz5/7AQAAqNI6dez48ovP3nn3vQ8+9D931ywXDQZBcP6Ac0479eRwVt/6+L+jjqyRWePSy68MgqCwcN6zzz1fboUjDj9s8EUDyw3eesuNN9982xNPPR1OdowmmlFXXH7J0Uf2jy62bdsmLL766uvoEwqjzj37zO3/0TO6mJGR8e/Hhl5y+RXh/MWxY8eNHTuu3Ca77LzT+QPOCetIJBIdX+1zGVeWlgZBEAkisYPlJiYCAADVlVuMAgAAUNXVrFlz0MDzX3j26cMOPTh6x9Go/PwGRx/V/6UXnj3zjNPWlA7WrJm19rdIS0uLrfsfcdgH7719UL8Dog8XDN9ol513GvrQ/ddefWWdOnXK7aF2rVpXXH7JE48/smvvXfLzG0THW7ZsecD++7379uvHHH1Uevpf/xt+7tlnvvv26/v23Sd25SAItu7R47n/PHXO2WeW23/DhvkP3nfPrTff2LPndrFfQk5Ozl577vH4ow8/OvTBunXrhoNHHH5YtOcD9t83rE89+cToW4T3L23frl2vHXcIB0879eSsrL/5lgAAgOohLfYvFQIAyei7sb9G6y27dkxoLwBsKFX5bL+ReystLZ0/f8G8efOKiotzc+s1yMurV69ebPBW6YqXLp06dWrD/IYNG+bHv9W8efPmzJ3bskWLVRPNVS1YuHDKlKl59es3b94snhmQkUhk5sxZixYvqp9bf5NNGq52kwULFsyYMbNNmza1amVHB6dNn15cXNy+XbvoJqWlpZMmTa5Zs+amm7aM/9NRbTi3ED//RgCgOnGLUQAAAJJJRkZGw4b5Fcrq1lPtWrU6d+pU0a0aNGjQoEGDOFYMgiCon5tbf/Pu8e88LS2tWbOmzYKma9tn/fr169cvN9iyRYtyIxkZGR06tI//rQEAgGrALUYBAAAAAAAghQgIAQAAAAAAIIUICAEAAAAAACCFCAgBAAAAAAAghQgIAQAAAAAAIIUICAEAAAAAACCFCAgBAAAAAAAghQgIAQAAAAAAIIUICAEAAAAAACCFCAgBAAAAAAAghQgIAaAaSItWkYT2AcAG8r+n97Q1rpcwrkSQlJxbiF+VP1oAgIoREAJA0svM+OuCvnLlyoT2AsAGEXt6jz3tVxGuRJCknFuIXxU/WgCAinI5B4Ckl1WjRrQuKVme0F4A2CBiT++xp/0qwpUIkpRzC/Gr4kcLAFBRAkIASHq1atWM1kuKihPaCwAbROzpPfa0X0W4EkGScm4hflX8aAEAKkpACABJr07tWtF6waIlCe0FgA0i9vQee9qvIlyJIEk5txC/Kn60AAAVJSAEgKRXr16dIEgL62XLl89fuDjRHQFQmeYvXLxsefTGbmn16tVJbD+rciWCZOTcQvyq/tECAFSUgBAAkl5Genp+Xr3o4qw5hZGE9gNAJYoEwaw5hdHF/Lx6GelV7v/jXIkg6Ti3EL+kOFoAgIpyOQeA6mCTBvWj9bLly6fPmJ3QdgCoNNNnzI6ZtPE/J/wqxZUIkotzC/FLlqMFAKgQASEAVAfZ2TUb5edFFwvnL5w5+4+EdgRAJZg5+4/C+Quji43y87Kzaya0ozVyJYIk4txC/JLoaAEAKkRACADVRLMmm9TOzo4uzv5j3rQZs92FCSBJRYJg2ozZs/+YFx2pnZ3drMkmCW3qb7gSQdXn3EL8kvFoAQDilxaJ+DMVAFQTJSXLJhZMX1laGh2pmZXVpFF+Xm7dhPYFQMXMX7h41pzC2Pu5ZWZktG/doupP2nAlgqrMuYX4Je/RAgDESUAIANVKUfHSyVNnxP56Ev6AUr9enTo5tbOzszIzM9MS1x4AqxUJgpUrV5aULF9SVLxg0ZLYH2TD32TbbNosp3atxDVYAa5EUHU4txC/6nS0AADxEBACQHVTUrJs6u+zi0tKEt0IAJWgdnb2ps0bJ9eMDVciqPqcW4hfMh4tAMDfEhACQPU0Y9bcOYXzE90FAOulUX5e8j7tyZUIqiznFuKX1EcLALAWAkIAqLZKSpbNnbegcP6iIHC5B0guafl59TZpUD/Zp2u4EkEV49xC/KrJ0QIArImAEACqudKyskWLliwpXrp06bLlK1asLC3zSwpA1ZOWmZGeVaNGrVo169SuVa9enYz09ES3VGlciSBxnFuIX3U+WgCAVQkIAQAAAAAAIIX4q0AAAAAAAACQQgSEAAAAAAAAkEIEhAAAAAAAAJBCBIQAAAAAAACQQgSEAAAAAAAAkEIEhAAAAAAAAJBCBIQAAAAAAACQQgSEAAAAAAAAkEIEhAAAAAAAAJBCBIQAAAAAAACQQgSEAAAAAAAAkEIEhAAAAAAAAJBCBIQAAAAAAACQQgSEAAAAAAAAkEIEhAAAAAAAAJBCBIQAAAAAAACQQgSEAAAAAAAAkEIEhAAAAAAAAJBCBIQAAAAAAACQQgSEAAAAAAAAkEIEhAAAAAAAAJBCBIQAAAAAAACQQgSEAAAAAAAAkEIEhAAAAAAAAJBCBIQAAAAAAACQQgSEAAAAAAAAkEIEhAAAAAAAAJBCBIQAAAAAAACQQgSEAAAAAAAAkEIEhAAAAAAAAJBCBIQAAAAAAACQQjIT3QAAsGEVFS/9aORXo7776ZcJk2fMmr1ocVGkrCzRTfH30tLT69XNadakcecObbbeslvvXj1zatdKdFMAAAAAVAdpkUgk0T0AABvExElTnnnxteFvvi8RrAbS0tP79d39yEP2b9+2VaJ7AQAAACC5CQgBoHq6/b7Hnnh2eKK7oPIdc0S/8844PtFdAAAAAJDEBIQAUN1MnDTl8uvv+nn8xEQ3wobSpVP7qwafYyohAAAAAOtGQAgA1cqYH8add8l1CxcuTnQjbFi5uXVvv/ZfW22+WaIbAQAAACD5CAgBoPqYOGnKSedeIh1MEbm5dYfeea15hAAAAABUVHqiGwAAKs3l198lHUwdCxcuvvz6uxLdBQAAAADJR0AIANXE7fc95rmDqebn8RNvv++xRHcBAAAAQJIREAJAdTBx0pQnnh2e6C5IgCeeHT5x0pREdwEAAABAMhEQAkB18MyLryW6BRLGv30AAAAAKkRACABJr6h46fA33090FyTM8DffLypemuguAAAAAEgaAkIASHofjfwqUlaW6C5ImEhZ2Ucjv0p0FwAAAAAkDQEhACS9Ud/9lOgWSDDHAAAAAADxExACQNL7ZcLkRLdAgjkGAAAAAIifgBAAkt6MWbMT3QIJ5hgAAAAAIH4CQgBIeosWFyW6BRLMMQAAAABA/ASEAJD0ImVliW6BBHMMAAAAABA/ASEAAAAAAACkEAEhAAAAAAAApBABIQAAAAAAAKQQASEAAAAAAACkEAEhAAAAAAAApBABIQAAAAAAAKQQASEAAAAAAACkEAEhAAAAAAAApBABIQAAAAAAAKQQASEAAAAAAACkEAEhAAAAAAAApJDMRDcAAFRd2dk1Dz+ob7nBSCSYPWfu+IkFU6f/XlYWSVBrfzrq0AP6H7Jf8dKSq268+6efJyS2GQAAAABICgJCAGCN8vPqDzj9uLWsUFKy7NW33r/13seWL1++Efv60+ZdOw88+8SwfuTu63rucejG7wEAAAAAko5bjAIA6y47u+ZhB/X97O1n99lj543/7r223zpaZ2Vl1cmpvW77ObRfn69GvDDy7Wezs2tWXncAAAAAUEUJCAGAuMyZW/j1qO+/HvX9qO9+mjJtxqLFS6IvZWZmXHPJgOZNG2/klr74eky0Xr5ixZKi4nXbzx69d8jKysqpXSu7poAQAAAAgOrPLUYBgLi8//EXN931cOzIlt273HjlhY02yQ+CICMj456brzjo6DM2Zktjfhh3272PHXHwvkXFS6++6Z513k/TxptUal8AAAAAUKUJCAGAdfTdjz//85iz3hv2WK3s7CAIWjRrsvF7ePK54U8+N3w9d9Igr34ltQMAAAAAScAtRgGAdVdUVPzRyK/DOjMzo/Em+YnuaF2EAScAAAAApAgzCAGA9TKpYGq0btqk0ey5heVWyM+rf/jB+27ZvUvb1i2zatSYN3/hhN8KnnzulR/G/rLaHWbVqHHemcdvvWW3Rg3z09KClStLf585+9GnXvxo5FerrnzFRWd3aNcqCIJhr7/30qvvlN/PGcdttXnXJo03qVEjc87cwomTpgx7/d3P//vkwvT09HZtNt2iW+f09LRw5IA+uxcvXRrWM2bN+fyr0bE7TE9P73/wftv26N6xXet6dessLiqeVDDt7RGfvPb2B+W62n3n7Y8/+uBIJLhv6NNffDOmfm69Ky8+Z8vunWvXqlW8tOTDT78ccuPdcX/BAAAAAFDJBIQAwHrp2K5NtP7p51/Lvbr/PrtdPuiszMyM6EjdOjmtWjbbo/cOb7738WXX3lFWVha7/r5773rFoLNq1PifP6I0yMu9/bp/RSKR6MjIL0edc9HVQRDs2XuHnJzaQRBMmTYjNiDs3avnjVcOzMrKio603rR5602b79F7h1Hf/XT+JdcvWrzk3WGP5f/vzUXPO+O4aD1rzh99DjkxutipQ5sHb786t17d6EhOTu0mjRrusN1WRx92wBkXXFk4f0H0pa5dOnTt3CEIgpOPPezXiZPffHFoVo0a4Uu5NerstVsvASEAAAAACeQWowDAusvJqb3T9tuEdfHSkpUrS2NfvfLic67617nRdLCoeGnh/AWlpX+u03fPXe6/9crY9Tu0a33V4HOj6eAfhfOnTJtRvLQkXEyLsWjxkrV01XiT/JuvuiiaDhYvLZk3f2G0t6237Hb04QcGQbBixco4P2afPXb+z9Dbo+ng8uXL/yicv3zFinCxY/s2Lz91b3QaYqy8+vWeeuiWaDoYmj3njzjfFwAAAAA2BDMIAYB1lJ9X/5F7rs/OrhkuPvb0i7GvdunU7sC+u4f1zFlzzhg4pGDq9HDxiovO7rfvHkEQbLf1Ftv12Pzr0T+E4zdeeWEYs5WULDvm9EETfisIx8846aiTjzksrEd89Pm7H4788NMv19LYheecFKaSZWWR8y+59uPPvgnH++27x6nH91+8pOiBR58JguDY0we1b9uqa6f2Z5x0VLjCxVfevLioOKznL1gYFpmZGZcPOist7c/GLr3m9vc/+eK/O9zz0oGnZ2Rk1Ktb56JzT7n+9gfLddJ60xZhUTD192/H/JiWltahXatnXnit4l82AAAAAFQaASEAEJf27VrtutM/giCoXbtWp/atO3dst82W3cLYLHxi39AnXohd/5arLw6LoqLiA448LXZy4ZAb727UsMEOPXsEQXDphWcc0P+0cLxFsyZhcd1tD0TTwSAI7hv69J69d2y9afMgCKb9PvO9Dz9be6ubdWofFu9//Hk0HQyCYPgbI4a/MSK6OGdu4Zy5hZGyv+5c+tWoHxYsXFRub5ddeGYYgkYikdjYMgiC4W+8l56edtmFZwZBcMiBfVYNCEMP//u5+x55Zu09AwAAAMBGIyAEAOKy7Vbdt92q+2pf+nbMT6eed1nsSMP8vGZNGoX1jXc+XO7Wo0EQXHLN7R++9mQQBI0bNQxHsrKyojcXXXWC4LjxE8OAsPtmnf621czMP/fTuWPb+D7c2uy5645h8cnn38amg6GXX3v3/DNPyKldKz09rfWmLaKzJKOm/T5TOggAAABAlSIgBADW3Xc//vzwv5/7/Osx5cZjo8SsrBrhDUVXK6tGjezsmiUly5YvX758+fLwwYFdOrb7ZsyPsas1bbxJWKyawK1qwqQpmzRsEARBy+ZN3xv2+L1Dnx7+xnsV/3BBEATp6em1srPDuqi4eC0fJAiCbbbqVq69SCRy2nmXr9tbAwAAAMAGIiAEAOIyZdqMn8aNz86u+Y9ttszJqR0OLly0eNV0MAiCLbt3idaXDjxj7Xvu2K7ND2N/CYLg19+mdOvSIQiCIYPPib0raffNOkZ3+PFnX/9tq7ff+9g/ttkyfJxhw/y8Ky4669KBp4/9ZcKjT70Ye8fReHTr0jFa991zl7577rKWlTu0bVVupLS0bMasORV6RwAAAADY0ASEAEBcPv9q9E13PRwEQU5O7feGPRbOq9tlx+0OP6jvc8PeLLdy40abROuymIf8rWpl6cop034P60efevHWay5OS0tr2qTRJ28+88ln3xQvLdm0RdMeW3QNH3ZYMHX6yC9H/W2rEydPGTD4mhuuvLB2rT8n/2VkZGzetfMd119aOG/+ef+67sdxv8b5qVu2aBrnB4lEyn6Ie7cAAAAAkEACQgCgYoqKis8edPXQu64NFwede8qX3343ZdqM2HUKpk7fZcdtgyBYvnx5zz0OjXPPH3765YWX33TL1RcFQVArO3vv3XeKfbVw3vxjT78ozl19+sW3O/Xpf8Q/9z3soL6btmga5otBEOQ3yHv0nhv6HXX67zNnx7Of8b9Oitb9jjp92u8z42wAAAAAAKqs9EQ3AAAkn1Hf/fTsy2+EdXp62iP3XB/ezzPqx7HjwyIrKyszMyP+PR/Yd/ewWFpSUlpaGolElpaUTJ8x6+a7hu7R77hFi5fEv6uysrJnXnyt31Gn77D34Q889p+i4qXheGZmxoDTj4tzJxMnT4lE/pw4uNXmm8X/7gAAAABQZQkIAYB1ceMdD0Wn0+Xn1b9pyKDYV0d9PzZaH9qvT5z7PPiAvXfafpsgCH6ZMGmHvQ7fZtd/9til3w57Hb7/Eac+8+Jr69xqScmyBx97drcDjimcvyAc6dKpXfybLy1ZFhb77t17nXsAAAAAgKpDQAgArKMTzhq8cmVpWO++yw777LFz9KUFCxcVFRWH9dmn/F96elx/5Niz945h0bTxJlt271K53S5fvvzrUT/8t16x2nXq5NRedXDsLxPCYrsem3do17pyuwIAAACAjU9ACACsoz8K519+3R3Rxav/NaBhfl50cchN94RFrezsV565v9Em+bHbduvSYfjT94/6aPjRhx0QHZwwaUpY5Nar+9i9N4z+ePhXI1745M1nRgx//PnH77r9un/tvvP28TTWZ4+dn3jg5j133TF2MD09fYfteoT1uP9mfkEQ/DFvfrQ+tN8+YbHtVt2jd0a96Iqby8r+vMvov++/cbsem8fuNj+v/v23DRn10fC7brwsnt4AAAAAIOEyE90AAJDE3hrxyV679erdq2f4bL/H77txv8NPCV9672GtCrcAABpFSURBVMPPJhw7pUPbVkEQtGjW5M3nH546febkKdPr1Kndrs2m+Xn1w9XOOfXYp55/NayffG74IQfsnZ1dM1xMS0vLysrKysoKgpz8Bnkd2rbq3atnUfHS/ieeF7276arq59a7+pIBGRkZNw0ZNO2UmW+P+GTK9JmtWjY7/KC+9erWCYIgEok8+vRL0fV/mzwlWv/f4f2233arvPq5DfPzRv8w7sSzBgdBMH/BwqeeH37MEQeFYeeDd1w9Y9acyQXTyiKRVi2bbdqiWbjtTttv07lD218mTNoAXzMAAAAAVCYzCAGA9XLBpTcsWLgorJs3bXzpwDOiLx1/5sVjfhgX1hkZGW1atdht539s12PzaDq4cmXp+ZdcF13/wD67Z2VlhRnevPkLS0qWrVxZGolEYt8up3atJx64aS391MyqMX/Bn/20bN705GMPv+aSAScfc1iYDgZBcO/QpycVTIuuX1YWGf3fJtPS0jq0ax3Og+yx+Wb1c+uF47ff9/h/Xnw92kmzJo12/MfWO22/TTQdDILgsadfkg4CAAAAkBQEhADAGpWULPvbdcrKyo4/c/DMWXPCxYMP2Ltl86ZhXVRUfMJZgy+/7s7CefOjd+kMLV5S9Opb7/fe/+iRX46KbnjGSUelp6ctXlJ0yLFn737gMdvvddi2u/2zxy79eu939JAb7577x7xwzfq59aJpX9TSpSVhMXtu4Z4HHXfv0KcWLV5SLlycOWvO8Wde/MiTL5Tb9rzB15bL9ubNX3jGBVdGg88gCG666+H+J503ZdqMFStWxq65fMWKb8b82O+o0+968InVfTmlf/sFAgAAAMBGllbuhzMAIOlstfOBiW4hLq1aNuvcoe2cP+ZNKpi2cNHicq++/OS9bVq1CIJgyI13D39jxKqb166V/dk7z4X1EScOGD9h8t++Y3p6WueO7dq3aTV+4qQJvxWUCynLyauf261Lh9Kysu9+GFf837hxTWv22Hyz4qUlk6dOnzV77t+2sXGM+eSVRLcAAAAAQHLwDEIAYCOZMm3GlGkz1vRqi2ZNwqJw3oLVrtC9a6ewWLmyNJ50MLx96LhfJo77ZWI8K89fsPDTL76Nc833P/kinjUBAAAAoApyi1EAoEqYPmNWWNx6zeC9d+sV+1J6evqRh+x/781XhIujv/8pEQ0CAAAAQDXhFqMAkPSS5Raja7fT9tvcecOlaWlp4eKKFSsXLV5cvLQkp3bt3Hp1MjIywvG5f8zre9hJK1d6tl95bjEKAAAAQJzMIAQAqoRPv/h28JBblpb8+fC/GjUy8xvktWzetEFebpgORiKRT7/49pBjz5YOAgAAAMD6MIMQAJJe9ZhBGLX/Prv122/PZo03yc2tmxakLSkqnjlrzm8FU+9/9D9z5hYmuruqywxCAAAAAOIkIASApFfNAkLWjYAQAAAAgDi5xSgAAAAAAACkEAEhAAAAAAAApBABIQAAAAAAAKQQASEAAAAAAACkEAEhAAAAAAAApBABIQAkvbR0F/RU5xgAAAAAIH5+SwKApFevbk6iWyDBHAMAAAAAxE9ACABJr1mTxolugQRzDAAAAAAQPwEhACS9zh3aJLoFEswxAAAAAED8BIQAkPS23rJbolsgwRwDAAAAAMRPQAgASa93r55p6a7pqSstPb13r56J7gIAAACApOHHRABIejm1a/Xru3uiuyBh+vXdPad2rUR3AQAAAEDSEBACQHVw5CH7J7oFEsa/fQAAAAAqREAIANVB+7atjjmiX6K7IAGOOaJf+7atEt0FAAAAAMkkLRKJJLoHAKByHHnyBT+Pn5joLth4unRq/8zDtya6CwAAAACSjBmEAFB9XDX4nNzcuonugo0kN7fuVYPPSXQXAAAAACQfASEAVB/t27a6/dp/yQhTQW5u3duv/ZebiwIAAACwDtxiFACqm4mTplx+/V3uNVqNdenU/qrB50gHAQAAAFg3AkIAqJ5uv++xJ54dnuguqHzHHNHvvDOOT3QXAAAAACQxASEAVFsTJ0155sXXhr/5fqSsLNG9sL7S0tP79d39yEP2N3EQAAAAgPUkIASAaq6oeOlHI78a9d1Pv0yYPGPW7EWLi+SFSSEtPb1e3ZxmTRp37tBm6y279e7VM6d2rUQ3BQAAAEB1ICAEAAAAAACAFJKe6AYAAAAAAACAjUdACAAAAAAAAClEQAgAAAAAAAApREAIAAAAAAAAKURACAAAAAAAAClEQAgAAAAAAAApREAIAAAAAAAAKURACAAAAAAAAClEQAgAAAAAAAApREAIAAAAAAAAKURACAAAAAAAAClEQAgAAAAAAAApREAIAAAAAAAAKURACAAAAAAAAClEQAgAAAAAAAApREAIAAAAAAAAKeSvgLC4uLi0tDShzQAAAAAAAAAb1l8B4QcffrR3n/3ffOudsrKyhLYEAAAAAAAAbCj/c4vRyQUFZ5973v4HHvzBhx9FIpHEdQUAAAAAAABsEH8FhI0aNQqLX8aPP/nUM/55yOGff/Fl4hoDAAAAAAAAKl9a7EzB777/4c677vnk05HRkZ49txt43rk9emyVoPYAAAAAAACAypS26q1ER48ec9sdd33x5VfRkV1773L+gHM226zLRm8PAAAAAAAAqEyrCQhDX3/z7W233/nNt6OiI3377H3u2We1b99uI7YHAAAAAAAAVKY1BoShL7786s677omNCZ94/JEdd9h+o/QGAAAAAAAAVLL0tb+8ScOGzZs3ix0pKSnZwC0BAAAAAAAAG0rmml74bdKk++5/cPgrr0VHtu7RY+AFA7bbdpuN1RsAAAAAAABQyVYTEBYUTLnnvvuHDX81OtK162YDzxuw8869Nm5vAAAAAAAAQCX7n4BwypSp997/4EsvD4uOtGnd+sKB5+215x5paWmJaA8AAAAAAACoTH8FhN99/8PBhx4RXWzSpPGFF5y//359MzIyEtQbAAAAAAAAUMn+CginT58eFvn5Dc4/79yDD+pXo0aNxDUGAAAAAAAAVL6/AsK0tLScnJzzB5xzxOGHZmdnJ7QrAAAAAAAAYINIi0QiYbV8+fIVK1bk5OQkuiUAAAAAAABgQ/krIAQAAAAAAACqvfRENwAAAAAAAABsPAJCAAAAAAAASCECQgAAAAAAAEghAkIAAAAAAABIIQJCAAAAAAAASCECQgAAAAAAAEghAkIAAAAAAABIIQJCAAAAAAAASCECQgAAAAAAAEghAkIAAAAAAABIIQJCAAAAAAAASCECQv6/PTsQAAAAABDkbz3IpREAAAAAAAAjghAAAAAAAABGBCEAAAAAAACMCEIAAAAAAAAYEYQAAAAAAAAwIggBAAAAAABgRBACAAAAAADAiCAEAAAAAACAEUEIAAAAAAAAI4IQAAAAAAAARgQhAAAAAAAAjAhCAAAAAAAAGBGEAAAAAAAAMCIIAQAAAAAAYEQQAgAAAAAAwIggBAAAAAAAgBFBCAAAAAAAACOCEAAAAAAAAEYEIQAAAAAAAIwIQgAAAAAAABgRhAAAAAAAADAiCAEAAAAAAGBEEAIAAAAAAMCIIAQAAAAAAIARQQgAAAAAAAAjghAAAAAAAABGBCEAAAAAAACMCEIAAAAAAAAYEYQAAAAAAAAwIggBAAAAAABgRBACAAAAAADAiCAEAAAAAACAEUEIAAAAAAAAI4IQAAAAAAAARgQhAAAAAAAAjAhCAAAAAAAAGBGEAAAAAAAAMCIIAQAAAAAAYEQQAgAAAAAAwIggBAAAAAAAgBFBCAAAAAAAACOCEAAAAAAAAEYEIQAAAAAAAIwIQgAAAAAAABgRhAAAAAAAADAiCAEAAAAAAGBEEAIAAAAAAMCIIAQAAAAAAIARQQgAAAAAAAAjghAAAAAAAABGBCEAAAAAAACMCEIAAAAAAAAYEYQAAAAAAAAwIggBAAAAAABgRBACAAAAAADAiCAEAAAAAACAEUEIAAAAAAAAI4IQAAAAAAAARgQhAAAAAAAAjAhCAAAAAAAAGBGEAAAAAAAAMCIIAQAAAAAAYEQQAgAAAAAAwIggBAAAAAAAgBFBCAAAAAAAACOCEAAAAAAAAEYEIQAAAAAAAIwIQgAAAAAAABgRhAAAAAAAADAiCAEAAAAAAGBEEAIAAAAAAMCIIAQAAAAAAIARQQgAAAAAAAAjghAAAAAAAABGBCEAAAAAAACMCEIAAAAAAAAYEYQAAAAAAAAwIggBAAAAAABgRBACAAAAAADAiCAEAAAAAACAEUEIAAAAAAAAI4IQAAAAAAAARgQhAAAAAAAAjAhCAAAAAAAAGBGEAAAAAAAAMCIIAQAAAAAAYEQQAgAAAAAAwIggBAAAAAAAgBFBCAAAAAAAACOCEAAAAAAAAEYEIQAAAAAAAIwIQgAAAAAAABgRhAAAAAAAADAiCAEAAAAAAGBEEAIAAAAAAMCIIAQAAAAAAIARQQgAAAAAAAAjghAAAAAAAABGBCEAAAAAAACMCEIAAAAAAAAYEYQAAAAAAAAwIggBAAAAAABgRBACAAAAAADAiCAEAAAAAACAEUEIAAAAAAAAI4IQAAAAAAAARgQhAAAAAAAAjAhCAAAAAAAAGBGEAAAAAAAAMCIIAQAAAAAAYEQQAgAAAAAAwIggBAAAAAAAgBFBCAAAAAAAACOCEAAAAAAAAEYEIQAAAAAAAIwIQgAAAAAAABgRhAAAAAAAADAiCAEAAAAAAGBEEAIAAAAAAMCIIAQAAAAAAIARQQgAAAAAAAAjghAAAAAAAABGBCEAAAAAAACMCEIAAAAAAAAYEYQAAAAAAAAwIggBAAAAAABgRBACAAAAAADAiCAEAAAAAACAEUEIAAAAAAAAI4IQAAAAAAAARgQhAAAAAAAAjAhCAAAAAAAAGBGEAAAAAAAAMCIIAQAAAAAAYEQQAgAAAAAAwIggBAAAAAAAgBFBCAAAAAAAACOCEAAAAAAAAEYEIQAAAAAAAIwIQgAAAAAAABgRhAAAAAAAADAiCAEAAAAAAGBEEAIAAAAAAMCIIAQAAAAAAIARQQgAAAAAAAAjghAAAAAAAABGBCEAAAAAAACMCEIAAAAAAAAYEYQAAAAAAAAwIggBAAAAAABgRBACAAAAAADAiCAEAAAAAACAEUEIAAAAAAAAI4IQAAAAAAAARgQhAAAAAAAAjAhCAAAAAAAAGBGEAAAAAAAAMCIIAQAAAAAAYEQQAgAAAAAAwIggBAAAAAAAgBFBCAAAAAAAACOCEAAAAAAAAEYEIQAAAAAAAIwIQgAAAAAAABgRhAAAAAAAADAiCAEAAAAAAGBEEAIAAAAAAMCIIAQAAAAAAIARQQgAAAAAAAAjghAAAAAAAABGBCEAAAAAAACMCEIAAAAAAAAYEYQAAAAAAAAwIggBAAAAAABgRBACAAAAAADAiCAEAAAAAACAEUEIAAAAAAAAI4IQAAAAAAAARgQhAAAAAAAAjAhCAAAAAAAAGBGEAAAAAAAAMCIIAQAAAAAAYEQQAgAAAAAAwIggBAAAAAAAgBFBCAAAAAAAACOCEAAAAAAAAEYEIQAAAAAAAIwIQgAAAAAAABgRhAAAAAAAADAiCAEAAAAAAGBEEAIAAAAAAMCIIAQAAAAAAIARQQgAAAAAAAAjghAAAAAAAABGBCEAAAAAAACMCEIAAAAAAAAYEYQAAAAAAAAwIggBAAAAAABgRBACAAAAAADAiCAEAAAAAACAEUEIAAAAAAAAI4IQAAAAAAAARgQhAAAAAAAAjAhCAAAAAAAAGBGEAAAAAAAAMCIIAQAAAAAAYEQQAgAAAAAAwIggBAAAAAAAgBFBCAAAAAAAACOCEAAAAAAAAEYEIQAAAAAAAIwIQgAAAAAAABgRhAAAAAAAADAiCAEAAAAAAGBEEAIAAAAAAMCIIAQAAAAAAIARQQgAAAAAAAAjghAAAAAAAABGBCEAAAAAAACMCEIAAAAAAAAYEYQAAAAAAAAwIggBAAAAAABgRBACAAAAAADAiCAEAAAAAACAEUEIAAAAAAAAI4IQAAAAAAAARgQhAAAAAAAAjAhCAAAAAAAAGBGEAAAAAAAAMCIIAQAAAAAAYEQQAgAAAAAAwIggBAAAAAAAgBFBCAAAAAAAACOCEAAAAAAAAEYEIQAAAAAAAIwIQgAAAAAAABgRhAAAAAAAADAiCAEAAAAAAGBEEAIAAAAAAMCIIAQAAAAAAIARQQgAAAAAAAAjghAAAAAAAABGBCEAAAAAAACMCEIAAAAAAAAYEYQAAAAAAAAwIggBAAAAAABgRBACAAAAAADAiCAEAAAAAACAEUEIAAAAAAAAI4IQAAAAAAAARgQhAAAAAAAAjAhCAAAAAAAAGBGEAAAAAAAAMCIIAQAAAAAAYEQQAgAAAAAAwIggBAAAAAAAgBFBCAAAAAAAACOCEAAAAAAAAEYEIQAAAAAAAIwIQgAAAAAAABgRhAAAAAAAADAiCAEAAAAAAGBEEAIAAAAAAMCIIAQAAAAAAIARQQgAAAAAAAAjghAAAAAAAABGBCEAAAAAAACMCEIAAAAAAAAYEYQAAAAAAAAwIggBAAAAAABgRBACAAAAAADAiCAEAAAAAACAEUEIAAAAAAAAI4IQAAAAAAAARgQhAAAAAAAAjAhCAAAAAAAAGBGEAAAAAAAAMCIIAQAAAAAAYEQQAgAAAAAAwIggBAAAAAAAgBFBCAAAAAAAACOCEAAAAAAAAEYEIQAAAAAAAIwIQgAAAAAAABgRhAAAAAAAADAiCAEAAAAAAGBEEAIAAAAAAMCIIAQAAAAAAIARQQgAAAAAAAAjghAAAAAAAABGBCEAAAAAAACMCEIAAAAAAAAYEYQAAAAAAAAwIggBAAAAAABgRBACAAAAAADAiCAEAAAAAACAEUEIAAAAAAAAI4IQAAAAAAAARgQhAAAAAAAAjAhCAAAAAAAAGBGEAAAAAAAAMCIIAQAAAAAAYEQQAgAAAAAAwIggBAAAAAAAgBFBCAAAAAAAACOCEAAAAAAAAEYEIQAAAAAAAIwIQgAAAAAAABgRhAAAAAAAADAiCAEAAAAAAGBEEAIAAAAAAMCIIAQAAAAAAIARQQgAAAAAAAAjghAAAAAAAABGBCEAAAAAAACMCEIAAAAAAAAYEYQAAAAAAAAwIggBAAAAAABgRBACAAAAAADAiCAEAAAAAACAEUEIAAAAAAAAI4IQAAAAAAAARgQhAAAAAAAAjAhCAAAAAAAAGBGEAAAAAAAAMCIIAQAAAAAAYEQQAgAAAAAAwIggBAAAAAAAgBFBCAAAAAAAACOCEAAAAAAAAEYEIQAAAAAAAIwIQgAAAAAAABgRhAAAAAAAADAiCAEAAAAAAGBEEAIAAAAAAMCIIAQAAAAAAIARQQgAAAAAAAAjghAAAAAAAABGBCEAAAAAAACMCEIAAAAAAAAYEYQAAAAAAAAwIggBAAAAAABgRBACAAAAAADAiCAEAAAAAACAEUEIAAAAAAAAI4IQAAAAAAAARgQhAAAAAAAAjAhCAAAAAAAAGBGEAAAAAAAAMCIIAQAAAAAAYEQQAgAAAAAAwIggBAAAAAAAgBFBCAAAAAAAACOCEAAAAAAAAEYEIQAAAAAAAIwIQgAAAAAAABgRhAAAAAAAADAiCAEAAAAAAGBEEAIAAAAAAMCIIAQAAAAAAIARQQgAAAAAAAAjghAAAAAAAABGBCEAAAAAAACMCEIAAAAAAAAYEYQAAAAAAAAwIggBAAAAAABgRBACAAAAAADAiCAEAAAAAACAEUEIAAAAAAAAI4IQAAAAAAAARgQhAAAAAAAAjAhCAAAAAAAAGBGEAAAAAAAAMCIIAQAAAAAAYEQQAgAAAAAAwIggBAAAAAAAgBFBCAAAAAAAACOCEAAAAAAAAEYEIQAAAAAAAIwIQgAAAAAAABgRhAAAAAAAADAiCAEAAAAAAGBEEAIAAAAAAMCIIAQAAAAAAIARQQgAAAAAAAAjghAAAAAAAABGBCEAAAAAAACMCEIAAAAAAAAYEYQAAAAAAAAwIggBAAAAAABgRBACAAAAAADAiCAEAAAAAACAEUEIAAAAAAAAI4IQAAAAAAAARgQhAAAAAAAAjAhCAAAAAAAAGBGEAAAAAAAAMCIIAQAAAAAAYEQQAgAAAAAAwIggBAAAAAAAgBFBCAAAAAAAACOCEAAAAAAAAEYEIQAAAAAAAIwIQgAAAAAAABgRhAAAAAAAADAiCAEAAAAAAGBEEAIAAAAAAMCIIAQAAAAAAIARQQgAAAAAAAAjghAAAAAAAABGBCEAAAAAAACMCEIAAAAAAAAYEYQAAAAAAAAwIggBAAAAAABgRBACAAAAAADAiCAEAAAAAACAEUEIAAAAAAAAI4IQAAAAAAAARgQhAAAAAAAAjAhCAAAAAAAAGBGEAAAAAAAAMCIIAQAAAAAAYEQQAgAAAAAAwIggBAAAAAAAgBFBCAAAAAAAACOCEAAAAAAAAEYEIQAAAAAAAIwIQgAAAAAAABgRhAAAAAAAADAiCAEAAAAAAGBEEAIAAAAAAMCIIAQAAAAAAIARQQgAAAAAAAAjghAAAAAAAABGBCEAAAAAAACMCEIAAAAAAAAYEYQAAAAAAAAwIggBAAAAAABgRBACAAAAAADAiCAEAAAAAACAEUEIAAAAAAAAI4IQAAAAAAAARgQhAAAAAAAAjAhCAAAAAAAAGBGEAAAAAAAAMCIIAQAAAAAAYEQQAgAAAAAAwIggBAAAAAAAgBFBCAAAAAAAACOCEAAAAAAAAEYEIQAAAAAAAIwIQgAAAAAAABgRhAAAAAAAADAiCAEAAAAAAGBEEAIAAAAAAMCIIAQAAAAAAIARQQgAAAAAAAAjghAAAAAAAABGBCEAAAAAAACMCEIAAAAAAAAYEYQAAAAAAAAwIggBAAAAAABgRBACAAAAAADAiCAEAAAAAACAEUEIAAAAAAAAI4IQAAAAAAAARgQhAAAAAAAAjAhCAAAAAAAAGAn7ChDGCqsHpwAAAABJRU5ErkJggg==' />
<img width=700px src='data:image/png;base64,iVBORw0KGgoAAAANSUhEUgAACWAAAAaKCAIAAADCuNM0AAABK2lDQ1BTa2lhAAAokX2QMUvDUBSFv1cKomYRFR0cMnbRppWmDdahqbXo2Cqk3dI0FLFNQxrRvas/wtlNcBGhs4uT4CTi4i4IrpXXDClIPNPHuQfuPRdSmwBpDQZeGDTqpmq12urCBwLBTLYz8kmWgJ/XKPuy/U8uSYtdd+QAX0AYWK02iC6w1ov4SnIn4mvJl6EfgriRHJw0qiDugUxvjjtz7PiBzL8B5UH/wonvRnG90yZgAVvUGTKkRx+XLE3OOcMmi0YNgxK71KhQoUCFHHlKGOgU0KhiUqRKkUN0SuTJcTBjA13+M1o5fof9yXQ6fYy94wnc6bD0EHuZPVhR4Ok59uIf+3Zgz6w0kHJN+F4H5RZWP2F5DGzIcUJX9U9XlSM8HHZQyaORQ/8FDJRN2vTWQQEAACAASURBVHic7N13XFRHH+/xXZoUpSPYsfdu1NhrjDGx11gilth7S+y9G2OXWDD2FmvsLZZYiaio2BVFRHrvu3v/4F4uD+w5exaWXXA/71f+kDNzZn7uYfF59svMyGs17SgDAAAAAAAAAAAAYBxMDF0AAAAAAAAAAAAAAP0hIAQAAAAAAAAAAACMCAEhAAAAAAAAAAAAYEQICAEAAAAAAAAAAAAjQkAIAAAAAAAAAAAAGBECQgAAAAAAAAAAAMCIEBACAAAAAAAAAAAARoSAEAAAAAAAAAAAADAiBIQAAAAAAAAAAACAESEgBAAAAAAAAAAAAIwIASEAAAAAAAAAAABgRAgIAQAAAAAAAAAAACNCQAgAAAAAAAAAAAAYEQJCAAAAAAAAAAAAwIgQEAIAAAAAAAAAAABGhIAQAAAAAAAAAAAAMCIEhAAAAAAAAAAAAIARISAEAAAAAAAAAAAAjAgBIQAAAAAAAAAAAGBECAgBAAAAAAAAAAAAI0JACAAAAAAAAAAAABgRAkIAAAAAAAAAAADAiBAQAgAAAAAAAAAAAEaEgBAAAAAAAAAAAAAwIgSEAAAAAAAAAAAAgBEhIAQAAAAAAAAAAACMCAEhAAAAAAAAAAAAYEQICAEAAAAAAAAAAAAjQkAIAAAAAAAAAAAAGBECQgAAAAAAAAAAAMCIEBACAAAAAAAAAAAARoSAEAAAAAAAAAAAADAiBIQAAAAAAAAAAACAESEgBAAAAAAAAAAAAIwIASEAAAAAAAAAAABgRAgIAQAAAAAAAAAAACNiZugCAABA7qpXu1q9WtWHefTOdN3b5/HQcTMMVBQAAAAAAAAAg2EFIQAAX76s6WBacLhlzSJDlAMAAAAAAADAkAgIAQD4wtWrVV2wqXa14R599FsOAAAAAAAAAAOT12ra0dA1AACA3OVz7bhIa+1mnfRYCwAAAAAAAAADM3UrVdHQNQAAgNwll8nr1a4m0ur94LF+KwIAAAAAAABgMGwxCgCAsVN7QiEAAAAAAACALxUBIQAAX77NXvvEO3ASIQAAAAAAAGA8zAxdQJ5gZ1uoQll3rW5RqlRxcfGR0THh4ZHJKSm6raegjXWn79pUr1LB0dHewd7WtmBBmUwWGxcfHhEVHhn5xO/V8dMXo6JjdDtpmto1qnzbuqmbq4ujg72dbUFrK8uExKSo6JjwiKjPwaHnL9+45+ObjWGLF3Ur4uqS9Xp0bOzzl2+ljGBiIq9do6qJXK629cXrd1JekIrlS6e9mJmERUS+efdBShkZ66lbU/1mfU+evYxPSBS/PfcecfUqFSwLFMh6XfqDszA3r1mtUtbral8lkddBrejY2A8BnzS+PjmRjbeziEx/a6Hv5LiEhKfPXmV7Fp0PW6JYkY7tW5dxL+HoYGdvV6igjU2qQhEdHRMRGR0cGvbWP+Do3xcio6IljlalUjkbK6us14OCQz98/CRxECcH+zLuJbJeDw4N8/8QmPbnapXLW1laShxQOqVK9Z/o5pnVKpdv37a5q4uTg4O9g51tQRtrhUIREhYR+Onzu/cfX797/+zFm4+fgpRKlc5ry1PSFhFqzBEBAAAAAAAAfAHktZp2NHQNhjegd5cJIwdm+/aExMSAj0GP/V4eO3Xx0ZNn2R7Hwd5u0uhBX39V29HBTmPnyKjoO/89Wrlua2hYRLZnTNe+TbMBfbqUK13KzMxUvGdqquKt/4e9h08eO3VR+vjb1i+pU6NK1uthEZFtOv0kZYQ/Ny2rUVVNapVm8Ohf7z96Kj6Cs5PDhaM71DapVKofeg/7+OmzlErSTJ84vEfn9mqbuvQb9e59gNqm3H7E3Tq2mzl5pNqmBq27S0yy1y+f3bhh3azX/T8Edu47ItNFO9tC//y9W2J56VQqVWqqIio65vot772HTr5666/tCCJy+HbO5K1/QNf+o9K/FPpOjk9IbNyuV7Zn0dWwNapWGvNz/6qVy0mJ2cIjom57P9i265DGdPzG2f021moCwge+fh6jfpFY25WTu+ztbLNef/byTZ/BE9L+fOfiIQsLC4kDaqV2s05ZL379VW2Pft1qVq0oZVKlUvXgsd86z50PfP1yo0L9GO7RR+NWompfKwAAAAAAAABfGFYQ6oCVpWX5su7ly7p3+b7tW/+AOUvW+D59odUITg72s6aOatboK7nACrms7O1s27Vq8k3Lxrfu+sxbvj44JCxbtcs6tGs5YeRAJwd7if3NzEzLl3WfM23M+BED13ruPHLyfPbm1crGVXNF0sHla7doTAdlMlloWMQDX79a1StnbZLL5asXT+/pMU5iPUXdCnfv9K3aptveD9Smg/p5xK4uThIHF2GnLsXRLblcbm5u5uzk0OX7tl2+bxsXn7B5+97dB0/k9rxfsLq1qs2cPMK9ZHHptzg62H3Xtvl3bZvfuuczff5v0hcUZo9cnod2tHZzdVm5YFrVSuWl32JiIq9To4rXhqXhEVEHj5322v2XzteO5xHDPfqwiBAAAAAAAAD44uWhT2y/DKVLFd+5ecXqxdOl39K3R8fzR3c0b1xfenSUTi6XN2pQ5+zhbR59u2l7r72d7Yl9mxfOGC89HczIzrbQrCmjTh/ckr3bpVsxf9rXX9UWat3y54F9h/+WONTEGUsUCoXapvJl3du1aiJxnN8WTVf7sFJTFVNmLct63VCPOL+wsbaaNHrw3wf+KFe6lKFryX9MTEw2rpq7de0irdLBjL7+qval4zvHj9DZsss8rknDuqcObNEqHczI0cFuuEefK9ovnM0LpCR/GpcYAgAAAAAAAPgCEBDmihZNGvyxZqHGbiYmJuuXz548ZrCJida5UUZyuXzssAGevy/QuEFouvp1apz7a1uJYkVyMq9MJiviVvjM4W2NGtTJ4ThC5kwb3aZFI6HWw8fPbty2V/poEZFRO/cfE2qdPW2MiYnmd0S7Vk0qli+ttslzx77YuPiMVwz4iPOdYkVcD+5Y06BeTUMXkp+UKFbkwtEdIgm6RCYm8p/6dPlt0a86qivvatGkwdpls3L4fpTJZP4fPuqoIn3z9Nqvsc9wjz56qQUAAAAAAACAwRAQ5pavalcXOqMujYmJ/OjuDWoPe8ue+nVqHN+7WUrE1bZl482r5+vqrC9zc7MNK+a0b9NMJ6NlNHGUR+cObYVaL/5zc9GqTdqOudZzp9BWitZWlkIH+KUzMTGZNXW02qbQsIitOw/9b2eDPeJ8Si6Xr18+p4x7CUMXkj+4lyx+ZNcGKedZStSyacMdG5flPDzLs2wLFVy5YFo2FvJmtX6L4VcQDvfo43PtePp/W9Ysqle7mk5GZhEhAAAAAAAA8MX7YpOGvGDc8J9EWjevXlCyeFHdzljUrfC2dYvF+1SuWHbpnCk6+Yg8o4UzJ1avUkGHA/48sFf/Xp2FWu/5+E6ZrWYzTyl+mbdSqKlzhzbFiriK3Dtz8kgbayu1TVnrMdQjztfMzEx3/7HyCw5BdcXOttCeLat0vqK0ZrVKFcuX0e2YecfUsUNMTXXwikXHxN68c18XFeVIphivXu1qUjJCiecLsogQAAAAAAAA+LKZGbqAvG724jVZL9pYWxUtUrhk8aL169awsrQUutfG2qp6lQq+T19kbZo2/uevalfXOLtKpYqJjfvw8ZNKJStRrIhtIRuNwV6t6pVnTh65cOVGta0O9nY7NiyVskIoJSU1ODQs6HOIa2Hnwi5OFubm4v1NTORb1y3u0HNoaFiExsE16tuj44hBPwq1Pn/59udxM7M9+B3vh/cfPa1To0rWJrlcvnrx9J4e49TeWLyoW+cObdQ23fZ+8MDXL+MVQz3iPCU8IirjlwUszK2srDR++1lZWg7u133LzoM6rycwKFjoEEohDx/7SehlAPu3/25tJfjDJ51KpYqNiw/8FBwaFm5rW8itsLOLs6NI/+Vrt/g9f63TSrXw8VOwyIJIExOTQgVt1DapVKromFihG1UqlUwmszA3b9dabKHzW/+AS1dv+fg+jYiMcivsUrlCmXJlShUvVqRU8SKZ1lv/deKctL9Q7vL02p91qd+wgX28fWbkfPC0kSWmiQAAAAAAAADyHQJCDU6evSzewaNvt7HDBgi11qtdPWtAWLyoW68u34kP+9Y/YP7y9Y+ePFMqVekXTUzk1SpXnDllZPkypUTu7frDN7sPnnj3PiBr07J5U8R3FlUoFFt3Hjpw9HRE5P9EO/Z2tt07tRvu0Udk/Y2FufmyeVMHj87pMWadO7SZPGawUGtAYNCPQyfmcIpJM5ZcPLZD7d+lfFn3dq2anLt8I2vTb4unq03vUlMVU2b9z/JBAz7ivGOt506vPX9lvW5jY92xfatRg/va2FgL3duvV6fcCAj7/Tw50zd2PjXco49bYWfxPg8fP1u+dsuzF68zfoPJZLKCNtZ9e3Yc2KerpWWBjNdVKtWMBb+duXgtd0qWpGv/USKtZdxL/LVzvdqmhSs3Hjl5XnzwRg3qCC24TElJXbhy44kzl9Kv+D1/feX67fQvu3VsN6hf96JuhWUymVKp+uPPA5r+KgZTr3a14R59xIM9tcliVsM8ehMQAgAAAAAAAF8q9vHLKa89f506/49Qa1F1+1Uunz9VZJWYQqFYvXFH1/6jHvj6ZfpkX6lUPXryrOfAsSvXbRNZCCWXy5fNnZz1eqXyZcTXtL31D/iu59DNXvuyhiiRUdFbdx76tvvgl2/8RUaoU6NKtcrlRTpo1LZl49kCh/zJZLKw8IgeA8cqlcqcTJH21/Hac0SoddbU0Vm3uGzfpplQaLfZa19sXHzGK4Z6xPlCXFz8vsN/N2nf59S5K0J9bAsVbFCvpn7ryjcsLCwG9esu0iEhMXHyrGUDR057+uxVpm8wmUwWGxfv6bW/6Xd9jp/+/3mYUqkaPXW+YdPB3FalUjmhptlL1mRMB7P668S5Dj2H9vQYd9v7wfHTFxMTk3KnRu0IpXfDPHrraoNQNhoFAAAAAAAAvlQEhDpw4rTgJ8vJycmZrtStVa1yhbJC/aOiY7/rOXTn/qPiM+45dOLb7oOjomOEOlQoV7p+nRqZLi6ZIxYpeXrt79p/VHBImEif0LCIngPHbty6R6TPwpnZX97XqEGdZXMFz0eMiY3r2n+0rj6a37B1d6YNMNPZWFtNnzg84xUzM9NZU9WvbQoNi9i261DGKwZ8xPnLzEW/BwQGCbXWrVlVv+XkGzMmDTc3F1z87ff8dYsO/S5dvSk+SGqqYu7StfOWrVOpVKmpCo9Rv+SFQ/VyVVn3kmqvq1Sq85evSxnh5et3IybOmb9c/SrGPGWYR2+RwwilrwuUstAQAAAAAAAAQH7EFqM6UKCA4KadL1+/y3RlyIAeIkONmTpPPKJLFxoWMXLy3D1/rBLqMLh/97v3H6V/aWdbyL1kMaHOz16+kf6R8ZadB5s3qV+1kvqVgqVKFLW3s42MipY4WrraNaqsWzZbKB1MTEzq/tMYkWPGsuGXuSv+WLNQbVPXH77ZvvtwYFBw2pezpowSOmxy0sylma4Y6hHnR7MXr9m+fonaJveSxfVeTv7Qunkjoabk5ORBY35NTkmRONSxUxefPHsVH5/w8dNn3RWYRwkdfimXy8uUKvnqrdja6DxLZLPQLWsW6WQKn2vHNfbx9nksk8k8d+xL+wMAAAAAAACAvI8VhDrQr1cnoSafR08zXalVrbJQ5zMXr2U9sFDE02evRDZprFX9fybq3a2DUE+FQjF68jzp88pksjFTF6SmCm6A2bur4FxCKpUv88fvC4U+wU9JSe0zZKLEXE26ez6+93x81TbJ5fLVi6en/blUiaI/fNtKbbdb93wePXmW6aKhHnF+9PBx5lcvXfFibvqtJX8o417CxtpKqHXmot+1XWL78vU7Y0gHZTJZet6f1S7PFULvcUhRr3a1erWrbVmzaMuaRSIrFwEAAAAAAADkHQSEOWJjY71s3hShnR6DPof4fwjMeKVG1UqWlgXUdo6LT5i5cLW2Bcxesjbuf0+/S2dhYZExQPq2dVOhQdZ67gqLiNRq3ojIqDWbdwi1ftummVajuZcsvnPzCjMzU7WtCoVi0Ohf3r0P0GpMiabMWiZ01F+FcqXbtWoik8lWL56hdl1jaqpi6uzlmS4a8BHnR0qlUuj1t7YSjMGMWZ/uPwg1/ffg8YUr/+q3nPzk9dv3Qk2WlgXmTx9348y+kUP6FnZx0m9dOSJ95bd+pMeEhi4EAAAAAAAAgAZsMarB1LFDs160sirgWtjZ1cW5dKniQltiymSy3zdljtCaN/5KqPONW95KpVLb8pRK5bVb3u0FArlmjb564OuX9ueiRVzV9lGpVLsPHtN2XplMtvvgiYmjBqn96xdxc5E+jpury76tvwmdqaZSqcZMXfDY72U2KpQiKjpm685DQnv0zZo62srKqnQp9XtdbvbaF5slujPgI86P7GwLmZqqD4ZDQsP1Xk4+UL1yBaGmPYdO6rcWWa3qlb2vHJHYWehB683f5/6ZMWmk0DLltF/4GDqg59ABPRMSE1+99r92696JM5d1vnBZ50R2GTWUtJhw6LgZhi4EAAAAAAAAgCACQg36dP8+ezceP33p3OUbmS66uQomZ/89fJK9ie4/fCKUHmWcztxM/bOOiY1TKlXZmzo6Js7OtmDW60JzZWVpYXH4z3VCS+5kMtmv81beuueTvfIk2uy1r3vnb50c7LM22VhbzZk2Wu1doWER23YdynrdgI84P+r0XRuhpg8fP+l8OjvbQkILFrPS7YGXumJnV0io6Y73A/3WIssLsZ90ycnJ/975r+nX9TT2tLK0rF61YvWqFUcN6RcXn/Dk2ctzl64fO3Uh2z8qjVC92tWGe/TJawscAQAAAAAAAKQjIMwVZy5em7t0bdbrhZ0FN6+7dTebMZjIjS5Ojml/KGhjLbTS8WNg9o8fCwj8ZGdbPut1uVxe0MY66+q6rGxsrMU7ZDtU08q0OSu2rtVuT7xJM5eqvW6oR5wfubm6jB3WX6hVZEPIbDu6e4P0zleu3544Y4nOa8ihQgVt1F5PTk6OT0jUezn5zPhfFx3+c53QmmC1bKyt6tepUb9OjWnjhp44e2XNph1SfrLp02avfXltBWGaYR69CQgBAAAAAACAPIszCHPFp6BgtdcdHezUXlcqVQGBQdmb6+Onz0LrWpwc/++quBLFiwjd/vzVm+zNK5PJXr5+J9RUskTRbA+b0Z4/VolsCagr/z14fPf+I+n9b93zefTkmdomQz3ifKdl04YHvdYIrT9TqVQX/jHwcXrFi7oZtgC1ClhYqL0erOWOrG6uLt5XjmT9b+ywATqqNC9SKpXdfxrz1j87B5paWFh079ju6qm9834dmwulZV+92tUMXYJ63j6PDV0CAAAAAAAAAEGsIMwVg/p179ax3ZAxM1699c94XSFwBJ3wOYaSCN2e+v92U0xNFdxW0dzcPNvzitwrfSNHcYVdnH5fMnPstAU6GU3ElFnLLh3faWameb/E1FTF1NnLhVoN9YjzoLKlS1ar/D8LTMuVcXewty3rXqJOzapF3AqL3Pv46Yu8f/abQahU6qNiMy23+jQ1MVGbztarlUfTJl1Jywg3r55fr1Y1kRNkhZiYyDu2b21bqOCE6Ytzp8Avx38PCAgBAAAAAACAvIuAMLfY2Rbas2Vll36jAjOsJgwPj5SVKZW1s1wur1i+9POXb7MxUfmy7kIfc0dERKb9QeQ4twrlSmdjUo33+n8IzPawmTT9ul7/Xp13HTimqwHVio6J3bLzwIhBP2rsuXHbHpE9Bg31iDWysDBPTkmR0lP6EZLiOnzTosM3LbJ37/K1W3RSw5cnMSnJ3FzNA3JydDBEOfmSUqn8edzMwi5OU8YMadm0QTaOUWzRpMHvS2aO/3Vh7hSonWED+xi6BDW8fR6zvygAAAAAAACQl7HFqAbJKSlq/0tJSRVaypPOwsJiz5ZVGa98DgkV6tygbq3sVfj1V7WFmj7/vzVYiYlJQtUWFV3IJU7oXpVKlZiYlO1hs5owcmCNqpV0OKBaf+w4EBYeId4nNCzCa89fIh0M9YjTJCULRoAVyrpLnE5o21KlwOJInbt2895jv5f6mSvfiY2NU3vd3NzMwV799rZQKzgkbMrsZY3a9f590w7fpy+Sk5O1ur1546+GDOiRa9VpIQ9uMerptX/ouBmGrgIAAAAAAACAGFYQatCgdXeR1oI21i2bNvTo2610qeJqO9jb2XZs3/rEmUtpXwYKnE0ok8lq16i8c//RbFRYq7pgchb46f9Pl5SUbGlZIGsfG2srMzNTkT1IhZiZmdpYW6ltSpG2Uk06uVzuuXr+t90HR0XH6HbkTKbMXr59/RKRDpNmLhUfwYCPWCaThQgfRFe+rPv9R0+lTGdbyEbt9dx+8dP4Pn0x7pc8sTArb4qMihHanbVRgzqnzl3RZzFxcfGLVm2S2Hnx7Em5XE52JCcn/7nv6J/7jspksjLuJTp91/rr+nXcSxRTu0wzk749Om7deUgvZQrKm+kgawcBAAAAAACAvI+AMEdi4+JPnr188uzl4R59hnn0VttnuEfv9IDw7MVrwz3UbwfXuEHdgjbWIntXqlXQxrpJw3pCrWcvXU//81v/gMoVy6rtNm3cz9I/5U83ZcwQoabX7z5oO5pMJvN78bqom6udbUG1rZaWBXZ5rujYZ3g2RpbO59HT0LAIZyf1uzUGBAY9evJMfAQDPmLxgLCMewmJMwodLRkRGSVxhGx74Os3eMyvuTd+YmJSSmqqxM7vA3S2Ta4O3fZ+IPRGHjn4Rz0HhC/f+J+5eE1i52njhwm9u/OIN+8+rN64Y/XGHTKZrGL50gN6d2nXqonIBqT2drZODvZhkrf5zQ15Z39RT6/9MpmMaBAAAAAAAADILwgIdWOz177vvmleoliRrE3OTo7pf/b/EBgTG1eooJoVWubmZmuWzRo8Wrt0ZPXiGUIrXeLi4t+9D0j/8sSZS0K5QreO7fb99fcbbVK9Mu4lenRuL9T691mtU4oXr97+OGRi8aJuR3dvNDNT/4l8iWJFls6Z/Mu8ldoOrpW1njvnTx+ntmnluq0abzfgI06LMIXGqVShjJTpKpUvI3TeYWiYhv1XcyIuLn7mot//uXEn96aQyWTf9Ryqh5gzV+0/csqjbze1TUXdCg/36ENCoxPPX76dseC3ecvWjx/+U+9uHYTeFOXKlgrzNmRAKGLouBnePo+FWn2uHZc4Tu1mnXRXFAAAAAAAAIC8gjMIdebFq7dqr5ubm2VMvO54PxQaoU6NKq2bN5I+Y+tmX4vsL3fnv0cZvzzy9wWhYwjlcvmGlXOlzyuTyTasmCP0iblKpTry93mtRnv3/mOfIRPT8q2JMxaL9GzXumnXH77RanBtiazwi41LkDKCoR6xTCb78PGTQqF+t9jqVSqqDbAzmfPLGKGmW/ceaLw9246fuZTb6eCXITgkLDxCMOMc+lOvnJwqikySk5OXr92ydZfgPqKlS6rfXFo/6tWuJvTzwdNrv0g6KH1j0rR1gQAAAAAAAAC+PASEOuPoYC/UVMT1/39kv2n7XpFBFs+aULtGFSnT1apeefHsiSIdNm37n4mSk5MfPXku1NmtsPPqxdNNTDR/P5iYmPy26Fc3VxehDo/9XiYmJmkcJ11gUHCPgWOUSmXal9dveYsvgZoxaWT5su7Sx9c/Qz3iNB8+ql9EKJfLF80SGy1txkrl1S80VKlUV/+9K3571lve+gdk/C8lRXB7zz7dvheaGpkcO3VBqMnERL7Tc0Xxom76rSg/8Vw9f/HsSRYC++iqdeuuj1BTfEKijurSJY2nAErcmNTb5zELUgEAAAAAAIAvFQGhbhR2capWuYJQ6+eQsPQ/v3n34ead+0I9LSwstq9fsnj2JJGszsTEZNGsiV4bllpYWAj1ue394NVb/0wXp81ZLrSIUCaTtWjS4MrJXeLZVa3qla+c3NWyaUOhDiqV6pe5K0RGyKpLv1Gpqf+z6M3Ta7/IS2RiIvfasNTaylKrWfTJgI847brQLdWrVJg4ykOotVL5MmuXzRJq/Rwcmh7iSrTuj11d+4/K+F/91t3u+fiq7SyXyzevni8losaGrbvj4gUXszo52J/Yt3n8iIHigwht5Ptlq1i+dP26Ndu3aXb9zN5+PTuamKhfBp1Jry7fCTWJ/NaFHqjN+XSY6nnuIB0EAAAAAAAAvlh8HK8D9evUOPznOqGD4hQKRXJycsYr0xf8plQKBnUymax9m2ZXTu4a0LtLGfcSGa+XcS8xoHeXKyd3fde2ucjtSqXq13mrsl7/HBJ29tJ1kRttCxXcvn7J6sXTWzZtmDGBs7aybNm04W+LfvXasNS2UEGRES7+czMwKFikQyZR0bGZXpw0Y6bN/yQ8jo211Y6Ny6TPon+GesQymWzz9n0iMXD/Xp3PHN6Waa2etZXlrxOG7d36m9qjE9PsPnhCpB7pxk5bkJCoftGVnW2hJXMm6WSWL5tSqVq5bptIB7lc/lOfLuePePXt0THTN5iNjXXzxl/N/WXs0d0bc7/SPGfauJ/T/mBhYTFp9ODbFw6vmD9NZOmqmZnpwpkTvmnVRG2rSqXKdAionqndKVRjqieyMWlG3j6PRTYpBQAAAAAAAJDfqc+0kG76xOFqr5uYmDg7OTo72ZcsXlQkVpHJZB8/fc50JSo6ZuX6rVPHDhW5y7ZQwQkjB04YOVCpVCUlJyUkJNnb2Upc77Jm85+RUdFqm+YuXdegbk1HBzuR21s0adCiSQOZTJaYmJSSmmpuZmZpWUDKvFHRsbOXrJHSM12qQv2ek0qlqs+QiWcPbxOaunxZ9xmTRixatUmr6fTGgI84Kjrmxu3/mn5dT+het8LO+7atVipVMbGxSUnJ9va2GrdbjE9I3HNINwFhYmLS5FnLNqyYo7b1m5ZNjp++JLL+Ms+ytrL8759jWt3yIzxi+gAAIABJREFUxO/FgBFTszfdsVMXundqV7VSeZE+Ls6Ok8cMTsuxomNik5NT7O1shX6PwRg42NvVql454xVzc7M2LRq1adEoNVXxPiDw+au3wSFhIaHhMpnM0cGuWpUKNapUFPnp91zg3Fm98fTaP8yjd6Yrukr1WD4IAAAAAAAAfNmM98NiiXp0bp/DEVZv3JH14r7Df5cpVaJ7p2813m5iIreytLSylLqj5vHTl3buPyrUmpyc3GfIhJP7NovsXZnO0rKApUxSNCiTyZJTUnoPHq/V6YPioqJjBo+dvmvzSqHMrHunb719fM9dvqGrGXXLUI9YJpMtXLnx9MEtpqZie0iamMjtbAtJnHGd506JPaW4eef+hSv/tm3ZWG3rqgW/tOzYX4ffSHojMdxNZ2NjnZPpBo6cdubQNmcnB4095XItnvUXbMrYIXK5+mdkZmZaxr1EptWWGi35zVNHpWXTZq992dhNVMoBhDoMGgEAAAAAAADkTWwxmruCgkP/uXFHbdOiVZtu3vXR7XT3fHznLl0r3ic4JMxj9K+Zjv3LIYVCMXTszKDPITocUyaTPX32asGKDSIdFs2aWKJYEd1OqkMGfMS/zle/AWk2XP333v4jp3Q1Wppf5q2Mio5V22RpWWD98tm6ne6LlJqq6DFwrMhhhNlTVfgs1XzNzMy0bQv1mXT2PHv55tGTZzocUG+k7C+qq1MMAQAAAAAAAORZBIS5KDIqupfHOJEOoybP3b77sMiJcVrZffDEz+NmSun59NmrTj8ODwuP0Mm8kVHRXfqNyqXPyo+dunD07wtCraamprs8V2jcIdOADPWIL1z59899YqsMJfL/EDhxxqKcj5OJUqkcPWWu0MtSt1a1zh3a6HzSL09kVHS7boNevvHX4ZhnLvyjw9Hyjkrly5iZia2p1UpgUPBPI6bpajR9kpIOenrt10stAAAAAAAAAAyJgDC3BAQG/dB7WHSM+mVS6db9sWv4hNkJiYk5mSs5OXnM1Pmr1m+TfktgUPA3XQddv+Wdk3llMtnd/x627TLww8dPORxHxPzl6/1evBZqtbMttGXtwtybPecM9Yh/37Rj3rJ1SmX2s8lLV2927jsiJyOIeOz38tCxM0KtMyaNdHKwz415vzBxcfE9B449ePR0zkPox34v23T6aeai33VUWt7y2O/lTyOmBYeE5Xyot/4BXfqOTE5O1kVd+qZxf1Fvn8csHwQAAAAAAACMAQGh7oVFRM5ZsvaH3sNi4+Kl9L97/1GTb3tv2r43GxlScnLy9t2Hv/6m143b/2l7r1KpHDttQbcBo32fvtD23rQd9voMnjBswmzd7laq1sCRv0RFxwi11qhaaeywAbldQ04Y6hEfO3Wxx8Ax2VhhFhUdO2fJ2smzlml7o1aWrPYUCmzMzEy3rNX9ysUv1ZLVnu27D7551ycbMaFKpfJ9+mL4xNn9h00Oi4jMnQLzhEdPnrXrNmjRqk3+HwKzN0JycvLi3zZ37T8qOSVF19XlFZ47SAcBAAAAAAAAo2Bm6ALyhODQ7C8rUSpVCoUiOjY24GOQ79MX+w6fDAwKzsYgf+w4sHXnwV5dO7Rv07xi+dLi22ampKS+eut/9uL13QePK5XKbBcvk8nevPswYPiUMu4lBvXt1qBeLWcnB/H+YRGR3j6PvfYcfv7yrfRZIiOjc1JkcnJy36GTju3ZJLRJ4MAfu27ctkcnUeXnkNCcD5KVoR7xm3cfeg4cW7F86SljhlStVN7SsoBIZ4VCERD4eduuQyfPXpY4fkJikkqlksvlWZukrNb6efzMI7s2mpioub10qeI1qlbKxta1Im9nhSKn3yE5/E7WdljpifLnkLBRk+c6OzkM8+jTqH7tIq4uah9KupSU1I+fgq5cv7Nt9+E4Tb/KkJiYaGNtlfV6UpIWq+hSU3MaqkUIv/hBwVLftoePnz18/KyTg/2Qn3p+/VXtom6Fzc01/DuoUChevvE/ff7qgSOn8nU0WK92NfEtRr19Hnv7PNZjRQAAAAAAAAAMRl6raUdD1wA1KlcsW69WdTdXZxcnx4IFrZUKZWJSUkho+KfPoQ98/XLpwD+ZTGZpWaB1s69LFCviWti5sLNjSmqqubl5aFj455CwgI9Bl67d0pglQCKDPOKiboXbtGhcvKirg72dvZ2tmZlpVHRsRGRkSFjErbs+Po+e5sak0D8zM9PmjRuULV2isLOTi7OjnW2hpOTkiMjosPCIT0HBV/+9l6vbAucvbq4uzRt9VbRIYQd7O0d7u1SFwtraKjw8MiQs4nNwyOu3H27d8zF0jbpRr3a1LWvEFuYOHTeDgBAAAAAAAAAwEgSEAAB8+basWSSygtDTaz+nDwIAAAAAAADGgzMIAQD48onvL0o6CAAAAAAAABgVAkIAAL5w4umgp9d+PdYCAAAAAAAAwPAICAEA+MLVq1VdqMnb5zHLBwEAAAAAAABjQ0AIAMAXbrPXPm+fx1mve3rtHzpuhiEqAgAAAAAAAGBI8lpNOxq6BgAAAAAAAAAAAAB6wgpCAAAAAAAAAAAAwIgQEAIAAAAAAAAAAABGhIAQAAAAAAAAAAAAMCIEhAAAAAAAAAAAAIARISAEAAAAAAAAAAAAjAgBIQAAAAAAAAAAAGBECAgBAAAAAAAAAAAAI0JACAAAAAAAAAAAABgRAkIAAAAAAAAAAADAiBAQAgAAAAAAAAAAAEaEgBAAAAAAAAAAAAAwIgSEAAAAAAAAAAAAgBEhIAQAAAAAAAAAAACMCAEhAAAAAAAAAAAAYEQICAEAAAAAAAAAAAAjQkAIAAAAAAAAAAAAGBECQgAAAAAAAAAAAMCIEBACAAAAAAAAAAAARoSAEAAAAAAAAAAAADAiBIQAAAAAAAAAAACAESEgBAAAAAAAAAAAAIwIASEAAAAAAAAAAABgRAgIAQAAAAAAAAAAACNCQAgAAAAAAAAAAAAYEQJCAAAAAAAAAAAAwIgQEAIAAAAAAAAAAABGhIAQAAAAAAAAAAAAMCIEhAAAAAAAAAAAAIARISAEAAAAAAAAAAAAjAgBIQAAAAAAAAAAAGBECAgBAAAAAAAAAAAAI0JACAAAAAAAAAAAABgRAkIAAAAAAAAAAADAiBAQAgAAAAAAAAAAAEaEgBAAAAAAAAAAAAAwIgSEAAAAAAAAAAAAgBEhIAQAAAAAAAAAAACMCAEhAAAAAAAAAAAAYETkKpXK0DUAAAAAAAAAAAAA0BNWEAIAAAAAAAAAAABGhIAQAAAAAAAAAAAAMCIEhAAAAAAAAAAAAIARISAEAAAAAAAAAAAAjAgBIQAAAAAAAAAAAGBECAgBAAAAAAAAAAAAI0JACAAAAAAAAAAAABgRAkIAAAAAAAAAAADAiBAQAgAAAAAAAAAAAEaEgBAAAAAAAAAAAAAwIgSEAAAAAAAAAAAAgBEhIAQAAAAAAAAAAACMCAEhAAAAAAAAAAAAYEQICAEAAAAAAAAAAAAjQkAIAAAAAAAAAAAAGBECQgAAAAAAAAAAAMCIEBACAAAAAAAAAAAARoSAEAAAAAAAAAAAADAiBIQAAAAAAAAAAACAESEgBAAAAAAAAAAAAIwIASEAAAAAAAAAAABgRAgIAQAAAAAAAAAAACNCQAgAAAAAAAAAAAAYEQJCAAAAAAAAAAAAwIgQEAIAAAAAAAAAAABGhIAQAAAAAAAAAAAAMCIEhAAAAAAAAAAAAIARISAEAAAAAAAAAAAAjAgBIQAAAAAAAAAAAGBECAgBAAAAAAAAAAAAI0JACAAAAAAAAAAAABgRAkIAAAAAAAAAAADAiBAQAgAAAAAAAAAAAEaEgBAAAAAAAAAAAAAwIgSEAAAAAAAAAAAAgBEhIAQAAAAAAAAAAACMCAEhAAAAAAAAAAAAYEQICAEAAAAAAAAAAAAjQkAIAAAAAAAAAAAAGBECQgAAAAAAAAAAAMCIEBACAAAAAAAAAAAARsTM0AUAAAAAAJDPJCYmHTx22ueR36s3/gGBQWXcS5QrXap5k/rftm5mYiI3dHXQn8d+L4/+ff7lG/83b98XKGBRrnSpiuVL/9j9BzdXF0OXBgAAAIiRq1QqQ9cAAAAAAEC+4fPo6a/zVn4OCcvaVLVS+WXzphQr4mqIuqBXqamKZWv+OHz8rNrWiaM8+vfqrPeiAAAAAKkICAEAAAAAkOpTUHCPgWPj4hOEOlSuUHbHxqUWFhb6rQv6tn7L7m27Dol0WLlgWuvmjfRYEQAAAKAFziAEAAAAAECq1Zt2iKSDMpnM78Xro6cu6rEiGMDLN/7i6aBMJpuzZK1SqdRXRQAAAIB2CAgBAAC+WCkpqaFhER8/fY6JjWPfCADIOaVSefPOfY3dfJ8810s5MJiHj59p7BMXn/A+4JNeygEAAAC0ZmboAgAAAKAbcfEJ9x8+ufvfw2cv34SEhoeGRWRa4+Lq4lS4sLOLk0O5MqWaNKhbtXJ5ExN+XQzIN16+8X/x8k327pWbmNjbFnKwt7O3K2Rvb2tlaanr6ozFp88h4ssH0/i9eK2XcmAwoWHhUrq9ex/gXrJY7pcDAAAAaI2AEAAAIH+Ljok9fvritZv3vH0ei/f8HBL2OSRMJpNdvnb7jx0HbKyt2rZs0qJJ/QZ1a1paFtBXvQCy6dbd+6s37tDVaLWqV27V7OumX9d1L1lcV2MaA2srSdmqbaGCuV8LDEliym5tbZX7tQAAAADZQUAIAACQX0VFx+z7629Pr/3Zuz0uPuHYqQvHTl1wdXGaNHpwmxaN5HK5rmsEkEc98PV74Ov324btxYu6fdOqSe+uHVycHQ1dVD7gYG/n6GAXHhEl3q16lYr6qgiG4exoL6VbxXJlcr8WAAAAIDsICAEAAPKfpKTkbbsPb/nzgE5G+xwSNnXO8lrVK08ZM6RKpXI6GTNf+xQUvGHbXqFWczOzscP6O9jb6bcoILcEBAZt3334wJFTY4cN6NaxnampqaEryuvat2m+59AJ8T7NG3+lr3LUu3XP59T5q0KtboWdRwzqY4TPesGKDUnJKUKtvbp8V71KBYlD1a1VTWOferWr2dmylhQAAAB5FAEhAABAPvPx0+cps5bp/ICrB75+fX+e1LdHx4mjPIz8bMKY2LhT566IdGhYr2a71k31WBGQ6+LiE5as9jx26uKsKaMqVyxr6HLytFFD+9647e3/IVCoQ+9u30tJj3LV+4BP4j/HenRu7+ripMeK8oQjJ8+LtFpZFpAeELq5usz7deycJWtF+syZNkbLAgEAAAD9MeqPfgAAAPKd67e8e3mM03k6mG7PoROzF69RKBS5ND6AvMzvxesfh068//CJoQvJ06wsLTetmie0RvDngb0mjPhJ70XBADq2bz176mgbdacMli/rvvuPlcWLuhmiLgAAAEASVhACAADkG3sPn1yxdmtuz3Lq/D+JScmLZ0+0MDfP7bkA5EFjpy34c9PysqVLGrqQvKuIW+Hfl8y8+9/Dh0+ev333wcTU1MqyQOlSxRvVr+Nespihq4P+dPm+bcumDS5evfXOPyAyOiY5Odm9RLHyZd1bNWtohDu4AgAAIH8hIAQAAMgfLl29qYd0MH2uyTOTf18yw8j3GgWMU1x8ws/jZ+7burqw8W1BqZX6dWvWr1vT0FXAwOztbLt3bGfoKgAAAACt8YkPAABAPuD79MXkWcv0OWN4RJRKpdLnjADyjvCIqHnL1hm6CgAAAABAbmEFIQAAQF73KSh4xMTZWt1iY23VomnD6lUq2NvZ2tsWSkxKCgmLCA4OvXH7PynnF9avU+O3xdPZHg3Idzp3aJv1Ykpq6sfAoPcBgeERUdKHunnX5+Xrd+XLuuu0QAAAAABAnkBACAAAkNet3rQjLj5BYudWzRoO7NO1auXyancHHTmk7/uAwPOX/92x9y+hMVs1a7hk9iQLC4uMF5VKpUKhFJnXzMxULpdLqVB8KFNTE233NVUqVR8/BUVGRkdGx0RHx0RExaSkpDg62Ls4Obg4Ozo5Otjb2ZqYSKrNUOLiE0JCw0PDIoJDw0LDwuVyeWFnJxdnRxdnR2cnBytLy2yPrFAolEr1K0HlcrmZWeYMODklJTg4LDgsPDg4NDg0zNTUtKhb4SJuhYu6FbYtVFD6vKmpis8hoZ+DQz99DlEoFPEJic6OaY/DvlgRV4nfKtpKTEwKCQsPDgn7HBIWEhpuamrq6vJ/X0YXJ4dM39LSpaYqhFbTmpjIs+boKpUqPDIqPDwyJDQ8JCwiPCKyX89O5ub6+H9eY4cN8OjbTaRDckqK//uPf+4/durcFSkD7j3895xpo7NXTC49DnEKhSIsPDI4NDw4JCw4NCwhIdHRwb6wi6Ozo0NhF2c728zfw9q+QdIplapURapQq6mJiba/YJGckvIh4FNUTGxUVHRUdGxUdIxcLnN2+r8vl5OjQ6GCNloNqHP6eSMEh4QFBAbFxMbFxMTFxsXFJyRaWhYoaGNdqKCNnZ1tudIltfpBpAcpKakqmeBqe3Mzs2z/uFMoFOERUaFhEcGh4SFh4dHRMXa2hQqnvYmcHBzs7bK9B7hKpUpNVQi1mpqaZv0XMykpOTg0LCQ0PCQ0PCY2TiaXW1kWcHF2dHZ0KFbEtUCBXHk7AwAAILcREAIAAORpDx8/u3DlXyk9K1coO3PyyCqVyol3K1m86JABPTp913r1Rq8zF69lau3coc3MySOzftR78uyVuUvXigx7dPdG95LFpNS576+/V67bJtTq6uJ0dM9GKZFYWHjEnf8e3fF+eOnqTY0BqquLU4niRWrXqNqwXs3qVSpm+pBaoVA8fPI8/Uu/56/ER7vt/dBF3dls5qam1atW1Fh5uhev3p6+cPXk2cvi67ocHew6d2j7XdvmZUuXlD54mjlL14lEQZ6/L6hfp0ban/2evz5x5tLJs5eFXkwba6v+vTr36Nze0cFOaMDklJTLV2/tPnjiybOXQn1cXZy6/tDum1aN3UsW1/Jvo17Q55BT5/85dupiQGCQSLfqVSt26dC2dfOvtQ0Y2nXzEHpANtZWJ/Z5pr8gQZ9Dzly8duTk+UyV9OzynX4CQo0szM3Ll3VfOGP8oL7dVq3fdvOuj3j/Y6cujB7a18nRQfoUuf041FIqld4+vn+f++fk2csi3erVrtapfZuWTRvY2FinXZH+Bslk6Njp9x89Fbqxc4e2EoPVt/4Bd+8/unX3/tV/72nsXKpE0ZLFi9avW7NB3RrlypTKlDxFRce8fvch/ctbd++Lj+bt41vErXDW6w52tqVLqXlv5tIbQaVS+T1//e/d+0/8Xvg+faFxkWupEkVr16jyTasmDerWlJKQ+b14nZCYpLFbmus3791v21xtU5UKZS0tC2S6ePf+o2HjZ4kMeOrglqLqXmQR8QmJV67fPnH60t37j8R7Nm5Y94dvWzVv9FXWwsT5fwjs0m+kUGudGlW2rV+S9meFQuHt8/jkuSviv1LQsX3rb9s0/ap2DZFMHQAAAHlQnvi/qQAAAFBLpVKt2rBdSs8O37SYOXmk9E8JXZwdF8+e1KrZ11Nm//+jDfv36jxh5MBcWt0l0eeQsPj4BPGA8HNI2Pbdhw8ePa3VsJ9Dwrx9Hm/584BMJuv6wzf9enZK/xB898ETv2/aIX20Y6cuHDt1Iet1G2urG2f3a7w9Lj7h5NnLR06ef/n6nZTpwiOitu8+vH334coVynb5vu3337bMyZrCjN4HfKpfp8Zjv5fzl6/XWExcfMJmr32bvfb17tqhf+/OmT71joyKPnz83L6/Tmr8fP9zSNim7Xs3bd/bvPFXs6eOEYkbxalUqsvXbh05eV5jypXG98lz3yfP5y9f375Nsz7df6hepUL25s0oLj4hIjLK0cEu4GPQktWbJVaSF5RxL7FiwS8/Dpng/yFQvOeN2/c7fdda44CGehyJiUk79x87cPSUlN1TvX0ee/s8lslkg/v3GDGoj8ZFfmlvELVNz1+9zV7B6Z48e7lx6x6tvmf8PwT6fwi8fss77fcGenft0KNze3s727TWGQtX/3v7P+mjzVy4Wu31dq2bLp0zWfo42X4jBAQGnT5/9eTZy+JZciZpL8KxUxddXZz69+7cq0sHkVDK98nzASOmSh/8c0jY4NG/qm36a+f6Mu4lMl18r+ntoxXfJ8+P/K3+Hxe1/r39X9oT79axXdfvv9H460ESpX9vHz99aa3nn1LeWSfOXDpx5pKjg93iWZMa1KupkzIAAACgBwSEAAAAedeV63d8M6xsE9K7a4ep44ZmI9hr06LR5t/mD584WyaTjfm5/6B+3bNbqZ6oVKrtuw+v37I7h+McOXn+yMnz3Tq2mzl5ZNqn2zoqUDPfJ8+nL/hNqw/E0/m9eO332+s9h04smT25csWyOqhGpTpw9PTS1Z5a3bT/yKmTZy97bViafjrdi1dvR0yao9X5djKZ7Oq/93oMHJO9D5TDI6LmLl2blpRo68zFa2cuXhsx6MfB/bvr5KDNW/d8psxaps/vIp2wtrJcPm9qr0HjxbsFBn3WOJShHsezl29+mbtCY8aZ1bZdh3wePlk6d4q2N+pEXHzCghUbzl26npNBwiOiNm7bu3Hb3nm/ju3YvrVMJouOidVdjdkh/Y0QGRW9bdeh3QdP5GS6zyFhK9dtO3Xun3nTx5UvU0ptn/iExJxMoTfJycnrt+zedeB49m7/68S5v06c8+jbbfigPhbm5jmvJzYufvGqTVn3GBAXHhE1fOLs/r06jx7aN5f2EAYAAIBuZXPPegAAAOiB+HZ5aerXqTFp9OBsL/trUK/mzs0rVsyflvfTwaSk5FmLfs95OphOz2slFQrFlj8PDBgxNXvpYDr/D4E/Dp3otecvhULwECmJFq3apG06mCYuPsFj1C+v3vqn5Xy9Bo3XNh1Mk/aB8sV/bmp1193/HvYYOCZ7cVS6Tdv3Dhk74+MnzemXOK+9R0ZOmpvv0sE0FcqVTsuWRHz8FCzewSCPQ6lU/rnvaJ/BmldACrn/6GmXfiMf+vpl7/ZsCwoO9Rj1Sw7TwYwK5I0kRvob4dyl69/3+jmH6WA6vxevew4ce+2m5g1a86xXb/37DJmY7XQwndeevwaOmPbWPyCH48TFJ/QZPEHbdDDdrgPHRk2Zl/N/ngAAAKAHBIQAAAB5VGJi0j837oj3sbG2WjJncg5P/alepUKbFo1yMoIeKBSKSbOWnjr/jw7H7N+rkw5HExcXnzBk7IyN2/bqasC1njt/HjczIdFg62Pi4hMGjpi2ZLXn+F8X5nCouUvXSk+GvPb8NWzC7OzlkZk88PXr5TFO4kavQsSP5sr7KpYvLd7ho2iebajHsWLtVq22BVYrLj4hh2m9tsLCI/oOnZjDb7mMXF2c8shPb+lvhA8fg3QeqI/7ZaGU1fZ50LlL13v8NPZNhsMjc8Lvxeuu/Udduqrdr1xklcP3hbfPY08vzbttAwAAwOAICAEAAPKou/cfaewz8Mdu2T7CLX85e+m6VsdrafRNyyYlixfV4YAilErV7MW/P9D1WqX7j57OXbJOpVLpdljp4uITtDoJUmScX+evSk3VvOLk8rXbaz135nzGjFOPmTo/KtrAezMaULnSJcU7vA8QXKJnqMdx9O8L+4+c0uG8erN+yx6dhKnphgzoqZNtcvWpZ5f2NtZWOh92xKQ5UdExOh82V/k+ef7LvJU6H3byrGVPn73S+bBa2bLz4M079w1bAwAAADQiIAQAAMijNO6ZZmNt1adbB32VY0jJycnrdJpDyGSygT921e2AIv74c//la7dzY+TzV25s3304N0bWM98nz89d0rCj3Vv/gEkzl+h86s8hYTMW/qZUKnU+cr5QoEAB8Q5JSclqrxvqcTzw9Zu/fL3O59WDN+8+HDt1QYcD2lhbfd+upQ4H1A/bQgUH9++h82Hj4hN27j+m82FzT3BI2Pjpi3Jp8DHT5oeFR+TS4BLNX75eqTTY768AAABACgJCAACAPMrbx1e8Q9uWTWxsrPVVjiGdvXT9c0iYxm6ODna1qldu1azhNy2b1KpeWWRtZcN6tSpXLKvrMtW7+M/NXN1sbf2W3Vf/zcfnb6U7feGqSGtsXPwEyR+m16peuX2bZt+0bFK9akUp/f+9/d+WPw9KHPwLo/HEsqJFXLNeNNTjSExMyo1UUj927D0ipVvxom7169T4pmWTVs0aVq5QVmSx3eD+PSwtNeS7eVPPLt/lxiLC7bsPGzwVkygxMWnijCW6XU6aUXhE1ORZy5JTUnJpfCk+h4Q9fKzvMz4BAACgFTNDFwAAAAD1/D8I7uyXpnGDOvqqxcD8nr8W79CiSYOBP3atXqWiiYk843WFQhEaHvn46fMrN+7+c/12+sFXHv26Zewml8t0wrWwc6YriYlJc5eulXh7q2YN69Ss6uriLJPJgoJDvX0eSUz+5i9fd/bwdnNzHfxvextrK/eSxZVKpd8LDa+5xnFKFi9qYmLy5NlLibfcvOsTGhbh7OSgtnXXgWMa3xGlShQd1K97mxaNra0s0y9Gx8SevXjNc8d+8c/iN3vt69P9e9tCBSVWqxVTk7z7e5kvXr8V76B2J15DPY5zl29Iz1SaN/6qXu0ari5OFhYWEZFR7wMCT5//R8qvGuSSR0+eiXfw6NutY/vW7iWLZbqemJgUHBp2777vlRt3Mu603K1ju4zddPVt5iLwHsy59AptrK2GD/px1fptmTrUr1OjXu1qNatVKuzibGdbUKFQBoeEfQoOefrslcSl0leu3+ne6dtcqF1mZ6vLHw6Hjp+V+LPR1cXp+29blSxexM62UGRUjP+Hj8dPX5TyLnjg63fi9CVdvRppP9ILFLB4+fqd9CMkT1+4WrtGFZ0UAAAAgNxAQAgAAJAXJSQmauxTt1ZVvdRieK/e+ou0tm/TbOHMCSbqPhw3NTV1dXFybd6odfNGcfEJh4+f3fLnAfeSxevXqZGx24hBP452k2+iAAAgAElEQVQY9GP6ly9eve01aLzIjEvnTG7XuqmUys9fuSHls9RuHdv9/FOvwi5OGS/269kx6HPIxm17T569LH57eETUPzfutG3ZWEpJQhrVrz2gd5ev6tRIC1mVSuXrdx8Wr9qk7dGJdWpUGdi3W6P6tdOORlMqVf4fPi5d7SnlTM1L12716vJd1uvJKSl7Dp4Qv7dd66azp47OmEWlsS1UsGeX79q2bDx9/m+3vR+IjHDm4jW1s2vFxtqqXeum7iWLu5csVryom0qlMjMzzbPLvCKjos9dui7ep0Qxt0xXDPU4VCrVnkMa5k0zqF/3/r062dvZZro+5uf+Po+ezl++XmO6qXMpKanik86YNEIoy7G0LFCyeNGSxYt269juU1Dwjn1HDx497dG3W6YA1WvD0oxfHjh6eulqT5EZz/613fV/f+bokMY3QveO7bz2HE4Pun74ttXQn3qWKFYk0zjOTg5VKpVr3ezrH7t/v3XnIY1nT972fpjxZWxQr6bPteMZO9Ru1knk9u6dvp0xaYQ2f9HsUCgUew4e19jN0cFuzrQxTRrWzfSv26ghfa/+e2/24t81/uOy++Dxbh3byXP2KzDt2zTr+kO7OjWrpJcRFhF55OT5jVv3aLz3zIWrk0cPLlDAIicFAAAAIPcQEAIAAORFUtYHONgLbqH5hXnz7oNIa+vmX6tNBzOxsbb6qU+Xnl3aJyQk6bQ6QSqVaremHEUmk837dWzH9q3VNrm5usyfPq5GtUqLVm4UH2Tv4ZM5CQhHDuk7uF+PjOsvTUxMypcptXXtog1b93jt+UviOP17dR43fEBaNPj/xpGXLlV802/ztu06tHHbXvHbnz57pfb6lWu3xT8Kb9280ZLZk0Q+B3ewt1u3fPbQcTNE8s59h0/27Nw+Jx+m//Btq3HDBzg55tYCLN1SqVRzl67V+KOmiKtLpiuGehw+vn4vX78Tr9bG2mrTqnlCe5nK5fI6Nase2L5m6e9/6PY4QI2CgkPEO7Rt2UTKOEXcCv86Ydiwgb2trPJo6izxjWBpWeDngb2XrvZs17rpsIG9S5cqLj6mk6PDtPE/x8TFnzp3RaTb7Xs+CoUi44+gPOj6LW+NK1lrVa+8csE0ta+hqalpq2YNq1XeMHHGEvFliP4fAu/df1S/bs1sl7pi/rQ2LRpluujkYD90QM+mX9cb/8tC8b9IXHzC+4DA8mXds10AAAAAclXe3esGAADAmGn81D73Vn7kO5eu3lIqlRI7W1laipxNqFs+j55qzDPGjxgolA6m696x3TCP3uJ9Hvj6PXv5RvsaZWmLZoYO6Jlpd9Y0pqamo4b0LVVCzSaTWbVt2XjiKA+1H82bmJgMGdCzcgUN5z6GhoWrvS6+bMjRwW7WlFEagz0zM9NFsyaKnHzm/yHQR8vlkhn9sWbh/Onj8ks6mJKS+seOA1L2sK1bq1qmK4Z6HOLJUJq1y2ZpPOnw/7B312FRNHEcwBdQiROQEkRQBBEQC2wBEQslFAywFbu7C7u7W1+7CxNQDBBpJAVBUZQUFOQApd4/Fve99+7Y2wsE5Pt53ud9lr3Z2dmaO+e3MyMrW2/lwmndOpkJzE2CBJ4Qz6cCunJyUlVRlpfj7p1ZTTB/EAY59H147cQW94UCo4OUxbMn0lfg7PyCKhxFliGBHWFVVZT3bF5Bfw4baqjt2bxC4FSOV249EKmMBPk08UYHKcaG+ovnTBaYSeXNswgAAAAA4kOAEAAAAKA6+vnzF32CajtoYWXgOwsa5aH3i1GTF1687pGW8fUPFkqwR4IGb+xg1mq0qxOTrCaNcTE1NqRP4+XjJ0zpyqmqKM+dOpYmgYyMzLQJI5lktXTuFJpPpaSkZkwUkA/fK5ialkE/zOmYYc4MpwfT1mo4yLEvTQJf/2Am+fCaPnFkR7PWom37h5WUlNz3fOY4bPKR05cEJrbo0t6gWRPONVV4OZI+fqbPcPI4V/O2jAZelpGRWb9iHpOUkqIuKGC2adeRucs2PPB6nsfO/1OFkjyhHoS6deto8fRPpaekWN+ujzV9mtwfeULl+YdlZGYFh0XRp9myZpGykqLArNTVVDaumk+f5umL12yR7qjBA2ytunagT2Nj1VlgPP5r9jcR9g4AAAAAfwaGGAUAAACojgS2sH/NqkWNbg3VBXSXjI1PjI1P3L7vhKGBnrGhvkGzJs2a6jRrqtO4kRbfjnF/RvLnVPoEo12dGBZPRkZm+BCHlRt206T5/CVNyAISBEHY9bFmsRTo0/S27iowH3tbG4FdMy26tGcpyNOMTpnOL0CYkpZBn61tT0ZjM5IcbG3OXalw9i+B++Krqa722OHOImwocXceeOtoc08ZSM7iKVuvXmp65ucvafGJH5j36Rntwj1hWxVejqTkL/S5DXa0Zb5rVRVlJ/s+f2ygUTk5WfqbnyCI535BZJ9O8zYtmxvo6evpNmuqo99UV12tZnRL/TMPgkGzpvQJcnN/VHYZxCHwCTI00GMeZLXq2lFTQ42+02RqRmZzQSeNl+sge4FppKSkXJ36R0bH0aTJQoAQAAAAoBpDgBAAAACgOhI4vyA7v6D6z7QkKd27dfD08WWS8l1iEueoniwFeVNjQ1MTQ5MWBt06mQmMhEnWh490UyeyFOS7dhRikMMelp3pEyR/ERCP5MvaQkC2ZHhSR1vrcwpdALKnVRcmu9Nv1oSmNZmdX1BUVFy37v/+kSKwY+jspRuY7JoJ0QKE86a71atbV1JlEMfH5JTF7tsklZu+nm6n9m24VlbV5fhVVEQf1+zSoV1DIQde7tfL6k/ORNjHxuL2fW8mKUMjYkIjYqg/VVWU25gamxobtm7ZooNZq2pb7YvzIOT+yAuLiH2XmJT740dObl5Obm5Obh7fnvSx8YmCsmKLVoY/Q2AlM3iAEHFuaWmpwQP7HTpxgSZNevpXYQOETXW1DfUZbaLdSJM+wdes70LtGgAAAAD+JAQIAQAAAKojlQZKAtMkffrCNfrf36qndVfW7qP0nW/4YucXBIZGBIZGkH8OGdjPyb63wLE6JaKkpIS+V0dH8zZckTB6LAX5dq1NaEZ3/PQ5RcgyEmQQiEmyJjqN6AOEDPPR1mpI392kuIQ7QJialkmfp8CJHpn7QnuMFWlhoCepAlQrfKcSrKrLkSFoYjldnUbC5q/dqKFI5RKRk30fhgFCLtnfcp75BjzzDSCDha7O9o79bBpp/dHCMyHCg5CV/e3GXc8Xr4Ki376TVDFKSkoklVVlSBUUIGzbylioDAWmTxV+8O0OjLswajVUp09QVFws7N4BAAAA4I/BHIQAAAAA1ZGMjAxLQZ4+zevg8D9VnComLye3dc0i8fO5fufRqMkLR0ycL1pnO6EIjGcIbFflpUm7CTu/QIS5phhOFydwqjAmIW0yQMisXP9JTRelV59osr/l/CoqEnYr+utSQ+3dsrJdaxPe9VV1OQTOzKekyOhO5lT/z3YpbtvKeIrbMDEzyf6Wc/jURTuXSUvctxcUFkqoaJIh1IPw8+evA8fP93Yad/jURQlGB6s/gT0IBU5XKWz6lNR0oTIkCEJNtQHDlMJ22wUAAACAagUBQgAAAIBqSl9Q78AXfkF/qiySlF8gSqO2RZf2h3aukUgBYuMTx01fkvTps0Ryq0jOjzz6BErMInOclJUUxdwpF5aCPMPhCuXl5OgTKNZndDhysrLMivYf5hPmSUROjnATmOnr6UpL/23/qtq4an73bh35flRVl0NV0KjLIkx19oePhSCIqW7Dp08YIZGsPH18Zy5cK0K/6koi1IOQ+TV70tyVJ89dq+RCVUcC7zolRZZQGSrWF5D+2/dcoTIkCEJVhWmAsNoOeAsAAAAATPxt/5QFAAAA+GtYV9BATwkMjYhP+PCniiPAjzym0z5lZ4s4I1HXjmZHd68TbVvuMnzLGTV5YcKHjxLJja8GygJ61H0XMhBFEMR3Qe28AnfKRVa2nrBlqIi0NPdYlJKiriZcfxoxScsI90+kZk0Zja1aU7AU5LetXWzXx7qiBFV1OQTuN+6d0JVhUvIXUcslukljXWdPGSORrEIjYmYuWsu87q1UzB8ENjt/0pwV9EMN/8UE3sk5ucK955HzQ8BXCfPugBR5OaHf5AAAAACAmggBQgAAAIBqqqIePJwOnbzwR8oiWDrjWY6yvokYICQIolP7ts/vX1g2bwrDGe9osPMLpsxdJcJ4kgxpCGoFTs8QMJcbr1TaTVgK8gryAvr51UQijEoqDoF9Jbn8Ted85NABD66d6GNjQZOmqi6HtLS0jrYWTcrY+MS3794Llfmte17ilU5EbiMHe1w6OmmMi8BxpAUKj4xdv/2ghMolFuYPwolz1z4mizJh6t9B4BOU+TVbqAyzsgR8pf7hZxYAAAAAapA6VV0AAAAAAOCvuX5TTQ21dNqp7J77Bfm9DrHo0r6yCyOw8Tc1nVG4q6Sk5FVAqDglUVKs7+Js5+Js9ybqrfczv6jYd+GRsaJllf0t54VfUO8e3cQpT0VkZGR0tLU+p6RVlCA4LOrnz1/M+/Dl/sij73Oj10RH+GLWAAJbt217WTVUV5XIvqSlpf+mgJ9QtrgvtO1lJTBZFV4O+geKIIizl25tWr2AYebxCR/8XoeIXUYR6TTWmj5x5KSxri/8g3z9gyOi494nJYuWlZePX8bMrJoyFdyPPPaZizcFJmMpyBsa6Gmoq6qpNKhT53+DWL6JjqvRvQ8FPkHB4ZEtjZszzzAoLJI+QSMtATPIAgAAAECthQAhAAAAQDUlJSXVx8bi/NW79MmWrNl+/thOvSaNRdtLSUnJhh2HE5M+7duykmaASoFjlH36zKhHyJuot5KaNKttK+O2rYzJQ/j0OTU+MenDx+T3ScmJHz4xb2r38vGrpAAhQRBNdBrRxDPY+QUv/YOZ7/3pC3/6BDqN6fpX1VxamgJat02Nm492dfpTxflrnbtyp5d1N65gDK8qvBzGLfRfB4fTJHjo/cKsTcuhTv0FZpWTm7dg5RaJlk4UdevW6dW9a6/uXQmCKCz8mZj06V3ix6RPn98nJccnfKB/O4TTi1dBQwb2q+TCSsYDr+f0CTQ11OZNd6O5Fd8lJrm4zamc0v0JAp+gmx6eY4Y5M8yttLT01j1P+jSaGuqMSwcAAAAAtQsChAAAAADVl6uzvcAAITu/YO6yDQd3rGncSFPY/IuLS1Zu3P34yUuCIMZNX3J0zwbNCrqhqKoICBBev/No6vjhaoKSXbgm4HBEICMj06ypTrOm//WfKyoqfhP19plvwEPv59nfcmi2/ZKaLsIei4qKmSRrotv4VWAYTYIzF2/aWHWWkREQkiEI4tevX+eu3KFPI3KQuJrT0RZwY1+4enfowP5ymDSLIAiCqGh+u31Hz9JvGP323anz1yePc6VPVoWXY6Bdb4GdzzbtOlJaVjZ0YH+aSTG/pKYvcd9O3xnxz5OTkzU1NjQ1NqTW5LHzXweFP33h/9D7Bf22KWkZIuyx6FdlDbBM4228gGFgD+9ax1mZ/2G/Kv+cCHyCPianvPQPturagUluXj5+9N9xTEKSAAAAAFBrYQ5CAAAAgOpLp7HWaNeBApN9TE5xdZsTHBYlVObpmVlzl28ko4NkJmOnLkr69IVvYlUVZYEZnrlwgz7BI+8XT1+8FqqQoqlbt04Hs1YLZ014fON0XxtLmpSp6Xwa1uvWrUufP8Owon3fHvQJot++O3nuOpOsDp28KLBbZD8G40PWRGqqKvRt5emZWeu2HSgrK2OeZ8KHj6ERMZIoXfUye8oYt5GD+f7n73m1qa42/eaHT12Min1Hn6YKL4dek8ZMhlPesvvojIVrQt9El5Zyl+F7Tu7lG/ccXCdHvxVwmNVBfZZC7x7dNq1e4HXrDP21y+A3a13dOgLeBk7hV/tVts8pqTSfOtn3FhgdrOhLiiH6eR8ZdoUXh8AniCCIZWt3ZGV/E5hVWnqmwBko+/fuXmuHTQYAAAAAgRAgBAAAAKjWJoweSt+gSWLnF0yas2LjzsNpDOYCLCkpuXjdo9/g8VxTcKVnZo2avODtOz49PBTrswRme/7q3fuezyr69PGTl8vW7RSYCY2NOw9Pm+8u1OxTderIDHLsS5OAb98LgQcbGPKGyd5bmfyvPxBfh09dvH7nEU2CsrKy81fv/nPpFn0+XTq0+1vnICQIYtgge/oED71f7Dt6tri4hEluXj5+Q8fOnjBzWUAwo+v4d5CTk92wcr7AZMvW7igoLKRPU4WXY7igXZNeB4dPmLXcbuiEtVsPHD19+czFmzsPnJy9ZL2N4+ite48zyaGSlJSUDB4zc8OOQ0wqaoq6mgr99JCFhT95Vyop1qfPNjxCxNlbxZH8mS5AqKaqIjCHxe7bxCmAuhrdLsIjY3N/5ImTPxMCnyB2fsGcpRszaMeYTUnLmL10g8Ahu12ZPTIAAAAAUDshQAgAAABQrSkrKU5xG84w8fU7j/oPnbh264GnL17ztnKWlZXFxiXuO3rW3mXS9n0n+ObAzi+YOGs5b28eKSmpnt27CCzAyg27F67a+j4puaSkhNppaETM8nU7l67dwfAo+EpLz7x+59Hr4PAx0xbPXrL+mW/Az5+/mGwYQBvMM2lhwLtSSVFAgDA0IsbLx49rZUFh4bvEJK6VTDqAbtx5ePWmvXwHCUz+krp0zY6dB04KzGTYYAeBaWquLh3NdLQFzLB45uLNMVMX8Q1vU5I+fV7ivp0KMEydv1pgh7m/SSsTw2njR9Cn+ZyStu+IgMFIq/BydO1kxveZ5Ss9M+v2fa8jpy/tPfLP+at3X/oHM9yw8ng/93+flHzj7uP+Qydu2nXkTdRb3m6OvIqKigNDImgSNNFpxLtSSUlAgPDwqYu8naEzv2anijRgKUMslgLNp7FxCfSbC5zCUCCVBgJ6wx8+eZFrTWlpmVAvpgjE5AmKfvtu0OgZT56/4g20FxUVP37y0mXcbN5vHC6GBnrkTL0AAAAAAHxhDkIAAACA6m7EEIfQN9HPfAMYpr993+v2fS+CIJrqamuoq7LZBXXq1iks/JmSmi6wtwEZI5wwc9m+rau4hkGz69uDyQChT56/evL8FUEQ+nq6MjIyDHcqEOfkhS/9g1/6B7MU5PvYWHRo18q4hYFek8a8M/klfvh0w+Pxpev3aLLVb9aEd2W9evU0NdTSaXtvLHbfNinRpY+NhUoD5cys7LCImJPnrv38+evJnbOysvWoZDbdu6iqKAucI8rj0VOPR0+tunYwa9OyTh2Z+izW95zcwJCI18Hh9BuSNDXULLuYM0lZQ0lLS41yHbhl91H6ZLHxicMnzDM00HOw7WHcwkBNpYGSYn12fkFO7o/ImHi/1yG853PqvFVnj2zX19OtzOJXI+NHDXnmGxAbn0iT5vLN+5Zd2tMM5lmFl0NaWnrXxmVDxs6SSK3yh5WVlZ08d43689rth9duP9TUUOvfx7p1S6OWRga8c8WVlJS8iY47fuZKeCRdb7+munzmH23SmE/UkIur25yFsya2b2cqW69eanrmk+evzl25Y9Gl/YFtq4U5MiHoNWlMM1ryq8CwW/e8nB368P30wrW7O/YLfluCnkGzJvQn8/LN+xlfs8YNH9RIq2Huj7x3iUknz19/l5h09sj21i1biLl3krS01GjXgZsFPUHs/IKFq7aqqijb97Vpoqudl8dmKch/+pxy654Xw/t/lMsAiRQYAAAAAP5WCBACAAAAVHcyMjIbV82fOGs5fbM+r4/JKR+TRZxRafaS9QFPrtfjmI3PsnN7loI883Z5gXPmMfc9J/f81btcK9n5Bbfve9++703+qa+nq6qirKRYv7S07HtObmpaBn2Ej9TSiH9vJKtuHelH/iQI4vjZq8fPXuVa+eJVUB8bC+rPenXrrl8+d8aitQJLQgU+maTksmHlfN746F9msKPt0+f+gaF0/ahI7xKTdh86wzBbcmze80d3NNJqKHYZa4A6dWQ2rpo/aPQM+mSrN++9cfZAA2WlihJU4eXQ0tQ4sN3dbcZShnlWH/6BYbxdvtIzs85cvEkusxTkm+hoqzRQYrEU8gsKv3/PTfr0mUmV26K5Hu9KLU0NHW2tzylpNBuy8wvWbt3PtdLvdUhGZlZDDTUGxyQ0vrFMTuu2HQiPjB09bKB+0ybS0lIEQeT+yHvpH3zp+j2JzBzZ0az1jbuP6dM8ffGa922YB57PJBUgJAhikKOt1zM/JjMHZ3/LOXfltgi76NbJTOA8uAAAAABQy2GIUQAAAIAaQEFebu+WlaoqAsZGk6A9m1dwRgcJgpCVrWdva/PHCsDp6q2HAtO8T0oODot6+uL1M9+A8MhYJtFBloL8wP69+H7UpWM7kUpK3Hn4hGtNt87m86aPEy03JpbOm9LBrFXl5V9N1Kkjs3XtIs1KCFpkf8uZtsBdYC/Pv0azpjpL5k6mT5P9LWfTriM0Car2crRrbeK+ZJbEd13ZOLsP8sXOL4iNT3wVGObl4+f3OiT67Tsm0UGLLu0rGnbVqlsHvusFevTkhWgbCmRjJXio6rsPnwwdO7t9D6d+g8db9htmbT9y5YbdEokOEgRh3tZUtA09Hj1lOK41E3XqyGxds7gyniCSjrbWZveFf/2LIwAAAAAgJgQIAQAAAGoGDXXVE/s2CZy4SCIO7VxjbdGJd/30CSMrr0GzIvkFhWcv36qMnGdPGVPRhFg9LDqJdqrJzjdcK0e7OlVSTw4n+z6uznaVkXM11EBZaf9298rI+WNyyo79/Gfl/Cu5ONl1Mm9Dn8bLx+/+Yx+aBFV7OZzsex/bu0HMdyZYCvL0CerISOzfy5HRcbxzu0rEnCljKvpoxGBH0fK86eEpRonotG7ZwrxNS4aJ0zOzJD6WrIa6qpM9/yFM6bHzC168CpJgSVRVlPdsWSnBDDnt2bxCSVHAJJQAAAAAAAgQAgAAANQYzZrqXDq5u5d1t0rdy8n9m7p2NOP7kbJS/e3rllTq3nndfeBdGfONmbdp6ezQt6JPZWRkZk4eLVrOvJ1vpKSkVi6c3q0T/7MqMmuLjsvmCegK9pcx1G96cLu7wLiOsFRVlCeMHirZPKszaWmptctmCzyNKzfuSUnLoElQtZejo1nrm+cOcY7oK5SRQwccEBTgVJRciOXUhRuSyorT+FFDDA34jC9K0mmsNdSpvwjZfkxOiYyJF69oFZohatUqKRNGDRFtQ94O4mIyNtTfs1nCMUKWgvyBbasN+E2vCwAAAADABQFCAAAAgJqkPkth+7rFlTRkZQezVtf+2Uc/AltrUyOB4xPSE7YPom9AqDi746uHZee9W1fVrUs3IbdtT8uRQweIkPlND8+ysjKulXJysvu3uS+cNUGEDPlaNm/K7k0r6tWrJ6kMa4punc1vnDvYpYOIY8DyMjTQu3Rid21rT9fS1Fg2f6rAZO6b95aWltIkqNrLoaxUf9vaxXs2r7S26Mh8F/p6ujvWL1k4a0J6xlf6lJLqg1VUVPzMN0AiWXGaNn7EjImj6NPMn+5mamwoQub3aPuPisO8Tcv1y+dWUuZM6DTW2rFBlDks+XYQF5O1Rce7l46Ido14tWttcvXMPosu7SWSGwAAAAD89RAgBAAAAKhhpKSkxgxzvnX+oARnBNTUUNuxfsmxPRuaN2sqMPGwQfYHt7uLNrhfD8vOV8/sE2qTneuXLpkzSYK9lKZPHLlzw7L6FQwuymne9HGjXZ2Ezf9jckpMXALvemlpqZFDB1w9vbeprraweXIyNNC7cfaAi7OdlJSUOPnUXJoaagd3rFk6b4r4WQ0b7HDqwOaGf3zg3OrAvm8Pgd3vgsOiLly7S5+myi+HtUXHPZtXet48PX+GW0Wz8ZEdE0e5DLh4YteNswfIftifvqTS56xYnyVUSSpSt24dr1tnRrmI8sIBXywF+b1bVk4e5yotLaASkJOT3bt1pVVXoScjvP/Y51dRkRhlpOPQz0bkF01WLJg2fIiDmAXo1b3rhhVzRfhaefzUV8xd89Jt3OjMoa1T3IaJmc/MSaNO7NuordVQQuUCAAAAgL8f3UvTAAAAAFBt6TXR2bBi7sTRQ09fuHFXjHHPVFWUR7kMHDHEUVZWiL5o3TqbX/9n/+bdR718/BhuwlKQnzZhxIghjsKGtWRl6w0b7DDArvcz3wAvHz9xOuIMG+wwdrizVkN1hullZGTmz3Ab5Nh318FTL/2DGW5l0sKApuORoYHe5ZN7Hj15eeeBd3hkLMM8SR3MWjnZ9e5jY1ELOw5ykZaWcnW2s+zS/v7jZzc9HqcL363H3tZm6rhhOo3/xKSe1dayeVNCwqOyv+XQpNl18HSXDu1oxrGsJpdDQ111tKsTGdHPY+dnfs3OyMySk5OVlpJSV1NRU1OpV7cu1yYfk1Po81SW3BCj6moqC2ZOGDPM2euZ3wPP59Fv34mWD0tBforb8MEDbBXk5RhuoqbSYN/WVf5BYVv3HBN4yJTOHdoSPD2hJWjYIPsuHdqu33aQ+dSMqirKG1bO69rRbNu+4+IXwN7WxqpbxxNnr567cod5AfSaNBZ/17zq1JGZ6ja8p1WXW/e9PR4+EWpUbZaC/CDHvgPtete2btAAAAAAID4ECAEAAABqML0mjdcumz17yuig0Ej/oPAnz18xbFg0NNDrY2Nh1bWDUfNmonVEU2mgvG3t4rQZX5+9fH3v8TOa9m6LLu2dHfpYde1ANdCrqijTxyR4KcjL2fWxtutjnfsjzz8oPDr2XWx8QnBYlMANdbS1LLu072Deun1b0wbKSkLtlKTXpDHZvH7hmkdCYhJN8GPwAFtnhz4CB4uTk5N1su/tZN876dOXh97P79z3pg+o6GhrDbDr1b93dx1tocMn6qoNhN2kUqnSloelIF+3DncUh0bjRpqTx7lOGusSER336MlLz6cv6e8rloK8Ref2Fl3MO7VvyzxOrKaqIuztWohsyiYAACAASURBVEnUVARcTTUhL7dKA+U1S2fPXrKePtm5K3fWLZ8jMLc/czmYqM9SqM9SaNZUhyZN9recZy9f0xdPS1NDtAJoqKnwX6+uOmKI44ghjilpGf6BYbHxiTFvE2LjEwVmaGps2K2TWQezVm1bmQj1Mgela0ezG2cP3Lrndd/z2bvEpIq+KVRVlF2d7R372TTi6Ygm8QdBr4nO8X2bQt9EP/MNeOj9nCZza4uOzg62Fp3N69SREfggqDRgWs8rKdafP2P8IEfbE+euRcXE0URPrbp2GDygn2UXcxkZGYaZk5h0Vae0aN5syZxJ86aNfekffOfBE4FvpfSy7ubYr2e3Tmb0w2XzktTYuSRNDTUR3gkAAAAAgOpAind+FAAAAACooUpLyxI/fHyflPw990f2t+/Z33Kyv32vz2KVlJZqqKmoqiirqjRQVVFu1kRH5IbvinzPyc38mp39LedrVva3nB/1WQqNNDUaaqg11FCT4OigXEpLy76kpn3N+pbHzmez83/ksRUU5H/9KlJSZCkpKSor1ldpoKyhrirZnf78+SslLeNzSlpKWgZBEFoN1cnDVFFWFjjcX0WKioq/ZmV/zfqW8TUrM+ublJSUhpqqhrqqhrqquqoK2SYOTPwqKsrO/p6Z9S0r+1vm1+xfRUXKiorKyooNlBQbNFDS1moobPs+iKNSL8eT56/KyojePbqJtrn75n30fa/72lhuXbtI1NIJ4VdR0cfklJycH3lsNpudn5dfUJ+lUFJSoqykqKRYX1GR1VBdTbIRHYIgfuSxv6Smf0lJS8v4qiAvr6mhptlQvaGGmqRGVRVWaWnZp88p377nZH/7/u17roKCvLSUlLqaqrpaAw01VZYwYTaRlZSUpGV8/ZKa/iUlvaCwUENNtaGGmmZDdQ01laqqN3Jy8zKzsjK/Zmd+zc7JzVNRVir/XlBTkfgtAQAAAAC1EAKEAAAAAAAAUJN8+57jOGwKO7+gh2Xn5fOnCvseQGhEzISZy+jTLJ8/dahTf/GKCQAAAAAAUH1JV3UBAAAAAAAAAIRw8tx1cpDMZ74BfQe5bdx5ODZO8ECdZA/gMxdvCowOEgTRway1JEoKAAAAAABQTaEHIQAAAAAAANQYnz6nDBwxjXe9SQuD7hYd27YybmXSgmuozF9FRRkZWVGx8XsOn2EyX5pV1w77tq6SaKkBAAAAAACqF+HmsgYAAAAAAACoQvuOnuO7PjY+MTa+vB+hqoqypoa6qmqDnz9/Jn9OZRIU5DRpjIskSgoAAAAAAFB9IUAIAAAAAAAANUN4ZOyT568EJsv+lpP9LUe0XXTrZNba1Ei0bQEAAAAAAGoKzEEIAAAAAAAANUBZWdmuQ6crdReaGmrrls+p1F0AAAAAAABUBwgQAgAAAAAAQA3wKiA0MjquUnexf7u7mqpKpe4CAAAAAACgOkCAEAAAAAAAAGoAfT3dbp3MKilzVRXlE/s2Guo3raT8AQAAAAAAqhWpsrKyqi4DAAAAAAAAACNPnr/atOuIyFMM8mXVtYP70llqKg0kmCcAAAAAAEB1hgAhAAAAAAAA1CT5BYWPvF94PHoaHhkrZlaGBnpjhzvb9bGWkpKSUOkAAAAAAABqAAQIAQAAAAAAoEZKScvwfOr73C9Q2EghS0HesmsHF2c78zYtK610AAAAAAAA1RcChAAAAAAAAFCzlZSUJH9JfZf4MS7hQ+bX7Nwfebm5P36w83Nzf9StW1dZSVFZqb6ykqKaagPjFgamxoZNdLSlpdFlEAAAAAAAai8ECAEAAAAAAAAAAAAAAABqEemqLgAAAAAAAAAAAAAAAAAA/DkIEAIAAAAAAAAAAAAAAADUIggQAgAAAAAAAAAAAAAAANQiCBACAAAAAAAAAAAAAAAA1CIIEAIAAAAAAAAAAAAAAADUIggQAgAAAAAAAAAAAAAAANQiCBACAAAAAAAAAAAAAAAA1CIIEAIAAAAAAAAAAAAAAADUIggQAgAAAAAAAAAAAAAAANQiCBACAAAAAAAAAAAAAAAA1CIIEAIAAAAAAAAAAAAAAADUIggQAgAAAAAAAAAAAAAAANQiCBACAAAAAAAAAAAAAAAA1CIIEAIAAAAAAAAAAAAAAADUIggQAgAAAAAAAAAAAAAAANQiCBACAAAAAAAAAAAAAAAA1CIIEAIAAAAAAAAAAAAAAADUIggQAgAAAAAAAAAAAAAAANQiCBACAAAAAAAAAAAAAAAA1CIIEAIAAAAAAAAAAAAAAADUIggQAgAAAAAAAAAAAAAAANQiCBACAAAAAAAAAAAAAAAA1CIIEAIAAAAAAAAAAAAAAADUIggQAgAAAAAAAAAAAAAAANQiCBACAAAAAAAAAAAAAAAA1CIIEAIAAAAAAAAAAAAAAADUIggQAgAAAAAAAAAAAAAAANQiCBACAAAAAAAAAAAAAAAA1CIIEAIAAAAAAAAAAAAAAADUIggQAgAAAAAAAAAAAAAAANQidaq6AAAAACCu6OiY7zk5wm7VtGkTncaNK6dEAPA3iI9/l/n1K0EQnTp2qFu3LrmypKSkq6V1YeFPgiBu3bhioK9Pv/5v4vPs+Zx5CwmCaG9udvrksaouTvVy+szZ3Xv3EwRh08N67+4dVV0cIj8//9iJU+/fv7fpYe3sNFBS2ZaVlV25dv3VK/8WhoYTxrvJy8tJKufE9+/Dw98kvv9QXFSsr6/Xr59tA2VlSWVeQ1Xe2f6Twt9EjBk3gVyOCAuq6uIAQRBEcEjoz58/hd2qTetWioqKT32ezZ2/iCAIPb2md29dZ7htJdVIAAAAAGJCgBAAAKDG2713v8+z58JuNXG827KliyqnRADwN9i8dfuLl74EQQT6+6qpqZIrS0tLs7Kyy5dLSqnEFa3/m5QUl7DZbIIgPiR9rOqyVDu/fv0iTw75/yq3dfvO8xcuEQRx/8EjJSWlXj1tJJLtw0eeK1a6EwRxn3j040eeRL5GCwsL9x04dPTYCc6VrUxNESCsjLP955WWlFSThwIorsNHibDVsSMHe/W0KS4uJi9obu4P5ttWUo0EAAAAICYMMQoAAAC11IJFS2ztHG/f8ajqgsDfDLcZQJUIDg6llmNj30oq2/DwN9RyZHS0RPLcs+8AV3RQS0tTXV1dIplXc2fPX7C1c1y3YRPfTyvjbANf33NyhrgMt7VzTEhIrOqy/J0qqUYCAAAAEBN6EAIAANR4vXv3VFRU5FoZExtLtfLY9LDmTWBiYvynClgd/fr1i4zZfEhKquqywF8LtxlAVTE3b/c2Lo5cNjYyklS2bdq0opZNW5qIn2FCQuLxE6fIZWenAQvmzW3USEv8bGuKR4+9EhISFevX5/upxM82VCQuLj4s/A1BEOkZGc2bG1R1cSqds9OAEp6e7pGRUdSX9QBHB96tGjbUEHmPlVQjAQAAAIgJAUIAAIAab5jL0GEuQ7lW+r3yp+a8WbZ00V85H5g40tLSq7oI8PfDbQZQVZYuXqiqqvrhwwfr7la9e/eUVLb2dv3z8vL8Xvm3MDScOGG8+BkGBgWTC8309LZs2lCnTu36F3pCQgLNpxI/21CRlJSUqi7CH7Vj2xbelbv37j9w8DBBECwWa/fObZLdYyXVSAAAAABiql3//AAAAAAgfallbWFQJf6a20xKqqpLACAkFos1b84siWcrJSU1zNVlmKuLpDJMSCzv69+7d8/aFh0sLCykJi7lS+JnGyqSnPy5qovwl6ukGgkAAABATJiDEAAAAGqjL1/+ksgNVGc1/TZTVVUhF5SVlau6LAB/p9TUNHKhcWPtqi7Ln4Y+1tXHp+Tkqi4CAAAAAFSB2vWKIgAAAHApLCz0e+X/9m1cTOzbrKwsHZ3GJibGLU1MunTuJCVMpyE2m/06IDA29m1kdHRGeoahoWFLE+P27c1at/pvAqG3cXG373hISUkNHTJIv1mzgoLCC5cu+fn5Jyd/btxY29HBfshgZ84809PTA4OCo2Ni4+LiS0tLW7QwNDZq0b9/PwV5eb5lKCgofB0QEPs2LjY2Nv5dgq6Ojqlpy362fU2MjbiSpaalUqO6ffnyJSQ0lPq0pUlLeXk5cYpBunX7Tlz8O4IgDJsbDB7kXFGyh48830REEARh27ePWbu21PrMzK8BgYGxb+NiYmJLS0v19JqaGBu1a9eWd96alJTUs+cvEAQhLS29eOF83l14eT8JCQ0jCMLK0sKiW1dyZX5+/r4DhwiC6NalS/fulqWlpY8ee3ncu//+wwdlJeUuXTpNnzpZTk6ONzdKRmZmUFBwbGxcTGzsl5QUYyOjlibGgwc5q6urVbTJ27i4NxGRMTGx0dExSkpKLU1MjI1b9LDuXp/f7FNCJU5ISAwJC3sbG/f+wweCIExNWxq1aNGlc0dNTU2ulGHhbx57ehEE0ayZnuvQIbxZHT95OisriyCIAQ72LX9PeUXeurKysm7jxjRQVs4vKAgJCQ0JDQsMCq5bp46paUuLbl2pc0sS9jarCHkjSUlJdbey7NqlM2+C02fOfvqUrKSsNH3qZFlZWd7TeNfjfmlpqVm7trZ9+1DrS0tLAwODomNjo6JiUlNTGzbUaGli0rVrl7ZtWnNuTp5ANTVVGRkZJqVl7viJU1nZ2e3Nzfr07kUQROL798EhoUFBwYmJ75s3b97SxHiQs5OyshLfbRkWnlN+fv4r/4DY2NjIqOg8NrtpE10TE+NeNjY0IZmw8DchoaEhIWHvP3wwamHYunXr/v36CnuYgUHBL174vktMSE1NM9DXN2phaG5u1qljB76JmT/1XCfw58+frwMC/fz8g4KDNTQ0rKwshrkMrVu3LkEQP3/+9PJ+4uX99MuXLywWy8TEmLMe4CVadcdXXl5eUHBISEhYcEhI/fr127Zp3aVL544d2vNNzLD2pjA5sWlp6WfOniMIQk5Obu7smbyZMPna4lVWVrZr996i4mKCIMa7jW2oUT4nGVWpOg10NDYyKikpiYiMCgkNDQwM/v49x7SlSZs2rQc42lOP0o8fP+LfvSMI4tu3b+SalJRUzlqiTevW5EUkiXB7NG6sPXrkCIIgIiKjzl+4RM5/1trUdPq0KeSdXxl3UVlZWXBIaGzs25jY2JjYtwry8q1bt+rapXNPmx6cyYqLi9PS01/6+ZWfjbw8zmPX0dHRbNiQ5mxThPoNI0JNTi8hITEs/E1MbGx0dGzhz0LTliZt27YZ7OzEeeF4lZSUhL95ExISFhgUnJeX165d2zatW9v27V1RNSvUMe7bfzC/oIAgiDGjRmprN+L6NC4+/tbtuwRBNG3SZPiw8n6ZOTm5qWmpkVHR5Wni4uXkyr9KpKVlOH+ZUKr5L5w/LD8//3VAYFhYeEhYOM2NRF8jffz46d79BwmJ75OSkjQ0NExMjE2Mjfr07iXxL18AAAAALlJlZWVVXQYAAACQPM45CD0f3eM7B2F0dMyceQs/JCXxfmTd3WrzpvVkC51AEZFRs+cuSOb3+vmokcMXL5zPYrEIgvD08p42YzZBEDNnTJsyaYLzENeEhEQqpVm7ttevXqL+vHX7zsLFy3gz1NXV3bp5Q+dOHbnWh4aGzV+0lG8ZFi+cP2XyRHI5Kip64CDu+Ro5Pbp/19CwucjF4Njw7sLFS8llj9s3qFATp/T09G5WNuTytcsXzM3NyOV79x8sX+nOZrN5N5k0cfzc2TM5Q3cRkVHOg8ub+RLjY3g32bh566nT/xAEMWK46/q17uTKrKzsTl0tqdO+eOmKGzdvcW4VGR6soKDA99DKyspu3Ly9bsMm3hKyWKz9e3dZd7fiWv/r16+du/aeOHWaNzctLc2d27Z04Qh9CZv4wKEjBw8d4VvUbVs2crVdnjx9ZtPmbQRB2PSwPnHsMO8mtnaO5G25d/cOB3s7ciXnrWvfv9/kaTN577Qxo0cuX7qYbBcW9jajQRVYTU31td8Laen/jf/x7l1CP/sB5PK+PTvt7fpzbT7WbaKv3yuCIBYumDttymRyZXpGxtJlK1+89OXd3dgxoxbOn0td+gcPH8+aM4/rXBUVFRmbtuU9kIrW80Wd5zehgUePnTh05BhXAi0tzYP797Zr24ZrPfPCU95ERM6Zt5Bv5bBh3RpXlyFcZ7WkpGTrtp0nT5/hSsxisWx6WN+7/4CsAZ49eUxzgD9+/Fi8dIWnlzfvR3b9bVeuWMZVuwr11HOeQN/nT+fMW8gZXCF3sX/v7rS09AmTppJhIU4jhruuXrmcN4YhcnVHOnrsxLYdu8iHa+GCuRMmTeXtHzZj+tQ5s2ZwNXkzrL1JzE9sQEDgiNHjyAsXERbElZjh1xaviu5zzkr15PGj8xYsev7iJde2nTt32rNrOxnlCgwKHj5yDN9dkF75PqOOReTbI/JNyMOHjxYvXcH56ZlTx60sLSrjLkpLS1++cjXvgRMEMcDRYf3a1dQbHgYtWtIc+4Z1a8jwFX2tIuxvGGFrchoFBYV79x84fuIU70empi337d6pp9eUWhMaGjZ02EhyOSTw1Zx5C8lqmavAu3du530rQthjpE7szetXeN+Z8PZ+OmX6TM4a7PSZsxs28ZmNj8T32an+v3BExjkHId8DJ1E3kq6u7pFD+6ZOn83kRqKpkfbsO7D/wCHeHRkbGW3etL5Na7pXFgAAAADEhCFGAQAAaqlbt+8McB7C2eqkq6tLLT9/8bKPrf2biEiB+dy4ect5sAtn44ixkRHVtHr+wqV5CxZzbfL1a9ayFas5o4MEQZiYGFPLi5euoNqpWSyWpUU3S4tuZJ7JyckjRo0NCPxf28qOnXuGDhtJlYHFYqmpqVKfbtuxy8v7Cblcr149gUckcjE42fW3pU7ChUtX+Ka5dv0muWBq2pJqO1u2YtWceQuptjMWi6Wl9V83uOMnTg0cNDQnJ5f5UdD7mpV96fJVruigrq5uRdHBvLy8CZOmLlm2giqhmpoqdaRsNnv8xClcUYGcnNwhriM4A35aWprN9PTI5bS09JFj3CKjokRIzGaznQe7ckYHOQtDXsEFi5aIdGL4u3T5Sn+HgdSdxnmbnT134cLFy+SyULcZvd49e5ILWVnZMTGxXJ96PXlKLZM9Iznl5ORSzdB9evUiF6KiovvY2lMBNmMjo759ejdvbkD++c/Z85OnzqDeIOzfr++9u7f27d0lqcPh5TTIhYoOcp7PtLT0yVOnk11hKEIVnnTt+s1BQ1ypS9be3LxXTxvqmVq5es3h/8cmS0pKJk6exhkd1NXVJe9ANptNRgeZWLHKnQpiNdPT69XTxtS0vOH+wcPHJ0/+L/oozlNvad2TjOtw3vkPHj5+8cKXM67DeW4vXrpy6cpVrnzEqe64+Dx7bu/ozHf0yIOHjmzZtoNzDfPamyTUia2ICF9bzIWFvxk4aCgVJOM8nICAwFXua8llLU3NimKQJBnp8jCqOLeHn98rruggQRDNDQy41kjkLnrs6dW3vwNndJCznHc97u3df5D6k/7YmRDnNwzDmrwiCQmJjgMHcUYHOY80Ojpmxqy5JSUlfLd1GuzKGx0kCzxi1NjS0lJJHSNDvP3Omagpv3AqW3Jysr2js8g3EunipStUdFBNTdW6uxXV0/ptXNyy5asqoeAAAAAA/0GAEAAAoDbKyMyk2oK1tDSvXb4QHxv57MnjmMiw/Xt3k+vZbPYq97UVNXKRMjO/Uo2PamqqZ8+cjI+NvO9xKyIs6NrlC2Qbx5xZM7i2unzlKtnOPsxl6M7tW3ds2zxtyuThruUviT956kPFqxYumBsS+Oqf0yf+OX0i6LWv27jy/hYrVrr/+vWLyvBT8idyYfAgZ6/H9yPCggL9fZ899aReu964eRt5IC1aGD578tjz0b1ePctfbB8x3NXz0T3qv6ZNm4hcDE6ysrKTJ46njvf79+9cCYqLi8mBswiCGD9uLLnw/MXLq9dukMvdrSyfPXkcERbk98InNOj17N+nMSEh8cAhPl3fRJOcnLxy9RqCICwtum3auG7v7h3z587mO5AXSUamTlR0+UBk8+fNCQ7wC/T3jQgLunD2NNVcuHf/Ac5Njh4/ER1d/uL/MFeXQH9fvxc+3p4PQoNeL1owjyAIB3s7akw/oRIfOnKMarmeMnliSOArsjC+z5/a9LAm19++4+Ht/ZSQkKysbIIgevW0uXr5fGxUeKC/7+MHHtSoaLv27MvPzxfqNhOoadMmVP68/XLu3PWglu8/eFRQUMj5qd8rf3KhmZ4eGUUrKSlZvqq864apacv7Hrfue9w6fHDf4wce169eIhtq/V8H3PW4T24oJSVlYmwkwvCSzJFt3xs3rPV9/jTQ3zc+NpK6/bKysjkbWIUtPNmFZenyleTyAEeHoNe+Vy+fP3bkoN8Ln62bN5Lrd+3Z9/HjJ2qTux73qABk7949g177Pnvy2NvzQXhIwLDfdZRAMTGx9x88IpcP7t/j7fng2JGDd29df+7jNd5tbK+eNtOmTqISi//Ut2nd6sa1y2HBr9+9jVq5vLxbj9vEyeTTsWXThvjYyEB/36dej6hY2o6de8h7lSRmdcfXMFeX2zevxsdGJsRF37x+hQoDnDr9T3pGBpWMee0t7ImtiGhfW0JJTk5upqd3/OihsOCAQH/f0KDX9nb9yI+8vZ+Gv4kgCKJJE92w4Ne+z5927tyJOgNUFfHsqSc5XLOYt8fU6bPIqNKqFcv27929YtmShQvmcoZkKOLfRVlZ2eTj2d7c/OL5f+JjI/1e+ESGB1PduE+d/od61rw9H3g+ujdvzizyT2MjI84a0q5/P/ozLOZvGIY1eUVKSkvIiktLS3Pn9q0xkWF+L3zevY1a415e27yNi/O4x/9lguTk5Pbm5mfPnIx6E5oYH+P3wsfSohu11dOnzyR1jAy5DB3s9fi+56N71Df4lk0bqAtx99Z1vlvVlF84f4bINxL5vUa9MzFl8kS/Fz6nThy9fPFceEjA8mWLO3futHnT+so/AgAAAKjVECAEAACojXbs3EMuaGlp3ve4bW5uRo75Jisra9fflmoSio6OuXHzNk0++w+Wv/XMYrE87ty06NaVGjvO3Nzs8sVz8bGRVGMil2NHDm7csNZpoKOz08CFC+aSQ1QVFhau31g+2tXMGdOmTZlMDdAkKyu7cvnS7laWZFDh/oOHVFZr3VctW7ro+tVL27Zs1G/WjFypq6NDxQCSk5OTkz+Xr9fVNdDXV1JSJP9UVVU10Nen/iP7folWDC6uLv8NMnn9/130yBZ5so2SxWKRc5v9+vXLfe0G8tPevXueOHaY6iugrKw0Z9YM91XljdqnTv/D1f9STBPHu/1z+oTr0CEO9nYzpk+1629bUUp5eblz/5xasWzJcx+vGdOmqKiokOu7dOm8bMki6tCo9MmfPx89doJcnj518sb1a6hX7JWVlaZOmRQfG7l39w4REr//8OHI0ePk8vJlixcvnN+gQQPyz0aNtI4ePkAdhfu69YWF/4uciWPmjGmHD+5rb25O3irNmxvs3FF+q7DZ7LdvywOWTG4zhhwcygcOffz/YRWTkj5y3QavAwI4/3zqU34hBjjakws3bt4m468sFuvEscOcEz6ZtWu7f095T8GNmysccU7idHV1Hz/wGOYytFEjLYIgZGRkpkyeSF07X18/KqUIhSdHvCQIomOH9ju2bVZV/a97x5DBzlQk8uDho+RCUVHRjl3ldWPfPr0PH9hHbaKoqLhx/Rqu4S4rEvG7k2vfPr372f43c6FO48Yrli05duQg9eCI/9R37dL5/NnT7dq2kZGRkZaWdhs3hnOM36WLFw4dMoislps2bbJtS3mVyGaz3/3OTSLVHZc5s2ZsXL+mdatWMjIyUlJSbdu0vnb5IvXp2XMXqGWham/mJ5aGOF9bDFl3t7p5/UpPmx5kDaCsrLRtyyaqNnv9uvw5lZGRadRIS1mpfFTJJro6VBWhq6MjqS8Fs3ZtPR96jBs72q6/7Xi3sdOmTOaduE78u4ggCFeXIRvWrTl0YO/li2c7d+pIpldQUFi/djV17EHBIeRCQw0NA319appYeXk5zhqyovlHKeL/hmFYk/Nl1KLFiWOHN65f4/nwntNAR7ITnrS09OiRI6hIsK+fH99trbtb/XP6hEW3ruQ0tFpamqdOHKW6QR88/F+HeEn9TqNXp04d/WbNDPT1qXkHtbUbUReCc6BULjXoF06lEudGIgjiQ9JHMqzOYrEWzp9L1b2KiooT3MZdPHcG44sCAABAZUOAEAAAoNZhs9lUZ5GpUyY1UFbmSmBq2pJqoD9/8RJPBuUKCgqp/j1Tp0ziO2Eh11xTlMGDnKnOVZwCA4PJwZpYLNaMaVN4E0yeVD6xYkzsW2qliorKxPFuZu3aciVu0cKQ6irx8dMngjHRisFFQ0N96JBB5PLpM2e53vE/d768uXzSBDeyeTEgMIgaqGru7Fm8p26Y61CqmfXm7TvMD4deMz29eXNnMU9v1KLFeLexOo0bc62nGpSzsrLz8vLKy3mrvJwsFos6aZw4D1OoxLd+J1ZTUx05fBhvypkzppHLaWnp/q8DCEnQ1dWdN4f70hgbGVGDoH76HcmQIGp00OjoGM6uV9TQi2PHjCIXOCdmKy4u9vQqT9C7V/k4pZcul48FN3vWdHIiNE7m5mbtzc3JK5idnS3xA+Fr0YK5VOM4xa5/eUw0IfG/ZmJhC89ms2/fKe9huWzpYt4Haszo8vP2JiKCXHjp60cNjDl71gyuuQkJgjBv147JQRUVFZEL794lcHXr5CL+Uz9i+DCu0Rp72vSglgc5O3F+ZGxkRDXKU/uVSHXHqWuXzrN5euBpazdydiqfL/MlR9xXqNqb+YmtiDhfW8xt3riOejmAJCcnZ//7rmb+ZSSRL4WtWzYKfCNB/LuIPG/Dh7nY9u3D9eDIysr26d2bXOY7l56wxP8NI35NbtPDepirC+9AqX16l1fXiYnv+W549PABMjRIAV6KPgAAIABJREFUkZGRmTjejVyOiIz68eOHBH+nVZ6a8gunUol/IxUXl9dpbDY7uRJ+PwAAAAAIhAAhAABArcM5nt4ABwe+aYYMLm/3iY6O4ZoUh0INDUd2x2FeABaLtWIZ/5nhEt+Xt6np6TWNjokNC3/D9d/37zlkgvj4d0z21bRp+fvvGRmZzEsoqWKMGTWSXEhLS3/2/AVn/lTIysVlCLnw4UN5y6mpaUsTYyOezIh69epR10WC79dv3LBWTk6OQUIBNDX/a2rPyCw/2wkJCeTCYGcnRUXFCjYlREgcTyUe5My3/EYtWlDdgKhzW0maNClvLk9P5zPvmpiaNzegWhs5e9R5/J4Pb/7c2WQ79f0Hj4qLi8mVIaFhZL8ELS1NcoLP0tLSiMjyDlgsBRbvXR0W/obKXCLt+ExISfH59wjZm5B8cMg5BUUoPOdFLyku5k1PjU+bkJBInrf3Hz6Qa4yNjPg+gwyZmphQJRniMtzL+wkV2eJSGU+91u9eWVzz+ZGaUvfq72CzxGvdiuqTHtbdyYWkpI9M8uGtvZmf2IqI/LUlHJ4uegRBaDfWJhf4zs7Il/i3x7w5swz09RmX+z/C3kX0tH8/0RKpISX1G4aX+DU51SfyS0oK3wRUFzFO1Cij1O1ReccoQTXiF06VYH4jcT6ejk6DL1y8XIOmYAQAAIC/Q52qLgAAAAD8aVTTP4vFqmggr8Yc/cPS0tK1tRvxpuFswOLt0ENDVVW1ov1SrULR0TFDXIbTZMLZtYhLTk5uenp6ekZGampaRnp58yUZZmBIIsUgCKJlS5POnTsFBASSo+pRnSYvX7lGLjgNdKS6sFBZ6VU8QR3V6hQdE8P8cOjRjCEmUGlpaXb2t/T09NS09Ax+LcXx78rDeM2a6QnMTajEcXHlsQpyLD6+DPT1yUEpE99/EJihOMgeEgRBlJZVSiuto6P9vv0HCYLwfuJDTuiV/PkzeWjOTgPq168/cIDDxUtX2Gx2cHBIly6dCYKgmmsHDnAkRxRMTU2jMiQnnqTx+XMK2SGvSlDnk3xypaSkRCg850UfOmwk/Sbp6RmNG2tTdZq+vuA7kEbbtm26W1mScxm+jYubOn0Wi8Wyt+s30NGhY8cOnN1NKuOpr1uvPAJBjRnI6b97tbS8SpRUdSeQxu+vCTabzWazeXtfCay9mZ/Yioj8tSU+6nIwj+WIf3voixQdFOEu4lVQUJiRkZGWlpaalk7F74X6Iq6IpH7D8BKtJi8uLs7IyCRv2rDwcHJlYeFP5jmQ802SUlPTDA2bV94xSlCN+IVTJZjfSHXr1p0/b86u3XvJinH1mnWr16zr1dNmgKN9r549uTqbAgAAAFQGBAgBAABqnY+fykd5orrp8OJsrvr85Qvfhqfkz+WjIVHdm8TH2R2Bt9cCp65dOnP+WVZW5uv36tFjL49798mOU1zKCCHaJUUuBq8JbmPJ5jNfv1cJCYnNmxvkFxRcuVo+e9CokSOolO9/xzOoLgi8qBbttLT04uLiOnWq5rdcYWHho8dejz29PP8/Kx6FagWmYg8aDNrimScuKSmhBiujaeWnOjX+sf5wlaRPr55kgNDTy7uwsFBOTu7Jk/L5Bfv17UtOyXbx0hWCILyf+pABwoePPMu3/T3kXRbHqKH0d3XdunWZxGj/JBEKn/k1k+EmKioq5FyDn37XjVpaFdaNTMjIyOzZtWPj5q3UIIFsNvvqtRtXr91o3txg84Z15uZm5Prq8NRLsLqj16DBf8Mkfv2aRQUImdfezE9sRSrja6vyVIfbQ1hx8fEeHg8ePfbkW+vSBBSZk9RvGDHl5+c/eepz89YdMmItjrp167JYLPLmJyuuanKMAv2Vv3D+sGlTJslIS2/fuZta8+Spz5OnPiwWa/XK5ZXY0RkAAACAIBAgBAAAqI1UVRqQC9REcbzy2fnUckVvr1OT4lDjSYpPV7e8N9gEt3HLly1muFVu7o/pM2dzzTOnpqbaWFs78f0Hvi3OlVEMvnpYd9fV1SWjWRcuXXZfteLBg0dkkdq0bsU585aaWnljH811oY6FxWJVVdtZfPy7UWPdsrL+N0edrq5uQw2NkNBQrsRqaqpkSnJeJXrME8vIyFDNqXkVX98fP8rPpJqqisC9V2cmJsZaWprk0HNBwSFWlhb3fo8vamHRjSCIzp06kifkrse95UsXv3//gbzl1NRU27ZpTaZsxBH08nx4r0GDBlV0NKIQofDUNJnGRkb3PW4x2Yvc7+4aP38K0fuHL2VlpW1bNk6eOP72HY9bd+5Qo0omJCQOHTby9s2rrVu1qiZPvQSrO3q5uf8916q/H0lha2+GJ7YilfG1VXmqw+3BXGlp6dZtO0+cOs25ksVi6erofM/5znxgVYEk9RtGHA8ePp41Zx7nGhaL1VBDQ1ZWlhq7mLni4mLqOqqrq1eTY2Ti7/uF8+dJS0tPnTJpyOBB9+4/uHPXgxpMm81mL1m2orCwcNRIuo7dAAAAAGLCHIQAAAC1DtVzIi0tvaSkhG8azj4lTXT5jwdF5cNms/MLCiRSNmo6FuZj2eXk5A4fOYZsX2axWHNnz7x+9VJ8bGSgv++tG1c7tC8fJlGK4DMplASLUREZGZkJ48eSy2fPXcjN/XH2/AXyz/FuYzlTNjco32lKSmpFuVEDLRobiT5BmjhiYmKHuI4gw3jNmxuscV/p9fh+YnzMsyePr14+TyWT+j0Fl2nL8lkAP3/5IjBzoRK3NDEmF9LS0ipKk/J7FigDAwOuj6pkxiaRSUlJDRzgSC77PHue9nvIvgGODuQQZPXq1etn25cgiKys7Mio6Gcv/htfVFq6/Ae/hoY61WcriWOgxRpBhMJTY+e+jYurqKLj0kS3fIA7SQUzmjc3WLhgrt8Ln9s3r5Jjw5IOHT5WnqAaPPUSrO7oUdNxsVgscpJRkWtvgSe2IpXxtVV5qsPtwdzS5auo6ODIEcNOnTga+SYkIizovsetcWNGk+ulpYX4Iq6IpH7DiOzGzVtUdNC6u9WuHdsCXr2MCAvy9nywYb2AAZD5ysz8Si3r6DSWyDFKZDRXgf6yXzhVSF1dbdzY0bduXH3h4z139kxq/bYdu2rWzxUAAACocRAgBAAAqHU455yjZgbiQo4ZRRCElpZmRZOgcOYTFBQskbJRAxsGh4Tm5OQy2eSpjw/5wr6uru6j+3dnzZxu1q4tk8moJFsMGs4DB1DLGzZtIaeOU1NTte3bhzOZvn4zciEs/E1Fr9j7vfInFwybl0e8FBQUqE/FL6pAZ86eJ9/x79un9+0b10aPHKHfrBlN+ua/y/mSwSBsQiVu0cKQXPD1e8U3AZvNDgkNI5epxlYqyJSezmfGxOqMGin0safXk6fl44va9belEvTv15dcePLUx9v7KddWpBaGzckFX1+/P1JqSRK28E2b/FdBBYdw923lS7tR+Rh90TExDGOKDLVu1Wrblo2LF84n/6T62or21EuWZKs7GtSjSkX3xa+9KzqxFamMr63KUx1uD4Y+fUqmxn29dOHsujWrrbtbKcjLV8a+JPUbRjRlZWVbt+8klxcvnH/qxNGBAxw4R/sUwevfpaW6Pot8jNR3XHZ2Nt+tJO5v+oVTHTRurD1r5vRrl8vjrGw2mxr7GgAAAKAyIEAIAABQ6zRs2JCKlxw7fpI3QWFh4aEj5f0wultZVpSPqqqq7u8ON/sPHJJI2VqZmpLNW2w2++jxE0w2oVqUBjsP5J2DJy9PwPiihQWFEikGjfr1608c70YuU02oY0ePqlevHmeytm3bkAvkrFq8+cTExFIt7B07diAXGmtr/5cgNpZrk/z8/Mjfw1VJxLPnz3+XfyRXq2sBvzNp1q4duRARGfVSUFxHqMSdO3UkF/xfB0RG8TnGGzdvU+OVUQOd6eqUj6b4Ni6OdyDTT5+SqR4MksX3NiM7MqanpxcVFQnMoW2b1uT8cGlp6afPnCVXWlpYUAmo+eFu3LwVFBxCthS3//+UbNbdrciF3Xv314ghFjkJW3h5ebmOHdqTy1u2bmfSCYNqwk5LS+edV6ygoPDy1WvCF/w/Nj2syQUFhfJGfNGeesmSbHVHEATfnnmpqWnXrt8kl3va9CAXxKy9KbwntiKV8bVVearD7cFQ4O9oa8cO7TvxlERgZ02+Xx8VkdRvGNF8/PiJGmF77JhRXJ8WCDpS3uGLS0tLDx46Qi53t7KUlZUV5xipvndRUdFcm5SVlQULiqCTOQtMw6l6/sJhs9lcA6HXLObmZlSsV05OkhFuAAAAAC4IEAIAANQ6UlJS7qtXkMtPnvrs2LmHs6/Mjx8/Zs9dQEVW5s6ZRZOV+6rl5EJY+Ju16zZyxjmKior2HzjUqavlU59nzMumrKxE9QU5euzEqdP/cDXrh7+JGOs20dbOkRpcS7G+IrmQkvq/cat+/fq1YdMWqkNJGfG/4baorajOWPn5+VSeIhSD3qiRw7jWuAwdwrVGp3Hj6VMnk8sbN299+MiT89PE9++nz5pLLpuatnR0sCOX5eXltLQ0yeXde/ZztsMmf/481HUkGSuSFCXF8omO0v7fA+/r1yy3CZOoP6nBzWz79m7TunxKsAWLlkT8vy0v9m2c82CX8ROn/Pr1S9jE/fvZUmG/WXMWxMXHcyb2fuKzdv1GcnnSxPFNmpSHBKgmV4Ig9h04xDkIm98rf4eBg0SYsZIG/W2Wk5Pb32FgNyub9p26VdRHhCItLU2NMvohKYkgCAd7O84YrZyc3ABHB87hMQcOcODqjDVhghsZZSQIYsrUGR//P1Znfn7+oSPHOnW1PH7ilHjHXSlEKLz76pXkQkRk1JJlK7m6raSmpi1bsapTV0tqAjxLi25U9Gjt+k3vP3ygEufk5E6YPNXn2XMmRc3Ozt62Yxd10Snev9dQt65oT71kSby6CwgIXLdhE+fXSnp6+vSZs8llFotFTaklbO3N/MTSkPjXVuWpDrcHQ1QwIy09g6v37a3bd/ftP0gul5b+74u4fv365MLbuDjy7iopKfkoaAxhCf6GEYEC678+bZlfv3J+FBUVPXf+QvrNx7pN/J6TQ/358+fP5StXk1U6QRDz5pY/JiIfo+HvntYnTp0hpwYkFRQUzp2/iKZup77cfX3Lo3QZmZkMvxCr2y+cK9eutzHr2Kmr5aw586r5+JwlJSVHj504f+ES+cOGEhQcQp58FotFnQEAAACAylBbZn4GAAAATlaWFn379Pb08iYI4vDRYz7PnltadFNTU/2SkuL95CkVYFi6eKFmw4Y0+dj0sO5uZUl2tTl7/sKr16979bRpoqvz5UvKzdt3yHyWLl8Z6C94xEjK8GEuly5fJced27h56+27Hl07d9bRbZyeluH36hUVNDpy9Lj7qhVkWxK55uq1Gzo6Oj26W0nLyLx58+bEyTNUoxsvalS9D0lJI0aPa9e2zfUbNwsLf/p4PyaDEMIWg56urm4/276PHpe3iA1ydtLQUOdNNm3q5CvXrpOvvc+cPbe7lSU54N6HpKRbt+9Syda6r+IM/MyaOX3FSndyeD07B6dBTgNkZGQCg4IrGntTHO3atSHP6uo16wiCMDZuUVj48+VL3+MnT/NtSZSRkVm1YtnQYSPJ6fGcB7s4DXRsZWpaVlYWFh7+4OFjMtn9Bw+dnQYKlVhaWnqt+6oBzkMIgkhOTrZzcBrg6GCg34yMBlEhBBaLNX3qFKo82tqNBjg63PW4RxDEqdP/RMfEWltZ5uTm+vq9IgdGkyz628z/9euEhESyr8Ox4ycPH9xHn1vvXj1Pnf6H+pNzfFFS/359yUMj9e3TmyuBgrz8WvfVM2fPJc9Szz79nAY6GrVoISUllfj+PdXBa8u2HQMGONA/+3+eCIU3MTYaM2okOSfWzVu3X/n797TpYaCvn5eXx3mTrFq91tvzAXm7zpoxdfHSFeRN5TTIpU/vnqqqqrGxb6kgIhNr12+6d/8BQRCdO3dyHTqkadMmbDb7safXhYuXyQQuQwdTiUV76iVLstUdQRD/nD0fHBJqadGtUSOt+Ph3d+7eo+qHJYsWUMMGClt7C3ViK1IZX1uVpzrcHkyYGJd3XEtOTp6/cMmE8ePqyMh8Sk6+cvU6b2dcStPfr24QBDFy1Dhb2z4vff2io2POnjlp0a0rze4k9RtGBA01NNTUVMkrMmPW3CWLFqipqWZnf3v46PHFS1cEbh4UHGLv6NS7V8/mzQ1SUlKf+jwjvwXIKp16RUbkYxw3ZtTlK1fJr5UevWwnjndT11CPiIh4/sKXPtpn0FyffOjOnr/wPSdHSUnx/IVL7c3NL188S01kW5Hq9gtn46at5MKDh4/dxo4x/39P+mrl2vUb23bsIgO6E8aPNTYykpKSCgkJPXj4KJlg0gS3qi4jAAAA/OUQIAQAAKildu7Yun37LrLp/G1cHNk0zMl99YpRI4YLzGf3zm3LVqwm27ASEhKppi5Se3PzXTu3ClUwGRmZf06fWLHanZxHLTo6hjdyY93dav7vF+3t7fofP3mK3O+u3Xt37d5LJWump2dn148avIuTvV3/Hbv2kO1lAQGB1Fw+V65dJ19yF7YYAo0cMYxqPhs9agTfNAoKCjevX1m8dAVZnhcvfbmaVtXUVHfv3M7VS2bIIOfr12+SXdCSk5P3/u6rQY725uQ0gGxck4hpUyeTDXlsNnvBoiWcH/Wz7SstLUWF8Sjm5maHDuxdtGQ5ebZv3/G4fceDM8Fa91VOvycxEiqxqWnLSxfOzluwiGwq5YyNkdqbm2/fuklJSZFz5bw5s/xevSLbKDkvPUEQY0aPlJKS+ufseTHO0P/Q32acbaBMBkPr0N6cxWJRjbxWPEPnWVr+N+Ioi8Xq0rkTbyb9+/Xdu3vH8pXu1BnmTXP44L7qFh0kiVD4ZUsXKSkrHTh4mOxbyduCr6ure+TwAepPp4EDoqJiyIqRzWZz7qJN61bb/2XvzuNi6v44gJ8WLYaiLFFDiDZrPLITES3ITnZK9p0I2bLv2WV9eCwPsq/ZeWi3tT2/0iZa1COZFpr6/XFyXDPTNNUk6vN++eN058y9Z+6cc+91vnPOWb/Wytqu0HKyqUpFKhg1c/pUNh9ssVu9fMn3cte1S+fXwcESd7LCbanDiO+DjYp69S7SiZVC7ret0vMrVA9Z6OvXHzJ4IJ068srVazSOS/F4vPnzZi9fsVr8XcbGRq3NzOhQ0ajo6L37DtDte/bulx4glOMzTDEsdllIb3/BwSGjx07gvjR3zqwjR48VdD3n8/m1atYMCAw8fuKkyEuDBw1Y4bZUZGMxPmPjxgaTnCbu258/V7DnocPsJW1trc0b148d70gkGT3SgS1ey26mAYGBgUHP27Q2K/hk5Ptln3By5LqarNxpa2vT23pcXJx4G2nfznzK5EkFvBUAAABAPjDFKAAAQPlEl7GRorK6utsy12NHDlp068om7qMdWH3tbG/duDJ6pEOhPxsnhFSrVm3Prh1r3Vdx+3R4PN4fbVq7LJx/8sRRPV1dkbfwKlcW280PatTQ3rd75+aN683N27KJy+hue/W0PHLowCHPfVWr5kd91NXVDnvut7Huzd2Djk5tlwXzrl72chg+lO5B+cfRFdraWocP7mPTCdIty92WTHL83tlXpGIUKvHbnJytWrbgjhIQoaere/zooRVuS0UOamRoOH7cmNs3rol3myorK588cWyKsxM3f6uWLebNnXX82GGLbl25H1Oc6o8LBUnXqGHDv0+dYON+qObNmu7y2LbLY5t9/375RVL64VdoVr163rx22b5/X+5MWXw+39bG+vqViyMdhisoKBQvc9s/2ty8dtnJcYJIkf5o03rJYpeTJ47Wr19P5CPUq8e/fuWSyPC7rl0679i22W2pq9W3UXdqqhJW/Sm06oqQXs26de3S26rXtw8o2kzEKSkp9etrS9POkxwrq6uLZKisrj5h3Fia7m3Vq1KlShL3Y2tjffvm1SGDB3InXCWEGBg0mjVjmr/PE/GhhwUp6DpT6PWHk7OQ6sf9uotReBUVldkzp58/e9rSsjv3QkdHoa11X3Xr+mWDRg3ZRiUlJbdlruvWrGZLedHqNGf2zL+OHzMwaMSWQpRi5vSpt25csbHuLXLE1mZmp08enzF9qkj+YrR6RsoJlL4gn5raD9+RHC93UyZPOn/2tHUfK7YfupPTJ4+zyUWpol69i3piJX7S4t22JCqw/hflolq5cn5DVi1gpbFSqh4yZpO9Fi1b4jp1ijP3VR6PN3qkw51b10c5jKCnWuSipKCgsH3rJpFlAkePctjlsZ2IETnbJXmGKeqVXET/fnYb1rmLVEJLy+6XL5yb4uw0eNBAibWOEDJ65Iijhz3HjxvDvSm0b2e+bs3qdWtWi1en4n3GBfPmbN+6iXsDbaCvP3qkw/Urlzp36ljQFaxjh/Zr3FdyK5iBQaMjhw7IEh381Z5w2INcazOzUo2dF68icetGT8seD+97jx83RuSOxufzN21Ye/SwZ9mODAYAAICKQIG78goAAABUWKmpqUnJyXw9PW4XTFEJhcKo6Bh1NbW6deuIdOsXW15e3vv3CZ/SP1XTrFazZg0pfSUCgSDu7ducrzna2to6OrVlKUBubm5SUvLHtI/aWtoSZ8QqRjEKOlAf2350nIrH9q3ik0MWdNB3795nZmXVr8cvKNgjIiEhMflDskEjA+7qdKUhNTX1bfw7FZVKtWvVql69epHemJScXK9ePfH4Vgkz5+TkxMTGqqio6NatK0tsWygUxsTGfvnypbGBQan2wUmvZgtcXM+d99qwzn3gAPvSK0NBMjIzY2NjVVRUamjXEBlq+esrRuH/+++/9+8TqmpUraFdo9A2Qvdfv179krSmj2lpMTGx1atV09WtK0s1K0arl7sSXu64+3n79i1RUODr6UnPWYyrd1FPbEFK47ZVen6F6iHdly9f3sbHf/qUrlW9et26dZSVZZqy6OPHj4lJSepq6np6urJcvcXJ5RmmSIRCYWJiUmJSkoZG1To6OpWLGCtKSUn977//GjTQl732FvUzpqV9iomN1dOtq6WlJUN2Qm+jb9/Gf/nypW7dOmyFyEL9gk84cW/fZmRkGDRq9BsF2DIzs6JjYpQUFfl8fmk/wgEAAAAwCBACAAAAlLoHDx+NnziJDiB78vDer9mxCz9fWHi4jZ09j8d7+vj+T+vXBgAAkBc84QAAAAD8vjDFKAAAAECp27N3P02MGzsafWdAff782XnKDEKI+6rliA4CAMDvCE84AAAAAL8vBAgBAAAAStfzFy/9/ANoesigQWVdHPhVvI2Pj4uLc5w43s7WpqzLAgAAUGR4wgEAAAD4rcm0JAAAAAAAFNvBQ4dpYsjggdrasi4FBOWekaGh17kzzZqalnVBAAAAigNPOAAAAAC/NaxBCAAAAFC6Dh0+mpuXq6aqZmtrXU1Ts6yLAwAAACAHeMIBAAAA+K0hQAgAAAAAAAAAAAAAAABQgWANQgAAAAAAAAAAAAAAAIAKBAFCAAAAAAAAAAAAAAAAgAoEAUIAAAAAAAAAAAAAAACACgQBQgAAAAAAAAAAAAAAAIAKBAFCAAAAAAAAAAAAAAAAgAoEAUIAAAAAAAAAAAAAAACACgQBQgAAAAAAAAAAAAAAAIAKBAFCAAAAAAAAAAAAAAAAgAoEAUIAAAAAAAAAAAAAAACACgQBQgAAAAAAAAAAAAAAAIAKBAFCAAAAAAAAAAAAAAAAgAoEAUIAAAAAAAAAAAAAAACACgQBQgAAAAAAAAAAAAAAAIAKBAFCAAAAAAAAAAAAAAAAgAoEAUIAAAAAAAAAAAAAAACACgQBQgAAAAAAAAAAAAAAAIAKBAFCAAAAAAAAAAAAAAAAgApEuawLAAAAAPIRFxe33/NQVlb2sKGDWpuZyWu32dnZ/zx9FhH55u3bt7Vr127dqqW5eVt57fz3VUpn+xeRkZGx3/PQmzdvLLp1te/fj20XCoXtO3XNysomhHidO92oYUP20vSZsx88fEwIcVu6eOAAeyk7nzx1xpN/nhJCFsybM9JheCl/lN/Yx48fu1j0JISoqanevnFNU1OjrEv0WxoybGRYeDghZOP6NVa9epZ1cSquvLy803+f/eefp00aN54wfpy6ulpZl+i3ERMTe+u2d+SbNxERke8TEqpUqdKhfTu3pa5lXa7S9eyZz9nzXlWrVHVynFCnjk5ZF+d3VdCzyrHjJzZt3kYIsbHuvdZ9VZmWsRRJuezI/tAiC7k8E548dWbt+o2EEItuXbdv3VTCIgEAAADICAFCAACA8iAvL2/chElR0dGEkPNeF/55fL92rVol323Q8xfzFyyiu6V6dLdAgLCUzvavY/3GzcdPnCSEXL12Q0NDo0d3C7o9Nzc3JSU1Py3M5b4lOfmDQCAghHz58lX6zrOysmjO7C/ZpfYJyoO8vDx6ogQCQWZmJgKExZP2KY2exq9fC6mZUKqu37jlusSNEHKV3EhP/7zIZX5Zl+g3kJmZ5Xnw0LYdO3/cnFhW5flp4uPfOYweR9O+fv5XL3uVdYl+S1KeVdI+prH7S1kXsxRJuezI/tBSKHk9E3769KkifCkAAADwq8EUowAAAOVBWloaN4wXHR1T8n0mJiYOGjKcu1sej2dsbFTyPf/6PqalDRoy3MraLiIiUvzV0jjbvxR//0CWDg0NK9OygKyOHT9hZW23cvWasi4IVFD+AYE2dvZDho3MyckRf/X58xcs/So4+OcW7Xe1cNFibnSwVcsWfe1sx48bM27s6DItlxxIry2hYeEsHRYenp2NX5MUR7l/VimUHC87c+cvtLK2u3DxsvhLv9d5lt70AAAAoALCCEIAAIDyQFNTk8/nx8XF0T/169cr+T43bNpCEzweb8vG9V26dFJRUSn5bn8L4eH/Bj1/QQhJTEoyMGgk8mppnO1fiplZSzorIyHEyNCwrIsDMrlx83brFN+FAAAgAElEQVRERGTVKlXKuiBQQT175kOvG1+/5igri/43s3nzpixtamL800v3+7ntfefqtRs07TBi2LSpk2vVrFnWhZIb6bXF0LAxSxsYNFJVVf3pBSwPyv2zSqHkddn58uULDQ1yA4HM73WepTc9AAAAqIDwQAAAAFAeKCgoHDvseeDgoczMzGFDh9SuXbvk+7ztfZcmVq1ws7TsXvId/kbevXsn5dXSONu/FJcF87S0tKKiorp26VzRvvrfV0RERFkXASq02Li3Ul61se7z+fPnJ/88bdK48cQJ439iuX5Xu/fso4ke3S1WLl9W1sWRM+m1ha+n9+fRQ+fOe2lU1XCciNpSTOX+WaVQ8rrsJCRIm9f39zrP0pseAAAAVEAIEAIAAJQT9erxV61wk9fePnxIYYugdOvaRV67/V3EFdaBIt+z/avh8XizZ04v61JAEWRlZbHlIQHKhPSJ9RQUFIYNHTJs6JCfWKLfmFAofPnqNU3PnD61rIsjf4VOw9ihfbsO7dv9rOKUW+X7WaVQ8rrsxEv90djvdZ5/8RlQAQAA4OfDGoQAAAAgQfKHDyytqalRpmUpA7HfpooC+C1IH98A8BNEx0iYfA+KhzuKvUED/TItS6lAbYHfSHx8IQHC3wiaHgAAAIjACEIAAIBywtfP/+69+4QQwyZN7Pv3Zdtve98JCAzSqV171MgRSkpKyckf/PwD/AMCgoKe6+joNDU1sbLqZdCoIcsfFh4uEAiiovJ/Yszj8QICA9mrNbRr1P9xeRVfP//g4JDQsPDY2Njq1aubGBsZGxl16Ni+srq6SAnDwsMvXLysoKAweNCAhg0aZGZmnTh58smTp3Fxb3V169rZ2gwaaM+yqaqqjhs7upqmZkxM7KPHTx49efJf6sfGBo3GjB7ZpEn+6kRvoqLOnvMKDQ1LSU1t0tjAyMhw8MCBBYUzk5KT/fz8Q0PDQ0JD49+9MzI0NDE2GjjAvkYNbW62tLRP7xPev3odTP8MD/9XTS1/9SNFRaVWLVtIP9tMRERkQFBQWGj4m6goQoipqYlhkybtzP8Qn3sqIyNjx87dhJD+/eyMDA3pwJGAwEBfX/+PH9NMTYybN2/W185GSUmpgG+eJCYlHT5yjBBShcebMH6curqaaGEi35w6fUYoFFr1tGzXzlzk1by8vCNH/0xMSlJUVHR2ctTQqJqQkHjk2J+EEDU1tVkzphV0XLlITEry8/P38w94+fJVvXr1WjRv1t2im75+/YLyh4WHP3/xMjg4JCoqWk1NzcTEuHmzZj26d1NQUJB+oHfv3h87foIQoqiouGDeHPEMtKUQQjp36tixQ3vuS+np6V4XL4WH/fu/iEgVlUrGxkZNGjfu2bNHNU1N8f1kZGT889QnNDT01evgzwJB/Xp8Y2OjHhYWurp1CypbTEzsUx+fwMDnL16+5OvpNWvWtEvnTjKuY5STk5OQmPjoyZP8on7+zG2wenp6tWvV4ubPysp68s/TsLDwkNCwlJQUPT1dY2MjE2PjduZtCz2HjK+f/8OHj/8XGfH+fUKjhg0NmzQ2M2vV9o82EjMnJib6+vkHh4SGh/+bm5vbpEljI8Mmffr0Fr9EHPA8lJKa2tqsVU/LHoSQyDdv/AMC/fz8IyPfGBgYmBgbDbDvX1AD/5iW9vjxk+cvXgYEBFaqpNKyRXMzs5ZWvXrK+IlYM+zQrl2XLp1yc3Nv3Lx9+crVN1FRmhqa7dq1neLspKb2vWXl5ub6+voFh4a+fh3y/v37WrVqmhgbt2/frkXzZhL3HxMTe+XqtYjIN9HR0TVr1jQ2NjI2Muxp2UNiu5a9CtFKq6qq6uzkqK6ulpCQePjIsaDnL9I+pTVs0GD8uDH+AQFpaZ8UFRV7W/Vq3qyp+LHoYLWDh46k/vefoqLiJMeJ3DMcEREZ9PxFSGhocHBoVnaWqYlxixbNB9r3r1SpEvdUfEhJiYuLY2NYA4OC2GWzWrVqjRo2pNeZLVu3f83JIYSMHzdG4nJ6Rb2bsNtERmZmQEBgQGCQr59/JWVlU1OTjh3ai7Ri6QQCwTMf39DQsFfBwUmJSY0bNzYxNmrdulWzphJOWpEaUQlvwYSQ0LCwgoqtqaHJXSW30PrwR5vW4kUKev7in6fPnvzzVFFBoUWL5hPGjdHS0qJfma+f/6XLVyMjI3Nz8wwNG7ds0bx/v74F3YzkWFsIIWfPeUVERhJCeln2MDNrJX442WtLyW+y4juUsYWW7fOMLM8qEhXpCi8d96qenZ39zMf3yZOnfv7+NWvW7Ny547Ahg2n1yM7Ovu1957b33fj4eB6PZ2xsJH4j5pKlssl42ZEuMzPrfcJ7Xz9/+md8fDz3DmtibEKfuAo9zwkJif4BASGhYcHBIdnZ2cbGRsZGRh07tJfyYCAi6PkL7zt3hUKhgoLCJKeJ3McPWZ6LZG96RX3mAQAAgN+dQl5eXlmXAQAAAOTAY+fubTt2EkJsrHvv2LaFbV+9Zh2NHh07cjA9PX3q9Fni712/1p0G5wghI0aN9fHxLegoIx2Gr3BbStPJyR+WuC33/rZUIRefz9+6eQMLp1G3bntPnjqDEDJt6uRJjhPsBw2NiIhkr7Zq2eLsmZPcbNOnTWnUsMGsOfNFdn7lkpexkeGx4ydWrHQXeUlbW2vvLg+RzsS8vLxz5y+sXL2GTZrK8Hg8j+1bunbpTP88fOTY6jXrCvrsPB7vZZAfTRd0tgkhX7582bl7767deyXuZMM694ED7LlbUlJS27bvRM/AwQP7Zs+d/+DhI5F3mZu33bZlY0F9W1++fGlj3pF+urXuq4YMHiiSYcasOVev3aDfy/07N0VeDQwMGjzMgaZfvwhUV1fz8fEdMWqsyEcmhHz9+tXINP87vXH1UuPGBuylYSNG+fkHEEJWr1w+fJi06bzGTXB6+OgxIWTxogU6tWvPmDVXPM+eXTt69bQU2Zidnb11u8cBz0Pi+Tt17LB61XK+np6U47589dp+YH7BIv8NEc/gvnb9ocNHCSEjhg/lzhV289bt+QsXS6w8a1avsLHuw+2De/Hy1czZ8+IkjUBdvXL50CGDFBVFJ/C4fOWqeCUnhDiMGHbir1M0/eThPR0dycsaNWpiUvCHFv06goNDZs6eFxUtYQBB1y6d165ZJRJNFJeenr7AxfXWbW/xl6z7WC1xXSSyB68LF+ctWCSemc/nr1+72rztH9yNVtZ29JrwItB3337P3Xv3i7xLR6f2Lo/tLVs0F9keEhLq6DxFfBhlr56WT/55Sr+77Vs32dpYF/S5uM3w7JmTC1xcz5334mZ49dy/cuXKNJ2YlOSyaAmtxiLGjB45b84slpPatmOnx87d4pmNDA3XrlklErcrUhXiXt5r1NC2tu3PzT91inN6evqxP0/QE3739nXx6kcIuXrtOm2GPB7P9+kjGgfNzMza7rFTYnMzNTXZsXUzi+I7OU+9c/eeeDaKXSGlXD1KeDex6dPbafI08TM2epTDYpcFIgEDiV6+ej1j1lyJ53ykw/AF8+bweDy2paiNSL63YBGWlt337d4p8VgS68OcWTO42Q577r/34AGtIYyOTu3bN68pKSq6LnXzunBJ5Iitzcw8dmwR+Yxyry3S7ylFrS0lv8lyFamFluHzDFXQs0pB24t6hS8Uu6o/fnB35ux53Oga3afH9q0JCYkTHJ3DwsNF3jti+NBlSxaLNGHZK1vJH1pevw7uN2CwlE/H9inlmZAQ4nXh0rwFLhL3sHL5suHDhtA6s2+/54ZNWwghFt26eu7fw8327JmPw+hxNO0wYtgKt6X0wUP25yLZm16RnnkAAACgHMAUowAAABWF69LlrGuSx+NxezwXLnINDs4PmRh++z27RKynJiQktEevPtweOj6fz9JxcXGDhgw/dfqMxJ18+JCyyHUZNzpICDE2NhLJ5rFzN+tN09bWYtvdlq+6cfMW603jvpSSkuo8dXpGZibb8vnz5wmOzgsXubLODm1tLfbZBQLB+ImTWFxBVVVVymeXhUAgsB84lBsd5B6OELLAxXXu/IUS3xv0/EW/AYNZxyX3c/n4+C51W1HQQVVUVHpb9aJp7zuifaaZmVk0Oki/l//9L0Ikw917D2jC1sZafPRh6dm+Y5fE6CAhZPLUGSKdv58+pQ8YNIz1gvH5/B7dLVqbmdE/Hz/5x8bO/uPHj3IvZEhI6JRpM1nlad/OvFPHDvQLFQgEM2fP+/AhhWX+++z5AYOGso7j1mZmPbpbsMDekmXL94hFvHbt3svtMubxeEaGhjTNooPScWuXdF4XLva1H8QNbHDb7IOHj3pa2bx4+Ur6TlyXurG+4wb6+j26W5ia5kcor12/efDgEW7mBS6uLDrI4/E6dezAzl5cXNyIkWN8fP3EjkAIIf0HDGHRQW5DSEhIdHKewm3ghJBHj5/Y9R/IjQ6amprQo9y67S3eyyndh5TUk6fOiEQH+Xw+i/m9fh3c08qGRQeNDA179bRko7iOHjvu5DyV+xPMv06eZtFBbW2trl0601FcdNjHosVLuQcqRhWioqKiJ00WXTe0SWODoUMG0XRcXBztDRd34uRpmhjpMJxGByMiIu36DeB2OnPj08HBIVOnzxIKhfRPNgal2EpyNzl56nQf237sjHFry7E/T8jSiM6d97IfOIQb7zEyNGTN6viJk7PnLmAvlaQRyeUWLKOC6oPIlnETnVh0kJUnISFx/4GDGzdvZdFB7rcfEBi4fMVq7k5+o9pS7JssU+wW+vOfZ4qnSFf4IunUtTuNDnJr/rXrNx8+fMyNDnLPwF8nT5/88assUmUrORUVlZLvZJHrUm50kHuXJ4QsW77yyNE/pe/h5avXLDrYv5+d21JXGqIr0nORjE2vSM88AAAAUD5gilEAAICKgnZpTXKa2K+vbWMDAwUFhfsPHs6cPY92BGzeuv2Q5z5CiNtS11kzpvv4+tKfvRNCrl72YnFBndq16VRFy5avZD0Imzeut+rVU11dTSgUhoSGTp+ZPxTDdenybl27io98Yp13w4YM/uOPNnl5uZGRUdZ9rCQWe6nrIjtbG21trbi4OOcpM8LCwwMCA2k3U/t25uvWrtbT1RUKhUePHXdfu572qZ04cdJx4nj6diUl5dfB+fOFzpk9c8SwIdWrV6c/x3aaPC1/aJHHzrXuqwghQwYPbNeubV5env3AofSldWtWm5m1zN+VYuHzj+3eu5/1c01ymug0cXy1atUIIe/fJyx1W3Hv/gNCyIWLl/tYWVladpf4HTXQ11+8aEGb1q01NKqmpX1a6rachve8ve8+f/FSfOwUZdXLkoY07ty9l5mZxY3zPXnyDzen9927ImN3bty8RRMsyvhz0DO8eNECy+7d69evl5OTc/XajTnz8vvit2736NHDgv1QfdfuvfTE8ni8TRvWsvGFiUlJc+ctfPrMRyAQbNy01X114T28RbJ95y6a6NSxw/atm+i3mZOTc9v77qnTZ/ra2dSsWSO/JImJLouX0HRfO9ulri50mj46V97CRa6EkC3bdtjaWLNJemNiYrds20HTDfT1d+3cZtikCR0Sev7CRdclbmLFkcD71rX09PTr129u3e5BYxs7tm9mr9bQzi9eUnIyi9Xp6NT22LalRYvmSkpK2dnZd+7enz5zNv1Glrqt8Dp7uqCp9kJCQlmweZfHNlZh3sbHHz12PCYmdrKzI8t85+49FmabN3fWxPHj2FRyGzdvpQOYXJe4XbtyQbwTlgZg3Fev6Nq5c506OkKh0PPgYTq0IiUl9cRfpxwn5PeW5uTkLHVbyd64b/dOC4uuSkpKubm5AYFBExydixogjIuLW7JsOf3Gra178ypXjomJbdCgAX1VKBQuXupG92lqarJhnTvr6g16/mLajFkJCYlPn/lcuny1X19bmn/dhk00wySnibNnTqcnIT09/czZc3fu3ndZMI8duhhViHFbsYq2jgnjxxo0apienh4b97ZTp47VNDVbm5nRC+bfZ8+JDNmkExuy8WpDB+dHE4W5QvoV6OjUnj93Tp/evVRVVXNzc0+cPEWDQ2Hh4ZevXOvfz44Qsmb1ypkzpr19Gz9+4iT69ssXzql+64yuUlgAu4R3EzpdXo/uFpOcJjRr2lRFRSUiInLm7Hn0crFl244hgweKDOjkSk7+sMDFlaa1tbW2bt7Yzrwtrf+BgUEbNm3x8w+YOX0qzVDCRiSXWzB1+vTZg4elhWoKqg/iOXk83tbNGzq0b6+urvbP02fOU6YLBAIW0h43dvScWTMqV678+fNntxWrLly8TOPuQc9fsFF6v1FtKclNtoQtlPqZzzPFUKQrfDE0b9bUbdmSZk1NFRQUjh47TidsGDfRib66bs3qAfb9lJSUYmJip8+aQ0PmmzZvGzTAnjXhIlW2kmvSpPH9Oze/fP26fsNmOvxuxPChY8eMYhmkz1tAfzRw5u9zNN2qZYv169wbNmigoKCQk5Nz89btNes2VKqkMnjQACl7+N//IkZ+iw5aWnZfv9adXVuK9FwkY9OT/ZkHAAAAyg0ECAEAACoQkZkbLbp1XTBvDu1JfPDwkVAopP0Ompoa3J/kGzRqpKz8wzPDxUuXg56/oOnzZ0+zZbeUlJSaNW168fzf1nb96M/YN27esnnjeomF2b93V4/uFtILvG/3ThZI4/P57qtXDBw8jP6pra21y2M7XaFHSUlp/LgxQc+fX7t+kxDi4+vHOtTU1dX+PHroyZOnvXpZ6unqsj23a2e+aOF8Gglg0y4pKys3bNCA/tSa9rXVrVuHuy6LdG+iovbuO0DTixctmDBuLHupTh2dfXt2zpozj5bQbeWqTp06cJc0o7p26bxtyyYNjar0T01NjQ3r1jzz8aWd4M+e+RTUd9mh/felenz9/LiTjN24dYub8/qNW5MnObE/o6Nj2GiYLp0ldB+XqkOe+1hRlZWV+/W1VVZWosMKw8LDHz56TF+NiIj0PHSYZtuzawd3XaLatWrt3rmjU9fuAoHg1Jm/nRwnFNQzWzxPn/rQhMvC+bSnjBa1T+9efXr/EE+l4StCyB9tWm/asJYbHhg00D4lJYVm2LVn34Z1+YNFPHZ9H1h2/uxp9r2rqKgMGzK4dq1aE50mF1rCWjVr1qpZk61tqa6uJrHGbtq8jSZ0dGpfvXyBrSSkqqpq3ceqfr2zfe0H0REY585fEJ+llnr5+jVN9OppyQ0n6+nqui76YVxsVlbWKvf82XqnTZ3MrXKqqqpLFrtERr55+OhxVHT01WvX7fv3EzkQn8/33LebDctTUlKa5DTxdXAwbT6PHz9hAUKvC5fYaJ6L5/9u2tSUphUVFf9o0/ralQvWtv2LGiMkhEwcP26Ri4R5X8+dv0C7rXk8nuf+PdwJCVu1bOGxbQudrdd97ToaIIyKjqFH5/F48+bMYnMPVq1adcK4sdxLRPGqEBePx7t+5aL4ilajRg6nEQivC5eWLHZh1Zg6ey4/iNulcyfWdgybNPHcvycxMdHO1oYN91FUVBzlMMLPz5+GEB4/eUJ74atUqVKlShXupHMNGjSQfSxyye8m06ZOnjFtCjtdBgaNNm9aZ2NnT8N1YWHhElewo1gb5PF4ly+e506faGbW6tRff7LbolwakbxuweJLzYkrqD5waWtrnfrrz4bf4t8d2rebPm3KuvUb6Z9du3Resjh/5FOVKlXcV6149PgJvRkFBAayAOHvVVuKfZMteQv9yc8zxSD7Fb4Y2rcz37dnJ6sh48aOfvT4CRvN6bJgHouT1a9fb8M6d9aE/xcRyb7oIlU2uaAtkVUYLS0t2Z8JhULhqtVradrcvO1hz31smgplZWUb6z59elvR8he0h7i4OIfRY+lNpH078+1bNrFLQVGfi2RserI/8wAAAEC5gSlGAQAAKgqHEcPE13Xr1ev7lnfv38u4KzYpWa+elqzjhtHU1JjinP8L5QsXL6elfRLfw8AB9oVGB/l8vsgwu5YtmrMuob52trQ3jbHq1ZMmIiLfcLcbNmkyftwYbm8axUJTKSmpnz9/ll4YWXh5XaQJbW0th+HDRF5VUlKaNjU/3kOHGYnvYa37StYPRampqdn06UPTMbGxBR1aXV2Nra92//5Dtj07O5tOE2dqakInNgwODol7+5ZluP8gP7OlZXfZJ6uUizmzZ4qslkRHMbIZxtj8k3TYCu1P5/aCURoaVSeOzw+0/Pu//5VSaUNCJCxbyAgEAlbIRS4LxAcPjR41kiZevHxJEx/T0tgMftOnTRH53mltl1PZiUAgYIP5nCc5ssAGY2pqwobwHv/rZEH7+fr1K038738RmZlZUo7o6+tP43Y8Hm/q5EniGZwcJ9BESGiY+Kvz585i0UHG+ltDiIj8Pjsxm5ytV09LFh1k9HR169TRkVJOiRro68+eJTo9I3XyVP5snDOmTxFfrszMrBWd3i0lJTU1NZUQkpOTf8YEAkFc3Fux/X1XjCokYoXbEonRoJ6WPVjTvnz1Gvel7Ozs4yfyv+4Rw4dyX7Lo1nXY0CHi14Selj1oIvLHy2yxlfBuwufzZ8+cLnK6jAwNG+jr03Rswac9MzOLzUHqPMlR4uJqbM8lb0RyvAXLoqD6wNWntxWLDlKdO3Vg6WFDf1h9TU1Njd1kY2J+uBn9LrWlJDfZErbQ3+J5RvYrfDGMGD5MpIZ0t+jG0gPsf1gv08jQkMXIRZZ7/GmVreR8fP3YD7DmzJohPom9oqKilOhgYlLSqLETaei6ebOm+/bs5P6qrLSfi6Q/8wAAAEB5ggAhAABARcH94TBTQ/v7QITkpGRZ9pOXl/fyVf7PzAsaadTXzoalY+NEe9x4PF6xf43OuvtFujW5L4l0JxWkdu3v3cFJyTJ9dun+jchf3m/gAHvx0YG0a48t5xMVFS2egUj6jup+6+SVvrYQ60+8ev06WwLt2bfJA2369Laxye8DpTOdUre879BEHyvJU7yWHokr4igpKbEP8vZbIJN1b9WpoxP0/IX4v0/p6TQDN3QkF2yUzAIX1w2bthRUtbjfpjAnR7yEbOLZiIjInJwckR72vra28i22CFmONWhg/uiN4OCQ3NxciXlMjY1pIio6etCQ4be977AOZRGRb/K7aPX16weHhIqfkI8f02iGf/+V0HepoCDhPymsgSckJNIanpuby06s9FnaisR99QqJ7Tc3N5dd+niVeRKrIstM+4W5Y03s+g888dcpiUGL4lUhLnPztuIDMSk1NbWRDsNpmoUDqTt379OxKdraWhbduhZ2YgghhI1VjX/3Tpb80pX8blKQevXyowuJiQVeNrl7GzTQXvoOS96I5HULloWU+iAdN0qqX7++yKt169ahiffvE2Ta2y9YW4p7ky1hC5XoV3uekf0KLxc636oHj8fjLj1I1WdNOClJlr3Jt7LJBaszDfT127Q2k/2NQqEw8s2b0WMn0G/fwKDR4UMHRGKipfRcJOMzDwAAAJQnmGIUAACgQuP+eDmP5MnyliROZ41uXckDFKpWrcrj8WjXc3R0TLOmTbmvamlpifxYXnaV1dVpQnxmJPGVzMTl5uampv6XmJj4PiExSbZeJ9mFh+f310hZlqZRw4Z0isLIN1Ey7pYF0goK21BsgtCUlNSw8H+NjQy56wv27NlDTVWNLtJz7dqN0SMdCCEfP35ky4/JGB74CVgPNRtxFfztl+x/nTz918nTUt77Ni5evoWZ4uz0+Nsijvv2e+7b79m8WdN+fe1srPtwV+Lhfpt0kkkpEhOTdHXrsn43Ho9X7OYgIzaIQcqxdDlDUhISElkkgKtFi+ZdOnd6+OgxnQPWecp0Ho9nY927n53tH3+04Q6piYjI75EMDg4ZNGS4lLLJ3nfJHX6Rl5enoKCQxAmoFDpYSnb6+qJxEYobFKGz+Unx9u271mZmlSpVmjN75pat2+kIpGXLVy5bvrJHd4u+djY9unfnXsSKUYW4WxqLDbjkGjJo4L79nvR74a4e99fJ/PFzoxxGiExiyZWTk5OUlJyYlPT+fULQ8+d0Y1ZWtvRCyqLkd5OCsNqSm1fgZZMb8xMfDypCXo1IRDFuwbKQXh+k4C52KB4mV1Up/Gb0O9YWWW6yJWyhEv1qzzOyX+HlopJKfmWT+Guh7004t8B2UXqVTS7YRaORgayzklIPHz3u1Tv/Vwg8Hu/Po4fEhyyX0nORjM88AAAAUJ4gQAgAAABFE/f2e1+DlP4Cvp4e/UF9bGzZ/wA5Kyvrxs3bN2/dvnXbW2IGNuSu2IRCIQv5SOlrZj/zZz1H8lKlShVLy+7e3ncJIQ8ePDQ2Mvz69StdksfI0JAOUGjerOnLV6/9/AOSkz/UrFmDdQN17dK5tGNUsqtevTpNsHEAbFQHj8eT2JPIiE8yWULm5m337921yHUpneaLEPLy1euXr16vcl87yWni9KlTaMdu8ofvkSrxkRBc1atX19LSIoSwiV6LMQdmUcV8a4NSjsVd1extfLzE2IaSktK2LZvc165ncy0KBIIzf5878/c5A4NGa1evZIu9ccd8SD8h7duZF/0D5Yt/9/1aVGiAp+RSUlNZWvqHqlSpUoMG+VNcTp7kqKSouHHzVvbqnbv37ty9x+Pxli1ZzAauFaMKyU5fv36njh1oez/z91kaIIyOjmETHbOhb1wZGRl37t4773WRBgxKQ9neTVgbZPORSiGvRlRelfvaUqottEhK73lG9it82foJlU0uoqNjaKKuTvEvBQKBICYmVvwGV0rPRTI+8wAAAEB5ggAhAAAAFA33h8yCjAwWzhHxMe1jfv5q1X5W0ST799//jRwzjnV2UHw+v1bNmgGBgfI6ipKSEhu48FkgKChbenr+4kDaWpLPW0n0sbKiAULvO3edJzn6+vnT8tja5k8uamdrQ6dou//g4eBBA257381/Y++fPb+oFB/T8ief1NHJ74hvoK9P46lbNm2w7FHI0pVy16O7xYO73nfu3qMAbjgAACAASURBVL1w8TJ3dtZ9+z3fvn27fetmBQUFtiKUkaHh1ctesuyWVzl/urDs7C+lU/DvtKrnt0Epa1NlCDJYWkq0WFNTY8M6d6eJ4y9cvOx18SLro4yIiBw8zOHC+TN0yA6fnz+IdsK4sYsXLZDfR/mBupo6S3/5UuqnsY7O98jQretXZLyyKSoqOk9yHDRwwJWr1y5euszmSBQIBAsXuWZlZdH5P4tRhYrEYcSwbwHCc4tdFlStWvXsufyjWFp2Fw96Xbt+c/rM2dwtPB6vVs2aqqqqbCrFkivbuwk7uixTMsqxEZU/FaG2lHYLlVFpP8/IeIUvQz+nsskFixN/Spc8s3RBWrVsMX3alFWr19InnwmOzrdvXGFzqFKl91wkyzOPHA8HAAAAZQ5rEAIAAEDRsK5/QkhSouRZrYRCIetXKmi+vp8jJCR00NARtDfNwKDRcrclt29ejfw35P6dm2dOHWfZ5NLfYWJsRBMJCQWuz/Tu26i4Ro2KOQWcFN26daGJoOcvPnxIuXnrNv2zV09LmrDs0Z0mbt66/eXLlytXr9E/f535Rblnj63fZmxsSBNyH3YpI3V1NVsba8/9e54H+KxxX6mjk99Pd/XajdDQMG4lDwsPFwqFsuyzqEtMlQQbIJWQkFhQ8bhj/urx60nfoYFBo3lzZz15eO/C+TMDB3xfvG33nv00wb47ua8KycW+CEJIcvKH0jsQVbNmDbYKVHSMrIvhUTVqaI8dM8rr3JmH97xnzZjGtm/YtIXOaliMKlQk3S26sWFP127c/PLly7HjJ+ifI0eIzgF77rwX64Lv2qXzlk0bfP559DLIz/vWtdWrCplbtUjK9m7C2oVAIMjIzJQxs7waUblRQWpLabdQWfy055lCr/Bl5adVNrlo1DB/acmYIt4vqlWr1rVL5yOH89cdFAgEU6fPEvkRTKk+FxX6zAMAAADlCQKEAAAAUDSqqqp8Pp+mn/n6Sczz4sVLltavX5YBwiPHjtNRdL16Wl449/cohxF0ss3S0KRJY5pgU3eKEAgEAYFBNC3LpHZFVU1Ts2uXzjT96PHjCxcv054+Fq2pV49vampCCLl3/wH7Ybi5eVvuzHhlSygUPnqcf/YafpukseG38nN/zF5UlStXZum0tKL9nJ+pWrXq0MGDrlw8z2ItIaFhhJD69b5Xcv8AmYZxcIejFbX3sKi4HeVBz19IzMNWo9TRqS37HGLNmjbdsM59wbw59E82hIVNsOkfEFjss10o7hCi8H//LaWjcDVpbEATjx8/Kd4edHXrTp825e9T+cE5gUBAJ0IsRhUqEmVl5VEOI2j61KkzDx4+ohdGHZ3aHdq34+bMy8tbv3EzTS+YN+eQ575+fW1L6RJRtncTbrvw8/OXPbN8G9FvreLUltJuobL4mc8zVEFX+DLxMyubXDT8FiAMev5CZNCnLPR0dfft2cn2sMp97Y87l8NzUaEKeuYBAACA8gQBQgAAACiyLp070sTefQcyM7PEM+zzPEgTfD6fO8rn57v/IL/rZMwoB5EeW4klF5GVVXgexrztHzTx9JnPq9evxTOcO39B8G32UboMmNyxyUJ37d5Hj9XXzpabwaZPb5pYu36TyJafLDNDwpCdm7e82Yi6Tp3yq1mHb8vU+fj4FrsvTLduXZYOCQ0VeTUjI+PVKwlfmUTVq1dvZ96WpunaP+rqan+0aU23rFu/kY4Jk471dBNCTv99VjzDib9OyVgeLom1ulatWiwgvf/AQfEMWVlZu/fmDw3p0rlTUQ/KRqBW/jZvalNTUzb0Yd8Bz6LuUEYKCgrNm+XPd3f0zxPiGR49fhIRIc8hjCwAv3W7hyzzUhbEzKwVG4yopqZWvCpUVGwk0MtXrw94HqbpsaNHKSkpcbPFxMSyvuwxo0eK7CSzsJF2hJDsL9myl6oM7yZaWlqsGXrs3C09c2k3ot9UxaktP6GFFqqEzzPFJn6FJ4Tk5uYmJiZ+/fq19I4rouSVreSyinKeTU1MWPrI0WPFOFz7duZLFrvQ9F8nT/999jx7qeTPRbI3PfFnHgAAAChPECAEAACAIpsxbSpn4qOZ3BFCubm5Ozx2eX9b3G7ZkkUivc8/mUbV/IWgEn6ckezDh5RxExzZn3l5eRLf9fjbaLak5GRBwSsLUn16W7Gw3/SZc0WGNHnfubdilTtNO04cX68eX9I+Sop15LFZp6y+zS9KWVrmzzLK4nA9uv/sVf2ords9Ll66wt0SEBjosngJTVt068pOprl5W+s++YHPhYtcH/04eEsoFF69dt2yl/XU6bOkzPymrq7G+ou3bvPgzigY9/bt4KEOfv4B4u+6dv2mx87dHz6kcDempqY++zZUyMgof15Zt2X5JX/56vXCRUtEFip7/z5hkevStu07PX3mQ7doamoMGzqEpvft9+R28AmFwnUbNm3d7lHQZxFXpUoVmggLD6fzHAqFQjYwUUFBwW2ZK03fuXtv0+Zt3BOVnp4+Y9ZcVr1nzZxe0FFSU1M3bNpy5+49ke3e37awr0xTU4MNOtm33/PQ4aMi/enPX7wcM26ilbUdd1bGYhg/bgxNBAeHeOzczT3Ktes3x453LPitxTFhwjg2kGKS81SRoZ8ZGRm79+5v277TAc9DdItQKNy33/P4iZMis8P5+QfQE87j8Vi1LGoVKqq6deuw5s9GAtn37yeSrTLv+1jb5A8/TNz6+nXwrDnzJO6c1UBCyNOn+SWMiYktdDLGsr2buC1dTBNBz1+sWOnOjXZ8/frVY+futu073b13X46NqJypWLWllFtooYr3PCM72a/waWmf+tj269DZonXbDgUNqJW74lU2uahapSpNsJOTkZFR6M2rbt06To4TaHr33v3nzv+wdGVqauqMWXO69bCSPs34uLGj7fv3pWmXxUtevHxF08V7Liq06cn+zAMAAADlhnJZFwAAAAB+PzVqaM+bO2vFSndCyIOHj3r2tu5paVmPr5f26dPTp89efhuJ1bVL5+4W3cq2qC1bNqehsmXLVxJCjIyaZGVlP3r0+MDBw1ICfo0MGtJ3HTt+4mNamoZG1eMnTrY2Mzv11zFFxQJ/X6WoqLjCbWlf+0E0/GZt27+vnS1dhOblq9esX4nH401xnlQ6H5fUqKFtbt6WzXTXQF/fwOCHxQ4bNWxoYNCIDatq1bJFGQ7xnDNvweUrV1u1aqmmpvr6dcily9/jhXNmzeDmdFkw/9r1m4SQlJTUseMdLbp1bdasqaaGxtv4+Os3btJFp6Kio2973+lt1augw02fNsV1iRuNjljb9h/Qv6+SkpKvn39BU8KG//svXe7owMHD48aObvtHGx6PFxkZ6bFrLx3HYG7els2DamxkOHqkA13X7bzXhX+ePu1u0a1Rw4afP3/mfvtLl63wvpW/9KPjhHGnTp+h6YlOk3t0t6hfv967d+8fPX5SaDRaRH1OvNlh5Fgrq56PHj8JDg45duRgxw7tCSGdO3Xs1dPy1m1vQsieffvv3X/QqWMHbW2t+HfvvO/cZat2uSyYV7tWrYKOsmLVGrpupbl526GDB9WvX08gENy8dZsNdhwyeCDLPHzYkJOnzoSFhxNC3Neuv3Dpcntzcz2+bmJC0pN//mFXib37DrgtdS3Sh+Wy7tN73YZNtPzbduy8e+9+y5YtBIKMJ//8wz6UHFVWV1/htmzajFm0UXfv2bt/PzvDJk0UFBQi37xhwzvWbdjUt69t7Vq1/j57bsOmLYQQz0NHJowfY2RoqKCgEBAQuGvPPprTccI4tvNiVKGichg2jEVQ6PBi8Qn6atWsqa2tRWv41OmzFs6fq62tlZr63/UbN/86ebqgPdesUYOlFy5y9fXzS0hIvHXbe/q0Kdw1F8WV7d3EolvXLp07PXz0mF7t/3n2rEd3i3p8vfj4d+cvXKRVyGXxEt+nj+XViMqZClVbfkILla54zzOyk/0K//TZM/oUIRAI9h84uGfXjpIfvVDFq2xywSbNjoqOHjFqbMsWzc+eO5+VlX3P+yb7yYhEkyc5nfjrFP12Fri4Xrl6vU2b1poaGpGRb9gqsB679m5Y5y5lJ6tWLP/3fxHBwSGEEMdJk69dvkiv28V4LpLe9Ir0zAMAAADlBgKEAAAAUByjHEZUUq60ZNly2jfB4hzMsKFDFi0sxR90y2iys5PXhUu0G2vu/IXcl3pb9VJUVKDdKyJGj3Rg3egsahUQGBgY9LxNazMphzM1NTl54tjsufNp1ww34kW1NjPbuH6NhkbVEn+yAln3tmIBwv797MQz2NlYs9Fp1mU0vygt24WLl7mrIVI8Hu+Q5z4TE2PuRl3dupe8zs6Zv5B2Soq/ixAyxdmp14/DJUUMGmB/9ux5OtwhLi5uu8cu9tIfbVr379+Xhg8ZRQVFI0PDsPBwgUCwc9cekb1pa2tt2bieGzBe5DJfQ1OD5kxISBTvsuTz+Xu/LSlEVzXbsM59gcv3YUnck3DsyEHXJW40wFYoY2Oj1mZmdFhYVHT03n0H6PY9e/fTACEhZPOm9Rs3bqGdkmHh4eJ7dlvmOnLEcClHYSsq+fj4sjrGzJw+tf23Sc8IIUpKSkcPe7ouc6NNKTg4hPZvcnXt0lkkElxUSkpKe3d7THB0pt2XL1+9fsmZKnat+6o3UVFsPJ9c9Onda/vWTYuXuNE+X7rSp4g9u3bQEJG2tjaPxxMIBHFxcctXrBbJ1r6d+ZTJP/xWoKhVqKg6dmyvo1ObhbKGDxsiMdtil4X0ahkcHDJ67ATuS3PnzDpy9Jj4eloKCgrTp02hE3UKBIJj32Z89di5e5LjROkL8pXt3WTr5g2LXJfRsF9ERKTInLStzcy2bF7P/ix5Iyp/KlRtKe0WKl3xnmdkJ/sVnjs6sxir6xVbMSqbXNhY99m0ZRu95nNPzum/z05xdpLyRg2Nqn+fPjFj1lx6YXn46DH9OQIzYvjQRS4LpB9dXV1tz84dfWz7CQSClJTUGbPnHjvsqaysXIznIulNr6jPPAAAAFA+4O4OAABQ3qipqUveriqt002EqqoKSysoKIhnUFBQGD5syN3bN+z792UrM9EehK5dOnvu3+O+ajl3LiMuXuXKErcXKZuKioqUV5lGDRv+feqEqakJd2PzZk13eWzb5bGNTa+nrPTDr6Y6dmi/xn0lWySMEGJg0OjIoQPi0UHxs932jzY3r112cpwgctA/2rRestjl5Imj9evXK6i0qrJ9KOkse+TPIqitrdVPUoCwX19b9tFYZomkLDajqir5JRnXp+Hz+YtdFv559FCnjh24G4cMHnjr+hWJUVhTU5NLXmdnzZjGlp2jtLW1RgwfevP6lblzZknvulJWVj554tgUZyfuN9uqZYt5c2cdP3bYoltX7rqAhJDGjQ0uXTjrtsxV5Ig8Hm/a1Mn3vG+KDL5UUVGZPXP6+bOnLS27i4wqMDdvu9Z91a3rlw0aNeRuHzjA/uyZk2xpK1rTxo8bc+3KhZYtmkuM70qkoKCwfesmkZXPRo9y2OWxnf1ZWV3dbZnrsSMHLbp15RaPz+f3tbO9dePK6JEO0k/gzOlTb924YmPdW+TTtTYzO33y+IzpU0Xy16ihvW/3zs0b15ubt+Wecx6P16un5ZFDBw557qtaVUKwnHv9KejzsnSzpk0vXzxv3ceKHUJbW2vgAPtTf/05ZPBAi65d6EbZL4CFNkNbG+vbN68OGTyQe+mj392sGdP8fZ6wDtmelj0e3vceP26MSE4+n79pw9qjhz1FZkEsRhUq0qdTUlIaO3oUTTfQ1+dWPK7+/ew2rHMXKYClZffLF85NcXYaPGigxJbu7DSRzfhKWXTrevvmVfF4j8jV4yfcTaSoVq3anl071rqv4q4Ly+Px/mjT2mXh/JMnjurp6rLtJWlE8r0FS9+njMeSnk1KM1RX/37jK+3aIvLektSWkt9ki91Cy/B5hirwyZCzXfYrfLeuXdigND5fl8hASnXiLm0oqYTfK0DxKtu3AhT/oUVbW+vwwX3cJwRtba3lbksmOU4QySl+ng2bNLlw7m/nSY7c6Ry0tbUsunXdu9tj1Qq3yuqibxFvBbq6dQ8f3EfvcT4+vgcPHaHbi/FcJKXpFfWZBwAAAMoHhWLPUA8AAADAZGRmxsbG1tCuIT5h3S8iNTX1bfw7FZVKtWvVql69uixvycnJefs2/suXL3Xr1pHS4Sh9DzGxsSoqKrp16+Jn1wURCoVv3kRpa2tpaUmbqkvkLTGxscIcYfXq1YtX5RISEpM/JBs0MpA+WkXkiJkZmXp6epqaGrK85b///nv/PqGqRtUa2jUKPYpQKIyKitbW1pKxchbk48ePiUlJ6mrqenq60qtcampqUnIyX0+PG7orwoHS0mJiYqtXq6arW1eWtb7y8vLev0/4lP6pmma1mjVrlMbSpHl5eW/j4wkhfD09ue+8IPTSp6KiUkO7hvSRwZmZWdExMUqKinw+X8ZaV6QqJHdCoTAxMSkxKUlDo2odHZ3KsoXiMjIz38W/U1BUqMfnV6pUqRjHLcO7iVAojIqOUVdTq1u3jpSwHFPCRlSeVMDaUoYttBjPM0UlyxV+gYvrufNeG9a5DxxgXxplKEjxKlvJ5ebmJiUlf0z7qK2lXbNmDRneIYpW11L61or0XFRo0yvGMw8AAAD8phAgBAAAAAAAAAAAmYSFh9vY2fN4vKeP7yNADgAAAPD7wi/ZAQAAAAAAAACgcJ8/f3aeMoMQ4r5qOaKDAAAAAL81BAgBAAAAAAAAAKBwb+Pj4+LiHCeOt7O1KeuyAAAAAECJYIpRAAAAAAAAAACQyctXr5s1NZVlqU4AAAAA+JUhQAgAAAAAAAAAAAAAAABQgWCKUQAAAAAAAAAAAAAAAIAKBAFCAAAAAAAAAAAAAAAAgAoEAUIAAAAAAAAAAAAAAACACgQBQgAAAAAAAAAAAAAAAIAKBAFCAAAAAAAAAAAAAAAAgAoEAUIAAAAAAAAAAAAAAACACgQBQgAAAAAAAAAAAAAAAIAKBAFCAAAAAAAAAAAAAAAAgAoEAUIAAAAAAAAAAAAAAACACgQBQgAAAAAAAAAAAAAAAIAKBAFCAAAAAAAAAAAAAAAAgAoEAUIAAAAAAAAAAAAAAACACgQBQgAAAAAAAAAAAAAAAIAKBAFCAAAAAAAAAAAAAAAAgAoEAUIAAAAAAAAAAAAAAACACgQBQgAAAAAAAAAAAAAAAIAKBAFCAAAAAAAAAAAAAAAAgAoEAUIAAAAAAAAAAAAAAACACkS5rAsAAAAAv5a79+7PmjOfEKKvX/+S19myLk65de/+g5mz5xFCWpu1Onxwf+kdaPOWbUf/PEEImeQ0cerkSaV3ILn4vUoLZeXZM5+z572qVqnq5DihTh0d8QwfPqT4+vlHRkampv5Xrx6/S5dOjRo2LIuSgjwdO35i0+ZthBAb695r3VeVdXEACpGamtqthxVNe9+6VqtmzbIu0S8qJSU1LDxcfLuWllbdOnU0NTUKeuOr168dRo0jhFStWuXJw3ulXMxfRXp6+qXLVyMiIv8XEREVHa2upq6vX3/TxnXVNDVFcgqFwvadumZlZRNCvM6d5t4Hp8+c/eDhY0KI29LFAwfY//QPAQAAAL8KBAgBAADgBzk5OQKBgBDy6VN6WZelPBPmCOl5joqOKdUDZWVn0wMlJCSU6oHk4vcqLZSJ+Ph3DqPH0bSvn//Vy14iGc6d91qxag2tSNQS4oIAYTmQ9jGNfq3cLxfgl5WX972u5uXllXVxfl0vXr50nDSloFd5PF7TpqaTJzl27tRR5KUMQUaFuhrk5eVduXptlfvalJRU7vao6Oi83Fzx/Lm5uSxnrvCHDMnJH+ip+/LlaymXGgAAAH5pmGIUAAAAAECe/AMCbezshwwbmZOTUzELUKpCw74PNAkLD8/Ozua+evfe/QUurtwuY21tLX39+j+3jGXv2PETVtZ2K1evKeuCAJSB8n0NrGgEAoGPj+/Y8Y4jR4+LiYkt6+KUpZOnzsyaM5/F/IwMDXv1tBwzeqTzJEcNjQLHWQIAAABIgRGEAAAAAADy9OyZD50t7evXHGXlMnjeLvMClCpDw8YsbWDQSFVVlf355cuXpW4raNrU1GTt6pVGRoZKSkplUcwyduPm7YiIyKpVqpR1QQDKQPm+BpZvjhPH0wtXjlAYH/8uOjomIDCQvvT0mc+UaTO9zp1WUVEp62KWgXfv3rMbnLl52yWLFpqYGJd1oQAAAOC3h2dlAAAAAAB5io17W8ELUKr4enp/Hj107ryXRlUNx4njuS9FR8ckJCTS9M7tW+vV45dRGcteREREWRcBoMyU72tg+TZ29CgdndrcLWHh4StXr/Xx8aXp7R675s+dXXYFLDMnT52mCW1trb27PDQ0qpZ1iQAAAKA8QIAQAAAAAECeokt5XclfvwClrUP7dh3atxPfHhUdTRNGhoYVOTqYlZUlskIVQIVS7q+BFYqRoeG+3R69bfrS33/8efyvihkgZNNrT3GehOggAAAAyAvWIAQAAAAAkKfomOgKXoCykpScTBMVcNFBLjaMEqBiqrDXwPKqatWqM6ZPpWmBQJCYlFTWJSoDL1+9oolGjRqWdVkAAACg/MAIQgAAgN/e1u0e2dnZykrKgwcNqF+/nsirAoFg1559mRmZhkZNhg0ZLP527zv3/AMCCCH9+toZGxmKvJqRkfHMxzco6HlA0PNKysqmpiYdO7Tv2KF9QYVJTEz09fMPDgkND/83Nze3SZPGRoZN+vTpXVldXSTnAc9DKamprc1a9bTsQQiJfPPGPyDQz88/MvKNgYGBibHRAPv+mpoahX78kuwnNzfX19cvODT09euQ9+/f16pV08TYuH37di2aNyvocBkZGf889QkNDX31OvizQFC/Ht/Y2KiHhYWubt2C3hL0/EVAYGBAQNCbqCjDJo2bNWvWp3evQj+X7GeSysnJefT4yctXr/38/D+lpzczNW3a1LRfP7tCDyQiMzPrmY9PaFh4aGjov/+L4OvpmZqa9LbqJV43bnvfCQgM0qlde9TIEUpKSsnJH/z8A/wDAoKCnuvo6DQ1NbGy6mVQQDeWvEpLYyH+AQEhoWHBwSHZ2dnGxkbGRkYdO7SX+I1EREQGBAWFhYa/iYqiy9QZNmnSzvyP2rVri2cuatXKzc39kJISFxfHBm8FBgWpqeWvkFetWrVGDX84G0nJyX5+/qGh4SGhofHv3hkZGpoYGw0cYF+jhrbET5qbm+vn5x8SGhYcEhIZ+UZPT9fY2NjUxLhzp46KiorFKABFLyAKCgrdLbr90aa1xEMLhcJDR46lpKQoKChMGDeWW0LZT2nQ8xc3b90mhDRooD908CAJJ/zg4ZSUFEJIX1sb6UsrnT3nFREZSQjpZdnDzKxVXl5eYFAQISQmJpZmSEtLY8tWEUIa6OtraWlx95CUnHzo8FFCSCVl5aFDB+vp6ko8UEpK6rHjJ7Kzs3mVK0+bOllBQYG95OvnHxwcEhoWHhsbW716dRNjI2Mjow4d24u30AsXL9Pl0Lp16dyunbnIqxmZmTs8dhFCVFVVp06exNbWou1LVVXV2clRXV0tISHx8JFjQc9fpH1Ka9igwfhxYyR+WTk5OQmJiY+ePKF/pn/+zD0Penp6tWvVKurOC62o167fpD3XzZqa2lj3Kehbu3rt+qvXwYQQOxtrU1MTtr2o17oiiYiIDHr+IiQ0NDg4NCs7y9TEuEWL5gPt+1eqVImbLSMjY8fO3YSQDu3adenSKTc398bN25evXH0TFaWpodmuXdspzk5qamph4eEXLl5WUFAYPGhAwwYNMjOzTpw8+eTJ07i4t7q6de1sbQYNtJf9vDEluYvFxMReunwlIvLN+/cJhBA+X7dzp05WvXqqq6sVdE6Kd5vOzs5+5uP75MlTP3//mjVrdu7ccdiQwfQ0Zmdn3/a+c9v7bnx8PI/HMzY26typY5k8JxTpGpienu518VJ42L//i4hUUalkbGzUpHHjnj17VNPULKjkXIVekCW+xT8gMCjoeUBg0MePaaYmxs2bN+trZ1PQOqlFrb39+9kZGRoKhcKXr14HBAb6+voXehShUHjt+o3AwOdvoqKEQqGamlqTJo3797Vr0qSxeGYmLDz8+YuXwcEhUVHRampqJibGzZs169G9G/cKKXdNGn8vUkREJL2UFaqoz2x5eXn+AYGhoWEhoaEhoWGV1dWbNWvavp15d4tuEvPHxMReuXotIvJNdHR0zZo1jY2NjI0Me1r2kHi2i3ete/fu/fuE9/R+RLd8+JDCvbBzKRAFM7NWMpwYAAAAgHwKeXl5ZV0GAAAAKJGJTpPv3X9A+4Y2b1wv8urJU2eWLFtO0/88uifSa5+VlWXa3Iymz5w63trM7NZt78lTZxBC+Hz+3t07nKfMiIuLE9nn6FEOi10WiHRREUK8Llyct2CReAn5fP76tavN2/7B3WhlbRcREUkIeRHou2+/5+69+0XepaNTe5fH9pYtmkv/+MXeT2JSksuiJQ8fPRbf55jRI+fNmVW5cmWR7S9evpo5e574CSGErF65fOiQQSLdgkKhcP2GzQcPHxHJzOPxLLp1vXL1Gj059+/cFMlQpDNJCPnvv/+mz5zz9JmPyPYG+vo1amj7+QcQQkYMH7pqhZv4PrkCA4PmzHeR+AEXzJszyWniDx95zbrDR44RQo4dOZienj51+izxd61f687tMZdvaQkhXhcuzVvgIvGllcuXDR82hH0jX7582bl7767deyVm3rDOfeAA0XIWtWo5OU+9c/deQUW1se69Y9sWms7Lyzt3/sLK1WsEAoFINh6P57F9S9cunUW2JyUnL3RxlVhdzc3brl+zis/ny14ALpfFS/4+e54e2u/ZY1VVVfE8167fnD5zNs3z7MkD2jSKekoPHj6yZu0GQohFt66e+/eIv4Wd8O1bN9naWBf0QQghw0aMovVkl6IHvwAAIABJREFU9crlw4cNEQqFTYwLDOoTQjy2b7XuY8XdIhQKu1hY0pF2vXpa7tm1Q+IbV6x0P3b8BCGkU8cORw970o3JyR+WuC339r4rnp/P52/dvKFVyxbcjewSvchl/sTx40Te8t9//7Ux70jTTx7eY4tvcdtXjRra1rb9ue+aOsV5zqwZ4gVo1MREfCNDT5fsO5exot64eYs1/4f3vCX2vL9/n9Cpa3eavnj+76ZNTWm6SNc6j527t+3YKaUyc2VmZm332HnA85D4S6amJju2buYOM01JSW3bvhMhpFXLFmfPnFzg4nruvBf3La+e+1euXJndH6dNnTzJcYL9oKG0xlL0vcVo4MW7ixV0f2EHYulAv6fKyvm/DC7ebfrxg7szZ88TiUlY97Hy2L41ISFxgqMzDYFzjRg+dNmSxT/5OUH2a+DNW7fnL1ws8Qtas3qFjXUf6bEuWS7I3HpFCLl62WvT5m30UiCSf9uWjbVq1uRuLHbtPXhg3+y58x88fCTLUV6+ej1n7gI2M7PIeWDp6VMns9Ves7Ozt273kFiwTh07rF61nK+nJ/5Soe7eu+84aQpNcy+DXIGBQYOHOdD08WOH27czJ4T4+PiOGDWWFvhlkJ/IW4r6zJaQkLh4yTLxs0cI6Wtnu2rFsipVqnA3btux02PnbvHMRoaGa9esat6sKXdjUZ/rmF27927ZJvkOJVHkvyEs/fXrVyPT/PvRjauXGjc2YC+J3EZl3z8AAACUM5hiFAAA4LfHhqPd9r6bk5Mj8urVa9dZ+u490Z4pX19/mtDW1mrZ4odO7bi4OBs7e9axoq39ffzNsT9PnPjrlMiuFri4sr4PHo/XqWOHTh070D6muLi4ESPH+PiK9t1Q/QcMYb1+3KMkJCQ6OU/JyMyU4RwUeT+vXwf3tLJhvXtGhoa9eloaGDSifx49dtzJearI76j+Pnt+wKCh7IS0NjPr0d2CdWMtWbZ8z499l0KhcKLTZG7vLZ/Pb6CvT4d10uigREU9k+/evbftN4AbbzMwaETPQFR0NO0AksWmzdsGD3NgH5DH43FP44ZNW25735H4Rtely1l4gMfjcTsWFy5yDQ4O4WaWV2kJIYtcl3Kjgzwez8jw+zDHZctXHjn6J00LBAL7gUO5oSxtbS1uORe4uM6dv7CgA8lYtdg4Fek+f/48wdF54SJX1jfNLYxAIBg/cZLIFJHBwSGWvay5ndEN9PVZ3fPx8bXpOyA7O1vGAogYPdKBHfrWbW+JeY7/dZImHEYMo9HBEp5S+VJUVGSNVyJlZdHBHEpKSizgfeu299v4ePF3ff78mUYHCSFjx4z6P3v3GRbF8QdwfAEV9SxRbFEPEY1gNzZi7IqoKPbee+/d2FvsMdbYotHYG8aOvRt7RzGgCBZAISKixHDwfzEwbu7O8+j+5ft5eDHszu7Oze3t3rO/m9+Igqfnvdou9dXRQREJEPz9/Vu0artl67YEvBp9jx759u47UG9hEdVzXjX1W5DAnZt/otauVVN+Ltx3/2H0QLvcd4tCqZIlZHQw3neNT/L29nFr3EwdxlCHHO7e9ew/cIhOpzPc8GVwyOYt2/Sig1qtVu/3Ii9fBo8dN1EdHVQUpWhRx/h9wKU43cWW/bJC3l8cHRxatmjmWr+u+kBC+vTWMtYV7w6vUr2WiA6qT7ADBz1Onz6rjg6q27xp89bNBh+EpP6eYOY10NPzXr8Bg+UbVOk7J9mM8PDwwUNHvHwZbGJzMy/Iels1cGsqo4Pql3Dx4qUJk6aoa8b77L1+42bjZi1lfMv0UYJevOjRq4+MDrrUcW7Vsrn8cUO4SubMMVGx16/DmrVoIxum1Wpr16pZrmzMj8zOnjvfwK3pq1evTHRdQsgZ+PRGE35MXL+zeRw+4lK/oTo6qO72PXv3LVy8VF1/0+atMjpoY5O9erWqcuD1fS+vsT9MUFdOyLWuYMGCn3yxAAAA8UaKUQAA/u/VrFFdFMLDw69dv1GxQnm5Kjg4RB2JOeRxWO9nwvJxVYP69Y0mRKpdq2bvXt1LliiRLl06b2+fwUNHiEeBP/28qFXL5vKZ6bHjJ+QT1RHDh/To1lVmHps7f4EYqjJu/KQD+3bLBHqSeD41Y/qU6lWrfv11Hp1Ot/rXtXPm/STav3HTlp7d9cfcGGX+fnQ63Q8TJomHg8WLF5sza4YMLF2/cXPAoCEBAYEX/ry4Z+/+xo0aiuWBgYFjfhgvyo3cGk4YN0ZmLNyx03302HGiTxo2cJVZXvfs3ScfIDo715o5farYJCwsbNac+R8LIcSjJ39etEQ+bh42ZFD3bl3Sp0+vKIr/kyeDBg+7dfuOOb2nKIqff0x6xubNmvbp3cO+YEG9ncyYOadWzRqG54l4ANe7V4/GjRp+U7iwhYXFyVOnBw8dIXp4/oKFa1avkJUTq7WnTp/Ztn2nKH9bpvTsWTPsCxa0sLCIjIz0OHzkx1lz0qZN17JFM1Fh2fKV8hF27149evXo9tVXX4lRTRMmTRGfgt1/7K1ft66zcy3DY5l5av04fergQQOePHnarUdvseHe3TutYx9YZ4p9sG5llebO3bsxPTB0cLs2rbJly6Yoyp9/XuzVd4DotIWLl8ycMU3UiYqKGj9xsnyWPXXyxKZNG4uMZH5+/r+sWLlt+86xo0daW1ub2QA9xYoVdXKqePHiJUVR1qxd59awgV6Fv/7yFmsVRWkXewFJYJcmLgsLi4P7/ggJ+XvtuvXLV6wSz+tXLF8iK9gVMDIlYdPGjaZMnSHKW7ZsHzFcfwjs3n0xUXytVlutahXxXkycPFW+F/Pnzha5HHU6nee9ewMHDxefhXETJteoXt3oIJh4mDRlmnim3L1bl8KF7MPCwvz8n1SpUtlo5aOHD4SFhR086LFg4WIRN1q0cL5cm8Mmh/k7N/9ETZs2bft2bUWi1PUbNvbt00vvKqHT6db9vkGUO7RvKwoJuWt8ki5KJz62efLkHjl8WP16LtbW1lFRURs3b5k8Zbp4gr9334EmBmmN/f39xZj7KpW/d3Wtp8mY8fFjP8MH9PIC3qZVywoVykdHR/n4PBKjVOP6AVcz/y727NlzMZhSUZQfZ0yVOXtDQ18PGTZC3HpKlSwxZtSIwoULi7cjgR1eqmSJSRPHlyxR3MLCYt36DdN/nKUoStcevcTaWT9Ob9a0sZWV1ePHfgOHDBO/C5k3/+cWzZom5/cEM6+BC5fERHqqVP5+4YJ54toVGRl55OjxLVu3NXJrkDOn/idFMv+CbLhtQTu7H8aOKl+uXJYsmUNDX0+YNHn/gUOKohw9evzGzVtyHGS8z15xApt5lMVLlomUlcWLF1u98hc5uPDosRO9+8bM9jdp4rgK5cvLnyMsXbZcXPY1Gs28OTNd6jiL5YFBQcNHjL7w58Xw8PC58xbMmD7FsGEJ9Co0dOHimBPexia7OvZpVDy+swUHh4i3tVzZssOHDS5frqyVldXbt28nT50hzts1a9d1aNdW1NfpdLPmzBMb9u7VY+jggeJkDgsL27Zj57HjJ8eMGiEbk8CPnmv9ujVrXAsKCqpVp55YMnXyxO++q6iuc+/e/cFDRxhuCwAA8GnRAADg/1+nLt3tvylq/03R2XPnq5dv37FLLJd/f//9t1yr0+kqfFdZLD9/4U+x0OPwEVn5p58XRUZGqnd47/59ufbq1Wti4bt376rXcpGbGDavS7eeYu0u991yoUv9hmJh9Vouf/3lrbfJgEFDxNpOXbqbfu3x2M/WbTvEwpJlygcGBeltcvXqNbG2wneV5cJhI0aJha3bdtDrk+jo6OUrVom1I0f/IJa8f//++6o1xMI+/QbqdDq9TWbPnS+bLRfGoye9fXzkO7L2t/V69d++fde6bQexdvzEyaZ7MiQkZNWva65dv6G33MvrgTzEo0e+cvm0GTPlco/DR/S2+n3DJrlW9lhitTYyMrJ2nfqiZtsOnSMiIvQq6HQ62ec+Dx/Kg65es9ZwV/Ik+b5qjXfv3slV8TtF1Yd7+/ZdtDH3vbx+XfOb/5Mness3bd5qeO7t239A7vD0mbNGeyOuDdBz5OhxucmNm7f01k6ZNkOs6tW3v+EhzO/S1WvWioXde/Yx2gzZ4Xv37TfdYHmebNq8Vb18/YaN8qww54XP+HG2vBTo9VVUVJRsz7r1G8TCXe67TXTUq1eh8lM/bMQoubx7zz5i4apf1xi2ISQkRO7z+fMAuVz9+SpZpvyTJ0/NeUXCtu07xYbNW7YxWsHMnZt/ovo/eSJ3ePLUab36J0+dlscKf/s23neNRYuXioUDBw/9ZCccP3Fy85atb9680Vs+cPBQsZPhI0fLhS9fBqtvlD/OnGN0n+r7o/03RY8eO260Wpw+4PG71BzyOPyxT9OTJ0/Fqtp16suFCbxNt+/YRa8nu3bvJfth5apf1avU3xPkxyQ5vyd88hpYskx5sdbz3n3DtabF6YKsPq+6du8VGvpaXfPdu3fyO9gvy1eqV8X77DX/KPIeangp+2HcRLHqkMdhufCvv7zlUc6eO6+3SWjoa9mrvr6PTXahEceOnzB6GRQePPirZev2soL6Vfz550V5bVFvEtfvbOKN27R56yGPw3pf2CIiImQHbt+xK6Y3vH3kcQ2/4KnF78w3SvbAnxcv6a26dv2GXKte/v79e7n8wYO/1Ks+dhsFAACpDSlGAQD4Esgso4cP/ydD4IGDh0RBZhE8eepD9qR79+6L349rNBqZGUnSarVDBw/UGwji6OAgkmQqiuLn/0QULl26IsbNaDSa/n17GzavV8/uouB5777h2pHDhximB3StX18UvH18DDcxyvz9bN6yVRQGDeynNyWPoihly34rUmYFB4eEhISIoZm7/9gr1o4dM8pwCF2njh1E4eatW6Jw5uw5OU5u0MD+evPcKIpStkwZw5cQj54Us8eJ39S3ad1Sr36GDOlL/ncWHBOyZcvWo1tXvenTFEUpUuQbORbqsZ+f4Ybt27WRIwkkF5cPS549f564rb146bJMjDZsyCDDsRqWlpayz93d/5AHbd+2jV5NKyurAf37irIYOWp4uMQ6RSWHIkW6de2cP18+veVyZrLg4JA3b96I8rr1MVkuK33nVNXYuDGjY3/jpGaNajJPpl724PDw8HXrY8Z+de0Uk2Yz4V36mZCj2cLDww8cPKhedfXadZlAsknjRqKw/veY98KljnPpUvqzHmbNmqVfn5iP7e4/9oaGvk6sdk6ZNN7oxH5JvXPzT9T8+fLVrlVTLNyydbte/U2xl9zWrVqIsVYJvGuYo2aN6m1atzLMuVrHubYo+Pg8NLphQTu7oUP0064aat6sqXzJeuL0AVcz/1Lj8/CRKBheM+W7+cjXVya6TGCHt2vbRq8na9WsIcvNmv5nDktHBwd5PZEJHj+T7wl6PD09zaj1H/G+IM+cMTVLlszqJenTp28Q+xL07q3xPnvNPIpOp5P3UEeHIno7kUmAvbweyIXyW1DNGtUrf19Jb5MsWTL36NZFlB/89ZfRtplp34EDO3e579zlvmXrtjnzfurRq2+9Bo3k/JdOThXlhIgfE4/vbOKNa9umVV2XOnpf2Kytres4x3yfkZ0WGfmvPJZ/7Jdho5LhWgcAAJAQpBgFAOBLUDP2Ud0jX9/Hj/1EBqRXoaFiMpVqVau0atVCTKblcfiITEv1Ib+oa700acz9VmBrqxWPSAIDYwJgPg9jHlTZ2RW463nPcJNXr0JF4cEDI4+NLCyM/GLp66/ziEJAQGB0dLScQskEM/cTFRUl81hqMmqu37hpYp+PfH2zZ8/+6JGvXKKLjDSxibe3T2RkZJo0aR4+inl66+jgUNTR4WP19cSjJ2UMo1nTJiJXZ1IoUKCAiHcGBb0wXGv03clhYyPLL4JeaPPnT8TWynekoJ1d+XJlTVd+4O0tCs2bNTV6UIciRYoXLyZy4j165Ctz9kqJdYp+Uu7cuWQ56MWLTJkyiWxyYkn7dm0TfgijrKysunfrLJLX7dzlPmrEsBw5Yt6+fbGTmBYuXMjJKSanWcK79DNha6t1qeMsZl5cs3Z982ZN5SoZKO3cqYN44B4dHS0vHa1aNje6w0ZuDSZOnirKfv5+JbOaG543wcmpYtMmjRO+n0TcudETtX27NseOnxBzOgYGBeXOFVMnICBQTtnYqkVMvyXwrpEQuXPH/Nzh6bNnRivMmD7lk1cnjUYzbmycp9g02m9q5l9q5BxsT5/qv4q3b9+KQp48ueWPJxK9w/PEdqPebLVCAVutCIoEBgUlSgMS9yL8bZnSZ8+dFzPD+Tx81LZ1S/VMoqbF/4JsrHl5Y6O5H5uWUs8nz14zj2JlZeXo4CBeS0BAoEyzGVMt9tudre2H5TLs9/XXeYx+C3odFiYK3j4+MpAZDzNnzf3YqiqVv58z+8dP/iYmHt/ZTO8wb+yZJr/3FrK3l2vdmjQfPXJ4wwauWbNmMdw2Ba91AAAA5iBACADAlyB3rlzlypYVv7A+ffZsxwLtFEU5efK0WOtav15RRwetVuvv73/4yNG3b9+KOYEOHz0mKtSr62L+seQDx6joKFGQUZ+7dz1btDL1yMz8n/mrx4QlJPpiuJ/nzwPkEjHXlAlPnjwrV7asHKuhKErLNu1NbxIYGJQvX97Hj2N+p29vb2d+a+PRk96xwwhEBC4RhYa+DgwMDAwKev48ICgw5iFvdHS0mZurf4MfrUQnbmvlr/gLFbb/VF3Fy+uvTx60kL29iGap32vTEusUjYqKCgn5OzAw8HlAYFDsw3RJzooknrnH7xDmaNLITQQIFUXZvnNn394xU4utjx0u071rF/kak6hLU0TXLp1EgPC+l9fVa9fE6OEXL17u2btPVGjfLmaIpPrdyZfX+JC7zJkzazQa8Zb5+j4uWSIRAoTfGAycSkTm79z0iSqe3efJk1tEIP74Y68cFrNrd8x40wrly30TO5lZUtw1TIiMjAwKeiGuZtdv3BALIyL+MVrZzs7IjJV6smfPbjQYYOiT/fZJRi815cvH/DBi5y73Lp06FCtWVNZZtGSZKFSsUEEuTPQOT5surSikT29ksr0P3xOiYi/+n9P3hH59eokAoaIoK1auXrFydamSJRo3cmvgWt/E7INJcUGWvRcVFfWxOnE6e80/SrVqVUSA8OdFS+bNmSmjbs+ePRez4qmHEiqKcjd2tOWmzVs3bd5q4nBP/J+a3zYzFS9ebPjQwXIMrmnx+M5muPzdu4igoKCAgIDnAYEyxCi/AqVNm3bY0ME/LVgoBhFOnDx14uSptWvVbOTWoHatWhkyfPiFQTJf6wAAAOKKACEAAF+Ihg3qiwDh0aPHO7ZvpyjKQQ8PsUqkAnNrUH/Z8pWKopw9d96ljvOzZ8/F43tFUb6LHRgUP4Gqh56GIwnUKn3nlJADJYrgkBBZNt3atGnTFixopyjKi5cvzNwkW7Zs2bNnVxTFzy8mr1qePHnMb1tce1Kn08kEbnK8TkJER0efPXf+kMeRvfv2y8eg/6mgmBsgNJSIrfX1fSwKefN8bf5BDdPJSnJkjww9JrWIiIhDHkc8Dh8R0SlD4kGkephIDpNPrhMoc+bMPbp1Xb1mraIoa39b37N7tzRp0ly7dl08QdZoNG4NG4ian22Xxk/FCuXlSJoNG7eIAOEu991ibfVqVeVIEf8nH556m4giaPPnF3uTF4H/a2aeqGJMUsf27ebOX6AoyqYt23p072ppaanT6TZu2iwqdOzQTm6VPHeNt2/fHjt+Ypf7H6fPnI33TuLH/H6Ln6+yZm3TquWWbdvFAKZePbsXsreP1EUePOghQ18DB/SV9VP8Np3iDVBzcqq4cvnSseMmiCzriqLcun3n1u0702bM7N2rx8D+/dQBHrVkuyAnw9nbpLHbxk1bwsPD9+zd5+vr26J5s/TprZ88ffbrmt/E3b9N61aFC334CY4cfajRaIxGhSV1WDEeRo8c/tVXX4nkBDly2NjaavPny2eYSNyEeHxnk7wePNi798Ahj8NG71wy4K0oSt/ePa0sLcUVTzh2/MSx4yc0Gs3E8T+0aB4zHv2zOvMBAAAMESAEAOALUatWjSnTZoj4X1hYmIgUilEd4pGEi4uzCBAePnLUpY7z6TMxkxE2bdIoTk9eDGm1MaOIunft8sPYUYnxapLQ16qI3eGD+8RzKNPkVFKODg7797qbc5T0sY8X5RRQ5ohrT6oTbf3zPg4HMur167B+AwbpzRhnY5M9X968Pg8fGY0XxkkitlY+0Xsd9olp3qysrOSIrjcffwlhYTHzgdlkz5aQhpnpwYO/OnTuKp9NC1qtNlfOnHKmJSFrlg+jlN68eWMiIJdw7du1EQHC4OCQo8eO16vrIqeO69ihnXxi/nl2aUL07NFt+MjRiqLs2btvzOgROWxsREJmkV9UVvsqa1ZZDn/7Nls246/rVeirmPpmXFs+c+afqEKzZk3E43J/f/9Lly5/953TuXMXRFxBo9E4166l2kmS3zUOHPQYOHioeolGo8mVM6e1tbXMEplE4tpv8TN1ysT3//4rgtkrV/2qXqXRaBYumGdfsKDq6Cl8m07xBuipXavmqeNHjx0/vvuPvTLduhhQ+OTJk4UL5hsdj5hsF+RkOHsdihTZtmVDA7emMj6qXuvsXGvCuDHqJQXt7ETM7Kd5c5xrG599M1E0cmsopz2On3h8ZxPDK2fPmS9ugpJGo9Hmz/8q9JVhDlhLS8s+vXu2aN5s3/4Df+zZKzswPDx89NhxERERYo7bz+3MBwAA0EOAEACAL0T+fPnkpF/nL/wZGRkplru61hOFEsWLi/xv7rv3/Dh96tFjJ8Tyui51EnhoOcLm/yI/Us6cOT7kAHzsV8aMh/gy49x9Ly+dTvfJ+W8URbGNndDIzImFhHj0ZOHChUQCK6OzA5ovNPR1uw6d5XCxnt27VqlSuVTJEuLFduvRW8xnaaEkaKa9xGptIfuYB98ylasJxYo6Xr5yVVGUgICAj9V5FjsupFChJEznKHh63mvTvpM4AwsXLtShfdvK31eSj/ILFSkmCuLxdP78+eSGT58+Uz/xT3TqCfl+W/d7hfLl3XfvEavatWmtrpnALjWRTC9F1K/nMnHyVPGObNu2o3jxYuJjq9Vqq1apLKvJ57yKogQFBsln0Go6nU5+5A0zVSZszFhyi9OJKuTKmbOBa739Bw4pirJ1+87vvnPavHWbWNW5Y3v1L1GS+q6xc5f7qDHjRLl6taqNG7lV/r6SmFnz+o2bphP9JVA8+i1+Xrx4ef36DfEzjpw5cvo/eZI5cyaHIkXKlf22Y4f2YuJMKcVv0yneAEMZMqRv2MC1YQPXsLCwA4c8Fi1eKj68+w8c6tOrpzprq5Q8F+RkO3vPnDknCqVKlgh68SIs7E0h+4KFCxdu0ayJk0FiiaJFHUSA8DMfFB6/72yKooz5YcLOXTHRxPbt2tSuVbNChfIZM2RQFGXV6jWz5sxTFMXSUv9jmyOHTZfOHbt07vj06bNd7rt/XrRELJ8z76d2bVtbWlp+hmc+AACAmpG5vgEAwP8ptwauonD69NlDHodFuXbNmB96W1hYNHJrKMrHT5yUP5mvXPn7BB5X5OFUFOXK1WuhoZ8Y0fU5KBI7D9bZs+fMqV/A9sOD/itXzRr/kffrmNSXdz09dTqdmQ2LR08WsLUVhXv3EzSq4PiJEyI6qNVqD+3fM3BAv2/LlDbzsZr5Equ19rEBwus3buoN0zFUpMg3oiAz7+kJDw+/eu26KBe0i8OckfHz2/oNInjgUsd5987tHdu3M/GU2crKqnDsLHF6gzuTQtcunUTh8pWrs+fOF2XX+nX1pmiKX5dqNBpRCAyMz0xsScfa2rp37IR5v2/ctGFjTErMHt26qKfStLa21sYG/v+8dNnorm7evCXLdgVirhuZM8eEaoKDg5PmFSSJOJ2okowl79m7z9vbRybYbNmiubpakt41oqOj5dk7asSwNatXNG7UUMRXkkH8+i0exo6bIEI1+/a479/rfuv65XOnT6xZvaJ/vz560cHP4Tad4g0wIXPmzK1bttj3xy6ZAdLz3n2jNZPhgpxsZ++1a9dF0Ktb187uO7edO33i1vXL7ju3zZ39o2F0UFEU+9hAl3rA5ecpHt/Z/Pz8ZXRw88b1UydPrF6tqogOmilfvrwDB/TbviVm9Hl4eLjIMv05n/kAAAAECAEA+KLUjk36dPL06QMHPcSMJurnSnViM7zNmvPh0X+cnoAYVaJ4cfHoPzw8fMWq1QncWzKoXq2qKCxYuDjoxaeHsmXIkL5C+XKiPGv2XHPGP8kIVkBAoOEEQu/eRYi5o/TEoye/iQ127tzlHhKiHyp78vTpkaPHzdnPufMXRKF508Z58+pP7PfmTULziwqJ1drixYrJ8m/r1puu7FSxgihc+PPi7Tt3DCvs3LVbJlD9tkxpcxpgJqOZVE+einm62rlje72Zrt69izCsL6cIXbFy9d9//53wBpggJuQTZfm0tGOH9nrV4tel2vwxI/Due3mJNMhqfn7+z59/dDxiUmvdqqUoBAeHiMGyYo4uvWrVqsYMKFy+YpXRN2vF6phMj1qtVmbJK1AgJi5+7doNw02uGluYWIw20kxxPVGFihUryDDqD+MniUL1alVtbbXqakl613j82E/+bkCdJDa28e8S93B64tdvcRUZGSnvLFevXv/3339N10/x23RKNcD8a2C2bNnkxdbEHHsJuSCbI9nO3gsXL4mCt7fPk6dPP1Vd+T52hryLFy+ZHyMMDw//5I94El08vrNdunxFFCqUL1exQnm9tW/N7vayZb+VP4VJnz795/DRAwAAMI0AIQAAXw77ggXFb9tljruGDeqrK5QuXUr8QN7f318sSXh+UUVRsmbNMmrEMFFesXL1mrXr9B7H3Lh5q3PXHnVd3QKDPouRQ927d5UDBXr36a+XpvLt27fLlq/hr7YGAAAgAElEQVSsWKnKqtVr5MJJE8eLwq3bd0aPHf/mzRv1Js+fB4wdN6FipSpySEGVyt/Lp+RTpv348NEjWTk09HX3Xn2MPl+LR0+2ad1Srh3zwwR1wx48+KtZi9byvTYtc6aYESfPnj9XL3///v30H2fJebOilQQlSUys1ubN+3Wv2CFfy5avlKEsISQkZNCQYTVq1xV7q1+vroxRDRw83OvBA3Xlo8dOiMk7xVx0emGMeMiUKZMsX7gQcz48fuwnB5JmyRwzi1XAfwfSvXwZ3LV7T/lvdGw+yn59e8uFffsPevnyP6PQDhz0qFyt5sLFS81vgGk9e3RT/+vo4GD4tDR+XaoenbloybJoVcLNc+cvNGzcLOHzXMZbjhw2rVr+Z4hbt66d1T0pDBrQXz7q7T9wsHo4SFRU1KLFS4/GRrgnjh8rB+DKjLhXr12TI+rEW7x6zdreffsn+suRLb/v5SWuFTqdzpx8vGpxPVEFS0vLbrHjUOV1o327Nno7T9K7RkZNRll+8fKletWdO3eHDBsR1x3GSfz6La7SpEkjP1ADBg1xLF66Ru26LVq17daj9/CRoxcsXHzw0GH1ByrFb9PJ2YBPXgMPHPRYvGSZ3rU0JCTkz9iYmaOj48d2HtcLclwl29krz5/TZ85Wr1mn1LcVGrg1bdexS+9+A6ZMnbFm7Tq9yQ6dnCq61q8ryqPHjjvz3wQMOp1u/4GDzi6u/QcOkf28dfuOUt9WqFipysDBQ5M5s3Rcv7PJqF5AYJDevdJ9955FsW9oVFTMx1an061YuXrDxs3v379XV7585ar43Gk0GvEbkRT/6AEAAJjGHIQAAHxR3Bq4Lli4WP5bq1ZN9VorK6tGbg3X/vZhxJUcS5dAbdu02rxlm3icNGPm7N179lZycsqvzRcYEHTu/Plbt2PGGC1fsWrShHGJcsSEyJghw5RJEwcMGiIeHtWqU69JYzeHIkUsLCx8Hj7cvmOXqDZrzrxGjRrmzpVLUZSijg6dOrRfv2Gjoii73Hefv3ChVs0ahezt37x5c+v2nWPHYyZ0nDBxytHDB0RXD+zfR0wj5O/v36RZqzrOtbJnz37v3n3Tecni2pPa/PmbNW2yy323oijHjp+o6+pWq2YNCwuLq1ev6z3dM6148Zgxedu278yfP3+NalUtraxu3ry5+tffEnHCocRqraIofXv32rhpi3gSN2rMuH37D5YvXy5rliw+Pg/F26QoyuKly+fMmmFpaTll0oRGTVuI98K1YZNGbg1FzEb93mk0mn59eps8plly5sghy6PHjrt0+XJAQODhI0cHDug3ZNAARVHKlCklunTi5KmKojg6FomI+OfMmbOrfl1rNEKWO1euUSOGzZn3k3j46OrWuH69ug5FirwKDT158rSIwSxavLRJIzcxUu2TDTCtfj2XH2fNlmM+unXtZFgnfl2aN+/Xjdwa7tm7T1GUNWvX3fW8V71qldDXr8+eOy8mT01ZnTp22LZ9p/y3fVv9mJaII44YPmTK1BmKopw6faZOPdc6zs622vyhr19fuPCn/HhWr1a1Vs0aciuXOs5i/lcRUWjapFHRoo4PH/qePHUqTnOUmq+AKs7dvkOXunXrnDl77u5dz/W//Vr5+0pm7iSuJ6rUyK2BjBCLGfJqVK9mWC3p7hq5cua0sckuzuH+A4eMHjncxiZ7SMjfBw95bNq8NU67iod491tcDR0ycNCQ4fJff39/wx9YzJszq2mTRqKc4rfpZGuA6Wug14MHAwcPVRRl1a9ru3bpVLFCeY1G4+Pjs3jpcnHOODlVtC/40VzTcb0gx1Wynb3VqlaWE1eLHz0Y3oXLlS27cvmSr2Knah4zaqTIThEcHNKlW8+aNaqXLFkia5YsT54+PXjIQ1zNHvn6Hjl6rF5dF0VRZvw4W2x44KBH186dypb9NhHbb1pcv7MVdYwZOu/v7z9sxOju3bqksbLy8/ffum2HYRIIRVG279gpzoHVa37r3q2zo4ODhYXF1avXlv6yQlTo2b2rrJziHz0AAAATCBACAPBFcXauJQOETk4Vc+XMqVehjnNtGSCsXaumnBwrgaysrNatXT1u4iQxgObuXU/DJ/7Vq1UdNmRQohwu4erXc1m4YN4P4yeJJ7a7/9hrWOeXpYtEdFAYO2ZklqxZliz9RYzRNHxUp9Vql/+yRP7bpHGjO3c8xfOp8PBw9SFKlSwxd/bMuq76CQzj15NjRo14/NhPPJfUa1ib1q2qVa3cb8DgT3ZIA9f6q35d4+3toyjKTwsW/rRgoVxV0M7O1bXe0mXLP7kTcyRKaxVFyZIl8/atGwcNGS7afPrMWb2neO3ath47ZpQoFy9ebPPG9UOHjxRPMEWMSq1c2bJzZ/9oOHFXPFhYWAwc0G/xkmXifV//e2y0csmy3j17ZMiQvm+fXu6794i1w0eOVm9br66LpaWFeAKr1qN71/fv3/+8aIl4MisnyRNsbLIvXrhAPoz+ZANMt9/a2rp9u7ZiwIRGo3GtX99otfh16dDBA8+dPy+efV+8eOli7HgdRVE6dWxvYWGxbv0G081LOkUdHcqVLSvOzJo1qtvZFTBarWP7dmnTpB0/cbJ4L7Zs3aZXoU3rVmNH/2eUj7W19ZSJE3r3i4nOuu/eI04AYc6sGet+35i4IdKiRR3la3nk67t8xSqx/JflK80PEMbjRBW++uqr5s2aynG9nTt2MDqbaZLeNX4YM1q0+e5dz05duqtXDR825Ld165Mu7WG8+y1OXoWGqpMiihGKr8Ne672uEaPG2NkVEON9U/w2nWwNMH0NtLSwdHRwuO/lFR4eLm7oajY22X+aO1s9+aihOF2Q4yF5zt6r164HBASI63zFCuWDXrx4/TosJCREHca+eu3asBGj16yOCXrly5d3j/uOYSNHi9vuiZOnDHMh9OvTy6WOs+HhIs2ejDmxxOk7m51dgVYtm4vfiOzbf2Df/gOymkajGTli6OQp09Xb2tjYaDSa8PBwf39/vVUivb96pGmKf/QAAABMIMUoAABfFEcHB5nZske3LoYVypcrK8eK1a/nYmJXmowZTaw1lCOHzYplS+bPne3kVFEmaxLPVlzqOP+2ZtWa1SuMxiOtrdOZ3rOFhYU5DYjrfho2cD3isb9Vy+bqzIeKohQuXGjIoAFXLp7Te8iVLl26oYMH7tqx1dm5lsxQKjg5VZw5Y9rhg3sLF7KXC62srCZNHDfrx+lyUjfxJHfY0MGbNqwvXLjQx4ZvxrUnbWyyb1i/plfP7nLOM41G4+xca96cmTOmTS5TprQ8JUzIkCH92tUrG7jWUy/Mkyf3mFEj9u91b9+2tWhJGmMP+tNbfyLmpJYorRUcihTZvXN7n949RWZduf+aNaovX7Z42pRJ6vk1K1Yo73Fgb6+e3eX5L1QoX278D2M2b1xn4nluXE+tPr16dOvaWb2kZo3qRzz2i+BcIXv77Vs26jWjVMkSSxf/vHTxz02bNBZL0lh9+CWflZXVwAH9tm3ZUK1qFfUpUbx4sU4d2x8+tF9OCmhOAz7peWya2a5dOpnYJB5damurPbhvj8xTJ1SvVnXRz/MnTRhXN/YTZ/4ZpTdVmHU669g9fHQKsY/R6XRyRtKuXYyMmxQsLCzatml1/Mihpk0aqS8dNjbZq1erunrlLzOmTTbMTersXGuP+45SJUuo6zdya/jHru3NmzV1a+BqomFx+nzJRi5cMK9a1SrqhZ06tl+6eKFeTRM7j8eJKrVt00qWWzRv+rFDxPuukT79J6bObdLYbc6sGXoXamfnWnt37+zXp1fLFs1NzDNnne4Tn3fT98eE9Jv5l5qhw0aKuNTCBfO2bPp9y6bfjx4+cOnCWW+vu2dPHZ85Y5rsz/MX/pSbJ8VtOmNGzcdWGXZysn1PMHEN/Oabwnt275g0cZz68yjaMKB/3xNHPeS96WPiekGOeQlmnFdCUp+9iqJcu3a9W4/ewcEhTk4VTxz1WL3ylz3uO04e87h1/fKdm9d2bNsshgCKodIRER/mzixevNge9x1DBg3Q6z0bm+zt2rb2OLhv+LAhMrzaOzYTeLmyZU3P72sd9yu2HsMOiet3tonjx/Xv10ddTaPRdOrQ/tjhgx3btxPtT5s2rVhVx7n26ZNHu3XtrPcFUqvVzpszc93a1Xq/ioj3ma/XHlEw0V3qnev52FYmZtwEAACpgUUCJz8AAAAwFB0d/fx5wOuw119l/SpnzhxGh498Vt6+e+fn55cuXbocNjnMHEb2999/P38ekDlL5hw2OT4ZdxH7L2BbwMwIjRTXngwODgkJCbG3LxjvPg8PD/d/8iTy30gbG5s8eXKbGZ2Nn4S3VhI9nDtXrmzZsn2ycmRk5GM/v3Tp0uXLm9f0SJEENunZ02cWlha2Wq18qqgWEhLy5OmzdOnSmtlsITo6+umzZ//8808BW9s0aUylA/lkA4wKCAisXC0mNfHZU8e//jqPOVvFtUt1Ot1jP7/3799/U7jwZ3J9OHjosEg7XNDO7vChfWaeGOLEy2GTI0cOG3PqR0REPHz4KHPmTOYHwhPi1atXgUFBGdJnyJ8/X7xP9fidqHGVFHcNnU4XGBgUGBSUJUvmr/PkyRjHX70kUNL127Nnz6vWqK0oSrWqVdb+utJonYWLl4pxwJ06tJ800UjewhS/TSdDAz55DRQXondv3+XPnz9r1izxOIT5F+S4StKzd8KkKWJE3Y5tm42G7v7991/H4jHLz589qc6moG7hYz8/XaQuW7ZsH7sA+j958vbt28KFCqX4dd7M72zv379/8vTp69dh2bNly5v3a3Pe03fvInwfP7aytNRqteZ8x0vxjx4AAIAaAUIAAAAAMebM+2nFytWKojRwrbfo559SujnJp1HTFiLt2/Spk9UD4IDPjcfhIyIVs4kP6cjRP4jZXhcumNfQ5BBVpELOLq5ipkyPA3vVQ/AlX9/HtV3qiyFxJ48lQlJcAAAAfJ5IMQoAAABAURTl9eswER1UFKVzpw4p3Zzkc/HiJREd1Gg0jRs1TOnmAKaUKllSFPYfOPTLipXqSePEyOxZc+aJ6KBGo/m+0ncp1Ex8vipVchKFPv0GenreU6+Kioq6ePFS+04xOepbfjxFMAAAAL4AjCAEAAAAoCiKsurXtbNmz5UTTaV0c5JPtx69T50+oyhKzx7dxowakdLNAT5h4uSpGzdtkf86OVX8Ok/uf//9NyAg6Oq1a3L5xxJIIpXz9vZp1rKNDC0XtLMrVNg+a5asISEh9+7fDwgIFMvr1XVZ9PN8cmACAAB8wQgQAgAAAFD++eefqjVqBweHKIoyf+7sJo3dUrpFyeS+l1cDt5hRMieOetjaJsfsgEBC6HS6hYuXLl22/GMVqlWtMnzo4BIliidvu/B/w9Pz3rgJk27dvmN0rUajGdi/b8cO7dKnj9vEyQAAAPj/QoAQAAAAgBL04sWevfsURbHJnr1xIzdLy9QyGcGt23cuXb6sKEqxokXJx4j/I2/evDlw0OMvb+9nz54/e/bM2tq6UKFCdgVsy5cvx8BBmOPmrdsnTp569MjXz89PFxWVL29ee/uC9gXt6rrUyZQpU0q3DgAAAEmOACEAAAAAAAAAAACQiqSW3wUDAAAAAAAAAAAAIEAIAAAAAAAAAAAApC4ECAEAAAAAAAAAAIBUhAAhAAAAAAAAAAAAkIoQIAQAAAAAAAAAAABSEQKEAAAAAAAAAAAAQCpCgBAAAAAAAAAAAABIRQgQAgAAAAAAAAAAAKkIAUIAAAAAAAAAAAAgFSFACAAAAAAAAAAAAKQiBAgBAAAAAAAAAACAVIQAIQAAAAAAAAAAAJCKECAEAAAAAAAAAAAAUhEChAAAAAAAAAAAAEAqQoAQAAAAAAAAAAAASEUIEAIAAAAAAAAAAACpCAFCAAAAAAAAAAAAIBVJk9INAAAAicPf33/l6jUREf+0ad2iXNmyKdKGFq3aPvjLW1GU+XNn1XGunSJtePky+NLlKz4+PiEhf9vaaqtVq1LI3j5FWoI40el0lapUj4j4R1EU951bP8N3bf2GjfPm/6woSgPXejNnTEvp5gAAAAAAAMQfAUIAAL4E0dHRXbv3fuTrqyjKLvfd58+ezJ0rV/I3I+zNm/DwcEVR/v03MvmPrijKzl3uU6b9KNogjFfGfIahJhiKiooKDg6JKeuiUro5RoS+ChWnlvoEAwAAAAAA+H9EilEAAL4EoaGhIjoo+Po+TqIDDR85uq6r2+4/9ibR/hPi+ImTo8aMUwdvbGyy29kVSNFGIcWs37Cxrqvb1Ok/pnRDAAAAAAAAPjuMIAQA4EuQNWtWrVbr7+8v/rUrYJsUR3n//r0IDaqDkZ+J9+/fT5g0RZSLFy82c/pUR0cHKyurlG4XUswhjyPe3j6ZM2VK6YYAAAAAAAB8dggQAgDwJbCwsFi/dvWqX9e8e/euTetWuXPnToqjBAQEJsVuE4Wv72PZvCULF9jaalO6RUhh3t7eKd0EAAAAAACAzxQBQgAAvhC2ttppUyYl6SGePnuWpPtPCDmo0dHBgeggIiIi5IyGAAAAAAAA0MMchAAAwFxPn36+AcKgFy9EgUkH8ZmPdgUAAAAAAEhxjCAEAOALcenyleMnTiqK4lCkSNMmjeTyI0ePXb12PU/u3B07tLOysnrx4uXlK1evXL16/fqNPHnylCherG5dl8KF7E3v/N27iOcBzy9dviL+ffr06dVr1+TaYkWLZciQ3nCrBw/+unL12tVr1x4+fFS4cOFiRR2bNW2SNWuWjx3lvpfXjZu37t71fPTIN3369MWKFS1VsmTtWjUsLCw+tkl0dPS169cVRXn82E8sCQ0NVbetoJ1d9uzZ5b8RERHnzl+4f9/L89794ODg/PnzFS3qWKxo0e+cKhoe5b6X1+4/9lpYWLRs0cy+YMF37yI2bt587twFf/8n+fLldWvYoEXzpoY9fP3GzfMX/jx3/oKlhUXp0qW6d+0sGhAdHX3p8pU9e/f7+PhERUU7OHxTpnSpJo0bmT9RYlRU1OXLVzzv3b/r6enj8zB//nxFixYtXqxo1SqVLS2N/Orr0uUrd+963rvv5efnly1btmJFHYs6On5fuVLGDBmMvlJra+uuXTp9lTXr48d+Z86eO3Pu3N8hr74pXKhzpw5Finwjaj589GjHTvd79+4Hh4QU+aawo6NDy+bN9d7Tt2/fLlqyTFGUJo3dHB0coqKi7np6Xr589c+Ll54+fVaqVIkyZUq7NWxg2AzT3r59e/7CxXv37t2+c/dNeHgBW23Roo61a9bMly+vulpkZGRAYOCZc+fEv2Fv3qjPh/z58+fOlUtdPzAw8NLlK3c973l5PYiKiipS5BtHhyL169czp3nuu//wevCXoijfFC7UvFnTj1U7eOjwzVu3FEWp61Ln2zKl4/SqAQAAAAAAkoJFdHR0SrcBAAAkgsVLlv28aImiKA1c6y36+Se5fPqPs9b+tl5RlPW//RoWFtZ/4BDDbWfPnCFiXUbduXO3cbOWJg59aP+eb74prChKXVc3b28fRVF+mjfH29t72fKVejXz5Mm9dPHCMqVL6S3/559/FixcvGr1GsOdV6n8/fRpk7X58xs9tE6nK1K0pIm2LV64wLV+XVG+e9dz8NARMhmpWvVqVWf+OE0vdHT4yNG+/QcpijKgf9/ePbs3bdFavDrh2zKld2zbrO7htatXnjh1av3vG/Ve8hGPA1aWluMmTHLfvUfvuOXKll286Ce94xoV9OLF6DHjTp85a7jKyani7B+nabUfEqu+ePFy/KTJR48eN6ys1WoXzJ+jF6aSr3TggH6F7AsOGTZSb6t9e9yLOjqs37BxytQZeqtsbLIvX7q4bNlv5ZLg4JCKlaqIV7f+t9Vjx03cs3ef3laODg4rly9Vx/b+/fdfx+IxrZJnlHTz1u3BQ0f4+/sbvqLpUye3btVChkgLFSlmWEdduW2bVvJf991/jBg11rCaVqudPXO6U8UK6oWGHzH33XtGjBoj1u7dvbNYsaKGuwoMDPy+ak1R3r5lo7qjAAAAAAAAUgopRgEASC3GTZgso4MajUaj0chVo8eOu3vX82MbpkuXLq7HGjZilIwO2th8GMAXEBDYq0+/t+/eqSu/fh3WrEUbGR3UarW1a9UsV7as+PfsufMN3Jq+evXK6IEsLS0LFy5koiVp0sSMz3Pf/Uejpi3U0UF1RO3U6TN16ja4eeu20Z28fBk8dtxEdXRQUZSiRR31qnXt0UtGB2X3BgQErlz169z5C2R0ME+e3HKTq9euTZ4y3UT7hbt3PZ1dXNXRwYJ2dnI/Fy9eatCo2T///CP+9fS8V9ulvjo6qH6l/v7+LVq13bJ1m9EDLV6yTEYH1W/cpMnTDnkcltFB9arg4JA+/Qfqvafy1XXq0kNGB9Wn3H0vr/oNG7958+aTr11RlO07djVr0VpGB8uVLVu7Vk358sdPnPyLKhStPoppo8aMk9FBjUZTpfL3VSp/Lzb39/dv16HzxUuXTe/BtX5debiNm7d+rPGiULx4MaKDAAAAAADgM0GAEACA1ELEV3r36nFg3+4bVy/evHZp9cpfZHhj/oKFH9uwSJFvTh7zOHxoX+1aMQOh2rVtffjQPvlXoICt0Q1nTJ9y9tTxSxfOPrh3e9SIYWJhcHDIxk1b1NWWLlt+38tLBGl+Wbro5DGPlcuXbtuy4fzZk5W+c1IUJTw8fO68BUYPYWFhcXDfHxfPn+nTu6dYUtDOTt020eagFy9kKChPntzbt2x8cO/2yWMenrevL14Ys+fw8PAJk6bodDrDo2zZum3f/gOKorRp1XL+3Nnz5szs27tX29atDGtqNJqVy5feuXnt1vXLv69bI7p38ZJlYohh1y6dbt+4cu70iZvXLjVp7CY2OXzk6PUbNz/W+SKz6PiJk8PDw8W/UydPvH3z6tHDB86dPnHiqEerls0VRRk7eqS1tbWoPHHyVFl5/tzZd25eO3nM48G927t3bZORwnETJpuYpW/CuLGXLpy9dOHsyWMejg4OItQnosuVvnM6deKIeE/HjR394T3duNnorq5eu1bQzm7VimXXLv956/rla5f/lPlvw8PDt2zbbuKFC4GBgWN+GC/KjdwaXv7z7LYtG1YuX3ru9InZM2MClj/9vEjmmD16+MDhQ/uGDh4o/nV0cFCfD67164nlx46f2LnLXZRHDB9y9dL5dWtXr1u7+vKfZ7t26RTTS+MnvX//3kTbrK2te/XoJspbtm4zDGNHRkau3xATM+7WpfMnXywAAAAAAEDyIEAIAEAq8svSRaNGDHMoUsTS0tLCwqJmjeoybnfq9BmjsTFBq9UWsrfPkiWz+Dd79uyF7O3ln+EQQ61W63Fgb5tWLb/+Oo+iKFZWVr179ZCpPs+ePSdrenv7rF6zVjbPpY6zXJU7V65lSxaJGNuWbdtlBEiPpaVljhw2cjxZrty51G0TM/zNm/+zWJsnT+79e3eXLfutWG5tbe1av+4e9x1i7d27njt37f5YJ6xcvnTG9ClNGrs1bdJ4xPAhhvkkbWyy7961rXatmmJGxu8rfTdwQD+5tnq1quN/GJMxY0ZFUTJlyjRj2hQ5Dk89SZ6hg4c8bt2+I8q/rVnVvl0bOT2era125oxpD+7dlmkz/9izV4Ybd+3Y2qSxm2iMlZVVyRIl/ti1XXbU3Pk/GTuasmLZki6dO4q2abXaGdOnqF/g0sUL8+fLJ3bYrWtn+Z5+bLBd8eLFtm7eUKtmDTFPYdasWebNmSUjzStX/SoHPn7MnHkx7axQvty8OTPVM0q2aN5UnsBLf1khCrly5ixkb587d8zLzJAhvfp8EM2IiIiYNmOWqDCgf9++vXulTZtW/GttbT3+hzHVqlZRFOWRr+/+AwdNN691qw/Zd3fERhylY8dPBAeHiMhx/XoupncFAAAAAACQbAgQAgCQWrRv10YdfhNcXD4sefb8eWIda+TwIYaZP13r1xcFb58PuTp3/7FXFGrWqF75+0p6m2TJkrlHty6i/OCvv+LXmPDwcDlWrE/vnl9lzapXoXjxYjLQtWGT8ZFwzZs1lWGtj6lfr659wYLqJVWrfC/LbVr/Zx7H9OnT13WpI8ofi30K69bHDEGr9J1T1SqVDSuIYKcgc5y61HEuXUp/dsasWbP069NblHf/sTc09LVeBa1W6+xcS72kTOlScphpI7eGIsAmyZfg7fPQaOOXLFygzkcqdIsdohccHGJ0SkgpPDxcniFjx4xSv1KhU8cOonDz1i0T+9Fz6dIVMaBWo9H079vbsEKvnt1FwfPefdO7ypkzR8sWzUR57W/r9aLsv2/YJAo9u3cVQzwBAAAAAAA+B2lSugEAACCZWFhYGC7MYWMjyy+CXmjz50+kYxn5EZIYTSim5YuOjhbtkWG/r7/OYzTT5uuwMFHw9vGp41w7Ho1Rh98aNWxotE6L5s0OHPQQgwijoqIsLf/Tfo1GI9NpxknuXLlk2a5AAb21efN+LQrPnweY2InIv6ooSvt2bU0fLjo6Wo41FKlHDTVyazBx8lRR9vP3K5m1xKdehPL113nE/It64U/1eyonCNRjnd5IVKxixQqy/Px5gMhiatSjRx/Ch7rISBO5WL29fSIjI9OkMevLrc/DmHCmnV2Bu573DCu8ehUqCg8efDos3alDezHRYEBA4MlTp2Ug2efhwwt/XhTlVq1amNMwAAAAAACA5EGAEACAVE0dCYtWopP0WOoRVDJAeNfTUyzZtHnrps1bTWz+xP9p/I4rx6hpNBq9AXBSvnz5ZDkgIFCG7oTs2bN/bEPTZOJKMWRQb611upgOiYqK+tgegoND5ISCBWy1pg8XFBQky/ny5jVaJ3PmzBqNRuzT1/dxyRKfDhDKjKYiW6maYXZZc1haWubJk1tMgvjsmalxqz4PH8lyyzbtTe82MDAoXz7jr1qPiHeKeHCLVt6mR5UAACAASURBVKbCrurRrh9TrFhRJ6eKFy9eEiM4ZYBwy9aYGRabNHZTh4oBAAAAAABSHAFCAACQkkSUSETv0hsbbSaVKFE8fod47BczuE0OdzOUI8eHkZRPnj7VCxCmoKfPnslyjpw5TFf2f/Ihhprz45W1+fOLUYl+fsaH/SWDXDlzirf+xcuXJqq9ePlClg1Tlaply5ZNPT2haYGqSKrp3Vb6zsmcHXbv2lkECM+eO+/t7VO4cKG3795t3RYzt2WH9u3MbBgAAAAAAEDyIEAIAABSUkE7OzHC76d5c5xrf2KSv/jJnu0rUXjz5s3H6rwNfyvL8RssmESyZvnQmDdv3uTKmdNEZfX0iuFv32bLls1otVehr2Lqf/VV4rU0bv6OzeFpOj6XP3Zkp6ODw/697ol1dK02JpVu965dfhg7KuE7rFG9mlarFXlWN27eMmnCuAMHDolhmqVKlvi2TOmEHwIAAAAAACARGZkfCAAAINkULRoz/5xMBJroCtrZiUJAQKBOpzNaRz2kzFZrm0QtiYf8+T/kPn369JnJuh/iXoqiBAUGGa2j0+nkqE07O/1pEZOHTqeTcxbaak3lTZUtvO/l9bH3Lh4K2duLgjkZRM1hZWXVvVtnUV7/+8bXr8PWb9go/u3WtXOiHAIAAAAAACARESAEAAApyT42VHPi5KkkOoQ6DHb9xk2jdUR+SEVR8uTJbTjTXgqysrIqXLiQKF/486LpytbW1trYeNufly4brXPz5i1ZtiuQMgHCGzc/vAvqoKahArYfWnjl6rXEakDBgnZyn6GhrxNln00bN5Ll6T/OunvXU4yPrOtSJ1H2DwAAAAAAkIgIEAIAgDiLeBeRWLv6PnaOt4sXLyVRjDBXrlxyEOHKVb8aVoiIiFi2fKUoV6taJSnakBDfOVUUhRUrV//999+mK1erWlkUlq9Y9c7Y27RidUwPaLXaPHlyJ3Zj9Rk9VVas/NCGAramxmtmyJC+Qvlyojxr9tyoqKi4NsBoJ5QoXlyj0SiKEh4evmLV6rju06hMmTL16NZVlHfuismG2rljh3Tp0qmrhYSEmEh1CwAAAAAAkDwIEAIAAHNlzpRZFI4dPyEKb9++VSfnjAcnp4qu9euK8uix486cPadeq9Pp9h846Ozi2n/gkHhnmLSwsJg0cZxs+bz5P6t3FRYWNmjIcDFdnKIoQwYPjO9LSSr9+vaW5b79B718Gaxee+CgR+VqNRcuXir+HTSgvwx99R84WD08LioqatHipUePHhf/Thw/1srKKqkb371nH5lNVLZBnj8jhw/5ZBsmTRwvCrdu3xk9drxedO3584Cx4yZUrFRFb3hlpkyZROG+l5c4RXU63ePHfmJh1qxZRo0YJsorVq5es3adXujxxs1bnbv2qOvqFqfTu0P7NnpLWrVsIcvR0dEjR/9Q4bsqpctWXP/7RvN3CwAAAAAAkOjSpHQDAADA/w2ZmPGRr2+7jl3KlC61Y+euiIh/Thz1sLHJHu/djhk18sBBD0VRgoNDunTrWbNG9ZIlS2TNkuXJ06cHD3mICfMe+foeOXqsXl2X+B2iapXKLnWcDx85qijKLytWnjh5qkrl721ssj999uzoseNyTr4xo0bkzpUr3i8kieTOlWvUiGFz5v2kKMrlK1dd3RrXr1fXoUiRV6GhJ0+evnrtmqIoixYvbdLIrUAB2xw5bEYMHzJl6gxFUU6dPlOnnmsdZ2dbbf7Q168vXPjz1u07Yp/Vq1WtVbNGMjT+ka9vg0bNXOvXzZc3ry4q6uzZczLLq6ODgzlvaFFHh04d2osp/Xa57z5/4UKtmjUK2du/efPm1u07MtY4YeKUo4cPyK0K2H6Y2rB9hy5169Y5c/bc3bue63/7tfL3lRRFadum1eYt2+57eSmKMmPm7N179lZycsqvzRcYEHTu/HnZUctXrJo0YZyZL1ar1dar63LI47D4t1nTJjlz5pBr//rLe5f7blGeMm1Gu7at06ThqzgAAAAAAEgZPJUAAADmauBaf95PP4vBdhcvXpLz9m3dvqNfn17x3m2+fHn3uO8YNnK0t7ePmIzQMNdovz69XOo4J6Tx8+fNnjv3JxFnuu/lJSJDapMmjuvQrm1CDpF0enTv+v79+58XLRFh1A0bN6vX2thkX7xwQYECMbk6O7ZvlzZN2vETJ4vKW7Zu09tbm9atxo4ekWyNDw8P375jl97CalWrLPhprplDGMeOGZkla5YlS39RFCUgIHDT5q16FbRa7fJflqiXFC3qWK5sWRE9feTru3zFKrH8l+UrRYDQyspq3drV4yZOEkMq7971FLMGqlWvVnXYkEFxerHt27WRAcKOHdqpV0Ur0ep/45EuFQAAAAAAILGQYhQAgC9N+vQZjC+3Tp/APdvYZF/76wqtVqteMnnS+N49u+vVtLZOZ7D1f1hYWKj/LV682B73HUMGDShVsoTeEdu1be1xcN/wYUMsLU19b7FOZy0K6a2tjVbImCHDpInj1v/2a80a1dXjHbVabSO3hocP7evUof3HDqHJmNH0y4k9tKkeNtEnGTIYf8skKyurgQP6bduyoVrVKiKDqFC8eLFOHdsfPrTfqWIFudDCwqJtm1bHjxxq2qSRnHxRdGb1alVXr/xlxrTJMgOnHtOvVG86PXMcO3ywW9fO6skOvy1TeuTwoatX/vJV1qwf28r6v29iunTphg4euGvHVmfnWnpjVZ2cKs6cMe3wwb2FC9mrl1tYWCxcME9vRslOHdsvXbxQ/psjh82KZUvmz53t5FRR3asajcaljvNva1atWb0ic+bMhs372EdMUZTAwCD5MvVO5sKFClWp/L0o9+ndMx6dCQAAAAAAkFgsoqOjzagGAAAQIyoqKijoxavQVzbZbdQZFBOLTqd77Oeni9Rly5YtRw6bRN+/EBISEvTihTZ/fnVk6P9CdHT002fP/vnnnwK2tubkqHz77p2fn18OmxxJ15l6goNDKlaKicydP3tSZG199epVQGBgQTs7649EcM33999/P38ekDlL5hw2OTJk+ETY+9WrV4FBQRnSZ8ifP5+JGHN0dPTz5wGvw15/lfWrnDlzxG92xqioqPoNG4uBsIsXLpCTa0o6ne7hw0fW1ta2qgyoAAAAAAAAyY8AIQAAABKT0QBhanDq9JluPXqLwZrnTp9ImzZtSrcIAAAAAADAOFKMAgAAAIngl+UrRaFrl05EBwEAAAAAwOeMACEAAACQUDdu3rp85aoot2rRIqWbAwAAAAAAYAoBQgAAACChfl2zVhRatWxuY5M9pZsDAAAAAABgSpqUbgAAAAC+KBkzZhw7ZqSiKBYWFtmzZUvp5iSTb8uUKV26VHrr9A0buqZ0WwAAAAAAAD7BIjo6OqXbAAAAAAAAAAAAACCZkGIUAAAAAAAAAAAASEUIEAIAAAAAAAAAAACpCAFCAAAAAAAAAAAAIBUhQAgAAAAAAAAAAACkIgQIAQAAAAAAAAAAgFSEACEAAAAAAAAAAACQihAgBAAAAAAAAAAAAFIRAoQAAAAAAAAAAABAKkKAEAAAAAAAAAAAAEhFCBACAAAAAAAAAAAAqQgBQgAAAAAAAAAAACAVIUAIAAAAAAAAAAAApCIECAEAAAAAAAAAAIBUhAAhAAAAAAAAAAAAkIoQIAQAAAAAAAAAAABSEQKEAAAAAAAAAAAAQCpCgBAAAAAAAAAAAABIRQgQAgAAAAAAAAAAAKkIAUIAAAAAAAAAAAAgFSFACAAAAAAAAAAAAKQiBAgBAAAAAAAAAACAVIQAIQAAAAAAAAAAAJCKECAEAAAAAAAAAAAAUhEChAAAAAAAAAAAAEAqQoAQAAAAAAAAAAAASEUIEAIAAAAAAAAAAACpCAFCAAAAAAAAAAAAIBUhQAgAAAAAAAAAAACkIgQIAQAAAAAAAAAAgFSEACEAAAAAAAAAAACQihAgBAAAAAAAAAAAAFIRAoQAAAAAAAAAAABAKkKAEAAAAAAAAAAAAEhFCBACAAAAAAAAAAAAqQgBQgAAAAAAAAAAACAVIUAIAAAAAAAAAAAApCIECAEAAAAAAAAAAIBUhAAhAAAAAAAAAAAAkIoQIAQAAAAAAAAAAABSEQKEAAAAAAAAAAAAQCpCgBAAAAAAAAAAAABIRQgQAgAAAAAAAAAAAKkIAUIAAAAAAAAAAAAgFSFACAAAAAAAAAAAAKQiBAgBAAAAAAAAAACAVIQAIQAAAAAAAAAAAJCKECAEAAAAAAAAAAAAUhEChAAAAAAAAAAAAEAqQoAQAAAAAAAAAAAASEXSpHQDAABA4nj16tVdz3tmVq5YoXzatGkVRfH391+5ek1ExD9tWrcoV7ZsErcxPi5euhwZGWlfsODXX+f5ZOVXoaF373oqipIxY8Zvy5ROlgYCAGK8fffu+vUbovydU0UrK6uUblGcPX8e8PDRo7Rp05YvV9bS8tM/qL11+05YWJiiKMWKOmbLli1Z2ggAAAAAicAiOjo6pdsAAAASgfvuPSNGjTGz8qULZ21sskdHR9ep2+CRr69YeP7sydy5ciVlG+PM39+/Ru26iqJoNJp9f+yytdWarn/x4qV2HbsoilKqZAn3nduSq5kAAEXvTnT9ysUsWTKndIvibMwP47fv2KUoSreunceNHf3J+m3adbx85aqiKGtXr6xWrUqytBEAAAAAEgEpRgEASL1CQ0NldFBRFF/fx0l6uFehoS1ata3r6ubt7RPXbcPDwwcMHhoREZE0TQMAfIHWb9hY19Vt6vQf47HtmrXrDhz0SIJGAQAAAMBngRSjAAB8gdq0bpUhQ3oTFdKnt1YUJWvWrFqt1t/fXyy0K2CbpK3y8npw/cZNRVECg4IKFy4U183v3vWcNmPWjGmTk6Z1AIAvzSGPI97ePpkzZYrf5gMHD3Vw2FfI3j6x2wUAAAAAKY8AIQAAX6CRw4d89dVXn6xmYWGxfu3qVb+ueffuXZvWrXLnzp2krXr27FkC97Bl67ay35Zu3qxpIrUIAPAl8/b2TuAe+g0Y7L5ja8aMGROpRQAAAADwuSBACABAqmZrq502ZVLyHMvf/0nCdzJqzLjixYs5OjgkRosAAF+siIiI4OCQBO7E29tn4uSp8+bMSqRGAQAAAMDngjkIAQBAMvGLzWWaQH36DQoLC0uUXQEAvlQBAYGJsh/33Xs2bd6aKLsCAAAAgM8HIwgBAEjVLl2+cvzESUVRHIoUadqkkVx+5Oixq9euW1tb9+nVM0OG9AEBgWt/W3/9xs3Q16H2BQt269q5Qvly6p2cPn32Lx/v588DCtnbOxT5pmzZbytWKC8rhIa+fh7w/Padu+JfL68HYhJERVEsLa2+LVP6k+3UaDRDBg2YMXO2oij+/v7/Y+/O46Kq/j+OH/ZlZB1ZFHBFwdytxLVFcdfM3TZzSXPJMjOzrMzSrL6VGe6aW5pluedumgu5L6mgKCgKKouAAgMDAvP74+j9TWyCgsPMvJ6P7+P7OHeZez939HFP3veccyd99MnsH2daWFiU9nojI6NOnf43/Pz5sLDz2ixt/SfqNW7cqE+vF21sbPR3uxARsWHjZjs7uyGDB7m6uFy9eu3AwdADoaEpybfr+Nd+fdCrdevWkXtevnLlj7Xrz5+/kJScXLeOf2BgQL8+fVxcnIsq4EJExOl/z4SFhV+5Em1vb//EE/UaNWzYvt1zD3EtAGAySnhzltLS0tZv3BRx4eKlyChbW5t69QLr1qnToUN7VxcXuUNOTk5cfPyB0NB7+6ennzh5Uvm4r6+vl6fnA0t6952xq39bI1PGT6ZMbdCgfqOGDUp7XQmJiceOHT9/PiL8/PnrN24EBgQ8US+wT+9elSur8+25aPGSpOTkJ5s17RDcPisr6/CRo6Ghh44dP+7h4dG2beuB/fvJryIrK2vX7r927d5z/fp1lUpVr15g2zatW7dqWVQB8fHxR48dDws/HxFxMS8vr27dOoEBdbt06ezo4FDaawEAAABgYggIAQAwa0eOHF20eIkQolvXzvoB4ZGjx5YuWyGEaP70U5Urq7t2f1HZFBkZVaeOvwwI09LSJk6avHPXbmVrWFi4bHTt0unjyR96eXouXbZi2pf/mZxN5nySSqU6c+pYSUodMnjQiZOntu/YKYTYvmPn0mUrhg55veRXmpmpnRUyW16sfrVrfl/7y+rffpz5XY0a1ZX1167FyD0tLCxq16o5bvz7yqYTJ0/+uub3PzetrxcYsGLlqqmfT8937QsX/TR/TkizZk3zFZCVlTVzVki+Avb+vU8I0aZ1q2lffObn61vyywEA01Cqm7MQYsfOXe9/8JFGo1HWHDp8RAjxxfQZX06b2q1rFwsLi4AnGul/JDIyqv/AV5XFaZ9/9tLA/g8sTK1Wz58b8mLve3uOGjN2y6b1JXm/r6TT6dau2/D5tC/1S42MjPpzy9Y58xaEzPr+2Wfa6u//x7r1kZFRi4Q4uG/PO+9O0E80/9qz9+jRYyGzZsbFxQ8bPvJCRISy6WDoP4sWL3n5pQGffvxRwTB1/YaNEyZ+qL/mYOg/QoiQOfO/njEtqPnTJbwWAAAAACaJKUYBAEBxrlyJfnPU2Hwr69bxl43Jn0xR0sGaNWq0b/d8/fpPyMWt23b89NMyIYSdnV2ZVGJhYfHVl1/4+fnJxekzvtZ/flq8yMioHj176z+A9vb2UtphYeFjxo7Lzc0t+MGQ2XOVdFCtdlfWT/nsi+07dirpoP6mpKTkkWPGZmRm6h8nNTWtd9+BSgF+fn7t2z3/ZLNmcvFg6D/devS6fft2CS8HAExDaW/O4eHnR7/1jhK5tWwR1KZ1K5VKJYTQaDTvvDvh1q0k+dOTMimvYYMG0z7/TLbj4uInTPwwLy+vJB9MT08fNnzkBx9OVkpVq92VqjQazdA33ixqBtQ2z7aTvZv+VWzdtmP//oP66aB+v/PL6t9W/7Ym33EmTpqspIMqlapN61bKdxUTE/Pyq68fOVqiX+cAAAAAMFWMIAQAAMWZMvUL+Wxx2NDB/rVrpaWlXYuJbdOmtXxQu2XrdrnbnJAfOnfqKNux168vX7Hy6tVro0YOF0L079enRYvmOp2uV58B8lHpV19Oa9asidzZytKq5MU4OTnNn/tjtx695OKoMW9v3byx4ERtBeXm5V6JjpaPnt9/b3yXzh3t7Ozy8vJWrf71s6nT5Myfm//c+mLPHoV+/JPJH/bo3k2tdo+JiRk5+u0LEREnTp6UD3Bbtgj6asY0Xx+f3Nzc5StWysGRSUnJq1atHv7GUOUIc+bOl091VSrVt9/M6NghWK6PT0h4b8IHhw4f0Wg0//t25vRpU0v+bQCAsSvtzXnW7Dmy0aZ1q1kzv5Xj+XJycnbt3vPrb2te6NHNw6OyEGL3zq1paWnbtu2YOStECBEYEPDjrO+Uk1ZWVy55hS8N7H/i5Mn1GzbJMd/zFiwaM+rNB37Kysr6XNi9WbXHv/vOywP7u7m5CSEOHz4yYtRbsiucFTJ7xvQvCv14o4YNpnz6ccMG9S0sLJavWClH4Q95Y4Tc+tWX03r36mllZXX16rWx48bLwevffvdD3969HB0d5T5/7dm7dt162Z7w3rg3hg5RZij933cz5QwBkz+esvXPDba2tiX/NgAAAACYEgJCAABM0Oix42ysC+/l+/Xt3b1b11IdTaVSbftzo49P1Xzrz5w7JxsdOwQr6aAQwtfHZ/KHHyiL1tbWtWrWFELY29vJp6JVq1apXatWqWpQBAYEfPvNDDkqIikpedz4CcuXLrayekDKGFC37uKF8+Lj43t076aMybC0tHztlZePHTsuY86DoaGFBoQL5s4ODm4n235+ftOnTe3Tb6BcVKvd54TMkm8ctLKyGjrk9VOnT2/dtkPO0aoEhJGRUYuXLJXteXN+1H9ZlJen59zZP7Z5tp1Go/l1ze8jhg+rXr3aw30zAGB0SntzPnToiGxM+uB9ZbZPa2vrLp07dun8/92Qp4eHp4eHl9e9wYgODvYP3ekIIT7/7NOz58IiI6OEEN/PnNW0SeNWLVsU/xEHB/ufly8JDT3UsWOwr4+Psr5Fi6APP3j/408/kxleoZ9t2SJowbzZyrcxZPCgAwdD9+0/cO/CJ07o17e3bFevXu2br6bLH81oNJpLkVGNGzUUQmi12i+m35vZ+60xo0a9OUI5uJ2d3ccfTYqKurz/wMEr0dFbtm7r9WLPh/5mAAAAABg1phgFAMAEHTly9GDoP4X+78aNm6U92tQpHxdMB4UQd+/elY1LlyIzM7VlUXiJ9Hqx58AB914KdejwkVkhc0ryqeefe3bggP4F553rENxeNqKiLhf8lJ+fn5IOSk0aN1IO8kKP7jIdVHTq2EE2IvWOtmHjZqUG/XRQcnZ2emPoYNm+eOlSSa4FAEzGw92cw8PDH0t1Qgjh6Og4d/YsZXHk6LHx8YXPDqovoG7doUNe108HJeXVg0lJyenp6QU/+PJLA/N9G+2ef05p9+71ov6mwIAAZebtmJgY2Th69Lhsq1SqQsc7jhg+TDbCz1944IUAAAAAMFUEhAAAoDhBQc2LGl5Qv1492bgSHd23/0u7dv+lRIbl7ZPJk5SXHc6ZO3/v3/se+lDKEJPrN26U8CNVqnjLhhwZWegm5UGtfuxXpYr3qdP/Fvxfalqa3CEyKuqhLwQATEmhN+emTRrLxsRJk7/59nv9O225ql2rVsismbKt0WjGvvPeQ/d3Xl6eSjshMbEkH/G+/1WoVCr9Vw9K1avdCwjjExJkI+ryvUi1Ro3qYeHnC3Y6t2/fkTtcvMivUgAAAADzxRSjAACYoE3r/3BxdSl0k7OTc6Hri1LHv3ZRmxo3bvRM2zb7DxyUr4kaOXqsSqXq1rVzzx7dn376qQdO+/ko7O3tZ8+a2b1nbzln6TvvTtiyeb2fr28JP56Tk5OQkBifkHDzZtyp06flSq02q4Qfd3RwkA0HB/t8mwp9mVPY/ZEuv6z+7ZfVvxVz5NiY6yWsAQBMzwNvzqNHjjgY+o9sL1i4eMHCxY0aNuj5Qo9uXbvItw+Wn65dOp08NUi+ve/EyZPffPu9/mTaxcvLy0tOTomPj78ZF59wP8YrORtbG9mwt7cruNXOzu7+WXSyIWdDFUKEhYX37f9SMUfmVykAAACAOSMgBADABPn4VFVezlR+rKysfvj+2+kzvl67br1co9Fo1vy+ds3va/39a8+Y9nmzZk3L7+zVqvl9/+03b44aI887Zuy4339dVfxHMjIy/tqzd936jTLUfGzi4u5NRqdSqQp9vKto0KD+4yoKACqKkt+cg4KaL5w/58PJnyQlJcs1Z86eO3P23BfTZ7w54o2xY0YX/N1GGZo4Yfzp0/+eOv2vEGLJ0uVPNmuq//7dgrRa7fYdu3bs3LVz1+5Cd9DpdOVRZ7xeBllwxKG+li2CyqMAAAAAAEaBgBAAADw8Fxfnb76aPuKNoRs2bl6/caOShEVGRvUb+MqGdWsaNmhQfmcPbv/8yDeHz1+wSI6TmPblV927dilq563bdox95139NSqVytPDw87O7kJERPkVKYSoWaPGlehoIcT3334T3P75cj0XABiX0t6c27d7ft+e3X/t2bNh42b9+aUXLFwcGxs7a+Z3FhYW5VSqra1tyKyZnbr2kIPXx4wdt2vHlqJ2vnjx0quvD1GCTMnPz8/Tw+PEyZPlVOH9s9wbTz9syOCPPpxYrucCAAAAYLwICAEAwKPy96894b1xE94bd/bcuZ9XrlYGFM6dt3DenB/L9dTjx7196vS/R44clRN4ZmZmFrrb2nXrJ06aLNvPPtO25ws9WrdqWbmyWghx6vS/xc/A9ujq1QuQAaH8fwCA9HA3ZwcH++7dunbv1jUtLW3r9h0/hsyRP0/ZsnX7yBHDn3iiXvkVXKWK95yQHwYPHS4XR415W5nhU194+PmBrwySOaK/f+1XX3mpdauWymtra9e99w7dcsoya9eqJRvMIAoAAACgGJaGLgAAAJiOhg0afPPV9IkTxsvF8h4kcX+a0/8pU6it37Cp4D46ne7r/30n2xMnjF+yeEHPF7rLB9CPR637z2r1B7sAgJl79Juzk5PTgH59/9y4TukFws9fKJ9i/1/bNq3Hvf2WbEdGRoWFhRfcZ9mKlTId7NgheMPa31975WUlHXwMatasIRvHT5y8cyf1sZ0XAAAAgHEhIAQAAGXs+eeelQ1HR1WhO2i12jI8naeHx+wffyhmh6tXrymTvL0+6NV8W4sadFiGWt1/ydORI0fJCAFAKqubs5ubW4ug5rJd6HteMzPLstMRQowe9eYzbdsUs8Pf++7d6l9/7ZV8r0Us82IKalC/vkqlki/oXbBocXmfDgAAAICRIiAEAAAPKTk5+Ztvv/9rz95863ffX9O0SWP99c5OzrJx8OA/spGQmCjHWDyi5k8/NemD94va6qhyVNqJt27pbzp3Lmzc+AmPXkDxgoKad+3SSbY/+HDygYOh+ltzc3O3bN0W3LHrmLHjcnNzy7sYAKggHuLmvHXbjpDZc2/dStJfmZycfPjIUdkODAxU1leqVEk2LkRExCckyPvt1avXHr1yKyur77/9Whm2WJDS38XFJ+ivv3Uraciw4cqiTqd79GIKcnFxVobyL1i4eMnS5Xl5efo7nP73zOtD3ujUtYf8WgAAAACYJ95BCAAAHtLUL778c8tWGYAN6Ne3evVqGo1mx85dq375Ve7Qv18f/f1r+9eSL+FbsXLV7Tt3nJ2dVq5a/WSzZr/+ssLS8lF/tDRsyOvHT5zYvXtPwU2eHh5qtbscpzJm7LgP3n9PrXZPTk7Ztn3HL6t/e8TzltCkie9v3bZDCJGUlDx46PDnn3u2YcMGLs7Osdevb9u+Q74960p09K7df3Xu1PHxlAQA5arpU0FFbVKr3Y8eOljam3PExYtj33lXCLHop6VDBg9q/vRTKpUqKioqZ3l9IAAAIABJREFUZM58eZCgoOa17s+uKYSoXs1Pab/y6uBOnTocOBgaFha+YtlPrVu1fMSrc3NzWzBvTlFvSWzSpJHs7z797HMhRGBgXa0268CBg4t+WlomP4t5oJcG9l/965oLERFCiOkzvt6waXPLoCBfP5/4uITQf/45c/ac3G3+gkVTPpn8GOoBAAAAUAEREAIAgIdUq9a9NyodOXL0yP3RG4p3xo5p2eI/T4cHvfqKEuBt2vynbJw4efLkqdNPPdnsEYuxtLT8ZsaXPSP6xcTEFNz60aQP3nv/AyFEWFj4oMHD9De9N37csuUrlGnuyomPT9VN6/8Y//4HkZFR8mWEBecaHT1yRMcOweVaBgBUBMott1Q3Z0sLy8CAgAsRERqNZvacefmOqVa7f/+/r/V/blKvXuCTzZrJt+FeiY6ev2CRXD9v/sJHDwjlKPnPpnz82dRpBTeNGjlCvhNXo9HIC1R07tTR0tJC/mSk/FhZWS1funjyp1NktxsWFl7wXYnPPtN2/Li3y7UMAAAAABUZU4wCAAAhhLC3dyh8vZ19oetlBLhz+5/dunbON83ak82a/bZ65dtjx+Tbv3Wrll9O/1y+GEny96+9bMmikqSDhb5WKh8XF+f5c38sdM63F3v2+Oar6fk2BQe327xh7eiRI/r17VPUKVSOjgVXKmxtbR9YlaJ+/Sc2rf9j3NtvNWrYQH+9Wu3+8ksDdmz7873x4x59JCUAGJFS3Zzr1PHftOGPKZ9OzncXValUb40ZtXf3Dm9vL/31FhYWs2Z+m+9lgYNee2VOyKyS1FaSfue1V14e9OorBdfXrlXr919X1a//hP7KRg0bzAn5YU7ID71e7CnXWFsV8oNdO7sie5ai3uxbaMGVK6sXzJ393f++Dgpqrt/zqlSqjh2Cly1ZtGTxAicnp2KvDwAAAIApsyin1x4AAACzcvvOnatXr7m5uvr4VLWysipmz5ycnNjY69nZ2VWrVlFeEPV45ObmxscnxCckODs7VfH2diw2/CvvSq5eu5abk+vm5la5stpQZQBARfAQN2d5F83MyPT19XVxcS5+59u3b8cnJDjYO/j6+jzm32EkJyfHXr9ha2vj5enp5ub2OE+tT6fT3bwZl5qW6uri6uFRufhuGgAAAICZICAEAAAAAAAAAAAAzAjTWAEAAAAAAAAAAABmhIAQAAAAAAAAAAAAMCMEhAAAAAAAAAAAAIAZISAEAAAAAAAAAAAAzAgBIQAAAAAAAAAAAGBGCAgBAAAAAAAAAAAAM0JACAAAAAAAAAAAAJgRAkIAAAAAAAAAAADAjBAQAgAAAAAAAAAAAGaEgBAAAAAAAAAAAAAwIwSEAAAAAAAAAAAAgBkhIAQAAAAAAAAAAADMCAEhAAAAAAAAAAAAYEYICAEAAAAAAAAAAAAzQkAIAAAAAAAAAAAAmBECQgAAAAAAAAAAAMCMEBACAAAAAAAAAAAAZoSAEAAAAAAAAAAAADAjBIQAAAAAAAAAAACAGSEgBAAAAAAAAAAAAMwIASEAAAAAAAAAAABgRggIAQAAAAAAAAAAADNCQAgAAAAAAAAAAACYEQJCAAAAAAAAAAAAwIwQEAIAAAAAAAAAAABmhIAQAAAAAAAAAAAAMCPWhi4AAACUr9y8vNTU9PSMzMzMrOy7d3Ny84TQGbooAEA+FtZWlrY2Ng4OdpUcHZydK1lZms6vOemJAMAYmHJPBAAACrLQ6fiHGQAApkmrzUpMvp2UkspzWAAwNhZqN2cPd1d7eztDV/JI6IkAwGiZSE8EAACKQkAIAIBpuhGXmJCUYugqAACPxFPtVtXbw9BVPCR6IgAwAUbdEwEAgGIQEAIAYGq02qxr1+MztFpDFwIAKAOO9vbVfLyMawAHPREAmBJj7IkAAMADERACAGBSNBmZV67dyMnN1V9pZ2vr6lypksrR3t7W2trawnDlAQAKpRMiJydHq81O12TcTk3Pys7W32ptZVWzWlWVo4PhCiwFeiIAMEam1BMBAICSICAEAMB0aLVZkdGx+s9k7WxtvT3Vbi5OBq0LAFA6KXfS4hKS9B/OWltZ+dfwrfijN+iJAMA0GG9PBAAASoiAEAAA03Ex6pr+fG5qNxffql6M0gAAY6QTIvZGfFLKHWWNo7193drVDFrUg9ETAYDJMNKeCAAAlJCloQsAAABl40Zcov4zWa/K7n48kwUAo2UhhF9VL6/K7sqaDK32RlyiQYt6AHoiADAlxtgTAQCAkiMgBADAFGi1WQlJKcqi2s2lildlg1YEACgDVbwqq91clMWEpBStNsugFRWJnggATJIR9UQAAKBUCAgBADAFicm3lbadra1vVS+DlgMAKDO+Vb3sbG2VRf0bfoVCTwQApspYeiIAAFAqBIQAABi93Ly8pJRUZdHbU818bgBgMiyE8PZUK4tJKam5eXkGragQ9EQAYMKMoicCAAClRUAIAIDRS01NF0In23a2tm4uToauCABQltxcnPSGbuhSU9MNW09B9EQAYNoqfk8EAABKi4AQAACjl56RqbRdnSsZtBYAQLnQv73r3/YrCHoiADB5FbwnAgAApUVACACA0cvMzFLalVSOBq0FAFAu9G/v+rf9CoKeCABMXgXviQAAQGkREAIAYPSy795V2vb2tsXuCwAwSvq3d/3bfgVBTwQAJq+C90QAAKC0CAgBADB6Obl5Stva2tqgtQAAyoX+7V3/tl9B0BMBgMmr4D0RAAAoLQJCAABMgE5pWRi0DgBAOfnv7V1X5H4GQ08EACauwvdEAACgdAgIAQAAAAAAAAAAADNCQAgAAAAAAAAAAACYEQJCAAAAAAAAAAAAwIwQEAIAAAAAAAAAAABmhIAQAAAAAAAAAAAAMCMEhAAAAAAAAAAAAIAZISAEAAAAAAAAAAAAzAgBIQAAAAAAAAAAAGBGCAgBAAAAAAAAAAAAM0JACAAAAAAAAAAAAJgRAkIAAAAAAAAAAADAjBAQAgAAAAAAAAAAAGaEgBAAAAAAAAAAAAAwIwSEAAAAAAAAAAAAgBkhIAQAAAAAAAAAAADMCAEhAAAAAAAAAAAAYEYICAEAAAAAAAAAAAAzQkAIAAAAAAAAAAAAmBECQgAAAAAAAAAAAMCMEBACAAAAAAAAAAAAZoSAEAAAAAAAAAAAADAjBIQAAAAAAAAAAACAGSEgBAAAAAAAAAAAAMwIASEAAAAAAAAAAABgRggIAQAAAAAAAAAAADNCQAgAAAAAAAAAAACYEQJCAAAAAAAAAAAAwIwQEAIAAAAAAAAAAABmhIAQAAAAAAAAAAAAMCMEhAAAAAAAAAAAAIAZISAEAAAAAAAAAAAAzAgBIQAAAAAAAAAAAGBGCAgBAAAAAAAAAAAAM0JACAAAAAAAAAAAAJgRAkIAAAAAAAAAAADAjBAQAgAAAAAAAAAAAGaEgBAAAAAAAAAAAAAwIwSEAAAAAAAAAAAAgBkhIAQAAAAAAAAAAADMCAEhAAAAAAAAAAAAYEYICAEAAAAAAAAAAAAzQkAIAAAAAAAAAAAAmBECQgAAAAAAAAAAAMCMEBACAAAAAAAAAAAAZoSAEAAAAAAAAAAAADAjBIQAAAAAAAAAAACAGSEgBAAAAAAAAAAAAMwIASEAACbAQmnpDFoHAKCc/Pf2blHkfgZDTwQAJq7C90QAAKB0CAgBADB61lb/36Hn5OQYtBYAQLnQv73r3/YrCHoiADB5FbwnAgAApUV3DgCA0bO1sVHaWm22QWsBAJQL/du7/m2/gqAnAgCTV8F7IgAAUFoEhAAAGD0HBzulna7JMGgtAIByoX9717/tVxD0RABg8ip4TwQAAEqLgBAAAKNXydFBad9OTTdoLQCAcqF/e9e/7VcQ9EQAYPIqeE8EAABKi4AQAACj5+xcSQgL2c7Kzk65k2boigAAZSnlTlpWtjKxm4WzcyXD1lMQPREAmLaK3xMBAIDSIiAEAMDoWVlaqt2clcW4hCSdQesBAJQhnRBxCUnKotrN2cqywv07jp4IAEyYUfREAACgtOjOAQAwBR7urko7Kzs79ka8QcsBAJSZ2BvxeoM2/nPDr1DoiQDAVBlLTwQAAEqFgBAAAFNgb2/nqXZTFpNS7tyMv2XQigAAZeBm/K2klDvKoqfazd7ezqAVFYmeCABMkhH1RAAAoFQICAEAMBFVvT0c7e2VxfhbyTE34pnhDQCMlE6ImBvx8beSlTWO9vZVvT0MWtQD0BMBgCkxxp4IAACUnIVOx7/XAAAwEVptVmR0bE5urrLGztbW21Pt5uJk0LoAAKWTcictLiFJfz43aysr/xq+FX/QBj0RAJgG4+2JAABACREQAgBgUjQZmVeu3dB/Misfzro6V6qkcrS3t7W2trYwXHkAgELphMjJydFqs9M1GbdT0/UfyMpnsjWrVVU5OhiuwFKgJwIAY2RKPREAACgJAkIAAEyNVpt17Xp8hlZr6EIAAGXA0d6+mo+XcY3YoCcCAFNijD0RAAB4IAJCAABM0424xISkFENXAQB4JJ5qN+N92xM9EQCYAKPuiQAAQDEICAEAMFlabVZi8u2klFQh6O4BwLhYqN2cPdxdjX24Bj0RABgtE+mJAABAUQgIAQAwcbl5eamp6ekZmZmZWdl37+bk5vGUFgAqHgtrK0tbGxsHB7tKjg7OzpWsLC0NXVKZoScCAGNgyj0RAAAoiIAQAAAAAAAAAAAAMCP8FAgAAAAAAAAAAAAwIwSEAAAAAAAAAAAAgBkhIAQAAAAAAAAAAADMCAEhAAAAAAAAAAAAYEYICAEAAAAAAAAAAAAzQkAIAAAAAAAAAAAAmBECQgAAAAAAAAAAAMCMEBACAAAAAAAAAAAAZoSAEAAAAAAAAAAAADAjBIQAAAAAAAAAAACAGSEgBAAAAAAAAAAAAMyItaELAAAAZeP27dth4edLuHPzp5+ysbEp54pKJCYmZuHiJVpt1sABfZ9s1kxZf/bcuVdeGyKEcHKqFLp/r0FrBACUSE5OzpGjxwquV6lUPlWrVq6strCwMERd5uK7739Y/vMqIcSbI94YM+pNQ5cDAAAAoEIjIAQAwETs/Xv/hImTSrjz0UMH1Wr3cq7owXQ63ZBhb16JjhZCrFu/4Z+Df3t5espNGZoMjUZj6AIBAKWg0WQMGjysmB0CAwJeeXlgv769K8iPVEyMNitLdp1xcXGGrgUAAABARccUowAAwGDu3Lkj00EpOvqqQcsBAJSvCxERn0yZ2qFz99B/Dhm6FgAAAAAwa4wgBADABA0c0N/Bwb6YHezt7R5jOUVycXHx8/OLiYmRizWqVzN0RQCAstG1S6fAgAA5WDwhMTEmJnb/gYNyU0xMzKDBw/bu3lGtmp+hywQAAAAAM0VACACACXr/vXGurq6GruLBLCwsVixdvOinJZmZmQMH9Pfy8jJ0RQCAstGpY4fu3brqr0lKSp4VMnvVL7/KxQkTP1y9armVlZWBCgQAAAAAs0ZACAAADKlaNb8vpk4xdBUAgHKnVrt//tmniYm3du7aLYQ4cfJkVNTlunXrGLouAAAAADBHvIMQAAAAAPCYTHhvnNKOjLps0FoAAAAAwHwxghAAALN2ISJiw8bNdnZ2QwYPcnVxuXr12oGDoQdCQ1OSb9fxr/36oFeVsR2Xr1z5Y+368+cvJCUn163jHxgY0K9PHxcX50IPm5CYeOzY8fPnI8LPn79+40ZgQMAT9QL79O5VubI6355Hjx3fs/dvIURA3bq9Xnyh/K8YAGBINapXV9oXL13q2qWTsljyvkMIkZubu237jtP/nrl0KVKj0QTUrRsQWLdN61a1atbMt2daWtr6jZsiLly8FBlla2tTr15g3Tp1OnRo7+riIoSIT0hYumyFEKKSSjVs6JCCb/CNjLr8629rcnNzO3UIbtEiKN9WnU63bPnP8QkJlpaWI0cMd3Z2UjYlJt46cvTo+QsR4eHn8/LyatSoXi8woEmTxvLVjPksWrwkKTnZx6fqa6+8LIQ4c/bcylWrL0RECCEa1q8/etSbPj5VlZ1zcnIOHAw9c/bcsWPHU9PSGtav36BB/Z49e5T4DwEAAAAACAgBADBv167FLFq8RL4OsHatmuPGv69sOnHy5K9rfv9z0/p6gQErVq6a+vl0ZVNYWLgQYuGin+bPCWnWrKn+AXU63dp1Gz6f9qVGo1FWRkZG/bll65x5C0Jmff/sM2319z9y5KgsoFvXzgSEAGBWLC0sZKO0fcfFi5fefW+izM+kU6f/lY23x455c/gwe/t7Od+Onbve/+Aj/cMeOnxECPHF9BlfTpvarWsXN1fXX1b/Jnfw9PTs369PviJ/DJm9Zet2IcTev/f//deOfFtPnTo97cuvZHvsmNHK+j+3bP3o4yn65z0Y+o9sDH9j6Li331IqlP5Ytz4yMkoI0ad3r23btk+cNFnZFBYW3rlzRyUgTElJGfvOeHkVyg5ize8/LVlWaJIKAAAAAIViilEAACCEECGz5yrpoFrtrqyf8tkX23fsVNJB/U1JSckjx4zNyMxU1qSnpw8bPvKDDycrj0TVaneVSiXbGo1m6BtvxsXFP5YLAgBURJFRUUo7MDDgIfqOtLS0EaPeUtLBpk0aP//cs35+fnLxx5A5B0MPyXZ4+PnRb72jHLZli6A2rVvJI2s0mnfenXDrVpKtrW3nTh3lDrv/2pOv2sxMrUwHhRAxMTGXLkXm22HP3n2y0b1bV2X04YeTP3nn3QnKeVUqlbe3l/KRRYuX9Ozd786d1EK/n9DQf/TTQcm/dm3ZuHHjZveevfXTQX//2rJrvhIdfez4iUKPCQAAAAAFMYIQAAATdCX6qto9reB6ewd7Tw+PYj74yeQPe3Tvpla7x8TEjBz99oWIiBMnT544eVI+V/1qxjRfH5/c3NzlK1ZOn/G1zAhXrVo9/I2h8uNWVtbnwsJke/y777w8sL+bm5sQ4vDhIyNGvSUflc4KmT1j+hflc90AgApNp9N9/c13ymJA3boP0Xes37ApJiZG5oirViyrU8dfrj91+t+ly5ar3dXt2z0n18yaPUc22rRuNWvmt66urnJ+zl279/z625oXenTz8KgshOjUMXjtuvVCiL/27M3M1OrPMhp6f9iftHvPHuV00vYdO2VDSRn37T+w5ve1sv1M2zaff/aJDC/v3EldtuLnH0PmyMGRs+fOm/zhBwW/opGjxwoh/Pz8Bg961dPTMy4uLis7S8kXf/hxtpKVjh/39rChg+VIxJjY2LffGX/m7LmH/ZMBAAAAYHYICAEAMEF9+79U1Kaoi+FFbVowd3ZwcDvZ9vPzmz5tap9+A+WiWu0+J2SWfOOglZXV0CGvnzp9euu2HUKII0ePKQGhg4P9z8uXhIYe6tgx2NfHRzlyixZBH37w/seffiYfv5bdhQIAjEZKSsq33/2wb/8BufhM2zbVqvk9RN+hzCY69q3R+nFd0yaNm/7wvf4ZDx26N9Ju0gfvy3RQCGFtbd2lc8cunTsqu7Vq2VJpHz12TH860+07d+ofcNv2naPeHKEsRkdfvRIdff9yWgshsrOzp0ydJtcEB7ebGzLLyspKLrq4OL8zdoybq+vUL6YLIZYsXT6gX19//9oFv6imTRr/snK5ra1tvvVRly/LIFP+oGfw668pm/x8fX9ZuWLIsOEMIgQAAABQQgSEAABAyERQSQelJo0bqVQqOXTjhR7dZTqo6NSxgwwII6Mu668PqFtXjgjJR3nempSUnJ6eXqlSpfK5DgBAhXDo8NGsrCwhRF6eLi4uLjLq8t6/9+nPuvn1V9Mt7r+DsFR9R3Z2tlx59mxYCYsJDw+vFxhQ1FYHB/vu3br+uWWrEOLvv/crJ83Kylq/YZMQon79JxwdHI4dPxEWFh4TG+vn6yt3+HvfftkIDm4nZy49cvSYHN0ohBj39lglHVQMHNBv9tx5SUnJQoh1GzZOnDC+YD1ffzW9YDoohPj9j3WyoVa7DxzQr+BVNGzYgIAQAAAAQAkREAIAYIJe6NHd3t7u0Y9TpYp3ZGSUEKJWzZoFN8mG8iS0eF5enko7ITGRgBAATNuvv6359bc1hW7y8/P7/n9fFT/ltVRo39GwQX05sefadevT0tJGDB/WtEnjQj/etEnjg6H/CCEmTpocdfnKSwP6Ka8qzKdTxw4yINyybdunn3wkk8vDR47Krd26dHZUOcrsbe/f+wa9+opcv3P3X7LRpVMn2bhy5d6Awvr1nyg0krS1te3bp/eChYvlRKMFd3j3nbG1a9UqtEhl/969XpQziwIAAADAQyMgBADABE355CNlLrVH4ejgIBv6L2SSCh3ckE9eXl5yckp8fPzNuPiEhIRHrwcAYNTUavexb41+aUB/a+si/yn6wL6jT+9eS5Ytl4Pwdu7avXPXbm9vr149e/Z8oXu+FwSOHjni4P2XCC5YuHjBwsWNGjbo+UKPbl27yLcPKuQEoXKo4oWIizLbU94v2KFDe3s7+8+mThNCbN26XQaEt2/fPnI/QXz+uWdlIzLqXoZXo3q1oi5QTqwqhAgLL2TS71pFpIP6Q/aVIYwAAAAA8NAICAEAQBnTarXbd+zasXPXzl27C91Bp9M99qIAAI9V/359mjZpItvOzk7V/Pz8/HydnJyK2r/kfYeHR+Vffl4+6aOPlZcRxsXFz1uwcN6ChcHB7aZ8PLlq1SpyfVBQ84Xz53w4+ROZJgohzpw9d+bsuS+mz3hzxBtjx4xWfv5SqVKl4OB2u3fvEULs27e/XmDA3bt3t2zdLoQIDAiQw+gbNWxw5uy5Y8dPJCbe8vCorESPzz7TVpmF+/LlK7Lh5eVV1JUqQyfj4uJzcnKKyUr15ebmKkP2vTw9H7Q7AAAAADwAASEAAChLFy9eevX1IcqjWMnPz8/Tw+PEyZOGqwsA8Fi1btWye7euJdy5tH2Hv3/tNb+uOnbs+IZNm7ds3a682nD37j0REZc2rvtdSezat3t+357df+3Zs2Hj5r1/71OOsGDh4tjY2Fkzv1Peg9ilUycZEO7+a8/IN4cfPXZcHrZ79y5yhx7du505e06+erBf3967du+598HOnZTDqtVq2UhPTy/qYvVfxFjCdFAIof86w6zsrBJ+CgAAAACKYmnoAgAAgOkIDz/fd8DL8gmvv3/tz6Z8vGvHlqiL4X//tWPNryuV3ZSnsQAAPFzfYWlpGRTUfMb0L04eO7R44bwnmzWT62NiYjZu3qy/p4ODffduXRcvnHf6xJEvp3/u7X1vbN+WrdvPn7+g7Pbcc8/IxqnT/966lbRj5y652LFDsGwEt28nGzt27srOzpbvLNSfX1QI4V/73gShN27cLOp6b96Mk43AgEJeUlgMf//aspGQkFiqDwIAAABAQQSEAACgzCxbsVIOjOjYIXjD2t9fe+VlOS0bAABFecS+w9ra+vnnnl29ann7ds/LNWfOnC10TycnpwH9+v65cZ1a7S7XhOsFhK4uLs8+01a2Dxw8uGHjZpnJ1b7/UsBq1fzq139CCLH3733KYMSgoOaVK6uVg9Sqda/yU6f/LWoQYeg/h2Sjzv3Ar4SqV7v3XsPzFyJK9UEAAAAAKIiAEAAAlJm/9917YPr6a68oL3aSMjO1BioKAFChlUnfYWVl9dyz94YAOjg4FLOnm5tbi6Dmsm1vb6e/SZksdM7cBTKzfKFHd/0dunXpLBszvv423xqpceNGsqHRaNb8vrbg2cPDzysvL3z66adKeHVSnTr+srF23frk5OR8W2OvX1dmPQUAAACAByIgBAAAZcbZ6d47n+LiE/TX37qVNGTYcGVRp9M99tIAABVUafuOc+fCvvn2+3yj6PLy8pRJQeU4PyHE1m07QmbPvXUrSX/P5OTkw0eOynZgYKD+JmWy0CvR0bLR6f78olJw8L1ZRmNiYmRDGbYo+fr4jB45Qranz/h62/ad+lujLl8ePXacUmSP7iV9R6M0cEA/pT3po0/0RyhevHipd98BSlUAAAAA8EAlfSM6AAAwIs883yHfqIh8dm7709XVtczP26RJI/lQ9dPPPhdCBAbW1WqzDhw4uOinpXIoBgAA+ZSq78jM1L45+q24uPgFCxf36d2rU8dgDw+PhITEZctXHDp8RAihUqmC27UTQkRcvDj2nXeFEIt+Wjpk8KDmTz+lUqmioqJC5syX7zsMCmpeq2YN/YNXrqwOCmp+5H58WLNGDf//zgJau1Ytf//akZFRcrFpk8bKGw0Vo0aO+O33P+Qp3np73DNt2zRt0tjKyupKdPT6DZuU3aZO+cTKyqpUX5Sfr2/vXi+uW79BCPHXnr2duvZo9/xzFhYWJ06cuhDBpKMAAAAASoeAEAAAE6TRaIoP5HJz88rjvKNGjpBPPzUazXvvf6C/qXOnjpaWFlu37SiP8wIAjFep+o6cnLuNGjaMi4uXM22uXbc+39Fmz5opXwpoaWEZGBBwISJCo9HMnjMv325qtfv3//va0jL/nDpdO3dSAsIXe/YoWG2Pbl1nzgq5t/N/5xeVHB0d1/3x28RJk+Vx9h84uP/AwXynnvnd/5o2aVyC7ya/SRMnXL167cTJk0KIuLj4X1b/pmwaOKD/M21bj37rnYc4LAAAAAAzxBSjAACYIxsbm3xrVI6Oxexva2tbksPWrlXr919XKXO7SY0aNpgT8sOckB96vdhTrrG2KuQnSvb2hb8yqvihkACAisPG5mF+gVqqvsPJyWnenB+XLF7QskWQSqXS/8gLPbrv27vrmWfayMU6dfw3bfhjyqeTGzVsoL+bSqV6a8yovbt3FBz8J4QIbn9vElG12r1nYQFhzxe6K+dVds7H18dn5fIlU6d8EhTUXL/IwICAoUNe37V9a+tWLYv6Nuzsiutw1Wr3lSuWjBg+TClepVIFB7f79psZ07/4rEmTxn5+fsV8HAAAAAAUFrwECAAAlLnk5OTY6zdsbW28PD3d3NwMXQ4AwAgprF2PAAAgAElEQVSUtu/Q6XTx8Qlx8fFVqnh7enhYWFgUtWdubu7Va9cyMzJ9fX1dXJzLuvAHFHnjxs1MrbZ6Nb+Cv855FElJycnJybVq1SztVKUAAAAAQEAIAAAAAAAAAAAAmBemGAUAAAAAAAAAAADMCAEhAAAAAAAAAAAAYEYICAEAAAAAAAAAAAAzQkAIAAAAAAAAAAAAmBECQgAAAAAAAAAAAMCMEBACAAAAAAAAAAAAZoSAEAAAAAAAAAAAADAjBIQAAAAAAAAAAACAGSEgBAAAAAAAAAAAAMwIASEAAAAAAAAAAABgRggIAQAAAAAAAAAAADNCQAgAAAAAAAAAAACYEQJCAAAAAAAAAAAAwIwQEAIAAAAAAAAAAABmhIAQAAAAAAAAAAAAMCMEhAAAAAAAAAAAAIAZISAEAAAAAAAAAAAAzAgBIQAAAAAAAAAAAGBGCAgBAAAAAAAAAAAAM0JACAAAAAAAAAAAAJgRAkIAAAAAAAAAAADAjBAQAgAAAAAAAAAAAGaEgBAAAAAAAAAAAAAwIwSEAAAAAAAAAAAAgBkhIAQAAAAAAAAAAADMCAEhAAAAAAAAAAAAYEasDV0AAAAoX7l5eamp6ekZmZmZWdl37+bk5gmhM3RRAIB8LKytLG1tbBwc7Co5Ojg7V7KyNJ1fc9ITAYAxMOWeCAAAFGSh0/EPMwAATJNWm5WYfDspJZXnsABgbCzUbs4e7q729naGruSR0BMBgNEykZ4IAAAUhYAQAADTdCMuMSEpxdBVAAAeiafaraq3h6GreEj0RABgAoy6JwIAAMUgIAQAwNRotVnXrsdnaLWGLgQAUAYc7e2r+XgZ1wAOeiIAMCXG2BMBAIAHIiAEAMCkaDIyr1y7kZObq7/SztbW1blSJZWjvb2ttbW1heHKAwAUSidETk6OVpudrsm4nZqelZ2tv9XayqpmtaoqRwfDFVgK9EQAYIxMqScCAAAlQUAIAIDp0GqzIqNj9Z/J2tnaenuq3VycDFoXAKB0Uu6kxSUk6T+ctbay8q/hW/FHb9ATAYBpMN6eCAAAlBABIQAApuNi1DX9+dzUbi6+Vb0YpQEAxkgnROyN+KSUO8oaR3v7urWrGbSoB6MnAgCTYaQ9EQAAKCFLQxcAAADKxo24RP1nsl6V3f14JgsARstCCL+qXl6V3ZU1GVrtjbhEgxb1APREAGBKjLEnAgAAJUdACACAKdBqsxKSUpRFtZtLFa/KBq0IAFAGqnhVVru5KIsJSSlabZZBKyoSPREAmCQj6okAAECpEBACAGAKEpNvK207W1vfql4GLQcAUGZ8q3rZ2doqi/o3/AqFnggATJWx9EQAAKBUCAgBADB6uXl5SSmpyqK3p5r53ADAZFgI4e2pVhaTUlJz8/IMWlEh6IkAwIQZRU8EAABKi4AQAACjl5qaLoROtu1sbd1cnAxdEQCgLLm5OOkN3dClpqYbtp6C6IkAwLRV/J4IAACUFgEhAABGLz0jU2m7OlcyaC0AgHKhf3vXv+1XEPREAGDyKnhPBAAASouAEAAAo5eZmaW0K6kcDVoLAKBc6N/e9W/7FQQ9EQCYvAreEwEAgNIiIAQAwOhl372rtO3tbYvdFwBglPRv7/q3/QqCnggATF4F74kAAEBpERACAGD0cnLzlLa1tbVBawEAlAv927v+bb+CoCcCAJNXwXsiAABQWgSEAACYAJ3SsjBoHQCAcvLf27uuyP0Mhp4IAExche+JAABA6RAQAgAAAAAAAAAAAGaEgBAAAAAAAAAAAAAwIwSEAAAAAAAAAAAAgBkhIAQAAAAAAAAAAADMCAEhAAAAAAAAAAAAYEYICAEAAAAAAAAAAAAzQkAIAAAAAAAAAAAAmBECQgAAAAAAAAAAAMCMEBACAAAAAAAAAAAAZoSAEAAAAAAAAAAAADAjBIQAAAAAAAAAAACAGbE2dAEAAMBM/Thv8ZWrMUKInt06Pde21WM+u06n27PvYPiFiz5Vq3TrHGxna/uYC6g4flu78fCxk0KIZ1q36NWjy2M779WY2B/mLJLtmV9NfWznBQAAAAAAAAEhAAAwjLR0TV5enhAiJyfn8Z/98LGTm7buFEJEXo7OyMx8dUCfx1/DQ8vNzU1P16hUjtbWZfDfctnZd+UfRHLK7bKorqSysrLleQEAAAAAAPCYERACAABzFHU5Wmlfi7lu0FpKJDNTe/Dw0TPnwpOSUjQZGXKljbW1m5vrk00bBT3VzM3VxdA1AgAAAAAAwDgQEAIAAHNUq2b1YydPy7afT1VDl1McjSZjw5/bj5/6t+B4u7s5OQmJt7bt3LNt554nAuu+3L+3UyWVgcoEAAAAAACA0SAgBAAA5qhl8yczMjPDz0f4VK3SvUsHQ5dTpGux1+cuXJap1crF2jWrN23c0KOy2sHBPikpJS4+4WZ8wrnwC3l5eeEXLk798tvXXu7XuMEThq4aAAAAAAAAFRoBIQAAMEcWFhbBz7UNfq6toQspzsnTZ5f/ska2q3p7vTH4FbW7m7K1up+vbGg0GRu37Dhy/OTdnJwlK1aPGTGkrn8tA5UMAAAAAAAAI2Bp6AIAAABQiBtx8Uo62LVT+4nvjtFPB/WpVI4v9+/1wfi3LC0thRDzFi+PT0h8vMUCAAAAAADAmDCCEAAAFCcvL+/Q0RNRV6Jv3ozPys6u4u3l51u1Uf16Vat4F7r/1ZjYyKgr0ddiExJv2dhYV/P1qVWz+pNNGllYWJTqvDqdLvzCxehrMdFXY27fSXV2qlTNz7d+vQD/WjUKnvHgP0dtbKy7dGzvVEmVlZV14VLUxUtRl6KuWFlaVvPzafBEYMP69Qoef826TTk5uUKIbp3au7q6yPUH/jlyLea6EKJJo/r16wXk+1RWVtYfG7YIIWxsrHu90NXG2rrQGuLiE86cO3/u/AWNJsPby7NT8HPVfH3knjduxu07eCgm9oYmI8Pby9PP1+f5tq1UKsf8J8rOnrd4uWy/9ebQOrVrPvAbq+rtNeilvstWrcnLy1u/edvIYYPy7ZCbm3vmXHjUlauXoq5otVpfn6o1q/u1bRX0wCPLP4iY2Bu3kpIdHR2q+fpU9/NtWD/Qzs6uqI/IP76rMbFXr8XGJyS6u7lW8/Ot7ufbpFH9Ev5NSEpO2bs/NCsrWwjRMujJWjWqK5u02qxz5y9cvRYbfS0mKyu7stq9mp/PU00bV1a75zvIsROnL0ZetrGx7tm9s52tbVJyyrZde65EX8vKylKr3TsHP18voE5ZXULJv6Uy/9sCAAAAAABQWgSEAACgSNdiry9atio1NU1Zk5Scci78wrade9q2Cnqha0dbW1tlU/bdu7+v23z0xCn9I8TE3gg9fOyvvQeGvDbQ06NyCc+bcvvOoqUrr9+MU9YkJN6KvBy9Z9/BZk0aDujd097+/0OX+IRE5aQtmj+p/8Y+OQ7v8LGTTRs3fHVAb2vr//8vn9zc3H+OHJftZ9u0UALCI8dPxsTeEEK4uDgXEhBm31XO1f65tsqQPqUGCwuLqlW816zbpHzkVlLyufAL7741okY1v+27927buUfZdPtO6oWLkX/vDx0+5NWAOrX1T7Rt5x75tbd4ulnBdFCn0yXeSrp6LTbh1i1bW1tvT4+Auv62NjZNGzc8fSbs9Nmw8xGXklNuu7u5Kh9JTUufs3BpXHyC/tnPhV/Ysy+0mMDp9p3UJT+vvnotVn9l9NUYIYSDvf2w118uNLm8ffvOwv/+8aXcvhN15aoQwmuXx7BBL3l5ehR1Rik55fbX38/Oys4WQri5uvR6oYuyKfJy9OJlq/T/iOMTEsPOR2zbuadHlw7tn2urn96dv3jpxKkzQoh6AXVcXJy/+3G+siktXXM27HxRAWGpLqG031KZ/20BAAAAAAAoLQJCAABQuIyMTP2wTe3u5ujocOtWslxz4J8jNar7PdW0sdyqycj46vvZSpToYG/v4aHOyMi8lZQsU7oZ34V8/vH7TpUqPfC8l6OvhsxfkpeXJxednZ3c3VyTkpLT0jXytXw3bsZPGv9WwVFcR4+fCj18TFm0sba+m5Mj26f+PevlUblLx3Zl8cUU5+Cho4UW8PPqPzq2f1bJe/Q33c3JWbR05fQpk5ShZrm5uQf/OSK/xt49u+kfPzNTu/qPDWfDzivfj2RpaTnzq6lCiF49upw+GyaE2B96+MXuneXWW0nJ38ycI/M2yamSSqvNupuTo8nI0GRkFHot0VdjZs1brH8iB3t75e9DplY7e8GSHl075nuP4+XoayHzf9L/lMrRMScnR549PiHxq+9nf/3Fx7Y2NkV9h6lp6d/Omif3d6qkeu/tkY4ODnLT3v2hG/7cruxZWe3u6OgQH58od968bVdauqZXjy4Fj3kzLmHVb+vyrfSpWqXQAkp1CQ/3LUll8rcFAAAAAADgIRAQAgCAwu0PPSxzDhtr63Fjhvv6VJXrL0Vd2b5rj5NTpSebNFJ2Xr95m0wHLS0tX+r3YvMnm8r1ySm3Fyz5OS4+IS8v79c/Ng4f/ErxJ83Ly1u+ao2MW1xdnIcOeqm6n6/cdDHy8uJlq7Kys+PiE0IPH2vTsnm+z8oQpZqfT7dOwbVr1bCxto69fnPB0p9lYTv37Hv+mdb6Qw/LT+fg51u1eNrF2Sk+IXH2wqWpqWm3kpJ/WbNeCOHt5Tls0EueHpXz8vK279q746+/ZeU7/9rXo2tH+fFTZ87JaxnY70U7vTGa+QbPqRwdVSrHhMRbQgjv+wPaXF1dZJ50Q2/029qNW5R08Lm2rbp1ai+HfiYk3pq7aFnK7TsFL0Gn061Y/buSe/V9sXvzp5ra2drm5eVduRqzaOlKWcbmrTubNmqgjKTU6XQrflmjfKp75+BnWreQUVZ8QuLGLTvCzkd069S+mHQwIzPz+5D5MrN0sLd/7+1RSqicnHJbSQfr+td6bWBfZ2cnufj3gX/Wb94mGy2bP+nt5ZnvsFt27JZ/OVu3eNqnircmMzMx8VajBk8UfuElvoSH+5byecS/LQAAAAAAAA/B0tAFAACACirqSrRsdGj3rJIOCiHq1K45duSwwa8MUMbwxV6/eezEadke+tpAJR0UQri7ub49apjl/7F3n+FRVH0fx8+W9J6QQhoBQmgiEHqRjpEqHQQV24Ndb3tXVKy35VbsIihFVFBEmiJWeu8lIZDeSSVls0l2nxcHxjVl2YSETXa/n4sXZ2bOzP5nkyuTzY9zjlothDh24pTpFJe1+mvbzoLCIpnlPHTvPCUdlJnQHRfzxR/Xbar19EH9+zx077xOUZFydcDQkNZ3zJ0tDxkMhqSU1FrPalw3zZo25toRXp4eQojAAP+5N0xXDjlotQ/cdbucalWtVo+NGdm+7YWl9WLjzyjd5KyYarX6apOlEzMysxZ+8oUMnAb2673g+Sdfnf/U3XfMlUdNp8oMCgqQ4Z/cTMvIPHEqTravGzV88oQxysSwAf6tnnr0gVqnft26Y3duXr5s33/X7dcM7CejSrVa3b5tm+eeeEhJLr/9fq1y1q49+5W48babbxg9Yqgy0C0wwH/erTe+89r8UcOH1PXW6fX69z5aJK/goNU+fP+dPhenfhVCfLP6R6Xsu++Yq6SDMvUcOXSwbK/d8EutF1er1c889uC0SeMH9Os9atg1N0yf7OHuVrNbvW6hYe+Sqcv/bgEAAAAAAGgAAkIAAFC7youzGiYmp5jvuW3XhZkSw0KDu5lkWpKbq+ug/n1kWy7vZ8Zf23bKxshh13ibhENSVGS7Vn6+chCV6cqIkouz84wpE2UYqWgTFurmemGNPSUzazouzs69o7ub7ols31Yp6epuXaot+Nc7uodsnDuXp+yUdUZFtlNONBqNS79eJdtzZk6ZOfV6GW6djD0td3buFKWcLtPcwovvz59/75ANB6125LDB1Qp2cnQMDw2peSO//7VNNiLahEW2i6h21M3NdfSICyFZ7OkzJSUXJind8udW2QgKDOhe2/g8jUZTc6dUVVX1wcVVEtVq9X/unWeaXJaV6WJPX0jFZk69vtpXWQgRM3q4bKSkptV6/ckTxshvHvPqdQsNe5cUjfLdAgAAAAAA0ABMMQoAAGoX0Sb8bGKyEOLEqbh3P/xsXMyoqMh2tfZMS8+QDR9v79NnEmp2KC0ru9AzI7NP3a9oNBqVwVvOTo61XkqRnpllOobMDB8fLzllZX5+gSX9G52bq4tcQLF1UGC1Q74+3rKhTBwq59KU4+SUPQcOHU3PzBJCdO3c0XSApjI0sF1EuLLTaDDIOFBuZmRlyUbP7t0cTSYsNcP0CzF00IBa+wzq33f9z1tkOzM7Rw5uy7v4Dg8fMsiSF1IUFBat+Pb7pOQLQzzvv+u20JB/LRCo3IWMEs18b5wvLqmqqqqWRAYG+A8Z1N+SSiy/hQa/S+bV97sFAAAAAACgAQgIAQBA7YYOHrB1+y65GF5iUsqHny1xcnSM7nn14P59TGccFUJkZeXIxpFjJ44cO2Hmmjnncs0cVWZrFEKs2/Sr+fLO5Vo6iEp7MSozGI0WntK4lAKcauRzDjVW49Pr9XJNO3eTCTBPxcXLxrRJ4007n44/K5ddNM3D5DsTEHAhX1RGmwX4+1lYsOmqhK1a1T7qztXVRa1Wy1Izs7Lbt21TWHReWY0vMKCWaUvNeOGV/yrtO2+7qV1E9SAtPeOfgPCjz7+8ZP3VBgu2rrEqYa3qdQsNe5cuWUO9vlsAAAAAAAAahoAQAADUztvL8z/3zlu8bKWS25Xr9Tt379u5e1+b8NCbb5iuZDDler1sqNVqTY25H021bRNm5mhhYZHSVgbA1UqtVlsY+bQ4Sj5UUVGp7JSrJzo5OipjyIQQyalp8p3v0P6fkZ1VVVVyHF7rwEC58qIy2szH21tYxnQuVm+v6hO9Ktzd3eREr7L/OZP016fusy7p9JmELiYzpkoFFn9vODs7eXi4N+yl63ULDXuXAAAAAAAAmgMCQgAAUKfQkNbPPfHQiVNx23ftPRl7WhlclZSc+tZ7Hz/7xH/c3dzkKoNyDs85M6f07tn9Uletk5/JqK8Xnn7Ew72BMU+Lplar5Ziz8+f/WWQxLy9fCOHi4mzac9uOC0s/Brf+Zy7KA4eOykGfV3XtJK+mHKqoqLCwBvlllXQ6nWcdeVu5rvxif1e55J5yqLSsrOYSkmbMu/XG3/7ceiYhSS7sF9EmrNr6f/4Xh+h5enq8/Ozjll+5Xup1Cw17lwAAAAAAAJoDc//HHwAAQKVSde3ccd6tN771yvNzZ89QRg2W6XTbdl4IqIIC/WUjMzP7cl7L28tTCbSUaUutxkrzkSqTi6ZeXNlRpmJyFF1xSYncczYxefe+A7KtvTi/aEFB4fdrN8j1C5WAzePiVKX5hYXCMgEms2uaTqRpymAwKCNHgwIDhBD+rf6ZwjTH4glgpa6dO979f7co311fLv+22ni7oIsDRotMZgFtdPW6hYa9SwAAAAAAAM0BASEAALCIRqOJ7tHt6UcfCA8LkXsSEpNlQ0k+jhw/eZmv4nNxzNblX6phXJwvjNIrLDp/qb5NJbJdhBAiNS2jvPzC4LO2bcJl4413P/ztz60/rv954SdfKP3Xbfo19vSZP7fuePN/H8kJRWdMmagc9bk4K2lKarqFBTg6OCjvw8nY07X2OX0mQWm3DgqU3yFKGHniZGx97ljIiUPvu/M2OX2owWBY+OliJVqrlq4pKzI2unrdQsPeJQAAAAAAgOaAgBAAANSDRqO5+uLQNEdHR9no2rmjbGRl5xw8fPRyrq9c6q9tOwvqGJXVpAL8LwwLO5uYVPNoXPyZK1BD925dZWPX3gtjBMdcO0I2iorO/7Rx8x9/bzcYDP37RN8xd7YQ4lxu3keff7lm3aaS0lK1Wn3nbTd1aN9WuVpw6yDZOHEqrqhG6pmdc+54bUlYVIf2svHXtp2mQZ1iwy9bZMPF2VlZGbF92wil8qLzxfW9cR9vrztvv1m508VLVyqHnBwdlS/Ndz/8ZGyk8Z2VlZV5+QWmV6vXLTTsXQIAAAAAALA6AkIAAFC7s4lJK1etSUxOMd1pNBoPHDwi2xHhobLRtXPH9m3byPaKb384fOyE6SkGg2Hn7n1Pz3/tvY8+r6qqMv+i468bJceQCSH+99HnmVn/mrNUpyv/cf3Pjz794rqNmy/7/mqnxGnncvP27D+o7Dcajet/3rJs5eomel1TXTp2cHJ0FEL8uP7nvPwCIUQrP98nHr4vok2Yg1broNVGtouYMWXiDdMnd+vaOWbkMDns0sfbq3/fXk8+fF+XTlGmVxs5dLDS/vyrFaVlZcpmcmram+9+KAcdVjN14lg53avBYHj/40XK1KbyrVj94/qk5FS5OX3KBGVi2EkTxijdFn7yRWFhkek1d+3Z//izL6/+cb2Ze+/Qvu2k8dfJ9qm4+J+3/KEcmjNzimzkFxR+uniZ6Y3Ir9dnS5Y/+vSLx06cMnN9U2fOJj727Msvvvb2My++rpRar1to2LsEAAAAAABgdVprFwAAAJqjcr3+k0VLy/X6XXsPdOkU1btnd28vz/zCwl9//1uGdmq1unfP7kr/2TOmvPzGu0KIisrKxUtXhoUGR4SHubm65uTmHjt+Sg6uOpuYvO/g4X69o828rpOT07TJE1auWiNzoNfeXtixQ/vQkGCVEBlZ2cpYty1/bh00oG9TDMnq06vH2vU/y4JXfPvD/oNHwsNCMjKz406fqXWIWFNwdHScO2fGZ0uWGwyGxctWPnL/XSqVKjgo8KF759XsPDZm5NiYkWauFuDfqnPHDnIOzOSUtPmvvNUxKlKlUiUkJdccUKjw8vKMGTVs0+bf5WSn8195q1PHDgGt/EpKS2NPn1GW3AsNad2rx9XKWT7eXiOHDv7tr21ybOLLb7zbtXPH0NDgkpLSo8dPnsvNE0Js3bF78IC+ZhbkGz5kUGJSyqGjx4UQmzb/3iYstHPHDkKIiPCwnt2vOnj4mJzSU95IcFBgmU6XkJScnJImT//6uzWvzn/Kkvd54+bf5HKGJaWlf23bOXFcTH1voWHvEgAAAAAAgNUREAIAgFpUVVa1bh2YmJQip6Y8cSquWoe5c2Z4eXkqm638fB+85/8WL/36fHGJXO6u5op3A/v17tur5yVfun+faIPBsGrNOhnexJ4+E3u6+sSec2ZOaaIJGx0dHGZMmbjsmwsjBU/FxZuueDdl4tjf/9pW8O9RZU2ha+eO0T26HTh0NCU1fcsff48eMfRyrnbD9Mnvf7xIhlvlev0RkyGe3bp2vvqqziu+/aHmWTEjh2k1mnWbfpW579Eaq0J269p59ozJ1XaOu25URWXl39t3ybMOHT0uoz7JQau97eYbzKSD0k03TEtNz5AFf7Zk+XNPPCS/3HNmTnV1cdm+a69yI0f+PVzVxdn53nm3WPi2mM4sWmUwNOwWGvYuAQAAAAAAWBcBIQAAqIWrq8tD9847dOTYpl//yM45ZzCJT6Ii202fPEFZEE7RLiL8+aceWbdx89HjJ/NNlg900Go7d4q6btSwkODWtb6WspahYmC/3p07dli1Zl1iUkpJaamy38PdrWf3bqNHDPX0cK95HQdHh4bdrIPDv07sHd3d19dn6dffKXfhoNW2jQgfc+2IdhFtiorOb/lza52XMluDMnuqJWZNvf7kqdNlOt36n7ecioufPWOKn6+P+VMMBsPxk7FarVYOuVN4eXo8+cj9q35Yd+jIMTkOUq1Wh4UG9+7Zfcig/vkFhS7OzjUnGlWpVKOGD7mqS6c16zalpKYrXwgHrTYw0H/UsGt6du9WswaNRjP1+nFdO3f8acMvGVnZyneOt5dn24g2U68f5+HuVu2UmnNvarXa+++6/d0PPi0oLDIYDIu+XPH4Q/fKl54xZWJ0j6t/2vhLenpmRWWlckpggP+Avr0GD+xX65tc69dl+JBBZxKS5GUH9uvdsFto2Ltkpqp/jtbnuwUAAAAAAKBeVKb/dRoAALREh47/M7yvR9cos30bwmg05uUX5OcX+Pn5ent5qlSqS55SVVWVlZ1jMBg83N1NBxo2QHl5eWZ2joODg5enh5ur6+Vcqr70en16RpaLi3NggP+VfF1FYlLKZ0uWK5nT6BFDhw8ZWOubcL64ZOuOXX9v2yVzvjdeetbZ2anWaxYWnT9//nxw66D6LoknvxDenp6Wf0GNRmPOudyKysqgAH+NRlOvl7NE0fnivLx8V1cXLy9PpxoxsyXOFxefy80Lbh1U1+n1vYUGvEuA5Zr6p/3laM61AQAaCz/tAQCwJQSEAAC0eHxQt2H6iooNP2/5c+sOZY8cmhbSurWrq0tefkFuXl5ubr7p+L8O7dvecuNMd7fqA/UAtHTN+ad9c64NANBY+GkPAIAtYeYiAACA5svRwWHyhDED+/Ve9s1quaxjRWVlalpGalpGzc49u1913ajhl1zhDwAAAAAAAHaOgBAAAKC5Cwzwf/SBu/PyC06cios/m1BUdP58cYmTk6Ori0uAfyv/Vn7+rfzCQoM93GtZmhEAAAAAAACohoAQAACgZfD18R48oO/gAX2tXQgAAAAAAABaNrW1CwAAAAAAAAAAAABw5RAQAgAAAAAAAAAAAHaEgBAAAAAAAAAAAACwIwSEAAAAAAAAAAAAgB0hIAQAAAAAAAAAAADsCAEhAAAAAAAAAAAAYEcICAEAAAAAAAAAAAA7QkAIAIANUCkto1XrAAA0kX//eFfV2c9qeBIBgI1r9k8iAABQPwSEAAC0eFrNPw/0yspKq9YCAGgSpj/eTX/sNxM8iQDA5jXzJxEAAKgvHucAALR4jg4OSlun01u1FgBAkzD98W76Y7+Z4EkEADavmT+JAABAfREQAgDQ4rm4OCnt4pJSq9YCAGgSpj/eTX/sNxM8iQDA5jXzJxEAAKgvAkIAAFo8d1cXpV1QVGzVWgAATcL0x7vpj/1mgicRANi8ZqhWHfkAACAASURBVP4kAgAA9UVACABAi+fp6S6ESrbL9fr8wvPWrggA0JjyC8+X65WJ3VSenu7WracmnkQAYNua/5MIAADUFwEhAAAtnkat9vPxVDYzs3ONVq0HANCIjEJkZucqm34+nhp1s/scx5MIAGxYi3gSAQCA+uJxDgCALfD39Vba5Xp9anqWVcsBADSa1PQsk0Eb//qB36zwJAIAW9VSnkQAAKBeCAgBALAFzs5OAX4+ymZufmFG1jmrVgQAaAQZWedy8wuVzQA/H2dnJ6tWVCeeRABgk1rQkwgAANQLASEAADYiOMjf1dlZ2cw6l5eSnsUMbwDQQhmFSEnPyjqXp+xxdXYODvK3alGXwJMIAGxJS3wSAQAAy6mMRj6vAQBgI3S68vjE1MqqKmWPk6NjUICfj5eHVesCANRPfuH5zOxc0/nctBpNZERo8x+0wZMIAGxDy30SAQAACxEQAgBgU0pKyxKS003/Miv/OOvt6e7u5urs7KjValXWKw8AUCujEJWVlTqdvriktKCo2PQPsvJvsm3Dg91cXaxXYD3wJAKAlsiWnkQAAMASBIQAANgana48OS2rVKezdiEAgEbg6uwcHhLYskZs8CQCAFvSEp9EAADgkggIAQCwTemZOdm5+dauAgBwWQL8fFruak88iQDABrToJxEAADCDgBAAAJul05Xn5BXk5hcJweMeAFoWlZ+Pp7+vd0sfrsGTCABaLBt5EgEAgLoQEAIAYOOqDIaiouLi0rKysnJ9RUVllYG/0gJA86PSatSODg4uLk7uri6enu4atdraJTUankQA0BLY8pMIAADUREAIAAAAAAAAAAAA2BH+KxAAAAAAAAAAAABgRwgIAQAAAAAAAAAAADtCQAgAAAAAAAAAAADYEQJCAAAAAAAAAAAAwI4QEAIAAAAAAAAAAAB2hIAQAAAAAAAAAAAAsCMEhAAAAAAAAAAAAIAdISAEAAAAAAAAAAAA7AgBIQAAAAAAAAAAAGBHCAgBAAAAAAAAAAAAO0JACAAAAAAAAAAAANgRrbULAAAAjcxgMKSlpcWfOXv6dLwQIjKyfWT79iEhwRqNxtqlAQAAAAAAALA+AkIAAGzKiRMnn3zmuePHT1Tb7+bm9vSTj82YPk2tZv4AAAAAAAAAwK7xJ0IAAGzH8hUrJ0yaWjMdFEKUlJQ889z8WbNvTkpKNt1fUFg4bcYNMWMnxMefuYKVNtwjjz0RM3bCj2vXWbsQAAAAAAAAoKViBCEAADbiVGzsCy++rGyOG3tdl86dtQ7ahLOJ6zZsLCkpEULsP3AgNS2tTZtwpVtsbNzBQ4eFEFnZ2ZGR7a1Uu6X0er2MBhMSE61dCwAAAAAAANBSERACAGAjXlrwmmz4+fku+2pxx6go5dAzTz/x+RdL3l/4Yb9+fQcNHGB6Vnp6+hWvtOEyM7OsXQIAAAAAAADQ4hEQAgBgC/R6/e7de2R7wUvzTdNBIYSrq+uD999769ybXVycq52YkpJ6Bcu8XGktKs4EAAAAAAAAmicCQgAAbMGZswlKu3ev6Fr7eHp61NyZnJLSlHU1srQ0AkIAAAAAAADgchEQAgBgCzRqtdJOTEzy9fW95CmFhUUZmRlHjx2Xm7Gxcc7OTrKtVmt69ugu258vWpyblxcSEnzTnNlCiCNHjy1fsfJUbKwQolvXrvfcfWdISLByTYPBsGfP3uMnTx47diIjIyMgwL9L584DBvTvfnW3usooLS3dsXP3yZMnjx47XlxS0iY8rHPnTiOHDze9rBCirEyXkZmxZ+8+uZmWlrb/wAHlaJfOXWoOjgQAAAAAAABQK5XRaLR2DQAA4HJVVFR06noh0uvXr+8nHy6sdbygYsmXSxe8+npdR93c3I4c3CvbMWMnxMefEUIcPbx/06afH3/yGdOeXy7+/JrBg2Q7Kzv7yaee/XvrtpoXnHvzjY8+/B9XV9dq+w8fOfrgQ4+m1DaKccFL82fOmKZWq4UQx44dv37KdDO38/OGnzp0iDTTAQAAAAAAAIBCbUEfAADQ3Dk4OChj/nbv3jNl2sy1P63X6/V19XdycqrvS2zfvqNaOiiEiGzfXjaOHTs+Omackg526tjx2tGjIiMvHP1q6fJ5d91b7b8lrVr9w5RpM5V0sFd09MgRw4OCAuXms8/P//iTz2Tb0dGxvtUCAAAAAAAAqAsjCAEAsBEnTpycMGmq6R43N7epkyeNGRPTu1e0Wv2v/xVUWVmZnJJiNBonT51ZUlIihHj91QXR0T3kUY1aExHRRraVEYRSWFjYLTffGBAQkJmZWa4vv2ve/6lUqqqqqsnTZh4/fkII0bVrlzdff6VTx46y/8FDh+974D+ZmVlCiHfeevP6iePl/qysrIHXDJftiRPGP/fMk8q0qKu/X/PEUxeSyN9//blNm3AhREpKir6i4o033/7t9z+EELNvmHnL3Jv+qSo0lBARAAAAAAAAsBBrEAIAYCO6dOm88L13n3z6WRn4CSFKSkqWLl+xdPmKsLCw22+be8PMGVrthUe/Vqtt17atEMLZ2Un2Dw5u3b5dO/Mv0bNH96+Xf1Uzivv+hx9lOujm5rbos48D/P1NT1n4v3emz5ojhHjltdeVgPDNt96RjT69e7315msajUY5ZdrUybm5ubLDhx9/+ubrr8hgUgihzJvq6+t7yWoBAAAAAAAA1IopRgEAsB1jx8T8+suGG+fcUG1/SkrK/BcXXD95+tmEhMu5/huvv1LrQL2V33wrGw/cf49pOihFR/fsFR0thMjNzcvLy5PJ5Y9r18mjTz35uGk6KN18042ycfjIkcspGAAAAAAAAEBNjCAEAMCmBAYEvPjCc08+/tiff/29+dctP61brxw6FRs77857165Z5ebm1oArP/Tg/bUO2jMYDEeOHpNtN1e3g4cOm7lIQmKir69vQkKisqeqstLMKfHxZyorK5WBjwAAAAAAAAAuH39uAwDABrm4OI+57tox11370vzn1qz96a23/yfnEU1ITFy85Kv777unAddsV8eUnhkZmUr72efnm79Iamp6r+joM2f/GcgoZx81IysrOyQkuJ7FAgAAAAAAAKgTASEAALbMw8Pj5hvnDOjXb+qMG2RGeODgocZ9idy8PKXt5+drpqeDg0PbthFCiJxzORae4uPj4+trrgMAAAAAAACA+iIgBADA9nXoEDn7hpmfL1oshNh/4GDjXrx1UJDS3rxpvbe39yVPCQ0JkY1OHTtuWLemcesBAAAAAAAAYJ7a2gUAAIAroUNke9nw8HBv3Cv7+7dSFjVMTEq25JSIiDaycSo2tqqqqnHrAQAAAAAAAGAeASEAAHZBWfbv6m7dGv3iUR0iZWPbtu2W9G8T3kZp79t/oNHrAQAAAAAAAGAGASEAALZgw8ZN7aO6LHj19bIyXc2jaWnpn362SLa7dO5U6xV0ulpOtNDQIdfIxrvvLczOyblUd+Hi4tyndy/Zfv2N/xoMhvq+oq622wQAAAAAAABgCQJCAABavILCwqeeeV4IseTLpWPGX79+w0bTeTu379g599Y7ZNvNzW3WzBmm53p6eMrGtm07ZCM7J6ekpKReBdx++61+fr6yfedd9yb9e6LR0tLSjz75rO+AwXIRROmF55+VjSNHjz3x1LPFxcWmp2RkZD71zHN9BwzeuWu36X4Pdw/Z+O33P5SLZ2Vn16taAAAAAAAAwM6pjEajtWsAAACXJT8//+57H9i7b7/pzk4dO3p4uJ9NSMjNzVN2vvXm65MnTTTtduc9923Z8rtsT5ww3tPTY/mKlb2io7/5eqlarRZCxIydEB9/Rgix8L13x46JqauGTT9vvu+B/yibk66f0DEqSqVSnTl7dtXqH5T9O7b9GRgQINsvvvTK0uUrZDsoKHDE8GHt27UrLi4+cvSYkv+1jYjYsnmjcvrSZStefPkV2e7Xr2+P7lev/v4Hna78jy2/KAklAAAAAAAAAPMICAEAsAVVVVWLv1z6+hv/NdNn/gvP3jj7BpVKZbpz+46dN99ye83O365c3rtXtOUBoRBi/YaNTz/7gpnRhx9/+P61o0cpm3q9/sOPP/3gw4/r6h8WFrbos48j27dT9uTm5g0fFVPzJR55+D/33DXPTG0AAAAAAAAAFJr58+dbuwYAAHC51Gp1r+ieMdeOqqysTExKrqioUA6FhYWNHjXys48/HDxoYLV0UAgRHhYWFBS4a/ce5ZTIyPbvvPXmgP795ObyFSvz8vKFEJMnTWzXtq2ZGqKiOkyZMun8+fOlpWUFBQXK/sjI9jffOOeD99+9qmtX0/4ajWZA/37Dhg7JzcsrLCwsKytTDvXr1/e+e+565eX5/v6tTE9xdXXp27f3rt17i4qK5B4/P98nHn/k1rk3yfGOAAAAAAAAAC6JEYQAANiaqqqqc7m5uedyhRARbSNcXVwueUplZWVqapperw8Obu3u7n75NZSWlSUnJzs6Orbya+Xp6WHJKfn5+RkZmR6eHq38Wrm4OJvpaTAYsrNzCgoL/Hz9qiWIAAAAAAAAAC6JgBAAAAAAAAAAAACwI0zGBQAAAAAAAAAAANgRAkIAAAAAAAAAAADAjhAQAgAAAAAAAAAAAHaEgBAAAAAAAAAAAACwIwSEAAAAAAAAAAAAgB0hIAQAAAAAAAAAAADsCAEhAAAAAAAAAAAAYEcICAEAAAAAAAAAAAA7QkAIAAAAAAAAAAAA2BECQgAAAAAAAAAAAMCOEBACAAAAAAAAAAAAdoSAEAAAAAAAAAAAALAjBIQAAAAAAAAAAACAHSEgBAAAAAAAAAAAAOwIASEAAAAAAAAAAABgRwgIAQAAAAAAAAAAADtCQAgAAAAAAAAAAADYEQJCAAAAAAAAAAAAwI4QEAIAAAAAAAAAAAB2hIAQAAAAAAAAAAAAsCMEhAAAAAAAAAAAAIAdISAEAAAAAAAAAAAA7AgBIQAAAAAAAAAAAGBHCAgBAAAAAAAAAAAAO0JACAAAAAAAAAAAANgRAkIAAAAAAAAAAADAjmitXQAAAGhaVQZDUVFxcWlZWVm5vqKissoghNHaRQEAAABoVlRajdrRwcHFxcnd1cXT012jZlwBAAC2TGU08idCAABsk05XnpNXkJtfRCIIAAAAoD5Ufj6e/r7ezs5O1q4EAAA0CQJCAABsU3pmTnZuvrWrAAAAANCCBfj5BAf5W7sKAADQ+AgIAQCwNTpdeXJaVqlOZ+1CAAAAALR4rs7O4SGBDCUEAMDGEBACAGBTSkrLEpLTK6uqTHc6OTp6e7q7u7k6OztqtVqV9coDAAAA0AwZhaisrNTp9MUlpQVFxeV6velRrUbTNjzYzdXFegUCAIBGRkAIAIDt0OnK4xNTTdNBJ0fHoAA/Hy8Pq9YFAAAAoCXJLzyfmZ1rGhNqNZrIiFDGEQIAYDMICAEAsB1xZ5JNZxb18/EKDQ5kvCAAAACA+jIKkZqelZtfqOxxdXaOah9u1aIAAECjUVu7AAAA0DjSM3NM08HAVr5hpIMAAAAAGkQlRFhwYGArX2VPqU6Xnplj1aIAAECjISAEAMAW6HTl2bn5yqafj1frwFZWrQgAAABAi9c6sJWfj5eymZ2br9OVW7UiAADQOAgIAQCwBTl5BUrbydExNDjQquUAAAAAsBGhwYFOjo7KpulHDwAA0HIREAIA0OJVGQy5+UXKZlCAHzOLAgAAAGgUKiGCAvyUzdz8oiqDwaoVAQCARkBACABAi1dUVCyEUbadHB19vDysXREAAAAA2+Hj5WEyiNBYVFRs3XoAAMDlIyAEAKDFKy4tU9renu5WrQUAAACADTL9oGH6AQQAALRQBIQAALR4ZWXlStvdzdWqtQAAAACwQaYfNEw/gAAAgBaKgBAAgBZPX1GhtJ2dHc32BQAAAIB6M/2gYfoBBAAAtFAEhAAAtHiVVQalrdVqrVoLAAAAABtk+kHD9AMIAABooQgIAQCwAUalpbJqHQAAAABs0r8/aBjr7AcAAFoIAkIAAAAAAAAAAADAjhAQAgAAAAAAAAAAAHaEgBAAAAAAAAAAAACwIwSEAAAAAAAAAAAAgB0hIAQAAAAAAAAAAADsCAEhAAAAAAAAAAAAYEcICAEAAAAAAAAAAAA7QkAIAAAAAAAAAAAA2BECQgAAAAAAAAAAAMCOEBACAAAAAAAAAAAAdoSAEAAAAAAAAAAAALAjWmsXAAAAWpi8/IIzZxOFEIGB/uGhIZfsn56RmZGZnZGVXVFR0TowoHXrwLCQYLX6Ev9LyWAwJKemZWZmZ2bnaNTq1kGBrVsHhrQOqm+1ZxKSSktLhRChIcE+3l6X7J+UklpUdF4IEdw6yM/Xp16vZTAYTsXFV1VVCSHCw0K9PD3qW60iKztn/c9bKioqhl0zsFNUZIOvY4mCwqK09IzU9Izi4pLgoMCQkNZBgQGODg5N+qIAAAAAAACwIgJCAABQD4nJKR98sriislIIMah/H/MBYWJyynff/5SWkVltv6enxw3TJnXpFFXXiYeOHl+9Zt354pJq+0NDWs+cer0lqaR0Ki7+40VfyfaMKRMH9e9zyVMWfvyFvDsHrfbl555wcXG28LWEEN+v3bBt5x7Znjt7RnSPbpafa8poNL730aKS0lIhxMnY0/OfftSSaLMBCgqLln+z+vSZhJqHevfsPm3S+HrdPgAAAAAAAFoKphgFAACWOnT0+LsffCbzs0vavmvvux98VjMdFEIUFZ3/dPGyn7f8UeuJK1etWbLsm5rpoBAiNS3j7fc/ORUXb0kBRUXnF325wpKetaqorFz/86+W9z+Xm6ekg5epuKREpoNSRmZWo1y2mrj4sy++9nat6aAQYt/Bw8+9/MbR4yer7f/o8y+ffen1rTt2N0VJAAAAAAAAuDIYQQgAACyy5c+t6zZutrBzQlLydz/8pGz26dWjfUQboxBx8WcPHj4qd27a/HunDpERbcJMT9y+a++uvQdkW61WDxnUPyQ4SKcrP3z0ePzZRLl/0Zcrnn/qEU8PdzMFGI3GT5csszDLrMu2nXuGDxnUys/Xks7fr91wOa9lyt3NzcXZuUynk5tBgQGNdWWFTle+eOlKg8EgNwP8W0VFtvNwd885l3v8ZKx86YrKylNx8d26dlbOqqisjD19pukySwAAAAAAAFwZBIQAAOASjEbjN6t/VHI7SyxbuVo2nBwdH3/oXiVjG9iv9/AhA99Z+Knc/GHdxofvu1M5S6/XK7FiYID/Q/fOU6a4HDKo/669B1auWiNjqv0HDw8fMshMAT9t3JyallHPG63FqjXr7r5j7iW7JSalnDgVd/kvJ6lUqofum7f+5y16vX74kEG+Pt6NdWXFxs2/KQHkrGmTBvTtpRwyGAw7du+Teed1o4ebnpWXl9/olQAAAAAAAODKIyAEAADm6PX6TxcvU0bv+fn6ODk6ppsdQJaXX5B7MUm6646bq43AaxMWOmrYNVv+3CqESE//1wSkphnb/XfdXm0BvP59onfu2ZeYlCKEOJuYbCYgPHEq7ve/tsl2ZLsIpfgGOBUXfyYhqX3bNua7ffv92ga/RK0CA/xvv/mGxr2mKTkQUAjRq+fVpumgHLg5eEDfvr16VFZVubq4mB7KOZfbdCUBAAAAAADgimENQgAAYM5b73+iBGwd2rd98uH7PD09zJ9y6Mgx2Wjl59suopZorVPHDrJRUVmZX1Co7N9/6MLso3169fBwd6t5Yof27WQjKzunrlcvLCxavHSlbI8fM7pNeFhdPc1Tqy/8mvTN6h+NRqOZnoePnTCfmDY3RqMxMytbtjtFRdbax9HRsVo6KNdZbPrqAAAAAAAA0OQYQQgAAMyJimwn07hB/ftMnzxBpVJd8pSOHdqPuXZEUdH5QQP61trByclRaVdVVSntQf37BLTyq6isHD1iSO2XvhjUedURUhoMhk8XX1h6sF1E+Khh16zb9OslC67V9eNi1qzbJITIzjm398Chvr161vWKqy5Oi9qlU1RefoGSvdVUUFB4MvZ0UmpaSmpaYWFRUGBAeGjI0MEDvLw8q/U8cSru4OFjQoiw0OAhg/or+/fuPxQXf9bXxztm1DC1Wl1QWHQq9nRs/JmExGQvL8+I8LC+vXqEBLc2f2sqlUqtVssFCDMy66zWVLlen5ubp4w7zM3LPxUXrxxtGxHu5OhY99kAAAAAAABoXggIAQCAOZMnjPHy8vTz8Ynu0c3CU0KCW5vPqEwjND9fH6XdKSqyrgFtctzb8ZOxsh0aElxrn7UbfknLyJRrH94+d7YlcWZdIttFdOkUJWc9/WHtxp7duzloa/nFaeuO3eeLS2R76vXjPv9yRV3F/7Vt59oNv8hYTjpfnHD6TMIfW3fMnT29x9VXmfY/GXt6z/6DQoi8/HzTgPBk3On9B48IIUJDWpeWlX393RrlUH5BYWJSyp9bd0yeMGbYNQPN311QgL8c9bh1+65ePa4ODTH39TqbmPTeR4tM95yKizcNCB978O66viIAAAAAAABohphiFAAAmKPRaEYPH2J5OmiJbTv3yEaAfysLMzyDwbB2wy/KTJ7DawvAjp+M/XPrDtm+45Y57m61TFJaL1OvHycbZTrdlt//rtmhXK9ft3GzbA/s17vaaouK0rKyt97/eM26TUo66KDVKlOYGgyGJcu/VVZttNCKb39Q0kG1Wq1cTQixZt2ms4nJ5k9vGxEuGxWVlW8v/OSnjZvPFxfX1VlbWzIKAAAAAACAlos/9wAAgCsqISk5KTlVtq8bNdx858ys7IzMrKzsc39v31VSWip33jJnRs11EAsKi5Ys+0a2RwwdHBXZ7vJLbeXne83Aflt37BZCbP79r8ED+3q4u5t22LT5dzmdqVqtHj9mdF3X0Wg0WVkXFk0cds3AkcOu8fRwl4nmoq++lqnh92s3zLv1RstrK9PphBD9+0QPGtA3LCRYCHHw8LFl36y+eLX1jz14j5nTx48ZfeDQUXkRg8Hw259bf/tza/u2bfr2jo7ufpXjv+cLDQ8NefrRByqrqr5Z/WNySpoQ4uqrulw3+p+vXYB/K8srBwAAAAAAgNUREAIAgCtHpyv/fMmFSTh9vL0uOTDx8y9XnMvNUzZb+fnedtOsmvOXGgyGjxd9JbO64KDACXVndfU1LmbUrj37KyorDQbDj+t+vumGacqhwsKiP/7eLtsxo4a5ubrWdREnR8cH7rnj2PFTvaO7m2ZpXTt3HBczUq6SGHdxeT/LzZk5xXRlxOge3c7l5m34ZYsQIjUto6qqSqPR1HWuq4vL3f8399MvlimxqxDiTELSmYSkb79f27tn94njrjVNQwMD/OVZctPD3S2kdVB9CwYAAAAAAEAzwRSjAADgCjEYDJ8tuZBIqdXqu++YW981As/l5n3z/dqCgsJq+9es2yTXNVSr1XfedpPpfJuXycXFedx1o2R738HDyhynQog16zdd6OPsPHLYNeavEx4aMjZmZM2RdsrSgxWVlaVlZZYX1r1bV9N0UOrbq4fSvuScpW3CQuc//ciIoYOd/j1e0GAw7Nl/8PkF/91/6Ijl9QAAAAAAAKAFISAEAABXgtFoXLzsmzMJSXJz7uzpclCaeTOnXj9p/HVDBvVXOienpC1483/ZOeeUPkePn/x7+y7ZvuXGmd7eXo1b+dDBAzzcLyxn+M3qH2UjPSPz4OFjsj1p/HUODV2lz8ek2oLCIstPrDVZ9fLyrNfVHB0drx8X8/pLz9x52029el5tehcGg2Hp16uSUlItLwkAAAAAAAAtBVOMAgCAJmc0Gpd9s/ro8ZNyc/rkCcrIOfOiItspqwmeiov/dPEyg8FQUVm5as26e+fdKoTILyhcfHHpwf59ortf1aXRi1er1dOnTFy8dKUQIik59cSpuC6dor794Sd51Mfbq1+f6Hpd0Gg0FhWdz80vyMvPzzcdDWk0XmappiMy5WKEllCr1V06RXXpFFU1o2r/oSM/rvtZmXd0+TffP/PYg5dZFQAAAAAAAJobAkIAANC0jEbj8m++33/wwnyVE8deO3hA3wZcp1NU5LRJ47/74SchRFz82ZKSUjc312UrVylJWEFh0WdLllc7Ky09QzZ+/f2v4ydjhRDeXp4zpkys10t3v6pLSOugtIxMIcS336+dM3NqYlKKPDRjykQLJ0rV6/W79x3cd/Cwcm41lxsPXjaNRtO3V8+unTu+s/BTufRjds4582sZAgAAAAAAoCUiIAQAAE1IpoP7Dh6Wm2NjRl5yuT4zort3++7i0L2snJx2bm0cHByUo6fi4s2cm19QKIfrubm61jcgFELMmj7p7fc/kTHkh58tkTvDw0K6dIqy5PTk1LT3P1pUUVlputPF2dnNzVVGcc2Hm6vr2JiRS79eJTczMrNDQ1pbuygAAAAAAAA0JgJCAADQVIxG44pvf1DSwZiRw2JGDqur8/ni4j/+3hEXf6ZPdI+hgwfU2sfJyVFp63TlQohePa+Oiz9r+XSaQgg/P5/63MQF4aEh3bp2VmZJlWZOud6ScxOTUt77eJEs0sPd7ZqB/btd1Tk4KFAeffDx52TDonGIV0RI6yCl7ejoYLYvAAAAAAAAWh4CQgAA0FRWfPfD3gOHZHvk0MFjY0aa6Xwy9vRvf24VQqSkpl99VRcfb6+afZJT0pR2eFiIEKJvr559e/U0c9mfNm6Wl50xZeKg/n0u427EtOvHmQaEV1/VxcKhdb/89qdMByPahN3zf7c4OTpacJI1ZWRmKW3/Vn5WrQUAAAAAAACNT23tAgAAgG36+rs1e/dfSAeHDh4wcVyM+f7R3bup1Rd+M1m2cpXRWH1JPqPR+O33a2XbxdnZ3c2tCao2x9vba9g1A5XNKRPHWnji6fizsnHtiKHV0sFyvb5Ra7RIekbmQ0++8N/3Pqp1dtOqqqof1/8s2wH+rWpdYVFfUdH0ZQIAAAAAAKCpEBACAIDGt3LVmt37Dsj2oP59xoweUVJSJiC1PAAAIABJREFUWvOfnCZU0mq1Qwb1l+0zCUmff7mipLRUOVpUdH7hJ1+kXxzZ1r9vryt7QxdcPy5m7LUjO3Zo//D9d9Y6xrFWjhdDwbz8AtP9hYVFb733sbJZPRFtMl99vcpgMKSmZbzy3/fWbviltLRMOZSRmfXOB58WFBbJzfFjRpue6OLiLBsnTsbJhk5XLld2BAAAAAAAQAvCFKMAAOASDhw6Gn82QdlMS8+QjVNx8d/98JNsOzs5jR8zWg4BXLNu0669B5T+23ft3b5rb10XH3/dqNEjhsr2hDGjj504JYe1HT8Z++xLb7QODPD19cnOOZeVnaOcEhwUOHHstU1wo5emVqtjRtW5jGJdwkKDT8XFCyF++GmjnBy1Ql9x+NiJbTv31Gv1xMYSFOCfmZUthDAYDL//te33v7a5ODt7eXkWFhaV6XRKt66dO3a/qsu/TwyQjZLS0lffer9tm7D9B49UGQzzn37Uy9Pjit8HAAAAAAAAGoiAEAAAXMLxk7H7Dh6uuT83L980+Rs1Yoiri4vRaPxz6w7LL56QlKK0tVrtvfNufe+jz+UINoPBkJaRmZaRado/NKT1nbfepExG2iJMHBcjA0KDwbD6x/Wmh9pFhKtUqjMJSVeynltvmnXw8LEV335fUVkp95TpdKbRoBCiR7eus6ZNqnbigH69lfUUs7JzlNT2j7+3Txp/3ZUqHwAAAAAAAJeLgBAAAFyCRqOxvHPNtQPrxdfH+4WnHtm6Y/evv/91vrjE9FCAf6vxY0ZXG9PWdBwcHBp0Vi2/XIW0Drp33q0rvv1embpTCOHj7TXm2hH9ekfvP3REBoSa2lJPx3+vWfjPCzk2pDxFz+5XtW/bZsPm3w4fOW4aDTpotYGB/hPHxnTs0L7mWV6eHnfedtOXy79VTnHQakePHDp6+JDLKQYAAAAAAABXmOoy/4oHAACs7tDxOKXdo2uUVWtpTBWVlRmZWTpdeSs/Xx9vL5VKZe2KLldR0fmcc7laB62Pt7enh7u1y7mgqOh8QVGRXl8R4N/KkqqMRmNefkFxSYmXp6e3l+cVqREAAADWZ6ufOwAAsE+MIAQAAM2Ug1YbHhpi7Soak6enh2fzW6uvvlWpVCo/Xx8/X5+mLAoAAAAAAABNqCWt3wMAAAAAAAAAAADgMhEQAgAAAAAAAAAAAHaEgBAAAAAAAAAAAACwIwSEAAAAAAAAAAAAgB0hIAQAAAAAAAAAAADsCAEhAAAAAAAAAAAAYEcICAEAAAAAAAAAAAA7QkAIAAAAAAAAAAAA2BECQgAAAAAAAAAAAMCOEBACAAAAAAAAAAAAdoSAEAAAG6BSWkar1gEAAADAJv37g4aqzn4AAKCFICAEAKDF02r+eaBXVlZatRYAAAAANsj0g4bpBxAAANBC8TgHAKDFc3RwUNo6nd6qtQAAAACwQaYfNEw/gAAAgBaKgBAAgBbPxcVJaReXlFq1FgAAAAA2yPSDhukHEAAA0EIREAIA0OK5u7oo7YKiYqvWAgAAAMAGmX7QMP0AAgAAWigCQgAAWjxPT3chVLJdrtfnF563dkUAAAAAbEd+4flyvTLFqMrT09269QAAgMtHQAgAQIunUav9fDyVzczsXKNV6wEAAABgM4xCZGbnKpt+Pp4aNX9RBACgxeNxDgCALfD39Vba5Xp9anqWVcsBAAAAYCNS07NMhg/+66MHAABouQgIAQCwBc7OTgF+Pspmbn5hRtY5q1YEAAAAoMXLyDqXm1+obAb4+Tg7O1m1IgAA0DgICAEAsBHBQf6uzs7KZta5vJT0LOYaBQAAANAARiFS0rOyzuUpe1ydnYOD/K1aFAAAaDQqo5G/HAIAYCN0uvL4xNTKqiplj5OjY1CAn4+Xh1XrAgAAANCS5Beez8zONZ1ZVKvRREaEMnwQAACbQUAIAIBNKSktS0hON80IZUzo7enu7ubq7Oyo1WpV1isPAAAAQDNkFKKyslKn0xeXlBYUFZtGgzIdbBse7ObqYr0CAQBAIyMgBADA1uh05clpWaU6nbULAQAAANDiuTo7h4cEMnYQAAAbQ0AIAIBtSs/Myc7Nt3YVAAAAAFqwAD8f1h0EAMAmERACAGCzdLrynLyC3PwiIXjcAwAAALCcys/H09/Xm4GDAADYKgJCAABsXJXBUFRUXFxaVlZWrq+oqKwykBcCAAAA+DeVVqN2dHBwcXFyd3Xx9HTXqNXWLgkAADQhAkIAAAAAAAAAAADAjvBfgQAAAAAAAAAAAAA7QkAIAAAAAAAAAAAA2BECQgAAAAAAAAAAAMCOEBACAAAAAAAAAAAAdoSAEAAAAAAAAAAAALAjBIQAAAAAAAAAAACAHSEgBAAAAAAAAAAAAOwIASEAAAAAAAAAAABgRwgIAQAAAAAAAAAAADtCQAgAAAAAAAAAAADYEQJCAAAAAAAAAAAAwI5orV0AAABoQjk55w4dPpyTcy43N9fZxaVjhw4dOkQGBQWqVKqanVNSUj5btFinK581c1qv6Ghr1AsAsAUGgyEtLS3+zNnTp+OFEJGR7SPbtw8JCdZoNNYuDUALU1FRsWfvvnqdotVo+vXrK9v8fgsAAFAXldFotHYNAACg8W3dtv2dd987cvRYzUNubm6DBg546onHwsPDlJ1Go3F0zLiExES5uWPbn4EBAVewXgCAjThx4uSTzzx3/PiJavvd3NyefvKxGdOnqdXMZAPAUqdiY8dNmFyvU9zc3I4c3MvvtwAAAObxwQwAAFtTWFj01DPP3XLb/9WaDgohSkpKNv+6ZfiomKXLVlRVVV08q1D564kQIjExyfSUgsLCaTNuiBk7IT7+TBOXDwBowZavWDlh0tSa6aB8+jzz3PxZs29OSko23d8UjxgeW4A9CwsNlQ3zv98CAADYOaYYBQDApuzatfuBhx7Jzc0z3Xl1t6uuuqqrh4dHdnb231u3KUdffPmV2Ni4Vxa8KITw8vIKCwtLSUmRhyLahJteITY27uChw0KIrOzsyMj2V/CGAAAtxqnY2BdefFnZHDf2ui6dO2sdtAlnE9dt2FhSUiKE2H/gQGpaWhuTp0xTPGJ4bAE2w8fb+9Zbbjbfx2AwfLV0ubJ5260X+pv//RYAAMDOERACAGA7cnLOzbv7PvkXWCGEn5/v668uGDrkGtM1n4xG446du1597c1TsbFCiFmzpsv9KpVq6ZJFn3+xuKysbNbMGYGBgaZXTk9Pv7K3AgBoeV5a8Jps+Pn5LvtqcceoKOXQM08/8fkXS95f+GG/fn0HDRxgelZTPGJ4bAE2IzAw8NmnnzTfZ9XqH5T2dTHXTp1yYUpS87/fAgAA2DkCQgAAbMeCV19X0sHx48a+OP85by+van1UKtWggQPWrlm15sefAgL8u111lXIoPDzs5RdfqPXKKSmpTVk4AKDF0+v1u3fvke0FL803TQeFEK6urg/ef++tc292cXGudmJTPGJ4bAH2IzEx6cmnn5VtPz/fV16eb3rUzO+3AAAAdo6AEAAAG/HX31vXb9go23169/rfO/9VqVR1ddZqtdOnTbH84skXp2YCAKBWZ84mKO3evaJr7ePp6VFzZ1M8YnhsAXaioqLioUceUzbfe/dtb29vq1YEAADQYhAQAgBgCwwGw9PPPq9svjj/OTPpYF327N33+x9/CiE6RkVNnjRR7iwsLMrIzDh67LjcjI2Nc3Z2km21WtOzR/d331tYXl6uUqlGDB/Wp3evWq9cVVW1+Mulubm5KpXq9ltvadXKr0F3CQBovjRqtdJOTEzy9fW95CmXfMSYdi4r0+3avfvkqdiTJ0/GnY4PCw3t2rXLdTHXdu7UscHXlOsmHjp85PjxEwkJic7Ozl26dL66W7eRI4Y14DEK4Mpb+OHHR44ek+07590xoH+/ah1q/f1WCPHrlt/2HzgYFBh4042zNRpNfn7+nr37du/Zu2//AT9f3+iePa65ZnCP7ldf2bsBAAC4olRGo9HaNQAAgMt1KjZ23IQLq63cduvcZ556ogEXWfjBR/97/wMhxLix173/v3eEEEu+XLrg1dfr6u/m5nbk4N4nn35Wrvvi5ua2d9c2Jyenmj03bvrl/gcfkn12bf/L1dW1AeUBAJqzioqKTl0vxG/9+vX95MOFtY4XVFjyiFE2Dxw4+PBjT6bUNi7w8UcfvnPeHQ24Znl5+bvvLfx80eKaPQcPGrjg5flhoaFm6gdgdXv37Z81+ybZ7tq1y+pvv3Z0dKzWp+bvt9KCV19f8uVSIcTSL7/QarX/d+c9ykT9imeeeuK2W+c2/X0AAABYh9qCPgAAoLnbuXO30h4+bGhjXbbWtK+am2+cIxslJSWbf91Sa5/lX6+UjTmzZ5EOAoBNcnBwUMbn7d69Z8q0mWt/Wq/X6+vqb8kjRnrr7f9NnzVHSQfd3Nz8/P4ZnvjmW+/8uuW3+l6zqOj8lGmzlHQwLCxs5IjhvaIvzIy6bfuOcRMmFxQUWHg1AFdeYWHRfx5+VNl89+03a6aDlnj3f+/PvnFuzXRQCPHKa298/sWSyysTAACg+WKKUQAAbEFKaqrSbte2bWNddsb0qf379zUajZOnzpR/N3n91QXR0T3kUY1aI4To0qVzv359d+/eI4RYvOSrCePHVbvI6dPx8qgQYvasGY1VGwCguXlp/vMTJk2V7YTExIcfffy5F16cOnnSmDExvXtFq9X/+v+pljxipOSUZNmYOmXyXXfeIR9zKampDzz4sJxa8JXX3hwxfJhGo7H8mh9+9Mmp2FgZN7715mvXjh4l92dlZz/y6BM7d+0uKSn571vvvrLgxSZ+zwA00PyXFmRmZsn2gpfmt2/XrmHXOXjosBDi7jvnTZgwtkNkpNFo3LV7z933PiB/hiz84KM5s2e5urg0ZukAAADNAyMIAQCwBefOnVPagYEBjXVZrVbbrm3b9u3aKQs4BQe3bt+unfwXEdFG7rztlguTLx05euzwkaPVLrLy2+9kY9SoEWFhYY1VGwCguenSpfPC9951c3NT9pSUlCxdvuKGOTePGD1m2YqvKysrlUMWPmKEEC++8NxTTz62+ruVb77+ivKfYMJCQ9947RXZTklJSUlJtfya8fFnFi2+MCro4w/fV9JBIURgQMBHH7wvb+Gb71YlJSU32bsFoOF+XLvup3XrZXvUqBGzZk6/nKu9suDFRx/5T8eoKLVardFoBg0csHzphR8RJSUl3/+wpjFKBgAAaHYICAEAsAU6XblshIWFqVSqK/zqw4cNUZK/FV9/Y3qopKTkq6XLZfvWm2+6woUBAK6wsWNifv1lw41zbqi2PyXl/9m7z/goyrUPwJNCCAQIIUhHehOwYOGoqNgFGx4r6mvvFRVRjhV7710sx3bsYG/YsQvYQBGEUKQaekIoyb4fxrPuCcUNBDabva6fH+55dmb23nWcwf3zzEy7csg1Bx506KTJkyu6z7y8vJNOOD56/9Kojh07NGnSOKynTK1Akjf8ldfCYtfeu+y4w/blXq1Xr+5JJxwX1r9OmFDRboENbdq0aRdc+OfztvPzG1x/zVXr86ffg/950BGHlc8XN+/ebdtttg7rL7/8ej2aBQCougSEAFAdtG7156yIadOmxc7P2DgyMjJOPOHPSYQvvTzsjz8Koy+9/uZbYdG+fbuePbfbyI0BsPE1btRoyBWX/fT96HvuuuOA/feLfemX8eNPOfXM1T7ra920+u/lb86cufFvFY39mjZtMua771f9Z9HixeEKE3/7rbJaBSpFaWnpBRcOji7eevONDRo0WOsWf6NWrezVju++265hEXsnfwCA6sQzCAGgOmjfvl20njptWiU+hjBO/Q7Y/8oh14T1Cy+9dPqpp4T1E088HRYnHn/cxp/aCECi1KqV3Wefvfrss9dVV1427JVXb7n1jjAXnFxQ8Ohj/z77rDPWec8LFy6aPXv27DlzZs6cNWf2nHAwEonEv4ex48aFxTP/ee6Z/zy3ljWnT/t9nfsENoT77n9w1OjRYX3C8cfu1GvHDfRGjRr9edP+goIpG+gtAAASS0AIANVBu3Z/JYIFBVM2fkBYt27dk044Pnyk02OPP3HyiSdkZmaOHj3ml/HjgyDIycnZf799N3JLAFQFdevWPeboo7bv2fPgw/qHGeHoMd9VdCeRSGTkZ5+//c57r73+xmonIEaCCgSEs2bNDoucnJzo0wpXq1u3rhVtFdhwxnz3/R133RPWnTt1Gnj+gA33Xg0a5IVFUVHR0qUla5poCACQvASEAFAdxCaCL7z48m679t74PRx15BFhQFhYOG/E+x/ss/dezzz757SM/zv6SL+qAKSyDh3aH9n/8IeHPhoEwajRYyq07aJFi88465wvvvwqdjA/v0HzZs1+mzR5HW5Y2qZ168kFBUEQ3HbLTXvsvmtFNwcSYsmSJWed81ciePutN9WsubaAfz0tXLgwWvtzLABQLXkGIQBUB3l5eV27bhbW77434rPPv9j4PWy6acu99twjrB//95OFhfOGDX81XDzyiMM3fj8AVCkd/ns37Lp168S/1cKFi/ofdUyYDubk5Aw456wXn//Prz//+PUXI4e99Pw2W/cIV0sLKnAX6y5dOoVFGBMCSWHI1ddFp/9eecWlHTt22KBvN3PmrLDYvHu3DfpGAACJIiAEgGpiyBWXResrrry6pKRk7esvW7Zs5cqVldvD8ccdExbffDvqxptvDeu+ffZu3rxZ5b4RAEnnt0mTw2Lz7t3j3+qDDz8M71bdsmXLt9949eyzzthqyy0yMjLWp5O2bduGxYcffbw++wE2mjfefOvlYcPDetfeuxx9ZP8N/Y4jP/s8LNq1a7uh3wsAICEEhABQTWy15RaHHXpwWE8uKDj40P7jf/11TSt/OvKzbf/Ra5++B8ybN69C77L23HG7bbfp3OnPaRkvvTwsLP7v6KMq9BYAJKM33nyrXcfNrrnuhqVLV3Ol+P33GQ8+NDSsN+vSebV7WO0lJjon/uCDDmzWrGm5V5cs+Zv7i652nzv8o2dYfPXV1zJCqPpmzJg5+JLLwzonJ+eG665JS6vApOG1Ky5euurgTz+NjQaEu+y8U2W9FwBAlSIgBIDq44LzBuTk5IT1L+PH992v3/0PPvTTT2OjP4+WlpZ+/8OPAwddfNwJJxcVFU0uKLhiyNXx7Lle3XphMXLkn7+VzJk7d7WPfTr5pBNiFzt36rTdttus38cCoKpbsHBh+PP9Y48/0We/A19/483S0tLoq599/sWxx58U1jk5OUccfljstmu/xNStUzcsZsycGbvV8uXLr7nuhlGjR4eLkSAS/z579tyub5+9w/qiwZd8OvKz2G1LS0vfePOtPfbqe+bZA2I/BZAQpaWl5w8cFP3v9+47b2vYML8S9//ysOH3PfBQ7Mhvkyadde75Yd2mdeu+ffapxLcDAKg6MhPdAABQaRo2zH/huafPv+Ci8G5sQRDccusdt9x6R/jrxqoPW+q14w6XX3pJPHtu175tuO0TTz29YOHCevXqPvX0f7bu0ePZZ55IT/+fv2/UZ5+9rrvhxsLCPycmnnD8MZX3+QCooiJlZZt16fzNt6OCIJg2bdq55w0897yBnTt1qlu3zqTJk6MXhfCG2Jts0jB227VfYqJP2H3+hZdatGjRe+ed0jMyvv/++6GPPL6WJwj+7WXr4kEXvvnWO0EQFBbOO+6Ek3ftvUv37t1y69Wb/vvvb739Tvics8kFBe+NeH+fvffakN8c8Deeefa58NwSuvCiwX+7ySEH/3PQwPPjf4tbb7vjo48+2X77npkZGTNmznzjzbejeeRFgy5Yz3saAwBUWQJCAKhWOnXs+PKLz955973RO7mFVv0V9fwB55x26slx/uRxzNFHjRjxQVi/+trrYTFq9OjRY77bZusesWvWrFnzqCP733X3veE0kb59+qzfBwIgCeTl5T395OOPPv7EDTfeHB2M/m2VqCuvuLTfgfuXG1z7JWbfvn0efuTRiRN/C4LgttvvvO32O6Mbtmndum/ffe6974FV+/nby1bz5s1eHfbi+RdeFO75w48+XvVeo2ecdspee+6xjt8IUEneeOOt2MXYv3CwJpMnr/FvD6zJqNGjozOSo+6+8/Y999i9orsCAEgWbjEKANVNzZo1Bw08/4Vnnz7s0IOjdxyNys9vcPRR/V964dkzzzhtTelgdnatciM77rD9dddeFbu39u3bPf7ow+XSwdDM/94F7vjjjqlVK3u9PxAASSAjI+PkE49/47Vhq159WrZsefA/D/r0o/f/76gjV31y2NovMbVqZT829KF9+/7PLf6aNGl88aCBb7w27Kj+h4cbZv7vFS2ey1bXrpu9OuzFAeectXn3brHb5uc3OLL/4e+89foF5w8oN0se2PjSK2kC36p/vg0dfVT/Z595cusef50c8vMb7Nt3n9dfHRa9FzEAQLWUFolE4lgNAEhKpaWl8+cvmDdvXlFxcW5uvQZ5efXq1VvnnztXrlw5ffrvy5cvb9asaZ06dVa7zqxZs3fcedewHvnxB02bNlmP9gFISqWlpX8UFhb+URgEQes2rWvXWv3v8rH+9hJTVFQ0bfr0lStW5ufnN2nSeNWgcR32GdvwlKlTS1eW5uXlVe7jzYCq6Zrrbnjs8SfCgHDIFZeF54GCKVNyauc0adI40d0BAGwMbjEKANVZRkZGw4b5lfVbZ2ZmZuvWrda+zhNPPR0W+/bdRzoIkJoyMjIaN2rUuFGj+Df520tMTk5O506dKtRGPJetUEZGRts2bSq0c6CaycjIaNe2baK7AADYeNwvBQCoNIsWLY4++/DYY45OdDsAAAAAwGoICAGASvPcCy+GRdeum8U+ygUAAAAAqDoEhABA5Vi2bNnDQx8J6xOOOzbR7QAAAAAAq+cZhABA5Vi4aNEpJ58YBEF+gwYH7L9votsBAIDV223X3k2aNA6CYIvNN090LwAAiZEWiUQS3QMAAAAAAACwkbjFKAAAAAAAAKQQASEAAAAAAACkEAEhAAAAAAAApBABIQAAAAAAAKQQASEAAAAAAACkEAEhAAAAAAAApBABIQAAAAAAAKQQASEAAAAAAACkEAEhAAAAAAAApBABIQAAAAAAAKQQASEAAAAAAACkEAEhAAAAAAAApBABIQAAAAAAAKQQASEAAAAAAACkEAEhAAAAAAAApBABIQAAAAAAAKQQASEAAAAAAACkEAEhAAAAAAAApBABIQAAAAAAAKQQASEAAAAAAACkEAEhAAAAAAAApJDMRDcAAGxYpWVlixYtWVK8dOnSZctXrFhZWhYEkUQ3BUA5aZkZ6Vk1atSqVbNO7Vr16tXJSK8+f5vTlQgSx7mF+FXnowUAWFVaJOIPTwBQPZWULJs7b0Hh/EV+KwFINmn5efU2aVA/O7tmojtZL65EUMU4txC/anK0AABrIiAEgOppxqy5cwrnJ7oLANZLo/y8Zk02SXQX68iVCKos5xbil9RHCwCwFgJCAKhuSkqWTf19dnFJSaIbAaAS1M7O3rR54+SawOFKBFWfcwvxS8ajBQD4WwJCAKhWioqXTp46Y2Vpaexgzays+vXq1MmpnZ2dlZmZmZa49gBYrUgQrFy5sqRk+ZKi4gWLlixbvjz21cyMjDabNsupXStxDVaAKxFUHc4txK86HS0AQDwEhABQfZSULJtYMD32d5OaWVlNGuXn5dZNaF8AVMz8hYtnzSmM/XE2MyOjfesWVX/2hisRVGXOLcQveY8WACBOAkIAqD5+/W1q7D2X8vNyWzRr7G9SAySjSBBMnzG7cP7C6Ejt7OyO7TZNaFN/z5UIqjjnFuKXpEcLABCn9EQ3AABUjhmz5sb+btK4YYOWfjcBSFppQdCyWePGDRtER4pLSmbMmpvQpv6GKxFUfc4txC8ZjxYAIH4CQgCoDkpKls0pnB9dzM/Lbdq4YUI7AqASNG3cMD8vN7o4p3B+ScmyhHa0Rq5EkEScW4hfEh0tAECFCAgBoDqYO29BtK6ZldWiWeOEtgNApWnRrHHNrKzoYuwJv0pxJYLk4txC/JLlaAEAKkRACABJr7SsrHD+ouhik0b57rkEUG2kBUGTRvnRxcL5i0rLyhLa0Wq4EkHScW4hfklxtAAAFSUgBICkt2jRkiCIhHXNrKy83LqJ7giAypSXWzdm6kZk0aIlie1nVa5EkIycW4hf1T9aAICKEhACQNJbUrw0WtevVyehvQCwQcSe3mNP+1WEKxEkKecW4lfFjxYAoKIEhACQ9JYuXRat6+TUTmgvAGwQsaf32NN+FeFKBEnKuYX4VfGjBQCoKAEhACS95StWROvs7Ky1rgtAUoo9vcee9qsIVyJIUs4txK+KHy0AQEUJCAEg6a0sLYvWmZmZCe0FgA0i9vQee9qvIlyJIEk5txC/Kn60AAAVJSAEgGogEq3SEtoHABvI/57eI2tcL2FciSApObcQvyp/tAAAFSMgBAAAAAAAgBQiIAQAAAAAAIAUIiAEAAAAAACAFCIgBAAAAAAAgBQiIAQAAAAAAIAUIiAEAAAAAACAFCIgBAAAAAAAgBQiIAQAAAAAAIAUIiAEAAAAAACAFCIgBAAAAAAAgBQiIAQAAAAAAIAUkpnoBgAAAKAC5s7947vvv58794/CwsLsWrU6dejQoUP7Jk0ap6WlrbryIYf1/3XCxCAIbr35hj332D0R/QIAAFQ5AkIAAACSw6cjP7vt9jt/+PGnVV/KycnZcYftB1904aabtowdX7xkSVFRURAEK1as3IidAgAAVGluMQoAAEBVt3DhosGXXHbcCSevNh0MgqCoqOjd90bsusfeTzz5dGlp6UZvEAAAIJmYQQgAAECV9uWXX51z3gWFhfNiBzfv3q1bt65169adM2fOJ5+OjL465Oprx4//9dprhiSoWQAAgCQgIAQAAKDqmjv3j1NOPyu8TWgQBPn5DW647ppddt4pIyMjuk7jSIVIAAAgAElEQVQkEvn8iy+vu/6mX8aPD4LgiCMOTVy/AAAASUBACAAAQNV1zXU3RNPB/fbtO+TKy+rn5pZbJy0tbccdtn9l2AvDhr/aqNEm3bt1S0SnAAAASUNACAAAQBX18Sefvv7Gm2G97TZb33HbzWlpaWtaOTMz89BD/rkRu4OKOf2sAUEQnHTicVtvtWWcm4wa893QRx6v6FYAAPC3BIQAAABURWVlZf+69PLo4pArL1tLOhinX3+d8O2o0aNGj540aXL79u0369L5nwf1y82tt6b1v/7m27Fjx/38y/ipU6fm5eVt1qVzl86dd9hx+9q1aq1pk5KSks8+/+KXX8aP+/mXwsLCFi2ad+nSebMuXf7Rc7s19f/1N99+8snICb9NnDlzVru2bTt17NCjx1bbbbvNaleePXv21998O3bcz+PH/1pWVtaxY4fOnTr26bPPWlqiKhg15rtRY74LgmDUWQPuv+eOeNK+UWO+CzPFIAhO2vAdAgCQUgSEAAAAVEW/Tpgwa9bssD7h+GM7dey4PntbsWLFrbfdcd8DD0VHfvjxp5eHBUMffezeu+/ccovNy60/d+4fl15x5YgRH8QOvvveiCAIWrZsefutN2215RarvsvYsePOPW/g5IKC6Mg3344aNvzVIAh22Xmn66+7unGjRrHrL168eNDFl4S7je4hLPr22fvSSwaXW3/Y8FcGDhocOzLys8+DILj73gduvP6antttW8FvhcQ4PY6MMDYdDILA9EEAACpXeqIbAAAAgNX44ouvovWuvXdZz72dP3BQNB3Mz28QHZ81a/Ypp51RvHRp7Mrjxv28+159YtPBli1bRutp06Ydclj/Z597vtxbDBv+ygEHHRKbDsZu9fEnn+65977f//Bj7CaXXHZFNB1s07r17rvt2rXrZuHim2+988gjj8euPOjiS6LpYE5OTq8dd+i14w45OTlhS0cefexXX39T8S+GjWTrrba8/547oounnzUgnFC4WuXSwdgNAQCgUggIAQAAqIqmTZ8erdu2aVMp+7z2miEjP/7g6y9G/vrzj4MGnh8OFhbOe/qZZ6PrlJWVXX7lVUVFReHirTff+NP3oz96/51ff/5x+MvPRzO/Sy67MjrBMQiCOXPnRtO7Jk0av/Ds07/+/ONH778z7scxd995ezheVFR02RVDSktLw8Vx435+4823w/reu+8Y8e6bDz1w76vDXvz4w/dOOP7Y3Xfb9fTTTo7u//0PPnzp5WFhPfCCAaO+/vzfjw3992NDv/ly5PHHHfNnS5desXz58kr5otgQ4swIV00HTR8EAKDSCQgBAACoiv74449o3bhxo7Wu+/datmz5zpuvHXHYoU2bNgmCICMj49RTTurbZ+/w1ZEjP4uu+cqrr4357vuwfvnF5/oduH+tWtnhJt27dXvl5ReaNGkcvnrzrbdFt7rl1j+DnyZNGr/x2vAePbbKyMgIgqBmzZp9++z96rAXw1fHjh330svDw/qHn34Ki7323GOfvfeK7qpF8+aXDL7ooQfuzcvLC0dKSkquvvaGsD7rzNNPP/WUGjVqhIs1a9a89F8X77xTryAIJhcUvPHmW+v5RbFB/W1GKB0EAGDjEBACAABQFZWULAuLli1bpqWlrefeLrxgQPv27coN9u3TJywm/vZbdPCJJ58Oi7323GOLzbuX2yQ3t94Zp50a1sNfeW3hwkXh1MDo9L7TTj25fm5uua26dt0sGkY+9cx/wmLFihVhMWHCxKVLS9bS/Ndffztt2rTwzqJnnn7qqiuccvKJYTHu51/Wsh+qgrVkhNJBAAA2GgEhAAAAVVHrVq3CYtq0aStXrlzPvaWlreb/f8PZhOGTCCORSBAEkUjkhx//nNh32KEHr3ZXB+y/b7SeOm1qEARTpkz969X99lvtVocc/M+wGDt2XFlZWRAEXbt0CUcmFxQcclj/90a8H40My/lt0qSwaN261dhxP4/57vty/yxYsDBc4ddfJ/zdN0HirTYjlA4CALAxZSa6AQAAAFiN2Al/U6dNq6zHEMaqWbNmtI5EImlpaXPmzImONG/WbLVb1a1bNycnJ3xIYUHBlO7duk0uKAhfysnJyc2tt9qtmjdvHq1nzZrdrFnTLbbYfOeden3y6cggCH4ZP/60M87OycnZt+8+B+6/37bbbhPeoTQ0ceKfExzHjh13yGH91/KJYqdCUpWFGWE0EYyNBqWDAABsBGYQAgAAUBW1a/dXIlhQMGXjvOm06b9H6002abim1Vq2aBEWU6dOC4JgytRp4WJ0SuKqGjbMj9bTf/89fKjhHbfdcvA/D4qOFxUVPf/CS0cdc3zf/fuNHj0mOj47JrbMz2+wln+2/0fPdfrcJEC5eYRR0kEAADYCMwgBAACoimKnDL7w4su77dp7I7xp7OMDi4qL8/LyVrvagoUL/ly/fv0gCBrk1Q8XlyxZsqY9FxcVR+voLMPc3Ho33XDtKSedMPyV14a98sqsWbPD8YkTfzv0iKOGv/x8927dgiBo2fLPPPLE44/71+BB6/0pqSrKzSOUDgIAsNGYQQgAAEBVlJeX17XrZmH97nsjPvv8i43wptEoLgiCObPnrHad0tLSaJLXunWrIAjatG4dLs6aNbu0tHS1W8XOAty05aaxL7Vv327gBQM+++TD4S8/Hzuh8L77HwqLdm3bhoU7iFY/YUa49VZbRotEdwQAQEoQEAIAAFBFDbnismh9xZVXl5SUrH39ZcuWrVy5cn3esWbNmi1btgzrL7/+ZrXrfP/9D9G6datW0ZgwNOa771e71VdffR0WTZo0rlUre7XrdO/W7aYbrh008PxwcdTo0WHRps2fAeS3o0YvXLio4h+LKi2MBqWDAABsTAJCAAAAqqitttzisEMPDuvJBQUHH9p//K+/rmnlT0d+tu0/eu3T94B58+atz5vuvNOOYfHAgw8vXbqaSPLBoY+ERcuWLZs0aRwEQaNGjaKTCB96+JFVNykpKbnvgYf+u/9ea29g1967hEXt2jlh0a1r15ycnPAhhQ8+PDTOD7JixYrZs2eXlZXFDhYVFRUWlv9+5s2bt5abowIAANWPgBAAAICq64LzBoTZWBAEv4wf33e/fvc/+NBPP42NziYsLS39/ocfBw66+LgTTi4qKppcUHDFkKvX5x3POevMaBp35tnnxs7YKysru+vue0eM+CBcvPzSwRkZGUEQpKWlXXH5JeHg+x98eMutd8TeaHTx4sXnDLigqKgoXBxw7tlhMW/evJtuue39Dz4s18CI/45steUWYZGbWy86rfDBh4Y++ti/y8V+333/w7HHn7R33/2jNzL94ceftt5uhx122nWvffb744/CcPC5F17cfKttt9u+19nnnhfuIRKJXHjRv7b9R68temz3xJNPr8/3BgAAJJHMRDcAAAAAa9SwYf4Lzz19/gUX/TJ+fDhyy6133HLrHdEn/00uKIhdv9eOO1x+6SXr+Y4DLxgw5KprgyD4+JNP99yn75577LFpyxYLFy364osvf/jxp3C1XXbeabdde0e32qnXjnvtuce7740IguD+Bx/68KOPe+24Q35+g99nzBjx/gfRZxZePGhg40aNwnrI1de9/sabQRD07Lnd4Yce0qrVpkVFRe+8+97TzzwbrhCdPRkEQf8jDvvPs8+HX8K11984/NXXtu/Zs0XL5rNnzfns88+jXT3w4MNXXHZJEARDH3k0jCQnFxS89PKwU085KQiCa6+7MVztzbfeOf7YY3r02GrChIkvDxv+336uPbL/4ZmZfigAAIDqz5/7AQAAqNI6dez48ovP3nn3vQ8+9D931ywXDQZBcP6Ac0479eRwVt/6+L+jjqyRWePSy68MgqCwcN6zzz1fboUjDj9s8EUDyw3eesuNN9982xNPPR1OdowmmlFXXH7J0Uf2jy62bdsmLL766uvoEwqjzj37zO3/0TO6mJGR8e/Hhl5y+RXh/MWxY8eNHTuu3Ca77LzT+QPOCetIJBIdX+1zGVeWlgZBEAkisYPlJiYCAADVlVuMAgAAUNXVrFlz0MDzX3j26cMOPTh6x9Go/PwGRx/V/6UXnj3zjNPWlA7WrJm19rdIS0uLrfsfcdgH7719UL8Dog8XDN9ol513GvrQ/ddefWWdOnXK7aF2rVpXXH7JE48/smvvXfLzG0THW7ZsecD++7379uvHHH1Uevpf/xt+7tlnvvv26/v23Sd25SAItu7R47n/PHXO2WeW23/DhvkP3nfPrTff2LPndrFfQk5Ozl577vH4ow8/OvTBunXrhoNHHH5YtOcD9t83rE89+cToW4T3L23frl2vHXcIB0879eSsrL/5lgAAgOohLfYvFQIAyei7sb9G6y27dkxoLwBsKFX5bL+ReystLZ0/f8G8efOKiotzc+s1yMurV69ebPBW6YqXLp06dWrD/IYNG+bHv9W8efPmzJ3bskWLVRPNVS1YuHDKlKl59es3b94snhmQkUhk5sxZixYvqp9bf5NNGq52kwULFsyYMbNNmza1amVHB6dNn15cXNy+XbvoJqWlpZMmTa5Zs+amm7aM/9NRbTi3ED//RgCgOnGLUQAAAJJJRkZGw4b5Fcrq1lPtWrU6d+pU0a0aNGjQoEGDOFYMgiCon5tbf/Pu8e88LS2tWbOmzYKma9tn/fr169cvN9iyRYtyIxkZGR06tI//rQEAgGrALUYBAAAAAAAghQgIAQAAAAAAIIUICAEAAAAAACCFCAgBAAAAAAAghQgIAQAAAAAAIIUICAEAAAAAACCFCAgBAAAAAAAghQgIAQAAAAAAIIUICAEAAAAAACCFCAgBAAAAAAAghQgIAaAaSItWkYT2AcAG8r+n97Q1rpcwrkSQlJxbiF+VP1oAgIoREAJA0svM+OuCvnLlyoT2AsAGEXt6jz3tVxGuRJCknFuIXxU/WgCAinI5B4Ckl1WjRrQuKVme0F4A2CBiT++xp/0qwpUIkpRzC/Gr4kcLAFBRAkIASHq1atWM1kuKihPaCwAbROzpPfa0X0W4EkGScm4hflX8aAEAKkpACABJr07tWtF6waIlCe0FgA0i9vQee9qvIlyJIEk5txC/Kn60AAAVJSAEgKRXr16dIEgL62XLl89fuDjRHQFQmeYvXLxsefTGbmn16tVJbD+rciWCZOTcQvyq/tECAFSUgBAAkl5Genp+Xr3o4qw5hZGE9gNAJYoEwaw5hdHF/Lx6GelV7v/jXIkg6Ti3EL+kOFoAgIpyOQeA6mCTBvWj9bLly6fPmJ3QdgCoNNNnzI6ZtPE/J/wqxZUIkotzC/FLlqMFAKgQASEAVAfZ2TUb5edFFwvnL5w5+4+EdgRAJZg5+4/C+Quji43y87Kzaya0ozVyJYIk4txC/JLoaAEAKkRACADVRLMmm9TOzo4uzv5j3rQZs92FCSBJRYJg2ozZs/+YFx2pnZ3drMkmCW3qb7gSQdXn3EL8kvFoAQDilxaJ+DMVAFQTJSXLJhZMX1laGh2pmZXVpFF+Xm7dhPYFQMXMX7h41pzC2Pu5ZWZktG/doupP2nAlgqrMuYX4Je/RAgDESUAIANVKUfHSyVNnxP56Ev6AUr9enTo5tbOzszIzM9MS1x4AqxUJgpUrV5aULF9SVLxg0ZLYH2TD32TbbNosp3atxDVYAa5EUHU4txC/6nS0AADxEBACQHVTUrJs6u+zi0tKEt0IAJWgdnb2ps0bJ9eMDVciqPqcW4hfMh4tAMDfEhACQPU0Y9bcOYXzE90FAOulUX5e8j7tyZUIqiznFuKX1EcLALAWAkIAqLZKSpbNnbegcP6iIHC5B0guafl59TZpUD/Zp2u4EkEV49xC/KrJ0QIArImAEACqudKyskWLliwpXrp06bLlK1asLC3zSwpA1ZOWmZGeVaNGrVo169SuVa9enYz09ES3VGlciSBxnFuIX3U+WgCAVQkIAQAAAAAAIIX4q0AAAAAAAACQQgSEAAAAAAAAkEIEhAAAAAAAAJBCBIQAAAAAAACQQgSEAAAAAAAAkEIEhAAAAAAAAJBCBIQAAAAAAACQQgSEAAAAAAAAkEIEhAAAAAAAAJBCBIQAAAAAAACQQgSEAAAAAAAAkEIEhAAAAAAAAJBCBIQAAAAAAACQQgSEAAAAAAAAkEIEhAAAAAAAAJBCBIQAAAAAAACQQgSEAAAAAAAAkEIEhAAAAAAAAJBCBIQAAAAAAACQQgSEAAAAAAAAkEIEhAAAAAAAAJBCBIQAAAAAAACQQgSEAAAAAAAAkEIEhAAAAAAAAJBCBIQAAAAAAACQQgSEAAAAAAAAkEIEhAAAAAAAAJBCBIQAAAAAAACQQgSEAAAAAAAAkEIEhAAAAAAAAJBCBIQAAAAAAACQQjIT3QAAsGEVFS/9aORXo7776ZcJk2fMmr1ocVGkrCzRTfH30tLT69XNadakcecObbbeslvvXj1zatdKdFMAAAAAVAdpkUgk0T0AABvExElTnnnxteFvvi8RrAbS0tP79d39yEP2b9+2VaJ7AQAAACC5CQgBoHq6/b7Hnnh2eKK7oPIdc0S/8844PtFdAAAAAJDEBIQAUN1MnDTl8uvv+nn8xEQ3wobSpVP7qwafYyohAAAAAOtGQAgA1cqYH8add8l1CxcuTnQjbFi5uXVvv/ZfW22+WaIbAQAAACD5CAgBoPqYOGnKSedeIh1MEbm5dYfeea15hAAAAABUVHqiGwAAKs3l198lHUwdCxcuvvz6uxLdBQAAAADJR0AIANXE7fc95rmDqebn8RNvv++xRHcBAAAAQJIREAJAdTBx0pQnnh2e6C5IgCeeHT5x0pREdwEAAABAMhEQAkB18MyLryW6BRLGv30AAAAAKkRACABJr6h46fA33090FyTM8DffLypemuguAAAAAEgaAkIASHofjfwqUlaW6C5ImEhZ2Ucjv0p0FwAAAAAkDQEhACS9Ud/9lOgWSDDHAAAAAADxExACQNL7ZcLkRLdAgjkGAAAAAIifgBAAkt6MWbMT3QIJ5hgAAAAAIH4CQgBIeosWFyW6BRLMMQAAAABA/ASEAJD0ImVliW6BBHMMAAAAABA/ASEAAAAAAACkEAEhAAAAAAAApBABIQAAAAAAAKQQASEAAAAAAACkEAEhAAAAAAAApBABIQAAAAAAAKQQASEAAAAAAACkEAEhAAAAAAAApBABIQAAAAAAAKQQASEAAAAAAACkEAEhAAAAAAAApJDMRDcAAFRd2dk1Dz+ob7nBSCSYPWfu+IkFU6f/XlYWSVBrfzrq0AP6H7Jf8dKSq268+6efJyS2GQAAAABICgJCAGCN8vPqDzj9uLWsUFKy7NW33r/13seWL1++Efv60+ZdOw88+8SwfuTu63rucejG7wEAAAAAko5bjAIA6y47u+ZhB/X97O1n99lj543/7r223zpaZ2Vl1cmpvW77ObRfn69GvDDy7Wezs2tWXncAAAAAUEUJCAGAuMyZW/j1qO+/HvX9qO9+mjJtxqLFS6IvZWZmXHPJgOZNG2/klr74eky0Xr5ixZKi4nXbzx69d8jKysqpXSu7poAQAAAAgOrPLUYBgLi8//EXN931cOzIlt273HjlhY02yQ+CICMj456brzjo6DM2Zktjfhh3272PHXHwvkXFS6++6Z513k/TxptUal8AAAAAUKUJCAGAdfTdjz//85iz3hv2WK3s7CAIWjRrsvF7ePK54U8+N3w9d9Igr34ltQMAAAAAScAtRgGAdVdUVPzRyK/DOjMzo/Em+YnuaF2EAScAAAAApAgzCAGA9TKpYGq0btqk0ey5heVWyM+rf/jB+27ZvUvb1i2zatSYN3/hhN8KnnzulR/G/rLaHWbVqHHemcdvvWW3Rg3z09KClStLf585+9GnXvxo5FerrnzFRWd3aNcqCIJhr7/30qvvlN/PGcdttXnXJo03qVEjc87cwomTpgx7/d3P//vkwvT09HZtNt2iW+f09LRw5IA+uxcvXRrWM2bN+fyr0bE7TE9P73/wftv26N6xXet6dessLiqeVDDt7RGfvPb2B+W62n3n7Y8/+uBIJLhv6NNffDOmfm69Ky8+Z8vunWvXqlW8tOTDT78ccuPdcX/BAAAAAFDJBIQAwHrp2K5NtP7p51/Lvbr/PrtdPuiszMyM6EjdOjmtWjbbo/cOb7738WXX3lFWVha7/r5773rFoLNq1PifP6I0yMu9/bp/RSKR6MjIL0edc9HVQRDs2XuHnJzaQRBMmTYjNiDs3avnjVcOzMrKio603rR5602b79F7h1Hf/XT+JdcvWrzk3WGP5f/vzUXPO+O4aD1rzh99DjkxutipQ5sHb786t17d6EhOTu0mjRrusN1WRx92wBkXXFk4f0H0pa5dOnTt3CEIgpOPPezXiZPffHFoVo0a4Uu5NerstVsvASEAAAAACeQWowDAusvJqb3T9tuEdfHSkpUrS2NfvfLic67617nRdLCoeGnh/AWlpX+u03fPXe6/9crY9Tu0a33V4HOj6eAfhfOnTJtRvLQkXEyLsWjxkrV01XiT/JuvuiiaDhYvLZk3f2G0t6237Hb04QcGQbBixco4P2afPXb+z9Dbo+ng8uXL/yicv3zFinCxY/s2Lz91b3QaYqy8+vWeeuiWaDoYmj3njzjfFwAAAAA2BDMIAYB1lJ9X/5F7rs/OrhkuPvb0i7GvdunU7sC+u4f1zFlzzhg4pGDq9HDxiovO7rfvHkEQbLf1Ftv12Pzr0T+E4zdeeWEYs5WULDvm9EETfisIx8846aiTjzksrEd89Pm7H4788NMv19LYheecFKaSZWWR8y+59uPPvgnH++27x6nH91+8pOiBR58JguDY0we1b9uqa6f2Z5x0VLjCxVfevLioOKznL1gYFpmZGZcPOist7c/GLr3m9vc/+eK/O9zz0oGnZ2Rk1Ktb56JzT7n+9gfLddJ60xZhUTD192/H/JiWltahXatnXnit4l82AAAAAFQaASEAEJf27VrtutM/giCoXbtWp/atO3dst82W3cLYLHxi39AnXohd/5arLw6LoqLiA448LXZy4ZAb727UsMEOPXsEQXDphWcc0P+0cLxFsyZhcd1tD0TTwSAI7hv69J69d2y9afMgCKb9PvO9Dz9be6ubdWofFu9//Hk0HQyCYPgbI4a/MSK6OGdu4Zy5hZGyv+5c+tWoHxYsXFRub5ddeGYYgkYikdjYMgiC4W+8l56edtmFZwZBcMiBfVYNCEMP//u5+x55Zu09AwAAAMBGIyAEAOKy7Vbdt92q+2pf+nbMT6eed1nsSMP8vGZNGoX1jXc+XO7Wo0EQXHLN7R++9mQQBI0bNQxHsrKyojcXXXWC4LjxE8OAsPtmnf621czMP/fTuWPb+D7c2uy5645h8cnn38amg6GXX3v3/DNPyKldKz09rfWmLaKzJKOm/T5TOggAAABAlSIgBADW3Xc//vzwv5/7/Osx5cZjo8SsrBrhDUVXK6tGjezsmiUly5YvX758+fLwwYFdOrb7ZsyPsas1bbxJWKyawK1qwqQpmzRsEARBy+ZN3xv2+L1Dnx7+xnsV/3BBEATp6em1srPDuqi4eC0fJAiCbbbqVq69SCRy2nmXr9tbAwAAAMAGIiAEAOIyZdqMn8aNz86u+Y9ttszJqR0OLly0eNV0MAiCLbt3idaXDjxj7Xvu2K7ND2N/CYLg19+mdOvSIQiCIYPPib0raffNOkZ3+PFnX/9tq7ff+9g/ttkyfJxhw/y8Ky4669KBp4/9ZcKjT70Ye8fReHTr0jFa991zl7577rKWlTu0bVVupLS0bMasORV6RwAAAADY0ASEAEBcPv9q9E13PRwEQU5O7feGPRbOq9tlx+0OP6jvc8PeLLdy40abROuymIf8rWpl6cop034P60efevHWay5OS0tr2qTRJ28+88ln3xQvLdm0RdMeW3QNH3ZYMHX6yC9H/W2rEydPGTD4mhuuvLB2rT8n/2VkZGzetfMd119aOG/+ef+67sdxv8b5qVu2aBrnB4lEyn6Ie7cAAAAAkEACQgCgYoqKis8edPXQu64NFwede8qX3343ZdqM2HUKpk7fZcdtgyBYvnx5zz0OjXPPH3765YWX33TL1RcFQVArO3vv3XeKfbVw3vxjT78ozl19+sW3O/Xpf8Q/9z3soL6btmga5otBEOQ3yHv0nhv6HXX67zNnx7Of8b9Oitb9jjp92u8z42wAAAAAAKqs9EQ3AAAkn1Hf/fTsy2+EdXp62iP3XB/ezzPqx7HjwyIrKyszMyP+PR/Yd/ewWFpSUlpaGolElpaUTJ8x6+a7hu7R77hFi5fEv6uysrJnXnyt31Gn77D34Q889p+i4qXheGZmxoDTj4tzJxMnT4lE/pw4uNXmm8X/7gAAAABQZQkIAYB1ceMdD0Wn0+Xn1b9pyKDYV0d9PzZaH9qvT5z7PPiAvXfafpsgCH6ZMGmHvQ7fZtd/9til3w57Hb7/Eac+8+Jr69xqScmyBx97drcDjimcvyAc6dKpXfybLy1ZFhb77t17nXsAAAAAgKpDQAgArKMTzhq8cmVpWO++yw777LFz9KUFCxcVFRWH9dmn/F96elx/5Niz945h0bTxJlt271K53S5fvvzrUT/8t16x2nXq5NRedXDsLxPCYrsem3do17pyuwIAAACAjU9ACACsoz8K519+3R3Rxav/NaBhfl50cchN94RFrezsV565v9Em+bHbduvSYfjT94/6aPjRhx0QHZwwaUpY5Nar+9i9N4z+ePhXI1745M1nRgx//PnH77r9un/tvvP28TTWZ4+dn3jg5j133TF2MD09fYfteoT1uP9mfkEQ/DFvfrQ+tN8+YbHtVt2jd0a96Iqby8r+vMvov++/cbsem8fuNj+v/v23DRn10fC7brwsnt4AAAAAIOEyE90AAJDE3hrxyV679erdq2f4bL/H77txv8NPCV9672GtCrcAABpFSURBVMPPJhw7pUPbVkEQtGjW5M3nH546febkKdPr1Kndrs2m+Xn1w9XOOfXYp55/NayffG74IQfsnZ1dM1xMS0vLysrKysoKgpz8Bnkd2rbq3atnUfHS/ieeF7276arq59a7+pIBGRkZNw0ZNO2UmW+P+GTK9JmtWjY7/KC+9erWCYIgEok8+vRL0fV/mzwlWv/f4f2233arvPq5DfPzRv8w7sSzBgdBMH/BwqeeH37MEQeFYeeDd1w9Y9acyQXTyiKRVi2bbdqiWbjtTttv07lD218mTNoAXzMAAAAAVCYzCAGA9XLBpTcsWLgorJs3bXzpwDOiLx1/5sVjfhgX1hkZGW1atdht539s12PzaDq4cmXp+ZdcF13/wD67Z2VlhRnevPkLS0qWrVxZGolEYt8up3atJx64aS391MyqMX/Bn/20bN705GMPv+aSAScfc1iYDgZBcO/QpycVTIuuX1YWGf3fJtPS0jq0ax3Og+yx+Wb1c+uF47ff9/h/Xnw92kmzJo12/MfWO22/TTQdDILgsadfkg4CAAAAkBQEhADAGpWULPvbdcrKyo4/c/DMWXPCxYMP2Ltl86ZhXVRUfMJZgy+/7s7CefOjd+kMLV5S9Opb7/fe/+iRX46KbnjGSUelp6ctXlJ0yLFn737gMdvvddi2u/2zxy79eu939JAb7577x7xwzfq59aJpX9TSpSVhMXtu4Z4HHXfv0KcWLV5SLlycOWvO8Wde/MiTL5Tb9rzB15bL9ubNX3jGBVdGg88gCG666+H+J503ZdqMFStWxq65fMWKb8b82O+o0+968InVfTmlf/sFAgAAAMBGllbuhzMAIOlstfOBiW4hLq1aNuvcoe2cP+ZNKpi2cNHicq++/OS9bVq1CIJgyI13D39jxKqb166V/dk7z4X1EScOGD9h8t++Y3p6WueO7dq3aTV+4qQJvxWUCynLyauf261Lh9Kysu9+GFf837hxTWv22Hyz4qUlk6dOnzV77t+2sXGM+eSVRLcAAAAAQHLwDEIAYCOZMm3GlGkz1vRqi2ZNwqJw3oLVrtC9a6ewWLmyNJ50MLx96LhfJo77ZWI8K89fsPDTL76Nc833P/kinjUBAAAAoApyi1EAoEqYPmNWWNx6zeC9d+sV+1J6evqRh+x/781XhIujv/8pEQ0CAAAAQDXhFqMAkPSS5Raja7fT9tvcecOlaWlp4eKKFSsXLV5cvLQkp3bt3Hp1MjIywvG5f8zre9hJK1d6tl95bjEKAAAAQJzMIAQAqoRPv/h28JBblpb8+fC/GjUy8xvktWzetEFebpgORiKRT7/49pBjz5YOAgAAAMD6MIMQAJJe9ZhBGLX/Prv122/PZo03yc2tmxakLSkqnjlrzm8FU+9/9D9z5hYmuruqywxCAAAAAOIkIASApFfNAkLWjYAQAAAAgDi5xSgAAAAAAACkEAEhAAAAAAAApBABIQAAAAAAAKQQASEAAAAAAACkEAEhAAAAAAAApBABIQAkvbR0F/RU5xgAAAAAIH5+SwKApFevbk6iWyDBHAMAAAAAxE9ACABJr1mTxolugQRzDAAAAAAQPwEhACS9zh3aJLoFEswxAAAAAED8BIQAkPS23rJbolsgwRwDAAAAAMRPQAgASa93r55p6a7pqSstPb13r56J7gIAAACApOHHRABIejm1a/Xru3uiuyBh+vXdPad2rUR3AQAAAEDSEBACQHVw5CH7J7oFEsa/fQAAAAAqREAIANVB+7atjjmiX6K7IAGOOaJf+7atEt0FAAAAAMkkLRKJJLoHAKByHHnyBT+Pn5joLth4unRq/8zDtya6CwAAAACSjBmEAFB9XDX4nNzcuonugo0kN7fuVYPPSXQXAAAAACQfASEAVB/t27a6/dp/yQhTQW5u3duv/ZebiwIAAACwDtxiFACqm4mTplx+/V3uNVqNdenU/qrB50gHAQAAAFg3AkIAqJ5uv++xJ54dnuguqHzHHNHvvDOOT3QXAAAAACQxASEAVFsTJ0155sXXhr/5fqSsLNG9sL7S0tP79d39yEP2N3EQAAAAgPUkIASAaq6oeOlHI78a9d1Pv0yYPGPW7EWLi+SFSSEtPb1e3ZxmTRp37tBm6y279e7VM6d2rUQ3BQAAAEB1ICAEAAAAAACAFJKe6AYAAAAAAACAjUdACAAAAAAAAClEQAgAAAAAAAApREAIAAAAAAAAKURACAAAAAAAAClEQAgAAAAAAAApREAIAAAAAAAAKURACAAAAAAAAClEQAgAAAAAAAApREAIAAAAAAAAKURACAAAAAAAAClEQAgAAAAAAAApREAIAAAAAAAAKURACAAAAAAAAClEQAgAAAAAAAApREAIAAAAAAAAKeSvgLC4uLi0tDShzQAAAAAAAAAb1l8B4QcffrR3n/3ffOudsrKyhLYEAAAAAAAAbCj/c4vRyQUFZ5973v4HHvzBhx9FIpHEdQUAAAAAAABsEH8FhI0aNQqLX8aPP/nUM/55yOGff/Fl4hoDAAAAAAAAKl9a7EzB777/4c677vnk05HRkZ49txt43rk9emyVoPYAAAAAAACAypS26q1ER48ec9sdd33x5VfRkV1773L+gHM226zLRm8PAAAAAAAAqEyrCQhDX3/z7W233/nNt6OiI3377H3u2We1b99uI7YHAAAAAAAAVKY1BoShL7786s677omNCZ94/JEdd9h+o/QGAAAAAAAAVLL0tb+8ScOGzZs3ix0pKSnZwC0BAAAAAAAAG0rmml74bdKk++5/cPgrr0VHtu7RY+AFA7bbdpuN1RsAAAAAAABQyVYTEBYUTLnnvvuHDX81OtK162YDzxuw8869Nm5vAAAAAAAAQCX7n4BwypSp997/4EsvD4uOtGnd+sKB5+215x5paWmJaA8AAAAAAACoTH8FhN99/8PBhx4RXWzSpPGFF5y//359MzIyEtQbAAAAAAAAUMn+CginT58eFvn5Dc4/79yDD+pXo0aNxDUGAAAAAAAAVL6/AsK0tLScnJzzB5xzxOGHZmdnJ7QrAAAAAAAAYINIi0QiYbV8+fIVK1bk5OQkuiUAAAAAAABgQ/krIAQAAAAAAACqvfRENwAAAAAAAABsPAJCAAAAAAAASCECQgAAAAAAAEghAkIAAAAAAABIIQJCAAAAAAAASCECQgAAAAAAAEghAkIAAAAAAABIIQJCAAAAAAAASCECQgAAAAAAAEghAkIAAAAAAABIIQJCAAAAAAAASCECQv6/PTsQAAAAABDkbz3IpREAAAAAAAAjghAAAAAAAABGBCEAAAAAAACMCEIAAAAAAAAYEYQAAAAAAAAwIggBAAAAAABgRBACAAAAAADAiCAEAAAAAACAEUEIAAAAAAAAI4IQAAAAAAAARgQhAAAAAAAAjAhCAAAAAAAAGBGEAAAAAAAAMCIIAQAAAAAAYEQQAgAAAAAAwIggBAAAAAAAgBFBCAAAAAAAACOCEAAAAAAAAEYEIQAAAAAAAIwIQgAAAAAAABgRhAAAAAAAADAiCAEAAAAAAGBEEAIAAAAAAMCIIAQAAAAAAIARQQgAAAAAAAAjghAAAAAAAABGBCEAAAAAAACMCEIAAAAAAAAYEYQAAAAAAAAwIggBAAAAAABgRBACAAAAAADAiCAEAAAAAACAEUEIAAAAAAAAI4IQAAAAAAAARgQhAAAAAAAAjAhCAAAAAAAAGBGEAAAAAAAAMCIIAQAAAAAAYEQQAgAAAAAAwIggBAAAAAAAgBFBCAAAAAAAACOCEAAAAAAAAEYEIQAAAAAAAIwIQgAAAAAAABgRhAAAAAAAADAiCAEAAAAAAGBEEAIAAAAAAMCIIAQAAAAAAIARQQgAAAAAAAAjghAAAAAAAABGBCEAAAAAAACMCEIAAAAAAAAYEYQAAAAAAAAwIggBAAAAAABgRBACAAAAAADAiCAEAAAAAACAEUEIAAAAAAAAI4IQAAAAAAAARgQhAAAAAAAAjAhCAAAAAAAAGBGEAAAAAAAAMCIIAQAAAAAAYEQQAgAAAAAAwIggBAAAAAAAgBFBCAAAAAAAACOCEAAAAAAAAEYEIQAAAAAAAIwIQgAAAAAAABgRhAAAAAAAADAiCAEAAAAAAGBEEAIAAAAAAMCIIAQAAAAAAIARQQgAAAAAAAAjghAAAAAAAABGBCEAAAAAAACMCEIAAAAAAAAYEYQAAAAAAAAwIggBAAAAAABgRBACAAAAAADAiCAEAAAAAACAEUEIAAAAAAAAI4IQAAAAAAAARgQhAAAAAAAAjAhCAAAAAAAAGBGEAAAAAAAAMCIIAQAAAAAAYEQQAgAAAAAAwIggBAAAAAAAgBFBCAAAAAAAACOCEAAAAAAAAEYEIQAAAAAAAIwIQgAAAAAAABgRhAAAAAAAADAiCAEAAAAAAGBEEAIAAAAAAMCIIAQAAAAAAIARQQgAAAAAAAAjghAAAAAAAABGBCEAAAAAAACMCEIAAAAAAAAYEYQAAAAAAAAwIggBAAAAAABgRBACAAAAAADAiCAEAAAAAACAEUEIAAAAAAAAI4IQAAAAAAAARgQhAAAAAAAAjAhCAAAAAAAAGBGEAAAAAAAAMCIIAQAAAAAAYEQQAgAAAAAAwIggBAAAAAAAgBFBCAAAAAAAACOCEAAAAAAAAEYEIQAAAAAAAIwIQgAAAAAAABgRhAAAAAAAADAiCAEAAAAAAGBEEAIAAAAAAMCIIAQAAAAAAIARQQgAAAAAAAAjghAAAAAAAABGBCEAAAAAAACMCEIAAAAAAAAYEYQAAAAAAAAwIggBAAAAAABgRBACAAAAAADAiCAEAAAAAACAEUEIAAAAAAAAI4IQAAAAAAAARgQhAAAAAAAAjAhCAAAAAAAAGBGEAAAAAAAAMCIIAQAAAAAAYEQQAgAAAAAAwIggBAAAAAAAgBFBCAAAAAAAACOCEAAAAAAAAEYEIQAAAAAAAIwIQgAAAAAAABgRhAAAAAAAADAiCAEAAAAAAGBEEAIAAAAAAMCIIAQAAAAAAIARQQgAAAAAAAAjghAAAAAAAABGBCEAAAAAAACMCEIAAAAAAAAYEYQAAAAAAAAwIggBAAAAAABgRBACAAAAAADAiCAEAAAAAACAEUEIAAAAAAAAI4IQAAAAAAAARgQhAAAAAAAAjAhCAAAAAAAAGBGEAAAAAAAAMCIIAQAAAAAAYEQQAgAAAAAAwIggBAAAAAAAgBFBCAAAAAAAACOCEAAAAAAAAEYEIQAAAAAAAIwIQgAAAAAAABgRhAAAAAAAADAiCAEAAAAAAGBEEAIAAAAAAMCIIAQAAAAAAIARQQgAAAAAAAAjghAAAAAAAABGBCEAAAAAAACMCEIAAAAAAAAYEYQAAAAAAAAwIggBAAAAAABgRBACAAAAAADAiCAEAAAAAACAEUEIAAAAAAAAI4IQAAAAAAAARgQhAAAAAAAAjAhCAAAAAAAAGBGEAAAAAAAAMCIIAQAAAAAAYEQQAgAAAAAAwIggBAAAAAAAgBFBCAAAAAAAACOCEAAAAAAAAEYEIQAAAAAAAIwIQgAAAAAAABgRhAAAAAAAADAiCAEAAAAAAGBEEAIAAAAAAMCIIAQAAAAAAIARQQgAAAAAAAAjghAAAAAAAABGBCEAAAAAAACMCEIAAAAAAAAYEYQAAAAAAAAwIggBAAAAAABgRBACAAAAAADAiCAEAAAAAACAEUEIAAAAAAAAI4IQAAAAAAAARgQhAAAAAAAAjAhCAAAAAAAAGBGEAAAAAAAAMCIIAQAAAAAAYEQQAgAAAAAAwIggBAAAAAAAgBFBCAAAAAAAACOCEAAAAAAAAEYEIQAAAAAAAIwIQgAAAAAAABgRhAAAAAAAADAiCAEAAAAAAGBEEAIAAAAAAMCIIAQAAAAAAIARQQgAAAAAAAAjghAAAAAAAABGBCEAAAAAAACMCEIAAAAAAAAYEYQAAAAAAAAwIggBAAAAAABgRBACAAAAAADAiCAEAAAAAACAEUEIAAAAAAAAI4IQAAAAAAAARgQhAAAAAAAAjAhCAAAAAAAAGBGEAAAAAAAAMCIIAQAAAAAAYEQQAgAAAAAAwIggBAAAAAAAgBFBCAAAAAAAACOCEAAAAAAAAEYEIQAAAAAAAIwIQgAAAAAAABgRhAAAAAAAADAiCAEAAAAAAGBEEAIAAAAAAMCIIAQAAAAAAIARQQgAAAAAAAAjghAAAAAAAABGBCEAAAAAAACMCEIAAAAAAAAYEYQAAAAAAAAwIggBAAAAAABgRBACAAAAAADAiCAEAAAAAACAEUEIAAAAAAAAI4IQAAAAAAAARgQhAAAAAAAAjAhCAAAAAAAAGBGEAAAAAAAAMCIIAQAAAAAAYEQQAgAAAAAAwIggBAAAAAAAgBFBCAAAAAAAACOCEAAAAAAAAEYEIQAAAAAAAIwIQgAAAAAAABgRhAAAAAAAADAiCAEAAAAAAGBEEAIAAAAAAMCIIAQAAAAAAIARQQgAAAAAAAAjghAAAAAAAABGBCEAAAAAAACMCEIAAAAAAAAYEYQAAAAAAAAwIggBAAAAAABgRBACAAAAAADAiCAEAAAAAACAEUEIAAAAAAAAI4IQAAAAAAAARgQhAAAAAAAAjAhCAAAAAAAAGBGEAAAAAAAAMCIIAQAAAAAAYEQQAgAAAAAAwIggBAAAAAAAgBFBCAAAAAAAACOCEAAAAAAAAEYEIQAAAAAAAIwIQgAAAAAAABgRhAAAAAAAADAiCAEAAAAAAGBEEAIAAAAAAMCIIAQAAAAAAIARQQgAAAAAAAAjghAAAAAAAABGBCEAAAAAAACMCEIAAAAAAAAYEYQAAAAAAAAwIggBAAAAAABgRBACAAAAAADAiCAEAAAAAACAEUEIAAAAAAAAI4IQAAAAAAAARgQhAAAAAAAAjAhCAAAAAAAAGBGEAAAAAAAAMCIIAQAAAAAAYEQQAgAAAAAAwIggBAAAAAAAgBFBCAAAAAAAACOCEAAAAAAAAEYEIQAAAAAAAIwIQgAAAAAAABgRhAAAAAAAADAiCAEAAAAAAGBEEAIAAAAAAMCIIAQAAAAAAIARQQgAAAAAAAAjghAAAAAAAABGBCEAAAAAAACMCEIAAAAAAAAYEYQAAAAAAAAwIggBAAAAAABgRBACAAAAAADAiCAEAAAAAACAEUEIAAAAAAAAI4IQAAAAAAAARgQhAAAAAAAAjAhCAAAAAAAAGBGEAAAAAAAAMCIIAQAAAAAAYEQQAgAAAAAAwIggBAAAAAAAgBFBCAAAAAAAACOCEAAAAAAAAEYEIQAAAAAAAIwIQgAAAAAAABgRhAAAAAAAADAiCAEAAAAAAGBEEAIAAAAAAMCIIAQAAAAAAIARQQgAAAAAAAAjghAAAAAAAABGBCEAAAAAAACMCEIAAAAAAAAYEYQAAAAAAAAwIggBAAAAAABgRBACAAAAAADAiCAEAAAAAACAEUEIAAAAAAAAI4IQAAAAAAAARgQhAAAAAAAAjAhCAAAAAAAAGBGEAAAAAAAAMCIIAQAAAAAAYEQQAgAAAAAAwIggBAAAAAAAgBFBCAAAAAAAACOCEAAAAAAAAEYEIQAAAAAAAIwIQgAAAAAAABgRhAAAAAAAADAiCAEAAAAAAGBEEAIAAAAAAMCIIAQAAAAAAIARQQgAAAAAAAAjghAAAAAAAABGBCEAAAAAAACMCEIAAAAAAAAYEYQAAAAAAAAwIggBAAAAAABgRBACAAAAAADAiCAEAAAAAACAEUEIAAAAAAAAI4IQAAAAAAAARgQhAAAAAAAAjAhCAAAAAAAAGBGEAAAAAAAAMCIIAQAAAAAAYEQQAgAAAAAAwIggBAAAAAAAgBFBCAAAAAAAACOCEAAAAAAAAEYEIQAAAAAAAIwIQgAAAAAAABgRhAAAAAAAADAiCAEAAAAAAGBEEAIAAAAAAMCIIAQAAAAAAIARQQgAAAAAAAAjghAAAAAAAABGBCEAAAAAAACMCEIAAAAAAAAYEYQAAAAAAAAwIggBAAAAAABgRBACAAAAAADAiCAEAAAAAACAEUEIAAAAAAAAI4IQAAAAAAAARgQhAAAAAAAAjAhCAAAAAAAAGBGEAAAAAAAAMCIIAQAAAAAAYEQQAgAAAAAAwIggBAAAAAAAgBFBCAAAAAAAACOCEAAAAAAAAEYEIQAAAAAAAIwIQgAAAAAAABgRhAAAAAAAADAiCAEAAAAAAGBEEAIAAAAAAMCIIAQAAAAAAIARQQgAAAAAAAAjghAAAAAAAABGBCEAAAAAAACMCEIAAAAAAAAYEYQAAAAAAAAwIggBAAAAAABgRBACAAAAAADAiCAEAAAAAACAEUEIAAAAAAAAI4IQAAAAAAAARgQhAAAAAAAAjAhCAAAAAAAAGBGEAAAAAAAAMCIIAQAAAAAAYEQQAgAAAAAAwIggBAAAAAAAgBFBCAAAAAAAACOCEAAAAAAAAEYEIQAAAAAAAIwIQgAAAAAAABgRhAAAAAAAADAiCAEAAAAAAGBEEAIAAAAAAMCIIAQAAAAAAIARQQgAAAAAAAAjghAAAAAAAABGBCEAAAAAAACMCEIAAAAAAAAYEYQAAAAAAAAwIggBAAAAAABgRBACAAAAAADAiCAEAAAAAACAEUEIAAAAAAAAI4IQAAAAAAAARgQhAAAAAAAAjAhCAAAAAAAAGBGEAAAAAAAAMCIIAQAAAAAAYEQQAgAAAAAAwIggBAAAAAAAgBFBCAAAAAAAACOCEAAAAAAAAEYEIQAAAAAAAIwIQgAAAAAAABgRhAAAAAAAADAiCAEAAAAAAGBEEAIAAAAAAMCIIAQAAAAAAIARQQgAAAAAAAAjghAAAAAAAABGBCEAAAAAAACMCEIAAAAAAAAYEYQAAAAAAAAwIggBAAAAAABgRBACAAAAAADAiCAEAAAAAACAEUEIAAAAAAAAI4IQAAAAAAAARgQhAAAAAAAAjAhCAAAAAAAAGAn7ChDGCqsHpwAAAABJRU5ErkJggg==' />
<img width=700px src='data:image/png;base64,iVBORw0KGgoAAAANSUhEUgAACWAAAAaKCAIAAADCuNM0AAABK2lDQ1BTa2lhAAAokX2QMUvDUBSFv1cKomYRFR0cMnbRppWmDdahqbXo2Cqk3dI0FLFNQxrRvas/wtlNcBGhs4uT4CTi4i4IrpXXDClIPNPHuQfuPRdSmwBpDQZeGDTqpmq12urCBwLBTLYz8kmWgJ/XKPuy/U8uSYtdd+QAX0AYWK02iC6w1ov4SnIn4mvJl6EfgriRHJw0qiDugUxvjjtz7PiBzL8B5UH/wonvRnG90yZgAVvUGTKkRx+XLE3OOcMmi0YNgxK71KhQoUCFHHlKGOgU0KhiUqRKkUN0SuTJcTBjA13+M1o5fof9yXQ6fYy94wnc6bD0EHuZPVhR4Ok59uIf+3Zgz6w0kHJN+F4H5RZWP2F5DGzIcUJX9U9XlSM8HHZQyaORQ/8FDJRN2vTWQQEAACAASURBVHic7N13XFRHH+/xXZoUpSPYsfdu1NhrjDGx11gilth7S+y9G2OXWDD2FmvsLZZYiaio2BVFRHrvu3v/4F4uD+w5exaWXXA/71f+kDNzZn7uYfF59svMyGs17SgDAAAAAAAAAAAAYBxMDF0AAAAAAAAAAAAAAP0hIAQAAAAAAAAAAACMCAEhAAAAAAAAAAAAYEQICAEAAAAAAAAAAAAjQkAIAAAAAAAAAAAAGBECQgAAAAAAAAAAAMCIEBACAAAAAAAAAAAARoSAEAAAAAAAAAAAADAiBIQAAAAAAAAAAACAESEgBAAAAAAAAAAAAIwIASEAAAAAAAAAAABgRAgIAQAAAAAAAAAAACNCQAgAAAAAAAAAAAAYEQJCAAAAAAAAAAAAwIgQEAIAAAAAAAAAAABGhIAQAAAAAAAAAAAAMCIEhAAAAAAAAAAAAIARISAEAAAAAAAAAAAAjAgBIQAAAAAAAAAAAGBECAgBAAAAAAAAAAAAI0JACAAAAAAAAAAAABgRAkIAAAAAAAAAAADAiBAQAgAAAAAAAAAAAEaEgBAAAAAAAAAAAAAwIgSEAAAAAAAAAAAAgBEhIAQAAAAAAAAAAACMCAEhAAAAAAAAAAAAYEQICAEAAAAAAAAAAAAjQkAIAAAAAAAAAAAAGBECQgAAAAAAAAAAAMCIEBACAAAAAAAAAAAARoSAEAAAAAAAAAAAADAiBIQAAAAAAAAAAACAESEgBAAAAAAAAAAAAIwIASEAAAAAAAAAAABgRAgIAQAAAAAAAAAAACNiZugCAABA7qpXu1q9WtWHefTOdN3b5/HQcTMMVBQAAAAAAAAAg2EFIQAAX76s6WBacLhlzSJDlAMAAAAAAADAkAgIAQD4wtWrVV2wqXa14R599FsOAAAAAAAAAAOT12ra0dA1AACA3OVz7bhIa+1mnfRYCwAAAAAAAAADM3UrVdHQNQAAgNwll8nr1a4m0ur94LF+KwIAAAAAAABgMGwxCgCAsVN7QiEAAAAAAACALxUBIQAAX77NXvvEO3ASIQAAAAAAAGA8zAxdQJ5gZ1uoQll3rW5RqlRxcfGR0THh4ZHJKSm6raegjXWn79pUr1LB0dHewd7WtmBBmUwWGxcfHhEVHhn5xO/V8dMXo6JjdDtpmto1qnzbuqmbq4ujg72dbUFrK8uExKSo6JjwiKjPwaHnL9+45+ObjWGLF3Ur4uqS9Xp0bOzzl2+ljGBiIq9do6qJXK629cXrd1JekIrlS6e9mJmERUS+efdBShkZ66lbU/1mfU+evYxPSBS/PfcecfUqFSwLFMh6XfqDszA3r1mtUtbral8lkddBrejY2A8BnzS+PjmRjbeziEx/a6Hv5LiEhKfPXmV7Fp0PW6JYkY7tW5dxL+HoYGdvV6igjU2qQhEdHRMRGR0cGvbWP+Do3xcio6IljlalUjkbK6us14OCQz98/CRxECcH+zLuJbJeDw4N8/8QmPbnapXLW1laShxQOqVK9Z/o5pnVKpdv37a5q4uTg4O9g51tQRtrhUIREhYR+Onzu/cfX797/+zFm4+fgpRKlc5ry1PSFhFqzBEBAAAAAAAAfAHktZp2NHQNhjegd5cJIwdm+/aExMSAj0GP/V4eO3Xx0ZNn2R7Hwd5u0uhBX39V29HBTmPnyKjoO/89Wrlua2hYRLZnTNe+TbMBfbqUK13KzMxUvGdqquKt/4e9h08eO3VR+vjb1i+pU6NK1uthEZFtOv0kZYQ/Ny2rUVVNapVm8Ohf7z96Kj6Cs5PDhaM71DapVKofeg/7+OmzlErSTJ84vEfn9mqbuvQb9e59gNqm3H7E3Tq2mzl5pNqmBq27S0yy1y+f3bhh3azX/T8Edu47ItNFO9tC//y9W2J56VQqVWqqIio65vot772HTr5666/tCCJy+HbO5K1/QNf+o9K/FPpOjk9IbNyuV7Zn0dWwNapWGvNz/6qVy0mJ2cIjom57P9i265DGdPzG2f021moCwge+fh6jfpFY25WTu+ztbLNef/byTZ/BE9L+fOfiIQsLC4kDaqV2s05ZL379VW2Pft1qVq0oZVKlUvXgsd86z50PfP1yo0L9GO7RR+NWompfKwAAAAAAAABfGFYQ6oCVpWX5su7ly7p3+b7tW/+AOUvW+D59odUITg72s6aOatboK7nACrms7O1s27Vq8k3Lxrfu+sxbvj44JCxbtcs6tGs5YeRAJwd7if3NzEzLl3WfM23M+BED13ruPHLyfPbm1crGVXNF0sHla7doTAdlMlloWMQDX79a1StnbZLL5asXT+/pMU5iPUXdCnfv9K3aptveD9Smg/p5xK4uThIHF2GnLsXRLblcbm5u5uzk0OX7tl2+bxsXn7B5+97dB0/k9rxfsLq1qs2cPMK9ZHHptzg62H3Xtvl3bZvfuuczff5v0hcUZo9cnod2tHZzdVm5YFrVSuWl32JiIq9To4rXhqXhEVEHj5322v2XzteO5xHDPfqwiBAAAAAAAAD44uWhT2y/DKVLFd+5ecXqxdOl39K3R8fzR3c0b1xfenSUTi6XN2pQ5+zhbR59u2l7r72d7Yl9mxfOGC89HczIzrbQrCmjTh/ckr3bpVsxf9rXX9UWat3y54F9h/+WONTEGUsUCoXapvJl3du1aiJxnN8WTVf7sFJTFVNmLct63VCPOL+wsbaaNHrw3wf+KFe6lKFryX9MTEw2rpq7de0irdLBjL7+qval4zvHj9DZsss8rknDuqcObNEqHczI0cFuuEefK9ovnM0LpCR/GpcYAgAAAAAAAPgCEBDmihZNGvyxZqHGbiYmJuuXz548ZrCJida5UUZyuXzssAGevy/QuEFouvp1apz7a1uJYkVyMq9MJiviVvjM4W2NGtTJ4ThC5kwb3aZFI6HWw8fPbty2V/poEZFRO/cfE2qdPW2MiYnmd0S7Vk0qli+ttslzx77YuPiMVwz4iPOdYkVcD+5Y06BeTUMXkp+UKFbkwtEdIgm6RCYm8p/6dPlt0a86qivvatGkwdpls3L4fpTJZP4fPuqoIn3z9Nqvsc9wjz56qQUAAAAAAACAwRAQ5pavalcXOqMujYmJ/OjuDWoPe8ue+nVqHN+7WUrE1bZl482r5+vqrC9zc7MNK+a0b9NMJ6NlNHGUR+cObYVaL/5zc9GqTdqOudZzp9BWitZWlkIH+KUzMTGZNXW02qbQsIitOw/9b2eDPeJ8Si6Xr18+p4x7CUMXkj+4lyx+ZNcGKedZStSyacMdG5flPDzLs2wLFVy5YFo2FvJmtX6L4VcQDvfo43PtePp/W9Ysqle7mk5GZhEhAAAAAAAA8MX7YpOGvGDc8J9EWjevXlCyeFHdzljUrfC2dYvF+1SuWHbpnCk6+Yg8o4UzJ1avUkGHA/48sFf/Xp2FWu/5+E6ZrWYzTyl+mbdSqKlzhzbFiriK3Dtz8kgbayu1TVnrMdQjztfMzEx3/7HyCw5BdcXOttCeLat0vqK0ZrVKFcuX0e2YecfUsUNMTXXwikXHxN68c18XFeVIphivXu1qUjJCiecLsogQAAAAAAAA+LKZGbqAvG724jVZL9pYWxUtUrhk8aL169awsrQUutfG2qp6lQq+T19kbZo2/uevalfXOLtKpYqJjfvw8ZNKJStRrIhtIRuNwV6t6pVnTh65cOVGta0O9nY7NiyVskIoJSU1ODQs6HOIa2Hnwi5OFubm4v1NTORb1y3u0HNoaFiExsE16tuj44hBPwq1Pn/59udxM7M9+B3vh/cfPa1To0rWJrlcvnrx9J4e49TeWLyoW+cObdQ23fZ+8MDXL+MVQz3iPCU8IirjlwUszK2srDR++1lZWg7u133LzoM6rycwKFjoEEohDx/7SehlAPu3/25tJfjDJ51KpYqNiw/8FBwaFm5rW8itsLOLs6NI/+Vrt/g9f63TSrXw8VOwyIJIExOTQgVt1DapVKromFihG1UqlUwmszA3b9dabKHzW/+AS1dv+fg+jYiMcivsUrlCmXJlShUvVqRU8SKZ1lv/deKctL9Q7vL02p91qd+wgX28fWbkfPC0kSWmiQAAAAAAAADyHQJCDU6evSzewaNvt7HDBgi11qtdPWtAWLyoW68u34kP+9Y/YP7y9Y+ePFMqVekXTUzk1SpXnDllZPkypUTu7frDN7sPnnj3PiBr07J5U8R3FlUoFFt3Hjpw9HRE5P9EO/Z2tt07tRvu0Udk/Y2FufmyeVMHj87pMWadO7SZPGawUGtAYNCPQyfmcIpJM5ZcPLZD7d+lfFn3dq2anLt8I2vTb4unq03vUlMVU2b9z/JBAz7ivGOt506vPX9lvW5jY92xfatRg/va2FgL3duvV6fcCAj7/Tw50zd2PjXco49bYWfxPg8fP1u+dsuzF68zfoPJZLKCNtZ9e3Yc2KerpWWBjNdVKtWMBb+duXgtd0qWpGv/USKtZdxL/LVzvdqmhSs3Hjl5XnzwRg3qCC24TElJXbhy44kzl9Kv+D1/feX67fQvu3VsN6hf96JuhWUymVKp+uPPA5r+KgZTr3a14R59xIM9tcliVsM8ehMQAgAAAAAAAF8q9vHLKa89f506/49Qa1F1+1Uunz9VZJWYQqFYvXFH1/6jHvj6ZfpkX6lUPXryrOfAsSvXbRNZCCWXy5fNnZz1eqXyZcTXtL31D/iu59DNXvuyhiiRUdFbdx76tvvgl2/8RUaoU6NKtcrlRTpo1LZl49kCh/zJZLKw8IgeA8cqlcqcTJH21/Hac0SoddbU0Vm3uGzfpplQaLfZa19sXHzGK4Z6xPlCXFz8vsN/N2nf59S5K0J9bAsVbFCvpn7ryjcsLCwG9esu0iEhMXHyrGUDR057+uxVpm8wmUwWGxfv6bW/6Xd9jp/+/3mYUqkaPXW+YdPB3FalUjmhptlL1mRMB7P668S5Dj2H9vQYd9v7wfHTFxMTk3KnRu0IpXfDPHrraoNQNhoFAAAAAAAAvlQEhDpw4rTgJ8vJycmZrtStVa1yhbJC/aOiY7/rOXTn/qPiM+45dOLb7oOjomOEOlQoV7p+nRqZLi6ZIxYpeXrt79p/VHBImEif0LCIngPHbty6R6TPwpnZX97XqEGdZXMFz0eMiY3r2n+0rj6a37B1d6YNMNPZWFtNnzg84xUzM9NZU9WvbQoNi9i261DGKwZ8xPnLzEW/BwQGCbXWrVlVv+XkGzMmDTc3F1z87ff8dYsO/S5dvSk+SGqqYu7StfOWrVOpVKmpCo9Rv+SFQ/VyVVn3kmqvq1Sq85evSxnh5et3IybOmb9c/SrGPGWYR2+RwwilrwuUstAQAAAAAAAAQH7EFqM6UKCA4KadL1+/y3RlyIAeIkONmTpPPKJLFxoWMXLy3D1/rBLqMLh/97v3H6V/aWdbyL1kMaHOz16+kf6R8ZadB5s3qV+1kvqVgqVKFLW3s42MipY4WrraNaqsWzZbKB1MTEzq/tMYkWPGsuGXuSv+WLNQbVPXH77ZvvtwYFBw2pezpowSOmxy0sylma4Y6hHnR7MXr9m+fonaJveSxfVeTv7Qunkjoabk5ORBY35NTkmRONSxUxefPHsVH5/w8dNn3RWYRwkdfimXy8uUKvnqrdja6DxLZLPQLWsW6WQKn2vHNfbx9nksk8k8d+xL+wMAAAAAAACAvI8VhDrQr1cnoSafR08zXalVrbJQ5zMXr2U9sFDE02evRDZprFX9fybq3a2DUE+FQjF68jzp88pksjFTF6SmCm6A2bur4FxCKpUv88fvC4U+wU9JSe0zZKLEXE26ez6+93x81TbJ5fLVi6en/blUiaI/fNtKbbdb93wePXmW6aKhHnF+9PBx5lcvXfFibvqtJX8o417CxtpKqHXmot+1XWL78vU7Y0gHZTJZet6f1S7PFULvcUhRr3a1erWrbVmzaMuaRSIrFwEAAAAAAADkHQSEOWJjY71s3hShnR6DPof4fwjMeKVG1UqWlgXUdo6LT5i5cLW2Bcxesjbuf0+/S2dhYZExQPq2dVOhQdZ67gqLiNRq3ojIqDWbdwi1ftummVajuZcsvnPzCjMzU7WtCoVi0Ohf3r0P0GpMiabMWiZ01F+FcqXbtWoik8lWL56hdl1jaqpi6uzlmS4a8BHnR0qlUuj1t7YSjMGMWZ/uPwg1/ffg8YUr/+q3nPzk9dv3Qk2WlgXmTx9348y+kUP6FnZx0m9dOSJ95bd+pMeEhi4EAAAAAAAAgAZsMarB1LFDs160sirgWtjZ1cW5dKniQltiymSy3zdljtCaN/5KqPONW95KpVLb8pRK5bVb3u0FArlmjb564OuX9ueiRVzV9lGpVLsPHtN2XplMtvvgiYmjBqn96xdxc5E+jpury76tvwmdqaZSqcZMXfDY72U2KpQiKjpm685DQnv0zZo62srKqnQp9XtdbvbaF5slujPgI86P7GwLmZqqD4ZDQsP1Xk4+UL1yBaGmPYdO6rcWWa3qlb2vHJHYWehB683f5/6ZMWmk0DLltF/4GDqg59ABPRMSE1+99r92696JM5d1vnBZ50R2GTWUtJhw6LgZhi4EAAAAAAAAgCACQg36dP8+ezceP33p3OUbmS66uQomZ/89fJK9ie4/fCKUHmWcztxM/bOOiY1TKlXZmzo6Js7OtmDW60JzZWVpYXH4z3VCS+5kMtmv81beuueTvfIk2uy1r3vnb50c7LM22VhbzZk2Wu1doWER23YdynrdgI84P+r0XRuhpg8fP+l8OjvbQkILFrPS7YGXumJnV0io6Y73A/3WIssLsZ90ycnJ/975r+nX9TT2tLK0rF61YvWqFUcN6RcXn/Dk2ctzl64fO3Uh2z8qjVC92tWGe/TJawscAQAAAAAAAKQjIMwVZy5em7t0bdbrhZ0FN6+7dTebMZjIjS5Ojml/KGhjLbTS8WNg9o8fCwj8ZGdbPut1uVxe0MY66+q6rGxsrMU7ZDtU08q0OSu2rtVuT7xJM5eqvW6oR5wfubm6jB3WX6hVZEPIbDu6e4P0zleu3544Y4nOa8ihQgVt1F5PTk6OT0jUezn5zPhfFx3+c53QmmC1bKyt6tepUb9OjWnjhp44e2XNph1SfrLp02avfXltBWGaYR69CQgBAAAAAACAPIszCHPFp6BgtdcdHezUXlcqVQGBQdmb6+Onz0LrWpwc/++quBLFiwjd/vzVm+zNK5PJXr5+J9RUskTRbA+b0Z4/VolsCagr/z14fPf+I+n9b93zefTkmdomQz3ifKdl04YHvdYIrT9TqVQX/jHwcXrFi7oZtgC1ClhYqL0erOWOrG6uLt5XjmT9b+ywATqqNC9SKpXdfxrz1j87B5paWFh079ju6qm9834dmwulZV+92tUMXYJ63j6PDV0CAAAAAAAAAEGsIMwVg/p179ax3ZAxM1699c94XSFwBJ3wOYaSCN2e+v92U0xNFdxW0dzcPNvzitwrfSNHcYVdnH5fMnPstAU6GU3ElFnLLh3faWameb/E1FTF1NnLhVoN9YjzoLKlS1ar/D8LTMuVcXewty3rXqJOzapF3AqL3Pv46Yu8f/abQahU6qNiMy23+jQ1MVGbztarlUfTJl1Jywg3r55fr1Y1kRNkhZiYyDu2b21bqOCE6Ytzp8Avx38PCAgBAAAAAACAvIuAMLfY2Rbas2Vll36jAjOsJgwPj5SVKZW1s1wur1i+9POXb7MxUfmy7kIfc0dERKb9QeQ4twrlSmdjUo33+n8IzPawmTT9ul7/Xp13HTimqwHVio6J3bLzwIhBP2rsuXHbHpE9Bg31iDWysDBPTkmR0lP6EZLiOnzTosM3LbJ37/K1W3RSw5cnMSnJ3FzNA3JydDBEOfmSUqn8edzMwi5OU8YMadm0QTaOUWzRpMHvS2aO/3Vh7hSonWED+xi6BDW8fR6zvygAAAAAAACQl7HFqAbJKSlq/0tJSRVaypPOwsJiz5ZVGa98DgkV6tygbq3sVfj1V7WFmj7/vzVYiYlJQtUWFV3IJU7oXpVKlZiYlO1hs5owcmCNqpV0OKBaf+w4EBYeId4nNCzCa89fIh0M9YjTJCULRoAVyrpLnE5o21KlwOJInbt2895jv5f6mSvfiY2NU3vd3NzMwV799rZQKzgkbMrsZY3a9f590w7fpy+Sk5O1ur1546+GDOiRa9VpIQ9uMerptX/ouBmGrgIAAAAAAACAGFYQatCgdXeR1oI21i2bNvTo2610qeJqO9jb2XZs3/rEmUtpXwYKnE0ok8lq16i8c//RbFRYq7pgchb46f9Pl5SUbGlZIGsfG2srMzNTkT1IhZiZmdpYW6ltSpG2Uk06uVzuuXr+t90HR0XH6HbkTKbMXr59/RKRDpNmLhUfwYCPWCaThQgfRFe+rPv9R0+lTGdbyEbt9dx+8dP4Pn0x7pc8sTArb4qMihHanbVRgzqnzl3RZzFxcfGLVm2S2Hnx7Em5XE52JCcn/7nv6J/7jspksjLuJTp91/rr+nXcSxRTu0wzk749Om7deUgvZQrKm+kgawcBAAAAAACAvI+AMEdi4+JPnr188uzl4R59hnn0VttnuEfv9IDw7MVrwz3UbwfXuEHdgjbWIntXqlXQxrpJw3pCrWcvXU//81v/gMoVy6rtNm3cz9I/5U83ZcwQoabX7z5oO5pMJvN78bqom6udbUG1rZaWBXZ5rujYZ3g2RpbO59HT0LAIZyf1uzUGBAY9evJMfAQDPmLxgLCMewmJMwodLRkRGSVxhGx74Os3eMyvuTd+YmJSSmqqxM7vA3S2Ta4O3fZ+IPRGHjn4Rz0HhC/f+J+5eE1i52njhwm9u/OIN+8+rN64Y/XGHTKZrGL50gN6d2nXqonIBqT2drZODvZhkrf5zQ15Z39RT6/9MpmMaBAAAAAAAADILwgIdWOz177vvmleoliRrE3OTo7pf/b/EBgTG1eooJoVWubmZmuWzRo8Wrt0ZPXiGUIrXeLi4t+9D0j/8sSZS0K5QreO7fb99fcbbVK9Mu4lenRuL9T691mtU4oXr97+OGRi8aJuR3dvNDNT/4l8iWJFls6Z/Mu8ldoOrpW1njvnTx+ntmnluq0abzfgI06LMIXGqVShjJTpKpUvI3TeYWiYhv1XcyIuLn7mot//uXEn96aQyWTf9Ryqh5gzV+0/csqjbze1TUXdCg/36ENCoxPPX76dseC3ecvWjx/+U+9uHYTeFOXKlgrzNmRAKGLouBnePo+FWn2uHZc4Tu1mnXRXFAAAAAAAAIC8gjMIdebFq7dqr5ubm2VMvO54PxQaoU6NKq2bN5I+Y+tmX4vsL3fnv0cZvzzy9wWhYwjlcvmGlXOlzyuTyTasmCP0iblKpTry93mtRnv3/mOfIRPT8q2JMxaL9GzXumnXH77RanBtiazwi41LkDKCoR6xTCb78PGTQqF+t9jqVSqqDbAzmfPLGKGmW/ceaLw9246fuZTb6eCXITgkLDxCMOMc+lOvnJwqikySk5OXr92ydZfgPqKlS6rfXFo/6tWuJvTzwdNrv0g6KH1j0rR1gQAAAAAAAAC+PASEOuPoYC/UVMT1/39kv2n7XpFBFs+aULtGFSnT1apeefHsiSIdNm37n4mSk5MfPXku1NmtsPPqxdNNTDR/P5iYmPy26Fc3VxehDo/9XiYmJmkcJ11gUHCPgWOUSmXal9dveYsvgZoxaWT5su7Sx9c/Qz3iNB8+ql9EKJfLF80SGy1txkrl1S80VKlUV/+9K3571lve+gdk/C8lRXB7zz7dvheaGpkcO3VBqMnERL7Tc0Xxom76rSg/8Vw9f/HsSRYC++iqdeuuj1BTfEKijurSJY2nAErcmNTb5zELUgEAAAAAAIAvFQGhbhR2capWuYJQ6+eQsPQ/v3n34ead+0I9LSwstq9fsnj2JJGszsTEZNGsiV4bllpYWAj1ue394NVb/0wXp81ZLrSIUCaTtWjS4MrJXeLZVa3qla+c3NWyaUOhDiqV6pe5K0RGyKpLv1Gpqf+z6M3Ta7/IS2RiIvfasNTaylKrWfTJgI847brQLdWrVJg4ykOotVL5MmuXzRJq/Rwcmh7iSrTuj11d+4/K+F/91t3u+fiq7SyXyzevni8losaGrbvj4gUXszo52J/Yt3n8iIHigwht5Ptlq1i+dP26Ndu3aXb9zN5+PTuamKhfBp1Jry7fCTWJ/NaFHqjN+XSY6nnuIB0EAAAAAAAAvlh8HK8D9evUOPznOqGD4hQKRXJycsYr0xf8plQKBnUymax9m2ZXTu4a0LtLGfcSGa+XcS8xoHeXKyd3fde2ucjtSqXq13mrsl7/HBJ29tJ1kRttCxXcvn7J6sXTWzZtmDGBs7aybNm04W+LfvXasNS2UEGRES7+czMwKFikQyZR0bGZXpw0Y6bN/yQ8jo211Y6Ny6TPon+GesQymWzz9n0iMXD/Xp3PHN6Waa2etZXlrxOG7d36m9qjE9PsPnhCpB7pxk5bkJCoftGVnW2hJXMm6WSWL5tSqVq5bptIB7lc/lOfLuePePXt0THTN5iNjXXzxl/N/WXs0d0bc7/SPGfauJ/T/mBhYTFp9ODbFw6vmD9NZOmqmZnpwpkTvmnVRG2rSqXKdAionqndKVRjqieyMWlG3j6PRTYpBQAAAAAAAJDfqc+0kG76xOFqr5uYmDg7OTo72ZcsXlQkVpHJZB8/fc50JSo6ZuX6rVPHDhW5y7ZQwQkjB04YOVCpVCUlJyUkJNnb2Upc77Jm85+RUdFqm+YuXdegbk1HBzuR21s0adCiSQOZTJaYmJSSmmpuZmZpWUDKvFHRsbOXrJHSM12qQv2ek0qlqs+QiWcPbxOaunxZ9xmTRixatUmr6fTGgI84Kjrmxu3/mn5dT+het8LO+7atVipVMbGxSUnJ9va2GrdbjE9I3HNINwFhYmLS5FnLNqyYo7b1m5ZNjp++JLL+Ms+ytrL8759jWt3yIzxi+gAAIABJREFUxO/FgBFTszfdsVMXundqV7VSeZE+Ls6Ok8cMTsuxomNik5NT7O1shX6PwRg42NvVql454xVzc7M2LRq1adEoNVXxPiDw+au3wSFhIaHhMpnM0cGuWpUKNapUFPnp91zg3Fm98fTaP8yjd6Yrukr1WD4IAAAAAAAAfNmM98NiiXp0bp/DEVZv3JH14r7Df5cpVaJ7p2813m5iIreytLSylLqj5vHTl3buPyrUmpyc3GfIhJP7NovsXZnO0rKApUxSNCiTyZJTUnoPHq/V6YPioqJjBo+dvmvzSqHMrHunb719fM9dvqGrGXXLUI9YJpMtXLnx9MEtpqZie0iamMjtbAtJnHGd506JPaW4eef+hSv/tm3ZWG3rqgW/tOzYX4ffSHojMdxNZ2NjnZPpBo6cdubQNmcnB4095XItnvUXbMrYIXK5+mdkZmZaxr1EptWWGi35zVNHpWXTZq992dhNVMoBhDoMGgEAAAAAAADkTWwxmruCgkP/uXFHbdOiVZtu3vXR7XT3fHznLl0r3ic4JMxj9K+Zjv3LIYVCMXTszKDPITocUyaTPX32asGKDSIdFs2aWKJYEd1OqkMGfMS/zle/AWk2XP333v4jp3Q1Wppf5q2Mio5V22RpWWD98tm6ne6LlJqq6DFwrMhhhNlTVfgs1XzNzMy0bQv1mXT2PHv55tGTZzocUG+k7C+qq1MMAQAAAAAAAORZBIS5KDIqupfHOJEOoybP3b77sMiJcVrZffDEz+NmSun59NmrTj8ODwuP0Mm8kVHRXfqNyqXPyo+dunD07wtCraamprs8V2jcIdOADPWIL1z59899YqsMJfL/EDhxxqKcj5OJUqkcPWWu0MtSt1a1zh3a6HzSL09kVHS7boNevvHX4ZhnLvyjw9Hyjkrly5iZia2p1UpgUPBPI6bpajR9kpIOenrt10stAAAAAAAAAAyJgDC3BAQG/dB7WHSM+mVS6db9sWv4hNkJiYk5mSs5OXnM1Pmr1m+TfktgUPA3XQddv+Wdk3llMtnd/x627TLww8dPORxHxPzl6/1evBZqtbMttGXtwtybPecM9Yh/37Rj3rJ1SmX2s8lLV2927jsiJyOIeOz38tCxM0KtMyaNdHKwz415vzBxcfE9B449ePR0zkPox34v23T6aeai33VUWt7y2O/lTyOmBYeE5Xyot/4BXfqOTE5O1kVd+qZxf1Fvn8csHwQAAAAAAACMAQGh7oVFRM5ZsvaH3sNi4+Kl9L97/1GTb3tv2r43GxlScnLy9t2Hv/6m143b/2l7r1KpHDttQbcBo32fvtD23rQd9voMnjBswmzd7laq1sCRv0RFxwi11qhaaeywAbldQ04Y6hEfO3Wxx8Ax2VhhFhUdO2fJ2smzlml7o1aWrPYUCmzMzEy3rNX9ysUv1ZLVnu27D7551ycbMaFKpfJ9+mL4xNn9h00Oi4jMnQLzhEdPnrXrNmjRqk3+HwKzN0JycvLi3zZ37T8qOSVF19XlFZ47SAcBAAAAAAAAo2Bm6ALyhODQ7C8rUSpVCoUiOjY24GOQ79MX+w6fDAwKzsYgf+w4sHXnwV5dO7Rv07xi+dLi22ampKS+eut/9uL13QePK5XKbBcvk8nevPswYPiUMu4lBvXt1qBeLWcnB/H+YRGR3j6PvfYcfv7yrfRZIiOjc1JkcnJy36GTju3ZJLRJ4MAfu27ctkcnUeXnkNCcD5KVoR7xm3cfeg4cW7F86SljhlStVN7SsoBIZ4VCERD4eduuQyfPXpY4fkJikkqlksvlWZukrNb6efzMI7s2mpioub10qeI1qlbKxta1Im9nhSKn3yE5/E7WdljpifLnkLBRk+c6OzkM8+jTqH7tIq4uah9KupSU1I+fgq5cv7Nt9+E4Tb/KkJiYaGNtlfV6UpIWq+hSU3MaqkUIv/hBwVLftoePnz18/KyTg/2Qn3p+/VXtom6Fzc01/DuoUChevvE/ff7qgSOn8nU0WK92NfEtRr19Hnv7PNZjRQAAAAAAAAAMRl6raUdD1wA1KlcsW69WdTdXZxcnx4IFrZUKZWJSUkho+KfPoQ98/XLpwD+ZTGZpWaB1s69LFCviWti5sLNjSmqqubl5aFj455CwgI9Bl67d0pglQCKDPOKiboXbtGhcvKirg72dvZ2tmZlpVHRsRGRkSFjErbs+Po+e5sak0D8zM9PmjRuULV2isLOTi7OjnW2hpOTkiMjosPCIT0HBV/+9l6vbAucvbq4uzRt9VbRIYQd7O0d7u1SFwtraKjw8MiQs4nNwyOu3H27d8zF0jbpRr3a1LWvEFuYOHTeDgBAAAAAAAAAwEgSEAAB8+basWSSygtDTaz+nDwIAAAAAAADGgzMIAQD48onvL0o6CAAAAAAAABgVAkIAAL5w4umgp9d+PdYCAAAAAAAAwPAICAEA+MLVq1VdqMnb5zHLBwEAAAAAAABjQ0AIAMAXbrPXPm+fx1mve3rtHzpuhiEqAgAAAAAAAGBI8lpNOxq6BgAAAAAAAAAAAAB6wgpCAAAAAAAAAAAAwIgQEAIAAAAAAAAAAABGhIAQAAAAAAAAAAAAMCIEhAAAAAAAAAAAAIARISAEAAAAAAAAAAAAjAgBIQAAAAAAAAAAAGBECAgBAAAAAAAAAAAAI0JACAAAAAAAAAAAABgRAkIAAAAAAAAAAADAiBAQAgAAAAAAAAAAAEaEgBAAAAAAAAAAAAAwIgSEAAAAAAAAAAAAgBEhIAQAAAAAAAAAAACMCAEhAAAAAAAAAAAAYEQICAEAAAAAAAAAAAAjQkAIAAAAAAAAAAAAGBECQgAAAAAAAAAAAMCIEBACAAAAAAAAAAAARoSAEAAAAAAAAAAAADAiBIQAAAAAAAAAAACAESEgBAAAAAAAAAAAAIwIASEAAAAAAAAAAABgRAgIAQAAAAAAAAAAACNCQAgAAAAAAAAAAAAYEQJCAAAAAAAAAAAAwIgQEAIAAAAAAAAAAABGhIAQAAAAAAAAAAAAMCIEhAAAAAAAAAAAAIARISAEAAAAAAAAAAAAjAgBIQAAAAAAAAAAAGBECAgBAAAAAAAAAAAAI0JACAAAAAAAAAAAABgRAkIAAAAAAAAAAADAiBAQAgAAAAAAAAAAAEaEgBAAAAAAAAAAAAAwIgSEAAAAAAAAAAAAgBEhIAQAAAAAAAAAAACMCAEhAAAAAAAAAAAAYETkKpXK0DUAAAAAAAAAAAAA0BNWEAIAAAAAAAAAAABGhIAQAAAAAAAAAAAAMCIEhAAAAAAAAAAAAIARISAEAAAAAAAAAAAAjAgBIQAAAAAAAAAAAGBECAgBAAAAAAAAAAAAI0JACAAAAAAAAAAAABgRAkIAAAAAAAAAAADAiBAQAgAAAAAAAAAAAEaEgBAAAAAAAAAAAAAwIgSEAAAAAAAAAAAAgBEhIAQAAAAAAAAAAACMCAEhAAAAAAAAAAAAYEQICAEAAAAAAAAAAAAjQkAIAAAAAAAAAAAAGBECQgAAAAAAAAAAAMCIEBACAAAAAAAAAAAARoSAEAAAAAAAAAAAADAiBIQAAAAAAAAAAACAESEgBAAAAAAAAAAAAIwIASEAAAAAAAAAAABgRAgIAQAAAAAAAAAAACNCQAgAAAAAAAAAAAAYEQJCAAAAAAAAAAAAwIgQEAIAAAAAAAAAAABGhIAQAAAAAAAAAAAAMCIEhAAAAAAAAAAAAIARISAEAAAAAAAAAAAAjAgBIQAAAAAAAAAAAGBECAgBAAAAAAAAAAAAI0JACAAAAAAAAAAAABgRAkIAAAAAAAAAAADAiBAQAgAAAAAAAAAAAEaEgBAAAAAAAAAAAAAwIgSEAAAAAAAAAAAAgBEhIAQAAAAAAAAAAACMCAEhAAAAAAAAAAAAYEQICAEAAAAAAAAAAAAjQkAIAAAAAAAAAAAAGBECQgAAAAAAAAAAAMCIEBACAAAAAAAAAAAARsTM0AUAAAAAAJDPJCYmHTx22ueR36s3/gGBQWXcS5QrXap5k/rftm5mYiI3dHXQn8d+L4/+ff7lG/83b98XKGBRrnSpiuVL/9j9BzdXF0OXBgAAAIiRq1QqQ9cAAAAAAEC+4fPo6a/zVn4OCcvaVLVS+WXzphQr4mqIuqBXqamKZWv+OHz8rNrWiaM8+vfqrPeiAAAAAKkICAEAAAAAkOpTUHCPgWPj4hOEOlSuUHbHxqUWFhb6rQv6tn7L7m27Dol0WLlgWuvmjfRYEQAAAKAFziAEAAAAAECq1Zt2iKSDMpnM78Xro6cu6rEiGMDLN/7i6aBMJpuzZK1SqdRXRQAAAIB2CAgBAAC+WCkpqaFhER8/fY6JjWPfCADIOaVSefPOfY3dfJ8810s5MJiHj59p7BMXn/A+4JNeygEAAAC0ZmboAgAAAKAbcfEJ9x8+ufvfw2cv34SEhoeGRWRa4+Lq4lS4sLOLk0O5MqWaNKhbtXJ5ExN+XQzIN16+8X/x8k327pWbmNjbFnKwt7O3K2Rvb2tlaanr6ozFp88h4ssH0/i9eK2XcmAwoWHhUrq9ex/gXrJY7pcDAAAAaI2AEAAAIH+Ljok9fvritZv3vH0ei/f8HBL2OSRMJpNdvnb7jx0HbKyt2rZs0qJJ/QZ1a1paFtBXvQCy6dbd+6s37tDVaLWqV27V7OumX9d1L1lcV2MaA2srSdmqbaGCuV8LDEliym5tbZX7tQAAAADZQUAIAACQX0VFx+z7629Pr/3Zuz0uPuHYqQvHTl1wdXGaNHpwmxaN5HK5rmsEkEc98PV74Ov324btxYu6fdOqSe+uHVycHQ1dVD7gYG/n6GAXHhEl3q16lYr6qgiG4exoL6VbxXJlcr8WAAAAIDsICAEAAPKfpKTkbbsPb/nzgE5G+xwSNnXO8lrVK08ZM6RKpXI6GTNf+xQUvGHbXqFWczOzscP6O9jb6bcoILcEBAZt3334wJFTY4cN6NaxnampqaEryuvat2m+59AJ8T7NG3+lr3LUu3XP59T5q0KtboWdRwzqY4TPesGKDUnJKUKtvbp8V71KBYlD1a1VTWOferWr2dmylhQAAAB5FAEhAABAPvPx0+cps5bp/ICrB75+fX+e1LdHx4mjPIz8bMKY2LhT566IdGhYr2a71k31WBGQ6+LiE5as9jx26uKsKaMqVyxr6HLytFFD+9647e3/IVCoQ+9u30tJj3LV+4BP4j/HenRu7+ripMeK8oQjJ8+LtFpZFpAeELq5usz7deycJWtF+syZNkbLAgEAAAD9MeqPfgAAAPKd67e8e3mM03k6mG7PoROzF69RKBS5ND6AvMzvxesfh068//CJoQvJ06wsLTetmie0RvDngb0mjPhJ70XBADq2bz176mgbdacMli/rvvuPlcWLuhmiLgAAAEASVhACAADkG3sPn1yxdmtuz3Lq/D+JScmLZ0+0MDfP7bkA5EFjpy34c9PysqVLGrqQvKuIW+Hfl8y8+9/Dh0+ev333wcTU1MqyQOlSxRvVr+Nespihq4P+dPm+bcumDS5evfXOPyAyOiY5Odm9RLHyZd1bNWtohDu4AgAAIH8hIAQAAMgfLl29qYd0MH2uyTOTf18yw8j3GgWMU1x8ws/jZ+7burqw8W1BqZX6dWvWr1vT0FXAwOztbLt3bGfoKgAAAACt8YkPAABAPuD79MXkWcv0OWN4RJRKpdLnjADyjvCIqHnL1hm6CgAAAABAbmEFIQAAQF73KSh4xMTZWt1iY23VomnD6lUq2NvZ2tsWSkxKCgmLCA4OvXH7PynnF9avU+O3xdPZHg3Idzp3aJv1Ykpq6sfAoPcBgeERUdKHunnX5+Xrd+XLuuu0QAAAAABAnkBACAAAkNet3rQjLj5BYudWzRoO7NO1auXyancHHTmk7/uAwPOX/92x9y+hMVs1a7hk9iQLC4uMF5VKpUKhFJnXzMxULpdLqVB8KFNTE233NVUqVR8/BUVGRkdGx0RHx0RExaSkpDg62Ls4Obg4Ozo5Otjb2ZqYSKrNUOLiE0JCw0PDIoJDw0LDwuVyeWFnJxdnRxdnR2cnBytLy2yPrFAolEr1K0HlcrmZWeYMODklJTg4LDgsPDg4NDg0zNTUtKhb4SJuhYu6FbYtVFD6vKmpis8hoZ+DQz99DlEoFPEJic6OaY/DvlgRV4nfKtpKTEwKCQsPDgn7HBIWEhpuamrq6vJ/X0YXJ4dM39LSpaYqhFbTmpjIs+boKpUqPDIqPDwyJDQ8JCwiPCKyX89O5ub6+H9eY4cN8OjbTaRDckqK//uPf+4/durcFSkD7j3895xpo7NXTC49DnEKhSIsPDI4NDw4JCw4NCwhIdHRwb6wi6Ozo0NhF2c728zfw9q+QdIplapURapQq6mJiba/YJGckvIh4FNUTGxUVHRUdGxUdIxcLnN2+r8vl5OjQ6GCNloNqHP6eSMEh4QFBAbFxMbFxMTFxsXFJyRaWhYoaGNdqKCNnZ1tudIltfpBpAcpKakqmeBqe3Mzs2z/uFMoFOERUaFhEcGh4SFh4dHRMXa2hQqnvYmcHBzs7bK9B7hKpUpNVQi1mpqaZv0XMykpOTg0LCQ0PCQ0PCY2TiaXW1kWcHF2dHZ0KFbEtUCBXHk7AwAAILcREAIAAORpDx8/u3DlXyk9K1coO3PyyCqVyol3K1m86JABPTp913r1Rq8zF69lau3coc3MySOzftR78uyVuUvXigx7dPdG95LFpNS576+/V67bJtTq6uJ0dM9GKZFYWHjEnf8e3fF+eOnqTY0BqquLU4niRWrXqNqwXs3qVSpm+pBaoVA8fPI8/Uu/56/ER7vt/dBF3dls5qam1atW1Fh5uhev3p6+cPXk2cvi67ocHew6d2j7XdvmZUuXlD54mjlL14lEQZ6/L6hfp0ban/2evz5x5tLJs5eFXkwba6v+vTr36Nze0cFOaMDklJTLV2/tPnjiybOXQn1cXZy6/tDum1aN3UsW1/Jvo17Q55BT5/85dupiQGCQSLfqVSt26dC2dfOvtQ0Y2nXzEHpANtZWJ/Z5pr8gQZ9Dzly8duTk+UyV9OzynX4CQo0szM3Ll3VfOGP8oL7dVq3fdvOuj3j/Y6cujB7a18nRQfoUuf041FIqld4+vn+f++fk2csi3erVrtapfZuWTRvY2FinXZH+Bslk6Njp9x89Fbqxc4e2EoPVt/4Bd+8/unX3/tV/72nsXKpE0ZLFi9avW7NB3RrlypTKlDxFRce8fvch/ctbd++Lj+bt41vErXDW6w52tqVLqXlv5tIbQaVS+T1//e/d+0/8Xvg+faFxkWupEkVr16jyTasmDerWlJKQ+b14nZCYpLFbmus3791v21xtU5UKZS0tC2S6ePf+o2HjZ4kMeOrglqLqXmQR8QmJV67fPnH60t37j8R7Nm5Y94dvWzVv9FXWwsT5fwjs0m+kUGudGlW2rV+S9meFQuHt8/jkuSviv1LQsX3rb9s0/ap2DZFMHQAAAHlQnvi/qQAAAFBLpVKt2rBdSs8O37SYOXmk9E8JXZwdF8+e1KrZ11Nm//+jDfv36jxh5MBcWt0l0eeQsPj4BPGA8HNI2Pbdhw8ePa3VsJ9Dwrx9Hm/584BMJuv6wzf9enZK/xB898ETv2/aIX20Y6cuHDt1Iet1G2urG2f3a7w9Lj7h5NnLR06ef/n6nZTpwiOitu8+vH334coVynb5vu3337bMyZrCjN4HfKpfp8Zjv5fzl6/XWExcfMJmr32bvfb17tqhf+/OmT71joyKPnz83L6/Tmr8fP9zSNim7Xs3bd/bvPFXs6eOEYkbxalUqsvXbh05eV5jypXG98lz3yfP5y9f375Nsz7df6hepUL25s0oLj4hIjLK0cEu4GPQktWbJVaSF5RxL7FiwS8/Dpng/yFQvOeN2/c7fdda44CGehyJiUk79x87cPSUlN1TvX0ee/s8lslkg/v3GDGoj8ZFfmlvELVNz1+9zV7B6Z48e7lx6x6tvmf8PwT6fwi8fss77fcGenft0KNze3s727TWGQtX/3v7P+mjzVy4Wu31dq2bLp0zWfo42X4jBAQGnT5/9eTZy+JZciZpL8KxUxddXZz69+7cq0sHkVDK98nzASOmSh/8c0jY4NG/qm36a+f6Mu4lMl18r+ntoxXfJ8+P/K3+Hxe1/r39X9oT79axXdfvv9H460ESpX9vHz99aa3nn1LeWSfOXDpx5pKjg93iWZMa1KupkzIAAACgBwSEAAAAedeV63d8M6xsE9K7a4ep44ZmI9hr06LR5t/mD584WyaTjfm5/6B+3bNbqZ6oVKrtuw+v37I7h+McOXn+yMnz3Tq2mzl5ZNqn2zoqUDPfJ8+nL/hNqw/E0/m9eO332+s9h04smT25csWyOqhGpTpw9PTS1Z5a3bT/yKmTZy97bViafjrdi1dvR0yao9X5djKZ7Oq/93oMHJO9D5TDI6LmLl2blpRo68zFa2cuXhsx6MfB/bvr5KDNW/d8psxaps/vIp2wtrJcPm9qr0HjxbsFBn3WOJShHsezl29+mbtCY8aZ1bZdh3wePlk6d4q2N+pEXHzCghUbzl26npNBwiOiNm7bu3Hb3nm/ju3YvrVMJouOidVdjdkh/Y0QGRW9bdeh3QdP5GS6zyFhK9dtO3Xun3nTx5UvU0ptn/iExJxMoTfJycnrt+zedeB49m7/68S5v06c8+jbbfigPhbm5jmvJzYufvGqTVn3GBAXHhE1fOLs/r06jx7aN5f2EAYAAIBuZXPPegAAAOiB+HZ5aerXqTFp9OBsL/trUK/mzs0rVsyflvfTwaSk5FmLfs95OphOz2slFQrFlj8PDBgxNXvpYDr/D4E/Dp3otecvhULwECmJFq3apG06mCYuPsFj1C+v3vqn5Xy9Bo3XNh1Mk/aB8sV/bmp1193/HvYYOCZ7cVS6Tdv3Dhk74+MnzemXOK+9R0ZOmpvv0sE0FcqVTsuWRHz8FCzewSCPQ6lU/rnvaJ/BmldACrn/6GmXfiMf+vpl7/ZsCwoO9Rj1Sw7TwYwK5I0kRvob4dyl69/3+jmH6WA6vxevew4ce+2m5g1a86xXb/37DJmY7XQwndeevwaOmPbWPyCH48TFJ/QZPEHbdDDdrgPHRk2Zl/N/ngAAAKAHBIQAAAB5VGJi0j837oj3sbG2WjJncg5P/alepUKbFo1yMoIeKBSKSbOWnjr/jw7H7N+rkw5HExcXnzBk7IyN2/bqasC1njt/HjczIdFg62Pi4hMGjpi2ZLXn+F8X5nCouUvXSk+GvPb8NWzC7OzlkZk88PXr5TFO4kavQsSP5sr7KpYvLd7ho2iebajHsWLtVq22BVYrLj4hh2m9tsLCI/oOnZjDb7mMXF2c8shPb+lvhA8fg3QeqI/7ZaGU1fZ50LlL13v8NPZNhsMjc8Lvxeuu/Udduqrdr1xklcP3hbfPY08vzbttAwAAwOAICAEAAPKou/cfaewz8Mdu2T7CLX85e+m6VsdrafRNyyYlixfV4YAilErV7MW/P9D1WqX7j57OXbJOpVLpdljp4uITtDoJUmScX+evSk3VvOLk8rXbaz135nzGjFOPmTo/KtrAezMaULnSJcU7vA8QXKJnqMdx9O8L+4+c0uG8erN+yx6dhKnphgzoqZNtcvWpZ5f2NtZWOh92xKQ5UdExOh82V/k+ef7LvJU6H3byrGVPn73S+bBa2bLz4M079w1bAwAAADQiIAQAAMijNO6ZZmNt1adbB32VY0jJycnrdJpDyGSygT921e2AIv74c//la7dzY+TzV25s3304N0bWM98nz89d0rCj3Vv/gEkzl+h86s8hYTMW/qZUKnU+cr5QoEAB8Q5JSclqrxvqcTzw9Zu/fL3O59WDN+8+HDt1QYcD2lhbfd+upQ4H1A/bQgUH9++h82Hj4hN27j+m82FzT3BI2Pjpi3Jp8DHT5oeFR+TS4BLNX75eqTTY768AAABACgJCAACAPMrbx1e8Q9uWTWxsrPVVjiGdvXT9c0iYxm6ODna1qldu1azhNy2b1KpeWWRtZcN6tSpXLKvrMtW7+M/NXN1sbf2W3Vf/zcfnb6U7feGqSGtsXPwEyR+m16peuX2bZt+0bFK9akUp/f+9/d+WPw9KHPwLo/HEsqJFXLNeNNTjSExMyo1UUj927D0ipVvxom7169T4pmWTVs0aVq5QVmSx3eD+PSwtNeS7eVPPLt/lxiLC7bsPGzwVkygxMWnijCW6XU6aUXhE1ORZy5JTUnJpfCk+h4Q9fKzvMz4BAACgFTNDFwAAAAD1/D8I7uyXpnGDOvqqxcD8nr8W79CiSYOBP3atXqWiiYk843WFQhEaHvn46fMrN+7+c/12+sFXHv26Zewml8t0wrWwc6YriYlJc5eulXh7q2YN69Ss6uriLJPJgoJDvX0eSUz+5i9fd/bwdnNzHfxvextrK/eSxZVKpd8LDa+5xnFKFi9qYmLy5NlLibfcvOsTGhbh7OSgtnXXgWMa3xGlShQd1K97mxaNra0s0y9Gx8SevXjNc8d+8c/iN3vt69P9e9tCBSVWqxVTk7z7e5kvXr8V76B2J15DPY5zl29Iz1SaN/6qXu0ari5OFhYWEZFR7wMCT5//R8qvGuSSR0+eiXfw6NutY/vW7iWLZbqemJgUHBp2777vlRt3Mu603K1ju4zddPVt5iLwHsy59AptrK2GD/px1fptmTrUr1OjXu1qNatVKuzibGdbUKFQBoeEfQoOefrslcSl0leu3+ne6dtcqF1mZ6vLHw6Hjp+V+LPR1cXp+29blSxexM62UGRUjP+Hj8dPX5TyLnjg63fi9CVdvRppP9ILFLB4+fqd9CMkT1+4WrtGFZ0UAAAAgNxAQAgAAJAXJSQmauxTt1ZVvdRieK/e+ou0tm/TbOHMCSbqPhw3NTV1dXFybd6odfNGcfEJh4+f3fLnAfeSxevXqZGx24hBP452k2+iAAAgAElEQVQY9GP6ly9eve01aLzIjEvnTG7XuqmUys9fuSHls9RuHdv9/FOvwi5OGS/269kx6HPIxm17T569LH57eETUPzfutG3ZWEpJQhrVrz2gd5ev6tRIC1mVSuXrdx8Wr9qk7dGJdWpUGdi3W6P6tdOORlMqVf4fPi5d7SnlTM1L12716vJd1uvJKSl7Dp4Qv7dd66azp47OmEWlsS1UsGeX79q2bDx9/m+3vR+IjHDm4jW1s2vFxtqqXeum7iWLu5csVryom0qlMjMzzbPLvCKjos9dui7ep0Qxt0xXDPU4VCrVnkMa5k0zqF/3/r062dvZZro+5uf+Po+ezl++XmO6qXMpKanik86YNEIoy7G0LFCyeNGSxYt269juU1Dwjn1HDx497dG3W6YA1WvD0oxfHjh6eulqT5EZz/613fV/f+bokMY3QveO7bz2HE4Pun74ttXQn3qWKFYk0zjOTg5VKpVr3ezrH7t/v3XnIY1nT972fpjxZWxQr6bPteMZO9Ru1knk9u6dvp0xaYQ2f9HsUCgUew4e19jN0cFuzrQxTRrWzfSv26ghfa/+e2/24t81/uOy++Dxbh3byXP2KzDt2zTr+kO7OjWrpJcRFhF55OT5jVv3aLz3zIWrk0cPLlDAIicFAAAAIPcQEAIAAORFUtYHONgLbqH5hXnz7oNIa+vmX6tNBzOxsbb6qU+Xnl3aJyQk6bQ6QSqVaremHEUmk837dWzH9q3VNrm5usyfPq5GtUqLVm4UH2Tv4ZM5CQhHDuk7uF+PjOsvTUxMypcptXXtog1b93jt+UviOP17dR43fEBaNPj/xpGXLlV802/ztu06tHHbXvHbnz57pfb6lWu3xT8Kb9280ZLZk0Q+B3ewt1u3fPbQcTNE8s59h0/27Nw+Jx+m//Btq3HDBzg55tYCLN1SqVRzl67V+KOmiKtLpiuGehw+vn4vX78Tr9bG2mrTqnlCe5nK5fI6Nase2L5m6e9/6PY4QI2CgkPEO7Rt2UTKOEXcCv86Ydiwgb2trPJo6izxjWBpWeDngb2XrvZs17rpsIG9S5cqLj6mk6PDtPE/x8TFnzp3RaTb7Xs+CoUi44+gPOj6LW+NK1lrVa+8csE0ta+hqalpq2YNq1XeMHHGEvFliP4fAu/df1S/bs1sl7pi/rQ2LRpluujkYD90QM+mX9cb/8tC8b9IXHzC+4DA8mXds10AAAAAclXe3esGAADAmGn81D73Vn7kO5eu3lIqlRI7W1laipxNqFs+j55qzDPGjxgolA6m696x3TCP3uJ9Hvj6PXv5RvsaZWmLZoYO6Jlpd9Y0pqamo4b0LVVCzSaTWbVt2XjiKA+1H82bmJgMGdCzcgUN5z6GhoWrvS6+bMjRwW7WlFEagz0zM9NFsyaKnHzm/yHQR8vlkhn9sWbh/Onj8ks6mJKS+seOA1L2sK1bq1qmK4Z6HOLJUJq1y2ZpPOnw/7B312FRNHEcwBdQiROQEkRQBBEQC2wBEQslFAywFbu7C7u7W1+7CxNQDBBpJAVBUZQUFOQApd4/Fve99+7Y2wsE5Pt53ud9lr3Z2dmaO+e3MyMrW2/lwmndOpkJzE2CBJ4Qz6cCunJyUlVRlpfj7p1ZTTB/EAY59H147cQW94UCo4OUxbMn0lfg7PyCKhxFliGBHWFVVZT3bF5Bfw4baqjt2bxC4FSOV249EKmMBPk08UYHKcaG+ovnTBaYSeXNswgAAAAA4kOAEAAAAKA6+vnzF32CajtoYWXgOwsa5aH3i1GTF1687pGW8fUPFkqwR4IGb+xg1mq0qxOTrCaNcTE1NqRP4+XjJ0zpyqmqKM+dOpYmgYyMzLQJI5lktXTuFJpPpaSkZkwUkA/fK5ialkE/zOmYYc4MpwfT1mo4yLEvTQJf/2Am+fCaPnFkR7PWom37h5WUlNz3fOY4bPKR05cEJrbo0t6gWRPONVV4OZI+fqbPcPI4V/O2jAZelpGRWb9iHpOUkqIuKGC2adeRucs2PPB6nsfO/1OFkjyhHoS6deto8fRPpaekWN+ujzV9mtwfeULl+YdlZGYFh0XRp9myZpGykqLArNTVVDaumk+f5umL12yR7qjBA2ytunagT2Nj1VlgPP5r9jcR9g4AAAAAfwaGGAUAAACojgS2sH/NqkWNbg3VBXSXjI1PjI1P3L7vhKGBnrGhvkGzJs2a6jRrqtO4kRbfjnF/RvLnVPoEo12dGBZPRkZm+BCHlRt206T5/CVNyAISBEHY9bFmsRTo0/S27iowH3tbG4FdMy26tGcpyNOMTpnOL0CYkpZBn61tT0ZjM5IcbG3OXalw9i+B++Krqa722OHOImwocXceeOtoc08ZSM7iKVuvXmp65ucvafGJH5j36Rntwj1hWxVejqTkL/S5DXa0Zb5rVRVlJ/s+f2ygUTk5WfqbnyCI535BZJ9O8zYtmxvo6evpNmuqo99UV12tZnRL/TMPgkGzpvQJcnN/VHYZxCHwCTI00GMeZLXq2lFTQ42+02RqRmZzQSeNl+sge4FppKSkXJ36R0bH0aTJQoAQAAAAoBpDgBAAAACgOhI4vyA7v6D6z7QkKd27dfD08WWS8l1iEueoniwFeVNjQ1MTQ5MWBt06mQmMhEnWh490UyeyFOS7dhRikMMelp3pEyR/ERCP5MvaQkC2ZHhSR1vrcwpdALKnVRcmu9Nv1oSmNZmdX1BUVFy37v/+kSKwY+jspRuY7JoJ0QKE86a71atbV1JlEMfH5JTF7tsklZu+nm6n9m24VlbV5fhVVEQf1+zSoV1DIQde7tfL6k/ORNjHxuL2fW8mKUMjYkIjYqg/VVWU25gamxobtm7ZooNZq2pb7YvzIOT+yAuLiH2XmJT740dObl5Obm5Obh7fnvSx8YmCsmKLVoY/Q2AlM3iAEHFuaWmpwQP7HTpxgSZNevpXYQOETXW1DfUZbaLdSJM+wdes70LtGgAAAAD+JAQIAQAAAKojlQZKAtMkffrCNfrf36qndVfW7qP0nW/4YucXBIZGBIZGkH8OGdjPyb63wLE6JaKkpIS+V0dH8zZckTB6LAX5dq1NaEZ3/PQ5RcgyEmQQiEmyJjqN6AOEDPPR1mpI392kuIQ7QJialkmfp8CJHpn7QnuMFWlhoCepAlQrfKcSrKrLkSFoYjldnUbC5q/dqKFI5RKRk30fhgFCLtnfcp75BjzzDSCDha7O9o79bBpp/dHCMyHCg5CV/e3GXc8Xr4Ki376TVDFKSkoklVVlSBUUIGzbylioDAWmTxV+8O0OjLswajVUp09QVFws7N4BAAAA4I/BHIQAAAAA1ZGMjAxLQZ4+zevg8D9VnComLye3dc0i8fO5fufRqMkLR0ycL1pnO6EIjGcIbFflpUm7CTu/QIS5phhOFydwqjAmIW0yQMisXP9JTRelV59osr/l/CoqEnYr+utSQ+3dsrJdaxPe9VV1OQTOzKekyOhO5lT/z3YpbtvKeIrbMDEzyf6Wc/jURTuXSUvctxcUFkqoaJIh1IPw8+evA8fP93Yad/jURQlGB6s/gT0IBU5XKWz6lNR0oTIkCEJNtQHDlMJ22wUAAACAagUBQgAAAIBqSl9Q78AXfkF/qiySlF8gSqO2RZf2h3aukUgBYuMTx01fkvTps0Ryq0jOjzz6BErMInOclJUUxdwpF5aCPMPhCuXl5OgTKNZndDhysrLMivYf5hPmSUROjnATmOnr6UpL/23/qtq4an73bh35flRVl0NV0KjLIkx19oePhSCIqW7Dp08YIZGsPH18Zy5cK0K/6koi1IOQ+TV70tyVJ89dq+RCVUcC7zolRZZQGSrWF5D+2/dcoTIkCEJVhWmAsNoOeAsAAAAATPxt/5QFAAAA+GtYV9BATwkMjYhP+PCniiPAjzym0z5lZ4s4I1HXjmZHd68TbVvuMnzLGTV5YcKHjxLJja8GygJ61H0XMhBFEMR3Qe28AnfKRVa2nrBlqIi0NPdYlJKiriZcfxoxScsI90+kZk0Zja1aU7AU5LetXWzXx7qiBFV1OQTuN+6d0JVhUvIXUcslukljXWdPGSORrEIjYmYuWsu87q1UzB8ENjt/0pwV9EMN/8UE3sk5ucK955HzQ8BXCfPugBR5OaHf5AAAAACAmggBQgAAAIBqqqIePJwOnbzwR8oiWDrjWY6yvokYICQIolP7ts/vX1g2bwrDGe9osPMLpsxdJcJ4kgxpCGoFTs8QMJcbr1TaTVgK8gryAvr51UQijEoqDoF9Jbn8Ted85NABD66d6GNjQZOmqi6HtLS0jrYWTcrY+MS3794Llfmte17ilU5EbiMHe1w6OmmMi8BxpAUKj4xdv/2ghMolFuYPwolz1z4mizJh6t9B4BOU+TVbqAyzsgR8pf7hZxYAAAAAapA6VV0AAAAAAOCvuX5TTQ21dNqp7J77Bfm9DrHo0r6yCyOw8Tc1nVG4q6Sk5FVAqDglUVKs7+Js5+Js9ybqrfczv6jYd+GRsaJllf0t54VfUO8e3cQpT0VkZGR0tLU+p6RVlCA4LOrnz1/M+/Dl/sij73Oj10RH+GLWAAJbt217WTVUV5XIvqSlpf+mgJ9QtrgvtO1lJTBZFV4O+geKIIizl25tWr2AYebxCR/8XoeIXUYR6TTWmj5x5KSxri/8g3z9gyOi494nJYuWlZePX8bMrJoyFdyPPPaZizcFJmMpyBsa6Gmoq6qpNKhT53+DWL6JjqvRvQ8FPkHB4ZEtjZszzzAoLJI+QSMtATPIAgAAAECthQAhAAAAQDUlJSXVx8bi/NW79MmWrNl+/thOvSaNRdtLSUnJhh2HE5M+7duykmaASoFjlH36zKhHyJuot5KaNKttK+O2rYzJQ/j0OTU+MenDx+T3ScmJHz4xb2r38vGrpAAhQRBNdBrRxDPY+QUv/YOZ7/3pC3/6BDqN6fpX1VxamgJat02Nm492dfpTxflrnbtyp5d1N65gDK8qvBzGLfRfB4fTJHjo/cKsTcuhTv0FZpWTm7dg5RaJlk4UdevW6dW9a6/uXQmCKCz8mZj06V3ix6RPn98nJccnfKB/O4TTi1dBQwb2q+TCSsYDr+f0CTQ11OZNd6O5Fd8lJrm4zamc0v0JAp+gmx6eY4Y5M8yttLT01j1P+jSaGuqMSwcAAAAAtQsChAAAAADVl6uzvcAAITu/YO6yDQd3rGncSFPY/IuLS1Zu3P34yUuCIMZNX3J0zwbNCrqhqKoICBBev/No6vjhaoKSXbgm4HBEICMj06ypTrOm//WfKyoqfhP19plvwEPv59nfcmi2/ZKaLsIei4qKmSRrotv4VWAYTYIzF2/aWHWWkREQkiEI4tevX+eu3KFPI3KQuJrT0RZwY1+4enfowP5ymDSLIAiCqGh+u31Hz9JvGP323anz1yePc6VPVoWXY6Bdb4GdzzbtOlJaVjZ0YH+aSTG/pKYvcd9O3xnxz5OTkzU1NjQ1NqTW5LHzXweFP33h/9D7Bf22KWkZIuyx6FdlDbBM4228gGFgD+9ax1mZ/2G/Kv+cCHyCPianvPQPturagUluXj5+9N9xTEKSAAAAAFBrYQ5CAAAAgOpLp7HWaNeBApN9TE5xdZsTHBYlVObpmVlzl28ko4NkJmOnLkr69IVvYlUVZYEZnrlwgz7BI+8XT1+8FqqQoqlbt04Hs1YLZ014fON0XxtLmpSp6Xwa1uvWrUufP8Owon3fHvQJot++O3nuOpOsDp28KLBbZD8G40PWRGqqKvRt5emZWeu2HSgrK2OeZ8KHj6ERMZIoXfUye8oYt5GD+f7n73m1qa42/eaHT12Min1Hn6YKL4dek8ZMhlPesvvojIVrQt9El5Zyl+F7Tu7lG/ccXCdHvxVwmNVBfZZC7x7dNq1e4HXrDP21y+A3a13dOgLeBk7hV/tVts8pqTSfOtn3FhgdrOhLiiH6eR8ZdoUXh8AniCCIZWt3ZGV/E5hVWnqmwBko+/fuXmuHTQYAAAAAgRAgBAAAAKjWJoweSt+gSWLnF0yas2LjzsNpDOYCLCkpuXjdo9/g8VxTcKVnZo2avODtOz49PBTrswRme/7q3fuezyr69PGTl8vW7RSYCY2NOw9Pm+8u1OxTderIDHLsS5OAb98LgQcbGPKGyd5bmfyvPxBfh09dvH7nEU2CsrKy81fv/nPpFn0+XTq0+1vnICQIYtgge/oED71f7Dt6tri4hEluXj5+Q8fOnjBzWUAwo+v4d5CTk92wcr7AZMvW7igoLKRPU4WXY7igXZNeB4dPmLXcbuiEtVsPHD19+czFmzsPnJy9ZL2N4+ite48zyaGSlJSUDB4zc8OOQ0wqaoq6mgr99JCFhT95Vyop1qfPNjxCxNlbxZH8mS5AqKaqIjCHxe7bxCmAuhrdLsIjY3N/5ImTPxMCnyB2fsGcpRszaMeYTUnLmL10g8Ahu12ZPTIAAAAAUDshQAgAAABQrSkrKU5xG84w8fU7j/oPnbh264GnL17ztnKWlZXFxiXuO3rW3mXS9n0n+ObAzi+YOGs5b28eKSmpnt27CCzAyg27F67a+j4puaSkhNppaETM8nU7l67dwfAo+EpLz7x+59Hr4PAx0xbPXrL+mW/Az5+/mGwYQBvMM2lhwLtSSVFAgDA0IsbLx49rZUFh4bvEJK6VTDqAbtx5ePWmvXwHCUz+krp0zY6dB04KzGTYYAeBaWquLh3NdLQFzLB45uLNMVMX8Q1vU5I+fV7ivp0KMEydv1pgh7m/SSsTw2njR9Cn+ZyStu+IgMFIq/BydO1kxveZ5Ss9M+v2fa8jpy/tPfLP+at3X/oHM9yw8ng/93+flHzj7uP+Qydu2nXkTdRb3m6OvIqKigNDImgSNNFpxLtSSUlAgPDwqYu8naEzv2anijRgKUMslgLNp7FxCfSbC5zCUCCVBgJ6wx8+eZFrTWlpmVAvpgjE5AmKfvtu0OgZT56/4g20FxUVP37y0mXcbN5vHC6GBnrkTL0AAAAAAHxhDkIAAACA6m7EEIfQN9HPfAMYpr993+v2fS+CIJrqamuoq7LZBXXq1iks/JmSmi6wtwEZI5wwc9m+rau4hkGz69uDyQChT56/evL8FUEQ+nq6MjIyDHcqEOfkhS/9g1/6B7MU5PvYWHRo18q4hYFek8a8M/klfvh0w+Pxpev3aLLVb9aEd2W9evU0NdTSaXtvLHbfNinRpY+NhUoD5cys7LCImJPnrv38+evJnbOysvWoZDbdu6iqKAucI8rj0VOPR0+tunYwa9OyTh2Z+izW95zcwJCI18Hh9BuSNDXULLuYM0lZQ0lLS41yHbhl91H6ZLHxicMnzDM00HOw7WHcwkBNpYGSYn12fkFO7o/ImHi/1yG853PqvFVnj2zX19OtzOJXI+NHDXnmGxAbn0iT5vLN+5Zd2tMM5lmFl0NaWnrXxmVDxs6SSK3yh5WVlZ08d43689rth9duP9TUUOvfx7p1S6OWRga8c8WVlJS8iY47fuZKeCRdb7+munzmH23SmE/UkIur25yFsya2b2cqW69eanrmk+evzl25Y9Gl/YFtq4U5MiHoNWlMM1ryq8CwW/e8nB368P30wrW7O/YLfluCnkGzJvQn8/LN+xlfs8YNH9RIq2Huj7x3iUknz19/l5h09sj21i1biLl3krS01GjXgZsFPUHs/IKFq7aqqijb97Vpoqudl8dmKch/+pxy654Xw/t/lMsAiRQYAAAAAP5WCBACAAAAVHcyMjIbV82fOGs5fbM+r4/JKR+TRZxRafaS9QFPrtfjmI3PsnN7loI883Z5gXPmMfc9J/f81btcK9n5Bbfve9++703+qa+nq6qirKRYv7S07HtObmpaBn2Ej9TSiH9vJKtuHelH/iQI4vjZq8fPXuVa+eJVUB8bC+rPenXrrl8+d8aitQJLQgU+maTksmHlfN746F9msKPt0+f+gaF0/ahI7xKTdh86wzBbcmze80d3NNJqKHYZa4A6dWQ2rpo/aPQM+mSrN++9cfZAA2WlihJU4eXQ0tQ4sN3dbcZShnlWH/6BYbxdvtIzs85cvEkusxTkm+hoqzRQYrEU8gsKv3/PTfr0mUmV26K5Hu9KLU0NHW2tzylpNBuy8wvWbt3PtdLvdUhGZlZDDTUGxyQ0vrFMTuu2HQiPjB09bKB+0ybS0lIEQeT+yHvpH3zp+j2JzBzZ0az1jbuP6dM8ffGa922YB57PJBUgJAhikKOt1zM/JjMHZ3/LOXfltgi76NbJTOA8uAAAAABQy2GIUQAAAIAaQEFebu+WlaoqAsZGk6A9m1dwRgcJgpCVrWdva/PHCsDp6q2HAtO8T0oODot6+uL1M9+A8MhYJtFBloL8wP69+H7UpWM7kUpK3Hn4hGtNt87m86aPEy03JpbOm9LBrFXl5V9N1Kkjs3XtIs1KCFpkf8uZtsBdYC/Pv0azpjpL5k6mT5P9LWfTriM0Car2crRrbeK+ZJbEd13ZOLsP8sXOL4iNT3wVGObl4+f3OiT67Tsm0UGLLu0rGnbVqlsHvusFevTkhWgbCmRjJXio6rsPnwwdO7t9D6d+g8db9htmbT9y5YbdEokOEgRh3tZUtA09Hj1lOK41E3XqyGxds7gyniCSjrbWZveFf/2LIwAAAAAgJgQIAQAAAGoGDXXVE/s2CZy4SCIO7VxjbdGJd/30CSMrr0GzIvkFhWcv36qMnGdPGVPRhFg9LDqJdqrJzjdcK0e7OlVSTw4n+z6uznaVkXM11EBZaf9298rI+WNyyo79/Gfl/Cu5ONl1Mm9Dn8bLx+/+Yx+aBFV7OZzsex/bu0HMdyZYCvL0CerISOzfy5HRcbxzu0rEnCljKvpoxGBH0fK86eEpRonotG7ZwrxNS4aJ0zOzJD6WrIa6qpM9/yFM6bHzC168CpJgSVRVlPdsWSnBDDnt2bxCSVHAJJQAAAAAAAgQAgAAANQYzZrqXDq5u5d1t0rdy8n9m7p2NOP7kbJS/e3rllTq3nndfeBdGfONmbdp6ezQt6JPZWRkZk4eLVrOvJ1vpKSkVi6c3q0T/7MqMmuLjsvmCegK9pcx1G96cLu7wLiOsFRVlCeMHirZPKszaWmptctmCzyNKzfuSUnLoElQtZejo1nrm+cOcY7oK5SRQwccEBTgVJRciOXUhRuSyorT+FFDDA34jC9K0mmsNdSpvwjZfkxOiYyJF69oFZohatUqKRNGDRFtQ94O4mIyNtTfs1nCMUKWgvyBbasN+E2vCwAAAADABQFCAAAAgJqkPkth+7rFlTRkZQezVtf+2Uc/AltrUyOB4xPSE7YPom9AqDi746uHZee9W1fVrUs3IbdtT8uRQweIkPlND8+ysjKulXJysvu3uS+cNUGEDPlaNm/K7k0r6tWrJ6kMa4punc1vnDvYpYOIY8DyMjTQu3Rid21rT9fS1Fg2f6rAZO6b95aWltIkqNrLoaxUf9vaxXs2r7S26Mh8F/p6ujvWL1k4a0J6xlf6lJLqg1VUVPzMN0AiWXGaNn7EjImj6NPMn+5mamwoQub3aPuPisO8Tcv1y+dWUuZM6DTW2rFBlDks+XYQF5O1Rce7l46Ido14tWttcvXMPosu7SWSGwAAAAD89RAgBAAAAKhhpKSkxgxzvnX+oARnBNTUUNuxfsmxPRuaN2sqMPGwQfYHt7uLNrhfD8vOV8/sE2qTneuXLpkzSYK9lKZPHLlzw7L6FQwuymne9HGjXZ2Ezf9jckpMXALvemlpqZFDB1w9vbeprraweXIyNNC7cfaAi7OdlJSUOPnUXJoaagd3rFk6b4r4WQ0b7HDqwOaGf3zg3OrAvm8Pgd3vgsOiLly7S5+myi+HtUXHPZtXet48PX+GW0Wz8ZEdE0e5DLh4YteNswfIftifvqTS56xYnyVUSSpSt24dr1tnRrmI8sIBXywF+b1bVk4e5yotLaASkJOT3bt1pVVXoScjvP/Y51dRkRhlpOPQz0bkF01WLJg2fIiDmAXo1b3rhhVzRfhaefzUV8xd89Jt3OjMoa1T3IaJmc/MSaNO7NuordVQQuUCAAAAgL8f3UvTAAAAAFBt6TXR2bBi7sTRQ09fuHFXjHHPVFWUR7kMHDHEUVZWiL5o3TqbX/9n/+bdR718/BhuwlKQnzZhxIghjsKGtWRl6w0b7DDArvcz3wAvHz9xOuIMG+wwdrizVkN1hullZGTmz3Ab5Nh318FTL/2DGW5l0sKApuORoYHe5ZN7Hj15eeeBd3hkLMM8SR3MWjnZ9e5jY1ELOw5ykZaWcnW2s+zS/v7jZzc9HqcL363H3tZm6rhhOo3/xKSe1dayeVNCwqOyv+XQpNl18HSXDu1oxrGsJpdDQ111tKsTGdHPY+dnfs3OyMySk5OVlpJSV1NRU1OpV7cu1yYfk1Po81SW3BCj6moqC2ZOGDPM2euZ3wPP59Fv34mWD0tBforb8MEDbBXk5RhuoqbSYN/WVf5BYVv3HBN4yJTOHdoSPD2hJWjYIPsuHdqu33aQ+dSMqirKG1bO69rRbNu+4+IXwN7WxqpbxxNnr567cod5AfSaNBZ/17zq1JGZ6ja8p1WXW/e9PR4+EWpUbZaC/CDHvgPtete2btAAAAAAID4ECAEAAABqML0mjdcumz17yuig0Ej/oPAnz18xbFg0NNDrY2Nh1bWDUfNmonVEU2mgvG3t4rQZX5+9fH3v8TOa9m6LLu2dHfpYde1ANdCrqijTxyR4KcjL2fWxtutjnfsjzz8oPDr2XWx8QnBYlMANdbS1LLu072Deun1b0wbKSkLtlKTXpDHZvH7hmkdCYhJN8GPwAFtnhz4CB4uTk5N1su/tZN876dOXh97P79z3pg+o6GhrDbDr1b93dx1tocMn6qoNhN2kUqnSloelIF+3DncUh0bjRpqTx7lOGusSER336MlLz6cv6e8rloK8Ref2Fl3MO7VvyzxOrKaqIuztWohsyiYAACAASURBVEnUVARcTTUhL7dKA+U1S2fPXrKePtm5K3fWLZ8jMLc/czmYqM9SqM9SaNZUhyZN9recZy9f0xdPS1NDtAJoqKnwX6+uOmKI44ghjilpGf6BYbHxiTFvE2LjEwVmaGps2K2TWQezVm1bmQj1Mgela0ezG2cP3Lrndd/z2bvEpIq+KVRVlF2d7R372TTi6Ygm8QdBr4nO8X2bQt9EP/MNeOj9nCZza4uOzg62Fp3N69SREfggqDRgWs8rKdafP2P8IEfbE+euRcXE0URPrbp2GDygn2UXcxkZGYaZk5h0Vae0aN5syZxJ86aNfekffOfBE4FvpfSy7ubYr2e3Tmb0w2XzktTYuSRNDTUR3gkAAAAAgOpAind+FAAAAACooUpLyxI/fHyflPw990f2t+/Z33Kyv32vz2KVlJZqqKmoqiirqjRQVVFu1kRH5IbvinzPyc38mp39LedrVva3nB/1WQqNNDUaaqg11FCT4OigXEpLy76kpn3N+pbHzmez83/ksRUU5H/9KlJSZCkpKSor1ldpoKyhrirZnf78+SslLeNzSlpKWgZBEFoN1cnDVFFWFjjcX0WKioq/ZmV/zfqW8TUrM+ublJSUhpqqhrqqhrqquqoK2SYOTPwqKsrO/p6Z9S0r+1vm1+xfRUXKiorKyooNlBQbNFDS1moobPs+iKNSL8eT56/KyojePbqJtrn75n30fa/72lhuXbtI1NIJ4VdR0cfklJycH3lsNpudn5dfUJ+lUFJSoqykqKRYX1GR1VBdTbIRHYIgfuSxv6Smf0lJS8v4qiAvr6mhptlQvaGGmqRGVRVWaWnZp88p377nZH/7/u17roKCvLSUlLqaqrpaAw01VZYwYTaRlZSUpGV8/ZKa/iUlvaCwUENNtaGGmmZDdQ01laqqN3Jy8zKzsjK/Zmd+zc7JzVNRVir/XlBTkfgtAQAAAAC1EAKEAAAAAAAAUJN8+57jOGwKO7+gh2Xn5fOnCvseQGhEzISZy+jTLJ8/dahTf/GKCQAAAAAAUH1JV3UBAAAAAAAAAIRw8tx1cpDMZ74BfQe5bdx5ODZO8ECdZA/gMxdvCowOEgTRway1JEoKAAAAAABQTaEHIQAAAAAAANQYnz6nDBwxjXe9SQuD7hYd27YybmXSgmuozF9FRRkZWVGx8XsOn2EyX5pV1w77tq6SaKkBAAAAAACqF+HmsgYAAAAAAACoQvuOnuO7PjY+MTa+vB+hqoqypoa6qmqDnz9/Jn9OZRIU5DRpjIskSgoAAAAAAFB9IUAIAAAAAAAANUN4ZOyT568EJsv+lpP9LUe0XXTrZNba1Ei0bQEAAAAAAGoKzEEIAAAAAAAANUBZWdmuQ6crdReaGmrrls+p1F0AAAAAAABUBwgQAgAAAAAAQA3wKiA0MjquUnexf7u7mqpKpe4CAAAAAACgOkCAEAAAAAAAAGoAfT3dbp3MKilzVRXlE/s2Guo3raT8AQAAAAAAqhWpsrKyqi4DAAAAAAAAACNPnr/atOuIyFMM8mXVtYP70llqKg0kmCcAAAAAAEB1hgAhAAAAAAAA1CT5BYWPvF94PHoaHhkrZlaGBnpjhzvb9bGWkpKSUOkAAAAAAABqAAQIAQAAAAAAoEZKScvwfOr73C9Q2EghS0HesmsHF2c78zYtK610AAAAAAAA1RcChAAAAAAAAFCzlZSUJH9JfZf4MS7hQ+bX7Nwfebm5P36w83Nzf9StW1dZSVFZqb6ykqKaagPjFgamxoZNdLSlpdFlEAAAAAAAai8ECAEAAAAAAAAAAAAAAABqEemqLgAAAAAAAAAAAAAAAAAA/DkIEAIAAAAAAAAAAAAAAADUIggQAgAAAAAAAAAAAAAAANQiCBACAAAAAAAAAAAAAAAA1CIIEAIAAAAAAAAAAAAAAADUIggQAgAAAAAAAAAAAAAAANQiCBACAAAAAAAAAAAAAAAA1CIIEAIAAAAAAAAAAAAAAADUIggQAgAAAAAAAAAAAAAAANQiCBACAAAAAAAAAAAAAAAA1CIIEAIAAAAAAAAAAAAAAADUIggQAgAAAAAAAAAAAAAAANQiCBACAAAAAAAAAAAAAAAA1CIIEAIAAAAAAAAAAAAAAADUIggQAgAAAAAAAAAAAAAAANQiCBACAAAAAAAAAAAAAAAA1CIIEAIAAAAAAAAAAAAAAADUIggQAgAAAAAAAAAAAAAAANQiCBACAAAAAAAAAAAAAAAA1CIIEAIAAAAAAAAAAAAAAADUIggQAgAAAAAAAAAAAAAAANQiCBACAAAAAAAAAAAAAAAA1CIIEAIAAAAAAAAAAAAAAADUIggQAgAAAAAAAAAAAAAAANQiCBACAAAAAAAAAAAAAAAA1CIIEAIAAAAAAAAAAAAAAADUIggQAgAAAAAAAAAAAAAAANQiCBACAAAAAAAAAAAAAAAA1CIIEAIAAAAAAAAAAAAAAADUIggQAgAAAAAAAAAAAAAAANQidaq6AAAAACCu6OiY7zk5wm7VtGkTncaNK6dEAPA3iI9/l/n1K0EQnTp2qFu3LrmypKSkq6V1YeFPgiBu3bhioK9Pv/5v4vPs+Zx5CwmCaG9udvrksaouTvVy+szZ3Xv3EwRh08N67+4dVV0cIj8//9iJU+/fv7fpYe3sNFBS2ZaVlV25dv3VK/8WhoYTxrvJy8tJKufE9+/Dw98kvv9QXFSsr6/Xr59tA2VlSWVeQ1Xe2f6Twt9EjBk3gVyOCAuq6uIAQRBEcEjoz58/hd2qTetWioqKT32ezZ2/iCAIPb2md29dZ7htJdVIAAAAAGJCgBAAAKDG2713v8+z58JuNXG827KliyqnRADwN9i8dfuLl74EQQT6+6qpqZIrS0tLs7Kyy5dLSqnEFa3/m5QUl7DZbIIgPiR9rOqyVDu/fv0iTw75/yq3dfvO8xcuEQRx/8EjJSWlXj1tJJLtw0eeK1a6EwRxn3j040eeRL5GCwsL9x04dPTYCc6VrUxNESCsjLP955WWlFSThwIorsNHibDVsSMHe/W0KS4uJi9obu4P5ttWUo0EAAAAICYMMQoAAAC11IJFS2ztHG/f8ajqgsDfDLcZQJUIDg6llmNj30oq2/DwN9RyZHS0RPLcs+8AV3RQS0tTXV1dIplXc2fPX7C1c1y3YRPfTyvjbANf33NyhrgMt7VzTEhIrOqy/J0qqUYCAAAAEBN6EAIAANR4vXv3VFRU5FoZExtLtfLY9LDmTWBiYvynClgd/fr1i4zZfEhKquqywF8LtxlAVTE3b/c2Lo5cNjYyklS2bdq0opZNW5qIn2FCQuLxE6fIZWenAQvmzW3USEv8bGuKR4+9EhISFevX5/upxM82VCQuLj4s/A1BEOkZGc2bG1R1cSqds9OAEp6e7pGRUdSX9QBHB96tGjbUEHmPlVQjAQAAAIgJAUIAAIAab5jL0GEuQ7lW+r3yp+a8WbZ00V85H5g40tLSq7oI8PfDbQZQVZYuXqiqqvrhwwfr7la9e/eUVLb2dv3z8vL8Xvm3MDScOGG8+BkGBgWTC8309LZs2lCnTu36F3pCQgLNpxI/21CRlJSUqi7CH7Vj2xbelbv37j9w8DBBECwWa/fObZLdYyXVSAAAAABiql3//AAAAAAgfallbWFQJf6a20xKqqpLACAkFos1b84siWcrJSU1zNVlmKuLpDJMSCzv69+7d8/aFh0sLCykJi7lS+JnGyqSnPy5qovwl6ukGgkAAABATJiDEAAAAGqjL1/+ksgNVGc1/TZTVVUhF5SVlau6LAB/p9TUNHKhcWPtqi7Ln4Y+1tXHp+Tkqi4CAAAAAFSB2vWKIgAAAHApLCz0e+X/9m1cTOzbrKwsHZ3GJibGLU1MunTuJCVMpyE2m/06IDA29m1kdHRGeoahoWFLE+P27c1at/pvAqG3cXG373hISUkNHTJIv1mzgoLCC5cu+fn5Jyd/btxY29HBfshgZ84809PTA4OCo2Ni4+LiS0tLW7QwNDZq0b9/PwV5eb5lKCgofB0QEPs2LjY2Nv5dgq6Ojqlpy362fU2MjbiSpaalUqO6ffnyJSQ0lPq0pUlLeXk5cYpBunX7Tlz8O4IgDJsbDB7kXFGyh48830REEARh27ePWbu21PrMzK8BgYGxb+NiYmJLS0v19JqaGBu1a9eWd96alJTUs+cvEAQhLS29eOF83l14eT8JCQ0jCMLK0sKiW1dyZX5+/r4DhwiC6NalS/fulqWlpY8ee3ncu//+wwdlJeUuXTpNnzpZTk6ONzdKRmZmUFBwbGxcTGzsl5QUYyOjlibGgwc5q6urVbTJ27i4NxGRMTGx0dExSkpKLU1MjI1b9LDuXp/f7FNCJU5ISAwJC3sbG/f+wweCIExNWxq1aNGlc0dNTU2ulGHhbx57ehEE0ayZnuvQIbxZHT95OisriyCIAQ72LX9PeUXeurKysm7jxjRQVs4vKAgJCQ0JDQsMCq5bp46paUuLbl2pc0sS9jarCHkjSUlJdbey7NqlM2+C02fOfvqUrKSsNH3qZFlZWd7TeNfjfmlpqVm7trZ9+1DrS0tLAwODomNjo6JiUlNTGzbUaGli0rVrl7ZtWnNuTp5ANTVVGRkZJqVl7viJU1nZ2e3Nzfr07kUQROL798EhoUFBwYmJ75s3b97SxHiQs5OyshLfbRkWnlN+fv4r/4DY2NjIqOg8NrtpE10TE+NeNjY0IZmw8DchoaEhIWHvP3wwamHYunXr/v36CnuYgUHBL174vktMSE1NM9DXN2phaG5u1qljB76JmT/1XCfw58+frwMC/fz8g4KDNTQ0rKwshrkMrVu3LkEQP3/+9PJ+4uX99MuXLywWy8TEmLMe4CVadcdXXl5eUHBISEhYcEhI/fr127Zp3aVL544d2vNNzLD2pjA5sWlp6WfOniMIQk5Obu7smbyZMPna4lVWVrZr996i4mKCIMa7jW2oUT4nGVWpOg10NDYyKikpiYiMCgkNDQwM/v49x7SlSZs2rQc42lOP0o8fP+LfvSMI4tu3b+SalJRUzlqiTevW5EUkiXB7NG6sPXrkCIIgIiKjzl+4RM5/1trUdPq0KeSdXxl3UVlZWXBIaGzs25jY2JjYtwry8q1bt+rapXNPmx6cyYqLi9PS01/6+ZWfjbw8zmPX0dHRbNiQ5mxThPoNI0JNTi8hITEs/E1MbGx0dGzhz0LTliZt27YZ7OzEeeF4lZSUhL95ExISFhgUnJeX165d2zatW9v27V1RNSvUMe7bfzC/oIAgiDGjRmprN+L6NC4+/tbtuwRBNG3SZPiw8n6ZOTm5qWmpkVHR5Wni4uXkyr9KpKVlOH+ZUKr5L5w/LD8//3VAYFhYeEhYOM2NRF8jffz46d79BwmJ75OSkjQ0NExMjE2Mjfr07iXxL18AAAAALlJlZWVVXQYAAACQPM45CD0f3eM7B2F0dMyceQs/JCXxfmTd3WrzpvVkC51AEZFRs+cuSOb3+vmokcMXL5zPYrEIgvD08p42YzZBEDNnTJsyaYLzENeEhEQqpVm7ttevXqL+vHX7zsLFy3gz1NXV3bp5Q+dOHbnWh4aGzV+0lG8ZFi+cP2XyRHI5Kip64CDu+Ro5Pbp/19CwucjF4Njw7sLFS8llj9s3qFATp/T09G5WNuTytcsXzM3NyOV79x8sX+nOZrN5N5k0cfzc2TM5Q3cRkVHOg8ub+RLjY3g32bh566nT/xAEMWK46/q17uTKrKzsTl0tqdO+eOmKGzdvcW4VGR6soKDA99DKyspu3Ly9bsMm3hKyWKz9e3dZd7fiWv/r16+du/aeOHWaNzctLc2d27Z04Qh9CZv4wKEjBw8d4VvUbVs2crVdnjx9ZtPmbQRB2PSwPnHsMO8mtnaO5G25d/cOB3s7ciXnrWvfv9/kaTN577Qxo0cuX7qYbBcW9jajQRVYTU31td8Laen/jf/x7l1CP/sB5PK+PTvt7fpzbT7WbaKv3yuCIBYumDttymRyZXpGxtJlK1+89OXd3dgxoxbOn0td+gcPH8+aM4/rXBUVFRmbtuU9kIrW80Wd5zehgUePnTh05BhXAi0tzYP797Zr24ZrPfPCU95ERM6Zt5Bv5bBh3RpXlyFcZ7WkpGTrtp0nT5/hSsxisWx6WN+7/4CsAZ49eUxzgD9+/Fi8dIWnlzfvR3b9bVeuWMZVuwr11HOeQN/nT+fMW8gZXCF3sX/v7rS09AmTppJhIU4jhruuXrmcN4YhcnVHOnrsxLYdu8iHa+GCuRMmTeXtHzZj+tQ5s2ZwNXkzrL1JzE9sQEDgiNHjyAsXERbElZjh1xaviu5zzkr15PGj8xYsev7iJde2nTt32rNrOxnlCgwKHj5yDN9dkF75PqOOReTbI/JNyMOHjxYvXcH56ZlTx60sLSrjLkpLS1++cjXvgRMEMcDRYf3a1dQbHgYtWtIc+4Z1a8jwFX2tIuxvGGFrchoFBYV79x84fuIU70empi337d6pp9eUWhMaGjZ02EhyOSTw1Zx5C8lqmavAu3du530rQthjpE7szetXeN+Z8PZ+OmX6TM4a7PSZsxs28ZmNj8T32an+v3BExjkHId8DJ1E3kq6u7pFD+6ZOn83kRqKpkfbsO7D/wCHeHRkbGW3etL5Na7pXFgAAAADEhCFGAQAAaqlbt+8McB7C2eqkq6tLLT9/8bKPrf2biEiB+dy4ect5sAtn44ixkRHVtHr+wqV5CxZzbfL1a9ayFas5o4MEQZiYGFPLi5euoNqpWSyWpUU3S4tuZJ7JyckjRo0NCPxf28qOnXuGDhtJlYHFYqmpqVKfbtuxy8v7Cblcr149gUckcjE42fW3pU7ChUtX+Ka5dv0muWBq2pJqO1u2YtWceQuptjMWi6Wl9V83uOMnTg0cNDQnJ5f5UdD7mpV96fJVruigrq5uRdHBvLy8CZOmLlm2giqhmpoqdaRsNnv8xClcUYGcnNwhriM4A35aWprN9PTI5bS09JFj3CKjokRIzGaznQe7ckYHOQtDXsEFi5aIdGL4u3T5Sn+HgdSdxnmbnT134cLFy+SyULcZvd49e5ILWVnZMTGxXJ96PXlKLZM9Iznl5ORSzdB9evUiF6KiovvY2lMBNmMjo759ejdvbkD++c/Z85OnzqDeIOzfr++9u7f27d0lqcPh5TTIhYoOcp7PtLT0yVOnk11hKEIVnnTt+s1BQ1ypS9be3LxXTxvqmVq5es3h/8cmS0pKJk6exhkd1NXVJe9ANptNRgeZWLHKnQpiNdPT69XTxtS0vOH+wcPHJ0/+L/oozlNvad2TjOtw3vkPHj5+8cKXM67DeW4vXrpy6cpVrnzEqe64+Dx7bu/ozHf0yIOHjmzZtoNzDfPamyTUia2ICF9bzIWFvxk4aCgVJOM8nICAwFXua8llLU3NimKQJBnp8jCqOLeHn98rruggQRDNDQy41kjkLnrs6dW3vwNndJCznHc97u3df5D6k/7YmRDnNwzDmrwiCQmJjgMHcUYHOY80Ojpmxqy5JSUlfLd1GuzKGx0kCzxi1NjS0lJJHSNDvP3Omagpv3AqW3Jysr2js8g3EunipStUdFBNTdW6uxXV0/ptXNyy5asqoeAAAAAA/0GAEAAAoDbKyMyk2oK1tDSvXb4QHxv57MnjmMiw/Xt3k+vZbPYq97UVNXKRMjO/Uo2PamqqZ8+cjI+NvO9xKyIs6NrlC2Qbx5xZM7i2unzlKtnOPsxl6M7tW3ds2zxtyuThruUviT956kPFqxYumBsS+Oqf0yf+OX0i6LWv27jy/hYrVrr/+vWLyvBT8idyYfAgZ6/H9yPCggL9fZ899aReu964eRt5IC1aGD578tjz0b1ePctfbB8x3NXz0T3qv6ZNm4hcDE6ysrKTJ46njvf79+9cCYqLi8mBswiCGD9uLLnw/MXLq9dukMvdrSyfPXkcERbk98InNOj17N+nMSEh8cAhPl3fRJOcnLxy9RqCICwtum3auG7v7h3z587mO5AXSUamTlR0+UBk8+fNCQ7wC/T3jQgLunD2NNVcuHf/Ac5Njh4/ER1d/uL/MFeXQH9fvxc+3p4PQoNeL1owjyAIB3s7akw/oRIfOnKMarmeMnliSOArsjC+z5/a9LAm19++4+Ht/ZSQkKysbIIgevW0uXr5fGxUeKC/7+MHHtSoaLv27MvPzxfqNhOoadMmVP68/XLu3PWglu8/eFRQUMj5qd8rf3KhmZ4eGUUrKSlZvqq864apacv7Hrfue9w6fHDf4wce169eIhtq/V8H3PW4T24oJSVlYmwkwvCSzJFt3xs3rPV9/jTQ3zc+NpK6/bKysjkbWIUtPNmFZenyleTyAEeHoNe+Vy+fP3bkoN8Ln62bN5Lrd+3Z9/HjJ2qTux73qABk7949g177Pnvy2NvzQXhIwLDfdZRAMTGx9x88IpcP7t/j7fng2JGDd29df+7jNd5tbK+eNtOmTqISi//Ut2nd6sa1y2HBr9+9jVq5vLxbj9vEyeTTsWXThvjYyEB/36dej6hY2o6de8h7lSRmdcfXMFeX2zevxsdGJsRF37x+hQoDnDr9T3pGBpWMee0t7ImtiGhfW0JJTk5upqd3/OihsOCAQH/f0KDX9nb9yI+8vZ+Gv4kgCKJJE92w4Ne+z5927tyJOgNUFfHsqSc5XLOYt8fU6bPIqNKqFcv27929YtmShQvmcoZkKOLfRVlZ2eTj2d7c/OL5f+JjI/1e+ESGB1PduE+d/od61rw9H3g+ujdvzizyT2MjI84a0q5/P/ozLOZvGIY1eUVKSkvIiktLS3Pn9q0xkWF+L3zevY1a415e27yNi/O4x/9lguTk5Pbm5mfPnIx6E5oYH+P3wsfSohu11dOnzyR1jAy5DB3s9fi+56N71Df4lk0bqAtx99Z1vlvVlF84f4bINxL5vUa9MzFl8kS/Fz6nThy9fPFceEjA8mWLO3futHnT+so/AgAAAKjVECAEAACojXbs3EMuaGlp3ve4bW5uRo75Jisra9fflmoSio6OuXHzNk0++w+Wv/XMYrE87ty06NaVGjvO3Nzs8sVz8bGRVGMil2NHDm7csNZpoKOz08CFC+aSQ1QVFhau31g+2tXMGdOmTZlMDdAkKyu7cvnS7laWZFDh/oOHVFZr3VctW7ro+tVL27Zs1G/WjFypq6NDxQCSk5OTkz+Xr9fVNdDXV1JSJP9UVVU10Nen/iP7folWDC6uLv8NMnn9/130yBZ5so2SxWKRc5v9+vXLfe0G8tPevXueOHaY6iugrKw0Z9YM91XljdqnTv/D1f9STBPHu/1z+oTr0CEO9nYzpk+1629bUUp5eblz/5xasWzJcx+vGdOmqKiokOu7dOm8bMki6tCo9MmfPx89doJcnj518sb1a6hX7JWVlaZOmRQfG7l39w4REr//8OHI0ePk8vJlixcvnN+gQQPyz0aNtI4ePkAdhfu69YWF/4uciWPmjGmHD+5rb25O3irNmxvs3FF+q7DZ7LdvywOWTG4zhhwcygcOffz/YRWTkj5y3QavAwI4/3zqU34hBjjakws3bt4m468sFuvEscOcEz6ZtWu7f095T8GNmysccU7idHV1Hz/wGOYytFEjLYIgZGRkpkyeSF07X18/KqUIhSdHvCQIomOH9ju2bVZV/a97x5DBzlQk8uDho+RCUVHRjl3ldWPfPr0PH9hHbaKoqLhx/Rqu4S4rEvG7k2vfPr372f43c6FO48Yrli05duQg9eCI/9R37dL5/NnT7dq2kZGRkZaWdhs3hnOM36WLFw4dMoislps2bbJtS3mVyGaz3/3OTSLVHZc5s2ZsXL+mdatWMjIyUlJSbdu0vnb5IvXp2XMXqGWham/mJ5aGOF9bDFl3t7p5/UpPmx5kDaCsrLRtyyaqNnv9uvw5lZGRadRIS1mpfFTJJro6VBWhq6MjqS8Fs3ZtPR96jBs72q6/7Xi3sdOmTOaduE78u4ggCFeXIRvWrTl0YO/li2c7d+pIpldQUFi/djV17EHBIeRCQw0NA319appYeXk5zhqyovlHKeL/hmFYk/Nl1KLFiWOHN65f4/nwntNAR7ITnrS09OiRI6hIsK+fH99trbtb/XP6hEW3ruQ0tFpamqdOHKW6QR88/F+HeEn9TqNXp04d/WbNDPT1qXkHtbUbUReCc6BULjXoF06lEudGIgjiQ9JHMqzOYrEWzp9L1b2KiooT3MZdPHcG44sCAABAZUOAEAAAoNZhs9lUZ5GpUyY1UFbmSmBq2pJqoD9/8RJPBuUKCgqp/j1Tp0ziO2Eh11xTlMGDnKnOVZwCA4PJwZpYLNaMaVN4E0yeVD6xYkzsW2qliorKxPFuZu3aciVu0cKQ6irx8dMngjHRisFFQ0N96JBB5PLpM2e53vE/d768uXzSBDeyeTEgMIgaqGru7Fm8p26Y61CqmfXm7TvMD4deMz29eXNnMU9v1KLFeLexOo0bc62nGpSzsrLz8vLKy3mrvJwsFos6aZw4D1OoxLd+J1ZTUx05fBhvypkzppHLaWnp/q8DCEnQ1dWdN4f70hgbGVGDoH76HcmQIGp00OjoGM6uV9TQi2PHjCIXOCdmKy4u9vQqT9C7V/k4pZcul48FN3vWdHIiNE7m5mbtzc3JK5idnS3xA+Fr0YK5VOM4xa5/eUw0IfG/ZmJhC89ms2/fKe9huWzpYt4Haszo8vP2JiKCXHjp60cNjDl71gyuuQkJgjBv147JQRUVFZEL794lcHXr5CL+Uz9i+DCu0Rp72vSglgc5O3F+ZGxkRDXKU/uVSHXHqWuXzrN5euBpazdydiqfL/MlR9xXqNqb+YmtiDhfW8xt3riOejmAJCcnZ//7rmb+ZSSRL4WtWzYKfCNB/LuIPG/Dh7nY9u3D9eDIysr26d2bXOY7l56wxP8NI35NbtPDepirC+9AqX16l1fXiYnv+W549PABMjRIAV6KPgAAIABJREFUkZGRmTjejVyOiIz68eOHBH+nVZ6a8gunUol/IxUXl9dpbDY7uRJ+PwAAAAAIhAAhAABArcM5nt4ABwe+aYYMLm/3iY6O4ZoUh0INDUd2x2FeABaLtWIZ/5nhEt+Xt6np6TWNjokNC3/D9d/37zlkgvj4d0z21bRp+fvvGRmZzEsoqWKMGTWSXEhLS3/2/AVn/lTIysVlCLnw4UN5y6mpaUsTYyOezIh69epR10WC79dv3LBWTk6OQUIBNDX/a2rPyCw/2wkJCeTCYGcnRUXFCjYlREgcTyUe5My3/EYtWlDdgKhzW0maNClvLk9P5zPvmpiaNzegWhs5e9R5/J4Pb/7c2WQ79f0Hj4qLi8mVIaFhZL8ELS1NcoLP0tLSiMjyDlgsBRbvXR0W/obKXCLt+ExISfH59wjZm5B8cMg5BUUoPOdFLyku5k1PjU+bkJBInrf3Hz6Qa4yNjPg+gwyZmphQJRniMtzL+wkV2eJSGU+91u9eWVzz+ZGaUvfq72CzxGvdiuqTHtbdyYWkpI9M8uGtvZmf2IqI/LUlHJ4uegRBaDfWJhf4zs7Il/i3x7w5swz09RmX+z/C3kX0tH8/0RKpISX1G4aX+DU51SfyS0oK3wRUFzFO1Cij1O1ReccoQTXiF06VYH4jcT6ejk6DL1y8XIOmYAQAAIC/Q52qLgAAAAD8aVTTP4vFqmggr8Yc/cPS0tK1tRvxpuFswOLt0ENDVVW1ov1SrULR0TFDXIbTZMLZtYhLTk5uenp6ekZGampaRnp58yUZZmBIIsUgCKJlS5POnTsFBASSo+pRnSYvX7lGLjgNdKS6sFBZ6VU8QR3V6hQdE8P8cOjRjCEmUGlpaXb2t/T09NS09Ax+LcXx78rDeM2a6QnMTajEcXHlsQpyLD6+DPT1yUEpE99/EJihOMgeEgRBlJZVSiuto6P9vv0HCYLwfuJDTuiV/PkzeWjOTgPq168/cIDDxUtX2Gx2cHBIly6dCYKgmmsHDnAkRxRMTU2jMiQnnqTx+XMK2SGvSlDnk3xypaSkRCg850UfOmwk/Sbp6RmNG2tTdZq+vuA7kEbbtm26W1mScxm+jYubOn0Wi8Wyt+s30NGhY8cOnN1NKuOpr1uvPAJBjRnI6b97tbS8SpRUdSeQxu+vCTabzWazeXtfCay9mZ/Yioj8tSU+6nIwj+WIf3voixQdFOEu4lVQUJiRkZGWlpaalk7F74X6Iq6IpH7D8BKtJi8uLs7IyCRv2rDwcHJlYeFP5jmQ802SUlPTDA2bV94xSlCN+IVTJZjfSHXr1p0/b86u3XvJinH1mnWr16zr1dNmgKN9r549uTqbAgAAAFQGBAgBAABqnY+fykd5orrp8OJsrvr85Qvfhqfkz+WjIVHdm8TH2R2Bt9cCp65dOnP+WVZW5uv36tFjL49798mOU1zKCCHaJUUuBq8JbmPJ5jNfv1cJCYnNmxvkFxRcuVo+e9CokSOolO9/xzOoLgi8qBbttLT04uLiOnWq5rdcYWHho8dejz29PP8/Kx6FagWmYg8aDNrimScuKSmhBiujaeWnOjX+sf5wlaRPr55kgNDTy7uwsFBOTu7Jk/L5Bfv17UtOyXbx0hWCILyf+pABwoePPMu3/T3kXRbHqKH0d3XdunWZxGj/JBEKn/k1k+EmKioq5FyDn37XjVpaFdaNTMjIyOzZtWPj5q3UIIFsNvvqtRtXr91o3txg84Z15uZm5Prq8NRLsLqj16DBf8Mkfv2aRQUImdfezE9sRSrja6vyVIfbQ1hx8fEeHg8ePfbkW+vSBBSZk9RvGDHl5+c/eepz89YdMmItjrp167JYLPLmJyuuanKMAv2Vv3D+sGlTJslIS2/fuZta8+Spz5OnPiwWa/XK5ZXY0RkAAACAIBAgBAAAqI1UVRqQC9REcbzy2fnUckVvr1OT4lDjSYpPV7e8N9gEt3HLly1muFVu7o/pM2dzzTOnpqbaWFs78f0Hvi3OlVEMvnpYd9fV1SWjWRcuXXZfteLBg0dkkdq0bsU585aaWnljH811oY6FxWJVVdtZfPy7UWPdsrL+N0edrq5uQw2NkNBQrsRqaqpkSnJeJXrME8vIyFDNqXkVX98fP8rPpJqqisC9V2cmJsZaWprk0HNBwSFWlhb3fo8vamHRjSCIzp06kifkrse95UsXv3//gbzl1NRU27ZpTaZsxBH08nx4r0GDBlV0NKIQofDUNJnGRkb3PW4x2Yvc7+4aP38K0fuHL2VlpW1bNk6eOP72HY9bd+5Qo0omJCQOHTby9s2rrVu1qiZPvQSrO3q5uf8916q/H0lha2+GJ7YilfG1VXmqw+3BXGlp6dZtO0+cOs25ksVi6erofM/5znxgVYEk9RtGHA8ePp41Zx7nGhaL1VBDQ1ZWlhq7mLni4mLqOqqrq1eTY2Ti7/uF8+dJS0tPnTJpyOBB9+4/uHPXgxpMm81mL1m2orCwcNRIuo7dAAAAAGLCHIQAAAC1DtVzIi0tvaSkhG8azj4lTXT5jwdF5cNms/MLCiRSNmo6FuZj2eXk5A4fOYZsX2axWHNnz7x+9VJ8bGSgv++tG1c7tC8fJlGK4DMplASLUREZGZkJ48eSy2fPXcjN/XH2/AXyz/FuYzlTNjco32lKSmpFuVEDLRobiT5BmjhiYmKHuI4gw3jNmxuscV/p9fh+YnzMsyePr14+TyWT+j0Fl2nL8lkAP3/5IjBzoRK3NDEmF9LS0ipKk/J7FigDAwOuj6pkxiaRSUlJDRzgSC77PHue9nvIvgGODuQQZPXq1etn25cgiKys7Mio6Gcv/htfVFq6/Ae/hoY61WcriWOgxRpBhMJTY+e+jYurqKLj0kS3fIA7SQUzmjc3WLhgrt8Ln9s3r5Jjw5IOHT5WnqAaPPUSrO7oUdNxsVgscpJRkWtvgSe2IpXxtVV5qsPtwdzS5auo6ODIEcNOnTga+SYkIizovsetcWNGk+ulpYX4Iq6IpH7DiOzGzVtUdNC6u9WuHdsCXr2MCAvy9nywYb2AAZD5ysz8Si3r6DSWyDFKZDRXgf6yXzhVSF1dbdzY0bduXH3h4z139kxq/bYdu2rWzxUAAACocRAgBAAAqHU455yjZgbiQo4ZRRCElpZmRZOgcOYTFBQskbJRAxsGh4Tm5OQy2eSpjw/5wr6uru6j+3dnzZxu1q4tk8moJFsMGs4DB1DLGzZtIaeOU1NTte3bhzOZvn4zciEs/E1Fr9j7vfInFwybl0e8FBQUqE/FL6pAZ86eJ9/x79un9+0b10aPHKHfrBlN+ua/y/mSwSBsQiVu0cKQXPD1e8U3AZvNDgkNI5epxlYqyJSezmfGxOqMGin0safXk6fl44va9belEvTv15dcePLUx9v7KddWpBaGzckFX1+/P1JqSRK28E2b/FdBBYdw923lS7tR+Rh90TExDGOKDLVu1Wrblo2LF84n/6T62or21EuWZKs7GtSjSkX3xa+9KzqxFamMr63KUx1uD4Y+fUqmxn29dOHsujWrrbtbKcjLV8a+JPUbRjRlZWVbt+8klxcvnH/qxNGBAxw4R/sUwevfpaW6Pot8jNR3XHZ2Nt+tJO5v+oVTHTRurD1r5vRrl8vjrGw2mxr7GgAAAKAyIEAIAABQ6zRs2JCKlxw7fpI3QWFh4aEj5f0wultZVpSPqqqq7u8ON/sPHJJI2VqZmpLNW2w2++jxE0w2oVqUBjsP5J2DJy9PwPiihQWFEikGjfr1608c70YuU02oY0ePqlevHmeytm3bkAvkrFq8+cTExFIt7B07diAXGmtr/5cgNpZrk/z8/Mjfw1VJxLPnz3+XfyRXq2sBvzNp1q4duRARGfVSUFxHqMSdO3UkF/xfB0RG8TnGGzdvU+OVUQOd6eqUj6b4Ni6OdyDTT5+SqR4MksX3NiM7MqanpxcVFQnMoW2b1uT8cGlp6afPnCVXWlpYUAmo+eFu3LwVFBxCthS3//+UbNbdrciF3Xv314ghFjkJW3h5ebmOHdqTy1u2bmfSCYNqwk5LS+edV6ygoPDy1WvCF/w/Nj2syQUFhfJGfNGeesmSbHVHEATfnnmpqWnXrt8kl3va9CAXxKy9KbwntiKV8bVVearD7cFQ4O9oa8cO7TvxlERgZ02+Xx8VkdRvGNF8/PiJGmF77JhRXJ8WCDpS3uGLS0tLDx46Qi53t7KUlZUV5xipvndRUdFcm5SVlQULiqCTOQtMw6l6/sJhs9lcA6HXLObmZlSsV05OkhFuAAAAAC4IEAIAANQ6UlJS7qtXkMtPnvrs2LmHs6/Mjx8/Zs9dQEVW5s6ZRZOV+6rl5EJY+Ju16zZyxjmKior2HzjUqavlU59nzMumrKxE9QU5euzEqdP/cDXrh7+JGOs20dbOkRpcS7G+IrmQkvq/cat+/fq1YdMWqkNJGfG/4baorajOWPn5+VSeIhSD3qiRw7jWuAwdwrVGp3Hj6VMnk8sbN299+MiT89PE9++nz5pLLpuatnR0sCOX5eXltLQ0yeXde/ZztsMmf/481HUkGSuSFCXF8omO0v7fA+/r1yy3CZOoP6nBzWz79m7TunxKsAWLlkT8vy0v9m2c82CX8ROn/Pr1S9jE/fvZUmG/WXMWxMXHcyb2fuKzdv1GcnnSxPFNmpSHBKgmV4Ig9h04xDkIm98rf4eBg0SYsZIG/W2Wk5Pb32FgNyub9p26VdRHhCItLU2NMvohKYkgCAd7O84YrZyc3ABHB87hMQcOcODqjDVhghsZZSQIYsrUGR//P1Znfn7+oSPHOnW1PH7ilHjHXSlEKLz76pXkQkRk1JJlK7m6raSmpi1bsapTV0tqAjxLi25U9Gjt+k3vP3ygEufk5E6YPNXn2XMmRc3Ozt62Yxd10Snev9dQt65oT71kSby6CwgIXLdhE+fXSnp6+vSZs8llFotFTaklbO3N/MTSkPjXVuWpDrcHQ1QwIy09g6v37a3bd/ftP0gul5b+74u4fv365MLbuDjy7iopKfkoaAxhCf6GEYEC678+bZlfv3J+FBUVPXf+QvrNx7pN/J6TQ/358+fP5StXk1U6QRDz5pY/JiIfo+HvntYnTp0hpwYkFRQUzp2/iKZup77cfX3Lo3QZmZkMvxCr2y+cK9eutzHr2Kmr5aw586r5+JwlJSVHj504f+ES+cOGEhQcQp58FotFnQEAAACAylBbZn4GAAAATlaWFn379Pb08iYI4vDRYz7PnltadFNTU/2SkuL95CkVYFi6eKFmw4Y0+dj0sO5uZUl2tTl7/sKr16979bRpoqvz5UvKzdt3yHyWLl8Z6C94xEjK8GEuly5fJced27h56+27Hl07d9bRbZyeluH36hUVNDpy9Lj7qhVkWxK55uq1Gzo6Oj26W0nLyLx58+bEyTNUoxsvalS9D0lJI0aPa9e2zfUbNwsLf/p4PyaDEMIWg56urm4/276PHpe3iA1ydtLQUOdNNm3q5CvXrpOvvc+cPbe7lSU54N6HpKRbt+9Syda6r+IM/MyaOX3FSndyeD07B6dBTgNkZGQCg4IrGntTHO3atSHP6uo16wiCMDZuUVj48+VL3+MnT/NtSZSRkVm1YtnQYSPJ6fGcB7s4DXRsZWpaVlYWFh7+4OFjMtn9Bw+dnQYKlVhaWnqt+6oBzkMIgkhOTrZzcBrg6GCg34yMBlEhBBaLNX3qFKo82tqNBjg63PW4RxDEqdP/RMfEWltZ5uTm+vq9IgdGkyz628z/9euEhESyr8Ox4ycPH9xHn1vvXj1Pnf6H+pNzfFFS/359yUMj9e3TmyuBgrz8WvfVM2fPJc9Szz79nAY6GrVoISUllfj+PdXBa8u2HQMGONA/+3+eCIU3MTYaM2okOSfWzVu3X/n797TpYaCvn5eXx3mTrFq91tvzAXm7zpoxdfHSFeRN5TTIpU/vnqqqqrGxb6kgIhNr12+6d/8BQRCdO3dyHTqkadMmbDb7safXhYuXyQQuQwdTiUV76iVLstUdQRD/nD0fHBJqadGtUSOt+Ph3d+7eo+qHJYsWUMMGClt7C3ViK1IZX1uVpzrcHkyYGJd3XEtOTp6/cMmE8ePqyMh8Sk6+cvU6b2dcStPfr24QBDFy1Dhb2z4vff2io2POnjlp0a0rze4k9RtGBA01NNTUVMkrMmPW3CWLFqipqWZnf3v46PHFS1cEbh4UHGLv6NS7V8/mzQ1SUlKf+jwjvwXIKp16RUbkYxw3ZtTlK1fJr5UevWwnjndT11CPiIh4/sKXPtpn0FyffOjOnr/wPSdHSUnx/IVL7c3NL188S01kW5Hq9gtn46at5MKDh4/dxo4x/39P+mrl2vUb23bsIgO6E8aPNTYykpKSCgkJPXj4KJlg0gS3qi4jAAAA/OUQIAQAAKildu7Yun37LrLp/G1cHNk0zMl99YpRI4YLzGf3zm3LVqwm27ASEhKppi5Se3PzXTu3ClUwGRmZf06fWLHanZxHLTo6hjdyY93dav7vF+3t7fofP3mK3O+u3Xt37d5LJWump2dn148avIuTvV3/Hbv2kO1lAQGB1Fw+V65dJ19yF7YYAo0cMYxqPhs9agTfNAoKCjevX1m8dAVZnhcvfbmaVtXUVHfv3M7VS2bIIOfr12+SXdCSk5P3/u6rQY725uQ0gGxck4hpUyeTDXlsNnvBoiWcH/Wz7SstLUWF8Sjm5maHDuxdtGQ5ebZv3/G4fceDM8Fa91VOvycxEiqxqWnLSxfOzluwiGwq5YyNkdqbm2/fuklJSZFz5bw5s/xevSLbKDkvPUEQY0aPlJKS+ufseTHO0P/Q32acbaBMBkPr0N6cxWJRjbxWPEPnWVr+N+Ioi8Xq0rkTbyb9+/Xdu3vH8pXu1BnmTXP44L7qFh0kiVD4ZUsXKSkrHTh4mOxbyduCr6ure+TwAepPp4EDoqJiyIqRzWZz7qJN61bb/2XvzuNi6v44gJ8WLYaiLFFDiDZrPLITES3ITnZK9p0I2bLv2WV9eCwPsq/ZeWi3tT2/0iZa1COZFpr6/XFyXDPTNNUk6vN++eN058y9Z+6cc+91vnPOWb/Wytqu0HKyqUpFKhg1c/pUNh9ssVu9fMn3cte1S+fXwcESd7LCbanDiO+DjYp69S7SiZVC7ret0vMrVA9Z6OvXHzJ4IJ068srVazSOS/F4vPnzZi9fsVr8XcbGRq3NzOhQ0ajo6L37DtDte/bulx4glOMzTDEsdllIb3/BwSGjx07gvjR3zqwjR48VdD3n8/m1atYMCAw8fuKkyEuDBw1Y4bZUZGMxPmPjxgaTnCbu258/V7DnocPsJW1trc0b148d70gkGT3SgS1ey26mAYGBgUHP27Q2K/hk5Ptln3By5LqarNxpa2vT23pcXJx4G2nfznzK5EkFvBUAAABAPjDFKAAAQPlEl7GRorK6utsy12NHDlp068om7qMdWH3tbG/duDJ6pEOhPxsnhFSrVm3Prh1r3Vdx+3R4PN4fbVq7LJx/8sRRPV1dkbfwKlcW280PatTQ3rd75+aN683N27KJy+hue/W0PHLowCHPfVWr5kd91NXVDnvut7Huzd2Djk5tlwXzrl72chg+lO5B+cfRFdraWocP7mPTCdIty92WTHL83tlXpGIUKvHbnJytWrbgjhIQoaere/zooRVuS0UOamRoOH7cmNs3rol3myorK588cWyKsxM3f6uWLebNnXX82GGLbl25H1Oc6o8LBUnXqGHDv0+dYON+qObNmu7y2LbLY5t9/375RVL64VdoVr163rx22b5/X+5MWXw+39bG+vqViyMdhisoKBQvc9s/2ty8dtnJcYJIkf5o03rJYpeTJ47Wr19P5CPUq8e/fuWSyPC7rl0679i22W2pq9W3UXdqqhJW/Sm06oqQXs26de3S26rXtw8o2kzEKSkp9etrS9POkxwrq6uLZKisrj5h3Fia7m3Vq1KlShL3Y2tjffvm1SGDB3InXCWEGBg0mjVjmr/PE/GhhwUp6DpT6PWHk7OQ6sf9uotReBUVldkzp58/e9rSsjv3QkdHoa11X3Xr+mWDRg3ZRiUlJbdlruvWrGZLedHqNGf2zL+OHzMwaMSWQpRi5vSpt25csbHuLXLE1mZmp08enzF9qkj+YrR6RsoJlL4gn5raD9+RHC93UyZPOn/2tHUfK7YfupPTJ4+zyUWpol69i3piJX7S4t22JCqw/hflolq5cn5DVi1gpbFSqh4yZpO9Fi1b4jp1ijP3VR6PN3qkw51b10c5jKCnWuSipKCgsH3rJpFlAkePctjlsZ2IETnbJXmGKeqVXET/fnYb1rmLVEJLy+6XL5yb4uw0eNBAibWOEDJ65Iijhz3HjxvDvSm0b2e+bs3qdWtWi1en4n3GBfPmbN+6iXsDbaCvP3qkw/Urlzp36ljQFaxjh/Zr3FdyK5iBQaMjhw7IEh381Z5w2INcazOzUo2dF68icetGT8seD+97jx83RuSOxufzN21Ye/SwZ9mODAYAAICKQIG78goAAABUWKmpqUnJyXw9PW4XTFEJhcKo6Bh1NbW6deuIdOsXW15e3vv3CZ/SP1XTrFazZg0pfSUCgSDu7ducrzna2to6OrVlKUBubm5SUvLHtI/aWtoSZ8QqRjEKOlAf2350nIrH9q3ik0MWdNB3795nZmXVr8cvKNgjIiEhMflDskEjA+7qdKUhNTX1bfw7FZVKtWvVql69epHemJScXK9ePfH4Vgkz5+TkxMTGqqio6NatK0tsWygUxsTGfvnypbGBQan2wUmvZgtcXM+d99qwzn3gAPvSK0NBMjIzY2NjVVRUamjXEBlq+esrRuH/+++/9+8TqmpUraFdo9A2Qvdfv179krSmj2lpMTGx1atV09WtK0s1K0arl7sSXu64+3n79i1RUODr6UnPWYyrd1FPbEFK47ZVen6F6iHdly9f3sbHf/qUrlW9et26dZSVZZqy6OPHj4lJSepq6np6urJcvcXJ5RmmSIRCYWJiUmJSkoZG1To6OpWLGCtKSUn977//GjTQl732FvUzpqV9iomN1dOtq6WlJUN2Qm+jb9/Gf/nypW7dOmyFyEL9gk84cW/fZmRkGDRq9BsF2DIzs6JjYpQUFfl8fmk/wgEAAAAwCBACAAAAlLoHDx+NnziJDiB78vDer9mxCz9fWHi4jZ09j8d7+vj+T+vXBgAAkBc84QAAAAD8vjDFKAAAAECp27N3P02MGzsafWdAff782XnKDEKI+6rliA4CAMDvCE84AAAAAL8vBAgBAAAAStfzFy/9/ANoesigQWVdHPhVvI2Pj4uLc5w43s7WpqzLAgAAUGR4wgEAAAD4rcm0JAAAAAAAFNvBQ4dpYsjggdrasi4FBOWekaGh17kzzZqalnVBAAAAigNPOAAAAAC/NaxBCAAAAFC6Dh0+mpuXq6aqZmtrXU1Ts6yLAwAAACAHeMIBAAAA+K0hQAgAAAAAAAAAAAAAAABQgWANQgAAAAAAAAAAAAAAAIAKBAFCAAAAAAAAAAAAAAAAgAoEAUIAAAAAAAAAAAAAAACACgQBQgAAAAAAAAAAAAAAAIAKBAFCAAAAAAAAAAAAAAAAgAoEAUIAAAAAAAAAAAAAAACACgQBQgAAAAAAAAAAAAAAAIAKBAFCAAAAAAAAAAAAAAAAgAoEAUIAAAAAAAAAAAAAAACACgQBQgAAAAAAAAAAAAAAAIAKBAFCAAAAAAAAAAAAAAAAgAoEAUIAAAAAAAAAAAAAAACACgQBQgAAAAAAAAAAAAAAAIAKBAFCAAAAAAAAAAAAAAAAgAoEAUIAAAAAAAAAAAAAAACACgQBQgAAAAAAAAAAAAAAAIAKBAFCAAAAAAAAAAAAAAAAgApEuawLAAAAAPIRFxe33/NQVlb2sKGDWpuZyWu32dnZ/zx9FhH55u3bt7Vr127dqqW5eVt57fz3VUpn+xeRkZGx3/PQmzdvLLp1te/fj20XCoXtO3XNysomhHidO92oYUP20vSZsx88fEwIcVu6eOAAeyk7nzx1xpN/nhJCFsybM9JheCl/lN/Yx48fu1j0JISoqanevnFNU1OjrEv0WxoybGRYeDghZOP6NVa9epZ1cSquvLy803+f/eefp00aN54wfpy6ulpZl+i3ERMTe+u2d+SbNxERke8TEqpUqdKhfTu3pa5lXa7S9eyZz9nzXlWrVHVynFCnjk5ZF+d3VdCzyrHjJzZt3kYIsbHuvdZ9VZmWsRRJuezI/tAiC7k8E548dWbt+o2EEItuXbdv3VTCIgEAAADICAFCAACA8iAvL2/chElR0dGEkPNeF/55fL92rVol323Q8xfzFyyiu6V6dLdAgLCUzvavY/3GzcdPnCSEXL12Q0NDo0d3C7o9Nzc3JSU1Py3M5b4lOfmDQCAghHz58lX6zrOysmjO7C/ZpfYJyoO8vDx6ogQCQWZmJgKExZP2KY2exq9fC6mZUKqu37jlusSNEHKV3EhP/7zIZX5Zl+g3kJmZ5Xnw0LYdO3/cnFhW5flp4uPfOYweR9O+fv5XL3uVdYl+S1KeVdI+prH7S1kXsxRJuezI/tBSKHk9E3769KkifCkAAADwq8EUowAAAOVBWloaN4wXHR1T8n0mJiYOGjKcu1sej2dsbFTyPf/6PqalDRoy3MraLiIiUvzV0jjbvxR//0CWDg0NK9OygKyOHT9hZW23cvWasi4IVFD+AYE2dvZDho3MyckRf/X58xcs/So4+OcW7Xe1cNFibnSwVcsWfe1sx48bM27s6DItlxxIry2hYeEsHRYenp2NX5MUR7l/VimUHC87c+cvtLK2u3DxsvhLv9d5lt70AAAAoALCCEIAAIDyQFNTk8/nx8XF0T/169cr+T43bNpCEzweb8vG9V26dFJRUSn5bn8L4eH/Bj1/QQhJTEoyMGgk8mppnO1fiplZSzorIyHEyNCwrIsDMrlx83brFN+FAAAgAElEQVRERGTVKlXKuiBQQT175kOvG1+/5igri/43s3nzpixtamL800v3+7ntfefqtRs07TBi2LSpk2vVrFnWhZIb6bXF0LAxSxsYNFJVVf3pBSwPyv2zSqHkddn58uULDQ1yA4HM73WepTc9AAAAqIDwQAAAAFAeKCgoHDvseeDgoczMzGFDh9SuXbvk+7ztfZcmVq1ws7TsXvId/kbevXsn5dXSONu/FJcF87S0tKKiorp26VzRvvrfV0RERFkXASq02Li3Ul61se7z+fPnJ/88bdK48cQJ439iuX5Xu/fso4ke3S1WLl9W1sWRM+m1ha+n9+fRQ+fOe2lU1XCciNpSTOX+WaVQ8rrsJCRIm9f39zrP0pseAAAAVEAIEAIAAJQT9erxV61wk9fePnxIYYugdOvaRV67/V3EFdaBIt+z/avh8XizZ04v61JAEWRlZbHlIQHKhPSJ9RQUFIYNHTJs6JCfWKLfmFAofPnqNU3PnD61rIsjf4VOw9ihfbsO7dv9rOKUW+X7WaVQ8rrsxEv90djvdZ5/8RlQAQAA4OfDGoQAAAAgQfKHDyytqalRpmUpA7HfpooC+C1IH98A8BNEx0iYfA+KhzuKvUED/TItS6lAbYHfSHx8IQHC3wiaHgAAAIjACEIAAIBywtfP/+69+4QQwyZN7Pv3Zdtve98JCAzSqV171MgRSkpKyckf/PwD/AMCgoKe6+joNDU1sbLqZdCoIcsfFh4uEAiiovJ/Yszj8QICA9mrNbRr1P9xeRVfP//g4JDQsPDY2Njq1aubGBsZGxl16Ni+srq6SAnDwsMvXLysoKAweNCAhg0aZGZmnTh58smTp3Fxb3V169rZ2gwaaM+yqaqqjhs7upqmZkxM7KPHTx49efJf6sfGBo3GjB7ZpEn+6kRvoqLOnvMKDQ1LSU1t0tjAyMhw8MCBBYUzk5KT/fz8Q0PDQ0JD49+9MzI0NDE2GjjAvkYNbW62tLRP7xPev3odTP8MD/9XTS1/9SNFRaVWLVtIP9tMRERkQFBQWGj4m6goQoipqYlhkybtzP8Qn3sqIyNjx87dhJD+/eyMDA3pwJGAwEBfX/+PH9NMTYybN2/W185GSUmpgG+eJCYlHT5yjBBShcebMH6curqaaGEi35w6fUYoFFr1tGzXzlzk1by8vCNH/0xMSlJUVHR2ctTQqJqQkHjk2J+EEDU1tVkzphV0XLlITEry8/P38w94+fJVvXr1WjRv1t2im75+/YLyh4WHP3/xMjg4JCoqWk1NzcTEuHmzZj26d1NQUJB+oHfv3h87foIQoqiouGDeHPEMtKUQQjp36tixQ3vuS+np6V4XL4WH/fu/iEgVlUrGxkZNGjfu2bNHNU1N8f1kZGT889QnNDT01evgzwJB/Xp8Y2OjHhYWurp1CypbTEzsUx+fwMDnL16+5OvpNWvWtEvnTjKuY5STk5OQmPjoyZP8on7+zG2wenp6tWvV4ubPysp68s/TsLDwkNCwlJQUPT1dY2MjE2PjduZtCz2HjK+f/8OHj/8XGfH+fUKjhg0NmzQ2M2vV9o82EjMnJib6+vkHh4SGh/+bm5vbpEljI8Mmffr0Fr9EHPA8lJKa2tqsVU/LHoSQyDdv/AMC/fz8IyPfGBgYmBgbDbDvX1AD/5iW9vjxk+cvXgYEBFaqpNKyRXMzs5ZWvXrK+IlYM+zQrl2XLp1yc3Nv3Lx9+crVN1FRmhqa7dq1neLspKb2vWXl5ub6+voFh4a+fh3y/v37WrVqmhgbt2/frkXzZhL3HxMTe+XqtYjIN9HR0TVr1jQ2NjI2Muxp2UNiu5a9CtFKq6qq6uzkqK6ulpCQePjIsaDnL9I+pTVs0GD8uDH+AQFpaZ8UFRV7W/Vq3qyp+LHoYLWDh46k/vefoqLiJMeJ3DMcEREZ9PxFSGhocHBoVnaWqYlxixbNB9r3r1SpEvdUfEhJiYuLY2NYA4OC2GWzWrVqjRo2pNeZLVu3f83JIYSMHzdG4nJ6Rb2bsNtERmZmQEBgQGCQr59/JWVlU1OTjh3ai7Ri6QQCwTMf39DQsFfBwUmJSY0bNzYxNmrdulWzphJOWpEaUQlvwYSQ0LCwgoqtqaHJXSW30PrwR5vW4kUKev7in6fPnvzzVFFBoUWL5hPGjdHS0qJfma+f/6XLVyMjI3Nz8wwNG7ds0bx/v74F3YzkWFsIIWfPeUVERhJCeln2MDNrJX442WtLyW+y4juUsYWW7fOMLM8qEhXpCi8d96qenZ39zMf3yZOnfv7+NWvW7Ny547Ahg2n1yM7Ovu1957b33fj4eB6PZ2xsJH4j5pKlssl42ZEuMzPrfcJ7Xz9/+md8fDz3DmtibEKfuAo9zwkJif4BASGhYcHBIdnZ2cbGRsZGRh07tJfyYCAi6PkL7zt3hUKhgoLCJKeJ3McPWZ6LZG96RX3mAQAAgN+dQl5eXlmXAQAAAOTAY+fubTt2EkJsrHvv2LaFbV+9Zh2NHh07cjA9PX3q9Fni712/1p0G5wghI0aN9fHxLegoIx2Gr3BbStPJyR+WuC33/rZUIRefz9+6eQMLp1G3bntPnjqDEDJt6uRJjhPsBw2NiIhkr7Zq2eLsmZPcbNOnTWnUsMGsOfNFdn7lkpexkeGx4ydWrHQXeUlbW2vvLg+RzsS8vLxz5y+sXL2GTZrK8Hg8j+1bunbpTP88fOTY6jXrCvrsPB7vZZAfTRd0tgkhX7582bl7767deyXuZMM694ED7LlbUlJS27bvRM/AwQP7Zs+d/+DhI5F3mZu33bZlY0F9W1++fGlj3pF+urXuq4YMHiiSYcasOVev3aDfy/07N0VeDQwMGjzMgaZfvwhUV1fz8fEdMWqsyEcmhHz9+tXINP87vXH1UuPGBuylYSNG+fkHEEJWr1w+fJi06bzGTXB6+OgxIWTxogU6tWvPmDVXPM+eXTt69bQU2Zidnb11u8cBz0Pi+Tt17LB61XK+np6U47589dp+YH7BIv8NEc/gvnb9ocNHCSEjhg/lzhV289bt+QsXS6w8a1avsLHuw+2De/Hy1czZ8+IkjUBdvXL50CGDFBVFJ/C4fOWqeCUnhDiMGHbir1M0/eThPR0dycsaNWpiUvCHFv06goNDZs6eFxUtYQBB1y6d165ZJRJNFJeenr7AxfXWbW/xl6z7WC1xXSSyB68LF+ctWCSemc/nr1+72rztH9yNVtZ29JrwItB3337P3Xv3i7xLR6f2Lo/tLVs0F9keEhLq6DxFfBhlr56WT/55Sr+77Vs32dpYF/S5uM3w7JmTC1xcz5334mZ49dy/cuXKNJ2YlOSyaAmtxiLGjB45b84slpPatmOnx87d4pmNDA3XrlklErcrUhXiXt5r1NC2tu3PzT91inN6evqxP0/QE3739nXx6kcIuXrtOm2GPB7P9+kjGgfNzMza7rFTYnMzNTXZsXUzi+I7OU+9c/eeeDaKXSGlXD1KeDex6dPbafI08TM2epTDYpcFIgEDiV6+ej1j1lyJ53ykw/AF8+bweDy2paiNSL63YBGWlt337d4p8VgS68OcWTO42Q577r/34AGtIYyOTu3bN68pKSq6LnXzunBJ5Iitzcw8dmwR+Yxyry3S7ylFrS0lv8lyFamFluHzDFXQs0pB24t6hS8Uu6o/fnB35ux53Oga3afH9q0JCYkTHJ3DwsNF3jti+NBlSxaLNGHZK1vJH1pevw7uN2CwlE/H9inlmZAQ4nXh0rwFLhL3sHL5suHDhtA6s2+/54ZNWwghFt26eu7fw8327JmPw+hxNO0wYtgKt6X0wUP25yLZm16RnnkAAACgHMAUowAAABWF69LlrGuSx+NxezwXLnINDs4PmRh++z27RKynJiQktEevPtweOj6fz9JxcXGDhgw/dfqMxJ18+JCyyHUZNzpICDE2NhLJ5rFzN+tN09bWYtvdlq+6cfMW603jvpSSkuo8dXpGZibb8vnz5wmOzgsXubLODm1tLfbZBQLB+ImTWFxBVVVVymeXhUAgsB84lBsd5B6OELLAxXXu/IUS3xv0/EW/AYNZxyX3c/n4+C51W1HQQVVUVHpb9aJp7zuifaaZmVk0Oki/l//9L0Ikw917D2jC1sZafPRh6dm+Y5fE6CAhZPLUGSKdv58+pQ8YNIz1gvH5/B7dLVqbmdE/Hz/5x8bO/uPHj3IvZEhI6JRpM1nlad/OvFPHDvQLFQgEM2fP+/AhhWX+++z5AYOGso7j1mZmPbpbsMDekmXL94hFvHbt3svtMubxeEaGhjTNooPScWuXdF4XLva1H8QNbHDb7IOHj3pa2bx4+Ur6TlyXurG+4wb6+j26W5ia5kcor12/efDgEW7mBS6uLDrI4/E6dezAzl5cXNyIkWN8fP3EjkAIIf0HDGHRQW5DSEhIdHKewm3ghJBHj5/Y9R/IjQ6amprQo9y67S3eyyndh5TUk6fOiEQH+Xw+i/m9fh3c08qGRQeNDA179bRko7iOHjvu5DyV+xPMv06eZtFBbW2trl0601FcdNjHosVLuQcqRhWioqKiJ00WXTe0SWODoUMG0XRcXBztDRd34uRpmhjpMJxGByMiIu36DeB2OnPj08HBIVOnzxIKhfRPNgal2EpyNzl56nQf237sjHFry7E/T8jSiM6d97IfOIQb7zEyNGTN6viJk7PnLmAvlaQRyeUWLKOC6oPIlnETnVh0kJUnISFx/4GDGzdvZdFB7rcfEBi4fMVq7k5+o9pS7JssU+wW+vOfZ4qnSFf4IunUtTuNDnJr/rXrNx8+fMyNDnLPwF8nT5/88assUmUrORUVlZLvZJHrUm50kHuXJ4QsW77yyNE/pe/h5avXLDrYv5+d21JXGqIr0nORjE2vSM88AAAAUD5gilEAAICKgnZpTXKa2K+vbWMDAwUFhfsPHs6cPY92BGzeuv2Q5z5CiNtS11kzpvv4+tKfvRNCrl72YnFBndq16VRFy5avZD0Imzeut+rVU11dTSgUhoSGTp+ZPxTDdenybl27io98Yp13w4YM/uOPNnl5uZGRUdZ9rCQWe6nrIjtbG21trbi4OOcpM8LCwwMCA2k3U/t25uvWrtbT1RUKhUePHXdfu572qZ04cdJx4nj6diUl5dfB+fOFzpk9c8SwIdWrV6c/x3aaPC1/aJHHzrXuqwghQwYPbNeubV5env3AofSldWtWm5m1zN+VYuHzj+3eu5/1c01ymug0cXy1atUIIe/fJyx1W3Hv/gNCyIWLl/tYWVladpf4HTXQ11+8aEGb1q01NKqmpX1a6rachve8ve8+f/FSfOwUZdXLkoY07ty9l5mZxY3zPXnyDzen9927ImN3bty8RRMsyvhz0DO8eNECy+7d69evl5OTc/XajTnz8vvit2736NHDgv1QfdfuvfTE8ni8TRvWsvGFiUlJc+ctfPrMRyAQbNy01X114T28RbJ95y6a6NSxw/atm+i3mZOTc9v77qnTZ/ra2dSsWSO/JImJLouX0HRfO9ulri50mj46V97CRa6EkC3bdtjaWLNJemNiYrds20HTDfT1d+3cZtikCR0Sev7CRdclbmLFkcD71rX09PTr129u3e5BYxs7tm9mr9bQzi9eUnIyi9Xp6NT22LalRYvmSkpK2dnZd+7enz5zNv1Glrqt8Dp7uqCp9kJCQlmweZfHNlZh3sbHHz12PCYmdrKzI8t85+49FmabN3fWxPHj2FRyGzdvpQOYXJe4XbtyQbwTlgZg3Fev6Nq5c506OkKh0PPgYTq0IiUl9cRfpxwn5PeW5uTkLHVbyd64b/dOC4uuSkpKubm5AYFBExydixogjIuLW7JsOf3Gra178ypXjomJbdCgAX1VKBQuXupG92lqarJhnTvr6g16/mLajFkJCYlPn/lcuny1X19bmn/dhk00wySnibNnTqcnIT09/czZc3fu3ndZMI8duhhViHFbsYq2jgnjxxo0apienh4b97ZTp47VNDVbm5nRC+bfZ8+JDNmkExuy8WpDB+dHE4W5QvoV6OjUnj93Tp/evVRVVXNzc0+cPEWDQ2Hh4ZevXOvfz44Qsmb1ypkzpr19Gz9+4iT69ssXzql+64yuUlgAu4R3EzpdXo/uFpOcJjRr2lRFRSUiInLm7Hn0crFl244hgweKDOjkSk7+sMDFlaa1tbW2bt7Yzrwtrf+BgUEbNm3x8w+YOX0qzVDCRiSXWzB1+vTZg4elhWoKqg/iOXk83tbNGzq0b6+urvbP02fOU6YLBAIW0h43dvScWTMqV678+fNntxWrLly8TOPuQc9fsFF6v1FtKclNtoQtlPqZzzPFUKQrfDE0b9bUbdmSZk1NFRQUjh47TidsGDfRib66bs3qAfb9lJSUYmJip8+aQ0PmmzZvGzTAnjXhIlW2kmvSpPH9Oze/fP26fsNmOvxuxPChY8eMYhmkz1tAfzRw5u9zNN2qZYv169wbNmigoKCQk5Nz89btNes2VKqkMnjQACl7+N//IkZ+iw5aWnZfv9adXVuK9FwkY9OT/ZkHAAAAyg0ECAEAACoQkZkbLbp1XTBvDu1JfPDwkVAopP0Ompoa3J/kGzRqpKz8wzPDxUuXg56/oOnzZ0+zZbeUlJSaNW168fzf1nb96M/YN27esnnjeomF2b93V4/uFtILvG/3ThZI4/P57qtXDBw8jP6pra21y2M7XaFHSUlp/LgxQc+fX7t+kxDi4+vHOtTU1dX+PHroyZOnvXpZ6unqsj23a2e+aOF8Gglg0y4pKys3bNCA/tSa9rXVrVuHuy6LdG+iovbuO0DTixctmDBuLHupTh2dfXt2zpozj5bQbeWqTp06cJc0o7p26bxtyyYNjar0T01NjQ3r1jzz8aWd4M+e+RTUd9mh/felenz9/LiTjN24dYub8/qNW5MnObE/o6Nj2GiYLp0ldB+XqkOe+1hRlZWV+/W1VVZWosMKw8LDHz56TF+NiIj0PHSYZtuzawd3XaLatWrt3rmjU9fuAoHg1Jm/nRwnFNQzWzxPn/rQhMvC+bSnjBa1T+9efXr/EE+l4StCyB9tWm/asJYbHhg00D4lJYVm2LVn34Z1+YNFPHZ9H1h2/uxp9r2rqKgMGzK4dq1aE50mF1rCWjVr1qpZk61tqa6uJrHGbtq8jSZ0dGpfvXyBrSSkqqpq3ceqfr2zfe0H0REY585fEJ+llnr5+jVN9OppyQ0n6+nqui76YVxsVlbWKvf82XqnTZ3MrXKqqqpLFrtERr55+OhxVHT01WvX7fv3EzkQn8/33LebDctTUlKa5DTxdXAwbT6PHz9hAUKvC5fYaJ6L5/9u2tSUphUVFf9o0/ralQvWtv2LGiMkhEwcP26Ri4R5X8+dv0C7rXk8nuf+PdwJCVu1bOGxbQudrdd97ToaIIyKjqFH5/F48+bMYnMPVq1adcK4sdxLRPGqEBePx7t+5aL4ilajRg6nEQivC5eWLHZh1Zg6ey4/iNulcyfWdgybNPHcvycxMdHO1oYN91FUVBzlMMLPz5+GEB4/eUJ74atUqVKlShXupHMNGjSQfSxyye8m06ZOnjFtCjtdBgaNNm9aZ2NnT8N1YWHhElewo1gb5PF4ly+e506faGbW6tRff7LbolwakbxuweJLzYkrqD5waWtrnfrrz4bf4t8d2rebPm3KuvUb6Z9du3Resjh/5FOVKlXcV6149PgJvRkFBAayAOHvVVuKfZMteQv9yc8zxSD7Fb4Y2rcz37dnJ6sh48aOfvT4CRvN6bJgHouT1a9fb8M6d9aE/xcRyb7oIlU2uaAtkVUYLS0t2Z8JhULhqtVradrcvO1hz31smgplZWUb6z59elvR8he0h7i4OIfRY+lNpH078+1bNrFLQVGfi2RserI/8wAAAEC5gSlGAQAAKgqHEcPE13Xr1ev7lnfv38u4KzYpWa+elqzjhtHU1JjinP8L5QsXL6elfRLfw8AB9oVGB/l8vsgwu5YtmrMuob52trQ3jbHq1ZMmIiLfcLcbNmkyftwYbm8axUJTKSmpnz9/ll4YWXh5XaQJbW0th+HDRF5VUlKaNjU/3kOHGYnvYa37StYPRampqdn06UPTMbGxBR1aXV2Nra92//5Dtj07O5tOE2dqakInNgwODol7+5ZluP8gP7OlZXfZJ6uUizmzZ4qslkRHMbIZxtj8k3TYCu1P5/aCURoaVSeOzw+0/Pu//5VSaUNCJCxbyAgEAlbIRS4LxAcPjR41kiZevHxJEx/T0tgMftOnTRH53mltl1PZiUAgYIP5nCc5ssAGY2pqwobwHv/rZEH7+fr1K038738RmZlZUo7o6+tP43Y8Hm/q5EniGZwcJ9BESGiY+Kvz585i0UHG+ltDiIj8Pjsxm5ytV09LFh1k9HR169TRkVJOiRro68+eJTo9I3XyVP5snDOmTxFfrszMrBWd3i0lJTU1NZUQkpOTf8YEAkFc3Fux/X1XjCokYoXbEonRoJ6WPVjTvnz1Gvel7Ozs4yfyv+4Rw4dyX7Lo1nXY0CHi14Selj1oIvLHy2yxlfBuwufzZ8+cLnK6jAwNG+jr03Rswac9MzOLzUHqPMlR4uJqbM8lb0RyvAXLoqD6wNWntxWLDlKdO3Vg6WFDf1h9TU1Njd1kY2J+uBn9LrWlJDfZErbQ3+J5RvYrfDGMGD5MpIZ0t+jG0gPsf1gv08jQkMXIRZZ7/GmVreR8fP3YD7DmzJohPom9oqKilOhgYlLSqLETaei6ebOm+/bs5P6qrLSfi6Q/8wAAAEB5ggAhAABARcH94TBTQ/v7QITkpGRZ9pOXl/fyVf7PzAsaadTXzoalY+NEe9x4PF6xf43OuvtFujW5L4l0JxWkdu3v3cFJyTJ9dun+jchf3m/gAHvx0YG0a48t5xMVFS2egUj6jup+6+SVvrYQ60+8ev06WwLt2bfJA2369Laxye8DpTOdUre879BEHyvJU7yWHokr4igpKbEP8vZbIJN1b9WpoxP0/IX4v0/p6TQDN3QkF2yUzAIX1w2bthRUtbjfpjAnR7yEbOLZiIjInJwckR72vra28i22CFmONWhg/uiN4OCQ3NxciXlMjY1pIio6etCQ4be977AOZRGRb/K7aPX16weHhIqfkI8f02iGf/+V0HepoCDhPymsgSckJNIanpuby06s9FnaisR99QqJ7Tc3N5dd+niVeRKrIstM+4W5Y03s+g888dcpiUGL4lUhLnPztuIDMSk1NbWRDsNpmoUDqTt379OxKdraWhbduhZ2YgghhI1VjX/3Tpb80pX8blKQevXyowuJiQVeNrl7GzTQXvoOS96I5HULloWU+iAdN0qqX7++yKt169ahiffvE2Ta2y9YW4p7ky1hC5XoV3uekf0KLxc636oHj8fjLj1I1WdNOClJlr3Jt7LJBaszDfT127Q2k/2NQqEw8s2b0WMn0G/fwKDR4UMHRGKipfRcJOMzDwAAAJQnmGIUAACgQuP+eDmP5MnyliROZ41uXckDFKpWrcrj8WjXc3R0TLOmTbmvamlpifxYXnaV1dVpQnxmJPGVzMTl5uampv6XmJj4PiExSbZeJ9mFh+f310hZlqZRw4Z0isLIN1Ey7pYF0goK21BsgtCUlNSw8H+NjQy56wv27NlDTVWNLtJz7dqN0SMdCCEfP35ky4/JGB74CVgPNRtxFfztl+x/nTz918nTUt77Ni5evoWZ4uz0+Nsijvv2e+7b79m8WdN+fe1srPtwV+Lhfpt0kkkpEhOTdHXrsn43Ho9X7OYgIzaIQcqxdDlDUhISElkkgKtFi+ZdOnd6+OgxnQPWecp0Ho9nY927n53tH3+04Q6piYjI75EMDg4ZNGS4lLLJ3nfJHX6Rl5enoKCQxAmoFDpYSnb6+qJxEYobFKGz+Unx9u271mZmlSpVmjN75pat2+kIpGXLVy5bvrJHd4u+djY9unfnXsSKUYW4WxqLDbjkGjJo4L79nvR74a4e99fJ/PFzoxxGiExiyZWTk5OUlJyYlPT+fULQ8+d0Y1ZWtvRCyqLkd5OCsNqSm1fgZZMb8xMfDypCXo1IRDFuwbKQXh+k4C52KB4mV1Up/Gb0O9YWWW6yJWyhEv1qzzOyX+HlopJKfmWT+Guh7004t8B2UXqVTS7YRaORgayzklIPHz3u1Tv/Vwg8Hu/Po4fEhyyX0nORjM88AAAAUJ4gQAgAAABFE/f2e1+DlP4Cvp4e/UF9bGzZ/wA5Kyvrxs3bN2/dvnXbW2IGNuSu2IRCIQv5SOlrZj/zZz1H8lKlShVLy+7e3ncJIQ8ePDQ2Mvz69StdksfI0JAOUGjerOnLV6/9/AOSkz/UrFmDdQN17dK5tGNUsqtevTpNsHEAbFQHj8eT2JPIiE8yWULm5m337921yHUpneaLEPLy1euXr16vcl87yWni9KlTaMdu8ofvkSrxkRBc1atX19LSIoSwiV6LMQdmUcV8a4NSjsVd1extfLzE2IaSktK2LZvc165ncy0KBIIzf5878/c5A4NGa1evZIu9ccd8SD8h7duZF/0D5Yt/9/1aVGiAp+RSUlNZWvqHqlSpUoMG+VNcTp7kqKSouHHzVvbqnbv37ty9x+Pxli1ZzAauFaMKyU5fv36njh1oez/z91kaIIyOjmETHbOhb1wZGRl37t4773WRBgxKQ9neTVgbZPORSiGvRlRelfvaUqottEhK73lG9it82foJlU0uoqNjaKKuTvEvBQKBICYmVvwGV0rPRTI+8wAAAEB5ggAhAAAAFA33h8yCjAwWzhHxMe1jfv5q1X5W0ST799//jRwzjnV2UHw+v1bNmgGBgfI6ipKSEhu48FkgKChbenr+4kDaWpLPW0n0sbKiAULvO3edJzn6+vnT8tja5k8uamdrQ6dou//g4eBBA257381/Y++fPb+oFB/T8ief1NHJ74hvoK9P46lbNm2w7FHI0pVy16O7xYO73nfu3qMAbjgAACAASURBVL1w8TJ3dtZ9+z3fvn27fetmBQUFtiKUkaHh1ctesuyWVzl/urDs7C+lU/DvtKrnt0Epa1NlCDJYWkq0WFNTY8M6d6eJ4y9cvOx18SLro4yIiBw8zOHC+TN0yA6fnz+IdsK4sYsXLZDfR/mBupo6S3/5UuqnsY7O98jQretXZLyyKSoqOk9yHDRwwJWr1y5euszmSBQIBAsXuWZlZdH5P4tRhYrEYcSwbwHCc4tdFlStWvXsufyjWFp2Fw96Xbt+c/rM2dwtPB6vVs2aqqqqbCrFkivbuwk7uixTMsqxEZU/FaG2lHYLlVFpP8/IeIUvQz+nsskFixN/Spc8s3RBWrVsMX3alFWr19InnwmOzrdvXGFzqFKl91wkyzOPHA8HAAAAZQ5rEAIAAEDRsK5/QkhSouRZrYRCIetXKmi+vp8jJCR00NARtDfNwKDRcrclt29ejfw35P6dm2dOHWfZ5NLfYWJsRBMJCQWuz/Tu26i4Ro2KOQWcFN26daGJoOcvPnxIuXnrNv2zV09LmrDs0Z0mbt66/eXLlytXr9E/f535Rblnj63fZmxsSBNyH3YpI3V1NVsba8/9e54H+KxxX6mjk99Pd/XajdDQMG4lDwsPFwqFsuyzqEtMlQQbIJWQkFhQ8bhj/urx60nfoYFBo3lzZz15eO/C+TMDB3xfvG33nv00wb47ua8KycW+CEJIcvKH0jsQVbNmDbYKVHSMrIvhUTVqaI8dM8rr3JmH97xnzZjGtm/YtIXOaliMKlQk3S26sWFP127c/PLly7HjJ+ifI0eIzgF77rwX64Lv2qXzlk0bfP559DLIz/vWtdWrCplbtUjK9m7C2oVAIMjIzJQxs7waUblRQWpLabdQWfy055lCr/Bl5adVNrlo1DB/acmYIt4vqlWr1rVL5yOH89cdFAgEU6fPEvkRTKk+FxX6zAMAAADlCQKEAAAAUDSqqqp8Pp+mn/n6Sczz4sVLltavX5YBwiPHjtNRdL16Wl449/cohxF0ss3S0KRJY5pgU3eKEAgEAYFBNC3LpHZFVU1Ts2uXzjT96PHjCxcv054+Fq2pV49vampCCLl3/wH7Ybi5eVvuzHhlSygUPnqcf/YafpukseG38nN/zF5UlStXZum0tKL9nJ+pWrXq0MGDrlw8z2ItIaFhhJD69b5Xcv8AmYZxcIejFbX3sKi4HeVBz19IzMNWo9TRqS37HGLNmjbdsM59wbw59E82hIVNsOkfEFjss10o7hCi8H//LaWjcDVpbEATjx8/Kd4edHXrTp825e9T+cE5gUBAJ0IsRhUqEmVl5VEOI2j61KkzDx4+ohdGHZ3aHdq34+bMy8tbv3EzTS+YN+eQ575+fW1L6RJRtncTbrvw8/OXPbN8G9FvreLUltJuobL4mc8zVEFX+DLxMyubXDT8FiAMev5CZNCnLPR0dfft2cn2sMp97Y87l8NzUaEKeuYBAACA8gQBQgAAACiyLp070sTefQcyM7PEM+zzPEgTfD6fO8rn57v/IL/rZMwoB5EeW4klF5GVVXgexrztHzTx9JnPq9evxTOcO39B8G32UboMmNyxyUJ37d5Hj9XXzpabwaZPb5pYu36TyJafLDNDwpCdm7e82Yi6Tp3yq1mHb8vU+fj4FrsvTLduXZYOCQ0VeTUjI+PVKwlfmUTVq1dvZ96WpunaP+rqan+0aU23rFu/kY4Jk471dBNCTv99VjzDib9OyVgeLom1ulatWiwgvf/AQfEMWVlZu/fmDw3p0rlTUQ/KRqBW/jZvalNTUzb0Yd8Bz6LuUEYKCgrNm+XPd3f0zxPiGR49fhIRIc8hjCwAv3W7hyzzUhbEzKwVG4yopqZWvCpUVGwk0MtXrw94HqbpsaNHKSkpcbPFxMSyvuwxo0eK7CSzsJF2hJDsL9myl6oM7yZaWlqsGXrs3C09c2k3ot9UxaktP6GFFqqEzzPFJn6FJ4Tk5uYmJiZ+/fq19I4rouSVreSyinKeTU1MWPrI0WPFOFz7duZLFrvQ9F8nT/999jx7qeTPRbI3PfFnHgAAAChPECAEAACAIpsxbSpn4qOZ3BFCubm5Ozx2eX9b3G7ZkkUivc8/mUbV/IWgEn6ckezDh5RxExzZn3l5eRLf9fjbaLak5GRBwSsLUn16W7Gw3/SZc0WGNHnfubdilTtNO04cX68eX9I+Sop15LFZp6y+zS9KWVrmzzLK4nA9uv/sVf2ords9Ll66wt0SEBjosngJTVt068pOprl5W+s++YHPhYtcH/04eEsoFF69dt2yl/XU6bOkzPymrq7G+ou3bvPgzigY9/bt4KEOfv4B4u+6dv2mx87dHz6kcDempqY++zZUyMgof15Zt2X5JX/56vXCRUtEFip7/z5hkevStu07PX3mQ7doamoMGzqEpvft9+R28AmFwnUbNm3d7lHQZxFXpUoVmggLD6fzHAqFQjYwUUFBwW2ZK03fuXtv0+Zt3BOVnp4+Y9ZcVr1nzZxe0FFSU1M3bNpy5+49ke3e37awr0xTU4MNOtm33/PQ4aMi/enPX7wcM26ilbUdd1bGYhg/bgxNBAeHeOzczT3Ktes3x453LPitxTFhwjg2kGKS81SRoZ8ZGRm79+5v277TAc9DdItQKNy33/P4iZMis8P5+QfQE87j8Vi1LGoVKqq6deuw5s9GAtn37yeSrTLv+1jb5A8/TNz6+nXwrDnzJO6c1UBCyNOn+SWMiYktdDLGsr2buC1dTBNBz1+sWOnOjXZ8/frVY+futu073b13X46NqJypWLWllFtooYr3PCM72a/waWmf+tj269DZonXbDgUNqJW74lU2uahapSpNsJOTkZFR6M2rbt06To4TaHr33v3nzv+wdGVqauqMWXO69bCSPs34uLGj7fv3pWmXxUtevHxF08V7Liq06cn+zAMAAADlhnJZFwAAAAB+PzVqaM+bO2vFSndCyIOHj3r2tu5paVmPr5f26dPTp89efhuJ1bVL5+4W3cq2qC1bNqehsmXLVxJCjIyaZGVlP3r0+MDBw1ICfo0MGtJ3HTt+4mNamoZG1eMnTrY2Mzv11zFFxQJ/X6WoqLjCbWlf+0E0/GZt27+vnS1dhOblq9esX4nH401xnlQ6H5fUqKFtbt6WzXTXQF/fwOCHxQ4bNWxoYNCIDatq1bJFGQ7xnDNvweUrV1u1aqmmpvr6dcily9/jhXNmzeDmdFkw/9r1m4SQlJTUseMdLbp1bdasqaaGxtv4+Os3btJFp6Kio2973+lt1augw02fNsV1iRuNjljb9h/Qv6+SkpKvn39BU8KG//svXe7owMHD48aObvtHGx6PFxkZ6bFrLx3HYG7els2DamxkOHqkA13X7bzXhX+ePu1u0a1Rw4afP3/mfvtLl63wvpW/9KPjhHGnTp+h6YlOk3t0t6hfv967d+8fPX5SaDRaRH1OvNlh5Fgrq56PHj8JDg45duRgxw7tCSGdO3Xs1dPy1m1vQsieffvv3X/QqWMHbW2t+HfvvO/cZat2uSyYV7tWrYKOsmLVGrpupbl526GDB9WvX08gENy8dZsNdhwyeCDLPHzYkJOnzoSFhxNC3Neuv3Dpcntzcz2+bmJC0pN//mFXib37DrgtdS3Sh+Wy7tN73YZNtPzbduy8e+9+y5YtBIKMJ//8wz6UHFVWV1/htmzajFm0UXfv2bt/PzvDJk0UFBQi37xhwzvWbdjUt69t7Vq1/j57bsOmLYQQz0NHJowfY2RoqKCgEBAQuGvPPprTccI4tvNiVKGichg2jEVQ6PBi8Qn6atWsqa2tRWv41OmzFs6fq62tlZr63/UbN/86ebqgPdesUYOlFy5y9fXzS0hIvHXbe/q0Kdw1F8WV7d3EolvXLp07PXz0mF7t/3n2rEd3i3p8vfj4d+cvXKRVyGXxEt+nj+XViMqZClVbfkILla54zzOyk/0K//TZM/oUIRAI9h84uGfXjpIfvVDFq2xywSbNjoqOHjFqbMsWzc+eO5+VlX3P+yb7yYhEkyc5nfjrFP12Fri4Xrl6vU2b1poaGpGRb9gqsB679m5Y5y5lJ6tWLP/3fxHBwSGEEMdJk69dvkiv28V4LpLe9Ir0zAMAAADlBgKEAAAAUByjHEZUUq60ZNly2jfB4hzMsKFDFi0sxR90y2iys5PXhUu0G2vu/IXcl3pb9VJUVKDdKyJGj3Rg3egsahUQGBgY9LxNazMphzM1NTl54tjsufNp1ww34kW1NjPbuH6NhkbVEn+yAln3tmIBwv797MQz2NlYs9Fp1mU0vygt24WLl7mrIVI8Hu+Q5z4TE2PuRl3dupe8zs6Zv5B2Soq/ixAyxdmp14/DJUUMGmB/9ux5OtwhLi5uu8cu9tIfbVr379+Xhg8ZRQVFI0PDsPBwgUCwc9cekb1pa2tt2bieGzBe5DJfQ1OD5kxISBTvsuTz+Xu/LSlEVzXbsM59gcv3YUnck3DsyEHXJW40wFYoY2Oj1mZmdFhYVHT03n0H6PY9e/fTACEhZPOm9Rs3bqGdkmHh4eJ7dlvmOnLEcClHYSsq+fj4sjrGzJw+tf23Sc8IIUpKSkcPe7ouc6NNKTg4hPZvcnXt0lkkElxUSkpKe3d7THB0pt2XL1+9fsmZKnat+6o3UVFsPJ9c9Onda/vWTYuXuNE+X7rSp4g9u3bQEJG2tjaPxxMIBHFxcctXrBbJ1r6d+ZTJP/xWoKhVqKg6dmyvo1ObhbKGDxsiMdtil4X0ahkcHDJ67ATuS3PnzDpy9Jj4eloKCgrTp02hE3UKBIJj32Z89di5e5LjROkL8pXt3WTr5g2LXJfRsF9ERKTInLStzcy2bF7P/ix5Iyp/KlRtKe0WKl3xnmdkJ/sVnjs6sxir6xVbMSqbXNhY99m0ZRu95nNPzum/z05xdpLyRg2Nqn+fPjFj1lx6YXn46DH9OQIzYvjQRS4LpB9dXV1tz84dfWz7CQSClJTUGbPnHjvsqaysXIznIulNr6jPPAAAAFA+4O4OAABQ3qipqUveriqt002EqqoKSysoKIhnUFBQGD5syN3bN+z792UrM9EehK5dOnvu3+O+ajl3LiMuXuXKErcXKZuKioqUV5lGDRv+feqEqakJd2PzZk13eWzb5bGNTa+nrPTDr6Y6dmi/xn0lWySMEGJg0OjIoQPi0UHxs932jzY3r112cpwgctA/2rRestjl5Imj9evXK6i0qrJ9KOkse+TPIqitrdVPUoCwX19b9tFYZomkLDajqir5JRnXp+Hz+YtdFv559FCnjh24G4cMHnjr+hWJUVhTU5NLXmdnzZjGlp2jtLW1RgwfevP6lblzZknvulJWVj554tgUZyfuN9uqZYt5c2cdP3bYoltX7rqAhJDGjQ0uXTjrtsxV5Ig8Hm/a1Mn3vG+KDL5UUVGZPXP6+bOnLS27i4wqMDdvu9Z91a3rlw0aNeRuHzjA/uyZk2xpK1rTxo8bc+3KhZYtmkuM70qkoKCwfesmkZXPRo9y2OWxnf1ZWV3dbZnrsSMHLbp15RaPz+f3tbO9dePK6JEO0k/gzOlTb924YmPdW+TTtTYzO33y+IzpU0Xy16ihvW/3zs0b15ubt+Wecx6P16un5ZFDBw557qtaVUKwnHv9KejzsnSzpk0vXzxv3ceKHUJbW2vgAPtTf/05ZPBAi65d6EbZL4CFNkNbG+vbN68OGTyQe+mj392sGdP8fZ6wDtmelj0e3vceP26MSE4+n79pw9qjhz1FZkEsRhUq0qdTUlIaO3oUTTfQ1+dWPK7+/ew2rHMXKYClZffLF85NcXYaPGigxJbu7DSRzfhKWXTrevvmVfF4j8jV4yfcTaSoVq3anl071rqv4q4Ly+Px/mjT2mXh/JMnjurp6rLtJWlE8r0FS9+njMeSnk1KM1RX/37jK+3aIvLektSWkt9ki91Cy/B5hirwyZCzXfYrfLeuXdigND5fl8hASnXiLm0oqYTfK0DxKtu3AhT/oUVbW+vwwX3cJwRtba3lbksmOU4QySl+ng2bNLlw7m/nSY7c6Ry0tbUsunXdu9tj1Qq3yuqibxFvBbq6dQ8f3EfvcT4+vgcPHaHbi/FcJKXpFfWZBwAAAMoHhWLPUA8AAADAZGRmxsbG1tCuIT5h3S8iNTX1bfw7FZVKtWvVql69uixvycnJefs2/suXL3Xr1pHS4Sh9DzGxsSoqKrp16+Jn1wURCoVv3kRpa2tpaUmbqkvkLTGxscIcYfXq1YtX5RISEpM/JBs0MpA+WkXkiJkZmXp6epqaGrK85b///nv/PqGqRtUa2jUKPYpQKIyKitbW1pKxchbk48ePiUlJ6mrqenq60qtcampqUnIyX0+PG7orwoHS0mJiYqtXq6arW1eWtb7y8vLev0/4lP6pmma1mjVrlMbSpHl5eW/j4wkhfD09ue+8IPTSp6KiUkO7hvSRwZmZWdExMUqKinw+X8ZaV6QqJHdCoTAxMSkxKUlDo2odHZ3KsoXiMjIz38W/U1BUqMfnV6pUqRjHLcO7iVAojIqOUVdTq1u3jpSwHFPCRlSeVMDaUoYttBjPM0UlyxV+gYvrufNeG9a5DxxgXxplKEjxKlvJ5ebmJiUlf0z7qK2lXbNmDRneIYpW11L61or0XFRo0yvGMw8AAAD8phAgBAAAAAAAAAAAmYSFh9vY2fN4vKeP7yNADgAAAPD7wi/ZAQAAAAAAAACgcJ8/f3aeMoMQ4r5qOaKDAAAAAL81BAgBAAAAAAAAAKBwb+Pj4+LiHCeOt7O1KeuyAAAAAECJYIpRAAAAAAAAAACQyctXr5s1NZVlqU4AAAAA+JUhQAgAAAAAAAAAAAAAAABQgWCKUQAAAAAAAAAAAAAAAIAKBAFCAAAAAAAAAAAAAAAAgAoEAUIAAAAAAAAAAAAAAACACgQBQgAAAAAAAAAAAAAAAIAKBAFCAAAAAAAAAAAAAAAAgAoEAUIAAAAAAAAAAAAAAACACgQBQgAAAAAAAAAAAAAAAIAKBAFCAAAAAAAAAAAAAAAAgAoEAUIAAAAAAAAAAAAAAACACgQBQgAAAAAAAAAAAAAAAIAKBAFCAAAAAAAAAAAAAAAAgAoEAUIAAAAAAAAAAAAAAACACgQBQgAAAAAAAAAAAAAAAIAKBAFCAAAAAAAAAAAAAAAAgAoEAUIAAAAAAAAAAAAAAACACgQBQgAAAAAAAAAAAAAAAIAKBAFCAAAAAAAAAAAAAAAAgAoEAUIAAAAAAAAAAAAAAACACkS5rAsAAAAAv5a79+7PmjOfEKKvX/+S19myLk65de/+g5mz5xFCWpu1Onxwf+kdaPOWbUf/PEEImeQ0cerkSaV3ILn4vUoLZeXZM5+z572qVqnq5DihTh0d8QwfPqT4+vlHRkampv5Xrx6/S5dOjRo2LIuSgjwdO35i0+ZthBAb695r3VeVdXEACpGamtqthxVNe9+6VqtmzbIu0S8qJSU1LDxcfLuWllbdOnU0NTUKeuOr168dRo0jhFStWuXJw3ulXMxfRXp6+qXLVyMiIv8XEREVHa2upq6vX3/TxnXVNDVFcgqFwvadumZlZRNCvM6d5t4Hp8+c/eDhY0KI29LFAwfY//QPAQAAAL8KBAgBAADgBzk5OQKBgBDy6VN6WZelPBPmCOl5joqOKdUDZWVn0wMlJCSU6oHk4vcqLZSJ+Ph3DqPH0bSvn//Vy14iGc6d91qxag2tSNQS4oIAYTmQ9jGNfq3cLxfgl5WX972u5uXllXVxfl0vXr50nDSloFd5PF7TpqaTJzl27tRR5KUMQUaFuhrk5eVduXptlfvalJRU7vao6Oi83Fzx/Lm5uSxnrvCHDMnJH+ip+/LlaymXGgAAAH5pmGIUAAAAAECe/AMCbezshwwbmZOTUzELUKpCw74PNAkLD8/Ozua+evfe/QUurtwuY21tLX39+j+3jGXv2PETVtZ2K1evKeuCAJSB8n0NrGgEAoGPj+/Y8Y4jR4+LiYkt6+KUpZOnzsyaM5/F/IwMDXv1tBwzeqTzJEcNjQLHWQIAAABIgRGEAAAAAADy9OyZD50t7evXHGXlMnjeLvMClCpDw8YsbWDQSFVVlf355cuXpW4raNrU1GTt6pVGRoZKSkplUcwyduPm7YiIyKpVqpR1QQDKQPm+BpZvjhPH0wtXjlAYH/8uOjomIDCQvvT0mc+UaTO9zp1WUVEp62KWgXfv3rMbnLl52yWLFpqYGJd1oQAAAOC3h2dlAAAAAAB5io17W8ELUKr4enp/Hj107ryXRlUNx4njuS9FR8ckJCTS9M7tW+vV45dRGcteREREWRcBoMyU72tg+TZ29CgdndrcLWHh4StXr/Xx8aXp7R675s+dXXYFLDMnT52mCW1trb27PDQ0qpZ1iQAAAKA8QIAQAAAAAECeokt5XclfvwClrUP7dh3atxPfHhUdTRNGhoYVOTqYlZUlskIVQIVS7q+BFYqRoeG+3R69bfrS33/8efyvihkgZNNrT3GehOggAAAAyAvWIAQAAAAAkKfomOgKXoCykpScTBMVcNFBLjaMEqBiqrDXwPKqatWqM6ZPpWmBQJCYlFTWJSoDL1+9oolGjRqWdVkAAACg/MAIQgAAgN/e1u0e2dnZykrKgwcNqF+/nsirAoFg1559mRmZhkZNhg0ZLP527zv3/AMCCCH9+toZGxmKvJqRkfHMxzco6HlA0PNKysqmpiYdO7Tv2KF9QYVJTEz09fMPDgkND/83Nze3SZPGRoZN+vTpXVldXSTnAc9DKamprc1a9bTsQQiJfPPGPyDQz88/MvKNgYGBibHRAPv+mpoahX78kuwnNzfX19cvODT09euQ9+/f16pV08TYuH37di2aNyvocBkZGf889QkNDX31OvizQFC/Ht/Y2KiHhYWubt2C3hL0/EVAYGBAQNCbqCjDJo2bNWvWp3evQj+X7GeSysnJefT4yctXr/38/D+lpzczNW3a1LRfP7tCDyQiMzPrmY9PaFh4aGjov/+L4OvpmZqa9LbqJV43bnvfCQgM0qlde9TIEUpKSsnJH/z8A/wDAoKCnuvo6DQ1NbGy6mVQQDeWvEpLYyH+AQEhoWHBwSHZ2dnGxkbGRkYdO7SX+I1EREQGBAWFhYa/iYqiy9QZNmnSzvyP2rVri2cuatXKzc39kJISFxfHBm8FBgWpqeWvkFetWrVGDX84G0nJyX5+/qGh4SGhofHv3hkZGpoYGw0cYF+jhrbET5qbm+vn5x8SGhYcEhIZ+UZPT9fY2NjUxLhzp46KiorFKABFLyAKCgrdLbr90aa1xEMLhcJDR46lpKQoKChMGDeWW0LZT2nQ8xc3b90mhDRooD908CAJJ/zg4ZSUFEJIX1sb6UsrnT3nFREZSQjpZdnDzKxVXl5eYFAQISQmJpZmSEtLY8tWEUIa6OtraWlx95CUnHzo8FFCSCVl5aFDB+vp6ko8UEpK6rHjJ7Kzs3mVK0+bOllBQYG95OvnHxwcEhoWHhsbW716dRNjI2Mjow4d24u30AsXL9Pl0Lp16dyunbnIqxmZmTs8dhFCVFVVp06exNbWou1LVVXV2clRXV0tISHx8JFjQc9fpH1Ka9igwfhxYyR+WTk5OQmJiY+ePKF/pn/+zD0Penp6tWvVKurOC62o167fpD3XzZqa2lj3Kehbu3rt+qvXwYQQOxtrU1MTtr2o17oiiYiIDHr+IiQ0NDg4NCs7y9TEuEWL5gPt+1eqVImbLSMjY8fO3YSQDu3adenSKTc398bN25evXH0TFaWpodmuXdspzk5qamph4eEXLl5WUFAYPGhAwwYNMjOzTpw8+eTJ07i4t7q6de1sbQYNtJf9vDEluYvFxMReunwlIvLN+/cJhBA+X7dzp05WvXqqq6sVdE6Kd5vOzs5+5uP75MlTP3//mjVrdu7ccdiQwfQ0Zmdn3/a+c9v7bnx8PI/HMzY26typY5k8JxTpGpienu518VJ42L//i4hUUalkbGzUpHHjnj17VNPULKjkXIVekCW+xT8gMCjoeUBg0MePaaYmxs2bN+trZ1PQOqlFrb39+9kZGRoKhcKXr14HBAb6+voXehShUHjt+o3AwOdvoqKEQqGamlqTJo3797Vr0qSxeGYmLDz8+YuXwcEhUVHRampqJibGzZs169G9G/cKKXdNGn8vUkREJL2UFaqoz2x5eXn+AYGhoWEhoaEhoWGV1dWbNWvavp15d4tuEvPHxMReuXotIvJNdHR0zZo1jY2NjI0Me1r2kHi2i3ete/fu/fuE9/R+RLd8+JDCvbBzKRAFM7NWMpwYAAAAgHwKeXl5ZV0GAAAAKJGJTpPv3X9A+4Y2b1wv8urJU2eWLFtO0/88uifSa5+VlWXa3Iymz5w63trM7NZt78lTZxBC+Hz+3t07nKfMiIuLE9nn6FEOi10WiHRREUK8Llyct2CReAn5fP76tavN2/7B3WhlbRcREUkIeRHou2+/5+69+0XepaNTe5fH9pYtmkv/+MXeT2JSksuiJQ8fPRbf55jRI+fNmVW5cmWR7S9evpo5e574CSGErF65fOiQQSLdgkKhcP2GzQcPHxHJzOPxLLp1vXL1Gj059+/cFMlQpDNJCPnvv/+mz5zz9JmPyPYG+vo1amj7+QcQQkYMH7pqhZv4PrkCA4PmzHeR+AEXzJszyWniDx95zbrDR44RQo4dOZienj51+izxd61f687tMZdvaQkhXhcuzVvgIvGllcuXDR82hH0jX7582bl7767deyVm3rDOfeAA0XIWtWo5OU+9c/deQUW1se69Y9sWms7Lyzt3/sLK1WsEAoFINh6P57F9S9cunUW2JyUnL3RxlVhdzc3brl+zis/ny14ALpfFS/4+e54e2u/ZY1VVVfE8167fnD5zNs3z7MkD2jSKekoPHj6yZu0GQohFt66e+/eIv4Wd8O1bN9naWBf0QQghw0aMovVkl6IHvwAAIABJREFU9crlw4cNEQqFTYwLDOoTQjy2b7XuY8XdIhQKu1hY0pF2vXpa7tm1Q+IbV6x0P3b8BCGkU8cORw970o3JyR+WuC339r4rnp/P52/dvKFVyxbcjewSvchl/sTx40Te8t9//7Ux70jTTx7eY4tvcdtXjRra1rb9ue+aOsV5zqwZ4gVo1MREfCNDT5fsO5exot64eYs1/4f3vCX2vL9/n9Cpa3eavnj+76ZNTWm6SNc6j527t+3YKaUyc2VmZm332HnA85D4S6amJju2buYOM01JSW3bvhMhpFXLFmfPnFzg4nruvBf3La+e+1euXJndH6dNnTzJcYL9oKG0xlL0vcVo4MW7ixV0f2EHYulAv6fKyvm/DC7ebfrxg7szZ88TiUlY97Hy2L41ISFxgqMzDYFzjRg+dNmSxT/5OUH2a+DNW7fnL1ws8Qtas3qFjXUf6bEuWS7I3HpFCLl62WvT5m30UiCSf9uWjbVq1uRuLHbtPXhg3+y58x88fCTLUV6+ej1n7gI2M7PIeWDp6VMns9Ves7Ozt273kFiwTh07rF61nK+nJ/5Soe7eu+84aQpNcy+DXIGBQYOHOdD08WOH27czJ4T4+PiOGDWWFvhlkJ/IW4r6zJaQkLh4yTLxs0cI6Wtnu2rFsipVqnA3btux02PnbvHMRoaGa9esat6sKXdjUZ/rmF27927ZJvkOJVHkvyEs/fXrVyPT/PvRjauXGjc2YC+J3EZl3z8AAACUM5hiFAAA4LfHhqPd9r6bk5Mj8urVa9dZ+u490Z4pX19/mtDW1mrZ4odO7bi4OBs7e9axoq39ffzNsT9PnPjrlMiuFri4sr4PHo/XqWOHTh070D6muLi4ESPH+PiK9t1Q/QcMYb1+3KMkJCQ6OU/JyMyU4RwUeT+vXwf3tLJhvXtGhoa9eloaGDSifx49dtzJearI76j+Pnt+wKCh7IS0NjPr0d2CdWMtWbZ8z499l0KhcKLTZG7vLZ/Pb6CvT4d10uigREU9k+/evbftN4AbbzMwaETPQFR0NO0AksWmzdsGD3NgH5DH43FP44ZNW25735H4Rtely1l4gMfjcTsWFy5yDQ4O4WaWV2kJIYtcl3Kjgzwez8jw+zDHZctXHjn6J00LBAL7gUO5oSxtbS1uORe4uM6dv7CgA8lYtdg4Fek+f/48wdF54SJX1jfNLYxAIBg/cZLIFJHBwSGWvay5ndEN9PVZ3fPx8bXpOyA7O1vGAogYPdKBHfrWbW+JeY7/dZImHEYMo9HBEp5S+VJUVGSNVyJlZdHBHEpKSizgfeu299v4ePF3ff78mUYHCSFjx4z6P3v3GRbF8QdwfAEV9SxRbFEPEY1gNzZi7IqoKPbee+/d2FvsMdbYotHYG8aOvRt7RzGgCBZAISKixHDwfzEwbu7O8+j+5ft5eDHszu7Oze3t3rO/m9+Igqfnvdou9dXRQREJEPz9/Vu0artl67YEvBp9jx759u47UG9hEdVzXjX1W5DAnZt/otauVVN+Ltx3/2H0QLvcd4tCqZIlZHQw3neNT/L29nFr3EwdxlCHHO7e9ew/cIhOpzPc8GVwyOYt2/Sig1qtVu/3Ii9fBo8dN1EdHVQUpWhRx/h9wKU43cWW/bJC3l8cHRxatmjmWr+u+kBC+vTWMtYV7w6vUr2WiA6qT7ADBz1Onz6rjg6q27xp89bNBh+EpP6eYOY10NPzXr8Bg+UbVOk7J9mM8PDwwUNHvHwZbGJzMy/Iels1cGsqo4Pql3Dx4qUJk6aoa8b77L1+42bjZi1lfMv0UYJevOjRq4+MDrrUcW7Vsrn8cUO4SubMMVGx16/DmrVoIxum1Wpr16pZrmzMj8zOnjvfwK3pq1evTHRdQsgZ+PRGE35MXL+zeRw+4lK/oTo6qO72PXv3LVy8VF1/0+atMjpoY5O9erWqcuD1fS+vsT9MUFdOyLWuYMGCn3yxAAAA8UaKUQAA/u/VrFFdFMLDw69dv1GxQnm5Kjg4RB2JOeRxWO9nwvJxVYP69Y0mRKpdq2bvXt1LliiRLl06b2+fwUNHiEeBP/28qFXL5vKZ6bHjJ+QT1RHDh/To1lVmHps7f4EYqjJu/KQD+3bLBHqSeD41Y/qU6lWrfv11Hp1Ot/rXtXPm/STav3HTlp7d9cfcGGX+fnQ63Q8TJomHg8WLF5sza4YMLF2/cXPAoCEBAYEX/ry4Z+/+xo0aiuWBgYFjfhgvyo3cGk4YN0ZmLNyx03302HGiTxo2cJVZXvfs3ScfIDo715o5farYJCwsbNac+R8LIcSjJ39etEQ+bh42ZFD3bl3Sp0+vKIr/kyeDBg+7dfuOOb2nKIqff0x6xubNmvbp3cO+YEG9ncyYOadWzRqG54l4ANe7V4/GjRp+U7iwhYXFyVOnBw8dIXp4/oKFa1avkJUTq7WnTp/Ztn2nKH9bpvTsWTPsCxa0sLCIjIz0OHzkx1lz0qZN17JFM1Fh2fKV8hF27149evXo9tVXX4lRTRMmTRGfgt1/7K1ft66zcy3DY5l5av04fergQQOePHnarUdvseHe3TutYx9YZ4p9sG5llebO3bsxPTB0cLs2rbJly6Yoyp9/XuzVd4DotIWLl8ycMU3UiYqKGj9xsnyWPXXyxKZNG4uMZH5+/r+sWLlt+86xo0daW1ub2QA9xYoVdXKqePHiJUVR1qxd59awgV6Fv/7yFmsVRWkXewFJYJcmLgsLi4P7/ggJ+XvtuvXLV6wSz+tXLF8iK9gVMDIlYdPGjaZMnSHKW7ZsHzFcfwjs3n0xUXytVlutahXxXkycPFW+F/Pnzha5HHU6nee9ewMHDxefhXETJteoXt3oIJh4mDRlmnim3L1bl8KF7MPCwvz8n1SpUtlo5aOHD4SFhR086LFg4WIRN1q0cL5cm8Mmh/k7N/9ETZs2bft2bUWi1PUbNvbt00vvKqHT6db9vkGUO7RvKwoJuWt8ki5KJz62efLkHjl8WP16LtbW1lFRURs3b5k8Zbp4gr9334EmBmmN/f39xZj7KpW/d3Wtp8mY8fFjP8MH9PIC3qZVywoVykdHR/n4PBKjVOP6AVcz/y727NlzMZhSUZQfZ0yVOXtDQ18PGTZC3HpKlSwxZtSIwoULi7cjgR1eqmSJSRPHlyxR3MLCYt36DdN/nKUoStcevcTaWT9Ob9a0sZWV1ePHfgOHDBO/C5k3/+cWzZom5/cEM6+BC5fERHqqVP5+4YJ54toVGRl55OjxLVu3NXJrkDOn/idFMv+CbLhtQTu7H8aOKl+uXJYsmUNDX0+YNHn/gUOKohw9evzGzVtyHGS8z15xApt5lMVLlomUlcWLF1u98hc5uPDosRO9+8bM9jdp4rgK5cvLnyMsXbZcXPY1Gs28OTNd6jiL5YFBQcNHjL7w58Xw8PC58xbMmD7FsGEJ9Co0dOHimBPexia7OvZpVDy+swUHh4i3tVzZssOHDS5frqyVldXbt28nT50hzts1a9d1aNdW1NfpdLPmzBMb9u7VY+jggeJkDgsL27Zj57HjJ8eMGiEbk8CPnmv9ujVrXAsKCqpVp55YMnXyxO++q6iuc+/e/cFDRxhuCwAA8GnRAADg/1+nLt3tvylq/03R2XPnq5dv37FLLJd/f//9t1yr0+kqfFdZLD9/4U+x0OPwEVn5p58XRUZGqnd47/59ufbq1Wti4bt376rXcpGbGDavS7eeYu0u991yoUv9hmJh9Vouf/3lrbfJgEFDxNpOXbqbfu3x2M/WbTvEwpJlygcGBeltcvXqNbG2wneV5cJhI0aJha3bdtDrk+jo6OUrVom1I0f/IJa8f//++6o1xMI+/QbqdDq9TWbPnS+bLRfGoye9fXzkO7L2t/V69d++fde6bQexdvzEyaZ7MiQkZNWva65dv6G33MvrgTzEo0e+cvm0GTPlco/DR/S2+n3DJrlW9lhitTYyMrJ2nfqiZtsOnSMiIvQq6HQ62ec+Dx/Kg65es9ZwV/Ik+b5qjXfv3slV8TtF1Yd7+/ZdtDH3vbx+XfOb/5Mness3bd5qeO7t239A7vD0mbNGeyOuDdBz5OhxucmNm7f01k6ZNkOs6tW3v+EhzO/S1WvWioXde/Yx2gzZ4Xv37TfdYHmebNq8Vb18/YaN8qww54XP+HG2vBTo9VVUVJRsz7r1G8TCXe67TXTUq1eh8lM/bMQoubx7zz5i4apf1xi2ISQkRO7z+fMAuVz9+SpZpvyTJ0/NeUXCtu07xYbNW7YxWsHMnZt/ovo/eSJ3ePLUab36J0+dlscKf/s23neNRYuXioUDBw/9ZCccP3Fy85atb9680Vs+cPBQsZPhI0fLhS9fBqtvlD/OnGN0n+r7o/03RY8eO260Wpw+4PG71BzyOPyxT9OTJ0/Fqtp16suFCbxNt+/YRa8nu3bvJfth5apf1avU3xPkxyQ5vyd88hpYskx5sdbz3n3DtabF6YKsPq+6du8VGvpaXfPdu3fyO9gvy1eqV8X77DX/KPIeangp+2HcRLHqkMdhufCvv7zlUc6eO6+3SWjoa9mrvr6PTXahEceOnzB6GRQePPirZev2soL6Vfz550V5bVFvEtfvbOKN27R56yGPw3pf2CIiImQHbt+xK6Y3vH3kcQ2/4KnF78w3SvbAnxcv6a26dv2GXKte/v79e7n8wYO/1Ks+dhsFAACpDSlGAQD4Esgso4cP/ydD4IGDh0RBZhE8eepD9qR79+6L349rNBqZGUnSarVDBw/UGwji6OAgkmQqiuLn/0QULl26IsbNaDSa/n17GzavV8/uouB5777h2pHDhximB3StX18UvH18DDcxyvz9bN6yVRQGDeynNyWPoihly34rUmYFB4eEhISIoZm7/9gr1o4dM8pwCF2njh1E4eatW6Jw5uw5OU5u0MD+evPcKIpStkwZw5cQj54Us8eJ39S3ad1Sr36GDOlL/ncWHBOyZcvWo1tXvenTFEUpUuQbORbqsZ+f4Ybt27WRIwkkF5cPS549f564rb146bJMjDZsyCDDsRqWlpayz93d/5AHbd+2jV5NKyurAf37irIYOWp4uMQ6RSWHIkW6de2cP18+veVyZrLg4JA3b96I8rr1MVkuK33nVNXYuDGjY3/jpGaNajJPpl724PDw8HXrY8Z+de0Uk2Yz4V36mZCj2cLDww8cPKhedfXadZlAsknjRqKw/veY98KljnPpUvqzHmbNmqVfn5iP7e4/9oaGvk6sdk6ZNN7oxH5JvXPzT9T8+fLVrlVTLNyydbte/U2xl9zWrVqIsVYJvGuYo2aN6m1atzLMuVrHubYo+Pg8NLphQTu7oUP0064aat6sqXzJeuL0AVcz/1Lj8/CRKBheM+W7+cjXVya6TGCHt2vbRq8na9WsIcvNmv5nDktHBwd5PZEJHj+T7wl6PD09zaj1H/G+IM+cMTVLlszqJenTp28Q+xL07q3xPnvNPIpOp5P3UEeHIno7kUmAvbweyIXyW1DNGtUrf19Jb5MsWTL36NZFlB/89ZfRtplp34EDO3e579zlvmXrtjnzfurRq2+9Bo3k/JdOThXlhIgfE4/vbOKNa9umVV2XOnpf2Kytres4x3yfkZ0WGfmvPJZ/7Jdho5LhWgcAAJAQpBgFAOBLUDP2Ud0jX9/Hj/1EBqRXoaFiMpVqVau0atVCTKblcfiITEv1Ib+oa700acz9VmBrqxWPSAIDYwJgPg9jHlTZ2RW463nPcJNXr0JF4cEDI4+NLCyM/GLp66/ziEJAQGB0dLScQskEM/cTFRUl81hqMmqu37hpYp+PfH2zZ8/+6JGvXKKLjDSxibe3T2RkZJo0aR4+inl66+jgUNTR4WP19cSjJ2UMo1nTJiJXZ1IoUKCAiHcGBb0wXGv03clhYyPLL4JeaPPnT8TWynekoJ1d+XJlTVd+4O0tCs2bNTV6UIciRYoXLyZy4j165Ctz9kqJdYp+Uu7cuWQ56MWLTJkyiWxyYkn7dm0TfgijrKysunfrLJLX7dzlPmrEsBw5Yt6+fbGTmBYuXMjJKSanWcK79DNha6t1qeMsZl5cs3Z982ZN5SoZKO3cqYN44B4dHS0vHa1aNje6w0ZuDSZOnirKfv5+JbOaG543wcmpYtMmjRO+n0TcudETtX27NseOnxBzOgYGBeXOFVMnICBQTtnYqkVMvyXwrpEQuXPH/Nzh6bNnRivMmD7lk1cnjUYzbmycp9g02m9q5l9q5BxsT5/qv4q3b9+KQp48ueWPJxK9w/PEdqPebLVCAVutCIoEBgUlSgMS9yL8bZnSZ8+dFzPD+Tx81LZ1S/VMoqbF/4JsrHl5Y6O5H5uWUs8nz14zj2JlZeXo4CBeS0BAoEyzGVMt9tudre2H5TLs9/XXeYx+C3odFiYK3j4+MpAZDzNnzf3YqiqVv58z+8dP/iYmHt/ZTO8wb+yZJr/3FrK3l2vdmjQfPXJ4wwauWbNmMdw2Ba91AAAA5iBACADAlyB3rlzlypYVv7A+ffZsxwLtFEU5efK0WOtav15RRwetVuvv73/4yNG3b9+KOYEOHz0mKtSr62L+seQDx6joKFGQUZ+7dz1btDL1yMz8n/mrx4QlJPpiuJ/nzwPkEjHXlAlPnjwrV7asHKuhKErLNu1NbxIYGJQvX97Hj2N+p29vb2d+a+PRk96xwwhEBC4RhYa+DgwMDAwKev48ICgw5iFvdHS0mZurf4MfrUQnbmvlr/gLFbb/VF3Fy+uvTx60kL29iGap32vTEusUjYqKCgn5OzAw8HlAYFDsw3RJzooknrnH7xDmaNLITQQIFUXZvnNn394xU4utjx0u071rF/kak6hLU0TXLp1EgPC+l9fVa9fE6OEXL17u2btPVGjfLmaIpPrdyZfX+JC7zJkzazQa8Zb5+j4uWSIRAoTfGAycSkTm79z0iSqe3efJk1tEIP74Y68cFrNrd8x40wrly30TO5lZUtw1TIiMjAwKeiGuZtdv3BALIyL+MVrZzs7IjJV6smfPbjQYYOiT/fZJRi815cvH/DBi5y73Lp06FCtWVNZZtGSZKFSsUEEuTPQOT5surSikT29ksr0P3xOiYi/+n9P3hH59eokAoaIoK1auXrFydamSJRo3cmvgWt/E7INJcUGWvRcVFfWxOnE6e80/SrVqVUSA8OdFS+bNmSmjbs+ePRez4qmHEiqKcjd2tOWmzVs3bd5q4nBP/J+a3zYzFS9ebPjQwXIMrmnx+M5muPzdu4igoKCAgIDnAYEyxCi/AqVNm3bY0ME/LVgoBhFOnDx14uSptWvVbOTWoHatWhkyfPiFQTJf6wAAAOKKACEAAF+Ihg3qiwDh0aPHO7ZvpyjKQQ8PsUqkAnNrUH/Z8pWKopw9d96ljvOzZ8/F43tFUb6LHRgUP4Gqh56GIwnUKn3nlJADJYrgkBBZNt3atGnTFixopyjKi5cvzNwkW7Zs2bNnVxTFzy8mr1qePHnMb1tce1Kn08kEbnK8TkJER0efPXf+kMeRvfv2y8eg/6mgmBsgNJSIrfX1fSwKefN8bf5BDdPJSnJkjww9JrWIiIhDHkc8Dh8R0SlD4kGkephIDpNPrhMoc+bMPbp1Xb1mraIoa39b37N7tzRp0ly7dl08QdZoNG4NG4ian22Xxk/FCuXlSJoNG7eIAOEu991ibfVqVeVIEf8nH556m4giaPPnF3uTF4H/a2aeqGJMUsf27ebOX6AoyqYt23p072ppaanT6TZu2iwqdOzQTm6VPHeNt2/fHjt+Ypf7H6fPnI33TuLH/H6Ln6+yZm3TquWWbdvFAKZePbsXsreP1EUePOghQ18DB/SV9VP8Np3iDVBzcqq4cvnSseMmiCzriqLcun3n1u0702bM7N2rx8D+/dQBHrVkuyAnw9nbpLHbxk1bwsPD9+zd5+vr26J5s/TprZ88ffbrmt/E3b9N61aFC334CY4cfajRaIxGhSV1WDEeRo8c/tVXX4nkBDly2NjaavPny2eYSNyEeHxnk7wePNi798Ahj8NG71wy4K0oSt/ePa0sLcUVTzh2/MSx4yc0Gs3E8T+0aB4zHv2zOvMBAAAMESAEAOALUatWjSnTZoj4X1hYmIgUilEd4pGEi4uzCBAePnLUpY7z6TMxkxE2bdIoTk9eDGm1MaOIunft8sPYUYnxapLQ16qI3eGD+8RzKNPkVFKODg7797qbc5T0sY8X5RRQ5ohrT6oTbf3zPg4HMur167B+AwbpzRhnY5M9X968Pg8fGY0XxkkitlY+0Xsd9olp3qysrOSIrjcffwlhYTHzgdlkz5aQhpnpwYO/OnTuKp9NC1qtNlfOnHKmJSFrlg+jlN68eWMiIJdw7du1EQHC4OCQo8eO16vrIqeO69ihnXxi/nl2aUL07NFt+MjRiqLs2btvzOgROWxsREJmkV9UVvsqa1ZZDn/7Nls246/rVeirmPpmXFs+c+afqEKzZk3E43J/f/9Lly5/953TuXMXRFxBo9E4166l2kmS3zUOHPQYOHioeolGo8mVM6e1tbXMEplE4tpv8TN1ysT3//4rgtkrV/2qXqXRaBYumGdfsKDq6Cl8m07xBuipXavmqeNHjx0/vvuPvTLduhhQ+OTJk4UL5hsdj5hsF+RkOHsdihTZtmVDA7emMj6qXuvsXGvCuDHqJQXt7ETM7Kd5c5xrG599M1E0cmsopz2On3h8ZxPDK2fPmS9ugpJGo9Hmz/8q9JVhDlhLS8s+vXu2aN5s3/4Df+zZKzswPDx89NhxERERYo7bz+3MBwAA0EOAEACAL0T+fPnkpF/nL/wZGRkplru61hOFEsWLi/xv7rv3/Dh96tFjJ8Tyui51EnhoOcLm/yI/Us6cOT7kAHzsV8aMh/gy49x9Ly+dTvfJ+W8URbGNndDIzImFhHj0ZOHChUQCK6OzA5ovNPR1uw6d5XCxnt27VqlSuVTJEuLFduvRW8xnaaEkaKa9xGptIfuYB98ylasJxYo6Xr5yVVGUgICAj9V5FjsupFChJEznKHh63mvTvpM4AwsXLtShfdvK31eSj/ILFSkmCuLxdP78+eSGT58+Uz/xT3TqCfl+W/d7hfLl3XfvEavatWmtrpnALjWRTC9F1K/nMnHyVPGObNu2o3jxYuJjq9Vqq1apLKvJ57yKogQFBsln0Go6nU5+5A0zVSZszFhyi9OJKuTKmbOBa739Bw4pirJ1+87vvnPavHWbWNW5Y3v1L1GS+q6xc5f7qDHjRLl6taqNG7lV/r6SmFnz+o2bphP9JVA8+i1+Xrx4ef36DfEzjpw5cvo/eZI5cyaHIkXKlf22Y4f2YuJMKcVv0yneAEMZMqRv2MC1YQPXsLCwA4c8Fi1eKj68+w8c6tOrpzprq5Q8F+RkO3vPnDknCqVKlgh68SIs7E0h+4KFCxdu0ayJk0FiiaJFHUSA8DMfFB6/72yKooz5YcLOXTHRxPbt2tSuVbNChfIZM2RQFGXV6jWz5sxTFMXSUv9jmyOHTZfOHbt07vj06bNd7rt/XrRELJ8z76d2bVtbWlp+hmc+AACAmpG5vgEAwP8ptwauonD69NlDHodFuXbNmB96W1hYNHJrKMrHT5yUP5mvXPn7BB5X5OFUFOXK1WuhoZ8Y0fU5KBI7D9bZs+fMqV/A9sOD/itXzRr/kffrmNSXdz09dTqdmQ2LR08WsLUVhXv3EzSq4PiJEyI6qNVqD+3fM3BAv2/LlDbzsZr5Equ19rEBwus3buoN0zFUpMg3oiAz7+kJDw+/eu26KBe0i8OckfHz2/oNInjgUsd5987tHdu3M/GU2crKqnDsLHF6gzuTQtcunUTh8pWrs+fOF2XX+nX1pmiKX5dqNBpRCAyMz0xsScfa2rp37IR5v2/ctGFjTErMHt26qKfStLa21sYG/v+8dNnorm7evCXLdgVirhuZM8eEaoKDg5PmFSSJOJ2okowl79m7z9vbRybYbNmiubpakt41oqOj5dk7asSwNatXNG7UUMRXkkH8+i0exo6bIEI1+/a479/rfuv65XOnT6xZvaJ/vz560cHP4Tad4g0wIXPmzK1bttj3xy6ZAdLz3n2jNZPhgpxsZ++1a9dF0Ktb187uO7edO33i1vXL7ju3zZ39o2F0UFEU+9hAl3rA5ecpHt/Z/Pz8ZXRw88b1UydPrF6tqogOmilfvrwDB/TbviVm9Hl4eLjIMv05n/kAAAAECAEA+KLUjk36dPL06QMHPcSMJurnSnViM7zNmvPh0X+cnoAYVaJ4cfHoPzw8fMWq1QncWzKoXq2qKCxYuDjoxaeHsmXIkL5C+XKiPGv2XHPGP8kIVkBAoOEEQu/eRYi5o/TEoye/iQ127tzlHhKiHyp78vTpkaPHzdnPufMXRKF508Z58+pP7PfmTULziwqJ1drixYrJ8m/r1puu7FSxgihc+PPi7Tt3DCvs3LVbJlD9tkxpcxpgJqOZVE+einm62rlje72Zrt69izCsL6cIXbFy9d9//53wBpggJuQTZfm0tGOH9nrV4tel2vwxI/Due3mJNMhqfn7+z59/dDxiUmvdqqUoBAeHiMGyYo4uvWrVqsYMKFy+YpXRN2vF6phMj1qtVmbJK1AgJi5+7doNw02uGluYWIw20kxxPVGFihUryDDqD+MniUL1alVtbbXqakl613j82E/+bkCdJDa28e8S93B64tdvcRUZGSnvLFevXv/3339N10/x23RKNcD8a2C2bNnkxdbEHHsJuSCbI9nO3gsXL4mCt7fPk6dPP1Vd+T52hryLFy+ZHyMMDw//5I94El08vrNdunxFFCqUL1exQnm9tW/N7vayZb+VP4VJnz795/DRAwAAMI0AIQAAXw77ggXFb9tljruGDeqrK5QuXUr8QN7f318sSXh+UUVRsmbNMmrEMFFesXL1mrXr9B7H3Lh5q3PXHnVd3QKDPouRQ927d5UDBXr36a+XpvLt27fLlq/hr7YGAAAgAElEQVSsWKnKqtVr5MJJE8eLwq3bd0aPHf/mzRv1Js+fB4wdN6FipSpySEGVyt/Lp+RTpv348NEjWTk09HX3Xn2MPl+LR0+2ad1Srh3zwwR1wx48+KtZi9byvTYtc6aYESfPnj9XL3///v30H2fJebOilQQlSUys1ubN+3Wv2CFfy5avlKEsISQkZNCQYTVq1xV7q1+vroxRDRw83OvBA3Xlo8dOiMk7xVx0emGMeMiUKZMsX7gQcz48fuwnB5JmyRwzi1XAfwfSvXwZ3LV7T/lvdGw+yn59e8uFffsPevnyP6PQDhz0qFyt5sLFS81vgGk9e3RT/+vo4GD4tDR+XaoenbloybJoVcLNc+cvNGzcLOHzXMZbjhw2rVr+Z4hbt66d1T0pDBrQXz7q7T9wsHo4SFRU1KLFS4/GRrgnjh8rB+DKjLhXr12TI+rEW7x6zdreffsn+suRLb/v5SWuFTqdzpx8vGpxPVEFS0vLbrHjUOV1o327Nno7T9K7RkZNRll+8fKletWdO3eHDBsR1x3GSfz6La7SpEkjP1ADBg1xLF66Ru26LVq17daj9/CRoxcsXHzw0GH1ByrFb9PJ2YBPXgMPHPRYvGSZ3rU0JCTkz9iYmaOj48d2HtcLclwl29krz5/TZ85Wr1mn1LcVGrg1bdexS+9+A6ZMnbFm7Tq9yQ6dnCq61q8ryqPHjjvz3wQMOp1u/4GDzi6u/QcOkf28dfuOUt9WqFipysDBQ5M5s3Rcv7PJqF5AYJDevdJ9955FsW9oVFTMx1an061YuXrDxs3v379XV7585ar43Gk0GvEbkRT/6AEAAJjGHIQAAHxR3Bq4Lli4WP5bq1ZN9VorK6tGbg3X/vZhxJUcS5dAbdu02rxlm3icNGPm7N179lZycsqvzRcYEHTu/Plbt2PGGC1fsWrShHGJcsSEyJghw5RJEwcMGiIeHtWqU69JYzeHIkUsLCx8Hj7cvmOXqDZrzrxGjRrmzpVLUZSijg6dOrRfv2Gjoii73Hefv3ChVs0ahezt37x5c+v2nWPHYyZ0nDBxytHDB0RXD+zfR0wj5O/v36RZqzrOtbJnz37v3n3Tecni2pPa/PmbNW2yy323oijHjp+o6+pWq2YNCwuLq1ev6z3dM6148Zgxedu278yfP3+NalUtraxu3ry5+tffEnHCocRqraIofXv32rhpi3gSN2rMuH37D5YvXy5rliw+Pg/F26QoyuKly+fMmmFpaTll0oRGTVuI98K1YZNGbg1FzEb93mk0mn59eps8plly5sghy6PHjrt0+XJAQODhI0cHDug3ZNAARVHKlCklunTi5KmKojg6FomI+OfMmbOrfl1rNEKWO1euUSOGzZn3k3j46OrWuH69ug5FirwKDT158rSIwSxavLRJIzcxUu2TDTCtfj2XH2fNlmM+unXtZFgnfl2aN+/Xjdwa7tm7T1GUNWvX3fW8V71qldDXr8+eOy8mT01ZnTp22LZ9p/y3fVv9mJaII44YPmTK1BmKopw6faZOPdc6zs622vyhr19fuPCn/HhWr1a1Vs0aciuXOs5i/lcRUWjapFHRoo4PH/qePHUqTnOUmq+AKs7dvkOXunXrnDl77u5dz/W//Vr5+0pm7iSuJ6rUyK2BjBCLGfJqVK9mWC3p7hq5cua0sckuzuH+A4eMHjncxiZ7SMjfBw95bNq8NU67iod491tcDR0ycNCQ4fJff39/wx9YzJszq2mTRqKc4rfpZGuA6Wug14MHAwcPVRRl1a9ru3bpVLFCeY1G4+Pjs3jpcnHOODlVtC/40VzTcb0gx1Wynb3VqlaWE1eLHz0Y3oXLlS27cvmSr2Knah4zaqTIThEcHNKlW8+aNaqXLFkia5YsT54+PXjIQ1zNHvn6Hjl6rF5dF0VRZvw4W2x44KBH186dypb9NhHbb1pcv7MVdYwZOu/v7z9sxOju3bqksbLy8/ffum2HYRIIRVG279gpzoHVa37r3q2zo4ODhYXF1avXlv6yQlTo2b2rrJziHz0AAAATCBACAPBFcXauJQOETk4Vc+XMqVehjnNtGSCsXaumnBwrgaysrNatXT1u4iQxgObuXU/DJ/7Vq1UdNmRQohwu4erXc1m4YN4P4yeJJ7a7/9hrWOeXpYtEdFAYO2ZklqxZliz9RYzRNHxUp9Vql/+yRP7bpHGjO3c8xfOp8PBw9SFKlSwxd/bMuq76CQzj15NjRo14/NhPPJfUa1ib1q2qVa3cb8DgT3ZIA9f6q35d4+3toyjKTwsW/rRgoVxV0M7O1bXe0mXLP7kTcyRKaxVFyZIl8/atGwcNGS7afPrMWb2neO3ath47ZpQoFy9ebPPG9UOHjxRPMEWMSq1c2bJzZ/9oOHFXPFhYWAwc0G/xkmXifV//e2y0csmy3j17ZMiQvm+fXu6794i1w0eOVm9br66LpaWFeAKr1qN71/fv3/+8aIl4MisnyRNsbLIvXrhAPoz+ZANMt9/a2rp9u7ZiwIRGo3GtX99otfh16dDBA8+dPy+efV+8eOli7HgdRVE6dWxvYWGxbv0G081LOkUdHcqVLSvOzJo1qtvZFTBarWP7dmnTpB0/cbJ4L7Zs3aZXoU3rVmNH/2eUj7W19ZSJE3r3i4nOuu/eI04AYc6sGet+35i4IdKiRR3la3nk67t8xSqx/JflK80PEMbjRBW++uqr5s2aynG9nTt2MDqbaZLeNX4YM1q0+e5dz05duqtXDR825Ld165Mu7WG8+y1OXoWGqpMiihGKr8Ne672uEaPG2NkVEON9U/w2nWwNMH0NtLSwdHRwuO/lFR4eLm7oajY22X+aO1s9+aihOF2Q4yF5zt6r164HBASI63zFCuWDXrx4/TosJCREHca+eu3asBGj16yOCXrly5d3j/uOYSNHi9vuiZOnDHMh9OvTy6WOs+HhIs2ejDmxxOk7m51dgVYtm4vfiOzbf2Df/gOymkajGTli6OQp09Xb2tjYaDSa8PBwf39/vVUivb96pGmKf/QAAABMIMUoAABfFEcHB5nZske3LoYVypcrK8eK1a/nYmJXmowZTaw1lCOHzYplS+bPne3kVFEmaxLPVlzqOP+2ZtWa1SuMxiOtrdOZ3rOFhYU5DYjrfho2cD3isb9Vy+bqzIeKohQuXGjIoAFXLp7Te8iVLl26oYMH7tqx1dm5lsxQKjg5VZw5Y9rhg3sLF7KXC62srCZNHDfrx+lyUjfxJHfY0MGbNqwvXLjQx4ZvxrUnbWyyb1i/plfP7nLOM41G4+xca96cmTOmTS5TprQ8JUzIkCH92tUrG7jWUy/Mkyf3mFEj9u91b9+2tWhJGmMP+tNbfyLmpJYorRUcihTZvXN7n949RWZduf+aNaovX7Z42pRJ6vk1K1Yo73Fgb6+e3eX5L1QoX278D2M2b1xn4nluXE+tPr16dOvaWb2kZo3qRzz2i+BcIXv77Vs26jWjVMkSSxf/vHTxz02bNBZL0lh9+CWflZXVwAH9tm3ZUK1qFfUpUbx4sU4d2x8+tF9OCmhOAz7peWya2a5dOpnYJB5damurPbhvj8xTJ1SvVnXRz/MnTRhXN/YTZ/4ZpTdVmHU669g9fHQKsY/R6XRyRtKuXYyMmxQsLCzatml1/Mihpk0aqS8dNjbZq1erunrlLzOmTTbMTersXGuP+45SJUuo6zdya/jHru3NmzV1a+BqomFx+nzJRi5cMK9a1SrqhZ06tl+6eKFeTRM7j8eJKrVt00qWWzRv+rFDxPuukT79J6bObdLYbc6sGXoXamfnWnt37+zXp1fLFs1NzDNnne4Tn3fT98eE9Jv5l5qhw0aKuNTCBfO2bPp9y6bfjx4+cOnCWW+vu2dPHZ85Y5rsz/MX/pSbJ8VtOmNGzcdWGXZysn1PMHEN/Oabwnt275g0cZz68yjaMKB/3xNHPeS96WPiekGOeQlmnFdCUp+9iqJcu3a9W4/ewcEhTk4VTxz1WL3ylz3uO04e87h1/fKdm9d2bNsshgCKodIRER/mzixevNge9x1DBg3Q6z0bm+zt2rb2OLhv+LAhMrzaOzYTeLmyZU3P72sd9yu2HsMOiet3tonjx/Xv10ddTaPRdOrQ/tjhgx3btxPtT5s2rVhVx7n26ZNHu3XtrPcFUqvVzpszc93a1Xq/ioj3ma/XHlEw0V3qnev52FYmZtwEAACpgUUCJz8AAAAwFB0d/fx5wOuw119l/SpnzhxGh498Vt6+e+fn55cuXbocNjnMHEb2999/P38ekDlL5hw2OT4ZdxH7L2BbwMwIjRTXngwODgkJCbG3LxjvPg8PD/d/8iTy30gbG5s8eXKbGZ2Nn4S3VhI9nDtXrmzZsn2ycmRk5GM/v3Tp0uXLm9f0SJEENunZ02cWlha2Wq18qqgWEhLy5OmzdOnSmtlsITo6+umzZ//8808BW9s0aUylA/lkA4wKCAisXC0mNfHZU8e//jqPOVvFtUt1Ot1jP7/3799/U7jwZ3J9OHjosEg7XNDO7vChfWaeGOLEy2GTI0cOG3PqR0REPHz4KHPmTOYHwhPi1atXgUFBGdJnyJ8/X7xP9fidqHGVFHcNnU4XGBgUGBSUJUvmr/PkyRjHX70kUNL127Nnz6vWqK0oSrWqVdb+utJonYWLl4pxwJ06tJ800UjewhS/TSdDAz55DRQXondv3+XPnz9r1izxOIT5F+S4StKzd8KkKWJE3Y5tm42G7v7991/H4jHLz589qc6moG7hYz8/XaQuW7ZsH7sA+j958vbt28KFCqX4dd7M72zv379/8vTp69dh2bNly5v3a3Pe03fvInwfP7aytNRqteZ8x0vxjx4AAIAaAUIAAAAAMebM+2nFytWKojRwrbfo559SujnJp1HTFiLt2/Spk9UD4IDPjcfhIyIVs4kP6cjRP4jZXhcumNfQ5BBVpELOLq5ipkyPA3vVQ/AlX9/HtV3qiyFxJ48lQlJcAAAAfJ5IMQoAAABAURTl9eswER1UFKVzpw4p3Zzkc/HiJREd1Gg0jRs1TOnmAKaUKllSFPYfOPTLipXqSePEyOxZc+aJ6KBGo/m+0ncp1Ex8vipVchKFPv0GenreU6+Kioq6ePFS+04xOepbfjxFMAAAAL4AjCAEAAAAoCiKsurXtbNmz5UTTaV0c5JPtx69T50+oyhKzx7dxowakdLNAT5h4uSpGzdtkf86OVX8Ok/uf//9NyAg6Oq1a3L5xxJIIpXz9vZp1rKNDC0XtLMrVNg+a5asISEh9+7fDwgIFMvr1XVZ9PN8cmACAAB8wQgQAgAAAFD++eefqjVqBweHKIoyf+7sJo3dUrpFyeS+l1cDt5hRMieOetjaJsfsgEBC6HS6hYuXLl22/GMVqlWtMnzo4BIliidvu/B/w9Pz3rgJk27dvmN0rUajGdi/b8cO7dKnj9vEyQAAAPj/QoAQAAAAgBL04sWevfsURbHJnr1xIzdLy9QyGcGt23cuXb6sKEqxokXJx4j/I2/evDlw0OMvb+9nz54/e/bM2tq6UKFCdgVsy5cvx8BBmOPmrdsnTp569MjXz89PFxWVL29ee/uC9gXt6rrUyZQpU0q3DgAAAEmOACEAAAAAAAAAAACQiqSW3wUDAAAAAAAAAAAAIEAIAAAAAAAAAAAApC4ECAEAAAAAAAAAAIBUhAAhAAAAAAAAAAAAkIoQIAQAAAAAAAAAAABSEQKEAAAAAAAAAAAAQCpCgBAAAAAAAAAAAABIRQgQAgAAAAAAAAAAAKkIAUIAAAAAAAAAAAAgFSFACAAAAAAAAAAAAKQiBAgBAAAAAAAAAACAVIQAIQAAAAAAAAAAAJCKECAEAAAAAAAAAAAAUhEChAAAAAAAAAAAAEAqQoAQAAAAAAAAAAAASEUIEAIAAAAAAAAAAACpCAFCAAAAAAAAAAAAIBVJk9INAAAAicPf33/l6jUREf+0ad2iXNmyKdKGFq3aPvjLW1GU+XNn1XGunSJtePky+NLlKz4+PiEhf9vaaqtVq1LI3j5FWoI40el0lapUj4j4R1EU951bP8N3bf2GjfPm/6woSgPXejNnTEvp5gAAAAAAAMQfAUIAAL4E0dHRXbv3fuTrqyjKLvfd58+ezJ0rV/I3I+zNm/DwcEVR/v03MvmPrijKzl3uU6b9KNogjFfGfIahJhiKiooKDg6JKeuiUro5RoS+ChWnlvoEAwAAAAAA+H9EilEAAL4EoaGhIjoo+Po+TqIDDR85uq6r2+4/9ibR/hPi+ImTo8aMUwdvbGyy29kVSNFGIcWs37Cxrqvb1Ok/pnRDAAAAAAAAPjuMIAQA4EuQNWtWrVbr7+8v/rUrYJsUR3n//r0IDaqDkZ+J9+/fT5g0RZSLFy82c/pUR0cHKyurlG4XUswhjyPe3j6ZM2VK6YYAAAAAAAB8dggQAgDwJbCwsFi/dvWqX9e8e/euTetWuXPnToqjBAQEJsVuE4Wv72PZvCULF9jaalO6RUhh3t7eKd0EAAAAAACAzxQBQgAAvhC2ttppUyYl6SGePnuWpPtPCDmo0dHBgeggIiIi5IyGAAAAAAAA0MMchAAAwFxPn36+AcKgFy9EgUkH8ZmPdgUAAAAAAEhxjCAEAOALcenyleMnTiqK4lCkSNMmjeTyI0ePXb12PU/u3B07tLOysnrx4uXlK1evXL16/fqNPHnylCherG5dl8KF7E3v/N27iOcBzy9dviL+ffr06dVr1+TaYkWLZciQ3nCrBw/+unL12tVr1x4+fFS4cOFiRR2bNW2SNWuWjx3lvpfXjZu37t71fPTIN3369MWKFS1VsmTtWjUsLCw+tkl0dPS169cVRXn82E8sCQ0NVbetoJ1d9uzZ5b8RERHnzl+4f9/L89794ODg/PnzFS3qWKxo0e+cKhoe5b6X1+4/9lpYWLRs0cy+YMF37yI2bt587twFf/8n+fLldWvYoEXzpoY9fP3GzfMX/jx3/oKlhUXp0qW6d+0sGhAdHX3p8pU9e/f7+PhERUU7OHxTpnSpJo0bmT9RYlRU1OXLVzzv3b/r6enj8zB//nxFixYtXqxo1SqVLS2N/Orr0uUrd+963rvv5efnly1btmJFHYs6On5fuVLGDBmMvlJra+uuXTp9lTXr48d+Z86eO3Pu3N8hr74pXKhzpw5Finwjaj589GjHTvd79+4Hh4QU+aawo6NDy+bN9d7Tt2/fLlqyTFGUJo3dHB0coqKi7np6Xr589c+Ll54+fVaqVIkyZUq7NWxg2AzT3r59e/7CxXv37t2+c/dNeHgBW23Roo61a9bMly+vulpkZGRAYOCZc+fEv2Fv3qjPh/z58+fOlUtdPzAw8NLlK3c973l5PYiKiipS5BtHhyL169czp3nuu//wevCXoijfFC7UvFnTj1U7eOjwzVu3FEWp61Ln2zKl4/SqAQAAAAAAkoJFdHR0SrcBAAAkgsVLlv28aImiKA1c6y36+Se5fPqPs9b+tl5RlPW//RoWFtZ/4BDDbWfPnCFiXUbduXO3cbOWJg59aP+eb74prChKXVc3b28fRVF+mjfH29t72fKVejXz5Mm9dPHCMqVL6S3/559/FixcvGr1GsOdV6n8/fRpk7X58xs9tE6nK1K0pIm2LV64wLV+XVG+e9dz8NARMhmpWvVqVWf+OE0vdHT4yNG+/QcpijKgf9/ePbs3bdFavDrh2zKld2zbrO7htatXnjh1av3vG/Ve8hGPA1aWluMmTHLfvUfvuOXKll286Ce94xoV9OLF6DHjTp85a7jKyani7B+nabUfEqu+ePFy/KTJR48eN6ys1WoXzJ+jF6aSr3TggH6F7AsOGTZSb6t9e9yLOjqs37BxytQZeqtsbLIvX7q4bNlv5ZLg4JCKlaqIV7f+t9Vjx03cs3ef3laODg4rly9Vx/b+/fdfx+IxrZJnlHTz1u3BQ0f4+/sbvqLpUye3btVChkgLFSlmWEdduW2bVvJf991/jBg11rCaVqudPXO6U8UK6oWGHzH33XtGjBoj1u7dvbNYsaKGuwoMDPy+ak1R3r5lo7qjAAAAAAAAUgopRgEASC3GTZgso4MajUaj0chVo8eOu3vX82MbpkuXLq7HGjZilIwO2th8GMAXEBDYq0+/t+/eqSu/fh3WrEUbGR3UarW1a9UsV7as+PfsufMN3Jq+evXK6IEsLS0LFy5koiVp0sSMz3Pf/Uejpi3U0UF1RO3U6TN16ja4eeu20Z28fBk8dtxEdXRQUZSiRR31qnXt0UtGB2X3BgQErlz169z5C2R0ME+e3HKTq9euTZ4y3UT7hbt3PZ1dXNXRwYJ2dnI/Fy9eatCo2T///CP+9fS8V9ulvjo6qH6l/v7+LVq13bJ1m9EDLV6yTEYH1W/cpMnTDnkcltFB9arg4JA+/Qfqvafy1XXq0kNGB9Wn3H0vr/oNG7958+aTr11RlO07djVr0VpGB8uVLVu7Vk358sdPnPyLKhStPoppo8aMk9FBjUZTpfL3VSp/Lzb39/dv16HzxUuXTe/BtX5debiNm7d+rPGiULx4MaKDAAAAAADgM0GAEACA1ELEV3r36nFg3+4bVy/evHZp9cpfZHhj/oKFH9uwSJFvTh7zOHxoX+1aMQOh2rVtffjQPvlXoICt0Q1nTJ9y9tTxSxfOPrh3e9SIYWJhcHDIxk1b1NWWLlt+38tLBGl+Wbro5DGPlcuXbtuy4fzZk5W+c1IUJTw8fO68BUYPYWFhcXDfHxfPn+nTu6dYUtDOTt020eagFy9kKChPntzbt2x8cO/2yWMenrevL14Ys+fw8PAJk6bodDrDo2zZum3f/gOKorRp1XL+3Nnz5szs27tX29atDGtqNJqVy5feuXnt1vXLv69bI7p38ZJlYohh1y6dbt+4cu70iZvXLjVp7CY2OXzk6PUbNz/W+SKz6PiJk8PDw8W/UydPvH3z6tHDB86dPnHiqEerls0VRRk7eqS1tbWoPHHyVFl5/tzZd25eO3nM48G927t3bZORwnETJpuYpW/CuLGXLpy9dOHsyWMejg4OItQnosuVvnM6deKIeE/HjR394T3duNnorq5eu1bQzm7VimXXLv956/rla5f/lPlvw8PDt2zbbuKFC4GBgWN+GC/KjdwaXv7z7LYtG1YuX3ru9InZM2MClj/9vEjmmD16+MDhQ/uGDh4o/nV0cFCfD67164nlx46f2LnLXZRHDB9y9dL5dWtXr1u7+vKfZ7t26RTTS+MnvX//3kTbrK2te/XoJspbtm4zDGNHRkau3xATM+7WpfMnXywAAAAAAEDyIEAIAEAq8svSRaNGDHMoUsTS0tLCwqJmjeoybnfq9BmjsTFBq9UWsrfPkiWz+Dd79uyF7O3ln+EQQ61W63Fgb5tWLb/+Oo+iKFZWVr179ZCpPs+ePSdrenv7rF6zVjbPpY6zXJU7V65lSxaJGNuWbdtlBEiPpaVljhw2cjxZrty51G0TM/zNm/+zWJsnT+79e3eXLfutWG5tbe1av+4e9x1i7d27njt37f5YJ6xcvnTG9ClNGrs1bdJ4xPAhhvkkbWyy7961rXatmmJGxu8rfTdwQD+5tnq1quN/GJMxY0ZFUTJlyjRj2hQ5Dk89SZ6hg4c8bt2+I8q/rVnVvl0bOT2era125oxpD+7dlmkz/9izV4Ybd+3Y2qSxm2iMlZVVyRIl/ti1XXbU3Pk/GTuasmLZki6dO4q2abXaGdOnqF/g0sUL8+fLJ3bYrWtn+Z5+bLBd8eLFtm7eUKtmDTFPYdasWebNmSUjzStX/SoHPn7MnHkx7axQvty8OTPVM0q2aN5UnsBLf1khCrly5ixkb587d8zLzJAhvfp8EM2IiIiYNmOWqDCgf9++vXulTZtW/GttbT3+hzHVqlZRFOWRr+/+AwdNN691qw/Zd3fERhylY8dPBAeHiMhx/XoupncFAAAAAACQbAgQAgCQWrRv10YdfhNcXD4sefb8eWIda+TwIYaZP13r1xcFb58PuTp3/7FXFGrWqF75+0p6m2TJkrlHty6i/OCvv+LXmPDwcDlWrE/vnl9lzapXoXjxYjLQtWGT8ZFwzZs1lWGtj6lfr659wYLqJVWrfC/LbVr/Zx7H9OnT13WpI8ofi30K69bHDEGr9J1T1SqVDSuIYKcgc5y61HEuXUp/dsasWbP069NblHf/sTc09LVeBa1W6+xcS72kTOlScphpI7eGIsAmyZfg7fPQaOOXLFygzkcqdIsdohccHGJ0SkgpPDxcniFjx4xSv1KhU8cOonDz1i0T+9Fz6dIVMaBWo9H079vbsEKvnt1FwfPefdO7ypkzR8sWzUR57W/r9aLsv2/YJAo9u3cVQzwBAAAAAAA+B2lSugEAACCZWFhYGC7MYWMjyy+CXmjz50+kYxn5EZIYTSim5YuOjhbtkWG/r7/OYzTT5uuwMFHw9vGp41w7Ho1Rh98aNWxotE6L5s0OHPQQgwijoqIsLf/Tfo1GI9NpxknuXLlk2a5AAb21efN+LQrPnweY2InIv6ooSvt2bU0fLjo6Wo41FKlHDTVyazBx8lRR9vP3K5m1xKdehPL113nE/It64U/1eyonCNRjnd5IVKxixQqy/Px5gMhiatSjRx/Ch7rISBO5WL29fSIjI9OkMevLrc/DmHCmnV2Bu573DCu8ehUqCg8efDos3alDezHRYEBA4MlTp2Ug2efhwwt/XhTlVq1amNMwAAAAAACA5EGAEACAVE0dCYtWopP0WOoRVDJAeNfTUyzZtHnrps1bTWz+xP9p/I4rx6hpNBq9AXBSvnz5ZDkgIFCG7oTs2bN/bEPTZOJKMWRQb611upgOiYqK+tgegoND5ISCBWy1pg8XFBQky/ny5jVaJ3PmzBqNRuzT1/dxyRKfDhDKjKYiW6maYXZZc1haWubJk1tMgvjsmalxqz4PH8lyyzbtTe82MDAoXz7jr1qPiHeKeHCLVt6mR5UAACAASURBVKbCrurRrh9TrFhRJ6eKFy9eEiM4ZYBwy9aYGRabNHZTh4oBAAAAAABSHAFCAACQkkSUSETv0hsbbSaVKFE8fod47BczuE0OdzOUI8eHkZRPnj7VCxCmoKfPnslyjpw5TFf2f/Ihhprz45W1+fOLUYl+fsaH/SWDXDlzirf+xcuXJqq9ePlClg1Tlaply5ZNPT2haYGqSKrp3Vb6zsmcHXbv2lkECM+eO+/t7VO4cKG3795t3RYzt2WH9u3MbBgAAAAAAEDyIEAIAABSUkE7OzHC76d5c5xrf2KSv/jJnu0rUXjz5s3H6rwNfyvL8RssmESyZvnQmDdv3uTKmdNEZfX0iuFv32bLls1otVehr2Lqf/VV4rU0bv6OzeFpOj6XP3Zkp6ODw/697ol1dK02JpVu965dfhg7KuE7rFG9mlarFXlWN27eMmnCuAMHDolhmqVKlvi2TOmEHwIAAAAAACARGZkfCAAAINkULRoz/5xMBJroCtrZiUJAQKBOpzNaRz2kzFZrm0QtiYf8+T/kPn369JnJuh/iXoqiBAUGGa2j0+nkqE07O/1pEZOHTqeTcxbaak3lTZUtvO/l9bH3Lh4K2duLgjkZRM1hZWXVvVtnUV7/+8bXr8PWb9go/u3WtXOiHAIAAAAAACARESAEAAApyT42VHPi5KkkOoQ6DHb9xk2jdUR+SEVR8uTJbTjTXgqysrIqXLiQKF/486LpytbW1trYeNufly4brXPz5i1ZtiuQMgHCGzc/vAvqoKahArYfWnjl6rXEakDBgnZyn6GhrxNln00bN5Ll6T/OunvXU4yPrOtSJ1H2DwAAAAAAkIgIEAIAgDiLeBeRWLv6PnaOt4sXLyVRjDBXrlxyEOHKVb8aVoiIiFi2fKUoV6taJSnakBDfOVUUhRUrV//999+mK1erWlkUlq9Y9c7Y27RidUwPaLXaPHlyJ3Zj9Rk9VVas/NCGAramxmtmyJC+Qvlyojxr9tyoqKi4NsBoJ5QoXlyj0SiKEh4evmLV6rju06hMmTL16NZVlHfuismG2rljh3Tp0qmrhYSEmEh1CwAAAAAAkDwIEAIAAHNlzpRZFI4dPyEKb9++VSfnjAcnp4qu9euK8uix486cPadeq9Pp9h846Ozi2n/gkHhnmLSwsJg0cZxs+bz5P6t3FRYWNmjIcDFdnKIoQwYPjO9LSSr9+vaW5b79B718Gaxee+CgR+VqNRcuXir+HTSgvwx99R84WD08LioqatHipUePHhf/Thw/1srKKqkb371nH5lNVLZBnj8jhw/5ZBsmTRwvCrdu3xk9drxedO3584Cx4yZUrFRFb3hlpkyZROG+l5c4RXU63ePHfmJh1qxZRo0YJsorVq5es3adXujxxs1bnbv2qOvqFqfTu0P7NnpLWrVsIcvR0dEjR/9Q4bsqpctWXP/7RvN3CwAAAAAAkOjSpHQDAADA/w2ZmPGRr2+7jl3KlC61Y+euiIh/Thz1sLHJHu/djhk18sBBD0VRgoNDunTrWbNG9ZIlS2TNkuXJ06cHD3mICfMe+foeOXqsXl2X+B2iapXKLnWcDx85qijKLytWnjh5qkrl721ssj999uzoseNyTr4xo0bkzpUr3i8kieTOlWvUiGFz5v2kKMrlK1dd3RrXr1fXoUiRV6GhJ0+evnrtmqIoixYvbdLIrUAB2xw5bEYMHzJl6gxFUU6dPlOnnmsdZ2dbbf7Q168vXPjz1u07Yp/Vq1WtVbNGMjT+ka9vg0bNXOvXzZc3ry4q6uzZczLLq6ODgzlvaFFHh04d2osp/Xa57z5/4UKtmjUK2du/efPm1u07MtY4YeKUo4cPyK0K2H6Y2rB9hy5169Y5c/bc3bue63/7tfL3lRRFadum1eYt2+57eSmKMmPm7N179lZycsqvzRcYEHTu/HnZUctXrJo0YZyZL1ar1dar63LI47D4t1nTJjlz5pBr//rLe5f7blGeMm1Gu7at06ThqzgAAAAAAEgZPJUAAADmauBaf95PP4vBdhcvXpLz9m3dvqNfn17x3m2+fHn3uO8YNnK0t7ePmIzQMNdovz69XOo4J6Tx8+fNnjv3JxFnuu/lJSJDapMmjuvQrm1CDpF0enTv+v79+58XLRFh1A0bN6vX2thkX7xwQYECMbk6O7ZvlzZN2vETJ4vKW7Zu09tbm9atxo4ekWyNDw8P375jl97CalWrLPhprplDGMeOGZkla5YlS39RFCUgIHDT5q16FbRa7fJflqiXFC3qWK5sWRE9feTru3zFKrH8l+UrRYDQyspq3drV4yZOEkMq7971FLMGqlWvVnXYkEFxerHt27WRAcKOHdqpV0Ur0ep/45EuFQAAAAAAILGQYhQAgC9N+vQZjC+3Tp/APdvYZF/76wqtVqteMnnS+N49u+vVtLZOZ7D1f1hYWKj/LV682B73HUMGDShVsoTeEdu1be1xcN/wYUMsLU19b7FOZy0K6a2tjVbImCHDpInj1v/2a80a1dXjHbVabSO3hocP7evUof3HDqHJmNH0y4k9tKkeNtEnGTIYf8skKyurgQP6bduyoVrVKiKDqFC8eLFOHdsfPrTfqWIFudDCwqJtm1bHjxxq2qSRnHxRdGb1alVXr/xlxrTJMgOnHtOvVG86PXMcO3ywW9fO6skOvy1TeuTwoatX/vJV1qwf28r6v29iunTphg4euGvHVmfnWnpjVZ2cKs6cMe3wwb2FC9mrl1tYWCxcME9vRslOHdsvXbxQ/psjh82KZUvmz53t5FRR3asajcaljvNva1atWb0ic+bMhs372EdMUZTAwCD5MvVO5sKFClWp/L0o9+ndMx6dCQAAAAAAkFgsoqOjzagGAAAQIyoqKijoxavQVzbZbdQZFBOLTqd77Oeni9Rly5YtRw6bRN+/EBISEvTihTZ/fnVk6P9CdHT002fP/vnnnwK2tubkqHz77p2fn18OmxxJ15l6goNDKlaKicydP3tSZG199epVQGBgQTs7649EcM33999/P38ekDlL5hw2OTJk+ETY+9WrV4FBQRnSZ8ifP5+JGHN0dPTz5wGvw15/lfWrnDlzxG92xqioqPoNG4uBsIsXLpCTa0o6ne7hw0fW1ta2qgyoAAAAAAAAyY8AIQAAABKT0QBhanDq9JluPXqLwZrnTp9ImzZtSrcIAAAAAADAOFKMAgAAAIngl+UrRaFrl05EBwEAAAAAwOeMACEAAACQUDdu3rp85aoot2rRIqWbAwAAAAAAYAoBQgAAACChfl2zVhRatWxuY5M9pZsDAAAAAABgSpqUbgAAAAC+KBkzZhw7ZqSiKBYWFtmzZUvp5iSTb8uUKV26VHrr9A0buqZ0WwAAAAAAAD7BIjo6OqXbAAAAAAAAAAAAACCZkGIUAAAAAAAAAAAASEUIEAIAAAAAAAAAAACpCAFCAAAAAAAAAAAAIBUhQAgAAAAAAAAAAACkIgQIAQAAAAAAAAAAgFSEACEAAAAAAAAAAACQihAgBAAAAAAAAAAAAFIRAoQAAAAAAAAAAABAKkKAEAAAAAAAAAAAAEhFCBACAAAAAAAAAAAAqQgBQgAAAAAAAAAAACAVIUAIAAAAAAAAAAAApCIECAEAAAAAAAAAAIBUhAAhAAAAAAAAAAAAkIoQIAQAAAAAAAAAAABSEQKEAAAAAAAAAAAAQCpCgBAAAAAAAAAAAABIRQgQAgAAAAAAAAAAAKkIAUIAAAAAAAAAAAAgFSFACAAAAAAAAAAAAKQiBAgBAAAAAAAAAACAVIQAIQAAAAAAAAAAAJCKECAEAAAAAAAAAAAAUhEChAAAAAAAAAAAAEAqQoAQAAAAAAAAAAAASEUIEAIAAAAAAAAAAACpCAFCAAAAAAAAAAAAIBUhQAgAAAAAAAAAAACkIgQIAQAAAAAAAAAAgFSEACEAAAAAAAAAAACQihAgBAAAAAAAAAAAAFIRAoQAAAAAAAAAAABAKkKAEAAAAAAAAAAAAEhFCBACAAAAAAAAAAAAqQgBQgAAAAAAAAAAACAVIUAIAAAAAAAAAAAApCIECAEAAAAAAAAAAIBUhAAhAAAAAAAAAAAAkIoQIAQAAAAAAAAAAABSEQKEAAAAAAAAAAAAQCpCgBAAAAAAAAAAAABIRQgQAgAAAAAAAAAAAKkIAUIAAAAAAAAAAAAgFSFACAAAAAAAAAAAAKQiBAgBAAAAAAAAAACAVIQAIQAAAAAAAAAAAJCKECAEAAAAAAAAAAAAUhEChAAAAAAAAAAAAEAqQoAQAAAAAAAAAAAASEXSpHQDAABA4nj16tVdz3tmVq5YoXzatGkVRfH391+5ek1ExD9tWrcoV7ZsErcxPi5euhwZGWlfsODXX+f5ZOVXoaF373oqipIxY8Zvy5ROlgYCAGK8fffu+vUbovydU0UrK6uUblGcPX8e8PDRo7Rp05YvV9bS8tM/qL11+05YWJiiKMWKOmbLli1Z2ggAAAAAicAiOjo6pdsAAAASgfvuPSNGjTGz8qULZ21sskdHR9ep2+CRr69YeP7sydy5ciVlG+PM39+/Ru26iqJoNJp9f+yytdWarn/x4qV2HbsoilKqZAn3nduSq5kAAEXvTnT9ysUsWTKndIvibMwP47fv2KUoSreunceNHf3J+m3adbx85aqiKGtXr6xWrUqytBEAAAAAEgEpRgEASL1CQ0NldFBRFF/fx0l6uFehoS1ata3r6ubt7RPXbcPDwwcMHhoREZE0TQMAfIHWb9hY19Vt6vQf47HtmrXrDhz0SIJGAQAAAMBngRSjAAB8gdq0bpUhQ3oTFdKnt1YUJWvWrFqt1t/fXyy0K2CbpK3y8npw/cZNRVECg4IKFy4U183v3vWcNmPWjGmTk6Z1AIAvzSGPI97ePpkzZYrf5gMHD3Vw2FfI3j6x2wUAAAAAKY8AIQAAX6CRw4d89dVXn6xmYWGxfu3qVb+ueffuXZvWrXLnzp2krXr27FkC97Bl67ay35Zu3qxpIrUIAPAl8/b2TuAe+g0Y7L5ja8aMGROpRQAAAADwuSBACABAqmZrq502ZVLyHMvf/0nCdzJqzLjixYs5OjgkRosAAF+siIiI4OCQBO7E29tn4uSp8+bMSqRGAQAAAMDngjkIAQBAMvGLzWWaQH36DQoLC0uUXQEAvlQBAYGJsh/33Xs2bd6aKLsCAAAAgM8HIwgBAEjVLl2+cvzESUVRHIoUadqkkVx+5Oixq9euW1tb9+nVM0OG9AEBgWt/W3/9xs3Q16H2BQt269q5Qvly6p2cPn32Lx/v588DCtnbOxT5pmzZbytWKC8rhIa+fh7w/Padu+JfL68HYhJERVEsLa2+LVP6k+3UaDRDBg2YMXO2oij+/v7/Y+/O46Kq/j+OH/ZlZB1ZFHBFwdytxLVFcdfM3TZzSXPJMjOzrMzSrL6VGe6aW5pluedumgu5L6mgKCgKKouAAgMDAvP74+j9TWyCgsPMvJ6P7+P7OHeZez939HFP3veccyd99MnsH2daWFiU9nojI6NOnf43/Pz5sLDz2ixt/SfqNW7cqE+vF21sbPR3uxARsWHjZjs7uyGDB7m6uFy9eu3AwdADoaEpybfr+Nd+fdCrdevWkXtevnLlj7Xrz5+/kJScXLeOf2BgQL8+fVxcnIsq4EJExOl/z4SFhV+5Em1vb//EE/UaNWzYvt1zD3EtAGAySnhzltLS0tZv3BRx4eKlyChbW5t69QLr1qnToUN7VxcXuUNOTk5cfPyB0NB7+6ennzh5Uvm4r6+vl6fnA0t6952xq39bI1PGT6ZMbdCgfqOGDUp7XQmJiceOHT9/PiL8/PnrN24EBgQ8US+wT+9elSur8+25aPGSpOTkJ5s17RDcPisr6/CRo6Ghh44dP+7h4dG2beuB/fvJryIrK2vX7r927d5z/fp1lUpVr15g2zatW7dqWVQB8fHxR48dDws/HxFxMS8vr27dOoEBdbt06ezo4FDaawEAAABgYggIAQAwa0eOHF20eIkQolvXzvoB4ZGjx5YuWyGEaP70U5Urq7t2f1HZFBkZVaeOvwwI09LSJk6avHPXbmVrWFi4bHTt0unjyR96eXouXbZi2pf/mZxN5nySSqU6c+pYSUodMnjQiZOntu/YKYTYvmPn0mUrhg55veRXmpmpnRUyW16sfrVrfl/7y+rffpz5XY0a1ZX1167FyD0tLCxq16o5bvz7yqYTJ0/+uub3PzetrxcYsGLlqqmfT8937QsX/TR/TkizZk3zFZCVlTVzVki+Avb+vU8I0aZ1q2lffObn61vyywEA01Cqm7MQYsfOXe9/8JFGo1HWHDp8RAjxxfQZX06b2q1rFwsLi4AnGul/JDIyqv/AV5XFaZ9/9tLA/g8sTK1Wz58b8mLve3uOGjN2y6b1JXm/r6TT6dau2/D5tC/1S42MjPpzy9Y58xaEzPr+2Wfa6u//x7r1kZFRi4Q4uG/PO+9O0E80/9qz9+jRYyGzZsbFxQ8bPvJCRISy6WDoP4sWL3n5pQGffvxRwTB1/YaNEyZ+qL/mYOg/QoiQOfO/njEtqPnTJbwWAAAAACaJKUYBAEBxrlyJfnPU2Hwr69bxl43Jn0xR0sGaNWq0b/d8/fpPyMWt23b89NMyIYSdnV2ZVGJhYfHVl1/4+fnJxekzvtZ/flq8yMioHj176z+A9vb2UtphYeFjxo7Lzc0t+MGQ2XOVdFCtdlfWT/nsi+07dirpoP6mpKTkkWPGZmRm6h8nNTWtd9+BSgF+fn7t2z3/ZLNmcvFg6D/devS6fft2CS8HAExDaW/O4eHnR7/1jhK5tWwR1KZ1K5VKJYTQaDTvvDvh1q0k+dOTMimvYYMG0z7/TLbj4uInTPwwLy+vJB9MT08fNnzkBx9OVkpVq92VqjQazdA33ixqBtQ2z7aTvZv+VWzdtmP//oP66aB+v/PL6t9W/7Ym33EmTpqspIMqlapN61bKdxUTE/Pyq68fOVqiX+cAAAAAMFWMIAQAAMWZMvUL+Wxx2NDB/rVrpaWlXYuJbdOmtXxQu2XrdrnbnJAfOnfqKNux168vX7Hy6tVro0YOF0L079enRYvmOp2uV58B8lHpV19Oa9asidzZytKq5MU4OTnNn/tjtx695OKoMW9v3byx4ERtBeXm5V6JjpaPnt9/b3yXzh3t7Ozy8vJWrf71s6nT5Myfm//c+mLPHoV+/JPJH/bo3k2tdo+JiRk5+u0LEREnTp6UD3Bbtgj6asY0Xx+f3Nzc5StWysGRSUnJq1atHv7GUOUIc+bOl091VSrVt9/M6NghWK6PT0h4b8IHhw4f0Wg0//t25vRpU0v+bQCAsSvtzXnW7Dmy0aZ1q1kzv5Xj+XJycnbt3vPrb2te6NHNw6OyEGL3zq1paWnbtu2YOStECBEYEPDjrO+Uk1ZWVy55hS8N7H/i5Mn1GzbJMd/zFiwaM+rNB37Kysr6XNi9WbXHv/vOywP7u7m5CSEOHz4yYtRbsiucFTJ7xvQvCv14o4YNpnz6ccMG9S0sLJavWClH4Q95Y4Tc+tWX03r36mllZXX16rWx48bLwevffvdD3969HB0d5T5/7dm7dt162Z7w3rg3hg5RZij933cz5QwBkz+esvXPDba2tiX/NgAAAACYEgJCAABM0Oix42ysC+/l+/Xt3b1b11IdTaVSbftzo49P1Xzrz5w7JxsdOwQr6aAQwtfHZ/KHHyiL1tbWtWrWFELY29vJp6JVq1apXatWqWpQBAYEfPvNDDkqIikpedz4CcuXLrayekDKGFC37uKF8+Lj43t076aMybC0tHztlZePHTsuY86DoaGFBoQL5s4ODm4n235+ftOnTe3Tb6BcVKvd54TMkm8ctLKyGjrk9VOnT2/dtkPO0aoEhJGRUYuXLJXteXN+1H9ZlJen59zZP7Z5tp1Go/l1ze8jhg+rXr3aw30zAGB0SntzPnToiGxM+uB9ZbZPa2vrLp07dun8/92Qp4eHp4eHl9e9wYgODvYP3ekIIT7/7NOz58IiI6OEEN/PnNW0SeNWLVsU/xEHB/ufly8JDT3UsWOwr4+Psr5Fi6APP3j/408/kxleoZ9t2SJowbzZyrcxZPCgAwdD9+0/cO/CJ07o17e3bFevXu2br6bLH81oNJpLkVGNGzUUQmi12i+m35vZ+60xo0a9OUI5uJ2d3ccfTYqKurz/wMEr0dFbtm7r9WLPh/5mAAAAABg1phgFAMAEHTly9GDoP4X+78aNm6U92tQpHxdMB4UQd+/elY1LlyIzM7VlUXiJ9Hqx58AB914KdejwkVkhc0ryqeefe3bggP4F553rENxeNqKiLhf8lJ+fn5IOSk0aN1IO8kKP7jIdVHTq2EE2IvWOtmHjZqUG/XRQcnZ2emPoYNm+eOlSSa4FAEzGw92cw8PDH0t1Qgjh6Og4d/YsZXHk6LHx8YXPDqovoG7doUNe108HJeXVg0lJyenp6QU/+PJLA/N9G+2ef05p9+71ov6mwIAAZebtmJgY2Th69Lhsq1SqQsc7jhg+TDbCz1944IUAAAAAMFUEhAAAoDhBQc2LGl5Qv1492bgSHd23/0u7dv+lRIbl7ZPJk5SXHc6ZO3/v3/se+lDKEJPrN26U8CNVqnjLhhwZWegm5UGtfuxXpYr3qdP/Fvxfalqa3CEyKuqhLwQATEmhN+emTRrLxsRJk7/59nv9O225ql2rVsismbKt0WjGvvPeQ/d3Xl6eSjshMbEkH/G+/1WoVCr9Vw9K1avdCwjjExJkI+ryvUi1Ro3qYeHnC3Y6t2/fkTtcvMivUgAAAADzxRSjAACYoE3r/3BxdSl0k7OTc6Hri1LHv3ZRmxo3bvRM2zb7DxyUr4kaOXqsSqXq1rVzzx7dn376qQdO+/ko7O3tZ8+a2b1nbzln6TvvTtiyeb2fr28JP56Tk5OQkBifkHDzZtyp06flSq02q4Qfd3RwkA0HB/t8mwp9mVPY/ZEuv6z+7ZfVvxVz5NiY6yWsAQBMzwNvzqNHjjgY+o9sL1i4eMHCxY0aNuj5Qo9uXbvItw+Wn65dOp08NUi+ve/EyZPffPu9/mTaxcvLy0tOTomPj78ZF59wP8YrORtbG9mwt7cruNXOzu7+WXSyIWdDFUKEhYX37f9SMUfmVykAAACAOSMgBADABPn4VFVezlR+rKysfvj+2+kzvl67br1co9Fo1vy+ds3va/39a8+Y9nmzZk3L7+zVqvl9/+03b44aI887Zuy4339dVfxHMjIy/tqzd936jTLUfGzi4u5NRqdSqQp9vKto0KD+4yoKACqKkt+cg4KaL5w/58PJnyQlJcs1Z86eO3P23BfTZ7w54o2xY0YX/N1GGZo4Yfzp0/+eOv2vEGLJ0uVPNmuq//7dgrRa7fYdu3bs3LVz1+5Cd9DpdOVRZ7xeBllwxKG+li2CyqMAAAAAAEaBgBAAADw8Fxfnb76aPuKNoRs2bl6/caOShEVGRvUb+MqGdWsaNmhQfmcPbv/8yDeHz1+wSI6TmPblV927dilq563bdox95139NSqVytPDw87O7kJERPkVKYSoWaPGlehoIcT3334T3P75cj0XABiX0t6c27d7ft+e3X/t2bNh42b9+aUXLFwcGxs7a+Z3FhYW5VSqra1tyKyZnbr2kIPXx4wdt2vHlqJ2vnjx0quvD1GCTMnPz8/Tw+PEyZPlVOH9s9wbTz9syOCPPpxYrucCAAAAYLwICAEAwKPy96894b1xE94bd/bcuZ9XrlYGFM6dt3DenB/L9dTjx7196vS/R44clRN4ZmZmFrrb2nXrJ06aLNvPPtO25ws9WrdqWbmyWghx6vS/xc/A9ujq1QuQAaH8fwCA9HA3ZwcH++7dunbv1jUtLW3r9h0/hsyRP0/ZsnX7yBHDn3iiXvkVXKWK95yQHwYPHS4XR415W5nhU194+PmBrwySOaK/f+1XX3mpdauWymtra9e99w7dcsoya9eqJRvMIAoAAACgGJaGLgAAAJiOhg0afPPV9IkTxsvF8h4kcX+a0/8pU6it37Cp4D46ne7r/30n2xMnjF+yeEHPF7rLB9CPR637z2r1B7sAgJl79Juzk5PTgH59/9y4TukFws9fKJ9i/1/bNq3Hvf2WbEdGRoWFhRfcZ9mKlTId7NgheMPa31975WUlHXwMatasIRvHT5y8cyf1sZ0XAAAAgHEhIAQAAGXs+eeelQ1HR1WhO2i12jI8naeHx+wffyhmh6tXrymTvL0+6NV8W4sadFiGWt1/ydORI0fJCAFAKqubs5ubW4ug5rJd6HteMzPLstMRQowe9eYzbdsUs8Pf++7d6l9/7ZV8r0Us82IKalC/vkqlki/oXbBocXmfDgAAAICRIiAEAAAPKTk5+Ztvv/9rz95863ffX9O0SWP99c5OzrJx8OA/spGQmCjHWDyi5k8/NemD94va6qhyVNqJt27pbzp3Lmzc+AmPXkDxgoKad+3SSbY/+HDygYOh+ltzc3O3bN0W3LHrmLHjcnNzy7sYAKggHuLmvHXbjpDZc2/dStJfmZycfPjIUdkODAxU1leqVEk2LkRExCckyPvt1avXHr1yKyur77/9Whm2WJDS38XFJ+ivv3Uraciw4cqiTqd79GIKcnFxVobyL1i4eMnS5Xl5efo7nP73zOtD3ujUtYf8WgAAAACYJ95BCAAAHtLUL778c8tWGYAN6Ne3evVqGo1mx85dq375Ve7Qv18f/f1r+9eSL+FbsXLV7Tt3nJ2dVq5a/WSzZr/+ssLS8lF/tDRsyOvHT5zYvXtPwU2eHh5qtbscpzJm7LgP3n9PrXZPTk7Ztn3HL6t/e8TzltCkie9v3bZDCJGUlDx46PDnn3u2YcMGLs7Osdevb9u+Q74960p09K7df3Xu1PHxlAQA5arpU0FFbVKr3Y8eOljam3PExYtj33lXCLHop6VDBg9q/vRTKpUqKioqZ3l9IAAAIABJREFUZM58eZCgoOa17s+uKYSoXs1Pab/y6uBOnTocOBgaFha+YtlPrVu1fMSrc3NzWzBvTlFvSWzSpJHs7z797HMhRGBgXa0268CBg4t+WlomP4t5oJcG9l/965oLERFCiOkzvt6waXPLoCBfP5/4uITQf/45c/ac3G3+gkVTPpn8GOoBAAAAUAEREAIAgIdUq9a9NyodOXL0yP3RG4p3xo5p2eI/T4cHvfqKEuBt2vynbJw4efLkqdNPPdnsEYuxtLT8ZsaXPSP6xcTEFNz60aQP3nv/AyFEWFj4oMHD9De9N37csuUrlGnuyomPT9VN6/8Y//4HkZFR8mWEBecaHT1yRMcOweVaBgBUBMott1Q3Z0sLy8CAgAsRERqNZvacefmOqVa7f/+/r/V/blKvXuCTzZrJt+FeiY6ev2CRXD9v/sJHDwjlKPnPpnz82dRpBTeNGjlCvhNXo9HIC1R07tTR0tJC/mSk/FhZWS1funjyp1NktxsWFl7wXYnPPtN2/Li3y7UMAAAAABUZU4wCAAAhhLC3dyh8vZ19oetlBLhz+5/dunbON83ak82a/bZ65dtjx+Tbv3Wrll9O/1y+GEny96+9bMmikqSDhb5WKh8XF+f5c38sdM63F3v2+Oar6fk2BQe327xh7eiRI/r17VPUKVSOjgVXKmxtbR9YlaJ+/Sc2rf9j3NtvNWrYQH+9Wu3+8ksDdmz7873x4x59JCUAGJFS3Zzr1PHftOGPKZ9OzncXValUb40ZtXf3Dm9vL/31FhYWs2Z+m+9lgYNee2VOyKyS1FaSfue1V14e9OorBdfXrlXr919X1a//hP7KRg0bzAn5YU7ID71e7CnXWFsV8oNdO7sie5ai3uxbaMGVK6sXzJ393f++Dgpqrt/zqlSqjh2Cly1ZtGTxAicnp2KvDwAAAIApsyin1x4AAACzcvvOnatXr7m5uvr4VLWysipmz5ycnNjY69nZ2VWrVlFeEPV45ObmxscnxCckODs7VfH2diw2/CvvSq5eu5abk+vm5la5stpQZQBARfAQN2d5F83MyPT19XVxcS5+59u3b8cnJDjYO/j6+jzm32EkJyfHXr9ha2vj5enp5ub2OE+tT6fT3bwZl5qW6uri6uFRufhuGgAAAICZICAEAAAAAAAAAAAAzAjTWAEAAAAAAAAAAABmhIAQAAAAAAAAAAAAMCMEhAAAAAAAAAAAAIAZISAEAAAAAAAAAAAAzAgBIQAAAAAAAAAAAGBGCAgBAAAAAAAAAAAAM0JACAAAAAAAAAAAAJgRAkIAAAAAAAAAAADAjBAQAgAAAAAAAAAAAGaEgBAAAAAAAAAAAAAwIwSEAAAAAAAAAAAAgBkhIAQAAAAAAAAAAADMCAEhAAAAAAAAAAAAYEYICAEAAAAAAAAAAAAzQkAIAAAAAAAAAAAAmBECQgAAAAAAAAAAAMCMEBACAAAAAAAAAAAAZoSAEAAAAAAAAAAAADAjBIQAAAAAAAAAAACAGSEgBAAAAAAAAAAAAMwIASEAAAAAAAAAAABgRggIAQAAAAAAAAAAADNCQAgAAAAAAAAAAACYEQJCAAAAAAAAAAAAwIwQEAIAAAAAAAAAAABmhIAQAAAAAAAAAAAAMCPWhi4AAACUr9y8vNTU9PSMzMzMrOy7d3Ny84TQGbooAEA+FtZWlrY2Ng4OdpUcHZydK1lZms6vOemJAMAYmHJPBAAACrLQ6fiHGQAApkmrzUpMvp2UkspzWAAwNhZqN2cPd1d7eztDV/JI6IkAwGiZSE8EAACKQkAIAIBpuhGXmJCUYugqAACPxFPtVtXbw9BVPCR6IgAwAUbdEwEAgGIQEAIAYGq02qxr1+MztFpDFwIAKAOO9vbVfLyMawAHPREAmBJj7IkAAMADERACAGBSNBmZV67dyMnN1V9pZ2vr6lypksrR3t7W2trawnDlAQAKpRMiJydHq81O12TcTk3Pys7W32ptZVWzWlWVo4PhCiwFeiIAMEam1BMBAICSICAEAMB0aLVZkdGx+s9k7WxtvT3Vbi5OBq0LAFA6KXfS4hKS9B/OWltZ+dfwrfijN+iJAMA0GG9PBAAASoiAEAAA03Ex6pr+fG5qNxffql6M0gAAY6QTIvZGfFLKHWWNo7193drVDFrUg9ETAYDJMNKeCAAAlJCloQsAAABl40Zcov4zWa/K7n48kwUAo2UhhF9VL6/K7sqaDK32RlyiQYt6AHoiADAlxtgTAQCAkiMgBADAFGi1WQlJKcqi2s2lildlg1YEACgDVbwqq91clMWEpBStNsugFRWJnggATJIR9UQAAKBUCAgBADAFicm3lbadra1vVS+DlgMAKDO+Vb3sbG2VRf0bfoVCTwQApspYeiIAAFAqBIQAABi93Ly8pJRUZdHbU818bgBgMiyE8PZUK4tJKam5eXkGragQ9EQAYMKMoicCAAClRUAIAIDRS01NF0In23a2tm4uToauCABQltxcnPSGbuhSU9MNW09B9EQAYNoqfk8EAABKi4AQAACjl56RqbRdnSsZtBYAQLnQv73r3/YrCHoiADB5FbwnAgAApUVACACA0cvMzFLalVSOBq0FAFAu9G/v+rf9CoKeCABMXgXviQAAQGkREAIAYPSy795V2vb2tsXuCwAwSvq3d/3bfgVBTwQAJq+C90QAAKC0CAgBADB6Obl5Stva2tqgtQAAyoX+7V3/tl9B0BMBgMmr4D0RAAAoLQJCAABMgE5pWRi0DgBAOfnv7V1X5H4GQ08EACauwvdEAACgdAgIAQAAAAAAAAAAADNCQAgAAAAAAAAAAACYEQJCAAAAAAAAAAAAwIwQEAIAAAAAAAAAAABmhIAQAAAAAAAAAAAAMCMEhAAAAAAAAAAAAIAZISAEAAAAAAAAAAAAzAgBIQAAAAAAAAAAAGBGCAgBAAAAAAAAAAAAM0JACAAAAAAAAAAAAJgRAkIAAAAAAAAAAADAjBAQAgAAAAAAAAAAAGaEgBAAAAAAAAAAAAAwIwSEAAAAAAAAAAAAgBkhIAQAAAAAAAAAAADMCAEhAAAAAAAAAAAAYEYICAEAAAAAAAAAAAAzQkAIAAAAAAAAAAAAmBECQgAAAAAAAAAAAMCMEBACAAAAAAAAAAAAZoSAEAAAAAAAAAAAADAjBIQAAAAAAAAAAACAGSEgBAAAAAAAAAAAAMwIASEAAAAAAAAAAABgRggIAQAAAAAAAAAAADNCQAgAAAAAAAAAAACYEQJCAAAAAAAAAAAAwIwQEAIAAAAAAAAAAABmhIAQAAAAAAAAAAAAMCMEhAAAAAAAAAAAAIAZISAEAAAAAAAAAAAAzAgBIQAAAAAAAAAAAGBGCAgBAAAAAAAAAAAAM0JACAAAAAAAAAAAAJgRAkIAAAAAAAAAAADAjBAQAgAAAAAAAAAAAGaEgBAAAAAAAAAAAAAwIwSEAAAAAAAAAAAAgBkhIAQAAAAAAAAAAADMCAEhAAAAAAAAAAAAYEYICAEAAAAAAAAAAAAzQkAIAAAAAAAAAAAAmBECQgAAAAAAAAAAAMCMEBACAAAAAAAAAAAAZoSAEAAAAAAAAAAAADAjBIQAAAAAAAAAAACAGSEgBAAAAAAAAAAAAMwIASEAACbAQmnpDFoHAKCc/Pf2blHkfgZDTwQAJq7C90QAAKB0CAgBADB61lb/36Hn5OQYtBYAQLnQv73r3/YrCHoiADB5FbwnAgAApUV3DgCA0bO1sVHaWm22QWsBAJQL/du7/m2/gqAnAgCTV8F7IgAAUFoEhAAAGD0HBzulna7JMGgtAIByoX9717/tVxD0RABg8ip4TwQAAEqLgBAAAKNXydFBad9OTTdoLQCAcqF/e9e/7VcQ9EQAYPIqeE8EAABKi4AQAACj5+xcSQgL2c7Kzk65k2boigAAZSnlTlpWtjKxm4WzcyXD1lMQPREAmLaK3xMBAIDSIiAEAMDoWVlaqt2clcW4hCSdQesBAJQhnRBxCUnKotrN2cqywv07jp4IAEyYUfREAACgtOjOAQAwBR7urko7Kzs79ka8QcsBAJSZ2BvxeoM2/nPDr1DoiQDAVBlLTwQAAEqFgBAAAFNgb2/nqXZTFpNS7tyMv2XQigAAZeBm/K2klDvKoqfazd7ezqAVFYmeCABMkhH1RAAAoFQICAEAMBFVvT0c7e2VxfhbyTE34pnhDQCMlE6ImBvx8beSlTWO9vZVvT0MWtQD0BMBgCkxxp4IAACUnIVOx7/XAAAwEVptVmR0bE5urrLGztbW21Pt5uJk0LoAAKWTcictLiFJfz43aysr/xq+FX/QBj0RAJgG4+2JAABACREQAgBgUjQZmVeu3dB/Misfzro6V6qkcrS3t7W2trYwXHkAgELphMjJydFqs9M1GbdT0/UfyMpnsjWrVVU5OhiuwFKgJwIAY2RKPREAACgJAkIAAEyNVpt17Xp8hlZr6EIAAGXA0d6+mo+XcY3YoCcCAFNijD0RAAB4IAJCAABM0424xISkFENXAQB4JJ5qN+N92xM9EQCYAKPuiQAAQDEICAEAMFlabVZi8u2klFQh6O4BwLhYqN2cPdxdjX24Bj0RABgtE+mJAABAUQgIAQAwcbl5eamp6ekZmZmZWdl37+bk5vGUFgAqHgtrK0tbGxsHB7tKjg7OzpWsLC0NXVKZoScCAGNgyj0RAAAoiIAQAAAAAAAAAAAAMCP8FAgAAAAAAAAAAAAwIwSEAAAAAAAAAAAAgBkhIAQAAAAAAAAAAADMCAEhAAAAAAAAAAAAYEYICAEAAAAAAAAAAAAzQkAIAAAAAAAAAAAAmBECQgAAAAAAAAAAAMCMEBACAAAAAAAAAAAAZoSAEAAAAAAAAAAAADAjBIQAAAAAAAAAAACAGSEgBAAAAAAAAAAAAMyItaELAAAAZeP27dth4edLuHPzp5+ysbEp54pKJCYmZuHiJVpt1sABfZ9s1kxZf/bcuVdeGyKEcHKqFLp/r0FrBACUSE5OzpGjxwquV6lUPlWrVq6strCwMERd5uK7739Y/vMqIcSbI94YM+pNQ5cDAAAAoEIjIAQAwETs/Xv/hImTSrjz0UMH1Wr3cq7owXQ63ZBhb16JjhZCrFu/4Z+Df3t5espNGZoMjUZj6AIBAKWg0WQMGjysmB0CAwJeeXlgv769K8iPVEyMNitLdp1xcXGGrgUAAABARccUowAAwGDu3Lkj00EpOvqqQcsBAJSvCxERn0yZ2qFz99B/Dhm6FgAAAAAwa4wgBADABA0c0N/Bwb6YHezt7R5jOUVycXHx8/OLiYmRizWqVzN0RQCAstG1S6fAgAA5WDwhMTEmJnb/gYNyU0xMzKDBw/bu3lGtmp+hywQAAAAAM0VACACACXr/vXGurq6GruLBLCwsVixdvOinJZmZmQMH9Pfy8jJ0RQCAstGpY4fu3brqr0lKSp4VMnvVL7/KxQkTP1y9armVlZWBCgQAAAAAs0ZACAAADKlaNb8vpk4xdBUAgHKnVrt//tmniYm3du7aLYQ4cfJkVNTlunXrGLouAAAAADBHvIMQAAAAAPCYTHhvnNKOjLps0FoAAAAAwHwxghAAALN2ISJiw8bNdnZ2QwYPcnVxuXr12oGDoQdCQ1OSb9fxr/36oFeVsR2Xr1z5Y+368+cvJCUn163jHxgY0K9PHxcX50IPm5CYeOzY8fPnI8LPn79+40ZgQMAT9QL79O5VubI6355Hjx3fs/dvIURA3bq9Xnyh/K8YAGBINapXV9oXL13q2qWTsljyvkMIkZubu237jtP/nrl0KVKj0QTUrRsQWLdN61a1atbMt2daWtr6jZsiLly8FBlla2tTr15g3Tp1OnRo7+riIoSIT0hYumyFEKKSSjVs6JCCb/CNjLr8629rcnNzO3UIbtEiKN9WnU63bPnP8QkJlpaWI0cMd3Z2UjYlJt46cvTo+QsR4eHn8/LyatSoXi8woEmTxvLVjPksWrwkKTnZx6fqa6+8LIQ4c/bcylWrL0RECCEa1q8/etSbPj5VlZ1zcnIOHAw9c/bcsWPHU9PSGtav36BB/Z49e5T4DwEAAAAACAgBADBv167FLFq8RL4OsHatmuPGv69sOnHy5K9rfv9z0/p6gQErVq6a+vl0ZVNYWLgQYuGin+bPCWnWrKn+AXU63dp1Gz6f9qVGo1FWRkZG/bll65x5C0Jmff/sM2319z9y5KgsoFvXzgSEAGBWLC0sZKO0fcfFi5fefW+izM+kU6f/lY23x455c/gwe/t7Od+Onbve/+Aj/cMeOnxECPHF9BlfTpvarWsXN1fXX1b/Jnfw9PTs369PviJ/DJm9Zet2IcTev/f//deOfFtPnTo97cuvZHvsmNHK+j+3bP3o4yn65z0Y+o9sDH9j6Li331IqlP5Ytz4yMkoI0ad3r23btk+cNFnZFBYW3rlzRyUgTElJGfvOeHkVyg5ize8/LVlWaJIKAAAAAIViilEAACCEECGz5yrpoFrtrqyf8tkX23fsVNJB/U1JSckjx4zNyMxU1qSnpw8bPvKDDycrj0TVaneVSiXbGo1m6BtvxsXFP5YLAgBURJFRUUo7MDDgIfqOtLS0EaPeUtLBpk0aP//cs35+fnLxx5A5B0MPyXZ4+PnRb72jHLZli6A2rVvJI2s0mnfenXDrVpKtrW3nTh3lDrv/2pOv2sxMrUwHhRAxMTGXLkXm22HP3n2y0b1bV2X04YeTP3nn3QnKeVUqlbe3l/KRRYuX9Ozd786d1EK/n9DQf/TTQcm/dm3ZuHHjZveevfXTQX//2rJrvhIdfez4iUKPCQAAAAAFMYIQAAATdCX6qto9reB6ewd7Tw+PYj74yeQPe3Tvpla7x8TEjBz99oWIiBMnT544eVI+V/1qxjRfH5/c3NzlK1ZOn/G1zAhXrVo9/I2h8uNWVtbnwsJke/y777w8sL+bm5sQ4vDhIyNGvSUflc4KmT1j+hflc90AgApNp9N9/c13ymJA3boP0Xes37ApJiZG5oirViyrU8dfrj91+t+ly5ar3dXt2z0n18yaPUc22rRuNWvmt66urnJ+zl279/z625oXenTz8KgshOjUMXjtuvVCiL/27M3M1OrPMhp6f9iftHvPHuV00vYdO2VDSRn37T+w5ve1sv1M2zaff/aJDC/v3EldtuLnH0PmyMGRs+fOm/zhBwW/opGjxwoh/Pz8Bg961dPTMy4uLis7S8kXf/hxtpKVjh/39rChg+VIxJjY2LffGX/m7LmH/ZMBAAAAYHYICAEAMEF9+79U1Kaoi+FFbVowd3ZwcDvZ9vPzmz5tap9+A+WiWu0+J2SWfOOglZXV0CGvnzp9euu2HUKII0ePKQGhg4P9z8uXhIYe6tgx2NfHRzlyixZBH37w/seffiYfv5bdhQIAjEZKSsq33/2wb/8BufhM2zbVqvk9RN+hzCY69q3R+nFd0yaNm/7wvf4ZDx26N9Ju0gfvy3RQCGFtbd2lc8cunTsqu7Vq2VJpHz12TH860+07d+ofcNv2naPeHKEsRkdfvRIdff9yWgshsrOzp0ydJtcEB7ebGzLLyspKLrq4OL8zdoybq+vUL6YLIZYsXT6gX19//9oFv6imTRr/snK5ra1tvvVRly/LIFP+oGfw668pm/x8fX9ZuWLIsOEMIgQAAABQQgSEAABAyERQSQelJo0bqVQqOXTjhR7dZTqo6NSxgwwII6Mu668PqFtXjgjJR3nempSUnJ6eXqlSpfK5DgBAhXDo8NGsrCwhRF6eLi4uLjLq8t6/9+nPuvn1V9Mt7r+DsFR9R3Z2tlx59mxYCYsJDw+vFxhQ1FYHB/vu3br+uWWrEOLvv/crJ83Kylq/YZMQon79JxwdHI4dPxEWFh4TG+vn6yt3+HvfftkIDm4nZy49cvSYHN0ohBj39lglHVQMHNBv9tx5SUnJQoh1GzZOnDC+YD1ffzW9YDoohPj9j3WyoVa7DxzQr+BVNGzYgIAQAAAAQAkREAIAYIJe6NHd3t7u0Y9TpYp3ZGSUEKJWzZoFN8mG8iS0eF5enko7ITGRgBAATNuvv6359bc1hW7y8/P7/n9fFT/ltVRo39GwQX05sefadevT0tJGDB/WtEnjQj/etEnjg6H/CCEmTpocdfnKSwP6Ka8qzKdTxw4yINyybdunn3wkk8vDR47Krd26dHZUOcrsbe/f+wa9+opcv3P3X7LRpVMn2bhy5d6Awvr1nyg0krS1te3bp/eChYvlRKMFd3j3nbG1a9UqtEhl/969XpQziwIAAADAQyMgBADABE355CNlLrVH4ejgIBv6L2SSCh3ckE9eXl5yckp8fPzNuPiEhIRHrwcAYNTUavexb41+aUB/a+si/yn6wL6jT+9eS5Ytl4Pwdu7avXPXbm9vr149e/Z8oXu+FwSOHjni4P2XCC5YuHjBwsWNGjbo+UKPbl27yLcPKuQEoXKo4oWIizLbU94v2KFDe3s7+8+mThNCbN26XQaEt2/fPnI/QXz+uWdlIzLqXoZXo3q1oi5QTqwqhAgLL2TS71pFpIP6Q/aVIYwAAAAA8NAICAEAQBnTarXbd+zasXPXzl27C91Bp9M99qIAAI9V/359mjZpItvOzk7V/Pz8/HydnJyK2r/kfYeHR+Vffl4+6aOPlZcRxsXFz1uwcN6ChcHB7aZ8PLlq1SpyfVBQ84Xz53w4+ROZJgohzpw9d+bsuS+mz3hzxBtjx4xWfv5SqVKl4OB2u3fvEULs27e/XmDA3bt3t2zdLoQIDAiQw+gbNWxw5uy5Y8dPJCbe8vCorESPzz7TVpmF+/LlK7Lh5eVV1JUqQyfj4uJzcnKKyUr15ebmKkP2vTw9H7Q7AAAAADwAASEAAChLFy9eevX1IcqjWMnPz8/Tw+PEyZOGqwsA8Fi1btWye7euJdy5tH2Hv3/tNb+uOnbs+IZNm7ds3a682nD37j0REZc2rvtdSezat3t+357df+3Zs2Hj5r1/71OOsGDh4tjY2Fkzv1Peg9ilUycZEO7+a8/IN4cfPXZcHrZ79y5yhx7du505e06+erBf3967du+598HOnZTDqtVq2UhPTy/qYvVfxFjCdFAIof86w6zsrBJ+CgAAAACKYmnoAgAAgOkIDz/fd8DL8gmvv3/tz6Z8vGvHlqiL4X//tWPNryuV3ZSnsQAAPFzfYWlpGRTUfMb0L04eO7R44bwnmzWT62NiYjZu3qy/p4ODffduXRcvnHf6xJEvp3/u7X1vbN+WrdvPn7+g7Pbcc8/IxqnT/966lbRj5y652LFDsGwEt28nGzt27srOzpbvLNSfX1QI4V/73gShN27cLOp6b96Mk43AgEJeUlgMf//aspGQkFiqDwIAAABAQQSEAACgzCxbsVIOjOjYIXjD2t9fe+VlOS0bAABFecS+w9ra+vnnnl29ann7ds/LNWfOnC10TycnpwH9+v65cZ1a7S7XhOsFhK4uLs8+01a2Dxw8uGHjZpnJ1b7/UsBq1fzq139CCLH3733KYMSgoOaVK6uVg9Sqda/yU6f/LWoQYeg/h2Sjzv3Ar4SqV7v3XsPzFyJK9UEAAAAAKIiAEAAAlJm/9917YPr6a68oL3aSMjO1BioKAFChlUnfYWVl9dyz94YAOjg4FLOnm5tbi6Dmsm1vb6e/SZksdM7cBTKzfKFHd/0dunXpLBszvv423xqpceNGsqHRaNb8vrbg2cPDzysvL3z66adKeHVSnTr+srF23frk5OR8W2OvX1dmPQUAAACAByIgBAAAZcbZ6d47n+LiE/TX37qVNGTYcGVRp9M99tIAABVUafuOc+fCvvn2+3yj6PLy8pRJQeU4PyHE1m07QmbPvXUrSX/P5OTkw0eOynZgYKD+JmWy0CvR0bLR6f78olJw8L1ZRmNiYmRDGbYo+fr4jB45Qranz/h62/ad+lujLl8ePXacUmSP7iV9R6M0cEA/pT3po0/0RyhevHipd98BSlUAAAAA8EAlfSM6AAAwIs883yHfqIh8dm7709XVtczP26RJI/lQ9dPPPhdCBAbW1WqzDhw4uOinpXIoBgAA+ZSq78jM1L45+q24uPgFCxf36d2rU8dgDw+PhITEZctXHDp8RAihUqmC27UTQkRcvDj2nXeFEIt+Wjpk8KDmTz+lUqmioqJC5syX7zsMCmpeq2YN/YNXrqwOCmp+5H58WLNGDf//zgJau1Ytf//akZFRcrFpk8bKGw0Vo0aO+O33P+Qp3np73DNt2zRt0tjKyupKdPT6DZuU3aZO+cTKyqpUX5Sfr2/vXi+uW79BCPHXnr2duvZo9/xzFhYWJ06cuhDBpKMAAAAASoeAEAAAE6TRaIoP5HJz88rjvKNGjpBPPzUazXvvf6C/qXOnjpaWFlu37SiP8wIAjFep+o6cnLuNGjaMi4uXM22uXbc+39Fmz5opXwpoaWEZGBBwISJCo9HMnjMv325qtfv3//va0jL/nDpdO3dSAsIXe/YoWG2Pbl1nzgq5t/N/5xeVHB0d1/3x28RJk+Vx9h84uP/AwXynnvnd/5o2aVyC7ya/SRMnXL167cTJk0KIuLj4X1b/pmwaOKD/M21bj37rnYc4LAAAAAAzxBSjAACYIxsbm3xrVI6Oxexva2tbksPWrlXr919XKXO7SY0aNpgT8sOckB96vdhTrrG2KuQnSvb2hb8yqvihkACAisPG5mF+gVqqvsPJyWnenB+XLF7QskWQSqXS/8gLPbrv27vrmWfayMU6dfw3bfhjyqeTGzVsoL+bSqV6a8yovbt3FBz8J4QIbn9vElG12r1nYQFhzxe6K+dVds7H18dn5fIlU6d8EhTUXL/IwICAoUNe37V9a+tWLYv6Nuzsiutw1Wr3lSuWjBg+TClepVIFB7f79psZ07/4rEmTxn5+fsV8HAAAAAAUFrwECAAAlLnk5OTY6zdsbW28PD3d3NwMXQ4AwAgprF2PAAAgAElEQVSUtu/Q6XTx8Qlx8fFVqnh7enhYWFgUtWdubu7Va9cyMzJ9fX1dXJzLuvAHFHnjxs1MrbZ6Nb+Cv855FElJycnJybVq1SztVKUAAAAAQEAIAAAAAAAAAAAAmBemGAUAAAAAAAAAAADMCAEhAAAAAAAAAAAAYEYICAEAAAAAAAAAAAAzQkAIAAAAAAAAAAAAmBECQgAAAAAAAAAAAMCMEBACAAAAAAAAAAAAZoSAEAAAAAAAAAAAADAjBIQAAAAAAAAAAACAGSEgBAAAAAAAAAAAAMwIASEAAAAAAAAAAABgRggIAQAAAAAAAAAAADNCQAgAAAAAAAAAAACYEQJCAAAAAAAAAAAAwIwQEAIAAAAAAAAAAABmhIAQAAAAAAAAAAAAMCMEhAAAAAAAAAAAAIAZISAEAAAAAAAAAAAAzAgBIQAAAAAAAAAAAGBGCAgBAAAAAAAAAAAAM0JACAAAAAAAAAAAAJgRAkIAAAAAAAAAAADAjBAQAgAAAAAAAAAAAGaEgBAAAAAAAAAAAAAwIwSEAAAAAAAAAAAAgBkhIAQAAAAAAAAAAADMCAEhAAAAAAAAAAAAYEasDV0AAAAoX7l5eamp6ekZmZmZWdl37+bk5gmhM3RRAIB8LKytLG1tbBwc7Co5Ojg7V7KyNJ1fc9ITAYAxMOWeCAAAFGSh0/EPMwAATJNWm5WYfDspJZXnsABgbCzUbs4e7q729naGruSR0BMBgNEykZ4IAAAUhYAQAADTdCMuMSEpxdBVAAAeiafaraq3h6GreEj0RABgAoy6JwIAAMUgIAQAwNRotVnXrsdnaLWGLgQAUAYc7e2r+XgZ1wAOeiIAMCXG2BMBAIAHIiAEAMCkaDIyr1y7kZObq7/SztbW1blSJZWjvb2ttbW1heHKAwAUSidETk6OVpudrsm4nZqelZ2tv9XayqpmtaoqRwfDFVgK9EQAYIxMqScCAAAlQUAIAIDp0GqzIqNj9Z/J2tnaenuq3VycDFoXAKB0Uu6kxSUk6T+ctbay8q/hW/FHb9ATAYBpMN6eCAAAlBABIQAApuNi1DX9+dzUbi6+Vb0YpQEAxkgnROyN+KSUO8oaR3v7urWrGbSoB6MnAgCTYaQ9EQAAKCFLQxcAAADKxo24RP1nsl6V3f14JgsARstCCL+qXl6V3ZU1GVrtjbhEgxb1APREAGBKjLEnAgAAJUdACACAKdBqsxKSUpRFtZtLFa/KBq0IAFAGqnhVVru5KIsJSSlabZZBKyoSPREAmCQj6okAAECpEBACAGAKEpNvK207W1vfql4GLQcAUGZ8q3rZ2doqi/o3/AqFnggATJWx9EQAAKBUCAgBADB6uXl5SSmpyqK3p5r53ADAZFgI4e2pVhaTUlJz8/IMWlEh6IkAwIQZRU8EAABKi4AQAACjl5qaLoROtu1sbd1cnAxdEQCgLLm5OOkN3dClpqYbtp6C6IkAwLRV/J4IAACUFgEhAABGLz0jU2m7OlcyaC0AgHKhf3vXv+1XEPREAGDyKnhPBAAASouAEAAAo5eZmaW0K6kcDVoLAKBc6N/e9W/7FQQ9EQCYvAreEwEAgNIiIAQAwOhl372rtO3tbYvdFwBglPRv7/q3/QqCnggATF4F74kAAEBpERACAGD0cnLzlLa1tbVBawEAlAv927v+bb+CoCcCAJNXwXsiAABQWgSEAACYAJ3SsjBoHQCAcvLf27uuyP0Mhp4IAExche+JAABA6RAQAgAAAAAAAAAAAGaEgBAAAAAAAAAAAAAwIwSEAAAAAAAAAAAAgBkhIAQAAAAAAAAAAADMCAEhAAAAAAAAAAAAYEYICAEAAAAAAAAAAAAzQkAIAAAAAAAAAAAAmBECQgAAAAAAAAAAAMCMEBACAAAAAAAAAAAAZoSAEAAAAAAAAAAAADAjBIQAAAAAAAAAAACAGbE2dAEAAMBM/Thv8ZWrMUKInt06Pde21WM+u06n27PvYPiFiz5Vq3TrHGxna/uYC6g4flu78fCxk0KIZ1q36NWjy2M779WY2B/mLJLtmV9NfWznBQAAAAAAAAEhAAAwjLR0TV5enhAiJyfn8Z/98LGTm7buFEJEXo7OyMx8dUCfx1/DQ8vNzU1P16hUjtbWZfDfctnZd+UfRHLK7bKorqSysrLleQEAAAAAAPCYERACAABzFHU5Wmlfi7lu0FpKJDNTe/Dw0TPnwpOSUjQZGXKljbW1m5vrk00bBT3VzM3VxdA1AgAAAAAAwDgQEAIAAHNUq2b1YydPy7afT1VDl1McjSZjw5/bj5/6t+B4u7s5OQmJt7bt3LNt554nAuu+3L+3UyWVgcoEAAAAAACA0SAgBAAA5qhl8yczMjPDz0f4VK3SvUsHQ5dTpGux1+cuXJap1crF2jWrN23c0KOy2sHBPikpJS4+4WZ8wrnwC3l5eeEXLk798tvXXu7XuMEThq4aAAAAAAAAFRoBIQAAMEcWFhbBz7UNfq6toQspzsnTZ5f/ska2q3p7vTH4FbW7m7K1up+vbGg0GRu37Dhy/OTdnJwlK1aPGTGkrn8tA5UMAAAAAAAAI2Bp6AIAAABQiBtx8Uo62LVT+4nvjtFPB/WpVI4v9+/1wfi3LC0thRDzFi+PT0h8vMUCAAAAAADAmDCCEAAAFCcvL+/Q0RNRV6Jv3ozPys6u4u3l51u1Uf16Vat4F7r/1ZjYyKgr0ddiExJv2dhYV/P1qVWz+pNNGllYWJTqvDqdLvzCxehrMdFXY27fSXV2qlTNz7d+vQD/WjUKnvHgP0dtbKy7dGzvVEmVlZV14VLUxUtRl6KuWFlaVvPzafBEYMP69Qoef826TTk5uUKIbp3au7q6yPUH/jlyLea6EKJJo/r16wXk+1RWVtYfG7YIIWxsrHu90NXG2rrQGuLiE86cO3/u/AWNJsPby7NT8HPVfH3knjduxu07eCgm9oYmI8Pby9PP1+f5tq1UKsf8J8rOnrd4uWy/9ebQOrVrPvAbq+rtNeilvstWrcnLy1u/edvIYYPy7ZCbm3vmXHjUlauXoq5otVpfn6o1q/u1bRX0wCPLP4iY2Bu3kpIdHR2q+fpU9/NtWD/Qzs6uqI/IP76rMbFXr8XGJyS6u7lW8/Ot7ufbpFH9Ev5NSEpO2bs/NCsrWwjRMujJWjWqK5u02qxz5y9cvRYbfS0mKyu7stq9mp/PU00bV1a75zvIsROnL0ZetrGx7tm9s52tbVJyyrZde65EX8vKylKr3TsHP18voE5ZXULJv6Uy/9sCAAAAAABQWgSEAACgSNdiry9atio1NU1Zk5Scci78wrade9q2Cnqha0dbW1tlU/bdu7+v23z0xCn9I8TE3gg9fOyvvQeGvDbQ06NyCc+bcvvOoqUrr9+MU9YkJN6KvBy9Z9/BZk0aDujd097+/0OX+IRE5aQtmj+p/8Y+OQ7v8LGTTRs3fHVAb2vr//8vn9zc3H+OHJftZ9u0UALCI8dPxsTeEEK4uDgXEhBm31XO1f65tsqQPqUGCwuLqlW816zbpHzkVlLyufAL7741okY1v+27927buUfZdPtO6oWLkX/vDx0+5NWAOrX1T7Rt5x75tbd4ulnBdFCn0yXeSrp6LTbh1i1bW1tvT4+Auv62NjZNGzc8fSbs9Nmw8xGXklNuu7u5Kh9JTUufs3BpXHyC/tnPhV/Ysy+0mMDp9p3UJT+vvnotVn9l9NUYIYSDvf2w118uNLm8ffvOwv/+8aXcvhN15aoQwmuXx7BBL3l5ehR1Rik55fbX38/Oys4WQri5uvR6oYuyKfJy9OJlq/T/iOMTEsPOR2zbuadHlw7tn2urn96dv3jpxKkzQoh6AXVcXJy/+3G+siktXXM27HxRAWGpLqG031KZ/20BAAAAAAAoLQJCAABQuIyMTP2wTe3u5ujocOtWslxz4J8jNar7PdW0sdyqycj46vvZSpToYG/v4aHOyMi8lZQsU7oZ34V8/vH7TpUqPfC8l6OvhsxfkpeXJxednZ3c3VyTkpLT0jXytXw3bsZPGv9WwVFcR4+fCj18TFm0sba+m5Mj26f+PevlUblLx3Zl8cUU5+Cho4UW8PPqPzq2f1bJe/Q33c3JWbR05fQpk5ShZrm5uQf/OSK/xt49u+kfPzNTu/qPDWfDzivfj2RpaTnzq6lCiF49upw+GyaE2B96+MXuneXWW0nJ38ycI/M2yamSSqvNupuTo8nI0GRkFHot0VdjZs1brH8iB3t75e9DplY7e8GSHl075nuP4+XoayHzf9L/lMrRMScnR549PiHxq+9nf/3Fx7Y2NkV9h6lp6d/Omif3d6qkeu/tkY4ODnLT3v2hG/7cruxZWe3u6OgQH58od968bVdauqZXjy4Fj3kzLmHVb+vyrfSpWqXQAkp1CQ/3LUll8rcFAAAAAADgIRAQAgCAwu0PPSxzDhtr63Fjhvv6VJXrL0Vd2b5rj5NTpSebNFJ2Xr95m0wHLS0tX+r3YvMnm8r1ySm3Fyz5OS4+IS8v79c/Ng4f/ErxJ83Ly1u+ao2MW1xdnIcOeqm6n6/cdDHy8uJlq7Kys+PiE0IPH2vTsnm+z8oQpZqfT7dOwbVr1bCxto69fnPB0p9lYTv37Hv+mdb6Qw/LT+fg51u1eNrF2Sk+IXH2wqWpqWm3kpJ/WbNeCOHt5Tls0EueHpXz8vK279q746+/ZeU7/9rXo2tH+fFTZ87JaxnY70U7vTGa+QbPqRwdVSrHhMRbQgjv+wPaXF1dZJ50Q2/029qNW5R08Lm2rbp1ai+HfiYk3pq7aFnK7TsFL0Gn061Y/buSe/V9sXvzp5ra2drm5eVduRqzaOlKWcbmrTubNmqgjKTU6XQrflmjfKp75+BnWreQUVZ8QuLGLTvCzkd069S+mHQwIzPz+5D5MrN0sLd/7+1RSqicnHJbSQfr+td6bWBfZ2cnufj3gX/Wb94mGy2bP+nt5ZnvsFt27JZ/OVu3eNqnircmMzMx8VajBk8UfuElvoSH+5byecS/LQAAAAAAAA/B0tAFAACACirqSrRsdGj3rJIOCiHq1K45duSwwa8MUMbwxV6/eezEadke+tpAJR0UQri7ub49apjl/7F3n+FRVH0fx8+W9J6QQhoBQmgiEHqRjpEqHQQV24Ndb3tXVKy35VbsIihFVFBEmiJWeu8lIZDeSSVls0l2nxcHxjVl2YSETXa/n4sXZ2bOzP5nkyuTzY9zjlothDh24pTpFJe1+mvbzoLCIpnlPHTvPCUdlJnQHRfzxR/Xbar19EH9+zx077xOUZFydcDQkNZ3zJ0tDxkMhqSU1FrPalw3zZo25toRXp4eQojAAP+5N0xXDjlotQ/cdbucalWtVo+NGdm+7YWl9WLjzyjd5KyYarX6apOlEzMysxZ+8oUMnAb2673g+Sdfnf/U3XfMlUdNp8oMCgqQ4Z/cTMvIPHEqTravGzV88oQxysSwAf6tnnr0gVqnft26Y3duXr5s33/X7dcM7CejSrVa3b5tm+eeeEhJLr/9fq1y1q49+5W48babbxg9Yqgy0C0wwH/erTe+89r8UcOH1PXW6fX69z5aJK/goNU+fP+dPhenfhVCfLP6R6Xsu++Yq6SDMvUcOXSwbK/d8EutF1er1c889uC0SeMH9Os9atg1N0yf7OHuVrNbvW6hYe+Sqcv/bgEAAAAAAGgAAkIAAFC7youzGiYmp5jvuW3XhZkSw0KDu5lkWpKbq+ug/n1kWy7vZ8Zf23bKxshh13ibhENSVGS7Vn6+chCV6cqIkouz84wpE2UYqWgTFurmemGNPSUzazouzs69o7ub7ols31Yp6epuXaot+Nc7uodsnDuXp+yUdUZFtlNONBqNS79eJdtzZk6ZOfV6GW6djD0td3buFKWcLtPcwovvz59/75ANB6125LDB1Qp2cnQMDw2peSO//7VNNiLahEW2i6h21M3NdfSICyFZ7OkzJSUXJind8udW2QgKDOhe2/g8jUZTc6dUVVX1wcVVEtVq9X/unWeaXJaV6WJPX0jFZk69vtpXWQgRM3q4bKSkptV6/ckTxshvHvPqdQsNe5cUjfLdAgAAAAAA0ABMMQoAAGoX0Sb8bGKyEOLEqbh3P/xsXMyoqMh2tfZMS8+QDR9v79NnEmp2KC0ru9AzI7NP3a9oNBqVwVvOTo61XkqRnpllOobMDB8fLzllZX5+gSX9G52bq4tcQLF1UGC1Q74+3rKhTBwq59KU4+SUPQcOHU3PzBJCdO3c0XSApjI0sF1EuLLTaDDIOFBuZmRlyUbP7t0cTSYsNcP0CzF00IBa+wzq33f9z1tkOzM7Rw5uy7v4Dg8fMsiSF1IUFBat+Pb7pOQLQzzvv+u20JB/LRCo3IWMEs18b5wvLqmqqqqWRAYG+A8Z1N+SSiy/hQa/S+bV97sFAAAAAACgAQgIAQBA7YYOHrB1+y65GF5iUsqHny1xcnSM7nn14P59TGccFUJkZeXIxpFjJ44cO2Hmmjnncs0cVWZrFEKs2/Sr+fLO5Vo6iEp7MSozGI0WntK4lAKcauRzDjVW49Pr9XJNO3eTCTBPxcXLxrRJ4007n44/K5ddNM3D5DsTEHAhX1RGmwX4+1lYsOmqhK1a1T7qztXVRa1Wy1Izs7Lbt21TWHReWY0vMKCWaUvNeOGV/yrtO2+7qV1E9SAtPeOfgPCjz7+8ZP3VBgu2rrEqYa3qdQsNe5cuWUO9vlsAAAAAAAAahoAQAADUztvL8z/3zlu8bKWS25Xr9Tt379u5e1+b8NCbb5iuZDDler1sqNVqTY25H021bRNm5mhhYZHSVgbA1UqtVlsY+bQ4Sj5UUVGp7JSrJzo5OipjyIQQyalp8p3v0P6fkZ1VVVVyHF7rwEC58qIy2szH21tYxnQuVm+v6hO9Ktzd3eREr7L/OZP016fusy7p9JmELiYzpkoFFn9vODs7eXi4N+yl63ULDXuXAAAAAAAAmgMCQgAAUKfQkNbPPfHQiVNx23ftPRl7WhlclZSc+tZ7Hz/7xH/c3dzkKoNyDs85M6f07tn9Uletk5/JqK8Xnn7Ew72BMU+Lplar5Ziz8+f/WWQxLy9fCOHi4mzac9uOC0s/Brf+Zy7KA4eOykGfV3XtJK+mHKqoqLCwBvlllXQ6nWcdeVu5rvxif1e55J5yqLSsrOYSkmbMu/XG3/7ceiYhSS7sF9EmrNr6f/4Xh+h5enq8/Ozjll+5Xup1Cw17lwAAAAAAAJoDc//HHwAAQKVSde3ccd6tN771yvNzZ89QRg2W6XTbdl4IqIIC/WUjMzP7cl7L28tTCbSUaUutxkrzkSqTi6ZeXNlRpmJyFF1xSYncczYxefe+A7KtvTi/aEFB4fdrN8j1C5WAzePiVKX5hYXCMgEms2uaTqRpymAwKCNHgwIDhBD+rf6ZwjTH4glgpa6dO979f7co311fLv+22ni7oIsDRotMZgFtdPW6hYa9SwAAAAAAAM0BASEAALCIRqOJ7tHt6UcfCA8LkXsSEpNlQ0k+jhw/eZmv4nNxzNblX6phXJwvjNIrLDp/qb5NJbJdhBAiNS2jvPzC4LO2bcJl4413P/ztz60/rv954SdfKP3Xbfo19vSZP7fuePN/H8kJRWdMmagc9bk4K2lKarqFBTg6OCjvw8nY07X2OX0mQWm3DgqU3yFKGHniZGx97ljIiUPvu/M2OX2owWBY+OliJVqrlq4pKzI2unrdQsPeJQAAAAAAgOaAgBAAANSDRqO5+uLQNEdHR9no2rmjbGRl5xw8fPRyrq9c6q9tOwvqGJXVpAL8LwwLO5uYVPNoXPyZK1BD925dZWPX3gtjBMdcO0I2iorO/7Rx8x9/bzcYDP37RN8xd7YQ4lxu3keff7lm3aaS0lK1Wn3nbTd1aN9WuVpw6yDZOHEqrqhG6pmdc+54bUlYVIf2svHXtp2mQZ1iwy9bZMPF2VlZGbF92wil8qLzxfW9cR9vrztvv1m508VLVyqHnBwdlS/Ndz/8ZGyk8Z2VlZV5+QWmV6vXLTTsXQIAAAAAALA6AkIAAFC7s4lJK1etSUxOMd1pNBoPHDwi2xHhobLRtXPH9m3byPaKb384fOyE6SkGg2Hn7n1Pz3/tvY8+r6qqMv+i468bJceQCSH+99HnmVn/mrNUpyv/cf3Pjz794rqNmy/7/mqnxGnncvP27D+o7Dcajet/3rJs5eomel1TXTp2cHJ0FEL8uP7nvPwCIUQrP98nHr4vok2Yg1broNVGtouYMWXiDdMnd+vaOWbkMDns0sfbq3/fXk8+fF+XTlGmVxs5dLDS/vyrFaVlZcpmcmram+9+KAcdVjN14lg53avBYHj/40XK1KbyrVj94/qk5FS5OX3KBGVi2EkTxijdFn7yRWFhkek1d+3Z//izL6/+cb2Ze+/Qvu2k8dfJ9qm4+J+3/KEcmjNzimzkFxR+uniZ6Y3Ir9dnS5Y/+vSLx06cMnN9U2fOJj727Msvvvb2My++rpRar1to2LsEAAAAAABgdVprFwAAAJqjcr3+k0VLy/X6XXsPdOkU1btnd28vz/zCwl9//1uGdmq1unfP7kr/2TOmvPzGu0KIisrKxUtXhoUGR4SHubm65uTmHjt+Sg6uOpuYvO/g4X69o828rpOT07TJE1auWiNzoNfeXtixQ/vQkGCVEBlZ2cpYty1/bh00oG9TDMnq06vH2vU/y4JXfPvD/oNHwsNCMjKz406fqXWIWFNwdHScO2fGZ0uWGwyGxctWPnL/XSqVKjgo8KF759XsPDZm5NiYkWauFuDfqnPHDnIOzOSUtPmvvNUxKlKlUiUkJdccUKjw8vKMGTVs0+bf5WSn8195q1PHDgGt/EpKS2NPn1GW3AsNad2rx9XKWT7eXiOHDv7tr21ybOLLb7zbtXPH0NDgkpLSo8dPnsvNE0Js3bF78IC+ZhbkGz5kUGJSyqGjx4UQmzb/3iYstHPHDkKIiPCwnt2vOnj4mJzSU95IcFBgmU6XkJScnJImT//6uzWvzn/Kkvd54+bf5HKGJaWlf23bOXFcTH1voWHvEgAAAAAAgNUREAIAgFpUVVa1bh2YmJQip6Y8cSquWoe5c2Z4eXkqm638fB+85/8WL/36fHGJXO6u5op3A/v17tur5yVfun+faIPBsGrNOhnexJ4+E3u6+sSec2ZOaaIJGx0dHGZMmbjsmwsjBU/FxZuueDdl4tjf/9pW8O9RZU2ha+eO0T26HTh0NCU1fcsff48eMfRyrnbD9Mnvf7xIhlvlev0RkyGe3bp2vvqqziu+/aHmWTEjh2k1mnWbfpW579Eaq0J269p59ozJ1XaOu25URWXl39t3ybMOHT0uoz7JQau97eYbzKSD0k03TEtNz5AFf7Zk+XNPPCS/3HNmTnV1cdm+a69yI0f+PVzVxdn53nm3WPi2mM4sWmUwNOwWGvYuAQAAAAAAWBcBIQAAqIWrq8tD9847dOTYpl//yM45ZzCJT6Ii202fPEFZEE7RLiL8+aceWbdx89HjJ/NNlg900Go7d4q6btSwkODWtb6WspahYmC/3p07dli1Zl1iUkpJaamy38PdrWf3bqNHDPX0cK95HQdHh4bdrIPDv07sHd3d19dn6dffKXfhoNW2jQgfc+2IdhFtiorOb/lza52XMluDMnuqJWZNvf7kqdNlOt36n7ecioufPWOKn6+P+VMMBsPxk7FarVYOuVN4eXo8+cj9q35Yd+jIMTkOUq1Wh4UG9+7Zfcig/vkFhS7OzjUnGlWpVKOGD7mqS6c16zalpKYrXwgHrTYw0H/UsGt6du9WswaNRjP1+nFdO3f8acMvGVnZyneOt5dn24g2U68f5+HuVu2UmnNvarXa+++6/d0PPi0oLDIYDIu+XPH4Q/fKl54xZWJ0j6t/2vhLenpmRWWlckpggP+Avr0GD+xX65tc69dl+JBBZxKS5GUH9uvdsFto2Ltkpqp/jtbnuwUAAAAAAKBeVKb/dRoAALREh47/M7yvR9cos30bwmg05uUX5OcX+Pn5ent5qlSqS55SVVWVlZ1jMBg83N1NBxo2QHl5eWZ2joODg5enh5ur6+Vcqr70en16RpaLi3NggP+VfF1FYlLKZ0uWK5nT6BFDhw8ZWOubcL64ZOuOXX9v2yVzvjdeetbZ2anWaxYWnT9//nxw66D6LoknvxDenp6Wf0GNRmPOudyKysqgAH+NRlOvl7NE0fnivLx8V1cXLy9PpxoxsyXOFxefy80Lbh1U1+n1vYUGvEuA5Zr6p/3laM61AQAaCz/tAQCwJQSEAAC0eHxQt2H6iooNP2/5c+sOZY8cmhbSurWrq0tefkFuXl5ubr7p+L8O7dvecuNMd7fqA/UAtHTN+ad9c64NANBY+GkPAIAtYeYiAACA5svRwWHyhDED+/Ve9s1quaxjRWVlalpGalpGzc49u1913ajhl1zhDwAAAAAAAHaOgBAAAKC5Cwzwf/SBu/PyC06cios/m1BUdP58cYmTk6Ori0uAfyv/Vn7+rfzCQoM93GtZmhEAAAAAAACohoAQAACgZfD18R48oO/gAX2tXQgAAAAAAABaNrW1CwAAAAAAAAAAAABw5RAQAgAAAAAAAAAAAHaEgBAAAAAAAAAAAACwIwSEAAAAAAAAAAAAgB0hIAQAAAAAAAAAAADsCAEhAAAAAAAAAAAAYEcICAEAAAAAAAAAAAA7QkAIAIANUCkto1XrAAA0kX//eFfV2c9qeBIBgI1r9k8iAABQPwSEAAC0eFrNPw/0yspKq9YCAGgSpj/eTX/sNxM8iQDA5jXzJxEAAKgvHucAALR4jg4OSlun01u1FgBAkzD98W76Y7+Z4EkEADavmT+JAABAfREQAgDQ4rm4OCnt4pJSq9YCAGgSpj/eTX/sNxM8iQDA5jXzJxEAAKgvAkIAAFo8d1cXpV1QVGzVWgAATcL0x7vpj/1mgicRANi8ZqhWHfkAACAASURBVP4kAgAA9UVACABAi+fp6S6ESrbL9fr8wvPWrggA0JjyC8+X65WJ3VSenu7WracmnkQAYNua/5MIAADUFwEhAAAtnkat9vPxVDYzs3ONVq0HANCIjEJkZucqm34+nhp1s/scx5MIAGxYi3gSAQCA+uJxDgCALfD39Vba5Xp9anqWVcsBADSa1PQsk0Eb//qB36zwJAIAW9VSnkQAAKBeCAgBALAFzs5OAX4+ymZufmFG1jmrVgQAaAQZWedy8wuVzQA/H2dnJ6tWVCeeRABgk1rQkwgAANQLASEAADYiOMjf1dlZ2cw6l5eSnsUMbwDQQhmFSEnPyjqXp+xxdXYODvK3alGXwJMIAGxJS3wSAQAAy6mMRj6vAQBgI3S68vjE1MqqKmWPk6NjUICfj5eHVesCANRPfuH5zOxc0/nctBpNZERo8x+0wZMIAGxDy30SAQAACxEQAgBgU0pKyxKS003/Miv/OOvt6e7u5urs7KjValXWKw8AUCujEJWVlTqdvriktKCo2PQPsvJvsm3Dg91cXaxXYD3wJAKAlsiWnkQAAMASBIQAANgana48OS2rVKezdiEAgEbg6uwcHhLYskZs8CQCAFvSEp9EAADgkggIAQCwTemZOdm5+dauAgBwWQL8fFruak88iQDABrToJxEAADCDgBAAAJul05Xn5BXk5hcJweMeAFoWlZ+Pp7+vd0sfrsGTCABaLBt5EgEAgLoQEAIAYOOqDIaiouLi0rKysnJ9RUVllYG/0gJA86PSatSODg4uLk7uri6enu4atdraJTUankQA0BLY8pMIAADUREAIAAAAAAAAAAAA2BH+KxAAAAAAAAAAAABgRwgIAQAAAAAAAAAAADtCQAgAAAAAAAAAAADYEQJCAAAAAAAAAAAAwI4QEAIAAAAAAAAAAAB2hIAQAAAAAAAAAAAAsCMEhAAAAAAAAAAAAIAdISAEAAAAAAAAAAAA7AgBIQAAAAAAAAAAAGBHCAgBAAAAAAAAAAAAO0JACAAAAAAAAAAAANgRrbULAAAAjcxgMKSlpcWfOXv6dLwQIjKyfWT79iEhwRqNxtqlAQAAAAAAALA+AkIAAGzKiRMnn3zmuePHT1Tb7+bm9vSTj82YPk2tZv4AAAAAAAAAwK7xJ0IAAGzH8hUrJ0yaWjMdFEKUlJQ889z8WbNvTkpKNt1fUFg4bcYNMWMnxMefuYKVNtwjjz0RM3bCj2vXWbsQAAAAAAAAoKViBCEAADbiVGzsCy++rGyOG3tdl86dtQ7ahLOJ6zZsLCkpEULsP3AgNS2tTZtwpVtsbNzBQ4eFEFnZ2ZGR7a1Uu6X0er2MBhMSE61dCwAAAAAAANBSERACAGAjXlrwmmz4+fku+2pxx6go5dAzTz/x+RdL3l/4Yb9+fQcNHGB6Vnp6+hWvtOEyM7OsXQIAAAAAAADQ4hEQAgBgC/R6/e7de2R7wUvzTdNBIYSrq+uD999769ybXVycq52YkpJ6Bcu8XGktKs4EAAAAAAAAmicCQgAAbMGZswlKu3ev6Fr7eHp61NyZnJLSlHU1srQ0AkIAAAAAAADgchEQAgBgCzRqtdJOTEzy9fW95CmFhUUZmRlHjx2Xm7Gxcc7OTrKtVmt69ugu258vWpyblxcSEnzTnNlCiCNHjy1fsfJUbKwQolvXrvfcfWdISLByTYPBsGfP3uMnTx47diIjIyMgwL9L584DBvTvfnW3usooLS3dsXP3yZMnjx47XlxS0iY8rHPnTiOHDze9rBCirEyXkZmxZ+8+uZmWlrb/wAHlaJfOXWoOjgQAAAAAAABQK5XRaLR2DQAA4HJVVFR06noh0uvXr+8nHy6sdbygYsmXSxe8+npdR93c3I4c3CvbMWMnxMefEUIcPbx/06afH3/yGdOeXy7+/JrBg2Q7Kzv7yaee/XvrtpoXnHvzjY8+/B9XV9dq+w8fOfrgQ4+m1DaKccFL82fOmKZWq4UQx44dv37KdDO38/OGnzp0iDTTAQAAAAAAAIBCbUEfAADQ3Dk4OChj/nbv3jNl2sy1P63X6/V19XdycqrvS2zfvqNaOiiEiGzfXjaOHTs+Omackg526tjx2tGjIiMvHP1q6fJ5d91b7b8lrVr9w5RpM5V0sFd09MgRw4OCAuXms8/P//iTz2Tb0dGxvtUCAAAAAAAAqAsjCAEAsBEnTpycMGmq6R43N7epkyeNGRPTu1e0Wv2v/xVUWVmZnJJiNBonT51ZUlIihHj91QXR0T3kUY1aExHRRraVEYRSWFjYLTffGBAQkJmZWa4vv2ve/6lUqqqqqsnTZh4/fkII0bVrlzdff6VTx46y/8FDh+974D+ZmVlCiHfeevP6iePl/qysrIHXDJftiRPGP/fMk8q0qKu/X/PEUxeSyN9//blNm3AhREpKir6i4o033/7t9z+EELNvmHnL3Jv+qSo0lBARAAAAAAAAsBBrEAIAYCO6dOm88L13n3z6WRn4CSFKSkqWLl+xdPmKsLCw22+be8PMGVrthUe/Vqtt17atEMLZ2Un2Dw5u3b5dO/Mv0bNH96+Xf1Uzivv+hx9lOujm5rbos48D/P1NT1n4v3emz5ojhHjltdeVgPDNt96RjT69e7315msajUY5ZdrUybm5ubLDhx9/+ubrr8hgUgihzJvq6+t7yWoBAAAAAAAA1IopRgEAsB1jx8T8+suGG+fcUG1/SkrK/BcXXD95+tmEhMu5/huvv1LrQL2V33wrGw/cf49pOihFR/fsFR0thMjNzcvLy5PJ5Y9r18mjTz35uGk6KN18042ycfjIkcspGAAAAAAAAEBNjCAEAMCmBAYEvPjCc08+/tiff/29+dctP61brxw6FRs77857165Z5ebm1oArP/Tg/bUO2jMYDEeOHpNtN1e3g4cOm7lIQmKir69vQkKisqeqstLMKfHxZyorK5WBjwAAAAAAAAAuH39uAwDABrm4OI+57tox11370vzn1qz96a23/yfnEU1ITFy85Kv777unAddsV8eUnhkZmUr72efnm79Iamp6r+joM2f/GcgoZx81IysrOyQkuJ7FAgAAAAAAAKgTASEAALbMw8Pj5hvnDOjXb+qMG2RGeODgocZ9idy8PKXt5+drpqeDg0PbthFCiJxzORae4uPj4+trrgMAAAAAAACA+iIgBADA9nXoEDn7hpmfL1oshNh/4GDjXrx1UJDS3rxpvbe39yVPCQ0JkY1OHTtuWLemcesBAAAAAAAAYJ7a2gUAAIAroUNke9nw8HBv3Cv7+7dSFjVMTEq25JSIiDaycSo2tqqqqnHrAQAAAAAAAGAeASEAAHZBWfbv6m7dGv3iUR0iZWPbtu2W9G8T3kZp79t/oNHrAQAAAAAAAGAGASEAALZgw8ZN7aO6LHj19bIyXc2jaWnpn362SLa7dO5U6xV0ulpOtNDQIdfIxrvvLczOyblUd+Hi4tyndy/Zfv2N/xoMhvq+oq622wQAAAAAAABgCQJCAABavILCwqeeeV4IseTLpWPGX79+w0bTeTu379g599Y7ZNvNzW3WzBmm53p6eMrGtm07ZCM7J6ekpKReBdx++61+fr6yfedd9yb9e6LR0tLSjz75rO+AwXIRROmF55+VjSNHjz3x1LPFxcWmp2RkZD71zHN9BwzeuWu36X4Pdw/Z+O33P5SLZ2Vn16taAAAAAAAAwM6pjEajtWsAAACXJT8//+57H9i7b7/pzk4dO3p4uJ9NSMjNzVN2vvXm65MnTTTtduc9923Z8rtsT5ww3tPTY/mKlb2io7/5eqlarRZCxIydEB9/Rgix8L13x46JqauGTT9vvu+B/yibk66f0DEqSqVSnTl7dtXqH5T9O7b9GRgQINsvvvTK0uUrZDsoKHDE8GHt27UrLi4+cvSYkv+1jYjYsnmjcvrSZStefPkV2e7Xr2+P7lev/v4Hna78jy2/KAklAAAAAAAAAPMICAEAsAVVVVWLv1z6+hv/NdNn/gvP3jj7BpVKZbpz+46dN99ye83O365c3rtXtOUBoRBi/YaNTz/7gpnRhx9/+P61o0cpm3q9/sOPP/3gw4/r6h8WFrbos48j27dT9uTm5g0fFVPzJR55+D/33DXPTG0AAAAAAAAAFJr58+dbuwYAAHC51Gp1r+ieMdeOqqysTExKrqioUA6FhYWNHjXys48/HDxoYLV0UAgRHhYWFBS4a/ce5ZTIyPbvvPXmgP795ObyFSvz8vKFEJMnTWzXtq2ZGqKiOkyZMun8+fOlpWUFBQXK/sjI9jffOOeD99+9qmtX0/4ajWZA/37Dhg7JzcsrLCwsKytTDvXr1/e+e+565eX5/v6tTE9xdXXp27f3rt17i4qK5B4/P98nHn/k1rk3yfGOAAAAAAAAAC6JEYQAANiaqqqqc7m5uedyhRARbSNcXVwueUplZWVqapperw8Obu3u7n75NZSWlSUnJzs6Orbya+Xp6WHJKfn5+RkZmR6eHq38Wrm4OJvpaTAYsrNzCgoL/Hz9qiWIAAAAAAAAAC6JgBAAAAAAAAAAAACwI0zGBQAAAAAAAAAAANgRAkIAAAAAAAAAAADAjhAQAgAAAAAAAAAAAHaEgBAAAAAAAAAAAACwIwSEAAAAAAAAAAAAgB0hIAQAAAAAAAAAAADsCAEhAAAAAAAAAAAAYEcICAEAAAAAAAAAAAA7QkAIAAAAAAAAAAAA2BECQgAAAAAAAAAAAMCOEBACAAAAAAAAAAAAdoSAEAAAAAAAAAAAALAjBIQAAAAAAAAAAACAHSEgBAAAAAAAAAAAAOwIASEAAAAAAAAAAABgRwgIAQAAAAAAAAAAADtCQAgAAAAAAAAAAADYEQJCAAAAAAAAAAAAwI4QEAIAAAAAAAAAAAB2hIAQAAAAAAAAAAAAsCMEhAAAAAAAAAAAAIAdISAEAAAAAAAAAAAA7AgBIQAAAAAAAAAAAGBHCAgBAAAAAAAAAAAAO0JACAAAAAAAAAAAANgRAkIAAAAAAAAAAADAjmitXQAAAGhaVQZDUVFxcWlZWVm5vqKissoghNHaRQEAAABoVlRajdrRwcHFxcnd1cXT012jZlwBAAC2TGU08idCAABsk05XnpNXkJtfRCIIAAAAoD5Ufj6e/r7ezs5O1q4EAAA0CQJCAABsU3pmTnZuvrWrAAAAANCCBfj5BAf5W7sKAADQ+AgIAQCwNTpdeXJaVqlOZ+1CAAAAALR4rs7O4SGBDCUEAMDGEBACAGBTSkrLEpLTK6uqTHc6OTp6e7q7u7k6OztqtVqV9coDAAAA0AwZhaisrNTp9MUlpQVFxeV6velRrUbTNjzYzdXFegUCAIBGRkAIAIDt0OnK4xNTTdNBJ0fHoAA/Hy8Pq9YFAAAAoCXJLzyfmZ1rGhNqNZrIiFDGEQIAYDMICAEAsB1xZ5JNZxb18/EKDQ5kvCAAAACA+jIKkZqelZtfqOxxdXaOah9u1aIAAECjUVu7AAAA0DjSM3NM08HAVr5hpIMAAAAAGkQlRFhwYGArX2VPqU6Xnplj1aIAAECjISAEAMAW6HTl2bn5yqafj1frwFZWrQgAAABAi9c6sJWfj5eymZ2br9OVW7UiAADQOAgIAQCwBTl5BUrbydExNDjQquUAAAAAsBGhwYFOjo7KpulHDwAA0HIREAIA0OJVGQy5+UXKZlCAHzOLAgAAAGgUKiGCAvyUzdz8oiqDwaoVAQCARkBACABAi1dUVCyEUbadHB19vDysXREAAAAA2+Hj5WEyiNBYVFRs3XoAAMDlIyAEAKDFKy4tU9renu5WrQUAAACADTL9oGH6AQQAALRQBIQAALR4ZWXlStvdzdWqtQAAAACwQaYfNEw/gAAAgBaKgBAAgBZPX1GhtJ2dHc32BQAAAIB6M/2gYfoBBAAAtFAEhAAAtHiVVQalrdVqrVoLAAAAABtk+kHD9AMIAABooQgIAQCwAUalpbJqHQAAAABs0r8/aBjr7AcAAFoIAkIAAAAAAAAAAADAjhAQAgAAAAAAAAAAAHaEgBAAAAAAAAAAAACwIwSEAAAAAAAAAAAAgB0hIAQAAAAAAAAAAADsCAEhAAAAAAAAAAAAYEcICAEAAAAAAAAAAAA7QkAIAAAAAAAAAAAA2BECQgAAAAAAAAAAAMCOEBACAAAAAAAAAAAAdoSAEAAAAAAAAAAAALAjWmsXAAAAWpi8/IIzZxOFEIGB/uGhIZfsn56RmZGZnZGVXVFR0TowoHXrwLCQYLX6Ev9LyWAwJKemZWZmZ2bnaNTq1kGBrVsHhrQOqm+1ZxKSSktLhRChIcE+3l6X7J+UklpUdF4IEdw6yM/Xp16vZTAYTsXFV1VVCSHCw0K9PD3qW60iKztn/c9bKioqhl0zsFNUZIOvY4mCwqK09IzU9Izi4pLgoMCQkNZBgQGODg5N+qIAAAAAAACwIgJCAABQD4nJKR98sriislIIMah/H/MBYWJyynff/5SWkVltv6enxw3TJnXpFFXXiYeOHl+9Zt354pJq+0NDWs+cer0lqaR0Ki7+40VfyfaMKRMH9e9zyVMWfvyFvDsHrfbl555wcXG28LWEEN+v3bBt5x7Znjt7RnSPbpafa8poNL730aKS0lIhxMnY0/OfftSSaLMBCgqLln+z+vSZhJqHevfsPm3S+HrdPgAAAAAAAFoKphgFAACWOnT0+LsffCbzs0vavmvvux98VjMdFEIUFZ3/dPGyn7f8UeuJK1etWbLsm5rpoBAiNS3j7fc/ORUXb0kBRUXnF325wpKetaqorFz/86+W9z+Xm6ekg5epuKREpoNSRmZWo1y2mrj4sy++9nat6aAQYt/Bw8+9/MbR4yer7f/o8y+ffen1rTt2N0VJAAAAAAAAuDIYQQgAACyy5c+t6zZutrBzQlLydz/8pGz26dWjfUQboxBx8WcPHj4qd27a/HunDpERbcJMT9y+a++uvQdkW61WDxnUPyQ4SKcrP3z0ePzZRLl/0Zcrnn/qEU8PdzMFGI3GT5csszDLrMu2nXuGDxnUys/Xks7fr91wOa9lyt3NzcXZuUynk5tBgQGNdWWFTle+eOlKg8EgNwP8W0VFtvNwd885l3v8ZKx86YrKylNx8d26dlbOqqisjD19pukySwAAAAAAAFwZBIQAAOASjEbjN6t/VHI7SyxbuVo2nBwdH3/oXiVjG9iv9/AhA99Z+Knc/GHdxofvu1M5S6/XK7FiYID/Q/fOU6a4HDKo/669B1auWiNjqv0HDw8fMshMAT9t3JyallHPG63FqjXr7r5j7iW7JSalnDgVd/kvJ6lUqofum7f+5y16vX74kEG+Pt6NdWXFxs2/KQHkrGmTBvTtpRwyGAw7du+Teed1o4ebnpWXl9/olQAAAAAAAODKIyAEAADm6PX6TxcvU0bv+fn6ODk6ppsdQJaXX5B7MUm6646bq43AaxMWOmrYNVv+3CqESE//1wSkphnb/XfdXm0BvP59onfu2ZeYlCKEOJuYbCYgPHEq7ve/tsl2ZLsIpfgGOBUXfyYhqX3bNua7ffv92ga/RK0CA/xvv/mGxr2mKTkQUAjRq+fVpumgHLg5eEDfvr16VFZVubq4mB7KOZfbdCUBAAAAAADgimENQgAAYM5b73+iBGwd2rd98uH7PD09zJ9y6Mgx2Wjl59suopZorVPHDrJRUVmZX1Co7N9/6MLso3169fBwd6t5Yof27WQjKzunrlcvLCxavHSlbI8fM7pNeFhdPc1Tqy/8mvTN6h+NRqOZnoePnTCfmDY3RqMxMytbtjtFRdbax9HRsVo6KNdZbPrqAAAAAAAA0OQYQQgAAMyJimwn07hB/ftMnzxBpVJd8pSOHdqPuXZEUdH5QQP61trByclRaVdVVSntQf37BLTyq6isHD1iSO2XvhjUedURUhoMhk8XX1h6sF1E+Khh16zb9OslC67V9eNi1qzbJITIzjm398Chvr161vWKqy5Oi9qlU1RefoGSvdVUUFB4MvZ0UmpaSmpaYWFRUGBAeGjI0MEDvLw8q/U8cSru4OFjQoiw0OAhg/or+/fuPxQXf9bXxztm1DC1Wl1QWHQq9nRs/JmExGQvL8+I8LC+vXqEBLc2f2sqlUqtVssFCDMy66zWVLlen5ubp4w7zM3LPxUXrxxtGxHu5OhY99kAAAAAAABoXggIAQCAOZMnjPHy8vTz8Ynu0c3CU0KCW5vPqEwjND9fH6XdKSqyrgFtctzb8ZOxsh0aElxrn7UbfknLyJRrH94+d7YlcWZdIttFdOkUJWc9/WHtxp7duzloa/nFaeuO3eeLS2R76vXjPv9yRV3F/7Vt59oNv8hYTjpfnHD6TMIfW3fMnT29x9VXmfY/GXt6z/6DQoi8/HzTgPBk3On9B48IIUJDWpeWlX393RrlUH5BYWJSyp9bd0yeMGbYNQPN311QgL8c9bh1+65ePa4ODTH39TqbmPTeR4tM95yKizcNCB978O66viIAAAAAAABohphiFAAAmKPRaEYPH2J5OmiJbTv3yEaAfysLMzyDwbB2wy/KTJ7DawvAjp+M/XPrDtm+45Y57m61TFJaL1OvHycbZTrdlt//rtmhXK9ft3GzbA/s17vaaouK0rKyt97/eM26TUo66KDVKlOYGgyGJcu/VVZttNCKb39Q0kG1Wq1cTQixZt2ms4nJ5k9vGxEuGxWVlW8v/OSnjZvPFxfX1VlbWzIKAAAAAACAlos/9wAAgCsqISk5KTlVtq8bNdx858ys7IzMrKzsc39v31VSWip33jJnRs11EAsKi5Ys+0a2RwwdHBXZ7vJLbeXne83Aflt37BZCbP79r8ED+3q4u5t22LT5dzmdqVqtHj9mdF3X0Wg0WVkXFk0cds3AkcOu8fRwl4nmoq++lqnh92s3zLv1RstrK9PphBD9+0QPGtA3LCRYCHHw8LFl36y+eLX1jz14j5nTx48ZfeDQUXkRg8Hw259bf/tza/u2bfr2jo7ufpXjv+cLDQ8NefrRByqrqr5Z/WNySpoQ4uqrulw3+p+vXYB/K8srBwAAAAAAgNUREAIAgCtHpyv/fMmFSTh9vL0uOTDx8y9XnMvNUzZb+fnedtOsmvOXGgyGjxd9JbO64KDACXVndfU1LmbUrj37KyorDQbDj+t+vumGacqhwsKiP/7eLtsxo4a5ubrWdREnR8cH7rnj2PFTvaO7m2ZpXTt3HBczUq6SGHdxeT/LzZk5xXRlxOge3c7l5m34ZYsQIjUto6qqSqPR1HWuq4vL3f8399MvlimxqxDiTELSmYSkb79f27tn94njrjVNQwMD/OVZctPD3S2kdVB9CwYAAAAAAEAzwRSjAADgCjEYDJ8tuZBIqdXqu++YW981As/l5n3z/dqCgsJq+9es2yTXNVSr1XfedpPpfJuXycXFedx1o2R738HDyhynQog16zdd6OPsPHLYNeavEx4aMjZmZM2RdsrSgxWVlaVlZZYX1r1bV9N0UOrbq4fSvuScpW3CQuc//ciIoYOd/j1e0GAw7Nl/8PkF/91/6Ijl9QAAAAAAAKAFISAEAABXgtFoXLzsmzMJSXJz7uzpclCaeTOnXj9p/HVDBvVXOienpC1483/ZOeeUPkePn/x7+y7ZvuXGmd7eXo1b+dDBAzzcLyxn+M3qH2UjPSPz4OFjsj1p/HUODV2lz8ek2oLCIstPrDVZ9fLyrNfVHB0drx8X8/pLz9x52029el5tehcGg2Hp16uSUlItLwkAAAAAAAAtBVOMAgCAJmc0Gpd9s/ro8ZNyc/rkCcrIOfOiItspqwmeiov/dPEyg8FQUVm5as26e+fdKoTILyhcfHHpwf59ortf1aXRi1er1dOnTFy8dKUQIik59cSpuC6dor794Sd51Mfbq1+f6Hpd0Gg0FhWdz80vyMvPzzcdDWk0XmappiMy5WKEllCr1V06RXXpFFU1o2r/oSM/rvtZmXd0+TffP/PYg5dZFQAAAAAAAJobAkIAANC0jEbj8m++33/wwnyVE8deO3hA3wZcp1NU5LRJ47/74SchRFz82ZKSUjc312UrVylJWEFh0WdLllc7Ky09QzZ+/f2v4ydjhRDeXp4zpkys10t3v6pLSOugtIxMIcS336+dM3NqYlKKPDRjykQLJ0rV6/W79x3cd/Cwcm41lxsPXjaNRtO3V8+unTu+s/BTufRjds4582sZAgAAAAAAoCUiIAQAAE1IpoP7Dh6Wm2NjRl5yuT4zort3++7i0L2snJx2bm0cHByUo6fi4s2cm19QKIfrubm61jcgFELMmj7p7fc/kTHkh58tkTvDw0K6dIqy5PTk1LT3P1pUUVlputPF2dnNzVVGcc2Hm6vr2JiRS79eJTczMrNDQ1pbuygAAAAAAAA0JgJCAADQVIxG44pvf1DSwZiRw2JGDqur8/ni4j/+3hEXf6ZPdI+hgwfU2sfJyVFp63TlQohePa+Oiz9r+XSaQgg/P5/63MQF4aEh3bp2VmZJlWZOud6ScxOTUt77eJEs0sPd7ZqB/btd1Tk4KFAeffDx52TDonGIV0RI6yCl7ejoYLYvAAAAAAAAWh4CQgAA0FRWfPfD3gOHZHvk0MFjY0aa6Xwy9vRvf24VQqSkpl99VRcfb6+afZJT0pR2eFiIEKJvr559e/U0c9mfNm6Wl50xZeKg/n0u427EtOvHmQaEV1/VxcKhdb/89qdMByPahN3zf7c4OTpacJI1ZWRmKW3/Vn5WrQUAAAAAAACNT23tAgAAgG36+rs1e/dfSAeHDh4wcVyM+f7R3bup1Rd+M1m2cpXRWH1JPqPR+O33a2XbxdnZ3c2tCao2x9vba9g1A5XNKRPHWnji6fizsnHtiKHV0sFyvb5Ra7RIekbmQ0++8N/3Pqp1dtOqqqof1/8s2wH+rWpdYVFfUdH0ZQIAAAAAAKCpEBACAIDGt3LVmt37Dsj2oP59xoweUVJSJiC1PAAAIABJREFUWvOfnCZU0mq1Qwb1l+0zCUmff7mipLRUOVpUdH7hJ1+kXxzZ1r9vryt7QxdcPy5m7LUjO3Zo//D9d9Y6xrFWjhdDwbz8AtP9hYVFb733sbJZPRFtMl99vcpgMKSmZbzy3/fWbviltLRMOZSRmfXOB58WFBbJzfFjRpue6OLiLBsnTsbJhk5XLld2BAAAAAAAQAvCFKMAAOASDhw6Gn82QdlMS8+QjVNx8d/98JNsOzs5jR8zWg4BXLNu0669B5T+23ft3b5rb10XH3/dqNEjhsr2hDGjj504JYe1HT8Z++xLb7QODPD19cnOOZeVnaOcEhwUOHHstU1wo5emVqtjRtW5jGJdwkKDT8XFCyF++GmjnBy1Ql9x+NiJbTv31Gv1xMYSFOCfmZUthDAYDL//te33v7a5ODt7eXkWFhaV6XRKt66dO3a/qsu/TwyQjZLS0lffer9tm7D9B49UGQzzn37Uy9Pjit8HAAAAAAAAGoiAEAAAXMLxk7H7Dh6uuT83L980+Rs1Yoiri4vRaPxz6w7LL56QlKK0tVrtvfNufe+jz+UINoPBkJaRmZaRado/NKT1nbfepExG2iJMHBcjA0KDwbD6x/Wmh9pFhKtUqjMJSVeynltvmnXw8LEV335fUVkp95TpdKbRoBCiR7eus6ZNqnbigH69lfUUs7JzlNT2j7+3Txp/3ZUqHwAAAAAAAJeLgBAAAFyCRqOxvHPNtQPrxdfH+4WnHtm6Y/evv/91vrjE9FCAf6vxY0ZXG9PWdBwcHBp0Vi2/XIW0Drp33q0rvv1embpTCOHj7TXm2hH9ekfvP3REBoSa2lJPx3+vWfjPCzk2pDxFz+5XtW/bZsPm3w4fOW4aDTpotYGB/hPHxnTs0L7mWV6eHnfedtOXy79VTnHQakePHDp6+JDLKQYAAAAAAABXmOoy/4oHAACs7tDxOKXdo2uUVWtpTBWVlRmZWTpdeSs/Xx9vL5VKZe2KLldR0fmcc7laB62Pt7enh7u1y7mgqOh8QVGRXl8R4N/KkqqMRmNefkFxSYmXp6e3l+cVqREAAADWZ6ufOwAAsE+MIAQAAM2Ug1YbHhpi7Soak6enh2fzW6uvvlWpVCo/Xx8/X5+mLAoAAAAAAABNqCWt3wMAAAAAAAAAAADgMhEQAgAAAAAAAAAAAHaEgBAAAAAAAAAAAACwIwSEAAAAAAAAAAAAgB0hIAQAAAAAAAAAAADsCAEhAAAAAAAAAAAAYEcICAEAAAAAAAAAAAA7QkAIAAAAAAAAAAAA2BECQgAAAAAAAAAAAMCOEBACAAAAAAAAAAAAdoSAEAAAG6BSWkar1gEAAADAJv37g4aqzn4AAKCFICAEAKDF02r+eaBXVlZatRYAAAAANsj0g4bpBxAAANBC8TgHAKDFc3RwUNo6nd6qtQAAAACwQaYfNEw/gAAAgBaKgBAAgBbPxcVJaReXlFq1FgAAAAA2yPSDhukHEAAA0EIREAIA0OK5u7oo7YKiYqvWAgAAAMAGmX7QMP0AAgAAWigCQgAAWjxPT3chVLJdrtfnF563dkUAAAAAbEd+4flyvTLFqMrT09269QAAgMtHQAgAQIunUav9fDyVzczsXKNV6wEAAABgM4xCZGbnKpt+Pp4aNX9RBACgxeNxDgCALfD39Vba5Xp9anqWVcsBAAAAYCNS07NMhg/+66MHAABouQgIAQCwBc7OTgF+Pspmbn5hRtY5q1YEAAAAoMXLyDqXm1+obAb4+Tg7O1m1IgAA0DgICAEAsBHBQf6uzs7KZta5vJT0LOYaBQAAANAARiFS0rOyzuUpe1ydnYOD/K1aFAAAaDQqo5G/HAIAYCN0uvL4xNTKqiplj5OjY1CAn4+Xh1XrAgAAANCS5Beez8zONZ1ZVKvRREaEMnwQAACbQUAIAIBNKSktS0hON80IZUzo7enu7ubq7Oyo1WpV1isPAAAAQDNkFKKyslKn0xeXlBYUFZtGgzIdbBse7ObqYr0CAQBAIyMgBADA1uh05clpWaU6nbULAQAAANDiuTo7h4cEMnYQAAAbQ0AIAIBtSs/Myc7Nt3YVAAAAAFqwAD8f1h0EAMAmERACAGCzdLrynLyC3PwiIXjcAwAAALCcys/H09/Xm4GDAADYKgJCAABsXJXBUFRUXFxaVlZWrq+oqKwykBcCAAAA+DeVVqN2dHBwcXFyd3Xx9HTXqNXWLgkAADQhAkIAAAAAAAAAAADAjvBfgQAAAAAAAAAAAAA7QkAIAAAAAAAAAAAA2BECQgAAAAAAAAAAAMCOEBACAAAAAAAAAAAAdoSAEAAAAAAAAAAAALAjBIQAAAAAAAAAAACAHSEgBAAAAAAAAAAAAOwIASEAAAAAAAAAAABgRwgIAQAAAAAAAAAAADtCQAgAAAAAAAAAAADYEQJCAAAAAAAAAAAAwI5orV0AAABoQjk55w4dPpyTcy43N9fZxaVjhw4dOkQGBQWqVKqanVNSUj5btFinK581c1qv6Ghr1AsAsAUGgyEtLS3+zNnTp+OFEJGR7SPbtw8JCdZoNNYuDUALU1FRsWfvvnqdotVo+vXrK9v8fgsAAFAXldFotHYNAACg8W3dtv2dd987cvRYzUNubm6DBg546onHwsPDlJ1Go3F0zLiExES5uWPbn4EBAVewXgCAjThx4uSTzzx3/PiJavvd3NyefvKxGdOnqdXMZAPAUqdiY8dNmFyvU9zc3I4c3MvvtwAAAObxwQwAAFtTWFj01DPP3XLb/9WaDgohSkpKNv+6ZfiomKXLVlRVVV08q1D564kQIjExyfSUgsLCaTNuiBk7IT7+TBOXDwBowZavWDlh0tSa6aB8+jzz3PxZs29OSko23d8UjxgeW4A9CwsNlQ3zv98CAADYOaYYBQDApuzatfuBhx7Jzc0z3Xl1t6uuuqqrh4dHdnb231u3KUdffPmV2Ni4Vxa8KITw8vIKCwtLSUmRhyLahJteITY27uChw0KIrOzsyMj2V/CGAAAtxqnY2BdefFnZHDf2ui6dO2sdtAlnE9dt2FhSUiKE2H/gQGpaWhuTp0xTPGJ4bAE2w8fb+9Zbbjbfx2AwfLV0ubJ5260X+pv//RYAAMDOERACAGA7cnLOzbv7PvkXWCGEn5/v668uGDrkGtM1n4xG446du1597c1TsbFCiFmzpsv9KpVq6ZJFn3+xuKysbNbMGYGBgaZXTk9Pv7K3AgBoeV5a8Jps+Pn5LvtqcceoKOXQM08/8fkXS95f+GG/fn0HDRxgelZTPGJ4bAE2IzAw8NmnnzTfZ9XqH5T2dTHXTp1yYUpS87/fAgAA2DkCQgAAbMeCV19X0sHx48a+OP85by+van1UKtWggQPWrlm15sefAgL8u111lXIoPDzs5RdfqPXKKSmpTVk4AKDF0+v1u3fvke0FL803TQeFEK6urg/ef++tc292cXGudmJTPGJ4bAH2IzEx6cmnn5VtPz/fV16eb3rUzO+3AAAAdo6AEAAAG/HX31vXb9go23169/rfO/9VqVR1ddZqtdOnTbH84skXp2YCAKBWZ84mKO3evaJr7ePp6VFzZ1M8YnhsAXaioqLioUceUzbfe/dtb29vq1YEAADQYhAQAgBgCwwGw9PPPq9svjj/OTPpYF327N33+x9/CiE6RkVNnjRR7iwsLMrIzDh67LjcjI2Nc3Z2km21WtOzR/d331tYXl6uUqlGDB/Wp3evWq9cVVW1+Mulubm5KpXq9ltvadXKr0F3CQBovjRqtdJOTEzy9fW95CmXfMSYdi4r0+3avfvkqdiTJ0/GnY4PCw3t2rXLdTHXdu7UscHXlOsmHjp85PjxEwkJic7Ozl26dL66W7eRI4Y14DEK4Mpb+OHHR44ek+07590xoH+/ah1q/f1WCPHrlt/2HzgYFBh4042zNRpNfn7+nr37du/Zu2//AT9f3+iePa65ZnCP7ldf2bsBAAC4olRGo9HaNQAAgMt1KjZ23IQLq63cduvcZ556ogEXWfjBR/97/wMhxLix173/v3eEEEu+XLrg1dfr6u/m5nbk4N4nn35Wrvvi5ua2d9c2Jyenmj03bvrl/gcfkn12bf/L1dW1AeUBAJqzioqKTl0vxG/9+vX95MOFtY4XVFjyiFE2Dxw4+PBjT6bUNi7w8UcfvnPeHQ24Znl5+bvvLfx80eKaPQcPGrjg5flhoaFm6gdgdXv37Z81+ybZ7tq1y+pvv3Z0dKzWp+bvt9KCV19f8uVSIcTSL7/QarX/d+c9ykT9imeeeuK2W+c2/X0AAABYh9qCPgAAoLnbuXO30h4+bGhjXbbWtK+am2+cIxslJSWbf91Sa5/lX6+UjTmzZ5EOAoBNcnBwUMbn7d69Z8q0mWt/Wq/X6+vqb8kjRnrr7f9NnzVHSQfd3Nz8/P4ZnvjmW+/8uuW3+l6zqOj8lGmzlHQwLCxs5IjhvaIvzIy6bfuOcRMmFxQUWHg1AFdeYWHRfx5+VNl89+03a6aDlnj3f+/PvnFuzXRQCPHKa298/sWSyysTAACg+WKKUQAAbEFKaqrSbte2bWNddsb0qf379zUajZOnzpR/N3n91QXR0T3kUY1aI4To0qVzv359d+/eI4RYvOSrCePHVbvI6dPx8qgQYvasGY1VGwCguXlp/vMTJk2V7YTExIcfffy5F16cOnnSmDExvXtFq9X/+v+pljxipOSUZNmYOmXyXXfeIR9zKampDzz4sJxa8JXX3hwxfJhGo7H8mh9+9Mmp2FgZN7715mvXjh4l92dlZz/y6BM7d+0uKSn571vvvrLgxSZ+zwA00PyXFmRmZsn2gpfmt2/XrmHXOXjosBDi7jvnTZgwtkNkpNFo3LV7z933PiB/hiz84KM5s2e5urg0ZukAAADNAyMIAQCwBefOnVPagYEBjXVZrVbbrm3b9u3aKQs4BQe3bt+unfwXEdFG7rztlguTLx05euzwkaPVLrLy2+9kY9SoEWFhYY1VGwCguenSpfPC9951c3NT9pSUlCxdvuKGOTePGD1m2YqvKysrlUMWPmKEEC++8NxTTz62+ruVb77+ivKfYMJCQ9947RXZTklJSUlJtfya8fFnFi2+MCro4w/fV9JBIURgQMBHH7wvb+Gb71YlJSU32bsFoOF+XLvup3XrZXvUqBGzZk6/nKu9suDFRx/5T8eoKLVardFoBg0csHzphR8RJSUl3/+wpjFKBgAAaHYICAEAsAU6XblshIWFqVSqK/zqw4cNUZK/FV9/Y3qopKTkq6XLZfvWm2+6woUBAK6wsWNifv1lw41zbqi2PyXl/9m7z/goyrUPwJNCCAQIIUhHehOwYOGoqNgFGx4r6mvvFRVRjhV7710sx3bsYG/YsQvYQBGEUKQaekIoyb4fxrPuCcUNBDabva6fH+55dmb23nWcwf3zzEy7csg1Bx506KTJkyu6z7y8vJNOOD56/9Kojh07NGnSOKynTK1Akjf8ldfCYtfeu+y4w/blXq1Xr+5JJxwX1r9OmFDRboENbdq0aRdc+OfztvPzG1x/zVXr86ffg/950BGHlc8XN+/ebdtttg7rL7/8ej2aBQCougSEAFAdtG7156yIadOmxc7P2DgyMjJOPOHPSYQvvTzsjz8Koy+9/uZbYdG+fbuePbfbyI0BsPE1btRoyBWX/fT96HvuuuOA/feLfemX8eNPOfXM1T7ra920+u/lb86cufFvFY39mjZtMua771f9Z9HixeEKE3/7rbJaBSpFaWnpBRcOji7eevONDRo0WOsWf6NWrezVju++265hEXsnfwCA6sQzCAGgOmjfvl20njptWiU+hjBO/Q7Y/8oh14T1Cy+9dPqpp4T1E088HRYnHn/cxp/aCECi1KqV3Wefvfrss9dVV1427JVXb7n1jjAXnFxQ8Ohj/z77rDPWec8LFy6aPXv27DlzZs6cNWf2nHAwEonEv4ex48aFxTP/ee6Z/zy3ljWnT/t9nfsENoT77n9w1OjRYX3C8cfu1GvHDfRGjRr9edP+goIpG+gtAAASS0AIANVBu3Z/JYIFBVM2fkBYt27dk044Pnyk02OPP3HyiSdkZmaOHj3ml/HjgyDIycnZf799N3JLAFQFdevWPeboo7bv2fPgw/qHGeHoMd9VdCeRSGTkZ5+//c57r73+xmonIEaCCgSEs2bNDoucnJzo0wpXq1u3rhVtFdhwxnz3/R133RPWnTt1Gnj+gA33Xg0a5IVFUVHR0qUla5poCACQvASEAFAdxCaCL7z48m679t74PRx15BFhQFhYOG/E+x/ss/dezzz757SM/zv6SL+qAKSyDh3aH9n/8IeHPhoEwajRYyq07aJFi88465wvvvwqdjA/v0HzZs1+mzR5HW5Y2qZ168kFBUEQ3HbLTXvsvmtFNwcSYsmSJWed81ciePutN9WsubaAfz0tXLgwWvtzLABQLXkGIQBUB3l5eV27bhbW77434rPPv9j4PWy6acu99twjrB//95OFhfOGDX81XDzyiMM3fj8AVCkd/ns37Lp168S/1cKFi/ofdUyYDubk5Aw456wXn//Prz//+PUXI4e99Pw2W/cIV0sLKnAX6y5dOoVFGBMCSWHI1ddFp/9eecWlHTt22KBvN3PmrLDYvHu3DfpGAACJIiAEgGpiyBWXResrrry6pKRk7esvW7Zs5cqVldvD8ccdExbffDvqxptvDeu+ffZu3rxZ5b4RAEnnt0mTw2Lz7t3j3+qDDz8M71bdsmXLt9949eyzzthqyy0yMjLWp5O2bduGxYcffbw++wE2mjfefOvlYcPDetfeuxx9ZP8N/Y4jP/s8LNq1a7uh3wsAICEEhABQTWy15RaHHXpwWE8uKDj40P7jf/11TSt/OvKzbf/Ra5++B8ybN69C77L23HG7bbfp3OnPaRkvvTwsLP7v6KMq9BYAJKM33nyrXcfNrrnuhqVLV3Ol+P33GQ8+NDSsN+vSebV7WO0lJjon/uCDDmzWrGm5V5cs+Zv7i652nzv8o2dYfPXV1zJCqPpmzJg5+JLLwzonJ+eG665JS6vApOG1Ky5euurgTz+NjQaEu+y8U2W9FwBAlSIgBIDq44LzBuTk5IT1L+PH992v3/0PPvTTT2OjP4+WlpZ+/8OPAwddfNwJJxcVFU0uKLhiyNXx7Lle3XphMXLkn7+VzJk7d7WPfTr5pBNiFzt36rTdttus38cCoKpbsHBh+PP9Y48/0We/A19/483S0tLoq599/sWxx58U1jk5OUccfljstmu/xNStUzcsZsycGbvV8uXLr7nuhlGjR4eLkSAS/z579tyub5+9w/qiwZd8OvKz2G1LS0vfePOtPfbqe+bZA2I/BZAQpaWl5w8cFP3v9+47b2vYML8S9//ysOH3PfBQ7Mhvkyadde75Yd2mdeu+ffapxLcDAKg6MhPdAABQaRo2zH/huafPv+Ci8G5sQRDccusdt9x6R/jrxqoPW+q14w6XX3pJPHtu175tuO0TTz29YOHCevXqPvX0f7bu0ePZZ55IT/+fv2/UZ5+9rrvhxsLCPycmnnD8MZX3+QCooiJlZZt16fzNt6OCIJg2bdq55w0897yBnTt1qlu3zqTJk6MXhfCG2Jts0jB227VfYqJP2H3+hZdatGjRe+ed0jMyvv/++6GPPL6WJwj+7WXr4kEXvvnWO0EQFBbOO+6Ek3ftvUv37t1y69Wb/vvvb739Tvics8kFBe+NeH+fvffakN8c8Deeefa58NwSuvCiwX+7ySEH/3PQwPPjf4tbb7vjo48+2X77npkZGTNmznzjzbejeeRFgy5Yz3saAwBUWQJCAKhWOnXs+PKLz955973RO7mFVv0V9fwB55x26slx/uRxzNFHjRjxQVi/+trrYTFq9OjRY77bZusesWvWrFnzqCP733X3veE0kb59+qzfBwIgCeTl5T395OOPPv7EDTfeHB2M/m2VqCuvuLTfgfuXG1z7JWbfvn0efuTRiRN/C4LgttvvvO32O6Mbtmndum/ffe6974FV+/nby1bz5s1eHfbi+RdeFO75w48+XvVeo2ecdspee+6xjt8IUEneeOOt2MXYv3CwJpMnr/FvD6zJqNGjozOSo+6+8/Y999i9orsCAEgWbjEKANVNzZo1Bw08/4Vnnz7s0IOjdxyNys9vcPRR/V964dkzzzhtTelgdnatciM77rD9dddeFbu39u3bPf7ow+XSwdDM/94F7vjjjqlVK3u9PxAASSAjI+PkE49/47Vhq159WrZsefA/D/r0o/f/76gjV31y2NovMbVqZT829KF9+/7PLf6aNGl88aCBb7w27Kj+h4cbZv7vFS2ey1bXrpu9OuzFAeectXn3brHb5uc3OLL/4e+89foF5w8oN0se2PjSK2kC36p/vg0dfVT/Z595cusef50c8vMb7Nt3n9dfHRa9FzEAQLWUFolE4lgNAEhKpaWl8+cvmDdvXlFxcW5uvQZ5efXq1VvnnztXrlw5ffrvy5cvb9asaZ06dVa7zqxZs3fcedewHvnxB02bNlmP9gFISqWlpX8UFhb+URgEQes2rWvXWv3v8rH+9hJTVFQ0bfr0lStW5ufnN2nSeNWgcR32GdvwlKlTS1eW5uXlVe7jzYCq6Zrrbnjs8SfCgHDIFZeF54GCKVNyauc0adI40d0BAGwMbjEKANVZRkZGw4b5lfVbZ2ZmZuvWrda+zhNPPR0W+/bdRzoIkJoyMjIaN2rUuFGj+Df520tMTk5O506dKtRGPJetUEZGRts2bSq0c6CaycjIaNe2baK7AADYeNwvBQCoNIsWLY4++/DYY45OdDsAAAAAwGoICAGASvPcCy+GRdeum8U+ygUAAAAAqDoEhABA5Vi2bNnDQx8J6xOOOzbR7QAAAAAAq+cZhABA5Vi4aNEpJ58YBEF+gwYH7L9votsBAIDV223X3k2aNA6CYIvNN090LwAAiZEWiUQS3QMAAAAAAACwkbjFKAAAAAAAAKQQASEAAAAAAACkEAEhAAAAAAAApBABIQAAAAAAAKQQASEAAAAAAACkEAEhAAAAAAAApBABIQAAAAAAAKQQASEAAAAAAACkEAEhAAAAAAAApBABIQAAAAAAAKQQASEAAAAAAACkEAEhAAAAAAAApBABIQAAAAAAAKQQASEAAAAAAACkEAEhAAAAAAAApBABIQAAAAAAAKQQASEAAAAAAACkEAEhAAAAAAAApBABIQAAAAAAAKQQASEAAAAAAACkEAEhAAAAAAAApJDMRDcAAGxYpWVlixYtWVK8dOnSZctXrFhZWhYEkUQ3BUA5aZkZ6Vk1atSqVbNO7Vr16tXJSK8+f5vTlQgSx7mF+FXnowUAWFVaJOIPTwBQPZWULJs7b0Hh/EV+KwFINmn5efU2aVA/O7tmojtZL65EUMU4txC/anK0AABrIiAEgOppxqy5cwrnJ7oLANZLo/y8Zk02SXQX68iVCKos5xbil9RHCwCwFgJCAKhuSkqWTf19dnFJSaIbAaAS1M7O3rR54+SawOFKBFWfcwvxS8ajBQD4WwJCAKhWioqXTp46Y2Vpaexgzays+vXq1MmpnZ2dlZmZmZa49gBYrUgQrFy5sqRk+ZKi4gWLlixbvjz21cyMjDabNsupXStxDVaAKxFUHc4txK86HS0AQDwEhABQfZSULJtYMD32d5OaWVlNGuXn5dZNaF8AVMz8hYtnzSmM/XE2MyOjfesWVX/2hisRVGXOLcQveY8WACBOAkIAqD5+/W1q7D2X8vNyWzRr7G9SAySjSBBMnzG7cP7C6Ejt7OyO7TZNaFN/z5UIqjjnFuKXpEcLABCn9EQ3AABUjhmz5sb+btK4YYOWfjcBSFppQdCyWePGDRtER4pLSmbMmpvQpv6GKxFUfc4txC8ZjxYAIH4CQgCoDkpKls0pnB9dzM/Lbdq4YUI7AqASNG3cMD8vN7o4p3B+ScmyhHa0Rq5EkEScW4hfEh0tAECFCAgBoDqYO29BtK6ZldWiWeOEtgNApWnRrHHNrKzoYuwJv0pxJYLk4txC/JLlaAEAKkRACABJr7SsrHD+ouhik0b57rkEUG2kBUGTRvnRxcL5i0rLyhLa0Wq4EkHScW4hfklxtAAAFSUgBICkt2jRkiCIhHXNrKy83LqJ7giAypSXWzdm6kZk0aIlie1nVa5EkIycW4hf1T9aAICKEhACQNJbUrw0WtevVyehvQCwQcSe3mNP+1WEKxEkKecW4lfFjxYAoKIEhACQ9JYuXRat6+TUTmgvAGwQsaf32NN+FeFKBEnKuYX4VfGjBQCoKAEhACS95StWROvs7Ky1rgtAUoo9vcee9qsIVyJIUs4txK+KHy0AQEUJCAEg6a0sLYvWmZmZCe0FgA0i9vQee9qvIlyJIEk5txC/Kn60AAAVJSAEgGogEq3SEtoHABvI/57eI2tcL2FciSApObcQvyp/tAAAFSMgBAAAAAAAgBQiIAQAAAAAAIAUIiAEAAAAAACAFCIgBAAAAAAAgBQiIAQAAAAAAIAUIiAEAAAAAACAFCIgBAAAAAAAgBQiIAQAAAAAAIAUIiAEAAAAAACAFCIgBAAAAAAAgBQiIAQAAAAAAIAUkpnoBgAAAKAC5s7947vvv58794/CwsLsWrU6dejQoUP7Jk0ap6WlrbryIYf1/3XCxCAIbr35hj332D0R/QIAAFQ5AkIAAACSw6cjP7vt9jt/+PGnVV/KycnZcYftB1904aabtowdX7xkSVFRURAEK1as3IidAgAAVGluMQoAAEBVt3DhosGXXHbcCSevNh0MgqCoqOjd90bsusfeTzz5dGlp6UZvEAAAIJmYQQgAAECV9uWXX51z3gWFhfNiBzfv3q1bt65169adM2fOJ5+OjL465Oprx4//9dprhiSoWQAAgCQgIAQAAKDqmjv3j1NOPyu8TWgQBPn5DW647ppddt4pIyMjuk7jSIVIAAAgAElEQVQkEvn8iy+vu/6mX8aPD4LgiCMOTVy/AAAASUBACAAAQNV1zXU3RNPB/fbtO+TKy+rn5pZbJy0tbccdtn9l2AvDhr/aqNEm3bt1S0SnAAAASUNACAAAQBX18Sefvv7Gm2G97TZb33HbzWlpaWtaOTMz89BD/rkRu4OKOf2sAUEQnHTicVtvtWWcm4wa893QRx6v6FYAAPC3BIQAAABURWVlZf+69PLo4pArL1tLOhinX3+d8O2o0aNGj540aXL79u0369L5nwf1y82tt6b1v/7m27Fjx/38y/ipU6fm5eVt1qVzl86dd9hx+9q1aq1pk5KSks8+/+KXX8aP+/mXwsLCFi2ad+nSebMuXf7Rc7s19f/1N99+8snICb9NnDlzVru2bTt17NCjx1bbbbvNaleePXv21998O3bcz+PH/1pWVtaxY4fOnTr26bPPWlqiKhg15rtRY74LgmDUWQPuv+eOeNK+UWO+CzPFIAhO2vAdAgCQUgSEAAAAVEW/Tpgwa9bssD7h+GM7dey4PntbsWLFrbfdcd8DD0VHfvjxp5eHBUMffezeu+/ccovNy60/d+4fl15x5YgRH8QOvvveiCAIWrZsefutN2215RarvsvYsePOPW/g5IKC6Mg3344aNvzVIAh22Xmn66+7unGjRrHrL168eNDFl4S7je4hLPr22fvSSwaXW3/Y8FcGDhocOzLys8+DILj73gduvP6antttW8FvhcQ4PY6MMDYdDILA9EEAACpXeqIbAAAAgNX44ouvovWuvXdZz72dP3BQNB3Mz28QHZ81a/Ypp51RvHRp7Mrjxv28+159YtPBli1bRutp06Ydclj/Z597vtxbDBv+ygEHHRKbDsZu9fEnn+65977f//Bj7CaXXHZFNB1s07r17rvt2rXrZuHim2+988gjj8euPOjiS6LpYE5OTq8dd+i14w45OTlhS0cefexXX39T8S+GjWTrrba8/547oounnzUgnFC4WuXSwdgNAQCgUggIAQAAqIqmTZ8erdu2aVMp+7z2miEjP/7g6y9G/vrzj4MGnh8OFhbOe/qZZ6PrlJWVXX7lVUVFReHirTff+NP3oz96/51ff/5x+MvPRzO/Sy67MjrBMQiCOXPnRtO7Jk0av/Ds07/+/ONH778z7scxd995ezheVFR02RVDSktLw8Vx435+4823w/reu+8Y8e6bDz1w76vDXvz4w/dOOP7Y3Xfb9fTTTo7u//0PPnzp5WFhPfCCAaO+/vzfjw3992NDv/ly5PHHHfNnS5desXz58kr5otgQ4swIV00HTR8EAKDSCQgBAACoiv74449o3bhxo7Wu+/datmz5zpuvHXHYoU2bNgmCICMj49RTTurbZ+/w1ZEjP4uu+cqrr4357vuwfvnF5/oduH+tWtnhJt27dXvl5ReaNGkcvnrzrbdFt7rl1j+DnyZNGr/x2vAePbbKyMgIgqBmzZp9++z96rAXw1fHjh330svDw/qHn34Ki7323GOfvfeK7qpF8+aXDL7ooQfuzcvLC0dKSkquvvaGsD7rzNNPP/WUGjVqhIs1a9a89F8X77xTryAIJhcUvPHmW+v5RbFB/W1GKB0EAGDjEBACAABQFZWULAuLli1bpqWlrefeLrxgQPv27coN9u3TJywm/vZbdPCJJ58Oi7323GOLzbuX2yQ3t94Zp50a1sNfeW3hwkXh1MDo9L7TTj25fm5uua26dt0sGkY+9cx/wmLFihVhMWHCxKVLS9bS/Ndffztt2rTwzqJnnn7qqiuccvKJYTHu51/Wsh+qgrVkhNJBAAA2GgEhAAAAVVHrVq3CYtq0aStXrlzPvaWlreb/f8PZhOGTCCORSBAEkUjkhx//nNh32KEHr3ZXB+y/b7SeOm1qEARTpkz969X99lvtVocc/M+wGDt2XFlZWRAEXbt0CUcmFxQcclj/90a8H40My/lt0qSwaN261dhxP4/57vty/yxYsDBc4ddfJ/zdN0HirTYjlA4CALAxZSa6AQAAAFiN2Al/U6dNq6zHEMaqWbNmtI5EImlpaXPmzImONG/WbLVb1a1bNycnJ3xIYUHBlO7duk0uKAhfysnJyc2tt9qtmjdvHq1nzZrdrFnTLbbYfOeden3y6cggCH4ZP/60M87OycnZt+8+B+6/37bbbhPeoTQ0ceKfExzHjh13yGH91/KJYqdCUpWFGWE0EYyNBqWDAABsBGYQAgAAUBW1a/dXIlhQMGXjvOm06b9H6002abim1Vq2aBEWU6dOC4JgytRp4WJ0SuKqGjbMj9bTf/89fKjhHbfdcvA/D4qOFxUVPf/CS0cdc3zf/fuNHj0mOj47JrbMz2+wln+2/0fPdfrcJEC5eYRR0kEAADYCMwgBAACoimKnDL7w4su77dp7I7xp7OMDi4qL8/LyVrvagoUL/ly/fv0gCBrk1Q8XlyxZsqY9FxcVR+voLMPc3Ho33XDtKSedMPyV14a98sqsWbPD8YkTfzv0iKOGv/x8927dgiBo2fLPPPLE44/71+BB6/0pqSrKzSOUDgIAsNGYQQgAAEBVlJeX17XrZmH97nsjPvv8i43wptEoLgiCObPnrHad0tLSaJLXunWrIAjatG4dLs6aNbu0tHS1W8XOAty05aaxL7Vv327gBQM+++TD4S8/Hzuh8L77HwqLdm3bhoU7iFY/YUa49VZbRotEdwQAQEoQEAIAAFBFDbnismh9xZVXl5SUrH39ZcuWrVy5cn3esWbNmi1btgzrL7/+ZrXrfP/9D9G6datW0ZgwNOa771e71VdffR0WTZo0rlUre7XrdO/W7aYbrh008PxwcdTo0WHRps2fAeS3o0YvXLio4h+LKi2MBqWDAABsTAJCAAAAqqitttzisEMPDuvJBQUHH9p//K+/rmnlT0d+tu0/eu3T94B58+atz5vuvNOOYfHAgw8vXbqaSPLBoY+ERcuWLZs0aRwEQaNGjaKTCB96+JFVNykpKbnvgYf+u/9ea29g1967hEXt2jlh0a1r15ycnPAhhQ8+PDTOD7JixYrZs2eXlZXFDhYVFRUWlv9+5s2bt5abowIAANWPgBAAAICq64LzBoTZWBAEv4wf33e/fvc/+NBPP42NziYsLS39/ocfBw66+LgTTi4qKppcUHDFkKvX5x3POevMaBp35tnnxs7YKysru+vue0eM+CBcvPzSwRkZGUEQpKWlXXH5JeHg+x98eMutd8TeaHTx4sXnDLigqKgoXBxw7tlhMW/evJtuue39Dz4s18CI/45steUWYZGbWy86rfDBh4Y++ti/y8V+333/w7HHn7R33/2jNzL94ceftt5uhx122nWvffb744/CcPC5F17cfKttt9u+19nnnhfuIRKJXHjRv7b9R68temz3xJNPr8/3BgAAJJHMRDcAAAAAa9SwYf4Lzz19/gUX/TJ+fDhyy6133HLrHdEn/00uKIhdv9eOO1x+6SXr+Y4DLxgw5KprgyD4+JNP99yn75577LFpyxYLFy364osvf/jxp3C1XXbeabdde0e32qnXjnvtuce7740IguD+Bx/68KOPe+24Q35+g99nzBjx/gfRZxZePGhg40aNwnrI1de9/sabQRD07Lnd4Yce0qrVpkVFRe+8+97TzzwbrhCdPRkEQf8jDvvPs8+HX8K11984/NXXtu/Zs0XL5rNnzfns88+jXT3w4MNXXHZJEARDH3k0jCQnFxS89PKwU085KQiCa6+7MVztzbfeOf7YY3r02GrChIkvDxv+336uPbL/4ZmZfigAAIDqz5/7AQAAqNI6dez48ovP3nn3vQ8+9D931ywXDQZBcP6Ac0479eRwVt/6+L+jjqyRWePSy68MgqCwcN6zzz1fboUjDj9s8EUDyw3eesuNN9982xNPPR1OdowmmlFXXH7J0Uf2jy62bdsmLL766uvoEwqjzj37zO3/0TO6mJGR8e/Hhl5y+RXh/MWxY8eNHTuu3Ca77LzT+QPOCetIJBIdX+1zGVeWlgZBEAkisYPlJiYCAADVlVuMAgAAUNXVrFlz0MDzX3j26cMOPTh6x9Go/PwGRx/V/6UXnj3zjNPWlA7WrJm19rdIS0uLrfsfcdgH7719UL8Dog8XDN9ol513GvrQ/ddefWWdOnXK7aF2rVpXXH7JE48/smvvXfLzG0THW7ZsecD++7379uvHHH1Uevpf/xt+7tlnvvv26/v23Sd25SAItu7R47n/PHXO2WeW23/DhvkP3nfPrTff2LPndrFfQk5Ozl577vH4ow8/OvTBunXrhoNHHH5YtOcD9t83rE89+cToW4T3L23frl2vHXcIB0879eSsrL/5lgAAgOohLfYvFQIAyei7sb9G6y27dkxoLwBsKFX5bL+ReystLZ0/f8G8efOKiotzc+s1yMurV69ebPBW6YqXLp06dWrD/IYNG+bHv9W8efPmzJ3bskWLVRPNVS1YuHDKlKl59es3b94snhmQkUhk5sxZixYvqp9bf5NNGq52kwULFsyYMbNNmza1amVHB6dNn15cXNy+XbvoJqWlpZMmTa5Zs+amm7aM/9NRbTi3ED//RgCgOnGLUQAAAJJJRkZGw4b5Fcrq1lPtWrU6d+pU0a0aNGjQoEGDOFYMgiCon5tbf/Pu8e88LS2tWbOmzYKma9tn/fr169cvN9iyRYtyIxkZGR06tI//rQEAgGrALUYBAAAAAAAghQgIAQAAAAAAIIUICAEAAAAAACCFCAgBAAAAAAAghQgIAQAAAAAAIIUICAEAAAAAACCFCAgBAAAAAAAghQgIAQAAAAAAIIUICAEAAAAAACCFCAgBAAAAAAAghQgIAaAaSItWkYT2AcAG8r+n97Q1rpcwrkSQlJxbiF+VP1oAgIoREAJA0svM+OuCvnLlyoT2AsAGEXt6jz3tVxGuRJCknFuIXxU/WgCAinI5B4Ckl1WjRrQuKVme0F4A2CBiT++xp/0qwpUIkpRzC/Gr4kcLAFBRAkIASHq1atWM1kuKihPaCwAbROzpPfa0X0W4EkGScm4hflX8aAEAKkpACABJr07tWtF6waIlCe0FgA0i9vQee9qvIlyJIEk5txC/Kn60AAAVJSAEgKRXr16dIEgL62XLl89fuDjRHQFQmeYvXLxsefTGbmn16tVJbD+rciWCZOTcQvyq/tECAFSUgBAAkl5Genp+Xr3o4qw5hZGE9gNAJYoEwaw5hdHF/Lx6GelV7v/jXIkg6Ti3EL+kOFoAgIpyOQeA6mCTBvWj9bLly6fPmJ3QdgCoNNNnzI6ZtPE/J/wqxZUIkotzC/FLlqMFAKgQASEAVAfZ2TUb5edFFwvnL5w5+4+EdgRAJZg5+4/C+Quji43y87Kzaya0ozVyJYIk4txC/JLoaAEAKkRACADVRLMmm9TOzo4uzv5j3rQZs92FCSBJRYJg2ozZs/+YFx2pnZ3drMkmCW3qb7gSQdXn3EL8kvFoAQDilxaJ+DMVAFQTJSXLJhZMX1laGh2pmZXVpFF+Xm7dhPYFQMXMX7h41pzC2Pu5ZWZktG/doupP2nAlgqrMuYX4Je/RAgDESUAIANVKUfHSyVNnxP56Ev6AUr9enTo5tbOzszIzM9MS1x4AqxUJgpUrV5aULF9SVLxg0ZLYH2TD32TbbNosp3atxDVYAa5EUHU4txC/6nS0AADxEBACQHVTUrJs6u+zi0tKEt0IAJWgdnb2ps0bJ9eMDVciqPqcW4hfMh4tAMDfEhACQPU0Y9bcOYXzE90FAOulUX5e8j7tyZUIqiznFuKX1EcLALAWAkIAqLZKSpbNnbegcP6iIHC5B0guafl59TZpUD/Zp2u4EkEV49xC/KrJ0QIArImAEACqudKyskWLliwpXrp06bLlK1asLC3zSwpA1ZOWmZGeVaNGrVo169SuVa9enYz09ES3VGlciSBxnFuIX3U+WgCAVQkIAQAAAAAAIIX4q0AAAAAAAACQQgSEAAAAAAAAkEIEhAAAAAAAAJBCBIQAAAAAAACQQgSEAAAAAAAAkEIEhAAAAAAAAJBCBIQAAAAAAACQQgSEAAAAAAAAkEIEhAAAAAAAAJBCBIQAAAAAAACQQgSEAAAAAAAAkEIEhAAAAAAAAJBCBIQAAAAAAACQQgSEAAAAAAAAkEIEhAAAAAAAAJBCBIQAAAAAAACQQgSEAAAAAAAAkEIEhAAAAAAAAJBCBIQAAAAAAACQQgSEAAAAAAAAkEIEhAAAAAAAAJBCBIQAAAAAAACQQgSEAAAAAAAAkEIEhAAAAAAAAJBCBIQAAAAAAACQQgSEAAAAAAAAkEIEhAAAAAAAAJBCBIQAAAAAAACQQgSEAAAAAAAAkEIEhAAAAAAAAJBCBIQAAAAAAACQQjIT3QAAsGEVFS/9aORXo7776ZcJk2fMmr1ocVGkrCzRTfH30tLT69XNadakcecObbbeslvvXj1zatdKdFMAAAAAVAdpkUgk0T0AABvExElTnnnxteFvvi8RrAbS0tP79d39yEP2b9+2VaJ7AQAAACC5CQgBoHq6/b7Hnnh2eKK7oPIdc0S/8844PtFdAAAAAJDEBIQAUN1MnDTl8uvv+nn8xEQ3wobSpVP7qwafYyohAAAAAOtGQAgA1cqYH8add8l1CxcuTnQjbFi5uXVvv/ZfW22+WaIbAQAAACD5CAgBoPqYOGnKSedeIh1MEbm5dYfeea15hAAAAABUVHqiGwAAKs3l198lHUwdCxcuvvz6uxLdBQAAAADJR0AIANXE7fc95rmDqebn8RNvv++xRHcBAAAAQJIREAJAdTBx0pQnnh2e6C5IgCeeHT5x0pREdwEAAABAMhEQAkB18MyLryW6BRLGv30AAAAAKkRACABJr6h46fA33090FyTM8DffLypemuguAAAAAEgaAkIASHofjfwqUlaW6C5ImEhZ2Ucjv0p0FwAAAAAkDQEhACS9Ud/9lOgWSDDHAAAAAADxExACQNL7ZcLkRLdAgjkGAAAAAIifgBAAkt6MWbMT3QIJ5hgAAAAAIH4CQgBIeosWFyW6BRLMMQAAAABA/ASEAJD0ImVliW6BBHMMAAAAABA/ASEAAAAAAACkEAEhAAAAAAAApBABIQAAAAAAAKQQASEAAAAAAACkEAEhAAAAAAAApBABIQAAAAAAAKQQASEAAAAAAACkEAEhAAAAAAAApBABIQAAAAAAAKQQASEAAAAAAACkEAEhAAAAAAAApJDMRDcAAFRd2dk1Dz+ob7nBSCSYPWfu+IkFU6f/XlYWSVBrfzrq0AP6H7Jf8dKSq268+6efJyS2GQAAAABICgJCAGCN8vPqDzj9uLWsUFKy7NW33r/13seWL1++Efv60+ZdOw88+8SwfuTu63rucejG7wEAAAAAko5bjAIA6y47u+ZhB/X97O1n99lj543/7r223zpaZ2Vl1cmpvW77ObRfn69GvDDy7Wezs2tWXncAAAAAUEUJCAGAuMyZW/j1qO+/HvX9qO9+mjJtxqLFS6IvZWZmXHPJgOZNG2/klr74eky0Xr5ixZKi4nXbzx69d8jKysqpXSu7poAQAAAAgOrPLUYBgLi8//EXN931cOzIlt273HjlhY02yQ+CICMj456brzjo6DM2Zktjfhh3272PHXHwvkXFS6++6Z513k/TxptUal8AAAAAUKUJCAGAdfTdjz//85iz3hv2WK3s7CAIWjRrsvF7ePK54U8+N3w9d9Igr34ltQMAAAAAScAtRgGAdVdUVPzRyK/DOjMzo/Em+YnuaF2EAScAAAAApAgzCAGA9TKpYGq0btqk0ey5heVWyM+rf/jB+27ZvUvb1i2zatSYN3/hhN8KnnzulR/G/rLaHWbVqHHemcdvvWW3Rg3z09KClStLf585+9GnXvxo5FerrnzFRWd3aNcqCIJhr7/30qvvlN/PGcdttXnXJo03qVEjc87cwomTpgx7/d3P//vkwvT09HZtNt2iW+f09LRw5IA+uxcvXRrWM2bN+fyr0bE7TE9P73/wftv26N6xXet6dessLiqeVDDt7RGfvPb2B+W62n3n7Y8/+uBIJLhv6NNffDOmfm69Ky8+Z8vunWvXqlW8tOTDT78ccuPdcX/BAAAAAFDJBIQAwHrp2K5NtP7p51/Lvbr/PrtdPuiszMyM6EjdOjmtWjbbo/cOb7738WXX3lFWVha7/r5773rFoLNq1PifP6I0yMu9/bp/RSKR6MjIL0edc9HVQRDs2XuHnJzaQRBMmTYjNiDs3avnjVcOzMrKio603rR5602b79F7h1Hf/XT+JdcvWrzk3WGP5f/vzUXPO+O4aD1rzh99DjkxutipQ5sHb786t17d6EhOTu0mjRrusN1WRx92wBkXXFk4f0H0pa5dOnTt3CEIgpOPPezXiZPffHFoVo0a4Uu5NerstVsvASEAAAAACeQWowDAusvJqb3T9tuEdfHSkpUrS2NfvfLic67617nRdLCoeGnh/AWlpX+u03fPXe6/9crY9Tu0a33V4HOj6eAfhfOnTJtRvLQkXEyLsWjxkrV01XiT/JuvuiiaDhYvLZk3f2G0t6237Hb04QcGQbBixco4P2afPXb+z9Dbo+ng8uXL/yicv3zFinCxY/s2Lz91b3QaYqy8+vWeeuiWaDoYmj3njzjfFwAAAAA2BDMIAYB1lJ9X/5F7rs/OrhkuPvb0i7GvdunU7sC+u4f1zFlzzhg4pGDq9HDxiovO7rfvHkEQbLf1Ftv12Pzr0T+E4zdeeWEYs5WULDvm9EETfisIx8846aiTjzksrEd89Pm7H4788NMv19LYheecFKaSZWWR8y+59uPPvgnH++27x6nH91+8pOiBR58JguDY0we1b9uqa6f2Z5x0VLjCxVfevLioOKznL1gYFpmZGZcPOist7c/GLr3m9vc/+eK/O9zz0oGnZ2Rk1Ktb56JzT7n+9gfLddJ60xZhUTD192/H/JiWltahXatnXnit4l82AAAAAFQaASEAEJf27VrtutM/giCoXbtWp/atO3dst82W3cLYLHxi39AnXohd/5arLw6LoqLiA448LXZy4ZAb727UsMEOPXsEQXDphWcc0P+0cLxFsyZhcd1tD0TTwSAI7hv69J69d2y9afMgCKb9PvO9Dz9be6ubdWofFu9//Hk0HQyCYPgbI4a/MSK6OGdu4Zy5hZGyv+5c+tWoHxYsXFRub5ddeGYYgkYikdjYMgiC4W+8l56edtmFZwZBcMiBfVYNCEMP//u5+x55Zu09AwAAAMBGIyAEAOKy7Vbdt92q+2pf+nbMT6eed1nsSMP8vGZNGoX1jXc+XO7Wo0EQXHLN7R++9mQQBI0bNQxHsrKyojcXXXWC4LjxE8OAsPtmnf621czMP/fTuWPb+D7c2uy5645h8cnn38amg6GXX3v3/DNPyKldKz09rfWmLaKzJKOm/T5TOggAAABAlSIgBADW3Xc//vzwv5/7/Osx5cZjo8SsrBrhDUVXK6tGjezsmiUly5YvX758+fLwwYFdOrb7ZsyPsas1bbxJWKyawK1qwqQpmzRsEARBy+ZN3xv2+L1Dnx7+xnsV/3BBEATp6em1srPDuqi4eC0fJAiCbbbqVq69SCRy2nmXr9tbAwAAAMAGIiAEAOIyZdqMn8aNz86u+Y9ttszJqR0OLly0eNV0MAiCLbt3idaXDjxj7Xvu2K7ND2N/CYLg19+mdOvSIQiCIYPPib0raffNOkZ3+PFnX/9tq7ff+9g/ttkyfJxhw/y8Ky4669KBp4/9ZcKjT70Ye8fReHTr0jFa991zl7577rKWlTu0bVVupLS0bMasORV6RwAAAADY0ASEAEBcPv9q9E13PRwEQU5O7feGPRbOq9tlx+0OP6jvc8PeLLdy40abROuymIf8rWpl6cop034P60efevHWay5OS0tr2qTRJ28+88ln3xQvLdm0RdMeW3QNH3ZYMHX6yC9H/W2rEydPGTD4mhuuvLB2rT8n/2VkZGzetfMd119aOG/+ef+67sdxv8b5qVu2aBrnB4lEyn6Ie7cAAAAAkEACQgCgYoqKis8edPXQu64NFwede8qX3343ZdqM2HUKpk7fZcdtgyBYvnx5zz0OjXPPH3765YWX33TL1RcFQVArO3vv3XeKfbVw3vxjT78ozl19+sW3O/Xpf8Q/9z3soL6btmga5otBEOQ3yHv0nhv6HXX67zNnx7Of8b9Oitb9jjp92u8z42wAAAAAAKqs9EQ3AAAkn1Hf/fTsy2+EdXp62iP3XB/ezzPqx7HjwyIrKyszMyP+PR/Yd/ewWFpSUlpaGolElpaUTJ8x6+a7hu7R77hFi5fEv6uysrJnXnyt31Gn77D34Q889p+i4qXheGZmxoDTj4tzJxMnT4lE/pw4uNXmm8X/7gAAAABQZQkIAYB1ceMdD0Wn0+Xn1b9pyKDYV0d9PzZaH9qvT5z7PPiAvXfafpsgCH6ZMGmHvQ7fZtd/9til3w57Hb7/Eac+8+Jr69xqScmyBx97drcDjimcvyAc6dKpXfybLy1ZFhb77t17nXsAAAAAgKpDQAgArKMTzhq8cmVpWO++yw777LFz9KUFCxcVFRWH9dmn/F96elx/5Niz945h0bTxJlt271K53S5fvvzrUT/8t16x2nXq5NRedXDsLxPCYrsem3do17pyuwIAAACAjU9ACACsoz8K519+3R3Rxav/NaBhfl50cchN94RFrezsV565v9Em+bHbduvSYfjT94/6aPjRhx0QHZwwaUpY5Nar+9i9N4z+ePhXI1745M1nRgx//PnH77r9un/tvvP28TTWZ4+dn3jg5j133TF2MD09fYfteoT1uP9mfkEQ/DFvfrQ+tN8+YbHtVt2jd0a96Iqby8r+vMvov++/cbsem8fuNj+v/v23DRn10fC7brwsnt4AAAAAIOEyE90AAJDE3hrxyV679erdq2f4bL/H77txv8NPCV9672GtCrcAABpFSURBVMPPJhw7pUPbVkEQtGjW5M3nH546febkKdPr1Kndrs2m+Xn1w9XOOfXYp55/NayffG74IQfsnZ1dM1xMS0vLysrKysoKgpz8Bnkd2rbq3atnUfHS/ieeF7276arq59a7+pIBGRkZNw0ZNO2UmW+P+GTK9JmtWjY7/KC+9erWCYIgEok8+vRL0fV/mzwlWv/f4f2233arvPq5DfPzRv8w7sSzBgdBMH/BwqeeH37MEQeFYeeDd1w9Y9acyQXTyiKRVi2bbdqiWbjtTttv07lD218mTNoAXzMAAAAAVCYzCAGA9XLBpTcsWLgorJs3bXzpwDOiLx1/5sVjfhgX1hkZGW1atdht539s12PzaDq4cmXp+ZdcF13/wD67Z2VlhRnevPkLS0qWrVxZGolEYt8up3atJx64aS391MyqMX/Bn/20bN705GMPv+aSAScfc1iYDgZBcO/QpycVTIuuX1YWGf3fJtPS0jq0ax3Og+yx+Wb1c+uF47ff9/h/Xnw92kmzJo12/MfWO22/TTQdDILgsadfkg4CAAAAkBQEhADAGpWULPvbdcrKyo4/c/DMWXPCxYMP2Ltl86ZhXVRUfMJZgy+/7s7CefOjd+kMLV5S9Opb7/fe/+iRX46KbnjGSUelp6ctXlJ0yLFn737gMdvvddi2u/2zxy79eu939JAb7577x7xwzfq59aJpX9TSpSVhMXtu4Z4HHXfv0KcWLV5SLlycOWvO8Wde/MiTL5Tb9rzB15bL9ubNX3jGBVdGg88gCG666+H+J503ZdqMFStWxq65fMWKb8b82O+o0+968InVfTmlf/sFAgAAAMBGllbuhzMAIOlstfOBiW4hLq1aNuvcoe2cP+ZNKpi2cNHicq++/OS9bVq1CIJgyI13D39jxKqb166V/dk7z4X1EScOGD9h8t++Y3p6WueO7dq3aTV+4qQJvxWUCynLyauf261Lh9Kysu9+GFf837hxTWv22Hyz4qUlk6dOnzV77t+2sXGM+eSVRLcAAAAAQHLwDEIAYCOZMm3GlGkz1vRqi2ZNwqJw3oLVrtC9a6ewWLmyNJ50MLx96LhfJo77ZWI8K89fsPDTL76Nc833P/kinjUBAAAAoApyi1EAoEqYPmNWWNx6zeC9d+sV+1J6evqRh+x/781XhIujv/8pEQ0CAAAAQDXhFqMAkPSS5Raja7fT9tvcecOlaWlp4eKKFSsXLV5cvLQkp3bt3Hp1MjIywvG5f8zre9hJK1d6tl95bjEKAAAAQJzMIAQAqoRPv/h28JBblpb8+fC/GjUy8xvktWzetEFebpgORiKRT7/49pBjz5YOAgAAAMD6MIMQAJJe9ZhBGLX/Prv122/PZo03yc2tmxakLSkqnjlrzm8FU+9/9D9z5hYmuruqywxCAAAAAOIkIASApFfNAkLWjYAQAAAAgDi5xSgAAAAAAACkEAEhAAAAAAAApBABIQAAAAAAAKQQASEAAAAAAACkEAEhAAAAAAAApBABIQAkvbR0F/RU5xgAAAAAIH5+SwKApFevbk6iWyDBHAMAAAAAxE9ACABJr1mTxolugQRzDAAAAAAQPwEhACS9zh3aJLoFEswxAAAAAED8BIQAkPS23rJbolsgwRwDAAAAAMRPQAgASa93r55p6a7pqSstPb13r56J7gIAAACApOHHRABIejm1a/Xru3uiuyBh+vXdPad2rUR3AQAAAEDSEBACQHVw5CH7J7oFEsa/fQAAAAAqREAIANVB+7atjjmiX6K7IAGOOaJf+7atEt0FAAAAAMkkLRKJJLoHAKByHHnyBT+Pn5joLth4unRq/8zDtya6CwAAAACSjBmEAFB9XDX4nNzcuonugo0kN7fuVYPPSXQXAAAAACQfASEAVB/t27a6/dp/yQhTQW5u3duv/ZebiwIAAACwDtxiFACqm4mTplx+/V3uNVqNdenU/qrB50gHAQAAAFg3AkIAqJ5uv++xJ54dnuguqHzHHNHvvDOOT3QXAAAAACQxASEAVFsTJ0155sXXhr/5fqSsLNG9sL7S0tP79d39yEP2N3EQAAAAgPUkIASAaq6oeOlHI78a9d1Pv0yYPGPW7EWLi+SFSSEtPb1e3ZxmTRp37tBm6y279e7VM6d2rUQ3BQAAAEB1ICAEAAAAAACAFJKe6AYAAAAAAACAjUdACAAAAAAAAClEQAgAAAAAAAApREAIAAAAAAAAKURACAAAAAAAAClEQAgAAAAAAAApREAIAAAAAAAAKURACAAAAAAAAClEQAgAAAAAAAApREAIAAAAAAAAKURACAAAAAAAAClEQAgAAAAAAAApREAIAAAAAAAAKURACAAAAAAAAClEQAgAAAAAAAApREAIAAAAAAAAKeSvgLC4uLi0tDShzQAAAAAAAAAb1l8B4QcffrR3n/3ffOudsrKyhLYEAAAAAAAAbCj/c4vRyQUFZ5973v4HHvzBhx9FIpHEdQUAAAAAAABsEH8FhI0aNQqLX8aPP/nUM/55yOGff/Fl4hoDAAAAAAAAKl9a7EzB777/4c677vnk05HRkZ49txt43rk9emyVoPYAAAAAAACAypS26q1ER48ec9sdd33x5VfRkV1773L+gHM226zLRm8PAAAAAAAAqEyrCQhDX3/z7W233/nNt6OiI3377H3u2We1b99uI7YHAAAAAAAAVKY1BoShL7786s677omNCZ94/JEdd9h+o/QGAAAAAAAAVLL0tb+8ScOGzZs3ix0pKSnZwC0BAAAAAAAAG0rmml74bdKk++5/cPgrr0VHtu7RY+AFA7bbdpuN1RsAAAAAAABQyVYTEBYUTLnnvvuHDX81OtK162YDzxuw8869Nm5vAAAAAAAAQCX7n4BwypSp997/4EsvD4uOtGnd+sKB5+215x5paWmJaA8AAAAAAACoTH8FhN99/8PBhx4RXWzSpPGFF5y//359MzIyEtQbAAAAAAAAUMn+CginT58eFvn5Dc4/79yDD+pXo0aNxDUGAAAAAAAAVL6/AsK0tLScnJzzB5xzxOGHZmdnJ7QrAAAAAAAAYINIi0QiYbV8+fIVK1bk5OQkuiUAAAAAAABgQ/krIAQAAAAAAACqvfRENwAAAAAAAABsPAJCAAAAAAAASCECQgAAAAAAAEghAkIAAAAAAABIIQJCAAAAAAAASCECQgAAAAAAAEghAkIAAAAAAABIIQJCAAAAAAAASCECQgAAAAAAAEghAkIAAAAAAABIIQJCAAAAAAAASCECQv6/PTsQAAAAABDkbz3IpREAAAAAAAAjghAAAAAAAABGBCEAAAAAAACMCEIAAAAAAAAYEYQAAAAAAAAwIggBAAAAAABgRBACAAAAAADAiCAEAAAAAACAEUEIAAAAAAAAI4IQAAAAAAAARgQhAAAAAAAAjAhCAAAAAAAAGBGEAAAAAAAAMCIIAQAAAAAAYEQQAgAAAAAAwIggBAAAAAAAgBFBCAAAAAAAACOCEAAAAAAAAEYEIQAAAAAAAIwIQgAAAAAAABgRhAAAAAAAADAiCAEAAAAAAGBEEAIAAAAAAMCIIAQAAAAAAIARQQgAAAAAAAAjghAAAAAAAABGBCEAAAAAAACMCEIAAAAAAAAYEYQAAAAAAAAwIggBAAAAAABgRBACAAAAAADAiCAEAAAAAACAEUEIAAAAAAAAI4IQAAAAAAAARgQhAAAAAAAAjAhCAAAAAAAAGBGEAAAAAAAAMCIIAQAAAAAAYEQQAgAAAAAAwIggBAAAAAAAgBFBCAAAAAAAACOCEAAAAAAAAEYEIQAAAAAAAIwIQgAAAAAAABgRhAAAAAAAADAiCAEAAAAAAGBEEAIAAAAAAMCIIAQAAAAAAIARQQgAAAAAAAAjghAAAAAAAABGBCEAAAAAAACMCEIAAAAAAAAYEYQAAAAAAAAwIggBAAAAAABgRBACAAAAAADAiCAEAAAAAACAEUEIAAAAAAAAI4IQAAAAAAAARgQhAAAAAAAAjAhCAAAAAAAAGBGEAAAAAAAAMCIIAQAAAAAAYEQQAgAAAAAAwIggBAAAAAAAgBFBCAAAAAAAACOCEAAAAAAAAEYEIQAAAAAAAIwIQgAAAAAAABgRhAAAAAAAADAiCAEAAAAAAGBEEAIAAAAAAMCIIAQAAAAAAIARQQgAAAAAAAAjghAAAAAAAABGBCEAAAAAAACMCEIAAAAAAAAYEYQAAAAAAAAwIggBAAAAAABgRBACAAAAAADAiCAEAAAAAACAEUEIAAAAAAAAI4IQAAAAAAAARgQhAAAAAAAAjAhCAAAAAAAAGBGEAAAAAAAAMCIIAQAAAAAAYEQQAgAAAAAAwIggBAAAAAAAgBFBCAAAAAAAACOCEAAAAAAAAEYEIQAAAAAAAIwIQgAAAAAAABgRhAAAAAAAADAiCAEAAAAAAGBEEAIAAAAAAMCIIAQAAAAAAIARQQgAAAAAAAAjghAAAAAAAABGBCEAAAAAAACMCEIAAAAAAAAYEYQAAAAAAAAwIggBAAAAAABgRBACAAAAAADAiCAEAAAAAACAEUEIAAAAAAAAI4IQAAAAAAAARgQhAAAAAAAAjAhCAAAAAAAAGBGEAAAAAAAAMCIIAQAAAAAAYEQQAgAAAAAAwIggBAAAAAAAgBFBCAAAAAAAACOCEAAAAAAAAEYEIQAAAAAAAIwIQgAAAAAAABgRhAAAAAAAADAiCAEAAAAAAGBEEAIAAAAAAMCIIAQAAAAAAIARQQgAAAAAAAAjghAAAAAAAABGBCEAAAAAAACMCEIAAAAAAAAYEYQAAAAAAAAwIggBAAAAAABgRBACAAAAAADAiCAEAAAAAACAEUEIAAAAAAAAI4IQAAAAAAAARgQhAAAAAAAAjAhCAAAAAAAAGBGEAAAAAAAAMCIIAQAAAAAAYEQQAgAAAAAAwIggBAAAAAAAgBFBCAAAAAAAACOCEAAAAAAAAEYEIQAAAAAAAIwIQgAAAAAAABgRhAAAAAAAADAiCAEAAAAAAGBEEAIAAAAAAMCIIAQAAAAAAIARQQgAAAAAAAAjghAAAAAAAABGBCEAAAAAAACMCEIAAAAAAAAYEYQAAAAAAAAwIggBAAAAAABgRBACAAAAAADAiCAEAAAAAACAEUEIAAAAAAAAI4IQAAAAAAAARgQhAAAAAAAAjAhCAAAAAAAAGBGEAAAAAAAAMCIIAQAAAAAAYEQQAgAAAAAAwIggBAAAAAAAgBFBCAAAAAAAACOCEAAAAAAAAEYEIQAAAAAAAIwIQgAAAAAAABgRhAAAAAAAADAiCAEAAAAAAGBEEAIAAAAAAMCIIAQAAAAAAIARQQgAAAAAAAAjghAAAAAAAABGBCEAAAAAAACMCEIAAAAAAAAYEYQAAAAAAAAwIggBAAAAAABgRBACAAAAAADAiCAEAAAAAACAEUEIAAAAAAAAI4IQAAAAAAAARgQhAAAAAAAAjAhCAAAAAAAAGBGEAAAAAAAAMCIIAQAAAAAAYEQQAgAAAAAAwIggBAAAAAAAgBFBCAAAAAAAACOCEAAAAAAAAEYEIQAAAAAAAIwIQgAAAAAAABgRhAAAAAAAADAiCAEAAAAAAGBEEAIAAAAAAMCIIAQAAAAAAIARQQgAAAAAAAAjghAAAAAAAABGBCEAAAAAAACMCEIAAAAAAAAYEYQAAAAAAAAwIggBAAAAAABgRBACAAAAAADAiCAEAAAAAACAEUEIAAAAAAAAI4IQAAAAAAAARgQhAAAAAAAAjAhCAAAAAAAAGBGEAAAAAAAAMCIIAQAAAAAAYEQQAgAAAAAAwIggBAAAAAAAgBFBCAAAAAAAACOCEAAAAAAAAEYEIQAAAAAAAIwIQgAAAAAAABgRhAAAAAAAADAiCAEAAAAAAGBEEAIAAAAAAMCIIAQAAAAAAIARQQgAAAAAAAAjghAAAAAAAABGBCEAAAAAAACMCEIAAAAAAAAYEYQAAAAAAAAwIggBAAAAAABgRBACAAAAAADAiCAEAAAAAACAEUEIAAAAAAAAI4IQAAAAAAAARgQhAAAAAAAAjAhCAAAAAAAAGBGEAAAAAAAAMCIIAQAAAAAAYEQQAgAAAAAAwIggBAAAAAAAgBFBCAAAAAAAACOCEAAAAAAAAEYEIQAAAAAAAIwIQgAAAAAAABgRhAAAAAAAADAiCAEAAAAAAGBEEAIAAAAAAMCIIAQAAAAAAIARQQgAAAAAAAAjghAAAAAAAABGBCEAAAAAAACMCEIAAAAAAAAYEYQAAAAAAAAwIggBAAAAAABgRBACAAAAAADAiCAEAAAAAACAEUEIAAAAAAAAI4IQAAAAAAAARgQhAAAAAAAAjAhCAAAAAAAAGBGEAAAAAAAAMCIIAQAAAAAAYEQQAgAAAAAAwIggBAAAAAAAgBFBCAAAAAAAACOCEAAAAAAAAEYEIQAAAAAAAIwIQgAAAAAAABgRhAAAAAAAADAiCAEAAAAAAGBEEAIAAAAAAMCIIAQAAAAAAIARQQgAAAAAAAAjghAAAAAAAABGBCEAAAAAAACMCEIAAAAAAAAYEYQAAAAAAAAwIggBAAAAAABgRBACAAAAAADAiCAEAAAAAACAEUEIAAAAAAAAI4IQAAAAAAAARgQhAAAAAAAAjAhCAAAAAAAAGBGEAAAAAAAAMCIIAQAAAAAAYEQQAgAAAAAAwIggBAAAAAAAgBFBCAAAAAAAACOCEAAAAAAAAEYEIQAAAAAAAIwIQgAAAAAAABgRhAAAAAAAADAiCAEAAAAAAGBEEAIAAAAAAMCIIAQAAAAAAIARQQgAAAAAAAAjghAAAAAAAABGBCEAAAAAAACMCEIAAAAAAAAYEYQAAAAAAAAwIggBAAAAAABgRBACAAAAAADAiCAEAAAAAACAEUEIAAAAAAAAI4IQAAAAAAAARgQhAAAAAAAAjAhCAAAAAAAAGBGEAAAAAAAAMCIIAQAAAAAAYEQQAgAAAAAAwIggBAAAAAAAgBFBCAAAAAAAACOCEAAAAAAAAEYEIQAAAAAAAIwIQgAAAAAAABgRhAAAAAAAADAiCAEAAAAAAGBEEAIAAAAAAMCIIAQAAAAAAIARQQgAAAAAAAAjghAAAAAAAABGBCEAAAAAAACMCEIAAAAAAAAYEYQAAAAAAAAwIggBAAAAAABgRBACAAAAAADAiCAEAAAAAACAEUEIAAAAAAAAI4IQAAAAAAAARgQhAAAAAAAAjAhCAAAAAAAAGBGEAAAAAAAAMCIIAQAAAAAAYEQQAgAAAAAAwIggBAAAAAAAgBFBCAAAAAAAACOCEAAAAAAAAEYEIQAAAAAAAIwIQgAAAAAAABgRhAAAAAAAADAiCAEAAAAAAGBEEAIAAAAAAMCIIAQAAAAAAIARQQgAAAAAAAAjghAAAAAAAABGBCEAAAAAAACMCEIAAAAAAAAYEYQAAAAAAAAwIggBAAAAAABgRBACAAAAAADAiCAEAAAAAACAEUEIAAAAAAAAI4IQAAAAAAAARgQhAAAAAAAAjAhCAAAAAAAAGBGEAAAAAAAAMCIIAQAAAAAAYEQQAgAAAAAAwIggBAAAAAAAgBFBCAAAAAAAACOCEAAAAAAAAEYEIQAAAAAAAIwIQgAAAAAAABgRhAAAAAAAADAiCAEAAAAAAGBEEAIAAAAAAMCIIAQAAAAAAIARQQgAAAAAAAAjghAAAAAAAABGBCEAAAAAAACMCEIAAAAAAAAYEYQAAAAAAAAwIggBAAAAAABgRBACAAAAAADAiCAEAAAAAACAEUEIAAAAAAAAI4IQAAAAAAAARgQhAAAAAAAAjAhCAAAAAAAAGBGEAAAAAAAAMCIIAQAAAAAAYEQQAgAAAAAAwIggBAAAAAAAgBFBCAAAAAAAACOCEAAAAAAAAEYEIQAAAAAAAIwIQgAAAAAAABgRhAAAAAAAADAiCAEAAAAAAGBEEAIAAAAAAMCIIAQAAAAAAIARQQgAAAAAAAAjghAAAAAAAABGBCEAAAAAAACMCEIAAAAAAAAYEYQAAAAAAAAwIggBAAAAAABgRBACAAAAAADAiCAEAAAAAACAEUEIAAAAAAAAI4IQAAAAAAAARgQhAAAAAAAAjAhCAAAAAAAAGBGEAAAAAAAAMCIIAQAAAAAAYEQQAgAAAAAAwIggBAAAAAAAgBFBCAAAAAAAACOCEAAAAAAAAEYEIQAAAAAAAIwIQgAAAAAAABgRhAAAAAAAADAiCAEAAAAAAGBEEAIAAAAAAMCIIAQAAAAAAIARQQgAAAAAAAAjghAAAAAAAABGBCEAAAAAAACMCEIAAAAAAAAYEYQAAAAAAAAwIggBAAAAAABgRBACAAAAAADAiCAEAAAAAACAEUEIAAAAAAAAI4IQAAAAAAAARgQhAAAAAAAAjAhCAAAAAAAAGBGEAAAAAAAAMCIIAQAAAAAAYEQQAgAAAAAAwIggBAAAAAAAgBFBCAAAAAAAACOCEAAAAAAAAEYEIQAAAAAAAIwIQgAAAAAAABgRhAAAAAAAADAiCAEAAAAAAGBEEAIAAAAAAMCIIAQAAAAAAIARQQgAAAAAAAAjghAAAAAAAABGBCEAAAAAAACMCEIAAAAAAAAYEYQAAAAAAAAwIggBAAAAAABgRBACAAAAAADAiCAEAAAAAACAEUEIAAAAAAAAI4IQAAAAAAAARgQhAAAAAAAAjAhCAAAAAAAAGBGEAAAAAAAAMCIIAQAAAAAAYEQQAgAAAAAAwIggBAAAAAAAgBFBCAAAAAAAACOCEAAAAAAAAEYEIQAAAAAAAIwIQgAAAAAAABgRhAAAAAAAADAiCAEAAAAAAGBEEAIAAAAAAMCIIAQAAAAAAIARQQgAAAAAAAAjghAAAAAAAABGBCEAAAAAAACMCEIAAAAAAAAYEYQAAAAAAAAwIggBAAAAAABgRBACAAAAAADAiCAEAAAAAACAEUEIAAAAAAAAI4IQAAAAAAAARgQhAAAAAAAAjAhCAAAAAAAAGAn7ChDGCqsHpwAAAABJRU5ErkJggg==' />
<img width=700px src='data:image/png;base64,iVBORw0KGgoAAAANSUhEUgAACWAAAAaSCAIAAAAtPVPCAAABK2lDQ1BTa2lhAAAokX2QMUvDUBSFv1cKomYRFR0cMnbRppWmDdahqbXo2Cqk3dI0FLFNQxrRvas/wtlNcBGhs4uT4CTi4i4IrpXXDClIPNPHuQfuPRdSmwBpDQZeGDTqpmq12urCBwLBTLYz8kmWgJ/XKPuy/U8uSYtdd+QAX0AYWK02iC6w1ov4SnIn4mvJl6EfgriRHJw0qiDugUxvjjtz7PiBzL8B5UH/wonvRnG90yZgAVvUGTKkRx+XLE3OOcMmi0YNgxK71KhQoUCFHHlKGOgU0KhiUqRKkUN0SuTJcTBjA13+M1o5fof9yXQ6fYy94wnc6bD0EHuZPVhR4Ok59uIf+3Zgz6w0kHJN+F4H5RZWP2F5DGzIcUJX9U9XlSM8HHZQyaORQ/8FDJRN2vTWQQEAACAASURBVHic7L29r3XPkh5U1fsdI2s8ZsQwssFCIBIbXRkNgYVuhJCIQIAQMCRARIKsSZwTIQfEBPAHEJEQIDKkkRMki2CECExkYdkC2Zprm/HIvjP3vl0E9dm9eq299sc5Z5/zPs/93X7r1O7V391r76quKv7tv/I3iJhIkCJFihQpUqRIkSJFihQpUqRIkSJFihQpUqRIkSJF+uVT/u2/8n8RAAAAAAAAAAAAAAAAAAAAAAAAAAA/BhqRlD9BgwYNGjRo0KBBgwYNGjRo0KBBgwYNGjRo0KBBgwb9lWlYEAIAAAAAAAAAAAAAAAAAAAAAAADAD4SwIESKFClSpEiRIkWKFClSpEiRIkWKFClSpEiRIkWKFOnXT2FBCAAAAAAAAAAAAAAAAAAAAAAAAAA/EKYYhBXggw8++OCDDz744IMPPvjggw8++OCDDz744IMPPvjggw/+V+M3IlaKC5cLA3zwwQcffPDBBx988MEHH3zwwQcffPDBBx988MEHH3zwwf8y/IxBKESgQYMGDRo0aNCgQYMGDRo0aNCgQYMGDRo0aNCgQYP+2jRiEAIAAAAAAAAAAAAAAAAAAAAAAADAD4QpBiFo0KBBgwYNGjRo0KBBgwYNGjRo0KBBgwYNGjRo0KC/Mg0LQgAAAAAAAAAAAAAAAAAAAAAAAAD4gZAxCJEiRYoUKVKkSJEiRYoUKVKkSJEiRYoUKVKkSJEiRfrlU1gQAgAAAAAAAAAAAAAAAAAAAAAAAMAPhCkGYQX44IMPPvjggw8++OCDDz744IMPPvjggw8++OCDDz744IP/1fiNiJXiwuXCAB988MEHH3zwwQcffPDBBx988MEHH3zwwQcffPDBBx988L8MP2MQChFo0KBBgwYNGjRo0KBBgwYNGjRo0KBBgwYNGjRo0KC/No0YhAAAAAAAAAAAAAAAAAAAAAAAAADwA2GKQQgaNGjQoEGDBg0aNGjQoEGDBg0aNGjQoEGDBg0aNOivTMOCEAAAAAAAAAAAAAAAAAAAAAAAAAB+IGQMQqRIkSJFihQpUqRIkSJFihQpUqRIkSJFihQpUqRIkX75FBaEAAAAAAAAAAAAAAAAAAAAAAAAAPADYYpBWAE++OCDDz744IMPPvjggw8++OCDDz744IMPPvjggw8++OB/Nf7lJz/9HaW4cLkwwAcffPALXzZ5QIMGDRo0aNCgQYMGDRo0aNCgQYMG/Qo0b/i8kx988MH/0fkZg1CIQIMGDXqf7kTy0W0ADRo0aNCgQYMGDRo0aNCgQYMGDRr0Ht2F5KPbABo06M9BIwYhAABXIR/dAAAAAAAAAAAAAAAAAAAAbgKfyAMAwI+LKQYhaNCgQVe6lz9foT2gQYMGDRo0aNCgQYMGDRo0aNCgQYM+Q4v/9yLtAQ0a9GvRsCAEAGALOZEHAAAAAAAAAAAAAAAAAIDPAhgUAgAwIGMQIkWK9Aulavl3d/rh7UeKFClSpEiRIkWKFClSpEiRIkWKFOkT00ekhfKhLUeKFOmbpLAgBIDXh3x0AwAAAAAAAAAAAAAAAAAAAG4CbBYB4KXR9nUP4IMP/ofzp7s5H94e8MEHH3zwwQcffPDBBx988MEHH3zwwQcf/DN8WX36gu0EH/wflN9CjV+1+VwY4IMP/kfw8/X5Gu0BH3zwwQcffPDBBx988MEHH3zwwQcffPDBv5UPOSf44L8oP2MQChFo0KBfgBai/tFtAA0aNGjQoEGDBg0aNGjQoEGDBg0aNOhn0ZB5ggb9cjRiEALA60A+ugEAAAAAAAAAAAAAAAAAAABvCj6RBwCAN8cUgxA0aNAfQi9jDYIGDRo0aNCgQYMGDRo0aNCgQYMGDRr0F6MhCwUN+iVoWBACwMdCTuQBAAAAAAAAAAAAAAAAAAD4eoA1IQB8GL4RCREjRYr03VN6gTbcnsoLtAEpUqRIkSJFihQpUqRIkSJFihQpUqTblF+gDbelKiNtL9ASpEh/uBQWhADw/viEVoOfsMkAAAAAAAAAAAAAAAAA8IPiUxrmfcpGA8DnRdsX/IMPPvhP5y/9a39gew75QiSSTf7w9oAPPvjggw8++OCDDz744IMPPvjggw8++Gf4EelPXqM9p/hLQeQLthN88L8Iv4VavmrnuTDABx/8h/nC5fX2ke3xhnB+RVB6xf/4cQMffPDBBx988MEHH3zwwQcffPDBBx988B/jn5cHyiu0PzWFLzqe4IP/VfhhQagXCUCDBv043YmEqAuJ0x/aHrMCFP3jBcYHNGjQoEGDBg0aNGjQoEGDBg0aNGjQL0m/kCyxyld7cXT2MmMFGvQnpxGDEACeAvnoBox4seYc4PO0FAAAAAAAAAAAAAAAAACeCT6R51Xwcm19uQYBwKfDFIMQNGjQt9Jb79gfREe8QHl++UIkJMXfwNPo9xsf0KBBgwYNGjRo0KBBgwYNGjRo0KBfif5MMre3lD3eRffy5yu0BzToz0fDghAA7oacyPNZq/2gvgEAAAAAAAAAAAAAAAAA8GS8k7Xdhxn1wZoQAO5BxiBEihTpLam8X12Svr9Jnl9+uWGU6QuMMFKkSJEiRYoUKVKkSJEiRYoUKVKkSJ+QbqV/8hZ1ySjJfL8+9g8fYaRIP2MKC0IAuAPySSt5l3Y/jk/STAAAAAAAAAAAAAAAAAC4AZ/A0O1NmvjVDRgB4JOi7cviwQcf/CV/+dHzyt/GNHys/OJ8/FntFPfxvf3vKfzXnHfwwQcffPDBBx988MEHH3zwwQcffPDBf4T/dvI0cSu6R9tZYxk+3N9N1x8s5wpf3rh88MH/avwWevWqXufCAB988E/QD5cvxEIkz2mnFUYDHmincPm28ZLzAj744IMPPvjggw8++OCDDz744IMPPvg/OF9GOd6j5Y+awme0Mxr4VuMgLzkv4IP/ovyMQShEoEGDPqTl+WWWyIIPlhnew/sT2iZEXShvJL3G+IMGDRo0aNCgQYMGDRo0aNCgQYMGDfokXeV7/cEynyp7JBKXiz6/7/1lxh806FenEYMQAE5CXrCw57Xpqb0DAAAAAAAAAAAAAAAAAOClwSfyvFcpzyzoTYoDgC+JKQYhaNCgl7TcmH+HTrP8+8sZ/YDfV87SX/kD/QINGjRo0KBBgwYNGjRo0KBBgwYNGvRnoqtssJePbivnGbJKJYv7tif0UW7MDxr0j0jDghAAjiEn8rx4AU8qAwAAAAAAAAAAAAAAAACAHwWPGuE9wYjvNYoAgK+KjEGIFCnSMZXwWH1nWvxo35pWv973trymrzCeSJEiRYoUKVKkSJEiRYoUKVKkSJEi/SzpozLGxyScRI/JV8devMJ4IkX6ciksCAFgC/mQMh6o9RkNBgAAAAAAAAAAAAAAAAAAOIs7jfPueezFAiYCwNdA21ctgA/+D8gPR9cPlDNE9Luef4wBeL7erX/wG9sJPvjggw8++OCDDz744IMPPvjggw8++OCDfyf/TvnkKA49V+/igTvav6r2hcYTfPDfm3/5yU9/R6mqPefCAB/8H4MvN+bf4csN+eXm8uX1xu1N+dv+ggYNGjRo0KBBgwYNGjRo0KBBgwb9uWjmwtjk+Xr8s/0VJ24on3f4N7eTX2/cwAf/vfkZg9AV8aBB/2i0EPUnlCNEcip/J/O+fbr8uInz4WP1RnQvfew/QH9BgwYNGjRo0KBBgwYNGjRo0KBB/zj0jyb7ij6eyi8uLz2V/7QM9hr9JJkwaNCfmUYMQuBHhrxzSTfW97zmvSE+RSMBAAAAAAAAAAAAAAAA4EuCT+T5cNzQyLNZn9nvTzGGAPB8TDEIQYP+QehlrMG7aCvpSn6huAVzsm3yoeMz0dWf+ER/eNtAgwYNGjRo0KBBgwYNGjRo0KBBg/5h6a28booL+ArtvEGWeFaOKjXXU8bwRcYKNOj3o2FBCPxokBN5nlnYLfU9tW134hXaAAAAAAAAAAAAAAAAAADAW+AVrOWeaiX45A69wvgAwDvhG5F4QFCkSL92Ss8sTU7llFOl9Q8ak4+q9zCVF2gDUqRIkSJFihQpUqRIkSJFihQpUqRvkfKHt2EpI6UPasOVeoWYr5amclp+btvaS6wWpEjfOIUFIfAj4NlWcU8zHHxnc733qg5WiAAAAAAAAAAAAAAAAADwXLyfbds7W9Fdr+4jTAlhTQh8fbR9WT744H8B/tJ/9APli+x8Mni8lhV/RN/56OnjMEU0fF75U7RE++/6+IAPPvjggw8++OCDDz744IMPPvjggw8++Dfzq/xt+u/J9c5FP7v8vRp3868+3hmf54/D4+WAD/6L8luowas2nAsDfPA/LV+eXL5cyT9tslU5QiRuF/924yClrsf6q40VpanQrzC/4IMPPvjggw8++OCDDz744IMPPvjggw/+m8rxomg6l/9u/nV5Zujrjsp5vtxSbswPPvifhh8WhCJEoEF/IVqeWaYQyVEecc5he/ob91etEvttz4pI3jwa6ZeYR9CgQYMGDRo0aNCgQYMGDRo0aNCgQT9Ab+V+6QnspjJV9vg+cs7dPELSz/T3mW170/6CBv1hNGIQAl8S8m6FnajpqY15sOS3a8v9eMU2AQAAAAAAAAAAAAAAAMDbg0/keV/c06K368WVkh/7+Fa83mQBwGOYYhCCBv0FaLkx/z698FsthRI5eNYe7s/rVxC9dPNa/skv+RuOuYxtO0+/RXtAgwYNGjRo0KBBgwYNGjRo0KBBg359+j552mnZ4B30EOPw5LNvJ+uL/q7z+EAc9uVp7XmzMQcN+oNoWBACXwxyIs8TSrr/wztxS5lvUf9nLBcAAAAAAAAAAAAAAAAAXhVvaY/2NmXfVupbtGG3zHc0JYQdIfB1kDEIkSL9/Kk8p5y8HbNIxXK8cRuytO2doP02H7b8rnr7+TZELMZb0xdYOUiRIkWKFClSpEiRIkWKFClSpEiRvmt6nyTtUDIZ6Vay15/Q5tskkM+rdyhz/emVkXma1PSoDUiRfroUFoTAl4G8QxmHnz+jATcV9ZwKbyjliT0EAAAAAAAAAAAAAAAAAODpuNHA7Rn2cGfLeKLt3b2mhE9rBewIga+Ati/zBx/8T8SXHf4t5cgO3/+W3XIm/9o31juXs/fR2BS5o/z68FDKMn+5lzRkvbde8MEHH3zwwQcffPDBBx988MEHH3zwwQf/bfkb8d9x/q2o8PZ6V9LDVf5tnMJz5a+Z63JkDJy4KOd6O8/wl727oxzwwf9Ifgtdd1V5c2GAD/7L8+XRcoRYjvLLUTnyjPbL9XLkejv3+Vr+3ulARFy/Auh/LzO/4IMPPvjggw8++OCDDz744IMPPvjggw/+nfyt3G+TMViZ8Z56vYJr+WdZ5b39lb38cqadj47z4+0HH/wP5l9+8tO/7HsJKdLPmNKjJciVPLL7aX+49hMlyIMl75a/368XSQkpUqRIkSJFihQpUqRIkSJFihQp0i+RvoK0bTflNX/qBd1TPp+RAd5V8rUSZLdfJeWXGH+kSD8qRQxC4FNDTuR5qID9zx+u+oG6737g8UbfgifV9r6NBgAAAAAAAAAAAAAAAIDnYGGk98EFPammG9tzPfvjHVyX8B41v+PsAMBzMcUgBA36E9FyY/6RtgKO8siav/THfRM9+cge88iptm3aI8s8UxzB541/L5Xu0FL68gj9KusNNGjQoEGDBg0aNGjQoEGDBg0aNOhb6KfJx07I4p7U5ipLlN38vdR4yzjs5jmUl56i1+2R3fxj2+6vl24YB9CgX4yGBSHwSSEn8tz/9P7nj9X7tILXuR9s3Nm63qYaAAAAAAAAAAAAAAAAAADux8KS7fnGbfsl3lLXUd4H2/xRpoSwIwQ+H8KCECnST5TKQyXI0adiH28/3d6LubXNff2p3VI5U05fluP3eh4f2yjfU+mU95U8fcOZRYoUKVKkSJEiRYoUKVKkSJEiRYoU6V3pVo4nspD4PVZLeCzbfHpL+UcS0X056ql03YZ9qW8ZvYdG5pE2I0X6MSksCIFPB3m7R/c/f6DSg8fPlrrI92CDFmU8o8Q3xidoIgAAAAAAAAAAAAAAAPDD4+WNyeYGvpH13IMBDT+jKeHLTz0AFLR9mTv44L8gX3b4J8pZfyLxz4667MB/95l6+/ojudKeTe1DO2U3/zG/3OIZHJqP7rivl3OSXyuY/KHfx3+ddQg++OCDDz744IMPPvjggw8++OCDDz74e/zH5WAT/9nt3MY7HOq9ufxVQ5eNX5UjUcbyg7v7u5br7suBtxnvqPdEf8EH/2X4LXTaVbXNhQE++C/Dl/vLkaP8sluOPNB+4VLwkF+ulqPP5qYVYjlq5wE/3+4sWfAz5qUUlzSN9CPlgw8++OCDDz744IMPPvjggw8++OCDDz74tC9/C/7D9UqIICe5323lFJlm8FPPd1TOrvyWyrN3jOe6Xjku57r89oAPuSj4n4afMQiFCDTor0nLbp7wPb16Vu6tt+8+K96c08/KPW1Ir+JSfI4/MIZ9KJPSD/hLzC9o0KBBgwYNGjRo0KBBgwYNGjRo0D80vZXd3S3bdFliWhbeIw9cyV27Gy0e1rsu89qzR3Rf8oWkHzwrHz6noEG/OY0YhMBngTz9ucMS76vuzsqWOW5sgSzJ2/HQwwAAAAAAAAAAAAAAAAAAvDD4RJ4zj95QzirrtcePPr+vC7tPPb+qx54EgHfDN6LqthA06K9Fy24eOXpWbq+rH+WRG56Vu+uV+8ZKbsz/3rS8QBtAgwYNGjRo0KBBgwYNGjRo0KBBg76V5hdow4amkc83PBuyVp5sDK48G/I9Tr5ceVY4n57zXHt2TXeitswjxLz3rDFeZO5Ag372GQULQuAz4C6ztnvM+d7ZcPARq0GZ/r35wTfDiQqe1AaYOwIAAAAAAAAAAAAAAAAfCz6R5xkFPa2eJ1bCC+r2Cg6fPfrwviFZP/X8et5nxgDgAWQMQqRIv1Qqu5/K7lP99rrk6Kn9NvizQ6vkhhqFPLLg6db2K629PZXiT7ykUuoaU+kkmlK2/5H07dYPUqRIkSJFihQpUqRIkSJFihQpUqRn0mdJusSlZzuyNaG+ksU9t0cZv/C2vp+WPa7afPjUkQzwPmnnundHIwk5JNIvmsKCEHh9yBMf2i/rjlruLkx2/7j6yM3NvGv0TpWy4T2nKgAAAAAAAAAAAAAAAAAA9rGwTJtZzzNee0Obwk2O9zQlvNGOEEaEwFdE2xfqgw/+p+UvPpRDLdf2k6v1ypov0yd7Jcsi725+vQ+0268V+rr4a/2S+T8JW8WR17dZz5QPPvjggw8++OCDDz744IMPPvjggw8++OA/xN/K5VReN/492hrSRlZ4st6dp/fyZ8a+84gs8m7/2uY/krvu0fvtzD/3Ct0brddbD+CDfy+/lYipCS4M8MH/UP4evV+OrPmyW6bc2E6hDMg71ivH5VQ12l57Nvk1q5wZN/G2yWH7B0hpj9izXk7RDHL5JvCS6wR88MEHH3zwwQcffPDBBx988MEHH3zwf2z+Vo4nEQXJ5H6S7jJ5qzE4LL+Wcy1/ZryeX+qHV/PvyidDhHp+3NZyVNnLf49c9LqcFnzwP5B/+clP/zIR+7JHivSTp7Lmyzo/3V5Lv6ne8hQdtmSV/0qZUy/O9kX2npU7RuPBlJAiRYoUKVKkSJEiRYoUKVKkSJEi/eHTd5ej8uO13/Js6iKv5OSh/MP8vNeq67VcTWVoyZl6D9IntAcp0jdKEYMQeGXIiTzX8+58ckvhB49cKUYW1NXMp5p2W/tlS94xADfVAwAAAAAAAAAAAAAAAADAk8En8txd5MLM6NYiztdyrqzDzOsP7xiixSNHpdxWwxtMGQA8A1MMQtCgPye9VsPJjjas+qs+X5cs+Pv1ei1SWAfle045LlOJfr794WfcqyixA+8fcykxDif6NdYDaNCgQYMGDRo0aNCgQYMGDRo0aNBfk96Ty/X7y4xIQ16mF3q+nBNtyCqkPLXIL4v+7pe54O/nP2r/zJeD/Ot6QYP+ZDQsCIGXhZzIcyXvfhG3FL6X/6gMOZUrPj/VnBvaLDv/3oWHHgYAAAAAAAAAAAAAAAAA4IPwgO3aaPB3Y0HnDQrP2+nt53yOHeGNpcCIEPj8QAxCpJ8/vS3u4H4cwZvyy15+OteGUvLp+IVXUxnacD6K4bb9tO3LG6R3QZb3epAiRYoUKVKkSJEiRYoUKVKkSJEi/ej0TjXQm8rfpvT2cnh4lm+r92ocwSt5eC5zJyfvyR5vlVUet2Hb/pPlIxIh0ldMYUEIvCbkRJ6jjPvPny75IP9uGXI9S/38SqazTZWdf0/j5gfuKerGSp7YJgAAAAAAAAAAAAAAAAD4QNysN3xe+Lu7qznMfqtN4Zk4gg+bEr66HSGMCIGXQ9uXw4MP/svzFx/KoU5v+8lxvav86yeG8HtCK7LmlINy5tL22jnHF9wGPdwtP6pY+vu+Uu/4bHQn/lvxRDbPZPuX/FvaAz744IMPPvjggw8++OCDDz744IMPPvivyz+Wgy2YKk9z2dr4WV9y72rn8tn9/JlXduIU7tW7Fxewfth3qpbNM7JbzoK/X++av84ve/llh79bPvjgvxC/LRX0TGvFPfjgvwtfHilHdvPLje1Z5Ze9/AkZ+FN+8SYelHPUzsghRKxViZAUc/wr/bKnb5wX4fKNhccvLxnDmKwh02HzMusKfPDBBx988MEHH3zwwQcffPDBBx988D8ff7zmz6GkC0Why+tkkOPdVm88eyK/V8ehLaQBO/Uelm8Cy1255Sh33SlnLXeVG8d/nV9uG88tX27MDz74b87/5gs7opeBBv1JaFnwZTd/v70umvmyl99eEFPEwUWeVZsvTf7tv/h3/7l/6m/zz/+fX/zjf/j9lz/X+zIiQvakEBGzPdc7jchNzcxEpA9OTOWLyDbPxOlkeZh5elaEmLPA+Kj80fwbQcvvBq691CJaywI25Yvnaa1dLpdGRL13bbYwlQyX1jgejNKCrvxaUWVMz8Y4tNa2XWPm0MJqe5jzgoVPliqAu04bj8gR7n2skXK6iYSpNSZmvyzWWYbmTdO/N91Dng2vPjWVEFMQyyAGinO0SERYKJaDF8Ktce/2lxaiOXQefeiGuYu6eu86ysxMLNvOak+ikOXa9tH2+2U5tDlIuniIeHwnHo3SwfCukLu0PmIFMm2LqQ0mYj5s2FGbY5CGAvwbgNVvhPhCbaVBXfQ0Y+HdjtQGExFRi8UsnZjpV9qviEjv30U6UWfrkGzXgJdwsXYKd1v+pFu+9Ky0gfs4O8P86k0GJa6MI0uUGoXHmhfpItNuFe2FZ+a6QepQ+MYYjogYgm+Xy6W1OFcXBz41e+Nw91aRvQjqXJYDXLcYCTNza5fWLmPDtD22MurR5/PZ6yC01qLMWCdlz9Fmc0nZccLcmNtYS5+GYpqJyK9rmFncRH5n6uaRH95lzGyjaucx2WkkdriQN7rLOBrMpLX37z7d3r7WmFmmOR0PJWX03pevWrELwL00MlvOPC5jinUo1jDajv/mdNdvQm61v31fh1V/87cSs7R2aeVNzMxd5Lv0zYuAmIT9Sw/lRrDSozOtNX8T5vlTfunXVtkVp2mza03L9/vBMqgvhQtfuLyjxSeadSn4u7i8jKyQ1powC/Xev1PjaPC08fv3riPQLuV0E2E7Vdr37z37XN9W1OuCobzuJV5440b6Uvz+/ZeaubVLs0PDWjJ88ShLKA4W4UsdljKAi/X5X/w3/+N2eAEAAAAAAADgLfDL7/Kzf/iLv/m3/8nv/Y1/9Nf+9/9P+iizVdkp60+DtpTZCjGnvHeVRywe4WPyZ8XM7yUeYfJFhB+pCzToD6O/+a90pEhfJJW7n5VnlkkzR67k3K/dsSrht//S3/ln/snv/dEf/sEf/6PvJN89sG3UPku9iVK1UAX0/m48kKbSsXYjhE1VoJZtNwnUYfG1qfFgUU6FfFlf4yETnxrnUjOZhLZMBy4L5gZvervoe2VtP54Hs/zFrOLCWclhEjpqLsrP0ajqgYMu6BO9d25FicQ0SBLHcVv2aMjAh1L2zVPjn9vquAimuSqMQ5g+FahJ73053ZOIX4RceJvrKMu5ssKH/FdH+yomkfQkzT9sQCrIV2pOFdw/0rTn4LS+kxb6ch52uuvD7Cz83r+HB2RbJUxViXutLqKVOqDstV2FwR52Ky3LbFJdr0oYVvikWTyoKw/YnZWvGXJUZXo8G7CtQmlVHqiCsCoJ4juf5r16ekRjijqEysRtNIulE0TC3KjcMhm1JlSPTdOFj9ucKBrMTq+xt82rOpP8xFp2dkf5pIsv8tTB56oSFlc/D4pSu51QlUnbQeahhcOn4gdvKCBj1q4teRlHjFOjuNWf6bWAMsvT7tZP86F4HVj72XXruWLzghSTKtXGl+DwJ8e7YTM4OQ0+NXsdLl8Nsv1scoL521Rq6djvATO3+Fj0zgHbHJNqgrmZvj4WgH1DYiJyJZ7JL0oN5EuolaqzfSKsrhjyGsG4Utgq88tB3KbV4i9edqGHFVz3oFil8zLLr8Q3vQAAAAAAAAAA4Hn4duE/8xt/4s/8xp/46W/90//Zv/dn/6f/9ff/59/9/Vmaaj8hdiW68VttN0/+CEl52hPkw3Ptd6TrMpEi/aj0W9kbBBr0p6Fl5stufjlbZtIy82Uvf+bYLzO1eJX/m3+6/0c/+b0/+tnf/IVaqJgASdxAwTKr0JhW4IXiZ9Ipkhdi/RLZZqgFsl1L90bH/fqTYn1KcWTpe4iy8mlZNT5rUXlrT2NJtkv8o8qSzcZkIYfda/Yko9+KcfeKmnQ6JtYT2o5na7vDtDVYXNZEfg9q1aNx3IZsC4E9TevuCublsbXM0Dp6F1qUWpUHVTvY1RRy1dXYnjQSZJJYccF0UQbsDN1uJ5eLbaxx+2ztCHnHZ0XpNSzz2L7wHZ5Z4/7O2ek6rPpoq2+6rdt0c5TRlDwTgAAAIABJREFU8ribKhqzkU5Wl84+idz8XFX9RrWTYpZZ779zlk+VWItZymfbOwRlw/LMWs18WV3Fnoj9Py9I8jyIYjlz1wnkfH1EFi2hqsVLe0c9x9D48rSdP/NpX8/ZPiggfTRFhEJVOa6/caxq/9tg0cpjg7f85hZUg85PhHaOvdUSmjlriEXzZf8zWxJqtmJSPNfim8S1K3GgC5VXR0yftr6NXxVcw+Taw+uNZ2JqxNJoaSc8/l61uz/WlbAwG5bvsAO0UHH1Vai0TeluC5QzJ/OgRo6Xpj4iRGx9NGM45wg37Wxnu65bF2cbxsCVheVU1bo3k5IcX/vGlFpAGUn24tLQk+0QKjNpu1JyeqMiLidxeDug+A4Wr/PpNgyRm6IL9WjXRiHaklWPPbfjLF+QeHy1sTeqc7vE1i4nUlFUsuuq81VXJzlUiVJPkmhp/ZIKAAAAAAAAAO+PX/vVb//5v/9n/9U//6f+2//h7/zBH/5yIfv1m3BbuatQeBndyVMzGnr8jjstK45v0ANf8sd//OKm0fADNOjPQX8r3KWABjTo96S3ItsH6T055i35t46vs6lB7eeRLZ9+80/3//jP/28///t/1z7geImwWfFRip4nier0p6sPq11LFb9PZk/XTW4i22TgEq7Gjk0YXEBXJJnZkqykuMYaRMaj/8na5dlRpz8+K7SqUnBPr3nAOXJoVt7+ahCT8uSN3nExNJItPMjJrAJ5tuG0OlI9VgZRR7euVaJpRNYtWevYBoWB15xdE1Ine6m45TpfORRh0jFKJGvHpTCrWVJpWN13Iq7x2h29Y61anc2qHa5Z6ghNm2g7gAdVeVEHDQrd+SDxDiP/w35cbYDl2xilDG0Sb4NzWojGd5/Yqco+HlQXItLZHcyaO1+PM7AtoejZR413yW22PUVCnouo9HpQBUvhBxGWS7zuke9qDe5qJ5rZRJHrik0/WIown5hug1invyoGol0bvei0AV3fMrujTYWJpPPP1ppr06N4He2iYXSyquV5z8kus3RxvQ77uPmJILXQ0a5JX2US9na9tjlOhqoICSuueCOUyUvXtMvJIld0TmeapGvcelxMI8mhvx2NERuZFVbYdGZ+JtbXDpfG2wrXoztHtvuNn1mPG7cfyjeOaEAZGX8fUK6pUHzKeNQIidvD2bIV5ot2wb8edOHoiNdZd0YZIP3blVT2o9pdkLAwu3ZQHQK4si986sxhkTmo4I0v7/ptRyqpDZu+TpRJ1AZKVQ6b+1A3pxVvQNFY1+GPt2jzo8HlCK4ojdmfzkPmZsPWPSBzeZeRELU2NDbfjJyXX9gNDXOdxDdCIrr4UJO/j81gmBvFRYMsmfJ+W85hfJ0oo11Nd+dhBQAAAAAAAIB3x2/9hT/1X/2X/+J//d/9rT/4w18Wtn+VnX+/119/VUu3yjNfw64XLm+SV9+U/yo93g19TpmgQd9JZwxCpEg/TSozR9Y5+40lr/Jv6ppyynFpsv70P/yL/8fPf/b3QoIjg2swfeWEmYI+MrzntjJH5vDotci/hZewq6hauT47Lkr/EPeWpcI9MWmdC+WvFruNqbOvC7li0HisHTxw1rZ1Bmj8naZW1YiGbuIxaleRM66bNLYnVKHr6raK0ltx1RJ09nZozEHRIlKE+eOz7uEtOl6Vc1yHdxqlGIHF8i7EfX1/oje1E/q5VmqcfbT65G5NKt8Px0vIAxnWOwdb3Xz9Yl34QqqyMoE4cycPmt47jRtzvkdQmjdWtD062vZ+wF5PS792zLGPH9tv3pafKtz9SwOp/r8Fc1ESnpqrXs1HzDdfaZhFL9vbRPOuXNm31VsjO+unHnFSzz//tHsEvhoKdOij6marAvXgzCzjnDaLTJcI86aL1OzhxPTmw8h4d6x2tt5Tcd7ofVPC3s7hDDnM/Eyj6w45hUSDvW0XAxP3/r3+qf+0xlmj68hMma//2PeFFrrg6Vj2d25oGL1/1DQAo3dHRLq+rHWztuFWCLtK3mvwJcbuwTI1XsykLmSlMXfPt3f9gly9pq4+10e9orXFs/U+SrkVYKdBvIBaRMCcBqhuPSFVd9ocmGGff/njvG/MRYUa14OYml0T4HoDJnzqUvFBS8WbqbawczrpLjPly6h79FMNiuzbPCJLNhv7FsPdxwyjyvfw1FryAQAAAAAAAOCd8S/9uT/5O//pn/ur//3/vZbN5k+MhUy42BGu8uRlvpquS9tPF/nFRKBX60KK9KVTxCBE+jqpfGhpq/zruIOZUw5K249Z+J/86//vH/+Dv+ViZCKTS5pnUY6SJURsWyMtK4qrBRJvrU0GhChVCxmlQskMsewgzTxUzAxFqWUMl26nbYSEQUaxDuRqfLbnhFPULEUlxzx8eCjeGj6q0uRjHc+iTKFJYO6zsGnJ5D3wmgvT2epJROMdT4tnGg4O8eog7/QHTJR8qn/ZWte0iwudq8cEGtcApwmEPVw1AeGuVoWbVSHNxdBqu6jKUt/F3rPjZEjZQdnG/VJlhz5qwPJDV9OrbJuF+iq7HiNc/ryOZwhyrxXhcb4npawfEVXZORalB0c9jtxYLx5zuzKmPLfMZrrOTIjLh+U3d2L7QWztsdnjGsjFvlI9FgMmqhaBs25uWCy5Q8dhke32r12QzLXTx/JRMWOyP5m5ix1DTDzVInkMWINceVINr9l8RjJRurK2nzTNFEY+h3bQqFmiFOXDjta11F8PLxG9/tI3Wv+xs/P1g4W2kv3huiLTrFPYLUDVIrD6hS4mWd7CqcE5S8NiK18AwqEoD1yO34N6RlsFtF3MqpejWqXuDFfV+fTFBPrxrJ2uI5ZDx7EXc8jq+hhefc01mrFN7GqI27tzBOorXzbyJ4R/oQhNYfTIjEf9m8zO5NFmA8wZW0xx3iaJL1kxezQoCH1GyjeqDD+YK1b1mTE4Zkkaql2WOgkeRjVmU8zItLj9TAVh7733LmJaV3KbznFO/LsS16UZVr3l25/HbRaR3rl0Ug1WvWONpGs261JsunGc6146jusMAAAAAAAAAO+M3/oLv/bv/pv/7CIeIZUv9xPfvuVz/XiRJ3+YTL/cF6Xtp7fmf8/SkCK9P51iEFaAD/4785fY5JeZL4v829KO27PKv9Yl2O34zQNR/iSKmeqVy4V+/Rf/5y+omgaGPNoEXF5C3JFZtsSYo7UWES80RrUBroyctDK0ZboZEB2oBg9QXNlZGSF+C0l6NNt0fxJ1MQ/xfvxav7s4u7UxoR0MsfPNupZR0VC6MCg7mZl6r1N27no+D0vabFg08YqI22hVo3m3Afa4LGmh7fLZbdGWrd7Pti7yxhCDUj/YmPVU7bKIrNfStpwt8yoG7eDRk9uO3rG8D6Y11AZtW12xd+Hh0DitFqVjDfeV5XZq3XORTpenmKiHdZTvo5gpcq1FWi+FWD+tWlyo7XyOJ8c2chmrbfu3SkoZm7ru7PGKGpRNTDHOYYO104AYh2xA3acHOsLSqu2H7K5Mt5c5yPamNA3DutEODl33qdRbFnnPwsvLycsXmAXX46I0idba0PgrY3FsaEZT0tQV4qNaQj4sECaMg7p5U763ergmQxS6Vx7y+5tDeHDjmYWyXz7x8R/9WroaSnhYbJyFlxMvPeIyX/ww3FyG0NhyTLlprF8eYSMXIxN1DzPH9grtZXhch+btjY9ko7ruNsYU3jeZhEl6/F5maqWxbC6vWbiX5aFdzKOMrCgzvfM3U96n0i8ZNSKn568H4NB4FtGQvjoX3Y9Wr8Z3h7aKy6HlnFJVjqSEu1RmViWp5RDJiz8kUYVr3FpR5AlRb+2icxzxNZlZpJvSnnprF1vPHO3xd70Z4YdLgLrZ8ysKs1qVMrP03l2V63PqcSxNxSlp2c9U78cULw/DYpDQYQMAAAAAAADAi+A/+Ld+83/5az/rfftj06/e8fSLb/ghwcncyAQyI2+5p+XYc/6F2HoZ8eUV5fDgg2/IGITTLWwBH/x35e/R79AeWfBlmd/FPLvlh0XXtl5j/zu/9bNf/tE/Lo6uNl7yasQdKvKcXXAIklyydJs6r1pyyFjxYLR2rtDS2KUeaC/6HVftUbVFq641yUWy08s2GOZBjoO/7O+Zfiwf5JGeC7IRa8zSliMZKrWJjoaJKUE5++COFKRI6qcx3FrUWXVc1v1h/hFSAyVOs3A8QttVlCWKdDEB80rxvDQelWlBH7ht3Na4aB/vLYqbceD5NtTw/ncT6kKitsJS1yvFIXB9f03v8KNB4POeNFdPM8tskEY0quuKFHvKx55z0JAJh2vH5nqDudLpT/Zdv9DqeWHBd11sjzZMQ3DV+rmq/O2JVcOGUdopUkyzMBsvLuuVtGxbrdi1VTiHlqI+E3cgJE6b8tH41ppOsM2GZXe8KDWH+LUNng7zaleaLyQiou9LpexkOB4tGTNXzayEdT2XzJLGcuU3mI68afyo7ETXJmYDOYeltNo2aK/HRayTHBAZyt9On3sQHyeimCe28oUin6rhd8uDmtVfjeoythdd0aAy1AZ1n5DmzWMfq2pnxkykuqfQhDUmEvnee1RmQ1oi7fnAdeLmc95MDeYm/+Fm3YzeFpagZRGyNTuM8oRyRflLKbV02XpSc998OzBTl+UxRn7rym45xATa8uAceyYZd2W90iS9c+OLa1kjg3eViYhbu5Dr2McFbdzeJdyoinT3jlBtl7XLTCLcuMV4WmBe9mb7shXpFgU08vXN14VY9vMlFQAAAAAAAAD4cPzar377N/7Sr//uX/8HLoGIH//+Syp8gthPlEF+G19z13JmiYuElW+/IRf5z8mZ6cb8WznzffWCD/6z+BmDsEZxAw36RWmZ+X2Rn24psy/4ssyv9/dFdsukq88S8T//q3/vF39E5HYAKZlkVp9WUVbFVnUXdPoh8xY8eB+8yMdS/jzLm49LcBOykB5Hs8PhZG1zPuceuvTv3vtCJxRSRB226L2k1U71TB4mC1XdtWpzirz3AuBVeM55usQNTCSjYcV3l9Lp4oh1LJeI+cLN1RtdXNWh/siWGtYqdFwLql26H41cd3ClEwmtZISXWzSgDJr7kvSV7VZQQhIyTZc1j5oklwZvurWu6ABrk6yibbhJgVZVpKWPhw0gIe7p6k7HTsQdw1kjsncidZFUp3OlJtloxg9acGShVUv0DcQ+XdGBsTKuMSeLdlCGaarmL24z2s2BI4c9GkmarWwPgdryWvhGR5hGRL7N7FmhaqFWXGfuzfx4E0JPob7ZSTzklzZamLXhyORBC7w4Q2Re4XOeDGB2iXCVUh9PjXoLk16LWsb5j8x7dghMGO0P589atG1SIWHp1H11tM2694VTjt/QVoiQ0KX4rB4NK/PEKkuvBrSNHeFKEG9eab+4TkyIY/bNgI2p8XAucosmlOM4xya+Jpu/0Z0oeqGP8xiHFoQuj09tuXTfRq7QGRVW+QJQH57e9Whba03iRPXP2d1d6jZiLn5K816KEAvTxdZZKrHUMbXHGIwJtCZQaLbsnspFVXptbG3+3Hb1WjjqbGWRisbj1ectRLKPZF3rcRhyvAOcxcLMF+0uk0dX1DCNHMpLO2Pr7QsRamxn2HIW/XXGwvbKHidZh0C8ZOW5RbgIsXAjahcvzU498xnaLqrLYw0fmCKIMsJEoitEFYTdVXpmr+nuAkxd29Q8MK8lSPnuN27oC5F0Eekkwo2IWulCzK/uKdVS32qrDwAAAAAAAABvi3/tX/m13/3rf7/IWmmWwZrAsYtHiK8yWP+xefzsJNdVnJRRL+rlKY99C38NWTpo0NdoxCBE+gqpfFBpq5yHcQdlt7Qq8D2qhf/4913eWeQxdW/6P3soKjQubJUuuUMsVSutFDm1yoNazmhBdpo3FFDEUlwbsC27SKt7dWpXrdmm9uWnQ2dkmBReSecX9Rod6rD4MHRylfDSBwNHfzK0xS7d3ti9uY82qcJ618BonKEWWgB3XTbN+KYjVTQbKvVpzOYer8YiujepxNw9bHbZTCUGVUTVUOeIuVxy0k2IFBZZjuL0bEd3ch3HS/eG0pb2tVfb06MBJumW8DIXB01t5KCzGHUgdasMGpX9NjzHZZzQ1nelFh46eymmgD44TCRlSYyb10y+ZE8/Oyrq5r7Mx9qoO6ai/VtZ7pla4czke8REGg+0bGRo3RZDParJtLrFMO4v0jgJ652Q8hwbkUZD7GZxwtTdgImpWOmNdzKmw3+23nR1idRwpEQLm2l/vHo1HhRuRf9WDxdVG7dJLzsu8O1tmTjpI+U4ojUgXHbBlUNVj2qGdIOP3+UML8dlp+9NdXVkVrJFPdqJRHoqiotxmneRfR5bbcfgWTXfLOKtYGrWF2Exj70+ZKWhHA48y+9qC7zRzKuomxjm2ObRLBZ9sL4g/QoUFzP3nI2MZEjhUzi2QLS+vMh4uPurZ6QQXSy4ob5hWlN3nKy+QJstm2aD5754dahyS5gFYRmYMm3ei3KlYTxN8sHuJ499A2Qm4kbd1Jji0aMl++hqwbgOEZE7dVeqlpaFqIWlLrG479BGjdl8/ApxY25m9ue+ge0LUrdYl+ljNw/bLr35hYG6OPJ95n+3U18HAQAAAAAAAOAd8S//C39ylrgm7amUn36bT+cbz9tn59/IOznfI/2oepEizfTbSiIDGvRL0jLzZZG/ny5TFnxZ5q9xB5dlyrZte+355c//kCnqX6hv4tb4KJ5OI/iiMpD6YAjQS6ibAaOGY6FFuCvQINNGkxS6wFC2rVSV2wYUVRHNga+mHOJismz5XEPt2Lrtqw9Sn1WFyEtnetG1lVXfoOKM0ViqW0ZTMRHzyqbi4Mn4YSeY2dR6yaXK21VS1mfYONrTq4HJZbNbN/uHg4LSZ1lm0XPVIIzDYjZnVAN9+X0WH8ztkqOpUG9SVY8WATnvrogsKkdF5g9m3Xyqq8ZC2SsrZmayMBO6Jpidtm0tfovq6VHcXLN8mg3zQlyB6Z4b43AcnUbaBIbZzVCaC9BF8uRh/dBE95nLDdP2zIhp1cX52DfvHxENMca6jKjrOfLveTLzSJ8qqkfvJnRAMY8LC1ET33unc1OHVfg4VD44U8d56nVVujmz50uKi07djc/NppPFI9XJWGLzMyd1TmVPRkNVo9SlTCb7bErOfeVLpuUgCts11x+ppV0XEVd7xAESyicfqEGHbtckbIXG6WzVTUEeONczCw+2VrE444l8NE1+y9QvXhL5GBFzWfRc9mhMn7gr0dHiVMQMB+3JYm/qDZBQ/phTUFUjmWNQ8Q6Fca4bmg5n8nB5Vpi4Rx96mPS5lsirVxUWpa9rmQsOBWF60q3rPK5+zC8NHeEYwsZpNNjN3Y9NgbiB4EUXE6uJINs6DL+mvvuEXOmmDfaZIXd0mpvMzhChDHU8Km8tmqAuhZ4KVlYtpTC3IaxfHR+fECYi6mLmg53NptxbqQagahxIQtSEWVgaNYtfa/1TNS37qLlFIvXObbC39i3WbGm1ThbB0TZy2bVxZ4mZL+MEAwAAAAAAAMDH4zd+/VecLHJXmoUD/m8vLoSKvKtEoVg8G2YgkyghH9nUddieYh9R2/YCsnTQoE/Q3wqXQIP+CHoWuL8LLQu+LPPnS2O3/XJDv9QIS3o3R3vuIUsdMOonLrwpj5pRTjTedUA7mrnKpJU25cBf4saLY7HYGdxIpl0buULMlYJSg8x5G7aWGjxXQEzVqmHRYG6NPdDW2HFz0DXXQS4McxlZXKSXMYsJJusN+zLIKdScFFFb60aRENMOg1/1pjV7LAw3IKTGTbp+tLae3PO0yUX4V2WeW4OtYWGE3HBU4EWDi63YuFR8fLyRHCYTo15KpnGbrPG2K7YOrA6MCK28PtK2EFHvcpJrr+hJIrjVspihuOXGWTwZ9VZtBnFuENvcYXuXozH+me2fJnylmV1r82OvuUdQ3aecKzm1WT4gunPJrzmojYseUN6/YhNqD85BQJkl5Pm6bExl30bfk7pWLqUDgyvUDC/H8Yj9q8MS5r3m4FfjnIXbPluowkyXdpGyvjv7hqqDWo8RjkmJ+rloSIaJYIkIZ0y5+M3sStiCy0onVzqFnZlpPtxP42xjPcxuaGCCb62qul91oqhx4MTHSh1v8nj2UIk9RnlOWKy+MqFsBlhu5OSTE6qr4UXjdmNxxDNTa3ldRUiVja1R40aNqbv3Tqk2T+yvxxoXsHirNotDV5dJFzWv0vz6Z6zrKJlFmttcmYPN5nNfzqaCevZGs8Y3JpvdoqlZLeZo3C5RtHYh4V9+/86ttab6bLXoambh5W/JyZjSHEuTiHxvrelLQXrnsh57XUhuMWrz485OtWtComFQfbXEpYVO3DxeKbO04vWa2domkqssV2u69tTNEner4vhpua6nM9PVXOYu020wuev2UU+nLczuG1EzhZ7uOt16QqQtlJhqM2CMQNBMxM0aJOOXColDObeH719b21LUoMV7rC0eW4J+eIafVoo4kN587Yqehc0NI8WOVZ2zZgfGhRv1MG1sl0s9J20O1IusbofmMRarY1ndjB4FV7+JNT8Wpm+DUmbn+OoRAAAAAAAAALwrvl2qkLAi9BmjLHe2I7RnZfP8kEcmwWv8qpl+xbyPjHrRftCg343OGIRIkb50KjNHFjnpdJmbnJvyidYRCudy5Fz5njIxUSMW4k7cWIQaR0nme89EVM21TaNCzKXaRVR+RbSzFT3v6z+o5gxB6kojJVXkdFCUC0931VrVOaGJ0WT+tNhdMe1Is1adGsRrW0O4KXie/tl7r6rWTYC9ySprV2U1EduBqnmKwSW7SpLqfIWCZBrG7YSOASCr5i+tFJdtLiYRN3RwyhLamt3Cl7qQ+KiEhh4zS2kWD8ELd9p5t8gzFMqb8hdF7i1pEwB7OT5BvWZLfcYzml2LlZ11XnV42+o0T++imvhlybXBRSlLw5ahueNKhjKOiFw7MtXihjc0T241NvW5WJ9+6nOx82QURKnCyfPTGiAs44YtVrxhISVu/DQMBU8LJs1tNXYYxekX4dnawn46VGuuUhuvTcRAtDReDH2YELcLSQx8DD9bUDoZNBhryy7nWF+EWovYhyU6KDN1i5/K1HKBN2YfmaZWg+wqEJ1L9jEKOyYhc7foHh/1YVdYqXVU18sBMdc8Wg/6wFLx+0pE3HNKVKnI3PItLO69kkT84iirfsV653uF0vZMbRHDbJO4tVa21bxz9azu3Frj1tqlETFduirE9JRnG+lwOclkbkrtksWlNQub6EEywuStd+niStly5sq4J2yYN4cqsYgvTyZiVduS68645VWK/E2dX2/ScM36oHyP/mg+PItiOhXClN9wiOgSXwyILGqgTXPvHpUwrRiZL6aQ41jUYkOtg9Ts65pZ+unXN/YIi7HB4zrOtAvyRd+JWoQ7DtVvuS7QzEBR6y9vJ/WPqsbDMVxsmTg2oRNt2AoShol6/jIxc6+hOd24k1ncslEGjSo1YWmSXyM51Pe6jvIUFovcmac1AAAAAAAAALwO9iS6ai+4kejyiu8OUspX3rG0+Kl1j6R6rrHU9ZTykSJ9vxQxCJF+bCqncq7jAt5bmuFq+VbaUdzBW/guHFJxXrM79C5cGp8aVCnF+eSoSuFF/iL4pjEzb/LMqqYtNlH35k93KhrsVKp52V4tRGTCaI6+hbHKtpFDUT7E6eZrp5r4ZzZ/0rHdGQ12x30hUJsmetYnbU2CIsPWlq7+GQYoIm6h4AtUfEjqpKSqeDPrOzqm1KuNOr1hRKoiehqITXHF5GvoGm/mYGNjUpf9ZlQ1b8iUiSm0FFq67Fr8yjjBy0wHnChmmKi0M5MFM0ZjKMBW1MCc5mVcIcMnZwS2HLVWcz87a7hkYxrXpbvTSNM3m6HiEzitrKo9ElE5c7Rgc5OYMeT4qP2hhZrjELpqMTxSTp9G4ELdFNnyuvt8gPVTKZL7GCshMi+Lwxm12jKiiiRX7DGHZU6orGJgij5KB8nUCiJRdTPbntDkDQd/mR3yuyk2omUqzejKlVjesxIpUOz9UjpXPGvWc3ipic7dT+ymrOkk2FoXMy21qPrmtD9aCXDW8/0ctnkcXXBjSb/OoJo/tQUWUheNzfJQGHVx4zDI+86hEiJmVRHqQapKNo6jnty0tvmKaHnostfAaqMmsXrSdbekpp2GnZfbTrQo02FeLKAcsxru6V2B1lqYu/mhZ6vDlJ2t5e5k1yW609HoL8euZ6FRrx8f5Ury+0hEbq5nX0d0nau1XaPchDltuS/DlpOIqFtAxLwsFdopti3N49s/DHTLIrTV2dh9ePZyuScbEKb/PJQq5SDwI8gdem6P+XJLgus3K473k1kqErHrGslMJfOFqVe77MD0neA7XKn67cC1qJvWhP7Omi9xhHOzUKJSO+hK4uZNLQe8OWCN08XGSITDhdLodzj9JAMAAAAAAADAK8F/wi3lsXuy3zV/IwQc8+SP7qvl35Uuyl+mq7YhRfpe6RSDsAJ88F+XLwu+nCtHZv5WXrPItlOO7PA3+YuE3Z3LDU709M9Ri5ZdGfVhG7HuqH9admcGF3O6penVseJwacQWH+p/MojdDnw2ZjFkU+sBkEp1taLJ/qaYt9DBzGUNLAuR4W5Pq3/Fw3Ljj4WLyHAvWdV7tJxNlYXbhf/UuBBtV3yVuA7VHU8fT3ZstWCRtYJmubW2wxjuXjeq0FSDallj42UcCTZ/sTW0ZGmVe29ctVE1oKnyvyr4XK+EGk7PGUX9aV3arnzrau+/LPEXS/OGJtVGFlk4p7bpGGkmOm+JwYFuWGiZRNxidMlGjcuhAysafaFqTjeatYVtDYXjQle57NtBTv0dRqeMOE/PaCVhY113RbXUNOF/FOgateEYMS1KSOQpY4YFukSUNwmFBrvah2NTuwFQ/oJQ0x+LJZoTRF5nNW3iGjuvHEzSIudm9OKfVHqV3cGuEqBUHErUGaZyYs4TuR6HItJt6rn7iyskirgYAAAgAElEQVTM9ygVVDH9gzaIwtYy3nSqwRNz++vKj6ZGlOx734OtSfRGG2vWc16rO71UM0YP9GYWhJJqp0bcXZtsDi19VZoVl7iDTWt7G46k8BurgfHIhy7Xts9p0VD1MsHFRaziEtHwwuOuiOqM462/+VLD6qE3vkGkEb3t6c1xTFJb5IvNfavawRAOoyVDEI7fParzWy6Hc+joddzFfWUyiapgZdSUuYIw4kFOJ5+NtHhg02ZWo8zUxfRvm1dIOYC08RJbIe6c1A1GXKopRXmXVBkfi8yuRYj01AeHKrEe+Oyum3kOgJzfKcO5aL64Ujcq0dTI6y4rogu+ClVZ2X1RqIaQG3Pvfbxqwem1edA7xv2mslbCIPLo+hYAAAAAAAAAfBRkEHrQJJTa0Cl8XeaZSuYV47D8nRbS/HMgm3K9XvDBfxl+xiCcpAoCPvhvzpdT+eVM+XKuXpn5spd/gbkc2eFv8oeIffiMLZQRm7OxkCGlpDJv43uIrxokLxtW9E97W/3AH+MZl4YbA0QpfroyT4125nHj9qzZduvpYTu48h+4p2XcKGO2GaoO8krmqS5N2i2NqYN2y2ibdNxEpu5Lfbj0f6Lhg9/I6MVqZTPzsbVaOICtlnNuw8AmhRzzbF3OTm4te5/Ve7NC0eTlshyxffXnkZjz6gpZl8hryfJxY8pYTZXGktBxb76PiuSdTMN0U/Nms1SalcRVuj5p62sjw9ttHclqaLgcE9ro3EOrUG/fiQfgIpOjS0qo3XDrSgcHm638vi4ULvbiUO2pG2NKcX+evJrHv7+zZbf/N7fTij1YGuy9U+fLrhIwFVkz1RtJlzAJY+YmHgktCpCcFK66AiprqOoSXB1p3Qq9JbGwtIzI6MoMjqsnZlXVKPSWaS+q5mLibjfZtE/NjnLKHz7MZdjtVcW+bNyhau/dB7RxsTL2RaUq1sv4RhxCUXq/mypvvKdNW83dTkOmptZdprTr2gd1mKk2lO7rNJdljanXUsPJYoai3Jmatlznz1doi0O0HlNdytqON37oNF0n7zrUnnPadEmyRYr0TcJlZacOULtHZfUt3/LRPAkOuetP9u9JHrIxAwX6QrJ7BC1dWnLjWFHTgdDI/FVOlwnYfxGThyIU8a88W6trduVlmG3qZqXxu04d4xwSnZBWhqy8rknU4Q+7ajNcbVLEs7SzV2JQbUUJf2cz9awKytgJcRaZ9V2vAz41ephbO000xCHVzpJQp+8xeHZzoDW9b0LNjVuLj2huFMt2PA9Nc0l20YEHo/3QP4bW1zTf0BACAAAAAAAArwT3nSP5k2MrB+aBL+FMg7f5/ZegrOXGkr+/dsvflTNz5dM2v/Xlqpx8atsryO3B/1H4GYOwRlkDDfrtaTqVXxb8vshP97RBrrTNr/Rv6pJlmes2CDFRj7pEQlYjbmbij5vQ5iKUcQeLD7eQGRaxeLxtiPfsxo5tAQuqBmhh5VbLj3hglTPow0INoI7q0rPlymauKCeKfI/IxKc77ZUiWa0Kj6s6IKkTvWjDUrFXM9agiQfqK42itK1imXmsI4StISVm5rBGYDerqcUPTayeRyXt6iIHxejm8K0aUzjuXO02je/9EBcrp6xz+HBYeKUH0wS18bGFh9glBjnsmB5qGUONdaFpuMMGy0NmqfCX1JBotH4p+/1wcBYbczE/oTHyP5s30iJ31cW/VwXlbpu+SMyd9wfdBm7+3sGmZaEm3EM1Ma3l0FCaxisaX7QP0WFyVbJrKzToWDM9jbssLLo6UxtWcyfT9FEe+m4VyKH78RGxnScmWNcPY+KaxVyTTi0MB1mENeisuI5AfwC4F0pfwbZMffsPw8xqOxfvC+9O8X1cdkp9r9ioUvPbJt4jD35XuqXqmsblzJkOS3/LlQHTIddCm0dR5VbPe/ZhS2VonlN14eVy8nhzZFor8us06l7Rrjfo29xiP4h1L69zjCtVPL5bCxt6H0vxFdtsRtp0BSa0x/4Ic6tm8uMI+eptfmqwXFqY013s7a5fA3SRl1e7a6xjQFrWUPRkOYC2ymKNR0EcjlN1Rv2TlmdMPTDE1Wk6TU3SH0+uUOJGrt/MI6tuHvYpnF61w9lUeqGhBrkcOJK62FyFEl+B0jDWHcjGedXdJj0dINsXkjBWJFb/qroFLDczNXdj28ybtG1Z+0qjimObFRFx96Nt7Fm+96W8gMrXtRYXfhq3MCklmuO+2ndRbkzETYpJpZuEtjSR9ulJm2kye+Yu5qG2xzqdbm/INDMAAAAAAAAA8PFwme1gNjLJb7uUKIApQ+YN36RBJqGlCF8+PcvPkXvzlu83j689u9M20KDfmEYMQqQfktJHlCY3lSZ7n8oNbbD9JpXj4vFiz1VkjB57SYRIunwvt76tkGIpOOPYtmlpaVSeHcrZURtkm7fawYy45mJpfTUXA6kDVWXIvRZaivpc9Vt6E0ZnoSI7oYkmTiorF7oXoVEYNz6411lejkMdTB/e9YjVm/57WuHSWdk2Zgo7NKzgomE4oVpeLIZRuzxonbcjvFqN0xqmyd/srK2YHi6zHFLTpSPQQ0ze7OY1GWZ2+7upRsgbKw+nkqyqQRWFq9KBTJGweHLVvlXtVbU4LKpRBR5S7imnxM2EUSfqJo9rg8VFpK/U6vnGtrkgV0mbP0Ey6f3YknG3VVMiEap8cRWbuFbddQcXNX7SwVRHlOXbj9YR9jdS//FTx5WZrlok4tDeh1PIwbzS9FXRuBbKB596X1pFIRezUhvoxl1ZnP3V8sgp5/LkI9X0ReHi0HRazFLiqLbprmMZB/efGS/OcQeJ/2MPc942sN4af1wsbBoZWy71iKp7bdAR5pyS21A2HzRbSWEBNs1GK/aW2cGigaoqfBnOPmYKDUxVwdVRaDy+VEgtNF2f1k3XG1ZfYcrqS1u+d0qN17Axow9ResuFbycQ1QHkovmiXISpoPPvI76M8pdAOdqonAqhP+UYLrOa1Y66U9UhPCg3VYpJTkB+dxFanBLhG8FvLcQLt23Oam8wq+avu48Bifh+5rg1D//mX+WaHxAqX2i2dBrFW17MqayQq1GZubXWe/fvC625glBEpHdVs+YWMtlFfGnIs4/ymstk/VkOMwpnqJbTl4cfk8PStaWVU21n4/iGdbU65Udcj+vtt1gAAAAAAAAAeA34d1WJZCnFXUl6Uxs38CP8yK3y4WvpydJOps8tDSnSU+kUgxA06FeiZcGXOb+cK7PPfFnmD2pZjoSk7WobvKxe5G/1lNcODsW5CUvoDjtJ0+vwac1YVFZUVCAjFmqb7Z/zMwtfiFtNwChRpZWuK/V3bmIYF3Fo2droSLaSBoXToUboFgwjsNDsLdu2WXGLDOsPdtpAvR/5upQQ2vN1p1+yNzQDe5Vl1LkOBqP+4WbBzG2uqppBiVO1xUOVgze91erlxWBKXR9SG3Zgz1cVBSs/nEdT5sVWm8vY6ZGMPpI3Zfi/oi4cBwW82yBFWLgiFrcPruoIpwbPA5IaItMOzprKUcWou8x9ToYKJxVPy6MmFTmlTP1L/Iu3drWsFNPkuOdDWwuUw+3amjqUZfjNN0c8GR+7s0ZrCpuaIheBF6DWQBJ1Zb3GiDN7OJ+3mmryFVv2TA4wXYi7vzLcGrhsrkUMSDOJI6ZeVLr26HCSivA4p3V+it1VWLvFFOVW4Fx3sdxyNKoacm8hpgXmeFOCi6vE6C/HtZvwSWnDX/tJHjbRDMWGIG45SWUYo1+mSgmlVDMDq2LQzhQal+l0i0VVX2G+Q3l2wOiW1618tRBVR9k8ux4nlD2iKj3hXBBVrc7MbNHlfDaqdlMN3cJmU9vWOOLUqv7HFwVLub7Aau6nJ33RX+c3IY91G7tH/G6Pt0yImbuqKc0sMvY1d4sXaDs6Qv91NvVqPTZ9BcT3Ad9VYcKrQ8p2f6JcElI7YHJFKJGGuDTDOOniKlivQsoNAHXDq9aatgSFqV24kxoJqs9dCh0hE1FrxBfi72rmV8zKuSjn8tBzx6D1m+GwcD3U9PjVQz3W130aL5/6FrNWNaJuYT0tjmae5LXuKF0HQZ23F4V+OfWmlx0AAAAAAAAAvBCmn5Z5BX2U9zaa+EL6U2Xip7ZxSD1PBk+ZvtWfkTlnXbJs5/Cj+aPl7aBBj/S3wiXQoN+FllP55USe+aQ+TcuSb5Btfgrx9ak2pE5J5vyN2eRQerNbaNLhUXo1Uy1Lsxv67DGx4j65SPXYyaN0cw/VDeDc8Q1zMpwaPRnOdUU4HxFqrYWs2WSa4mYU4etrWSMRzXqpdat4ZbpXhIy73d8MeMjGhvGc8y9WSnZ8WdFB5qXdYWprTPxXrYckJj2LsnSjx1XNgI/wvGx1E4amztfDnjna2PpkV5+lGz1dGp2URlUFUhrNjCMzLeYoLgeitvZAO1gNUGK0iz3j/nSSmXcV4T5lsK7YBZO+YNOAUnUb9K/ehXiwiPG9daZimSM1ZgYfq5XWP+xxxA1N2qS+3c54xLpsFHHsrMd1lKd1y6wenz0iZRobUTX8FC4GTmE7VnS2ZqWXQyJtpfmNYH80xAazTnGcURIrstUMpRCzphF3IVJ9BQsLVftp91PKOUzGr4QGvyvuogelWXHtaI4Tq97LdagRik/E7dOsJC+iHG7Cs/ma5opB5fGKQXhT4Ub8XbUkqkLhmArqGujO5rkt35OjWWr+WjPtgzVATWNJ5LuuVfW0mdc9/FQSGuJv2sUCyY3Bm3qptipMwIrG2ReinwCtNL/YqlKxwRuXiAcC5stqAKIcDd8oxVzP1VFh2Np8VeZjtkTZIijmRo4zLQ4e96Id6s0m0v1Ab7Ho3VBN2uCsuJsGK+476OCnyt8vPAm5mWN0r/urW9/ZzVVYTVhYTFEXmraqt6O6RdU3pvlUNsXv8tzWKyVdpEv3rwpNZ1AiYC0Lm0Wgd8y7pypF/z0vrtYVpmbuuCWvHdRYvMytkX1x6dQ5K2JqFkSTW6PUm4fe3s/KfELKoVfea/WUjVdS6bvE/uFwXGHrhHk0N7QzyNa8CDFfhlehaXtzh/beJZWmFLloaABx/d4KAAAAAAAAAC+EECukqJhp+om2tbrTR7Z2hFrCUstIYwW3y5mXbdjKojc/GXbkzHxXG0CDvpPOGIRIkb5XSnc/K29Yo+WR20pY8EPb5IKoIfXL+HYR3IQ1kiYV5s9qdjjp/vGYW2tVXbdWDxx6dJzCB+6ZFS61L1pta/mnnylWMo0aEbFgeUVySNsr9unSMLs1CqwOTO6O80zMwS2qG4bwEImtOJ7bFHgYpS+eojJx7CWG70aTxYtbJCyM4cTVGD5wk9J0dI7XaqOZNeaQrKZ1pXQpIx+Va2iyE3BRaRWtS+yLRRy7qjWsXS7jb7k3Yxsi0LQj0V2jth6qThOLYd28eHYlGY/9P+qe65a+l82b39LEok/pR42Hxeymh/5IWHlFZ2vYvzI+1QtlCJnbbhPrSJnhS11HLI1EHeNxk7Re8wVpG1PGYbSjJvUyrgQ2533Wp+YnjA6AddsdfZbv6mJnW1V3C4ctT4mMOF9byELiPOXwRCokplwhqcaOmruL20O1UYnoJ3YEHhRfuNEQdR+a82sT2XhYlhRLdig3F4jTGh4thtONA9MPZJh/ZQWhVPbDMY3/ys0WUz7muyYboPrXTWuJOoXWkIipC5F0VWmUSWvRJBkaVhAm3RHmr96yIGK+sJ+v1FmoM3Njc8aYgXU5X37kh4OpNk2hM8RwJT0St1rCovqmrNibmo2MJaZFdBH2k5lb05h8jUhMOxYqz431bC5JZqbL8FdWXRR4+SyL9GiO7sG6A/R2h+jWJW7tm18Divar+3FqbF8DRmu8clJxi3aRWxqq43LSzlITvYJQFNm+72MZNtPok/sa9Srz9pMpYuPci8FqZkFo+5HGdzrHYOgbzkuIKy3uiV3Vk+SjEGNBlzi5tJmUX7uEyuZy2ztJg2ghkS7jGdosLKU0f33kme63nPx+UxzosdnHBZL/jC9SzkEecqfOPF+I4veX/WulxCHopV3iu1Z6HcgBZWJql4v4GZRv3myYKw+3+woAAAAAAAAAPhgbGaxdzhQxFyaTxLVTiTt4zBe3wNh/6kzJR6lbI364BB4p0lMpYhAifeeUTuWUM6XJnTXKbh45KGH/qZrKUX5rs3tfZLc7aS66CWmkhMB1vvFO1HsvWpVZacTs7sWyfbONkXMG2XvpVFFUDZJvaw67qUiIKSkj74QyrHvcMjN6CBOlDElY+kxFCssWITBC9rhFV3hC86qssdV2MjVUbD0ZnBuqn77sXrgkSymbflOoUjgvffQqaZLyrUVmxFSi8PIXj40aQX9w8MYZ0Z7CtEpIeu8m+VZXelXqyNTCRkbcwiTaLWGkOmgHt5ZnaTK1cFPmXY6hMKm12ZelqNXKkcEeaBhJFbf2DKwUQ2qFs0/jFI8yxlsfcA1KcYQXiqpQmvpKcrWkO9zcqD+5dE8JLnpuKV8HVTs+rFjf+T6VbBrK4qmYq6NcLTl0FRyqMlNJ+PYmrjWVafCFaNuRQkeYZog6Ds2vKaRs3QbNDHYyd+xw5lHnUAZIShN0kKbwW2k2FMve1EJD8+MoDMUc+faLrS2yWIjph4/5IkwsYnqO2E0edExaG3brdkG37MaUkf1FwUNv6yT4znZJvM3evKrYXU5Knlu+MHyU2tS2ovHKpuvqNdV1rMpwOZkrbTQqtwMwlOuu89NzIhQeHDNZTlZXOHE0xYwBbSn7TtKl06mFmWjL5cIXjs2Yw1n0uly8uEgGoFclmHUt1KDzfZfY9aHA0YljX+PlEbuakxdQihWu6cDKFZbYe2Wjx9EtXHPZYkgtdcbJ5PKlIEopimXxc2NYYzlr1Nx2NY1UNydqxiZ0V58i3Njsj22Ypelmoep6NNfREC1PdNnG+cuhXhMe7rmUEa7eUn0e9Aj1awYcDc6dxjy8nJipZVRMJjXgI9NjippI2l2pPCy46RtFN32Ll14sJdNm+4oxnhnWuRWk35ngUdFbDySPtOiXG9SH6vgdY3jdqwo+dp5/XN0Kzcf9tBSIibibb9lqCinhQbW4j9ZOpa1+Od7tLNheKptc+AIAAAAAAADAi2GUqeYv0irDiXQjJfb8W0nvUTzC/O25X/I6XbV5SmUTqmCdnqwRKdLnpFMMwgrwwf8gvqz5Mudf4m3aKVu+bPNPAtZNOSYaMl9SKUQyHSH1Rty5sXQTxFX1iKk6RHVvoWnbaH5MRJoaqSoQitvzWvMYOWoV/o1GgZd33fOZXFFcDsdm1KN6qpaq0BQps1tQuYFcURGarFaFauY5rbw8xWR0Zpfht35K3DUx60s3ljItFkXzini03PJvzGOHRwVt/UCCmSYfVDRQOixFeko0CuRWVolJuGyZQ+Cc7uZyqqqKMxw86gj13oXDP6PFVeLqQTG8zU3Cdv+IiUzaWpZDy65GXoppSREsExfVY5jTZWy7UFS4ciDNcbwLMWJrE9YwdcvRS0931olerXBcGu5+OdldHdbSTelU6wnvbam9t0G7WDUcG3pYAELE3LSu+mw6x2Pm1orrPIs8Z1YiukfKuTeZnIjtWwqJehw/bsknpiMQyUKzg2rk2zr1PKDSt7Gr/Im07JiI2sExtB6FfZJrVdlN53K5hpYn9SPkFybmL+CqUpCNHrdMWruwH2LdDxnTV1lBaf4V+pu4ZKA5hIgp9ITcU+1aFJpVA1q4eQ2h2uuNV0R4YISX6lznoSKtrqaL0qVoVERC76Wz2aVz2u65smtcL1z+Zx+EckvvbXgwvTI6thAbX3KktJFFjxwz5e1PDnHaNJvuLQ7UdKSZ41DOY78QapU0j7UmZYXXtZAvh6LAHhW7pj+MBZDr1SzTqJaal3hipfPwYVEEs29wDmevFkWwfAMIE7AsqNqdTTsrFoDpIOMaRb0iMH4hkrqmJHReQzE293FklwH0bVxe73H9J64m5ZOmJKSe3yJCyR/TWF82tnjziwBnf2zBxm0HLaC1YgsdY2sWs3TR/crqE5RIiFpr1EmkE7HbTRZ/s+Y4NLroneZcvX7Od/Xgbju5XAjKMnNy/ZXhjnaL5/rh+18hJW+F+QGYS9M9GdR1q7U0m9XeRRWEXaMvun/k2kzdfZvQ19Erv0oydmTvazAAAAAAAAAAfCymb6oSP3mLjnArd+VV/oNi34q/+dgZm5vQHy+HB/+H52cMwirS4CILAx/85/HleeXv0VN+mfmyzV9lQNtyBrd3IV7c1ivBP8wv0qvln4n03MhH3OwpRU3iLvpc0tz7d4/QQ4Fi/jUIpVK9UX14Fr9XboERAj3uvU/PVnpj1ZUix2KqKJunoxCPTzZoaNSIJOaIU/2QYtAqD3U/gy5dddWaSJm7rJFkqWuaxijnKJpZhMUhhmPHVEYxTrlT1hbO8Zhk9l02xhtzS0RnC6vkr3cWoUatsTlwYzc94JYKNBGNb2dmED4RbicXrve8/9t2EjFRHWgTBJvQtExsOG6wCFibJTEPQMRe2tbrayz9sLEahthuCzE5EYfzT1dXadToanFaHHjKNqhdMTfxbZUeIlIXGSJv62MK9ON84TwdmuvcSjzPEgbbx0xCnSmm6EqPfmlGq1U01+64Wtze9j32R9EDeHu5ETdmE51LZoxTQv/upoB0xYi3UA/zVuT3qrISIuqicbts0EWYWg9bWI8ipi+DriaPbNMhLj7vFt2NhaRJDB+74FuXeRyu1TbPnGQSmdUUi+k8lDTHl6rHiBGjPDeYhYW7lAMgV19cA2HmNGZNn7zC0vw11zQ+I3mDu9uZCmsot2hwmvFsItLVFTpa4+ayqzbivO+WVky1Upe4X6CoVyeDcL+No7fi8rIIRZJZqJHPa+TheOfKeEehnv6hoLD63TiTL81fqeFzW48mj3hXRlJYiC/VDla6hJYyKvNXhflf9MC+4wvUi+ij/09JK8oobfJj6TbHeVz7OTnGkis/VeOv8TObzGE2OR/M96LbHrvnZddT9/gOVO6nKr8cRwM/8qvhsZCQ9NDzmzY9lE3mJFc62xeGztLGPRU7RNV25YXC0W416iezftR7Et/VTNbDJQq30gTOIyt2i7C9CdKda6xO0zvW2ITdIm/qC4TtLeU6dFWVt1Kd2XSSdLvLlTOkl29IxPmTrrDZ2LNQ517ay+59maP8cKHLdgrFJYzucWT1VoD2vXHz2I6NpIetPA8aafFbI3Z+Nht+JfTGVLOvmQQAAAAAAAAAr4QiheBZrstVR7iVA2/zx53aWWZI5D8Yajl5lbrKdfMC8Em5N13P/7jcG3zwn8DPGIQ1uhto0G9D0/U8sub3e+rtM19O5BnovmoPbfPLUfvH/Kn3mQIsOdR6qCgyRaR34SYqdv2mctvGoYUr8eZUpObBh8wsyX2NMXf36dZlrLHEUSuCtxBxcpW8hYaOJ4UPS5WylmhPqS/aKIjKIHggNZWYuWFE45rd7UTE9VAS3h2tWSYSFDO5YSHqbFI6SfMzjqqLapdMdcpNrRjDRkDE4voNiqHSLMr1QPYtIkXg7LooGUcglXyezzrV2PZLN7Oh9G0WkQvdZZhNVCiAW2s2ekKFiKlQAWLxNplGQaFzbWF8FQZ/pWvR3xDeR0FeUrP4cFWl6b5Aq5pZLUtiRlp6pay11QWUSyMGyqW7pvWhoj8NN4a5eCg5xfFliPWHGkfpMLvyzz91c51i5uU5XH4saS1C2c+yYKo2xeXb7p50XPkjEfoG9ikTWw/pptFVtRzTlJYqJN2DoRZPqj5BsTp06aqiLgYlmtrqEjHDFJeQhzWqe8Ws2g3vndtoBt+/4TefFsmQckxMlxjJYiXHzc0oOW00bZKdz8M0ub/BKKLEXaw2cjlmZrpclMHmAJOltJ+Iu0jopanUIhT2auwaGCIX/Xtc2KixFetM05CpNXDphC+iYm5KsebTBtr/rHMcneZY+pzvp+KuNmZwwuYE1LalrWqulNTX+oCQqyaGQ2WuQU9j+7RxXloQdzRr9nUtlqBb63EjNh1QPVypXlig1qyDxKURxcyWVGtWXDhSXTUeXTfsxf2cjDMiNo22rzQlNhx5owLiOj9dKNPwSC1bvIjck+PR5WtYOBcGU1lZ+aDUP93Ar0Z7pQhjyRZS0spW8z0hv6PAuWCEWvXrXU51Lt+O/PuRbXyLKesndPX36SOWQ+i7oJimhz2n79RuPUoFYVOfnez3FdIGsIf1aZjd2jJjokYXEn/RDBPiIWlFhsUUCntVrup6yxfv7CWC69cR/3bgHzRT9TY1neTUvEefNHhmnnW+s607JapoE6aLDVnXU6jKOgAAAAAAAADgFTDKZksUQEnRgQyX0q/kJ5duDfntIqhVWspJ301Vpk2buq7QvOSX9r+ArB40aMQgRPp+KV3Ps47bt03lXdq8V8s+/0ScwrSiCqOICUMIm1Cqud2QqkX008GtpYRsMcID5QepHhpioaW4ODRMtRmDz0WOIiOymysmRyFXCH/Tj2Udui2ML2Y7wqHno5BcTqIrGUT6RdXKlPZPwwz4iE56O7skJNl5NqWkNFWLeJDFYa4mh3Bl/H1iRu1l6TuXqbA0fRVWmzXXTpCkxC9ixrlgMQwPcuxDrO8dDpmhyv8H2XCQ6S9OzMAse1cXMtEUMVFotDxwlY7YUi8mqulwU0qxIegd/yxS+KifMyyZL8YiJSa6hAWfm2JZTD7XVdXLMTk6kjnYBqNmqTr9OjWuSan2f+6frlS0GD+L4xmeNVOXZKrPph2IQNh1LdfDRbKKxo1NRp+Wrk09ftpW9L2qp0AnjX5n2bLjtaUkObpDR7yG2HF+AmYrVbUguZ1laPCko/AC0vSIhm07nrzDH5ItyKCq5oTZNLviQv6hn2GLyZOGSDNFLuJy2qSAPz+vR0L4hjQTVY7mMlFpnnfBdVRuD5wzPIRBZfcUu7mdsFpiI79O3+Tdmjb6CUtE4hTYDVZqY+P9r2W1StkAACAASURBVEr9tLqOU5d8WOxmQO6SfDdFJ033FoWFVWge9al749Q22eDHqHMTcUvW7GTs8/q6Yxq3Lo2BaEtaR3hepHU8pTwwvNLLYvIvDb7Rh9dzPfwGmH7J3w3DEVEVlPk+ykUwniScKuGhI43TVWlca4lzm4VDcS9EjXox3eceW20MhTx8h6A6/5zHaGj8cp/ZbmYqX1hYwoKXJXewGmmXfea3rdjtJfMosZOy5RblOoZevTHNdWz5OpLOoyWuEvu6TiXz2Bfvn3uqHfZWiY2bX0eUtGtSagRYj4g40HTWzLyeL9H0XNJhqkhqBnkxW+vmqwAWhAAAAAAAAMBrgcd0I4kdBAQn01vz35eeqyV/ORyk7yP9Rop0jkEIGvQr0nLPszLzZTfPTvlVBBz8vq1LlL9f/si/KoURjtskFSEadlOdrZqq6My01pAPWWgddy+Zl+w53P15dRYazYRaxYiqtJDScCY6xeQKEi6KR8mgPkSDK7wiITR+xIjbeMmTtG/zwHJpoiQejihcxuVrubRr6GaOVqwBCY1HWllwCDqzc2tvpVK1IzUMldYko70alVVRzc84WS595KJAajyYixZZf2pr4ny3qRFxJ45S5NdVSTnsARNAcoo8ae4uFzmthKWWK8c4BY6lg2pTaGJZs9gIgWoWzOFn0pZxFTBrUa3uKR4LMMFrTu5gbbWCW7lRKghzaXOIj7XG4pTV1FEaazBMFcUNX8ZtPuq3TBWRgfe0E43cd2osn1CRDHvMYZ51KQwBuX7E1IgacTXdk7xjwORWxqk0EOG01x18BW9GTS/kFQO8shj85KEm1F0FWxSHGfFz1KQOW8Z1maNnwDCJ8wVkf/YMtVaiw3FzvZEHJGOL0DWoJ6gVBacfCeyqd88zvxrKeTmoOqhucvZeELkJINU4iaNKdtL0jKqm9KOaG/3KmyTuZ4T5couhmH5kTNNrv1PyWkFZhlPlzOWBQU+Y1mymbfWSrGgJ9W06wWR/k5bGqU28m7lTNWdt5lnUOxiqQ7FYcvp01XykYdUwUnavYnwhmQbKO+SvlGEhEhV1ZKqga+F5L8+iKtZt7WrKVuwQwxJaxnJquZ65TuLiy4WPuUS9g59ejrXRSbhTRrlsvuXqN5mxBSW0ozoEVSe+wq3o213xJ1xP43DFziWf7uLBmJL8jItLDGkr38LNgnC6izZnt8EXr1CMz8TShM3RqvF9REMnXjXYXOeVOTSDYbXux7X2U8rojlsl1o/f7gmPEz2vugxT6edSy5PCVd5iI+b2uvZNSNtS7bKlxC9t7P54/T1XL7btvSQBAAAAAAAA4CMxyWPbwHdJWxH51B9c9VuulCuBg5y2iDaW5V9rwzX6bKxE0KA/lP5WuAQa9EfS8219o2Uv/xEtM1928++UT6v2yLYukzUvyt+0gVJJsxeKrUZp0kcl89tHvXf9NO6fF62VWgs57V7xivzMnGcWXd5Ytch3+UV01/VrU+Al77gJNdPt10rIJJw+x3j00tm9wFq4mOFN2pClbMzlcOmwzEZVhXzh2ZBT2Rjdo1H46KoRN4IMKbWOaraopURyVpRa/6K8yLnwQTr4Kp+f9ZIb+ajGPJo+x8PzkTpPJaLWyIz1pLs6r3pAteyh7ojJZCphJnluFDebUek2C1NnrFWDttMWYZH9UzqSdEeCPuAe/E2EtmrwxizrDWfC6EbUmZvGTRrXh8t32bQ+tdHhhnG0ea294zLgQtSpScwIeeQn19SwaSyqNLqZTZ6KsWNYuu98/27pUbxMuGwmgBqCSr1qetNSTyD57TcOkthPERZMioaqucu+sF8R9w+oK9SXPlEXaTap7ntWRKOlVhPGroHm3HFq9KiTD2bLNWBTbtcRurh7PImYgrSKfxlVmVvgMsLUOFSBrHrm0Aj5emYiamJK14vbFkvxVWi/HordblX+5XZI36mFL5IqyDINxHFY8nBOlsVV7SOLBn165+ycE25vRFT2eA0WuwO/DKJL1nWjTNz9SF+8h0p82lBtxAuIi7/NDCuoeyK9BfuLoF6HFDGlju3TcN8tES6UiEW+G1F6z9w4plgy0mcj7mxhLPUUZK7D2qLqHM6i97Fz3tpYlkFMcgsv3WSvmDjL2VfD2gGr1euXecKHJff0LqsxYotKx8amUU8LyVKmq7vYAs6lZ03f3tylk5CNjL0ohLmVrdtTSyRNWjdHl6pDND5LC9WhG/CRkJS2UydTeYsa2LKQ++sUN0dLXbYqH9mDHca3p/zx7layEue+zw8zuXNOEQlbPjNRdt1zLHMPKelW2BRRJ+PLQ/j79SXM6h+9l8sIPNo/+qs5ft3r+d/yUI6gJpRat9wd2XHa5h8uI5Cv3R7v1lauk4jeJZHqUVk4/iyvWV3kvagNm2d1fXtqwfcv0QAAAAAAAADAB8HvOCa2FnWjIq/yZ/jv+/mnFhfJ00puLDRLErdtuEbvlp8ShVPlgAb9dnTGIESK9C1Tel5p/ean5NZylq1d5Nc75Kvyd/or7vjO7+oXP3a+O1uj3tNKTB/mxjxKkCatjaoWMpTQ/8/ety44kqPMgmrP+z/xiPMDAgJJabu6e2ZqvxW7486SlbqgS6YJBVgdjxll5BRpHKzORcP1GM0JKWIdST/6stzYooIB1KxYeaC7UUprA1lZM6bQ4zOYiuyq2/HO41+wXuMbApg8QONf5SRtzuCNjQQmV8mkwj5dyenTkboAtKzDA7Buav0lU1XcbbqOAVJp0foi1hJQPOpk880H/SiqEEAFWXV/PCj5XpPmZ67fwizPgAWD6xPKsun+NyMElGC9BGEu7KXWZnIyV1xXNDhEP5HhhJIA1bSgVGQcfIcldlOWeoedpEaB5iD++RKd5ZZuZEcGTXYCXTLGlcesBOHJpLABUp9OcGt9wc6YHAm2YUq1ISJmEWoSAAUY5hHTyzk3qqaYdgot+M4jw7lEjgVOWT1tKniC3hCTJJ6pygTXKNpCk9Lt98rkKodRLDWmjE2NdRioJaoG2gvvCao6c3IYEX9UJ3lgVrKUE4Op6NNUYnxq/aNJHoVGki/VOG7LBCV8D9UJ0EIafwGHmjafcOyYzEhmiKVrUIO/UxljvHMKaEnqNImAdlZKfzqlsnQgN+8kpGevBw1zkQcNC6RpJPsSsAa4WmKISOcJEYDThH20+tGWLAfAcPHIsa1WCPshMnhA9wM/tfEAQNz5f5LRduk5YdgoipYnNJjceW3HIAI0yr1z1OyZRipCJD4V36gM8S9il9CRzloxPr5Gh1ZmV4IPxlct1yLw1skdlWGcrggZOx3HxSONH9JDzOLLWvyYq8bYvuVxhVzcqZtOLGwe08N/M1aCggOH3VbScbSF42Q/GVTEf1H5Ej6rkRE3a8+K9ajgHmJPyMd0BrwE1EhPLcXTp3Gn6XZljB79rEi7xUWVdiymFxdtUpz4UQSpJqcB9Hjpc9uG5Waax1HSwWrtkm2FXLly5cqVK1euXLnyA6RCLuy22dFSEDJB15x8/PZlCa/zI17gKf8Lq/Je7y/bwJ9aez/v5x/7vDEI7+c/82m/dq/9zXU9lH+MJni896O4gyhTgKQhtlcZq09EjsD6mltIE9HxVV7mJFxORgAnQvBAjEMD4nh+si9ELIssgohnFbCI4k72N2iwjWXwPNjcRPJ7k4qbU/Y6gqtSRRuPJs11ayZtZb2CA5sQMLab72O2BAOpyGtlSwzO0EiG395ganhpgQ/zZ4bAjcJSX5Ct5xhcXtqeRYHnAd8Ce0LEzenT3F8kaCtaVkyQ+GpWUFu57WS+dGrLkrFnj2/Yi8MQB42IZ6kaHgBRs9VNOmJeEUPRRMSGAwSWiyLtpIwzqJNh4r6YVznfcoIGqAfuYLigNdKjz4AsSJKtBjgNPJrCIeC3UNwAPIi0ZNgZTAfi3slQme6GL1hkmVkFtBopFYnSgmq+KBLWKq1IOS3si1PQSE2F4e0aKJHFlAuGHezQpGYGrU2keabU5dydtqEhHlolKgMdtKh5k8zONdgf7hdpRg5RLXRNyXdwBPLL6YGRwpKx1FYORRM4O1WtTmXdDGK0G227SLM876WrdAUCuDAxmbT2eAs0cl74YtuLLR3uhZdtEEBj7mbL84c2cyyojA47QSs1EF8LNMH8HslnzcbELypAhxbV2qYVLbJkIWlw9VmAOWse8y3COFpyYU1HxieslYRDOXROou2HtauZgOYes6iHW43VlIcOyAF5bCXBpaYnHU3mmQBRPqCRPnyZ5o5TzTMTPvPK88CSG8Y7Ohq0aK07pzZeYaVis3DmvT12/UzG4GeY/yZPN7Y4VEAjKNraEQ/JPMZCgYDFJFyt7q8GuQnjatrMkwkZTLcAteU0QC5IfwK1JrXptZ7IIqywOPq0je3vcHE6o4YA71HkGNvCLyuVVP/5MI963MdITSFH3Gj65o47VlzxjPmUTfoqJ8r4RQivXLly5cqVK1eu/CBpsTE208GaYkIY4Z5/yXlI/+je+jy26tXnN8u/n/fzn/5cYhCy3PSb/l+afkxY8rM9V9cb7H1+q5xLOUsDLP9lu7IGFoWHk5GpsG5kborBTZ7IGEY0mMgNfEBMdKjHEXRLaXEZJG1AKrDxmSXOV8a+rDdNSOY2uKVj9PeCYhrKSVoW5aRRYbsv2AEJR1bExLUWYYd28kq03xXQk4ByADd3gbOF57rx9TUCwfrL/gLQonBqhj4A5thspzTy2ptgZjZ1fPHUSN5Nb3jCRDk5ghWCb8ED0FBdAYQ5OgYsOiI2qQKFillMVuL6V20ELUKEcjetgqcB264S1p4g0wLNWgJFKiMYSYDYYB8dMtxl2mQstqovPL54EVb4XUQO1KSzqFktJfDQds+mGCTSi5W20ecaGF9uQYUEjp4u8jDiMYKFeYskEzT2EayOWIQO6igtk5w3hJ81+VKdhtByoPtgIKmMnGZlfocvX0ypIP4m93fd1sgBnxk8+UF9bF621k+1mgkAfuu+wygsrjOtZcO1FkjQ8ib2zxOnUhDwiyCbrQ1KxF9KV7WdQ131Lk8N3Xi6K1s6uO2NXOh7vSGmp+fDIQ3f0HH0oHbG5pm0Yq/lRMc6yZhyy8jqcTgQuEzLBSiQliQZUxXNLTMfSACiJTleRrtbrzGhJ4ldy8cM0FFBPFbUdgohGbQ6C8JfwFbwkIkhwC598gVNg5lHHLScEGgB8RIw+QjHtbG9Vqg/DFAPOkiBL4hkaV0r8K/bQV14N86HJ/CserrgOb7hwRuYHLq287dIHMXUa+l12Im1pnQkKSYznpi0VPkh7kRY9MZGqkThGBQ7UpXpXbPY7GIbTSBTrDbBeNTjmcH4YIxoxwfb07y949RhqXxQxBCCYXqSbCpKM7w80vaSB1bW2gW+QQfvJJjCa+adD0z9bVhg7T/1dnfRwStXrly5cuXKlSs/UQzu+UWWn7FyuDZJo2nPs1l96xznocIHK/FmFVvbcNNv+n93esUgTHMZrm/6Tf9T6fY+vx3SkcDp9q7ep+vfKf+D9r9oz8qSUJEhHlPJZprepdnWxMpwDOsSSokYhF0ADpW922AB7Can6n1azQpyEoFTzV6siOoXAAOPTgYr9ZrREcdm8j60c5WhwZNTVZ1/GeffjINlUmsUxn4KnkFBYXeEAgMuciGSXUQ5UtGv/4yvILLNGaZkpyh8mU3Yi8vhl8dkiyEcoIQOVYtobeAzeJ1p7zMhfp8hPhDef8KaZ8BUTMhZrhUgYKI6RsSVE52gViFAlEQDRjjgC2MkCk5wIYiNDt+Nih5oKmrhzFNNTWcE3hrEsTKdMhMKcBMmTL0jmj5M9QtAGjBBR8pDnRZ+XEMBk+2wGGKNTyCUBhhhNtt/zCUbJnP6S2JaokXTboqliyUA0MxETEdCcsx7Cw6QWVv4DokF5j5tfAW2sdhkpXBzdEQQDjBgIcTxixijaVxGJD9REYaaRu00NnMRebi/3L6Yc5OKHABI0hmwl+w7TMcYME2jC2PahFtBBdwSC9CwDSTLcBZCVu0Z4xyK1R72CGY5s42+C2Vo5F3qSJ2EWL7KVJAIZW3eM2VP+XBjlrPsvbwrti2sb26qiv0W90qFsMzyB+Mztb2gl4AFCsUXipcpf4UDT/Vl16G5XNUqwCdmbo9mHk/Nkr0abRSlW/JRZDN2ERMZI73UthtHPvE8NqF3JRYswA/Fws2HXXq3FlVzErODJ47LzXTLrDwz8qlRRZGYlRrGGGbmNDl448WhAPfzaMFYdRazqRWdMpF+LrwB6cpPLsw83jQkIv0J/hKEPq3VlgChqtqceYhB+XzP8pTkB+vTlPa5MyK+o3H6Xqw1yreHCna3wsFgnfAaGw3jgwZInHOq8UJQgPLGlWJfarurqvpsocMNgNgL7l31sMyBfPMJzAybyLJNcaW5qM/mAj9sI3iIBLrr86udgjDegnN04umQu3TuFaDwPm5HJWOoWRvufdpfgPDKlStXrly5cuXKz5S0qcZvvl+3Sy/3xk9RPmnr6fqN8t+257Pyy4POd9v/C3q46Tf9Mb1iEKYfpnt9r3/wtXwvvx3TpyQlay/f3pdvyLnlmT1/lVbpHr1nwgA1vsI36PRQYNPAADH3gIUwaAlEDC3+mZt6wlIKC7qKDB0EDPhqV3gBszz+LwKnbyjQVNpx9TRox7Xb+SIsH4EexfpY/oXVmj1Jbmb3MJ8NIbtyt62nFcvYjBYqZYO/dmAgLOXqtr+A+Tq7SMODWhqOHUOIRoyv/xhgjVm2udQKzNwaOnb6B1yXlb81K6oHpkQpRABcquqXihvJY7rA4Dwr/FjwEsySuJegY7qsNEuDInhAbpRFQDqUC/SABiV5LDkQFsHRDCGRvDzwUf3vAeaSjTEE8J1b+4cgFhPwCjVEDMNYDMbDVEUHNAA8IJWUYHXOMeglT3YZoEf9GhnWUkQQpM9cbaAiMYAkWL/FgRNHR8nkrKFMBlci6JQqYjHSFBNsLgF2RNkrh4nhA3ZLaRG7FKDdGDTH0RYd7LN0x6yIx4jgh9XCWlA+fExAyeXHBvm2fJvtXczsL5s5VqO023CCtmxpwmIYuvn7vTH8JN0Rn2AGFN5YgBPpXmKore8tAljfkmHLWw2JlY6zUL6d4oLRfdZWYis6NijFmi1UqatKsy7sYTkfzKM/mkb0T43mlF9Zmh/+OEswpiLQEbcxIWATk5nJwbpDBxHL0R0Xa6rXJpqKxYudLXWA2ad1GpSeNgbIMvUXkV9jlxg6tlm0DXVBXIKjJDwgvGSc4dY4gVB4sGmZ6EWF1zPKVlBnI5Vmn1xRo1yP6hQb5KEUrpUJah0jPJcCu5UFXev9la+vr7Wp+CoVIic08Yh8966VK9+MILroZCkqHsSiPEBru/PmPL5gMv7zpXmWY1AAQsDkW9vawaNFA+3T0IXyS7uc9shjSuuY1vSg9xmaNf/xxk35i994yIOshWNzHRhnet+ozSK5srT55oNTRWwykLk2jyDDixFeuXLlypUrV65c+WHSbbB1Apntw9JssKai7hvsA1uxHtIRtcKl3xsGkR9iG7/X9/oPX98YhPfz7/60X7vX/mhpn5UA0/TL/PZxTqy3PU8CFloPuTCN9uPu+ENUhM3V7GAz7EoTPILt7pQwrxaZzv9q6N7m6rJuhS0yWFatBm2OvE5FFCHJKKoT+RA1gUvMndTjebUP1notQpbmpkVUk4VYK6LgHDe3EVrsTM+0SEcAwKo7FMpGZZUy+qdLT67QELmq+wVkrgD3D1X7uwq8p4UNER4D+UbtMzFQuRr34G8EYmdBRLBETFBvXvPsTRRB0ddsJDyFWiKIPBcdmBzN16aWO99wWwfeYhlLRQHjtQ5BkwediyOSudDaoEkpitGFoAnxfKoVrSKiwwHC0kOGW4MR27IyYGzQ2Mjmwu2dRHqhChaYZvNLX6Z/NSVyEvArqBLDZG11dy+bUknb/sKzN3uNeRP4dELhEeCtz9LF3SAyKQ0NDOk1HspNUVjAW+S10z7WxLjNdUFLq28nmgiE9m8b6FP4pa2F8Dp4FPVfG2vzE/85wSr+cyP3Q9XB/FU46AWYHVRetClRonxW9CiRfCrCkiVbm4VlsyWWsrT9tjrbx6XSh/A2SIcSarXqEmUTyA3vqPIVj4HST1uINVJWE6eaCffEOAiCBj1gH41NZTjhEXM+INSa+B6zU3McuSCRUmrOEGkT/VlW+C2fU0Yj6rtQuJBWQvhpl5B0qZpnVU2EqNidWbhgXbt68o2j2JwPM39/aAvolNo99hrPGrpX04Fr0vLodWi0e2pHX339MH1wa9sODB+7UBc4vKNw3K116rcES6jtFXSYqW2vbfdQiQNgtejiGI4/ovP2+q+MFb6rTh5Kq/epTMTj6R3+93JDu3LlypUrV65cuXLl35L4rdXNVcuvLEoB8qef5ex5Xub/E5+Lxec7n39Le+7n/czPJQbhvb7X/8a1fZh/vsvT/bDZY5n2m222PX1v2x7LMPO4IXLU4RXpm34ZUMuVpIobfiZISAb3af70G2bJRwmmXY8KRiQpFbL9pR1Yo2m7NZWsaqBntO9MRaQipyVhyBIWoHqKNiYcrSocOBrdLgBCveShYUIsz6yrqKSzTytTIcybPY4gaVtA/QieXHEC1IqskI9yALsgRpb7zqnwfMmTwBjZFe9ijJykeduqGiVEyadJM+KHKVVpCG1Q+VIkQYysFjVToSbTmmFu9pwqo1OYmuW+vjiQNJHNktekodsKF+0AYd420zUrU2biS51mM4lcoXMzaCYomexhPvpoEm5LHWdyEDJuSn+uRKtCfViElSp1CMDdr8LnnRRezKvKZJRxenzF4jcn/5V+ND0JDvBZJWPMVQtXoq2qyjQaRdiOeb1S40ELWwAEGiqVo2S8y4gvh3LUqcPiKPUAgxBubNX1O6CSLyn80tAdTaUy5cU5u5bnF0RorrrvXbR+Sp5UcJeSAYVlOnAjguipp9VrGhPet2sGLFM/y0mvwCsxkcQiehprdX0E5dmFTPFJmDNcx8BOnUEfbRbC62SpIBxNkLTgQHjtW06SQOBBv9NyXCz7+YlXkIEZ7dQLFMl6J6R1FE27KGULiVLCq+QGjSy1503ExHZ3z9UARct0vZmHVUEan2LhILMf+KCWfaIXyk8bDGYAXCuL5tLBoqv9meDohIMNrjlx12F9m6gq5kKoyRo5PkHfXmM2u558nnPo3hse0+YInbHVev7y0G7aUmt6AoJc+995IS+LuhfZcy5Hreohpm9WcWyiJvSQ2eINGh3/YA+9OcZMvW0bdHZvwCrBPU0/vW9FRXSM5UEgeOzXu80a5Vr7h8hy+5UrV65cuXLlypUrP0D6QW4YDfCVHvK0M4S/Yu8lO/WWxzpSKbPetx9t1PK+Xv7J8a/b5+/1/+r1fyj16ef3vb7Xv3y90XJ+bnsW+845PzPZH1YXrFAr7Bd5OpsszDfqYIMOGWozbGSqHvlIymOUmMiXySwrnniwOBhGVSTRiy1CjfU/q2UFmdBxd3y98GA01JDW9YTTwqeVe0ut/KOCGFlV12IICXCTYO2zozYy5+kY5X8s6TMBFVgcxo/0ho1JaMmbM+ac0vCRgHbKw6FOjJ4CbYDlPe16A465RIeMaVPEdDDzBroS0yF/xaBFcMDp9slRni/NFKGcnDMXg25hysW/Q8u6boCocswFXEnHaxiQa9TMhAncDWjoFxQuSRM0YDiGqTEePLM1SYmiae5s88/pcU7BseTiJPPUNTwEVA0NhC/HtYWMwgLJ0ElDFfGj4O0zLOTl9T3dHjKGEZ2aBFRi4iy4LNF7TMF0tJkYsLsLDkw08TkTm0akMfKPmFkrVOBIX7Q5eTow3MbAy1mcEMai4EnIdl+C6zd/iJnfAvWHfdnU1IajE3AVm3b48FILO7UJoRM59j43CjvWPj3Ydp7MKChtwDWyby+B0nrQUI3IlZxenLRl5GRZ9kvPlxMTRQLrNwTB5w2D0A9oILqfWGDvXFuRxhCzszPJkm5rGhHLFHFNaVn47FOekxJ+famFxvEFNQZMSevtSVe8ZcGTp7OvjM5f1BmOHHEcTkhs38mRUw6+LmXTJDzZkjb3DNQWejg2AHpmCEaryVZhC6kXqipzmm+WicsoQGtG4uLivHZShdqf/QS7mtIXbQCsnltEajR0sdzpgJ+dq74Ypmp51kFliPlRGhtOE89GmeTRhcFq4S6g5cVv3ocM3sppykCztY9SkZZ7b06VHGtA3bwFvVhgmFeHRL6YPeBiNmxnGR7KF7zqWA394ka2tVN7YiziAgjr0SwUg9BSe20RpTNzXepa18LSEfOJXx3Ur2zdiUB5HYteuXLlypUrV65c+a+RCI/RD9htUr/b+3HA3evbZsp9m/9fvv5p7bnX/6euKwbh/byfP+fTDuny7q7ZUuyxBHt770ON5jmfS6baxZ7KH18yJyI/wdQXEIWqfon8ZWUrGlblh4FKbaTHP7fGF/8qjt7PZkUiAxBsyLwPMCfFC6lewc5VljhUawBvghYJyEARDNESA8AF3E+G8V/zNjFAIwZEjL6GCctmhkt0/iVMq82KH+mBJxQfSUdEBVNN1iJM29wY758DjbCw6XDWlEyAHLArexum03ms2EVl+I1AUB5QL+NradhcTWUoGprwnsfnk4j7BY+gzvIDV0ACb1Pr1QAvc3AhHbMZUDcMe1LlyKKKwQc4V74PupES9u7pdBtRmNU1gvDFXCpOH8F0BS6NBthpETNT7xbzOzBfcRoN3KVaY584RGCIqUmTu5zfSvU/57sFCqaZytTT4tXkbJNctQ4JJz8nuZgSrRW4b6W9AE7fnGMW012F0Tp4kU2WFCMDLQJapKPI5FfisECOukFP5d52mQgSzutycvogjkD2YxDp7pziummmv2/nMq778ijCapzWZimPSsqJKxE/HU0O8NLJdKGD4DMC41zHT7VahVWDZd/JUCvhji8LQgAAIABJREFUBjgw4lbqKLepXQKzb5rJMUBwUTyOwAW2iDGHDdOUl2YxrVMNiWlLLcq+ljXD5SoRSj1DcqZFGMaUttNXYzWXMOJuWmhAAzU22kATzfImDFVzkFkF/qXVqA0EdiWpmH7T7RRAGsUJGrpDbLUnFCRG/nDzRotTHkFSNg6pWZtmxO31jjRSo+doJz3b6hZMLWhBtGeuqdlvzzUFTWZ2IH85gXhlA/RNEMk76KxfPvlQ5EV/jKbmpfYV3kLpbIiJtv+JicwOujMr3izrJbJkPltoRcR7AcFX9cYjtMSqQLpcse16J1BCe7PL7F813kpajb77afq/xhtPvmRJ77BYbTBWnZNqBL8PoJI8MEBzKcumdzmp5dihQZ7QXZ+gJOLda9TCbRqGNwjs9usuduXKlStXrly5cuXKvyzW39PDKqvGNs0H+7AhStL67USYGD2WX7U85Y+fdY/3bp9rCeQS5n7ezx/0eWMQ3s+/79M+yml/tLRfLsE+y39orax3Ne7gWg6QDziutCH6V7AAAau0so3sSE5ZC1eQsFc2fozLECGPUvX0ggH+dGbc7YUUjnDpnYb9azMHkwphQRvKAKHAGMX2TBjAhgAz8lagLWQujcP3bodrka7QpSaeyLzGSAd/obwmhkojJWylCIQIqEGdtSfqhASLmIX5VqKIutfKFajeaBAMUFewfcLIrsUIBCnNmzsIBYBv0iFwsjoLaikzH0I/ueuyZBBOYD/VNrKLpkGc+R7N/RqDJfwUUcBuBFWGibhF98LAWxpLtREtkJaTXzWIoaVQoLlJo8pJ3pEYMU1MMFBH5RkgrmR40MS9WKbQOIz0YS1GjQR+iKZ1uyY5mtHIkF7DSCgjV0Hx8LDyDiE4l9mtawKPi+ZsE5qO2TdTG6lOHzgNNQ7r7NvA62uVm8OhvKPFVCAVYvPZ2h3gZKmWWUTIU9ChlNldaxqkZrQYNkGuirzFJ7b6SVCtMLiIrUWDrlj4b6Q6dt37UQ+fyTKscLW1s9jsiObVRsckyEgmUwH/x/EGlcF8v5wry5SphcHehuH5FscjJn59lK9mXXamdkZggrk7pQi9HBrWwiHu8LEGEUpzUsdWmouiIAoRKQBpqh+aEC8LJ05kFswMP5VKkxsYDHHU4mBKnsIpVSvla/rM4H6hJcKKQHSmYz2FuBHugh+nmkoi4nNsQwkvxt8tgBwFvKB4daVIPzW0LyKJ/Tw3vQb+1bzVrGYmOlfgoJSr0sSgUum1z3BAvNJYPf91xGIjnceaNX6ycG/jdFE1koa7vZo0MDAbRhMrHvVSxwhiXQpOXlnsrTrFGJyWQR2pTUAl6fJ55io78rCp5axcnqJQXTqk7oxHWnN4mXAP67TW8Ywr6DefRHkqhJRZd9UBn9imYMWg1yx+EWy45pUrV65cuXLlypUrP0P4V2+lWHqtank2+21aiuTlJ/vW+Rc/P2ztQTP3837+mc8lBiHLTb/pv5l+lPfl2CF9L20px1r6ofIgum3fPLVzLu3EGeyX9RY6+FiOADtJM5zmeW8dJibK/L+ZJLow+KrqGGIm7EUqXXOpkxrSEIYa4ZLO0paZmA87CfMbqr3FqggnXWXvg8mMjYqwH8JuzwonF6Iw95uq2QhAJ6h3gAwUFKumYYHGUpM7uSQ7UQChwomfAKCF+S65Vtl5J+OY89OQYcDCOyKWn6ZFW1BLdr7PjoRc1c26qojfZgLvkzqK1gGTJoCvNBe659khZRccZeqXuAg0y2fYANIQSEnxaxLuUuQnG2e6ySy7OdnlebYzXWwwHKVaACGwHrJ1Jk/GCBcDAQxrwkE8DBmUncTNNDLjPapNBLA7HYmfjbfjg1/Yem47VuAJmYNjrTD8m/Nv9I5XbEwwHZu9GARAj8sYfFiM4ELRxUZSs79eW0/7p+aEhsZkBQhxd5rvYZsWgMQG9i0G1Sqmp9+XDhKZblQ4A7ySKm0qui1dKCbe6+lFXtsO4neN3DtMcmc0lSHDPFhdkgZBJ3TYxqalvb/OLmAJ5HUsu8VJJe0kNOIOHeWcx462PqEwhye0i/QM1tgi5w0Cjghct3BfSyrD3D4MPjfA4OZVaQ8H3k++B5P/ONoQaXlRrfnEj5Jsqu9jxvgZVmRtpsTaE4YisA8H/h4KMnd0rPnYohCwNW9QT3sSSYaMw1aqpNNdLLaTocouS2lPwEjVIqKL7EGeBDCa+c4zzVM32tusjQ2ITSlXZO7DT28nm79aGpzqas6xkaB4HODoQVQ1fJnPvLNgrbkde8FmW68cIA7iZQbAW4Gzy/4Zx4AMfk6zycAahbbGroQ6bkNbRXuiDdMpSZ+lVZb0/sThcC6LkMvYy6boCNcAovUWB6fT9dynOd8POhlPIhMeJBrrUAfw6STfcxQSnaRALQUC2mxrHwMsSwvb4azcteuN4GmiXbly5cqVK1euXLnyY6TeqOtdmF/ID9bmaRxWfSunJ7YSqKwt/5prr3e3G3M79xt+oD3/pv/PpVcMQv4dzseub/pN/9V0+2HteW7nFlpwyR9H0+19+SyHei0stjrEZtg6HSQyx3NE5pjh9c4Ki9Ki9skYY06P6OZ23hEm6jrF/yUyAQV69DA33w336mid3CIWrEQRrxYGqW7SyhaMMWbajXXAAo/2dFJfNgyuR6vQOQGUwkgVPjY1nE2KqYHRkh49TXRmxELyRgoBHyeRkqAAoD2qmiQngIaiY8D67OiMMhpU8eSAUDkKAveLEt9GXDelmaFqlUW/FGXEfjzyXoNpdbhSJtVmoeJqkgJTKKVLGPebvuBizRyAy4aVw0JRWD/JOSb7HVWP+KUJVGNKaOnEqxuOwg5JUk6CIMleKrzc+RQ+S2fNRLgQ1THTaaIGFiRi5TQ1QS7voGO3QPCHfoHkkx7bmoO1MaxUQLO9wEsZ06dkmrABLRdAHUg/5rOFrqyIldpq0LDgOlesMBP61FoNfCoO6F3CCXQBK3mhuX6bwY2p1cEAGzaCFYmCs2UAYKp74iSmkV2gpgG98t0rVi0oZ075rTMNZMKu2FqdQwpSba5ynw+SuLbb/AuNtXR7WvQ0y85LuB0VSw5f9iv/YefPpvolWhhJeSKUSjcQ8pzK6v1U1SlFJhwS3oR1qMlfFSq11DfARNTkBqljGCBxpkEfw1Rb3JFgyoFCi6DZT1DkKq7VVxh2Qhtqtbtipbcatc+Ur5q5vZF4LlQ5I4D+2DZpO2P2mWL2xl5iOiKEo2ty8OkGjlY4khIZqxAaNuKbyfKjTFUixuXw7cgGzlOIjApqC6+2kixV3yQquN0ooruK6LS/BlyYIvKgiejUqTgVElCmOFl8JkwK5Gr9LVsR7/ocqLlKz20DdA1NRmTRGQFXU8MWi6XQW6suD8fbltmGCa1Vu+Sm5ttO4Wj5BMxpqZieS/TKrN0IMtXsjAevtfT1OuDNoOaPI384vDLC66yK+WoMrWIGqIp8YTFGDh+VITLMpmKlG2IHmykf5sjnRTqJXujERj2F8gzHdbC48tQWaQFz0NINbELHyU6GN2XLmKc5OrTPxVkAgqnXJXflypUrV65cuXLlyk8UOCFz2e2r+pBe1+FsZ/1Be7DT6sty/ob0V+256Tf930ivGISASO71vf5T1/I+j/0NdR3KzCMmfL6jxRQ85n9X71zbYC/LgfmmoANVtREWMcAqol9i0wKWIi9nIkUpqAKCYeZFJ8FHRGCxmklysrBWKlmBJU79a4a5cqsUW/QGcDAY+IodlgZCxxTL9FqAAP2ZJim0fhRbK5U10mum3xysJlCvVJ3qkEZAKlgkLJ4qrrpk0oXxDAY5NUYdhNhkzknSBP7KegkoQ5NIYN1KW3Qhss9bL8SLmPm35uC5AW+AY6ZpxMSEifmW1B8Kq5X/aAaw09ACSigjoyT3lB4ETDZNfVcaQazZaiV0R8F6iq4QjBqKAR+Ooo7l25wUIUUSwdUxRhkwAYhm2EXNaRrUIcdaclD0q9BBTWt4rBKxKqe2DmweYNQE4l0IhmZroAmmswqBxebRIBXwfurd3IWiYKhiX9DdTLuyUd0trYoGSy4wJQruBZA5DNKI3yYJNZIS2xxdqi6WX04l2L0dKohdgSbI0GoN4iDKnFixgxzhNXu3YiVLuFMsALJvdLl/MBQYqlVRYBiKuK6Y0cWCS7pmOvvElNOROCqCGmYwUb9nENVGaHdyX6ZGfnP9owKfkTV/UvrAXPEGj3DRaGBf+cwZ5ZHwARPcEzEPT7fxw2E5V5HkYm3zYUUce+mnb1MThKLnv4Cv+Onz1AFMshiGYoNZAHUW/y+PnMSRjuMWtUqwzzbn2yqiY3gH/IyCKcV2jdCguRJxdCXmMJZUPvhAVcW8+oq9ugrEzphDbzy3FaErEaNCF520oVyO/Oky7UEy9GmWB15EVSQPR5gp3g28S5Wez8ex7USGn+oYKszqet5p8okxHYiBTnOwvSZQRydcH9f6wUM5jzS47wG8GlHLy6eCMRHW36yyCl6yI7fHeNQEHTRci/sLhyVwy5y9OsnxNKFt47Ba+O8VsP/hBGA4rGq5i83Y2fldg7jQOG8kxTCHhvvzvN53nmWNB3vlypUrV65cuXLlyr8t0yztNmmDHc32q7sNVih/swA/loMTdcu9bm56zv9bdmzd03+7zHt9r3/n+sYgvJ9/36f9wl32K+XIn25Jy0+444syhbxKnVpllKJmNlRxKj2eeQAcdCDQH1C/NA7VUX0LW1lSmtjmqv5fqlRhP9JwoOnPOc32MEhmQxUx69IAxdHVRBKrI5ZLHqsPKIDPITiAoFJAT1pFqZ0ZEghpRSYxnKWHFbv8gnZijGtlhu/Oqn6k+UxhBoYBFG1QNH6UrRA9MoIusqKOoqWdmKdH/36xiQeMF3QrqMDjDhaZI3UDWCNBh6CZptlUE/sjVaJUceadU72MeW85sgsm2IKKhSnSlHETeOWM/sCiC2+uiMvoY2SWbuCyjjwPpqXRWAICTkZF/XIWCYZMF+eSiR5FMaPs6/olQQnVXBDKYBrOCKS2pQWvy3JgnKaIpRnuiRzwRmM1J2qhmWSEjXBzBdjl7NBoxIiFrj1da2JUe+nTco9JWAREGAFhWawbtHm+x8QbWpCvzzFTp4upSCmAoDcMQyggrOsj/U9aDRA2qfEFm797/mhU3xxZxUhp99iZ6YVtKCh52G3SPl/QLq/+3GtUnNQVq9EyEl4RM0FFHGhdROBbg4sFrJWVAgZSJfV8SVVcIDJo3DXUMSZnA37bUJi/B8RmDekWhQE6ivlB06i2kqVEoCJ1ymB35a19LtZsqoXjrWsuPdd+CBqVrCxA9diOTBP1mUYHVfBcRPg/jNsBfc/N36nPsf5rNtDj9KsrA2Op+dTDENXzWBidh6Y1e5UKSe/QtZ5UiANnQXurAcun1LJ8tR4UMTwGinY23/pFrgSqtzZ8NFqTPpx7Yj46aLRiXDF3+Ad4qSzzpUJpk65XCCrH8yXMm48qwfsCeSzvrTr8CbodP+94E1XKme9esZdZbSzE8ZbcRqgy2t/ghtckEUtJVBM31W6s9dzIJcgmjnWhcExLY2UO7RlrWvZlV3O4L9orV65cuXLlypUrV36EwBKr/NJdhhuj//At3yv9h4S29D/8+W2rdR1tvp/382d8LjEI7/W9/oPX8hv3/sFyvASzQx4jWGDN39KrFU91cUO3NhssOHFaXEXczahZcAVG0prCUD7nBK8p3Uipmdk0yeg4Q8OEmhaoeDhRrLBJvBsyZzWGh2ozYsIJp1G8Ii0LtboJigEly0hsactMu2izh4bDzDJUkUdFNGkSRxFh8my6izETQQy/bhnmgUgDa7isNP3KfpuITrQ8byprnRFVMfvjTkfTwgg0tkDKNsXIHSw765Nmrmc/nrYMDPOeGDU1UR1DYCJ2TMo9YAam5ZOLgAXY/jSHIEFmjCrFp0pbekaoQ8tBCRG8yYTr08ROwruq67d6rgV9E+hmjBvwQqLAhWqJ4TmX0NJwDz1ZYRta+vMiR7qIKDN16CCZiOFZzuEBQvfIWy5JkWxz2jIuTuyrWloBERr8/WV8rSzfkgaXe1LdK6sEukD1ErMkJ7EIxXY0bV2xgdsQkSuXAhb6MDEQh0YFtAJHR8B6bC4stWk/OlVV01rOkJnwFNgyAGFOtIUWaXElGTpV42ipPqRitDcUkbZDXhl9MxuAuGVT5oiCIhFKzU1HmUTZ4K6aIkUarxaWk096JtDUzQXVWb2s1oQMcNSjP9Jq+kk5ncTtfiIlSlKsf+EW5F/ZTwOsYvkMsJ69hnw5RQFHlAWOCp8QWXSC25K9PVpyZB5YpIVs5A0NJlbB2cxVCiPKyIzVcz0gijlqvJTag0wIp0votY6VGI8o1FToP/aC+kNqG7dsbHdqXRWjojpLkSjl4VWKu9CXBC5qgyagFazKnD5wgp6lq+8eeAfJ/db69KI1lxTA/GTmPipCW3lnbYPGqsjtSDEEpRZrBwyggSKJts0Ubr3pQEEUNYpGbvwIEFJ3bjlgu9ahhEKds8kqq1tz7N19cyEBrxAq5DCatVUvBN/1VRZqfKjjypUrV65cuXLlypV/X2bEWxG22dJZ4ErnPHRt+fN7+XHUf0OHLWvwvfTdlv9e3+v/W9f/oVS51/f6j14fDFLfv5YP8tC1ndPtV9u8GU6UkmlFrYQIe8w/hkcfNDHTr4gIaG6Ln9Omzr90TA+plBY+VRh3dYgMkZmmzahGw+Y0zaYly0WGB9xJ893Bp2C5r0SjR5xwVwK9hABC1cU2F+QTLlDFHaWGggqWUlmNVn24VWVqDBn5qfzyKERB/Ei4SxdDbZDwlAgT5e0yKtKBJjFgl3y+YgyKaMS8SxNctMKmJsUKDaiaDJy0h7iMZhYR3EwAwLjjvLBvj/H/0CMja21C18mNCqvzGCPQ04AxnL2F8FgJ12AM5pxSKROmdCs9aUZmyhcjDxCpGT7NXTO6jVRsZGMm4N3mQi5RvXzNwjEuOMwEGxB2fdEYV/VglVozx/o8oKGPFqsOS3Jf4pGIgSbqAeeAphbhs1Z9uMibiHFl6by01JjDIQ0Mk5VRRo0NYKXh2cS51Wr/GAhqdfT9llHHGguE6zSluZxRysgUvkKQUPCokHvwKapEr4upkg4El6MCuds4MppqYqzaC+VoXrxzd0SzSf4WoMxPGVfWN3Uy69mU5v+NOLyRm6gmlhIRCEHeGS/aG8ErzZYRLz+prlLeC4U1aZWiddgg8xSkzCdbCMsg/yTeMcIqxESGT5Fhuugxh8qwe1ggIcoNXXWuQpTY2MIHVk1uwz4lRyLjp8GrJ+s++cvNpKp+ta/gvDZ2I7Ex6jwKHZEwpaMGRRDH+qbpvMG6SqOTLOHeWoOjZylFy+KSGg5Sl651vFF0EBZVm8TT+xFpLk6M0Gv/cRvhQwotQy1pXt02BzPvC8tbT9W0am15RlMlpSKsl+hEnf1omUl7mqltA6xXjnpQqu+nc86gB9PDWrmVAsdC+RgUetXpSyS3h2UHzlMLGo+htq9bHtHY+rW+lJFD+WE66VQI11XOumvo/RR17B4jCLICL84mZlNEJw4WqJ4fMVeuXLly5cqVK1eu/Ag5+W/jazu+TC/5l5OjSneeyqTrdtRzrffNvUsbfoyt/l7f68N1xSC8n/fzT3/KD6jlxbczXb+9zJ9H15/zGNtolQIH+re9FrfRD1H7UptmDhr8JTqTggGTUpmIkg+EokajrZDPNYFdHnbORl0AUy+bFLCj6EjLllF2cgVXEYW2Q+1ZGjfJj8mbE9QsTdxuIpaDlGFuJB1rsH+x1HwBEzBhmjFmpIzQdAAj2EleX5XqNj5wjhoLQWvLzBP5XwPoIAyMCrs1A2MUBLAc+pmmw3HoGAiim/pMPWRUFj3TQqnp5TM0nqGwwoeqeVy7gYFyd35QUk4Ehz29VQwEKs8U7reMjCrlLcbcGO6NVqRckgpRLHbk3JXxpWlBV6MZEYS7tOnn6a1iX3oUvyDOmlRAuyXSE5EvaSiZY5OAbGi/eptm26SeahXL+mlHCBb+UBfMKOWMAI84wmcuPQKObI81mN6YY+WtEc3EpojYaAAVOa3MJTGqa1JL3OI4AuPuMWLhXBIFpJW/aybwE+mqoHyILLmcwtimYDt6oO1iPVpwGJJeMP552n8sFwrWa7B5NO3o4H61ciiapfAsyiV22myKmcTdsMpfHgRrZBQcrjoskKdHYnZEHQjG1s9tYLrxRroz0lymYvWZMa8OVdCiAKK4KFStdsXcLQESWk6vM3YFT4kPyNa5zdQmSeY3zbvhioUHUQZ/rAo23YrrHF/sJ/QQEgu+7UETJ76liEgeAhAULLkgeBv6XJYH83Z+YtFngFv+MrQhndoGuSsBzi91W5PLDRmAVH1T3/DypcVthxCxue8i9e0HUr1etEH44N4K5XzLDEzipD33pXlOf93sdmQBVYjkglO4q23E1mzg6Ih2jV3sPQhUyNWpiulX7OT7OYkrV65cuXLlypUrV36GkB0VB3bpt1v8jvMfeGRFSKvsqPwc671Zd3WrZSnHHsv83rf3837+9M8bg/B+/n2f9ibPGtVvieH3R2p514b2Kaf27CUsKWIvvrWWYuImtmFlt3EbakaUi6A1NvyINx/qN7JVwY8emmwIFRcJHHFtapWjcB8qU2RYOVnNuHHshStuDKOppulSpUULG2XIZon8blVXpLy0R1Eu0QEcRGErN0YjYHkO0hIzVYQ4PmyAc/u+pd25XBHSUGp4sRNtPapYfT5G/G32y43gs4YsGmCCIq3SaaSiMEwKa1ryYHXoAL7U8IDm2hjRF+M3p8AyyplgAYRJneConwWeIh4Vai0/eYpggxqtCZ+Ro6acke11DXpUSqNwiuX6LGl21maUE2dNynUm8f6ihUl5zNUXkwk+BFtkywpSSbjA0s6asxjMpEZRaR3dyv9mlc3fr/zdxgJbasOkqFWB6ZogRq7JXDvYacJTKM//4PiAc1N3aBXA0CUYwEomaCAKBBIpV99xCAKoVAsL0Wp2V/H2RyYdML/RUpr7XsYdNfGz9MYcM0e1AhrwfbGV1oCghzx9+2gvWxc9AypwHPVDcyQXN6fUUSN3ujVSCOLpbc/7fKi1pgoCYJZT1qbQFlL2GcNAw6Gd03hJUZGtl2A0nfDACvgVu4d25GYlscXegFMyvJ98hJx5NTPxdMV5AqSPPiK54MZaUFtH9alj5GTGZAcamEt7xcBLxhj06GF83453xJQlALMpbA8telxN7YEotFduOVtyrue2HOpcwBkn4w2PV0ael+kNo0iJ8dBXAxX3laywJB50C4a3ni2COFK7gIhty2Ty9AI04oLnZ4Pm16aVnIFx15Q/dY0fQ5E88nFPqxLuZ9cjENYvVGlMgqf/UrNXrly5cuXKlStXrvxL0qP08Q/M/qNnzfn4afU+np/fshj/4c9De9Y+3s/7+c99LjEIWW76Tf/N9KN8qxz7Xn47p9shfxrgXpe/2+nmN8qxlj+aEZYkUVntpxY2IcRY0pldStPfDki0C40PU3PvbiZW+F1kGECa1AltGjyzvDnLKUM2xzEsm1tCvBzHKvC6tKczStcIebJc5t/pVpWtdRxsyzL+V/LjkgoZAQwboNOtfrYkMspCKatN0rh/OYxIUfhvVDI7EzKqI4zAzTOsqAwihoVXyILBsr3VoYRrNOMnpdoCSa1mFjGOx9WK1yHwKJsZyjleBwgTcWRQ1ZIYkh7m1Gx2Lh05a6yuG8dqVOIuetA8UGvWBsBQPTaAkBuc92YziDxYWbJZRrNFE+G0Pv6p1Oju4d1UatqEp9mF0QN4kppYjdGHxlvPDw7bw8Yl6dhWG+KStvGR2G0NU+MUAejIedyXQ6HPS71Uh4joXALgrQBhmqxtK0eW6HMoZXLKBmstDZrRIsBpOb9yiobP2X2OOeZ9ACWXi/7nOKQvvDOeY2/TdX36pHPNfeCHrOBGRCDUbWZJOY5+0mTWx3+armtY1oxoMHZI1FbISrDICHd5kiQTC5eT1w+I1FqCNNCsYdIGOrtxdrWt5bE/04ANk0lhNqWGkAEwpWofmspIJJ3UOMzmylXxN+q2h79XV+Cn0jB2tFOzbksVWSZXoHT52GJpUyImw0pARC7tpaW/1hXjXqvhrb7apt216RNrkDcu1gPP0p1KuNzVvBZFyNlH8G3Zl58kDxfQxN1OKqwFhtfvxO2PRFL0qHJeR6NXrly5cuXKlStXfpgsfkGN8LM1J1zt7L+V+GfZ8vP/w3KWg8XPDWxVH9PnZup4nf+m3/R/Lr1iEPKh03ZM+Kbf9F9Mt7+/XnuZ375Tvi3p9iZ/GNHtVXu6ITYRjvwHFhyzPP/t/DZEAcwb3Vhs1kCL8M8Iqxab8jTNg90oKmk5c3N7M/sF46QsbGmW436QFUmjufzgjdg/QxFcrz/SdZSZVcqEz/HusnbpQsYypQP0BDqqkPGxbJ2rJ7fNx1pSBI6Eg7RuZ+LCemFewsKrCLUWsoaYgqGWYfnyoSYzjag1zVQbu0yTQqSNTxO+EMOkmpbEQa4VGwRmauuMTLqEwjOc4Y2nHCJqArU6xKb7gAPwqQNZaC5SjKSEQm168EUfPveGaaoyPCCa6NhIPHgtE5PxZOftmduEVhEZqjPCTA4dpjO0O0wn3LvaMJ04udWmwYokHOYn2V5lpIE4Q0ARai7maznT+wJTHU65o0B0fSuBed3oLkYZRoAfxWZd3gAakaimGzaZjPkoudKYU6eIzyi8/C2RWzsCQH1ZhcH9MJCaDE10CljiunK5aN4usXYi5JeOCkgJRi0Iyhk0zDz4YszJRLKg8NV6vnXvQMSacMjbKiq2qzSE0gaFdjS4wXwU1ZEcqa1mICunZvF8PlCmciLMNuEr8FtWsepkgxr7VvnQi8Meu+/Mr+99UfieJzuu5Wt0LbCeCKdiaySFNgomYBOK86KRtXiIsmDKAAAgAElEQVQ/7iBvIHuGtZwHxKeyDXrJOI3U/ijcm3hO38rJBidg/FTsE6D1IsOyOdcDzSoI4tOz/tjrJ8e2i0L++uuvOfncAunWzMwGOKYvNPOU3jZ/QkyP1dUkfLemei1Rw9t1euXKlStXrly5cuXKPy9KENxmmy2jqttvtcXyOduBiw1R6ZbWxM/sxvpcfrXnXTk3/ab/uPSKQUjeFO/1vf4j1/Lb5cg38ts5vUcH9PSIPviuLtnKPOV56q8t+XEN9MQGGljrEYChiMiQkfZJRGqTQD2k7un2wajKjT1qBOiIKG7QwFrIaH4w52vlNiFnp8YhCN0jJGhyJgmEWRjlxYRpmJqeBgMiUKGHdFb7xlJFCh+poNDqdoTHqUKpK1us3PDFFx0IwyFwR619k9q3KN2yAWFALECDCi7nl4FzeSQ/Hfk6YjY0XyuqwVombMdlRDTYhooJqoUOZryrohCVc0JBgaNwOxTvvEIwz7JLMT1SV8Lh72rCOjJUlvK4kdmlWixYG1rTReBGLlWmYoshNtaKlf4fLMcYE/jOJR6qA9foDpzEukodTxNDYELD4TQlsLDWYLNB17SkdoxRS4enTQ4lhZPs88mzDavXYJG2iCrXznFMdmmAH5jzwsOw3VPNzju0tJnTg7uZ/kO5tDC+K/YOZtd0J6C1Gx1k0FGArY1tM2m3tX4Z3svhtDb7YSIiX/DVS/C8qOpXdD7C/Nmu4apKD4ggNzkt92Z1VhFBBEcW5D6fDb6UCzR6jSuIRCEnCK2dMpB16mQJlLl9geGJyUMa3yrZy8zDMhhg5mPhmdGEtzuU0qbAE9D47kFxnl9c0ULnzo7jKT5pdmDY0cZkZ+68+CjDCL/p6lvaRby3k2rOfTtk3Lv7UEDszkMp7PEOgT9WzjletfiIXyrAs/0eXe5S3VslpEnG6wQYbSsHo1BhU5OBnQcc+nbkT2A+UPMCo/z6it9QNV/JW7ytZz8O8pq3x3szpxy4noQRWnoctXWHftbli7l25cqVK1euXLly5cq/Iicbr2VcJE+fRpH/8pdn2X5l9HtbpMBH27Iu5cTB+Q/ac6/v9X/r9Y1BeD//vk/7Vn5bU+QfrH2ty84lWLtG3LTDt9bK5NJUVYeamcxp6mbgcknptBx4JzQ6yG6BMC0A2AEiMM+T9VHhRA9B27UAoPNRemATs2yQjNMkzxBIYaF9cFuW9Zs0fuITTf9s9UXRADqKn8hONFWtGp0MmkaUEJAYUyNhyw0QVgCOhfGUcKzUSFr8rUz6nl9VrXP+4vZoXnkncNCinBU0PwZBJCo4TrIolRpWwFc58Wh0RDh+odJhKstyFPhFXCdaaozDtoB/CdhBd8MRVa3IjQ04lLTMlrXUNGCR6HgEMiRNxYyieVb9XIz6pIy4VJE5cVe5YCXQRSN4mKWWUIdiqAoEIgU2w7HszaN5BUfBklboZYBp9pP3QloDVPhmvs05vBNxmnLC9F9gL5NLlhtrdonJtgyX/DHofHOHdEOV0Kf1TQh5ThDnaSMCxyV31OPO0dpiBf0rNGbYnK1mdRt6VoXVNFgeFNj5XjRAau5lgVENh5sjgIk4wJYPlMfCbR27XQGV/QGEOKMv2WiUsbk63Wro6ZJhVU1snxgsa9DBPj1khTc+agBnWbS0sC1VdZ9G1dqaNJZDlFuahGNuOsmwTBHVpGA+Nfjd38LPzr2hh1t3zPwFOGxG0XbP8rD9ZBMO6jvenvnLtaiFvBjHJ6a49Qz0+10X5Ex1gEbY00VNJyuNx73Ox/Ru9nWkeSveFthukPvMoA4c19F5hhflsd+5EDF7Z7Ev4V4jAuWThutY1XUxeuXKlStXrly5cuVnCd7D2eRVFjWlPDBBsDny4bOXxj/zXt3F7fk45/HT1jb/Vmn3837+sc8lBuG9vtd/8Fpe5bG/uXyRDpVkun1W/uwEjDTXVh5b8j+0zfq9Yww/0m6iYu7RboojhaYmKuWxKt3SNSsqoRMHCouZBV1NM2ZUxXoreC6eisVB4ecSV5c98kcxTKMBJsxshoqKzKqJ2GEz4bRRpfp/Q1OVvZtI0GhU9kY2+I0P6TsrQjVqRctH4nmi0x1viuNFAyXIBOJnPiwNIPTcMjTBXJ1iQxBZEEbxtPVvhm80WIHVAZ/SxgFyFIoQN1XmAajHTSNKDgMJJ4d2zE2JlliGDUz4TlC70bzpZQyoTPtcSsNrdH7WdwNHtGL6aPD2rCavxWxyrqmyQ3afnwbsNtzpDimaG1A2hbk+WjHdKmsMwDIDzkH6xFOrp3XhgZxi5gU4HQFEV/wTyuIoZQe2kAart1i7VGEftOaWN7Ba1El/0svlRlRxVMPAJ9U0YTdfdL3S5MEKYwuEmvNc1gO4U9eqNmNyBRSMZQtb9qnfkTY2rbQF/0SW6jLASC310yNgDyH5WB4dyWh5XuJT2oaXttZwLUtnDmr91N2CHK+5fy9F2yx9LOUZn9FXg/Qqs0YYTykKHU5PZH7gHKNtX6BhL4WfYaT3COHuqpZ/jx1HcAW9TWw5ocGfx9ZmOVOMnuaftPfN998VZQ87IgtQpEMbZ25HUt8s1CcOaatvvyWcK9N+9DjRTypr+/X7SJbLgwx7iO0c9UO/HuBJY26o8DxPAiFaqutOf1DIq/Y/pD8h60L72ttTFH14Lzp45cqVK1euXLly5WcKTCCy/KZjG2+8327vwGw8SJPgYlF4tgmXecroRP9re/L6q/Pb140T8kNs+/f6f+L6P5Qq9/pe/7lr+SDPb16TYdE+yQ+x53L8+/flFC/ooXwuc+EbfYmYyHQPnzbD1aTYCDeUQGokIsC5I8m5mLqorkpUcb+k4b0y2G4nyw9AggNfBxZsb23GGPwSq/oSjRhabaggX2SnUrFAeaRiAQZqZ3AQCr97IjZF4GhTVGUCwzTgDCKA8IqCU9au6aZpB7oA2g4ZiDHndsnhjk+BNTnwpGO61zEbDoc5oDNEp8MtqgZC3l82dQw4wxxFAtRZvIOj2jNVaTLViMSMUe9FhEmbc9abTWpfl5mPAaF6lad6ep80mzYFGK0Q6dAypzNLTFTZxmrGDtrdeaOZ414FkwUkrqKiX+VZtb3AZQjAoQlOipg5spcmY5NqZxhaB413I+jBUaliifVb/WImN3NwenoiTjXEKBg8ZSYNQ4MjVdbfbHE1mnRPOKqJDCCXURNbmTtGxD45OSCj9xJJ3X1vapfh5j79CuEbbTywPgTguSfDHa50P7fF59sndtw7Bo5NOM6N/AQxas6oBsHgVEOupJmculLVwaCt+3mQzdD/Ak84bJSqpWGGIoBuPZSExiwZdgrmgpl9giE9tPkIchS5apkG/d4XHL2c8pUCxVr3Eskt6A9Yurftfsy9q2Qm5M05cxh3vtQHooiJKdnjF6HveuEWC+nZ16vPt2NRGluV2Tipnhv0rgPHGw8ZWrnnzOlzeG8A2P7rdDqSLPcGPI2OrVeh/qoGeYeeFbU3WJc8/cZVIbk725L8pmMLMbR4e8vBMMo560FWr5LGB1Ok3tZUJ55QdGqKNDlCsc2kEfu2mZghRjA2eiCEAhTWn+vxxGmLPbfG2tDkXcTTK1euXLly5cqVK1f+JckfaGT8tOWHAF0zlvdgs+3ug75Z/n5t7UfA+/y/e23/YF33+n/oumIQ3s/7+ZM+5ffyzO/cdSrHXucRaynyVLst36bXKBtmMxFBuOwM03jmR+wlEfvSrFaeFnYksC9B+I46HuQHXLBTBzRD9SCvJIlQMiKiV5cmsCDH+COyHpBa0ee6u0wjB4AiGUzPOtcLzaUz8oU5EicJsAzsuWkLVfDxRIQYairJy/L/qpEyHKgKLCh8gSp5mvuyYgt28paS/9F1YNqB/W6yVMqTWgsjpo0gRNYUEQFmujkG25h9qcoo3lSGfvUZB1wr6T4wNio1bn2NOph0kaKDepqgmdL0FJEvTPfk1OUIYLTTrIwOOyGtvcxVcD3SaGu/VDcGmh5+caW5uaz1Hau082rDPpylmcryYqkxj2Xh39H9cgQVVOkYW3h9Vc555rKAWtoXsjkLz4oc2ZavQQPc72gXNbvPawt/j3pu/NYwV8wXQIADfsCY6l4agkOS+psmWet1xZzxtt5eqvGFBNFXm8KeBnGT93UthXy3eTs8w189lfaNOmhKLdPsMA08J0ER2u8CZikAmLfGd4Dw6+vrtWvE14LgsIfta9kktV9g5qhFwNcn1pelE1HuS/CEq7+tg2jbG5zyF+TIvFwyLCl5ZIdHpJWwLc/z0KNk/up5W5B96p6eJsJb+C4m9jT5n8r/HGbO/KfonmvOCLRsPU+8viSlFl/HM/ZLytNDfcGouUUw37Nm0pUory+hxYWzOyZdn0ZL8i1EfeXKlStXrly5cuXKvybx+yGsoxTRqAwDZIMdaYPVSl+/hdnp9+3V8hsl9Pbcz/v5Mz5vDML7+Xd82t9fgrwtx4532ZtyPow++Pgtlb/aBYOLE/HuLNh5KiIqw8zgnTEaRsF1Fl+I3bTfcaZ0GpZZyPCnCJCTvtGaH7sAMINAqCoZBVET/NCsCLAcnc6PIgPhTDwvYb7gI2lm994TjcGoQUbZ/L0g8aP6czCUSfyt0hCZJDHGyFN0tRi81FQCNFLorQW+pOkZLyA8D0YlAWHNzS67OoOF5rPelKANyCwnpVYz2SMqWdCTZCozy1p16VczX6iKZxAAFDMIimm06ap1IodGoSO8WyW7sxZFrgsUha8LBe44ZAvalgAe/jBMBKvwTl5Cg6sBMx6N3TUARIirzkhQYtmIrUC+aZkXX9L6EBgYNyYma/UbTGXLobRYAcIE3r7ajwUmmU0jjBTGTmm3yZY3hF5oyPdQWUaTIOKwzVzSvBOsXbXmCJmxpVURPNPWXoKJ2hpX8SyzYU8yuBFHgHCHT1oiNr0MXFmb4NOI1Aa0cK929OURvStAa+3beqJA8TBSaSvWavvVMQ6hxTDwVmuvHCNinfJ41bJ8hdjIohyrZwAjrAoqW1UEJnBqmpqBszi9OXsjZUWzsDZM2yEARmDa85P2AeWN98A/q4a0Ya0DCSecrHUkI9y3Nwqu4JT+IHijT2w9fWAu+lnKX9fDVqyV/un8gp3z+xENXsq5f67olwg37fAglC0ftIcp9HLtZ0vWP+tJwfvSCpPRrDi0SXvYwMqZhH2tx/ByDEItD5BkPbr9ialYE69mHOusnVhQTAB4wo4/Jl6r6iANr7Jwx0AP9ytXrly5cuXKlStXfoyU0UTpwKG/LzPfoH/WL6HTt1nwmt7twIUjVp7TXfvn79vD336+7t39vJ+/8rnEIGS56Tf9b0s/WCx/o3z7Zv5vp6/mIFtzcr+WzFv5plbO5oLc5uigmYrNlaITp9EzlqFqmL5fmLCOoqpjDHdBWgfPo1GeKCoi7jIT5ueJVicWJjJNKnxR4VjDRIZ7biQzaDN5azfcpZFOJCDHg7VOgKaUsqOZBwZkr1zRu8TKJDHgZHiQEsiKFnrVdIXnU9Qq/GJa5UR1EI/NDwR1pEB6tMiIL4jaLdkuI+yKHqdS5rSkdDo2OdAsL61wuVSPmcmA9T8Ba1Z0AbdNzAzuO0/YRdn6q83pf7B4DCbm4fuMMi/jQarhzgQQqDU3Mn8yEouuwUyI6Gm39S6diGkfeN5k7kXHDkfxKhLEpVLJxamEq89ULpl3ud+7Fhc9UHvzRABzXaSvCjNL6s8ygXvRwW41zcnPhbi31QOAp+QEkGoxs/DLap17tAomSkwQE7PpSRkXcMW6ul9KVbVJbpzbsYRQEBZGUyKf3WgUySMatyeabYl1jqLrb9E8bfVFoStQ5E2otLW+B1kPHljU4lQhzGfjnSd9BLtKqWHM80UfsGifscza8E+44xEtyxJW+C67QZ6uadNuc3XREW9oz9lMko+uYu5aGuuAf04qp8dT2/cTTHLdCvaL7r+RTxYINsilTXgtKFr7Adp8SH8h0Ec68bZYdGv96xOzHZvYFY3YoR3BlY1Zt2Hw1odjXSzCv8nbw/3UYNzYGv2RT8zDEYzevTHgqrNWTbruPFSAJ4NRIUIP+NWBPUjr1Qee2FLPrWwR1WVoTHvXNVL1nBMboeb0SlRSNd4RzPKcU06teBWMJ+EHDm+vXLly5cqVK1euXPm3pdtpbfmhrlsm+qXX3u7/tN34cDjz03JgStZTrh9pz7/p/0fTKwbhcpLabvpN/8V0+7fbs5o5Pi8nzC/2In/8/bY9tqSnC6qwHX6F0SbcDv6V7DSxKWYatKW02XVbriRBKPEUXZrUbawIE7gb9lp8HbEiF3oX3MmbJdvE4StVBsrghG2EMXqE0S1bmxfRqeAOkoWPuqcaIQI7t0gbjay+GPDbCLgp+qiatL4hOp2d6T5GZ6hQ5csP2DsJcKR319SpG95agLryKZpDDtqWEjWT+500glS4wA6vCMKmOXtoeMZQE44/18ydX91iiz1+ZFvK92sZf1VVdVqfNh0wLqShqJ2ljwTBjM2v2UGE+jvgHIOoppGT1Cis0+bNlIgV4XMyplk3SevRpJumT3U4pLq2o8s1KgHfSq4aDCis3xvWsSJ/D14f69V1DO22cuhPY8Q2LOpbBly2ng8duJ32sHLBu7XfR/ARKT73a88oI3eGr2jUlv3J6R/zrnSpdS+F7zo5LfwQntv4VJjSlaO19uggkTbPlrjtyS9r/yhD1b4s3kk7Fn9VW721ExKLw8+Db8woona19wzI/TrWzupc1OwwCX9h+A4y8giAiUhFBGR0kKPnEkNS+wi2Pj50mdPLyfCh8TmpD545l/aL0GvEx6KqkhB+vBWZbeUsIHfD/6IQBfl83SdfbHEIXvvgwXIc1BWNfLnF1f65rctvya5tnvA5Ff3RfDhFIG1mLGjrkv+opNhhKw+0tmaThg565r55rnA+Gux9MfPzLhtUjIW87wBXrly5cuXKlStXrvwcSe8z+Q6bP3Tf2IctHGet6fHr0I9ktzfgD+3GECcYvs//Sbr8Sjnx4+Pftv/f9P876RWDkDwr3ut7/e9ez98rRx7TbUmXD8pc8qCgva7g1j3dC/PRGGaifpDcKYNq4hiWjbTeW8BSWWkZycOM5Y+0dMS4GdDFgrwDi1rEHhPAAgnoltmQXY/i23CG1tyLIkSfiIgpYIDgFwZOp2X3zWo0i4GBlp+zaUAWEjCGCvxRVR0WXtRyEKLpAZ1GzlFMk7BPu1O4tLKNaIYEmdNxlVKAJdiGRmjpNwe16V0r+GGmL4ZZ0AGBGaRZthv6oKR0FxrzrA12uduD8tR05AzIW1jTNQcIoitEQ9ngTe5fsxMWXjaLZ0dqEVHR0fobhk6eoeVBdLPVoqe7PBGbVhMtKTAhlPUWG5ludCvHzqQe6TInU709Ze90fwwXso2DAdrLyQbOdqjnAYB4LUV+aqUUFxIfHabN2cQAIZuPj7jqooNchjECKCY10bacpT0nfa5v7qyNdTRM9u8/tn2THvQ0DVs1/SjAqyp0UfJDpg8byY118HdJHHqCy8sTM4AwzWMrUcaKE586Ylt9h+1ouUa7RNjPLajdiAzaEV7RJfzfWtxOMtz6y1vWO6Bx23bwyHiWF9+tS7Y5nJVSN3aAIzT2yYxYQW08z6A9E5CclbAmKzjL1gUjeBa5M23ao1Z6ttEDos8cPEsO3lMfOzXltTaqlXhivXF4+1wA/UXHNmwbpgWde2rKY8JB4BA7yKexBtkHrvTnRt+IVizxRG7GYSHMMyrB+B/VLKJOsF25cuXKlStXrly58lPkyd5LzJBgFnieaRSJUNZ7I/Ifl/kmj6lolZnp2trza9cuCkPpT7DD3+v/9esbg/B+/tlP+6drsc/bsKe3FML5nvK8jD5InytoZJSzqH6qePzgiTbFhk2AgwD3zJgn59Z6qYhY0gEMhWVQ0ykmGb6At5XltAcMK3QwMkQhoJ9JcNG2U+sBP1IqKCPxn1vIOSCiwTrZySImERSnNRQxdjwlMUkyTxKUF+hG3OSvDJq6t0Eu6nR46+CxErVixDIKkytbc9g3HCK+0zS4k40vQUOCGKmtKjy8AlWHDslGWRQXpTo1NedYJGyIpuXys7m/81hyhfTQV0Ki2RjZJKdHG5y+PtZb6YRWy8Bdr9lyYpNENnKhVvzKjmoCEd7KhtKV7gu8yigy4wsPcysgeqakJIDcbepM+OAx3PWxxbrbMbmXAkZymIh96vfYk4f2WxKduTEMQuth0Fj3uTFhFZJzX1vnByOF6/bR9iF5dMPY9FZqyr6iWdUIeWj90rYXAOHD5NhLUUAtvPqMXWrnc2GviTMs20PXg6ZueTvUObcVRFvO4auaqi8796SV1Tv2q42jqtGVzlvnYOJZ9hS+UW3OSutlW4snW86EaxNQsdkp9mOJee/+Gdc+lLfG1Np5l8xmbirIp0E9ha16/VJnD3VU45CMeMO5+VuLHtieIRu6SsVqwITZUCh2ePkvQSVlhJB33KMM6JEeFGs831zFv4Cnn5tYg4S3i+TR0u69vtLJyVP+oZ3a5yReQQzels1s6vLmSQvd33bOXeWnNlkYrJwJ+Khj69iR2njIpO+KCxBeuXLlypUrV65c+VGSvwrae3uLRPjik05cP31LRwR/+9NWM9EfKPPN5z9Ty/38X/lcYhDe63v9m9fyPo+t6fY6/59pw/xj7T+W2Txq9nIsLY5+LzmbU4JC1NSG6dRRXj3dFqlS0JU5EMRsLjIeGUzDII2lpdOfqFoeRNN05wgiI2vVQZgSk6mnWlbgsqUx2KKCcwgrWFgXxW0y08EVKj/po8L6s1HbBpBK3JA4pxMBGVmkQlRHH8Rk0YVaDCwZJtoZXSR6iKBd8IXaCHjWwORygxooZ44Xg7KsMEs7cjA0TVVkih2IMKoy3C2ux0j0VaUYMAtfqwX1jEGR8wiarBBWW1StRdjom0jWCY5g3CbgcJFG7txAPMMwzT09LjR91A5Ox3yYwQ2NcUn4YoqNrrz09ublMOJ4YsYcE54Tu0o0A8XZukus9+m7CFvvuVBnTOXTolSDXDZ8JgFqVmxpOV81PTcmMU2RKzHaaJW+NKrLNjSv5J1DPBVyUowZxZN03XS2Go9BFvUwzV+3oiDSqiaegoHhA0nFuhdbFtOZx9YcDGKhGKKrvnUZSDS2s7Yf136HF7fGYTewBd1BE7Xny+uH9roz3r2CfZIfMvluEN6jPcgrdladdaSh1r2KToob91KD2OiPu99HDhs/yPK+DH4BSKhPY4sl/wDnau1lK4xiWwodoSBH36+WQ3tz0vWrxXP6vjJ32U5X/AFZ52ECatT6vbZlFXxYeLnwxXFnme0VilBlf1MYjJ1X7XiC1Fp4qD99mS4ZMtjtkYh/5cqVK1euXLly5cqPkfjJJvXm21h3ONSvlfn8dvzLdualzD9vS7f286Kgyx9j57/X/xPX/6FUudf3+veu5YM8/14bbEnfnxzaWF97HopNeGqDfXAtomqmU0x1BhcwMEQFBYzKVINZPe5VM/miLnV+W6UOVRPHhRKTCR+chRzBBoZ+wGxFHjbDxEgIEHU6qUmWuJnEiXdYoIIsQ1QNzxiwoCppGNUOXWxvabkiWCtvaftaMSgezdvdbx2avJCgtEqk8SvIaCg8wBqhhwLSVNFK4jsPdbiMlFWMLKVvVER1TEzZKTZMw5VBEjnqDjirDD3oAK4MV6qWcGPqWaXhbcU5FA1SQwdXFk3n5NA1rRTskPIwMFhFzQNX+qUMhPoE9ORqwrudihq5sbWivDAXJpBoCSRrFpnScWcFDcRicYMwuhhDv2iaYRo0eGhVxiGQ5zLLalpV8McqScle/jRPj/gUNfSFJImShw1BwU4UNMmNJyPFHQAiDZRPJb0pw1OlzwYdGfhTxOc8HySoCTi5yNVA3+UY50+K5VObc+3TZiIyvjzyoldhQH28Y2g90iMqX82obB5vL/w4MCZe97YWi2uGS2Nflio5DTV2RB1KnMthHj0wNrAhETluqEzLn0GpEEfOcgduAxWTecojytXPcGyKt7ZpR1puusf0RIIBfpBn7MOGTmAPOFJEHFseNFxI6f3reSEQ9mlF4sSxAwe3hvRjCrFl1MZx1puuf84HBl6SQLXnrzlVc5vns+HbN1i05eMOjHp6csUzGFw1aauc21P86Re7UUzcfAamfnTJt8j00LN8HqJiT+o6x9YDQu30Ud8oJFbRm7CFVvP/CQgXo1EJJbR4jUc3o/VkWtLbQlrc8a4Ap5qIfmWtmakI7PGErzJzDar0GKhoEGN+8RCOCpd5KzXovEVfuXLlypUrV65cufKz5GR/Enl7DUMYp+ffZAA72HXf5qkaPm/P33P9E9pwr/+PXFcMwvt5P3/Gp/x+Hvt+vRz78LN66dr2uIl57mNvbdmVyWbmjzoY6wA/KVgsoPyJBOMkTpADEIEZDKYwCpdX/klV1CK4WXpfVBiJLJiJkkYpLypN+UYEoOwjE4sq1pkQVQjRf0Va0WUMa/tSwDnMubF0JEo3Fq3SsZayQCqZzE7yxKzqvssezKSki7yrwT9p1XMyYllCGZ5j67UDFPgCYLDqV+B8BCxK28Pzxh5oqxy3+vRw/+mmYAoGeVSGiUMRKjI10EBAyokUv8RunpAHOMyVnGno/EzzdywTQNyFUAJDhNdafhc0mPh5AdWyIn+AVgBhQAJpah5AIrwa/8P6hCxsofX3mwQLmhBku6/51jIdbu7W2iMT5Uly8bcZvofhrpJNVgMy7yb41IxNlsrGUtWM6IlNimflWvpgq/trgHBrjgg5kDwCikgctZZriP3voWinp5sU8TrXsNQ+KQfKpx4qNklAHKE4NT0c00c5gI19D+tuBPIdJn/fXsv3IkBMiw7m0t02h4DkDw2t5j8dxCjmOvfvsCYOZdK17sjKPtYx8/po2kOjdzrvc1tyuEatOU3+eoIoyxNtne9vSjfaK7R9q23pnct6zwN+8efGHd8AACAASURBVHXPoKo9UKifBTgMwVZvXre8vBLqWEOfL+smdaxIK24ueSrHi1GuzqVVtSu9arzK20m5njZa53mU0/JY67z0ZfHYmGPtZg0j/ISP3uBAVPzJyQlb/bXnkyy2C3S2FfNZR65cuXLlypUrV65c+eeFDT6w9eJnCEwYOKNbPyDSQdTyK+9s46VyvmE91u/kf/hc2nk/7+e//HljEN7PP/Vp/1Q5UtdrvMC/tW1in5YpD9caZbT0emIBt1OpgG6jVRXiftIMHi/dvm0JLqrwE9JUvqJsG0akBZQZEJuZchIC46UZdSqwGSP/pO6QTbM3zcw4Ek+I/i8cINkMZyoGj6xwxZmddyYN8zygNM/mNcmMhoAT0Dg9lE7KquaX7j+SZWwwT1JnC70pYcURRmoO5thYIAWwDkkeSuF2ApLWiF5Eirq7Qo87iCZlF0014bHhQ2hJJ63hEzg95BHbNKILFWb51pqC444vtIX97mLsYsIqut6Whmq5Ysx0a2qtsVAHCKN1I1NLG/wGKFRycBkPkbWecOVHybEuegdboXX59yAcV5Rpvn49XzkpLaV0/FsffHySp9a437aCmIFjYmKD84soAYSVd/W3jLkLL6qYvtxaYwg+YaQHIs7WZ+B8zmfM/a2cdzIMuDgjyQaYOojooDqWpU1EJDUjV4REvqLdQEFTqz9FIiJYbc7FnOOFtvCqLae9iYoOv9Hcc2adQMnZHT1V3aiuK7jCX+4aLbiuljMNt+2cMxWeM48Fkh9FkSIaKud8x816I5g2C7lyOZty2L0/riCUznsZE7zqsWJnCtonXVjX+HZooM6gSO0wvFn0Zd23kq061GLUvwV7fmrLYye86Hy08eLLIkybxiyf7is19nRK5WU7TnOmu0xYHvfsGbwd+kFh3KDPVPCyefF0W2d70YKX98ysGk+vFS7lVhmB9PQPGUm0wkLrt9bXlStXrly5cuXKlSv/lLDVid+N339+Gq3w/ad8lNPyR8QftJD/obbdz/v57nOJQchy02/635Bua7q9zv+9dPu43oWEtJugF9tPftuhHpiz0+57+kr577qd7Irs27N5ZoN1p+EpGVSP8X5Nk7VmVEPcM0SL5iNwSJnB+TQiV8HKmLQvp5oFgkN+R5VhtN2Zp2YorNxrQF/zwIFmTLxAjrrbuQ/BaExDmDvLimJTcSLujbHwsHSvCHM5GcwCImn0o9XEJm+Cd2X7YVaTdUoQz6raBATK9VAZmfPBCnTtBZXHgKuMhFmKkaZaHsvhi/ZkpE87oKiO4DuJM2xSb8X2YM2cDaEcm2pDCAGSNog348BlT3ECzDmw5kHCEuSsKVfmSxqyw6LGwmEwIlH2Vk7ii674AUBhmM1U+N6l1bPlk0D9GZjyvI29K2ZTKC7G06icb3zNzFvWsGHqmaZLTFXRZLOaCNHaBB4clV+/FXZ/Kwxr6XHsVcsBgjTCtwMEj7jGKmamojJUVE1HhRjNyTIbr7UBh7xBlnPCiY3zS1TEyj+qe1Fe29U2xtES8yRDRDDdAUJyIuoNjHMYBiKWYHAQXBTbZQ3yTAx2b9ry8O0apnEyszHGvvbjEELuTq6jvtlo++dQeywlFKI9Qy6xI3Hqc4mzI1TCAsK0r77jX1HJo6O0/UToT7C5n6H8RIZs8fdaDe747rGXrUNrj3b9Nbz02DBi760gZS8fLwKHduXGXS8l9N6z9K52eapgfUXIPJxmr0O1Pkh78VjKp+dEDuXDSRhm3L+orNe8LckHgiBqHpZs+toeTWqloJ0TG1zOzGwvBXpmFmQWiBeAX19rV65cuXLlypUrV678PdJtPu18H/8xcXp+uWuJUMgWXcVfz99W2pNdetZP/hfN/iD9wFN4Ve9Nv+l/Pr1iEDa+hhBp5abf9P+qdPt+OXZON85vv9IeW9KjbWEeDaKXO+FUUXHHjxBLRk5jzhNwMsiETDYg5AfSA6AuIh0OFZExBmUPTE8T6/QiBneCrLjUX36MRR2Ff/kT1yz17AFyEucysSDRpVdYFZGvkUU+M7cWXgMR2uDUq+CoHED2W5btgHVsioBH+dLoCPTUgjqpPOxqMmGyc/1jzJsRvUG43prJkw250LggQ5ID20RA02tozjMwS8naTlUvF1ajRTSyhc3DkaLSfM8mVK6okMtUTllRs2PFchImsyp4tA3eWOaDogEvRmnP/zCYK4JWGOoCG2z6XBVFqhAbRjmU+13RKXMub6CjJQ8V82SkK9+ETimw3knOQymaXu86XmOlBScohq0cU3mmld+kopLypkP+DDMQltu+m9LS42NOZMe4+TAEdl8HiWLfM4/GGZvnsIFLZFO8oPu9X1+Nl5fz8Qu8JOIP1zQEqxaMPCb5erucGF2LsUB5mt+MDuoyCoyB5daVWsmfBuk3emD3GLUxWOWesWJczOwLsJMQwgPWd3irTs4seU1M3N0ouC1uRb+Grvmz733KOwKaJCZDhFFVrZ5IIaKKSbEE5NuX2Idgnt/8lHlBZY6cxWP8yyLVaduuWWM49kBvA1Tg252rnh97j7YucCPbLNrx4O+QMuMLj7Z79mb5qoQz8ii824vuwTPfDezz+8CqnEh+6N/Dvt01mWGVN9eibX6+aeHQ072V4dxA+r7BeNLW9LK3c3zHKtuMgnAeio9+XoDwypUrV65cuXLlys8S6+eiNxssX+tTetoZX+SnPI/lLOn9dN432nPTb/qPTa8YhETWudf3+heu5QeU83Tvni7fy2N7/rye53JsKTNPgKh5hDhyRpZZzBgYaaakw9lzGI668QeG7W5sS0wATUG8q6IwsMdWQnM4Ik80FHY0+jSqXEDcCUYaY1Sa4KtDU5bH4rMjyaeMYYDuBkqAi8rANaIBqsk+MzNzOloRGQ3ECBsafjtVBoUu1FCCSHOWuEkVKGkXLwpjkqxUiudFAfAUFjuoLY2Min1aE7Fli3v+YaDGwGx4mhY56I1KR2MrRNDhRK0BP8+8FU/Dn2xd3ezQ2VrBWKljArt19WxwJvhu6aP0ysod4rou1i4ZTXfKWfBna/LSldoUrMAwX7vdGstW+ylJ+w3aJ5ZHWs7JSSABJysbDK6IVXhaNC1EgjY+bMy6MPnXHDYEi7Rqg9ZbQ6kJxGLyjav0PdvLLZmHHQmIGdcM2b7zkQdjmRHAL5qPJTWmJstvZv9H8qc97qbF9D4MXwWNM5v2AB/Q2PObU7lb5j2tT0WT3MGLalfTJXd6hnL6K1pkiXb6PtcawOtNRUS/JOe80sj1owGM3VZy/6lE23pu9ssEqF6cDjhyhb7FYzcrYBIPwborgZjs+7aJbQN0HLejtA3lcF9/cC47X6mAp3md4yRi3EmsL4m2FnGjPm5Thw1o2zCXuINLx5/QO8bVDr19tf1LMjt19Vfcfblav6YNHM9z6iX3eXv6HNpfD8zHXLRW4w9+nerucdPjdM3xeBewB6fMtEkclSZBwBaVwaqwGvi1KOul0OrFK0oraKsPr6XW0/rLwwlurwY9TuQrV65cuXLlypUrV/4NsTAOyCDbbB5zTZPCft1ttun8ZLXl/ta1/KFy7vW9/iHXNwbh/fxTn/YnypFv1GIf3itbzr21ex55uH5sw2ZKXe9yE7AtLHEVETWbXjBoQmw+XaQABiGLMdUFpOp02L+d2acYhrBVgvlRAbTIGq5g4JGTvST7KeoCo21IhPsCDpKN4HiJpQcD7YhMh0zB8J5WX6tilXRTuIR5q9P3phzmS9MNKtnGhqbFdjuY30X7N8vp+4pXrKpmmiCHqnZSowBw4T4pFVADB3qTmM0NodtaWPZfozRdGr33MYtcCCILveaEVbdmHFTWQUZ/Q9vL3HhpTzUqX7ZyRI8N6KU1JHLBqphNUXBgQW6atuSgZoCwWTUTINpXaL1Eeu1rzMsE3VQ1HOpiia52emwTuXyt70CxSJWK7SpAf0ijvIgenaKqlJPexczPO9s0a81e2rAsdLHcQk004/+hbGhVv3B3rtct1N8B6CkplI7+XNrVUJyEGWm9mfkxj80xoNZZAOIfaWzChACQV1cDDEwDkYcWSKWZhxDmhGnbcqgxorFZd0fuu+JPq9ZJTgFaHrwtPihYDgtJq0DtxTQeIc6evBq/35HTaYolx2mXoTh/Tc2Lzj1Ha7fqqrVfaPLL5j5+v2ynC6Fwg63plp54rOh4u0ijAy7HF9aGmj6yBbenz7lr1o8dLHkkhugN2TReOugeVTMeNLOTD9X1fAyropZLvl21GfDUoo1O6Sve8IRYsetDQdzf7rd5fxOoauoo25UrV65cuXLlypUrP0qUfinnZ7PltiiDtluDjnd1a3DzQfrw+SrPXtpTG97dez/v57/6ucQgvNf3+teu7aP8tqbbt+uSb+Y/Xs9vtoErftEGSrdH/bilzrpZ22SITWR4sl2n1axzGup7Rfdm8zqZhLyMHSVJaBMBoS2suapzJno30n8d2ewG9Whniyls9EFPGaaNCyfhvCvJE3yrp8z5V8En6Mdo1nZvILTQzXWMATCMsbVYl0iBRZ6idi3IVmvvo31WYzwCkGXIlqmZh3uSl3WmhqiIgDB0gI34OvKwr8G1xhP1JPikW+FHF3yvi32Rsi4wZHoCCF8PxKFV8g2QoXdtWVw1lKd0IsAmDQqA0M4uUtD0LGlhqxZ8fg5fZdboXuQz1oh4WoVvFmR/W1Zh7ZU3x1YAh2Ysj5W7rko71IBVKdhJVi+0vZtryY3xlyPSs9UoUc16OJzBO9Sx9tfzGdB+8aWWPDhEsRderFxsJs9zNeDhwzLcd8dWxwfB+d5m6N4IZX/kZLNECiF/2R3d/n7co5ZTI/ml+tDn6jj15a1/yydZO7jgZ4/d0qdKcW3LZLOe8Ilf4o/a/x0foUu2T1C3PfMnbXjRmPPaJ5rtEcP7rn4Oi9BkBw+XceREn6YFoyYq6E/DthGf27kq7flJ9lq9LVtcvHqSLc/uJ819+FC+cuXKlStXrly5cuXnCVsGTMorUx2/fm0HJnv053kWc8Q/YVc/tLO94r+2k+u7PPf6Xr+5/g+lbvbGe32vf9y1vc5z8Ir3+9ePbJRqj61tW9sZZB1kt9W7nXkiwoMtj6IFKxq4bGWk1yxVhS9BzaIU3Bi3N1laxtYT8nG03yJc2RAz03RdpZYRBClz15Xjf5quNgOHw59J0nnyRakWoQF33hjM9+cB0fBCanvBJ+vt0dTbdb/ztto/D+0ouoa3liYDSJjPRj/NjMdvy+6oa0qfwLBuMm3pWbS/dmDiLJP03OazXfiBdCJ4y9Fuqz3hnR/V1RvICn9Z1IvmUUoWOLGowfYa3oEhCfIoI3qvmqltbfeZQPO7g/kJNTwpqluKTb4GHvRd9xrVjmVs23UHaykD5sWbYUKUU0K/ttau9vo00G/teS1PqNXeVCPtvcDYaJM5T5JysUjpO0nL/RQf4rex58qHLUhVzWZ3Stl7/Rxa75j+1M2X+6Hy4Pi/lOFYeyv/zWp9WKL7nHk9Ut+QpwdHLC6mXucBC6vH1mPVut/otT3QcL/R8tfU7c8LeYsLHtOf0LtPMVos5oWVyAGDX5RwhG2tP1bttFngJecA7G1PdBVajG0Vxz9DeVPSuZa4lOwejKx4z485RY7j23W+upfOVVYAIr0S2KaO1y5SPzlqcOXKlStXrly5cuXKvyNhLtlNdRY/tuqP/OGhZ0TNll+wf+Da1p979/pe/3dfVwzC+3k//xs+8ynxcf73Ofc88nD93J61bY8leNAx8ziE091Zeci86cm/bK5RlSkw7TcUgZ+d60Zgqhy2zRrvRTWex82GFRiXNEMiCjQRZUaIiGl3m8oB3nbjl4joWKknRXbZ7FmcAuve2Xr9GlNpJ/4VVyf3Yh8YanUPN5V35sfTzQX0SoEoNUa6+X48KxG2wSf6w4sePcKTH9z7IG85NAvc8i3pqnbc+SOY5FgXUKpQtsUMHiLTJ7fIVB2ivuAynqWKrAyODziXtsyEGHFav4xpuQ34pL1DPMc+7zg0pj733f6U1XgHMnX7tvq1NeNtA568Jj61ZCnzfLqifavpWflFOU8FBvBwcAOYm9+jnLeO52xPGNKHC/OpO4vCXrazynuXgbClR/gMJS1uEj9qwMvy3mZn3Auj/+JGfmosExKbyBmK/nzPPIFG3yhnb9Unu/HTja/X3dN2B8fpW/rD3KMZctjHld5H4u0qadJLzvbPuYVwip5vMFqHQCyjdKK1meUkq1/uc65Td17DwNgxqPytY5X3EJ3wde2fHym4cuXKlStXrly5cuWfFba+wvbir8GWjLtf++TS/PdKT9k/P8lTOf91y/n9vJ/f/rwxCO/nf9GnPH9rH6e3FHufJ32Qvm7P0zWVEIzD+P+0KUEZnO+YH+V6m/zwZbym3qpw8Lmfssn+5l/akSMnQQ1pZJGyOHV77q4H1O1R2byvXgLHOlzaudwftvPRfXEaWW431fSWBPg41pLRY+92YZVLf44NOxkxD+VT/p6BFafyxmIXMyZIXEncxD0DHv+WKE6aLivLFquwneIOoYG0xRqOiR9I0tIFYVP1C9ZWZn+ln2xcFFjLTT5j/z0Xqhk/8JHnwfU/lSIFcrvt2FzzgRXkDAsQxWii5jCcu6Gyzo1Dy6Jt2v7HtzyABU0PulNJTsGsOsr0Z+3Fb9HB/HMhbCXH+GXx5Sn6JTr40WzKbU5T+b5xnRhU70g/vFJyF5TcCezhrr1Rb1tN1a2FPXhALUn48085wPz03tL162xSrrF/oZZjtW9ywMEp/sx/jzfmUQ3FhrgNqP6Ohhe/oL+2MI83vvU4+qLG10j82YHnx+lrOfv+uaLrOTgf6fSFGvPRaeWYuc3AOqIRcuQtLhjeu4f96d41vZ6N56Hc8cVPpkoeufqsfVeuXLly5cqVK1eu/BtiYSNa7H6LzfatZdjaz7vz56mWV/k/y/lkqb6f9/PHfS4xCFlu+k3/o+m2ptvr/N9Pt2/mP7TiTX6rdGupx3SRJd4h8puYTZkTDkXpHs0j7JWE4rXuF4lAhpFBM6OIio6yQbdy1HENS1iDqnOLfMTfsSpOkKQSPvOQzP0qG2mwmbDJ+B3xJx38f8Uhk8aATIeUW726jpLfOc5n/IntcZwJrRjW/XcBwmPdz3+tYqoyJ5ikPsom5PjVeIpogFc50JiNZv+fvTePt6Wo7sXXqn2Yriggg4ITqICGABIceCEqCIIyJPI0DkTjC46RDMYYEyX+YozBF41DHF4wMdFMn6BxijIIMngBcWQSleAUELjIJYzq9d6zd9f6/VFDrxq7unvvc86F+n4uTe/qqlWrqqur+6xvrVUAEzQcMGPh1I0kQwZKwz8pLzmKjmLWXgLiQWYTEL06JCJtrAdbhwLB0xEUZ9S76mPSHa8eGfuICEO2IqC0QW5TDGGmY90MqJlIo6dDBruBM2LNAxQR26+Zea2nLfDnmRPGbQjQlKLFyDMNnpsU80wS+TopvXufbaXnTueRIp7zse8BmFbeD0WYyEYqlLAbtFBPxAn3KddVumgMOxW6oqTMPaNCiNQOi1GBJUhRvx4oOa+60tKStZwsvREpkq6wY4u+lH4ZZy79DOd9NHv08BiOkP9MuQaGDqmF7omFOnRG9o570bm0bvDlYNdkxN9b4SSYcaZEAiC1Z3J7Q9G4QOqy7FMmjBRv1tf0AI+x7Ktqa0ooXyQ/XXFfURUVFRUVFRUVFRWrCtfGQvyUxSxxjIQyYRqaj907GitljPyIGT1ew5qx89f0+1B6uwchXyWtXA1qek1f2XSat3xtpU/l1wnk1UtOfiqplzL6UCtHnUbiHzp2n67NpfLx1giApAREzUy28TwRcaI3yOFBPh1jtwqqyelBKzlYcxPhCE1ITsG7StOQZDuJwrKuQHRSQiKhrZFiZQsiZA4IuRY2thyeP2cmnpii90ggtu6DihYE1GwhM66bFuu1TmbPK8syyNbM2fqh8XvD3A1RkV+Fw6ygwb1NmW750Arcz6BpPx7bEwQbTheZn2yb3vaoMAqgpf/b7gNhMiOgjUGnWEltpx7Db+pJi7F0yhxtMxj3OqcOv0JCNNtl8fEWJwe4nLHUbEQUuuwjf65TT3en+VrtcZjS2eUaMeQLvVLRS6loilHqMWQNI50Qk8Z15qX6TmJR18ZO5B3CSiT00srL01FFGLTT5ZMKuygTn9OZ7no+tqFQXx/2pitn3TKYy7PZd1xFMSDkae+XMgRzXLoIW13kKJl/0TuizP0hJL14WPOBbewGdjehjSLuvqkC1n4cD4cdYzheqNCJ0HwK1iijFRUVFRUVFRUVaxPKfmmWxWfswKlz9mcCgWsQ004YxnjmBB+KyyFA9Gy/4+3hZHwAwPvbYrXt8zX9fpfe7kHIYi3W83q+KucwtKwszi/7l4X8OaP9wjwRmVJKte9ga5EC1BIsidiyiRAam1s2yIUhOtVqdxOiUPn0IQCKljkjw20oUsnhnFB5OPrSdaxtV6OIHmS4oTZmHxrddXRKtMyKA1N7WwM3wKk2xPZac3unjUyXyGUV9+t2RSWkO3ZhsiRTzpDJer0tCTwMZ2BT1H3tmR8R0YZH9eLl+VQImK+duGK6g0hvtkQOdYj6dZEaZyUI3L96WraRrfNSjRHIHhmnLS555gpJJCB4w9h7NQL7RAOAwGMS7R20RcmRywKlOty/1tdPj6ipIwW3n42miH6a/N0OeXusX4udYvyHkZUjt11+2N0e9y2S1Y57bjg3Pjj2AWjnIOfrpBcyNMwAWqVziYC/31iUFXN0gEgjE6Sj3xXF+qf8sXoVNMVztae80AK5kUiRfFRlg0yCdZ+1c6y3jqOjciAvp40Zy3nUyGALo7VG0N0DxCWFr4/OJpjFOsPZG8oNIt4TATdv/0xOQMcV6ByZkns/9+OivBnamUgDIZSaMcIPKC6GzF6DbBmBXU1D6RuEZvryXkneEHX2MI7dykwVEfXTudg0wlOi82GYOICDrKioqKioqKioqFg8ym3C6oe18YowD7Z/42Rsv3bJPUJ3fr/sXGzjOKJsPa/nY87rHoT1uHaOVHqVVkwrQ6W0QLBOhqFuQToF6ZJ0ZFE0LxpTk4FTnWtBIjIcmZPHXNWuf4gCzE6EpKxyvA3aLu/7eGlaD1EICCJnsbZHL1jvGaWfax93bWRoskWkIXrBTX2fmE63NuNb1c/UFdBgfi0O32BNafYbI+s2we3+ka2VQqIUbWg6xwvK0IyqDyPMneUfFMfrsjJx5Vojb+sYwfpfnbWDV/HTzNsubT/2q+5H0mBLnyK2UVEhYmI1Rn/JSwMJrh2/eciUcW6qh5AgiT8TdlJy2Qg2MFrza7ufZ0dvoAoSGknXKqHPM3mEkiL52UPPWh+IbL9mHY4qcXPjz2Bigzc9Itn3crslpgl07Iu1U285lcAek5Q3sOcUmHeBynuqZVwS20ThXHNy6q1nfRZTlyUzRIl6dMEIhK6cpv7cfEtEiUfCZnLegZl6ExvUua+h/iwvQOwFnp20wky6W6Ivq666e7+HIvqg8+IYLCn+to0vG0hth+ehRCH1iaPXxCZud1JnG9gzpqImetNENXkvs2gVpqm+ePuiSBaPjZV8Log1fNigTiP8ZAr9bD3H2ZTrc0VFRUVFRUVFRcVqw3ygEoBj1XTSg/x8qV9rzLKWL1iBI5m/J0Ld6rEe1+qx9SCsx3pc4JH8FIrkhKyc/FW7cczIo1sLFebscS6lJJLK085uHqipQSlluPUUQrsOHcGyAxBbDk8IiAJR7zXI87S7W3lOGRH0sxR5hj800RmtrTywvmG0CmsXbhmQQksi7xA0HCFQSkJB87rbr3xcUvfCq6uNS4btboDo5rE1kzZctpyB9Z5UIEpVZ3woQRNmhR5FLr/Sfjtp9tDeGDcUp9mMD4AbcwkkUGcHd90CdG8Btvc0KGd2j2MtNT/5686/qUwDfmJ47uDhQr+oE6q31cQfDzyWZnkESEMS+Q+vFehy/n7rCB16Le2kReEkoLUN5Id5XIV9wqSlu9DPqqrWJn47OzJRapYYZq/WpKO9F5Y294zghgGLSvA25+tcl+DLD5g1/vQSAFs+ERGuHjqIxKLugc7ui47Gzr3iMqEy/UcGiD0sntueP+Q6tgAs6P9oC+Oluvo1+mKMPox5lcgs9Ejl7HzB9bqJJUiO2DLdSmJxd75zvdudD/tJ2YmgvZXaGT6nQ1JIbJzz2NuRGLnQkpR5geA+ZXP30ks9mJzpj5YaEI64oqKioqKioqKiYmVRYr+F2HnaLo08RZpIacNtyNznby5Hs+uga5fGNWDVr8f7+rF6ENbj2jnSiKux/JSTQN15EjUyuwr34eHp6n8US0cBINF6FAGAVEvsARBRaH8FZIZyABUgFJTXjZTS0DYmTLY64NLEeq3oTXQ0H2VjeqIN0wnMYKt5NWPVRmGjnZK9rlukTPqenctcFY5x3HoHIcuIACBES/+0XnFk+huRCMluH6l9INvaSPsetWZcxhopvxtDPIBLVVmTGSTMZlotj52K5MLWTVGVELxA2GytYbuFIGSMc4YAIiJiPA0awpqcW+fYsvVuSQDg08zRFpPdQc/JRgRS9TCiIjME6mZot0R0nwn3hA8Ca6n0zKJqm0yHP24ZbO3VQoTG0bbdP9FlCIm1gbxNFgkytzHpGcIYUMf7x8+ulEf3PhJGuIUwD0CSu0io6PqPghe+EhhBy0u0w5MH83SVwXQv5Z8By59FnY2JQODEBFx21CU0A3Qi7PwWdnU4Msuhnho2BVqJrfL6GYkqr14MitzRQ5HFarQrHLxb2VILqggAmeC9TiBXBCQh2kfEuWR7Qz0EZl4pdyW0w6azCB8VHu3TdoTzLnOvBjRMwB6pYMn2TcIGIeleMXOF9VprxzGiN632B4qoXys5rwWEcHpyL5ovBn27kfdJUDDiJJbht4qJmRQ96e3R6+dB5/ahqy/Zro+U7iqxnwAAIABJREFUNJ8VTtMihHpYu8O3tZGi3VjG5guCCLLPuTeAzPxuX3Xeu8hrnn6ZR+SnCGl0Bn+baN/DBF76cIK2b0HuNJmXye5UkpG0qzSq+2BFRUVFRUVFRcVaBbPNms0B2KZE2uRnbKbcR5BcHz7PehVN14Kp/Zs6lp8b6OqxHu9bxyWzzF/ttqmNYsqlqabX9LmlQ2d+2SUHRqdDIB8CfYDnp2g6tPkhke7U66QDkbRGmcCzQnmXIfttVs0g2eu2GWD9c3hsQBbtE9rH3cpshdv8nKdpDZH2jeqsr9fua11+HhhhHsyr1GM3VNsU96QN6jbMHth2sLYggVT2Y1MJZzLRyAtba62S6VClpr4OdgLR7VTPYyhpcWMBFVnxSM42eKmTJ9j4Cb2q2x4pMVwmm+gYgu3A4j+JHcOTqE9GKz0aftZaNNtGuXlcOiXkVd1f2d0qA7ScN9p7zzitiE02Znf2xrvhx1I1dmhUMgJZ1ZzPJGRjIXGjsaOGDhITwzvYltN2exP9NXhcEgU9MZ1jOCnBbD7Qu6ArBIKNVIMMLI8ruV2/ERkp6p0QiTfszcDt4x+NT+jqZZj4YsYiMuvwSayDpI3SRXGBFHs6LQna9pg34vy3zwBgxBXWCWxr1SufKlz9clnzTtu9nMk6ndVK3PK8rki8d3I655WJFnLrz1WeAJtF2QeBeQ+17LymDO3HDw9FX6JoViEseqHG5GTllvRknPrNRktmdyrn5bkIj8aKioqKioqKioqKuWFudmkJKIh9HC/G7i0RxSA55rt91e32Nf3+nb7Eba/mYWHnNb2mzyWdxsuh0ekUyCe3XnDyE89PLL3Vk5z0WH7w6iUikir8o7X2WO7PtRej3W9OVUnGZExscYx9dSqCzWVuTKucnBZowPrE70iT0dSSZge54LgtzRYy/jRofBo1H0nGOU6IsHJqnQkJgUhgG0i0tdVq5x7mHeP0UevUGFxmjfRuAvDBEWlT0MOZ/vHtjGFWt98Tq/uRZYncJy/7gDB0Xbe4RGa6Exw9ox2A6Lq2YPsktQ+dz32X1Z7SJ7CWOr403IOsUHy2DzvKpz0cM+OwKCerPuj54Hfe+yRRsU//2KitkO6UiP09JtmtJTvGig36SZAehvGNwxw+BtrOcFYNMFER/XOWfQjuYNiizoe0P9y3QHwn2rb27mCb7SuVPU3pseDNeCMbqIU43m2g3g36nWLXBGTGOSeo5oTEhJNEeajtaAjQvvE2SwKfLtrtTN8g9RFE9mEwPRfP7/cqQiwmdbSmyAdBIj2RT383hEO6axLLd3bnvcjz9Kgd8ZP18u/WfEUVFRUVFRUVFRUVKw32NwBogx5G0iGazv6i5H9dquWh3fbkNWlXr+k1fZHpS8lotjW9pq+hdOmkOPnB2dHQTWelZER+uxlUrF5HAoTplEgHsJ4c1pOlTW9A2miRYB9E7mAHJnAiAbVROskya0LF4QRbzNCIoIKPtp4rmj/irkXGnBSygx5HaC1rjr8FAoBmbpI+DYAqsFgq7BiBjWolwEQ2RWkURYFi4uxsZ17h7UZ3OsKn6qg2Src2/vKGuJpl0JZqmVs+V3ZzZoVA3Qng9zn7mbH6IfoOjnEu1y0yZquqEJ3OQ/rODq7I7AHYUkv6BaY90lgH+pFUrYA8ok1gKU5QSFs/AIuKmCQNzGihDgesjHolBC0n3kJZqZ5hWrpjz5Ov+TFH1Sh9lbKAW1c2b3wGFcUV6L6HXSxGypE3v91dUEU8k+KrjShndotIjolwNoU1+jjTQsgeRnRopXEPqr6wNXpvgVEwXrbq4DB/BNEbUeKVWA4tjT/VGPewbIOtxh4kMDNPikcMYZ9Kr0V9Wzdg3vacw0KOMKpD3kOxJKxlXH/WsdEnUSTkoGHciUTrJgiI/hQSUTv1vuvY6jKg391kxGg32tVOwkl3K2qHd6hU50TGM3DhxVRu5NPFRMXw5VdUVFRUVFRUVFSsJUTstMr1iaUbWylaw6tKlwCit/1Zqv11vHR1mpQT3zUQ+H6HCqtuV6/pNT2XvmT+DA6ONb2mbx3pFEvXtt2sHMjK9yTQwHPk6S14EnnhAe2bz7aDWtsSEUkTBZEMU6kD0CHYmFsR+5d5mfIj6wbktVOQjhh0XQgykSHVnnXB0nXUfWNdShGFphvRbg6MyFb06CJm3y9TvXEU1N0Q+KSgMzy8u+OftHLadK8P50kQhqHewvtl7YCJSpMEofnZ1jDM1WNubOigesPhtzjF4gJ9B12bHE8PhCBJ5ROcNLt3NsTL4NmChdAG6agUKqAECmsPB+Hibsp8kaXY5yOT99Jg4SkCKT8AQiHjnbrmO0t0+juuwEDyd0l0L/nVBU89f4NZtry8dvt2cST0QapISfBSbwFQ4fjxzgerUYKSDvGXF+SHHLLdWCly+8IH1inLFpfxgm1mw2eGedD/roz7B/dnfFvxrarFGwemPiFqcNGKioqKioqKioqtASl7b8quC85ViuZH9odf1M5MiXRzTmwji9W3h9f0mj639CWzLxrUYz2OOHaNIvBToJ+EzFWKS/NrpKD2rjxmrzRbi1mpEkt3zom1mgL5UrnQcQcfDKgE7vZAQIp707tMBaYtAImInBqURIqkAwD3CmjTmf2h9/xjQvklPX2YfPpOutlsbjSeX8D/83MJapvbrm5X6irnSM/1qg1ZSrZJfGk/GKLU+t8Y90fBCEJp9JdGdWR9or8DTJhXm6HtE+/+BA3zrrUEbgZMYa94p4uALepoEvK4dmCwUh1NwHaDvUT9JZZu6mZoUmZohNDRp6DG/shpmIjMZkGxRJZTxMd/oWKxFI/eCBND3TJtzFfHizu3yX8QciWtro5udpOwRN0UT14T8AJgepzKQIItNqjCHvBuRJRdG2P0nzs5lxqca/cWZzS2GWymIGfkmS1YBDDY4zPvZR6yfb2U6TueOxtCeiWPW6pIdPt2jgQvRza7oKmIL+4y6nUr7M5sdhUy6aks2Tz06cHW3zHfyrJbz77U+qwYyKOygxUVFRUVFRUVFWsfgR1Yb/NnrK841IKNefuzciNcbRt7PdbjSh+XjKkL6rEeF3gkJwXmLZ+6aoznd/KQ+yy09jE0e98ZxSGS7pzn5BNIKSUASGAgx6ZlalE2LB0Mitl00N1fVxqua2K9342ZSoUkVetb1DZ/nGAj45rnKOKu07eN0gQhsT1tXItVEFARAdrN43SCMVXaRfDGbGi8Bhm9FwUp/WyoSVY5mk5FAME60qaonwI8V0SjmuVcMFN/tKX+dX0Du81wfDwFyQVoMwb3IlCHqdRh+W0Jwk6TeYda+Yq8gGnsCgUkly9nZIjOfLbOwpTfWqrA37RjbATl9Qesl5itIqND8QCLyOn0DLMXbF1OY112yB9hfLBmtSoJr5fPkEdGPg/UHPUdLPTZ0tJSaoYUVOfENK7JKwf96lp8PbaThwbJDCTat33iYhqdcS/L1UsGAHBH4wDGOiWhJGhnbMEH57SVIFerjmnQfEiZTxq3KAHrdOcbw9Eh2Vgvhb911MeLrdGbwHJ+55iMRsv7p9jnOJjz0yRu9B7NN2xvRUVFRUVFRUVFxYqBWWi5WdLak7n9NnreWmizZeM5+6eEcjrzx69G7Nvdx7z8eqzH7iP3IMR6Xs+HnlNHHsjLgaHydTqE6ZDTByJ5XB1kKFOdS22oRyQyXoNBXWbzwUA+gGIHY9YcNB6HraFNEYREJIRg6W0eZolG9SIh6+inhAJIJVOxGob7IYCJISURQJowp2oPP0UH8m3MuEHcqCGiVkjyHOfcqyqF9D6E1O7GKIwoxDT50tplY44RBIgkEZwN8Gx+4aUEmnMHNoe9dVtH+UBnUS+ffES4IKm1ojK30RSxF9Gk0yzeTV/lRXWV5wb0MdbJqOfHXMKjRc3rToYOAbHtpJgckvOnr/i9UBNCRC2VRkBSRsuyrKUMq2OSLmFPjccyl5YaihGqVQ3R+fF/4z1vwt7gHGEfc39MJsYCHuqtwyJ3oUTJvlgdjyLNIMXdiOfyjPt94v4q28JthBpuA/NcYIZpDrXlvZRnCqN1damcfHHkw2bG3mV+0vAxasCJQGQp/KrrVRjRJRN71qvFJ/ayfag+2NKX4spkwL+mYh+HkLk1mYryzG5FRUVFRUVFRUXFWoD5ALbR2vraq/lRpysbKMGCbOP67/j+ZaVp6arb9uv5/ffc8yCs5/V8MeeUz0Mj5VOYTjn5bVTpfJ60THMVg7q4fPLlE5BltmLvPwJAahARAE1kVkJASdKoAABSbfSnHN/B7OUnLd9no4GaaKKailMijdegMnURolTN0MoLRAGgjKtOGFTWG4YgbMNhug1hBYgt6Sez04/qDoKWjSQEACTUHKYryUIAtO2yTKdVHYBMFr93Q+NglOdLhdRkzddFU6VM/6Tcolir2u7z5DnyzZSNEOQzwpIejQM5A9Rj2Bdlm5kVq0d+2wMRmyqnkJhg8gqwYnZMkXmsYjpYb6yCQJgpQzxEhnRE/1i4OyZw0lV9h03WJYcMYdb2guLpY8OB+HhNtYE6mD7uiNMhymkTW7VgE9WttOoJ4wrE5kz2UJiEgc6rThPi6cMeClbcNjPPC+Yr4u+AkNcJR/gAtcfa/THJdhSWD6dKixJ+YuSdmgtGEZaRRUCYanv+KevbReEbJapdYfE8MgSVjVDQ0lpqzi/sy/Q+ruoJJJXDDYRAJjYob0O0QyjdsfZNks9g6zXZ+IvTe2d2PAhp2ILOqgllQdC+lWRnTC5NKSA9BaKLjSpHWFFRUVFRUVFRsdbAwp8xc1wb6Y3ZYNucAIl0Uywoi9zch3yxPrdZuRbRaJ5h6TEdknky553y63k97zhfYuYJZfTUtjtuCq7pNb0rnTryk5NOvhzqIZ/8dBnNDzn5fH9Bk05uvdbeY3Yr9GLlJdJtXXadiyOfgKQkSw/wlelktwokBBIqtDa0nnYu0YaWatQEm7vtjs1pvBiRx/AE8Lz00LxLrWEaAx8etlUvoVeKB/wkQ49SYhceAhXpVOgtCIVoc6naNQEbEjVsFnNIJlsBIgK6MftShteUTd+0hbsQ+IxdopSjZxLBRdMEMoHNBqLEoFwgpf0vpMl6CCHWIreBLIirHXVtUfVggnOPiD0r9o7wIvzxZmTUKOTvuG+3jlGI6hlnW1g7nrVddbt5yTuxj144nMCvKqJe2ABfKWVcjuUpHwZhjciiGmOQIa1N79pG3/8S4qrQJywhJKKgwxgN0xtgPub+MdVbGemhguEahAXA9f0a6w3YcUMHiRozhEqQ5LfsZ9DgJ9pFvCGdgmMTkX0LWr7LcpnqK4e95xDQpzkR2o+5/DqIzkUIJQ7TbgFyP6XGTkPqeyz1daFqMN+SFFxFe1+8D5hh7owVFRUVFRUVFRUVK4nWtymwMyuDoDa1ZOzV5nu8v30be9nJwey5vjbs8zW9pg9JX3L/bgRmf4WaXtPXRjqnGcryUy4/RNK9XQaJmUyM85ZONqlOumuiSslXflWSiCTn+mwD7dsIVFxQzzXNLH+xJYzdxzJl2ujH1uc7tiHVKQSIKAwJhvpFRg41CIChdwG3fbVa2LlEVQfs/7a4z/9YJ0cdrpPvBAiIZqdE1t0RM520tJPxdCQAweT7HdeqYFf/O1XYTwdFZ1uCGFmLTXuQlSA3qb3CaSEBII0UcrrG0EgE0jbEBBiE1tfLPgRhT0DEnS6aj78GEkC78VLONkpJqyfa/+tPNdNwnazIYB1tF/StbzuKCAElgAoJq71mAcF8GZoxwu6HMyxZ/Vk4lz22kqXnpKSuGsu+5vchZiJG7LLJBryfbwTH7paGV9jApcwgUIWJxzK2xvS2Xqc8mWmQT2g8l8fcBs3L6RJXsNOobW6AHTFat2KLvcO4u2JZJvf+Mv9sM3gDvQKRqUo7VPXmVV7ITjz9Eb7L3LMOoSkOPMJ4WSW99Ri8CSPgPHsFVE/nmMRg7s6XoHC0xMoOI2x8OiieZ/EcLEMY95vYpShXiZB7G4F1ILTfA8jcBcl+cUQoRirooUzvYOeQiRW202DH7NoTmfGQX8Sg/94LB6q9Qe1yBFzh0VJRUVFRUVFRUVHRAWSx6No/HVgEMWuIxPbPCiedGY5sOrl/qQfyobWPOnZdN39gnYvKYemp/An57Lws3f/Tas3Y82v6VpPO9yDkx464vTW9prvp1JE/sgehd8zIp571hvnDnJSVY2IItjltKwxTge56llYCsfaCIx8AAJqZ4j9UJRpqOz/DlBEBkJQ2EqldO4+WUFMMhH6gNVtHIIGQCJBACEGIlgdDAIEo1YsOCEgiotBWO+uCiGa5un7BRi28wJwRWzsUy6a0JgwK2p8gtMHQhF3lzQRzX6B1VWQVWSszttHKEISxGEa2L8yYcYkcm5jLpGrerm1XXEbEiGj2YANPMdTxTwlJWPkozFaMpr0Eav861Ky1dYYFgEKvG0pE4DRpSXrP3s1Y9MpE+1NylMOs0C8cxfwRGtO/TieTboQKbUqW2pHUeI4IPabIDELbBnK5U/Mw5HWM0jCcdUuFtutEG8A230ld0hWXGtn0y/uZkBN16InQMyntFLtmbp1WWGDLTERCrNqpwJ8TdH1t78YU9hUYsrGfA4Fqw1ey5AIiomC7qJYi3m/YPulcST9uYaA8d94yWaJPa3wEsYIRrZA9BknyIL6mwYeUpKesgFHwY8naicUnuqJqu9qjMzacJnVpWLCJoGjfFwAiJCn9Au6v6BBPPzsRAixgYqJXU9JC/2Dvndvh1Bh7IaaqLnkovFKprQqZAu7Fgs3/giqJ+e8bOtA8dhmdzbBC80IrapEvgT/mXn4WwcDOt+03UjtPRgYAf3w6xkDxZJVfEuTl8ZTRX37jOfmKioqKioqKioqKOaK1yrp2YAkq4BpLB22mReNYqNPt3n5B/pyduabX9PtjurcHIT/W9JpemE6xq24KZeTQ4vWMapjOr0nCSDq3vjI7XSCfYu1S6+GlRNNsIpImPpS2e5HaM4ZZxhVfop5gQIE4EUITSJptQWbxae32xPwHvMiZ6o1orMQIpkkAiCiMgm1cL0acRIJt+pYpveUheNmchHZ1DEIuZ7wiRATNvbEY5PZmp3mFvDHOvdrDtBrNxZyXlGKCGS2ZwqarUHNm1t0QorsklimQ3JWwEAMpGU8Hh19itCU3+SICCGoz6GyILYnoyfGo4sIh1K3unOTMpXgnusJX+g9m71iFyEKB2nvFf4xGp2V85B1BRCGENxvYNRm9pOXnpWh6AXfVb3ZS6BTruIxHBVLpPYzKCSMWRovkFChG+aAdcDe7xwAVuEsWPIb2vO8zON/HbRgUxR6OhDzxydGu6Sn4mSo+7KpZbFV6j0oweOPGzi1L56Jh/nbkCN0g0EJFRUVFRUVFRUXFKoNZNbiJg1lZ+Qq96DnG08HLn5ccysnYkzGRnsqfLzVMTk2v6UPSl3rbDSsqfBQMISr+lS8cc0IIyoehksJF6xRJa39xseSlR+pwXTooopetU29BKIRa1GKWh5uNBk2KovGEZnr0BQAgaXekQcUQEkkiRBRm1QwqxytdrzJLkSUgQbuEIGonMTUbaHcN5MvtCVHwPcO0UxTaRrWBRh2g2QRIV4TORSUkZorKm6FDltEk+qLyuzqxmxbxr3LylIzr3PyJ4NCM6OoQ9gBqNdsDhi0qMhdG3LvWAtrm8J8qIRV/zk9K90wmvVuzkl7tgwLLdalfyADfoyj51O2y5mlo/XR0GfPVsCLI3Fmt3rhPl74cYV/MfQTO7VOta+O1eVU0vnsL+6Swot76qPl7fvTSAI5wLDo32eN5Y+qlXppj3NrC93vK3Xn8A7rohRqrjpBwDXrSGQTpeW8FtgStqKioqKioqKio6IGCPzrYtgDsszf/Z1CfP5LGofeW5hUVq4klRG4CpHpez+8X523orTCP2tmGB+dS4S4td2av6kijxvELvaymrLIzAiEhYEMSAWVDajc2bX+UEhAlSrCOUogCkXRUNLsRHhBAY1znlQXTxqNEtb+gaSG0vsPGeV7zloY9QuenItvs5nvazQ9dd7ccY5dM9znCLoKwMwBXljgsUilqWeuUUyg5nyHvggMmGK/XIf1cc9pdIVNV9LB6R+vqJSGfwd7uvgxWPucY0/DKsTUFGOx6EsqJng+T0Im580zhQzFYgc5ZpQQjG9g5T/JaOh+NefX2ADl2NcLKkzH5Puyco7pn0XJ3y5SMYHPBwbRxaqFAZhc67PqLNLr3YWaweaOxuw8DOZmVQxkCMqyllKHs8ovr7dbZczyEXdq3eHno18SbtOW47e0b/y6oqKioqKioqKioWDS03177R5m1u+owasy0qG2a9pzvWx7afh13CSuT51F+FxnbMnJ9jMyIHF4WY/ZniOqAXh6M5vfOO+XX83qeO19yfKWgntfzvuee8SKR37Fx8B+UEFUkx9jwgvzk5+FyKCGnzWPc+sA76lLuVeJ5iMkP2mVcBnUoUfM8Iurgo2oXQSG0UUt5Bkop0UDVK4yzoVCPMpJ1GVSxQ4FIbf3mmJa6PGZY5g7read1Kc8wpQhCm9nzLeDGL71fTlZ+1K3E03mORrGo7TJv3+xy//LpvXl5TRUqMJcMhcXzXGkn+ddpR05hgFter5xN0+SL9/U98lI696YSQowpjmKez8gwhEsERjKUXKDtgdQMluFdrPwof+MZ6wu1zftahdm8qnm2wc6RhU+TP992rEYYDhXfMoUB07jXad3hMbNXux+iYh46zwN11tLp+dcLfIQ3TRO+i9XcwoMT9BLeY7PDrm0oO5sppfQ/UXtKKCTyU66W9mrmqRy52mYA+HdUjSJTUVFRUVFRUVGxNkFEqDwofPstGDaswByNnn04mr/EBi4DP5C1dm49XtaIPvV8KztfWnUjYMX9DV2L2lddBYp7DTiFUtw7KAfDiHjjQUhm9z9rV7UJilQkaSN9NsoLEBERhUAEZPE5ESUgABIhAgq0G7yBZ55WpiDbJuYmiSauFKmN7xSpiBhZdB81b4UW/DDUFbtqPU3AyxOlATzhvZx+MqSC+pkxPa+wI1EvlDqgRG9hGUbGjhtTS7mtNuWGUu5pN/7Fl5ewtLSUL25GICVuFLp7i/r1jidoOYMYgvKhFcuqmHvxch/T0EDvsYPlBFheMrf+D3OBtWLDmapXHNry/GptShhSsDdhwFZoLgKTySSfIRqXMsy2oK/cToZygLOgV2RlZuOM2KWlJTuurDL27TmSsI/W6BXqpXCIiRCZj70Sijc/S8zl7T9GVNeAp14zSUVFRUVFRUVFRcXagf4TvnUBZKZF43ngfO1zMyDPzJOdvPxT3/3sj4ciQfcUY9d8OckqIkjnLl54XJivoiJE3YOwYgyKBw9FT0uEUPoXJQXGsjmXsxmY0YXrzZedxNPZ7oUBG29qbUjb3pE0+6dJQ220BgGCmFhUGwyiJGXTR5Dab1DzgYgARFKCEPod5Zi9lCOha+VibupIZMoo90Mdlsx3T/G7KIGcoyFZi7STnrGM5236JT43Kde9Lh8+/2pfu/MYqiBY9VNaKS8/GEXyF7msJGUt9W5934B788Xc+FHMTIAYtqgu6CnECneUR9HNfRyGftWZbHOpqyBf+3fZgh66rlDMi33SV+VJczxBR0fA7lVdCvNyTxwyOHHs/iCLWI7mfZCk1k6p9c5ajTJydAFDGjlH6FVR//qrqKioqKioqKhYy0h/r/b6zI94d6BeqU2JbGOQkbMCzjJrwB+nYqvFkvlzlwDsH7r1vJ7fZ88JjJNcKg9JwlweRXbpdEDlMEhEJkZ1VCZZmZIkSSIiBEKBiiNsCT3Urnz81YUgBQgwdlizvyAI5W9Phio0XJ9HgFovj2BxPjnLaUgLwiACaMZQGzWNBQyZALMGJ2NttCc8/lUhpZfXKvzZKY0r09fZqJNNjFI+nDRCFPY+cm8AlSVYqxRqUNq6TrUz+eeFqPDyG9S3YDTb4FClKeSjIxbAWwdH3vq1vOcLFjRB5q3Dq/1VmXpehknwROUFDrabd27ellEsM82m2MGRsSUzfzr0Hf+LI+bHiE0tNfAy5KvPXezSDtHZ76LQKTfamQPDxhbwa+0LKIjQE+pcuHQmU9dcxkkro/PvX6LMRDcmSm0sRkI8Z3mTh/VPSTRjKzR6B+u6k4qKioqKioqKijUIZREEAmN3BW2O1YHbrG1WtN+07G/n1jaLwOy6SiYZq1rChoxIBMJPZ/nRtxXHbcjoyc/zL44+mJNTz+v5/M+X2J+vVM/reZ9zbXMYJ0eO1Iei6dQzf0lZk24uGGlUJt8YpmeyAUmSJAIgtQQhaGYIQbF+eis6FNgSQlKCeesBAMhGk3lEIATqBeuI0G6WqJkiSSQIpGUckTQRCVpl1B6JyDcI9AxPHmPnIc3JIdqqMJIzJSGssdCdIpPNmozzZjhvQ6+SbJ78TpIyKq09N0wqghsQAfnoKxLVmaGkV9esATFFwww2+84NosNuzW5hgi5yfrXxIM3HblcFHSNcfez2KD53DtVKSqmQqavEqF3ODK2AJ00nWTWAUxyrtg35bMQUdgt3jOqoYdwg6ZznS6iRTiInV0XXPCqyT2G4FW3hLWNTQ/dMnpKpL/VZV8NWGunfQgj+KuT8Ol/Hk1HPluUp4UQdbwVB+51i03RO1IfsTepkAPs+RHbmKb2VKzW3pH5S+3mp767/almrL/eKioqKioqKior7OdSfHai4QLKJxtaKrm1WbRVl/1Qxew8SkV04ac8xkh7agTFIz+dvDbF9ZHrnkJFfbGPv0LOe1/Po+RI63ihUz+v5/ftc20vRS28deNRrAU06sH2Y7OaDvKxUwgg1fdfIRr2NJBACIqAAQYqBJCCBMJOKKUQQiAhCoBBSSlXcGLy41Yy0DyKRt11Qaz3Upj39ykHjA+la533SKDStWtMYt+tleDjDV/qXovlLTL02r1JsAAAgAElEQVTeSdT6lq+iL3/WK1snKZhhEBVSFNfiGK+810K03xZn9Cy0+EdTenlCdBp5C0noNYt8A9UkMUDg6qJchxR7lKLGw89xj/wYcMfDW1Do81fCQCza72eMs9e8FOtUoHOqz88n45/ivhL69mqUGi+ROZdbQEBSUlhv4fs61Cf1disc8756RJ0qDBtCvLi3nMhbPFRITnvK5NfijBwhHswiZfB6bO2/wioqKioqKioqKu7nMN+xhCD4snl9RGuNbQOwGfsjmvWPxFbdm3Mt07piUCuzlQPuek2nLETKAgv75MlJ2V2jdmknmFxaTv4cC/LU83runy8FhsJ6Xs9LzmW//NxKMqZe8tOpOw9F8gdyeHGKlrVWIfCqbfOQn9K22LSaZrJBk4YEiIJQWTH1QylJu/TpAGVS23gEkvInREIhJAACmmikhhRsl7e7Gglt5ZIAIEBIKRGFcUZEq6WqkvSafLSLzkM4pjH9XmZZrR3MvJwy5r++bFAnepkaPdIrw/mx++6yZn4B+1I3Ey3/lEFWKN6yWCqyIYXt4A2zGv0SrU0gYpRE53+hDv4YDxTuQKw48Y+gtITgqhnwHhed0dAWx1RLuhpgyyUydvUQLzZPc3CY/75kCO7FitkFE1Ef6HlROxl9Uvm99GFUX8m0WdrG8GFnvRdk6xjba4FILsfgJQKDMfKRjO6wm9qpVG0rnEXH7Nd+rQVTZUn/UBAbOY8S+m2MS2hEw/7LSnoJb89VH6p1zZkivSpw86c/1oCHqWjfXPedN0NFRUVFRUVFRcV9EOxz2p7Yr1jSvoUsu3OVn7efvpn8PN2rK1a2ZVV62bSzMud2bpVbC9xBPd9qzpfs39v1WI/3l6PMXAVrTHGOgATRPIn8/KpTFqfNTK9gUewZSal8ABGFEMj2NSJqEJGQJKirJAQJEAJASp29JfaUV6KUKARaz3oAyyCynXhIKPFAhtdDSWozQ2UCk6QZSpExqTMjHQKpeKg+2YYuExZ1qfFk8hqjGfIS+ro1xN34kgIwolIiF7/KWUZEEz892jqEuEyehsZ8H1NRDddUA8Do491N59ZgS8G5VUTYgpT8vAJ+mLNQbl5C8hawEZhXASNnCZmxq+0CtexY6dYg0w/z4SeiT9DgbJCm0geoNqBMJ7liMwjhBCdMRTtMKtffB5c/VoUBMPNNyKgUfX4783f5W2UlOKsF1i7sSyQ/VOwbOZ/Hyix/djoJ2rzveJhY4k2eakiXh1y0CP/RkbkDXdG8Y7Vj/gthLpNPyns4pdIAVXVFQZn8yyX/XIeqOg2JqGhWNnGqUr25+lG3FRUVFRUVFRUVFauA1r6qbarc+grK8umktNZXvT5PfSd7pcis20vacsErFdY+7Fj5l3pcu8clz/ZRj/W4lR+1JWSoBF5WJs7L6wUAZ1dCIlpeXkbEiRATIQhBSkmNJAAUmiMUKFAgEBoSUSIIZewmIokScTJBISw3qZwKLaREIYQQHscmAEEIIhICuQlQq6WbQMYNsW2Lbb41uHea5zjJl7JwZYye+QBcSkgnL1hiQ0xVil07S3VKzqjBlR9m6FQSsmW7+LlEE1x3yRw6I7ONKT4ec7QgL0h+V+0dNwGx+y4nCtpSPYZxQkIOnR2YobvGwHu42CTmnGSeoMIGdm7AluFyStob5vFSSmrPzLdz7PMURlax1maJXt6rgzTqUZEdxvk8c5zHBowZu/NHv1Lm75O+BftWsQKvqu61Mn0e6vAW9KX8C9WoqKioqKioqKioWAtoP9pRnfPPeCRSuwnKNp2V4kvlyJGmf4D7R4F/jFz1UmSQ0nnsm78e63HljtWDsB63nmPO829OR+PXNaAs+KtX4h6EDUgBSFI2hAAgEFAgGl/AhhpCQhIChX2FCFTLw5WbH6JAIJKChInfhUACBOKkfY/avRJROyMRqsKk/f2AJAEQIYDQLCZJkEBkPAlRTRNKnv3JDFIIICLhIC11oR3RWkKCVCra0GPcPcVjPEzdjtuKdbrCNgqqOZCTp+xrIyJc9TolSkAJMZAvzuV4NAbv5IwQIYQaSzkdVBV+b8SFtt3olB4Oz3krol5XF616oMKF2oVZ8+PZhOjwICwbYquJ9BhI+D/plRTq9xyaFzo0Z0bdsLijXL5X6Xj3xGgH9tBQz/N6rUdJ1WnP6X6wk3N+Nu7LnaRKhdmG3ccM+OAp9//rW0W5nF6vmNVF6LlbWGruNzGKka+qkT0cbnA4RlqiDhF9oZsvhLbyGnK0oqKioqKioqJiraG1tXZ4EJp0Zn2NWWgD+62xrUWORR6EXdZj1xpcPQjrcS0fJwf8r99Z7Ue+YmtET1MCRU9HUhEUL0/JHxCPbciV4zL99IiE0HgU1k5OqYfucj0RNSSbppHU6AChAhCBkABI59QcHjNKIhKQJGi3RkRSJJAOBqoigiK2dl4EdGBEtSFO/VCLKpdyQLRlVBE0cVBNAWHFO7SZ4gWREWDIolaitYKpXRbNP9ZMHuLSd/JjlxzhYUrJP4gW7MBcDHkekRD69+TdmzqdLBO9kZZZkC1axZg8iyi7RoAoMmPObWA82wp3wtyrSwtMV+TQpvMnaL2ZqtMLeVgtc+zMUXLMPDxPmeVVA0BXlN95dfhKPilr7Y53LUQYrVCf6iL5x5Qt8NAdA+erKIFFk5TqLzF7Hl4dKd8Iz30GofnoAYC9HrbnyBorKioqKioqKioq5oUzz75ZnSQ+i7nVwP9/p0GhwKRVomNBJkz+qKhYUxB2hBqTGTuv6TV9Luk0WA4sXk+aV7sgnd9uE4gITdPMmlnTTGfNdNbMZs1s2kxnzbSRM0mNhKaR5h/pfzNqZiQbkpJIgmxopi9JKUk2ICVJ7fqHREBSSvIA2okGECXpDJKISGe1+hMLxu1SYupf29I8wpzeSnnbRT6B6eQJOzaSPyUhvJqpriS/hd+9XmcXYJjlsZfFsNOYPqzTCnXId9F4+RnMxazceYvnpe1gBQYg1ceFreh1j/L6+02gKJkxpG+tetGKyh//6KVCBQaoHYIoMpMPk+SJnYt6JfWOhCcu07ErwBHyUREdJHPkCAtnxYIa+/VwoXoDStmyI3sp+pFQOClF88y9f/qi73sk0wN9y/a6WlFRUVFRUVFRUbHyMHbDNphZh51WX23/l8oPkXTolr9a9mdYkD41vaa36UvWemSijrLzml7T551uLS5rRJ85609AIPNyprNlVJsKIgKCpFkzJZqSmIilpaXJZNI0EhEFCbu+W4gJIBBMrD8ICSIQBIJICKl4QSmBBAggVIGt9TaECCgESSCzy67mNaUUAiSgAJDQ7lhIpDPCOCgSiP+054iR8IlR45QX1DR8kUeFeHY9T5MSzaWUmQxCiMlkksnAbYsZI6N15eYp5XpmEO0o7qkQJs4XnfbKRdTblz1N6aDk5EPPRePClTUqMpg92V0ZAACk7NGBMVH9rMF9bceuq7F/0XlGKPLMjoeSn5kxxrMjIfU434aoDkyxUJ3TFBBzdlcffObXgACVJUW8CKWIQmQ3c+1ERwMLsIiJbhhPOZcYpPkwpyGEmORVGtbDfKgP6OG+4ypTPLzUKdDL0znPr4ATIa/Oqz1fpJdu5m+/YJpS0hbczIqKioqKioqKiooBsHZUjNpXpdrAiOwfu0QA2NpjMW3vhXg6tvmxxG6MKfk95UTSpaf/UDk1vaYXptc9COtxKz3KAaXknPL0OnqRr2fNTCACko4Iasg4ImqahogaSQiIKFGoqKGCJAI2BKAjiaJQUUZJxyBVW+OCkFIAISGCtnkJIdTr0VkRrw5WQ8+uq1wLBUkpvb3uiEgI6ssWcAkGpevlU/b9lNG8M7EkT5bb0Ci3qy6aiiusPWU8TbEaI+m9Trvq3J0VBgjMdEjnLR485ApRYJjuqGukMp3FOzOkOzDedU57Vaz+AgXyNnSeZ+4PYOcYiD775RMC78DyRRIWXjBtIgIaPiqiD0se6k0yrLqoAmOKDNB/vpiLAqGQzol6ca0O38KRuro2tpv7fSkRyKeFzlf5Sq506bvIoPMWrPqwr6ioqKioqKioqBgDa0cFArOfHzg7+fl7EwLbOxAgtjeha6eFcF9DKzm/i6Gfvz1GNRxydGofIace67HkWPcgrBiGeRkd8nK6a4nkoPz1rEzHmELd6eycUlddfR60w1VEUpLUMT5b5p6klI1siEBa46rZEI7IeAyh3WvQykRtUQe1i6FxPLSZUJFeiNjyXoiAKLQnMQBqF0LL/xm3Y2RbHpr9A41ZCnUV6n+sOmDWeX5sW9DfIan86pg4ZgOYy8EIhXh9VcKD9qqiUPJ4cqivYuMxrxE1vwGwWH5u0QThIuEvFwh+YiQ5lBJMLDw9M9pXHgPovU4JA0aI7rD+lXbXgyboiV/d3DCApxk/fw7QZBEFU0JWfWB7iDyMBYuBVqwVA8bDqig/RuaA9xpfslD3IKyoqKioqKioqFg7OPPsm+w5tn9wul+2fqJjKUU/W1g0bZ0oM0t0p4/4iwGTPyoq5o+l1Vag4r6ORS5fXu2l0RScdGM6XUZEnMFEiMlECDERk4lZOE5EJJaWkFSUz2YitgECIgkAguQEtlEGHUmIiIRiAiBBEoCQABOYkJDqNUZAICQQApDUKwJMTDAAtf7GeuqDVCZe5cKuVtpIQKHdG1kziQhd1x4EtUgH2Bsr+uYaEIJv0abDlPxO77fx1upool4lVGzmCyrq7rCRxFhh/k5pa9+toTzEaDpTthOSHnJoFMiPse76VxfpMeCOYTN92mUHAAggw7UV84IXGnEVkfcm9EbgSH84p71z6le2qMSk8KujO7mwjQt1kguF21na69UVm9PKezX/qlrJbfby/TNgPBdK7iw+/lVV7hPcS7FyBXpJsyn+3V/7b5SKivsHvvOd//rcWeci4PHHH3vAAY8fIGE6nX76M2ddfdU1Bx984EknnbjtttsOEPKDH/z3584692c/+9lzfu2EYWrkcd111599znlbtmw55pijnvTEX5q7/Io54gc/+O/vf/+Hndm23XabnXfZeacHPeghD9njAQ9YtyKqzRmbN285+5zzrvjGlb9wwONPPOHZO+30oGFyfvKTn1544Re/9rVvPOlJhz7zmUfuuOOO89a0oqIiCrtN0hz2SxqvxFYovaKiEoQVFf1QbkbRJm4v1NtsNhN6dyYCAEmAUiIq3g4BgWQDhqYDE+STJImJlEDShKJGFEJMJKAQk4kgnBApIpFIQkNim4mcCZwYI5ji/5QroTBmMY9tUtFIVbb5dZiLvt59wyxl0Tps8YwXjsrTGWJ0LqZAjwtsYx0wgym3nNr8PMWct22Ke9XyBUwUjfsKc7R1rjD/l3EjG4wxBuu5mFvnFWJ0jPW8M4ZnBoWGdQxdz0DvG9DR/tgzUqLAWqAGS5DpgJJ76rkLcloUi4WMAa151mFentDhOFRBbVd9pK0YBViC6HPa+RQPllyIcv5vWPFCBVKv4wHy+5bSCvStpqKiYgH4+c9//opX/q46/8IFF3/iP/55p5126ivkzDM/ccaH/hEA1l/ypaZpTj75+X0lbN685fV/dNrGjbcDwDnnnH/uOZ960IMe2FdIBkT0ptP+3Mo//7z/3Er5pPsD/vpd7/v0pz/Xt9Shhz7h8MP/13HPPuaBD9yauLH16y9797vfr56d5S3Lp5zykmFy3v3u95//hYuUnG996ztvfvMfz1vTior7KQgIVdi0HkRZpdQqKnqAhRx0HHGxptf0mq7TrbVlHvKlbBopG9nMGjlrmtlsOp0uL0+3LM+2TGebp7Mts9l01swaOZtRM5OzRs4a2TQkG9lIKaWcTmebp82WqVyeNssNTSXNGmgaahopG2oaahqQEpoGZENShzGVQGrHwkZFNgWSIDVISpAqXSIREqAk0P8kECGAIEBAASgIkAjstqakfuhNEQkIkACIkMCe8w5RVCW4QCLnX0tq+tt3dZlcyWrFwYuXGW3Jiopfnt+i/qiSXAGuNsuJxkVHkcsmzJ9r6yM0/1h7bExbCP6pqLcDNhuL7rI2BmyoOP/QhthtfyLrJEwVjP4L0Ya4LNMwKM6vQvZfsqzq1EzNicozmsStz9ke68EuuE+bBJCu/rya9p8emm0ucv/FewkRENUOqtI+JohkM1ulVDb+L/9Q98KgnvFnpFgH+XeQ/0zdyhRsX4LpTjUnd4+eWEVJDYHdLudfR29064/CbLubf37bbAyRRR5h08Lm6EGsXo0JJc0bMDwxioEV2DHhZDo8OpeWT24l81iHPuoBRQCBINSDpzc/DruEPYnOE2ffLhJIlW3fSqh/cmU6dXZvRPwVX9i9JWJTj3A4hgurDl+XKd0sd9jZlrxW4A0I0r3OByUgYNe2rxUVFYvGbbdttOebNm06++zz+krYvHmLYgcVPvLRf5tOZ32FXPzFSxR7Z2Ru7ishj9tu28jlX3/9d+crv2JeaJrmvPMuHFDwiiuuft/7/vZ/P/c3zjr781JuNS+Xq6/5pj3/xhVXDRMipbzsS1+xPz9/3gVbUQ9UVKxNlNhdi+y0BPF0SKWvPbt0Ta/pC05vbSj8b37+F2ZNr+nD0ymfn0rlZM5XsF0wD31mTTOdTaczhelsNp3Nlqez5elsi/m3PG2ms2baNLPZbHnWaL6waWZNM23UJTlr5LShaUOzhmZS8YjUNLKR1EiS6l+jz5XJk4BAKgpIMi5ISlI0IYFiEyWB8lOUBMpnkcBam8Gx+RkLGrQ0oTKX+t3VD1lTXtrSR+xfSf6gfKtwB5EwkgMrKJ5UwDEAEoA19HkEoCvLOXLTMXnd1psd9DAvdtCaLsN0l2PmKT0s47x4rGCHhKJmjjLdF4jvb/jO6jdfeKPI7lPXq8a8hvHnvUurreavdH5zx93oBd7maBWJTQlHyk5eilJxJiVRbB7TVPuZ440pNSdTVO1R04HhiUs17Gxm0biyGRD8L6IW8SfRe0Qp7Cp1dP66H3hrQk59/F2el//lXMbbMIHe8PIsIPzdWVFRserYa689161rfekGcDNf/vJX+c9NmzZdccWVfYV84QsX2fM99th999136yshDykl/9m4PyvWDjZv3rLddkNC1Cps2rTp7W9/1wc+cMZclVogZNMORRo6LGez2aZNm3jKvD8BKirud+htp2VXyuy0kEifnz25nz4ykd4aWlffzl/T76PpNcRoRYWBYwzqZxgi9l8+13Q6VRuMNUJMhEABKACQQCrfPJhMAIVAQAAhSUiSQkgAEIBEkmAJYaKcfwlgpmuVE5gQgRQocCIEzORsAiRQEBAASkAklASAIImQJIFQbJDQnjWC1I6EoNb6CwAgJLWJITH91f/cMFYsrCWiClGqA2aCjhaoDFpmRXzcdIsD+t2xlKGK6kb5vd/mhNAtwJ6MNk0mWTru5qIS2D3RCQCErC9bMhFB7zwJIIz13tPSlszrH/dR6Nnkwvw8Bp2/2iVd79wNsiuA5DPl5rJnCw4emFKgq5jf8WvoRqjJaV6iimuk6LhdAfQNvrpoBcaEgkwhK7B7kUcq6GXhPfKLO6+egU9QSn70jVNCAcZVDfJEuiJG8mK8XUWNXejID+/aio3zXlhEJ6TuYIkCa7OXKirun9h2222PPvqIz372HPXz+z/44Y9+dNMjH/mIcgmc21O44ML1hx325HIJd95511e/+g378/jjjt0av6gr5oLl5eW77rrb/nzZKb+5776Piea8996fbNx4+49v23jllVdv2HArv/Sxj39q9z12f9ELn7d4fdcEttlmGy+lPkEVFaORDxPKIo8Ok7nQDZYqKrYqVIKw4r6ExOr2uUmfAxo5JSJBQpAgEAJQKO4PyKwWmSEp114kmFi6SCIQSmhIoCQQkoSQEyEETEiQaEhOhESaTJAmJAmXkAhwggiIokEAoTY81IJJEgpGp1Gj6SEigRMdQrSRKIRtOKJUjhEEwrH2olJVr0OXardDDUPaaS9ExUqh/wZX6SZGG3W939Oc0ASg2y7caRFDnHQqkOHwFv2XgNpIEsD6A3KQ2b6NPB8eG4eUl5kLm5OIgzdSlL/5YpgzGmltpALzQsEYy/Oame/gJLExRNGchjxIY/kzJUwiz9I7+n9nc/rbtXExFNXKYYDqGX5oZZ4Rj7ooqTT/aKR89wcg1Sf22LsuG7lmMYtURm7Up046V5/k8pjbGF4xHOEcnq7BzVwjDn/F63vmjHL5i9akoqJiMI46qiUIAeDiiy996UtPLiz7k5/8dP0lX/ISzz33/Nf/4e9tv/12hUIuvexy/vPII59WWLDiPo8DDzrgSU/8pXweKeUll3zp7z/8TzfccKNN/MAHPnTiCc/accetaT/CwUDEdevWWSfCXXbZebU1qqi4v2OxmxCStYNWVNwXENmmpaJiQVgTpojVVkJtbtQ0KrjotJEzKVUg0EZfkU3TzMy/adNMpZxJOWuapmlms9msPTZTnTSbNbOZjkRKM0mNpJnaklDSrCG1keGsoZkEKalpZKPrlZJU1dRIUlFFGxNyVKqtmEo24Il2KpmDpiAHdVdhkLQoR+Wl25/lRTrrDcuugNndbpGlo8M6IBO6p1SNwv3AQuR3RVoEOiMurqQyq4vOXanC/L0yBPkHPoZrD8Wh+eY0tvveqWjZwQ+pwqrTAOWjtJOmKn8jdPZ5eClDZK7A2M5XWr53XWctnbdDX51fi1f+ZbFa8AZtdEStwBKizhgAI6eUioqKBeGQJxzEo4ye+/kvlJe97EtfjqZ/9WvfiKZHweOa7r33ox7zmH3Ky1ZUCCGOOOKpZ/zte/faa0+efs65PUby1g4el3WHHXZYVV0qKirGYQ18LK8BFSruRxBmFzFo/5Rl5zW9pm9l6ZDPT246OXK03xwwCaX1QpGeoGLTG1JvOp1Np9PpsmIKm5liBxUdKGUjpaL/9NWmmc5mihSczjQ7ONM7FDaqYGMLStk0NJOyIZJGoOYOG00H8n+k2EFNMZEERRa2/0xnGZOSv3WdgePCic6lbpegZIacHTOaOCfzbmprnkXbNzv3pkLv/wPBbk8vWyHv4fuotbdHbwzAqnRap4W6L3fVlSWYGzoy96i85y5uY7fZWvX7NQZrigZYAWqE/yqpd03NYPkQyqtP6nSRs8MeNFxDI/S+g5KBvaYmh4qKCgCYTCYnnvhs+/Omm27+wQ/+u7Bsas/CCy64uFDCxo23X3PNtfbn8ccdU1iwooLjgQ/c8e2nv4WnXH3VNaunzkqD+0o+8P7hN1lRsTgU2WMhkd7DTsvTJbcPWwPnmrN71/SavoB0YWwQ0P49yc5rek3fytKBpwPPT51ygKdDr3rBTze7vQXSjO/gbDqdLi8vb1FYXp5Op9PZVLkJWnZQeRDOZtPZbFkxhbPZdNpMZ83yrJnN5HTWzBrZzJTfof43m2mXQe0XKEHzgtpx0PCCbQaSkpS7oZQkQXkVypYd9NabEyryj+w/CVKCJCQVgpTQD7FWaIQlRIq7Gjhmx76OCP1NwLqFuqkBFWFaTqFKczE3IwpEEZOmwiSi0EAxQSHsT6HOAcwE34Xwo6pYw0hjB/gleKOrHWMxIWFi1FuoBF36lLcgjmG1j5Hfq9SgDL7pv6vS2PoBIMDov7BgUkfzFAj7r4tNH8UOailBt8z3hmYweDimhvIK6JzBsE7LrAUJb0RUfuoORoWPnQLUqB5WlLXFKub57hf24ci7jGDUaB/Tznr7PW4j+mnrxgo8gKl3aDQIREVFxdrBUc94Ov+5fv1lJaXuuOPOr3/9CvvzOc85wZ5fdNH6n/1sU4mQS9wIpTW+aMVgPPaxj37EIx5uf95yy63Z7PcprGNeg9vvsP2q6lJRsdXDs7sSkLH3kvdFXWyndey6qXNuHyY/nZL5a3pN38rTReovxJpe07fK9HjyIuolfpK0tATpDYN2D1SYqSCiihpspGyIGill0zQqvqgkdaIKWc/CqXIlbJqZI1lqjrChhohUWROFUrkbSqJGao6wUUSg9iNkLoPhMWNaWpsmpyHsoGY4EaD3blKFdttyAilqvOb3Wo8Ydr4G78IYdPZMZ39mupdj6+q3kBRZFR1WvtIQvdQYo3P5QzovZMbkgEGeH/+rhZTOPCW6GiNM6WxgmM1ScV7Z6HKEXi0qzFyIAbPTqk9oiPGu6LxTi1z9s1iUzwyLexgzX2henlUfIRUVFSF+4Rcet8ceu9ufhVFG11/S8oh77LH7b7/65fzql7/81RIhnz/vAnt+0IEH7LnnQ8tUrqiI4PGP28+eb7j1x6uqy4pi3QPaKMEPYOcVFRVzQdbeS5Fca81eXdNr+hpOX0r9fVrTa/pqp9MQOfFkQIy/Guapf7wCP0E2Eki73yECEkopBeGEkCZCCDGbkfIE0wtUSBJJIRBJgJgAgKQGUU5oQjAhgokOjioJSJCQ1EiaTHACE0BABAGIJIiQCABwAlIiCAKxhEsCQEoAJRwkgkAgISUJlFIKoUIQE5EEQCJlSNU/AQQgKptTa2w172a1b5b1P1DelGjyDDWLzcGaphQrrkt5W5vzgvrnYnHzhDAzYoINIn49NRYdieo+8d5QXrYDTK5cAq+joH5iLfIoP545yXZ4J4WdnyEeVteqzhpS5AM62AF0BPoa7jHQa7Ce7JEsyEykB1VP+RarbDrPU4OdxaMTXeJRHYiC565jEijJVq5GTJm85LY/2KSUr6vNn56l54ZwdlKs0orNUeivj2Evi6hzKutPyIUNBzQhe/JbHQ4e6mPQ94WSKu7BfhEtDpFHnv9QtRPxb2s2whaqWkVFRSkQ8fjjj/3IR/5V/dyw4dbrv/u9/ffbN1/q859vub1nPevoHXd8wNFHH2mDi57/hYuOPvrIvISbb95w3XXX25/HHnt0p6pN09xxx5233/4/99xz71577fmIRzxsMpl0lhoJIrrtto333HPvPffciwIftteeD3nIHr3qXSGx7sAAACAASURBVF5e/vGPb7v7nnt/+pOfPvCBO+6++2677rrrNtssFRZvmua///vGhz1sT297uc2bt/z4x7dt3Hj7NtssPfShD9l9992WlpIyN23adOutt91+++3bbbfdrrs+eI899th+++3Km8CVWflbUAgU7Xtl5513Kiwlpbzzzrs2brz97rvv2WbbbXbfbdfddtt1x6GBOu+66+477rzznrvvnU6XH/KQPfbaa8/tthvSzyGI6Kabbt5mm2333PMh3qUdmNfg9ttXD8KKijkjY+/tVWBV7d4UqrWW7PA1/f6bvqT+ZK3Heux5hAGlYEyNUKYV8JzA9YSIHL8VeQ2B5wfwawklqzCVbi2ykQCaAlBSAFXcPTEBIICmoYlAISbqw1pKtKEj9Q6LoHzqiQBIaF97FfZSkBBSkJAkpF6+D4IQiAQJIgAUSIAoSSBIkgQgAJCE1MIIACQSklQblBIRIhFJROG1TttTmVXVXvVfeGT/lzcGzh9D3Adzl5LmQtU5PesaDr8ur7+76CW0nLbJNdgRLepnU2BWRTZ8KGRAnXzRwtkM5dCPti98K/CrWA12cAjCHl7JyseVXYu9utZcpkbc4vk0hE8gPeMbM1XQcoR5Cc7MM1/CNaEkcXZwQbVkNRhWLLdWRfGIejlR8o+W1R/nc5+7FvqdUKpqlAlf/c6uqKho8Ywjn24JQgC4+OJL8wThhg23fvvb19mfRx11BAA8kxGEX/rSV+699ycPetADM0LWr7+U/3za0w5P5SSiK6+85pOf/Mx6NyQpADz+8fs/7nH7Pf/XT3rkIx+RqWsYbrjhRx//+KcuufRLd911t3dp770fddJzTjjxxGfn6Z/LL//qZz93zqWXXh5eOvTQJ5z0nBN/5Vd+Oc8Ubtx4+ykve41S4B1/9ReHH34YAFx99bUf/ad/4yFeFZ7znBNe8uIXPvShLYHUNM1FF1/y0Y/+2w033OhlPuGEZ7/ohc/de+9HZWq3WK1b0Avf+U7LN+/72EfnM994403nn3/hhRetv+mmm8OrBx14wLHHHn388c8q5HF/8pOfnnnmJ764/rKwn/fYY/cjj3zab/zG83d98IPL2hHB93/wwze+8S0bNtwKACef/PxTX/MKfnXdunXR84qKigGIWGWh0DJsj54l0zlC3gKs1jKOtGPXYz1uPcclbneox3osPtKAUjRGApVpBTwFIrVTTgfq0J/lJ/JrCSW3exC2KU3TIF9njwQCCYBAApAkAimlwMmEFEHINpyTEyKYEKBAbJfmIwICNDpmlAAx0Vt94UwIIWimTHwkBaFExTcCIlEjSQgCJCRCIgIiJCAkkmoHRSKSUgIAcyX0HAgcL0/DsFrvT+NfCLa1RACKhjQiUPOkVsr8gL5MtDcrQ6FhwaZISpAnZI6WXC4qVm9nZLBSL6s2hDqTX65hVD012ktslfY9FBSPiM2n9IUZwI40pvQaJYda15w1zAiufdjnKJun259sjSPTTP7crVnwhzRPxdmPWp55mLNdydgI8y8IYWBV3sbBVfeKnjqgD3nplZlIo0qO03xRWMSjN2yQDytbUVGxAnj0o/fee+9HWW7jvPMueNUrfyszdVx88SX2/BGPePhjH/NoAHjSk35p3bp1mzbp3QcvvfTy448/NlPpOee2sUwPO+zJD37wLtFsP/rRTW9+89u+/4MfRq9ed9311113/ac//bk3/snrTjjh2V0NLUXTNB/7+Kc++MG/S2W44YYb3/PeD370n/7tNb/9imOPPSr0ovvZzza97/1nnHXWuSkJV1xx9RVXXL3LLjuffvpbDjrwgFS2Sy/7sqUnzzn3/MMOe9Lpp/81D83K8ZnPnPWZz5z1N3/zjiceeggA3HLLhj98/WlRAgwAzjrr3LPOOvcd7/iLw3/5sFTtCqtyC/rihhtu5C199GP2iWabTmfnnnv+Zz93DvdeDfHNa7/9zWu/fdbZn3/Ln73p4Q/fK1/15Zd/9fS3/3XIIits3Hj7xz72yY997JO/9VsvfsHzn/vAB/b2Tbzqqmt+53dfb39ecMHFHkHIvQZ3qHsQVlSMA9qV7dZY5Nh7xx4hnwcK8izkCCteYz3WI6o9CMmupHaPNb2mb4XpMFSO4VxK0wfrKUESNA3NZnI2axpJmiYDaCQ0TaP2CZw1s6aZmn8zKRspm9lsury8PJvNpN52zuSRMylnUjYAkkBKaiSpzQabqd6ZThIQETWyIQICVFsaStId1kgpJREBKvYQ1A6F0m5UI6WU0DTUSGoakhJI56GGlAOkdprU2w4JvXMwoI5RqoKqEhKQJKUmSFJxS5FAkZRoIqF6KN9ey0AgCkXAsn9KBbAbFpNWyiYicK+6LtgNlmK64Zh/ihBmMvW/wZsGxZUM9Ocl8v9UD3v/jJJthSl9uLm/8+bmd76MNjOfjfMHPHPiDnojpKhD7O3jje3UVj37nnpe92Ta2NnwOaLzjtinubP53iC33R7mV/+P5ox3VhaBwLZp9i7ke8CVExXejcSNzj07veaBTvmF6WE2O1wXxDHk2UGv0pBLUxpm1LPSeB4vMd+6/F3ue2fz8JTkL4hQZvmcWQJWi50S3d4GFIAieGzDlymSswBnXlNWivLMj+Gw9jCxJH8qTyoIrXcro8K9exfezfyjWtZtvpyKioq1g+OPO8aeb9x4+3e+81+ZzJzbswW32267Zzzj6Tb9C8abMIobbriR+1od88xnRLN95Stfe9nLfydFTXG8/f+++7Q/fevPf/7zzpyduPHGm1716t/PsIMWd91191+e/s6/PP2dXvo111z74pe8PMMOcgm//duv/c/Pnp3KcOcdd9rz227bmGEHLd74xrfceONNN9+84VWv/v0UO2jxhje8+cYbb8pkWJVb0BebNm36kze+hacc9+xjojlPP/2df/WO9+TZQYvrrrv+D173J5kW/fSnP33bX77zj97wpyl2kOMjH/nXU172ms2bN5dUbfGVr3yNs4MAEPLufN/BGmK0omIk1Lfv3OyxkhL5U+etEmvO7l3Ta/oC0q0HIQTHml7T55xOY+RQWX5IyrGubBn5ZqM8itbb6g9Bu6D1gmuPFOipQ4GC5RxAAiFQQ1Lph40OOypRCgAAIbSvHpFARECpVkUSTKzBiAgmE0kk1Yp5IQikUkk76amVlGpBvaIFlRcdAjTKhxEa03OICBIRAQQzMxr3P0koQFdqExUnJIGEahnqvYWgjSJm/PdbykVftdHGdHZ1oS8CciuXzXRaciE/u8kc5SFSizLlykcUa1M6zb6JZq0hDDNKZrjhQgmWe8vX4nbvECcYO8Z4dSmPFpve17CbshfbqheM4VX0HQArbMXuVV0vf6xMqZFqzB0lfHzX9VyGRbs9efxKyboBj3Tppd6i0WvWWmGKaHD5+Y6QQrFj4PVzlLoeNp+HFY3TtF9d5euiKioqVgZHHPHUD/6/v7c/L774kgMOeHw05w9/eAPn9o48siUFjz76CMuKff3rV9xxx5277hoPq3jxxU58URU508M3r/32H77+NJ7yiEc8/PnPP2mfffbeZeed7v3JT797/fc+9vFPqbiLAPDFL166z96PevnLX1rW4jg2b97y2j/4440bb/fSDz74wMc9br+dd9rplg23futb3+E9cOmlX+Y5N2y49TWnvs4rfuihTzjkCQc/aKcH3XLLhuu+81/fvPbb/Oo73vHenXfa6elP/5W8bspXT52vW7fuoIN+cd/HPnp5Ov3ud79/1VXX2GybNm368Ic/+r3v/9CyVuvWrTvkkIMe85h9tmzect1113u1v+e9H3zve/5vtMZVuQW9QERf//qVf/f3H+FU6CmnvGSvvfaM5v/6N670Ug468IB99tl7r4ftufPOO/3P/9zxve/94ItfbAfnhg23nvGhf/yD154alfaud73//C9c5CXuv9++++732Ic/bM877rzr+9//Ib81GzbceuutP95nn70LW7d+/WVvOu3Pecrhhx/2khe/0Mu2AyMF17kbVVZUVPRFzn7bHlUoUN/u2mVnZkdIy3diwq0Vu3pNr+kLSl8iIhtorp7X8+JzKMpPTjo4eaBfvRBJJz8/kGamyISRbPVUvLgrh+mgeJdEutEfWLvAaZfxXXT6J1aXWrcChjpTpJsEAkIUKicRgtAxS8H41KnNDhERiRpS9CAKKZCIhJAkhZg0RLS0BAATQgAQpAlCAYiAAqUERJINoraENgJBSiCJiIjqB6IAQQiIUvF1BEAgaAJtbGK1KyHy1QemGySBaG1mxubKba8mljej29D0dYKN6RmVK76vEV+/3yUhWldJ8NEFwdGnrCs8imt4dSuD0G/Du03j2cFeyown2Ar1TygwsvIVsC+ndw+bNxbZlvhEMfLu9yqemtxWj6Bas/F1+yEaRnhA2fseoj3Tp8ntCOnoVneS6Pv+3HrvwtareUVFxRrBXnvtecABj7c7C37+vAte85pXCCHCnBddvN6eP/7x+/MAjL90yME8yugll3zppJNOjFZ3zrnn2/NnPOPpO+74AC/DT3/6sz/7s7/kKW94w2tPPOHZXKWDDjzgpJNO/OAH/+5jH/+USvnIR//1V3/1uD322L1P0x38+5n/4bGDL/6NF7z85S/dZpttbAoRXX75V//f335Y0YT77ONs4/e+95/Bf+6/375vOu31KgqrxS23bHjzm992/Xe/Z1Pe9pfv/MUDf6Fwm7ojjnjqG//kdTvu2Aar/OIXLz3tT99qf17EYsAed9wxf/i63+WOZeedd+Fb/6JlBL/+9Ss2brw97LTVugUWV1559SQ2AgHg3nt/ctvG2zduvP2qK6/h3agotN84+QUpmfvvv99XvvI1ANhll52f+79/7VnPeuaeez7Ey/PNa7/9pje9xdKrn/jEZ059zSu23XZbL9tVV3/TYwcPO+zJb3rTH3o38fs/+OGHPvSPl1/+VfUzFUo3hHeb1JPy/735T8JtEbffvt0Ic/saYrSiYhzMjoP6V8ZuDK0tt9CmzWQ6NmQ3PyKYXQzXhh2+ntfzBZ4vGesAMktBPa/nnec0oCw56dSvXiqpi9D4EEJrZGc6E88PrnyK62bSydeZnHZp9sjtHwraS9awRjpVs4OApGg7AiQQyrFQkYLqvUWKZQQglERSkpQqyBhJEqKRQkzkhCSocIeoOoMAARsxA4kgBJJQTCWSFEIgCEFEkqQgoaKBmWiiBCiEQGiMv6PmXqWUiCi0D6H+I0ElKoKRtFekjjZmzYOOfVa9gY0FDQUC8rFRYpzGTEYyTG1wlwNNYoZjy++yTH09XayGi0LURmDRehi29tmUPl7TFqt2FH2Zv5IQatEM3kZlYeY5mnQHs4Ms5yhl8iNkfhioJOufoL16pUC55NxskC9o1m2ANwzMHL5AZCalOVYyKBuN6NJFYVgXlUwUHkE7aBJIFVnR6VR/qJTp72Xu373mJUfES3oTLA4dRGtu/HUhpPl73Q5eJFNq9RYNVFRUrAKe/axnWoLwrrvu/ta3vnPQQb/o5SGis88+jxfhVyeTyfHHH/sf//Fp9fP88y+MEoTXf/d71ucsFV/07/7+I5yoe/vb3/K0px4eZptMJr/3e7/9s59tOuvsz5uCH/3T0/6orMU+Nmy49cMf/if7c926daef/mdPeuIvedkQ8fDDDzvssCd9/RtX3nLzBu7597WvXXHppZfbn4cccvA7/uqt69at8yQ87GF7nXHGe9/xzr851xClmzZtOuOMfzjtTd2av+iFzzv11Fd68/MRRzz11Ne8gvuAKrzyFb/10pee7CUee+xRN99yyz/+47/YlG9846rjjvNjcq7KLeD453/+93/+53/vVeSUU17yW//nxZk/Sd7656etX3/ZbrvteuihTwh3jlQ46MADTj31lW972ztsypVXXn3YYU/meWaz2V//9ft4yqmnvvKFL3ieEP5787GPefQ73/G27373+1dfc+3BB/3iTjvtVNKQz/znWe9859/wlBOOf9Yb3vDaqM58gO1QQ4xWVIwDRu26CKFN2Pxg6dieY6QskwmeTErJKbFdYzQ9pnPheaZda4AXqOf3qXO7B2E91uN94gg8BbJX+x2hR736qAg3Lx3bKKOg9ZNqx0ApG70tIBAQgZT6SuNiNpupozppmll7Tc5mzWw6VfsUzqTaI5AaokbK6Ww2nc2mTaN3KCRqGikbaqRUOyFKIpJADdt6kGsHBhTAtENt3EXA0k000QgQ0exU2IISJrAxmyrxIvY8xTMhqt30zB1aNa/BJIioyYK3F6HfjkTzRWgzzeyW1LmLUvnuSp27MeUV8DTvrLf8aqc+ndLysGXDeWMxGFhL+BSPvONjeiw6DDrZnZGsknqKzcRf1EWLQNi9fByWI9XGDOai5Hhk5HQ2cNEYoED+7owcVFZUeLK6mAvdPq+Xy3ikJyU/W7mEjhpX9TuhoqIiiqc93aF/LrxofZjnuuuu56RRGBXzKLYN4Tev/faPf3xbKOTii1r/tnXr1j3lKU/0MmzevPmTn/xP+/OEE54dpaYsXv3ql1mO5Nxzzw8DhBbib8/4B/7zpS89OWQHLSaTyWFPedJzn/tru+22q0ppmubd7/kAz3Pam/4oZAcVtt1229f+/mv41XPOOd86X6awbt26U055SXT+PP74Z3kpe+yx+8knPz8q59d+9Xj+M9xicLVuwRg848inPfPoI/MLFh/wgHXHHXfMk598aIodVDjmmc/gt+aHP7zBy3DW2Z/nYWaf8pQnnvyiXw/ZQYv99nvs83/9pP3337ekIWee+QmPHXze857zx3/8upTO2zEPwh2qB2FFxTjEra/U31obOYKx2Y6yEtdjPd6XjoJbJOuxHreSIyWv8rUbCNmr/hGy9eavRupN1KVihnLzs6IMTSKCZuqINEFIUpIyxBtGUBnmpVTW+Vkjm5lsGtk0spk1jSICt8xmy81seTZbns6ms+nydLo8nW5ZXl6ezZZVmUY2jZw1zaxppopNNGShlEoHUFo0BNLwlSRJMguv1NsqEoGh0ohUKmmqsA1TCqBOVON1OgG0GchMTGUwgrxUNF3tfltYeLYzz2BtbyK2sinxb3WAiCIL3brVs2t72nYaK1PWz9DMrU7KB0lJzrB254HNlio3woY5o7rxOWQYrPL5QTI/TMy/VHrkaqTTCBDMqDXD18sAgEDuv64Oj92d+LwxDMOWLJTcIG/WGsyurQxiXb3mlMwjOibtGMvPUSuk4mhEJ7ohctxvmLnI1MXTT+Yiunok28eLbxXPaRJbzRCuqLgfYdcHP5hzdeecc37TNF4ezhoeeugTLDdmccABv7DLLjvbn+vXX+ZlkJLOO/9C+/Poo48Igzdedpmzq98rX/l/8prvssvOhxxykP15449uyudP4Stf+TqX+bzn/lqv4rfeehvfCe83f/NFYfhKjh13fMApp7yEp9hAlClwHs7DTjs9yAtk+upXvSwMR6mw22678iig99x9j5dhtW7BGFx08SUvOvmUT336s+PfhpPJhEeOvSvon2uuvpb/fNWrThlZo8VHPvKv7//Ah3jKS17yotf+/msy7OP227EQo9WDsKJiHGJWWZtObnpfqzKTn7USDz3G9a/HelzLxyX2zuYxtep5Pc+fU1F+ctLJyQNddZGTTn5ZipQFQzmBMXi0euoLlJDvG+yJ/Z9YEoGXAHo3RKMR17nVhukmlZecDTlKKhio7isgICTttkZEZsNdSUZzoYJyAhKR0A53eu0LCsBGmZWFdkMkIgSayAlJIaQQEmCJgJYAmgaBAISObarigkoAAUIKpZpAkAgIElAggiCSSAgoERFAqmmEbBch2kaae42sP9HrIK26SmGuhAgj0SFAzX1gelgd+bRoxSCsURufoyf4tnilMtrnb20jaEskxUtPZRhWnU0P73WKjByjwFaB/g0MtyTskBB0LGZ+6aTwXlD3zqCL2w9spNjOQMH5q+MH4dyHsdvVW9MzEusKw1WxMZba13Br3HOujfLdZxi0pQry9FYpKzMvfGu8BeMxt1av3JayFRUVPXDMMUd99avfUOebNm26+uprDz30CfZq0zTnnXeB/fmsY58ZShACTzjh2f/yLzoy5HnnXfiCFzyXZ/j2t7/D3cuOPurIUAinFQ855OCSnfn22/exX/rSV9T5LTdvyHj+pXDPPfdyB74XvfB5fbmWm2++mf/Mu9wpnPScEz/A2KAvf/lrRx8d6RCLg4Ogrxy77b4b9wU8+OBc5j33fKi9EXffc693dVVugYdjnvmMXzzwgPg1ov+5446Nt91+28bbr7rqGn7lXe96/1VXffMv3vqnI2t/2F578oi73lXuU/iUpzxx//2KXAPzIKIzzviHf/23j/HEV73ylN/8zRflC+6wbgd7XvcgrKgYCSLPZqvsqNZ2ak3C/JvYty2b3166tVajERizS7c2tZjtGrmBAq3tGNeQ3b6e1/Me50uuaaCe1/MVO6cFlFW72ELsEiOjomUdg6vPbJn/eZszYZvDqReNLjzVyFFMHgmz/ZVEJF0DSSSh2Fd1VfGDBKTYQVUWWi8bBBAIEgwppFowAZAggVD7AAqQtEQES0sAAI0ElNBoJx1ACRIBURAKSVK/bwmR0PrbmY0GJaIwGwiitW7rXiMdUlXlN/4F1PZ5a1bU/SnMFoueNXxx7Iu1h2olWaX8EpHMiunUcOGWNh7xFcAnCBHn5iA1X+QZPs/gnhGSN4mGcuzNjRr3o4n2ErpDtHBwhkr2MuMW5s10RTBC+mHQM5gl/IKrK8mxFprRB/AlY+Soe7RaZHO+3sHToPtkjdDPVyac4sYStJ60IDEYs+nM5WNsVZDRbcDwKykw397wlLwfrtuIDni+g+bI3mZL3CoqKtYQDv/lw/jPiy5ezwnCq6++ljMlT33qL0eFPOPIp1mC8Prvfu9HP7rpkY98hL168Rcvtee77LLzE55wYCjhllvaHQp/+X89OcwQYu+9H2nPb7r5lpIiHm52S+2zz959JfzoplbCunXr9t9/v84i22+/3d57P8oGq7w1FpGV46EP3SNz1XPo3H333TKZd9215fy2bNniXV2VW+DhuOOPLWEZ77rr7k99+rNnnvlJy+9edNH6I57+K0cddUTfGpummU5ny8vLUsqfb95s06fTqZeNE7H7PvYxfSsKMZ3N3vPeD/KwrgDwB6899XnPe05n2e23a0nBugdhRcVIYLt7Hze2WiMrulltijq15/aPBHQjNSET6NqNHTnAJEfq9W3OthhP92zFzjGQ6ZZFL0/Y9npez+d0vmQ5efMndz2v5yXnUJSfnHRw8kC/esEvS5H8ysxh04HrSQCBHC5fmVgC3fi6FZseb5ffJ3zNi5ZJiCQBkFCCRBVXlJRzo7LIygYQQYetEADaREvWAZJAagc+YyZTPJ5AIJhpn0VCEmRiXyg+UaKQUuD/z96bh11yVfXCa+063QlNhu4kELpJY5iSkMhkCASQKQQIg6jod6MSuXwJCMqgD5MiKA5XP6+KIAoooAEf0McL31VBQHMloOHhEkaBjxtCQEISMnVCQEIH+j17re+PPdSuPdRwTp3p7fXr96neZ9faa6/atavqnPWrtTZqItAaEBUphUSGLFOKiEkxExGCQjRBjWSbMxIxIgX8TpCSi+2oExMiorKeVQRARAV2CPzBKGMUs1FnR1j5J7/PHMiNu1Yb0udrsK9MO3nPWiZ8sMkB17VjBO7Mj2bsUfzy/2Y5+vqPZ88IwhKd0K625HttoQ/7mBqy7CWZEGNNsPbotE403rPoa04wgJw2j+jScs+J8ELhT7E/0Uu7xs05KvU1J8W7zTAb4RSx+7PDzOf1W4+2P7Jx86OoTV/umeVMzW/KSpEe8rgctte5tiS0QCBYBI4++qhzHvfoSz9s1wi85JJLf+kXX+DTVH7oQx/xko961COOPvqorJJTTrnP/v0n+WSbH/nIR30IlNb6kiC/6JOedG52WbWQXnrjm9568dvf1Wl5GPx3zUz5LSNO6253a8sOmsXXv36NL+8/6e4tOSFD7N9/d08QHjhwS4vkrl27jjoqP+YGYULRffv2ti+zt3PHjpa9KzkFs2HPnt0XXfisRz7i7Iue8wJf+brXv/FhDzvrqKPuXGp1ww03Xf6JT15zzXXXXfeNa6657tZbv9m5AKTHTTfdHH7cu/duc5hvccUVV15xxZVhzStf+dKnJetKZhGuOxiuRygQCGYAc+wfdu7eAb5rE3GR1NseELHpQ27qwdj3K2Upb+OyjyAM/eNSlnJnmWdoy416HtCWo/pSW3avk5h6iG2O9QRl5uCtEw7rraMn3y8Hx8WRzdyQr1koy+q5Nft8lk7zkCIGYO1XtTH5PwHrtXP9GnuW+GRWREopVqzMYobASqH7GYIEChE1ImpkYGWC5LFSWCFoQABk1EqB0oAKK0RAJsVIoMxpQyCliFm5mBJUStVudCZAZY7XHFoYa0/u8UsIyvCCgAg2dhC9O76u8MAhPAHGn8u8YBi4084ERM64pfnmOq1KLCkGbyHXzu36OlwFBhGBqXc1S+7O02OWEUxrRvHJhpzTIpy8oxNaHKVnnlFFtnmeeg/2Fo9lQf7xVC3zgEVG5yQUS0e08hcRZjbAXbwdS2ku+na60AHcRKqm0+a+B2W+7oxx+EbJoCf9uiE7Diu/eAfBvhonEAjWEuc+4RxPEB48ePDTn/ns2Q87CwAOHTr0v/7lw17siU98fIuS8847961vfbspf+CDl3iC8HOfa8QgPv6cx6RtDx06FFE1/ZkbgzQhZB9cFxOEbbF6WXzta1/35T3H7enZat++vb58/fU3tEi20F0pjm6lEtuxqlMwD0477ZQXv/jn3/CGN3sDPvvZz2WDXC+77GMXX/zOK7981cx9faN5mmaYKp141rN+uic7CABHhGsQHiERhALBXGi67Kyz1rt6I98sNls1ViX0DAmGiwAAIABJREFUftqsr7jhQ058xbm+ZinPqgcXZI+UpZyUJxvn4xCsB/pNG+79qb1xLMuF9pwIBzkk472J27peMDDsOtEQx78wxxZx0KBZ6d3OzHVqape101yTPhjRpRUFRFZKBSGJQETMYN6FZGZSqJiZuUIGZGZSVWVc3DhRGpSJfGeACqCy2e+0Qg0AgIyq0ibwD5mRUDESaASlDOGqTKZSJEK0gX7MxIyW2jOBhqgALPdpaEE/KojoYipNzlVLIdacLoCPokc/rgGRldJFg2C9kIHPLq1JesFIRyq/KcAg8+46x8Ckw+spuk7JPtpKe9MYwU7ucAb04Qh78JGZg1rMtPRE3WwHPk/zUhMGSMkE/2EQy1DTkM3RbicvY0Tzc+iJaAlOnYN0HH0yhCM8Jua5rPo0XBwrP+cVh/FimsuOly29DJFvEpR9jK1vNdyEZi89bxJtrw3MjjG1hgcS/IqHaB1qrG9Tg3pfSljzRn69EQi2PR720IeEHz986b8ZgvCTn/xMyBK1p50853GP9gThtdde95Wv/sd97n0vAPjQpf/qZfbt23u/+52atp0/n8ETWpfxK0FhIxOG1oPNmE6nvry1dahnqyOO2Dm0o0VjVadgTjzlyU/0BCEAfP2aax+VyLz+j9/07nf/3ZwdxVNlARk43vOef3jsYx516qm9ljY8MogaPFIiCAWC+ZDJ0tFYMjBFxifQ7iZwWeNm0rfR7zkKBAkm4W/88I1vKUt588scePydZwYL8jbNZ1En2/SkUT07Vi9py80YwrqeEYCMbYgATPb1bbMqoOkDHFdlQwtN4KDXozUhEpGN5FOsQAEiIhFoF2FmMpqiAqgYNDFUDIgVAIIm5QlCBQiAqKY4ZWClSAEDECAzTJSqTI5QYkICpVgpZcMlmYABWLHxOTIoVTEzmBBBo9XyixgGHJgXdxAQHV9opV2cZfTAD9OZlpyYqfsslUxTiZa1+ZeVaisW4aGb2Wftg0fd4TToLm9mUBu0DQ0Y74iGjn8UHZiNGozOfklzpzFpfeep7HlqOsU6LclWpoMwSH9/AjXzndvXz0kmF5sXbOvqjsMv4j00h2PQJEXsYq7J+wGe+Oh14IPYwXCc05mfVd7Sr9NT3DvbGxXJrIPglRZbVzKqqadvj+2Xduct1wiEV00L5zoLR1iYk15PojDqtPzLNfiWkttP2Xdm5kRLQLb7ppHcDaJTUNDQe2Dju4q/eBpJiRviDLkx8DO8fZJktYZm+1zK2a8QmA5UosRa4s6VDT523x84QwM2Hssm8UJWZ2ptS03pUur8tpN+hRAIBGuFI4884ilPeeIHPnCJ+Xjph//tpS990c6dO/8lCB8870nnHtm61Nk97rH/1FPu64O0PvKRy+5z73ttbU0vueRSL/Pk856QvflEmp/ylCf+7AU/1d/+PXv2lHKftuO44xsxfzfdfPNQPeGaf9de23cRvm9/6z99+dRTehFCi8aqTsGcOProo/bs2e2DF6+++ppI4LLLPhaxg/v3n/TIR559xhn3O+GE44/bs+fOd941mUx27JhU1eT3/+B1/iqIcNxxu8OPN954c1ZsKHbt2uU5+IMHD1540S+88U//KLtIZ4QjgxSj7RemQCDohHGQ1rnezA8EtxxK+Fs88OU6n639vVBHCIZ6Gjohqofaxwu2edPfG5qTtvUhEc16zOkv+p9jnQU9LeXUdy1lKXeUJ+EPSSlLuXeZe8lzo54bMjBAP0cypbZRPTT1GCO8PJfbBmXnN+NQnsO2zKUxiX1ufhzsp0aYTZg2ksOEog1Xb+jk8ZcxMTGZHcpqshZqxCmzUoqUIq4YFE5gJ6IirUltATAwI1cmoSkAM1S+ecXIzIwVGIZSuWFF72wlZgBQ5qEZHad9qrFPbelJoOT3pxkKw3Hm3geKnHcN/QWZLNZkBcGx0P9YlnDMPamyIHeudw5j9stZ9mNEgcyMns0jUqGNThs1km87zdKVY2YafkHdZWd7O33VfNllUTexptqlDpo3oIXzyMov3qjBBgyab138zQbcB9L57O+HS7j05pkDaBIZrBqbmK5WIBAsE0849xxPjRw8ePCTn/zMgx/8gEv+V83tPeEJ3fFhT3rS4z1B+P73//NFFz7r059uxCCec86jS21PPvkH/LJ8Rx5x5D3usX+Oo+mL4487Lvx44w03majH/jjhhON9+eabD2xtTcNFAUu48aabfPme9/yBQT0uDis5BfPjrne5iycIb7nl1mjvxRe/M/z48pf/4tN/5KmlpSK/973vl3o5rpk/tj0xbE884P5nvOIVv/SiF788zM76ghe+5LV/+Dtnn90WrWum7r59e6+//ob9+08alIdWIBCkYI58toi1r7TpQ7ZfqLFuB73821i3zclA6osOyjizX50B1Nr49qUsZVueNH9dS1nKSyvz2G0d/9fkFxoFt0pgRoDjF0GKfdUVGOxNdDIwemtq2wKqz0Ufmn9sl8f1NGZkl93hHUmO0HONkZkZKsVUVcopNxGEU9tAERExEqPWiKhNulFAQGRCQgAERlYMgBoUQgUAiEgmOpENYcjEZDgdJKWUWXQwoDMZzCs8TADKvkUfuZ45Pg3ILlqDIXiBodGm2+e4oMXABAYtvuyopoXVK9F72TjRlvC7sQjC0pwJZ5qPP+sZmbcRE6lk5EYY3wfL5wU7w/5KJrWEu0WT0JebT5xFI33GLbHv4Vf60ojD7C2xwBp2cK5BKxu6Nq6pC0X6VkfxnYmgIniPqgi7gO4QUyIF3fIFUztjB0dE+NRYOe0tEAjWDT/0Qw8Mg5k+dOlH7rjjDr93165dZ575Q51KHvOYH37Dn/yZKd9884EvfenLYX7R+9z7XiefXCTD7na3Ez079ZWvfHWOQ8lAB4lAQ9z1rncJP1511Vd/+IcfPkjzXYMIQgD4xje+0XKMBnfcccfll3/Kfzz55HsM6nFxWOgpWBCY+dpgIcldd2rE0mmtw3UHn/bU837sR5/Wou2GG24s7Tr66GPCj1dcceWsJjdwz3ue/Na3/OmLf/HlIeP40pe96rd+81WPf/xj29v+2Ztf/9Wvfu1e9zp5FEsEgsMZ9osxNn6N+gjCpkMx/A6NXtD5f31N6B8OFWLc1m8Rkl8kjX6TVl6+qTO1ua1ct42Pa5geKUt5QNmsXCYQbBdA8UO2ovfO4Y0scxeIQaMBuMg5jFZHdDLQDgZmIGYiIiKttdZ6Op1qTVqbGltJpIk0sTaCdg9pPd3SekvrqWatiTSb3ZqJiZiZmO1//hgC68wOIGJiW+nsAmYARrOFiNe0SeusOv/+jOM7u71w28l9tkHHMr+pJXYwZfvGihFsQSrQ3jayJ416DGU26LQetljEORoUOxhVZttGlc2PS6M/XQboVWDoaVrVpVfo1w9dIXS+oGyD2MGWdzh6tA3yi+clkkKHxuSvR4vEqszbJ0u42OTZIRAISphMJk996pP8x3/+5w/9/T+8338870nn9gmMu9vdTnzA/c/wH9//gX8OEzY++clPaGn78LPP8uXPf+GL//7vXxh4BA3s3NlY5O+WW7+ZFbvvfe+9Z0+dOvKv/+bdt99++6COHvKQBm/6t//jf3Y2+cQnPxN+3L//pEE9Lg7jnoLl4MYbbw5DVPfu2xvuvfnmW8KPD3xgW+rO2277VgvtpxQ+8Qnn+I+f+9wXPv/5/29WqxvYu/fEt/z5G6JMs7/+mt953/s+2N7w+OOPe+hDzwxjWAUCwWwI/KeQcbKO4dPtaJDZDa17BYINhvKeC9nKdtttYfG9GDdXri/21dFeMMwehKk33fMPfFQgcxKV1XhSkmUGs2AicKzh1PyRnhKZ8pbW0+l0azqdTj1HGIDZpynVRIYmJCJHFAKz+1xX1k26ER5GlDS1Z9wPoh+z+mNUmW3SIrAmmD/saRHH2Kmzzynw8CuHtTTxV03pXGe79jArZfaBl8w2ifR7mexRjzvyPQfz8MGIozGKqj6UXrbr6Mz6u2LbrXIFWBnT1n5n6KNhAXaNgP52zXP42w99xsGNVyw5dC4tZ8wDmzJvxggEAkGKx5/zmPDjZz/7uXpXVzCTx5POO9eX/+7v3hfuetzjivlFAeBxzeyjb3jDm4moZ6cpooSQ3/jG9VkxpdR5T6oNPnjw4Lvf/feDOjrllPvsC0ip9773A2FAW4qtremb3/y2sOb0008b1OPiMO4pWA7e9Ka3hB8f/vAoM2fjW+63vv3tFlXvfe8H2vs699xGlt0/+/O/7G9nO/bs2f2GN/zBgx/8wLDy9/77H/3137x7rC4EAkErzBfm2jFjlxTMeWWh9slg/y20yxT6Ku+VrWw3eKssKy9b2W6PLa+iX+iUAV82H+sHniMJzWd2L8UkD8aYkzAkYk0JOrVhNOF0Ot3a2ppOtywROD2kp9+f6kNaH9J0aEpbU5pODX1IW1rrqWlKJu4wgqUPSWv2ALD8IZNmF3kYGB8I1mUmM2C1D9oLMQBj7CNLBg2yjj9sRSgz11eUsZFaOKjhIk3r6Do7whG35yuZw1nTt5e0x/RaaLfKQDWR7m2fLRGPmJVv6T17plp29cEM47kNMOegzdxwceAEvj4VHtf4lvkT1GMrU4grD3db7QktXYaFgV3ScM1zjQxF9HCP6zH6QwbFZqVk8xVAof1DrGX8X+v5DV808V20oOVWnBW2vYwdPjjovMx5x+vst/0hJRAI1gdnnHF6lHLTYM+e3Q94wBm5Fhk8+lGPzNY/8IH3P/HEu7Y0PP644x71qEf4j1d++aq3v/1dnQTVFVdcefHb3/nhD/9bVK+UCiPz3ve+D37/+/nl5Z7wxHPCj2/7i3d88lOfyUpaw6686uMf/8TW1pb5iIhPe+p5ocDrXven3/3uwWxbZn7LWy++9trrfM2FF/5sdsxXgnFPwaLBzH/7t//vpUG/u3bteuADGjGC0dh+5COXaa2z2i798L+95a0Xt/d41lk/tGvXLv/xc5/7wrve9bctP5FuuOGmyy772Le//Z89jgaOOurOr/3D33nMoxuXzxvf+Ja3vvXtWflDhw595COXvfa1f/KhD32kZelEgUDQD97XCl0eV5+hbNi2o1W3p1e2st0+WxX+QpSylDe7DF0yUG47axn69GukjHyQjTN48IF/9ET7nB4IQxCMBmZ7JTfDUIBsdCEbWm86nYahhFpvadpySUd93lEyH3UdHKiZiVkzE9lco5aK9Da4CELznwk2JG9b8FRvxBqySzDqTG4MQ/mrQdsiT4etb2uZXuD+lrTzne2nsmd9JFDqPbx8fI1h+KLmpWjCPsGIoUx712n9/OhzdgRLQH2Dm09Jtv6wvcVtCjh8wnVg3lPZ0svy50n0rA++irSMQ2Kk+47UrGxjB+e/9dWrlyxr0OKOhnQ7OkcotxSBYIOgFJ4XxP95PPUpT1JK9VRy3HF7zj77oWl9GKhXwotf9PyQgPmLv/yrF7zgJddcc20qScQf//gnfuEFL3nOc1/4tre949W/9tuf+MSnI5lwbb/bbvvWH//xmw8dOpSqOvWU+57/X54R1vzSL/3yxRe/M2WSrrzyqpe89JUXXvQLL33Zq/7b7/yBrz///GeEQYSXX/6pi57zgq9+9WtR89tvv/33/vvr/vqv/4ev2bNn9zN/5r+Ux2MFGPcULAjf/e7BSz/8b89+9vP9gpcG55//jCgRblVVZ511pv/4xS9ecfHF70wf65/81Gd+7dd+u7PfnTt3vvrVrwhr3vTmt73yV3/jO9+J09Lecsutf/S6P/3J/+uCX3nla555wUXZiZfiiCOO+O3f/rWIb377O971ute/kSi2+bnPfdGrXv1b//Pv3vvrr/mdi57zgj76BQJBCVj7Wr1ftOh3hUJ9exnaZaCHjJSlvF3Kk+gntpSl3K/MveS5Uc8NmTi9ZJt+jmSybTnRwxmdXJBnzut39dyQb8R5cGoygw8EjHRibYlhycwqfQyAVhAZ2DKZyUHUnwIm0QsCESMCMyCCUkxkQgoNBWieb0CEmhARlUJmxayJKyKNiKCMeRMiQiRiqlAxELNin/iUiMw6vozmEyKqaDFTYET0ppoyE7NqHKgNFmTu76gqSfIQJVltK2dZCic8j/B4w6GOVLU0H2penxHueQqMWMlZmaUAjcEtDfsQhyUeMezFVIaFaBpn20YNUwY0GvD0fA06I6nO2ea/YBTY+9vA09H/pC//zA6dkIvDoLviuiGdBul9o11D9u7RX/8o4FYaq3QA9beeYuMepvY452y+7gxBY5S4UD8buC6kyrL6209xKjz0Qoj0y2NCINhcPP6cx/7VX/1NVHlOM/VoJ574hHM+/vFPRJWPfnQ+sjDEvn17X/nKl4ZUzee/8MWf/pkLH/awh9zrnieffM8fOOrOd775wC033njT5Zd/6uqrvx62ve22b0XanvHjT7/sso/5j//w3vd/5rOfO/vss+5617vccccdDz/7oT6358/93IWXffR/X3/9DV74bX/xjve+7wM/+IOnn3rqfY/bs+fGG2/64v/5UnhQV155lS8feeSRv/GaV/7c817sa6699rpn/defe8QjHnb6/U7bvfvYnTt3fvmqr7znPXHy0pe85EVHHnlk57AsE+Oeghnw+7//+pDZDUHEtxy45fobbgwXHfR45CPPvvD//tm0/oILzv/kJ2vm8uK3v/PTn/7sBRf81P79d9+xY+eBAwf+6Z/+5R/e+/60YRaPefQjz3vSuf/0z//iay677GPP+IlnPuhB9z/1lPvu27f3tttu+4//uDoUuO22b33nO7cff/xxffRXVfXLv/ySY3cf+653/a2vfM97/v673z34yl95SVVVpuaLX7ziK1/9Dy9w9dVfv+KKK+93v1N7HoVAIIjAbJdlYsacvzcoY8ND2t+/je0y5ot9a7/r4Z+XspRHKJt3eRC8Qx8Rahen1Ev9RtUbbs3WAzOsot8OeSJiYGJWJoU2u6h289zx7CCjZQ4x4R6xfvY5zt9Qd0DM9gUX5bkN1FojAnr+EQGQEUGRQlSaFegpKmSEikEhaqURES2paOypuT9iBiZ2SU2UUgBE5FlAZABWsQ/L7wWM6dXQkYa5VpAgG4LWzsqENSU/3Up80CWqaSyFs8l0Dnu7kuxo+7malkP3ZYnqSwVCsSx3mOppP/CUHYzon9IkSUnBzrnUUyA71UdEliVdEMc8LrosXLGBgwj1cHb5mbycA0gvnGAChL+3VoDsAPrEkqs/x01kT1mZmLE/M5dk3KwwYx3QXjmZ5h4/Dmyf7dkj7ZpR3Gt8XE5R+62pQ2cO3troMRE9Bbr1NMfIXD3tBiH6l8MWjpZjWauLSCAQtOA+97nX/v0nhTkw9+3be+qp9x2k5JGPfFhU84hHPGz37mP7tD3ncY/+1ktf9NrX/klYefnln7r88k+1tNq//6RHPCLu9KEPPfPMMx/06U//u6+59trr/KFdddVXf+//+U1TPvLII17/ut97xS//esh43XzzgUsv/ddLL/3XbI/3v//p4cczzrjfb/7Gr77mN343rPzYxy7/2McuL9n8whc+73GPfVTLQa0KI56CPogerNdff0PI1PbEWWed+Zpff2U2zvUhZz74gmee/86Ab/v8F774il/+tVRy165dj33sD3/gA5e09/Wyl7340KFDYWrTgwcPtpzrffv2HnPM0f2PRSn8hZ9/zjHHHB2uVfnBD15yz5Pv8cxnnm8+3nDDjVGrG268SQhCgWAeWF+r+XYd+1cDfy+kvEYoDyU/LfgAi0Y9ZGTy/Xbor+thJP/zWHqkXuqTevO0DhyRDaek1Ev9RtVDWA8r6rdDnu0ifD7JJnCdcxOYGYNlisJsXWGiTvuwrIOCIZRxCwYSEbn8otpnGd3a2to6tDXdOjSdHppOD023Dk2nWxbTrak+pKdb06nNR0o0JdKkSTNNaapJ18lCbcpRn1M0cNc184zNn3YvRBqsk3aR9jiiASMi9WmmBNig5ssEJ4gEMIGp9Bk+w8poMrcj1ZlVVaIkU7FwZUFfVkpVVeXLJf2dmOEABZuCoTFhafNonrRQ2uNOnrTT7IWzQVi5zf0H0AuM+3BcCVqn6/LOSOkZtDQDBmElhqVPwO0xAwWCwwfPeMbTw48/9qNPHarhqKOOihKKPu1pTx5gwI8//S//4k1h0s4W7Nmz+4UvfN5fvO2NRx99VLr3ZS99cbgSYYgo6+Pd777vLX/+hsf0CHPctWvXC1/4vJe99MVR/bnnPu4v//JNe/bs7tRwn3vf6x3v+POf/qmfLN2lQz5pz+4OhSHzuue4Pe3Cx4bCZcp2xFPQid27jy2doz54wP3P+NM/+cPXv+737nznXSWZ5z3vomc966c79bzrnW+7973u6WuOPfaYrOSd7nSn3/zNVz/3uc/uY94zfvzpb37T63bs2OFrwvN1bPkUXPDM81/5Ky8Ja973j//ky2effVYkf9ZDfqiPPQKBoAQOXkdchF8X2uVDmfXxe0u91C+mvjr97Bf4rKPNLUi91JfroZc8t+iBAfpjPZDr164o009/5I2N5CGt54Z8c6/j3hObIZHHrVv/0TrN7HKEzIwM6N9BV6gAgJlqvw1CGMYUuXQhoWpMPduFDb0YN2sAoEIbb2iyjxqGBBANU6LQ5ty21eCACsG1AwRUlRFg26SxtI8hV+w79UYZ1P5T50p1yp097R607K4W+Z4KQ4FUuFP/DJhZZ9QQewxaTwz1FUbJTktGRjO2cdJzMln5aLZka7JGppLRrqxY2nt2PcLscZWOJRqTqOus5dlydJqiXaPP1UVM/sWhZQ7PtqsPonvI/Jd2aUqEsqW2Dtkjsnd993jKquKA4Ol1IGb0hhjfgfZbXHrHzrZaFXozVdxlc/GGlqptuT/0xByTNr6b+T2pcMsNKp2NHRcARh+H2986ThF51qk/+oYWqs+fHfbuhm5Vs6G2pKsjANh397vN05dAIFg0Tjnlvh/96P/+5m23meCnV73qFZPJpEe7Bk4//bT3vu+DW1tbAPCwhz3k55777EH3mRNOOP7Hf+xHTj/9tK3p9Oqrr8nKnHrKfS+66Fmv+tWXPehBD9i5c0dW5thjj33a05783e9+94orrox2XfDM86PIyJ07dzz+8Y/94Uc+PMog6rFr164LLjj/t3/r1Wee+aDsmJxw/PE/+ZM/ds97nvzNW795080HUoF9+/aef/5PvOpVL7/LXU5oOfw9e3a/2+UjfeYzz//BM+7XInzMscf8/d//oylfdOHP3vve92oR3rXrTv/4fsszPf/5F93jHvtLkmOdgj7Yt2/v9dffcODALT2FTzvt1Ic+9MzHPe7Rz/6vP/Oc5zx7796OxwoiPuTMBz/yEWfffvt3v/a1r0d773rXu/zET/zor/7qy4855ujdu3f7TLDPf/5FJYoUER/0oAf8yNOefPRRR33t6q9/73vfS2We+IRzfvd3f+O8884N13QEgDvfedf73vdBU77wwp8NKckIp5xy3zNOP+2SSy61Cp94zsPd6p47d+488a53+fKXv8IMe/bs/oWff+4DH/iD7YMgEAha8Df/eF3qH1aomn7d0APTrFdJvQrlVaG+0x9eKtutSvW329larwbKS73Uz1yPP/lL/2fVV71gE9HP/cS9Pw1p6XJB55pwUlN/4Ja9LhYw2eW8J9zY6QXch4bzhXP92RUJD37l5wHYhN2x4diUYgRAZARGVhUSsMlEioBYAapglT+oE6yZrXfxkLZ5P30IFCAoBVU1qSpQCpVS1aSaVJOq2jGZTCaTIyaTnVU1qarJZLJjx+SIHZMdlZpM1I5JtWMy2WHqJ5Odk2qHwkqBUkpVqppMJlVVKTQqVVXtqKoKUSFOlKoUqspRKcaSqqqYzSFiVVUIjnRMYA5KuePqzwVmxbICiEhEaatODYtA1Gl0QpeP/v2mjHXLmfLb8Cxkm5QGpEVntKu9iTc44jPS7iLJ6GNWJt2bCvsaPwlLTSJrI1NLTvax3MopUgPG1T8WAsOSx0bOZnNcmxlG03mx5I/IXCY9jrd7CmUvqEh/S0d+8LP1pb5KqsJLbChNPtu9t2R/z8uQfaruon5Vmpktb2b0P4r2tKhDgYjN923Dr0WNu1xqedSnGxi7RHPxztx4c2kmm4cQhD1OaGwtQWYeNkhHV4xmYPo2mK/PPryK+rsmdjieDznrQS1HJxAI1gFE9KUvfXmq9Rmnn+aXPRuKQ4cOXXfd9ZNJtX//SfN8XbzjjjsOHLjl1lu/+Z/fuX3r0KHjjz/u7nffd8IJx2fzSZYwnU6vv/6Gq79+zX9++z/vdKc7/cDJ97hPK5H2/e9//+YDtxy4+cCBA7cCwEkn7TvppH3HHtsrS6rBt7717ZtvPnDgwC3T6XQ6ne7evXvv3hN7xuQBwPe+973Pf/6L+/eftHfviZ3CBw8evPnmW4466s4nnHB8p/B3vnP7rbfeeuyxx/YJdjQY5RSsCW6//btf+9rVt976TUQ85pij733ve0X5P81gHnPM0cd1hWMaaK1vueXWm28+cOCWW+84eMfevSeedNLdTzjhBKWKc/7222+/5prrTjzxrn0WJvze9773pS9ddcQRO0877ZToOiKiG2+86W53O3ETT4RAsFZ4+vM+6sNAfGUYj1CL1tchhoJJKbxaA73x0zDUDMlPDkyKmNsdvcwYHVzHm5AzthsuJxB4GILQ/KqXrWz7b6GXJDdqeIAGaNFj9nLcipqSsX5H4zXlvQyHOiGqB0D28hy2da2YUku4YYM14eBVz7N+LwQbx4HK5OYkAEJmZGYyq/wZHk1VAO77JXO9sk3sh6Xac6SUMmKIUFWVUqAUVpWqKkPv7ZhMduzYsbOqdlSOL9wx2Wn5QjXZoXbumOyoqh07duyYTHZMqh1KTRRWEzWpVGXyLlZYGf5vMtmhlCEIFeKkUqrCOEmjsVAhVlXlKM5i2kYhCDeRfYMvAAAgAElEQVSLIEy5umw55IAjkruPnhaF0a6ec6Z9b4kXjIaoxCNGu7J62mnFbNDwOjNza4IZCML03G0IZicIZ9CfRZbDHotLztJCPe2Zua9xCcJIebK3o68WgrCkvGRDf8xzIRhb2gnCpvwmEYT9vyR4Sc3UQhAiAEKv1UYXRxCGu858yAM7LREIBAKBQCAQCJaDpz/vowAKkN0vUwRgTGoAfBozBlDOBwt2YXCXOgeAAVXgoVUAjJn6SDMjtO2Na7zOqBVGPu1IZ3EvRntjPd0aZCvbnluThIFlK9ttt4U1sCGzDSg95R9ZIUL/Dzr3jm1i872xk2w09HyhCzUEsAvuat/S9MusDY1oKhFBEyhCJAAwawAjEjIiaARUAKpiZMM5Gov9PYRRMwOTyZGqKrJpTBnA5kqtXWwEgETmyNyLQGiO0/+5RYLlhZdlY5BfOM0omBXrww6WeL52JnhQBOEMBKGv7xm3lH705EFEpqYxghHNEDbsY2o2AGsRdNdsvvL1QZbOidjZTTyuoRh2mG5l2ZRLyc4HDJ5pc87BGe5Iy+lrPPizkO+9tK5enwjFmW8CDdLOKGin0Rqjh8HWPM05qBltkA1zuIRrlf0rw1hb3z4eQ188yr6j0BKGu4jo8A18PUIgEAgEAoFAcDigxbuLhXKfve3bdvn2vmQr203dGoIQ61/yiMD+V73US/1G1QNYWgzAejxW0G9W3vGC6GTMNciWWHPRhPXViDZndTPYnY1riv1lm8ITMGaBQwAgMjYoAEY0PJ1GRKW07U0haET0hKIiVpqnyKgJlVYKDJXIGgHJETwuklKxJrbrJCKTX+oQGYG5ztFqjGHvb26QTLUjDOw79Yv21K+cCZg5L9y6YR52sNSqxI2l3GEfb2xLKtE+saee5Evl/UT1Ht4o2CVlASP5SI8Jb/UNS67bUujSQnE4+JG3H0c411ThYUPRnPw91Jcz5Q46C6ualj1jv9KamQ3OBiMu6FGSvr3UifTENQ82VtmkD8NWJjNDmwnLuE4zCYXAXBYtHGF9vLMaOOKhbfs7tkAgEAgEAoFg+8I6Np1LNfLHBv5eqD2pzh8bymPJrwtoUsJF9YF80Fmu3w79oZ5mPXbI99VTkp9Vv9QfxvV1BKH9FclBWeqlfoH1PIceztV7R0hPPVy2h3P1oTw39Bf75VTePoAA2K1ECAisEJRjA81/bqFQMCSbaW8cZs6ONJIAXfS892o5HgJNWk2FwMCERERTre0jVylE0NoG9BHtIEXERKyRFKHWasoECBUiklLIZNZLNM9pxQSsEBgRlDWVTY5VW4ZgcM2NJwho9C5OyyCCWY1xgRzhQh2LfZy/a8hAzO+wLqUVDbc92cHSx2xHMxCEQzlCL5aOUksEYVYsDRaM5n+nMZH+lGJcKNZw6o6LDT3AGczunm8RO9jKihSyaLZZleXUW+qznUapetfk9HXmdZyNIwzvq2Hz9L2E4Sa3op0Q62gbNiwpSaMB7Z0SOJmiS31NIc9QeoM6TnQuyLFx4pr712T2CgQCgUAgEAgE6wFHZOT9uhgsJIWz+aWhUz7Ij5Prt7f/GUfyq4+lR+qlPqk3BKFBmoFU6qV+c+vTvS3yvDQ7LWnW9CcxMDIyhrGIAOZ5iDZhqKMWglbGLZgcsY0gJJ9t1K1fSEzIDASIxIBaawBUSpHSGhiBCRVrpC1kpVhpQkSlgZAJWBMrBUyskdHGMTIAI5kUo6iU4VHBUppupUYEZPtkNeygrQ9WVTSGm5ApP1r+gBbq+hwVm+jg6z+kkTO0xLF1soOd+lM9Wdd/SWFLCr5S8tJ2BjFa9ql9xNLVGSOFLUlHAUApFUYZElE67CUDFkqQFBigbYXNun4HWVuaNj1paSdtXkBhf1E0+f5tOCXmRPZ9iNyYo3uZZkYs/HoMTn1/2DwOgW3leGsjg41nPwBEQ1dnYljZZLPntLDXvfQF9pC6vr2UHlVpdtnO+/9s2JZ3coFAIBAIBALBdoH3rELiX432dsq3+GlL5ax8fz+z1Ev9JtWHBCEnW6mX+s2tT/d26OG0vnadjGYnu3ScFShC53ZDYEBmt2UGZFRos3UimNC8Qr6r8BjMq/4cOpj81nB0FVSsmIm0sQlRKWUdgKimSgNtWeKlQoWKSBMqhYqBIxAxIhMQgkIgZmS7UCGHLIjJmtjihm5yhGCiLDujx8bF/ORKiXzaBpghMq+0K9xy4jgudRGq7cwy2hkd2MIsppWjs279owk9X1iyJ9SwUB49HdKVuJVHOcbsOpEtMtsSJe6hv4ZOsj8avzTWqv9dpYSh0beLvkzmgRux4lTciMdKGu2HzOPG/K3w2mw5BcXYcW5N08vF+3lDqlnTGZ/aB2s1+QUCgUAgEAgEggK8ZxUT/2oU79EpD8AUvWvovq0X5PN+XRzRPyz1Ur8+9X4NwmwElWxlu7lbWNe5DYg2i6hCpOYr+faDiSYgAGD7zj4jIIS+pvgtdvb/s1PBVpOJTwQEZCIEJNRKIyExKQIEpRUDV+jIQmuaQqyQKtRaodJKIVWIhEohaeOhUsokL2VEQjarKRIzMio2ixEyMGPoIQvcYcwmn2jAetoB8sm+Nwcb4b1NsSAvYRqfl42kSWk/7wovyfdkB9s9uYO45zB+sZPbgByhmGVDwxiaqBxFEGa7SM1eqMM3PKjt51ne9nTgSoB18pP4Il0EgT1bxs7FnnejG2e+ZFbzxklgbdIvI5g3lpooBXnPP8jZluHUamk47qi1PDUaN+RhShtHKHchgUAgEAgEAoGgCQy+2kee3uzebE27nnb5jEe3R41sZbt524l5uxfA/jiVspQ3pQwdMjBQvncZZm0LZrVB+9kkB0W3w9YhAKNJdG06a3BnJv8oGrlmQipgYGWTeVr5OojQZvk0r/ITayTDTCpGRJxWU0AAzYhASjECYjVVlVIa9VRhpUiBVshTRERCVGDXIGREJmRSrIhZIZMhCAHAcYTEqFhFcRthSjqGKDJyI5m2wxlRjEv/AL6QDkxbpUxeGk3Y0l2f+KT2zKKhhWGhM1dqf7d4FM2WNjERhC2qSn750X3N67PAWz/wIINXGBa5UMx3yrjP3bjPtZCt6RztQdF+nQT20KGYnz40jzfzak5mb35+9jIyfI0ge2gjzeTsBDBfXGL9pdDwLHqPbSllAmIr7Vq/BjzGMLS/DtKQdK9u9VUbDHA0H5b8QsZG3dsFAoFAIBAIBIcPvE8VobEek32/Oleu5VvLGf25curjbe9rjXzmUpbyoPIkerFbylLelDJ3yEA0t7vke5d5WL9BNVvaA8As1GccfcQmiagywXRcTYCJgczSg0YfApNZoI8BUQHU3dUwLjMTLOi6T31sNuknIQMwIypdUaW1BmQkVFSZtKJMRESEmkhrXQFo0ycCqomhSAx1QQDENlqQAExGRA7TnKYerpBPclUKmv6y5SOkajolxaEWoj1iL1sZLmDWn+pLOUJzzkLPbGeu11IgY0kynMCdGf+yGUTTGETP/NkVQwtZLk0EYRRlmF3mMKxcEFbLn414xc2f3HJbonlbQ/saWRlzDleJApktEC1i8dtv0cvkg3mOxQX7HHVUTm8+8+gfam1PsVE6XULg72DCz31/seMPkA0BDzswX8/87T3UtpzI5sP8picQCAQCgUAgWG80fKoQ+2DDb98Z+cWUl9mXlKW8vHK6BqGUpbw9ytBDZgVlJDakHyMhggJgv+wgASjFZNYddJGKlmlzawsaFtA+CtlkK2XrgyRARsfLAfhlFW2InqE3rQ4jiUyEejpFAJPvlECrSQVETJr0lAAJp4TKuKs0a8XTihEYgIyHThGRQk2MyMigmVijAlSIlX1+IoNCRAWARIAICgGVST2qXNAkuJtTzIUoVQpAhP7urZShmQf9GaY1QUQmDR2ELH2VhozUZJUX8zGCzDUZGPo9TWZad+oNJ4FGVdAk7Ld5Xfl8d8ho2XT3PRHrENxGwG1MRoa7XGRr2AOnJzgdyTj00P+Hbi+bAket3NCFttnYI0BEpUyi3pD5aCc/Svzlkum9kAAepfc+GgKZjosyZGdLNrvKGe2drVleV5O6C5gI6DpUDKdbY0cQxh125K9S87rJEDPTSMEhreeYKll+JVsO5ZMTnQ7F3GgdwJQQinal9+2Wt1hS+7Px0O017dOJW2d1Rr+bXumhFXpxN87uV3Tylvhrwymq2dnwTSmv3y4CXT6snldAPPhZDVxvjDHRUWYf0z0viqJA0L1NJ9EUXO1rHwKBQCAQCAQCQSt6+lpxoPw85WX2JWUpL6+sAPyvVNnKdjttYQ1syG2N05UBbZSd4TQ4+PN+NUQwzAYCADCadQiBQ68XMAAjhtXGixi6fbxfzzinGMMgPxMqSFpr0gZTrafT6Zaebmk91VoTaaIpEzEzMRETkTaNmDRrIk1M2u4xYGKm2hJ2lpOJhfSsh7ez4acK3aOhV3QeZ9Zh6wgbZfRCtCz15/2zGM77LEHRbOcsQ3BRFeh6ykgHsuAuFNcxehdo4BHG0Kjg8rKrgYa7XE19SNB03/fJqYhGSajcpAbuACjlSkG/qJTyO7CuS4nqlvSnWZpBECGkGIMZNgNmbpjT1aC7+isPL76S2sbf5s6LtZzS85rUTmQu48WUaILMqKTjjtTE7AGXDeXua1PwhaqILj5yAFq6qol9hnluEH1yXCcWcZd1AoFAIBAIBALBGmJxnt6x9MhWtttkq5p+eNnKdttsYQQ9ML5tLr+opedM/JR1zTIDkyUTbGQUB8wJgkPiHvJxVEUPUOAisjlGzX9mq7U2W621njrorel0qmmqaWo4QKOGAnjG0NOH3ACQ5QI5ZATdTi8f7nJ2cnwcvibcVcpimmL94/zGQpZS7T9QLShRUGF9JnbHcWMZwi89JwhgYlwLJyxg0xzr1ugCICb4Smc+PxTpEPnWLQceE331ocf1ENB+Id/nthkuMGAJlacGc512cISCTsjQbSKiqyCqjISzd8I5b4xzovimRflaHjpRV3uAJYx+uSWHub6Xc+ZB0/vWPdvZ9A8ggUAgEAgEAoFg/ZF6U13Ewyi+3DE8xnkL18EfLlvZDt5OvP9WtrJd9JZXqq1DnnP10EuSs20LPXqwyf0ZJLtiIISqFjAXqWMU0wAmRxlysDXNOBSr6wGYGRHIBkpZEBEiaq0BUAFpIKWISJOuzBqEZslCDyNfa/VWEINCy3OyDxhkYgYGk1HUGMBsqhkAARXYJI7EJkoSFDeszsDXdyZ7bKnsuXdDEQ6dL4e3/xLMrEhlUuav5Neu0xd6jydilCTRnX2bGNQrLNnWTArqP7Bv2dhpEunaHLwAGbeoHYn8UbhKa0xQbskuGw5yeFto9BrY4m4vdjlG08o0V8CM0Mgm6q7rqqrCRKMR1ZHNPhpeGu2nPntc7eh1vpaFOVftKt065tE5P9IEt5HA0PX2ShfvkuENy15TQ8c8WoOwpCq6E46V/7ZkUrtA5314bItWBn9rSw8pPAU89iFHjwbOPQmchQC9E4qOBX8PL+0qtUorV36bEggEAoFAIBAIxkXGm1ry6KbyBQ2L3hYtlK1s135rIghBtrKVbWYL2XqeR6cNI4pWd7IMCUJYZwXYkolMje6tbUFuUicNHKqGWktN8NmQQXYJRt1HYiBEBjDhgNpnHiXzR7aViwAM/gtMsjKNfKeNsEJvT2pnMCSYZV8imZYmnZBwqywizikNUCs1bI+DCZXYLUKoMxDOROaFxtRliLss9diCqHmotaQkOt6w3kz79h6zyMYFhpVhBKFqJh2NzMjWpye0Bf1nS1Y4uketp+d64y78eQxOT+7anpf+iIjAUrBgtm3LBbI0dF5ufm/47BxE3o8SOD4aljLIyz/qtKO1pX437JYnEAgEAoFAIDiMkXpToeRrtQ7GsJ7zkgveFi2UrWzXfisRhLJd3nZbRhBCqW1XBCEAIANjnRDRvV3PtYB7vvh6tDlKjY+JwfNwAICGi/PrDXLoC/YWMJsKbtoCfu1A86dYEymNWukpKoWgUCmcKkRliB2FilAppYgIgRCJgAAAUaXrIDY9m8wMyCapKmOdHxVT6sU3LwarFT52YuPogVEwJ8cQFTgX2Bo2iCo4yv2ZvSpMXGHOzFwXgaZQG4axhcnMyamOdqUy8QXTbMtRhTuG+kLj+hCiq6+2MAg8RBNcYvYGDVoiTvzeLLMehiqWDmUsbNzFlYuXhcWP02hoDyLsRDQt14VP6oeWQKvsU6OFMtysAxesAzqTHMyjuWVOZkP8M8Icv3jWfJ4IBAKBQCAQCARriow3teTRLcgvfysRhLLd3K0yK35l+UOpl/p1ri9tx+wXuuVhoP5oERiTzBAZ6/qa8YN6vUJvEDMQI5sEimQTdTZW+as7i9+jtwm+OIVfU1BrPdVTraeaNLEmmk5pOtVmq7Weaj01OUft1hZMfKFfmDAKKeRmemNwZYYeoYQhskFOPYMwespvY8wTPNTC3WalGW0EbCxv/+zygakAhvWu4E+Z3TblMUgKaiuhKR+FxyUBc8r9+Y9+KcPmsoFJGFZzy8FBhO2LUXqIjt3H8MkcGRYefqok/ZiVjARWjkGhqAtF4VrYsLvEbCFT24AqaDmEUtx56cxmr/E1xDrbNhvW9ogy35bSfAjz6R+0t73f3LxF4OCvKCYQCAQCgUAgEKwXUv8qlPyuBfnl+6uH+oelXurXp95GEJZYbqmX+hHreVT9LRGBs+jPRQEaxPXc0BO27XW8nnKweuwabAwAzAjErFzHFAYmGXLNlW3sYSPpmIvYi8iSeHE+t89HjRCRCQQ0BKHNYUiaSCEqxZotE6mZiYk0alRIrIkUkVJKM5u10IgZCRiBFCsiQlQhO+gXWmOzRJyNIJwr79UMfq6hidrWEKWlswb5K9tXbQzF2sIE50NEWXnHJQfMXNqEW6cM2sspo7yWSWxowB1y5xBlw1jt8ooQTDNunLLmuoMYNrc1wQKGnIQCh8utKaU6l15LYwrHPY+lFSv7xriMinBw2q+RkoAbovluTAuAhH5GiEKZB63lthFHml0xcTvh8InaXMMjbbkBCgQCgUAgEAgEK0fWc+t/pjf2FuTbt4vwe5fKM+vPH+/C7Jf6w7le1iCUrWzLW+iWGZpjOoKNL3J/tUawRfQJOMFmEAUwPIqvJ2ACYBO1hc38jLmUUybisBYI1yPUdqFBv9ygyTpqN2TDCq08ZFcYZLOYoVuqkGqCMFi/0MY+MjMDAZDZmkGKXpAPow9TtL/F3+JRXeYaRauFH8D+x9spXIpas83roDoTR4jBRG7IZ0MZLMOdRBBmYuaC6D5TUL4awUbaoo1XdFYw2MvE98DAjOFfeph17K8LgLTBfeD2sRcyWXgj5s/tsm8H5EMbw9BBbyAqBPNR1fWme1CISqFSqkKlUFWoKkBVindcSWhUMZ9q4fLsad5SLl5DE3JzXvf/G8mIOGKpTfNGrP5oEL47Etk5Tyhkun5qqesFxYTNiZ4mrdzOsbDY2xGu5qbnsZLTtP2IZIFAIBAIBALBYYgB3teC/PK3Q/3DspXt+mxlDULZLm8raxAC2CeGLToFaF+FYQaXdxMbAq4eGHw8BJpVC5kNOYGAtVgbGFwYnxUNfViGI6yqMKBwSlRpPVVQaaWVmgKbpQcVUYWoCRUCIWoiREQGZZKfKjBEoApdnMzu0Jj9LkZ2wZBx4E4YaNUSRdFnkcL8YIwdTbUOSCOoOknWQYOQDZvz2/pcu1dSgoA/YxJgaZnBpt7sSWzUBDx5aEZA8TlbWrvrPHh0R+S75eZeZncNO2MaUU2+AzZt0cQUJuQZBOykOyhmsPWM4BK31h37O0tAHbnDXdpya5HC1V5TiDgiP+d0wqgDJojBSdjubErml1naUp3ZrgcJb4+H1+JGG7tv7UvFGsYRCgQCgUAgEAgE64mMN7Xk0S3IL39btFC2sl377SRIhiZb2fbfQi/J5uziARqgRY/fy109NnuHlr3AobaA3eCkL4bIEm70C4ElwLFt4B4ZTo3rB+uiXXEQKwDLB3DB4Y0BJQEu3qokanQ7rggA/ZKAwS5EJNJaq0pNiSrzkfSUUBFOtVaIiJXSCrVSJh8p2dAnIFRIhArtGBl2EJiBmBHQESiOM4mDJBAgyDiaTZyYTVoYHtcMqRS3jZs1QkvCvfSQOwehXcCEaNSnzFUPUhKoK/YSFRjtxDLzP2pY99XsdOaTjU4VY3CpRn2F0pynyvw1mqW9zbXggyMb3Endc6IrRn35dIQUj4T2aN3O2dWuYQZzwhHI7N6oS37R96hNvwcOio32hfYZO5JpfdESJhje99aHhh8RXLiFjaE5+Lo1E/rcuIYqFI5QIBAIBAKBQCDoRMpWYMOrbKUAEJCRc/7haIttHuNRthj7vWUr243ZToJoJNnKtv+WF6yhey+DJwRGt9lJ2v9b9DAD2lUEk72BNz+Qd85/dLk2gU0GQVCADKABgIGAWZNSCiv07i2jxTo32aTNUm4tPx8YXCfUSiMhOCQpLVVnY8uICJw7jMhmA3U6ARBQKQYm0hq3Kq6ISKNWpKCymn1opOmUmBEYzdKIiit7+FyftoDbc+GD/hBrxOkrW5fEC9c7jDSkSFd0y4qVsIb+2XY6JDs4HqkzGlLiynVhlJSYJ58tM9s2bBidzSDVJoQCYULOsBenxf9n55bCmi5vHE4yNmlNG3zgo9Ob8qzOFEJ7K3BHF1jK/rICUEo1m7tAQNsXo/m6C+Y6d2IMNpqQ/cfG4IO7or3+KK7U1JdyPM42tzuZyHQ9xZ4N2/sqCaQvGaQNs/ZkzVihZ785PjX7W5IpKel8wSLoZUbKsHhFJKcgfUjNPLwteURLe5dw924n88w12JnJuV3hkufk/N2ZAGl/162nRzMmu6t3DFMgtPbHNmm5vW13nHQfv12/5BI8OiOb+2DE2132BtXyKG+/iuN+ccysyAKBQCAQCAQCwfxwvpeGTxXrGgjrgxfG6xrnzw3qEwYEA8nMtuEAyuxN6/PyszIvsTZhcGS7sO2k/pGIwc9DKUt5lDI36nkkPb7MQ/RwWY81r1Af98WxjHPYZmzO6HRKIr4+YAERERQAmerakWOeB8zEBJbMs+k5LU1gaBtVSh8KnjxwuxDtynCGS2Bms6AZEU31FFExA7Ndb20LDpGaUEWVqpiJWRNVzKxJg7VMEysEBDJ9EREhuuyjChAUESlD4AQ5GGsfFnekgkyOJf7ovWYtJGJJw2YhdKknVGteuBP9KYc+AYid3skoPK7elWs27GT1FB7dI2qt9Je620aXYcHC8BhVKIDgU5I2TmV9vbh3GQI/srmQQ/0RHVsKJx0XEacr0TPLxHKCR0tYk3C3lcdHroqh3GaYbQI3uL00Anth/fZE/1tiS7IEgUAgEAgEAoFg+4ET/y363CORX9flfOvwD2OrT3iMMs7j95aylFdanmSodylLeRPKnlcbRyfn6rks78rcXGMtlGHIvdpinlwI6Ev+0YcADAoBAAlMQCEyuwBBBLe4FgMDEwPagEGjgD1nRHVCQkgQLaZlCQ1iBjJBfMwmyyiC6QAQUSmcIGioUClFTMxERARak1akEBBRExOQRoWISEyKGYAAiNlskZDtaotBZlFEBEa7NCGiORDo4f9qCSXM1qehAJuLbMDNnOxg0gwgmvD1jA9k7GKb4M6guTix+WZTfSE0ogA9v8XgFhOMSPNZ3aAp0xxdpPPBRAdn6t3XQoxCE91VZ93B5mC5KVBH65rLIAi2i3oJRhOaHEwUNGxClKIkvUQUsYOjLP8WYhtk9RTMibW6066cI8xi/iFaq0GeGbzGB7IEw4a+NiGvWQgEAoFAIBAIDgc0XUq2jL4m+nnn3wRMfLCN+qRtEEOR8+uGPZZkmuW8fO5Y+pQxqp9Vj5Sl3FmWNQhlO9sWekk2Z5esQWiZTWx6LC2P53z6qEzPZKg0cCkFHbmirBnMAKiUy8jIzAQA7kCs+WBNrMkJx0TY7tFZwwQMDApchKJGVIQVkVmUcKqwmkwmiMDARKRBI6NSVaUqRAVEijQwEiilFCAwEIByCfFqOtO8xR/kNjTji8AAClykaU1pQIKQz0jTTkbllqi4lQe4zJPXsSXp2QjeQ8vwpXnf0DKC9hO6KY5u3qMJS3VxgDWXGJ0pq8DzaebKQAgW+Bue9NUFiYAj29hmo2uonQF16rmm5SlN6DpPDxWb112Ovw/TovqMojl4JeSu62z2yDCC0LuVfWLDNHazlHCyJ1paLf/6Eh/6DJj/NMmwR1haLtNS4tYVInwxcTkN++pP79srHaqh72f0vFGvISkuEAgEAoFAIBD0hKxBKFvZLnM7KWXU5TTXrdRLfV3Dc+vhOfT7aKVB/XJvO138kW3RoseuQciYOS62T4jouKyiOnqqGdBn1u4zTAtbsgyBCZRZzs8k59TMhsOxrAuTpxk9P+hispJ0o+HiTM3MnICARKRQgYscNAlIp9OtSk0AGFERETEBa2SodEXVRCkyyU8JiYH8moLMZlFFE8ZUyPvILj8qBqseNleliiIC69DDMvq4xtbBfcatVOjovbT0NciAlJQaTOY5orG5xGBBMuk62hVaogBpFQFDw2JeXU1WQzQSPrFxuGSgZftyK+3ZFbrcImeNaN3EJN92TnYwqzk6rqjT+XvpiT5kyToQKuNi5fe3bJD3agd5mWd5hjvqDL30WXBu2yEfK7+cjsdVuIgJuf1uZQKBQCAQCASCwxD91yDkwhqEbF97D+ox9gOHaxBm/MM2i1vBz5zjU/LySb8z+ufH0iP1Up/UT8DmLjTw3AZ4DkbqpT5XD73kuVHPnfIl/ZyRD975Durb5jNk9bgknz7aL66P+mqsaOP/S/vlph5nQmXjGBvJAZuKiAENJYCIdXCh8YkRmISgDIzIiAio3F7LAZgkn9FApg6jkIEzWyJWigGYCUAREAEDMycjnaEAACAASURBVGmtmaFSW9PppKoqgB2aNABrYF1NGDSDYqgAGYAYiFgjAzEiE7JCIkRiJmblxynhDAwL4oa64Ovs8758FB2VjaxqUbIp6OMEnM1LiODCBwHjPe7McCMEo/FccctiQngWrDY21Beii6Sto2jRZpSPGIVsGGj3ITRjaIuNw2DIWDAzdvkISHTfLJtknz2uxk2qrgzyrIba6tsMRVGhgTpH77tuEICRzSkxX0c5f9DtHOHME2bbYLUr9m1LpFNutezFtj+tG3GAcQDfQJP7HyLH34OGNYzCCmcY23Ej/BZyctE9WwQCgUAgEAgEgnWCfxPSOzew4TcOgCYnXCwf+5kx56cd1X+Ow/zeUi/1a1Q/af5AlbKUe5azKaCWqj+Y3QuzuRFBmNXDltHKXUcBJVDLu/dTGGtXvlcEjukDVoap8S+8oGUHkb0JjCb5aLdnJ1myjsMUZH5ZMgDWGlQFzKw1KdRVpRUgIBKh1no6nVbVFqLSWpmF5hg0G74SCMBEDWpms5Ah+/glInYhZwyggttOMD51DGQdbBixF0OTcG4KFziWnTM735u0HAJnCULPETZyYZp6k1PU7jIUeWP80c3/nF7LGda7uGlVydq2I0oKXQ0iQYyurKIxuR78rSlcRTttgY37SS3GCVkVKjSXKjfUmcvZv6nQ5CCDQ2hfpXIR6xGmWMlVKVE1q0KayXb5NmzEg+CwnaLZxZKLwgOHaJ4Bbf6EGv/UDPqKkk0k3vKI7GcwzzdCAoFAIBAIBALBouBeNce4LuuACb0s9f8YfXYfMNsy4xPGRrNYJucHzssn/fYsY1Q/qx4pS7mzPGFusB3NrdRLfakeeslzo54b8jBAP0Mi6QMCm/2W5zPXgTVpv9k1CMN+wjUIObKTYy6htoTDYwkWADPiBMDIGLwH462xa5gZ6hENYeMD41QjqsowAQgKFHctpONTiYa8YFBAAECliAgYpoBVpRErtEylyTWqldJKKUJQSMxEzIYjJCYENAlRmSmKtjRJR+OnOaPNFos2hjNM4ZqYje0OtXRvtmat/MXrYEmaBjA5A73gWWdGiAgqP/Haxr8wFjNki50l32nvfsfKHIieSm0iXVmzziII5kZi4guLF3t90wyUYDMZabg8YWpAephD/eOlAz9sWZDlY31i9VZFCkYzOTJpHe69EUY8ZWtxlYU/MAqj3d/OEY5o+AnvGQI48zLAg9YdTN706pBfl2kgEAgEAoFAIBAMR2ENQoP6RT6waxDm/MORn7mxBmFQP57/HGO/93r686Ve6jP1yq12lKZzk3qpX+t6WEa/0Ese8vWQkzeuf+WBWCGjYkBGhAqVQqVQIWCwxJvLy+gvYkSlglyiCKiUqoy+eHG4iPH04YOmKTe6cSlOyYQxMmkiIgBucoRTrbUm0syaSTNNmaasNRExsU0XWt9wGA0PyADsco0yMzChX6owmwG1JdoJg9FI93aipHzJwCYGtQ3XlosqQ/3z2JbtNCpEktaAZGjd+efQctPAhscyAxG7TMAtSzOGNUZt+qcA/Z+hoE0BAPv9mUlb/4Unq/foNRRmDQZgQELF9g8ZkAAJgCkHZrNlwHjyhOb5nZHZoVhwB0JfyEq2zId0eoQn1zfpswTmMrEO1/56YubbkUd6Uwrrx7BxAEoHsnxLOEGfJn00r8kBtoPdX3+xeSZhWxeYJDhtrZ8Tpbt0eJX1nxKlm7NAIBAIBAKBQLAd0e6/bXhre/mHoVC/Bv5tqZf6lderZvZB2cp2Y7awjF6glyQMsND45kFZdg8RGRVYZ49z3JsrlBmYgBgMe+iyMxqCgBmMT8nE7gE3ogebtB/6mHlzFwgftgaOLKhQVaYXBARQzEyaDCGoaWo4QcsMsqf6LG/h/vNshqnQRJqImF0rsNGEjYEOCmN9lch60NKaTUSWFxzNBZ/XwQHVzC1yqalOkOOz7CYAO+4wOw16nrI2a4aOSjp5chOp1bBeNiNEvdj/TR5R30VQ9qWMo9kUlBOEpLmHpwPTvemh+fKgayf8rpGe1pVfhuPebdYW4Tgv4ZBLXfhbU/hUWrQxJazJqW83Y02MHBHmLp+r7N98G2LocaW3a4FAIBAIBAKBYJtigLe2l3+4W6dsZXv4bpWjDAJvnpSlvAllWEJfAL3kIV8POfmqmlRVhapyDKECUMAIhMBmoUFGYmXSfTIzExAZ7sCFQDX4IEvSMTcjlQAgWNoHwYUgcvi89WY1OAMXNkXELm7JpCTUmra0nmq9pbUhC01A09RQgFGoEzMR+ASk2tWDNZvtw5m9jQiANnrMhJKFkWTpVwV/nLyiZXSKtq0OdjIOaeFmjR/9rAbO/ZHJkuvPVaQXzLlhbkaGgJuZlub2hLVbYBNLB4JWZagnCNJTjtque+LGIdbTJqM2e8TYItCBqCOs/w/twbDKHz4iKl+Nql6h0Y8KxqubonmrIBNYqBS4i9wObHDV24hlzyZ6v3OX9zkbvZqVzOpZ/LXTpn97+NZ7jv8MOhca7ee/fi45ptD3tZJT7zttZ3dGMXKdHkzov3r0OZ6GTPf6yr20NkdywKhyjy8W6zTUs4LTx5JAIBAIBAKBQLAG6PDZQljfyz/crVPKUj58yxP/C5ct8SBlKfcpcy95bpGBAfpjPTX5FdRzt81ckrfLpmVsCxn1jG3pOESepbjtZLLD0HqaCBmRGIFcRKAhxwgAELkC0P5gnWsLGUBhwzNlkm2TIUhQKbQEHDMCmlAkhYqZgXXkUPZuymjpIwZkYmJCJFWxXQaRSWtthr7SWFWVIfKmeopYoaq01qhAIbEiQGJLIBGiMvyiC1k22UsBKtebZWMUIDDYBRGVUmaZRmCuEGubHYXiXan2q4E3v3UhRnSqRkGfVQ97ImzV6Xbs6MK5VqNV5pJWjsROPINubtST2C/gCQjA9eUXJoQDAETlVDi+0aZhR5/qmoERVH26sObGsCbBMkw2+GSkLreukbNlt3olA7jZYXayZz0dnxwPS1xVH1cd1OeP049JafijvRh0HvTAaWUwkJH+eqnC2IcetKwla9oXzbl0pyBgldCRk+bar29UGPYSHabPYNw5RbMXQiYB8kBkZ75XmBv2WCYypl1mpei4jfglP6M56e/q6bmLmve1o9Aw20uW5Zq5607D0ny2WQPah6Jkm3kGjWVw8O0709cgI0ut0ud72mNYP/S4ZpkzhftcsWGnQmtJZ4u6+0bbHkfgvxRmH45Z4dLHLMKRz86HFp64NElKl2HXAwtNvupOmwUCgUAgEAgEgmWDzXfV2q+LDR+v+94OCJj6h+sy+jKgryjoHFjGcl9r4beXspQHlNM1CKUs5c0owzL6gl7ykK+HnDyif7cFEWxyUYXKrCpYIU5UNVFqoiqlqkqZSEPDhyC6p6R3YHFuvbfQR+wL6S6vIQQRkSYmMs4lZiAibZYXZEJkRAZgrfVUb2naItLMpElrPdV6ajOIArDPL8qaXIyjJQLdaj9R3rkgbjD5WrBejnuLdGz7e3VHQSfXEhozxLDMcZkOLfnq56JdTK9hUlCG4OSar252d+TIbjmGPB3FjWNnZjJqfPhrPZHMpCIGs7ZfvouuUJUVIJxdLeV8W45PfeMG1ETaqb9npQ19OVzCMGtGem8Zb2xi/Rn7e8z29WYHV4/SSPYf4UWjxI2tg21LQ/ZK7zMIM0z4w2pgx0J6pwq/v7Xfx+bsog/knAoEAoFAIBAI1hXtPlsY7B/u1illKR++ZVmDULabut3QNQgbXmxLDLo0f84phPbBxc5ND3U9MrgFCI1Gt6Rf+BitWbaePvqIJWTzpg4ie/ZvOnU0oYlHIiJNWvtlCF1aUWNevT4h10lH2XcUdR1+6pks1A1lR7zg4mBupYtT3l9/OIC+zIjsb/apNvZfj+wnrjPLNgwJAtcQLf/m6hsNfEBnZA/6XWzJ7Nw0CItuStf8sVfL7I/Lnnsv5iaeb+ajctkt0MmM6cVijwChjmRN0qUuAtgFLxY16dbpbhou6SiYhQmV2xWW3X3I3ogiA0qGtdR4Y7K3nZZbkGAoWibD6IzsIijeUTC6Vek1OC4WR5l7dN4l5lQ+bHyQBz6jl3cTboe7fc6F+okcfP8Z8ewvei4JBAKBQCAQCASrwwBvraxBKFvZzrlVAWcoW9lu0haW0Qv0koQBFjqHvPPLNwJx7PPK8WsEQMAuu6ALSmT7rPTXsXvKMTR3crQoYH1UwfPWKAk/+oqa4NNaT6daa61NktKG8oiBNIwM+ebMZLhCqEWyqC3v6xlcvQ9xoYhOVn/0GBT0aSgR4wRjAUeI6Yp5bqnCqAGWOcLYMP/8Cc59w2QzG8J40nCbP8BGHKNPsmkZMUC/bZJYQY+tw7UCtJ/9lr3+7hM68kMuMKxXQY0K/iLmL1Q+M3eyhoPssc62tWPmu8QMGDRKyzSs3YDNPbkzIzv4qxiHoT1y68dloDFKA6fw+sy09Jve6mwRCAQCgUAgEAhmwwBvbS//cLdO2cr28N0GaxDKVrYDtrxgDd17Ia5PZzK36uR+kpzIJHshrw1ybW1wDyEosy6gWeoP3bI0zGzC9NgsLMhQe6nQcDHsPlj48XArKToCz5AvISEQLn5T8hnZt/eJzTpxRhUiNhX6Hhv8DoNL9uiSiILZi1aaiFSVCSmI34JHSAVsr3nw/C/790erJeN3NLp3z9vffiDBgnTY7qu1ZwfjSdlmv1kYL5UxkYpufTVbZ7LDYz0NnP7IDr8kJWaPUrnllrTW0bHPvHjkqhCtPxeOoTn80hENWnss7cL3m1XihdO18VaIlRuwIGTP71gzuXOelPau8DryN4fNupZHmaJdN/PteQmMi3lGqb1teHZmWP1xhrbtC75GN+eNu14EAoFAIBAIBIcBmBkAay+ucXe6Gqx9s5j6h5NW0Ypr6d7sFoftLWpr19N/O5Ye2co22U6W6VUXCDYNM9BOHU0qpQhAKWAis5iuYmRGAgANbB4p6PQwu7JVDQyIDI1gLK7dRghENV8X5QB0TA+lZE/oLWJmTcRuJTPLKwaLjRGRUsrcQUxYoVJUAZjeSRMhsYq78MotkJgbLirrqIIkoA1iuijiHiyJhRzlxxwFC6LoRkHJqeerE6tttKAbJwRUWQ0Eysw0T7H5WZ0dCL+fwSgkc07YEdxswwzRzmi7RDQCA7HrLEz2CciOcXRT0Xyhs2p8z+FQ+GtlSuR3+9FAROK6zHaN6ubkR8NDrv652GfKRc7iaK56Js+LNTjXwH2clonq9RojUjbSU7LT3CLmcYV3HnvWgODjgH4XZ+daYbZjjKLMhUsYC4uecuvD0PfA+luYQefApjcW/32s/R2aFt6u/dWW6BWNTTj1AoFAIBAIBAJBFmk6qyiYYOjeUmVJps/HbE2pcpS9fSC/2QWDMdnQn+WCVWP+adOuYYa9aSX3/thnV9bv3LOyLiilLA2IioAN20dMipERCEwyRCBQyC5k0HIWsXc+dtOHCRmDDIONA7MrCCZDFR2/hQ0crFwDn1YUEU32UE1TrSdVpZk1MxETcZ10NDOyTrNZEC6N+QgXkmvxRHNI7Czs8RfGoK3Q0Zb1IfYxKTrXPQfJLfbXixltitWnhN2ERcf8NWIEre/SMoWMZqa7IzI8Jvv27N4Owzqk1vCRgZ2pkxQbNnGaGZMtC58Eya3661T/ydbK1nREFJWi/dqTiIZ0fh/bFn3t9GEre+oJP24/x/rQI9rEESgRLdsY2fdmsgKCdixhoMrv9DRukp3ntKVtZ31PkwQCgUAgEAgEglWj/dtsR5qrkZoIBIcL6gjC0JUsZSlLGcCSCt3ywUPGBO2kO7y8XfqLkRUoQ3soIKWICJVCIuUiBNnHP2GdpLPp87eUoCUcAZmBzabmB9MYApuqERI4esaRMlCzL+F6hiY9o19h0FaSrkgjVKwcWclAzD40icFtPUcIqpAFK/2Yy5doKKMlZvtcrac1G4vQZVJ9rtHPJCi+9OR5PlNl+DOM55xXgaGMYfEs8xcotUGxDEE9BxwfQE4G2Uw+BAYXImrCENFyw87SICSxth2d3cH08DlQEfyUy7nTwwFZFdJQv+FtY3Ium5K0hSM0TXwoYSrQnrzOc/zCT2w0spTb+p9WSZy4URg6l9Z67rVgaABuT+Hs9bjmV6hAIBAIBAKBQNAFDJxIiOHr4i7LqC0HmaUCny0GvhBIyrYttMmkOoGDNFuhbYmvOLQTknK7n7m9bZ9yDz+2lKXcLNcRhOFvSSlLuavMc+vhVpl2/dm2nMhHc5vL8lzWz0mRY50Q9cUQfEjbGt5CGX4PERiUUlVVWQkEzQTAaFb0A89VcLA1Ou3ekhcpPRDHqSkAZtZBLkpvPwfL+9aOfiJCxw5WVRXGCAKwZQiVVsg+dowsWUkKCEF5jpCA0SW5zPvL0OSUNH9DqJpkacMlIJtAbEFIF5yLFoTLOgprXqcey4jp8efat3FEIDdWFmzK1NGC4BalNKeAfU/IgQA6Stt+zzORhQodBYkAoLwIW8MM00c+fjAMp8U6Gy82apBzPmSsL9VygFw9BCtFc6nFuGzQQtEFj/kM15hdgCq8GD1zr5Sqo4GTMM30DpOSiGHy0hHHpxQ0EwiM0Mn8KjYXLQTD+nAPM1OVnYtoLgjjDt1QbeGdZLZssWOf+k5tJYFxzFg+1Z3mS89aNX8va3WdCgQCgUAgEAgEw+HffDYfwlfMwb8kHskAtJQx+o6c6BxY7tuvlKW8AeUJQMkTWlpKTeql/vCpT/d26okEYnmbOBRAAbJ95URVSjERI7JSU62ZiZmJicOr03uVavolZDPsYoEu/o9zkXn51WtCX5VbhQ2VAgCVOqr8kmYmtEhZETaZRRGBEUyOSkctMiEblsHwocNdksAwiytzJVjaGl0R2dN0dA7InOC/c5WciVHomO89KxPlho1SlWYX94vMNtOYVUSDxaFv2QGpdzm+EnLGh+Rmeoxrgoj67fQat1PFLUtehZGFKQUYLkZYGqhsxuNN9E03D20Tj2BMdCZ5XvklU7o6Rkk5u0FYWrjkYTKeIyIi6qLb71gXUeFVMIFAIBAIBAKBYKORrkEY+VfTclTDTSUlPVF9uosTS6As38dv3O5nxkL9WPqlXuoz9RO3Lwupl/pSfancX0+6t7/+rAYuF9o/cmEXJ2I97YwKoX67pKCyEVQmnA4qVXHFzExaV0oxM5FGGyuPiMgIhjVkCDkDFQRTgcvkCZCj06LQAeeZQk+W1HkFAW1SU2w0dwpI6ynihJmINDNr0oCVUmwWICQiUmQTijKbQEhnGhMxKkabhTQYO8so2JSYjaAlgAaD5Y7NMEkL9YouYgmfllWIfLc5S/JNrIXsvrIwIyJxHWEXqLBqakLRS7igz7RR4nyEKA69hYm0awtaUxv1iUfbxpTWk5lsqlJ/tsPgxGgQUg+szdCL9RE1xaKpBDb3KgKCKrGrS6ZD2nnBFkog4AKNpD/j/vL3kimXbCdSmkYym4w0MilL2BQjtWfCQh3fpWjgbLrX7OAsGSUb+pPKWVVD27bL9D9lQ6Ox55kMLe9DzKxzFPQhjfoMVGfaSf8gCOt7zpx2LOFyCN9HmafT7FsUUU+1rP2/fuoxQHD/TN5+cu/D9Hjoz47u12UKkkMvT4FAIBAIBAKBYLnIflMNvn7nyy1KsODX7exU6qV++9dPCnSiQCCAMt8+e5OqqowEgV8IDQGh4ooUIWlERKrza9uEn+x4RkeXsUuXHfB+NoOij7cLEwaG7KCzxb8jA1Egka8Plgy0FjheUJkFCJlZa41KE5AlCA1H6KIRzUKFnpZxrRQwMDKG5rtDcoSic5XaJJfu4JkjXnDlgSxzIrE//XLTHRHo3aSh/zJkeEMiWSmz16ZwtbtcJ+EMTueM53EBGg+VAg+Enia0hF9TwM1MPxSuRyOGnt9CzgQfQuhP9wSVTbCJbkYl8ikpXvt2F+nJXSbMDSDkaP2tIkgs7DlCPxTsK7MpQ8NyRJulIYzifV5nRFN6/ZcVHIR1CHBcf6QphUfUOSKWFiKZQXC39DW+HL7nlLFuQCT/jGg/ZdvsohYIBAKBQCAQHGZIIwizUYP995YqSzJ9PmZrSpWj7O0D+S0sGIyJzQpofskG7lRTlnqpL9Tz3Hp4Dv2cq+dEvuEKB8saZOU5ZKCa+jmWB87Zybl+OdRvtFVVZbw2UyZiG2gHoAgJEZVCItuQfWcAPgpKRUy/NT0b1e4sCMpE5HOENrQkTZgBkZRSxKS1NrYhojLkkpNkZkByHCKFhCIxIzMjG87SLj3IxEyeiTLyDTrTpkrdhs8zT8Yk6Oahm0F7rlnW98duXeMiAeDJvSj9evMCKFoy4NTErFLoZQ0IpKi+XtyS3WKVEN4rODKi5giBEdAw08BNGjN/RPGxhDzZxvGC6RKDpUSj2Y/xScmV2/nC7HZz2Zr2AKx1wMyjupzTsYThKnWxtvOtk7NZpuXuu0rc43qOXnQbmT98sGenaWVnvuv1QXYN2pZnhEAgEAgEAoFAsCawftSi3xiH+6Ux5zdeQ3+71Ev9Cuon1jMPHAR41GWpl/ptU89d8tBTP7fr8TxQogcYACucoEJiVjwFJjRUBnNVVcwEQMxEYHKQoln+y0XgoUJgcPQJ+tAuG2Ror2mTLZHN4UDkR4v4QuckUkFdRKyaRQRNaCArjkFEgMpkDA0qmQhIMTIhYaOZlwMmZBUmuvQH4OBvXi4mkv1uWGu0uBTjzI1mZ1egAUccYZBZNAsMtqEN5kRjGIyXcw7GoSQ+G225VZZnSofCP4XQMN6g0JR97GBAcQIHtLy13KSVbYYxAgCZIYIwttYpybNTGBbYGuTkg8NcT4orMibrAi41TP3sKRfo61tijNr5wv6rJ64K7XkaO33mKz+oFgPSXRExvBGswCALwxm45ke33ODaPqHnxbeFOt9cySnMh5UPNaxdyTok+F1t7/3nz/rfigUCgUAgEAgEghQugIC9g6vppw39ru28hm8LOT2pfijoSfvtIy/1Ur8Z9eEahLKVrWzn30K7DCICAwIqQEBl0mxql8iRgZUmpahy3B8BI9sl0hyLwQqQatrMqWaXVRE9P8RpJFCUd7QJBKgTQvqorHBRQHt4AUUIAEREZolEu1BiGK3oaRqTdDT8CIx+1PJ+KxcM1jAxI7N4t9coazItzs5GzlXgcJxCqjWsZxdC6CMLS9aFTuSCdzv66GXqVrWP0uY7RQBGtrlPGzQVIiis19T0MwABfepLCDiAZgQiNEN4S6OUHGNjlmU5wj56VoKsC7h/oFKOI2S/EmGqKu0ipWTWmaHJmtd5G1nzI2qZlik72C4zFgbREus/vOOi5coKX+hp53rTXfM9p2ZhBGfCjOc6PfYRb8UbMQNnM7KdMl9zQl0gEAgEAoFAcBjDe1Mx8a9i696sJPSQ6a+tp7xsZbsZW0MQ1r5QKUtZykE53PZsay6tDnkEUKAA2LB/wMAMqBSSQoXISiFXlclOaum22iYGv2KarWRgrxzDHjEMzOrrTcPaT5glG9hxgUTETMDITMyauPr/2fvyPrttI9uqAlu7ZVty4onjbPO+/xd6v1leEsfZrMVSa7Oadd4fhZ0gL+9+W8IZD4MGsREEyKs6PFWqCgERKVRMOZiqw0ZrpCBIPSXKU/YxqR69ZjNwFVMp22lwECtks5HjUE05O9i2+dZixJDMFky1dH17C85p4+LPWqj9T4ZRceQmJ9ZJzv0PJ40sKKtLlCkF40iTC9VqXFmnU+0dM9fli03UwKUJCheMvBtNw5aYcIHFJMZG5vyOtu4j0S2xuUdMg7Dmp84ypPVYyQ5uLHMMfALk623BBT6ajoTP50oPgs4CdnR0dHR0dHR03DZwZo+N5lYuC1Tp3H47rUutdqbtV2V4vt+5sW1Mb2tnvrT2e/oTTEtSLiUxSU/39OeYpkZ+OtLadigcJmWIKPNkyD6sn2N2zFKQOnaSWZgdi1gyWHeDAISJmMDZC8m0VMETIAIdF8YR5SPLvumYiYRzN3SFh9DACwaHqHaZ8BLCENguTui0fare4xlTFXhBlEjjjwXzP+au5VA4uBWSMxy25diD/ccsRGI+RUEc7guhXDbVzIdGooPPraDZHYwbgAA29agRy3FdWToDW11WsC0wUpBOV4RaYEtbd/E0qVIRCDMMSsMFTlryOVT9l2N6keWkXQrmllNzseWq1nh2YVlW+ZUodnqqmqgDXeLR0bytlzP+uUfHbk+SU67h5qxe4Ca6TCRBf/kqbxbOZvXME8sNkMUYPubrL2HjGttYYEFxe+vW7cmmvaOjo6Ojo6Ojo2N/7GXjndpjsXebPd3Tn3RaMuNeP/bjZ32kPc5mR6/Z8sn8LBERS4JjFrOYCZEwC7z30cCpRBMUCwX1nFE9ZIxiyCFiEg6vUVVV1XEcdcKLzL16/dD9a5iggBbkTaBzrFUDAsGjcbwK1eSUlFI4t8zhd9Yrsm79k4nKcdpzKv8zK3UKC10+M9tUKm2iO7YzO5jM2Dpr76vyq7lqTmD4E0Sa52ycbBTQslaNajVmme372+IRkWem5djgBn0rCyOZXstWdvWTLcUmFtbV9FRcigtrksvn1xwd1Vzha6zPB9kIa3BAy36L5zjRVVTDOEg7Z1yx1e47ai/Ha//gaI727Jdw7v6XsGZyZt5uu6D8gXSG1XW8XVO9FDo6Ojo6Ojo6OjouBHvZeGnRWtuP/diPk2NQEFIyBVOW7vk9//PJp8O0Q7PliYgg4pwbnBuMJPQcoekF/bnBiRMRv0eDFsz4ICIOckP2+fbuDId8cPHFWomi2qRISDR5FDulioIeDJeaMTOZJcvrF5PhqeiFMkeiNkorFgrn4+dGZgMXYuTafwgb7YDhSjn+WZ4mY2QzyWCceVPyob0MiDRIZdeb8id22AaZt9BgtalCAQSiWrP2vHQ1rMBwItP+xdWV5dRSyGKdW9el5mcNCgAAIABJREFUdrCageYlT88eyYC7jNkew5cEUT1qCyJ9VeAL+Onxz5mQjpsu31PMHJ5abcKsmV+dPeXkLGNPqu+MTOEUCwt1feFPDBdyjSufpQdksw6CfQaQP1wn/61tI5bfbYsdinOd3riFR9wxsOduPftC6ujo6Ojo6Ojo6NgNR7AD04Ha6fk9/xPMDwpCSpwhZeme3/M/n3w6TDs0W56IiEWciGMRytlB4wadG4ZhuLq6uroanDNGMDJsgSa0piRFIUxEUcipsLWnMaaSVcrsXy2mB5lrysQQamJf/DCQ1w907AbTYW55C+PZ7mIOi0ugBNIAZgbCMxwl0pzP2E+ZQKTh1BrbYqsMV15hW0RapRdkq5WtoLSOLGWcoAbRaklDpgWUFomn++p1Vi5iyutuc42zZy/EINt8InDc2xFImekJiPRRQlzzC4RfkyPMqcRi0V4e9hzb5Vza8tq7nHEeFReyAQ27PkIrHOvGVUti8nbbZSYPNP8bnsrLi/mi1sA+OMiFfDKz0dHR0dHR0dHR8VnhCHZgOlA7Pb/nf4L5koKGmWKjp3v6c03TYhla2w75NE3KEIEgTiyeILzXTWZ2JE5kGIarYbi6urozXF25YQgiQiMAfQX/WjPfklFAlnY5J7lh69v2mK6JvuIzeR8uLlbJWoC5MAUSzxSoxFzEZf+riZIKc0OJp/JkDYdEpG8mg0/jj9RRavaExq/VFvYGiXiIcXIxBqRYTvltihPaGoDNmc4OJpvPaSJ2m3G+FTcWoxvODSAurTxetFRNwcfR1Gplep6Q0olYox6zRn7QQnU2LjDfBfU8I2O6y7NNhngyD7fVIBuXEBUbsKAAq0mIPyiyzDahaLjMyflkyLOV03uCu7DQxZGe2xOl18F72A7rr3HuYZuVYAovydPcu8vcp2uwNPJzL4lzoTknt/cWd3R0dHR0dHR0fA7Yy8ZL8Qdvnr9fmz3d0590eggGPTORoad7+nhpXMAYZtNgYnAr39KI+Vi+Lir5uKwvT1MomJSUmFmc7UgGmNUCC3qWDUwQBhgKUmM5EHwAhgEIAUTqiTgdzbFgUB6GVyKDxcuDVBWqFgqREilKTN59KRFIPRtKzCLCTIDe3CiRMg+mdTTeDsDNzc3VlRAAVfLeH0fVcWAwAaSKUcfRlVqiXF0EJqWRiYiECRZe0dghCbMJtoGyvzSxMzVVg5L7yW9Dnp9XzIs1YQU8cbKFwTeshhrMnFSVNph8hNaFxICSxKnBsvMY3jErFl1G1sMhVp8AERN0nAyPKcSzDI0zZU47iRkMDlS5rWsrzuGCW5fMANklA4jfqGTz4yfVyth+YeuZCQxmYpBfnra+FeJXDodIiUQAM3z8zsi8+70CJoKCiHxFYw4jsxV/Lfpr4JxSjPJd60lV69tpp6tZby4VJipv9ETBQ4F3n7VkTyvGZVnsCM5mNl+69hzK6thzxT/aQMwk9pgp7+mUFE0J+Cbij3j/OC0HubAlm1e6sEnDTVwCtDnug3GB2QCapPjmZ8Waq5jpsWhkTbGFR+I0M5TcOLbZx2/Ma1fjpbMbUay02TJr29k4Y9O5Wvk6mL6eDPkzv3r+1zslfKnjn7lIV7bVyplD1Uj6JwL5Z3UcbXVFB+l9ERL6WbjF7XtcTObkCeCbyx74h8K227mqNbfYdsN0JM2xHf8+dnR0dHR0dHR0dOyI8E+lOVsu5enalkspvamdbdO0UObQfbVs1D3d08dJSyDW0z8Ve7qnP880LZahte2EI03KEBERm4JQWJyTwYlz4pz5GBVxIgOLY3FFrC9jRoJijhIb4QkzDnxdNCRy3n3NpXFeOY41ET2wP2IVAEqes9NcrZUFIsxNtf7THCIiUujoJWuTcsnvYwyAxkqsdVEuqgUNZUPItR4z0rGl8jv3lYGzY5ZbWmDXXdaMbbSVGcWaIW3rQ4k09+TWMimGdRyEK+rZJdIo0tuEtPR9FwjVguLU1IKajlB4naBGx6JIEQiBUfVGddQC4xiyRlVU42uPNe1qhKW44ZIiHVbfuOlV5/nxTlTEYVU+DnIr7mTKMaypU6RzL8XxkeOVy/5BUMkBc9a0EBRacxzbbizoCS3aHvnCJt28HzFJnBobbsehVJVHMvFfPnOwP5Oy8S2wvDK37W79Di1f1iGNPPPYWLq6E66Nva90roHjXMHOv0k2fiRxDDQfzh0dHR0dHR0dHR0Xgr1svHQpduae7unbkpbMtNiP/fhZH2mPs9kxfDNCk7OW4xwbKehExImzkITGDkrIcoEvdBan0DZtHpcnfhbDJJnKh9k2d/pAPpQjqk38HAR5XJQ0+Y+VMX4mIzA042WQkSUcX+Lxgo3sUO+RNKOLKP8TpS1/3kNlHPBOZ/NiG8vsib3tp5MRIt2kUGDtVSCTSmQDQ1ILNupUhaPb0rRCLFThBj4s6zTnwPKSJT2GRASqDzoItbT/c1TYcVS9GXUcx7gWQ0VjGiP7SKqkGrnAKUmZM39+OYYBpAFp5tU0cuhpNkHTq6IWS7XJL+7mlbOGctvYQrNKzAHnD4eQmJRunuXS+/Fc78dG9tQ7QW+7IC2ScoOcHZczkjMif0settkqZ5EZyv878U2Zveq+PE6MpqPmjo6Ojo6Ojo6Ojk8ee9l4adFa24/92I+T45CZMbMjBx+DPb/n75NfnsWB2on52KYdzLdDoTHM5NfjX7ouynuv9xfALGaBT3SeUTUMZrCIwAk7x4OIigAEKMz/nxUnkBcAAyyUWgtEDqDZCIil2PRm+vNpikp8c+mYXQIzM6mayMwXRtR0TZmhjPjwbSf2JXGMBStDxUjyuTOvj9NT+ejmTjVL5uXNS2TVwsYG84tdU3gu9NpW7VQjPIFxNv/gqsFUVpRGKCt53Vab+V2wm790Od4fqUay3Wgn4sL1JjOx+K5D4wirGekWsJpjX2vBtg+A3OyOrE3/d1jKMG97QjXpVRntS5aUo/vT0CIWb3c2FVzU2xXLS8UmP96CZoKYJexd+9OfsvZjW2KOjrN8f7vT/d1qnS9fxRb7dOs+j765LhNxe06p/fSa4PQKiMfm8+22I7+o6qoj9lnY6ycte8BsJyku26iwuZ30QZJV2PLOlnNyYasCk8fXxSPfm8192tHR0dHR0dHR0fFJAshts8GYk+ck+y0XdtcYfMdbOUvbTWa/5WRV5kbLbTszT/KXy/f8nn878odZ+0bP7/mfWT7yv6bUSOTS0GptzhBX2cqYwGL2PraAZBb0SwQEJjAcM4QdswiLiANBiYSgICaIue0MJJ8QK5GQUV4mT9JExtlbUUkkmf6bTBWQwslFv6MZDZsIQTTguaIksTJnkckHtzUXOMFctJVPT8ZYWLxBT/O02JImfbjSfDZX8ag4Lxe4sbUFGdOE5aZ4D/17pMyvqlc3pTJ3TvmGsHgVQIxjlzgqv6h8KEEoK6dwWWJlyDZNVpFADADCRHFdFbKMKL6F3wZI4w+hOvMlh1iyUnaEcR59RZ0G0V9ovF5UPGJARfoew5a9vImqvrYawLls7tVD+AQPooUB5JlBK0vTaQ97Nn8efDrI78KivO8AHa0opZQ+gei4dBzjMTJHTi9j4xru6Ojo6Ojo6OjouHBEU81CTjixFIOnYeblskgrv2h5tZ2ZZ/JpbuRz5fPeD9FOz+/5G/OHqKNgo857uqePlqZDt4ltymO5jGelGvn1+GnddVFRlzkwhiLsiQrPVXh/h+I/elGAZfQuRqEKEYayWHxaYxWFCMxgixQIE1MFusb798s9SAZrvo1dCdkjIdo67WMc4sjMeW2ikYyqzMTsWo+RkjrU4CNSPIUgUrscDIRikGkRe9VREIDNP8m2Q9OSW9FvxzTKt6U5sedYrBxdHGTMQ+Kb2+a+vYyAJqdLg0x0XyKJ84+1yl5NpOobStRZxtDkxkqO8rXJPc7J+lzDAiDMShIIMoOZR5j3VYvezGBi1qiUjV0gNsi+FAAWKsZQ0DPlJkJ9p2Jj1T7ikEK9hE9P/azCVDvYvCv5+o3qw3phT1poiIMLJni7RbsVOzi9wE1VPmsz+hwrNr3RGaN/kQv6ELgwTqWSD867hr49OMMMt55tuzd2wvFf2Grs6Ojo6Ojo6OjoOBG2svfO2WN5S7txT/f0Z5seMgbemIae7uljpXEBY5hNe36hkW9pxHwsXxdlduyyL+PlWISgRCQcCqlRCsrimBVw6uw/wEf6ExWwmi9SEVYOTAnHvWw+SyHEShLMiJyFmkNUU0XzbuDkOJJB0bOgZy1doH4UCNmVfCRzN4rohTQKUOZCkoXwhRy7D5cxG2AvjHCDlW8qbzq9ZDBc0jIR0hQMzVjebWmhpuiyWq3c7D4t0iRcVQn0WLjFXoKeSkahp/8rthD5g5JGyn1axnfOlD6idMoPwzdl+w9p0rxW0Av4IGGveojY1mT4An7ZeskgAAhJFj6vWDDCkk6ECw1ncyqFiI315ErmA56u1epyL8XsW/PlVLDQy84NG/RbmGs5BA1/kH3a5AiznEu5EefFnH7xc/AmerIr2mkacw5+/3Fy3ebJsX62D3hfDvi+/8TYwQv9dKWjo6Ojo6Ojo+OzRwhTM2fLpTxd23IppTe1s22aFsocuq+Wjbqne/o46SH/WDzbiT3d04dIo8jHgdpJ1NS0/Px6xnw7VFFek/y69el15a1mdfOG7OAVTESBkCQRsYJCBBYRcW4YVEcdAVUCoInryl5JXvJI4V0IT2MKM0hto8O0hVaXi6GtNAxF87pxhIFfBEAxHiF5mjDFJozeQYVYPA+J1KJnS4ObSqbQwqJrxsDHFHNQXghnvFTMmV5R+xatxtRoXraMcJWHjxpY+OGcLUMxoqRnapuzinp0La+zvgU7gap2KB/+BxyI6A1DDC00HZDGJuM8K1N1TwN8RS3JSCJiYQYJZZQkIxYwHrv0MppdPpN4hW414MRKllWg4QsCH95Q0gVOg0itwXL5NWeXsbQ4t9kgy4t8uk8P7iJvucCFs1k8ccp6lgHMdd28C8d4rJ0Xc1c0d2s+ef+N8TF2cEfBa5q65Fk9/diWP7PYbSl2UrCjo6Ojo6Ojo+PygdqJFShaPosP66s0hWJIxWfswKXdaqWNetJXT/f0J5Eecp+2Czusp3v6M0+nYyS0lusam5XngyzcYKRbTJCoUfpOxMwizglG50SdQB1UxYmMLjojJU//oNQTeLedDETGsjADxahpBe/BbN4l/YiICFAi5Eqp6PWSiFQJIFUYNei9iqqKQCk1YhMxjVpYD4ryR5LFWOSpActEWvmwF2J3bTR+7UMKrjOuBYeYkT/L6JypwHG+lVh3WlKt4W0HX4xqpkD6EzXlXrmIRPaTq7JUIp8BI/KY2JyFxuVPJt0lI+7izzPJdw2n7RJHIsIsidrzXkaJGCTGRauFJmQQostW9gLZ+EMxbNPJLII1hjakbBeYGDapbsO8+IEwsQ+ZaRphImbZTMavpfqWPXbusLC59C/apEkk810ce8l7RLZS7d5mT4ti12zLEU6vdP9at8qt6MrhzfkdXssBbGQHZ06dgGOY68LyZ8TWW2INvb2+yjKm30MsNIWlC6xqTYr5T4fmGo/7Vw/OFV2U2HRryeVGB672YjzB2g846g3q6Ojo6Ojo6OjouFh4k0L53TZTyx7b5DW4MFDmRpzqH1rN/OB1LVmDG2Um/U7/pYq5Me+WPlQ7Pd3Tk/Swh6qrp3t6UxpFPraqO99OTGNafnk9z7QT/2c5HzPtYK7faZsg5xwnb5+kCmZVExEys+WzZwpFRhERYeccERFUTclHUDI2wiR4iB+/BO0eAiEZNnumvYtvsSDCAjNl/iKRTgX7f/jTXIjG/zSKCJPPycisxHiEJUEYdQnZtCBanHlytnVj90VluNzKZLZRfLmmsR2M8tOBrC6Z1Sk4y2gmbjccPYuiyk/aRIpvFET5YHJAGi4qsBiRZY8Zpm+NOrzYoLn4BJUK3nQVxJk/0bhcJUTR9KEO2f7HSEEwm66Ps47yhZ/AIGb1tyM4wWViJhYWk1bGK4y/PuOrlQPlnlM3c9xYTqStCbN3VPOup/FQWMBjfNPA85ZboIoxmYlom41vNZ58pe3vsPSi2MGp991dW5qjkfblzxbY3OzldUayYTYi60rsQ1/td8sSNooXz4WpLn+3Zra9R+e98JV3tHpCHg8HV3B2dvBzxs3N+O79xw8fPv7yy80vv9zc3Iw3N+Pov/Y79+A6Ojo6OjqOD/tY3wkPgxsGd+fOcOfOcPfu1f17V8Pgzj26jgaiSSW3LIFzg1VWuEq3ik3LT40XPd3Tn2166P9a7OgwLNtTMzplnRlpWgxETM45hiJQEyxgYoaGmHykgLAIi7Bz4uBGBSvEe+MElDOpXuAIY2xRRuAJjatQQtJKedRRx4o/AUB8FLfoApQjrWieRXPCzysbE2OC8hucWLS28sf+I4V0WKJuoeI+TW3rmnU9jmS8y2/tTL+Jh0sy07w+x7qcF2so2AANSrKijcU5z72VBkYq/lbLHH9yVSLICD2p7rV8RhBmXkgzBSyHo12WUZThI6xsAKbsZS9IDAyk+IbIk/I+xKcFPSyiEEZ7m6bemvfXfxgwnZM5TMsciqsoblPOfyLTGobb0JQG5uBpmxs73ZSZn93hki/KN2Z+CcfZ+Du2md3QnAVOt/tgA9wPx7uV/nuA+Y7i02/lbCxT+9NleTmrNGI6yOC7fHmot4kd3AKH3gQrHTXvP0UHfFl03Ap8+PDx+s37N28+vH374ZeP47mH09HR0dHRcU4ANI46jjR9J965cg8e3H348O6jh/fu3r060wA7agSXTlkO1TnxROM3Llf/2/4Zz8s/75stzzc4W3jX3+CzdpaOjkNjuC3/Hu+4lcDCX7u3s5Q93weWRzBn60IrOb2uZstTaRKIRUSD900iYRbHRg8qIOJgokAmZr4RWCRBEIBxHDWJ8gKjpsH1aDTsioiCKRTzfiK991KnNzeKkUUmhssk5TIqxNSBIuKpQYKwMLOqjuPonKtCuOVMj/izQXkVXqy+TYtLGOSMTEIIgq/QVEb9tAPFZYHoCsZCRGwqMgqzYZ/d1ky24MW0LXncw3PdpK9a6jc37cHUWBFvtd+0lo6tMFAmPWjVcWzWlij5edbMa6dvKvzOmrJZMTJfdYOyAfhgzPUIyfuMM2ellOStyfuECHNwnWfkoIgwrB608heaOMQ0RQCYwOZiN/zbQf0GMroxLV0BeeWisfsagw5GfVjmAZWIg+fe0llrzhHG662Xx8Lt29MDZy0JjZ8XUPpFHOWhc/DX4jWhHJhVH2O16mvjyJtLdLerqxpputvN99TJWIpDdTTnY3nn5sMKpykBnG9SyV4i0+rHm8bVLe84gEz/PEvp7TC26jOIufJFztYuMg+ONA/F3kn+zW2VTPfULiM/SHDH3ei0NTNdkPqWM/MRTHodb/oXfLvW6h20w0SdQInecXa8ffvh1at3r16/e//hY8x0ju/fu3P37tXdO1d37rjhahicOGc/mft66Ojo6Oj49GGusMZRb0a9+Xjzyy/jh18+fvjw8d37X375OP7y89uXP78lont3rx5/cf/x4/sPHtw995A/d9ROmQwrfZRw/sHzxlIdHR00RPlIOnpTYM/v+T2/lW/aoY3lZ45OnIKUVGIWs0AUyp4jFBZhjRYiT4sws7DAnCSOY/QRKUTwcQ0zrRVCZLRIexiDEn2GJjLQS6CMIqAQNpBixMOSwgEQqcHYv+8iSgUBVXVipwJPGXguO8sSHJYCTKnxJB1bp6by11v665ua/pvpU6KyWm6K77UFlk2E/s7uw84HughYcvSaGKDqz6nKMCTmFIQEEBWCPF+RJ0xnxvRZjrd1CUVJn6pKZuCubK+J7siXMYFDdK7oytg7AM67DCwYmMGJoU/+crNlGUfpic55FaDRioGqP9Zy3URgrzM8x48LkkF8w1LL52RhPMdX+3EeZjWf6osSGu6ASuy7dztblwkLfneG8jSYe0d0GKpNus2maK+KQw1sQ9/H7GiBXWsLwfcYyxomrysCO3LcjPrixfXLl2/evfe84ODk0aN7jx7ee/Dg7r17XQ/R0dHR0fFZg5mdY+fkDhHdv5Ofev/+49u3H67fvL++fv/+w8f3Hz7+66dX9+9dffXVw6+/fjS42jTRcTIk62twi9a2xzZ5jehmbd7em87O2XV50T486Zd2a2d9/qHa6fk9f5I/xM/MiyNNcnp+z+/5NHN2rnzrKCJQmMaNgrIOTAwhKEFFnHMAdBxHEWE1f6POGWunREQChUJhThCFCGCGRSgMHEoW7C3JsRDfWvE8KAEUXr6Ir16rxexVVZnUxh4smMA7IFXTMEbiLwZLJFgHBRtJgbxcYd1rUgtrTJmnMaWlOV4q07brLWpTth6Jp6wKiqvdSsnPTfITNei1pO1GyobyYk2acE7BRqivNow/cxPBPt90fZGcg1HsIIDMUy77KHlZPMGgmPUx9SQ1GLvnGHux5O2sDe/aVDg8E4QI7OltWItGsxmHWVysiWqZqmUQeFg/xTQpcFoE8rN2vhpuZfi2KHMGu9xce+0trMljEHUVJ9TU7N5GtNbJvjEIm73M/rVUcjec9I6caaOlTwFizppah+p+NynkrcBWOrlthZpxtdgLpKp94i8Mdlu6nVn8xPD+/cdnz18/e35tf14N7ssvHzx+fP/Rw3vnHlpHR0dHR8ctwL17V/fuXT158oiIrt+8f/Xq3c8/v333/uO7f7z8+z9ePn3y6OmTL/qnNmdBYWul3ERZ5BNPrK/x31mL9l6ayV9rH5702x7hJdixe37P35Q/5B5wcntST/d0T+fpdIy2++W6wXKU8k0uKE7E778Qmox80DIwKTtnTkUxDKq4UQxJ0eepNXJwnlXjaMhHxqowZyYvZs/vRMKGWYgIijAwPx5PbDGYIMxqFEuSZxm9EskPAkFVVaGqav0HdtCaDZ5UESbG5oTTH560iacXXSv68zlJGecWc8ThOWA8bBrMnA/S9V5P51RBK68xxZBr2S6nbeQuRpEl2r0HEtjH5gsEaU77NXVjU+9q/qhFZ9Z0XlHE9EnwzCALh8tMOjAFRDj5/DQNrk8hn20Nd4vJb56wYpMMii0eNtNIzCAW2wlh/0I4/MIECUcPm0lgF/WI/smQaRmnHCFxutf7k1g7bAQOhyn/FwdtxGtcWOlnxUxvc2ugqeyMVQ64iyfOD2u/asvb5MJxVM+Bu87GbWIgjsAWb5w0znj2kJV1Pn1UH2hgxQBWtLwF2Zy98U/Nu1erdA0HtpEazH6/pU9tiu1mP+TOutJX6hrX1+q4RXj//uO/f3r14uUb+/PxF/effP3w8eMH5x5XR0dHR0fHbcWjh/cePbz33W++fvXq7fMXb169fvfs+fWz59dff/XwV9887jThKRHjyOQ/WKOlpLC1NnmNYNaJBo3czUfRZisfoS9u5s/0y/PtHMZGfah2erqnJ+nBrLmR/ujpnl6XplXlUeSjKEOb2qdUBlUZn49p3aX1TJN2sjRmxgaajD9vJ42w1ebkGkEijgYOZikzpQlYSUEqIBUaBWQiQuDKk4LACGVVISUewAQJpjgApEQgJYYP0RbkUrnhD1AiiSazNPYGmGPwMArkSrSnR5WgqsUUHAEHhWoQCy5anGJUQfLvewazTIz1K3GrP4QvYhrtJAKI6XRrZqjEjZxH5efT7iOIlNI9TVRyNYZQN6wtxAZzs/uUCqp6TF5qx9LUy1TaOjkGSGM2iSznBKH1oqoWkjMOQCy6pq06z/xZtaAISRwjAo3IRCCWkCPMAENYyJPlBIGq7WVmZlUYhZl43Yx5qu/c5DaE29e4uVXO8t1cLrASzWXDnH9/EFbGTNysavC51vNIY94ZWw1g/1B/x0B2Cfs+F89+O06J875ELo2QrrTd1eNoTcXmn8dGNY0HvKdbXciJr3rlT6BLW2Md++Nm1H/96+efnr22P7u4oaOjo6Oj47B4/PjB48cPokz/xcs3L16++ebpF7/+9Zfd6ehpgGRG9TZV+0h5ya4b0/5fMKCm3TikeWM7R0nH67sE235P97RPD+R3Dgc9QDr2/J4/n4+928Gm9mm+HezUL1aXx9I4PQ2wZh6m4wQ751gsKBqgRESwAGZKDOVRCA4AhpGV6IYhTEwk5uET4EA0iPkkhedPIhViRqBx8nI1JpHZWUb8ukVMtmT8KgcPjElJE6ozZ85CA++T8T/E4ukWnxE4HJOgaZBABgeO4T+AiCxMnPXedBnKudh5HaYWsX0+md+mFmfHubNz5ROhu9hI0woZSPO86eAHfc65YqNlu0tsRJ+XqgYPsaXhOMa9RNAaJtK6TRDmo5phB5MEpRoioNbAqOFyzdOnJAWhsBgvGBG8YDIzKfuFxOzlf55S5+A2lIj9ClejA8kX8PyfbTELEirqKUZhVTdwcCgqkoIRevIxDk+8AFfidw/xjRx//Vb3rrVuT2DqzT5iINhzJ+tVKG3holb8/sArKGtN3vTWT6+oIs4PdLGVfHBy+jjUwvmQLuhyLueiJrk5gHKXHaOHBua97G4uUza085RWb5+63axMqxfkPgvOyUKtnHHedZiTr66yp+TFo/nsvdWfWH3OePb89T/++fM4qlGDv/rm8Z07w7kH1dHR0dHR8Qni3r2r33735FffPP73T6+ePb/+6dnrFy/f/Me3Xz598sW5h/ZZgL3VJ3wjjmhZKe26U16DFuzJKX96dtLOop150i+taofmxrM5f3k8Pb/n75E/BO1UEEZl6Z7f8+fz6Ra2T4dph2iPcZKI9+vLACD+axijCEkJEBmMtBMemR2zMImwOB5GUVFVqLn6ZB8pTT2DyCTCBFUCQ3y4Qq+rz43vicKj4gxlZTKbfjLQR+one2EzB3KSA8WCQDQWHGGaOmuFEyekpALPmDQ8EPoWdjHBHYpdOKYFba7nNrXtAAAgAElEQVRl5KcsZuXR0J6kQimY2YhrfUn1J1GIOJlkglW8t9wPbV5X1cJW+l9+qC2yGVsZKkZGkEzcxxCRQJXHdSi5P0lj1/1FMcxnKWni9KA+oCdxWvmmdFUlZqiyCGlgrSFCpEabRU6PGZy56LWScah2JRy+N4ieBqMNfrowjmTJre6LT6MowRlFMF0pnMkivZNiUPy8oip2RhUL8yzlc17l07HROYCVOOws7ckOXijmOMjGE+uCseWU14+ylQ2c5MZuu2ibH07158MtwocPH3/8+4vX1+/Noei33355/96dcw+qo6Ojo6PjE8edO8Nvv3vy5Mmjf/7z51ev3/3txxevXr377jdf373btfvHhbc3BZtqDOJU2115Yo/lVXZamslf286kX96tnfX5h2qn5/f8Sb5kNnzq6Z7u6c1p2qsddlcsjsWROGIhFpBYgtgxixuuhuHKDVfOOWHH7ITdIMMwDFfDlRuuyOhAkwCyD+LHJMJOxIk4YRFiNoeIYJi9PrxaKYq6mKMJEz6+oaVr7ZcVmKjB4kmv4zJ2MDWQNDueokwdpC7z3hqd1r8PsgK5IGnBvNU8xYm42Yzj2c4qKnRT4TpnOmOW3Wx/Do0GJuOZsrNFpMnJLSQu7st0GJ4YzmB/xszwpxaA5mVyjBV0HGfO5jlF04DvQFWho+qoGG90HHUccXMz3tzozY3e3FjrsD7G0WqZu12ouQq2NJLT3TloKBFmMM5k+/4enEuY8v0hNVtlTskbmdB8c1Ubbf2OW789mxXn6lY7bmE+59qZ3pRbYVu/BBbqEsbQxM7rbU8sr8AKuwxv6/le7iL8K3qhPvPZecKND4Gdm11ZMnsRXu6CP/cQOnbE8xfX//e//v76+v3V4H7//dM//uFXnR3s6Ojo6Og4Ge7fu/PHP/zq998/vRrc6+v3//e//v78xfW5B/WJwxtT97DH0mIZuhw7c0/39LnTQ2AL+7EftzrSkVugks0+SO/ra9FSLVo8u6FHYnHGzBNBmYjA7Mk+JRUQM4MB8DiMw3CjOhBBVcACYiW6uQFohJKRa8wk5uBLOHxTYxudc/NUcuapJGSh2OCVWsFOadZ9MJGm0IM1+1QSefWn6ESJ8SCALDoiqamQzLmoaQfZuyrdQXlQeVxcwxHO+3A7bmAeG1WT42lyD5YXJZtVGbZ1M3XsOO2XiPKAf6GpovfSftmgY/3ymO0F4eOTiYgwsUj5DMeEZtRZ3ppXEJKJ+PxqDlxzI7YlEytrmmdiMFRV4FiUiZlSAEIiClEIwYFbt85AYFgBGzBBbffa9lCvTmSwiNpWg3k2hQgzSEewkCbndRBlljhFxEHnawUUmnlAJdut7O+xVoscmcJjHze524A5d0trWsp4rwJTYJ8qaMgWZo0Pu0lzbdfBrQtpihq3gtGvzYnKN0L+DImrMTzzZPnBdNtjeu0/+Lnbd8JVehjcOrp3NcJvgPo1vlQl/BaIVTRzSB5RhV2Jz4D00VF4fp4aB9+V3CJGp2/26lQYzWHH0sbCop37vVG9UDpuBf724/Nnz6+J6OuvHn73m69dj37U0dHR0dFxDnz11cMvvrj/499fvHj55oe/PX/37pfffvfk3IP6ZFFaX82G2bK+8jQnV0rN2myXz7ZbXjzLq0ou2Lr3G08/9uMexyGFv+Lkz7ene3pTGnu3g03t06519x8zFvvC6jYbdd0wEIswkYJNc0QgEWFiVWLRcfQcCYuIExkECiJWMI/MMgyD3phDxDFSP8a6kSqBhEVJg2Q+0g9MRaCgiVEp+B7l8kMCDpEWc7lhqX/KdFIKiP87+oEE4Hs3piH7xD9zwUghntySqWtq5Joq1aYGr0pMMG3kSDayNTKmCpWgq119weqIdq0drzG2FEncglEMI86o4nBU1Dn1wpuTxwUZHcP/dqJA9iAfUozwGW+9FRcWEVECKzOzkMv79SSfOeP1fCAxE8cogPHWWBhGmGARRGrcIQtslYrCtrGIQOCEBBy2C6uQMJuQVyR6+CYS+GiHKC6EIhkP5Osjrvnp4l/GmvJz1u1GfvzYwD9OijXIgQRNizM6Xy3v+1Sw2HZwuhNJM8c1rm+t/ObgUyKKdsPSk8bQnN5bTTmUg99rDWTb4jaCsz09/Ukzd13nvN7mq/8AzWZthC9RLgWfFp/dMYuPH2/++sOz6zcfiOj77548efLo3CPq6Ojo6Oj4rOGc/O77pw8f3P3hx+fPnl9/+PDxd98/vbrq8YCPhBX23kaZBXvy4dI78iknGVtP9/SW6SGYfpHYjp7u6c1p2rsd2tQ+zZdZrrv/mGmxL1rdZqOuOOf1ewpW1UAQgohYFfG6wTKIu3KDmk5QVEXEiVMHh1GJ1bQu7IO2ebLGG8lEGCPUq7U8h2IqqMiWJUsfM0dTE7MQgRGfFIEwhOcIg1HYnEmyHwEICojvJ/kXBTFYSNjHGCQGMbF4BZeH+BE07PKBnOJMm+b/87TOliYyTMIcblV+2452NZfnlkg08iIrFiYNiFZdxpSZi6JOGD815fpyJtBIoez3S1YhuK716y5GR0xOR62f7M9sT8M47LaCMJDLfjkrBaebpiwMdDdz2GaJ+jWCkFlFRCCBbla/un1ZTxAqKHCDlIIE+mYVfpwM4zrVKG5mYVYRZrWgm74PUREViIjtMQULWMXIRBaFsBj3rQRiSFCCGmkfxHrM5JWeoMQg2icA8Xrz+4V8XWT3c+NqXViTUb1qewt+IVC20/yjJkUnDR8WIFuC030Z/RjX+XHVFhexYZwrwItTwWUCk5z2ALJNRzkJVGp/d8PBqKnFFrYa4fSerKjTnvS6HQTBdNndIbHzo3vnwRxZV7rxdjT1+I0qc2T8hB+FiQU5bX/yP1LiY6DV0aVzxKvXdXVJyGI41+V4+sTbb4x7k3/rl+J+O6XjuHj79sNf/vrTLx/He3evvv/+6YP73adoR0dHR0fHReDJk0f37t/54Ydn128+/Pf//PP3v/vmwYO75x7UJ4kV9l6e5i/Ykw+XbvS7Jn2SsfV0T2+ZHihwhmzW4J7u6VVp7N0ONrVPu9bdf8xY6osQ/O9tbHM6TohzxMIEFoIyKUNBIkbHMYs4BrEQiaobriyumRtp1NHBWXQ0ERGwAwM8BjqG4nsmqPSEaMQYPZEaL8muMmKG8fm/kmNSa9jTeD7AoPWUSCkLd+gJJCUSFpbM0uSZFyGR2CLAJvaKRB+RUKJ5jGgpfxFwogY5/BdYK+8xOSqZVti5trXhzoZqW6yyURQ112ym8ywKZKqzqrXoF66wfWauYD3JZ4QbM/s9li2bwqWkb8j/dmHP81FuIaYQbrK+KP9fEOBRUv7F8Sg0cdnZUANHSOYa1MpU/kj9+P0MNHxvCiDBgWdcS6GKiCSnoxP1qhBBMYKgcQ5VPbHNbKpEzWJcSYCKxjQTC1jAEGHmkeCEzRkYK0EIwcWo+Jtl2sEghCVmkmx/clgcSXZI0WWGGXbDPQqraGKrbi25KU2OzAjOyb8rpf2HKBn1xVAv4/BlQSaLtPuX7lMinrP1WuZvdKM7N/hmgbkZyEnBwi8glOZRtoz4yMrXZ9l4PYSZzOnADmCyz0ZbEPmTvvIvQvJn0DzF2jqTdze5I0XJaQC+Zb5wXh/WXinbhIpsn9qN7SufSHvdwVbviw3y7GxM21z3/UodQBRhlaS4qVww8dFncosAXos1r8uVtZpofKcwbS1xoPU4GoXDxFcPh7XjKV3yHsT97zRneX5utfD3E8br6/d//su/VfHFF/d+//033a1oR0dHR0fHReHB/Tv/5z+//csPP71+/f5//t+//vD7X33x6N65B/VJgc0cFW2WCKKGygY75TVowZ6c0vmxXWba13K/q9pZNbZdxtPTPb1HeiCKDuK4p3t6dRp7t0N7lGnmY8sxY74utdKhDOXll+dhUhck4mCB+QL5piGeT8YlibATGUVExDkZADgZVEaWUURYWFQgyho4hUicWLQ076XRk2mEQOxZtLXJe1czT4YAJDN1SbB9BX6GzJKMxCQmHaCZBYNl1ryMFtbniYEKnJkRcy+nGZKMbb0F8IxYNm6uuwS/Iua4BM/6NQz91rjGilP+bG48JcvCkS+MRuRol/Jm07AcioqJjyTj9iiakzPCwMsKKX2tYmlV0xASQlArYwdVNS7OSBDmVxRbFhGAx9FHGTQ6MOMCJZKCOQ+dEYSBvMx3CUxVmASLXiwooup5QedcHJ6AyQlBSD2ZqAAjfpgDUgDqXaEiucAFhV4WKL7sZqf5DLOTTs3bpm0CI1E6JQwql7xF3fBDe3lstx88s/VOBp2EeTstwCgCy3GVOAajsMxhVDv9BNizr42P+jWM19lpm9zLcZ5pCe9boPTgXb1rbilw9mdAx2eP16/f/e+f/21BB3/3/dNzD6ejo6Ojo6OjAefkT3/49V9/ePbi5Zv//X//+tMffvXFF/fPPahPB95mFGytKfJJZYPliT2WQyCURZszbbRd86J9e9rv5nbi19Q72dKXx9PTPb1Heiht8T3d0ydLY7EMZvLX1D3s2KZ95VKt9e34uiICJgIYUCIGWNSkfQCzwBEzKxEpnKpTdYADqaob4RzcOI5OHJwJD6Gq/gUYv/a3gwkJI+XGQRSCQNlw9oLNTX5UAGVW7tQxMj1K3pbMgaoMJKF3LwlC+DKH8spZH7MI7kSDwTGMP5tmz2cutZJf0VpZyVGwgy8vVFeHtZbraUdzKqssP/qJnBlM2UIu0/E1vbdZUw8mj5U5/RiWRCIIvR5lDCH/qoVUxLwsCMJqYEbX2XrMCMLICyb5n5GOuYIwDY09O5M0YYh7PgblZGMHEy+YaEJRQAROhJn8GIjBniAEcxghMTGLd03B1oNJClt3IM9DuWfjzMRdWd395nRVK2E3R3NNGgO5z800Kp+PTF6U55dNLC3y3YiT5iTsJtyJK/9AxFV1by8I1QP/qDqkXNq+SaG4GbedozoqLbr/5LS+5qGdN1TE2TnR0+MSmOCOS8Pr6/fGDj598ui33z0593A6Ojo6Ojo6lvC775+K8LPn1//753//6Y+/7jrCg4LLI5f5a9LNujxTpjpu1X6ev8M4D1K3p3t6x3QWg7Af+3GLIx25hYgD9r6+Fi3WWj673COxCIMBNTebTORSDDSY10YTzysG1VHVKQbBKE4c3Kgizgkk/KcWWM27NA2WOevP+Ab2DjmNKjTXiWGGuRhcsHcLx29aLBIZCh6lkhd5qWCeg6AQS/34AwffpDRvDTPPbHUfpR2y8W6fCw60iDOG3tnCCdjmEW5tW6wskk0z9JzVsmIEYzrlqyd9vIvRQAWmD6ViXlh8IKgaOWjEMvJmo46wosGmo1JVEfbcG7N6DR+Yk5QwXl31Z5hKeO+32UoOvnA5CgdzF6OWMHbQjqTknANUbA7hNxEIDlBmYUQln0UTNQ6fs92UX6a/F9n6KCY/bIeKspqz1M8Zo7eyUzcL17emSfsF7rAgv6v9u1f8zjbmWtv/IZC3sEdT8eHd5l12w7YhV9NoVvloPR4mD/3PGOclkHZeQrv1dbzGLxmdI+zI8fbthz//pbODHR0dHR0dtwn2yn72/PrPf/n3f/7x1z0e4eGwm815n7rHPl7y2Prx8z1GBWE/9uNWRxy5hUpBeJDe19fCYq3ls8s9gmUgqAnuLF4feWJPGEQs42jCQoioyOCcKlThRJ2Ic24QHWUUZmEWIRHmKL4RDhxj6I+ZhcQ8fcLnaXQDyeR5kpIrqoWA0a0iRUIlMIuTKFLZrfPFPEPpD7zsOhHedelcmYVTC40uEgBn4QgPy1VUUsziDswLUBYInhDUcIkjzFEThDam7GysRflocqe1efno72EC4whtkLkEMP4ZVjSZdC+QgIjawXhRU+1gGLxXEEKhIRahhJaFnXOxWYtx6ClC26gmKzQC0NhDBy+QFGMFVUWEhEzfqFD7g3JSbYY8bgvgprenmvAWqtmrEtuaquOUrhTVVQVO7z2ywqG6PpCVP8ZmPQzmOPUNg2hxQueVX++DM34LsjOOQRrt1ubGKlOf1TugM2QdHUT08ePNX/76kyq+/uphZwc7Ojo6OjpuEX773RNVvHj55i9//en//Oe3V1fDuUf0aWA3m/M+dY99vOSx9ePnexwQonxWtvee7unFNPZuB3uUaeZj0k6xtqkeM6ZparSPhfLZPKDVb6OuiEQBFcCq7O2WLEwsTPDuBp0jHdUJnMA5OFUZ1cuV2PhBzWMOMhERE7PCSD5la1CJo2DLqIfIK5gT0kjZRdOhv4BIO0VHi2l2rbfaGugJwUxqGGMktsSHU3hyMv+PYl0ftLEcwGJz2R29TZbHgq1toTL32/1KZBwTlYbgatqjY8ycV6OC5pnxG9kKQ5Wzg55RjgMJoQrD+gnrPlwmp6VF5nc3aA8pb7DiCOcIwux6EQV+RMwhVidNGMEU/y/zgWraXo3yQZMfep+lKqM4sR3IJuO1hLGDozoRGQYJgw+TwQS1GMBCACmLkIkVlRAjfaYlXXq/TNNY3k0ui+0cK251meJZ0dA4boNmgMyKgrqonbtyMA0N9DokgfUGB6vHgfdBvf24z4Tsdpx/kVzUQj0l5tTJB6FjGwGTt8HtWcvUfAB2fJ746w/Pfvk4fvHFvR53sKOjo6Oj49bhd98/vRnH16/f//WHZ//5p2/PPZxPAGvsxmWFYA9bWffkaV5/XT3d06dMD7m9vbK893RPny/t+YUDtokDlYk7aLfrYnGBzyEiFYYKB20fhaBpRESAOueAQaHAOOrodBzViQwiY/AxqiIMFWvOkbAQA0xgIbJAh+bxsKBdsiFVCsAQy5dL7sT8mAIQQpvn48wgyCGHEvlYz8mkgc0WxeWzu+LgspKNIptlCyDa4ecyhJW6hj6Z1wg2zq7nJ+ZkhUbawUefRMG6tURI+dmUD/+fQuPZystopU2MBGFgrTQQhC5nAacsdb7IE2nqd4tvXywoaCgvIoMbQrBDkwaGSIQEAZxzRArAOQEkBk1kDkE/hUAM9dsm+SwNEyKZrpeZyZOmRfDFuaW1HHowIj1oJjeiWX5Tew3MSVSr8e/ML26LPbvYtG2LB+MO/RxV32YraPsqNU4pwlt+duUF1ze41fjPLpc80o7YM0ZgjoUWtm28E2MHQfPpuoBL+wij428/Pr9+8+He3avff//NucfS0dHR0dHRsQt+//03//0//7x+8+FvPz7vzgD2RmFkZMoNik3La/7PtoW6U8Mkz6Sndukph9K0DzcMn/NtblV3TfqQtvSe/kzSQ8mJoDz2/J4/l097t0Ob2o9lpu3M5S/3i/nyzZyFcc6l58aZcjKCMIs1Fj4fAZE5LCQiBZwPy+aAKzfejG5wqs7dDDooVFVFVETVKD0mVWUSJhUiYgEAhVLjmjg7VsYhG5ZpAS0jeBw1x5OYNjH1HOqdPEYXo2Xnka2xFsKf9Th85MTwEo5NHRDHNvvu5Ncu/4Zj5nxEYd3jSaKqkLMX/v5V/izDn8jSdTsbnY42/8zrVubLorCP2Oflggg6PnP4CWhWULNmKZzyVxGptCY7WAkKjc0M/ktJCWPQI3Ik5cKfPtagOOMF7eiLULxeuwKx2IS2f2xn+73IDAaRIOg1WTJ/w2HczfufhCYzhl2ERbTRyWd1N5NWeDb+XLup2Y6ycINFeqbMsQ3V21jDedfhLFc8ly1+637npGCruYfDX+lCWM1PG5d5sQccVPsCL/Gij459GLvLXCcd6/H8xfWz59dE9P33T52rP+Lp6Ojo6OjouBVwTr7//ul//fc/nj2/vn//zpOvH517RLcdu9mxY92V5U+Wn4/tEsbT83u+P8YYhPFcdez5Pb+Zj73bwab2qZU/feIf43qnT+3m2Y3zMB0nWNh7MAQzWI1Gi1ol75NQiUhU3eAUzmFQQJxzKqNzwzAAo2IwxZSM6piUQAwRgo4Eb8QVIhWWkZU4sJGRoYg0Qwi6lvunZM5dpnJMZR67pn5EE7mYgg2yZaawcmF6mAJnExLF3EV2kBuTu2eErhNrQXbgCMOtmDP2JTYWgLGwxmzFyY1BBHO3kJR7kfVeECVUpErGlzGF8b/WUDKNadTw5Zq/SurXdFsaC1W+RJG14FujJFJU1ehWNBYLUy2RZ8+XaCXCi2uVwLE388ir0Jubm8QRhqswdhAKdWrKP+ecBR00Ta8VEKEQbVCsWQVExIkYr+ccwxhCEhEwk9gTgS06YXKtZ2OWhuEY+RrJiRM2CTBSC9MbFz21Tm/99AY18+cQuNIiizIKEK1iMX8D6bRa1rY3v0XLz5iKrArq2/wH1oUY6/cdRn6ly4+y5m3fCuWa3NzFztiWhmk+xisXuwcf5G2hfKYzs40z3rUFbl0IyZ1xpDiRC93tVrHjsPjw4ePffnxORN9/9+TB/TvnHk5HR0dHR0fH7nhw/8733z354cfnf/vx+cMHd+/evTr3iG41Knssz+RX5efKrGln7rhV+ZXj7Pk9/1LyB7MOA9SP/bjNETvUoq1bmCvTzIdxX0xlTuod82fBlI8wa59iGsTTup5/MeqsPpvVDTnE7EBEQgwiqIv8oO1KAGqBCck50wgOIio8igzMN8IjsxMZnMCJjnzjzL2harRNh14L07BX84mxkEoloJ4GhNc5ZYbv6JaUpemecbN1yZvKZxmI4tk0aa4bryZoTCSzBbPkSNMusClluL4lu/Y0KlJlsZ36h/ReOm2RASNgQQc1kpZEElkiIluLINIgA9SKFIx/BkVhJAjHcaw4yHzpRoVfxWRX5TOCMDROqhhvbm6sfQpaPWYehgHAKKMbnbMtquoJQhHLERERjtxhvArnHFSdc7ZPRYTCRkxeRpnByhD22zm5GK3mOTy40vUW92JyR6obOsef0XYUWl1xqyrnjbm1MNrudq+5MI59s+a8414mgRE/NZg+Qg+1sG/FIqzI4+kboeN46PP8KeHHv78A6OuvHj550nUGHR0dHR0dtx5Pnjx68/bDi5dvfvz7iz/98dfnHs6txHrLM9XWZgo+ns5uOZ8eeWeLej/241GPQ+7crx/78ahHbFHey6G27oUWe58/a2K1xggxHT+qXTPbMqY5YBZiCDGDCKKqQbwHIvM6SETMYFMjqY5GPAw66HBHVUVunBuMILkZRydeDKaqFi5NRCxeoJEwHIKcUSAsA0VEhWfQLIaWEQ+wcIPh+hC8fDrn4lyrKrngUDTwe9Zj4mUk+bGs4xRG2dBSKCM/gd7yKH7ysjYo+ngMjfNMY0dBI/BbSNhCqf/cGBZo0g4VPhhzzqiY1EDles1f1nNqoNRx1ZfSzM8sv1WDqKIDxlY0VwMSGISkXSX11BYjaN3W6K3YyE/rraVQzEgyYnaWaYpDDjEJY0kR8ZRl8A2a2E1SVdVx9P8Zx8ksIkwMxdXVFTkyhnIYBnGeGvQsoFdnphszjiMRqcI5CZcpgELspjAxmMBgZnaOo+Q2blgJP3rjr18GE0H9x2kofPyWa2yBApwrkFv5K9VpvlvzSYtNwT9ZqLo7VV8VrVJzKqGFKn/OM+puHFLTvL7AGi60E+veQnt99TTdHRNN6obi9TjK8sfgBWdWY6OjlQvjeLf7IC1P1Y2HajP/c/k7kpWN5H/OPSWqRnbmsHn91E4ubRmH0kSuZP42traVurrjjHj2/PXr6/dXg/vuN1+feywdHR0dHR0dh8F3v/n6+vr96+v3z56/fvrki3MP5/ahtAnzfE48UdmQF+pOrc08k14uOZez0Zq9z9k1x/1b6MfP7jg0dFc93dOb09ihLhX5WFF3rkwzP5rOY36xtmsFYa75o0xBWLcf06BGXW9oKXpP/aIuT8ROGGQByKDwjjihCPovEMR6ghMxNZKnCJ2qc4OMA0AiKuKcOBUVAEpggFhYwFDykQcZxi4ICalxH8lw7zWBlGn7WIJZKnNRyBQTgfAjzxZCk54pFPUB4ChoC7mMHphasxcXfWpAmeb5P7doJ6NkItuaFUwLHwBnbmFbTS64DMUcW5C56KRoykeJWN+IOyUYU5j7ly17CuEtmaKr28ooWjQexHyqsBicFTsYy8eVlWscY7DAYkrBRftE5kB01HHUAp4aD8Mbx9FyVHUYBhMORqVgnMDJCJO93sc+lLRjiCDMIi5EF0ybEH6jpsdZIIsRb2wm511hIud9d96C/ZpbI1iQVU2t4Vzmn1goM8c4zkncWiWPM7IjYquH02ZcuLZpZ1I5b+FwwzlK48cYYdlm/lbimTKrBjaz3fb2j3vkBXheDXTHJ4ObUf/xz5+J6Df/8VUPPdjR0dHR0fHJwDn5zX989Zcfnv3jnz9/+eXDob/lt8Rqu3EoWuTzyronT/P66+rpnj5lesht9MGa39M9fZQ0tihvwe54675otgxWtLNcBmlsXOfP91ukARFHEFNYESsRW/SycLUMGjXwJyKjiGMZxKmoE3HiBpMPMovX6Yk4OABKysRMIuydppqQjFmElZiZRJUUY85ZBHenXJE4UYCY0YTRS6NRfiE/ZGYkYNNexvFcZDJivaQYoKKhtbhge3yl4TiE37n6chHI61WVF8G2ZLx0LPBUMzxNrjBLOrOcODRanRKJRZQ9CMiTh1lJAntfo5UepWQiE6VXyQe9BFBH1cJZblxvlrDQgJ6QR9Gaqio8O+i9nSp0VGKCQkVNlWjuQ4dhsFJuFDe4wGBaJFFkgsJ0Kcw8jiNMTZh8l0Y6HePI7BwTi98rVEr6lhZ7/vv4UNhhxcYKTQN6HNqcvnAlibgGp5TIlDTJ1uTG/pTVgXBgpvCScYHUzsGHdNhFNbcNmzrCJlZK6HyBrMoOFzKnjT4stqIJT7zHF2JndlwO/vWvn8dRH39x/6uvHp57LB0dHR0dHR2HxFdfPXz589tXr9/9618/dz8B26K0CUcbbNAm5HqDlM5tyAt1qzSVNt7C3juxSzPV9t6qfLN9WmxzqwfxHcgAACAASURBVLpr0tvb0nv6s08PMKuyp9eLY8/v+fP52KEdKvJrn8utdrCcX7bgdXtEsXwRg9C8dyaGPPIfTNSKQej7jV92AJSXr0YSKJCi3+iTL4tB6ETMlKRQgvF5DB/CloVIwUSjXQfDsY4CUXIMFThRd3V1BYzj6JhF2DmnAERFSEAw157GsajXF1UMBQhg2Dn2/9ncIbgsNLsS8vkMr77CAm7yRHbEQizEjRCCE1Rawqx8XbcZ4jC3FUbukiuntIs4hn+tgs2i/JL8dc4ZD5tj0Hhli07bog/ZJOSgcEtzGiZT/Nmxedk+EqctZ/Ydmidcq5GbQQNrVXuhnLa5xl4cYe5AI8Nmn9iNXjWYHJlCQQAVAQqRN+V3nfcj6kduIj+bdR1t2gqu0XSBqjrqqKoYMY6qI8ZRb25GIhJWIx3VAY7cYFt/hJI6QJmGkfxgOUZTNGVhuFynCiILM0rCaX7MJa/NqLIK02gefpXE9qiAjfhnFok0jr+ZCE+RjPpP2GpfLOSsRVhj2ScXYZ1EmeqkTBxqopJLxeduMQ4PiLnec3ZkeyKTZ9L7MxkbVcKt+eGDdN2xHY5HXB28x4Wn/TG6q149G4exfNXbbs+5wgus2wIDehZCeiMje4E0+WeF9+8//vTsNRF9++2X5x5LR0dHR0dHx+Hx7bdfvnr97qdnr598/ejevatzD+c2AWvtxsmlW5bP8/bk89rVebU9vOf3/JPmD95+7S31Sa/gZa89v+cfLh9blKdA92zZLy2Wp/l27Bk9k1+OPw4uy2/2i8k47X1QOFIMnBoHOZV34gkWEnEigwgcoOZT1Jkzw0HkxhyPWvQ0Iz9UTTMIEedAoBGgUZVC8LLgIRTEmtReE4PwXECgaFtmYmF2uULL8xYiLP51VxmdMvLQWL/C8WjgnHYBp+WyVb2ddQnbdNGwtm/0xpZltk38nukLBAunvmIl5MVjnfy4ZvjTrNzAyq1pzwjK7cgSPzYFgapqCAVSdlD+FbEPA8Vorzc7xZVE1ad5OhU+rufNjfoQhOM4jjc3N3YkgogbnOOwvJk5CAohKrZ/FXAqIuTVh4Q88KF1F6WNYAmkLhEJMwuLqirxKGD2gw/RQdnYTsCijbL/3iHcg9lt2yLFVwp9Kg+u03pNoWcaQ1AMV8xZLq9bkNo1XI+2qIK5umsucIeKC8Nbzt+Ibqk/JcJsb631PM4wPuVOF5j1hVp5XNU9P1847PVu5CCnPV7I1m5+HXXh3oA/efz7p1dE9PTJo/v37px7LB0dHR0dHR2Hx/17d54+efTs+fW/f3r1u++fnns4twm5TZgzG2ymNAi/ar2Xs7y8T0fvZ5vsyXn7VXme63em/LLdmybjXCrPO9rh17bf83t+zB8mnHxP9/Sx0lTkY7H8tOTGupPIf2WZMgYhUKgAo4Jw0j7FNDLN4lRB2Oo3q+vz7X0CGE1BIpSZ3REZRDYCjkIAQgGcE6fOqTrVwblBxImIcwM8seFUVQijKhTELOKEIIACDImKOwshSBK8iCbnjhQ5ukh7hsho6ZT3B8meDnQiHGsb8yHB8MTJxGeXtEnQQEAgvVqFc5oH6RdDksPshiN49sPycFb3OJUMpsa5yEbGM6VeojwuZVR+Y+vm6wCHkRaar5XoH/NMyuHmCbGCxAfqLGmeSG0h3ngv57MlVhbOylQjbskHTX+Y84IxAKEqhO3/iDIWMkoMvYJwHMdx1HG8CQzhzcePxOzEIgZyTj2qCBOxiKoOGFRVRyeOI38pTioXqeaelIicuHyGRYQYzDQSCMriR277lZSUmWPERiKAhOKjK3yVEH4b77Ow5w36WzRScclTb7Q726YrE/wOl3lsg3jYRxseBadF5wCaOOc9+hzYwZVoPa8Qv37Zs+W9RlZi5dMmf7Jd5oTn6BzhufD+/ccXL98Q0a++eXzusXR0dHR0dHQcC7/65vGz59cvXr751TePu4hwPTbZjTmmCUx1GV6su0+a92tn43X1dE+fJx1iECYmvB/78VhHbFG+cBi5xZEWe58/69W1M/nl+FHtmtmWMc2JJjAhZ2HKvM3d+06Ehgh/8P5HRUK4QWf/OafOOefcMAxEFNSDTmRkgEhHVRIyvkEA8eQjEwmzGjeoysYPeiEhhxmnAKYYVpBjVmAImViEbWQc8o3VFJYoieTwJ9t1BMLGx5GjCvCuAaQywRV/mBjShgVKKgPMVjg5QBP5ZG1VrIxxCzbHvGRgTws2t0Xb2AQX0rpYsWiwoFiSPnTaoOeTUbp4zbViOWyRBYoQEwMpZ6bfwAB6kr4KhmkdSSYBLtqKesLSSWk+zkj+MTOTEwEzO5eaSl+FAQDGoBwcA3QcrTpASiMzK2EcR2tBRKybYRhUdRgGderA5sFblZ26FN3QQhsCzkZQXA4TiIXBUELcBwBJlDNbMSHN/MTa9EVVrv06ttUxpdDmSLWmdXgfk/E0bmXFEe7f6VG1v2vQnMyS59jz64XDohMAB0b1ADzrWG496rd+9YjYbXZ1wxNmq7t2wA8R9vm4YSvMScar9+PFBED97PDs+WuTD965M5x7LB0dHR0dHR3Hwp07g4kInz1//dvvnpx7OLcGpU2Y53PiicqGvFB3am3mmfRyybmcjdbsfc6uOe7fQj9+dseh/c/XOZdLPb/ne2BV+fIsivJolK/bQbOdmF81P2GKMtMSaFIHWb/lyZyjyAVY6bpSprVfUkKVZivnMRIbQSFYWiQzoOo1hTDhEAHixMGpVVYdR3Ei6mRw7sq5ETD3ouYRUZyqek7OD0hAjlWNTIP5KiQRgScvNeqtivvEyXrF/rOCigoK9CFzeit6uZMJn9i/kzjjGvNeNqCkm9Yh53u2ws4Vt+2iQpO2KZ00LpkXK1oitIBcULfP8OJ4NlavNGHmUlOJHPNoq4tZs5hzQiaG88VsSyggkydHvJhqtJVwMPDrUT/o4qmgbAQRCVMMTNg0kkbnouZZNGoKraSSjiNZWEQW9gJBZhYxBeHV1RUAhRK7wLkKkRfj5nckDjiKCAOnR5F3BLEz9SEFcTHbw0rgBb7JwWg5RSgDYXJzha/n57K7UK/YOUzI6QY2koVHwkH6qvZsdXL/9jtuF3ajWOb4m6Ni/x13EMHZ3HTlc3IhxNVWY1iYmVPe5Qqnf8x2bMTNqM+eXxPR0ydfnHssHR0dHR0dHcfF0ydfPHt+/ez59bfffjU4OfdwbgdqT1Tz9meefqE/k7vczjRMkpeDHNKuXputL8nO3/M/6/wQgzCt+uijbJLT83v+6fLDCt22Ha/amymPydldxpnvKqYgE2/0i8Z1BUsTgiyKADZ9UvCCqFaLiUUcHBxMFKXmVtQ8i14NV6qj6iiIjkiFmZ2I8TAKJRCzWtRBJQYBChavJYRXKRJF2xfS//s8zfVNOc8XTXjeC6IJBH1JTxnahwjmXDTRMNEFJYfCWaih6GGbbAoQup6KcSpfhfnjjnYyKa7/qP9Qn/8v8Hz211btlBmJQpsbZGPqjLAh7483DmHawhzfmcsRBABxdDEq2dI3tt3+FN9pWhSebg9RBlPLXGsbrUjODpqC0NbFdJAK9TRcdgdt91mm0YEJNyN0VFVSBbEyg9T6ZZURFP2FMjNUCcDVFRE8QQ8HQMQePmOgAo2eVyKGkgqcc3bZzjkSGDvonBME/71CJMwktmGFkG1ZmKTWHk4+TQxCbmfPrcNNS/FGpcu2iDx1sZTCn0k6HY5cPvqXe93HzH2oujl1UU1p+S+Z/Al6Udh3YJ1sOCBOz9+sIfm24ucWXjdzwUTXDHKuyvKXByHVKHkQ1eD6Ty527voYqH5s9C18Xrx4cU1Ej7+4312NdXR0dHR0fPK4d+/q8Rf3X71+9+LFdXctvhImOsjMk0G+kOUEO210uZRyzH7LeUmu7b2c8nP7c94yuLYPF2erHKYZezLP2pOX7c+T67oou33P/6Tyh2TJ8hIFEJIGpef3/L3yUeTTFu3QQjtJIzVtJ1qcJ+WTGrHZr7ESM/nl+KlxXc1+aXJd2csui8NGgScjTzN4laEQEcGR8wThqM6NTmUcBqcYhnEYnRt1NE+f7B18woEVSjBtYgwXCKiS9yIZ34WJsilYQopWfCMbzFmo7yR4PgQU5IInVAvsFukcopwXLPSAueIwcEIp4eMV2kgySsn/PvCrww/13PKCIw8gZ0y2QGX3aw5yg2WQI1O3HQLFyIBmjZU2W5ACXHLBwkTgkUIGZaLflnwwkkxN+Jh9qua0M9GWFGOCxpiJabIiQWjL2MSEOqqOI4IOMsV75NS7EeSAep/BGAAl72BUnHMAqcKp888sONtLcCTqFYJkIRidy0MV2laE7QUGSJgZAhc3L/sHE1frhRnYjSg/HFCIxnN62J8KNGFaB3nt2VbPww5uxMXH8Yp3Y8cHS8excdgldHxlfFpI+VN0jjhP1faQWu5Q8jQb87L3fgMX/7z69PHy5RsievL1w3MPpKOjo6Ojo+MUePL1w1ev3718+aYThCuBwu7KE7sxR7uut+TSXHleYcdeX54n+Wvap+LX90XZ7Xt+zwcxo1QQei6avPWz5/f8g+Zji/KRNtqy3+lXIXl5zLeDzflh/P6JXuQ3+8VknHEK7F0HTypQZtZiFoLanyIEgNUxg9kJDyKjyAiQE3VuEBmER+FR2IcrVNNsaWAvlMm8lRJALoQdVD+M+KVMfAdTxneaWiqoAZ3pAQP95xVaMKmj8YcIkr/K/WjqIfKg4WQSI3KInBZt2DZd2fAQ02enBg+IxWthQPOzYXuEw6ypf9bwt8ksyMQp7DIXI0QkyYNzyILhTqcyCWD07JB0on5FxaWRPuqqxmaLOLYfB5Mds3II9FzUFBpB6ENWGt0NUzY658LUIWjYCjEieY+jPiRhxSnaR2Rj6FK9gpbUNh4p1KmOzg1uENUQm1BVodaLc47t8zJH5vuUR8o5y2RwJwUJIHbK/KMyezep+fdznM0cvDvVM2tWMJMuGIV0I6lan9OFepnsYGtP5WzcuW5B9XTgMv+MA+uYxcGdjh7pXbmwT9f3uPIac8YxfyOsn6L1Mvo1QJWYb2RbieHBgfLRWp3NnTx3nBhv33549/7j1eAeP35w7rF0dHR0dHR0nAKPHz+4Gty79x/fvv3w4MHdcw/nFoCZMvsqezttsrtmVqVcQZjsumaiLNWBpb2Xp+03yld2aZq0k8pz2X6rX1oYzzS/dV2XZefv+Z9MfqYgLI40yen5PX/7/HJ1YYt2ypz2KvWG/ZATm2+3H+VIdfksH9NesvJ5W1X7aPaLaoREIBYhjcxKjL/mv7QnIzlFrEUFMZM4c2moLI7dIADoZgCp6tWo4wiMRI4w6DiOMkIZThwGwhh6JQazSbqMeYSOoWuTKnq9F1iUPWcJrwH0bzm1MaiqYhjYiXMsDBJiIeNJM9EYszD5eIREGFVJwRDJJQVCLEbaaKYmU8BRog+R3dhIIsZjZtsK6U3GrqOqNIxImw4BKMLClZY7VtCkEfIaurAYgJDDJMRQRIGfWmzJfBkSgzj5eVSddJrPhg/gGRYsE0ptq2et8iowj7jGo0U3ueE2cHTd2fRjxtK4SV4ES8zEUE8YkgipWh+asYM+PJW53mQmcJgPJlXQjVF9QkwsfhsoIHCezwYFYTFgcsfAzKmOqjfjqIB3MGoxCLOLYFLT5TrngJGEjbJTKEhBjq7u4EZVR4VTHYmuREiEAR5vPgJKUGHSsIBHFRbz6KviWBWOwI4YRMogJXZOhDxtySL+lmU7h9McMpkQmb1bZS7vXbEMiyWXBJo5mVTc9+mNa2dmP36R7RM7kiryU4GQTsUyHnra+LbISYWFMa+8tIoOr7wgZqxJ+iJi7yugbPDZh4rFWLM/8394tFryoTFrBnHbOdlwXXlozPI5ye07m7vODTdqzZDmRhqqbwzyMdfL2huXe1eOm2hP3mVhra6UBiYnAfF3ChcNbhwkkxRzw9OJ4vBP97WYCZ3byJzmNCnJJbeZ2S4prjQ8+qtTnLcT0zN7CCGq7tIy2fLxNae23PkxuHmRdHbwTHj16h0RffllZwc7Ojo6Ojo+I3z55YOfnr1+9epdJwjXYMJWUJbOPpZn4qggnJ6t09N2pvmx5dwK1Og3WIa3an96duN4en7PP0X+UDDt2RE08XXb83v+6fIN27eTSZ0a5ScxCHcapx9bzDdnokv9FtclgcZSEBMJG6+WQhlyGKwGy6OwOBZlNwoGZ+Z7kBvU3YyDG2lQJoVe3bhxhBLGYBpkx6wkQgSGE1EYL6JK0daMZA2Lqq5AEYBJgnBKRNiJOPFBBwunof4oOVgkiQSTYTiTEYasqQPMVGwW5dlErTFhrsoanMZeVurkGqMg8s5tCRPz4IQamJp6kdpBXmZmJG26rlk+1xwEEaHvpWJNKnVCbo0N5GJt500QImUWYVUE3555yVQFPDUuQxVGKxIJB6YC4DBUhSfWvOqQOEoPR9Uxh46jjhiVcoIXSkwsrOpExJa4OFEAGHV0qmpxBN3orq6uMgoBsGsHRIRZ4lMrUU3MIqJQhTBG489FWJVIiMEioqpUxPZkCz9I8auDjGvepLkpckKBSti8B/IRlJl5mjOOcN8eM0y1TYfa481GWjrCwz9PNk8S8vAG1XiqxBHR5HXWER7cfi5eJJpXdIL3yAoOkid/bjOre9+BZfla45uYvTV2tWJv5vVXbY72TBZfJB3GUWpHR8Sr1++I6PHj++ceSEdHR0dHR8fp8Pjx/Z+evX71+t1//MdX5x7LLQBPYhAS5XbXzCo75TU4tyeHklzbaTnlt8qTjwJY2nXTWXBdnufsyTxrT97OLs1blu/5PX91/pACPU2OPb/n75uPRsl17dBCOzEfzXYaCsKs/cnZPB+L5dM4muNpKQjr6wKxaeZgLw+JIkKkvpIBGPEtI45lFHEigChA6lTUOeecG1RHqDo3OueciioIalIiZRZi9eIlEQGMmPRKgjD0dEWEiWXZM39OnHMizpODYlovHzLQl/BHx2xX509LpDEop0JiZlJgJDZxK+NbHq5wU8XTu/ky7GrzLj5bmiKeW218n21hwziCHI0yoiU6Go104JSDqfzCEZERhFOOMGjgPPOmqmQMYMYqG+UlgTKs6EH7LxKEsVfvYBhAjE0Y1p49YbxIcYJRdRwVN6NZiTnJg4iZR1ULvknCrKLee6i7GW+cODcMwzDk7MgwDLZpiejm5sbYQXM3mu0KIVJigaqS37c6KhFT8DfLnvakII8CEStJkIbZL99izqltBy8mv1S/TdbJETbOGo3gzjrCuVqHIiE2+g88J4UwyxFWODoVN+FoTxka80Q86IVyRfm/QNv6v1mEnyjHxfHiBcZfGM23TNVXekLmKyb8DAEfcmAdHUT04cPH9x8+Dk4ePbx37rF0dHR0dHR0nA6PHt4bnLz/8PHDh493716deziXjlJByME+WuQQeZ5uTkGIvOSSHbtVnnMbcKPfYK1e035hR74su33P7/lERFUMwn7sx0s5GravO9EIbnF217FZmM91LWd+4ojDFyvB8GTB27xLMPa71lgRZRZmJwyhUYjVU2/Gx41uFEfOiXOiTrx/QbBAACWwWTCTG8pwDaW8KFKFkXTJZIIcBIKJF7TQg8YfsgiLYxdYQouUFuRQFh9xAoqITjWjes7PWYmmAEjilJ3AorkJiz4Jl8osmZgnxSfSnDYDVOgUD2Dc5MwHZGFaDcq3aGaFZ+BmVCMsnAf8q+lDIg7soGkHYbxXIAW9ppBZAbGVApBqRhBacE8Qk2cZY9eh03wh+tKmIBzHfGDGEhrdyASmcrQYSTyDTib7Ux3H0eSDg2os7OnGcRwCaxioVgVse6fhmM4YEJsDgnkLBoknTKEME6eJvw1+YiK3x8nD7Ny9nFMW5qLSpgJvzlxe3c2NiylfQsst78B8Txf/DizOdGzVqXi2kwcHgI+veqiH+A7t7Nh1tcD2dAt5SCySgtl6XhzqNsziVljwLLp+z04J2twP+cwOTRUmosNdRnsQnGXBXMQq/fxw/eY9ET161NnBjo6Ojo6Ozw6PHt17+fPb6zf/n703/7blqM4E996R59z7Zr1BAwKEBhAIY8QkGRAYMxkwNrbxUGUvwEN1LbtcLpe7VnX3P9Grq12rVq1eNdir2qtqVbtcHqo8YcwgQGiWEBJgkAABmh5v0pvvcGLv/mFHREZGRubJc+65w3svvnVfvriRkRGREZHD3V9+e68UgnAq2gpCBElyXLpDQegtrqmCMGwTBWGu5rbWqrE3ycEuazB22pP7t1kF4Q6w2JftZbjtikFYtmW7iG1zdXVx17kt9NQTtpI9dkYFYXxUbwzCyF1Vqz+SrVlaPfReCp0BUX9D9R5YO/UDUUeBHI8FEpIQoYsdpfQgktGIao6AIzKmEkRrJ85zKImw1P3xyeCeUIS8j1Fx1nmv40sQrGPBvaiyIA1vo0iEznGiO8p31sVG63Ec2q0saUoOO2mn/MGDsZEaNuK6EBvmyrq2/lZ6yrSokT6Le6we7ffzpjOQ8xrqiMP69L3st0tiFeSGYTaHs0ptK3wsRlQWLlyqwgLkR0E7xoJE2rou3bp7LtahBPLS84R6nAXlI1UoCSDAyKCBRa0IRVygagRr97stb3tEZK2NrimrjkOZGdFoCD/1U6o0pz9xVVey4+lBRJzL4iw3PJBsU0Fkz9S3EQa87UZyOJLuZSnDdpk52trgzaH/8Lb/zOxRV6ACKVEVJxTagNG4xIYrXgAL4Qh7PjdZeJ35MrghvjYZkI3cK3rQNRo9Dk4D4zllJDE9+827hLfeRW3BNuL8+VXVEGx3RwoKCgoKCgq2Gnv3LL94+sL586uHD+3b7r7sdLQVhD7dzOlVEHYc297mymPWFt3eO6T+Dlt32ZbtjtlWUDuOC0HQAKGZU/JLfsnvztcLamB5qK8/BCcjjHyKaiESYFBix7lFRAEv2iNjBIShIhYjXFkrwgzMPKqMFedE0ToGD0REGFilfMgMSCiAyKnlPdCOKP4DHE/0hJuGBPKQPD9YGTKEBpHieIWOCMQ6TpoztjmdX4aB7LeHZYSH4joLWFvTRATn14FsFhKdX50PiHXgx84DsVFJzkbZyuoSfmWPy+/L0HsQG76juRAAHxjPHek4sDqnWW3WdJvVO3ZRC22NSK35i5g9iWh9FgEQYUZyXm8De+GuPwHLzGKZJ9ZOrJ2wnTBbyxOxlpmVcIRa5uvSuvZJDAOTqHw2lUUGXtAYo1JCd4UIICDTxLq4ofpDgiBMrD1EvQOIWwsIwmJFaUIWcDpeZpVtSmzWzrjR6/SIiN1rIYN+fWp7nzTLxYm6wCawaJut+xlS7RVr7k8Ckfq8flYmXPv1MtnkAdxo5TGZ3ZTlbcp6mw/NVTq4Yy354KxC3h6utF/iPLyVmSucdgr13WlLSP1t/HTgir01bS8uXFgFgN27lza7odOnzz751NPZNzHFS1963Uuvv3azu7FxMPPdn79/z57dd95xe0+xr//9t77//efe+Y47du0q5GtBQUFBwQ6FvgDoy0DBVCT21S67a4bXwEXYe2FaPa12oav+hfRngfWU/JLfyq/CX8qNLbRySn7JL/kd+dBVPrv1ep+GCT36xe0n9NEJm0AkQwLGgJP9CVsWy+K8GzKIFUEkBMZAqwERsCARkVImLISIgUdh4cDjuZOqqR9l3WJ+DiO2oyLy7CCpcBC9v8RIWei4x1otFwltvMG4dbKJyCxjyWqygzsTNdeV7qnjLU47UBpLLSnWqjm1NnYcOrsMy01SjyoonrU2N5PweUmBJF5U4nq0SUlmTsQTgir3C9o/F5TPF2UWQEEkFBfcsKGCY6tBByfWrltrLdc0oXCgG+shV3kfOBEvGzFiiDm6jnIEocoHdWr0grHhuhK3JgiRrRCJI9aR1bEqCAIDoxABMwABMoBXFjOIFqKI7YvnpT0XYfhD2eELY4h3TWlt+xN1h7rJwuFqvM2W8fWolKbmF0zDImdqy7CokIQLXafzsoNT6pmObVn8bfFx2o3ZvoUoKFgkJhO7tm6NweXlTXcs9h//4I9WVvrsj8bQ//G//eZmd2PjeOqp795736MA8LofunX37l1dxf78f3yKmXftWn7nO+7Y2g4WFBQUFBQMxfLyyBhcW7eTia0qs93d2elI7LEIOSsrduS3a5g13xnjOspjJh8X0m7JL/nbkV95p4KC4LZ63XkvaiW/5G9LvmLR9Ud7N1CPo6VCvgDCbOdVX4QJvElLpXboA9dJLKFTr4MiYowRETajqrLMLJVUzJaZaILqkVTjGCJonDYiIGEBAQZCYiABZhZmERAkIHerYKCGaiC0q2g6FDUuFKHSgY7vQFKJIaq4MJCE9f91xUqHAPUp6TrQJqK214nfHK1PPURD300rnJdoBO1We2QbEr2WDbefR2m7goxnwS34FkGYdTGXFGiLCxNSMCdIapyU85fLAkroIUCQNXrqy12ZAgyNIIh1yEFrOYFlAYao/74q52oUCJV9N2CIiFlEnKdTIgojHMJzBvfD0ZWgg1kz6nqla3TD4Pg0uAFWrWzd84ZXw3AHhXiCulzUxpqn4S5Gt+Ba6/JB2nPJd1ICUSWLulF0ceRhb6EGF4UdPpjtG+aQ62PqGl6UFn5Rl+pC2MGs8niBkxvf7tpOX/0jFWtpeXfPoz+g8mexk9dkwY7FxZV1ANi1PN6CttbW1gFgPB7t3bM7W+DGG18+X83//U//5vy5C7/0Dz8yGlUb6+MgBJpzdXWthyDUC7OfEy0oKCgoKNh27Foenzu/enFlfd/eQhD2AiGy36onpdi+GscdbPEaGNuTvf0WO+y03j6ZlvcxCKWjXT02Lo9d9mTstCfPZpfGHWW3L/mXVX5VWxib7HjJL/kLyJdGvsxQD/TUs6F+yvz5vv8wtD/tGvyJBbgcRAiSQXZHE6AAEqJKtVSxwwAAIABJREFUntTuJYiAhkEQhEAMkkVCNEQGYaI+Pytr1ok0gBkIsDAyEiIIERMLu0etVu41haG/6lQMa5V+g5skJGNMzBgiESABereSRE4s5SMjeqVcIPMIgQC9sEsjDyMQxNRjygzFQ+beDxZqmts8S5/U896a/qRkh/k1zEtHmdrWOZ8hOLF1dgWuE0kZwehAhJi9a8YgTOp3z6EcuVLPuwAhsbCPLu2930rt8zbZVf/49z4AAGYbToEwROFkZqiNyM5vqIgwixKEniO0zBPLExHrmgZwOsT4TuWdfyK7/lueIBKAWE0zIqKdTCZICIACBGgFsAJW8k+JekTBiTCKBUFgUskvCACjj3sIrF/9+1lAANIesAglNCGLezum7IRKbrrRDxJAi/HqWjxzrLf2sf16wVnFf1kGdFNJzYThLuSBX0sYBj57A9nG7i2yrsyVsr1nF3dgYE+kfmGBXCDiTnSVrNvNznXXFyQbQeNrFQiy9/oxjIMXnnvPyPbcfXyxgN5mL4cdzogXbASrq+sAsLS06fLBgDe98XXveffbFljhmTPnvvGNbwPAd57+/q2vummBNRcUFBQUFFwJWFoanTu/urq6vm9v8Yndi4bdVf19xvZVbwfD2r6UlA+GkQH221z5cFxHu7PUH/KhI38u+3bJL/mLyyfvOK5sy7Zs59zCzEdhWgOEqH+6v3a6iU1nnYREtWKPiAxRRVgRGiJDRIaMocror7G8DwiBAJCDd0dCY4wxpjLGUEWBsQNsNOqDEAW7m9cREiIBkfIT4CWDoGHVPEOIREEdqMeipwRdK55djJnILuVBrMrIlNh5iFilASV787s1W5KUnK17TfQYJeu12lGmnjusV0tGBQj5KY5J6PhYqldi3efADsb9qROEiITgyUBb6wKVirOTif5wyBR24Qs9QWjtxE4mPmUnk8lksj6ZrE8mGqHQMk/8j2WrP3Vb1k4mdqK/i4j2m8UVUGhzbhZEhBm0pEoZrRXfYWlCiUxfh6tE/DlwFIMRBKT+BeJEPJ49pF18eJzTteQ2bteeaVkOqSQ5hY2jXVtbzVzQWjuN5bfd7GBBF8KfDRufoOnXQvyA2HjcweQDI31NiUsmnquntoitOufo4XwoF8jlirW1CQAsjbeOIFw4rP/yytrO6IYFBQUFBQUFXdDXAH0lKOjHIPvq8JKzbvtr3rx2y7Zst2PbEYOwbMu2bAdvYdbyoPp3jKKDimZCo5T/gB2dw1H1GooIxrsgBBFCMkRMFRvLbJ2I0FQsADBhZh/mDkEQAJVA8M3V/g49mQBB8ud6Cg1ljCP5kLx6CWv/op6J1M57Vqc21kFqakN/PM1mesNmGmERpszFI9KRZE5NMiVTsZ0vWccg7NInLYQdHFJPrHjwuodWfuSoIfbuG06ny51sTCvGESgTI3KWQGrShP4bLiXNwmmhO0f1PeevRK+ghcDNOU5QWcHJZF0mVv2WgtTXqXMArG2SYQCwEwABBKffBVA6UJjFpI5e3dgpvccs9aUIzILAjBwYUO9fNLQHIsTMiMjMRMgMFEdb9IPvBsQFE3X3gkSeMlyfl7BuneUwL7vpr7OnD11l5pbMTr3bzK3gCQTYYrmEqVLOgksU3bO58fWzwVB7C1lmSR/qk8peH1jfVaXjyQnBM3NPk26LoHfshXxzEPUwrW2TdMNFR3hZQq2B43FxKVZQUFBQUHCFQl8DCkE4BIk1tSvWYCYf57TuJjXPujffw0X1Z4H1lG3ZtrZVMOV5gyw4f7iaLvklv+RPy/e+sIeVFwEAEXFefluGdGd+0ghjiOpRk4VR1A+pAE8ISeMKCjAhEpmqqlQqZa3VXxlEJoyCdTweEBX/qVJKpUWe3fQ8CoAhF/iQkAAkuBIFTw8aYzQSoR5sjM8RQqdZVBJRiTvlVLziEAgbQQvR85CxFaw5ItHI6BBgw2FpuKFpodrumAgF+q3qWYeE2T4khadWJc0TEhFA8kWk68DGrzXBVVM+iUVyJpd9qSCsdYIdhERK4oaBVQquK6BguqtJH2a1aNnT0XUV8jVEX8wahtpYnAqwltyBG7egrtPqQCV3zIEsVGpQ5YB2MrHr63aybifWe/gEFxcQRISdx3kipf+sZREGECRCHOkdgC2zYWEGUzOjep2oapAnE4uk4mAgYGZEYoDJxDGChMSWEVAaZ1lPjY9H6K6ImH+t585NXz3vXax8lotqC/Ky66q9RPspvWT2+43vSZku1WP7LIbvGlimHRwxPpeuXSEnLNep3ch9CjDkoDnRnvrshwgiEu9JZqTHoWsiFMs2MROy942d4b90Orp6GA3Ihr4C0cGY1T1vtvWe71EGPDqDp1lInhHZi8V/xOBeobq62fitXar1XGtfg8mzqWeI2k/bpOfZQRgy7P33iktiGRfMisnEAkC1JaH7hmNtbf3f/Nv/dzwe/fZvfeLJJ5/+yhN//93vPru6urZ//96Xv+wlH/zAu8bjEQDce9+jjzz6hJ4CAPzFX37605+5BwBGVfWzP/uBa64+rPmPP/6NL933yOnTZyYTu2vX8jVXH/7AB370yOGD2ea++c3vPPjQV773/ecQ8Xd/59eWl5cWe2rPPXf0s3ffd/zYyQsXV4hw7949r73tVe98x1uqqjEFzzz7wuc+d98LR4+tra2Px6ODBw/c9fY3v+bVt8Rl/vA//+nRo8c/8fGPCsu99z365FPfWV+f/PzPfejWV930+S88cN/9j77vvXe9+tabH3zo8aeeevrY8ZOjUXXN1YfvuOP2217TqEdEvvb1px56+PHjx09qnMgDB/a94hUv/eCPv8uY+lOv++5/9PNfeOBH33nnba955QMPPvbNJ79z5sy5Q4euuu01t9x5x+3Ly0vPPXf0k3/7hWPHT1jL+/fvvfEVL/vQB99FjY/Fhp5aQUFBQcFWQl8DwvO0oAeJfbVpd4U6v81r4CLsvZCtp25XIK0HuupfSH8WWE/JL/mt/FhBKHUapOSX/JI/MB+6yufSLbtSePSpVBBYI/E2mUO1KGvoMvHxBUXEGMM8cvwMcVVVzBNmQ1QRMRKTMKIgMqHvqxkhobUTsCqZsr4J50pURJyPUERA77rU+xV1qj8wiIbQIBCA7qsij6ZGf9RdZOTuKyWftInO14GmpKyn2FQsyso2UL2UUCNxwfDeEBcb3oEu56vDa8hVWIebanepx16ZSAOTw/sNx319ximmVWUKrQ1LtyGzY641gzVBKByXqRlKAHX56ehD5vXJ+mR9MplMrLXBm6iIjQR8GuxPnOUdBJnEAIkRACYGQCJBcAveGGOt1S2hJSJlLxPeWrx6kZkRGbFh4nH3jcbqE7+cMNqCKxXxc/Ex4RuFnrHtWuQzLbPkvOauJ2tnb5v7t96MnsxdwnxkufYsFz4VLQ5jE8+0n3MN6L9lJbR9Vysbn7IsO9iejisWA2ezA+jFf5vFtg4h5DbeRPIlSlL/hh+dC8YcN4f+AuVC2IFwBKFJWZztxbPPHV1ZWV1ZWf3iPQ99/gsPhPzTp8+ePn32+ReO/eN/9A+I6Bvf+Nbp02fD3vX1yfr6OU2/8PwxJQg/9XdffPChr4QyFy+ufPd7z/77//Bff+KDP3b77bclzX3hiw9+4YsPbt553X//lz/92S+FX62V06fP3nvfIw8+9Nhv/ebH9+7drflPPvn0f/vvfxWKra2tHz16/E/+9JM//LpX/9RPvjfkf//7zwPAo49+9ZFHvxquPn05/NrXnpxM7BNfffKeLz189uz5UM8zz77wzLMvmJ/7UAjWaC3/q9/7j8oLBrz44pkXXzzz/HM/+PVf+4XA8H3t609NJvaJJ775pXsfWVlZ1cwTJ0598Z6HnvjqN//hL/7kf/rDPwndOH367GNf+frp02d++Zd+Oq554KkVFBQUFGwl9DWgEIRDkNhjI32egP+YUFwMwkz5jdp7wSseOtpt14M7z15d8kv+wPzo67nYD1BJl3RJb05av0Pxl6Xb7XwAOveFEj62BwAAApU/efWPKuhAgNAIikESMmKYxRiujKnIWKoqEjbMLEzEJCRAygcaNOD8Gqq+EFCAEFjQP85qoxMCoPowjYAhDiGRD4toDFZEld/RPCBmF724MEgMe5Da2VPVQJ/xa1MJg3blORYN1ZemZPY2DqkTkTk2rgqneF9Mu7EZQeCymZEIAxoCEe/Yza/w+nMqrUOLR2xHgxB3H0Y5itrxhfXcR15rJdBhXpEajDWCyAAa04+FgfUCEw3o5zvJACDCwlYltSzsogzWwQctW8s8EWHfRWd0ZmG/REkExDAAoBgm0gWgV0eINcjMzFbYXZrM7KTA8VyyiGVBFmIR9NLACCwCwigA7isB/1BnAF++yQ6GiYvc90GWKexndDZ+Wc1NE8Yk6NTebhm6XBe2qfGNc4SL6O8MrcxHBrcxzCXsAs5u4y6XdzjmO6Nw6Q8e5LZ8sP2wm6MjebSfmwsntLqfm82mc2XqsWh9CpOW7PggY85OD0b/t1OX31VwecCyqO+NLWvxO09//6GH97bzl8bj2267xQnp/Gr5/BceGI9H73/vO2644fqLF1f++pN3Hz16/MSJU/fd/+W3v+1NH//YR4/+4Pjp02f/9M8+CQA/+s47b77p5QCwtDQ+fPggAHzxnoeUHXztba+6887br3/JNc8+d/RvPnn30aPH/+pvPnfrrTft2rUcN/eFLz6IiLe//rZbb73ppS+9buHywc/efR8A7N275/3ve8crb3mFtfarX3vy7s/fv7KyurK6qgTh97733B//yV8DwJEjB9/9Y2+75eYbTp85e+99j375y197/IlvvOY1t7zqlTfGdT78yBMAcPPNN7zuta96+cuvP3BgX9j1zDPPA8CrX33znXfcvnfv7ieffPrTn/mSiPzZn//t//4vf0PLTCaT9fUJEb3m1Te/8Y0/dM01Rybrk3vve+Shhx//wbET99736F1vf7OW1Ev4B8dOAMCdd9z++te/xlr7F3/xmWPHT7744pn/59/9FwB421vf+LrXvXp9bf1//sWnT5x88envPvutb3/vlptv0BpmPbWCgoKCgq2BvgboK0HBFAyxtc5aflHp7Wq3pEt6c9IRQRiv8pIu6ZLepHSIA+aypKa/wBn3YwUhAgCQOGGhowZROSNhH/qPCJWWM2QqU1nDxrCxbEiYyJKQgAENMijqw9Bp+gAIVJyIwoJBoxSsXUH8F3hBRPRuRVUjaAgrQ8a7Ho05wZobrFmdKJicsn6x1CZ2WwdNbFxHuEno0NipFFMGHOFznYYTMHdUNx2SijxSYQ1A0o057IbiaeukP1EYQqkz/cJ1TFw73bg6xFcYSqIuTPBKViREcWShnq7EcajQ9ccFwURgdoPpfrx0N5BtSk9iiMhnmYFZgNnaycROLFvL1oYNsxW2IoJStyv+WkYiAyBAAGAAmDVIKKtwUAlCCbEGmSNVnUB6oxD3Az4kYkwO+qCDiCDoYhAGXaDylOipv6yTz0C0Bg1lMss9Ws8hy6bjWhiKgYKYJuU582JeILJ+dLMKwvZcXBIYztl0ndcmUSbxGpj96J34HFk4Ws+B6Bd/52seMX1Y/CFzDuDU5bTZ6s9EUBi9cHSUhwzz16YMt0u0OpMn5IIdAv2GiWjrFszRo8f/9lNfyO46f+HCW3/kjXEOEf2zf/orS0tjADh48MCvfuLn/8//699Zy888+4IaNK9/yTW7djka7/Dhg9dff2049uLKqqoPX/nKG3/mp9+vmS+9/tpf+fhH/82//cMLFy5+6tP3fKSpWkPE3/yNXz541YFNOG94+rvP6mh/5Kfed+MrXgoAo1H15je97s1vep0629Rif/JnnxSRPbt3/fqv/oLSpQevOvATH/yxs2fPf+tb3/2bT97dZtE+8lPve90P3Zpt9K0/8sb3vPttmr7zjttVlDmZ2AsXLu7evUvJ1P/1n//6eDyqfYEuL/34+9/5rW9/79Sp00oxJnjXj95519vfoumPfexn/+/f+329tN/33rvuvOP2kP97//oPAODZZ18IBOEcp1ZQUFBQsAXQ14DIQVFBN4bYWmctv6j0drVb0iW9OWmNKwbBXlDSJV3Ss6ZhlvKJxb/rAYO1KR8BGuQaCPpM52vRpYAQyZAydVX4IVJtn1EXoAAoXJv5CI1x1B4hIgh5+qVhPfQMH/kQg8YYJxlEMoaMoYrIeCrRhxdEAkBEowOQM2bV0jC/F2MisE0KJixjG1PlfVPRmKABhWetvHNfSwQzsPJIRpZBiLo39byye6d2I56LmFduTx92I1thQieHdMINNMnsOk6hV2oCSHRqjn4Dx9gFr6RWxFqeWJ5YcflWAxSKsAtpaJ20cOKhuWyVQdRxZhQbKm8MnW+6ZjTTQfBDgfVgtjnCeJqyM56d7oFLul1tf/muRRK3266/vYT6d0Hz7nFJfShwyeh4ui7VrvL959X2p911P++pv39JX/bY4Pl2T9+cFS5k2AfeghaC7IOpf1U3h31Q5YvCHCfO09BT+ZVzHe00+I+ltu4ppmHn2j/XXH345ptuSAq/7a1vVHZQYQxdc/URADh27MTUhr7zne9r4uc/+sE4v6qqN9x+m3JXySF3vOX1m8QOAsCePbs0cfrFM8muwA6ura1fuHARAD784fckUQnf+Y47ACD4Cw04cuRgFztIRO/+sbfGOa++9WZNPPvs0ZC5vLzUjhT4kuuuDnrBpM63v+3N4dddy0u7dy3r1AR2EAD27N6l+svnXzg296kVFBQUFGwNom+sC6ZgkG0WBpSZL93fh81rt6RLejvSFThHvl4CUtIlPSgNO6APO6HPAADxdvqxTcYgpEIhUA+BiIKq2RJXDh0lSEadFgIIoQgaIiECIjEGjEBlxBqV+LGxbIkIGYnQcq0f0gQhiqgAidCJFAGQlH8MfVRDkqcjKXgRrQyZ2nWoWt1IQ69FOe6WI0LqMjGQOyJNIhDQux6FkOnPe4pFL0HWFjafOWaq087cR/qYNt8sH7aOQQGUZv1TPXw2C2DvXghh6YZjIDMaUSAzVZ9BU5AhTgkX7W0zhbU41XdGM40xdhIMo+gowpivEgGuPW/rAvceQP1/lt2Pyv6sZWtFWD38hsoIBBBZAK0Ny5gNA0k8RCje+6frkwvIiQIoQP4Hw8n6qy8yVbO/dtClWQTY3SHE+VeN7jWQLLPmcDsVMkQX+tzIMmFuIt0EiFd++kOgPtmpXjqz+Yk+sodi3Gx0BSMMa/IS0vEM/+piCERC5PZGtUNuxRscsY4b/obX+mzYeHMLWDa5SyPcJ8Jl2tH83LOgd7uOJ+GW6e3qu1CruYFX5TQWPH3sznFew5toYyYKv18gXnAZ401vfF3QtE3Fy172kiRH/XCGGHg9+Pa3v6eJz3z23mTX008/AwDnzqWM1A03XD+oW37lTmxfuKbkMrz6yKF9+/acPXv+L//6sw8/+sQPvfbWm256mQZKrDv23Wc08c1vfkc7GRAo9pOnTh86WLOY17/kWujA/v17k6ts/37n3PXc+ca5M/P3vv/8sWMnTp8+u7a+PlmffO3rTwHA6upaUueuXctJncvLS+cvXNy7d09Scnl5aWVl9eKFi3OfWkFBQUFBwU5DYlPFrK0Vcvm4CHsv9JaBWepcSH8WWE9Jl3QrXTVNGCVd0gPTMmP5nZDejD5nbSt9x0bmGAGQRh0S99AREVDHZ/OB3YigliIpVYIohMSOJuTKmKqqmIUNs2FrxLAwoREAIjKGmImQWNi1K75uJZTiiG9NPsY5MiX1MeqEg87HKRoKzkhVOxg+SfBhFTODgzVnFtjBJsMYHzI/NmKUnGqkaxQYFu+pPqTZKXd7bpSRuMZWZ6bSf8MDUM2DQBQONzUiILSmgoiCzQIREp+NujyUdAkawZgjjEuCX1EawFE5wGanQZjBX0ix5EJY2HrFoJ34FFu2IozYMLg7EsgzsIiEaNka8vr80FqYw0D/RQrHMCx9I5yTA6KGHtQLrObJfN2JgCYZfxFJlkYPzTaTMDfyaArB2Wk7HRrNuEK9dEi1dm8TynD7+jU/2tKreU5EQECSa3nQcRsetJ2pMd05aM7Ioh8QMz3+Nhmxy+XMrg0jdbQw14Fzl+lXAXbd/wu2F/pGv11uaadi9+7lJGd4P5973onkHnjwsWyBti81FcNNxf79Ls7fqZOnrz5yKFvm7NlzmggeUAHgpz/y/j/6b3+5trb+wgvHXnjhGABUlbnzjjfc9fY3j0aVRunTkl9+7Gtdra+vrce/7uruczuGYnb0Pnf3fffe9+jAC3PJix3jSrNtJZjj1AoKCgoKtgb+L6zt7sclgx1iTy7pkr7M0w2PEwUFBZsNZvEcmCTcjqPSxBGBSp0FV58SF4qOER/ej4gEjDEsUllbWWHDXFVseUJMRCQgJGyARCox7N0nQv2OooZg173apWitGnRhBg2RIdSwg5UhIjJYRxw0iKojpAbBA+j/VG6dQ+NDeGesrI9tqu4SXFpEAgC0eOJaTuUZI5/d4JIbmQ2hUtMem7M6SYaOWxASImTodEQMYZsIZGbw3HIsHAxOdYFZafIQ3hLi0XBq1/qUxYsI68wgy1MhIbM0PbMFglA5QmbL1gpw7MIUANwVhOhkoAjCJOIiJNarOmLzG+MWsX2NUY1n3M1wEusuBFhsDKOvp8FBdtKEiHVE1NZcZGe5J2fIrgRtajDIAYeQlAu59hclqekhBeeWFm0xum6w8cKYhw6R2f78nWn8d/6obivcO0WWsdtMfmLmajf1Od54Fgz4BCF6TGT2dl3OPZdP1z1hSM83Miw999KCbQQRWcvMYszldvu66qoDx4+fQsRf/IUPZwscOXxwvpqvvfaIJo4dP3nrrTdlyxw7dlIT+/btDZk3vPz6f/kv/vG3vv29v//Gt5555oWTJ1+cTOyX7n34wYce+53f/tWlpfFh36Vf/IUPZ6/iPbt3hdYXgieffPpL9z6ibk5vf/1tL3vZS/bs2TUaVZ/6u3uyAQjnxtafWkFBQUHBQDCLvhJsd0cKCgoKakQEYaKwKumSLulNSAszOKdzjKhSeG/EwcAIetYHYzO/KstQNIYggqgfLwQg5QmJkAQMgRiuDFtjDLMxxhg2LAwgwCRIBlGIwBgUsSIArHSGKGmp1GSg+0KIQlIq0NTuQFVWiMbRiEgGQ+DDxPeoagy9Y0WNdNiCOl1UdsOfWcQPTTMHYxBcbiEy1jfJ7w2cUSJoE6cUrfWCLWNixlTZdhk3d+cdp9TyfTofYtFnJ52AqaE2tO4vBF3e6H7AEeEQ0lo/onjW0PXbWqueDT3UOyeDCEjsxtPzcm4DIsBc83bMYq1YFkcOsmUGYXKeQdmTdiaxsweneu1gV/4q6Fj5/ifNjdDkjPVLfNOO9ofQoGTioU4yY1XflHlNOzBngaQbMf80nEjbCULDeNFm6Zaevs2tqNtUPmzg3HW5hE1llPEiVIoeF8xIJbXlRnWu5oKEu89X9KUAv2pE/JcE2LWQsgPlCreJ+e4W55/ftgx3466rwy3Ff30lycNuyA0tyy8ml//mYco7z7TW2x1OTrxQ7FsPQ2gtWMvGXKpmQULX8zNnzsX5N934sqeeepoIb7rxZYs1eu5aXlInEw8/8sRdb39ztsz9D3xZEze8PHVbesvNN9xy8w0alu/uz9//4ENfWV+fPPzI429/25tfeYuLwrh3z+7rrrt6gX3ugur5iOhf/O4/ikdpbS11LrpBbP2pFRQUFBQMhLWsrwTb3ZFLAUNsrbOWX1R6u9ot6ZLenDTVUdQESrqkNzsNO6APuTRssB5o1NJ3vt43oI0FTKCUSUgBAVBsnnTUne4L5Fvg8KiqzKiqqqoaGVMZMqREnanIVMaMjKlU5Afkop4BGqAKjUFjyFRoCI3TC0IkSXRuRI0xNPLtUoP1I0NkUFWDaByLiEQqIlSqx0cljFmTWi8YzYBSnv1hdeK9A21nbQalHwP9ekUOH9HNtOjw9tXT8hKZAgQYgf3AeNuukhAoAizCAuyHq22SbVXYamKuswZoiBWb2oiatos1ogNnKq4zjsDXyGwaN5k5xHiLaWwXiq9FzsVDAYGsi4olQkwlIr13TwZgqSMUsiMdhQOvX/vgNWTIKB1ed6kmLGtlLfqQnXrFgO/GEGSWTWwLBkeISuuodiVJftey7Fk52cqzGL4MeupfICOYSFdn6uSQyrPUwqxIZmcRXetsaNZJzyI7qqGJRfU2O7zzdXjHYoPnEkdbBYgfTVMestN61b0vfgAOplc3j6OSeCsi0SIPTYe78xz1Yw6LPIFp6L9dD7wnF45wi1FVBgAmNnW2eQnhwIF9umy++eS34/xX3vIKNXp+/gsPLrzRW265QaMY3vOlh9t7v/3t733n6WcAYN++PVddtb+rkvF49P73vUM7f+rUGZUbqq/Rv/zrzy68z1mcOHEKAPTDy5B58eLKD35wYrENbf2pFRQUFBQMhL4G6CtBQS+G2WOhx067mfbk7nYvd/t5SV+e6cqbYhEASrqkB6dlvmOjrQwo31VmyLFpWvr6DL5Mu/7+tmoXf9l+QvtYYQDUOHO+OZVfANQ5Wlo9GTJE1IF6ayNCAGQB/ZIXCRCAgNiRM8gMLPrDEzsxXBlhRiErJMIghMqWMDMDMhECErNrjggQSTtDZMhUzqdo4B3JIBrEirAiUxFVRJWyi3FvAREcoegYTQg2NfIxC4nUQ6MfjGg0OwzNnRRX8muLDsmqlHr0VU1Ee8N/SuNFgrZ2j+qqXOjksHAkqtlVI9Ig/FRLSnXTqJms9l5/XERR+na978ikQ8mANBRpdajLHgj42HqBF4w77+poDl5eYFTzi9Fo+kFTVrmWDAKAigWJdCIBUUTIE24sos55DRETibWuY8zux8e90+cfgVMieqpPyUYABKVfBTQ0oRW2Yq0Igyul48Y69egv2UD8ea+8BomMwlMdAAAgAElEQVRU2whekOt+fAn0ikJAVEoPEYzqS0H7hdFaC/cG8XPvCUyfAD/CAqgiR6r597AcJP69d7b7jcth+jouxg4+b6BqJ9Net7Y1W+ccHhRn0iMOjO+VdT26CIt8qwaUxozN0EK4/8SXZL1w2orB5MGXPy/0deVu6dkORArY6bMgtQ47PjaE7k19507rQ9wdgak3wimd03o2UINWsNF14scH418h+CtuFmseGa2B1q07egZKfeuu8/MP0mYr9XxhY+Ln5tGzuahz6f7uqR/W6F6lQv+7mu2ZguwdpsuV6EJuUP3oHLhY6NzqzGZ8eFHQD0cQrk9g13hrWlxdXVtZWc3umhrHrgt79+4+e/b8s88evf+Bx974hteOxyNmPnjwwHXXXf3CC8e+dO/Dk8nkPe9+m3JgFy5c/Nzd9z/+xN/ffPMNv/BzPzFfiz/54ff+3r/+A2a++/P3P/Wt777zrrdcd93VVVW98MKxRx594mtff0qL/cSH3h0O+dTfffHxJ75x++tfc9fb36JnKiJfvOchXe1BaHjnHbff86WHjx49/p//y59/9Gc/oCEGmfmBBx770n2PENHv/s6vzdfnLF75yhsfePCx9fXJffc/+tYfeaNO0H/4/f9vgU0EDDy1b33ru3/8J39tjPnExz56zTWHQ5TE/fv3/tZvfkzvHu2cgoKCgoK5MVmfFIJwGDZqu87YYy+p9KXe/5K+tNKV/9s+3ipKfsnvyYcN1wNb3n/oLt+VntrPBNP7I8JQZyGop9EoGJgz5gCAd7eIwZwnACL+k3cgABEgRAFCQnVWKoRgUCpkAQFhYGOtAa5QnKtGpUosCAALA1lhQEMkAihskRDQBJETIWrQQRUHVkSVMSMiQ8oOqsCQKmX7oFYEiguiGIWOc6SjYwe92jDEkENv4UYKX/Qnyp4pPuWaLr8Ss3Xgw2Kfll3u8lozm5i6Q0A451LTG4Tj7gmk9lE1RjqOEBsltTNxxDpg9z+GpQGIIiwALBLoPH+29X3dcUYNH2jpmGQMxHE8uj7bJfumGsLBLrlkPKqIDRLDd8yG9R8oS2qsClCuzGUSKTnAniAM+koVsbIxbBlROQRWNR0KaHxNrd856XVyTOGo9152w7qTxYowsCdBlZJzxHB0I/COeXVuiYi8IFeXOpJBMhQLcMmVEgIGcWeFIOh8ntbmXBD/iYMIMDg3p36mHbuJ9S1JxIU6lTDO3jauJKhenh1TrA6QF26/zl5xU4VfMaOfdZfXbiLLSiYVTu3qYrVuG6lthlmYf7owHuQBzh0HtYQIgbsLyt4w3c3zCreUGervGFVMEtkvRaZ1fUj7U4/f6BJahAI1cJVTGMGOAzM9aXepTZP5B1EHbdfoS7Ohjvwpfe2er1CND64ctQDR95LQ+DopfE3W342pXpGZuWfoFniP7R6BfOuYfxMo2AqMxxUArK3ZLWvx0S9/9dEvfzW7a/fuXfOxX++8646/+pvPMfOnP3PPpz9zDyLu37/3n/6Tj//qJ37uD/7THx89evyBBx974MHHlpbGIrK2tq5HBd+kc2DX8tJPf+T9/+N/fspafvbZF/7rH/1FplfvuENdiSrOnbuwsrJ6/wOP3f/AY7t37xqNqjNnzumav+66q3/4h1+txd71oz8ymUzuf+Cx737v2X/1e78/GlVEtLa2riWVVFsg7njL6x/98lfX1yef+ey9d3/+/tFopPTtaFStr08W29bAU3vo4cetZWv5K4///fvee5fmiMjp02e//8zzyqS2cwoKCgoK5oa+BugrQUEvtt3uXfJL/hWUHyKBxVto5ZT8kn9553elh9fT3psvHzwVBh9QtaUGVE3oiILYt2RdXZMta3q2UpGeo/EqM6qq8Wg8Xloaj5eWRuPlqhqTqYhGxlTGVMaMSH3cuGCCxpiqGlWj8XhUjaqqcg4SvSfG2MUoUWWU3qsFgejcKzZjD3pGhNTRqB4SPGNuo3Gqp+mB7sIEEIBAgvAUY+3cwDPLeANDAABOjatOaapR91Sq5iUbAt7XaLa7ofIsO9ij1uo87077su7iuEAYRnUd2vgVQqLeTkW2t7E/T3KCVue8KVq63XPqr7PUP5uGOIRAeLsU+msBfMDFIE/xTUHi+zTpQ+vadX1Acj76prrZnOKo1hcL3GdCwnXV4HNg6uXZZvX6dVoDXd5NbWvqhdkuM0TmuJHuFWwLKIdwvU89fI5bzSWLzvXfvmksaAR21qW0gdiIG0LfC9uWrDHpfWAXbAvUGrjqObNNxStueGl/AXVBCQCHDx/UxFVXHUjKqKQs8dv5hje89n3vvWs8HumvIqJsExH92q/8/Bve8Fp1Q7q6uqbs4L59e37yw+/5uY9+UMsfOeKaO3joquGnc9trbvnn/+zXXvWqG0O3FYh4/fXXfuyXf+ad77gjzv/Zn/nxD3/o3fv371UV4+nTZ5WVf/Wrb/6lf/BTccn3vueu9733rmuuOUxE6+uT1dU1ERmPR29/25t/+7c+EYqpDPGaqw+3+3bo8EEAONw6naWlsQabvPrIIc05cGDfP/mNjx05chARreWVlVVEfOc77vjQB94FANpbN0qHD2aH6EhHW5pz2I/t8FN7/etv00fna297peb80GtfpZ1/2Uuv68opKCgoKJgb+hpQCMIB2Gl245Jf8i/nfPyZ335cVR0ItcKjpEt6WhoGlZdGPoDzQugcbE5vC7L1xMdCnc+uDIR6OK7T6WakVV7LiPfRl/RNQprrtoTb46BUTaPdus66bx9/7w8clRcZjcCTDcqaiKhxk50zQ2tZRNgKi4BgHYANI9OeCIBlq+zj+vr62mRtfbK6PllbW19dnayura+trq6urq+sr69O7Lq1E8t2fX11bW1lfW1FgFWpxSBBvScgVVVV4/FoNK6qqhqNl5Z2LY2XKjMaj3eNRktVNa5IKcilUTU2pjIatNCYqjIjowERK6LK0Mi4aIWoYQ9dlDY9fyJENJr0Y+J4RaKEOnJ3ru6AYV0qorYfvKzTyy53hZ4RrHMEGhRXoxVHtDSospaNEt1aA/CxaKimqZxtTzQ3HOpCDzo1ozf9iVtRpDo5sVllZHsoYhHDcHulZ7IblFLM4nDwx9nmkCAu79x1Bm+Bzumtp8+Zo5h/zMxsrRURa+1kMrHWao5C05PJZH193a5N1tQutb4eyoiIIIhvnZlDC9ZHF7TWrq+vTSZrk8ma1jWZTOxkwnq4SJAHqrTRLV1jRqNRVVWGzKgajcdLphpXo/F4tDQaj5bG4/HS8ng8HlWVllRUVaWBQ5VENJWpjKkqQkQy6si3EVuRvFw3XBeBFInL6CS2eHofDpQwsVm3V4i/BPrEMVkqrUsdmM1s52dp7M6LcVixNhIxYvcJLkD+dem679uWDs/UqK7enhtdz+D3uKttFkszhndv4ZhjRsJVPLDO9hNw6icC8YHD+zw4OuFQdPF/GEdV0AlsOSGI9mVr6PwGoi6zAKHnYq64QTyof69o401vfv3G+1AwFWfPrXzn6R/s3bN0803XbndfGrh4caVLMHf8xKlDBw9kP7y4cOHi8ROndu/edeTwwWQXMx8/cUpYjhw5pCTZwOaGYDKxx46fsBO7Z+/uA/v39X8UYi2fOHlqZWV13949V121v/9d9+Sp06urq4cOXrW0lPqAnUwmFy+u7Nu3N3vgqVOnDx5M6dXg4vXAgX1JPjMfO3aSDAXu8OSp0wf274vHqqvOY8dPhqOG5E89NWbWV8eQs74+SYjYdk5BQUFBwXz49neOnju/etON1+zbu2Cd+mWGn/hfPh95onKhehDJ213B2V0RIaSBXHl0DtvCsdI4VhAJvKOmuow004QQ19lqNy2PCFH9Dfs2duTn064MtMvgQLs9DShT0iXdSFfOIhArOUq6pKenZY5jxZvc/J196rFdZcT/dZc7VvJ1Sl+fwZdptytx/7vGARBy7Qq0+tZgpLz1DpmFak+VMbQHwZskSvg2H4OF1BEeAvqXHSJZy8YYlhELV2KtWGa2FVuxHKgbEO811DjyFpGAwXsGBQR1A2o8g+HgU8aYEATO8X2AhGiQCAjBbREioaGPSain5n4kTE2dOTd6iIEhNrghTEOXz7paeOVVWwP62/C62TRnxonmkES/+UYTB6eNvRh5Ve0/r4VoGnQuM6MduVZVft0Xr5n+hAZOaIC20JCIYm4pMM5tuR4zR147GxQVNqr0LVHt5jQ06uzL+m0CYeDn9PIg9BcLkbLllf/VRExerXbynfR3iXpE4kmJ5yU+00QFGE93OrOux42RTApnZ78jMzPpC6eUui7YgRfyQFxy1N0WYOezg138X3tt9CvFr/DZT4jScFe5rK6LxZ3Hpo7JQlaj+8Ctt8COU3deedi1PAKAiytr292RFD1cXZv8C9i9e9cNu3dldxFRVmw3tbkhqCrzkuuuGVjYmL6eJDiUI+R8o1UXOwgAWSZPVXdtQk7H59prj/Q33VVnFwvYww72n1qbYW1zgYUdLCgoKFgU9DVAXwkKepCx3wLm8zvS0HssDKgzb3PeqnRqTy7pkt7MNIWwWGELrZySX/IXld/eu5H6u9Kz1w8bPi/oyG8dlTj1ihLgvvdPdFfB+aDyEyEbPTfnEkSG0KiMr6pMZUZVNaqqkf5WmaqqRqNqPKrGVTWuqpGhyphRVY1Go3FlxhpZ0FcViI/KV1iNnN4p0IRVZYz3NIrxj1GCBlD5QgLy1IojCCk6H1SnmRvmBYdgDqdeA5VJ8ZRFuwe1FRcK7GC8BGKBnbhDMJSKmuzsatvmO1xxNRPc8GL9pOkp2aTj+pRtbcT8X9uBZ9vrYDpH0RXY7ppnqhGpcQ7hkgu/GneRVJVeJkYd85ogC4y7VtPtvq81WY4AoEFCGycdzbXrdszO1YsgnNrgSczyK11ru503oMz0poeXz0qd+jF1+c3UhysH28IPzddcjw51YHPZe0vz1tQ4bo5O7mQk31ukN5OCaffGxaLclK4QVJUZj4y1srKyFV5GCwoKCgoKCnYUVlbWrZXxyFSV2e6+7HRstv15cfbkS8N+XvJLfn9+1ebSMyx6yS/56VbmqyfaKwPKS38+zNJ/adbWLA++TLvd/n42pF3tfmaOcr4hRT/0dmEGEdX2jwyCTjQYAREJHJmBDChKsQEhajw/bY8AUYRFbFVVQIhWdVneSyN42gMR1z2VgmAImSfM1vLE8kSAkYgMIlJVqR/EsZKLFVUqmnKSKarZxBCu0KCp2UFAAjRIKECgPyGGHqDUkkECd0rTTLRuOLL5s6LL5NelQUlLCwjkZHkpuSvSlIZipELThHMpi1El0f/ol0zI88bcfOejgnl5zWaLvRAaHGF2PONdCRuYmO/bp6CqQd0GRlD9I7ll41ep+iPVXTGcF1P/RAxT4Q8PdwUQP6axMV1cvMAgrjXGGINOKahsfGUqQ8aQIXSXhqfxfaS05konanq/E6hFyXqhSH1nQX+xENbkerx3pvnKIZUt9hwyXIq6xdzD1mgQL3VkJ2sLuIpZHYpmj8oyxwM5wtldjIaHACa96mpiWv2bPsj9mNdtaY3hA74j4G+hw0MSbvDU5viyYYNwGkFs/FrvzRywzYvwysTu3Utrpy9cuLC6XKQDBQUFBQUFVxguXFjVl4Ht7sglgI3bsdt7u2zIO8zePqj/Jb/kLza/UtZAXSGqF0Pnvbfkl/y+fJmjHv1FXL4MaBdcvma0831YQ91dm32bZXz9PiMp77yDuv5IciyEfvpOu2Mb46BcUdpuIAJD+dhgJCAo6tRFvHbQ7XDdUHbEOzUMDkn18kUkVF7J1NIrAWZkECJTee+IGuSNAVjAMFeGRTxd6BkLa9ctT9AiMAqwUhmGiCqDZBAR61bQkYeuiAudhmiM+lfU+IKIVEsK1S5Wx17U/qPPcSSHpwQxOkeMeKbNRpeLxSTdZgS7jNdd4Qw7Tycu3GuXbEvfND5e+PpjiGSwfV5dbEpPT/oxtc4mBeg8+tbO3KOxCotBucAeIhlddNKMYLQWYtbywbY6zX0r4KPwASACYRhvRKwqoyR40AgqJ+m0tsbra32AwTiaYE7viLE/1Hhncl7xFdE+tfag1VQr1DexqVbvWFzYtbazme31thBCuv+q7EFCLSf5hSbMjuQOHJZETxx/QNBTeOpZ9MesAtAgspczuoZoIB1bMCv6l24Z3isHe/YsvXj6wrnzK4cOdfqrLCgoKCgoKLgsce78ir4MbHdHLgGo+/yG3Rhie+90O3Zkf66/zg/lNcSU+yY/sQ+HKE8hUMsAu7ffLswO3+j/TuQFSv5llV95j3AA4UNSly75JX/B+TW7MrSeBpXSzpdsPZKvXwlKkGy7IbRt8PXn+yON/nedLyBgCEcY8vXhEJcXEOGa2SFkZkJSXSGCIxfdOQc9Y92CxtEVT6uRMoiBUxNVNrEICgEaQgGpqpFla5UmVOGUgDBAUP9pgg0ZQ3bdAgOBi5BmVEvonIa62G5UuR1G5VIN3kM5QgAMdTs6w1EtDcFTQvM4pVST+NlKmUV/EL4mRdsNzwZH4riacan1WEnTdcIf6+UOmX7mOiJ+6adU9LCzG14mRhLKzjUa1rDTwtYVtjWXUVV1t8PUB41gzH7FXFpiddVVx/UVIW6HIRRCfwnUZ1tLBHMCUQREImPAX12e6qvIEAAYUyGRcTS5+hodjapRZSpTVSNjRqYyxoyq4HPUBHawGYWwJgubLDnEo+EvoM65qwm55qSEAcqS3EklXbtmLTicHewpMzdfVaztU5Flgjcy5luPtsK4a1cb0+510nHLR1//bH3bgegZgUznJR0OjBI7+jxbcLH6dlKnF7tUfMT5GY4oUsKtxN49ywBw7tzKdnekoKCgoKCgYKuhLwD6MlDQD6dwcvZV9DnYtOUmaYzLB0tKKBiV92mI6vdH9dqr22mMGmzVn9bTlR/bmYOsayb7eXYcBpYv+SUfqP2Zf9mW7eZtYb5jYaG1Zbaw4fPK19DuoTJ07P8TToISuqiEemz8UFAfnAgIQAjK1Bn/0+TnzIiwQjKEZNBUZlSNxqPRuKqWRqNxVY19eMJxVY1Ho3E1Glej8Wi0NBovLy3tGo2XR6NlzTTViEyFxpDTRCnlMSKqyFSeDTQRy0FIBqlytKLfoXecwAI65iUVgaWkYfRYG0oTuqGbEclRnfRkS7bVCWyY2xrkWWjRrwoREEEXgS4bFK/d22wZH9FSa+06duoQJWWmlk+M8oioJ6PnQ6TOM93MDxlALzlNl0j9gtSLpkQP/Ko01WhkjBlutdejyVCIuUmBCjfuYiMyyg5WpqqoqowP1GnMyFAV4nz6rXG0euAIUccnEhSCxkxMVn57m52yZBvnx7HFwgike6Mi/YMzdQgbt8HmqNbDG51IKJnkJ9fjHNd4u8J2Z65AJMM4351zSBPJ3LUzN4jkFhEyh3SPuyEi2H5Kof+MZehzoA8bOu3NRD1NEv0AgDRyoJVIfnYysPv7m01vunnf638oY/Nnhlak93AvkK/X9LaNx5WIpaXR8tJoYlk1BAUFBQUFBQVXCM6dX5lYXl4aLS0VN+PTkbEDd1iGB9mfW8fCgDoXZ3PeQvt52ZbtXNuqy/hYtmXbu5U5jhIAmK0GXwby+ZA9Srpal+69QbHe6lsUe0y6e+i1hklPJO2hgDCzKsUdmyEigo4uktruKNJhrwmGxbrmsEMEANAYAQDLqNc5EY/MWCREP0QXzFCI2VjrFH4itgJmGaGdCAoiEBEgILlIhKPR8mg0HlUjY0ZkKkc+mhGSASAQZBYiBEAkdPEFYwurT3mZZjQsscHUSwinvi4MKZN/z9Bhah7eFYgr5Lsn9IDKh3RMxDm0FQmyPwEYaqPzpyBJzrA+Dup5ON/Ea2UWA9yTYtxKUjgU83shvgaTRDgkzg+7ENGQAcNsjDHGWiMCFVRIBADr6+vaSqwjzJhoPT+nvB2QGCJrLYgQojHGXVmej3QhOSOVIBIRkiGjskJjKmoJBmMvo/5EojtS7zm25y7exoJLf0Ze4KwLLpIStudCqZGZkJ39gZfMcGwkiGaJR5hFcjPsWRg7EF091M5P7f/cT5DLBslNtX1xXekDtGmY6aVikyCe5/ZBkAu2FPv37VpZXT9z5mIREBQUFBQUFFw5OHPmor4GbHdHLg207MC5nN4t9B4LA+rM25y3aru9rZftlbatIgNipBko6ZKekpZB5SWT72kHGdBWUymVy4/8RHkHWBLqSdZ2IASa5UPt4nc22pW4vKsiRECMxqEmeGqjj9S1+rZik5ASFQggCATBu6D/9B47SBrjhb8IgEBEyi0KALhwfmAqFisCLEAVVkgIRILIzK4YobXG2nU1ERpjRCwLW7FmvMQgqm1UmaLyg1SNTTVSTaFKCQkrBINgiCoNV0hkEAlA4w8SEAKBuH6RILASP4RA6h4Aw8hR/RSEBOGe1XhY5tCzq6dMnJPY7ERiJhsDn+QPy1Ql/hQ8f4eO/A2npjPn62g0KPG8u/+D71CoVYKBCvJHefXlELNjwwTsz71r6GKqyU2B1O52u9pKWLfQSJuJJKqF7D6+oL9YwNFahMTC6EQsOsCoYf9EHeoiGTIiIizMFjwDV1UVIoK1bMVaqw0RERLCBPRqUFkhM2uBQMYREQuIO0qICAGU+gNU9q8iU3n6fKQyQ0MVoqmMFxIaLzM0xhiDkdg31hL5XwlVKQxDlUbxpeEIeBFmpiSCI0DsVC+mvZMF4HMah3bTfxlyMRSItnULYW37O3K9nKOqoeG+v9kkNNdehg1tlmnv3Rq7fPYq2zmsW3tdTSVfB95eeson4zDH/WoI5u5hK+jpPK3P1M/4iRYT/IttKF7/7Uu+XdgVg/Rh3NWxWRfGVGQ/4pkPCx/MNnqI6myBIex1F6IH/myd8Yejf0sJy7v+9K1gK7F//64fHD9z+vSF619ycLv7UlBQUFBQULBFOH36gr4GbHdHLg1EJlpQm1JtNsA4P/4wumFbri278Ws0Rnbc2kAnWbs0QjM2QW/aZbTLxNsB9YTzhbj/W23zL+krLl01/iyM/0Is6ZJedFqCfWLWYyWf72iTYfV4oVa2jGMi6p2hjDT6jx31SxDoNI+V5Hz1ARdLfNQc7tmUTA/D0Z48Q0CvAlIXnuRINkGsPwmvDAAiICNa5R1QQJgtgBJd4kgIJiJirgAcQSgIVsQyszAS+liDI0SDWCFWhkbGjAyNiCrvULQypiIkokojI0IIp6Zkg/cyqWcCwatViPuI/tncceJDyJJFIcsR+neTeNabv0UvJfGC9fme3nIlBtjEJdTgFHUiqVs0Z0iNqt4RwPQEA5FZP31axtOIhnQHoLhQSoExE6kvKUTUAmF5EBIjgye4dOkCAIsgx3Z/XfjsvN1GxBhGelYiAhFh1OlHQlSmW1WKxvnXbaIiMoTeK6mptAz56IPYiNdJGBOG+jvW4UWHjHRs7q8Js2ivzxEfhDtlB9uERL1ioXNZZfmG1l7pOijKyZd009ur+WvHn9s59FsXdlonu6jT9rRerhRCz9cSIkNdiS68Sx2X5NYBEXfSE2VTMN2d9wbrbz3asrvmqBk38rj3L1Te4qHfabU/dirYXOzevbRreXRxZf3MmQv79+/e7u4UFBQUFBQUbDrOnLmwPrG7lke7dy9td18uDSRBAv2/YHeNTK11uo7e164iOjb6FydjczCG/5uvyhkOBSFTQdM+jB35+XRdJrWf49Rj20duPxdQ0pdEuhKvhaqtzyVd0tPTMsexShu4jzNUSjLlWF8GPCvWOhbq8pFMpKPPInE90igDrk5J+gYhLZm2/Dg4rWDSbvgOPydhCd9v+/ZAIPxfs2Ja3BOD/gsYFx2J9B9456L+aSUiAqYiQmICRLAoApWR0WgsAizCzABATCRETCIMwCJshSfCyIzEDM7RqDEaUNAIEKBxtIeGPzQVeQqE0BCZiAt0gW3qc4lFUZg8WetovduOtnHWaTvccggsh5/9Lo0VNJiP6MuMxCI/w2n3mwUjDZC0T2RKzTMoV/LFauYmeW2KjsvOcSwCc4ZpZ7dMPHBiQuYlovggxYPYgSeh8ty6kkOcT1Uues/H7lhRVl/1rwLIQiQggoQqZDREAOC9ihqK4wn6JoLT0biMBhusqUDCwKG74yM9ob9+oL5+wq/RBLih9ELlxvTNQm60mcL5CIlo+W0RBvJtm6HKKrgM0F48zXWybWRuVhTbRvbpE/06Q+8zbc1CQy12pDbpas2fY09h6fps6dJB9LGOe/Hy1CA6Hwe0Q967rkBcddWeiy+8ePLU+UIQFhQUFBQUXAk4eeq8vgBsd0cuGbivnGO7rrexDbRFR/bnzLHqScP560rsw0mZYXbvhhukRdjeG/3fKVxASV+2aa8g9NbYki7pzUtHxBc0ovd1Htuw6rbzJXus5Ot0SjXJtuW5PU+w1WVE4v539VnZuzRfJDpf3zeQdrC3wJp4xqLe61xAIQQlFThNmXMwqvJAAHXSCQDAzIjqY9AgAisdImzEjKqxMAiLsCAisyUxxEbAirAIozAIo7ABYZCI9kCviKqULCSiSA1lCI2hSkVQAAhIoL5G0ZAxytkIgpCqGV33G6eaUIbbh2R2QiJrAe0xjOqzvDYxek0gdZtSnRYU6kZTzmYWO2zcty6Ta9LEVMusyBR1FzSXb66Ms7sGni92tefew8D9qvwZMyfptMVorzHGsujvAIIgZAwxKyPoNYWcqQcd8658IosQIQiBqJdY9ZyLRERVIP80pVEGnevdqqqI9Box6K+RWv/qqHMnXxQhEUJBcKwu+SKgQkLSdGAHxZl1o60T/Ol9Qhed3mlqPhX8oupdBhKZkvst/og1e7BxZnGTkKftd1IPtx3tW4RM8+44kJTd+YjPNHu+A+6fbecGM6D/qhk+yPGMbITav7yRPUcClPqrlkYZ2dnsoPZt0LQ1PrImf52jv2v3vJXjE54AACAASURBVI8UbC4OHtz7/Asvnjl7cWVlfXl5tN3dKSgoKCgoKNhErKysnzl7UV8Atrsvlwzi6IBRvMCW3TWfjn7JHxvUhVH92E4PbStqqll/Wn5I/2sdJA7tQ0mX9EbT1ZVgFyjYBAxbNrlS0rOv53jJ52dKZHeCp1a690aCL2nna2YwwmV6ksmU1G12YoECTxV4nVrcS2fGgRTeqhj8ENbCo8hSaURQg8swiAhLiJ84GmmnrBhma3lCTMwTEWawKGwQGYS9ts0pnAhHnhKJmiN07CaGvmEs3nIfrNddjDscPe+wdZYQlb9UkVgbewrU0qvG6UrCH/c3hPXClLaVf6CIKqaIkl39hye0QWL7rpkqrHnzbK/QxzgMayDWC4a0coHJgSmb6LOQWVm6ujQDEXl1qOguASEAERIgAwZZLAqiEDaWd3BeaiLfoQ3JIBmlEUGlgBhdA43Ig/WV0R7hJL+H3/VXkA+253dAxLwGJj6JKJkwglnGopcagXb5beQberirIiIciMuG/xuO5AKcStdt3kIaMvLZW3T/rHV1fuNzfQktla7vftyjs3Uu2HKUPQe6xmfL7kXxe4B484JmgnOKEP403JoeFdSoDB0+tPfEyXMnTp596fWHtrs7BQUFBQUFBZuIEyfPAsDhQ3srQwOKF0BsTlVgEg6wzseu2AGN4q1j/YtxR735g/qwmFqig2bzCVNQsDFUsc+3OGJaSZf0wtNKlc1zrGq+W/k+zuugesJ31LkyAp5OS8tIHV9w5v5LIzaha6NpskfvbDOJdQgZ1ERlRC+IJxmc10JlX6xFZisoAFRFIiMAHGl7gJYnzNaymTAxk4hlISuCxggIC4cv65UNVEeihIRALi/0Ivq0JTh2JKwVUBi+XReoORLAUH2kr+o0U4UyW2aUbDY0k/2s72nOXq4QtTJt8gcgIoF8zuJIka56hkjNcgWCiTLDI9YGzRAXsEkYYwtxcxj87xKRivI86jlFAABrUYRFvXHqDzGAALBKD4UEWASDSd7x5YSk0Tmd71LvcddErkdr7SC5UknAwSjyoCtS+xz1MQjb1GB2IpphBQEAnfyl1+lrWzw664LZgRK9whFuHFcIRxh/pNJGP9/WPGoDd+1hLQ4/dqa52y52cDHjNQQdf4qnLt/jp2az3MY5wu2Ej0odfZODQYKuvzdNLgVbjcOH9p04ee7EyXNXH9k/Hlfb3Z2CgoKCgoKCTcHa2uTEyXP66N/uvlxKULLC21fDN2/1e2wcYTBo7lz58I0cBE9M8bHirZGaD3WZVnkMdbbaTcr32ZyxI783nbE/D60HZ22rpEu6giYpX9Ilvci09JSRAfVEZSSfL3X5xifh7TpjBWGjfFwHiCTtgo8uGJcXadefazd3bACmBhlvo08t+U5eFj0jlD4g8o9DcnSdciGuXgIBBhDAyp+36v1Ifa0SE4sltsRorRKElkTIGAZhVoKQA3NDaAiN87KoHIaXCmrYN9+LkJGIpxCbJ+0NVxATIaE0bCvaps/Auww42vsEiIi6pGbvIrZmB2ua0MXCFEj0hF5imNOqbgj9xMnUuYioqRBEUJICrXELLWJMDYbDJTqwS+jWpglrIyghEAExSszKoQg6HaFbdcCMzCwIohcU67QxgIAwEQExCwGzSjm9DpAcjUeGqDJUERljKg03qMrCwA666yI443U/LlphwhWSF+xGF03MZOTnojFHGkcx46pYIPHanNF3Nqaja3kgNoJxQqvCLDaPc8qqV3OXcLGAz4nLdeiS89qAo053x5pbaLhA16AR67+xZ4RsyjUrEmIpb/q6wsg9QUYgCBDL0NFr7HY4sne23Dpw7yACGBVwLyeR/1RNEOxoj6qXLZaXRwev2nPqxfPHjp8pIsKCgoKCgoLLFceOnwGAg1ftKU7FZ0LkkE38R8/xyzD6/MDPRQdqiTgfU5ttUBDGfzcl9QSrXpSP2bb0N8nlS3TEcLs6zli+pEt6g+nqcrX7FOxAOJPQfEfmDpvpO/TewrFSsfOwnhqaX3l058YfcmfrEUFMgxQ20RZUeQUSkjd7kXfA6EOnIRljRJT2AxJjzAgQCJCYkJFICUImnqi5HUlj8xCABOGUCQ4V9UfDrBF60kMZD1OrrKLQa050GOd0OFRsn3DHUGwWeqyiUyWM3GGObOeIeAuufx1RyiVjpvNx/3JV1a9EG0F7yc0qt2qTeT0lu3Jco44nrZmqsNpjpjCGxheM00EyaK31VJ2JTs95F0UXicktPyJiRmMMogCwWAYiR/KLoI/JGVptk3zuGgkddqS3W/9dUkiIrpH4/BKdU3tCevRP8QH15xoCupayoRy7Jr0dNjX5IGPq4kmIk60XqJVXnSxmnYtLXVw4k5vlqWV6FvlMmHUKBpfs+6glvki3bFq7fBHvwMtzbhejmzqSnZ9l5ITmgo4dnDbC1HRQX7CluPrI/lMvnj9x8tyhQ3t3LY+3uzsFBQUFBQUFC8bFlTWVD159ZP929+USAzYMXdhyjIS5ciEztrummY0Km8mk5py1DZP/86nkqGyRTnSXHvy34MByBQUBJQZhwXwYtmxypaRnX8/xks/PlMjuhJiIye/1H6ckuwKbHn9VIu1KhsYgBO8YtWXtF8iaeiLLjnseiro2DHI9FfP5wwgBicigYXEfyKumzxjDzCAoACIMaAQQCYGBGUWIxZIQM6MwhS6h+3oFCZUeRHTeE6MtEoGpKUFyLbruua0Ko7SjtZcr9DkQntg1d9Kcv514s8paih2wXgIdnc/z3hKxL0EKVscpnAtTLbB9JzIvptmdMSmTpEPHElKtTRwqdaeF2Ucc1MWolTCzMd6rr0WxGndQiT8hQCDyxXTlggiDYRRgZGYGFl35VVU1IhCqXtAYJELSLSEZQhNc7EKYakTJ3Pv8GbUu/P7pyJN52aKRTlUHuT3m/arBfkYk2TvVW+nWEBLZVi51imvhaE9TO0TlZYlp8eEEAEVUYTbwrtiucGY+clHD7r0NTy1TX7PQfMps5d+Um8QUihfKtd4FG83VvyYjP/tEbNcl055KiD2/Q3g/RPcBczCwQKEGtxnLy6Mjh/cdP3H26NHTN77i6u3uTkFBQUFBQcGCcfToaQA4cnhfkQ/OCmnInKDEICwo2FRUzh7hIrpFW2eYLvklf2H5Kt6ep5723tnrUb+aneV9DELI5c/Zf0Hv66/OYR8kDCNBpYigchWYPjoQvfISnQpJTfwU1Hh1hDUSFfuJOhp1JBwzO/+jSCKCzBHzxCyWCC0jC5IQC4v+6IMWQYO0iYj6VfT+RdFggw5ULiN4RqzpQO99lLwTVKeUqu1V4CVUjpR03kl3Ktr+QmPznE52XWDKA71+6EcvLv4tpYvrme5idK4XEF/53INft4r+Skm2UbcSF6OZ2pqati7VaZAMthWEjhEH0F9jq7cBE9g3RARrCUSch15dgSBSiRGVYBCgoCCiMaaqqhB5UEnCKNCgW+jKHRIZLzmsfYY2NIjuUgb3S5PyjE9zysgnZaKvDLDOE+9cLg5Y2MnkZfOTsIX9vSrYyegSQ0/VT18xQAgusIeu9Ob4DHBx0OUjdODF1VVypjCEyU01eqhtA3G02EChA0chP4yXwv3Nh9TNjhgioPP/UDt3R/9OWb9/RZ9sFWwPrrnmwKkXz585e/HFF89fddWe7e5OQUFBQUFBwcLw4ovnz5y9aAxdc82B7e7LJYnImuqpvCjH2Wnd321Neyx6x/pYl6zLuD86fHnnTC7YdevyqX0YmrU1y2fsyXV/FmQ/n72ekl/yB+ZX9SfD0NqW/JK/wXxp5MBG6m/vnbEemFqP+B628tP+y+z9h7iVyG1pZIF0RhrPCEL8DbgnAcBzaYFxo4hy8PYeMMYgIDCIAJHWTcpJElttgplEmIGYCYmEDYsVseLsxu7xxsLMzGzVjERQ84EU6I3ajRV4kaDrbHQGTV1gRiqf8ZS5Qb+X8yFrOpe21TX5TQkqnebY2tYsFlXn1of+xpB+ttRznl7ik6kVvMq0GVBp+KBhtK0T/bbu0POajnId8dx8JIWMxjYs7aYx1se4ayyAKDhlNgxhpCAUzxhK8DVqlCAUATJ6EVm0unSZGBEZBABYBAQsIiIyCxkGAQQWYAFWr6JUGQTlBX00wTqEYNPRqDGNEIgqqyUyRABASPWlFP8XCR/bXkDTkW8VaK4igaY9OFajJpjqF7SZKV1HRXvTVRPCrE5FIvduYyCJMlXLWDAHLlFxYbIMwm0nudW4hzKGv8r8nZbrU5b0nurv+BIeY4PotVjO2+N7Of16tlUmXC+NefHJfm+iDdY/XNfuQ5eNXTitOKiDDlqgmjC8x0wrONV5+I6Gf48MvdfXL+9fFIPbJa+oRHDxaBEABWk7O18AUBm67toDzz536vkXXty3b5cxZUYKCgoKCgouB1jLz7/wIgBcd+2Bqjzf50JkTVUasJET/4nUsse6T/f1DwJJjwX//bpA+Kuw/nsKQz0Ibbsutuy92LAYt+3AGNmQB9uxN2Q/L/klf/b8Kv4TXJrm3ZIu6cWm9SY3z7GeNkvy4+3UehITebOMqvtyZZRJn97/UCp/rMv3VSDUNFpQ4sUUlDJG3i0URQQcIpmgVCJCBNXyaXw1QUcAsFZFRKNRpRQfIhtTAYARkAoc7ceOemFgEmIxAizCEr5QQSJkUUkiAhmqqDJolC80aAwYg8YAGSQUQBQCQWACclynMAAp+enMVd4s5cxYqL3wHFA92DUSh5OwmUg0gtJFqWBKabqbbGyAFcf7Nsy2gqJEM9Z1C4hm6iCIsBs91cABaIBDz7lqPb6H6DVhKKC+MgGj5RY7zfMeNfX3qPuO89VdsbfJEMuqPm/QzjrDq4iwCEaXqjdXx+s5hpJ5Ph3R5AIAqnFtdIyFyQlMgYV10ZAhZiYkAUGuWUJjQm2iMQgNGTSCAAxohVlIwLoZQHDqWhAQYBE0QggTJBFAAQuWidlaZosIGnMzoAoyQkTjXe96j7pACIRYkWoJ1U2vExsCgEEyqKR7vbwZxNT+dhskaPhIIIxe0E2GXwMfRiBuzsSGqyoxgbd9ikZEhbQKcNylUIv2LXzGEehDz76EuXTySHeJYHwrbbs3RHdNRIhJ5ZkIqu3yVBxzPzuZpEwGpIeTbhFp00YyE0/V3xO3YCKkXi1xlv/8xcmF3bcwXtMu/jastwvwhDoy6x2t/lJB/P3Uf1ShV7zPFSQGlPhjkaw/z0T+23j6NO6EmcFMps7TYe43dz/VJ5VEx/jbS31/DndsLee/uW09h9sdmFqi8VtyDlMPD8rv9vLTbx6HrKHMo7tjDW9cHr1wotHd9brqS1YOIgRv84gIKCwQkYXu/k3IEmolJy3fqTeoKwSHD+07c+bi2XMrzz1/6uUvO7zd3SkoKCgoKChYAJ57/tT6xO7bu3z40L7t7sslCfR/x0SW2uiNveE0CaO/ghoZ4VhpHOtMeVHwp2DNisu7bjRtv3XVSfmmPblpH8aO/Hw6+pM8KYNTj22Ow/S2SrqkHarkD9mSLulhaRlUXnrKyIC2ojKSz5fWzga5AzFqUUqjfPOcwibOT8vXtEfcWGyB6zkWgFGotkNRFA9MnLnRqxTFm24AAILcqKGbQu9rFDz/RoDM7JSOIgCEyO7HcS+IiJastY5UYWEhZpULAotYdk2LPzerdw4iZwYlIEJjnCAqVkNhsE3VXhSpsSs5BU8Zkn+Op8awHWBbn99pZ0d1zumXNJzfekuzfufvXjEaXEjb8og+dl38NuDNlNxcsY6IFN8JTUUaFABwgr+a8GuffhCGivPeC8GYnDMz9rAjqXawccZuB3snt6JrOjrlwId5BaEOp9LZ8YkCigEAC1b96LKLNoVMLCK6df54AZAJhRGBgAgts7VoLU8QROWBSCY42Q2SwUbUw+Br1wkHCdXLKKjTN8BaiRvktn78wxQ2mYNkPOO9LRIRo1tjs4ZuXVDMEfqpya/5tgIpW6znkgk0Yn+xywbbooTuR3vW+smSxXV4wffSWVE/niNCOuxFjL+EICXKVPCrX0WAu3P6EH9Yc2/++xAU/UikFU44jOTgK2gj5znbxSVNj6LBj08/+lfF1POauqgSdjC+dmRbXKDuMDSMIdFkO3WgexboM8c/1fWZi6ifk+mCFsT8U6FgC3H9Sw5+86nnT714fs/upUOH9m53dwoKCgoKCgo2hJMnz5168TwiXP+Sg9vdl0sViTkVIxOWLwDOtta0KkV/0EV/DrWODSasOBhOUk9sWGnX3/5zS7Jlon4Mt723/5wr6ZLe1LRKTTD8oR5vS37JX2w+7LD+NPIhLRPnz9n/Vp3uQ27P58Sym/+fvXddj9xGskUjgsxMlapcbZftvrh7umfm/DnffoDzUPu99guc59lz9nS329M97Srb5ZKUFyLi/AhcAiDIZEopKauMZTkLQoIgCAIgFQsrIuMX7Vdm3lY5NoruCQ1FZ/0douUxiDQ6Wt/1HXV93/d9r7/6n37VUU8UfqVVT33X9X236vtV36066hE78j89UU/UIRJhF1mQEH0wtMEEYMtaTpjirnmFUUlxpe41nQCfBNJ12JiLCCFeUOoVzaqrcUa1hteYwt6neiw/zopXnKj6EmEVMvoDJnmfxCFldzQSnPm9K+770m6JirRsdqQ649i2gz9EA0Qb7S/6/OyC608NEqgj3s+BrovF+n61Wq1X/Xq1Wq9W674Pg1/HP1EYtoToJ1RHfk7pJIuT03CESOqVN9prQ9eMknC0o6Y61hyICFFRjGFsFPcxvhFH7jjr+9qdX2jxj4se1kZjODuUMsFPjyz8WNarKhMzk/8JQAQ4sIM6Vs3NwrTwmMezn9OxkD8sVQkQNzFMKrLyx/0Z+/PB9VzYjY09PcWnHu+56VvwaYxk+9gtVhvxNhUSoPj2EAeoFZI/daMbJrDZrH7/zRsA+Pa7d7d3++duTkNDQ0NDQ8P9cXu3//a7dwDw+2/ebDar527OR4wl9mQw9o/72ofhxPL1/Kn02Kr80dvPW/6nmN/93//P/3y0udzwCePhhpUlNYw2h4x+qdmwZ2ub//ZIer6F45KVY//H73+MfBkYfsW7DcSgqMNy3hoyJimWlCCMRIjGBfRnwvLUORWB6vpMa1ZfpT4fNJYeBY+JMY5a52lH7LquV1aRup6o66iPBCGRygopMCVdIEciWWLcMGpARQjUoiqrogorX62W0EuPg6mTTmy6xyOFgpEZrZeDdKUQ1IXhosXv9fclj7tl832ZqEAEsVZR/33ZKoR0epRAVULeSH8vYn5GSWH0lCuGdaz3XTjOSNaip8piYkm2C2zUY1BKskrePfjdldBm4NACHabxmvRThzkYL8DhqrEjM86VYu/6lTKInmfsNfpgF6ITRnFh1BpqnSE/NiOSjsnt8Ij583vPLPc5niBaUleSuGjE2wVhgNm3Vd+fgdeYWivtGmLzrcgsNCPdMfuTDsTM+7mtzHxWmjCRf7kY87jjDnxe1HXJNZzY7InCT3fpmLXZjvSoncomV/SdrBt42O9GFRZ23l+0OmwUAQRC8t5y48YOBFTf4ORVW3470GiLw9Lmn/TjmxiX8YlJNDp/JrYOBZ5AU4azmD/QN3y2fruAPxkeg3fEifvhry6N8HCxGBy5A+WHkR/52EWde4iejN/8ujm/ema8eLEeBnd3t7+93X3++UuiC3pMNDQ0NDQ0NCyEc/znP/9zcPzlm1e/+fWvnrs5HzH+1//7Z/MbYvmHTPjLum6Us8URan8EYfqntNhVUrVvKzVVca93uok/yO9TVUPDElCVS2yf7fMxPqe464s4+1jtZ/Lv2X6o5KjhrkvyuQRE7ExstqqZKZB5c8j4wpxIoBrGBAb5yGpecdh3qhTsu27V9atOpVRdj9ghJhGgJwKTUc4br8YNtt1SZCKKJ6fGd/CTwDi4WlkAgKcvd4nxsZSk5pqVamfmMwWEgt1xmd12Kj/3nSsybll+eJwmxRjG0VjNRjvWR3Khmh0jqQf7QmHovw0Cw9VqtY6FieIBQSJrWhM7aTwly4vKvp3rZJs91dXLhgRa6cxYRmP9uIaQZotqLm539dflZWZO8UA8l2bowlewYtRdeGsfgjgAON+XYIAioj66KQT7jf0RKG5Uz6LCDMKBVBQEBnCETMREUZkL4yfdOPPhff6QsV1pwGWI66bmfv1Bcr6TPk7FD0AcgaNxIjIVirEQxfo9GWK3bkhiB5ux4ULw+2/evHq52e4Of/n2++duS0NDQ0NDQ8N98Jdvv9/uDq9ebtQ3QMNDsMSiG0y5D7EYP7yGWYvx2DJ88fbz9vkL/GwKwob74f4GFCn+XXiWi1cQ1oxKMj7+f/z+BwrxyLwqrLQSYmTI9Pekv/N0QleQDdbCqIpCo30yxket1AiTCH34OLSEBqB3GUq9V0EFzaKSJ6EBXTCfknp2RPt78PWYt71oU4y/llKhJVA+HZ8TUw04oiD0Q6LirNPfDknyuIyqwaQhhCgDEZk0XGKmGzF2QIkeJMH0eDrO3AP0wbf8zSB7eeNbgLaKvIfEVh1GN5TDfPKeiojxsArFzIqaS7F2zqhgqwWl0jEPECIBGpe343mUcoCM817/VUddT13X9SvPFq68XjBMSS8J9AR758lJw1wGR6aRrcfxVC7m9dENAUX3jh/zsSdNGcy/gfyoLELeuB6wd8H2f2XCLjE9n/Q0wYnFdvYEz2rxr0yf51/TYGaELDlq4RlOyj4zECSJoI2IGGIwQQxKQeUFIURl82ta1NVD2NnjPQQbHt2v7v6KWBd1tMtT7e5X+3nhCmkxP7Anq5i6LWZ90H8ee+I8dCIcO7q+m3gCD7/YhTXMb9YpUPNAkJBWYF8bSnJSrtpBCmGe/SugQHDdAMGBeVilv/l1i3t3EXj16ur9+9u7u8N+P/zq9fVzN6ehoaGhoaHhBPz127c/vb9br7p//dPXXUcLjmiYRFMQnquqhoYlUK+GANGKkX22/Jb/i8mHE/OX1A+jfMBA9DBE9gggV/NI9LGY2ZtCDSVn4GsxSoXA1ln+YywZ7Dx5YXRXnkDpe/Ug2vUdraLXxJ76jvootoq+Dc31I4Qga0uIAVNC8kuYOejjRjRQW+doktPM0aOm/nDwujljeyx63Afug2Q6rB+FZcLfrtEBpd2zJhqzJXBSfLjMMp6/+9n8jAyrkWoa588O9UjUGRlhH+WDFqvVarVST6G9D9LZrfRHsV6tV6u1OhRd9aswC6i4EMqvP5hhUyMBrdvdtFYsofqKPjzdqJ1NzEJmmqdnda7HhYOV6X+O0GsnC4cuih28HHFSweaen7N87gs1Pj2znLTGirAImzinLCCgjroJAIM4UIlDAiQRZKMY1K/ClPZbPQRYwPnKRqjS7VU8I4t8IWqyp5wsT88OnvEC08BO4z67gZjeyvS1jbK300XbOBqeDqtV/8d/+YoIf/jx5m/fvXvu5jQ0NDQ0NDQsxd++e/fDjzdE+Md/+Wq16p+7OZ8EFtl1YSJ/uf12Kn0m+zOcqZ6W3/IfM78H88fl6LPlt/xfTD6cmL+kfhjlgwiLIAMRoIAqD8Syg54o0HP7f0J6gmyp8C42reHZBAQBRQSRAJjIu5YiIhEhJJU/kDAQRWUbIoIPKocAgJQZLc1Zs7ZYxVNRNhJA2aWN2v9JwhAq/kPyb6uMS+EHUqQIXDh5qqlCKjvIiYGypGRTAKxSweeMCvshAva48sKLZlS/RUTIL9meVEJCxy2YwUdIQuzt9ZINKg3wKSJAhCIgQkK5z1MB9IQBACAKe9mlr1+lfsKMLJJPRi0WOXhlJHPyD2IZtNLIvCuCcMdfEJSnwNgHVr1X3M3Ypar/0Rsl4gOlacKMDT8Qi3uhv+lNQESRkrMfn3HqRmslR4sVvTFjQ589tIJnJ+T88jsxpJ8dM7Hxjra2UJGODrzEBV0CHQgAHJcTidON0rQVYnZ+tQFEpMAjspcSIgAKBoejAALg/EkAzFqVUPTweF099WqOfn2Bt8DisWfEpfXAY1yvr3M021SKH7Pjm1ocrBgSl9dPDXB9vfnTH7/+P//532/ffVC/o8/dooaGhoaGhoYj+Nt37/TB/ac/fn19vXnu5nwqSPZVNWRY+yrmlti8PGJpp8UJ+y0WxxbnHefjETvwOB9OLD+Tj2eqp+W3/FG+Kggxt1GavyRbfss/Xz5cWHuyfCjL2Px7tn9Up1J0U2a9kikRtrq6QBck2iCBrGpJa+JUjzkuaZhiNYAddh1hh9iH6Go9Uk9BeoUdovcyiqB+SdMPYYdE1CESUofq2RQgSLkgNg5MGqMbS/Q710VpSJ/+xUP1fwLCwgKWOEQv+wYAABRBFuQytl9ilUiQBH10rGx4WRnN2NBMAlRz15mA5X3CzGUsxPE8DkOYpoxpbRWE2PlAlyknTCpMLkCROvRjUL12huGe10YUR26UwObEXtd1HfW9DVnY99T31FO36voYhzDMqKi8CB51/Q+NOHLRG5Y+Y6eFZPAlHD33Vp2LpkOwPEV+L4BFGCD+iCY0M3yGWwMsWgZFgDPiNLww6H2Laftj9ashUzQ9hlnldJkqCklo8KeDqYiPz4ujQdymRtdUJNGLRFrc4mhjABZ0DMIIQgheX+x9ZfvNBMACzOicDI73jofBHQa3Pwz7vTsMzjEwI3MUFAL4ZQnRPyQlMI+mNWbVrfZhHg0xysinfmC+gJj5n60FxxCaM7M2VwbGJWKin89+CY8YDxFZsHIPU5H0tOsQCLHTB3ihEUTshLqJ2ycCepaGC8Jnr67+7U9fA8Dbdx/++u3b525OQ0NDQ0NDwxz++u1bZQf/7U9ff/bq6rmb8+lgiT3ZaqHuax+GE8vX86fSY6vyR28/b/mfYr4qCEvrlUSjYMtv+efLhwtrT5YPZRmbf8/2j+qM3GAw0CjDgDFH/ZRhOAADm4iG07M1oD0WELIyd1kk/wAAIABJREFUqAIFZlYRVQi2JMGC3wM4LSOCiCzCJAJCQMohJK2SCAGqDgmcc9bKFCK0xfYklVTRGP0nhF9MD2PzXP9F7GT3Lwk5Y6cdYu2M+ejKis1oR1Qtas8CefFYbRSf+bEJ/jzTnNPo1/IKdEQjTbdvuU02DpI4aplZG4wIzKa2OMQkqCaISKdbGPT28ikI4GLl2mki4kSQmZGBhIXZoXPIjkFpWGYhYWaiMLwDNag3RYSZGRG7ri/ssCFimZ5PyKhxbfMQ8zChi/tqvvBI8ydJFxiyVWRcHGXvheU2qqeL5a3oUDNH5ScHcLXCjx2Xxg4qioE3VezBQrfnR1wCxA9gCCuJ0vBdKBhIbhbnWOGc0wPc4NNEFHwRIyFQp4uAqJRQ12usbXWxctKjDV48+88PP2ef7fwNEXoTpgeMecEKkYjzw31IX13cfcDp8Jpl9nC0m32R+OyzF//2r7/+81/++cOPN4Nzf/zDVy2UUUNDQ0NDw6XBOf7Lt9///POWCP/0x8YOnhnm7+ioIEw5ma2ssMcG4xDEkjhhv02CwJifPADhuDzgqB4clanYgc9jP8eT62n5LX9hfnOL3NDwtAj0XGTRJH2HYwN9zW5TDw+WkYWYTD/UkbCwsDkoipNARElEREFNe1eEgAQqzIfkkg1AQIiMAJFUt5V2IZCRdlVbCCWROS5Qpj8KJLNvyXKWN8u/JNR4PsPILtDoHPk+OLFNDRMx5v5krfZE7TLSZqIhNf4QxuyCpZqqd9mTTxiap8X0k5DAuwZFAnUTysyAAur/kxDZOxsN8Rih0FbGvkVEZo6suT81MxMJsTJ9Lp6dUJgFkZkRhZl88DFA8gHLIAg7YlyyTKuhFCdRF3y8pYYVrP/R3h6x76bfyi4Vm0Lw77eWos5pw0g/15nC8emmyoiAja65nBqJl6iNmT/kaIWXQ24V9/oXjHLuP9INSgua9ny+vnlv254i9KpBYXHM7PhwGA6Hw35/2O/3h8NhGIZhcIfDYRicMPer1Wa9vrraXG02q1W3WvWrFfWrEJY3etoGHD/AlwyDsBxNOmk9V4/Nz45PeLdOXI5OXJdKxLW9WIpnyo+fhkdOUXeqgPm3eRjiwATGyIL6J6Au+74BcW+N1v4J3+yPHJ+9uvr3f/31X/76/c8/b//j//vHH/7w5fWL9XM3qqGhoaGhocHj9m7/7bdvt7vDetX98V++ap5FGxoaPl40grCh4UkhGuiMOIT1i0Kb6JaTI38QZIaBS/DmRimIRRHPBEW3hBkjAsLAyGgJCQ3hhogiLMKI6i1NBWfsXaGqaQlVgwYipId3facMIgZyMJwLvJIQ0LIXJZNREyoRkS0fv3pse/q8XW+h3bCkRixXWKN4Y4i4qmmyQqEFIZyxMIZvay2JHu8iu1Zqx/KWqPVwPmRY1axp6Z9IOo0xL04qTmFFgWwvVb8iz8EhA3XEjhFRlJdGAgeIQARxfGrHqaov9raqgrquQ0JLH7KIOOcj9RE650OGAhCKMIIggzf6i05dPZ334Yqe/LOhOhGx6zpErV49xEbaIpPixclb6Q3TAzq7RmycFGWU6IckJ/VaUn+vw7AqdKyxLVFKOub2LOU5dVsBQDh8m0sJq3c/28qUnOLlFfo7VQ6Yqa6IbX56jjCq004lA54YS2iqexQI8uKJAmHMVenw/JCH3jVM7AjYkRD3CAB10HWEna4Sw8DDMDjnttvtzc3thw+3Hz7c3N3dbrfb/X6/2+0Ph0FENpvN1dXVy5cvX3/26tWrl9cvr66vNy9gvV6vEBFVq9X1uqOmmMhxwfFRVGc6MO+BovFTMzGv88iQm9cBz+QsRHX8L1k9ngDV1UNxlLqu6+mnz7KwcPVEYa9EqjCvAcMgD+y0BsYMLieYQUIR8buBMEj9daReboTUBsX19eb/+vff/PXbtx9udv/7P/7+h2/evHnz6rkb1dDQ0NDQ0ADv3n349rt3APDq5eZf/vDlatWs6w0NDR8xzBKGRmjS0i39S0tbgcGS/PvWGbwlCqBAh0FtkAxSKcxayBEWNbeLMSlacZIqrgqTdFZn8qUWGRHxisCR2EkAp1wIersSSUwXpWjaJJlkT6bxhaHzXDb0exi+n9I6dj+7/BKe41g3LlIJigiHGJbVqsYW3qliRZmqcLBSDAyHbL+CxCxHMWocS8wclDukelkd8+oRN1rklY3280IwXqkS8B2ArweIiDrqXOeYGYK3QaaBGdXTIAYPwcrsY4qmySJcXNSMNvTUYT/f8zq7MTn6LU3zoRjP3CA7VMoNB/dqfM1QXs+fKm/ONUcwXIhkMLbh6A6ATxYh9uwIfjPBIpH0ecFiHsj+mdgRCcvhcDjsh8NhYObdbvf+p/dv3777/u27d+9+ePfuhx9/+nG72w4HZhEi2mw2LzZXL19e/+r166++evP1r7/88ssvPv/8tQD0q44IkFGGgbCjfPahlyAvne92MKur8Jgf0w/pw5l9BmfBQgLyGXGU6qver+pb1pL6H456l/pPbYSll8NTyhQNc0CUIdSU1n3epjacEatV/+//9pu/fffu7bsP33737uZ2983vvmjuRhsaGhoaGp4LzvF3//XDDz/eAMCXb179/ps3z92iTxeFrTWzr8Yy2Z7QSTvtlF33ZHvvgnO1dEt/hOk+bci3m/NbuqUfLQ0X0IZKGk7MX3JdUMmP4dSEnAggdJEP9GyZHpO5zE7hiKpuOTMphgqDwu8qLLSKFgPQaGrMhIhE6VK04PhEugGdKInYAuEHCEIokZUo/J0GKSSCAFK6kOLzLNa0e1TyPCZLsS4Yy6+qaUuQAIQQQkFdYP165gcjSBpY9jxlV3lLIYoJP3lSlxbXU3UoOjm0bAIg46gRUKxHOC97IEQmUL+jRBSOFGBgYM8W+nCCXPgX9WRh8Fnqu1PDFwqDCBEyIREwIzsAVv6vQ8ZyChASUdcRERJBcIzqZ26M05kLg1Kf5EogX2Z0yBym3Ir636W4m7BgzB9xOTdlGTfq0pCfF4htmD5/MXqnvgUTRFNmRtdzYZbjvBQi81FRv8BK9FXz5THG5R7QGoM3Yb8lIOj1kRk03qAI6+6I29vb79++/etfvv0///nnH3748cef3n+4uRFh6vqOet04sOq79Wr14urq7//47Jt3v/nm97/73e9+8/kXr1++vL56selWJE6wE3iwjPWIF9Bz9VJYddOsPU+9xUlKXu1ZcBKZt3wFnhjtD73S7P0v1ho/JLkYlSBrh7DxCyTKxuOynN3n8D6BR5b7hsvA77958+LF+m/fvfvhx5sPH7a/++3nn3/+8rkb1dDQ0NDQ8IvDjz/e/NfffzwMDhF+/82bN180Zf9jorC7orXBZqaH4zZbPDF/Mo0nlm/plv440r39m7ClW/oJ0nJi+Y8lPXVd4/yg4BMBwWA9TE6gGABB2RAiCk4Ou5IILOg3r2YypyaEaPjLrdKRo0TEKKxiFvXNKODVRWN+SM3x1CGzFyAq64igThm9ZKRgB1MaIEZoKkxv52IHT8Xj2Ogz9dWUNXz+xHE86D0dsSCxBlHz3qj3MD8JpkrnaL80TlJWXX92Qr/NKtWysyQqC72NMztEfNxBRPFH6AwBVvqQARCARASEJG2uFxA78iHy9CI2BmEiHgVBOLz6aSBoJiXBAYQoxDbkOHSJsOu6rlOuHUl9jRp2kIisB9EQpzDvBfF9i11lakyKevN8TxovwHh2x8SYxyoWhCmR8bGYXp4ZlcqIPQLjXBdHmXOa1MvBL4odtFtryvwFd/7hXaQTwe+MAQDhIMfXHSxERAgozM65oM+Tw2H//v1P//j7P/7zP//8H//7P25v73aHw+Bc33frNSGyMDhmdm632/380/t3795++Pn9zc2H3W77u/1vv/76K6Tuijry9AwUS59p3slXV0zMsz2/pLZTRWt+2EPZNvJCBvypzTi6TB0p8LAOrLUWbSLOpbhNCHTHljqkR4AyhGEoBul1LJzsIS1teCK8+eLVy+vNd//1w88ftn/59u2PP93+5je/enHVohI2NDQ0NDQ8Be62+3/846f3P99pnOBvfvfFZrN67kZ9+rgQe29Lt/Qnn25ekhsanhTe1ae3ygmIWHZHJAQ4ExCQ6N4qGsGPcIQmP37rHFsBovFUlh1CRGqMYs+VSAxQVxjzSZ04AqqpFyHzUkpINiOdJjo9NIUvxGj4ENS4Lt+BMeM021uI3WU9ah41REZjPCJWDfAIhLlwbaqqqbF0wiXU6lxY0sbmTOEq86OJiIUJQMcyEWnEOx1/wEBEzKyuREOPzrGD/maFe+bjDTIgSozWiYjUkSptA+Hg4lddhxrUEPV/Lyj0pKBNIGZE0XjyLuxAa3YfcYR+EUk8XK5rtre0StbOTMxCtzduZPXYcebCuV8Ui/TnlMfaqZxLgJVyfgJL31HM8sQVPN5dM6F8QQR0QnbUAaJj1mciCx8Oh5ubm7dv3/7tu7/99a9/+f77fxJ1q/X6xdVmtV51/QqpU3Vv13XDfrjZfbi9/XB3e3N7+2G3u0OQ9Xq13qyp716s117JPD3yj15v0YGjaX7POVVpycPqOXqKCxnt880Yb3qYv0FLCo/Ffyc1Kb08pCfh6EEA6vPBv2HZbaACyCFtHQzE1zB1kL2Qs2+4EGw2q3/711+/fffz3//x0/uf797/fPflm1dff/V6vW5/0Tc0NDQ0NDwW9vvhn9+/f/vuAwB0Hf32N7/68s1nz92ohoaGhnOi/TnR0PCkiASZBDMxM1OI1qQEBwb/otaazCIaB61TikLtP8BWXGh5xBRobUQoGlKBAAQ9V4mCCMAqsOBgwVabU1LvR6ZPTJ0ACEiAlBEehg0Eo6nyAjEEMP67g3NLgNGW9/PfgkTH3q+GpLU6/ZD5Mok6EjUNIojwNJenBkRGwRRJyDoPo5AjQWSAxmgZqMS6lRjG7ODZvTjWhaqRHPUeclF8+9NgBSEAxtgSQtVSIiMQIKPlCCcJQlUfoo52QYCOyJ8FkBjRESIDEAARszJvsQIUAmEd38oZQOAHO/L0oL+iQLdH4WCcJdElaVARQ5w8VeJwnl0w3/oBIXE4JMJaTIzHGYhVChZ+Shfe2aCXXnREPG11BTACR5i6/ItCVS72vEzJFKe7pORHBwxUOWQ3wic8Va/fdt0wDG5wu93u9vb2559++undu/c//UAIq1V/dbXeXF31qxX1vRfJ6+Lshr5D6Gm3vfvvv+/csH/92avXr1+/ePECEdddT2hWZdswRLMglMh7XuxeH8srL2EHq14N4i6IqX57JHawSr9d2jCrvi/NHzJTYObaimV8ph+SDwHQNybKv4WgiPWjGQQZwz2XyBV6BhEBwpuafxsVIMQZd+cNF4ov33z2q1+9/O///un7tz+/fffh7bsPX7559eWbz66umo6hoaGhoaHhnNhuD2/f/azUIAB89eVnv/71r/oWCbihoeGTQx9FQhidg7V0Sx9Pw72PhbO2B8b58KA2Q7XOBf0QVTrz12s8OgUdiaCwQPA+6I1pUBoQI0Vjje+RhAtforVqhc/65K9Z63yIQAGhOmEUTJYCgIKJWYpNTfRHEkiFNsQyE8vRpVv8C5zXoJasqErcKUVmB1Ze0kCDenkLX5VyG5cvs2pkxhLXoPdDVXuRTUAjlYh0FhZDhAgkqAhDPZEXtJ+Cov4Fo10+hiSEsIiwynn9rAQWxq6TMIQJOxEWlnCMUvYCzBD8iBIhJAWhigVL+3IuoLXTJF5B9du4LpXTuWp895R9ooptAoOPfisbiSqTukSverPG+bXyUpjCi5bHo7NGToyykbP0B+HhGwXmKz87m/5ATCk7Z0joB2Ji/RGY6JkpzuwhDRARZBaModr8nCYiGwVWgxNqk5h5t9ve3d64YeiIhFeEsF51Xd+rgNg55w4DsCNkAgDm7X739p///Ntf//rFF1989vqz6+vrYRgIu65LD+glbNNIL1su48Usu69kcO6ok27BPXTAz0jtH9VG36PCuW8nOvroHQyZ9olXhgkMK39aw/XVNzkg0Fz/yhY2iyCpE1LlCwUovHFczkLVsBR9R9/87os3X7z65/fvf/jxRmnC15+9ePPFy9evr5+7dQ0NDQ0NDR893r+/fffDjToUBYAvPn/59Vev216cp0TNTgsPsUWfloYZ2/LR9BO2s6Vb+kzpPmxLBbNFtaVb+mha7n2snLU9Ms6XB7UZ7tsPIvX6i+v13J+39xge0QT3ito9qwgEQy3ANHI6ob5LPdorfezBdHR0NiWAQFAYKwMl6Q8OFG1iFCiJn0xTCrajaO3ZjcIXgpPotNxiCASFJzG1YyfGsDh6VFulOeNfk74ES+rNtmqGKJq6vPvdTjMYJL38eTumH3hlzaieU1Ed4xIhc/wM7ODIm6hG9/TUo6f8JDDzyhAEb6yEgkhIjCDCwqxEomoYwfsPVOkiEgISIhFCYgfj2A8/FcQ+w9Ecn5kaVktUTK5Ag6aai18BhBnyDLUSAwACQaTp0AiO/avDtGfRnGbmolhxc4svw1Kq1PBY9ngCZtnxCs7IfH8COFtXINbvHi68rWfWsYXhjBBc/sZ1gZmdc8IMIh1RR4QIzG4YDgjQr2jYrEBWuiwwCzvnDsMw7IUH5w4gzG64udn//e9//+03v/vt737LzIfDoSMg6iz/v6idR8rE5Mmz4+xD/KShciFP+fl9D8Wvj9Hmo52WCoj6cM9pwnR4/oagbuGD4jDsLNLXTIxrswaMFkwP/Tg52gr4keLqavUvf/jy669eq7hBnY6u+u5Xv7p+/frFq5dXz93AhoaGhoaGjwwfbrbv39/99NPtYXCa02T6z4WanbbMf8Q0PKSeJ2xnS7f0mdJ94MbbZ/t8ok+44Np0VtyvzqmjinwWFkYkio4eg/ky2mc4tcHwBFPcoJo49cvCO5leEI78BFoaEonUQmroQwpEQXkqZUQIlAlRm74IBO+OgkH6lnjKccMtZWi5Ddv5D8FyxvFZiAGrggpZ41JGaBoUa4j1gEYikMvKku9W8cpODHxboJTKe1tQb2IpFjt4wIxJqLrPmzhB5QpH1zLyrQfxTjKAJG2bLeRPRQTMAoBEwIxEnhLTgS0sQhlBaEyoniVA474PEZGRmYEE9T9EAcdMwsDsCKKPX/GtU89tGoMTkZAwONzV+IPhpyAO4zRJk4Iony8jU/X4jkzIUOJsA5WMhHud97YnO4OyEAFYqi5IT5wvUyU5NANje5KU0x9YmcI5wdnwEWBiHU4y2CV+Mh8Oo8eyj1L/+HXOuWHQH2GHIKu+e3G1eXG12e92h8OOttivu9Wqc8DD4JxzHSIIsHPDYb/b3qmv4sNh/9OPP/78/qft9o4dD8Pgeuo7BOrGW3YWA+NPpDPjRSyv7Nm5n5nl63kbszDn6BvF5LXkF77kWLMy+y3L6XEq5U3Xl4PwuE83OrgUIMAujJ90AMZ3hLAMS31fUcNHg6ur1e+/efOb33z+ww8ffvzx5m57+P7tz9+//bnv6NWrq1cvr66vN82s2dDQ0NDQMIXt9nB7u/tws/3wYTs4b457cbX6/POXX3zxqjkUfS6cxU7bPttn+1z42VuTW/tsn0/wKRdcW8QZW1LkC4uIEgxBpYQM0CUrJqlzScTwP2hgQPY0njWuiQgih/Mk0sKHXkq+KjE4X40OQgEBGVibp+ZS9uSVehkFMOHAQuw19K4vfQUS9CClWsh3Y64d9OlJWulsmLc8XoKUQWbYNQQGZWFBADiMIcYkDatU54dXuPdhOAd3Y5OXXOuNLG9MVqWaDYH9cDXJjNW4al82+aKiPWbW6GLM3ljqMwmAQflCW1uUFUJwQar5ehQzq7YIAJBAgBBBkIk6MlNTZRsiAMiEGHhB/9l1PhghEXZdyQ6C3ijCaN5F0gl5vLvSXTD9H0uq41WlhHNmlf2lg+1nFOHQ/z6qIhAICEWq0P6C5uhE82sbfBOE44qUriJnx+sDBouWmaFlOULL8j4cZ98r0CSJ3m3vGPhwLiKOEZwaRaEJNgQmIgKGLTLj1YaZh2Fg5hcvXnz99dd/+MMfRP76/v3Pd3e3TpyIIBGzc84pOyjM4ngYDs5/OupIBA77w93d3Xq98muIUJTeFr4ljz6JbDul2MHwrBzbPWCn2JTb4SrsS8ikaP0BrRo3o3j+QbGQZY0TMMpoffhKeLXTtykx32Gg7sKamu0YYjEyakm6+XQ2yMZP8CiA/lkWV2ogSW3xcQgxcoQoGnHaHicwofdt+KjQd/T1V6+//ur17e3u/fu79z/fbXeHH3+6/fGnWwDoOnxxtd5sVpv1ar3u+lXfd9R1VOxJamhoaGho+FShzrOc48HxcBj2e7fbH3a7w91271x6E7rarF5/9uL16xfX15tnbW/Deey07bN9ts+Fn320XJhPdezW8lv+TD7cux5INZxyXqjnw7g8TNUDM/XEtBp1xvlZeYj1pH6IJr/a9eZtDpu3RVDfU8h7JwRALyYykgcAL0xCT0eMDIVeuwc+0BKCN6ahFvFVeXYQg15RREi89Yi8XAuCLsHL1RjCVajxCdFYrCSeSgCjn9REiNaVUj5AoT8yFIUYmCo3Uy2XA06h5LRs5UqcpVOWwc8WCOGOnDrI1JJFUAKLW4rYQo4PPgjsQ2SheMseBjNfDDfof1KFmE4NJkMYQgUVeDJZBwl4E2ZFQVi5wHBWTE78QsNm71rVQJzJFjG7MVERCWGsSqDEY09aoSoRRL+hiCTsFYKAJCE3rgZqwsecc0JCdGE3jXCcMhKWEZ2mCJ3hITT6ICkLHhwZqnyQiPReqcxQ5YTqljTMDkSkGH/SG5OtAbnepWHgYPSurLNLOK485V3D4FbO+iscU78Cgon5pygW9nPG8zwoYPjnZMwH33VpKNrJZ9wYyHhYllxK5SgzuSbIhjEbUY6xc5MrT8zWnLQ2Hm3bVO/dH7O7EpadYubq9AFiCZSpjQUogZURASJSi7iELGFxh4EdexfCLJur68+/ePP1r3+z3e0A8cOHm8NhuLm5RQQWZsequQcREnDOucE554hos7lardak+uUwjJmdzvjEnQvYAbwQBcGWM1t2hKdfE7ef/59w7Ak31cLxul2swDHa63xVRWZFVo7pE2Z21UQHyeNhYA+RcgGx72y+tHWdjWakVU8KqI8q35Gx/WkPiqkHOaxhZci/4BA0LZKCUTmKMQpv+aoS3+XiG0X2f4h84r9Kt8Zr7yNT+aDXnIZLxPX15vp689vffr7bHT7cbG9udre3u/3BfbjZfbjZPXfrGhoaGhoaLg7rVXd9vXn5cvPq5dVm0zT3l4LsXd3baUfWY292eAS7t7f63q+e8bcXZc9v+S2/kt9bK0P0dTbKafktv8iXe9cjqYZTziv1fBmXl6l6ZKae5NRuIj8rD/bbcF25zS6/3nSsRC5GEASEBTQaGjAAiQhAl56IWhIRkZRaSK5BE68QaCLUbeGeSCLf0GQDQrNtHQLjoclwnd7oH3ecd0Zx7AsilHY99JvTJdqmMHVgXUSYQzNKdu6+GFv/Y07NJhsv+tFcbKkpzjB49kSlJiByLyk/RIVMrQ08R+SDMMgUrEEyHW+sh2MohSPh/oOna5ddWarXnrHKW1SNxXWSgxBzS7demhJnVvtG8epwoiqdgxhodeboeDMy7ToirevRMGdI50FkD0VYiJhFdbQUDfCBzgo78REElBYMH5YFjOwgQcgEQgw1CiYz+Mh+XfS0Do3IIKavGQRGAz4Zwed1V2YUxrJReAggdgSzX8vMCcSvSeFlvWb3j8Sh2KwkFSqVX7VrN9QsjHopFZi50jPiqGr56cVeYw51eXvO0+DKdDwHbLhKI2UtRrU+n8MvwrpBIMAPHhZ2PByG4XAYDoMbHDtZrdavXr3+8suv9ocDIFH/9ucPH1xgAlXHz8wIQIjCzI4Rcb1ZX798+eLFi1W/6pDIL6c6QlmEwv6bxGcv6eGpZW3avbCd75AeN1Vl9tHTz2JmgC3EvJSwYAdhco+Lz69oU8sD8sUz41zBL8VhM1X9aepLZxVKeIMC84YXB2TYtqHCPsilesosSmAi01Nc4wQmn6JmyCfNoYAAMoDZ3xJZUlTDhKGA03NawL+x6VVizG345LDZrDab1ZdvPgOAYXB328Nud9jvh/1+UM/Kzvsmee6GNjQ0NDQ0PD4QgYg6wr7v+r5br/v1ut9sVi+uVn3fLaig4alh7at2P15mdx2VPJvdGx5Sz/jbR2tny2/5Z8rvc34bEK1Rr+W3/PPnw/3qgXo+jMvDfeqJn4oj7amly6MmrjcohowCQkA06Jf6PyTC9JDzdMjYw5h5bgb2B+O3gFa9Eaz2gkA2ZI1+CYjRqIRIAqxuTiG6u/IG/sjsSooiBqAsDRPUA+Q9A8YW1ZOkNudtSUzXzcHqp3VE5EhQYWEoZo13aJUh6SZgYCJLi23kz2xjplp7UkctP6QoUz3EZha86Vhooj2mLkOrDYu12bQqh5KBVbfKGFN7YF7DaEdEf4hTplBncXQVSkHQ6Z36RkkvMwJSR8GBF/iJOYpBCMVYjRsIpjuqer151yXDfdarYSsczJqDVV2imw1stWZRCX0LSmdi0BFi0EerZdrzr1WdkO/q8B1KJjlDa3OvXaZ9m1nOTywf3rHmauPLCXusAY/BDs7M4qPnHedP7J84fwvnmzFbuqgNfeak30nSh1taPgUEVVyfJohzzjm33++32912ux8Gh4gvXrz44os3Dhg76ter/u3bDx8+bLcuPoidcyBCiCJCROvN5rNfvf78889fvXq1udp03XlMDMXOvmLJteRWMZ9P8uG5pBn216Pj5CyjqCoWNITvskqsDL22mIRMlW+bQRXO5TffFCgGnYD4w02z/TafkA8owkEUHr7GGCcYADC4FY3CRYp/qsVLSD4aBESQ/VstBsW8f4tFAIa0gIswBGenYfCkt4LjvKN8AAAgAElEQVT4LrqoTxs+WvR999mr7rNXV8/dkIaGhoaGhoaGRTjZTnve/HLT82XZ1Vt+yz97fh8Nl+kTRjktv+WfL1/uV4/U82VcXu5Tz8gQM9ueWlomzltcrxplxDs4MzaraMryhBwCaDiyaG7TnBijzDIMhKByJvGSQvSqHq1fgvnen0oNjv7c0e7vDZGorgoRyXtl9EfFlqL302ga7f2GAgFp9DV4Vjy9WKc4e/X0hrKKRcsCp7U83eysw0uSAIPp0LbEkI5TPN9YmzVOHGVkj3KBFYhQMMCqP9DUYZgZx5XwG9OE3oVgaLxNM2uwPV8JReGgoYPU1yARSSDn7aWJ+g/MGKrgqDUKZImij9FcQ+tVg0lTGOqInz4xovjHfZvJ7IL/TxUQi7cbY+bZU5eIKMAy1WbeSCWNjoKQGN84dYnqT6SeUb04pU5CVgZ5kMMmwmNiXOQHVTZMVKVyD18Q5h0hPtdqc/TSwlA/Ajupz9i8CTexD0BcBu4VxRbz1VKFxRp3cL/fb7fb7XZ7OByGYTgcDrvdDgBeXF29efOm7/vr6+v379/f3Nxst3e73f5w2A/DIMyESESbzebVq1dfffXVN7//3Zsvv7i+ftH1ZCd4xEmkcnGg7c9RYlLG9/BbUOWSi5wne+KfGoMwrmoCJF5B5xesUKNfbK1Oz55QY7FWarZJRMm3U4SlWfdOiFkNleGLzgLAv8vpudKGE4CoN/TnSGSwMEStO3t3peEJHyr0bUcBZPH0YTiJvjOKeAf6qtjHFoOwoaGhoaGhoaHhsnCynfa8+fDI9bf8ln9h+X3QUgTqsKVbelEaFpWXSn5yqXT8XKYM1PNlfKxMtlnKeqbqhFo+GOdOsR4w1wWj6/XHhv3iXl2jikFgQZK4oTtollA0XJq/OP0KAiGnyE1RYPPNv54RDHShWqdyR8MQaveUiUbfEW8zA5hwbhbzc5KziDz37DShxfNShhGGqUqZGMMnnVobpBFl66+f1QKzbyr8yrTmcqF1uCCT5hmIsSdMnWMSp1dotlo5i3qmaMLYDEsTqnfBSNPmXuaCFR4p+nEVTqZjKzHMlWRJZlI41I1Ege8ETxx6ghBMyQyhbUdvQUrrcptzBbn0FBAzTY2t/YH6kXBeyLYhQFoax2MgrCHZ0L2oRWMGYy3jEh7l8dowU8bSzwtppLPchTPLB+8HP53Bj3ZlB+Pqx8LMzCwgh8Nhu93e3XmO0DlHHV29eIGERLRarV68eKEk4t3d3d3d7TAMINIRrdfrly9fvn79+s2bN7/97W9fv3692Wz6vvfK4ZpL7Xvj3hLPh3T18pOeuhdkXuYY3Hw+CFj8G/8AKlo4fX0TLDeGAQVFdFV/VPyMskHD8IF54kuK7my2DgkIAOvbmISMQC0Kx01mIb5mClmslZC/cSgCkSAUiDvKMGi8wUokL+IdqaGhoaGhoaGhoUEhxr6K3vbrv0l2V6zZeLFui7Zpb4WbKQMztuWj6VE7W7qlLz7dR+c2kP5ybumWPpqWB9cjp5WRU4+daLMcOZdfzivnglRe8jrBP7AAK3Umy3uwIwuAMAsyAKCPQGjd94GIGDeSaHfNB6lesqnlgf1iJXraCpVYCL+CoFiCZhG8rT9IgbwpKTuWdPd51tr8Esa4NNN/EqWd305d8DLjE4U+DrZXvd0neUpMHufQW/pg4vAxO5i5msyHn/E5Vjb+JPsvmjNncsWyOZ5eyYYZlI43y4priO5DLVk4DvqVSMAwtX2ssKy1DCqT9W+cvg4rRqSshRjc7oZ8NcYSKh/pvZUigpcVmpCE0ekwpE+cvpu+EydUmxJoz8gDTqkP5+jhBaeb0owGujRkxxuJmfu71OD8jmZDceb6p3Euom5MAY7TFs8SZXAhivYvcYh6acv16UCv0k/8vj43/TOUmQfn3OCYGViGYdhutzc3N7vd7jAcELDrO0Douv7q6goRN5uNag3v7u5ub2+ZHQD0RC9eXH/22avXr1+/fv36iy++uL6+Xq/XXdcReYbwvM++/PY9EQP9SGO72KhUVSefyhGWTZ1dtSoSz3ynhJjPOsTHeU51hu1c+sTgKIxGq6m2TsIlyrDDi4Hu0wIWwaALjI6srcN5Fksceg/YImFrF/pD2T7bUP3uoh6uzyig2Ve3hoaGhoaGhoaGhucA5vbVZEqAcf7Ixpv9IVa3FeO8Ddlb6U6wOWNK5+3E48eedF0Xwwu09CeV7qXifDTYGVt+y5/Mh3vXI6aGY+WzPSPVfBmftwxyGOsHKeux5wV7dbV8SOeNCkLTD5mCMG9noOSTtdxHNQPwjj0FhAERkCJNJF7oBOodi4KFKSJ6HPU/5nHkd6UrGYrJvSRmx0fznL8gb+A3fJPajQobXfBACl7VmEIfTpjR571NPjaqVIpPPM4Z45tLVeklklO+8ahTdIRFzRyur6JlsDWbbohWS4jyhAkyqepWdMxS5+1jr1AwUtNy/IWi8aLLYRZqzu+gwIjyqfIf6l9xbONGRGFhYT1MkjxYg4GyoCAQ+bVKzbLeg1uspMtN/yKgt8A72EVkp6E8gyAwvMYFbjAWTFFJQz4iUuAbKxdY3sE8J8nysF7GtFnKo7K7UjcZZ2Mg1pafRczCOLadg5khXi0NScWCtpJ8hi537GmJz4cTG5gY22zsVfiMxS18PMy0yk6B+O1UIx/Oqh51MXpedZ1WGU8e1YPKqejjGwM94uMIDm44DMP+cDgcDvu9Ohq9vb253W5ZpO87Iuy6DhH7vieidcDLly+DS218+fLlq89evXx5rViv17lj4blLtPs8its0vlP29hXrYSxwlk6cWjTGq+5ZJtfxMieexNbJtczaMxrDkzB2KfmNI4JcXwr9YXYLSXoOBy1fdO1pw62iumL2O2e84M8vg36/UAxt64WEuuNFADhIBkGQ2S+SAiCcwukCAHueEByzJLMGBi5SmDXwNXQUt5Kc1s8NDQ0NDQ0NDQ0NjwprJcaxZTXYZn2wkhPt0uNvy5xg9b2X3XvUzsuy57f8ll/JDwrC0WfLb/mz+fLgemRBeUn5MpE/rl+mziujeirtkbL+2E5I5aH8FtNTpGynkSxqSQ34gsq06f7wYM8HZibsfHkfVwymPIo+BIZ3yWlLnx6pzkwZwxCknpk6yxEm6ReAKk04ptwyxdIC5cTYOBuZ4Ht38nLlUMVR7bFGzkjZykOCCb9KM0h42xrLQTKFXx6GMCtAQEBFX+mv/igUAWS0eg2wKSX6zHlDG8KYJyIAJEKkMP4jB2jIA2UHk8rQrEjzt2GO10Eo6NWjx86QXlP3OmpC67dS4nKC5QG1EyUS2rQmmd3DZDnaMdW59kCMCbYLwdEOmScsz34tYwLp2Vd75fXFTK7ocJiZhXkYht12e3t7u91u9/v94XDY7w8fbm52ux0zA8j19YvNZtN1Xbyo9Xq9Wq2UzO+pu76+Vp+ikRcMwkFBQKJy0QvL17ipsrDHlvfqPW7xzCFVgnnm2JMY+kcaKqf2VVzIdXcX2+1VvlyssMKFF7dWt8lMb9Lwto78IEwVBlm9CIOP7MoxKq6weBYQUFg5QvGaw7AZjgGYmZH0kahPHEE2EQtRA5WWrWhoaGhoaGhoaGh4boytvtayGn+5t126Vn+95oX140w7H2o/b/kt/9HzTQzC9tk+T/iERSVro0tOqMGUkXq+jI+SydrKGITFudI2D6jlQ6ohncW2BEY1+5xgIBIAzwr473y4QWUiggUHBEcm9/B8QYjtq0rFoJDcoLdjxT0svhxmxsrcATdiFtYuLR8hnTbLh60HGE8vUkQivCg8kX0/WBpjh4zOWu8f6+vyuGzC1JvxIqBqU4xfzXCN4VZizgOlbwsis2A0s71XE5dnybklPHEIwJeub8yhKt02ZWoHACQSYRRPCaYGBzcRjOzf32KvBfpQra5AQkkDIhJDEkYRTzkvQlMRAZA6iHQExNmCGnrQG2qtdhBSccSRJq9616Zy/PIlvtPBNtIOxfyr4ltNS4yAZTlC3btnS/r7lC0xcRr4k1iBzXhChBWtcHULYdQt7Iejxe6xNJ109qdc+h6VsLwYL6O1OX5cax1mozIlWkdQ7urVOefc4NwwqOPQ3W63vbu7vb25vb057PfDMDA7Zgcg+/1eOb++7/u+V7LQOdcRrboeAJidc46Z4+1QijAuEtVdICd0QY3ZfYybs2QzgcWlUebLMaLz4qPU7+iSoMCTYvj5sZcyJSj6tML48IoUXInkazSWj898Ae8mNDy2BNQXKERSDzRHlCAUUKcPqKJ4YVE60UcxBHDsHzQQKECJa61fblmF64/Rzw0NDQ0NDQ0NDQ33hmUrggM3/02yu2LNAoxTVt/0GfxsTZep1rz0c9TO9tk+L/4zj0HYPtvn0k95khqmytzv7ALjGISjOqPMcHQuSOUlepE2JZPBPTvWHI8AvnZPHIqI2qBiveMT1hFPMWqbXqHJlvQlTrBF8WKmZGElLeTLRzuT5VouFU9nyrSdnJsTIwM3bssJxtZ4n4vThmEYR6Iku2VsTEUCMgqBmRpc9z+Zc35LuISxD73Z60OA+BKYNzU7F9raCr0aCoGI+pjLzigA6JWCaf4EUlwFGzYmVKEfzNqpfL6XHmLsWOMsFG1hAB+CUFeaKjtoeiC7UzM9ZhnQFC8xkf05PWYJ3UJDafYdIFHc3YC254P/AY6tTYMtLRRi3t6DxTxdUVbS3st8KEptUOXBDkc3d7pzisPvgZPG+dOsNmcx69tKztvso/TS0QrC56jkguv2pAh4pRQCEnWBIGTnycFhcO5wOOx2u9u725ubDzc3N/vBcdgToNyhaov7vl+v132vpCD3Xaf7enw8wr53zukUVN+k5HmXB3XpRB8+JzE33upRkbOfMguelp2yy071ZcvvpqpIAm0FgoG/g/ictwtg2CJU1CD2H7N0+1+FzU6UsEiz0n7+AaT6V2HxbkJD6EEUfaVkZQlFAFiQRf3qJmWhfzwgARIiCDAKjoSMDQ0NDQ0NDQ0NDc+Mgq0wNsc8H8scU7zMsWUq8QWLT8xrGH1btiSlYb7kkk+s5jcGp30+2qdREFqOvaVb+kgaFpWXSr7X/CEsOFeuyavly/hYmWxzqSCcOJdkbTOESXDcZNoD5rpgdL1GQWjS0X9U1BKi8UDoo53NWs2m7W4YdINc/xrT9vXKoVFZaCPDpYeZr8FwhInTOCp7+gViucZozGAdRXGb5k8drIJTDfXc8PGz5nRUNTBVtfBU5UfK519LQDTCMldEjQBAcQJgytfog/bUySYqqLObmUnjjaKf74gowiI4NnkrDRhDncX2RoKwer1eQ2yuNKMGjYKwWsP4zuYEYfZ1wWlVXdpOcMCsfXNcrDXNzYXP+q23x1ldsg+pdZ/V7/4lx0iGftNRj33Sk1Alj8dyySWrkNUHn7H9zylLEkQkJGQWyeW5nkRxPAyDBh/c7Xbb7XZ7d3d7e3t7e3tgVQOyRiKNnoEPh8Pd3R0RdV2nWsJhfxiGYbNZC8h6vXbOMTtEIKLVqqeue2AHWNXyc/XnvOPQmrwbqyWn8GQXNZJZl2dPBSKdBoDTD+O4D6iivCz+2krFxlM1PkGUIMTipnsRIXN4+oGAMItjcaxOKAACTaiFfFlAFhIBJACk+K2AqB9cIgACESExL6MNDQ0NDQ0NDQ0NlwEx9lX0tl//TbK7Ys3Gi3VbtE1bJ2r1MjBjWz6aHrWzpVv64tO5grClW3ppWh5cj5xWRk49dqLNcuRcfjmvnAtSean1QxGDMBybDOSFKYqFAQCBBJkZidQMhNgBADsG4N5bGIXZIZMQWXtcMF6rVolC1ZHsMZcZT6r/hp9QRE+CqP8HT4zxmr29K+RE5RB411Rs82PQtcxlomnDqQbBh5tHT3VRWNXMWdN5kbZEggafi7Y/CEIDFBSMN4Aj6aDFJIYTAsHj3kUrEsBYGaYlPlkwrfPSMMwwNR4CfS6ZVXfsVrTaLUWTLFVs5XH2qKrPUlMJ1lVuo2ZoXyX+L1waghCCRm4CMx2C87Zw0qj1DFOZkLx2A+2NpuLMhaPRECoUYgfG+Wj7GUPQQQQQTBHLbO9F/4EUfCHGeqpMlYS5GO9/QS4ukdBVphiDoL40p1tjXtBDVTAxWtDfLLOOYBpuAOC1naBlo7I5GdaPEQtVprO8iomjxpLTam3z5PclYJ68XCisHF9puNgjzOKof4pT1Hv4aDvNfUx5mlFtT7qb3pci2BBrRL0wAyTOXleJYVB+8KAxCG9vb29ubm5vb+/u7tiw7GSeuehjufEw8DDwquu47zQa6XqzZmYiXK2iG1KMk2DUvXFtE7s+jMew5HN5ho2v9uRCVCfOzGxaUqw6qMaYGh6p2ryOck9MOGzKjXZ8k1FX6KZNocPt8WhVdPGxPsB4cIOPIW1bFfaXZaVyDfw4nm7qqhgvM2+AOhIVx+yYWRgYASEQhA6AVDvIToWDoIEKxfsmZccIyOUNISACQEYiInKOAevzq6GhoaGhoaGhoeG5kFuB0LyxjvNHNt7s76y6rbiiILRpqyBcZnPGlM7bicePPem6LoYXaOlPKt0/p6Oiho8Yy4ZNrZTMfDdzfG2Ldr1EZZu4/zU/pvw2M/fU8o3xR8aVSC0zKBdt84LHQsPyxXxm7rrOx4GLNrLI39RQGuIws7WNdX1ifsIRkFxQ6SHW0Z9EijO3XUIkT0tCqIoLNK/fGwt0Nmg7HyHaDyF0aT7GILKDJ27jN1o0SCb9cKJ4gtgO+6ttQdxCZSqoivMqB1pmaGGrZ0smQlEHXzQiR6Ig6//MZasKK1ULa97TguV3dFozVbyCVnnScQzOsTbLNMw4KzXEfMGPeubMvyJ6WVKFH10mIY1ibDFtm0nYA48yvmFEirmi0dnBO6qz+cbxbOiGdGvMEhxVkuFyizsr6U3lbCjYwWL0Vi+w4SF44jVfjOA1eFr2q4CNPigszOpi1B0Oh91+f3d3d6P04O3tdrtl8xjtuk4pfFsJIosICCPIMAyOVzqQus6LC/1BmE+A2M6Fb09PMgKfcZzPkM2TyEsdHV7xrcxWXxVSg9mi4PeKCcQ1cHTP4gMlWz3ELIymtWje9cZcePzWb00xG2OA2TOETlg5Ql0ZWSlDp85EkQXYqXAQRJBZxYLIgMwkwOEiBBABCUlI/YqSEEkgUBfdgYaGhoaGhoaGhoangXl5zk1rFtV9rVnmxM7Xoybp4yUe6+CGhmdBD8HpIIY/EVu6pS8+HeJh3eNYJWruc6yyDhC1gmWZEJqwaKfaf9KxOb0hMYgNswAAESRyTsAroI5bwiaM/jGCWPZ0qtrE7QMUoVTLRUFJlGql00nmMrGKQkP2cWEheVBlDYvMJa8JuMCtY70lVT5+okk1r2jhtGgoxgUcoT3Xee8yBgtsZK1i7blxOerbAABQEBAIUJ2phZoMQYjRDjzizz21Nb4DJQ02akZgESA2NTQfMdANSgxO1ZDMynhspAR+K2OIC1lY7ai5b0MbxI9BRHVVjJAIP8S0dUCXBA7EZ1zsbNv9Xge/LkK8PEjMXN61p4y3cnLN8g0f7/rzkWI8tx6MYw/C7HsUAGHx3Ah6uTszO3bD4JxzLrgY3W63d3d3d7e3d3d3+/3eO/hGXz6y+IgdIie+H8ShD+sb/Y6uVqu+77rOByG9/6U+tO/SUn7SSaf48qny8wUuZNJJJZGPpWK9l6jMtjvAEtL7mUjumtPsIat2PuaLcFjAJVDaEkXuwRk9izCIYx48QRgZQR7YRxzUX50TZmAGFmbWbS6dehlNTUYC1CHNREQoSByu6SJuVkNDQ0NDQ0NDQ4NHcA8TxXTemgrJohDsq9EGi8E2601I0UFcfmwwNI3y8/IAsc5k+43nzcuXNmScsC1P5S8rU9qcp9J4iq27pVsaEKCPf+N7o11Lt/SitCwqLzNlYMG5TBk5eqyc2GaZbs/RtIT2mDqDj8aiPBTH6mqN0R1abgf3gW90ehIAC5AJULjIghMMUBikSlkYLWPrH9nT0cp9kqGw4DCsusvmJ06xuCio1HkqnsvUeFJrjYfMdGDkUzFUyBPkz/IAYFYFVbZTgBD9XY9EYHiz0bNEF6PFscEdW5COjcaAvaiiPRmvU+mTqb6qlEEAAmHh4K0y5YdLLKoCL94AUXsrqQoQQYhCmwUAQAMMBpuuhJdNeyWEGJ29RWrc3MCswcZnRfatvtVpjZmCsEYN1qa2wHz8P10mvOIkzW5Id2FS9jf1a2LsIG0I8F5cQXQV8gseJKEyBkY0sCb+LTxeULhqAUyxS+M1Rse2yYtraEF1/Zlq/0IW/+hXHxGe5SrufdL5W7m8mvzX+oIpgiLMccODRiNEQiRm53z0weGgBOFupwThdrc7HA6Hw0EQgQABiUhEIkFIJKogVE0hAUgnAEBdt1qt1uv1ZrNZrVZ93xN1S650QZn79XbpIOCEI0c+n6sz6zEex1MPF4tTY2Ravi5bLvwHopD/1r/UYHGk979dPCXSIgYS2UTzqI0vfekJhqgKP19AwnueYFD+JXaQWdSzKIDyf+wcO8eOhZlZgBmcExcIQseeINRMZmZBAQR0zpEgxX02upwjYtd1iJb8pkYQNjQ0NDQ0NDQ0XBYk2mw9GRe3Rye7Kxa2YgwGheC2SDwJEv92TI6Y/N7sCRty2IJ+L5v5qJ0t3dIXn+4hGALRm/XCTISW3/IfNV8WlJcT8xecNwTom2rPVBq8OdvuDcnrCX45i3ZqIuYjIhIyM2AkBkp7XGkgE0CI/tEym7hku80rljXLG40NcPOEwchUZ55zNSNdZESmbHyPZFh8PBQXOyLM5jbdT5oydWDNHDXpTbbStnEaMKi+aofYAVZhqpLRM8VcHAdcPI7Za5zSzxUXZ31dlm3QV8HRseVgHR2rltCCu601HxnYFMgY3zHVZ0cCYgy2B5EysxRgwQvWpYQ++NbxcVAM0SkN0Ax/Vr258QJn6WF/m5eQChBiDaYr9DVPtC99V2/hzAWO15mZcfsJkIUXewnjkVD37jg6Khafr//YA0X8JCNEQiI/htmxUwHh4XDY73e73X6/H4bBOcciKuIXFkEBLmZ6OhsRAaKqBjfr9Wazubq62mw26/Wq6zozX6bG9dxC+rw3tDj7FEf4eCedv633e4VY0uBQJtw7LEdg8FyBcfNGoAYnmmeiloAAEgKnNTMwghypQWUKmZk5BB/UEcvsnAxOHLP46IPCTpwwO2AGJ+BimUFEWAAZUAQHZgmPpzCYARGJOopAwFGc3YaGhoaGhoaGhoZnhmcrknFFw84X9t5M8xfz05fhW7P7PL0hj/LRfpp3+YqdGUflQ8ODUyaI9Zj6y/bX6g9tq1zXdHtafst/WH4f/ya2nzDKafktP8+XReVlpp7S/l2rJ5UJnHYqPiovUJaUvH7JWyWQ1SCmtVLNN+2JHLtk9Y/j1UQrfDg2Tj4Me8kxTtAcupUchL3uSY/1ckCxJxAQFokGHhsFbRmiNRNhjp3KDLsStrv7h2rsywmho+WcTsVF0YrzrkStkbF+eP7ecA9UHYTGr1I6NsyO0tn+L2JPTvHNC24HZoEpAcR0iH1pO9JZEjxeltWHCHaYtVbJ1Smlrbki+6IX3wUF1D0pgICQkDmkVBCGVkwShGBneq4gTC+6SftoydBEngEs8jebDbzcfXFRZnzU1JCwN7pKKpumxmUj+FMG4wAaUgFzH7Wpulj6sjAab1MbGu6xGnx0WxM+YTzwXuTDNY6/ycU0MIQYV05mDjEID7vdTgnCw+HgnNPHWRBv6aYaUb11WOHTaQiRqFut1uvEDq41AGG4zKmLeLyhePIj5d4P5SWYr7n6fDnLPC2ewjONiOssmLcms+SmP+XVH2hxQSL2pS7xyKmAsQaI3yWB7EcXsAiwMACIhhsUccLMjkUYWFjLORajDvRcIDMoU+gcOBYn4hwfBh4GVc+iADrBwQFDYDLDxSEiddRR1+knqcS2rZANDQ0NDQ0NDQ2XhMRWxPgVmFtr0970zD4cMoMlKrMeZ2cY5duaM4vK0fJZ/qid96yn5bf8p8sPMQjDhGuf7fNj+Aw7ue9xrLfH3+NYSb6tl9YcwnKZYzOrWbKhiwiCMfQjAKCqGNTUI4gCICZAWnRXKgyCfl+7mqBqhh4cJZJtrM5YJVF9dmRgpxJNpS4bBaftcPc2/D2j0WpGK6koZHJV5VY1RzlCkaobyDNAcoEdBlcMhQauTgGOpIcn3btQGE33oHXIFka95Ukzi2poRRxmgLozKzTYd9uEcTlYeROtOBWeEyCfKGKzkTlTEJoSttVTBGFKxM+RUtC8eY5IN8i5t6NIxEVYatIaY4jAGS4wrTxhGFv5YNb5yWUuYoyWmATXWSRCDMrqQF9CxXrv75uU8jKs38Ep98Un61w/CVysfLDAWbif0cUGt/men9bHbpqVyg4SkVI7nhr0AkJ3OAz7oCD0BCFzWHpEKZORZJ/TjKau6/r1eqUKws1m3fervu+QsJhNT4W6YPEopp5cj43xvB5njh4Mi6o1xSdW/lgirbbZThHDDNrtU6leQbsrKF/hw6avxFyHNyYQEAEGBPGxA0EjCHIIN8jCLOyEg4IQBB0DszgGZvSMoAvsoMDA4gZ2AoOTw4EPB8fCIsiCjmFgcCKsUkQEENZnQ9d1fdf3fdd3XU/UdR0hLejdhoaGhoaGhoaGhidDsvqmTcjJKjvOCWkIW8GnSwYz07iGLMogyMS3R3LGRx3NX1ZmqTV7yVnaZ/vMPk0MwvbZPk/4lCepYabMeNwezYmGmulvl6al8i2Mv43ZqWSIGibehM5qa0cQBqEkVtBjvNVIW63Hl0ays9BMxmaPAClGXqE/y8rbS43Ny8VTY1+OH4XtfkykjcsgokAK9Td1XXNWV1xG/pyOKGWdcvQ6lZPG3jmwUJsy1XVTJBCORIVxaEURW5QSTtRcD9Fnz6JhxgaLP70AACAASURBVHLOqbRlW6NwYC1Lmd10AMJx/VAZeyeOkMgCxgu0PPdRjrBgC8YcZ7ynsX9sZrxY24FWhigCaXyFS7csaWIr/Wt7pT22/uLGVS95aig+qnbqCXD5jR+Pq3H+/WrL81MijJp0Wu9DETG4anTOuWEY1K3o4XDY7/fJxSizIDAzkp3aouONmeO0RcSuo77vV6vVer1Zr9erVd/3nT8ZAfNHJlp99ulwVu3gXE7+pWQl0aQ14X8t2ioQHv21nSKiu7oQBICiHJW9MhUFkAWV8xNmEWAnGllQRJiBWQWF/iWLGZhRAqfoGAbvaFTDbYoTGBwMTgbHh8ENjgXQsRycDIxO2DGz04iGrK3rqVutVuu+77t+1Xervu9GK2pDQ0NDQ0NDQ0PDsyJaVhH9nr20Rc9/4thWnN7hEUyEwrwkzNcQw03d0+I9aue5Pqda2z7b54M/g4Iw/lHb0i39EaQl7ek49djgEur0Y70OpmTaYxkIMQjzdupu8nhsEtb4Wej5QgQiTDEFMe6WyTFF1yViYJqKizb6QltcnATFW+0Th6IFMNXj84xF1rhfO5tZ9EIMrDNBs2a8fc5W6G/syDHpaZBaIulIY7UIRQTKID6N7TnezzP8bhHacMwt3QPFgRicWM4MLj/ZgoSQajEUbZUQlIZhMEc/FIiCkCkIoZg1vnnJWT0ab6WYJCSJWvM3Jx5Xk7aEmkUQ1dlp6sniEuI+gxiANGfF/FUZr8dSlElVjRYVS0wW7GAqEKlBQowkoHaJhKuwtyYdnsZk3E8gIjzaWzAeTuMNBzOwZYrRW1zIfD3Phcts2BTn91wopF0mE+L0iYNHFYTKC+4CttvtMAzMSpykC1RBlW69BCOBVU2iRh9ch+iD6mK073uiDsOBD7iikw8ynycdJljrvYezuadiYXfVpdzTiI9nswUq3EgVAsYlwi+UtnDmGVvXM1bNYew2xDA20P5qAxgGX+zCnFZgrxT0OkFUdtB7FmVlCpVQxFhYBIRRCzgHAwszCERqUA6D7Ac5ONbhPDjeOzcIHDwvLiyDsIgwAvR9vx4Oh3616vv1auXY9V23uF8bGhoaGhoaGhoaHh/e0RBEa4MEc1Zw05br/wC83TW6+vf542OTUabIz8sDxDqT7TfpC7PypQ0ZJ2zLU/nLypQ256k0nmLrbumWBgSrIARIzGFLt/SRtCwqLzNlZMG5TBkpyozHrYzqkdk2y3R7jqZzBSGEb2V8XoH8WLWec7TBFb4XQ1M9mRdbOSpjE/7JJ0pYBINpxXBqqpm2+gUbHMYrGH0fn7a2O8Q0H2ocz1RsuE8EJ5EN4VUH5u/FqPMX1p4dW9FOzdK4U18cvX3ni/SWcWMmL8UsrHeM5bBn/VL6ty5Mx0mcMKXUL3KfWGFHYiW5glAlwEY+CEWdtmElAYZ49L6P2cGRRpAiKywG4/FQGX75PbTsYMEX+m7x7kYBQFAoENJxjNlOC+8fgeqNtG9qRc2z6HhoTel65zrtmG/ShjPiOTo1OTdWibvyeZYgdM65wR0Oh8N+r+yguhh1zvm5J8LMZEg+zxH6xysQYEfUU7fqV5Eg3Gw2q5WqsEj9mgLw0z7u7tXdEy8JBT3/eLjfI2Ny/R/XH85iMuK6Y9+hUkfkW34kuBhNL3sCACjZwwMShawPV/tSqIeyEw7bOgAgEIQgrIJC0PiC3tGoKFOop0YRFkF1OM8iTqMPOmAAZjkMvDs453gY+DC4/eA0YOFhcPthOLDs3TA4xwM7dsI+0Oaq751buZUbXK9t6ftGEDY0NDQ0NDQ0NFwS0m4/jP6FSrsujm3FaqiM/EewvGFWJhk783zJ83Gcvyg9amdLt/TFp3uI5sgLoSxbuqWPp+8vA9Txf69j7WetjGcXqu3MjOJY2rFT3DbFEiYmzmYEQAGS8Gnt+8nqFRiQmG9Q0EnFucbGuCMmdYlsqBRHVY8dKxieHQuslmfxw2moVss8qakxmCvDHZhrT/WOWGWY9bcZnYhWCVsMrh7r+VAlEIuvFt7QxCBVjyw0iGrWDNq81MLYgZFx98baaW4JAIiM1K8oo9vFEPOxT2B9lvr6EREkc3mKMTvTGYZpWeMds0sO6mHfQ5OmcBnfIoihBxPzbFnD5N3YDIu0JuZ3Rvs7NdbzLPohKDGLhIA8LyOAwBJpmqjuygMEgn/P5ngHwiAfxREsJIMzWt4xxvTwp71B4QJhb1lxQ0VkRke7uPqw0yKsaGG4F7PSl2ZmN6iPUTfsD9vt9m673e52h2FwXqIlIIICwOrGFgFAWECAkDQWMCF2SKq72mzWm6vNerNar1er9YpiHDcxf1A+KZZzZxcDs9Dk2fVYs3GxWkjtpzKC8ZETb3KwHqS3JSMrxLCaRjeh+sqFGnK5jKQbqMd4Wf6cAizeg2g8EzMwE7MIgHCMQahEoG+WLpUCIEKhYcwMDMhALG4QcYPsDm53GNzAjuUwuMPAzrFjOTi3H9zBDfuDOtAdfAhOYQRwqz5S5toVK2kEYUNDQ0NDQ0NDw0UhyuVyHx7JSBYMLskGi8E2Oz52wpZbyS/KF3bgsS16LOt7NJ6ltDlPpWdt1y3d0rV0D5dAU7b0LzEtZyoT03NyxZSGqfInfdbOBYuuJYas8zxN4UaUBTvDNWDkGKKZ1VfDLESqW0IQBAFkAAENniSEZK1dImEPS2Q4gnQJ/Hb3wh1fMo9hlqmXkl+NhOvTdcWXZGYiGodzAxP+Tc27mHUByAS1cxI9sARUFU/4C5RpphYlSgSM4TuSMTan6iBRQqwfQhp3OwAQdRD6lL2kwYocShqviENpHZ9qyWC3hvJG564jbd/Eiy0+TTA5G6YrOdgMJvtKB6ZhTH7sW7Icxd7ipKNNh4OXq0UfbhzO4scYgCgvFXxklvRhuHz154tZ1eFbbRpFyaAdhJJNFkQdRGa2K0sGiATek6tkJxjdhYrQ1l9/tPYX450Ccxhtyn4eR6EUaHBTiTMxWp2l8PypAzljDcNXtoXaw0QEIbijgHjik0KFCEjACIQIBCKMwTOHdo+gaHg21XfGlUFJR9tD4wE51V1j2BtdXILNX7oJY3oMn7QKFdrT88oWl2gr71EnsyCyzfPi2MqSVe/MqDMftyr24mwbsuUxbcrwrfL0DKflCETJGAbqvJRPvWgqM+IGN+z3bn8Q55xz2+12u9vth4O6GNXwhCLS6VhX944i7FgYun6lXD9h31G3Xq2vrjabzXq9Wffrvl/3q/UKCQXAMTvniAgJvdNdjPHqjrPUJ40Ns8xi+NPY9NjEuUxPVgqMn7lz/gYmvGTjMvpX4t6pMaOvifljzQnHjVcZdeiO8HjB+CIk+paSWkmoxYTSK0nwjiDKDqc+8RM5vJL515a0fsf4xBo7UBAECBCVAmSI4kL/dBfgYLwQRB9lRVjACVInzMwyODkwAHbYkTDu93vneD/w/sBucCw4MAxeX8iO/fOB2Tl3cM4JCAvrIGd9TAg7cULAwIPrj92uhoaGhoaGhoaGhqdEtLuGNFq537TEL7PNAhg5ockP6VPzJyWHp5a5V7p6vS3d0udI94FXN0R7S7f0padDbL97HBuW69OP9czEZBmAuHll1M50bCamCTNRxQ5BhB72q8RKDeL2dgQBFkAhSjHlgmnKKynCMTJVGyRGxPx6DNG1YSyfhEooBMnYb6PTVe2VQUcyd66z84KPgXhbp+iEzPIbSZOJK8LYqdFOagouDMBWza+yI2VOCliISo9Fi+rMqe/tX1QnSSIGT0HB/3lyDxFGhNOUFm36EqKCML+h+el9XhLBYJAMSlG86l/UnnryIus6wkpepKQjNZZYauOK1J6Og5NSf9tDpThqD2tELIxeGw3fxoKIBAQMgMDIKIg0IvgF48iKGx3MZcjU2F4+rvJ9DFL9qiDypzAzgxY25qOGUfhd+vUadtkTNkpCE3VE1Pe934chAszseBiG/X6/3W5v7+5u7263u932sN+7ICIMiNtECFEIiDwLR4iIhARd111dbTZX681mvVqv+lXXdR0pMRhXpufrvSfTy86sqEuOnck/te9m5qY+SEVQ4n4FfZuCFCY6bS3J9dksottX/MuaVZJDsD1IJET1ZQ4k7NHw0QdZQhtAOL4mgjCYFTqxokl8qjpCQRZxAk5JQyfOCTsZnAwsTsQBOJFBeUFAINKnEhF2SI6I1WMpkQoHBWBwTgAcO+fcvu87agrChoaGhoaGhoaGiwIa+6p306SqBESQoCnM7bRoDD/BnFM51qTLfFve1Jlsv2NbNNZsyDhhW57KX1amtDlPpWdt1y3d0rV0H2yq4e/hlm7pRWl5cD3ysDLjcSvHykj4slpeTklLpR9AauctwxJiIayYsPIXtvKxsVvM8aQG/aBQ8OeONvj64f4yCuUZHEPepNQXkZHwz1isHBU1i9nXYjwqTpzxo/ANWPGeOpEjyT/CRFU6eEJ3cf7tEnawzi7bcTP6aoK+xYUFim/mWzjhVS7HgnvuX/kiOxv5jNlm+2NH4pi8JBpZpL+i0V2LNlxLK0IMKT2ueaYxpSAGk2bUTnaxC405pOA20u0OhGHUFCY6XyT42UtugYM4C6wmMbp7VW5E/0FA5fw0k5FVaBh4xOrFYlyGEXVLgb+eibsAS8bhuPAvhMZ7TOSj8VlacOJNjG+3ymETYdd1kcxmVjUVD8Ow2+12u93t9u5uu93v96ogjCM8sIAQKEcgxK4jEFRxYd91fdetVv1ms9lsNqv1uu97CudSEp0IWRh+GeNw8olzytCR5IP9NJRLYaXmok0o6QFbtiG8LyEGpaUuxALB+YHfEKJUoln5Bc3KnDZn+NWXtVrSFZyDbFAEOGzpiPszRJC9T2hgARZwIo7FsTCLYxlYHDOzOP3HuzCVoKYlQugEHLEIdp30LNKpDFcQidl5ytINzDg4R4eDdTPQ0NDQ0NDQ0NDQcAGIdldML+mFLRrHtuJ4cLYTMFpoyvKn5i9Kj9p5rnT1elu6pc+RVpcyz01TtnRLn5YGb66/x7H283naGYATGkERdc5Z+mDLy3pvit6An/gWfQplBrsaVxcTErwVxpzS/m4DlYViUURoOaeoQ7L0TOGULzonBIDMuFa9yFGbfekn4QsXCowKhikQGBmzUh5rbskMaWfqz3p4YePH7NE9WBN7B6tcWrXAgvtzzHSMcdeWzbSOTFMticGK3NgDBoi5g6mRpik46l5BwDzaGBYR0JbIB20fInpH+WGzQHpmR47QTsZYj5EQguTmZ7stQBcZ78DWzNxYMyGSEQZF4SkiCgkRIXsKBQWJSG9N13XMrJ1DgILeiejoek03LZvaMxzheFiO90PcY8WonmKaTj4bnp7aPCbZxCNT9WJgr8Nz2cGbqzM4HA77/f7u7m633e73+8Ph8P+z9+59cts4ujAAqqq6bcdxnMzMTiazt/P9v9D7O7t7diaTucWX2G27u0sE3j8AkJREqVTd1Rc7xHgqLBZFghRFqvHwARI7NoSgHSYiRGThMvimkhJDwG7Tbbbb3W673W63281m04Uu6FOgz9H4EMxxvbj5BHhAXHzukTxOIb3wmCfL1q5FxjyI+0F1fXxXHWun5yjSMeSikCTqoTHp9Q2vJPrlhDCDen9Oiy8rsU8jr4I6xBYGSAXLNdoCFmqoQgGDBoVZLIpgZIkiDMDCwulgmCbU4TaKQCBx7jcAYBQGABZmpj72WhsDQowKih91r5o0adKkSZMmTZo0uXNxRBBKB07gtIQle+z02hn7bSV/sXzVxnu4TEu39GNPK0D40DBlS7f0cWm4+bXwwHpa3oIUaJ/SF7wWP2R+6HJJ13rGHBI5wFREiquLYjjIP4AOqk1tEgGubHTkkUwvezwcwRnm01psYFVHakVKB6Q3tvMuc6eW4ZMqjrLQnaN4XfUaDt36xCepgUD1fk1dvE75uGXcrMSNSx3xIjiodnjPJv0dgyjTPo0aqoyG6znu3qTYwuNsBaAACGVJ2BcWYxACeEhCEMQc3LEACMvu5MEMEDCksKPql09jv2VWlb82D0fbzieoW8jqzZobipsVeBB+YRWwH8mNtTq5H+aMUtfkURE0ncgFaSIV4kC4QIyxd9nv95eXl58+fbpy7qBdlmivXosBh4Do4UgBgIhCCNvNZrPddptus9lsNl2nACGLuqdkwLKeO+3+aW/6Da66zd69MG9Xdm3BGekCXX4u39/SUJc/0ViuQL686yKJfhKZ01KdfUoXvEC20IIgxtfTGhDQiNtswKEoMMmCiWvIBhpCjAoMSjSwEEShRVGgkRAFEYkghAhguLgIBAEOINJ3IdgCziggKAiAQQBiH9XdqFX3WN7BmjRp0qRJkyZNmjQxKV/dJeF5kFGNWXssTq6dsd9W8nGpfKVdXFGmpVv6sac7MKOdAwUt3dKfQTrFpz3+Wp39N7m2/KyVAacNVPQsrgVIDKOB2LbiFY2ifJkVqkKNUiohIyTSkz/kLtNLRsCe5Pz0Oagf1Dfg4MS9FDjW5BL1O5h/mhLOEjyZIu5BRoQenalqzHPSYZ6M9M1kjIsguD26aBBkapqvAipJ4TmI5bA9dxTUayaxRkrz8SAcnUN/o9oqw4nFjjWZFlj8VhYoa824QTEj63GzlBBip2fS6IHdE/B7XvyqnRAoKYbDKmfGbUyrnTjGlGJ+HaSZQq0YzoODbPbnfOgguRhNhEIeLkH6qfhfwgvTr8yMgESkxERAoOFSpXMqr2R5/GV6W6dHCkYryVGwxM0AjOqAn+Qcw134TL4zxO7AUYmTy3zlpTtsLD6LEqM1GS22qc7Pvo8JHfz48eOnT5+ur64UIFQBllEDyiMEAXWrS0ghhM1mc3a2PTs7O9vtlESoLkYDUQIqhxtYXdvVHT+95JHkEzRa3eKrxzXuTqpoYl5XYbClrkC4/a1INGyhZaaDIGx7SUGaLP4jgsLAYvgiS1RCoUAK48vAhiSzABuSbXRAXZqZQdgOC2ncQRZgUV/yafOUEDoR1DrUwXOIEiXGKABISIE6jZsIgj30zIzAiICAhChEAGAQ+aM5pNWkSZMmTZo0adKkCYCf0zanZ/43VrbB+hvswE6bGFHTa2dsuZX8UfmRHXhqi8ZxnTe2Vx9Mj23Oc+lF23VLt3Qt3YkHBfI4Gy3d0nebNgOeWiQOlF9TJqVllQ4wV17WpP2z0pYbhw73JbtHHMpcmDc3/aeMEjUQMW9X3rXiqmpDY+N7LX9YXtGPQcRBb61WPl1SYFcz5kJxhTHdm5I0+UhkMjKFwfDWulbBoQkrDhxtnsUIFxReGbatqtsocU+Ck0T1a5Et7hTO4HUoblOClNLXAiPMlRjFTXQOlrMbHTF1E28CITA1V30YDqKDowngISqhWFCyJHbjsO9O162NCVRCYbGxVYpf8hqWlhUABUhGQ2T434RBKCKRYwquiYQAWPoX9frRD0tIug8A4+k3dSJ64xk4N7EfDwdO5bHp8yCygA4Ovx5YF4pQgGgTnpnZ/IteXV1dXl5eX19fX+/7vle/o0o0DNlTIyBiwGDHBdxzYwhhs+m22+3ubLs725mL0c4YhALGOJywwOdWiAeVk065U9FYb8lHrOP6MDyPNVxd9VCOO2NOoyKGxvnsStuJL5ej9yrwdVsUIDT+nzoCdbQPzAGtHcwwiqEihsYUhIQOMqsTU3M0mqBBY4aDgCBhIEKSqC9TghCBJQoDE5DBgIAQEAxc7FHEOIcUQJCQIqLwKNJxkyZNmjRp0qRJkyYPLsnu6mk3+lhkI8P/JjbYgW02XTtjKz42H3CFjXpNmRulq/1t6ZY+RbpLAPQEiG/plr6TtJygHnioeQvzZWr9quhZ2L/G4MQY1XFTvdvrs+2rAgkYAGK/lDybKn4wJ3Xfd8NGS8WmKhflfRCwRAUqtA8cVoKPydnVgjNAWdJyydI9AnUKuyqU0FThhXVw1Q38iC70rkbJwhGCtTJ9M9suFnTaXAOOy5jCw5waqorl1U5UzQzARG4dzcaMeCXcr6w5Nz6iHh7o8tzITBmE1csHpF0cBFf0RUMmfFMAMfpgaiKhg4aXwDDsVdHIiF6MfihPGStIpHwTi9ZWMLQM49RSQEADyg4Lk0beEmAWDbE6YhBWKT5rKIMjNLGa/1By8Hn8LKDBGyl5qn6tr0fBZii92kZmEIlsAQivr6+vrq6urq6ur6/3vQGE7ko0L30a7VRPq9ha7wBh1202m83WqIMagJBSAEJlHJ6q/3OTZ44dflAmVPhTyjEUvbHUXgxW1bCmLRm+ZeQVD1MOsAjnU2QgRuxLp69EbQsD3w/+g1ilCCDAwJDPX0QRNle1eVl1HUAsAiFIFNZ/jBkgFGMqMktU+iBY4EPwAIkIRAhEgAxprkYOgQBFEAjVwYQgEAgxsPTqiIJIhAIKiETuozkabdKkSZMmTZo0adLkUUnx9xVkAt0kPbXTTq9db/tdLj9tt05sfHDbe0u39FHpIgZh+2yfn80nPAIdbqOnJQ2zGGIiwiKYDfqYXfrZ9SliDUERYQyRQaMlCR1v96v69HM1U9OSCjhA6KgLCBTQQu4qIiT3jAIwgxGOlRnaBu/fyr/SvmmGOgFAGuRnMGtQSeafYcVXrJuC3cmlIlvuinPkX/HYHt2FV8M53MuDb0nFj26+KrmgnakoD+Mgj9wI6lipjbwTZxNAmLxCaCP+lUb3ZNAR0YBOIghA6HNbYdmCvTe8CwIJT1AFpFJzlUQ45x52eL2PheSm0o/lk1J18TflDkYRLsHBAWMQ8iXDO5MQFxIB5wWmCIWJ/qhuGFM1qU6DD9PzYiQY0XhZqTPV0INzU/cgGlFlLd/Rg3CsPCpQ8OByt0LbO+rOgWrLR9BXDKOuhhAQkXXaM2sMQkUHNQDh5eVlv98bNIgIAIQYkEIIHFkfshgZ3OszM0MAItLKDSncbjbdJlDQUWLfEQ2zr69/1Y5MXxusT0eM1vGS3z1uegPntiTLP6S+TNjD43oOKVCeZhgliq/IvmWUP+reLcLmwBNYD0KwCDuVUAC4ODnj2b6DexhXYD35AMBG9VM3or0vtjyk6KX1l5lFgHvgKDGKMBmayLoGoyBEC1QIwiQMIpzWTwAgpIAopBilAIYuIAJFYEJVBFFASIA21FHgGFlDGWoMREYmjJEbQNikSZMmTZo0adLk0cnIsoqFubFMTz9xcu36z5U1H5XTPtvnY/9UgLDCjmqf7fMRf8JnMm+res6LACgexyxqtDUosLC2Z2JQggYLa3/NIL7cZl2R0oqG43pK7EEziuBu494U9v9ZRaYeBdcgBI9B0lDMUcSGgIe4JVZBNKnUCIA1q+uxTNCp3X+OWVWndRZO2aa+4051O6YxCNdfWnL/RlUaYFfr2oI92qlyqZYEEOKggrlZjA4NzCh6XE9NDePeDm9BAS4q/XKGg1guC/qfCMLCic8yRx/0iFRY3vHksxG8woQOjjRXI/sIwEv8V81m9kUjOUKewKVzuOBIseX1YVT+VOvJykoe7cK1Xkq8WeXeOnV8pEmj/SmMh0TCpjxH1gCE19fXnz59+vjx4+XlZd/HErZByDELQYDBNrEUfbDrus1ms9ttdrvtTgMQbrbdJlAg11MAjMHob9nHLdonl2UO4i1v5cjPcKXdY7o/xwM+KOVhhCpMmM9XlbxqDS9ofj4NkdOVV5TrDOYcSN/dZNSCgB0RchKgBRrUejULoOd0DmMwGZjT+x1YBMwIHDUIIYBGiAXU1Tj68RTzMiqIAAQk/l4WCIQlCuv824QQACNy7JmZAYFQOgrUQZTAwpEjAwMACzNHFo6qRJMmTZo0adKkSZMmj0tGllUYWlYX7LHTa9fbclfWfFRO+2yfj/2zEwAP4tk+2+d9fMIJ6oGb1Qbryi+UWaihlg+Vq8b8vKGI+apKNqWBJR8GpLRk3k80IHR+cDb/mXVr2EiBOFoNkq3AU5wvW9Rc5QGrcVS9KEMO1OAqCSqQEmwEnOGIlUreACM8FYLlg7ZkpvTuVxzEashAUQpFGmlPZ5aJDUqypTqMWFdpCSM8GJtwJYiCRpIYFRaActIa3oOSWDuAiE4oFXRCpM4+xILO5ybl0Y0aAHGH+CzFII1oecXslVysRNQgKanBO8tBSwM1aX+Eww2JnUNDeW26Vge/6khz0Bl/mKt3c5FClx5ZUE5L8imahs84hcP1BJwINTwTgAgatgo14ik4NzTxCxNYyMLaKrLlF/RBSABhoag/Rb7AjIIyDgoPh6vMP+qRvzcC37L/2EcuUkAa99CLG9afl5G0rJKCdI7TQYzZv+jl5eXl5eXV1dV+v1fnooqXj9TQbZUouRpFIuq6brvdbLeODm632+2m67pAAf05hTTFixMHCwT9NR1fOOqxaoRq5Y96Xtbc/Sq0v7xnJfWmkL//tl7Hmcozfjg+KZIXQ7tjCJmZnstLJm+nwxYphomGjNWllZkhYYTMoDREZpHcHCeV2E9/AQOzREUHe1EOurDtwUpLZF+KxRiKqMx2Pa+BoN8sYqG5yg2EgBQoCoNEQEASQQwgLByZGBgABThyZLbP2w53kyZNmjRp0qRJkyank5oFGAuLKy5aaHFy7fpPPPLXNTnts30+9s+uYD3Y09XSLX2naTlBPflTjrkW1tW/UCcc16/SKDWAHaQ01idDZrELpnIlescsSAmFySid2tSqFBmEcUS/spjRh0ZMIy+QgS9PJBNeGVRnZDx08yoQgxCUwGI2lzMDIobgehqalHt9UxmiOHUb6EFzJ4JIVqfCwRzVX+JSohebYbEwQXrVAEBS4FW5URSHVRfUm+vaFIqYYlQjIuA0UZK9igcGBaC0xCcDOvrT4hAgqCezVMp/GgyhAKCQp/2h8ZYQZTgwdTGdJsNgTbOr7AVKDGF0VTlo5GCtZtIEr02aOpXO8x0CTZhZXe0Jd7MOGKC9VWLKmSg8wixTPYjIkh9vnZAsySkrIqAYdQqd+AAAIABJREFUF2W8Iol6zMvPtndWfFlDZJ9I5OuAfaXsDVlEiDDlFzOzAmOnRyMFU5zzNVr+tMDZHRW4C2RrPb5SxXHvmhW9KjDb4WEZFFij8PpDCSuBsblfIKHfigUauuPUvewAUkSk3+/7vu/7eHV1pc5F9/t93/cKipSHaXT+6xEBEUEMSATucLjrwmajJEKVzWbTdV0XiBBBhBUO115R1kqmGOF0MA4ORXW4jr3Lc9ikoUrzld2QL4uHl/LRK8fgGYHhO9QKGZx0SaeshgV8ZbTpAyK2UCFETsqQNi4AbEcmEIBFiDVGYLFTOCMbNJCf4oLMwgxs81QSjdEcezqUqC5JY4TYi0TWUzcKEBKgIo9pQPzdBEQAhBCAUOxtEAkQENmDOAuRMAAJogCBEHTqVpQFCEGA1PNojKGHfkyVb9KkSZMmTZo0adLkoaVmd4VRGipl7jo9p9uxZVq6pR9XuissqNLSLX0PaThBPfBQ+mf1V/WromeFBDPyrKVWfgFgcSOV/TNLECcPWAMmn6OFU0bfssz+nm36GfWzVhLxYkR5W4oWJoXtflGh25jOb2DFvn1Dd8qtwfkuVdGUER3wYOWVYjca/lQPI9N4cBCGvj1H6YkfThk4OS3LrxhpTGEvcdwXGzHxh05BuAXFYESqkFGNt/EzOfUOWnRToA6SJcXTkz9YB9KzCahht0rVzSpe4mepifREG0Do12K6PeJptaYDcEEfTE3jcDxTvsYmxMntyDirrB3POXnMvojvWT5TzuJxMgs+oYNAHPs+7vf76/319fXV1WWKPnh1ddX3vTCn2auAv5KoAhESEpJi24k+GLqw2Wy22812uzlT/6JdR0RITjP0yW/HBW59F5bJf1/GXV6/W92sdigXmeLghA2gKAQIghqdFVhQyXUiotzrCOm1BQ2eY2BJ2KHRAS1yoaFw+qoGvUj28mDtMzMLg2F/AiAYI8eeOTICgTERAfPuL76ZKcXQeNyUThQheOhc0nZYJEoEZApECBwoRo7SsyALdb7Ia3RDEgpCuGZzbfI5S9/HT5f7q6v99XV/fd33fez7GFnjEz+0ck2aNGnSpMndCyIQUSDsutB1Ybvttttut9ucn226Ljy0dk3mZGR3xZn0fdqH17T7ULq1dEvfPN25GVUcOWzplr7btJygHnioeQvzZWr9quqZcR3jXRX2PtHj31KYsey/RksDO7HOyKjBbkYkQhma2sUbnbMnipONsu0sK5kqgwTwlcBkAf+AEzoU9kCAbLQy858A6Fl4orEO84bBB7H4j1kXPgZrwzke8pC5cKW2MzEBG6dlZHcemVanFKsqoXCEDI3yb4nQjECgkocGTlIYtJCcVYJRFb3no6rHuGUR9GssRlssrrR57q3JEJQf1ipFGkfKAmRLs1Mth/pkR7EwGswq6TO3OiKA2ooyfsNEAmExph2mZSY9fIMOSfmcDjBE466IxboSEYkx5gVE85NT0dQdQXIUpGcWgODkqkQWNFt40RVzMYpCSF48T06ZDMwcd3DN5PxcIJPTLmtzLLFlIvUKmbtwdpBv6Qxz3Aw6nD+jieCIhJ3wbNRHVdGYPlr0wal/UdOwqL7E+vSpRCTCQBgCdV3XbTbqYvRst9s5fTCvRXkECm+V03GruBQ+XlbxRAEXbuRwrR5vxHjrp+nwToh2aArLncB9nNz+IdG1KUFzkk5J+JZgHkJBxCBBYdHJAywSDarTuWivMwIoAizAoKcxHCBk0BMWuvwxAwtEgwIF1PmyQ4kSOUeXFuQoHJmj+R1Ql9A6kylvzT7HfZtlPy7CACBC9iqFgggcNRMRQkDywzso6gzaaYygfQsoDSP6MuXqan/x4fLDh6uPH6+u9/Gh1WnSpEmTJk0eUkQgRo4RpnvidhOePNk9fbp79vRst9s8kIJNqoLFOTYc2leXbcLTa9fbfpfLV2y8K8q0dEs/9nQnYgQhMzW0dEvfcVpudi2U+ZDSMC0PS/VUyqc0JAP/bBlI+kOljIzL1/QcbXfTLDXUJeuV2KFzPaAuBGZCSjFs1I1nQvhgRF8wYOawJXFg2IWENCaIMYft8cSE/2SDkqxWQiAemS4fTSiRj8cnJ8IYsrHzeEmwT4KO9B54zMKZcINHxQmrwocl/aV6ycHMCWcPHEsrgMLFYUkcuYVaCw+6dRmc1/KcPFHT7cFBOwWnF81/4fBeQGV0ixk/fAVdRgdzQ8W9GyCFiCPtC92UI4kZZkjt14ZkgA4CsOOC0diGnADCVF5dkiIWkdy0aUTlAmbFfOao52GlsAjLFPV3NZSsJX5HbADTgjNitc5RixpfcFny3bzfgTpptEKx4xLz9ZUnYHQWEhIiGYiudK3Ifd/vr/dXl5dXl5fX19d93ycv2Xb4xiIN6sVDVjEgUQih67qQwhBud9vtdtNtOqKSeiV5tRIp1yff6G8J2R4nK0601PFL++6P5d0JAoxceGdfzXfS4Lhih+/A/H3mY1DMrACh4ZUiyAonIrIgC7B7UlCfopFFXYxaDEL1HSo+z1gYWETdhzJbabB3YhaJwjGt6XZ0gtRbOxFCACx2qOIoVnp7lbS7+sEzcz6BIAQiGIDQzmoBClhgWSIIAkz9zQ82NXl08vHj1bt3n969/3R5tU+ZIeD52Xa32+y2m+02dJuuCxQCJX/gTZo0adKkyZctalSLkfvI/b6/vo5X1/urq/2ny+vrfbz+5ePbXz4CwNlu8/yr8+fPz5882T20yr92SfZVPz6d4uHkNM7ab/0P09Igutb+nEwyUxvvSIdRWwtlWrqlH3u6qzjxbemWfoRpqefLtLzM1iPLbcF8nelndBPMRJ901XK7VXbROEeZhOm4O4va7PVoup65z5cld4BpAyyqQQ3LNgD/suHYTGHDn1LgHodbHSPBfF1JIixE3OKndlJESbS3fP1BWeMYc9qdYyuZSrWqqr37vg3uNWDqWBkRDae9GDAIJw1W4a5ppnlhK+72EIb0h2dZ1eFcQawRzSaygF+KHRpA0ygXHtuLi0pwNGXFQlUNyotZYAdXTSus0gdH03iEEVYLj+5d4u2N/MqaYd9xVWEzH+f4giLMHJmZoxJZDC8BAQF2so09xYgJjxRERkkkK2GWwr8oETEwGq+5OqqJugNpbiuWM8RDy2MHlQFJw5Jv8aPHC08Hmx3dUDlQX4xMR1OnJZEDKe5uN8YY+76/vr66ukr0wSJ0nLAwmaBHIQXwRwkJFR7sOvUvut3tdttt121C15HjOf7q4MxenpyDWRGP78gROOmMOimye3MdTquM5FHSRQnHG5CveoLgsJ8RCqN6DQUAQmFhlqhvZUgCEhn62LN6ChWOUXpdTTUGYUQlDEZmW05Z/4d23MuiFCpWR8IagBCICEBjvmr4SyA7AiIGVGYHA5LfNNH3SX3S/XmnQIkviShElHYABEEEQmRnyZJwdQybfEbSR37z5uLt2w+fLg0X7AI9e3b27OnZkye7s7PGh2jSpEmTJr9qQcQQMATaAsD5tvzp8nL/8ePVxYfLi4vLy6v95dX+Hz+/Oz/bvHjx9JtvnnVh7AGryf1IaV+ds7XeOI3ryh/V7so6W7qlH2e6K9B4/3Qbf8tv+XeRDzerB+r5MC0Ps/VAtfwoBwDm9ck1TPRZ6FfZ7shMmwzp2UcfZ/zNygAwM2UKkGriRi4BVKMkC4IApWMAqyzCkhwRDpvVI/OpyGINUiATbpJDCUiJG5AoGQsqGYx6pFWw6qttqZXjgYRM84J0R1bVUMIcA91kqjbq0nwDq+j6S9KsWCC0VXMO5hcUOsOSHJWr65Y0yYSyqQ6ZgzbVVqAynaSSSt/LiIZFkQpyB1hOWNeX/cYN4BbMOqvnNg/VOenOnIvRKi44nc/VGZ6xMZjc0+G35E1UGS9RzD7t1nAxd3lKb1G6S9FWohISESITEqGFGySv1hiERCyMAMxI6s1uAnaOeuErzuHHdjxtauPZ5KFFkWidgsettHMVOucJ/XQoJOwHkcCfPo8aSLrysogSB+O+31/vL6+uNADh/vo6xhhjZPUyCuLYoFK2jEems52IutBtNoYL7na7s7Ozs92ZByAMrpJqxUv+siebXDGFRw+4EZgRaQHxPWIEUzNHXXYvcrfA5ODME4yGzg5G2EsQCjhoDBIFWSSKsAAwKiOwZ33bYgaIUWLsY5TIHEVi5GirKjADC/rCWgKEwgzicQudQQgEFvwQAAgZgRCIAAKhzmkdJju7lqc/AAgqoKjZFn5WRAQJAxIRWh8ZECHoMQyWyBEEyIMXqifSATW8yecml5f7V6/fv3p9oV83Xfj66yfPn58/e3r20Ko1adKkSZMmn4GcnW3OzjYvXz4DgIsPl+/effrll4+fLvef/vb2r397++3LZ9++/Kodtbl/WWM3rpR8HHbvlt/yP7v8roLJg/3N3vJb/l3ky83qkTI/l5RpeZmtB5bbBfuUeX2grs9cv2CKzCeI0Pl5A/KQButCRykTiVDMhm9++iD/7ufBEUuQbxkDq5H/xgXKxAjmGZnYphVaFon5bivMkhUUZBHYWCkrMb+V4zPH3/Ia8KBNc+DEEia9GpPocICULNV3W1no+JxLzCnENYIYB/lmyVyldOlOE8vMiZ7L6Ne0IxM47ZiJNbxz/rqJ9luhrOTHfBYLmY7eiPc2+mkOI5xWUj56yf1v6Uo0KVnCF2XcQVtWxFyMpqhsmT5YRmLzWao0QUUECZEL3RJsySxEoHjhYGjz8mW48BQWnBufKudy8UbeVuYe8xsQ8h4DeHlvPMI7gnxkdFglE6gwTT+bsUofjCb7/f766urq8vLTp0/X19f7vteprjHYCAkJicwrqYgAS4q1SUQUqOu67Xa72xlGuNttNPogYT4T4COsL9hHD/Jw0JbOB9zdXHoMJMLTiuRNv8gsXr30frMAAzIoTVCnAEcBFohipysiQ2QRIQaIzDFyz7HvOUaOzFFdjEZge1NDsXiC5rVUNFShMg7ZnTgzGOSnvkIZkPQ1URiQfHbrSmvvuwDlnSp9RvjroRUiRFGStz8TQEgCrK5FS+cQAGWs2Safl1xe7v/587s3bz/o1+dfnb/85unz508eWq8mTZo0adLkc5VnT8+ePT37/vffvHv38fWbD+/ef3r1+uLV64tvXjz9zXfPG0x4n1Kz647zreCjs3vP6f/Y9Gz5LT/nd5JoU4NPmeS0/JZ/mny5WT0w/RUmtclMSVkqn3LArpU1+kOlnpmnadBu2RQUnZvkaSRCkFRHstsnD1FDAuDIjJ7ht/JojSpeAgSHJKEFRQ6MLq8AhAAah8zCJro5d8AfSqV9SbpT2+TIxrreHDZ2eLim/MAkOW4I80yFtCKP2hoCJJAoJmtsuHNlVqKD1fybefhMPy34/9QBGhTAyqCtlNsbORXtywcK1KWbkCEUUKAsSmDSkna/0uDnYlOwc+Q/s2h3QJWbTIObmu+1Eu0MZGO1uA9GEYlq6I72Va3S6c4pQKi+TI0mqJRB75vSB1N/U/CyfILBfPMnndJCOFgRR8vXnGfR+0G5qmP+uSModzl69zgyhXvFQswdrnjoQY7MMca+319fX15dXV5eXl9fm39RZuXqK03QahVR/qsUgGOg0HXdZrPZbXdnu7Oz3a6IPph9jqPXgLYezO8UcuPl7c5lsPjcdVv6n5kH6jTvAzOVJyDNKHd660EiswZjjSCKDqrf0cgSRcMKShQtxnvmfh/7yMzci7h/UXRHpuDuk8vjGGA+45OHhnxEQl+U1KmtrreodFgkQsL8guuYONhGI5LWUoTR+yyQK8PqrtR/Hv01eBpH5k3uVfrI//jHLz+/eq9fG7mhSZMmTZo0Oa08f/7k+fMniab/5u2HN28/fPftV7/97dfN6ej9SLKvotlaPYBRYWvFefttGYPwZnbsot1j6xnr+eB2+Jbf8g/mD2IQts/2+Xg/5QQlpfAKXfmEw/VLEYNw9KskcGK5XTDWTImOQAkPaNRAKK01DsAZoxD0iDuAIBnkOOIPQYFhzMUgXJbSqFWajtystgIgVCiRmQkJQA/qV70OpqG37HsxwS8ENqt61CzNpmv0WyAFiteCOJ1/xYUlbW0IICVVx7qt8C475y90IXMundRAHJslZy7MTLsB9DiEIXEyJiuGvOz17SAQUX1QhJKRXw29gOY+saifTFm/lc4x5UGPhpNhCgGOsLE5TuH0RpT+P2cnm3UByudaY7OVn8Yg1FiECIAoCARIhb9VYSGk5NSUlUTo0CB5PMJyMhiUKExEUnMbazNWThCh7VFFIrw3PtaxDZ1Kq8loPwDCUOJwmcjr0LcwS+TY99fX11eXl5eXlxqAkJNvXcTkIFcXJ9urCSlJoBDCZrPZbbdnu9352dl2u+u6LoRgz4bC374xVEdh5DYA8smPBamf4BnxaI8aLi293Gyu/9bz5OCjONo2RpPpBBih/00/ZWEWbzisDj4ZxPzOirBALxp0EGOUXnIM6D5Kb9Az72Pso0SdaJFZgDltc/4qZ0cxNNQhiCAbv9DOf2WfFx5EU6dVCIF0ZzGfowACwALkOwKmjU9fGCRtNukQFyBgAEJkEDbnuWJIIQuAEAEbu7whhJ+TvHr9/m9//yVGVmjwN9893267h1aqSZMmTZo0+QLl7Gzzh+9f/ua75//8+d2r1xc/v3r/5u2Hf/nd19++/OqhVfvypbSWLSAXCzbem121soYb1/kgtbXP9nnwMzMIEaf4fEu39OnTcrNrK+dHwLGxYT4s1VMpn9Jg1y6USVzAqj6yot1kIUwYIRWmq2xyTbaaBA2KsEgYkv9G6dLRKOQKYPh1ZAaa5zmkU+8akAyH+YsERCM5isbsEQMLwbwOSh6pAY1sjTkwuT08XPTWssDfwupdSyGCcFTD8KuXQAOEIdv59BFRApaeVkLHWmfUS1KBBgvw+CBHMOdA3YPopHCiJJh2iOpazaDNWjQuBEEBoBoxcaIJOz/vhvd6Dvg8NHnQEfz8ECLQELRN9fv9tlNiggiSWnAQr9p0VZNsMa8Bh5oxWD3IopSpjzin9wlz1DZIhM32DMK5OeUOJl+LGTVBAPWhJ2zEQQSlD2rlBp0AMto/e6IHKwOUyushAf8BfWAG9n9FFQeTd/jcLSN/v0Lr9mN2CJkopLeTxHhabMtWLFsoQcDjaTKwCHPf9/v9/urq6urq6nq/7/s++RfVB0HPaoQQiMjnPAIlkDCErttuu+3Zbnt2tt3tttvtZrOhEMwNZApaakc/cKTc7Qfi1yanmtgIeU+2wxy+yBqIDHYiggUcUJYozCI9S2Rkxhg5skRBDfe8j9L33DNHBvU7GtmRRQbRYNA2DSToni4a3VW7pjxseyUSkUDkMWwRMaCTWil0WgtRyMdEyFZQGO4vOv8M5QbO7HBkAhANzNlHfYFV37nMIoBAiEIeN7TJZyBXV/uf/vrm/cWlOhT93e++Pj/bPrRSTZo0adKkyRcu2233h+9fvnz57O9//+Xd+09/+enNu3efvv/9N7td4+7foVQipU1srbhs471deqHdlm7pLy89YBC2dEs/3rTU82VaXmbrkeW2YL7O9HPBIByVSVctt5td9hlWNDCFGY9B3YuKIDAikXqsBE6gpF4YhQnJfI0iqCHMMIQSkjJVMfXOYSmD7pIkclFh5jf6YC0GEpbopeeokQrJYumAhsBR47+UriYlVSsoapH1jk2oFXPUqxKLKIHDKT1rJFVobdREWduQB1YpWdZjnJIaQpYwHilumQUhSmNi/2PL81nnfgoqdVbcIUp2cGa3fmpxxYHO5cgUrk0BDDFL1ZotUkBjKKlbM8KiCXcZWubpE5NiFOZpUMBsJbyqjmy5aDWb2u0JKzXHwvhbdG7cYzPoLyIrGgQ085Lslk0grTzQRf0AjvGKP+zu900GJYrRznQZD9qpKwoj6ggLAKIEQhZhEbXlImbmrg6p32vjFEqmkehAGcGvpPxaeC1hFg2+xcKiRMLimQIPK0gKXrNwFCZhhpBiHI7IjtoCERiq6vNKFPYtV4xiUiNoUUoDu5IUOPXjemNc2ds90NCKUK/Z8eTIq/DMBaPasgpYTOxi6eMDMIptPEuFRmvX6PplfSfdn94Cr+hIvEfBecyPjK83xfELxQV1s1B4L4RAiCIsMQJHjn2MvarR9/3V9fXl1ZUxCAuWKxFBdqbrJD9EJcoTdZvtZrvbbHc7dTC6PdttNhsiAjvuYA+drw4OVPqKOVwgJKvv9P5yqKTsIeBoSNNwzo/c9PTPiodn9iYcuPTgbR39jDBWZ+40U2WzqjXlb1b+UlbewaLN9K5jm5bovqWvKujbLIpTTyNHFhAhYeAoMUpkpRhCZOkZesY+Yh85MsRoIQmT+9A+sq5khMDiUV+Nood5qzeeNgqzTTkBFkbRzSwYnRCR7agGJLK9AOuKDrYL2GPiu06ws10Q0fZ/wQSfp5qQEAVFSfC0vFA0eSTy+s3FX356LQKbLvz+X168ePH0oTVq0qRJkyZNfkVyfrb993/7zdu3H/76t7fvLy7/v//71z98//LlN88eWq8vVkr76pyt9cZpXFf+qHZX1tnSLf040102H0OyUrZ0Sx9Mw6ryUsmXm7Ur9XyZlq8Rl6BQBRbmvNTqlJr+Mh2Hmk1Zxnomw3WB4Q0vEBQP4MV62jzF7zMfVSmbWYAgMAiBHSAfWeqTSTUDPB4frRjDAfhnRCLI5jtx9as2bgUUtRURNYtZUKeMHypGaIRCKBmEIAxIKOUdKQe8YoUcmeanX6c/jSDAaS9q/arUA2nkvKqKkdTsjuVgDa2g4MM1eKSyK1eBZMFOSgMCjBhscyOQT1El4Knew9Hcq1aeSDE4/JoVNli4vBQn0zrjgqWjUcfJRvPKJ6ZAOXSYWi93MQRIdtOi6O1sncns712R4pkZFRx0Gkw5sYB79n8F6CR52JyOc3qCFAZGAAECYSx+9RF01mkxQ3AA8ZZ+R+1yEQQgRHYDc+YHgzhGyIlNqLM6OQROsQgJWTvhsQs10ujEyXDBaoYSahARLvnaIGmMM7yS7m11tTmMF96bl9EDyhRLzg3QysFDa2cXx60X9d9WTsFHPOWwY5ob4iAO2EwDtJOiieSrjCgiRN01uZeoM7qYkza72bFrRHGulj8+uv0FCjrhiUK32Wy32912c3a2Ozs7253tNttN6MLwvqfVJ537KWV5VKuDtjySC9NpCEfe6o6cHi6abDjjNuaaPAhdzS0ZabMQTAVQzL0sOCgILEYktAWQHU1MTjkFNBLhvpfeMELZR+YovSLR5kEUWaSPrDs1EVIOEg3Dv7ZMs0Ck656Dh34whpDZFkZ1gYuEikrbQRJARFJSo/EC0/k1fRlUF9EQwb29215mrEndQFBkuKs3ecTyl59ev3p9AQDfvHj6/e+/CS36UZMmTZo0afIQ8uLF06++Ov/pr2/evP3w419ef/p0/YfvXz60Ul+mpNODmP8gGNtyC4dcYxuvvV0v25mza7hKmYV2W7qlv7x0V9rSSv9eLd3Si2k5UT13moaRzm6CmSlfwmrHj0Nmi4zbhUq7Cbia0OOMe4aoliwFA4mUoSUsERkF2d1QQrLEmzNJLNvPUvrDTInJ8f2Rib9AB8EwhVqFg0550EMpYBJHCq06cTjMUA4aEQkq6ldk6uZ02evpPUgK1TbNn0EoMd07f72xkc7ztVbPsjUffdZxsosO66kqU/P2WcLbRR054JY/M27eTJWlirwbgwCEByQZOxNSjfawlYQd9ys4uG7WxDwqeQhDkmEgw3G/ihbzFYPLHcJEBChWimpbRWg+yJgeGvcQi2LmTnFMHZvgg4Io6JECCdGfRvDX58EioKgJp7Btwsx5bXGwhAKgIDIwITGwQoqirkfTY54Ji8M+DSB8hbpnBrI2nsUIHLhx9xyDcI37U4DKs3z7Rh9cVjp9vYG2QyLduFHxxXLE4fYHh4UjxwisTn+BiLqu22632+2WiIw6pg6eETVApq83ICxAoI5Ft0l2u93Z2e78bHu26zYb6oJSu6BYAm8go3Mtj+S2Jrn9nL3vHo2WFXOfYNsVmb9uYURbCwVEIAowg0ZfZZbIwFEjBQIzKJUaAEEkMu/7eN1zHyWKEgel72Pf9zHqywyyYIxRZyURBPCVMb/yqHdu2y6FAgEGInVpm+j1zAyAzEZrJCIMiKRTnu3gCQphAN+KdcdA2350yQ4cxcjhYiRFEYnMHG3GMbNyne955WxylOz3/Z9/fHXx4QoAfvj+5cuXjanQpEmTJk2aPKSEQH/84dunT3Y//vT61euLq6v9H3/4drNp8YBPLH62Of2tN/jbKzlKq9h4p4ac6rWH8nO7VZswrrYbH21nhnS6cdrfR2Nvb+kvLd1lS6HD6y3d0idLy+nqhHq+TMvLUj2V8imdKEs30idbgZfblTHDz7c6dzgmYgiP66RWeLfkMwIDRbX/kzP0QPloBZYAM1L9aS6sYIpJZg6rBpdLQTeUkaPL5KNSvL8ecEcAzdeoDwIWOArCcIyXe1ECGKnd09q5VgIS1VElA2NmSK2ghsLsjRNTPTOA4gBFHRrHx4ZyASzxszkFhvnlm4tnIAAAGQSu5RHcIRouBS5Cd3hWGxs3uw5N5HOUl7logqkTkprzuhYUW4NtlBNymp/Bj6TDsEWiAUvSwd+yzDBtXuIMXE/5OIQW3f1h9lepbkMZBM0dqwInhBixfMqGYGo5ztpcYlapldwIL/YyjkAoAuzOS521Iuj/wDzmaahD61xqX4QRyAnULHYp5T4C+bSVwVv8/OCPAMiHBVcWCco6FivUw7T91OrH4RmWNXKcz8DD0f5GEmNcavx0wWKXDkO4aPhA3aaYOca+j1GEQwhPnzx98eLFxcXF6zdv3r9/LyBKyUobHwhpqE2diUQdUSAKGnozhLAxHuF2u912XUcJHSwprxNV19+sWbb6IZnsPilo6yPCGk/cYUu9AAAgAElEQVSwIxd/viyIFBuob6aKfZHhaf7aYOxAxQIZmYUjsCBHEkYn/OlEYhaMAj1DjBI5O0wAQMmsa9ZdVzxarb4ccXZ+7S4gbENwhJslEAIQQkA9LcV6LIyQozsOEGTEiBpJsGCUUwhs3O58Gg0Ckb9MiIAioE7dBgAAFo4ihQ8DQRLkU744NTmhfPx49ac//3y9j2e7zQ8/fPvkvEUcbNKkSZMmTR6FvHz57Ox8++OPry4+XP3Xf//9X//43ZMnu4dW6ouSwkO/vkBXbK04b7/FW9uiF9pt6Zb+8tLd4C/3lm7pR5uWE9STqebVMuXXmTIZwZjokzMOtVtHO0aFU4ulsACKoACLUGHqcupe8mWVq53EyUvVTnWoSnIT6jiG5HyPVggD7NBAkyF8BR5VKvn6mozAECsaZVb1PwkcuGx9XlnJQPk1VQ1sypDuVOKFLkNiIx7hxEyMTuJca6BPNVSBMVW3pMzaRY40lVeZc8uih8mb7ELT5bDhwm+jAsWvyTQ810QJSC9Luhfl5eV4jsdnMg+TO8jUAynuV+2W5VFKNNxRZxKD0DuRGjV3oglBhAI4SeB52bvSa2gZa9OPGoCY3z1Xgd2vHQoiEGEApNKX6ahaHD+bwwia4hETxdHxoRtnOeLRuw2+cheS2W9uxj8SrZkhbiWO+KMRcyQ9LzfW1uDywSI5jdDovKdi3lnkUhZmBicIbjabZ8+effvdd58uL5k5dN27i/fX19chBK2qfNJD6NybLoYQttvN2dnZ+fn5+fnZ7my33W42G411CIB+LuDI6Xqo40mO230e1dxQmdlNTG6vcFojq1UVf+xwchOqJ5okOREVEBZmYI0oKaCcwcSRB5EYYx9hr/5Fe+6ZY4TI0scYe+4Vi84AoROwRURxOEPusHw9I3MZimLHIwREhIRECImIUQiBfPFm8FDTehbD3sYQiQIRIQZyljaimLddfUNjZoUcPWBmMpco39LdwdupnSaPTd5fXP7vn/7JLF99dfavP3zX3Io2adKkSZMmj0qenG//z3/+7k8//vz+/eV//79//Nu//uarZ2cPrdSXI6X9Zs7WmrzsD/JxWEPtWpzJH6Vn2z2qzkN25mq6brue2rRauqVPlE4xCNtn+zzqE1aVrM0uOaKGoozUy0hOg5WXSU5Rm8xoVV4ro6tkUkNuZVByGGNmMAJFnQMpMAMDEjKeUJB9hZmRiViANUAN+Ol4ENaT7KDgoQgLl0jSLKox47Ky5BGWXkYTOljCCSVAmDqekEIdgZJBCFAY5rRpGBPmJoNUtzCWGOGxcMIIaXtYwRwvEPxewOim6C/FJeMbt2wjRq92DTtTiwNUgY0B3FH6Sj10A/JFB9quY4LTAmXdkgl6E3wIZ98KbyJVzLUkBJetlOOz0CPwSVC5rfoUZfA4He7xaGdieFwBK2atBiRCAxLterULu0s7R/gAldOMiQWo/9ThKat7USFEUnwQMJdxAzmkxcK9DftDOhr+YqxwHhiblzkscDQODyQy/xD9KuR26GBtAOdOXhSw9ODkijvVDYHOz89fvvyGmYlwd3529vr1u3fvYoz7/T5GJgp934uIOiNVBSiEzWZzdrZ78uT8yZMnZ+dnu91us9l0XReCMggrsPSNSZNT+v7yuYrqSJRnRIrPB5PlfXn9WM0vDViUyYB8aiCfcGJmUIxQEu1ZCxkFWoCNf6l+ONMbDjNLH6WPvO+576FnjpH7KPu+j9Hog0bABvRTUwZgc4zp7U8dOet6ToREiu6BCIno6x0TcqCAQgSkhEEEEGBItbo7B0UeiRQj7DQGpx/gUIprwgMZAECQ0ykadQnNxq4kIGE5iPc3uX95//7T//zvPzXo4B9/+Pah1WnSpEmTJk2aVCQE+o9/++2ff3z15u2H//l///iPf/vNV1+dP7RSX4gktAJzqJnxJ1Ztwoeuyp84Zx9eXUP7bJ9fymfnf3+2z/Z51KfcSw1HtQKHcpZrMxPfpORcepyjDc5okkuqjPzjQfHFTVoMoufAlRLBgFGEAATM258YKAilYXFgZZyiRyVUsAwsJXtl8iy6HiBMNnpxU/0Ak2NhYXCakwBggWiOsKYFDCBBgyUF6phXjQeVAZAEFn0Sk4O4Od5n5VaWhMJx/amR7Li9bpMdzA0oaWpFPYj+6SxVpALcwcLj5qEOn0JKNl7h9Q2nZKOTy5zhG6tJBfQAZQIBFlRFu+kjL5ria1PZslEJTQeUtAiBjjNj8i2JUGIohis6ZKhZ5FzA8tFLvuccCCyAfUin9BSQAUMQdWVy27UoaUXc6CwMBiuW4EqBAGEKAb7q7k0Hs7w1kxiHq2RE6DztdC3bGX4dPsgPsDId0eSIrLlQ8iSkugIsnG0l+RdNmxLYYxGZWUBCR2e0C4FCF7a7zdOvnn394sUvv/zy/v37i4uLy8tLAPr48WOMUemGMUbnDm7Pz8+fPn369OnTs7MzRQe7rlPqoQatm26vN+746TzlPiQueFT3DxbOZ5Ws/Ph3239mwFR9wVB0Tb1sKncQ08sHBG9H9w0Sfz2JUSLD8J/0PUfmPnKMzJFj5Bg5u3hgFsYoDL7fMiu2l4K8KjcWKFAIgQSJkAlYiIQiRsIQOBAE8niD1k+jAYq+9iUqIiIShS50IQQixICBMq1bl3f9ltZlAcUCJQoDAiFGEUTQuLNNHo+8v7hUdPDbl8/+8P3Lh1anSZMmTZo0abIkf/zhWyJ89frif/73n//x779tPMLTiKMV9sUdEJW21iGi4ZZYHF41c+3B/HENo0+cyb9NyYOfDcFpn3f22XlwG3CqVEu39Jo0rCovp2tXVpeXlIahnp5emPNSy6+Wl/E46Me43dq1xWZnrQ72QDsknqoHjRAGiOo2bYTS4ZDwJ8VlzJyiJZVoxJggOOEuJHH0LzsvLcHI4tqBYT1lrjH/Yc3st0aq1ti78C54PxHOSjeQI9S2JKJNYd0xpMTqy7EEn8YNFV/mf5rIqLacHnH0EKexzyZIp5RI1UrBGQ3L1kzJqY/UIyfGdHaNMPUjMULzmTgF6e2rqMe4AdAlJd16pJv5kwNEYmZPYxpYImJmAhKyiGsDX6CAJXBIiERERm+RRMYiQ4vdh2mheUqTmejziQF0bvP8wOowkjXkly+dnLh7efBDAw+uwEEZaXgbF6NDLLZ+o1cOSN7jLB6cB4lDAeQQgsbpRIQncEb08vzJk2+/++7y8vLi4sO7d+/ev39/fX399u0vl5dXALDdbvf7fdeFr549e/H8+cuXL7/++utnXz09Pz/fbjddF4h8vT3p/ZrZnW+yatU2jpucnkGY7BDrFFjf6MFnfLkL+S1s4GM5lzf/xejHWmDIrVSvougHGzQqoQKBESLLnmMf+z4Ks3AUjhxjv+8lsgVq1flWasTCwCJAihBK9LiuHqqQRfSkeQwREQGYCAOhTlSCQBB0SXY2tqSXKqcpor+FIiCGwJElxIiBKFIISKQRNXUvNm4hCDDHcnDU+ai+VFjc2SaPRj5+vPrfPzV0sEmTJk2aNPmcRLfsV68v/vdP//zPf/9ti0d4ApFka521A+NMfqrigA0Zl+zDC+22dEt/eenOGAn6V7S0dEuvTMsj0OFgGu5e51yn0l9q7Q7SebObx+QcA8AClVPAUFgEOTIjqj1fQ+YIIlI6Hp7qHUNHM9SxQ/lVdHBcoMhXNHNQDBHNOxaI6aU7uRqxCJKXQxg2MQvDFFhF6uNdhB9LaNAx5rMSCFZvjf7yMSkIQwZR+d/Sh3mpT4U5J2DeD8RdT0IFHRSHbyujhLn+rJd73J2CjOnT4C0sFHYvuaO+ef1FNyuiQ3f4Jg4Mx5P8g9cfhELF2Sepk6MLlmsY3btyRRoX9JsN7h3DdYApfGrTCAUQEM0wrdCels2YDQIgMDMKEpGGLkUUQEIURCIKiEIkIYAIdMIIEN2ZqDq10zWLNF4WICIGMmpLQncFgUGouAniMwARiDT4qEAGKMVmItYHqezrGvygitcevw5MwZhbryRTnHzVVek97cRL2YwcjRst5Ny4qkPFiyVr5kZnuMYBQiLqOmAWgQgAFGC32242m/MnT/rY7/f7q6v9hw8fP378cHV19e7dxfXVFYiEruPI3aZ7cn7+5Pz82bNnT56cn52fnZ+f73a7EIIurWmJmGpyA5lSYFPfb1bbchMLMtjKdRk6qUzcqK4cNH2HkfylyB4UTA67RWC4oJQ6mE9RzrAb2DYt4FEJI3OMEqNwFGaJLDFK33OMsfcc5nQIrkDwRESithv1YhH1QxqTXwZgFnX0KYjQIxL2hARACESIgFQ6f04e3sWOVhAg6mkQAWDpe0SMSIQhEAVA37UoHcURf1FwGnpkUS+jiZd4gxva5C5kv+//9OefmeWbF08bOtikSZMmTZp8RvKH718yy5u3H/7055//z3/+brPpHlqjz1ww2VrB3+0n9lWEOZstgHEWZObag/m53apNGB/C1j3f35Zu6VumO7BTtkZVaOmWXpeGVeVloQysaKsoIwd1g0mdMNRzWWc4Li3jOkGDw1TaHV6L83YYLwSogJ+AmZEybiR6Pl3IPGYJiAhpJEIMlSonRI1EUygchI5LTrUqK/TLU860Rda4PkrdSK0IIosggjkjNBDAmzFm88y7wXLstwX9TyRHYIQjDKxg1B26XqrJBU1GcemcwlqfZP4eM+nIEB0sbskIr4EChcWyY7mUICAKMI4uK3pVciUnKkJh452XEUiQFDgEJ6+VUoMCHVwI51lVrNAQ3enutDiCkvUG9ngrikOoMYVZM54fgC4viTOZFZP8vDMzITGCQoOI5thOPSWCeQZlBESIbO5uCdBoMogUiIgCAIQQQgiZQagYKjpdhRJ2CEUawd5jTfuSBFllHK3BXRYYqDeCahbW5S9V6hD+EdcvPqVzd+HmsKKh3v6g+O0v53lUz4/MPkNAkQ+L+hYCAG0BBCRGjjE+f/7s+nq/3+8vL6/ivk+6daHbbrehC9utBR3cbnfb7SaEkNi6rtRSZ4+Su6aqH6z/njlkRwxasaWOPC5My0pRRorMFFlVBFiYGZiFk+NO8fgiKZil4/Tqz93XLSIEIl0YmQj9PY319Y4QmRjU14PBhxbXBJEoHRZKTpxBfXsqotiDKLRHmdvtTp6zX++gCz6JABG6X4kIKEgYAhIl7BRRUN+tEJCIiAYOCXTrkEYffGTy5x9fXe/jV1+dtbiDTZo0adKkyWcnf/zh2z7G9+8v//zjq//8j989tDqfuSSXSsl+i2NbLs7bhGFk+51cCyCC83ZmLNp9LHb4lm7pO0y3GITt82afci81HNUKHMpZrk0cOcc7jkGIAANKxAByEAGBIuyX4ZBEpNCi2vqFE60w850WLL1Vf24ZtzvgYlSm5as5IwAyw5Cema5iZiBAINBQToCIqI4Q19sNRwEIU+bDm7qmZKTjy6fBHGWO+KBz9ND67LIpNmEQ4vjCMejrAE+qsw7MlBdMHMwe61B0QXCmy5K7cMBwv0aTVOYGeh+8YgFotHdbTAgEFuXzMA/R3MLnp5qH2UhU5meYpUTUEDGEMDwfwKlaUXwfkR2GIcUFzcRcMAhTnWT/iMgoh5QhwqywYTYCY2jw6CEdVFsrfA8nBjRxTwtOMasfRBYWmfUyPY8y5wl5emF9hysuZJbEIBQR5hjjXndPIkRFdVjBQuq60Pe43W6ePXva9z0zgAhH7vteC+hz5L2WENQJpN0FjeLGwhWVFp/ucaeKaZw2zeWrPiO5/YJv+9GqmV+evrK3LGFQ5C+d3GIB9tNVrLigE+i8RfAlTX0vB2VrE2HXEWDXsUSWPkofe51szCyRI7KQnuBiRmEWAabiMBaLY9wIAKxve8yswTJZWJg56vuiLqEkSEDlUgOAGrEQjMlq58YkctROUNBjG6xHMjTCIQAQQdd1wfyNQo7cKQhwwFdwk/uUv/z0+uLD1dlu868/fPfQujRp0qRJkyZNbiL/+sN3//Xff7/4cPWXn143ZwC3Ekcr7EuLQdhiELbPu/xMMQjbZ/s86hNWlVyaXWtqmOH81T9rDMJBK7Co1YQpmPJlQZ+CQZhLQq0tZz0QmmWHZYqHqdUGAIRZEgY2AVfUEKpWK/fhKQ7sZPticu9ZQnfD3XYM3Y18dSpaoOfsFfWBXLmZxgB4CtGldhX5AyIULBkgoEfpc+ggmWJII8Rx8qowgDariNpyzhr0qIKtHrbgCkhy5QWiJAQAdbgIiMJsRAfMV0CB8SINbk1y7noQ0M0aOhNrCCWi2rzjtFNYfJXsTCGbW4vRKAJbgl5NQ3d7iAnFG6M4mkjG9yJcISbj7NxQaze0RzwAPh33GgIGc1jmMiaBBZqfcW5X8ViT96jjyVg8nq5Fd4xhyVJ2WaG+gtaot4Dt/nqkUOWypPKgXj6ZiUIAFICgt7QHEVEGoQ+euhMQBRQBRfwWIBEQARGRUgkJDQhEAVGSizICzScppiMOGbNEEABOTnDTVE/AJ7rn0mpkuzJ/YVlYWAfW36mVcnwTc+UHUFmhz4ggJVDTcKrFwfWtWnh6SQquNlqWb4Zgja5K5PJy2o+KjfAzDVkpTrnC4sJylUuuHO2vJ4xscIlx20HA/O56ZLeOSGPGwQYBto412uMgwgkvFLFhkfQHI5R3doD2HRyTKsZ8+6Euq5pQlsfL48KvIDLJqD9uR6l0VHnfyeo1SPH0+Pd8rkIdm6ccWyUBiYgFwGnutnYxMwOb39FoJD8iEgxIAAGQJaZKGIARKGIvzIIElCMNRlZOHigAmLRSPBIQLeofM0sUjCJBgoAIs8Q+soi9G9k6T76bgxEA0WrzRyHauSsRAe6ZAaIAg1Imox/qYOlj7LoQ/ABHBx0hAQAZh7yOdje5T3n95uLV6wsA+OGHb0NowG2TJk2aNGnyWUoI9MMP3/7f//rbq9cX5+fbl988e2iNPltJDMJ5OzBCzSZ86Kr8iUtW61U1tM/2+aV8dn7qVo2iLd3SK9Ny63rkRGVSGib5cIzOcmR6WqfMtDu8FsEdOiVjeaaFJUAIRCAZGRkY2E3qiAGBRZgl++90E5RYuK+Sxpf21mq6vgtDgWSkHzAbQqWAoESGoE5RySABUARIzDCJstOmTMQHl3k7O87b+vVKKzW9rASxELIjzoOSxrkyRFMC4gRKGCC+hcuzgWZeMvm3nOowSRd27XFfZaxVvYYjBA/WUMMCj21lzli/SsMhyFHCG1We69ReP7opWOS7ozlz8apIq5UlJElnBZSm58cL1BgsTEAkosVCCEgYY1T8Pkat2B9OMsKLojiJUJUAPCIKykUhCiHopyaIiAKOWIbDCVPig3lIpkDUdFRPSEL9YuSwP95TyC2RqrlTGuvAMCw2nHxWAnAwYYw0yEojlIJOrA9SZuIONjgAAAxogXDdc6MB7YW3UlBGLFGavQKQnuKa0o9gohbHDyo7/uF7ej9z6xaip3CktiX7mSw0RNh8wPtLlIHH4HxB/arUbQE0Z9lEIEKd2OkrFovaB7oCi6DZFHQwxTis4ti6H35QTaIFjQZGLRcjIxuaKCJCJAjI9jZH/vpowRdttvv5CgU/mWM63cbCAlGjJYpEZUeihECKCSIRAwiEQEQIxMh6FImBm5fRxyBXV/u//PQaAH74/uWT8+1Dq9OkSZMmTZo0ubk8Od/+8P3LH396/ZefXj99stvtNg+t0WcqE/vtFL8YlBnYhMvP+rVi3Km6nflxYiXTMWnplj5RuoPkz1e99LZ0S69Kw63rgROVSWmYlIehnss6w5HpaZ0w0+7oWmP7JHPdmKSVt8KCXsDMhCgozKJuA6UiCv9ogkUoc1DEuBeQASXxf9q6OM40Ajn8d5x384Wlda6EBs294SjkoRGTwAFITOF9qqjJg1ha54gsa2S+cAEdl7jeGN7LfJRyzNVaW7k7qG9ChTHXiXlpYAcYYQWYGlGVKj5P07WO+cxMhjyzwJ+KE97AW+GLyxdO5t5gVk8VmOaXXMER+Un/M/IHW9Ukg/2KnZvfYr31pDGjyloLqm6G39J3ciohEQkwCZIEYYEAKOSM3l5EQUNnkIg9vKI0r8zs9NhYCRoMYQANkgbMSlDiACVEBDDiYx7HBczvMUAsv2Y5lbvLU1XCkinN4EA1+QkbhwdZnesaMoNAdrTCIuOaa0fRoHH+YKLGhhNh3a4NHYwxuodSKgDCiv/kxy/H7mKr5N4GQVJbtZMrvqcm7Dj901NYDi0X71yIgAQoiEIJdMOEDuqPQExCiv8BkQTDGlkEBRGJEYNYkOj0RpOwNovLar8ZCgciwDq/uI+RdJq5Y1zGgAIoQIgkrPBm6oEh2P5Kl6axZAahYpQS1e8DiATbPpTwjcTIaC8LIshsNTaA8DHIT399IwLfvHj68mXjGTRp0qRJkyafvbx8+ezDx6s3bz/89Nc3//Hvv31odT5TmdhvcWLLxVmbMBy81rlTdTtztfyDp/ER6NDSX2i6A3cphwBFDLaWbunltNy6HjlRmZSGST4co7McmR7XCW7Ln7Q7uBbIsDiFymwfGzNqMkWosInaL24MlRFGCGqf8pMuZvsESY481cKvyBF6zcngCgTCKITAkhymaoUlKFVzMjYATvwsvMMSbrpVzNLPJ6B4nYLgR+wfi9W1yndZGStrKlhwCo0eIJR/KmFaF8oQYW50qsMELCw8yiW8eYJFlYBM4eJycJUXzXZJcxmpk6swtZaa+F0t+mM5RmhbP2hTcZ+VOFIzIWPT8rVK6pWXqDbawzf2zuetYDEww4ZyHxGQy9tUIq4V7HCYL8aOSjCrlQUQAgHH7IjQvB2KYG5EiFDAXA4jEaorUWRBFIEgKATAbPijiAhpHSEEEIAAyb2k+GqTh8+5VOp0FCfi44TJi2y2aydfpIkHMyRZHrx95a93Yc6+DXn0oeRm/j7naxvtNmsYfjeU6QhPWx8FWzUpGash2Mpk7kDzkiUASJLcUCbqYN55MmsQNL4v+G4VI8fIfRSN1pk4siGQetpOhEZt7bQjc7ysUuAG+9fIx2iVV76k1snmjL8G4WKFdnDFb7DxSHHgeN3eZ0g3XkSNgOw7GhanYMCPObBSDFm/EJIgC5H4Tq1u4/M7kr1hKciYX9hsZQdk46f2MfYx9vu+j+YYlxX2AyQAYuTMw8fyNcH4imgvlva6ZqCfCBjinc/zpJVZFUFmgAAgQgp1ooa1PtHNanITefX6/fuLy00Xvv/9Nw+tS5MmTZo0adLkNPL977+5uLh8f3H56vX7b19+9dDqfIaCydZqf3jIBL9IZaY2YfB3f5m59mB+brdqQ8aHsMnjPbbV0r+ydJcML37GtqVbek1aVpWXhTKyoq2ijIzKVOfttE6Z11nmrz2YlkKfjC0U/ZWJnlaUkIBAmKVG10veQpP1PB2dTzb10tcaM+speOPm4cCQuhwxaGD6r0nSRTFCFEw0yVLZanMlcsnMIYRk5x24HURMPPmhJaui8MnlJgbTQ2byErrIpL0ZEGuNeCClgZfREeCXtBuwToeza3pJWc9Ct2baqnxd05ejyhfwUf6PI4UHLpypqQ5HLTS+ABotfK3iXqPRHiFkVdFnJvW4ABqHDoRxOCXSs+UgPSIhMgUSwRAAACJHbV0LGJYfBo8wF1GpnBQYUjy2aQcdwx6YmjO6bCZ3SLdhsAzA6JLDGGF9xG56zuCxEWiK/QoAPPzBsIj/MJBTrZmjpewk9ZSZ5ddq/YUDTySidD6gBAgdRJxWnhx1owgqesgiKX4qQPbQ6wE+OfaRXWJkASTaOHeQ0nUFDAnVBfZRyWOb2Hch9gd8sfGWJ3OK4MdinkFRABlAPO4gJL/vIHpySgnWJILCoD47gTX4oKAAAQISEhICEeZ23PEpAIAgMzODsAiJgEVaFVtdu8hRmK/7fTTCaux7pRKiMDCmoLMCA4xQhEFEUIQwCKvLedZozwwSENEQUCQM6IfFMEUwLLciBS4bg/BBpY/8t7//AgC//5cXLfRgkyZNmjRp8sVICPT7f3nxpx9f/e3vv3z99dOu7fLHigxeh9U66fZVs4ziwMaLpf0Wcv7o2iIfh2WG5aGSny2ynp//UH8ctvqWbukbprvC3ujWx1FAj5bf8j+PfPHz4ynfc+6wXQH3dr22XUIQBLUopV8tKX4QHUSEaGASdhqeG9PdoRWobykEj7ZjtSYkaYoDLfBvjAhWaqbxbiq4oxQG3Lpkx6cFrJrcoYK7fsNs1tcC92dsPaFtt4oJDQqkO57MlW5QnKqVsgWg8MJaKZ2dUhYTzsZcAKDiHhaHt82d06byRRcws1vTlB34OSt+g4LgcQMocblIySA8XNWaQuuk3hHMd26mrcF1g5VgBrU9pAYUBGVMpwGKkwQDpql5mSVCEUQkAoEAgBI4eeCzjmQXoIiAjJxqUF6LMxSRiEIg9StKiOq/1D0vqmtR+3QsZQyOYuoGGJ3Z3ZGOyC6HIeDq3blreUgbulSCeuoPq+f7DZUfwYTHTNrxQYTqr2vqTz4gM/ij+bXtzPj0kGegCAmwItxpDxVJWxK4c0Yuj7YIgEanUwRIfNfVKgFOu9JUJEVSvJ95N/disJB/1yoZAz21PuGug29IaetLl0JhBdCMIQsPRCCaJ85UszpdEI9IiO5vVjFjYY30pwAhISEEX/6UXA/gb3d6tEOEGTgKCwM4no0630hPZGzjRsNdxj5e7/s+cmQRlhiFI7Ow7zSS4y2S+TIFUYBTOGIPAKy0Rj+dh6qNUdIJQdftgLZqQ34hawzCh5R//OOXGPn5V+cvXjx9aF2aNGnSpEmTJqeUFy+evv3l47v3n/7xj1+an4DjxW2tyb6aDU/F8fiBHThZYpOddnBCubDTlvaakf021Vy0Pmp3Wn5gN17AWXAmf9Ji1Z48ti7N1YOL9bf8ll/J7/Iv5nu0SLf8lj+bL7euB1aUhyPrH5WHoZ4yLC/z+sChfHoTP+wAACAASURBVKnVIzPtDuvB5CXRwLzsNEuNRykQWLINamUe3ia4BnofLDQTA7uDR4UKSsbeyPC6RLLBrHM24Ob1o3Q0KknPxFwcEddGHJTSiWICN1N7yVB8Y2eeN5Y1zS2XOUpbRIERglJeXdjpbHAQUHSaIEzMtaiuDcSrLo9RJTPpyMKLg3pswAvUi3L7KZUnOQ6wPCleoG4yGlnLsrnjfUh64MX6T0tXrW5oigHPNTlAB2/hDxPtnlqbmCmkA5ezyRljShORxlgzaiCLxWMrji1qSSYSITUcI2CKuzaiJBJSDjSIqETCHHuQMjQ4IFvlGZ5gQE9KJhUOccEBoXCBZ/loOVtfpJwcHF1ZYdoU0NEeKbeMYjtxwE8AgDMjyjxuI6jPW0phcW1XLjDCEq1ETE2XWCYUCHeWu5mKg0X+rsFpxMrmcjD/3qW2DgCk9xHzYp7cpZjbg+I9S6MAiggDM+gns/nm9BVXTwLrIuUvXhYlEHw1RiIMRIEwBLTYlDoxyDRRYE4YIrEwAVJCEUU0dqEgAkun+HQfY3e9v97bwYwYpe9j7KPtyyjuCpX15c/OejAwSlQIMAILGsqNAKBMR5vDQT1Dq+bB0UEAD194j7exSSGXl/ufX70HgN/97uuH1qVJkyZNmjRpcnr53e++fvf+08+v3r/85tnZ2eah1fm8RMZ24GR/SflY2l1xyc6MtXyYtzNXy1fs0ljR8+7s83jH9bf8X3F+N8S6W7ql7y0tJyqT0jLJr50fWdXWmnTaM3Bdu1bSiFeGujlMVLjaI0LIzkoxAx9SWL/0ahGjDXr55Np0yhRcY+DTMjL8CgOFPV0AhDiEMEuCVMIwRh5HiUiYBZFZIwApjKEUSVIXiI8QI5yTlf4qBw4SRGBi705CA4Aku9oraeCD8gVHEPPpqrp7zClmPPZZOgH8xnVk0KdusZ02WkXXDpcfTlkdt8rlOIWUitFYbKXMWYkBly4xcQXOUfXdtnaymWN7SD5F0wIy6vKAPkiIDGQBqsTZVwIII++g5jpYCp4oorEGywkDzhdMWCBR6eMREzHF2YSSkBkfqJKqmHWujepolOY8kZ5WDmIwvzYXfA9CGquuGGOtPAZvOjbDbEHe0vZnjhrRAEKb6Igad9CDCOYZPnW4nfiFxcSTNIuLffCeoLIbY4RrLhwNe/naMCrz4P5Uy6YzQKyh/sDcyY56m9FfBgEUAY4QI7MSpNkO2CASSIr+yv4yF/19R3dW0vexQBgCBaQQKAQMVAwUoYZx1ZWTQRAIUATs1AXb+5o5dBZzfCqBIwIR9bGPMQoH6Sn0QW8GCzACIzCAL9E2BZEQCSGEwNyxPQ2c3tMUhrTQscXpHn+nQ3texsPW5J7knz+/A4BvXz47P9s+tC5NmjRp0qRJk9PL+dn225fPXr2++OfP7/74w7cPrc7nJcnWWjAIR7ZcmLPxVq8t7bSFD5Kx/Rbrbc2mpzbhhfQaG/V8mdn+tnRL3zbdwYAd1T7b58pPuZcaFspU5+20vMz/KutKVtNSq2e5pOcg5n8qSv0R+2b2J0EBzmiN2eFJDU+EyMyIgsiCJAX9YcreK+16I6AolYSJZNN8MsFCrmF6bVGJGaRA3WAVxlcGEeGApMfbzVmioyz36Vn0BnKEYz1Qr54wAO1KRmZ2mOaX6Oyw14AMhFi2hyGU3EYBzSU6Yq61LIjJZJnngxjZQbAyAQqAsICBB4Ng5tKylTXG6zvigdl2NgMvDXMqiOboSakyEUfo4OEggqMqhkXqagwOIHhQ7fxQoK0froYGCEzuRhX/EBEWRkYiYAAUICFmRgICZGZSgCS/WgKwcAZR1I5MzAIAIQRwZ43a8eAIISFpTCsCDEV8qwwYIgKBEQsLbLAcjoQXHsvNna48J0Hv7mz9WambFHf4PtstLpDyuMJwWTh+cGqOqZdkpomEw0H50DlV1fw1i62EaGtvwWj3AwRpomkN5Ec0FDVCx7MRhJmBWXBIkF1xa+pDd2tJN+VW1d5mek/9EDwKQVsVFdySAhizOSC6OIACgSygQBizcBQl6jHrCxQKIACBQoxM5nSTBxApEQJrOQpIgSgQdYFCikOIAoTCgoDMEUQCgpC/3uiLEWCKyWoeS3WpZ0JBIuqJJXIfJQTYsP4cBSJIFDCNWRgkKQ/5zJgxCzVfI29GMHQcEPS9MZVAFDA4/QQraJOj5fJy/+btBwD4zXfPH1qXJk2aNGnSpMldyW++e/7q9cWbtx9+893zRiI8RiZWX0xphMyoS2VwyYaMtXyolVwoP/ZgV825y8+6Vu2zfZ7gszu1IaNJk4eSqWn1tMbWlY0eaLe0lQ8i82VYR0BAWBhY6T4jk5wY1Y7MMdQAg8utj8h81eP/CzahCuSTVFRgrzhvnq3+5g4xK5MUExEUD3RXACQlzPQ5Lkc1gylCsXEvAVcGt6nlW6B0PlrUJZM0DmrTzFzQYkaiuzzAoqSkqpLtfBp7aIpdjTsyQgcPY4Q46gQ64LVKLDKng2aCWNVqcEk9f9UEwxnXoWMoy1hIaydtyc6d9B0zJTlThtMtc1AERLKXUSxdIBakRksTAjCIO/T00JJIxAVJVQQEmQmJPUIbADiBRpkv4q2DexYNAEDuZRQ9HmHGBsnPNECBu3hPZTDJcaD8DFg4zX9cQMWSrJ3kRfmVXcN72eNuLlWA8NgbZ56obeqiiABRcAFAjcCrRxbUhy3kUzIgIj6X07MCiIQIFsMtn6fQIzgOLokEb4hC6XP39M5WZ/LLcx8PBg2Ojkcc0/mTDVNe7CaagZ9gUPBPMjbmLyuCor/qXBCMLBw5MkeWyIoXogCyERBBGB14M4ekvgojIWmMPz/boAcqQjAKoSiOzKhEQbEJpUc+iPzkENiCSSgi0V7kIAgQIFHoAnPk0HOMEs1nBIoQQBBhfQfUSj1KrIOg6ntU7DYphMgSBUS5gyIRgO1oUGSf6epqtfkYfQB59fq90ge32+6hdWnSpEmTJk2a3JVst52SCF+9fv+H718+tDqfkeB8Yn1m9deF9LFfV+as+emoMnddQ5NfnXQn/Bu+ya9Jbj9t1tSwUKb60zRT5n9d+HowfYNMN48SktAIzXNblogIJY9YoGFhkAXIjf6KtxEii6D/k2zSdA7SdCBGx/8dU0pKjKg9A2KZ+TXVAilpkCFlSpTBHh4EaODDjVRbL5N4/g4XYln4sVn/pxy7JbMuOkRnIgUOJ8O9Ot0Gp3aPf3Mnk4YfTuAor9QadfwVLYkIXBIMUY2NA4AqjbbeCidl1LpfetY8OEqqqZlNB7MNhmhwgSLM145Orhzle8nkMrCYRa7BcFAH2FS9C1hyKMveQMbranUm4FJypmQkp4TF0m+SpkGC/TyIlroFRZHi6fPbg+l2/P/svfmzLcdxHpiZfc69b8fDA7EQILGSBAGCAAkuMhePxU0btXHsscay5BlNWJLtcCgmJhzzV0w4ZsIzjpmRbMkOhyVRkhWWSFPycBdBigRAECREAgRJgATwsBDA29+7y+nM+SGz1q7u0+fec5dHVMaLfnWrq6uyq6ur6+RXX6ZzK0reiq04h0EmiEQk0upzEBEGJBJmhVv0pSQgaJoGEITRvcJaGbumAQGIkJAa3bigzCqjVzlwxoIZkqMkKpMw5Q+6mFjFtbbn1sTAdvfZQdrDl5V0seFiur/UmPKQIYgje2lpE+9SYDTn29F/IpAIqZlMp9NmMmmaCQvArGUUsOhwggrjELFRwBzMo7OyxWQTG9lizLKwo4WVdCVENGloMplMJhN9NfwI9ozGvs0JYNzfUbc4eLb7s3a7vZqFnh1zSeaqetHLtyziP1Z+1wZiMgsYbQ4dLogeHWSxz47x6sAylRtquKAAC7KS+AQZkEXYxhGoo06DzdCY98bGRyAk86fcEDXUEOljD7oRoLDNYjbBE4Q5TedOFNGCrOClbsKYNdzOGLGlRoj1EaBCg+6fwp0ym7XcKlcQ2rBhzHqMAYSFhdy3AISJhcHwRW5bZr8I3WeLrleCzFp+6eXzAHDViaN7rUuVKlWqVKlSZWflqhNHX3r5/Esvn7/22uOThkZcUWX4t0/ZaLTzxoHyVu8dbrRKld2QiEFYJKrUdE1fNmmJvEiDg7Fwe3XOTTtsbXS73vLNPjwYWUgkERZWWAORcEKNesMSQQICtV6apyrbIs8gCEAILAIawS/qhHIQKelaNgVBUQggQM48YYqQc4GpO8wJSe1ZtjWenNNC554OA8AgMXvInMIBICi+SRqPkAFJLDAPKsOoq3ZEIdqmXXIh9LGAIQHoxn9nnRRfzMFL6OJCSgzhuQpiD6Aux8YHu7owcmwWoBSDYYJD2YAhgvMXKiDOVCka/si153g0kV03Mnd7YgOkRE4MDUA3WmJfRwUUMCQixBQxhGzqPszYkWaowXkJ9PXHkJsBCYAKJ6CD2BGRkMJ41mB6HUpufi8ARInKIcymV6Zzv0E3C2RVAJXBYcUej9A8cTV4aqDH0jTNao5HiOc4ImA3ZIjM1TAyEBnMgQKNslxEWnVbzAIgrQgAq8WZCBEbG1otMjIACLQigMgKyaCqKG40sRARARISNure1O5D5yN7QQAIgRDUeK6ua4kSL5HoLtK0JyGKG3fxE44gw2gYpE8PMULFDGnNB9gcCYzebs3FyafvpQhDyGnlUY8Qvs58XUIYGu7qEbOczLs39LczSuGITzy/9axDhqflvlm3j9SOiMytJpqmca8GNJPJ6upq00wmk8lkOp3N2g3mVgS45XbmhzRMCBmCf2wNQIcsQEICjOyhQAWBlIHVtpsbG8yMhNPpdGVleuDAyuqBlaYh5sBDFNG3JuMER70sES6U3u7cXu32XHRcAmE0Q/vGF84/c67I3AYRRKBsBMmUifckOd5d8tqHwgDqDtS9TCgCrNEE3e6qVgTNz7lhx+4hSyvS6oAAYIDW0LVWAFl0f4N6muW2bQWBqFGdWgaNsUpEjYtASETgfIzq6sW2XeDEf3cAgAjDrgnnCtcIr02jShLCDFuYARDgtCEWMlcNRkV0Hw8d14yA0giAAp9sQ92/m6C8wCbqb9bQiy23zg96ywQISNXH6K7LqVPnAeDY0YPV1ViVKlWqVKnyIy8HDkyPHT149tylU6fOV9fioyXiF9ghxi+inwnhZ1kcWTC7NkpL9gs5s9+m2/JzO3MXQ+nahAdwljE26u3bsXEb19b0KzQ9EXBu6CL/vTVd0/PSsuVrzcrlCD+D5QfK2LiFOeUlS0flpa8tSOrJ05Bf69MCoX7p6Gn1IJnxO3XYiIBiLtLAvKIJtD50ITM7ZlfwQCgiIi3AJA0cFaTPFNh1OjogMVEAvcM3EALgyPGXJWTIdaQ4TLR4dLwlyUzG3XvZTSnSGV1oK7vRToEytDDcjjvOK+nhg5JWzixo2KSCPc6yGsMVMYUVXNA9vR8bp91WvPl2/LPIgmJGPSPFkJOd8q7pToFMYid4cSL7UwavzTQZKDPkNhYc27FHBgz08btQrt+hZB51JkI1Crt+AwQCEKKA8Tuvn7YFQBgIQRDVg7FSZIhIAm4JIiKkY8WhnQLKbzaWoAVmM/WUT2PbHRAApIkt4TEiaMhfEpewhP3nXNmRuH400rYLpeyoLIEkPRcdjMtIn9/cPsG+aTzUPfiObH/GnkwmOjjNi6IDwieTyXS6goizzc22bZlnzG3LraKD5l+XyG/BISLvPlFE2rY1UInDh5Sd6CVNM5lOpysrK5PpVF+TFAplkaU4xM7n247s6zE8X1AKG0Di8z0Ys98eAY51p9OBWyGB/3zpViS2h4nqUFZEWNCtRkhEmGXGMmtl1srmrNV0y9K2RitsW93/RCLA0pp/Uf/ZQ1C+NYIjqJLnRLM+Rom2sOjUFgIiFj5bYrdD0ri/W7CwrkrMtgURuoWueOcE+jpg0zSEBKDvCLQ8YwZ9Y8BF4mzIO660tRszMjNx04jMqBUBEt2zVQHC3ZbTpy8AwIkrD++1IlWqVKlSpUqV3ZATVx4+e+7S6dMXKkA4Ujo2W/AeyTR6UcdWjEM2ZCzlAyxWvtAuWlQD03nPbfU1XdNbTE/cNn0A+x1a0zW9s2lZap0S0vFxTPktlkn193Yrfa1G1ImEJGrXh0TQjJviiGJWP3hTWFxaIhqZI6T0wnIxDiepVW6MP88AWiiZyTVlgJKIV7JrV86V9JSpqHVvmWJmQmQUcu1mN7Icw/rSJNcl+PZyp91wMWQtPjun6pJ5vmuR7zp/s0w3kHKkLYo9OAYbTtPjDYjdwnHkOY8GjfVqJjpiAvJTRoACzmTLQ4wRwf1s/kQ3g7i7ilB5j99Gr21MoYshVTVOi7BSVZRWyMzoqGqOJWqRtAABHJQoRuE1Ezw04OnIEUAohgOagdwUQzKal38ELiJhgtR20EEs+mlMo0xCaSgWJq7C/FCGxPKRmVbiCuySy71ttIHFKX+/TI9LcUFp3yz34TACVMuIMwCYzWbMPDM3ixwj3Db4XT36IsTCzMKss0QG5DRNo+jgdDqdNI36geyMxiSsZkfxhabKy0a25P17Pi5ddhztZgw34ZsGdnBkZg3H17L4IHzsVkdsrEERUY4gtCwtc8vcttK2MmNpW3R+R4FtEhEWFAdJk06/hCIggBJIgEQEpG5DnRtTNwODnzbDJJJ8/G2GiW5Ml34iGs/VWN9MqE2r73irgG2JiIQAjX7phRnaFlpmZv1aeqUoxI4GFkEmYm5b4yYqARHFuZKusmty8eL6pbXN6aQ5duzQXutSpUqVKlWqVNkNOXbs0HTSXFrbvHhx/dCh1b1W5zKQ2NbqF8OldGwH9unutePT2bXYr0OwCcNQmd1Pz7eN13RNZ+mJwy3ccK7pmt7htAe8RpQfU2bL5aX/2qE0JNdCp545uiERCKsRCCy6TTBtCwghWdWudpvgAZTOE1QwkNAZN50p1dDFGGCI0bhoZ7zPh47EJvzY8u6pGBB7o3N2Q89uzGrLjLyxYlnrGnRRqABuZW3tmmy1xQQR8SHyishWuMaXL4WS7Lrj6+kfilFhV3OAVeYGkZpLmBtxqmg9TzJ7rvW9lN6XQxQxKVaowXitGHozqacHZu5CUMUeXmQkDBlcc3DLb0OLMMKgra9LIdIIPxMBJRHGDxcRvbHaoyMegAcAAAZGc/snEEhazhGgvapEYCwr83CHIITg2IIIAIJAkQSo0lEDEzDQ3UrqZ29OxxYfzU5I9jp0Sa5LJNlENW/jjgqXyihm4eUgnO+hAUUHNzY2Njc3fQHPL/RzWqCparBMN9FpSf+yONQ7fJsU9p5MJlNFBycTMgfa4qrXvqU543DsE7j8ntRiX8N5Q3EYRbYlBoKtavwCQmzq09UPizCL+VQW4ICNaaw9gwBbdjEIRVqWWcttKy2TC0YYuScFH2oWzW07oIh3CQoAiOTCrSIQAtquYQEkFwyYwfoK48WPI6Si3xTiv1nOH4P5oUexPRgirP7ddb4k+3gikYtKiyICRNAYQNiK7wpBdr1miw9hRHHRZhGmQNQyVQLhbsvZs5cA4IorKjpYpUqVKlWqvILkiisOvfjSubNnL1WAcJx0ba3edSaW7K64uA150XS33djy09Vzv9jha7qm56YnsRW6aMet6ZpebloWLD86LRkUEJlfdk5/a2J8u0TEjEQkSOYBMgvDE/aUQ3JWABz056BBxQdZkIUIXB70wD+eBRjcznUAp0I8thQmLJnRM8sXZGeDWc8jmBABlgXAxm4t8xK5hxasrWGEGbAxlwFp8OoIpKTIHfQFuuhgbjofVnsOtlW4u4FTfcXihxvb972rzDGadxDQpE9G4kkD2i56eaTw3OvKVWWc2nB3SqF0wyPuj6RzjJCXjzTPeXHoHakPUiJCZ7/Ws/7oqKj2xiqQp/6RCTD4XSSjRSchxDrQYPyY+tDZ9FFu5XXbzhRRvDbu212Yf+I5dj9RpfdGPPM13svStjP1EQqGAJL3KaquRMNnxoZ6jpSrK1FEFLQgc3FVyiCcTCce8PbiYcfuxLU7sieNdiVSYGmaxN+v8MaBrR7Uk4/bBOVi7SKqU9jWAEJzNMoB/UWjiRpGKC1LC8KCLXPL0rIwS2uXoFtYAbMS+TTIKxORfx1Zwwsq0xpF/S37Kdf5QPKrHVafpTE/VccekX2tmGMX62IxBMWtZo0j2XrnBC7OLhCB+XhGQERhwIaYUONUg/O82s6Awc3jTgfCpgUhESJqqJmpg94KEO6unD13CQCOHTu414pUqVKlSpUqVXZPjh07+OJL586eu3Tddcf3WpfLQrytNVhFonM+Hf9yTjaUp9eOTEPHxpvZmWMd0v+HyvS1teUyw2ncxrU1/QpNT5SL4KH2mq7pcWnZ8rUOQJMR5QfKiN+SkZeHPj0lLS+FtpyZJ8kHX6c4/eNrfdrbdqN2fQxCV2eg0hASUJck4XyFinqSMkCQ2btXRESzm4kwMyELttKiAAqp9QodDJB8lmwPfMeqN0AjiwPq9DHP8kzbSB+E3YZ/NG+H5BkY3i8iuvg61Pm4xvr0nVpIxljCttOW9gIUbsQ8PBfwEfs/XEN9HmO1tFhdOmjdpTqGUbB8bdzwEFrZ6R/PY4PIRF6s1udFC5ISF1IRIIxPGQAF6HZcWdXoOihUONA3EPXJwO1nmT0g3xzEaDlSfCejNhLoN+oFjyVlCjqaMcbAqn+XPYOQWYgA2KJ2eVzQUBkl34CLRCg2puLtC8ZzaZDI8MEwV0Qd6zJ0RpLsvUDzlufeAD/VDPfZcKTGXIYry9COpT7cQisYHbtlkic8r84eVW1ERfXs0D31y1LQhi40W2S9x/tass0o2P0OutCbYpMlAgIxxWebpmmahqhBJBBbN3j40LdZvO9YfZe3WPTHiGte3iuyH3bMLEv6fBgk20SM06eTD/rJSGyGAhEDAlsRzyBkdUTKaJTBllmkZZ61Mmt51krL0AoYuCgoDIDALCwggARMSP65e2VQ3MyowQfR43+AyIhIusoTf2txAtJnais5RwsHBw1CNAMKcKtOIkipij4YIwKRQpXm3bQFHfC2V05BRpxSBLWi31fWtg4NFWhmM2bprkWr7Jysr2+urW9OGjpy+MBe61KlSpUqVapU2T05cvjApKG19c319c3V1eleq7PfpWOzjdNYwjIwtd/uhD28265FJfRUrL221dd0TW8xPTEjnpmtpaZreqfTstQ6pZsvC5bvXJuXgQH9PWIi/jNUvNbXCeqzigiZBVxcQJHYiaDZctyVHp10dkOHKBhd0Paq25EJgKFrWUQECYEMxxDafLEyES216nkHVtAxXHcYhIazuHrcJVLQeq9keziQuSYrZMsYdC0U78n3yw/DXZIGUhvkAI6ScRCj8lgGJwat1VluKN1DF4OEVWZvSFRKkkr6IY6yn9WMZLe7MtduH71O+fvoCwRAKY5BGArZzenU4QFUQe+qNID6MY/KhiYiEYgoRQYIQCDwCwF0/0J4bUEEgV2TqqFxBoGQyGD9qK2gYoQUQjaT5N0S64nh7y09BC+LgiiSPJ/lDCFJBzB2cjJW1jIadb9TLlN0cHAjQkIftO9f5Gi0CCFnICIiCgog6OiNUUbvLxexwInPKulXfyvPcaGu2yZldp9I3z4Mn+5seEFwyFZ8ZBClCQogi2gkQhBsRdqWZ7PWswY1AKGRDo1HyCIoQFoVAAoS+Ai2bunlIDznhxSRgR1gB2DRCAl0PwSEd89Bg37vRDzPSbpa0GvVxSj46JfOYzOQW1ygMlwtjqatqHRRqJNxmKLR9gioC2kBYZGmUTAVhYGI2rZt2woQ7p6cv7AGAEeOVHSwSpUqVapUecXJkSMHTp+5eP7CWgUI50psa3XLZr+EhhKWEeUUrh2fHri2267pCWU994sdvqZrem7aYhDWYz3u2hH2tLYx5YfLpGdj7M5vdx+6CjX8oP2TonksEG70M2MGHwe1+K3lagsyJ1TCyMQkyADGxQNH+DHjFiTu8mIO39BXOcUYMheImcTUlZgyE4ODUQ3z7adjUMwdkp3w8qcW50AYDGmf08eoKFv6Y6eOblUiqAMgvYUwarztEsF7rXQLGAGjIPbd+NDjiP1hpjdWMPWXrP8JxdHflwvpFG4TEgSt9KQkQZv9KFrIR1/POI+wr14pj+3kIomA8ag5azSrXwBcPoQ3t6Bnxi5KeLrKINQHTaSu85RHyAIk5nLUNShgyrDxWsTs0hatTfvTcwcjdTVqF4JEVnBETLiMATvEnOPowJtswGd06HD0+dsES7qTUneILhGPGXZe6vjiVUwS5p94kDsAhPH2k/DN6nlTE+KaDjxh4PDWOIDQzVM2/wb+ouzAdpYtjK7heeiyhg/d/Ii2fHI7pURZfCKi/D8x2l+rLkZZkUKdtlD9hc7adtbOZq3zKcrC6nRU9BJuGRy1jsK6RYTQ4lSCkHouZWZxRF8E0ciAAtSovwjTzTkgLW0WwbDxRbd8UHc+FHTLP0AQpX2L7isjBzESue+obc5gz0P0bZEgklsCuvdBQBhAmC0iI0v0Va2yS3LhwrpyCPZakSpVqlSpUqXKbsuRwwdOn7l44cL6VSeO7rUu+11KllUsWmI7Z7P0oseBa7vtQskavJ3W67Ee9+Y4cRg72L7cmq7pHU7LUuuUkI6PY8pvsUyqP7j94wLByjJYp1rVpUFqMQqTFDAMs0J64w8qfwcdB6dj9XMERGmZERAtQhgDkiC7QDUggYc0QjKuT2y7H7I8iihCyKgPQxCAxCy2rLTBUJrU6ak4j2120lkEx6OYOyR97XoqlfQWQ8Vieq/tpD0qoEZHQO4US8G59BGgdbcNFvOFFtNlXHnvBkFtiQHeUeaEs30W+wP74ZPujUIK8AyejfPFuaN0eB5ArJIY7y6nwBZQljQ/RrgHNQcA5ZEkasdQ62JOAwsPXaLREfSPHq5NIQ7DGKrZO6nLKswaVYKgBNqg+hQFkju8jAAAIABJREFUEY3WhUgAAkQIAAxsEIt4V34BCVSvGhiJNhvnkF4M4rgv6B+Bm8oEovzunbkjFl+ZDl7YraT4iKSTjz01lF/8RUAX6VcDBvGbUbsiOpd3yvcO0jCfdNsdCUzG8/P4z8pCEtfvPT1q2Dn9U4d0TE+PlfEAYaZqrL8KEflh4diDjf7nYSo/3/uv84DiANIz//f1/I+meDe3Y6bLuE9ZLOQqIgqDc9SJgpbmEEQQFAXkVloBFlAUUOMRCnLL0ppPUfYOSCV670WAhVvW7TtGQCRHx3NbsVgEhKVlsRiEiEhiaxwBDeaqix0Jm0j6nWFn3dS/IQBB13S28cI83QK4IIZ+2Yl2Y2F7CfoPqs3B5PBCAEZkgJZh1krT6f8qOy0XL64DwKFDqzvd0Munznz3u9/PPhZN05w4cfyaq08cPnxopxW43OVzn//y6urK3/qxt+61IlWqVKlS5UdHdAGgi4EqwxLbWsMCt5BOWYOW7l47Pp1di/06BJswDJXZ/fR823hN13SWnuiPbkM3XNqB3TW/5i8/XyxfRpSXkA+99UtWHob0kZAvaT0u8p846MHng+Vr/YrBOH0gqcf4X1G77lp/12a7BLXWsNptYptm5DUUVJxHK+Ozo9rPKEKBgrmTQRiAivZQn96mJcgBLUm1GZI30HqcqQAEQEJM9FhQlxGyHbV3SILL1HDjGX8uYbClWF35phSA6coAuAjWcfFCJSmWO7HsXF4komW3MNR6pkqvB8V8qGTFzBOvhAoWZW5tk3XqX/4eXCpJDAzsgWtjyXrDvRTeWawZysUmB+luEYjfDvFXpvVnbxA6JmJEmVLAPgnnptOUCFhgQr1cAMBwxB50MHGdmvII4zK4/Tc6vrttVrVXssSZeZel70Vb1uMoMjh1g81kMmmaJlYjeyW7GyPiUx4y1ETbtjpnRQEICcMkWnij3WaOy3XUbV/6PlKLSvEr4FYXAQ4Ut7hiixrIyn7T0INtC62AeRBlYGYt1qrrUQZ2tFNzpNwCtoLqSbQJU6YGD7Eogn7njOKABi46Jjf65ZiGTla+KQhooGW0C4Gd3wRrI6JuU7zesbiJ0fQbhyQEaPzkDeDHuXdkKvFs7GdYjxEiApGGMEREEASiCdvXVrfjKGJYZTdkNms3NtumwQMHdtyx2L/93Y9ubGz2nT169PDP/ewHb77php1W4zKVp55+9r4vPggAd97x+mPHjuy1OlWqVKlS5UdEDhyYNg1ubLazWTuZNHutzr4WC7yU2HXR2WnRW2gjuy6m9tudsG9jJ9+5EHFW31TP/WKHr/k1f26+xSAEi44WjtjJqfk1fy/zpZwv6bXYKblYu1KoM6IMdfUBcAZq/0VK6oduu6gMHkSNESOei672H2YOu00Cqc65tfK5zEAgIsgofo8LhC3lcbi/ovFUpURig6yMPxUDDGifZIzb8rCpfTsBHDBr1lhmblyoM7PS+p4tOW0bgKx2RzJDc9KNHQzMgSU5PBaDpmNsyjFlsE+H0ZV01CuV6cMR81sY0/BoGQB9Y/t72QtvrFUXKkWMgTJ7jUtDuti0vqiZqln5LWMD5tY1VSCHb2M+oJ8j9FZNk7hsrGGYACLEEWK6FQCQevwkwjAnAAIjkM0/Fv1K+4266HJMCszQQW9XNxphhg4Sxk8tcwIZyvtm5nbmYnDUFl13buFxD1ySgfF9MPOiLS4o2/JimkG/3bNjsPOByrttxftFvGjowayt5GMUA+Tp2VxVfUkacsO2vMWh3/1yvyjEP+8696bniOZIWeIncsw7lbKW54gjYpZOJUPCz9u6G8voewIWa1C53c43JjBDyzJjaVnRQT2yMgjNB2lKtEMNryqszGkiJBHFmhFJLOCrzlRu8GhgQnbquP0NBg4iEhIiMYjLQNts5rZ2ZQNUzRi2RAo+Qf1S0M28RtMmw0bdbzm3qYwAGdQqIkZ/RCQAji9mZTeqe1INj+j3dohihUCkk38FCHdJLq1tAsDBAyu70NZs1gLAdDo5diw4MVtf37h48RIznzt34T/+/n/+hZ//0JvufP0uKHPZyfr6hibW1tePQQUIq1SpUqXK0uTggZXzF9YvrW0ePVIBwiHxaAUGe6zHLxJLbGTC8fbb2LRTsAPjkH24265k7Ub5UCpfcZaaf/nlBwahw97DsebX/J3Il63VA+V86JaHoXoK5eN2HX0oyYekdUn0gaQeCMYfcdfGrETdlh4xaAg6u7bF/ImSfWzs0+j8R9mWdq2WQZC5RUQhAEEQdWuWYAYxOUnzdQ97104dFyuiWUlmWj66ARBBs4ia2glvwxyNBrMgpv9yJHRH0cEBQDS5pzRgmP3p7WyD1w7wxobKd2rtPsdefKtDHxy+o1INQ75V55ut00u3R+YrahhgAl82azE8r/i0R8jc+C9VjlHBgj5zb2eA6OlmqBwYy4eih4gd7IeAneduVveOJ95gTfY3TYTM4MsgYkPEzBg5aQQBJAzLYdeaf2/DJj5vfk7RQZefE0izAh68zPDp5E/XQLEbsy4dP8A8+Dh3DBs00AtRLyZdJecSdhcaZlvVMGuiMNsPVE5ExfL+quwusu9R8apu+Rgd1BzfbrY9pfs5SxpK70XBxWzUIaEfwRh/gPMe84hP/CYOi9tqOlwIE2r+QjNnsbe3LOOmeowmmWJJdxrdvNf5qMWTkoRpx3h7IAYN+uB6Ev3ZCrQiLXPLaOigKImQNeQyW8RdT6435IzIMEJgaJoGEIksgiCA4m/2ibBJgEVQbHp0AJ4AsAgBAgI7JLMh52IUhN3qJ4ReBgEBBiDR32EKH6IWDveuGzgRUPUEEREUYVEXoSjmdpSSnjTSKwE4WiBYNGsy16RiO2fcNGg3KQDNTi2xqnRlfX0TAFZXd5w+6OXOO1//4Z9+X5b58MPf+sRffo6ZP/bxT912640HDuy4v9MqVapUqVKlisrq6vT8hfX19c2jR2pA4iGRgl0XnZ02PwvmBMrbb7Fg7x1rf8b+8t121fKZWZtxv9nha37Nn5ufMAixc6z5NX+/5Es5X7rlZaieQvm4XfuipPkwoI/HKsQjkEn90G2XkAQbQiYfWxAs1CAAABD22htFbUvOe1TMKtRd9izILWKDKf7RjRelf3oLqbprG7AGeittR6Oym7XwQU5tnIgYoMLYi5a7PwCN3oRbsJDuG0nonos7R5UubNyVkUSc2CAed+mwKTkB2IJpXrjfuJ9UCOLYDFvSPPJR2XPtUA1DqJJj4I3vwK2Z2uf2EnZykgEvAOV8w/0iRCRpVHruzuOFMfqbjYH4lA9Y6LRFoWwOca3kwQhtSnE+RONThYaGpQuKF3t1vMS46W7K+F0C+2fe6xv2/WNsyZRHjwt22+0y/GKVshkgVqxYmx9pLgAh7Yf+z97orV3u090b7yu5JyLu26+ffmZw+4iEW/f5Qc0EZmhbmTGzcgTFaIUKx3FAEx0O5rZkaYBAAs1Wsp0IgyACid9KIgBKsdbR1LZ+nYKKqKm26sd0E0QISQAV6FM+orFVUVC8J1CzEhhNVAxdFGlF/EpKt30x6E4qMfYkGxGczOGqEIG0biIFAfXCysF3LqLfcRU9btfHBOi4mI6hqaEUq+yKbGzMAGB1ZfcAwqLcc88dLPKJv/hs2/L3nvjBnXdUEmGVKlWqVKmyS6LLAF0SVBmQ2Nbqjh6/KJx1UQAk+l3Ya2fGIftzt13pb9f97Cjruc/s6jW/5vfnxzEI67Eed+PYjUE46gi9Z/Mx3F9yfutQKgNJnZK0AllJgfK1cQxCRNIt3cQMRMKJuRPn+SJD8eUcn1BaFgAWImAmxBYBGiID3DhEOoxtjooOqnhOYeeTXLC3OpxvzufcjPsSu1Q0uxcwi1cGRQAZdCe+BnTU3fU5etFN77UMqDGnd4owgI/qhN5YmjE47T8jN/U1ib4ohmiEAkk6qdZZoV2BhACWQEpRJnTSUeYQscbdZn/vmV00+Jvzd+WWW3PgInfxwt4AczC7U/lIXld/sQK44ns4HRWaSW6uAey8ES5kI7hE3C2G6GtALH3ZM7yeiPwk4F//4GLUW45dAt3oVJgtoV4Z80rcX4DgwnLZAtuenO8fP6KGe2wb73vfIPQYc0wCKxbYlvSrneXnvL2RmFBxbliiFIHAuajhgCwKd/VhWn7wqH/RbitxmXirijADEUQfvnjsmYdRC0AYJmKQTt9KdBbizu8bUQtLd/JZOv4aS7eH48RA08NadTsIshxEX4XGPFU8jMXiCAqLw7AEjDUobcttyy2zAHp00LkeFYsUqNVb2D1yE6ltZ2CWtlUfyIKtIOpIMn6geMohgoCQgAAyOuedgiAowu57KW3b6vxKzsUngbqptRiKbhGkXioURtTwiBp02gZkCyIirQgLi0ArzO7eFZ8UsRjTYNFYWH/VibptcNxG5XujMhv7H1y80ESJhnOVHRa1Bq6s7L1LsXvufuMn/uKzAHDy5AsVIKxSpUqVKlV2TXQZUAHCuVJCKxyzwvH2pHsW1IaBvVbf+ceBa6EvBxNL8nZar8d63JvjJOJjuHeppmt6H6alnO+YeVG+bKOt4rUwVh8BwHnXmk0KSf8DR4aQiNvkP2g9n0kra9Fw1YAmathvAQmxIUBJUQeVGOzJeBVjfE4mVRWLdlSFDmNHRG1ckaAdQX2TxsTIFEjbUSPpeHH+0PJMS5n2W1FVIMB42AF8XKGeJ+U7B32vRzZASdOFlkOnZ4/XD4CCnXeArjfUA4PxqzJ7u+VhdnJIMgwo1WmgBuegc4s2/pFQVi9wFKDaZBQEfnGIQRiTBcE/0gTBl6CS4wUGcERRwxhEUTGk0Nu1o3ChoCdKHES/A8E7tkMHB6ZlOrfe2YKw8/C/ezV2AFR7hchIb5bdR7mdh6uteCQ7djrardyP53gMm6fdaKhL6uIypg9KYN1KASOEaA1QuvVQ5vKXbRIZCxUmifCxdFiXMAOLMAsbQCjurHkQbZlbcxGKraGDwgJstTmPohppFTWSHyY7pQAYBZGRhFpSqNmiDEZzbyvi3DEgIwCor2YBRR9F0bjWEDtE8zuK0BCRoX+pRwFQd82G4cXbWRwDUu9aWAFC0Nnd4D+FJUVVQQ0fCE5zUH2iKS7/kqd/+NEZKqiyC6JxASfTyV4rAjrdicilS2uac/r02S9/5WuPf+fJixcvzWbtysr0umuvfte77r3t1huza0+efP4zn/vrF3/48sVLa0R45MjhO+94/d9+79snk3BfFy5e+sv/+vlnn33h3LkLAHDwwOprb7z+Qx9479GjhwHgvi8+8IX7Hnjve97xnne/Lav89//gz556+tmf+om/c/fdb8xO/b+/8/sXLlz6jV//B4cPHdScc+cu/OV//fxzz//w3LkLk0lzw/XXvu51N99z9x2rqyHK48bG5v/5r//9ysr0n/+zf/Ttbz9x/wNf/8FTJxHxf/6tX1PfqqdOn3nooW8+/p0nX375NBGeuPL4+9//7qV2dpUqVapUqRJElwG6JKgyIJ6Hh8GmqifCMeYUZjbY3DabprEnf16Z+DhQvrfM+PSw/jVd00tPT7zP3ICO1HRN72RatnZtgbFn6XwMw1A9MtwWlMpAUqcM6AOeQZhfG+oM/AZCImTjD4JFtxF3vwUJfgU1Fo0BA4avgYhuqUdksCg7kgF7fU7h4jBOWaMxISMxFBZNpuCVEj/huKIp502CX63Y1CsOJYzhjX0lXWtph74mkHgyRE8NTP/01jmrDt0j9SNg/O3PNeAmahd8xYKEYYddDNI5jUwqGFRvLjrYd3HfheK0KFTnlLS/JOpASQHRAZ1js7Wkhbsoe+HyZYBbDpzwDfU2GsP8HX6txbXyFyYE5dBTuedPQmJgnWGyVpyNXnwEwbjDnb9lP5mJhrvKGFrFY3ZHpvMQ8LxYj2Yjat6bsscTzt7tgZDx08gYdHC54sd5POzjY6Zk0bGtH1oKg8ccem8r9xbzhPm+RaX7TvR944ca3MIumeJmoAG0r+/r390eNFzPeEFE9+Xx84yxAB07FIOzTZEWgFlaFhZhAAGI/Iu6NVa4jbDtwfYthC1ZIAiIQkqjJtGohepylI1FiMrYEwJEJAEmaFtAZGVsI4IIOp4jaAhL88VtEy0ZA1CnR0BBcI5A2e9Difyhgt861bK06nzUPs6ia09USNItyhpACv5Jxe3g8NBfvO9MXwfx3wVlHQIgCoNw1ydBlR0SAwibsg/23ZSXT53R1+zaa1+liN3nPv+VuMDGxuYPnjr5g6dO/nd/92de//qbff6Xv/y1T33mi/7PtpUzZ8596a+/ev8DD/+zf/KrR44cAoAfPHXyD/7wz2PT54WLlx599LuPPvrdv/uRn7r99lufOflC2/J9X3wgAwifOfn8E08+DQCf/PR9GUD47cefePHFUwCwvr6hAOEjf/Ptj338034y39ycPfn9Z578/jNfuf/h3/z1X546FPaZk8+vra2vra3/1Rfu/6sv3J/1w9mz53/7d/7Aq9q28sMXX/7Dj37s5ptu2HYfV6lSpUqVKgXRZUAFCOeKFGy26NLgIwLmZeziHbJpQ18ZTGzduOx2a7qmdzydxCCsx3rcv0cp52fxAgdKbr0VGCgJEL1B9h0YvFYNMkQkhOicixLpBnaJt5NzbDVKPpPOWueAJOeEKyBuGcEijkgzjO5kJtfY7WGnfLDAZsgTCmqwHGeRih2EIkT8KNu4LmL77gGENdRQYl6Nb2ofQoaxOPDPICpnkgt343LMRBmzBtEByFsw1CUPQgA6jzi1d4cTcZw5f7YHnikATtCpx5cc1JYg3HJ6qt8TamTZjHTzHjm151AA0cdwDPccedfEzuCP2ZngTLlSLNB7RxinO6bzoQ7pt7PTiJ7Mo3W6+QHyURFf5Q55/yMQWIguD5N4fpX4tze5rzBXuAkhBxIyguAYaKHT0HaQwoxFXWhqB8T3jJ93y5sz3H1FHM2k8OLqJcw2KdSQe8iEtGkPIQT7dbbLZODxBRwupfdtQWJUb3jCycZ53wSVkOY7hNb4cyYRDwt8Xy3sa3RAMC2WzB5zrlwEKezbyjD3wuEa/A6f0dVk9+trCXkKgRmexuwXLxZ3UGMRMjCEZY2InbUnI4h+5QWev4wISOZl1K24AFoUIJs5W2Qk9SYqzITCGh5axMUDRmCBGYuNG6c1s3pqCDF3RRjsC+T2QKASDVGRQ/bf5wCJCgRGoYCBoOw96LrxKCKAAuRmaEBo2X3+/FsL2CDZUgJR3BpDyZEYwbGeKI8CZBueq+yGtCwA0Ow1QMjMf/wn/0XTN914AwCcOnUWAI4fP/bOd9xz6y2vPXLk8MlnX/hPf/oXa2vrf/qf//J//Re/6a/9zOf+GgCOHDn8oQ++93W33dS27d988/HPff7La2vra+vrChB+8lP3zWYtEX3og++9/Q23Hjiw+v3vP/2pz3zxxRdPnT59FgDuvON13/nOk7NZ+93vfv+2227ylX/5K1/TxNra+rPPvfDq667xpx544OsAsLq6cuLKKwDgzJlzf/6xT4kIEb37Xfe+8Y23CcuDDz3yta998+zZ87/77/7oH/9Pv+ScIthE81dfuB8R77n7jje84ZYbbrjuwIHVjY3Nf/t7f6Qm2rvf/Ma77rr9+BVHv/34E5/+zJee/P4zu/QwqlSpUqXKK0x0GdDytn4rvRIkYhB6m6q3vvrldmxx9VYjhMDAKx8Hz3bblazdYk5Jz60fh/Wvx3pc+nESGeLrsR6XfSyNLtlabbkFMxxldElrfWDMS4+GUtJf/8/q77ZeqBPU/Gob2z2ZhtBZv8Rb8AWgL0yXYysii5BGoUHba86OmJiZoWMTf2b467IMPTAA/RI3EXEAC9ZbcN7DzD9qBD8Eb6gaYYdZkPKa99n2dhfBZx6bsGOqDtzKou11e/cZ88/mFhs4n3H1PO4YD/pM+nz9bU1Sh7uF0z34iYcAs1tYUKNABB6pLcKChvvx4pzZhtezFLAwGWneOeK8Momz0IxQFTc3zBv2JfNpCgsFMgZhQM8yKKgfHexDPfukONEti+upM/R2nnjpWnHhJ3fDZt/PJwvzW98sNwZ/GrGfYKyktMDgGXsYEZSuxBxbV23sXHQZr/ASnt1cLHaunsOOAUZevjwZovOK4l8CIMLmMx1FkAFYFC4L0VDB4e6CtuFI/KShv3AsCiA6J6OUTT5EiMwCIAhkG1ZQUAMMuoYIGyAWYQYSmQAKEjO0IsysxEHfn8rA9mOJCAEECSL3EQAaadmHhUZBXa8J+0UmK32wZRcO1vMDDQPk1n3hwE+ioPEbERCABMXCvxodFqOXOBkLtpUEEQGoAoS7JfpkaRd7/MUXT33720/4Py9cvPTDH7709W88urGxCQC33XaTMgh/9sPv/8D7333w4AFf8uabbvjFn//QH3z0Y7NZe/78RUX+nvz+M3oLP/9zH1SO3XQ6edu9d73t3rs2NjZXVqZ6j88//yIAvPUtd77t3ru0tttuu+m2227yZe6843VK/nvgwW94gFBEHn88qPqVrzz8Cz//IU3PZu33f3BSYTzN+bOPfVKH9d//ez9zq3OC+jM/9eNXXXlckciHv/7oW99yZ9wViPhPfvOXrzx+hc+5/4GHL168BADvfMc9H/zAezTzne+45+abX/M7/+YPl/0oqlSpUqVKFfDLgOKv7yqx5GhF4OiZuN9DvoxuGffb8bJrx9ufsf8s9OVgYvUdqKEe63GfHieQMHST/c81v+bv/3yVnW03chcZ8tMggXHJpJ4ox+fbLheMDVikXqsAA48wMx4ULNqiBw/IJSZQH2DM2z3BYK2CA8mk1h6/bZlgSiZLruq/1JteC0ZbM1/5U2Wy2j4iEZYAs64Rrs947cx63cztSoSu+XEk8VmfKVJEShJ0rehfrtRoXGYIXUMcLtB7qkzFiu4RXdU5wOQRq2GD+ygtesGSBWQuSQiM3eF5e2bFjdrOTPwpZJjo6DmXhMTIfl7yYdj0Wu+U2L+eHa0x0JatK6y/E+O7clEEgju/ZQByW5O+py0y9yGMlK0xfufKiDrjIuGTM/quotCWOy3bmbRLZN8cnix+I/rQwXBh9Kr4AITptph0FsBFgxHOvWUcnipHooBbk4Wq3bkNOoYLgn9YwNGzUlejrcXkA30kyhMPb4BzLWQ9ieg3iDjEjggJ3DZi9ymxxRkCIQKhmwZRWjFWoPqjbVlaFGb1IEpMQCwtaDEEQQSKAWYdSp4ln79likCi+8MNND8uFRxlm/ddXEKwrV92mdtPjOi9OysrFhBYBBlsj1XTTFgAxYOSQpC/UIqx0vzhWmU5EvP7d0eeeea5P/5Pnyieuv76az/yCz/h/4zRQZUbb7xeE089/ewdb7wNAA4ftuB/Z06fhdQJpyJ/+rujaWg2azX6YF+Z17/+5sce+94TTz7NzEr1e/Sx77UtI+Jdb3rDNx557NsRWPjII4/pRPTOd9zj7ut5ALjl5tfcmoZI/LEfe8tf3Xf/xsbmk08+nQGE73j73TE6CAA/eOpZ1cqjgyrXXH3VLbe89oknnir2W5UqVapUqbIdGbmru0qMVqikHkbBW1Zyu65b8yf5XfstdOy3c8vH+nQtvX3lu/bkEXbpXH/NL97vsJ41v+aPy58EjBshWLujdM2v+VvPl+XVD+X8Qlq2oX/nWrUH2sd7hD55PnTr1L3tDIgxRohEFpvO0e9cm8GIEHvqM8VAFGwU0W3qDKAAAIugYoSxSRQRhRmcGVRry8CAhaINdV2Muu38uenWK8AsROB1C9vjJQJ4JJhwI55hmSmyV9K/ohu11itCFD2IXa8U6YkpAtXNAY80pZBTXGuug1s5zbFlR42Wbfexsn3V6Ecq4b9GHy2Ebr/NHxUyylzfcW47/4o+im2hjj4eT+dCvyDEeNjH6P4Ye32RONil4sWsqe42xmyi6IGTc/6fueGLcNkxqibzW0eNWNVR74hzO1hUOE0ULxwxYBaUIuZaLDDmBhMMeGu69nZRrs94fnDxkgWe2mC1imWoHTn7rsUfi8KHKZXsDfLoYDwC0frFf/v1f/85z/TDcBYWGjrzSy5Kme1e25WB2kZ+67suRrfwfMPnH1DUg6j4KH0gwi0j68QkoJie6BJHKaBuWo9fG/c73S+tGoUJkykxesmJ0HnkBkAQAdIwhOqQEwWREZAt4iCgAAEgEDIQACOwGE0RDKZD3ZPBhnEqrMcAPlCiRAuk8CKrc3UbwApoJs4YwoAPnwj3fyDECjgP+OqVQqM4ArDzjmrEwuRDgDsw3VXZP9I0tLq66v9EgKPHjpy48vg999xxy82vyQqfPn32mZPPv/TSqbW19Y2Nzba18EhKswOAq1914ujRw+fOXfj4Jz7z4EOPvOnON9xyy2uuufqqrJ43vvF1jzzy2Lcff+L/+Fe/95Z77rjl5te+5jXXmcNPJz/2zrc89tj3mPmb3/rOXW96AwA88ODXFbZ873vf/o1HHtvcnH3vez9Q/O/Bhx4BgBNXXnHFFUcB4MKFi7piueGG67q3/Orrrvn+D545+ezzWb7HO7288PyLAHDixPFuJbfeXAHCKlWqVKlSZU9lnj0ZMHAF59hvd94ejjtcf82v+TudP0nxh5CSOCBFza/5e54v5fx4O8ZO6RNOzdHHeZ2M8iHihKE7III0gEoibIAYxfaq2953tfOkEZi8QYeIlKFjr7SAMQIN27BwfooReitqsO45jl7QsoPhQUcKDifTs4bhOWhPejAb5080MuY6SIa8qY9AXLTG2Gi1JM9vOyv9fMEtmt8GrMNzHcf1PYK4J0s1c9FYiAQ6SLsPYiQCtDsynxYVed/NHo1/XWVByCXziOu9h2X1BwSipxJ3B2G2EP92e3QwqrmP35mh6Z7wPIz29T0m14Tapn0ZdReMvoyfpBAQqdex5JYHQ8ZX3j9SegSYPeS56KDL8Te4/Vemp5dilGtKvuI/AAAgAElEQVQEiTB+37NxlW1A2SGJCfHoeKk+Qpsfe9mfXr0+2Dt+ZtgRKG+e2D3pUid3Wp/M4WefJktoyP3n6IMgIiwu4YZcyzJjtu1DioGRomRoVynkJgJCojsqspaC189kEvZ3RwTqlBMEoTGlSBpbWDGztA0RITEDtzLDlgUEhBCoIWlQhFgE448vIggyqOtQrz4AEDsP8G5WB90FIgF0NqiyQQftCYoot5uyLy8iKpiKikrqh4OQFBdUwBuZjbQICNgAinkVJW0yQKf7a079URZ0SPCurYvuuuv2D//0++YW++GLL//RH/8XDRDYlXjs/cLPf+ijf/TxjY3N55774XPP/RAAJpPmne94y3ve/bbpdKJl3v/j73r25PMvvXz6woWL933xwfu++CAivvH22z7w/ncfO3ZEy7zmhusOHFhdW1v/6lcfuetNb9jY2Hz66ec8z++KK46eOXPu/ge+fuutN15aW1efpW9725udtqc0cd11V3e1PXrsCACcPXs+yz/UoUhevLSmfMFuJVccPzq306pUqVKlSpUtiN+rXWVYgnHBZUgHv9DFbNF+i9u2D+PWy6d6du3JI/Qp69+9331lt6/5l3N+YBCmIj22pZpf8xfJz89to37pLS9ZfqGiUD5tqdOuGk578ktXd+rv6ilJWQSF7gTEcQgZGdXnFIGGnkJW05Za0Frd+q0xbQC4FUQEMqOmvs9mQiUCbgFmiA0iAJDauLR9IiJs1Maf+TgyC5VZRbnbhxYOJ4EqEYUcmMS6K10RSXa2Z6dcUhVGTuKsedaN9QxCPj4iAxIAMCCBMIju5XfMMld9ghZIXGe/xBhDjMIOm1+7JMuORc1cmOXIQIz8eIpkj1ZFDbtlxtiV+kyiw0RMEXMNmdYVBrEbKvl1g6q4AeE6xj+pmHiT0Hcy6CsmqMX0MtUWPKwSKcQRyGytOGdq5snXGUbRSokviQDzqJyOdBFFxfbrvh7abzw4izxddwtOOTfmUyd8EN6/AkYYv9Eppq63Rgjmtc49Gpu9JDmrc41GNTWHv+L7MfbRGN5wfT3tH/pR1LXOx0eMHq7vq0U97faAnTGTOXkUaYfnQzfcErtleWlyKCGCdibVKn7+vRhMR8a84PEfA1X1nHIjJX448UsUBk4J4Z6vXt50eG8lwiUxlPYd5Eaj0qgAXOy2KPJcB2mWCKQB93UQAI8s+mJ+AnNfKUTIp1aJXH27NzGqpNvb7u1M+mfoocC8AbCV8n0F4s/cwLXdoMWlyn2B4ijNXjG/pPIzvytgLyey8ukEWVD9iDIDM7JG5ZMwgYfIIQgMwKLzE5qbT/f8FSl0sKDYQEAQFr83xH+OPZQMgGwDD4FA336hRphYhLVSYABgEHFuPUUXc+ImUxBhYRGNAjhpGhFgZmZumQVYUWdEg0W1W5ECr5AIGyIbdyIsyKwhGC1GrITB6RZKAIhAhESNTThORQJgMeIgNgSIHJ4eqf8JRCAi6fkpWGUnhIjalpmlaRb70u20fPSPPn7mzDkl8N395tuvPH7FyuoKEf7u7/1xNifc+Nrr/8X/8uvf/d4PHn3su08//dzLL5+ezdovfunB+x94+Lf++f+4uroCAEeOHPrN3/jlF1546RuPPPbUUyeff+HFtuVvPfqdbz36nV/5h79442uNyXf3m9/4lfsffubk85ubs689/E0RaRpSX6b3vvWuz3z2S+qA9KGHHlEd3nKPuQy9+uoTmrh0ca17L6dPndHgiHPvemVlur6+cWmtUMlLL53eal9WqVKlSpUqQ8Js1rm9VmS/S+cHt2S/xGIPUJHVrGS/xbjEjtjDoxak56fgjrRb82v+svILMQjrsR4vo6PKzrbSiSMoUQzCOSVLMQi950BnnXIAlSNHBNM/eCs/ULDPCSGB0YokUA49tCZtg+isQwTAzATAjnuUf1Mj2EFQPZU6TTMWo3fCxszqKDXERwNv8QMNpWiurqLNMxmGgcEUbJvsRcTvb7fKEAOByoIGLceO1cchG5bBgHwS4yJJW65FiFYx4zX0f45UcqFt6aVWSliL+P+20f8RDADQbSdIBmeCx4OdGzcww3Ofc8UInkCI0D73rsX3loAtmGbnSG1mZw+AZ6JHmJySRx/azDHpziPTG+T47XJ1Sqe1DP0F98iCFbvANUTPGhHn2Naf8ti3AGKI/ZW0mdyL1y3Y8iMWV/fGYyAH40ewbXJhpGLcafmDG5L4hiLNF+dvlbcKLI0Htl3b8oAaBbW3UL8BJylyFz2Z8NnSYRNBUALggJoAETnMp38SDsQpADF0JAy29BI3LyBSNiaTwpJBYeVew/LWpO1ITm7eYY7myIKL1px+7hJ81++dssB7okih+ft0V0ewspvUrRig/bMNFS6yH0bRTzW2HoXQIjo4yLUQrWqQgZ0XCNAdJszAgKQgHwkjNoAtqsNTY3SzrrLcJ0ZImJnBPEToYkkBQgbDEtm5TmDb+0HBj3r8CRYgICZgRkZpEVlE0UJ7QWzfmLiAsm7+J+erHEmdWAghqGNeEA1PaM5kNACjAqqLPtoqW5WGsG2hbblp9pFZ8Pz5i4oOvvtd9/743/lbPv+Zk+alsztL3HbrjbfdeiMAbGxsfu7zX77/ga9vbs4e/Oo33v2ut/ky11xz1Qfe/25NP/LIY3/+8U+LyGc/+9f/6Ff/W8185zvu+cr9D4vI17/x6EMP/Q0AvP51t+jbdO9b3/SZz35JHZA+9LVvAsBNN17vMb/Dhw5Op5PNzdkzJ5+/5547Mt1efOkUAFxxbD4F8OpXnXj6medeeOGl7qmTJ3MPpVWqVKlSpcpSpG1ZlwR7rci+l67FtRODsIxodO23nWuHSg6U7792yC490Mqix4rg1OOOHaMYhPVYj0s/LnF0STkfRpccpVXftcX8Yj3dkmlOMJHbH4RA6Lw3AiIhsYu750zndpsp98u4XhIb5R29B5DFHI22AI0CIhrix9OtYstdBMN4f94ZX9C2OKm1i4iUmRHDbMFzZcAMUvDJgRlo+eZoyT6Y3tGYfj7NE2oGJWDaCXsg2219ETuv796u8XpRHfrgqCzI3LxKRkVJHGNuToGl/PIiaUkM1ipeFEp2UdXucdekj301dxgLiAUlhaRMtC8A3UQUP0GbWeJWfJdmY6kvvuBg3EHtW1eV54UJetAXIwZlESPMqKLJXW/j5epzmjrgOLE4UPt0WBTb28M5anck641i30ZspzkdMvdZ9EF9mWdRBXx0pAqzZngnpX5PjilmyAplMQi7OiTq9QyPgbvbcxn2SOzL7ETD6d/xE1Q3ocICzvdmhA4qGRBJrBIW0QiAOqB0pYPqR91R+NBT1e1JExIREmmEZr8DC7xTTwT/6ANNG9ShJzBACwCCrC4ORAQIccYKJpIxqwUBgZB0ckZ2LiJ0TDCReRoFQwdnwtIKgxgsyt7taLIjWkCXhg0TcgtE0qrXUmZhFtC1o+nrohXqmAYidU9BIow+4mDYJYPoKOEa/Rrm812rLE0mk2Zjs521vLLXmsTywxdf1sTBA4kTzq9//Vtzr11ZmX7og+994MFviMipU2UPperp9L4vffWll06dO3/BZx47duSqE8dfevn0fV988Pz5CwDwznfeo6dWV1euf/U1J5994XOf/7KCl+9851viCq+++qqTJ5//+jce/eAH3rOyMvX5f/PNx9fW1osRB7vymte8+ulnnjtz5tyT33/m5ptu8PmnTp15/DtPzr28SpUqVapU2YLMWtYlwV4rsu8ls7hingOdHP0xUbDKFksu9Yg7VnM91uPuHIPfpnqsx8vxCLvQCpTyYVzJco7f3Y5E2DSNBrnJzZQsKIBgO9xz8o2zmKmLKwie/1xoHmCR1gdqsip5ZhfEe9ldLMAsOl0smVm/WyDke5+EmqnBBdWSp6xBZQqwdATUPmif84IW+1Ewku3U02ec7at54GHNvRxL0oWE+yocWTK+KPoH6RAKmdndlRp1p0o3nQEJ8U0tBR3s9tLcjuojzw1L6ISo+pi5iYhd3qS7WsxOXnqmA5kDg0HFT01JMewq4KbGTv8P3GyGWA+8C8PPKN2lkN91t/BAPcUxVqU7a3efl88aQBC71Q6cYhAgDF4jw6cPHO0sdh0K2ajzOfmQcwO7IdKPcIwR7gLg1zeHz+3hLTc38AR3Ch0USPja6ZvOpo5CZK15X4fAidNHBEiOLIjm7BMIoBEhaYEZ1UkpCJJQA40GHiQiQiAQAkFg726U1Cmp0gcNQARqkJowDBRlRoSGiAgnE5pMaDppptPJymSyMplMps20aVaaZjppppNmZdKsTCYrk+mB6XR1urIynU6nk8mkmUyaSUPTpplOm5WVyerKdGU6XZ1MphOaEE2omTbNtKFJ00wbmmr5STOdNtPpZGVlMplMJg1NmmYybSaTydT9m0wm00mjQmTvBsTLJkQkIILOnJ1Nhhge/D4is/2Ii1oDZ5uzvVYkkZtuvF7Hxpe+/NC5cwbgPfS1v1HqXjwl/n+f/MK//N//zac+fZ+CcPou/9UX7tehpL5DH3/8yf/tX/72n/zpX7z8cvDS+dTTz7700ikAePV118RN33vvXQCg6OCBA6uvueE6f+rtb78bABQdnE4nr7vtpvjCv/2et+u2xf/nt/+jhk5k5m89+t0/+/NPaj+/78ffNffG3/rWO3X74x9+9M+/+70faOazz73we//+T7bal1WqVKlSpcoc0WVABQjnyzwbbKHMQvbbeqzHeoyOE6MhmfGxpmt6ZBpGlZfltSvlfOiWlz49XXpgzMsi+Xk9EOkJA9e6X9q6v70hZEECEhEhRCFERnDmvISKMUgpY2ZEQtY4N+T4ghoajOKiEKqHLo8wBIpzJ2LDokcc/SUxDGBcDXPLJnrjRQNo1/zqyQ3qqjQmiziSIeIOsRwWlDEhnbZZf4ZpdU3tW2i6yB2JR9RA3ypxrRg5bwlPpHQzWSdvrav7CHzLlQHi0U40LTaphMrTOUFcjK2cp+jTczP7x1ieg91E56oBymBfye3LTkwUxZdxC5Xsh0msKMOKDc9C8X0lIVo7eHbxE9bbaFS/onoOQy58VphZvANhtD0zHv2KYTDFnZCQMNmCszWvzkuR/TwwliEI0eNwTyU8HvcP2a9AwJxwCiiXmlwlwAIgwCwtC7PzyA7hk5EBY26CEnXDqY413Q8hPyvpkkg8v7AhBECWaLGHgojMGiZQQNdtoB7XFf8kEmYBZQQKAyKp33QgFAEkQQEiIBTFuYVIRAQJQKJtMBb+lRkQhQSYgAWEoeVWGH2fiZB/S9RdLri3BVxQ5PilQ/dqIFqUa/di7epofyXLysoEADY22r1WJBEiuvetb3rwq49cvHjpX/1f/+7AgdXZbDabtU1D6gbNy/nzF9fW1r/8lYe//JWHDx06OJ1Ozp49rwPsuuuufvObbweAtbX1jY3Nxx773mOPfW9lZXro0MFz585rPdPp5MM/8764wrfcc+cnP3Wf1vDmu26PT915x+s+9vFPawDOO+94fabzbbfd9OGfft/HP/GZc+cu/Ov/+z9MJk3b+j2R+LMffn9MK+yTK49f8Ut//2d//w/+rG35Dz/6saYhDR0KAIcOHbx48dL2+rVKlSpVqlQpiC4DdElQZUgyezLmNljAks0ZS/bbzrVLT+N+sdXXdE1vMU0A6H5OQk3X9GWXhr3SAbahs1fcmad0Dzgh4dxYMIEiKKEebwdVoxTH/xI8z5nkEvqey3dAYPLPtvRzp3x0C4DO8IRuw7/bgtB3M7rlPxhtYzU6hl+ITYlew23Kzplit1zzeMLNlmUuQtN3HfhBvMUatiXbbHFHFR6oPIPY5z7THnAiGe9RmfnvQRfLTyzm/TS++M9iGUxnNH9pzPVcVPY5OujllWlJX8RvsPvDYXqL1mMl7SehAzYwcQEaqkH/FTJEpXX/vAQfjp6iDuDpY0ZM3Dki3aAsl+g8t6HdHcAYHcN0JZL+C2XRJhUEBXr94wckwMYAMEFhZAZhYAZmFAbhaKQYNxSJsCFqCJVo1yhZkJAIqUFq0D9/fyX5CxtqGpo0OCFsCBuCBqEhaAgnDU0bUqrfyspkZdJMJzRpsGmwaaBplB2IWrhxOkwQJ0QTNO7gSjNZnUxWJ5PV6eTAdOXgysrBlemBlenqdLoyna5MmpWmmRIZg7BRrmGjfypzUNmODZKp6giI7rx7/QjdUkx0n5UZTBAMT1Sw9JU4q+2NqDVwfWNzF9o6fPggAFxz9VVjCv/kT/w37/vxd2mQv7W19dmsveKKo7/567986NBBALjqqiu12Ed+8Sc+/NPvO3bsCABcvHjpzJlzCjPffvut/+CXfk7LvPnNt//KL//i9ddfqxEKT58+q+jgtde+6lf/4UdWVxPvqtPp5O6736gg5bvfdW98ioje8fY3a+Jvv/cdXZ3vueeOn/3w+6+99lVENJu1qslVV135G//4v48BxVe9ypS/8sTxbiW33Pyaj/ziT15z9VWI2LYWRuFt9971a//D39OZYUwswypVqlSpUmW86DKgAoRjZI4NtltmB+y3NV3Tr5A0/tw/fXhrL2qVV7aMM6KVSsnAuYHrO2yB3kJSLuYJbS4vq1GiQ35VfImUMsPZbmZa5z/9CIPtD2cAEGaebTIzty23s9lsJtLONjdnmzNh9h7PsuA0ZnTNHEYRCgASNmouosb8AjbT6XSlaaaeTuTtZ5BacW0XucbSSY2Jok5BOQIKI6urt72yw/2SuFAU7V7HpH3v1a1pGgNKCUndfKGipgQgauqiyMtchm3EnZ5k9cgAkW4kOW+MsTWj1wTO1riaByofyU4bcyOlaF7KsIiuRT9oO+9hCdQs0EP7Dd9qm+9Wm+FYAM6OGUVLsmId2DKm6uaYlh/PncyibsX7ColSREZEFOBuJd0n2+ddUHs/hhVZkmCfYIG0Qn44peW5DE9mbKq5OfEx4vlEHQgMfptCfJupm9PkcXe7cRzqHJcf41y3+KDHIkDewWsnNte8GhLkqnB69yCo0VDcCJWKY7X7jnjREQoAIDRQSaHOEGau0fJE1DQNUqPjxMKwdcA8QsgGuXqc6zDgQRnq1Jjj3MYBhPHMMxSrb0kAm4ZF7M4/C32Jxkj2vei9r/nDYG6BHoXtbbKNQTo7sd+pBGCbkID0I8MsLMgC3IoAggUIBBFoWdpWZi2wSNtCy8CtjUMdJ9Rg0yg0COYxVKcCZptqAG0G7X5fwG1rQmC2IH3c+uEmzOyWOOr6lABAhIWBbSYkAXDLItbbUVwaLUIhWAjBvEPN6QI7kFtEWgUrAERA4y+2zDNuuW2lZYuiKawxGHWfGQABCAcHHuGRoDFmEQAa57teRIhI94r+1q/cM+/5VlmCnDu/9sSTLxw5vHrrLdfudFtty+fPX7jiisXwrfPnL54+c/aaq69SBt5sNjt//uLx48e6lb/08qm1tfWjRw4fP36sz5XC6TNnz527cGB19cSJ4wO+1M6cOXfw4IEi5+/lU2eOHD40lw74wgsvAfaioZcurQHAwYMHimdVmPm551+cTidXnTiufkfPn7/YNDR8VZUqVapUqbKofO+J589fWL/l5muOHqmfmCH5yV/7rCYilC+sbR28kWd29zDHmRCKlvPjS5Iaumks/Ve4JPtrzE887C039gficn5IVnlFyUTfG4uoKTVd05dZGhQN2H0d1DaT5cfHnmuDxM6wRIhQGIlIjYbosJC5ZtksHyT4VXNdpLa4FoCcW1H0RsPI0B828mMHobGJQn1hiTAzEAFz5lYOxtm+nQHU6xm5URVze2V+vkR8CxG4m9zCYnPeoEoLlZ+rwxj1umWK7h8z2WGKCUarKnR4m0FxJUBxYcXmFtvyDSZDugTdLVRVNz0Gjo0Rz5TzNASo9NUmIsta3vX5mC3OKvn80DmlSVs2p5Ob23AwBL52q+321XakWMMWql0KnrefXUduDR0c8S5IOqUMNTRwKnqtwPP8POCXcmEB3DA2fMbRBxPg0G1WUbAEIwU6GOd8tQcm/76rure2hbPbkbn3tXSJFgmWjtBBQ2yBNFwgKBBoSxUiQP0A+YWBXTub+X1WYQj4cWI0QQRCIAIQYXROQCFHOu05CqOLBQ0ITSMiCKzttgFTtMULo/kMRQRkEhI3JSISgggyUsugwZX9tkwCQGwaZ3AQnUIVkLapVHTDWAAIxeiRLDBrhVqaATG2IkwAIMgcIZ0IAo1zcITxkgyTHsD4EyPRArDKTsvBA1MAuLS2sQttNQ0tig4CwJEjh44cOeT/nEwmXXRQK5/LTUTEK49fceXxK+Y2OqDniSvnXw4A11wzpMwYkI+Irn91Eh8x7ocqVapUqVJlWaLLAF0SVBkS7NhUUxvsmDJz8gfst3OxkvTaXbJLd++3pmt6SemJ/jQG+zFZ0zU9Mg2jystAGRjRVlRGymVgTp3QrzOk5RdN9/SJFNsK1wZUCSLqE5EIIyGyyyMC4dhw37Wko7US/hRv7HQ+OVFEWJgZoUVjDCaWwQgDcDbdjpF0DFknhhO0DfdNB4jCRZkFzPVYgBtd/EIUYVFrm6j7cL0l9B9h8zAGQLBjFtRRUrQmb62egWt73E4uzXxcQJohdzeGMStqEIHr6rx9raJBBQJDfRWxxMoFxiPKBoyWyZBav1qwIRyTN9PZXrNqA/G4rKO4o6REpQBjYLyZDfveUESJui681h4acA78tE+ytK4Ssjtnp3g6Dp1qEI0Kv7+hSw0ssgbHIBZFJuhgX4azcSzGvhcquwT8w9j2e7af0cEBWUjtMhwLGL5Jeix2pmT5YXDrSAIkdYboPVKKH8poDE+Ho2PsybvLnXVf3oiDPm4SSzZGdPK3iW2PofT1sXMGqi2C+l1i8U6Lg3TdWkAw8nvuMSqdd8C2N4U5ECyapfi5EQVIhAEh+hpEHhWQvKdQRCB0PjUNoZPonRaXqSEMHWbsPyDRPg+dZf3Sxn0gLE2Att6z7RFoUCaAbqbCaG1lu8sQAcBxCcU5VwXVA7ERkYaI1S8DgDpxmDUya2nSEjMBsMGJzMzi8G5k7SV7SdAttwQAiQw1RBAd+yyA/hFV2RWZTJqVabOx2a6tbR6olsEqVapUqVLlFSZra5ttKyvTZoBYX8UksydjboPVlW1um8WSzbZz7fw0Fu3GveVxv9jqa7qmt5ieOMC9HutxoaPsSg2LttItL/1nYVzJnjRA590ZaCvK8RIsU5Gl0pm5iEi9WgXTnuNvmUnMb2uJMEKwE+AsbGAgHDPb9ncUoQy2yDDCfsNh2bAYG9/JUQyTq6KIieJ6zRMCNNpHxksz8BASLh0AQQG32C8yF3waKDAeuNoFwS6VAAFTLsJlIcVeXairB3DbqFBIBDcWfbC6H8/zWvUFxD0StWFrnmN2iqMyFzFCiN9WtzPAQ5BxmSwtEcTvJx6/RS6mHccdFCMlqEr2dfWWoe4tvCYjKZteEnRw2/JKMLz3kDUBUni1ryOK70mcdAPJvk6GEmJ0ea6Ag6Ribnpce/LdTfKL7j1zdFAybwAF+G0fSqxknx+CHWjVT2EQ8F2P8oLtpxC/VvGnBAWAo9cxilZojhcMIxPwz9RYg+QcpZMgQUOkNgEPRGNoPODFYMicnWFmENRNVnF3IUm4I10LIhGgOEtEmCERCdXnqAP/2DrBN8lIttPEUa6VT9noYyIQId8nLDBhmRFxQywNBJpsy6x+wRUgVHamNkQ6fSvOqAChCKCIdhG5D8J+Hro/enLo0OrGmYsXL65XgLBKlSpVqlR5pcnFi+u6GNhrRS4LSW2qY3KwlNNXcvgYWS73gQV+8O7qsR6XcZz4X7huj25N1/SYNOwDHRbVc6k6wxbb8kZ2iI1duuNdyLnHQmTMDI7oCvuvpQQTbGLs84wZzw1Sih4CEpEnP2VUMEnULkEObJbTyDEY+Ms7WuXqQdfqCiIMRKFO09kxC30MK/0SighSBkjsC1BtPPK3UMn4bB8Na4ckq1+ihziSVJpVN7dEXP9cmfvgsb+MfxsH9NL8YieP6fkYMh8pIxlIaqD2xRASKK/PWWixznx66XmmMS04puL5G0QbuuD5vrHXxyI7MM5fdCQXO7bPdeqAl9HA5N7JV6nI1to/WwGWK11icZFdt+jtI3ReDcmb6Dxo6Q7ssHPFDzw/REvqxZz4rIl9tJtjQYm7q29OWHKLYPQ+j1hx8jJ41FBEkAV8sD0GtxBw83XwO4qIBAiILH5bhu2wIkHS6IBAJA1hQ9RYpECdMlEVwQ46aPxChHSdE+1eQmWzkgM6w9YKNHc/kn3HkLBRQM5ATwABFiHz9wkNNtpLuryy3RjhYYkw+j4RAGFpCNm0krZl5paFhE0PpWDOXNhE8wwhKCCMTIgA5pcVLcYzAKi/18t0UF+Wcvjw6ukzF89fWDtx4she61KlSpUqVapU2VU5f2FNFwN7rchlIsM2WMC8jESu1ebYb+eli/XseRr3gQ41/SOa9gxCsN21NV3To9KyD3QASHZzzNVzqTrrYQttOXOSsLQiwgzqLAsREZuGQFCUU9cIiDTORsnC3vbkNsuTvs2SoHH2H4KgeqASNYWDbisHQACzl6U2dFQvX85E1msuRO9vi7lYAJx9reN6NLKYgwAbXBo7GhWRRiPooLAIgQAgG7lSgNmZ1gAFlQsZaFvjsKvx4NZIJ6IDBvFic5gyJofrjMWA3n4nn31ND2ieMT57ULFAUx2gnpSaQzWSZtxU6vSAgwHmd7j4F8kXwA6abk4u0zoj9m2ETYlH60NzfoQPShzNaS5TbcD4Hj+CHleNwMBuAZzqpl6JBREp6/+4zq4T4Ewfjt7laPuCVywZITGOYlVZtY7XjKMwlOE+KeKm48HpvmJzFXM3GEhCY8pHzSWdE5eZW89c5ZcoS2yiD+stYsPd1yTD4bLZI68QEdlxYcXhS+6jZFWwYU7ZyxWo+qnC/tOTAdu9E+Pg7KwnwaQAACAASURBVDdesveoW0+XW5/p00db7H4X+q7dpgx8QdQFQFrS44W2tSAE2HOxk12wPRKwMMj6dRBBaHRqEUTd+aSRTqFpbEZCwqahprEAhE1Dk6Yh1O+PD5+s4CPFo0vBxdKbrt8Xx1tlf0eIgKxOoA2mFHBfEc83JJf2v71MYcB49Onai7xjb/+b3/G2UT2DCrAANwgIJGaumE6EmZhJgBCQhWfMLcsUkfVuRXRb2IxbESECQhQEZiHSrjMleh1zV9kBOXL4AACcP7+214pUqVKlSpUqVXZbdAGgi4Eqc2WODbZbBrt22j777bz0guUH7dLLS3fvt6ZreklpzyA0NkJN1/S4NGy7HlhKGZhTHvp1hrT8gmkY7pNu/9i1EULmv3kRyIFJgCQAAHJutpwPqGG7nrA6k/JGKiUOgnnYUojNe5WKzXmqzIBhvfzBzg3fMRTRwSDjyjFjYsRmWedqLNdE3GPzzrgyrbZv9Z6LAm5fhtGgPqAxy+lLj5etmYkHoI7iYCgW6KCDveoV6xnQbcwlY2obHkgJlLigYluXgToQ4t0DA1zAYag4/lNfL5HAUczYhFrSclIVESx8drefMn7h1p5UHy6yLDE+0I+0DODZS+nYYQZnX06BbpgNlegLkmJ2/h1A+9T1eU0MFUqKEs3Z2LF0mQsJFz+d+4q+ODDhZ7Fg1XMmGPcOndtMg+asAAJYyEHd4wRIKMZ3s0dlbswJvbdSXRSgCzoYVlKkHkcDJOw3MXjFbIkC4asUdkbYEAp/+giwbuiE2S3uhcLshBbDxK+y/KIvuQadH130bdk2YdSfbAIkQGEviK6vkFl3TCELNW07Y+dilIVbtjexEWQh8iEWkZzHCn1W8zZCVFmmrK5OD6xO19Y3z19Yq/bBKlWqVKlS5ZUj5y+szVo+sDpdXa1uxsdIalPt2mChZCvGkg25YL+dl8ai3bi3PO6OTR53uP6afgWnJ9Fm3nqsx/FH2ZUaFm2lW176z8K4kgM1jG8r5Ji9x+UhoWGcUQBCs9iQMgC1pDna0upiS07XquNto8xMBKJEPSD7LAJrBCdnM0MJ1WCoIcUDPDgXzJRp07nD0g4UodZaOwUA7uPmw0nZ5w6cYTdFktSqhWZBwzgIVCcg1NIk64HlStFQXrCP74wM1Vw6E5vm52KEzkLardFb8bsDOVGsx7JvBWJzbEbjm1vhXAA4jPZ5guWuWqZ4FG6H2ylI16do9kak6EX8jO0hdztnPDo4koC4CyjOK012pUt7Z4/S7gFDfDxOY2k7G7aZuPx8C07eSjoC97fkE8BWtd6j18SQWlQXmu6rbvicQLwU8oH93CdecUTwSxQAACJ1cID6U53toyTMSIhEQOpf1Jy22x6F4T5zS45o4w5ol5spgN3qy9+V/oByf/V9L0EK75JfB3pkLnwS0d2pYXhuzaezpgKEYv4f1LeC7d4w+jcCM84QiMWctQoItSDAwghCYqEOWQCRiMjhlHRZvAw/YnLs6MG19c2zZy9VgLBKlSpVqlR55cjZs5d0GbDXilwusud2732lST3W484eJx51r8d6XOQIu1LDoq10y0P/Weg/OyY93Hq/JgKi/vdsd7yYMSigg+jBQqUPqnst9f/JIqQu/SBnoUU2d/AiIogsAiAMwAhk0WaQEM1Jp4AyfiT+AIbN9WGzfQ5UZF7OOuyBREOHA4LDGoHQXHep91RhEAISs1o5z6MBjUCkHoxQXP4o6ZYcsIkv3Y7sNztlTcfdGGFsBR90AzKSWTWPs4Xl653Rc7gPs3GIfjCDDrEUf8PCiMrqT5iOW30aRbpkt7ktUBV3QuLhMZ6vmdSQelYcifoUH2vxZkN+gf7VSyqC0dzB7uUDtMi5lXQrXCIMdrmDlH2R9pZSt9aaZkonJ/f5qWiND8hLQJ6A5V02+qqjMUQQUfgj4lfHy6jbhuMzl3rX8Z1u7/oyP6+L0M9paBuPdX7PpF4BkhdWvRkACACJd58gvuctJrP3GY2KYYUFk4KLdlKdbWIDgNAoydfiCfpvDTjn60jm+hi1tTB+wvhzMKXfohRBfn6YSYD50Ao6dTpdFc9UCusxhKFow9zVRlbGdj45OmX40unqiEHEgEBdCIIjGqpfUxQRZFQXpMAoCETIAsgCLACEzKwAauMc1ZMbR6pU0xAB7sk2lFeyHDt28IUXz545c/H6V1+517pUqVKlSpUqVXZJzpy5qMuAvVbkcpE9t3t37cb1WI8/sseIQYjgfGrVdE3PTcu265EllRkuL/06Q/+1I9LxcX5bET/dMQgDDqSYkPMvGmBCk9y+CdEJiMQjN4QEFAUqc1Q8V48FXRMj/ohzJJhHtkvBOb2pXHKWYUklh+DlemqCRZAxtuRi45iF7sa7x1RDq3fL9IptYgZjqH5xmS46GBfwt5lhhEkN/SjdGGP3QtxENCNmL9qUEUa7fmW3pkkXI4zORe7dnNV/biV9mdsEBYu19XlNHNPKAkhYBNl6yWD1PlWLL/tAu10Au0/P8Tc7friOr7NPxoyEvgvHKNBXVXfqvtwBxe1IhNHEA68wj4lFoAtfQ0eM7+KL4TIPLurf2fkAvQSea+8A2FECt9enC80ONNr9BPQNp11Q3kvWUKwYM7OAowyKgPPcawdk54wnbOFQqhy6oaJuBcDhfogiQP8/e2/eZzduowsDoE5VeevF7s7S2SZzv/8Xen935t6bdDrJpO12e6nlHBF4/wDARaJ0dMplV7lDTEYt81AgRVIkCw8fQOlziBg1yl6aoyg7RiiGjdal3E7kLZWWqhXONwgYwEYau09Oc3ib3rpaE4tEdfup+fMeccEbwaTfq+M1iCgI3kKoqGLyN2rtKMJABAAECJEZRBCIBUgMehwRGEWIxIM+KlQZBax7LILnJxowXVQePz5/dLG7uj68eXP5xReP77s6Xbp06dKlS5ePLm/eXB7G+Ohi9/jx+X3X5XOR2qZaXlfsw808G59t6IGt+ft9v//M7weP4QYoGf0Av+/pPX0hXW6txwwxAhvyw4n65/kn9RRYzA8b0xPI5+lJpxmRmu0DpR4X5w56wBn7HyaSFWdMr0JEmuY/cahMRJR3mP/NLICMDADqeSs9kV7KjFMi6JFw0v/A882lpDAYWDfFIz2buf02xqIYMRKQEQGIICOCkrgHMyeHiMqhZBGaoEQfLB8CEzYxs1Lt0UfmNSlzruCv6xjt9qLLRp5XIyPZrbE3QZTz2F4ofYUp6Pet1kBXDlXXf8ggWIMhF7I1P8DyjT7QOr+EJHlHF9Bj/ocAuFu+BZBy3unzXpsDvfO3bqKD5sxvkt8M2GutsYKfTd5iqZ4fIhv13Dnp8IHI0pDYkvPupF1iovgZeOF0L5QMZOShIkWKryDzBSuBTNUgb5X+EPq6Cedvr9inwQiXPo3J6i9ps2EtnnqsPHiUN0C2mwDKx6ls42LvFBDYQDEUEcW5vG8nE1HevIjGPpQUAVG9hVplWCAz3JWy50sRacjDClAWrO6xTrThSkg+EU53f1Yz8DM4CGki9Ruf8tAcq9o3gf68+6MAQQUPCYGUVwjADIqeqvsIAAKUMSILg3IxmZXhGOhON1JdNstXXz25+sfrVz+97wBhly5dunTp8u8gr356rxuA+67IZyNi/kDy3wub7MPYSocqv1som3rQyvVDgKfbpXt6T/8s04cZwu5fXk/v6R8n3W0ssiG/nKh/Pb+fRbd0qfXIgp5puqzWRxbTk077dWZkd/ogIRQH1aG0oeWKt8x/WNjQS7dfUklhS1UjmKTQgOAGPwQAZze6QphIQipKyKLwApezJQOilpjiKhZRBEHrlTIbPkgZZdT/UEEitHkN8ePFILy1LFEDMUO4Jytcsd1/OGpS1UgkQXGV4BEvZMWQLkbqFqmx3i2QzVbN61q2oYNNWQFKT/J7edJYWNOM5mtPLeZlfZYIhev6T+MyniLrg/mkZz8cyNn+1fzCQh7ey7s0oeU2M1YEAajq7HS6DZrooOfyBbJFn51HH5yzCD9Zy6wXdBTgf7CSjwcZxdn3FO6yAIqgpQj+F3yN1abdmrhfBUfIANVbuu55CPT0UzGHOxqXnWkC1NsVyR5HBX0QsAgW+x9ThKVJYmFJm8F/jnCa61CblhEzblru74rX0/r6a6YqQwkQGpSoTSYoQA4QCgtpmEZ1Kh+ZmQFBhNKeCyP7aQ5lFtYau3xK+frrp3//x+s3b6+urw8XF7v7rk6XLl26dOnS5SPK9fXhzdsr3QDcd10+G0Got/fH7c9YP6X3hVeP/Eg7fa5hQ7m4XJ9b59/4vj29p99lOhV/Nfdrv/5bXeFeyp3wGnKEGz0arlIchM8n4s2GUxi8sh2u1pmdiQrUUEGZAdQDGHMNIAoUXi5z5mMiDYGCDlhKdvY1EbWncX56sUqpJdc8zp0uH8kIO+F/SOunJC0OBJQtvK7/Fq8wfWTZY2c5kKbjs0ic3eNEw0w/lr9uMFUeecej/iQndVh63/Lt5i+7lHk71rgFD1t5iw8ZrCtvceoj+uOmJJf5QJ2kbCEdLs0h80G43iMrX9ZcefPBpWeXani0oIcmd1jn1COp3Uo+XwZQCrbfHB4rF4Iq0f2QlgqbH/KWqh7t3zuUU6eO7fKJkcVymQdAQIsHqPMVpz4RMWxeD6NorEmkBPj69sG4ceCjAt0Nu/L2LEolJvDMYt4KkCRXDpNtCID9TyTGGGNkKbdBSjEUFpbcL4AoOAvO69heY7dWxJLGkl1t4xlB/5dfwSWEEIgCUQgUQgghUEAiDAGIMOg92TUQDkSBaAg4BAx2T7sQhiHshrAb6Gw36M0w0G4Iu2EYQggUhhCGEAYKgUi/tU85TroAwBDoxfOnAPDy1dv7rkuXLl26dOnS5eOKLvcvnj8dAt13XT4j+fe1G/drv376axGDsF/79YSrfBINp5Yyzy/Lv8K2nCsatpdVpIgZhgBEz9bbsiNmExUhJEKiEIImM3OykIoHn0muQd1UVr0VIKO5m7JkEQZBEWRhUhohMxHpT5V1ckJsXI1k1hABEAIBgNGLzjZWj3Sj5VsFAICFUchTCnwxG3ktUlHmC64FkDpZlqyod+5dUGrC46lUqmTjvqv6zLXhXH89Btbhtxa3tcD8sMyfXMnJiuaGwolf3FkFUsrR7muyAI8O+Hmhdy/onvlq0RlD6kbIlfGk7dzBeRMt5V8Zk+l4Q9347S90pT0nBU0G1cTL6LrmW3TNh3tlXIKyygHzQKhg65/GJw5iV071aTQBUuIQZha9Ug4FBIAggLuJVHK8L6YEwM2ClmaYo5Wcj8lPIx9vtNzJUDxCgtQNjN+IFWpezJP/WBZAKFxSK77IXs20iRJ3+1lMfI4LCgCQAV1WqlgsQHZtwgxsh6aYBdQ3KaFXDpBzeYSaVwCBxd8GpzOaL2GSSfci7pw0DUlMF8guFvQ4FEJAAMcIC/KjIAiSejulAuY2MqDVgwXU3TqpG1JB8aYVQCBSmmBQyBaQhASisHrrdabuRx1oXdbkxfNnL1+9e/nq3bfffHF2Ntx3dbp06dKlS5cuH0X2+/Hlq3e69N93XT4vuXe794OqSb/268e9DiKi7gMxuxzs9/3+6L3c+lmLP+dAyWr+lTzNcWuWmeV6qhWyqT8/Cwvp5rgT3QO16yzLgmm5MtPp0W88swkiAgFGO1NOiIxE5DolRxgD/36TktwmmDL7LwAsrNZSEWYeBjVokcagQUQAgpAXv3mMsYlpfpJYPpjqll/bf0oAZ+mFVSuApC7CRARBRAZMjxZ26mlZcneG2nU0rvmydy5bHCfelW16gm9N+lrdoc0iZi6qasFpk2fV1t/oxCLnCc0r1ZczAzhnGOp2tpw7W7OAi0fzT9K3D5JjOZd/dYOz4SUZFEltuRnaMWQF8is4wxUhzVPpPBFaYe6qvDDUJ6aNAHigxER6Pp2S2OzBSejKdcjzpK+1xH7mE90dygPk6ExmgE9DlWuWVZwj8WBygApz4Ox7kGIZSf7DbdSaWoR8+gbyzJYUzCapuWSkp3Avvm1eLJTg1AnqkkzG7Umgfrvou+/NaVes4qbJjSemA0J6DMqOjKD6F9WpxLsPhIsgkjoruTo7X6U5vRGSsso1uyJsLE5ZZHVc4GzC7FrBFeiDhIhIBCJKGhQRrl8579jyKTDHsIumqP065PDVkEZ56nHJboTS9Ft8j1hO7mK8SesM1CiMlGZIQhRBQgFCEUQRBiLzyoDCJBhFkJFZEBKsmDyqdvnUcnGx+/qrJz+9fv+vH9/87rvn912dLl26dOnSpctHkX/9+AYAvv7qSXcqfpKU4QBOtT+bhoU8qzqxLhe32a77fb//7O+H8i9bM432+37/Me/lY5clS3ncxGfpkuGA+llZ1ble/6VnUzqIx9bVfwJ4zDAEO0cuCGQIIRKYbyuskMZCdA1LBbi5Cd3IJCJMQmwHxZk5gnnMErPDA3jEwUqp31bW8+M2blQQQS2DwgbmuL2sNtGaoZcRSXMRCrIIgrD6+Uon7jEtzsW6LQICGrcHy765I5kAX7DN3ipFeKXTCkvdlsfGUhFrHXEq+6fsWfPQJuyG2FwT8fF0VLlqKiG86ev4ujNrUP0uGsw5qPpDGskJIC9BiMqiCz7ecVKdWSUqENX/u5Tf08uOKzMn9CUnHB1ICfPITSHph6RTANLm1QB28ObLRNAE+eduyMZqLcGwlAwY+hdsCjTgJ5RopH/ogGiQZHHwIfsURGh8lpJylCnlm7lCa97FswgtuR06OP+lOUKOhWksRpvnuV3FPracSok7+ZCEzD9wQbAZvPz8pABTqsqQgUlpFZBiZtQjIo5kQ3EH4vhMUpx8PWaUUPJ3VfVZrhbkPxpz7ct2m88hjXlpfaR6kWKfevURrDwI0J4/ZzLJlDYhm2Q2MOrRXaBKvoUpTwmVC7/NJSmsJIEdIEApXtbdorPB9LaqY+oLX/mt2Lylcr+kkpwyIDJDcjgrrBChDTY7qGTvxwABwA5MYDZEGI2v8pWeJyUscDwfkN5iuTbFqYsSHUy7H5oep/GvI1Fn64lEvZOW00v5O6EBiPalkIid2gARQCbWLZPuZgRJDL6FufvULp9Kvv3mi59ev3/56t3z508fXZzdd3W6dOnSpUuXLncsV9d7pQ9++80X912Xz0wwb/r9hFz+G6y05ab7Imu+T8+2fmzkKctdKWvp2Uk953bjZv5b5Fm/n9ez3/f7I/eDONWnvmJP7+mr6XJrPVBpWM8PJ+qf55/Us+THTPLn+sBCeqFBag2qP1nWG+0DJWVBQAlKuvZgaVcHImRBBMBkz/ef1Lg6jYdkvrkQCQk1eo7BPOgIgoiIOmvzM/EMweyvOViOFOyIxAJz21ZKbjotnLj+s2qIsGjMIU6eUSmfftd0UIQvKI8AEZBZGBi1DFBHY0TITKQ+SFEE3TMpsESEQIS5NSCbkTdKScioXIBOmzrLmsvNyiqtfVyXN8HYMnCTmn9BsxddmXwTsFdUbALjHeVFlQG63Llrie9hsX5USpYxgzpy2MzRIhRMt0pJNv+2ZNbsue+qMemNXgQkS9GusjHUu3pON5z2WLqZ/mClOL/IfiZqPGvN2mqxUq0r8gjBmB9PGSQBsPntIBNjBACDP2ntaYZ14Iz0FrOcA/oO14i4XdnBQhEA9s7RilmtkWxqdKfH4mxrUVQdcTpsEIEoR6EzRrjfiwgRlfWfNpcIEc0bcu2rXJClT6xAKNuPNL+pLUScLV49N39l67JUk9zOcwbhnL6Z1dVTytJZgUwWg/pQBYqob0MAPQUDYv4fjTBIZFx5i06HQATOsmLHTvKqjJMPSgSE9Spsw4kFLZ4hlSRCmx4mDVuyDPO34Ud6BNj6WGbt0dCWyF/pK502Vp6zRYebnc/wLwlSRL5WDyYFi6RGVBBr/lFUkRqXHi4+8ckLFmdgMG0ToPAKnjWIILD6sURQr5Z5e4NAZAQ/c5YpIswCLIgYAKk45CDMAkSYFiuxnk4NIcDCok0mjCBRq6HzUQozWDagZdD9joid1rIdTFQ8M5FbeeIlgchnXIcGZbY+FO7SHWD0RhUgLNytWmczgCApiZZcSbWg5PoXwHr6GAmtMAJAwsiQlnVAAAZgQN0wec3ER8TqeOjyseTiYvfNi2c/vnz7z3/+/B9/+va+q9OlS5cuXbp0uWP55z9/BoBvXjzr9MFTpfRqdar9GQBgOT80LMNJD9bl4ul26Z7e0z/L9KGy/FbXnt7TP0q6nJBfTtS/nl/q0mVJjyzqkaP1n/06TZ8aVdE5U5mXEJCEiIWImaUwWSbTeWlYTzhLdtiI6adsxTZ7LoCAMHNAFGRhRErcvsTxw/LBpuW6NOXDTKT6IbmOE0SMMRJhAgPcHsosSOoIVX1jFWELcwxCs9cmq5ZWiXJtBSTBChvkE8XZUobWrQqa13Buyp+7hP0Q/Z9G8lss59nAU8TyfgnSmIN/UBrKTyx0o3wIV0zc4dwi9KrZ9KYgtpIeNih5PfNnk2HZAmQpMmE2YvvGDJ4QBGMOmi9lK1J8csRcm6Qa0zzmmRa6hjUsWA3pbRyQiNhs4Ifmw3Ojc+ZmzT823bAEAmfwLW6pwNHWLtcgKM68GAZt9PgMcpSaBRAAWVh9UCq4k0bV3E+pg+8yH1Qz9XY4oX620S/p70Lx5T8dCPqoHeRtIhN87mFIBVn6MYNEBEzhJJHFPlLltpnfYSQBYxAKgno/ZwFmYGFO9DabyliKUJJEIAjkwQl9R5N3GAjIOqHpgosAQAoYw3SvMplf00hgdM6gb0Gy+UAERJ2yIxq/u9qJAZbEVMlulg3dzIExM5kVi5Hp49Aq4Dd165cgfTpzp65Gi8/Z3xkQHdRG3SsqpVDIEENz1j8vqMunlF/96sufXr9/8/bq9ev3X3315L6r06VLly5dunS5M3n9+v2bt1ch0K9+9eV91+XzkyL+tx+oK8wQLbtrublOKWXO8o/DRnqpBxr6m+VOUib55+lb8s/f91Q7fLN9bqGnp/8bpQ/p718sqFL9vt8fu5dbPyt2LxvyF3lgkqc5bvPp8IV6CizpL56FhfSUP9luVGdZVrbFpHpOdLoFfmL7y7wlBEIUJCZ0b1FmkLKfa95VdWK/bTZV+xQXoIgwC6ipSMowY/rSIKrKzXtQS6ncKSGmKB3SRz83D+rDkAVEGBgRWRw9IAARTD62GASAQVFRq7ByP0Q0RYhE3ARpiKhhGilA5LS269I035+kYV152SMT/k0TEpgjsnMztLTylxnmSrYXeidWbx+Y0zCRbeUlpx3MDn+UwNTstaLR2o+kahzt8Y0YifdGEWfsVsMnxeE64ZEafKqJkkeqvII+upIyw2lDwvui+ue0CgsNmzDCLeDT0ni4q2F8J3qOQoN3O+eUslD5CjybzDMfXpMS+0cvxX7xH5wVBs53T8/mmhEZQ7B0PzoF8OqVCEpcp34dxWKWjgWUDXL0BXHDF+Y5bbHPk1yrZFu2/GyqNZr4xNKSEyYKKQr1XRTKlm9aJAUIrPT5VIWZM5zaVAQT/zxdi+1Fii6suwNUxierswHrQ+sudnegkFd41AdSNRI7L5H01PNA3nohSPadXvFZnbqHaFsQHyq+r1NvDAZContiRvJtBoogJ9yxAAb9dd3xuxhAKCKCpNxwLZ3QN1ySWddpT8cMkBcYqP6bxmpe6qAY4VYBQhH2Me/xNAmB/ZNIfVwMvS73IEOg3/z6y7/98NPf//H62bNHIUwZo126dOnSpUuXz1Fi5L//4zUA/ObXXw59fT9dkp8VcYvRdvuzxY9fyAPZLj3P4+7eLA9us133+37/2d9bDEL9w7AJoPf7fv8g7mVzflnKozhWSpdsD6yflVWd6ddmHWRez4lOEI9VM0dr9J8CiEiI5Ie8DSlDfWDFuC9SGXkSb6+0mbp5jhU0JHVKBU6qALeIgRlkJ2jN1CZrTwJAwfsTj6ZkSCG46ZZzoyOSABACq4tCFABgg1IVHUzaHN00moDZBO0Iv9dEYYmFllmXj0eksz1Nq5Tin8mW3sYIVyp8as0/IWWwaeBuoSPb7N1LkN6SV8ZmyvSRtY/Jcm6CiFIXl8FFa5lzmxpqir3vFmnHwzuK/rV1AULxssU/T8LJVkDc22k49amCQ/NQMMKkaumnT0vk3TQ+NgPklVTUvUa5kNfE9NUj5HMwAJl25cDNhKeeFrXGEYr1T2y1gbdg0reI0pb3DsvPFktCtRbcgUyaon3gZ6ViMgGNSi+UAsmhpu+o0omgBHIJZMgrT5JG9RQwhNhXeXdR7E6K85jRq0N9+UwTS8H2g7yXmb219YXWAwXFMGN3PAtYFQUC7PlBDL6ltDGyQ15pTwN+IgrUW2pShUbmYycaAgOQmNEBEy4omLYwUvk4z9RGwHInOu2pjA5mHraaN8whNWpEQkEUQrDDVnc62Lp8mLx4/uzNm6u3765/+PtPf/j9i/uuTpcuXbp06dLlDuSHv/90GOOzpxcvnj+777p8lpLQillcbrvF4h78T53ZvUf+Ke7LU5+zPMngO9c/uW8+O6nn3G7czH+LPOv383r2+35/5H4wLpT/8dzv+/22e7n1s4aWuR1kNf9Knua4zQ6hFuopsKi/cCa1kJ5IanaUxHWWZcG0XJnoVHockHv+dZsOqKTsaiAlYvcpatZPzrF0oDCZZclH0aHSDMDMRBrYTLQaatZCFiBMT81RhwkNLkEd7unTXIYmW50jeLlKakgzXC+ZsXQessiClEpRODAxCAHAow8SmM2s9v0lDT9+K7LFudxJStalNMI1+0XckruF8LdSn0kR2yXVUNwMeV9SfAjSSFzKXMBC60+lbAmardxHLD+yqc5W8TZNc11JpXCNO5QLPb2j13hDyVndpJTJoD0CcH4wOvjQZImydurjR5uuQRQ+ZU6biy4fzaL0P1ysI0v1WS99gts161CXa/9Ms03GLlJKWiAAOTxDYwAAIABJREFUiMKEC5hWmZb+ed3scMYK+DfHlSslpyDtSy22vf+KyKh3g0k3RWROC9z6YB49xaxZwYQowIju5Zwhir1PscgAGTkPOMGHLMCczmFpoEEuliMPzWjDJpFF011a/nIPuKPaLDbLifNJK6kaRYG9enggAnC1cyjYgxkgzPseABChVMn0IjrKmZkQgQDtGJVC5ZUDgHJaTruvclpujq6ULZ1FMw2I5Slo+8y8ZT/7yfrzl+9++/X/97///tPr908enz9//vS+q9OlS5cuXbp0+SB59erdT6/fI8J3v/36vuvyuYodn8425BPsz6ZhIc+qTqzLxW22637f7z/7+yHZYhJy2O/7/Ue9l49dlizl8QiCli7Jmjd5VlZ1rtd/6dmULsxAiisuko0QCSmQIYKc3WyKMDBPLKSY2Vqlt6sc5QYgmZOMikeCU+qdg5kahacGWiZmbj1ab3Y9P3pf0DhABIURhLN9NWOHGn5I0xAYQQCTHZvM0JYYhBqozEOOZUtgSUqQolPuRRoeQUugLTliO93WPycd6s3EnD3tL+/+uR0Y534/iyd9DGeT4qcRh8ROaJ91LLAJCaRERChx9aWcTfCkbFP/+qDkS64zO49jbNsa/rboYHqqhGLFaSZQTF1QnjNINZ/j0BuJcXcKFuJksCxRnD+w3A9EBzeqXcpzFK5e18PMK7+qgu31WSlibQDoeMqLElmBzrcCIfCRVuEq9g3mcwITdlRGdcQP6NRoXiKgtys24xqW6EvJo7X/rrbQUilYKdiENvrXVYY/bDbvxmniNsti1SxOn5sXaAuxLb2KPBXZMK8jiMlXaYnYOcKlm6TGGyEiEFLx97tvYzQ4oc9YktyvIxCSuhhVpE0dmaoqEQDktDGzLN5NCFi/t+2KvAjyIjJOqmexUJoTaz7loUX5dES63cFUjE3MCJXT+eRnYe7O1r0nFIumALDGX54cfqoncDI/7hqDEPO87z3Z5X7l/Hz3u++ef/+3V9//8Ori0dnjR2f3XaMuXbp06dKlyy3l8mr//Q+vAOB33z0/P9/dd3U+V8Fsn/Bjgxm/qEl6mPMnC0QycRU229mPjTxluStlLT07qefcbtzMf4s86/fzevb7fn/kPscg7Nd+PeUqt35WTtBQ5IHJryWtr84PK/WURv7Gs7KgU7xEadXEbYCVZmnoFA2+1DIBa1waQQICITeGEoBbewUqdLB4bkUqsz6aRdVrYuZbO2qeXnZRV3onA8Ea5lG3CBsk6CWoNy5Mdj1IJj/lNUYEpQ6gOINQK+94YSgi/ogHC7IzD97ex1l3pXX4bklOCR1s6p9jKplVUKuZ6Dy5kiv5C8Cm6rj0yJyTeitZgTea2BJWFVjN4ADeSnEJPGjWARvE2zt4r/WntpPJ7lwS0oK5o839HNg/xD5lMN93aRyfSqCsf6oynDSMJ01UP7tJz+166qjCCWi6lLk5vcy7fols2iS0Netzayn5YKXCo7zAoxXIeqpTIwXqZvM4TT7q7DsUPQBhQhLrUy80adjVJcvzpNFeNsK0BXJxd7o0NBm6TUmRNkCRrruWo86r872urq39gPLQtEOcRGh/X3gOxd+CPYyOIBqmZlsAP/ZjfSuizkUx9TVB8K2Ceu9MLgrSi+jbUAIF1TdtsZ6ghxHM1aO8gpTnqCrY2CdKnSrFknLn+HbW/123UObBAhQHSaBAjSvX2sm3dD7ZNVnlJsDtBDjU1qGis4ovLs87mPpj5l/7I4y1LifL86+fXl3tX7569/33L//Xf/66ByPs0qVLly5dPkeJkb///iUAvHj+9PnX3SvA7UXtrlicntxuecZseT71VwsE4HnwQ6zf/dqvn9F1sD9i1brer/36YK/y4TnBGOLHnm3kKXRu0bCiE8E8cC4R39TaBQQoBAqSIRbAzoJZFv0wP9YnwtHpUlhYBkU00p+IRtJhAEr2S50c2kgGZqeMTZyj/rcZeFm4Ck8IhAQoAoTudpXNt5wIAalD0YQLFvEIWV2TlXuDVIylbLNy3TlCs0hVKTYeZSJAaZHLrwI2VrYW2kZBFqx9c396HwMlPWpqnHDRpujgPPFEdHBSUJknW12X+9/gjeWftiTCrNMnwOenwAjL17RRmMOKITTBKkmRR6XVU3Xm1cJxnnP6SG3+bqfPn10veqVhl4jRJ8nGj2UJC1xvzJLB9oFf5QZ/sNCcbfKDAksc91qW+HP1UpRGo6QZqu6OBPsZAjgJnZuBoDQDHOvBPN1tiDAI0xnVmwaPDZOqqXURttRpvqM0rcqN5x2ITJxGVz0wz12UvBoXFuv/md7JeLfYkoAardAjCzoQlk4RZSg5KxTQ0UAGEApb9D6JzfbJyDEZropVTYrKOaiYRgUVWJlUjM3yrnJMge5cPm1IEMhwS/WqkIBLDAglKJgCN8q0DFefdnuThaq942r4HfXHdDpPen1DSGCnu4omSbXqcv/yu++e39wc3r2/+cv3P/75T7+67+p06dKlS5cuXU6Wv3z/4/XN4emT89999/y+6/J5S0Ir0qE8qPELnNpjy19h9qusPlvZjYs8WxETXKzJLa/r9e/Xfr3z6yCS2E792q+f4iq3exYWf52O4cWc0M7fenZd54oGmZc+0WleOdmSmkHfzAYVEKNjGoRIiKw2sMRyqOksZleSwk4EXPj0ytwpNoRSj/OLUoyoyAcTa7WTBsBBhGzsrsG/+i2cApLiXYlIjBH0PYRQTWcE5g2MQUCImABiUZXkTy7briVzUgSTr3BoMvK2ixSO8NaybbTdo2TOJ2ZzXeHZy0kNmtPjA1U6WmWVBsFTUZwl4O1ukcIJRW9uKi+LyvelGXcbQLiIzyU2Up0THcNv1Lm0pM9MsfOCWl9u5Z1wruKuHLlNen+S6CZs25gaPRidd9sCrgq6SXLfW6FWt6vh0UFV/Dph5i3ATrcdoneOgt9VBZrj6nZtXsqKg81UirvxnDojzSHKNskMt8iwNDpZVeqvnBJIo+dT0vduBDCickxWpK5lrK985ZqcnQhZxs+r0aLqPgWfW4rV15wlND85WuYAUj22Vw8l1P1VfYArMq9MtSWYdYso6rtAoDYnB9WDk6zeninuYMm5rOZv3XNhnlaUHaj/c+/mengoN0JB2SMdCYKY/SdYG2K1ZoAvKKiBjNOg83VXUvzpVBCRo9CIRPoAM0vC9Zy9qrESq4LSWNTtm+QdFyAg4qDOO613KCSs1Wdm9+ZegHdFTMQ0WBe7O218vGELz8/g5E3rHcC8A/RNhv1KFpRQv88OED4k+cPvX/zXf//z7dvrv37/8g+/f3Hf1enSpUuXLl26nCB//f7l27fXZ7vQF/EPF92oovnlT340VuzG+Vf9v6WcuGaXhjrPeonHa9Kv/fq5XBODECD/7a9X6ek9/QGly+b8sqQHwEl8hYZaj4AHJ2yk61MZ0dtYT48XY0+xAIkalrA4tw4uHhHXyHaguCARCiLrqXpUvG1ioAS/cxubSAV1ZdjPm8JRPSsrqRKAisWSjK1Yu3pbN0AnB3EJI9Rqs4JwRCJCRBQoqwUQQQ2ySLIkc3MqSGEePWpXXcJ+Evb4MZxtuVvaD+IGTSIMNVGiD9F/V4LTkePp21DMOdeqacdf0eD+fKeZy0BWRyu2lGEFKTyCA9y1NOMCNqJWLTybnioHUqmqzLkFstoI3N7u2Uli01Ht5BtZf/yjfiZz/c1mXKn80vsuPTv/dTPZsToRIcbmxlb8s4bMYbys13A+9mVVp0Apv0rx6QIrjBATAW8y2zf6t/BEOq9JVptXwIzHzButLuLIt7yyCKa3K5Js771dllfYk9eRk2alOVq0iNhL/o8f2sn96OAZGtIm+k9m77HChazR7jQboSJYyMyoB5p0B5G8EZR1s+KqoztaGhUDuBh4ihESIgYi/y6p1OaNn6tXdp2jho2v1X2cGswHSFL34+RQFxjcSmnrdbR3FH5Og3lpMrT7RI9EUFf1RTtQMfn3IIQPSHa74Y9/+Oa//+///PT6PRF28kGXLl26dOnyucjffnily/cf//DNbjfcd3U+eyk2tMna6RvclGr3+tcmep70R8LEbpzuBRfSIW/T5/oBplborH9mJf4Qe3h6u1vb1Rfr2dN7+lL60HZoZH9Q9vSevpQum/JLI91TpZF/qkdyukz1VKapMr8s1TObsRr6y1L8TPw8PdnBoCy/qI/IvFwpf2HmgIRAYL49lUDn1bVoOW7/Q6TsMMtdaIn7rUxEBzdx2b1mz02dLKMF1ue+vdRKx8xIgO6/LT1SGbOY1bQmAClAYILlHP9jET9Yr1xFkejQoJoLmVlAonCAQCAEQkJ2qJ8IhWOUEoYsfc15fUGBRlIrpFEiHBpcRfhKhc1fpbhPnZI61Yyet7KlabMWQM6ke7JI8UjTjysWGcqbudkUVlPW0ye/JhR5C5Yzwa7Sux8tyK35lpR/TXfOeIVimJZV8X+UkEP5hWZm4RxthVWQZvLikqeAbDoubtotc2sHkvNn59iwtVT2Ytce5PM3XdE/h7VW0OiV1luC5ZrDaXv7rI/q+wLOm9DRxg9wTn7d8tT2DOV6oQla7KTmCNUslZ4uqilVOZL6znPaHQH431rGrpM02dZVRCICmz0gH2FpjUl3X6lHSirYqBzJ8/GJaETt1S/RslUbhurt7NFxjFTMbmU9Uw10AmKfpqbbEFvLi7+AFUUTRghQf3cWoRAQa8+VUngK0JKIqNoneSdLwdHzB4odS9EhVkIeDAbjISIARY4AEYwamIZL9iQrQMzA4KutIHvper6Jyw72Egkxue5MfgL8EJNkbwQgCdj2rmx9NbkAKVdg/V/qYlVCNBsqYENMxKA1BR7Bqf72AZAGVtSdGVJynzsHWgumXjo2ht6b5tvZ7sH7uqhS1pM+y8boLeM353ZIFcqbHA9HDdBcKbrcozx+fP6nP377f/7v/7x89U79jt53jbp06dKlS5cuR+RvP7zShftPf/z28ePz+67OL0Equ1n+k3OTHRtz3kZ+lLm1emo3xvQ3UmU3PlLupOzN+Xt6T7//9MGRaSm4VwLKyO3pPf0XlQ4JzVvPrxFpl/S4hW9zuR6DUMtlZiK11SjQiIiU1hy3bwkiCgoWYgZEImFO9qmJZIxwZh9HP3jucKWbuRxwAwAkAAi5FhN0StFMVJeeMi/XDX8M5scM1VbFTnhMeVhYrVQkEnxmIiAysNTj+hgkmsmEzIxIIsDMmoOI0tH+jOuu0oNWaFLpfWZUEsu0yYrW3AzgNHUJ0Ux7lXkQq3k585ulR26HDjZlMsYWqzeHjgoNzcwF3WeTYOs+K8r2YplAikteHN1Ej/MhNMexEFBg6p7RXnD5FZai0y0i1i0Mr/znNBGSVb85FnyDPY1cVdVk8usKRXUJ0lthaC19ercDTScpE3StPZV9GFi4pPNo3bY8O6n8Ctq6Lkf7a15yGjB1nqWuN0eR6Xud6Z10gaRFrwDCAMGhoNJNZLGmTNW5TvRFLfr7LgGrZULdvO0uSPOxQlArvYyIAFErXVYg0fRTXX211SaW8lubjktUf4+YgyAWH2k68WBKiyk1DZjJART05V/KQ0MgyqJMe5FpW9mOANm1JMjLDiBZQSh5HTNXnr5BYhFyBqFlZz/cw37eRARYBAAdGlYlyOxVUzAxAYTCesaIEFKsytSVs1k9jyJ3QIp25io3f2pSmEyGhhCigIA6dmdtdDujkodS7lhUYNwQ7uVZWPsoUXVrODHjetNArdjgIFYDPn04xpKENEzED2k15szU5V0ejjx7evHnP337f/7fv16+escs3U1Zly5dunTp8pDlr9+//On1ewD485++ffb04r6r8wsR3+uW9tUav8CJPRbKeyzttFjZaWEhPdmNizyw0f58Sj032ZOxmY73blfv6b/Y9KGwRsskPlxP7+kfmi53px8255clPXC8XDient1NtfRIs56TdlgFDzxCjSCiEIKgRexDAhKOcQUBWufuMLOyCgyrUwscATBCPjzPIuzGw4q7kPRvMSOV5t3MMrTz/8wJkkRUqA8RhUVQz76HkjCo1U4xBxOVQI1nagpLR3RSdJ8VF4JL9MFmzi3ZJpJtxAWSKhb+rciUWnWCaKaxdMwbYTMdEgwOUv66BBhsRyAmZLI11GGVJTav1alwY/PdJ6hGhQrMktbfGutXuA1wBY3HJwynLQ3ezNaMQJlaUvJoy3oqI3O2FjdIV2W58zGTUtR75JaOW3q1JVh0ifu1ouqk9A+Uj6R2qaCjnpxXHl/HRCsoa0HW2a5lHy3omSD4tviZ4xZCn8ANIEQkHVeKTcHiWgcZb5zhiJNR7RQ+uxKWfH1oH7QpXnBpCk0pRBRCwPp0DjjeJQAxRha2ehCM4wgiVLxpWWdViAh+DqaabIt5z5h1KUNzVqyfQkAQghIVVdIcu8vP6YRjdTIWXdForKxQ7zrMkQSFWM8yAQkQECIQAIFwIgKyHkliYQCk4Ou2jRZFsBRpLT0TALAdNxJzNAoIjiZXHSqJ6JdQ59yhkAIEzkfTlPWOACDMDMhgbhwSpU/dpKbTIcZrNM+fIfdq2i9NYEtd/xWVJKccIiKSvlRrbiy3w7Nx2EjV4YSkhg8Q9dQ6yZzL+mQzW5ft8uzZoz//x6/+31/+9dPr92OMf/z9NyEcjZHdpUuXLl26dPmkEiP/5fsf3769JsI//bGjg3cp4hyNMgbhqt0YU3qKQdjMjwvppd0Y6xiER+3YWKWv17On9/SHmO4xCNO3VPne7ek9/cGky4fr0SXFHZuV17yWYBWDsE5XPeIMwq31dAahxfYDZo4imLyHOaIJbqIifQqRE4VOLT0oiETAbdKSLWSACGSfvb5ywS0oXYOKRBZBFiL1AgZGXGApPYWZWjTsrvJllkQEWJCFBBiAE0/AvYgxc3RokKWSEIKAEBEISExuvggRHBpUjJD98D6gsxBAhMBiXCnvk33z8IHWropchakpkt1Z/7FkFPepNidJ9XwmfICPLXRCRfoRStSnQuYa9uKJ6b96kWaeOXgwxSOTGgHz0anjuix6oZVx4ZeUVOOkVTVWHq/yrIOU6kPPPaolykv5+u3Wm7pNnCqvqzV3ZiupAebZS6Sh5J5Mn3YFMneW6ympU7MNuppM8iuj82I8SxuWm4+BOY+w2eArQPUWxLc8QzCBnxGallBJU+WK2on+D58Qjr7CqaVsgf02Aslt/WzLEM5G7UKHyjQfZFRoqYKeTcpRWTxTfjUCiRru9QDHuvyjU2ek5CiUVMVMK9c46mG0fJaSe2XAIxGS40X2TXBRFyyUTNsqK68KEgQgylHsKmzS2fOS3l8EEYdhAAEA4QT4uHtRfZZZwTBApBAGfTDGGGNEAEL3wpr4ZMyZLa1LeNrWFzUWUbedzjLU9+faO2vxMaIeshHdTqD9SAAAzMAQjT7IkI7rsGOH6v3T/aBbb7AAWzBCZtZ/grEqBQQkRkFkABQhAclhiLNPcRaR5ICc/WkCQEBmUV8D3j0MAiUKiwlUBqBi5kQooitPx5iT7iCdDhMRidHiKILzX2NkEUEkQgJ3uyoOZFrreQFpTGkQRKdO2qyXnJ3qSa76q8LWxzj1RFoOVwaunaIb5mubXGi7oe7ycOTZ04v//I9f/eWvP759e/1f//3P3//+xeNHZ/ddqS5dunTp0qWLyeXV/vvvX17fHM524Y9/+KZ7Fr1bsT9rMpMP/I9byemeJ1tgsLRbLdqHcSE9Fd7Sv2Z/xiodjuY/mr5e/57e0+88vYxBWF5hltLTe/rp6dPRlVO36SmuDSdIliJrORvGlIUxXz27rlOqt6stL816SvEUs2BkJiRCBiB0s1x10t3tUYAF9wGFMDkxAykxJHsM3XNV1UQVRmgrlSJpzEDuG804BBoZMUf3KTXUWus2LYyMxvxT61h6MBn73C45VQvJdivqBCwhmkSkcCCKCAKzJL+jDECGvqq1TjxEnTTt9RWlryU4z9nMB0vWusz/W3wuqV21/s8jwK28VIlgiaQZv51nPnJK9NF+L3KaYqxYiUcxvBWZw8/VU9uwn0V0cAIirlelrpWKINb/wkkGR4gXRkALHZxUT5yHXDyDsjLWUsFzGlOreKkL8iT/T8u/6HxUVFVdbuFmj29BB5fUArTCd6UWAGnkL2QR/T0mi3PCgpIl0HRd28aK3QIXrLpSg7lNBtma/qrm3r9TtSuqpiMnDcJC/8KBghyV0BeKhcMXkzdtLSL2EWU3oZgBQg9AWM5jdWug6ThatD+ViJhLoDuiOtuU1LBIKALiB30QgTycnusxEuGE5akAYXnWh4g4HRhaZlKWLe37BBGAOI55j+GP+bSJACAsPtels07CwpEZldYPeuIHWTy+HgIKREUH3eu4OCIogho0kjVoH4vnEczOL1kAQTTqn3CZTYSLYcUCxMKExCJ2dMoclxpuaVArmot0DaMMFsG4ICsbRtj6LFDsUIVuSBSsFd3CIKIAigPBisuri1iP9WjzbnluSYtTIJCo8K2KaUTl4kuct5zYJ7Vsjk/DUyFtN2qP2PZ1p6WsywOVx4/P/9d//vqv37989/7mf//XP37/3fPnz5/ed6W6dOnSpUuXLvDq1bvvf3gFAE+fnP/h9y92u+G+a/RLE/dn4mcqpdwRN+3D+dfCatDInxxurdiN8xn5RUv1ov5j9ezpPf0hpg+JKuQ8qX7f73/J94Y/fUAe/XJOKFfsvLbqZGZAZGaDB0UQNQZPJcW/0W1YSiHEZGOa8MzygwaR1TYfceuXcojVSRYRCNtR/WySFzN9wUwKWsac+pOMkoUfMSnQsgJEBHVwKsnLlvKlSF2qAiKCmj4zg9DIh6S0A3YmQul91FsgV3+Jf7Nm8m5hMA0Nbguda2sbrAuwqumqbh3qqKhdG415y/wzlRJpKQAxN6G3UZwjsNB6+pJMkb8FJbcodwVEXK4MQNFXqWFmLi/TgTLwnNlQK/4o1n21FTRCaIKFW2hnkye0LlqRBcCgGsPb3Z+ud8RJY6CRGbHVAGXXwIp/yLvlC27Xdoflrp8D2KIgKSp1bC+99H5cnKpZe2aWRTYg9IgAXCAXBhAyHxntApNlCAueVv3hExZSFp1eKvMKyxIWKpCKm4CjE2CHPNhdjAxpLjFnqub3lHxpR+W66csrgAQoYPREFmHm4OjgOI7qU0AZciLu+mCK0Vb18fMduekMsEyTW7l3AdBy7bCQcfKIQViEWQiRQSKnpd73TuKnJwTY/JijCLKH5RMBBpQEuSWeILAjdeTwmvki1eNG7BslbTvFI7VOEcX9iaZRJyIcY0bd7D3SMOXU9fa+jp5WQ1NpmeruVSmhMXJUV6eCTh61FkZ0NwbJmOBLmvtwt1cM5kgWiBAJyDQBYHKiAKggaQWcL0X/nSYmnzHWtFhwEbGKcFmcfusY4cOV3W74zz//+m8/vHr56t33P7x6f3nz3W+/7u5Gu3Tp0qVLl/uSGPmHv/+kQQdfPH/6u++e33eNfqFi5hT/G2Xu5w2hYYP1OIJVOmL9t047vcqDx+y9Szqn/KyFet7uHh+EXb3f/yLvhwI3zxagft/v7+Ze7k6nbM4va3lynZafhVWdpZat9Sz+X5gZiZkBJYSkrkJuOPsDA8iHyivxk/C5SlnMWDmFGCrgwyqkx/iTHy3OLsoKwKB8r+wMTZ8p7LPJzqfmTGFzB4oaVAgEQFCY9O3cwVmuHiIICSEgIWrkoZpByILIiBRRzZASnDJY4ZSCt7B0VRDjwuPN9ImLrgYE6CycNgqS3r0lt8Mb8kN1J6aUEu6rPJcmgtYCP8ytrI3qNUPWrVVSq9PSswUjXC9oY7ZEsvFvDRExhX7WG99cTlQV5lT9DhRMQQP3kq16+g3OTL1tKAiK8Tyrc5l+lBELKPNqpEFSOmKUerSsB6jLseLuGiQ2OfoVzziyE1VHA+w1eW/HK3ZHmZtcw3niIv60ZdhPJqyFFmvBxgqVUDE+juMHCLMsNZ8+Tzv1SwkgCbKfJkncqzyNrRecKlyss5j4kwbABUfTJm8y/Qa3nCnBYqOQ55AagMxrIjNHDoHCEBDxcDgACxGFYSCiYJ5PkYp4eoiChOrA09hvzBqeUHWOh0Ni4ccYJSYwteZiQv72JSF+aSlHOD87y33BIk68Exa2GTG9JZvPYY0ByAAokeUQk/cBEAAghJi2FQyoIQaBzZkriruO9Q1HohWKACOQPossDI4dAis+qDH/ioiSkMaP6qH8t7gAMKKwWJA/9dcAIkhAiFxOwLn7/GQViAN+dl6IWWLkGCMzR3WVrvsfP2EZiBJL1VrcEGAy9BGsFEqUVn8FQlS4EECA8ihijkokTcOy5XFhNkTNJ4RhpEoaFIbiCJj+hgiO09ZYcpcHK7/77vmjR2d/++HVT6/fv3t3/dvffPXVV0/uu1JdunTp0qXLv528fv3+7/94fRgjIvzuu+fPv+7M/o8midvgBwCTe5yjNmRczYOrz27Ps5x/az37fb9/OPcDZPy5X/v1l33VcW+nLlZyrufZoqG6anTc9JS6n/Lz88lmJIm0MaEDgjMR0LzGqR0qm1Nb4ibLnLLE6RHzCwaJ64foQXdaDtygMH0meC/HMXLPomoXLbyfJRujJOQvoYzqSiwQgQgKqe2KmWOMWm29AVIGBYRA5nGMtDErxmPiE64Y6zdiA5NnoG5wyb9UGCrV/TgHe2bIEE6YaDM4qq7ILLEBNS1kmP+zfHbCTpjdTCmJEz2lO8otSInMMIPmC87vN+IlzbfIsMTEcWtRun5tgBkJWNcvub2rITXvqSYU1JQlp4Ubxy26OR4r5K9EZo8gIoWqRaRtpQtuh6vlgmbky9kzx3WuY4RzHPGoCX6u4SRQfElz04/rSsW2FYSzf01nsKbylCwLeW7Nkpyg/mmWEEBmznCgoTLTaTPJZMTm1QeqJkIEdMwmYzdHK7n6plY0kX7opa/s5GiyUfM1AAAgAElEQVRUnxrHkYZhGAZx75h62CWEcLY7OzvbEdLhcNC6hRDKslgicxQRYVQIUKEpfQddRCd0MS03pDNHAkQoLOUHxWhMRFHX5ojAEtU/ph/EISQktHWcBRAFza2nIERhFlAuP7PEKDGKWEBFEiA9YKScNREg0kkHxWP1WTDCIvShXxTIsk4UBiPs2TEkAWEBcRCWFDZDJACycI4gbOc0HIJEsRDOmSGPICjqibTlTdlBx6rH3bMoR2bgFDxSc4sAIhUOQ23psGPESu5U3LUE0VHfhSC7knUao5+9UIcKGeafBIVtj8/ZtIZIxSDIB7vA/VqY71Og5uTQ5aHJ86+fPnl8/sPff3r77vov3798/fPlr3/95aOLHpWwS5cuXbp0+RRydb3/5z9/fvP2SuMEf/fbr8/Pd/ddqV+0ZAYh6t8CBecppZTW18Qg1L3uYk5Y1DBhEM5K3KJz/lSjlNte8d7t6v36i70OBcerX/v1rq93OLrkw3OqrNaqYDws6YT1t2uWLvkpBkFhkSiCLBgkgBO5oBkADFJomuxiNElCEfJ1if6Wxc+zOIiY35oFqIjDWBOl7GG3T/kZ+gxllM5FRdhjCLG9N4uwAFgIIzWZJj1IhBQgCAEwAjKyi2GEzGB4YY7fo2ZRAZESzhRcI+01W2RmnZ/sS6DYYRRjKTcoFAgiZvpYcpxn3gB8ywLlmf3ipla4jORVtbsLdLDES6oqVcp1qwNL2golU89X85aVAq8ogKtp7pNaIP1zDgC3Uc+EBNwe9pBF4KXsxzq9DA3YhMFOg64bmt3cbP+w7yFvsX0Up4YyQHEWqHLjd9SAsU9/pA6l2XD5WD+/WEr5OTeJeis12cLM24jV3WJEzUfydlhuRh+sx2Q1xxz5in1xaIOUG/u6omhZdLmGg0RzZApU+BSVUkn7bSVnKLAmPy3imtHZWo4qyarSCpUsAeaqF/S9ZlANIuqBmPQgx0iIwzAgnOmapQ0biIDlwAdhVoeSGSsDAJHIY4xjjIwYFIb08zQAIEpjy3RIEB4jsyCiBj5R+G0IoTyugEQBUR1ramMQBQBAjmBYFxqJXEFEZiUK+0EeW+Ijg3kHiBwZRCCKMGcCqAcSRN3t2BooqHxBjVZo75MOJflGQdduAZQo0VFEwOSrHAlQkUgNk+x+Foqu5xR3EBCFgvIL0f36ACromQaRQZIOz5FUh3XczykzR0VWxV4QzYUDJmakrQSEtrr5BJzOYGlFnZRrZ5oM7bQ1C4EgDRVms0sICHBe0VYmZFulMXNcrbYwbSfw1iD3Jnv8zEWXhyHn57s//8evXr56+49//vzm7dWbt1cvnj/99psvzs563KMuXbp06dLlY8l+P/7rxzcvX70DgBDoN7/+8sXzZ/ddqX8DEXDETgoG4Yo1OP+KqzlxUUOy+aY86yUu6dz6VL/268O5DuDWTfSYFJlz0NN7+i8uPf+6nN/MKXdVrkr+lUUiRzUxkRBngC45KyvWRDcbITKWFk9hLlhLRaQ6yCbKam3N/twAJENUtpIlQp4w+OvYmio2X5SAwfxqN8mol3BB/5+obzIwD2WWEwQAkYWCRLEiGIGYJwAhxogUUEkY5H7QzDWZlgQkyV4MS2brUpy/kgGTRYRwjt2VbVuYu8kGkKZXoSAFZwCAY49uZTSgBlo4TYn/tRGywlzd+HUhpcEalIX0FtDXBlRaWSdQzQQUnelptEB534Sy5iUeQdoQsSoI81gola+pWNEveeTMcjkQu6DApotj9a9hmxZ+M4PZzD5dzEyOW2CrL7bwC+eVOfr1Hf82YTW60hRmOk35qbKCGt4ayt1Y0JYxsPTsQr7TKrNQeru0Jei0XNd84IvVxm4TkT0jZYsVk/zZJFwQJC1jTh907MWZXYruFcFcVxm6JVhY5SznC58ky0mJiHbDICwxjhKZBsQQ1KMkC8cx8hgZxsNhDCFAsEUrkRERkTmOcWSWMIAG3LXlXoRjHMfDOI5ElGCmeBh1oVRsUBmHwzAkziQR0TAgIYtwjEAYYKCAIkJIGBAg5GUrRRRUqImjsMXC86UbBCCyOgiVyBAjRNbYeyQgiASIIoiGqeleCNVNuDhAqA7N02keTn/wC2qoP1/HC2cJFqrPALDsolyDVrJtPBAAyc4SCZmnc3feIL4JSlfxzhTdZRX9bhikHnxi8TMyCKRIJoIisvbegKHad7GOi9JVNSan8T6AUoRM2wpYbjQGIVpfSDns7RhUgja96/xNdNpgxmIz5GgnuB57L60I3fGk2eUjy4vnz7788sn//M/PP758+/LVu5ev3r14/vTF82cXF53H0KVLly5dutylXF8fXr56q9AgAHzz4tmvfvXl0CMBfyrB0n6rx+CO2mPdHrZip91i79XS1+y9WOev9Hw0nAUfhF29p/8i0wdIfyqWV//rsaf39F9YOmzID3dbLlTluseqCEgsESUQa0Q+sRg4hOBoJoAdSgcUOz2Pjgu6DdTU56oLICMEWBVDaMSMRJ7IzKJMi9LyNn92cl/b2jgZ4GphgehcCBaJzKD2KvR4ieZDVZCZyc2mCRNV/2hACIyAdoZID+ib7W9m821BJvW7FDelf0yrmGTb3jF3hfrK3h15T5GwHiTfRthLgf0AZgAEWcAhGlhdwbmTnAru7nIRz5j/s+EO1A2Oc7rPks4Ze2kN2yuHEDmfsi5/DcJcSmwiVU1kcfoOefwpwcbssWWepRbYJlL3VapYQhAFOE8j6iZvo2PP6nBAhc95QfahJwDQKIYw+6639Hgz55bx1miUGZhUddYc2pwWsPgxrte52aotCp0kGtk8c47cuRnAW5FS26SUlZbczpAuqq5VxcXWSF8jNRC+NM1oGgAVxCMph2KReeIaUSdUo0WlQV+wyQRSWNxjDZvXnUxgV6Xqf1ID2qYJXFILpBMf874rccHJtXwpvRJROUjMg+jZ2aPziyEM19fXMcY4jmMcKQRClMj7/X4IYQjDgCSRmTkCj+N4OBzUiehutyMiYFaunOI8fp4GYzyMh/3hcBiGQeEdIjrsD3EcAYDPzsZx3O/34zgOFEIwiDCEXdgNRMQAkRmJhrOB+YyZQwjDMAzDQESqkJkBg/q2ZBAYgVmhMeUyWnBhZmMTRpZxxNECEwZbxVFYCN2xKAApeY+NkJc7Kw0SKwVAHCBMq7/tVAAgCCKicDGiFKND3VegxSlEYsCACeLTk0QMDLl7edK5RITI6dNTd6llVoXT0N2YJlhO9zSIoPUlEnfRIESUsDcdegpXU3DQWiCtQkhmWiggzPTBCqAeuko8ftSojQAIyCCUlm33gKtfWj0BVDOGiCCDZIcSXT4rGQJ999uvn3/99F8/vvnp9XuFCb949uj510+++OLxfdeuS5cuXbp0+ezlzZvLVz+9V4eiAPD1V0++/eaLfhbnE4sBGXZgLttp1uyxGf5btNPiQnqZH/E0OzBW6Rvq2dN7+gNL7zEI+/Xf56qfwH3HIGQWRKAABV4IqA7AEJz5IJKAOjYIjxAEgQiCoATUwDju70qPwSR7mZrgEgnfTGZuzczoh4cPYgYBJiKEgBIBGREJgs8bJk34zW/FPaGxeOwjtTdGiQIMah6UKCAavYjz89os5ng1QEBEjpE1fJTGfAIAYYnACqSRhiFkARDW8IxFmCkR9czWtO9XAKdbdvPPJakBobIuoy37CRbT/5KbL60DfcZV37CuMimTQNauaDpphkblqITo4fAyUWDyQphpDTo+k9f16q01MSspEUpJuGNZwCL+l7lm3n2w/Hv5Y0IOvEgNE5V/r5Q0wL+NiIgUZv6keY4JpM4iq6g4jOC5EIquakoNW3rb1l9KYuymVk+vamtx5m9wZv2hVDBl2UBHQSn12GeDzzJbsU6lCoUmwSLq25wIuB0CzBgwlN1X/lcmoNpCnx5r8fWRMG+fozh3/QhmP8E5qWyW1JX29bkpv3jmSB9NKjAH/FagQQDQgHOTkZAaR7LTQymqVXrgrJ7wLrORmk4b1Gr1PylcWRHazQK/VZl9xbRpyc5VgsZvA0y0JYUpDAXDwmWopIqmWqLkDayuoOi4lk4siEAKjKAAAQXCgIAeqK5w/Fi0s+uDAqcEQMBABDm/xv8TZlAnyiIwhB0SqOfsQHR2djZQOOz3wqwuTeP+EMcRBxYiHkcYRxDgyIfDYRzHGA/jOI6HAxLuht2wGw77g4jogjZeX+veAFD2NzfMMRDthhAGEhnjYYxxhBD45ubm6vrm5jr9HatgnS5NRHh2/ujs7AwDCQAOIQzDIY77q2skGoZhDAMREoXdMASHCTUsYhQezi/GGPfjOI4xEIlwjLwfDyIUGUbmyBwjKQzHLAKEGLT9nQRIjnWRADADR9bV1UAy7Rou/lqJRn+zR3WoGfIIUowBEY7sDEffUxEKDkHD7zEb0Kn7Iq2JOzQQyoQ+ZDtHYU7d05hLCLRvtXwUCoQwEBIQAYjGRQwgAdHonT4J69dkYRMRiSCZJDTddIB5e7WPitQpKyCAEKC+Y8CCXu97BcwfY/o2EEXDOqfNJ1ACbNOIBoSwfhKjywOXi4vdH37/4ttvvlBygzod3Q3hyy8ff/HFo6dPLu67gl26dOnSpctnJu/eX795c/Xzz5eHMWpKp+nfm/QYhPNrj0HYrx/t2mMQ9uvHvN7h6JIPz6myWqvKkt7WCetv1yxd6qdEENQUaa4yUUJ5Sl6cjVHg+Q7wgaAIBEEhYpJAaPkUgyC1gUGqaCG1KRkFBATdhRaDkIieUgcEEiFB9gfrVbqhsOAJGkYohhYyM8dseLXj+PaLmr+UOmmGrAiST9QjKiExN5TRCwwdJHLjXTbEAaRTQwt2r+QKwEC1Kcgj9WsmLiD4KaKpHd9bKWFuUHjQ1ONJSyAI1uZvKGCBCSq2BJJlDVOYc6k40zbB34pSVuyF3mrrJsUWjgkFWIVpA5XxpEK9fBA6mLRVA34BUfOPFqscuVLTdm29UuvfmPzF5kkjAST5OJv/IgmLobmuif51JiuWIa9SakY8U5BCB8Wabzchya28f8o/rebspzRQy+huS3rmbOCp3qP1mT0u7apuUzvj5noL2l8Ds1lkoVYtmTAFj/KeV7TVqCz6kMtDwvlY81JS/hRZDbCA9EuQrnFIAfQ4Sz13ur/i8lwCgK90iM4Yc8RHqkXLl7F0uMe/0rSW5iB29rDDPZJcNSIBkr+zn6FxV5NYtkNBIEdQXlhkj1+ILBrFTmdzUC/QhESEhACIJIgCAVE47m/2IkyAQf2C7vfjSMMQiBBiPBz2HHm/319fXY3jIcaRY1Tq4W43aBBAxacjCyDudkMItL/ZRx6HEEII0Z9i5kDhsN/fXF1fX12Nh0NeegGFAQFDCI8ePz6/uAi7HRANu52c7TAEAQEIcH4Og0QRZjmEYRiGEAgFJEQMQZ9HgIAkAQYKFERgHGMcWWKMcYyHGMcILMhCAAQUEFmAWEAgCKAIjxb6kAAoRokxIgAhEQoREph3cjvx66uE6NmlNJZY4xNLWl8NDa2GHRo4BmQuRdlCIQqIhj42H+gaAtm3VkQkAEQESvaHNGemslBEMJ2wABARIhqI/NyDEEJAGAKRr+HMnM7epNm0cC3uoxR1ghFbpclGODFa4GrQI2JQb0BUo6SPuphA/BuzmqOgEKAFbPbXh/qxxbmmy4OXi4vd7757/utff/XTT+9ev35/dX348eXbH1++HQI9fXrx9MnF48fn3azZpUuXLl26LMn19eHy8ubd++t3767HaNukRxe7r7568vXXT7tD0XsTM1mC9BiE/dqvH/+aYxD2a7/260e5qnhKjrFk/2MRRov9R+opKpu83GiDSAAMRCgCEN0hFZIEBLN56TF59mcxgUBejcwd0SSzriUejB2/BxRDDs2EVNqFU15HQq2SCRw05E8JfDFGdUnGhWku4aIiHnYJEIkkFVDWn4hETbVGBzTIMUb3AybJUZgIA5AtzRlhhKkxPUF57pJrZtCXNi6FqY5L9KnUULWhHhadATogt4aHbQEIJ+lL7K4CfKxyYJlBrF+nDVNSGAvbev2mFaK2iBp5cZKupTbc9DrzRighli3+OZPIJEPxTdzav2iTutryV1kbZrGuzYZS5gjHpKkncdfmuEgJB871fyBAWGbA5WG89JFO8xytyiTbtu6rRu1k5Kx9ucsK8SiKfqxKRymPC9kcmjbKkiUul1PcaH5/ymjJZc5KjfuqTb82hlm72jbIMX2qKQJfVq4LmeGJE11iheixEfMjCY6KqttFxWT0NgGeOb5bbirXlWY4RawYAWC0F/GjOgQG46AIIgRCkKhORkkZ8/t95Hh9fQ3Mu2E3UCDh8bAXYR6Gs92wv768vrza31wfDuP11XuOrOz/EMLhOihvz5tFYRzZ7cIQgi6m2hCH/bWtnyyIGEd1O7o/7MfD4XA4HOI42mIONOyGm8tH548e7c7PwzDsLi7OLi52Z2cUgkCMCMBRBMbDuEcaQtjtdsraJyIaCAIJgAASURh2JAAYRAQPozALoQCN42E88BgFgJACYAAMWjgDRZYY1QdmEMTIwiwEFkuYCKl8ZwAA28Z4Anu/AJAAM9mOyLpNgPTUhHgPChILjlEQWAwVAxbdjoiFIfSOJ+Pu2VwXyLwWgJJa2VBnD96a4D5AwIFoCIEIQVgkEkIISv6sViQPMAg+yDJ8n7BDLH/SdQFRCZdkrFBITnlbM0D6fMShfQEAQkp4vx9qBvEjSxOHul0+dxkCffvNF99+88Xl5c2bN1dv3l5d3xxe/3z5+udLAAgBH12cnZ/vzs92Z2dh2A1DIA2Quv30VZcuXbp06fL5im6fY+Qx8ngY9/t4sz/c3Byurvcx5r3Qxfnui2ePvvji0ePH5/da3y4AJVqxHbm4K4zjYWIlD7NW/fqLuOYYhP3ar/36Ua5QpWT3Tg6UKZxGFjQQAcidq0ltBjJDk5tykpnKUoQdMGPGwnGWUgXBozQBVYZrrQAhagAkNUchigBrJKfiNah4SNKd3ihsN6ESsiJ7HAsHpGrWzD+KvjWzeswLgCLqsI6RhAIYOhhjqrWFMWROreEOTYUZyCx8JRRWYRLlwmpu9FZtI4Vdu6JVzRg/mQEKpXUQxO3R2ZdgpVawzn+cPze/PwK3THNm7LiCCMw2Wdrj66raYEBPn7eWD84G7ApofFGnptYZ1Erq/Lb2Sy29WgNeWnx3SMHDJsO4/GKkeKq6/zBD6pbHj4a1m9Qk/bMaFbNy28jochy7dVj66DtA8w0wjZypRXL6ygvlbQcIc9+VdJuF4oqPcdogsvB4+liab2qOLpdLbJZezQzlR2jejrcptEMHhoFk2N5mvswlTQ/oVYC8AbQCPCtB/10doRXheROsz2CVk2dHB6egvkaM8+qpG0SbXv04qACzeWHUjgZGJAJGcJfThMq5B51aECjBwckPaTq0Y2sKo2GOuzCICMdoR3AweTNlQiQhFuE46upDAOPhwMzjOB7GAyHsRQaiXRh4f3U4HPYilwhv37x59+7d9dU1j6NwJKJhGHa7HSPutZ5EgSjpPBwO1wCEGGOMrIugcByJKI7jzfX1eDiM42jdhmEcx/3Nzc3NzTiOSAGRAJGGsDs/Pz8/P3/06NGTp0+ePYMnTy4eXTDgzfUBgABs0eQRD/sbokAhICErg5CQQsCwOwOiYXd+dhYo7PbjxVkUAAzD23fvXr9+++bm/f4QIwMgDbuzR4+f3uyvooAAMaAICUQGiNoNFACEORIExSLViaa2dYxRWYYD5bVGSGPEIrhvUg/+hwVWjESAos7IOQwQBEkEGTTucYxRH1dgMgQKIdg/iYK2gvmoBXdrYGuXfhOK6mmVETEQDAMJ67bLfzVv8b5bMNS6/EAEEJCAzMMoJrDQibDEIEAQzFEqC+mOcaJnOtOjEiXBEXMiUc+qktmLzBabFqU9T3f53OXx4/PHj89/85uvbm4O795fv39/c3l5sz/Ed+9v3r2/ue/adenSpUuXLg9Oznbh8ePzJ0/Onz65OD/vnPuHJMmyipttsNtzfho9d3t9mLXq11/EtTMI+7VfP/JVxVPUwEiCLBGFUIgc4lLzYwoZiNkhpCJ/6ExBEoiAAISQkBaBAiqbinugqpEtzYgiAglsQ6SA5F7dJqo0rBHAjKGV4g4mIkiGCVM6lyRCyFZZdqeTVX2Rs5BRBr3ylmpW1MxfVBZHIiI06Urzk9KIk9Ilvea0AQvXiMsIFiUXoxVjZo33k91+zn+9HWq4gqL5oKrbZ/mRtrYj9KlFVOkowHMEG1yWI6SlWa2WSsjuZ+fpH0fmiOAcjFxiCsIEVUr5Zz9N7jc28C0AwjJ23YrCIyDo8hjbjhGmItuVrBHWRf2noNRr9dkUebFRrjhkd2KJ0296+WElDeczFVbsQokrSO68Tycf4HxIp7MjSUMWyNQndsAzratKqdIwnbpmgi9rRq8nHIKx03SZsWMkiM4dpPxdAAJgIEqnRpRGb/5LOQrnaYFAJDLLGEGEo6hXbY6H/T6OI8coILth2N/cXDOf73bj/nC4ub7Z3+yvr68urw77wzgexsNIhIzAB+J9EABDxTxasMSIIBwjAhIhC8eo8Qr3N9fXIIZFxXHkyN7UpDniYbQ6+evtzs7PLx5dPHl8c315ffnu4vHj88ePzs4fCQBgODt/9PjxkxACs+z3e2YWgDAM548uDuMIiGEYdmd4IwA3BwCkEM6GAAMB0nB2dr4bHl9cfH31xc1hvLy6uby8ury+efP6moEEB6DAgpFFgIAG9fo6ai8FCgIsQqxLOYjGT0bQoHzijmtRhAXiOCrsSxQRCZEQUDQSse8uSJCAFRkVjoxCuqMQ87yKAIIECAp8UghK+ytPVSnkiAKBKA1Z3RYhGDqoIKVWAoJ2GnvwP1QqPjlXNXsdN/RdiuLUTagVktJJfGzrkGDmIoxnMeQxbzURiuMv+gMZdF58pM6JlPzNHzuV0uUzlfPz3fn57sXzZwAwjvHq+nBzc9jvx/1+HMc4jjH6h9GlS5cuXbr84kXPeAXCYQjDEM7OhrOz4fx89+hiNwzhvmvXZUGwsM9ttMHeFcbxMLGSh1mrfv1FXDuDsF/79SNfoU5Jp909FB+YM09UEoBmTEYiMEadgJsyiUj9ZgkKIjuWCECoDscS4mSci6IaGRp0a5TZYLNxiC3UH5DVJeOEAs7wStekxdyFKtxXELPMS1dyKcoMIsDOaDQHpEY5cnA0ACIWlld1L8pELH6M3uNOOX+FAdTHWwYn3MKLuemdmVP2TGk6F0jr7azRXE8TdATziaitTqXeOdQxQ/Isk9bg06CD5XtvAe0m/z72ROOt7cE1IlVqepx8PVNZCp0n7jg3tXzVC+WNLDSSj2vtjc1A2gdK5sLmKuf0OaJZRiJs4IsztUv3JV64RFDb0gIzjA1TA87yrHVsqbGdvK0C4LPTClq5yEN1ht1K7ZJbQiiGytF6zj/SRSLjvJlWkdoWSLypqRI6hoDFPD+5Yp1/UfyNUqYGYD+vqjQEBISgHPBSMt+dY6//S3NG5ajRWGF5ulcifbmYMlRFILgbSVCWu4yG8zDH8aAPIyKP4+FwEGaiFNsuxhgP+5t4ODAzCHCgq8vL/f6GAMZx3O/3N9fXN9fXcYwIIMLjOJ7tzqLwgfmACAAxRvU4SkgxRo4jCEtkxQKNjB/jOB5u9jcSWcEqJeibD1SWyJEjCzPYuigsEmPch+FwczWO14frq+uLR+fvL84fPT67eAREw3B28fgAHHe7M3XdGVA9fkuMUUSASCLHw8j7kQUQcdjt4GxHSAAYJQakpxdnj8/OmOEQ+fpm//7q6t3l1eXN4foQ94dDHJkFBANIFCBBAkBACjIwMTEhBURjeyrdTeFcZjCUEwE1QiAJKX9Toz4KsDvfVGHLK0jIEpGBAvoZKY3wh6iRD1Ms6MIHbeHy29xw5g2A7SfQGYeYvDOGEECQeWSJhBobGhxTJii/X7+vnIuWH1ix4dBwmgyCopgngACDcRulmGldI2jYZt0ZqZNSMC+21XyeIhdi2u98kpWuyz3KMIRnT8Ozpxf3XZEuXbp06dKlS5fNku2om22w23N+Gj13e32YterXX8R1gCSlVbzf9/t+/3Hu1f7kFjAWYVG3WaKBa0gc/HCTPbnTRbCz5hRA7UgsiCQoiCgazY3UGATqhg0EYM4DNOtrYZeSqc1YPNYRJAty/k2gwSAURwclvVsONVj5FxVhB/jYGIQgkGgDgBAxCiIyR+YoHJiEKgd0AgwoAPpEbmURIZSM76TskC3STSPYFDZt2dYrGK/UOM1WoIkotZ/YGq2FCXFQ7LD/KVjgCkbYBCTK6uG0bdYenLVFlrnFfyWgjRElpOobewpSrLBjdL1p4D4rVCCjBWn8Fm2YawHZLDrltCUXvinxFhjhFkhtDg5JCokGGa6pSq9uV2vYUj6nEk7yLNT0hNcvMk/jGqazC3O5BXnlKCI+73Urqy60GYwTFjyLLpXY7AIRXvmWl3qhfH7ydeZlYEuViv9fzowAOQxt+ahnyglFH00npRoGzjFMlwovkdE5NqhnSEAAKY0YX4Rk2imuZ+pfFxE9uB2mVSzNfmJ1AOPhAdrSxgIIwhw5xvHAcU9ECCDM4/4gFpxE4uFwc30tHIfBFhz1icnjOI77OEZhAeHL9++uLt8f9jf7/WEcR45jHCMiDhRsfQOJcTwcRgQBpYgx66cdY4zjCHpIxqLujv7KLOPIzKqQhSEtrcbgt3WYgroLlzge4gE5HjgeDmfXw+Xl7vz87Pwi7M52Z2fnjx6P47i/udwNZ2fnFxePn1ycXwARi8T9HkMgRIh8iDdRq0cBJPJ4UL4lgOx2u2E4Oxt2YbcLux0g7cd4eX39+u37n99fvru8fv/+5hBjFI4io6AAmYdNdcyJRCEQDerJU90NZCfsClIiUggDBQRhINI9DozaNFMt624AACAASURBVEpOJOP+aTxnpEARIiKQxS+2M+MK6um40MNHhADme10QkQwKdtcN5bIeEAEIiYgCmatSRAkBEQJHGSMTAmltIhrq2fhI02kd5wf7/tBvxAdyBgAZBBBJ8lYl+zFODhY0gDSgnqWy8SQVQOknQlyRud/t0qVLly5dunTp0uWByS3srh/y7MfQ0+/7/WdyXwCE5Z+w/b7f9/uPdZ+Nqgk8K2zH6got4YLpEUJkRCJSdFEQLeKNeHQcZc8V58mnoqUwsxINBc0Vm/pTS5xFLzexK7I5u6z2xC4sIuz+zBQbKCNLmf0yGh8i+xp1jDAyEyXD8igIFKjwMoohhBnpBLwOE+Bt0tJVC6Ab3uYts54CaqBbyFBxsFJMQZpWYoYNUPWT4ArXcP1+Fa2c56zs7CVG0iSTTV92tZRbyBQHlTVgY0lKkGYdN50UXbLo7srN2tE2KQmMuVC17878grZGDqRnmzjNpCYlOtgc7ZP0JrZ3qjQLaipqoGtLOluPtAe/61mi3JWAZc6TgwseeeVsuJcGFxDsvAbA7AtNHbE+2ObT1KQBj3zyMj8bslyWGBmpisppvhVxaWiVhRYPTus9cY07WU2SV+rJT4iBdGIXq4PBLO5MGzVIn3BqltTOCErtouKrMRzQ5v+UrvCPctmj+cGOHOPhMI4HkHEfD2IUPYnjqF75eBzjOIowgoDicjEKMyHEw2GMkWPcX19fX76/unp/dXl5fXONACGEIQQROYgQIIXAh33kyDEqZhUjxziKiLsY5f+fvXdtchxXsgT9AVKRWXV71mx3ds3m//+6tZm93TczQiIB97MfHCBBilIosuo+ppteWUoJBB0gCD7SD85xuAvBo5JZPOncLedcSlly8cI8CGNt1kWPMiYwE6siEKPZvOSbfIiqDmMaLmkYv//+O9yVpUxXljRe3swyyu+aFMRGlMaBkBy5mBORiGpyh8WzUFXHcWQrZlamiUVZlEVI9JLS//jv/+f/83//X9c5//j58f/+r7/++99+XqesmgCec5lLHoaLU0PcWJkFRHAqvpydwP/AzAMNzhBorCdipkapLAwGC0SCiAlAhCsYqIuUZ53N7m2VFtOgIi1xoAoJk9S6oYWwzueYMswqLYWh1qpgJgZEiITUIwchJGabCIF70eo7JJvaY6ib/BQXX53pwuwEJpZu4ULb/f5NoObo9Lj5eZ0UbZnV5pnC24vutNNOO+2000477bTT/rXsF+Ku/MX6f28/5/fz+/8m388chOfn+fl3/gxbSrrgaUUHKz0uxMB2CpCrIBuTqrCTucWS8xbLInaihrjVRE1NqHQX+t6ADdtS0II0riCNVy/Y7EALMgdfyqhlG8SSatAMVmr2pu5Py0fo8RNmNdBZxUIJLCQVHSylCBMrC1zJndyJJdIx1iDhEneG9BQRppbap1LLGgIKWY9kOVxQt8IetIjNdYe8ogl3Y7grPICp9rhOj9Kt52k9VXvM7xFidwiJPenkRmW0HeKT9GaP2n0mFPoZhgFs6Qz9vuv18mVEaj8UvNl2X7t2pmIatL82/jA8tjmcxWcM/Gdwyz198A6jXULJG+Cwxxo3Ph83h3bVb/r02Ul8wQ4nJPGzvnzN7ysQ5j22fYC69dUaOfVTXLnffVVq3nTy1av4uIk7BuFyCEufn8nA9k+fg22bWX94gD2+uEVAfTuKB/Be/OK+Qi8EGl4q96uTFa2AXaux4irtkVRXz9DCVm9ZCDfkaGGReh+S/pwvF1Zd4OJeV9uA3AzF3I0RiNzsefIyT7ePnDMBouLFcs45z+wQFnfL8xR4oZsRoCpWSsnFvNyu19vH+3y7lpytZCbmlDwlN3N3Ih6GQVLSeK6zAG5evJSQ9IzxcXNnAG5uYBeRNowgqUxHEIkSgchRUcN6jM5MwrGkyEsxBzGJaNJxiIU5VmbArJTpemNlkjSMl4/3337//d/e3t7SOHJKefoI+p6oimgGblcw8TiO8ZAlfxNJLMKiSQfnOAOaxksu2cDK/H98f/vt7X9c/3v++XH7+XH9uM3TNOeSSrAuzUrxOKp4Dam0PWERLqUALiJMzuTugfyyFWkUU4e7EcyYOYTWCS4QEVIiiUlRJc2J3YxJUQmFqqEUKrJqfra5HzzUJU9gfAizxF9cUwsuWrgiIikxgxwkiESFIRG/8NKb7HnF5CPlJLfyIC4y9Y8hDqYg4h2tarHvr9wdARGrYDvHNaNMDqr03Oppcfv4RnDaaaeddtppp5122mn/ROPu33MvxmD/LIzjXxMr+dfs1fn5n+IzgcDg8/P8/OIn/fK+9AUPX23lvv5zD/Sr3+lRWwdHR7WECE1NikJgcGEQVsYAnEmEZYmLLnWadpRIpZmBqyapQhBrw4lRpdlWHbbnoFGNEDdVzoWZsURyl1r3D2iuu/eKoy3jYGM2WP3uDTtsB7z5EyXwZbE7uYjrIkxqbmJiqubObuIMkU1ImYICSR0ARsTL2vzNZ01GhC72vIut830ho0nYPaJh3XOwngCER9U2zS0/H8F+n9Onnu3YxR5B9w4fOdk1+oSv9qQPL6KMv2wvoYNbuwu1fgHFOe5DfO4unAZEPxm9zz1vIMBW2jHYHnre4l671IAH7Ldtt7/aSaJ7CdjFFe77cODk/rw87thxJx/QCnen4AAdfwEa7JddtAR+oLtEX3/ImOmxvC1azx9ehi9OsC1M+GRmbje9OHuxr7zg2gGAtYfF0ki7JRH3kDUaro6mkB0oiDcgJ+73oRdac8xVBqF3TMqWsrASE90KzGNpi+dsJcOMEQkH5zJPZZ7m6VoirSCRlVzmXEohgIndzfJcSrGc3YwIqpqnKefZzK63a55usEKxlAVkbuQW/WARhrtbvSTIQlMU7nEgIRgaD80Yo0CNGvqzqnibexyjw4tbzRpIRAALi7iQAORwMw8wkQsXwHJhEbNS8ny7fhAHqjdeP75PHx9v375d3t6GcdQhBSmQVZMOIe0NJy9TwGplvg1p1DSI6gSWlIbhkobRZ3g9M6LDOAzjZXj7fhn/7bdvtzlPc5nmfJvmOeecc8nFHcWomJdiOWczOFAI2QIgVBpHpouqNkiNjbjJuxY3B0FYVERVRZVdScAQRoCL8RrGxMJCwS2URttnbHSn63QUTiQdNbVqLrQ7GUXCyBBh5WAWqgAW8F/SRFwl4u8uK6Y2Xfs1O3evAovgwaK+XacBtrzwBvu3/ZdLhSSkeoFAy5fkhQEP0mMFhtNOO+2000477bTTTvtn2ib6yvuIbt1+H5u9q3kUxT2M6PJrfv6pn/+avTo//1N8pvhH5/l5fn7xE7+8L77g4aut3Nd/7gG/+p0eeXt8dDUmUwO78cDb6G+yOzO7qC7biRYcbnlKVlVQEUDEXYQFLCJwAFyVubh62MvZ9QKS6OEucIiXPQafesU6XvIL1qAtLUcRemu+kxiNjIN7xVFv+ZUiRsxE7IARtAqWugaHwr3quMV3qiqlsgSMqw4dr3/6/vPWViSPa51luJfj+wXGXs+5aiXLRqGHgMUBm7D7+bChX8AIFwmytYddRw8xzk/976CmJzusuGBM6+1ZWG0lv9556Dfw/ablgjvowo5udS94uBvVVYLyEQnyqe25g8fHsoJVrcVu80PhSr4f87jkn6W161ibx2qiPUrzJ9AH7463TbtXHT6ox4+r/FpXv9ClbSsHY3hXc3f6ji+WRw11yWh3m57juwuVbntW97Y+V2oOwpVQ3UHQ6DCHF6B97p5VnZjhg5m5eSC0/e891ttFe5RQe5hRzbFW08U1zmCggyIbhHHTngPOICvZSwmme5lny9lLJjcrVua5zJPn7FbcSikl5zzPk5UCcyKUXBzGhJKLWY6VLsJ8u16neTKzeZoIrkwqwqBY6ULwYUiqiSUS+5kt62CakKamRE1RYMF5I39eS9Hn8cwLRlsxg3ucxqBVeuRxJGMnjnR5rN7eAIhgxawYQKJqZnnOojdmYVEdhun6kT+ul7e38TKOb5fff/+34TKSSDEfhnEYBhYxQ5kxDElV5zxfLt/SMBJrMR8vb/ydkkjOWTUxC4iLF8qzaLqk4fu//Qbm2Xya5mnKwSA0M3fK2eY536b5dp1u0zzlnEtR4WJgssSW2JSpiXGzubk53GzOZkYhgTqMrBAiJSI3ZhVW4XqTFBJRUkESViEhF+IqA+qxT+TCjUtPRLRNfmr4YJ1TTKTCUkeYmCHCSQVgNwuoEiw7GfnN5bC8lKzvbNg+o7muMKP19fn+Br6d5vXvdm2vCCPQXpCoPSuZGeR+mNX3tNNOO+2000477bTT/pn2NPq6/lPx5Yjx5z7Pz/Pzv/Jn6rGENQ7UAo5n+Vn+p5fTv1h//rxyel6/WgRsIl5VJUYtAjRUY0Zagz9euRAUumJd/hhmYYE09asgIDLbkjHnPoS0MBHXiBLX/iyx+6DhwTyktYiJhdtSdbjTggQufjv+R2S98YodtpRODBIK3BJuFlJsfQLGSEzo8BpmIyJmuNmMAiRhHoY4QDNXXZmC3XgvcbY1k6LIJr1fD3yuX7awUHSSaih218r2HD5HJhoNgGUXckMLyy/A0F0Ownp4x432R7GDux6BSYc/6xdQ0Lm4hxReth2lctPPO0IC+C4jWjuPu0afoVytwv1eeyePO9y3snb4CN15SN56wuvq3a7gS9ftJdb7DGCuDNfDhg57HsJz/abgPN07f0R+fRQhfnKwh7YuPnhwdE9B5K7dJ0203b/UsZ6kdtiBL/i6271ncPZT9Bk+192Qj7d237/YNYrDkTVtH1HLUXfQ1kLr8+hPvZM6WbtRObXb2n1nVhSQPB4hC4ONQCL1ntYdL6RDLmuO2W5+dqraHVnLzRyNBdtmmATdHe2uT5UZJqIiBFhb8hLioijFzNwLkQuRl2w5e87xxfJc5snmPE9TnibL8xAKmlbKPM3znOfZikUauJKzWQGs5IJK4UPOeZ7nXIqbASYUUCW7O5MTc1K5jINqIrC7E5OVEljdSgJzFDNmUlUSMSvMTKQiXMxqGl9i4ji9cGIRpSog4A42EAgiKU6uOUHInNxBxGwASuhhEpEDzEVUL29vTGSz5emKMlt+m28D/2DM87ffvpPoNM/DMF7e3tI4evwTwhNSEqY83abblVi+f/8Lw63kaSIzH8eRiYsBomkczYvZDMtOTCJvquObEicRUU0pDV5gDidi0o/r9TrPBe7uP98/brebuTFxsRgGuLsbY1Dh9E7GLKpJAx9mESERmJtQJC2Mdy1RSYOkkVkJQtBIQyjMTPE+Je39IZI+MnldOkOsIinpMkuTamDw7j5cRom7MJFqEuaaWVllmdjSlGOLGTOnlITZzKI8rg43iPKaPtMpgGesl5pzCKAzR8LFdjNsF6ZHdkWKJIiBUMYdgBn11QargkW79+Mrd9PTTjvttNNOO+200077B9kn8dW78tfit4++/wvGmc/ys/wfVJ76q6u/zs7ys/zvVH4fqP3X7OfXy/G8fm9V/KnH7rDoPPWkjRrYabutceklew3QEu11UA8vrfSdOQZjup53Ee0QPt3ADKCW3mjteLdxIzfay8ehMSTWkk7RtB+oYAmK1VZrfTM3cyERXsetG5E2nguAigDe+IHtzsVSKERgxgbMOD599x52BXEGeDcbDvbj/sey43HVLSDXd/IR1+0xQNgyINGuA5/jc4+6t91x4wDH7Ek6nJOHPf8S9eqJn9frPNnx000bQigfVCAiesruWio/YhC+PghrzaMz2wuTPgHMvjzm9whh2/THw9AHM+xLfXvq9hcc3ou79tfmJ9k6H8zzT9DFbeXdZdvwuQ7wfeDpnre37NsymG0bwsNJu4g2by/Vhz1fuIBREmn5dgtZzI2ZJVapCDNLZA2Mhwrc3KzhOoRIiBt0cmd3aStGCI2BDpgABDcruczkjlKszMizz3OebvP1Nl+veZrKnGHFiQgopeQ8mxUvFrkPnVCmOXLjFS8xvOae85xzpbIJERPcLfrEzKoa8FIpxS2EMUMOlFWTdA/Qhg97UCS53i4CfhVhZWVncxERDWq/ubuVSFPXzhXX0SCAyKMXRCD2GHqzUkpbViOAp5Qi/95EXvKkqimlMk+XH29pGFl0vLzleRJVYn57eysTB5ynaUzDOF7e4CXf3HJWHXQcyI2Z3TEXG9/edBglpUhMSMwsHLkYlVTImG3UREkAYuFvl++O787MogYPEmcwDWPoiMgc8ft2u4mKiMJdVRsUZwbET5jnnAMNg8O9CKUkwuTCrpJURbWCf40amLiSCKUDrSneZJiZU4pZp6ExSkzcEiEz1WVR7stdr75NMQ/DwE1HtoKT62KdmuIwXn6IWFgbY7bOjHDXS4wuuV0X7QM05BzECxFVauZDJvJ4T2oq7fhl1evTTjvttNNOO+200077u9or8dWvx28/93+Wn+X/1corg/D8PD+/+Em/vC99wcNXW7mv/9wD/ep3etTW46NrQEnLPhjYFqOmDwI7WEiXa7PLW8OtoCKsPWeOhQXsUlFCaWyPjbbbXulubWEfZY5QaxDxvP7N1R94QRQ7X0scuuYgXOTRaFERrapoVVZ0iQ132fBidwLgVtyUSYnJXcyKeVIrLkSq3Pp5QGShY9sBaffMnq6C8EpR2W89As+W7u9QoPY/L1uWqDfv3LfdmZ4E1F9AAZ9TxHZ71LIFjbjDRO95infH92RY7lGxu7NzTyh72NujM3vfwF0PceTqyNNBnc93e+Jw26n7zi9XM7e47UGdhXD5csy2R85B6GhWtJyyJ4KljUdY9++O4muDsQSsd00t5V/yc7zpNQcHv/lhBb4r+trox+5fCbL/caS0v3G3v9drfwUHCYcI4VaZcH/onYhn7+vB0S2UwY0O9eJ0zXHWi44uRMNuycjKfI1cdwR4zS/Rct8B64W1CkoDcGZW0aQyqDA7s1aUyKxYcXOCMdecdZ4ncuR5ytPV5slyLtOUb7fp9pGn2eYMMwO5WUBT7VnmwbUqeS6lRIrdOIriVubsVqjyR6U+1DrhbjMrZs0NmVkAh+jGp0plEsFMRDmuSjQWvyOwNWIwk7AgAQCVUoqxMwcKCLih5gsk0garMrPB6/e2DEhEiKzkGW4swsyZqJRZRXwY5unj+jEMw5jGy/j2TVWDl/b927eQ32TRcbzgYgE3MQtYVYe3798m+DAMaRjci2WCG2V24khqKCKqasiRi28cRxkuLEogQtKUkioxaxKQ4KJEbw4PSVUObVWQmc95hv+mKYmIlaIpMXGsSSImCYSQZZqnkou7E0tlbTIjEERmYVYRYopXlWATNmF1bxOVQzx9nfCgILpWyJAYzO7mTfdVWeq9pRO8ZWEmjlciCcnQ5ebINR9ivCwREyqFkRaaKdYrtHtSb8QAappCJ6KaepARwvABEoIb2BhsQgbtGf6nnXbaaaeddtppp532z7Wn0VdelrW+HDemzyK65+f5+V/688xBeH7+2id+ed//4jkIhaXG55ZgbihtMkN6BiEtS8VbWJbbViKiPn9NlRiFROhnCSfSEYesRZfWAPhCZYwAt6wY4Q5l4W6ntk9Hf4zcR4BzPQTwGtSiyA4F5oINiRBwIieqQSp3sBVhsBNc3M29uAtcqEaHF3RwGyFrPaIj7uAix3qPEW7oPjFDHwCEdyUhCvow1r/I48Wpe4zbVT9PbMHtHtHd7siIhw09OJLm/FOR0sXu4bctqXHn5aDpJ22A7oDJB6jhPRyyjtVRt79AvHux3qPdl3jwU0fLHaAvXGDbGn7eBYIPQZpwsw/xMm2H5skpXvWHmbYMyK+NxDoHHpW/6O/RNfV6V7bX1O4KO7iusV8NcBgwPwS7+5vJP4yIszZ6VLhuqAhTv1KEd5OuY5mut1Ywwfczirc0x/WWuyAWfR+4/Wz437I+BvVZsctMu0IgkZMW1BadNEyDEY8SCh1GqaxvMKAiQ+JxUBX24Bo6WbFSZrPiZnCLL2RGsJLLfH2/fbzPtxu5oWTLOeepzLPlgmxmHukHi5WaFhcOQEQdJYhsgaw4vJQVFiIikC+PnBhQM8ullFIADmwMhHgiF8sBR7mTN81JaldjIKTu7qV4OyWBSwpL0sHdXUi4CAdx0SLnrwPWn9gAfFH7HK8rJCwqxORwGMTjWYlAnATmRHmeZ50kXS/TLeiDTnz7GIc0DsM4XkaCu5U83SQNw3ghVhaF52zz2/fvv+lfCFYKIc8Gd9AwjiklUhWkPANwYoZdvLyJKrGwJCnKLMTiw2jFWOXb2zdnAJmY394ut8kAMiEGDWkcL6OIlGLCFcYDJRUhYlW5XC7zPE7T7I7L5QLQnMs8Z3MPMJVAKkQsYHjcDLmCst5mL1XZBmZRZg6cUlgIVEoREU4KolLMrQS8zVLFDCSIjMFjdY/zDsAArtLqlUPrdbJzo/w5ETv1b268XPPrDafyRdc5h3ilivt5vIoxuYf0KMGBmADVA58EwtNOO+2000477bTT/qXsafS1bnm09ejzc5/n5/n5X/nzkEFID7D0s/wsXz7pl/3ccez+Rfr5qD+H5Yffd0e39xNlSx6aey4FiwAGZxIiklWMcBt03ichk43EaF2p/gjXqYvVD3x2kSZeoLutdCT3vW3I5oL2Yacgunm0t46KCMMXdLBmEopgJ7WQmRkxqyBk0WjhHQLbuP26XP45jNGjaz0Vbxfp3mh48mbf3YlouA4/aXpTzns/27PCz2GTHb3vvle7yk9Bzdah7i9+DD0+6dKhjmI7I9T7up+PfzAU+cIBvrTpFxp6rhjZ1ftyKz3es05xuhu7+3n4FbtnxO7Lud7N+nP45YYe7NC08T6v/un4vdAlfvLr3ht3359Uf3Rc9wsOPrXDG/t6dz3a5ZnC5xdbf2SHHThst38QdBhUtyQEXTWgT2HoGxHq5a7e6PXMEAhL3IlDM5oD34DVJwfcvbCKxh+hQZMyk5VpLiVnKwZHe2w5SpnnaZpveZ49z+RW5jxdP6brxzzdyI2DGQaDuUcewQD0cs4lg9yLuRsISQdQ5JhzRHq70L7sMGYzI6nqlPF0tCa1HdnyRCSlVGmFAS+REMjMohyAucXSlhAEzSV7A/JrRr1IupdSQEDKGt4ykQA58jYGFlUZnu5E0vLtEUhYYvaHmjcxsWrcsZ0oo4gqWM0deXazNAwsSoQy3YRlGMa//OV3z/PECjAJf/v+e2StvL5fhrcLUKxMczYSYRZiTSkxCmwwZlNe6Kp5ek/DZby8Xd7eRNN0c4BUB0mDqA48wCYrxc1EGJmUbMp5nudSSuI3L2ARdjdHKYWJ3769BSQ8z/A8AS4gESHLVowco5KMgzuCCxodDDEHigFhUiV3MEloKgCUUkpDYuZ5yqqqqswM8/Z2RMyiKZFZKaVE0mXmRCSqXjVfqX8JXC4CYSZCYmKvms+g/dtU/7KwfYcM0NFB0slUgEnWrLcgYXIiCeXaqqcup7joaaeddtppp5122mn/graNuO7jup8xCO/Lez+Ptv6LxNvP8rP8n1B+yCCkB4jiWX6WL5/4ZT93HLt/kX4+6s9h+eF3bI9u7yfq1uX6db02+ujqwqwg5xq16yCwCo8tAaMutk9NypIr/XDN1FdVLje7cdtvYX1Qz72r9MFWyFXzivuw1J5q05s3SC+WyrvDyTsocaUP9hEubhJ1gJciwoBSVV8NwdKqQdpIh+sBtqGOX3IPB+5sGc97mC1EwjrJr7XCvlpts/95WLedo92mza/7Cse+XsFBXymvCEg7z7z1/xL41AGEu4SI1fX2+NZpdufpdazrGcj6tPJXt37VDr09J4XyQUiW95uZqyJcoCO/ZPWudNiHO7pbH0r+5VFaKFMv1jzedHeVbDZ9tvuXI96ddvKGoPyyraht3NxeGLo9Irj9+aj+Qfnmtv6wf7Te1zdH+nAYP8MNDpetdIn0op1VSZTavWDBRayn3KF34mTsEjf/WsYInnl9HAjRoKoCIZBlm8stz/M0zdMt59m8qKTL5fLt7aKqJZfpdr1ebyXPZZ7zPM3TzXO2nK0Ut+KWvRS4SVwxgAfjb57nnEvJLMwUMqPu7ubm8Lhz1qKaoTceIVT5hvHUW9i9TDqkWC5SvJBRiINaKSGoSUQGYwOFSGY2VWURogAIS6ClIhySp2QAICrCSCrx0PRgARJBRIKhH6qmjSTGwsQc61sc5k3UVJhJNPC/OI3mSyJEZRWzEmw/ImIWAuU8AUU1iSqzEkme5rhdle/fh2mcbh+aErGkYVBNmtIg33yGzzcAKaVhSERsbgbgUsjNbGZWlUF1YGHPhsJkSjaASVWGNA5KbpbYIBDFoGDPZu0FwYyZ2TXP8zQHrjkmVRYRFpATPNTcLZuIjMouIlLnZqCwFuNG0MQiGkkF3SACJmfWNCgRnFxZmQXwXAozNKWkA4sW88jyKCJmlq0AJCIpDSwcSHTSBGZzhxuJSuSDZHZUDYbd1bkswQGcODRIKaR3l9vOAtXHM6TbGUQsRLEIrUtXSYReWPq000477bTTTjvttNP++baNuPYla9lX4sP0xNvfOS59lp/l/xuUJ7QEJ7QAAwuX6Cw/yx+W00v1670XRGt5R6/7tF1ay+/8LPWxq09P+gmqGpt3/rnFiF8ob8Hk+/40ksTB+CyaocISkJv38dcqZmVOJCLe4IWVddFy0NxDLYg4UdAHqYGE3XOV17gt1Y7tXPTd2MXlgRU3ehqR3yp/1s7WLmOJoXoVWPWlPi8KWFQV5xhwJXdyryRCoMbBNhAj7rA/CapJj1c9Ypsdl9c7JHqMa6fu2HGt7uUG64anP5cXmic7bgG2PxkdXFIetnbuOIifut2psO4xQmwP4VnHqz2fXa/26uUKn+z+pcp/Eta4nvtlEhK1KO460+6x7U8NW/+bRnuMsK/BXx2G1eGnm3aMyUe1j4tfaIiWG8p2xyftPRmi123DI4xUdS/bL6OD2+L1iAAAIABJREFULwB5Uan263D3uGb3aPHnTncd2LCd+qxmKymxZkRETyB80NsqQkoORlCjSIikPgmdAYZnm63kMs/zdL1+fFzf3+f5Zm4i9Pb29v37d/rtu4rmef74+Jg+ru5Wcp6n6Xa9uhVyZxDIrWQrBVakwmbwEBfNOedcrIgKV9a7M5EVA5yrJAB3j78FW+flMbeMfSiLNvK9lZYqb5EVBVBKBlcSWLHicBFhJvPibkQkAoeYGxEFfgdSokhWh5CrZiYRFWYDzCybt061dxgih8caIY72AsgKPHJRreSF8uZKspyyeIgwE5uQOwurppQGIi55CkdCbmWgq7Dq5fKmv/0GuJU8u7GosIgIaeKSWKSSN1kIKHkyyJDGcbzQMNYXGEtC5vHKZ6ZMZKYEUhaWMYk7zI0AiVzO8FKmeZ7yPLlDmMADnIxIqkAotUNJiw4sQAwos7CyICBeVmVyZmEmZXG4mUeGyEgeXXdlDlg5lCKYWVMqeY6BJSYr5iB2gFhEAjo2dyKJsxN/ENMplqatlGteEb1lXQ8tL9L7q+7wBQhUkxG2t8b6at1WGPw5D7LTTjvttNNOO+200077U6zpnNFh/LkGfGsw+IW49MbPsmT7V+PkbV3p5/UfxLG/3O6f5ecsP8sflCfe/FOTl8+z/Cx/Wo6X6lO7Fx/4wQvtYi3HIz939fFZP+nI/5Lu66VyHB0XiLnBaffttqCaMDmJiLsERhjPs4qeukPcwYLQvAoCAPcI3AKC9tJs/QDhAWOox7dWTsMLtuYnW/LwEB/v3qDcjq7HoF2iKdQjXbxxpVxE4JhEtoBii7IuoONhTHwLPzy3wzo98hfBuYqTbCt3VMonjXLXo80YPu3hcfknvf16+U4RkbsK96SiY3rcugkLhBxHcBBn7AcsvhyJ0G6qv3ASn3Tvj9tXh/cX/H+G66yQFq+X7f6y+1Tcsltj8bgnd4Agd0DHVw6rQwEfHNKjq+C+oU9G53nH7ih12PClD3fZiBc/bfyhh8cuH7a2+9LhtXxf+ZmfbhXKgzp82O5C+OMXsca2S79aZaHBLyX9kWx29Mqrc0fvqrvB1yUmDGdyApE7BV2PWEJ20Yvnebpdr9eP2/v79f3n9eN9ul3n6WZWNMk4Dvj+jfOM+UNES8636y3fJnOzUsqcyzS5eeVcAW4FZu4eErulWClzyXOxUkpxdwEv3RSROA4AAyVmWWdrm3giUszcnauWZwUXBZXj7nAvJR6FIWgZWGEpxZhVlJk9Dj8Il5E7kBBdNC8gYggxhCrj0OHODgYzqzKLqiO7F8Ii1hp9jOdrLIlRFlYVERGhtrojMEPnFYHaKorHMbKKlLkQk2uCFWa1PKuqpmG6wkoiZhJVIhpHmOdSpvcPVR2GYbxcIOqzalIdEjM7zXAnkWJ0o2vS9O3tu7CI6uVyUeFilkvRpLAiSZlFiFhkUDU2gIlYVdXZzEqeS5nNjZmIjEjM3MyZeRwGd1jxpCNHykb3entlFlGtwQMHg2O0iEVFNVm2kouBhvECZgK7QyRQQCH4nLMDoURqlkVFkxIRu6OEBGxR1YCE53kex1GYJEDVmN0EAKraQMu23K0uT9u//XH3LlovqcCJ9w9WDqFUppYpuqld1CjJaaeddtppp5122mmn/ctYWyhff9zHdZcgRivfR4zXxfHb6PG658FefO/zIP5ML9ffx4154+f1OPzn8fCz/Cz/Q+VpSXTBxOf38/vL3+kL9fvPxuFbQplP96Unfh7Wp8/6uX7Sg30/LY+Q+0Fb9LDdxphcAzIRVUQPv7kHMSLChiXWsj8ItqMP9S5p5FDxyS48u6WGfAoNNilTWgFR2nYBbWG7tz9R33kRN93S+oRkwch4Yas0LKqFu6JvkRIn6JRWrKiZuqceJjxmurSY5pND6y34hkcReRDfBdyOkEJ6gCDe1V97+xgUedjtF5GqLdp6jBjtYb+F59f3Y9PnBU3ebF3nz36U2k/fHBHu6uyP5emRPjnqP9f2w/V3CJgeIq9PUJm1DjsRkdd51e+ycAr7mVzFQkESW5dB3muK8uqEKDhDwWHZ5EH94gE+UrxsWMmzI60de3xJvNSnBlTXg9od9SGKtlz99ab8SjOdw8C0uv7vEbi+d0cX77HnBwqx90e0uK63grtNj1p5/KTY1V9+yp0Dv2uo9qE9/DZbY+XHcvNZwA6sdyMwgRwqLMrM7F7IHVbMSp5u8+06fXzc3n9+fPy8vf+8Xa95nlCyWSG4K2NINE92/biOOg4DM0duujxNeZ6tGCxQGDOvSW4JiKRs5l5KmfKcSzYYyJ2cndwc7sQYhkFEGOzuTs5N/lpCuBEVmalHV7P9wd1LMQuyILObESxeCli4WDYrbg7AiUldVCL1ItiZiYQ4cvKSw2EwIhImjtyFcCcjJk1CTGKiqgR2AqmaavAwAZjHQ7oy9plZhEmEiMzciofEgaqwsjs40ijWdwwRZiYWYSulmDvRkFTaM50lGcApCeFjumoaLm9vl7e3/PHz/7t+uIFIfv/9LzKO8zRPP36m4TKMw+XtTfCtuBWa02W8fPvGxNefP0uxH8OPkvP33377/fe/fMvf05A0KRF+/PxxuVxYhFlYJZUUEywyAq5zkymlJEwx7CoqRNM8Z7ioDoOqEMjczMyo5ogWbpNBmSWJM5xAYHciKoCD4O7TdEvDIKoggFSEVVRVbrfbnDOAYfgeAxY2DAOz5FzmeS5mMYtyKapac0IyMeAcL41MEqParzyIpc7rmoDuWU9EVZB3EZ1fFdXX+muspK0bCe3eLxGeTzvttNNOO+2000477e9uLaZKh3Hd9m5Mr8WWd36Off5dvn8ex/7H+jm/n98ffK8MQu7C2ef38/sL3/GF+rQpX7P0fb4vnvh5WB+f9ZMO/ff7flpOR/2psdwH7TbGJNpicI64J3ocDkv2wErJsBqzZFm8NTvIkFcD8A0lqsEjb6pTzN2vxQu3ReRLJPoTGkmwIqoqKuD1P1RNODgRVu04XsDCWDFPAvcaTkc94DW4zcoM94giwwIjTJGfqKrTbYVGe8XR16CDbvi68VzJbV1Ww/XbA7yjL1+99SG7LaHuAb61wzVx7PZun1q74/xt44GfeNg4acfTaGpYfrRXLyJaVBweWluKsu3AMsGe7PgVgPB1ntPrtoHutujgYaNf7cnzs3BAqaQ64Jtr8045s/dwhD4GJYY7n+3sLDBSmzTU39R6kKPte3ioB+UcTOrDY11ug8DhBdjC1l+5lLuLt9uxrdioVTqJZXqEET47zvtGd2fi0UxYw/kN6wM/WaLRX5KPKj1iUaPrRj8mFbJ7ADQ2P1iwrUYj24hmdubLMC/cxMAI+xIOXeh+kOsaG9zLmRLqQpN4HgWsJsLKRA6zUqZrvt3KNM3TLSiD0/V9vt0sT2WerOSgAMILwa0wTGFTyTpeRk8VIMxzKaW4GZpyNczcrS0+cXhw9dyCUAhHS+/GzKzCUu9U5hZTKLiQFGxIobbChkka8Oio8qExdg0gNTM4mEhVVbVYsWIEiAgBDo9hbiBqvEIs6zYQD2J3JFaEnKl7UwkVZogwIbINKtHggAHFiwNKHBvjFhCwmQPkEBJicgDmQiIqXgeINDGzg0iYCAx3JkQ2RA9mIxzi7p6ElQcn2DxNblYyOV0ub6qJWT5+/q2MY9LEwrBSZi3zVOYZIk48T7fr+3sBOUDE2ZyZbJ7ff/zt4/3nMA7ff/ttfLuwyNVKkP3SUNcPkcjlcgnGJxENw/BdVVSYuORc79hMb5fLOI7uXkopeY60xSmxiJCzA27GBBYhR3EHk6aBmIuV6VZYdEgpJZmmnKciKQ3DGHkwoZrSMIyj326llHme3UybeCxAqkkkiQ45z0FYHYaRWHJxwJPakDSJEpG551xEWFgWiB311lFFQbtVVuttr95iYmlWxD7a+98yO3vC6yvrVE477bTTTjvttNNOO+0fby2m2n9fY7DtX670chz7c59/l++fx7H/sX7O7+f3B9/7HIT955K/7Sw/yw/L8VL93lo5Nh6et0tr+Z2fpQ529elJPzt4Y+d/idlWn3jgc8lBuERYsPFPbevBcUWsXxBLvYmoAUwOBPUgVqYTk0QWoppKq0YlqQ/kLnQ8hODnFsTiOgJ+F6Vt0aLlvwaEYRUwrLVXkGFdYN6AOqYaOY0QauhzVZW4nuTHXYQ8kuyIsDgzE1OV0mqRWTTQgmsMNdTo3FpA1XwN5cJrSLIGcEHkG25LyyuEQCh3rJfWm3Zmlsgrx3BSD5k1puC9B3Tfu/eY5UaLfr/2vY7k3aTeeHlgPS7VAZEtTN//2pzDQ1f9j7Un9fQSLZfxcqAH1+LWJ7beaEUsNhV36Np66B12ddjjegW0fnw6XHce2l/LzO76c9/3+vMBYPWM+XfX88/qtQ6141ov2rWk9hRN9X7L7jwYNl4v5eaKedfoMhu3W7ju3xhg1FZ2ULdgb3cQ6z3x/ri2Iw7e7tlVejFKvWsdu/I2v7rVB/1QPZ44K57XNP0Oa92Dc1xF+rYbuD936xmri//W/uymWKu0cfcpF/DuUGiBDLHfsmzCpqSdGlTIbj1z9VlR5xmoLf3o9UsD4aP2hAl8orvKud24AW/3qiqKSQRnhwgLsVBNJwvLeZpv14/3nz9uP9+n68d8+5iv1/l2zfNkZSZzeAGM3eGFzOrVwebEBskwToU5NCetlAIHE5jFI+uvmTfNUzNvi1zcl47WVHUaqBoMZgb3eFyYB9xIQmyxTsZjmMQBa1kIl6cjM5m7ubn5ojvOLDX9bqQgXrIzCjFLpI3jJlQaV2cwg0FOLsQOB9ziLIhIe9yBhAZVFXWCuRcTCVAzOsVcH7PwUEpobwP1EcwqTVAAcGdhBJTIDNi6HiWEMd3ihFqZSxECM7lbyTeHOROGYVDRnKeS05BSSoMnJZY8p3m6siZiBgtEiEVTEk0kPn57Yy/5lh3IU7I8X769DeNYHCKiw5CGYRgKMUtSYZ7nDIJqSolUU0366BBhdy8OEkrDUHKuS52ASIjIIiCQubsRhEUscgoyE1w0CVMpV9GBBSqq7HAjazTtuAREE7OJmnueZ7gbWwC38Z4mzOOoIjpPk5kFBZRA7pgtc2iNCjvMHMyJRFi4viAx4k0G7gQSFq+vjd2/6+qFzSGWyoEpNpy5vqaur8PLjeqF5TmnnXbaaaeddtppp532D7Sqzbb823kbX20BEd7GdfuI8TYuvfHTR3R/KU5OLQTzaf21lT8Wh/+z/JzlZ/mD8l0Owv7zLD/L/3B5b7/iB2s5XvGz5At86p+O/C+t7Mt7n0t5d4de/S85CA/bbbFAEXLyyL/EzFL1RIk4JMDcC5NCQKytEWchAnuN8ggq7zBAMGYSQqUbRPKZCChGMkKsjbcoEEAgkXBAHAHIysLrGHSB4tCeTxJR34BRwViXs5NTezpvLcC7mvCJiSRgQqn0CyyoHxEA4SAZFoAdkanReoCwxa8JVYqOnOBE0mKwRBFejj9LLh7mRgrsUiSSN9SzbpYlCL7MusdSoncFIcx4X5Ob6mPvx/u4PbPcTfd7sdCN5xWg7Av5EeGxq/L0KHYykAuM2v7siF8bwxKJXPByUKNOPac29vwnPnK+EX5cLsT71jvP2P70dffaws7D5g6xbjoAZA5BmvU03QMyu441seJ6IFUGc0GNGhbakEBeXVUFgLslGHe8tKplfN/N2iVZTkzrxW4g9jDeciPkHp7ejNOCtVe+8Lo/Y7sG4RClwwr+fmJ9tR693pRzT4trOy7ieqAt6rbzjx3/bTnEfU8a2o0e9q73d27XgiMUtuu9aJGdXkd019TubPaswfiUpv14cCm1wsq6xn0DIZRIsbZkYXt3IwoXW04m18GQii80fHAzdI27v9IKAxGsjyoikIFqVlknjq0GIkgFqGggCpFHhlu+3T5+vv/428//+NvPH3+7/vw5XT/KPLEbweDGbnBnOLsBRl6o8f0IShAYfEYxD51Mt2IlB71MVWvSvy7ZrVstqenZ2OHWJFtBIDi8ZRYUERCZWUA1YI5DI5CISMvzR0SBM7kj0J9SipktatseWBDqkpb4DPYhOaUk5DBARLgtZRFVoK4fklgH5M5WMd2QAHWvPkUkpUQcDaU0pFKCSelEnOFezJhVlVsXVNmcYrkSiEQCm3RyDg6lu0dn3FlV4uQ6wHAi5Dyb2zBeUkqRPZEIebrCsqo6KM+cNQ3DkJKyCImyKEcyxJQ0jSkNnhWadLjIZYAVdweTmb3P0/Xj53h5A5FoSsOgw/j27bc0DMlTJi6liCrY85xF3cVC0FWG1FijpZgXdxCGNJRSHBBmd6eAia0E787gBWCRUuY0DMM4ErKbFSrQNCRVVoC4FIhrGpWISgFxEmXiUjKRl5KJ6XK5MHEpbqBhHN/GBEPJ19s8f/smmlSIpimziIgklvpuw8yiIlLcQE7EKhr9jGnGlQnbJCuWdyMmSERFdBGm4IofOlFcgC/daU877bTTTjvttNNOO+2fYi12V8MHtImv9v9vl5vzui/1sbHODzMdltf6nbM7z9swxkH9XT+pa2VT/2k8vIVLnvl5Hvfmp/7P8rP8oDxhxdXXz7oq/Cw/yx+W00v1e0i6lWPD53veLq3ld36WmtjVp0/6idVP57/iWi+VY8ELN/1p5MHjdlcWXuBQLRBeb/Zo0p0qWi/Zhs/1ceTGBsE2Gl8t8gQJM1icvYvRV4/9F+4Gta2k6XCzZS8i2goYagSmCQwSiAMMYXdSCUpDrIJvSqTVy6J6WkOcVNMTqoCIyN2IW6JBJ1kETH1JTlXJjrS3GoVftUzvamxHYA3oL6MnvJDvHrPXjv3uQa/gcsZ56iiYj/Z9Tgb66rL+X6ABHKN9d1De7vHx3NrZWu4D1fOjdJp1r3tC4Vft7vgfDUgL+m9//lqjX7Ee8Y0bBe7kFoPUQiuJbB355/Hczak8qtqnyFtBqt5D3Xiwy+7LnrHXdeKu7bgWGvXpwY6C4/JHdt8BbH6GRGP70VMa6/34s5nSbrGf96Srs7mr9Ld3cMP2qD2nDna/O7oGvd2hg7u27h4E6yOqIo377RUah8cj6w5pX+5MIMAIQXNaPVVZ6XUHq/1uvYoVHAF4RF8cTrC2UoQj61tSyXMWQhJJwiqkhJKn9x9/+/f/+T//46//68ff/uP6/tOtkBu5sRkDTE5w9+wIDM/hDjf3Yg4imMc6DVHVYUiiSkRmZlbMDIDZStSr8tjBU2/aoUzMoEFTvYO5WylWbLlXADAzM2MwmES4HvLWQvyzPfq85V8kZg5tzsUbb59NQM3/153UdvcIrmEcnwixMLEpLXcPN3czMEdKX1WkNIxDonG8uM8555xLztM0C0hSEk0ppcrTt0KUVBWE4hZvOa1vaIuKyMxDhzPGs5JHVesxmJeKxXJ7EmrOnjPcISqWNBeFk6hqSpoGYRUR1ZTSZJpYEkkivb7//CEqLMIi396+6zBYyT/fP4a3ixMx63B5y9P87dv3y9sbmYHYS/FSMI724WkYQoN0ul1D/3MY0nS9AR7vWtF/d08plVJKznAfxsvH7TpNE5j+8t9+L0awUiaXeH+DsdHlbSCVQEWvtykJp5SY+WO6MeugmoY0zTdhVSKYx5IOYYZ5RqDUKWczc6qLxzTnIswil7dv3+Z5LqUQaBgGZgbYG1y9zIplyZS3dQlSE0XWiUdcb4Pt/SjyXLe8ocTMsbbspXvdaaeddtppp5122mmn/cOsLqqucct9XLf+s3759/WncemNn01E91fi5C1/2+f1H8Sxv9zun+XnLD/LH5SnDlfffJ7lZ/nTcrxUv8cU9vXxQrtYy/HIz119fNZPOvK/MgVfKaej40JjEB622xiEVNkUgWjRooIHgMjd3IWZUaOvHFAaVi24DaKwZORbnqEtQnmAdixrzFfhvQVh7W2NDK8lm6NuIp+9lmiPde2+hw4qNv5A3BgwrSH3BiG3TDs1dNsxPIBYR+/cUFJexoj6U7wAdTvUBPc/625tv5UPxbsz3W9YnTDWRqP9blHQ+h7S+eygg8YCa/pgz0hpB4XLNNgfw1MRxcdun9fp2W+f7rvZsSd5da4+hUm+an13N8y2R3YHi/Snco+eHTq4r7Nj/D3f3dvVvD2Dq7OVjbbf0te9H711MjxsG/u5u+WNvnQAd40+yu23XBT7EVsvgV3v1hvIYfnntmGH7o8StF/7tz2QL+t5LpWXOyIRlsx8KyOQ47bTY3ZH/NSOQriDBBgPzljXh24LH/G5uck5U3+vx67WcqOrtPR1gUrcnL09G6nNVF73joNlsDu8UdRhbu4GdxC7FziU6TKo5VzmaZonWP54//n+428fP/7j+vPH9PFe8gR3YQLMLXvJBKiQBLPNYfGIMAu10HhygsDkRBZMSTVj5spDrwChrUqeCybXkLw4BAeENYh7gS2icTebEGhdKlOhGl/vbGaGerrJintb5lLhtO35ip5Unl59sDpWjnArjpGu5FZwFfb0OviyvN4sB0JgbzilhxQmC41DGlLC29u3b+V2m+acDcEA3K9USKqRgLA9650gwiLC4bjyPaseKlV4ioiwYlfB1wRgFlgpCaRYZOYj1ZTSoIOJqIiopFJSSsqsFSNkVk0k7A7kkoYBRMXs3+S/EbGzGPBxm8r1Ol3GSALIIprS22+/ASwEc5unec7TMI749m0YR7iVUgBXVRDlnG/Xa0oppbQImEfP3dxm8wby5lIul4umZCX/x1+vb5dvQxrhTF6uP39MertcLkkTyMidiFCyWUYprDOzhnSusRTzUszcNUlx84KU9O3tu1kGUS6uOsDY4Uw2pJb9UqrmBIPMzUtZ3h6XU1bX4QT+B4Z645JLe9cJRm/A0wyXJylRTzvttNNOO+2000477Z9lHYPwKA5ci2hf3tXcxKU3fqgrP44zP/reR5Vfqv95HPu18j/Lz1l+lj8oT+ei0dN+yb44bXD/9RUPd3Xw9NuB7z0C0P2/27rZF/eb9rvtC1f/m8I+8lpDstxAwlX5rS3/BtjcQKSkAKqeF60K23HldnHnhWywCECuHI7DQ98P2V1AfxtfptZoJ9Fdg4Xu2yD+Ag/w1lXPS1w18VqxCINko5HVx6KXbIQtGWElaHZwHa+R7P7Jv/BXn8E1PUZ4P2LLkfBDB4d7cv83P4aauBu9X7Bu1dTOyScO/wg6+GvWnZ0D+9MfQw1w/UcHPmt6vi813PKK0VN07e563KJ5h1RU3l4om01P+/cHBu4hKRb7Pi9N/aGJ9bgjtMbNty1sVgA8nJufsnt3tkd9CLtxXOlfu6fC0dNo01U82IyDwgXcwsqb3B0I95jkSn3ftMF1MWa9E3PfBzS+WFOl5jX12Tq1mgY1arpcYQbBYV4peiIU6fwMRPl2u77/vP7423T9+f7jx/X9Z759lOkGmxlQEWFyK2QZXiIFWxDQl2eELWgfdxM/8LNSAiXzhgvGQ8jb9yC7755c7rDAeJwBWLFFmzSo+ZsFMu0hLCTrr4bDRteiXiklmnB3VY0Ha5PYbpTBxrbldW1Q/1RmwJf2o1f1laIOyPZUA+5cSgFAwkQkklRVVS+Xi6qmOZeQQi1WzNxcKv2SWRgWp6wyGH1h4y7PXV7STZIzpbpCCu5eISmqshExpEwEk2VlRAVHvXBjEKpqKklCX0AGYTHmqiaQ8zCOLAKich1JhFjcLRf4dCtDEk3jZWSRlAYyY1WbBxZ1M2LynGcizxlMOedciqq+vV3IfZ5nK0W+fTOzaZ7czQ0EIvfr+0e8qThwfX9Hscvlwsxlmm7FLI2ianPJxUSEUYbLpZ4IIvZsDi9ZNOkwsCaQgNhr4mWIai5mbkR0GS8ioxWzgszmVtWQ432PGULEUvN6cpyLkH9Ak6jthCfac8jbKoy2fprQMMI4p/EyeZek+bTTTjvttNNOO+200/6pFiIreBCeaNJF262rTtvzwieO+10e2+uZUb4ePn/o509xddppDyw1utOe9rDPVniWn+W/UL5kvuQ/7B8v+0HLU/vIPx77WYU8l+siSHYt4FxrBp1852fBag7brdW5kgmppcLC8i0iOGZWA3wS2QeVBVt1xsrfW4JHNVwIb06wRGbvSCGrC3pgfFej4+bTBpPcCjOuIdYt5eW+DjcGDTMv6FmjGjKTtyhX6NhhCeNW4mLfz/0TMtgjtIaneY3e9p3pleIWLbiD0fgMGNsuTTrq0Wf7Ptzare94dL76RVXrt7/DS8Mj7Oq5caeWufP2p/XsS/1pY8N3Spi8u25/1Rb8+9Gm/ud6BR2yR49cPNpyB/PHX8delpn1uNVXWZD3E+PRPFlWHrxAcN24WupjTVD+ea9WYuaR4wU8Wb7fdZ+Xtg5vZQeHtiUdPj5Ve5+go2PqlhXcXS+8cBzvm1qOvcuJuO9z93DoBU93SGqdHg1mas9AtNyvddWI98AkN06ogwKyE4KKkAh7lQYNmIOYHDZPt9v7e75drz//9uPf//rzP/4KKwwTN8VMZEQgK+bmXshdoxPuTkyy0MsrBLew9Pvbe2iZhgxjL/gZKF1AhiKiQY0TWQrhKKhIp5uDICIx9B5+KkmunXcnSOXBt20VmFzodEtnAARA2EbPgSozTi0Vbre1x5QrOS2+WxMsZZH+QRApEuNQK2nSLS57Vac0xrGMl3EYR7AAyHmepjnPhYgoBkPFAutsXOY4el9Siq6Ey8q5RBtqd0djNQJG3Ai1wmiKAKrJrLgbFSZmCb3RlIqkEBVVSSqplFLMRISsWB7TMKRhvP38wSKiCcPooDyLJ9UhUR5ZuGjyPJOqk4imy9vb9+/fCZ6v14mgqsUsWxHmcdCg3bkXszJP8/vHz+tVxzQKEcze3z/GYRgvF2K+vX/k21S+f/vt+/dR9Xb7mPExXi4lGzEzJy882U3SICIOsBOKg1iIdEhMHm91Q2JmKdampDkcSXUcBiZ32mcKAAAgAElEQVRx93kyFYgS1VnRLsU2sdtUJA+uKlClRZd3gOUlk5YpysvtggOiB8y8pqP9Y2uATjvttNNOO+2000477U+25V/mS0BgjdNyv73FXblKf9K6ZpSbbtJOQ+iwfK2/xnQWP9utLZrSl3TxpC3Osokb97me+vJNK7QvoaVXr8XV+an/s/wsPyhPq5xgwz2WWmf5Wf64HK/WXz739fFCu3js53DeLnKdj/qJNYHWzn+3751/HNevftD7J9q1i64/QEv1sgJWEdHsEKBla40VutemG/TW1n1X1mBgZr3IKBzkDSfbYnj3sebgCfQx7liev89EWKUzK5zm7pF0qXdVeRXm3dEtD2bsMjNx3+NoooWp2nAHHEgLOngXc4dUrdE4YAexgwWCmuwyxLiYPNbbc41ot7Xyi14cP8Xh7qQ1m7rpiiRsV9+/CPYcO6f+xeLFiF09Yc9AiS/bPSjyOqrHHUWt3+kJzHmHYPDmBau9mj1ivt2Vc//XArXwImhZnWHdnXvxxse42WunZCMDCdx3eweu03JFgO5RwHtGMOOTufFwqDe/fJmru0u5h7B+MXDsm1+LCu6Sa3AHEjYAYlHiXP4FwHFqFnSQ8Tm3ryGuzwBCbCsA0r4gNJFftB4dXG/j1PO8aXOlLztSO+TGt1v//bH2f9/P1ig1phkap2vNTVtbbLz0w05TB+3E8IM2E0eou5cB7f/o7VLLl+fV+hSvewSixsH/Y3KHEQrBYLCCeZpvHx8f7z+v7z98nvP1PV9/ztd3L7PAEmMUApmVUoJUFUxEESZy9+Le6HFODFGObi14WP+o3+iILqy7yu1bkwJSQw3r2pIQwfZgA7JwpJ/zSgo0i4cdEWIjmMAAg0XIGQaE8icqEtk3XfMXVgzHu6UeHskTKzGzHWY0FNkB6tngzY05HoXdTABxjKDF9BbSEKg0s5xnvgkRkqZhHIfLGxGHpsgi/U1EiNcDVWZSVUJVaXU3B+KB6iBmFhWAQGxAkNsCIhUmZgqC53L6VskDirFsJ0g0Mk26zARmEpU0pKGUAgenYZ6o5JumYby83T6IiDUNl7eLpiFeXcbLJceME/n4IenyZiCQXL59/5uIqg7j8O2378bMKoMIMV9//qycPKUyz6XMBCdwKTMZvJgQMVCmqZhRzsygMpcbA2AzEPKtlNl0GJQd4g64TQCVYkRiRiC2YXAvkgbWJKqkqiwQ3KZJJTGJlfLvf/3r5fLt29u3cbgQoAy3bKWUMqeUVFVT4g78FhE3RD5rZwD1TYcbs5YIDGdZxnp7UyYiYhGOB9QpJ3Paaaeddtppp5122r+W1VgrH8afub7j8jZOW4OPmzhtlbtZ/dRvTQbnMC7Nz+PVtYcv1D+Oh389Dv9n+TnLz/IH5WkT++O7z7P8LP8j5Xiw9Rf842jrYX0cebgPFB/6qfv2qciWHIR9/Q5lX8tBPa1w778x/ggt2c+RQlwTFmv7VAhQRAi+hNYd1um/9XS+zlb8cfNl29ZeV+1R5jYs+UuXHXckmCNaYX1KVmIgR+RxgQiFBYyakbHKjQo5GawdTZPKa9HEhfizNLlsDYU2OIMdEDRUZfXURhuOGvzuxvmACNgf+zPDr7HrXnNeK31a5Rebf9jgQbLG13fvZ9Qj/49G+/Uevujhns51jASjwthRZdljU/Pl5l6ptpty97v9EYnLF6pjTap6WIPXqs/HeXcuDjmU8brc0X83REB+PMcXXHDHz3vBHvV5M7HXDq43twaD4YD9et/6njjYzbfnXV1QmD1PcXlBw3KmjnffopI7gNAfdZjWFSabTbs0sR4YIZaNvp4lLABloBLozmy9R4tUHhzccpm9GLkzIiNcnm6zlzJ9fEzvP8rtWqZbuX4g3wZBIWNkAbk5rLIGJambuZvlQgGJ0KIVSu0xwBsIsM3wNYNfnNd+xQnWu/eSCxCd390ikuAuboZul7i0pv+zpsFdm11yH/aXiZk15mJ9EDPVV46+S92DFZUe5q3P5HGBsEhM4iWPLyr3se+Yt9SARA1hAmDwuVgkVhyGNI4jgCbnTaICBzMJs8NKyURk5sK86IRzd6/wKgREIR9KTKqL7KoHwB/bVXS91og6P+5O7hAWZSrFKcBasnkubs7MaRhDkTSloZRxGEYzBzCMF2JKaRBVB1++/0YsILFpEtU0JHu7CLkkZZWgLE7zDGZVZRGRydws5wyguJAk1qbgSSXPebpNk09XHcdhHAc3t1JKKUwyXAYrl3EcJakTucMMIgM5e/Hp9qG36+X79/HyRsPgxqwJYPIiyqpJoHma5+k2qI5pEFYii0kR6DiAUF3trliuZ1OEDTVTopDqQtx0ZZI2tsBG6KDNYgn0Hvfo4WmnnXbaaaeddtppp/3zrFtD2aIL6/ssb/7ntbB+dOIqmz2YVp935X197ltcX6O3cY6D+rt+9jXv+/Movs0ri/Chn6OS+37+PeL8Z/l/0vIzB+Fpv2ZfnDa4//qKh4Mg/rNvB74PQLMOLgA92PfvmIMQviQPQuOArPvXEE4f0vQKV/TM9X4FPjZw475HT5PJtRRC3AdJHwnObQYa6I7qAKKsy9sbW2IFBUVqwicRIUT2QQTHKtIvETl4cwojTU43VvCO/tI1fQyUrgPL62no5WEP8A8cHf8TQ4sSv77Lq34fQbaHNf+sdv8URw+fLVj5YbWl3Xjf0/S26wPu2KcHTW8GY0ueX8cKm+3dpuUy2hxEt1LgUbsPsBz+JOtfw7zp7uazOcqHI/ryc7wRm+PXuqChQgaP/X86uxbO7nJj2fWJt0vt+oHEU0Lk/8/e2/ZIkiRnYmbmHplV1T073OUteaRwkEAcpPsgSIJ0//8X3AESwQ+kIBASCNyRd8vZne6uyoxwN3v0wfwtIiOra6Z7dubuwnY2O8rTw8LfPdIef8w2BxFeL0ZT+MosXhGuiW8eQd2B55BvVN0TW7aBO9guNot7fcfHGnlEO70wbhR36tqQq8p4H+DIcdwSEUHXKOzgFnI8MbFTxaLZqEYy8xWYrBI8S5A+FOclAzrYm4EdSUrLkuZFUw7MUQLM0nWZn58ta7pe83zV+arXS14ulmbWJJbJMmDqACGMWVi4uCeFs6R8Q7B64c6oO9GxInnGTllbb223e5YP7w4QDu3iZ1lEeLU3FnRt4FJy9WoN9QZS8zNDw7OKk3ECzOn4ZibCAImIh2mEgYcSqqp1h7Dms9DUhAUEMy3PFmfnSeH6tz5u45QIlq0go+zUMTNjJkpCkkTCNE2n0xSju65kJhYJcZrIindQs/YzGcJS4+j1KQCQOVWfyotKdQlADbmkirkSs8GadyAuDP8C3ZoZcTAR1eROV0lJDaYGEC+zhBBCDDHGPE3TybsuzC/MPE2nECcQq2aWSMyLxIfHB81xmS8vnz48PD3FKRIziBUWp2k6nYlLm6jmnDMZRQ7G0VSh2WDzcn15/gRoCCGfTvkUhdhUs2YRCeGBAhtbXopLViYxNpjklC/XKwcxXcjeRz0piEJkCQICLEQOMeI0+ZjXnCSQkYUgHGLKPgoymAfeKFfi7/DKWDrdhKVsVyACSe2gjsEWZiwxw0BmZAdAeMghhxxyyCGHHHLIL0mOGIRbPV9F1SGH3JHoyPStB1JUk+aRfqT/+PQhBuGX6seb9Tgr7RX9uK+nxC8EqM2LEoOw6mzccb7RQ2MMwhv9Na6hm2HcGVhnKWwAPzKrh73LBiCN7sMiKP42UZkeG+yu2+G3LKUBCGyICK0zN/PoDUyxNnc3k+CaQFMMlM3jaKVojBihW5i3lnuYW0sFUiMzNqaiFWJGJWg0jHCEBt+67HnjSz/7s6Wjdf+Y/DbgDUOL/hhi3BvRkd5Hd3LyG1HKm06/KdA28YdWaSQUteK1a+lN3//lVeY7ajclGm9fQ4IbDSsO2qBu/0WLiXiAYjytBM7cHw+bKXObo/jYHACGVUEHSKK/vg4ZVojWKzEp64XdVnVUPuQdMY8bpZ9/7V3VFGguSx1kKEDVzcQi2ncx2jUNf/8IgHDMuecieBfyW0N2wC4Jb8u6e43XuKqTm+4birQae20Yj9BlofA1whAaN2x84mb9Z24j3XhTKr+/ewp9pdFKvhLQjwhQX+UIuVbHDEpS4xQW5GooIcxMU0rz5ZKWRNliCCoBirwseZ6X65zn2dKyXF4szbYseZmXyychI8s5ZyE2zTAFiKRErmV34wkUph8PzD8daoHugbVBcb2R9xbVsQvarHSqOw9hM4XESseixdJtFK0mVrGzHuZWxAP7mZlp2YB8mjS/uk4J5MpxNKKs2tmPXBmEmuHkvxbRkGscQhHfYTe1g8HM1AyASBAJADkdsECBImZZNYUQRJxdFyVOMQQCBhgsMJMFEZGcc04JNbag11sgJWozF17jcGCoNK8T4xzSlSFynkOizHUYCZJxSsnqlAkyiQgIOSVSFokhh5DDNJ281kuCiKimOE0iQTUTuXfYEORbSnyd5+eXy69/85vzwyOYlpSf3j29e/9+CkFh8AiUKZnqFKOANc85pZwka365PD8/fwpBzuezMV3TfJ6mGINMQbNGpshATp+en1k4TlMIEzQZZEl5uVwMIFO2PJ0f1IhCkDjFeFKQTDidH3/1/mGesxnyfJGTsRDHKYSgiIac1WxOmk1i8F5mJuIA9l4lFM+ilNSESQIHCSUOZdnQfAgxE1t9A20g74EPHnLIIYcccsghhxzyy5IhBuFg4+VmO+IeBdDtrj0GIZUogNUeuxMvcCd9tA9Xu+5az2g95nX+rXV6k/MH2cN3ylM++Y16+FX9R/qRvpMe+zl0opvPI/1Iv5d+7/pOftym3951L+V1PXv5ca+cWOvBzlN27h04G5v87aPmpFVOWpenWx5HBh6VIqH5ePI4QO2rIQCvDMbulV14a8JGJ/TcgxNGQ/Pa1XBlCQjf5myAH3FHHxsESOQWzlIRN4aiW5o7g9C/LfwPqbUXMivIYoMSy1PNLdJuCDYYaqjF3qRfwoduGCF3ksf2K1pjM7cIxI98KNENvrXK8CWPeEsZPqv8hz79x/XDuvt+cH132+p1IIQrFLRl2TrUxTfTak23/aGFWT2iDqTGqqnTnHf1fDbxcw1Yob5KZnytFmsK74+Whqrw2mHpfi3qX7vd90Ondl+m7kB6GzfOVBg5oFre7cGL1dL9mcTi1vIGkh4hJG7b0H4duSpu0elWpLea2e6XBxungW33BK0IjKs8Thos7C9DBQiJjEgJSn2kkhB6i8HD8hnU1JQMqjmnxXLSnNlAIF3ykpIl1aRkptfrfHm5Xp7zfMnLrMtsaRYy08QwYR+ijja5J0XzXQGAquWcs6o756yuOGuj+59rXmB1mbl1uz0OFWYOIbgv0Orps+Rp+GLrxe78k8zH98q9J6FxEUMIIQQJgloef2II0eExZ3OZkcOCHuVXzUDUHJM2gJCJFACMiSWINeIjQMQO743vD6thUw/utDKUwUYEIOfsYRFjjNM0ecrD45OweH0Ds8RoEMvMQZzyp6aOPo5ngOrezTBT9a+8fYrD8aIwhBKYcOiLHiFSc8o5TIGMNJuZgVkoMPvgg1o2WNaccpqmiZmXeYlTyDpNejqdzhIsSGQOZvbxw+9FAos8PZyg+fL80QCJUZdwfcZ8eZ7TMk0Ts/gqaSJMzMYEenx6nOJEeEjzZVnmRXOAPT4+CsFyVtWXy8vH778PMZzPZw4BTPP1yiQwYQ5gFigMy+WZLJ9Oc5iixMnykviqJDTlSDidJ55kWVLWrMpC4XpNRhZj8NqZWc45FaR2CgExTgBpXgCEECWIGdKysOAk0xQmkKOyLc4jSRmG4qhxzkosIN4h7h9yyCGHHHLIIYcccsjPKOWnLg/21X7dGIQrC62jH0N4JD+Zu85ZnevwxsJMox7GXnpL4Y1VuZ+tXpVz8IB13479hvR2PH7f1v3F+o/0I50oUvWn1j6pfnekH+lfmj4wCL9UP96sp7P97ujHfT3lnsr2o84gJB7zdwbhoAcjg/BGf3fm10zS3OGBAp8RFQ9qVuMQdQslFQuPWd2L/DE1FFRT1WTECOkWtCiRe7s9vjI/UBx+3bHLF9uf1/UO+rgxwjL5YXZTsyBCRE59EGYSMRQDohCzMEgAYqkAAwu5ObBin6Md1pHHHd9xhA0EMqKYpTdRoj6tI/M4GZBrpMWu9raa7ZZ7oNTGoWtZfPcckg53ta9qAYDqg7FzkirEtSJiYVBHe0TA1be1iLdTZcPuQi8/39w/aNrkGqmY1HwVUtuN7kkLON0fPZwdo/sKCnJR5hYNMQVre+zcNcYdrNhZ2RfbW1gvS+fzjc3RR1S9oaITq27ldQ/V60K2G1OZ16Oj31ieuNPC9ahc76016tmHDpeTZ9jp5VYIlMa5Ke6gngeUZfOluw2moSPRv1zJtlOGp6+5fcNU6sHV7s7LoQuLilHbLSzX/ZeUflrp3QCBryCXbYR0b5e9klwHSRukvTgjGN3+DwKhuAYdfr+0lXp8o1u1aUcQt9/vMAiHAytlpXHIyg+CAIBlJ8wVFnzdgCyrwQhEJKamKeesZCbMpmppzml2b4aa83K9aspQkME0p3lJ12u+XPNytZygmUxN1TQzjIjNCjMO3GPKupPMnC27q0k4lqaqysTCwkRmuiwLiCREX/PRCKEOxvfjLPVUSMOo2hEV4sDDMZ2an6kwy82gWQFqIOW4TQAw8+9BIkQd+nIcTkSyKTGJiBCSZm7oJhFaI9+MN4dBjVjYUVobv9XKOPT4guMphDIgzJjZt7kYI7O0Xwi+8QmxmlIiZiUW5msszgDUysZIQQREQZhjECUlFZbKGy6PFGZigRDgbkPBzCLc4j/WYlRvsbWMPnMV9WyRMjNLEBImInMwVf1LRyKZlMxURAyaklZtyhKn6Rw9pF9xPyCEnAjMQsISZL48a1piDKqaLi/VFQDHGISDcJim03KFmr5cXuaXTwpQCPMFl+dP18uFmZ+engqmKwJV73EWIRaYhDAxi0HjNFm6zmnmhxQeHxlKmZNC4kk1LaT5FJhFCMKwrFN85BDAgZhNs7NimZnM0pJmJOEwnc4sAiJVmGV26mecACQ1m1MMIYbAHAgmgUyzGRxHVIMZgyQne+395pBDDjnkkEMOOeSQQ34WGa1AxdTR7LSjHa9xoTqDkKn9fFsxBbvuvfSev9ue+s/A1bfNIrpmEFY9a5xlZTdeMbeG9NVTbviI1Er1Nrs6v6r/SD/Sd9JjMzzc2pmO9CP9fjp+WH7cpm/tlnt6cF/P7rgd7aq75cRaD3bKg1v9wEr3kH+8YfgYnouhPG6ZrTyGemcz9VfzsRaugNSpWkEZQw/pN4Al/qUzGYZwUPdJTmtoYggORNVGOMATG9bFYCq9b1Bi3nhiLK5C3WTpMZeIGolQIGYlqBIxG1nBKMtqVTC9EjNn5F0Nrd0t+ANA2Nghq8+hxUfQdDCz9qe+Tj9q9dtghKv8N+w0t1Pf7yDHenoXt+oxtxGJMWtX3R6KMeG2VKvyjErKvZs7y0hdAVx75aaCt93keg1X3NED76RbSsNn9fDdv+7dc/OMoUXHmzYDYWiTnrGPFqxPImz1rpy8vlq8O99hWEGKlvV4Bd+p/eYd4N5jMOS/UyjsItDljbUD2LQq13Y63Kv3MPH2wO5x+bxVgfq63lpqfyJvnlPnfutE3Mt/Dxds15WWyB1Q5nv3ovHeBlUgLoHDbNxqynpwW5jdRkClEu7UfVvgsrKBiI08kF5pOILBtB5ggVkugfoKrlNwUMvQrKZKCiOCZV3mvFzJYFnTslyen03NyZV5WXJOeVnyMmtaLGdYMs2mClOYgVitPLPWmd3ZtKplVTMwc3E4bWZmXE9qqmbV7PEBOYSRBdgW8HH5lXpOzvUTFfo8C6OxBJvT3IZp9Z2cN9S38R3E4Pw68zMxIYTW5maWiQLgTlPd1WM9V4AN+785j20nZI2ooW0VB111aPvqdoz6paqKEDGT8PhWZKZmxiRBQgJDhIVQTzlJEC4+BEQCCbO04KMsjVhZi9Tbx+sxLEEFIDRzwqU2uNbHnIFE2GCM4obUPLSjR5wEWMjMD1hAtYCSMDOlzGSWWYKZmp2CxIDYuJJ2yjFOEqNlnuc5hHA6nYhoSYt7d4eBhWOYpulkp9P1Qqqacsp5ISaw5aTPnz49P78wcZrnx8dHCcGYVfOcUpxOcZqIGSTCiYjM8sPDgwfNXCyxpmmaOAQj1vlKIVqa2TLHiUMgCSxBM53CY4gnMKWUrFTVPb5aykqUU84xTiFGLc3OziJVVUeCH84PUwwxiAibwpvIjFXVQCBhphLv84AIDznkkEMOOeSQQw75RUn9BbFrf97EICzp5VD6+sT5mkFY0cEtg3Cln9dPvbVXN9NcK88dPRtT0lbPG9PbUXB8mZ4j/Ui/nx5psOZXWzYKI+dIP9K/PL2svH9EPcT1cPoPf27xbk1Amxd11+HP6hk2ih39ReeAbGE03g1GW961aLeUTYQhDFIt0Rvq0lbDivQzkHHKn9xJVa8oqRvtyvpcDuFIi961NsWugxH6t25erJ7WQATjwjBwhYWH5JBfMQcXJ3klzTx4YUDlcA444br8FYvpbwYbC2whTzLtmdFvgpndTRwfyXfwrP7cLWFvT8seAtD0fLkD0maMfsVK+IMehJuK/Rj7Y0Wy2rgdO+W2MDtT5k6Gz1QEr+Lfby/+Hod1t6gtUyMqbYbftiK8t8mv3z3Hb4a3W+x9f1PyV5DBdQVvq8PEDC5M371b3tJxZczz6hF7rffKtMDm79WfNLbITusQ6BWAcEfhVn95fe8nTRg9sOXwU4YLmNq2habHCnoPJrYGOQ7FZHT22E07oAFe++V0TGBY65wt6jpNoQ6mEIFMmUiIDTDNlrPDXTnnKUaRQMaasykRKBiZaV6SpaTLPM8XS2o5pWWZL1czIwOZpZQ0Z9Vsli2nnJPlxWwhKANkMJhRQEHBOjXeYKod6htda5paSslUiRBCsHrUoe0R7j+zn7BZE8SbP9K+2qiaWmGySd/ImrvGjYZCi3cX2SISqhtHr6+qiEzTFGMcb1RT+Omfyo9vo9dZgL3z2s9LdzRaQSApxDGpsTNpDE+4kVZ3M1uWJQQJMQrH8cXA9wEhCBiUFcJG7J6/g/C4rbOEEIKIetBF5wjWqHdtxY4xWg2sOLZby1AZ9V74MiGlsj+dpVq4/cMa3kqCGtSTCwEQUM2moGSqOSf2/qh3GAzQYCEv8+VyEeFlOjGz5swiIYiqppRjiA8PT9crp5RFZDpPMXDO2Qgkojk9PkymuD4/s+np/ADmeVlSSg9PT9P5oVDYIV6G+WU6TVMMUed5fv40TdP5/HB6eHy+XCSe0vnh04c/yHSaHs7nx8eHx6eXdNX8/undr6aHB7h7diClxXmywgTYMuecdTqdYEQkWXNKyQw5KxNN02QKYTmd4sP5tCzXaZpiFCNLWd0TLIhCCADlOwPmkEMOOeSQQw455JBDfjYpFL9mjx3ZCM0vV7O7duRvlV6dl3SGYbu+b3/e07/Oz6t0Wukh+ins4W+ySx/pR/qPTI9UTYrNOlXsZUf6kf5V0u9d/3R66AvKP9qKSzoN6a/rofb0Pf1FJ9aRkDZY1GB97hWpfMGyyRVm2wDOtTP7DXSsmxD1MoHQ9sHBJOoqmBtlrTu5bt7MiiG7KGRbW9O760j/0w12DLKRRoD2lTCjWDNRMUIJjEK2IYCRiaolsZap1tBKExYY1QysMCYEIoizRopbPYBKpSGVFuTRokavpGXD9ZjGa1yjUDZR8nH1yFzrX94aNtZ5Hohv/p6A1fd76NQ2A1FdskfO1z2IrqSvIY03yuiBtvdIjf54t9h3ADYf02bF2H0beW4n/2vJcKQZg615LHm/YTUkb//ukFvVv65an5Db6rXZu09Vw2Yu7Gdo2MIwwW+7vF+MjN51PcZirdK3ZwIGdO4Huo9b1WRnyJWCVXIzVvdR4e614xrrY0oADasBBpfI2DQyU/WruX707dmFvcqBALPbdBppqSP66GcKhpXcfzbc9tfdHtwkMtch1/eWcW9qBx0HMNjGlV+CVE+ktQOZhrCC46aBgYk5bGFWmmddVOeeEYHEf2mReSzD1hse4pVYRUrEspzzMqe0LCktMcTz6fR4PtP5LESmcHDIUs4pa8o5JUs5Xed0veY0IytMTTNytqyac0ppWa7uTNuhHE2LaQJMmKhFmwV5xdzhqLuKcT/VCsCMiVSNmYRZJHgYxJQzEU2TiBedGWY5e8hCbSH6NnjzuAxa213QtiERCU59VyvBb8FM9bAOjzOdWQILMbMRKxv89IuqMItDZV6AsnFbwS/9INF6mTWgnrSoW7RvDj0goZTNa/RJimGYjcNlQ+t316FmhhrpsJ9AApk3ABFKfEGICNcYvcREfrgnBGMWVSVHmASBYP0twoMajphli4PYzkKNpQNATKUJJXh8RXctW9zt1kNU4seZhBlgmBPizKmmpKomIaguSRdVi1OMYQphEgnz9TJfL6qmat+8/yZOJ03p48cPIcj5fKLppKrnaWLmtFyMMC8zs0z5BFhKmYVjiMnHsMFA1wuWefHjRSEGaL58+vByuTw+PsU4EZBShmq6XgLzaZpU9XQ6zdNkRNPp/PDuHZK9XK6np0fT83z5+J2qIjw8ffPtn/z2t3/2577yMYhyOj08noIkCVmVofOyXF5eWAKzSIhE/PL8SSScTucgYZ4XAsjOU4hmNM/LPJcAlyEGkUB7e+shhxxyyCGHHHLIIYf8IsR/DnX7Kjd7LFdix2B35fEXfU8vP/y7Hm4Rou7bn3mrc20H3tyLln9dzq9rD3+TXfpIP9J/ZHpshsTmaG60RB/pR/oXpaOm8xfrx5v1+JmKV/TfuyYwuOwVaPPC94Sqs+Qv5u+1HqoxCHefWw192/1uZb2/hUC4BRH0bzoHhVpYpgZVpyUAACAASURBVM4gBN2VcgKm2N3bjRvr/8apI6pVu7tBXOMkXKmRY7y3qqrzBcf8DSZ0U3cLlYRqChcKMq5WNDgtBDyiVUkxBwgNYsUiadVdG9fCF+svRtBizR2sgZO4InobY9ngRXLzzU5S/6I+YtMsr1riRsD4M4jUTfo9YtZelLjXdDpJ8zb91s3sjipa02TvPOKzTMTVpBgxjz3hoROqjXl7x6bftvnXj9ywPteF+TFy25XjOBx7au+sAD773BVON0DLu1X4nGCY7Vvb8dBtPmPK6/LYnWURbuXfq/iKror9Eu72eavp60Ddzbxs/b3fs9235PqObS98rlVX+deE13We8otmfcdq1pih4EPERIaxPM7tays5sAEOmWr0vu5yuS6jFZPs8QXdC2bfoEAAw5jNck455ZRgYAMBkVgAUstImjUvKaekWaEghWbN8zLPc56XPM95WcgUqgR1j5xIWdOS5yWnuW6apDlrTmaZyZxzp2o5ZyPxJvBWFBZ2bqoVgmGpmgFEZqZqlRMptcKMFt1u6Itbam/zDtry+R9mcCAKzAAboKojOa8dp2jMfhEW4Rr70f/jEAKzELHT/pz51xZbqKeQrDd9a+FCG3DosDUVF5/uQJXB1enmehcYBuHuEHV/p6ASuZDrwR3XTjXYYiXWExGxstbhy8xg4XaQpfoA6EtHfSsIITAX15ebSeFDd1VqgkfxKwd2iJhYypknLscGClLoY3WF53OfvArzcWxJ1aAWLAQViSGE8rZh+PDh9zHGEIJZNiMmc9DxellARCwGmBox5bwAxsQSgsECU4bmnFXNcgKRqmbF+eH8+O6dhChEl+dPRBxEYpyIKeUlmdnpZKqWFwkxm8Vpenn5ZETXtMTzOZ7OEmNWi6eHPM+UTUyJ5XQ+n88PMQTWBJZAFKYQRNJyvT5/khAlxhgnIknLfD4/EkE1M1hEYJaWRQK7910tfFoP2ckhRls7yD3kkEMOOeSQQw455JCfX5rfkWbj7XbayuGrp/+ZuTKhylnmlT12Ey+w6eG7duNq113rIe75eZ1/pWeNs3y5Pbyl8xvz8y8IFzjS/wtJjxv7Y8MDjvQj/Wum71zjDXrwBj03+Qdw4EY/dsqAO/du9GMv/0pnzY6b567LUwT9As2QOEiPLeRbXt0eq/9NDCVA03QLRWyhmI2JfFwmeOeeVxxLNhLkSL8YAI9elsa47xRCsKAwYopdkgqgLEJiBq7mP+Li+dTNgnADsXXbdxUzkJABgn6CpxnWCzVkA360bim8S2yAsHWNBzP7K028+XbACHfBDAwKNryWlRV7tw9Wzxl6YbS53oCUr2u596y3wI0Fa70H3oyQ7OfKUC7LGAU1k/9Na9824Kvo4LZE5dVyeDTuVHMoFrYpa9mC5TeAxOar1l4btW8E9jqEX4c7VT7w2J/DNe91wbgk9ZG+8hPbH7SqV++CPqPuqK43jt81rumq41+ln34+cQB820dLG1bqftNK5RpP2jxig5veDnjUNWesz3CMEONlvajd48+06kaZnI7dvysAYenehn71DWcDEBLg3KtONDRfIloxnZTtW4EnqaaseVlSSsvCQJQQJQgIqikbDCnlNM9pWTRnMmIjy5rmZZ6veU6aEqkSzDTDlKBMZDmnZcnLYjlbPeihqqoZUCaYEaDmIAbBQFaY6CQsLMzEnTHvK7zCTEsTMXEIQuLYo58lgRkxi2Np96dha/jWbQU4BDGMzbz/CtuPqPm3bBhhdXRDNdiwtW2nnT1xPAmEEEL93s+8+P+4YucEgtSCjNMC1JzWcAnZZ1RCItrIQQTTayvPahgPO+XwNRynpgLRcQkXaDB4xEffuI2Lo9zWflX98K9zDYWl9C2RiFg9iQJiEWp7dVm+yshFiU7sp0/KISd/awKXs8Nletc4zR5aDwYl92VgakQZMFPmPMXIEohYmC+Xi4icT+c4RVPN2ZgtiMzLApBIVJjHwvQoiTFEMkmZATJTVc0pZxAANVMjIINwOp1ZGJqXZRaW9998o0k1J9OsOYUggDJLVrte2aNukjA/BxJhYQrh/ftvg9HFiDQDNJ3OT+/evXv/TQoBLCQhTJOE0ynIwyRLzqS+yoRTFCFjqFAQ4RiEGMtyOT2cCFaInaZq5kcEUk59CT7kkEMOOeSQQw455JBfiFTrEcZfwt1iU6yOKzstN2MGxp/H/iN+4D/wkL5nly5HoW/SqebnlWWjYS3bcvLNvT/Orj4cg/8iPUf6kX4/vccgPD6Pz5/kszLX/nh6vuSJ5d7BnFtArrfofD1n1dnAA6cYwM2PDdPhkcrg/5DTByqHcBNbqDv8bHetElbnbqhtkKsMxGPKG8CkMYYQ35jLu5pqPwVANaeQoDgULdG1Ks2Qq8nYIxm5dRzMQSS4M7NqNHTLKgEEIzDBiIw6c7AxKgt+CiIyp8WUchGXEEfU3KgOTcRjNdeRz24ZU3dDCPYWwU0f3W/SN2JCK/0bVcNDm9e2XQxy94ndxej9Qr4izGyVJnJTYmwudqvAFdpC82U3ovBDazcEjFbVHByE1vR7j+P+Mkf+HjfmvNcXeLX8n4WMb7XhJhu/cSSsS9LcdzZb/XoYlusdH7c7cCGIwZA7hRjg57HwTRGv7mt/3EJudwcVVre061cg6hXWV39OUEETVvNrKE9/597Ali3/61jgbqXKqY+xmn1pZl+2i6NPDP8Mt5gqYEQgkptYgyCCSPHjPFa77gDszCpU5Kg9puVyV5mNxsh1+6sB+/L15cWZxMGXVtIENTPN6q1mSoCSGrLlJeUl6ZJSSjklZPU1Hmp5WXJaVDNDC/anGbCUs5lViFIB86JWqAvKVo6CmBWymjlAWDpX2EEaqFrOiYUliITAEohJ1SmFZRmMIVAIa3Bx1YMjLtgSzdyfKUjzMFBLwD+qW3TZaMjIz7yA68Nr/Ly6H6mpI5nNxWiLeigeprJz4UaojQEYU/8V6tcgESYqjkadtF9LjhDc+ybaaZjNrMk5O7zJLA3qHKP6FdiPWYjA5cyOo27Ff7ixWr2HmSAV0GWR4cerqmOiLKKZTA0EEaH6UwQthgfBfQ94RWtfMxWHqlwP4Za7iMF11XZfpEQGiATxseSHVqRQDNWBQoLW2McyTSGEEAIxKbOZ4XpdCBAJxJLSbDBybqcpMcNyWihrzilP0xREYOb+RWOcnh5Oanb59P01yNPj07und3m+aE5sjy+XiyPc83x99+6davGj6wOVJTw8PQH28vHTvMynh4cHCSohgaBLSjmrxen0p//it2GaJJ44TGB+/823T+++effbP/3P//x7NQgjRHk8v39+uZDlh9MjQCGQmea0EFsUDs5wzY6ckqleLwuBQoy3K+ohhxxyyCGHHHLIIYf8nMI9XmC/divrbUq3x9Lnc/KrNl7avQs3Ou990o2er2EP/1rajs/jc++zxyA8Po/Pn+ST/uh6vuSJKyvqcP0mna/nLDpHTombQwuNoqSLh4OiQXbN0102aN9eILpb8Om1iG6fA4FW6CAPjPt1NDuP6deCLfle7aQBXgGHZIwQgpkxiRNNRMRVmVkxgA4Boqz4ZFMP5tTK75oNJsXNaGMWmogQjCAAmvJmOd1th7FGrVK9K4fWuAf4vRIy8LY9X0eDPkNoGzRvHIF+FmQareGDcXnrYvSzFdnwVHafOoKUr5eq5cEm/16NUH3r3YJq9x5Tun7Qzxso8W3tdlf/Zyq3k3+3Md+CRK5hLYwuXrdMynuVYmBD4RucWI4dz+t1rmnch9LvV6GVsAcovT8T25+bWbA7Elo5K4FqWG+HsTMCcrsAIfe1HLcP3WUQbgBCwwqdXbtuVWf0lbf8CuCtSlsxpX5Nng11vDDqsQiMXd32svKVVbyyQe3GzqsrjDVyD5W+tGrOqlmzIheAyLKaKYygcJejpuoEOWYOQsIcWIwoqyJnMQsxwiynpJZyTssy57RYXswU5nQpqGqLsEfksfDUzB08iogotDLwnE1pRMxDSFer9SdmiZMHV4TByJjJ3YE6/CZSQCyr3DURyTl3OLYw5bZDtJxSYOn7XT35QjVubV85Wj+amap/OR628Oc66mlVnDxWvKeO7x4OhZatz6gF1IXXm9oW2UbVuDWHEKQN4r0B3OaUiHCI1PbWtkUyKawxcOuOPaLwqMhlQdsav1PET+CU2qiq6yZijwdZTyuhouD95K8PXBZikhIdGQSQ+jAYZpmX0/qMU7UMQwgiFDw4JQmRETOKz9LijTapwgwicj6fAMt50ZwlSAxBAgMwVSZx6qOqMrujVHLEmAlMatl9z9L5FIkoa37+dA3TJMJkdr18enw4T5OIIOfl+eWTiMQYiTnlBKKc85IzAGEJEq7PNk1Tnq/L5XJief7uu3SZ4/kRJBwExHE6nYSMw3Q+nx/fnR+fLp++N82nh4enU5A4EYuBOHCKnHW5vHz85ptfqWZheno6zcs1KUREQpgmtkII5SiyLItqpkMOOeSQQw455JBDDvlFCSobkIfrYve4SWnmipVF907Onv66VZn387xy73jX17WHfy1tx+fxuffZGYQ9XNZxfVx/xWu3+/wx9VD1Rv0jnlXu9SXd032yvEXnlkG4zlN0mtZAL9UCXycjaE+AGwygSnPuV7OuneitlBTXo5XESMDKmDgY8UGgDcj0RurYTfmK6bdYSOsjRp9s/txA1fpvBgIZuIY8KhSHjly5QzYndtjItjSAHSAkVqplZmZAiM0BS2eibChBI3B1g83w4DsRvbnb7Vu8qoGZWOfbNk25uT93hZ9tGJ7rYGZvchn3OeRyk7iLTv0gecUV7Y94RKsv9tL34dI2UVv6LQq+V5heqlem4f2CrlWsXJW+SUP99v4KsF+F3WJguAG3heAh26gSIJLi1HdQVLmIY3ZejezGTOMWjrSVGu3q9qGbOXjrGPle/977c/us4mazz9lG/oXTt25wRqwHS41hOgzFz3XQ5sLBtfZ8Xt1hBYKE1TXEHela3UTqjRUGrGW3gkJxgwet4LiohTYiLu45CeWWkVgMMvECFt+MZjBTg6mqppQ0qyYLiGRsajllzdkUppqWlFPyJVjVYCrCUwwP54dAHEUyIeWUbdGcc045pbxc07LktCAvhly9Q5v1KVuWTAfNmEjIwGwOJZrVkKht7FUfmigDjzmweHRaVXOml8N05kHvzExWjkBvDjTUDh7X/1zPsjhG1fautqVKCOg9Pox+P+bjQGg7wTNsuP7M5iq7EKXZvcJWL6GMEiTS3Q2UYVwp7BW1AyqI36JtuEdQEWoA87DLNX/GzBxCFBGRUFKHoV5DHhaNTvo32uxszN4D8KCA1Hj/BlKzemTDiWrkiHDO2aCDN3Rrby4V7DZiNiMWCAdiYvPpicLKrBV0eJitD/XiVtRA7KetSEgayOpea80g4v5mMS9Xg4oEFmZC5KAENaJy4qQAhO6l1h0WpJTgETG9n80Hrg8SCEPYClFVwvd/+M5rmXNKaSFmhU2n6fn64qENs+o8z0HCFCZheXw8s9nT6fTN4+Plcp3VNCUQP757EglI9vLxDxIn2CPBNM3x9LDM83R+CGGSMIVpCtMJhsfzxHySEKCLmU4xnqa4LGamYBHmEIIBOSsM7989XQIvc9pd3w455JBDDjnkkEMOOeRnE+5sP2Ye7LSd4TfYXanajWmVfnvvSue+/XlPP250YtA55qGm52vaw7/E1n1cH9efu+4MwgZTHNfH9de8pj+6HvqCZzULck+nN+vsOffyFJ1mWnPKymZb/gHxWyGcG0im3MVD/m7uLJ+o7AdsOAebR4z2x88AP8O9q0LSCtobC9+YhWPxHO0zWHN05jcaeueX+E+oZJPqnK1YWyFWWITVuOkFEEgx09ZOWjcvire66mh0RExLIe+1wG03kVA1eDPRTuvdBDLE9usx+tptF7ziZfGVEIa7eW5b4y2adzP8oHCJrwvwmXBI49M343yb7XVS2obUyL3defgWb6DVuowNtHpQf4tdl/BOwagW5rbAm/utMtE2RwXKvGDidTVvn1yfZztnC1aYH9UWay4QCaighKMcbdTXtujzaFU5bObXuIYw1u0I2v9jgNUxKi1raUM2PCcayQ4dIBxWA6ZNSVERn12PlP2pbcnvjUIF8G04EfVM9YGjH2kupbNCo8IYLHD09FhQzsYjpMaRrgcYQVzgFZCH/UN1TwrpQwZaB3vF0UxVTbOqatac1RJB1ZQ0mabsBzJyyvP1uiypAJ+AaiJYDEEflhiC5rTMl8vLS1qS5mwON6bFNKsmsuQcPyrhYEs3WI2cVxcf0mzGpqY1CmD5xYUCp0nxuQ1iFioAXhkOgGXz8Wxetza7x6C5vlFshtOwCKDgl74Z9UMbnUaH6pHY1vMLFemy6vKSmIXFM5l1GlwdKe3gDtcwq75HoozM0rU303Al9XcuMOy8XEZaO/TD/WyQVM+i/uZQSNgFDy3IntP3ufo9rRW0EraVy9bpvm65RA4mYjaAzLgOVGYymKnjtyWMoJlV16fsJS2Yus8GViYh9u4mhyCtHUlgJqn+Ts0IVlqkI5TGoMaSBQAojApj09FiJjNNmUQsBAlBDGpZffkQEaFQeZsEIJuqWc7JKZKTSCO/qhkLe1BDItOcQCRCl5dP3q1ggMSBfTCWlLwals0BQovGRkIWYzhPp1OQKxRKljjl/HCK8Xwm4uXyfHp81IWumhV4eHx/epjz8jCdHsEync7nhwcjjtM0TSdm+/Dp+zhNUc5pVk1XZokiU2CCMROEwHSeAuEUfsy5oEMOOeSQQw455JBDDvkppf5eLj+a6+/24uil/CZrdlceI2v09Nt7Vzr37c9Mt/pvddKgc8zDTc++/h9nD/8SW/dxfVx/7nqIOTGaAo/r4/prXY/kkF+Cnjddjwyx8fpLylmSG4OQK4LV5yRQjI0rjHCLHYzMP8fhMFint2DU+uYG8/AtYlEXBeHqsfsGmqrhvPxwfQUpsfOslR+2Cge21hh1OqvDAGc8BBYwmEWCeMBFj/XUCReFmlHIF6P5vkCMLMK4Fa5W2E2beBEbFNdBstqqbk3dBTt3xQMWbWmAQ0OPl/u4WmEHMRGRrDDC3acP3VQOgPA2fTfzXrHGfeLOjZ9tAex19G6Ge/eXf+97gt3o2XRf9QxIdOdB2zGwqZc3AnN79u7Q3VG7huf7LcC+c9T7enY7YlhNhpLiJrGuJitY6u6jsFcWLnbt3VuqC9/b+wr3raxLg7fkW1e9vQrj4tnJi6vjGneKTkO+DhCWcvUw4ZWg2T1zrtDBWqeVdusLy03HVRivnwrZMCatsMjKg/rc8hhplR84jrohXOAae6zuRa02be+1prD4EW3tZp7ZqjtKA1n9DeNbBTubikCmZKqqBjUYVBUKyrRcky6m2TyOG9R0Xq4vl8vlYqosfDpNUDXNi+nzhw9EBlPNaZ7nZZ5NDUBKC0zJlMgIKiGEyhX0MH45q9PEQ5AQAjMDplmzZZLS+J3D7eyyggkyjU4jC5BYmtrUDEqw6gW0R9fzYyiaNMQQJHSwECAmq8dLQSxBQghCTIBBAbjr3bZcqCoRih/Mzhsnq6xHLqEnASFhNkNKybfEEKJZUuvbef2XWRxPdIXG7aRLhd4Hf7x9XSp7+nojuZ01zVGqu/suWyfAzEFEghQo1owI7RzP6JcbBiZAxuey46EyNLKqUuFZVk/jUDUVFhYhQNWYrUGbbaDXGcFQM4JIf9URKadxi7NWNVPzh5c4xUQkg39ksBHIoMUbeXGUaqZZM8ymKTCXEhlUF/VKxRigbjlggsYYQZZy0qxEDqhDpompckylAP2aM8NUVYRFZJp4npc5LWaYzmcJMWedl2vKGqcphKim0xSjBGE2U82JgQR8/GBBJERR5OdP30ug9/zt+eFR88w5KCzp8zUl0iyMKAQmA83pmudnsIQQYpzA8t0fvvv1r/9UNH2arwp7evduCtMU6HK5iITIIpGQL5EpnMPdpfaQQw455JBDDjnkkEN+FuEhotLmetfu+prd+J7On8L+TF9Jz89iDz+u/xu9HgDC0QR2XB/XX+uafmF63nS9/9gvK2f5l4kM6Dbm4iJs4AlIM27RyK1pdrf2Z0MWKy/QY/5w9WZXHu9Q3V3Ip7g2Y1TMsOoDjfhAJdJ5xKpyIsahqApMjMQ7D0fku1gJFGQGwCkXLTAhhiBLIJBI5GJzK6ghs7H79jIOkYpBnIhITXNOIUicIhGMDEoiAoLCo1WBPBxVoYxAwCxSOUqlrIPzNZR4XGYVqqhtSAQw0J1QVsLHtuINHO1eAdHhYH8KdYs38S1ZbliriRhWPNChmEabe0TuxRB3EFfLNJRmt9+7a9bxsUxcnL21Tu2m2jbqhjqubm7PKfQZwqZZuqG/+Fx4VUZfDUNRXkEWe0M3IPM19S0P96kydmLrHd7M7wbDNCB9AOcAaz3RVNW6vFLscj1+wbhdiEBtLLVi37hR9Sht7JQ0gvcseLOU8arc5RFbUHvLsKIKT2xBvRKODT2j9zFaq3ZiIFpDlvWtcQ1R9cPRNXdVyLdraum+WgUrIw5GlVxGRN4VVjwc9nefsvKWBvU7qZP2Kj8PpQLbIYdKcmpriDPiGmYIIlYiIwZBa4i1RtMCUCC35qyyPbZ7EC1YoIEA40qr6tO6Nq0VxJGNzJiMGF4YZ9sJEZESu89ENc1O24pxMiNThgmpmJJly4tq0pyyppznrIumOeWUoaWBHd/K8zXnbKbPainNMC2FMTV1LqKyu1lUVUtUXVQCEKjHqwOYzMsKNYgwqeWsDkoVlMiKx9XCi6uHU8BsdRHOplxdPaK1iZpadpoXSx0oTtpvC5Sv80IsLBzADAcZ28kdpihCRL6TmYTiN7K4h/VulToLqceD9ARmBoM51nML3ofMYkYAFW+oTOw8vkLWK1PYkUVHLn0DBTSrOjYWYzB3xw2GIbD41u/8PGERERq21rZ3r9eAOqOZgnsUCRJD4MDm4B7AgEcy9JCaQYSYIAwFDL60ucdOr7iqiQQRYpYYJefsaLQa1AFWEWIu45ZB4g5KiwfXslxVMj87Ic+4UjLBBG68xwooMllZecHMEiV67cwK2svMUzx59EdV9dXRh4SpsnjwYxFmCcEneM5ZOBiBSEUCKQyWVc3ULBdEWaYC1YrM1xSCMIkxBxZmGGxerqqaVJeclmV5EuKcvFfykgIhCAvTy8sLn6Z4OhllP1Mwp/T8/PHx3VOwSUHZ8j/90z9er5df/+Y3Cmiez49PEmK+fEwxfJgvH0P4i7/8767XmTk8Pb2LMVIm5Mhxeopk14/E+quHh+syXz/8Yfn04eHhIWmO0xSnKCwgLPNyE4XzkEMOOeSQQw455JBDfm4BRmPL6prHPP2G9b1v0LOb/0vtz71wX6bna5XnuD6uP3/dYxAen8fnT/I5xOT7I+n5kieWe6vhHzuRBe9/vp6z6HQPYyVAFjM1t5YNivK4Si3IUAUKRnbUng9St1QXphtV3KvZ3/dYaO7Jmmq4HRod7TXwb+RvDbDELavmlkHYC9ZTBnDIwT9PE4dGpaBgbpkXshiisXpSMdgX4gvISswq5xWKFc+KKzO8ue9Q8RhUkEKAIDbyU//jUZweFak7cOOKFI6IWcPnNuggKl5gxb4/GvSpP8zHgyMfKwymvabwOrGCGTwCQqgoSxtEaDgM003L7/XU0GGl56s9foMQYnPjWoZhQz3m1o4v01e1bBtiL9fnyYtD1tf0v8KhHFP26IK98YbpsCoeMHbrrYfPDep5q5rqSC5/0DCT3eLeRsrGlWd5eouIhqE43NeZwWXh4FcV7UxAi9i34iWuWqkcShjmQl/YCgGvFwDjg1ozAOslp/rIBBmz++e02iq9wmiRBWtZK8wHEMDCYG4VRQF1epPTzYQtXjp7nD8ATCVOX+vfFk8NJchaVwFonyoAO2JHFb0rXWaFHmUFX+Sx70pxCyxKbCgaBr4mUAuE+lVDE43gAKFDL+ZdqGZEjlaakQLqrh81CSgQJkK0LJqwzJbm5P/lJed5uT5f0jI7VGTFDSlUc5qTqgIGQ06LOzgFDGaM6uNUCAQ1rec5wH6IgyAswgRAxAqKW4+D+GNiJAksQYiFUAFu0LB1UveG6VAQQU0NWg+smKwHHDNL6OdUemRcLmggETNJ/at4/5Yd1vuq2xsk7ruQ+YGbtsm2ExEeNLLN7YoEtl21+/Zst1dn437UppH6G5WQUOntaIdOQCBHB5lYTR2DFpZ+NqOeJBpbppVC2Nl0DHbnohwk+Obs2ChXtp/z5sqEKT5Toep0QKlEwDb/V0tOowmiuFDtLy3NtWmZcezgLMN8fFn1miyFpE81pb4sOfuyenhlmJE7C5XyGlM5kQSAQiBVHnyIc93N6nyri2LRqHVAACAdxtKyzDFOIqJqRKRqZkoKLVEmHZpMzOL9aDklduCcgQwT05zTwgSiyMzZ8uX6whK8azQvz88fRYhF8KTCFOMklixdbKGs9p+gTktNzx+m84mIQoynx6enp3fff/huefn069/8RlOyJSXT+eUjmKbTKU7RmywvqR0bOuSQQw455JBDDjnkkF+KcI8X2K+LQeQmpdtj6fM5+VUbL+3ehRud9z7pRs/XsId/LW3H5/G59xnRLYY4ro/rr39N23T6SnraNW100heUeeDpVJ30Zp2+g92UZ9BDhdcBkgredaSCR6bMCgR4szj4JbxOalp5lchUscj2PZo1r8srARE746gc9/dlpfpVq81RvmwuSZupvpkFRQggMyEycmdfIDImkSAQMTR/f8XCvgIC1ZQNIBYqQKCbFLnmZSMRVJtqM0BycQY6YDiFUNnMqbUi3AeG2+Qx1LSCiD1DY2KtfLgOjduaYA8/Guli3c/lquVLqRw/9sV8bb/uON3qEatM7TncQzXvFvd2MLoxsVpWVyNsgLW242Y7jO4J+si8gwiW6boKxDU2IX9YoAAAIABJREFU9au2znVQyZ2xXag2wGtg3k3KbTfx5quhk7ZfbUrTJ1jpzAb6V+95pXsAKRDUSsfWY2Z7Ad6MwDoT0CuJpoJoWB8GfW2J49rT3D5bJuslwrAcUp9b1Nq45eNaBKucx+1CQs1szyUq2oBGuMJy6qASj6onzZahj9jq/rG4Em4MMEM5POHeMHmMQ1YXEWthAACqvkFLHi70QQMpdRIiCphlDvpRG2QFbQKhY4oG1hIYsmCiqF5GywXc6WXlm0tBBwteWAJFmpa7GIAyEyAw0QyWEzPDSBdaZp0vebks82VJ85LnnJf08cMfclp8OmjOOeesaqppUW/kwKKavXvUsrPNRARgqKIGeuTGJzUQs1FdmqkO7trDfS44tFXC8PUTMqiLUePViR8EqfhN9XhZAUIujqXdI2WjnTFzCKGtm1axcBEpKJmvhqqr0dn3ascuKzURAJBVYVYf1EayD0xGPcVRd/wODfYajwsAEROFEKieGiqgJjNLb73hLQXOt5NQELLi8NPdClC5hV2J9L24OgUFEbFwe/UQEWGJIbYhvfJPLsTMHuOx7sk+dKVGFrQWrLE14XA+CW2HKLBo99FafBfUZam4XPWHm4EcZyephRmGDHONL+rzitTKyQBV4+on3Dlznj76RG2jcDwE4eEMCeyOfJlJAhsJnB9b90E1ZXMk1XImVTMo+8rNxMIiQU2lwM/ETJbzYqhbkakm05wJZuqs15wTkETC6XyeQrCcL58+hRAmloupSGCRdHk2UEr6z8/P54fzdDrHMLlrXA4hnE6/+e2fzc8vi8gkWFIOMarZdZ7Pjw+kSReRsDmAcsjPIAD+w3/45//8u+8/fHi+zp8Ba0Xk4Tz96lfvfvsvvv3Lv/zT192eH3LIIYcccsghh/yXLf7rpJgv63X9icLFiNvsri0sYbuX9u9d6Xzd/sz7eV65d3zWfTv2j7GHf4mt+7g+rj93HTdEleP6uP6pr/ED83/2mt6Q54+p85V7Qc0HIRX3hdSIBt2S1hEs7m7pRktiy7rxO+qfNvgjXR3UryyFZqVrJjlam+o3z9oYIDrFwflqA7mw7FmDKho8XxYtImjwkggB4t7A6jWT+6cDMYUQnImiqqU1zNQsqFlwUovlrABJCBKgqsIibn0vlkSDByUsCAQ36kXHSBvnjiu/osKEjSlU4Sp0UxqaI81Vpzs0smrb0hCbSzCLd9rQwtxZK+5Ob0Rwq6W8g1gO4bgrwaa8eTUczkU1CGccaug26RWIyCxjGOTa0bWClTlxZ9jXsm3sVnf83N7RcT+GY4ffVl44+U0zkupIf0051q5NbyMv3qKGN1XbecbAVf1MNMc9tXXScYlVN2S17aOcdkXFKW6ZyEP9eHBt6+Z4WRcGnwN3WxfUocObNudVtgGKrgocnVq3QBkhZkaju9KhBG2VK6sBrcaJo+n19YYqPoFhpHdPt2UCt8lWHUj6IY5WVEZZPLjBe65zALmGZ6nXgMovCY8O2BZmI1Q9Y1zzAgRqpQMCUCA39iERV+BQASVSYiUYoM40ox6f0EoxSMkScQ+PCLhjxcCI0MgmRtCc5ovNl+X6siwvy/Uyp+uSlpSX9OnjJ9XkPZVTyinnnM18vTVhdvTIPYKmnBiGKBNHgHNeDOaDvGEwFTJkMjKzEEZghsBEwmS9f9xhpo8fx5+AwvxrUfR8MIsRiQBS+wHunrqAY0LuzNWppUIkLFFC9yDt1DRf+Ly05fRBaBifmQkRecTcwulDDWnXD52M6567+gU6Wl83j4qsD2j5ONoFFb0L4mPOG9PBRxDMiovdhr+6cg4VIOxnaAwFNoM78UbFDNtCF2MQ4RHqE5EQJHhAQqLiUbNv/cTBi4K2HQxtQG0WF7/i9XHDslkugzTWIvedlNty1zBcDqHv3TAishLYuLZkVW6lsiM2CTK1jOyDp4UrbszNvkxZA+xQov+SnzkoblFFgrAwKJupZarUyxBCjMFZlT5V/SVChMESwYikqhzIA21OkZwvqwZ3GEtEHMTMlmUB8PDwEGIU5sAUCOcpwECmIMyXl+vLCxE9vXu30MX3ghim5/ny+PgU379/eZ7P54cl5efr5dPHT3/ymz89TeePf/jnT8/P3377bZiipuvjrx5TXmA0xcfn5+fT+WE6neiQn0P+3//vH//+7//jkvIb85vZy2V+ucz/+E/f/d3//Q9/9Vd/8T/89//yJy7jIYcccsghhxxyyM8mvxA79nF9XP9Xfz3EIDzkkEP+CDK4uitnS8hodApYoxF2Z2Kru3dcjLY/UV2crQ/FV0NkpQrcYn6rR1Qj3dqt6Ppxlbi/KZvXrIFpt4UfDYUs0g5KS71m5kbr43r+vsRlLOighqwWFBZgZpo1h4LVUTRVY7HBANrobv6I28ap3QFmJ1aQeaCjoVV74Q0j0NNti7xdY7sfs5sHDQ2yUuLYnPtJbKHYuNtAaSwPULmiFTTsjyDrrmuHTuQtikY2hOsbLblqzUUq1hXsFd8gbR0hLrjdD0ADtzJgzK9o2bT866N69957X20w+LHZW+LnVN2jzvwAGbu0QcKtMA7xuwPJG8jTB0bro4YQd9YbBjohy7ZsFXgrUTnvlB19lFGLW7lFCtsyt6HKVq991ZVpgzFgHgrOh+yARK4mdQUIK8RWgJcCQTXosYJ51k/eoX3F1Aexc6QIUHPWcR9WlcFXnmZ1eUYLPdhwqQrpgQpaZTUCohMKjUrJrEzdCmECWjJUjNAKQOj18YIqkYISFYzQaORGup9mFICQODNlwCwXvl+QM1EEEYyEBMo56eWSLs/z9WWZL8t8XXLKOuc0L/N8zXlRzQ415ZRVtU4xAKYgAoUg1MnhagZVNiBrHqengyK19Vvvt/4gIXICH4kww5GlnMu6LX1taRtjn1Bc+YAOpLXhJVXqcgTUkjjYZh49sgbHLePDQEwGY6IgQeoi2Ldjp4AJDSwfFpGm2ddVMw8CCGuL4jB61wdH2lpDvG4ZKwS4Us3g4BQAoLhILcgl1yYqzD8DxRiZ20a2dWfaIgG3edcZfANspgNZf9xHaK2kHy4Zpk0DCMcuG4BAdEevQ8useIpVRKSVq3hhuNlb+6GBWh6HHt1vbEMxmXlk/nmEwjKcKjxchlqZ71yhfishIUm8Q1ULattQ8BEudTy3rg/k7m2ZqxJmYxahEELOqmohhNNpCjGAKC1LSsmcHs6l8oVmuFhgIlDOlpc5SAwhTqeJRfKyvORkORGT5TQvy3WZz+fT79L14fHx3dO7SPbpwx/8sMN3mtTAwi+nU8r5m199G2W7bh/yU8uy5L/+m7//3e++J6Lf/Pqbv/iXv/n1r795enqQV/vCDC8v19///uN//Mfvvvv9x7/9u3/43T9/+F/+5786nY5f9IcccsghhxxyyCGHHHLIj5Th50TxbHtcH9df9XpAU34Ret50veY59usvKefAgCmQgzU7YDN/NkyG1sIN3UEhTo0kv2IuJ6reCEd7fTWyF09XNXP111Zde70maIgDUTeZVyNfsxm2Y/ijha3Xiit3qZn5zFiErHD0iqNRgIiCMJcAVAVXcC4F3IeXqpWgWOaxe7whjE3VmNUNdkECxK3PjEAwiAiBJITSQDKiGUyGxtETNBt0o31gA7cQ7fjerB25QeLQ8q9wIzKqOOB6lJQGK/bawvKqYGDrE2tF2ZpKW9HQPEqT2zXR+osqyNsMqsPI7ZhlJU9sxuTmz1UxvgAbXKm/BWh/oIJXkm89u/Y7Gm301r/uaO/erebA3H2tOOPicaegW2ZqpQs1e/3Y2hiewuTBrTZpfeRY5eZUcq8S93iLTIRGeao04dvuR2UO1sWpPrrDHR1C7rSw0ZufFU4dqJK9rFriq9W+1pE65lpa1t1/tqYogGKNh+ZuOKnhoNXlZp0cDVrsU87hIpTQpjwgkgV1c7t/oecOgQDJNkhhVdXoTlaphA4QGsi8wdGCDsJAiqacrY5CVBqaESkoE2UiJawckFZCqD9SC0DIDkwKLJgFA4TPHtcN4GXOl5f0/Hxt6OBymc0AtTQv8/WSc1bNZmpmOWUYWDiGyJU/V/w3+5YENdO2fY3jcxil7bIQ1RyeoeZikokcHkSHc/q4cSyn+u+sA8uqp+HiPdKvQp2lIlLjIFKQUAmI5ITGOg5ABPFwd0z+dPaNg8ZhRpU5WPa24kPVl4QQCn3cvNeHcVlIhH3zKNz1sjW32dmAMdTQesWRtTCLMyLLCSEKQdp1mYnNM3IBhCNLedfgUAMNd5+iZX5VxBdExKG43ywB/7Dy1Vyh1vK0zQJXXzuKWt/VC1OWhyxlnZDVetvROFphhHVYFE+xzCEEn4MeGHM4p7K6sWtAfWtCP7nk4U2J6hYrZbniHh2yLzcgc58CNQgiUWhf9fYxA5uHPi3jtnVWOS7AUpcNAOAQKkArIZS3wpyTsmbNILBwCEIGmKqm4CMaYKhpZhIm05RJjAEVysIwTZpzWuI0+cuRMV1fPkx60nS5fvpgRGpgkTidLo5rhhCmCUQCWFrokD+iLEv+d//+7z58fHl8OP+bf/Ov/vzPfv3GG0X4/fvH9+8f/9W/+rN/+k+//9u//Yff/e77f/fv/+7f/h//04ERHnLIIYcccsgh/7XJGAhnc71rd33NbnxP509hf6avpOdnsYcf1/+NXsdGh+FqzD+uj+uveU3bdPpKeto1/Widd69p0Em3eajaO3fLeac81YSPZuMudulKi9j46hyQP6Ba/R3hGbeGAV5gag4pV2az8qUnrgz0HRTYbj9d/xhmsFW9ooNALcXg6K+VoBISxghgHuio3ebWjpuAK8zMKH7SvNCBGExmRh74SN3TqKkqi7C7SDMzVSUiIIZIRhSIiU1AZODmvdOtrQXLbP+RFX+dtValTUpludqGB+CzpqxhHimvK0NrdtNnxRQ7y7AyvYo9uY+S1hqVhdL+LkMGUjtoRZ5zQIZbsaouqwNtZZxF7f1+eeP6bn2L20NbvRoHZVVT+vHSByjGz32C4MYdaFVxD00cea9YpY8Kq634HtK5dWF3g19ukOCNmjUBcaW25biBGD29cTrHr31UDZCMu5x1f71l8LZqosaxq6MEw0Sl1teN6kXMq8k9rmNcVyb0GGpclwYeKmTEO50yAjSoln3TTpAa6zi2/NDGxS/oQMy2En2v8FBrlWujtRXYV52CqTSaEByi1DKHuQGEHujOmYjmAckIRTNIG4OwYQfcb/TIaepAoOOFXAsGdy4KI/aYglbxIaqLjeNQClIuGKExnC3n8KIPVw9FaZVoqETOcDoRJtOgCVFCDGdmyclePs6fPl6fP13Sosuclus8X2cfX3lJaV7MLFt2EmHOSoBAIFLQXm8vgyNuhfeJshZ54nq3rL1ZByRgBdVzGlk9gmGA2Wroo449Jmo4mec1WIFe1ltnn2KFVS+N5OedX0eQlT4qRWmcTBg5AsUNz9w9DFK4aAWKErMyEsAFva0ORdvULsXi6vOU6vypbwHcPEtzfysoHDWUFiaR0m45N3pfAc09e4yBg2N1BkAKZiUt9GBlZhak1+FUEmJitVwWgOojtDx9dG48LIOttC3dTOsIYKa2CtVzS+XQQV/EthtM68jVOYPSGsICP87TH7jZAmq2Wl4u3VsMCVK9szq47m8wPHpARsH2QXAGHworEg0HdVXevGZGhLX/W3Zwz4DSgVxohv4C0QBaz0yElFJh3MZQgPDiVNUMEA4izCQw9b2fCgCcNSOREbGamSGna8oZRGGaXpDP+sAsKWUHmmM8TacTQCwcYpQYQSBN6fp02wOH/HTy13/z9x8+vvz6T97/b//rvz6fpx+n5M//7Nd/8u37//P/+n9+/4dPf/03f/9v//f/8WsX85BDDjnkkEMOOeRnlWo/q/bV4boatt5oN76r5wfan992zV9Jz9cqz3F9XH/+Oo7UpePz+PwjfOJr66SfoJyv6/zR34LITFnCaBdzq5cMPrgwGDr94h5QsZGC1K1zgzBq6MZTrErM1Wo78g+B5oevm+cqgwMVROOxqAS6LfCuH8h2MfoXdW9vBcoQUdViZmbny3GzaJqqZWFmEzERd1iacwkLZGKjc0iPq+RWP1VlgIWFBi6FMEO40GGK9VEa2QqOuggqp6p+ohiAmSu1k9huSZlYt8mKPzG0mAFcnKet8bje+CiECCf2/f/svfm/ZVV1LzrGmGuf6guqikYQDKAoIhFFxYYE20REX3ITY7qraT7J85Pm/fA+7y95973cJnm58ebm5uXdxNzkxg7FBqVRgagISCMCgvRFU905Z+815xjvh9HMufbe51BVFIWJa4Qs11l7rrnmmu2q8Z3f7wgP4wCOcpcsLes2SyQ01Y3etFELAhkRBJY36FzfCEf45j12czqgDHGzphjPjxE+j1Uaz3x6WfbEtrSbJFgkr/AC5v28BR7kz04bm0tj8N6glcBhovjTLqjsrgBiaJAa8ocKhVtWKAA0fJox22xIxr0gPmdFoytKDYBNbD9wAh82JRz0sXjlOc9+lGEAKQ3SV/BSu6WOaYdIwc4VGGIOvC1wOzNDhZTH7W8nDMIIDMISkZqBgRmYAYS5oDVB8ZiCDCjMKhAa1EWtYQYrjLIDC0hpSIcCwoAAXBT8A1Tyn8P/7NsRwNBBgIIgAgWFK/pad3AElzELsACzCAJ1nRCgMJacuw6ICJlWD60ffO7I4UNr0/VcCnPOCgoCCLLkPuc+i23EYAi9SK5wbCwjyrZk1kojnX5SSoik+JnvsnBiKFjEuZjzlRbm6Kw0WtPDnmBIFc6Bx+JqogwIYoBN8OS0ACmlruu6riulMJc56rcvAoS2ewXZh6GPO487GCPLto948RQIbBdZSmxcRFsrpD6oThRGm4S6erowZl0cld7rUCVrSLwAVl34VLuATQtE2HUdoAwjQRIi6RYavZHIBFMd6DP+bCCOpiXuJoHqN+igiPgvgMq/5MAsB2t9XIwMWtHvkBttbkHnuEuw2L2piGOugZhqoBL4tGoZmpclxeFa/NiB0qbtAh207Ty1pQLUtNwQuTFvvpphznlmHySUaMDd1JctpeScS+GU7MeVlZWUEgD0fX9k9fCE0taVLfogStRNOoA0m8249Cl1k24CgMyl9Jm5MEhKKXVpbW1Vx2qZrnZdWj1ClFLXraTUdd1EQLJkLoxEpesw0azvSz/Ns50w2smyB3/4+P79B7Zt3fJC0EG1LVsmb7j0Vd/45l379x948IePH3c8wmeePfCDH/xwbs1NKe3dc8ppp+3dtWvHCynkvyD72vU3TyaTt7/tjS9hGZ7a/8zNt9z2hksvfvnZZz5vYmb+ynVfP/XUU9502SUnpXSjjTbaaKONdrLtJfdgj8fx+BNybBiE43E8npQjnOg84aTnedy/+m/qFEePFwj+l90XmbTmbnowxg9C6w6zIa1AI6iYlT0wgT0N0ffIS8tC1BuX0Aerc3buauyeb0IbNaWc538Eh1CcNWPJyf5G0c3+YOigMVFQ3RPhksQIWaRb6pmZGQsXUhJhKmiu4eAWodJDhJU5oap/SIgsKKDsE3XQigi5TxJBtCLJoRUA04iz8quwnbYGggYaUlcro17bAB7D6B21Kg0vrO5ucFJGcCQq2oQCRsoIETZRxTZ3pgKIaafifDv48wcdzNTbKi8SG93VBseuN0lQcCJjmaPXYKAxSysBN6ieeEKrU9l21A0yRGjhqVAthHmdQxs2OFd++63xEbe+/si7PtzRpkG11Apogmwtt4FKIkDUVeQP0ARTa2YOkKYztDxC8Tp10VphELSB7nqhzp1iryCxBkennDYPCuCp/UGGvUf1FQ3jGHYrscCGzSstA/zCwx9IQIAuwCgg0HRiRwdD8NYi9imZT/UMI26fZQXO2EP3+bPJgdok6cw/BRcBnPZnD1YZS4MDhQsCIwQoWKwAwiLFMQwLVYjK5GOjD4roFX099mCBKjqqDEIBYUFDGoz7JOLSo2xCqVbXGJxPRGdJIiN4SiREypmn6z1BmtDK9i07J7SdSzp8eO25Zw4dObw+m5bScyml5KzYZymFc9GIg8yllKI8xUAHSykiRVG9ySSpeqI1DyEloq4j0r0mXhNN80d/wqFp9trfYoggGjHPmKoIprRpkxWDCArbvIumCIpILAWZKSWX5zRSNwijYcBAiDWEoMSWGIW19ZWQQUjnUotiKc2oxQqS2VxTASy7BZFIvCoiDqLjbg2OZauacs1afMsWSMOWmIuqhKaUjIyGkBKx9XyDwVAXBJ9kWzxMK8o7LTBbzrp7pggLc8m2jOrEwPG6zUfC3EYfXTIFQUBI9W5JZVznRnoFbrXm5gL4LdtAIHWuHG5ysvCHBu5ZAzpWp1g7KeDb7t5Q9LPWCSEQWTRRm0NQVP3Yhdlj0kJEl05VdBh1bAugACqRkFAEhJCYJeeS+wKIiUBYo3iCRqwMvYOcVREdtVkFJJfMzIULIGQu6/10y5YtQDLjvp8VIhJkIWDJs2nuKCEig6xPZ8xCibqUdKrKOedSBCYA0HUTQso597NpSl03WVHAGHIPAIXLoX62duQIjHZSTETuv/8xALjoonNfIDqotmXL5KKLzv32d+67//7HfuoVZx6rHrvaX3zib2ezfqNfd2zf9oEPvOvVF57/wkr6426PPvbkDTfeCgAXXXTBnlNPeamK8eUv3/SD+x+68857/4///fe67nlkY6/94g3//K07AOCNb7h4bpvFaKONNtpoo/3rsJfcgz0ex+NPyHFkEI7Hk32UE50nvAjl3DzP4/5VHBHywyIRawBp6C0tCliZB40+6NAxiRBwYuvFc/IDLDOEDX4wts6ADTDUzlQHaOMIbIIJBbkBjW4XmeCguhyEEQ/gpBv3lW2i0X8KMwIgkTTUBRZBZmQW1iQkgkRMVJymAIgIBcikxISYU0pGnRBkAn8KCDBYeC1GESIy36hnFDQ6VBeh/QoN/0iVCuf5dlEboYznTUPuBdZWw0AkapvBfK+gpts4NhOwgWYTMqZtlwRyhkpT83plIJTaoF+RbB5OWyCpUtvo8f5L8TwE3KgfRu7oon/Dx2yYvu2foa86V2+DnGrGSyCrqPjoRYsv7i3YwlfxhrhZaa3/NICwnwxJfEFhmwcIW3+39Zf6pkZ2AiOiggzUR1UPkxGFdAwiOKCKTelqvczXAIIHH2zrpEUHsV5uXnAZNGjZOMUKhu8b9Kxm2lKtTo3nx765AMRwuBAFBBtk1gGERQqgEf4UP/CJ1ZFFaGMBthKgdrvGSxQpKIrDgUj2+ILFAAnRuG2K7jJAVuSP9UaD7iSIj671ao0CEHxHCGhNRCVD2YiJCAgEQO1wB6MUhzyplwKJsGNJCB3hypZuW+7xyKH1Z59ZXT087aeZs4BIybmfzUybmbnv+zzrS84sXEqpnagyle25zNKOGERCSpSMGoWCAbRX/czBrG9TUaCPgZfpXSklREGKca0AISlhUWUz2XifNKCXkRPzADoyujYXNkyxmTdrSXxQGlVR69RCLGKDBcYwRQuZWVFD2xmjPH4WA/ZAuZIN4tsOfP8e8Bm4rjCLZtMaEaZEWi2ISIlsWAsgAQHFxiMBWIwxTBQVAMHhi7Hru2LE6wFtWw1Au/IGedH46LZTJcBTfSliEwBAZ5oOeMpVMmFhMozrGqVvjnYZDe3fCoOgy0NeY1WIjfSCkAhJcU0fQrrhSMBDXLrCsr6Sd3URkVIYDbHWfgtKUdXC66yjHVBx9AibqZUQ/EJFB/VK++76NYOIhSERImHm4luyOEGKhmOWwiWllJLKyXIufS49ImZlygKKMFESkZx7ESgChQqX0nWT6GWFGYi42xAcGu3E2qOPPj3r8949u44+7uDz2pln7Nm7Z9czzx569NGnX/7y044jB8WqJ5Nu9+5dcXE6na2trZXCR1bXPvn3n3v/z1/5r5umNl2f6sm6n7wkNut7bZHrvvrN9733ik1Srq6ufevbd+q5K36PNtpoo4022r82e8k92ONxPP6EHDtpImKF5wfdITReH6+fmOtQr8sJyqeJ5Oa8oBeWT5senq+ccLzlQTQoJXbNQ6XMhNfYHhE2/3d7KfzpDlhVN3sjt7XomBN3lQ6ydBm11p+/uRzigu9/8Mu8mqU6+CrCMOSdAQIxC6leH4IGs1KMw0orgAyszllUgTLbjc+ILISlFCICwJQ0ywKARQSRCYiJxOHZxtcIIMAajAhBhMnlQqsL3EIGue/QW9WK7S3pvXwOYIsoTageQMOKLfARtdNyJd5hhYAHQJR5Q6MGjb+l/8PgNEOYBwilklYHnvp4wWgvkdI2JgbCNOwKDTuosnHQyFABNw66SGDBsImJOcpRmth29WFzXdYhFXexAyBw8dZZeJC1xPMBhDBsgWECQD+fy97KgxsHQYS5EdPiZy1GiNblq+/c/0fANEjduS0BEFaYUD37NqVg86uIgLnOffhpp688ZO1O2l9EHN9XY6PHkqcUKI5HxJXwq3tndupf7TLOvKoNaDRAABEgpyNVgNAheAcIOZeGDlVYATwoNXClRPRBhf2MhydcIoHS/gIUBEcKhYuVQEOeCoOTCAGKUYQli4U8LM4IZKMsGqkxB63QAUIL7BataQ1kgq6uTWp9R0GvAAjFh3RCSKYfHC2LDOTwkoAwFgFASmkrpRWSbQRbhSfrq/nggdUDzx7JGUoWZinMue/7vi+lIEgxPmHmUhbEpXUCrEBeEMh9e0FKRAikgdBAhJpJhohA2doW/tXFMwFYXx9N79EbWgFCQHIMSYODBq9O+4mWkFkfRUb8BiIqhUUkJQJR+Ke0E5jHDhxomUrErHNgSRpKq/FPWRRHahJHh2I04iwwM6VUvxaa0R/wtC0pjuYNcLoBsGdToL4gpZS61EJlxqUTIHEpzHZj0HAuajf6KIIbmq4aCs+0uHnu1SSEQ3U9iKdHJQwWB5O5tpqDP8ZRAAAgAElEQVTzlZSBAckQv7mpb06GtIX6gmho6H6zmPqXDM4Bh4bG2dYf8bikbCVH1M7TzkrM4tRb697geHgwjUVUGhd9LQucO4itsbogIKbU6ZdeKYpQQqOvYCCiYt61t9mr2VcidR0z15rlCt+yxmRGoC51KakGcs4ZEXPJAtB1nYasZBHOPSGBy8hCiGAjZC4pJYQCo50Ue2r/AQA462V7T2y2Z71s7zPPHnpq/4HjAwjVLr74wg9+4N1zF++4457PfO4rpfAXrr3+Na++YOfOMVzlSbJb//n2n7nizVu3btkowReuvX7pPrzRRhtttNFG+9dkx+E3Do/jj4s/fLw+Xv+XcL0bkEkG/7ofr4/XT9x1Ocb0x5LPgPxygsrT/rCYj2yazyblkeYKgkqiOYanzmxmpQg02+cxqcMO2vI51c1HM1o8JBZzvNrTWh2zli7Qxv4CrOJplScBUFFMF7TUUrSOPA/i1Wp2GVrUuv8GFYga6UlEnX36poMkCBQyb+oHRuw63equlALQ8EoaTokSIiMyYCFM6i4GFEBBAmQoKKL8ORIi7IsRBAkJNQwYFKVOOPeEBckChAWXB5EsnhtzLqBeToX+AhJeAqI5hFOBnvAIB2JOjVNSzIdYOxogCjqAp5CJesC1o1X8EsmUVCVgQIwiaE4R2sp6UwMFV0KPcBFu2y6w1MUwctGJ6ssOioRz3aCBrxczGZTEx4XxkGI4mDfcR8F8VuqxHYqrti/inBqsNyw6qdvslhWyZau0vwZQLE3sq0VX+GInCWhwozRtUENE5FwCYHC4geOpBqMH/gRgIfEM5VXSHIrFJ0NEJCDl0QIENKWpKWicDcyrRKQAtkHqm6qbnDGISIY6R+/1CUTfyCcTDzIWSr4eTlWq2zpC9ImUUnrnCwoY+Ge8GpGCICTKVPV4gZxFEbgQ8+TiMQUVYrT4ggKllIwo6NCdMghRmKU4OzAe6qRGVQq1ORhECktBU0NVvMWUXRtggkU5096CSpjTecjAS2DCRuXRdJnZOxkiMmJhYY2Sh4DCxIUAJkLbBLZN0nairVxWDq/mI4dmq4f76XpfCpTCpXDOOWvIwb7nUqwdQDKXrpuoXGVcVEiS3AAgJJ9FlCyVAJALI1BFjL2J654YNJDIuVAFCZOFaTMtTQuVh3V0KKjNzDp16uRHqWGK1xBvwaATQqREpSiwYhHvNFqt4WEAolMrq4CqENmHsZLIG368BqM0AngzKmNSRfaZk9lUl3MpPnFhR3UpIEJgIdvYga51rUPOhDgZOLhzzIKEGmQu5kCP2qtjGKnOS2BRHnEQstG4bopms0R8wcgKRKAwsi1OAf5xEeHiM4QwRNRknYsQEVNSAI8BlNXPKhBbVPfbQMYiBTpMOvGYIqhHkWyn91gyB/w/UAIuAmt/8y4kxQFJS+/QouhCic7jVASZRUqxcMWGV1ICVAqhK5mXIoHUGn6tK04RHYkoRAlEmIsweEzjpHBgKUVBwRD9Q0w6yfV9XllZWVmZiHSl5HZFi5dm4W6SEKmwIJJ/ZUEuNjSISHdYsEgpRW8REEFReVIEZJaMzHmGAIkopUmHSQXVcz+NL4oiXBJ2/DxKhqOdKDt48AgA7Nmz6yjSHoNphpr5ibVLLnkNJfrH/3mtiNz/wEOv/+mLTvgjRltqzPyFL97wCx9679JfDxw49L277jvphRpttNFGG220k23H55fGY0w/Xh+vj9fHGITj8WQf4UTnCSc9z+P+1YS2NIGEXzgobVB9mz5oG4xHBmN3YzMfU3B2Ki1MWi9tm1dcYSMfWXlbL+QcjhIFo3ZyAZAGc9qobHMsgTnEEVW+bAg6WTUSAoMIK58limEO2VLY0hpQJh4cDBAIqSRKKIiEQuo9DIe1RmcySiIyCgVqC+32CucjIJuuWrxVkPpogD8FkwrmnIANalJaFTKF96KPKOyCtboMcvBwjPYMIgVyIsLSQJYNrEc4R9IbvW0p728ACAy1qB7iafld7j8fAGZzXXdzOHDznxrc1DzGbcCqjUDoKlg5zDM86M0tg0Z53r3YizDenA20bTd+tU0AQm1fTRU3DevEcCv/OypH4QpWOU0ExqCs1QCg0MgBRlE0VFsF/AJDlUFwUgU/0CIDCnopqb6S3aD9pkR3bN9Rq0hYdTWtV4NGBTXGoLWMiEbgaxFQJQIVkSIW+MzYgcoTA+Ag2WAIhILdAkYxLEb4kqwEGxAunFEYgQWZOYMwsJILQaSIFBDTEbWXlKJlU21S4yBWCFn5giyVAakqkBqmFDxCm8SrGn1Qx5ox4oJuqAMYWdjZqSLMmJQILS7DSSBdwhXqtlC3Y7Kye9LtTLg193D44OzQgbUDz60dObTezwpRVworcbB3BqFhaMKAmFJSwlaVFRVtXWoXqXYQeRclA9ismWKBM5HJudlesTbFURIl8ECz1pkG8xUgKKiHwAa9hLQjxD0xV+iOiQXNtTpHWWBJCcxZN+hokEWdMAsX9ldgB5/YOW0NhjVY+BzoAjbanVTSZDP8dXwICyO7drRv9CAChIQpqjelJAQChmK2EyMOPj0WXtPLA75oBvrfTqG2XLrc69JpKlpbwEG7ILQBtW1t9cPMplMqFvbQSlX3LflsLW33aD8P2ifr20R72azE3LREVbVtc6v9LaTOfatKKaWS1ZsOY0zKQRn0YyfZlxUjC+unhSg9EoFIFH4upZRSNH4YIqVkWzHmVreUUquyaxg5JfDtE4nQmdwAOtOVAgKQhJBSopSSMRBVSKGwfh4QJaQE9mlhOGgRhiIgQqqzSkREnHOelX72Umoq/kTZ+rQHgO3bt57YbDVDzfyE22svetU//s9rAeCRR54YAcKTaXfeee+73/m2Xbt2LP702WuueylKNNpoo4022mgn215yD/Z4HI8/IccxBuF4PNlHOdF5wotQzs3zPO5fTVjM96RboChoK8Xcv+iwzIDE1BB4QNonhhuvsv0U12rvHpArGp+ZNYpjYOiXWu8nwJI79PHx1hJF2RTInHNcLoYgwkD/AJylYRAVQQJkKEqFi1hcwdggAFZKTcOGBAIx0E8lPVEQhUXIuZvQOCW1epBkAPI5+icWyxBhmfM03Mo4qPnByRAcBdcrC785AABSCpQIEQmlKaMjSU3IJwBgIURC44wSIBvG491OCzgHEM63TXSNRoHT4S5v3aFsZ0SoHDpz5+tnEUtb7nquiec91A2ExnMI+mLmBC2Pt/EO89zGmQ2Lt8jha9NEYTa2JT1kEY5tr7cgaGUgDuqjKYBRl3yEQgsQCmIRYDRsSXm6GpvQ0sezbQQjijII3W8OWKet5j05Zh0REPbXrKkBjUGoXNviz8MBQKgFYgAorIxBYVfv1Wydg+zEQgEBk+u0WIDgbEKAooEAncbHihI4CKkAYQFWAdICwixZX4u5B1AQrrDlqVHtCgijFHsyFAeSOABCZRN6zUckSG8y03FtFCo1jU1sSFH9PjHU8c9NC0HIw8aWCZOhdpFLIzeJJOFOZEuXdqZu12Rl92Rlt3DHGadrs9Uj5cjh2fpaP5spUZD7vp9Op6WUnPtSiijKYjKMbBiystucDejEOZ24JKZw7y7orLngksYL1nWt7d4SoGOzbjhkSAID1qwx7TSLpHDXEvCPveNgnRxq6wTkiYiFHZcxoIh91LvKK0LJRTFCIgIkV7NmY1O2w692byUAUqRUYmds2gggkIkVYNMfk/2iDEKLMhhan0QkTuYUYHQGOfkYbFWsY4ofrPsOIyMIij7ANpXUerZjiCR75ESQ2AkkiM10NT8tB+KbEhUEj1CqRE1S3iJLm5t16pgEwXdLtfrUXo21ocV7m1REcxjzErFVSvVpZK7L+K4ExdC0VqOvqhpn+21jPdFGvXIE0yQRaVxMKCzMnAszC1JqV1vFtnWcMRcVNQgUvH6VCWN8vkTEXv+aExbObHcl1M5g4ZopTRIkTA7E1hiN5IGWo+GMFenticNuMNqLaso8poiueoJMM2zFBk6gxbd616X2+qFDh7/8la/f94MfzmY9EZ6ye9fFF1945c9e3qb5xje//bXrb77yZy9/7UWvuvmW2+79/gMHDx7eu/fU1170ysvfcunWrVseffSJz3/h+qf2P10K796987yfOucDV71zcW/H7bffc9M3vnXgwMGcy7ZtW884fd/733/laftqHMdS+E/+/V8CwP/2x79919333X773Q89/GhK6fzzzr3sja87//xzS+GvXf/N79x21/r6tOvSmWeefsU73vTKC16x9JXvuvsHX/3qNw4cPMQsp5+298ILz7vsja/btWvnXLKjqYGvXX/zN7757fe994pXX3jBN2/+zh133HNkde2Nb7j4A1e9a5M6f8W5Zz/+xFOzWf/Za677tY98cO7Xp/Y/88ADDwPA5W+59OZbblu8Ped8403/fNt3715dXRORnTu3v+Lcsz9w1btWViabPHS00UYbbbTRfgztxHp6x+N4HI8bHT0G4Xgcj8d2hGNLD/VcjiGHhTSwPOXGeS55itR8YJOUsml53Ju9UXmGuUGb0lEWbEhOHhIMIpxcg+EF1mRu+BawgfgfPZEKNUGUGmGRjziErXDIbWpZfcE2aG5TdLA+y3+yYhItwWwipRIgwD0Ow0T+du4+NMe6YKOppYKIGFvjwRyIwCwIyMyllMHG/9i77++HJMism/dbkBKHFiXHxiUKCCkNiz33jhKOzIFQp/qpF6q3Pjm6AhQDSNTTylhBFgjGF7c5AyJXgBAoXkUfa5yROX/xAlIYMrbKmwIPTOcdbTmtRIaQYe0I0HS2BZLf0gpsK6pNOQTnaiYbkRQXhVAXAL/5JHP9P9poaZqNLrb5H5O7dY4+GCc1Bdt+AptL2JAqAPUDe7hBUGIaI7IAG/8MJQht3qzunPZ5RzCBAwZ6i+1caABCY8gFeBLENqmbAiSidCJwA3P664FDAuhRtESBKXOEmxe/mPiyRMAtjQVYFMphYVCSH9h/SvITKC6zJySKHNh1jxRYnEqo9ZwbddABQEjW1bTe2ZuDLQwfmOqmz9FNj7VR2vxqiKlPZcrigqi0tpvZdDuY3Qc9KcasoGMSCscgrDCuIGzvaM/Kyp7Jym7ErWvTfm11evhgf+jAdPVIP5tyKcLMpfBsOptNp65YWLdosGcabK+YLYJkphWQKOYTCnoYs+M10iDRaKLIldLcYD9GaYWmuRsmbvvmLlCN0Y2Hg0grZhA4VEUvNURlxZn0JxELl2hQCsRmiCgel1JyLiApJYW3Go4dct3rA0EiHFSU4n+qZYpgUeXIOIIipBA2Nhqb+qZK7gKAUkAFeyklAXu24fnWfTwAbW0ojWiI7RyiMpqu0YrkN2gYO/EKca1TDQ+pUe4M9YzNAYNPl2id6DDRPxETEkts70FipwDHNBCbkxb2EIQGwJItILqRoNFLb4qB7bkD8xAfUoOsVFPcplZQVNaWuroqhwB7bKMCZ8TaNx0i6XtYuNHCqguaus4xDmNSB1kw9A9IUUlEJeyKsPGuFc8WKKKaz6wwvXKV9UOBjIrNUlClIaibgGhs0VK4SFERWx2n+imK7VKuczAgUpcWA+6ONlrY/fc/pAPhNa++IC4eOHDoz/78b/o+65+lyDPPHrjhxlvvuuu+3/2djwQQ9b277su53HHHvTd9/Vvr60ZUffrpZ2+48dY77rz313/1Q3/5V/8jBuaBA4du++5dBw4c/M3f+MW2ANd+8YZbbv1u/Lm2tv7Dhx75f/78/7v6qnddeulr9eKTT+0/sroGAJ+75rrv3n63l4rvuff+e+69/1c+/IHbb7/nnnvv1+t9n3/0o8f+9u8+8zu//eGzXnbG3Pvec8/9N339W/Hnk089/eRTT99y63f/6A8+un37tmOuge99P+dy5/e+f/31t2gJVX168zpHwp9778985nNf+cEPfvj008/ua6BQAPjMZ74MAHv3nHLhhectAoTM/In/8smn9j8TVw4dOnLn977//fse/Ni//aUzzzz+KJWjjTbaaKONdlJtuVcWIf6N8CL8enzHFyPP8TgeT/Kxw+piGI/j8eiPcmzp5fhyWEizJB8IPteyPDd4iiz+KhvkuSQ3UafgZuUZPtfcalh9TppdpeZZZmHSeMdgA1vKnXpea3f9L+aj3syFO2rKOILvaJ9Laq+6rNibUL5qAg/MqJ5K1rXWK1DDKyYXMpTKX7HbCVFYChjno/qaafBY9cwtlbxT1a85dNAjY5lrr3VBz1EWAEzNUekLLWtwESBsIOCK2ClpQaQ6xCMInCmz0TwEGxCmAZMibYYBEEYhFRld7F0KXogwcxm0FNZ2bgVmmw48zEeC/krVP+t6ktqSDerd6Exaepn388p8N4u3bqHW5kV84C3cG/za5nzexbw5QXB5DcynOTaEcIFEyAMEpWL1ziVkDVCnGx4MHfS3icB1rjIqLMguNMqAwYkRn3sQiQCoIsQojr1Z29adAqKbDpI0SC4iCaCFDzRCHEvtCnG9jlYB4MLM5g4nh+yMHCShOygW6k8YTGWUBZizxiBkBGbJYL/24lgNskXXMvAPNGpgYS4ihpiyVqNxATkAQhAWh8QUDgwmn40oEMSG++Sv5/Cfet5LwJ7gIoYQjFsjGA6nSpSAyxaGAAFYnD0AAATyDRKIBDAR2JJoR6LdXbc30W7OW/seDh3IR45MjxxaO3xweuTwbNb3uc8lF2buZ7OcczZdTZtqCqtMKzjqZ4tXhMXVxHYLhHBl/ZVZuKhgprY0N8AVaUfQhDE7GSoc0KO/u3+pGu25CRenAWFlbi2LaTnGJjdYJbjgZ52rBwS4EPpu52EHA8XC2kr00qaXxI0xUnUTjM3jtUgYq0lSTAhJ35zAlhgrD1clcN0WQ4SUUvuCASjqi0Q0QV8fNLf6BlHM9na/bi8ZorJswUDBqfnQNjSACHrYvGadbeerqE/lIKKt4zoVCBvD1hvCGaNSpzrraQtrpdV82/TNQoAA8ytjnASzqt2SQ0hAEqGgm7nWJshmvWg3jmjwSp5MJopkl8JG7fSS69dIIkI0zeMYIznnGpayS+06FU0GIImSgBQuiCBSlCaIrOrnmJASUtd1iFhKybM+FvdEBJSMoupQMuo6q0RS1nDOjEUAgRJRIsABM2y00cIeeujRv/+Ha7SDnXvuWXrxyOran//Ff+/7vLIy+bn3/sxFF72SRb73ve9/4drrn37muS9+6carP2D0OO3bTz71tNLdXv/6i0opn/70l5/a/8xzzx38T3/2/wLA29/2xksueU0/6z/16S89/cxzD/7wkR/c/1Bw+2648VZFBy9+7YWXX37p2Wed8cijT1zz+a8+8cT+z15z3atfff62bQO91u/efveOHds/ePW79+079fvff/BLX75JRD75958DgN27d37gqnft3XvKPffc/5XrviEi//CPX/ijP/jo3Cvf9PVvdV16x9vfdNFFr8x9vvmW2+64897ZrP/EX37yDz7+b1OiY6oBtYcffkwhvcsuu+S8nzrnjDP2PW/NX3rpa796/c2HDx/5zGe/8lsf++W4/qMfPfboY08CwAc/+J6lnNH/9tf/qOjgO6+8/JLXvWbnzh33P/DQP33qi9Pp7JP/43N//IcfO+rGH2200UYbbbSX1JZ7Zes/apZef+G/Hn2aF5L+eY+bvPt4HI8vxjEYhL4peDwfz4/qHI4tPdRzeSHPheXXN85zSTll43yOLk80Sttm5Rk+V83OEaASBWq8LSfXiIjQEBvYyGROKhDUrSkswcgwXz1gqwtmt/gyFgCApqcBpjWQanT3NcLAuVoN23eZM8+mDfPToiDh+BYewquEqpeZUgIPVyXOyhEARFLOXHUaMgIBocoNgpiHlclcgWyQCBF6cL+W+6A6Y+qOo8YVK1IKM0iIdVWMy9XPBAAJU6N9Z95ObZxBW4M7Mxvfriojqj9R66QBCAVAKJFyDsJb2nqonS1KCEihhdoQkzRJ5hIee6xSY+rMr+3tEFR0popTzTVttC14QfUG1CZy/3x0EFCAMGgMQVyD0tSr01UaRduAmdCImgtaqLWisR15c5TE1nH8vLzATS5uwowcUKQQFm6spwEoBn2wUl1qLi71pxQ3KUowBRGNOBiYIqKG5WOQjEYZLMG0QygmA4rG2/Pe633e3kT1SNnx7rbkCKFHJzrLkmZD+iLhxG9erZLFHMNWElBxPhrGq7IIFIPdODRFGVp90RpTUK8XizVooqCm4idckBlAAUKlYSr4LU4uKuyqpACM6PMKBBYhxtaxgQrRP5sQgm31BEQhMbDQIMHadzHyaCCIpqOEEjA64Kh+fQrQX2dgSitEnUDHnEB2UHfKZLKH8JTpNE2n/fp6Xj28vrY6PXJ4euTw+urqmoYoKxYfrUDT0QzLUdgAhagDY08pQIZRbiRMRD4UQ2TYIhjGgGJxCpcIATMACSNqKwzQHQCu01Xw7cGiRCoYiDHnWrU4sDhYQWK9RZ2+IsJgO2CNM4iKYBOi6rWi8dqcCMjMufQmmKmLC7PxJakDC2VXN0MESqqZlMKESITJFpCUlOOFFPx3EA6uNxHGDBtzFJkuZQILTUlAQEH/A0CB5IFVHRpERNJLSndtgUMAG6ZIQISi4wABkTkUisUDC1o84BaCjRXH/8RmOC9OhmjxbBVo99oj8Xe1FkcbJNw0lbjGbdt2tpJGPs0qOTcf6xmlylo1gVMBNtVTsA7vD+JcwIN/gjWrKcIqm1I4OnVdl3POs1lfuHgLAyKkpERRVQvGmAKKSGbOpZBZ6rqulFIKx9YyEFX4RlsYBazgzIoLKiioaG7Oub4skU4SRbjPuZTMzEiKJJJJmdvHZ+WIM3ORgqUq0I72k2zf//6Df3Pgn+LP1bX1gwcPr62t60D7xV94X6xXn//816bTGSL+1sd++YzTDet602WXIMI1n//abd+9693vfvu2rVvazN955eVXvOPNev7Rj/7S//nv/kK77vvee8Xlb7k0rv+7/+sTAPDII48rQLi2Pv3a9TcDwKtedd6/+cWf02QvP/vM3/7YL//Jf/ir1dW1a7904y986L3tgxDxj//wY4q+X/6WSx9/Yv8dd9wDACsrkz/6g4/qP0De9tY3PvbYU3fdfd/Bg4eXVsVv/vovnHOOoaG/8L+8b/fuXTd9/Z8PHDh0++13v+ENFx9fDVz82gvjFY7Srv7Au/727z7zo0cef/TRJ84++0y9+JnPXQcAZ591xrnnnPXDhx6Zu+X22+/50SOPA8BV77/ysjdeohcvfNV5H/voL/3nv/jbAwcO3X3PDy56zSuPqRijjTbaaKON9tJY+F0X/LH6D7GNfLmmRnNc9x7f+YuR53g+np/k82AQAlTkcDwfz5/3XI4tvZyg5y7Lx91px1LO5yvPpnk6UWuz8gyfC3YeEoEtCmOnsgAWNr7CTWyw8z3urlfEXKrz2loIFdZqcoMBAGR0tyaBa4HZ4zwWmpM2tA4aJ90AMhk+fZ4jZRWo5BBPR4BM7kNNEECYA5UGECIFdQM0apawRfLRfImVNKgaYOCCd41vsam7GiUKg2xBRKpItyh61mzuUZ/qpI2ewqyQRhCPsLJnUNkG2GIzIqpdZl5ID1TjypBSuSZt+KKWxUJAhCbHCtAOAhw2vTESw4Nut+NA4XWIwC1C1zXPphrBx8fSWxQsHOB2w/MBmBfni1zPhbaDNv2wSEsAwk1YgBtTA2XzZBsVaSlbsR3pQ7TDSWlOK3E2qob+sz8RDdkSu+IxCIFJsvLhEBigABTnDmYEAdRbJOK6icc/s15M0spmBsAV0SmZA8IEV09EAbIpCBrioD4p3lTprI4oWJg2EFRZW7PSVEkxIVJWZVGPKSiiqqEIbOEDFRDSKmI2BUBxiNSZZPbiKKRv4yQzA7MB0MnRFRqRIA6iDBLMtX3lC4LXSPNjXUU0rU12cz21wg8aflS5SoYWeQRDUIwWsQPYQrgVcAVwJ8Bu5u2lpLW1srbar61O19ema2vrq4fXVo+szmYzcqijn/WFWVhCbjYKwWw0Sv1Hjja0TzH+/9pNOEIwguNnxvGDmKeFTIyVFV0BrfkYFKQ0K7LXjdC8DYurHWMOSw+HT4P3w/Amk1WW2CzjsGGtRwjpbomdGczCXHIp6CNEDMbWYG8mpYtNN9U53/+yFYFi9cDQDY+hpKifsTOjwyFiQiRKtoHFep6VLBnNy1+oKlW66DYiNrrAMUlqKbwa2QUnIXbgJKy7foSFgdH6J7fLh45rQtfZ9TkgMNpYEZT6r/XFpShL2LsFY/2MQq+3+Q1McUmxwGhEdDwWnKvX5tDOrghkiLOjx2yLq36qYIRObAHIOche/Qttv4rfRTjnPOtnAjAhj+CMQESqQ5Bzjh1Rqj6acy4Wgo5SIu9+YphfYZAaRs52CgiWkll5pUk/TwgQWaTk7PuEyHYfqAJAKRpTM5EQCgoLS9ZvIrQNUdHxFHpsxuVoP7m2urr2wIM/Wrx+6qm7P/xLV7XSlApBXfr61wY2pnbZGy/5wrU3MPNjjz5xQRPej4je8fY3xZ/btm7Zvm3rkdW1lCjQQQDYsX3b1q1b1tenjz3+lF7RSHsA8Cu/fFX7oK7r3nDpa2/6+rceeeTxudJe/pZL21iJF5x/rgKEb738De3H+fnnnXPX3fcx85Ejqzt2bG9zuOiiVwY6qHblz77l5lu+k3N56OFHFSA8jhr40Affs1i3m9urXvlTp522Z//+Zz/92S9//Pd/AwDu+8EPn376WaUPLr3l/gceAoBTTtkV6KDaGafvO+OMfU88sf+BB340AoSjjTbaaKP9y7Dwuy7zzW6OZeCm/t6jwUGOFSs54djKJu8+no/nL8Z5Jw6su2dlPB/Pj+Ycji291HPzrZqPYvN7F9LI8vTzecpm5ZSaDyx5lszlic31mt4jbW1UnoXnQuQDLkIXMAq0Go7qJqxcBGD8WO0AACAASURBVAAnubkrfxnAYOf6p//71zakt39JkDbCC9YQrfyIAO1tS0iH/orVKplgULYGI8S2VOGujTQNe0lFPMMRpoiFetlaaNVhNaEAJQyiQwAicLpBgaJeUyZiEWUJtNBaRHB0RszgxwAIwTTqzE0ZNYXOqgQl2CRofRCh2OmcN1Un19eSJsaT1b7p2fnbqRidRo+jhIApqGZameje9ajkpFqRTQO3AGTjvkcIgDDqHtxZPOgU1eEOSwyHJy03aHj3sr/n6Cltx4tB7AwbrPKG/hJL84wEiw+du3FeX3cZjLdRyTcBCAM/MhAuyI4RZc/ujxEP4SGHpn0XAMISMpvtfyLFL0oAhCiKCyqKpgBhQch6S5Gsze5IlKELBCjCgHOzQJ0ctK9UAEfHGCAAMhA4jCnA6HCgEncih+rKV5qf0rx0aDmC4w9Qxb7CHACh0gRLYKWIwmzhA0WZjcJKxUUI6S0GCxno5GoQ1iHCDCIIQo0argbXU14jigN96BK+WNu3VhL6AG6Hg/2FwRQUDBSh0sCaviq+BQOI0KiZkrxlLN6ZpRdk7hC2JNyR0k7hbVy2rffUz2Zra3l1dTY9sj6d9utr62tra+vr61zKZDJBAGHJOXMRUKgHkqtfi4gULsKZuShUKQJkTCwruE923lMZBFCFLJPPq+B9HoQtOqHJewKRgRQhtpliP4ZXo8VBHI6pZn6ugweiNqsycIWaBvODg3/e/RiQ2l05EV8QwNSkS2EyWHbpZGADnDmGalUntsBysXyozCO6nqZ/hTf0dCswIaZESaniuuKDsCCXAt4xRECVcgP5C2gwFn1m9ojGLQ/eKxKjQmsNp4q8Gc9SQBSkDIgLbBLz2a9WqcFUNqk6Gi/eE7QXULRl3eJj/ye+n6dZrYSZG7r8fJvGZ55NFhy0v+E03szwyg1F8EDHDnrb1gIrsYaNbFDxIPVKHdLaT3SGp6TSnujxBe3mohgzJKKk+yGKzmOICgHrcmaMQ0TmrP0wphD9POlLFhYSSiklREHQrQ2sEZ1NJJp0ihKdVFHBfyEQBChcpM/sGyUANK+EhNy0y2g/4XbG6fsuvvhCpcY+/sT+++57UK9f8fY3tehgzuXw4SMA8OAPf/TFL904l4l24CeffLqFx7Zt2zrXy7Zu3XJkdW3nzh1ztytAuOax+u6//yE9+fJXvj6X8sEHfwQAWpLWzjrr9PbPeMTLXja4vmuXXT98eB4gPOflL5vLk4hOO23v448/9dhjTx5fDezcub2FLY/ePnT1e/7Lf/37/fufVdnVz11zHQBccMErTj9t79L0ilweOHBosWBPPvm0BoA8jmKMNtpoo4022ktgS2MQAkbgno38yfavjA38zJvfe3znL0ae4/l4fpLPuxbmlvF8PD/ac3nB+cgJSrN5+s3LKcdXHl92jrp+xM7dvTlwfQ5QPIObsAE4N1wsKwZibjUn+iBiIlPLIxMnQxeqtBKF/7RSLRxQdIXPSLmISoo/0dTN7IdBAecQKferVxxSmpStW9nAWfWJq2MVlDdHLYyqRVCqhsMNwCxJ6Uys8xyrIKPKZ6EJyVm0trnnum4iupLcACBUSbj29SsaNNDyRCwqiBcCexHSD5yDI20rtBmaPqLHriJCTonIA7Q5IurREFGZCpIo8CgEFY5r0MEWCQUI53UQMWTY1yzMl7e1Hxf99YPWHvZNCYLjXJ9ps13WqSWeQEThhlbx1YjhtNi1ltBemz486PCDG5fcvrnNYZ+LoKYlkNpX2sqfa+65Gmt/bRgzysJjQBHJzq7TEyMIshSRghY4UBAKcUYoCAUkAwpAVh4hmdxoEc6ATGgKigmREYlQJfaqJGgLsRieibXUqloKuivB5zdtNfR73HGvVmxEuOwueIw3djVLkwlV9JxF2AIuCgeDkCU7is4IIsDg+KiIoXqI4oQ7ECkKmoDhtQAIyGCBQiXQCp9HqsancQaH3W2AK4PvZ0Ab8+i7MVoiF3h0VvBRHCCaTXa6SsSiYJeBwLz30Y80UyJa4dIJbxPYmdIpfZnMZrQ+zbNZP53m6Vo/m85yXzTQYCmFS1boIM+ysvqUbRzrhk6gXEopGQCQGDAhESCRkt0QWDi2rmh7KUDMwsHfamKXqqih1h+BsL6l4v3xXxPdEEnFSwWEGS1I3nCkGOfaGtYagG19hsHwGgwltu4k4PtsGjjRwshxMYDQSHT2a+0DjkM1Y7kU9jwByEE7ND1RJMQUGLzKiycDe7FqUSqtHHxKp86nDC8qCwIBsm+VsHnFdCrRAxYCoa2JOtcRJSQLd0eGomLAg4M+bTkgkAd4LCKFi1FtEWsYP3bOcMX76+xqtc/MiAqFAQiDFC5FgEoBw9uACFMzyYuIUw49yiDrHgIm/ZxpRocYgRViIHlXEefco80u8aq6Pkpd55GoS0malVJFiAWAACkRGd4pvspLoztgWODKStd1BB7T0VDAkrXSimTfV4AGpwPrkAIkFsl97rqUUiINcly4FGYWRGBmBaf1mipCWzZQ7FnAtsECMaEJmwpKqJmXnEkYALmISAkBdQbxMJeDD6HRfsLtrLPPeMfbL4s/p9PZf/zTv15dXfvsNdedfsa+s886Q68/+tgTevLccwdvvuW2pVnN+r79c8vKZD4FosKBmxcpnrXRgxaD8G3btm3hOaD0xMUCLLU5KFFt184dj8NTBw4eOr4a2Lrled50Izv77DPPPfeshx9+7HPXXPeuK9966NARALj6qndtlD5EUzcqWN/n4yvJaKONNtpoo51sQ/uXA/rC3fpdN8Eywvf4PPcuXD/K/I+1PMd3jicon/F8PD/K824Okx/Px/OjO4djSw+L1+f3gyw7X0izJJ/N89ygnLCY/tjKY+JiG5Zn+NxgEKK5pxqEwKMrufZos1phoAtLAYxwcao3OhyiLu3nqMyAcGEeVUEvB1ZSnoDv6A+GmT9o7qRZrwflWZpsacltBhp6J9VLbt5wsFBKmOwnYxI4lGdQptMDEABECNDk0RA17J36UFm/ERCIyTYTNQ9VuMwirgEI21X34JM7fHERi9L2aeoKAUooB6rgoYirFxruZbH+JOhTQaxkJbIAs7kjU+o8ViIkd0CrJzsCERGb7pyCDyTKMsLW9zcHwWIEgyKPcIhGlBJESbDoZ48aa90xvk9qWfvi/JWwNodlfkkJsCFubBX85uHkobXNNNeH516keZ79uLmT9OhxRFcEhLmhtNSZNYAxmOvQFpPEBBEwDKyowKajg8YOFMmmuomMwCSllKkDhEWVRQEKQGa0iyI9gggyohASICCRsAU085kkUH2EIUCIhhApQNhCDhFXU1sHWYSLhyx0YMbiednbswR/S6mEzueShlxoYqGsDnGWUMIEFwiFADc15KUIBgVLMwFw4qAT4jy4IICTyxXSBK2S+Zaq796oh0q0sYPuoAhk3T5hwfUiWikGFGgdxCVEnPlrPEKdWZJUBFEJTiSSAFaItiHsQtgxm3bTNZn2JRfIvUyns37Wl5yn6+vTtdU8m4JI0qBlfe77jIRESfEglpKLRXac5VJYWJSuTaGKyewBKZVshN5yxpci6yOmYGpxJY25TfF+lZcqopKTEeRQQIwtbRgYEJCBgPWTtcLn4Cujdkp2rM87IYDqmkY5Pdqcc+RM/DnwLGDvcw7MUcIgy+n8jEUcQ/Q5il0kGgAAikI7CEBIiSAlTIm6lDTLlFCZZgkJUWIOt05ApKF2EUGEhTFRkoprCnnPRTB4J1FSHVJ9EVbgDdGgVqxzide6NHORaqUGXw1rYhtxtfcuN0QQGc6x4uAgAqII+EqIwsjeeOgk0rnJsMXerHV0aDtxERGjVyoiHfdQSuJXwH8BCBqvdheGBsa2NV3B48ppZmZOIqnKAISaNxG2Et+OqhIxcxFR2UPELgZIogQKkvsTu9QhYtclIpVVBmbOvahaad/3AJBS13XEwvr1IgCUWEQwJUymk66fmanrSCQrgKji6pgAWXIuOYPICiX/8BMi6roJdQkRMxcR0fxzzhrLcLTR5mzLlpXf+92P/Ml/+CsR+Yd//Pwf/+HH9Pq+vafqyVve/PqWJBfWdencoUTncdupp56yf/+ziPirH/ng0gSn7dtzQh7U2trq+uLF5547CADbt287yTUAAB+8+j3/6U//+uDBw//06S8BwOsuvnD37p0bJd6yZWV9fbpv3573vfeKxV8R4OUL/MjRRhtttNFG+zG16n2d97vipv5n+6f9cd0b53gsfvKjzHM8H89/nM8jBuF4HI/HdJRjSy/Hl8NCmiX5tDs4FvPc4Cmy+KtskOeS3IwjuFl5hs/1HSUCUFgA2RTk0LyXGNJkGnOqdbr5fnf9S52S6MQT8C38/qAoRMUyfIO+uabrNaw0J3B4ECrnZlCGqIE2zA/GboM57gj67w12hI7DVPZHi9YgOB0QgCyYj4Wz8nKogy6c1Lrsu3ihy2Sa511EkM39VohI3GlPHC5iRwiUp9OonjKL0ehUJo5IiLjRWGucg1jJeNZC+ovpy3HoJaLygLDQHJRqFaawrtImSlFnoyBiSj11nXrOC6N6LVl1/QiJSFiIuYIZCAmIAVGZghCRoBTyCBwD0UT2KjSh96tf3ShG5o13J3lDnYGB4eCt/BpG56u9E6MOW2S06Qner7WTgItDlHpXgLXt48NaYFDaDlx7ssbBa++JmI4bxGFyD/XyXwdpKr/V68CJxwDVP93cFRJ7PhIlXMCut1kQ2WPsFRGNO1UQFBfMAAUkCzBIURCRZCYahlAKYAEoAD1ARiiIBaGI9CiMyAgCBIImqgdGpPOCYh3GUUCTEHQU0Utde4J2XVFhXJZizmvt5OqEryCo0wcVoXErRQKlsA6o97BXFHtFq9CzIIrOnloIi0suzt+uc6SPOXtZ5zoOKZP+7jH3QKB23lebRiTHBX1iEVmI71pxYoLIvKXC2SN9e0RM09RZnVr1EkACmIBsQdwBsL3kyWwdZlOZzbjvy6yflVkufc59n/tpzn0pRRpKJ4OA6AJEAKhdSgHaPnMpAEAESbnEpFHcFDT1qc5j8lkFu2izCApr1EHHfVNKIDVkrFHoEgIAkZK9Qy3Zc7MxLzGvYh1A6NKvzg2LYeSjpV0sg4jGAXhpx9U4mOy4sUQYT3E8ylCngC+14opALmDqmwCgC7qOcpQI4JoQOsKuS11SepgDhIQpkYpREmHJWYMNWkg8/3elfhLomAspUaXc1U5D6LxdjEEDqKuDrZ5Nv4pZJ5bpOmUhIIsEpbci3SzMQjb+VHRUgmgb44Xb6hguDVpgjTCKDvWhg+gB58YLCpIz7XzQIwog23SCigVblGKxEWPDRXzozM3W/qsIsJiyrX0y1fi78S+hupMm5jMNbIyIKRGzoH9BqLpx3Cws+mqJkI1fC4TJGbFi+rGKOwqDsIPCqOGT+74vpZAqzHYT4IKIhASIKTGAJFNbBfF3t70YgMyMRRIhIJbMIsKl9H0v1MnKJJFuGULsUuo6MDlh2zflA+Sot7+M9pNku3btvPT1r/3Obd87cODQHXfee8nrXg0AO3ZsX1mZzGb9li0rr1wGj51AO/+8c+6770EiPP+8c1r1/hfVHnn0ide85oK5i88dOAgALzvz9JNcAwCwd88pF73mlXff8wOdcH7+56/cJPFZLzvjgQcfnky6k1Cw0UYbbbTRRntxbblX1o6bYxkv5NejT/NC0j/vcZN3H4/j8cU4ds2/CTH+RTyej+fPdy7Hlr7xHTdOiOe9dyGNLE8/n6dsVE4Bj3mzkP/8vdLk3ySUQVIJYK3mD3XvfVNO91yziEhh4YmGdRIAZgLzt6KoWmblSIXbRkdtOOAsgQasC01FJ7Jw4xOUQQmbanP0osJ7ULUZg6plnjoEIoxQYpFeVUYjMcT8ArFCekjE6uFGQ0qi8ubu8vUVI7ISDLJUiMggACnu2gVs+wiEtKEwIyajsWQwj56Kszk5o76FicsZX4BSSpASCCEjOxmlxQhpoZAASEhImJBY9UVFBBVz9E6gkIaBG+jsxWAwFN3DISKFKHGhlFQ5LfuDHLkUQaHiUQjNkc5KdKgRzcR5mcbdMN4jkIvj+Q/a80tRBo7WY5A8MOLPDboSVlTW6h0Ml8Fhp2utcuQCkvJGNz9wA7sSD4JWGkNlADBjZKtXvPDSnpu+pAAia/ez21yRrRWUnCvthm8yTFCZd1azVoeOcfEAsIxs2UtutEFT4VRRTQ0lCCAgxiBEFFClTekBFAjMgEU4g2SRDNAD9yIZhAELQAbIAD1KJmI0QLEgMAILWaQx8KifjvBwQGMu6WcV3vqp6w6DdmsAKUFW/1PJW5TmloAGnSyETRxClmLR7XzeGNwmCiVABWPjwVQnbp+Kg2VE1r8lUM0m1GLIRNb9hgHXOS4GuKRvgI87tJB+dmMNI2YPIJsfBVtVQ6WmOf8NldXno1ZAAKnTIik5DaUTmaCsIGwD2VbKpJ/CdD3PZtJPy/r6bDabAXPp82y2nvtZKVkJx2LzACFhYUEUJGC2GIxF+xMLMxKSQAKXWrU2c3FF528DEioaKBAMUhYBNs1nrnrbQIikkU0TUUqkJ2gjRsgruwp7AvuUGcsgWVs0vQcCxkVkkaIEU93z4UOsePTJQMLE0eboUsWKG7shTBGWBTXHABqL9UTrK4WZLCQjW/jARImw62gySZOuU5IfIGq7JjKYEBGhS0pND0kCFahEASRCQhs9IgColRbDkYg0PqfLT9sbes1DwqRLJPssF5tOtE8ys03tutAUw6vAAG9R4Vdbr8VErbVaS3E2oPcGm2N1JMcGHNMsLyKMJkYc46oyA33O0+cyIjI4B9nnFd1Aw6bIIM2cj74fYI7XDqowTv5FVImSSD5PI+ukC80X13BBAYDMTEgJMaXkmzNE9y8VH94JU40zygpGks5gNsJ8RSYdy6UwooYtRERmAyzBvkw0ZqG9vD4dkSiRcnbjy9ZJ18BFQDgRE1I/nSEBs/R9LsiCtLKSKCm8TOKbtYyXbloNIzw42ob2vvde8d3b72bmL1x7vQKEipM99PCj3/jmt9/+tssmk+7Fe/qrXvlT137xhlL4a9ff8q53vvXFe1Br37z5O++88q0666p969t3qDLnueeerVdOWg2ovf/9V95z7/0i8pY3v37bprqs559/zgMPPvz440898ugTLz/7zBe7YKONNtpoo432Ilqzl77x8UL1ZIL/NTyPvbZL/cyb33t85y9GnuP5eH6Sz7v4F7gOu/F8PD9Z53KC0pyo9MdanmN5lrEN1T9GACLIgMnclu5QR1DFyCJOzxgaRiigFj4MFMQ8uUYSG1AA1Rq8UEtmwAmG23EOGnQMAIYJaiwiGNC/DONEUG5iiD/6U7DNXxzTqzk30NecxaPVyOL9NImrf9U4BaEWaG/AIiRNGoidyOr9tfoVYcPs9DWxlOwxCMOzVjHCOYCwOizVl2eCiqZJF6/gYne1cmBOFRYC0gKNi5SEQ4kuaom8ZAmrAqoe2byZ1VervmEPqoQhT4qCQXaq/QoXnK3mUp1vi0XwzOkfStRZ6MVtsgYoi4tKFGH1TNfCzwMzQbZrIw4uLU+4fRUgNG07FB8mNXfnpQ2Bo1paWXz3uYd6qbwjiCGC4C7dNojm4K5oc9WWFRPdFC4awAsMIHSOIAhAFiksBSUDZJGMWEAycJYy68sa8wykIBZERigAiib25CRCBR1RVWYRhRTMN8SCRcoQRTOSEg4qzPix9lbaVoIAmKEYFxKKC+wKoIXMUsKgc74MTRLgpvcosIq6lcAHqVc3RJQtMAoNoEQ1G2wE7RYEL6AntFiBbU+pd9nEpEfyQKcD3uo8h1VHBiAo/oeqCxw5u8AoACKJiiiqJqDxpZ0wrcKboHxl0FbQWVZUJhATwgRkBWUFOPUzWF/r11b7fio5c8ksmXPuZ7P12fr6bDYtfV9yzn0GAEJSFiqgNkQuzIWlGE3NVAoVqBcuzILAKk4YU59AWToJGHhvmIM4IERImAiJMEESEX9N3ynCutwEVi8eoTAxiDD70BUEIb1Ztymo5m6ErbOu4FtmQNgEejmW2aC6suVrw852qyiahRXw1vctzLmYnq5xD2PhU1ohiiDoJDxJSTHBycTAwYgyiAAEEgKVIuLC1TZXl1JKKUQm+hybV2oc3NoEQCoP6mMylsFmSuGEyVYosNEUNWCrmKCzgY3PZziyI/VEuj2D0T5KKtfZ/rXu3UB8UMdWVxHmophxUIOdSNeE8mt0gGqfchleibqqo8znojYfC2G6oN4M1v7MhWvw3cbqDiGiEAxQifGUkgcarOu+LpoKy0XDAUDqOjSIugBAQkKBUmA2W9O7uq7LOau6+GQyYWaNDTqZTEoppj7adSmlruu6rqtNj8SF+750k7TSdSIym82YCyJ1XSesUsoaOBP6Pvd93/c5JUTElZUVLqCgIGIiosKsgz22sTFz13VMNKqMnjTzXhTxMk+M6eB9MTh2KyuTd7z9shtuvHV9ffqNb377bW99IwBcccWbH/7vn8q5/Mc//etf+8gHzzzzNE18770PfPkrNz134NDv/96vnRDxzz17TnnZy05//PGnbvr6P+ec3/Put+s7rq6uXffVb95+x90XXPCKj3z46hf+oNZE5M/+/G8++pv/ZteuHaXwXXd9/5rPf02FQy953YWa5qTVgNqO7dt++7c+/Mgjj7/5TT+9ecqf/umLbrjx1tms/29//Q8fvPo9gek++eTTX/ryjT986NGfe9/PvOmyS05UwUYbbbTRRhvtRTRDK9AcdI2vdf7XOKJ7B6o/FpfcO58nCgzP0dMMjrCsPDjIc84njIv34lH4kBfSLMlnPB/PT/B5F5j8eByPx3KEY0svx5fDQpol+SxLL8/3FFn8dfHe4VGWpV9anvmU9YkWGShIErGyNAJXfmuFPVB8tVmwAPPM1+YXoUm8OZyzmKwBhKrzseVmYevJWyySrcZYKwmqx2+A80UA4Qb0ipPWl+f0nypKZh5a4RbW8mIP3lHc8em/SMB15nwM7EHAvaIeR6wBKxUj9FuqvB23GKFzaZBImIQsfw71tvpFEqwJQ6wcQXIKoyNoiAhIICCkEmYB9mFCEiIhEiUTWiEQCIiolBI1Ccb6GpBn1XGpLnt3oLuWHw17wtDv2tJMl3Yel+SD5V2tQqH2sRNAtEvUOo9PDADwJndHPw9qsQGprRYxBgwC1Dr3b7dA5htAyXi0gd8FQ60ZDkvfZiFNUBsbbEonhgYjjKFa6XcSPdR7jXVORQcZxBiEChaKFJHs0QeNIyjsGKFk0P+AARiwCPQCPUJvIQwlIzCq418RDqt3ZIU2DRGRmJMqgztCPzqvL/AZCORHsBj2B4wogMIaFg6KR94MP7UHWkS/2LQIG/3SZ8hBJ9L//IENkBwh0KwDYN2CYCObQsEyJhSKoHss8YcAYVAJ/X4JMLR9osmVGjxssKmV2LlX6NM5RvBEi3jnBF8UQY0lZ31C2KUrSYAQJogTwgnCyizjbJan63k6zXnKJXMpXHKezWaz2SznXErWCYmV09QR+uTKLBq5jFlRSCWUScxDWjcaVM/47RYQryjHDKH5P5/snQgbW0IwUZdSl1IiAWYmr4o2kBv6P6wC+CFKYIHhDEVGECEXSjV6bQEUUQVSUrZd8eiWxoH1hdYAQq7R7UT7TIjdsigMjaxDDQAQCkMpko3IJ+zIdPTDUjKZcCphIuq6btJ1XZpMJimljlIXQWRBKglTa5JIypLdOeJ0dnLgKmBF9hW/XcJi4h9uuxhGXNTpCCmw/fg0gboHaLD0u36muPQ4+toEEjLXzcyv9ZpQ0TEsrgY897EQ+GJVOq2LuFdCHVODjxynWNdbAroupbQ7RXzZtsi+c9tiIk0AhNHx2gVOh0NCZJbCrA1hACpL6joWYOZSCkwwJRKRnAsApAQAwCVrd4sIyh78N7HVImr8P9/zVPeg5JxFBJEgUeoSZQIBxY/r3iaRnIvmqXCmfsqsbNmSkuuLl5ons3L7bV7TgeIvq0FJRzsZtnXLZHVturq6vnPnthOY7erqumZ+AvMM+5kr3nzzLbfNZv0NN96qAOH5553zkV+5+u8++dnDh4/850/8bUq0srIync7iA7tLJ6xH/c5vffgTf/nJJ57Yf/Mtt918y21btqyIyGzW66+0kTK823HQY3ds3/bsswf+73//l12XgjCNiB/76C/t2LFd05zMGlA7+6wzzj7rjKMp/Md//zf+7M//Zjbr/+lTX/zUp7+0deuWvu91dgKAE16w0UYbbbTRRnuxLP7JgvN+WtjUk/xCfo0jHovH+yjzHI/j8cf5GAzC8Tgej+koJyWHY33KYvrNc5AXUJ6jz9lj1kLrB3S8ra5+uAE1adM/683mmWZZ8s/h1os3j+0NoJZB+tZ7K41fchOkBNAdio6GCdR6AfQCIFRtTXQlueDhBWGi8SATKbfG3b3uGFW3Wuv1a0BErejKemDgFiB0poVUcEhE0CMVNeVRTyI1cSPb+gE2TFExP6NFiAiHbOkCswEGftK2I6jKnLp3WV+tFATzjg/AVK1VcRXXWonIYFwHgwAHIZYHz2ph1xpCsuXDAQRDbJDMX2EJr254+5J3rzHBsGHvNQhlu0Uq+pHU1M1AkEGLAxgbt/EvQ6tH2jYfGg4oUruKPh5A5hp6ExskqMRb5dHqU13o1yrR0eG4twUIASJsmihPykRbi0gRMeaf+J8KGaIJ7RaTGzUcMQsXQUbMhiBChRIRGUXI8Vm2uGVK/fL2sb7bKicr36jBRAWaXmPVBy6brOieCHJgMKwR79oaBqd/xTOcOcTSdhWJvQYDq4y0uhEBE6IEjgcYkqGWAIM4q1CR7QAAEGASRO9EgE4urOKI808OcpM4tC02u4FYDgKEkRgAMOksKODqrhpRDoxXp6qchMBSEBMhAZIUIkUHcQKS6W5z/gAAIABJREFUct9P1/vZtJQsJZfc55xLzrnvZ7lkhZN0NlXNE61FsuhrMQNxc8LRA3HhXSuuD8I667TtIdH0StVSNdGkpKhEBCFR61UUqD+RNS9zLB5We+DTp4AAsxDp6FCzqkVA5QVyMXoXoE8dhj2Kjxl9T7C3jY4nLiWKzKC61SrhWFgKs4OLwhZREyJYZ5coIVFKig1OJpPJpOu6LiElUmi0UrSJEILrZpqZGAuZT6TGgMcB005ivtUq025cShFmsCb2CVCXKp3QGr3MwPmszn24kf5RV5Q6t7f7jSp8j4MZe1A29MaqOTR7Npr+pMO7/fSpE6mP9znObujLzk3O7WLaLpGJUlAA2wW9BVmHfXvuOydy47byA1JNlbxYEEEFkxFVG1YvVlMMr+n5+oVTFNpsV1Lr26BLJa+sbEmpUwRWYXnFCLlIKSxSgyUrsVYJiAJASKlDXUmiy8X2BL2S7NsJN4y/O9qJtt27d6yuTZ999tCJBQifffaQZn58t+/Yse3QoSNnnL5v6a9EdNX73/lPn/pi32f9sFTxz1//1Q/dcNOtTzyxfzbr19bWNeVrXn3Be9/zjt27d+q9p+3b88QT+/fsPXUuz9P27Xn66Wf3LVzft/fU5547uO+0yr0jot/97V+55gtfe+CBhw8ePDydzvT6rl073nnlW1//0xfpn6eeeornPMgzaHx79pyyeB0RTz11tz3ar3z847957RdvuPPOexVUI6Izztj3zivfetbLBvjcUdbA3n17nnn2wN5982+6ke3de+rDDz82V9oNE+85BQBSoq6rsN/u3Tv/19/79S9ce/0jjz6xurqmBdPwhD/3vivOOeesoyzJaKONNtpoo73ENmAQDjyu87/GMZTbYNN7l12fy2cZg/Ao8lxWnhPggT9R+YzH8bjxEa/++LdeygE/2r9UO8YNmbJ4ejQ5LKSR5T/N57lBMgjujiz+OnevzBdZ5vJdcjFSNvBFm60AwFWvv5tzFsldSkqLS6rpxwgAlKiUHMihc/egurdEhCWlpP8+V9dSUAzYgQWg6iNrXWZzfqhAxeaqWXECJRBQUuaKeb4QXGos8m/FMpUf06A4qjPp7AAvjFO+BBtvvTtDRSClpME/XDRJt7eHIxLQWE2KNBTmcHPrjn4OVkEJpEPdd7IALllQKgsNCBaJzeIILpIa0Qk1UZMaHwjRHLtzzAYNJjcH08ZPUYtDEgmbSxIEEVV5DInEYpxZ4gRIrSFZ6EEEQKOeJP8xSD8Bc9bXmZcYNW3QAN6EFwCZoVN4kVG6SOIc/NoAhFFRQzqRPWYIotvDl12EaBcDCNFFbesYmkd2MXAfdnRQ4rkkQWUZkucWnrzwhlUOUzl57b1itLHG3SwiKB7pzQAMVeIsKjEqUkhYJIsUAUZTGS0ivUgv3COYvqhwAehBpijrwlORHiSLFMQMmAkyQMHgGoIQCaEYPEUa+MzxG4MBnG8pJhmp78aDCq31WxsILf6Za4darDLFYCSGorUIOk/Vdg+IE7ugxF6K2vXBtwg4CdlaHCvIhpg6bzvAGDgIpNRlUrldLz8KocUDEzAhxOiF8Z9EMMIAmBFUg7R2sqgMc7ijU4R9mIvK+pIC+Yaw6VLgYRqLSKJESXULmfxXLki4hXALykrO6bln144cms3WmZnyNM+mue/7Ukru+8y5lJzzLGEqhafrUy4ldR0A5lwAMTuYxlKUBZVzUbQJARPhpLOZQkTI1TAtqCrI3MIUEHwILGtAvknXGY+OCFhKzgEfRuBY1TS1KZo5ArEZiscaRZC1Bgm182TTea7wE5TgB9pY09Y0XhULQOCHAgJcCgdAqIiMAtjMUJSKGDEAhVmAC5dSSuYIZkoIXZdWVla2rky2bpls3bJ1y5ZuZaWbdJOuSwmAELuOCEm7ocqQCkgpJec+prGGYQbNqiEWohCC/mVGiF3X6RaQ2WwmkQOI4U5KMjPmXHwOgIjEwppzNq7k/8/euy5dkmRXQmtvjzjny6yqbnVPD6OLgURrDIQxDBgMvAGvwZvxJvAfBjA0Axg92JgGTDY3qdWl7rplfid8L37si3vEOV9WVnXdNIrdZdHxxfHw8PBr5F6+1iZY9DLQyK1vvfdu3QyuXGpk7z2Yv8cZTHJGt2w6B2WLO0hAfTXL1nJgmWTPJWggZwzF1ri7NvS0poiWcrFdrbWsELVZarsAwt67Tfy/+Ci4W5HrbKzsTdsSOfjemtaahfSuN0Hben/z5k3KjWLrPToe7XbbvClF9XK5NFWP9ehCo8vSROR2u3lP0Ky32KVBQkCjaPvgg9dv3nzh9MHWWjePgyjWuW3dv3a0tcu6ujr3sizPz88kW2ttwH6M7VAFEPYOkaUtok4tlf/+f/jHD1a3075p+5f/8pf/x//1L376k4/+m//6T77BbP/x//KLX338yX/2n/6Hf/AHP/sat/dun3762Y9//NE70nzyyaeqWhS62T799PNPPv30ow8//PDDB79+/PGvH8Jdf/nLX/3dn/30/a/7YP/lX31M489+9tM5RqDbF2/egnz16ulw/bPPPofIB6+PiOynn37ems7pP/30c1V5/fqV18kvf/krUfm7P/vpO3RT6savUQMv2cd//euf/M77pv/008+XpT29EJjw+fn2V7/6+Hq9/vSrFOC000477bTTfgj23/53/yMwdgLHeV2S3ZU55XFLrxzu3R0eZLLL4vANcH/5RZ/Vg7tfuPQwjRwvfCX7yjecdtoyDaHgZxQ59rx+Xj+vfzPX/QoBgUYAKu5lrMThqUm6EjpwGxycWbvN7JONIuy1tr7SpCAa7kWmnJfEHwhUzmzk68Q0gUySjAUlRtDEfMmg8+w0zcKvXwKeImpGEQ2YTkZMuIn6UDpgHiRJADOTQAvovJwEEsun6U+2DAOZ7CRkjKt4fw+eJWICDfXXCNKXQc6q/rNdVeGRgIRJuNDUsXP80mak9h4gnMA5TP7KQZUIGUgCOiRnKUi+Asv5lwhq5GuZkYTvUYsKOXCywjTuewo1W29/ed8JX+LYHRJU9sJJFfTwk2deZCORQ9aBIk/kjvt8PJBf9LEpzM9Ons57tXO8Eh0cCcAiTnJiUJaD9fDWcqyEAtNSdbZ2FSQLZtqGILvuF8KdHTTAQBOaWRcaYIIkFLoqpw32K5yRwy40T0w642kT6SLd0MUlSWFk9zht9BiEKrCctjRnnsRIkw6JqfdOVcoa2QNfdWw0w8CxBxWwILexSSB1JMESXMZgyJZ/OyIEHqe1JOghke5gd6no4uWs0H/RDC7dKULRaasIKc1jByIgv8jYPKZehAbM3VUDjHbZQ0zNhyQ3t7ysIjqh0pJajyKxK8FvVPrTHTyUptpEFWaBHZqQIrICy9bli8+fv/j8+c0Xz7dngu32vN2227bdzMysW+8+87hatc98mnsrjCbq7Uz2wtADcJXqqhpbRWpWUYVAAstVFtsw+ntO5k1ba7o29dhsLaLjeccLbpa5GOPSSruSIb4NoG/bpmixmcAIl3r1rm9bYDwqFS0PPlRy/0jg084xNJjBSHTrkV8gYvRgicZu8OcY2Tu62dbtZj3C5zm5sJujZl45rcllba216+Xy9Orp6elyXS/rpa1ru6xraypmsYzldFBcVKiijaC4vVvvvbXmMo8eDc6rEqmDHeEJXWrWYbCa/7JZVWKjCHJpyMGCHMe+bKkIVFtSKAsXi2mkyOmirkGcy0oCeGPNZK0jWhqVdNR74ttHYcTFAHPBstqscwfUTTN2bbjxCM1m/plEZ+zJUZlW57XJocFpLbZQBL0TKvCUMwfReheBUgt6bE1Behvkqo2msi5LbC4StKaMEWgku3/SGd8+367XKyhG3LZ+WZeSU1Zd8sNmoVm/GYB1Xaon3243M4gEH/f5+dnM/JxE77ZtG1x9NK50j2soIm/evHVKq2qqo+fEpYsGKVdEkOFyT/v27fd//+/8s//nz3/18Sf/9i8+/nv/3jcTo+7f/sXHv/r4k8u6/P7vP6YAfqm1pu9GBwF89NGHL/304YevHwJjbi9hYy+hgC9dDzLfCzRHAK9eAMkegppe7HdcaU0rsuCX2tergRfTvzc6+PAtZrtc1gPx8bTTTjvttNP+xljuXpeK+ccd2jd4dRXoKPyuUr7Z2F6M0nUDkNlJ+W+Fc/qJDLjP3zc5hi9uTg9U+l05S1zumP+X+JPleP1BPnhnPvID8oef1/+GXF8mKtTwcHJyZp7Xz+uPrvO3zgfvkR5fMf9Mz5fKyZfzLy/ZC/nzhfSZ5z7/u/oJvz9U1SagiCJMgCeU+iRndDwG9g7ghBSZzv34DgKBd2jTjrQ0Zbd/kKAi7T3MYaBN6ZRkxgAbkcnmorJedBQ7zgcnaLYRUvEe3SzqWymbVfpdnXhaSBJ/AnYZ/s3AoFJ0aw5bKKOLhGdQIIIK/HN4kD4q5wzszVVSr79nMBxetngkx8qXmrmn60WwcPoIg48WjJ4AF/dNWVGR6jx7UZYTjliPTI7d5q5XvM+vUfapIQ6wt9Rrj7KMdp8T33e2OcGuNYwFRr3UEIUiV0EHffCF93rHu9cPcpfybvKLtsS+HwboR0oK5EpNEOWfHwOa/gaSupxZdkejtEFFzIeChFie1Wdp1I2RGi2TacFIsyt9lH3X4xNQwOhFg0U5vs2RAcIjlbeqBsE2ukfoCkY0v9xFgJwW80NGVTiN6uQhI0eUirT6XC8EfpQmxD11LiCp+QrC8SwZMQhrRiE9xCHHm0xP8tdxTWC4NnJEGcyCxouxBgME0jzwIUQZZLkmoiKmoqBSVJus7RW5bGZv3/S+0Tp653a73d4+OweQ5Lbdtu7SmAYR2hh5KtCliWuJTtHR5iFW01DhJWTyw0QhvssFIrBA23inT5hkS9IjwCY84RCgczeZBEX07qENxzJhRkPRyhLJT91ah8fz8fTVxLLjC9gzZKDRrDutPMiwId2b8JSzWnvw4wLP3rrdzDrNmXOBHnVziVJnZjdt67per9enp+urp6en62VdW2uytOZMXFUPKekT6jRenLOrARA6pWzeLFKB67IOg6BXLPYY+Xmxtk04wwzJ6nd8F7lK5txvSfekqpgl7zJIeF5cc7J57LYZS2ZQ85NxKCDm7S9TVD/RVNr01nRG37xYk74PKmtlrqGJpF7XQ+I1AT/UnoD95pudirgLBCRWOi+7Mwk+7uodrleQgLmjiUnd05D7Tu55lURyLxGAJtJJY3fw1Rwsdaiyx9ac1lpT9bzNOEcfNNKsk3C1QH9W793bxZwGa/Rh7RCpql6v17Ys2hoAJ30Csm1G3tQfplLztuaqFxutvGlqU8hp376JyM9//nu/+Gd//otf/Pnv/PjD628dNfDt29svfvHnAH7+89/7qjsCTzvttNNOO+200364xjn+zc6/GhDYC/7hl84nN96X+5nlhesP0+PlfM7r5/W/KdcrBqEnOc/P8+/snN9Qmm8q/Vctz1d5Vu49AdC0mWrvM8wWa8pA2jD21M+rYznPCyMZkAniMeFzr4vjxhAwRIROugtGmL7hA/QS3tfhJuac/JENZiQ555HXUyEwSXMaO3B28ZDKHV8lkcI8Ju6ie/oqfpI/V7PSp1qYcZyUFT3QF+IxkBT6S0YToEGHyprMlJJEhLk28sGYcNYjffC+DievZZWkQNhdgrv6ztfRxIUKyWCCERj8qRFSasq9enOhjNGlZkxoKupL6ODAqw4JBuyXPbxIKOXFnvrWLscJtBiOXadO7itkDuKVXSJbfwfWjaLlaEoAS0ZWx3reQ+wPEcrRIEjkCDMEeJ/5/jo47i9olnf5TqXBfAsqoKZXL+ARQVnMJQmactR6/YAJfBvlKnz/+IIBeWEMoHzVnGw4jYIazINCGUefAtUhCIkPcXEUKibPROfm0nm0Nc0cOcN3+TI6R+bcI18DYN/BWgRNB8aIwgin6IN1BdxJlYxQggCDtJo1kLMZ2n5DRG7NSMTTVY2BYp0ppDnLUGQRaYAKWtOn7Ybb89vnt9Y3msE2227btt361mlmtG3r3bpvOHGIRhRi0ePXpZHYrI91x4AxTcRi4YCQYx8TqAlNrU9VxbYZTApi8BeO1mKFUxUxqsJAdgIwVnMQZobuZEdQSnDYpsi9OVloTKEWetHmOCAAj5sJllC0ooRte6cDfDkBsoeG71DV3LpTvkBXbuz9ZkZFN+tb733rW3fFTg8Nua7r9bI+PT29evXq6enpel0vl7U1aQp1cWpSICqDkJdoqMUoCdrWbt9DAqgx9p1W6KEKOfXmOaUUkDiYhYj4qgF0cboxpEQZ7SMTs87jgjrXfH4cx1STMw5Z60jE202m9zzPOpQ+ovd5c84MvyMLfBrjczIA3Qxkd73QIZWJfO2Y3hy09lh9qk0AqwDAMdBChZvTNDuUaafJwNvBf9KpjTIismSnQsh6Z4WR4gE3JT60kqRo3dfmpg2i27bdbpuK5v7g6Om5EvmXnEAcFxQz27abqsSeYkrPCITLsmjT221zcmRSUQXA0tSMz8+3AAVl19/gDO7aYHTad2V/9Ie/+8u/+s0vf/nrP/0n//y/+M///m+DEb59e/vTf/LPv3jz9mc/+/Ef/eHvfqPFPO2000477bTTTvteLf414p6Dna/1+Gsd41+QuR0aIrlJeXfvMU8h9ue58XefPx6VR3Z5HnzCcn+vvIcP+S7Ng3zO8/P8Gz5fylV5Hs/jVznyq6Xn18vhLs3I52G/zfR8KQfu8+HL9/J4Fx+l55emnJ9I9930rjJULiVginKaA4/gwShcCYvd75ov/LA2zsv+ZqQoJvZ4SabbITHTHvwjDlLkM0yuTORdHAyUw6/hxC/EIL2ZOtzPkaQVU+ceDyuosv4EUjYwrjA8z+y76iugNGvEa6joAglhupZggZoQqMecMkIyFNaosakhsk5GwVTVsbsZ1DyAZzugd6I4oCCOiWL4GJedGGUD50UFfMpKry+dcpaO/5LDVV0tG/2+tIdGj3tHZ6gcxlEC64r6j0y8AVwwjtOz90BoZb1DAl8A56ZbZX4LqU45dcg9Ajqednjxh/TQ+/N9i3Cq5+nyQPGO6QcW6HKQyR4s9DInl3KyTxghU+wvoUEahCIuTMv8vBXXK60eRZkgsIKr/Gs0vovnObe+suujGIMRWEXzecrmaQ0QhVj1QEFEcYuHCNXiEQFnikue1lMTuOPURsEsqxau7U4O8wz0c+YO5vaJqKm2h+0lINUomz9XGbiY2DR6JAH3mE4j1mqRogbdMOSi0WqKqzrP7Qy+L0OhieaKEgI0evBHuYgsAlUsgnV7vr35fLu9te3GfrO+mTnAFTBPN+uOsLGQkNh5QADLsogIttgGoSoWhaCUSjMSF/ImUhV11mZQA13Kkq15S6hqy2ESIfAIs9AUVVVAhWJOXBSKhmprUP0KoclJgxHysYZZLwiFcJ6VbR4PEAnHBgHLV1RzvVZL8M9ib4LQ0Du3hJoIGG3bQvabfsvWN9uo0tOsdwWaamvtcllfXa+vnq6vn169fv3q6bquq2M0cE65BwQedFSprunw5pj2hZz23+wCDfqqHpqZgzEc9ZMsOrTWcgXIWZEQhkJ3fGTk14XT0XJyQtDg5s0fd0+HeRzGXrrPsbKw0G4hg9NWXDhABDrGRi6yBcjNm0PGPgjWoIrLNtHKi+YYmSSZT4mkW0aqqN7YaYTkqiYZuNLRnPLYrTMw1Qi0WWWIJ6o6s88FurOmKGOkR5EdPnQ51C3X7jkgsaqKeh+z3k2aJL0ylOfnj4ecQukN9/btW1VdltUbfds2FyM20rb+xRdf3Labql7Wy+VyWRZXLsXz89vbbfOB3/T4BVE96h1L6mnfhv3Df/Dz//V/+2cf//Wn/9P//H//yZ/8+19Pa/Tf/sXHv/jFn3/x5u2PPnr9D//Bz7+FYp522mmnnXbaaad9f1ZoRf4TdfiLpvP742/zax3lPdJ81TzP43n8IR8zBmF1//N4Hs/jt3l0ETBV9Uh+7vUr75WqzmEI3WaArQQ2EZeGB5WzK39PdZolQwesKDjcW/DVvMG/qEAyKVPtvOoMzlncNeIRplDj2Oyvqjq7R1U1NOtEwqMpO1zwHjm7L2H5WlMya9RgwSiRGxBEmvz1yOETocCK0CSYcpZ07RYCMEpWpwGRQg6qfVXP5fOd0L4j7OcVOByd09vd41VTkiNmrBrxk0DqpByb4R5H+l1RuYuqtqufXYeceqbs/IwPQcyIJsih7TYjmtUcB0bg/Lj7DA9Q8Qvg5Vz+kfi9cL6pYA9Jky+TCJnvu5dRRdbS1OgsCHACEElClBkXikyZ/HqE/5cYoeRwAyEUFQWUVFK9H6mqSBN0lQjtlqqe2Xkdk5RS4ocYJujZ4UKBC+exPiRGaWIoCAzo5iBQIXNVe5G9dWf8aE1JKbgpNKTnP0RVw8cvSfAV1CB3NhYEoBgHA5cpfIhAaqrqYnYSeAQxd/fXMBZAnX8WJZeIPhjhCRGTZ7GKY2oXp2TKAPxEIRoVqiJo0/4NT+LoYNAlFVLbK4wQbc4gBCh6FTSYGFvf5LPPnj/5zRdv3mxv3mzPb2+3522IiLL33h17t32/dWQlBAdFmmr3mG0xz0z1GaqMipxGWmtNRYRm5gwpbc3/higELmQouy0O1rtlD20RcjHAcdcPJRISs5zPKwgh4QihCAk6LGT1r0IHFeNNUSi3OgvOe6uhG9nNzNg7jVBVgRjZu922zYJkic2YvDQRkd6x9X7r29a3bltAjgRUl6br0p6ul1dP1w9evXr9+unV02VpbV10XYK53sS1+4O9O/YoiLjUJHMvTkKPZqGEGYKTpek6z4FmZkrxz4aCqUqq1EMlTnrRIxqfGTXlRkf1xeQUDepKs2MaTxxW6PBgCJBKxD7UnRr0yLYAzmLsxkBmgH8cNi8gRVKsgTc+MKKHTKEE57l3p9ct0ZVcxjO3N9G5mPNKWUEHW2tVIAfOs84Cc0y6Hj0wZE3sAohqExVRo7GH/mq2C81s23ottb4WBx9R1UmpZtYBlzD1i9a7AK2pBxFsTSFyu23+q58sy1qvcFkuEPGyBXdQ9O3zWzPzkJC0/uaLL8xsWZZ1XenDMuMQ+xu11sysMjntu7HLZflH/9V//E//zz/75S9//b//6T//6U8++r3f/elPfvLR69dP02B9YGb8/PM3H3/8yb/+N7/61cefAPjZz378D//Bzy+X5Tss/mmnnXbaaaeddtp3YPHP/PqriHu5BXK+sv91+GBfTgk8Tr/z4h4QkxH054X0D+96lMO7ju+T5tvO4Tz+rTuOGITn8Tx+lSO/kxzekeZhv71Pz3fexfdLyXemf3fK46/Lspj11paOW8oqsth+Edcn8ACUE62AJACTE2pHOEjpRdYmeU6KZLs0pIecITDfPsNvO4huj8Fg8lruYMm0ARxOyFPBbwdo0H2OE1gCmb2qU/EORS2ZscQBd6kJiDRVmG1ePM8hODY0AVq6UGc902AthLKhEtJpNIaQmUAHOyhFzbyqRxW72hmycFHEIlCKaqjGuWse/qioI8K5CjO+SJjDPrpHlfzbI6NXecWZuUyfyL5mvefsG0imNhrX6wvqJWLBwBxY3z/VKcLZO4PDmUFkXJ3HTPZZxlvLrmcWcDj3vXsW6QEU32U4kz6zm82gyIMy7F/0ZXD0eC75AepBzoQBbI0iRdP5z85CYYDSMRkUXOK+6kAMjTVimSwa57AoKEOiNXzxCipMGP5/IQVBTFTXlaPB6YWqQauzifUToP4UotT/JOgyd3NN0qbtfQy4f5DsPGQcB+VWRRAhAoNjJ2NbgVA9nKIkJKQYuoc7imM2Yn6hT/xocVTPi8MRADBFbl1wVUast9B4FhfRhIbEaPEIZbxR9alkPCXolwETHZBRijofMbOdwq5KUbyjBjJ2aBF5m5kAclmvfTOFqizW0Tfcnu3t2/783N++eX5++2xb9+0LSR40h9S6hzeznWphAjYRXK30J0Wd9WSugak6JEMzuJ2K1yXFpTP7bWPwgiU1m5mcyOq7AfltRhWlDJFJR7SDnxarVby6Tym0zQdBrZIDM2MAVw5jAa56axFEkGJGqBj55u1NtfVufTNClnWxbtvWDbxtwYoz42adgQNK77b1frvdbtubWDuIdWmvrk8fvH71waun169ev3719HS9Pl3XddHrdV2ak3PRmqoIrWuyS1WG/KrRgAqbCIJOYxRtKaxt2XVj3Z9FR816rXnz2hqkuoTT5nU85xQ45TCCKWbPs+SseQS+CAaqStDj4zURmIGxPuWsqYnexvBzDlz1loDyp2nRV8WKYFg/RGkxTe9JKa8PoZqTfftUbdOpJ/ZO77Exk+b833unWWVeD56LWnue6s8pAKRPqlbRIkff9nHSOxQi1rtZqumSrbXmkxnNdAliLcmWrUyygyKtNW2DREkz8/iVquKard0MYGut981RvWW5tLaqqllvrW3dH2oRPJEKyNKW4Ib23rdNtTnFNbYZqWpm6yh1FPgYRvS0b90ul+Uf/Zf/0f/7//2bP/uzf/2rjz9xtO+r5bAuP//5753Koqeddtppp5122r+jtldeOniA5b39zy+lfP8cvtl7z+N5/EEeHzMIAxE4r5/Xz+vf9HX3w6qqdSWsdMPKhyVFTkuqzR6Agk3sgZlXV1cilqEe4I+9cWzEOf5yB4rM8piYfHYv5j05MWfo0S9p0ddUdxjWePN9PneUshkuSm7iRCYb8FIEywIGjOqvPr+UZ6rlxhuVIwU/dlIVoIqjF+lo95YpWMtz2Hs8Xa10h+MGBSGZl1nWHZ+ryAtRYifF7Ov5gK4VIlv7mQ7oYAQvqmos4tqEAe+aPpXt7pt7IpoMAbcJN7Q9/SWWnAwOicC2dyq4OwYh76DoiVhz7HiHnrlr3D3gt+sFqLc/9uqZSrtrtQkXv8twXzNSoAbgCrMMLTgeAO28mOvAAAAgAElEQVRSKx4AYUAV8ZwppiAdHIOYYQB5IS/q1RrxM3tGYLOpDYPzhvEWMkVIC2TCI+gx0+062zyyBvQ7dZMJUJQi7Uk1yQhHGCiwkENUc9qOp8zYZhFJAJFbCoc6QjGK5o2sTJYtAsCnE9VkRDAFqzzKyGUKDUiBqKOmgfUzAMKgT6UUq6uBxt/qzVTQo8tMNsOYJUBlQozzRhJBBYlUcA6Z0BJ/X806pKksBN588ebNF7ebo4PPt9tts61PnLMENqb+5DCVDhlnJNYcgEiAq9NmDp3iqj0ccUiVy2rxPXae7DWaiFD8MbFyFQbDZPjVFpLaaknChR9nm4cpiWRHwzxWXOCF2SFBM3u+bdq4bbZtXUS3bkkrtNt2c/i9u/Jp98CERezbrPfWoCKttVfXy48/+uBHH330wetX1/Vyvazr0pamTbEomgo7BVhERBzXib6io853Q6omdBmbZgo0rsB+Y4Hw/SmHtqiArMz6nKev0RZw+cpeYfMKDMvHJUcQvn0gG8+MxgLJGZsPpl0DqB0vY73yeSo6t6RQN5Dg37FHSW6QQWBdg4B9mNWnVXfs+Jk6Rn5qkcH5s+C/3oeM3d8+7x+y+wVlTPvTQlDbs8wMmd4/z3z/h9GWCXiTgIrV6YweObGFHGnvtgEQUW0jZmHWgTihcF3Wdb2oKC2EEqwHBt+aLktzTd38r29b79t2WS8zQCgisoBmvqHIKcVGuxvlp31H9kd/+Lt/+B/8vX/1r/7qL3/569/85rM3b2/zzr97U9Wn6/qjH33wd3/249///b/z6PPmtNNOO+2000477d8N2zEIZTgvdrzAye+6YxDm9ZFy8s0+YBCO9Dsvruz9uoNB+EL6Qznv/cMP0x/8xvJb+5/lK6Y/r5/XX2AQ8gVE8bx+Xs8jf+t8+B7p+XI+D/vtffpDOflyer6cP9+Zno/y50v5uIco+HMDBuCBNVV8sHuUbgYU59Tl8hv43J5tdgx8NoGOOxAOHHdO7z2Rc1ArKXDMxOtlX7iS6ixkUJNHNEIqluf94O8ol998JQEI5xWNOkE5Xvfv6s0R0KDrjGa1zC+Zr6rT8yZmBiCt+U/3Thlm5xkxutyTGFEMs7ZmSbSqnn0BHgVZHFYtuwMCJxvtPhrnMVAWT0n/5lzpxfKpXpd1xUA4EhPKmhyd3mBzf2M6xmfNwwNAyKy7ACp0V8LZnT33hMGF2XW3OVPsqSwA9z3jEV11jOAd5jF6lXNcHvWBzCppIfniuQwjaVDlSR+TAxN3IeESmhIkz5QmFRcQzdCEyFpOxNdd1BQaexf20G40kh3oQIeYwEQMNA91CIWJiEaRB5jBpDFX40f4w4LRgdq+UHymxA5sUGbV4/hJvEto9EbFB66mhBrECWGJOKYqJaT+VcCMLEip8xwNTo5EzTg6cSBlguK8tJqNFGFHE3H1UIIaF33wOiAozYmAoSw67VOoII8UKDRy0IZUVvRiMksu4OiJoxfpeDsIpPlY2TaBLMACrgL5/LO//uyzN8/P29u3z7fbtm2bbR5sdeKqgkhRSSZU5USoWGhU2tI267bdMrTc4Gk5ickRNh+qvXcRqsAKyZ76PMEK3IgIVcdQpgS1xilZ+JC5wmwChKoqzQMXwgwkDdZD2tKBqpxScl4sBjkp3dj7tm2sgHoi2q1vvQPsz9vWOw3Lsr55++z98/n5OZEUdt/NYDTHCM1IU/LSdF2XdV0u6/r69auf/PhHP/7Rj169elqkNRVVqBPIaWIQQFWbSvBpjdqaisp+Pt/N6CotJlOZZ6ZpC0ItjvCPhjm6cCULOOGwS2OaLUXFNwtUlDtgDOSaiCx0Sn1/w25C22HFcrfARDjS6WOIEpE3fVOICTlvTYhH+jtVveQ0O2bgwwRbnz1+Uu+Yewj8yYFeRy6W66OK6wDP7zVOai7dXx+YpH9cTU+fMcKKMshC3c0I+nAqoJ4J5+aHThYMKlD2Lhlu1cxsCyHQ3kN7VpdlaUsqlfb6BhWB/whI7/b8fDOzbbO+9aJjOl/Qn9uaoul228yoKgSsm8OWp30vJiJ/8Ac/+4M/+Nn3XZDTTjvttNNOO+20H5TtXJhHv3G6Z77c/ywPfr2//tX82/IV05/Xz+s/+OsLMGPLPM/P8/P8Wz13+qA7hSz9fZM7sGL+HVGLh7vaD3S6CnUTJB2m022K3TSAxrFtZjxinAvS/1oTRu4smOaQEhnDpA3uYb0kYZLy0SddsDmtIniQqdWZieSOKYepWKTzpxBp3SuvVH8j98pltvnfoRrhgn6EuefeHdKG9IMqrBdOOoNARhFCU0RzeEollVHHU7wVAG/hIylhh/8dWnpu3OkNdvKIMxclyRczi7QC4HFfB6yHzs09YK1sOMuLe2YbhwdX0s27a5xy/Q6UeupaU5EDuphfnU6A8447adbNEqMzElx3HZDy6HIcVySVJgtjr98e1r2IHDrdPDQmciFn93G9KEFxKtvBvY6sHJBH2BLIQGRO3fE/wE6zQUAN5cFqC0fSnHNjMvhTIE1hcBZhzDIGGNRG/7WK+0eYg0igUVvAgN3pXwEzBliXoo4xE8jUiXIQF6QnodVbuF1MJxIIXfjwhYRBDTCDOfuGDtFV9D/HSn1oC0RhTkKUoCgJADGklKhIBvBL0Bz5/9EkKjFNacw/Sd5yriczjqBIi8JLU1Uy+X8SeqE5wQvHzkQhlBY6gSBI9Robb5BkqxI+TbZigp1sPqy7iYoKFqAJ5LPP3n726ReODvZbt608+9EbjeydBFR165u/LKcJmGbStLVlaf0GDdak1ChTFUW2ZoId1jstIJwEZmtnBsRoKhX0DmZGOAJtVBVfKSYStEXW7K54SajB1PlPZmbdJS8drLMM7cqk0UbHp5n1Dr/Bmbr+ChARbQpuvb9581ZE27JsvT8/38xIsNsmGthn79sUHVQ8zNvSRIUffvj6ow8+eP361fW6Pl2ermtbhGvDuurSVAFjX1WXpgLR1hZtyMI5WSvC4vkIDKHdGAGgiCwK9iH+yVqy5xlyAHJjthjofSC78ZURk0xuFRKVeLa/a0HSxdD1adDz6b0DRGgIC7tNksM5BQU9UrMhZWzHTRYtYbQgyY2PnGnRyx5bpNbdBJzL67iSWCkygq/vv8E8CWdSFYE/OYFlA6Uh1D5Tj5UApGm0Sn6EeDcOOYdpwpccO93hwHyf+evLX7Szk+YBTmukzyvFjrOIUmRWkBB17nIDCIeEvf+jNeeYunqwUaCqYlChqjhBsHfzTQO9e8xIXNbFkdTerTXt3Tu8ttYiumQHejcOXYrTTjvttNNOO+200077YVjy8JA7e1n4RZGhZPK7zueTP/Z4b57jfXy5hzxln+dL937vOIt8T889z/8Gny8oJ2a6N8/z8/w7Oec3lOYrpefL6b9qefgoz3dHKwRI1abami6m3dinXeXhoJHdLpkHdkAEgaMQ1px4css9Jjwd6XpBj9tde6Egj68f9vjPDEh/QU3XfPrU6s53vXK82vy+TgwKf+gRVTyAOofcmKCJYwa7qFBaJCmKiGiLlzWaQkRaBpR6hD/iUXNwRoFn3Ovw5hMxY88cPfhQE/CZa2Y2TI94KD/1uGYSaUkEsxDAISeYPSQ+0w6VPGOfhwccYNGMdsaJODKq3MGHe4Ls/UtxSjCntG4DLJRBLymeztyjHvitH9VtFUYzdOWhMideHSFBy0o6XjrlY5rAIYeIOWZZ0QUQekw4dsdaAEPEdXMAxpGC5AImMgFaDCymz14GxGw71WIxEr0So2JEZr9MUozXnDgK6d8Rg87lt0twA2NQEwJq0OZMzIsW2EiA9O6cN4oFMw8ZzW4g4xKR64JVCYhQyRqCWi2PRPvyU973YqiITmKPhRhqUP6Q1+lIXyrCwilHpfypkAXiCIORrokqFsWOzmWODTvXMJDdjIY4RnAxiLxWXdnRqzEivXULKh83AE10Adq2bc9vtzdvnp/f3tgjkGCNiJJbzHkDBaXMM/C2bYrm8GepLwrgGEMhOi5JytBUYb5gsMsYYQ9nJeHEBzvIXvAWQQ0Z4wF4edcJjiEjGia6WbyTGfvGHnTSRKQRBNOE0LuzFJ20KLlHhWQ3sPeb0QOyCiDWvf8qufW+bf1W4EuEcBPR1pa2XK7X6+VyWdtl0Q8/fP3h69evnp7WS1vbsi7LsrSmujZtqk3Qe2+x5wdLa6qNkWEg3KNaUr4yYnF66D5IcTSnTSRjMqtR1nsvondy08Wvu1Ak7mYVrzXHYml00Gje1OJ1C7EcR/n0OROwdu6MJg1E/DhzHi2bPBes8UkwEwq97Zz9+Y6Fe78WyBSJWXK9oCOIrQUYXrqpE1MwIy/O0WHv1hHsr/icj5Rivo9TG1zYogZG2M7FsVnJKKrJ7p2W4ATd60vGox5G8ELSrMccJqDRGP1EVEW4LK01XRZtrd1uN4+eCaB5VyQXjdCh3vQe3tiCGRwt0nsX0WV5+QvstNNOO+2000477bTTvgdLDwXKpyrDv5qUhi/3FcvdvX4u73Hvl+T5Uhr5Onme5+f593r+OAbheTyP5/FbOgaD0HeDmwpsjtfk0H1qUz/A8yqG3+H6juE0JZ78UNj5uYI6cMSQmLcPm5lxD21CpKabpMopw5xRmNdRoM0xx0NWcUUOv8xA1+wWrxx3RLtKJROyWGBjQmvpLDWTDJonQBFAqBrOaNlxiEq9sEIJ7pTcEHVeXIQZGKtan3yO+8p8/MrxpyTV4oA0x+tOXvmHNuRqp5wndDDPM9zgruvsSYQcWBLu+9LBeW2RLStkGjjKMlrzDmkeER9niHWq0pKem6RtqyQsKCn+eERsqUw9URU2xSoN4yabam20VnRVTn/FmsvIEiOPIZKb7EHSAgoxgwUumMcOdBZS6CQtGuAMQkcNqZLIiTl3MHsBaaTANEpSnGUCaABVVFJtU6MPRdEVpcI31GE5MyRDRTPHYEBr5BEg9P/MhU4Bsih0WeV01lmQ+VikJIhAaeoASWiBOnGRCklkIAZUSRm3VPPzXzUoUGQokUrxllJuNZ7VRBKMFIU0OF+OZlQwXpU58EkXKK4AoF6zwlEnjmNw4l4m6pmJs1MIoSm2q4JGk88/f+NxB2+3jVvvfXP8QMS5ok5chqhWuVRK6ziodd3MNkKURGuLXwC44tJatx4kvmlQSO4bGN18bFIgII6ZGkMONFFp9ak0pqKkAcJZ216P3flc5nK40s1hLDPaZj1jckaoUxBm7D2eFmDq2APTxxQFGjvBJrKuq4iu6+Wjjz76zSeffP75F2/fsvcbAhZV1aU1Xdqyruvlcnl6enW9XK7r+nRpr15dn67XdV1a07U1Bwg1BGqlqZioR8+MqvZuFzOwDLS/IsMVaKyO2eiMYxUPcPQHTlWe2KKIBqoVgqgQoTluDyYcrj03vkSrTJtUWJN1bSkRUVVSvZliMjI61B5d/bj8jBlvv6DXEjn9FHsUxt6gacUgayGI/3arZGJzY2UvEG7+QnBadAR5bmPtOEiyv2t7x+HPWgiCl4pU7NytFw5th6ZojHqvTZAGQ/SRsa8o1skJ1w9s30jnSvumBl8CRpRlOHvbheprI0us/2Zb327dNkFTbYDQqLFBAqk/P69vQ+3cpS1w2mmnnXbaaaeddtppPyDbxSCM8/rX0vHKMQbhl6cEHqffeXEPiEn++vjel+56lMO7ju+T5tvO4Tz+rTsuEbAjd3Sfx/P4fkd+7XvxFXJ4Rxq+X568vwuP0x9T4sGzOD2Rj0rCL/1VVbW5A6updesVko2QkJQa6+Gjjfnv5oTNO/SNsydLSoC09qpX9LuRJxmRue6eKPtnvRMzPDK6Eh0Mag4P3MHjzY/xMaES97654jWwsqS4U55+c4Vsiv8ST6vk9Rg6u0rpqKc4uCFSze7tFJ69iGnkAYQCHewcUGW6JgN7OPB4BjWNKG9deDxx9MRW+kPr7wHRB8YswVRd8IBsAanMXsJySA/sj3PVCQra2jGHxrMmd/3cSY7kwoG5ZdtOzusRKmrXf3ZvcaidmVCb3IigaJVeZJRIgKznGcv0fPcMnum9EiQTAfqucnbY/MRZTK86sndx1C5ApG5oMOyCFoVCE8wAp0IlOoguBRDSMcJeGCFgZIcFiCjCUGq0Dm6AiVAcT7AuwpZTYXRPrxdCieYYH+chnwNJcgxhwkKjM4WqcfwpoAOEBqOQYsyQioH2kaG4WOq5NfI9ahcEolQrNpwpIFCFOENTBaqiiQ6qoPmwRIh5qkAJB3Rcj9glSB14c1hfJxgyh6IEQAgsPk8EgxAtURJj7gLwiKbC9Pw7JRGJj2GAf0BwLEOgl6heSYnUSZ10n75a1ZioGX/z60/evn3bt77dtr7d+rblFg5xJmmot4q6TrBGWDwnCYmqUtCtowMwp8w5dCeiy9rIpW+bbV3ECpkAQrCxyF7VK5ADi0Qie+aioypQBpDvNMHeu+X4N1JUnc4VKpAWNKzA/wCDdUe4Ow1MBNwjBfriJqrZN2Al0ekxFC/toipmti7X6/Xpd37nd37+x3/8L/7Fn/3FX/7lJ5+YwMjeml4u6+W6Xtb1crlcr5enp6eny3Vpy9ra9dLWpbXWVFUUl9bWtiyLCoS9i0hT1WU3SxToj4C7aIQvucYEy31KNnA3R847TlCbCXZxN3J6VaUZVRDymSRlrPcBi0Nk+lpJ9eLoLbHYQWr/SiJuC6RbUDpDpHTe83Awb+tpua/VBYGJ+xBQCIWDFlwTSM9QiLG+Td1s7OLY3zLMNyHJIOHZJEctFVOzTuri2N9hVpLR80xei5HPNjlX1r+fap6QqtrqkRAlfPYQmsU2i1gaTFxRNx/lOfTeLfScQzqXCZz3vhFUaVJAdMxv9MiggLhu+vPttjkPNZb1mLm1qQ8E73gOBramtQ2gtYYv+5A47bTTTjvttNNOO+2079iGNxWPfMLy2FeM4e/9kpQvXn+f429z73k8jz/Io2vKDJHa83gev+0jv+888U3k+bV/dd9lbHHXJq3DpNgoICtw0QH2uN/zfg8WDmrU3R75l1JWGpl9T3gRvHsg//UyYHmIvnN33+Mb+ShBUVgOVID5WarauyUkeARvDm8641XcJ0BPcooMFNFxQ4QgoiBdmnMB3q2NVubolFP9ithRf74o1zaV/xH+eqzk0QRJjLqvYfDYu/wtCkW+Bwu5t0ND1NX7ijhghHcO2YGAqgZZZWDLE/NVMmJW3XsYL1Ux45bCMSRA8Qzbtuc77jDIXckfPu5+SBZJxAuZvNL5NaN7UqY8w2XshD8btWhGFxd1aiCM6IkFuq6iefwyQQc70Gl+YlRjd93CjaQqFSTQQ46UXUyFAgpoHjIxenXWmHiHBxMF1FTRzHCDBWglIgKpiHoW1EAA0v396MhZ0hWJwvYtI11aciADSiQMRaNzBVAhPWyok7gcdVBKA5Sh66gRETD+FKMoNLAMFzkOjDBopv7GwQ2mxyNUQozu7nc2pJL+iAAIC8FILNgZpsIsJBIzQeqOUhREoo8IHMER0yhP0ZOVZO8GE20iULPtk08+ffPFm+fnt7ft2W5bUYs8aB8zHlu3HoBPa01DfFIqkmX2WA9dFiCdWWvNkaZOiEinBe1wUkH0k2IszwPEdTIdc1BVB8PMqKrOrnRgPTbEMGIQBvHKO7S5yKg/g5vRjK44SnNuFUiw14gTp3lLqMFqW7QtzVVANbnDS7v8vd/93Z//8d//T/7kT8z67fl5e367Nr1e1+v1cr1erk/XdW3rul7X9Xq9LG1p0lSggsuirTUVYTD/zHrMJ74xhNNuj6JdmtnQF52oe4f6n5dIVa3p/LA1oeZA60PnufdOyXcE5qfPExEIyxHlnWqP76r4npa5EBRwC7buAOmC9uy4o0L6nujupajow4Wz5xQovmmjOsB+S8dx5ZREOLPgvhiPte/wbZAqufF2Rps6yQMO+uF5xeS739s0r1xm5sFxDxk6sJfbsLRyMzPJvS8DoS9t88Qse+810TaV1nxa61tP4mfviG7owN6IaryuC8S6bWYdwLq0pS0ii+oSNWZUp5N7aOrEI1XVi2Nmrelm5rrcp5122mmnnXbaaaed9gOxRCtmzOIevzj++rK/9935vM9d7388cZbz+DfvuDA3vbu74Dw/z7/tc3zfeeL90v825XzHvRGcRtVaM9PeneOS/uL0hKFMHit8HvQqx/UqQrp1h5OP4rytzFhmzGbsiJdw2x/VRw8oyGwOhwhmZ1zt7hcZKzvlcN8j4HBSJ7tjCibZ5j6vcPwZI9lU7xWaau/GnZzcrABLDltIVoHB1GXfJFUCIgv344q4TKxKPSn8jy7YFS5xK1pENainlLruepKpTTe9VTCTHCJNMmf9X6qbBuPKC4j7emU+tHpn4GVOmtx3hhnwO3hUeWeHix5a7L7LVlJkLaIiR9UjXEqyC0TpHmp1p2qIDHLU36jOgFRmGcQgqKaq4wAIq3ft/fV3J/Pvj5kl9Zy7X/PJIqHLucvDm4FzSDZSXLbUSOshOmdGM9DILWIQ0gSdSSI0buQGbsQEELLDNqBHyDOSRgGDEyTJZDLCUcPACI/DyaG8+ZJIAF6EkE4pyxCA0YUlgJ9g3kYDp0Coc6ckBlhRUomIvRhj0+MhKgIjjA5KUcnYdw4dMOReAwIkxIdkMAG97qGAKhPhg8teNnJm/QazOfUqq+2yZeJGBdSoORhTji/nd2QOyaFEQkoFkpR6NGo7BhJHznaY2NMcWyKCUup8om3rvTvPTqsHSjCVgyZlAClNKojd4KU5wS/naw9SqOrMS5XBk5TUp2XuGKgAhzEP55hlwnteRgYRSsRgDkwG1a3kNYFsbutxk/Ol6ORADxHbzbpjjt2fnkgxJ2IaICJLk9baujg731/USKq2169eq7bLZaX1v/rLv6TZBx+8hv1Um1wu67K21QHFJktrS/MQgxFVcBE00VzIKNNkAzKnmAlDGmrBMHNunPXeabsZmWSFvqwqTJTzxd0hMVP4Kf0NLXVBBwR1uIWE9e5fFbvtNdG1IKISqsOTTHcGCo19sTlmhepTsoiG7K8wOY+UnIFz2mVulhBCVENwtSphwtik9gBln4+3reXouC3GR+WjT6OsIR4Avwy8F1bXj2xyjooSUULpgrXe/+8/OkBOc0AKZEfD+maEkL0VmH/pyVC/9gI0tAiVKBDVpkoIts0ZkRTpNJg1H9LOC1SoLE1jlJlZwtbZlVw0QuARN7dtu1wuThf23QCtNVVRbSSs23YChKeddtppp5122mmn/eCs2Bf35xndZ3/uv+7TvE8+L53Le6R597N+EH748/w8/9LzZWDs8W/78/w8/3bP+X3niW+/nO+6V4LqoNpjs7mUFNfs/QvLDTDDC7mjRu3pX8g/5m327mNC4jgxBWSCB1AOx/8dQEF/mblgGD67uK+gQY3oV+EMw4jCddzRf7QXLocnrghM808HyKqCf92/1iO8p0rFcEnGfwagC4RBapMGEObghdEE4sCVCgetMJG6qsD0FtZ3insnyeyRU5sz/aP1YTN9lUiyU+dXIinqjCVa1DSrijhLjA6Myp9SHtbIlwfo9A4FPDrEX7J91Y/Ehyab+k89Jb3K4c9Var1mAoQ77ggSiXsgvookYzH7Zt2CfMzwlsdJusNf6IRVzjt27FxPogFHYdJiRfbtoMCNnuauY4eSPWpZ99c121AaoS5Ayg50D4PH+hMmTii0ThrYTbohgw8CE7DhfRdmbKmNr+Kg7CTGq6KYJHidHWORUwm4Zu+VwSOMmoZZ1HcEJnRgshznHHgE86eeJ+F3j3CKpIBKDTJvbQx0nqbHBQQhRke4MnghVNgoQWVjAoTw6FyB+YEQRUsUMDT44oVjr4FAVKTla2oOmHksJv4HGGRG/aqoMRPUQEyuWAUdFCCLBHpGEOec927djERrzUKQkMHJM1dZFVVFQQ5DbdnBn+jxiRlDUjI0iU2tADBtzQTWuxOmnBTYrXvQP5+/ajyWpmgxgB1xdGXZnOs8ve8biDrzsGvdAcIeiCANnRaMQTLgnJ5yorV6ek2JLsviuFRTBDXfkVshgaayBv63Cu2TX//1m88+ffvF56+frk/rT5ZFL5dFm4h4nDaoaHNuqYYya8vl2TMvkFUCzD/w0cd/vXPbtqrhsfmGtQYHh3SaX/eLafT1JE1KNKXRhBB1/NuMO8Hqo9iA08WMoKnk6ACwl7AeK8Vh5g7cGhNjWyL8XX611GI9Ex/H50Ey8QeCKGMdKbpkrWvT/DC2snD6V7YMXE0q/eQFiLvnD4w6n6Du3QfA4++oWmg4CrFTdKgvqjmHeR0pEBD5YYC86tNi4OZQFZHWhdu2WTdr1lpTbdZ77rVqjA8f76u+3rO1+AKpNKVLW2uRkbfttt2ejVwhNHbzdV7MQ7+K3Lat24kOnnbaaaeddtppp532w7Pc+Z0+1em83JPD74p3+ntfyOdLfLx4jzTvftYPwg9/np/nX3oeDEKmw+A8P8+/7XN833ni/dK/Ow2+7r0CSX3REBtNyMJpIJzgud0u+yz3HWUwUx4vpRdtwElMjKrIVNOjYrM/Bq1t/5Q9RJS+wVGafIx7V0VE0NI95vJ6ATTs8n4oMcaR2/RC7voLN7cH2SqvdJxVUB3ASTQQC0pRPOMB7ONgmk6wq0p5cYEQYPSIWR71CaQFbYdCWPKACIhjHF7Bd7WY+Iqxnla1mE9Pr6gkHVEG63tui2q5fZVK7gGZuor3PeeGRuWUKvuocXLf+x6gfphA5pHEAsqy4TWfXaVTz5kx58cAoUOrohxNYDQNl7wlrqmaPdjZXyIiNgXHq14q6TdO3kmCgsSshjc1jhwA0QFDQsCIDlXXE66IXuzkPJLakACRREetkScO7rninsVgjEhiHo2tW+iLkr27yqigu8oo2IkuYmSnq4kywxMKgzpIF7gMl7R3nhyx/o5qlgiq7yIA0NtcYzIAACAASURBVGtvgAgEbUKpnTIY7MAM8TigV9nXfdYmNUh1MWxDRtJf3uChyQSEQcwBJIfbpbFH+MXAORzSkwD5gvZHZaCAgClEYGqqoDroAzSjAKqiTqJTUchSb05CoKVWGpWDQYXKnuwsw2L3iggSTQ/MKHtZTBEB0yVqeEScA1GtIV39UGt0One5aYM02567gcDlchVVy+FjRkNfqG1dm+rcnVkjis66Ft9CYBbdoSKfNW2q3lhUEQpUYJAUtGTvvTtijQIdArQK/U9HIcdUE9qkgcfkTNVtTCLdjBQz2xx8zNHezbYeSqVNtWArlSbNYTvHNrEs7Xq9OrXLgfO+dSrQtC1tbcv1ermsSxM8XRfY9ulv/vq2PT9dn15dl9YuTeRyXVTotEZRb2AhoCJNtaUapybJtKoWudOIOXMmQoqSWnWA0N8UgGpTHat4IPVjahXNuKvTXOs8uQ7CDIpgUkrM1UFKm6fZ+QtBRBCCloCBGt//e0kC5j+say6vJT3AuDnnhLvHzggOaJC+dUB0sLRZGPthok1+Xu07mgRFLQNMJsYIjLCGtZ8qqtLDr0afzPiXjKxVp1m6AMJRvYONnj/NXzSptMyxRWunZ3DHmzdKdVivxgwGOeGc8Uz1LRMUIVVWUQH0RvZtU5XW2iItkUUnXyLphi6GTJKiwZJ0OmDfIn4nQrDah2fftptZD9VfgNC2qLa29W69C/D2dmutLcuK00477bTTTjvttNNO+8FY+lFl8qlO51L73MvvKu/0976Qz5f4kOU90rz7WT8IP/x5fp5/6fkZg/A8ftdHft954pvI82v/6mGLpCl6E22irbVm8HhMnd1F4rQU7NychWcRoU27mdFAwKz0NgfAkhJsolrQ1w7hQxL6gjbCWTCuGDozfDIcmaHsF15CpmZjeftUVNliT4+ziFTqebv1Xma32XTddcvClzk4FuKuR9eq0/BAWu8MpMvJROJajda7M1MEbCp9C7KKNEdekGqk4W60lDp0SCr0UAXuq3TgC9Ewzt2QiJYHDSpeOAY7HNZDj9fGJEg4vWP9F1iBOLQQSnBM77P7B8W91AP0lUIqRESlFVsT6iBDCL5lMyWLJwErL7uB6fhmil7CmUGIfhAB/5gEjQnMG07Zwzn3Duv5ZHi/URQVf8TQM1TVpSk9dBaEGmQ1bxoAMIkqFZEU54uHJhpaHuh0QrtmJaRepKfDWUv0DXMJgwfKyLs+NN2J7XKO2X9D4DG4cWbGVN6j967KQV0SsPcOspRrjSG0ifyJkVGHOUHQ3fwRdJCpKQp0sy7ooQBqYgbrVkPHq1kHcVIQaOli1k2dENdU4HQ0EcSM1HdoK7s3RTjcrQc6fdexy4deWnswmgcX7AYz9hjNKgnJdPOAc+a4k0K3jkBDHKGJQJJQ1aZNdDGC5hqALfjKIZKpPgmpqgGAktLZnAEGKNlQzJ7oGeLSfnBKIoRdBvcyOEDCBIlkDNIQ6EVqXcIhT/jcXJWxYxdh0Aar9gKqF2ljbhRxQFi66XIRbWbb5empXa5oi20doDYNHKNpC5Iil6V1YNu27tOkJqLiY0ccbyIG4mGkqsdddKaoKGEqQGh89pIY7b0nsi+i2p346hkzuWZCETGBC50mx9Cc02rGTqcFiiOCvVuE3zQmfONdQ2rpUNWlLRowNRwntP7sg0IFrUnTtixtXZfLdb2ul+v1crlcltbWddGmAgF1acuyttZ0EY/sWJsioj8GDVFUIohkLqbRrKEzKSIQlY4pxqAD+iUDu/ngbuJdQti9r4k4jmTBCoteKM6224Us7FuGSjUaTCiCFstVzmzOM2uqkSWmvRRmgQ2LGE0scDPnc+aEG2/lzw0gDaKiJqBtUsuS0YDO7khY7mtyqrf5HOgfL4WIizqO6fN29HZVrW+CSbabe8DOoT6AsdQjNhr42wSOKCqtARAz6b1DzKF+hQdKxNZNBE1BuMBpCBtsvcODkTYNFJLqM6NWWxso5hrXQd+jIb+mfJ2yWKXFwwUKRNRu282Xnu7pgwkspOU6TQbIZ0JorGybwIpu2EQ3KtBSu9ecmNx7R67JvSfPXoXktlUcQR+3vRszhKoY0buJ6LJclqXdNpph27htN983geNcftppp5122mmnnXbaad+nJVoxYxb3+MXx15f9ve/O533uev/jibOcx795x4lBeB7P43dyxPedJ94v/bvTfP1fHTDTFuGSVFUbUwjMyRLlj5xIGxNuQY4Fczigp3hhIXE35LNmdLBs/9dYgqdke7ZiCOIhvJBFQ3R0UMPlp9AMDaWTpGMpkn65FypVxB6kdHxwCk2UOFq+koS8KMUlGRMlCTU7hi5bcQ7LF5u1FKikmY383aNr5MaMR6WAqFq6ZO2uLhm7mqJDzI0zN9sExiZFgeLExMGfcJTK2xQ7MbRiNIwss4e/WM8BEYdPVmzSlaz/H2RGsry9M8xc8ZyqDudzTknrqRz444O+l+/pwaPYERH4IGIUDf4TCj4ISEUcLBxCbv4gB9hFxErab1SKu5uL9eLY46guy/40htueA1Yvp1RBiz03KMk7Z+E4k8YBqrmbqZkCSCZL4PFmljVk5hiMcxWt0zroAGEHO9jJjVPoQeMG2wQdQjGjObxbPYgQmjCii44WpUgIYnahClQR3nZSZcwuI15exnKkIGMrJq0wY+z5OzmmXgicIbA0m+4lpXeHReGER6M6TAxuZHMpVAfPrDsOTyVJKFjUURKqClEHCw2qKkYVNgSJWEXUI9hRmlAdJeUUrwuikJi4/C0oEdAwabyQgt2rc4wBLBj/ftEKYTomZtkP2N2IA2pO4JAYHbHTaKJKbbro+vRqvT5pWwxvVVtUvVjvFtRt1QicqCoOHkqi0P7QQ2A2mhjypgQRc36xAvAc0XN2V93ep9CEqK0Z/kenuO6ri4ka6YKonpxm3Dz+oLF382UlhEXFcTXfdJITrkpTieCGoIo2R4FElrauS7us67qu67Ks67JeL5dlvazLui6txdIkgLBp07boohGqUADCpXYdXU4p0XkyHTsFcuTk2uHEygr2aTY0VyUgxFgWvT8IB2nbZ83RGboli3vgjb1bbnRAgOkx7Y19GIPzN9h+0Ssr9m19Qkjw7ejxLCNwXRZhXnM9JKRZ6n9OCuE+3avqQQ1dAqgPJYLcSlQfCyjha3+hml0ckJxiOkr9cKeX4Cvz7uNHQ1U2VXw9RDCGdLfR5w3WZ4ncKWp602PSbJB4UWuDvB9Xa7FTbVAZf3r8QNNaExEgNJNbblBNanmwiH2fVWttzR1gMD4/38zo49g3QfkXhdmWkxZF4tG947Ztz8/PNHrUTH9bV7pe1ouvdkY2ETM+37Z1Wbe+3W6b0da2Lsu6LAtOO+2000477bTTTjvtB2PpR5XJpyp3Xtbjr37rI3/su/N56fj+KX/7u87jefw+jyeD8Dx+18e/7QxCiKhqa61pb621Zto8TFG57neL4uTn5yC4D58g0mOZXvxBEzr4gt0m7I20JBShPHdi1gtx4qgxIB1+LKwqcnMfropKAA0yKUBGCELHb2Yo7oGUaJYwHp5shmSmZESj1CwMB2hVXEjfwUCLyHThmCuCRNw1iZJGVgpNOcBSf7PCDr1Jy/PbGkh1X7CqkPb4TYCUPE2kNCuZEYAQ6fM93L7jFxUYikAHD8JykoKcyDhQX4rCSr2qBI0SKH/q6HsHsC9OHuKCR4Bw4vMFV1QifGNBI6V/GI8TUQICo7GLAwrilJMSCmVwXpMKCFZYKp3U8yQifE3CcAGMpu95kP+qioPuFiwf1EsjAZ7yyXvHN6Pkn1Xn6TiuIph7qMtRL2KeeXYwFl7IGLUuueiAQ6d10gMQBjoIbLQb0UUo6GYbbQO7ONGQnfTAbxGnEOIPtSytN41polEipoJlcdYN1OhjWLLTppigWg5O55y4nh8NKV7nV0DERSSTiIE2IcRCIWZ0QqETnylwF79jTjJGIkY2TuSDRZ8IudHA4gwCipoYxlADFKKAkkpRxDEa3BnASTTViDIYPVKzTaV67ETKraEygFTCgWv/L8tdvNSUts1BPRE081ljZGNIwRNirjcqul6ul+tV2xKoOZPQadZTb9fMRKRpM+QGhglxzDJITSqs9YMRGtPMtt5vW9+6bVv3yGgVHjNykmAThuJuIVsOE0bjS7SwJTvQIxkSBLetB7JmXusp5wpxDe7FN9GoVkhJSZrjuui6tLYsS9PLul4v65PzBZfW2rIuS1va0trSInJgtKtQmwZiKJw5U4HBBb0vRvKYfnMymCdFI0PSsdckiEOIO4z2r+VOSqOTIemRmrLU3E+A0Tpk0wpEV+KyTiM0MxtLiwxedWyTscFT9FdJUBBGx33rdr2fxBgfCHcLAxCrwDQKasgBY9ItkWzk5pbYbyMZKRdADWadJ8nMFomvR0c182GmohqESwQo6Y1KIzRzjlkkdG6ZQZ/jXqYW6CQgOi+60XB2v/9nv92qYNoKGdj7ZrRDejMzijJXq9xnI4CoLNL8ZUjebhuJZV2aqBl7EGpBolsFJoyyOXj/9vn5drsJgLZEi6pqa6JL7chx8Nu6bVtv2lyA1PtjU22t3b/maaeddtppp5122mmnfV92MgjP43n8Lo8LGa5PCWm28/w8/xbOMc75DeUzX/9KeRYm8e70784T7ygP3pW/y9CpsrWlta2HuzKWwBmPST/+bn2Mn5NzljxDv0VHiDUZDLA5KNHMzAt8giHnOWXYA+Ec9LThN0uNy2Eq5WF3D2WSA7ScfLL7/zxjEnMwseJIQixXVUnROue1IJ3dE4UQVnAT4EzMCVUsvgNdthEyC66muBoJaLL9goUQiJcmhiCT27IgsZD+GgRKHPiak8dzOEmnKuXUjzCoblJeZMS7JWkF2bZzVOYRZmz0T4x2d3rFzu0aLS2c6zU74QQj3WOEO/dxOv+PAGHyFeBKuBzQRLrDj7K3OThRgfvMgssnNCvuDNJ9H7qGwdNSl0jM/yUsmbWTL6bREAz5wAkGSAzeFeOri1rdHp0t/pSIrImed+uUX6KKWeEuqlnp/XqpNQJg3/xOR+gHmNI7GSRCMI7ERpcVVXOYINiW3ITFXvOgfhGnUKSLmEgPql50pwBCCTanUKmrEZIUxwAjpljCVyHoCnTm+1pAg6FfmQiZi9olAOrcF3Sjc6JcHdkYxNCIHebJTWr/w4RuzZOtx6Vs1ZFzR4Y4u00hIHrnLFFp3vh7cp4HA1MeSl7z7QAIszATZDiYV/PYiXloum//00gt07Sf03JkKirJSiYUakTvpIgu6+X6arlcIBKyrU6mA7pR1JxBtSyLQHjrTuCDADqYrLR5GIEBDimFNPZuW+/bbXt+vr193p5v/fm2uS6so2JZ57zdbhjc4iTZVTTYAOVQE2WR7SLGnFnNf0EbR3D4WtNF29IiPCLgYtpUkaayrsv1enl6uj5drsvSrpf1erlcL+uyLqrNIwiKiHMHm+QOD9AJllnXNm+dKSbpeCOp2dvup0QPNOivVNtUpkUhuHeQeUsLUYCXIzhEyOoiA+BhxqtidKpIa9pa850D3kFQpRk9dbxElNXYjUbTiHJMpvQxnRRqVovXbiMRc7dCzIq1vuZuoT3dMEerE/Qt84tQ50xQ1FMmlpjfACV3nhUug6xYyWIFSGzUo5CiWyfR4C2uyb3XY8xDTN1MIQLV2N5hTJH2+Ny402Mf/PPj5098Z1jifIF6+qxIGkWnNXps8okPBp9/t20j6WLlJDcL0Jng9XoRbf22oVrHBagBVTUTAIWyx/XW2ro0bS6WuyxLWy6BHYo+PT31bXvuHbDb7bn3DcG2lxQ3P+2000477bTTTjvttB+KMf75L5NPVe58s3I4x4u+3Hfn89K5vKef+eVn/TB88uf5ef5l58tRQfA8P8+/jXP+Fvd+0/kM4avfIh++ozx4173pznYW4dJa3/TmUebcq9RpMDQ9Rq2r7e3hEhxep0ogJS76kpXPq255ySlEPM7Jw/YMeBAV6C29fuG/24W0cW24cc7jYwsydGrCnGYGqOZkk4M0cSdz/bThjz4ArjNEStJxCv/JrIsoQKGTAnegaWGhhzpJLJKHij0wDCZAgvflL1W/4RrOCG7Z5CPxnejr0SatVBzT50MLsk1EdvAwpTDJPQp4aIuH6OA4eni2wWAKMp3322jjhNE9jlsiDAKYijQRY6f7Xc0bxkvMwlqyUZFKiQNs1mC4yqHDBHIlkszOpHZm5TlAGIRXMrC0ufJGYLKZIHL4k73vat4mctjcA0fnZLF8IlxW7xtJ9k7rNBMa2cEN7A6KO1smpRktACVSPfSbzXlbMAiFFU9RoBMFSCgwE+tOZ1ElOmUwbqRGdUomFjXNGTs7dE2gKtK6hXKqiJhh67Z1MxNRBwhj4DrOlaK+CX6PYHSaz1VVRY7Bm3URqrbmYQcjeGvwBR1+ioBjaGBzjpRjZQODkAApA0HXiqYqGVxsB5wwpzbXUC24I8EkRk8XgQseTl0razp3Z4WQKZRwmVvxvRoJirQBnGh8tRHL5enDH/34Rz/+5M0Xb56/eLvd3sCkaWu6eng8I51qh9pb4XqLOcACu+J4L0cmuofII3vvz7fb8/Pz8/Ptdttum/U+IOvO7pg/RFSbR1o0QzeDWXXy3rs5qzAR81DMDfQsKJySiEsqVUNV2tIWbU1VFU0QfXBpS2uXZble1qenp9evni6XtaksS1uXZVmWtS1LE4/fG/8TUZHWRDXCxCZ25kNjrLAFfaKY1LOmtwcHnZjczsOriXEWrPbrjvF4jDoZxPeJLx0fA6oKvyUmAYFLxXoKM/TeCzUcRY/9KPEWhX6F0K8xBF2ZjEZXzyTNLDow2buTQYspe1xefUw5cjnEYz0iZPbr6ZZYC8VFoSmqmvrKA1A8LEf+m8sO5DYDG6vYRK/PFxdtbbdQIjeKeH3GHqzxnN0EzuPTa2fP1BMGQOi/1p8iGW4zET7roZO7LIuvuNu2OfYqIm1ZUuR6IIJjzRBR1XVdSd6en7feb7cbpNVPZmS/3W6bmUVJwG69ytZ7v91upXPbWlvXdV3W2Kkl0s2ev/hi693MVPH8/Nx7N5pA3rz5gsCyLJd1XZamTY61c9ppp5122mmnnXbaad+rhXPha/h7v0r68/w8P8/dPAYhzuN5/M6O+L7zxPulf3ear/0rCqtylaymrTVV7Zq+5kjN0JACpmg74RScAafc6F+4yeSSnrb53wNFJTTqt5dqZ3rk8hGZWXhyVUIQTCIGVOzJL2KG4wd3sFTyD1Duv1E2llM2E+5RmSrFBLBJCYEmwYEALXRGOR465SbxlEJ9GH5IZAQtkqAm8on0sAd6xxFkKUtF0DKW0NS7pledvajpbbTRfOXcjQKmJKvz2Bzg8denJIx0V7kDdUCWZCC8g0oYFXfPJR0cwhnCnNHBOu7QwfSsT4G4AjBw/przY8pHG6Vw9VDQgREXhYtCUAhTkS6eKDsdxd9cI5Je9vXsdxJ4TPyyw6ujEqqnAc5srGGIQWrJnlRSotOY8MGH+TAPpsIb3P1u48+5B2dnmJmscDXgDHIW5KS+hcpo77QuNNpGdqADG8QEBmxw1BBOLnRxXRP0lBcMvqBDg4Oak33e8RIRUMGNRluoGqRgmMCP5XFPXc8g7rq3PAaujHeEEbAtgQ8R0Lh1bD3EdQUKohsKHAEFLv6ZWFQwOZUJHYWeLKGEAk2ggBINdGRXzEQAl01kBAMUQJqrjEL9dgTuqDkjOEboQIxCFkgivlJxF7M3eCOFmKjXpkKmwRe35E9D0XOMVkw3UHS6cUrtIA9MF3ViE4ClLa8++PD1Rz+6/vo3t+ebLi02KUBaa06Po5h57EFVjEVEi62tgeRGP3SVwtp/YNHpbOu2Gfv/z96bNkmSHFliT9XMI6uqu9BoHDMDDGcGs8s5llwRipD//z+QH/YTuVwKZbhz42g0ujIz3PTxgx5mHplZXY1uALU7rgACnh4e5uZ2qHnps/fUbDfuwTcbw3YbIBauJul4WXoyJWk2uIDegS8FM4oxkFIfNbDf2jXT++bswaa9N6cR9t4ul+2ybZfL9uqy3d3d9aYAW9PeWldVTdpUpGJU75jWVFuLKWjJBQwgOib7RNPnRoL0LyyssFQufWKxLijHmLtSEHtNVFXVudvFwpt3L8VSS+gO6jcsj0uDJydGbJ2JvR8Bl7sac5ZcapjOaxvJEzbGRoAC+VSm/2IuiZJvJ7GOTso6PIEoF3DzZoVG+WQz0ZD5nf82z0KQeTklNoXkHgHGKKVFjsn4nTHy/LmHgpMpm7bmILS2rgU9popsku0C0gt3l5AmzRCIO4o9WYOfcyMTnG1ay2L0ncWybAuxshZTSwkDkE7gs2umFQTMTGVuJ1pfCYbZGENbMwKE/3bfd6fz5lYJMbOxm6hIW94/Eqtu2pw7WHjkdR+P1yvEpXrl4eGhqYJ4fHx4fHh49fr1ZdtE0Frz15rTTjvttNNOO+200077eOy3iw9/m9+en+fnv+XPXgFl4KkC6Xn+PP/dn+fvoHx+k+vxXdTzuSyDH1ifSpOWWWJa09Z1DFPjsBVYytpiqnFO6OsgZZnRvZraSBhCbjbRH7huEVgjsEYZn6CJklVa1M/yCzlc8/Q4q/v1y35mMOOSZO9pGRlfkxlizbDtijEuFx9+ClTutwgVFxiamqtG0TWKVwJiQmkNija5Ly8+MZZGnl8W/6NOSGIBsyBBBa+Rsc4QL2NKJhw6yBthvU3+H1dUMqX2ngYCS+iUN003Y9Xrn4cchDNgXhghB13gEs6kuX1ALFmdOG9eUKY5ZEWXGA3uTACEi1DqjMzKxNsMJEfTyD1WvRCILdchFM2tU3LV255Lrq/b3nxxKqXEKCL+PXNPPm3bivbWzxNf4cJ/NdjINIQm5nqhO7ADQ8SAQQ5Y/CkLQAiOYkrl1PLpy1JRzBalKJqG+/DebJ1N1ERUnFSHCvZ7bjmnmWaIXEp6tVKWEiDGMDjPUFXpGQddFDOucqIk6GATBKKZGbSQRRHT4DyZd7OCChPVRlGikeppE0GRBdSjCKk0harQEU8VqERGTI2dDYUJicOHzbMSpuRpQn0+viSRPJHFy6pkvsWcs4IAI3NUrQDhjd8Qrax0c4Y4du7atFBpChqItm2vP/3k07dvX7958+Wvvmh9EwsgXpujm5wqw4EUxI4KDQwUFGPMQaEEIO2Ct601Alez6xjO+Lwar8P2MYZfRZd1dEfpqx2jCtEeSTWcKr6wSKhJZ5+VomVT6c3TBTYn1G9b3/q29dZ727a29dYzr+DdZdt67731pr01V+Z2+LA4ZZJAo6oK6nbefw5RVuJPl31ZVEHnSqFIadobOGdZZ+pNAJjzNlxCwJOu25vLWnpaK13VqkxUv0S9Y58FaRhj1IYTPvHeIhrsxlgULfR+g7AZ/GKCjtil0w6pXt/0YE+S7Bk9wWFRFgsdDIc2zHAQG688tiLpXcxMUQRHHpYlb7nkrZNGc4XPbBAIEI/gZFKGtEAwLAmImWvJZsfYmgcRCUb6Xw6YBeFZckFP6G7VGCj99vizvGc2sPf9CAXyw1abfBIk9K3GgdiZ4ZAul8zEKL0E151X1cfdjAOG1trDw8MYjqQm6DvGGEMXgYlV4KD15lj5sr9nIF8zVWSMq0gzDhcH9vl0vT4mun0ihKeddtppp5122mmnfUS2RNNmNPVpfPWD473vL+fF+O1vFa/+8PLP8+f5j+V8T7pSZvs6fJ7nz/Pf0XnM8/yOylnP8xuWwxfKwaoE9nXl8KX64Lny84zMJctJhE21N+2mARDO5VBSt27hw91Y7XzPqDTWMOKtPl5dnOXPLG0r1qi3AKEjUiHGtaJNVc+XeYq3a3wopa0JuG7QqYM26aE1jjw2FKx5VBPlbL14tgPAxUkxzMuZ0GtAXWNwDeHNloHctsztbW9bIAG+CUrdtN6KGwUC61Hpw9MTmSWIU8avwIdEd5OVlDiv/2p2+uSD3DA0l/aokxHtnujrM3ZQFq1Ie8SXxYwLq2aNDkcuK9ZMrBbIdGze/jQeup4cc2DP8TTrHNFvg3mquxUgzKEVOSYLwNOR18hsnJUCeDsomdkNZ1dKYGfxDFO4V2qEPoEIF+BZHEkN9MKzScUDDUcBDYPgTuzEAEywg0UoNA3WIINHiDGTEYJTSNh5hAWUGpyd6UiJJGIoImhOixOYzicP1AShxZvdN7iOcCHEYISOlCFVRpLEYaR5itGgOpljmiy10QIdhYF3qUStHNJTQky0iZIhbSpQUo2iUFokGQPUsUNhA5tawmUQAEYFVUOMVhPE05BLdXnVmsAQwKJbJ3PaselSaFxlehVQSCaFxfp/C3S8DOLFJwRo3bSZawP2rr15A1+23rR9+r3PPvn0e/+If+jaFWZj3/chKuJpNsHemojYoKjIhJ0oQHN67irDDO4JEA7SaI/7/nC9Pu77vo99369OZRr7sGFzmwUHbRJh5wRi0usW9xJpMkUUTbWr9tYEaNrutu1y2ba++f8u2+Xu0ret994uvW9ba70ls7C1llKUsCZy6d3RI5UJz6759CQgUXM1SLMRMzhlNlMRdBRAGD+OHSATyyk/U4Ty6c3yMf2CYDNqJAMO0t/0QrU9QrI+TpDVYD4D5mCsmTBgLTOW2C6IsQ9q7QDIeX4gBZKAi10CHBak6nBGZrHpROYKVTlQCVg2DpZHcxjLB7njjxKMeofJHAbTgqerBBYTvPaA4LD+kuEn3QkEp5nhECDQpiIyRi39piKmrnccyqs2p5E/JpaUsfPuuZTPteOYPXeZjLl552kJI4jy1trWe7vB/GpjEOlwuiYQCeSzVxONMXrv2hp9IwX3fd81aLhGIti1ImOMShtZnSNOqVQVkd57702g+9hr5b27u4PzFo13d3fMEi6vXvVtE4g7mX04bHraaaeddtppp5122mkfi0V02NAZ4wAAIABJREFUITZ21vFNnFZu4rHyYnz4/eUs12PJzfak/A+LY7+3/PP8ef6jPN9nSOr8PD9/d5/8iMqJfLEvXYMPKocV6vnAEupKUAClWeacc/LEaE2GQoW5R53FyjkCZw59cUqf5cmABhEsxYpgLnKfB23SDFUx+QkVVUUmhvIfZyYsVcc0M2FUph4EMtaY0coD0UEXGhwSj4tEXUlPCBclQKK0HsY7InlTyQ11o0m4WPAtQca6h9kgh6T4aO6TD0CLZiveQ5qNUcHWYKJkAsWJkmZFsncDXZgYqyIJItH99WSS7b+MlWJXKGAOvyAbQY69JjWeCIY8mjh+Qo/cruKmRmc33WBTNoasipO8BQ29LStwmvAcxlN40FuRkYppBFgYAGHCEFZAYwHYheRyETidTxqjMmPWFb/NCP4cqxMoJfOHFsgMb+ekKy2Guh0SyluusVVu9Rgxleyr6oEI/Qc8kdXLGYSEQguYrdC0U+MYoXCBGNcgtcXIjD4YiLRtOzCIHSA46MkIxdQBQtJsd1xQQDGP+BrgOqIWqqShpOkOTOHiguZ8ZrhQ5xgCEWlB0pXloVNKVaKtIaCL86Ig+5zPTAaPkERSHMcIytkYjgCK+7oR+pOOOahR6Pnncn6pOPQoagKBDqqyKVqT1pRoTRpbgzbVwBFFm2gXaSINKiINQfnR6KaY4FENgeb+CCEye1iNLhZA6J6waGvuPaQhKMnOhlxUZ+dYBcR1GyQBm+lRkZMbIkCTRgNpptDWgtHWtEn/5O1nn//wR2//4Z8ev3pHXlVJwIbtsIaQZBUozTtSArNDZkY0cKDSpyX314aZ7fs+xuP18eHh8bqPMWzfx74/Ol5FMmHknGiL410cw8KKEyjQXPRTtKtuvW9b37RdLtvd5RKIYN/i/LZdLpfNkT+gNckeg+ODmsuJuIKoSmviaS39X4KOAy9N6bQtqnpdkELEuF6v4bMSH3SJb3eN/orsWFrARt5Qwwhqa0Ika5LJ1IwMmqLeX6yFo7xGNMrccYKbr0Qk8rMajOYjzEgb1rsK4YgmBJ5pMaYTFzFoxqy97ntBdBB4ikZHHxEJ9nJ3UfooH4ZF5D26R4GyZC3jFMVgHCg9TtX0vLImK73Z8WIM1+PDCCaW63jM0Zw0gUTDMzPSE84Sqk3jTcg3xySeH5OOWmq3Vm9PtXmoNnwc3ijqPSrWAWa3Zw7I5XVr4U82Eez7SKYxNDVgfbXKNwERoYZ+s8xyRFwu1VFqAE0bRPZ97PuAz/iYwjOzcpE7fTeJalsfzs/v+76P0XpXNGRW3XcP72zYmzevt20zG8Z961uDwEicCOFpp5122mmnnXbaaR+RvQetkPdGa7/Ntx9y99+mzG/++bso8/w8P9/zuTIIJ4YRodbz/Hn+uzqPeZ7fUTnreX7DcvhCOev1X1tPvlQfPFd+oj2Cw281gkbqYJtAaWZCBakrt0zqKM8VeINErQ5RuGB1cD7wugV+jXZRDndhhrwjslqBsETLXLquzq+SXJgPemuSEfBEA+VYXXASGqPyK/fvGbpeMQiPVtwFD/1WxsEQ2IyqEhkSdzTTJR/d1iaWTGRX6poZpzRG5jNmk8ZzSypeZiELt8DpDmbVjzfVjg5Jgl00ZoYjV4yQkZdMEojKQGnqIC522yFRYV3S5lWz58HKq4gzKyy4HBc6aCE26BnLuAKEC8pYVMIYNvnQU2qULpPISArn1xejcVG6nY9VkrlO0cEKP88R6NCBimBMjHnOy2xHi148shtrnFbtAyDUSB0aeLAkRlgA4dL6IkU4g/OHHJDKSUEAgx4uTkaghTxj5BrEgJjZFSFeR4bundkYnqpLhRgGcVJp+JxsaCTsGiF3BXajRuI0IWQ3YsSICzeYj62BOKEQf1CCckemGp4PchStmQYjaEKTGCQMup5DVhZeKBiMgCKSaTXRlrsUVFqXtok0gfR+0ZBo7qHSHOnqgtEEUU9jp9pDeFI0EH4NNMGzwKoUwC+RWrXovBnCnyNXJAFCB5wnOWydsA4TgQu+P314+c7VNUrStxL+tihnkOKN4bkhO5s02+2LX/zqH/7u7+6/vKpoa2rcBVBpjKnD6bpDo7emfxG5HG0KHdt9jOu+X/f9ul+v1/06UlfUUw/OmZ/Z7QrSYRL3ErRz1U8V0aa9Zw+1tvXtsvXL1rfWt61ftu2ybZettey73pqLiPpi05oLMwLCpt67Um0pZNKnAKPLXi5qvwj2arqwnHcheBqpExOOz75DeX6xSfOlaiRhHIMuWblQ64JDx2IHMpcVzYyzMUjSI1bKxumQ3QOso26YqSrBEdd3Z1e7RGRr2lqz3OhisQOGlc932PD5b8MAUNkV+xhj3zmbrgYwMf0WsrvnMk0hblQokyJZnjZG8M0LCW9lsXM0MjcrEvSGytSwy8Vj7KQ/rGb9nEQYcG/ukqmkjll2vaLcrgLLslG5CQMOdLDd9tzUIbJ2SPzIp6P7fzNrkeRSnt6l95aOJDYY6bLfZaYHLrBRm699YwxVHYP7vrfWOV9WpifJXM7aWhtjD26r5mseICL72Jug9623fn9/D6K11nrPRVNgFvRLOXbuaaeddtppp5122mmn/UGN743HvnRevnl8+Pb8S8d/8Lj6ef48/7s8/xyDEPXP/PP8ef47Os+PqJxgEH67co4I1/F6PFfOEaOZMScVoWhrqk2liY6xA7QBSMXJlsDNEVWLooBl+bq1RSx1CZMxoAzMzG9JFVw1MCtsVGH3CFQnHlO8l6VC7/nrWLMbODPdEpMVEPhgAksFMk2UcX6HCFwnxjMjsFgeKv5coUcPegsEHDZskGzSSkrAaEe2gdGSnIkWLZxVySc4oLhYEWOsENhaLDPYl2OlYLM6HwJogYrmQ7EekBDHBlZcKzhNnDWoYKirlSb8sZI16zOfLVkLie44HmUJTNGMwyw4SYOescyG65kNy76pinH2d4Ypg4oIwBiATSpwYvYXyCXR1ALZyMStotaJ6gSJp+acqkCGi/sxGLZCnciAE/sy5ecB43+uRzO8LnSV0eAx1fAXJCk2AJTZBBbtH7kh00EFj2vETIjwvwVAKCZg8GIVKq7Zac4IU3GA0O/oQ8ErycWZSf5PsYw2o7pgptCMKrYwNXP2DAc0qQmDeRq/9B7uXp0lrMydBBJ5tAABmuOJkOAOUgBpEA3pU4lBGcw/FWmAJxFrrW+tbSpNRbfLnWoLhE8DPJpuyo+0N23auqoKAh103tVE91pLUpfmAwcUl0hfqlrGPzhW3ld4xBUgRP4OiEyE0+/IOmim55ws7NhkkEMqPXLrDc1PWhe92+66tne//vKLX/7y/quvuJv2zuGT1cEZRWTg0/T8z3hiI1091MjdxuN+vYag6L7v+565CccIkl1mxnNeHSW3I4hKj2y62rS1VmittNb6xYHAS+UX3HrrrXcN9vzl0jRplD16TkKD1HMNigAh1Ki5IEqgREFdJ0q9dXEMMaGm6qmZ7eZ+fkzw/biHhHRm2wQamSTL8EFGM1sYorFaMrUx3W0DWuMEuXkCuaWCoKrGLgJLgG3dzZPznMl3d/Tcew0A2Yw0cIxSd/ZNBc57JEGoKDRgXNJTAw7fcBBVS3x87tyQRSxXKkOhv0OsbyMT2pz8WjOKNgYxd4HZCkT0p15eM5guKBFK+AIHVcdcPf0qnKhZd01t8FpxJVqKhMWAV1UeXFheeqNwoLqQCJ2tfOAL3kwcH6NG75+VtV9QYmjephzDEZhcVhLfcuQey9dldSg66zOGiWRGynUhixeztmw8CEi+tUayebPnpiJVeXh86Np6bzSjamvKAMvR0E6A8LTTTjvttNNOO+20j8puNoUvW28rolHnD/FbeeH803KenF93Fr5Y/tPzT+rz3vLP8+f5j/J8nzH6NQa6RpjP8+f5b3+e8zy/o3LW87y5nl9TDtfN60/vi+fq+eR6vlSfGZ88MpCIkMfKkxFdrgxLo4+xAxiOByh77x4RZYWfJ4yUOmrwYikBI8Vu/ckMWORID/hfNsUMSRZWkVbcxJtN9JN3uETL8ykltTQPXwQ7bAIqXDHCCXNyCbVDMsxZAJ/MxsiwpKU44UyXF2yzuJ1U1RCCj5MAF6Q7s2EciSlqK0DXE/ZU27hqGggPVUrGqVNkXBLBqwRwWeN8IJGM/AOi6uUvDcJiK0q1ADIenZSsbAowNOi8R8ilfUQoTQHqgQknACKPITnLOxAxJxfKEqJauIPwAOyYeqOwQW+/MSyRhcjsNcYo/Uwk9uEJz+YYc+JspXFKgHDyThKljJ5w7hJHDZ5M8QTXqwOK5vrUltbOnHdOzVqgY/ParrkGaxoygVuthGjMzvXBBFYc16l1SME6TCIf5jSUZXrAJWBtDFOvYgKw5A5Y5AhzFJM0SblRmhAKETEV9qYylT4pk8/E0tczAzxhnwhEDCIUFZUm3jYqYFAcaxqlqCYh2lSbaKucatIUFDOfngqnSwoiGxhzOFEMHIQN9xMqooakCXqx0gDN5GWSTMHedGutq/Zt25J1LRKZ6FQ1EVfnOztAqK21nrymSJlWE1BcG5FwOMc3QCBpa/Oj8N36R8OUkz2MswIQYxLHXopJAi53+nRYLv8vTdS5uU3b5a47VLNfr4DevdpebZeHn/z07//rf/31r351//jYSJ9E+26vXt211mgU2yV6dgX6wyuO3a6P14eHR19xHvfr/eODo0fXse/7TnDf9+t+DT3IkEA0F+0UoDdV8bWrb9u29e4yob1vvbdLb33rIuh9u2zb3eWybd4dogJVaSkZuW1bC5iKPYiDrbVGMw3WoBa/LZvR59TcJKHLC8IyR0UVoc0IiOq+23W/DhuqAV2PyMoWdLryaSIxx70/9n2ng8jQse+aOxUYWwqExXKOEauBKoJNNf2hg5CO/mY2UGfgxljxdHEBWorIdexIGtzD44M7lmEmAjM4BLfvYwxzUqATqIf7DYFC2ASiZoMjlZWhhA1DgYPLJpiFKuvD2DPCSiXHXRZxS5+s5VZJMzFRpSoL8WqLz88ywosg31Ec0vcOXaEwh4E16sJoP0+jGPsP6D4qvQUth7p7BkuSXCyTRmnRpBzmbsOAMYaIVY/XFM0SptBo7OxKufIx9npN2ratFlMjbTd/v4vmzfcJLqCpjxlSxjB/rVJVH5ZAtIm/GDRtvo1DtfXezOzuchlj7Ps1chBuvXclu7sn9Rej1gg+PN7f37/73tu3renD/f2bN29IMxuMl0cWzHnaaaeddtppp5122mkfg93u1ZYlfdLL8V55Gh9+5vrKEfhcOVIRmq8t5+Xyv9n15/nz/B/+fF/5PzyPz+N/I8cJ/zxzDT+oHOay8cw1y2aTRTRzZrqTBTtLUlNsIncZPBocBGDuTi+hM02M8KBxurL9ZBaL1RLtWMCuCaiRFKjNtFtJwjnyCA+3y9D5SkwEgOdgmZAq4+3JOjgUcnue6/WVMSjYGCuu5TJxC3cwNPScMjJF2IIZQ1hFK28AoaVf1oxBIOmCfoHrwEitPE/Zi1JQ6AH8E1T9M/R5AN5UPRQLwTF72ZGm+d6d/o7rHCiMtx20lLB+uzAIuQpwho7o8kkyKSthuw0zBoFwDKfA7ft+ve4jpNGCenmLhhbgV8nMpPgrMxItM2wNl3gtZukTLLxEY58diVIpmmpYLpwSB3wtQ/UyqZWzEbMzkztmBahGwrwChtQ1Og9MlPqTdRliXQ7mCZ01MoZ5Ci8EYcvCM9EgMIOPkiDcYabWawIRMw6nxEmjsyadS6PIqY/QNm5NtGlzOccmTVUUTeAakY7cBJMvm8WlQSVAHg30xYEAEXNhVAokyHmONFsyfwxCaCYsdBqiQjQaRkJaUqSpqEgPYmBkoAtmYW+bqIS0pRY+uOr5+WlntanAYamgEEKC+qaijgzGYEQL/uDRyxURKBGNtQfXceagzOSXMwHF4mPK9AyTWi6SK9PcbqgEO4mmzRPoGVW1QbW1bbv85Kd/+i//9E9ffvHF3//mN4/DNhVSbB9mbE223qh6f39f2Mbj9Voj+P7xYSTqv9u4Xq+P1+t17I6E7ft+Hftuu2P8DoSpoDXV1i59661trW3bdnFocNsufeu9X/ywNxVtMZbYAkNsBeAK4PteINJULv2SPQdVCfRdiu1ZepVc/NbE49dp6ZPPgpvlJcGGGQyCBizKnlpbSVIfeNF7DJiI5dstXaV/Rk7G6ZclxrbZumOU4fDHGGPfhxlFxPnV/iOJsi0Vlamq5TBsEdH2hcyrFzklbQ8x2silG0qRcevEyuf6mOK6NK5EutqZkfxMCXcNkUDsagcDa7PQ6sBjw0aw/GYn+Up3swL5iMp/8A/Gklcgby5M6c+d1k+6oDAz2aNFQk2UiHPtoQm0MvdvzLXYUfZn4fl1HalGuFkxV56fW1P3ijLf0FRrXxEA6QmsLoPnCA0uviO7qbqDvrUjhbjF902o9N5aUJ8jD3TTdrlsrQUUTaKp+uYAbW3s+8PDw93d5XLZNPZIiEO2vXtyz/e8VJx22mmnnXbaaaeddtofwHKD3zPxVXk5ZvtMnFZe+O1LMeGXyvmQMl+6/psf/y7KPI/P4/ccdxxzrZ3H5/Hv5Bj/7ZQTs+RblIPnzmOWHzS/PK7gdorkKVoTFneKRSCokFxF0OakLp5KLVZpk4MV/++x7mMJySQrXHC1FT45BNcSTD1YRLjqmrgLM2XgrF8QNSNoVvVJPcIpuhaXEnASkk0u11QViwtszfrlUctUySsJSxvmtLYEpRJcXHk+Ny3gdQhoddLVYGaaREcnqbh0ZLX+vJSHBjvGB5dGJZncuNnyXBkyz5sDSSLMHGy338aILJJogGpIuGPGMC176wYaDIAQWJBXMxv7CBTQG9ZPjrHv41otP6amXA2fhfJbkJ93cqEvkBL+ywaZceQVxEnWEDNXIW5uV81ZGPMCANXAFGDiECEaWkqk8yeBfEm2FQCxPBsJ+IIyOIO7WfPUfkQ9SKLUVX59LwImWdhAE5fh7JsIRamgiDmxRoGmUIEIx/6oYirQ5kCeqDpGGAwcEOK6xg7gKFzaUZsrVIaUcCLeKqJM6AwijD+aiJgFbaqpQtQIUow+TyJt2GDAhPFMUG8wAIEOQhcU2BtPm/SmXbRFUBsQaYImKq31w0aGzE9XeOZyPiPpCRBGP4ETC/QnwpRQXjjksmCEc9ZMLvZ0uUcosLzQMsMXXMaFqn1gLV52GaoBdIT4KKHsbN41Ann96ds/+4ufffHLX/7i578Yj482dtICyqWMYaDLYFpBNfuiGXq9Xh/uHx4eHrQ1ADS7Pj6S3B3cN4NQRVpvTXTb+t22XS6XbWtb713VUYW7y+WybVvvvnz13rfWtTWATbW3SPg4odvpV72DtbfWWzC2XSDRXYVGl9VWipslZRLjC8F3kCyvyUx/ztnX0KscmTOR3uwKMSehBYVqVfYmnDxtqPuFFybNE3xq9rogLubMRyvermZzDSIgNoZvwZCR4qM2AiDU2iSRA8T1Jc2GU6rNMDMgxp+ZZbEUPSHFE56l1VomLvor4UrKvYFmorFBw0FWjRU63FKussu6Fu5xJpr16RaCn9EacwroEU13/WkfFuGTEzdPYQAmWonYg1Fwfb1hydzyZIEd1qiw6X0X3l7OZ4lMqQwic21hyfzLfiVnylGUBLFTWBG+xH8g6cRz9TGi1FyLm7/uOnrBFsK2R0SISnc780aCrTWCYnM7V7Z5LCt0Td19wPjm9eveOmlNdb9eSVPVbVtkKk477bTTTjvttNNOO+2jMf5W8V759nHs+Hf4xxFLP4/P49/X8XM5CM/P8/M7/+RHVM7KIHzmEx9UDjOu9KEl5JVzg7tjGCoR3AmuS2utCTy10AEOKthqOVeBJ8BzNM0KTSjxUJ+4XIpwEV+tkfYFIMQatJYlMPU+m7G7RSpzrbXHxdeQq4CVP2qqnFW4c/lvsD7qsoIGC+oTuPDXQi80S5U5jzZ63iALuCuZiMeHXtsrQn6LFFsEPCfrzk85RQx0LscaGz10RyFzS+F1L3qGwtnHIqEkFzdZExY+rWdqccZhETgCGTt2BxcKTraqU3CsGrCgQcvjopgMGyOQwL1ogvu+j3Hd9/06rtf9amMM2gLGLkPW62aWbZct6fmWFvZqUTBcFhIl5LeOxgkwe8otPNW/LdDdEg4qcob/dEGIWXJ60WjRiAIRpSwtKfnNAifTENO7UOeVkqu9tdo2kMNnBoVLDNLL0iVHosAIqjMHAyAM5b0miGRuQtsfRdgcHWziOU4lE3IlEKJNRV2FMxDEzDTq3MRJHxRBAYQKVxh1LM15Toy9DiJKiNE5gsIoyVNj5lwI6VH1zQp0BuGc6eGZ1PEj7Zn01NuyJeM63ZSubLMUEi1vluKxAtXc/1B8QAjUWUeJxkWJN3LYS7g+IaJYBGrLRHqyQJKTrIWAVLKM3GlRk4CLa9fFMXiz5O1cQRpQV3P07HK9/9FPfvrLX/zyH//xn37xz/+8P967GrGggeLzsrVmZsP26z5UxciH6/Xx8bG39vjweH9/f71eG3ndr9fr47heCe7X6zBrTS+XS+ut9b61/vrV5c3r169fvdp6U0nIGXq5bFvvvbmDkkoFSbK3tnXXB/XnDU3IRAvRQltbm4gzep3JNGCgE1Q1kSDWChqcXndyCWW557KRe3YY/t69E+EwuYqGIwJgklR+Rw5XAVYSFlKTSRycMFXCyUab3nUqcGbVgOWEhQqoA4QFFI0xcp2k0UATU20tO5kAoOpSvD7gHDXzhkmBAVlW2dz7U8uTxCrg436uq649W0ztWJE9y+Bh+cFExnN1y7tNViVGYYE4WD5eLkCBwOUdJlV81iT+z8xyKxCWr0hQy+UGhToI1AUoIl+f6FRrHBbrmF6ZhdQbQ0UyEWpuA4rHnvtFfOsE0nUkSMjUUc7/5MUqOsVOc1HBIjZQvMO5CMkBO5R4vmyiIjAzEy0H0zWfO4vxrShm3IPEzyZyd7lTwTCKYL8+RtLQ5hN2EklPO+2000477bTTTjvtY7D3oBXy3mjtt/n2Q+7+25T5zT9/F2Wen+fnez77MWJ8Hp/HH3iMb3b9Qs3jt7kvnz9/W+YaZ3rpej5zPo75/jKlavNifZ5uxZ6x4EVbsCgoJZLXVFsjDK6AKDRP5FXKV5N+AiZuIsfbrhpfT+qxENdKVOog0Xdr85dP4JaXrZrxcC4U4TKIVgAhUk/1UMMD3jWRqtWSTHK0MWijynTqTFAu4N+PWWCgWof0QtV0Fb+Lx4kWe9KuayNlxJicTLUZzYzboCKza1B1kbFcWgzFDTmorT7tixVrrKh1JaekRhD/SEKVNURb4csS1ssWtQy5Z1+Q1zH2PShJDhA6DLvv+/X6cN2v1zH26zWQxYJks2RvkbhX5uybvS8RU064apJRVNXGIOmj9vj4MoOli2Dg0juzqUWhjkuhwHi2pjkhAg4Ooc1C9hweCE1NOZ7POLVIB/OvuMa3ANRk771nV3PdCZDss6THAgKooKknfvOzjrWYRPDak6NBBc2JcgAwpEiBKk2hkTaTAHwrgqRvSXqdBo6SycGKHuO1KBQUIW0XuJ2BoZysqhAGRqhM4G2OdgBQqAJiAWxUVj+Zw9zz26m60GggEwzGo2NQNWcxMUFJkFIO0w3q1B8nbq5eza9H4JQpInrAniej7GYsmU2MOSftoR8lOaIz+B9JXovcxbXMhWJIJEDIEq+MBJOiCAnX3cabt29/+ud//vOf//yLX/+6b21/fNjv743oUKPsu10udz5JH/frtm37GI+Pj/fv3r16/fr+8eHh8ZHgw7uvfvPVl/t1d7FBgfSmn3zyyZs3r16/fv3q1au7u8tl2+4uW2/d5YC7Su8qkFAOFRGG4GYx4ZsLi/ZKT2chEzkXmpRk5HAmVlMJwhypikhLOL19zBh3NDQThEyiu61hkVNXXAN5RD5FEVE0JWAMlU5VFZ1AoxzQI7NBiJm11oYZaKISK1TROpmy2U7Xyl03S20nfGkDFu4zd0EIPNdovAuQuw144lgGCS8lO50dLArxZHiuwrtuEFnw61p+fIAZLDJ03iyj3vJjjONCH8uu429IHu1yjdSyxfTnJAkD4Ih4fbXMIN5Ia06J0dx0sbQoag1iJcfLrRUWdVpeFYy5Y2QunkzXbTRHD7NVaqFLN5YWlS+gf77FHBbodeV1hM9H9frGMpdwTjA7WHpLIccVKttZw3Gs+SzzeLaYN7CvtnPnk5kG/VEYWus29v1x3wXol4uqutotskqttXp9+eC3u9NOO+2000477bTTTvt9WAUIn4nZCpaNi4dr5BDLPZR3uF5ejgnP/cIfQ+z9PD6Pf0/Hvf5tKjFFzuPz+EOO+RHU4VvUMwUDn/ltrBRfUz4AvHQNY0P48u1afm2ID2zDvMAUG5UmsIzvxA5ylRXb8NCbcyuKTQVIBNq/RiiKFeeELDGpZOPkhnRM3KvUKr0GchvXXsLfjC31zGCihKAgg/VSiNekR2GhEmakl0aENFeFNWmTsbCSBp1vN4OWroiYscV4FtLGGPvYzSx144ypZLmCCktkE8fQfyQ8Q+61D/5UgSySnI356wXBjThooL0qGQ49wlfJ/VhcdQZvCwuF401Rm0O2QnfnZubqeTaGRNovCC004gRCZRY/4ThMLNKsGAnMIDeMcI7BMAyzMcz8ZP3XOIbt+/54vV4jC+FeVM2xIIxIPbcY5h6whiLVd6VUXLHI1UbMOtXgnBI2Q9soMF0mtoca6PNDPDuajxQlErAFp/gbIzTs2e8OWvTavKEcbtLIVydJRRPPLRZcNNHg3IkjkqvMXgwbqQSCq1KeZyL153fsBM7cIzlggYQIALECCF2IU4GmFGGx4zQ/y2/01pIJEw2V2A2KeFcEG8CBvakTich9JZHyzd2mSEOjwERAtegsTFoNIFCopG6hOLPQ/UQScxCTK7HkCW3qAAAgAElEQVTLZXQn3THkRrMBswcmQJiti1AHjPminnLQsYDAJXVBAPUweuZ95XhQ8zE5bvGMxcXCVBIud0qpjG0mqHxpk06FevrodccchIqQavXbG6jSoE1N8NkPP/+r//lv/+Xn//wPf/f/8Tru3nzagev1CuLu7m4MF/kNFD+BfH7x5a/fvXv37t1Xj4+PvXcV7b2L4NXd5Qeff//TTz99+/ZTbfLq7u7V5dJak0yRybGb7a1pbyqkgBrUxvoHGkXQukZqs1IvzJkc+R4dhhfPeqfS4BPNXIrYAIXVemWewjJ9cZK/ATpW6G0fACEIg9kYIS+ajGezQRs0ARQ04dj31BuFE/gQxOKQNnUJZRE0ihHDIKAqjTAKQYdF/aVhijCbr5K+D8RIlP6mFf8dkZqwOt1iB4gJ4lHD32oQBIsoa7knyJdh+l6EfHsJpxFD6/AP4zVlYy7pKdGpMWOKNO23MBqTOSfiHR4dUKhtgmSxKtEwfFNOmxkQsWhkR5pGYF39EjqNv0esOC4WClUnHMNoMDGfoUYbg8bYANE08Lxa8QQY5rNp4SdOvFNyk4p/E/hrQJIhsV37F3wgxosbQQlG7wL8r1ucDimfa0fITk8QSDNd0L65tSs2cUzomr59KyiJuSXGfRyB/fEBgkvvvfcmLp8gFO8CqkrfOgSxS8fMt3UM4M2bNz4/8y3l+f1kp5122mmnnXbaaaed9gezitmWnP8ad30Wy8iozyES+1Ls96XzSwjpxZjwy7+9qc93E9/+rso5j8/jl4/7IoiD8/g8/l0d8/dbDr/dNfj66/Ge+uC581kmOSAtVX7TQgLM+T5d1EQ9gRLNo1sZAC8EMONSC33AI4B+uyexnhX0WsLdEd4OXCTRgAWTSTW+DDhWuc+S2IQSYmWsXKcyaUHLbyt7FDPX3cT+PHnUESBkalS67yrFypDkXK4CJ9vNZiKjKMrM0zkx9UhnwrJZIHhsLqbq2M2zM56uQmxmLm8qopJwwEJfSHi2orG8GQez/Lo7yTmIiASfGdQtnW9HVfnCKxIir3gwc0zOblxuOk/lEGPiwZL7pxijYEGT3VwkkIRqa30zV8N0PBtAYJaaU0RUNKAgY5HxqjW80RPum20YVxF5uvkY5nyFm3D3ghSt4x+AtNYCKfK8gEnrVU9yF4KIFJGmTVsvkMPr3lKLc2VDOYbhNwtMGBLfI9E/11ec/DOf9Eg9RckZQ8fIPfuVZibGQLaYmwqQIp2BDk6AUDXJhfHpCKIkBhc8ldoeoJrJ91J4M2GS8gwydxOgOH+SI4eYWbrEk7BxeibMAe0XhFJh/JzZ9hLAWBIVYyTMLGoaLao+FwJRlYSFD7TNPMsJwEaOxQBTTIRJXl3Sz4kc5kM4T1mdbvlGlRXhS0dX3RinEwFN7JEILUEGQLjsfqzW0pjRyvDOmj4AARgKycubN3/005/+7X/8jw/3jz//x39qNOxj2KOL3O7Xx+v1OsxIPj4+7mNcx76P8dW7r3LCcozRe3/9+tUnb9788Ac/ePv27evXr7beVXG3bb13AcwGANBsqI0icma3O+idKfGath7wYM5XJ0D6PgB3HMk/pbGWR990wFFp/orHbJ6XNJrTCiD0nIJhCRDCScEsdDD4i5591uE7U6qLfiK0Mq3y16oEv2zYIKiiJIbFxRqQpc2lrFb8yUqPWZLUrpC9NENSHmn+d44+qylCw4gZZRQMCZcs7vVw0DKFbzRhzFBOfy8QjbyeXBeUGr3GuRUmRC81ByeXX7lD8L40eRlGknzDYZIqVbrOQZ2rTGXIy8ki0XT1IO4fQkKBsSmk0iWS6v8ktzQqCc1V2yqn4nHCHrN9otbZ3LLy5GVmXph7d+plTvzNLCWYlxx+XEQNEGRNFGuW1hax7eWO6+oWTtXPhGDvUoiPPdJCC6G3tm1ba61eJH3ADDMFXb1eVXtvvtvCb9BczV4kksgug+S000477bTTTjvttNM+CvuQuO6TY/nA6+Xl8pct6H/4WPp5fB7/vo57YvITV0d+d54/z/93ez6DM89czw8qB8f9+Yfrl1jTPJ+cRTOnuAmhERlfAA1t2lqjNdqoPeklVphM+ozb3TD51njTEWRCYlpTWqvC6hVTTwkszSi5Qw9ValUgyn8BI/QANqUwwsqcl+vsBLISVnMiAjOdYGpSmkeJY202EplACosGpgklwT8QJqVlmVnxlhOWKpeJQSTSJSJIHlnZKpI245/1/HPM+H0k8+YFUBGijAu/KHxv5kXiobBbscE6ypbL4fmkyZdeCIbhwqwK5CT/9oviqILJFeCOXtP5pze/C51lnDSxZBWlqqWk4Bj7GBCR3ppt+763/TrGCB1S5watcdsn0FM+T8SpC9Wp+GxBVPk8k7UHWR7ax7RWG6w3ZQm5FUixtGSwE0uLVVtTbQAq15mItNYjk5oWFRExrpIF6JFYDblSdaHLJnHjKVCpnhyvJbZeHQmAiqbJ4ZUaKULNjXTeZi4f6niqwvP6BTLiScUcsmwht4nINVYcyIDdcmQtCJ3K0sgylUU9mxoSmljGYkK2nkVybjmIqmsChBl2T4Aw8z8W7LkE5+uL2tSQnZWjY254WDmdMZRnMsIEQYUOskoyNBP0jtkLFAo760A5TtJ56TqJ86vyHBKOgpW+zL9RBgpu9UvGJgsa4DKSMCqS2OmDMJ7JISXR3l5vb//93/zNr37xKyG//MUvruNeWrPdrvv1+njd930MM7N9jOv1+nB9fLg+PDw+eDVaa5e7y/fevv3+Z599/vn3f/D9z1+9eqUqtl8V2HpvrQE29kEaOIbQYZbetPXmG1ickksLxp5GYjMfzTYhK5ltFmtBEgEZ4wmlTknCOEgwthlYIdEcNmz4rYeVXnSIFXtvJgjDwFnN85rGcgCjmlqtQkazAZoj9YyxiH2QEFUTqgszFhnxKIiN5Wm4eEhPk4h9uAovxsC+7+73DZa5jKnJGly2cjgMJWbDR3XQJEUwJaDzvznPEpxLILH2GeXJFRG8Ac+Ciai5EDqSWqN/sZtXi0SwpJaMWEbARoiWNylcDssrDDVxNUv116yhkGIQBQGx2EtDdd3sxIaNEFhOBtd/riGX66YsS11yc6vngtGYj7YCZbIWE3M8EO965CWzbLzr2TCKI8CeW1mrDf31bozBG7+ZPePdRtI3cKioM3VDUbu5Y3VC4DCz1nTbtt57pZ5UFZHGxNVVVMSa6qu7V6rKVE0nTaS1JpHS9AQHTzvttNNOO+2000772Cz32T4TX3053vtMnFYO18sL5z803ltBjt9xHFt+x+Wf58/zN+d7Kv0dPvHkzHn+PH88j292PZ+exwfcFx9QznPX8wPqyZvyl/rw66+PYy7AzKGedV9wXknPbKS5R742+jtG1Vojm7Vm1nS04BEAhaYctpkfEaaKT+OA4t3aEUNRWULsS7xKBYpk1tQNZsocCJ67ibdG7o2XwsNSS7SQwgk7FQeiAqsQAwdTRc6YzArBkokndOW8MCnwjTSaFi4GmKfcSX1RR6qKTrRESz26p0l8kuO3EUdG85RgmXEKtTvJYAJVmAMOBhGqiLQYDhQuCSvNRoUrEdSLpaMrbls9Fb+MjHMigXm0mTRy1lmErbXkfUVYcpJEs6dWgNAhHC4BUzWtnqoUR2VGio3SozPSuThm1sfovQ+MYeM6prDhPsawYcnXyod1YEsKmVmeHcWfcD3JdQAHdbGmwYJlxVXQAz54pM+qIuC9hJGOjR+ClJW9UqU5B7LyfhV3ckGXQY64QDUkYL2wFn+T1JzsOdiQ0sBKSYpKVSzy9Qnm2PGbcrINhX6nVjN4IsQMxVbnIQoTYQs+nAayIyLSmgautzAlecix5xkGE2ILgLAEUhfvEZH2sd4LTAYPZ9NluyGymGV/DjOqo5qOQOqECWMXgedpi56u4RBt7zJ9NsdY4LBzMOS7UADG/rBacyFnWbis8I+HTlhd4IFWVe45CIIrQDiRw2Av17865uaSQEH8f4CwQRSiEFACTlFQOWjadAiE/P6PfvS//G//66vL9p/+9//j8eH65pNPrg/vfv3Lr/axP173x+t134eZPeyPX92/u79/Zzau16uZbdv24x//6N/95V/+yR//yetXr/bHR9Jow1Ts8dqILqLSrxJZ/bgPXyFS0RpA0JKoCMKrKoSDI9Q0q2sCuxsF9IekM+EOJHhsBFRotLGbrA7fMFngySAcIeOZyWV930IrkEpFHBw1mjOYXW6axYyNJWiEnis1ADJymEDEhmDYGKP0hPd9L1dwBAvn6ibBpIcBe+J5RuzOxYz3jBhSBljNTZkvDQFfibSmlihO7dVwPhhpcvPLcmYCMUkU9rC4+BQN3nwsbyvHju6fZAqGr/7n8Gdk4EOpl5d7rOVlxftBUMJ5iBlqx08sze7UKBYbQhoxAmAl3a0jQMBoDovdQTHXzOZGHwfVZO6mCqcVaSwnQBj8vFrj6hEyESDWxcSXvZVAve5REYC0IQfYzcxiLev9ZjXJDIhJvQR8DwqAJqoS5FkFlDCa1BgTbNtl2zYRR9O9w0RFmgpNzCckoE177+vE2ffrtnV/ZF9gzXDaaaeddtppp5122mkfkZEvxJkjZPtsPFkO1+c/rZ6WI/Ji+XKICX9Mcfjz/Hn+d3i+z6isR6zO4/P4g475rcvhd3TN+69/oZ4R0eEzv6V/8TXlZzANyOXlhfvithwaKITC2SMJGJiZiIq0Cr9ZIksKsdqCD7iWVMiJPdnvvsAkBzswxkQq5qcZX58wwKLStxR8KCqR12XVDp6cm6uFlSSqYNmwP+tc6GB+Vyghk+2xsDMi3FYEDrP4hWQ1kinilAlPvTUBwiCEpTJkMR5siZ8WGWJiYwkMiwDSIgQeHSsh70ZRddaWSuZGQ4kPTq1EeH6ghpaoQ7bjRLiSLSJJBstYb+pLLphHgYCawFWyRAo78cx3knw3j9TGi1OkiEvqQcrwtdC3hC06rsYl+i3sHo7Pdi+hv2G2j/1q+7Bx53Kuw/Z9XMd13wdjEkyQRkUDzMx1KUDObJJECGOmJaGt3vLqygaNXFx1YVH8gGz/nPrrkM9WRwziDPMOM4g4GyoBVAhEW5sUHKAIayUxqqqGcjLaRLX6DpKIZ00qQixBqKmwH2Fizz96iLRzUQqNkwrEdcFx5WyzCs4L/bfZPppv1jebBJy1zErFt/iGxFehqvFLDc3OcoYxikkrCBYzMd8SSydSms8BwkxwZhAZaEIRA5KiVhRKwlY4HAV8y0yjuGbndNSwrSzIOaOR+oWoH+SNUid1ur0jg3D6Q8LAkncMHOzwL5JodJEbXxo++FhepAQt+ePmsGjSk+lYsmKT5oRrf8Af/vjH/+6v/np/3P+f//x/X9/9hoL+6t3jl9f7x8f7+/sxdqPtj2M87uO607j17Yc/+OHP/vJnf/TjH3/69pNXl0sToIkNmABC7U0A28dOs7GTQ4HLtgEHwImgGce4BiwmQo5BEdEUkg4PZCk2OqlXMdl0SVYXK4mzjimxLmTSO2eW09KfW6BDNLOx78GhUtZUNmIYh5nRWtNA/mi2M4YogkAdfZSL6iATCU1eYwvHWzTHVVsyoaJlvITgNen5X+l8MkwPGGsdgtHmvPNWbuk4XvlU+zrH5JwDWL6FLRIF/u2zSKGU2yEdpaO6BHTMtXrGelJfKB3Wba3VMYnee2a2M4ZQOC1R/AncLvMz8qm6fw1pACtozgxmQzAANlV0VRGjS9EWhgdd8DYmw2+YOS8yYbxW3ed6toW2Vg8eNl1xbc+5NqTA7EGnQXJJVmhrLWji2SsEAatOJQeJ+TZCBvUxCZqRv5OkjXSQ5mrqIui9iXQz7b0hNRgchrza1b2lqm6qTaGiw+zdu3e9d4bqqfS+ucSosxVVubBYTzvttNNOO+2000477SMweSn26wHZ52K2Mil+Mx77bDnvKz8iw++LP7/825v6fDdx+O+qnPP4PH75uN/wpc7j8/jDjp/n232TY3xH1zx3Pb+unhUqe/ZefK784/WYx3iunnVfJGsuyrGxizYR9c36qBBhRBslxeTQWhuB00CLoJcwXLImgAwLWgWvA1eTun/mYcq0XRk2D8k9B22YSNQKDS4xR2R023lgC8mhwBLL64WwVHIt3mcqgRZd0IPLyR6Ch2E5EAqled8b/lrhVY4ZeitPeNA8oDvGPsw8LhxcxCV4fBCIc/KXWauUekQhOshXCogzYgIPag4BhhaiOisNqtqbFAzUWrZowCkFQFX4NxtMnLLk1yQVZ0aKkWAhZ/cVOljoziRgZJEi2rRUF0VLYtKfLF+MfMxSLTrE0UChrg1lQd+J3u/J4jBat9kvRrvabtnyY0Ssf4zINsaMyPuThrZlAIdJqko53In3AEFPWzMfQhNJcYAwYJ7MnyfV1P5OVTcoqCaAWdSfGTKHeI6upDCKk1knPybj16EyGlkLM4JcEF8Qp+ackuXPkLifCpnxpTdn0A2XyL84vVfTE4AFncW0Y8weKXRuDjEWEzGIw+m8ZE78HBsBKFZavnpFdxC8YX0+lUIjtW4YUPrURp2l1KBe5m7oLjq9SBsVFGfMMKG2/HnwBX1vQyjCSlQu4/SIKVxAYv6ZXYyau1qdn/DUMitvyb3PAIRImF2WpoTPlyx0/kNm/notfG2XuHCYQdKBSugUZoM6udNrqA6aXrbLj/74j82sb5d//oe//+d//Ptf3//m/ssvHmw87Pt+vdJsvw7biSGffvr2xz/60Z/9+Z/97C9/9vr1Kxv72B84dtqVtsNMaaKeVpAW6fcKW3KOHfd9TC8FIQct6VYqOdEpgMkKfYcfDpSlCGqBaTmvTkiM4C77wjCS2JprRu4oscGxj33s5ow/V2idrT1sjEGDwDKrrQXd0MoL+yQlxGanza4qqtkOqCgzz+6BDj8lpOOXDtaTEFWEPjYL7Tfjws+feDesxryQI3ICwhL0tphnOdwik1zCtpHc0yHJ6LLFYS7zf8UaS560VuqcEaxtJyv8uQKNkVUxl9dlGQr10NBcXki2mBk/JbsxVoNqvGrVpZWAQD1dedapb+KymU7Rm+8C6dnqgUkbNiqxpQ/owtZyZ8XcxpTNEk4+8f5IM+lDdFL4gwg5110Vz1dZs3buqZKEnAES+SoBkDAboaSgVEEkzhzDe5yUABNFnGVYqCQgFsmbHY8XEJO07yq9Y9AGwNZUW4Oou1wQZql0fNppp5122mmnnXbaaR+J8aXYbwZin4sPy+E8ltjsszHh58pPBuHHEXs/j8/j39NxD9wb5+f5+Y0++Xsp4Zve5en1L5TAJAo+vZK5of695QOs+PHtlUwK2HPfmg01qgorqV1Bd448aVNpToZhU9uNmcfGg0ErwJbk+ozxZYTSzJwzU5zHQgrhpBvVkKiE+Npa6MSTVbkipcUCOoB3ywFTOSzhkwjXWaKDE+qLLEqApxz0QKHRxjBpkXCuWgfBE6HRqsUcryo9V5qZ7cEuAs3Zgxn05DEWz5sDb4OJDyTmEJyvoPBZEEDQRNE0eIjFclNt2vrWA5KKTFyOoDjpM8hKjgGLywYmNpN96ThHK4ApsTPN7VAV9n3GAkMEE2VzdE2PDEJPb4ZkYU7MI3T8sos0x1OFcVOhrPR2qzeL/0kINo++T/PjiLwzBeEWWPOA4iRAaMmNmZkCJRmBdV32nhML40wQDZfxvNJllkFeodwISCeeqKA7CWiiX8nggaTkqQe1o4UFpFRY+iZNl0ihWMs+t6pETL+IxAdbEUG2zNSADKg5NfMAIvVFj5OWie1hxSrWWVuDugY8auZWHbPmx9YLmHmOuNS3VUhkS0UN9vUpdQ7z4omlT0Ciy0qaoCUdz1OUHdhLC/zgbkxlUpEShJdMALoCxNGMOp+IMYOTJYaCPQIP4YoSHeD8lT1UMMwyl00osMM4O3qexQMV+FuQrlResDl+lxSdsiR5XQfTm08++emf/dm23d198noov3j3m/GLn1+BK7nvNh6vY99V2mff+/xP//RPf/YXf/EnP/2Tzz773rD9/t1vdjMbu9lOXl2eVURdvzlwfxoECVsAgI2RuxM8z190o4iIZe5Vfz4XbywxaHAlamcSzUXUkUJwjCkC6dtBgqEIMc7VxDnKY6RapTgbLTaWuEKye1AbgSTNTLSMgenzDnQyL3Ltmht8HNIjLVVPa/QGkHYgn8Wj5X6IdNp5YlEizeniLou1YMYaWkglfQiQOoZJbBnyxVyz/ZlSmjRYbu9YUP/8OzDrmsN+MqYgWOOWc7ZlAdPn1w9XCn4M/uTkHXZlxL/QpRj1yTcNkE611XQzqkOBJFPbt7xHNLPWe5oIXH00nGfx/qMTY7gamRtsqjlCrDU4usu2oeIjJjroVbBhnupSSh9gWT0nzuvriplk1Zn5i0s4PKHqyTMUoaufgkSoCXt7jt5jFVJVs3gJ1eavEzLh9nwdgSOCZvseGKFqpU6EHgBCoXFMsYbTTjvttNNOO+200077OKzQitsILSTFVW5jtnOf79dd+Z7zKzfxpc8PRFJejC1/w8/vqpzz8/x8+fP5HITn5/n5dZ/4ZtfztyvhyTXPlPPc9fyAu/DmW3zNXY7XA8ULxHP1nAxCzitJiI3BNhBQWkkXRtxQVdG0tdZaIwc9NRFN6CwdFdHiR8womNwuoxmEO5yNr5o65yAKnIjFDBRW+YX1RYiTVfjkEKyciTX4lrHK1FVb9NtmNsEE+TzqCscBRzJEPENREgYTgGLp0UUAMSLBg8PMTIQghye9yxgjirEjUkzBfATNsF1Q1dbAO4XVVApIk0BWW3NwoqWpas+DAFL8OFPRMZQzS9AxMQwsFC04QWdVwExgeOF8cCaTmwjb0onBS3NFtZIknfiPthVmntHKCvVWU2f3+58ju694GFEfQ2rEAsI2nLs5xWAzsjxjqYmFqAgTzKNKC2BJgsBXtsrAFha6opsrGrVA3QeMcG2xOqnLeCjEkgEQStE7gJD4c0m9DCJXC1dmKCzHIs6mDRBrTTM28SfhoTcLg18ePnIN+rTtqok1o9SCU/YWNyhU1DO8UZwrHMuLkQXZylGndf+19cpm+sujzYtLsE4Sv80arIBffXolbbJ4ODHn5cp6iADniz6Tt9aElJNDysQMs7tzSEQsvXD1o1rg/DPbM/2Hvz+BKTMYirjLj53hlbsb12ZY5rnUTedY9SeIjlkGzOrNVx+777sAW++tNWdQffLpp9ufX+7evOpbf/dw/y//+q+/+NdfXvdBwcPj4/748IPvf/43f/3Xf/PXf/XDH/9IVL/88tf3D1/RHmk7yaYKtMSKctqajTHMhghYhF7HzIYNzryt3khOKVPRpi0WD5CS4BytuLnrvI5eW/LAjTHqSYdFQjzXjcxsamJmYx+eNE6LsQUR8bR2VsAkCLiuKIyR+45zWRT4ZoB1vJlx3RuBJ3YjvLmeGeAE/I6rXo2H9DyRSRMJZ8UIdBrqIitaAyCVIaVGUfmumVYwoa+qWCGyvtfJ1UFXL0GU2mlV47BW3i4TIuUPC7qLrT8kgN57gnaM1R928zjkAYbPs87INUQe4niUFZj0/RiRTDHdmKcOTcVrjt1EKGIx0jLHcPVIbWNY2Yfru0FuH7ldLhFDdPdmvqWVZ1bpfd9nZCNnemF4DuONYeGMmoo0DI5hZrsqVHprrffee8vJEhueBBTpWCBPn1Dep9frdfd3oDEAUW3+1ue5DzV9HyAq2LnX4nXaaaeddtppp5122mkfi72IVqQ62XPfys2VeCEm/CQH4fw85iA8P8/PfyOfmYOQ5+f5+Y0++Xsp4Zve5en1L5SAgKu+RX3qGO+98vbbMYaaNTpm4DPR/EChqipsrbXWG9nGGCbD94LTRduksvPM/FiyUpaAqZm1MLSWIKyugcVlS81xIS6wMKNhrmuXOOmS7qh+VQeBCEGA4hwk1ug5Ai3kKYHMdbcEUjPhnYQGXZaeXEAzl86ykAcLYUsiosYGmitaMh5gIX0gIFEmI0wgyf+pxGyYkVWV1ps66uckQQ3Yz3l5rbWtb44LNlFtmhCFSh5C4QBhgjCaaIVTnSpzntsCENZ1qli1JoEbXtfxzC3FMAssrlUGQ5ekcBUzXaLE2dmJWhki3VeBvgnzSqYsBGGtBZQ4k0zW6x1ntF0mnU98IVJXQNUIcy+NJAv3YuJZy08XgT8c4sg1SNeJsEZ7i9zlP3KlX5kQeLLiJCRPWw6TiZhD/UW0dgxEOzpDNpPbyfLA6llIwxcVkJTBZzi51PVhA5xqST3VyYKcackk5lth9boy8+ZMcL+XjeZzo5pK8sdz4B1B6LIW8rk3w2yh2SEpbwf0K06Qqwta4u9cKFYFW+SpdeSvnm2taqb1Es10gAeMTVbweJZTFZR6+lXleLXqqpaJzeZTynKU1EaZrvHWzWJp8Nvvpbdk1GHqM67VF0rXrnC4GJ6ZT8jWth/+6EeXbfv0zacX3WTnf/m//s8vvvjy9d3lf/jpT/7yL/78r/7Hf//q1d3j4/394/1vvvyydfW1Zd/3Fl5ezGg2HO8ZY0+V0eQgCZxBmEiMVQJIr7EZIZbsuSKuuV929h5qL0VMAQETNUmGXw7x4mCl+m75piAIxr3FhkOZLElMWQAe1290eFxbAwsEC18Sfin3rYSjyPOrb1mz1S7CnYTAkuouyiqzuNcpvI0FHEWqCdQgzD0kx5R4N6P/BrhCcJvluObOH61nkiV7uExQ7yTrXZ/uOpjT9rgxpeQNkCCaax9M97+g7dW9c+5McC48ukBAC0KxiwFX4bG9gQBmVtqC8JLPvbI6czdU6A2sriWSSq44KD2Dos3FohIh+26iOYkhqaM+kfxknZrMTRK5MUGk9x50TdZbkfkGopaeIxF03bat9zbHp1Byh4Tj7a2hteZza9/35UFi84rvYfJdDdHpvp5DBZxK96eddtppp5122mmnnfMPcAMAACAASURBVPYR2Uux2fd/e7xSXrjyPSV8SMknknJ+/nf3OXMQnp/n5zf5xO+lhG96l6fXv1ACnn77TetTx3jvfW+/HWPvNjzZFg5Rb4GEfpTvPbcR6c88pnMg0R3WzAjUFVixcF9kRYDkmCKoWsG39k9E8GgL7piioUuskM9dicgQNYmWVayDSA7ozcttJr5DPuuM9kVqsoQHyeEcwwkhmNNCGPJfZhwrRpkEoiBZLXH5wg9UFIpWIMkkSCl6744RNm1OEqzEeCramvbeW2sp29omQCjBY4pshZpyhzgEVT3EHz0W0c8DQIglxyAEq93Qp24AwnxAnSFsLGyJJzHfFSAMPucStoYTOkLxb4nzEpMoaCRMiTajvXGnYuB6MDQwohmvXiQ4VbVU3Z5DpyaKszz7U17aEY85YIQrXWxtgMNNyMpeuEjzurKl1qNF3aMpgvllY1SCMs8/tlQBCdTNJ55VrNpGklAtac4mE09ZxoEtE3qBKqCO2wZ9MDF+OdyGMqPtWIDYF2VsnxIH18sOQxET38XRMsQvNxjGHKBZh5f6VI4zqD4nOhiz7RYgXJGMm1qt7ZAnJolwGUPLmfmwt3Nw9tGRXrg0AqM0HoovUx+CiaEUFDnBIVBDX1YAtN4ZiAO27fL593941+4aZRO969v/+1/+8w++9/ZPf/LHP/3Jn3z22dsxru8e7/f9QRpbFzhLC556c4yd+3UUcrtockb3qStdB8rCQmLMKKEeKe6onZftys8Axm1RR+4sQ9xyehhZcFqZSp4Ts0nKlooiFBvN4nZHOHYBrw7QMpCgWiQZRQgvJ+3wiA7OyXLoTTjIGRzqoLYL1uV48tIFIgm4gqR7u9vZJKil+XagLk5v2esw2fAOjz3nBuewXSHGdSnM+Tlzxdbavk6o92CEa0Pli0Y2k2B1s1nyrGP+kJJbqPxVQI69Ri7z1B/EOOhkQZ89fMpNXLcCYNlUYke25aQYjoM4OUmOuLJJS7DvZruJk0FrMeXNE3ozNVXOvI+oNyB/93AWoNOf85wuk4UQ5mKka+P7Z5IId7M9xQMQ0tzVgI7/o9QFbl4HTjvttNNOO+2000477Q9uL8Vm3//t8cr499lLMeHnPp+9/re45vw8P/+b+uwz1AZktrLz+Dz+2mN+63L4HV3z/utfqGfGI5/5bSQn/Jryc1VA/PHifXFTjtlOjpQO44ICsfIFiQQTzWFCVriKobp5iK8lPWsiJ0VlWq1UJlWKXZFPsgjYYZ6PA3cXy8W1HPupZzaeZzqmJcNQwH+2ZGo67Na34kV6PNDgF04g1XGlzGeHpK5YkGdorkM3izqQluCJjBwQUWRcUVRUmoeXgwfmcm/aQli0Sd+23lvrTVVbb9pbb72QCBXprSenUFrrTVJXNGPl0Apw6hK5DtRPAzkkeMymVmnTEqcSfdqrMzI4//QHjsHpR5Ekzy97BiAknFahokX91Ix7F9hRAyu5hZVTMFEEjZSZWXTgUzOcb6BO1dkVaZHsKVGBRqw+oJ0SjhQHU9c9Y/MJJldxebg50j2WvTLlZqOxyDSacJIQmnqUOVREFalEO7FPBKljFmvFnFz+wwyR32AXs9dWdo1G+sPKpqhTUDM4iX7d0uXrHNQc8shOxAHtZWbkWjGPmYgwXGFCbs8Iihao8CwIkfHtW1RsdtfhYEEgoiUoc3DILQ6xfFVH0VaqItCcVLJ0+ZFuiIWKdID4AkxkEWeXRqumBlZkLycannGlkovKk9bJBrj5Koa3M9+UsVsgSFUL3KitMVnSmtMi0TrZ+vb59z9/87f/05vL3ffevPlP3/v0e2/uPv/s7ZvXd2bXfTyM8Shqr+66iAxHIUQBswEbzjSymtuo6TtMijlp9dQgMYblmBFVNYJmOA4CTuePMczMcY7mlTfhLbBUUxo54TiXixXZypyqvhIsY4vwxcIYjPOUmUxgybHB2JKC3Evi3TYRuCM0lZ5BhLlirV1ZVZrex2ErDbI4J4OQgJhZazXXb6fIusJO0mEu3Tff5jTB0ccchlzNJM9Be4MjFi1yQQcXuYLFllcD1sSR8Dj5xrLcnU8KOT7O8SlIEYk8tNHmujRaoaE+mZGbTpiqoMglxN9HrLC0I6nwRmBgtkPIETjj1H0+YaSQKkrhjWeT9D+qWqj6oTcXD73+trWmVF9CkQChhxzMkEkxY2q3JiINwrVB6kaOI7rgMMl97Fu/+A4l94dDHXEMDF5EW9ukGvG000477bTTTjvttNM+HpOXYr/+b6HnYraSjKg1HvtsOe8rPyLD74s/v/zbm/p8N3H476qc8/g8fvm4V4Bz3Sh8Hp/HX3fMb10Ov901z47bPMWX6rnG0m7KX4755OZcTryvKnzmXsWjAkHs+9VsGE3FAIE0FYnIZVZOVVrTkUQ0C7aBB9wUtIzByoyWApHPLeh2AIOGBHWKmlTym9BvXOAoSYaNV3hhJAGVD6uQiBUyrJapeFdETFmhq5Us6NmnAFCQAqE45GcScFipjMKCk5XEwQhpIrki9VuakYOkQLOumq8EUtCQ0ePRQimaYAuiFovZJa01aapNWwuBL22u06WREai1gG8gLZAcFZHee9feEo1ltjBVInGaahGlihWoEyRiAXhzqE4i23r6wDhZu9J7riLFxIE6cCj5yNBSAUNkTgpNnPjFEzC45NdMLP5LG2QXsWBr0pjheQ/vK0hR6esUjKoy+HAQcBWHzHxOk/+aKbJunmV5nKIoyfH8nAVLoDkyLGKJ+wMoMV5XeHV8VgVMdgoVYuKTb2J3Ps6RIfUZ2+XwNHtwGcPZkvW7leAigqazz1Uj26HXtulTsLiIZSBgtqDQt03E7FXhKti3DCcFggFbCTWPGOHNT54OLZ2anvP66ovsjmqECUIsGzFmsTd3nLcueUFhkXVzTnHlENavCgdUxc0j3BTO45h/Ot6ePvXKE8p/uzyXYu3wCPKkJBUQHIKAAUKg2N1gMKNk69vj9Qon3EL2PZIIbr3DKCYq+ubNJ3/7H/7D99+++dHnb3/1r/+yX+/36/3Dw1fv7r/KiSDX69XMVEV7vz48gKJt69Dr473ZCCzO6Ogkg2oYuH2k6APNdhuBcIiJKiUYokXbXp9cQ4XXzKjdgTPEPoNCWcZcOFhYnVUaQ9+QkOxrM5cXHUxZUUuCoyWOSoF4SlBKrKLBE0x0kAlRi8t55/1YlMT5UL49JAnx5HOSnu5XCshhvQcEShN9GhxlVR+UoVF6QCVvGtCHgyhmyUc2Yb7jL5XJgTlL8beENX9q3m7hfyOm5zo7AohSzXS1RIGrsaQzWalSK5pAiZlZVlXGyH00S9OVvjRjY0Ysf9mMBlAqNjCnmrjjj0yDhFkJzIYmdvnPOam11+owFWchgL+Vhfar7zcgfDcSCNhgrMxJ6FxXq9wW42tkNFpwxgmBWL43RfpMVaWaWKw7iHU8BdB9IHquTV86Y9D9/+y9TagtWXYm9q2149yqklxdQkIut1Ruo27atE0bjxoEHtggDxo8aGwaT4wNNgKDjQceGGMwuAeGHmiggfDAjZBAQgO7hWVBNwiXC1oDU8JtGuyWS8KiVFJ1/tSr/KnMypfvvXtO7LU8WD977Thx77uZ+TJfZmWsyjovbpwdO3bs3zjr29+3ksNbO975fF7X9fb23Pt6s5xSgIAZS+PYjoTeOzOWxWchvmOaOuywww477LDDDjvssJdjWn6OIOTB1H4OXfuKC0FjnKc7fdf7zl33o/ofL83ffhwfxy/hOGMQ4vg8Pj9Hn2Yf+NqgtUznLQ7uXSm33/Z1ld5VVKlT7ncnkkBLuDGhpbMKLo2pQsrucMwHGI6/jWsnuFdbtzgFWwqFN5CkDsvmLi/RVVw3pFzYYFDAfWgoTqtNXJ+tN3NSn0SQRhwdDKaaioj0voltiCJ/ZwAhlJjVWHmBMVDGGAQYilCKJOZm5DTjD1KoPhKonRpbWMHGxiDkhQylshCRy2lhCmCQLSqcK5Au3CI7HkVw1IKS9wC4g9FEvqpXdwtFpKbcFUA4tWxmoiOB/aul1a79yOXP5gdKlaVWeCJzmwYVtSK1Eswj62SiKl2F1JT7FCie3YnL5zKsRrhkBCTl4R5byLoiAID7AEIVX+Y0qKYBEOTwSOTGB0UMgJT+JKIIPRlt51VjraleXquJ0IE1vLvx8M9rgA2kogJCivjlcw9+GyVAQbA4f8EAdVoJwdgw2+FZoSmLaHqNDsYBRocqfJpNb+ICECb55hoj3AUInVBJhAIQ1gmkTj71vJTZWa8w4A0c7vWGmClpU0Jcl7Y84d2gY6CD17jnLhR617eja99x0ZgErhMoAgK2bm0cP8pRA+D29gxVbyfQ0prp0DZihajoZT2v59sf/uCt11977d0fvHM+P7vcPj3fPjmfnypkE4Ss9355drl9+iwC4wa2ljhbmcZrxapPMEbctBi51Lt4DRdib0Vosgqm2tqqUwaKvLcu1XlPPf6s1EIaiAiXn94qi1beFTmjMDm3pbfY1pFA1zZ9MuY9V8zekcwNxKgyvSh+0FJGWjWwtrGFDtU9vcfMfAMcbkbT5tZzDlugsWZYcLJs6ymHrWApqQXu7b1fK69G4ol/rBBCof2BYivMtqi1wJuVy6+ckXuyOdIo0dNTBMGzrg7lWWppr5uvdpUSWtjnZOtyxOQvCsz29tJ7t5xbaxn1cjNqXGS2aO3W5nDJU6s2sZYdw5CZjUrce7eesyxLwue992fPnvXemdtf+PKXT8uN3cF0r70YzARurdmrx95Wh8MOO+ywww477LDDDnvpVph87lONY4R/bPfbyQd7R8q4w93pr68qKfevveuqvRzu+3xImo87h+Pzc/c5GIR7CqTH+eP8XefxkfPBA9LjA+Z/nR5X35YRMKX/oOXJ9Cjnr++V6Jfnc7lc1nWVvjIxWMl5hOrMXgIRawOLOHDE7LJj5nmNKE3V15dOLafLFf4TArkIT+6kppVhwGLDPij9jBvPoMNO8f9cDpMFiMRmnD9g2QX9xFME1wIAbEe8u0NFjKQSDTSeUGvUKRGFGPtQVES69J6es7jOHHAB0pnzkZmIFczG53CMsCF1GwmmF2rCjstiLr/GFmJwMTZhGHPjJeIQcuNUN2xLW1qAOrYpfyAYs0xj4HBOTTMMs0IXo56taajAWxgH1VFO+Qo1LkXwd/JFBr2Ly6qF5l/xEhqlZgqUmDTRQivUTKyGyqpy0PUs9JLRjboKQZlElMKBPzuph5vXYzASExqFpKfXbYt4S45FFEeuicRJDdkW5QuA0MMeUkhJNGLfgIZ0NquqSbGxjZvWWhsOYY8jmWPCbgt1Ob68ThWuQocsgvmoDQCLI/cF5yOk/GzCXcSNOeBkBrXGTA7rjCEPh9VpAqSCi1gZSEQlsmcoec4AwxWuBh86lN0skcVS//O9vLd63dYGtmIk4jzNMK4jansrKF39taMEvTd6uZcH22Ib4TJLHdyvDddnQnq2Wx/GA0wgylSce/+cyj13+Ompd74NWJmJNGZmCU54EPdscjUesw1DJpYuz26fPXvy9HJ7e7k9X25vb588+eE7b7/z1vefPn3SL+fbZ0/Ot096vzTb/0AEUenrelkv5/X87NLX1Vl2sgLd59jcqFFKjtoJAu/xrhqoJnx4UyKEMYYI0BS9HnMcxp9j1qfpqoooB/DmG0UcayVAIC7iDQXYGOQjjKuOfLKxY55GmZ9sTII5gByuTzyEsymDBVL0fZ3GY1DutmB8FMVUlIl4vFxMvXe/82RaW0hCMTivvY5f6CTdSWIT/hpwjaKVVeiK7Osz6YQ4ZqzWRP6C+BfT2BVZdg9PdfIfZpp1li22iUwIX1aYbw2xaXGao7h0La2rW11tTcWdmTfvP3VLTXmdGq3lhdURzrAkFLH5LRvHRVNjco63yuSyqyoHB9seK1QShtACPHqlY88G0xpAaN31dFq++KUvntqNqva+rutlXdeYG61hlmhkpftmsMMOO+ywww477LDDDnspthspbfxk3vt28xn7o6+/9Tvs5b+bfuMfpnv8xsf54/xn8vyGQUhXn8f54/zuef3I+egD0usHzP86/R3lBAKW+9Dl2S3b9X3r3g0C4XI5r+tZxMIQCsCAh9xz92jsrDdrjYUZFmNJREALtwKHITxczjQ04pX70Zg14QJyFpSvg+m9r57xjImUAdvSA+hMQa85zACeJrFRTV4xgCCXD+0awJOoSO/hC5Peu4NOLl5njeMw0/DhDg6YWEQsURXtYqp27jUjDyLoQnFG1GCH/toCYgIr0LhRM+xpQUB4YGrsiCAxtcU0LRsx2rIsrfHCrbVlWdjj0CU+yGxMLw9JGDCgwzoYQpURFS2cp0U0PVIHmEj25DoxNrYwxoYXFbkRMEiE493KvaLkOJhVufPrJLpE+Md18p/K6AWZ24B4CuzkACFTND0UEcuwq7LHGJvcxOlpDdQUxMwtlF8tOGQw2Qwo30YRjIKQt34ydEAKp3BQAITmv6aiSUFIpJTdAQ1iMHPjlpUQipRDG5NAUPLAZogIkQoRg3oDP4+opIHQj6BshblSu437kJ1BaN0T5FHK7PlH2QNRy110uySYqOJsqegUlUEIDmqmd1h2HcXZEV8gjDgz90yb7Hg4zwu6ULbqbfun+f29ha4SVCB85Baw5WCXFiQodWprDkq6iw5urfjvEWS4Mcnfnbw8nk5/XVnApSOHGGaJIBOBQ6JzmsSJiBovjUlJVl3XVdb12ZOnP3znh2+//fbTx4/Pz56eb5+dnz45P33/cn66Xs7r+fZyPvd1hSqxMxTX9bJe1ttnt5fzRS4meWmx17pqF1m7b90YPXYAXa5xPeLb+gAevSub3zlxuXdCdUj4whSjSUkRYxymsSnzklMxtgGoODNPg4kNZ+CRL3BaSNserdBkfks+ubqNUHnBcSORJLptUG0pA8FQ7Ql/KhDZuLsGipk5Emd756rqawd0D+cbg6XsEoosfSYYuqPTLoEonp0M4JPGxp4CYeby7ktCHXkYOCJcabOqEJsEa1PxdTH2OJU3iu3QGEGURcCsve+0ci50m9kgSqbqssljPcmWTOi6NLqtJlT7tq2FLeb6TYGjTwcWqik8CxjASJoK4TlPB8oaUrbQ5Ly66Ho0fm70sJDAcL1TJF110/8RjMOEBnvvpsh9c3OztKW1Vh4r9zxQrKckfRKlOOywww477LDDDjvssE+NXXto6w7bu77deHTHDtXpM/K4uuqO9BvfL0r6D+YP/6Dpj/PH+U/o/KJJtVBHPY7j4/gBx/qhrw1niT4g/T1p9GF5bsqZe7Wv02+uHUzB+V66l163+ZfjUgYlRb+sfV1VejiOBEoqYiwCi41nYINpjrGwQVZq8aCElmUxj6rQJFolAlFlVebmUX/C4x4gCIo3E9DqUqfgGMWWmfQnjkd056mFAcwqTLejwEMrkXvKoOnVMs8dIKpdxCQTzasFVYdTgpEhLoUVjumgHYr2Ll1EuvuORxhCyq323CwbIaMtWB0ZotdArOC2NG6NuDE1V0kF2IRDW+PGytSauTsbM1pb2tLaAAiJFAneGIyb6I4S1GNJORkxCVjUtlHc2IUuvQkSIPS6zbZLH+gVRriFCZOCo6OBSks5hudUPBVxP3L2DksJ7Vr7BmG0ckAC4VHF5ID2rqi+UcugaiHREB8MShCr9RYtPvPwjVroR2ohc0koZCMjlxjwqyoUg5Ca6RxiWz8sospow3Ff+23BDKIO2amejQc+Z5Qtj1lWAVR10kfy/xRCJExMUHHq16iZLNUmoOPMxTKAsEiqAq6KWxo6HqXI05VMartPXag8fsTliu0CxZiRDv8afXC/1+1CdzkR0rYYAFSmxx+lKpDBHrto3Eu1z0Uu30IZqFEspwLz9sz+7VJwODZUGRwQSJdPcUh9TfXHHtSifVhw+0T1z9EnLVolYATlBovbRxlx1saOdCVVWeXp4/ff+v6bb7355jtv/+D9x49vnzzp65m0Qztk7evt5fxsvX3ChJvTF6BCBBXt0s/ny+V8vpwv/dIN0bXlqTXuvffejXubmEeiEQAIppBJIj0fIfotBzoVSI1OLYjSMZw7DgQCrr5MECnEZhhT+sztIKnYqcU4Scaqqtq1w+QZK1FMNYbU4AOO2UCD1kmwRew+5ISGMrDnI9gw8ud5dSB2ZiYRmR1yyKKSV6JGFEar8M2g3u3DqnotuJrVXoIpogKEANVbZLaRiQOEIWdLPMA2nanPlBO6qoI14ajrwpdwgy5S4Msio3ciclg5SKIZnxJAsw52Rc3cPm9WwtRMpQAiYkv5ppnmDkObDG0nUeJqIkKaLxo1K0SYSpe8NkVaUpWu67ra+8xyc2rciJBvgRaJ+bxemFprS9kelaK4tc8IEZ1OJ2a+vb1d1/V0Ov34j/34zc0NEa3rWrd0MJNFULZdaMa+rSvjYT9i9p1Xnn339dvX3jg/euvy1jvru++t7z+VZ2fp6wELH3bYYYcd9rk2AtpCX7zhH/8Sf+XLy0/9xPLVnzr9zE/f/KW/+IWf+9oXX3bpDkvT2Q9M4Y8l1Ej3noau0sNllGjP54x67Xy8m/5DpDmOj+PP1PFC5WdhPRpOruP8cf6Fnt9xn37k/PVjSL9XzpAonM6bB2uTvyJ0xzKh/XO5nC+X28vldjndNF3SA9W4gVzKTAnEvJxOqgIV6bIsS7+IITm9r0trRAxFFzUczJxa4SFNqMighkCZCtp07Tqc+QTp30QmK76z8PTFtwUk9JBRltDFRkUE7v/T8EgJRLuISDZH0kXE3YEhqOXwhbEGtTtx0BzL5vZiwMPqKMWOfpCIucQat8ZtcSIDNXKmoBEEXcrRQ2gxccsIhbYRn1JX9NT8O1dMc9imJc9stLNxYZqnhgMtWyzDt2pk0yT9abyueO1jRHObwBiq4pJ54B5dhZE7iotX3d8q1m+bsjgyO7TLmMgJFAElN3PWGghs/du6+IAJ7X2MEi1XhihgMrrULP8RcUvhKHO4hCluTQQ2fVGGY3VMyc5TEHNBb5jiOQEY2YKINj5o0/wcnTkEdAlR/whqoYeZYvbog17P8QJqrZvUNBgnz7t6+Iu1BZHO2F4uvAoAyhxb0oxEkgPKFW6ZqBGDGc11cEMW0yi2hWM6HtBCXdbxOKanENaI87PGozUfJKJD2oCx/DfddTMVTJ1wRojLZDNNlJMRSoqBjSWkiphZ603r8CBuiP0PKXw6IkQ6LpGMtXm0zDCVz9E7eGR5Aopi5wNxQNMUmwgr0HuV4dbqq5j3pFFOQImbiCq0tXbpIl3g8UodlmuN1kt//N7jH7z51ltvvPm9115//MMf9stKIIYukN7PpF2lo1/QL31dBdKYWiMVuVwu63rpva+XLmu3CK8WQ01V1nXtXRIo8fnY+OC+5QMQNVYryMKhUegoBmwOQIOtDILxAr3ySEltmqXGEXePQj+4Z+e0q3tPDJLX9bLRGq0AGACjUimcQF7RFAoYSqGtlbiAJQftsRJFo0b/zOUvgDICEeXcWSFA47HVdVNVTAgZDlnG9QN5IoDastgC2EVyKhvbKDBuVAMH1mEIkwC1SrXvx+xEjS0Wr3aRaKeEEqMSIs/gfGf+Pg0rxskcldFAOZydt8eNaiGXZckLKxqX3PqySnjEXtVOBGawB1dVY/75O0cIooeAer6iDMDS3iVSmCFVya231FmuVmmt7TQAIqqyZt9rrTlu7ajbyMEnfIKIiZcSg12ym/NdBaLK9sZg60KXvq69dzRiiGpXiLUpyNurd8cdrV16195Vuoqgr7KuAqz2qkVwtYbWeFmWWsmmTSoi9hJ02I+G/fGfPv2nf/L+t7799P/786frqg+44rDDDjvssMM+d6bAuurjtT9+0h+9dalfLQv9y//Sl/7Vv/Klf+2v/vhf+8tfenllPCx/iI/f2MUfW355D79u/nAP/1jxjNyRzz3pr/Off+Tvp9/N/7np52eeynNXPvefvy7nh8vnOP85Or9gwkHSMUfH+eP8vef1I+eDB6THB8z/Ov2mnHp3+g9aHuydr/mna15rPpf1YhjhTf9i05MHrikeTFed89h2g0XlkcwUIl0bg4ouVEz+nIKA6d1nHq7r4q9O4G1G/sYz7NqcLPCQcI56+Wikk+R8wIkbQUBRuJtNc/e6dndTig5eiKndWe4ecrD3DGRICLlApiLGRaDmum0WN3A58bKwIz+N0Lg1XlrjFsqibEz/CE3YAiC067k1bsyLucPZffQeddDgrIJklGsdaYQHcqOJklWabuPmZp18dZoAYZLHAu/YgDeou5nSTUnp5WXTeHP+j7oDVkGCUf7NJ5KYAqi7a31nlgJQC5SmgSuT+fpFTedT1QR0PZEO77ZCh2feb2XYq8G0KeBantGdrgM4HR5zFOTv6nVIXECvdONM4nLANYhdC4Cw3DqV69Rgu4SEYjQg2ahbqAkkVhNKhV/i/m2DwwOMZMMUPfZohbJ05Hbd6JuJaX/6yu4RnvT8NlGpa2hwrn9sjmsnGbcoJa7E5YmOdUdwNc7i6h1dESCgDCAExJ6lijJsKvCK7OhTX7y875aH5mqd45ol1FsQxPLMdOc8ig1ymykp8yw/hVYZepLe9VS1S+/63js//N5rr7/63e+++f03LuczCxpR770xQTvJRfqlr5d1Pa/ns/TVBruC1nW9XNa+dum9X0RWkd5VhMgDvIoIUjXFNaMLUcsHts2BGqqhOga3Ly7jmi3uwgzfzEnsMBiNzqoEhcChSNpycHXqS6PeJ3MlZ/JQf94oNDfgLFbphaSxCuZqmBjhNFETEZHooKntlnPTObMaKLY/2IJok4jFMo01cgh91xJyAXPqtHY9b2PWjyytoWL0RCpvKOUfVSWy9kXS+5jr3hWK9Y6To7aZ/CovcFPPV0Udc3rmQ75GgZlUSZVSG1vLJFCg9YoOuqRAraI6G9hJw/by8Iar6AAAIABJREFU2+tQoxuw0JtDVEQ45ujs/737GlfgRhpvWmxw4IQ12tYnoTHIDbu9Pd8CIGYP4ew6rmxU/N6lrxL9nIior90WGCYeWywUKa3AzIGqTt2hd+m9t4WwNwEe9hmyP/yTJ3/wf7/3j//wvXfe6w9Ifthhhx122GGH7du66re+/eRb337y2//bWz/x5fY3/vqXf/5f//Jf/6s/9rLL9fm0jf9289Nlc5720m/9sXM+x/nj/HF+nN+NQXgcH8efwPH9MfwenuZDpfex8PCYgtdp8lj30t8Zg3C9XNbLZV0v63pZ+mpR7oBGY1yao8ipTCE8GWw8IOObGWpYmAxEzYQ0KSk0yS1Ld7MjEiM+mg5/ZTj2txhhuH/D++Zgj2YW5R/3HtO0715cYRQiTv8jQH3TPcSAkgh21SNejqOJ6oigo4MuMWfuWSYyTgED5P5OIiJGWxzeWxYHCLkxc1tOBIOADBc0hVAGG0DIzWiDyQ00lI+5sQXFc/gkAUKX1CuwQ2PKa5xuyCiIbYJeo5LNz8kUfJe6MYoQfJNoojgIDURKz7rVDCEjAmb7EqCiZOxOsE66okQbSDKcrRU6ykZ1ShwFq87DPunAgDXwQFOdFYJKAoTedTy+UlEPpQDG2Ku9cAcnr67THTPoYmCg5k9WwMObIWsFNDq7lzCJaiYYSmTsjwDFOBprdhwrki0zDdd9I++TYKhAsH0Q5EBtWQfWpA6ObsmC8cRFYlQxypJ+8EGB3uIoBfBAYFvqM8lw90+fzwUFN/zCRK8DUvWOtlXfpAFplANHlbxi5vyz029uXm4aQ4SoIr7bss2no2bndtwTYNuCS9dnpzOKO1PcgUcWQFJVjC96WfvNzcLKvYt1a1H0tT978vS1f/bKd//8zx69+tr7jx9/5ct/4ce++EVSPH1yRlfoBXKR9dnlfLteLuu6QjtRg2Dt/XJZTUBUusjqB1BREoILODM1BAs8YQ8bDUSSuz0Ao0q3de0aAdVUcsFB7hHxSHTws7aXwPiGsVMBzim3cS4xYwTNc4KaAj3TWn9EhvrUTgVfPmOGLWilj3ogsU2f2io1e4z00QWzv5hOI/lUN+QoTRO7jDfr8dm4CtcsjpzHWiwGG9p8RuQakhUjtDMbdDC6XKmiYLbWbUB2rYHAHOEsUR7RB6zNxsSqYhUZeJjdaITZs0Kl8ECxKWzhZhOMWQiESn2KRM5MVLYxR4WM2iuBUeebJmZf3oLKHD7YnIAS8bIsKZk7zW8heFDNur7GxiaTJx3vQRj8WnttcLVtDiDYqHu26cnouKogksDaVbo9TZd+ez4vy7LIuHUuRutq6qRqhQ9SoxiX8XQ6GXjpaygGI/x8PifALMW6CHqng0L42bT3n8o3/uCdf/SP33310flll+Wwww477LDDftTsnff617/5zte/+c7PfvXm3/obX/mFn/+JH//S8cr0SVrsWL32zW6/3XymD7b+xNn1CW/SPzwG4e61D/FdPyT9B83zOD6OX8CxxyB0vOP4PD4f+qkf+loEivTR7qKbPO9Ir7tXAdffblNi/166l163+e+nVFJ08+5cLn1dpXddxDw4tr4wTIPM1cl4IFDMxJ0EIJMPQxDZYAiiefCoEbXi/yY4TcO2vY+KH64617hKqIggWn3bjlEl5RAKpuT4Sbj2/KEJGo7jgfCFD0sB6V1MLK7Ii4HQLZkIAEtg+XSRLubGFtFVLACXIDAcDm4lpYyaiYZSa9watcbL0k6n1haTFW2nEwDXFzWVSg9GSMZMmgBCxxi5Ob2LmZyF6JELvRDuufOGasSMZCEGMEieuICFSTQJGmS8jMT7ChX/sRbSlfNXiuDkoCOEqBwQ6pehRddcgs0YbcjQT1ooiwFc6ex09vcfix2oCrHgmcmZc6TJn0XidYtVFcoEYXLakYbypqfP2jCmiAOyrbUJ/h59DABZaRNj1XR++x00ySU++LjCpY5gl96XkQ4pOaIc8Fg6l6MGkPqBWWOplVcACR9XwY5Spqo3jCDLKqff3LsQFRLqFnvLI5QbZdlGLZXiRXA8P68BUgzMAKQmewcM2ua1Hu4M1A2Acw87TCzVWnsweDBKTaX2ak2mh98y5QIIllmNKuUoam+CAGvzbTDCRFlGvj7fD3suoYbv/35IkdLcOKWN3MYUOnV1+1WgYGKDwji0PhmKvr7x6Ht//K3/9wdvvvWFZfnZr/4LDPTL5Xx726DaLypn6ed+edYvt+tlFemtNWIotK9yuaym8NzXvtpKZBsvTMOQjLQtAqMTGr8v1wuxXywKMhFUYgP4us3YUBYVDpA4BD9BLZ8NwsRKTOhQZfV9EVrQd82OapO8Zo9sxEqa/apw5EbjFrwtaHyhC6xBxrfRb/1ERbqx3jVlqsEx0rOxnDKYpQu6oMfYkzFeTLjSezGbirEkt9JKxbG5JxmZgKiYjLK9AjRHMSexmAnfrrBcbNKIvhQPycRWYCqgV0z/SI3n2AokMR9bZRouFnWLlFpFMOi2ZSs3yn0adF3yBAgzlGR5IiUy9FjsXYFjo4xpjXoClzOFT3QUgsnWT31FpWhYyY1QZZ5zMQCJSTjVlitptu7nyDcc4+T5KxZTU+pCvfcS5VcVymiwlwYiEVH7dGcF0/hzqN16/jQ4inAgG4YF9t4tMuhGZZeIbm5uDKFsrRE1KvK8ViQLpXzpt+fzbV9lFeXGIBrz4WGfEXv73fUf/v7bv/d/vHPoiB522GGHHXbYx22vPjr/1j9443/6vTf/5r/xE//Ov/mTP/mV5WWX6HNhV2gFXccgvP52Pm/7BMcZFEbEXd5m++45/urdPF/c58eR5/F5fN7/uZTty75J+zg+jj/WYx1+0xeZ5wtPv5dG98ZL/cxrg+tzlX8QL1Slq2kvwp3bCjJHsILdEdaWtvTWl2VZRE4WPS4co6llRoPsdeWL3joCrSQbz39xgAbeUzxihQs4wBjfNl9hpOlgiITWa6+ORcUWP9vIbpf18HYItKtIXw08VFeKdD9mkiPysYw7SG3hxYiDrbXF/qPWjJjm9LDGyc+yWG9+zMStUfNYX4YOBmpCSega+FzBIVJWlFpIldIEtBT91yHbaC5H99JGe6hcUbWMlzN7YBmD9uQpC6an0NwTEqEH3U1rBILRSwoIFxnI/OfWCGCQQJPaEr7pqtLm5RUdZU83sCvXuYM+JViD90BXNVDvnpXgPcFzL1SP3VJXLmCmRzid8+4eJzBJG/Wp6Y4iZYZZoUgaDJzSZ5HNrAebb5djhObt7PGDbbIDEF7f/YqEp0TzuMB93sPMMEmTCRDu+vTvapH9zKNpNn3JSdal5FUGMCsugIpxlwQuhsaru8+JS/3UYVLLn8fMBDSUnK9LvuUUznbX0Mhvgxe1DxCWUm2+9X7TmIyNtCxNVSHKgKydQU8ev//otde+9Yf/9Ol7733pZvnSzY322y4KkaWprP3Sb9fLs77edrlAhUhDG1JF5LJe1r4ad9Do7GKLEZQgxN5qEeg1Jt3p0bSOuN4lB4qK9HXtIi3IS558jgwK4/PN1Z6ouf2xacES3G4S2hUV35EzJkvKOHOlVilHtKgrI+ds3DMl39WX45Zs6qgzscxJdpVuONHXELS28i1EhcR6bmCFmAiCjkAq1QFSl9HrXlf/krGpZ7tG23M4TsnjmVMkwNccImaKtwsFDYFM0wjfaLRuxlq88FTK5jRIy/vAoFHWh+OCydmwTQa/1ZKDZJyVjYwCaHVp21SypcpyzIbj5g4mX6RrRRXB2M0WkNH9RHzLUWsgryBbR1SnoeN0vd4Tsy7V7pqywT1VZm5La8vCTPmkdrnfMd4i7M/T6bSuq7Xmzc2N3W5ZFibtbtjMsb33tXerY1Xtfd3v94d9+uz2LP/L//7W737j7QMYPOywww477LBP0tZV/8Hv/+Af/v4P/tYv/OS/92//1BduDjbhx2vp7Sk+1fz5nD7Y9Lvu+mB3r92c3/HZlvObPLe+36v0z8//Icd7eX6g451yHsfH8f3Hiw48A8fxcfwJHA8K4fPTPySN5/mw9Hp3+u21+ABl06v8kceba91HK67vloAckfPGYkd8OustYN7SeldV6bCYNBIAFQpXCMVPNnndqmeQXZnS/ku6WbqsMIgHCBILHA6Mp6o+vArMJB45GISBFbrrUWRgUCbt5a5GiT/RRawCRaVb5MGIgeVeOQ+1Ux4/3X5tobbwsiyn07I0bov9Z+ggt9aWhQK8c59zKkqGrKjBIwYQmriow1fGMkx/qLtQhyPVohVSM05JkBzDkTcAwnAHD3lQSpc3yHh67jukQCoGQJj/52x6Hf+o7/+onvH4N+JWhlc3W5CHnF7wMcJTrNlFQSHq53lgYuOEf9fA7gK/aWQTfyhMwzCBVY87OIFTkyc9jaDTX/kI2Q2QlMbCfaStb7Rw4DxBKMqaYCwVkbpSjDpaY1hdg2eqRXcidq2NN0SnLY6HMJ4dRw8xYbj63AMRo3zIfD61HWYFkYxNb/4qO+43iqoTlkDZr2beYPWD7zbHvbZNOYchpNoEG7Bj6mSh1pwDIYdNahhOBY5CA2V8jt8RGA2xsQHtRBVB99I9+OHHr4Od++3VZIlwWBqNKZAYUO99Xde3vv/9P/vOn773zg8W1pu2nBr1dZW+QjpU+npe1/O63vb1mavxIrU6tUu/9HPv3biDl/N57RfVblRSEo14rCo9Ie5AF33s5iQDEIkpK6oMctVlFRWwBdMsnOba5SKqLixeKWLrkEacv6nZortKqRwiYot4muoYU0ct/UqzL7ioZuA61m3866q3aWhQkKSjdUwo0piR6H2QzWqb2qJiASODzlu6eI6nuskn+GExWP1lQOvsXZ5uA1aVLk0TTJgAYVni6xzY+1qn9aDuId8miBTBraMxdign1fHagGkY1nGgQ2ZgYh5v9g/Fo9l/k+ZnXmXLQ8KIY0oZH779cRpWGJdvAD9TNhevn8QHRw0TWeTe0dY+qbBr03pHyoCXoyrg0ZftRoZEDkGF4U4iIukq0pmb6ZRKl3x/yE5l5gxFIiIucKOeTqcs87Is67qKSODwDOoi2tqy9nXtMbC9Hlz2fe1H4LrPhn3jD979n3/vjSPQ4GGHHXbYYYe9LFPgf/3G2//o/3z33/+bP/0LP/+Vl12cH2UL7yMlByN8qsEgnHytuz5Y2hxHznSP3zjSPNTXvZf+vvw/bJ7H8XH88R4vBZM/Po/PT+JzeIhfaJ4vPP1eGt0bL1o9wXGt3rF7BcYbMD9vX1dzzSRbiNjU1pzyFSKjrrrILsPZTaqM1IgwDh2BOFUqJ4wwqlszgBohA9PBVbyiAMHxMtek+CqqGsQOAm08embuBQuxrC49T0IH7SA35htQqldKpH6BqKgIuqh2lXDmRp1o8fRROG65UWO0hduypKxoa9yWFvTB5gChI6+EJA66+GcAgi19kY0pAcKGxNXCj0s1uKBhhI1aBQJrILdgFmJiwFAolEYTjBeCRAkH5lGghXQxaoXDUnqxOjUxRZaswQVR3Jr2qiTWaQmiAtGggSQ+RulETjet2KuY9zAop/eWVJWTdxLjQkRYXR7NKZyFc5m8vSt0cOpvmBCHSOAtJJieV2NApB6dpUXSSiJopMUFG2j91Mmjjp+3VzDFSy0MoTNvfGCPKVAdHQ5ZUdO9vSJWgcZugLkc+fe8zQwKBYegLOo3ccEMfiXEPbv4r9z9c6nKVxUnmG+1f4lOgAdtngfZjUNnVt01TwNKj4JXTNObpooejgcMmMdy34BVoqXE9FyC4HXfuP46wIY7O8uG72Ww+vjbQoYSQUDico699/fefff1V195/dVXF8KyLAyVfm6ELpfezyr9vN72vna5iKyBy4mqiME9Imtfu/ausvb1vF7W9aKwfRtCpAYoANAu8HFJgWclzD+gdRVd+2qR/4ioixiTiVpjyiBzOpaTID8p1MLNoiO3XwTKW6cTpKalE+7VBwMTSeJkWbC5iYggkoUlYEQiRMEpTTA6+5VJp6pPvQN7UlIvqTWX6tyMmmPZIqwqNPa7WA+Ou/q2EA6wexpqBLZO2Hv35QIMlbofpmKE110xqpwy8QZpK2PcIzluMuHA1lMNuO5GCvzVF22ax2ABApG7g+oDjh4h0+Jei++DYtw66uZqbsknrTsf/G1KbF8RyiTPdQOT17TfTjAgbVd2ZXJap0LiNmprhHErVSEiZIqyc6FERAkqooAQJZ6HWKuCFskG0jVuKipdpPfGLWuiqlgnHkmgdV1NPjSpkCg4aKKtxMzaFH05nbr28/l8vlxSTfqyrqraLWDwYZ9ue+2N82/+7vf/yR+9/7ILcthhhx122GGH4Z33+t/7+9/7v/7wvf/wb/3zP/PTNy+7OD+aFj7V6oMdvwtoSrM5rj5YuroWV37dKT3G8f0pd9PvXnV/Djtp9vL8QJ8PucvxeXxOn4uG4uMGuclf3Mf54/zeef2I+VTf/t3p9e58tv1W99Nvyql3p9fr/ANR17376l45rxiE6p7uzEdVpcu6XtbL5bKup7621okXBikRuDk2aQHLKEC/2XU/7dx30Iws9p0Pb6JR0xgFdc9kMQdDBkjGuScdxRFpDrVZEyx2tYQZxGeydD2ogRohhhDMwoQhp2vhTENTFjU9RvEN/u6FbcZZo9F7nJwR6FxrJ7QWlEEmi0HYmNtCrQU+uJgvm5lNYzAi3mV0QDaYxphsTudihNvcGrMCloP4FgH0Ul10ImSlcqYHPwQ2SNggoGCiZWAGCLNdKgyiGjREkMKl2ROTzZB7eodnuWbO7hFXlqasgJJgA25t4JOZHLZjW6ivME5aa6H2WsFU2rlWBxewdsXrOpRAIlUn53hBE4YwoN20WbDJ5t7/wvS543H2aqCOyiwbgyQgj5yVqjM3CmDQ6BjCI/MxdqcWH81neRZ/+nBC0wS/xezr09EAm0fNc01/f2veg0/cWXclzcNvUW8S/UPL/Hd3n7nK1x6uyiqa8dV8eX/hn4MgquECsdTc/YCbbMv1sE4RGAtU9fzs2T/78z///qPvyeV8UaGFu3ZZ15sTr/22rxeV9XJ5ptKB7sCDdOm999UkksWCsUGVRCCivWvP+Ruk3IiCqMckvt4F3lCliU3PcCN7aEEHAQiTKk/bPkozEVHomnr+hrxF1DWACFIG1Ki4CBvIo/PH9EiO6hGFHikXntm4vcP8zLCbiMYVnPsJHFuJubrgYD7YmYlp2Z0Mbe4XVRXZzI2lCnwPrFV+2T8zblHn6rh4O9luBngtC1vMyVkYs/AIc+Xkq+HmDM5sPiKIOM3RFnCr3oo+Zq9IUDAgtNHy2YW0PHCMEaoZxBFSRzQvHK03NhxovLMRoLki22ajDSxaH7YtTa7aKBPbXg17KTK1A/IdPrAwxah7mwyCn54LauTf2XyRKn2bAjhPBLE8co0OGN0QpKqGxNtbx7o6SN9aq4RCi4VJzAw9nU6X9Swi5/PFXoQ0xEtd4v6wT7F94w/e/bXfeXSEGzzssMMOO+ywT5X9kz96///5kz/7T/7drx5Uwo/DqkKb/UJJr9eeP5mwTQ8PP1j8xvGT4z5/tae5Ov+i0j/3fL6Xf2r8/8f5z8X5JXgkGp6zOCY9zh/nP47z+jHkH2zxF5l+pBnn8cDxojHcrvNPb2PojHYRYRHloEUAFFwSYtbWuLVlWbRLeIol/ISpjmlibgxz7odfbfJdhnfMXM0J+G3cr+mKqijgtTe8esEqgmiaWgYTJnGwfqqEG8poLXmhSpceaGE3BqERO5y3oDABVfvPcRYimJhna7yceFlcjnU5cTsxLwYPOvJjEBA3Ig6AkCpCEwy/weNiowmQs8my/ZzzZ+Di4rBgymM6C5GocZsAwsntWFkj0e7RRBuAMIlTGpO4z+oUHAHXYhwqcEFs2bj8nMSid+A6c1IHk2FaoDpIRCiiekOUVBHybqHPN8yVah24UiVqBksTo9Y/vNKL1l8BJ0p39gYxB3QkG2W/AlNHmvTc5qjwVotgk3HHXYCQxoFDCDJyDPQ9Osu0tyA+RmjIGMJRBhvG3seu9BIxtrxZmO2UHM1XZwYBRuEloAhWUuF8elGjvjT1S7mwWp/vKb4LGtxU073ntjsM4q/i96/NGnPjnGmiLaAksBIG3dCUEkv/qFSqUgqHVwtd7N5KoHLlHQkCcZwfYPv05fTcM2FPJMqGIq1y+/Tpa6+88r3XXj0/ffrP/diXZD1rX0U6tF8ul97PXS4iIugiK0TygRGULEME177GXCxdu2g31raoiCjDsTdWm4lMgNF7S2WeOs87IqslkJOPkywxnzVifAXSMyTyDPdQIjAvGfuTvXMykZXF91U4jggPY1kANN83AtjMIKoMyiWoDGolAnz2cM1UJoqwukLk6BoleHYHyGSbLgC1CT6XM5SePaaU0geso8eSHglz4wtPt0u0LE/O0+MWrR6wepxh4tw1ksq7y9IcR0xp67HzgADVLrWfZ3jX3M8xOG1jloaOpq8ZOjp4vcEIvmqMN6P5ecaTxsy8M6DKE7OTPX2to1gFVFV8LmCwg78RlrI8RcJ11maGgtcKz2mHGxMTCVSUXAdiPL5NUBwUcVv5RF0aicui35hoWVpjld6YmNrSWmucMHw+pi9SscsBAFFThUhflmVZFg/KWGJM2o4t2ybQu6vbr7e31oYmtJDc+sM+nfarv/3o699852WX4rDDDjvssMMO27F11b/397/3nVee/eLf/urLLsuPmoVzawAZ8dM/nV5xPPbOb/y01X+LO87f73/e9+s+z1994CzH+c/e+RqD8Pg8Pj+Jz/A3veA8X3j6vTR4cP53pmxLc9Eqc8cmc0ADE7Dd+Q4gMKshXIsuGcxP7CuPw8dMxFBGOgq1ePTG4jrci7FyOliV3qeKDqYX7x4YSWezLfYJBmKAgmLe5CQEWqkMHLVTXfrau0iHORHNs2iybw7GGUTica2AFEV0RLCdTtwWXpbmAOHCrbGBqwYcBsnP2GIlNKDHfDNGAnNr7WT15AKGcN91eg85o1ZZjksz5hllnRZG5sD5MMo9gX9AxXuIEiDENllgJINfYj2tgioY5LBrkhNV1GpgxgMApgAmCty9o5GYTnOXf/SDK5Rlc3PyAthNLJJTgLUBvgaz5YrUkg7l4YwO8Lb2SfE7UJZkXJXcoHCwUlBIXeY0Wwp7INfAGgNdu37OUe2klEQ9gIAhEQjdMN+YlE1H1Nt3ypB2C1PwPwq1uqtKH+XcycDrvBYk0Pig6l4je9dko728CVd9b85pp0yBpdyZ605B0qFffitMN5xBui1CE9NKKdZWv/Xu+z/vS9p2TT9tf5Hefx8mhpo+Jgi4nM/vvvX2n3/nO0/ee0/XC5gYWHuHCEFub5/2vqp2VRFZe18hytn6yVgSV7cOKKb37iqFqtqNAg5fEJw2BqDvPJNNGlw4guu6JtivQfuu7HMrT55Mfeax3OQGBxToNzlz+T/VDX02J1cdABiNUTaC5jLFPo8xnegURNABamKbJ2yrh2Nd5aab/THGADa+sqhon9j2pVMMWNF7hFIKakb9DjzSNgDFoi4iJmupedOZujcB34iqVAzqI9i2FwTdnKnUsw38krFClCvGme3jQfhCRHpSWS3wekJlPvEWgHB39sgAhAWkRAEafc3PZ8s5L2RdKSVfvY8NNLTmN+II2uhgIuv1zASF5FU2EkOYFHWVZL+9I4gRUpcou38RdIXBiLHHpkzyBGgXAlrzd4VKKDfGvC2RVnVGEDTB8GVZrEr7FY47QmzGhSJyuVzO5/O6dhW5dGmNl9bwkPn8sJdnb7+7/spvvf6tbz952QU57LDDDjvssMPus69/851Xv3/+L/6Dv/iTX1ledll+dCz8qNt4fnZ417fzJ22OLeP5/PYz0lzn8JD0D73qg+d5fB6fH+/nUjB5zJ96nD/Ofxznk9fyAvPXjyG97pzXvfGiibqX/O+MQbi0xXamux/MpDhVASEV0sIeIiYoUWNeWhNt7lsTV2tjGpyf4IhYKZH4Jox3ZogTBaswkSd2HczhtHU/UeUBFNZIVRkdqKAhfwpRg4fcyYeBfYYjVZw3aYu9SA+XtK7ruvZVRIyWguG3C6dbAJoIgJCYmRduCy+nxTDCZeHTiZcTt6UtjXhx/O50MoIWMzcLRsiuJgmHSO0A5AzCxd2g5lqFEUQiWB25CCcTBS+xJQvOqnyGfwa3oZyHB8NKz5y7Iz1s1shlRg8jRfHl6XBWZjPdgQqRB5wsJdlcZb1PLfJUOq5Vw7WpW8E6QzoC7uAE8MIFbzRHIpDyLGspzv50gLbCZuASljGniw3nikZsuvnBB3ljHy/LMRbNP0G2+WibS20cOEEk3thqyerN1GcBxTTb+MJbOSijESmaiOwfDLJMNH/eeWo4OBNw3htQASwqLvxNWUu3i3BcUa8AQUlZd+rkmkFYNkaM/O+CwIKLGscpo5kFV9yvUprooI4uksTiLdFw6kw6P0ithXHz59vz/Om6xWoKNo8o59RKsTRFH2F4oFYQ6OnjJ4++973vvfrKF79wA5WnT25PzH1dSTtULs+eqYptO+nrRUQgKgpmzinZQqH1tffeAVLx4x4TchdRVbaRSVAln8kdvHPuNPnjDZjMQbaimisiUIgAKhuN7tw2sixLTG9Tvx3RJq0DThxTozoKgGCGjinD430G9i/inESfW0gjQuVoBnuKHGOu7mhEfBoCjLHzYGg428WiYzwysyp16SpB13TAslLeGEmaU58fc77KrTAqEFUQNWYbu0a2B0iUKHiKKNsRLJNQtXVqnM82GEOVwQGB67w6oS41PncSqHGCfESmra0IcM2uEF8fYjiP6Xf0EiKyIm9WkGm0jC41DTNNQQLarFlZCUrcLO6j9UPx/qjxioQGttbI0U21rEQMV5T1iVeTZU3Zx3KBhAPbkkUtm3io7p2q70sSZi8V3jNVNdhKeoDGAAAgAElEQVS3Njv5OwgRkwnP72vAAnQ6nXpfe5d1XV0yNKrPBnVbFgaUIICI3p7P5/NlXbs9VeOltWY7w4aA+mGfJvvOK89++Tdee/TW5WUX5LDDDjvssMMOe75969tP/s7/8N3/8j/6mZ/72hdfdll+RGwvBmHxBk1pdE5ZfbBTSuycr8fFu7DNn66u2k2/m/8H9Xtnnh/aT77rtf7Q5TnOfy7OL6ohepawyfg8zh/n7zp/1/Ed6bE9rztX3XXmvnwyvdb0yJSbcup++v27hEajluAsJb3q9szI3wXEyre+TwXqHqGuFgHKeIQQla7EzE1VGABx0vAAUjSlxTREibqoqKKLtiwEgczvxkRK4q4rVadJpSIiSITM8wikaGXleYgYhsgApCuRmg6k+Z7MoeyomQmDGsxXgUQCiQuFQpVM5i38Y5ZGVLqsvYuEICJBk2bIBG5ExMErCaIkCCABiMmoe8vphtpifMF2WpbTidqC1qidLIlFHoyIgC4u2uIfOAMAxLGDnwjuinQim7uG4ww8iiAtVZeSMjQWMTVnd7I3CEeUx6KkCafUpA+SyWQevYNeYXjueSQnWESR3OfsLmM1XMD7mw5XOMU5o+mMd4bKD0EAXgyoxVksEEGWAemYNm4OOTKMaC1upIAhxwEuElhyGAFJj2GXFDVAOKAI5uxPPgDUWW32BAzjwsDByXxIBanrHJaxZ62qIUlPWLgNgLCE+DT9XhsTOeR1qHW65r0jsInJUQQ7jDuYQ9j84c5T8XXYtwAkHOsIBBGcYiIQEzZkosTsxhTkhXG4yXGDcaNsIIfXwkEfPSIxWleii/pxWU6Qcrw5B9Uy41+5imnxqg+dwBIB0ZSOidrk6fc8DcKxeWGiICNevElUbC+DzuRJNVAinPVW1+RvN9G1gxNV6Hs0yNkTdFiYqaOHb6yClFu4uTz77qUm2kclzQQPqlrMsHx6ohZRXB0sYlBrDWvX3t989Oi7f/odVurnizGtbRHp69ovtySwsd/7RW0Thq8JGiHSCAKxDQLKfV3Xdb2cVxuvoqIqEHHSkoiIcKxB1tRecV0Ktp18U7sOPu+BWnP4TkQbN5P5XFeLgxjN4cCPrzvETI0dVzRCnkiOpOzmErOxdRvfYMAMHmFZY3r12KYbYp3PA5beti0oCzxmZJFwVGUwmAQiAkFrjclENZWFRLmpEpMoFGSQqHHQPcioQZXEVVk40S6AbVzaUh5qwyxSgD4IoCYDK9CFmRuPbyifLp6LMkagI1oSkGllHMbGmJz/laAUG45sdTaRVCN5Igj06uUXCoBbVVV6LFmsjr+SKqQLFT5fDjoDpWzNqmEFVdc479txErSO9Qli8qvGFSRtuX+CVCG+d8fUZUVFZHGVb1NYGNFVk5BnfURVpFNXkQ5fsokjeKL2vhpN0AaTqQ9wYygyZCBA4hEKmyr62gElZhPitXL33lWUwY1bdF2SLhRRi3vv7PRVJiIVsf0rlri1Zlq+LdRHiRWiIAsdiuXES9DxDT6V9YJ+8aEGXC4XIjotJ1XcnPxdSImsHZ6z4eGwT9z++E+f/tKvv/r4SX9A2sMOO+ywww477FNhj966/Pf/4yv/1X/8s3/tL3/pZZflR8F064l13oP9b8cLnV6pcZ42fmPywIbb89VvTBn88GF+8r309+X/3PNk3p5Pkf//OP+5OB8xCEmPz+PzY/zUcWx+S/rI+dTPiG4WZ/CcfLbp9+6ylyewGS93lUexHVmRcmmGTDg/T01lVATNooG5M5aCJ8HUlNGaC1Mp0Neu6A72KQxCmMx9gFmKux0/1xqUcXWw4oNCWHbB+3WBKQYTopAAAsiKAG1193xEGCIko0BC+C59dlSwOsAEupi5GQUEAHHjdqLlxKcTt6Xx0pZlWU7L6QRu4CWYfW0w/IiZCzrI3FpTgKD2HTMPGIEc2xvUGXLagEU8JKLWqAYfDKyQGIHucEJ4EwoVEZ8S/8g9PoPmtBEX3YBzctVu7u116qp1lgGAjPh/yXYt7LxJjDSQsOggcAyyUCUGaAAtKSuBzTmXWuluNN2gMilD5tFc0FQgsdp1C0gZGNxOXyZoQekyAw0RVE9DtYIpsVLMvJztcCmqcQgxvlFL8XgKAnryTxLl2kT9HPce//pImp9oi3DUlhqhUjneiEvSaxnLPeXDUb0aD1Nay/OgiYY4PU6yAL1z+tzUx719Sk6tx8RQJ5IxrqeyUWzU/YOggfsW3cMYQ8kujEfOmr3zBnt2P4XxOdfGY+t0RkuTYbRV2U5iOwVso0ZOBm9879Gj1157/4c//LEvfOH9J4/Xy1m1QwXSdV1lvUjvIqug228RZhLffQIR7d1ECANMElIhj/QaJcx/bG+Jw/9zVzXuus31Q0sxWISg0t1SXjcEO1Wl6/TUosJeqJlwzTkxakDxMc9UxHhMoTTRDH1jjyZQmGtZ9gc/CLFKJYWQbWkYT2DHrKIQibiJZLtkRCXxtrILAVQLpqVyg/9oFZg8M/jYgljMvKRjEkCk4pHt1MjWuYRohCGt8Od2K4luAsFOz17/tICLWf0ASOxJEcPcie0OyIOI1FqpRiXMtySPb5n4Zx0XCbuV94cN927sxYEJt/r8EBLQVsMegdjaOaYu60+UeyAMavNGJiQbsr7M5N0HIzVbzJohWnGI4tqOHOn+khb7OazMgYwCirY037cR/TcVwh1Qb2xvPgjFeXKeqwfHJWaF2n4OZlbtoZQ+3g2Wxfm4oqIdGRvSJCfa0izd5XLpa2eiZTkZ4zDfx4jaA2e2wz4Z++M/ffp3f/WVZ7fygLSHHXbYYYcddtinyB4/6X/3V1/5b37xawdG+NGtuqzSAxC/u9LXWr5FuKl2vh3HtD2/87mX/wPTf4CrPmCex+fx+fF+VgZhZV9dM6uO88f5j3Ae2/P6gvLJT63n7zq+K/0d972XlVh1HK/LiW3+cdyWlj4ocR+ZibBFZCCXbEynODOUW2sqqsoq3Jq6LyyJUhjFS4ChsDwmjKH4lcrm/T04ZDivh0NtqGYF2re5pCinyXDCYaCDJn7lJMLezc2W6CANZ2RCn+byYwIjeISmHLqcbtpy09rSmqGDS3OAMCiCFr9xOTlZjdsA8zL0HZz+R8kzCs8yCn+JA/BrLRTAmNlD6FFKZTJzEW9z3bCkZmRko4onVUdtemjdczzYTkhfst6NYFXLlOYKdz9vqLcWMIZCBxQYPl6/GQX6lYqPgWWMVHEwnOsFLL5GBzcIWWpFTmXC8CzvojQxfudvg8+nAVkN+HJUHxyxiGrd5G8X74rg1WNNyCTR+FHxiasnEFyGRoVcmPlKDtPCjDn6KFDSbW8xdkii51nHBZ73aaD+Ox8OPDUh1Ox1RkVSHbqvpYajzot4YAUI58YoT5VSgRjVUzYeVCwxL0nkPF38oYC7McpqLjj7mO22EPtDbIOtXN/zvmunx6m1YF/nYdC6lTRY7c4Itl5EKl37+fzaq6++9eYb0ldh6v18udyqdIJCukqHS4VeFIKGGJ4+b4tIF+nSHc0SqKL77Ayjflu/tF0fo6BR8FnTeAC82e1GYhoLypi+2bq0I0aDdaqqUE5tw6q/PImb+m4HyunJEL+YPmI/gGtax5obc/gdMSUTWprwZX90W1eVTaM0OLvZZeP/SmBTtMxlPhlvImpLuijGNVGUqSsG0bTi5jZxiAiXJtgoIefA3IUJs4pzHSDH1WLOGH86ujVNRYH/lYl6vFDUzj6mclteYp5DVmTuOnEoWa4jF5aVbjtM60aXwCevxhQooEeNmZURcuSYe91U+gJPMhhz5cXUpq4HTpzSrOX+hkLGrZSYSImNNji0gmM5S4af1T0z9aCMemjpkI+3VwsAojDVB+HmyLT9hpNBomVu9ro11oKBRXvvsjdO5QAXk/xOhjhej5LDXo5955Vnv/Trrx7o4GGHHXbYYYd9Ru3ZrfzSr7/63/6nXzu0Rj+ihW+n/KZWzAzC+Lb85pj9ulT8tIa62Y86uscPTJO/mvA8vzHt+Lfvy/+554mKI+fT4M8/zn8+zu8xCKHbM8f54/xHPK/j/JZB+GHzqZ9Jo9m59iHp9+77UAbhbv6aVIKSkhQg05TzsEa+Z7xPqn0JtlB8Ghkt/EC29bt3LQ7F4QcP3+KwsTEfqO69a0ZFPT8Dh358DRBWN1/dlR9/+qb4pAnWS0RkXddukQhjL39rTV1oMJElBwgNIyRaDPhbltOy3CzLF5alteW0LKfTsvCyKDOYTQ5ulhilwvfzPfgVsAGX1w5/IfF+SoFAmGhdYyZGgI7c2NVFQ0N0oIMm0OaMNQLnI8XrS0UvMophnBmlqS7g61a7AgvpijFDBnJsnIDmByedwEiHhCnYLlkd0HFRgToQzvwBRI1uE+NgOJcHPEZRAwnobMG6xHl0ILcBAqgjmwkP5CNrONsHh9GpLwHTUja6brCfvOXsbVel2s9L5c/t4pB9KPQ5eGjaiFJbpPYWr9zEQUCDHxnQ7OgnCjWNP93pAzNCX4fwFsDbQ0CjeIhtDlH42mF8WOrUWAkQjsqZ74aSoPIIJfRyR/MPpFjz2nqr0nyVebZ9qF2y1IewqXtclWZG/eaRqFdX+EqS0w65HrBh94Oq5SR0Ul0vlx/+4AePXn/9/cePmfDkyeO+XkQufV1bI0hH76pdtYt0gRCAZrXq9xfDBVS7CBFb/ZvWsyoZTzD/sziyTnICaG5FWwQQGsZibO/AmjJS2oiQN1hVDo1En5Q67wUahXnEJenOl9jAqeAM/VgZBtk9GHukPukCsZR69Y/lzJVUdd7jYtqVqaPLOVmrz9+WP5t6p3bppGQh70hI49ldhpRCkrTQnctyPDAxlLklSXWejw6AdtoHcDWZX6/jBY90wieVQUZEgPi8CM3YquTPi9BHTfgPRBCxtVjqJpUQIN3uCXDK4cBdtUxUY5vFZh/AmMowVQwCFKWr0ZzziVULs2ZM4E2/qsW7Du9Xx+9A8kDJRyx64/ZkHUDzfUu+BDZisKJbu/sEYoERK0/TX2vGLiVi5rERycvmNcUgcNOmapixqqqs66pB0YXvNvAgjLYNy7RQAeq9SxfHwf29TFyQmRsTLUv70DPkYS/W3n53/eXfeO1QFj3ssMMOO+ywz7Q9ftJ/+Tde+zv/+V/6ya8sL7ssn2GbGISTPxbFn5x+17ho8utWryyQLqTn4SB7+T8w/fV9P6RffZ9B+Kny8x/nf7TO7zEIj8/j84V/XmHU+oLyyc8rtt9zcruv538gBuF+DlcxDpNBGAF4iDxolHkUoWLSopK3KpQjZlZiIQ+9ZyGiBvcmnI1aPHADArnaO79Bm9KfO6gP4c6zLfl1kR6Un+AH1vyraFhWkMwWYXt0lTXjF5pHzNC8tYtFRAo5LnY/Fy+WYllO1JZluVlON6fTqbWlLY3bwnwibiZHagBhQIHNfGEVIHR/XFQIEYEkQRrXuqTUyHPuYuCBCM1STmJHZuusgoAHjfloXJQR3q0Ck+4eTMxjA0HVN6TiIb4+f9XKdNXo8DCTMqWPaFLRx92jTYPh5V94sMnaGZB4wU55rwrpDtuoeZ2x7Pusln+uA9IZxgp8Pmg7gTWlp3hDAVF2bcT7i7JxH6cnvw4KqPv+g2dZcTuBbtknNSvraNVhfV9VBMwWp7AZ/jaPlGKhVtpddwkfu5KRaaL7T0CjKhDRxgpt0UKuhXoeMXhkG82s0MoarEYlzp1PlwrsefZjfttF616O6dWQzK5u3w+wM/eOxITJ1PLPrEDtAjAxPXv29I//6I+ePnki62U9PyOS29tnKmtr3IBVusgK7YCAYBFtYdjEpgl0NK4x1w1LYSZVDnonqQDJfH3AUxtaxjS60xgLXNR1y7hTFXE6nG/giKwGq8yj146F1+WeyaPJSZJ3Uzoy71LKlzsXMrBoYlRq0T5l7E2Bjk7uJel9jPqp/6stWrEvlAB1/qJEGElNbMgx8O2ULioeoBZI6DQrUESZPd5urg5j7ZXATe9QDI6TlCA670w8icuOcKCWYaBWjuk6v5ABEWIVpRQvHbx/IDdrJJiZSzjAFfVEcuamUsm0xcHbaayMgDhmW+a06wfPumJmXNVMYm/5ZrXpz4U0OUqWmznWbjM5uBEHqMbMNq7IwtBGwGbtXUUs9K6LkTZubYmFkLIM+f6DNoaSvT+ISMUyffplVl8vGjEBxNQsAqeqrut6uVwALMvS19X1203I1HVKNdFZtt0DXZ677hz2ydiv/Nbrj966vOxSHHbYYYcddthhH9UevXX5ld96/b/7z/7Fl12Qz7BNDEJNFGNmENZof7j20NLmmNwXTff4imnyV9+Xci/9Q6+655M+is/8+Dw+P+znMnB0G2eBHyrpcf44/8LO6ziP2PPxEfOp5wcXiFIZ7r58tuk391UvJ9Xz0OHpfm55tF5rK5mnNv6fqlL46FVFC6/O2RhqbkrfES8Cw6OEmagRdYOw0hlLEcwJBTB0SUlfJ2OsG6TD2Dg9B15o4lTDMYpkEKZ7sroUE20yX6E7Q9V5VFtwUHoXBwgNKTRCnrcZkZ0ILU4LRtjAjduyLAu3pbWlLSduy3I6LacTLws7cLiY+ie1BAgj1GDAeHPEQOKIQRXVzkkusb316ZpkjzhoAC23RkyReyKFw1GupmHJHraQOLyn4UgdXk8aBVBiMq5btFMh9UXTlr91FyBJWND0w4onPWI2XWFspvdm39kLlftwoQVZiLctTelKpPasoyHFTW8nvUtjYDnBkUrHfyBHyEhSfoeEmqZ3xPiM61WhIypmkTscAL7mfdIxW28bbuipQilZR3PxC1UlGBsTdW8gcpMP29FBp6JS9Ysnf07rKMv8w8meQepGJ9DynFlz8f8szVDyHA9zDTFPwxwm3MilxusBEL78bQZlawLJ+DrBg1GSUWm+PwKmxIsspdWVQkVHi3nMVarlKSNo6isVZb8+KJ1oH2mgq9ObwbaDCd6Zw844jSGUsJnVOlR8IDbC5dntu2+/89Ybb7z37ju3T59ovxBE+sWkUURlXc99vZCqSdWCHMIXe78zZMKWXJuPbKdD8qCZdI1eKw5HJVUrG6Nu+DCgyPh8HLFdqbIGY6ptFv6tjAT7SqITkwszlgCng5zsgTCtV/vkPAZnA2XfD/SoENCia9kiFNkQEqoXEYdUB0mxDqfAseypfQ6jMbbF4fCYLQc2nzOmKkQDx4vhHJRcLwdIibwYuR5EnLzN+lB6nSqXOemu3SEAUkfZ/4uH9CQWrhLZc4aib0JyFE8ey5rNjWwvUbmzJ0devA/45ohoR//GsqgI4JjIaRTLVyklYjoR+5IWzVCaYjxsmdPJVRc0ZGrnlTYhvfrnZufHGLc+NnXkoL73IpaFmIs03hnLDiRVNRat+uTvmudE1AyxZQJhObXcT0LQRkxMCrQWb2kEVbHIl77LBERMy7L03vsqtrkiNR0SIOyigK7rKr2rx7TmpS2n5bQsS26g0S6rrhUrPexl2a/+9qNvffvJyy7FYYcddthhhx32Yuxb337yq7/96Bf/9ldfdkE+q0bpF3O/7vDHFn8yNn5gTH7g6r+N67bnd/zG+/k/KP31fT+w3xujnJ8Of/5x/vNxfsFQSdQNRn2cP86/sPPTPg5kyo+STz1f2X5VTuyufLbpN/eN/Slaz2euDykPsM0/ypMAoQUbMzRHhhSnwJxGRAwW8UCDNChprHlA4jcSBTNoEvfLLeqxTg5TVQgqA2liIQRqEp/uxXP8T0Rjs7num0g4lC38lRZ0UKRbgoFZTIwuAkDMgeKYA5OJG7elLTdtObXltLQTt7aclraceGlGROG2cFscGmzmu25E3EJN1JzRFpuwkP2QVAxAzXtJwblgj1BlCq9klzrwSMSBQBouyDT0wwwDSp98enKDr1FV4yi959m/3PlIA7GiigzR/Ofeq9RoSMTLFIZDtqJTFcyj6LkTEyhODchtQ1ZD+sZnS+e7hkYf7eOa5h8f4rg++iqIWLpn+umjUNGZKlAXDuWo1SsCz7YAk6s9HPQDNqvQoJYqku0g8tsTZB5fCKTZvcIbr3QCfDRghtQedIxjy+QrWMhVdxCVuUjuX2+Ymr4UQhAIHghEwmB7V6Cad8GAK7S2YVkZZ+j6qm3PKVUaY8bElyP1kBKhDf436KjlYNN8G5u1BOORPybbjoar8pjEYsJhKA2jpAJqePr+k7fffOu9d9998v77st6yispFpRNbl+5d1rWvpLrAN1Wo0QeJTGnQB0iZmGwKa0sTIYhoawoV6YXhd/0kFJWWwF7JjQZSPmhJvicDQeErRYgZcRyPH3N1qjSAUDAwrlgLr6pYY9fFjNYD4sC1ST2HvKKIdAsWN2WSq3+Yc63KhgLLV8Z+hBj/xiAc2yZs24XFdBwTH8rUAds3EF/alhRba3JRDFI7sv5zi0ntVBuUK1cWcsyKONH+stb4r20OciaLo7Kuf67WAPF4CEiLiUXUMkySKmGiWsakDIkxnRFIvSbrBon6TCGxa4tWym0mZIsySY9JOyskuYzWThsiYE411/oK1VLwfIxI69uARSIkxN6FLElMU/a+IUSq2ntH41yt6/sBh8K5QvJdpPdu7wbMHBss1FYNoy3mhCkixDwkHIiUqPc+xH2NYug1Cgo4vxEvy7K0hakJQi7VkEU6It69ZPvGH7z79W++87JLcdhhhx122GGHvUj7+jff+bmvffEXfv4rL7sgn0lLBmH4Xd1fRpM/mTZ+YJr8wFT8tMbxiBR3+5/vzP9B6a/v+4H93vXbT4U//zj/+Ti/F4Pw+Dw+X/injuNtDMIPm0/93IsXeF8+2/R7d3loDMLd/NPndZVyWVpSBBqzOXLhJMKu2gCA2SX+0qUHuCvHdTMbcxchd0kWD1j6W3eD7qTzKxzUBdsQVShbMJs86c58hwYtXGBiewUSlGQPiKrCU4l0C36jomJRssKDZTJ3dkcKhTqjVBBxkJjsgQ38O7XltJxuluWmLUtrSzst3BZ3e7XW2tJ4Iaa2tGVprTEwRW28BggL3AEiVoxHm5zZFhXIa95xQRqhgrbGwctgi1VFCk0aBwVAOLy4o6+E77xyQlC8wBtyw/0UJqIAqyk6ZcF1nF8Io1gUnyvtQ48DFZtxnQ1AeE3E0Dt0NaNzZ6616IaJzcCojisqJJaYnBdIRsEmctnmvoNqON3fqztxwYnqMlB0SlSyAoSBF7jU2xVoWjlrGRN0Uy4TlJtLH7S+TcMEEmqCg4rNvQpkH+jgmMsGnGN/StZvNBkDUiMgzgjgxJ/JZhgNmOiEI5ybaqwt6bXOJiCYNRyPS9kNdGdOy9uBNr12nhZ3SIT3Dp6PZqp3FHRKMx7PqmPE14yAnk8ev//2m28+fu9xv1xYFSTSV4gAEAleF5wQx0tz4FmcO2Y7OmC6pjw2MLTWlmVZ1zUK4oqRifyVvoCQiEQBY4YQbsVaNlS27O2i/vLZcn9E8INHJzRkaoYejfIEqHG0kypsEFot0qZibSVy1pxfhSDnmQJowOEIBBCxupNm72ZuIhqFdrQvH01Ee+8SoJ3rUw9SM4zCGOGOa5VGUaOmcmNKSl/mBG53K02jSRLPDTbXvSuaw+GlnOmnSlPYHlwjhYpJVcIiLfrkBmiGtmNVW9cUbOO6EZEYAT2iVeaME5KrSdOfZwiENmxuNgLg24EK5AmFhjgq5QtCtFQNgrizVUA1pUExh0aeXmB2+0/dJxSUQSqvDr6xK3PgfGWIRmzM3BjECSdXHJeYKYiQNXhnKpOrqPRuz8qNpfeYGMnbpkuIMUwlJ+LTaVE9Rf9QQKULM51OJw7pdlsvssQE2UyYh33C9tob51/7nUcvuxSHHXbYYYcddtiLt1/7nUf/yl/50s/89M3LLshnz8pWwPi9T+nyTF/rvCV+6+nF9TFtz+987uX/wPQf4KoPmOfxeXx+vJ9Lceoen8fnx/ap2zP6gvLJT31wSk9/T8/Xu/LEzh1381Fsr42UzC0IhMZIc5+RqutHDfaYxa3rZGQgEAHM1GAcwtaaim05N7fyQENSnQ/VjwjZgEzpwlUDVgRAV6EgBST85/GVukgXnR1tNX6hEwUjfe8WcLAb9JgBCDkoEkhqCNiD/hmRgQgwCS52WdHTaTmdltPN6XSznE5tOfFyMhiQqBlrcFmW1k5EaujhiOsTDMLYRh/iokTBJDUPtUsNFBKVYYMwsqDlZ65qPyjRg6zCDVxlcuqhEzgCDtwEgsoLvXkw3LdKGfpxBjmsuWT04PwGs7lLVTkczKjqlOqIjXPdgrDmj67B8UwHusf0G+J5ukGXEUDZlb+VEv2tEELphKUzAsyK0Da19yGpiTbMsyFzqwMJ0SlzMk1FnSI7qqr2kWWtXtKg3k7kPxp6qtCKtU8uZoVot/BkymOgVbKqQFcVBsE4VagiezTKjICNZ308DA+4BjDbRzMVqBIKgbNOIndSVViPhRrOlEDBDDNQBglLUHnLhryCXTeEHoIMLNlajVyYdAigIgFqMnE+D4WXEoeqCR26KxvRRkylePGEValw7oml9TseZIFD6B3fb7o6XfXr+/3t0SziA9SxKevYzKyCZ09vf/jue8/ef3pibY1Z5bx2aqoq60WdO70sXS5dRLvRvbx6xvwcqqAGlHlsv9ZIBK4GyaodQZDSwGYoRDEDZBlrnU3bsor6toZhuQdFCNzIsBOMfQ8D1vIQjMyksd+CTW7UHkKDWkeLCzaa/LXYrpLo/+K1XycJo0YVaBO1BweZa0x0U5twjsTetXePsUdAF1/UbLqxwd+dpgZfGIkU6BbA1QUh2bU+y2D0haMsnVlUZvY/yfqF65HXiHoJcm22XyS8brtZoN2bD5QvPL4UAmzAMflKRYYm2uoFsiCLDHbtUUJj5JLWtKmpkQdQlpAg5VQ5zUkxSuh6J0GG+0UB2GJWF2tNq05lLzGBmUEiovC9VAEcJsK9sybu8vRhDl4AACAASURBVAWrFvF1AtEQk4ZzcVM+VNG1B9ZIrn0sql0kno27jUGxZ2yjDGoURMmyAWittebK56yiMFVSZuI1dpUtjEtf8z3LUGQRBcXurHiDFFWRTiCPN4q2tBMAFeki+S5iSu+7NXPYJ2m/+bvfX9ejFQ477LDDDjvsR9DWVX/zd7//X//i1152QT575j9haLNVOuP72Q+cad//lR8403rKOZ7hvk84AxzgrpQ0+YHn9Hdf9eBP+ig+8+Pz+Pywnx6DMPvv8Xl8ftyfZh9vnmXb/ocuw4PyVOjeCNrJP1K2Zu4/lwx157tjNKIq7o9lVo0N5o7YEZqT1bkxC0u6ba880RuGX64zG4epH4T7K0o+IlGJiEIwww9J/qhxpyJPUa2iot3cT5ZV/snMSjCVLeLWWrMSarjVQMytLe10Op3a6bSYsuhyE7Kip9aWtizMi0cUdIBwIUJrocYaCnjhc8wwhKk8OddY1I1t4Q9QEBZoK0IakgcwjMyNT+ACpg5IVQVRu40GgDExmcKnXjEI84xnVfu1lSyipFPRr6yIAQZwgYGNxfw/ESkQp0PqdsKcRMYF236lNRbhYPVds4uqE3YURmux88WPIIotxLPTsTVZHCgCdoqBYOXfepeDWOsRB+ee6r38CWOwhG0BQmAo6ApVKDHDOznXNmCnis8VWk+MgrsBwnJfua4TJ+qV0g40Okob1aVzh5n4NxkzbFP/TgsrPXlLDgq0eFh5uEo/HagAeDPJxPSJ0ncmq/2qpqmVtjfjbZ/0xdjVoKxTit+28siyqKG92Chj3YKY0HE5X26f3kqX87oqYyFhZkC6iWRqs9Si2teVRYkg0Agm5/0k+MPWox3M2SJnYwUg8kGAofuazLbC7/ReHYXPtouhLQpoNzJ8yxtJwZPqjOQTNlOZalx+NLZgeJliDOR2BN3ONgZzcuBGkrh+zAXk2GFw9yLAZ9w0dh5Apa/iBD4bvNKlixJIREUgii5iC4CBVQQSlcvak5nHNLZfpNQkYjWKZXSaVEeHwf/P3rvG7LZd50HPGGOud59zbMfxLT6uHTeOQ5sqgApUFChQirhIXIJA/GiFipAoEpQGCVArFRWpJeoPIH9oJZD6AwFShNQfkVI1IhIxTdVUuDINCjVNydVN4zi2sXOOj4/33t+75hj8GJc513rfb+9vn3323ueYNWwvrz3fteaaa17XN575PGPfVSynHUcuXUzSL/A11/HHROSJfOafsuLA0EAp4OntRRq7OZoIiEw8iCM5EdX5/IFhwwxKRVEtkHVM38D0jv6a9Ur1zYPsXFdHrpuv5tklesyMzEQhiDnDe9scosIKM7uKgYWK7HZGyg7JvqWjulZXhabEezwaxOxPMEI3oySVRu/qvqKCiaU1Ea6x4yTXtrTtklqkvtynpQapGJ/ktEQFgSAiBrhy+1SZUV0ZklBBJMuytBa91AJA1lw91Qx0CIy+SPvMZ1//2Z9/80WX4rDDDjvssMMOe1b2sz//5mc++/ohNPrEVr7WrScWFynj6Jvldum0vfdanpv874KSXM3zWnneHp/5W8rnOB7HJzq2gUoTjvPj/Fmd2zjH25TPnH4lTzwqHwRmcss1eJI8r+WDy3LmvS5xaZZ79/PH2jHP6RNFsDfYnYce+4aNLXQuXYRNTc1VvmJtonKZzlxBBzhCoKwSL1GBDEqWMIOpBucEM2msLHMuSbJCB3scnRk5uS8LHCEGUeyZH85fYgTit7QWrEFZFpFFWpPWuC3MriLavCZEpJWuqEMNDB6klCL5Ff1vYFX1FjPakexAYmEmZNzBgAaFXQoPHCHl3OUKToIgcX6XpMd6BJXaQheZMgcVpKuUpTm8VhV79rBv/cvOaBmtlZ7Bumg05QYMTHehDp9p0gqrhWekcNDBdHavFnrEU10XS2aUc/uic9+Ey/QVnkpZiKnJyrm5488hED4ihlngbBj0Qts8c/rXhJnQCMmXJEL/vQZ9sFsS7ci3ykqeUCsiCx4X4IKQVLy0cSHmyQAUDttC9ea2DKBxA2a4eGLEqVK4VOwGO4ntCBcYBKWne3x8kkPCG8/7FQjwYjYYvTTBg9GRpgmkmrGGADOr80bNo3wlmTL/QdmGtOWrjaE0lSHH3A4FvDKsHmWPvPxuhJtpC8Y2gCKytyk06maQOs27rt5oX7Wvup67wDorsbFIiGcSZZjJKE9PcVqDiyLGeplUZItIh0ZMDIKwGKkGjBRgcaBr8ReIzZUcpa5zM2bOIRAFiWpn564qDAaOQKdj22fAGGPsZGVR6e6aE6WTHOqFg2X0Qp8NLOFt5Mxo1RlGeMPGqrFtZRLZ9XofsQU15pF4cVPrBhj1oEZ3S2DW84mlrmtXJVKYb62IWbKrMZEIg9mZ++NRERty040dHcW+jxgBwlzcy7kJiGCjfWhIYta0U7l4NEGvHJ9znAlHjklTLb1ekliRfTJTD8zrtRWgvaYoKpLFiTFP5lU2+s+u208I3tg5kUqz2HU2LsQLCuYS6x6Z5YQwBtVuDG6+gnBZY7U+zs+lrETKTT6xOK5dRGQscOwiz8hrvHozMKdvi1Ii8s8TkYzZyBl7mMk/4iykg415iM3WHqz9V0rcyyn/bsRWiKxOL+M3MzM38Y+zgj+7MxEBEHXVR4c1PuzZ2cMb/Ys/+dUXXYrDDjvssMMOO+zZ2l/8ya/+k//w++6d+EUX5F1lqZO28wPTbX5jR9F26fPxEffeJf+nyPOJzvE25XOcH+dPdD4zCGnE0TzOj/Nndu6T3bPN056uDHZbnrDdeAnP7x3ytziX1kDovTstbGbXhM99clqGS5RZ1c89WkyKXRIRUTd1wUgntiVkpza5D82gajT81Rv/fkqoJduNrPxLIZmoGw2u+UbNkE7hPkveoFp3p54LbhXdkIhJ3DvsICm7x69kVEkELLK01pbWFglksHFr0hZpjaUxibSW8YDYuYOuHSri+qXGHgVwSyV0iMTFCQ3uJ3VpvaHV5nEhmTmZiFvuIGXIRIpWS1FKFykFE0ctBnCYHr0ZNbz0mU6BBzNclu18gqOLTMpyjl3N8F6ArCDHZNNVTNlYtiHwRX8YP+0gxGKWbvDFbSbbRyNRilCJ3fWZmW1WDMJdhcyQJ6Uw69SFiELHbxD49gBhvDcRYOwtQwZyeclNAbbtEP/W0HFVpMs78XcvcXR61cowI3FqXKZjjDoVOH3f+egMXug8nrkwwSpTHeMXG+ctEXkAOe/eCdLoKIkZCAXOzRqnLvyJCYQr2Kb6HkBmOrfJtonpsk9Wy1ZzdIMHVp0uC3yl7hUREXHuYIeqqsDH8AjTGZqiBPigDszAVXwp0aNRM1PiBSSXYxF3tIQ2b/nRqESEqw5tg3HFypGZ2Px4CrYZOasLpJZwHZGZrevqnLSbm/WVkzAJSEVYtROxCK3anT5KxCQtdmIQAaTq+rIVvw2J7zCxQWi1FQJT9G7MJCIIacQClzyzgaZ45xBmCmlHIybT7idIUl9EY0NQ1yoSasqM+q8BEM67B5hgNhGnehIhg7gW07W/oc9GRMSSk1uJXc/4DpEwo6P3rr0DIHF9SFp798nfp7jg44E9867oqgTuRYc3S4Aw/gp0gDB+jB0DIXnKPKAgpcR7vCYdC1JVVd8tRERErQo8TQWOj7caPYUmJsyDYhD6sN+ExUV87JupN0Zgq6pmSsxMAguwOXR+ecTo9UUAZAoyDQHQMShSc3PM3oEw1WBQSlh8XlUI5nCoXykiM6M0PnDmWdciTqFvy6loxz5HOkRXXMxBhPX5AZRbHzbrafWxeYXdsagpZcd92Fbv6trJdXgN4lTL3lftRMG7hUGYupn1kExQNRFm4XkuMYYZtOu5d1W13mHWmqj23jEXY/oyidne21a7zvRHJlp7d4XSmxtNXWBior6uagryGWa8WnEHLYVG7zoxHva22o/91Ndee+OOwteHHXbYYYcddti71V57o//YT33tD/1LH3nRBXlXWW3wLP5c/pH/CH8vNul1F23vrTyv5INrPt79+XTNtfI8Fc6Cx73jcX6cP4vziUGI2Y11nB/nb+u5jXO8TfnM6VfytEflk2e3XGO35Ykr11/LB1fL6X5FZ28I4AqiIDCBzBKUSFxkkIe8JC7A6KCXshArcyMKt0KKrW2YanXvRgvR3UNb7uCGhQbMTvwZG3D0r7Lt2rWvxd9KbHBd+1qOPOcNDq+lNFf7jI09TsQLIAAsLE1ITi4r2oI4eJLlJI4RyuJxB11T1L2rvjc/JOocYXRQkGQSGR2Qqot6utDX9I6Ay4pmvCXnabYUGiVCoYPMCAVIuEez0jliKRZ/JfxxCcFO4MoVpDAb+hIzu2ql23bdtTfyH5CEszqqdWbLToLiGWgihZcXzxjbFYCQmbcvt+uKI13t8k0nvI2IiW3rZU6H70RztFLv9Pdu3Gbf9BTiS/fh+jawXHWIpOYhv0MH7GOab+GwfTjn470UiU+V99ZKcQ41H2xAqqsckXlUAjDsZTwpqYQ7LqNGPNEhRLulST6+YxV5dPatX5a2qrdadlS4mWZMsuhLySoOuKiovSASUlXvNVFfXR3I2RIGL2tuQrCwHQJECYmNhLfd5lUmUgra90B6NoqcPShOyLGbmHhKQtMv8I7HzCwszCyyLAuJGLMSnR6e9eZ8w8wGNbCBA9BG7lhB8kuTNM7ExELE5rqJyehtrQmjc19BZN6dfIw4DdCKXQaf4kQYM0bF280K8b6l8TiaYGpGX8WIZEOkY5oJx2N2BgJGnQFgIsCIQ/yzNBurpVPH20FL9UdaVRO51rdl1EaxCAjokRl17XZe9XzzcJqvyEzX3tfenTgY9P2M3ZjrS9QTQeY68WiLNdf6nqF5pTYzZtoONaeUas3w8+vHMgoqdr6pwlDrHTOIhHynkebGiIDRnK5KtXWg2oCzKaNIFn/ZOlAXerYT9ZOIIhrydNc8QKx3msAqf+3pgs1ycCkxampz+o5ArBXfNFcf5PzrqZRwY1V+7TKpJxZq6CvjxO/EHDJxrqjSFffXdcJl711V2UVAgW66al97h4GFHfKvR7MEqq1m6/lsqiUbIQIPDeifNfPoifZiJjMiTRgYZtpa01y+mbmY6Vr8WTVibsJVuR4sGsC6ruv5HMjkYc/Xvv76+uOf+fqLLsVhhx122GGHHfY87Mc/8/V/8fd94IPvby+6IO8e8z9c4i+18qzmRshL32zu153SA/2I83Ev7e+dzm/Nv85Hnrdd/6j8H3uOp7j3OD/O3/L5EYPwOD7vo9uzzfMdHYNQDAYjYnYdswpUVSqOxko2fGqGyd/KwRsSFuXuvAT3/3QlcU6B5zajCwlT7BCaa+w0q2nCN+AX1cn3xKt2C7FSCxdpON1U195Nu/auqr2DOEgVQfsBgTzuYLyygdgVOYXImJibtOXErQVA2BZpLSVGG0trrTE3Il5Oi7vPJP6TvD4K9gYRMUtplKW7zy+xkEfLynJ+0hAXJRLXF2UWDperOO1lZEclLhoAYTqIkyyDjU9zA3TkDIxR/5PRoBBWSrTBzOGolq1+MxrTbwnvM0rq0ernxMngMaSCCpoub1ewtISdNfH5qTPFQpI+12S4Rl0GtVLz02m6T2uEWP0vt4ZNTuz0iSuUA+6KRCJNt/LkfzerMhBZRhH0Hu8RtJD+aINNw3QifSHjMBXbNjkw8U7pzw4cJbOK+tcACImISEYtmW2aJbtNjfqsiz0UN6VQdgFyFM5ZUEUtcnVfhMKp8/YKoQGCPpkSjoVfX2HTUcxYFhCMD5LsZtGns8gxjPIlLYQW1dSsoyDnJEyF892JX8zE2QNisouRlTgIMwgV0RNMQ2v0Eu3bKYu6b3/69do4u25Z4fndf9ut1Ww27hiCnznDTTU8d4O589fvwRT1DuLqi+QMtq7aU6AXLCQNuhILjJk72JRtGuRmxY62KqFR1owlUcxZ12bC6xoRBns3J3xDmSX2TKQ47ZUKzyktyJTZMcZsyzRdXjMwgYlNii9LEcB1BnQpxS/HX0lj/nTgRq2bETG8cwZY6Gxp82nAJzI1UkSAXIsFldRIFWqu8UhJxNXz2te1r33tqn3tvXff8mKqveuqHRryqV7fvlaIQESQ/dSlOD0OYjHeKioeEdR07StpdhQCG8vE+QwG3Zj2dtVf67zB4uW8wzmERBngeAzdRBmZKHiCvqDl8sjCvtXGlwwQxoYXyz6cS2etYTGnpBxzvDKRkfWuAJGCBMHNH2PAcqnDELMFMWZKsI1ayE5A+QpgppA7zUrJoY+iq+YiW93V2zHiHwOU0Vj9i8HfUYu/iIs+73oMZkJUoKD/6pgxNSLxzzAjZWANDjxTXzt54EDvA4gwzOv5TP7RIkJE3IRZHK4jDq48OJ5b+34c4Hc6apBayUNjqpkJsyUld1kWJ23G4FFd126w8/ncVY1wc3Ozrl31AAhfgP3EX/36ftU/7LDDDjvssMO+Tc2An/irX//DP/hdL7og7x47YhA+XT7H8Tg+0XFmEB7H4/jMjjbO8TblMx+v5HnLlTZd/ein3DXPa/ng9it9d7mZMbOxO9SHY9RSpwwwJgaRMZIXkZgTO4mQRLh3JiINTT+ForyCuIY3YEv6uRSKDK/TpBkYNClKFApq5RsNLCmERdV13BKiyLBxGxoQs3MSHKdDMkeECSzS2tJOJ27SlkXa0jzu4LK0trA0FhHx0IPiPq/ECJk53ILMmGRFw7XNLuGXO/SBEW5n5rcUC1CYOSIhsiOCzhFhphR4Ddd38gjmSIeZ4ew9n4kyGb1pkjLDRTvt4xDatR6/wXQnmGLmcQwAMYhl0fezuQcZrqJHlpMRg6g3ypMYRJwHCASN1wQIEANAplBK93Tkphk0sF5l8IFmyHOw2BzpBCnquaZb3slUD6FCuev8m9oIdtbm1yhKucFHYMEggroPfkTVsypDsZoL/Sp+Tw4xjB0AiF1te/3LuUqrQ1aBKSm2GlEgEWiUeuw5c2bkxGVEwoMb1U1/DN2OmA0KDtlmEhvx7KYdedfYpdGdTNcJHSyMMNuIZ7w8YQofeiFxWCA8Ja+3CGYzgDBKvsWgcl626fc7G1Vr5Ff/hXmf3qbk0WzbuzcXVKaX5ENknubxAonYJViFkWqLIDZSYhFZ2AlMgozv1613hSWtLRQd8xkpL+zcVpiIqCrApgqBqamsMOux+kAk5FxKcxLT0Jx4bDbInRyvQiUPmhRDEE1t6i3FOxR1znk0qNksGOts0VTEJlfqjp2l+VhHUpxwrzm+NRDBnAyI1EwVa9cejMCIKXg+n8/nde2rGXp3etXqUJAD8F7AESyTjcw4QxgmOqilDpMkyxrU6ijmuq4zJiosELAjw4wMh+gBQUdnqoihs7AwCvsPTJeIKedbnaFBIhLyjwgeKtzM0dDCzKxmRhZ7euBMzBjLqLE1Nh5l3/WlIvfJeAxZ5B8cpS+bu3NCatSmxt1RSMeklZ9fNL+FSNVtAGcgBiN71bixAjYCnLzD6oemGt8KIpWdA4dWU+UEPHoQWV+iHcYbKq/5TWMAkcuUO/RKzLxitagnnWMBsghgHksZ8RFDjjgKCZhUlZhNHbTN+cfUwBqStuT904IEbK01IvQkR/JEZu1d13WFY4vWtet5PVuwLQ97rvbmff3Jv/7aiy7FYYcddthhhx32/Own//pr/8Y//+H3vHxEIrybJXHhGoNwk1J/VZpd/Dr//fKIe++S/1Pk+URHvK25HcfjeMfjwSA8js/76PZs83wHMwiZxV1JHk7GcQRXC1MYB+qWMAOxosAkS89poGoaSBgDZNa1IzTbZt6BD/VJJuvREoPbQGLuSVMzc5IGkOyBRActnF29B0CoQzKbComYkDKnDQVdxH1XksiAtOW0nE7UuLWTRxbktkhbuC0iwpQQobSIXub4nxQ6h3Q7UulxsUcjAmi832DolRheBI5iYoaIA40kTDIXnTagCxf0iV2VWrb/6AhzzScMM3FFwhNuuLCB/828vwugd3dLfULZ1EiWUJglipCgoJlp75Y+8ER5nJySzud8t6lEMxvVhWPTtz/wRR1ChTNKUX76qa6y04bff9Cx4lWC7LF59fgtdOEGaXOuFsuqsMINpiZzp/V8fdARkdQ7gxES57KpEIrUBYb1wH2dKzvDliFlMfePja7e6DKbJK+9+mEfB3RG5eJ+GqQ9QFxYMrG4nQrf5nkbHUi4vKrO18yYaymmbjriFghUs679Ejh0HUW+ZlJHYnEKMM3E3MGoZq5xNNuuAh89zz3OvMkuhuPVEYpi9u5gadhlDiFXG/lTcFYLj/T/OQeQ+XTv9Mp7X3nppZeEQKzE1Ja26o1zrb1r+drUcqTDd2ikyCsTgktrrilI7APVt1d4Y1GCka2lWK1GsNhadIiTqa4+5HbV7qTJApiDeVayiZHFCEo6eqSFsO/cuwiBcgXEWQM2DkyBEXICoZbLiheHk9cKo5n/yhmwFZoz3nnt5/O6rrq6QHbX83pePal379MeVrfa1BedxAiRi4GDYGYwKMADQ06YP4QupzV0M8RoWhESgaJ5Etz1Q1f1pkT7PHEC/HwKT5wr5UBjxUXQOCu43TTIYsGysdEAGaE4NhhEf4LpRIHev5F5N/C3GGEQ4eBZsEttI06bVXH5ytXban0v4dD4HZu1mGrBoFFftXWjvhBKGDlUarcTXcyYZmSj9NoVXY1FTXvvXnuJvzq8GoPRQUeKUKBjP1DvPUZcFsMsqOdjcSVa1w4iH+kiApALvPt6VV3LZSTO57NXLIDeV7MFhr6uRtRaM8K6uiSpaVcz9WnWYL13mIlwa8vVye2wZ2ef+exr63p9TTnssMMOO+yww74tbV3tM5997Qf/wAdfdEHeJXYwCJ8un+N4HJ/o2EoMK7wQx/lxfqdzPNn1Ns7xNM+16+lX8rRHlRPOCbrtWfboPLfp1/KBXasr9/oIG8xUI3qdGcG3kJNLF3JSdcK1hkl0b+SXLi5HtEL2SkmLljGAwgknKZfXjAJeuCdCHa08+waYK6FNvv4ZDujau+masBIMmAIzaYImKXMY/AsOcdEWeF9rrS0nWU4i3NpJPLRgc3FRxwObtNYSIOQpspHTjnwrvTs8hydxkkR0v1owPxyaTfgkfObJXpJBsygAMaX/ACFLnUaQwQUsKfygHvF4+M8J18GKYiZcAREsPZw2GjwpEXPXvjRLQUgvmiZaUGhVYFaqHmtwYITbcy0EuMZdPqDAYZBrcUYfFUfAsyYcFozsCmlA9I3Ska/XI8C5HeVotiCrTnHdvD9mx03I1OsTEBEBOTywwwjrwTG4t2pqCpur1AwRpzPnHQ02rQVNA1aDS1ESf0YENhSEHAgy9t1gZsGV2xm7fuK0wJx5CJtthlFBCI5ucHq1pFZBDKZQ792VJIlGln1v7qfFmRvu7A2SmxXSsy/lQTFLiZpZ10EeTVAkiToubQkyjEBqPjXk5wkPbL6iFSZvi6gih03jrDoYXaUYPt5Irybbtk0u/zEEaoEpaBmFeuRlhlb3EEGA0mesvwJMVRvxe9778vu/8zsguLl5eLa+NGoLI3ZESO8dhoD8gGbmxLVePUItISdyahEAkwihyk3IzM5nXzSEWqwjOJOtIbAYjKWaIlE8KgKg3fWiFeoIh5ff+a4+QQZMmLNxlMxMVR3N420jjvi7Cb7lPBvld/qeERGEgteoTmynxGTNhbB9RE6xFA0wkJqtq96sQQ28Oa83NzcuK9q7dTWPM2imvqGHWISEvW2jhNSkERfoTjkV+syhBoaZqkOZMV4z7m50TlV1EWxkVyAfkOpkZWQ/3/S6edX2+ZqYSYLEVsFWfWTXNiOwUWKHLWHaGXWbdpSg977RTY6fKOd52BTwNclz0dejZcnpzgqErGi2/cA/EzC+gEnn9W+qh9ADCNKp1UaTYgvHchN81ozOaOolcEwu2Mo2xmjRjnfbDRzAzm+GBLtBTBQLAEHXWI2sgYiZm0Edn+u9CIJk6gx8880aZli197M2a2jN20kV6NparIxELMtp7Q8sKk9EFqA7YI2J18sSG3NublYz871NXgYXE+1qgBKR9u7lzw/VEKtojUVeAoPlCIfzvO2nP/f6iy7CYYcddthhhx32vO2nP/f6ARDe1eLPp70fmKbzjW82Npdu02njs7127/54a/5PkOdTnT+Vz/w4P87f6nnDBhw/zo/zO57bO6AM74Byut2lDAhcgJhhvpWbjCzjAUm6NxXhFgsps5l/V06t8GilPhV3VpsCL01aUbYVhbvgHs2gSC6INC7LsGFFQlI17X0tFCB12Rw3UaR+Z3i7Q9PL4cDB1PNgRyBhEVlaWxaPL9iWpS0Ls3j0QREhbg4fMguzODzoaGJtyS8SUqo7ykwyQMavQxapAAQKIkOSzpiYSRieU0VxSlylKBdIFycmzgeK5kLValPbbW3walAUstFGAzab22iD6c5u4h2yhfpnYbqDmmfJKlELvmDv3VXs/HzTsgkUz5KnnkP3XgFQgLKjcgeiGfEpzTRCol10tvr38FAXhmkl7KlW7xzxESOHEUqQJvCrKIwbutItMO225kcTlGli7EGuxKjOWWjUmYTVOWgwfSfwbfLL706uOesHlmDByKQayza17HDmJ3jv00z5471rj3lj0yNpfv5ISyBw9D1saikjHWZdqEKHjmigzdMkExqQGHSlEctzO1hmddGtw37jxp8ZhJsqHd80T2WXWVwn+Prg3dx59eljSp7/SRt0sR7kg6cvp9N73/fe5XRi6wxZGjkjiphJ/Tndd2IwBBKClIaAx1LEmaf+FDBN7KpQo97JMmhdE2+t3v1ttXDrRO8KKqTMj5B7Bsh4MDcpdrkkqBTvuONIRXuP2ZqSxl0zSY1i7EaoJaO4+/RlhVs6CkihjW1khp79UWHn8/rw4c39hw/X83pe1/O6nm/O51IZ1RhTiQJybgawnNdBRNKKM398jwAAIABJREFUN4b5GERqqkl90G1TXXhMSvM/Y5mC5a9TpyYrvuVGu9h7QtrEe6tBByJC4IMQZvHqzm54dXGK0Vo7Z5OpOosXbNoxu/1mrMa+Ea41vzDfqq66ad6+gs2UWK+L5H7P4yyFd6eosvnBV2Mthpvnz4CDygFk5n4ir8aCe2ODUYqR+h6MJDJzchdFSQNtU7BwExiYhdSqsYhEap+A74vwadOphy4FTEzo/upUc0Fr7ez7xqZ1f2YQFrTpI3Uu/717pxIaFddiLWHcCIjISR4GMS/LAqJDYvQ52+d/8Vtf/PLNiy7FYYcddthhhx32vO2LX775/C9+6+//+1550QV5l1g52O7ip73qm8Ut6eP84vhYH+/j8zzOj/N333lDOayO43E8jk96xBNfmZiZBYyRAm557tc7Ey9lLCe/m6WP3wmITqzrwqSEUAR1xbbwTwJFTplZZBukcCqeGSLekCMNBTwEdSDERNfeVbXn772iiwUoha0DH0QiAKm5Q5NZhKWRNGmtLctyusdODGxN2iLC4sqinHQjaQ77zWBhZA0SD1xGDuDR2FZflW4DKRlAEkZAQWagYhASeeCgclwjCIJEnv+kLFovONDBARsO6LGsQnPhFis63Cxylo2XJ9gAhLt7Pb7SOM0WjF6lIZKZ6GAAhKaoxLykesqAMN25qRrhDCkc1lM9ZI0nwW2CltLjXxjq1t2PiP03kGqErqjahAiohsihO99t8nkWTkxVh0m7HfqcM2K/H57bUqUiKnSQJm0OQ+g4WEGV0fRJdeGBil+BBi8AywrgmAXO1Gz2Yg2OtrCZcRk1Y3PAy3rlYu1Ur72Euxyz8fln2mGAGbdIwHiiGDtkq1EvG4A5LYcIJJ3xwiwRPJTK8x5x0WivEkw0wPgNnrlHB/dvdDe77a7rtTTfYxfj2KlFOyRji/4V5Wmjc4tYCUaQR1Vti7zyyivvee973tQza2fhta/SXLiQzOE77a5+yMICVmOFZAw+o0ECpdH8sWeDRaQ3YSgZHBVZTs4htIySVt2GJlpXEFaH/GT28YEOeWemgUWNSiBg0MKK5Z0UMx6h/dRBjfyLUDXERInQNSE3MjUoSFNnNOiSRg71eTC5ddW1r6q69n5zvnnw4OH9Bw/O67r23ntfV43+i6ClzROK93E2sHjMPGJG7F9xLnqAfFrVFTFxdVTRBkGrNp+C/hb6WoAokbMMhwCra766fKjHjxyEVdS2P6v+4x/7NIPr00aAHXNvM6Dmfptzgi+ZZMTGLE7bHERsJrJNbFEwYGBkrMZcGQNUTnhrP8Tm/Rz+sbT5VplmQyK2DBRo4+7tWJyQyDFZzc9ygdCEaW1sczH/LBsBCwEiEuIVRETCYqJB1Y+fBAy/J8FjJomlwWAeTBRmzOxQnxcjsLosw0QDpUmlQdfez+sZBmZ2QDy4pgF2kq+LLiTriqMiYjVIQ7Q31IXP55v6kGzLMq3ehz0n++zPvfGii3DYYYcddthhh70Y++zPvXEAhHc1Gz6Rxx+vXom73fvYfJ4yz+N4HN/xx4bd1vbc/F1O4SP9SH/3pc/Htyv/CFy3TR+77B+XT16M8DQxsQDG4RdGESpCfEzNOCA3ceIFsZECMB4xmDx2HzETkxo5aYvNYjM4E0DWkZHn3Nu1YUgNd2W4/k27ZQydoRdYBeu9q3aXFdU+wwRGpIC4jJdlLECkH9grgknAwk4BlNaW03K6dzrd46U5ZFB6o9ISFJTG0oiExJFFD6PUvBqIMADCVB0sDK70uMzcUYki1GRYQa88AsHjDibKhJ3DlImEhxDcDNxW5KvtLcPbO+BJOED1KNuSw6pxsoWKYXeN0lQ0jASONIBcBMYVoGDyBdc1JDPNSHuAOj2JcaUsahlorw/8Lrt41Ig4ruodfbqmRgI58pHabvVSlCfQ4M9ueDYzjl1EwsLEGBWoLnQrw5TzKVlFU1URNl7pbBEqmk5VpqLCHiKh1sLJdHI3u4JcaL41aa7rl2DJvm9gi1kGMpdquBtFVwA2OMXl804Af0bxtRBTH0kJDlVLVH/cPD3+WcHRgvRs+UNxFh0zSjhiQgcLINyhg1PcQSaQE5iaizZGe7EwMZHUyCtY5nLsFFQ41ed0Mk/BT2K07Rx3tH0jAVl5Uxea5YNpf2mOnur/sXMkfyeiJvLyKy996EMf/NYbr9+sK8Bdz9xOxMIs3hPUzKCJXziiFeqtsXBZ9cANgk5E3HjBUt2YmGRpYovCdF1LyyXm2egSDkkZFYZds3wytwPQz85uumE2U4YqHaHvXA8zZ2MvtKp1jRWQmRMV8j00tqr3q4LMqQRAfbNK74lcx0R3Pp+DK3hzvnl4c/Pw4dmXMfWJLtBMIgKzMIn3QX+0b4Joy8IiXhBpMd2wkMTi2FFgkqu+ektMgt4eda6afOzg8GkkSfC1LsfCGpFQgwTGYN/Ek98YThtlqiWNyNlmTDzRwqiQXSQPPjuGA0hUUJnLiNbYyLknGk3NSECkMI3gryBiFmTgxHwFBSciqciFIWS7r+2Tqb46aQBQpZsZGdUKSJxxcnNfDkDQaYBNw05EZkUEzz/aYELmdqCpK4r3mvZSuZsJjRksxlp3sG84cslVkRg8QZyEwcNOO7FP1nWtB53P67quItxdM3bqMEhd0XVdz+fzzflMxJKvtvZeX2Up0zBPiWDm8/lsieUzcpcHOwxpMePGJqnDnqt97vMHQHjYYYcddthh/z+1z33+jT/yb370RZfi3WC0Odn4V2/z916mVz539wM/9vq7+4HfLr/02+7fPtKP9Iv0BtSOdapzm86P9CP9WjqeOh/c4Xo8Yf7T9Xa1nBjPtV3+U3nslvztovy4zOeynJjTfWM9ExEJ4jcq6JCIM9E9RFpMC9IhSuYcBVNmRipqMrmUGjzkzcBpZk0zIirmH2YrYhTcKauOCU14leZW9zXv2OI3FgGfSLhRMyIRIeJwkjnPDETcmDnpg0tbTm05yekkrYW/2OG+pAk6pkDkZCOW2Abv5CPn/6E1SZ93ohq6kSqzWVxrAgiZ2XN0HzcH3DRILSVwVuSY9G3uBNU2Xrn0t84pKJAGt1t1JWjgQjOUayExOWo+n1WuZCTdzdmk0NR+9V6opt2TzLojvPVzQr09kOFyPiOLggAPM7akAwcVuLHcvjYGSHTp0hfd4pqUnJ90AY8XC4+5o0xdVTNDZ1PEV5mpuVN61xbX4J55LGyxVS/GuKSwDJuRuQQLa+RE4L3IotilLCxN2qxyuXt01QwmAs0FjWaDWoXAqRcmYCGneW4AwnBHi4wInZMXPh6kNvfV7RMDRQYcaHTN43xfVFeYZg8zUiMtcHDPHfTHZTiuhFBFJnAoB1AWJ/jU0298ASVc0IyuNPkOBH0ys1vd5TOpt0ocVecbEfb0wbgco0sQETx25XQBjZ/8eqblpXvv/+AHvufT3/uVr/zm/ftvimE53fOpkgitLWQ4q0JJS1uxpiBiYrKMC4tcR7zanaUkxBATYdWuai6gyMKiQmZm3bfFMPM0pA0UO03U0SjONhryywan9jKrmUKLRAwMPhlFD82azIXOzLpp7zoRxvILluD9tyvUjGOipAgO2rX7FLeq36+K3vv57PDgzc35xsGY3ntXRTLyS2QSCXYFw5WYyUc9MfNpWZjZZycmYhgAAQuzI2BmfSw1sbTTjPd4/U87PEZH8knOppkTk9zlzDUcOq6JIPqrkFANfADalduIwpv7PWjiIUfMQn+KTXLsReX2O2uTkO+hIA+xaJCx38YYMGYjqHbAkoSZZHEgMtmuldNEcvFNEm/dqx5cMkF7T+Znp60h2eGXWQVAaKa9+w4kiulOfS0b8OB2Qvb6S21n6mY6sbSZpQQKLNjuVLupTHtEPARIjSg4+iKSKwjMsK7ruq5ELRmBEWqTmQ1OoKeUATfm6LNEZKYx/MjMINwAUtWbmxtvL68i53e21lpr67r69M5MIic4tRF05ZvwsGdpf+dX7r/2Rr/DhYcddthhhx122LehvfZG/zu/cv/7v/flF12Qd7z5X4F0Zz8zbbzBkY7iedyWDya/cbpjH+1/LpGed4p//kg/0t+G9IpBeByP4xMd7bnk8KRPubx+l4Lbf31LzwLGinWnKxGKWx7FyV2gxKEaNq1KMJDQ5AncMJB8F3/GNPI4hA0aBK8iWU0uuXBgCQvUVltLaKscjbBCn2YFQYUpYGpdO7qupp0AB5dMy5+WTtHQXIOTAd17qP5WLMTMsohDg21pix9PIk2ckSGNpTETs4g0P0rghexUv+QQBvNvBDPLSrrwcxVzpWhaTlVxbJVolJ2KxwRX50sNLq93Hligbf2Sm2CElNJ6hcIMf+7+g8fmf/i3CFn6rYu65f+u/4+fyeDu8oLVYCAFBWTk+JrXv1qggaq9m5l11T7wJQxBUHhbcQbc23rpS2wNxsQsJCkVWVD4KHWUc+KKGAFckNlA8JFgqC9WRsXXm/GYdFqj2HI+moSpOZOWGMTOM9mDNGMIkgHMUsicoxNmND0LBUkkamZVH5MArzMeiYiEuYk0aY1cSM61B2fwElRTwRAS3OABE1hYtUjujbaIAOpsP1KzbgPg9UtcutOHTQyOEaQsKyBnH5+zBq6eypHVVKHkusUFC0x2rNHF70xDa3XIEsPGxgeAJ/1eHgM2hpiPuUZOKJTcARDF5kGuRKn5zUO7uk/V5FVE9lazeWvi7cNzf5PRDu4vGuPAwq+wDAt/Jp5ru0qOWXgaoOXllz7y6kff950feOONN9a+vtxONG8bILCwQXTtYCY0NiMweUhbWLcghoXCszmSByd/efcQYTMJAhywtMbA2QwmRlqDASU26VsDjEEwzuwxqYl6JyAjU1/oECC8ijCTBFBtilCdFWc3eXf2ejA1A/uY6WrEFNg2k3c6FxgtUWRVW9f1Zj2fz+fz2rUriEztvDoi6NxpJwwCROwcL98mEvtEokoRAWjBTMLcso1SDheW0fR8vYEaiITZ90bELhNmx/y8eoJ8m7gf11+7RESkHl5OVWGujGymrs5Z9GIWAUGh67oSQc2Y4DKbzvjVrgAJExMnvXCMmGQ1+uQ95uWaVAnkHws+oBINNK5Gd8wY4JCIRXeJAlWFeY2oGklgv6pKTIGUud5p5BkimrnhyZ/ItcWBiH1LxETOcwwPq3WvEGKpfSOBHPsnTSGOQE1EwXokEmZqzVWyqWBXtfEFYcXdr+XAWNjnvFAAYAaTQh0pjVFNITZKsfcI3oeJGGCY9ZBbiBZvrZnReu591XXtvqKezysZsTCMoPEJ4Mj9uvbelcAwCs1tn581aY1qlsLMY7xm25GwNAZBWgjQc4aF9Cn9re6kOOwt2t/6xTdfdBEOO+ywww477LAXaX/rF988AMI7WLjf7uqnvXolHpsD9uePfeLj8zyOx/HddywGYXl26nikH+lH+uPScZfrN1e6EBczqxqRWuy15+E5QyAkFejOb50iPNVJbWQXYiFS92oFtSIRFiKh3CzPEvJUyfhzt61WUDgAySXUCLEW7MJwsZoZA+be5K3kH4sYzJL/k459wMicmdIat2VZ7rXltLRTa4s0EWncGouk8ugSbAHf59/aRDlCIjFcIQODoDZ8rTRoGEXv3AZyDFlRDm3KFGZDYpCMydNXBIvi/w3X8GiG0S5IN+gEiz3OqrcMfCjBhoHPhDcwHbjhjbfwxhd/1iOTmUInIhe66tpdHtbdtdazdbUg5ZKxpMrfrHaYDC0/OMrnwRo9qlxcr1X+6v1ZR8NjScBEQrMZ0I0RRICBzfogomGKsZevzkTCJEIslIBYjZdtnrM5Qugu+g0iOBgtE8yOIbY7aJZO3lN/EWYWoubgtnerAUWjEOhdEVzmdDs7AKFoOkrlVQQKf7UhY085mbd3nzFGNM2I61bo+YximxNb53LU/0/kJRBF/LYaQQNMVbVpB4J11dqVoCEmmWMONVO5NnAGZqz4gpTwDBdrmBO0nxQGxyQzvwzyQ74Gz8W4uuPwuw0dfLL7aHdyW/zCAZXvOup4ru9JMLCZUeP3f+CDH/rIh7/+ta9987XXzHggPwxlJRgXkK1sMMYavC5WM02NZIOq7ymwGs8+ozYGiSpZN+S4NlVGxJft2uutckmj0K8mNrD387FfxBzACsFg9rcl76VwVpnCoL4VwkydVx8wkmTAWkdQnSDolDgzsHgMVAOwdj2v69pX32qzruvNzc3N+Xw+rxowm53Pq/ae0QldRRMMIWZnp22YrAk3VShBEZbg8CkReIpHOyDhiFdHNi2GzOKTdYXVtOLhxcoJy18FYODszOmcLi33u1Coj8Yy3q3HkAwp3ljpYl+BAL6ThoUCCywZWKSYa+HsNr11LT4FrpODuB76MLadAARIDpGQIo2Giu0HNDRpc7NKyAsMrt2G4+/xCiNqbEx2vnzNeL9NCgrEzm1MunotFFt1VquR0Xs1tKpa7wGYZrhfz1S11/IaXZ2IhUOmO+ZQGFlHV1Jw7ouhWaUlRmhNWB7icl2VmYnEjJhbyLT3rt2YxYDzeSXiBhCxx9RM1iA5odbJ1dqRcYVLoYCJ1HuEo8+5h8mFL8ylnC0A+/yGcN2JsWHnsOdnf/uX77/oIhx22GF3su9+9d6/8vs/8L/+76/90q89eCEF+Ph3nT7+0Xuf+/wbB837sMO+zez4GLir7f7of7Sflq6l4/brr6RfPvEt+4GP9CP9XZZeDEJcHI/0I/1If1y622Out/nKYHNQRFviwb9LhGmS7nTvTbDFim0wR8oZd5cOn/sQ2REvM4ODRToQo+Glw8Qd9FnCTHs3uN6Ze2JNVd1VVcQDQIgtyHjB5XA/J9w9Gj47TqlNEZFFlkXa6XTv5dNykmVp1NhZg61lgCwhZpEl8MEUS3SOpAQeOOF8ye0rGHViZ4VXOmHMwiTc01i+u0AH3eXIcEfnyHFumgAId8gfDSSXAlfEo+0azTHb04p6NyvQJRciISt/O2gGBgN5DL+4L1HADCVofRNx0NaewpSahK8ZIDRCKsJVqWzqqA4hMBF76xrm0GsufZbvcPEVlT1kTp09uY6BbRitgUSpmQOERGTMGOTSIaOJ9IZfr97s9hvi1lSSEeosn6vdrOdA8JQ5QicBrkbojFfO7sM7eG48cA8WbsqW00bVnBdOaTSEVixJ7d7MhWMn+fW2vG81n2w2SVTpNtDBHaFTNz/lY7IbRDy0kgfkGs7+/60JETn/dEYHhziqYdQebXZIbAfm1NPuThx8OrstkugGJrylJNvNA/tripDsPCcQvfK+93z0Yx/7zS/95utf/61zX316ZKbl1IgIaxDWyEzXDlVmQc4cTjX3bitMpaSoZknE9rmIhM2EyMAgpa7dFKx6XvuqsECSTEkpZwhgLFYD1MoZ2DWg0fvZYOKx+sTHl8snkot0qmpfO5VUqTCYPc81GboGOF3WzCiIrVhVb27O597XdVVVA7T33vvag3qmGSxXBzWNSFhCI5mJlnmiKz3PmvCFuEXUQFODLxCJVVGJN8a7bG1AWaVWLRKkbl9hiJzEWcrhwoIpHDGP8gBAoY81Ert2VxNnDs665SovRKfWtJb4QXOvkePP7VEVkkRQswwTSHBJ6VySchNRDXmFWeymgZlaipm69jKZmfYUKsj50OfVWSJ1sPdQMgq2w/lKCnWqVbqYs3Cp2FyZeA/BNFtxRo2dZ7axjvuFZP7NphwvrKbdlJRYNUqV1FkLHh6pkodqxvgaqIcjqP3m2KSdz91b0NS6GpExsUuJ1m4eC0B8cCvnWmKmDDI4mnZSXzZi1LowbwMqNYXd3H7Yc7Bf+LuHT/Cww94d9kP/1sd++2+79wPf98of+7O/8vyf/ju+5+Uf/qFPAvjbv/ytP/Pf/r3nX4DDDjvs2dnxMXBXyz887+SnxbV03JJ+PZ/LJ75lP/CRfqS/y9KbS5gdx+P4hEc8ZQ64Uw5P+pTL63cp2Kbcdh5HIH65+qz0XT723tjN4unlw3JXo164iEcQnXD9oxyRRlpecnNGBpjUNUZFtZF26x62x4PTcDrHtBxtBqf9aJLkCBGpyv2LvfdegpNq4WAtYpMZWW2zj+BTSMhTCi+zIk8JizSwyLIsy2lZ7rXWuDVprXEjxwqCeeXIQXOoZWAJrtcmQw90kLIKNkjcpaIclau9dFoLemAKLS7m1IFEUgmHj02TtWkcWpGbUIKb5zNNDfVk+MRVr1zFfZvi8hWTbrrGKECzUgpVA+DtO8eEc3Rwdd+56aojtwq7VLQ+5+eEOhs2/MGoG2YIg5gyRuPuLaoeyOg6kJJdfUCBFeovPZiWiGfVgFoCFYD3jaUtFXPLoWDx9kliSXiNSylzlNPmxCBVlfc0QNXSzrQaDsFinDJv3rWXRaJzcvalqTvZoJRc1gImODCBU6cQF76fVYQB9vfQF1URF/ULmE1EKMNqbrHJuYHKXzw7r21bquLMDAB36qLpvtaJgzqQhEDmOZjDTSbLcS0U+sgpIBxyoqnuW1AGTzU5+iHlCL3+gs/a330bErkDJx41I3ij31LMrt3UmMALfe+nP/XlL/7Gr3/hCwQ+n1dATqcTQCxNzBAwsTGDuYmI850MIEhwPhmgRLZhItRac2YSjJFji9mBvAbg5obXtVYRNaiTFXkiZnsPpUmP0WUXEzUKZm6BxFUzg3oNCAdE0U2htjjmtjRR0+x85/Vck5kjK2vvN+ezA/WT0Kg6Lc/Rsv0Oj0L1ODoegBxHVl2xWtD7nWtsso2oshOmZUWKzVfzimHfOsBMIcvsWyJY1x4FSwFIx2qMGcQsye7KxbX2ZQRzsVYFD9KaLEyJFVCiZBXOsYhiYzRdbKlBzsV+Z21usOTVgf2DB7336uS1JIWYak1ccAw0FJmdgecAqodLNIOrHXiPhHmEYuSr7ZHQ0lz2QV1BGXNWIt6+zDzwXQ/ANi+K2Jvl/2HuPUjQ8fGWLHTLIJibLVnbHsXTCliIXXXFKiqc8Q7AoOaxJGMHQIaWhJeiNa5PtYI256iuquNB8/tWSZxxmP80ZvagpVU7qqa9WyrfUg6xAyB8bvarv/5gXY/aPuywd4e9/BIDOJ1uDU39TO39742tt9/5vvZCCnDYYYc9O1tX+9Vff/CpT7z0ogvyjrbwr9KdfcJXr8Rj7529xBh5PeKux+d5HI/ju+/YkhOzPRI8hNORfqTfkm5PmY/lHo9HXm9PmP/l9bty4vbrr5QHj3qu4ZHlxLjetukoblg+YO/EH7vgHZhx9appY3iENQIYEGYTSRyITd3ZpMQENkr3VvnXNnBTaFCpwzGJgGgFnuqWXtliqhWXEOW6H3JsgQ76pSwOBHJrxK0tS1tOrZ1EFmlNxGVFAxGkgg2aMLVyKCdyUHKgG15FhlYatUdU8lmJVEzb6h0U5KEqBw5fIQWYkaCfk59mbyA2z4gG3Wce3zEDE3g0n2l2yU0crOwAic0M5+BERlUknQ3udc0IcLB0mvcZTFrXNekI5VyN3mdzj/TMBw+jkCEnjCZY66CUu66vvBltq6FeciKgbIFPzZJvvMIOOE3qplXlg5FGEaOvkOOZx5aloUsxz1nodEccDJ5e9PQog4+OKp53nsVlcJs0kaK0egzLHLAbzuLMnsm+crVnlL6rddMZojSzlIoNlTkODc+oD9fyvEAHN4jpDj+7gAmj/jctBMzu6SpDObKHxz4HJyPio+7QwQwnGmOcJvQ9B9U0uDbo4GZATVqj2873LEmEm8wvYMhLJ/tbKMpAm5iESbu9/Mp7PvbbPvaJT3zi9d/6LRhU0dW4GxGLNIN1BMGbRVpb+rqaaTJrNSQhiQogBJOE3LSDQBKBT11hFGhivUFhBCMzaIcvILmIjGFvcL3fRNw1V0sQ6MQNBBZkSyPhL04qIPnMYiAyMrNz79a7dj2vvffus9r55hwEXTMi7qrrup7PZ6Q095pUwqpAXzU9PGrRqmLk5mri6J1rpCa4zjHYLSnoF9NjDiKHx6jwmAF8Irluo3c67kXCbNmTJ+SJvOprKEUfUNsMC4oIc6oa+B3MzHILDVPpRk6EbwrNUdpz39NUlYxIjYVZfBLzDSjwTuLR/qpUOwbbmE/MiFl1nldj0SASX67GDBLjhQJEJtRnRgma5mJLyHrZ8QsT2bxFEJiia9EmzSufZ1g3st1WTq0PuQ7O6w/t790/ovZ9WG5tGdNXQX3VXQcmzUwbSh+Z2bquNbkmHOirzHwj1YxdPTHCNbKDxfldRqq+4WxCIu+sh37Y22C/9qWHL7oIhx122LvDPvf5b/6lv/L1j35o+bGf+tqLLsthhx329tuvfenhARA+2p6XfxtT+vN87pF+pL+z0ptd5RYaHelH+iPT8dT54A7X4wnzv7x+V05sn3upVP3Wyv/ocmJOT1/RjBBeWQUnD5HCZvXOEA6tzenEwmJsxr1TeJegqj2Bx9mR59BGKCVqeHlNlcxl5EJBq4hcDpBo8a0CQXHEkkEMDv89mImF0vsJgESkLW1ZeFmYW2tLW07STk1E2iKtJajRRBb3zob4YPIfBjqYSEJu+qfZc5iKkjPMEXVV/MGK0DZ5h+fEwUpMEDZaYnh8I88CMoAd+pgXFED1OHRwdMfSEE2v5DhNbKo4XAnVuKZoAYcuO9kH16333ntXNSeb9T5wpgJS0zU5lzP6aj3aMkyTv2aiPBXFClQvURXvtXPhtZ0YgZgAL/PXmXDQlEEryLB4Y0HQw+gSVL0gT/cBruLn4YuP+h+0icIk3Vk68MtBXtQiKrmvn0AisrQWHFciEZlgOd2VYA8N7ksFpFPcYgaAEXryf7W4oREMtDvVhhPY8IidocSLuUsi4ZJidlYXHg738D5nMzmQZFtLQqrrEBevJTcPpD89ebpRJ0NVtNBBptR4pIzoiSpZFhpjZE1MHWA7yK+PrGdCzrhgJVLGy3wmzyWCk6bPN2tj/shHP/o9n/rU//XeXyYIAAAgAElEQVSNbxAIzGpYu7VFRNiAldcQRGRpbYGHiSVTVRYmODoYhWZAR9MTS2MmGKz7lhF2NriEpqKpmRJICRGJLXml2W98gg1+lLNlU72QRZx1GO1qEa1uBNQ0C6HiVEI+n8/r2td1vVnXvnrwNVvX9bQsIs1AwtxV/SJhAaH2QFiRjGsuB8TDHjpZHqnGiADBHD9DqFgLCUFNlQ0aL5KtTbv/+n8SgIneykwgA5kq5bNK05vGtgFnCIrm1B6j1qCYZQXq4eBUYfXSe90RYGq+cjaR8YmTee7C5WZvHe+EYI3HDot641AQZXYOfcm05k4jOFS5g8r2fZgJGaE2VK+TlueTumO9of45Jj/yGZeISCLc4Q4XnM2ufZZ5Pc0fP1ue36io3TXTAKTC23bp1YS1fEzrP2Gq85jV42XHt4PlAl1zXnYkqed6e5uZa4NHJMtJZJWIet+/YCwKIq4IETuozLR3f2+He0MZdaI7P9N9FYfN9htfvXnRRTjssMPeNfajf/mrL7oIhx122LOy45PgDvZ8/Nv5LKu44i/c336kH+kvIL25jyN/HUe6SDnSj/QpxZ46H7vD9faE+V9evysnbr/+LuW5KD/cEfXocs5XhkN1YAJbhbnymJe6lLtut6wVKlEvGjQ6BnPKirJZqGYhN6QP70/mrtrNAg+hCJ/jUYc0xRUdNvQ4gqVUGjwyJ3F57DDXkgQThP3tiIhl4XaS06m1xrJIW1o7sbRlWVprIk24EXMwCJmdBsXMDGMqZgYVqiAyMLyNtCAlIOezGmX0siQmDVyJPXxd1hQVNjjrsFkRR4ocsUMvIuRixElDhX8sxMzb8HYRwsLOkiuwFW2bqRIjOiCCF7lBtpLspeYBt4KfoWrrqn2W3ktXNNFwXJejdpIbJRQzZYBn5iJ3LBEmLuAA2jNsLB3MVO7aHcVqYIQFDbr31DvlVlU1IOqiwIIy6FcKUqLQQSHvpo/EaYznYmB6wVBi9NtpbpGovN67kzKdL+W6ma01jxwWJUyvKwc9a4KPJhhz55m1kIAEBug77vX4nw5Srh5lLZlSrsZbMHvzqHIVeDPy32JacJ91Ib8TPB3PJCQoeQkQFnHwCmswYaEBukeIyOg0QdLlSa3XZyuCuJyjgwmE1Ce+yh3c++ufkVEAFY/oS5tNHm8Ld3CeNEIDGdZ7byd5/we+89WPf/z/+YVfQNeAt0DEC4s1hvauOBt1qHFrRHCIC/3skopOK4eBiY1JE3kj4ibCLKZwsqqPbCYW3xoCM1hfCdRNu7c8IcRuSw5TvFcnx5ADGiInpIFMUWq05Kw9NVMlA8HQra/r+vB8vnn48P79+zc3N+u6KtB7ICu999PptCyL7zxxwB5BWDRVTZaVzyTOeIvpYY4Hahj9CYlRjT0oLsRKcHXO2JESlaAZ7NQc8fR5XoiECzLkiimoMEngMOffEQjPtz601gg87yaJv0p3Wy2opLBziCkZw0MiGlmM/cSEVBX+IJGcdzZ9i7D7GsgyDZ1lRKA82pHYSzI2JCoTr+KK+zpT0okETAbSPrYU1ApoZiJmOk0grgZAQSgngDdLoYXkwWYUGnLLRr1CTRw6yczOq+qOuldbTXZ4IYONxoRcE+DoTteQy6qQci+YwswVR3P3jMdo1IH2MYcUs5l5uM3WqL4DXbDUa4BTkrXkWL0D55Recr5mZsEUVF3P60aAHcm9z/0aB0D43OzLXzu/6CIcdthhhx122GEv3o5PgjtY+NXu6qe9QDdo8sTe7u/FlI5b85lTMs93jH/+SD/S34b0FughcE2B9Eg/0m9Lx1Pmg+vxAnGR8kT5X15/WU7ccv2V8sDdb9efG67qbT7jyoHMxxb0St/4kgwbrKuC0wzpJ7grtW6Z5ac27MBQFmSXW5xW1VR2c7nC3h1ICiJUBgbqphbxzZxiqKowxWCZWS2vYHKYiIWbMLHzQNSILCIysUTQwdZObQl0MFmDLQMNBreIRVAuWmFxsGcyCXRhAxhUjU0gTGzgL8nQyfuW+OkgC4YYZP2bC+AbACMNf94EVPCeJbD7inmsYNfApWa37OyHRbIidaIpWYqdDaXL6WSKwhVUswqvtQNy6rywMR2FsQo9N2rYReKKPEgOIt4Gf17/ae60RKQDpYuDM2LKFZuaqVr4aTEtJENTej1z6lBWbjOpcNM0tBlBFmCqjgiIiXxFwLZUal21976qdoN5n1xaO51Op9OJpw7Fyb8pjtAlTDRRPQbBJeXjRm05llBar121a1/TvBJYWFqTkOvNMFOTGOBtIfrm/jDBKomPTgNqhhB2gPElBF4TEQd5TKY+U0MZPqmJ8IgM6gMxJwHa2tVudtVu63tv2XaswUfrCj4lg3BXchb2wfzSe+7hbMvp9IEPfegT3/3J3/j1Lz58cL81OZ3ueWQ7Immne8rcz+duZ2JmNDCbrd26uNg0PO4skTARUR8LCnPzGU3VmM3VesHBNyTy+Glsump3UE1jOdAEnoo4Sx5d1yj2jJCqxl9ZBDPqagoFkbCo0qrWe19XffDwwf2HDx48ePDg5uZ8c9N7Z2aWlntmYETn3j32rbAUqGbrOTSUe8++RxlcbdCc59l7kOoSFKnB4pt3HP4KtWkuTCreryhowgQCM2gaJPPU0vuqSnPMPAAuzmyTYDRhlHCeFuqnxL9oMMwH0DSieMZE0btpbuwhZh4jYtRG/snr1/gMX8iZA2D+3PNZVdcpHl5MwptAgDlj7FZiF3Y1hWrXiqSaAOJsQyczG4qZVGmeyuZxMs9Ct81vdWVJGftSOCOFOzhwFn2dl8y6sqjbpShbeVaNOZI3wm2Caw9YfnTNUFys3bEXStj5gt6ZzbySo7a9oauvqobwae3mqf1bswysWnf9iXhxqtE6cgbAmfNhz8G+9tr6ootw2GGHPRNbGv2Hf+hj3/+9L3/He4WJvvpb58//4rf+l7/2W5fCwiL0R//gqz/wfa94cMEHD/Wv/c1v/E9/6Sv/+b//3Z/+5Et//ke/9Nmfe8Ov/OEf+uQnP3bvz/6FX/+FL9z3lB/549/z6odP/8V/9/eY8K/+Mx/8nZ96+b2vyIMb/eKXb/7HH/9KXXbYYYe98+34JHishX+V7uxnpmvpeKw/eReD0K7nMz8XdyvPkX6kv6vS2/BmbtB5HOlH+iPT7SnzsX0OV6+3J8z/8vrdU+z266+UB4967uXekk15cFs5aWjlWSoh7llWZlAFkQIgdm9i6IuVcy0ZbZRbykWVRbgLzJh7yYG6rzejvKFCDkaxAo8x803+vQNsTiQcoQaHW9U16NLX75ibu58MYJYmTViai4tKa9IWFxdtyyLSiCjl0IS5FUDooQUlUkmC8bcBDJiHG64aZ1N1FHjrRsIwwp0hMypndsij5lWYQzTxDC8Nn/LADVG+5nr48K+NzrNt1jjROcJb/rRDrVLy0RIiKrJftqBHyUt4z4GsHniWqVoRNlwS1tJPWVhUhdsrsUiko9f7Tr0Xh5QlZegjXHXdjn+E+t2OCllktVApLCQy3iaPWnKerkgXfE0SoYktF606QxMBW+aY80ZG6rU66F8w4vzorBNzZC5YUw47aFfVrmvvHTBmaiIODZ6WpUlL7im2wp5ZjuuyooWj0KDu7WijgGZtdB+cifgCEOalydLaqTkfV6K3WzWEVY+96Ie5QyM3asQNiTQPHtFE58y+NNNlyIrDUm/ng0q4cdvJiuasQSDU3BFk0IwtSvMI3VAGbZaNnXZU7Ov26tB7puZ1bhdVfQUcvn5//H+sIuOuGF+9q3UV4ve9/zt+1w/8wOuvvfatb71JyqldSYALbeZmDwe2DGrSaCEP89YjXB4Lg0jUEpUOzWoH4wk1gFikGRnBCKbEvdPqS4X3Dw0CWyzoVDxeI3KiGZORFkHM6UqI0Gv9jIc364OHNw9ubh4+uHnw8OHN+ewayet6NjM2kJ6dp+4ztGvbMnG3WBidXY8gy+VWEiYAShq08NziUHtDs49BZM+aGuPFp/yceUAW+2582gWESUKQ0zmHyQDM7R++nYbyq4MJxhygGXJdjeiI+ews6ph7R90lazwJtBWdc1oVA3T0S2vrzBXc2nL4j2yIKGabGfFyLeFBEN+PQYqPh3yC88F9622tcl1tyoOmhYamzSjmsxc5iRlTcOGCsy6IbhPumwVIyWPH1jIeaxFKa9dGBKTcEfGDs24oVHhXgbuNEdtNHj5J9tbalKKYQDufXTP85+bzAXDCZOzyERHViPiZwZeJCCK03cYRGOEUatozSaKkdQKx8NKWrh35zehr2SEx+kLs9TcOb+Bhh30b2u/81Mv/2b/3iZfujT/zv+uDyz/7e9//B/7R9/+pP/d3f+nXHlT6x7/r9MP/0Sff87JUyssv8b/w+77zH/pd7/nwBxYi/OO/+30FEP6O73kZwD/9j3xHIX/f/eo9AP/y7//A7/0H3lcz98v3+Ps++dKf/qPf/cd/5Atf/MohWnjYYe8OOz4JHmvXPLGPOA65lCf0b2Ob8qT5POvrj/Qj/Tmlt4F+H8fj+ARHPGUOuFMOT/qUy+t3Kdim3HYex8ERvPas6ddH37v5tfhDMyhxuRSGrwcAKbMC7EOWGb1jqGgSEZPASQkqazNxVFBcb5KCPEzhx02X1GBtWYAxEWTN+gxVKTI2kTvySWJ/f6KDsYC6s1BkWZbWFllOjgiyCLGItGU5tbaICAjCbQYInWdECQYKc5NgQu7DzCGeNhOtLr4hBqCZ1ePoYAKBjBGQKo3DF7zNJE4oHaZDqg7uULPhLnyscy3bedP6NgNC+V+P4jVQwc31wSoLzcmM6qRmfTJVhD6s5RPdYz0gKLrE5KpCR+xDBLFThtZruJ1vo0rFGmPlGLe5g1uhT4EO2hTZTi35gtEZVbt2Sx89M3mYvdY81t7UJll0G1Jz7lPGLKe5bYgNg2QL0KrC9TzXUNS0Io5Qa+1eooOFfhVY73n5o+0WkmWwkVzGlEAogu6MoZoDhBVxcFYWFZHm6OCyLMuytJZu8PjcTCDk9t54G3KADTrovSgR5ICfZilaA3SLGVjQnYiFxUMicjEFI9Jo4SsRps5ntoDhkTPKvs6GZB/G4y5ngBdlu6Ls3+B2s/m6iVoUEC9oPa8MMsK9l1765G//5C//0i+98c1v3jx86JiVg1GERgw0MzOEniMYxCIej9TUiOGsUwAmJkLe2MwUg8+UiHN4gJiEmNCYrIe6sUIlZhKybglBBaLtTcjwIIOxL4EH7gyoYVU7n9fz2r/1rQdv3n9w/8H9B/cf3qwrAGnCItHHoGbG3Nh1UJvAQP5G0f88Iq0xwblWLkztNWjMLswZQwwWIQBjASMiktTfnhmxW3aXjaC0TnPNKUxi54kv7h7ZMYcyJdgHJPiOkJcs6hsiVlw9sSR9x3aHCXy3CmUX7V2Lf4Bnat1PfCjZxIqji7FUO1CISNVLMrpwVQhR6IxOT0xh82nlSuVYxESqcEKqB5ZVC5FkxAQ17T3J5Sb/JCGf9GoCj4qdgjgO/uXl9hTKGK5OhQTK81oMccR+l0S2LVUUIgpjtEKtCEjOZnYA3j26wqMmQ1GD/OoCrGowZ70mDK/eq3kjZEBUT3Rgz3OozUIuETx9alU6T80x4hRvNhqpGitTExHqVPqoZj2+h5IeewCEz83evK8vugiHHXbY22xE+JN/JNDBn/35N//K33j9N77y8J/6Pe//1/7AB4nwZ/7YJ//EhNv9iX/3444OfumrNz/5M6/9nz//ze//3lf+7R/8yEc+uNyW/xRlOOwf+wffZ4b/7W+8/tOfe713+9f/uQ/9nh94rwj9J//Ox//T/+pXn/HrHnbYYW+PHZ8Ej7Xn5d+evcR4el/3cTyO79Jju4YiukPlSD/SH5FuT5mP97/HXW9PmP/l9bty4vbrr5QHj3ruxCC8Vk6M621bztKHLE/s7aZqrBlgjxDb6IsDVwFp3DumrTXtaiogTm3GLhNnkZkFrEZslOHEuvbVunrAKfcYFkRg7q9zj50rgnJz5C5hoIiASMKtLcvpXltObTmd7p24Lanp2aQ1RwsABIjI4tQQjztYTKLGxAxO4t8MyHlt2RA9RbkpCxF0J3K9LzGSIJGad+kHy3ObMMVgLwQNa366+y93ACHGZcjzJNdd+76x6609o1MZCI/Stzw8thOuoz2jRO4AwnXtvasZWfpsd4yHCRLbeBMHXETONlXQuLdoYNML7v2zW27ZLVXgv2SIqSSXBDRY/JWgEPau5sUAE0S4tQxgGTSh7Cc2nNq7FplLURfMo2/6sbzIpkHInOI3mrmq57IsL92756S9GtGcsSFHfj76H6U56RDzButOSkjQQwoa9LYt57IDhF4bp9PSuHnow+xMGMzArJB9SbY1dtFC1bW0d1Ptqn3qJJa7HxBgB1mNuRpdSRtMJGOEeeMg7E7D6Uoh7mrxwLdd8PNOT53MaPMWBNAdX+taC0xgOok0ISKFqZHIpz796fsPHn7hC1/oisW7XsCyIq4w3fsZNyAX42Rd+9nOIKtYkABaayBydIdFsIJJjeE8MjWFoTnZkJhZIGbWTM1YnUJnZo5gBnvZEyOUJGJzialjSqqq1s3QTW9uzt+6/+Cbb7755jfv33/w8OH53LuaKYsYmLWvvZuasItKJyAHAsHjtKn6xpUY0cIt+0D3KZRiZ4MUXz8hb0syK5W44jTVz/N6zEPg0r2MjQBmBEX27Q1cF8gYEIhRDzq0P1KYXXPVovxUis0hDdq7zT15IyU67XQodJBZAkYKcMj34+Q2B92hULaZ54JgF3CaS6FyPXk7mpjpGoY0baqAB+YdAQWJTAEy8y8LZMTE4LgG/p2zUA2DXIWoUNYNa7AAwpLQzKdhV7CxxqnNy1OqdJJ34wrstyMFziBoBSnEJCs695xqJlXrvZcQqJlpV2BonFbxKNjXVO3lN/qQYWYR9rCaDiTv6tyf21rb7XepD8KpF5XsNs31YAYWzgi4t4q1HvYs7MHN4Q087LBvN/vDP/hdL7/EAH7mZ7/x53/0S574P//EV//m//3NH/6hTzah/+APvvqn/tyvAfgnfvf7Xv3wCcBv/r83//F/+as+W3/5a6//zM9+4y/86U+/9xV5zJMm+5H/4Yv/x+e/6ef/9X//xf/mT37q1Q+fPvKB9kze8LDDDnsGdnwSPNael38bU/rzfO6RfqS/s9KbZfChef87uYfySD/Sb023p8xndt3ffr3dns++39r16y/LadP1u3zsMn/ckh70qH05bSpnin0lec/z6ekkciUxZ2qVa0ZVSwbLNEPNbADFECVz4iAzr+vau5bnkJmUOP34RFT70OFOqD4gjyIAqPaO4g6qZUxBMxiVSzVJd+GuIjC7OmjjQm+WoA8SSQatSylRduZXkIqYXWs0cnZEoTX3ogYNIn+ZYAdC+teiiYdfD2BiBPUwhTHJ00EgBjPIaY8pm5nAn7dGaNLRDBkSKCqcBpWEJo8mAINS9AnKsmDmWGBcieFXnbquUwaTHwJVEIesYohsTgwDDQKhqVnPKHnZsBY6c4QMlFkHSuSJ8ima4JwFjWMCzlwMdo57NJHvLtQUb8OZbPPVO8tmBopgfe3dtwt4Hu5Ad6U9MjBRa21pzSHmJrK05iMu43JFqbLtqFTsqLg4iQ4W9O3XpIQpjMxcyRfq4qLn8zmjiHVVI6ZTa/fune7dOy1tcAfnwE0bX3x6zc0wIa2TVl/CsTXmuumElaKr9WL2ag8KI5EwLU1Oiwucikyef2RvJhpKxjMaSgneIHu0JlU0JGdDppCc99ON1EwNGn2plGHNiWgJiSQ1hx3ul1ZRIolFKiqhN7CRc3gBJhIaNKokFJZi66Zr7U5mIOdq37tMfCKjUSXx7/nHC2lVXBkAd2M37iKyFaHQwWAWWm86U/PCNOGPvvrq669/4/XXX3/jG29I42URbgJVApnCyCAQLNS59752hYGYpS0hOwgiZmFxdpfPdM7J7av2rkYewY6EASMjNmoxK4kS/j/23jXWtiw7DxqPOdc+577qdld3vbrdbbexsa2OA7ZabnCCQ0KiCCN+IIRELBBCQpEAE/Ejv5CIUEAIKfxDvKQoBIEsRygQOZYsEJAgpJAEAcYOediO7Y7druqudj3u45yz95pj8GM85lxr73Pvrapb99ZjjSqtu87aa68113yuPb7xfWNScmJrrSwiCkpcZZDsNdBfnGyGTeXQZH84HA6H/f7q4urq4uLy4uLq8vJqDvhEFEV0vz8QARFXZi5dl5aZa+HgrxtTkDJIJ9lYoiDSFDyeYAgXSMnJgZOn4oRHstOyETsmxEhGg7OPgniuQAbbIGHAS0P6zI7WEAqQqljvdzpXqG2KiMN+RDawyN/NO8iY6eUyW+e4cIiqtkbMlulYVQElB5pJdAqoimBryf4WERB7QJQ2e55FIFCTDxDXp0QZcy7GSIsDmq8cBACG/poKa6bIJaIm0FWd4yUkYdWcM+1pYj3HfF6meP4B+oKY5jx8JBtFFUKmOO8l3spgzDlD6USEkLqqdtxuXMVyOlVFlSYQaqXQhrmOs61T/JnIpEElpgRMOqA3ikXGNMnHT8DvcDhA5LhNNNGfeFhZsmMbWzHnCokhZwqlWds4QIYlXrmu2syAxNxEjJu+AYTPzNr8IQavbLbZZs/FvvbVWwBwmDXRQbO/9xsXf/+3Lr/yxbMvvryzIz/2w7dt50//5781vqu2pn/+f/jWv/HHXn3CO77+5j7RQbNf/pWHr3xu2k1UCx62eWazzT4Otr0SPNZ04V/NV37QE/7hJ/JLd523xfFwaFhagu6/9X8/Sn747fh2/EM8XhbafdBt/Km4Hd+OP/Xj+nzuq8tTRgLNggGCg6fwuuuPHx3fV6873hGY/C6mV3Egvix8VaoC6i5KGjC/EX8yUoGnFCJGaK4vhclKMoTGMRpVS1rXnKolRp0S7F43IgRiJi5IhGicP5fPMg1BKoW4GKepTFMptUwTc0UiIw6WUsgRQba/MfKNRdIo418BE6ar1zG8QT8ym2+s1aH+BxZHfJFyx0hLTmeC1A4N/CjCJ7qcXIKwmNdf3iX78RoTjLOvJTCNpIuFfGgKbMKgv5npBsOssTz1YFNn2ok5KNWVRYfeu6SkrLQ0syQLV6ku8B7mnmurY6b5unT8dCcfeYEOqhhFyYgglhjJ7ugkQhFzDJukZy11mkqizRSpqhKyHW41tktnpvVKho5ZCuggKOesQSNgzvNsgFxwByHzDo7oIK06wxI/ThfzULCkhI4cF5WhlZs0EW2iTSwlqMmcNnPgMlMtltWzRNrBZbBFwNtDTWh2YH8JWDrQZQQAjPHUVAQDjVbNCwdgYO56AFUwzSPn5g4RAeypPwfiICEZyBPcQqN52fBcjuKkcB/Zs/Rij1Emy6XjBGb41EzHyUQdwYpMmgJ6duP8pVdevnfv3m9+4xvzft9EuTKXAiImXjgfVJHViOUigMrESNraDGqpZzHBHheXRM8Lya1nm4QIOgFHmw2AYaGGRIY2onURUEIUtYGsh/nQLHZBmqLO87zfX13ur66uri6vLi+vri4v91dXh8BIDFb2ZYeZKkdWTXIAb9Sh9prPUAtwCjgRoKmNghJiLTUabT0/jHPUSsy2k/UBPHFgTPweJOPAm2a4zPHS0AMRUBFVxLE9CxJKwczOgRNJVc1VDx+Hah6BIXoJQz8gqGDD7M0MCAnV5ttFa83gOVJiQgGFBoiCgsHwkx5bEey/YcmLKczrhXGhf5oK1YvXn/EpYobyKaev5oMcgtMrEQOJXNYwoJAX2P5OHH9sXKdJxv44LesKlgcwouf4ZpWrp/iyjKMYw/E1k9LXVxvovSRgSEuLCz58hhSGowZpvgQuUUtYLTGpF5oYoffb5DuCwb8YtHzJOK9Qx6YG0rvWZpttttlm78teuMUA8J23D8cf/fKvPPzKF8/Oz2g30dVeXntpMjjwzbfWJ/+1X7z35ADhP3h9nWjwzbc8mdmdm/ydd7bEZpttttknwUaGkx0IrwaO/tT44YH979xf4B39pCMcJM/vv2KOrj+csvhjdf7J6y/Ov+Z4Px8X5bnuOo8+flzO93ed7fin6HhJTD5UH7f9bf9J9vUDXmeMB7n+/Cc559HnH5cTnmDfz7fxct293Ne/+K4O31U4VQYxYiBCMhPD82xh8OJOT+2CYCIiJKiAyEa1E2krbpAPcyRjzzGxIBkHCcjZMAkFiVhWoDY7AOGOXbsVOxHLoTWDAJEY1KXZkAiRDB0spSBXI3bVuuNaS5m4FACkSBlnzigm9tSDjmQaidAuhgpKgQ0azy803WDp9TuBP5mLjIJBxo4IehbD9O1a/P8AENpsuEw96Ec6eDj6bY9oc93RuSiQwigdmS8BK6jP8reBN4o3j6i561zGL9MNqlE7PFGkSYyaBKW0roVpcBMAYXpF01U53jmyRo3AYccIs3nYOJ5ECGJ8FsSe5CvXkpFiMu5koruebnD1+OLoVBJaxTJaSQPVTDo4maxooHIQ2ayOVe+GV60sJJ4oTOgTZrV48qjW5nlu4qPCPcmI7Oig5fsrhLhKIXXcJwOqg5Ft2UHBAZe1FuvFEJ2jWVNZNLgpxGyyohMn5uDO+gRwo3KO3Mq9bwK4xl92vmH8261VETTZy5CIbPjEA6dxNIKcUEU+yAstjIkzh6WRhM2rT11IOAp5jZM6ThgBtOOpYPzu047HTPDmg5MTH32fIbjEMHQbc4qghAqAjHc/e/dLX/7yxdXlm99+cz7sAYmYFZEUgVgUFGYFIlRAI2YpixKxyOxzCbigtPchVcPimGKFaKJNRvDG1peGrWFD8oy1hNI8WSBJ80VTdJ6bHuY2t0Nr835/dXl1dXF1cXV1tT/s94d5PrTWJIA3YlscmJi5OsaMTEOEiCFGRGyKwsrG9XWtY1/50ONnwJRIGcDkUntEzsiHG/c6bFEAACAASURBVKjngXpHJ/eepKAouEACk56LYzgRxJqSl03GmKL2QIIlm5yIRvXLxSBdolzjQj+GF3VwCBxoxYAIEYmZ55g9FIBQEVBVWnOBU1JF5Ey2lxG1qhqgvarMvQn6G884YrMcKn16i+XBJGhH+WXX+l4NVYVgaAahMxq/o4CL+dbyCA743HKS1wxgwTwyYmkSZR0FOY9kS20OlMThItssjHfJ8420JyImDQqBJY+MQH/3MQJr9AdMlqElhOzBJV4PI5swA54SWbT7ttYSmR4lSWFAb/OtBhGZLTxUxyybTzhHbfYBjQvOG2Ngs80+WTZVAoBvfvsEQPjGm37wB77n/Bf/7gPLPvjw8oSu4GFW1etehNd270FbHZEP9/10s802e/rGZXv7eoyN/tUP078Ng88Wlv5bfFZl2Pa3/ee/XxYo+ra/7T+rfZtnH3f+k5zzns7X688/8V145L3gfX3XBCP7OQiGi6DnGEJx35ClUoLWmnuVAInEwsFHxMev4zl9MIlfM6GlZEIkwpGl5KqSmbjO1aVC5xAAWAlREVPjjboTyRA3Lp4GrUxUKjvPa8elUClkeQoLG8BjQoxMLi7Kfgly5oiTiXRg/tGQFBAyWREsDYMEQCEr6mykABoGmhcYs5LQ9RgBFVFp8FRikCQ8a6E13ClKx1iC3s7eCummXDM/Rlev++yNEKTQ/9RUGUW7mCk9Don5RFx5MsUn/c9oWE8pBMliSfZeV5XVngwJF9hhPo0DusTFNSzzARGQRlR1SXuNI0sUxUhya0934HO23waQE1WZkIhq4akWk9J0Nc0kRgQevmqBVUtZpUpkTTPhXBtaKXZqZXM6rcxGH0ynsGFyu6nupqnWWohUlcn19DC6SmqdxgMuskaNVeG+WhuTCl0PVp1NZKzQebax2TJXFjPXajq+1YBwJrK+ht4wC7xgwR3shYnGQlL/rnfyaB3P42ZzUXYbXDTaOHAw9A8d4CnF1CGBGdnRQWITHTYJUnKSYGAnjj546R0qSDf90WgDPeXLPk5l+HQcJSsE2hUSP0wvTOZAtZZgYsPBiMma9ezG+edfeen+wwdtbu++87bK3BqICBPVUnbE0ubD4XA4zIpqKTxRlGgWmY0XCq0JtExv5gknVXkIfyylQmDkImxdQgsqM4hqEz3Mh3ZoCqrAgFd776utydXVYd/2c9tfXV1dXFxcXFxc7i/3+711JiKazgr6ZEKMzEy+nrg0qCIA+3Tu1WLCoa6dKJ4KUcQlQBkRADl6o5G9BO1MNbDHMbrenxPGz4Saip2zpZ4+0KExMd4d9MV/WHQRxvXCURxApRGbsUGnCYMbkmRTd3Db13PpMs7DRwXFaJSBHWgDq7VmWgDYtDVx/XFVmz2No+zZ7wCwoYKRti3XcEBGBqeBqkosob0YqM5A02F+iBrTNmKYXskZW+BfPjF+EYiAuIt7E9tNF2eO302cLGNjbPZwafTlbUZ0sLWWEqCJpa2XsAGstW4AwUsf17us/1yeMnEsM9fKIkoYLzSJZINRgv1lwbNlIkh0UnS6oVOtx5k8EcERzsyP7O6GRwbR2ztJrZWZXWWd0Lo3KhJkls3jSXWzD8XOJro/rz37m2222cfa9gfZTXTrnI4/+q5XJ9t54zsHAPjtN65evFssYeHKvvLFs20m3myzT5WdTSemgs1GGxmEeOLIaovDObg8/9H7MJwPR9+9rgzv715PeP57vea2v+0/hf3IQZjBw9t22z7RVt/b+bA+ok90haNz+nXW/VZX58N15dTh/NV1dPiuRjlPH7fr6LqcizPXn8LCp9yhG4OpHB4QBXEQRF1KEVpTVVYopSCSdtc5podLQIyO4NHozMgEM0hTpgWKCEZGiSB6OHZKuuu+oMWYIylYgj/jlBXiSly41FprqROVWmrhUkqtXCtRSfSP2VmDiEgYACE5iZA9wRQRoREcYjXWmKA6ReAkuwKW3AKjPZgmefd29RRwGhyQBUdw5dtNegQOO7ld/Rm+416BIy8tywjBn3OnXoAx4mxBtaxfg+wkGJYsS+sZJB0y7Ipkg9P7yK18pFOaBItIQbmQcTMgalD07ARU85Zyl7bUZJWNxIsONSJKtJgGJJrI3Mona6qeSQCqpUzTZGjT2MrJGVq1yNgE6Mn2lpWAQ92KJDoYNSqi6tKIg2ScMfbqNFl1wJEde5ZTN89afXHyQCCMvIOqACrSVJs0SweV2QdVHadn5upMSrZMhGRpGqMCkos34pSrwRKdE4ZwgTbSblqY6byKLKaakU82psIyhq53GGYiZLYcnzRAgDlYRJWwD9x1Uw7jbjHMj2v+GdiqYz/bWxMkSy7gGyRos4Bq3ZUvffd3Acg3f4vefustBJhKBdDZBhFxqQjIbU6l3Dm4ZJYWTQsXRGchqyIgF0ajMQk0EeRaD4d5ng+IVGplLjof5HCA1prMs4pSuXnnJgK0eb7aX57hzflw2O+vrvb7+w8fPLx4cHV1eZj3h8NhnucmzTAnBJv52Ym4gIyeXpSZyjC5mDg2AgQ/nJLCrMZ/QzQ93MTMAMA+BBAY2akjBW5o0JS1TJJunp856nrT25qPEBO+djQr0/QuZ6px8cqFoQcRBJAzLnBjT+vwj5G4IzBjxfq1fWaGgI5EZJYWcuIKAC0LHcxNJWyuVm36BF7dGShgfP7VfKLBV+7LEiioKzYvnsWuR0iKiGiRMPHS05fZeGYdqy7jOSAuuFhl4kvjioa0mEPy1SiLlI0SZNEFa3CkGPZWIMhcg8uxuShnXmcEa+OEHqmDmSxTxFJgEpEOFPPVfBj9avF6Nr5+jPTH7Cp2r3mebf0qzEtyISOiLTqZp/A9z02bfTC7eU73H24A4WabfaLs9TcPX35t9/LnpuOPvvLFM3sHeP3NPQD80q88/OF/+GZh/Ed/8Ob//bcfjGf+vh+98wyLvNlmmz1/u3kqqmCz0U6iFRjpJk76kLF7ep/8Uxw8urj0IeOx53nbbttP6rYMv+S37bb90Lb6zK9z+kyFJPihYWF4Yj++uyIGrq65/nR55olPAWKRQ+hp5nJAajj71FzBKgAImCpkDruNKWoGjxIEA4GQiIndExQeKwh6WzytOgMDiVBVmzsSESmSC1YqBQABCZCAiKhwqaVMbOKidap1KlPlUo1NaP97nkKmQJhCGpJcT7SQq4ESEpuXmJ2z55JxPR3gClU1FxgkBcSdswAh+QgU0EJkH4Su7+ZsLx1dk9jhwxEdDPRwCSLCCXRw0bq6+GdocXM3Z9NRSEoCgKvKpsMXFMx/p8ERbIEYjeggBEBoCpWY+QWjfTUdl2t9Uf/M/zOGibuDLVVkYebCnicOcPGMdpvM4ITg5Fe1PGmurtoR6bXzMVHGSJnoyTA7SEnEzFMp01SL57B0zCAad2jMEwy58EBr1C2A9JHo/m8ZKJktNrMDc6qqNKCDkwGVzEkmAi/AYLjeV108/Zjo0WijqS6UxWhDE4e0nVNGLO9gKYWpO59dVRGzk0chTvl8g3ccGpJRUdGXgvriZcBmRJx4sOzyhvZa7VteT9MK5lAMzoPWgdjovIg4NEKIiepQcTlOUT8a6OBo3Ym/LPQjbGyD9/EAqCbr26EgAGl2b0JCvnnz5muvvVaYd7vdvXfemVtTaQSooNpEEZCUGQwWULGabT76HW4DBEGV4NZDDsE6KVBhqjidqchBZlGlurt968602xkcdevW7Rs3blw8fPjG62984zd/gwvMbZ7n+fLy8uLi8uLhxeXVRWsHm4GIiIAkcrnlSoHgNNPCxEyFCMkXwKz5YMdZrILkBBwrgk9RFvyRo58sFS+oDCB94kwjaIRD3s5cNEmcw2UjDkJSOmVZs6Eik2706VVAjs+iho4a6KvQEcHkleWMMiwHfZlyJl3O2zblWtGbS46DrTQi2kRAjIk2FAbR5EejrkBERWUgVEapbeyrIpGKWkpQzenfp1ULsxBLDKkxtvs4iVmSXOUcMx4jP/L5RAECqU0TkVS/hF4vTmHUPsfbmuktYZTDDCIBABXtCqaAaK9IwQiEHiXly3+P0nEiIhF1iqRPf4ECdnFscaFdIqq1ihhDEXPedUag1RUoAFrc1BjCYml3cyZ3ee8Bxh6B4bGvjkUakVRD1MHeHloj78nQWlMQokJEHpej72eO2uz92Qu3ixGJNttss0+M/d1fv/jya7sXbvGP/fDtv/7/3svjX3p1931fPgeAt+95UsC/8Uv3f+qf+TwA/Jt/7NV/+z/69Xfve7jAV/+hG//07//Mcyr+Zptt9nzshdvleRfho26p0wLxsyicU4OP6vjTYX/4ND0ax8fH84/8fI868+T5J7/16Cust/gE5zxu+8GvsG0/ddtgEALg4M9yP9F2fDt+7XH9gNcZfdjXn6/XX2fdb/X0+cfl1OH81XX0+PpwzfH0ay3LqUM51R8Sdby+eP4zGGLksSNG/vfAugIAAQVAaSIsokjLvAXa3aTmlgcGVUktv44KxKnqqpUA4ZUXbw8iQuJCZeJaiYsCqjvWiErluit1x1xKLaVOZZpKrWTKcLXQMvUYl8LEKVPqOeTMPRcAIRGie4mx1/OIHyzYjdkQ3bcbqaccq0iHbwCEhi0hmc4eWuYzhIE4iHGFDiRC5xFCeo8h/4rSLJy83gl0iYp1abhgjrjMJYBo+Dc7A8AdugZSDXCRpBisputSHR2MdEqjEh2cBgX7n8lb6/yVEKe1dGA01MXw5Dl4oNfDaBFw5c5k6Yk2uw80GYRtKZYKqkRUmKoh0YVr4YGF5o55Z1Odsu4qBTTqrkI4s/0riYpZMSRyOEb9hjJbpD+cpjpNpRZ2EGDUt1zsLEpkHax36QUAnP51gCikIabRwAO+az2ZHZznQj35YPZcogBNfSZSRU0QIyaS/HMZYQCkBl57F5ubNFUQoD6T5hPEvmeuQkAEJmA2djAyAdnQc61g7CMdrZwwwJuLTnR0EK+REl0NvWdhq3uNi9Ejv9Z3Yx149FlHtw3I3fpSk4YNmAogGl/8hbt3a61nu7NvfvOb9969d9jvvStrAzCgTRxOEjY8Qxwbn+3eSFpMNVNUpWkTBGQmYm5KXFhULy8vL6/2XPjm7TsvvfTSC3df2E3T+fmNl156qdb6+uu/s5/lN37zG6Z3O0s7hEyviqgoAVj+yZjkkZBKKUyO/Uf3ICawE62L2PCxrsRMiWTrwJ3K2TlFHJOml53KgCenvh0T9RCQgGGBTqmCADJ4kIsvHYaLU5+IAGDo5jjqDDuAB2gZOz2agVAEFNqI4PdFC9E4nUsqeQRCGIwT6KA9O5koJ1iQj+jsTxpC5QPsg7EwIaSysA4zuitJK4Q8tedwXC5oGAtNZ64TaQQOODt/mF7spcQVjxGxNVcPtmAmjDviABCO6NeqlmI0Rf1gfwQMVh2MZEdLuJkRRQDo4USUQRsRZQSW2lBBm4Bl/EViIgQgW2RFnfy/ariRhBcZB1Waqom3x1167sAGRrmOIencSlX1NyZ7FPb3N1uPMqZlxQ4fFotOPRzLZmappg2ubq0pKPNYUUqPmIo2e6r24t3NG7jZZh8zK4zf/93nJz/6nW/v7z1oP/dXfvcPfv2Fwvgn/qVX/9Ofwf/9/3rXML8/+a9+wdau/+IvvG7nv/7m/uf/t7d+8p/4zK0b/J/9u9/7f/6t++/ea9//3edffm33EQiH22yzzZ6pba8EjzVd+Ffdr2u/PN6fH7tvF8cxPVxqDMJ+HQz37EfED78d345/iMfLwl0C3Rbx+9vx7fjTPq7P574rasroZV6gDnZYr73O+hbH99Vrj0fCocSEcLxOJzekGmIDIAURFGmqxTSpiDDhlWDdmYuNPQmTZZErTaWJJ14KV1A4+BYeNwQC0wGt8T+LJl7HXKYy7cq0Yy61OH2QSiGTES2FuGQGxNyiMwU5AUsOjNDF5LzooIBikf7kYmFdECxcYVaNHR3063cxw0iYOKCDiAjKiNT5HyP2B0t0MPkVg6OtI5frn26riP6VFFiH60Z/cIjXOZKzIBC4y3KFn7WOXqVz0NgYOMI9HQAMV7V3Dhj2DRVrlnWqd4MO6wZtITzRYG5TfybS4yc9acbbkw4RJiYXyqoAImJIgjsojX7BTi6i6EujuzOGUuyc/DGN4SI+LtXg2G5qpD0x2pyZs2iJurhoraWU7FSLYgROB6tpAoJVuWIUWQHA039auzQR413NrUVzgYQwoDeNDa+Q8ORC2sQTQtLpSjiZtnPxsTeTZRxTbwvzaiuaHu+onQsAql0VDQGRjFnUB6PHAXgEgCkZRtdCyISmXoVHfvYRIES4FgZ+xrbCg5+ZIt+I7tdaTZlwbs3qUkAJQEHPb9x49Quv7c52b77x5ltvvX3//v2r/YPCtVYEEJmbaNMm0pqlziQEVWldcjBwCxGZ26wzIXIppU67Mh1E7j+8/9a7787SXrr7mde+9OXv+tKXbt+6tdvtzs7OXnjh7sMH94FYEXgqpEpciNmynRVmKFMjrzoM2MPR91oxJ21gdClR9dSezjqlHAIGkLSWgpAyoiEADjv5AmcsvTYLLDQYT+Io2bjZvuOUuMDufJgv+sPJ0RedZA10naQ7j51fRtRnVaoBqPOOIU3V17440hMNLwVWlwXL37uEpEFiy6CqiBUClzSQofCLy1nFePZgWIzoDm6ivWh5hSCq5/jFxXWS/WYFMLAQIdFRXFTU0VK7KpXVXlPFWOiGSjNmdgLMHbcb68ty0DIykqULFBGfb8erxSCilOuMjM6gqm1upRjEaO81ZKOYCAF9qSWiTEWZuWbtNB8GQycZhUxHLuyq3w7vddDabP2ka1+HlL1qWQmMn56JNnva9vKL9XkXYbPNNntvdvOc/vRPf+nkR6rwr/w7v/Kt3z38qf/kG//+v/VlJvzpn3r1X/8XX6FhCf6bv3x/VBP9r//St176bP3aV28Vxq//8O08/lf+xju/70fvFN5m4802+7TY9krwWBvz/9mBdOANDhgMvyv2v0/5ixYSb2scJM/vTtyj6w+nLP5YnX/y+ovzrznez1/KOF13nUcfPy7n+7vOdvxTdHzLQbht3992y0H4PnMQmt6ZKSY6t2ewjhwlCQAJSUVkRsHWkOYIvE/oKgPo01WP6VRtjZu08Br2vEqIZLzBZA4SIRMjFVOAM2VRow4iFeZS665OU512hSvXWmottRIxlZATLWuAsCN5lnyw84rIleSgI3JeSZ5WbVEb4KKD7iVMry0Fn2OFCDrFCpzBQYEMGvDopMOYDjHZWOmQVVi6I71RE7IYMBMY0Etr/QHu65w5gOAFjgyxPKCGGyuYsqj580NT1MBCDfTI4JzmpB/NWwWnUFVxAIQHjDBYczK3OZ/AfJQm5mkwVPrlESIFWOjShfitjv7ZpGJ0tyn2BIrJ9pgHpBMQA/KcRQQBmKkUrrVO1fAFy1LmKH5ABvk+eM2PZ+xt49xBx2i9vJI+YtUsTU+wCIqELqRbyjRNlvUv5AM7VnDC7+8JDjFGpAzVAUEQER1ymw0qp7Kqz+x+WSeefZC9u7vYJy6AwEHYGJfdEMZuZzY3kyXUJq21eZ4tUZw51AGCQWijMsV3yVV8uz/dhlsgl2jtxmRjHBiRGExZLycnH/q4QkfivVqvZ9t9ZKwrYD6xpUZk/31z3cWHPuw7RhdjVCRFxzwQyQQe62767Isv7qazF+5+5t137337zW9fPLy4uro87A+gYqzNSkzYOgmpYYgNiqWgIyxTnQpLa20+tIurqwf7e/v50KSV3flrL7/8Xd/1xVdefeXW7Vu11rMb5zdu3oCJ9+/Ml1d7Ab37mbtXl5dNDrv97nA1FTZxVGFDi5mMDuWLGqEFR6AaFVUJY0upF40++xAQKYIAKJOiokRCxojzyGpzkqET70VBm8FOwdOCBewXKtYJn4zJ5BJoMbI1+SgPvYBhEtA+zGCMh1Bt1uoYKy4httZUJJt2BUyOiQ9HmDHBLe9IRJaespnoLMXQEpxbE22+siXPN6boodP6IhcCBCSdgZxRQSbYSSlsiiC5CntrRtXlEhBTNSXBz5Mrm6Q55oq9gP3s9cC0DaLIXu4VmrvE53Lp0XG8DJNzXxKSPDteJC+72i7zCBpNXw28HoHMrFELfhAVizKxR24iE9UBrfPzSykDzu1ftOnclX+z8fM51881NGQ8heUdzEgp+zQiBcSURff7g/3JJZN9AioQ4MYgfGb22udPZCnbbLPNPpr2//ztB3/kx+8+4oS56WFWAPjVb1z+B//lP/iX/9mXXntpSpDv8kr+/F/61v/y199ZfevP/LnffuVz0z/5Yy/8yA/enCq+8Z3DX/iFN3/1G5c/8bUXAODhRdcKenDRbp7z3/n1izxytZfdRL/5zavVNf/+b12ao+Lt+1uW0802+3jY9krwWDuJVmw5CLfttv2QtiWcvmp5PdL1Gvvb8e340ziuz/w6+iTXV+39H2IfDL/EOLOfr++hnC7hNR4HRUCJQO+MtzdalkGHaopewTQyfzmKDVlsRNhmQCylGk2nQUuvUWBp4EpuztfB2QVFU8bKhf5USSQ5e2xMQKIiikiMxIiMhMiWXLDWuivTrtSplFpqrbVyqcRGGnKA0BLnRPbB7l+zI4xkyIOpJppDKiXCyFLphYzaypLYl3AeDSSPEBTtDAMIQCnzP9mct+YuQMfCRgLBkScuvfte1/FOkiBvJkVa4jDuHtUOEAZ0J+HPthPEyXWqqk20dXnRjiGlW9KKkO5eROjcQuftLUoRrueE7cJXS4ntlmLooOnpQSdaoj+od2Do7s7l21vSXHJfNZlweWMn6gGYoKWIICiZnuc07QyUYw4gLMgQGi0AkFDd6Dn1JovIg6ybsSU6JqciQ12kZh8CMvM0TVOtE3Ot1VA5PO4NCwf0gAs4Dpe73Ym8aAvR1lpTaU2MvOhI8NIXzEylWBLEOpXi1LyUHgTsLFXVbB3TZlzQUv3Net0lIhlkV6+FDmh4I6ajHkAGkN61FwtzMYlhqypO7qBr/CaNqQM62kfdWJPDjXyknuxmT2ZPH198avQa9NI9yeUy4V1kiAXrjMgIhNrUmL2KWqZ6+4XbZ+fnN2/fPrtx4/79e/fv33v44P582M+Hw3xwANhTjTIRVUMIiSz+QFqTwzzP87zf76+u9lfzfFCo57s7n7n7uc9/7pVXXnnxxc/evnPr7PxsN9WzszOeiqgCk4A2kVLrfDhMddpNZw/wHhMXLlAbiPgkzQgAFHlunWVKiAgE6hqjBgf6JA+OfBESUMa1EC/CL8YYzOi9FuThnbizqWLlTfgkWGQxTcf8ACFhOn5Ljwh043oRfC8YO7YqjD1nCOQhW4L9W8O8NEJcgQ7alOIzRELqqREqKtBsMudcnSywBzL5J6T8uWTPAoxAEsh8vy7LjOO4t4Mhjt1BfcKI80qYrgOEUTqMMBXJpX5JcoOgzVHQ5qKpY8091hMel9eYM+O0UQ0AQHA9dO0va98EC5NBOLasEyMTXQULpeJRmtvAQps/TbbBKtcW93meg1ppvUuCoE4AMM+zqNTKpAgavYU6a9CA6+Nl7pgxaV16v9/nPjMrqE3Uxpi06s16I2KvgRHW3eyZ2Jde3T3vImy22WZPan/2L77xZ//iG0948i/9vYd/8s/8hg3z2zf5V79xebWX605+/c39z/z8t3/m57+dR176rMeU/MZvX+bBf+1P/dqNM7r3oGN+f/zf+7UXbpXX39wf3/1P/Ie//uDCfmZtttlmHwPbXgkea/a7qvtpLRe5v7amPxZX/lhY+GlHvKP/OFsdX52P3d8Lx9c/9gPjieMbzrId//gdLwOXS1e8ru34dvypHYf1cX2i6xztH10nz9HV+fCY6+v6+LAP15QT3lM5nUHYjwOYPyvcRaLuAmJziiUzLGAzCe+POAjUUAiloRKDJfYhMoaD++kiExC48mbmZJKuumh8AWJVUG0YnkVmLsRIBRWBmahYnpxSa5mmWiauU61TqVMkiKvFAELHmJiYATTRQc+VhoCITJFMzqBY93JReE0dMTUMSrO6B3fp4JZEAE3ORIbLJw3Jcj6l15PiQj1HVYe5FDtbYUAHySHGY3MXc8An0VS9y4W3dwQIO88vKH/g+fm80R2sMmjQkJo2IITaqSXek1SHWuoq7KIgHYB0WNg6ozQxSToRF5GEUK+0HJLF6WlWExrYaoebHNbA0IHX3jzgifSiIsKDKxr9vXXR1Ob/quOUTJTo4Nm041I8NRkoGOsmG1O77zZGydhIPZxMhwaKtgHzsbcgZmZKR3DPLwJQLaXWMtVaa6lMDnkleSjA0gF4iGHlDl0NJukKm8wBbg+uc9c1NcpogECOlCEx2cibap1qKcwDiTJ4sR5o0B3cUUzUgKtz5oqJxxsIDUgWV4FFdMxewSSQCQCH+lVL/Enh3XfwlLkQMUd2RKaekG3QFPU6TJQwfNHpiF9rF0JEZLx/e6rOEXxqF+xY1vUYoWIsKcF6nttBXVHWuyMqtNaQyQQDEZCnylOdzs/Obp5fXN59+OD+g/v3Lx4+vHjw8OLhg4uHF1d0BSpW8dKMlgwA2ET3h/nqan95ebXfHw6HuYkA0fmdOy++/LlXvvDqa6+9duvWzV0tdSq7892N8xulEKi2uTEzEjXVJoJIpdZaJwAkLrVORD4bGREwZypCQvZUsIFVBXHQQUOFeHwEUEVRITSak6LAAN0tcgciWuZFzGFPRE0EpHvLNCs/pCAdVFtMKlHNI8zfV4oMPMn5BkdYOwaprzmaa7KTkX3CCWTLl/4mCggWORMgshOPfaDa9C85bFQVbCLz+RIJXGF66Lh2fPFsDmImXTJ7nkSoBIHnKs7YGJu6ICA+UlZI4VN17jqgid9aIEOgpPEGgsYH7SrfC05h1PmIWMoohO4LYJ9aJafcnhw68xLbOxgBerhMVtlIsPMriwdYJHzo+geQbEakkQAAIABJREFUMVfgsy55wkJjCjKziKrOTVqBkkFRKqosB29so+FjU/H6HyKJEAEJ0PVEkYgSxc0pIjPj9rUlpqNAoymzcnpwSWEVAX91REBgn55BRAmJifxVY2SIb/ZM7Hu+eFYKzvPmwd9ss0+sfeN31vS+0X7/j975/Gfrz/2vv3tYzgM//VOv2s7f+tWHebA1HdFBALi4lIvLNTpodowabrbZZh9ZKwW/54tnz7sUH3ULHy8u9edS7e2ELxfXfmYc/LQhtHR0/JrzF3py79Efju/x/O34dvz5H48chAuvxrbdtk97q8/8OqfPVEhsCANRON6P7zpf8Zprrj9dnnni0zTEwG9EQREEyUBLGNldYBKgxghEQFERUCGgIq2B8/yIAI1+BqhACIKKQJVJGM1Bqylul1qKIbrJjKQFic0PrSCKVCpxAWZFIC5l2u3Oz2rdUSm1TFwqEbkWJVMpJQFCu8aY+Q8jO6AltUNVQgQlVARBidRE5nRzaTgFQtIhSB/DdZYR/Rj8CCLnolDyBRHYT40vJhEKzJGGjvNiuHhXUfkYmBQ41rNqPUf2olVTKnQgCmiS9br846CEIE0E0ATcEh2MvIMduMo0hC7VBi7tqADiVA9Nh6CCCro8KRAKaDOfs3dWbdLmOdLsmQ/UmQaFkBFQRRWVkChgQBrJI0GHSU5DooYm5gnYu5dqPIPRIlVbG5L8gSIqudgrVyPtTVOtE1ExQhECEQMCDfxOr/KhQWh0aVo5A1iSsYReAypNHJY7HA7RQD7cDA2stdbCXKiYzGnq8wX0hgPvZNErhg4QE4RnCUvfrqrO1ggiqniYD2J75uiXZoCHjRcmPJvq2W4qhQkBVImRiRgT8jaHMoyFGShNoKDEgEbfUc1sVglDghp+roDIWoBBHO9UItMZdmnQQFViOBMVMszfJyHzOCcSaMggE7INz6hIQjSqUNylU4mCW+uD8aTr9JEu7KQij1+4NnD78Tbca0nheeLvKy7/zhnm6Jonvg0++EQBJCSTQbUZHRmcL2WoBYLrPaIWmMo0ndfbd27Ohxf3V1eH/f5wtd/vry4fXl5cXDy4f/+dd+6989bbDx48OBzmJnpxcXG1Pxh9cJ5l2u1u3bnz2c9/7uUvfuHlV1/+7IufOT8/R5TKtKt1dzZxpQTFBTzMZX9ou2lCUOKHpVQiJi4AQqgmaEzEpXCg4JBEYAAAigUK0DpS8s4dRJ9nZJuXUVSaWFwLqhhi4ww7VSCHFKFJE1tdAZo0T8LGBEhJZPOIBjGWXaduGYxl8Ssjw88SxyERs2N7os06f3bkcSR6WERkVyUESrw0FCYT+xlY3Ti7iLMft5ACdIo05EcOBwJZcEhTIRRELIEVqRgeTAnGOgHZUx2qBGWxqViWRxGVJsz+NjLPjTlprBDiqv4phCwmAKJ4mAjaghDUxZw4B+5hqJKqOFCKTrL3BIVEiKSKom3E8yJ9oGuUz/McOgvgI8ErxYBAsJpvkWDVWIqWEbnNzYpTa7XcqwBAlXJerbW2iGMhpFqqSFPoDyEKgVg77MeFmXh/deWwq0ohn2YRaKplP8/23daagiJCKabEqwoCCHWqCDQ3UREaFNrnOSTBFRC1yWyrFhFlCmqDgUXkcDhYLQBpa63RLMbUVz47O9vv900aF2ai1hoAELPOMyAQL0DTzT5U+/4vn/9/v/bwCU7cbLPNPoH2x/+FV2rBf/6PvPiLf+fBL//Kw9e/c3j189Mf/sdeeOVzk0mV/tYbG8632WaffPv+L58/7yJ8DGyRUmJwBeU/pz8dnUa4PhNPHB/PH364P/7Mk+ef/Najr7De4hOc87jtB7/Ctv3UbUt3Uo3x+tv+tv+YfX1v5+v6eOfkPeq7R+f066z7ra7Oh+vK6edE5Mh4neHLA65z8ngwBSFRd79l3itzEGYZQEFBQvjDfHH+VHab7vjDYKa5LiggCEAT4sZClSh9/JAokXOGEJAI3FdKpg46H7S1g6unObgG4V0KV21qmSkSUuGCzGWaprOzaberdUJiZw0SF6ZSCnPhMKIOELKrf2L8G7whZwLSkO0mPhD1RxFt0MZYeMTkIQUBidJJOKCDDmYAeUarvKk7NTOTXL/xAA2eFBd9TEx9UPnWYpL+SfSJIDo4U8TgNJcedaZgM/pgkyAOBsoYyqKJiqHrwnVy4mgBLaKBzwL9OikjiYjWZMaWCzVYQpOUBQhR1vGOOsiN+nhB79OOlUvQUzXonmMNrPLttdYQkREL8zQ5Ya8Y8RTCDS5oXtR86u6vFxVdYD8rGU+JcWFbV1Bs8+FwmB2hc5gFO7TsfMpaXVu0MK06gw0Tou5HzrsnPDBihEiEoSLYITEXjgMFFpM6xP4IJnNamGspu91umiZmr3niGGPBAVqxPlYqeTkzmA7eUDYQkdaAiFhEhDtpKivTiS0pPKdGXDLhYEIMb7sBhJhcQYysn8k1zHo7qWLXu1ZUW/AW14Dfeya4fLBEhkM7xn174CFEDIgRmkaypUaywRMQ8pM/wpJfiAFp+cDrk0xKwvrwcIIVECByZa67alRVmUWatMNhPrTWREGuLvf37z146+23v/Wtb7/z7rsXV1ciyrWcn9+4cfPWzdu377x4dzrfCegs843zs5vn024q1DUPlQsFtF89MZsiU631rNTdfNiDzohKygjITEwkAk5Z1QDdUZNGGJqH/thza6G8rSowawOjvaqMgFxKM/fcskalFlXoMTdGlR5TEtrMl3KiGtcJ8UlV0RHIxBglAVn1RJzj5NMxwgia8IWXKAmLZkZTG0KCYr0DVB+/AiCAxm8GUM9bnKEzALDkw2XsgrMWVRAQRGWg6WZpfRZU0GbpYkFFTMYAkUhUZ2mKTACUIpsmEp5TT85d/Ves4V0KqpTvNX2pxcQ4M/nxGKATNFk2AEwHrdcxQEFByaDFaGIVAQEc1Es9zgDJqkXEPu7r0cgpdH4nYX7kTWzVKs1onNZYjtlGQkFmBhVp0ubWWtvtdgh4OBwO+307zLWWUgoTgxyMJ2uyn00dpLTgKrtRE7Gk0eP7CRHZipkxN1aNFlEUVFUy1VBEVBACAiQmr/3oup5AMWUeTNW21mqw5RPOTpt9cPuh790Aws02+/Ta//x/vP2H//G7TPgjP3TrR37o1vjRO/fm//i/+u3nV7TNNtvs2dkPfe8GED7eVAf/avwsxgi4POlDjqjo9fH+3RPH4+/1/uprp6+57W/7n5j9Esq4Q8a1bX/b/wTs65Oc79rQ6/3rvvtE18wchEfHQd0L46w2FRULCafw2YHqQNwyx6Jg+DwBaEZmbiINiVU5hjJ4Nib3Z3qiIyIupbRSD4eDSco5dhdQnTpwgI4vijsWDVksdaq73bTb1brjUk1utJZKlquwFOaSAqOGBIbDixxLII9lj7UWAYCgO3KN9LJyeXd+XrrtED0BW7ACiZA7+mjsD9fHpPC1kuuqeQKpRAdX24V3MqDZRwASAwodCGH4ZMOZmPQ1F5VtmX4QQAG6W7bp3HoKOmMPhv88GHCq6X+1mpKBfZT9JBLYaST865DhgMyZaizXUriUWrhwyRyOFAn/enftMHg+ddd3s93ABd1t6f3J7+uUQQc+QzTVXb2IpZSp1mmaaqkuLAqAQxq8Ds2EgpwqhFhDdJSheKOHPgFCkZBxlRbJB60Ang2LyaiUrnQ67aZSOATZomNosl/AYQNYdI8ODydIrIrG7YDQwENngok7u+NoOMGDY8cmu2pApWvqAjpAaG55TVAl8argLXtFDUcDKM1oAgOEDUz2L3ZAHVzKcCBN+khFZAwwOb7Q+VORWS4IvzAoRkIICK6Gl0mEBBlOF43+NOwDX0vHiyCYSKAPPso0shDigX6843kfxIb7Ruo4RMkay55mqRjyKwp9JSAqVFgVDJGWuYkoKtapiOjl5dWL79574cXPvfXWW/fu37/a74GwlKnudruz3bSbbHjupt1ummqpRCghYxyxHp6/dJomUmWFttvVWjFnDO8Mpj8bYA8E7bppELklETgDTnxydoFhDxoAJ1H1GTunOVXlpW5kBJ/EohC5RBMmCW6rAayeJw87ktYzGlrv7CMhNIVzKRjnnwg+gj6PQag+A44xSdHpVUPXumONfi/JpRBszpJ+gQTeVhkTV93I9TOHla4LGPT1Qmyicjo7CkHoWqvPLB0w93UZMzZqHNJjaIJID6DxcB7wmrWdDhA6pJnzPsJiQu9Tq69QGXgQY0FUwMDMRehGj0sQ4+0bvTIR0niriBCkfhciwpBOTSQ6a2RMgouIKjDPs7WbvwgRllpAlOxdiL3C7NVMQTNMypBOZ2+Dt4t6jI4jwa3NXjzJbJhjesLkWWp2WI+vMdkGgrHz5+xBSApQS7WonSeZlTZ7KvZ7vu/mf/c/fud5l2KzzTZ7Pvbn/vtv/Tc/9+1/7p968R/5wZufuVPOdjTP+p2357/5y/e2mWGzzT499nu+7+bzLsLHwdC1rUZfa/zMSl/rsD/kIIzz/ecJRg5COHV8cX5eIZLrnPD34sIPDCd8whvOsu1//PZ7DsJtu20/xC088+s80Zlwev+6737Au0eofq53FrOPoKAURwSCPSM6q7ZwvikogM6IzDwjEmJBWFNSzKVECmqAGjNx4drwCkV1FqmZJ4zIHEyianw1sKx2EN5cLqVOpdZSKnNlLpZqrJZqGccyCJ2JTUwwMw6a148xIMPgW7kzLcgiGt5sDeAp5OcUnfSHAQ16ih3zGHMex568iMjlEM0f3V27EG7+YBCOcOCKQXgSFOzkoKWbEkbfZTqHzd+qkuwW6WQNzOx0hufNTed5zmyDLcAs7G7VTIIloCid/NFvaumpXPDNnIwCqVk6cgetyUoptZRixIdgsGU12rWlvwoNT23/RfkD03WMcPCeKqqIzK3NBhCabJ2YvqgqAhQrhqGDtRYuKdJnUDcNTTOmXPLmCCeohCcdraIocWbn5FrREJQQmAgKIwKzpqebiGpB5lIKl2L0wTp0NgxNPUgAFfi4jywojMZzCkc8ihfExAaRlMzfXApDCugFQZOpW3XQ1Ath+RBXZKahVhZv0rrksa387Koo7iPmdN9n/xfnnETeYr+kK/RywDYDVOAwi7nCcYEIYsYNZHMGSgF5kRUS93QgQn0qlxnTI2Z60wAejo4P569xGv8YF+3yKBvLjxQTEflU2r9OSzg9hi449pvJV9HAOBEVaABU6OzWOZ9NtDurN87O3r13dXW5P8yiisRlqrXw+dnu9o0bZ+e7wgSAbVZRoeAyuuBkRKIUACDWudVSjCYWNYKuEO3LDqqKKEibRQekx/4bv0VIXanyxKSdNRUfQXbUnowQQAUa2Hw7M7lyIzMHgRjJErM5tgrjjXKceWq7JVkQj4C3xCOPmzM6Tn9An7pVg60LMWloAkAQqVVtbQd0Xe7EKXveuwAmu4Zw3ntNZvXFIf/2UAbbUQUVFQRV09AMfBTBmcFIkaHPeGywDHTowFUnd2YfQNUkmYPLj/cKjBXMV8ImoYkNDsRrk2ZhSXkvE1/XIHcuukd/50ARQbLxsgjvyEnMj1uVk/dJAAlB1n4+IREFMGlFbbMRxJko19w6VW2CoYvOhZ3/6q9GRmZtpRRApEQ/vYl7fkpEbDIbC7f3bsUlc13y8e1VzKFNW1dFI4zMm8AoifnsszSVx81Imz09+4GvnN+9zW/f20DZzTb7lNph1p/9hTd/9hfefN4F2WyzzZ6P3b3NP/CVjUH4BObeVBw9q4YJDh7Xo08XntjxU4Rrjq/28bTH+NotnjiOj/3Wtt22H7VtGTB50MDLIfa349vxp3Ncn/l19OTxvnVPWu//vg+xBpy4/nXHT5VzPEfz24DplUu2wZhvy6hgAAAoIi2cngE9uTzkjMCIDVGWaofIgAjaFBhJiBsyMBMVQFYgSxCEiEbmMJeZigSd0YQZsTAjM1AUWjE4Du7kK1SZMQFCVxo0WgaC7fBA1+ie4vBOdTRg8Janzz2RmxQGTR8ogdKIDkbyKOg+aExqwkpEFBBOAoRLKPHke0lE6S81M3Et8ulcg2DJjaAMOD8TFNDyY4mIzl1TVIdvpSwbjpcQFdGlbueCMuffFJMpi3vY9VOcLQEwZjaVyET+KDJXDc89dNTACBEx2YoCnh4x0UFRARVQzx1mAKFGF2VEK8lut+PACJk5OWnWZrRoSUgoNP/sjXvUUCEBJ+auFREUVFQiKKUsOB/aVIEIPPWglYTIcnG5HGiAc4MfG0f11GUHifYAHfMUugdZRZZfOSYA5aOZo7lQhw1wwN5SYvG6Puv9ABf3ysJY+VfNPV6LfLR3yNCREx+OLt036Ih2JcbU8fVUYIP5xRNnjVnruAAfDVtBg4udbJajE/xPVVB9lPP3MXNOIn1mufAtgPIAEbHDhOqzvGOEs7Q+yylypYqsqvu9GBP56jC/+/D+2/fevby6Ojs7290gEUWis7Pp5s0bd27funXrvFZqTYz/xsxsC4dznAgQReVwmLlUtiiSUqZpt9/X/WGG0IsWNb66k51QjdaocCLMxbddnHNAcWz+gQYdGwMCRlXFyHYJoEQkEWAhoMldZpv4mENr1MEqh78ZcqIbBmlw0y11G2FcTTCQ9VFFM+Czxew9zlc5ndr8rAqWwHMYqqJ6goEapSTx8IzTlMGRP+dr7QBhLpal4aMUXx0/cmI3QcCHkKzgE8FJOTdmbQSaPdLXgslnAswSHL9htlcVmUVAHD/VkC/Gps2WSoe15tl4e4qL2QZizUhVbbtvrkSZb2+FNa5qJp4CIwYgO6E3BAY3sbUW70O03+/3V1eIeH7jRuFihbS8hof5YOsymcKnyH6/HzKxRhWBYZmQnXaem5U2eX5W1bZaYQ5JD/chMCFuEetbosbn9+967w3eJCLq0O6bPRv72ldv/09/7e3nXYrNNttss8022+w52Ne+evt5F+FjYhhiShEgrf47Fwd/LI7+WIBUW4L4GZ2+2cG9sTy+Oh+6LxdW11/6k7tP+Mg//NxxlhPlfP64wHb8o328QHgQ1pJJsB3fjj+943p8XJ/gOvoE1/F9XZ2v15XHt50GdnxffZLjsdXxvoP02FKGLMsvIuklFFVQQVUlZ6+LSosoepOV6wChAFBDmGeeCZl5VmWRAt0c7ImF0ok+ioCFqRRSAcfy2HI/gSIIqqjrxgFKKDwqoAg0VXY6EYEieII/NpSRkRGBe/oxBAKXGYTwh0auuAB+QKIio06Tm6aqgqCBE7mHMZILelx8aIr647koJbowaxI4MFNcxWQXbwvglAJ7sQienDfKkU92xH5c0nJQFI3/B/kxZxBqM5agPxhKcMhUdZ4teZCY9mbTlMGMigkFNLuhxF1EUydyiU065SL81hLcQWnGP0HEwlQLFSYmLK6rCWQxVAiEwFZLFAp5WRUK2Ls8ICgDmnMfo29L1AEpghIISjj0owIz1RMwswGE7EKe0Y6OgdECvw31uTjmA8PZM+E1H9qIFBSVnaSZvEzr7TFCiUi1GZeFmadSOSVxETEQO0rQK6mqhBjAxjC3hLs+mkYw7qUghCJKST6LR4sroGNx8UdC4hT368eRrCHIvPRDGXI281gCGirN3pUNgydS0PTeB9soRkgiCjbkY+S6MrC//Jpmr41oS2jqjEJM2mWC8ZnhEfK7a3h+uEk8xSngbJz8nwBNTEQE4KiWnswoJSXfuxkmcYpqmmecgnYWhtG3NVLKjWuNRrMYk6+XNNQ9TUHXdCktamFuIkRMSGR0OUDkwp6BTNphPnAppUzn52d3bt+6dfP87GxHAPNhhkBxNPLiZhq/3dnZtDubW5u9TyITn52dzfMZYBM5zDobz2zuVDAUy6znSep6jcTnCcMPhOE81cAqm5rsKt5/+2uDhSMooCVpI2RiRsqBg601RDX2GwEymwSkTWSOzzksjoqhnuuIo+XwBLBAGDKJGQBQiGEbISnDKmYg2xAG4qua6bUSmSAkgYqRjAd1YtQeJeSPl31Ee71Y7J+/SuQ48rU0Fi4PNSJN2WR13BFSbBwtEywiInKXAO1xAOsWCXnkhAOtSQqzdZSubGlsQ1uINUufRPnx5UytM7msAgISMjIpJbZ6mA9za5HvGJPSN5RNCQGQIIA0D49AokLZ2fJBOpqeAp45bSFZZ/NqCQDYgrakHcBWUiJV7SuI8fdEVCXT/tmLkceF+EtSopwQE6qavLzJwovOI2ERUY3tbwvoMJlo4KAhwxBd2kKFlg2nydNEAOJHzVebPXX7+u/dAMLNNttss802+5Ta13/vBhA+mdmvPkVd/KLXzNtw7O892sfBH4vDj/vF8dX56anpXuBH+r3xxHF8xPnb8e34R/N4Ce+qOtt229/2P0X7kOvEcv8DXz/w+MVxVUBsrSVA6A4mFQxaj+VyC12/1I8aVCqBuLRGrbXG3EyyDXLtCpnO7sIz1KUUnqqoEgIih2gYQMqJGegCqoCiIODamIYaWmY0REZjDdlFgS2nUKiWevY/Y0BF4bsjNLA9VOgEjfAKu9sZQAI86emjEiOk5Ah60kGIvIOhSAl9G+7Z/KcTMjCO+fEBnMB0vEcbwdBY/aDC2IIGQEnAQ6LQAqVLAkmyBEWkiYpoS2nRnqTQ30BoydvT8KZCtnQvXiCsCJaHMFgCLtRJoVlZ0tiJMM62Cb03I1KokDioCOknxc5QhNGjmgqf3kETRhUS6VS8kaZpnuJpmrqSZnjieyKouMsSQ+q3NslUwJDKdpB3ENBUALaBw137dEgwxUQKJYAcKtGFBzgQIjitZ2dMhpwcA4SjB191kLhTUhRyt3cgB52XEnFxfT+1DB2Z8K4eAAWgaoBX0XWxzwGhS5iLfPCZA1zGzqFMSpOjd+rxdhCIXlY7hGqoFzFStWEwAj0UYWTldgqOX6F/tIT3TqN9eurge7Lh4d7vFT4Aq0YfjU0+9spjokGA/ltmAKdHenZHBwMMR8vY6cqBJlRo0oJG2yIABQHAwgp6OBxE5Oz8/Py83Lhx89bNm+dnEzOqShPx/GmOvhAAaNN2mM/Pd+fn5zdv3U5mugsZW2pCKW0WaSLSJ5AkXxKxTZNRel/oEIGZRqxwya7Tzp61ZHDZAePxMWsH0EirULpqcbK+HIwSFVDLmzveJfssseWQYwf4xNSSpU9oA5JMy+kCPKmhnxOt6cRIBADHk2KGRwfrYvigRh1lqbLfYGb1jOAV7wrDLJSFjHNMQBMQ+moaMxMCKJJl7F0x7/vied20nCswEdnzWTpVcOqe5rtKXhcBXeM6qHIQCGUubau1IxZcCQ1Sn8CZ+TrYcmzx/m5wfOawPPWhl28vhNjLlnlZe3/2FlVfSWspBvGKiukg2ONQqOaqq0dgUF41if49MidCagjJJvAB5MsloBeeiOydIjqn8yTHhSmlpNUVggEQjP740eNwf8Ltq9934wsvT7/9xv55F2SzzTbbbLPNNnum9oWXp69+343nXYqPiQUP78jvChGiGbF9EIH/Hi6Z5wfbMJgCjz8Ooy8XFtfPMuBjfcJxTXxKvuundZ1tf9u/fr9A+LCi92/72/6HsK/P/Dr6uHNyvs8x8Njvnjyuj7j+ifK3eU7ujjEIzU/kDiRz5RA4SSKYUSKpOTbz7AzC1op54fykDlY5gcfSEKJKqbW1JgIozd2VEDeTft9m5RQhEY68PpY5z2BCwPDxhdOMEDnUPqEDhBi++XiwTMvk5CLQ0GBcAIQYYAEuAIaAItDdgB25QVqADwuAcIQiRpcmLj1rsDR7qdDobNA9s+nyz8bs1EHPO6igoE3BpNFaZJgyZEZc+bOpukhdqoqOdwlPdy8bgfEFcMQcgidhtEtQTQFLHV2fJvpnmKDL65m+KBEFKpTuxYCRjiEVBV14XQ19CIDQCK7xBKoAnABpYF3h8DZuHDMFHJj5ukyvD4kGH262fx+uEOpqgmBsOMvM5jiDBLcIIPg0vYQx1p3yRvnYIQBoZWIiy+HkFKWh81JsMwmds3UcOMbu1g2eqbpo56pDBjVl0fnMxQ7Bueu1Z2wwzwYGjCNQEJfLecp21CIVAAXE6MICghF/Zw/otYNASjbK6UQ6vQAM4+W8MwkTnUFNqhLm2/YpsuCToYOd+XfSbb2Emq65wBEC98E09N7Ttwc+VHTccZmBVWDC2rzml7fs05H1Yce7bb5frWmgKmINYxO8jbYWmpZcCiJaaIIh7vv9FQLtdrtdnW6en+92O7Jp2mNFyGe51kxBU0UObT6D3e7s/PbtO6VOtdTCBNK4sC0JzEV1RmYCGTmywZhFRQSxDukzqVixA3HDmPMhaIsKiuSixCCLYZX4f86TfgXMAZQpA4EIpakiKgEChnxvB8OtkxOBoYNE6GwrEaPFGzyLRwtK9nZX3474mGG9A/KYC0AVCw5oYFDuuJQBIIEokkKTXCggITQ7czzaO8oiTmgFhg3lhOMhGKRMb4OYV3pEQoc/ewrJqDD7iIiDfm1TSoSJ+MVSozSg31gNpd8o19y+sANYjzXep6oyR4LiQaX5aN0nwng5MbZngL+ACC6tiUTIzKoA4Ohaa7MOD5sFGBi7fYoTEYpIZpNmta7U5kYERAwIxh20jw77g6AAInMhpFmbvQ56pEvQ7q02Ujd7uO+611kNiGBrIj3NIfsML4oomOjgsB4lILqqw82egf2Br73w3/7lbz/vUmy22WabbbbZZs/U/sDXXnjeRfj4mGdHw7Wvtb/Q6sD/W28T+Xi/+70Uy2s+yf5Rmbf9bf8jvx85CON36bbdtp+mLUScyWr/A2+TtTMeNw5Ha+F68/w6hovYuJQAMtwfFACHQS3m3pn3VwQ9eQyRkUEQlJwsEg4mYipYBRRbo1qKiBwcAhNFEFWBlK9soA1UBAQaNWFRUlPLlCaCrRGxKoKSuEpYdz4SIZlgJZrHNZx6C0e5PR+AIkrignYcwFAKRGIky1+W2dijqGWhAAAgAElEQVQy4yD27HQmeGrJrDJZmn8avvdjfCLpW3l8tQNRfX58IGd0Pl844lNhVPx/93I36WJwCpGxTyx7korAcFvHx3BI/mTZjsaaMXJliGSC31qTWmr8EhFpIiyiTA5PGZshs0V29Mux1aDyDAChX3yFXfS0iEP3AgUTFx1PEWtrVlEQUdBgmAUFLdzJi9yScZ9+pH+lO9azOAQLdMw5KNahEvoGDeppFG/EuwKLSz1cHzI+rggBBDLnFoZEnyPTnZ/n5QHtKcd8LklYuRcyAf8R3xpYYITISIpIZJKDjgxb8TF6nrGCB3xpATVmRQUg6nqBasKkasCndh27CIqDjk66uupYw5TRe+NtnRwDyQHN5oDB3Txeytk5AJok46Nzeq87wuXGx3wkZIe47CPvFR1EXH/lvV0BTdtzyUEcHvHRpTdw++imuW9Yhfh+zrL9Y/W+JKKtiSqScgkGqnX4psZqRoU2t8N+ZubC5Ww3ndVSTA06BJSNcwiAxIxETVQAqU5NoNTp/MbNWnelMCMoc52maTq72l/ObU9UCquSE5SMgIhIOju41bCJWoZWlHE5ULW8a4aL2NLZmstuH0NfCxCaEACagMFOzsoSEWnGCEQmJkT1ZZfIITENWUu71Dw3Q0adkOshAGgJ5KwNYOAS90gLRKMpG/4VhQRx5VrnTIuv94hIDj36y0DQoBNUi0CHsQ8ZZJs8QkAUifkYGZyzD6vBgujjDyOYwSQryUFLUB1IwQmYGtM8Emxg6rmCenbWYUIix0dtnlYgJV0CxBHg4KEemY4xIFId1kgkYmIijGgaSzbJx31glAn1gxLlVQL1iCbwSdGzGauKYZrMZZ6bzfHM3JoANF+JiDAWaO9R3sTITINKLYlIm2d7QzNmPVFBIlO6xsjWfIBZRLM6UTGJnRmLM7wnNvMwqKpl0iXkAPZg5FC21izrZ9aeEw1ZEQsywSBOHjC2G28So8/c/tDX7/7sL7w5z+9tbdpss80222yzzT6+Vgr+oa/ffd6l+PgY5q/X7lnNmMU4MnyKnQvVPx3OHD695grDPR/lJcbFETjhE4aTZ77/7dO6zrbdttdvxxyE23bbfmhbfebXeeyZ6g6uOAKP/+7J4/qI65+4Qro7QSRZX6E4hqAq2oKI1dTZ6y5PaF+c5306dIgYkTOgPzkNEmhHQWhSmGfmItQEPfoe1VIPesa6ptpUZ9Vmri6RIuq44GFGPKiiOc2kSE+6l94+dDYIhGMR0qWoAIGdxMMGsBWufnPlExExFmIGTykUApTYgSVQRODOSVslRQpkafVSYTsDEtU5EI+0RyAEOphA8ufiiHtpnWNhxBcAhYjTjzx37kIW0CbSGVtd5g4SIAQAlcETiqDqynuiTRUVWEPmLhGv1O20DsNETAzd67yoOUuv5OSzRI+GZx+QQaOeAg8jKGBERQUlUaH0PyZAO/rQ8agJRsQQB4f0ILQ4FGn5RyRiUtBQQVw0WgeHsy+lCzVwZce9yd7xIn2jPcBKYXUsi3ozLVoNlj7r8AUnzACRQxPU6tLy/hEhQSQNDCRTu9+bIuXa8uK9xvI4+Sut1xN6VjGguJRGKaF3iDU1Jf9ZNVZWvg4QRafUHHEjx5M7520AStdAoB5/e9Gcj8bXjuG9x37l0fZev6u6fob3fHddfUVXfa9HTYb44fhVUAVPV4YWcDAfDhDY/DzPaLxW1dZam2dEuHl+/sLtOzfOzonosN8jNkTwXGegKiCiAkpcPc2rwqEpEO/Oz3fnZ6TS2nwQQebd+fn+cHGYL9XgCnVdxUiQ5hOUz55g1FtrdlVVFE1ZUQupKaXkwO1hIovogt59veI9I16fBpkpcBcNJUbj+RGor4YjwlQqYVDleuJAWKB0C1x8OUDUVC3B5URVoYWytHrc6zAFK4bMOBjtPK+Zy0rS9yHS0YlqTrAJvedESgjDt7P/dKnjYyaZD9J4wFCiHmY77FTNrgMec2j2wWGOjSyNGVeimWUXWmvWFk2aSAum8mIJUNUmTeJ1wenvFvbQo3YW8SsjSc6awaqLF/R0n05Ns9MikVRnEe2nuEBs72am0pmK3CKNEEsptdZSCiFKayLCpZrCtgt3R+UHR5Y9LmQY4Q7XIUqcaQ1o7NpMaFprFZclUBEppY7yqpQBVEl29Cgkf0ZtkqFIZtYhP+D0uNn7s5vn9Ed//O5f/qtvPe+CbLbZZpttttlmz8j+6I/fvXm+yTY8sakzCEefKgwMQgUdsv3lj7XRBzt+umAKXndO4IJHXuLrt3jiOD72W9t2237UtgVGH2C47bb9bf/TsQ8w+vr6/ge+PoQr7+gckeaZYNJNExKj5vprBqBhCH+Gm829qaIiYupt0gzXa6qEEY+PHrcumWaIqBE5gQwQRVWaaS+iqGl2qag2laYiAAg0i+znAyALIvJMbQZi8tx5RmjS4X93uqbaIHV9UEiSkIRj0Opafd3ElCZDi4onJNdmiz+S2ZQgFrjiKKUXsack7M7Mk6zB1f4TWed4YXQU/0eDQ2I1EokEFQavpQz5BdPxSJ4BDhMlMr4aWL0Ygjrgceq11qHW5V2CkgUwkMCsSwQT07El4i7emumlouECN0oIpw8KzVFizwnkz+0vPxq6rI6MBNMyM11FSw85I+NIXtzIegtsMJosqCVZFh2KlDVh/xqM0MszDHK/MqHDZ2hKgAEQhg4eAiIltOA9W/Mii0tG8TGfGQCMzKvDeekvN8XeActWpwkuYETDwsc0hanruwADek0FTBh0xt5fB5JiL0weHJIRjpV0ZENAQHQMH2AxxqO8uLre8irZ2N3nfp3Q6CMNe084KiiC0vX43COAycHoPZ1/Ao/MAQ9jVxxKHyhNHOp/us7xsqMvmzHxltWj2cWNVWyNTxDZ8yDSt7bWLP+gqB4Oh3meC/OdO3du3DivpYCqyKwoOZJNE1NEmwqpSUiiNm2zTIw3bp7duHmzXV0e2qwA0+7scLiqu13dV9WGQLZQIPQZMUesSz5mCldwiBBATcjXAmhaa4TEzBgVGlxeuwgE7xdjulIfL6TZ310Q12IqIFNmGtpkGtEenkldchRGGBJRIWcvp7KtQMqccrxfJ4glqq1FutneSZxMp/GnFy56UIpUA1CPmgCTAVBRMU3gFQqYJYpFerihd8YsqleUy6UCWj3ms9gM6c8zSKpqZNGDcVpwomEGDESaPcXOrQ7WoF8CnGGf0+g4OjCmO5PUHjLXUpNOlTMubOTww3HgqDRRlSYIPa8hxjJki6MB4PM8m+Q7gIJIp0eDh26IKEecjXUmCVSv1mpFtayKlIUPivoA1Cqi2NuXTZrzPBuQhx6Yon3JBwxSqQThDwFIVTOobFhfsU/5femMdczGrPcAf1Mw0eAm2kR5Awifh/3kT3z25//qW1vVb7bZZpttttmnwRDgJ3/is8+7FB8rw5XvZfCv4il/7AkfLLyf/Wt8ue9lHx5Vzvex/7Sus+1v+9fvF1i4u7f9bf+Tsq+POyd/kY8/zR/93ZPH9dT14ZrjCqYkpkoYWk/grnwPwBdtApJoRKKD4VZsIszMc6mtzdKaUtPQ2Iy8SahN8xExcDfbNDUhUWXkJtoEnD4orYW/dm4zHBCAlIlFiioHxyOBh3BEqXupCDMrISFlNaTTGxVNU8uBLAHX2nQAkJHM8wrkLtggCIKJi45uMEUAv1EgBUuAB9Kh3/MaLgkTMPj9xz97v1hRmpbwQLZIfMcpMWIYK4Br2qVwaHgMk4LQSxjVqR31ExfrXBQBMu0fupoceNJJpfFJMwsjDkqe61R/ic8ND8jGTcHFsy+czdHoqiIJZC2GEGi4R8ca9npOwGv0wh+R87Jg4evvKBhRtsKAloQbvjtgDV7ovmZaiT06GxUyhyUgAPk4IgevzSO/aKZlc2Agl/axqqCtrvr/s/d+Ibul2Z3Q+vPs/X7fOVVdPdVdXenqjtLdKMmg4ASFHkZQ6ASDgk1CCEhIIKFBUHKRiyCC4FwIXnjhhXihDAqKNyrqXAgDY2C8kBl0yIXIjMwwOkgySU+STndX1znf9+5nreXF+vM8+32/75yqruo6VZ29umvX/va732c/+/n71vqt32+ZAs6BCHk71OtdotfVyH6YIEG/07IGCavEcBq9uhv3Osh8eD2YITHX+jLuuyxn+vjWoB3BkHMc1chaV4kfiI+yZ6vm4x5HGfONB7V6fDHwGEg84PIj2HOMHqQkVo8/SEOcR/V14flnLb+PLCnBS7vefiB5wPk4vPg8LMjosBMynYFh16TFpHKbgZPGh2QxoKqez2cFW29Or7/xmWVdAE1V1NTQdwYHIsgAFUzMUAFREFEFQLXdnNab9Y0/99nvf+c7sp15WW6fPDmfn6/Luq6n3js5q6p3zBVSFebFAUc0RBCsycE8Ao9GCO3NFvLI5iiOAdJlB8UqXSAdAjNVNt8EqyK1aFHRg6duYIguIDkpjvq+Rsl2jA894ywBEhPuF+rRF742+rbu+tI2NECDWuixHapmoIbq7zqlm1UJzmVSKrP3HyIrp/plzeDQFk79YJhX8apsXvdslWP19v0FIOSMQ5YgKXVqXSFDmDxEpDiEQceOpHoVu5BBEOjiCFdBC/UzBn1mJiRGlX6PQm6UELFLh1olQt0650NCmz4RVbqIEDmTVimCZAIvYyZV7V3MOkOs/iqdCA3JFcID/GNcWvMkgk4OzSyTkMqfyEicIUHoGKNv96rbtqknWTT/kYCO2Yt0J7hixph4jBBg5B1GRPXMgkRmRoSqgKgFkI+ckfkDApNUShTK877tBH2dojPUbOvimR1FL9e6wz4Ge/ON9s1vvPk//c53XnVFDjvssMMOO+ywH7l98xtvvvlGe9W1+FRZxJ6P7AZ58X34e+vWH/78w/ilP6pyjvPj/OM7b+lXDNXR4/w4/7N07hPh+vxDl29YutXjuhm4tlvmCjJ3B5bfDdFAPdXYtds6/gUgouczEbIz7pBocZelkklQvzzTXWVQI4zAd2ZWpi7iTxbVTaWrdpPepZsCkaiygSFT0+ZPJ6TGzf+/MDeiRsSRepDYU6YhMTGEsFmBR4Fu2KBToIEZIBqbQzAWmopYtSVKQJCo8EL/GwiTGlK6ZonRpNIazDaLHe5hObhs4QE47S5anUz5e8ank13cP6OPUe4ezEh4bEA/gJYXKaUoq55TJdFT7oG5szyetS8ZoicGuWBWVwO8aIeBMCLag7oXlnnRyAAifdeFm9chq2tg50ro1WbA9xIgBKR9mXVe6ppzlxV2O3VNRJAlzY4g33fyqutQzrSiE6WX2yCyVT1EOR20zXyxqIlFM9Gl0m2WM/Vo/XmhTDjUeqfBU9TYyhxWLQtXZxdD9KLmiZTs+niWSQwn9b76Eyi4Ky27L9ODJUTzEp5uIgqjwhdtNa14LypmP3Lm8kUDCLue+C/lEM901PrKCwDF6yp5i+ylDnf3v4CPOEUqOCplD9Y509kOBPKihi4lDSAWirlmkebWAIDbaqbPn9/d921d16W1m9sbJBKPYdENUJ2lFhKZABb5zcSTwKoCGTx7rrLJF7/0zt0PfiDbui7L/bNn683tcn/Tzie+v5MOZi6sKVnDiJ2AhPwxkhsaQIs6AhChikrvzhVTUzIyyMHmopHMiT3BnImwGqHGeX5kRdx25cXCYgloN5xyF0iirPdC5HF1jW5I4KqeuxNJ9kp6JAmCESAyinh11ZzHGazBUHB1GmPQn8EDMWoophQkAPh3bRYgnXccIjTvfYT95A0E0jvUsS4vMSNOxv1IuPAS4JPLHox12xVR4eK3yhRLUZkXk5pps6Cqy2CqFwxgzPMGgbbfFJi4wlBERU0JCT2/L9j8gvNGMMcxTMltL3f/arpgH2ZYj2nocxqAmjKwtxgzm6qo9m0rSrczCMHMJDIUOu11pQVpAj49PIsAgFwBNNBhEyILwds0jSAcFJHSv1XVxo0QFABQATjHSUrWTz0eD80m4sYi4gtAydJebZ2Hfdz2iz/7ub/xv3/vu+/K+7j3sMMOO+ywww77tNpnX+df/NnPvepafNos8wFe+V0hf+WG+yjOMwfhdH/oz6Qe1Pu4DrMvF3blVx3wpT7h8d9EH43v+qMq5zg/zh8/b5CeqBz9x/lx/iM4t4+9HHvZPbXe1xx46XcfvG4vKP+B+ov0cFmmlxRUXVuRnA+EZqCWAftlWH5QAMRtoztmbq21tjRegFKaykp2KjARImpEyk1JmHXDbtZFzZ22XaWLbqpbFzFFNkBGBiJqrfHSeG3L2ta1reuyrm1d2rLwknghETEDM7FDkMHFKl5VvIKhOx/dY4jh9a4kO2iG5up3hAE4FopFkIJggbBVBqqRA2luotkDOHPkrnyDwy6c+AZJv3jktji33UeTENxwUO67b0Z1cKoezg9AMAMlwoScLHia8XTys6KT2OSZDVZErvFU0pMDs0VE5OvsXVGtge882EjJFJvaYW4FzxdYOpnTJ4iGg/aWrnzCK3lLB3xxRph2zRi4Sz29Lge26Vn3QnIVYR4DOFh4/s3R9MNzPI2oqtvg2o1/G462GIAMpLxdQBETMprvMjdWPc72F3FenHAaIQFw7HquAMq5U16Cgc3A1cOf7pBfJ+1Orbd7+kDE4tEx9h4w231xz2baXZgXj+v6xTCYF/HUoIUkEA5gq9KG53GuTy7MlzxYTwFbFZqmr83VfOgdM5hx4vJN16O4fMUdTXPGmseKVDWbq+50wKj8GNJjHMQ1z1qaGUNTHRoMDPpzVVOR2yc3rb1JRMi49fvefex4qlhNMmSIOFtGYJiBCqBZR0Sz11577fbpk36+l23zQJJlvVnXmzt+rnqfb+3/dWcAKtJFDIPvhqriGIcnmHPOWoBwAKAGGIRtqlUNIChlTADmyEdqWpIlHpXp6qLOY2MckSNmVvqNNE2NjNRxVj4VXdcyVSEYkcbGNPbdKkGLC+7rNZITpy1jO2QkZMRIZOsruGIyPmtbgWKLxzOYCIBGTtKcRmgZkZNLqy/5CJENcVpCa5Gex9zQG0CcUTULDVKoUAAa424Y5k+AeazOEb5Fja5VinJdm0vJMwIbK2VC92beippjgDAQ8ByfOH4dZIMxe7q+GUEsJd98TSw8DzBCkwgRoDlztjEjkYK5PKmpqqKqEqIndC4GapJQAwCEQOn9LZCIgBGBVNXle50sW3kEiwPr/2am+OGkamxzhMcuOCmVDWqc+FxwzN+r4ERRJvZ3F5WU5z3s1dhppV/++bf+8//uD191RQ477LDDDjvssB+h/fLPv3Vaj+yDH9AyB+Glr3X6T7bK9gdXx0I+ftjzUYt9me/n/KrOx/lx/ok/zxyEdhyP43H86I5uD32qKn5HMAJETRXT9woIBhG+7s68mfXlk9YF07pQl3OXe5FVdTFjdCJEeOfCOUYAw43oaQhdKU418w66vmgqnxIw87Iup9N6c3tzur25ubk53ayn07qubVl4WcgBwqVxY2YmJuBKcoipDBr6iuVRpfwTwUANyCDpBAYY6mZESAVf5UvPACE4K25mZz3u18IJWnkpZ2hvtUq+ECPcEwgvuv+StDSKwkyFtauh5T/VxZCZn0pobIZ24l4YxYdXduLPJJsDS6w1hToJr9pkqtK+lHrxaWzvHrAvwdy9uwdi0IxGxkgHCDOZ5L6grAA80EQGATI/3OsDN7DkalqhGRe3JvVqEoCsTrKp42xUbwZ4ZlAQ5p11V7nrXHz7P+2BYTldsPGylkqhY0bV42G6YlfFzMSa64lQF2c8e+dAh/HYPSQHA5QFm0dGNMpDIPNUw8yhWE+8fnGD6wpf1HzXcgMnKfJfQJ0jN+I8SQeSXmjK6O4xqa3Yp9OYuOBl7ms2Tecdg3BP09TRa/tggqnxd5xA3IOqmiLE8TJQfKCEgBy0CEQrRqnlI1TV1BCAmejmBABb30zEGwLRTGSAZLkJAZHaSEULauxpTVVvnzw5P7+7E23rerq9Pd8/J2pmIKIi6hufqfo6j4gAmuqn9dbRakwOPxmkimMt+TMPrFLcFSg66GlEps74Q0p2WmgtQiSfm2fNLNsLY/RkzAZCgI420owOlLHm4gWfDy0zLhoYIXn0AhTyB4gAZIAZLRTIm7dFJq/VGf6BrHxkXPTFPPIDDqXxXLEt16oMeZiIYhcEsmpbl/Ecu1Qy+Eu7VFW6y9sicoRz1CSM45jaDothsjOr8QZfPfiI876bUQk+g6Jgr0SqduOUlpWQkChURmd4DNEs6YPMXADwxdamCezBNAbiTwREbMxGlK2NgMSNPX0gETERGPgoD/XRTJcomtPcIKVusUTVCUlEAEwju7COGKIcXi4G0ZjVVEREhJmJOG6w0X2lcKCqauokTxdoVTMzabpUwIG3lxe4ruskUnrYK7BvfP2Nv/1/vfu7f/e9V12Rww477LDDDjvsR2I/89NPv/H1N151LT7NduFZfQzF+KjQjQMlOY5/Jo9TDsLjeByP40d1hEc/DfcWAoabVWcfZeV/0imIfq+LZWqKiCK993Pvrfe198bcyFkCKZAYPrVxnoUgKEB3t5iZgil6TqdgDZ5ubp48efL0tdeePn263t7c3NzcnE43y7KuzYmDy0KNuTG3xgunszIVPwlc2FJ3DbGDnQANI3cROePB/3YSocNX5QVWvzhchA+0ST7GUuHwkkqYzLyXKh/igH6u1Uov782FdEePQLzkeDluNfgcKWWGE2wBYKGvbmqqzsLzdEjonEuECSPcDbCSUsji8IKJhehswrnRLk7GMbzLO4BwABgG83W4pHzEP7YHCEvJc0+ptB2pMpy+OFpsRsctQKMXdggkAGSYOcWy7F06uVkCt77rTM2Bke3nMl4gUvtGhv1HVXKNjZeiXBeUPsvSFQBn9KgG2mUFizlXzXuZc2xu6nq0zZ9OwPNLFOdy4FXDVV0qf9hLBesKiZlexMa/Br742IS1y4afhlK+vu1KrPOL7rzAPefaVGQiYlH14GIwXFcl7sFa1/0hu8GdjVQw5e6yAVHUMgdCDsOAX4JP5s+JVvSe0FzvMAGDwEziYaPrzQhRNYpTURh6sYp5NgNIgChmImpmhAQKTMyA2rd1Od3c3PbtbEK3t7f3z2+Qmih00d67djE0M3EdxXV1TluwrIg4Vw7NdHIaEtlETvyKfLREc0f7NjbRAScEkWIRncNrvBMpeX7oXYv7OIGcOHgtT5otMjCkHEA1kCbAKRUrARDVOa7qEUC+mlMLWphZ9wgdMEAydcqXDNpg0uNKKpOIoIJwXH5gWmoci3IIOUC2sSZjSVmqyG4zjSfkfj6NaiJszP6zBcBC6CebXWvtx93wqh8ent7VDEET8ENEo/EDZTcBx06HkKvEVc7a2h0G7Feap052JAIwwghHCmrqmLw2DSGN3I8T0Z6RDEFVkQOFTKjVtd1bDEvE1hbtvXRKXVxUVYlJRSoL7LzBgBkxIXJQ5jVk2H2Kq5mp8rI4jTbQTSMz3TaV6LViu9Zimwt3pLIEACAmEHRwUfPXpq8lIrb13ns/nU6IqDb/Zjvs47Zf/eYX/s+//w97f8m+edhhhx122GGHfeqsNfzVb37hVdfiU24XnlW8uvLi6x/0+FGVcxyP46fqeDAIj+Nx/BEc3R76VHQL5066eBHADBQQwbMQic70u0mc0SxySAlAR3AhMOaF28K8NCZwcA4wkQUAAHL/mBW/ggBJEQVQIVTkiGhdV27t5vbm9slrT157+uTJkydPnqxuy7quy7q0pbW20NKoETbGhakxVez54KghkJX8mKXcYET8e0oiKwIZgutmxhcrcj6IBUTF1Zi+EUDSJeZUV+kiN16Rkma04WHYJj31A01Mx104QzX9kwAIRgBqRCkipjgcl7sHqdXVB9FNGGgelY/SL2caqswqWLebN7FlarsAMYI3kpzLAlZn5s11o0H6R/29ku4A044xM9B3rTt55yFbGQGATGFqugnmUoRKyGf+D+5Yp7sGVBj8xRcjT/WegMHF0d2LJAaT/lML2MOb1zJvHJTqoE9dq+kYp9HcTg+pYVIsmCt5Wri48CiTb2rwoCEFvjs+CHzCBnJksIe4vMUuIMD9g+rvetgOsbtA+K4oblHbS4VY8HmPntLsRd30AI/n4pa5KR6zhwZDxgFQrbwxcu2Br8bSPPQYpxruyn+oGV9UD3N1RLPL6TYeVCRF2wvJ+nVSrN5OwWlf2CkwAXOgyaoXq0UdavLlfVDRisdkRQA0MNi2zTuLEt7wfGYcoE7gJ9F+hI5+mAFz8xgUVLOuJtpau729ff7sGXE73dw+efraerrt53PHe/NZp4KI3NqyLMyLKqiaqbXWmAgJVUX6WbULGmMQ05lZRDxQgoL8FK/qBKyRuW0anDgRCmMj9W0ml5FaEi16ynelaZ2mAM4TbU/UKtHBSBTn6UwBcsQUh7Co784CD3kANd/GyAxUVUR7713Uk94ZKqiJBMgEVtKpAaMK6iQgCaiuNup/G9YIUjTnTBoAmDppMn42JL9tP3hNUyM5wyVi5zIg8BAgUAUkYJf49B0pRnY0mk7DLSqJrgGKKi5Za4QB4AWPFnYw1wT+ESNXUXODE5KZYYomJDcUkTB7EoDITIl8l4bMpTgrENT0UE/c7A0JoVVN4GAbWiMgHxBomQqF2QxIg+uK2FrzVu29x+pnYKCE7NVGcMgZRaSLAgIzECFqrlGQkScqIsrNJdutwq1ywIijn445QuhdTwEVOVYth2OufWiIvsuKWhfpKmJqYGoKBz74Su2dt9bf+IW3D6HRww477LDDDvvxs9/4hbffeWt91bX4lNuFZ/UxFOOjQjcOlOQ4/pk8Nis/nEexH+fH+XH+vs/hsXvg0e/23gMFgoz0t+QPheNW05lN5fCsyHBAY0Iz6QJwBiLufRPpqqoo7j5GQFWzzLxkamjA7qdDosbUGpxJTUTNHZ1tWRrz6YdBiksAACAASURBVHS6ffrk9vbpze2Tm9ub0+m0LG1ZlqXx0mhpvC68LtyYGlFjYkJmpsnf5smOqN4fZp87TrSBTB8cTK8M3neAcMhrFeCXEFfQEWDG2sYDkn8WnTMxvPKGHUByoew31fMSt4hLw6H/MMWqVLosU/9VtQEffBZMRKyxOPvdo1hKZU0IH+cFlAGm5cAeUFaWXF7yAdRdwYQ7qT1PXjhdvz558F3m7rKrD6avzBqx2TUJnngHznyg8WjYwb7XdSjXqBX0NbfVAPwQLr2hY6xdFX4xjOGi6a5tBnw+kG5bfXFcSVzLLm7bfSXXoYdq9SBAeH3TxQ2X/MKHynx4JFgm/XtpE724Svtmf3FNHqhbpqMMtVnUHAger6C5TChEZafr8yCCeUHA7BBLQnBUcoIfrbIg7MhUk10AsdctaaU26BCwBg6cryA+IhKIgUT7Zo1Bz32XatXm3KFEB1XNVKQ7Cq6i85qWAAxawQtqvkT7QqZ5D3OTLmBABtqlETHQupz60uW8LcvpyZPXnz553fpm1gkNbds2f7Q4ETD/n/zzZE+5lDSHtmiEm2hAl8pTgksnfgEQM0/cwgHjeanz7HYq4IQjBv1OLUDQwWNGXykMzJFIKMoazJ1YTwSXGQVAZGa/CkxkoKNTkvWJpmKi2kWkq1Trm/Wtb1tXEcd+MB6KQaQcbOjA4GLZwMSAM46BiMDQwckppGaslMy828umXStEMqe9qIZZJcCzDPGgSSwaJ+o9QqkLkBGYarIN5/U2fiXtF5L4CeBvOEctiAhk0FFNpRlEjFkYsgQAgIEm5i5YWqz1LlbxCiFg4JFTGpNcVA2QeUrlC2AmIl5I793MPMehS9ESUYg9KNYgR7LkqjrkX+uDmomqIgIxeTf47K7fPqJSta1fRz41qZYef2uXag+mrTn8j4SEDScKZim1euboSPZ52Cu1b3z9jf/39+7++t/87quuyGGHHXbYYYcd9pHZz/3Fzx7ioh/SZp8qwHCcPeCnfez6Bz3/qMo5zo/zT9V5m5kVNRNg9u8e14/rx/VHrttj9z92jiAi7j8qCT0Mplp5udzH5/SkUAkNSgAomtPVwEQBbdta72fHCIkYgdzPZxZ0ADAADaceE7lcGxEhgaIZGiItS1vX0+l0urm5efr06el0s55u1tO6rsuytNbasvDa2tJ4XdppaY2ZkThYCBhEk0TCCCM5EkCk5Uv8Ai2phLMf18AMyFMvlVJpon+QaFKBgZ6DcJA8HoIoYA/oZB+4P2wPDc7+xyvf/fy9pPsE8SbxgKBmxpdLR9RfYbjyxigAcDbQ4KQlOpaOQ1feTIwT0p06YM+R2W5G3KrJp3efmymUKg2cSxEihJODG1IGbdSsqmD5OTxsVyDYYznkzA/XVb0qJz62PZAy32kPPTq6JQhPI9FdUu5eAthZVhoefNVruBRx104z4Sz85Fa1vSbhzX/Or+OVT+wH5j6CyFEZZe5pftU6zjjawXAXbwADxbPRPPv+vvgCDJAVLqbMuJIIhL2QQTiPsOvWmG54uLlecH0MaRlASC7W9UTN6aIh52rz9YshsgcIA4dTAKolLgG80bAvrXl98iJYd0zIAjihPghJSksmqbkQr6eyU00MwEG1SBuoaqqqYmYq3UzyXSJARRKWIKLe1cYDLCMdql7QoW/nMyEzkmwd1pUYifjm5gZETfS83t/ePtnun/XtznRDM7UuXX0Q1/rgAR9O5OrSTZUIiQkL1SJ03AUcdcmhdREdQtPqPSFh0w2xpIxWLDgsbrHYcFJieQBxfkJ1OyZ4qoPPl1PCeXU4YLcCZgOEdO6+JH1QelcFVbXepfe+bd0xp6Wx77PsCCGF/qfvKZn1F3PHmOvr7UYMqOqMOtvFZbg0674Zo2REzylMiG3oeUKsS5XFFrEg1RybseEgIQGZGg1qZ0h+GnnQRk233TaItTVXp1itSza0QHPGFNxlqtN3YhKO3W5iJ07dDSUSWyWP6KTgviOgZ4xUVUBkQKD6SabmYy6zR4JryGexZlI5BacxiUjskVQ+9XY7cOR6RFCJ5SWBUgVwkJjrPbKrq9NVTV0plAIKha1vpmYQSTerETS49cjcYPqhetirtW/90tu//4/Pf+cfPHvVFTnssMMOO+ywwz4C+/Nfe/KtX3r7VdfiU28jEH7+7+xPpH/4uH5c/1Rfb1BmV8fj+nH9uP7DXX/s3MCjzmf9PYIK/g+AcOAnKcTp30fPDaUCvkcK9L5t27lv576cmRkxfD3mgFA+dHDvMr+QQfhCufHpdPPk6ZObm5vbm9vb29t1PS3Luq7LsrZlcYyQmGlt7bS2dWkNGQEIidHhwEqlF9H3gXUN/kb5AdGRjdEwARCqqsfxY5AWksIxIAn3k43vhSfwGvAZpKsLBuHk3Z4LuWL5FCY1/e2eeq2zQAni//n+Mwki0v5dcByza1LHbK445mH28nqirHIzZrKny3bIt5yoSMPtCzg9yJuGEB6EJuLFdeqiB8lec9MVcDA+vSw2vosX0ptZ23pAMmZxh9pMeMmoZIqJ+iX/164LAyAP5/2OIjlduXgx2/fExYC5AAgvW28G9CCjzrLYx3DJa4zWb3VKh482F9uNyuhUXtLc7LLVDfcD+qKaM1dt/96WNJTxAjPuVYTYB0ZCTjy/kvSbhy2d2w9W8MFGmmsytXCB6Hh5xZc9HDBtYQclkBtu9yy/0L6Hqz2BK16OQDR+0cz8byeS1Z8wT8aL1Wb/5oOoXCtYDnydmgsmEUszdflRBUsaXBAGU15UXbXaAltTUREXPDTT3ntwCsGCkIeAiN2giwtUGoBiJZ2zFOoEVJG+9dYWpCa9K3M3YMT1dGJAULt/dnd7++Tu+enuruFGDI21mRmoYQxw35XQq6UiKoLkmwuDimMYUAChmaqzsoLkHJsaRVjJRQzDCA/I1fg6lWmtBkGfg5RYHqNlv7Dndu3KlLWVl1p4FaoSxahLhqpneyQ1EJUuompbl22TrXdR6V177/fbpqIG1piWhSOuh5iJ/YBEaMZMha2O1XyguS4oil6pobtcG4mn3INi5yeNM3L1sQNVBBOVHSutZjEvKQRTZ5gPXdLTSoW12o2IgNFMQcHB6WjhbPiZ02+Z6bCmSeGrtSkXvIex4eavn1HlmfI3al5/FvCMiKZqRPOW5D9nxAQSDQZDi5dChCC5IqCIqAiYubJxvQURqgN0TiE0AABmQsYA61UHI9OKJuh43kg8KdKjk4g8yKx+XdXbiUuXRipL89Hek/nqXxRPcIwYosEI9TvlekM77JXYb/7KF//yf/r/fftPtlddkcMOO+ywww477EPZ259bfvNXvviqa/HjYp80f+9x/bj+43j9yEF4HI/jj+Do9uCnNROvuUEJbDiDkACMGAMJAUT3+IBsPZh6gELbtp3vz3dtWZlbY4foaHZAO4CFD0WJE3Lj9XS6ub15enN7c3O6WZM5uK7Lui7LsqxL40ZEsHJbiBdqTASmBMiInDhgOMDCq+VUQfKUSAgclQgcNJG+4QqM3IM0MUUKWsOde7ZeaqYA0vwRhpMwZEzdnfgYcewhT31Jrk3ilkG/0cxBaAAQZE/befldrW4iM1wDkEDljJvBsckwPd1oRuWzzuJ2twUG4n8DIJoZIUU6yHJTwh4PA9exdfdxYtBgEyS2q06Jy6UMo8M/NpVm8/tetPY0J67e1sBQC0y2TKoEBqF5ln7vqVqWb4/lgJ4RTcjhA9cSn8Pvv++dkgy2Gs5XNZ3x5otS8oYJcAvv6+AQzQ0yeainOjxQ2eHU3uvpjfpnE9uoi11hz9dAVNWosDGaaXA56ebWz2/ilD6y2sATrHlqSYD8EsH7sBdw7PIGqBE4YYS7oTqQAKvxwVMJetUJc/rFuTMfrswDgQj15EkH1mBmFvpTDeGBMXiFu+/v0bG+zdEkCdkaAKg4YclMwUCqKKcMOhQI01/g0SUi0gW0A4CqiHTXmVSVgivM7LxtxA2MDDxj6AAlEQ09GV7viGiiIl1E7p7fgRkRvma3jfjJa08BbJPz3fb8+d17d/fPAIFt8eciccS/IAFA7whAFGCXEaIH06gpIjAwMyNwQGyOfyAlOMgOaEX8xI6wPS3E+/4frPTKzYtog1IWQAolHDp9kcBQRVR3/aiqmFkbffPTIHmCqnaVLuaIkphuIudtu3t+vj+f78/n83nrDiGaGcCyrOu6ntalNVoqtR2FhDWa+TsP1dAd0m9xO3EX7T1UCZhDxhWRzMSrqaJIwMSIxJ7wMRrMKZBApSCO3ig4L/VOk6+dcmRwNCD07H8xDXJXAqJQfVZPpeji2DlDfCsLLp6B12rSw4ze8ac4TlY6nPnW5PPFkbUgKe7X28FGzcmlairae9dQKNiR7eaAmyIIEtGyLF4xz5HpHzVqNVyYCc26djNwFmjvYmbMjZn71h0Sbq1xIxQ4b93lQKEiDsw7qNXGaga9ixkStkyj6akZTVV794qoqSnFYqFJvjQzcblRz+KZUQSWu99hnwR78432W7/2zn/wn/3eD57Jq67LYYcddthhhx32Q9prT/i3fu2dN99o7+Pew96HXftUH/O1fiQe3QMlOY5/Jo/No3T3R5e3O64f119wHT5kOTDOP+Z6frDnwqPl5xvsrud5iFDB9RODc+YOGnfcVNobswwhT6ZTCNkBhl6ZR9C7e9gUJRyPsm3nu0aMa2TxQ8RgkXg4uQeMqwaQYkhI67KaAjM3XpjZYcDUl0NCZMRGvBA3JARjQzJAMcgqh7xiEXUQFARDoNHpFOH5C2xzYv7FrpsB/wwUMJcnCIL43vSLYOaqjV8K5SQdPIBgvSTGltCKZVy9owWIYOheuBkbjGLNKVw2lCPNwtHpUEWRCaNiljQIIAAxVSCCaJqBt0RLeM5Fy78hEVOXAARTsGK/mJqCpe5ZNUlStgKUrQaFcu+WOBt6YiIzQPKu8kFkQWXEgKXTT+j+1hkCNLXIHYU0tTAULDPhd47xaeG/KQzrjmMLd2vAo1nGaP2QzpyE0/xNdGruwl9RCjvxXFzos82zTxnalVRooK4O5Fx/UhUxtP0X0aaSBkBYTx/fnAaSZZFmu2Gr4MSbB0IEYIYj8qHRMKV7mEAm4PjyBQA4p5QqEH3GpKpqeYvWvQCaqEjJKCe/sN4gkoDlwA3NyETWETT4VDVDBjFolDdVfW5f3D1rR08cPMV6C/TZEvOKxjeT1WcAoJCpUfcQY/0aCuZq9ealdOo8ZOcP7OJXVX6IXgMda0pSocsfHy+5L6fm9wAIbYzVzBaosVaYVONYAoFmYCqqYjJdMXMeYWTy61r4gNom2kUkE+SBmap4MtxYHBJgUVWP7+jO9wolUhc1RfbXfIZ4e3vLzOuT29c/+9kfPP/B93/wPXj2rigqx5okAL7UOXGcCdDMM/ERoqlKF9MO6FK9aOb096ZqaA4HOX3Lqew8SUeWgiUC0Dxuhk6ms9aIAEFNa28iyI3CkSe4sIzcsIA2K5Fbjsrh0O9qZqSAjtl0MVEVVVPbtn5/Pj+/v7u/P5/P27b10K9kbsviYT6e/ffkqJ0T/8nz+4YMd632lrRyBDAcop4iIl09HCcS0rn0cs6BVMH2kBVHWzl/jDjIB8xYY9SlaHHGthHmwASf7rHAe1urmRqoIRKa+jAFcz5ljE5HitGAG2kKscZvFLRckiJtHhA4BDhR6EIw02vQe2emygHsPFczo1BCzy1SY7JqVyJiZCLc7FwyruetE3OEQkT+Ziwl3wzQInAAm2kDS3w6FkEiJGITXdsCgA7QE6L6nHbwmQkVFBQNkagtq0gHwZKgRyJAEhU1p2MyMSGKGUYGUkMzcIlTImZu5tNWo/mRCJ1lbNZ7RyIwlK6MrKBgSIhLa6q7QITDXq195cs3v/3rX/oP/8rv3d0fnXLYYYcddthhnz67OdFv//qXvvLlm1ddkU+9pWd18qamb/Vh/+1j1z+oP/kDlHP96SfKb39cP65/gOstxQHnI1xdOa4f1y+u24csx5JX8bHX84M91x4t30qt95Hvpvf68om+19kcFw9QOI0haEBbmvwbRCCCFMEjxASX3N0r0rdtu2cmIiYgJgTk0pdz77grolkAPUBIC5OicXAv/DEYzlUDFyEl/z8gGpAhKgIBCtDwxwYWF/pt8Y6JDIYAJ04Y4exGt8RlZl0xJ17tEAwXRdyDLH6jI057UdAAgawyjWEUkmqN7vGMzEQWdMOZzugX3bmZz4LQGCuAMMDCSpWUIMVQCIX4pNhcmRJvEPLcrZyyZuH0rzSDmECS90cClfVGABjZyTBRE6SRCjFRnxLYtIBJhjZqVkxTdK6AjNldmB8VdJ19hxMCl2CMI9lAORHMc3rFYHHanznMYJnsrxCS7AV1p7d5pRO8rHYLdmDydczTM0XOsphEBkOsdvjEC9GcyUSQcE2BTzNcVWO17rfLz203uS8ZmPtBMBrpEStI7Ro6jMKr76dbrjQ/5zp6MxfoiTZNw2jl7FMfTZrX55eKP71/E6VDpIloqAl8o44X2OOB2WE4FbyDCHHMqVzmpiGya5OkFabkX9EMHa+fIPyRgM3hn0mSFEfBCRBa0Hynx+cdD/XHxQWXgA7X/eAtDR5WzE/MOThxSdWnDICJo4F5v5sOcVEFAzHJNcoxwcALVXvgheLZB8GckJeogoiIisuHmolIF+kpZOoPATJMqL5qaZEBDuN/hDQoSOjELOy9A9LTp09Ot7fr+f7J66/fvvba99/93vn+uVg3IEA2CVzRRF0tE8HQ1VIRDUxFiABTGBRUiZmIDUHBEJmAIl+bpap2KoTmLlyhK7HMj4FIuXuBmRnFakux9Tgt0xQH7x6hZGwNpg7JmAlA3XM9RdXAVHHr0kWk963Leet96/fn7f7u/vn9Xe8iyUhjorYs67q2pQHA0pZ1aSuzY3eOUI2Eg856QxcL0OK4zfrJyWkjIiYO3EpjYY0ykThplIQZPhKDPGXIfbmblraMmgkMLre/ZMFm2AcAoKpaV1UjVPUoJTMz66G3agqKwL6LEaDB+EmU+5SVFu3FluTZlHN6h6ivmjJy4acQcgVWeRORiJGMQF2PU5QXZiJFbNwKZI5IGNPMOzmWnMqTXOMIwQhjbjoTFwmBmAjZUmQ1f3/4PaiAiMwoQl2F0NG91qVrgNcteM+Dv4gGnliyubZtdIVZaQgEjuyry1joRhwC+QBWpdbQkBBbWwhZrb9gSzrs47ef+urtv/utL/9H/+XvHzzCww477LDDDvt02WtP+Ld//Us/9dXbV12RHwe79tPC7sonwU/+cD0/MX774/px/QNcbx+ag3gcj+MPc4RPQB0+fD1/iE9hz03RTP7kufcMwVQg0voYiiF69L0NPhYVSQZNTVR634iaEywQGBuH87m8okURi5hz5+shkAKAqYk49OWCb6UmFxiTqftZ0XGOoCNY5DcKwk2F88MES+wIN9c7vu7l9wLFcM8nJC7oTZG6nY4/+HP9GTAKsUGWcl6Is+kShTIrJAcxter2SJkzFcIDPxCW4vxoEDkBJrd5dafme6a/P1ynOqoahe1wNVP3tLqAmw2NTuf3OOCpQdJShV3ex8JAij0XYEk8Iseigk0ZpCjhIh8OqqCikQDJuRBqjgaHZznaQkNIDdBxjKl/q6kMAD1PGGa/oiV/i5KJkpgyQKQjy0fkaHLwQlUdjc0hBYCoogaAHGq6DqcjlSStzyRnsWRaMkvkpwbbftxNCJV32jxypzGCF0PZB20BElOvTueVDXT38Bf5Ywcq9tD1gbrFTBicxhT5S9G/fFpRqR7LsVdSuToy6F3U0mBQE4O3hBFxkBBuvl4mvhxvgbv6j5x2e3Kgf3ME5E3f2cOymOuUP8C9/zG9nDW9b+X0lUNihOOVRqE7QHJupQvnuV004w5DrH9ojBwsfnQgfpnN0bl58WZquXADWFe1YAyiJRtSLTmETlV2NMLAs8qNtIMinvLTdUPNOVspyahqIj0yEUb6PwcIHS/0vjS0nPo1QFRVZZCloYJEDABETUTNYFkWM13XdnPz+rIsn/nMZ95797Pf+9M/Pd/dSTcQIwAVhWSmgfqCpYgeehKET24pxuyxGmjUkIglJFmJkUOTUhVqClIAV7F8BSQTQFOBO0SkKrOEroGiTes/1CqPgDOgPe0miEhMRA4GWqpPq1qXoPD5yfl8vj+f7+7OfevnrW/n7bxtZkZMrS3ruhIRt8aNmZkI19aWxo0bIVCKoE70e9+CFHPLKRy0RGKDLJhzscijADB4icw+42gUntuCE0gBORIDIxh6BuVi703Kx/HdKUcpoJlKjEBBBIQCCAO1jtgntCAImhYHsVC1QRaE1BB17N1KYtpxT7/CTMw05MEFQnQdbVmWoZHQ+KyqIs6983tba977qLKuq6pYFlscaa+wyyeIqFe08giq2bZtHoBFRmbAxCnjYA7DKoCqQAdu7IRF7ZsDmEhIxB6b1HjpsvlCQ8yuB6tqrS3MTUFFNH7NkYIAM3vzTik5Aczv0xIxjvYX9d8yjkqbgYiKHGS1T5b91Fdv/71/88v/8X/1j458hIcddthhhx32abG3P7f81q+9c3AHPyp70Jv6afEkH8fj+Kk7tsQPj+Nx/FiP9gmow4ev5w/xad82wEkIjLDSfcFkhbWFwluqdiGZs6/CeSnQt83VQJm5c2fqBJu7o9VM3AGL4HpeYl1kEwlNMy+8yybSQokLkZE4UhwV4ALlvveEVDQuoBmQe/CMUtbPnD9mAAihnhrfVShW13BHIVCxmywTpDmlBIeaYrhx87oDAOXcDagu8CcwTWDTCuMafkYcIoxRtV2Y/5DtC2AyCIgK6U/cwwUG7p0eYmwltTYENYHcg42RsXGQCqJ5QcMTbibq7nkwEJeZLX9pkAohlOYmNJYyW2U14uB3ROXcFTsDGiF3qaCemAoQXA9NQ4g1ISivpJqIAEKml4K59WcIJ7JmAYABIVFSHFwlD0xhJJnMRoeE0SLTloUKXTwokGHFyD7lXu7Ae9SiQXCkFdNsfEwsF5KFMXffAAgLGTLEGofZKMFfxHGnj9yc21UoWojEjqEJtvvWGBWjHJjr5BDqZd67HWaI47Gje4KHZRCyc/OX6zkzZrd/wARowaSbevH5dF7Vmd8lpr5loyUNB7Ivktg7GNhqRlMVE4IeL5BdY9UslqPO2YIjNZoV4bUmVjX51fvUK+B8MSsyY7GXN2AWC0nW0TGEEczANh09haBIpV2ppkEJq7YcX57mkxdeEyB5tP6vTbTLlrigRt+YgVrvXU0RQDyznWckLAahqoiYipmAqVqXLo4XFjc0chZmQIlPBVUxkQx3cEFOLEQSI2cfbee7H7z7/e18z4hf/Imf+MHtrZ7P733vu9//kz9u/hUxNmBuLmZKlTCVKdB5RKQWK5xziENdG5AcFTRDA1NM9WVCQA9akdgeDAiJkTlYywZEYzeLXLg4Aee7SAQg9Ix3Y12q8e3Ljqp2EQQVsdLGdCRYTbdNnt/d39+fN+nb1s+eaLCLo0Cnm/V0s5oZUoB1m4jI5j2yLIsvYSoCBFhy3lPUwcSMBCDKKuJMt9VY+K2QuWIr+hqZQHVkIUVQBMJg0QMA9N6NmV3r0nudmTm0ZEccUU4G9XAZ841MQ5YbXU4WBoURE5JEYKZc/8X3bkrUTXOTJyJEYvaWQNfN9UGa9Q914fop5Rt/7xpLzUSwFpFa2+7v71XV8zyaqYggAVFrrW2bef6/3GXMzBihNXagUbUzk6pt2+YN4zMkNk1V6b0RucgqO8Hd9duNzNRTSS7LsvXNNQIY0Yg26SayLA1ia6a2ULRH5C8kFel9823fjLzVt62LCDN7YkhfKLpIMLYzU6SvH121qy0N23LqfXMh2OsV8rBXa1/58s1f/rf/if/kv/mDv/MPnr3quhx22GGHHXbYYS+xP/+1J7/5K1888g5+hHbtTX3s+nE8jsfxwx9bKvmVSN1xfpy/n3P4kOWkh/fF97+fe+LcHr7/up4w3f9+6vmiutllPWGuA1zWAQBAxLX33PlYOfTAUrbSvfyp9BUsvYlUF+QzTVk/7B1xY2oii6iIbJsRUjgQJaU2VU1E1BMiqbhAmfvYet96X3p8pGCACmhAUOmcCswM5CbZSVbwjKIFCOTifoiZ8ymqOZgJ3iIzImogSffKNsHEVKJVd+yvxKIQpkvlEgMI9HGwmHCKM0I1cwHEJI+E8ijgKCBdn/EvzTQ/qdMKQRorRCAhgyAUBmxkNQIKbMVR2yEXCIaAaIrqyoBQ6cZSsXOgxSWnp5mULgaYhrpcdFsI0006oOUddHJJKkVaahEGQGgAmhhX1TLBJBTtMJJxwa61JnN+iuNRGPmzAAHdQW6mIZ3nVwtVhfRuQ2TNDLdoASsFkSKQ0EB9HCdwGT5AHmp8udsVOpiGqXy7G0AOzBkhUAFgc8UGehMFS26mhRWhYbEeZzRt1z47G/KHPpacAFmw8K6GLzFPlOUVmN92AGYXAOH8hGCpRR1Gs1UJ+/J28HA8InT9AiIbuGh57m3HkXW8P9Yof0CAe4a1/FwsHaPv7OHmzTky9xrMEOGsYrhvvSkH4CUsWDDR9CAHtoAcwRoz2ZtOq63R8X5NapaaafDmpuabxEyDPpx5CjNQxJIMBA5QifS8lgAagKn2Hnqj4txwdZqgFMdQpKt0xwhFRKWrpy2ciOZavLukips6KSzawUSJGiKomXSxoKaxmW3bdnf/fNvOZvKZ11773Jtvfv9zn//Ot//w7tl757vnYr3xyuSpDqehS1jDkpxIBblqIhiYqOzCazKEwYVIR75Bh0t9PhIl5jgy4PpbEqUmaaBaOU3ifxaZSivSAymHCeYDUCJNI0gQsWXr/Xw+P3v+/P587l3UVEScbba0pbVGzE7dc7YZMzNzay23WSJEE+kAatYaATCAx2REOw0G6rwc1Wyw3VyQJuV1cgAAIABJREFUTELpZTMzOU8zZmLICSRHv6iBqQ/uc1A1drdZ/2Ba9sfUdilaM0kscJ7xsUdV3lCCeZXGEVdgCW2GvmKAtUZzNTzYIF+Kpte3/Fb8DiHiefVQFWa+ubntXZNLSb2LOXJP5EEGiOTK7YnYG7mGO6LlTzJV7b17BbwOBSiKCIhWy3ulCLER9y4maoBE3Lg5HVBFILTNxdqa2x2UzoQjrA5PiggAtAjyNAAV2USEmdQMHZ01FY/JcjKmqpMdk2MawLETfx8MoTjsldubb7R//9/6yb/y33/7r//N777quhx22GGHHXbYYY/az/3Fz37rl95+1bX4cbNrny0MH+wnxDceNf3E1Oc4P85/+POW/kEMt8xxfpy/r3P7kOVMEnAvuP/93PPi+6/r+cHKtPf1rDqHh747sENIFGHkRisMKL4zZyXM72fqOti7wt1tJyJInbattY35TNCMiNgQKbTZAMxAVHuX3sVU3AWljl6ZCZFI733rfRNp0psSq+jwR4cX0UkjGO4+d3x7oiKDzD42iRoiRirCyHiH5bkrz/3MiXJx02i+dADO7v0JJCwkcvxZrJvASEy9MpXOuMBGVEjBv1IpLJ/oIBFmFkJ36ZuE8OZQwkwVT6u/QuOUgAydIZW4IBYg57XzqqcnPiFMxUFTnDz11Wru6fUCkShVxPzVChNDAHVnOxkNKmGAu6CRvggtEAsVc7W17uKpaqltmu2jquE4BqpkRTPKMgGEAcsxEVPzUU4OFyJhSkG68ith/VXNM6aEJEAo0RSBcjhJZQcQlFsdAyBUpCDn5tSb56SD3NOHgcNMGQ79KuwOUC89Q2I1670lKNM7KuCgyBZ7dbIxeC/gLXRdYSDY24Xffy5wpiYamqEpaM5MN6pb9qBYNP60gDmSmgnzXghrjhusWg7Q8XEbOQ8zL9/lW7zIErnVfWu/4MsXyOOES1aF9yjtHh+0q6JCWnKPIu/GPjnTDCVjB5zHFAPcnOk2yi6CsSYfNeMnxjOrLi6b6LXUFMlUm8IEfII4jKBqlYDQ1JMKiqpIdy61z6ScTyLSVTYVUesqhReqmiQSH/qlgVLEau9Chxit6cKegI4dipqvPwYmXfFdePcH7z67f/ZPf/VrT06nt37iC9/547f++Nvaz2cXEDUL5h0SWW4zvt050C+bhBB0kPnQwMQEDGaKe+qUpvSlz8WRCs9S0xXMwMGV0KCeptgYGbWfowd6xGpvI2bFXxccg/Xl1MHUbevn87Zt29a3u7v7Lt2L9fxynv+OuWEmT21JxSvIE5IK52FB+1k5fjIkRpgZcy3zeuZGk28S98u0ZqZCuHfrrMqc+3S1Xe5qSfBOye/cYWOWYGXktWxbU1MRpdodHDgfBO9pNhs4nktIQLmy5WNsmhuFYBUUp5nBcUYHd5EERKZmrihrZir+dAVjwmVpN3IjKsn7NGRCJkDoIgBAFAE0UWsKlDbBwsHsDGYkuQADZ5QPSBczY2Jgny/m2tgCTth1TVQ29f3O0B+ZPzG8dBUphVLXGI/1rYSLA68XUfFeFHMGvnrHqqkpmAZUSRyorahuvW+9v89V+bBXZd/6pbe/8uWb/+J//HbvR1cddthhhx122CfLWsPf+IW3v/H1N151RX4MDa/8tHPG8x/CF/0+v3v93MfPH67nhzz/MO94nB/nP/R5S0wecODzx/lx/tJz+JDlwI9FPeF9fbfqAAjQuEHAJJk5JwPtfVZ66HrlkUknHUZ5oY1GHgTucJ2Kduzn8xmBTGldkM3Cg2amAGroemguPRe8AvctoYGgioj03s+ycSfuRI1JujCxcbCqBnUAipCQfjMYBDwI7TJ/JzQbX/B1Ry9xjnSKa+glumIfvMxwTwibWT+GQ8qscDz3kJq6Bz9WQEfnPLUjlKtNPdlfBPA7HUwdUi3yZFbAM8xNjQOR9QkAgRPkDUU+Qgc/KxkgVH4iBQCdlNlM3OkcV8ySxVj4cfLlABGAAxzDyA+JVi5nGqQQhAAIAz9RcK+iiopYd8KBpy2rjGXOTYBQRqUJqrAat3vtOAaAxq21xTE6CtFadtSuoLwc5N50BY0nGOhwYOGEfsFUVF1xLprQHZ5J4HBMp7mUaQ5aH5y7LGJTMxbfdBpZmQ9zHp8TtF1O7Cov73G3sCroBToF+wrgPKH31UIzmn4UTrUa8KRzQGc2z7iRIDKp4Qz76c4FfFn/PUZoUOMWLm8ar3pR96nxssGvP734wvwXTvS9YhAOTlh+NCWMLJHaFPi0WpUCPIh32MEc9bRHqjPezxuJQq8yL9r0YZSCOmINXJATCZCATKc+G++Q6RAtsICSNa7wg+T5RrGS/EExdThOEzZw6yLaexCCwFS0i3PCe3AATaT75O4mW5dNPQ2hde0q2j1OQDSy0dYczMR1tUpLcKSRiPl83qSLgRGxGoiIrxuIbGrwvT/9o+/+iZr9U1/9yptfeOsnfvInnz17/uy992Bj9Xymok4KMweZHFVGMyQjRCIRMVNEWLgUWc3Qc+EWQz2mnVqGHYSOYyDVGvl1ffka4R1jmzGtSI8IoDNwbl+om6qKqn+mjrcAqFjv6uzJLiIq93fnu/O9qhIxM0NIaHKtTslFc9a2reta7Tz2a1NCZCJCYjQntxHSHvmON0ckXx79IyKOylvghWOSFt0SUqlalYkJiQAp94bgp6fkd5DrvWWsYie8JjQg76TLTiR1CLTaVE3UjJn9LYqQraoE5FCZqjZ0nc+IP4r8glozJhdzxOIL+mBzyVN/TSIKIQSf5hSgo/lWqwpgrTVkVDQwXU4LbNB7V1ED49aQoKsCwLI0AOzSEZGRctPBRO6NmMBBQZfGNUWjxBABEZmoS4wf38i8JzK5pzlG7vKtDiUuywmBCMDhSB+7KoKIjckIpat5j+SA8YYWCzVXQDRM2rAZc+s9fvfVcokG6hfM7s/btnUsguphn1T7xtff+Omv3f7Xf/Uf/+7ffe9V1+Wwww477LDDDgv7mZ9++qvf/MI7b62vuiI/nnbta4WX+WA/9nP48D7n4/w4/4Sct8S6oZDD4/w4fx/n9iHLsR+Letr7+m7VAcqN5ZQstwvcwkqITrGyuDlMEw5M0FKyMgNANgNV3bYNDAGIkM2MmAEpAscVRFV6d60z2dx7rEDkPlNZJUwLlrLAfZyloiKOBGoJdtZxlg+9cLgHCDm9XWEAeW4THIh4SXDaW/nlPTMWZgO6gx5deTX4b4FXhexmCM6NvIoz4AlASJlzK/Lvqef6kwAIrbiYSZ4xHLRGZ21F+RbJhpBAB9ctHdqI2DgcdRoPdDAHVMABMDVRC3e+OxFdDSwwXY23o8TGGrs3GZmYiDyHXmJvhuB5rCic6+r4ldOStKt06V27aN9693RkvWvPjGUTmcmHdVKWdGRx9Axn7rFmIsaltWVd19YaE7XGrq3XiDlzbhmZmpKGQzVGeOoYqpqjg13EldMKry16qYZOILlAHzMThg8aGBDVsUOvNYETK93PbiKusJsOcywwyyeuwhjSu7Hs5xMyd/FpjanAfeY5voO90WdOYMzTEAcDFEhN3lw2AGgC+YJOkzjl4NghIigaujqjTsvSnqh4nW5qqngteg/PwfmNpzmP+8lPF/jfA624+3j++iCnWoG0+7IQXGbWAxS06K5gmCEVVUbECOypRcnddZTDQqlkaoECCLEaw0BzLZ46B0EhGKg2egOcSDxbjgAEM6/zNINGufFvxXjtig8YEqMF4DmsbgrSN9l6TlgU6dt23ratm0Is4c4q3EQ2ld5lM5WIB5AUF1VT6TXPcpYPuCXWHqtmofP53LuYAbXG3MygS++9O0iKSN9//uzd3/3b7909++f/wj/3T37ta+89e+/Z3fP7bTNwfVFCQmoLgoKKw+NdRUQQgRppRh6kbLA3uao3++gcBN+dgkVHoYkcWF6EUxSS5O1JOICamqSavGk16yq+1FugpAnlmoFh73J/3rrI+f7shLNtky5ChMvCRLSgIXnOPte3xMkIgXxZdy4kNwYAFd165wDTwKWYp8k4Vj9fAgpfjNCcHM4hO+DxGUSYqRpdmhIfmP+maklADn61i2e2FimJUy4aq6gEj/0XgV3N6frpcjnvr37zOD2OnKI/ZSklbinrGokkrXiQpZZZMDYiLstSd1bh8daIDrch4ul0s2397nx3Ot2o6v39/XY+n25uVl7ArG8bMSIuiFSkw6ptFAJAzN5SrbUaQiM3JCIgtqU5Airi3D50/dX68dOlL+taMQ0uqYr+dqG6K1YqqYbd7r0RmHmOy4GIlYmutZiqxkzb5lLDsMaDUBV671Ai8yKRxvCwT7a989b673zry7/zt7733/61P/ruu/I+vnHYYYcddthhh/2o7LOv8y///FsHcfBHate+VpjOPxm+8YfreZwf55/G8xb/HXscj+MHO8IHux8ur9j7KuHqnqty6mgX98Nj9YTp/pfX1h59ehFBUuQJMUNHHqsVAIBI99Q4zvUK8Gj4hvc5flQRkqg28UtUoQhvPpsdo+my0cZErSmQKSKBmXgMv+jWe+9y3uR83u7P9yICxEiM6AQsZMKVuXOTzsLcmZCQBTsBkgKqCRkwpwqWqrvOAopCIAAN5ydkIr6ySkkG5czX0twrDBGGvmNBLnhFv0k1uYEjJC8Ci5DjjrMklVmQCRFRTQNZSDKJw6rD7a6aLmLrnk7JIj2Xpi+/Ox7mX3e4wgyRmAgZvUUInTNH3kTmWeUQu3n0P6iLxIauH0hqaqqpSN8c0XUAL9HbQnjUjIAat2VpS2vOcmjkvmVgRi6CIThvz5w04zKdYiaqIrI5tiC9y3Z/Pp/7edu283m7P59776aaaQ13WJgnTCpXu4r03ivZ0rrcnNab0+l0WtfW2roup/VmdcCQmJhbsGKIyFzxDgY8nqBEJM3svUcDJARjBoF6uPu7MfcmnsmLqTERGLKXqzHzrHIOYjmOYUqNN7nMa5hOY3fituUwRRiQ2zXjNaHz/demP4uE+BAePt1QvmlMemLghVPqrlEPH+OAjm4Xcrd/CYDd9arg7iWHU/ySZjcpsj6ACCRiSK6veQGcwrh08c1JLnL6aEoTusMYpjZKLNAqxtA7CDSwFCwhPpu7IoIgMAcDwuhNLSjvwWbK+VCcP8OpsR3IL5hyQFBWfKtxPjAnNe+2eFF13cZA9/L2RIM8XMBRfhOx3s9yFlXxBbJv5963bdtEelCXtPe+iTpxsHfZVFW1B3k4FnSTikSwCkXQGnhmICVzCkEnjfiJOwVkFy1UMeDg561t+e6zd/Xv/d8d7S/8M//sm++8cxZVhD/6gz8AA+ZGaEANTBCNnf9qkXwRCZERnG9FnjkWc8gHnDibAhKQAqGRv04g8AAlZyyVixFy39Xd0PIUpyqqJkQYas8utyrBwpfeRU3i3yZdkGhZlvV0WgGI6bSuCgoGRNha80x4VV1IpnUJxiIAN1a1Dl0VM4AkE+9BMlMvRmPOrUpLm+MyxiLmIR6IDgSq08qLrmcINZnVJMU6AcEae8JEQnTq/5Sb1P/05jWjyETskxUoq20uJ604g2cTTgoEhIShpxpJLhWibipmoaXtJH/zOYIgJiL+62fOrgfYMktyjGDHhp3KGbqtI/+pEVNbGp9pq6YEiIASNSAL8mf23JQr13MZaoZq2fyCMZZUGYnYDExEMcayR6RQzC6NkZERPFDfTTDa0VAXea97EJHMxJeV4BMDApDzJEPn2kBTah1C9dw3RIytFNDFcj3g6bBPhX3j62/8iz/z+v/wv/zJX/2d77wgnO6www477LDDDvsRGQJ88xtv/uLPfu60XuYEOeyjtWufLV54aF96hEd8yI9d/8DHSw/wj+Ypx/E4fhzHlsKGx/E4fqCjfbD77Ycr4eqeB8p55H577Cnv47mPPcUeKgfmMmG+PwlK06cWmJ6qJbUpIIoLzcM5sj4dT5DAmCMeqOE9QnJJQRUA7LTRdgYjAvVvuQfZJUR7l7718/m8nc9dBIiDFoAApgjaCBtipM9CBVQiQzKkZqAGDKCAi6laZkoicK1LQgcFEECrZeJdJp9++PzVRb/SlReCgoFNXP3S2hMRCiCcFAMHQ8j8pafsRAgDHRzgYvACXCLVPdDujheIYH9T1SDamHRn2ahqeOQ3laDxIYK5Vp5Ly7lHlZDQOXNMmEhssB+iQhYcvtARdc6gqLM9+7k7CWg7b+fzdnaozBIyUhXCti7r6XS6Oa1E1JAbt9ZaY2Sm1piJEYEQmTgE9AIqDlnRrcvWt7NsXbatn5/f3d+f7+7u754/u3v27Nn9+V5FSwV0glcgJFidv2SqIt2lBQGZ+fb26e3Nk9ubm5vTaVmW0+kkJ1URbUtjZmq2LDJ0QZPWl8CIqHYRVzmVrr1r36T3XlKHKXGqAEhEwspdG3NrZgzQGoICAYKLdQbKE/RUzBETcFp61+O1Aoz3LbLG3xVTEPKGRxx0tlNs20NTY75fy+TWNLBCv6GQrwLwUuxvXjtSbCPmng6UclR81AMvsIZqWKwbLiHT6daZtXhR+cC6IknpYC2OwoowN749s/T8I0wczaaLeyAUQutRzXJ2JyTnszfmfaoaDoogIMwknir3sptx92q+TM33xPA3G/BMuPYtOMs4hUNY8mNnzrSPttQGTXKRcwgTD9QMDEh2rRbV24EskW079y6ODKhC3859O0vvvkx5hlHpm2hX7WYi0lU95kCSBIbg8F5wpytGRWt6aOQ5GylKkUjNumoXQWIXRyTk5bQ4KAen1mD5wXb/D//wH739xXd+4vOf/9JXvwJE7909f/buu9t2ZjAGVAVQBERG8jAGQgpUyLlrCArqnDgENFAAqnUJzcerizdibNZqQIoQ7DTAyM7o9ScmHSxJzRmBaqpizrRHcnZagILOrfZgjewwIAw2f1uWZVkRsbW2rEuXbmqEwMy16RAz5o9vBOQxowyJEASIjJmZTM1AB4aXY+yKe+fjtIKNsK5hZDqe+WwVjTR47XNpvgAEugeAqY+KFMTE2C/HilLDuNDAmn6GZh5EU7BoheCEyjQRgCEhm5OdM+fxtEqCb82R3HUsIkgEWs0HSAPMz6gVn4tG6PLWDvM11+XtfQOwtjQAY6a2LK3H9t4Y16VFNzk6V2R8G8/aCUVk/5YRkZPziBE9+KiLeVwHIiAyoNqm4qi/uaAoMfmVgh595hNyF1E0ByILnFeNoCMnDXvDi6ulugivqYoCIFML9VEzACRiQ/H4A0SVUgg47FNip5X+jX/1rX/lL/25//l//c5f+9++eyQmPOywww477LCPx1rDn/9Ln/3X/qU333yjveq6/JmwB9EKfKEv9/JTeORTeLSEx577yPHRer70KR/gLY7jcfxYjskgnJHt4/w4f/k5fLD74fJ6uJdf8t2re67KqXN78P4H6gnT/S+vv72wbpcMQrfpftvVAdxzVGhWuuoGNDhDX6pWbINysflHROQ+elXDoccFZioiG54RiaBlPDs4QCi99633rUt3MmEH6A53lcsYAcARMesGJwNBVCIlCroIIpMCALq3zswY0YzMXyzeJ5sicQhNwp+GpGJJtUXGv+QB+Vfpwt1W7b0HCPMuHLwjNQvqTVIXMucdBpdu+Pvic/dDu4BceOO7eNokVd1UuklX2TQwsC6ydTmfzyrufSZKUICQlmVhRmKn8i0Lt8ZBw2ieWSp8o4AIatZNJURFpYum0mvfzue78/nufH9/vn9+//zu7u7+/n7btgKHRKTxcrq5efrkyZPb22VZ1raubVnasjRuC4tw48aEjASMQICAquYgsah0kXPv537eZDv37bzdP3v+/Pnd82fPnv3g3Xfffffd58+fi8jI7QdTrwJ40qYYq6KikhBp0+4pFEV7X9ZVu4AYqErrjblxAzVmFpbGzERGw4MM5qJnXb3Yrtq1d9m2PpJLVb43QCJSMnVoUJEaKZCaGOkELtRPLPfsul/VBiqVJ2bOOvSbp5SPew7hi3NkIoAZz+DfTCu5tIeuKxZAOE2BrOzA5iZZzADHC//U6ijYvUJqiKJdvL8Vc6vIjTAvXWopXgfmmfkeBQjNRXP1oVaapf92jRbdEwMA97M+YYdL0LOYQ0XycTRN1Uxy5QQEHCRljJrPMQYRpDCocsURNYNSgXVVywm8KH3Hqr8j9+IivChBV4UgM1nSAWdOIaR2aOY4TcDX1ESCu5b8awXzpIEiol0cLOwifTtLF43pI9v9WbfurEEVEQ0urqqYiUFmGg3wUTy5WiTPdCIzZB0cXiLw9LGivffgGBqiqrr+LxGvtzfLclqWZVnXJ0+fnm5v1tPpdLO+/tpnTstyasufvPv9z3/hrc998YtPX3+9m/4/f//vffeP/1h7x+6ZUY0JqbHHhyChmEBQqxBdA9OUUngbMTQefZ/19HkU+5Lrag4sXdWHr25d1LQW7dEIsaOZmW2bo4FqBk7EPJ/P29bNxKN9iJoDgcytMRsYMa/r6oNwWdqyLiRkIrVb+Uj0bIRj69KxqARrjdlvExXVzkyqkOqmCeHHUhkzNpoDYP6RABNeOGWHpWBS7n9sBAl+ovb6iCWi1upXhPny7lYzs2akXdnFlj1P2GyQFE2OvMVDHDXDesamM4oC4NaWZWHm2hESVoTaxR3kFlFFbdBa86ECzNx7v7+/X5ZlXVcRBYDGvK7rtt1L3xqv63pSlXqRQgfNRw4mAg3R+LUKVYULIBRVRPIfIhLpNV0dFLfexRSB/LUdwzxLdyjXU6hm7AI5dg8RFYEeKaOqRI2IEUGSUOxv7+0HSCICgMQc3aSAjMSEhOIawxb5hq/X6sM+4fbmG+1X//Uv/OLPff53/tZ3/8b/8b3f//b5VdfosMMOO+yww35s7Utvr//yv/DGN77+2ae3/z97b9ckSXJdB94Pj8jMqq6ZASAsAQoEBZKQZDLK1vZhzWT7pj+gp/0J+2PXbJ+0khECQVAACIrQAgQGM9NdGeH3Yx/uvR6R1VUz0wBJtITw6YmOjvSMDw93j8h77jnnYA3+05W3Y7a4xWC/XCwaXoghv7T9ndfhnWPjx/qx/r6uF4Nwj2wf68f6F6/7u9X3t7f7l/juW3We2c/n7/Pt8/wyx/0y6/7cOuzrOBSDML87HnH78NxNBA0RAx5DDIphBDqfEOao4o3AjCVEZWo+tOcQiCzDvqGpFhqV69p7wITrKl0kYtkAql3WVfqifXVZXLv7PaACJDqI6MESEcGVOLzlkgaHBXpBLsLDDSBER3HDAi0EASok7h5hOAhugPmAP0dbjkD6AAP3LT3ik+EUZZDufFYYQ2TlNwp8AClCtBwxNUSn0EJkDC/GsKxSj5i7qqr2UJIz7a69S+996euyXtd1DUDPLY0fIwIbOpptatM0z9NpbtPcptYmAhSiRtwaU6lqeoCxlmqfIiqqIl16X5blGn/68vr1Z59+9unr16/XdfWNFgmtzefzRdbel/U0n87zSU9nm9Tn2cxdnSYCAkPT7vM0IaKq9bWrqphKCoz2NQFC6eu6Xpfrm8c3n7357JPPlutVI+4Zcn9h1JeY9xaTDX0zNY3uyswEBI5uDmquhgbo6Oo6yzzN0HwFmqcZAR1N3b0oJalWamrmoqrB25Ee/M0QRxTVwf8Kgk7j5tagATl1UHf0BsTECMMhLhRwEeqk3aK/wkYC2bocgCOWwVv1Qgzk20cvjC8MY8pN+g0AQx+uquIIjcOTOH4FzffbwwLO8ea0Qn4valjCTWNS2SpAoV3gmKfioGAYwCghpI8dxH4YEQkd0FQC6eK421SSn5ZOmRArkPPXHhy0QilD4jfO30ILEHbg2eDR5ZUncoaQcstjWijbSxiuaeWyBiWa+wx0i5vXILi5ioXgr3tQ4yCEhtHJ0aJ26nRCcB2xshcSVA7CnNnGOvWdDaSIlmAo7rrJoFCFrrMEcI6QPEb3wuYGkBpAgqqIjOeEa0T7M69DQ1CzwPj8euKDqqq9dxUJ9pyZ9XU1ETRHqFompoHbq6mqy4Aq09k0GEbEbiBdVunAKaho6kRAxACo1h0wprg2Ta21aZpP5/Pd3auHDz64v7+/3N3f39/fP7yazufpNF8u54mnu/P57nwG0Xk+z3evvv71/+X+/uHVw4c//P73fvbTv+nLOvPE7KCqCuTEjITkgK6CTtM8aReVFRF5YhVxQGJid1l71BbRVBkldm7NCRyQcOIGGALc3cyQCJAdYF2l4NoY5hQuvb333rtI8i57F9EQTyamRoxExDyl52nqCni49MVTwMFEhJnMERym1gAxDjUUNx0xlV0BUt7YPbBrQnAzRkRiVRmvB+G6F7tBIKZ4tpqaxkxBAKoGw3wx1aGTjgoaB2LiJDebJgWwaJpJYDWz8aaFm/unU6QF1VUwhYB5UE41HXVTHzplNMuxz/c0ynx5cDCPfQITYWMHQAZLMB/Rw8wXzKwxMzECigoiURj6YsBmnjLCDmom64qIoKbhsefgiGqZ6BJAZGvMzGE9iE6IwETneQLLoRTUdo6pEEOOFd1BFcF0vPWpOqYuaOKpxIxMKtIllORJxZAsqKZgDoiOpIBmCoStNfdof1azZVnjdhT4x601BxDR6GBmrg6gCo7gIGLEBoCYp+eEOE0n4ubuZqKirTEAqpqqEHGbJyKO7p0SAOKpRPq5WS9HeW/L/YX+w7//6n/491/9zz9483//x0//n//86WFPeJSjHOUoRznKP1T56IH/9z9/+Hf/68Off/fud30uv48Fn4vH4m4d3lrHJ9vhhe/CM9/ddvAO8eEXz/O3Wf/8azzWj/V/pPWWDCevkN+xfqx/qXV/t/rwdHt5EH7+d9+q89Z+xro/qQ8vnSfs6r9wXNif5/PbYz83InxPz9nLg3CcQ2XnwwYHegXBbyLdgcRABsr3xjbugBgKaQyEW7DdyzUPwb0jMiklQJgCc6aqfe1dpK9d1rX3voo88JoAAAAgAElEQVR0MQPjNq3Lsq5XWReVZV2uvV9VV5E795Ck6yGbyUhMNE0tZTQRJP3kkCBCpASIwy0NQjDO878gqWRgOpzm3CqImcF1LOew3aVtgqtPgIFBi0q5PXdACoDQ3ZmImRsnesdErTUipUihh1S4dHSihC3N1FJRLrAp7dqDPrj0QNAe37x5/ebxUXpXVTfjtJQkIjqfz+fz+XQ6zbPYpDbNNuk8+cQMxMgQdJZiwWTIdyAECd/2vq7ruizrsizL9fHNm9efffbpp58t6xLdg8Lqbz6barZvV+9qYjqLqp7s5NYIiAmRiAlVDUNNzNKTUkSDUBrAZ+/ruvRlWZfH6+PrN4+vX6/LYmnZFOaKtCd++cZXK8HPiNk69OuyUmtIghzOiEqsSIqYS2HBkK3jPf0rSIOqbgGaSmCEJgHYdo14Pbhv3CB2b2HuhOjkDt48GIpOTMWkCxQKSqYOAUuhrpjASRMBcy1vLX+ro8X3fYcs+pMKI+dm0FuTnmMDCExuU5HHhl/mTohvHH7T6ISNy7LRfG7OrDIRACDMF5MtlHKU7o5OQIWHgZYKpwOYmLkhIiOH5G5dmtsg5w4IFHdAWaGD42QdEoEccpnR5MOxb0Cq4WdXfM1b+y41zFwBTEjNN8nSdOwrNG/bYeGm4CPhIHl+2fCI4KCmiIBINlrmdh6NHaq5FUCYN3vnwGda2HACfxst2oL9ZwK4OQyaC9iWLJHYiRnU8FfVbCg3S71QNUi7wfEVE0+BSzepHAUv1d1oBBXV3k16CQFH6ohm40F0xvTVU8/xEarRXmgpAEZGw3xq8zydTqd5Pk0Tn8+Xu7u7u/u70+k8z4EO3t/f39/fvzqdz9M0z/PpdDm3aeLWTueZqc3TNDGDWiO6O53Pp/M3/vnpfDp/7Stf+cH3vvd3f/OTN59+IstCjmhkZpBawsQwE+NEk8OVwNEBnT3YXWCGFpgfFq0u+g6id1lDf9uhIUBws90dKR/pIclotgG2kirckvBJurg5ESNSa4EJEhIwc9C2YoAQYUlxQmLAJoSM+0Edo2A8/Xdmw/UyEeQ5GIRIh32dejFA3HXsYuMX6XVgPNHPuERMc4u5oW+s1vTvcHPDVAUv0i1RkLNvpAuqwkYUDsNcL7y7XHrrPcdTTGB3FanCHckbhuaKgxbpTojIPKBrMMPKphlkRwBQVVjXeBmg8So18ooSciMiitm/6sAml51cQ48XgEj0aK2JeGQkBIiYNLxKRyBCRB6pAMQIjo6wS2mKXssU400NxqsMkqEBOJrFfQqWYRcRVY7HILMnUuc7P0QI5qIZmsOmxl6CrxAq6RAZTuihAeGuCuYgEskuEG8okYehaqL1zjhsEOGmsx3lf7jy59+9+/Pv3v1f/+cf/Je/fvxPP3j9Fz98/MsfPx7qo0c5ylGOcpSjvGtpDf/lH1/+zZ9e/u137//1n1x+16fze11S73AXs8XhifKMg9pzseIRrPiS2995HT4vNg5PYsjH+rH+Xq+3+u0KUFHPY/1Y/4df97e3+5f47lt1ntnPC/X9S+/z7fWXvuvP7Qf2+/R9/R0SGPsJi6R6JMXjAnG3o8ALYR9SiwD3eEZuh9/MA7fHpyfZBUU7alk0uYfGXEhXBv4kskrvfe1r72JG3Fbm5drW5bouj8v1zbo+9r70/kpl7etyOs1hGcdEjXmaBg/Pmacwu0Msuz1kH5cNYOntN8KIm9SYmoac3aZLFrwBLL8+wAEc7uUJx1+DtGNFPwqxuOAmMlJj5hYwYWutmTmCEBITEzcmYmKgFjqBFamPMHEXlUV6F+naV5Glr8u6PD4+fvbZp59++slyXVQVEFsBhI15vVw0XKpEbFKdRGd1BZgm5wifJl2uvAtNzcRMNMTsCiFcel/7uizrdVmvy/q4rNfrslxHt2FmVyfAhsxAaICBmagmAGSOjszUmIFRQINdFPKpaezXRbpK1zQ8XLosXVaxtVsX7RrGloQIxoC7+1f9OBCX2IqIRoCGHdeVeOLWuTGRYFMUGegxAEHwupqZDtHXAswKN0mx1YAJx9mKiBZGBojg4V6WmmsY/QDYnY1IkUYAOc2fdqD+CHTDcPcarnKJ0AX/bxPQG/0OxyC9RfcTJEzYMF0uk3lpA18LLDKofNWYcXqFOgZXpxh1A2usMTWguBo1A5/MC/EU3txmAHd1tzDNhFLH9JqigsgJCISMCFugfwD3QxIzAEIrUV+4iT/uQT71ASoOjNN2WFwR++ry9hOdq4E7EQJQJBiUEqcn9SXVRK0Al7hMCTc3QmDE6EIx7wwcOqjQcR1W6Nv+5Avr2Dg2w19wN4l5QYY1JEo6NPaopqKdOI8YXRlqV7A7Aoy5UVMsMVzvyiAuzVA3PVDNE3YHEUmzVaRomvwI3FR6X03FMknFNYAATKak2VAaDau5hgzgxNzmeT5dzjy3+XI6Xy5358vlcrm/u7u7u1zO5/tXDw+vXr16dX86XeZpOp1OlRVxDiyNiKd5YmIkao1ba3EdE7fGjO7kcPfB5cOHh48++OCjDz/64Ve++rc//tHHv/j5+viIZtbFwNEIABmZANCYcUbieJyAhX4vmlpQqRCAmaJVEQBRzcXME78JZ8GAmC1wQQuAMFqghJ2TbFkDjqJVIvMjLF2TNr8NYaN4ljAxkQefv2w0CQkB86Fc4pnFEM4tmUCQItU3uqDuxhMPhnFN/ARoUHi972fCPUpfP59zTko80Eu6PNMPuGB7yzeUtH2EEsJOkt+44HigV9HywrQNI9xmg+EnmOqmlRsROtsQ8P8u3QeLCYeAWtaYT0QUwpQxbhYzj0YZfsPxaQnAsj0nBp1vSu5E2KgxU7jzttakr2oacwWnPy4kfToOgWQpyIkcloG7Kczccac1qqYFJCMQpl9qdtGcnd28u5hD48at9bVbVCjJ9iBt2kYbx3GP83Ga+sAIjoZgBqLhKujBHYx0ImKO3KmAxEU0ghmmZjFKjvI/S/nXf3IZ0cz/+tPrT/5u+W8/X//73/e//1h+/am8frTraiqHquxRjnKUoxzl97ogADc8z3R/oQ8f2tc+an/wtekPvz5/+5un73zr/Ls+u6NkyRjRLqa69+fzp+sZLhnrmTr4bOz3pe3JVQB4sp8XY8jj99xzdeDZ7V+4zy9Z51g/1v+B11uyJwp1P9aP9S+3Du9WH55u98ob/9zvvlXnrf2MdX9SH146T9jVf+G4sD/P57dvxxpUICwF6hfbKiJ14Yg14IC03NtH1ioECQU8xD8GywoRGQvqSOYARJw7g5NmAj4ebWAZB7X0c4s/KtLXvq4igsiASEzL0pbH6Xq9LMvjui59ua7X693dZT5NLQq3qXFoyxExEbQ2cUbTGjERN6SGiEDpouYaMneBjlVc3ExzezjhbNZcmNGzMgvcwvC74GMQmwoaTAgynKhS4C8jeo15ahMxTW2aJtNmAMBEEzdmc2Znd9qitCNcLBrUOlllXaWv0pf1el2uj4+Pj4+Pn37y6Zs3b0w1jZoAmWhqzYMfYKZdZNI+iXRzRVDXZswsgqUyioiopqYmJl20r+u69t67aO/rsi7Luqx9WWVdtXfr3aRDoTTQ3FCMu/DakRuyEisxIa7XBQzAwNVbY23NJkzKVSAR7iLau4qoiVjAoT0OJKDGSA1ZkdQtOjVZyr3t7wUC7cFdRDQ0I3N1BpqozdwaUkem4Icll8nJQy6viBrFwPCBmhlUF1FXC33EwDJVdQByGFQ5C/M0C21ZMANWIyYiZKr3xlCXRCgyzYAkfYfbDX1LB0d08O3EdvjgDVVwXwEq8q5eUMETLuyItiPeOD/V3/FGaoaqPgT6dm/CuD/h7Wx3o6NAW3PXfXi8uCIbMho2V4SEiKW1mDUHkBrolxUABoVTJiHJTe0mzLjH24Y/30YPNtuDq3V9OS9GqgAEiKIBAiZwWEqYFhkFDqYOw4GMKHiBptoDIGxME2Pqc6oGKl98xMhLqNatcxuXW9kMaj5uUGQqgLqlZWgIRdbkM3Bzd1M1B1dTFQmSkKpqF3cLEjMgepBkQ7TVqyHUEoNUVdFp4qFNq6V4vO9CALSDjiBmLY+Oz+RoahJQaLS2hNj0yLkEyucDM0/zdDqfLpepzZfL3cMHH3z44YeXh/v7h/tXD68eXr26u9zdXy6X8+U0z6fT6XK5XM6nqc2RYNGYW2utTQnCE0/cmDi6SptaXMLpdGrMKl3Wfj6dCOAbf/jPv/61f/ZH3/rWD/7iez/6qx/87G//9vWnn/ZlMVF0QKdwNxVxolPjMNkVdGcmQlTT0KiEkKkkF1Gz7uaE7mFA6mAJxNGAtURUpGtSzhNw2oQiE73haZpTWznwmnpzxqIFx2gg3ASYowJVZkDJC8f0CAgOZsNvL1B8yEFt4/gxjsytYbvNP0gZWDMbSRI37NddpgIGZjzI94Chwg0ARAA3vqzJEg5IKpikcVYiQpuHLxRVtXwtYXReGzPVALlDBBeROARGi5JIwVAOLdMwtxyvPKGJSgWxFqi/nzbH42aAgoH0j09FJBE+5kgw8h2U7w6qCmYIeWYJ/SK3aerrsq6Lqk6tISITEpGFpGeeJyTICojIgJpvDOBEIdZs2VDbE80BQ6E1lWbRnbkhIgK5Yxd1MCQnInU3c0JsTEN6GpBtd9U+2NjVJZILmzRtUM1pmRGDNgoIROQG0eVFrXeB0jKNXKW4F0f5n6x851vnI8p5lKMc5ShHOcpR/gctb8ds8V1j1/BCDPml7e+8Dp8XG4cnMeRj/Vh/r9fLg/BYHst3W/q71fffbA9v1XlmPy/U95eO8iWO+9JR/Ln9wH6fsK9f7Jzdp7tY+j6atoe+khxYQ3VnUcaVSs8A6oPQGGHeTRExsbGQLYz/iz5osnaRbhGeTgpfsMTUAVBRlVVWla69a+/9+vj45rO7y+V0nud5Ps3zPM2ttXmeAzCkCA0zJ72QGzEjhRBpBqCTsVFifmHrFaeUoUZTVUmowD3RxpTzshC/g+3Z6+BpBmYeSfkbCSeiZFAwGjN7ax6Ck+aqOhETc+CCrXkClOw7Gkdog+nG2lEz0QRWu+ja+3WJPxE/1cZEzERu1rhNbQrPJKVJURVFqXekipwiADBDsLuqESyQsMS3yk/Sk+5nIAbqENJ6QcgwcDFZpePCyBM3YRZmwsZUuxHLHomy9TQHVRcJgz/RwGfD8K+rrqI9IOQufZWu0e5KBIimluqDmZ9FSSsrVh0hGjkSQ4iEiqiodbGAG0NfFHAFYlGeWJVba1ROTkOF0ix5KqH413uXLr33YUcXhWKQmJnRiI+bmXEjEiQMkmsOD3QAGl0obKzQ0UGDQYMIoSBX0W6HpPF5sNuCYWMY5F0oX7nCHAOJAHcEA9vR+rayBws3TCKHyZgHyCxkFHGLEe9k/W5RopvtCbahI7q4FtJZFTfPvcSKASIGT0PGMoYSJjSaENb4f3clUIK8ZmVU5qEampgfehldRQuV+2Gw6AbtblNRDb3CbNAkw+1Q2YI/4nLXcOYLrC76j5mqukNSt8DSgO9tblNx8nywkH2bPAe/OZMQ8gYgAI7P0rGwtDv38ExxqoLNhiE2aiYYer+I4KgqbgrulF0uYEmALcNDX1vqE4b/mddctdFOLQASrpnEkpqmJgbismqXYD6FzHBmc3BrrU3z6XS5nO8ud5fz+e5yd/fq/tXDBx/cXe7u7u7v71/dP7y6vLq73J3Pp/NpPs2tzfM8T1Nj3v4QIxEjMVPjxhhYDhJy40ZE6AhuSIQNAJFbIwRvzefTNDUCIAecTt/5zt3Xv/r173znT/76Bz/4q+//5f/3s7/75Nef9McVAZlOxIgewKy6ITg2Jgc1AG7NrKuJWCeieWrEzUzW3gERqQGimlVHVVNL7WhR0b73/izKXPDkQ5272ILxvB+DjjCJhE4GUiidDywcMLN5ApbSHYi7PZ13SRVjThjrgaKNKWLXP7GSkW5mjH32wJat5Dsl0j3hvsBK32BKCBpm8f7dHcyBECgfW1BEfxhY5riqDVNPR05IHM5M1ZhxP/sNnt+gA+7bf1QcCTREFP6BQZq3JEYnKDjacP82NQ6UU3fIn4NjShMkDslEHL00kH5w0xCX3jpDmQXDOL3oPW5OxLA/KMJ++CeJHFFNEZyIQq4+fnltGCpAm2cPvmCdfHTCqbWYzcyRKLNJggQ7INn9JauZG6QS+JCzJgQkc3UzAFxFYq5Vs6X3aF8ARAtq/U1HPcpRjnKUoxzlKEc5ylF+t+VZtAI/N5b79FN44VN4cQ8vHfeF5Yvn+YVHeYerOJbH8p9k2bao2R69ONaP9S9Y93er70+3O/qX+O5zdW48p7btDrfb4aXzrAD0M/u5ge/qPJ/fngZY40hvn3OlpNycQ2yEEVPyHQUQAIAAA45AjIj3sPYBIjQDRCqJLC85wVCH8pISK9GwkCyL0HxER9VMg0HYVdSkmwYzS7ziiahkxq5qKta7LI/r9fF6Pp9O8yWE5OZ5nmeZ52meAwhrbWpTZOGHItuEzESNqaDLQPIS8DJzi90XNGiqItrDWArBmRoRpiAlGDoWGLUDCLHYaAV7xG6LAwWREc9spgbNndVVjdiI29ScmzVzcyM1NiMNODMaNug6SbMs8o5J/eliImkB5BABYGQIWzITlbV3bhNPRmrIStp7j3hlWlUhhHPVxsbIhkiip2rqapqoipQhmQdQgICUbntmKtJZuPepT23SZkJCwkwsobdmKQwaxLsoqtADHBxF1Hp4EnbpXbNvqGlXM0J0YiR0tSEe66HLVoB2xGUtnKWYrIus68qNgq8SCJpvtDoPq8D4B+Ggp2TwVM3NgwAmXdb0ZlQVvUXNkQmJqXkrcNWaN0uTuVDk2wGEA95EAsoRYz4AQg86b7RS4jUbIgNhAuYhRZpTzqY1WTiZh/OclQdf1cw3yDz/COiWsF6O9gT/COJWmw9RuSQVBbpuNuRGhyChFXCVDBNMSvFAC6rRCgv34L3EPjZeThUbgp+3XodpVlVE4ARsY6azshvNW6w6AtleTpU1j9YkNlq7XPSC7RTr28y9aZ4mzth7jwZMTnYiF8VQBHPXhGhK03iTMKWcPgz2GGThkmbu22CpyRzrKIlrYrBzBihb/w+fwpSNzbnVwKkPNd6QMYyGt3JJTO3P28dDCLru7spAVBEoUYbIkoDkXgOBAxC383nGiVubTvPp7nK5v3+YT6f5dDqfL/f393eX+/u7V69evTqfz/PpdDlf7u9fnU6naZ7naZ5P83Sap2maIvMDcWocSSGMyZkLph0jtWBrIcWjDCHYu4HSOkQlIidwNwSm1nJ4mgP61M5f/frpcn//la997Q//6Ns/+dGPfvyjH//tT3762cefqkROQjzF0A3QkXhSA1fDfBYwAJp5F0MEc+xiiOgg6iKq2mtu1ey24BBwPlIYCBKWR1trlTbnw7MOsTQwQyU8VCWTleXpujlerFPtNsDMmiODUj+MNqs7AxFBHTsZ0e4GHp6+oZY5hvkmGbqJDddfiKOzVq7t9rtyzNjqbpb5MEg5cScYFg9rRAesLJtKzoFElbb3NqQQPkhHWwvGr6Hj7ox4nqd65OHgOw7uNyKOgTagvvouIWx43rjADUDd6Y4+SbeKTyvPAzgwX0AzicQOIiTEyGkCB9OQ0fZuaqYhV0uZkFWE/UAVzVXM1SHZ/yGDTG2agooXz38sYWtP09HgbSJsp1aXHM3U2oAMMS8ex72MpBSPjBtwAEq7afAYYZ7aCVZZOliCEhasUDMnN3DSekMyB1UDQkYiotSiOCQnj3KUoxzlKEc5ylGO8j6VwSDMf+MuQoxbCBiKqrctR52h1fQlt7/zOo539mfq7A/0u4/hH+vH+hest2F6hFCJ/cf6sf7erg/6yfN1MsIUgMBvfqyXvvvsdt/XSZ9BHKPspn4Fz3buUrBDB6NmbBy5IyPFHpEICZBK5w98c1aDfayswm2W8pAhe6fq6sUaTKFRE/FQcUQIhyokBG9gCqau4iYuosvaT7Ou3dbu55OdTgGS6TQxs81i2lIskidiI5q4uRMDYgp+AkQkUczidELiNP2fgs+hCQkQKXPGn0tJMi4+IB1AwMCaBkCoeWE2cuzDoNGYXRuaG7OxObtRmfmYQwMndjXPICY5oHm0jSSCVuhgYYRioqDGQBMxkKkZWkC7gO6mJr13ZpmmidVIDUVCEnZH3zAzIgJw1T1VUUP/rq+9p9+eSBfTUKyM0CAAOJoHxOPIRhrVepPWBJEQKOhNrBoMDHejitICgilIfkm0TA9DZjS0VFW6h/SrqqkCIYCTU4Ug613MS8DNseAyAAAh6uHXFJvMXU11DqpigEqtNZ5as0lUkOiGyFWQV5AcQ+g18UyxYUIH4EjITGyspmyUOHHTjMGG3RoOAfoRQcWgdISuo7lhqseBm6tpYmaFae5Yd1hY53iKbrq+BT6Co7mbQZLRBsJXX/CyOnMAIEjUf3Tg9ALbaXLCjhypgzvi22DfHOrAc0rBWi9Iq2y9POLe5iYqMUUgYJkd5nVl5fSrgw2WKjxudNtkJW7ktxQExVTL3EDBvQjhXoewPvUB4FE5j+4qQzKQE32zvUDrnmWVSCUYuGFidOC7bItkAw6y6jjEmDfNPIjLu1Md0/le3O+WfYi73QDWv0tscrvzUYWZAMkt6NzqboiMJWHr7kgU2OJmRDl0C6ODcmZgIOFE1NJllac28dSm8/l0d5kv5/P5cne5e3h4+OjDr14ul9P5fD5fHh5eXU53l8vd3eVuyjyPdjqdWmthuUeJkaS9LIBH0sfUWh01XWIJE2YYz7zcDkT1TA440cHNPFVtKbApB0BD5NbuP/zw7uHh69/45h9861vf/PYf//ivf/Tzv/vvv/rFrz75+NevX782FexiKqYGiIbgLtW78yZLlxgiXQQQzFzUREUlxUSDQpy5J8TDai4tdAmINgDHcQfQbJrfWELJKYSdMLZBuk84xKHNNAziIIFABEgkJm63uxORmREQsA/i3UZ4RQgl5MEXHD0RxzvE9u6w9eLRaZ8wC9MkDwa0BIDkMSGguwf4CZHogFacQvQgG6oNbLqGpA0Tx0jv8XL+wNASnee5lVPgGJ5FtYwBhntocIMDU3YUBqT2hC45CIi1Kxx1Skx46xtMzIgSJqwG1HBnegtmioBOSf9mImIujeWcKbZpyD0I/EjklaRCgapawqXE4wGJiBQvKjkP1L3KQIdD6ByY+RBMxny2uqqGjW3t2HZkUI+7GGlGvrNsHLkgMUNjzswMaGYuwUoEiA6brMY8kQMgPMpRjnKUoxzlKEc5yvtU4mfehlnsXQZHDHas4y5WjL6FTEc8dod9vLR9+zVyu58troseuiDbdoSndZ7s80kM+e19/mZ1Pn8df4vvHuu/p+vhQQil3ncsj+WXXPq71YffbA9v1dn281K/9duabx/Fn6//9LtfuH1jI23Ywc3+M5Pl5oi38buxiiNGM5yLSgkrAkCIiMgIDIA2QtRIHDFitHLZgVLDq13DEKcLQpGl9qMF7KTu6q7DkIucDICADcEIZF1XxODWMUBzZ/egGAQxEFrLUzeA5mDohtCIAJ2hzhYMEjCx0hcVFRORyrpX0cQS0BHRlJEStwCAjFmPcHMAKuAlepY4hWmG4N3TOy7xLbfWGng+vEUkmgYdgB04xBSduCGSmw9w0NL9TkVUu2k36WqioI6IjdgpmZwUkTYDiPg0dZm6cGciAQQYVnbxt5mFkB1oyb26ezAUtUvflZDDM1UoJg2Ej5IZAjqlg6NI4JJrsgfURDVUYM2au9HU0u8K3A1EtAcMuu7KsqzXpS89bge4FaqBAboOfkaF0ZOCl4SVwjbCBcodTKGEbHUqyLP3vvbOU2vT1Frjxr4L74ZDJBMlcpzYpW43JWhraoBORBwgBjMza15yeHQZ4B65gY0uRwCAwZyM3jJ8EE21iwwq6kYxKw++BGh3dlTjqh0sbbA2NCpJe4PQs2f75XB3KBMy3wmoDm/Hjb445o2dnuhYD726jeSHGDK8gadtuplDGtDdzTenUr1F7wJUjl3FpbmCgUJQWINNlPQ5dLBo6VgdVznkRqNvDIboKPvLKB5emY9C8fUyiG9qJaEZpDrbova7ky81VHBiDJFPDLs9x3RpBdwzjgrCA4KwYIPheBg47WjYYv3WXRgsnw23wNxh/prBvNEllphystF3EIoBaY6OSK1lGoGqavgdblP96LuFoxC3aWLmaZrO5/Pd3d35fHc6n86n0/39q1cPD/cPD5dXD+f7y+V0uVwu93f3r159MLUpVKHP5/PE09SmNk0BbDHj1BrThg+COTM3bq389wiHES4gYmtcZxftBntbuHgyoXvO3GChPhr3unETEUdkJiYOch8Bnl+9+hcPD//iT//03/0f/Ve/+NVfff/7f/lfvv/jH/34zWefXR+v63Xp6wqm5DH88Xp97HIFN2ZcRde1y7qKClCMJt10RIko2WQ0ZjCiAFkwCaK7BzQChGVbXG6KTDpuPyUhJUDjYjfsqqB9CP5yZoSUxH+yYTehYAfHwpUDKKon/pMfxzhAcKiXkf3bxJ5EWL00cx1u3zrCqA7BEMiD8mgGGLRgNHc0dCPD1FIu88RgXWZKE8YYFzXZvEap4OFEYFtrNLJ8apYbUBYCIMHARPfGw7trwGmaRvJM2P3Gs54bj6YJsHCQMsexMOXKiYnMKPxBY8dmZmBgaGYBrceumJkJRbonK3dLHXCPcZqOlJJuuBAMUoMUddCQfEBi5k17dUsyGA+h4BJbUBmjh1A5KWp5nQJGDkGyBBE9NJ33uqxj2h/vP1tHygGYYHbYEzp6obiw6xtwlKMc5ShHOcpRjnKUo7xHZaghVWwWn0Z3bz59ZgnPxqJf3v78UT5nGdmU73j0Y3ks38tlMQj3rKxjeSz/wZf+T7Mf33JJfpsjvvTdZ7fvUWt1dfMAACAASURBVPdkLOUWuMk9Gc+Om0hMhpV3Geqc1IwRUNvzYwy8uFZAxAAAQTuJrxORW0pmJSIYEooBMolpFzALBMlNAwEKzAjAwjop7XewFELNQQ3ErIuyCHUCZEhZUy9HJTNjmxojM5ohNCRLLo8beEYhPQkHogPssXT3k7BbytA5AXP4DDkCABoSWClZOigUeBUIqHr5nZWOpSWEiqaJtVAFxNBd3YGN3N3Urbm5M5MZAKqDiEhEJNOuqnCqddVVpCf5Urpo0PuS/6XGHEdnonVdmZbCGzD+xA0Pg73GTISumj5mYaEmVcIGsPfe+9rXOHqXDoUIEZFKBMBdDFQ1qpxOp/PpMs06qU7TpN7Uw2ZRiBgQzd3Eeg+e4tqvy7pel+W6LNf1el2W67Jee1937K4RjFYzJ6JAXUePBfCMtGe00dzNRBV6d6f6ejAV196neZ7Xlee5TWFjSRGIHXysgCISOU4NWtuxOk0lAvdBoRgxf2RurXFrzVzcNXqH5TUUXSzcoWyg1dGYqScXLmVpB4cAySD0TUxyx/KJvYbb3BAtzqFfiH1RWncAYSGT21vvIL+lyqYGeA/o/lzgdkMFhyzn7k7ESRJy6tWOUwUonqIA+C07GcPOb0SxA1wJ6y4v70JzTVwDDZErE4ECFQwIAZ0id0CjY0eQHW84QBvNpZp1D7MRERMy0p50OxiSGNJ/gQdscGDRAUcgHhGAzTTE/ZBCiLlM0jBvUDG/AAl9T6QplBEQ0MlBIZhvSSIMmuiWxLinOyJxgK6Bqikm3AgeJoQEEAkT5mZIaBhsHg+/wOAYGji3xsyZKhLs7Gk6nU6n83me5vl0utzdnc/n+/v7h4eHh4eHy+VumudpaneX+1evHi6XS+OJ2zRP8zTNrU2Np8bcqHFohTIGeY6JmWKdglCUjHUHwpRERsDQ3KXC06B+8BS+hmlpmfKQbgNfSdFNC9JeygeD8cQwuiYSsDuggKk6Ec7381emr/3bD/63P/s3/+rx9ZvPPvnkl3//q49/+avPPvl0WRbVlIL8+ONf/fSnf/PLX/7CXJsKPb6+0mtdF5Gezr0TMNV/Y7Io6loxwPYcNEB0pGCeUaj6Ju4C9bCOTJzdkDRPZvEGuXg62yWjFEsENt8asv8DIFp2dBuiwAW7hsBn9hkr7d5tVtuGUtEExxxiiBhegxgefFV5AIyI4KmonC8XVue2S1ICRCIgBFAwtJiow8zVIg1FTcGxgFYGdCQiam1iLVHLcKkEIjfzXRNE40FqA+CTZAiEtLREInBRs0CoQ3k8wMjIfyDkVHUO/Vh3NydkotQxCDw7NEPDPDNYywp5y9yszAgBPMxlA70PMnSSp5mHl3CApRDy4BqQIBEirioBzrWpBUev3kduMN24xUzUiNwBG7aY1iKpAsocMR9UmklEZrs8MssHOuRrWJxIgNCQmSHxxqTmXs9P85RZBgM3ygflgRAe5ShHOcpRjnKUoxzl/Sp7BiG+wCDcfbqL0w7+3LM1X97+NoPwaQT4mS3wdMtzDMLP28NvVucfew/H8vdu2faiVcfyWH7ppb9bff/N9vBcnZ2H4HPf8tsjvr0Hf3k/T/GQz92+27P7c/uPDc/UhHwepSYZjj3HX0j7f9dOtvg/JvSW5KSiyBsiROATccSPACKxPcWxYCMxqYbQWTkCeQTVg/SBULqMGaAKAydSkY6Z5w6ABhAB/hYEH3VrTuysZurMHBZU4OQZyHNxC3AtiHHuHnhhFzG1aBhHcPbQ+nJzAjBE8OEz5gG+GmTULQ3TSu7Qg1tYGmvOGfEMvNPNjGhQl5hIzVjDM4siCq7hz5awpRTrbe1r7+uq0pM6UehVyVESmEkSjxCBQFFFZdZ5tta0TP8mRGgTT40JydzSGMpsXddlWR6X5bou67os1+u6Lut67amwKSYanAMzQ0TjBK047foCVuyqOvW5tTafT7NOYRXJEiQ5VDNX7yJ9jd1fl+Xa16X3dVmu1+V6vT6uy9Il4pyqqqFBF0FqAB58hR26tQnBmTmzGokqibBZVxfRzsxMzG2agjs4T9M8MbckNWIS6QIfQYCdiqWbeoCnvfeMOY/gd+ATFdAPKqHD9t2BOyYtjNAhQHRIY7xNLzSkOA2wFP8MCr31PRDngxXixQeKETToYwbJuBzh/uK9FbEp0t0gcYINOYMYJe5aL3U1X+0wSrjV1YyX0qiSdBynUcVMM4MNU48uyI5hnBZTUam2QoyCAO8xOD55nQmsx4nGWzAhItDQFt2YpODmOs4ucafRV3JC801HdDgLIJgTOql1yH5VllqW3R6IgGkTYwSnIVGb5nBIQOiB7cUUvulFFuoR0xu612u9b/NuUg9TKBFtJ5WZuypsFQZptC4m9DNjbqegkEFJxQb1CtzNgqvXGkNyyAIEZG7MrXFr0+k8zadpnsM2cA5t0Mvlcnc5ny7z+XS5XKZpnuf5dJrP58vpdIqRPvF0Pp+nNjMxAc3TaZomIjJzRm7cGk8AwIRMSJjYeNyhmgW3SYw2Blra8RElLTMxHhqsQhgMwlJShUGswyJPEhIS7PoMUOPBjiLkMO8UJ2c8f3B393CHjtfH6zdev7k+Xtdl7cuaRpXuj49v/tP/+x+/972/+Ptf/qKvK4tQl+bkgOyE6MWeonzAVfLNjfYmFi8wn7Q57sbDEhzCVDF+56EXc2vgdJ42kDuVzADgA7pL11IvCiZkjxuPWSjW8iYoaqngHPhhgOEbT/EJ1p6kzg16H0y/G17hGKTxpfHmYujGTnXVGzzoAWAWg9Dr1y4WmG1x4zCYp0hkboCAVEw+EVMbmgjJuasf3r5NOTBmhaE1uu95zA0g01KIGJPuiZGB06KbWqUNxeUTpuOvuaFiKUvvWsPGUUL1unIRoFGIPJu5Y1gROgBCvDAEnZGYMc7eHSvhg4jIKZ6bDpGoEd7KO5Y8OhXQ7GnDGHMtxauRmxPxSEIptilYTnohkk3xDLF8QA2me9BSB9JPjiDmJl1UuqgGWRNb8s4dPUWOtxfOoxzlKEc5ylGOcpSjHOV3Xzxl2UY8Fp9Gd3ef4ojx7pb4bCz65e3PH+VzloM9+M5HOZbH8n1b3noQHstj+Z4vB4fv+Tqp4fWPdZRnt/tOgRp8p3adZVffscLn8Q0crJVQcCwBsE3JMPE6ggq1QoS/GXbWZHtJPYCBVFDplsZJIwCBo5fwn0WufMSywYavFEBUzCswjwgUqDmJSlBtqJMjqJtaC/yQVVmUm3IzZlN1ZsaI0juljpm7mvWuqiohKxpubKJd1gBZEB2okJNQJoSNBFHxNQjewaAQFcto/BXQKexISBlIa60xczM3dzYjIkIlRCSmCnMbQNDWeshhrssaf5ZYWUv5U1L8CxwVDNGRy3LPTVy7iegsKqLMfZqnLiI6A8LUuU3MxGYOaatn63V5XK7X63Xp69qv1+uyXAMuXNa+BHURAc1UVMFhaKqyChLLtKqKm5hqm2ZmPum69mlqjZi4NSQsWAV67z0AyeW6rousa+99Xa7X65vl+rguV9GefcXMLcLqUG07Ov8NRgUOgaQxs1I6k6lOXZa2zsyMBYJwa22euLWQiTOAwY0xMzCjdJZM9CzE/oIlqcVeHGqLMAR6CYmQiQIV0yDdbEBZuJBBcEeGH5RHxDcD06Fd6en8ZIORE1h4Dvgd8riJj8YbYAIRge4NIloxzczirllNWMXO85ws3MBdDBRAk0ac0Nfm4ncLYGxNAZuEqecEk9qeVsgZbC8AXnQ6SJXOuDRmIqSBxiHUoQBhu9OQIoVQFbaekFKNiXt4VcXCALIxYmrKsbw7Sm43NTBDogCgAJELRsBk5cYs6QNJcACvFAkagH+2RKz4EJtMEdPkeFXrw+gsGCkDgSx5ZXMkDJaTM8GQ0twTQXeijm1qAa7bgAjTls6Z23ya57D9Y2LiaWrzHDjg+Xy5zKfL6XQ+ny+Xu7u7y9057ANP5/P5NM+naZ6neeZi88WQKnocJlCOhIBzm6fWkEjVCKkxMzV3ozIR5NEr3HkPg2GC9gOmgeIXQjXITf8rldWdGGruGWHcYEcCAto5UOKmRTuOCS5mkTYAhIw0X87z+fRhkDIlJW2jH1z79Ze//uXHn33c+5rCju7gEwITeWlP+uhYTmj5I25DoUqZBsJ+0sslru5pdpzqaohEkMgcuAcH383C+xaSTR2PeR+P5Q3NH01YwxYHnBfik4lzWUiUJzu2Pr0pRWQGQM/sh53mJNSncTnRCQ0cEQgArdyOAciAihVK4fob5nmZaZTT5x66G/D+UBXd3fYYjujE7ul5mM+56mbgSUutHdpQZx4ysNHHiAPnRXMLN2ZAUpV8v0EIDC/evczU03owOKtxnpZN56Nxs8NljZoF6oYTYIUZIJwY84bGa4yaBVSepOGdPyMhOqKaaVdgcsdxP7LJHDTomoAhHVrGnRiux+7QgNJJFTzo5vGmIGIQID0ghTekmpipj6eKYqKbCfmZW7LuVSUgTyRGzRdSwvSQPADCoxzlKEc5ylGOcpSjvFdlpCzCFkVAeMtNsD7dRWuf8yCE22+9tH0wCG/2c7sFb7bA0zq7fSI8v4cviEu/VeeZ/bzjHo7lsfyi5Y5BiLDh7cf6sf4F6/5u9f3t7f4lvvtcnczQeKnf7tl+z56nv7yf55iCL27fnRv4c/svD8L9OYQ33kAFB7upQjMVg8ZgD5TjFkXme8RQKVW/IsrMGysAUsbTzCBILBQkIYgANzHqqgpqoHEORNiI0MDFILPOg3IRAKEBYqhjGpqhCWjIOnYXE+/WmzZzVzUWQcRpPrXJeHI2ZZ5KnIwNMFEwt75KaouqpsGeiJmkTCPGRZkqWTmNJQWk7HnCxMiggq+JnBQfq5hjhQSAiK1rX9t6Op3meW6tCRsrZzw9uC1EjTkbP3FL7b0HfrYs67Is6/Xa12V5vF6vj31dwkIxxDODi8DEqmyTqdi6dDmFPZOJKiK1Ps+q3RQAuNHUmIndPVRGEyC8vrkuV5G+ro+BEK7rsl6XdV26dFcjomg3d1cjUhFZkYiIZZrMOoCKSusTc+v9msBBY2Ievc3MRSQQwr4mNVLWZVkW6WtfV1mvrpuzm++C/Sq+08SFQgeGCGfgxajBFiLuwrQwcaAXjZiQqPEUUF4I2YYwXLkdOrihqadHW8buLcXWBq4wwsrl6BU0muTMpC7b6AlxqoNkFoqIQdoAizsYjoYc5Dkoii7EVw3FEsbYrnbscwOrykLUstW2Q4NDXNE25L2YwfZEyRPQBowwgKentKfBJbIUkqNExNCSB4n7nezZObsbV5Sjaih3op2VWl0l7L+Y6xVVT+wnQcCabACHzGq0T+r7AuT7OCbm6rg/q8DtjJmQeVi7VTJFTcLuoloo2MaVHKZcCMhEsbdx67dTz0LlMgnDugwDFszjEmHBooSE6Fj8JABEdqymIBz8LTVIQ0hwIAIiQGxETK21KUpr7RLA3/3d+Xw+nU7zfDqfT/M8J03wcjdNU2vz1ObTaZ7nU3wr3DaJkisbuAwjpedb0rgKr0HkotgSEk4lX41ONOVNST813LUNbBAWJBVuN9x3Y3/0w2yh2moDwh+ynTt7P9/2kOQtFSgY0s2YEoph4vi6uKnXPgGNzM0RoDVuSB9+7aOPvvYRondbAK1NZObAlLa95L33eLJAUjkJEFU1pFtT+DRJZw6FgkL+GGVmcgckivklAbtIU0BIN9awofPqcbhdZU1NKWUaIFiMPs6cnuhOtB+PXsBZpTaMIZ+VQ2U3AETTMAd09qB3J9zom5Dqbs+71yVCT3a4OTNoZRgwM6IDhjr4OA0nh71HYDQeRPZOsEtxiO6aqiCGFDBYAFlmob0J2Mgrg6nGE4UAqZuZETbKXAXamLzkoD5ooEG7BMBp4vgnIBCBiALU85yKJB0awtusFbg68KbqCcGVJ+YimTogkKNYzcaIZlBsceyyPYlULScAMERoxOjYu0R+lg/Z6VBFdRcR5tD0dTNDAkSOd4FMpwg75DBoNiNiM+uia5fI9QFAR5SeSuci6kUwNdGBiouZuuoAyXNpGHRViiSesmc9ylGOcpSjHOUoRznKUd6fMjwI41+YIYZdjBcBnvMgHHXg2Vj0y9vrJ92XjnUXg/DZOiVS837E8I/1Y/0L1m8ZhHt21LF+rL+H609cAJ/W8S2XxH+LY7303We3+76O7/NW4Cb3JB0KoUpJsm34CyJtAqEAEEJsASyoDWlBK7OcmwisQ3rTACBTHntHxo84XGBmrbWIbKk5ugUKF4FyRGQI0biK2EJqjIoZmICCdTAENkNCkt7FGrcghs1mLEZL5xb2cozEDhyQZ8A1QzlSxUS69q7huJbt4dI7czhG0dZaRaWK5gwTxbDn2bEYsEwGvTx7siBCa21dl2mapmluLfg2PIgKREjEEetGDGMhE+nreg10cLk+Ltfrsizrel3WZV2v0jXEG0PeCxGdPDyrOq2IqNrVepeVp5mZeJ2m9bqcT9M0MfNCCAAmFrQyc+9rcvrW9bGoiqtIX2Vd+9rXVUURcTiyBaoRyp1I2Duv6/L4+Gaa5jZPIeYZF5cx3IC7waSLmpYZXuC0vfe19y591d61d7BhSudQfkgj3G+Fh1X/AsAi0nkCBkmkKZyWqWGRQsAJSsd2oOyWrLaQGDUIedwSpbRUxs0YdwpcOhRwvpGEoJhgZdGXMP0m1gmAAMHCDBDNzBBCbJGkd087z0SnAcEteE5xpRB2UBDQXpwlAICXfiGSEybkDhu7D3YioQ5jUql5AopwaLBHEwqmi1P14PWADxe0gQCYbXqqGA6lvpsDQueuUEbaJD8BEbm1hEUStxx8Zd/R5xL9hB04BAUN4SBQ59l4SlcCpjZtWPoFcgfDdi3aMTEuHMy/Ae6VYiMAlvUaArqpDy5RTLqYQodc021+C4cSKNX5588MH7erEMMd+GV5VuBFYSYaWsyIaD4OOfBRQqbGEzG31qZ5aq2FX+D5dDqdzvPpNHIUzuEmOM8tHAFbi2mhtTbN8zzPnGaLzI0btcD+OEwDY50ZYbAA4yoK5kwTxM1QEHG7T9UihAjFTse9yitszR5dYHtsPb31uzJuvY9pwbefRW+XPdS064o+yHVWIDd4uNh6nDS2FnRyMxO3j776lW99+49++Fc/+PSzTwCRGvnq5gqhdRkakPXkHaLEROCegqg1iHCg5uMMb6DlIWet2beIeS9zXePcMWWXi5fvdUu2+SeUKQet8MnTPPHl4gDTTlB0HG3TC9imphBnLlXfIUUQd2CggwgjdSHrYLw/JEAIiACUWTLMRGEITJQ/uROCLwixEp+qH4wpn7wUzreRuOuO4wG9F31FJOZkmiNhtUZR4syqJtQbkZlRWjSaBr88TjaTAEJ+OCHUwXnMTK0SG99TmEf71gluLece6tUAltTOPfMTEQncw8VW1erjdE7EZHbXvUZ0gC4SY8cMzDGgOiLKPA1xEbn2DtYTaaZGbQZmNZDeVU0q0cpjMgjqvZk7GICGQ3NOd+SQnqjxXglqQZo/AMKjHOUoRznKUY5ylKO8d2XvQVg/Wrct+UvxBQ9CqE8H9+4J7/DZ7SPd+Ml+9pxC3PH5cIv33MaKPwdneXufv1mdz1/H3+K7x/rv6frhQXgsf7Olv1t9/8328FydEex6/lt+e8S39+Av7+c5puCL23d7dn9u/7HhmZoVgh1li0tW6GwL4Q3uwAiiFVPuljGTQV8YNDu8CeT6FqKLmHOE3VTBwdEb8kBiCKCIKHnO6oqGohgxRlF199Y4QmIixkyETMyzaGuduFHLoDdxA6QCCDNPX01NLVCpFOp0xSJ6BTOSQyCMRluhOVRoFt1NU7BM99SggV4EDDkYUMyk2oK1uCwLM7W2E+VLYIe3nuPhM9TXdVmXvizLslyX63XtS+9d1r6uS++SNpAOmGF3RnTKoD2JdtF1kSu3iZiYW5um9qa1aSYicIgQbHoMmUvZHYqs0TKioip1uK6io0sW5QVJKXhUhLT2Fa/IrbWptda4tSQEbVAUuJuIhNBl6rEGWGgiIqZioipaMe/4VsZ/NzoYwHjtSf4FbnSKUWWHLoX2Z4ZRB/ZXCHgihREETr+m8vXKUeRuQbBwi51kxsAw8iuM4clgLUZO0SsK+xDReBqGmVmAMYgo0iFs7TJynOCejUklJCNvj7VjYMWQtDTJAt9jLVYB6RrLObQdCtEfx/TdLFZzQGKdZYC3Ywdu5EILFM0cBnw05D0rth9AXAKoMepDWzJgTLeA3QZaUs228Rh3UEowcKHkSHfMM0yUalAnARyJdwijJbGr8LUEFvI0A2Xl0bhhnTjgLsg5joC8LNAC+ixtVqhpb5zO0ExNaI9GE7lHh9sQaAp7PsxZk7glsEZInBy+1lp6fHKifKfTaUrnwBMHQDjP82ku7uCUKsf1zcClw3ww0xWYW4B/VRi5aFS3p5QCkIXE5/VRNF3keeQAHCKag6oZMtT13PEiAo6H0kAM9g8t32R63yrjt9QYGNsteFKtBnWt2GaRuz0/Q5oSgcL5cNPdvtF09ftXr77xzW9++4//+Gc/+2+Pn31mKtM0xTxmYA5EjO4UnPOYggCAmcM8L8d0stFz5G1w0vb8vcHjY5QWmBZEwO0yc4z7wOMzv2nwoSOb6QnUevNyMSDN3Vgruny51711Bwptg+CqgW5z9XiZgQKE99OCQUiTRqKGYQG1WKTaoKuOY9KYVTyFiGmMsoQQsTj9NQtujYmp+xyTT2UAJADMjAhEDNvkltOEbzOn1xtRnqMV9TBucVBs9wg0bo9NQACn7GND/dMBKCW4HZKWrpGuEu1ZzG/Qggtt/J7afDvTm1nDghVAzaCkVx2HvEGa0EaeQd17FS2ta/PwSV5Frut6XddsVQQCIgdXN7NVxNSkS1cNIdbIopKQ5jZX89A7r0ybggKzr4dCqT4dt0c5ylGOcpSjHOUoRznK+1Dq5X3EY/FpdHf3KW4/MLfl4UF4LI/ll142gBESuXVwO9aP9fdwfeRSPF8nNvzWx6pA6pfavl9+qf0PeB4q/DUCYeWTBDeIw4iLZSA7vY9uoIJBdwidL1OtLP+KWyKE3l1yTyKIie7p10M5L7hTBPuS3eXmhoaqigCRog8AZsoc9lqh0kYASMjLsnKbmCdq3NrU2sRtQkqAMDTtNIsFHqYqrmJmtPkBQeCNxARlPBahRjMt6lYl9rtuufw1sQXIMWh2cZKt8bpya+wORLgHCAfJyEtSNr6uqr2HAOe6BlTYV1U10XW5dpEhQokVvnOw0CxFxC7TKq2tjRpTUH8omJHsgEFyhIjdgaO7Bk5n5u4qqhq+e6oi0tcu3dTL2g4iDB13lmhgbwTgQEiMxFwqi1sQNHQsTdVLmDMOZ14B1mg32cfG421ruDm6V2QWIOLV5mbF7ho9dvTlweKiEVYONylP77EaFlh2XWHjNHBw2MXODaxwcR8gf+F3WXV7xmVHGQDhjkcGFiZnaVGFiEZkiGim4G6U9wXGsKyLAdx0+/Y8qwqUlylfHXzg9r4/LahRuYPaBvlx/3HQwvbZAIMKvJPl3KaR7XqL97YHCeMgMQt4EpND0I4GWBIzXSlVjsngCV644+wGFQ0JaMiNlnMqVD5dBtMBoosOCmQxaQaPLQiEhMF7BSQe9T3Q90T0KQP2ydwLNUIIPCnUQvO4XumBOGCRpOMNRc7SYizcHZy5MY8EAuIwzEwKH29qoXOUaWrzNM3TPM2n0zSFReAc3p9FsKYYp0QDCOXRhnGIsBbD1DaFUY9CKxTHbUmgknyPytWcDRTs3DBg2/qS3wABSaod9zx/wPjI1Nwz58Z3wLen1zPl5oMhAPOkSlaynfDs7hO8hb9y+vIaJrHZxszp0Obpq1/7Z3/23e/+17/+4a9/9cvHN8vd5RJGhm7mBIgNINAox5CP9YFLgY/JI1jgO5x+k78car1eD9UdSDmmxz3N2sxC5DsH+ParMbGZcROebcX95l0T5Una7t7U1LplM9RWTG/E7b541S890+fuHQ53yoKouYZKMaWdEJnJSmi5JhjM+SVRtBLW9EQEg3cdwqrxuAkKsJcpbIyOsh686Xhjvt03C5Xn6F4jt15xON9qdtgthhJsZHhswCEORmPQ4uO1IjA+R0Ae/MXk3vno3tVIxVR3TEvdmK/I3HJsgpmbmBaWmei3OQQpXM1EJTW2AdzEwFeRtYuoc+adgDqgKICpWVfTLl0kNMwJDAFNTUxNzdSkXGvjYRYa72bugDGTOYDq3qf6KEc5ylGOcpSjHOUoR3lvyhY9vY2pVsblCJq+GCu+wTvgi7fH+ufFnJ+svxR/ru3vFit+ef0faj/H+rH+8noD2OPxx/qx/n6v7/l4z9SBbd2/aJ+ft593XH/2WC/sfx/h2jOcYgsmjlYR87dBhUILSmbwKZ0owpsj4EpIRoBEOBhFRBxhcyjNwzpCnAk7bvHQinUCALg5UURCe+8jds2tZTgxWViNIhbOU2tzmyYksozTATINo8RAvkyDQTjwm4yOxqlmaH8HfpiZmA6EYqinDutBQkKgUhnVivBuEdCi72S0/wY9qfhtHStYfKIiotp7FxE3NbO1L2FcN74Xp21mYbwYlERciJiJA8FIj0Pf1NWsQCGPEHbE8xDZgmapkvQ+FTNJMNoS/km0zz3g4RFaNVcPE7skyCXIE21uZlhkKXDIMOgNHAimWjp5ERa/AQghUbbofmF4d+ML6BZ9sPYAG2tr3GVPSdGtdyc+WxXK8s8swrgFRjlCEHeKEgUAjlDYbuBb463Mh26nO0BgRhH+TR0+h7DHGpqH7k4D5NzQaRgUXrjtMEVoAhogLWIoao6zTswnkNECrfccoIHtgG3NOI6yRwT38sIhSrw1e91ErDt+Qy/ejpUAIYDVVGGwAXSYfcy94DAeSoyENzBh+txxfQ0hQEIHUE+QYCD0FA8DIwAAIABJREFUlLMHmCli0G0hPP/GEBrMpobbQWsWivA9xoAC2+auAfOPiyUkojaafsPUeJj0IQDUQWgHLaQNYRs83CL8TVPp9rZcDmnQaZoaT0yN6qyRsXQZaT82d/9iQtrf6x3iW2zAzUEQEQk3Emw06YQwng+WHmt7sDUBtezESDsdSCg+1C0qsIfj6bZ+qpzsVWRvy2DQ7TvbC6V+5932860bm5s5NQIErVlrL5FqqmBOSKFxef/q1Z/9y3/1kx/96Bc///nHH//68XrtvaNZcLbquaGAboBgWPMnJg266MyI2wPawwLVDcCDkzYa64bCGCCSw140dVzk6Ff7r4zbHUakzzfQbWLQ2BLAKm7WmeE8WtrFu0lgyy/Y7XN7au5aP77BzNs7QI7WmyvZ5uptWFkR+QiCK+wY7DgANLTtwisNBRyIPPNKzBuFtm0+0Ub+0tayN92Diqmf1zBG7g7YhhprFFLkOcvidut8f+c8RI9ze+Q/gYObqZtDoINOwQsMKnSdTY4uQiBUMBWN95YdqIwhcBAtLPFGYjYeSQAg7gioZqKm6qFHG+lTZoHwAVJrbQqNUhFdxcZDd11FRMydEF26qoqoRtKO6v/P3rsuyXEcSaMeEVnVMyAo6rZaO7tm+/5PtmftfLuSSAKY6a7MiPMjLpk9uBCgyCU+U6XERk1NdV3yWhMe7t5H15nsBc2XJIC2feddtm17fHx1HIeqfqQnnuUsZznLWc5ylrOc5Sy/UZnBthcx2IUfMv/5UAx2iqAU5+ST+++2Pycm/LHjE7/8ybj0uX1ufzXbLfP7U0Tn3D63v+bt1Hj+yDERCvpHr1UIw+fs98UljknVQ1RU7gPnCaJC3qoPydK7ZmZdqFOYITyDa4FN/tIsRQWLYNA9s5BFPPDLwoCxElvm9MM4YmKIvHYLIhDFTGE2VJXBpB7Ca6JQG0M7AIgHu5k9dE9HcKhENpEmrYElkRZmJo9Rabj1DR2asTgLCGaRFX35mICqjdHzqTHhUGDFz+LpZo/In80CvhRm4rpOaAyamoFBavG/DMUNT8fXkf6J/YCt2FPY+liRB6jC9EQkjoZMI8kMUBZ7EdGCMCMzWF3LXClshPJbmi85g2roGKamVjiCeU91JkzZUiIwOX8UKMABIwFFlAk2CDToNkuImSZWlg9dlefhdwT0BAAjo7JRBbOXaoSaddWKNMogqjtHhdahFcPQFy3Hty3695oUQJMD4SF/CUKNAc75QYGU/pO0Vu5sZiZiC+RmlI2IFQ0JTtqKAYQUYATcE4kLl7QEW6gQKaaE9hcJTMyv1akieM2JupA5qEchA4qFRYfinCVYETKUS7UjGWcuvhcUOzMt7VAnVeYgnZXh0sGFbqXTXeox+lP5CUFgI2MQKdkwG4i34olugkwRJlleYx6bT3HQGJnE3l5CITha2KWwcBMWtqEenSdiaS2fOGRKiRhGDm9WvRExh0cgN2nS3OaPktvHwixNpDUW8QePm/EbY2nupcnNFRc93cK/W9hgMP6EpHFYI/rjJaJa/1vHpk985WBAQBOJxq43t0Q5aZk1cnbjFQ2k6JoTf8pUk8kUErojGFaviwntXjMzu8ndrPxidqa7XWSTZlenX1GmfKglRSbnCk+VAFRBpKq99+GD0aDayTD6YapCPPpN+7DRj+v1j3/607/85S//9f/+51//+/88XPbGZIBb5zohnBjkiQ8xvbFnMwC0Piwyw4eJDE5UhY6AAW2KIvtsaabDl29TSwjdmGPSpCJqGmCul0oMIk8pmFWDtWa84d2FkbL7Zh0qlDFBQbh7ZiT+GUKCFBbzJZbkhlw0/WKeHgMjM3J2qzdGC23qSOXxlW2F1hN0jyZWA8adonN1l7rs0GGqBBoaBpCuT8DmLwxOdAsRYc+dIQtt6wkk55LhFyvHwcpQYXbiICUemTaM4XsayyvRbGVJK06r2XlpBjWQkSJUcBfslcw1sNVIrXd1N8EmLVjRhqHaHftUJaI++hjqNWmEYVDVIwUDjq5DTQSmOI7jer0OVQWp2VDtor5kOMg6hvauCj2uNw3+O/XRXaU0BBOksTY1EkmjYuLK1IqkAxbhdtkuwb8+y1nOcpaznOUsZznLWb6eQrS4sWQkOKkMU2SkYq0fiBVPrsB9rPjj+z98ntpOHZEPfNdengdrrPgfi1F/8Xnol7nuuf3PtN2QcYn8o/jcPrd/hW17f799xnc/dIx93nXtp8756fPYT+5f7s3sQ+fPr97XwxJgchJDrnozCC5IxMVDOLbGZv3Y0P4rMS5bg3NFFKjIGjObGAAOJETZSFRVxTyO79BYEQ1nDUZFOecqgnSj++8relhX8Xi63yqzeIQe5BcN5bKkdFhJXDq7ABEjdpZhqsphhjU9VaiM0yahzWEIAlmSCQqFgwvA2Xp8BTpxT7paWAXs91U3adPiyFKla5Qml6olLggP3wJ23+mJmHEvmZkg0CoflwlGut6xeqi4DNiAOxhJrZyc8nF4FdBb+nrZKNkScs3Lr4M1A+h1+4w7wEnNlDH3vCwUqqQRTY51Z8bg/ZldNhHkbEb1LgImI/KgJ4GMTfJLTlVJf0LMO6fUkcz/sUdClxZwYCV/SCQz3ixzGEYdqgOENeS8/ZLSGiHrCM0HEhwdNfvVSym8Mk1EGQoSh7dV4XNLFJ9KVjBJkomxcYbd2XE5PxmH3mRkHyTGZqmNaOlgVwAhgbg8wNy8z2LWIkoEceEUEiFN+VhYeKmxO5KbH+8AYZJ9eM5HoKXl8svFrFsJi6Dk+91x79xZU4S95sIebSE8xTlBhpAp5gDOLUDSRTjUxTv938nsE2ERBJ4oKy3J6cYOmca1iBlc2EVyJYkZzDZ93DJfoNo6O0ogSgXcFRi0dPPqqlRALxAc3BeHFV9qGdhV49FXw+yvkk5elBw1dL+PcA+d0B2TMMUnl+2aEGcexUpQnKLald1S+1052sWEFdZH9+87qZpA2g8dnYDr8/Nxfe632+3p6ccf38KotW2MucTAmcqIKUuHUknQ1PSWuNMy4mG6sAkDilvWi5xziw4GR2Gz4nj5QxXvVbOfRPjO23Wt8JBQpjkvubIozNjY17ZJ0F7I2S4cXrz5WkBrgZhVXFlEBCdAczKsk/kXEGAdKYus8dp9HItz2nTZRM71KLFGMyMyBqcnILnKKFMmoFC5AE4RV//M/ATS8H9VBwj9bm0+ziQE0yqLbXXb2eazg1PctyUfPxvN1WdJ7U5he3nHVDUjtUFu6uvzOhEMrBjDc6ti/qbe03mQyenzQ/XoY6gdt977AGEoVPV2O56vt6HmdO8x1JOiSkdb3a0QGApmlm0TFpamTWFo29ZEQDFL2zIqiYlZyGeo6BjsIsgnQHiWs5zlLGc5y1nOcpavqyyaTsufqGucdgn90odivMkU9L8+fnr/3fbnxLo/drzHmT4Rlz63z+2vbjs9CN93Uzs/z8+v8DPm2Y8dA9gv0Z8/dpWfuPrnfebgW2G8Coel0VGM0xfaYtN6DWBi4wjkVfo8Kgx0l9ICZ+F4EDA8/Fw/UCUoCc7gU483W6ImC5g1Y502Mobmklxj+LcLP+CKl4MYcE/DAAjL6wvF/9OA4GAudWjErImVpXwjTCl4H4V7xffi9rJWMetBM5RrWjy0gFgTtEqSQVgPpfFeiriahtejmlnooAZAScquGgnnMk2BP4WaaRBOJ1DocoATsIuNBDQrGwoem06RwCAlIh+d4jx1v0jlx4iCq0IduCCPwGZ8dMUCKWmDcdqVYrKAWMgSRLbslnmWFyHFBTJCIIMvAcJ4pXNohtmjktUKDoEpEM6YM1+qpFgXY7MEsOoRCosJeta9KJ4TghAIKxVakhBeUCjUDFBa4Vg4BzTx+FpIaYbC/eyclycfShMrdOFNA9i/66H3wmISIYorSjIEoy8DhKT4EMHMcS0CuceVDz0fT1QkPLLAFDlwKAT6Z0xMJA54O6a1QCEo3G6tQ7+BJiLSuAlBFlyPE2QLhpsRFBYpAyRzKqLE45iJZYoKOo8vSY6MYC2m42A497G7AkoL2C8Yh9MzbemTVFqDSDwsYGLmZO9RCYoWSJeQJlsihE7dijvznuYoa2IqHP0TwXp0SWEysz41W6szJ2xUWHK0Ke5lKg1qAzZh7+qK+YTlWTv/JprD1dIrb/7GCtUuwOAeIKzzRnVp/eK990cgWNBzxpgEwRc4YExTagvC4thdGKNZiYia+pRsI/1jWcRg3dERNbeuFREd3THC5+fn53fvnt++ffPDD3/9P//97ulJpO37xQx9KFTd+y2zQWgMLZFcSuPABRp5qQE+EcFZz3ZfKy8qP0YQlaBATIQ5jy29dFmlZ47IAilPbD0mESLX+552gKpr8hATW1HRs0MucDwlBTEJ4rETSN9cWvf7dLGkQFWL5ytH2S5aJMlMCVCKN5NZU4ECuglgJSzGq4HxXO7NXNYVZKqp3wqYEsXSPNTCL9aWfjyB3pxOQ0q7XhBqtl8aK/OIkNBjjDPvj5UnElT57L+YbwJEhqE6AAJG5tYMQ1dTvwECOeatRgwCKWyo9a7Xox99HLfeeweIafQxbke/3g5TJRFm0WHMmegEIiILmI+3bW9t2y+7SPNXNCZpTZjdwpVFxHVHex+qwzXhW2OQ5Esdba3JvZ7wWc5ylrOc5SxnOctZzvJVlA/GeCeKsfz2g9HaO7wDP73fKvj0mTHej8Wfv/Q85+f5+dt/Lh6E5+f5+fV/4tPH4Ne9yk9c/bM+PQc81PsAzPz1iG+F95xGeJYc0puSjFEmxyvubSGNlIma+xUREZNAANBBZMROHhIWYwODhNwpx/+fJ87zIxgdCTX1MbP7zax3LW8bNxaTkiLL7HUQgxhG90JuM9CWUb4SOrXVB8syyrx+fQnSaXrVWUap1dK4Lqrd3HOOuYn24bIAlEZ8Ti/KRwWzzLhwUDJU1eP1flEKNAhE5EJnnpTPGoFzBcyDnnWTQfsjkLn8HLlJkqbvJIV8pZlqsKC8XxhW8MOFT+8oLxa/FSIwr/irtyRZcsICORHYUs/+NsVGKWQXdLelsv1zQbXlAwBhInVNBOB1H6IbRsfhYI8RJ9GE4HZQFCZMZkWtAhEZW3I6Vquz94h68QT8MtxJoKK5OaeNweHgZou9X/QrGwbluQe8AITq/Zi8D0ztyKCSJWa/jsrAxcm8WpLNQ6W5mAzChBNLljRvqcA4l5ZtIapJqurSviuNhkXIp5igyFkg/3A8UYm5yea9KPV2Z42JiLN/QQgyodvqbWHKxyLM20q5CyVPDvlLOC7pEsNSXoBEHowWYRZCcg/jHG3irvfWa9XKPGvFQc2ZY7F+Jm1phTyKkjnv5J6e9YHuBIeac3AxhwBjCvaaOMexSEtJ5aT8/X0fRvVhRfQcNeMEUE3NKJFkM8Z8hGC6xriOhAwOvDImqRcT4/286kdJzucaM1EMzZmHEXARAKC7H9vCV15/dOXP9aKaPnMJySDTKZLrnKXayOWg0xvVDxjlo8ZNWERNb7fbvITqtm2wMY7juD33oz+/e/vj9z98/9e//vV//vv56Wnbttevf/f2zfejd4IylBgiLMIG6kMp1BSNTD0/Ae4O63djXLUdpLcVMAMMDGil+pSa9NJ9YvrlVLGe/dbmeC/4Pz/nO8b85TIJeC1PKeHFl7TOGcslcdoGz3eDQs7MzGquWIRF1oSQZfmjIvqb2SDmhWrv47bu3tNd1kGkU4k4OPR+T56QQz4LBzHaT+jENsMwYjOYkuac7Asc0shPmeMxFZoD1hfKyM1gwgBGvjzUw8WVk9AfzqhOZzRkhod1h6zJU0Ym47Aw7vJYNU+TAsoyk4jU3CxZ8t2OjUwxYgYY2rvejn699ufr7Xq99R7nux396H10jalFhIj2fW/SQr3YGX8i+74zt7Zt+77nXCrr2wuzMEnRNwFLgWL0ob0PIrS2udr7e1D3Wc5ylrOc5SxnOctZzvJblw/GeB3PePHbD0Zr55HuD/VT+z/oHfipT/rU/i84z/l5fv72n8kgRPXgc/vc/oq3w6TrY8dk/sg/eC3LXI/P2b9+fsb5K5z3wo0pYSrzOJ9k0NEAD6reoYMWHn4VbL1jAyQAU6pt9dvE28yyxlxsccCMVNlMTce04SnQrspwWzzVJeAbgdTIxFcFrLGU7ZVfv06E6XwXpECzMFd0zUbNQHBwfICUC51kIMu1dipoxk2rRQhdJ+CkNjTMiqRJ8h1DgixvkMqDiAZXYNOvr6ZqA6oJHARdL+4t0CC2NBd03NEDooE8qqYdW6gdTicxBH45YQ6+izcv7LJoxEJQKvJeAeLGrAgnpYgCM7GbraHiwgSYSHTPRE4iyDtJSnTXSVfM5sXOuyh2MEdTyS+AkwRSiIlcjY4IRouAO5WKIpOFxmKG5YuOF0OcQ7kyCC66hMgLBwQxOHG4APHiFgRWblUlK7cQyGBOv/P78hpjZmQ4PgZo4oQJNpVkXz5IQA20eFvF75xKGJUbLn5cCGqdIn3qyB0+JSmM9aBQgEmEhcUNJomImxBR2EyW2VTpZyYqR0Qti1OFmEikbXugj8Sp0lkgnutzSnL7AjzMhq1Wc3qlt/l9naQwMqNmoOrWVGZtronKy5BIwt/sbCsLKJA51z513WORFeZ3HmXQ8WIlofDJ49nzZkpBsTqRorXMHBOYgXOMJDYPySoowUnmBgpyUqLE0QUkIUaYYSE+c1GgavjdzeFI/cYiWq32dXMmtEoVmZ5qRDRyrcEyw0/dwrqa08GCJZY4n63fsXXee4n/uSuqN66FCHKZuQZU4TsLFAu/UdXe+3Ecx3H0MaSJ7Juj4G1rQgyjPvQY19vtertee79B9enNux9/+OHvf/9ehz5cHvur/vT2+bY9j34cXUWIR2BpUIwxiMx8AoEpEbOoGdNMT8mlYFkalpW3UKF1DkwU8E4SsypHM+FjLvdL260/rl+cbzXLhdaZXwJzLD5faJbWwrQ+xQvtcdR8u+g0rzrbuC9h6adOm+W6k/V+vCGrc3pK0Ypy30ORxsxba8ziXSSTFdivNFQt00eqisbo6Uxr1evc0jBTHKbcgojUi8qSPRDPo7FK+5BWBwjDis/ITI8RMskjHXZ9zdHoq67lGvk6Q9WTAVStj8Pnjry2TyV2HP3o3Qx89H6M23Fcb8f1+Xi+XcdQEG+yEcvlYbsQb7JdLpdI9SDa933bNocG3U2Qmbdta23z/Ay/jE/mXjMi0tpmWhzsolbDXw4zrcuO49DMBjjLWc5ylrOc5SxnOctZvpZSf0C8iK9GjMjmnzIfixXf4R346f2+/amY84vtj8Wf32MQ/oMx6l/qPOf2uf3x7Wb593QMqfrr+dx/7v819+PnnWfBgj50POZ++6nzf+o8n3ufyEO+6PwuaWYV4Z4oUqCQd7HIBH4qHMbEmiGyNQoZa2OBmPFj4A0RN2QWxxcJZq7W5Sp8osF7UhgnB8Tdm6Y+3BhjqI4RhI+8JY//2hjqPlGm2iVswDLbHhMgRGX6Vx2vwfDAthKxCSG4kuWLuGeiKzaDjs5ZMyvEKHgKgdp5dYweGm9m6dxrE9Tww9RGITlhI5ZuYoEVJablkUbmeYJAMpYD4vziAeIAtCjDrAATjJHtB1crdWpdokG4AwjXlp1R4ArFMiuhoEqHn5z+BrDXzkpd8XqjhUUEsvSRvOOnvuALrnSuCs4G0opUeIswNJWYpCNLaemkZJg4aVwJRETiTKq6S67GpkDHOABC76gGEBbHusSkCEgeJ9zUjiTAMG4xEi3hjFnPYHIgWxL+C4TRu9uEvRbqWl2x/LsiIQChNGvL66wjUDliXU4wLxGnLVe+UMp0Mc2QHsy9LlEpIuJwlCv5CnOT0OCUCd+lwZ6fj4jJMT8OSVK/amuNq1nz20X1m5hj8ATDSHKCxzlIx8RVFvAtqwfeM2OUFVSI9N/LLrgaIS7/LD04AUIiJiEKB01zE8Yc+HCi3h1tK+GNaoS1g2f/NYATCeaal7je0et4qoyImrZrbl8mAysiYMxfauqGaoVLLr+d0wLVGe9oavF7Te3dnG7rw+a4CSQOK6EqkcAEC2CmPnWMtYaxXBOLxOJC2TQ3hPO1QEdw0j03Ygwnxpfco5nZ6APOE55gpurQ47gdt+PoB1ja0bkJuQwxkan20cfRr9fr9fnp+vyuH8f16d27N2+P6xVmIvJwefj29bfXp3fP1AxDFWOMPlQ6tyZhg0fGxEbETKZq6GyVfpCobQJmqsZMMPJFlwCWas3665IQCRYB4k7u8FyM14nU5Tct9E0NqjYJuKguTvE2YYG9+Ypgi2I2gomcDUR3Lxd3e7MZXWtZFy7s2usoAVIs7FLPs1GEpe97DpTORRbH8GAafrGxOqepoVUuRimRcnYHF7+N3KBhpU1KZc2rZpGXYRhjDFMyMpBlUhAbxIY/QVAex6jBqNHzQCz5gMbMOjVZAYYZO73ec6HyXSoSoLLqoAYdYXapNlRjGlODZyO5fIK3jBpU7bgdvQ8HTY/buB233ocqSXN+YGtta7JJE9m2re2tNRFpIsx8uVy2bZMmJOL7S57ZS+GwJT/rYKFb/da0XItOLWtRS6k6e5aznOUsZznLWc5ylrN8JcVKQ/RlPJYyvoq5/z5WHPsz35Awg7gv9tvUPYvtL4lvf+z4DB3+ZFz63H/u/2r2t7ucUsu/EHP73H/u/5X2269y/uRz/IPnCTLVe/e57J+Z7V94/gkM5OrEtaZ4yc0gDqa/10rX8OCX/+Il7SBOYfaSTUJqxiJF1ojvcvCemNm/xsxmIyKUDIwIGlrkzmtqfM0Qt5o6cEhOyNJhGA7MFEBYGExxDl5U4SpAV9DTlNWDGxdVdHzycmx57BmGrdYyFLXCYVhOG7lS06tp0CVElVaFw5DhYwQhie8oEfeyp44dRAyu4vGB9xA42ISmSLLbKn4WbCMow7gQqcQa6b7g/qpVDQZAJpcxaHMkiW8liHkP/q1P5MBuxv2BGcylNLwEEbUmhQ8tPd2V5Gyy8TiBr8lcY2Yp1guzCAuleKtFLTreEliwqyMi+ye5P56jamaG6cPH4uy+6U3oAGg8pjBRBUy5hH4zXDxJNkxE7KKvAachMd9ypLszrpsgIsIqsIYVJdhUbRVXmUjmxBMDunNgUDxCHFZ4nLw/jwtHVTaRBBL9+YlYaNs25IEiUi5r6S+4kvFi10TiMkuhTAELREOimYk6cD19PgJzsGIHLEjBvLhREu61TJPTHG/13scwK2y5crZpQW8IWzMtIGMCFwt72erLBRrfAyh+VHrT0fy9+59xIm2FG8VvsRwPK+PUuDVVnuBK3UsOrOrPLzYW4B/LSuJVXjOor3MT/7sDFG0W/8tJ0/XvPXoYmZELfA4dIdgYiqCa+NbKSMR6tyuw1Huf3LqAHACFwXToyFJfN7PeBzSEmotMa2oYDr9g6DAzHgOwqz0jocV+HMftdn16evvmzdu3P/br83G7jt49PYWJHh8fL5eH6/WmA73f+qGASmPzgWuhXcnMAmOGjs6pEW0w00EUBpWRCAMGc2o7g7DVaI7/Sj1ZLZUCUGkXa/25ArCLS1ssVEwwYp2SoWq5HpTrrTonrFadaPChtuC9Do3nMlBosXFkbbjEcBpezr9nZ6OsiK8nTojIMlrI0r62lNIBjKBIgoiGDTPzxIIch+U/GH/kR0oJUWBpFkcNHaou6G01KSbP1BmrDCIzGmYY5vOPBp3fWKFzbgtSa9k6j9TmdfvZBA5pJFc2hp5FipFa0OyInZfs6VlEzAaoWh/qCKFCTZHkWKiTcn0Ig9RMhx593G63WPSYddhQImqXy+XycNn3h23bSHhr+3a57PsubTOzJrK31lq7XC6tNRYG877vrbV8fWIRSRY4OcSO9F8VaSJ75Q0syw1KWfrFu8RZznKWs5zlLGc5y1nO8pUUWmK8+Iy46we253mmlcaL/ffnxyfO/6H9Hzv+S89z7j/3//b720JjmkGjpPmc+8/9/3ftxy9zHnzh/i8+P3Ikesp5Qm0AAG6ehh/hVKqYfhF00oRolSyroG2JcxpRsP8AFqaFN6CRLc7MgBgMGN3SRNBdgDyi6NKmYwxVpZQ5TVTyZbg5gqLMCjdz0tTvQq7CLs84lQPri1gek5c9GQonTpwqvjL1BGD3detBrxeB8HmHiz/cehsrHkmLAx/V6l5XN4PZ0iIvrsLlSVUh2gQIQ9Q0yGKOQUUwmIiDQwFT2FjxwKV6V1BnglKcc7vfuSYLJm7Iscn5FpTClctDBWeOygHNQtXVAGjaSgJgLbHWANvmwzqFTxqrjRBvTCnKdKsiYkb2TH8M4TSlS71QtTFUiWfNhihlPaY3D4PUN82fioN0RzZ0QZYmQun6okQsbi036Tg+VElY8jzJWYxaWywViVrbnL63cN44ETBipl22RPYFKdHpgpxedZy+fQ5pev1QVleTJtzeGx0kEoQRt3+TZJOscV4fYtu2Fdzuh/kT+U5mbq2tJ8eLOPHS5+/6Id0NIsonWg5eBlPObEUvLRItEQmlDSQAQqmneuTdcWUj8ELuVAqggRIBeH8GoAn0x4NQGH8GTMGA5rya87Mtf3Z4Tcw5Oabp6LKZX7X4XBZ+ZsF7JCdx1fR/f5+TQVhwGj5UCiBM2OaeeujkQz/D/SVmHkO2eB/DdTtVFSBnJSXrWAIUVHLNRH8aAh/HUTWZaNFdbkcCijrGOI5jnU/MdaqN6gBfROLsjru4Weu6kuRvhRnbRqpDx/V29aJjMJEIw0zHuN2u1+fnH7///vr0TkeHAab9OEbvquO7737P1P5uf/vb03M/rDVmaihjRzMdxx07mQIuIg5IzsyYMExVdSOS1gRNx+jj0GEknnhBw2ouZ69QtQCsgzGbf9MaSpOYHSa0akDLrhvvA4EOjjHWof1iMNoi8O2/1XsdURs6VAEzjhHgeUWJ/qlD90v5ZlMoAAAgAElEQVSXu+uKIUUbrWwGeLYAQOu7jSIkY6Eg19JGjZlIGerdakYNkWeCQW/HUVavnFLQmTjiiwVjmMJct4DZmMncjJF5jOFc1VxNwEY8c7Cwb/t8GRhQqBkoyXKq43oc4e0qYkA3J7/G2mSeENNDHNcNX5nN5UOdd+fwopMe/clH+SGbHYcTGbX3ceuHGUTatrXL5eFRpLX28PDYtn3bdmmNRLZ2eXh4eHh42PfdX2aEedtk2zZu4sk427Y5VOxi17V8rMh9YoSttd2qse55ouuUP5e8s5zlLGc5y1nOcpaznOXrKffh2C+Ox67pt2sA8WP7QV92/o8e/6XnOfef+3/7/S3+aHzPTY3e91c795/7f/P9CAHNjxwfUb5/9LqBjn32/i85f+k4ziGZD1aRP48upQ3Y9PuZ7JfcqijtjB4ygSXC634eLN5mxM60ICKjYJj4l20MD0KPYalnF7RCjxy7p1eF8JwJZ+E7aGSh5EjMIlsI1qnZDEVlcCoVzCwjVsgHwFov9wv31GO0uwV3wYFiVxLaXgbf19tYoZH6F5jNYDS/+wIg9Kg2M4XkI9f7xIJQ0yKdF9BISMmFmFoSBC201AhkRIJgEAbWWg2Xt8ggZ44KyMiSGJVoofcLpURjkrs264sIRha8igVlBAgh9zkXiPzPQ5CJGbswIEsjguRZHRgJahtYA5VbaIMoS78EliIEjDKv40QJ1FXpSsvQ9VH9nsJQjxhsCQ+aIz+LImaa9yEZhAHSMphDJNYflghEkhjmJpvbC1qJSQaw2CRZeim9Gb6AzCSB9lHQ+uaoomDmTWw3NDp58QJkliXuT0RgacItv4S1J3t3FVmJrPcIXXSs9Sszt8ARxsVArqCJu1LyoXfCdC9GwRxYYQ+4nMAo+W01opNBWCTF5VXcLRlBTCSNRPjF3wJeBPc3m1fUkBy27Pg+alciYt1DMI+n+5pH9WlC6lZjHgnr1HdnJWC9/7xbSwUUCmjStE7qis11/wmLvfeQps66XGSqkWibFZ5dj7/qha6w4lAbozvGowoiaQ1j6Bh6uw2zAAvdwyxwxD5SNNGxQBRV01Kl2ZyAXgQzR/RVnRSNdGH05BLT4pSrMxN9sVBbXeQKj4vzhg+vy/sygwXbRmb9OMYY/XboUNPRj6P37uPnOPT2fNXefUr2jvDq1StPu3jz5scxjt5tjK7WiWhrcrlsx+isXYMgazTI8wfgWRqOhBGDMNRuR/dVldtGRkY2TPswDXVNx7IwzCnarMH/C4orDBiAggR9qDPtYgJ3RBtGZOT4NQUJGWwxbXo9AhaOppqr/7LAZgeIPCFYMCZrYsGSV0TmRF3UGpDdZz3h0GHpTZDzCpmZDjWYmkN4lNq0JmF9yp7rAMt8RGIk7RsUIKjq0K51MWGQljky1FyLGgoX8bQ+1A8w0z56mpJ6/QRo7/a3lT109F7wdk8MLzNRkAComY587cre7OqgBX6mM7OlT7Kq9ZBDVTd/TWJl7IgHZ2EW4bY/XHYiae2yXx4fXz08vHIHwW27yL7t+2Xb9rZt+3bZ9r21Jv7qBSNaMjwIZmjN82nITF0oG/ONgmKGidclbm3L6Stse6Odl/nLYnp5sQic5SxnOctZznKWs5zlLL91KQ/CNb46UYxK8J+x4rvo6x3egZ/eb0v87LPivR+LP3/pec795/7ffv/iQXh+np//i5/4ed/FR38LJIPw886GT9wDPnKf71395zyFITyKgsJiCMpLwAFFB/GscLvHCxOFitufSl+ZQu4LVAn3JRwVIUJho9aYKIK0qoVXOu9N4HKeMxpNSStkIC+BlB1bAAkiTSs+AoiUSI0zOnifnL7yRe5W/4IfKoCXl0HCFG6a9T6p4gXmt8KDE0OscGxgakwrMOvhWiZicXQhEMoyfPJLOGRV7m7ro9nEDFLTdOVWEcoPMQOzXttJ4vJTWTAC0/stz+7bdwBhVgyXLiscqk3WnD+3rfcPgpasbII95oFtzm7IS+OYw2O+jqh2GDk8OlHp9CAMjUxWUFBAAq8LgVU2AyhgCWYGc8pDLhAyzJlp2VWinYopIglYxgMG3kihu3mnnkkrGCks/tlac6guq8kj2i7TmRZ7QQnzh3IIUELlj6YZHwslEZAqGm+aPW6p9pUCmsBh4IwT3Q0mZpACo4uuXTC6QnF/MjjuQ6+eSpPOSMX4MRDC5syRMtcL9NEPNmfwWA2lctK0+RAFpedAXoeh1U4yXjU8ErSLjRzidaIkq+oKSxW0l2Bteekt8qEguI1n4ml5HUs56JlvAH/mZVZI7M8SWMvnyQnIo+nrPwsSozU9JXy4kgIpZR6rltTCvM1qDnxRjXnvjibOXJJic63fSgT8A7No3AVct7km4Qao2VAdY9hxdFU7jr6AvijYyWzUn01YL+pedO/phTr0xHBACW7gBrVlein0Mu1jE4+JOTEI78NATAxh70LCRK0Jcxe5Pj8/3W635+fej96PfrsS0KRpa0N6v119Oj2uN18SHx9f/eEP1Nr29t2b2+1JtasRmfWhdAxVdZ9KjjQDUwtNZyIiox51R8NMe59+nPEoBIM6801hZOpuqGZuCRnerrwMQASL35MtzOqv2KAbOlRKUE8SGUMtlz01ByMtscJYIaej71zfbOl4FC6aiEp2HF3Tz5hoxPTrI8PgOSgUJsI0M4EQeTPhV5mGfAR2eV0CgWPJ1/SqnGPBQtDU0W6n3eWYVQCj1EFjRlIMG9Z9HKjqUPPkDgOpJzEZO4LrOU0wUoPSyz7mFaHlgEi2vmXp0K7hj7n2Z89wUkXKqnsTOt5tbtg5wl/TyYWuSktEJLI7+rfvD9u+b9u+bxfZ2rbtl/1yeXi4XB5a26Vt27bHgiSbbNvWmohbDNbaYcwk0pB5K75SOY2bWfx5Iv8rV5fscvHidzfz1/SWc80HX8bOcpaznOUsZznLWc5ylt+2WMYCXsZUkxBw99vpsvDBIw2lg3K/3/DeNn1+jJc+tf8LznN+np+//efiQXh+np//i5/2S58Tv87xn77Pn/EUeeG7ODuSbEREXUPhymlJajZ6L5qgy3vOy4f24GonYzD1CBFZBO4m/Q5orRmzDlWOsJazspRGxLrJo2FhOFjxshUJcyMe5ggV2vTfimCTWDnyvFSzKnm6iFBFxTifMCAr9/CpGk7oK4yHXUCvTsdpqwPM3Pklix5kWKmImJCngC1FOm1y8AIgtNlOGeimmalfhnBFwFifMZClWVsB2RaHMDEoK/QlD89gX/AwHLKxol4lCpeRv4UeFhwPI4ODVSxeBdUO8YA2kTPAQ59BJ4kYJ9gmOrsAhIqhnUBMkp5T3v3aDFgTjIwYJKG8F3KayXsg5m27SBOH6zKKSSVWCQIJrSKf6Z4YNVcQXmifMng6EKY3YDaRJD2QhZs0N2bat70OAcEJbJYYtIg05sLiUxgwcUTUJbylsvEK5KSs7Rr1BURnH4s8NdzJxmL5X3aI9SzZgoA6tyUM/grxKjFb3xcCoIH0efUpFEoASwNpntzcKDAediluguZVRHDYk52nu6D8ltD5qgp7P78V2FUoUdCxg/lnkfzg2EeCe4maRDw7CFkBwQQhMeSH/Th1y8A6MKrNSmXUsRtbWLMIH9F4h5+gXdKuUiHSLKZdghl0KGgdeNE+ofi4UhCnhuQHY/H2AZRvAWXXw+/pm++dKSs4q7wumOQnOChvLMxDVHvvPRSkEfi4X1ItCaYB6URSBTMHQJR2d4WmAFBOSFH1fRHsmH3zc7IPR9gVevvH/BQLgALGhNaaEGGM4/p8Ne396MdNh7Ph0aTt+z76oaqj9+v1uu07sYhsv/vdvu/bftnfvPnh+frOTB1suj5ffTSrOekc7ndHZhJpIhhHdxjPO+0QYbZSwqzcizBsNI0FFyAM7xPiOpWRVeJfCJjcQMFyDSiREp1Vd3IlQh+jDAC1iP2ARYqMT+bhzkvJngdRIHQ5hQXf08Gy+JWpqWTvJoTyrs8ohtThjTaxGA5Ijp1jnAkwJY6YEg6Aqjvz+ZgpQ9nI/yhQKvQSVDMjCvEGACM1R7N9wvQ+xuxpMgyIESmIjKJ7Yk4NkVBBcKbjCrMDDvhmUgLTGKN37TpULRVhTVV1uLugjVEvQsXaBEJfgYyEmFvjrbVt37d92za5PDw8PjxcHh5fPbzaL5d9v1z2B9laa9vWttZaaxtx47Zt216vSblYCc00F69OY5aY0CyGIYFLUda8GZfkE6SNsA6bK8xLgDArhSoD4SxnOctZznKWs5zlLGf5WsovGxP+eec8P8/Pf57PVn8bnp/n5//mJ37pc+ILz/mZx3/6mJ/xFClcRngR+s1SQdUFIqj7jcBaYIEUXDpHBzPr3E3uPGTmUfx7MJIIRApSJSMaAMyGEqnrubFsiJz4MfoYHhCcwKTjc8xmaA0ZNUstSHPbI8V74abS9Fvpgwt5xfLWGERKFeML3CTihmFQSHk/eUSGP1PVEmCXSQw8LEOZax2wkLgJU2IyTBXFNUW66PFSe6uBIk8AZ2JSAAg6bSOTkBeygUndCDhs4StFrzRz56FAHsARXHZG1+wW/vPkyvl9On1MoaWMmRAL1q9WzwIobenKYFIIDHDgIQRaCG1QqHU3Dqw6ERGRFkFcM3PPS0l2pvsgXfbL4+PDw75tjUWYW8pypjAtHN7j6Ch5/5wAJAe9Eik36oHm2DAr3VaAINIWbb1sr6ghTu5F8oGYGC5MF+w3WqaIBPR47a7uWgaelnOrxqtzqPw3PE/jOCeHa6XjAOmol7fnBMywbaPkH2H23AKEm3OdCDJj+ZQqm2Y2NOPZZgonTnJjJnHBSO0aX1rt+FYPcO+amn0zEIK4GYclPcgeyDnCvdRoReRtjni1zAyIa6gpUVClhQVk6uw0743RPxMgNASnzELQMPHPFLiVJBL5XMs1SS/Zexpd25LklNVb03mOdJEwEzUKEczgYMVh3kBOBeWQz603KwMs4FTfFbNK3Fx015zpA9+4Lzbvx3K03t1h1uScP3N2jQwwkCPtpDmfZ2uZiLRXGwy99+v1+vT0dL0+j6MTUWvN9Qw51K2dtG0ueBkXtRigrsdozu9azPByWFgqjjrAmDfJgBoxoKbaxxiAEsJW1KFoA3ToGN1N5nwCulx2om+2xtfr/vT09PTu7e32fL1eR+9E9PDqkZn7caiqSGMSnxd//8c/fPvd67dvv/3r3/7n+fmpH9fjuF1vVzaybjmJlReeBkswlxUYmKi1xgYgVrdt26YXr+aLQEKi7GarGETUmCmOtHVOMECIFdFgqXtpOaOCGLFSpFo4RXtAVz9g1aJ4OtPZO8QYY0XZFcneTIVwwAnckwBagtTePx0nq65VwsUhTpueqcRMBDUFlEIG0y0Jw0yRCDYMI2RkiawMR2/HMcaop+YPeS76m4UO7WMwkXMU1QYxi78tqJH5bGhQHaZI2YQ1w6k4wiV/PsZ4er6uLyHDPDlKLaY+MnK8lGqa2qRt27bt+77vW5bHx8dXr149Pj5s2y6NW2v77mjh3pqINJENTEQSWSY+bQhvbe8jpH2R02iIV4tPd+n26us/iMTTc1hRACEolZb9fafmorZlGouRra9lPkd4is39S85ZznKWs5zlLGc5y1nO8jWUXzYm/PPOeX6en/88nwuDMHV7qTzezv3n/l9tv/3S5wesotufffxHzp8Mh5f3uexHcNK/+D49qljEkBW6K5UqkEz5tcT/1sBZ8AVBjtUtv7LkLSQkh4Qz8lqeKA92oMWc1CXKQ2WMXrFdV5BjMxFBOh06klSgTqEDHnQqLmGyDe4i1wUQvog5Jrk/75Du8Zk8hgMaDNoai1RU1O8nUK6qDUaZL0YAPiLuxbRjXqUd/fisYb9Jcp3MCPta8NXyGAbuI5lTvdHJHHAaiAOEPA2c8lCeIPEduSorIugDrqq4aFSiamQihCjsSwJknR0jCTsFDZa5o0ebLdkD865oZYtaSoW63KBDa9PHzs37ErwBmElk27eHx8dXr15dHi+Xh8tlv+yXnVvEIRP4CxKXwyXMLCTe+oHlLV0g+oS3X9HdMDu6ZXMYmWPDmKS8PAfu62uCipznSCu7ujbCDcx/XyzSSe0jW+HhZHkgMUEqkh0AsoAUuW1p4QkU+yOhZq6uRmmQBnJnLCD0J3PEq7NqKWCwwHTRpGqtbMfSP8uITFpQD12fzzu5AaXOm/SjmbFg1QbAmCZyTlfybhaebQQKgBN3PLO0mUtNSfNYf8j4hUkZk6ymjBZEJMp7qTC3mZmGmCmts3Jx/eL6NieiZcKNdlm+WW0aDMfUW/UfA17JLifS6l40aY82p647znRtTNJfAoT3FukT/7Pltm2is5ODmJ9aX8o9yepzDceJHpFXvOd/IGGPbdtUFWbXoWOM3ruqttZomUNaazan+zmTFK1cbDW2vHuWgodnqy3LBjOMC7Zw4EbVyAhDNdjJZmMcI5wRad+ddGVN+HLZn949vX3z5ocffjj6zVGZP/75zw/7BUbH0a+3KxNau+z79vrbb47jdtxut9vz9fp8vV5v19v1djtuh9rwZs/VE6o2jjGcqgvgeoRzompBcSJsyQr36RNJSPf0HZj54r2msyyEvPiIbInkizEr0UFQsLE4Um6mxjUt2sSe/YS+zSzhn6faRyfHf4wpDfZQSrWINTv6SXplJmvWUsw5tKZTJcdSbhRDbWhPUeCYjGKVMFVVMGvy0Bka8L8qzPwtJ4czez7BMBrDMEYOGeJ5ZgcmoTByz8AxWETI4G6Xlsifau/dNPqoqY6ZmOCypjZS3EDNjj6WZBpm4db2bdsuF4f6NmmNWRzvu+yXbdsDG7xcXDq0tdZEHDIUESY2mAiJSGtbNFms3a4q4OrYnI3P7PKhKKr3nDhyMGuqf2M1+ySzWUcGAe7m7Mo78dlMM5+j5qisBNKXWWRnOctZznKWs5zlLGc5y29eIj8u8uU/GF+928b78dh5nsq7f7n//vy4P+dPxns/dvyXnufcf+7/7fe3Ckdl4MqW7XP/uf/X2o9f4fx3FLHPOv4j58dH7hMfON5+xv3TjA2iYnx5LDHLEgUmoiaCRDYAkJIzPBwSSFO0iIwnqOQYiQszzvA0ACVTElX1lVZkMNMYQ2yMwZ7Ov8aKmEhEPJ7r2mJpAZjxQkUG61+o6xUICqRFF5byQoAuWW2kZKig4/xMLT8n04mU1ZewhEWTKoeDXCJ/C78o2px49Z1LeNAteqSCefUo6c7k9cgiyQBx3cnl5l1vlJPrR8QFECLt6QykYSIYj+P0kTiHXybsIEuZrd5eJvPPL8fVKWxWEBjCjcrEbuJs9V0sYFiqNVbPZLjE60J0MaobTn3XAmXNQMTOIAzsT4S3dnl4ePXN69/97tuHV48PD5f9su/bTmFhuSJWiVI5LOmGUoCROT3Px7TDwwFm8YrfTYyw4p5GWh6MBeJRVujd/qz4u/4YKnzuTJbmYCSF/q2D0co0L18Dix82r4rlm+nwF43rynBZ28l2zbqsEDoRjJiDy2L5xolQxk3DLWS11hhMDmFB62aurhdfo/TNo6Cd2Ywx382oRuB1h2keSVx9KZouCJbLTBsjBEQcV8OCUrjhmCnUCtguSBwU7CdLwJMMpik1ClIjUqw6w4WYaSF7C6wYIM3sEzE/Jh6Z381sE0u5VgvcsLi3DBgSKM2GTwQZ93PdwpNG8hZfoGj3O1bjP9xNnVrKkbU7n9AKMYxbGeawSPS9Mmczs94HzHy6FKZ935ho9O5sw9vt5lXu+IdPfEimmT9Ocb+ieYnBc+UKNclcOVzbcwKEUIOBjJiksWkdDh2mpkN1DN22TZow2DBGH4AxEzUx25hpa3K57Jd93/eNmZ+vz0TIfBoxtQZheQTUlSy3XYBXCI3Ufrvdrrfj9ny73q5HP3T0ZOdDTXUMLThJrffu0Gmg2qr5Oj3d/Yp/G6hO9A7lJLB7Ckny6wnAMINp70p0IOAjZhECDEMxONNIyMASJqk1o0SGUPYnps7JIOxjEBGrsBiDgqrok0VORWxDMaH+akrLPxiMsVj2OfkwxDZZFeSOxZbEejipT3XoUBIOGBpgMpCZmg4zM9BAoY6qFv2HVM0BzhqMCUjD0nlRzdz4LwnoZKWj7vkEodHKIqTuBckkTE1SxZrSbVaEWbiJtOaWgY7zbfu+75dt21g24sYs27bt277te5OtSRMnwLcmKV4tIXDNyfUEEYlw4c0EmsM+2I75I9eN5cQx01MQppa14miyI0GEAg5pWf8qNyzXw1hYiDPFJGZ3q+Ze16mznOUsZznLWc5ylrOc5asoHjj4ZHz1bnv5kzuPn6I982Qv9lu9g1vZdH9+XPpjx9NHjv/Yec795/7ffn9b/yg8t8/t/7Vt+6XPab/O8Z++z/rtF93zCr+tCqI+NosOGPQsF/Ja2E9iIs3DtaAZT/czF9UxrfXK/GeJRoVDINRgY7CLlA4dLMpjmI5gvTE3aUkvMIrAnAYBIA2TNM2qwngKZASXuatockb7EP5/id1lFDwCo37fagZOZ6+lCoklg2TgJvmuABdVUzXVwSwO8YEyZkYpABoIEBcDT5zYl3cYDkCp2+bEOv99snE85FeajEgII3EnDu2wDJdzAEwsob2W91RQn1MEyqEuXoKmzqPTEUMyjbkqJO4/4MFyKfRwv2wi4q2fToFI4NLxLl6gCDe3QtgHhqCgJRnSg6+YjZY9iYny3sGUGDYzy7Zd9svjq1fffPPqm9eXh4fLQ4ixZe15yFs9jJmeUhmzJHL5R17E05glQGIDCRcbaY6mZAUbDFDnUYZB3wT+FkHZetFMdzqH6XIkKmy4QGLARFTSwMAKbVsmoBG5rGg6aFoNWLxfrHIOvGNzkkfSTGrijYkGLcBRgnoGncTKqIP5U7F7Vc0IpBxYsSKYi1Z+gzE/mPkwR/BRC8CjAHJpya1YNAmTXWcOOlhob95NezabaqVaBiaUeIz3fwJMnYbrLyoar/J5rUWf0+0zTTHpRkH1Mw5DuEW/M1mC2aY0kbyYonIQOva9XilLdKIcmEzln4cEIyP0vvCnF0bq7AFWtRANWnvT9i4bnSZUm53LYeLsG3UqW/+Dhbqoxp3fE/jcAJAyDWVrbYxxHP12vTmV0Mx6706Q8kwUb3ZfcZxlfocRgg1u3DZfNM3U3JPO8kdL/VsyEhCRMZeGK6Ag2MjhlHqm4JB+BJM7EgrTGGPb2uXh8vD4cLvdrtfrcRxjjH4cow8ybFtjbmY6dMBYWgCISTo3VRujH8fRezcbIo0o9hjMAUKo9dH70dUHB3A7jt4PHW69aI5sORev/rGhZrqk78AXaz+6QNYxRraSd1i2sMGzY3Tiaktzicvs5dGMIsJIQBJWbsTeACyDmzDIlzMCKQwJMkXfm51uTqU+yAYFNdl7DBMXExgc+sfOKadgfg8iqI6hQ6RpzDVghPRoyrHWy4OpjoBOmcvPmIm9h1Zd5egkNZez1bZtklrrIq21rbXGvDGRNGlt27YGAwmJtK1t22Xbtq21Jq1t+8XRwMvDRVpr27Zv+75vbdtFGkuqgIINggBtRUIEm7AO1GDep6j4mhwQRPBICZli7Lk4RA5ICq76kEmzz2iCAAgR4tumNaPVG04uyvcbMdhSpZbAZndiEinJLjr5pWc5y1nOcpaznOUsZznL11J+Rqz1E9t3IdlPHv+l1/1l75M++z7P7XP7l90+PQjPz9/mE7/0OfGF5/zM4z99zM94CmfjFX4wgbAl0lqYnzkWl2np6ZpGFQh3bI+SESdNMi5fACHIw3lz/JMpxhiKkVxAEA0WYVWRATXhLr0PHZimUwaYBzM9tu5nCyJFUX0C4KGh4f5DBKGWgX4zHeGUR0Rg1ZFRKiIS4jA2S2ejeJaIdTKXoJaIZFidXOtvDNUxZMFTg8rlDyhx0aIolarYYngnzMyUlAqYsycBUhuqAyHyRpYwJ5KOREvhtGYCUzaz31WgFfV1M0ISJpiQsKuOMUBYCQerrJ+3BjPcU44cLGCLi4Nd2QzBTFuFNEtwM/v/HUfJ6aDBukoQOHTI6tkI5I0uwk6DMCvEjZhERC6XVw+Pr169+ubx8ZvL5bJtzeOyIt574dJ8BOPQ7uRVe7Z0YpeRIliisY4+I5/nBQ4XxLZJstOUBnU9TBBALDWGS041A74KCJELtiX44aHVtAysegv00EHkrFk22OIXOdPYbJpDFWZbzNBky7gXFdd5KYAeG05i6kNtuEpkBtkDSXGrK2lNRFwGb99EBGPgduu9j5HQnceji4pEZFT2VbAIRQNrQLnmHIu21ghkBzqIFzFmXnzXAjDKKqne5l6DqNj6IFUd3Ubv6V+JpRu4/GM0m0j1GV3mY0qS5tLJPZoeTTWD4+6HVoDlev9O48Q8OHsVUN6F6lqIUT8MRnWBBFF0HWVrL50QKWEFaEoF0u7zSDCR3ES2bd5w4i4T/HOO5dBI0GDmMVS1j6HITthaC5BsjKEKVYe4WeRyuWzbdhyHw2bHcbjoqCSX3bGi1pqqDhdxRDILCWz8wmyyIMn72cYIrpF4t/aJND9gqI2hDlQipjNPBNFYNcQpya72KQBut5tzH5+ent69fff07unHH398eHh4/fqbx8dHZnLHRHde7H2ItFePD65ZqjqMdGsbYLfj9vz09PT0dBw3IjivLFSliQjo/ehj6NDCuoYq1IaOMcboQ13LO8mFzj70dA0HBZnJhlZ/MG8LU2cr3o7rcdw2PAA6Rh/dbeqgw8wUY6g6LZh6Vx16HMftdh1jNOYmTVoj57aJSGMYm40cIHdWkTOBJyc0I0iOU4vUIMsZhgGH6IZlQpKqRmZJmBO7hu2g1gwUwKciYbF09U2esgt+MpG0NhdVI1Nllm2/2NAk4XNQ+JmY+fLwsO+7iIBo21z087Jtm0gLi8DLxaVbW3P+39ZaYxEWdrqgtMYt8NR447BEnpQAACAASURBVFqIz/5KRdSmMqfb/3maS2pzz8UjSPxMEpxOZ8quY980X8YSAzRkahSWju1XBlRh3tQcOGJY5IZwKFZOcGZP3U0FiVxysrfn5KyZlaCB+r+In5zlLGc5y1nOcpaznOUsv2X5ZWPCP++c5+f5+c/zuXgQnp/n5//ip/3S58Svc/yn7/NnPIVDZUBSp1IMcd6SC1BmAIhQMckIM7GUP1tQtngKXBZ77s69p7QlLcNCG2yojtH7GCzNMlA8xoARy5A2dAxbCjK738+fux3PoFSgDPpb8BlgAIQnQKhjpIuSFb8rrfsyib4gNo+HIXYzERy0Umubi6yypiKAB6klqw6FryTpa+H4UVaWM1PqQOGk8RGQipTIWiyzpXtWWIjLIa/pp5cU/WROfdGUHiyrMwIxBT4x+WcZ359BSRTZDeV+x0wWVeI1lg9VV12MG+9ubmVEvYzgJ2EtAJJC27L+ENUTPlIczDKq8zsyKo23JnuTTbgxNebGLP5/KdaHn12dkEQgY0pxyGy4ZNERp42igRuZUiitgSZ9LgEcP3NWLMhdLa2GXwBItj53jMm7Jl9kKHHH1lrc41Ah5bg6xbXNUhvQsZN0g8pDV4zZ1RSTOMLuH9bHOI7eez/67TiO59txuz5fr9fr9Xa7Xa+3a1/AG48yt9YeHh4fHx5fPT5+8+rV5bJfLvvDw+Pj4+O+7c0985yjaKAgLcZdM6NAHeaAuph5OIQPFhY1tZi5WKt7mKna7XZcr9fjdqRAMrjF8GoiDhD7MDcL5zMnkqkpmFzwD+xwg1LCp5wsxrJP9H4mJAlycEKpcLZ09gjvSwRMOm7NhygB1OwFy3COoLmPLLPhTUb1S6t7t6mF7DDXPXhcUGhdNrtagMYzfyHgZNi9vrUvMrb0GacTTSiT6gko9SzjOgFZ+dxoRqZktiqADh0OYdZd1auhax42NGbatpbC0tpvfaa2MAtF3oPBhioMqWrMSSHPOcy9XMNiEKYuaRtqvmSeHbLQKEEgakJMqsy+NpVaqkPKVlVjBrPWSE33y6VtG4CHh4fXr1/34+jH8fbtu7dP7/7+ww9t216//mbfN5aNZQiYiLqqHTd/KGHxuXTfpfF+2V85r5qpMhGYiKDWx6GqBGbhxFg15G9VPY3GeYReo8nCR2VCmFnXkW2MocNbxNFEZyiS/yZW5gBiY+BEag5sqB9/u16P47DFBnIM7WNQVwbX2CgKqlP+EXkKQfk1ZxXqyznNO2hk0EzMO0dVbLCnD7nHaegFk2dMINRTWaRJmYy2bYu+JOIIdPMijYVba5dt8zSd5pTAtsXvRbhJEyFiA4i5SWtt85Oz+CmZSHyhF/ZrsudepP52vDjlgnQv7kCZwXXHkU0PwXyBm8MbxVmv3cTUgl3tO8TJ7XMVXtBZChpm0cfj+kxTAqKynOJdwndm6gmtM1ota5Y068oVsnC9jXMKMxaa9VnOcpaznOUsZznLWc7yNZRfNib88855fp6f/zyfbZUexLl9bv9K23i5336Fa33pOT/z+E+PkZeyXJ/+rlPfIhDFJTJ1F5cSXlPavSwiosRFGawg19x2gJCXqNNEdzx4XeZJY4zeRcZwDTWPcvbeAQ4DqKGVnO4AYTzStPU1Tb7T9MJBBLk068IxIQ+S6hjhs+OkwKTchfvaAhAmkJd1FwZ7jjLqtm8e8Asl0IyXlwhnZNln3FNhLyoqYdVsBap/Q0yxVEqXkDVVK1SbhgBYTaxEIJ4aqQvpc9X1ypNMCdAFifWYvr6EE7I/FS+tCFET8Uysk2sPMGORAC2dCmuEff0MWdM73bl8aD+VRxsp0Uoq/lBVsqubjdF1CFrLyHrENCWxIkuXxbhvq96Rg8ObnmniK47UcgVhrRooYXM3O8um9PpMd7B8iMBOVvR0jsH6dyIWs4owWxBIQKioiXOoJzajATIFC9PP5zDYMGdKaT+6N/4Y43q73Y5+vR3P12cvT9end++enp7e+efT09Pz8/PT89Pz0/Pz9dl08oH2y8M3j6++ff3td99++7vfffvdd9/9/vffffvtt9/97rtvX79+fHx0oVcH2wKSN4Ua+bwEZ7UiGDCqQuwMItf8dNZia5sQ+a0+vXv3/OzY5a3fbizN8QWHWliktbZvm1vFbVtrbUvEnJuQeuLBcJctN1izBOQcyZvYtKXgqpOqkyc9J9iCAheq2os2rSnRO/eyO3ubT2xERYvKdk2HsNBlDLjGO49WF17P5gLH3kOGFp2sxhVFZ1YUCdfuO/X8TItB1Tv6YHZLCry1OIUrvzAJfHPMrJkfa61QDD7AOVtB5qvVwQU8HQxzNEeKsU2pVpynrSQDEGcChJOhXXBylOhxLglFyaLMnpnTitKg4fTlQt0S4Azy2sJZ3LaHhwdPSbk8PLx9e3l6enLo7no7mJjbtl8kCPZa2pfOBmdhbrJtbY+EhsRTMylmeLZDk61tzXn2akrEIYs5jGVh0NYCMjsPDNZVYw5R66NrsvWHau9dR3erT02ap+UN2NChWjOJZ/q4TOroPaBGM9WhMIVCydLmcS5nsampebn0tdl7cgYlABAH/aun+2oX6yxTDexMiOHV849JRJo0bty4RfZA25y6X4hgk9a2tm1bE2lNPLHAjQLFf+sqsSLgOL+P0RQFKBGFStaJVJ2VEPxyKadlgY8dc+Lh/E5kKc1Hr/WmZpnEBpPqyyyGdZhlz07N9ZozCDCWupe54FqKxM+hke1XrxF3V4AFSJunX+6u3nPyVa0ejU6M8CxnOctZznKWs5zlLF9V+XSs9f3tfBX/8DFkywvvx89DPxXjfXGLP338uX1u/1+y3e6oMOf2uf0rbdsXHv/l29Grf+njVwjh/WPmUPrsenBhtwxd8T1AGJGnlBJdnQUnQOgGhAsX7o4aBzBZ2eEgZNwICwoV96KiItL78LCyB0+bDIA0HMHKBCrJUh76UuMJ96TqYgTUg2aAjKSnpqdLcqmGhqWt+oqREw9Kg7GJ5WGJxBGzGzKNodu2xVU0bMPMQjrLCVwguEkfChFz38F0CQzprbQuq//wIoQKIAHAyQuIAJ9XjhXhMHhO4IBME8Fd8d11Y/2MQHwGFpMlNLtYivLRepI6QxkgEZEsAOHS/2Z88D3i4P129pgXrkSTkGe6EuAKmqGl6NDr9eosmiRdQJ1cpETbHjaIltQoijB0YkErtmMZhfXgeAinGhRgx2mCKLj0Q4vv2X18NiLkNuFVpiD1ZmDXgkNloYxpE0d6uYiuU1tOLAswkxUL1w6s74blnqPwQ8cYx3Ect9vz9fru7bu3T0/Pz9en680xwaend0/P756ent49PztO+PT8dL3enp+e3j09XZ+f/V7McPROoH3fXz2+ev3q1Z//9Mc//elPf/zjH7777vd/+Zd/+cu//OXPf/7zd9999/r1q21rAanAXLSQXS2U3KrKSYTWj77tGxMrTMcAR9OP0cfQ56fn73/48b//+3+e3r3rx9BhOgZzmIf50CNy+Ufet/3hcnl8fHj16vXlsocA6ibMNFR7HwOBIzNDdfgUEZTlivMnFWaBq21tgTsK2r2a7mylpVev/uTZyee/yyKQEwBVfwQHNSdQm+hLy5CcbKCQ/jNVhIikGeYUqrgvARy8GIA5AaeTGQotsmKGv9DwfG+MvxjOfgOLFijl8+WsnhUtWYjIpUdVlVR775amdy9wR9eBzOQSfyAGjDghUBT3OuDQF9OjqhIxkRExs5qIqtpQ1REz5TqbmdkCEKpaZnfYfrl89/vfH0d/fnr68c2Pt9vNDJfL5XK5EJGOcfRj9AFYpeY4p5m5xVMDw8Y4eh996PB12IHE1prPOMPUrf78ib2ufAlE0p1z/gWSZ0zp9NpDqRXgstkbpsPXuDI3dIDSTfgmOVWjH2oJnLoEMXmvG2NoH13HcAc7XiZq/94YZhgx3a0kaitHVQOMXec7JKDrxSMkXrk15ibiZr5B3XNccGs7t1A8JYZwrFFCAkawUQUu4MnCW9ulJMBz9NHM7WEiARl7kpCFhLSLgno6UHajxAczGeeFUR/TkkzAXIA/rSP/5bCZ72zrCpizQ/7sU1hqxb9YTykYnWZrt186f7YOzDAzI2bbFPqXQ6BojjUnVg5WvsIlOOiZM7lcxQHvm62e5SxnOctZznKWs5zlLL9leT/W+pP4xadjvPSR/S+2fyLG+94tfllM+DO2P/M+z+1z+5fdbitwc26f2/9r2/gKzvk5x//kMfaF9yltAypqNdEjLiyrIDWZyJuvc5amg7zk6S8lTwwPrBU4NNG4ScMCmI1ImFVNnQsYSm5GbvOEjFOnul0AhKrphlg8qmR/mTl4E1BDRdsyuA9VrShY8UsKJvQ6URgldQTk4FxeIyVGHSUNA7wK0mnojXn8zQHCVE6zivymcieR+wQueq1RXap2By7o2h+whPoo+kfpDBIIRhLh4+mGeP/I96HwCbWGPZRFTHheJMLlEbwtIPMeI6ztxjJJiy/xj7vLrRyjejJLzcP3Y5q5JVgFPJdT1fn7OPrT8fT8bn/an54eXz0+XB72LdwI+RjHRE8BNuascSapczoEAngguAajFTIOZyQmTDOGJq5Tg2ZBSiiyxiwJfAkmupxkqeYaXDKxmrjqPCvA5f4y9JqDLFBwK2tPdvKLiBrUencO1u123A63E7xeb09Pbnb29Pbt2zdv3vz444/Pz88//vj2xzdvn56fnt493a7Xox999PLK6zoAam3/0x+/IUIfgxRMpKB+u12v1+v1+f978+a//uu/mOlyefjXf/3X//iP//j3/+ff/uUvf/nXf/3Lv//7v/35z3/65ptXfQxi4iYwPsZgI2aRjftxc5qxgd69e748XFrb+jjG0S+XjUB/+/7H//mfv/79799///0Pf/vb98L8sF/2bR+qz9frGMMt7trWpBFBxxhP755/AETk4eHxcrm8evXq9evXj48Pl8tD21prm7OJfYpQNWHmNJwDTNV1KxP5nVH9nHYmBJzMqI+8xAciaC/5MsUuir69MBPfH0SejJDQmqnqatVGRE5L0wW29u8xE4yTl4i64vu48mRP30P4pneQtzMZi9w2H/N+8K59+0XVLBOC3S0QRFhMLn1Cc3tCJxGOHrTCdezXouajJXIUJE6toYI6zExA6/wzpYqLa1gfBIIAymYmOgb7XYnZIHUUDIYx1qwCdTNTwEYfRNgvl8fHx+/+8AcH4/sYx+2mqu5g11qlF0zrU1crdQM9Yt72bacdk+6tZipbg7vuDbceDSVqaW1OPmxlLRw1k0uN90JVJR2R6ZDJNJ61MwEhq/nPV+uoc0cK30/1cGqy2jBTU38Kg62JFGSqCkcbbdiwO559rIxW6UEAwYG/kJd252Cf5fKUglxoQdTCD7Ht2x7ZUAbFiK+ya7pGXgLYGK5RTUKuHkoLijx7GBMDDDYiRnriZqoRB4C/IH31mjLHc74ECLPlb215Y7tj6L9X7hbW0P+8W9kjY2B5dcm1tRjCefj9MFxvcl4rLX7vR+vkWb83lXFdRJhK5xee4ezivqFrXNPQ+095ll+r/Od//udvfQtnOctZznKWs5zlqyj/9m//9lvfwlddvjTWmn9jffgYLId94jz0hdf90uPP7XP7q91uXwFIeW7/M27bL31O+3WO//R91m8//7rOIHS/mYnzBY+tYkrELCScsekQovS7Zm7MCSJmXj2S7+HXmoHIhZlBNkOHHiIjIg7cCUlBUE1CCoqn7wpsiuTbJDWACLBM7IdV2I35LoJWlZl0l3uztxCU9GcipoSnMjWeKrw14TBmtohdhpQnQKrmnI0AEVgCrAwOmkc2YTNASmnmk0p3zlyx4QJjk3GWhKbpKDXxhOlPFTKZYIBWDPVFAH2tkxeI3TAzd+jSjDOGhBgc2nxBXCiYeT2VLADh3cHvERbXdqkI9CQjfBQgvENNqi8VrTBNuYYZbrfr8/O7N2/atsm27/u+Xy775XJJJykRFnELOvKuO7JRJnJZ5EhvMiexVSfyqHlSEZESuKEOZzTXPKtorsOLVHDSAs+QlYio91dafPDucNDAEv5/9t60W3IkuRIzMwcQy8taupvVbI64aIZzJJJDDnmO/sXov0ucjxJJacju6i7WkplviwWAu+mDLW6OiHgvs9eqI1h1R+IhHA6Hrwi7fq8Zyy0UFACmaZrGKecyzeM4TuM4TtM4jtPpeDqdTtM4TtN8Op2Px+P5fBrH+Xw+nc+n83kqpUzjnAB3/WbzSV/eaBukPkkALkAchkGgGkIsXACEekOlcM7zPM/jeJ6m6XA4PD09j+P522++PTwfv/n227dv397f3//sZz/76U+/+NGPPtvv94gk6ogi3ltyQSSBmzDRkDYAOM0zAPT9cD6P9w8Pv/rVV99++13OBQC32+3pdHr7/v3pdDoej+PpLIgREfV9Lzyt7Xaz2Ww3wzAMfSl8Op0eHx/fvv1ut9vt797s7/a73a7fDAZLoNIQQQiIPiWKGmQxUM1naLjooriM5fcBtoDTMGBsPu4Ww1bKichEFIeN4UelFglRos2C7UdoNJuvovUShvYCwn/hwZqhfYEYhZHeDPmLidpgQsRFsmilMELuuk6xKDNp+lZZWZEIo/whM5VSMOkD1kr28SkDDlNhLw2IUCmbRrfKzLriKhTROLWNLEYqTx1iJ/AYERFwSmnYbKSBXDp1niYNt6lcdgDgWXcJMDAopU/3K5CFyusRMee56NpcWaSUUm1dnRhJN/eATjqiCM7MxAyZDEBCAEamUhiwNBsTwjLvbHMPvqpVrcGCSy7Zd5igsaR9244y3NAeT2mjCr95TNv6awHtpUWW97D1hYiIurDoh8i7DJgopdSnDkjfKwpITES0mH2ygmpAYnsLqJThGhsWa6BYB+X03cG6hG+eMZJfZNPZBI/gqgpsstYBzgO2N79l5ccmsPi48toTE7GtiZLg1rJ7bejVHMDelDw64uXuIotuuJwRfM7xN5uaCH232OLWl2dWW2211VZbbbXVVlvtD2kf62t9+Tj++XL6j73vb7ec+MHlXI/X49/ucac/l9fP9fPjPuHj0sPyDH9QDi+kgctv+codL3PwmCvMF6W6+snX7uVnXN/sMn9FlOK1ChCqK8sxJMSkfrJKbTOxLHd8WVwwwEQa+Ufl19CdSAEgjPqSaA8s/D93QBkFRlxHAhAGggprjkrQUsoCKGnA8ReNOwTs8Ik+l97fKgE04JkrclreUABQlMaIiHRNRPSWFFeexJ3TuF6IFioJkBIhCe1ObwjAUCJAKFmQMHjA0CYL2mc+M42p10bDqrHvnGXDzBE5Nr6jMiGknhKR+ojDzIstp1DPG6VJiFAMBEpAqu776PBvfIXVd4ruGyVUN7SfbFygRpR0PzE4YGCuUQ5fmgc5QLoXpAWDctU1y8CF8zRP85xLkdhaBYD7vh+Gfrvd7vf7zTD0fT8MQ9d1fd914jpX/brkUSgl/8LFn9q8n+ajFfyvKI4npyWslvBPF0wxBgBG0ksNbuEcnKzs8pQWMY4JkJAqkuEBDwEtjFkphUsu85zneZ7nfDwcDsfT+XQ+j6fT6Tyex2ke5zGfTqfz+TyO4zzP43kcxzGXGYC4lDnPORci2gybbT8AKHaKCQEgaUV1SNj3fdd1lJJNIymRdjZxredScp7P5/F4ODwfno6Hk0SPe/fuvhR+PhwfHh7/7M/+py+++OLNmz0RARKoWCZoxEcAQqTU5TnnklNK0zR/++3br/7939+/f386jfM8T9N8PJ4fHx/u7x8eHh6fnp7mcSolC1YiKOZut7u729/dvbm7u9vv99vNRmASIno+HPuHR0mzvdtvt1tBPbuu64hEsxCRTIQTjdJUllsBweLmgfdwn9Zquy+6LFxD2tyR7v/6+RtcIrsj+yBtsi1FZyWdwUw2mWu2YFqnFX7mhQVc0AthupIBCAyExOZ8CxBKiW4BFcLdNZgDVbi5fSjlcnfJdZ4FZnNNUWYumfmCgGUIku/MCIuWzn7sXEYCROBSXOyaQAOkIlHBwixh/3SSKoWSL8dFjVllqwkJkDrkzLrGICKIduec51ljK7JufZDgoCLUKdMXokhQsuCEOReADjpBwZBkk0OK4I3Q6GRelQkt6QJnHQy1PRE4kQKEDmhV5czQISvkahCZEEilf5OBm7XfOObnAJsuY4VNUjViv/GYvX/bpRSys2+AkOTBXWRTUgAiFFYFUUq1VBawFghFfDW8DoDm7+8sVcsa/b1BliiQlx/rsh5u0Kbvi2lA8rc8FBOFuDRCnUOsYZD9uQxHlRr2ZwWlNLPuOfEHcezV3w1MiSHMHqGFwYelvTh696g7TxaSpAzI6Jh/mI78ScC1ia2isea8mAdW+/3YyhVYbbXVVltttdVW+xBTysJtD/DiUwOI3EiJC4/xjc/q2rr12ZTqA9Kvn+vnD+Szc1IJBM249Xg9fu2YPy49X57nD7j2hTSwOB8/ASX2z9Vyap46tb9WBgNGrpdNHUTMV8oM1+qKueuUKJOMKyMAYYN/CHYFpLGbkBJJGvH3ICIY20bc+FLFNeCcMwgRoAWFeOEsdhaC+44LQ9G4a+ZoYiilCOFFVLzIHITiH1R/r1OtBJ1EMp+X+9W4cMEq4EdKhCgM4kJFkwBVkVKrEHOvm6NOvxIQDRMJPum4HQMUKMqFMLVMiQek/lyFXSnUTWhnNAy1EurEbc4VJHQ/LopAZeXnIVc9ufh+E/k311+AVCmRGcqlU96BhujQj93Gj1WmrTVPH28XPyO2USwu2gWDKkIVjYk2rFYcQQHOPI+zKl6ez+dpmoio77vNZnizv9tsNsImtHB0fUopddR1KVFHlAQocogiPoLQDhkBCwtBEAuzPjaJdF7Fd7x5bXAJxO1o6yWoI8C7IeOFmQmRRDCSuQRmGDPPOc9znqbpNI2n0+l8HsfzeDyeJYDg+Xwex/PpdB7HqZQZMszzPE3TPM8a6ZOLVEvqu9T1PBSi1GFKSISp6zpKiooxYaJEiAUBEbOy/bDve8IEBaRgqetS3/c9MfInn6ShHyjB8XB6fHx8eHw4n86n0/mbr795fn6e8zzn8tOf/vSTN3cOFQDAnLMI5jJDzkWiowHwu/f3X/7yV9988w0idl3//Hz8+uuvv/vu7dPT0/PzQR5WCGSJqCN0Vtk4jqfTWZDR/X7v9Mdpnp+enmTbxPZu/+bNm7u7u91uNwzDdjNshgFgYwOBJWfbUSezaUMgXIDYV8aX9wP5sx2GcThAk3GTQZw/Q99H1fxzkA8AiZaDC7NHR/NgiA7KLABBD0Ra9wq0Q1j53l6e8AghrGDzgI4aXX7r/dlWsjqtxCKFZwElkxnbmizcmsTULDVGYo0OmFKy+LXIYc6UAHBYs2fTOC3sWyhtnwaiIG7MhYGKtSKnsG+DS5klGp/uTgAkotQBkFF+AZgxYZeg6wfeSHRIneUNFizTPOd5LqXIisRcSs7TPJeS55wLs+D0qe+UM4fArArRKSVVsBSsXVZNQRmlEMx1g0fFprWrydIO+o2FWnWc3NaYUkqes6C+9S7Kb9YFinylkM7DinAlBwjJuK26rKOx7NBuCn53X1H0kTX2r7Ow7XpC10El1E6CMVgfAhT28yLR7NQ/dARMnqVdNWVV1octvoGgCi3oS5dA3X5tVROvg8hHQN1JVBFBXE4EYX7RBpLpiA2VDGl8SNZl2pSs2xGHcaWS/o8GWMpWghp7uAXdCQ0e9Dc2WdRqEiW4X3IZm0ns5qy52mqrrbbaaqutttpqfxjD6lNtfwzf9t/iNV9x/I3zqu+6vqjfSgMfmX49Xo9/IMcdtBj7erwef9gxfFx6WJ7n37QMcFmGJk94rZzu7v217uV7Uirf5CL/K2UAGIaNOFXJAEJD+HybfJXqYhYGIaUERJ04rsxjpgGWTF9LnUVg66Z6/I1TpbvbNaCS4oLFeCYSFKoUpoSgop5AQEjKWywlI6s3DCHSEYoQCs3n66QFjAJlYM4+4Xy4mw6Ut8is+E71DS4AQvMXam8iItusw6i8DWSpL1JvK2ADLEktEWGxZ0jYAIQWlYcRQQRVSW9XFEKl+jrQoGTxvQAAAz4XnYPeLgsnXc3GAVvACwZhDR52CTEusEBhWLrLvrqMQ27VLxn8lcE1T+67XHCnYrKLp/BKISIUIdBpGlV8chwBgQi7lB7vH4ZhEKqY8AgFIOy6ruuViyMYkrDNJFkSRVIiELaKtkRbL4gImIjEO1uqniyR4MOIiDi3uOkCmJHAhg54mCguV0HCeZaDcRzP43g6nQ6H49Ph8Hx4Ph1P5/MoCGDO6n2WC4GZUOEBopRSNwyoT911ji0lSgREjCLYKNqGhbM5eiGXMvR9SgmJACBPc0pT3w+iOAqF8zxNM2RmIpzGSfh4n3/+o08//ex0Oj09PY3TyMw///kvxnGapulP//RPt5utVTZO05Q6QsSc8+l87PuekJ6enn7+85+/f/9egLq3b99+882333333cPD4zzPXdd98cUXd3d32+3WmlKilalJ20mej4+Px+Nxu90Kf1TOHw+Hw+HQdd1ut7u7u7vbi/LobhiGlBIRdl2IcwYqgenNpwfF0Y+Pc3kvwPIX0iwGQh1BIVCa/2NfsQoHc40WqLFaocE+qn9fOwlJPMtF/7wC10Fd9F4ofygOe/9fXFLnCq4DOqbxSK5SNiHO5pyJSFq5lJJSmueZVQ9WlTw1KzB6o5VBJijWXSa+PcNwHiLlBNsEg0XWMAnoaGucgk2ycmHG0qdu2CqEJgMWwXokALPA84xKACumuoleQDT+n/yXc57naZ7GlLO8SKeUJPoeGzHTuIQdGRDYzM8ALvWNInkqu168LUI7anUZYS5zQVawDX3rCXMHgBupJ4oNyoWh3SlCxs0D/bXNEDoeG76lU6s2Tecwm8+EdX1XqNgvsC4EqNhZpwCX8PB87+SwjQAAIABJREFUuvaBQV2Cy6XQAgkKpXwB0oWK1GqnlLyaofLdAYkgWwHaJaweE/nPIXvLCN+KLm79c1FMQzrtmcGWf0/g7XirAC4LcBlzVPoK2gF7jhd5LjLHQMu1fUUNGO/9JFy4Soyuttpqq6222mqrrfb9svpb1Hyt+KL/1lgJ1/23L1+79PG+kAYa//br6dfj9fgHctwF57vj6uvxevzqMX9cev6tlwEW5+M+EdD14KVyOqjw8r3Y/UXX0vhNrlwL1+qKue835qO0aD8G54ChchbhBwEKK9cNyfAsoamghDKKEpMuiwjmK/SbCyIGyCxsNwuMpHH8ABi4FCQA5kquAiLT50QiAQgFeMJ6R0ZXg+QaxwhD0ET3Srm7SoskHnZSxmJwS1reteqxuu9BikO2F58JNbhXYSVRGkDINTc7r2poypqwenaOgcGaBYphclCFRYv5SRU3wtrM9oRaYHMFG3IaE7F6aZ1AZNdFsbBLBiGRuq+9Qt3YKCBCIqBAZFDZNTmzAEtNzg7EK1zLU8P5CfjZUFukOlDRZ88xOlLFy99RN3RDGQTeyubZVFdxKWUap3max/N4pCNZ4CmR4UvUDf1g/Q+pS12XUtKghWQalZgqZyZ0MwjKi2yhs0TwT8vLtTmMttR4ZhkYyMinhnMoNUrUQadpPI/j+XweJ4ED52meZ9EklK4H1KeETooFUPDP2b2oxULDDKRCk6gvFiilMBdQBmvR1kEuuchDOyRLRMBlnkaQfp2oAFNKiImZ53kWGKbruv1+v9lspmma5+lwPDzcP3z5i18i4B//8R/f3e27LkmItZx5zjMS9sOGCz8+Pf/7V18/PDzNU56nfP/+4Zuvv316eoLCn3/++W632+/vttvdZrOhlLpO9E65TyS6rBHt5mA557nklFLf95QSMM/zfDgcSimH5+f7od/tdvv9frfbbbfb7WbTdeyyzJHA14wF7YwCS8Cl8eU1YRgH4NyTLm7UoBV1n4kliKizjUOoOxhKceCQlZNaroxoxV0AQbEgvaAUv1j5rBeIoAXdbHEVgKrGCYudB9fN18cGDQLwBi2ldF3XdcQp0Yw5Gw6HKBEohXrLAOx6nwYY5pxtVdS5WLE7EsqTE8JBtCnJtTeZqVThSA2hKzmX4jxSRNObBmQk6nrqetTNQ4wMSEzZNncwggbdtYZgYOBEyWmahmyWUoQ6WGTc2ZYFsEfkunQ5gy9UKHjupgYMBlNVEl7sZna1cO0M4wzC2ZGj5gstGMkO0OL8qRa5/mYGU1+2pSL2YAiLMQACkFZ48eqtXF0XKmD/IioHeJjYuq7LK0eR6a6OR1wOSgZkIJ8blXyIbLIU8iaE9e0hVLFvlfFeFmo2LA2B5X91187Vk0urbRVfNsI8YJ8VlQ+n4r1sXPsp6wLss4yrnMqKz7YxDnwlj/hy+yxUO7gD7vaW9QHPudpqq6222mqrrbbaar8/q168+mL8iv82/B64kgZfvNaP8eU08JHpP/74A8u5Hq/Hv93jNQbh+vnrfcLHpV9jEJqDahgGbIzQwBbZhyJgoAXwY3Ygoe7RbxBB84w1HrtIJkDn9Fk8GmCW6IYAjOhhcQzGQDKkyDJVyMzDHQokJwglkzAICbnoxh2s4qaSUfWaFcNafOEDZtdGlb81YyeyADlAaC5UpJSAMTrd2DAqc8AVhbE8nya+UjADIGvtIted+sGd7xJ4ASCsF8Zd+dFLGApgJx3GBHdr2rWAzIW5hvJqSCH6vLVCrKEWj0dBSg1jGcQMssLKktHnc/0zMUtz6Tz0E/VJvfsr0YQAO0odSay81Hed43JJ4G1ALpBLLlist8tgIEJMXQdaG4xEqUsODglIKGE8kdRnHrXXlqqMECOdsZOfApWFHcr2ykIi6wg1cZ7zOI3CSZqmaZombxVmJqCUOvKSocGeiGDAgSIKHJy4zAKraLevWKX1JYRisr8AiITMpQCKs1wUgBkKIlqYM/S2cMAGAITqJ9qtOfcp0el0eni4/+Uvses6ANjvd0QgJLBcCnWp67rT8fD+/f233353Po/jOB0Px/v39+fTqUvdm7s3d59+st1uN5tt3w8ppblkYXAisqguxp4sJviQBHgT9dI5585QqJzz6XQC4OOJDsfj0/OzwIR3u13kmxpCajrQV/zbN6GvukEkzFERwrzSzy9z4Mb17xlGfk8cOwRYZOiVQkQa79FmtSs3IBO4RkwpubYtM0OpCsCBkqjV4REaL9VWURem5WMuwMLwRM081jAmAZLFWFVGvM1acc6XNF5MJ9tJ63uRZFwrWkMazzGiuQYuLjBNLrk4esQWXhcBk9xQMCiFJrkChABEVJIBNAUYCriuqa9LSAV0X0il9kFhUyNVYjLVQKR1cWAH6BSp5douul7b2uxrlkGH3pmZI3YIBjaLTmmY1usWHFtXQGZX0GeycwoEGqpdeYO20tUWtb5BqqEtTRMeIXTb8Mag3V527kb+n4X6tU5IYG9q9a2mHrYZWzDkWlFeFwaYBRwWa2lkJoy/2xUbW0wAN4HAVwHCOMYXLL341RUkHhF48YrirxDAvv0IwZpMN3zZXjg0meWWCehdQdUcIgJKUYOZubgHJTghVltttdVWW2211VZb7XthawzC9XP9/H1+agxCXj/Xz4/75I9Lz79eDi+kgQ+742UOdgY+qORgDqer+UDrB7qRf/iWues6NP6QqZ2R+e3MD7RgyVwAPJcQVD1AgOqnE8hRARJEDfsn/CiXtgt0FGYQ+TIMnjnZck9GR9NgRfZ/IKVBofqHAzhogKMpm1WpVXHBBoxQ6is4haOjraE9ApZiXlVGdt6CetTRXLKoUqgq6QleTya7CuQuxlqVAKHGQN10qHAAcFGqHaPHBmrKKaWhRevEtnPlz/CMkSLJzOQygO6GjQCheP04vItYCxg8iEswdOHojJy2yOhqiEqvv6u94Dy1epSwk0VGIyUSBh1yYapea/PVMjMX4aHOWd37wsshShKm0x3o7mY25gQBMXpMKCsEWU8Tv76yfCqZScK8aXxNIExoHD8dQbJSchLgDwkYcsm+M6Dvhy51Al4WR8GqMpzj9+TxtgQyLIXzLE9ZDCtSls+UM5cKkbAplLKW0uuERJxTuIVE2KWuH/rUJQlZylxEpLTrukSEAKXkcSxdSkSUKL158yaldDod3797t9tu+77ru7TZDs6FyrkwT49Pj+/evXt+fs45n46n56fncRyFNfjJJ5/s39xlo1iVUvI0ayjEhJPJJQsn1COMKrzUpYGGzCUbXuiTXs6z4IjTNB0Oh6enp82w2W03/TDstlvBC7fbrSnO2lyHwBFPwCvYW9ya4Aw/H4nLbw21WGDmBq+0Hn+n3C6oQhXV0Jt55y2F28G9gBDIsG2QWTRhEsFMRtQ2CtibT0NOL2oGZFuYiPPFUdxihLKKeq1CnNZkGhHKoGTbdSnOYw7PScMoWVuenZ1SqHXmi6GuQzbDOEDo01PdDyMnc/GKY49Fp+EbCzMDIecyl1xy0TZAWRaIIs4q5GZQyqMyxhkBZZSFQL1QkIP4Y+0XKRULnVt1VAGdMmfAq8/TAmnqjIFKt2OoWx0KV9o+hB7iHd4nfV31nGTPEFmGi1UV7cVG32JcfMC2S3h6dkAy9OfaQ2I43vZVRLoEJYJFDEtfNvUljSMs2HYw9peQ5vXGxTbbHmurSUsED5hd2/Pjt5fW9PN66lpqXHCKbfapZQpgvE0F2qXrAt0WxEeztWZBXen0l5u/h0GxnV7Q9BwDXrl5FrwSChKAAIq/iK622mqrrbbaaqutttr3xpYe4JfxCwgpb3/7IR7gF9PAR6ZfP9fPH8inxyBcP9fPj/qEj0sPv14OL6SBV3KAWznYGbhaquUn3LxX3ZPiu/Fv5B++BUASqgymGhxIHcGuxymhnJR4ceHGjfDSwn2GlQ6nXyGRBgZ05AsYkJMSB7kqaSJi9ceiq5/JcwghjDBEDzTXP/omdxQmSeN1N7EyEEcieVCfRpGywfnQfWsKK6LxQqT8mBIKs1O8r049SKA6foL1VG8dqhSZO4/lVqkyDQwoRHsJAZHycx4nMCKw+HQLF4FeG8eoaJUyis4qB28pqwOQMXrrIoQgTkt0t63hAuLeKwGvY645e3xBJownPX+Pd4gKd1UIcAEQ+vGN97KlY5TMBaw6h1ZABCSAAghMUKBkzpmRqU+q74dAiUikLM0N7U7Mgka14aK+fEj6h0YIYwQUlFYiaDqvTipZ/KKFi+FtThwEJaB0lIBSgGYF+JUAf5AoGeFPWkKFPC2CFyJR13VKPgahyJgKr5ySaGYysKxySbF0IoCChWfOOc85uxSqDnShdcy5lGJqhvOcc2FhByIA51KmedKofpQYeJ6KKE8iohDsttvdfrfvJMojdYyIwARAKSEAcylzBoCONp/s7zZ9//z8dP/+/W633fQd4adCykRKgHh8Pt6/e3h4eCyFp2k+HI6n03m72X322WebzSalVOY8F2WDESWFCfM8nrL4nVNKfT9QSgZhEyWijqRxEiRi6rrEjfnsRYg4z3manp+en7uu2222u+12u93u73b7/V4UU1NCo6mxYKWi7Wogmg6BUjTsXNd1kUUKjoOg51NUWrTCHwEYvMo1tAQ2/RmiBJ5I8xc6oP2aYOYqu2psQClAQzijFswkIiSCnOWu0gMKALJGpeWm5EuTwdviK1pF9QcOs8dFK4pD+NYT9gqMk0y4L4meaQEfm3XdQqIkkXXb+UqnS7MMpfLujFFVpz7ZFtEycQ3hMsRPyYElCefPwUR5/JSszEUVLBkAkUvJpXApZCH8yMi6wEUUsXXm8AhvUrak6xYEtNcBOEdz5c2BEHMpNuejHxhJEJiBuPh+HHtE8ECA9UQgl2ncYvINPD4B2gZcw78wiOcG/Kp2s5oSkSV8Mfh6ruoIGsMvcPcbNDohQ9MP7R3FFWMDVREc/6t915SVDWUkbksc/8DAjAQTAEeP8RzKsLy+/Sok54VQ7/IqRXzrOEJ9L0CDK4kc0Wu3AMgrVd1ow/6MOhsRoq0jlLw+wJ8MJCRlqgLV8eUCKsotdyscMH5RqrB9U6AiDdfB0tVWW2211VZbbbXVVvsDWfTZAtc4gtc/MaS8/e2HeIBfTNN6kl9Pv36unz+Qz87hBTDMcD1ejz/gmD8uPV+e5w+49oU0sDgfPw3Vu1pOzTPu+3ihDMYiuV429e0wXykz4JW6EgZhAAgVxQhMEWcQmrN1CRAu0Jq4bT8ChDVbrN4ysIKZZloh9eHarY1BiMHL5H49o1UxXpgXLLoYNQeNAwRRkQ9aAobmaVUOTUaNPiRo6B2osbaaCmnqKfzPE7mEqd9B3XcBQWVSfmOIYuYuwEYIja3tgsIrekgku3WtH3RU79Kd6oRRlxCslKjm8RYVXlHQ2MQxjV+70D9cdKT2QZfnb1nTAwGROVHKlMndzcKkYWSWGJBJWAvWP9m6iIAg+sisKriiFitsG4s3jXpeArpJqDZQRiwClAICmEXdOusRBleTYCyY5JXO+r+TTbBWv15dY2zlnAt7gyIXMJ6fAgCK4kfmWahxoU9BHdemAizwpslyAkVxQgX0S+Fccu21piOXKEXU9jyeTuMpURr6YbPdYN8Lg9CjpjHzOI5EhAT7/X4cz/fv3w19t9vtuqEvOTMW6tLxeDgcDuM4MfPhcMgl7/f7u7u7zWYjbDYAGFLHHRYu06RxGDnnUrI8tIXZIzZQBQoAUaLaf251q2bGABD10XmaDofn+4e0NTbhbrfb7Xai3gwAwsDEUscUEQrbUsosbMWk+NASmQRDRF7UKF0Ok+W3NqSdHOvZtfN59eUL3iaEPADIc45bEAgleCp6R2bD5yp3sa3PBYkwFviyzi+mC2UbSSuQBqZd7kJY0BAX5K2YO4T69Nl+UYeR7hRo3MAS2C8ArXG9I15OdJabbX+RgIm+mFrMQq83CE0PAFwYSy5FwbmQuSCwZMgaY0otDHtl3vAhKdOO04UBAYsFFr1miACVIlgnZ9cIqHBj06YUrg+N5VEGMdThi5iQ8zgXaplX15cFQGjaqQ2e1zxLndmarCK1jW0B9Xny6pBbrKSmOVznZ2+FxSWL3gu26Su0IC8uvNZGV7pfzdDeEBdpOAylpmCLNrG3Iq8P9siRAXR0KBd0swNU8VqqzRPaDmDZ9K+s8qutttpqq6222mqrrfZ7Nqw+1eqUedl/i9d8xe1PoJvXgu3hxZfTwEemX4/X4x/IcRc8NPHn93q8Hr98zB+XnpfnxTv02rXX0pgv5LIMvMiHr5az5mk0wGtlaMZFuFfj0eT4/4v8beMKuOeTGViogQJOGKBnwbTqXvrqPKIG9eRLVawFRIfuFUTLlcO2fc3AFOkQgJkUiCzmkiRoHHnq2/KzELK/BhNWfVIwJ1X1XkUvfOvtQ1CoLdS9PUmoGQAVbOQFM6G2CkqViQPNg9OhNVnQ3wxYpn1r9DjVEkW/pno5gVFjWVlguYgaVjc3RiclxjvUtqtdJjQrIoVeWt92Wn86hlugeVerR9HROadWgDorPaFuFll49mO1XN4x1HIFo2PIQygKeuuLGTh9BkVgk5QPQTWcUgWtK1om7chVOE1uFYFDCUAo7eNkJwQoCBnYCJsu0ud8GgRW17sOwwhMmDMVm2HNrgYpx6g9kAszBtBBlf2IaoGY43sjsGicavQ96zPMRWBGhlKyNn0BABYanUWHZEAWmVYJNyjqf5Q6AQhdNm+ep1IKF8h5Ph95HqeUUuq6vu+JECXgKEIuMwF1XVfKPI7j4+Pj4+Pjp599CpRKLvM8Pz0+nU6neZ6maR7Hc0ppv9vt9jtELIZ+yaMWVeFlAoakZEVEVO4gKdcIQCoNFiq2BhU4Qxqj0K5X35zzPM/MTAjH4+n5+bAZHjfb7d1+v7+72+22XdenJB0DhNsGADkXHxlgmM9F9w5MJBvTEdiLxXgZHazPo9MU1+wrNKXgk+xGkGxFOVYAuVIyc+2BzKWIWKttZ5DhRsaEs4mTPSoZwpVNAAuY0KALsMoPewjCTghbxXSqYhvty1po16aGUembKey4weSAhQ9l4o/NSrecPG2U6pRh49plMOWSogLBQRwUdKmTrJSmyaLlGRb5wlioGL0vPp5udgDbTYKL3kFeLHYKqkyVpKOzxuQEZqEyB+jYSyhnCG1mC88VOXza4E5SQ3BatZAhW4zQuG2ISyDqqglbMa4+PpEFDWVwKNJ6UX2oektrON+V0442H5JxfFmjemsjglM267RwdQeV/YnxaRZPvAA+L5fj+gJwC0BDWNQwLP+4cluID6vM8+VeIKuAqGVel3GogYd9C177EP5OycaGDwtkLHbN+NX+sNpqq6222mqrrbbaar9H48aniuqQDb80Fr5cNBrCVX81fpjvWrWiXkgTfzG7P/h75Ktfj9fjX/O4iz8a40/+9Xg9/h0f82+WRv69fS3rbo6beap66CtlMLu8F79yXPM3OAEQGKogG5GS/LihZVwqiNaQS1oOXCSoKRUNsxJD8NixZ6buL0YVcFTww+4gbmdoHW1XAcIFRmg34FB0jClZKRQuR3lhjT6qHjiPwZ6eXEPvqpMeVfDUHegcY+8AcIjWF4vgzmx0lyQbgUC8x0XfRCjqiwKA65eCbtxnL641gENTkoMGasRw7wAicpMFVC8tN2Xl6D1Vkq5ChXyRXB5KHsc4tJq36acasxzq0IHqq9XL0Z+LWW6PUMeF+Z4lWmNhZCQQop66zgkpYYqdDUxULgKEUs+1Gi2yJTNAPC+1SF55WowkNeLFEve8P7axUhSWA+vgDTSvTxt1WQ3XYAlLVkqZS3GcjxJR6jRcFxfvYKUUZlOMLFyAuWTOOQ5eLlkC8SlJEKAwzPOc86yqrEopLvJUwzD0fZ+6oUud3oUzM6TU9/3Qdwl4Swgliy7oYRzPRLTZbAiBEDIiIGw2m5yVzrjZbOd5Oh6P33333Wa33e3vmMvh6enh4eF0Os3zfDwdAGHYDpvdFgizqJ4mAuacZ9HGJISh72TIpCQYpEQ1VbamI0MMJfs80E4phACQRCvYJTdrRQEzCJiKec6nfDoejszvh2G4u7v79NNP37x5s91uUt9RSn2fDP0thbPmT5RSYi4l5wozgMVn1albBom0fw7TU91i9QJGGLeXVAHMBSRWkRJFsLx4mgNhkTh4LUTqRZGtJYIoalRSVea0Ph6mWL6WiVWsSK2yy67EpwXRTPYrAJidQIcRv11Ugq869vTKq+aaVawn5IbmvixqKFAoms0jdjOLehhWB8PC6s84V/PVLgqAquStEx0zS4xHK6jLvXq7l1iqMENSLaDUrQHMHrO3gNH+QlUvNyLYW7quZOw9z9tettIAIS3UX5HCIuvVEyY1DCjdy4bIWNqF2OfH+PMaI+1fi11b/eKFweFolLCR/mfYUeHViC09lJm8X1Vq5tXeIk1Zm6wuLc04Cm8pzbXW4DIjXMHCq9WRFcYJh6klXorQZIWIxG1vbbJF22DDXPt73JNFDTnyyjAvsb6X9eOf3Eqprrbaaqutttpqq6222vfALrYmQvgpAXWbosfoWfqK8eLai/NX/MAIV/KPafD2tdfziedv5Plymg/wXa/H6/FveNw50O5IhrgQ1vPr+RfPw8el58vz8AH3hSvnFccALcML9+Wr5Qz3hdfLDzZaXswHXsy/2YkenDLm1Ku3aJw4IRzUb2pKWPEDFAVNdheboR/sXtfG9ebOR8AYdCoWz88DsAcOql5L8zIvsl362RlAoxr5yfj4GG/kDvelU8zApEofFMemvgZQdK+FRwi4rLmYFywE0Sf0Xf3iWjZly1hcI/FZqRZ+TInAFU/GMFoAwFlCd7lP0MsV3J2IvNDWc2bk7Z7wId3pdpqX89byi4ieu5NTSn3fiz5klFeNLQCK/HDMp8JyCLGiJHBmU1oUjDAggEQCJGkaJeE57abJIT6yIFLCLFwUZnGMhISppxpHTXBKLS03ObM7e0HVTTebTRwOFsNPdS8Lcy72pMjMJec8TVPOmYGlaCmlvuv7vifSeKU555zzPB9PAFxKItwMm/1+//nnn4/j+Pz8fDgczufzdrfd7fe73S7njIgiekyUAObz+fz27dsf/fjHu90eAY/H4/Pzs9x3HEdRFkXCOc+CDgo+UYTSRzQMA5cyT/M8z0zFoYjqzSbi21XatkjT3xwmlEy6roPCJXvsQxrHcZqm+/v77Xa73+93+/12v91ut8MwDEOfUpe6JE0hSp7yyAL++QzlN3J3vBTjsoTXAhDefJYbZlSxkqHtz8oyV2lMBhlQN+6CAA3Y44wj23dytfBtbvVk81U7u17aAr6N6tPt/Hm95JczzQWd66XKdJnNgN87qoIeVfLy0dgQT0f9kanmAODTlELyFaIFvJC9bcusDaL1wE3T6E6ciiY2vcjPXzRBqfPhZSWYxmycT72ElldTqw7DNtTyG9M+1npgC+TbTFmOF/qPYMe/ZA1kEe8Oa/RVNOuy23AMtRie165FxCs7DC5rkrl9tLaGkwXCvAQIWd9clxzixb0u+/mtEaeuCn07QC/Nsh6sEop3lYt3gKpSHgZvnL68gy24ogtwtJYZ4UMw49VWW2211VZbbbXVVvs9GhthENXP5zH/XvI/27XtebyZvj3/av541b/9/fTbr+fX8x9xvnPsffm5nl/Pv3Sef+N8+APS8+184JX8LQbhzfvyB5VT1pZb5ZcvXabqRv7hSZlJI0mhuYmCx858b5cQyEUQoOCMNIzE/V7ul1TfMVenMWKloxjzgsMOGPlnGSHPIiXiwhYlNI9VQFWxoqG2F58TdXq/6qUNzk9kVd6rTDL7AtAftuKL9hCgcScJGLGG6YFYS1jhu3qwdIyqfBuaUlvcWs+kLCNu2aHaD6o7EjG4ACvMpyEiCzNmQAJ7VGhdzhgpkxwqw4uqTv0Gxg6tf+Fobp7vOraxSON3adyIWhoFz9yNboQV6/OqM6vXy/+ISEOC1TCdbUfyZ2aIXnj0DAUdLIWqwxpqveq1CMBEhBZ0TMAgd9GyNprjdqxEk6ZXWM6VR9Ig1oUZCwCaA90zV/4fU2Cv5OKBCVW5NDsJC4VVyzkr0NWJ0i9rJNKu6wTcZOacpyxkRPRqQmYsRUialFLnAT8TUZ6mnPPT83M/jX3qd/u7YbMRtO90OpfM1KXNdoNI4zwxAKUuAZyn+eHxabPdC+o2z/M0zwWYum7YbZGwMFOfuJSiwowFCCBzKXmazsjCSINpmpU26MqiwIWL7U6o4JuFstMZVsaVbWV4wfPOmYW2qPEFSynTNE3TdDqdhufn7X7X9/0wDNvtZrfb7fa7vu+MnwdEcTLwySnQyOrcrxzEqMb5IXY1zKfxtW9iXxU6Ktk6yRJGa/KXKdeHKhsREv2fq9DSBz3AYvNFHQ02PchPJ3YIqkEqF/e1ebCOpMiyai4zfdcG3AoV4HMiRYBNetByvvKFJd6lrZBidwJfinQCLCGl3lTmh0VNWR1RqLkl7BJUiGsxDZcOk2uovVKKEFvjJpqgLwn6ZiEt4pFomQmplFxbLlQIh1rW7TLLNqgV4zFZleTqw0GUeuMGqrAnoh47azightAMLcvQ2JFYf9bLpTWxVSXr2xjQ8vFkAUAbAWgxYsHVwBWiWzznUiO8uiCgVtdFem2O9mLPw9YZX/kxvGw1ZWjftQwjtDcP626h0qJIur2woI5WEaoGCN3BLw8vhRdzA155zNVWW2211VZbbbXVVvuDmvzAxeDzuuHFra/Gvg9ymRIW6W/4gcHv8kJ6bNPf8ie/ms+Hn8ffUj7r+fX87fNd9LWsn+vnB3/yx6XnXy+Ha2n45Ry4TXmZhttS8Y1rW1e0X9WMF00SAa6Qf6Q0+FUsYcOqcweWfiJB8NAd5IEGsSAfLF1L9dhzU/+QecfI6RaS0FIXEBAFGAwgjLe4BAgXd2wL3ZH4AAAgAElEQVQS44VYFcZVk5HMvbUIDeW1ZT7FWkhwT/3FFnhhlDqShnW/vS7KsDjNsfCXjwAuCMoQOouXwTtX6+sO6mJSVRctZa48SeN+P8s3wqqmtofO6eRlnfpV4Tr3El8mDQ/4ISSnpiddntdbNf3TrSAiEVjzllKyMb00gcjrmXe/oYy0nad2uBq+joUdKBBwkJ+1A3uBQkIosZVR05h71W4OXHeAIZrAb2S4LfMH1Z4FVqIWYOXZaKcGLCzKjZBFrpBZEFVtJaXh+stnrqwRBq1BnSgEaKOu65SeyUXKn3PdSCDINBFJabqknEqhFRKljrph2KTUzTnnnMd54mlEor7vmSEX7vuUqC8Mz8+H/f65H3oBCHPJjLDdbTGR9opEDIW1TTW2JJcyz3NSXDOVGQyaJQvH5n0KQwRSrN23JuPYAeLsFzswEiEyBYZfSklgwpzzlGdh4w3DsN/v797st9tt3/dd1/V9l1IS4dNkkp5cFA0S2JvrvTAO97qn8MOszttWAYpv1OcPnd/7nIW11HtbrbHqD9f6Ab4ySZkqMgbYa2lBNRegHYa1VIsn0QJolNYlPGNPeANJlc0UERXUCKOXkRFfq1QVE2Uuy/PQ1CEXjmBOeEBukoXrQ+fz3SsV0m1jxdZNIFbrUR5cl3/f32NZLbo0epN5eWwIMCXrG/5VrWx7fwjvEbYTggGYyIE0QN+9YosG2/kwN9ZmlLshkEznQQuV0ELKYqM96wgy28rGAUzly3CYdhGFtyD/5NC1fVXEcFXTUBdt4e2LINLWjsstVquwfuvn8tVFN1f5wl9XRlbla7u3vw40FRNWUjK0T2rbFxqrJcP5yDRFsW6ysQK2T+FvNYiY7CpqMP0m1HN99tsr+2qrrbbaaqutttpqq31vrJGJUbeNecEuvcHNL+7lt/Vn8cufcDt/cyY2/m24kgbhw+61fq6f36vP7vKH4mqr/RCMX/FpvPb96wleSfrhBWggHCJy4GMBEEaHr3xNyp26Ag1egIIvAYQI4pAiCZzWFosrmqXcQ1pkK2SbVOkRV2ChmHjhDeQQ8g2Capm7Lqu/W8L7oQd/qnmHzfjQuLrqAm3IT3XKse+/X1TOstzxX6twL2P1D7ZOcQtP6FH9moq40lIhMqJjJ+rOjGGECpu+YQjGhAZMBb5CQ9X8sM78MRKIL2RawVrXOou6du6gLczzPI/TNE8TOuAFKDKPFhhQZT8VvINApPB6KgFkRUQiBkP1TDUUK2CKt8rvvmdKSQQcSylZQEIfMAquFJNGVu4iQAUjCYkBCpeSBVWSIHs2LhC5cCnipsfQkxXucynRlFJKhAjZdFkRoTAQECKxFoKNCkmIhJIxECLISBKkMOd5nguZsuQ8QurSZrPtusQM8zxP08TMXdfv9jsGOByOz89P/HzY7baid8oARGmzofP5fDwec87n83nKcy6ZEg3DZi65S11KNJciGJ/EX9QIiQVLLt4rNqlrAajKM0MkRuMI1oZyBK7OdQvcaIFgdV2HAFBYHk2wQCKa5zkXCemYpac9Pz8/PW83m812u93t9vv9ru/7rkt932OPGu0wzx4CVmbpq6j8xTTw0piKzG9XnA4nEQBIp10DmH0TR51efLaEOO3c6tsQUYcXHkCPm/NXlTMvh5I0RSkg+paL2vBMiK6rsy5u0cArTcrryIXzCxfdo4FKGZg5c4kAoT+oFY/in5K1hRRlhBJ4/LHGmoJixUovS1pnMduO0ISLU4FcbJlwGpJSxiM2Y2FRS7ZuNYPM3iqYSWbiulh7jFmw1SMQGJvqBTAlAnJtcK0VW02vSciiCKJa3ysoMUjRv21u1HSAZZX6SFksz5aEbX9IuMqbSomJCMbRD/Nv8+bgu7taCNNfheRyLMjEIlvLyBpnEblucmBgNH4lcdWWLf56VbO+6CEN5qcblNzpwAVD4cPOIw45IBiJcNE7EEvDgq2XlHrszQGrrbbaaqutttpqq632fbKF+MeVvYPhy5dTfkBiP8arX31ggqvJLr56xS7SfDRuswI9q320deFHYdwm3/z8XM+v5y/Ow8el58vz8AH3hSvnq4Ilv3JfvlrOcIZvl78ZF+EqvpoPvJb/ZRk8aaMP2YRBArC9/RwgsGUul16hyM1BNsVJMDadeOeNqgi67CJjEMeEAGU5DgQNZrXw14eS0LJIBEKJFOhEcbLaiB7+CxDZioVe+VZKav28qgHIyMDFXIiu9yjflVACf1iqmKHRxWxTf6zjCE6qYO1VwMw5GAtGoDSnO3eDIxy4FCf6sbV7w8Ygxbz8hch6QEUtYmnCtW3DtgWOGN4CA7iKRtwCCdhakLBpFAmDV0oppeSSp5LHeTqeT8/Pz6fziYiS0mcN5rOaC4Q8QEQRplwGKzRsDU0Vj7XVlv56ALBId7WStO+DKkvmXFBwwtR1iMbMc0YjJCLLmkExg0LguRAgMKuOKYLSayUCYwHou0QsEqRJgggyc6KUEsk9ABGEYkiEhEkgwSQyoQBFyFGornjgXHIumRkQqU8dpaRPilXltTAAQym5lCxqrHMpeSwqd0qJSxlzng6nrut2u91msxVNzvN43u12mAhMr/J0Ps15nuaplFw4IwMmLDkzJSDI89SlBJiAmJgTUUeJGPI8j+fxdD7luRSAYiVOKXVdlzpp2CT4aNd1cbLg1i6nl+hMd7FZBEhIfd9LPLxxHKlyQCXYJzLzNE35KR+Px67rN5un3W57d3e33+83m00pfRJOamEiEsnWUgoE3mo7ghbTHWBL6Wv42bIQKQmMQybhiWyQ1fPMwGxqqOFkO5BjJhrcsUnjnR8B2OpsiVHBhTk2I/CV/OliwouhdgscNQhpAQhlK08zqzBpNS0wPwKdIBc3uRpTjU2ZuSKU9eckL4Dn+KRC90VljzELxAUYljhgJog5L3NA53baF6g6mU3L6sYH+VPmSQAokCWWp681YIijktHQyMr2NJE2rZtPmAswMxCQVrBBewJ06RtIs5tWOeeL5s/2JWnMQQJfa2vVUy0lAEKpwfVqFSXLHxe/wZ1j2qJ1zVdaSkSD2HwDiReavS7Q7sA24GQnUrGGAS+E47VCzIxdJPaxeie0BxGZc6px/9AqXSd0EYwWXNYWfCNV2i6Bpu8HlLoChFKapC8/7Iq+xi/Ul1u2Qe54rO9xiUM7ETFUjDBINVh3N0R8BQhXW2211VZbbbXVVvueWfQk2xn0t+pb/mRL+ev5vV/NH6/6t7+ffvv1/Hr+I85XBqENBf+ZvZ5fz79wnn/jfPgD0vPtfMzhcyt/gVeulNPyVDnDV8oZ7IXy84v5hzIwY6ALqP+oJQgKVBFvXCNjmaO3Jr7imLbiyrVx8Ev0MuNfWAirsIfdtssvnju6ruKG92u0Erz057I5yIKiWs3Kqx+Vwsjm+1NHnrEQli2C7ofzyjcCVxVQA3CXWT22EIEfQrsTgsiVGJCR6KBOu2ud5uI4kOSaRgwSqMGRXbtHnMSbMrxS/tCC8SSbg9+dp+5IvUolaKsLHTTVEgsXr5Sc8zzP59P5aPbw+Hh///75+VmcoQ40EFYE0G9BqMRCOYwgoUJLqUtJPOCxC4lopwQ6JFFpo7bMrHAaimKeC3IKBSoCtNVjjBZ8kMwVe9HzKQEqKVaxqMKcmYmh5MIsJECe57mUPAn1UOIUMjOzqO2qoBwgEiYkFlIR4zxnlsiFiIAwlyzB81JKjm0nSqaWSSkloi4lKoX8FrV3ESZwd3aZprnrUt93RDDNMOeMeWYEIgTCh9MzJeIOcoIpl4zcU4YOZ5gLF+xQWJOdFLiU8TyeD+fj4TlPs9yQC2ShOnZps92iPJxhmUJPJCLR+my6AWkAwAgTRsbVskMq47OBaBiglKy7GkArPOc8TfM4jsfj4enpabvd7vf7/W632Qx93/XdMKQk8/OcM6VEHizNggG2L1LN6LgFtpknHrk9X8c+s0tlNtsv/GYXcOAiEy8At8UwGnQsrW0zqIvIdWAggrWL+4Y0V0oV/7yQAL1uVVIZdBjajpFLKnl7IfoPvwqwgBGwuUUoL59zAZY0EGCcrHWmLDZNFn/GgGbVhjCet4eCtbnCIiNLV/R5AACQswxynb6I6u4JWzAxvMobktouHczMWJlsmt4K4tFpLTKyTIFtjXh8QGMhNl2IrbqxiqXqrEhRUNSVvWUrSbsHSknwATIFJU2CrvThhws2FVuXRQfhEcgWe4CqWhuYeLH3++ztPYNuLqCV0YfhHEQNbxTJg/pUOn2hJ0WUcLOm48A1GGPMVZc4ACewWvUCJmzKRDo0QoeOXQG9K9hpjMOwni+ylWip8b7aaqutttpqq6222mrfH1v6bO0Dr/hv/eegX1tjBEa34fL8FT8wvubfxhvnPyifF/3Yt87jR6Zfz6/nP/58ZRA23qv1eD1+5Zg/Lj1fnueX0r+Qhl8uA7ffXaaJHsPrBeQrLklenG/S87XSXRdyY1/NqjLmtQsWJYlYv3uUFlfVM+6ftTzMd8XF0EqnSNjf1R8W3F/VwkVXtcWgCapnTirLxVL4I1hJ0TTerMBYqxBrDTse5I/cgosVhcWaGEyi3J6v1oZdFbcihTr0xwTzcRovoaaPCBnWkxFmszpwx6h5Zq1EMawdtn0z5GiNr/TN+qZxxWXfoI8VEFUGJYKxJsIFqtKpHYRBQegSX6+wti22f2pzlFLmeZ5nCW+XT6fT4XB4fHw6HJ7fvXv3/v27p6enUrJVLgsJjxwCBACPzImIQADGF0RFC4kwdSl1fdeRlQIN1SZEQhKhzySHji/G2jH0EABQY9BZF3SsAIFR6gACD0uBZXtJrYNSvhFFUGYWql/hrJHwBLqap3mep5KLIgwiTsqMzJUhg4hCr0Ps+qFLgzaWhMTjMpcs2CElEafV8hghLxGlYdhsNkPf90TUdb3An3Oe63AEoRgK75YQAbvU9d15Gqd5LFgSdZn58elpKnl3t3uGY0m564j4hB0CAwH1fUdICQgYxmm6f/f+6f3j6XgmgE03bIY+pcQIqSORUd1stsMwJGEoIjBDLjnnXHKecs6kVlu8ooMUsSrv5DoDWNtquD0ymT1EFo1XC09KhsYV5pLLNE7n03g8Hp+fn3fb3Xa73e22u91+t9sOfU+Uis7PAqZCIp9yXc/Wh0fwy0fcQnAIsB8f3mcinUhphb44VEDSHsv4Xv4rBxw4iT+OQPcQ1CVNSsV1AuUYSC9ugMFKfDPxRIUQSmHHKwpHMMlpmvXxYsHrGGnmV178W0sQ116upQEfZsarC0vcMhNnaPpEVes1rsRhkkWn62m7MSjdnKGZ2LlS57yNdNlijsuyLmIYCqTwEDUv4jIwFahjlSMGQCqYUkIEBPIXgLCZxDVRJVwpWyFRBTB1HanTf/ifdkvShzXSmz8Nggje6sKoz1XAe1Ltb+zanRa3OK6CtT/VS2KLYb0jRuy96Zae1jt7M5Mrbxs8JqTBwrUUJhDd7qnyMvqLBDe3s4vrQ/lYW74gtUt/KGf4j2qfIanT+JDeq41Ob28Fi35eXz/DVgLmwtLsLtFdtCxc2KWpA4DIIl/OzApEsimaL4fGaqutttpqq6222mqrfQ+s+fXmWmQLFamL47q1MZyvvxdf8V2/mr/90rydJuz1ffle6/F6/H067hq3/fq5fv5gPm2Gv5VG7Hd4rxr17LXPkBLMA2SeX8ejnGriuF0MTYcR6mAW8MPcRFcC+WDV2VOJK3NgF9uD7nvn3UNnGl6RU1gpAoHiU9o/zZtmxDxz8Rou52gle2WCeX716czHXblcbWBCfRCKd6xbHSA471hgAp3gMMiZxuqB6rrFhbA5KtUDzMfmDlBz2Vu6C2emls22I/lD+b2AuQjcZY1rHj3BHsD81FwzkOtQNVqjyBtwe9/4KTRVp9qZcBljK9KA1eseuqhJ2kbPPwAAY4HmLo7c5JzHcZymSTDC0+n89PT8/v394+P9u3fvHu7fPz895TyVUgpn7cCoQqK1pznOIVJuZEgYCloIKaWuG7pOLyFCoiRUQwcIBTlD6hxwDINC8ERCAmbouhQAQqlPnkvhPBOwqE5WfV2l4KgaapUHLAAApXApkEt2lJShjOfzNI2FMyLmOc/TNM+zs2NymUWJFQAoUUJCwflS6vt+s9ltt7vtZjsMPRGVwuM4TnmWwHsAgJgoJUCc51nC76WUmHmz2bz55JPPP/tsu93d3b3ZbLaCTBBB4ZKnWbBGAuj7vu/SeTwj4na/m8p8zuM85y7B03z8xduvHsanu08/IeS77XY7DKf5YdMNxNhBSgmHrue5HJ6O33393f/4f/7H8+Pztt/+6Z/8h7u7N3f7fdd1zEypkyHQdV1KSea01CUf7yJwqpECUyJWwVKbeBIRijrrQuhSiU0VlWNMDhjqkDeBZbZIl1gkL4O0x3M5Hc/PT4dhGAQg3O93u91uu9ttN1tQ/b0MCF2Xuq5LlKSPgoT1QpQYkWidi6FwKTKBgLBYRUVWCyYMSEZWfEh9+Bcwv1gpRdz7DYIBIl/JaLHrfEryUYu6gbLoCUMmdV4NC5HJNGscQaU3iayh1ruKExZAQZR94OtqVXdIsINOPntjuypBRXkXoEydZcgnJN9+Aa4scwXJEI6WVa/DPeTQ1xWLSBWD0Ol1rUBCUv1JeT7WdaBWa12tbC0Oz1fJhTUUK4MoEDsMVqcUhgLIMnkUZi6ZoXAunBInJIprsdBhbbeLSYZqZSIBAxIgysJla5xNgBXWrIqdGifQp3rj6Zu0gKw4FQmOSyhh044I2DSprn2gdDvL16sJHYNEY09fLKdoK3xbw3ZHmdsrUi+9Xdd7vkgcDxwvtA1SS+Dw8ljePRYiCk1p27WmOe+OhEsiMrteLPtuIVsHjSfKUBdauMZ2rXsoil1YXJZez8h+CagAoX1b8o1IkKutttpqq6222mqrrfaHNmw9sRh/f9QzLxw3eEdLWbh6PgiqXOQZfhJdv/bi/HWP9It+7I9I87vOYf38/91nB+51WT/Xz4/45N9LDi+nufrtYrPHZRq+nv6l43jV1TT8oSmBg2txEeANIEb4axGtS1vggu6furENnBX+06EfCHmBnrAEVCKDsHrXACvpq/WRqSYW3BLce8EDFbxdAhqpbxAAoHLeLlU8lXgR8/cojAs2pD34K14wbl1vl97JqwTKZRZtkWINvHDt5b2W4c2C9/DWhQ7WasUoL0MjNVUUxfIg24qFNciVcw4h1jxzrVC54zzP0zTNeWbms9k8z0+PT/f39/f3796/f/fu3bvHh4fj4SnnSbh14shXCMdk+MgYWoACXhtpy/hMQrMQNU0tkDPPgjKfUusoWW5YQVpwogbP8yy3tWiHxAwMpQAiFyiZOQNHsV9184pypyBb85ynyXmTpZScxQ/LmaFIIEBE7LrEhUvOzNyl1KWONI4Vi9imKA36+M25AEBK3TAMfd9vhs2wGfqu32w3291+u90RUSlFQigyUEpps9lst9u+78/j+fmr5y9/8QvODAh3bz75oy+++OKPv/j8Rz/aDdvcT+Pp1HUdISbAeZ671AHhNE5d30FHGcqYpy9/9cv358cjjE9vn3ebIeObkYc8jh0jAQ5pmMv+28O3T++evvy3X/7j//Hfd/3mr/6Xv/7bv/nbP/rRT4aUgGGe5+PxeHp6Pp5O5/O5lJJS6vu+H/rNbrfb7fq+R0Ii2m639tR5NkJhR4RABTmlRAS+H4KUTCm+8OI7HwKhzVUXgZzpGSbVRKQSqxXiLefzeRzHh8fHvu93u92buzd3b+6GftP3Q993XZ/meZ4mRWdFEhUE1ykMUBRFRuOJsVF3KAgP1oHPDn154E+wGbB5hFpqjk8XkrPNgLpRJD6+DndkKOjBUFkQOISi2rfAgjcyQLNDAV2hG1j4cwgARYMIVqTWDwyokwxEJbZin0v563a+0vB7NXRbnHmWV13GUMSq2uj4XEG8GYrVB7TP50FZFItx9/zq8FCOXPrSvsw5PKkz/0ipiaHYciw4OnMphXwekAphZiLC1Bl73+FPZ8yDTVzc3jnyRq88eGRVs0XMc6p0u/WnJrtcyG6/bNQ71WrxVyP/U2o7SDL4KG6DFjYiqJcEUN9r1eTsq9fFK82yjESLM1eftO66qbtZwON03iohAEDxIi32/7DPe6FafDuRPhchJaRc9aKL71CJ6qCyS6eiiLqpwlYTjnVvrEhG2w8g+00uAq6uttpqq6222mqrrbbaH9iiTxWbl9qXPMlYvbL+Yy7uOG3OX3y+mv8L1y7u9XrK9XP9/B59GoMQ7Ox6vB7/MI4D8eJqGuniL+QTP3+de1Xn72v523dh7N3yrC0Fr9qd7/G4umXtrB9AoBVe5h8OmnwcKeSQuEUIKwJ3FetqGDwXd3ef9a0Hh0oMwnBRLWqs+jZjrVZUhTxc0Bm8YpYO0+CJjgTNF9DBDzUPsbR8yqsA4Ss5GzJ7pVSXya7cQHh5t5HJKMJmQacWzmVcKrhZhRQuAhMej8fHp8f7h/unp6fD0/Pj4+PDw/t3794/PT+dDofxfM55NpZDIZVe49jNCMnF1rSian9li9BFRLXZMOATiv8Jlll93eEpEDS0F6JyAEVfDcFQkqJed6WCcYwTJpUgIqLyX855nvI8z0Vzc1IYmxQlE9JIyFm/Tx6GkU1UkJCIDJ4AojQMg1YIYc75eDoeT0dm7ro0DJt+2BBh1/UpJURkpK7rhmEzDD0zENEwbO72d2/e3AHA6Xz653/+p3/5f//58x//6Cc/+clPfvTjN/u7zTAQYJlzl7oi8oYEXeqYCyAD0Pl4/vbbrx/GR+yh77vNMBDBdB6JmYCwQDlP8yk/vn18ePtwOp7+t//6D3/3N3/3s5/+bDpPp/P5+enp/v7+8fHx6elZAGOB1rqu6/p+t9/9+Mc/3t/d9X3f933XdUQECEQ0CHpn0J14rJ1XvNiUQJRssJYFbCBpkkWXbMeCrQxhYpNuP0/zNE3n8/n5+Xlzv9kMm81mu9vttrtNMpMMiWSYeO/1/oWACaCSdMzj76OphGdhvIYBhqhv4BSqhYp1vKydDL1+BPYopNNioCShyJwK2Y1JCXRaK0nvyQzEmAiAoYjYJwNz0f0GivETAjPpmLNy8GKh0BUxkrElQQikh7bMNk0cENPmEdts2+ZlU01uk7aV40txZW2xPyFarL6w6IdogL6AtvF9wRhz4c6yclluyzIAAHYkN8VCSEnmxqoOGWILhpvEY0zpci9OXOSXNXmZqNZaOyjsKWrHvHb57ZXLE9xYdV5+PwkFiMXky2cJHf6a8vmNFye3S4Cwvb3LEdSavP5yFfl6XnTEUti/ZTDorgWn/cICHFd6nURqMNl61KDawIt5I1ZUIgJAlzy1BdBrDBAJCOl6g6y22mqrrbbaaqutttof0AKDUP6MbjaG1k977bjBO6I368Z5Vyi5kqdd2PwkveUTDuHUl77iF/3Yt9J8qO+6rauPSL8er8fQcRCw4kArWY/X4xeP+TfOh3/NNPxyGfi1coY8eZH+1nHM51oa5mv5twxCHXdLp+LL9ioU9AJqtfgq/hGoAsGVeI0+qISD5jyoFtk1dFAYatfL9JqjMBIbFujUsh6u3eBl99YlUhdK1d7OiEc11Fm46nX6IFR88mM8bksnr56NyEdl+Fy9aVNjH35jv/wyUNNLMLb5SUUs8Xw+Pz49ffvdd19/8+/ffPPN6XA4HQ/Ph+eHh4dpGvM8l5JzzhKArhKnXFYtgILKdHIPvUVzCzzD8J7VKteBAoTKeWp6aez0RAiQcymsEbaAUcgZCCRCkig6eKYmKtgbLDgfzAiciAiBiYor5HIxXzAoh9MCwJVc2EgnOWfhCUUaFlGWCIKewMuAiF3Xp64DgGEYBCBESl3fd10nVdr3w263n6ex5PnN3d120wPA4Xz86le/fPvdd9/+6EefffLpFz/54tNPPhm6fug6yLnkDAwddTlPSLQddljg/tu3X739JQ3YDT0Al5JzmREACs/n+fh4yKc8H6dPd2/+/r/8w9//17/7k5/+SZnyu3dvT8fj4+PT4+Pj8XCcxgkAUjSVOi2ijCr1qezAREJtLK6uicqA4dBnAs2o7ltYICiiWUgXk6QJYzZwuPcOIhKl3HEcj8dj13VDPwzDsN1tN2bTNPV9Z3xVTIlSSkgkEoc+7n1aAXPcL2djNo6e9ORm+rGz5cYY1DimdituLnQwG2u8Op06wjNL2FFWmiAy1Qh/ssaKNKv0WSroGEYBe1QA4MxADMBUVTd9zbs1mUdKlmshetHidpBaVzcmtOVSalCLZqV4aJzA2yuFj42oTE/FC7kmRc9UGhWxuTpAgqLJSQHL1InNaZFXasCnFJtGuUDLDzOt6LocROxHGGwLqHtxo4v+X8/7ycVrQHtHsIXsShO8LBXAYHqzNxJ8wMll5S1GeogyW+J7wuUqVnfPtA/+2mqOlVBagbwlpZKZscJ1zR25MFR8XkjHFQKO6YvGFLRRJAdF14urILGl5TCmli1IShnVda9NwNoJV3BwtdVWW2211VZbbbXvo1nMbob6+8t+a932J1cxGa6RJ7Dx5eL1a+upF/K/cW04xhVnWY9/iMcduj8bPSLIerwe//CPwTQ1f1f3YuTXx456ciXGzk1HZ7XoDH3Be/WSY+sWZMhQAxrpZvIlQLjYZR8BloWb9bo7MpT8wyVGo19bKRcW+Kqplev5cJsyPGot01X39EtNcYmWXeUU3jIOKRuv/QLug1fgxqu0j5cqtj5s04vaot283SLz9vjKyVyyYHbMfDqfHp8ev/3u2y+//PLLL38+nk/zNE7T+Hw4IGAiRISccyJhzHAp6HppAhB6GQQ2kNhv5pvmS7+nFjiEl0QNSSUpCQxqdN1U8wj7fSTqX0p9J6K5DAilQJF3zhh/C4hIADlBvNjZT73xxEShtDAXzlyYhTRYlA+HmDhJIUxQER8s6TgAACAASURBVEop8zyfTqecs7vyc845z5FN1XVd3/ciN8oMuZSc8+FwQMTUdZvtrhtHqYGu61I6P9y//8W/Tlzgz//iz/7qb/76H/7h7zfbzf/1T//3v/7bv/7zP/3T4fnwH//n//if/9Nf/oef/cnQ94iUCHJhgsRlopTe7N90kE4Pz9/98t8zTLtP73KZS5nTkJBoPk/TeYKZj/fHN9u7P/+LP//f/9t/G1L//PR4/+7+66+/OR4PzNj13eeff7bd7va7/Xa7RcSUUtclogQIXeoKlznnlJLgoKUUnCB3OXWJkEijqYF4yIU640NJDgqXKCxbWTYCpgIgpeUQQHQejpxwcVdKlFIipFyk3co0TuN5BAAk3O12u91uu90Ow7DZbIah7/seEYehG/oe+l7HFjMiIyZ1xlPTV+MoM4IhXyYIA9LXkGaWIMBiJ1u9zWa6M53SCNU0EwAhMrkkqUcprTAiAoigoVAQCzMC5pJjYpYgiQyuFKrDMcSa1X0jF1yuy+F8FQx7wZYgzeV6hDfqFgCFZUmk4paBn+WLw8ubeS4krGF5+xZUjEW9rAQiElJXRZJaZciIDgZaM/go8HiuV2upqZ9rbbE4f+XbC4vLiZTMViKrDe11TS3eenu5XG0/JE3ExhZprBsLEr4ECMG3NF0+VWh3btvAs/ZvtV2Kx//j2r6yIyQ0XMMCNIdHjGu7wIC9Wev7GDZotY7AYERxGw0g+/CrbMnFS9cN/He11VZbbbXVVltttdX+sIa+jVR+05pPFV/02QY/bYN3vH4e/Lfgzfyx9TPf8gnbT4Y/mG8c/0D3XY9/wMcd+K93+RW8Hq/Hv6dj/i2luXEMv4M8P6ic/nkrBiFEMIabAnN0HS5AkeX2f1zSUhpuwcJNBoAheI4FC8QAnpkz024pHmTPofG7wet2SWVwBDEEumvBnvo0HgCv3vCa03CBDnJNj1ePJZGHhrrp/YwVvmBsvMza1FvwspWh+mfZnZX2LsEB1/PylGsPGEsI3hCsOIDVLiKUSo9A10jj2h2vPnirUVapPN5PF9UIAKXkeZ7GeRyn8fnwdH///t27t/f39+P5MM9jzvP5dKKUupQQcJ5nsiCYXCD4UZGAQiWDpjDeUrhjkcZAB5AQKwwAqAxCRIlcJ324hIEWvcOO/xWjySIhAQHqnwJfOX2t67pECU0m0sk1hEiUqEtJIiASAiJSYoBSSp5nkTJFA3vkMbuus/iDglFBzlkkLs/nc86CA+ZpmkrJ41imaSQi0dWcpqnr+5QSJaKHB2EQUqJSChH1fb8btrv9/uHh/X//x//zX/7lX/7sL/78v/zd3/7VX/+vX3311VdffvX111//4z/+4799/q//+S//8ic/+aM3bz7Z7raH05kwJUiHx8N4HHtO+7Q9TDmfJ8aCCTGleR6ZeNhuOurLWP74Zz/7T3/5l59/9tmv/vXLh3f343kc+u6TT3+629/td3fbYUsSyZJBiidOcKmjwpxLdpxMvsqlzFNRdh6SNBARAlSoT6IPBvYheuv5NKV4T8WrtKtI9xKB0OVoZShZdE0JE6aUEDDnPM9zmcvhcDifzwISbzab/X632+261A0SH3IYJFQikdIKiUAlan38OItH5hBExykXhcGwSijGFmYwUQslrQf2VYDDRezKpkzNIzLaHdjR0msYm9DhRLAXmJmRASWiYiHlMSMA51wSEErgPpuu2AiRDKUAW/xIaRriWiVxmePQUFjxk49BLRZzGjPLrIgXk6hPK2hTBAqH9Roud5WLVnEi9jmY0eLv1ruEWIVNEdqFNe5nqcQvokXH8GESwXL/9DiOjg8hYlE2bXPTUAkXiCBzDKmHlwkuT8aXE29ImxgDJbOuyPFtQnHkFi0NKw7ii32gisQucD97HARigdoNIgyLLANDzux/eY3Gl7Ja0LCU+x0Ks25hCJ+xXfKcoQZaDC8GWu76HwESpdp6hFCrwms9grzXXrHqTCjtUpC9m9aZpHB9Ir5o4tVWW2211VZbbbXVVvt+WBXfhxqD8FU/bYxB6MfYpEG8nt73iL6QP964V03jP3W+J7739Xg9/qBji0HoaPn6uX7+MD4jS+/ap9jv8F4WI+j1HELKWqZLkIbjH4vt8AssDY1XddVp5X9e3apv2CC2XjXxRutmnCtOu1/LbrEZIDi5bpDzlt7eC0d2ncyu8jcsz+bW4V7XC4mhSiuIy8umeRUj9HLe+qrlbVz9lq98Z099lW8UzrNDg7ea7tLxfe1bDOgGgNHaBB8jojnnOc9znhm4lDKO4+l0KiWP03kaT/M8jeOYUpoREWAWnhwgABqPAhAoUUIk02Fjfckq5f9j7123JMlxM0EANHOPe0RmZfdILWnOaObP7Mz7v8WceYA9p1er1b2rKrPyFuFuRgD7AwBJu7hHZHVWVWpkqG6mBY1G453m+PgBiDLRPkOxyWbcvhb4bYcrGqoULYDOyo0ZHHip2RJ183HhnMkREQeSgnBhtuy6rktExvu06DLFDLojQqLkb02eecH/3IViKPG7rjN40Epr3MH2T7s2B4eqmnM2i6PMMgwDBt5GSKkjAB2GwamHAJ/w467bGcXz8urq7bsfn56e/vo//83Dq1f/43/+jzffvfnhhx+OT09//OMfHx+f/vIv/+r+4QER+r4X1Z/evtMxX+8uX98+XAzdx/FzBjWjrCrQdT0BHT8fAPBitwfRv/vjH/PT0PfdzfX15eVVt++7fpcoqUDCZBgbC4O3Suq6TlUTQKeOvzIzM5N5YlQ1YAPXoIF2oM4svrZrHRlRVcJG5wTirkOlxfsrxcdMhqhaPn3fOzDDknMGgGEYjsfD58+fzQCpSd/3u64Lp4pmNhaBqJ2ALYoZEbOTEBCzLIaXBgTejHQq1LpAZVpAqxLvtHmm2Y3KUqkqBi8uFzTLEjG47764gAhgcrOWqo7MWt7Boy3N6AAhkePWs06csrRxpfyThegLpOVFYWlMnTWHryzldoW1oAI6s6M5K+UJ0Gm2mXpJJgkDOGw7qwFvo01q+vaR1qpzy5dtGy36xQ1vIpG0pzBONOZkIyiDKv7EtVo/2ynTjxZscprcLUdSZmehpnsjtn06b+Ew1Hlqp7PFv8JsOjfs2TbylOo3WRZqizf0zVn7zzql2a6j8u0aZcdTgtbXrF3NQoHrQ2itkZfJPCRE98mrtr9BwYxnS88Lv2o22WSTTTbZZJNNNtnk1xKcamLL9zFOYs5cT/CO5vpUfGUzLPOMmMkv7FM64fgRv3L3rB77C9L80jls4X+40H0QKsAWbuGXhPpn5gAvyuF8mvnd4lOwjvCVHHQ9/bnr9ql5GpjXRRd321I9r4KZsWGWCTQ0mzNy2xk92iTzBh2cUwOd3eJ/zMGzRVbTrXt2OQft4s8G+zqhr2xaqdS1/F3/gwI1nmAZTJE/mCi+19N4ooIoBGCFM7XpM3Ka9VCAieXboWmtEtuAhPblocusceoauT6AJY/S5PMClEgFaKCvuaq68nkcelDX7SKYjjslSl1KHaWO+r5LiQYV5qwqzCoAGl70ABGVNBz7IZBQZ0pSEYFimFAFQ7sfo9zwHkQy+kMMDq8VNY2mRO7vE4HMPZU6u0X9MxORMEGxAmmsP6RQOjuBKvinSkhjSokaq5GRvwOxUMmHkV1CBwSB7A+iRC4ibPUFBBG0GhpHre879y+IwEFJMbahqafHYQREZs6OjQGzjJmZs4oaYVGFx+HIImMeDsPhT99/b4S///a3/63v+tevHh53/dsf33348GG324vyzd1dt98NIz99ftyl7vXDA1L++Ljnn/gpHxUBlRJ1hCSjHD5/3uG+S53k/NNP715d39/e3F5eXu12+yGPx+F4PBw/f/yMQHnM4zgAAFEyj337/UVK1He9metMhroCQZjCU5WcMyCqD0hthuLKEK5K/Eb/joBIBAudfbsozbT5dT7GjCnGS936n6jhkYcnOR6HLiXDO/u+3+32F/vdfr/f7/Z936cupZS6vjOk0HBhCGy4hSdnk91PBgSoYJS/toTTxafo+X2FCLTE48qMXj3TsMSflis6Uv2NpKpIBCrmlc3HfMw4KA0f7RpQv9rUfqED12XxTicAgPV6RWQw9DS2HW0X0/lKvmB+Y0ndrDNQj6VYRlryq1TmAP18LZnuhPXFheTqT8VyX+3EQn2vHV5BVSRSMQ6YU5kLeQ2tKw0jL2ZIWzhoanO7oM9uh9ObRedpnuuRFgCe9IVluwC5a4ZaizQJS8+J1ieiF7BZ/AsxcE51VzCGX23tZWcXhG+K8hWQOzjAE6JziwXamY8WLQzEMypCeKrBoWxF5Zn6oVLaPNpn1k0lmdbyz7/RKi4KzVdvHQs2KRbnCTbZZJNNNtlkk0022eSbkKn2tf5Ie06TjFUriyUeJ7nh+rPx3rP5n3i2CeNdz6fcwi38hsKuqM23cAt/zVC/gTz/vDJU3eGZlNCk9Jjp2fPmwHwkrmY+1xVzGpbl5nSEYBis7Kyq4Or3oqpeHNv3mxM7aRP8rGrZa85z/oFfYfOiObBYsjKl8lLBm9wSXQsTWiZumNLUoBYdtVjRb60yOl6ioF5JN/PP9/zzK1blmjZ/RuXqtdOJDnTybgMyyijSRqMKUJAHYym43bhiY3YVLfBn3WVfQ7wAAFCE0EWXQpiBQ/ct1/Xp8nJ/e3tzd3c7DkfhQXgUzq6AFFYVBAVVs5vmBiVFvTTSku3MsaGZ6rQ2UBGpAGECVW7xS+ufULUqmoc6YLMeGk7nsCh/AaDv+6xjUfwGeJOMAriK0BdoBwI6QJwY4nUk0vueEMngICJKlBJZyvCZJ0JkPeSKZhODoIyLxpKNtdYAUTuixLudQY2qOuQxrAuStV5Kqe96UDk8HZ6enj4/Pb7/8PHtu7f/79//3f/+3//r9as3/9d//+//9W//9s13b/72v/6Xx89P79+/G8dj16Vdl5S1I7i7vk70n66vd3/6EQcZfnr8cJCRsE99NxyPh0+PfBwv7+8vdhdXF5d/9Yc/3Fzc9KnLmd+//+nHDz/99NP7n969f//2p+F4PB6OwzA0LUyXl5fX19d3t3cP9/cPrx4e7h8uLy/7vjMnjwAogmx2QwHNt1fVYhcQv7GpOONaBZaNXdeJO9BrSDMNYNYygSwHg/PaydWuhF3qSgcx89MwWnxKqe97651CKNzvdxcXF9ZrxeqjORQz5Jmcqt2CHDGQvACCALrwDNqM2ILKuMVAn8Ya0JbCaYr2UgpAiO4ltG5KXiwVCXywFqdZmRwTURGdrn6rQOysYLO+QMSpwcvzZV7cqGS7YpgGFSYocinjkiPoDzaHLDyy+TO2CS07fCzCpTkUUGM/VajdMmsea7rJtmr/+qGKplRQjsyExVhVRRFAa3Z/lkVm9gP8VAdM93eqw9tPMiEWpjjEEGpbZlVO3fI3nnm2gce1QXDL8/PvJQybupPBozZUWkpfeXoWWa59F2JePthO/9bWa/tSXzHaWRt91B4CaDHgE+0g7XYza20FsUFe4EOrWVn3OEtwUMMZYQDCVlpW9vaF6cfhlCt52tbAJptssskmm2yyySab/DYyRStOXS/D1ZQvyg2eyfn8u+a64t9c676FW/hFYacBWWzhFv6aIXwDef55ZbANxFWFp1LaxjZ/r66SOSxXt3U4x95UV68XmUzSrFP0anqYqLpMtVQcdC3KcEp/tMAvT94qZZspiJfGvpaVnUKGoblsdK8zRtFZteYzqrCZHnBmcOxMFzQZzJHaotELssVJjWoBMOZ64YifoyXzuiEVVbVWJSA2slrZeF6DjFFCa3oNtAaIEBCHYcAuGekNES8vLx8eHt5892Y4HlEZQRFQcmbmnEembEQsFQWErusQWVgAFEnNJRNiIIhG2KptVUyPAhLZ3iXQVs1AUDRTcABmnlQKkGmZ2J5nf+WcS6sU+gtzZpYWCGy7r4EulAoIO1XsBgcXRRWQgQEUUkpd6hgN7mKzL5cSibXmlH9j1kmH8VB002UQGhZFlESYMJkjRiSLJAAwZTeh+UOklNL9/f13b970+50oHIfh8enx44eP/8/f/fGf/vEf7u/u//CHv/yrP/zNq4cHImAeQLnraNenvsM+pYt+d3N1c/np44dPn+SYQQG7JMeRj7lPu9999/v//Nd/84e/+MPl7lJF3r5/9/333/9///APP7z78Ycf33788BFYOHOw7rIZdEUEEU2J+q7ru3637+/uHr57/frN79589/rNzc315dXlfnex2+2Me8lScdm5Hb9mvq+AKABmkRWaFo5bdWqUpis2XVdXzrYjCgZgtlLtqXEcx3E8HA4ppd3E8mi/3+/7ftd1iSh1XbI3WkZUx8z0uAYigADibKeYLozmnbFdKFRae6GqGL5Il0vuZGF3u5SpkKzMuaO1X8EuDcYuvLfWNmk0jhfZCLJTCBPCfO7K5FoAn3WxfNbs4RLbq6u01ScQJJ3kXPeaghNPpnDs6oZazXaTdn1uy1fhVPcQGbusPztZ9ts1ucSXdlh+A5TaLSNTSrNNasIdXGwrq1hUm//yFT8DIGyLemrTme1T8w4FoIUR4DaHptbSsP7aENtks0Zu41fXkGe7gAKQW23YZestGqShmC625llbzSmnVhip2/QsE2+B+EadwfnlTb77rNgm2GSTTTbZZJNNNtlkk99SpnpUPHG9DFdTvig3KNY3XhqulmSuAd7CLfx3ETYMQjcq50qMuN7it/hfJF5/gfy1ja/hy9J/8XshGBbn0oNGoohf7nmWxv4KuKvChA1M5Sofckcy0AJmBT9TAJW5DpEM0kGyUoc7oqqbxEbP5Zdxgr3RPs3lhMrSQ7u5VHl5vkFEUS2ojb0KRQvstwLIYXWRWD8b4qVY86nPTko7K+TyVqtIPU98OSNLZd8CnFOAdYUghF5zpn1eLepMP15unlLOrtZr/udE8RoxPixNy+hwizrnz0xH7m9vbl+9enV4euqJElJH3XA8Mo95HMc8MmcRUVfHK2eUJKDhUFBi4BlA6dSWAP+cjmNG47zHVTR0ru6O02cBiooBhIBrUy7miVddVNqWE5Y1jmw1xYaohIZTVlt8LUKo7vTJX85MTKPnI9rMaEcCyC2immFMTEJQaSI+VW3iGglN1QpggTs/xKIjBhzQPDvaTIPUd6nriAhU9/udMIPqx4/v//7vj58+fvzdm9+9efOm7zCPBxF99/79Dz/+6eOnj4+HT58On58+Po6PRxm5o07ymB8HEnz18PoPv/tP3z287lP/9u27H//0/Z/sf99//3Q8HIdjHnNCEmbjiYpkK7l1E2ccByKi9ESfP39+9/bHf/nXf767vbu5ub69vbu/f3h4eLi4utrv9/1u33VmqNPsvxrICqFVR3WGqlhfEJGTohQEBK2TFtTqdjIWRMQadjk1LMaRAHWOLQEqAjhM6K4isznkzHw8DkH67Ha7/W632+26rtv1fdf3fdf1xielUhIyUJ+CdFp2gvkaEgX2EwLgSy0YGtWiKUZP9KWsLI+KwSSb1BKdOJ5sBiigqjk7tIToU0bUeMkx0oAIff0uq40tFFS2o1L4srpAlLHUAmPLaMt18oxLu2qtYvltL8dcr3ZC647nRaXYJLBs283yjM7VK6X0FnH0xcZYrfmMCNqw9suHQFO8Fcuc7R5RINLV3WQV7i3cuFKWFjt8FoJavmg12Uvk9EGfmnM745YQYGm4UwekAjDTYBWubJh64gumPXgxq+/i02ues3cnQtPf7SGPGk0p+YiCZQEsKJ5uy5AuoweCGKlRl5JJtaNrQ7utRPOCUrtq2X2aCFb/3GSTTTbZZJNNNtlkk99cWj3q2euZPnb2TT3R3y7iJ+mL0utc/hM986n0L8hni9/iv7H4LtS/4Tst1PVb/Bb/i8bDi9LrF+UPbTx8YfovrpefCil1WaTX6vSsiV/qiWYytbHWaNMc2FB0m1czWltLqZlDd66FDu1mKMRDM+u62ahf7MUBtMWLSkkWRZ3s4hW9W1VHLiIbTMv7RFtNbH2wecFUW7em85wVatoak/j2xP15+O2MVnqZclWluyzoTAJGktqIOh8wswJP6C8LRd+sMEuw5LTaV4tN0QZPMKxQzM0VOysIu9Tt+t3V1dXDw6s8jPuu23Xdvt89PT3lcRjGYRiOOY/uzE1YJOechdk6SkRVVIxJqDoxDRdIfkCUxgvCAj8U8lXByG32ga4NjMjS1f+Fr0Ok5SOzjsF2DoqaOyt7DaobL7RGnowpBGcvOuSBiDmweCqJsLQ8EpG5ULSaMJPVv8LeYfgXDRcMK3YmY9PLDvwDEZKIjOM4DENWcXhqt+tSSl2HAEPOj0+fP3z46e3bH95/+IuPH37aX+wy86dPn358+/bz0+fDcDjy8Pnp6fPTZ1ZGFRaBUW4uLv/q93/4/evf7ah//+6nD2/f/9M//dPbH999/vT5cDwKCAHtdzsVBRVmZR5ZWAMZNWwVkVIiZjocDh8/fvjhR9zv9hcX++vrm4eHh9fffXd7d3d7c3dze3t9fb3b7frdrgvXjMYGNMIoAopKdZ+manaISzdDVbvP6G5IRIWR0yIuLXbYauQxQItY+s1kaDIQQjWbnUMRZR4RM9GYEnbdsev6rkvGKNztdrvdvutSby4tDTg1vNCh3oSEQOUUx3zWl98uFbous3+yCrnl4WLv006WVDuUjZPVSQsgAQgIUCLftcDRZ0EyvCw8sRU3h3V5se/MBKSN+7fVQySz9WdaQTUm4sqSVDPB2UW7vmGwMm3u+v5ZuIB+gAXD9OLsPWGpuBxGUY2/pttfOWUwXWlVlCY5TyrS8M/SDHya0b+WMavstNl18fhYv3FWjpJ8HUjoDGq4ivzNarF8fNIgYUZ1NcOpyLLFyp8rG+XZFmiHVjEx2jJcQTVA/MlX1kpGSOUzal7Rk7WGOLClUS9tEL6ae51KpXaTTxpbGdyrNM6ODS0a/rkv00022WSTTTbZZJNNNvlVRSf6VWz0w7jU0zY6ZKzxiDP97SJ+kr4ofc/ph7GNb/Mp8ThJ/y3p4bf4Lf5MfFd+OTp+OA23+C3+F4pf9f/3Z+avv3D6aTws584yfYOteIyeMOVUTp3PsJy6Oxp2UhgxU6WVJSnYWasT97DxwESukyZ/Y1XFetW0OKRb2OBaqsNWFbWz+DNqxLWmKHQsiDc2h+ujoZZQ6xe9ZbXMq/rKM6SKE7KuqXx5DoX4slR/vyg3h4m+TAu8lnmLY9UoaWhVKcZS13VXV1cq0hFdXVxcXVxeX15/+vTpOByOh8PheMh5EBYVZsnDMOY8COcwQcnCXFxkGc8Q1Ah3qkrEXAZ9YQqaWTknd0UzWKLAkOaTCAIZWXJH5o25PkshgCiWybzQ8oBBETl7BVqNLQYndEIAQiRMgOUYGzrVd1aqcGNnhjpT6ihYujO8m9zsaGdAKxEmRh7zp+NRhDOz4Qf7/W6367suHY+PP779/v9OXd93iJBz/vDxwyjCqgPnMecxj4C6+7Tb9bvr6+s3d9/99e//8u7y5vOHT//447t//ed/HYchUbq7u7sDOI7DMAzD8XAcjznncRyOx+MwHMcxu81PURExy7RGDTQffkN/+Pw5vX///ocfv7/8538yKuH9w6uHh4fbm5vrm5urq6uLq0vj4nVdx2x+KJGIupRsQDCzGY/1RoxOaxdVQ8gMa2xR/5VhUHvVer32o8PEzZKYUkqJ2lGnqjkr83A8DsVV4W632+/3Xdftd/2+7636pSkoJUImQkgUrD5oweC2hAW6mA0VB8kAKBai1ttii3PMSJOx7LiL6kSpRf7iaIqaU08RDZhwkuekHZvNaCntLraEjlbXrjOnLtpalJnl/ZUWWU27clbCQqO3+VqKVZmABYBZrI3ehtFQZRVfbYG6Kqw30bpv3TMS1mKp9jVMOuiF+/IZAK+VU4jdJH4FGdPl9clt7uyW94INjmYDrF2Nz+ewSiyOi3CEjKuHcmx4kYJmLu5y11uynFGYTSLbVsi46KcJfnE4pompyx0CKNRl8GQOpzLfZJNNNtlkk0022WST31DiaKeGarBoWdv4ZTh/qtXfLuLnOSN8kX54Nf2Krvgb0cNv8Vv8mfjNB+EW/jYhfAN5/nllsCnl2qJTKW1jm8ZU7aVve9iYO8OlKrhojlxZqe4CSiaaTYwT4hAMncATShhcKwMIG/tmGDBmyUzb90436YWeur0whLJBt1YYbCsbf4U4oeCCrcKwpctMkq6rt1q7kqoNk6zBhFaUYksotCgWn1WqnoOapu0zoQWdlWpgbcp+qBYCT1iZw2YgncI/llraNSKLtZ7Rs7CQ8ihaXxE7Tbuuk90uESXEjtK+313tL2+vbz7dffz06fPT0+fHx8enx8dxHHIecx7GcRjHkfPIwsKiKnnMnFmE1Qe2OSEstk6VeRQxZELM0aCqFn9MVlMRUKP5BeCtCoqz6pdxOEFhg20DANKMFmiar8zlguo5/Si08I6sqJT7rWZXHXEK4EmlUCJJUDWWJK/OYojENDZbwUBEZUi1nU5ESIkwdZ1GK0mYHFQi6CmBJlEZxiHzAN6ObpMwEXVdGjOPLFkVHIQUIkwZuo46JX4af/yXP73/07vhOD49Ho7HYbfbi+jhcHx8fBQVQFDVcRwRYb/f9X0vciXCJuaubxyGYTgyi6ogYtd1fdcn89bY9X3f/elP319cXFxfX9/c3Fzf3Nze3t7d3d8/3N/f39/d3l3fXF/s94gJABVFbc0DQMKEFNQ4hGYhEmtxVQXoUncevLcuxRWeTU2WwF0AGg5EBG4AFlTYLOm6O8+4YoMwh8ENkHZdl1Lq7cL+6FKfupQSdZRSomQWZctRCSjreAv7xamOujjidGzUMzk2MFURSUFF3BQplFwQVVGBFNqFE5odClQxShIuUednWWIvgwn8NoMAV59tTofgbO94iUwcLtorYipO3guqf/lEIwAAIABJREFU4EAaakOdr/96UeXUYo3WjLO4ySbiJlvLEJxJdfW6ss86byxMLp/D6rSSv+bnXU7vkqsvnb69nT/rCc4VSuN4RHzylL4sLiGhUNSnINhs42wuz2yyp8DUFSOuJ3JYvQsNytuGtrMIQqEo1z2kfH9B0QxgmFRfwIkFzW1IkBPgG2E+s8pf07A8o/EBhwCgImpcYidkSqMfKRvZJptssskmm2yyySabfHMy1a/iietluJryRbnFL+eXa4ZXSwJfksMWbuG3EjY+CLdwC3/FcJVB+Cvn+eeV4ZlTIRYuz6rAOjo4AZBWlVbFD1yjW2uOnGt5jQOBRDQJoQEK22wLxbAYtQKY2eOaFbWNOXXLNXvPwWatYg8L13lKJ4h/tNEWvpRXoQ2FpUHLVhp4CZLN7p7BCBc8knWKw88/qj/Pfx0XXC32soTt4+3FlLdR66IxhAtZwnIQEXN71qW07/tElIi6lPqU9v3u8uLy+vL65ubz09PT4+Pnx8fH4XgYhqP9L48555E5m2PCPI45szCLCEtmySLMIuB8JWZOKmxKc1H3a+cYTIiIioAKGEDoIADMO8vsiDLLeus11IvQ0k91slhabNpE6AO4nRKnehAm477M7Dq1cTrGfXEQBOAZajKbg2S2KolyzhFvUCarioISUsBWzOxEsAAIlRGZU2ZmBcWESABKiB2mnrodJBjl6eOnfz6OCuiPAqb0BArCzJzD0aAWS48pISJ0XSqQkhFGOfPxeDwej+bAT1Qky5hHxKPb3Uzd+/fvjXJ3eXV1c319c3t7f39/f39/e3t7e3t7c3NzfX1zfX3T9z1MFO/GVGzmiDsXUFFRBSHBWIpPwScYXb8cP22Di5Z1qS7dOOP9xKCyujOzQ4zJqbcFLDRLsLu+LwBh4ReWrYGoGpgto9Lyn9GwRBjDau/sbAUW1muZ3ROsBRAV564Ky4kB60cgqlZbZwxFbeyLLuXl5y1OrG/lbikWLJ8I9CkQ9wVHbU4sW2B4s3ab3VuL0+U+sl7ByjSdp5nwKWl9DT/1xtnnxKnCvHBX0tPo1Oqhk7W7k+ML7ZkVESk78ak1baXdTt6aI7k66fxF1Z7ZwVsMW5bnbErDkg9CjTJoMzTsKTdmWwjl7ZuaYamzok7Pl5wRp0TP9yMf//6VGsz1Fay6DMEXf1Vtsskmm2yyySabbLLJryFTtOLU9TJcTfmi3OCZnM+/a64r/s217lu4hV8UdqrlkLzbldqut+uvfw3zeP0F3vUz8nzJ+D+RBl743lCyRnxjk6pVmcXe0iqJVnRwjcqvvev6UdcgO9XI6ERFs0yEdFIbvqYxnAFRpxhpC9QQGhXUTCG1roJCLIrLqpMvJJDQXelUEfy8LJSA9dlV85IOB+m62nr1kRNyRtH5FU7rn2F+eILQF65iga36eKnfL6Usz0VY9ZWIqI3vt44SdjsiTpQ6TIRp1+33/f5if3F5dXU4PD093Tw9PQ2Hp+NwPBwPw/GYc87jmMdx5JFzzjlzZs5ZRMY8Mo8sY2YWYRERyZxZ1a2Minp85RmGJldEmVUFMJx7iVb9a6MfBwl8MJqoYOM+gtGpgLOm9rk7YyUaV8pvv1DRqlApvOBnFZoJvjJQimuxGTy8PGEAgESjAiRKXdenRIiGmEmj9Y41iZAwUQqLiIoiipQSJcCknIkwIXVAKMLD8DgMn/SjqMGRiYyNpwAKiTClZJOYEqlSwYwAKCU3KyqiREhI4zAMTigch2HIeeSwJcucOfMwDAhAKfV9t9vt9/v91dXV1fXV9fXN/d3dq9ev37x58+a7311dX1/s9/2u77veLCcTGsUHbFwUb3YNtr1uHrBMlvMTtQWcViDhYvzV/RsgOA3XbHOqeWTMeUREM7aaXGjX7/q+7/rOrI92XWfOF/2oh/kojFvTAdUghQ7CKGABAOI/nxdi9q61nnQpIz+MUivr/AWRMvaxBkqJgaUiLDEpp402Xw8r62tGBbNJ0MzNugQV6B7RycyLha3JuUH4ajsEgDknL073FlvupezvTSvU/Wy2FcZbS4Nr84HQJgv0SNuconoNF00nyZbnPJb8yxm+BTOxopXFquy86xNB26+dKc8yOqa+zJvPPFPWmsYCbIttOMI0dHnea4sp9fyOGfsyLdbquqGvPlVecYK+iXE5+9qp7EnE+t0V99pqlI9AWj7s7hXjcFcDZ3tKX4KmtV/27IKh2zIpjTSIvjQ4ffBkU6xi3ptssskmm2yyySabbPJbSflZBaj1Yxrjo7fVuwYLyr97qz4Wl/rb02kUNRwIvlS3jOd1xd+QTn673q6fu+4mGpEGI6gje4vf4v/8eP3C9L9KvLNK/rx8FII7tJZeUXEaP/dJtgYQNmhNyXcJ2rVKKKj2Qw0MBKBq5RAreXABfa2acTtFpzvvkK/oxfzUTKvybbI9IbUiDcJVNHSqrrCteZyF61rN8iT+9CNtLUthXuQ9cRUiXXtvG76oHO3zM0x49vZT/JJlVjP2zKp5QJjYuNQCQAMUkFgMfjGEg5BIhZEZEmHixF3X9bvd/uLi4nh5eXU4Hg/ujW44Oio02L9DHnPmzJnFTVAOzINoHvKQ8ziO5gUvixS8kE2dKhIswqgKM4t7M3RHhiQGA4K4mc1CboNC9Aw/WeioQ/i5RIXWhVb0Mk6sOyKBQW3NaEcAlXV9q81ndcVtUa0vcMjysjUYe8ZntYvG4CQAgp0MANAOOrekqAZ3OO+PiFgYzC5mSsxi8A4hptSZK0NQYBEARFEQGY4jAAIlSsSGxSqmrtvv933XIcI4DuOgXZf6vss5k5EHfVAx84iIImIUuq7r+r6/vLq47W5U9Xg4HI/HcRyZBRQOT4dxHIXNreA4DPj09GSYZNd1+/3erI8+PDy8evX6zZs3b968+e6777777rvLy0tKnQImwCzCnA1ZNoDNFpNaKlu7G75jbdXFWYQWPi9CiAgkhsWVPBHN752qUVoVsCLVpNWkc5iARQMLEeGQUtf1hVZoBMq+7x1bRUmaNM2HQTsYbFdDRAIyiLJgYyICCgU49IMmSI73tGgfOIq5rP6pJbFSBxXUAWRsPcjOymnTuTxd9sFmRSo7nWEbBilJLO/marQwRVsEkcDJw81GprWQ9oCNw1qqFpU3w8pI0FCQNeDCdsad4cAtwBuYzehSfat1tSkdJ4CKH835dnB6zZ+8d3Hf3+43m/GztinNDR1P+9AW/+LNsfm2mb8uDqtgeE0FIjdUOy/Y/E0rBg9Wa9RCiS1LsqyKM4Jjyac48jwli54t3zZuaLcAywgp1tl2rWh2lDhkU6cerHDcoXz9YGxJC1mOK9UylUqjKSiGJe4yidYruMkmm2yyySabbLLJJt+a4OSf8kt3drtqnJfpYfLbZD1+lh7X40/ph1fTn7p+qZ4ZvzD9Fr/Ff5X47sQv41M/mLf4Lf7rxOuJ+D8n/9PUnZPxLxn/eiL+he9dKLQ8asWcVLOLFKqToTNLJVf7bEEHzZQozHe/+buIyHg2swK0ry5KtGdZg+cVTNM9/GyyeW84J6UBmF+S06QKy0KesIQ21dk1FT/V5qdq4Zr1L6AbzosNi4HZgqKnijGhe04LX6zIzjJcVYwui41YFcUFRDGcxjhtgc4pEFHfd13HzJm545y6ZFSnvu/H8WJ/ORhxcBgGzpLZQUHOOWdmzsMwDsNhGA7DeMx5GHPmPGYeecwi5oBQRZlzFmZRM0QqBeZ0N3esObOIJbERqCxipizbgV3BTkeJyvZYmYKr/VjVypU/M9HYFnR+0ceA5mxqbSy3c+08GWhp87Z2hEUSKoCojDyoJtOVO3bq3Mnk6QUIQQWEAYCQUt93LKKqiYi6ZJp25pGZxZTilICMtUNjHsdx6JI5z0PJnEc4HhEIKaVYaoDC8WkK1BARh2E4HA7mg7BLab/f7/d767jLiwtmMRJhzplFFMB60HDEx8fH9+/fv3v37vvvf/iXf/mXu7u7h4eHV69evXnz5v7+4ermZndxSV1HYY6zwMMimlIqA0BlghbMrCUvD1WUyaUipfeJSJqxU/yK2fJlEF3blRPEzl8EQYHlnHNKiajOnWKA1I2Rdk43LCVsbUuuLgsGgRdMvT6iqMClagCg5pMvXK8F9KINlD4ZjIvFxDEhES41nR1EaJ+3IrUDPkZyY3xawU+EqrYEOy+Yzz1RQeeaKwIawau+WqdGFOc72tKiLKJWji/E7rDYzxEpfO1hGBPAGCiwkHYYNBCjLz1tzzW/cU9mcmpfq0sc4Kn0q5jl9DVQqLfLlXD5TfKSLe8MqHnqiWWCtcQnuXHLffzlNrpnacopLi8Y+nicAZntjCAigMm3llkd1VPt1qLUCraGv6Rs7Z8Fl0VUmh5jPpFDmU2bbLLJJptssskmm2zyrcjsox/P6m/XfJKvfwCfiZ95BDhRkGfzOSW/vR5+i9/iz8S7D8IY2Vu4hf+BwuKD8GflYGJex06mrBZGa3yV2fH4Qt5y72lQZ2fDcHIt4oT4FaZFkRDDARZONce4kJJPycTfFt7bYH4HWrTphQDYSzG9U08huq640V950yDA6v5dfbqVT4g5aFrT1m8MxWKV4GfBe9NHMLgEJfOTGU7QhxOg3br+dM3iaoWITtgXXcYsFaahSjeUzAdhodxVoipSjBdRJCQ3PEeEmBDZKSNIQIm6vuu5F2bJPIyjSiEbSc5mZzSPw3gcDkYiHPOQjT6Yc85Z2EiEwpJ5NOeFzDkgQaMWsueTHXhkEUVAAcNdUrFg2QIzBXawaFWvajHpOW/emWbcp0fypnIG4QQvgelMQKcGrZxcM3VtiT4F4s57Fp2TCLEYiTAAACoyEEIiSoSoKAwGhUhmTJQSqqJ53ENKCAhI48iogoiIbMuPqGZWUXE8FhC9jxMRKYtyFhoTkWRGQkokAMYgpJAUeGFL17PQ3fIxG1CGiN1utwMUkd1uxwYGq0bfioLmMR8Ph2EYPn369Pbtj/v9/vLy6vb29s2b716//u7+1avb+4fr27ur6+vLi4tdv0uNldHJoYe6wE54OQTzmYX1HwXvpAZSLmQqdFPJwc+D9ohGoQa51VFb2SeQtEHdwMzjSERjSkM0IPV9bwZIDTJ0B7O0XN3D2iGRVlCcxJwwqjo1zUhr7TrlkaqghBoFc/uN2tgpbZuuQKExoNGZqlN0sG1kCyWkpeJVgLCu3u6g1h5yCBMUgZxQCAAqhinGXilIgKilys0eVqyCN52rsz3VJs8EuSm7TfR4C8z66q1eXFDEYiOyQW3ni0l8BkxyJqKCzc6GYXvmYxUcmqSJT4zZrco0PU+eg1rmNRpoHTJTnAmaqTQ533AKZTwrJ7ew6VfQHEVbrfjsblukkyVBne+GDYjXwoLNh1JpCjfv2a7Wgd1VoL0tWvtB4x8yayNnVpdVTnmZT+uP2RzAJufn+2KTTTbZZJNNNtlkk01+PZmiFfGbu/nJOQvX7taP82Vuq9dntLtr4Wp6OFXCF4ZfWIYt3MKvE4YPwi3cwl80hHmM/gJv+eI8A3dbuWszRCE0uMs0UN+7qF1ba21SAi70g6FXKypCcMc/zTNVC1ZdlC03T/fxA4ShkjbtsdvBmxohtftTpVibNWKDablPq+kLn0PRrI0AigJunsHa/m/43LyV2lJEFOIK4GcaZI33Q6tenaduyr8Olc20is+qMhvcCBetBadaTLUBkWuB548vKYBOzVzTbz4LB56pKU600lgbE6efTZYJWW+pOmUK1S3laSJT4yc1jISQEnXSq6iK7jgbOIEIwpIzc2YLh3EQyQo8jkMeB/dPmDNzFmbOnGXMo3EK82i+DHOWzMycx9Gsl7I65iji7EAWHscswobcMOemywzOMYhRRAzcQyGnl2kdlwYjLj3UxUhCn8+iYb1QS8PWaRtQoBOPQm1cuSkYYMiyK23+NrYZvYNhyjgSFVAQVAbtEiEmCv97PlEECMjolaIQaAIBIPOYAIiUMxMRhmJcEQSEzUIlK6ggct91oCAKwjkDCEtKlDSxAubsflBTgITFCxliIup3u0K24yCDImLf9QSKhETU7/oeemsHA4AN5R2ONjb4eDwaDZGIdrvdDz98f3t3d3f/cP/q9cPr169ff/fw8HAdMGGXOkqpMF+NMqk0AX3DLKFjtTgzHNK6lW3+0bIl1I5bXTE0eEjtGu9E8LC7iIjILNYqObMVhQhTSmZu1KiE1qaleefnPxRsqAQIV7eSoE4247EuFL6iECKhO3gri00DytikAPM7WL1mxs5puHLJVSuW6NeiYSZ4YgfSfw2VTc9AawDx45xNDmUdKotUvAUVBFEBVJRVbPDWxdfKMWGV1erXmabqriNbt8FQ2H3T3dRnePOngPVACyTqymLbHgiYIVs4PUNQK4wxZlb+LC0+AxFPoWUzWZSqQICLoTw5VjLfgFTV1pNZ5PkCLFa8Z7bdU1bTp7jsmWqek+lHS2D5U7S4lHoG8zo9VxVkjbIf6wO2ngtbpL5EejnXeYTPYr1m5rcuXNPDAKcru8kmm2yyySabbLLJJr+xTDWxxUN9eP6balmrh8LJXVzqb/3460qa8EH4BVrlRUlm79rCLfz3E3bVLcY01C1+i/+K8fqNlcc3EDg3/vVF+fiOsJrParypVRs1mYJxA/0+1PPcvgdq1Za2Ok0z8Sftn0bxQkACnKuMaeaUEIpUda8WwKlUvmVKreBMp6XVj2P8GY1V9FXukw3dXSOeVKxXbf3pt2uFWgBgYUYsVKhLXt2MXWDufJamyc4Q8ibFWGNLtHY+l9Bsae1l7Sa1eJlPxKL+nuiLm7uGyiwxwravwfXOrYqz0lpsTGIoMW2kidvMk5pfooSdIT1E5PbYAEUYFc3mITPTkCXxbqegJGq+BjnngcUgPRU29hqLSOY8HI/jMDDncRzN4KTBhMNgPg6P43gc85Bz5izFxGjf59I14zi6pc+gFhmImMfMwbhqjZdW+FNVUJC8ZWa8KIj5W0zzeXP6rC/dASAAFE3ZjBZXE5c8rd1VTdVr6EPjTq90rlZg3Q8KoBKYEUtm7iipt78CQkLqusRWRXDmMWdW1K7r9rs9qkge8zj2+13f9dQlVR05gygSJiIEMquwqBAGi1UBRLII5EzqxbW+r4PEQntnZiYiq5LhXo6/Kow5A8CM9mcWSq1td/1ORFgkM5s3y5zz4+Pn4/H47qd3/e5f9xdXD69evX793evX371+/fD69ZuH+4ebm5v9fm+ZJEqYEtJkmli/M3OzcMaRiwoT15Wk9kKdzD77WvdmlSvmeaZiWlNVVN26acx9JCKpzsN8JGRhG+Q2wPq+R8SUKKXUYoSBuTqN1ei0OecypAGAMAXXjsxfX7sCWUk6qi0ADcLtw7Lx6FlMM7tLwApf62Q/K+iiVjSi9Z1ZAFpRFYViHZGAAqqzBvM3i8x5h3WVM6+jygKCom2aMm1rd6zRyxBRgWYxkU9szSKlzctu6xdE/iO2rudYSNgmVKY01BaoOSBWu7UKSH4iFhvMGpsTq07pjvg5H3JauzM7eFQToOnbU7LcYhbr0kRmO86Z7eyU+71VyLMxSNt2E048s67kP8lq5TSGw3xlAV+tzspXQQOy0uyjrTxqf026I9QL/snk7gtx/mjziiX0OKtXcbRp+3XbO3YmxOwtv+S7YpNNNtlkk0022WSTTX5NmXwI2++eU/rbtfQz/S2eiIfFW35zfTX+Ru/d4v+Dx3fQ0ldaNfUWv8V/xXiYx+sv8F79uuUvl1/3vVSP/VNB7CAIEQpG3QAgM3KoEjxDRFUQDQdLPoedLWgAAQCEUSlUU2wRAiBQ6A2DOwhVTxq0FUtQcDWsNZj148SF1VwvFnUwPa6rvCQQQgEJk1mtdUx0W3wGliK2Q6Q1cIrlfMOURBkcHg13qy2YOqUatkDdlPMHpU1aHPF5E2RTOaWqm4EQE+UsRolLsQM51qkR0RnACfNaRLLGcdQswUwp3CrWawnBz01V7afxU72g2lDhajklGD1k6JkIKDpLkIj6rut6ZmVRVe2wt+GqqjkzEou4Hl+EFQQQmEdHCoQBoBgRZckFERQRg0yOx6P5NjQ+WR6PzAMzcxYW5mzODkVUrAMCBRRVdfyER2busWfOomzaf26Iek4uVKW+E4WCdhgDSpzF4xxDo8kpFJOO3tgatg3JDCCqkZykImcAoqIiCIrooKAzCiuOL24FOOin3uxGEVTjQKLZek2UCDtAsncqZBUAZLNEbAicQV6UkjaDShGo7xUxi3aiQAhukZIQSBWJEhq3TKWyfslmvoCQgiIIijnhQgYxzA8dUwERsT+JSFgNqkEkUDbMccys4aAuEUGDUSVKXdcpAAt3CXnfi5h/SmGR4XgcjsPh8PTu7Y//fHl1f3/75s3vX796/XD/cHd/d3tze3V1dXFx0fe7vt8REaCtTFiBPQQrGgCCqtSF3Jc+d8foXVbhLgd+3MJwmVzF6KiDa4juyrMc8hAt6J3dSzG7fMqJAKgK2jSRYRgCi3LElcLeaEHxmJlHDp5tscerdmAEAKWAZzbStFgmhHAhiQmJzJwpVOqfoY8VwkbQwNOjvqoiNF16FECccRibCCCgjfmIL3R4qHYQlcLi52QhKlhzSd0gkSDgDt+ahRYKFAMppTKoG/TWtiEERTcEPAXtyqmbUoJGbGS322MDQpba1jUXEGaJSzENyJ+WXn3JJbNPC77dNvhjsOujllAI0MsvldbdXbMZoX+i+TBrNojm0QKLV1vKNYtA6vw01Cz/UohYGAGXedRvlYau6q+uG7Y2m1xNEBYgNKwmNLlO4LTW+WV52E8eW3NjWb1jdMVmbacEpmdxbNmY/NryPdS/vsqjpYXioyZ46QhUD3AqlwM5PqKjZdrvk/lBqOlxEySSyvmN727DkhUUfLdQaI1YbLLJJptssskmm2yyyW8v9Sjus/rbL01/Ih6/Ef35Fr/F/xbxXatVbn6mb9fb9Ve91q+Uz1e9Ng3PVygzTpl8Z9O3hAycTj8rlIYOTItJtkabVKyulfPnfllMkk11jQDQHpWZWv2a6oO0Hnv3iBP8g1VosOZS9F+tKjDuusI3NJBz1ocDiScUVQ3vZHZjaryrVHxWsLmVzhYs/EVlydVYNTdaOTqRZvnUTCc4u7V86oWkz/lQxMkcWH9TG1c/qQwlC0QHOkGR4NoBKob9RntMA1UUUUPFRRhQiUBkF+YHnWglEl4IhTPzOI7MzDmPeTweB7sYjsPh6Yl5EDHmlJjjOvdIKM5yFOacswOOkg1yzDlrFuYsmg3nM2uWVjPObLBioqTmmcrYZuJoIxSgVNFdWiKokt12OqaAgKJCRX8EAROAAw8qqgRGF7LjBKZyVqcERXtD8W8Xk92QQgVSt4loZE5RYWBCxA7jMa3rRfQgoZs2DphagQjVsXhRQEXTfqMCKIFqgfILvG6e12w9ImdfIQCoQPA1QUjsXIQT5SrzzeCoFP72ujCJKg6BqRqqZWMpc05gj0Lfd73D6pKzcObMPGYRyU+PfDwcPn16//HDxx9u/3R3e3d/d/fq1au7+/vb29urq5vr6+v9fp9SD+ElERH7vhMVQARyzBUUqDQ3gICKClljN/OhBYVOTMmWRqZlOwBQAGqxfILIGuvm4cSuyNY5iHkyxwtDzuDz8TgOx2EYhmHINmWUNeAjcICQsKWbe5cki6Uu3EcW/EHUkSEt/v2iPAqCxcy1r/bYbhyeOKA1iLaSAB3dmS4RiAQog0iAUCzUUtntbAkPFqC3WDCbCRv3j2WJKzVNKeGa+J6JgFOrrUtnj0QTimGpZnlRUATXz2e0j8wZkHa8JryVTh+AyisLiM2HEyD4uQz1cQrL/VTbYTaXZpOdgU8N0vjC4zInt5v5x8e6Te6548My0OY5zwqj/jVTz1zNUi9Yd5NnfQvWOM7RtAjW9ikTvBzs8INajWXX5RvC92eNkeDDQqwNFmqt5pyIeYobuvJVsODL1uebTILyv9Iem2yyySabbLLJJpts8luJ/9Kp5w/P6FonCilYuYapxkvX0szyeYlueTU9wMl3vej6C8uwXW/XX+e6q78oyw/SYoF0i9/iv1Y8zOP1F3ivfmk+rUZlmV49Xtv4wmF5yXsnqiWLL+jg3NpYheZc8WqUkdZyYUMhathx9iyWLAFbheyakm6iRZrx00LluKY7m+XSQFyN5UxDh9bTt5eFqTFL1rpqO1/yJudlmpUSNCZb5+DcTLO2asSs1fiff3w1TRvTchPbZGfYiq1Oc4b5zezmLbNdLcwy/9Vaz9I0KtqatlCjJgwGQELChILEKMwKIESlgs5siQdJFQwXUBVztybC4aNMg+1XTJgqswyDeaEbu5z7fi8qwjKO4/HwJJJVWEQkS+bynzhIKMKZh+GQ85hzZuE8juM45jxKZuYsklVZRIyPZrXlzCxsACEE3M6WikWDP+We9EAc4VEd2bygmQ1gFVF1r26qgICY3Ao+uI6fCFHLOHBuR0zqot4OVCEVmlCcFCjGCEVEOGhABYjz6Yekhmd65lV7LJY5uY1KBVRFVEIltKKqEe4AK8GlLFrqsIzGygTGkiywFWCcDEBBaVAiokSUUrKQEclqRoRKhphqKSSzqGK4SDQ/fGg0SN11zJpZmVlYmGU4HH4a+fHzp/fv3v1pv3/16tXd/d3d7f3t3f39/f3t7d3V1fX+8nLX71LXpZRSIrNwaHiq24pGMHKh831EhQShcSE2nZLNRlCWJXQuGRm/sKFnNUdEyjLfzjNEpGTTZD4rW1u4xa+fkQWHYRgOw/FwPB6Ph4MZYmVlia0hEDVrSMLgIaaUCFMiQkJK2KVEiQKG88mrBGhcWwksR1RUxbiqHSUiggIrISRKjkQSAaJzQ6lSvLEw7RIiofs4dSwOCOxxNKSwIq3Rqma0FxHQTJKSUyure74FvIc1I2rTGMCPyTMMK7xYkUiERJRSV/ZIkTnGAAAgAElEQVT45aJNlMyAbtOJUCB4v8Dmv6b/DSSauSCMN1m/FcPdztsFBXVvkUGhOwsjnd8HV+Ht5z8LpvLsvuPJVkuw9o0xuZ6S31d350UTFCpeyWNWhMn3gzYZNOROaLupwLsNr36e26wZyvmASnaNl2pVB1gnrphIPXXoZ7X7JK5tfPsm7p+XUpwZI9YXb7LJJptssskmm2yyybcguupB0GQej0189cLQpIfT+ZT0ZklrNf+XvBfW3vtN6ue3+C1+Ld59EBaFwzzc4rf4rxKv31h5inrtS/PxU+IvS68r8TOLjq0VrWaOQsG9VEUq1RHNrY4rMqFoeXFObWj0VqEcDZc2IGEzq7hJq+iOO02KEr6EKDBVOBZ2GMyAq/N5ruq5FrjdSsEMvw2Va1W0LS1nthDXGSjuhTrNFz6yWozziWfNNavsTDm45EGuwodn+CtFZtrYVSZiiW9wPqk8lqm4Y0IURPOF5GYCW5ITAJGSAVEFvlIVVDUwRkIMkyFynSkiAyBRSkxd6rhT95YoMo7Xwtl92ZmVRbMhmo016PiJOy/M2YyUjuMwjgPnbLSrnEeWUTILsyN/QUJMKUFAAiWy4DSeO7rml5lF2ZlRRJTC4Js6UhgMqmhbdOd9Rp6xHFvuTvDLyHEdID/GYJkFSGi2iBFQwzOkGRHt+t5trSoIG28TwNlUBKqABCoYhw7UDd8hAQkQQTJvcALuH43KiqFYoEZQGHk0pbQVVo3vaJ7SqI7EALUMLhMiFk5EKZeVC9F4hUJUGF/mkRFARdyvJIrbWAXnmdG+24mIWdIbhqM1wufPn3766d2nTx8vf7i8vLy6urq6u3t49fr17373u9///i+ur69T11nP9bu+7/vdrktESuRm+RALZF0OZNRDIEEksgaRcFBn6E8F8PyQlmntScLjaZnsxWZt4ck5VgFY2XMA7rJxhqJLJSS1SGGBxkXYWIN916VE0Lzb4QoAAVHRhGHM0vGzRBCrO6pz4RVUxVpHQVUN0iNE6Lqu6zpVRXFvZx0lTCl1ThKtzVhwQUAkcvogYaoHXhogMNiJBc6ra52RPBEJExpAaN4vZzti1LhYmJzFl+3S7e+Crq6lM1hoiQ+2B3QK7Nuuq5RoZU2O0VTmRz090BxoWnsmGMKx0z+7fZ9CEH1OxQkks7uJrcGFlwm+eD9Ff2+tmIax1HXYMrZ5iOMRyzQ+myDWpnnFJ1igt1gcb/J11U9cVIxQsVhuLW0O5chL8ctb3hL75ko7hKdSbIaQuBn5yVarsNaMyw16vaFsXvviMf36imVq1Z7BJptssskmm2yyySab/May1Ljil+hjp/EruS3Sw5+R/0r8qfDb0Idv8Vv8LCZ8EG7hFv6iIXwDZViEcL5Uq3fhS+pyIofzeNjMu4yWWzNkMZS6RXE52Umn+tAZ1NRiYws1kwS3rxyz8TtFZWnMnqLTa5KtU9BO8fOeBc8WpL114HD2UEkzy38VC2wb4Vkd3M+QWZ+eSrBSjS9RCLY1LRbPFirvcy89D6OeLIyWfyfZtsb31lTngTwFrm0a3op3AroPP1UDEhqMEFRJhBG167qUOpGdmQtFd3Znzgu5FlHUYZKcmY1EyDnnMY8c8ODxeBzGwQwwWlQeR0MKORwnch5zzsIc3sccIDRTpRAkRxURlZGzu5Trut1uJ5nd01PofzFsbmp19mj+QO2WSGAn1gIICkjBvIvhVHxElgZXBQUJ8Emdsyglq+hWiPTgpx7AKX9aEHYFrKAeFud8Bqu4Qy3HaKSZQK6KbyxnztAOEHE6YxlmDmGCIBIR4wQdTEYFS8Ydc1YWNAYvFQlSSuTQICAmQM15EBE3lJkwdT0oMHsVPn/+/Pj4+PnzxYePH9++/fHf/u3fHh7+8e7u/vbu/vb29u7+lrkT2SNe9H0fE0Jmc6fgeS1tVxtfhqcOSQQkLGX8t0tQQUAR2nmHSydhJT01bkcLVTSgN+q7frfbX1yMwzBydj4rBqs0pWTGNqP3MZqRDOZKaCZGzQ9hhS271NUNosY7G692cYDWbseUyJw+YpiaRbceikEOtBJASkSGUjv+CMWytlPsJu0TfyKQMQgDc6yHZCYmYEA1BcbYgI1RD0BFFAjLu3GnYZyZ0c3pnt7ut7ZizQ6sLLuvdNz0Zrh2bTp9dhxkkad5eDRIqcyO5WtX3r4q2qDRbUuvsvrObKPP7qS4KGf74bOaw/wwzTJ7N9IeC9DMYAPS7JnYkkr/YhStwenbr5C1wjS0VljO6OXHnsicIDj9KpMZwLyUdmFZ4RraBihi9xhQRYqXWSkmsv/s75xNNtlkk0022WSTTTb5+vJVNcD4ldJs4Rb+nxp265j8Fm7h1w31GyjDIqwMwpeX+YvOhqzlUDSiWJVQccbc1fswNcnXHpoPtTlEVsabIHfbVBSYq+hg3We1hfeKbk6cB+IVBdfIaqvvU2ezQHlQ3L4ZtjyGdTxpqqGbo4OnmIXPWgSNZH5ZytA82MKcE8QivBxNmBnP8h1XZVXbu8QmzyqF1+s4Gwer4O4MEl7t+qrHnNbrDEDbhiuKyMnYqPlQDAbRquMmovpcADwOEsRg0tiaCN0YtqoSqTALOkgYhvmcq6QqOTMlLurUJJ06K8sHs4g6kSobpyqP4xigYR6HYT8MmTNzZuZhGHMehLPhiMxZWUSVg2JokKN1izkvFGZQ52apggGEmbOI2GxgFsnMwrX+wc9zE6UiKlQQQ2YEACRywq81UZgrVACViZ66+iQD1Gg4g1vcuilAeZGIGP7RWvGfaNkrPTT4W4DVqCmiqlLRsCsEXmJ2Dh0Scn7bDN4ANrOqKuZr0ZMXO9RGmCz27hCJRJGAEBgQCXypI02UykpKZqRWCACQ3VSpKIIqizBgSmiGYc2zHiAZjdIopIenp4+fPn348P7y8vrq+vrm9ub+/u7m5ub65vrm5ubq6qrr+pRSSh0F9IeTJQ6XhCRVlcyFGDfpd/XGNVOrtuZGM/iMSuTcUCiooBlYOQHJLFdR87GXUupTn7u822Wjy3Jma2Gbkqnruq5LYUJ0ssEognlJBKKEiVKh5BWAsGBR/qgT9gjBTIn6sow+nJ35Z5UyW51GSLUudIDQM1QidExcCVBAja9nJ1Sa9cbHiqKS7582B7z1W5yLAuWF2JCh8lGhIEc2rOrIbqbFGYl9vKBFWo2BN4ct2u6TyfPT+WeDaHmax58y9mKzwWEpQ+zgoKs2xtu2g1X2WKEO+5+zsjV7bbsprUBnFtt8wLSNhc315GZj5bx9uP18aD6doiirry6s3kXjt3t9NHjJxkZ+WMGuzeyN0sKWk52xDL8GzZ3w9qY7t613i+M5tWKIPuvbD7V5a+pUIv/YTJyYaEPBvPA6OsjCKmJbk4qf/Nhkk0022WSTTTbZZJNvRL6qBvgluW34yBb+Rw47CKM+pk7Yrrfrl13Dl6XXr1cGfXEZ9Jk0DTAHTcpSZr/G2bt0Lc/VeTTPXxUwBdUDq9IJirqvKIqlepbyzbFY/QovhmGvz/5XXTPFZnqCn6eNJrHk2jaV66tnZUcH3fwKix7WkpX4omtb0TnOcMoXQmUvtVGGM3tubYbYtHBphlW14iT+i0xvrZotXUU3z+Q5o3iuGw2booOr0OCzNI4zZZjdOsW/bJMUAlPwdKRxjWY+BUmnrW9gn5tgLLNAATGpKIVq163bASIKAIMIIAClFMNMVZCYkjS8W2N0VSaNMxAzc+dGF1OXRUWYOeexG3nPCqLgpkdzziAsKpmz5GwVyeMwDsM4DspGGRRVGY7HYTDUkJmzWxsF2DEPecg5qwASioh0zMyFVSYslMicKeZx5DBkasUkxKSghCpKhohGfYy2qIYzUYzpolOuPK7AjSjMtDIzYpgbjXW0cmLKAoNE6O5Ptfg0dDt13lWqROYgUNyRolvRLN0LBvJh6XB1j4ZlmcvCDcl1opt3TTuCqggoMAgCAqBocM2AqUHrgIAJxKl4ZIYsU4dIhtoidkoJAQmh3/fMkAhF1JBC5mPOOefx48ePKXV9319cXb56eLi/v7u7u7u7u7+6vr68vNzv97vdzlA3omR01Yb/N0EgVFSYncznnugwwBJVjsmriNQYFTRvkRiWTQqtc236zc4xFOzWIm3GEZGQdKlj5r7PZmq0chwTdV3XpY66ZOU0P46AhkxQoCZIiRISYaEmgjsZJetk49shNadUKFGiJKCV9ueLg6ModWSEKUfyV5cqitskDlMv4ePW4LwWwLJ/rIUV1N86hYcg0Jpmfyt5ULWe6jMKNRiVk1afblttV0w6CRFjumjpoxPr51KwyfzkfZjy2bSBTCNYWeSX2+6qqz/EskbABGaclgprVn492+3WUcMAwVa2obbaVo/Id5K+Uv1OSilP85bixHTZGopoQUxk+7aJz8RaOpzsxdN9X0tavyWVSd9Wf7KbNwPRToaVW4Zxt05Gl81YNriyg0wu4lFEBFXOLHFMxA4LiOo4jiNnZoZNNtlkk0022WSTTTb5dqTqflf1w1P97TINVj0tnMunXuO3om/frrfr3+C6K/pBbPQN2/V2/dy1/jspw7k0AHEgvuBfJ58tnDssbvZ+XvlpBSCcqH7MZVjR+Hhay6QyPIr5wYIOFuVsY09tQRTzE+VR+8XBdHXwoKV6xUXoWouTxLhwHzlVkbrKSFi9XpXzCV6iZl1qY1sm4pIJ9yxi98LSriZ+uV54lSO4iuq1zKEZ8vpCwuWzlWqVj+0oba0pBihChQjoeIkUvapGglpIU1qWgdfCG4TkJLIs2FjKi9HunLM+JSB0qEydMVagGnFeTqNmFUEWxA6IUYQ67XbKnDln6bjrd8YhIkIRPhyOBvipCrOpU9lMjI7DMAxH4SycVViVj4fj4XDI42BcxHEYMzMAKCgd6QgDsxChkmrqicDwGBE5HA4G6ovw2KVwZCjCfBxAISGRqHIWFhEzOEmkqpk5m1/AMNeoqsJmKE6jnaiYFa3DAMBwI2OBgdqSQXY+IJBNs/wIwcCtFM9W6Wze9QAQgRTYDwpALI6g5gyyUAMNFSVCVSpeV00fvRjACH6apD0aoU7IAkAUAEDx8WmLXkpEKSF5ZEqJhXHMu10fi6gwj6Yr7/s+Z3aXkIiJUBQBNI8DiwJgSt3h8Pj46ePbt1fXNzd3N3c3d7cmBhN2Xdd1fd/v+75PKQG4X1iaOFeEsryH19gJjrSk9rZCRJydetvO3tlq0066QgosZmm9iYAc5iUyHNrc4zlrMCBMN89KwbsDuNjtzdGjMfCS0QiN1mgd6hCpw21Y2KaYRAXCJq15KQUEDdvUNNl1K4nPsNFSOxFGFAgDoEHfQoLiY29xmqHe0sDEEUCioaQdUo01Zv9pGZk5PzimAczW3tkBjpM2HpVihVz3EdvaYV5be+tKO93RHI5dMSk52/WWuZ/Y9dY3KQRRwTWMb8lKn2V1PvNTe+Iz29Jq+rN72XIrXCXfl7sTf+3Tevs6MiVKzpBCO9DSxtgJh6WUYrS8vYbz16B6CC1AOHvjDBRsK2jCmWMXE2bO45jHbL54M/OYx+MwjMak5vyiRt9kk0022WSTTTbZZJNfR3BNp4pr+ttTuEY9D93ofvGkzhYm+T+T5/N64NXy/7zr02Xerrfrr3XdlV+7KxZIt/gt/mvFwzdWHpsBMItH0w95Gl3LB07Er+SPLRZX4i2P2OxMle7G5fww+QQdxKLACozFeVFhZdSBQUMKseFfnFZoqtN9GsVUhKaOPElxewmdzpS8Xpuqw60axSZsn2raVvX8e5Z0hy8qauv0a02HeF7l+DPlpEq0edmsXkuMc8ntWwKEq1rRl3AKl/Gr/MUZnDMjLJYx1pakAbaDixIKzfZR09QToSKZkbkyByghUVIlew6JgByVEREFMKAj0EfWsLHmRRJRUWZTpfqrM2dhLsZCrXSiuttfsFkWVQl0UBBROI/jOA6j8OiGRlWGw/FweBqHI7Ohh8cxZ1XJOafU9bs9KFAiqxwRGAKac3ZwQkU4d0Rs6KCI5LFLSQGBSFWZJTOzFRJRVB2+cRYYIaKKMgCDigBh0NXIXPIhKKSECbEj7DoCJSRM1KXUASEAmU3U7KyS6DhVTangXq1uPWKCK4OO5wWwBwqOMzmy4oMBzcBjMasYTOgpchY0RTMy62Mp0GRsjmoYeqyiAiyCxIwGPob3SgTOo0OenFWg+N5TYQVEVVINHpyttP5/EebD4TCOw+Pj5/fv3l1cXl5fX9/e3N7c3FxfX19eXV9eXF5eXu0vLna7Xeo6w9tUsVQq0G7nbqpqwcmt60XBFntDPMuvHzu+5bAarC9GS7eF3nrooQG7xlNUVCBn6BGCuJtLwIQGEKbgDhIRdsV/IaREMX29OuhGRMlOqJAz+WwoGPcxMDp1sDAAXyw/t8p2YL0R+46WPaokoNjpAAq/Hsy8buyeBUaer36WT0epWSsh9kctJELQ6cM2UX3EoYV2AqbdlMovzDpkImIGV87AxeUyu0rXflYQ0AlvPrfOLeOncj5FR5tvH4sS4VrJ28Q4fyqWiKY0sNYy8/3Ivnam3waBScepqfKCSdtrpMf4/V7HTxTGPUhq/OC2YezlUwJUjE/CuptAnLDE+mYfTqLFICmqg39lRZ3tqiXkzPXPeka6YH1aXBVWRqAtKnGOjIuxbGbmzE6MN2vawjmPORsuOA7DMAyOBobV7TFXCHHZoZtssskmm2yyySabbPKbydJTGsQPgS/UA8PJ9NjG47ekr97it/hfOT58EMZP+nm4xW/xXyVev7HyxEz44vEfqq0Xpde1eBEHwwpHoah+INThoQwtpMBCDQnEBZy0B0AIodF1JWgDxkztdRVUzOvfbLzQaG9PqCjPQ25ToMgqXfR9UybTCaV3KP5cF/cSQGuVRbHkNJyXha6zaB2flxfqc7/k7euZt817voIzNuHy8fbVp4o0Awhn/Wt/Wie5Rn3KWjAXclg0/Y06tbCdjF1URqk46TAgp+o8z5WkgUooO6/C/KGFbhiJkIry1g2bllKha3tboYQqndXFVKyqmgD6vldhgwCZWYXdRKpINueFOeecVQVBh+Px4ngYhyHnPAzH4/EwDoMIW0rO7KM96G6gMOZxHMeu61SFOQunlDoRERUVlq7rC3mJUETHHBpdWxw66FWFJc4PgIjZUwVnDRqJq0++zgh0hEaVI4feMBF2CcE9vKEoUkoiUg4NOAdQKuPKrqO5pMLAAfzX4RSDZTmVVk8wTEZdQD4BlxUgua4t6CcpnF6j4Osnig0FEtFECAriNl1JGIPuVtZ9QxtH0oSoiFSXHNWcMyIIY87jcDgcnp4eP3/++OHD5eXl1dX11dX19fX19fXt1dXVxeXl/uKi67rdbtf3u67rnMJJBMnJsloxQ3cqWddlhoZ6iLEpKOrKhJ1N85TSlJXb6PcRECpaSUSGJhRXnr4BgSKoOfREQkqUunBGaJS+ZvpT/QcQp9NaoZi89r4Xw69BFYIvWLcmKyP5VygChE2LGPgI7nnNB1KAeVh2tCiDHSEo51HKjuAnPwsopWWzrwjMylq62EyggciWy+Vs4ygwVXPeRRvUc2XYn86tIHErZEEtZg3Km09ghM0jz5u2XitTm2he0pPA52LaW49N3rL26MqGjuVWS9erpbF/KD45ZtXRik7Pso1voXrgqz02ZDtXuP1UUZu25asmDCZoM5w0jp7YuJwagZgQ/iYiKxTAABfF94X4k5mVbf/JDgiGjOFi1P4/5pELAJgz58wWP445Z3uneb7l8Oz70g+mTTbZZJNNNtlkk002+XVkVeP6cn1sE38yt2lMuLb4SvrnU+G3oQ/f4rf4WUzxQbiFW/hFIXxZev15Oayl0RfnoKtpagycL5XCC+LPlwqW80tVQuklfvA8LEqJBkoC0CKCBZUpVJ5K6zBFFjiZo+rtqjoSWhWWqiKaWbOqxGtRnwIQtvrTCgiFzKgJM/xp1cJn++BZVKwW+BSg1Wp1y7uWaNaywG2aJQUnEhgH6+dozOZ0qGndX/j4auQSLGwtf7YVnzFHWzuEs4q3ssJGal637OJ4DJ2KAdhqORNhOBWL3qnvqWwMnAxUtOepAtYA4PpTH9c2xsWNDSIhqVnptInEEFQpFUCrvmcOSpgaHFNEkRQAEiUiytncMGVASKkD7bTrRESVLXNCAnBmhvmrM1Ck3w39/sK0rsNw7I+HcRhFsqqyOS80QocwqBKhiAzDMXWDirAreY3IGNyQUAcrACUSkXHshjSMY5ba6pAzW1JQZRFywLWas0vR3kYGNCoXiICiKormrILUofmcA0oIRKk4+lLwslgfmKnGgP3AKgKlbdtDDQGRNCAY1hNK/rfjcw1hZg4rqI+ukssK/8k09ba0ipjGXsy9pRAiQM45ERElA5QTmfFVw6eTDQARMUQPkIhSQUMd5BNgYBHJOR8Oh48fP+73+4v95eXV1dXVzc3N9dX1zeXV1eXFxcXl5X5/sdvtui4lSqnrDCwseKEvrQoFNvDpSQjiy3sh26vokmHZ1r3N1guMNMkWEdB6iqytmAUg1+3Y+IvqUIkiALndWoPanXIXvew4IiKRRn+IQyUUScjtU7jtzLpeYPzcitMx4GOtvCM4VHMkDILRHgc6gwsYFwUyjKWoJFgsPajxdoUgesFJcUpkjN8VfLApaL1dwLp6IMcZvyXbtnbnCOuxhM8Z3S1aFkmxfOHPy1ZzW+Cf871vcavdd04WcyG+8Gr9noDA1XzGt5kGyNz2Y4GUm/KBn4koS02trDRmD+b7vmcsk7qEi8FYx7DtLwOl60kEZVEQVdXipc8QfDDDzgCgIiIch1p8j2Hh9tPLD4G4jYjiHhCEObA+URE3BsqcOdulqHDOzMLCktlYgOM4Crs7wUogjAfd3ahRCVlExJYVvwaQWAGksB5f3r+bbLLJJptssskmm2zyK8gSrcBWtxzKhFM6Yax6WjiVZhriC9Js4Rb+nxp2rZ2cLdzCF4f6q+RwPs0LywA/N8+1az+q/7IcVIOxQiW+gG1a+BIVtTCNEQBUt21NFap9LYMEXfsMQJFatRAlsFR/pkw0nd0MoSlO4MI4VrCsQooaegYcwnMyd811VikZ3IiVWs9iVsFCq0VLdSp3ZyjaXOE6NXg4S9BqHmcq+LbdSoLiYq004BKPLNelcSr5YNFKq2bojIG32uZnIMBlu7Xq5xYIbPu6Za9apSyTxpWgljZUVcNpVkoVCnoRbUcgAhCiFEIQgIJSItLEyMyiqkSJEqqzrKB4JjNtZ8BF6j45oUBlRkSKmRHFYmaRLmqHXUpgXu5UEiEiqZKIEO3cRR8zgKZOUsfy9P+z92ZbkuO4ligAUjJ3rzrn//+y17q3KzPCRAD9gIHQYB4eOfdpobIsZDSKoigOcmzujV97Dr+2aGvanrptCzVsa183Ee6hw6liYpUbqBKSAYTP5/ft+VTlCAr1DN+4ssgYQ4QBBFCZ1cC0dV2RiIW3bQDo0rpJj6pqV2ARHkPVgp7NCH8AAAStEQ9mYd6kUKyoL6sDQq0RNVB/oLR0NICoIQIKm4CkJh2q9i4B8VhttudiDhZ7efddEBj8GxcH3bHJVAF4iiqjMVAV7KV+P74mvZg0ollSQ1DUBKsRVMXkL1UEgbMbF2sGBwI2RPtKSorRtw1tJWqiam545LEhbs/v33799Zdf/vf/av/r4+PjX/8yQuHHv//9Xx8f/3o8Huu6Lo/Huj7WdW295QxQA875cQBmBiSgxEBLKmGMyjqE61cRQUpAbNdQ9pongkRgewnyCeKMHRu8XbXvKioIAIVNOTlaIOALnVMLRZlMThYRkVyMMUUa/UbKboAYgBlNMHpoAHUB/6G3TQiEFthmYn7RXb3P5HIfqrQISEYty3mvQNaAu5IvrZCkD68TaWWWPhxPSl8+LzgcJH/68uIQQT1zaTgtnRXZ0UPJn2w3+XybziR2g4ro3G+EpRlVcw+Tjcr5cmOvCuAoe4jKlrnDYpvaKqN6fgYTbBUFAiLyjsXiAyfiemqAqFAWbhGBQNABsv2i08DuzWfbNrJImwrCrNGRcheOzaUsKsxiACFCEqZtlbflknmoTKRSRMbYNNRB2abroAXaVwMCn8/nto3tOcYYz+czob7BfmyIoK/Iotu22XSedzHxxmi6UCVVAfHZQL1J/bK+E4WHDI0V9LIj3nbbbbfddtttt912299jE62YG0/L33KRssu5/7xMx6ucX/qVPrvWF6/+2z4/r/P9eX/+EZ8dtG7bv4/v4y8ew8/l1z+uDprHP6rDD/v2kbayL7NsQ3+d/qNrndIrHuPe7tCYMtCkBY8H9jhcAW/C2R38FCyOuYMn+kDmw4IWHnLODEApxnjAxi7RwTOsZV6zvK4rH15RYWZT/mR6XrdKeNU6VDfo4SxLcVnC68x4ZPmcKv+J+7UeHxy1ySiqfLv9w8WD9/Z8odJ/dk/kp6wWctlWWIwmaqLZbn5qOv/3N76jcRxcwOjo5qzD3k0+Oz8CASXaKqJIRk6idFu31rJWYuMNkVo7IVlQ77e1BqDms2UGVEWApTfEbsqN1o3zlsWQFmhIbRUVEUC7k65I1NeVhYW35zbGU3g0wHVdejNE8OluYuZv379tz+/b87ltTxE2tohFOjTCBzt5ZGPemAcCSxMFMHyUmVsbIuqUPmaNPsO9J0BojcjBTEFBaLOT2DVFxgaKSIgNGxkSZohLl8VDzhmS1pqhwswjnndy/nKMHPq/JuYUGyAk3zsOPURjKiyPCSGY1c70qoD9DsMwCCC8+kD5Fu5AtfpsmiC9dafWtDXPiGhgcEMUQ0w9P5HMDu9BLhnQHhLS97Ftv/7667r+f+u6fnx8vL9/fHy8v79/fHz86/3j4+394/F49KW3toMJs4Od5x+HPQz/AKw0wRebRfBMbpvcL9UQ8lURVIXWSlMklhBN6tBaaCQG3gpWMdJClHYAACAASURBVCJyuhWWXREIp9lDa/p5fr6YkwP6DZRQd4q1h/kbvm4/PSueCnDJ012J9dulIiZOsO538LKwNuAVOghJdo/8CZf+ACA8r54Xi1cUc7poqj3PGuYcHnuMIMHvywU6QlVe7/4ph6ICEEzf3PpT+sZpESwrVB3ywRScor9mzGx3aLw+VawFV5XQWO1UVG3i9nUB0QHC4OoZ5XoM5m0bPDJEYOqCmtSno4Am+7k56c/S7apjDBYnEZryhN1SZji0W0SxVlNd9pCFYEuPuAKqT/5iARhFhYX1dw+U22677bbbbrvttttu++Nt+n7jhRWrb/mQ9eSPxS/4hO/j+/g+juM+ZY/A48Dcx/fxF471f0AdIuFVmVfHEeznS9dS0NP4Ki5Tj24TwlNBcgoYD8zJiFDQmgnbmNvYCsrYOOkmw9gIr3VFnAQdzO3/8Yv/BBBhn17Q6bzqBfA7OBbNnwU/Y78BNUxQ6ewFPZAkvlLgIf9nvuwrj+oBTE07UCfzrNqwBr28AlBf+ZfPnMLpsv+yHdDBc+UPjuYKaoY3toyg3aUJJobkLDJw379BSTGuSgeNrmuJIur6l6gYIabEGhUyBFlpj3SQgnq0P5dS85+NP2X0EncfU1BYkJAAyUUo0aUqg74DKB6hDgFJu5jf2phwgtS6iDlmt20bY1MeBPBYeyNikWXbjMcyxka9j/Xh4qIyVERFAJS37fl8Prcnj6EgY9u27SkymHldH2MMQALQwYMaq8g2RqPWRSz6oiqYu9la1aaKMcagMcYQkd6a47lWKLIKiQf5AwUHKx02EEUi23mgrQEgm5tbhnnX0ag9yZHavXaDIwXRExCDGhj0HJ+aQDPMZJ30NIvMnOpIGGZ6zlH+DWcnUjstZsSCT0zsDVFEmc253wKJ45AebRFrrwGo69eSx5hTtVYQIlLRMcb37996a7/++stjXdf18Xh7/3j/eP/Xx8e//v3+/v54e3s8Huu6WITC1poIM1PM4nGpMiRDMhQBDJPTV4ziFKy2oYzoGI1ryCNABMYzWF2VgpemDhLs1yQjg5XniedJQEN5xZo9rqsz4JtOtOYA7/nIn3/pFZni2RdsbNXDrEzCYHs7T3tWwG/H50oNj3uC5pu06rE+kSHX4s8q8EPO1iWnvK7psQJmHh8sJfFi/fqcQTgT405yasVA6xHKK4r6aAaf1JPPZ/0zM0ZOgMyTSsVH5M97pagIEGnifkLRgwLGnsuYDYjUOdAcGpniMg32FRFUmTniDEoG4zM6nst3ym5UqvJg3njw2MZgEbYqszBvg21eF3FAcBss21T+TGrglAONyIIRgtBYhlYH2y5i74YztLRN1l7XhC3RZ3cXqpbc2aCgoqy+QIW4sHUhVEAVnbTJz3vjbbfddtttt9122223/aWGV75WzGOY6a9wjd3fO+WPphe+XNiV/4Myf+wTvqz/bzt+Xef7+D7+o46TQaiBgtzH9/FXjuHn8us5Hb5w7lUe/XIdrvt2dVN+el8KX0g/Xwt21zqlm/KeFSjiHjAXXNRw9dZQhIDhs9PUHd1he/Hf/A4AEZnpgDe5Y7fYnuQx/e+fuA4nxAXpJ5wCaAfSwyXR8HP7IYxXWyZImfNr1vPALahe0TMt4zJu4icI5fnXgwrcoZEPbXjIU6NL1p9eXfqA3dZiP6n2oZwLhl0p6vDs6inlEojRW3Zck/IAIKDBAxIxu2q4tAkpgkIpIIgyGJeLwOKr2UUMD4txmDxLAABC0zZN9VerLWWgM4GpvoaIvTdQk/+F3eOykFVEhKQKKGI1sdtvXVFEERBJSJCbRJv0hZkZhBtqb4igzGIMPBWh1gCJxzDP7RhPQwcRYHs+v3371r9927Ynkm7PZ392G9lORhEVHs9ta9smIr2zxykMP/s2xtg2c1dTijQCNqSk4hmzxH3YItvYRJzpxzwsnpY/XPShPVqz6IbMm/AQERVAFMQGZPw1TLHkOgYhgAoEAoSY03RSnrR0+OhCCjWaGlpPwApZlIh0OfmhkYyyA2eUudJ76/AB7wuGCHZHz5zh17A1kxwFUFXyfqcunikivgw1C1goyMhEzOP7t18RsbdleTze3t8//vXvNwtWGPZ4PAwjREQ7aK0ZLH0e7zbnq2rdbhH84+R4ARgscKKaedsHSIaIqH6u0bGQQvDTMBgNDpILRu7mGX+URS7SeOw5l0AA5oZm+rhWhOOMnVttMl3nb4UWue9MOV9cryDnVOvDX5kJX9uF+uWrPSKHDNZsZ7nsV3ZJD42Wj4c5C3fcMXfJZDGnhePl/o/LyR9jMon5GxQ91O18hbFtEbpr83wxitczR6i1oFhwARiXO81JvC43IixCGKFozwPZ9pJowfFk7mJRVRciduAscUARRy5VmG3byMF46BjD0DoR5sEjWICbQ3+bEf6c7cc8ntsYGztA6PxtkTFDDko9mDEID28OWXlOiBKAYjpIwYm8ndkmEOhgBLM20WBQL4EQITeW+Wrq88Qe+b7ttttuu+2222677bZ/gOnJ74rVtxyZXvmEcfpp4VWe/TH+U/zt9/F9/Dcc9/CzlU+Yf97f6Xf6i3T93eXoF/Lrp+Xon3BdfVH+q/RPy9fwupT0cB2G4FPx7NpvgxlBM8ZZ4IxHJgEWIGeunuYRFFDSmniJWh0EuAx9VEVQgSQTEuQO9Vl/9S+aIKFdS0CdLTTJc5dct1q3A4D3ue0Vz3aJr9ydu8a5ogkeUNKaWG/hk0oeGvkSH03nvin1TRJbSAjWwlPS8xKis1OSC3WoTBUfe9Wkh5Y54r5XzsqEBnd10+MjTuAQjvXaNRdH/CScwAwRYowHRARzs2YT7R4NgHl1D10Iweh0GeautCRQrT8zt9Z6IyoROlVdlDKeYKMCHVX8ZGMGhdYakWJIL1qgxN4BUdZGIKzKXWHVN1OSo9b6smzbpqpLa89tY2ZjJW/bsy2PtqzbtiHIs39rrRugmZ7lbdv68/v353OIUMwYpLAxb9sTn08g6gEm8HMYuKat+VSqFrXNRebGGPqrcgzYoZztIDwUQEBYpFPvvbdGvZEKMSiriDARgDhbL+VBJehrAKBqECIF8ieGFojscCxNRNMxclA0qdRjR8V9yifw+ewnyWnbD5CEPIhIFFD8ckSEJCRidEJyWdEZvrB0QkLmIvNMRM1m69Za/7b8+u2X//zyS1/WdV3f3t4+Pj7+/e9/f3x8vL29vb29reu6rk4o7L231nMUHHYVJAZQ5xOLFEt4vasgWsCXF0RKBG0/+5dIhxEdzeK9gShYBMrjhIAVM8uFy9NPT+RzAvclu3r3dX9sgSzLgrMbuS+gOFu9KKqN5UDKFS7T1XcUfGbX01xAg1h2rrwuYr9MBEgvuTMpF7s9qnpcXw5l1pXo0D6XotnH9RFAQCzqnoFIlKH+dL8gAVCQdhOXszmBAt4ntE0LqX4pNvX1ZclLS+3wE07j1Bed1VOwGKETECt63flKY51f5pwnSeZj4UDhJFl9RrYeY/DgMcR4fuLKn7yNbRtb8P5MshMkccfBYzx5sIgqCAiIiCijRWkt7xcJ6875Vjw6IbNBklJvRFWJIjS0qAYieMkptniDPiM1sokXYwprPr1YTFlEQmqttSaqZUPFbbfddtttt9122223/UPs5Hfd4RfwIv1V/kjHr/iNX6fDl/Of6/9P8eff6Xf6RXqH5FHVTzil3Ol3+i4dfnc58IX8cJGee0D09OvPXvfis94XfCH98/s6lVAi3IhtjzePuHMCjJFjTlBoiDDhjVghq5tvLptOmPCiXXcO66nJCXAUENx9mfjklLByjiMioGkAOq3QmTkWeQmC4+M8EgVRRXP/V0LMJ4S2g48y/doA5h49Vv4MxdXySx6oXlcJeqbdaeTfoUJFJMCSpF663svBqXrpnX9Fy6v+3AoGHDyzh2xnN27CUa+wyR9CrZVvdIAGDxe9kBXdZavIwb5l4OAv3rkfsy2yWQhmHQgICNRFKT3KJiQP7gobStRc0zlf+kb089nTDJghwqSnxGaxZhA7GHcRUZ3qm+dndCsgQlElhAS0wDFzJVQeqiyAgIqohNRaR1JFagCw9oX69zGGMENIevZlGWOoyNv7v4QHoRP+ns/nt2/fWKkrUX8oQHfnL/AY9PyO1FpbHkELUdHt+3P7/tysfNRoSch4gQD666/fRMTa+fvzacxCBY/4OIS/P78p69ieY/iEBQCNsLfFuUDoSqMmw2kYgk0dgK2ZE9pnGnKXuD8a356XkQnjYYOJt+Zuh/mIj1Bf0gdd5KOIVCJE5MGMUJBKldYCOAPpuaCsKDALCpOY7mdr1Cpp27g38Q2UnYeKiKCkHo0MGBQRngBjsDnge+/ruj4ej3Vd397f/v2vf//Xf//X2+PdREfXdV2WpS+L0wmdVkip8VtRw0ocHGMcJpCDanQIPIqDtn4nmLCXB+20RhRDhABRyfqJqBgcR7G3zEsGRDAipSm6Zs1wNrVvbbnkxl3Ob7ucV3OsHjHI0j1ir8K+vyiAAir4amJIoSTaGJiggl6nJ9p9bfEoFI59NSpwmb7PFIv2nMD8lufE6e8Oejgrd5Y4Dn41+Rd6WQELf7hS5DtBo5Y340/b1seYERFATag5VH2nJCfONyeQudxKYHqgOranxOxsBxJwmbMPQzVUclNV0O6Sf8cW/y/ZeQYaMjM7yMcR4dVQwOe2eX6RYbEAh/+vAIkBSVqV2OIOsiqKisZzsXw2hdipTpl0iU8xVrzXFCbNUhXBowOqBM4oygj5ymfvWaAKIiHojAb+IRESttgVkyt4CEQQUOutUYSoVJuoG9oUZisgYaPWW+99B2Dedtttt91222233XbbP8VOflesKTD9tHjl3cU/xx+OX86Pf+h17/Q7/U9ODwbhDksoiOKdfqdfp+vvLke/kF8/LUd/a/3B0xFAPrkv/UL6p/eVDMKSLqEQJbaJXXTWJ7xOgRZ6bWcQoCCNEVGlP0xawcRhdC8TmnhhVg+Kqw2CwYUBH9od4XTVOjIz5xMvK+TOTKpRZHfdVzqcNeUKUdvBbF9UaTtlRnRdSsjbLFc80F3wcO4nlz7U7UzOACeTZXtO2O8AnaZ//MiE+/SWS1Cl325XaN/8uueHXDRFnHVqmQBpVKuH+1jVtidNYnQq7/ZBOYHAB80B6zg1XFx6Ppf99Xa9K1yp2Q8RfThTPA4bkUQeoGkOcutA8Sh7716CiIu0BUiVjwhBGJ3m2LAjEVS9PdUOCoAMKKi9KbXW19UIKyqsoIQgLM9ta9+/AXZsixhHLwAbVR3PDdvSlwGqJhopqjLGsz0bfWvbxsyImuEVK0De+wpGhkN8Pp/DvOkqppvHMp7PhYeouHOdhRJnynslQJmTBMTURYTN5j5XNiVVQINT81nEewjmg53TkyP38xvSi0Ex8+zmtygxOtbOdgQsl0gNrT/7ZJUBIwm+dfy21mwCnvRWVUSJQcE8BvXR2mKdLGiCjYiWZfn4+Pjv//+/398/1vVtWZb39/fH4/F4PJZl6b333hcDC1srlyvzRrSDiGRipuyHsHXXgi0h4Jx5MEKXgYiSqTCyCCgCAaJaoEmcT8U3jiStvSxByVPMResr89NuZtjT2goueHhwxxM1us9ufUdXOC1PX0GlhDQs6SABc+M+HU89p1oihBfo4NwNVJfM3RtCbr7ZrXdJhIsOLT7xHOFyEQGiucXnc4CwNPNxZ8nlJK+qgEBFZsDRKqeyOaYFiXwFRlj2hWjKqCuLxm6jgu5NUnOG37M3I+FJGTypf3IBAj1nRvVLeqKlOAtQxNiBlrJtmyUa888SKw1xSndGDeOHQDOjh5haM4TQedlGEpMKOiu9tHO8XzmfUj1uKqBhdjCXEg1JVzU4EAFQqTUjNzcin72JELAhmjQ0IUFrnRrZjgPbQtHA1wAz1zZujQgl997cdtttt91222233XbbP8fKZvT5efbrHtNf5S8pr/zGu/w002v+WqvP/c/n+v9m/zn+QeXc6Xf66/SuJhe491u4d+NOv9NfpuvP5ddjeiJhn5YDF+ma+fUH141gOKfy9Wv3NcuH6/RX5eih/lDul5mLv8koHq5tGNQb/6/q46lLc01UqerdJSaj4gMbpxv0msNRHYUH4MpOKgfTq1X5clEyXuiVRUkHX2T1v9cqFffo9GgXv7ZeuVCLr60UfonVVaDr3CD1rFfI3CdO1Xripae1Fn629Eum+uXlLZzrc5YGPfx6votzrV4JzaV46SfZrJjTd1QE3dnumlbtFjEX50gJzoqR9gAJW/ZJ8wbPVjzfWsVNVSu0F65uMPnRqHXpSvaThWbyCIgxCsNJiykxavfm3B1RRAASImoWkU4Mx1RWReyIyMy7BhS1h/58PolaawqAKOJ8EVVlHWMTZRsCYxtAHVuntj54WCgpUeExzF09lq2vb6JCiEDAG49t27Zn74/e+vZ8ikjv1NrSqBnXl8UYNbosa+wMAGPVDOYh/Hw+mYcoC7+jmtbreD6f27YJc/iS7TEhKTBMxlPQBw2eB3f4ixKC/z/aNfAX35Ggc8pCoxCbYGxOnbjvwucxUXujEyWVcgzh/sGXUZMzz+xaqiosoEcytPnWmZmIAMzB3rQ1x+rKVEytrw8ngxPRGN1wRED8z3/+85///Z+39/fH+rau68fHx/vHx/vb2/p4rMti6qOTU1gIhYFS4mHI17nRauKMNHR8towRgNMsl4hIxDMjRGhEqopTrNdhwsAIMaEsIgUAtbGAuXZdzw+HlD1PFAtmNue9S9gi+KuTIXrqAwFnAeRKEuzZghHu0mtnKHX1vpMLe8ERFRVkn6EglzOA/eGiVoKo5i3TvHeUKEeRymQ+uz4a2IYqIrSfR/cVj3eCfZtrLismVV2XtgMZXUzJWQzhU5vBILTRY3DHr/G3tmODhr8lqudgYMCDMacn7LfXAI3zIp5f5uLBjgqKjG0beZ6TBS2CoAOGNfifXSsLh9jO4CexHCYVn5FntMCJH4LfprJLjUYg1lxsAAgBEQRl34WTbUuIioDB80NEag17X00lOy7rC1Gj3oiIsGNzvVBsBgQGp7Aj2VWJHCBsrWFfOgE1pNaot94CJWzdYuxiUh6/BOnfdtttt91222233XbbX2WqevT3YvW7YvpvTQbm6B/Gn/d748/l9+3Qf79//k6/0/+A9I7uooP8dLed3ul3+p+Yrl/Kr397PbO2X87vdQYNXH7mAUB4bpsxY9LLK4EGICCpdtT0TDkKiGDO4R1ZIm3KeO0QrHKFHVktzzM/8iHq1Y6ZUUqrKWfcKE+MGDc7BOYV/HbGpezfks0d1mec7wxW1fut0GBF4A739apiRLvgXpfXquXUsHy1ic4svQrKfoLkXUGhu0ufccdXrXq+wXP3qAGczp0kW+OAVmK+jx0IPQCqlXE366gq1lTmmJ6dWcHiWnk/BBIHhxxTBICAVxIqtuHHBxg4e8kUwTXUgvxOnNamzgNxzCWiDAIoMJjgpDolEa1mipgAACEYe0Mtep4xP0DZhCfVJfUM3amBD42qogiRbgGgDIdRU5xrSzf3+RhDN0Zq69re1jdFFZFtG//55T/r483KFBOyA0RE1vH89nw+n2N7yqbPxxvzAIDH4lHuVM2TvikoUXetWhFm/vX7t+e20bbhtonI0hsVSHSMsa3PMUb4931QAUDEHVVVkDKI3YNvtLwkZUUwOGt1QI+0NqFXh1Us6BYixUBz+GkyodWxhtL9UEEVgUrUPQngmQJf0ey1DhGUXQ31gFpwVeE4axlkAoCKpMLIxiBEJ+aELK1RnayRW+t9WWxulMG8jV9/+cXIgu/v/5qBCR+Pt8fj7e3t8Xi8fXys69paM0KhgdBE1Lp3qsPwP071Do8JKqLTy+gw0R3uy5CSDp2QJG7b6JFlWk6YCkQFEVXQRoaGbKxRXF3ftV5x6kzWqdLhTIUdpOnIFhZS/LnO8QchogHMdJ2r/FOJiXu4b/cVQvIWNCnyfu+xQcgxZXCEWzNDtFIIQWMKIXirgKOtZdZ01crIELRXFAid2Mr7VKPvAZgiLyRAWJ5RTuw7PerzppnKRz+ig8LMQ0L0wH6wB2IAm48EDlZf1N6D/qkYEzr/bA65Tt62zdQ+HbQbzGNYkrP+xmDhjXl7Pgez70tQHdswdVA23HCMFNz2Gaks+vmTXfr8umIP3vFLMQTTmZGxEvnE5On+mCWBcP8DytBQMMagEhE6ZRuVtL7SJMJP+aqELZ8MEaxrN8xvdmxQBKXWl96X3pe2GH7fqFEj9DiPQNSpITaLK0i996AYYkOi1nprvTWyKdUxSqspZp94NTncdtttt91222233XbbX28FrfDtqr4XefpXU+2m+mmnP7KW8MJ/u0+/LGfmd//u/APyc/8wXKbjF/zS+CL9637pV/f7z8IF7vR/VPqLGIT35/35g0/4S0r4PM/xV6M7zHT8nbX6yvGnJcDFWWMwALTeiRoai0AEzUM3sQpITxZRuJrS9zcDYvmKg8lwig3n1c5g0qVP2U5n5ktkqzL/KsCWIJzHRIrKw15a8xXQeAVoVfZDVgMO+e1eXZvwCio7AUYTljNS14k0+RJaOzfXRJgQTQMwE9MveeYpHup/eYnUCXyV8wBDHrJlrQ4XPfONDhc9IJH1lmshZ9piCe/nfU8z1FK429FZZfYkdzg0piM22EJkwnapmCceVgmxZVXTUW6u+SywoCNGVhFndCAhYGJEBdMtcJE/NaIGoIgKomAIj92dUzwMZVEhk0G1UKEIiMAsEEBWpz6YVdUGq9FBAKi1RXUgQOuEIkgCoUUXSLYQdmEh0sdj6W21EWZxAQF0WYRosZuxOS4HyDa2vmxvg1VUxhjbJiKI0Ft39VSPrMWqYgK8NuSf2xN7Xzbzzo9tewMRUBEdKsoiY4xlW5iHSfo5bBCP2OOKOWKnKTPILDRIjGCXyVJYTQgNUGAyqhUUkEAByO6LLBheSDFO1nIOkzoOEGssVVANcibM3+ww5+jZFS1ppoT8ZsFObOpw9hVga02EHO1GbI06iCCJKqKIhTpUBQBrNiLT1kXmsW1keN/379+XZTV50XVd3x5vb2/vb+9vb29v62NdHw/DDk19tLXFAEJjrKZgYOLcuS4oqILY0hPTAlhcuOhpF3sLrD/YHdUWRgtAF/NtmpOrEAnFIuYSOpVMow3nqhGrIs6/pAKoQYD8M8qz5d80OZGUh+09D5K1FqMAZxadMgWxGO/wQy0HFdnztDk37n+BCZTGgpv8Z92XHRdUgcygGBtfXBJ5vrRYsT4TOtCmKuBEVDTdZRfGFEGkRm3GR1WHH6PYGJAOlM8hplpFMyX30MR9ZVYRjXCAUxvdJYcl0pP+p741QpnH4DF42IrIErQ/Gwb2lQdnGktlDU4+oQgLb9vIGI16xQs8vIdk7bMn+31jZMr1wqWrvUmyHFVrbMq4moSAnULqdWoNdWqOuNkOL8jF0bWHscX65U8QrWTCiNCKuRtJW2uPx1vvtpmjLrJM1Hrvy9KXthACEbWIb+rrpwemNNjPNhM0Iuq9G12RkFqRnYgNDURUet9tt91222233Xbbbbf9g+zkcd35eH/k+4WveIA/Kf+HZRL+ztLuz/vzn/QZMQj1/rw/f+pT/5ISPs/z6tffUzf9mWOy42A/ZDnwyVnBYwixM7VwZYqIhNDMdxSyhuboab1NFhcA4VScU1ATWSt+3goQ0m51PaAyBcPLDFV2r+JHB5Rueq7Mgwka2+ERYPqR9/kvELJLelzGeovbSZ5Q/nRBd9hpru7dhWfU8JJYma1xzvAKTz38VNiHKSxWHNbl65mdeW6c2iavvtb7qgefUIUOTXcGUF/BiheVTHqIferR0x6PsLrYJynQiQzx70yzzhaAkY+rJJOV0giDfBiFYtYQVXIrjGF41ksBwLG97MAVHPVebIBWBtVKPmMEgCNTQyWrKLgjfzqDEUlBRIkMPOYQDEakZlu6CCX7bFBrWJFREFFUoLemy/wtH1bva2orKvoSLiq0jdaHqqCCjDHGUBFE7K0n7W8HDqgIyxij9WdrD1cYFWEZyoN5G+zBunjwGBszy2Cj/ohFUBUR4XgzVzDJXAdmLVoqWqwwUPFHKpIgRLi2Q2YwIrKqB2sFJHOs+zP31vdJl1RF1EerqBJCwDDoPWLOWlrmJXDEpTyVQImCABmUR5xxEHcjxRAkBSUlUrLnIIACjNCsbBah5oEYQViZnTdk0n421SNt29a7z/Kt98eyPh6P9e2xLIuhgx8f74+3t3Vdl2XtfenLsizGJuoFCbDy4hBRydCiZBBCBmT1Lo0zxSLAEZJh8yyMgg1aYIuKREgOR3uQUMrO7xw6MdzXnxrllBKTt39izgQJvZENCOefOec0JpZ8fvsprIRATEwvKF750LFMuwlFXgdbqytRQN/iZZUJKzuQ1ukq1mbMDHVxnNizvS+k0uucfRUR62yMgfSJyLDuamEe7SxjIhsHTNSIb2ocXlYRUwG17UdQoDGD/JyB6Ji+gXTqfGAHXj0QoEdJlvgQdo4f214BZwl76FKxhUeYtzG28RxjgKqBf3ma44rsFdjGKBqecwlLII9VmYdGeFrNNR2AWbIfSdWXzmldxEWKwW5cIDZjlFVihysTknVEcvwMW5twOEAoIcfH2jsZF7zotCNmAlALfWuDc6k53xwbEQGRdRnrINTaY30sy0LUoq8hIKoKIhgc2FtH26VC1Fvvvady9lz7XTnaZpTuK5pRtr3rOZKI5Lrmc92+7bbbbrvttttuu+22f4qdfLYv8Auc6Tj9sZclfP75x+IjN9pyf/5f9VliEN6f9+dPfOrvLAG+VMLneS5+hYuSzz1cX/96fe6+zIvj/XWP5ddfkZrt9R8s7q0CQUJCbEYpITRvkTGWWu9GUDOnGaiabxmNFQM7wMlXUUQA0gIcmlcQjlJXk/RWEsE8+wXSg7GZXgAAIABJREFUO6JHkW2qd6ZeVuI3n0BNaXtgZiJzBeh5deKEAw8oXfUt1sB+B3QwwddzOu65j6+Qtpp+IDOZBzha7EC7BMSJDdcHdxma8fK6he3xg5y1qc94Z7bS4X5flVaezgnIxKOHPVgVoOnrzpECx/JtkLmeJIDFjmMIDAwUg0qYjMUzzq07E0RtfiuUGJB306LuJwLJhSvcUFBQEDF5RZye31lnQsc+VEGcZmNYTJRFnZy0b5qLaDGlEIma+ZpbKU9EyGJJiYiwgprzFgNWc91KEbHYgdYyTlBSZWbFQZ1dDHBI5y0AwobhNA80Q0RkmOd+jLY8lmUz57+KAOrgbdu+P7fvPBwI5G0wM2/b2MY2NnXOz9i276mE3BqNMYYTFdEQvqYqgsCO7QlKTGg+agytYGZWjqisPkwCfZmsszl0CEQRrHBVc6nPXRcOHIsFBwNQgAztZhguqQLYXAcIhCKSuw8QQUWxbGyoIyX7vIJTmTzTUBbbwNEQEUREWrNjhKFss0HgeIYvI9PGI6Vo8Tv13pe+9NZoWdbH29v7+/ubRSi0GIWPt4fTCt8iRmFvzfaWuAwpmZQgqao2JAMrguJV5wT1/mu4CxFhE8WhAxgAvVM2bYhAGjK8qkQJnatRMgWRQmgRFZuT/wzHdrSvwvD5IpCbBOIh+6YAA3Xm5LOfM/xBBz7kReTEWB6bK7SUMY9z/slrxVKsu+lJnGy6Y2ZXBnky0SuNPusswurcwbh2ibQJ1m4somp4ahHGtAspomzbVsE+C6Rh0prGGjOA0DV+WQezqXsCYeJmGFPM3GcgDvCNMXgwiEA8XAVIFVA1wjEoqLLI9tw81F8w+TJnuWtjL2/MrCzJ9nOCoIqo5jB21eKIW1o7p8YbDzOHiKqvQYSIgL41QSFDFBbw3vqmIigREoIGvdt6Rmto7Ejj49r2DwBo1G1C8LHUKQOAJr6d04IqPB6rcfhwgv/kX5GQlMghaUTsi13MUMLWgn2Y/bk16n1dltXeTCSE53M7RWttWVo29YxOSkTRUcVHgKU2r5avlAGrIzRLi+oextdtt91222233Xbbbbf97Xbhy013YU23X84eY7j0JF+VMMv/Qz3nf2xp9+f9+Sd/9sC1Y8vyfXwf/yXH+ueUD39kmYrmDbLR8oPraiqclXSdfpf0bSMCoICH30JQSqknJGpORqngh6QD2jfRq4Ac4uT5CmpibyeA5ywXmT64c3y+w9lnDO+QfigTcXehA1J4LvNsuehfYnOXd1e9tCk7NtX2dPrXzE9a049+/3DyXqJlFVort4z7VqqtMRv2XO2Kb13e4zkw5OcNeFnbMxHwssxDC+Q9nimJ59PL13DCO7c14FDA6hp/BRjvqh0sHUfZCgR5ZqMeLB9g+Oszdp3jIiK47wOwwz6DonGsUoWLHKycHvBQeXMAWhULcmxnksk8BnPLsVEFVSUkaIhgZ3ZEjbijpbULmA1GHBJRAR3MgLgANm32BGgFHkOEjZiStx7oiKhKxv3qY/A2trExs4oC6sbPti1tW9WVBXk8x7ZtvAweY+WNB6uwyNi2BxIY48jmOBRCFRYBJKMHjTGMc4kIKjY2/eYSFyGiJqQRp24lgkBNQlRQaDJLdRtsUcFQEYgInTEHaoqkaPRPD4en3v0cH46p2oVaAQGQAC3wXkajPMBCBzT6SD5GD2ApKCiMJv+pChpztUEcgCqqIMwzAmZrE4K2GGKtdzLo75dlWZdlWdb14UEK3z7e398fb2/Lsi7Luq7rsizLsvbQHjXMwEBDRYXesHVbGrIXIaIqOzQePEFWRRESadoAERgaNQvp2HazCmnolIJxmwgBBIg8FqHY7RIAhbYr7FqvonrJfJq4346JbNEig1wKEAvk3NURk0yuvLuBXaeL/VSjENtZ/E9EnTkQEbARCcx55zzbHLZZ1MuJSMYs1V2e2OQAQIiic4NCCZxn12EV3sZTS5g9/4HZVrHz9ojE7lRCClRNx1iYhYfDhybgObZt2zYeQ+yEIhk6eDOicN7gTko0Kc+hC3qgsFs7CPu1Eno87E2BmIySq7prZwAFFWETybTn5bFj1SWd/SnEk8/dP077VCGCZqKcpOgbOJSIjMr8eKwOrvueoe7indRab0iABL331hoAWmvYi0RvvbWeAOHkBmMr64W21nxWBKzDE3P7R3R8Vd+0FJejhLtz2UKE3juRbTUiImjUqZkUKkGK1iqUGnXnM9rwD7SYcrpxvPVGCG+77bbbbrvttttu+2dZ+mOnrxXKsQaWEb/4n535Dp0hZg7pL49hj4/U40N9rs79cfr+Xn5vns+PP6/DfXwfXxz3UBsFVAwZJNvmfKff6Z+k6+8sx9ziP8oPn5aj5/SgRNR0/R33ZXENM5LQ+boa14XTdQ/3CMELpPCFies+oe8BRw9icyRyJeIVG9d3vkLLk95q20cOIABJZZhZLkUyDyQ88PkhMZV4YmWTeThyoeTBGRBOLsLgpf2Q7gZ7JPLVKenp9mg/OwYGlKiNOzithuk6lF+b/RLXPN9U8g73F9qddYZUJ2vm6mZf3bWe/NSHPFUc9XA7eWI6tT+50CUA+QmgePETGl5u6ZpdKHvOCYS+vHs83GxiGa/6w/5Rwh4gdEDBLofoGNscVaFMmNjQ7kHazxockkJxOcBIcXW/cjym3XNJPpEqKKSvfJ6GSgQzepbuWgBEtZGRujyKqcFegEBAPu4FgAgdCPFJDooAqoVlVAtN1TrTho2YGRSAoPPSl2Xww26UB2/L8/v372MbwkP0oSz+y9gAlcfgbROQbdtYuCuPwYPY8FPChmqMFWDWpPIYLQpREDlazx9D691Q6tQwFBEsaJY2UHK2jO26AEABVXb0SQlQSSM0IoZK4fTKhzS0nS0W+9IbGaFRRnDL0VR3G1xNL2hoB6oACCI2EsdCyTAOM2EGm/StVwH7I7SgiyzchI27tG3b9++GWZi+YF+WdX24revb4/F4e7w9Hu9LmAEMvbfWCYm2oBkGEmlQh4DpHgIoYEPKKLgUe0yUPf6nrTazKUw/OUKFEqICKqKyKCiAEIKKLUB+71j/mAqwiMhhicu5xRC7RPJ8GpjN7H8y+Qp8NRVoMCZ3tL0QQ54YoWMqU8B6Pk2knH2i1glx+vNnzs0iKtYCCoGBCWgwf1WnlmaBC1mcGm3Tgktwmg6nMICO8cxJOwKRQhABJSMD5uYYg+wKSiiGCLLwGDyM2BeZLZ+dY8VYx5glZfRTVUOF7fbQ6ZpzV4QewosCIoCwRzw1NlyuewZfTljRcf0Zz3ZO4qCqAkgKBKggEo/Q5g1jZ9vM1mxwExFS87NFiLA1MtZgAITSWrNn3fuSw6W1tixr670VaXcktDGVj8BEm/vSl7603o0PmMRB3HVpdYVpH9lIiGhwpPpuB+N3ehcA9NCC1AAp5hkCJHs2AEqNeif0iLrqEaoJEDJGb13851YnSmcHgAGE86cbILzttttuu+2222677Z9n6Y+d/luECz8wvPD3XqfjZ35m/If42+/0O/1vSO/TbWMIeToS9U6/0//EdJ97f5Bff7Z8+CPrmVfPVeKT68Yejav6744TIMVwx4ZbyXyLufHbB+kLnOwAnBQXdubZua0R4QyMvXDOYvkvAR7YAzkHJAwDQJn4ScEsr4GuT7Cxr/yke09YZfZUbOwMf1Zl0eror0W9gqAON4WvHdwHe4XqfRF7O3DIaoZXiOYrdPCMK59PuWQNnq/++R3XDVsl7Qi9WefcF/sCDz7dda35HsGFPUA4u24CgfWxH4q3S3j4KogGCXRQHVeaarrnhjoYIhEdmy7c9GBgUlSGLBQWKRkfqDa7fSbD1bzOIkCq1KhBmy1DAKBCCAqmWmx3QkQeEMvQQ7TQWNIa0WhstCciZl7GOmSAqIoyj++tA1Jrm1iVTLVYdfAGoGNsY9tYuW2bMZe2bRuDhUVFZRFTygMAHpxbKxQMjeDQO5wyyK01JDQUo7dmgAfo3ASw2CQAqgJiK4pCvOGAIgCRffUtC9G4FA9UAZxu6S2GEJs9jK7jwOJ+LLwa8hMyCsVHnwYdxTAOz5yBjS3k2HTBj4mo2dQkEjzL2ATRyBGE3hcjD64Pkxt9PD7WaY9lWZbFlEedkORSpL331om6s6gdrQkkDZ0yi4wCbAuGEhl0BODSl5SYjqMzxhvM8SMWus8AG0RCOU7IwaSjGa7vYqhrYvVz/sE5xOZmjjIvHAspZ+WgM2BuxwEVnQKzc6yZvnAZrYa5xRgkIlDYxuYQHwAPltAUZWYFyetlv60K2CLiJSqYOKdlSWYegA7e7IZNDdiDiDJb2Eg/KJqfDvxNNdEI7ykeC3CnLD1rNomOKZEdl+KyoWG+VMhsCiw7MKbCtooEFir+fhCPrJIRM3Rf2Q5heFoqcsfuKaPNuQAoOedu4u40J32HzRBFW6PWyGh/gZJpa826noXxMwjQmLjLsrhUrwN/1EPm3VrKinKjTjuAcE4O1r65EgWXGWPypbrtw2HOmBaMYphzE1KL/iCI1DuhS5cKYcMgAsZTmIuataq/Uh62JdW3t9Neottuu+2222677bbbbvvbLdCKGVkw3nH3fteZ83f7gX9QDv5c+XCZfvYbn8vB31j/O/1O/x3pPfc7uwfxPr6Pv3Ssv7OcuRH/s/yf57mow/QeznQ9nasvjs/557GWeITnOuyve1F+3q8F33KBqGRXFKdSCyfyId7bAba5JP/tvTzqqypA5Q5eL71799DZCX6plnkoM5Af9GXzBYnw4Fuf5LJXuNBrCO2ySmd49ez/esVrvGylQ7Of7/oVFPrKMtcZ5b288UtY7kvUzB33ZdeRXvoE1UG886/p3f5hY5bHsU/PoWEtVlCFPR78qkF2HfJQgd0dqQDObm9dS8rJgfAhhEIshkvXcphwIcIUrswRjyEPeu5aRTpPa8sYCrQP9jkbWZWMeTNRIiREVNYMOZltFSQkD5EHCo1izCUiiwCq1EhEbM+BVcmrGt5oUVVCbAKqIq25biFQaxZdcAwWZhUZzAANtG30FGEC37anKhZ+zIITqurYNjaA8Pl8bk/heOLW3iIWdawAhIZQDJEMkAVBk/aGdzhhsBQsZP4EAioAIICuaEmkCBbhUcnaygHCxCl9f4A9WERFQJN6NADDlU7LXFp75yUGXPzvsVSAiuQzNnAiSFFO0kIkciCtzPk2ynzvSAQubIQ8UQRqvRH13gMnfF/XZXVy4fvjsfRlab0tfVmWpS+9N8MUl97XRk0TdZm3g64Ci9gacetLsKzKGPVbQXAmGSkKIjEKagYyQxs+JEQdUAkAAskJxE8NsprjNR67OHEQHIDfN3uutAre/UHnLDm5gbEHAS25rBIOFwtLztuiKQEKSZZ07AyCdqWiahAdMyOg08sAvj2/W7hKReBtiMdhNOAcspcmcscRli+5gMzM4hKgxjt0DqDL825WpgX2kyDfTT1tBQ8lauBf3GfEH5Sg5DkemctX4KQS01rpzAncqrJw9ABnu/nQFc4RkysMYrMuLCJjbLHzQuOaPndmxYisf1PGJbVnbAigvSCBxlgARA/U14qwp42g3MyBEDH+WmsE0Ih6bw4Qok/nvXdD9GxcpK3r2vtCzfXe83XC9lXUHSEWJNXg9ggCmP2sLNoI4NAcqW+gAiSKDQ2Kvg+lbBajvCK5VgRi32mn56KjDtEjEBIcdBdiLQj0MkiD9uv+rfJy99htt91222233Xbbbbf9jZY+2PkZrpidjzc8r698ywixId1e56+PYfKq/ij/Of7tfvv7+D7+iePuf0NC+ceP9U6/0/+8dP1zyncK4W8vR8MjqJmGpbY/eV3nsGtJRwQHBsE9NnndimccEK8MdKcKCBNLuPTpIDrbQzXJSbPwLLkE0jPnF01Frys745SXkBg6FWdqXZ2IHXo4wP2xvuAOHpHFU1slO9AaLdXSVLW1GUWrqrNWdOfMKayJmb8GILy0Sz/bHi7dBY6qGZJgkccHVK92iVr4rj+EXJ7kNcJXaTncU3jswzAJIC/sy/RBz36dgk4dO1y/IOKz3seLuiBbYbKUNpkHEhDdHMjG4FBLMoQJUmXSWiuIX+56JmsotCHhCGFokzrYf+KwmoBe4Qtmd1LTzLQ7sgqUvuQAZUKnKioeTc8mF4rrUwMVJa++AIqHfgNs2agijIiNiIyMY/0neqf5oQUQyBlFpJ0iHGkjYpHWR/P4ZEzMRA2p9W21kGAG9zFzGxsAiKyLiIKOsTEL8/jevhF9ZxFCbNQQUUXGNuj5jOlBCnoyDPKIFp0g68RXOpvc6BiDyV3ngkTICi1b0SAGBeUAdhXJeXyQUfhARDKSa2aT6I8Z2y62eWgNHXeJiGfsVcO9NARLZ0cFtfCDKVUZrG4HCM2Lr0qiSEjANmBD+ZOIqJlOaWudVIfqttHz+f1b773/0o1Z2JfH4215LMvqaqRvb6ZG+ng8Httz6X0hagBOwzJCU9QPM1Zr730DdP5h7xgYHxXOFiAIowUeZHBVV0OriUiFBcR0SJ0GCRiq3wCBBeXilC0543KW6WD2iQDIfSNImUnjtxx6FTz0/Qih8ymOUhrTjXdxBG3YOQXOHqCCgAYFj1HB1FpBHSC04sc2WFhVQWCMbTCLMIAEtY+jgODqEQXXdoSOrtpuUWVldnFdQ0OZefDIymWvJCQRYR5GIcQyGUq0iOHMwfAzGA9UZTzZXhUQqb4zAFC0nooMn01RVDD2Q6HIANuFASLsD4eoU0MEFFUFB/Zovu0kUbrn5G0duzXrh/6srWc2AkLDHYOhB9h7MyQvtBaas2udbktJuCVE67+Rcw7cvlgyJa22996Xvixr762oOKCIwmTf7Xh4ImKjyQrfv/oFiE0IBEhISgzejkRkq43r0Pr+jllLJGxkgF8oTRN1gHhn1FxWnE1e6Mve03PqCTTRWzBUfXPJyWX0Bghvu+2222677bbbbvtHWXDwpo9tj19gyVkdrjM5/LcIu5d1LH7d3Uvw6/J/WM5X0r/qly6+5d9cDv6G697p/4+nd+dQwERByuedfqe/Sn91/NVy4OLXVyk/UT5clKyn/PppOXo+huty5vH+usfy66/m0grCubqUpynQUSiNJqvpjAKqskqIbFE6uC8Rr3TIveLwVXwq54qv+Ikqqe7Fr9Or+0kJv/kqFW87k8nSyZh4jIhUKbNXpZ0rlv7nSuh0gb4r+2LrHdCvQ62uKUrl1g5XOZIaM7bTAWALrPgAqh0QODilZ4UvQdnTjWtBRk6tUd+z6qg9MVavb8FRzIsmjTpYPU9l6rEN815rTYKWYZyMQOtAZ65Ke9xfYs+btA6zG4AHZD0INAC7hzJvHxGFJK9WoESgYENZDDNxYDPRGKBGDqJYn98D9lZU144IJkAIChI7AwgJVWx62Yh4MDZpbWmt82C2UFiIosI8ns+nFWLNvm3b4MFjNGqtLyqKhL01ABTmsY3en4YT2Y0aY0pkWLiymDeMruRwzZRPZCZqRI15JKjjIA76tOs8V5AR64zjSequ8sSeJjUzpwiY+Lg1KAQ068gTgCEQVvXEoMS4Zhrd+9RDM2psWQ/U4AdEsRCVhkoqKSowgGF33uN8wrdkFGHibnfD3Ih5bMPghdba8usvy7K03qm3dV0fbx6w8P3xZgQp0x41jNCEEk03VMDnyd77uq6kU/DQARtjZSVYA0A+nBVACNCxmpaARAuVljmAIJpJJRcsKJz8aXUgQDAIp2hmPKeJCMrhXBHZKfTmcd3kIS70OTl5KpLxCzli+CVcZgw+tfJZntvTyK+iOozhp2qEP+YhwjpDEM7QgBrYHUsqg3IMIvQofRGP0HAgq9n+XSDXNd9zUDnKRBAcTAsgKSrKLIBq+5NUmYeEqC8qiHd1TSBQbatBIqA+ixJapFObJIEaRacnJz8jKEgvAfACnaL6FedrTL7MuKpn9DMiwx0D8gMMJK9jBuwjjxtoKJ3mSwzi0tdmUC640qY9nWVdWhAEs4e31pZlCYVPbK0poCggzrcsDBH4uAJlnL863gNFtTZyCJxij4klRm/EuvpkLGpCQkKb4JiVKEj/+ze9ZP6lH2Hyaa3P4uGFwTt+vnDkS9FP7v657bbbbrvttttuu+22P9dOnlUocY1qOn7uN47SDiXoVWmX5f9z/PB3+p3+J6b3gsnfn/fnX/epX8ppOy9+omT4vXXTMiLm8Q9r++K6etrVYt4lW8E83I8xujJsDvMFgW8CM0a+wpl+gfFYrENMF9KZJqf7YnHvQvqSVS/VrsB4cofK/xAAO9zvV9xVO12+EzpYM1RX2td3zR/QqfOFzvUJ2bvP7OABP8OTB4T4fMuXrZolWAi0w69Y7JNbgMDNamXOEOyXnYm6HyJexjlRg9JQ2qFet15Oo49bMXkJLXU/lz4HgA3Dw02VaHOB8M3rKrrmZN4AAk4hi10/ca95xuXKAoN15R5n9SUZoYYVTIDQaH0kZFeJ2GY+rCPIlzCKj3YiKnFGDQc7y+1SwCizqsIoCqCtEE/sykQNkQaxioDCIiuziLC6VDIPHtSXxBwRoT+fY2xjDGy9r5uJmCIRuurgGMtTnfAYRElh5cEiqhxSq/Yen5jKGDyEhXm0xq115sHs8J5OMqqqKrMjPC1e71WEmdEiOxJNELHg6K7WGI2PgsIqBhUrenUFxB+rMeEoa2mXR3PSIyrW/hqEOPDHUtlyiJqyioED+RxiEQtjOkUBASAHEVW0KSEpKCITN2mU6P+z9d67Mf1a731Z1mVZ1/Xt8Rah1tZlWQydcYIgNQAUB5yw9+Wxrg7nUK5NjZrzsUJSESk5gSqI2Cx2WwsGFraMEAeFialGbEqAAkDnyhSQ71QLDdKlMy9rOL8KJxotuaSIA32uGhptnngdIGrV/SwR/DSwOuPwZRy+BP8OZ00h3KgWM4vwoU6mrCkBdQ5JSA8NLM8J1sPdATGzDyAfYzb0QopVNYin3ovLupw4kSF/YtKqgkImvwvKnHspDCC0dxNTtQyUW5X8GfvmCWrUqVnYAgSEZjiwh9NQD5phWa37YNDsfCNUdqEWPStBaEMHe3fIrxEoaCqGOijYW+/NY7W21qhZhze+dF2clr7apQGEqIUaqvSlZ9xAq4sdZLhB28gFHgExw/upKTZb/eP1MHd25HIA+R4wOelWAtSpAee0FatSvkFBjBqjGuYbHQSpmIJBmPtY6pou2ckQ6uq/e2X1II4OqX6iHHDbbbfddtttt912221/vb1iEOKXfq1eyfka/Gl+2OMjh7POKYdzf5h+WebPlvDFz99fwv35/9xn1x/5sm+77cp+b7f5csf7PNvFr6eSz3n0deYLKOKYEwGucItS1EUJ+WvzkDO+ddx8PoRBxdDpOK2khx3ry2qxx3sgEt3FFL+YpyvO1bOPCBFwhvB5Cfx8ERayKxLWFMyDC8XIF9d6hY0dOFiXxZ5hwrrlv2Jvl3f9Cpus0OAlIzMfh1Unfzo3ncjFkz23zGULlKscocrZDvumOPAFP7/BY1F7gPBneZMVrtOC0iVwHrShbIFILujguduUaNQY+RNoyJ0wh8YEANBACoJdumvDQM0iaxnRCiXSZGjOqcXQqxihx98ki7yWddvVPTy96hih7DsVgnF00Gk//gB4PoLWWuAQAKSo7sDGGQpLIbhElTfj3UDEsEMbIcyEe0lbuy6RgofuYpfNDJaSFSXCjQe1nkwXREBqNBZipr4KD2dSipizXIS3dSsgiaiqitGohsVNs4o0NF4ij8GDn8MgQh6GFjIPI1clupYYjEGYAmqyoqDO0kpyUgKE1djjLyIgiEhjHjhYxMMG2EYOtO6DasEQEJAIACSazZFgQgRKLlcBu0BB7Ob2A21Wo5LCyYVHDTxGVFJRC2loD0vQwpIhYZPeKKZ7g1SxkFON+beua2uttb6u6+PxMCyktUa9tdYb9dRHNRSRfKmCgGd6a90RHUTjbVEg6KCCCI2oNUqIJelZFfTS3TCDnGLqI8nGCdRL8mdH4zxC4O5R4p6AWLG6c3pF+A4AYWUQJu3PCrFzTSl0R21MjLnMV8aInXOjOvXXNjikzrCT1XQ3UVhFGqGooIIC7lmPXLtQ7CqQWqaJiJqQr6FZqg4sAgkBWS8uU5+gyYMCEHlITYyAqJYCqohErS2tAaGGUGonQiPkKQwRBDVscFnW1poJZlJrBjKTfTWx3N59d1TQ+AylM8DPwGYAbY2o1SyUOzyc/EfNgMDERc1a6yaoW2dCEW69hWBua42APCi0I+vO+DOiH1nJh0FaxRvKqgGgu7cXthiQZYaPHu7vJDUgZd3PYVMAKCAqkL8cWsdIqHX3ZrjfLkZkM0+EODxvh0r+rmW97bbbbrvttttuu+22f5ilE7Xswb/Yjn+9Q79s3N9nqN9+vLn/E3tx8u8q87bb/kbLGISVVmh2phve6Xf6PyA9UIDL/Oqkvd9cfoJnuzWjwhxfuC6UwiGC3fqvnUjEBMocsXPlLHfwXQA51XmEEcbpjMrEvnZMp2RihAd8qDqSYjP6BLF+6Cx6hTBlfUQsCOIx5+/RsLrUXD34vNKlewg0WDyDMsbIrwfw6RXw9rlVj3amHTJcwm+Hh1KLOqTXRjgDroeauNPwBZb5Cow8VI+Nx/SC2niGpQ/H5ocOsFLLj9VXnkYFJgi8AXaNdu45E07DiztVuY6j+cN3tcKzmPSO7BjqMbqcEGbYe1ZNVWlG9CJX9zMm0OkpGCSgIBEZcDdINf3BcZ4hmsZr6b0/n092Dp0aoBhUGKMOHgusl0jpXXNGn3ujcenMZd5aM76U5WFmFmZVHZz7GtAiLooo4mKsFObeuwYnb4wB0SP6MphZVVBdFNKIgiJDcqJD0x5lEek8xliHR1hj3oYhhC7DeKaSmWip8nMMJEAFZWEZjlkQgpLIqOB3okR++ypjjHhAuwnRgaVkHxr5BkjJe4RNsL7IAAAgAElEQVSBaoIkJLtLaESzA0RqmW44x3kCURVF0sAk93NCg2aYEIUo5WjaEJsNByIScbxEyxz47ds3K6f3/ni8GQQIANhoWZZ1WZflkT3BGFx2rkkvJmxjWBA5t1ADjxZ0phc1JKuG44q95/Q7MULDsUv7ywS9Z3ed+FwAwmebEEshGOZiYeAfH0REAxKuXNI5UcuslTWRlZCza71uDqIMHDvXwQIQ2pQMOmVpJ2MsoFOr0ZxtRBmYZRwYz6no61eJzhxfvRrGvQOViAqMFgYTDE5DVISG5H85iwpCSxKeOPHXgGoDkg1JSrx5blUJrmAVTA7ojZAICDs67rf03mK/jgOEGUWwBcvQyX3QWuu9qckdGzN1/ooS3DxED2WYwQtLm09dcQMY7dFTmwEJiRz4tt5KRAAqqo4Z4kS4X23oKS9sAGXlUXDNVi3ZymRLZasK2EDL2gY8i6qKQAigookOGpG3xiqm/YQ/u/R+/q8VyG78Uy88t91222233Xbbbbfd9tdYRStwl3yUeMMLP236deNvod1Zl8e7K5by4dW5n10XL/3PX8Jf8EX6P9E/f6f/D0rv7u2EGRmuQN53+p3+Z6XDn1O++e736foz5cDMjwBaIyZ+Vs7Vda/vN4W70sHmUXkwM2HUIpcdk5ojWymo1dA+fqrusY0dPICKqciImCpbVjziDFVYZoqdnV3Y6eCrAoYumarOvjrT7M5QBOyxn6gwwhUmVIvKAylQUMXManp1p15ib5fHly6zHVx0cmdHhusWO99vdTheQoPnOpyb5dyw+BrjPLdDdbV7G54a+VDaJb9zb9FzK4hpfJV99YM7aO153WEun51XwN669n3WKTUaw6nepqjlFY6RVu4khtMkKNbYkwG3oIZYfYI+8z6nWzcmhBgjholQc2duIkNaA1zVchwpVM1zwwPu81pJ18AIwVjJAhoh9ygVTv0NVhVAqQUoQIhUyJ0KAESa8eEIWqc5grAhCpGKNmoqzK01UnsxNilDpOaijOzwGcAYm7JR6VS6sHAEYRPQ4BGqOOHJBfrUg7wxDx4cZY4RAKHjrx6eMGQoVS3Em/LCw6iKBr5YK5gv3S4U4JBDQb07hsnC9nR2jDcAA58IqVnH6qDgBZGiigK49CoSEBAUONkgUPV5eu6FVCeqKqJGxxN/WKIK4pK0HgbTZkfXl0VsAQ9TjiNQsOYlMnDLgG1lnpM2j7FtW6NmIqaA2Fpb+tKXhRIxAmjYQoOxGT7YWidCgkaE1IgAW6d4UBxhO41ei5hykC0IWAkB+kC00Q2iAeDtRr4iUlL3MORAE0p0ql9uQyignWMeAKAeRDDCTUZWsQfHMckY3h/R5kpNkzln+ezuYi6x6J0S9FB1bB8TVLaHIjG6cM6p/kPoi6pmLTH+evVRaZgic2Wh2ahxBCxwOyRAwLKOWFxORQ8L6Cf6PgJCRGxEwa0GIGjYqBEaSGisQd8lkCheYn8UNLY5IYf5liPH/AiNYtj60ntr1Gq2tBa1sv81avliFEXNwIVWfYUIcJlvQ3FZnIOlhTSDN6wCtK6USgshc5r6p94yYFPpTp+9LBgG98ZsHUNXa3xcG+QCijpXq1hpZ2MBiKCpgiNCxmqMotCHvyqAICABUSMwbd+yeImWQLmHlbjeQv0JEYrv4XDibbfddtttt9122223/b2m4V8t8dLw7Gv9ob+3/IVmG1UzD57yYynnfK1z/p/1Y+NP5r/T7/S/Lr2fY6Tdx/fxX3B83kTxhxzXr1/JbwyTkp4bTHb5zxtIPr1u2YEyB5/HU9TQibOoPe6m8rXPXaa1sOpIsrMy6Ey6xM6YVj2rVi4QqQRdHDVI4ADKhfOUM9z1ypIWmXX4pIQKH03M6QXydIlXnXkbr3C4w31d8vAuscPLrwf23lEZLG4iWYxf355/rkOFDz8HCHcnBtnlshnP2K1cUe5+iNEeoM2rUw4oOUzv+MyQuLgmmzBzH7HPvT8aoCxo8TRfdaCQ2JvswN0Y2bm5wVy0SeZILpnMWh8x3XjftGPxGQMpgc75TGc22lFOjphqTAnhyJ3sEB+3AVcD+BYDLxURtJW4m7tKOiaCzAwkCJTXneO0xd0RiIQOHgCJkIqIwAIs0piFmyQ4AsDUGjvry3cLqFJvmlqpoiLOfRQeoBmwzxGeFGqFDBDHRgFzcVEPQMgOBQ0eyqwQWp3M4uDNMMwlwrn5wEDAJK1VJln2N2YR2YJ2xiIp4Qg1XmDeDRcNTFEBCQwZXU/SKFZ2YE0torULUTyiAkYCzDO8+4BHehNxNFYcb/RidY4zFSURIkSa8FUAMgzCPAbG4pOUL0NKYkJoNBlbLcwkJ5uHGcTWGjoBjid1S2dMzUqKqpB/nXB4YnWQ+1dEBAjHGMJsXK4K2Z7XlAM66PNAkZP9ZFFT4Dr+E2tERFKqoxIRNZce69Ny3A5S5uqLxah+HeJyoCXIqH+1Yyog0G7zDxI4hkehbYsZjDBgNEQQx5wgtyDBZNoZDueDDSlJdK1hQogVxNtbff24nJzzXOsGJmlbgq1igf88/GCmW7cBf+GZ1wzYL3c+5CpJcUE0yXT0Gwvt9tkJSn7CoCV6szpvekZy3b2KZQBBBIqVKyj1h4U4lYNBy2wPCrXO2WIm8uwvYyYKqpj6r+hKpP6MNavn92I18Y0EuxUNZo85bvGJdojKXGwMu+2222677bbbbrvttr/TImJfcaPs8Ivyql5Oqj7QHx3vzsX9C/EVVvLy3Nd5DsfnMi+OM9vP+sN/VLf7+D7+7Lhr4uL35/35E5/6c/nhmKJfLeGqf8Jnv+5Khss8JcUcKy+vOI/1RXoe78vR+SvsSsjgRuQQIWIJUQWwoxNdet8qFnVAhhKkwQuvkDuti8dqV86ZDFcdqVcZ1CIqxTG4ewvTtwZnV+wrWlul6XwRlTwUW+89M5yh00pKO0Nx50LOB9Us8QDTJqel3gheLdD1ipfqna+Qzh/QE0sYwpetV9si4a/6ID8592to8f5i5U0IMwrj/g3MIr35GZKduoyFmTLfDmMkYtBGVCdD61TtBNrwsrUDMrnoHjZwUXa9rlBB0FAo+4HM44rOODQPfTlx4nYKdOi0/kwS5EhXtd1aFrJnhuxdxuBkryL6t0frQQWIUJViIgRNFKR0AFVyVMbRPiNuMQA0mYHcAg5RatQ4yHlq6BlTK1H3WEUy5JsBhEHuE390RH4lYYmgghErjgcLi7CwsQN5MCsPa7kIIGdXHgkDFn64wYNsUqQ6I8yJh4R0TuEYY2MeIlw7e5k8ZjjGjI9XA9opAGBzNWmb2V22cO4wsNNq/7OJw4RXCcswjP7gT1NUEURZHW6U1hSAfHNK0PWQKCd53U1lcS+BLu66tIA1gck/2jkYpLHUnDQlRqIWjSaT4qU7RG0/AHefPrIK4bvu/BCVwUNYMG9KVVULeoU5E2iVCs1urHOqT8v11gqw3zU0cr1KIVKa0/Ik0ZadEBXyvLivwj49r6oQHSOfsrPYjI6mCgBOo4Oc3wzBAgPHDNpSEEfKokEMbOuB/1oAwjqTTqqdwWNIiQ0mjDffNxA9xl/BBqm10zw6+Wj5NTZCYQLMFSC0W53PskzxjiuT0wyz1nM2M/LrbD4XF02o0GIpzjb3z3yCkYtClbRodNKcnx0TTHTQh0MUXvZ87AaRsYZVlfYr0WFDUqanhOxuw8p8h1UAm64R9u8ScafZ5sWbgKCKcrUUlmbRwBf3i/Ftt91222233Xbbbbf93WYeVFSYfzNPj2tw/NLtir4Z+OxVxpSDO35e53/5ua8DFmLj/Xl//g/47KHQowCoLkV4H9/Hf/Sx/qFl6h93XTik27z/W+sGL+tgKxsCiqnqIVDDKVAtGF4gwdweXuzsQatO/1fHNVHVFM4UFYNupentNIe2wQ+JPwan0P4TDN8fUTp/g7YSxEH0nf07V+nBRVujA17WXEr+6nidmMoLuDFPOfz6Cts7ONrOmNCrcy/Ti4P4AlU98/nSUVtvbf/IjnDgK2Tu4iwMr99l/RFd3DDV+Q6g4Ilz+bkd3N8IlXqxy5jpB2g5TjYug4RKbd7bRFbiJS7qG+J+5Zmp8ffshbFgQwTp3yUKBzAeKh/9tbjUrV4i6NS7iU5SIW0gItmZGtXQxN3QiXEzv8Q7LV60sCpIooN+NQf2HDmwcRjc3xQpDuvhec92yTo7rAVKiCB42UuS1icKQIhKPkcAiQgLuFKnIBKqzG5EStqcsiasxvkT0QkeiTDzGDzGhkqGoGIwpfz5IIgosiCxkIAIiKAKiipzdzqjgIIIs4dINN7ZEBajaTNvAVOqg7bWeA48eqC5McYYwwI6GnItLMqDOQFCf3Z279FHZIytRrAzEiEzc2MVNZFXMSlLlZgn1TGHOi3sAEi7MxURwMmxU+/NqKKKKslGRQAgBWJmRIHAv1WFEZERKBAKJ5EJqMUmrNwnhJLJ0ENAEGYVTmT9wFy3EGimb2lN0MqMHb38yLQ+TM6+/OBxjYhdFcDMKloBQgBAQgoen49OUwnNvxBjZtiH4AWjU4KKacOi794p2GJcKKHGIhGsUhG/L02MuyX7alnPNwBFRGqdWjOenKnvNmyEkPqXPkYCIDTK54TEHAf06I/dIgDuF9cgE/qX3roTRwMdpD1/zuQzj6zBuC6WR5YzdM41pjHrgQwNjMQj5ZD2bzu1g9nP8To0J2r097QGTVERNVmwFgQRQ+QW5pqAqezukyV4w3hz+VXQgcagKiqABvFydqtYeIpmgM7Qj+SznIIFPrTXqbkGAdARIz+/dVR00MjomDOjz0J1AB9WKp0EQfWY1dn9FI5rvR4vd9ttt91222233Xbbbf8IK9tB09ea+MV0y+D0wVZf7jzGF+kH3y8efbknrASOvmK48A9/7k++8Zf7+J973J1xBelnvY/v4z/hGI7p+tddFz/LA4e6wasy9UfXClzgB/cuEnwIoGBy7DlJE9+5tko1qwyhijOd0abJLttBNxco3tlTlMGZnKBAdIDr6gUN9Ki8igP+d4nb1TpbE51v2S5dT3ml3nlw41bOx2VNztv5L1vnkkGSGcoty/lZnOq4k388YISvLn2+x/ONXLbt4fQKXh7clF9hBx6e4BEdLETAQ23TD5ne2yP2maihIXFZclGTK/Hb9DB85t2F4/PSoR9e7CMQW47jEsVzKs6780kjSnMneT7BqM//Ye9NFyS5cSZBAB6lb/f933VnWumE7Q8cBA+PzCyVpOoZQt1RHgw67ythNACBPdSUcorNRdoWtfbsyhkVEQYJwiJnN0kHBgqNprxFvb9ECOhmSYeShHctEATi6m8zPkkQAkjKQiSD1UcF2HGwxlobxwa8qopcIu26xEA1U2qPEC9faU+yoYUVz2TrqSpxWKLUBsNuzd5nMwwPxiA0Hg8FRSiBPASm1z7uj/tu7Q6Lo6ratN1oZqFUp+ERQFG77z8sQmvNprwBha0pgKZ6K1rTpspQMUeNUCq8QI79IQe/WzFliIii1aXYIMd52oLcT2HhU5kbxFiN1ScjE7MSXX1yILlSfqMjcTTymWi7moOJqjwNV6t7AR18QUsXgEzcWrP4hjDVxTyuMvT5Ni1ldcjXiVDtiNbh3QdhgEE0pEBBFHRYN1dgD4yM1s2Lw0+mZZl+Pe1qzDCFEnfiMCNOhcMXKF2BdeAT05zLySWXrZ9g0MXXdbGx+wpA6ztUUADTRd9govO6LrEbERUNHuW6LmctBr2vInbM/JKrWgrtbgDHaL3W0/IlwmE/VxKI69XnKCLHFSZf6oWNDijscGhZHfzKhHDe86CkT5bU/TXvVYyrrnlozSEn4YtxNNsOjntR00Cdr79wDJtl+7SuT/5v7Dw8zOJp+V0yKAePvt0MxVomSPRLX/P7aNtu8Xl/5MiRI0eOHDly5MiR30PsL17uHIfKd4hv+Vc1T7rf7z6vulwew2mKw/t3v5XmeT7Pv9HzK/7ydvT7PJ/nv+UZcziTwBgPvzSvyuTb5js/0/s0iYi+WIZ4YQqnUMm4pzCE4iYUmEhFpOu1HnyoUXmxarJqhBWNm3ARV3KSO0GkKACF2nPObvyaIZPLvVqA0PVR6rRS8epIY9gbnKBI9pv+m6xr1apyeWvI7qnM1V7c2jjri5NBvKp3W38d1NMBblXToyOsOAB7E5lyi+dtC1lLW2M+VWqFOrZsy6+wZN7QYkILuc23puz8n4rJ2f+5RuvzcE5wO/gRQ5xobsZ1ajy1belUcgqGoQgJQIQPMENVxmJkNUHkPJJdJWZJh9emmg6OY6SUCeT8jZhpozPigAqFawBnR0UwBxmHyb11WyQwGdGZiZWJ1dBEq5gq9ckPQASq7h/O0UHPz9x0sYQ3R3IcU0RULrn0MlDNGF289IOn2SDaVJVAQAuQTImIoIBqU4Iapomwd0oERVN1V4XUoYjA8hJyvNt932bK0v9rd2s3VMnRRC0lSquqrZgnbap3FKy1RmYT9aO1j48PN3iqqnpVSCyRmz4TFUbmhhh8KUAwu+3vD1ByIgsvln1olkWmLi9Ew9RWCWKfccMMKQGFI9DYhmKvihFHsV+QQYDBI0eCjTlXfRp6WyuA4L+RB9Ow+eTYnlYj9WrZEEcMbW3a2m5FjHaMBSWsAUf9p0W6+3LLfqDg2PX5C0JAo5Je8Vj6fHTmXn/weSdsBkLBJCTkbW1QXpi1tFZmErpIYJxAvohJLLsXv67L0L5X3UwCrnO623Vdr9clcklB49xKZ0E64/2ALiVcDYabwNWl8SXXg7fBDsUl9lmWsm5ulOKnoEBywqU+K4eFzeMbf5BYyN0094njS6TFkcw3jhc8PIC0HkD8TBaDNW8dWVtk2sYg9EvJcaNlOpn4dMvxK8xh/5P9mpTTLUEJD/blN73ZxtrOgThnTae7XfMOMlPP+5EyAVdM6GAu/7td76CDR44cOXLkyJEjR34vCf0qFR3vil8QU9Xfbp75IXx8LrzAx7zmZ97rkN/ojb+S5sFozvO/8/zyW7vn83z+rZ+0Cf/5sbdLLT/x5ZjEKGqp/a+ZAh7CyyftazSlwOJW5kIfNIA09Rb8Dsqa9HEV56iYzRYmTCSm0Joq7pWQ27IxL3nVX1caH8b4wS8J5XFVJhZCDIqG+H0BnlCr9dctRDo1zhORbhIaNa31lR2IOBeplkS1q2sndPBNvT5tkwlD3eKX+foKeVZ0YUXg1rJNw2yAbHfoYPLqSvxUxDt4EGc3PxJxotZv8bxdXhMYObfV2u9jNWNpmOvSI8L1szt80fEwV/kaiEMB/qUiOBghveSdlSTCNIwxQgU84qZASYB4KnyHXcuv3ualKai+74HGErZbAzCOYDONNnbcUPOfZQY2qfuTkwADh0HIRETXQDo0wK8rtvuAUUAFrE2Duonu7hAEJVU166NMZPQ9g3OYiIKDqGYnVQpc4m4NiQiGCertuN/dWrvTv2AQx8i8SRLgiGAzB4z33e52G9cwk3Xi4K3tzz//bNo0sswFxPA+SpYkAFUam8T4j9YKOV1JKNIhItZcw7tLwUD1iudFiy4iDGVlZm5QQ5EonMYaFmnojA8SGyy5NiDzMuRPku3ty1oODi+RGkybc0DTSiez7iZgHyTMRNTMPGxYhzTLj4bBVuOf02jM5LrXwGFq92fvDmPGMgw6ITM/afNIA2snsMjlNnvdE6OwXCIQN2jpTiADBmMxdE3AdJmnu4uv7vdPbI6REDNffNFlmJeQ4GJzIMovfonQJZfIxdKd3aYzP6vL6/UydK96+LuuS+Syk0cFCOuab8w5ji8JXXa0CpiwwbpfWG3WC0Pr1aJ8GM4nM0DY787Y2pHjj3zC5LoyH3VixrObOqAAQuHcbyZvgVi3JRZk5hUVJoRDkQgttyqIxlXXEjFvg4BfexFi9+kqMfx9HMf49HB0zyeRvkPtYcbIPXoyimvPjsIWbDQa0iBJSkB0whG3TEGezyxHjhw5cuTIkSNHjvzLYhpUHlmDk8bVf/UQpk+epxR4rwd++pUGPTDvddrfTPMn45zP8/nrP90HIYq93fN5Pn/9J/6l1PYxKYg32zjlV+rhrtxZwvOT8u7Krgyp8Lmui+02fdw+N2ZEV2IGRliVfakFM2tgE8ixRluVcakiNAX6dgOe0nwCxjLymjUFl2nSEtakxi1/E/iEA21JhGm2bked6cUrGMy+gk9FfWIKTu02tU+Hhxbo0WJNMOSU+wQ9bntqet5WYf36FeTvjYa3pll7ZNHyP8Zf6pU3pCgAs8SgrkTL8Vkhl5KAJsXoQ6O9wWhraaeZVXtl6V8QuRcsIDMyVTUnKFhgewp8tBZsQB6r/7NhSGBQANc2FdcfF0Q8DAFaanVe6OhMEe7CyvE0VQ3A0uJem55VIOzsiQOGLCwQ4DJQ3MXKJyJpfFJVzdhphSVU0VSZIJc531soy44egaHhEExVG5oG44kSHwQ0wEdDfZ1AGKhEs6IBrTXzSNgM6ovmNoCBAGqtqWOEBiXerbUAHFtr98dHa+1u2hr0uq43ACHShaH7KtQa7Yfqrdq04W51WUgwxtpSnUepDoUVdBCqTNxZfkH+jLTcdaRTtJYVvmkLzmdfVA3PrG4IabozEbx4YfMlqXUJckC07BrT0pG+3JhZS0mJyHC1Dimrttb2E3YeK/MSPSwFYrX3uZq+Fpn5dV2s5Hxex8/c2ye/FQPVDLdj5ktecsl1yWVIXwECWcwM5+XAFpEKLnpdF18il/xgttnpwKM1uzkLLJsgJcmvgn+v1w8aAcK6BSwOAaOScTvBZEh3uu0SD0/GBzatXdy+TucGO1oxO0MzlkrOUU1EJEOCFSWlDtiF/VCCm23ohGomtlcGgDBXvl5fL2ExVBpVit2FhiMHxG+TODMwzD4HdG8OcLf3UfoJMjeWOCKUQwvVeVQLHc2YcCGXTRCEIS8K3LMeh5h5M2eOHDly5MiRI0eOHPl3hft/bh1u0biOOtjts1CPTw9xGAzmqumVjSaZJg0w0xrnE4Tlc/zlYDTn89/6fCXj6nyez7/xk/6l1L4S800cevh1Fx7Xw/fpU4S8fvxwdbYbxVMBiCDpD6o8TLf1Qz84Ix8DISBvunemUVe8PwFCzt0h9/3W7+eEUbjANRCmvVIFh85qdM0sqvJwm+8DbWuQirtsgag1l9piKzHlia0yvV4oUJvCbNptowOd0cEJQ6o/fSWvpy57ij8ggjuQc4IuubJ/ImTNfYU8H1vGR36kBXTV56CJZE7bltR9UCdnaAPaLRV/wJ59QgyFYkmK0bbfS0bIVjCKR1cJvzUZajPDIPgwNzGm3MvYseRNj0dECUOpEsChhWsZY1kWLjyS1PEzYi6woZc+GyOQMwHjNsMjcaxqYDa2C0KBnhih4W0MZ+cYZccdGLLZhwQBpAQVVjVvhR1H5BgolUBJSoDeqmLMum5RE7W6ZrnTAMLwbmfuA1uYjgyLyoCiWTnN4qW/DbgNVjc3SogUmnkWDL90FXprrRlvUFWb3q3d2sJNYrvvdn983O2+73bf7b6u1623zfFgCmYtojDOlHQHhq05rGkUutaadoCQo+TuLtFaq6kanGZjQGHBcXnCmUoYJxIo0+JwDUiEoG0FWZNY2EiH1u7m8jE3KdWWmBq6fUOGW5g14JgUYGuE1jRgzr5KcywTblPUQUl1VIQQTg0nfvMIMJU1fwKwFlSrE8MsJ+nTIZAzEuIfctm6JSxyyeXgXv+v42rFy6C4y76AA4UveV2v67oSYvQivK4fvkmzWwclv4Qk5lbwdf2IYc+xvEj4F5Tc6RI7rD0sIsxXThuJyG61ldMhoC8cIl70vKkRnjsNnCQOShoRS/EQG9hlWRK5rPd5b6IDk5wrHGe1LR1LVMSttiKMcsYVh44Uch05Pa88pliENCfayYhlKXbkzkDDspza4sFhoHPOJwszSFIPA4fzxY/TmvZ8CqnT0RfmVH/0ezJs7R4uDjsMSDmeKeZvt/jql8/ypkk3XV8tWfs9mk/PGEeOHDly5MiRI0eO/AsCAvt/odqadbP+a6gl1mca4tPD89c+R30v7WPy23Te/7rW6Hyez3/u81X+IE28+jyf51/9jF+aJn5pvm/iUH+unxR7SY1PYdLpKR1T7Lz++GHaLaZw0USu+nXiIA0Ofyr4l9a/tvBbBKYeiKmTgjplqjIPPGa1PjrcOScyq49FCds1qEl1it0bD3DRGzhwi5yt1K61zG+oddk4K5Fu++5EhvuKrG4Cp9+3lV2JbsmGSVVv5Rh9qrbrDLBCu0lVZc+0fDoeNbXA2JFbUHAqyadthVIEDJnXRMqnD9nABjFkEWGR4I4fOVgNdbW3ZJwyNTArT8caOahkGEuyr4ipW3h7RAeZGcZ1Y902UgG6Zgh5i99bl6ZJTbAZ44SM2GfnjiRAWDguhDL4zSglJ2OKQn/tbSaO7qQlcogR6BxmssJolBwgLTcEiIOaQ4UOxwQBK6uyJH+lzoVad0PL2CE8VFukVgNbkIz/ByhDL7mECdB2N1zNFlDVrtd3sNKJZ5oAtl1qABTu41AVyXXURK/gmTKR3rcBhDeBDCA0NmFAi/f9YTTEj4/748d//rzbh6F9ljIUzhkntSUziHKqbuDUQUJiVmhTDYDQe9N+tVhEUKKm2tqdoxkg1QZBorUOC9mYifsWiFFFQSXkMiGyf7i6s2SvA7NAHPVkIkDMDm2wsi4mVjIrozYbNAmIdWw7wlwN74ad4e6n1YhggNNC4911lxxmcvlpIsqVyHCbmlefTUboY2Ih/hHGRNMyaG7ECfelQ8GYBH6JxwprlkQv+++SSy6SsHbLdMnLhqeDjLaAkDJ5Ctf1ytVuQB9LSWxF6sWI5dwx8rG53EmmuTG8pN6qkUQHxfhkMB+EcTshKWpE1QBmum3kPBn1aNCevi+7TCx1WY4ujWs1nIBk3DXqcFgmVbaRvkNFKgkGBmKIGE/9OMaHcyMAACAASURBVJQ2Q81LakdEnbXY0c9cAjK/sub2nToB/MLU6/B3jOmACb0p4t2yofV7Hb5y+cYoHEZ7+15WShgXgXo3JORPswyk+bENjxw5cuTIkSNHjhz5fcT+mKONLpfqM6/h/mdR6Gn7u1TepTGdqu/9XD9MhUH4XLY1nc/xl4PRnOd/6/lFSO1tV4ae5/P8i5/xS9PEd+LjkzhUtPbv88LbMkQQerq7+K8fLwuQUFiD3PuUbQTuFKioP21/CLWgJ1hhMMssb9knShQ6tgGvWhGIiWC2tbhY9aqpaV3JWLPdqlGqkvYNvvYei5pAtS3ciCK1amteYXIw8goF+mPhljZ8SJaYB89MKzyZpvIqVmSwRPXo9BXl3QT3rgWeQtLM7Huw9j06uK34+tN7tmhX434GpuYL2XQ7GBjdamJRTJeUzZkTOi92LBWKtcaKceavT6OoekQTEcWE0m5emZIdKLNZKtNqAwxDXEAEhc7e13pFxHXa6LXrcDtQ9Mlrm9usjosFiOZ15qJNIjZmGTMbmJa+S/PygLWr49aqqnoRgViMQUhcAcJad//KUKYLLEYpU79IYbYqgwBJfNnypkS4WIQJpCQCtW/MDckd8541vJF0UvyrAYTaUU0bA2ZUVKK1mADC66PdH3drHyKiSSc0K6OqTW+90drd2sfHx/3n//zno33YHA+4VMlvYTSYAz/z6afQ1u720e5mNk7h5kOLb0JVVb1vdbumICI0aFO09oG40xgYZwMpo+O0StEOtOl9nhcDBK+44hCBI/oYy+hEBDQYFCrONht8jo4gSxr8TNKTM9OYlNgxOWa55LJfVFVKVzpCFry9mCsdqepok/PgKnXPkzGumqQ/P2bL2mIK8UWc6GAFCK/rev2wkMvMe8bVpeKBUEgY4U6PLZvrcneEXoYw7cjM1+VGTL254ilMQg6AaNmIbXhmPa5hlcrrAoEp+thmD3GwMK8fiQS9zzs1XRQulzSc0+wQ7Ehe7MOIE1kPD81l9wSc1U3V83K5bUAIUC1RwsTtbAGJfCO0A31MRKQkbgYhkEApM9+JfZm7bf7EvQDm+Y9Iya99kN805gT+JKrSsUzxxVZJC1aZ8ypPL9FBHIfGPARS8mUDJ/c2J9J+EyUOYD6Wi+n4mHnTDrT3LrzZCI4cOXLkyJEjR44c+fcFoLi6OOl1OU7B4P5bCV/1tHlq7ulQxrFLq3G6ftYtxwVbV8nudcibMpRn/lSPzV+Ic57P89/x/OqKRepjeVDlnPAT/n92uN/S+BXpg9IK11O4iKmsyEE8c13jVAoKPalFdXpCaJ4o3NmE6dCkKlmRTFuYRrminG4m1Kuaxd/AZgilY8J3WzabqZsnJhwNMnyd9GPMUikRNIGqRFpoBzWLRCVTQZwRVhIJxZvBByuFSyQm7GpOF/+n8i8vygqwVb1b0ej1ilc8NbOqFARVRw7WHNfWGBR8AU3NoOiuSEYc60ScXTWrSnOv9n2L+b2BV58w4/lXHsygpba0uuILNhJKOp6GqVV9DgjbtbEYBQgVrlnNRCAFyPaLWvC2eSYflvYwMVyZWWj2mWedEprtTRvOjcMllkFKDHZSz9o74UQq+jlwbhhZyBBrABKkLV9qbJBEWkxk6xPILFVm0xgvzUaUiLBNUhEWudAT6bckApURARRKYGWwE54stag1Z4NbF0McYfTyp1s+X6KMamoeBFk6cAG5rDAAgV6X1A40vC0geQ/y+UxKACuDtFMWiRpUm0I1SFsEVRHl6770DyFShWr70ZqmcVJterut0df95x/t/22tqYGC5CZGYePW6tgU2twRYWv3/XF/uP1Sc1tpLZK0QoW2G601RSPlu3201lSh+EO1s0VvvUHN2cJp2xTdE2TOowE97XaG+cp29XEVO4/EMmK0QRGz0QiARAQ8kN2z8Stz1th5Dn1T3IpBeuazPhYWJrnkZXhdLlwdhufrx+tHmoG1MSxBsVNCONRLp4K2slGAUGr+ANO1H7v/PUk6nMOBIiLhUFAccvzx40rGXiGxSZ+aRGZflJmEr16yzEgCnyICCTOCmpgtTOLuDoUHeDMXDAdenecvzHxF8Y0DbIZiHUFk5uu63AekgaByeauZ8dNsqdxoQA7FMpcdhmoJyvO8pUBs5JOb5CmgmK3xCRAGKJcQIVFYGLUpn5Cq/VUea3yu/RV39PIJv5Q1DVz75QgUK6PCBeZ2nNKvSUTGnXgYPRtXvphYDDj0OwdeAlaEg9Ty59Ww1PcGCiOqEa2cDBGnSNK0dRzoI0Bmj9XuNbBwjj27R5K7AUJvUTBUz9r6RQFhGXHMI0eOHDly5MiRI0d+A6loRehse0ioIDbhRSv7pXB75k34EJ+XkDfx+Tmdt+G0Dd/qmX8rvfoJ/+8Pf+UvYYG3f57wE/7LwumXpk/fiU9fiI/ndJZf/2K4K7ocIww9fvoWo1BYhXqyIAeDNbB+mz4YLkabIXHIIwxrxY2ZyCDho4SUIl9OtKDsQxsArGIhFSD8VMH0RBErGfZoE5+lKiIn+mDlkw1pPRRoj2ANoYMFsG2RauCEULI5/Bl8y2HNpBIXmTthrbowXKuyhU7XNOvDZBA1dbRv2ulbusKpPdcyfPp6rc70m7dwlvmBtjh0kJ+eGH24c2EWpia2DHbUGfiNyj6PDZneypxSRf4m5Q3FttOsSEiSRhwvc+1TJgYpc1JTTB1fkYx9Gzr9hVkJkgOSGBBVFSFVt14osh3JpSHZV1uGaalZpFJ7yVMYyDrGClKQcMCBYRo0AW8vrWpL3b4DYznLFAyScXEJRbl7RozESyursTONZUiAitkjBTl4YtRbueW6FMpgpEFS+H8GEDa0V/to9/80vbWpQt3YpgPSBKh1Mdqtqm7atOl9f7S7tbsFEu6AX3MYUMO4aGutfXzcrd0GDyYM6GifAZtk6XREsJgnbVOvaRKbisXpMgo7ergsDswk9dJGDiRzZ4dcJxPIN6gbJObOLjEjEbsHw0LC1yUv4Zebvowhel2X+7BkufhlRQ0gzdK4rktAZIy9vA7BrER0XX1frWNf+HIKXdLo2B0POsgnIlffZF4vow9Kzq8y6z1xT4/Tb684glk8CFbAjAM5TGIt05X73oAKevqXsMQUT3ytA4fxP7WVL2uLMOAq8uIkXJaUs88Jed5wZ4e512+3pGWL3+8jxfgzlRboMGEm0JUCQ455vSGrsjmo5PpS/jzvd0kMHzQS6nDBxPP3EiZOGGtJHzaUkCd1YuK7XTwTnM42WSvjZUbnpZ3tHW89APtc9eKsOxCyp3d2yfBmNzhy5MiRI0eOHDly5DeQwC7e6Hv5F+mZ8wT+GP8h5C/mu4bzL0rnhJ/w74a/CgbudnjD/i5O+An/ZeH4penjO/GfnvmhbFM6+DScOUxpkWs3p/jm7cnjU5jDdjOUXWsVt+PDE5SrWYMwsaoIu34uFV/Cjou4HjqmfVJ8+rfZXiLvcYkuVfH0pGx6o2t64qJtwydwbsXq1jj5rBN5Lla/wYTjk+Yy6rEtTNFCvq0mQlfXlZZ7CC1esX+KcbHvy8h+m7N7AvzWNvyWL8Ypl23ub+RNRnNnjV0wYqtl8hD3kTymF5+VF8i1J79S6C+igz8nM45bv1bsL8b0kGnZ40Ph21XHcx25Lz6ZV4I6btuQSN3YqLeRiBFn6fNBkgsNeQo2KTBOhcoq8wIbvw8CQvClC/iHIQuU2TV4tnMvtSQsfkkiVecBCm54z8G9S1G0izpmRm4IVEXESYbK3R5pSFNtrQGt6R/ablUjECpInR5k7C5SAlSbQYph/VTbfd+taWukaK0hdgp1nA+qet93u++P+/7zP/8x1NBIodrcayITKdD0bu1D0Spr0Lwj3vdttiWzOXLNlOIfDtC4pxiNZpCL0+wMTUVWi7s3OnZ+ITmBzhE5s5opjlyIklQ7zGyMLiKG2fV8yY+BBFi4iT7DIUTk3gCDzGcsPCtnhBORsTbpEjPmaSxYLVuvOD2QrsTugj/Y4cvAm5BeCacZFN+EiEQSEM3muZhZrovDT2Fe1wtk0rJz6jvTNc7dYf8XEXZLu3EM6ORwm6RGUr9yu0uCr+FLr9drhpE6iusjqcK+44Kx0rzLBOUSb7PlWcWpes9lthFQFzvEqYnnDJZFnqPsNOz+XPeDUgFK27OxRCVJ1lbIzDH3Dm+gWGvz4kHcwwhAEoRYdT7fVrrZz1KRevdoqF1Js3ocLHhjT7neqKir8Zz7l7a+I0eOHDly5MiRI0f+cfETfepdF70uZwynSPy0npnoC/Hf6I3XcN6Gf46/OEbzW+nzT/j/HeGvVLtVXtZ5Ps+//hlzeGhSvp8m3sUJvX+NT98t25fy2s6dp/gRDucNhu4aBKIkNDC7Vju9mhUVZOgAl4v+VDSQcGbKI0yTQNIG7SBaPfBtE5roffFgKZj9K36Kv5ZnhUbeA1ori26Ig+D/WcpPGftAWX6PF9fCRI7Zq59IEnHe2+QsgRn+pfT7uNpiHl/AX5+Q1/WtCf+buuwJnnzCz57A3acKbmUaDGM6xVrbQD5z/Te6Tjfb7ZM2fyrJtq227ifHl3h6ZYsRPpVl6cHufMvCNWiwyAKEnUafnwO+yMl1SuW/hMNCB8xUo5Efx1h9dtV/xysD28TQMgXqHQdzed63PPfOZeq+tbzlQcIcSKMFlNlYJktXwY8AISaaJqBN09giEbUb2TK2GSjQOl3PeIFNm6KZmUcWMc9tImR2Q29okPmgYUpUASXAMLza/onwfXx83Pf95//zPxpEQGMHJpfaSYftT0XYJg3iYAKEGFOufjSzYhIDtVh5TUqZUGn2AlnFPQNihuOCjn1dBWpiZYUDZQlHSQwVkUuuS16DwVLuVjpzzIvI67p+XK8AsN1nYA6TqJEC9msChIQY0g5NecdK2Bjl+77T9SCFyVCj71cOIi8Sqbkf0GK6002Mchj89AsQoIQ+y8w0LJmGUVqaOjhsmSkXZh6IlBkiw0oYVyr8xdLdnNPMeJi+rl59aZ248o/3hIat5JNFtSYuIgQe10agutZbcynmBBJjq4zOxNtyifDFIUeUF9FNdMZkz0zcCWF8iaypPoAIpOOxwF3AusvR7JSnbXq1wTC1udHfe6tEXr2x+kLKdXGbdqLNXmxpLFavjxw5cuTIkSNHjhz5lyX1tbzX2VJ57uGcGuBv6JnTVspDHJ7KULTZ38qL38fp9a7hn5TtPJ/nX/P8Wm6UHjnyW8msj/62vKW1fSnCX38rIjMxCRPi+j3sgnw3DSauf/cqF90fuRKrK9R68gVcFBBp4RAYVY4XamBVu09o3xbNelTT9xc7574qjt83zBapmqCONX56ItwWDCXyar6yE2V2kIxJ11nPdRz65aEdegvkqeWpNR5CRrt+ix62ujNcu7ICrqvCcQp/etg22vrwJsKk/K0Y0tcHRqaWFLFtvd5oq+fy4F3h/SvTam90i5rXCm6j1awXT5kyxf+Enrs0zqBJLyZGjRTCtElni9dO2IYBD0KEIJwkZGYkqsLW2zRIhvSbDXWhdKN8fXymo0WEn84AKDcL1LAWsUQs5EypI02CrI1ooTpZVkibQcNPctmrHS0TycWBmW8O7iBBYSZJzcUjghdFrd1uQJSUqfuRC2iuQZtqg4F1qupfwSBFgH+WTdgI/TB48OOjBZxo8Fc4KYQQBebXFHf6L7RPQwe71dECENal1atcEKvq/tM7ljhBwWnNYeaXvC65YDHFx1lY3WRmIsXFfF2FoSZ211LkuuS6rm6ZcxyfcZ3C8LDXdV1yZQGE2QDCiB+LKkCEzuojSuuUgZP5niC+zfIff/xhHDsbBgUgLMtyFKWsBu4yEFDiOiwdOEyAsPhTdLDQUo3pLby4Mq1wmhkMmPItY9jLWWeNvZhzgUiGFdJSKYgsj5muO+B2vSqvbi5e1MjVeCy7i8tpdZJ1j17XmekM0+HDWK36EHXinUH1w+UJTrsOBQgc9k10jHAoD808vL6U9ZbtxZsabUKa18DpRfciudQ6SJDDAenNOerIkSNHjhw5cuTIkd9ZxjvN2xhPb34z/Cu/fiXCJ5F/9hB+Du9H/hF5/UXw5ciRr8ovHGnfTerT+HOEiko+W918SjbUPnMM00SFBT+//w9UH0DCbn2u6ruTX+H6Tn8eS8yDMsp0hL6VoNglNB2oqckc1hsriO53ql/jJ6rehHjXIEkVKN7fHhG4rwOH28Cq2d9DUw/JWvx6p/4p922x6+81za6eq9DeUKoN/DZW01HF+MIV86iRJ0D0CdBdQaDtwxuYMx9r2NImvfkj2aGJJsxmgsp22T0W5klHvFZhGAlhpgFuczOGN+c9LASPsGD+n11LqK23RQe3Y36seF9hHrwwTimsHVdbNeMXZbXDAERpKXJvpS8pQ0xsFxa4dCXlUKxWRh1vffQfGRmuweTuNvMSnF/WQ/ycoARmNbdhn+ZGsPZ7EuBy5jKRsPR1sACEWaPOFfRuoDrY+PICu3s/VgioTH5mKLpxUe2fpsAnZrr0BYPVWJ1I5tm7S0Jtt4aXRVJVbV47ItVm2XcHg4BCzb7ofTe0druFUqMfOtBHgLamaIAq7nbfA0Jo7gyB+76NckcBKBqu2ZsFxNRtGE6T0DYK95knhuv0xY5ZXq/Xj+uF0u0cw8zHmkKYr9cldQQKzEpoOv9zjMieRjg7r5JYqjF+nL2XdENLGFCi8HzZB1uw5ZgI5B1HYW6UJUl+5oOTg0E4zMREy/pOzGm8MW0gk8FSwsJX9S4MQIiTQeh3esiTKZM+52/UP1G8ihJ207uURwsQKdQ37m6G1L0ik50CwkekpEnYAtZtTT0/3UTZAoQ2DerD9ApR2kfnrCy7NeFx4cLUKEx10+w2jhkk4cC2L0cMJ1GGl1aqy92wqpZxQsMO4SJ23YG6xeaxxUgu1D0STICfuLqt0vBAHIuxW2Lwm2TEJAyNWIj7G9Fy9ZhRFnmzLqsFHaeobppRYl+Ojxw5cuTIkSNHjhz5DaXq0lZt35PS5jGcN4l8+tbXIxw58l8ur+3kOs/n+b/keUC39nEwbATfzgvVrlS/Jz6GP8XfhDNLFMdMkKUVTNf0CQlYw/NOV9KtN/oLKlMgCte2u7a7b32dSgNC9e9V9F/lLao6s0AH87r9A2gamq8oUcUIVxxlixXVOO9xxCd0cOVK7iMDexOja4JTJXmOVj+rU5+FTtef7d/nLOaWqZrZR1j0M9Qte/k9OmhvT18jtU3bbsv/BBDWWjzmvSBtE9mi40BP6CCyqMx1UmbTucIXY5Uiwe+c/KZivB052ylAK9KWBi7y1SmFREeWRgDF0hO+TBO32XV3v4DA+wg9Vra85Si1H5cOLcZ981/AbZyPB/O6qPS1zqCBZXiDNGlPWfHJUav9evHA0UwfhFmYxMPsZy4/GV3Mm1HViIG1QQCwDCij+whEN8UJ0OWwVAV8nHNoBW36QlrvBFRbv6IBdSBV0RMmaNM/Wmva0NQAQrNxiqQZqrb7VjSiblW0GBp1l4cfH7eqGpPN2Yv+U/RVmTTjisE5k5LhV29dWLTXdb2uF9LbJXcsze7ICCDmJ9AwSGcQhnM4ESPZMgdrE52qN9gyrcDw6LXX8MHLDUnamOnrQ8UarcsSIGQyZ5zuztBN7ArJJXUJogAIp7oPi15CrBwmRoNiKOIjWagjhgkQEjtGVFp+cUgs7GYJygS3X83VowPARAJ2GN4gIxrcINeFJUFHInt1f69lYqtPdY8WQDlEII8ST6s65VSEUGCqT5KYH5cTXsVH86u1fgzcqCbcEWF5kXtT5CWsPPzsNuxCNhwBQl9yl72gHkfLrY1MnEtPRg04PFmj3v6wNhtvc3WglJltqczS+fKby6D1Tlbh3VHryJEjR44cOXLkyJF/Q/Kiajk2xy9fCu+KlPfxa170V+Lwl/L67vNXynaez/Nffn5R3uqlLqFBOeEn/NeF46fToTkc30xnEz/10s6veZdO/a2Hd5DsKX4J5/RYmEoxxwDJbV7ZRW4lsBDDyRAi3PfEBWt5gNY8F9MGFk+JoHSypQqakYyKOYXu6TFCLUC/vV6/jd8nNeLT85T+k0wg2VTIJ3hpssyZsTcZjFVY2xyYE3+iS46K1zWc1/quiNoWf3pDHNwWZlXvbiq+5PKVr2shJ4BwLdhmuJSUV/Noa+G3aOiWx7YnXD4MsRzMn9Z3G+HTmFN1Krq38Asf/RE6m8oV/HM/gsi92C0zay3GdjAgVqRpsgMwApRCcxZsWUS0wJErluAJEoPHaRtY2lprAEYUm2mF44Bx9lsq+rNLx85JeMZKO7OUuMOVFSFLm5z2ui+oBFZlVUG38ejWDa8Avxy4AsKIKKCsXFiIYJUEJHxDIOMWGutPAeCFZPsZNRAaS3zIfd/ATdDWPu7b/Q5qpRmifXw0ANfFIi/ArJsibPnaBjAgoMUnroNk1TDplZ79iOwnJ3ESpSVM4gFPE5AwSVyYsWgwqq8D0eZIj0UuZpaCPSU5MKy55kgOMDGGhIhcTplDmtyMjuXSrTFwACH3sGg+Drvx0oulGEQ1i6+8Ius5P+MZSSL0BDtAaG3NlJAnABUnzg3wZ/TLsovIMFM4GYtl8riDPV8w8q/W2Zh5n60+vTG5O52ek7m77HTraaX/uN3913hRlP0Voirb60clw82+S8XfKsWaM0SW3ngVwFuz3u4+cekrjxhzhBq+li5+M6S03yAbct62WAy63iblJcwBvbt2lTty5MiRI0eOHDly5F8VN8niB9lZ78o9qLxBeSOvmlJa4r/XJ/MmnD/TG5/wE/5fHv6iBKPnzxN+wn+TcPyb5TH56/EjXBWpeioa06LcoXAl06+zT+qb2dJXBIdKz0kqRMUoJNTpJaFdT/3UwNQJTzaWzAaXqvluWDU8xH+OxlS0n3MWppnn5CPOGSOcCfVgq/hW6xbvZXY9WlJ6IhEnVCzYRk2ESru+B4RWNIt7+l/C5xbLpV+FoH5OSuKbXN5UeVdBqr08Abe1UhMomM9vYK0p/ljK0FbbdEB6zOslRBmEGULGbOsEI/pKa39F2f2mFpZTTBZjW/kAy7Gaoz7ek9LCs54YXmsQl1Uoc+z3BQKE6+YJC3uGsmj+aeCZsJiFuwuXqkbhuebySa2JiTTHv+NMICgh7fl5Uho2Egcyk2X6BjnOnJBPFH9Z7PAKOGmMsjHixxg519DLCmVi96pHMZYAFhZ3QQgighKKs8bu1hSACKD2Z4fqC8YUdDuigfYxSaxPBGraWtOwNKoBFjpwaMOlkv9Ub2gDWtO73dqaMQjRtGlr2qBorTWArouZL8DQw0CMEFuXlyuNppoTvsvqYqzEXOLSnKfjRgEQUliv7UMMlE4iuRtyZBb2AWz0LmFyk7dpKNSpfQGz+US2gGA0cqDIagalxe/bgEnNImqZXLn2+7zztvcR0XmKQVR1hr5X2R0HxhYWO3hakx23k2JK3BGqq8w9uI9iHrEp4USvY30MgMvJmG5rFOUtnzVOTrUQIYkjBsVMc05hR8e5Z0HOoiyY3zTRKsS+xQinU0NC+57Jwr0u81cDmWPkYvGMYy1/8MxFqlOx49S9XjCunRd5JIXW3Ro0rHV+DYsd1C4rRb4sDhNSN3IdqcdSHS1aYNEw/2qwuthph30QgBJ2x1JM9m9BDuznvNSrDC8J866Zjhw5cuTIkSNHjhz5DSROtxt97BBOD+FP8Re9Lj2El5P0Lsd/RC/9b+V7wv8vC3/RqAc8n+fzv+CTfre8mNJuUyELbtMxB0amlQoNacfJUn8a9tTmS+VEA9RBNCTuEe0pmB/9UVVVq6stIkr925QUxusxK2tw0SnVdEBfAFcexVuy5x+w5btEk+lirbZGfFSCBcwy3dDfZkELffA9jrWig0Rp2e3xrTeI4NcRqamEb4q6y3Gf8pf7dA8MryUfxucDYW5N5FGtHOc2DsCtW3jcJTVwbHzAPbb8XMOFdfcm8qcSdMBPaXlfVuRWjLDyS3Lel/E5o2tzUuMrs/FPrmZ1E850CD4t2AU8Vq29WnQhgpDGshPDdfA4F/OugwUPzcgrGo1+rB5i5t2J+m6Zg66yryw6CgqYARjG8rQ7Fxy2E/sqoVyz67g1VFXN6RszA8a603Q06MgQVGL9F72uy90E1vJUCte42qtqg95GGWxNOyroVkkbgAR6rEg+8WN9E+rJ1rJJWMMMuuGMziJAFgnWII1N7LmGvc9cfjtAaIUQH69pxzRwcccibUALyyXCwqoGqTokCDgBMeAYZbocXOyjyAdheejLhQRS6JdLJIzWsroz4GrgNItN3T3gONLSaaIY9Ji2Us0gJINmsKbMnb6ek/sozAnB0ynD4SW3Z96vawQrMWfH5I534/OQzWXfvJets2kFCLcRaVwotleIetbjdYbaJj2Zzcwe1goqAN8e6eQomEHVvlBhTnteQSkhUqZiUHl8EXEfZd3ycnJxkSFOXlgKX6F+wizdF8ghb88DQ6DXVIfrR2+79ciRI0eOHDly5MiRf1lQjuDjJ6ftfjuA45P4j+Ff+bWW5yufn6b2rc9fm9r5PJ8Pny/a605jFJ7wE/6rwm1R++fzraj4Q/zqXPDvLk9cyic3NBYAoasViZnSxBxVDWNRbEXaM0vPWXWhXQqlNlIprarqhqu62ihu04/l3gKEq7O0ohbkGncCpbZYUVVLVdVY7YyJS/f0vLLQnuRtFSqva1TVwVfNqR61MKuS7Q308h6uW1tsCn9KcE32u+jgTxRp0jBuy7YWtbTtvtdWhenTsyvNx2wHjimSfzEai0ioFgPsG4Dho3xFo7ot/Pb11dCukXGjLNNM6a7D3nQcyj+1LuGRkdfwp1TSiSNKSdLAZrmAlOp4iunAvfx9Belt4lp5a3AMMEAASRvl9RQ4kUGn9nwc+XDKKAmyRmNTM9tNDaThzQh1dTxbMjmGKwhg63pZZQuyCoE0qBLAFhLhaAAAIABJREFUnCZJq4rf3KOKg2vmlI+VWVk0GeJmcDTLbF4KrWoKhTbgKgu/eyBszWyJtuwvBDUxGgykcAJTjIIwTaq5Y9bFbXCrFvUXFiFO+6fZucaKEhECOJjunpr0cRJolhoo6xy4IN2HfU57SRy0Nd4hs/BFDEDtQo4Tr6I9OZBf4VfcpxHfhVlKTaxA1LtHxNrZwE2PVjFsf9lojBK/55BLA6GOIA6QVdqSZGem2kDr82QwKewz2Ppbk3NfBzjwEmaJGkksdGWpmdbtFSCkyMQjJ5cx5r7RHTsBMS8ilNVgWuy2hgH2t2Y42Mns7Tes83H3IP9gRlJf7R+zX8xRiagBiyTTPM4/oHTlWDBIcwrdDwPlxyxgr20ctXrHBJ437VkdyY8Eo3njJFHeAUFsWGarZg8KI2HQ8WJEHZOZzXSTIC58fOfeyZEjR44cOXLkyJEj/5hMisZJv/qrwqn8lfFGr7uFTp7i/0KcRR7Cf1X6J/yEh7xAdvMdVPSGoT074Sf8KZx+Jh3M4fSldEqcTfpP4e/y3cTHczqoBJSuKkdBGx7iGy2glDMZTqb/LvU3EgGbHq9rnBzMG+/mz5fQIxVXGAfWEZqgMEtn+mHXno1sLeMAuSIxeBKAJsNgUjxV71NZqq595A0oslLuKoViuF8P2tVuo/23CKP6nrXcyt/GXxOfuS9DeXraRQdbiD5EafS13/LfycwPGCkFUwHWpqvV2VpnXauzzf0p5upNqld17IWpkJ8yS9Z8a5lXbGybzh4MSzraqKRWbRYmXXGPYjVyVpV2dKRHwdpl20o9SbbS1vfeG7Q1SoLCaqklsQF+1XKuifQ5Xla2quLPcATXcNDyxzSMM3nwd3nIJSqK8NnWtdGGjwS2wVR82lnwJeKGMpmon3uzQzt/cF2sJr+DE0C4smZrChLKfNetTzhNVEmYmFgdBinTxGz+iYCGewmayy5Rt1MIqgUzK5JObVPSpoZiRzkvx9pihveBxHCAMKx3MpFypyhycaOnqoJGFzMuYkDdfqhxCc1nIUgNIAVUW3VYidg4FArxNmGzJjrN336vRSQ/s0EMDf34+ADAwtfrxcxNG0DC/ON6Ac2sXkv3wEdNm5nuvF6v1pqSGiPQsEkWvq4LqqNbR5frVTFLBpQI4hdywKO9b0McDdNhkutilsvw2r6+6QZdFhKEaVMHNcuko4D/RETNF6hZcXTgpy+wHcLpreq2jnNDZc6jRJkbRfrlGCIjUw5pBl46LEFSTZhyzkfLYNj2EqDuXypqvGmcnCzIZcSfY7TECOMYqx03njYmuyIg3mY59RLnQ5Qm7dATFAo4PVNY2IHWOKrV40rd7LjYwmWz3kAKN3PLuTjtl+yy3vZ7AuYGNW9L1b7OOW+3xAZPqF36wWbhfdK4UG930nrVQrUFPtj50DXCG7XGkSNHjhw5cuTIkSP/mrgrjaqnpbSjstffzvG/pq/ubguf45uDhi/qz/k30duf8BP+jfCXawXR/+B2VStO+Al/E45fkg6+lM4UZ4qPX1SvL6VDQzjt4xPH3rVJ/xIx+2ISeJLFF6fMYPSDRV1HX9TxO3Qh9UQU+sHY4gqJxDS/hI06yVT/AK7rqomuGMmkl5/ZY4FgrHDXVOzEGmfV/Kiteo97Tbmg13xDHtrClivxbgvdTbIlNj19/UpJqlTI84uvfCvm+5Ykqq77HlObKrWkua/vCo5+pV6fwWnvIg9ZR/xsYUyvbACwn5cJuPpiyq4cd704U5ll60DdtEwCezu498vF6D/OoLXhef0aAeLoLqUlHfaj0D1znrynDmKm3UBS6grz7Qx6g0zXZp+14QVI3iY1wN6Eq6jgy/KChG46JFCpOfZ3S0GtHWeLFRoQZrrkWiBqSga5Zo5AdzyomoGttbXKEf0CFGjkBD6DYcAsopaGBqCruLJabIAiQCDVhsBP5brudDfYIcByV6AirFbUBGnUHQEKMbMKAUws1yV82ebE6O0vuIiJRVj4ktdFYBbmS/W2USeXkA6Zrp0eTcFEMJeD1inCHNAVm4lvA0INeuTim9AgJLsukJ7efETH9h4svmU4xU7KnAQ7CgC3jK5S/mn8c7hs3IKCc33DxSNzcby53c4KgLf+VAZqSekh+3XqbfeCPLRsF5uEeKcTQmmB4RpVIIM9ZQ42a4zJZNqRBONzyDFgwoTu59Z2n4t+Uze9jWouqqNsDyfWfPa9TtI1Zkq11ptDwpHGfqLbnKAwOmP21GzFi9ZUVQLE2cd+jYx9LpAq3gyzI0eOHDly5MiRI0f+Peln/r3edQ3/bnx7jtze6Y0p0v6KnvngLCf8vzD8+CA8n+fzn/lkMsVyqJZdMdVv5qfukFLy0n2Gm2rH00VG9KcBI9SggUAVZlbOg+qtc9dmoavNTaWVqtLKM6i5TF8nLWTnL3rZslb5rimsBzVpRPgSljaBDV2tVt/izsbAmFRVzb/x57el9D0Vpnzdp7Ot0Ra2/DSvr+OFX5EJanoq0pcxs00PblWcz51Ly8ipr21yKSGgaseOqwZ1T5aIwUNEl7/20LpfaYFV6f8c1XMapnSFBjjhiDX3LYocySQxhzKBYabY1Ix6J0/R2suWI0R0nnTKxdRhFoxiKlFv925ANM7SgBTCChtjqyD0OVXFuoqJCOkLMCLwtpEXZX00JsbZ7enQyOykYETFrxHdrE9mFtqx5AkSiHSJyMhHwSPsACERyJhtDOW6bsMNe1LuDi3WJ0MGramCdQkAItd2PgEKiKoCTFAlElaggYghEAgMRLCMFZxDnt2Cpt0jubIdGXoBisQtFERgEaj2UeLNB3MHaDa0WX54R19CzJdePrqYLxEDCElhRlQp7qnk8DeISERac+Tqui6w0rRtRJdz30RICYVBSMFIhUNPwmbQlNVnQh9L4iWsXLu+Q3IiTRU1r6x5xNwVTmYsghBcmivfjdQiozgWLIBQLwGiu+sOWqZ52VLLYpoT3n7q9bMMS7OOGdcyPy1sPeURH7SNnvrqNBxUkHHy6BJ9mZNm7OMFjMvOR/hO9mJIHqz6famsSp/pozGHujoRMTRnx+CZmYcPAJxAvp2+orZcz2oASkLgoFX7ImDs0fwLLa99xZdpA0M906CWiewaWIxMNcifwM5fZCJVYgXI7gLVDeLIkSNHjhw5cuTIkd9Jqq/B8dD69fBkd3z3rW/F+Upe5/N8/q6f4YMQ5/N8/raf7BqNfzTfzlz0UNDEehzifPkTUAKnis5U5KHBHJRjMx5gWvqqGvMH0ECTShKJatNuXFQbmrqHv1FdrpZW3fb6j0PiVR6ZTOHJqHJrdipFT5k3OskhuyfgamUwbPwLuo21bij1U+d/W3kiMG0jJ5rg9mYLurC+Mrbtrg++Vpivywr3rujg1wlbn5bkqfu2HNOv1I67m87nTGM6rWbZnoo9hADY9cVPNPsT9hz4XUxbQtpLrbcCMvZa5RzgCx+PYt0sawj6aKwgClPPzDTZHFrmFQAsxjoyj4cG6StnJFAepndy5mdq2vNcG20hFZX53g0/VrjEMkDPrr6elMfN6J6KNQ3OcbWRbk/U85QsLo/tgIuIlBTQSsgj6hS9BHEtHAXjdFeyidWNZFybu4ASGwapxFBlAl+jazNt5h9QIb0HACUx2qEmJRQgiGQLJgpS/FDWdgJIBb7JBQ9L5OqmpK2l3NYr0BmBwiTSYZQYwNVj33VdylpbKZs3qec2m66EvPrWJMwwQ6/iXDESjuWu4Mr2TfjKwQjKoR+WN8tIGDcdH8JMkqiitVPBP6fNnXLSUpLneJ5f01djRCc7M7LpzSIsWc6YDFFaduiVYimx1pJpDnDHtybK5lamCNPXHX1c53V3rGwgum9X794PfgthAlOX8w1iZkfVSgHselMYpq2bAerRCeU6RTl3qdqNrDD1ztJvnIAStSuwngqc5ussXjASvo8MSrOMDe7YXyw67NRleKHdiaKar0K03BRViYnUYcrHHe/IkSNHjhw5cuTIkd9AVs3qU3h6MQ8qRA+nTZzPUvvZz01q/CvTP5/n82/4fMXfo+fzfH73U/96Oukd8LNPQ+K2v34hBfq5ktD2mfbhvYTkyqCHkmgDiTKzcNx0z0vrn2gD35PGEuhxNVXTtErXWtPmDMKuB32LxJhuSlXD8BqZm6hJM5u27ybVXgV+tvDPm7psDWxWGHLLHdy65avPiyMfmiJ8S7Z0hqfEp1J91o8bS2JfL9inWOYbdHBq4ZmpUVDY98lOqNUEIX+FH1nQoHfxF5Q6+pk6dfW96nPbtj+Bg26bK58fiZKBM32hDJsiVSR3oMPG13Tt9h5c38HtXdW+VoSZ1ZXamyJ5apMOP9a4BJrWgTRA6Q5ZTP0LD007kOOALFUeLlNs23Hr3bAUOMHSUiruR37s7iiETp/Nm6yUn3q8mAdmXLmXqlhEZOaXXCAyC8zZqnnhI3nP4z2MdF0mFwPCqiyEdK1X56Cw0pbUq/2OSXlLou6Ykpqbl5kMwDN2YsG6cjQynLto1mU5aF8sLNdV+lqyl1tjY5vVbWiWKJGwgFXMumiaYQSJSHj5IyYDZnyaZCE9soVf5lkTQF/RfKce98FxAIPMpx0SPXK3FsBuWUh7AjnmKz9y2WimtSXRwdXiqzgS6CCfVyAasF8dKOMnDOEGOVE2W+06795s9xNBfzkqbJbNctmIVnRwghjfwJARaDfMOkJaSzdVx0A+YpD737RJbGdICmci9pa412eAfaxqrApmq0UyFyYyOm+sJiB3wgiFEqmZv2UCu41f5w37xQWBXxBhEMSARiaOqwMKWAq+6NmlL2/Ci9indDaOpUxRYKpj9ciRI0eOHDly5MiR30TAj7pcIfme/vlZJ+x5vU+Bv6nr/m78X/z5Rn9+Ps/n4+crCARhe/Q8n+d/8BlpDfqT+PQcB2u4kKCGE6WW5ykdbNLB9nkos731Ls6cr6oSQYS4CYmwMLpmjSh081QU067dSwVXv3yO1PC6QgmhC3WlUX7rKl2FppbclIBVMcTG+nCVm4Re34okyQ50pgETmxpOlVIVGAjfVl1YM9qrmBft8xvML5+rgm/VJ7rVLyIrmyyuiTIn/3f/c4210dXuKlUwKku4d2KiDDXmXOVvyU+8tYKF8UzhNGtV4Fa6J9fWoEELuc9l1QKv42RtjS0kOeLN3LkdBRtKFXwhflCZQ4/o43cb8+vxo0i9RG/glpKBWYLL9u941dRNFi4B6QxpEBlEN3fr8pDG9MxqKJcfAyPyoMps7LDBtjGcvzhAHbXuSXXKn2s/pro/Y1VZ1hzuxCgta8JIkUSh/U3mEc00pRWu3yksNjC1YD99dS4tmE7ntmNDrktEcvmurZQ9kGt6vViw4nMzkS6IfSBlZojf4ag8IYMIVBXjcmd9F1Vmv13J7k6P/WoZmR1ThV0fyX0p6/sSkSS9Iqxvep+Ro4fWgsZyy/FkAGE4gHfjAczMzftORLQlgxDFlrXbimQyA6JXgm2WuiMzXiZSSkyQO0TXu0opTXCiX1aIE4U4ts9Cdbvuw8yqNvZ7AQiHIWEvprnPCu9xrG9eTKndZXEwJphA7MwUr8NYotbRPQ6g+lnLgFtPDsV1a14uzBJ0nC0HQB/AxEHfj3EDGtsEwW2jdRkyy689+f4mxuUcXJZT6hRqEIjV2yb2AQxZ9WFugJ0qQEpMBBW+nMpHbis5/9onctvDqmY3HgEkE4hIlanfbjGzxAADLQI14ht6qGVdtL/loSBo82o39EYBkzMRmUgN51ZVa9rIVymGdlM1IDNxwYrx24Qiok9J+UeOHDly5MiRI0eO/MOy6G85/m54COdn3XL9HOPQPs0x/bE8qSB51GMfnOU8/xc+vzBh6ef5PH/1OW4l/LV0NJmIP5+XruHVxUt80pvy0CZ92j7TQ/gQx5wbzeHERKrNrIpiULOXW/AdIOxQCrt+auChuDI3KQ9dj0zhfTDUU/FP1zJT7KAFUWNmYgGxMy9YirqSOHw5uc68agqzXMxV3101129Ao/WnJyreRECsXyeCxYSXpIZ0m3jnUnwG83SOyIPefxcY2r0JDey6+e9d3f9yvu9+emKtVXJGbep+KIq4a8pbdPBNqSbPc/XHr7eJKf8rtEmDCpmm9s2ufkiK3jfmVrYcl7eJpK72m2rZfcMMKE9M6v5GLegmcE9O6oPV/ZyNof2FMa1cxxbaJqh4g3w3XGNsTQzCcXx2aHCtQo5VVNOQeZOg5lLZvSW1GjN1/3mNI9D+bcGyFq73X02q5l8TiR8k6lgR0+CzzZRrQ4Am1HBoaF/uVRUiYlciKkDY6yKSmNWEPsLQkAF74+5p0a6LqIpIYnAlMl9yOSPKF974tfaZgInNPmbsVoFdEYEob3IML4kIa3qmtPsftXGiauGRzv9KJA4w0sAwDmxzMGLZdzuEezyUIZmfl//F5xNgprxbeS5LqFMPmWi5m2LpSAz1yCIwQr9zE4cBmW7z5MCrhNrKG54LlplOC7k/JxrGlPA5b5y4Pt0smRaOlds3XQhwrrMx/EbPpk68U4o2H6/e1JWkQph9I9DpopWN36VdENAawRx+hsVbO6MFQmgNUhDStDCfrZKVMzPyAelNMD8lhum49bjE9US5ezIs9zUIfa4SkZGDzZp8Dmk7ctqc7TcCAFArZzTfg+Lw891jyJEjR44cOXLkyJEjf6+AwJBVf+vf3uqN/e1ZJ7zRJ5e8nvXS/BX9NnXdLz+Ev9V7Uxz8/5qOXf7Cu+f5/+rnV8cMz+f5/PYn/qm86LtvoZaNKENLHJlCaM4F2+cxZXta4jyEE+V1cgGDSAlSleAcBtmq+i85UqnD7MjiaGsrNUhpho5A4YNQjUlT1biLpt40oxzkBEklrEhq+kK3pcXtUUlw5fZ9CgfOgaPum0fdX7Wt1xttB3JM2smkP5rVvkkXmZX5Cjj0XQAp8xnBgq8CaX8lzqfo4KCuLW379OLcqrs0vyirjcevJjbiZKZojQcEOhVAOBKO2SJhcwtMmvcp/iO6/Fm0KpMO/V1Fv5Bgcj1LFcqMQLikyitCtcDRMr2N8ttufE7WgyvJbypw6scdeY91nAu4Pk3w3iaRAqZkCxLQazKhnpwM1/QtUGtVgO6CT2Ppx0wtFPEVm0yWktUKU0s6BCMO+2QXTi1FRKRKLHbdIplO6C4GCUDCe9Y4nSA40gozgv+kQK1X3AXxmytAh98K3jCmOZk7dnTR+cXEcl2ScBpI4w5KsN+I428yoo5rcBqtNnvXIgLSuNGSI0o43QQa6JVGZQXczASkVaHjmeS52n+eo1DaMr1ELJSjSwOKzr4lkSs8HoJIfSMnCZKhme2U7ORs9TpfrEQXB/CUC0wAhL1Nw01lDolAKInJzZBzAoTIMTasYxivtvR7R2PkGLFVyqUVnh5oXXae0OjtUlYPBk/mcOO6ktKyFAQfsTfMWhAfRLkGBI7WAbWyQrBfKbZnRO17m4BBBlT7Vy4TgGNbEcODk6cYGTP1GaCkHIsDxdDWjg/GokyBgjuuCPfZmYea2rxIY7BAVtBWg9aaE8dZzPBoEDgDKAUpVNEczyeoalQ2xuchER45cuTIkSNHjhz5naToVIdPegiPI7j9EfZl7fGcGm/0z085finNb2uzz+f5/Fc+X+GjPpDD8nnCT/gXwvUfyTdugnw5ncELYHAEl/jU06n3NbDGr+HF/yL15yF+YUaO4YWoQQqIAtLpPjPSUNW+ZZ9MXblrgqoKSUGt6d2atuYAYWv3fWtrCICQgoaSer2Fc8DMV0BBxtUwk3uJcSJRhypV9zcFbmNuQ3hUilWMZNUtViBwQh3mShXfTjP0+DVo8Iu44COWgzS0VvTDzzjc+5LMjKUFSdrS2rbPK0VpzS7b+algk6e0N+0wwW9v0U0q8EpXQ1tpAPdStlFk+/umOnd0opLHilp2DxY+F+nZoeBnw2PCWlbs/AlunPKtUG65Q8AFwe3a3g4NrpD50FgDJpjq6dL7VEGuPuPkqRYVqgwdOhMvdCu36ZHUQ4aqVu9kfVxV4lNCb66/T+yv06N5bDq/60BDTTyQGdMw8HYbQOVY94Z2YzLUbew1djJcNyW7vUgRq2rNm80Pn6KuD9OE7c1VlkrfAgJfZBGCAZBgIgENMQMKQZ1WtXPlQsm3ups1xK4y/IhIOrACA0aIVKj7IKRp90n0CCS55heL18I9smofwE2s5eRiWSm4Ce7F+OxdaRa9s3PjpggZXmKIilzuuY+IiJWYg6xolPq6BnI6d4x26mPbXNM5RK0R36vrxVPYD47jFrDOBxaiKj7G+tFGpjlYMUDEe3UHZCKj6XG3SkpNlYOUNsydQNmq08QV8xsAaSIqpM91F9vuR8H+BErTFV+e0QYPe9m6EKNUBABYejql2zivknhGYIJymkcgVYOvWYjV7ng5g1BLdzs70NE49zVIcZ5kYvYpowqFEsKToQ04EEjYhyQhInQ4cwAI++yrJWfO22AiIixEZHhhNokZ8VVV1XsY8MN+fXwQHjly5MiRI0eOHPm9BA/63vyzyP7u7Hpd7npj6vfyPtM/8xf0zPyFdB7j06RP/jv157TTe/+GOMIJ/x3D3QchJQo/fp7wE/57hNMcHkSUp3QQmF/5xBIfNd8llxKf4yb7u3Ku6a/hYX2UyBWU5k+GhFiIVUQ8tw2W46qi0BOpkQNJXdfjnvZAZl2utWbMCVVt993uNtnhVA02GAurirCYk0G5wGJObMKXkhFhxD0PykVqt+K1quS0E1+6TnlFDt7ghakWTI1Y6hknukxK6msTIdBys36ro6wJBj2jmw3ktXAzVDPXkXbaz8+F3ynkPsUIa9meIL0pwelh+8qICXH96Q06uKbwpq8/lSAp7VMGuik6QAuaU/gc1qtAYUVw+V/F6fPXTGFbfh7SjwdmWYihQ5M8vUjgTQ+bxzfOg92A+/riM3ZNlDMWJW8ozweKrFzC43lUruOeH6sw9EIlMZX+2uLBwSxzp2YBXpS3EC7xNjUq0ba8zzpaHUSxKoPScZ1Yq+UCHOToiR2ZOMqA0ITpQinDD4CSVyahkO79C2VIhE3mmtkWL+nkyHHqKYflzDQZrSC721WaveORGOAEK5JAgO4WbgUIe/xlEGvnFnEhU1mmEpxy9XeT+EYwMiEZitV5d9wtPDOJsJD4kFDbGZ3bZB0IUlJ1m6IiubmISGvNp9bzuuQkKveiON8s6SiXiIgwQ3Is9usLCGqpz45pnFdeXFk0eq9yIYq5TW72iQf7M9EHRy4jebQgH6/LUuwdXbpS4tAQFjKDGMfUyvTvA6Azb9kNjwPQPqocY3QKmtQRoDFKaZwUwyhJgq33NQdrzbh0dVj1aijaelOBKXw4jx2MAPiH/tidmTRGgAOEfSZGJeuRI6/wZEvaT2WN9zXLr0f1xdAzjKtTvXoFt6/sRgP14oYAFUJjApz91prm/A8LFFwqbQBhWN8VENrdVFufaMIgaLtba87dJWhril6iuhQfOXLkyJEjR44cOfI7yKrp3X32mI/6Yb81+Nf10l8L5yl8rstTOk+ff1c5T/gJH0OKD8LzeT5/5pM4dBm/VS60if9JiG1CYxz9Zjmf4mc4XSLCLJWIYGCfwAkWmqrSrsknmnCxruccP7U1aFO/sd6aNr3bR/u43cBVV6KZhTZh0ykxC0TALGDgIr2IRUBELARm9X8NIwQJCQSDjVNiYnVMrqN3k/quInxl609iTr347gpHBPSYkGFNQditsDEZk4L9hn5h0sT5wsgg6XmqqMQDYuS+Vma1aMAUvcvSONkUkfqvg4wB3ENmOpLrnfN5TigC59YbI4wxii61ZvymiLNWenz+HPZDVd2iqs37r+Q2BrvrqQqJmRZz6IsB1ymK/oqTdDU/9c/SJqHc9qIV0lR8BlukVJQ5wTz7pbJkuAwnTNkR8UjB4ZLCxv9iZtGz6lWYx0kUDNM4iUHKIJD4apgAljV3RPSFNZFJ6oOEoxpDITlshOa8COZPLKE5dIvtPjZvWOjhvWrcS9w98Y3NsYWlExiL6eQrS/azjY3yp0C6NKdgU1E5G5VjfLHmTGGlMIrKAgUHnat0CQ9QtN20KHaZZxhJ0G11ltYoM0sMmwGcpw+GsZoKSQoFsKCos6g45hOrbUbOGTLgZFFCTiuITMysUcRsu3QEVyzLenHEcFYRJgKMf1UQo4onRZv5nAEgfQz03oQ4QmV0xUjELF+PKN0MEMYVnOB1ZmRiMhPawc7kcHUZe40OzHhdF5Jc0ixYkQMkNjC2XZOi/WJcwQad7TXmHA4doqFcB/M6X3g/tPXHhzoyqyijOscujVxmJ/EywPvcq9BpksnQR4vnL54UnDunMYsp3Ev2MQZm5ey+uK8bDExy2ppSLyH1oUvJYkNp5r4Cex1V+2I3HiPqt47zURjZ7TAtiiFbZ5GWcZfd3A9YZlAWvUBZ5VgrY+46AhoF4eAYTmc39UtdWm4y1cGb6KOV11P25oeq9rVGtal6r/spBmja0PwOmdEHAVU0u2EQiCymhvu52zxHjhw5cuTIkSNHjvxN8jWd8Hd1xf+MBnvK8Z/JS/6RXM7n/7GfrwHlxnk+zz/xjH8kL3wrPjbx13IOcYqpuu+UzZXxXw2/Qm0swaygomtmZoWmtn2F0dLMVEEICSBVUgUU7W7tbkSkrbW7abs//vxPu2+7yt9aC9yFiS+5LrmERUhYBHIRg5nui/hFchHsFzArUQvNt0JdXUddtUogJaMkuOarmkDM8j/c+Ef/CVAiITHMr2gg0R0rRkxm1sAwTE1nbArz7UWkAzgoFhthXjVRAA7YIDorDySBt6AQ11yR2cEr5lGzZpXZoRpbBdwmcAGNNhLg6QPZrhRmae29KnDSuW/LU/HdJ0Jh9GX33+S+4LjACl2Ru9QSxCRVTTxWmigOWKHQRVd32zsKYkmcJt8tJVzAIXcqZv6aMlr/DA9ulKhHSZOtOjE6AAAgAElEQVRD599bKVh9E0pb3IKV1ium79bmrF2ga7+V+RV1ipZKCDR5MW7fIgwIUpAb3bCdlU5rjnOxOPqmpVa7jISgTRGl87ChlYmoukscWpiiDmxwQjS3PAzFTMSaWkFKnfTj7FEfAqXNM/fC66M+9yPR6CAkCGK/AwTXuNPAAM7m7kTV7myPMbnoY2ajdxcrutwBihHRZ0cJAn3y9YUkLmTYVQjuczMvXGR6fdpmiVXVMrEVE+GTzDtCqFSfAkejBEIsioF77kqvc8Ukp80A2wRGOC1BhXI2tGY2H+fQ8B6XsgTNK1YsvugDfMDPiVgo3PjaVZLE5hSk0KDVc7VBGjcA+rDmsg2xE/ictsXB+ST39Zg2O62rLw7ndAFJhWXQ4QpFDNqg0IGGX2M7Rk69ihnHROIOYA6rYFYo4tuw6muJgtC0pU9k6keOOOKgDFMQETTNX8IB0ewjoqTBWcRe2HIxAoHCIVulrjB+6SeaeNrUCk6Wwx7EObXgELBTNpkI2jQsI1DFhpnNSoIijVTnrRS/jTDPqXA32Hym2ystJqRbc/CDDPpqIKqt0As7mOggvVKWTYNLGCOJWtPOBcY41VWVlAmKptowNpTNozpmDj545MiRI0eOHDly5LcSJtnoYPlBN/sU/unzVzCRv4Sb0K/WjZ/n8/y3PL/qjdku5/k8f+N5UeV/57lS5D6L/zRWN+GYtc4Rc3h3jNP1syX04RmP6WAXp1rSc6W2pJk2zCqtgQAQyreKk3XnPf1OutkU1XarPbf7bvdt9kU/Pj7MxdL9cRu1Aywsl1wXXyKXkMh1XaIQgciL+CJWMC5bLliEScmILAiVfeo2B/2vEKN7ZvLwLyqfHFMMde0EiVSsS1WTORZ+qJwQ4W6LChpgpuSqkzCjOWa6AQxg8rvmkZMGtO/+JeQd0DO/N1X/q6+N+NxMoHku5yprIvwQYZPR2FZrdjXxNzywXbWTpYepleJN15p6HC6rQEdubG4ZD6jT/qaCBDoYgEZAe3UIJ+a3sP462zIhW+6QMY/LA9eHTvVL7hC2YyCH/aYZlk4pmvS3o0lEGqF0uaMQLBwA9/B+ojsxzQlLBC4rgywvTl8noGjyTFiJmb0hhtVAeYDmHUyIF8UWoYALKUcDswS3ibPyS6f26miH/GsZoBi8plGigolnIdDBOHjV+bJzn1cr0pclANcO6Z9clPXdYbxDUn8dYTkGlBkMAZSF3SZoolXCGDq9+wcEJExPc7q5U72hIFKDRoMM32tRqwDguq7+ldQgV5CG5z4VuvJuRjC9WJWYL/N0GHujdSzCFqTjqCQOFE5b5zCQfGD4jYLcN5JUxkvLc3hGNB5YHfmtOebqyE5TGjZ3ImK+iKnZOdwMscYSFlTOukyM/MhOXDSuP5lnycYkbkAT4pResAgbokSBg3bbl7ksZ96BHjpGqACRot162y0q6aO6pyQsUqazGeCtPe4gNJdLN2VQEkHcnHKiezAfe1yqX40MWw/malnWxn4iSmakApdIpk6dXdlJfyimbeOwYRAgq94e5gcRKIDmTgVzlJnvQDRtDii2Vs5mQledfXHA06HR3Eao+22tnj6bqhnUDdfM6jxF+GlFDYDs9z5t8YocCEBLLDPnflyQ4lyNNYbKkSNHjhw5cuTIkSO/iWx1xanZpfy2PI9x+rvrMyMdODzFGf2T/IzeO+8b/sS75/k8/3PPL36vRDxy5HOZPDp9L2JqNT6TN46+fpF8uR5jUeq3Qbm3Tc5uq5tfJQnmUUXRIsSdPtWdzUxT5S1+qPnDUjVrotq0KZqqqt73/fFhkOHt0gC6P271TISvl1yXXC95CYu0S+Wl16WvyyyLASQgeTGJMOJmP4CAEAIhQGzCztwQUpj+0/38LO2wc7CXanrqtgbVjZiG56vQ81W9YDk1MAOqxKGZL6wmSqdrYSwPpRgz1JEPRTNb0Z61X1FBoUIpWNOkQkCboKrgtU2wyBYxci7aHtTr6u/hXDPLCnZFzCH7QlGcuJITZsUxKpy15mrLgTu4Jx2+CxiObxG06YH6wF3r7i6eOO2VOlUo4xczuf5uaIhzOoeG132SrRXodE5nDffSjONl6XlehslyPOWYDgVEGwFphzbyNRCk+yUMDl2YGE1YTHIGezMl6a7TrgobFjl4mSngrYAcOmTbOYRrO41tNkSQMkJyPvPaHp1uKTUFGTmjhsx1p3eUo8cbK/0O7uYQa10EOjMy6mVDZqRaVozQMSeUIdu7IZGi7ULSy9GHUZQznJ9ZawCqMcmc5GQ1VtKgxcGz42R0VYDRcCFjMioVaCdtKJZhjBKAsHxpU6lgu0LuMg3KeUfD/s8g84ZtHC7CfQerCYg7n4k7W8mT0WgQTQXsEDgHooC50cSFIA1grMIwZd5LMKh8Erh7SdtvuNsLHcZd9JCQYUrZs0DYk8wWg1ECAyCP/Zz9jg6hafHpF5XOS6acXn/r7uHOJd3XLhqgEQyC2BbJJCqcjDomdj6jz6/4k1ljtcw9PPoZZNS0Zk3QsoS256r7nkyAUMMerdtQ9yYd7NxWMl3HKwtuFoHIiwaWcn5tt9t0NXvmHPMCxbqALVKqqk2JoiJqQJ4XC2r+F+OEQQ679X1Oqek93TPTIALHmPYhmlzDbDgKj4FpdSAvFpSB6qLdKqk1pgcwk3az6o6kqhKokXtZLXUKHiabXWm3paqqmqaOE14dD2A8TowjR44cOXLkyJEjR34LGdEK3gVOaof6J9uTSm1UwW3UU2/S3yb+LuYXfnqb5jdU4AfZOfJXpTAIi2pyxGxO+An/NBx/JZ1R4/8UPyJ+LX3kx7tyzvliTr/Gx3P6jyzINVxEzNqlxP3tvCxP5cGV7dUzTBBDXOmm7mgQasqxZh4HjT748fHx8fFhlqzu+/7zzz/vu6ni/ribmkG1Sy6V1yWXXnrxJRdweW2U6DaFGPNLRdL2GLrxMk6tX7cHaDVQV8K7npU43ZQl5WXisoQ1tGQeaDSiuvdGKhCEq8s6rOOFM4c/7n94cMMUyGBcmU+EpPTxPMgWH2Nr71bOxx7BHmmFvZdnDd0gXAu3F+4oyJwhts/793t2cwHen4nya+mBEgI4XY+Ress1389kKfxg0TGw6u7jjMYq59zUaE/lArVxTWmpolkIDBXskGlFZedAhE6bNo0ULbBFx/uv40sJliDf3SSLqUjgOho5p84MI3eS3zAbevyawViFgqqNLNIyMWlc1vbhPYT6BDH2XTK6ohThv43SPOLUeN5KbpJRWLtRQIeqbe1jMnbZUoZwU+j4RsdYO4MwJvLginKZUwHrFCwgjUAm3raYoe01oWFadQQzgtJtGypoDihDzZNthzr8boRyXyvDqCaTathL7H+RdESnljuBjYqnOm3MtrZon3B/iKwHOvTWae9UszFyJykVn3RuPJOYbBMx3M4JbkrEhMswRyYGK0NilZCO3xrBKu7WELTb3qTm/FBy1DKsp1ZrGz7485HLaE6mFzl4E1CXLQtGZjN3qukTshH3Cwx9hA3N6j1K2s8DHJOE0za5ty3Ui+ioeBjaNTO2xv/nLEDS72IL7hdwkC76vKHceHnvEkocT6HQpFr6IQRKRJdclEPGbGnqtOMXQNB4ax3FNSjPPUEa0K1Qq74S9G55SFNoN4/pxkvBYaAaTZsqpyXSMtP6nSp37ejtoIF8B0CovTFLr3gBvBnV6xBs5dwEDZMWPz5R+Yxe8Eai9KxMQXkNgJA7foxSStIACBOBzWsceavCi8fsfF8qzZyHMctUzcLpN3bnI0eOHDly5MiRI0f+dok7/v650wPX8DnkN9CTU/0T4bcpzwk/4fvw1xOufsJP+D8WjnC59zb+oKj5NP5CzHmKTw/hS3yDwYby9OdtePpBrOF2m1u6eadUO7taPo2bUZIITTQUYU0DFFRXi5lN0SIfHx/3fZsK7OPPjz//858/P25taK3dDQphueR1X+11vRq363q9foBAwmzkDyVuzNIU1wI0FXVkFLVUhDgbLC3gCRPgbp86StgVpAUc7do8cpNxSd4x5g+Zr7EwHOgkmURBim3AggiyiLhRVxEKwkXibDTJTm+P5XlDEa2w5CIDhLADJ3YvfS6p6Vtg1y+9u2a9AoRvMjUZnpnTFGHFjX6WrY71vUrCqGUPbkQUhHJSj703IWhOzRroahyw24iFk4cEcSOJdvEV80rliFffgmubDC0zLjnGcU1lflb2oYc38DSX/0+Nx8uwnyNbrdChkGF5TAhrtInKoajezoM6ZqYpX25KRD3rwBnLKctMiWXEX811QLpdzwKZGZ+OeTc2qC82Sf6pnVf+SFlL0f9xPJED5LK/B8R/BghtxAzGEjDV8GJQMQGGgBgzNyipXSJRQqK07Pc1HAJicyyXe24Q1WOycMegDdWyOgqx2k4WP2VUd6UGJQZIEjx2zM1GrgYXXtNDnjmaLS3HbsvRjW4GvmK2YjmcCju1T4O2KK/uTpTUW9iAPQ6oLgxveknR2D0MkjaCagzWGCZotoQxk9A13IKpuDD3YuYgVO3TPz3D2XKYOJYNUhTAuw/w8ZIQAdqUY0dDb/9id5Q5aYtpkBMBuBqMKuKLSJqR7AifkdTgrM8YYQmnAYTmNs1hxj8rmJdl9xtK2sqKRwrleplpGOeZiIKGHjfDrUBziiIb25vZAUI1F8hMoqTavPSkFg2xmjIU0MZyUVmpnVXnOTUo8oRgLeQIrJVfncvnjhzDK3KiiMys4XVyWkJznhr4FyceTZsHHBuLapgMZQqf1IVxOPBHk3sJG0P1xlUZQUP865Iwz5tUxWHB8TCel+sjR44cOXLkyJEjR/5dKVf7+x9KRT9QwgclVrFfRVyO01V/ySWoKjTqJeBN/CnO1/TeNJZzH3+s17fS35fzX9fzn/D/uvBX/nFLM+Rxns/z15/xV9JBal0/j4/+TA/hEX8e27Qt5xwHcxw8Pfcb4+zGMJc0RwNVIGK6xN32JIwRBsLIeQGqroeCW+lkv9FPbnDqbhpi/mkGePBuZlH04/6wCP/53//7f/1//+s/f/7ZFO1urZGCSUReP16vH/J6yY/Xjz9+AAy6wPLjhwiUSQaVXsEtFWBmIWIH2yg1VtbmExIWOjGnUlDXYdbkexNrKGzVdL4MAgmomQ4NrKwghen1BmUXb8W4LUMIdapR1s5BA3SN5EAALdDTkyqtQlJPsoVJfkIK4bKjgytA+ExWm+syxPwm0LikTrUdmHpL1zK/KeQO6Vwh2k0hHXCK3FF4h8n9MP3rkGlwxjjTRZJaQWUkMP//7L0/jy3Jkh8WkXW67x0JEAUQEEhHeGvK2f0KfLT0BQRab51dQ4AsSaZcAoIsARQkyBbXoSwRkBy6NPaBFgnQoQRouc5qtdIK5C7eu919KiNkxJ+MzMqqU6e77709MxEzkxOdJyvyT2VVnRO/+kWAB9xVT7JjhGZLsBSPlDdQCgdQHLDlw9N4gAp/N5tO+vHLrR2NMVmjLrYwyQDC6MLCWtDXcd3C1P07QwPeoM8uZgAHY2/EMJH+fPe9xAyaTmkKE9Esauaz1pUQc0X3EhLZPV2BDUV6WOEQIEm76q8xNK6aj9Gn3N2ndcOGO1LYjeQrzcP8Wjo5sLugvyFhmJxBMIEzRNtrIWCBMFzp/maFtWZgsPiK0qBqbjRDTixpGVtrs1IKIHiaOtRUfv2ESSNXtmiloK9qMDFXwqKxhJmpUvUzqyeXSO+i3HFhBdokz8BHzCjgk0ZxNASKLSFgYWTbkQSMAm4x2Ds4jIykT157Z7TWSpXAcxNqeEYDgZABChrChxZJtujqAzJUuobz0HaT/SxlJiCuejsQ1FLHiQxc60pEXRBOahBOvw22oijdIgl0Ze2MEiuDkCjlkRPm6ffsRqEpAD3CqoN9lYyhJ3WSy46YJasi6HsTRLW9jBQZh7Yd7ZbB1qZtVSK6lIIARFSJqFZPsFerwI5g34Y4/hBvTzQERsl8rCeZqp6vgkvlig7ZMhpWLeGPBcr0KMDKK/TVsXirQMwa7B2R5VSGa9AuZmwhpwO4599t0CKMh8Cim9Mp1+bmbQ9btHhL1BMN/uzsjHRn4XK5yHEDudz/XNd1yFjsp1JeliIPA5sAYUpKSkpKSkpKykeSjW/WXtfTj7H5gSEQobo2gz85pAP0sGfv4xvH0bfc6uf+6tRT/2j6ZS/YXEfpyvqs/xD1AZ0bngUn7fCN9mwcwZvj4cFvEwLhxVdUwrNJRxw94+Z/x9gPG5vC6BnqvRE8kGpt2GBwutW11nVdq/xTFSFcr+u6Pv32t7/97Zfn55e11rVSXSXI2lIul/LweHl4uDw8rEQMBUrBpSzLEt8zZ3TAQP81wk+jQDoq03xxbWmCV9tMWgy5CcDjAdpAIwEq98ThXnF7g0WE5ZCyDJxtMQCE0NEEArEQt+iUOP76eJbzod6UPZrg21/V36I+UZ/zAk8Pxkhys7Ozsw5bDqJfbXHP35SIhA093+w0AiodLAj9NdxfdOoOHkh88n3R1icGBY3k1Dm0CbY5MdifYeHjuHozkSUZbUd8cSTeCaqm33VLl1Wul4N9aBhIwEPiQlnvbGDSjk2/Dba7mk9sepbHP7X0b9LO69PP+sGQcyslNZm/Z7C9vKNz3El49pOC28lr/nZ5ASSi5sbsdnZZzI8pcBQgKaBhJ05je7JBF3EZfJfGiJV+xrH7q9GTnKXHGm460B2dlKXQlB8MyqQjxbEb4ARGNVRDvoB2TjXurv2WAjDIo8GcTk9FpspUG9/RwVL7u51d9nik9nqGnFliSRnL7JkOnXPHDLDWOl7Z7VnK3CBbAiP7EVO35hais5htQfn0nQa301kXRcdTaTXcrhK1U0lGvRP+mcXgDBPfvM9h0I9HrCQgKAVKy3HI1TA8t9AAHhmWR6h0/jF4Mwpdor+HZKgddWREAGEBsocyZz1D+tT3rWR0zfYtR+HY+I5EY2JzQxN5WZbuegIfnF15iKSQHDLI9cQIQCEOAZLuZNnrGmXcUDdb3GrwNkj6SSzAzFxXhoVLAYNsY/xkw4G7m5Gn82zcfVkqbsvk3z3kFS77XjOig3bzcE4wgKOM/ioC9ncKB7ABAEDsz14y6L4SCInQbnrNVBvn7O2ilJSUlJSUlJSUlO8o5qSJ/pMBvwj+4eZ/afpQ37cf2gIMDhRtMfqHYxPue53V947jIz8z7tTvtR/qT/mxsz7rD+ovO1QRzPqsv6ee72y/radz7YMjdUhiuGk/xNXlruWOfXRi4LQ97NuP44/ISOeoCVefp08zLy0CSZwzC7pF7vszP6C9d8+OETawsCpxcF3X67qu6/pyfbm+XK/Xly9fnr58+fL0/HK9rtfrWgmIC5ZSLo/Lw3p5fHx8rBUAy0XYhEuty1KIC8ASPPU6n+D3xwAhBFCKAzrQGCvRidWyNA3LL3upUFFnOigeyVwC7Ud5Wz0Wq3gGtwcwt0iuPmxWt69T+AfaXMyt1lXHPbKHdQ2uamt946hjO9PP99HB5kG/1d1Bgx4L2e1o17J1AAHKOitnfZST8K5G+2AIUefdbresgXg6H17/PbHPutd2ScQ9g98dbBCNhdqfsAhaNtTB8Ag3N7KLNus/XVhuX6Qt2l78NLwp0YChvpc2srjI4qAPHmrebBVsFrqVwHgX2d9Fdrj921kTDhtK6jlAZRz6GKgdERPzqRe8rU17dY8IEfyVQfucfd0MENHolj2PUNz4LZ6kxp+WFUa/vxkniSWfa7HhRcqXB7z1XS0nzwBia2BABMU11HStzJ7pjRzylMM18Z7QmgwZZG7L0p09NNipIYftVRzsEGtGKBqfkoyEp/Q9S1AnUaUVE+OAbIb3TzpSFNu6GpTk55AcuZG7ujGuujSQAN3+8v0UJ8QtXibFCI3FV4CqX+uauw/aP/ZME2gUhL7vBms1YJpBAEKNEsyoLLp4OgKY5JtPgqAqgYwJASTEquwDqkoWba+nMgtx0wPjVg89DrwUkES+w44RUmIpBfr8f8ImNcK3MAjJd75uWkAj5Ot2IN1KGtKXoO1wDfuJgLjY7lBMVi8f2b8WfBabE0Bmh3IBhdeqyK/SdkUiaopm4aRWv5Fyi9FsAVFLsfSTEspA7ygdoB6+mKF+1TACbIP1sNttgZkLIGcNkAHWddUBom9PDs8O9BNg1zwqkOz33x4gDLc0lPfG4kedt6J//jpM6I39TwzE05SUlJSUlJSUlJQPIl1AL/sFEqri7+gQ86mlWLvhl3YXx1A/1Nzn38ahHvuf3HM7Y/SyW+2zPuu/Rv2Qg3A4Juuz/kPVR0/7e9kvU3LSvP0Elbhhfxtryh1NgzfHeC+MzII2uj9RHDfGGDTKoCGDXCnmHbyu68vLi0QWfXl5eXkRgPDp+fn55bo+Pb8QAUOBZVmWujysl7VWYi5leXh8WOta67LUhcuFF3aqHwABF2i0QSwlPsAUiCg25wiuRBewfC5QX/Buh/ViISCywowM1NBBdYMDiY+SNvnYmFlcuhJzy4ZrbMEAFcZ//Vh3xFuSs8nJ3sGTrNIwgsYbbR/t3YVn9qaVr8L8zlceyAHZa5fG5w0OLY8jUR/0GFcNYMtonM7Ll5hjBMjQy41xbZ2k5maNvLfoQbbocgHfah1wm1Q0iD4qQ7jEpe0crhl9cOCJtuyAvVPYR9EQvOk0m/t487lEUOT4Z3xjwq7fDmbsCHHo2VrNCQ7bSSknuO2XMAvsb7YKxbAkEvTr2lY5xBK0AYDGpbR+5ft/fEVDkAxsOezYY3ACMgJXksSU6FlQu3c9mAOCFX8GRLwHFLIwrK0xCDVILBZb6PbTQ44mYHRIquFS4K9a+IycnadwjgBLwICEHbMQW7hRMvzBc7EqIs1tzxBR/JkioW8RkByMagAgCysLJIdtrbXWIgljGx+OeyFDaATMclMUIFQDCpkrVem0GNiCBZeyjLs6nhdban/LBjQVoSbxlR+EBhDqtwsBCI1tVtiiPRoP04lqpAZp1SCewLWS8//kEW3QEpI9sxnaSgi60zazJp+rRLKVSD5qDMLaEsZBgYIlRoyUzWO5iYmAl4Ia0NtelmGNEA4FS1kKU7uqDaKTXaFXc601RheXha32PUDAY9knKFdKS/YIWJBYgsdKwjz2kLLOF62kwLO/rRCflyHguD7BgaiNt93rQSD/dqSdd+iz9BVE4FLAg+6CnYR4WhoOCIzMUISM2YXx9DuPtR8o6cYdJrLVsgl5X6UUAI7f8eRri78V5vel2UN2/mXUnkeTB/QAJcaUhEWjDSdAmJKSkpKSkpKS8oGk0fzGGhjqd9uMb5R27qANGrL1EU3cRztjODC1p8fat/u3x7V6rZ2s//nWX5qTLsssX1++dRed3ofc1Yhs649sbluONTzW8J7O3Uh4apOH+uG6DKiDvKyPZG5NIwvqy/jGIDTGYK3rqn943sHr9eV6fXl5uV6vAhA+Pz8/ifJyfX65fvnyTMSMC5RlWWip9UESdV2Wh/V6rfWRoEreIebo/wKNNYrowfmkUmMaYnN0KoOwA3giiiBTAADEEoM3trBX8o4/k/muITq2EKCUUmtFj+yHbtvgCAMES4sl2mDC7X2wBQrjMR7m4GvbRkfchCMdT+4rALlXS7FQacfjOajZygDuujINHLoXm/QV/Z6XIa3jHuOzBeScvZ3V7UBxd0e/bd8s9mJHdQ7iKRi8h7M6jcOcwoLIHwOEY9RTq5cbjbi9j07EcAbjTGVLB6bLOH3mxtGbQqrM+l1ccpUaG1KDAlsYQgGbSn+s0T+LfkkuIR6j5FRzFjPbxW5/2WAYAArYtcBsUYk1YqUeFN/ViEOQ/5ElE8NhhW2U8RjqNgMC9DFKI+5gaIYNPKLhGPYgGCoJYf7WG0RMRd9uYHteABAQIwEQcrXccgIQGthVmeQ1lGK3R70sOia/jUcQpqIbQ2qJiOoKBSWDGwBW4PbAYqhUNWWcB710nmOokSELrtn2gOBjCvkgM1BdDUICTVCrv/fIVkpzE3JLx+ip8RQQQkADCEmAPUdLi1IIkbkiF8HViASwZCbh4QnsVLkSMcnz3ANgYgGurBgfQaVV1k5eqAHbhpZPT6A0ZUSWwHEXDqFErXR8UXagBO2U+3zhUhlqJWaFoEpBxEXjXILdAwAAuJSCepoEQmQCKiQAXXt5Rp5tiAEtB1LDTsVjQzJB46bWKuNEiRdqgVWx4CL7iRmYr3ETa9Y/QCwKj/v9tsVMYEZBgWfEuEGJ92qD4oAadO4wGOqyWnh2J9IN90CnSyIuhH5i2vz9ywzHSJ3oZ4qIKlO8T/vu1iPk9AwAocdnF1O6+YZYSvokwxbjNFiIMZxjOIFSivRYShFdIqDWWi+XS1lK98UuJSUlJSUlJSUl5XsL+2vR+ssZg48Xm2+2NN1+ykz9yRj9tPpd+qt7y/Ht3vIss/w25UUTkSh/gVNP/cekw1EbEIfb3fZjec+xfGqccuF1WZ16MXeq+pIIGlJITJVorat6OJmVVkhUqV7X9UUgwpeXp+fn68vLy8vL09PTb37zGwEIX5RhSJUBygWX9VJrZcalLNfH6/Uq+CIWWJZyvSxLrcXyEerYiFekC2sQPpmLZOMRh5+DKxF4GH1bmguHnRY2IIiAwEJKgFJQkjwRC3oKUBAZC2BzxvpxBbGUUhwXlJhapdgr9CCp2Vg7MWJUzJ6IflKMoTSAgnuwjTrtutd2bGRdyEN7P2gOo7VMZiHDsRJ7enLe4Mgf2rR68xF29SEyJhnE26bJzAWNiqNnWZcGGzBhK9jgcWy20TFa89QbZcoXpTlhRzH+Twf5sLaMvDufBHA7khkYiw00AmDODJJwcxKrEMPHgY0FHeg4f8UmrPYYSjiQoCLpBP0wR9b97IQbgWB7ig2A7ru27luUuh8VgFCjbUHaVrRx6KnUc4ntOGJAu1JksGFYcSOREOws8KJjXRaQELGo9924RbWDUmwAACAASURBVI5j6VYJvDUMOxiU6FW5jZl98EbfjCkew/t2bMQiBCxlIfKtEYANRKEaFyOQgdDjbOkUMmOl53U0OmdaCWPJ4MOWWk9pkkrN6/YKM1E1e9zvp3hFmhUMfdquAfAseoygmKDvCSKqVFkYhJXpWrFdPgxCiGKQyKds9LVid8jG86MIMLPQ2+XWSgBcBTslQ+naw8yDbcrtmpXLRrUaHoOaBXG9XsGglOt1dQqWHC+s+KUsZMEoA3JDmkqQGeQcAmqt7hENlgn2Rbeusiy8lKXSqj8N2d5TKcgERJVlNYxlzsB1JeJqTzhAKAxKP/RHg4THBGHTERAoRklc/aHYQdctyC8DFiCocg0UBRGrcPyVOcikPMJFFw4YACpVXC7SGpABiqZSZLJo57igTIrl9Cp30W7rAEBVsbGCRVBYZ/4qk5OJiC6XC5fC9mXDNgw6CCvZTgEd0NUzVWtlAGr3qvYAI30ksl/9bGQ6Ba0LQtWdQABo11p/o2PfQopKyisyDcvUW58AeIya3NlefyjylawSSbzZshRU1JMBeBFAkSu0W6nfhTlSd0FDjoYozKxRTRe8yE2iwZn61Um/QFGVgAcoDyYZUimlRQN2QNC/UBgESsT6Mkp7kGKg0XeL49AgM6/rKl/MlkVmCbaNU1JSUlJSUlJSUj6MyPdkVP/jxk8LWx3MQXDQBsEcdPJlutm87Qcuu20Ojr2NubwHLoNvODb11AEBLs6XEuJB6qm/Sufv06/52RS3uKP9cRvebdM+VVSwtYG5Tej7FY+yuGkaYynAGBTwDtJooi31YKUqzh1W6qAGGL2u68v1RbiDQh+8XgUidLk+v1xfXtZaiQC5CMUDuJRyuSwvzw/Pj5fHl8vDw+WyWG5DciX6rB2q0akFONZieE6IZVF3xEWJAvY2fTzAOmBSXzsXKIAMWBiZEYtEETXXm6N95uB3rI2NPAHog44gbdcn2IiaR74NKjglD2Y3gxGHAwT4mTXCNvnYOUbCxOYg7v2CXT20yJsRhXCahUOazcsPugEbfNLCuINzyzSBVARPGn7EPYs0oII2AC+HQTvg2tzq5u4UKEAwrA75645l36XqlJZ8crJVGy8QC9pc2UBQRNCgdkjBLBGXgsHPHxO4+TB6noiv5dCsg4AiP8/PtyQ0JdBYvcVgQstYBmhYCjh820zbAJB9YFo4oGYI62T7+RYztFvu7q1BO6MWLHFjQS8bLMVvGcZQ45Z5FG1TMQQAVqmX3CIIepxjv8kwSxxmiLsrXHYGJy241Epqvp132QMkKQEVMHD4kcl2QpHEgwFz9Fu8ADC6ADZocHKega8GmNs0mSXuYB8NtaG+eqgz64xVFpGFAFIwIAhmU5mVOizPBMW9KnOt2B4yBpY0FEpPLSrVkphItqEEyPShylRLwYKFgQUbVrwz4K8KDNo/BhQ2Hh8zC3OMiF9eXiRyJhFdX66S2g6VNYhCjF+WxejmCMgaUVNgVs/SJhuJlUEoSAoTEBEYM08ekgx8KZe1XgFhwZbUtpRCzFQFMimSo06uR08ZCGbLr15QRAhjMFiHzQTJBUKGYQtFOBuw3WChSMZfZiblFRbFQwmgAJLyVu19C0JJjEkF0e83RjGUJ55cgCRx1ONbOG376ZL5Ro83K0177MQyx5n8TdtmM9yQ4qVtt78AELIf7/cljXGraLcGKdA3SxxyazevQPKLyLQ8mokZiIR7R+zpEdWIL1V8x8SituoDhlgJwagg3hC+2KcDBH5P9tUL45FbuX2pDC+H2NQlHi8pgmsb0lYEUa7R9u1q87UqBLiOlcNH7JxOXze7GEt4q2n3jZOUlJSUlJSUlJSU7yPBx4ujrxWD/xa9HhCh88fijm4/ko58yMjlpI/aLW/b4K1j5fVVvNkm9dS/tn4xzNyR7YF3lfVZ/3Hqm3dNa+B+O3yiPR/YkRBOO/bn47FnGYrnR1I1afMYD8pTQzXiigOEleQVfhFmpqoAYZXQogYHiv78/Cx/Pj8/rxZ+9OXl5fn5yoBQFqYKhQELXq/Ly0t5uVyeHx8eHx8fH4keGxvGfLtEtCyLhEMz9gOqB0wf3lOS1SyYJHagnDgChT+BzYnZjiqlKMyDwnEQkkFRHaG5wJunENR3GLIPBjymYSUhAAGYj8z9aKBQxWYaw6SMbNiDMGG+A5Vod2UMeFM85fCV/ujOi6HGtgOLwceG9tGag2ey/ZxA6QMLucTaEHrA1KLMskcCdK9wQ4UjXS/O0p3pPuJm1tp5kMoY7XA4hYCMuDiHAx04BgDZS+b+d7AEhYyEDRtoG0vJLfF0NggVQyhJ1u+YfvlHp7jMhYgE4pSvohQCWPryCG5FDOQ8TGiMSJkpNuqKfB0F8LR1OqxZUL52Qh3j7bde+8MuAmzcF2TLLuY3Ob/nmU39nO3i8l4CgtDWK0KcmhzUiHeOsAqZ2IzoyfTVDSZiFjAGKJUXgbLEpm9t48uRD892bcv5qgzCuIB+RwzRX/tbjq2G3fMbxuxthHEFrMEDA1Pc7YfEYAh+H/Cbol+gAGBPBH+IEK3ruhJVAROLonQW3hOcXUfShltmPWX6+QWsKKNwyUIYRbEhm+F6vcrZZrPsbHe59mS/SMQXQfdLWeTZ93K92gbiuhIgCzJHTAp2MqMmtLPfhFBQwqdWYZgyEygNTH/uoaBqwFipCsiGiMQgoCJceL2+ACIVBH3xpDBVImaostlXEqCxxKiaEmPUTnG88XSXVwwyiaD0W7skuF0kBpszVb03aqRXebYVRFyWUgoQySPMTPi/DJUasw19lwkPDFkS9zqw1hJX9qGJo7C/GmKPM4+WCfFvbG9RDaCjPmLbUzMkGW37v1+J7sZrC4UtVG0pGMPezl+HQJTvD8aCZgEzSdY/3KLRbiLhVhev3vbFByxCKTLZATpCkntDfApCu0DtROh7Elwr+veO/unvZ8SzA9pVVhxQjABeP+Q2i+nT3M41ePhWD6aq6D3o81HYk/7eVkpKSkpKSkpKSspHEXGD2KuZvf8Wg991wtUDDfAR/bohMlRouWOna7/Tb9dy3888tdO1fw9cBu9sn/VZP9Zf/AersaD0anE967P+RD2/0Y673E+0564eduoxOFbH9nxj/KGNchNje27jhIY2mOXZODFAIfKQ8lQ7w4v56h02vgUR1boKTZAMFNSPWCKO1qukHnSe4MvL89Pzly9fvObp6el6Ffrgy/V6BVygCBnlYimYLKshVSJa17XWWsVpBZK6Cok0CaI8v8riyMYCzYMWoLJ9MQzG1pkBZTgKmyAyEMnzWQZQFBIAQpYAowsBFRQvaPN7qh/OXGuNi6agoJAEivtRCdtJ7bLKOU4VYSrElp/JIDfziIKfcN0bI7Y3+iQHxT+R+zOpexemR0WX7gA0DihgrJ+airojE0JjRY1SoGTKCISE2KFskKqDkY59g3KCzH3KZKy04FYeXMzGfnAwLLiOFdYxp7tj8mB+Y/f8IrdQiQ34BEQo1qGeNaXJMgKjBNvTkxW90KTsn47wt11WDUYXGFvGGTK3NjtgALbxJrYKAMkuVlCCI1DEhrVsJKyj7VsOf7d+DH0Lg4V2muwrtNAXHXxkgCKRKeWmJWiNQHESIjE41WUeHuTUOIFqnbvRsr9roORq3SMab5AlZKLH6HVFg+DGjHMqpMvOSyVP9QdGgmaJQdw2swHyjs/pnRtbjxr9j4mUvMgMUCydKrWh+oQ9/qJR7TzQnzOu2jLY+lDE2FiCxFoOP48qzVRXYgKGSymrPg6oFBTIu1K1+MxCgdLzbUx0BXgLYrX4n/oEIGILICndLrjItS+NYi5GuXzquvrrFo2w213UCICyiYkZSF8cYKJrrZdSylJs6UFS8JIhZMx8vV41eaKEc9Ft4tQuZZfa7VaeHXLyuAAQVya5JaLeffTVEUbB8gkYaoOCUB52JPh4KUWS6nnSOrYclvrzLUQCGJFiu9QQuW1dxxT1KcW46PJZHkc/4QBQiBEKMHrmDZYvKgxQoSoDrKCmFASL9A0ooYLXdQVgLHpxxltuu9f07EDWVJVVSaWIpVwAkNho9/bCh9PVA0inDQr6TR6w6I0vgIaag09uUsRUPEIn2I91O1d2hru7XMeVH4AxDBxbokoN1A3Pa/v1b1vRTVUH6uzODyBR3mOYdGxfJsObN2SsaHl62FyNDxqQYwjHDuIP0yngF+NMoLzDolcrDF8G4pM6blSZJQBjsXc54n5MSUlJSUlJSUlJ+VBi/lUIL/bLF1jG4O31yER3+J8tUkmwGV4Ef5Wf3H0q3Tin/ufOTvwB8MH8/Fn/86q/+NvuLWZu6ql/XF2hgFbPR+0LFAIa6+2KOOorlnjQvvDWPoZeXOemc3hh3B1zwUPHDQU05E5Zg8om1MCfxh7sAok+Pz0/ffny9PTkDMKnp6frul7XdV0rC5eCGBdcinqOPIeWuKK9x7XWRRMcUiEqhIWoqpetQEG/k7BlVJuAKPvCY6BL5T54HDxuaCnVWlkQ0UpRBo+nGxRQUHHFlmVQXfeorkxjQ7qr0cAJUIdrwNhszHEKDR0cP0SHtNR2QJQdy+rIDAjuDT1ABw/xxaPK6F7sFr+3zMpvY41uGVk0Rhi0AGjKwUJn5unquWuSBnKDYk0Bjt3ORUhWBi/YMjnQZnwNa+1wPEJhDW9bmCQMr+1IbYpcV1T6BAYnLlhMOWPXKSxpD0cDGtveppYdyumeCM3pymG3BBhz4/YNi9C2sG9eJ1ABFNT351C/Jne+5BAAM265Llht3L/stJJA6WHnffq5aYFKjTrmzUtb2s6yLyq16IWNItMQHu+OLVJwG7mDqQJw2Ric4EPm/2dqEwKfsOaEQx7ixBKTEArBghZzg34VAWxRN8MtWViMQUgP9OSwEeqTezcQCfOJPVZzrbondYc4eNdCMDZMUafUKE0+HOLKFJBvYpCkmyxJ6lj/YhaSnEfmXCsxVwAspZSlOLUQ5UAJyIjAVBQu4VWi0crSRTxckKjq73H4HMJ+Atm32BBhijEhiSpLDjW0zatLW52qqPYVpazh3umAl8K3+omHSJUrViN1aupLQCrSp8LMQqgCcKqfzcOeZ/E6tYsFNWcbd29UxOva3pLxZJT+mkVrEOM9+k3I4BxP6euodjNd7LJ1IwROOS1CmQTJ0MtcyuTVEA2C0LEDoZuIYtOAgB7llYOFAazyG47UVbuAmVtYd7slcUjB589kcLou64/99rbH8JgYnmUUk0GG5xrb7TEuX4y6ObT3J0nfEYWbUvdEGh5Ydt2Cs9ulI8ts0kUx6M6G05flaiklvm3jXzC8r9IeAdBzC+295PGloGDHpmAvUKFPPwHClJSUlJSUlJSUjybrSi3vIJaNrzXm/LOfEIOvuNNLrIeyxUFgbF9GO/v2zRoe2/yq+rfsK/Wfph5zEGaZ5dcv3RHzSgsw1jRr+I7jxCNr4FmHtFWbHYbxdGX7BAvR2lzNASBUR7PhYfKR8PkcD5N8g1JTaxW+oAYUfXoWOPDLly9fFCB8fn62KKO1risrnQKhCEOiLCKlLFgUCJWnmlAJSxG+DZZSlopUCM3fiSC0FacEdWhX9CGKzF6Kb979zg1r6CgQUAAsmbiuK/Xr02CgIsFb2Zl8llQQmdHBisIK/RlFTofQPNca9xXsKWsDds/cELqzNeDwPn7n1kSjqBq21eNeBp6gBWFDHr11hi0OlS3r3xbtG89BHy20i9UmY3d0QgBf1DBnDbBVVEOz2EkMXDFcmAmNLMJdf2FIttjG/gtnP7DY1Nmv0IMhKhiaKEqgDmcmvSz1SxsCctXgohwgPPUnN/d6TzsMXC6NR2qpK9uCqC+XA0Bofli2d8PUAR1gnrYKvnkMnSIOrQz7AEcXWphKQQ2KufVbtjwAAMd03VBwy497xmCAgWsSKxvpx+5eMJ7K9nZc4MI1S5YlTfdABAjtYF+Zgu3MtwXU8LDOLLKEdiy0N6a6rpG3108RLBCp48igMJ1kFPPTSgJHC5KnMQklviTZ+xlEJBQzNUccOd+GmuvrICSvd1RiIvQsZEyVCBrK4oACtPuno94WUbPtDG9sAI4iowwQEADHOxFKWdBQY9JbDLIz9LCUUpF02wgzT6eCCIhyZXvkUmSbr79rJlEhubtqOW4CG7Wkemz7IyAfQExQI7pjt3+DqfxthMizL3LrNhCPPQcta4IH5/zaBYKOTVKFShUBUEE+0gS1bf/LwICBiJlWUlKxUZdRnxX21G53MIMBA06D9liJ2H9EjBpy0wYOzv3k4YqD7qh4zTbEMWCQy7Ig8vBQ7i+SEXjzP+WCLVjAKKR+Uw/olJwFD76MkVunACHEPdp3Z9iY92rPcmwXQrsvtBNkgdnlEJIwpBKW1F47CE+2zbT9lZftwjhcusHycGOt/aln0HBHjDctlNdWLIgqjgerj8GyWY4gpC9r9waJtOEAMesNwt9vMbzQN0t4HSfsvbh/OsZ5SkpKSkpKSkpKyveWv/j/ntXjOvqQg0+4NN35Iyd8sxuv8jl/8o6X2KxNfN1v81GXu9q/pz88y59naQxCc2+lnvpX1/ktdjy+s9Xzu4xNwke+xxx3x4PCNXx6LktpzIOIDnZ/OBwYGIRCGVxfruu61rVSrS8vL09fvghAeH1+eXp6enp6+u3T02+/fBFm4fV6fbm+rBqmlEu5oGKCFxPTlmUpRQKrlVIYeF1Xj7RWa6WCRFQQCTzyo7g62dzcWzQqvqgO0S8ZFdcDb5LELy9ufVkBIM25FQFC6QQAkbAiLwzlggWRW4RM9dnJWYBSUDg0pch7SCgcHAhYmJIZG6LTHHFT2WKf5qLk6PQz0Ciic4zqClZ6TTsERpuzmu06D83OsDlnzn1G/YIBLMQkxYnMk+gZ78TJKzyvlqpt9GL7n4LR9bBcN5KY7cxXTNBIQEB5jwsAQXEMA2kaOMZKUel8uIq3VcdVELnz1JshAuZamYnlQhB0iZktV1bbsZYhSkAU43yB5reTvaw1BruK211QB4cHQ9pCxR+VWIe+B1u0VWagKkiCIxZipqE4KJycuYecPQxoxJzaWjVaLAP32yI00rCafg4VL6Fgj4wHZTRH9jPaAQVe398WW3RQuy8qMihqreR5vmy4YKEgGQgaFAgoeJoQ+QRD0CDN0P4BS1omDC7ZqxJuWXZscTyDiJiXZVEUCxRlkoulVqJaBWXSkI+CRFnMXDkJlci4tv1rBsahIqqah5IbLu83G8UCbQeybjhi4AKFcRGykdw/5f0JLIr3VK41wJwSnlTuQfqSBTNR9VsfB0CFPWtZHLZvhaATAzGX0mFRip0gYsG62hXhATblB569+EHERolrd4aQnK2H0JzT1gEdRve09eJaPei0MQgXwYMlwAYiYoEqm4GR2camb5s4eq30L4g4TGTPt40ZB4gG9nQ8e/JMuu21UzDAr7tVxgMVxmuhUIEqGAcRL5cLc+V4lQc70UKcQnwiS8+11kiX9rMpj89A0mVZ1ngN621Ivv+ETaK4aSlYFuedylWIsoEHXm3bQo5jtYfL0CxEMgiszTD/NoyA2zlVV+siBN59t2n3Swe8lTAofF0o+nTTJ3tAdQv3Y2DZ8xKK1qI020kKgZU9eUp4lskrLJYgFAhYbkHGHZaI2iHLdZc+u/9WgDESbkpKSkpKSkpKSsoHkH/1f/6Vv78c/Ku7+EX7sd18vL0/1nQYbVo0qp32Xg+jzV6HHT/wbX/ymTZnfNofxuef+o9Tv0Dz24G7N1NP/U6d72jPb+kr1mxtbur3xjYZw55N75c7m7x/7M41Jc+M//1Pr//R73ROtK1QjxGu6+pKXdfry/V6va7Xta7rABAKd/DL05PkIBQ80RG1SkwMD8tSEMtSyiKO2bIsy8Pl8vD4+PD4cLlIZfORgTvoZVyIiIWIzV+KWCQq4YTuAL1s4cBYOaCDwsKRnFsKBxqRcl3XLiirRESTeGtMCFwAFwAsXCTGXClFnualYFkQET0Ym2TXYj+vpOFJ1UHM7luUhYjRzPbgt4aJ2h5wxThLA+KiidZkp/hHW/Bs6HQbW3V74B5AuOWOcJgsAEcgwkGd4hkBfU1k2X2fEA246nbMTDEC5zgkmVSRc6OEv+p8j4FOFILAeUfiaEUFeAlYUlqJc58sDuRKgjo29kZYAUHQlmVB5aSKIx4UBPKsczoNNKpXo9CUUpiqeW9lN3HVNIylFERAhdMYWEOIWo5GYGBChGLRDDmcjUpU17XjmRgGAsqbFGjBU56h5AjUk0rgxCfdjA2GVdJWUSqMoiua5Q+6k0W1oWveihU1FHSHSumoKoqSE1dajRlqXCzyy0KTyNlOM1qQ4HnWRsN7ghFeNYsc25sDJNERAWwfICNLUM1KxBKsVYaGlicNSPeVfLBcFmZY60prBeCCZSlLKSi0ZlY0Uc8MVrDzTywvNtS6XqvcawEk9VdBTaRnS62ufw8b6ZxnUarMS15KFGrfcI8opQjsJ0uuu7jI8qPfJG2jUpXQkwqPe246u6ZIf1ro7OzqgDY2GygDMK+1GsABpGFaAACL4NuMLT6qQS++f0op4QberlzN6EYEAA+XB1u9doOKUTG9jEBdvOdIhjYPRGnPNnkClFqrmyKijtjHqCEf7ZAt5a6Ucrlc5rc4n9fsjQ3E7rYq95c4MB+5jLB7g2EzjMF4vJ36N5ktKLh9oWQ4VqZc5ZUK43JCnyszngh7RIbeNb2w7nL5kD1OtWRh9DCq7bEHjIAF5VEC/dNyGhk7Lo6mZmxIZ+h3tlCl4FAZvv3YDT+MYQiaPey9uIXs5sPouUB9hhCXvUHbNjV9O8lhRqfhytOvY8V7JNuiobEVAbSDuHYPVn0vZrsUO28mpaSkpKSkpKSkpHwX+fU//3/NEYvBvxp0/43WDrJfQNi+3cpbiNFnC57k4sD/jLBtg8ftJz7kPR916ql/RP1izAXOMsvvW0o+v9cca8mspp/aTXyoL3CrL9SnyPRTgGCzbymycxTD//S//Pl/81/+rUiAmzIIxZXt/9a61lUJhHWt68tVRKOIPj1LPFGJL/rbL1+enp5qXT1zoXtRy1LUCYkoCOGylMvl8vj4+PDwcLlcirAIBTV8eHBuISIyARET0rIUZ7CwPihBn9XiEyzie3b+SfeO/yhgyQ+N4bMSCcMFZCWENViVUBljrkZUCxERF1iwMCLjwkspvJRSAKEyF8QChcHQAAZQDiSPJ1TYafZ9ILqwvbN4nu1IFwNXeodbo1FF4NA5EYYUseBN7nvtbPfEK88zZ9QzcNwNIZDSwiAiRdAYGaignefhQ4eaGCQ9V2R/sKZZak7WbusbyAP+WtYQmJQFh7AJhCVyrMqpRAYwaFY5X0Zf2xZNFpo3FZArVcEyqDJzVRAQAcjCpnIBpdfIPaSdaGGDEPNSFkCFNMWVLBOuVP2e4iAcQ/vmqqAcVfeGy+ZeqSJr5FLHw5kheHstSyYRAJdlKegoiw6MiSpVpkaR1CvIsEhJw6hknz7YYoercSNhGlmKrCM25EuvTAbfL751258NrHenNgCThiCWtKoWlhKAaV2v7YR67jlFv8zHrVMjvVcz+yTQ9hLbpSgPDrVTHUWhsHRcysIA8jFCAVamZsHF00hqnjuh5lxJIi3LUls8WAQyNK5cPLir50L0V1WYuQi+jNJaibNyMQiKaDuPdPuRc4ZQInD6HQEtWq5e3botHdmye5rQNZErS8bW6giDXNOVKjEXLMvDQp4tEUBwI2JC1gCJVEnCS+u9ibkoVRFa2NuyALSdQXb7svC+/lCwTW6vF+ilWixPm0aZDVEfBSAl6u6s4TmDAdiwey62xKIt8K9djwNyJkiSZri0qyYmnbUo3P6eQ9FchnbX7FHDmNiPhb5cQN6bmLwoY7d9tC6XxiCESoSIlSheZd5Xy5uo9+rCerduPSm2V6vf1/wWyfExPXunJCJ/fnnG9zmEqNolbW1tG23bOkXGBnsbUMx2P8YiuTqZlInOdn7tYYD2fGw3eYtmzhoD27i78i/KBeUgom8Sf4j7FkMMD6Ci+8BaYju2wZvtlWNt5i8PFVx8k9qhRsW2TL5xqRqGaPipv1BkFFlN2GrP6Napguny5dO/+2jqSpAY1A5V+r1JL4niz94OsD8TaSAlJSUlJSUlJSXl28i//evrP/mnfw729mnviTU9YBkIvfd1/yjznR37mSdtEMqNo3CogW60+/7q3U9vj3NnZbLM8lXlBSJqmGWW36Z8913XvdN9vn0sN8fyLWs8PRZ6+xiPQuDrCv/6z/Bv/01i8zWqc90Rwkok/wZhC7ZJK1Gt67oKPHh9frk+v7y8vFxfro4RPj09PT8/s/u0hdaFuJTy8Pi4XB4fHh4ePj0+fHp8/PT46dPj58+fPv/w6fOnTw8Pj5fLxVDDRcHBItkJG4erTZIbLtXYEwBMgBbhUz6J1IcmyjYjVu+0AqNMDSUVQmFdBSOsq4mwIo0BJbSLUgoBL4VR4N+yADEsAIy4ACOUBVC8toIJFAeqOm8dEFk8NSMQeAAy9bcSQ7cKYRc0IklzuyJAw/98n6Alu5OF8bR+2MVtm3FFfCTOOusIZRKfEqYePx+AYxlCkfOAhwWLMu/Ytzn6ZSNQEqBQMiPwayuIgBDdx+6dRGtJPAKE/aDEwW44o9YENMz/gbbvoOFHICCaAB8SydFYgsBECBIstCisY6dANqTgHurHVvaSJgddFnEpU6WqYUVjvMyIdSoOSpq5sBSJKVlrdcoaVWoXvWeiFEYdOCS5IAquQ0zshEKnhVlwPHL2rTnkEaHYqwcGggIAsLN2LewfQsu8qOdESZPcqhTFGhIrArRIgDYLtLiimsaShZpGyo0qKOQ6Ji4taqbFClUsWa47ZgtOKLcQhRXkv4LtivK17wfIUJi5VpLFXBZQhJo5EEaZzK5QA+1SQqIqk1PETFZzZb8jxD4ttSX5RcDyW6YASwyifwAAIABJREFUS9ZCJj1jhIhgJ0W2taAhDIACx8sFZ+usJwTtZhE5ZOx3Kr8xu3VZdjkjjIBYnUHIXBidt1mMheT4r12kusgSpJQLFPDLst0wHQvksCvancvo2YJf+Olpd9B2l2gp++SC1VybgV0XbgAbSMNAGPabgd95DL0bDiktai+P3K/YoX1dtsutmW0noqPi2RRKxJOakO8ef3rO8EtmLjd44Ra/13dKfHHVInw2fEguyJEM3KGDDhDK2lic3j5LJE8O9EPi1hjvFfauh68qscbF7U+i3/g53CB8u7XHUfg+YhcUGEnX7inhOxjEvHx6GDFazmDDgB1uBPDtHkZtL4S15euev9LG4dfwuoMfEKHoBvtbMk3fXaUU+Zo4ECIRLdK3/Rkg8pagUe0X/xIjd07w4LoObMtrVCkpKSkpKSkpKSkfRP7oH/9JJcLRcwtNx57RF/2uOBw1eGU7D+3pmr0Sw3hueZiPLQzlZBavspNllqfLxiCMLKjUU/8x6cYgfG/7AACh3mAeacPI2Nqbc44xvEM/s1mA6b/7h//Xf/1f/G1ef+M4GUVKnFHlvMYwQpKWEmh0NQqh/v/68nK9vkjiwZeXdV1lDGzurlLK5fLw6dPny8Pjw+OnT58/P3z64fHz588//PDDv/v58w+fP3/+9Pjp8eGyPFzKw1IuS7mUsiAWy6tTCiwFhYJoaXbEI6lPQvNgoRHjBmefkYVGoRajUPAM8WfJrANxkGp13mRdJZiguJWxlKUsl2UhBFhABowLADETMlUkYPVuo8XXQ1CqIwRegbgIlVQjWZYYFFYQ6EZPRGAMNawq0gZgAPfMI24e2Jgkr0GPRkgK5MEJQqiIZfOX9gHuUGKubo+DDqBUX70ynBwew2I4UnDLKjIh58g4qI16GJg6cQGAGTXCp4an01CUCvD4toibw6F3pu6SMxBKsDHPixY2km9Bh2oMjzDalnCqWjI5JrZrVi4zYC6lMDfjsgsBQAiFzLbrGBmw9d2trAdBZYnhKyBelfyLknLKwvQxNURLl5M0yKpQrDQ8MJEnL9QZoaPv1Y6r7mAuUPTsCEmM7Xq0k9VHxoseZV1sYEmOph+RnwHW1YLQzkktReOnNkCBLDKxMdKo1pUZijq0S4cr2JZnYEBGKOhUnsaokSixREAGqre9bmxTXIrwH2sDPBAYhPzEfnk2r7yzahQDoJAbEoxf2E72YhvLNq8TtXVF2biacn9vsXMRmUh9/Ni2eLiI2NhN9g/5FmlInmHerHwsC16pwUKVZ6lcU2M/S+BdrrWG+4Oc/qUgORxbLCoLyblGQCqAxGg3hwlEZ5WOlcRXHfzGpXc4dIIpGFs4bkiJsWkcXAlu3L2boli7LZudTXmCMNtS201Jn1tiVtEUzTAKLQ8iNlgxIJdhAsYJ7lYgNEJ7Zcbpkri5gSMwM9qF2LEPIZAFY5bBtlHjmjOQpIMMuQP7ZrotHeq03YP2kobzP9uN1K6XIhG4W9xKf3vDVjCkAYa2PY37xpp8k8GAKxGMaJphXA6qjniaQanbG1W3FdqsDe4zGDlcjR38ptvRmJrxMarjbI/UfotvxtEAOwbjNltCwNZpd0ScjjEd491D0yTLFw7jAgrveIY5b1bDd5GhnojyaorlRdRtbMFjPdhDSkpKSkpKSkpKyveVf/Yv/vIf/W9/Ch4eauqz9WAd7dX40AZ7H2x3rDisos0tJrJts6eHY/HYn7xnZ6cN3uvHPtNX6qkf6Y1BaDs49dS/vs7f1KbJvWOAwzbxv+PxQKwXf/A/+Id/+Z//6t9/efmtAGAOEAokVhX80hyEItfrugr69/zy8vT88vz8/Pz85cuXdV1FeX5+fnp+vq4WWVTcQ+ZpWpbLg8QMfXh4fHz89OnT4+fHTz98+vTDp8+fPn1+vHx6uDw+LA8Pl0+Pl8eH5WFZlgJLgUUIhcuylLIgFGCEqlbtpXUAjp6mQMXQ7G5y34kgADZ3JEtEPKpVQBNg4FppXWVZ6lplia4v68uLIaAvayUWd38pZbk8FAYkWgAuzAvAggiAJGEEsTIoaxABl7JAQQlEakgTGOVAvWrmwTWHIzIgAVaFLu2NHjLyliEY7Jhp9JzKCpgz0FJ4aYOWQM6SrHm+NcuuRr7BxF3L7i13Bqfc1tUTikWGX/ww9cwqY1M4cIZNBFDOHL4hECswCwlP8BWoa/VYZmThHAuipaUiFOqbQhEITFhwKcW89+RbRUbiqy9sP8kXKQsrHtJaa8Hip4g0riP44sswHSzUJTR8Tq88BGauqwKEOl2jsYJhgZXJco6hRr1kYq7uuG/x99hCDoLE+OP+hmFB4NrNQMehUeCgykdoEzPAlB0Qc9algB4eOrS7q0GAsPRfaDmquFFTsTnfpcvGl9I5YbxAu/C2aFXMpJevpjFWD7sQeFGDaVr6K4GxCxQNd1o1IxZyQcWHsIdQJF4iG3dQQw2yOdoRBackS6XM7TpqFnTJKwAwIiyL5ChtpDXSWfiV745/QAYgoQ8itHCafqW0syWB/Iz+Y+ccQF9llICkVrVgkZ2BgLJZ7AShJXGU7Sq4OxIxFLtHknCdfeQO35QIuSBLRlU17txqZobKUA0+kbvKSmBt7MYBwIU1PigWORC4AGMB0vuh7+SOoOwUtrYWCsuFGxQzUUXEUiSEcCCQAqMxkoX1KEYR2IA6fS6gIcZ2f62l4ZF6dpbSIBkEkLun2KFKZdErghiKUIT1MWUXjKZdbCgRQneehRAMEYkxRLDBYABlKbYeGPYZRtQ0oncT+Cuk6Q2XKoXPwR+qEyATAIAslKvwiZ1MjCCvOkAt/qpHu0EhEwqMiGi8TwZcCtpz2/GngZ1JcvoMq5YXAhRxtIykFnC6Uf90+jo0XdhSJP5rWxO0rJlxucakgFwMci4t06jsA7nVI4DT35kZCbEwKhRaum8vMo9lWN6BQupjYJY8tUVvlByG3WGEfqgj0HpRLwtqQmW9lO27gc2j6OroZi2yFcfXPtBzFsobOqBMZX2bArwPALaw1TzsvZSUlJSUlJSUlJTvIf/Hv/7rv//f/0t1FLQcLuwcPfnJ5r+o/NPmj/VIV1M/bfv54PV4sw1u28Rj+5yGUz/wvo4n2nxLO6n/fPULhJdiOz9Z6qn/iHTzwOiN8dSxiteE+vFYNGfV3E6772+PlU93+mX4s794/m//6N/8Z3/vb9T6V4J+CRYmcUQVEmQiIomoeb1eV6EHPr9cBQl8fpbsg9e6iv5k3EGKrr6yiAgw+PD4abk8LJdluSwPD5eHh8vj48Pjw8PD5eFyWS5LuSz4sCwPy+WylIdlKaVcFrwUXBZcChrLwjI2SYamFuywiZ+TEGjTM8op6UwAIZt0iykKzJpwsVZbgbqujg5er8/X63WtRMRATGVZFoJCXMpyASCGCyABEkFZlsIMCFRYQw2KM3QpzGVhIKd8uofUhokeosxST0kkQWrO4TAdcCN6wgOSBGwAm3mHnS5Hxj0i5ZgJEUypikCqeFw48qB1tu6ot3MwNzUAYFHXtE7ISSEKanKllshN0S0GMIyyISlCsagaKhMRANa1gjEzBMwV3piRCQkkIZPStZQvWMz7r15qC3Gm9LKCxEy1WuY/lL2xlMLA67ouGu1TAEJd9OqJ9xqpQmJjgvOxCirjUCDqehUuoKYTJE29KI5sFqAejalHlcx1bn52cjwRHPJrGKvtHgAALk4r6d4WCDEzQV31aFvHGrEmKrRbFDmQILEiuR3dTMrJ8qvOvq2qBe8tePbbshkm6asou9jQOfT5Whw/Aez05Tzj5thy+Ff5ltBr+xUE/Rt2RJqkv+CNb9emDc9BQUdW433YmvvN2wHiMLO4Nobd2ErK3iHyALPcHdvaC8rdzgN3/XSH7Cn+amGAZ/Q3hiHGwIxIdk9hu/oRlaSkex3sKGCGwpaWTXGldsbbU6/hYAPUh2Eh26ZCX98NPjhAUz0pygY7WZv2zMCgbdEX65lj4yGOYlxyCNCRLlqzD2D0P4/MGn5chrXY51NtT2X8M4bojFhahNMGjG1CDTSD3W6ZNGiD5OkSQ/fr2JfW71PM6HxI70LeVtUrHG1Noe2nbY8Ojm56RyPEBrDYTs+w0u2MtNvDYAqccNlXtlZB4dibZvLsmtjrxhhM9bDfpvdh/Ye9ykKt19c8NnFEwdaSFZR3O2GttrzVjl5s68K8+c41EX9A7e1me/b0i5eSkpKSkpKSkpLyPeSf/Yu//Pv/w7/8N399hfZ7YeZTRezrS++n3cU4ut+A02Pla/bYBoMDYedYPNP+Hn0yhtRT/7r6BcKv/9RTf62Odx/Lb+kXxnpzvNxh50z7sc3Qr/sWGdoLG9M5dusjnvk/+7+f/6t/8Bf/6d/7m3/r3/vNtV4FFZTgb5Jkr5LCYxJXc302+uAXzTL4/Pz89PQkAOHT09Pz9SoAYXRHloLLslwul8vD5eHh8eHxYVkeHh4lAeGnz58//fD50+fPnz99+vTw6fHh4XK5LA/LZSnLpSyLUA9LKcXQwaLcsUgTjBwLaN4u0W2xmB07kTCVDg6peEhVYibSZIMkwUU1oqoChM8vz08v1+u1ElfmSrQsZXl4KJfLUpYLPTw8MgMSiK+cCyyAbOl8AAC4MFGhpXApqGG3YlQx5ursLvWPBrYjMZGBMEZVUyqZQUXBTayTJ6draXxRNacUPAmlSkSrLMJaDQQT65WMKUTCNlD/uNMSEcJOUz+7g1bNZ+0DIIo5tMjOlOfBDJwu6gFCXNfV0Rr3bC7L4ngpgDpmZTMbDVMimZLFT2XFFA1BZABpvCyLJElSBmEPEEpqRAUIfbTuCGYCy5olM48EF2au66phMC1qH1GL0ScMQolEiMKGQYOgUGO1UWV35g7bG+QuoIu+RDADeomAxRQYQGAqxSah+DEgQil2Gpufm/U9OQtaG2mM3U7wtKB6nTpy4zHu3Jm+vbFGpMBvgB6pLjjm7UaH3az3UCLF7MaFYmicYwsSsr0TcyNNbtzb3LYoxvb9Ck1WHofG0z8nHe433uJAEeHYYpD+h5dGQbZfOy3e5gikxCiNvG3QICUMZTx6tMZB76beh0X16QzKsUQi2s6Vgna769CaKRy17Xewv13wM7IH4A1n1o3Heym0F0l4aHA8jL1dEZ6zFm/54PAQXycgTLEd+EZrojg59g17JLkf2AE86aCXh8AdF7P/Iwyi3YYCtocDRug2btbA5nUB/yLjs9iCgtM9Gc/4NPjpduOFCd5YtPeVzV0zDAXlOc8tzHFKSkpKSkpKSkrK95B/+9fXP/rHf/KP/tc/Bf0pMPhmww/c3vfb3BTx507ns412Xq0f2sGtf/tt/fZzPHEs3mc/9dRnujEIOcssv3+pif1ecWx8EryjZTiyuSkNe9eaGM53bIma4gz+x//5Lx8K/if/8d/4D/+DutTfPj9/EfYg6X8t26BnHXx66gDCta5Pz8/PLy8CIIq7vbEBUPPZLEV4hJcHyUD4+fMPn3/4/PmHz59/+Hd++OHx06fL48PlcrlcisQUHcQRwYJFIr811xh3PjKLkhiFI0Do4Jh7TiNQyMSadDCsgC+CJCB8enp6eXmpxJVoJVqWZXm4Lg8Py7JcaGUALIskmrOkg+qUdR/lwgsz48KlFI0v3hzxBhY62MGOEDJ5GjnwjywypyJXjRvXjtXYZu4pdmurJ1okolqvQqa8XqvChlU/N5ingpEYY04uj+onA6Y2VB3kABAisyBkfm6oxzVLO3dHACEozoTLstiZJUQkAsutWZ385QChtI8AYVkKgySdpGVZJLuVAIQSF3QpASBkJalVz4DFrBsUaODdDBHw1uuKAN67o8LuuK8W4xQBaq22XxiLRCtFTcqFpdsD9lBFYAhe1q0DPea4AiP0DU5kbUxkQSbJAnsGX/5whY21HNEI5ZLa5TkMSXXh3Dl04cBMdys8kM0UNrDckGttaH8SUuq6CEpYWNC7kKzGeJrGiY+nZoMd7oMfE8yp5XsLLLGBCrZtFvdDWEC7bQ0J6gwrmQ/rG8oxv+3V0gd4HMGbuIuOT80UuXkdRjjtawr1xbvKoEiDbdTQgx4PQC8H/KZzsbvunGfmLzRID7OR6E/yyHScDmmYCwbxz2O9N5sb6RmK/nXJxuS3qBGl20OLhx4ZeFOJEW8e3tg4uFnFx8oABx5wHF9xyfR3hvFGceb40w2/+x0lJSUlJSUlJSXlZyTrSn/xl8//6k/+6tf//P/5J//0z2tVb6pH+tj3u0Lvdw3+22OfbTntBw41OPZ4o/358rblLLP8hiX+3d//9Xe9J6T8ZORO58JO8zmz4+TxvP/R1DJPGw/u4e2BPHwc/9wevGe5N8yTZhxa7n46GdvG6sH4x+N2T8uxHK78Obl9bLqvUlJSUlJSUlJSUlJSUlJSUlI+vpx7sestb1t6sI27u2iBjeaHb4NhxGNut+m17RFjkBprN7PZ1OH43U+HsU0MT6Y9WYq91Tlc+XMBdfaa3b0dMhZIyjtI5iBM/ceoGz8v1rNz+Az+fre+Dq6R1/dl0a62diKILy2Qd+1Mch9u2m/byLysDVvuLfmPmce+sGu/Oy+Pwf2KNSk7aw4+frxlh8/2lXrqqaeeeuqpp5566qmnnnrqqaeeeuqv1PGO9mD6sY/xpO62rB5u9tvqzbeGO8firh0ESWljY9htE/vF2Aa2xzYd8XD8MJlL08fchLfX4VVt+jGDz/d1dlJP/aPoyy9+7w+/N4sxy59Gye9iJ5LR3nuEOFo+F3P09niaHRzXAYdPN+OZj8Hs8HQMo53tsRCEJcLqvJfduXQWWvupnX6+oAnRTrU/fe5stDjTW6KxLLPMMssss8wyyyyzzDLLLLPMMssss/yq5Wmf1bt4Nc0mnvSztX5dwsinES6no5V0K8Ost37IGO8TeehL6nH3WBvcvrcTxxkdfDrx6+JsXrdqNuPZm++Bh3ZnPHstD6KrHvlL3767svy5lwVlV2aZ5VtLfC9r8Opj4U7LBVD/ifU3a/BW+/PHvroX+xT3PkUc54uz3mfjwfDffJx4a9ZhbGLJ7b3fPhnm+x7lR7iOsswyyyyzzDLLLLPMMssss8wyyyyz/Nrlh/UmBfvqVQNoPsAzM2r1AIDDpxM721lYS9jaH2rmdgDOeC8BbGq748GbPucjDypOjp3V3F7bdytf7/e+fdayzPJV5S9//9cIE3FMO+uz/nQ939ee5/V8h50xLV1jx/YfGSo+bT9JQziM0w/c6TdE9LTDQ/tJJsJgn7lbB56sJ++N38a5SQEYxxlrdTzbCXf9dh3g1vobz3s4KK7DjfZZn/VZn/VZn/VZn/VZn/VZn/VZn/VZn/VZn/U/nXrs6jfHnLOD0/rYwFmAGzs4q0eG9kH8/6Rf9H47S+jtsW+/6Rdxsw5jJx0rsbODY7/DOIfPt+PU+U6sbOcbxjmxMm0f++0sb+s347xhZ++877fP+qyf15d2DXYlZn3W31+P33k8oG987LVvT4Ub9vvrwul4rT0etR/tI3Sjwr7f+OmN9dwdP87bgx/h9WhP5tEOTurB26sd3B0nbuZ1a539NR7Tw78Fg01oY/sg+zzrsz7rsz7rsz7rsz7rsz7rsz7rsz7rsz7rs/64fvRuYef+Mpeg+8fusD94zLr20YMHuOevwx1/JsbxNDvjeHAznmYHvT3utR96jPU4Gc/ROnQ1/ToglOP283XGyXzPnBf4hvvtYD2zPuvvqy/s9Kiu5KzP+q9ej/N6eLV9uH88yMA4az/UyKiO7XiNZOCL7XFzVD9f2OsXdV5mH4XpN5l7aN+NE2U84OsDMh7s5+vjDPXeHgEA5VMAQOa+1+2Y9+zPzhcMlmy+2q+X2EaCGHrBTb94o9+sz/qsz/qsz/qsz/qsz/qsz/qsz/qsz/qsz/q76w/9UeKzav6r6NeK/rONH8zrj8YT++WtFfHXobeUkUz8pTjzH/pRcpB6JHf8bAjsM4LNeDyYWt++mx2Dsfn6+fYrAN04bTywsf+W84uDndt+6d1+4bjfjQc12BnX4bvv86z/GdXj3/39X8NW0K6HrM/6u+v5jvY8qWf/47YdntRvPwp2eFvPUztjx8zbefXj5OGzoX3oeWKfNVrofF527DCLbfu2ntuFY8C+mlv9fecRxkXjNq9Z4+PzddT+XP2rZbD2sa6jrM/6rM/6rM/6rM/6rM/6rM/6rM/6rM/6rP8m9Thr+Tp5n3HimfbdqBFhGkOwtcejemz1uNseYfwE+/GEBlo/DKi1D4SmjX39xAbGvXGRMqRRCl2r/f3xx9oyrjP2/Y5dzLfKqfM1LhGHNjvtZ/V75/Go36zP+r16zUHo2ESWWb655Dva87zeN+wJO7xvc28kPFrmacveMssbIgczbRjivBd9i2dv5Irh7326nR1MR8v7KwMdPnpurfbsDKvd45tB7jt3WWaZZZZZZplllllmmWWWWWaZZZZZZvmzK3Hv06mfvzsKX2lZcgFyjy129VM7ONb40AZrGzshmyDufsqbTyejwu28hvYYxrm/DjjOFOZzn6zVuRWGcVTTT2+cwZ2RZJnle5SBQbj9POuz/pX1fLY9zOs7JO2GnQ3G2GzytF/e1vPUDg/98sgC7I+CsUfergMM8+J9+8N4AvS2a5+7Ge2uDwMYHhhtbsZze52htzBbtxE5vG9fHYwn67M+67M+67M+67M+67M+67M+67M+67M+67P+R1GPr7aDY70x5zbcvI0dvD2eCf6Gu3a6vjr8rWPdldDLjp2u/XZ9yoiYje0Hxt4GYbM8grN1i+PZrNuIKw7zvXudu3rcIoE63/P7YTuvD7XPs/7HV7/84vf+INxnOPXUP4au8jXsm+X7j2U0FK4bZ2uD4LkCra/D9tuxobfH4ZqdHavX8eQax9Zm51hfA4DWHrEhgWNf/XeSTRu0ftHttH5jX3v6rF8M/U716fqc0T/IPk899dRTTz311FNPPfXUU0899dRTT/0D6nf5mo79V/O+QsxMrY+6/93ZF8ab+t/2xn/cr9VrzsGhXzxq3+rVf4hxjNIexzZbOzAZW+gXx2PH9rgd56b9uD7beXlf4HPZ94va+HFbf0rH+ZqMY/jeez71n6O+k4MwJeWtwifa7Dbk84dPTfD+R3v2edp4rOFpbr8j29sDxgZjD0fj5606W6tts+k6zOZ8a+n2R36y7eSou052SkpKSkpKSkpKSkpKSkpKSkrKT0DwuHrn4/uM3TJ72BluPhmb4dwAjq261jufNhxwfwSbBpMh4XYus5pN3aRqM/4Tlndlbv8uAykp7y1FXPNZZvmhSr9dvtICfq2xyY34nqNutsehfXxvZ/vpdo6ztQpHoddsR4LTpy6jHIU7R8VebrYJo1XLyIjDsT6GvfId5bvv7SyzzDLLLLPMMssss8wyyyyzzDLLLD9s+Y5y7O9yXlrzkonfrHnnbo72jHfO2rh3rh+hWZgeNXhZcbNKVoPDsQdH7Xs7N+Ws/VFpLL2z7bfn/ajNqTNysKPu9SpnmeW3KJNBmPL1hE+02W11D4lw1pJvjOGVJEK+xdib2L6XRLjtZGN/os56mRuYrsl88tH+7KipnG958ui3GXxfKykpKSkpKSkpKSkpKSkpKSkpP3V5v3fWJzy1dzZ4s+XuEPZZg5PP94l9Z7iDSqA75Pa9C31w0skb6YNTJuWB8T0TN/iitw2kpHwFuTC3DKRdmfVZ/9Z6ONUeGfjIDt/uV2RvPLQ3Tp7Ub+3MZgHE0B91azw82qGgb9vrAHm+nrCx0Nnk7fg1zrbXwDgvhul8eTz2aD33633g5/bD5Pz27Xl7Rk6WKSkpKSkpKSkpKSkpKSkpKSkpN4QBXuN9mvi13uJfdcfhgR9yaycwA8Xlt2mvs5vYsdlP/HIAzIjRgrUc+h3Hz5pVEAqP8y2tPbb2UuNcwHn7zfjROrvHb6z1iJ4dcLqesNPv0XjaqJhhz3752v75rM/6G/XJIEz5enIaj/keJMK58TMkwtdkItzhHb6JRxhqjniEm2NvkwJvLNzhkE5KYnUpKSkpKSkpKSkpKSkpKSkpKSlRXs0S26P9nfs41h9mHNznDt6gBt7LHZxQ7r5m9sHbCQi/M30wGYQpX0suE+w6yyzfp5xy7+62wG/tC3Y+BcPobtrfWtgeu2mDFFh3e3PZ4RF6DfY8wvlMQVmYmzab2YX3eqB/A2ici9d3o2J/E0o5hbAzl7efd9j2nmWWWWaZZZZZZplllllmmWWWWWaZZZY/qnIqe+3v8oP1dkYuXdfy0L8a7OB25AyN3OcswC3LcOI7nXAHg51p+zB+6OKxTZh8nQWEaS+nysNjy73WhlLOxTn/dpZZfocyGYQpX0++JYPwW5MIZ8kIt23GBrP8ejeMvIpHuN9dbHQHF/BWRsfpwL+uJAcxJSUlJSUlJSUlJSUlJSUlJeXjyNfmeG0ZdTfbHQ/pVLrBOYfuvbiDALCh/c26u2Fk3s+0629OH0wGYcpHluUXv/sHLVJwllm+ZwnvZY1ffSzcbsOnRr6pgb1jD44SYH44qo+CbW3Go6TprTbgb+7srmE4dhtPfGLZjwqvCs3atGyFE5sHlt9SQpZZZplllllmmWWWWWaZZZZZZplllll+mPIdfV9FbYLDVMHzhpZZ8IbH7LANsDr7xmO39oO1nfZDjWYrxDKbF+9YY5zahL05hqNgdyTH1uY9Hls49Wlcw1MjyTLL71LiL3//1wNBN/XU30nnO9rzXpsuY96hHZ7UN3Id32Gfp+039gPXcH8MHMagbfhEm8k4T7TZWc/pGvL++u+t1dH53QsM2vRx/Hf1lXrqqaeeeuqpp5566qmnnnrqqaeeeuo/SX0MoAnhTf5te/t8qMe7+8KhDQ7t8aj9dsw4jB9OtBnslBNttnYQcDOXjR0ZMw5ttI8bazU/F1v7e+drx/5kzAf6yfObeur36QVY4AoBO1JP/cMwF8FpAAAgAElEQVTpsmlPtIdJPd60L5dEX48gqNoN+1JxYwywGYNO6LjNZJw4rMOsrzC2fo4K4WFrj9Ze14ARGG25Admnt7vm0gZ7BNIMAGCvq30MfWHsCzudo/4h9mHqqaeeeuqpp5566qmnnnrqqaeeeuqp36nv+Lsg6hO/2da35roXvc1zY4h9aRsIfsLYV++XG9tv7Wu/YOjgZjzYjQ15sIMn2mztQDe2nb6ALdQbDMfOxgmbMZyxP+rhfH2EfZh66nM9cxCmfD3hd2l7TybCWUs+/HTPPk/bb2ommQinzcaa+VHbVlNDfNymr9zY3FlNPvhrv6M9uT2T11r6/oZSUlJSUlJSUlJSUlJSUlJSUn4GgifafEUzs+PusrVpPFZMrOG2Hnf/mFTizMLc5nY02wHfsgNfOfvgmxMQ7tu/d2O8025MSenlwgqfQ5ZZvnfJd7QXObTDp6xt9nNneW+3K2twc9S0/WZegrkfjYFns+PNjAwjPF5DsNdQDnoc6ndsjrOez256dt5y37jv2HPn/Z4yJSUlJSUlJSUlJSUlJSUlJSVlT17h29wpcfTL3Szx0Cd27FVrx1qvG58Ye4bCZi2mI2TNTBbWAaJlnvXIioMhACNPxoldDSi/sFslxBGnKCfWFs2d2vU1G2cZzybqaKdnGdXCfAx4c2/gkff11OyyzPLblJqD8AOMJMufXnknsnN0X+XTT9JjzGv3njwibnrUtv3EwogPzue+xeJ59g1h+1SajAEmmON0tXlnHVrvMB3DdJUm30B21/N0ecrCO8oHuC6yzDLLLLPMMssss8wyyyyzzDLLLLP80OU7yoke8c1j3ljAsy3DOLHV45kRYmcH91r2NTgfw2CNcVOz7REAcdtmZwx4q8ephXEdzp4vX9TdNnPLB+XBaLPM8vUl/vJXfxx2Jaee+vvpfF97OGjDovNtOzSvp4huTY+NCJ7V01577o4FBKbN2Hgytskct/2y2TweM1to7jNrzjvr3OoP13Y7F25fHkbk8M7zfkO/Wc7Glnrqqaeeeuqpp5566qmnnnrqqaeeeurfQt/F4vryHfsNNiH46ODm2Jod7GyWppf9vnbqEbyv7ZixOxb6vhBx20bHsO0Xx/HDjTZtDDCOf97vMObJeh6vyXZtp+OZrvNNvdzZPvXUT+nJIMzy65XvzCA8zQA75t8fjGrDU+RzzDzLDXhiJNOYvlt+5BkeobEAT7Xs68cxHLAJT6zbZEbHI8kyyyyzzDLLLLPMMssss8wyyyyzzDLLLM+XO1y0I3Ryl3MGe23wRI+hHlrSwhNMvjl3cMp9PMEdBJzNfYfpuGk56Xfb13xtTzH5kkGY5Y+lXH7nd/+gYzunnvq76Xz3sXzQhhtO+Ip+rRoQGhw2Hjurh732vLE/ne/22BYg9HDMoVk8djbfaOPGOsR6H05vH/242+eOoY9EsCu7dvbOReqpp5566qmnnnrqqaeeeuqpp5566qn/HHSc109l8MWxaYd9oRznORFj+6EjQa4mdsZ6xIP2m/H4/6wep8fidC7j+iBYDr+uvrPfjsXNsWfOxcT+WR2PxmPKR9l7qf/cdfzl7//6e48h9Z+wfgJjivoU/zJTE7zsrn7Zdd4/lkeMcheX5Jl93mBhO8cybOq3xyp+dqNfaKBjvz7bY3fqed5mkP01P1hP0yfzfac9k3rqqaeeeuqpp5566qmnnnrqqaeeeuo/Gn0bGHRH38ENex332mwRxoYPevsJhrVpM6v3bmdj22BwONrE6bE4O3YzRz12gkvuHNvPEY/mGPqa46Rnz11cp0mbG3ju6/tNPfV79QLMAAzMDBx0yPqs/1D1AADM+BY76PWw317S+oV63GsPY70+WXinTayXy3Col6P7ejSQcD5H6I4FRmBs7cHn2rff1CPoeKCtg35H4DYjZEbgcX3ayIEBg96vA8j6MCMHve9X/+1oiX630vpmH3b6hdRTTz311FNPPfXUU0899dRTTz311FP/yvotPxX4/0Vv4bwY3A9m/rGp32zjt5z12/kJxXcHVioVorU3f130yzUf5tRmVy++x8Y2mPsJB39g6JeZwX2ovb9UUYuZHzXYR7aDJ+Oc+U5hXJ9uHfZ8raP9O/zYtvLT8Xwsf3vWZz0DZA7CLL92yfe154NP9W5/ws5+9ju+OapZLzy1OeuFpxZ2Mgieyke423JvtSF8CzlxFib5FI/P5iBvPSN3lUdjyzLLLLPMMssss8wyyyyzzDLLLLPMMsvvXR7lBbyrPMiTp+UgVr+fr+5s3r6JHWiMwxMZB3eyCZbTLac2nTt4YhbzlrezDx5lBzx/RjL7YJY/jjLkIExJ+SqyRZTe0vy8tZ2WfKvB9CM+aD+rn+Nos2Nn1TMcjmFi48YUcDqQuyZ+VM022q6883zfM4yUlJSUlJSUlJSUlJSUlJSUlJQfseylFrzj+OiLu2F5t7eDYYwfIQLufLR7FE4qJbbnzqFTy+PhlvbwxoAPh3jHxF/X0a1eUlI+llz6K5BTT/29dQSgd7RpENRr7aDnGTxqjxbfU+sRjQJ3sq9iIN/xOqAEPt3aQQUPp4+TaJNn9U0QAIa5HOlbgI/bs3scZ+mPVYI/zuzzfecLD9vcJd99/6eeeuqpp5566qmnnnrqqaeeeuqpp/6j1l8h79Av3miDR3bwYC7H/Ta/HEo9jvV77Vs9jvW4N2bc+hgn40RwePHkOhT7q5/LzfXcXbdTOh6siet4l83EblL/ujr+8ld/DCkpX1fekUR4ROW7wxDf7GlDvbvR85byNyPv7XU6bzutvZdKGGZ7H5vwXLPdT+476ckZTElJSUlJSUlJSUlJSUlJSUn5+cj98OPOEUeGTnYyNgtUvWMLOPtrY23PzmlGIM4bH4xtJCvujuHk5+dWEof/v9LMmw5ISblLLjvXYUrKO8o7BZ58Z1PH1nCM84lgJMKtTF8p2lg46BSNMXii6WwM/qbMVPSQWaOT67lvP752MP9gKve1vnFwSkpKSkpKSkpKSkpKSkpKSkrK95Y3+9nvMXCj7XlTOPljB+q7YR8n9XPMbNZyz6xid/Ox7Bh5BTr4PlDrrZb3bZEEblK+ulx2qEspKe8r70kivAckfBOJcKfujmSEeBePcI4RHlq4mxTIO4kJzxz7hkNec5vZPSafjSkpKSkpKSkpKSkpKSkpKSkpPyo549DavNh/qu203bEzLh4SDDkueOQ43RAJuqNGwsW8/dy/O6k07uDWa7rHZ5CMTrOBH8uRx/mUN/r2CX5f5ktKyntIAbBMo3IDSD31n5RebrXBg2NxW49nbMb2iFM7835L6MXrERFxYh/32gMeXNcIiFgAC+LusQdrMhszyEjwcB0ACkIBKKZj/+n83GFv/yvpH2Svpp566qmnnnrqqaeeeuqpp5566qmn/o31r+132vGbbcvoNxP9aMyv8ONhmG/XRpyPWM74FTd+0bJv86j91v7YL9qw9ucyq9+sGx61n/R7uq/UU/8p6JmDMOWbyT0vSNxo++0yEe7k+7uTd7ibkvAsj1BNHPf4mhSDB+kJ7zX1DSx8C5MpKSkpKSkpKSkpKSkpKSkpKSl3CH5MozcsYPv8Zl+bBofH4p5N3OtrrMR+fDcGEz/C4e8Th9xYgFMn4kRHGV805SPKpb8sOfXUP4SOkcn+RptC3j5oUwxoOncsorHg7xoPIhCfGlsxIvxYb0T97fhhZzzyJ92cOyIDoEGT8/H3cNwrzkXZ1B/jrOf2yevH0+vvtt9STz311FNPPfXUU0899dRTTz311FP/8Dp+3zEM8r728aANjiga3hrnrB6nvj5xseHcJu7Ub+yYrXvGI3bm53QyThjGuetjPDj2Tv3u/XZ8XlJP/X305Re/+4d+w8gyy69Z8n3t+eBTjoDem0rubE7bwLQvPrCMO9YQmWfW9trPe9k+Bid2eKi/McfYBmIvvLfOeGr8ry/xbfq7jyfLLLPMMssss8wyyyyzzDLLLLPMMsufeYlv9ll9s/FAg9QMnLISz1ne1OO839DPzhxxb+44HTPi3ggPRo6IY325sea4mdfG5ofYdVlm+RXL5Xd+7w/BMpxlmeWPpCwILOrpo3hez6eOnfRVTh47Gfkd9Xf3Ut7w6dAGpcZSKB6vdpke+113SJZZZplllllmmWWWWWaZZZZZZpllllm+Y/nd/aJo5Y3xlJBZMBx7ZhazNghQdj+1Jjv2cW/1Jv5Dyzt4MPedMeNmBV4301eV5eYIy702P8h+y/KnXy6/+L0/xI9DaEz9J67z9xvDTtBSeVfkxLF497E4ny82HuG59rANKirtEWBmJ8wX7xzb3A74QZ44eRPQ+8axO/p33A+pp5566qmnnnrqqaeeeuqpp5566qmn/kF0DSl5y582HisS/XWofLjbx+6PIdQ3HyDyxhvpTsNdmwgTmzAPuOmYxcn2pqMHNvV6CwyK+/O1njbH4u1jRx0Hm7tr+HH2W+qpqygWDQEzTD31r6a/434b38g4cWyZ15fO5v3H4vutw7QeoehbMNN1wN11KDq2+bFF3uu5c83NplnG0gaBr1kHt1ls/TGci1esbeqpp5566qmnnnrqqaeeeuqpp5566ql/KH3wd019YmdtluiLM9rexv5dY5uNIbAGtz46aYgHvruig5v1O5mvcwdPtje9AB7Ma2/upc3x7mNHHQeb77Bn7tsPqaf+Jv3v/OqPv3uc0yx/TuWdmQiPsv0p/4ze3vuJTITy6bwvPp7XXn7BvUyKe2Pgw9UQnqHK0dwPLXy98wsdbfJgnFlmmWWWWWaZZZZZZplllllmmWWWWWb58yoH2WbUCyW+ucd9C7jbpo3tlIVTeQShHfU+eQfN5nGexXfLPgg3x3l0Hr/e+c0yy7Nl8X1sYHfqqX9VHe8+Fvfa4P1jwHk9nrRZyrS+HM9rxyaaTNpPx4kIqG/u7KwtHo3f3x6K8522wVetrZ/fEA896Dq+0gaK+sYTFNM/wP5MPfXUU0899dRTTz311FNPPfXUU0899a+ob31iW78Z4J6f7dX+/Ft+v7HfsY0Ofs+/Kro23fdtTvoNeQcnY97rS52k27W95X/GNt95m531OWNzqN/1wR7oidek/m31ZBBm+c3LY5berOS9T5WvdicX7SvwCPnQ8rFN5hucv6m13TUZVwbm6xPGc8QpfMNZ+zZ741YJM+ZiSkpKSkpKSkpKSkpKSkpKSkrKTXkVA+xmecxv+4a94I32bR3gFrMNb7H9NpYRgPHA5i1rG/4f3J71u3EHJdPhjaN2e/nueyPLLLXEX/7qjwERmLPM8huWdPdRsPepoHPI79I7nBwh8e6xsD9O2P1UYMK71wqADmaqPd5aGWrjh4N1fvMZfGX5Lne7j7Dns8wyyyyzzDLLLLPMMssss8wyyyyz/HGV7+KD/5ajPdfSB3frKDxjGRiw3DsqZAYsNoa75lKAGcpYj7dXwD7dHPuKNcRhPNs2R728+QxmmeU7lfh3fvXH3+n1i5Sfs7yK1bV70Ct4YvvN+UQbAACef3x7LAddH6TqOzR4e/InZ8UHf52QJOulpKSkpKSkpKSkpKSkpKSkpKR8bcETbQ6a7x6O55qFz4/b7HSMB0fdMjj7HM8ceNv8Hat6w9yd5+eNh6WkvFouuelSvofgu4JJCJuImm8zNmrTdjjFCG+PZf/THZP2bNizKc/FY5jQL/TjRRq+A2wa31ji49tJwocpKSkpKSkpKSkpKSkpKSkpKSln5A1u+8mhZ62dQNq83X3QYDjuY6KDd8g7m/sq1lJSTklhADbP/VBmfdZ/zXq82w7eaI93jAeP+kWvx0M7iLvjPLQPuDtOTUM8HT8ejgcZEbCt0s464N4DfGecaP0ig9lHYPv3nvMe7ISyr///2bu3tdXN8+7i9w0cRbzKZu3Y3muTNMvvENomTZO4n1fn2cSJ457VfLohBAIESCBA76PfUK+R4f9kgl6mHfeCCObz96fdbrfb7Xa73W632+12u93+iP3y62P7V8kG3X/P63Wn999zPzty77z0umW095+XX8frOf/9W4N54f77z7O9fTav2R7tEVdfZ25/Nc//XHH1deCD5+3Kn0vfeV77c/S6qP01e/6//UeMdi9s0vo5Xcbdvly4ze7r5oafQwx7rHcX76eU3r1cu//OOffcpnQvCbzheXt38bm683kb8ByWsffz0D7/PGuttdZaa6211lpr3d85g3NoO8/dJm+4zzz4Gbuc+b0Hl/2du//VucfN7aUWF57ny+fQXDt4vO/e1Dz/83ZO4dJzMvQ5PHzeLjxXo/58zz5vWj+6fQchXksZcJvhv6OMv8fzNy8DbtPeoP8Wg07n4g3Ofivh0BMbdKsBdzjZs3rrPQIAAAAAAADVMugDJm/4krz77icP/mPsHQ74xsFhd37jJ4t2bvCcrx4cd2d3/R5gEnwHIV5LTv5O0ch7PH/z7v805Mpd3vx9hNfuPDPKhbu4/N2E3X9RDnyn8Oi/D8ruP+784uMTyqB79CYiAAAAAAAA3jqjvgHwIQ9722t7Q37X2dvU++7gtHh/Bq9k4xV4vDEuvaGWN11EOM17hP3XEe4udr/6Nt7Zc2i+6G//Xt243969TW4/unQw/e8XXmDwfQ97e9C/HwEAAAAAAFADk73ONeyO8sb/7X0OP9WLVw1GlPvfGjxzqxz0uuHE7w4O+l1ezMRbwxWEeDkvv4jwCdcRDn2L8dJ9Rwy4mnDAO4XZudm4p+n0vy3K0V9M+t8n/ssJAAAAAAAAOObkVbP7XkYbcb3gsDfcrrw1eO+7g8+/dtDlg6iVTSml+ZbQ7RVQWr+JfnfuNluX0feZUd7136b5j8u32XZGlp5/prpv/105h9L5KU7vJyMj3m3P4czPmG0PeaymDy8rHPG85Zm93PPnO/7PTmuttdZaa6211lrruXfeez/b1+LKzffT/kdkkxll93rg5dcSO7c//3OVOHubtq+9/tncJvrPIUspuRpwnhElYjXgNqOfw7zy3L767zGtR3X+9r//9/ifCOYXuIy7fbnwq6Xpd7ecSRnwiOdv0/lZ+h+9DLyHAbfpXE141/2cu/2lZ3gq958bAAAAAAAAUB/nXyXLh7/6mjc/1tnbH/xcmTffz/Ft+t7F232y6NBHyTvPpPfRL/7eS4/Y66s/C/PDvdp9JVnpfD2Z1nPvuHCb9n+wccv959nb5IDbbHv/74nj2zQfFBo54HyyuZ/z55Oluaaw/bfUxfu5es4nt9/ef5Rsf/ZLz/ltvTu37HZEbh/1bHfORmuttdZaa6211lrrWfSV17VOXwe7/hrgbb17TS8jYvsq4sjHunT73P3szT3n5dcehz1uc6/Zc5vY38/Vc47Oa7AXbzP4+Ywhvzen+7PT+om9vYLwlLJ/Gd5uf85ext2+5+a725fdX950PuXs7fdfgHvw8H23L9FeR3jmfob/vOfPZ//uYBn88458no+HGPD82+12u91ut9vtdrvdbrfb7fZn7dnd8/rtz+559fbbX22/aPDi7Xt+5ezj9t56/4jHv3hyP+35nLmfkedz8vO2OeD5H3L/159nu/0J+ypKKRHlxHb73Pe8cPso27zt/vPs7WN/m92jnLmfKJF56X6yRHTP9uL5xJXzz+Z/YtN8bGdk52c/uX1z5l3H9fs/+KkzSjSP2Doax7ZLiQN3nrfZ/P1jt9vtdrvdbrfb7Xa73W63z3Dvvp524O7rb4evzm1fPzx4xfLa4+5emTx6nbDnDHevN8b+ES/f/4DXM3ePvr0Cr+d+YnueefF+Oj/1mfvp/Lzj/lwOH+Xin9d8/v6x2wfvvoOQZ+UJv4lwf29x4/mUYY979ZzLpXMo1x5r+Fkd3/P2cWPEMzDy+Z/qT/YZ33fIzMzMzMzMzMw8J1/51rrHfUfd9XvesV1y+Pf2jbxl3zcOlojV0Hvr/CyTfu9g5xyuPWO+fZDfrNc//vzbM/8UFrt97nvPe1/d2+dTHjcH3M/pvyU6t4/OVejXz6e5t2G3j4zd9xSWiIwspVw5z64v/PfH2Oct+u6//Yl257n3bm//P5EbPOXF1na73W632+12u91ut9vt9mXvzS+O9unrXa27r4/1vG421euZp/d/9vaZkbt91T3bIa9/5rDXY5tnpvO638ntc3/Olx93tV9WFx53yPkf73nweuz521963CnPx25/xO4KQp6bh19LF2V/Bd4F769dezf5+ZSeR7l8JpfOodxwDd/Yay73V1V2/x+chzwWMzMzMzMzMzMzv8DjrlHbkRElx17fNv72F943HHGf7W3O31uJW64djFE/3ZVHn+B8mB/n9Y8//3b/t/rurRCtX9Yx9X3G7j4zmuvnJr3/3Xvvzdttl27fnMvFc4jO5W9D7/PgZ7xy+4P73z4nkZmDft7dYx09bvf/g3j53z9aa6211lprrbXWWlfc3dfidn302t2l++m+Hpi7PVdDfm+nR92+uXqy8dnbby8/zNWA+2xvk1efq3HPcx7/jBdvf/5n0fpNdP72v/+3579PtH5ll9G/t4y4z3e3nFu5dJvdvUcZdp+ltH/Zf5ty6/Nw+TzPnn/pXlPYnsKdf47ljt+rtdZaa6211lprrbXudt5zP0efnbrd87b7zPHnsL3S4NxtVuN+xmzPf+LzPHx+8srtz71Xe/V5eP3fS1pve7V9Gb95h0Drajt2nbfcT166Te46ht1n879GOX+b7S9HRLb3GYPPM8ru7bmBP+P+f7+zfZRon6W8fJ5XfsbonM+o3v28l3sOf19prbXWWmuttdZaax0RV1/Luvm1shz82uBBH72+1/xq8xpg6bwSOOZnzDGvy7WPsHtr7Px5dp6rq+fTvk4bl89h9OuHcbCPfH1V67fZvoOQ5+ky+neVIbfcX+E3/VmVG87/2rcSHtzz+Ofk9t+1e1YPvndwxwz+DmFmZmZmZmZmZuYD79jvo79T8Mi3fWdelgHfz7e7rm70mUz9vYPtx4kOPp8cff++fZBn6OY7CLv/paH1HLrc8nsHfcBnPPD8S3cvA3/vuIvRS/c/Bp5bl7E/Vxx0Kd1zvvqFhFprrbXWWmuttdZa6wn73Oty+9cYm28TvOuxdm/ejb2f3W+6cvvuTYfdf+77ygeR3vKzd17bzOu390GhupbefwchMDPKgNvc9pvKHQ9w7fcd/+LwBymDbn3nud/7e8/d5S33+YDzAAAAAAAAAN4YOeA2fb/txt93+U7v/b3X7iCP/nPsKV35fbecf/bmlI9w5xMLPIpN/wcQ5pkPJrTbZ77vP0b0wu0bSmbzAdc3PO67K7cvu337WAPuPyIzy7vjDyu9cD67z8K+63l796Q/r3J8njnDv3/sdrvdbrfb7Xa73W632+32l++r1fXbd19tu/1x43CPMffT3sF2iTh4XfT49rndY8x5dp6H7mu/F85n5POQ+311/farmf19Yrfft/dfQbj7B9puf+lebryfcvX2+38Rnd7VsPMsV25fRt7+YC/nPgz0+Pb7Xxh1/5ced4r7efxeJvl57Xa73W632+12u91ut9vt9in2PP7gy5meZ3uud99P+/P2XRp3dPvdVYO33P/hXQy9/fX7j2jfEjw+zXO3z5uf/+PnaGZ/P9iXu3e/gxCYG71/3071W3v/5TLxYxzeZNyPk/3/eh3+iHc8e313BwAAAAAAAOCtMcmHW47/ZND25oM+ePTcww39rXd+suiAe/ARoaiRzfaN74YSWs+pM0q58ffuPgf07G0yYvtZntu30EefZ0aWK7fpvkFfmn/Wypj7j2xvX0adW5e7/ix6//uh3HefWmuttdZaa6211lrryTsnup/TbqccdPvcd458rM7thz1WNC+gjvy5ctTzFvc8h95/0fPt7hWE3QsNtX773XyX37Db5+2PVZ7yc20vKLzlPA8uIZ7sfM70DP7ctdZaa6211lprrbWutmNAT3H/2Xlna9jvbV/AbD68c+z5dG6fw885b/gZ8+zz2Xf7nPDPaw5//2jd+Weh9zsIgTlRBtzmzt9deuoBD3Nyw9serdzym+//EadnPmcCAAAAAAAAvIoccJvnkEf/Oeb33PyD3HYHtzxWXviryR5kyt8PPJRNKaV5x3Dnhu5it790L/feTxly++2jNH956/mXm87n+NNDhz1u6b7Xf8Sg+zn49Fb/PWC32+12u91ut9vtdrvdbre/ZL/79c9b9tzv+2sF2zMpl+5nR7N07m3s65zNh3uW7Z5XHrfdM+KW1zNXB3vuH/fc/Qw9H7v9re752y/+9/hXmGfnctc99P4TcPFRyu1n2/du5KCzuvlnLLef8wGDz5yZmZmZmZmZmZnfsDtv842/h+zez43nkAfLasyZ3/SIeeHRz3nEWQ34GZnn5/VHn3+b0UNzG7t9Hvvpe1kPetwrH3o59n7Gn0+5+fw7n/F9liv3k9s7ivb/M5ju57Lb7Xa73W632+12u91ut9vtT9jzeN+9aNjx2Pvffd1fHj7E+PPM433o+Zz8XIMfN2+4n3z5n6Pd/vC9vYLw9FZaz6vLvfcTw2/fXpP3nHN+d7SXK7cf87jl/uf/mHLfuWmttdZaa6211lprrR/Uu7/ucMd95sGeN99P23mwDz23ux43b7ifvP/P4v7nSuuH9/YKwtL5e555lr7jUz93HvEpnpc+L3viM89z53b8Odq3Pfrp/18wwTOZQ85/0j87ZmZmZmZmZmbmZTnP/mp2HCd9k49o3yk7fw4jnP3nf88zMMyrC+dw+bl9/Z8+88O9yojt29mZWs+4p/h7NSNWA2+fTecE57+69dxy6O+98rw195PNz5IP+jNqzn/3lB14lZnbM9k/t/f0TP6e1FprrbXWWmuttdZ61xO99tW8kpbN63nR78f8LO3rh83reKspXovL49d1R5x/3vlzrfY97LXlyZ5br2HqN9K/+eKHl79LyTzMk1xRFyUiy7hHnOaqu+Hn/6irCbs+vkb3S2wAACAASURBVKrviFf/WU/758jMzMzMzMzMzPwY5wzOYZiPOPzVSa4U7DqPlxFX5p383vEefe3glH+OE5w/8xOcv/3ihzN/7xe7fX57mez+3w28/f49qDLNz1VG3D4unc+kz/O7o71MfP92u91ut9vtdrvdbrfb7Xa7/TX7mXf/HvG4ebyvRt3P6buIo88nL59P7/2cvF96x/OQE92P3f7wff3R5992//cCWs++yzT3k6NuXyb9Wcq48yyPfB62nb3nGZ3bXKBMcw5aa6211lprrbXWWuuh3Uv2dD7+fLJnb77uaMT9THCenZ89B/3eHHCbO58Hrefa+dsvfmhH5rfiST8Cc+iHd77b9UQfbDn+pzj+WNCec3u8zz5WzwejMjMzMzMzMzMz86S++FGd8cQzOfNYt3xY6fFlhjc4h5zbkSf+KNAJfgrmZ3pVImJ7PRPzW3FMeW9ZSg65Ze4eNyb7KXLc78pzZ5u33NuN3j3WsdtvNy0RcdkxnWfwdyMzMzMzMzMzMy/aMYWHvKrWfhRm/6tz7d09+uc981jZvnp5y73de1a572HPw9DXhIf7Oa/NMk/p3RWE0f4NrPVb6Zj4Pt+Nftwyh5+lXL5Nmc2f1839bgbnoLXWWmuttdZaa6312I4ZnMOdvbp0m9U995+TnGfecJ8x+XM1zc+i9ZM7f/PFDwG8VcqA2zzoLktPPfHhb/2tD3jGAAAAAAAAAFRCTnKTB/3m83c07G4ne/CH3ynwBDadv3nz5BNI7faZ783fv5Pef+6+lfDy7Ve7b+PL7bcSTvJzRd9PNOx+up/uXS7ff7O/u+M87Xa73W632+12u91ut9vtdnsde1y/fd7/uDHh+efY899+MOrkz+dqovux21+wrz/6/NsA0CXbf61cv90B5cztbjqDo39fjr+D7v9deZSenwUAAAAAAABApVx/6XDYC4zDH2sybrxw0LWDwAmb3ceOMr9ZN0x9z/tPjh766BkltlcTTnUmu/8Fyrt7f5Zdl6uPtfMDnlVmZmZmZmZmZmZ+qk9f9zvjnPBxp3/fIW/7uXLKc7jlWWWeq9cfffZtHL3DorVuOoffvnOVffMe3MTnk5Htv1Mn+bmOrhu8/rjHP+Nc/oy01lprrbXWWmuttdb7zpPX9M7fvvs6YU5yDu0dTf1zZf/PeO33rh70PD/kZ9T6yZ2/+eKHXXfe19D6LXY85P7LjedQHvvzlgc+n2VOz7/WWmuttdZaa6211nrfecvvzYeeWz7u510d7GN+9pzT86/1/Dp/88UPAdTDdN8DePsdl7N/8Sje+oM85fwBAAAAAACAGZEDbjOvO37yw5w8wOBHfOCpPenJBZ6A7yDkytzwgHvevrM+8Bz23xqYkRGlPPynbvoxP/vuGTj3q0Ofmavnz8zMzMzMzMzMzAM85fcFjvIzvnsvj5cxrx8+8JnxvYNcldvvIHz9mTC/BY94/zFbl91+7/to4x736c/MbX7ke5rMzMzMzMzMzMzz9eqOV9Wed5554gc+4uG7eznuEVcPfWae/oor84O9/Q7CGZwJ87QuD7z/W64HPDifd/U9J8zMzMzMzMzMzFyDL3yS2KN88r7e+HN47Pt3L3hOmB/tVZQoEczVOR94/7G9FnDk+eRuye29PP85yY5f/mfEzMzMzMzMzMzML3cevnL41Ec/eaV0/Dnc8mrt2Ofn5X9GzNN7FRkZwVyj87H3v4rMsb8rI3P7nxGZsWr9oucnz/jlf3bMzMzMzMzMzMw8oc+9EpjPP5++10VvemXylldob3jeXv5nx/wQr3/82bfbrwE7vcLQbn/ze+dTqh/0uHHb/eT2N7dLzvF5y/Y8s+fzvmdxnna73W632+12u91ut9vtdru9u3de2Tt4fW8W55k9e3OeI+8/Rt7+ln1Gz5vd/pB/Hn/zxQ/dXet6uzz2/svNv7ec7jGj521IP/i51VprrbXWWmuttdZaH/Txe21z7jPXWeSN93nyfuLU/ZaeW61v7tX2r9pPHdW63t5/evVD7j9ju43+vXl6bnHy6dvz7v1nlN/ULz9/rbXWWmuttdZaa62f3Pe8nvbI1zkn7b7XOXc/y/j7vP012IH9lp5bre9s30HIS/ODv2Pvrs+8Pj63l35D4TM9l08/Z2ZmZmZmZmZmntpLfO1r9y2Dh/t9r82uHnrOD37dmHl+Xv/4s28idpf5Mi/HsX2j/EH3X+48t90Z7v+i+eVXP29P/jNiZmZmZmZmZmZ+057D62xPcnMBRR/3PRv50DNfLfBPijki999BCCyVMvs77r+jh503AAAAAAAAAAzizDuCF39logeY810D82fT/yZDnnnzwW6vcG/+NVAG337kfvpLo+9n96275WiOcrK+/vm02+12u91ut9vtdrvdbrfb7ZXvefb2OdnjriKmeX31dM+J7sduf8O7KwiBLr3/oMzzvs/e3SN/BgAAAAAAAABL5OLVdpNeivfY6/pcNQhs2dz3TWnMVXq2303YdZyc85ajf8WV1z+fzMzMzMzMzMzM/MY84J20qR+3+a7BR71n0VyQ+MjXfpnflF1BCJzjwVfiPfDuL9216wsBAAAAAAAAnHLtHcGHXXv38Iv6XDUI9LC7grBBa33U5eGPNf0/g3my7zn9l2F50M+ltdZaa6211lprrbWea+e+e7nwGuNE55Btl8f9vKsH3KfWlbQrCIEhPOu6uyc9zvWHcaEhAAAAAAAAUAeX3wkcd6s7ecqDPPmRgDfKppTS/i8BskQ5tN1u3y3vnv245SU/7/5/P3C0vJvpn4vdbrfb7Xa73W632+12u91u3+8jvxvw8eeZnf1J70dkRsztz8Vun9uev/nzD6P+24J5wS6vedx4+iM+8SctT3kUZmZmZmZmZmbmuTmf+oj57J9x9arn9uk/KfPb9KpEieYTfttDa32m8zWPG1GyfZ/wSY/bfPZ3No/dPnJzLhN3lsjm88Y7PYM/a6211lprrbXWWmutJ+voex1s9+sPe/3t6PW9p/y828d81XMeL/+z1vqtdN8VhHHmiiW73V5Orq574fmUVz0P5UWPa7fb7Xa73W632+12u91ut9vP7fmax13N53nou3bw9X8udvtM9/VHn3/TLqefQ6q17u3ez+19RWfJiJLPP4d4ZDMzMzMzMzMzM9fqR7+29qzXJE/7xa+X5gzOQeu31L6DkPk2911FNx+/m8E5MDMzMzMzMzMzcx2OGZzDJfveQebRXpVwOBw3HPnyM7hydrvPGHc4HA6Hw+FwOBwOh8PhcDgcjrHHm3mNce7n53DM83AFIfOdLjM4h8F2ZSEzMzMzMzMzMzOf89yvFDxyzuAcmN+q1x99/k2c0Pyq3W4fvPf8yhzPc/fv+I6P9zmcp91ut9vtdrvdbrfb7Xa73W6fdj/3emB3n8N5Dtpz5O3tdvvxnr/58w99vwTgZnr/cXuz1PXTAAAAAAAAAEuh5020N01tPw/wWja7K5+adxG7ttvtE+1lZuczZs/Dvbz6fOx2u91ut9vtdrvdbrfb7XZ77973iZtzPM9Be57sZZbnabe/1b1zBeHprbTWE3eZwTlorbXWWmuttdZaa631PDtncA5aL6L7v4MQwCMpA24DAAAAAAAAAMvBJ4gCT2XTfnzgKcVutz9m775NP4fzsdvtdrvdbrfb7Xa73W632+32V+05s/Ox2xexrz/6/Nu+WwN4Dq4mBAAAAAAAALBMet/MAPAMNumfQOCVNP8AepsQAAAAAAAAwHLwxgTwYjallP0/id2rDLXWz+4yg3PQWmuttdZaa6211lrrx3Vuay7no/VCexUZzUWE2R7Zabvd/sR9FZlzOh+73W632+12u91ut9vtdrvdbp9q9/qn3T6j3XcQAjOk+VZeAAAAAAAAAKiAjMhXnwOAAzbb9wy37K8tLFHsdvvr9oP3CGdwPna73W632+12u91ut9vtdrvdPnbPmZ2P3W7f9vqjz77d/xPKzHN0mcE5MDMzMzMzMzMzMw93zuAcmPmsV53PH3U4HPM8ms/mHmWHw+FwOBwOh8PhcDgcDofD4ZjqGPv6ZL78jB0Ox+WjvYLw+MpCrfWb7oyM7V/f0uXWx9Vaa6211lprrbXWWs+w877XDF9+/lrribu90ig67xpqrZfeq4jOlYivPx+ttdZaa6211lprrfUNne1rfTM5H631XHr90Wffbt8rPP0EUrvdvvQ9Z3Y+drvdbrfb7Xa73W632+12u33InjM7H7vdPq89f/3nf7R7lvZWWmt90u9mcA5aa6211lprrbXWWuvLHTM4B6313Hu17bI9tNb6TGdEvvoctNZaa6211lprrbXW5zpLxKvPQWv9Nnr90eff7j911OFwOK4fK2ZmZmZmZmZmZp6lHQ6HY9DR+Q5CAAAAAAAAAAAAALWziXz1KQAAAAAAAAAAAAB4Fqsosf2/OLHdbrfb7Xa73W632+12u91ut9vtdrvdbq9rz1//+R8REREZ2X47odZaa6211lprrbXWWmuttda6zvYdhAAAAAAAAAAAAMCC2ERE/9cQFrvdbrfb7Xa73W632+12u91ut9vtdrvdXtvuCkIAAAAAAAAAAABgQWz6304EAAAAAAAAAAAAUCObUkpGNtcXdq8yLGG32+12u91ut9vtdrvdbrfb7Xa73W6322vbVxnNETvHtu12u91ut9vtdrvdbrfb7Xa73W632+12e237+sPPvm36iO67iHa73W632+12u91ut9vtdrvdbrfb7Xa7vY49f/2nf8zrjOx2u91ut9vtdrvdbrfb7Xa73W632+12+8P2VYkSJUo5sd1ut9vtdrvdbrfb7Xa73W632+12u91ur25vryBs3j9kZmZmZmZmZmZmZmZm5qrdXkEYsX8XUWuttdZaa6211lprrbXWWmtdabuCkJmZmZmZmZmZmZmZmXlBXn/42TfNX2VkaX9Fa6211lprrbXWWmuttdZaa11l56//9I9oyIgSWmuttdZaa6211lprrbXWWuuKe1WizObzTrXWWmuttdZaa6211lprrbXWj23fQcjMzMzMzMzMzMzMzMy8IDffQfjq6xi11lprrbXWWmuttdZaa6211k/pzncQAgAAAAAAAAAAAKidTYkZXMfIzMzMzMzMzMzMzMzMzE+xKwgBAAAAAAAAAACABdFcQQgAAAAAAAAAAABgEWwiMtu/aC4s1FprrbXWWmuttdZaa6211lrX2uuPPvum7dNPILXb7Xa73W632+12u91ut9vtdrvdbrfb7VXtvoMQAAAAAAAAAAAAWBCbUkrPW4nMzMzMzMzMzMzMzMzMXKPzV3/6x6vPgZmZmZmZmZmZmZmZmZmf5PVHn34TL/8mRK211lprrbXWWmuttdZaa631U9oVhMzMzMzMzMzMzMzMzMwLcnsF4RzOhZmZmZmZmZmZmZmZmZkf7PzVn76PyNguJSPbXy12u91ut9vtdrvdbrfb7Xa73W632+12u72y3RWEzMzMzMzMzMzMzMzMzAuy7yBkZmZmZmZmZmZmZmZmXpDXH336TQAAAAAAAAAAAABYBpvYfe4oMzMzMzMzMzMzMzMzM9fuzhWEzaK11lprrbXWWmuttdZaa621rrfzV3/6vt2YmZmZmZmZmZmZmZmZuXL7DkIAAAAAAAAAAABgQfgOQmZmZmZmZmZmZmZmZuYF2RWEAAAAAAAAAAAAwIJwBSEzMzMzMzMzMzMzMzPzgrz+8NNvZnEizMzMzMzMzMzMzMzMzPx4r5oLCJmZmZmZmZmZmZmZmZl5CV5/+Nk32X7eaPOeodZaa6211lprrbXWWmuttda61s5f/fH79q8OLy4sxW632+12u91ut9vtdrvdbrfb7Xa73W63V7ZvryAsxzdnZmZmZmZmZmZmZmZm5grtOwiZmZmZmZmZmZmZmZmZF+RViYgSzMzMzMzMzMzMzMzMzLwEd68gTK211lprrbXWWmuttdZaa6113b3+8LNv4oTmE0jtdrvdbrfb7Xa73W632+12u91ut9vtdntle/7qj9/33EprrbXWWmuttdZaa6211lprXWOvmi67Tx3VWmuttdZaa6211lprrbXWWtfb3e8gZGZmZmZmZmZmZmZmZubKvf7ws68jMrYUrbXWWmuttdZaa6211lprrXXF3fkOQgAAAAAAAAAAAAC1syl9a/d7Cu12u91ut9vtdrvdbrfb7Xa73W632+12ezV75wrC7q201lprrbXWWmuttdZaa6211jX27jsICzMzMzMzMzMzMzMzMzNX7/zlH78/mhtOb2632+12u91ut9vtdrvdbrfb7Xa73W6329/63nsF4TxP1W632+12u91ut9vtdrvdbrfb7Xa73W6337tvryA8pftb7Xa73W632+12u91ut9vtdrvdbrfb7XZ7HfsqSikRpesoJcJut9vtdrvdbrfb7Xa73W632+12u91ut9e393wHITMzMzMzMzMzMzMzMzPX6lU07x8yMzMzMzMzMzMzMzMz8wK8isiMYGZmZmZmZmZmZmZmZuYleP3hp1/3XVuYUYrdbrfb7Xa73W632+12u91ut9vtdrvdbq9sz1/+8fuIiHbRWmuttdZaa6211lprrbXWWlfcq2g/brR0PnpUa6211lprrbXWWmuttdZaa11l5y//+H3zniEzMzMzMzMzMzMzMzMzV+/1h59+HQ3NprXWWmuttdZaa6211lprrbWut/ffQQgAAAAAAAAAAACgeprvICy7Tx3VWmuttdZaa6211lprrbXWWlfc+ysI53FFo9Zaa6211lprrbXWWmuttdb6gd35DkIAAAAAAAAAAAAAtbOJbN4pbChaa6211lprrbXWWmuttdZa64p7/eGn3wQAAAAAAAAAAACAZbCJzAE3AwAAAAAAAAAAAFADm1JKtpcUnl5kaLfb7Xa73W632+12u91ut9vtdrvdbrfba9rzl//198h2LEVrrbXWWmuttdZaa6211lprXXH7DkIAAAAAAAAAAABgQfgOQgAAAAAAAAAAAGBB9HwHITMzMzMzMzMzMzMzMzPX6lVGRCYzMzMzMzMzMzMzMzMzL8HrDz795uXvUjIzMzMzMzMzMzMzMzPzc+wKQmZmZmZmZmZmZmZmZuYFef3Bp98030bYvGeotdZaa6211lprrbXWWmutta64VxmRGbv3DLPz/qHdbrfb7Xa73W632+12u91ut9vtdrvdbq9s9x2EzMzMzMzMzMzMzMzMzAuy7yBkZmZmZmZmZmZmZmZmXpD330EIAAAAAAAAAAAAoHo2+eozAAAAAAAAAAAAAPA0NuXVZwAAAAAAAAAAAADgaXSuIMyMUrTWWmuttdZaa6211lprrbXWFbfvIAQAAAAAAAAAAAAWxCYidhcRFq211lprrbXWWmuttdZaa6111b3+0BWEAAAAAAAAAAAAwGLofAchAAAAAAAAAAAAgNrZlFIic3tVYdMNdrvdbrfb7Xa73W632+12u91ut9vtdru9uj1/8V9/z/ZTR5mZmZmZmZmZmZmZmZm5bvsOQgAAAAAAAAAAAGBBrCKiuZiQmZmZmZmZmZmZmZmZmav3KkopEYeOk8Vut9vtdrvdbrfb7Xa73W632+12u91ut9ew5y/+6+/Rvlt49Amkdrvdbrfb7Xa73W632+12u91ut9vtdru9sn21/ZXtu4i7vwq73W632+12u91ut9vtdrvdbrfb7Xa73V7fvoqMjDhwnCx2u91ut9vtdrvdbrfb7Xa73W632+12u72Kff3hT76OyIgSmVGK1lprrbXWWmuttdZaa6211rri3n8HIQAAAAAAAAAAAIDqWUUpEcHMzMzMzMzMzMzMzMzMS3D/FYQZ228ptNvtdrvdbrfb7Xa73W632+12u91ut9vtNe2d7yBkZmZmZmZmZmZmZmZm5trtOwgBAAAAAAAAAACABbGKUqJ0PnVUa6211lprrbXWWmuttdZaa11vu4IQAAAAAAAAAAAAWBCbUsosPuuUmZmZmZmZmZmZmZmZmR/v/MUf/h7Zvl3YbFprrbXWWmuttdZaa6211lrrSnv9wadft50litZaa6211lprrbXWWmuttda64vYdhAAAAAAAAAAAAMCC8B2EzMzMzMzMzMzMzMzMzAty+x2EczgXZmZmZmZmZmZmZmZmZn6wt99BOIMzYWZmZmZmZmZmZmZmZuaHu72CsKHZtNZaa6211lprrbXWWmuttdaV9vqDT79uqnnPUGuttdZaa6211lprrbXWWmtdcecv/vC3yIxSOm5uVex2u91ut9vtdrvdbrfb7Xa73W632+12e2W77yBkZmZmZmZmZmZmZmZmXpDb7yCcw7kwMzMzMzMzMzMzMzMz84O9/w5CAAAAAAAAAAAAANWzyYietw6bzyG12+12u91ut9vtdrvdbrfb7Xa73W632+117f1XEDY3sdvtdrvdbrfb7Xa73W632+12u91ut9vtle35iz/8LWJ3GWHzXmLbdrvdbrfb7Xa73W632+12u91ut9vtdru9rt13EAIAAAAAAAAAAAALYhURGdl1nix2u91ut9vtdrvdbrfb7Xa73W632+12u72O3RWEAAAAAAAAAAAAwILYZERERvtBpMzMzMzMzMzMzMzMzMxcsdcf/OTryL63Dpvb2O12u91ut9vtdrvdbrfb7Xa73W632+32ivbV9jNHY/fZo23b7Xa73W632+12u91ut9vtdrvdbrfb7fbqdt9BCAAAAAAAAAAAACyIVec9w63zZLHb7Xa73W632+12u91ut9vtdrvdbrfb7XXs7XcQNp9AyszMzMzMzMzMzMzMzMxVO//1D39rriVsFq211lprrbXWWmuttdZaa611xb3a/lWJEqG11lprrbXWWmuttdZaa621rrtX/Z8/uj3sdrvdbrfb7Xa73W632+12u91ut9vtdntVu+8gZGZmZmZmZmZmZmZmZl6Q999BCAAAAAAAAAAAAKB69t9ByMzMzMzMzMzMzMzMzMzVe38FYba71lprrbXWWmuttdZaa6211rrWXn/wk68isl2K1lprrbXWWmuttdZaa6211rri9h2EAAAAAAAAAAAAwILYxByuY9Raa6211lprrbXWWmuttdZaP6VdQQgAAAAAAAAAAAAsiE0pJbdvGmYJrbXWWmuttdZaa6211lprrXXN7QpCAAAAAAAAAAAAYEFsopSIbP9Sa6211lprrbXWWmuttdZaa11zu4IQAAAAAAAAAAAAWBCrUkqUYGZmZmZmZmZmZmZmZuYlOP/1P/8W2V5TyMzMzMzMzMzMzMzMzMxVe1XC4XA4HA6Hw+FwOBwOh8PhcDgcDofD4XAs5WivIGxo3jnUWmuttdZaa6211lprrbXWWlfa6/d/8lVTGVmiaK211lprrbXWWmuttdZaa60rbt9ByMzMzMzMzMzMzMzMzLwg+w5Ch8PhcDgcDofD4XA4HA6Hw+FwOBwOh2NBhysImZmZmZmZmZmZmZmZmRfk/XcQAgAAAAAAAAAAAKieTUa++hwAAAAAAAAAAAAAPIlNidK3N1cY2u12u91ut9vtdrvdbrfb7Xa73W632+32qvb81//828Fturbb7Xa73W632+12u91ut9vtdrvdbrfb7XXtvoMQAAAAAAAAAAAAWBCbiNx9CWHzxqHWWmuttdZaa6211lprrbXWutZef+AKQgAAAAAAAAAAAGAxbHL/ZiEAAAAAAAAAAACAytmUUl5/HaPWWmuttdZaa6211lprrbXW+im9iozmIsLcHVprrbXWWmuttdZaa6211lrrSnv9wU++DgAAAAAAAAAAAADLYLV9zzBy//6h1lprrbXWWmuttdZaa6211rrSXn/wydeR7aeOMjMzMzMzMzMzMzMzM3PVbr+D0OFwOBwOh8PhcDgcDofD4XA4HA6Hw+FwLOBoryBsaN451FprrbXWWmuttdZaa6211lpX2u0VhNF517D5HFK73W632+12u91ut9vtdrvdbrfb7Xa73V7d7jsImZmZmZmZmZmZmZmZmRfk/Pl/ftdeWNhsWmuttdZaa6211lprrbXWWutqe7XtEhFFa6211lprrbXWWmuttdZaa113r6L93NE4/QxSu91ut9vtdrvdbrfb7Xa73W632+12u91e177+4JOvo2EWVzRqrbXWWmuttdZaa6211lprrR/Y3e8gBAAAAAAAAAAAAFA53e8gZGZmZmZmZmZmZmZmZubK3f8dhMzMzMzMzMzMzMzMzMxcpdfvf/J186GjzMzMzMzMzMzMzMzMzFy9fQchAAAAAAAAAAAAsCA2pUT2/ULz/qHdbrfb7Xa73W632+12u91ut9vtdrvdbq9pdwUhAAAAAAAAAAAAsCC2VxA27x8yMzMzMzMzMzMzMzMzc93On//+u9hdW9hsWmuttdZaa6211lprrbXWWutKe/3+T75++buUzMzMzMzMzMzMzMzMzPwc+w5CAAAAAAAAAAAAYEFsStm+X5iRJbTWWmuttdZaa6211lprrbXWNXf7HYTbhZmZmZmZmZmZmZmZmZlr9qpEc8SJ7Xa73W632+12u91ut9vtdrvdbrfb7XZ7bbsrCJmZmZmZmZmZmZmZmZkX5PX7P/nq9WfBzMzMzMzMzMzMzMzMzE9x/vz330VDs2ittdZaa6211lprrbXWWmut6+3eKwibOn1H0W632+12u91ut9vtdrvdbrfb7Xa73W63v+3ddxAyMzMzMzMzMzMzMzMzL8jNFYSvvo5Ra6211lprrbXWWmuttdZaa/2Uzp/9/rts/6p541BrrbXWWmuttdZaa6211lprXWv3fgchMzMzMzMzMzMzMzMzM9fp/PnvvwsAAAAAAAAAAAAAy2BTovTtzfuHdrvdbrfb7Xa73W632+12u91ut9vtdru9qn37HYSvv5SRmZmZmZmZmZmZmZmZmR/vVUQpEczMzMzMzMzMzMzMzMy8BPdcQdhwLYVQ6AAAIABJREFU+l6i3W632+12u91ut9vtdrvdbrfb7Xa73W5/6/v6/U++Ov4VZmZmZmZmZmZmZmZmZq7U+bPff9e8VdgsWmuttdZaa6211lprrbXWWuuKu72CsKF551BrrbXWWmuttdZaa6211lprXWn3fAchMzMzMzMzMzMzMzMzM9dq30HIzMzMzMzMzMzMzMzMvCDnz37/14hXX8eotdZaa6211lprrbXWWmuttX5Ku4KQmZmZmZmZmZmZmZmZeUHOn/3+u+atwmbRWmuttdZaa6211lprrbXWWlfc6/c/+SpO6d7Kbrfb7Xa73W632+12u91ut9vtdrvdbrfXsu++g3AGVzMyMzMzMzMzMzMzMzMz84O9ihIRhZmZmZmZmZmZmZmZmZmX4N0VhA1Fa6211lprrbXWWmuttdZaa11xr9/75KsZnY7WWmuttdZaa6211lprrbXW+pHtOwiZmZmZmZmZmZmZmZmZF+T1+598Fac0v2q32+12u91ut9vtdrvdbrfb7Xa73W632+vaXUHIzMzMzMzMzMzMzMzMvCBvv4Pw9SfCzMzMzMzMzMzMzMzMzI93/ux3f41srycsRWuttdZaa6211lprrbXWWmtdcbuCkJmZmZmZmZmZmZmZmXlB9h2EzMzMzMzMzMzMzMzMzAvy+r1PvmovLIwSobXWWmuttdZaa6211lprrbWuuNvvIHz9W5XMzMzMzMzMzMzMzMzM/HCvSkSUYGZmZmZmZmZmZmZmZuYluHsFYUYpke3FhU3b7Xa73W632+12u91ut9vtdrvdbrfb7faK9v13EAIAAAAAAAAAAAConk3usnn/UGuttdZaa6211lprrbXWWmtdb7uCEAAAAAAAAAAAAFgQm9y9Z8jMzMzMzMzMzMzMzMzMtXv93idfRuw+Z7RorbXWWmuttdZaa6211lprrSvu/Onv/jqj09Faa6211lprrbXWWmuttdZaP7LX7/sOQgAAAAAAAAAAAGAxbHZvFUbzqaNaa6211lprrbXWWmuttdZa63p79x2EhZmZmZmZmZmZmZmZmZmr9yoiM4KZmZmZmZmZmZmZmZmZl+D1+9srCBuK1lprrbXWWmuttdZaa6211rri3l1B2Axaa6211lprrbXWWmuttdZa65p7FaWUiIhSIrTWWmuttdZaa6211lprrbXWdXf+9Hd/ncWXITIzMzMzMzMzMzMzMzPz473avmfIzMzMzMzMzMzMzMzMzAvw7jsImZmZmZmZmZmZmZmZmbl+r9//+Mv2esKMUrTWWmuttdZaa6211lprrbXWFXf+9Hd/DQAAAAAAAAAAAADLYBWv/5hTZmZmZmZmZmZmZmZmZn6S+68gbK4vtNvtdrvdbrfb7Xa73W632+12u91ut9vtle3r9z/+8uBWXdvtdrvdbrfb7Xa73W632+12u91ut9vt9rp230EIAAAAAAAAAAAALIjmOwhL51NHtdZaa6211lprrbXWWmuttdbVtisIAQAAAAAAAAAAgAWxKaUcfRhpQzn5kFK73W632+12u91ut9vtdrvdbrfb7Xa73f7W9/zp7/7S+csuxW632+12u91ut9vtdrvdbrfb7Xa73W63V7av3/v4q545o5S+m9vtdrvdbrfb7Xa73W632+12u91ut9vt9re8+w5CAAAAAAAAAAAAYEH0fAchMzMzMzMzMzMzMzMzM9fq/Ol//CVyd3FhMzZZ7Ha73W632+12u91ut9vtdrvdbrfb7XZ7Zfv6vU++evm7lMzMzMzMzMzMzMzMzMz8HPsOQgAAAAAAAAAAAGBBbEopTTXvGWqttdZaa6211lprrbXWWmutK+5VRmRmRkSm1lprrbXWWmuttdZaa6211rru9h2EzMzMzMzMzMzMzMzMzAvyavee4d55stjtdrvdbrfb7Xa73W632+12u91ut9vt9ir29XuffBUAAAAAAAAAAAAAlsGmebcwSmFmZmZmZmZmZmZmZmbm6r2/grD51FGttdZaa6211lprrbXWWmutdcW9yvbjRqP9MFKttdZaa6211lprrbXWWmutda3tOwgBAAAAAAAAAACABbGJiGz/omittdZaa6211lprrbXWWmutq25XEAIAAAAAAAAAAAALYrN7qzAyoxSttdZaa6211lprrbXWWmutdcXtCkIAAAAAAAAAAABgQayi/bxRZmZmZmZmZmZmZmZmZq7eriAEAAAAAAAAAAAAFsRm925hRJR9Z4lit9vtdrvdbrfb7Xa73W632+12u91ut9sr29fvffxV9P2K1lprrbXWWmuttdZaa6211rq+Xu0qI7TWWmuttdZaa6211lprrbXWdbfvIAQAAAAAAAAAAAAWxGr3fiEzMzMzMzMzMzMzMzMzV+9VlFIiokSJ0FprrbXWWmuttdZaa6211lrX3fkv//GXAAAAAAAAAAAAALAMVlE6f6W11lprrbXWWmuttdZaa621rrpX208bbT51VGuttdZaa6211lprrbXWWmtdda+ilCi7Tx0tEZ222+12u91ut9vtdrvdbrfb7Xa73W632+117b6DEAAAAAAAAAAAAFgQq927hczMzMzMzMzMzMzMzMxcvV1BCAAAAAAAAAAAACyITSklIyNKRJbQWmuttdZaa6211lprrbXWWtfcriAEAAAAAAAAAAAAFsQqSonS+dRRrbXWWmuttdZaa6211lprrXW97QpCAAAAAAAAAAAAYEE030EYJYKZmZmZmZmZmZmZmZmZq3f+y7//JbLvrcPm1+12u91ut9vtdrvdbrfb7Xa73W632+12e0X7+kcff9m+W5glyqHtdrvdbrfb7Xa73W632+12u91ut9vtdntVu+8gBAAAAAAAAAAAABbEppTSVPv+4d52u91ut9vtdrvdbrfb7Xa73W632+12u72yvf0OwtL3O5iZmZmZmZmZmZmZmZm5Lne/g7Dr7meS2u12u91ut9vtdrvdbrfb7Xa73W632+32SnZXEDIzMzMzMzMzMzMzMzMvyOsfffxl97NHtdZaa6211lprrbXWWmuttdYVtysImZmZmZmZmZmZmZmZmRfk/RWEAAAAAAAAAAAAAKpnkxGR2b5nWLTWWmuttdZaa6211lprrbXWFbcrCAEAAAAAAAAAAIAFscnIyFl82ikzMzMzMzMzMzMzMzMzP9quIAQAAAAAAAAAAAAWxCqiuYSQmZmZmZmZmZmZmZmZmev3+j1XEAIAAAAAAAAAAACLYXsFYXbeM8yIzLTb7Xa73W632+12u91ut9vtdrvdbrfb7fXtriAEAAAAAAAAAAAAFoTvIGRmZmZmZmZmZmZmZmZekF1BCAAAAAAAAAAAACwIVxAyMzMzMzMzMzMzMzMzL8jr9/7py8iIEns3dBe73W632+12u91ut9vtdrvdbrfb7Xa73V7Fnv/87/8TJzS3sdvtdrvdbrfb7Xa73W632+12u91ut9vtle2r3l8p0f877Ha73W632+12u91ut9vtdrvdbrfb7Xb7m95XsbuWMPLAdrvdbrfb7Xa73W632+12u91ut9vtdru9ur3vOwiZmZmZmZmZmZmZmZmZuVL3fwchAAAAAAAAAAAAgCppv4OQmZmZmZmZmZmZmZmZmRfgc1cQZnsru91ut9vtdrvdbrfb7Xa73W632+12u91ez77+0T99mae3ySgl7Ha73W632+12u91ut9vtdrvdbrfb7XZ7ZbvvIAQAAAAAAAAAAAAWhO8gZGZmZmZmZmZmZmZmZl6QXUEIAAAAAAAAAAAALIhNKSUjy/ajR7XWWmuttdZaa6211lprrbXWNbcrCAEAAAAAAAAAAIAFsSolovm/CK211lprrbXWWmuttdZaa6113e0KQgAAAAAAAAAAAGBBrEopUYKZmZmZmZmZmZmZmZmZl+D853/7n8j27cLmewm11lprrbXWWmuttdZaa6211pX2qkTnPUOttdZaa6211lprrbXWWmutddXtOwgBAAAAAAAAAACABbEppbme8MAZWcJut9vtdrvdbrfb7Xa73W632+12u91ut9e2t99B2POrzMzMzMzMzMzMzMzMzFyb2+8gdDgcDofD4XA4HA6Hw+FwOBwOh8PhcDgcCzjaKwgbmncOtdZaa6211lprrbXWWmuttdaV9vpHH///AAAAAAAAAAAAALAMNrl7r/D0E0jtdrvdbrfb7Xa73W632+12u91ut9vtdntde/cKwnmckd1ut9vtdrvdbrfb7Xa73W632+12u91uf9jefgdh6bs9MzMzMzMzMzMzMzMzM9dl30EIAAAAAAAAAAAALIhNRB69cRgRkVHK8RuKdrvdbrfb7Xa73W632+12u91ut9vtdrv9re+n30GotdZaa6211lprrbXWWmutta6285//7X8O9q7tdrvdbrfb7Xa73W632+12u91ut9vtdntdu+8gBAAAAAAAAAAA+L/27mBJiuOMovDNqnoGwbA2MF5YsoSfwsgWXpsZvaaRxLP9XlR3T0O3lszAn98J+8Thzihi9hlZCUzEkmRkJGNkaK211lprrbXWWmuttdZaa6179/rir78+9SElAAAAAAAAAAAAgEdiS8blx0iZmZmZmZmZmZmZmZmZuaXXF7f3Gcfjwn3TWmuttdZaa6211lprrbXWWjftJSM5/H9orbXWWmuttdZaa6211lprrXu3NwgBAAAAAAAAAACAidj2c8L9TuGnLrvdbrfb7Xa73W632+12u91ut9vtdrvd3mxfX9z+evm7zMzMzMzMzMzMzMzMzNzSxzcImZmZmZmZmZmZmZmZmXkCL6kkxczMzMzMzMzMzMzMzMwz2A1CZmZmZmZmZmZmZmZm5onsBiEzMzMzMzMzMzMzMzPzRB7/+M/HHLh8o9But9vtdrvdbrfb7Xa73W632+12u91ut7fal8NeV88P7Xa73W632+12u91ut9vtdrvdbrfb7XZ7q90bhMzMzMzMzMzMzMzMzMwTeb25/fXyqiEzMzMzMzMzMzMzMzMzt/T5G4QAAAAAAAAAAAAAmrNUJfv/Eq211lprrbXWWmuttdZaa6117z6/QTgOm9Zaa6211lprrbXWWmuttda6aXuDkJmZmZmZmZmZmZmZmXkie4MQAAAAAAAAAAAAmIit6ulPKZmZmZmZmZmZmZmZmZn5cewGIQAAAAAAAAAAADARW9V+UrijtdZaa6211lprrbXWWmutte7c4x/vPubJ7zEyMzMzMzMzMzMzMzMz86N4vbn99XBUmNTxAFFrrbXWWmuttdZaa6211lpr3bKPNwh39pNDrbXWWmuttdZaa6211lprrXXTXm9u75Nx3JiZmZmZmZmZmZmZmZm5s71ByMzMzMzMzMzMzMzMzDyRTzcILym73W632+12u91ut9vtdrvdbrfb7Xa73d5sd4OQmZmZmZmZmZmZmZmZeSJ7g5CZmZmZmZmZmZmZmZl5Ii/JGAkzMzMzMzMzMzMzMzMzz+AlqUqYmZmZmZmZmZmZmZmZeQaPN+8+jiRJRqoyjvcLq2K32+12u91ut9vtdrvdbrfb7Xa73W6325vt64vb++T4k317sN1ut9vtdrvdbrfb7Xa73W632+12u91ub7UfbhDWtV9nZmZmZmZmZmZmZmZm5mb2BiEzMzMzMzMzMzMzMzPzRF6SMRJmZmZmZmZmZmZmZmZmnsHri9f3GTmw3yrUWmuttdZaa6211lprrbXWWjft8ebdx1ywf4HUbrfb7Xa73W632+12u91ut9vtdrvdbrc329cXt/fXfk1rrbXWWmuttdZaa6211lpr3bDHm3cf94GZmZmZmZmZmZmZmZmZ2/v4BuHX8LcwMzMzMzMzMzMzMzMz8xf29TcIAQAAAAAAAAAAALRkS1XG8V/7yaHWWmuttdZaa6211lprrbXWumlfv0G43y+02+12u91ut9vtdrvdbrfb7Xa73W632+3N9vXm9f3Yf/6pq2K32+12u91ut9vtdrvdbrfb7Xa73W6325vt4827Pz7fDlz8rt1ut9vtdrvdbrfb7Xa73W632+12u91u/8b39cXr+893ZmZmZmZmZmZmZmZmZm7q628QAgAAAAAAAAAAAGjJVlVXDg73b5La7Xa73W632+12u91ut9vtdrvdbrfb7fZe+9U3CJmZmZmZmZmZmZmZmZm5p5eqJJVKUlprrbXWWmuttdZaa6211lrr3n26QbhTWmuttdZaa6211lprrbXWWuvGvd68vv8qrjIyMzMzMzMzMzMzMzMz85e3NwiZmZmZmZmZmZmZmZmZJ7IbhMzMzMzMzMzMzMzMzMwT2Q1CZmZmZmZmZmZmZmZm5om83ry+318j3AettdZaa6211lprrbXWWmutdeMeb375I+P4zyqttdZaa6211lprrbXWWmutdeNeb269QcjMzMzMzMzMzMzMzMw8i71ByMzMzMzMzMzMzMzMzDyRH94gBAAAAAAAAAAAANCebeTJDymZmZmZmZmZmZmZmZmZ+ZG83ty6QQgAAAAAAAAAAADMghuEzMzMzMzMzMzMzMzMzBPZDUIAAAAAAAAAAABgIrb9AmGSjFRprbXWWmuttdZaa6211lprrTu3G4QAAAAAAAAAAADARHiDkJmZmZmZmZmZmZmZmXkirze3dxc/2bn8L+x2u91ut9vtdrvdbrfb7Xa73W632+12+7e9L8kYyafOxWK32+12u91ut9vtdrvdbrfb7Xa73W632zvs3iAEAAAAAAAAAAAAJmI5nh8yMzMzMzMzMzMzMzMzc38vSVXCzMzMzMzMzMzMzMzMzDN4/PTLH0n208JKtNZaa6211lprrbXWWmuttdaNezn9s07SWmuttdZaa6211lprrbXWWjftJRlnXx3VWmuttdZaa6211lprrbXWWnfuJVWVMDMzMzMzMzMzMzMzM/MMfniDEAAAAAAAAAAAAEB7llQlOX56VGuttdZaa6211lprrbXWWmvdud0gBAAAAAAAAAAAACZiv0FYhzNDrbXWWmuttdZaa6211lprrXXrdoMQAAAAAAAAAAAAmIjl7MyQmZmZmZmZmZmZmZmZmZvbDUIAAAAAAAAAAABgIraqGkkln3ikKna73W632+12u91ut9vtdrvdbrfb7Xa7vdnuBiEAAAAAAAAAAAAwEVtVjeOhYVW01lprrbXWWmuttdZaa6211o3bDUIAAAAAAAAAAABgIv7kDUJmZmZmZmZmZmZmZmZm7mg3CAEAAAAAAAAAAICJ+JMbhPt3SO12u91ut9vtdrvdbrfb7Xa73W632+12e6/dDUIAAAAAAAAAAABgIraqeuq/AQAAAAAAAAAAAMAjsY2cbhgevV8xPF/sdrvdbrfb7Xa73W632+12u91ut9vtdnuLfX3++n4/Kjz+4oPtdrvdbrfb7Xa73W632+12u91ut9vtdnuzffz0y+/JOP60tNZaa6211lprrbXWWmuttdaN++EGIQAAAAAAAAAAAID2XHuDkJmZmZmZmZmZmZmZmZmb2g1CAAAAAAAAAAAAYCKu3SDcv0B6eaJot9vtdrvdbrfb7Xa73W632+12u91ut9u/8d0NQgAAAAAAAAAAAGAiliQjSTLG0FprrbXWWmuttdZaa6211lr37vXGDUIAAAAAAAAAAABgGpb9nHCcTg611lprrbXWWmuttdZaa6211n3bDUIAAAAAAAAAAABgIs7eIGRmZmZmZmZmZmZmZmbm7naDEAAAAAAAAAAAAJiIsxuE+7dHM87abrfb7Xa73W632+12u91ut9vtdrvdbre32t0gBAAAAAAAAAAAACZiOdU4W7XWWmuttdZaa6211lprrbXWLdsNQgAAAAAAAAAAAGAizt4gZGZmZmZmZmZmZmZmZubuXm9e3R/+laSitdZaa6211lprrbXWWmuttW7c48d//x4AAAAAAAAAAAAAc7A89R8AAAAAAAAAAAAA4PG4fkA4rq52u91ut9vtdrvdbrfb7Xa73W632+12u/0b35dUJfnMdbHY7Xa73W632+12u91ut9vtdrvdbrfb7fYGuzcIAQAAAAAAAAAAgIk43SBMHk4OtdZaa6211lprrbXWWmuttdY92w1CAAAAAAAAAAAAYCKWqkqdPkP6qe12u91ut9vtdrvdbrfb7Xa73W632+12e6/dDUIAAAAAAAAAAABgIpb9nDAXttvtdrvdbrfb7Xa73W632+12u91ut9vt/XY3CAEAAAAAAAAAAICJ2KpqJJWMjIrWWmuttdZaa6211lprrbXWunO7QQgAAAAAAAAAAABMxFJVqTAzMzMzMzMzMzMzMzPzDHaDEAAAAAAAAAAAAJiIrar22r86qrXWWmuttdZaa6211lprrbVu3OPHf/2ekStU7Ha73W632+12u91ut9vtdrvdbrfb7XZ7s319/vpuHH46KvWp7Xa73W632+12u91ut9vtdrvdbrfb7XZ7q90bhAAAAAAAAAAAAMBEPLxBCAAAAAAAAAAAAKA928jI8W4hMzMzMzMzMzMzMzMzM/f2+vz13VMfUgIAAAAAAAAAAAB4JK7dINy5PFG02+12u91ut9vtdrvdbrfb7Xa73W632+3f+O4GIQAAAAAAAAAAADARW5Ixxn5mWFVaa6211lprrbXWWmuttdZa68btBiEAAAAAAAAAAAAwEdfeIGRmZmZmZmZmZmZmZmbmpnaDEAAAAAAAAAAAAJiIJdmvEDIzMzMzMzMzMzMzMzNzf7tBCAAAAAAAAAAAAEzE2Q3CcTo5HGdtt9vtdrvdbrfb7Xa73W632+12u91ut9v77G4QAgAAAAAAAAAAABOxJEkezg+11lprrbXWWmuttdZaa6211o3bDUIAAAAAAAAAAABgIs7eIGRmZmZmZmZmZmZmZmbm7l6fv7rLOB4XVrTWWmuttdZaa6211lprrbXWjXv8/V+/5QojKbvdbrfb7Xa73W632+12u91ut9vtdrvd3mz3BiEAAAAAAAAAAAAwEUuynx8yMzMzMzMzMzMzMzMzc38vqSTFzMzMzMzMzMzMzMzMzDP4z94gBAAAAAAAAAAAANCQ/QbhEa211lprrbXWWmuttdZaa611614O3xpNkqG11lprrbXWWmuttdZaa6217t1LVVKpSlJVSc7abrfb7Xa73W632+12u91ut9vtdrvdbrf32r1BCAAAAAAAAAAAAEzEsp8W5uHMUGuttdZaa6211lprrbXWWmvdtt0gBAAAAAAAAAAAACZiq6qRUclIKlprrbXWWmuttdZaa6211lrrzu0GIQAAAAAAAAAAADARS1VSh6+Oaq211lprrbXWWmuttdZaa617txuEAAAAAAAAAAAAwERsVcfvjp55ZFTsdrvdbrfb7Xa73W632+12u91ut9vtdnu3ffz9598yrh0d7r9jt9vtdrvdbrfb7Xa73W632+12u91ut9sb7euzV++Th1PEkbH/5ulE0W632+12u91ut9vtdrvdbrfb7Xa73W63t9m9QQgAAAAAAAAAAABMxPU3CJmZmZmZmZmZmZmZmZm5pY9vED79X8LMzMzMzMzMzMzMzMzMX9wPbxAyMzMzMzMzMzMzMzMzc3sfbxDu7LvWWmuttdZaa6211lprrbXWumnvNwgv2c8P7Xa73W632+12u91ut9vtdrvdbrfb7XZ7q31JxhjjwrHb7Xa73W632+12u91ut9vtdrvdbrfb7f329bk3CJmZmZmZmZmZmZmZmZmn8fjh59/GtZ9WxW632+12u91ut9vtdrvdbrfb7Xa73W63N9v3G4QAAAAAAAAAAAAApmDL6eBwP0XUWmuttdZaa6211lprrbXWWvft8xuE+6i11lprrbXWWmuttdZaa621bttLMsYYyRgjWmuttdZaa6211lprrbXWWuve7Q1CAAAAAAAAAAAAYCK2JMnIlUuGZbfb7Xa73W632+12u91ut9vtdrvdbrfbm+3r81d3AQAAAAAAAAAAADAHWzL2M0NmZmZmZmZmZmZmZmZmbm9vEAIAAAAAAAAAAAATsST7t0bPPS4Wu91ut9vtdrvdbrfb7Xa73W632+12u93eYfcGIQAAAAAAAAAAADAR2/HAMPtXR7XWWmuttdZaa6211lprrbXWjXt9/vL9YWNmZmZmZmZmZmZmZmbm7l4ykgxmZmZmZmZmZmZmZmZmnsHr85d3GccrhfvJodZaa6211lprrbXWWmuttda6aR9vEObs5FBrrbXWWmuttdZaa6211lpr3bSXqiR17lwsdrvdbrfb7Xa73W632+12u91ut9vtdru9xz5++PlD8tQvITIzMzMzMzMzMzMzMzPzo3g5Py3MxYmi3W632+12u91ut9vtdrvdbrfb7Xa73W7vtLtByMzMzMzMzMzMzMzMzDyR12cv776KP4SZmZmZmZmZmZmZmZmZv7z3G4QAAAAAAAAAAAAApmCpSipVSaK11lprrbXWWmuttdZaa6217t3nNwj3a4Vaa6211lprrbXWWmuttdZa67a9Pnt59xX9OVprrbXWWmuttdZaa6211lrrL9neIAQAAAAAAAAAAAAmYqs6nBkyMzMzMzMzMzMzMzMzc3u7QQgAAAAAAAAAAABMxFa1nxReYrfb7Xa73W632+12u91ut9vtdrvdbrfbu+3jh7cf8uT3GJmZmZmZmZmZmZmZmZn5Ubw+e3V37TgRAAAAAAAAAAAAQEO2keR0s7C01lprrbXWWmuttdZaa6211p17ffbqffLZ3cLz37Lb7Xa73W632+12u91ut9vtdrvdbrfb7X328f3bD+O4VEVrrbXWWmuttdZaa6211lpr3bi9QQgAAAAAAAAAAABMxPENwmJmZmZmZmZmZmZmZmbm/r76BiEzMzMzMzMzMzMzMzMz9/SSjJEkY4xorbXWWmuttdZaa6211lprrXu3G4TMzMzMzMzMzMzMzMzME3l5ODNkZmZmZmZmZmZmZmZm5u5P8A57AAAGi0lEQVR2g5CZmZmZmZmZmZmZmZl5Io/v335Ikms/tNvtdrvdbrfb7Xa73W632+12u91ut9vtzfbl+KOqC9vtdrvdbrfb7Xa73W632+12u91ut9vt9mb7koyRfO5xsdjtdrvdbrfb7Xa73W632+12u91ut9vt9m9/398gBAAAAAAAAAAAADAFWzKe+m8AAAAAAAAAAAAA8Ehsx2+P5tpThVprrbXWWmuttdZaa6211lrrVj2+f/shAAAAAAAAAAAAAOZgS9XhyPDknfPFbrfb7Xa73W632+12u91ut9vtdrvdbre32N0gBAAAAAAAAAAAACbieIPwkvPTRbvdbrfb7Xa73W632+12u91ut9vtdrvd3mJ3gxAAAAAAAAAAAACYiKWqkmJmZmZmZmZmZmZmZmbmGTy+f/u/s7uFpbXWWmuttdZaa6211lprrbVu3EtVksrhzFBrrbXWWmuttdZaa6211lpr3bm9QQgAAAAAAAAAAABMxFZVI6lkjFRFa6211lprrbXWWmuttdZaa924T28QFjMzMzMzMzMzMzMzMzO39+ENQmZmZmZmZmZmZmZmZmaewacbhDultdZaa6211lprrbXWWmuttW7c63cv3+eC/Xqh3W632+12u91ut9vtdrvdbrfb7Xa73W5vtnuDkJmZmZmZmZmZmZmZmXkiP9wgvPyh3W632+12u91ut9vtdrvdbrfb7Xa73W5vtrtByMzMzMzMzMzMzMzMzDyRr79BCAAAAAAAAAAAAKAl29hvFSbJSJXWWmuttdZaa6211lprrbXWunG7QQgAAAAAAAAAAABMxDZGkq/ia6fMzMzMzMzMzMzMzMzM/KXtBiEAAAAAAAAAAAAwEUuSMXLucbHY7Xa73W632+12u91ut9vtdrvdbrfb7fYe+/rMDUIAAAAAAAAAAABgGrbDmeHnnx4dVWW32+12u91ut9vtdrvdbrfb7Xa73W6325vtbhACAAAAAAAAAAAAE7EkGcnlF0jtdrvdbrfb7Xa73W632+12u91ut9vtdnu/3Q1CAAAAAAAAAAAAYCKW62eJzMzMzMzMzMzMzMzMzNzR67OX/z1eLszxdUKttdZaa6211lprrbXWWmutdc9eTjVO0lprrbXWWmuttdZaa6211lo3bW8QAgAAAAAAAAAAABOxnI4LP/G4WOx2u91ut9vtdrvdbrfb7Xa73W632+12+7e/n94gLGZmZmZmZmZmZmZmZmZu7/G3f/4vAAAAAAAAAAAAAOZgSersn1prrbXWWmuttdZaa6211lrrzr0k++dGc/YZUq211lprrbXWWmuttdZaa611z15SlSRVlWittdZaa6211lprrbXWWmute7c3CAEAAAAAAAAAAICJON4gzIXtdrvdbrfb7Xa73W632+12u91ut9vtdnu73Q1CAAAAAAAAAAAAYCKWqkrq+OnRSipnbbfb7Xa73W632+12u91ut9vtdrvdbrfbO+1uEAIAAAAAAAAAAAATcXyDkJmZmZmZmZmZmZmZmZknsBuEAAAAAAAAAAAAwERsVTWSSsZIVbTWWmuttdZaa6211lprrbXWjdsNQgAAAAAAAAAAAGAilqpKqqqSaK211lprrbXWWmuttdZaa617txuEAAAAAAAAAAAAwERs+zlhcvjqqNZaa6211lprrbXWWmuttda6cbtBCAAAAAAAAAAAAEzEVlX7meEYqYrWWmuttdZaa6211lprrbXWunG7QQgAAAAAAAAAAABMxMMbhAAAAAAAAAAAAADas40k43ChMFVaa6211lprrbXWWmuttdZa68a9fvfy/VMfUgIAAAAAAAAAAAB4JLYxkoxrPyq73W632+12u91ut9vtdrvdbrfb7Xa73d5sX7/7ixuEAAAAAAAAAAAAwCwsScYYIxn7XUKttdZaa6211lprrbXWWmutdd/2BiEAAAAAAAAAAAAwEdt+XHj4AmlVxjj85NB2u91ut9vtdrvdbrfb7Xa73W632+12u73P7gYhAAAAAAAAAAAAMBFLkv2s8PTt0Qfb7Xa73W632+12u91ut9vtdrvdbrfb7fZeuxuEAAAAAAAAAAAAwEQs188SmZmZmZmZmZmZmZmZmbmj3SAEAAAAAAAAAAAAJmI51fjEw2632+12u91ut9vtdrvdbrfb7Xa73W6399vdIAQAAAAAAAAAAAAmYjmdH175Aqndbrfb7Xa73W632+12u91ut9vtdrvdbu+1/x+P9dcSE177LQAAAABJRU5ErkJggg==' />
<img width=700px src='data:image/png;base64,iVBORw0KGgoAAAANSUhEUgAACWAAAAaSCAIAAAAtPVPCAAABK2lDQ1BTa2lhAAAokX2QMUvDUBSFv1cKomYRFR0cMnbRppWmDdahqbXo2Cqk3dI0FLFNQxrRvas/wtlNcBGhs4uT4CTi4i4IrpXXDClIPNPHuQfuPRdSmwBpDQZeGDTqpmq12urCBwLBTLYz8kmWgJ/XKPuy/U8uSYtdd+QAX0AYWK02iC6w1ov4SnIn4mvJl6EfgriRHJw0qiDugUxvjjtz7PiBzL8B5UH/wonvRnG90yZgAVvUGTKkRx+XLE3OOcMmi0YNgxK71KhQoUCFHHlKGOgU0KhiUqRKkUN0SuTJcTBjA13+M1o5fof9yXQ6fYy94wnc6bD0EHuZPVhR4Ok59uIf+3Zgz6w0kHJN+F4H5RZWP2F5DGzIcUJX9U9XlSM8HHZQyaORQ/8FDJRN2vTWQQEAACAASURBVHic7L29r3XPkh5U1fsdI2s8ZsQwssFCIBIbXRkNgYVuhJCIQIAQMCRARIKsSZwTIQfEBPAHEJEQIDKkkRMki2CECExkYdkC2Zprm/HIvjP3vl0E9dm9eq299sc5Z5/zPs/93X7r1O7V391r76quKv7tv/I3iJhIkCJFihQpUqRIkSJFihQpUqRIkSJFihQpUqRIkSJF+uVT/u2/8n8RAAAAAAAAAAAAAAAAAAAAAAAAAAA/BhqRlD9BgwYNGjRo0KBBgwYNGjRo0KBBgwYNGjRo0KBBgwb9lWlYEAIAAAAAAAAAAAAAAAAAAAAAAADAD4SwIESKFClSpEiRIkWKFClSpEiRIkWKFClSpEiRIkWKFOnXT2FBCAAAAAAAAAAAAAAAAAAAAAAAAAA/EKYYhBXggw8++OCDDz744IMPPvjggw8++OCDDz744IMPPvjggw/+V+M3IlaKC5cLA3zwwQcffPDBBx988MEHH3zwwQcffPDBBx988MEHH3zwwf8y/IxBKESgQYMGDRo0aNCgQYMGDRo0aNCgQYMGDRo0aNCgQYP+2jRiEAIAAAAAAAAAAAAAAAAAAAAAAADAD4QpBiFo0KBBgwYNGjRo0KBBgwYNGjRo0KBBgwYNGjRo0KC/Mg0LQgAAAAAAAAAAAAAAAAAAAAAAAAD4gZAxCJEiRYoUKVKkSJEiRYoUKVKkSJEiRYoUKVKkSJEiRfrlU1gQAgAAAAAAAAAAAAAAAAAAAAAAAMAPhCkGYQX44IMPPvjggw8++OCDDz744IMPPvjggw8++OCDDz744IP/1fiNiJXiwuXCAB988MEHH3zwwQcffPDBBx988MEHH3zwwQcffPDBBx988L8MP2MQChFo0KBBgwYNGjRo0KBBgwYNGjRo0KBBgwYNGjRo0KC/No0YhAAAAAAAAAAAAAAAAAAAAAAAAADwA2GKQQgaNGjQoEGDBg0aNGjQoEGDBg0aNGjQoEGDBg0aNOivTMOCEAAAAAAAAAAAAAAAAAAAAAAAAAB+IGQMQqRIkSJFihQpUqRIkSJFihQpUqRIkSJFihQpUqRIkX75FBaEAAAAAAAAAAAAAAAAAAAAAAAAAPADYYpBWAE++OCDDz744IMPPvjggw8++OCDDz744IMPPvjggw8++OB/Nf7lJz/9HaW4cLkwwAcffPALXzZ5QIMGDRo0aNCgQYMGDRo0aNCgQYMG/Qo0b/i8kx988MH/0fkZg1CIQIMGDXqf7kTy0W0ADRo0aNCgQYMGDRo0aNCgQYMGDRr0Ht2F5KPbABo06M9BIwYhAABXIR/dAAAAAAAAAAAAAAAAAAAAbgKfyAMAwI+LKQYhaNCgQVe6lz9foT2gQYMGDRo0aNCgQYMGDRo0aNCgQYM+Q4v/9yLtAQ0a9GvRsCAEAGALOZEHAAAAAAAAAAAAAAAAAIDPAhgUAgAwIGMQIkWK9Aulavl3d/rh7UeKFClSpEiRIkWKFClSpEiRIkWKFOkT00ekhfKhLUeKFOmbpLAgBIDXh3x0AwAAAAAAAAAAAAAAAAAAAG4CbBYB4KXR9nUP4IMP/ofzp7s5H94e8MEHH3zwwQcffPDBBx988MEHH3zwwQcf/DN8WX36gu0EH/wflN9CjV+1+VwY4IMP/kfw8/X5Gu0BH3zwwQcffPDBBx988MEHH3zwwQcffPDBv5UPOSf44L8oP2MQChFo0KBfgBai/tFtAA0aNGjQoEGDBg0aNGjQoEGDBg0aNOhn0ZB5ggb9cjRiEALA60A+ugEAAAAAAAAAAAAAAAAAAABvCj6RBwCAN8cUgxA0aNAfQi9jDYIGDRo0aNCgQYMGDRo0aNCgQYMGDRr0F6MhCwUN+iVoWBACwMdCTuQBAAAAAAAAAAAAAAAAAAD4eoA1IQB8GL4RCREjRYr03VN6gTbcnsoLtAEpUqRIkSJFihQpUqRIkSJFihQpUqTblF+gDbelKiNtL9ASpEh/uBQWhADw/viEVoOfsMkAAAAAAAAAAAAAAAAA8IPiUxrmfcpGA8DnRdsX/IMPPvhP5y/9a39gew75QiSSTf7w9oAPPvjggw8++OCDDz744IMPPvjggw8++Gf4EelPXqM9p/hLQeQLthN88L8Iv4VavmrnuTDABx/8h/nC5fX2ke3xhnB+RVB6xf/4cQMffPDBBx988MEHH3zwwQcffPDBBx988B/jn5cHyiu0PzWFLzqe4IP/VfhhQagXCUCDBv043YmEqAuJ0x/aHrMCFP3jBcYHNGjQoEGDBg0aNGjQoEGDBg0aNGjQL0m/kCyxyld7cXT2MmMFGvQnpxGDEACeAvnoBox4seYc4PO0FAAAAAAAAAAAAAAAAACeCT6R51Xwcm19uQYBwKfDFIMQNGjQt9Jb79gfREe8QHl++UIkJMXfwNPo9xsf0KBBgwYNGjRo0KBBgwYNGjRo0KBfif5MMre3lD3eRffy5yu0BzToz0fDghAA7oacyPNZq/2gvgEAAAAAAAAAAAAAAAAA8GS8k7Xdhxn1wZoQAO5BxiBEihTpLam8X12Svr9Jnl9+uWGU6QuMMFKkSJEiRYoUKVKkSJEiRYoUKVKkSJ+QbqV/8hZ1ySjJfL8+9g8fYaRIP2MKC0IAuAPySSt5l3Y/jk/STAAAAAAAAAAAAAAAAAC4AZ/A0O1NmvjVDRgB4JOi7cviwQcf/CV/+dHzyt/GNHys/OJ8/FntFPfxvf3vKfzXnHfwwQcffPDBBx988MEHH3zwwQcffPDBf4T/dvI0cSu6R9tZYxk+3N9N1x8s5wpf3rh88MH/avwWevWqXufCAB988E/QD5cvxEIkz2mnFUYDHmincPm28ZLzAj744IMPPvjggw8++OCDDz744IMPPvg/OF9GOd6j5Y+awme0Mxr4VuMgLzkv4IP/ovyMQShEoEGDPqTl+WWWyIIPlhnew/sT2iZEXShvJL3G+IMGDRo0aNCgQYMGDRo0aNCgQYMGDfokXeV7/cEynyp7JBKXiz6/7/1lxh806FenEYMQAE5CXrCw57Xpqb0DAAAAAAAAAAAAAAAAAOClwSfyvFcpzyzoTYoDgC+JKQYhaNCgl7TcmH+HTrP8+8sZ/YDfV87SX/kD/QINGjRo0KBBgwYNGjRo0KBBgwYNGvRnoqtssJePbivnGbJKJYv7tif0UW7MDxr0j0jDghAAjiEn8rx4AU8qAwAAAAAAAAAAAAAAAACAHwWPGuE9wYjvNYoAgK+KjEGIFCnSMZXwWH1nWvxo35pWv973trymrzCeSJEiRYoUKVKkSJEiRYoUKVKkSJEi/SzpozLGxyScRI/JV8devMJ4IkX6ciksCAFgC/mQMh6o9RkNBgAAAAAAAAAAAAAAAAAAOIs7jfPueezFAiYCwNdA21ctgA/+D8gPR9cPlDNE9Luef4wBeL7erX/wG9sJPvjggw8++OCDDz744IMPPvjggw8++OCDfyf/TvnkKA49V+/igTvav6r2hcYTfPDfm3/5yU9/R6mqPefCAB/8H4MvN+bf4csN+eXm8uX1xu1N+dv+ggYNGjRo0KBBgwYNGjRo0KBBgwb9uWjmwtjk+Xr8s/0VJ24on3f4N7eTX2/cwAf/vfkZg9AV8aBB/2i0EPUnlCNEcip/J/O+fbr8uInz4WP1RnQvfew/QH9BgwYNGjRo0KBBgwYNGjRo0KBB/zj0jyb7ij6eyi8uLz2V/7QM9hr9JJkwaNCfmUYMQuBHhrxzSTfW97zmvSE+RSMBAAAAAAAAAAAAAAAA4EuCT+T5cNzQyLNZn9nvTzGGAPB8TDEIQYP+QehlrMG7aCvpSn6huAVzsm3yoeMz0dWf+ER/eNtAgwYNGjRo0KBBgwYNGjRo0KBBg/5h6a28booL+ArtvEGWeFaOKjXXU8bwRcYKNOj3o2FBCPxokBN5nlnYLfU9tW134hXaAAAAAAAAAAAAAAAAAADAW+AVrOWeaiX45A69wvgAwDvhG5F4QFCkSL92Ss8sTU7llFOl9Q8ak4+q9zCVF2gDUqRIkSJFihQpUqRIkSJFihQpUqRvkfKHt2EpI6UPasOVeoWYr5amclp+btvaS6wWpEjfOIUFIfAj4NlWcU8zHHxnc733qg5WiAAAAAAAAAAAAAAAAADwXLyfbds7W9Fdr+4jTAlhTQh8fbR9WT744H8B/tJ/9APli+x8Mni8lhV/RN/56OnjMEU0fF75U7RE++/6+IAPPvjggw8++OCDDz744IMPPvjggw8++Dfzq/xt+u/J9c5FP7v8vRp3868+3hmf54/D4+WAD/6L8luowas2nAsDfPA/LV+eXL5cyT9tslU5QiRuF/924yClrsf6q40VpanQrzC/4IMPPvjggw8++OCDDz744IMPPvjggw/+m8rxomg6l/9u/nV5Zujrjsp5vtxSbswPPvifhh8WhCJEoEF/IVqeWaYQyVEecc5he/ob91etEvttz4pI3jwa6ZeYR9CgQYMGDRo0aNCgQYMGDRo0aNCgQT9Ab+V+6QnspjJV9vg+cs7dPELSz/T3mW170/6CBv1hNGIQAl8S8m6FnajpqY15sOS3a8v9eMU2AQAAAAAAAAAAAAAAAMDbg0/keV/c06K368WVkh/7+Fa83mQBwGOYYhCCBv0FaLkx/z698FsthRI5eNYe7s/rVxC9dPNa/skv+RuOuYxtO0+/RXtAgwYNGjRo0KBBgwYNGjRo0KBBg359+j552mnZ4B30EOPw5LNvJ+uL/q7z+EAc9uVp7XmzMQcN+oNoWBACXwxyIs8TSrr/wztxS5lvUf9nLBcAAAAAAAAAAAAAAAAAXhVvaY/2NmXfVupbtGG3zHc0JYQdIfB1kDEIkSL9/Kk8p5y8HbNIxXK8cRuytO2doP02H7b8rnr7+TZELMZb0xdYOUiRIkWKFClSpEiRIkWKFClSpEiRvmt6nyTtUDIZ6Vay15/Q5tskkM+rdyhz/emVkXma1PSoDUiRfroUFoTAl4G8QxmHnz+jATcV9ZwKbyjliT0EAAAAAAAAAAAAAAAAAODpuNHA7Rn2cGfLeKLt3b2mhE9rBewIga+Ati/zBx/8T8SXHf4t5cgO3/+W3XIm/9o31juXs/fR2BS5o/z68FDKMn+5lzRkvbde8MEHH3zwwQcffPDBBx988MEHH3zwwQf/bfkb8d9x/q2o8PZ6V9LDVf5tnMJz5a+Z63JkDJy4KOd6O8/wl727oxzwwf9Ifgtdd1V5c2GAD/7L8+XRcoRYjvLLUTnyjPbL9XLkejv3+Vr+3ulARFy/Auh/LzO/4IMPPvjggw8++OCDDz744IMPPvjggw/+nfyt3G+TMViZ8Z56vYJr+WdZ5b39lb38cqadj47z4+0HH/wP5l9+8tO/7HsJKdLPmNKjJciVPLL7aX+49hMlyIMl75a/368XSQkpUqRIkSJFihQpUqRIkSJFihQp0i+RvoK0bTflNX/qBd1TPp+RAd5V8rUSZLdfJeWXGH+kSD8qRQxC4FNDTuR5qID9zx+u+oG6737g8UbfgifV9r6NBgAAAAAAAAAAAAAAAIDnYGGk98EFPammG9tzPfvjHVyX8B41v+PsAMBzMcUgBA36E9FyY/6RtgKO8siav/THfRM9+cge88iptm3aI8s8UxzB541/L5Xu0FL68gj9KusNNGjQoEGDBg0aNGjQoEGDBg0aNOhb6KfJx07I4p7U5ipLlN38vdR4yzjs5jmUl56i1+2R3fxj2+6vl24YB9CgX4yGBSHwSSEn8tz/9P7nj9X7tILXuR9s3Nm63qYaAAAAAAAAAAAAAAAAAADux8KS7fnGbfsl3lLXUd4H2/xRpoSwIwQ+H8KCECnST5TKQyXI0adiH28/3d6LubXNff2p3VI5U05fluP3eh4f2yjfU+mU95U8fcOZRYoUKVKkSJEiRYoUKVKkSJEiRYoU6V3pVo4nspD4PVZLeCzbfHpL+UcS0X056ql03YZ9qW8ZvYdG5pE2I0X6MSksCIFPB3m7R/c/f6DSg8fPlrrI92CDFmU8o8Q3xidoIgAAAAAAAAAAAAAAAPDD4+WNyeYGvpH13IMBDT+jKeHLTz0AFLR9mTv44L8gX3b4J8pZfyLxz4667MB/95l6+/ojudKeTe1DO2U3/zG/3OIZHJqP7rivl3OSXyuY/KHfx3+ddQg++OCDDz744IMPPvjggw8++OCDDz74e/zH5WAT/9nt3MY7HOq9ufxVQ5eNX5UjUcbyg7v7u5br7suBtxnvqPdEf8EH/2X4LXTaVbXNhQE++C/Dl/vLkaP8sluOPNB+4VLwkF+ulqPP5qYVYjlq5wE/3+4sWfAz5qUUlzSN9CPlgw8++OCDDz744IMPPvjggw8++OCDDz74tC9/C/7D9UqIICe5323lFJlm8FPPd1TOrvyWyrN3jOe6Xjku57r89oAPuSj4n4afMQiFCDTor0nLbp7wPb16Vu6tt+8+K96c08/KPW1Ir+JSfI4/MIZ9KJPSD/hLzC9o0KBBgwYNGjRo0KBBgwYNGjRo0D80vZXd3S3bdFliWhbeIw9cyV27Gy0e1rsu89qzR3Rf8oWkHzwrHz6noEG/OY0YhMBngTz9ucMS76vuzsqWOW5sgSzJ2/HQwwAAAAAAAAAAAAAAAAAAvDD4RJ4zj95QzirrtcePPr+vC7tPPb+qx54EgHfDN6LqthA06K9Fy24eOXpWbq+rH+WRG56Vu+uV+8ZKbsz/3rS8QBtAgwYNGjRo0KBBgwYNGjRo0KBBg76V5hdow4amkc83PBuyVp5sDK48G/I9Tr5ceVY4n57zXHt2TXeitswjxLz3rDFeZO5Ag372GQULQuAz4C6ztnvM+d7ZcPARq0GZ/r35wTfDiQqe1AaYOwIAAAAAAAAAAAAAAAAfCz6R5xkFPa2eJ1bCC+r2Cg6fPfrwviFZP/X8et5nxgDgAWQMQqRIv1Qqu5/K7lP99rrk6Kn9NvizQ6vkhhqFPLLg6db2K629PZXiT7ykUuoaU+kkmlK2/5H07dYPUqRIkSJFihQpUqRIkSJFihQpUqRn0mdJusSlZzuyNaG+ksU9t0cZv/C2vp+WPa7afPjUkQzwPmnnundHIwk5JNIvmsKCEHh9yBMf2i/rjlruLkx2/7j6yM3NvGv0TpWy4T2nKgAAAAAAAAAAAAAAAAAA9rGwTJtZzzNee0Obwk2O9zQlvNGOEEaEwFdE2xfqgw/+p+UvPpRDLdf2k6v1ypov0yd7Jcsi725+vQ+0268V+rr4a/2S+T8JW8WR17dZz5QPPvjggw8++OCDDz744IMPPvjggw8++OA/xN/K5VReN/492hrSRlZ4st6dp/fyZ8a+84gs8m7/2uY/krvu0fvtzD/3Ct0brddbD+CDfy+/lYipCS4M8MH/UP4evV+OrPmyW6bc2E6hDMg71ivH5VQ12l57Nvk1q5wZN/G2yWH7B0hpj9izXk7RDHL5JvCS6wR88MEHH3zwwQcffPDBBx988MEHH3zwf2z+Vo4nEQXJ5H6S7jJ5qzE4LL+Wcy1/ZryeX+qHV/PvyidDhHp+3NZyVNnLf49c9LqcFnzwP5B/+clP/zIR+7JHivSTp7Lmyzo/3V5Lv6ne8hQdtmSV/0qZUy/O9kX2npU7RuPBlJAiRYoUKVKkSJEiRYoUKVKkSJEi/eHTd5ej8uO13/Js6iKv5OSh/MP8vNeq67VcTWVoyZl6D9IntAcp0jdKEYMQeGXIiTzX8+58ckvhB49cKUYW1NXMp5p2W/tlS94xADfVAwAAAAAAAAAAAAAAAADAk8En8txd5MLM6NYiztdyrqzDzOsP7xiixSNHpdxWwxtMGQA8A1MMQtCgPye9VsPJjjas+qs+X5cs+Pv1ei1SWAfle045LlOJfr794WfcqyixA+8fcykxDif6NdYDaNCgQYMGDRo0aNCgQYMGDRo0aNBfk96Ty/X7y4xIQ16mF3q+nBNtyCqkPLXIL4v+7pe54O/nP2r/zJeD/Ot6QYP+ZDQsCIGXhZzIcyXvfhG3FL6X/6gMOZUrPj/VnBvaLDv/3oWHHgYAAAAAAAAAAAAAAAAA4IPwgO3aaPB3Y0HnDQrP2+nt53yOHeGNpcCIEPj8QAxCpJ8/vS3u4H4cwZvyy15+OteGUvLp+IVXUxnacD6K4bb9tO3LG6R3QZb3epAiRYoUKVKkSJEiRYoUKVKkSJEi/ej0TjXQm8rfpvT2cnh4lm+r92ocwSt5eC5zJyfvyR5vlVUet2Hb/pPlIxIh0ldMYUEIvCbkRJ6jjPvPny75IP9uGXI9S/38SqazTZWdf0/j5gfuKerGSp7YJgAAAAAAAAAAAAAAAAD4QNysN3xe+Lu7qznMfqtN4Zk4gg+bEr66HSGMCIGXQ9uXw4MP/svzFx/KoU5v+8lxvav86yeG8HtCK7LmlINy5tL22jnHF9wGPdwtP6pY+vu+Uu/4bHQn/lvxRDbPZPuX/FvaAz744IMPPvjggw8++OCDDz744IMPPvivyz+Wgy2YKk9z2dr4WV9y72rn8tn9/JlXduIU7tW7Fxewfth3qpbNM7JbzoK/X++av84ve/llh79bPvjgvxC/LRX0TGvFPfjgvwtfHilHdvPLje1Z5Ze9/AkZ+FN+8SYelHPUzsghRKxViZAUc/wr/bKnb5wX4fKNhccvLxnDmKwh02HzMusKfPDBBx988MEHH3zwwQcffPDBBx988D8ff7zmz6GkC0Why+tkkOPdVm88eyK/V8ehLaQBO/Uelm8Cy1255Sh33SlnLXeVG8d/nV9uG88tX27MDz74b87/5gs7opeBBv1JaFnwZTd/v70umvmyl99eEFPEwUWeVZsvTf7tv/h3/7l/6m/zz/+fX/zjf/j9lz/X+zIiQvakEBGzPdc7jchNzcxEpA9OTOWLyDbPxOlkeZh5elaEmLPA+Kj80fwbQcvvBq691CJaywI25Yvnaa1dLpdGRL13bbYwlQyX1jgejNKCrvxaUWVMz8Y4tNa2XWPm0MJqe5jzgoVPliqAu04bj8gR7n2skXK6iYSpNSZmvyzWWYbmTdO/N91Dng2vPjWVEFMQyyAGinO0SERYKJaDF8Ktce/2lxaiOXQefeiGuYu6eu86ysxMLNvOak+ikOXa9tH2+2U5tDlIuniIeHwnHo3SwfCukLu0PmIFMm2LqQ0mYj5s2FGbY5CGAvwbgNVvhPhCbaVBXfQ0Y+HdjtQGExFRi8UsnZjpV9qviEjv30U6UWfrkGzXgJdwsXYKd1v+pFu+9Ky0gfs4O8P86k0GJa6MI0uUGoXHmhfpItNuFe2FZ+a6QepQ+MYYjogYgm+Xy6W1OFcXBz41e+Nw91aRvQjqXJYDXLcYCTNza5fWLmPDtD22MurR5/PZ6yC01qLMWCdlz9Fmc0nZccLcmNtYS5+GYpqJyK9rmFncRH5n6uaRH95lzGyjaucx2WkkdriQN7rLOBrMpLX37z7d3r7WmFmmOR0PJWX03pevWrELwL00MlvOPC5jinUo1jDajv/mdNdvQm61v31fh1V/87cSs7R2aeVNzMxd5Lv0zYuAmIT9Sw/lRrDSozOtNX8T5vlTfunXVtkVp2mza03L9/vBMqgvhQtfuLyjxSeadSn4u7i8jKyQ1powC/Xev1PjaPC08fv3riPQLuV0E2E7Vdr37z37XN9W1OuCobzuJV5440b6Uvz+/ZeaubVLs0PDWjJ88ShLKA4W4UsdljKAi/X5X/w3/+N2eAEAAAAAAADgLfDL7/Kzf/iLv/m3/8nv/Y1/9Nf+9/9P+iizVdkp60+DtpTZCjGnvHeVRywe4WPyZ8XM7yUeYfJFhB+pCzToD6O/+a90pEhfJJW7n5VnlkkzR67k3K/dsSrht//S3/ln/snv/dEf/sEf/6PvJN89sG3UPku9iVK1UAX0/m48kKbSsXYjhE1VoJZtNwnUYfG1qfFgUU6FfFlf4yETnxrnUjOZhLZMBy4L5gZvervoe2VtP54Hs/zFrOLCWclhEjpqLsrP0ajqgYMu6BO9d25FicQ0SBLHcVv2aMjAh1L2zVPjn9vquAimuSqMQ5g+FahJ73053ZOIX4RceJvrKMu5ssKH/FdH+yomkfQkzT9sQCrIV2pOFdw/0rTn4LS+kxb6ch52uuvD7Cz83r+HB2RbJUxViXutLqKVOqDstV2FwR52Ky3LbFJdr0oYVvikWTyoKw/YnZWvGXJUZXo8G7CtQmlVHqiCsCoJ4juf5r16ekRjijqEysRtNIulE0TC3KjcMhm1JlSPTdOFj9ucKBrMTq+xt82rOpP8xFp2dkf5pIsv8tTB56oSFlc/D4pSu51QlUnbQeahhcOn4gdvKCBj1q4teRlHjFOjuNWf6bWAMsvT7tZP86F4HVj72XXruWLzghSTKtXGl+DwJ8e7YTM4OQ0+NXsdLl8Nsv1scoL521Rq6djvATO3+Fj0zgHbHJNqgrmZvj4WgH1DYiJyJZ7JL0oN5EuolaqzfSKsrhjyGsG4Utgq88tB3KbV4i9edqGHFVz3oFil8zLLr8Q3vQAAAAAAAAAA4Hn4duE/8xt/4s/8xp/46W/90//Zv/dn/6f/9ff/59/9/Vmaaj8hdiW68VttN0/+CEl52hPkw3Ptd6TrMpEi/aj0W9kbBBr0p6Fl5stufjlbZtIy82Uvf+bYLzO1eJX/m3+6/0c/+b0/+tnf/IVaqJgASdxAwTKr0JhW4IXiZ9Ipkhdi/RLZZqgFsl1L90bH/fqTYn1KcWTpe4iy8mlZNT5rUXlrT2NJtkv8o8qSzcZkIYfda/Yko9+KcfeKmnQ6JtYT2o5na7vDtDVYXNZEfg9q1aNx3IZsC4E9TevuCublsbXM0Dp6F1qUWpUHVTvY1RRy1dXYnjQSZJJYccF0UQbsDN1uJ5eLbaxx+2ztCHnHZ0XpNSzz2L7wHZ5Z4/7O2ek6rPpoq2+6rdt0c5TRlDwTgAAAIABJREFU8ribKhqzkU5Wl84+idz8XFX9RrWTYpZZ779zlk+VWItZymfbOwRlw/LMWs18WV3Fnoj9Py9I8jyIYjlz1wnkfH1EFi2hqsVLe0c9x9D48rSdP/NpX8/ZPiggfTRFhEJVOa6/caxq/9tg0cpjg7f85hZUg85PhHaOvdUSmjlriEXzZf8zWxJqtmJSPNfim8S1K3GgC5VXR0yftr6NXxVcw+Taw+uNZ2JqxNJoaSc8/l61uz/WlbAwG5bvsAO0UHH1Vai0TeluC5QzJ/OgRo6Xpj4iRGx9NGM45wg37Wxnu65bF2cbxsCVheVU1bo3k5IcX/vGlFpAGUn24tLQk+0QKjNpu1JyeqMiLidxeDug+A4Wr/PpNgyRm6IL9WjXRiHaklWPPbfjLF+QeHy1sTeqc7vE1i4nUlFUsuuq81VXJzlUiVJPkmhp/ZIKAAAAAAAAAO+PX/vVb//5v/9n/9U//6f+2//h7/zBH/5yIfv1m3BbuatQeBndyVMzGnr8jjstK45v0ANf8sd//OKm0fADNOjPQX8r3KWABjTo96S3ItsH6T055i35t46vs6lB7eeRLZ9+80/3//jP/28///t/1z7geImwWfFRip4nier0p6sPq11LFb9PZk/XTW4i22TgEq7Gjk0YXEBXJJnZkqykuMYaRMaj/8na5dlRpz8+K7SqUnBPr3nAOXJoVt7+ahCT8uSN3nExNJItPMjJrAJ5tuG0OlI9VgZRR7euVaJpRNYtWevYBoWB15xdE1Ine6m45TpfORRh0jFKJGvHpTCrWVJpWN13Iq7x2h29Y61anc2qHa5Z6ghNm2g7gAdVeVEHDQrd+SDxDiP/w35cbYDl2xilDG0Sb4NzWojGd5/Yqco+HlQXItLZHcyaO1+PM7AtoejZR413yW22PUVCnouo9HpQBUvhBxGWS7zuke9qDe5qJ5rZRJHrik0/WIown5hug1invyoGol0bvei0AV3fMrujTYWJpPPP1ppr06N4He2iYXSyquV5z8kus3RxvQ77uPmJILXQ0a5JX2US9na9tjlOhqoICSuueCOUyUvXtMvJIld0TmeapGvcelxMI8mhvx2NERuZFVbYdGZ+JtbXDpfG2wrXoztHtvuNn1mPG7cfyjeOaEAZGX8fUK6pUHzKeNQIidvD2bIV5ot2wb8edOHoiNdZd0YZIP3blVT2o9pdkLAwu3ZQHQK4si986sxhkTmo4I0v7/ptRyqpDZu+TpRJ1AZKVQ6b+1A3pxVvQNFY1+GPt2jzo8HlCK4ojdmfzkPmZsPWPSBzeZeRELU2NDbfjJyXX9gNDXOdxDdCIrr4UJO/j81gmBvFRYMsmfJ+W85hfJ0oo11Nd+dhBQAAAAAAAIB3x2/9hT/1X/2X/+J//d/9rT/4w18Wtn+VnX+/119/VUu3yjNfw64XLm+SV9+U/yo93g19TpmgQd9JZwxCpEg/TSozR9Y5+40lr/Jv6ppyynFpsv70P/yL/8fPf/b3QoIjg2swfeWEmYI+MrzntjJH5vDotci/hZewq6hauT47Lkr/EPeWpcI9MWmdC+WvFruNqbOvC7li0HisHTxw1rZ1Bmj8naZW1YiGbuIxaleRM66bNLYnVKHr6raK0ltx1RJ09nZozEHRIlKE+eOz7uEtOl6Vc1yHdxqlGIHF8i7EfX1/oje1E/q5VmqcfbT65G5NKt8Px0vIAxnWOwdb3Xz9Yl34QqqyMoE4cycPmt47jRtzvkdQmjdWtD062vZ+wF5PS792zLGPH9tv3pafKtz9SwOp/r8Fc1ESnpqrXs1HzDdfaZhFL9vbRPOuXNm31VsjO+unHnFSzz//tHsEvhoKdOij6marAvXgzCzjnDaLTJcI86aL1OzhxPTmw8h4d6x2tt5Tcd7ofVPC3s7hDDnM/Eyj6w45hUSDvW0XAxP3/r3+qf+0xlmj68hMma//2PeFFrrg6Vj2d25oGL1/1DQAo3dHRLq+rHWztuFWCLtK3mvwJcbuwTI1XsykLmSlMXfPt3f9gly9pq4+10e9orXFs/U+SrkVYKdBvIBaRMCcBqhuPSFVd9ocmGGff/njvG/MRYUa14OYml0T4HoDJnzqUvFBS8WbqbawczrpLjPly6h79FMNiuzbPCJLNhv7FsPdxwyjyvfw1FryAQAAAAAAAOCd8S/9uT/5O//pn/ur//3/vZbN5k+MhUy42BGu8uRlvpquS9tPF/nFRKBX60KK9KVTxCBE+jqpfGhpq/zruIOZUw5K249Z+J/86//vH/+Dv+ViZCKTS5pnUY6SJURsWyMtK4qrBRJvrU0GhChVCxmlQskMsewgzTxUzAxFqWUMl26nbYSEQUaxDuRqfLbnhFPULEUlxzx8eCjeGj6q0uRjHc+iTKFJYO6zsGnJ5D3wmgvT2epJROMdT4tnGg4O8eog7/QHTJR8qn/ZWte0iwudq8cEGtcApwmEPVw1AeGuVoWbVSHNxdBqu6jKUt/F3rPjZEjZQdnG/VJlhz5qwPJDV9OrbJuF+iq7HiNc/ryOZwhyrxXhcb4npawfEVXZORalB0c9jtxYLx5zuzKmPLfMZrrOTIjLh+U3d2L7QWztsdnjGsjFvlI9FgMmqhaBs25uWCy5Q8dhke32r12QzLXTx/JRMWOyP5m5ix1DTDzVInkMWINceVINr9l8RjJRurK2nzTNFEY+h3bQqFmiFOXDjta11F8PLxG9/tI3Wv+xs/P1g4W2kv3huiLTrFPYLUDVIrD6hS4mWd7CqcE5S8NiK18AwqEoD1yO34N6RlsFtF3MqpejWqXuDFfV+fTFBPrxrJ2uI5ZDx7EXc8jq+hhefc01mrFN7GqI27tzBOorXzbyJ4R/oQhNYfTIjEf9m8zO5NFmA8wZW0xx3iaJL1kxezQoCH1GyjeqDD+YK1b1mTE4Zkkaql2WOgkeRjVmU8zItLj9TAVh7733LmJaV3KbznFO/LsS16UZVr3l25/HbRaR3rl0Ug1WvWONpGs261JsunGc6146jusMAAAAAAAAAO+M3/oLv/bv/pv/7CIeIZUv9xPfvuVz/XiRJ3+YTL/cF6Xtp7fmf8/SkCK9P51iEFaAD/4785fY5JeZL4v829KO27PKv9Yl2O34zQNR/iSKmeqVy4V+/Rf/5y+omgaGPNoEXF5C3JFZtsSYo7UWES80RrUBroyctDK0ZboZEB2oBg9QXNlZGSF+C0l6NNt0fxJ1MQ/xfvxav7s4u7UxoR0MsfPNupZR0VC6MCg7mZl6r1N27no+D0vabFg08YqI22hVo3m3Afa4LGmh7fLZbdGWrd7Pti7yxhCDUj/YmPVU7bKIrNfStpwt8yoG7eDRk9uO3rG8D6Y11AZtW12xd+Hh0DitFqVjDfeV5XZq3XORTpenmKiHdZTvo5gpcq1FWi+FWD+tWlyo7XyOJ8c2chmrbfu3SkoZm7ru7PGKGpRNTDHOYYO104AYh2xA3acHOsLSqu2H7K5Mt5c5yPamNA3DutEODl33qdRbFnnPwsvLycsXmAXX46I0idba0PgrY3FsaEZT0tQV4qNaQj4sECaMg7p5U763ergmQxS6Vx7y+5tDeHDjmYWyXz7x8R/9WroaSnhYbJyFlxMvPeIyX/ww3FyG0NhyTLlprF8eYSMXIxN1DzPH9grtZXhch+btjY9ko7ruNsYU3jeZhEl6/F5maqWxbC6vWbiX5aFdzKOMrCgzvfM3U96n0i8ZNSKn568H4NB4FtGQvjoX3Y9Wr8Z3h7aKy6HlnFJVjqSEu1RmViWp5RDJiz8kUYVr3FpR5AlRb+2icxzxNZlZpJvSnnprF1vPHO3xd70Z4YdLgLrZ8ysKs1qVMrP03l2V63PqcSxNxSlp2c9U78cULw/DYpDQYQMAAAAAAADAi+A/+Ld+83/5az/rfftj06/e8fSLb/ghwcncyAQyI2+5p+XYc/6F2HoZ8eUV5fDgg2/IGITTLWwBH/x35e/R79AeWfBlmd/FPLvlh0XXtl5j/zu/9bNf/tE/Lo6uNl7yasQdKvKcXXAIklyydJs6r1pyyFjxYLR2rtDS2KUeaC/6HVftUbVFq641yUWy08s2GOZBjoO/7O+Zfiwf5JGeC7IRa8zSliMZKrWJjoaJKUE5++COFKRI6qcx3FrUWXVc1v1h/hFSAyVOs3A8QttVlCWKdDEB80rxvDQelWlBH7ht3Na4aB/vLYqbceD5NtTw/ncT6kKitsJS1yvFIXB9f03v8KNB4POeNFdPM8tskEY0quuKFHvKx55z0JAJh2vH5nqDudLpT/Zdv9DqeWHBd11sjzZMQ3DV+rmq/O2JVcOGUdopUkyzMBsvLuuVtGxbrdi1VTiHlqI+E3cgJE6b8tH41ppOsM2GZXe8KDWH+LUNng7zaleaLyQiou9LpexkOB4tGTNXzayEdT2XzJLGcuU3mI68afyo7ETXJmYDOYeltNo2aK/HRayTHBAZyt9On3sQHyeimCe28oUin6rhd8uDmtVfjeoythdd0aAy1AZ1n5DmzWMfq2pnxkykuqfQhDUmEvnee1RmQ1oi7fnAdeLmc95MDeYm/+Fm3YzeFpagZRGyNTuM8oRyRflLKbV02XpSc998OzBTl+UxRn7rym45xATa8uAceyYZd2W90iS9c+OLa1kjg3eViYhbu5Dr2McFbdzeJdyoinT3jlBtl7XLTCLcuMV4WmBe9mb7shXpFgU08vXN14VY9vMlFQAAAAAAAAD4cPzar377N/7Sr//uX/8HLoGIH//+Syp8gthPlEF+G19z13JmiYuElW+/IRf5z8mZ6cb8WznzffWCD/6z+BmDsEZxAw36RWmZ+X2Rn24psy/4ssyv9/dFdsukq88S8T//q3/vF39E5HYAKZlkVp9WUVbFVnUXdPoh8xY8eB+8yMdS/jzLm49LcBOykB5Hs8PhZG1zPuceuvTv3vtCJxRSRB226L2k1U71TB4mC1XdtWpzirz3AuBVeM55usQNTCSjYcV3l9Lp4oh1LJeI+cLN1RtdXNWh/siWGtYqdFwLql26H41cd3ClEwmtZISXWzSgDJr7kvSV7VZQQhIyTZc1j5oklwZvurWu6ABrk6yibbhJgVZVpKWPhw0gIe7p6k7HTsQdw1kjsncidZFUp3OlJtloxg9acGShVUv0DcQ+XdGBsTKuMSeLdlCGaarmL24z2s2BI4c9GkmarWwPgdryWvhGR5hGRL7N7FmhaqFWXGfuzfx4E0JPob7ZSTzklzZamLXhyORBC7w4Q2Re4XOeDGB2iXCVUh9PjXoLk16LWsb5j8x7dghMGO0P589atG1SIWHp1H11tM2694VTjt/QVoiQ0KX4rB4NK/PEKkuvBrSNHeFKEG9eab+4TkyIY/bNgI2p8XAucosmlOM4xya+Jpu/0Z0oeqGP8xiHFoQuj09tuXTfRq7QGRVW+QJQH57e9Whba03iRPXP2d1d6jZiLn5K816KEAvTxdZZKrHUMbXHGIwJtCZQaLbsnspFVXptbG3+3Hb1WjjqbGWRisbj1ectRLKPZF3rcRhyvAOcxcLMF+0uk0dX1DCNHMpLO2Pr7QsRamxn2HIW/XXGwvbKHidZh0C8ZOW5RbgIsXAjahcvzU498xnaLqrLYw0fmCKIMsJEoitEFYTdVXpmr+nuAkxd29Q8MK8lSPnuN27oC5F0Eekkwo2IWulCzK/uKdVS32qrDwAAAAAAAABvi3/tX/m13/3rf7/IWmmWwZrAsYtHiK8yWP+xefzsJNdVnJRRL+rlKY99C38NWTpo0NdoxCBE+gqpfFBpq5yHcQdlt7Qq8D2qhf/4913eWeQxdW/6P3soKjQubJUuuUMsVSutFDm1yoNazmhBdpo3FFDEUlwbsC27SKt7dWpXrdmm9uWnQ2dkmBReSecX9Rod6rD4MHRylfDSBwNHfzK0xS7d3ti9uY82qcJ618BonKEWWgB3XTbN+KYjVTQbKvVpzOYer8YiujepxNw9bHbZTCUGVUTVUOeIuVxy0k2IFBZZjuL0bEd3ch3HS/eG0pb2tVfb06MBJumW8DIXB01t5KCzGHUgdasMGpX9NjzHZZzQ1nelFh46eymmgD44TCRlSYyb10y+ZE8/Oyrq5r7Mx9qoO6ai/VtZ7pla4czke8REGg+0bGRo3RZDParJtLrFMO4v0jgJ652Q8hwbkUZD7GZxwtTdgImpWOmNdzKmw3+23nR1idRwpEQLm2l/vHo1HhRuRf9WDxdVG7dJLzsu8O1tmTjpI+U4ojUgXHbBlUNVj2qGdIOP3+UML8dlp+9NdXVkVrJFPdqJRHoqiotxmneRfR5bbcfgWTXfLOKtYGrWF2Exj70+ZKWhHA48y+9qC7zRzKuomxjm2ObRLBZ9sL4g/QoUFzP3nI2MZEjhUzi2QLS+vMh4uPurZ6QQXSy4ob5hWlN3nKy+QJstm2aD5754dahyS5gFYRmYMm3ei3KlYTxN8sHuJ499A2Qm4kbd1Jji0aMl++hqwbgOEZE7dVeqlpaFqIWlLrG479BGjdl8/ApxY25m9ue+ge0LUrdYl+ljNw/bLr35hYG6OPJ95n+3U18HAQAAAAAAAOAd8S//C39ylrgm7amUn36bT+cbz9tn59/IOznfI/2oepEizfTbSiIDGvRL0jLzZZG/ny5TFnxZ5q9xB5dlyrZte+355c//kCnqX6hv4tb4KJ5OI/iiMpD6YAjQS6ibAaOGY6FFuCvQINNGkxS6wFC2rVSV2wYUVRHNga+mHOJismz5XEPt2Lrtqw9Sn1WFyEtnetG1lVXfoOKM0ViqW0ZTMRHzyqbi4Mn4YSeY2dR6yaXK21VS1mfYONrTq4HJZbNbN/uHg4LSZ1lm0XPVIIzDYjZnVAN9+X0WH8ztkqOpUG9SVY8WATnvrogsKkdF5g9m3Xyqq8ZC2SsrZmayMBO6Jpidtm0tfovq6VHcXLN8mg3zQlyB6Z4b43AcnUbaBIbZzVCaC9BF8uRh/dBE95nLDdP2zIhp1cX52DfvHxENMca6jKjrOfLveTLzSJ8qqkfvJnRAMY8LC1ET33unc1OHVfg4VD44U8d56nVVujmz50uKi07djc/NppPFI9XJWGLzMyd1TmVPRkNVo9SlTCb7bErOfeVLpuUgCts11x+ppV0XEVd7xAESyicfqEGHbtckbIXG6WzVTUEeONczCw+2VrE444l8NE1+y9QvXhL5GBFzWfRc9mhMn7gr0dHiVMQMB+3JYm/qDZBQ/phTUFUjmWNQ8Q6Fca4bmg5n8nB5Vpi4Rx96mPS5lsirVxUWpa9rmQsOBWF60q3rPK5+zC8NHeEYwsZpNNjN3Y9NgbiB4EUXE6uJINs6DL+mvvuEXOmmDfaZIXd0mpvMzhChDHU8Km8tmqAuhZ4KVlYtpTC3IaxfHR+fECYi6mLmg53NptxbqQagahxIQtSEWVgaNYtfa/1TNS37qLlFIvXObbC39i3WbGm1ThbB0TZy2bVxZ4mZL+MEAwAAAAAAAMDH4zd+/VecLHJXmoUD/m8vLoSKvKtEoVg8G2YgkyghH9nUddieYh9R2/YCsnTQoE/Q3wqXQIP+CHoWuL8LLQu+LPPnS2O3/XJDv9QIS3o3R3vuIUsdMOonLrwpj5pRTjTedUA7mrnKpJU25cBf4saLY7HYGdxIpl0buULMlYJSg8x5G7aWGjxXQEzVqmHRYG6NPdDW2HFz0DXXQS4McxlZXKSXMYsJJusN+zLIKdScFFFb60aRENMOg1/1pjV7LAw3IKTGTbp+tLae3PO0yUX4V2WeW4OtYWGE3HBU4EWDi63YuFR8fLyRHCYTo15KpnGbrPG2K7YOrA6MCK28PtK2EFHvcpJrr+hJIrjVspihuOXGWTwZ9VZtBnFuENvcYXuXozH+me2fJnylmV1r82OvuUdQ3aecKzm1WT4gunPJrzmojYseUN6/YhNqD85BQJkl5Pm6bExl30bfk7pWLqUDgyvUDC/H8Yj9q8MS5r3m4FfjnIXbPluowkyXdpGyvjv7hqqDWo8RjkmJ+rloSIaJYIkIZ0y5+M3sStiCy0onVzqFnZlpPtxP42xjPcxuaGCCb62qul91oqhx4MTHSh1v8nj2UIk9RnlOWKy+MqFsBlhu5OSTE6qr4UXjdmNxxDNTa3ldRUiVja1R40aNqbv3Tqk2T+yvxxoXsHirNotDV5dJFzWv0vz6Z6zrKJlFmttcmYPN5nNfzqaCevZGs8Y3JpvdoqlZLeZo3C5RtHYh4V9+/86ttab6bLXoambh5W/JyZjSHEuTiHxvrelLQXrnsh57XUhuMWrz485OtWtComFQfbXEpYVO3DxeKbO04vWa2domkqssV2u69tTNEner4vhpua6nM9PVXOYu020wuev2UU+nLczuG1EzhZ7uOt16QqQtlJhqM2CMQNBMxM0aJOOXColDObeH719b21LUoMV7rC0eW4J+eIafVoo4kN587Yqehc0NI8WOVZ2zZgfGhRv1MG1sl0s9J20O1IusbofmMRarY1ndjB4FV7+JNT8Wpm+DUmbn+OoRAAAAAAAAALwrvl2qkLAi9BmjLHe2I7RnZfP8kEcmwWv8qpl+xbyPjHrRftCg343OGIRIkb50KjNHFjnpdJmbnJvyidYRCudy5Fz5njIxUSMW4k7cWIQaR0nme89EVM21TaNCzKXaRVR+RbSzFT3v6z+o5gxB6kojJVXkdFCUC0931VrVOaGJ0WT+tNhdMe1Is1adGsRrW0O4KXie/tl7r6rWTYC9ySprV2U1EduBqnmKwSW7SpLqfIWCZBrG7YSOASCr5i+tFJdtLiYRN3RwyhLamt3Cl7qQ+KiEhh4zS2kWD8ELd9p5t8gzFMqb8hdF7i1pEwB7OT5BvWZLfcYzml2LlZ11XnV42+o0T++imvhlybXBRSlLw5ahueNKhjKOiFw7MtXihjc0T241NvW5WJ9+6nOx82QURKnCyfPTGiAs44YtVrxhISVu/DQMBU8LJs1tNXYYxekX4dnawn46VGuuUhuvTcRAtDReDH2YELcLSQx8DD9bUDoZNBhryy7nWF+EWovYhyU6KDN1i5/K1HKBN2YfmaZWg+wqEJ1L9jEKOyYhc7foHh/1YVdYqXVU18sBMdc8Wg/6wFLx+0pE3HNKVKnI3PItLO69kkT84iirfsV653uF0vZMbRHDbJO4tVa21bxz9azu3Frj1tqlETFduirE9JRnG+lwOclkbkrtksWlNQub6EEywuStd+niStly5sq4J2yYN4cqsYgvTyZiVduS68645VWK/E2dX2/ScM36oHyP/mg+PItiOhXClN9wiOgSXwyILGqgTXPvHpUwrRiZL6aQ41jUYkOtg9Ts65pZ+unXN/YIi7HB4zrOtAvyRd+JWoQ7DtVvuS7QzEBR6y9vJ/WPqsbDMVxsmTg2oRNt2AoShol6/jIxc6+hOd24k1ncslEGjSo1YWmSXyM51Pe6jvIUFovcmac1AAAAAAAAALwO9iS6ai+4kejyiu8OUspX3rG0+Kl1j6R6rrHU9ZTykSJ9vxQxCJF+bCqncq7jAt5bmuFq+VbaUdzBW/guHFJxXrM79C5cGp8aVCnF+eSoSuFF/iL4pjEzb/LMqqYtNlH35k93KhrsVKp52V4tRGTCaI6+hbHKtpFDUT7E6eZrp5r4ZzZ/0rHdGQ12x30hUJsmetYnbU2CIsPWlq7+GQYoIm6h4AtUfEjqpKSqeDPrOzqm1KuNOr1hRKoiehqITXHF5GvoGm/mYGNjUpf9ZlQ1b8iUiSm0FFq67Fr8yjjBy0wHnChmmKi0M5MFM0ZjKMBW1MCc5mVcIcMnZwS2HLVWcz87a7hkYxrXpbvTSNM3m6HiEzitrKo9ElE5c7Rgc5OYMeT4qP2hhZrjELpqMTxSTp9G4ELdFNnyuvt8gPVTKZL7GCshMi+Lwxm12jKiiiRX7DGHZU6orGJgij5KB8nUCiJRdTPbntDkDQd/mR3yuyk2omUqzejKlVjesxIpUOz9UjpXPGvWc3ipic7dT+ymrOkk2FoXMy21qPrmtD9aCXDW8/0ctnkcXXBjSb/OoJo/tQUWUheNzfJQGHVx4zDI+86hEiJmVRHqQapKNo6jnty0tvmKaHnostfAaqMmsXrSdbekpp2GnZfbTrQo02FeLKAcsxru6V2B1lqYu/mhZ6vDlJ2t5e5k1yW609HoL8euZ6FRrx8f5Ury+0hEbq5nX0d0nau1XaPchDltuS/DlpOIqFtAxLwsFdopti3N49s/DHTLIrTV2dh9ePZyuScbEKb/PJQq5SDwI8gdem6P+XJLgus3K473k1kqErHrGslMJfOFqVe77MD0neA7XKn67cC1qJvWhP7Omi9xhHOzUKJSO+hK4uZNLQe8OWCN08XGSITDhdLodzj9JAMAAAAAAADAK8F/wi3lsXuy3zV/IwQc8+SP7qvl35Uuyl+mq7YhRfpe6RSDsAJ88F+XLwu+nCtHZv5WXrPItlOO7PA3+YuE3Z3LDU709M9Ri5ZdGfVhG7HuqH9admcGF3O6penVseJwacQWH+p/MojdDnw2ZjFkU+sBkEp1taLJ/qaYt9DBzGUNLAuR4W5Pq3/Fw3Ljj4WLyHAvWdV7tJxNlYXbhf/UuBBtV3yVuA7VHU8fT3ZstWCRtYJmubW2wxjuXjeq0FSDallj42UcCTZ/sTW0ZGmVe29ctVE1oKnyvyr4XK+EGk7PGUX9aV3arnzrau+/LPEXS/OGJtVGFlk4p7bpGGkmOm+JwYFuWGiZRNxidMlGjcuhAysafaFqTjeatYVtDYXjQle57NtBTv0dRqeMOE/PaCVhY113RbXUNOF/FOgateEYMS1KSOQpY4YFukSUNwmFBrvah2NTuwFQ/oJQ0x+LJZoTRF5nNW3iGjuvHEzSIudm9OKfVHqV3cGuEqBUHErUGaZyYs4TuR6HItJt6rn7iyskirgYAAAgAElEQVTM9ygVVDH9gzaIwtYy3nSqwRNz++vKj6ZGlOx734OtSfRGG2vWc16rO71UM0YP9GYWhJJqp0bcXZtsDi19VZoVl7iDTWt7G46k8BurgfHIhy7Xts9p0VD1MsHFRaziEtHwwuOuiOqM462/+VLD6qE3vkGkEb3t6c1xTFJb5IvNfavawRAOoyVDEI7fParzWy6Hc+joddzFfWUyiapgZdSUuYIw4kFOJ5+NtHhg02ZWo8zUxfRvm1dIOYC08RJbIe6c1A1GXKopRXmXVBkfi8yuRYj01AeHKrEe+Oyum3kOgJzfKcO5aL64Ujcq0dTI6y4rogu+ClVZ2X1RqIaQG3Pvfbxqwem1edA7xv2mslbCIPLo+hYAAAAAAAAAfBRkEHrQJJTa0Cl8XeaZSuYV47D8nRbS/HMgm3K9XvDBfxl+xiCcpAoCPvhvzpdT+eVM+XKuXpn5spd/gbkc2eFv8oeIffiMLZQRm7OxkCGlpDJv43uIrxokLxtW9E97W/3AH+MZl4YbA0QpfroyT4125nHj9qzZduvpYTu48h+4p2XcKGO2GaoO8krmqS5N2i2NqYN2y2ibdNxEpu5Lfbj0f6Lhg9/I6MVqZTPzsbVaOICtlnNuw8AmhRzzbF3OTm4te5/Ve7NC0eTlshyxffXnkZjz6gpZl8hryfJxY8pYTZXGktBxb76PiuSdTMN0U/Nms1SalcRVuj5p62sjw9ttHclqaLgcE9ro3EOrUG/fiQfgIpOjS0qo3XDrSgcHm638vi4ULvbiUO2pG2NKcX+evJrHv7+zZbf/N7fTij1YGuy9U+fLrhIwFVkz1RtJlzAJY+YmHgktCpCcFK66AiprqOoSXB1p3Qq9JbGwtIzI6MoMjqsnZlXVKPSWaS+q5mLibjfZtE/NjnLKHz7MZdjtVcW+bNyhau/dB7RxsTL2RaUq1sv4RhxCUXq/mypvvKdNW83dTkOmptZdprTr2gd1mKk2lO7rNJdljanXUsPJYoai3Jmatlznz1doi0O0HlNdytqON37oNF0n7zrUnnPadEmyRYr0TcJlZacOULtHZfUt3/LRPAkOuetP9u9JHrIxAwX6QrJ7BC1dWnLjWFHTgdDI/FVOlwnYfxGThyIU8a88W6trduVlmG3qZqXxu04d4xwSnZBWhqy8rknU4Q+7ajNcbVLEs7SzV2JQbUUJf2cz9awKytgJcRaZ9V2vAz41ephbO000xCHVzpJQp+8xeHZzoDW9b0LNjVuLj2huFMt2PA9Nc0l20YEHo/3QP4bW1zTf0BACAAAAAAAArwT3nSP5k2MrB+aBL+FMg7f5/ZegrOXGkr+/dsvflTNz5dM2v/Xlqpx8atsryO3B/1H4GYOwRlkDDfrtaTqVXxb8vshP97RBrrTNr/Rv6pJlmes2CDFRj7pEQlYjbmbij5vQ5iKUcQeLD7eQGRaxeLxtiPfsxo5tAQuqBmhh5VbLj3hglTPow0INoI7q0rPlymauKCeKfI/IxKc77ZUiWa0Kj6s6IKkTvWjDUrFXM9agiQfqK42itK1imXmsI4StISVm5rBGYDerqcUPTayeRyXt6iIHxejm8K0aUzjuXO02je/9EBcrp6xz+HBYeKUH0wS18bGFh9glBjnsmB5qGUONdaFpuMMGy0NmqfCX1JBotH4p+/1wcBYbczE/oTHyP5s30iJ31cW/VwXlbpu+SMyd9wfdBm7+3sGmZaEm3EM1Ma3l0FCaxisaX7QP0WFyVbJrKzToWDM9jbssLLo6UxtWcyfT9FEe+m4VyKH78RGxnScmWNcPY+KaxVyTTi0MB1mENeisuI5AfwC4F0pfwbZMffsPw8xqOxfvC+9O8X1cdkp9r9ioUvPbJt4jD35XuqXqmsblzJkOS3/LlQHTIddCm0dR5VbPe/ZhS2VonlN14eVy8nhzZFor8us06l7Rrjfo29xiP4h1L69zjCtVPL5bCxt6H0vxFdtsRtp0BSa0x/4Ic6tm8uMI+eptfmqwXFqY013s7a5fA3SRl1e7a6xjQFrWUPRkOYC2ymKNR0EcjlN1Rv2TlmdMPTDE1Wk6TU3SH0+uUOJGrt/MI6tuHvYpnF61w9lUeqGhBrkcOJK62FyFEl+B0jDWHcjGedXdJj0dINsXkjBWJFb/qroFLDczNXdj28ybtG1Z+0qjimObFRFx96Nt7Fm+96W8gMrXtRYXfhq3MCklmuO+2ndRbkzETYpJpZuEtjSR9ulJm2kye+Yu5qG2xzqdbm/INDMAAAAAAAAA8PFwme1gNjLJb7uUKIApQ+YN36RBJqGlCF8+PcvPkXvzlu83j689u9M20KDfmEYMQqQfktJHlCY3lSZ7n8oNbbD9JpXj4vFiz1VkjB57SYRIunwvt76tkGIpOOPYtmlpaVSeHcrZURtkm7fawYy45mJpfTUXA6kDVWXIvRZaivpc9Vt6E0ZnoSI7oYkmTiorF7oXoVEYNz6411lejkMdTB/e9YjVm/57WuHSWdk2Zgo7NKzgomE4oVpeLIZRuzxonbcjvFqN0xqmyd/srK2YHi6zHFLTpSPQQ0ze7OY1GWZ2+7upRsgbKw+nkqyqQRWFq9KBTJGweHLVvlXtVbU4LKpRBR5S7imnxM2EUSfqJo9rg8VFpK/U6vnGtrkgV0mbP0Ey6f3YknG3VVMiEap8cRWbuFbddQcXNX7SwVRHlOXbj9YR9jdS//FTx5WZrlok4tDeh1PIwbzS9FXRuBbKB596X1pFIRezUhvoxl1ZnP3V8sgp5/LkI9X0ReHi0HRazFLiqLbprmMZB/efGS/OcQeJ/2MPc942sN4af1wsbBoZWy71iKp7bdAR5pyS21A2HzRbSWEBNs1GK/aW2cGigaoqfBnOPmYKDUxVwdVRaDy+VEgtNF2f1k3XG1ZfYcrqS1u+d0qN17Axow9ResuFbycQ1QHkovmiXISpoPPvI76M8pdAOdqonAqhP+UYLrOa1Y66U9UhPCg3VYpJTkB+dxFanBLhG8FvLcQLt23Oam8wq+avu48Bifh+5rg1D//mX+WaHxAqX2i2dBrFW17MqayQq1GZubXWe/fvC625glBEpHdVs+YWMtlFfGnIs4/ymstk/VkOMwpnqJbTl4cfk8PStaWVU21n4/iGdbU65Udcj+vtt1gAAAAAAAAAeA34d1WJZCnFXUl6Uxs38CP8yK3y4WvpydJOps8tDSnSU+kUgxA06FeiZcGXOb+cK7PPfFnmD2pZjoSk7WobvKxe5G/1lNcODsW5CUvoDjtJ0+vwac1YVFZUVCAjFmqb7Z/zMwtfiFtNwChRpZWuK/V3bmIYF3Fo2droSLaSBoXToUboFgwjsNDsLdu2WXGLDOsPdtpAvR/5upQQ2vN1p1+yNzQDe5Vl1LkOBqP+4WbBzG2uqppBiVO1xUOVgze91erlxWBKXR9SG3Zgz1cVBSs/nEdT5sVWm8vY6ZGMPpI3Zfi/oi4cBwW82yBFWLgiFrcPruoIpwbPA5IaItMOzprKUcWou8x9ToYKJxVPy6MmFTmlTP1L/Iu3drWsFNPkuOdDWwuUw+3amjqUZfjNN0c8GR+7s0ZrCpuaIheBF6DWQBJ1Zb3GiDN7OJ+3mmryFVv2TA4wXYi7vzLcGrhsrkUMSDOJI6ZeVLr26HCSivA4p3V+it1VWLvFFOVW4Fx3sdxyNKoacm8hpgXmeFOCi6vE6C/HtZvwSWnDX/tJHjbRDMWGIG45SWUYo1+mSgmlVDMDq2LQzhQal+l0i0VVX2G+Q3l2wOiW1618tRBVR9k8ux4nlD2iKj3hXBBVrc7MbNHlfDaqdlMN3cJmU9vWOOLUqv7HFwVLub7Aau6nJ33RX+c3IY91G7tH/G6Pt0yImbuqKc0sMvY1d4sXaDs6Qv91NvVqPTZ9BcT3Ad9VYcKrQ8p2f6JcElI7YHJFKJGGuDTDOOniKlivQsoNAHXDq9aatgSFqV24kxoJqs9dCh0hE1FrxBfi72rmV8zKuSjn8tBzx6D1m+GwcD3U9PjVQz3W130aL5/6FrNWNaJuYT0tjmae5LXuKF0HQZ23F4V+OfWmlx0AAAAAAAAAvBCmn5Z5BX2U9zaa+EL6U2Xip7ZxSD1PBk+ZvtWfkTlnXbJs5/Cj+aPl7aBBj/S3wiXQoN+FllP55USe+aQ+TcuSb5Btfgrx9ak2pE5J5vyN2eRQerNbaNLhUXo1Uy1Lsxv67DGx4j65SPXYyaN0cw/VDeDc8Q1zMpwaPRnOdUU4HxFqrYWs2WSa4mYU4etrWSMRzXqpdat4ZbpXhIy73d8MeMjGhvGc8y9WSnZ8WdFB5qXdYWprTPxXrYckJj2LsnSjx1XNgI/wvGx1E4amztfDnjna2PpkV5+lGz1dGp2URlUFUhrNjCMzLeYoLgeitvZAO1gNUGK0iz3j/nSSmXcV4T5lsK7YBZO+YNOAUnUb9K/ehXiwiPG9daZimSM1ZgYfq5XWP+xxxA1N2qS+3c54xLpsFHHsrMd1lKd1y6wenz0iZRobUTX8FC4GTmE7VnS2ZqWXQyJtpfmNYH80xAazTnGcURIrstUMpRCzphF3IVJ9BQsLVftp91PKOUzGr4QGvyvuogelWXHtaI4Tq97LdagRik/E7dOsJC+iHG7Cs/ma5opB5fGKQXhT4Ub8XbUkqkLhmArqGujO5rkt35OjWWr+WjPtgzVATWNJ5LuuVfW0mdc9/FQSGuJv2sUCyY3Bm3qptipMwIrG2ReinwCtNL/YqlKxwRuXiAcC5stqAKIcDd8oxVzP1VFh2Np8VeZjtkTZIijmRo4zLQ4e96Id6s0m0v1Ab7Ho3VBN2uCsuJsGK+476OCnyt8vPAm5mWN0r/urW9/ZzVVYTVhYTFEXmraqt6O6RdU3pvlUNsXv8tzWKyVdpEv3rwpNZ1AiYC0Lm0Wgd8y7pypF/z0vrtYVpmbuuCWvHdRYvMytkX1x6dQ5K2JqFkSTW6PUm4fe3s/KfELKoVfea/WUjVdS6bvE/uFwXGHrhHk0N7QzyNa8CDFfhlehaXtzh/beJZWmFLloaABx/d4KAAAAAAAAAC+EECukqJhp+om2tbrTR7Z2hFrCUstIYwW3y5mXbdjKojc/GXbkzHxXG0CDvpPOGIRIkb5XSnc/K29Yo+WR20pY8EPb5IKoIfXL+HYR3IQ1kiYV5s9qdjjp/vGYW2tVXbdWDxx6dJzCB+6ZFS61L1pta/mnnylWMo0aEbFgeUVySNsr9unSMLs1CqwOTO6O80zMwS2qG4bwEImtOJ7bFHgYpS+eojJx7CWG70aTxYtbJCyM4cTVGD5wk9J0dI7XaqOZNeaQrKZ1pXQpIx+Va2iyE3BRaRWtS+yLRRy7qjWsXS7jb7k3Yxsi0LQj0V2jth6qThOLYd28eHYlGY/9P+qe65a+l82b39LEok/pR42Hxeymh/5IWHlFZ2vYvzI+1QtlCJnbbhPrSJnhS11HLI1EHeNxk7Re8wVpG1PGYbSjJvUyrgQ2533Wp+YnjA6AddsdfZbv6mJnW1V3C4ctT4mMOF9byELiPOXwRCokplwhqcaOmruL20O1UYnoJ3YEHhRfuNEQdR+a82sT2XhYlhRLdig3F4jTGh4thtONA9MPZJh/ZQWhVPbDMY3/ys0WUz7muyYboPrXTWuJOoXWkIipC5F0VWmUSWvRJBkaVhAm3RHmr96yIGK+sJ+v1FmoM3Njc8aYgXU5X37kh4OpNk2hM8RwJT0St1rCovqmrNibmo2MJaZFdBH2k5lb05h8jUhMOxYqz431bC5JZqbL8FdWXRR4+SyL9GiO7sG6A/R2h+jWJW7tm18Divar+3FqbF8DRmu8clJxi3aRWxqq43LSzlITvYJQFNm+72MZNtPok/sa9Srz9pMpYuPci8FqZkFo+5HGdzrHYOgbzkuIKy3uiV3Vk+SjEGNBlzi5tJmUX7uEyuZy2ztJg2ghkS7jGdosLKU0f33kme63nPx+UxzosdnHBZL/jC9SzkEecqfOPF+I4veX/WulxCHopV3iu1Z6HcgBZWJql4v4GZRv3myYKw+3+woAAAAAAAAAPhgbGaxdzhQxFyaTxLVTiTt4zBe3wNh/6kzJR6lbI364BB4p0lMpYhAifeeUTuWUM6XJnTXKbh45KGH/qZrKUX5rs3tfZLc7aS66CWmkhMB1vvFO1HsvWpVZacTs7sWyfbONkXMG2XvpVFFUDZJvaw67qUiIKSkj74QyrHvcMjN6CBOlDElY+kxFCssWITBC9rhFV3hC86qssdV2MjVUbD0ZnBuqn77sXrgkSymbflOoUjgvffQqaZLyrUVmxFSi8PIXj40aQX9w8MYZ0Z7CtEpIeu8m+VZXelXqyNTCRkbcwiTaLWGkOmgHt5ZnaTK1cFPmXY6hMKm12ZelqNXKkcEeaBhJFbf2DKwUQ2qFs0/jFI8yxlsfcA1KcYQXiqpQmvpKcrWkO9zcqD+5dE8JLnpuKV8HVTs+rFjf+T6VbBrK4qmYq6NcLTl0FRyqMlNJ+PYmrjWVafCFaNuRQkeYZog6Ds2vKaRs3QbNDHYyd+xw5lHnUAZIShN0kKbwW2k2FMve1EJD8+MoDMUc+faLrS2yWIjph4/5IkwsYnqO2E0edExaG3brdkG37MaUkf1FwUNv6yT4znZJvM3evKrYXU5Knlu+MHyU2tS2ovHKpuvqNdV1rMpwOZkrbTQqtwMwlOuu89NzIhQeHDNZTlZXOHE0xYwBbSn7TtKl06mFmWjL5cIXjs2Yw1n0uly8uEgGoFclmHUt1KDzfZfY9aHA0YljX+PlEbuakxdQihWu6cDKFZbYe2Wjx9EtXHPZYkgtdcbJ5PKlIEopimXxc2NYYzlr1Nx2NY1UNydqxiZ0V58i3Njsj22Ypelmoep6NNfREC1PdNnG+cuhXhMe7rmUEa7eUn0e9Aj1awYcDc6dxjy8nJipZVRMJjXgI9NjippI2l2pPCy46RtFN32Ll14sJdNm+4oxnhnWuRWk35ngUdFbDySPtOiXG9SH6vgdY3jdqwo+dp5/XN0Kzcf9tBSIibibb9lqCinhQbW4j9ZOpa1+Od7tLNheKptc+AIAAAAAAADAi2GUqeYv0irDiXQjJfb8W0nvUTzC/O25X/I6XbV5SmUTqmCdnqwRKdLnpFMMwgrwwf8gvqz5Mudf4m3aKVu+bPNPAtZNOSYaMl9SKUQyHSH1Rty5sXQTxFX1iKk6RHVvoWnbaH5MRJoaqSoQitvzWvMYOWoV/o1GgZd33fOZXFFcDsdm1KN6qpaq0BQps1tQuYFcURGarFaFauY5rbw8xWR0Zpfht35K3DUx60s3ljItFkXzini03PJvzGOHRwVt/UCCmSYfVDRQOixFeko0CuRWVolJuGyZQ+Cc7uZyqqqKMxw86gj13oXDP6PFVeLqQTG8zU3Cdv+IiUzaWpZDy65GXoppSREsExfVY5jTZWy7UFS4ciDNcbwLMWJrE9YwdcvRS0931olerXBcGu5+OdldHdbSTelU6wnvbam9t0G7WDUcG3pYAELE3LSu+mw6x2Pm1orrPIs8Z1YiukfKuTeZnIjtWwqJehw/bsknpiMQyUKzg2rk2zr1PKDSt7Gr/Im07JiI2sExtB6FfZJrVdlN53K5hpYn9SPkFybmL+CqUpCNHrdMWruwH2LdDxnTV1lBaf4V+pu4ZKA5hIgp9ITcU+1aFJpVA1q4eQ2h2uuNV0R4YISX6lznoSKtrqaL0qVoVERC76Wz2aVz2u65smtcL1z+Zx+EckvvbXgwvTI6thAbX3KktJFFjxwz5e1PDnHaNJvuLQ7UdKSZ41DOY78QapU0j7UmZYXXtZAvh6LAHhW7pj+MBZDr1SzTqJaal3hipfPwYVEEs29wDmevFkWwfAMIE7AsqNqdTTsrFoDpIOMaRb0iMH4hkrqmJHReQzE293FklwH0bVxe73H9J64m5ZOmJKSe3yJCyR/TWF82tnjziwBnf2zBxm0HLaC1YgsdY2sWs3TR/crqE5RIiFpr1EmkE7HbTRZ/s+Y4NLroneZcvX7Od/Xgbju5XAjKMnNy/ZXhjnaL5/rh+18hJW+F+QGYS9M9GdR1q7U0m9XeRRWEXaMvun/k2kzdfZvQ19Erv0oydmTvazAAAAAAAAAAfCymb6oSP3mLjnArd+VV/oNi34q/+dgZm5vQHy+HB/+H52cMwirS4CILAx/85/HleeXv0VN+mfmyzV9lQNtyBrd3IV7c1ivBP8wv0qvln4n03MhH3OwpRU3iLvpc0tz7d4/QQ4Fi/jUIpVK9UX14Fr9XboERAj3uvU/PVnpj1ZUix2KqKJunoxCPTzZoaNSIJOaIU/2QYtAqD3U/gy5dddWaSJm7rJFkqWuaxijnKJpZhMUhhmPHVEYxTrlT1hbO8Zhk9l02xhtzS0RnC6vkr3cWoUatsTlwYzc94JYKNBGNb2dmED4RbicXrve8/9t2EjFRHWgTBJvQtExsOG6wCFibJTEPQMRe2tbrayz9sLEahthuCzE5EYfzT1dXadToanFaHHjKNqhdMTfxbZUeIlIXGSJv62MK9ON84TwdmuvcSjzPEgbbx0xCnSmm6EqPfmlGq1U01+64Wtze9j32R9EDeHu5ETdmE51LZoxTQv/upoB0xYi3UA/zVuT3qrISIuqicbts0EWYWg9bWI8ipi+DriaPbNMhLj7vFt2NhaRJDB+74FuXeRyu1TbPnGQSmdUUi+k8lDTHl6rHiBGjPDeYhYW7lAMgV19cA2HmNGZNn7zC0vw11zQ+I3mDu9uZCmsot2hwmvFsItLVFTpa4+ayqzbivO+WVky1Upe4X6CoVyeDcL+No7fi8rIIRZJZqJHPa+TheOfKeEehnv6hoLD63TiTL81fqeFzW48mj3hXRlJYiC/VDla6hJYyKvNXhflf9MC+4wvUi+ij/09JK8oobfJj6TbHeVz7OTnGkis/VeOv8TObzGE2OR/M96LbHrvnZddT9/gOVO6nKr8cRwM/8qvhsZCQ9NDzmzY9lE3mJFc62xeGztLGPRU7RNV25YXC0W416iezftR7Et/VTNbDJQq30gTOIyt2i7C9CdKda6xO0zvW2ITdIm/qC4TtLeU6dFWVt1Kd2XSSdLvLlTOkl29IxPmTrrDZ2LNQ517ay+59maP8cKHLdgrFJYzucWT1VoD2vXHz2I6NpIetPA8aafFbI3Z+Nht+JfTGVLOvmQQAAAAAAAAAr4QiheBZrstVR7iVA2/zx53aWWZI5D8Yajl5lbrKdfMC8Em5N13P/7jcG3zwn8DPGIQ1uhto0G9D0/U8sub3e+rtM19O5BnovmoPbfPLUfvH/Kn3mQIsOdR6qCgyRaR34SYqdv2mctvGoYUr8eZUpObBh8wsyX2NMXf36dZlrLHEUSuCtxBxcpW8hYaOJ4UPS5WylmhPqS/aKIjKIHggNZWYuWFE45rd7UTE9VAS3h2tWSYSFDO5YSHqbFI6SfMzjqqLapdMdcpNrRjDRkDE4voNiqHSLMr1QPYtIkXg7LooGUcglXyezzrV2PZLN7Oh9G0WkQvdZZhNVCiAW2s2ekKFiKlQAWLxNplGQaFzbWF8FQZ/pWvR3xDeR0FeUrP4cFWl6b5Aq5pZLUtiRlp6pay11QWUSyMGyqW7pvWhoj8NN4a5eCg5xfFliPWHGkfpMLvyzz91c51i5uU5XH4saS1C2c+yYKo2xeXb7p50XPkjEfoG9ikTWw/pptFVtRzTlJYqJN2DoRZPqj5BsTp06aqiLgYlmtrqEjHDFJeQhzWqe8Ws2g3vndtoBt+/4TefFsmQckxMlxjJYiXHzc0oOW00bZKdz8M0ub/BKKLEXaw2cjlmZrpclMHmAJOltJ+Iu0jopanUIhT2auwaGCIX/Xtc2KixFetM05CpNXDphC+iYm5KsebTBtr/rHMcneZY+pzvp+KuNmZwwuYE1LalrWqulNTX+oCQqyaGQ2WuQU9j+7RxXloQdzRr9nUtlqBb63EjNh1QPVypXlig1qyDxKURxcyWVGtWXDhSXTUeXTfsxf2cjDMiNo22rzQlNhx5owLiOj9dKNPwSC1bvIjck+PR5WtYOBcGU1lZ+aDUP93Ar0Z7pQhjyRZS0spW8z0hv6PAuWCEWvXrXU51Lt+O/PuRbXyLKesndPX36SOWQ+i7oJimhz2n79RuPUoFYVOfnez3FdIGsIf1aZjd2jJjokYXEn/RDBPiIWlFhsUUCntVrup6yxfv7CWC69cR/3bgHzRT9TY1neTUvEefNHhmnnW+s607JapoE6aLDVnXU6jKOgAAAAAAAADgFTDKZksUQEnRgQyX0q/kJ5duDfntIqhVWspJ301Vpk2buq7QvOSX9r+ArB40aMQgRPp+KV3Ps47bt03lXdq8V8s+/0ScwrSiCqOICUMIm1Cqud2QqkX008GtpYRsMcID5QepHhpioaW4ODRMtRmDz0WOIiOymysmRyFXCH/Tj2Udui2ML2Y7wqHno5BcTqIrGUT6RdXKlPZPwwz4iE56O7skJNl5NqWkNFWLeJDFYa4mh3Bl/H1iRu1l6TuXqbA0fRVWmzXXTpCkxC9ixrlgMQwPcuxDrO8dDpmhyv8H2XCQ6S9OzMAse1cXMtEUMVFotDxwlY7YUi8mqulwU0qxIegd/yxS+KifMyyZL8YiJSa6hAWfm2JZTD7XVdXLMTk6kjnYBqNmqTr9OjWuSan2f+6frlS0GD+L4xmeNVOXZKrPph2IQNh1LdfDRbKKxo1NRp+Wrk09ftpW9L2qp0AnjX5n2bLjtaUkObpDR7yG2HF+AmYrVbUguZ1laPCko/AC0vSIhm07nrzDH5ItyKCq5oTZNLviQv6hn2GLyZOGSDNFLuJy2qSAPz+vR0L4hjQTVY7mMlFpnnfBdVRuD5wzPIRBZfcUu7mdsFpiI79O3+Tdmjb6CUtE4hTYDVZqY+P9r2W1StkAACAASURBVEr9tLqOU5d8WOxmQO6SfDdFJ033FoWFVWge9al749Q22eDHqHMTcUvW7GTs8/q6Yxq3Lo2BaEtaR3hepHU8pTwwvNLLYvIvDb7Rh9dzPfwGmH7J3w3DEVEVlPk+ykUwniScKuGhI43TVWlca4lzm4VDcS9EjXox3eceW20MhTx8h6A6/5zHaGj8cp/ZbmYqX1hYwoKXJXewGmmXfea3rdjtJfMosZOy5RblOoZevTHNdWz5OpLOoyWuEvu6TiXz2Bfvn3uqHfZWiY2bX0eUtGtSagRYj4g40HTWzLyeL9H0XNJhqkhqBnkxW+vmqwAWhAAAAAAAAMBrgcd0I4kdBAQn01vz35eeqyV/ORyk7yP9Rop0jkEIGvQr0nLPszLzZTfPTvlVBBz8vq1LlL9f/si/KoURjtskFSEadlOdrZqq6My01pAPWWgddy+Zl+w53P15dRYazYRaxYiqtJDScCY6xeQKEi6KR8mgPkSDK7wiITR+xIjbeMmTtG/zwHJpoiQejihcxuVrubRr6GaOVqwBCY1HWllwCDqzc2tvpVK1IzUMldYko70alVVRzc84WS595KJAajyYixZZf2pr4ny3qRFxJ45S5NdVSTnsARNAcoo8ae4uFzmthKWWK8c4BY6lg2pTaGJZs9gIgWoWzOFn0pZxFTBrUa3uKR4LMMFrTu5gbbWCW7lRKghzaXOIj7XG4pTV1FEaazBMFcUNX8ZtPuq3TBWRgfe0E43cd2osn1CRDHvMYZ51KQwBuX7E1IgacTXdk7xjwORWxqk0EOG01x18BW9GTS/kFQO8shj85KEm1F0FWxSHGfFz1KQOW8Z1maNnwDCJ8wVkf/YMtVaiw3FzvZEHJGOL0DWoJ6gVBacfCeyqd88zvxrKeTmoOqhucvZeELkJINU4iaNKdtL0jKqm9KOaG/3KmyTuZ4T5couhmH5kTNNrv1PyWkFZhlPlzOWBQU+Y1mymbfWSrGgJ9W06wWR/k5bGqU28m7lTNWdt5lnUOxiqQ7FYcvp01XykYdUwUnavYnwhmQbKO+SvlGEhEhV1ZKqga+F5L8+iKtZt7WrKVuwQwxJaxnJquZ65TuLiy4WPuUS9g59ejrXRSbhTRrlsvuXqN5mxBSW0ozoEVSe+wq3o213xJ1xP43DFziWf7uLBmJL8jItLDGkr38LNgnC6izZnt8EXr1CMz8TShM3RqvF9REMnXjXYXOeVOTSDYbXux7X2U8rojlsl1o/f7gmPEz2vugxT6edSy5PCVd5iI+b2uvZNSNtS7bKlxC9t7P54/T1XL7btvSQBAAAAAAAA4CMxyWPbwHdJWxH51B9c9VuulCuBg5y2iDaW5V9rwzX6bKxE0KA/lP5WuAQa9EfS8219o2Uv/xEtM1928++UT6v2yLYukzUvyt+0gVJJsxeKrUZp0kcl89tHvXf9NO6fF62VWgs57V7xivzMnGcWXd5Ytch3+UV01/VrU+Al77gJNdPt10rIJJw+x3j00tm9wFq4mOFN2pClbMzlcOmwzEZVhXzh2ZBT2Rjdo1H46KoRN4IMKbWOaraopURyVpRa/6K8yLnwQTr4Kp+f9ZIb+ajGPJo+x8PzkTpPJaLWyIz1pLs6r3pAteyh7ojJZCphJnluFDebUek2C1NnrFWDttMWYZH9UzqSdEeCPuAe/E2EtmrwxizrDWfC6EbUmZvGTRrXh8t32bQ+tdHhhnG0ea294zLgQtSpScwIeeQn19SwaSyqNLqZTZ6KsWNYuu98/27pUbxMuGwmgBqCSr1qetNSTyD57TcOkthPERZMioaqucu+sF8R9w+oK9SXPlEXaTap7ntWRKOlVhPGroHm3HFq9KiTD2bLNWBTbtcRurh7PImYgrSKfxlVmVvgMsLUOFSBrHrm0Aj5emYiamJK14vbFkvxVWi/HordblX+5XZI36mFL5IqyDINxHFY8nBOlsVV7SOLBn165+ycE25vRFT2eA0WuwO/DKJL1nWjTNz9SF+8h0p82lBtxAuIi7/NDCuoeyK9BfuLoF6HFDGlju3TcN8tES6UiEW+G1F6z9w4plgy0mcj7mxhLPUUZK7D2qLqHM6i97Fz3tpYlkFMcgsv3WSvmDjL2VfD2gGr1euXecKHJff0LqsxYotKx8amUU8LyVKmq7vYAs6lZ03f3tylk5CNjL0ohLmVrdtTSyRNWjdHl6pDND5LC9WhG/CRkJS2UydTeYsa2LKQ++sUN0dLXbYqH9mDHca3p/zx7layEue+zw8zuXNOEQlbPjNRdt1zLHMPKelW2BRRJ+PLQ/j79SXM6h+9l8sIPNo/+qs5ft3r+d/yUI6gJpRat9wd2XHa5h8uI5Cv3R7v1lauk4jeJZHqUVk4/iyvWV3kvagNm2d1fXtqwfcv0QAAAAAAAADAB8HvOCa2FnWjIq/yZ/jv+/mnFhfJ00puLDRLErdtuEbvlp8ShVPlgAb9dnTGIESK9C1Tel5p/ean5NZylq1d5Nc75Kvyd/or7vjO7+oXP3a+O1uj3tNKTB/mxjxKkCatjaoWMpTQ/8/ety44kqPMgmrP+z/xiPMDAgJJabu6e2ZqvxW7486SlbqgS6YJBVgdjxll5BRpHKzORcP1GM0JKWIdST/6stzYooIB1KxYeaC7UUprA1lZM6bQ4zOYiuyq2/HO41+wXuMbApg8QONf5SRtzuCNjQQmV8mkwj5dyenTkboAtKzDA7Buav0lU1XcbbqOAVJp0foi1hJQPOpk880H/SiqEEAFWXV/PCj5XpPmZ67fwizPgAWD6xPKsun+NyMElGC9BGEu7KXWZnIyV1xXNDhEP5HhhJIA1bSgVGQcfIcldlOWeoedpEaB5iD++RKd5ZZuZEcGTXYCXTLGlcesBOHJpLABUp9OcGt9wc6YHAm2YUq1ISJmEWoSAAUY5hHTyzk3qqaYdgot+M4jw7lEjgVOWT1tKniC3hCTJJ6pygTXKNpCk9Lt98rkKodRLDWmjE2NdRioJaoG2gvvCao6c3IYEX9UJ3lgVrKUE4Op6NNUYnxq/aNJHoVGki/VOG7LBCV8D9UJ0EIafwGHmjafcOyYzEhmiKVrUIO/UxljvHMKaEnqNImAdlZKfzqlsnQgN+8kpGevBw1zkQcNC6RpJPsSsAa4WmKISOcJEYDThH20+tGWLAfAcPHIsa1WCPshMnhA9wM/tfEAQNz5f5LRduk5YdgoipYnNJjceW3HIAI0yr1z1OyZRipCJD4V36gM8S9il9CRzloxPr5Gh1ZmV4IPxlct1yLw1skdlWGcrggZOx3HxSONH9JDzOLLWvyYq8bYvuVxhVzcqZtOLGwe08N/M1aCggOH3VbScbSF42Q/GVTEf1H5Ej6rkRE3a8+K9ajgHmJPyMd0BrwE1EhPLcXTp3Gn6XZljB79rEi7xUWVdiymFxdtUpz4UQSpJqcB9Hjpc9uG5Waax1HSwWrtkm2FXLly5cqVK1euXLnyA6RCLuy22dFSEDJB15x8/PZlCa/zI17gKf8Lq/Je7y/bwJ9aez/v5x/7vDEI7+c/82m/dq/9zXU9lH+MJni896O4gyhTgKQhtlcZq09EjsD6mltIE9HxVV7mJFxORgAnQvBAjEMD4nh+si9ELIssgohnFbCI4k72N2iwjWXwPNjcRPJ7k4qbU/Y6gqtSRRuPJs11ayZtZb2CA5sQMLab72O2BAOpyGtlSwzO0EiG395ganhpgQ/zZ4bAjcJSX5Ct5xhcXtqeRYHnAd8Ce0LEzenT3F8kaCtaVkyQ+GpWUFu57WS+dGrLkrFnj2/Yi8MQB42IZ6kaHgBRs9VNOmJeEUPRRMSGAwSWiyLtpIwzqJNh4r6YVznfcoIGqAfuYLigNdKjz4AsSJKtBjgNPJrCIeC3UNwAPIi0ZNgZTAfi3slQme6GL1hkmVkFtBopFYnSgmq+KBLWKq1IOS3si1PQSE2F4e0aKJHFlAuGHezQpGYGrU2keabU5dydtqEhHlolKgMdtKh5k8zONdgf7hdpRg5RLXRNyXdwBPLL6YGRwpKx1FYORRM4O1WtTmXdDGK0G227SLM876WrdAUCuDAxmbT2eAs0cl74YtuLLR3uhZdtEEBj7mbL84c2cyyojA47QSs1EF8LNMH8HslnzcbELypAhxbV2qYVLbJkIWlw9VmAOWse8y3COFpyYU1HxieslYRDOXROou2HtauZgOYes6iHW43VlIcOyAF5bCXBpaYnHU3mmQBRPqCRPnyZ5o5TzTMTPvPK88CSG8Y7Ohq0aK07pzZeYaVis3DmvT12/UzG4GeY/yZPN7Y4VEAjKNraEQ/JPMZCgYDFJFyt7q8GuQnjatrMkwkZTLcAteU0QC5IfwK1JrXptZ7IIqywOPq0je3vcHE6o4YA71HkGNvCLyuVVP/5MI963MdITSFH3Gj65o47VlzxjPmUTfoqJ8r4RQivXLly5cqVK1eu/CBpsTE208GaYkIY4Z5/yXlI/+je+jy26tXnN8u/n/fzn/5cYhCy3PSb/l+afkxY8rM9V9cb7H1+q5xLOUsDLP9lu7IGFoWHk5GpsG5kborBTZ7IGEY0mMgNfEBMdKjHEXRLaXEZJG1AKrDxmSXOV8a+rDdNSOY2uKVj9PeCYhrKSVoW5aRRYbsv2AEJR1bExLUWYYd28kq03xXQk4ByADd3gbOF57rx9TUCwfrL/gLQonBqhj4A5thspzTy2ptgZjZ1fPHUSN5Nb3jCRDk5ghWCb8ED0FBdAYQ5OgYsOiI2qQKFillMVuL6V20ELUKEcjetgqcB264S1p4g0wLNWgJFKiMYSYDYYB8dMtxl2mQstqovPL54EVb4XUQO1KSzqFktJfDQds+mGCTSi5W20ecaGF9uQYUEjp4u8jDiMYKFeYskEzT2EayOWIQO6igtk5w3hJ81+VKdhtByoPtgIKmMnGZlfocvX0ypIP4m93fd1sgBnxk8+UF9bF621k+1mgkAfuu+wygsrjOtZcO1FkjQ8ib2zxOnUhDwiyCbrQ1KxF9KV7WdQ131Lk8N3Xi6K1s6uO2NXOh7vSGmp+fDIQ3f0HH0oHbG5pm0Yq/lRMc6yZhyy8jqcTgQuEzLBSiQliQZUxXNLTMfSACiJTleRrtbrzGhJ4ldy8cM0FFBPFbUdgohGbQ6C8JfwFbwkIkhwC598gVNg5lHHLScEGgB8RIw+QjHtbG9Vqg/DFAPOkiBL4hkaV0r8K/bQV14N86HJ/CserrgOb7hwRuYHLq287dIHMXUa+l12Im1pnQkKSYznpi0VPkh7kRY9MZGqkThGBQ7UpXpXbPY7GIbTSBTrDbBeNTjmcH4YIxoxwfb07y949RhqXxQxBCCYXqSbCpKM7w80vaSB1bW2gW+QQfvJJjCa+adD0z9bVhg7T/1dnfRwStXrly5cuXKlSs/UQzu+UWWn7FyuDZJo2nPs1l96xznocIHK/FmFVvbcNNv+n93esUgTHMZrm/6Tf9T6fY+vx3SkcDp9q7ep+vfKf+D9r9oz8qSUJEhHlPJZprepdnWxMpwDOsSSokYhF0ADpW922AB7Can6n1azQpyEoFTzV6siOoXAAOPTgYr9ZrREcdm8j60c5WhwZNTVZ1/GeffjINlUmsUxn4KnkFBYXeEAgMuciGSXUQ5UtGv/4yvILLNGaZkpyh8mU3Yi8vhl8dkiyEcoIQOVYtobeAzeJ1p7zMhfp8hPhDef8KaZ8BUTMhZrhUgYKI6RsSVE52gViFAlEQDRjjgC2MkCk5wIYiNDt+Nih5oKmrhzFNNTWcE3hrEsTKdMhMKcBMmTL0jmj5M9QtAGjBBR8pDnRZ+XEMBk+2wGGKNTyCUBhhhNtt/zCUbJnP6S2JaokXTboqliyUA0MxETEdCcsx7Cw6QWVv4DokF5j5tfAW2sdhkpXBzdEQQDjBgIcTxixijaVxGJD9REYaaRu00NnMRebi/3L6Yc5OKHABI0hmwl+w7TMcYME2jC2PahFtBBdwSC9CwDSTLcBZCVu0Z4xyK1R72CGY5s42+C2Vo5F3qSJ2EWL7KVJAIZW3eM2VP+XBjlrPsvbwrti2sb26qiv0W90qFsMzyB+Mztb2gl4AFCsUXipcpf4UDT/Vl16G5XNUqwCdmbo9mHk/Nkr0abRSlW/JRZDN2ERMZI73UthtHPvE8NqF3JRYswA/Fws2HXXq3FlVzErODJ47LzXTLrDwz8qlRRZGYlRrGGGbmNDl448WhAPfzaMFYdRazqRWdMpF+LrwB6cpPLsw83jQkIv0J/hKEPq3VlgChqtqceYhB+XzP8pTkB+vTlPa5MyK+o3H6Xqw1yreHCna3wsFgnfAaGw3jgwZInHOq8UJQgPLGlWJfarurqvpsocMNgNgL7l31sMyBfPMJzAybyLJNcaW5qM/mAj9sI3iIBLrr86udgjDegnN04umQu3TuFaDwPm5HJWOoWRvufdpfgPDKlStXrly5cuXKz5S0qcZvvl+3Sy/3xk9RPmnr6fqN8t+257Pyy4POd9v/C3q46Tf9Mb1iEKYfpnt9r3/wtXwvvx3TpyQlay/f3pdvyLnlmT1/lVbpHr1nwgA1vsI36PRQYNPAADH3gIUwaAlEDC3+mZt6wlIKC7qKDB0EDPhqV3gBszz+LwKnbyjQVNpx9TRox7Xb+SIsH4EexfpY/oXVmj1Jbmb3MJ8NIbtyt62nFcvYjBYqZYO/dmAgLOXqtr+A+Tq7SMODWhqOHUOIRoyv/xhgjVm2udQKzNwaOnb6B1yXlb81K6oHpkQpRABcquqXihvJY7rA4Dwr/FjwEsySuJegY7qsNEuDInhAbpRFQDqUC/SABiV5LDkQFsHRDCGRvDzwUf3vAeaSjTEE8J1b+4cgFhPwCjVEDMNYDMbDVEUHNAA8IJWUYHXOMeglT3YZoEf9GhnWUkQQpM9cbaAiMYAkWL/FgRNHR8nkrKFMBlci6JQqYjHSFBNsLgF2RNkrh4nhA3ZLaRG7FKDdGDTH0RYd7LN0x6yIx4jgh9XCWlA+fExAyeXHBvm2fJvtXczsL5s5VqO023CCtmxpwmIYuvn7vTH8JN0Rn2AGFN5YgBPpXmKore8tAljfkmHLWw2JlY6zUL6d4oLRfdZWYis6NijFmi1UqatKsy7sYTkfzKM/mkb0T43mlF9Zmh/+OEswpiLQEbcxIWATk5nJwbpDBxHL0R0Xa6rXJpqKxYudLXWA2ad1GpSeNgbIMvUXkV9jlxg6tlm0DXVBXIKjJDwgvGSc4dY4gVB4sGmZ6EWF1zPKVlBnI5Vmn1xRo1yP6hQb5KEUrpUJah0jPJcCu5UFXev9la+vr7Wp+CoVIic08Yh8966VK9+MILroZCkqHsSiPEBru/PmPL5gMv7zpXmWY1AAQsDkW9vawaNFA+3T0IXyS7uc9shjSuuY1vSg9xmaNf/xxk35i994yIOshWNzHRhnet+ozSK5srT55oNTRWwykLk2jyDDixFeuXLlypUrV65c+WHSbbB1Apntw9JssKai7hvsA1uxHtIRtcKl3xsGkR9iG7/X9/oPX98YhPfz7/60X7vX/mhpn5UA0/TL/PZxTqy3PU8CFloPuTCN9uPu+ENUhM3V7GAz7EoTPILt7pQwrxaZzv9q6N7m6rJuhS0yWFatBm2OvE5FFCHJKKoT+RA1gUvMndTjebUP1notQpbmpkVUk4VYK6LgHDe3EVrsTM+0SEcAwKo7FMpGZZUy+qdLT67QELmq+wVkrgD3D1X7uwq8p4UNER4D+UbtMzFQuRr34G8EYmdBRLBETFBvXvPsTRRB0ddsJDyFWiKIPBcdmBzN16aWO99wWwfeYhlLRQHjtQ5BkwediyOSudDaoEkpitGFoAnxfKoVrSKiwwHC0kOGW4MR27IyYGzQ2Mjmwu2dRHqhChaYZvNLX6Z/NSVyEvArqBLDZG11dy+bUknb/sKzN3uNeRP4dELhEeCtz9LF3SAyKQ0NDOk1HspNUVjAW+S10z7WxLjNdUFLq28nmgiE9m8b6FP4pa2F8Dp4FPVfG2vzE/85wSr+cyP3Q9XB/FU46AWYHVRetClRonxW9CiRfCrCkiVbm4VlsyWWsrT9tjrbx6XSh/A2SIcSarXqEmUTyA3vqPIVj4HST1uINVJWE6eaCffEOAiCBj1gH41NZTjhEXM+INSa+B6zU3McuSCRUmrOEGkT/VlW+C2fU0Yj6rtQuJBWQvhpl5B0qZpnVU2EqNidWbhgXbt68o2j2JwPM39/aAvolNo99hrPGrpX04Fr0vLodWi0e2pHX339MH1wa9sODB+7UBc4vKNw3K116rcES6jtFXSYqW2vbfdQiQNgtejiGI4/ovP2+q+MFb6rTh5Kq/epTMTj6R3+93JDu3LlypUrV65cuXLl35L4rdXNVcuvLEoB8qef5ex5Xub/E5+Lxec7n39Le+7n/czPJQbhvb7X/8a1fZh/vsvT/bDZY5n2m222PX1v2x7LMPO4IXLU4RXpm34ZUMuVpIobfiZISAb3af70G2bJRwmmXY8KRiQpFbL9pR1Yo2m7NZWsaqBntO9MRaQipyVhyBIWoHqKNiYcrSocOBrdLgBCveShYUIsz6yrqKSzTytTIcybPY4gaVtA/QieXHEC1IqskI9yALsgRpb7zqnwfMmTwBjZFe9ijJykeduqGiVEyadJM+KHKVVpCG1Q+VIkQYysFjVToSbTmmFu9pwqo1OYmuW+vjiQNJHNktekodsKF+0AYd420zUrU2biS51mM4lcoXMzaCYomexhPvpoEm5LHWdyEDJuSn+uRKtCfViElSp1CMDdr8LnnRRezKvKZJRxenzF4jcn/5V+ND0JDvBZJWPMVQtXoq2qyjQaRdiOeb1S40ELWwAEGiqVo2S8y4gvh3LUqcPiKPUAgxBubNX1O6CSLyn80tAdTaUy5cU5u5bnF0RorrrvXbR+Sp5UcJeSAYVlOnAjguipp9VrGhPet2sGLFM/y0mvwCsxkcQiehprdX0E5dmFTPFJmDNcx8BOnUEfbRbC62SpIBxNkLTgQHjtW06SQOBBv9NyXCz7+YlXkIEZ7dQLFMl6J6R1FE27KGULiVLCq+QGjSy1503ExHZ3z9UARct0vZmHVUEan2LhILMf+KCWfaIXyk8bDGYAXCuL5tLBoqv9meDohIMNrjlx12F9m6gq5kKoyRo5PkHfXmM2u558nnPo3hse0+YInbHVev7y0G7aUmt6AoJc+995IS+LuhfZcy5Hreohpm9WcWyiJvSQ2eINGh3/YA+9OcZMvW0bdHZvwCrBPU0/vW9FRXSM5UEgeOzXu80a5Vr7h8hy+5UrV65cuXLlypUrP0D6QW4YDfCVHvK0M4S/Yu8lO/WWxzpSKbPetx9t1PK+Xv7J8a/b5+/1/+r1fyj16ef3vb7Xv3y90XJ+bnsW+845PzPZH1YXrFAr7Bd5OpsszDfqYIMOGWozbGSqHvlIymOUmMiXySwrnniwOBhGVSTRiy1CjfU/q2UFmdBxd3y98GA01JDW9YTTwqeVe0ut/KOCGFlV12IICXCTYO2zozYy5+kY5X8s6TMBFVgcxo/0ho1JaMmbM+ac0vCRgHbKw6FOjJ4CbYDlPe16A465RIeMaVPEdDDzBroS0yF/xaBFcMDp9slRni/NFKGcnDMXg25hysW/Q8u6boCocswFXEnHaxiQa9TMhAncDWjoFxQuSRM0YDiGqTEePLM1SYmiae5s88/pcU7BseTiJPPUNTwEVA0NhC/HtYWMwgLJ0ElDFfGj4O0zLOTl9T3dHjKGEZ2aBFRi4iy4LNF7TMF0tJkYsLsLDkw08TkTm0akMfKPmFkrVOBIX7Q5eTow3MbAy1mcEMai4EnIdl+C6zd/iJnfAvWHfdnU1IajE3AVm3b48FILO7UJoRM59j43CjvWPj3Ydp7MKChtwDWyby+B0nrQUI3IlZxenLRl5GRZ9kvPlxMTRQLrNwTB5w2D0A9oILqfWGDvXFuRxhCzszPJkm5rGhHLFHFNaVn47FOekxJ+famFxvEFNQZMSevtSVe8ZcGTp7OvjM5f1BmOHHEcTkhs38mRUw6+LmXTJDzZkjb3DNQWejg2AHpmCEaryVZhC6kXqipzmm+WicsoQGtG4uLivHZShdqf/QS7mtIXbQCsnltEajR0sdzpgJ+dq74Ypmp51kFliPlRGhtOE89GmeTRhcFq4S6g5cVv3ocM3sppykCztY9SkZZ7b06VHGtA3bwFvVhgmFeHRL6YPeBiNmxnGR7KF7zqWA394ka2tVN7YiziAgjr0SwUg9BSe20RpTNzXepa18LSEfOJXx3Ur2zdiUB5HYteuXLlypUrV65c+a+RCI/RD9htUr/b+3HA3evbZsp9m/9fvv5p7bnX/6euKwbh/byfP+fTDuny7q7ZUuyxBHt770ON5jmfS6baxZ7KH18yJyI/wdQXEIWqfon8ZWUrGlblh4FKbaTHP7fGF/8qjt7PZkUiAxBsyLwPMCfFC6lewc5VljhUawBvghYJyEARDNESA8AF3E+G8V/zNjFAIwZEjL6GCctmhkt0/iVMq82KH+mBJxQfSUdEBVNN1iJM29wY758DjbCw6XDWlEyAHLArexum03ms2EVl+I1AUB5QL+NradhcTWUoGprwnsfnk4j7BY+gzvIDV0ACb1Pr1QAvc3AhHbMZUDcMe1LlyKKKwQc4V74PupES9u7pdBtRmNU1gvDFXCpOH8F0BS6NBthpETNT7xbzOzBfcRoN3KVaY584RGCIqUmTu5zfSvU/57sFCqaZytTT4tXkbJNctQ4JJz8nuZgSrRW4b6W9AE7fnGMW012F0Tp4kU2WFCMDLQJapKPI5FfisECOukFP5d52mQgSzutycvogjkD2YxDp7pziummmv2/nMq778ijCapzWZimPSsqJKxE/HU0O8NLJdKGD4DMC41zHT7VahVWDZd/JUCvhji8LQgAAIABJREFUBjgw4lbqKLepXQKzb5rJMUBwUTyOwAW2iDGHDdOUl2YxrVMNiWlLLcq+ljXD5SoRSj1DcqZFGMaUttNXYzWXMOJuWmhAAzU22kATzfImDFVzkFkF/qXVqA0EdiWpmH7T7RRAGsUJGrpDbLUnFCRG/nDzRotTHkFSNg6pWZtmxO31jjRSo+doJz3b6hZMLWhBtGeuqdlvzzUFTWZ2IH85gXhlA/RNEMk76KxfPvlQ5EV/jKbmpfYV3kLpbIiJtv+JicwOujMr3izrJbJkPltoRcR7AcFX9cYjtMSqQLpcse16J1BCe7PL7F813kpajb77afq/xhtPvmRJ77BYbTBWnZNqBL8PoJI8MEBzKcumdzmp5dihQZ7QXZ+gJOLda9TCbRqGNwjs9usuduXKlStXrly5cuXKvyzW39PDKqvGNs0H+7AhStL67USYGD2WX7U85Y+fdY/3bp9rCeQS5n7ezx/0eWMQ3s+/79M+yml/tLRfLsE+y39orax3Ne7gWg6QDziutCH6V7AAAau0so3sSE5ZC1eQsFc2fozLECGPUvX0ggH+dGbc7YUUjnDpnYb9azMHkwphQRvKAKHAGMX2TBjAhgAz8lagLWQujcP3bodrka7QpSaeyLzGSAd/obwmhkojJWylCIQIqEGdtSfqhASLmIX5VqKIutfKFajeaBAMUFewfcLIrsUIBCnNmzsIBYBv0iFwsjoLaikzH0I/ueuyZBBOYD/VNrKLpkGc+R7N/RqDJfwUUcBuBFWGibhF98LAWxpLtREtkJaTXzWIoaVQoLlJo8pJ3pEYMU1MMFBH5RkgrmR40MS9WKbQOIz0YS1GjQR+iKZ1uyY5mtHIkF7DSCgjV0Hx8LDyDiE4l9mtawKPi+ZsE5qO2TdTG6lOHzgNNQ7r7NvA62uVm8OhvKPFVCAVYvPZ2h3gZKmWWUTIU9ChlNldaxqkZrQYNkGuirzFJ7b6SVCtMLiIrUWDrlj4b6Q6dt37UQ+fyTKscLW1s9jsiObVRsckyEgmUwH/x/EGlcF8v5wry5SphcHehuH5FscjJn59lK9mXXamdkZggrk7pQi9HBrWwiHu8LEGEUpzUsdWmouiIAoRKQBpqh+aEC8LJ05kFswMP5VKkxsYDHHU4mBKnsIpVSvla/rM4H6hJcKKQHSmYz2FuBHugh+nmkoi4nNsQwkvxt8tgBwFvKB4daVIPzW0LyKJ/Tw3vQb+1bzVrGYmOlfgoJSr0sSgUum1z3BAvNJYPf91xGIjnceaNX6ycG/jdFE1koa7vZo0MDAbRhMrHvVSxwhiXQpOXlnsrTrFGJyWQR2pTUAl6fJ55io78rCp5axcnqJQXTqk7oxHWnN4mXAP67TW8Ywr6DefRHkqhJRZd9UBn9imYMWg1yx+EWy45pUrV65cuXLlypUrP0P4V2+lWHqtank2+21aiuTlJ/vW+Rc/P2ztQTP3837+mc8lBiHLTb/pv5l+lPfl2CF9L20px1r6ofIgum3fPLVzLu3EGeyX9RY6+FiOADtJM5zmeW8dJibK/L+ZJLow+KrqGGIm7EUqXXOpkxrSEIYa4ZLO0paZmA87CfMbqr3FqggnXWXvg8mMjYqwH8JuzwonF6Iw95uq2QhAJ6h3gAwUFKumYYHGUpM7uSQ7UQChwomfAKCF+S65Vtl5J+OY89OQYcDCOyKWn6ZFW1BLdr7PjoRc1c26qojfZgLvkzqK1gGTJoCvNBe659khZRccZeqXuAg0y2fYANIQSEnxaxLuUuQnG2e6ySy7OdnlebYzXWwwHKVaACGwHrJ1Jk/GCBcDAQxrwkE8DBmUncTNNDLjPapNBLA7HYmfjbfjg1/Yem47VuAJmYNjrTD8m/Nv9I5XbEwwHZu9GARAj8sYfFiM4ELRxUZSs79eW0/7p+aEhsZkBQhxd5rvYZsWgMQG9i0G1Sqmp9+XDhKZblQ4A7ySKm0qui1dKCbe6+lFXtsO4neN3DtMcmc0lSHDPFhdkgZBJ3TYxqalvb/OLmAJ5HUsu8VJJe0kNOIOHeWcx462PqEwhye0i/QM1tgi5w0Cjghct3BfSyrD3D4MPjfA4OZVaQ8H3k++B5P/ONoQaXlRrfnEj5Jsqu9jxvgZVmRtpsTaE4YisA8H/h4KMnd0rPnYohCwNW9QT3sSSYaMw1aqpNNdLLaTocouS2lPwEjVIqKL7EGeBDCa+c4zzVM32tusjQ2ITSlXZO7DT28nm79aGpzqas6xkaB4HODoQVQ1fJnPvLNgrbkde8FmW68cIA7iZQbAW4Gzy/4Zx4AMfk6zycAahbbGroQ6bkNbRXuiDdMpSZ+lVZb0/sThcC6LkMvYy6boCNcAovUWB6fT9dynOd8POhlPIhMeJBrrUAfw6STfcxQSnaRALQUC2mxrHwMsSwvb4azcteuN4GmiXbly5cqVK1euXLnyY6TeqOtdmF/ID9bmaRxWfSunJ7YSqKwt/5prr3e3G3M79xt+oD3/pv/PpVcMQv4dzseub/pN/9V0+2HteW7nFlpwyR9H0+19+SyHei0stjrEZtg6HSQyx3NE5pjh9c4Ki9Ki9skYY06P6OZ23hEm6jrF/yUyAQV69DA33w336mid3CIWrEQRrxYGqW7SyhaMMWbajXXAAo/2dFJfNgyuR6vQOQGUwkgVPjY1nE2KqYHRkh49TXRmxELyRgoBHyeRkqAAoD2qmiQngIaiY8D67OiMMhpU8eSAUDkKAveLEt9GXDelmaFqlUW/FGXEfjzyXoNpdbhSJtVmoeJqkgJTKKVLGPebvuBizRyAy4aVw0JRWD/JOSb7HVWP+KUJVGNKaOnEqxuOwg5JUk6CIMleKrzc+RQ+S2fNRLgQ1THTaaIGFiRi5TQ1QS7voGO3QPCHfoHkkx7bmoO1MaxUQLO9wEsZ06dkmrABLRdAHUg/5rOFrqyIldpq0LDgOlesMBP61FoNfCoO6F3CCXQBK3mhuX6bwY2p1cEAGzaCFYmCs2UAYKp74iSmkV2gpgG98t0rVi0oZ075rTMNZMKu2FqdQwpSba5ynw+SuLbb/AuNtXR7WvQ0y85LuB0VSw5f9iv/YefPpvolWhhJeSKUSjcQ8pzK6v1U1SlFJhwS3oR1qMlfFSq11DfARNTkBqljGCBxpkEfw1Rb3JFgyoFCi6DZT1DkKq7VVxh2Qhtqtbtipbcatc+Ur5q5vZF4LlQ5I4D+2DZpO2P2mWL2xl5iOiKEo2ty8OkGjlY4khIZqxAaNuKbyfKjTFUixuXw7cgGzlOIjApqC6+2kixV3yQquN0ooruK6LS/BlyYIvKgiejUqTgVElCmOFl8JkwK5Gr9LVsR7/ocqLlKz20DdA1NRmTRGQFXU8MWi6XQW6suD8fbltmGCa1Vu+Sm5ttO4Wj5BMxpqZieS/TKrN0IMtXsjAevtfT1OuDNoOaPI384vDLC66yK+WoMrWIGqIp8YTFGDh+VITLMpmKlG2IHmykf5sjnRTqJXujERj2F8gzHdbC48tQWaQFz0NINbELHyU6GN2XLmKc5OrTPxVkAgqnXJXflypUrV65cuXLlyk8UOCFz2e2r+pBe1+FsZ/1Be7DT6sty/ob0V+256Tf930ivGISASO71vf5T1/I+j/0NdR3KzCMmfL6jxRQ85n9X71zbYC/LgfmmoANVtREWMcAqol9i0wKWIi9nIkUpqAKCYeZFJ8FHRGCxmklysrBWKlmBJU79a4a5cqsUW/QGcDAY+IodlgZCxxTL9FqAAP2ZJim0fhRbK5U10mum3xysJlCvVJ3qkEZAKlgkLJ4qrrpk0oXxDAY5NUYdhNhkzknSBP7KegkoQ5NIYN1KW3Qhss9bL8SLmPm35uC5AW+AY6ZpxMSEifmW1B8Kq5X/aAaw09ACSigjoyT3lB4ETDZNfVcaQazZaiV0R8F6iq4QjBqKAR+Ooo7l25wUIUUSwdUxRhkwAYhm2EXNaRrUIcdaclD0q9BBTWt4rBKxKqe2DmweYNQE4l0IhmZroAmmswqBxebRIBXwfurd3IWiYKhiX9DdTLuyUd0trYoGSy4wJQruBZA5DNKI3yYJNZIS2xxdqi6WX04l2L0dKohdgSbI0GoN4iDKnFixgxzhNXu3YiVLuFMsALJvdLl/MBQYqlVRYBiKuK6Y0cWCS7pmOvvElNOROCqCGmYwUb9nENVGaHdyX6ZGfnP9owKfkTV/UvrAXPEGj3DRaGBf+cwZ5ZHwARPcEzEPT7fxw2E5V5HkYm3zYUUce+mnb1MThKLnv4Cv+Onz1AFMshiGYoNZAHUW/y+PnMSRjuMWtUqwzzbn2yqiY3gH/IyCKcV2jdCguRJxdCXmMJZUPvhAVcW8+oq9ugrEzphDbzy3FaErEaNCF520oVyO/Oky7UEy9GmWB15EVSQPR5gp3g28S5Wez8ex7USGn+oYKszqet5p8okxHYiBTnOwvSZQRydcH9f6wUM5jzS47wG8GlHLy6eCMRHW36yyCl6yI7fHeNQEHTRci/sLhyVwy5y9OsnxNKFt47Ba+O8VsP/hBGA4rGq5i83Y2fldg7jQOG8kxTCHhvvzvN53nmWNB3vlypUrV65cuXLlyr8t0yztNmmDHc32q7sNVih/swA/loMTdcu9bm56zv9bdmzd03+7zHt9r3/n+sYgvJ9/36f9wl32K+XIn25Jy0+444syhbxKnVpllKJmNlRxKj2eeQAcdCDQH1C/NA7VUX0LW1lSmtjmqv5fqlRhP9JwoOnPOc32MEhmQxUx69IAxdHVRBKrI5ZLHqsPKIDPITiAoFJAT1pFqZ0ZEghpRSYxnKWHFbv8gnZijGtlhu/Oqn6k+UxhBoYBFG1QNH6UrRA9MoIusqKOoqWdmKdH/36xiQeMF3QrqMDjDhaZI3UDWCNBh6CZptlUE/sjVaJUceadU72MeW85sgsm2IKKhSnSlHETeOWM/sCiC2+uiMvoY2SWbuCyjjwPpqXRWAICTkZF/XIWCYZMF+eSiR5FMaPs6/olQQnVXBDKYBrOCKS2pQWvy3JgnKaIpRnuiRzwRmM1J2qhmWSEjXBzBdjl7NBoxIiFrj1da2JUe+nTco9JWAREGAFhWawbtHm+x8QbWpCvzzFTp4upSCmAoDcMQyggrOsj/U9aDRA2qfEFm797/mhU3xxZxUhp99iZ6YVtKCh52G3SPl/QLq/+3GtUnNQVq9EyEl4RM0FFHGhdROBbg4sFrJWVAgZSJfV8SVVcIDJo3DXUMSZnA37bUJi/B8RmDekWhQE6ivlB06i2kqVEoCJ1ymB35a19LtZsqoXjrWsuPdd+CBqVrCxA9diOTBP1mUYHVfBcRPg/jNsBfc/N36nPsf5rNtDj9KsrA2Op+dTDENXzWBidh6Y1e5UKSe/QtZ5UiANnQXurAcun1LJ8tR4UMTwGinY23/pFrgSqtzZ8NFqTPpx7Yj46aLRiXDF3+Ad4qSzzpUJpk65XCCrH8yXMm48qwfsCeSzvrTr8CbodP+94E1XKme9esZdZbSzE8ZbcRqgy2t/ghtckEUtJVBM31W6s9dzIJcgmjnWhcExLY2UO7RlrWvZlV3O4L9orV65cuXLlypUrV36EwBKr/NJdhhuj//At3yv9h4S29D/8+W2rdR1tvp/382d8LjEI7/W9/oPX8hv3/sFyvASzQx4jWGDN39KrFU91cUO3NhssOHFaXEXczahZcAVG0prCUD7nBK8p3Uipmdk0yeg4Q8OEmhaoeDhRrLBJvBsyZzWGh2ozYsIJp1G8Ii0LtboJigEly0hsactMu2izh4bDzDJUkUdFNGkSRxFh8my6izETQQy/bhnmgUgDa7isNP3KfpuITrQ8byprnRFVMfvjTkfTwgg0tkDKNsXIHSw765Nmrmc/nrYMDPOeGDU1UR1DYCJ2TMo9YAam5ZOLgAXY/jSHIEFmjCrFp0pbekaoQ8tBCRG8yYTr08ROwruq67d6rgV9E+hmjBvwQqLAhWqJ4TmX0NJwDz1ZYRta+vMiR7qIKDN16CCZiOFZzuEBQvfIWy5JkWxz2jIuTuyrWloBERr8/WV8rSzfkgaXe1LdK6sEukD1ErMkJ7EIxXY0bV2xgdsQkSuXAhb6MDEQh0YFtAJHR8B6bC4stWk/OlVV01rOkJnwFNgyAGFOtIUWaXElGTpV42ipPqRitDcUkbZDXhl9MxuAuGVT5oiCIhFKzU1HmUTZ4K6aIkUarxaWk096JtDUzQXVWb2s1oQMcNSjP9Jq+kk5ncTtfiIlSlKsf+EW5F/ZTwOsYvkMsJ69hnw5RQFHlAWOCp8QWXSC25K9PVpyZB5YpIVs5A0NJlbB2cxVCiPKyIzVcz0gijlqvJTag0wIp0votY6VGI8o1FToP/aC+kNqG7dsbHdqXRWjojpLkSjl4VWKu9CXBC5qgyagFazKnD5wgp6lq+8eeAfJ/db69KI1lxTA/GTmPipCW3lnbYPGqsjtSDEEpRZrBwyggSKJts0Ubr3pQEEUNYpGbvwIEFJ3bjlgu9ahhEKds8kqq1tz7N19cyEBrxAq5DCatVUvBN/1VRZqfKjjypUrV65cuXLlypV/X2bEWxG22dJZ4ErnPHRt+fN7+XHUf0OHLWvwvfTdlv9e3+v/W9f/oVS51/f6j14fDFLfv5YP8tC1ndPtV9u8GU6UkmlFrYQIe8w/hkcfNDHTr4gIaG6Ln9Omzr90TA+plBY+VRh3dYgMkZmmzahGw+Y0zaYly0WGB9xJ893Bp2C5r0SjR5xwVwK9hABC1cU2F+QTLlDFHaWGggqWUlmNVn24VWVqDBn5qfzyKERB/Ei4SxdDbZDwlAgT5e0yKtKBJjFgl3y+YgyKaMS8SxNctMKmJsUKDaiaDJy0h7iMZhYR3EwAwLjjvLBvj/H/0CMja21C18mNCqvzGCPQ04AxnL2F8FgJ12AM5pxSKROmdCs9aUZmyhcjDxCpGT7NXTO6jVRsZGMm4N3mQi5RvXzNwjEuOMwEGxB2fdEYV/VglVozx/o8oKGPFqsOS3Jf4pGIgSbqAeeAphbhs1Z9uMibiHFl6by01JjDIQ0Mk5VRRo0NYKXh2cS51Wr/GAhqdfT9llHHGguE6zSluZxRysgUvkKQUPCokHvwKapEr4upkg4El6MCuds4MppqYqzaC+VoXrxzd0SzSf4WoMxPGVfWN3Uy69mU5v+NOLyRm6gmlhIRCEHeGS/aG8ErzZYRLz+prlLeC4U1aZWiddgg8xSkzCdbCMsg/yTeMcIqxESGT5Fhuugxh8qwe1ggIcoNXXWuQpTY2MIHVk1uwz4lRyLjp8GrJ+s++cvNpKp+ta/gvDZ2I7Ex6jwKHZEwpaMGRRDH+qbpvMG6SqOTLOHeWoOjZylFy+KSGg5Sl651vFF0EBZVm8TT+xFpLk6M0Gv/cRvhQwotQy1pXt02BzPvC8tbT9W0am15RlMlpSKsl+hEnf1omUl7mqltA6xXjnpQqu+nc86gB9PDWrmVAsdC+RgUetXpSyS3h2UHzlMLGo+htq9bHtHY+rW+lJFD+WE66VQI11XOumvo/RR17B4jCLICL84mZlNEJw4WqJ4fMVeuXLly5cqVK1eu/Ag5+W/jazu+TC/5l5OjSneeyqTrdtRzrffNvUsbfoyt/l7f68N1xSC8n/fzT3/KD6jlxbczXb+9zJ9H15/zGNtolQIH+re9FrfRD1H7UptmDhr8JTqTggGTUpmIkg+EokajrZDPNYFdHnbORl0AUy+bFLCj6EjLllF2cgVXEYW2Q+1ZGjfJj8mbE9QsTdxuIpaDlGFuJB1rsH+x1HwBEzBhmjFmpIzQdAAj2EleX5XqNj5wjhoLQWvLzBP5XwPoIAyMCrs1A2MUBLAc+pmmw3HoGAiim/pMPWRUFj3TQqnp5TM0nqGwwoeqeVy7gYFyd35QUk4Ehz29VQwEKs8U7reMjCrlLcbcGO6NVqRckgpRLHbk3JXxpWlBV6MZEYS7tOnn6a1iX3oUvyDOmlRAuyXSE5EvaSiZY5OAbGi/eptm26SeahXL+mlHCBb+UBfMKOWMAI84wmcuPQKObI81mN6YY+WtEc3EpojYaAAVOa3MJTGqa1JL3OI4AuPuMWLhXBIFpJW/aybwE+mqoHyILLmcwtimYDt6oO1iPVpwGJJeMP552n8sFwrWa7B5NO3o4H61ciiapfAsyiV22myKmcTdsMpfHgRrZBQcrjoskKdHYnZEHQjG1s9tYLrxRroz0lymYvWZMa8OVdCiAKK4KFStdsXcLQESWk6vM3YFT4kPyNa5zdQmSeY3zbvhioUHUQZ/rAo23YrrHF/sJ/QQEgu+7UETJ76liEgeAhAULLkgeBv6XJYH83Z+YtFngFv+MrQhndoGuSsBzi91W5PLDRmAVH1T3/DypcVthxCxue8i9e0HUr1etEH44N4K5XzLDEzipD33pXlOf93sdmQBVYjkglO4q23E1mzg6Ih2jV3sPQhUyNWpiulX7OT7OYkrV65cuXLlypUrV36GkB0VB3bpt1v8jvMfeGRFSKvsqPwc671Zd3WrZSnHHsv83rf3837+9M8bg/B+/n2f9ibPGtVvieH3R2p514b2Kaf27CUsKWIvvrWWYuImtmFlt3EbakaUi6A1NvyINx/qN7JVwY8emmwIFRcJHHFtapWjcB8qU2RYOVnNuHHshStuDKOppulSpUULG2XIZon8blVXpLy0R1Eu0QEcRGErN0YjYHkO0hIzVYQ4PmyAc/u+pd25XBHSUGp4sRNtPapYfT5G/G32y43gs4YsGmCCIq3SaaSiMEwKa1ryYHXoAL7U8IDm2hjRF+M3p8AyyplgAYRJneConwWeIh4Vai0/eYpggxqtCZ+Ro6acke11DXpUSqNwiuX6LGl21maUE2dNynUm8f6ihUl5zNUXkwk+BFtkywpSSbjA0s6asxjMpEZRaR3dyv9mlc3fr/zdxgJbasOkqFWB6ZogRq7JXDvYacJTKM//4PiAc1N3aBXA0CUYwEomaCAKBBIpV99xCAKoVAsL0Wp2V/H2RyYdML/RUpr7XsYdNfGz9MYcM0e1AhrwfbGV1oCghzx9+2gvWxc9AypwHPVDcyQXN6fUUSN3ujVSCOLpbc/7fKi1pgoCYJZT1qbQFlL2GcNAw6Gd03hJUZGtl2A0nfDACvgVu4d25GYlscXegFMyvJ98hJx5NTPxdMV5AqSPPiK54MZaUFtH9alj5GTGZAcamEt7xcBLxhj06GF83453xJQlALMpbA8telxN7YEotFduOVtyrue2HOpcwBkn4w2PV0ael+kNo0iJ8dBXAxX3laywJB50C4a3ni2COFK7gIhty2Ty9AI04oLnZ4Pm16aVnIFx15Q/dY0fQ5E88nFPqxLuZ9cjENYvVGlMgqf/UrNXrly5cuXKlStXrvxL0qP08Q/M/qNnzfn4afU+np/fshj/4c9De9Y+3s/7+c99LjEIWW76Tf/N9KN8qxz7Xn47p9shfxrgXpe/2+nmN8qxlj+aEZYkUVntpxY2IcRY0pldStPfDki0C40PU3PvbiZW+F1kGECa1AltGjyzvDnLKUM2xzEsm1tCvBzHKvC6tKczStcIebJc5t/pVpWtdRxsyzL+V/LjkgoZAQwboNOtfrYkMspCKatN0rh/OYxIUfhvVDI7EzKqI4zAzTOsqAwihoVXyILBsr3VoYRrNOMnpdoCSa1mFjGOx9WK1yHwKJsZyjleBwgTcWRQ1ZIYkh7m1Gx2Lh05a6yuG8dqVOIuetA8UGvWBsBQPTaAkBuc92YziDxYWbJZRrNFE+G0Pv6p1Oju4d1UatqEp9mF0QN4kppYjdGHxlvPDw7bw8Yl6dhWG+KStvGR2G0NU+MUAejIedyXQ6HPS71Uh4joXALgrQBhmqxtK0eW6HMoZXLKBmstDZrRIsBpOb9yiobP2X2OOeZ9ACWXi/7nOKQvvDOeY2/TdX36pHPNfeCHrOBGRCDUbWZJOY5+0mTWx3+armtY1oxoMHZI1FbISrDICHd5kiQTC5eT1w+I1FqCNNCsYdIGOrtxdrWt5bE/04ANk0lhNqWGkAEwpWofmspIJJ3UOMzmylXxN+q2h79XV+Cn0jB2tFOzbksVWSZXoHT52GJpUyImw0pARC7tpaW/1hXjXqvhrb7apt216RNrkDcu1gPP0p1KuNzVvBZFyNlH8G3Zl58kDxfQxN1OKqwFhtfvxO2PRFL0qHJeR6NXrly5cuXKlStXfpgsfkGN8LM1J1zt7L+V+GfZ8vP/w3KWg8XPDWxVH9PnZup4nf+m3/R/Lr1iEPKh03ZM+Kbf9F9Mt7+/XnuZ375Tvi3p9iZ/GNHtVXu6ITYRjvwHFhyzPP/t/DZEAcwb3Vhs1kCL8M8Iqxab8jTNg90oKmk5c3N7M/sF46QsbGmW436QFUmjufzgjdg/QxFcrz/SdZSZVcqEz/HusnbpQsYypQP0BDqqkPGxbJ2rJ7fNx1pSBI6Eg7RuZ+LCemFewsKrCLUWsoaYgqGWYfnyoSYzjag1zVQbu0yTQqSNTxO+EMOkmpbEQa4VGwRmauuMTLqEwjOc4Y2nHCJqArU6xKb7gAPwqQNZaC5SjKSEQm168EUfPveGaaoyPCCa6NhIPHgtE5PxZOftmduEVhEZqjPCTA4dpjO0O0wn3LvaMJ04udWmwYokHOYn2V5lpIE4Q0ARai7maznT+wJTHU65o0B0fSuBed3oLkYZRoAfxWZd3gAakaimGzaZjPkoudKYU6eIzyi8/C2RWzsCQH1ZhcH9MJCaDE10CljiunK5aN4usXYi5JeOCkgJRi0Iyhk0zDz4YszJRLKg8NV6vnXvQMSacMjbKiq2qzSE0gaFdjS4wXwU1ZEcqa1mICunZvF8PlCmciLMNuEr8FtWsepkgxr7VvnQi8Meu+/Mr+99UfieJzuu5Wt0LbCeCKdiaySFNgomYBOK86KRtXiIsmDKAAAgAElEQVQ/7iBvIHuGtZwHxKeyDXrJOI3U/ijcm3hO38rJBidg/FTsE6D1IsOyOdcDzSoI4tOz/tjrJ8e2i0L++uuvOfncAunWzMwGOKYvNPOU3jZ/QkyP1dUkfLemei1Rw9t1euXKlStXrly5cuXKPy9KENxmmy2jqttvtcXyOduBiw1R6ZbWxM/sxvpcfrXnXTk3/ab/uPSKQUjeFO/1vf4j1/Lb5cg38ts5vUcH9PSIPviuLtnKPOV56q8t+XEN9MQGGljrEYChiMiQkfZJRGqTQD2k7un2wajKjT1qBOiIKG7QwFrIaH4w52vlNiFnp8YhCN0jJGhyJgmEWRjlxYRpmJqeBgMiUKGHdFb7xlJFCh+poNDqdoTHqUKpK1us3PDFFx0IwyFwR619k9q3KN2yAWFALECDCi7nl4FzeSQ/Hfk6YjY0XyuqwVombMdlRDTYhooJqoUOZryrohCVc0JBgaNwOxTvvEIwz7JLMT1SV8Lh72rCOjJUlvK4kdmlWixYG1rTReBGLlWmYoshNtaKlf4fLMcYE/jOJR6qA9foDpzEukodTxNDYELD4TQlsLDWYLNB17SkdoxRS4enTQ4lhZPs88mzDavXYJG2iCrXznFMdmmAH5jzwsOw3VPNzju0tJnTg7uZ/kO5tDC+K/YOZtd0J6C1Gx1k0FGArY1tM2m3tX4Z3svhtDb7YSIiX/DVS/C8qOpXdD7C/Nmu4apKD4ggNzkt92Z1VhFBBEcW5D6fDb6UCzR6jSuIRCEnCK2dMpB16mQJlLl9geGJyUMa3yrZy8zDMhhg5mPhmdGEtzuU0qbAE9D47kFxnl9c0ULnzo7jKT5pdmDY0cZkZ+68+CjDCL/p6lvaRby3k2rOfTtk3Lv7UEDszkMp7PEOgT9WzjletfiIXyrAs/0eXe5S3VslpEnG6wQYbSsHo1BhU5OBnQcc+nbkT2A+UPMCo/z6it9QNV/JW7ytZz8O8pq3x3szpxy4noQRWnoctXWHftbli7l25cqVK1euXLly5cq/Iicbr2VcJE+fRpH/8pdn2X5l9HtbpMBH27Iu5cTB+Q/ac6/v9X/r9Y1BeD//vk/7Vn5bU+QfrH2ty84lWLtG3LTDt9bK5NJUVYeamcxp6mbgcknptBx4JzQ6yG6BMC0A2AEiMM+T9VHhRA9B27UAoPNRemATs2yQjNMkzxBIYaF9cFuW9Zs0fuITTf9s9UXRADqKn8hONFWtGp0MmkaUEJAYUyNhyw0QVgCOhfGUcKzUSFr8rUz6nl9VrXP+4vZoXnkncNCinBU0PwZBJCo4TrIolRpWwFc58Wh0RDh+odJhKstyFPhFXCdaaozDtoB/CdhBd8MRVa3IjQ04lLTMlrXUNGCR6HgEMiRNxYyieVb9XIz6pIy4VJE5cVe5YCXQRSN4mKWWUIdiqAoEIgU2w7HszaN5BUfBklboZYBp9pP3QloDVPhmvs05vBNxmnLC9F9gL5NLlhtrdonJtgyX/DHofHOHdEOV0Kf1TQh5ThDnaSMCxyV31OPO0dpiBf0rNGbYnK1mdRt6VoXVNFgeFNj5XjRAau5lgVENh5sjgIk4wJYPlMfCbR27XQGV/QGEOKMv2WiUsbk63Wro6ZJhVU1snxgsa9DBPj1khTc+agBnWbS0sC1VdZ9G1dqaNJZDlFuahGNuOsmwTBHVpGA+Nfjd38LPzr2hh1t3zPwFOGxG0XbP8rD9ZBMO6jvenvnLtaiFvBjHJ6a49Qz0+10X5Ex1gEbY00VNJyuNx73Ox/Ru9nWkeSveFthukPvMoA4c19F5hhflsd+5EDF7Z7Ev4V4jAuWThutY1XUxeuXKlStXrly5cuVnCd7D2eRVFjWlPDBBsDny4bOXxj/zXt3F7fk45/HT1jb/Vmn3837+sc8lBuG9vtd/8Fpe5bG/uXyRDpVkun1W/uwEjDTXVh5b8j+0zfq9Yww/0m6iYu7RboojhaYmKuWxKt3SNSsqoRMHCouZBV1NM2ZUxXoreC6eisVB4ecSV5c98kcxTKMBJsxshoqKzKqJ2GEz4bRRpfp/Q1OVvZtI0GhU9kY2+I0P6TsrQjVqRctH4nmi0x1viuNFAyXIBOJnPiwNIPTcMjTBXJ1iQxBZEEbxtPVvhm80WIHVAZ/SxgFyFIoQN1XmAajHTSNKDgMJJ4d2zE2JlliGDUz4TlC70bzpZQyoTPtcSsNrdH7WdwNHtGL6aPD2rCavxWxyrqmyQ3afnwbsNtzpDimaG1A2hbk+WjHdKmsMwDIDzkH6xFOrp3XhgZxi5gU4HQFEV/wTyuIoZQe2kAart1i7VGEftOaWN7Ba1El/0svlRlRxVMPAJ9U0YTdfdL3S5MEKYwuEmvNc1gO4U9eqNmNyBRSMZQtb9qnfkTY2rbQF/0SW6jLASC310yNgDyH5WB4dyWh5XuJT2oaXttZwLUtnDmr91N2CHK+5fy9F2yx9LOUZn9FXg/Qqs0YYTykKHU5PZH7gHKNtX6BhL4WfYaT3COHuqpZ/jx1HcAW9TWw5ocGfx9ZmOVOMnuaftPfN998VZQ87IgtQpEMbZ25HUt8s1CcOaatvvyWcK9N+9DjRTypr+/X7SJbLgwx7iO0c9UO/HuBJY26o8DxPAiFaqutOf1DIq/Y/pD8h60L72ttTFH14Lzp45cqVK1euXLly5WcKTCCy/KZjG2+8327vwGw8SJPgYlF4tgmXecroRP9re/L6q/Pb140T8kNs+/f6f+L6P5Qq9/pe/7lr+SDPb16TYdE+yQ+x53L8+/flFC/ooXwuc+EbfYmYyHQPnzbD1aTYCDeUQGokIsC5I8m5mLqorkpUcb+k4b0y2G4nyw9AggNfBxZsb23GGPwSq/oSjRhabaggX2SnUrFAeaRiAQZqZ3AQCr97IjZF4GhTVGUCwzTgDCKA8IqCU9au6aZpB7oA2g4ZiDHndsnhjk+BNTnwpGO61zEbDoc5oDNEp8MtqgZC3l82dQw4wxxFAtRZvIOj2jNVaTLViMSMUe9FhEmbc9abTWpfl5mPAaF6lad6ep80mzYFGK0Q6dAypzNLTFTZxmrGDtrdeaOZ414FkwUkrqKiX+VZtb3AZQjAoQlOipg5spcmY5NqZxhaB413I+jBUaliifVb/WImN3NwenoiTjXEKBg8ZSYNQ4MjVdbfbHE1mnRPOKqJDCCXURNbmTtGxD45OSCj9xJJ3X1vapfh5j79CuEbbTywPgTguSfDHa50P7fF59sndtw7Bo5NOM6N/AQxas6oBsHgVEOupJmculLVwaCt+3mQzdD/Ak84bJSqpWGGIoBuPZSExiwZdgrmgpl9giE9tPkIchS5apkG/d4XHL2c8pUCxVr3Eskt6A9Yurftfsy9q2Qm5M05cxh3vtQHooiJKdnjF6HveuEWC+nZ16vPt2NRGluV2Tipnhv0rgPHGw8ZWrnnzOlzeG8A2P7rdDqSLPcGPI2OrVeh/qoGeYeeFbU3WJc8/cZVIbk725L8pmMLMbR4e8vBMMo560FWr5LGB1Ok3tZUJ55QdGqKNDlCsc2kEfu2mZghRjA2eiCEAhTWn+vxxGmLPbfG2tDkXcTTK1euXLly5cqVK1f+JckfaGT8tOWHAF0zlvdgs+3ug75Z/n5t7UfA+/y/e23/YF33+n/oumIQ3s/7+ZM+5ffyzO/cdSrHXucRaynyVLst36bXKBtmMxFBuOwM03jmR+wlEfvSrFaeFnYksC9B+I46HuQHXLBTBzRD9SCvJIlQMiKiV5cmsCDH+COyHpBa0ee6u0wjB4AiGUzPOtcLzaUz8oU5EicJsAzsuWkLVfDxRIQYairJy/L/qpEyHKgKLCh8gSp5mvuyYgt28paS/9F1YNqB/W6yVMqTWgsjpo0gRNYUEQFmujkG25h9qcoo3lSGfvUZB1wr6T4wNio1bn2NOph0kaKDepqgmdL0FJEvTPfk1OUIYLTTrIwOOyGtvcxVcD3SaGu/VDcGmh5+caW5uaz1Hau082rDPpylmcryYqkxj2Xh39H9cgQVVOkYW3h9Vc555rKAWtoXsjkLz4oc2ZavQQPc72gXNbvPawt/j3pu/NYwV8wXQIADfsCY6l4agkOS+psmWet1xZzxtt5eqvGFBNFXm8KeBnGT93UthXy3eTs8w189lfaNOmhKLdPsMA08J0ER2u8CZikAmLfGd4Dw6+vrtWvE14LgsIfta9kktV9g5qhFwNcn1pelE1HuS/CEq7+tg2jbG5zyF+TIvFwyLCl5ZIdHpJWwLc/z0KNk/up5W5B96p6eJsJb+C4m9jT5n8r/HGbO/KfonmvOCLRsPU+8viSlFl/HM/ZLytNDfcGouUUw37Nm0pUory+hxYWzOyZdn0ZL8i1EfeXKlStXrly5cuXKvybx+yGsoxTRqAwDZIMdaYPVSl+/hdnp9+3V8hsl9Pbcz/v5Mz5vDML7+Xd82t9fgrwtx4532ZtyPow++Pgtlb/aBYOLE/HuLNh5KiIqw8zgnTEaRsF1Fl+I3bTfcaZ0GpZZyPCnCJCTvtGaH7sAMINAqCoZBVET/NCsCLAcnc6PIgPhTDwvYb7gI2lm994TjcGoQUbZ/L0g8aP6czCUSfyt0hCZJDHGyFN0tRi81FQCNFLorQW+pOkZLyA8D0YlAWHNzS67OoOF5rPelKANyCwnpVYz2SMqWdCTZCozy1p16VczX6iKZxAAFDMIimm06ap1IodGoSO8WyW7sxZFrgsUha8LBe44ZAvalgAe/jBMBKvwTl5Cg6sBMx6N3TUARIirzkhQYtmIrUC+aZkXX9L6EBgYNyYma/UbTGXLobRYAcIE3r7ajwUmmU0jjBTGTmm3yZY3hF5oyPdQWUaTIOKwzVzSvBOsXbXmCJmxpVURPNPWXoKJ2hpX8SyzYU8yuBFHgHCHT1oiNr0MXFmb4NOI1Aa0cK929OURvStAa+3beqJA8TBSaSvWavvVMQ6hxTDwVmuvHCNinfJ41bJ8hdjIohyrZwAjrAoqW1UEJnBqmpqBszi9OXsjZUWzsDZM2yEARmDa85P2AeWN98A/q4a0Ya0DCSecrHUkI9y3Nwqu4JT+IHijT2w9fWAu+lnKX9fDVqyV/un8gp3z+xENXsq5f67olwg37fAglC0ftIcp9HLtZ0vWP+tJwfvSCpPRrDi0SXvYwMqZhH2tx/ByDEItD5BkPbr9ialYE69mHOusnVhQTAB4wo4/Jl6r6iANr7Jwx0AP9ytXrly5cuXKlStXfoyU0UTpwKG/LzPfoH/WL6HTt1nwmt7twIUjVp7TXfvn79vD336+7t39vJ+/8rnEIGS56Tf9b0s/WCx/o3z7Zv5vp6/mIFtzcr+WzFv5plbO5oLc5uigmYrNlaITp9EzlqFqmL5fmLCOoqpjDHdBWgfPo1GeKCoi7jIT5ueJVicWJjJNKnxR4VjDRIZ7biQzaDN5azfcpZFOJCDHg7VOgKaUsqOZBwZkr1zRu8TKJDHgZHiQEsiKFnrVdIXnU9Qq/GJa5UR1EI/NDwR1pEB6tMiIL4jaLdkuI+yKHqdS5rSkdDo2OdAsL61wuVSPmcmA9T8Ba1Z0AbdNzAzuO0/YRdn6q83pf7B4DCbm4fuMMi/jQarhzgQQqDU3Mn8yEouuwUyI6Gm39S6diGkfeN5k7kXHDkfxKhLEpVLJxamEq89ULpl3ud+7Fhc9UHvzRABzXaSvCjNL6s8ygXvRwW41zcnPhbi31QOAp+QEkGoxs/DLap17tAomSkwQE7PpSRkXcMW6ul9KVbVJbpzbsYRQEBZGUyKf3WgUySMatyeabYl1jqLrb9E8bfVFoStQ5E2otLW+B1kPHljU4lQhzGfjnSd9BLtKqWHM80UfsGifscza8E+44xEtyxJW+C67QZ6uadNuc3XREW9oz9lMko+uYu5aGuuAf04qp8dT2/cTTHLdCvaL7r+RTxYINsilTXgtKFr7Adp8SH8h0Ec68bZYdGv96xOzHZvYFY3YoR3BlY1Zt2Hw1odjXSzCv8nbw/3UYNzYGv2RT8zDEYzevTHgqrNWTbruPFSAJ4NRIUIP+NWBPUjr1Qee2FLPrWwR1WVoTHvXNVL1nBMboeb0SlRSNd4RzPKcU06teBWMJ+EHDm+vXLly5cqVK1euXPm3pdtpbfmhrlsm+qXX3u7/tN34cDjz03JgStZTrh9pz7/p/0fTKwbhcpLabvpN/8V0+7fbs5o5Pi8nzC/2In/8/bY9tqSnC6qwHX6F0SbcDv6V7DSxKWYatKW02XVbriRBKPEUXZrUbawIE7gb9lp8HbEiF3oX3MmbJdvE4StVBsrghG2EMXqE0S1bmxfRqeAOkoWPuqcaIQI7t0gbjay+GPDbCLgp+qiatL4hOp2d6T5GZ6hQ5csP2DsJcKR319SpG95agLryKZpDDtqWEjWT+500glS4wA6vCMKmOXtoeMZQE44/18ydX91iiz1+ZFvK92sZf1VVdVqfNh0wLqShqJ2ljwTBjM2v2UGE+jvgHIOoppGT1Cis0+bNlIgV4XMyplk3SevRpJumT3U4pLq2o8s1KgHfSq4aDCis3xvWsSJ/D14f69V1DO22cuhPY8Q2LOpbBly2ng8duJ32sHLBu7XfR/ARKT73a88oI3eGr2jUlv3J6R/zrnSpdS+F7zo5LfwQntv4VJjSlaO19uggkTbPlrjtyS9r/yhD1b4s3kk7Fn9VW721ExKLw8+Db8woona19wzI/TrWzupc1OwwCX9h+A4y8giAiUhFBGR0kKPnEkNS+wi2Pj50mdPLyfCh8TmpD545l/aL0GvEx6KqkhB+vBWZbeUsIHfD/6IQBfl83SdfbHEIXvvgwXIc1BWNfLnF1f65rctvya5tnvA5Ff3RfDhFIG1mLGjrkv+opNhhKw+0tmaThg565r55rnA+Gux9MfPzLhtUjIW87wBXrly5cuXKlStXrvwcSe8z+Q6bP3Tf2IctHGet6fHr0I9ktzfgD+3GECcYvs//Sbr8Sjnx4+Pftv/f9P876RWDkDwr3ut7/e9ez98rRx7TbUmXD8pc8qCgva7g1j3dC/PRGGaifpDcKYNq4hiWjbTeW8BSWWkZycOM5Y+0dMS4GdDFgrwDi1rEHhPAAgnoltmQXY/i23CG1tyLIkSfiIgpYIDgFwZOp2X3zWo0i4GBlp+zaUAWEjCGCvxRVR0WXtRyEKLpAZ1GzlFMk7BPu1O4tLKNaIYEmdNxlVKAJdiGRmjpNwe16V0r+GGmL4ZZ0AGBGaRZthv6oKR0FxrzrA12uduD8tR05AzIW1jTNQcIoitEQ9ngTe5fsxMWXjaLZ0dqEVHR0fobhk6eoeVBdLPVoqe7PBGbVhMtKTAhlPUWG5ludCvHzqQe6TInU709Ze90fwwXso2DAdrLyQbOdqjnAYB4LUV+aqUUFxIfHabN2cQAIZuPj7jqooNchjECKCY10bacpT0nfa5v7qyNdTRM9u8/tn2THvQ0DVs1/SjAqyp0UfJDpg8byY118HdJHHqCy8sTM4AwzWMrUcaKE586Ylt9h+1ouUa7RNjPLajdiAzaEV7RJfzfWtxOMtz6y1vWO6Bx23bwyHiWF9+tS7Y5nJVSN3aAIzT2yYxYQW08z6A9E5CclbAmKzjL1gUjeBa5M23ao1Z6ttEDos8cPEsO3lMfOzXltTaqlXhivXF4+1wA/UXHNmwbpgWde2rKY8JB4BA7yKexBtkHrvTnRt+IVizxRG7GYSHMMyrB+B/VLKJOsF25cuXKlStXrly58lPkyd5LzJBgFnieaRSJUNZ7I/Ifl/kmj6lolZnp2trza9cuCkPpT7DD3+v/9esbg/B+/tlP+6drsc/bsKe3FML5nvK8jD5InytoZJSzqH6qePzgiTbFhk2AgwD3zJgn59Z6qYhY0gEMhWVQ0ykmGb6At5XltAcMK3QwMkQhoJ9JcNG2U+sBP1IqKCPxn1vIOSCiwTrZySImERSnNRQxdjwlMUkyTxKUF+hG3OSvDJq6t0Eu6nR46+CxErVixDIKkytbc9g3HCK+0zS4k40vQUOCGKmtKjy8AlWHDslGWRQXpTo1NedYJGyIpuXys7m/81hyhfTQV0Ki2RjZJKdHG5y+PtZb6YRWy8Bdr9lyYpNENnKhVvzKjmoCEd7KhtKV7gu8yigy4wsPcysgeqakJIDcbepM+OAx3PWxxbrbMbmXAkZymIh96vfYk4f2WxKduTEMQuth0Fj3uTFhFZJzX1vnByOF6/bR9iF5dMPY9FZqyr6iWdUIeWj90rYXAOHD5NhLUUAtvPqMXWrnc2GviTMs20PXg6ZueTvUObcVRFvO4auaqi8796SV1Tv2q42jqtGVzlvnYOJZ9hS+UW3OSutlW4snW86EaxNQsdkp9mOJee/+Gdc+lLfG1Np5l8xmbirIp0E9ha16/VJnD3VU45CMeMO5+VuLHtieIRu6SsVqwITZUCh2ePkvQSVlhJB33KMM6JEeFGs831zFv4Cnn5tYg4S3i+TR0u69vtLJyVP+oZ3a5yReQQzels1s6vLmSQvd33bOXeWnNlkYrJwJ+Khj69iR2njIpO+KCxBeuXLlypUrV65c+VGSvwrae3uLRPjik05cP31LRwR/+9NWM9EfKPPN5z9Ty/38X/lcYhDe63v9m9fyPo+t6fY6/59pw/xj7T+W2Txq9nIsLY5+LzmbU4JC1NSG6dRRXj3dFqlS0JU5EMRsLjIeGUzDII2lpdOfqFoeRNN05wgiI2vVQZgSk6mnWlbgsqUx2KKCcwgrWFgXxW0y08EVKj/po8L6s1HbBpBK3JA4pxMBGVmkQlRHH8Rk0YVaDCwZJtoZXSR6iKBd8IXaCHjWwORygxooZ44Xg7KsMEs7cjA0TVVkih2IMKoy3C2ux0j0VaUYMAtfqwX1jEGR8wiarBBWW1StRdjom0jWCY5g3CbgcJFG7txAPMMwzT09LjR91A5Ox3yYwQ2NcUn4YoqNrrz09ublMOJ4YsYcE54Tu0o0A8XZukus9+m7CFvvuVBnTOXTolSDXDZ8JgFqVmxpOV81PTcmMU2RKzHaaJW+NKrLNjSv5J1DPBVyUowZxZN03XS2Go9BFvUwzV+3oiDSqiaegoHhA0nFuhdbFtOZx9YcDGKhGKKrvnUZSDS2s7Yf136HF7fGYTewBd1BE7Xny+uH9roz3r2CfZIfMvluEN6jPcgrdladdaSh1r2KToob91KD2OiPu99HDhs/yPK+DH4BSKhPY4sl/wDnau1lK4xiWwodoSBH36+WQ3tz0vWrxXP6vjJ32U5X/AFZ52ECatT6vbZlFXxYeLnwxXFnme0VilBlf1MYjJ1X7XiC1Fp4qD99mS4ZMtjtkYh/5cqVK1euXLly5cqPkfjJJvXm21h3ONSvlfn8dvzLdualzD9vS7f286Kgyx9j57/X/xPX/6FUudf3+veu5YM8/14bbEnfnxzaWF97HopNeGqDfXAtomqmU0x1BhcwMEQFBYzKVINZPe5VM/miLnV+W6UOVRPHhRKTCR+chRzBBoZ+wGxFHjbDxEgIEHU6qUmWuJnEiXdYoIIsQ1QNzxiwoCppGNUOXWxvabkiWCtvaftaMSgezdvdbx2avJCgtEqk8SvIaCg8wBqhhwLSVNFK4jsPdbiMlFWMLKVvVER1TEzZKTZMw5VBEjnqDjirDD3oAK4MV6qWcGPqWaXhbcU5FA1SQwdXFk3n5NA1rRTskPIwMFhFzQNX+qUMhPoE9ORqwrudihq5sbWivDAXJpBoCSRrFpnScWcFDcRicYMwuhhDv2iaYRo0eGhVxiGQ5zLLalpV8McqScle/jRPj/gUNfSFJImShw1BwU4UNMmNJyPFHQAiDZRPJb0pw1OlzwYdGfhTxOc8HySoCTi5yNVA3+UY50+K5VObc+3TZiIyvjzyoldhQH28Y2g90iMqX82obB5vL/w4MCZe97YWi2uGS2Nflio5DTV2RB1KnMthHj0wNrAhETluqEzLn0GpEEfOcgduAxWTecojytXPcGyKt7ZpR1puusf0RIIBfpBn7MOGTmAPOFJEHFseNFxI6f3reSEQ9mlF4sSxAwe3hvRjCrFl1MZx1puuf84HBl6SQLXnrzlVc5vns+HbN1i05eMOjHp6csUzGFw1aauc21P86Re7UUzcfAamfnTJt8j00LN8HqJiT+o6x9YDQu30Ud8oJFbRm7CFVvP/CQgXo1EJJbR4jUc3o/VkWtLbQlrc8a4Ap5qIfmWtmakI7PGErzJzDar0GKhoEGN+8RCOCpd5KzXovEVfuXLlypUrV65cufKz5GR/Enl7DUMYp+ffZAA72HXf5qkaPm/P33P9E9pwr/+PXFcMwvt5P3/Gp/x+Hvt+vRz78LN66dr2uIl57mNvbdmVyWbmjzoY6wA/KVgsoPyJBOMkTpADEIEZDKYwCpdX/klV1CK4WXpfVBiJLJiJkkYpLypN+UYEoOwjE4sq1pkQVQjRf0Va0WUMa/tSwDnMubF0JEo3Fq3SsZayQCqZzE7yxKzqvssezKSki7yrwT9p1XMyYllCGZ5j67UDFPgCYLDqV+B8BCxK28Pzxh5oqxy3+vRw/+mmYAoGeVSGiUMRKjI10EBAyokUv8RunpAHOMyVnGno/EzzdywTQNyFUAJDhNdafhc0mPh5AdWyIn+AVgBhQAJpah5AIrwa/8P6hCxsofX3mwQLmhBku6/51jIdbu7W2iMT5Uly8bcZvofhrpJNVgMy7yb41IxNlsrGUtWM6IlNimflWvpgq/trgHBrjgg5kDwCikgctZZriP3voWinp5sU8TrXsNQ+KQfKpx4qNklAHKE4NT0c00c5gI19D+tuBPIdJn/fXsv3IkBMiw7m0t02h4DkDw2t5j8dxCjmOvfvsCYOZdK17sjKPtYx8/po2kOjdzrvc1tyuEatOU3+eoIoyxNtne9vSjfaK7R9q23pnct6zwN+8efGHd8AACAASURBVHXPoKo9UKifBTgMwVZvXre8vBLqWEOfL+smdaxIK24ueSrHi1GuzqVVtSu9arzK20m5njZa53mU0/JY67z0ZfHYmGPtZg0j/ISP3uBAVPzJyQlb/bXnkyy2C3S2FfNZR65cuXLlypUrV65c+eeFDT6w9eJnCEwYOKNbPyDSQdTyK+9s46VyvmE91u/kf/hc2nk/7+e//HljEN7PP/Vp/1Q5UtdrvMC/tW1in5YpD9caZbT0emIBt1OpgG6jVRXiftIMHi/dvm0JLqrwE9JUvqJsG0akBZQZEJuZchIC46UZdSqwGSP/pO6QTbM3zcw4Ek+I/i8cINkMZyoGj6xwxZmddyYN8zygNM/mNcmMhoAT0Dg9lE7KquaX7j+SZWwwT1JnC70pYcURRmoO5thYIAWwDkkeSuF2ApLWiF5Eirq7Qo87iCZlF0014bHhQ2hJJ63hEzg95BHbNKILFWb51pqC444vtIX97mLsYsIqut6Whmq5Ysx0a2qtsVAHCKN1I1NLG/wGKFRycBkPkbWecOVHybEuegdboXX59yAcV5Rpvn49XzkpLaV0/FsffHySp9a437aCmIFjYmKD84soAYSVd/W3jLkLL6qYvtxaYwg+YaQHIs7WZ+B8zmfM/a2cdzIMuDgjyQaYOojooDqWpU1EJDUjV4REvqLdQEFTqz9FIiJYbc7FnOOFtvCqLae9iYoOv9Hcc2adQMnZHT1V3aiuK7jCX+4aLbiuljMNt+2cMxWeM48Fkh9FkSIaKud8x816I5g2C7lyOZty2L0/riCUznsZE7zqsWJnCtonXVjX+HZooM6gSO0wvFn0Zd23kq061GLUvwV7fmrLYye86Hy08eLLIkybxiyf7is19nRK5WU7TnOmu0xYHvfsGbwd+kFh3KDPVPCyefF0W2d70YKX98ysGk+vFS7lVhmB9PQPGUm0wkLrt9bXlStXrly5cuXKlSv/lLDVid+N339+Gq3w/ad8lNPyR8QftJD/obbdz/v57nOJQchy02/635Bua7q9zv+9dPu43oWEtJugF9tPftuhHpiz0+57+kr577qd7Irs27N5ZoN1p+EpGVSP8X5Nk7VmVEPcM0SL5iNwSJnB+TQiV8HKmLQvp5oFgkN+R5VhtN2Zp2YorNxrQF/zwIFmTLxAjrrbuQ/BaExDmDvLimJTcSLujbHwsHSvCHM5GcwCImn0o9XEJm+Cd2X7YVaTdUoQz6raBATK9VAZmfPBCnTtBZXHgKuMhFmKkaZaHsvhi/ZkpE87oKiO4DuJM2xSb8X2YM2cDaEcm2pDCAGSNog348BlT3ECzDmw5kHCEuSsKVfmSxqyw6LGwmEwIlH2Vk7ii674AUBhmM1U+N6l1bPlk0D9GZjyvI29K2ZTKC7G06icb3zNzFvWsGHqmaZLTFXRZLOaCNHaBB4clV+/FXZ/Kwxr6XHsVcsBgjTCtwMEj7jGKmamojJUVE1HhRjNyTIbr7UBh7xBlnPCiY3zS1TEyj+qe1Fe29U2xtES8yRDRDDdAUJyIuoNjHMYBiKWYHAQXBTbZQ3yTAx2b9ry8O0apnEyszHGvvbjEELuTq6jvtlo++dQeywlFKI9Qy6xI3Hqc4mzI1TCAsK0r77jX1HJo6O0/UToT7C5n6H8RIZs8fdaDe747rGXrUNrj3b9Nbz02DBi760gZS8fLwKHduXGXS8l9N6z9K52eapgfUXIPJxmr0O1Pkh78VjKp+dEDuXDSRhm3L+orNe8LckHgiBqHpZs+toeTWqloJ0TG1zOzGwvBXpmFmQWiBeAX19rV65cuXLlypUrV678PdJtPu18H/8xcXp+uWuJUMgWXcVfz99W2pNdetZP/hfN/iD9wFN4Ve9Nv+l/Pr1iEDa+hhBp5abf9P+qdPt+OXZON85vv9IeW9KjbWEeDaKXO+FUUXHHjxBLRk5jzhNwMsiETDYg5AfSA6AuIh0OFZExBmUPTE8T6/QiBneCrLjUX36MRR2Ff/kT1yz17AFyEucysSDRpVdYFZGvkUU+M7cWXgMR2uDUq+CoHED2W5btgHVsioBH+dLoCPTUgjqpPOxqMmGyc/1jzJsRvUG43prJkw250LggQ5ID20RA02tozjMwS8naTlUvF1ajRTSyhc3DkaLSfM8mVK6okMtUTllRs2PFchImsyp4tA3eWOaDogEvRmnP/zCYK4JWGOoCG2z6XBVFqhAbRjmU+13RKXMub6CjJQ8V82SkK9+ETimw3knOQymaXu86XmOlBScohq0cU3mmld+kopLypkP+DDMQltu+m9LS42NOZMe4+TAEdl8HiWLfM4/GGZvnsIFLZFO8oPu9X1+Nl5fz8Qu8JOIP1zQEqxaMPCb5erucGF2LsUB5mt+MDuoyCoyB5daVWsmfBuk3emD3GLUxWOWesWJczOwLsJMQwgPWd3irTs4seU1M3N0ouC1uRb+Grvmz733KOwKaJCZDhFFVrZ5IIaKKSbEE5NuX2Idgnt/8lHlBZY6cxWP8yyLVaduuWWM49kBvA1Tg252rnh97j7YucCPbLNrx4O+QMuMLj7Z79mb5qoQz8ii824vuwTPfDezz+8CqnEh+6N/Dvt01mWGVN9eibX6+aeHQ072V4dxA+r7BeNLW9LK3c3zHKtuMgnAeio9+XoDwypUrV65cuXLlys8S6+eiNxssX+tTetoZX+SnPI/lLOn9dN432nPTb/qPTa8YhETWudf3+heu5QeU83Tvni7fy2N7/rye53JsKTNPgKh5hDhyRpZZzBgYaaakw9lzGI668QeG7W5sS0wATUG8q6IwsMdWQnM4Ik80FHY0+jSqXEDcCUYaY1Sa4KtDU5bH4rMjyaeMYYDuBkqAi8rANaIBqsk+MzNzOloRGQ3ECBsafjtVBoUu1FCCSHOWuEkVKGkXLwpjkqxUiudFAfAUFjuoLY2Min1aE7Fli3v+YaDGwGx4mhY56I1KR2MrRNDhRK0BP8+8FU/Dn2xd3ezQ2VrBWKljArt19WxwJvhu6aP0ysod4rou1i4ZTXfKWfBna/LSldoUrMAwX7vdGstW+ylJ+w3aJ5ZHWs7JSSABJysbDK6IVXhaNC1EgjY+bMy6MPnXHDYEi7Rqg9ZbQ6kJxGLyjav0PdvLLZmHHQmIGdcM2b7zkQdjmRHAL5qPJTWmJstvZv9H8qc97qbF9D4MXwWNM5v2AB/Q2PObU7lb5j2tT0WT3MGLalfTJXd6hnL6K1pkiXb6PtcawOtNRUS/JOe80sj1owGM3VZy/6lE23pu9ssEqF6cDjhyhb7FYzcrYBIPwborgZjs+7aJbQN0HLejtA3lcF9/cC47X6mAp3md4yRi3EmsL4m2FnGjPm5Thw1o2zCXuINLx5/QO8bVDr19tf1LMjt19Vfcfblav6YNHM9z6iX3eXv6HNpfD8zHXLRW4w9+nerucdPjdM3xeBewB6fMtEkclSZBwBaVwaqwGvi1KOul0OrFK0oraKsPr6XW0/rLwwlurwY9TuQrV65cuXLlypUrV/4NsTAOyCDbbB5zTZPCft1ttun8ZLXl/ta1/KFy7vW9/iHXNwbh/fxTn/YnypFv1GIf3itbzr21ex55uH5sw2ZKXe9yE7AtLHEVETWbXjBoQmw+XaQABiGLMdUFpOp02L+d2acYhrBVgvlRAbTIGq5g4JGTvST7KeoCo21IhPsCDpKN4HiJpQcD7YhMh0zB8J5WX6tilXRTuIR5q9P3phzmS9MNKtnGhqbFdjuY30X7N8vp+4pXrKpmmiCHqnZSowBw4T4pFVADB3qTmM0NodtaWPZfozRdGr33MYtcCCILveaEVbdmHFTWQUZ/Q9vL3HhpTzUqX7ZyRI8N6KU1JHLBqphNUXBgQW6atuSgZoCwWTUTINpXaL1Eeu1rzMsE3VQ1HOpiia52emwTuXyt70CxSJWK7SpAf0ijvIgenaKqlJPexczPO9s0a81e2rAsdLHcQk004/+hbGhVv3B3rtct1N8B6CkplI7+XNrVUJyEGWm9mfkxj80xoNZZAOIfaWzChACQV1cDDEwDkYcWSKWZhxDmhGnbcqgxorFZd0fuu+JPq9ZJTgFaHrwtPihYDgtJq0DtxTQeIc6evBq/35HTaYolx2mXoTh/Tc2Lzj1Ha7fqqrVfaPLL5j5+v2ynC6Fwg63plp54rOh4u0ijAy7HF9aGmj6yBbenz7lr1o8dLHkkhugN2TReOugeVTMeNLOTD9X1fAyropZLvl21GfDUoo1O6Sve8IRYsetDQdzf7rd5fxOoauoo25UrV65cuXLlypUrP0qUfinnZ7PltiiDtluDjnd1a3DzQfrw+SrPXtpTG97dez/v57/6ucQgvNf3+teu7aP8tqbbt+uSb+Y/Xs9vtoErftEGSrdH/bilzrpZ22SITWR4sl2n1axzGup7Rfdm8zqZhLyMHSVJaBMBoS2suapzJno30n8d2ewG9Whniyls9EFPGaaNCyfhvCvJE3yrp8z5V8En6Mdo1nZvILTQzXWMATCMsbVYl0iBRZ6idi3IVmvvo31WYzwCkGXIlqmZh3uSl3WmhqiIgDB0gI34OvKwr8G1xhP1JPikW+FHF3yvi32Rsi4wZHoCCF8PxKFV8g2QoXdtWVw1lKd0IsAmDQqA0M4uUtD0LGlhqxZ8fg5fZdboXuQz1oh4WoVvFmR/W1Zh7ZU3x1YAh2Ysj5W7rko71IBVKdhJVi+0vZtryY3xlyPSs9UoUc16OJzBO9Sx9tfzGdB+8aWWPDhEsRderFxsJs9zNeDhwzLcd8dWxwfB+d5m6N4IZX/kZLNECiF/2R3d/n7co5ZTI/ml+tDn6jj15a1/yydZO7jgZ4/d0qdKcW3LZLOe8Ilf4o/a/x0foUu2T1C3PfMnbXjRmPPaJ5rtEcP7rn4Oi9BkBw+XceREn6YFoyYq6E/DthGf27kq7flJ9lq9LVtcvHqSLc/uJ819+FC+cuXKlStXrly5cuXnCVsGTMorUx2/fm0HJnv053kWc8Q/YVc/tLO94r+2k+u7PPf6Xr+5/g+lbvbGe32vf9y1vc5z8Ir3+9ePbJRqj61tW9sZZB1kt9W7nXkiwoMtj6IFKxq4bGWk1yxVhS9BzaIU3Bi3N1laxtYT8nG03yJc2RAz03RdpZYRBClz15Xjf5quNgOHw59J0nnyRakWoQF33hjM9+cB0fBCanvBJ+vt0dTbdb/ztto/D+0ouoa3liYDSJjPRj/NjMdvy+6oa0qfwLBuMm3pWbS/dmDiLJP03OazXfiBdCJ4y9Fuqz3hnR/V1RvICn9Z1IvmUUoWOLGowfYa3oEhCfIoI3qvmqltbfeZQPO7g/kJNTwpqluKTb4GHvRd9xrVjmVs23UHaykD5sWbYUKUU0K/ttau9vo00G/teS1PqNXeVCPtvcDYaJM5T5JysUjpO0nL/RQf4rex58qHLUhVzWZ3Stl7/Rxa75j+1M2X+6Hy4Pi/lOFYeyv/zWp9WKL7nHk9Ut+QpwdHLC6mXucBC6vH1mPVut/otT3QcL/R8tfU7c8LeYsLHtOf0LtPMVos5oWVyAGDX5RwhG2tP1bttFngJecA7G1PdBVajG0Vxz9DeVPSuZa4lOwejKx4z485RY7j23W+upfOVVYAIr0S2KaO1y5SPzlqcOXKlStXrly5cuXKvyNhLtlNdRY/tuqP/OGhZ0TNll+wf+Da1p979/pe/3dfVwzC+3k//xs+8ynxcf73Ofc88nD93J61bY8leNAx8ziE091Zeci86cm/bK5RlSkw7TcUgZ+d60Zgqhy2zRrvRTWex82GFRiXNEMiCjQRZUaIiGl3m8oB3nbjl4joWKknRXbZ7FmcAuve2Xr9GlNpJ/4VVyf3Yh8YanUPN5V35sfTzQX0SoEoNUa6+X48KxG2wSf6w4sePcKTH9z7IG85NAvc8i3pqnbc+SOY5FgXUKpQtsUMHiLTJ7fIVB2ivuAynqWKrAyODziXtsyEGHFav4xpuQ34pL1DPMc+7zg0pj733f6U1XgHMnX7tvq1NeNtA568Jj61ZCnzfLqifavpWflFOU8FBvBwcAOYm9+jnLeO52xPGNKHC/OpO4vCXrazynuXgbClR/gMJS1uEj9qwMvy3mZn3Auj/+JGfmosExKbyBmK/nzPPIFG3yhnb9Unu/HTja/X3dN2B8fpW/rD3KMZctjHld5H4u0qadJLzvbPuYVwip5vMFqHQCyjdKK1meUkq1/uc65Td17DwNgxqPytY5X3EJ3wde2fHym4cuXKlStXrly5cuWfFba+wvbir8GWjLtf++TS/PdKT9k/P8lTOf91y/n9vJ/f/rwxCO/nf9GnPH9rH6e3FHufJ32Qvm7P0zWVEIzD+P+0KUEZnO+YH+V6m/zwZbym3qpw8Lmfssn+5l/akSMnQQ1pZJGyOHV77q4H1O1R2byvXgLHOlzaudwftvPRfXEaWW431fSWBPg41pLRY+92YZVLf44NOxkxD+VT/p6BFafyxmIXMyZIXEncxD0DHv+WKE6aLivLFquwneIOoYG0xRqOiR9I0tIFYVP1C9ZWZn+ln2xcFFjLTT5j/z0Xqhk/8JHnwfU/lSIFcrvt2FzzgRXkDAsQxWii5jCcu6Gyzo1Dy6Jt2v7HtzyABU0PulNJTsGsOsr0Z+3Fb9HB/HMhbCXH+GXx5Sn6JTr40WzKbU5T+b5xnRhU70g/vFJyF5TcCezhrr1Rb1tN1a2FPXhALUn48085wPz03tL162xSrrF/oZZjtW9ywMEp/sx/jzfmUQ3FhrgNqP6Ohhe/oL+2MI83vvU4+qLG10j82YHnx+lrOfv+uaLrOTgf6fSFGvPRaeWYuc3AOqIRcuQtLhjeu4f96d41vZ6N56Hc8cVPpkoeufqsfVeuXLly5cqVK1eu/BtiYSNa7H6LzfatZdjaz7vz56mWV/k/y/lkqb6f9/PHfS4xCFlu+k3/o+m2ptvr/N9Pt2/mP7TiTX6rdGupx3SRJd4h8puYTZkTDkXpHs0j7JWE4rXuF4lAhpFBM6OIio6yQbdy1HENS1iDqnOLfMTfsSpOkKQSPvOQzP0qG2mwmbDJ+B3xJx38f8Uhk8aATIeUW726jpLfOc5n/IntcZwJrRjW/XcBwmPdz3+tYqoyJ5ikPsom5PjVeIpogFc50JiNZv+fvTePt6Wo7sXXqn2Yriggg4ITqICGABIceCEqCIIyJPI0DkTjC46RDMYYEyX+YozBF41DHF4wMdFMn6BxijIIMngBcWQSleAUELjIJYzq9d6zd9f6/VFDrxq7unvvc86F+n4uTe/qqlWrqqur+6xvrVUAEzQcMGPh1I0kQwZKwz8pLzmKjmLWXgLiQWYTEL06JCJtrAdbhwLB0xEUZ9S76mPSHa8eGfuICEO2IqC0QW5TDGGmY90MqJlIo6dDBruBM2LNAxQR26+Zea2nLfDnmRPGbQjQlKLFyDMNnpsU80wS+TopvXufbaXnTueRIp7zse8BmFbeD0WYyEYqlLAbtFBPxAn3KddVumgMOxW6oqTMPaNCiNQOi1GBJUhRvx4oOa+60tKStZwsvREpkq6wY4u+lH4ZZy79DOd9NHv08BiOkP9MuQaGDqmF7omFOnRG9o570bm0bvDlYNdkxN9b4SSYcaZEAiC1Z3J7Q9G4QOqy7FMmjBRv1tf0AI+x7Ktqa0ooXyQ/XXFfURUVFRUVFRUVFRWrCtfGQvyUxSxxjIQyYRqaj907GitljPyIGT1ew5qx89f0+1B6uwchXyWtXA1qek1f2XSat3xtpU/l1wnk1UtOfiqplzL6UCtHnUbiHzp2n67NpfLx1giApAREzUy28TwRcaI3yOFBPh1jtwqqyelBKzlYcxPhCE1ITsG7StOQZDuJwrKuQHRSQiKhrZFiZQsiZA4IuRY2thyeP2cmnpii90ggtu6DihYE1GwhM66bFuu1TmbPK8syyNbM2fqh8XvD3A1RkV+Fw6ygwb1NmW750Arcz6BpPx7bEwQbTheZn2yb3vaoMAqgpf/b7gNhMiOgjUGnWEltpx7Db+pJi7F0yhxtMxj3OqcOv0JCNNtl8fEWJwe4nLHUbEQUuuwjf65TT3en+VrtcZjS2eUaMeQLvVLRS6loilHqMWQNI50Qk8Z15qX6TmJR18ZO5B3CSiT00srL01FFGLTT5ZMKuygTn9OZ7no+tqFQXx/2pitn3TKYy7PZd1xFMSDkae+XMgRzXLoIW13kKJl/0TuizP0hJL14WPOBbewGdjehjSLuvqkC1n4cD4cdYzheqNCJ0HwK1iijFRUVFRUVFRUVaxPKfmmWxWfswKlz9mcCgWsQ004YxnjmBB+KyyFA9Gy/4+3hZHwAwPvbYrXt8zX9fpfe7kHIYi3W83q+KucwtKwszi/7l4X8OaP9wjwRmVJKte9ga5EC1BIsidiyiRAam1s2yIUhOtVqdxOiUPn0IQCKljkjw20oUsnhnFB5OPrSdaxtV6OIHmS4oTZmHxrddXRKtMyKA1N7WwM3wKk2xPZac3unjUyXyGUV9+t2RSWkO3ZhsiRTzpDJer0tCTwMZ2BT1H3tmR8R0YZH9eLl+VQImK+duGK6g0hvtkQOdYj6dZEaZyUI3L96WraRrfNSjRHIHhmnLS555gpJJCB4w9h7NQL7RAOAwGMS7R20RcmRywKlOty/1tdPj6ipIwW3n42miH6a/N0OeXusX4udYvyHkZUjt11+2N0e9y2S1Y57bjg3Pjj2AWjnIOfrpBcyNMwAWqVziYC/31iUFXN0gEgjE6Sj3xXF+qf8sXoVNMVztae80AK5kUiRfFRlg0yCdZ+1c6y3jqOjciAvp40Zy3nUyGALo7VG0N0DxCWFr4/OJpjFOsPZG8oNIt4TATdv/0xOQMcV6ByZkns/9+OivBnamUgDIZSaMcIPKC6GzF6DbBmBXU1D6RuEZvryXkneEHX2MI7dykwVEfXTudg0wlOi82GYOICDrKioqKioqKioqFg8ym3C6oe18YowD7Z/42Rsv3bJPUJ3fr/sXGzjOKJsPa/nY87rHoT1uHaOVHqVVkwrQ6W0QLBOhqFuQToF6ZJ0ZFE0LxpTk4FTnWtBIjIcmZPHXNWuf4gCzE6EpKxyvA3aLu/7eGlaD1EICCJnsbZHL1jvGaWfax93bWRoskWkIXrBTX2fmE63NuNb1c/UFdBgfi0O32BNafYbI+s2we3+ka2VQqIUbWg6xwvK0IyqDyPMneUfFMfrsjJx5Vojb+sYwfpfnbWDV/HTzNsubT/2q+5H0mBLnyK2UVEhYmI1Rn/JSwMJrh2/eciUcW6qh5AgiT8TdlJy2Qg2MFrza7ufZ0dvoAoSGknXKqHPM3mEkiL52UPPWh+IbL9mHY4qcXPjz2Bigzc9Itn3crslpgl07Iu1U285lcAek5Q3sOcUmHeBynuqZVwS20ThXHNy6q1nfRZTlyUzRIl6dMEIhK6cpv7cfEtEiUfCZnLegZl6ExvUua+h/iwvQOwFnp20wky6W6Ivq666e7+HIvqg8+IYLCn+to0vG0hth+ehRCH1iaPXxCZud1JnG9gzpqImetNENXkvs2gVpqm+ePuiSBaPjZV8Log1fNigTiP8ZAr9bD3H2ZTrc0VFRUVFRUVFRcVqw3ygEoBj1XTSg/x8qV9rzLKWL1iBI5m/J0Ld6rEe1+qx9SCsx3pc4JH8FIrkhKyc/FW7cczIo1sLFebscS6lJJLK085uHqipQSlluPUUQrsOHcGyAxBbDk8IiAJR7zXI87S7W3lOGRH0sxR5hj800RmtrTywvmG0CmsXbhmQQksi7xA0HCFQSkJB87rbr3xcUvfCq6uNS4btboDo5rE1kzZctpyB9Z5UIEpVZ3woQRNmhR5FLr/Sfjtp9tDeGDcUp9mMD4AbcwkkUGcHd90CdG8Btvc0KGd2j2MtNT/5686/qUwDfmJ47uDhQr+oE6q31cQfDzyWZnkESEMS+Q+vFehy/n7rCB16Le2kReEkoLUN5Id5XIV9wqSlu9DPqqrWJn47OzJRapYYZq/WpKO9F5Y294zghgGLSvA25+tcl+DLD5g1/vQSAFs+ERGuHjqIxKLugc7ui47Gzr3iMqEy/UcGiD0sntueP+Q6tgAs6P9oC+Oluvo1+mKMPox5lcgs9Ejl7HzB9bqJJUiO2DLdSmJxd75zvdudD/tJ2YmgvZXaGT6nQ1JIbJzz2NuRGLnQkpR5geA+ZXP30ks9mJzpj5YaEI64oqKioqKioqKiYmVRYr+F2HnaLo08RZpIacNtyNznby5Hs+uga5fGNWDVr8f7+rF6ENbj2jnSiKux/JSTQN15EjUyuwr34eHp6n8US0cBINF6FAGAVEvsARBRaH8FZIZyABUgFJTXjZTS0DYmTLY64NLEeq3oTXQ0H2VjeqIN0wnMYKt5NWPVRmGjnZK9rlukTPqenctcFY5x3HoHIcuIACBES/+0XnFk+huRCMluH6l9INvaSPsetWZcxhopvxtDPIBLVVmTGSTMZlotj52K5MLWTVGVELxA2GytYbuFIGSMc4YAIiJiPA0awpqcW+fYsvVuSQDg08zRFpPdQc/JRgRS9TCiIjME6mZot0R0nwn3hA8Ca6n0zKJqm0yHP24ZbO3VQoTG0bbdP9FlCIm1gbxNFgkytzHpGcIYUMf7x8+ulEf3PhJGuIUwD0CSu0io6PqPghe+EhhBy0u0w5MH83SVwXQv5Z8By59FnY2JQODEBFx21CU0A3Qi7PwWdnU4Msuhnho2BVqJrfL6GYkqr14MitzRQ5HFarQrHLxb2VILqggAmeC9TiBXBCQh2kfEuWR7Qz0EZl4pdyW0w6azCB8VHu3TdoTzLnOvBjRMwB6pYMn2TcIGIeleMXOF9VprxzGiN632B4qoXys5rwWEcHpyL5ovBn27kfdJUDDiJJbht4qJmRQ96e3R6+dB5/ahqy/Zro+U7iqxnwAAIABJREFUNJ8VTtMihHpYu8O3tZGi3VjG5guCCLLPuTeAzPxuX3Xeu8hrnn6ZR+SnCGl0Bn+baN/DBF76cIK2b0HuNJmXye5UkpG0qzSq+2BFRUVFRUVFRcVaBbPNms0B2KZE2uRnbKbcR5BcHz7PehVN14Kp/Zs6lp8b6OqxHu9bxyWzzF/ttqmNYsqlqabX9LmlQ2d+2SUHRqdDIB8CfYDnp2g6tPkhke7U66QDkbRGmcCzQnmXIfttVs0g2eu2GWD9c3hsQBbtE9rH3cpshdv8nKdpDZH2jeqsr9fua11+HhhhHsyr1GM3VNsU96QN6jbMHth2sLYggVT2Y1MJZzLRyAtba62S6VClpr4OdgLR7VTPYyhpcWMBFVnxSM42eKmTJ9j4Cb2q2x4pMVwmm+gYgu3A4j+JHcOTqE9GKz0aftZaNNtGuXlcOiXkVd1f2d0qA7ScN9p7zzitiE02Znf2xrvhx1I1dmhUMgJZ1ZzPJGRjIXGjsaOGDhITwzvYltN2exP9NXhcEgU9MZ1jOCnBbD7Qu6ArBIKNVIMMLI8ruV2/ERkp6p0QiTfszcDt4x+NT+jqZZj4YsYiMuvwSayDpI3SRXGBFHs6LQna9pg34vy3zwBgxBXWCWxr1SufKlz9clnzTtu9nMk6ndVK3PK8rki8d3I655WJFnLrz1WeAJtF2QeBeQ+17LymDO3HDw9FX6JoViEseqHG5GTllvRknPrNRktmdyrn5bkIj8aKioqKioqKioqKuWFudmkJKIh9HC/G7i0RxSA55rt91e32Nf3+nb7Eba/mYWHnNb2mzyWdxsuh0ekUyCe3XnDyE89PLL3Vk5z0WH7w6iUikir8o7X2WO7PtRej3W9OVUnGZExscYx9dSqCzWVuTKucnBZowPrE70iT0dSSZge54LgtzRYy/jRofBo1H0nGOU6IsHJqnQkJgUhgG0i0tdVq5x7mHeP0UevUGFxmjfRuAvDBEWlT0MOZ/vHtjGFWt98Tq/uRZYncJy/7gDB0Xbe4RGa6Exw9ox2A6Lq2YPsktQ+dz32X1Z7SJ7CWOr403IOsUHy2DzvKpz0cM+OwKCerPuj54Hfe+yRRsU//2KitkO6UiP09JtmtJTvGig36SZAehvGNwxw+BtrOcFYNMFER/XOWfQjuYNiizoe0P9y3QHwn2rb27mCb7SuVPU3pseDNeCMbqIU43m2g3g36nWLXBGTGOSeo5oTEhJNEeajtaAjQvvE2SwKfLtrtTN8g9RFE9mEwPRfP7/cqQiwmdbSmyAdBIj2RT383hEO6axLLd3bnvcjz9Kgd8ZP18u/WfEUVFRUVFRUVFRUVKw32NwBogx5G0iGazv6i5H9dquWh3fbkNWlXr+k1fZHpS8lotjW9pq+hdOmkOPnB2dHQTWelZER+uxlUrF5HAoTplEgHsJ4c1pOlTW9A2miRYB9E7mAHJnAiAbVROskya0LF4QRbzNCIoIKPtp4rmj/irkXGnBSygx5HaC1rjr8FAoBmbpI+DYAqsFgq7BiBjWolwEQ2RWkURYFi4uxsZ17h7UZ3OsKn6qg2Src2/vKGuJpl0JZqmVs+V3ZzZoVA3Qng9zn7mbH6IfoOjnEu1y0yZquqEJ3OQ/rODq7I7AHYUkv6BaY90lgH+pFUrYA8ok1gKU5QSFs/AIuKmCQNzGihDgesjHolBC0n3kJZqZ5hWrpjz5Ov+TFH1Sh9lbKAW1c2b3wGFcUV6L6HXSxGypE3v91dUEU8k+KrjShndotIjolwNoU1+jjTQsgeRnRopXEPqr6wNXpvgVEwXrbq4DB/BNEbUeKVWA4tjT/VGPewbIOtxh4kMDNPikcMYZ9Kr0V9Wzdg3vacw0KOMKpD3kOxJKxlXH/WsdEnUSTkoGHciUTrJgiI/hQSUTv1vuvY6jKg391kxGg32tVOwkl3K2qHd6hU50TGM3DhxVRu5NPFRMXw5VdUVFRUVFRUVFSsJUTstMr1iaUbWylaw6tKlwCit/1Zqv11vHR1mpQT3zUQ+H6HCqtuV6/pNT2XvmT+DA6ONb2mbx3pFEvXtt2sHMjK9yTQwHPk6S14EnnhAe2bz7aDWtsSEUkTBZEMU6kD0CHYmFsR+5d5mfIj6wbktVOQjhh0XQgykSHVnnXB0nXUfWNdShGFphvRbg6MyFb06CJm3y9TvXEU1N0Q+KSgMzy8u+OftHLadK8P50kQhqHewvtl7YCJSpMEofnZ1jDM1WNubOigesPhtzjF4gJ9B12bHE8PhCBJ5ROcNLt3NsTL4NmChdAG6agUKqAECmsPB+Hibsp8kaXY5yOT99Jg4SkCKT8AQiHjnbrmO0t0+juuwEDyd0l0L/nVBU89f4NZtry8dvt2cST0QapISfBSbwFQ4fjxzgerUYKSDvGXF+SHHLLdWCly+8IH1inLFpfxgm1mw2eGedD/roz7B/dnfFvxrarFGwemPiFqcNGKioqKioqKioqtASl7b8quC85ViuZH9odf1M5MiXRzTmwji9W3h9f0mj639CWzLxrUYz2OOHaNIvBToJ+EzFWKS/NrpKD2rjxmrzRbi1mpEkt3zom1mgL5UrnQcQcfDKgE7vZAQIp707tMBaYtAImInBqURIqkAwD3CmjTmf2h9/xjQvklPX2YfPpOutlsbjSeX8D/83MJapvbrm5X6irnSM/1qg1ZSrZJfGk/GKLU+t8Y90fBCEJp9JdGdWR9or8DTJhXm6HtE+/+BA3zrrUEbgZMYa94p4uALepoEvK4dmCwUh1NwHaDvUT9JZZu6mZoUmZohNDRp6DG/shpmIjMZkGxRJZTxMd/oWKxFI/eCBND3TJtzFfHizu3yX8QciWtro5udpOwRN0UT14T8AJgepzKQIItNqjCHvBuRJRdG2P0nzs5lxqca/cWZzS2GWymIGfkmS1YBDDY4zPvZR6yfb2U6TueOxtCeiWPW6pIdPt2jgQvRza7oKmIL+4y6nUr7M5sdhUy6aks2Tz06cHW3zHfyrJbz77U+qwYyKOygxUVFRUVFRUVFWsfgR1Yb/NnrK841IKNefuzciNcbRt7PdbjSh+XjKkL6rEeF3gkJwXmLZ+6aoznd/KQ+yy09jE0e98ZxSGS7pzn5BNIKSUASGAgx6ZlalE2LB0Mitl00N1fVxqua2K9342ZSoUkVetb1DZ/nGAj45rnKOKu07eN0gQhsT1tXItVEFARAdrN43SCMVXaRfDGbGi8Bhm9FwUp/WyoSVY5mk5FAME60qaonwI8V0SjmuVcMFN/tKX+dX0Du81wfDwFyQVoMwb3IlCHqdRh+W0Jwk6TeYda+Yq8gGnsCgUkly9nZIjOfLbOwpTfWqrA37RjbATl9Qesl5itIqND8QCLyOn0DLMXbF1OY112yB9hfLBmtSoJr5fPkEdGPg/UHPUdLPTZ0tJSaoYUVOfENK7JKwf96lp8PbaThwbJDCTat33iYhqdcS/L1UsGAHBH4wDGOiWhJGhnbMEH57SVIFerjmnQfEiZTxq3KAHrdOcbw9Eh2Vgvhb911MeLrdGbwHJ+55iMRsv7p9jnOJjz0yRu9B7NN2xvRUVFRUVFRUVFxYqBWWi5WdLak7n9NnreWmizZeM5+6eEcjrzx69G7Nvdx7z8eqzH7iP3IMR6Xs+HnlNHHsjLgaHydTqE6ZDTByJ5XB1kKFOdS22oRyQyXoNBXWbzwUA+gGIHY9YcNB6HraFNEYREJIRg6W0eZolG9SIh6+inhAJIJVOxGob7IYCJISURQJowp2oPP0UH8m3MuEHcqCGiVkjyHOfcqyqF9D6E1O7GKIwoxDT50tplY44RBIgkEZwN8Gx+4aUEmnMHNoe9dVtH+UBnUS+ffES4IKm1ojK30RSxF9Gk0yzeTV/lRXWV5wb0MdbJqOfHXMKjRc3rToYOAbHtpJgckvOnr/i9UBNCRC2VRkBSRsuyrKUMq2OSLmFPjccyl5YaihGqVQ3R+fF/4z1vwt7gHGEfc39MJsYCHuqtwyJ3oUTJvlgdjyLNIMXdiOfyjPt94v4q28JthBpuA/NcYIZpDrXlvZRnCqN1damcfHHkw2bG3mV+0vAxasCJQGQp/KrrVRjRJRN71qvFJ/ayfag+2NKX4spkwL+mYh+HkLk1mYryzG5FRUVFRUVFRUXFWoD5ALbR2vraq/lRpysbKMGCbOP67/j+ZaVp6arb9uv5/ffc8yCs5/V8MeeUz0Mj5VOYTjn5bVTpfJ60THMVg7q4fPLlE5BltmLvPwJAahARAE1kVkJASdKoAABSbfSnHN/B7OUnLd9no4GaaKKailMijdegMnURolTN0MoLRAGgjKtOGFTWG4YgbMNhug1hBYgt6Sez04/qDoKWjSQEACTUHKYryUIAtO2yTKdVHYBMFr93Q+NglOdLhdRkzddFU6VM/6Tcolir2u7z5DnyzZSNEOQzwpIejQM5A9Rj2Bdlm5kVq0d+2wMRmyqnkJhg8gqwYnZMkXmsYjpYb6yCQJgpQzxEhnRE/1i4OyZw0lV9h03WJYcMYdb2guLpY8OB+HhNtYE6mD7uiNMhymkTW7VgE9WttOoJ4wrE5kz2UJiEgc6rThPi6cMeClbcNjPPC+Yr4u+AkNcJR/gAtcfa/THJdhSWD6dKixJ+YuSdmgtGEZaRRUCYanv+KevbReEbJapdYfE8MgSVjVDQ0lpqzi/sy/Q+ruoJJJXDDYRAJjYob0O0QyjdsfZNks9g6zXZ+IvTe2d2PAhp2ILOqgllQdC+lWRnTC5NKSA9BaKLjSpHWFFRUVFRUVFRsdbAwp8xc1wb6Y3ZYNucAIl0Uywoi9zch3yxPrdZuRbRaJ5h6TEdknky553y63k97zhfYuYJZfTUtjtuCq7pNb0rnTryk5NOvhzqIZ/8dBnNDzn5fH9Bk05uvdbeY3Yr9GLlJdJtXXadiyOfgKQkSw/wlelktwokBBIqtDa0nnYu0YaWatQEm7vtjs1pvBiRx/AE8Lz00LxLrWEaAx8etlUvoVeKB/wkQ49SYhceAhXpVOgtCIVoc6naNQEbEjVsFnNIJlsBIgK6MftShteUTd+0hbsQ+IxdopSjZxLBRdMEMoHNBqLEoFwgpf0vpMl6CCHWIreBLIirHXVtUfVggnOPiD0r9o7wIvzxZmTUKOTvuG+3jlGI6hlnW1g7nrVddbt5yTuxj144nMCvKqJe2ABfKWVcjuUpHwZhjciiGmOQIa1N79pG3/8S4qrQJywhJKKgwxgN0xtgPub+MdVbGemhguEahAXA9f0a6w3YcUMHiRozhEqQ5LfsZ9DgJ9pFvCGdgmMTkX0LWr7LcpnqK4e95xDQpzkR2o+5/DqIzkUIJQ7TbgFyP6XGTkPqeyz1daFqMN+SFFxFe1+8D5hh7owVFRUVFRUVFRUVK4nWtymwMyuDoDa1ZOzV5nu8v30be9nJwey5vjbs8zW9pg9JX3L/bgRmf4WaXtPXRjqnGcryUy4/RNK9XQaJmUyM85ZONqlOumuiSslXflWSiCTn+mwD7dsIVFxQzzXNLH+xJYzdxzJl2ujH1uc7tiHVKQSIKAwJhvpFRg41CIChdwG3fbVa2LlEVQfs/7a4z/9YJ0cdrpPvBAiIZqdE1t0RM520tJPxdCQAweT7HdeqYFf/O1XYTwdFZ1uCGFmLTXuQlSA3qb3CaSEBII0UcrrG0EgE0jbEBBiE1tfLPgRhT0DEnS6aj78GEkC78VLONkpJqyfa/+tPNdNwnazIYB1tF/StbzuKCAElgAoJq71mAcF8GZoxwu6HMyxZ/Vk4lz22kqXnpKSuGsu+5vchZiJG7LLJBryfbwTH7paGV9jApcwgUIWJxzK2xvS2Xqc8mWmQT2g8l8fcBs3L6RJXsNOobW6AHTFat2KLvcO4u2JZJvf+Mv9sM3gDvQKRqUo7VPXmVV7ITjz9Eb7L3LMOoSkOPMJ4WSW99Ri8CSPgPHsFVE/nmMRg7s6XoHC0xMoOI2x8OiieZ/EcLEMY95vYpShXiZB7G4F1ILTfA8jcBcl+cUQoRirooUzvYOeQiRW202DH7NoTmfGQX8Sg/94LB6q9Qe1yBFzh0VJRUVFRUVFRUVHRAWSx6No/HVgEMWuIxPbPCiedGY5sOrl/qQfyobWPOnZdN39gnYvKYemp/An57Lws3f/Tas3Y82v6VpPO9yDkx464vTW9prvp1JE/sgehd8zIp571hvnDnJSVY2IItjltKwxTge56llYCsfaCIx8AAJqZ4j9UJRpqOz/DlBEBkJQ2EqldO4+WUFMMhH6gNVtHIIGQCJBACEGIlgdDAIEo1YsOCEgiotBWO+uCiGa5un7BRi28wJwRWzsUy6a0JgwK2p8gtMHQhF3lzQRzX6B1VWQVWSszttHKEISxGEa2L8yYcYkcm5jLpGrerm1XXEbEiGj2YANPMdTxTwlJWPkozFaMpr0Eav861Ky1dYYFgEKvG0pE4DRpSXrP3s1Y9MpE+1NylMOs0C8cxfwRGtO/TieTboQKbUqW2pHUeI4IPabIDELbBnK5U/Mw5HWM0jCcdUuFtutEG8A230ld0hWXGtn0y/uZkBN16InQMyntFLtmbp1WWGDLTERCrNqpwJ8TdH1t78YU9hUYsrGfA4Fqw1ey5AIiomC7qJYi3m/YPulcST9uYaA8d94yWaJPa3wEsYIRrZA9BknyIL6mwYeUpKesgFHwY8naicUnuqJqu9qjMzacJnVpWLCJoGjfFwAiJCn9Au6v6BBPPzsRAixgYqJXU9JC/2Dvndvh1Bh7IaaqLnkovFKprQqZAu7Fgs3/giqJ+e8bOtA8dhmdzbBC80IrapEvgT/mXn4WwcDOt+03UjtPRgYAf3w6xkDxZJVfEuTl8ZTRX37jOfmKioqKioqKioqKOaK1yrp2YAkq4BpLB22mReNYqNPt3n5B/pyduabX9PtjurcHIT/W9JpemE6xq24KZeTQ4vWMapjOr0nCSDq3vjI7XSCfYu1S6+GlRNNsIpImPpS2e5HaM4ZZxhVfop5gQIE4EUITSJptQWbxae32xPwHvMiZ6o1orMQIpkkAiCiMgm1cL0acRIJt+pYpveUheNmchHZ1DEIuZ7wiRATNvbEY5PZmp3mFvDHOvdrDtBrNxZyXlGKCGS2ZwqarUHNm1t0QorsklimQ3JWwEAMpGU8Hh19itCU3+SICCGoz6GyILYnoyfGo4sIh1K3unOTMpXgnusJX+g9m71iFyEKB2nvFf4xGp2V85B1BRCGENxvYNRm9pOXnpWh6AXfVb3ZS6BTruIxHBVLpPYzKCSMWRovkFChG+aAdcDe7xwAVuEsWPIb2vO8zON/HbRgUxR6OhDzxydGu6Sn4mSo+7KpZbFV6j0oweOPGzi1L56Jh/nbkCN0g0EJFRUVFRUVFRUXFKoNZNbiJg1lZ+Qq96DnG08HLn5ccysnYkzGRnsqfLzVMTk2v6UPSl3rbDSsqfBQMISr+lS8cc0IIyoehksJF6xRJa39xseSlR+pwXTooopetU29BKIRa1GKWh5uNBk2KovGEZnr0BQAgaXekQcUQEkkiRBRm1QwqxytdrzJLkSUgQbuEIGonMTUbaHcN5MvtCVHwPcO0UxTaRrWBRh2g2QRIV4TORSUkZorKm6FDltEk+qLyuzqxmxbxr3LylIzr3PyJ4NCM6OoQ9gBqNdsDhi0qMhdG3LvWAtrm8J8qIRV/zk9K90wmvVuzkl7tgwLLdalfyADfoyj51O2y5mlo/XR0GfPVsCLI3Fmt3rhPl74cYV/MfQTO7VOta+O1eVU0vnsL+6Swot76qPl7fvTSAI5wLDo32eN5Y+qlXppj3NrC93vK3Xn8A7rohRqrjpBwDXrSGQTpeW8FtgStqKioqKioqKio6IGCPzrYtgDsszf/Z1CfP5LGofeW5hUVq4klRG4CpHpez+8X523orTCP2tmGB+dS4S4td2av6kijxvELvaymrLIzAiEhYEMSAWVDajc2bX+UEhAlSrCOUogCkXRUNLsRHhBAY1znlQXTxqNEtb+gaSG0vsPGeV7zloY9QuenItvs5nvazQ9dd7ccY5dM9znCLoKwMwBXljgsUilqWeuUUyg5nyHvggMmGK/XIf1cc9pdIVNV9LB6R+vqJSGfwd7uvgxWPucY0/DKsTUFGOx6EsqJng+T0Im580zhQzFYgc5ZpQQjG9g5T/JaOh+NefX2ADl2NcLKkzH5Puyco7pn0XJ3y5SMYHPBwbRxaqFAZhc67PqLNLr3YWaweaOxuw8DOZmVQxkCMqyllKHs8ovr7dbZczyEXdq3eHno18SbtOW47e0b/y6oqKioqKioqKioWDS03177R5m1u+owasy0qG2a9pzvWx7afh13CSuT51F+FxnbMnJ9jMyIHF4WY/ZniOqAXh6M5vfOO+XX83qeO19yfKWgntfzvuee8SKR37Fx8B+UEFUkx9jwgvzk5+FyKCGnzWPc+sA76lLuVeJ5iMkP2mVcBnUoUfM8Iurgo2oXQSG0UUt5Bkop0UDVK4yzoVCPMpJ1GVSxQ4FIbf3mmJa6PGZY5g7read1Kc8wpQhCm9nzLeDGL71fTlZ+1K3E03mORrGo7TJv3+xy//LpvXl5TRUqMJcMhcXzXGkn+ddpR05hgFter5xN0+SL9/U98lI696YSQowpjmKez8gwhEsERjKUXKDtgdQMluFdrPwof+MZ6wu1zftahdm8qnm2wc6RhU+TP992rEYYDhXfMoUB07jXad3hMbNXux+iYh46zwN11tLp+dcLfIQ3TRO+i9XcwoMT9BLeY7PDrm0oO5sppfQ/UXtKKCTyU66W9mrmqRy52mYA+HdUjSJTUVFRUVFRUVGxNkFEqDwofPstGDaswByNnn04mr/EBi4DP5C1dm49XtaIPvV8KztfWnUjYMX9DV2L2lddBYp7DTiFUtw7KAfDiHjjQUhm9z9rV7UJilQkaSN9NsoLEBERhUAEZPE5ESUgABIhAgq0G7yBZ55WpiDbJuYmiSauFKmN7xSpiBhZdB81b4UW/DDUFbtqPU3AyxOlATzhvZx+MqSC+pkxPa+wI1EvlDqgRG9hGUbGjhtTS7mtNuWGUu5pN/7Fl5ewtLSUL25GICVuFLp7i/r1jidoOYMYgvKhFcuqmHvxch/T0EDvsYPlBFheMrf+D3OBtWLDmapXHNry/GptShhSsDdhwFZoLgKTySSfIRqXMsy2oK/cToZygLOgV2RlZuOM2KWlJTuurDL27TmSsI/W6BXqpXCIiRCZj70Sijc/S8zl7T9GVNeAp14zSUVFRUVFRUVFRcXagf4TvnUBZKZF43ngfO1zMyDPzJOdvPxT3/3sj4ciQfcUY9d8OckqIkjnLl54XJivoiJE3YOwYgyKBw9FT0uEUPoXJQXGsjmXsxmY0YXrzZedxNPZ7oUBG29qbUjb3pE0+6dJQ220BgGCmFhUGwyiJGXTR5Dab1DzgYgARFKCEPod5Zi9lCOha+VibupIZMoo90Mdlsx3T/G7KIGcoyFZi7STnrGM5236JT43Kde9Lh8+/2pfu/MYqiBY9VNaKS8/GEXyF7msJGUt9W5934B788Xc+FHMTIAYtqgu6CnECneUR9HNfRyGftWZbHOpqyBf+3fZgh66rlDMi33SV+VJczxBR0fA7lVdCvNyTxwyOHHs/iCLWI7mfZCk1k6p9c5ajTJydAFDGjlH6FVR//qrqKioqKioqKhYy0h/r/b6zI94d6BeqU2JbGOQkbMCzjJrwB+nYqvFkvlzlwDsH7r1vJ7fZ88JjJNcKg9JwlweRXbpdEDlMEhEJkZ1VCZZmZIkSSIiBEKBiiNsCT3Urnz81YUgBQgwdlizvyAI5W9Phio0XJ9HgFovj2BxPjnLaUgLwiACaMZQGzWNBQyZALMGJ2NttCc8/lUhpZfXKvzZKY0r09fZqJNNjFI+nDRCFPY+cm8AlSVYqxRqUNq6TrUz+eeFqPDyG9S3YDTb4FClKeSjIxbAWwdH3vq1vOcLFjRB5q3Dq/1VmXpehknwROUFDrabd27ellEsM82m2MGRsSUzfzr0Hf+LI+bHiE0tNfAy5KvPXezSDtHZ76LQKTfamQPDxhbwa+0LKIjQE+pcuHQmU9dcxkkro/PvX6LMRDcmSm0sRkI8Z3mTh/VPSTRjKzR6B+u6k4qKioqKioqKijUIZREEAmN3BW2O1YHbrG1WtN+07G/n1jaLwOy6SiYZq1rChoxIBMJPZ/nRtxXHbcjoyc/zL44+mJNTz+v5/M+X2J+vVM/reZ9zbXMYJ0eO1Iei6dQzf0lZk24uGGlUJt8YpmeyAUmSJAIgtQQhaGYIQbF+eis6FNgSQlKCeesBAMhGk3lEIATqBeuI0G6WqJkiSSQIpGUckTQRCVpl1B6JyDcI9AxPHmPnIc3JIdqqMJIzJSGssdCdIpPNmozzZjhvQ6+SbJ78TpIyKq09N0wqghsQAfnoKxLVmaGkV9esATFFwww2+84NosNuzW5hgi5yfrXxIM3HblcFHSNcfez2KD53DtVKSqmQqavEqF3ODK2AJ00nWTWAUxyrtg35bMQUdgt3jOqoYdwg6ZznS6iRTiInV0XXPCqyT2G4FW3hLWNTQ/dMnpKpL/VZV8NWGunfQgj+KuT8Ol/Hk1HPluUp4UQdbwVB+51i03RO1IfsTepkAPs+RHbmKb2VKzW3pH5S+3mp767/almrL/eKioqKioqKior7OdSfHai4QLKJxtaKrm1WbRVl/1Qxew8SkV04ac8xkh7agTFIz+dvDbF9ZHrnkJFfbGPv0LOe1/Po+RI63ihUz+v5/ftc20vRS28deNRrAU06sH2Y7OaDvKxUwgg1fdfIRr2NJBACIqAAQYqBJCCBMJOKKUQQiAhCoBBSSlXcGLy41Yy0DyKRt11Qaz3Upj39ykHjA+la533SKDStWtMYt+tleDjDV/qXovlLTL02r1JsAAAgAElEQVTeSdT6lq+iL3/WK1snKZhhEBVSFNfiGK+810K03xZn9Cy0+EdTenlCdBp5C0noNYt8A9UkMUDg6qJchxR7lKLGw89xj/wYcMfDW1Do81fCQCza72eMs9e8FOtUoHOqz88n45/ivhL69mqUGi+ROZdbQEBSUlhv4fs61Cf1disc8756RJ0qDBtCvLi3nMhbPFRITnvK5NfijBwhHswiZfB6bO2/wioqKioqKioqKu7nMN+xhCD4snl9RGuNbQOwGfsjmvWPxFbdm3Mt07piUCuzlQPuek2nLETKAgv75MlJ2V2jdmknmFxaTv4cC/LU83runy8FhsJ6Xs9LzmW//NxKMqZe8tOpOw9F8gdyeHGKlrVWIfCqbfOQn9K22LSaZrJBk4YEiIJQWTH1QylJu/TpAGVS23gEkvInREIhJAACmmikhhRsl7e7Gglt5ZIAIEBIKRGFcUZEq6WqkvSafLSLzkM4pjH9XmZZrR3MvJwy5r++bFAnepkaPdIrw/mx++6yZn4B+1I3Ey3/lEFWKN6yWCqyIYXt4A2zGv0SrU0gYpRE53+hDv4YDxTuQKw48Y+gtITgqhnwHhed0dAWx1RLuhpgyyUydvUQLzZPc3CY/75kCO7FitkFE1Ef6HlROxl9Uvm99GFUX8m0WdrG8GFnvRdk6xjba4FILsfgJQKDMfKRjO6wm9qpVG0rnEXH7Nd+rQVTZUn/UBAbOY8S+m2MS2hEw/7LSnoJb89VH6p1zZkivSpw86c/1oCHqWjfXPedN0NFRUVFRUVFRcV9EOxz2p7Yr1jSvoUsu3OVn7efvpn8PN2rK1a2ZVV62bSzMud2bpVbC9xBPd9qzpfs39v1WI/3l6PMXAVrTHGOgATRPIn8/KpTFqfNTK9gUewZSal8ABGFEMj2NSJqEJGQJKirJAQJEAJASp29JfaUV6KUKARaz3oAyyCynXhIKPFAhtdDSWozQ2UCk6QZSpExqTMjHQKpeKg+2YYuExZ1qfFk8hqjGfIS+ro1xN34kgIwolIiF7/KWUZEEz892jqEuEyehsZ8H1NRDddUA8Do491N59ZgS8G5VUTYgpT8vAJ+mLNQbl5C8hawEZhXASNnCZmxq+0CtexY6dYg0w/z4SeiT9DgbJCm0geoNqBMJ7liMwjhBCdMRTtMKtffB5c/VoUBMPNNyKgUfX4783f5W2UlOKsF1i7sSyQ/VOwbOZ/Hyix/djoJ2rzveJhY4k2eakiXh1y0CP/RkbkDXdG8Y7Vj/gthLpNPyns4pdIAVXVFQZn8yyX/XIeqOg2JqGhWNnGqUr25+lG3FRUVFRUVFRUVFauA1r6qbarc+grK8umktNZXvT5PfSd7pcis20vacsErFdY+7Fj5l3pcu8clz/ZRj/W4lR+1JWSoBF5WJs7L6wUAZ1dCIlpeXkbEiRATIQhBSkmNJAAUmiMUKFAgEBoSUSIIZewmIokScTJBISw3qZwKLaREIYQQHscmAEEIIhICuQlQq6WbQMYNsW2Lbb41uHea5zjJl7JwZYye+QBcSkgnL1hiQ0xVil07S3VKzqjBlR9m6FQSsmW7+LlEE1x3yRw6I7ONKT4ec7QgL0h+V+0dNwGx+y4nCtpSPYZxQkIOnR2YobvGwHu42CTmnGSeoMIGdm7AluFyStob5vFSSmrPzLdz7PMURlax1maJXt6rgzTqUZEdxvk8c5zHBowZu/NHv1Lm75O+BftWsQKvqu61Mn0e6vAW9KX8C9WoqKioqKioqKioWAtoP9pRnfPPeCRSuwnKNp2V4kvlyJGmf4D7R4F/jFz1UmSQ0nnsm78e63HljtWDsB63nmPO829OR+PXNaAs+KtX4h6EDUgBSFI2hAAgEFAgGl/AhhpCQhIChX2FCFTLw5WbH6JAIJKChInfhUACBOKkfY/avRJROyMRqsKk/f2AJAEQIYDQLCZJkEBkPAlRTRNKnv3JDFIIICLhIC11oR3RWkKCVCra0GPcPcVjPEzdjtuKdbrCNgqqOZCTp+xrIyJc9TolSkAJMZAvzuV4NAbv5IwQIYQaSzkdVBV+b8SFtt3olB4Oz3krol5XF616oMKF2oVZ8+PZhOjwICwbYquJ9BhI+D/plRTq9xyaFzo0Z0bdsLijXL5X6Xj3xGgH9tBQz/N6rUdJ1WnP6X6wk3N+Nu7LnaRKhdmG3ccM+OAp9//rW0W5nF6vmNVF6LlbWGruNzGKka+qkT0cbnA4RlqiDhF9oZsvhLbyGnK0oqKioqKioqJiraG1tXZ4EJp0Zn2NWWgD+62xrUWORR6EXdZj1xpcPQjrcS0fJwf8r99Z7Ue+YmtET1MCRU9HUhEUL0/JHxCPbciV4zL99IiE0HgU1k5OqYfucj0RNSSbppHU6AChAhCBkABI59QcHjNKIhKQJGi3RkRSJJAOBqoigiK2dl4EdGBEtSFO/VCLKpdyQLRlVBE0cVBNAWHFO7SZ4gWREWDIolaitYKpXRbNP9ZMHuLSd/JjlxzhYUrJP4gW7MBcDHkekRD69+TdmzqdLBO9kZZZkC1axZg8iyi7RoAoMmPObWA82wp3wtyrSwtMV+TQpvMnaL2ZqtMLeVgtc+zMUXLMPDxPmeVVA0BXlN95dfhKPilr7Y53LUQYrVCf6iL5x5Qt8NAdA+erKIFFk5TqLzF7Hl4dKd8Iz30GofnoAYC9HrbnyBorKioqKioqKioq5oUzz75ZnSQ+i7nVwP9/p0GhwKRVomNBJkz+qKhYUxB2hBqTGTuv6TV9Luk0WA4sXk+aV7sgnd9uE4gITdPMmlnTTGfNdNbMZs1s2kxnzbSRM0mNhKaR5h/pfzNqZiQbkpJIgmxopi9JKUk2ICVJ7fqHREBSSvIA2okGECXpDJKISGe1+hMLxu1SYupf29I8wpzeSnnbRT6B6eQJOzaSPyUhvJqpriS/hd+9XmcXYJjlsZfFsNOYPqzTCnXId9F4+RnMxazceYvnpe1gBQYg1ceFreh1j/L6+02gKJkxpG+tetGKyh//6KVCBQaoHYIoMpMPk+SJnYt6JfWOhCcu07ErwBHyUREdJHPkCAtnxYIa+/VwoXoDStmyI3sp+pFQOClF88y9f/qi73sk0wN9y/a6WlFRUVFRUVFRUbHyMHbDNphZh51WX23/l8oPkXTolr9a9mdYkD41vaa36UvWemSijrLzml7T551uLS5rRJ85609AIPNyprNlVJsKIgKCpFkzJZqSmIilpaXJZNI0EhEFCbu+W4gJIBBMrD8ICSIQBIJICKl4QSmBBAggVIGt9TaECCgESSCzy67mNaUUAiSgAJDQ7lhIpDPCOCgSiP+054iR8IlR45QX1DR8kUeFeHY9T5MSzaWUmQxCiMlkksnAbYsZI6N15eYp5XpmEO0o7qkQJs4XnfbKRdTblz1N6aDk5EPPRePClTUqMpg92V0ZAACk7NGBMVH9rMF9bceuq7F/0XlGKPLMjoeSn5kxxrMjIfU434aoDkyxUJ3TFBBzdlcffObXgACVJUW8CKWIQmQ3c+1ERwMLsIiJbhhPOZcYpPkwpyGEmORVGtbDfKgP6OG+4ypTPLzUKdDL0znPr4ATIa/Oqz1fpJdu5m+/YJpS0hbczIqKioqKioqKiooBsHZUjNpXpdrAiOwfu0QA2NpjMW3vhXg6tvmxxG6MKfk95UTSpaf/UDk1vaYXptc9COtxKz3KAaXknPL0OnqRr2fNTCACko4Iasg4ImqahogaSQiIKFGoqKGCJAI2BKAjiaJQUUZJxyBVW+OCkFIAISGCtnkJIdTr0VkRrw5WQ8+uq1wLBUkpvb3uiEgI6ssWcAkGpevlU/b9lNG8M7EkT5bb0Ci3qy6aiiusPWU8TbEaI+m9Trvq3J0VBgjMdEjnLR485ApRYJjuqGukMp3FOzOkOzDedU57Vaz+AgXyNnSeZ+4PYOcYiD775RMC78DyRRIWXjBtIgIaPiqiD0se6k0yrLqoAmOKDNB/vpiLAqGQzol6ca0O38KRuro2tpv7fSkRyKeFzlf5Sq506bvIoPMWrPqwr6ioqKioqKioqBgDa0cFArOfHzg7+fl7EwLbOxAgtjeha6eFcF9DKzm/i6Gfvz1GNRxydGofIace67HkWPcgrBiGeRkd8nK6a4nkoPz1rEzHmELd6eycUlddfR60w1VEUpLUMT5b5p6klI1siEBa46rZEI7IeAyh3WvQykRtUQe1i6FxPLSZUJFeiNjyXoiAKLQnMQBqF0LL/xm3Y2RbHpr9A41ZCnUV6n+sOmDWeX5sW9DfIan86pg4ZgOYy8EIhXh9VcKD9qqiUPJ4cqivYuMxrxE1vwGwWH5u0QThIuEvFwh+YiQ5lBJMLDw9M9pXHgPovU4JA0aI7rD+lXbXgyboiV/d3DCApxk/fw7QZBEFU0JWfWB7iDyMBYuBVqwVA8bDqig/RuaA9xpfslD3IKyoqKioqKioqFg7OPPsm+w5tn9wul+2fqJjKUU/W1g0bZ0oM0t0p4/4iwGTPyoq5o+l1Vag4r6ORS5fXu2l0RScdGM6XUZEnMFEiMlECDERk4lZOE5EJJaWkFSUz2YitgECIgkAguQEtlEGHUmIiIRiAiBBEoCQABOYkJDqNUZAICQQApDUKwJMTDAAtf7GeuqDVCZe5cKuVtpIQKHdG1kziQhd1x4EtUgH2Bsr+uYaEIJv0abDlPxO77fx1upool4lVGzmCyrq7rCRxFhh/k5pa9+toTzEaDpTthOSHnJoFMiPse76VxfpMeCOYTN92mUHAAggw7UV84IXGnEVkfcm9EbgSH84p71z6le2qMSk8KujO7mwjQt1kguF21na69UVm9PKezX/qlrJbfby/TNgPBdK7iw+/lVV7hPcS7FyBXpJsyn+3V/7b5SKivsHvvOd//rcWeci4PHHH3vAAY8fIGE6nX76M2ddfdU1Bx984EknnbjtttsOEPKDH/z3584692c/+9lzfu2EYWrkcd111599znlbtmw55pijnvTEX5q7/Io54gc/+O/vf/+Hndm23XabnXfZeacHPeghD9njAQ9YtyKqzRmbN285+5zzrvjGlb9wwONPPOHZO+30oGFyfvKTn1544Re/9rVvPOlJhz7zmUfuuOOO89a0oqIiCrtN0hz2SxqvxFYovaKiEoQVFf1QbkbRJm4v1NtsNhN6dyYCAEmAUiIq3g4BgWQDhqYDE+STJImJlEDShKJGFEJMJKAQk4kgnBApIpFIQkNim4mcCZwYI5ji/5QroTBmMY9tUtFIVbb5dZiLvt59wyxl0Tps8YwXjsrTGWJ0LqZAjwtsYx0wgym3nNr8PMWct22Ke9XyBUwUjfsKc7R1rjD/l3EjG4wxBuu5mFvnFWJ0jPW8M4ZnBoWGdQxdz0DvG9DR/tgzUqLAWqAGS5DpgJJ76rkLcloUi4WMAa151mFentDhOFRBbVd9pK0YBViC6HPa+RQPllyIcv5vWPFCBVKv4wHy+5bSCvStpqKiYgH4+c9//opX/q46/8IFF3/iP/55p5126ivkzDM/ccaH/hEA1l/ypaZpTj75+X0lbN685fV/dNrGjbcDwDnnnH/uOZ960IMe2FdIBkT0ptP+3Mo//7z/3Er5pPsD/vpd7/v0pz/Xt9Shhz7h8MP/13HPPuaBD9yauLH16y9797vfr56d5S3Lp5zykmFy3v3u95//hYuUnG996ztvfvMfz1vTior7KQgIVdi0HkRZpdQqKnqAhRx0HHGxptf0mq7TrbVlHvKlbBopG9nMGjlrmtlsOp0uL0+3LM+2TGebp7Mts9l01swaOZtRM5OzRs4a2TQkG9lIKaWcTmebp82WqVyeNssNTSXNGmgaahopG2oaahqQEpoGZENShzGVQGrHwkZFNgWSIDVISpAqXSIREqAk0P8kECGAIEBAASgIkAjstqakfuhNEQkIkACIkMCe8w5RVCW4QCLnX0tq+tt3dZlcyWrFwYuXGW3Jiopfnt+i/qiSXAGuNsuJxkVHkcsmzJ9r6yM0/1h7bExbCP6pqLcDNhuL7rI2BmyoOP/QhthtfyLrJEwVjP4L0Ya4LNMwKM6vQvZfsqzq1EzNicozmsStz9ke68EuuE+bBJCu/rya9p8emm0ucv/FewkRENUOqtI+JohkM1ulVDb+L/9Q98KgnvFnpFgH+XeQ/0zdyhRsX4LpTjUnd4+eWEVJDYHdLudfR29064/CbLubf37bbAyRRR5h08Lm6EGsXo0JJc0bMDwxioEV2DHhZDo8OpeWT24l81iHPuoBRQCBINSDpzc/DruEPYnOE2ffLhJIlW3fSqh/cmU6dXZvRPwVX9i9JWJTj3A4hgurDl+XKd0sd9jZlrxW4A0I0r3OByUgYNe2rxUVFYvGbbdttOebNm06++zz+krYvHmLYgcVPvLRf5tOZ32FXPzFSxR7Z2Ru7ishj9tu28jlX3/9d+crv2JeaJrmvPMuHFDwiiuuft/7/vZ/P/c3zjr781JuNS+Xq6/5pj3/xhVXDRMipbzsS1+xPz9/3gVbUQ9UVKxNlNhdi+y0BPF0SKWvPbt0Ta/pC05vbSj8b37+F2ZNr+nD0ymfn0rlZM5XsF0wD31mTTOdTaczhelsNp3Nlqez5elsi/m3PG2ms2baNLPZbHnWaL6waWZNM23UJTlr5LShaUOzhmZS8YjUNLKR1EiS6l+jz5XJk4BAKgpIMi5ISlI0IYFiEyWB8lOUBMpnkcBam8Gx+RkLGrQ0oTKX+t3VD1lTXtrSR+xfSf6gfKtwB5EwkgMrKJ5UwDEAEoA19HkEoCvLOXLTMXnd1psd9DAvdtCaLsN0l2PmKT0s47x4rGCHhKJmjjLdF4jvb/jO6jdfeKPI7lPXq8a8hvHnvUurreavdH5zx93oBd7maBWJTQlHyk5eilJxJiVRbB7TVPuZ440pNSdTVO1R04HhiUs17Gxm0biyGRD8L6IW8SfRe0Qp7Cp1dP66H3hrQk59/F2el//lXMbbMIHe8PIsIPzdWVFRserYa689161rfekGcDNf/vJX+c9NmzZdccWVfYV84QsX2fM99th999136yshDykl/9m4PyvWDjZv3rLddkNC1Cps2rTp7W9/1wc+cMZclVogZNMORRo6LGez2aZNm3jKvD8BKirud+htp2VXyuy0kEifnz25nz4ykd4aWlffzl/T76PpNcRoRYWBYwzqZxgi9l8+13Q6VRuMNUJMhEABKACQQCrfPJhMAIVAQAAhSUiSQkgAEIBEkmAJYaKcfwlgpmuVE5gQgRQocCIEzORsAiRQEBAASkAklASAIImQJIFQbJDQnjWC1I6EoNb6CwAgJLWJITH91f/cMFYsrCWiClGqA2aCjhaoDFpmRXzcdIsD+t2xlKGK6kb5vd/mhNAtwJ6MNk0mWTru5qIS2D3RCQCErC9bMhFB7zwJIIz13tPSlszrH/dR6Nnkwvw8Bp2/2iVd79wNsiuA5DPl5rJnCw4emFKgq5jf8WvoRqjJaV6iimuk6LhdAfQNvrpoBcaEgkwhK7B7kUcq6GXhPfKLO6+egU9QSn70jVNCAcZVDfJEuiJG8mK8XUWNXejID+/aio3zXlhEJ6TuYIkCa7OXKirun9h2222PPvqIz372HPXz+z/44Y9+dNMjH/mIcgmc21O44ML1hx325HIJd95511e/+g378/jjjt0av6gr5oLl5eW77rrb/nzZKb+5776Piea8996fbNx4+49v23jllVdv2HArv/Sxj39q9z12f9ELn7d4fdcEttlmGy+lPkEVFaORDxPKIo8Ok7nQDZYqKrYqVIKw4r6ExOr2uUmfAxo5JSJBQpAgEAJQKO4PyKwWmSEp114kmFi6SCIQSmhIoCQQkoSQEyEETEiQaEhOhESaTJAmJAmXkAhwggiIokEAoTY81IJJEgpGp1Gj6SEigRMdQrSRKIRtOKJUjhEEwrH2olJVr0OXardDDUPaaS9ExUqh/wZX6SZGG3W939Oc0ASg2y7caRFDnHQqkOHwFv2XgNpIEsD6A3KQ2b6NPB8eG4eUl5kLm5OIgzdSlL/5YpgzGmltpALzQsEYy/Oame/gJLExRNGchjxIY/kzJUwiz9I7+n9nc/rbtXExFNXKYYDqGX5oZZ4Rj7ooqTT/aKR89wcg1Sf22LsuG7lmMYtURm7Up046V5/k8pjbGF4xHOEcnq7BzVwjDn/F63vmjHL5i9akoqJiMI46qiUIAeDiiy996UtPLiz7k5/8dP0lX/ISzz33/Nf/4e9tv/12hUIuvexy/vPII59WWLDiPo8DDzrgSU/8pXweKeUll3zp7z/8TzfccKNN/MAHPnTiCc/accetaT/CwUDEdevWWSfCXXbZebU1qqi4v2OxmxCStYNWVNwXENmmpaJiQVgTpojVVkJtbtQ0KrjotJEzKVUg0EZfkU3TzMy/adNMpZxJOWuapmlms9msPTZTnTSbNbOZjkRKM0mNpJnaklDSrCG1keGsoZkEKalpZKPrlZJU1dRIUlFFGxNyVKqtmEo24Il2KpmDpiAHdVdhkLQoR+Wl25/lRTrrDcuugNndbpGlo8M6IBO6p1SNwv3AQuR3RVoEOiMurqQyq4vOXanC/L0yBPkHPoZrD8Wh+eY0tvveqWjZwQ+pwqrTAOWjtJOmKn8jdPZ5eClDZK7A2M5XWr53XWctnbdDX51fi1f+ZbFa8AZtdEStwBKizhgAI6eUioqKBeGQJxzEo4ye+/kvlJe97EtfjqZ/9WvfiKZHweOa7r33ox7zmH3Ky1ZUCCGOOOKpZ/zte/faa0+efs65PUby1g4el3WHHXZYVV0qKirGYQ18LK8BFSruRxBmFzFo/5Rl5zW9pm9l6ZDPT246OXK03xwwCaX1QpGeoGLTG1JvOp1Np9PpsmIKm5liBxUdKGUjpaL/9NWmmc5mihSczjQ7ONM7FDaqYGMLStk0NJOyIZJGoOYOG00H8n+k2EFNMZEERRa2/0xnGZOSv3WdgePCic6lbpegZIacHTOaOCfzbmprnkXbNzv3pkLv/wPBbk8vWyHv4fuotbdHbwzAqnRap4W6L3fVlSWYGzoy96i85y5uY7fZWvX7NQZrigZYAWqE/yqpd03NYPkQyqtP6nSRs8MeNFxDI/S+g5KBvaYmh4qKCgCYTCYnnvhs+/Omm27+wQ/+u7Bsas/CCy64uFDCxo23X3PNtfbn8ccdU1iwooLjgQ/c8e2nv4WnXH3VNaunzkqD+0o+8P7hN1lRsTgU2WMhkd7DTsvTJbcPWwPnmrN71/SavoB0YWwQ0P49yc5rek3fytKBpwPPT51ygKdDr3rBTze7vQXSjO/gbDqdLi8vb1FYXp5Op9PZVLkJWnZQeRDOZtPZbFkxhbPZdNpMZ83yrJnN5HTWzBrZzJTfof43m2mXQe0XKEHzgtpx0PCCbQaSkpS7oZQkQXkVypYd9NabEyryj+w/CVKCJCQVgpTQD7FWaIQlRIq7Gjhmx76OCP1NwLqFuqkBFWFaTqFKczE3IwpEEZOmwiSi0EAxQSHsT6HOAcwE34Xwo6pYw0hjB/gleKOrHWMxIWFi1FuoBF36lLcgjmG1j5Hfq9SgDL7pv6vS2PoBIMDov7BgUkfzFAj7r4tNH8UOailBt8z3hmYweDimhvIK6JzBsE7LrAUJb0RUfuoORoWPnQLUqB5WlLXFKub57hf24ci7jGDUaB/Tznr7PW4j+mnrxgo8gKl3aDQIREVFxdrBUc94Ov+5fv1lJaXuuOPOr3/9CvvzOc85wZ5fdNH6n/1sU4mQS9wIpTW+aMVgPPaxj37EIx5uf95yy63Z7PcprGNeg9vvsP2q6lJRsdXDs7sSkLH3kvdFXWyndey6qXNuHyY/nZL5a3pN38rTReovxJpe07fK9HjyIuolfpK0tATpDYN2D1SYqSCiihpspGyIGill0zQqvqgkdaIKWc/CqXIlbJqZI1lqjrChhohUWROFUrkbSqJGao6wUUSg9iNkLoPhMWNaWpsmpyHsoGY4EaD3blKFdttyAilqvOb3Wo8Ydr4G78IYdPZMZ39mupdj6+q3kBRZFR1WvtIQvdQYo3P5QzovZMbkgEGeH/+rhZTOPCW6GiNM6WxgmM1ScV7Z6HKEXi0qzFyIAbPTqk9oiPGu6LxTi1z9s1iUzwyLexgzX2henlUfIRUVFSF+4Rcet8ceu9ufhVFG11/S8oh77LH7b7/65fzql7/81RIhnz/vAnt+0IEH7LnnQ8tUrqiI4PGP28+eb7j1x6uqy4pi3QPaKMEPYOcVFRVzQdbeS5Fca81eXdNr+hpOX0r9fVrTa/pqp9MQOfFkQIy/Guapf7wCP0E2Eki73yECEkopBeGEkCZCCDGbkfIE0wtUSBJJIRBJgJgAgKQGUU5oQjAhgokOjioJSJCQ1EiaTHACE0BABAGIJIiQCABwAlIiCAKxhEsCQEoAJRwkgkAgISUJlFIKoUIQE5EEQCJlSNU/AQQgKptTa2w172a1b5b1P1DelGjyDDWLzcGaphQrrkt5W5vzgvrnYnHzhDAzYoINIn49NRYdieo+8d5QXrYDTK5cAq+joH5iLfIoP545yXZ4J4WdnyEeVteqzhpS5AM62AF0BPoa7jHQa7Ce7JEsyEykB1VP+RarbDrPU4OdxaMTXeJRHYiC565jEijJVq5GTJm85LY/2KSUr6vNn56l54ZwdlKs0orNUeivj2Evi6hzKutPyIUNBzQhe/JbHQ4e6mPQ94WSKu7BfhEtDpFHnv9QtRPxb2s2whaqWkVFRSkQ8fjjj/3IR/5V/dyw4dbrv/u9/ffbN1/q859vub1nPevoHXd8wNFHH2mDi57/hYuOPvrIvISbb95w3XXX25/HHnt0p6pN09xxx5233/4/99xz71577fmIRzxsMpl0lhoJIrrtto333HPvPffciwIftteeD3nIHr3qXSGx7sAAACAASURBVF5e/vGPb7v7nnt/+pOfPvCBO+6++2677rrrNtssFRZvmua///vGhz1sT297uc2bt/z4x7dt3Hj7NtssPfShD9l9992WlpIyN23adOutt91+++3bbbfdrrs+eI899th+++3Km8CVWflbUAgU7Xtl5513Kiwlpbzzzrs2brz97rvv2WbbbXbfbdfddtt1x6GBOu+66+477rzznrvvnU6XH/KQPfbaa8/tthvSzyGI6Kabbt5mm2333PMh3qUdmNfg9ttXD8KKijkjY+/tVWBV7d4UqrWW7PA1/f6bvqT+ZK3Heux5hAGlYEyNUKYV8JzA9YSIHL8VeQ2B5wfwawklqzCVbi2ykQCaAlBSAFXcPTEBIICmoYlAISbqw1pKtKEj9Q6LoHzqiQBIaF97FfZSkBBSkJAkpF6+D4IQiAQJIgAUSIAoSSBIkgQgAJCE1MIIACQSklQblBIRIhFJROG1TttTmVXVXvVfeGT/lzcGzh9D3Adzl5LmQtU5PesaDr8ur7+76CW0nLbJNdgRLepnU2BWRTZ8KGRAnXzRwtkM5dCPti98K/CrWA12cAjCHl7JyseVXYu9utZcpkbc4vk0hE8gPeMbM1XQcoR5Cc7MM1/CNaEkcXZwQbVkNRhWLLdWRfGIejlR8o+W1R/nc5+7FvqdUKpqlAlf/c6uqKho8Ywjn24JQgC4+OJL8wThhg23fvvb19mfRx11BAA8kxGEX/rSV+699ycPetADM0LWr7+U/3za0w5P5SSiK6+85pOf/Mx6NyQpADz+8fs/7nH7Pf/XT3rkIx+RqWsYbrjhRx//+KcuufRLd911t3dp770fddJzTjjxxGfn6Z/LL//qZz93zqWXXh5eOvTQJ5z0nBN/5Vd+Oc8Ubtx4+ykve41S4B1/9ReHH34YAFx99bUf/ad/4yFeFZ7znBNe8uIXPvShLYHUNM1FF1/y0Y/+2w033OhlPuGEZ7/ohc/de+9HZWq3WK1b0Avf+U7LN+/72EfnM994403nn3/hhRetv+mmm8OrBx14wLHHHn388c8q5HF/8pOfnnnmJ764/rKwn/fYY/cjj3zab/zG83d98IPL2hHB93/wwze+8S0bNtwKACef/PxTX/MKfnXdunXR84qKigGIWGWh0DJsj54l0zlC3gKs1jKOtGPXYz1uPcclbneox3osPtKAUjRGApVpBTwFIrVTTgfq0J/lJ/JrCSW3exC2KU3TIF9njwQCCYBAApAkAimlwMmEFEHINpyTEyKYEKBAbJfmIwICNDpmlAAx0Vt94UwIIWimTHwkBaFExTcCIlEjSQgCJCRCIgIiJCAkkmoHRSKSUgIAcyX0HAgcL0/DsFrvT+NfCLa1RACKhjQiUPOkVsr8gL5MtDcrQ6FhwaZISpAnZI6WXC4qVm9nZLBSL6s2hDqTX65hVD012ktslfY9FBSPiM2n9IUZwI40pvQaJYda15w1zAiufdjnKJun259sjSPTTP7crVnwhzRPxdmPWp55mLNdydgI8y8IYWBV3sbBVfeKnjqgD3nplZlIo0qO03xRWMSjN2yQDytbUVGxAnj0o/fee+9HWW7jvPMueNUrfyszdVx88SX2/BGPePhjH/NoAHjSk35p3bp1mzbp3QcvvfTy448/NlPpOee2sUwPO+zJD37wLtFsP/rRTW9+89u+/4MfRq9ed9311113/ac//bk3/snrTjjh2V0NLUXTNB/7+Kc++MG/S2W44YYb3/PeD370n/7tNb/9imOPPSr0ovvZzza97/1nnHXWuSkJV1xx9RVXXL3LLjuffvpbDjrwgFS2Sy/7sqUnzzn3/MMOe9Lpp/81D83K8ZnPnPWZz5z1N3/zjiceeggA3HLLhj98/WlRAgwAzjrr3LPOOvcd7/iLw3/5sFTtCqtyC/rihhtu5C199GP2iWabTmfnnnv+Zz93DvdeDfHNa7/9zWu/fdbZn3/Ln73p4Q/fK1/15Zd/9fS3/3XIIits3Hj7xz72yY997JO/9VsvfsHzn/vAB/b2Tbzqqmt+53dfb39ecMHFHkHIvQZ3qHsQVlSMA9qV7dZY5Nh7xx4hnwcK8izkCCteYz3WI6o9CMmupHaPNb2mb4XpMFSO4VxK0wfrKUESNA3NZnI2axpJmiYDaCQ0TaP2CZw1s6aZmn8zKRspm9lsury8PJvNpN52zuSRMylnUjYAkkBKaiSpzQabqd6ZThIQETWyIQICVFsaStId1kgpJREBKvYQ1A6F0m5UI6WU0DTUSGoakhJI56GGlAOkdprU2w4JvXMwoI5RqoKqEhKQJKUmSFJxS5FAkZRoIqF6KN9ey0AgCkXAsn9KBbAbFpNWyiYicK+6LtgNlmK64Zh/ihBmMvW/wZsGxZUM9Ocl8v9UD3v/jJJthSl9uLm/8+bmd76MNjOfjfMHPHPiDnojpKhD7O3jje3UVj37nnpe92Ta2NnwOaLzjtinubP53iC33R7mV/+P5ox3VhaBwLZp9i7ke8CVExXejcSNzj07veaBTvmF6WE2O1wXxDHk2UGv0pBLUxpm1LPSeB4vMd+6/F3ue2fz8JTkL4hQZvmcWQJWi50S3d4GFIAieGzDlymSswBnXlNWivLMj+Gw9jCxJH8qTyoIrXcro8K9exfezfyjWtZtvpyKioq1g+OPO8aeb9x4+3e+81+ZzJzbswW32267Zzzj6Tb9C8abMIobbriR+1od88xnRLN95Stfe9nLfydFTXG8/f+++7Q/fevPf/7zzpyduPHGm1716t/PsIMWd91191+e/s6/PP2dXvo111z74pe8PMMOcgm//duv/c/Pnp3KcOcdd9rz227bmGEHLd74xrfceONNN9+84VWv/v0UO2jxhje8+cYbb8pkWJVb0BebNm36kze+hacc9+xjojlPP/2df/WO9+TZQYvrrrv+D173J5kW/fSnP33bX77zj97wpyl2kOMjH/nXU172ms2bN5dUbfGVr3yNs4MAEPLufN/BGmK0omIk1Lfv3OyxkhL5U+etEmvO7l3Ta/oC0q0HIQTHml7T55xOY+RQWX5IyrGubBn5ZqM8itbb6g9Bu6D1gmuPFOipQ4GC5RxAAiFQQ1Lph40OOypRCgAAIbSvHpFARECpVkUSTKzBiAgmE0kk1Yp5IQikUkk76amVlGpBvaIFlRcdAjTKhxEa03OICBIRAQQzMxr3P0koQFdqExUnJIGEahnqvYWgjSJm/PdbykVftdHGdHZ1oS8CciuXzXRaciE/u8kc5SFSizLlykcUa1M6zb6JZq0hDDNKZrjhQgmWe8vX4nbvECcYO8Z4dSmPFpve17CbshfbqheM4VX0HQArbMXuVV0vf6xMqZFqzB0lfHzX9VyGRbs9efxKyboBj3Tppd6i0WvWWmGKaHD5+Y6QQrFj4PVzlLoeNp+HFY3TtF9d5euiKioqVgZHHPHUD/6/v7c/L774kgMOeHw05w9/eAPn9o48siUFjz76CMuKff3rV9xxx5277hoPq3jxxU58URU508M3r/32H77+NJ7yiEc8/PnPP2mfffbeZeed7v3JT797/fc+9vFPqbiLAPDFL166z96PevnLX1rW4jg2b97y2j/4440bb/fSDz74wMc9br+dd9rplg23futb3+E9cOmlX+Y5N2y49TWnvs4rfuihTzjkCQc/aKcH3XLLhuu+81/fvPbb/Oo73vHenXfa6elP/5W8bspXT52vW7fuoIN+cd/HPnp5Ov3ud79/1VXX2GybNm368Ic/+r3v/9CyVuvWrTvkkIMe85h9tmzect1113u1v+e9H3zve/5vtMZVuQW9QERf//qVf/f3H+FU6CmnvGSvvfaM5v/6N670Ug468IB99tl7r4ftufPOO/3P/9zxve/94ItfbAfnhg23nvGhf/yD154alfaud73//C9c5CXuv9++++732Ic/bM877rzr+9//Ib81GzbceuutP95nn70LW7d+/WVvOu3Pecrhhx/2khe/0Mu2AyMF17kbVVZUVPRFzn7bHlUoUN/u2mVnZkdIy3diwq0Vu3pNr+kLSl8iIhtorp7X8+JzKMpPTjo4eaBfvRBJJz8/kGamyISRbPVUvLgrh+mgeJdEutEfWLvAaZfxXXT6J1aXWrcChjpTpJsEAkIUKicRgtAxS8H41KnNDhERiRpS9CAKKZCIhJAkhZg0RLS0BAATQgAQpAlCAYiAAqUERJINoraENgJBSiCJiIjqB6IAQQiIUvF1BEAgaAJtbGK1KyHy1QemGySBaG1mxubKba8mljej29D0dYKN6RmVK76vEV+/3yUhWldJ8NEFwdGnrCs8imt4dSuD0G/Du03j2cFeyown2Ar1TygwsvIVsC+ndw+bNxbZlvhEMfLu9yqemtxWj6Bas/F1+yEaRnhA2fseoj3Tp8ntCOnoVneS6Pv+3HrvwtareUVFxRrBXnvtecABj7c7C37+vAte85pXCCHCnBddvN6eP/7x+/MAjL90yME8yugll3zppJNOjFZ3zrnn2/NnPOPpO+74AC/DT3/6sz/7s7/kKW94w2tPPOHZXKWDDjzgpJNO/OAH/+5jH/+USvnIR//1V3/1uD322L1P0x38+5n/4bGDL/6NF7z85S/dZpttbAoRXX75V//f335Y0YT77ONs4/e+95/Bf+6/375vOu31KgqrxS23bHjzm992/Xe/Z1Pe9pfv/MUDf6Fwm7ojjnjqG//kdTvu2Aar/OIXLz3tT99qf17EYsAed9wxf/i63+WOZeedd+Fb/6JlBL/+9Ss2brw97LTVugUWV1559SQ2AgHg3nt/ctvG2zduvP2qK6/h3agotN84+QUpmfvvv99XvvI1ANhll52f+79/7VnPeuaeez7Ey/PNa7/9pje9xdKrn/jEZ059zSu23XZbL9tVV3/TYwcPO+zJb3rTH3o38fs/+OGHPvSPl1/+VfUzFUo3hHeb1JPy/735T8JtEbffvt0Ic/saYrSiYhzMjoP6V8ZuDK0tt9CmzWQ6NmQ3PyKYXQzXhh2+ntfzBZ4vGesAMktBPa/nnec0oCw56dSvXiqpi9D4EEJrZGc6E88PrnyK62bSydeZnHZp9sjtHwraS9awRjpVs4OApGg7AiQQyrFQkYLqvUWKZQQglERSkpQqyBhJEqKRQkzkhCSocIeoOoMAARsxA4kgBJJQTCWSFEIgCEFEkqQgoaKBmWiiBCiEQGiMv6PmXqWUiCi0D6H+I0ElKoKRtFekjjZmzYOOfVa9gY0FDQUC8rFRYpzGTEYyTG1wlwNNYoZjy++yTH09XayGi0LURmDRehi29tmUPl7TFqt2FH2Zv5IQatEM3kZlYeY5mnQHs4Ms5yhl8iNkfhioJOufoL16pUC55NxskC9o1m2ANwzMHL5AZCalOVYyKBuN6NJFYVgXlUwUHkE7aBJIFVnR6VR/qJTp72Xu373mJUfES3oTLA4dRGtu/HUhpPl73Q5eJFNq9RYNVFRUrAKe/axnWoLwrrvu/ta3vnPQQb/o5SGis88+jxfhVyeTyfHHH/sf//Fp9fP88y+MEoTXf/d71ucsFV/07/7+I5yoe/vb3/K0px4eZptMJr/3e7/9s59tOuvsz5uCH/3T0/6orMU+Nmy49cMf/if7c926daef/mdPeuIvedkQ8fDDDzvssCd9/RtX3nLzBu7597WvXXHppZfbn4cccvA7/uqt69at8yQ87GF7nXHGe9/xzr851xClmzZtOuOMfzjtTd2av+iFzzv11Fd68/MRRzz11Ne8gvuAKrzyFb/10pee7CUee+xRN99yyz/+47/YlG9846rjjvNjcq7KLeD453/+93/+53/vVeSUU17yW//nxZk/Sd7656etX3/ZbrvteuihTwh3jlQ46MADTj31lW972ztsypVXXn3YYU/meWaz2V//9ft4yqmnvvKFL3ieEP5787GPefQ73/G27373+1dfc+3BB/3iTjvtVNKQz/znWe9859/wlBOOf9Yb3vDaqM58gO1QQ4xWVIwDRu26CKFN2Pxg6dieY6QskwmeTErJKbFdYzQ9pnPheaZda4AXqOf3qXO7B2E91uN94gg8BbJX+x2hR736qAg3Lx3bKKOg9ZNqx0ApG70tIBAQgZT6SuNiNpupozppmll7Tc5mzWw6VfsUzqTaI5AaokbK6Ww2nc2mTaN3KCRqGikbaqRUOyFKIpJADdt6kGsHBhTAtENt3EXA0k000QgQ0exU2IISJrAxmyrxIvY8xTMhqt30zB1aNa/BJIioyYK3F6HfjkTzRWgzzeyW1LmLUvnuSp27MeUV8DTvrLf8aqc+ndLysGXDeWMxGFhL+BSPvONjeiw6DDrZnZGsknqKzcRf1EWLQNi9fByWI9XGDOai5Hhk5HQ2cNEYoED+7owcVFZUeLK6mAvdPq+Xy3ikJyU/W7mEjhpX9TuhoqIiiqc93aF/LrxofZjnuuuu56RRGBXzKLYN4Tev/faPf3xbKOTii1r/tnXr1j3lKU/0MmzevPmTn/xP+/OEE54dpaYsXv3ql1mO5Nxzzw8DhBbib8/4B/7zpS89OWQHLSaTyWFPedJzn/tru+22q0ppmubd7/kAz3Pam/4oZAcVtt1229f+/mv41XPOOd86X6awbt26U055SXT+PP74Z3kpe+yx+8knPz8q59d+9Xj+M9xicLVuwRg848inPfPoI/MLFh/wgHXHHXfMk598aIodVDjmmc/gt+aHP7zBy3DW2Z/nYWaf8pQnnvyiXw/ZQYv99nvs83/9pP3337ekIWee+QmPHXze857zx3/8upTO2zEPwh2qB2FFxTjEra/U31obOYKx2Y6yEtdjPd6XjoJbJOuxHreSIyWv8rUbCNmr/hGy9eavRupN1KVihnLzs6IMTSKCZuqINEFIUpIyxBtGUBnmpVTW+Vkjm5lsGtk0spk1jSICt8xmy81seTZbns6ms+nydLo8nW5ZXl6ezZZVmUY2jZw1zaxppopNNGShlEoHUFo0BNLwlSRJMguv1NsqEoGh0ohUKmmqsA1TCqBOVON1OgG0GchMTGUwgrxUNF3tfltYeLYzz2BtbyK2sinxb3WAiCIL3brVs2t72nYaK1PWz9DMrU7KB0lJzrB254HNlio3woY5o7rxOWQYrPL5QTI/TMy/VHrkaqTTCBDMqDXD18sAgEDuv64Oj92d+LwxDMOWLJTcIG/WGsyurQxiXb3mlMwjOibtGMvPUSuk4mhEJ7ohctxvmLnI1MXTT+Yiunok28eLbxXPaRJbzRCuqLgfYdcHP5hzdeecc37TNF4ezhoeeugTLDdmccABv7DLLjvbn+vXX+ZlkJLOO/9C+/Poo48Igzdedpmzq98rX/l/8prvssvOhxxykP15449uyudP4Stf+TqX+bzn/lqv4rfeehvfCe83f/NFYfhKjh13fMApp7yEp9hAlClwHs7DTjs9yAtk+upXvSwMR6mw22678iig99x9j5dhtW7BGFx08SUvOvmUT336s+PfhpPJhEeOvSvon2uuvpb/fNWrThlZo8VHPvKv7//Ah3jKS17yotf+/msy7OP227EQo9WDsKJiHGJWWZtObnpfqzKTn7USDz3G9a/HelzLxyX2zuYxtep5Pc+fU1F+ctLJyQNddZGTTn5ZipQFQzmBMXi0euoLlJDvG+yJ/Z9YEoGXAHo3RKMR17nVhukmlZecDTlKKhio7isgICTttkZEZsNdSUZzoYJyAhKR0A53eu0LCsBGmZWFdkMkIgSayAlJIaQQEmCJgJYAmgaBAISObarigkoAAUIKpZpAkAgIElAggiCSSAgoERFAqmmEbBch2kaae42sP9HrIK26SmGuhAgj0SFAzX1gelgd+bRoxSCsURufoyf4tnilMtrnb20jaEskxUtPZRhWnU0P73WKjByjwFaB/g0MtyTskBB0LGZ+6aTwXlD3zqCL2w9spNjOQMH5q+MH4dyHsdvVW9MzEusKw1WxMZba13Br3HOujfLdZxi0pQry9FYpKzMvfGu8BeMxt1av3JayFRUVPXDMMUd99avfUOebNm26+uprDz30CfZq0zTnnXeB/fmsY58ZShACTzjh2f/yLzoy5HnnXfiCFzyXZ/j2t7/D3cuOPurIUAinFQ855OCSnfn22/exX/rSV9T5LTdvyHj+pXDPPfdyB74XvfB5fbmWm2++mf/Mu9wpnPScEz/A2KAvf/lrRx8d6RCLg4Ogrxy77b4b9wU8+OBc5j33fKi9EXffc693dVVugYdjnvmMXzzwgPg1ov+5446Nt91+28bbr7rqGn7lXe96/1VXffMv3vqnI2t/2F578oi73lXuU/iUpzxx//2KXAPzIKIzzviHf/23j/HEV73ylN/8zRflC+6wbgd7XvcgrKgYCSLPZqvsqNZ2ak3C/JvYty2b3166tVajERizS7c2tZjtGrmBAq3tGNeQ3b6e1/Me50uuaaCe1/MVO6cFlFW72ELsEiOjomUdg6vPbJn/eZszYZvDqReNLjzVyFFMHgmz/ZVEJF0DSSSh2Fd1VfGDBKTYQVUWWi8bBBAIEgwppFowAZAggVD7AAqQtEQES0sAAI0ElNBoJx1ACRIBURAKSVK/bwmR0PrbmY0GJaIwGwiitW7rXiMdUlXlN/4F1PZ5a1bU/SnMFoueNXxx7Iu1h2olWaX8EpHMiunUcOGWNh7xFcAnCBHn5iA1X+QZPs/gnhGSN4mGcuzNjRr3o4n2ErpDtHBwhkr2MuMW5s10RTBC+mHQM5gl/IKrK8mxFprRB/AlY+Soe7RaZHO+3sHToPtkjdDPVyac4sYStJ60IDEYs+nM5WNsVZDRbcDwKykw397wlLwfrtuIDni+g+bI3mZL3CoqKtYQDv/lw/jPiy5ezwnCq6++ljMlT33qL0eFPOPIp1mC8Prvfu9HP7rpkY98hL168Rcvtee77LLzE55wYCjhllvaHQp/+X89OcwQYu+9H2nPb7r5lpIiHm52S+2zz959JfzoplbCunXr9t9/v84i22+/3d57P8oGq7w1FpGV46EP3SNz1XPo3H333TKZd9215fy2bNniXV2VW+DhuOOPLWEZ77rr7k99+rNnnvlJy+9edNH6I57+K0cddUTfGpummU5ny8vLUsqfb95s06fTqZeNE7H7PvYxfSsKMZ3N3vPeD/KwrgDwB6899XnPe05n2e23a0nBugdhRcVIYLt7Hze2WiMrulltijq15/aPBHQjNSET6NqNHTnAJEfq9W3OthhP92zFzjGQ6ZZFL0/Y9npez+d0vmQ5efMndz2v5yXnUJSfnHRw8kC/esEvS5H8ysxh04HrSQCBHC5fmVgC3fi6FZseb5ffJ3zNi5ZJiCQBkFCCRBVXlJRzo7LIygYQQYetEADaREvWAZJAagc+YyZTPJ5AIJhpn0VCEmRiXyg+UaKQUuD/z96bh11yVfXCa+063QlNhu4kELpJY5iSkMhkCASQKQQIg6jod6MSuXwJCMqgD5MiKA5XP6+KIAoooAEf0McL31VBQHMloOHhEkaBjxtCQEISMnVCQEIH+j17re+PPdSuPdRwTp3p7fXr96neZ9faa6/atavqnPWrtTZqItAaEBUphUSGLFOKiEkxExGCQjRBjWSbMxIxIgX8TpCSi+2oExMiorKeVQRARAV2CPzBKGMUs1FnR1j5J7/PHMiNu1Yb0udrsK9MO3nPWiZ8sMkB17VjBO7Mj2bsUfzy/2Y5+vqPZ88IwhKd0K625HttoQ/7mBqy7CWZEGNNsPbotE403rPoa04wgJw2j+jScs+J8ELhT7E/0Uu7xs05KvU1J8W7zTAb4RSx+7PDzOf1W4+2P7Jx86OoTV/umeVMzW/KSpEe8rgctte5tiS0QCBYBI4++qhzHvfoSz9s1wi85JJLf+kXX+DTVH7oQx/xko961COOPvqorJJTTrnP/v0n+WSbH/nIR30IlNb6kiC/6JOedG52WbWQXnrjm9568dvf1Wl5GPx3zUz5LSNO6253a8sOmsXXv36NL+8/6e4tOSFD7N9/d08QHjhwS4vkrl27jjoqP+YGYULRffv2ti+zt3PHjpa9KzkFs2HPnt0XXfisRz7i7Iue8wJf+brXv/FhDzvrqKPuXGp1ww03Xf6JT15zzXXXXfeNa6657tZbv9m5AKTHTTfdHH7cu/duc5hvccUVV15xxZVhzStf+dKnJetKZhGuOxiuRygQCGYAc+wfdu7eAb5rE3GR1NseELHpQ27qwdj3K2Upb+OyjyAM/eNSlnJnmWdoy416HtCWo/pSW3avk5h6iG2O9QRl5uCtEw7rraMn3y8Hx8WRzdyQr1koy+q5Nft8lk7zkCIGYO1XtTH5PwHrtXP9GnuW+GRWREopVqzMYobASqH7GYIEChE1ImpkYGWC5LFSWCFoQABk1EqB0oAKK0RAJsVIoMxpQyCliFm5mBJUStVudCZAZY7XHFoYa0/u8UsIyvCCgAg2dhC9O76u8MAhPAHGn8u8YBi4084ERM64pfnmOq1KLCkGbyHXzu36OlwFBhGBqXc1S+7O02OWEUxrRvHJhpzTIpy8oxNaHKVnnlFFtnmeeg/2Fo9lQf7xVC3zgEVG5yQUS0e08hcRZjbAXbwdS2ku+na60AHcRKqm0+a+B2W+7oxx+EbJoCf9uiE7Diu/eAfBvhonEAjWEuc+4RxPEB48ePDTn/ns2Q87CwAOHTr0v/7lw17siU98fIuS8847961vfbspf+CDl3iC8HOfa8QgPv6cx6RtDx06FFE1/ZkbgzQhZB9cFxOEbbF6WXzta1/35T3H7enZat++vb58/fU3tEi20F0pjm6lEtuxqlMwD0477ZQXv/jn3/CGN3sDPvvZz2WDXC+77GMXX/zOK7981cx9faN5mmaYKp141rN+uic7CABHhGsQHiERhALBXGi67Kyz1rt6I98sNls1ViX0DAmGiwAAIABJREFUftqsr7jhQ058xbm+ZinPqgcXZI+UpZyUJxvn4xCsB/pNG+79qb1xLMuF9pwIBzkk472J27peMDDsOtEQx78wxxZx0KBZ6d3OzHVqape101yTPhjRpRUFRFZKBSGJQETMYN6FZGZSqJiZuUIGZGZSVWVc3DhRGpSJfGeACqCy2e+0Qg0AgIyq0ibwD5mRUDESaASlDOGqTKZSJEK0gX7MxIyW2jOBhqgALPdpaEE/KojoYipNzlVLIdacLoCPokc/rgGRldJFg2C9kIHPLq1JesFIRyq/KcAg8+46x8Ckw+spuk7JPtpKe9MYwU7ucAb04Qh78JGZg1rMtPRE3WwHPk/zUhMGSMkE/2EQy1DTkM3RbicvY0Tzc+iJaAlOnYN0HH0yhCM8Jua5rPo0XBwrP+cVh/FimsuOly29DJFvEpR9jK1vNdyEZi89bxJtrw3MjjG1hgcS/IqHaB1qrG9Tg3pfSljzRn69EQi2PR720IeEHz986b8ZgvCTn/xMyBK1p50853GP9gThtdde95Wv/sd97n0vAPjQpf/qZfbt23u/+52atp0/n8ETWpfxK0FhIxOG1oPNmE6nvry1dahnqyOO2Dm0o0VjVadgTjzlyU/0BCEAfP2aax+VyLz+j9/07nf/3ZwdxVNlARk43vOef3jsYx516qm9ljY8MogaPFIiCAWC+ZDJ0tFYMjBFxifQ7iZwWeNm0rfR7zkKBAkm4W/88I1vKUt588scePydZwYL8jbNZ1En2/SkUT07Vi9py80YwrqeEYCMbYgATPb1bbMqoOkDHFdlQwtN4KDXozUhEpGN5FOsQAEiIhFoF2FmMpqiAqgYNDFUDIgVAIIm5QlCBQiAqKY4ZWClSAEDECAzTJSqTI5QYkICpVgpZcMlmYABWLHxOTIoVTEzmBBBo9XyixgGHJgXdxAQHV9opV2cZfTAD9OZlpyYqfsslUxTiZa1+ZeVaisW4aGb2Wftg0fd4TToLm9mUBu0DQ0Y74iGjn8UHZiNGozOfklzpzFpfeep7HlqOsU6LclWpoMwSH9/AjXzndvXz0kmF5sXbOvqjsMv4j00h2PQJEXsYq7J+wGe+Oh14IPYwXCc05mfVd7Sr9NT3DvbGxXJrIPglRZbVzKqqadvj+2Xduct1wiEV00L5zoLR1iYk15PojDqtPzLNfiWkttP2Xdm5kRLQLb7ppHcDaJTUNDQe2Dju4q/eBpJiRviDLkx8DO8fZJktYZm+1zK2a8QmA5UosRa4s6VDT523x84QwM2Hssm8UJWZ2ptS03pUur8tpN+hRAIBGuFI4884ilPeeIHPnCJ+Xjph//tpS990c6dO/8lCB8870nnHtm61Nk97rH/1FPu64O0PvKRy+5z73ttbU0vueRSL/Pk856QvflEmp/ylCf+7AU/1d/+PXv2lHKftuO44xsxfzfdfPNQPeGaf9de23cRvm9/6z99+dRTehFCi8aqTsGcOProo/bs2e2DF6+++ppI4LLLPhaxg/v3n/TIR559xhn3O+GE44/bs+fOd941mUx27JhU1eT3/+B1/iqIcNxxu8OPN954c1ZsKHbt2uU5+IMHD1540S+88U//KLtIZ4QjgxSj7RemQCDohHGQ1rnezA8EtxxK+Fs88OU6n639vVBHCIZ6Gjohqofaxwu2edPfG5qTtvUhEc16zOkv+p9jnQU9LeXUdy1lKXeUJ+EPSSlLuXeZe8lzo54bMjBAP0cypbZRPTT1GCO8PJfbBmXnN+NQnsO2zKUxiX1ufhzsp0aYTZg2ksOEog1Xb+jk8ZcxMTGZHcpqshZqxCmzUoqUIq4YFE5gJ6IirUltATAwI1cmoSkAM1S+ecXIzIwVGIZSuWFF72wlZgBQ5qEZHad9qrFPbelJoOT3pxkKw3Hm3geKnHcN/QWZLNZkBcGx0P9YlnDMPamyIHeudw5j9stZ9mNEgcyMns0jUqGNThs1km87zdKVY2YafkHdZWd7O33VfNllUTexptqlDpo3oIXzyMov3qjBBgyab138zQbcB9L57O+HS7j05pkDaBIZrBqbmK5WIBAsE0849xxPjRw8ePCTn/zMgx/8gEv+V83tPeEJ3fFhT3rS4z1B+P73//NFFz7r059uxCCec86jS21PPvkH/LJ8Rx5x5D3usX+Oo+mL4487Lvx44w03majH/jjhhON9+eabD2xtTcNFAUu48aabfPme9/yBQT0uDis5BfPjrne5iycIb7nl1mjvxRe/M/z48pf/4tN/5KmlpSK/973vl3o5rpk/tj0xbE884P5nvOIVv/SiF788zM76ghe+5LV/+Dtnn90WrWum7r59e6+//ob9+08alIdWIBCkYI58toi1r7TpQ7ZfqLFuB73821i3zclA6osOyjizX50B1Nr49qUsZVueNH9dS1nKSyvz2G0d/9fkFxoFt0pgRoDjF0GKfdUVGOxNdDIwemtq2wKqz0Ufmn9sl8f1NGZkl93hHUmO0HONkZkZKsVUVcopNxGEU9tAERExEqPWiKhNulFAQGRCQgAERlYMgBoUQgUAiEgmOpENYcjEZDgdJKWUWXQwoDMZzCs8TADKvkUfuZ45Pg3ILlqDIXiBodGm2+e4oMXABAYtvuyopoXVK9F72TjRlvC7sQjC0pwJZ5qPP+sZmbcRE6lk5EYY3wfL5wU7w/5KJrWEu0WT0JebT5xFI33GLbHv4Vf60ojD7C2xwBp2cK5BKxu6Nq6pC0X6VkfxnYmgIniPqgi7gO4QUyIF3fIFUztjB0dE+NRYOe0tEAjWDT/0Qw8Mg5k+dOlH7rjjDr93165dZ575Q51KHvOYH37Dn/yZKd9884EvfenLYX7R+9z7XiefXCTD7na3Ez079ZWvfHWOQ8lAB4lAQ9z1rncJP1511Vd/+IcfPkjzXYMIQgD4xje+0XKMBnfcccfll3/Kfzz55HsM6nFxWOgpWBCY+dpgIcldd2rE0mmtw3UHn/bU837sR5/Wou2GG24s7Tr66GPCj1dcceWsJjdwz3ue/Na3/OmLf/HlIeP40pe96rd+81WPf/xj29v+2Ztf/9Wvfu1e9zp5FEsEgsMZ9osxNn6N+gjCpkMx/A6NXtD5f31N6B8OFWLc1m8Rkl8kjX6TVl6+qTO1ua1ct42Pa5geKUt5QNmsXCYQbBdA8UO2ovfO4Y0scxeIQaMBuMg5jFZHdDLQDgZmIGYiIiKttdZ6Op1qTVqbGltJpIk0sTaCdg9pPd3SekvrqWatiTSb3ZqJiZiZmO1//hgC68wOIGJiW+nsAmYARrOFiNe0SeusOv/+jOM7u71w28l9tkHHMr+pJXYwZfvGihFsQSrQ3jayJ416DGU26LQetljEORoUOxhVZttGlc2PS6M/XQboVWDoaVrVpVfo1w9dIXS+oGyD2MGWdzh6tA3yi+clkkKHxuSvR4vEqszbJ0u42OTZIRAISphMJk996pP8x3/+5w/9/T+8338870nn9gmMu9vdTnzA/c/wH9//gX8OEzY++clPaGn78LPP8uXPf+GL//7vXxh4BA3s3NlY5O+WW7+ZFbvvfe+9Z0+dOvKv/+bdt99++6COHvKQBm/6t//jf3Y2+cQnPxN+3L//pEE9Lg7jnoLl4MYbbw5DVPfu2xvuvfnmW8KPD3xgW+rO2277VgvtpxQ+8Qnn+I+f+9wXPv/5/29WqxvYu/fEt/z5G6JMs7/+mt953/s+2N7w+OOPe+hDzwxjWAUCwWwI/KeQcbKO4dPtaJDZDa17BYINhvKeC9nKdtttYfG9GDdXri/21dFeMMwehKk33fMPfFQgcxKV1XhSkmUGs2AicKzh1PyRnhKZ8pbW0+l0azqdTj1HGIDZpynVRIYmJCJHFAKz+1xX1k26ER5GlDS1Z9wPoh+z+mNUmW3SIrAmmD/saRHH2Kmzzynw8CuHtTTxV03pXGe79jArZfaBl8w2ifR7mexRjzvyPQfz8MGIozGKqj6UXrbr6Mz6u2LbrXIFWBnT1n5n6KNhAXaNgP52zXP42w99xsGNVyw5dC4tZ8wDmzJvxggEAkGKx5/zmPDjZz/7uXpXVzCTx5POO9eX/+7v3hfuetzjivlFAeBxzeyjb3jDm4moZ6cpooSQ3/jG9VkxpdR5T6oNPnjw4Lvf/feDOjrllPvsC0ip9773A2FAW4qtremb3/y2sOb0008b1OPiMO4pWA7e9Ka3hB8f/vAoM2fjW+63vv3tFlXvfe8H2vs699xGlt0/+/O/7G9nO/bs2f2GN/zBgx/8wLDy9/77H/3137x7rC4EAkErzBfm2jFjlxTMeWWh9slg/y20yxT6Ku+VrWw3eKssKy9b2W6PLa+iX+iUAV82H+sHniMJzWd2L8UkD8aYkzAkYk0JOrVhNOF0Ot3a2ppOtywROD2kp9+f6kNaH9J0aEpbU5pODX1IW1rrqWlKJu4wgqUPSWv2ALD8IZNmF3kYGB8I1mUmM2C1D9oLMQBj7CNLBg2yjj9sRSgz11eUsZFaOKjhIk3r6Do7whG35yuZw1nTt5e0x/RaaLfKQDWR7m2fLRGPmJVv6T17plp29cEM47kNMOegzdxwceAEvj4VHtf4lvkT1GMrU4grD3db7QktXYaFgV3ScM1zjQxF9HCP6zH6QwbFZqVk8xVAof1DrGX8X+v5DV808V20oOVWnBW2vYwdPjjovMx5x+vst/0hJRAI1gdnnHF6lHLTYM+e3Q94wBm5Fhk8+lGPzNY/8IH3P/HEu7Y0PP644x71qEf4j1d++aq3v/1dnQTVFVdcefHb3/nhD/9bVK+UCiPz3ve+D37/+/nl5Z7wxHPCj2/7i3d88lOfyUpaw6686uMf/8TW1pb5iIhPe+p5ocDrXven3/3uwWxbZn7LWy++9trrfM2FF/5sdsxXgnFPwaLBzH/7t//vpUG/u3bteuADGjGC0dh+5COXaa2z2i798L+95a0Xt/d41lk/tGvXLv/xc5/7wrve9bctP5FuuOGmyy772Le//Z89jgaOOurOr/3D33nMoxuXzxvf+Ja3vvXtWflDhw595COXvfa1f/KhD32kZelEgUDQD97XCl0eV5+hbNi2o1W3p1e2st0+WxX+QpSylDe7DF0yUG47axn69GukjHyQjTN48IF/9ET7nB4IQxCMBmZ7JTfDUIBsdCEbWm86nYahhFpvadpySUd93lEyH3UdHKiZiVkzE9lco5aK9Da4CELznwk2JG9b8FRvxBqySzDqTG4MQ/mrQdsiT4etb2uZXuD+lrTzne2nsmd9JFDqPbx8fI1h+KLmpWjCPsGIoUx712n9/OhzdgRLQH2Dm09Jtv6wvcVtCjh8wnVg3lPZ0svy50n0rA++irSMQ2Kk+47UrGxjB+e/9dWrlyxr0OKOhnQ7OkcotxSBYIOgFJ4XxP95PPUpT1JK9VRy3HF7zj77oWl9GKhXwotf9PyQgPmLv/yrF7zgJddcc20qScQf//gnfuEFL3nOc1/4tre949W/9tuf+MSnI5lwbb/bbvvWH//xmw8dOpSqOvWU+57/X54R1vzSL/3yxRe/M2WSrrzyqpe89JUXXvQLL33Zq/7b7/yBrz///GeEQYSXX/6pi57zgq9+9WtR89tvv/33/vvr/vqv/4ev2bNn9zN/5r+Ux2MFGPcULAjf/e7BSz/8b89+9vP9gpcG55//jCgRblVVZ511pv/4xS9ecfHF70wf65/81Gd+7dd+u7PfnTt3vvrVrwhr3vTmt73yV3/jO9+J09Lecsutf/S6P/3J/+uCX3nla555wUXZiZfiiCOO+O3f/rWIb377O971ute/kSi2+bnPfdGrXv1b//Pv3vvrr/mdi57zgj76BQJBCVj7Wr1ftOh3hUJ9exnaZaCHjJSlvF3Kk+gntpSl3K/MveS5Uc8NmTi9ZJt+jmSybTnRwxmdXJBnzut39dyQb8R5cGoygw8EjHRibYlhycwqfQyAVhAZ2DKZyUHUnwIm0QsCESMCMyCCUkxkQgoNBWieb0CEmhARlUJmxayJKyKNiKCMeRMiQiRiqlAxELNin/iUiMw6vozmEyKqaDFTYET0ppoyE7NqHKgNFmTu76gqSfIQJVltK2dZCic8j/B4w6GOVLU0H2penxHueQqMWMlZmaUAjcEtDfsQhyUeMezFVIaFaBpn20YNUwY0GvD0fA06I6nO2ea/YBTY+9vA09H/pC//zA6dkIvDoLviuiGdBul9o11D9u7RX/8o4FYaq3QA9beeYuMepvY452y+7gxBY5S4UD8buC6kyrL6209xKjz0Qoj0y2NCINhcPP6cx/7VX/1NVHlOM/VoJ574hHM+/vFPRJWPfnQ+sjDEvn17X/nKl4ZUzee/8MWf/pkLH/awh9zrnieffM8fOOrOd775wC033njT5Zd/6uqrvx62ve22b0XanvHjT7/sso/5j//w3vd/5rOfO/vss+5617vccccdDz/7oT6358/93IWXffR/X3/9DV74bX/xjve+7wM/+IOnn3rqfY/bs+fGG2/64v/5UnhQV155lS8feeSRv/GaV/7c817sa6699rpn/defe8QjHnb6/U7bvfvYnTt3fvmqr7znPXHy0pe85EVHHnlk57AsE+Oeghnw+7//+pDZDUHEtxy45fobbgwXHfR45CPPvvD//tm0/oILzv/kJ2vm8uK3v/PTn/7sBRf81P79d9+xY+eBAwf+6Z/+5R/e+/60YRaPefQjz3vSuf/0z//iay677GPP+IlnPuhB9z/1lPvu27f3tttu+4//uDoUuO22b33nO7cff/xxffRXVfXLv/ySY3cf+653/a2vfM97/v673z34yl95SVVVpuaLX7ziK1/9Dy9w9dVfv+KKK+93v1N7HoVAIIjAbJdlYsacvzcoY8ND2t+/je0y5ot9a7/r4Z+XspRHKJt3eRC8Qx8Rahen1Ev9RtUbbs3WAzOsot8OeSJiYGJWJoU2u6h289zx7CCjZQ4x4R6xfvY5zt9Qd0DM9gUX5bkN1FojAnr+EQGQEUGRQlSaFegpKmSEikEhaqURES2paOypuT9iBiZ2SU2UUgBE5FlAZABWsQ/L7wWM6dXQkYa5VpAgG4LWzsqENSU/3Up80CWqaSyFs8l0Dnu7kuxo+7malkP3ZYnqSwVCsSx3mOppP/CUHYzon9IkSUnBzrnUUyA71UdEliVdEMc8LrosXLGBgwj1cHb5mbycA0gvnGAChL+3VoDsAPrEkqs/x01kT1mZmLE/M5dk3KwwYx3QXjmZ5h4/Dmyf7dkj7ZpR3Gt8XE5R+62pQ2cO3troMRE9Bbr1NMfIXD3tBiH6l8MWjpZjWauLSCAQtOA+97nX/v0nhTkw9+3be+qp9x2k5JGPfFhU84hHPGz37mP7tD3ncY/+1ktf9NrX/klYefnln7r88k+1tNq//6RHPCLu9KEPPfPMMx/06U//u6+59trr/KFdddVXf+//+U1TPvLII17/ut97xS//esh43XzzgUsv/ddLL/3XbI/3v//p4cczzrjfb/7Gr77mN343rPzYxy7/2McuL9n8whc+73GPfVTLQa0KI56CPogerNdff0PI1PbEWWed+Zpff2U2zvUhZz74gmee/86Ab/v8F774il/+tVRy165dj33sD3/gA5e09/Wyl7340KFDYWrTgwcPtpzrffv2HnPM0f2PRSn8hZ9/zjHHHB2uVfnBD15yz5Pv8cxnnm8+3nDDjVGrG268SQhCgWAeWF+r+XYd+1cDfy+kvEYoDyU/LfgAi0Y9ZGTy/Xbor+thJP/zWHqkXuqTevO0DhyRDaek1Ev9RtVDWA8r6rdDnu0ifD7JJnCdcxOYGYNlisJsXWGiTvuwrIOCIZRxCwYSEbn8otpnGd3a2to6tDXdOjSdHppOD023Dk2nWxbTrak+pKdb06nNR0o0JdKkSTNNaapJ18lCbcpRn1M0cNc184zNn3YvRBqsk3aR9jiiASMi9WmmBNig5ssEJ4gEMIGp9Bk+w8poMrcj1ZlVVaIkU7FwZUFfVkpVVeXLJf2dmOEABZuCoTFhafNonrRQ2uNOnrTT7IWzQVi5zf0H0AuM+3BcCVqn6/LOSOkZtDQDBmElhqVPwO0xAwWCwwfPeMbTw48/9qNPHarhqKOOihKKPu1pTx5gwI8//S//4k1h0s4W7Nmz+4UvfN5fvO2NRx99VLr3ZS99cbgSYYgo6+Pd777vLX/+hsf0CHPctWvXC1/4vJe99MVR/bnnPu4v//JNe/bs7tRwn3vf6x3v+POf/qmfLN2lQz5pz+4OhSHzuue4Pe3Cx4bCZcp2xFPQid27jy2doz54wP3P+NM/+cPXv+737nznXSWZ5z3vomc966c79bzrnW+7973u6WuOPfaYrOSd7nSn3/zNVz/3uc/uY94zfvzpb37T63bs2OFrwvN1bPkUXPDM81/5Ky8Ja973j//ky2effVYkf9ZDfqiPPQKBoAQOXkdchF8X2uVDmfXxe0u91C+mvjr97Bf4rKPNLUi91JfroZc8t+iBAfpjPZDr164o009/5I2N5CGt54Z8c6/j3hObIZHHrVv/0TrN7HKEzIwM6N9BV6gAgJlqvw1CGMYUuXQhoWpMPduFDb0YN2sAoEIbb2iyjxqGBBANU6LQ5ty21eCACsG1AwRUlRFg26SxtI8hV+w79UYZ1P5T50p1yp097R607K4W+Z4KQ4FUuFP/DJhZZ9QQewxaTwz1FUbJTktGRjO2cdJzMln5aLZka7JGppLRrqxY2nt2PcLscZWOJRqTqOus5dlydJqiXaPP1UVM/sWhZQ7PtqsPonvI/Jd2aUqEsqW2Dtkjsnd993jKquKA4Ol1IGb0hhjfgfZbXHrHzrZaFXozVdxlc/GGlqptuT/0xByTNr6b+T2pcMsNKp2NHRcARh+H2986ThF51qk/+oYWqs+fHfbuhm5Vs6G2pKsjANh397vN05dAIFg0Tjnlvh/96P/+5m23meCnV73qFZPJpEe7Bk4//bT3vu+DW1tbAPCwhz3k55777EH3mRNOOP7Hf+xHTj/9tK3p9Oqrr8nKnHrKfS+66Fmv+tWXPehBD9i5c0dW5thjj33a05783e9+94orrox2XfDM86PIyJ07dzz+8Y/94Uc+PMog6rFr164LLjj/t3/r1Wee+aDsmJxw/PE/+ZM/ds97nvzNW795080HUoF9+/aef/5PvOpVL7/LXU5oOfw9e3a/2+UjfeYzz//BM+7XInzMscf8/d//oylfdOHP3vve92oR3rXrTv/4fsszPf/5F93jHvtLkmOdgj7Yt2/v9dffcODALT2FTzvt1Ic+9MzHPe7Rz/6vP/Oc5zx7796OxwoiPuTMBz/yEWfffvt3v/a1r0d773rXu/zET/zor/7qy4855ujdu3f7TLDPf/5FJYoUER/0oAf8yNOefPRRR33t6q9/73vfS2We+IRzfvd3f+O8884N13QEgDvfedf73vdBU77wwp8NKckIp5xy3zNOP+2SSy61Cp94zsPd6p47d+488a53+fKXv8IMe/bs/oWff+4DH/iD7YMgEAha8Df/eF3qH1aomn7d0APTrFdJvQrlVaG+0x9eKtutSvW329larwbKS73Uz1yPP/lL/2fVV71gE9HP/cS9Pw1p6XJB55pwUlN/4Ja9LhYw2eW8J9zY6QXch4bzhXP92RUJD37l5wHYhN2x4diUYgRAZARGVhUSsMlEioBYAapglT+oE6yZrXfxkLZ5P30IFCAoBVU1qSpQCpVS1aSaVJOq2jGZTCaTIyaTnVU1qarJZLJjx+SIHZMdlZpM1I5JtWMy2WHqJ5Odk2qHwkqBUkpVqppMJlVVKTQqVVXtqKoKUSFOlKoUqspRKcaSqqqYzSFiVVUIjnRMYA5KuePqzwVmxbICiEhEaatODYtA1Gl0QpeP/v2mjHXLmfLb8Cxkm5QGpEVntKu9iTc44jPS7iLJ6GNWJt2bCvsaPwlLTSJrI1NLTvax3MopUgPG1T8WAsOSx0bOZnNcmxlG03mx5I/IXCY9jrd7CmUvqEh/S0d+8LP1pb5KqsJLbChNPtu9t2R/z8uQfaruon5Vmpktb2b0P4r2tKhDgYjN923Dr0WNu1xqedSnGxi7RHPxztx4c2kmm4cQhD1OaGwtQWYeNkhHV4xmYPo2mK/PPryK+rsmdjieDznrQS1HJxAI1gFE9KUvfXmq9Rmnn+aXPRuKQ4cOXXfd9ZNJtX//SfN8XbzjjjsOHLjl1lu/+Z/fuX3r0KHjjz/u7nffd8IJx2fzSZYwnU6vv/6Gq79+zX9++z/vdKc7/cDJ97hPK5H2/e9//+YDtxy4+cCBA7cCwEkn7TvppH3HHtsrS6rBt7717ZtvPnDgwC3T6XQ6ne7evXvv3hN7xuQBwPe+973Pf/6L+/eftHfviZ3CBw8evPnmW4466s4nnHB8p/B3vnP7rbfeeuyxx/YJdjQY5RSsCW6//btf+9rVt976TUQ85pij733ve0X5P81gHnPM0cd1hWMaaK1vueXWm28+cOCWW+84eMfevSeedNLdTzjhBKWKc/7222+/5prrTjzxrn0WJvze9773pS9ddcQRO0877ZToOiKiG2+86W53O3ETT4RAsFZ4+vM+6sNAfGUYj1CL1tchhoJJKbxaA73x0zDUDMlPDkyKmNsdvcwYHVzHm5AzthsuJxB4GILQ/KqXrWz7b6GXJDdqeIAGaNFj9nLcipqSsX5H4zXlvQyHOiGqB0D28hy2da2YUku4YYM14eBVz7N+LwQbx4HK5OYkAEJmZGYyq/wZHk1VAO77JXO9sk3sh6Xac6SUMmKIUFWVUqAUVpWqKkPv7ZhMduzYsbOqdlSOL9wx2Wn5QjXZoXbumOyoqh07duyYTHZMqh1KTRRWEzWpVGXyLlZYGf5vMtmhlCEIFeKkUqrCOEmjsVAhVlXlKM5i2kYhCDeRfYMvAAAgAElEQVSLIEy5umw55IAjkruPnhaF0a6ec6Z9b4kXjIaoxCNGu7J62mnFbNDwOjNza4IZCML03G0IZicIZ9CfRZbDHotLztJCPe2Zua9xCcJIebK3o68WgrCkvGRDf8xzIRhb2gnCpvwmEYT9vyR4Sc3UQhAiAEKv1UYXRxCGu858yAM7LREIBAKBQCAQCJaDpz/vowAKkN0vUwRgTGoAfBozBlDOBwt2YXCXOgeAAVXgoVUAjJn6SDMjtO2Na7zOqBVGPu1IZ3EvRntjPd0aZCvbnluThIFlK9ttt4U1sCGzDSg95R9ZIUL/Dzr3jm1i872xk2w09HyhCzUEsAvuat/S9MusDY1oKhFBEyhCJAAwawAjEjIiaARUAKpiZMM5Gov9PYRRMwOTyZGqKrJpTBnA5kqtXWwEgETmyNyLQGiO0/+5RYLlhZdlY5BfOM0omBXrww6WeL52JnhQBOEMBKGv7xm3lH705EFEpqYxghHNEDbsY2o2AGsRdNdsvvL1QZbOidjZTTyuoRh2mG5l2ZRLyc4HDJ5pc87BGe5Iy+lrPPizkO+9tK5enwjFmW8CDdLOKGin0Rqjh8HWPM05qBltkA1zuIRrlf0rw1hb3z4eQ188yr6j0BKGu4jo8A18PUIgEAgEAoFAcDigxbuLhXKfve3bdvn2vmQr203dGoIQ61/yiMD+V73US/1G1QNYWgzAejxW0G9W3vGC6GTMNciWWHPRhPXViDZndTPYnY1riv1lm8ITMGaBQwAgMjYoAEY0PJ1GRKW07U0haET0hKIiVpqnyKgJlVYKDJXIGgHJETwuklKxJrbrJCKTX+oQGYG5ztFqjGHvb26QTLUjDOw79Yv21K+cCZg5L9y6YR52sNSqxI2l3GEfb2xLKtE+saee5Evl/UT1Ht4o2CVlASP5SI8Jb/UNS67bUujSQnE4+JG3H0c411ThYUPRnPw91Jcz5Q46C6ualj1jv9KamQ3OBiMu6FGSvr3UifTENQ82VtmkD8NWJjNDmwnLuE4zCYXAXBYtHGF9vLMaOOKhbfs7tkAgEAgEAoFg+8I6Np1LNfLHBv5eqD2pzh8bymPJrwtoUsJF9YF80Fmu3w79oZ5mPXbI99VTkp9Vv9QfxvV1BKH9FclBWeqlfoH1PIceztV7R0hPPVy2h3P1oTw39Bf75VTePoAA2K1ECAisEJRjA81/bqFQMCSbaW8cZs6ONJIAXfS892o5HgJNWk2FwMCERERTre0jVylE0NoG9BHtIEXERKyRFKHWasoECBUiklLIZNZLNM9pxQSsEBgRlDWVTY5VW4ZgcM2NJwho9C5OyyCCWY1xgRzhQh2LfZy/a8hAzO+wLqUVDbc92cHSx2xHMxCEQzlCL5aOUksEYVYsDRaM5n+nMZH+lGJcKNZw6o6LDT3AGczunm8RO9jKihSyaLZZleXUW+qznUapetfk9HXmdZyNIwzvq2Hz9L2E4Sa3op0Q62gbNiwpSaMB7Z0SOJmiS31NIc9QeoM6TnQuyLFx4pr712T2CgQCgUAgEAgE6wFHZOT9uhgsJIWz+aWhUz7Ij5Prt7f/GUfyq4+lR+qlPqk3BKFBmoFU6qV+c+vTvS3yvDQ7LWnW9CcxMDIyhrGIAOZ5iDZhqKMWglbGLZgcsY0gJJ9t1K1fSEzIDASIxIBaawBUSpHSGhiBCRVrpC1kpVhpQkSlgZAJWBMrBUyskdHGMTIAI5kUo6iU4VHBUppupUYEZPtkNeygrQ9WVTSGm5ApP1r+gBbq+hwVm+jg6z+kkTO0xLF1soOd+lM9Wdd/SWFLCr5S8tJ2BjFa9ql9xNLVGSOFLUlHAUApFUYZElE67CUDFkqQFBigbYXNun4HWVuaNj1paSdtXkBhf1E0+f5tOCXmRPZ9iNyYo3uZZkYs/HoMTn1/2DwOgW3leGsjg41nPwBEQ1dnYljZZLPntLDXvfQF9pC6vr2UHlVpdtnO+/9s2JZ3coFAIBAIBALBdoH3rELiX432dsq3+GlL5ax8fz+z1Ev9JtWHBCEnW6mX+s2tT/d26OG0vnadjGYnu3ScFShC53ZDYEBmt2UGZFRos3UimNC8Qr6r8BjMq/4cOpj81nB0FVSsmIm0sQlRKWUdgKimSgNtWeKlQoWKSBMqhYqBIxAxIhMQgkIgZmS7UCGHLIjJmtjihm5yhGCiLDujx8bF/ORKiXzaBpghMq+0K9xy4jgudRGq7cwy2hkd2MIsppWjs279owk9X1iyJ9SwUB49HdKVuJVHOcbsOpEtMtsSJe6hv4ZOsj8avzTWqv9dpYSh0beLvkzmgRux4lTciMdKGu2HzOPG/K3w2mw5BcXYcW5N08vF+3lDqlnTGZ/aB2s1+QUCgUAgEAgEggK8ZxUT/2oU79EpD8AUvWvovq0X5PN+XRzRPyz1Ur8+9X4NwmwElWxlu7lbWNe5DYg2i6hCpOYr+faDiSYgAGD7zj4jIIS+pvgtdvb/s1PBVpOJTwQEZCIEJNRKIyExKQIEpRUDV+jIQmuaQqyQKtRaodJKIVWIhEohaeOhUsokL2VEQjarKRIzMio2ixEyMGPoIQvcYcwmn2jAetoB8sm+Nwcb4b1NsSAvYRqfl42kSWk/7wovyfdkB9s9uYO45zB+sZPbgByhmGVDwxiaqBxFEGa7SM1eqMM3PKjt51ne9nTgSoB18pP4Il0EgT1bxs7FnnejG2e+ZFbzxklgbdIvI5g3lpooBXnPP8jZluHUamk47qi1PDUaN+RhShtHKHchgUAgEAgEAoGgCQy+2kee3uzebE27nnb5jEe3R41sZbt524l5uxfA/jiVspQ3pQwdMjBQvncZZm0LZrVB+9kkB0W3w9YhAKNJdG06a3BnJv8oGrlmQipgYGWTeVr5OojQZvk0r/ITayTDTCpGRJxWU0AAzYhASjECYjVVlVIa9VRhpUiBVshTRERCVGDXIGREJmRSrIhZIZMhCAHAcYTEqFhFcRthSjqGKDJyI5m2wxlRjEv/AL6QDkxbpUxeGk3Y0l2f+KT2zKKhhWGhM1dqf7d4FM2WNjERhC2qSn750X3N67PAWz/wIINXGBa5UMx3yrjP3bjPtZCt6RztQdF+nQT20KGYnz40jzfzak5mb35+9jIyfI0ge2gjzeTsBDBfXGL9pdDwLHqPbSllAmIr7Vq/BjzGMLS/DtKQdK9u9VUbDHA0H5b8QsZG3dsFAoFAIBAIBIcPvE8VobEek32/Oleu5VvLGf25curjbe9rjXzmUpbyoPIkerFbylLelDJ3yEA0t7vke5d5WL9BNVvaA8As1GccfcQmiagywXRcTYCJgczSg0YfApNZoI8BUQHU3dUwLjMTLOi6T31sNuknIQMwIypdUaW1BmQkVFSZtKJMRESEmkhrXQFo0ycCqomhSAx1QQDENlqQAExGRA7TnKYerpBPclUKmv6y5SOkajolxaEWoj1iL1sZLmDWn+pLOUJzzkLPbGeu11IgY0kynMCdGf+yGUTTGETP/NkVQwtZLk0EYRRlmF3mMKxcEFbLn414xc2f3HJbonlbQ/saWRlzDleJApktEC1i8dtv0cvkg3mOxQX7HHVUTm8+8+gfam1PsVE6XULg72DCz31/seMPkA0BDzswX8/87T3UtpzI5sP8picQCAQCgUAgWG80fKoQ+2DDb98Z+cWUl9mXlKW8vHK6BqGUpbw9ytBDZgVlJDakHyMhggJgv+wgASjFZNYddJGKlmlzawsaFtA+CtlkK2XrgyRARsfLAfhlFW2InqE3rQ4jiUyEejpFAJPvlECrSQVETJr0lAAJp4TKuKs0a8XTihEYgIyHThGRQk2MyMigmVijAlSIlX1+IoNCRAWARIAICgGVST2qXNAkuJtTzIUoVQpAhP7urZShmQf9GaY1QUQmDR2ELH2VhozUZJUX8zGCzDUZGPo9TWZad+oNJ4FGVdAk7Ld5Xfl8d8ho2XT3PRHrENxGwG1MRoa7XGRr2AOnJzgdyTj00P+Hbi+bAket3NCFttnYI0BEpUyi3pD5aCc/Svzlkum9kAAepfc+GgKZjosyZGdLNrvKGe2drVleV5O6C5gI6DpUDKdbY0cQxh125K9S87rJEDPTSMEhreeYKll+JVsO5ZMTnQ7F3GgdwJQQinal9+2Wt1hS+7Px0O017dOJW2d1Rr+bXumhFXpxN87uV3Tylvhrwymq2dnwTSmv3y4CXT6snldAPPhZDVxvjDHRUWYf0z0viqJA0L1NJ9EUXO1rHwKBQCAQCAQCQSt6+lpxoPw85WX2JWUpL6+sAPyvVNnKdjttYQ1syG2N05UBbZSd4TQ4+PN+NUQwzAYCADCadQiBQ68XMAAjhtXGixi6fbxfzzinGMMgPxMqSFpr0gZTrafT6Zaebmk91VoTaaIpEzEzMRETkTaNmDRrIk1M2u4xYGKm2hJ2lpOJhfSsh7ez4acK3aOhV3QeZ9Zh6wgbZfRCtCz15/2zGM77LEHRbOcsQ3BRFeh6ykgHsuAuFNcxehdo4BHG0Kjg8rKrgYa7XE19SNB03/fJqYhGSajcpAbuACjlSkG/qJTyO7CuS4nqlvSnWZpBECGkGIMZNgNmbpjT1aC7+isPL76S2sbf5s6LtZzS85rUTmQu48WUaILMqKTjjtTE7AGXDeXua1PwhaqILj5yAFq6qol9hnluEH1yXCcWcZd1AoFAIBAIBALBGmJxnt6x9MhWtttkq5p+eNnKdttsYQQ9ML5tLr+opedM/JR1zTIDkyUTbGQUB8wJgkPiHvJxVEUPUOAisjlGzX9mq7U2W621njrorel0qmmqaWo4QKOGAnjG0NOH3ACQ5QI5ZATdTi8f7nJ2cnwcvibcVcpimmL94/zGQpZS7T9QLShRUGF9JnbHcWMZwi89JwhgYlwLJyxg0xzr1ugCICb4Smc+PxTpEPnWLQceE331ocf1ENB+Id/nthkuMGAJlacGc512cISCTsjQbSKiqyCqjISzd8I5b4xzovimRflaHjpRV3uAJYx+uSWHub6Xc+ZB0/vWPdvZ9A8ggUAgEAgEAoFg/ZF6U13Ewyi+3DE8xnkL18EfLlvZDt5OvP9WtrJd9JZXqq1DnnP10EuSs20LPXqwyf0ZJLtiIISqFjAXqWMU0wAmRxlysDXNOBSr6wGYGRHIBkpZEBEiaq0BUAFpIKWISJOuzBqEZslCDyNfa/VWEINCy3OyDxhkYgYGk1HUGMBsqhkAARXYJI7EJkoSFDeszsDXdyZ7bKnsuXdDEQ6dL4e3/xLMrEhlUuav5Neu0xd6jydilCTRnX2bGNQrLNnWTArqP7Bv2dhpEunaHLwAGbeoHYn8UbhKa0xQbskuGw5yeFto9BrY4m4vdjlG08o0V8CM0Mgm6q7rqqrCRKMR1ZHNPhpeGu2nPntc7eh1vpaFOVftKt065tE5P9IEt5HA0PX2ShfvkuENy15TQ8c8WoOwpCq6E46V/7ZkUrtA5314bItWBn9rSw8pPAU89iFHjwbOPQmchQC9E4qOBX8PL+0qtUorV36bEggEAoFAIBAIxkXGm1ry6KbyBQ2L3hYtlK1s135rIghBtrKVbWYL2XqeR6cNI4pWd7IMCUJYZwXYkolMje6tbUFuUicNHKqGWktN8NmQQXYJRt1HYiBEBjDhgNpnHiXzR7aViwAM/gtMsjKNfKeNsEJvT2pnMCSYZV8imZYmnZBwqywizikNUCs1bI+DCZXYLUKoMxDOROaFxtRliLss9diCqHmotaQkOt6w3kz79h6zyMYFhpVhBKFqJh2NzMjWpye0Bf1nS1Y4uketp+d64y78eQxOT+7anpf+iIjAUrBgtm3LBbI0dF5ufm/47BxE3o8SOD4aljLIyz/qtKO1pX437JYnEAgEAoFAIDiMkXpToeRrtQ7GsJ7zkgveFi2UrWzXfisRhLJd3nZbRhBCqW1XBCEAIANjnRDRvV3PtYB7vvh6tDlKjY+JwfNwAICGi/PrDXLoC/YWMJsKbtoCfu1A86dYEymNWukpKoWgUCmcKkRliB2FilAppYgIgRCJgAAAUaXrIDY9m8wMyCapKmOdHxVT6sU3LwarFT52YuPogVEwJ8cQFTgX2Bo2iCo4yv2ZvSpMXGHOzFwXgaZQG4axhcnMyamOdqUy8QXTbMtRhTuG+kLj+hCiq6+2MAg8RBNcYvYGDVoiTvzeLLMehiqWDmUsbNzFlYuXhcWP02hoDyLsRDQt14VP6oeWQKvsU6OFMtysAxesAzqTHMyjuWVOZkP8M8Icv3jWfJ4IBAKBQCAQCARriow3teTRLcgvfysRhLLd3K0yK35l+UOpl/p1ri9tx+wXuuVhoP5oERiTzBAZ6/qa8YN6vUJvEDMQI5sEimQTdTZW+as7i9+jtwm+OIVfU1BrPdVTraeaNLEmmk5pOtVmq7Weaj01OUft1hZMfKFfmDAKKeRmemNwZYYeoYQhskFOPYMwespvY8wTPNTC3WalGW0EbCxv/+zygakAhvWu4E+Z3TblMUgKaiuhKR+FxyUBc8r9+Y9+KcPmsoFJGFZzy8FBhO2LUXqIjt3H8MkcGRYefqok/ZiVjARWjkGhqAtF4VrYsLvEbCFT24AqaDmEUtx56cxmr/E1xDrbNhvW9ogy35bSfAjz6R+0t73f3LxF4OCvKCYQCAQCgUAgEKwXUv8qlPyuBfnl+6uH+oelXurXp95GEJZYbqmX+hHreVT9LRGBs+jPRQEaxPXc0BO27XW8nnKweuwabAwAzAjErFzHFAYmGXLNlW3sYSPpmIvYi8iSeHE+t89HjRCRCQQ0BKHNYUiaSCEqxZotE6mZiYk0alRIrIkUkVJKM5u10IgZCRiBFCsiQlQhO+gXWmOzRJyNIJwr79UMfq6hidrWEKWlswb5K9tXbQzF2sIE50NEWXnHJQfMXNqEW6cM2sspo7yWSWxowB1y5xBlw1jt8ooQTDNunLLmuoMYNrc1wQKGnIQCh8utKaU6l15LYwrHPY+lFSv7xriMinBw2q+RkoAbovluTAuAhH5GiEKZB63lthFHml0xcTvh8InaXMMjbbkBCgQCgUAgEAgEK0fWc+t/pjf2FuTbt4vwe5fKM+vPH+/C7Jf6w7le1iCUrWzLW+iWGZpjOoKNL3J/tUawRfQJOMFmEAUwPIqvJ2ACYBO1hc38jLmUUybisBYI1yPUdqFBv9ygyTpqN2TDCq08ZFcYZLOYoVuqkGqCMFi/0MY+MjMDAZDZmkGKXpAPow9TtL/F3+JRXeYaRauFH8D+x9spXIpas83roDoTR4jBRG7IZ0MZLMOdRBBmYuaC6D5TUL4awUbaoo1XdFYw2MvE98DAjOFfeph17K8LgLTBfeD2sRcyWXgj5s/tsm8H5EMbw9BBbyAqBPNR1fWme1CISqFSqkKlUFWoKkBVindcSWhUMZ9q4fLsad5SLl5DE3JzXvf/G8mIOGKpTfNGrP5oEL47Etk5Tyhkun5qqesFxYTNiZ4mrdzOsbDY2xGu5qbnsZLTtP2IZIFAIBAIBALBYYgB3teC/PK3Q/3DspXt+mxlDULZLm8raxAC2CeGLToFaF+FYQaXdxMbAq4eGHw8BJpVC5kNOYGAtVgbGFwYnxUNfViGI6yqMKBwSlRpPVVQaaWVmgKbpQcVUYWoCRUCIWoiREQGZZKfKjBEoApdnMzu0Jj9LkZ2wZBx4E4YaNUSRdFnkcL8YIwdTbUOSCOoOknWQYOQDZvz2/pcu1dSgoA/YxJgaZnBpt7sSWzUBDx5aEZA8TlbWrvrPHh0R+S75eZeZncNO2MaUU2+AzZt0cQUJuQZBOykOyhmsPWM4BK31h37O0tAHbnDXdpya5HC1V5TiDgiP+d0wqgDJojBSdjubErml1naUp3ZrgcJb4+H1+JGG7tv7UvFGsYRCgQCgUAgEAgE64mMN7Xk0S3IL39btFC2sl377SRIhiZb2fbfQi/J5uziARqgRY/fy109NnuHlr3AobaA3eCkL4bIEm70C4ElwLFt4B4ZTo3rB+uiXXEQKwDLB3DB4Y0BJQEu3qokanQ7rggA/ZKAwS5EJNJaq0pNiSrzkfSUUBFOtVaIiJXSCrVSJh8p2dAnIFRIhArtGBl2EJiBmBHQESiOM4mDJBAgyDiaTZyYTVoYHtcMqRS3jZs1QkvCvfSQOwehXcCEaNSnzFUPUhKoK/YSFRjtxDLzP2pY99XsdOaTjU4VY3CpRn2F0pynyvw1mqW9zbXggyMb3Endc6IrRn35dIQUj4T2aN3O2dWuYQZzwhHI7N6oS37R96hNvwcOio32hfYZO5JpfdESJhje99aHhh8RXLiFjaE5+Lo1E/rcuIYqFI5QIBAIBAKBQCDoRMpWYMOrbKUAEJCRc/7haIttHuNRthj7vWUr243ZToJoJNnKtv+WF6yhey+DJwRGt9lJ2v9b9DAD2lUEk72BNz+Qd85/dLk2gU0GQVCADKABgIGAWZNSCiv07i2jxTo32aTNUm4tPx8YXCfUSiMhOCQpLVVnY8uICJw7jMhmA3U6ARBQKQYm0hq3Kq6ISKNWpKCymn1opOmUmBEYzdKIiit7+FyftoDbc+GD/hBrxOkrW5fEC9c7jDSkSFd0y4qVsIb+2XY6JDs4HqkzGlLiynVhlJSYJ58tM9s2bBidzSDVJoQCYULOsBenxf9n55bCmi5vHE4yNmlNG3zgo9Ob8qzOFEJ7K3BHF1jK/rICUEo1m7tAQNsXo/m6C+Y6d2IMNpqQ/cfG4IO7or3+KK7U1JdyPM42tzuZyHQ9xZ4N2/sqCaQvGaQNs/ZkzVihZ785PjX7W5IpKel8wSLoZUbKsHhFJKcgfUjNPLwteURLe5dw924n88w12JnJuV3hkufk/N2ZAGl/162nRzMmu6t3DFMgtPbHNmm5vW13nHQfv12/5BI8OiOb+2DE2132BtXyKG+/iuN+ccysyAKBQCAQCAQCwfxwvpeGTxXrGgjrgxfG6xrnzw3qEwYEA8nMtuEAyuxN6/PyszIvsTZhcGS7sO2k/pGIwc9DKUt5lDI36nkkPb7MQ/RwWY81r1Af98WxjHPYZmzO6HRKIr4+YAERERQAmerakWOeB8zEBJbMs+k5LU1gaBtVSh8KnjxwuxDtynCGS2Bms6AZEU31FFExA7Ndb20LDpGaUEWVqpiJWRNVzKxJg7VMEysEBDJ9EREhuuyjChAUESlD4AQ5GGsfFnekgkyOJf7ovWYtJGJJw2YhdKknVGteuBP9KYc+AYid3skoPK7elWs27GT1FB7dI2qt9Je620aXYcHC8BhVKIDgU5I2TmV9vbh3GQI/srmQQ/0RHVsKJx0XEacr0TPLxHKCR0tYk3C3lcdHroqh3GaYbQI3uL00Anth/fZE/1tiS7IEgUAgEAgEAoFg+4ET/y363CORX9flfOvwD2OrT3iMMs7j95aylFdanmSodylLeRPKnlcbRyfn6rks78rcXGMtlGHIvdpinlwI6Ev+0YcADAoBAAlMQCEyuwBBBLe4FgMDEwPagEGjgD1nRHVCQkgQLaZlCQ1iBjJBfMwmyyiC6QAQUSmcIGioUClFTMxERARak1akEBBRExOQRoWISEyKGYAAiNlskZDtaotBZlFEBEa7NCGiORDo4f9qCSXM1qehAJuLbMDNnOxg0gwgmvD1jA9k7GKb4M6guTix+WZTfSE0ogA9v8XgFhOMSPNZ3aAp0xxdpPPBRAdn6t3XQoxCE91VZ93B5mC5KVBH65rLIAi2i3oJRhOaHEwUNGxClKIkvUQUsYOjLP8WYhtk9RTMibW6066cI8xi/iFaq0GeGbzGB7IEw4a+NiGvWQgEAoFAIBAIDgc0XUq2jL4m+nnn3wRMfLCN+qRtEEOR8+uGPZZkmuW8fO5Y+pQxqp9Vj5Sl3FmWNQhlO9sWekk2Z5esQWiZTWx6LC2P53z6qEzPZKg0cCkFHbmirBnMAKiUy8jIzAQA7kCs+WBNrMkJx0TY7tFZwwQMDApchKJGVIQVkVmUcKqwmkwmiMDARKRBI6NSVaUqRAVEijQwEiilFCAwEIByCfFqOtO8xR/kNjTji8AAClykaU1pQIKQz0jTTkbllqi4lQe4zJPXsSXp2QjeQ8vwpXnf0DKC9hO6KY5u3qMJS3VxgDWXGJ0pq8DzaebKQAgW+Bue9NUFiYAj29hmo2uonQF16rmm5SlN6DpPDxWb112Ovw/TovqMojl4JeSu62z2yDCC0LuVfWLDNHazlHCyJ1paLf/6Eh/6DJj/NMmwR1haLtNS4tYVInwxcTkN++pP79srHaqh72f0vFGvISkuEAgEAoFAIBD0hKxBKFvZLnM7KWXU5TTXrdRLfV3Dc+vhOfT7aKVB/XJvO138kW3RoseuQciYOS62T4jouKyiOnqqGdBn1u4zTAtbsgyBCZRZzs8k59TMhsOxrAuTpxk9P+hispJ0o+HiTM3MnICARKRQgYscNAlIp9OtSk0AGFERETEBa2SodEXVRCkyyU8JiYH8moLMZlFFE8ZUyPvILj8qBqseNleliiIC69DDMvq4xtbBfcatVOjovbT0NciAlJQaTOY5orG5xGBBMuk62hVaogBpFQFDw2JeXU1WQzQSPrFxuGSgZftyK+3ZFbrcImeNaN3EJN92TnYwqzk6rqjT+XvpiT5kyToQKuNi5fe3bJD3agd5mWd5hjvqDL30WXBu2yEfK7+cjsdVuIgJuf1uZQKBQCAQCASCwxD91yDkwhqEbF97D+ox9gOHaxBm/MM2i1vBz5zjU/LySb8z+ufH0iP1Up/UT8DmLjTw3AZ4DkbqpT5XD73kuVHPnfIl/ZyRD975Durb5jNk9bgknz7aL66P+mqsaOP/S/vlph5nQmXjGBvJAZuKiAENJYCIdXCh8YkRmISgDIzIiAio3F7LAZgkn9FApg6jkIEzWyJWigGYCUAREAEDMycjnaEAACAASURBVGmtmaFSW9PppKoqgB2aNABrYF1NGDSDYqgAGYAYiFgjAzEiE7JCIkRiJmblxynhDAwL4oa64Ovs8758FB2VjaxqUbIp6OMEnM1LiODCBwHjPe7McCMEo/FccctiQngWrDY21Beii6Sto2jRZpSPGIVsGGj3ITRjaIuNw2DIWDAzdvkISHTfLJtknz2uxk2qrgzyrIba6tsMRVGhgTpH77tuEICRzSkxX0c5f9DtHOHME2bbYLUr9m1LpFNutezFtj+tG3GAcQDfQJP7HyLH34OGNYzCCmcY23Ej/BZyctE9WwQCgUAgEAgEgnWCfxPSOzew4TcOgCYnXCwf+5kx56cd1X+Ow/zeUi/1a1Q/af5AlbKUe5azKaCWqj+Y3QuzuRFBmNXDltHKXUcBJVDLu/dTGGtXvlcEjukDVoap8S+8oGUHkb0JjCb5aLdnJ1myjsMUZH5ZMgDWGlQFzKw1KdRVpRUgIBKh1no6nVbVFqLSWpmF5hg0G74SCMBEDWpms5Ah+/glInYhZwyggttOMD51DGQdbBixF0OTcG4KFziWnTM735u0HAJnCULPETZyYZp6k1PU7jIUeWP80c3/nF7LGda7uGlVydq2I0oKXQ0iQYyurKIxuR78rSlcRTttgY37SS3GCVkVKjSXKjfUmcvZv6nQ5CCDQ2hfpXIR6xGmWMlVKVE1q0KayXb5NmzEg+CwnaLZxZKLwgOHaJ4Bbf6EGv/UDPqKkk0k3vKI7GcwzzdCAoFAIBAIBALBouBeNce4LuuACb0s9f8YfXYfMNsy4xPGRrNYJucHzssn/fYsY1Q/qx4pS7mzPGFusB3NrdRLfakeeslzo54b8jBAP0Mi6QMCm/2W5zPXgTVpv9k1CMN+wjUIObKTYy6htoTDYwkWADPiBMDIGLwH462xa5gZ6hENYeMD41QjqsowAQgKFHctpONTiYa8YFBAAECliAgYpoBVpRErtEylyTWqldJKKUJQSMxEzIYjJCYENAlRmSmKtjRJR+OnOaPNFos2hjNM4ZqYje0OtXRvtmat/MXrYEmaBjA5A73gWWdGiAgqP/Haxr8wFjNki50l32nvfsfKHIieSm0iXVmzziII5kZi4guLF3t90wyUYDMZabg8YWpAephD/eOlAz9sWZDlY31i9VZFCkYzOTJpHe69EUY8ZWtxlYU/MAqj3d/OEY5o+AnvGQI48zLAg9YdTN706pBfl2kgEAgEAoFAIBAMR2ENQoP6RT6waxDm/MORn7mxBmFQP57/HGO/93r686Ve6jP1yq12lKZzk3qpX+t6WEa/0Ese8vWQkzeuf+WBWCGjYkBGhAqVQqVQIWCwxJvLy+gvYkSlglyiCKiUqoy+eHG4iPH04YOmKTe6cSlOyYQxMmkiIgBucoRTrbUm0syaSTNNmaasNRExsU0XWt9wGA0PyADsco0yMzChX6owmwG1JdoJg9FI93aipHzJwCYGtQ3XlosqQ/3z2JbtNCpEktaAZGjd+efQctPAhscyAxG7TMAtSzOGNUZt+qcA/Z+hoE0BAPv9mUlb/4Unq/foNRRmDQZgQELF9g8ZkAAJgCkHZrNlwHjyhOb5nZHZoVhwB0JfyEq2zId0eoQn1zfpswTmMrEO1/56YubbkUd6Uwrrx7BxAEoHsnxLOEGfJn00r8kBtoPdX3+xeSZhWxeYJDhtrZ8Tpbt0eJX1nxKlm7NAIBAIBAKBQLAd0e6/bXhre/mHoVC/Bv5tqZf6lderZvZB2cp2Y7awjF6glyQMsND45kFZdg8RGRVYZ49z3JsrlBmYgBgMe+iyMxqCgBmMT8nE7gE3ogebtB/6mHlzFwgftgaOLKhQVaYXBARQzEyaDCGoaWo4QcsMsqf6LG/h/vNshqnQRJqImF0rsNGEjYEOCmN9lch60NKaTUSWFxzNBZ/XwQHVzC1yqalOkOOz7CYAO+4wOw16nrI2a4aOSjp5chOp1bBeNiNEvdj/TR5R30VQ9qWMo9kUlBOEpLmHpwPTvemh+fKgayf8rpGe1pVfhuPebdYW4Tgv4ZBLXfhbU/hUWrQxJazJqW83Y02MHBHmLp+r7N98G2LocaW3a4FAIBAIBAKBYJtigLe2l3+4W6dsZXv4bpWjDAJvnpSlvAllWEJfAL3kIV8POfmqmlRVhapyDKECUMAIhMBmoUFGYmXSfTIzExAZ7sCFQDX4IEvSMTcjlQAgWNoHwYUgcvi89WY1OAMXNkXELm7JpCTUmra0nmq9pbUhC01A09RQgFGoEzMR+ASk2tWDNZvtw5m9jQiANnrMhJKFkWTpVwV/nLyiZXSKtq0OdjIOaeFmjR/9rAbO/ZHJkuvPVaQXzLlhbkaGgJuZlub2hLVbYBNLB4JWZagnCNJTjtque+LGIdbTJqM2e8TYItCBqCOs/w/twbDKHz4iKl+Nql6h0Y8KxqubonmrIBNYqBS4i9wObHDV24hlzyZ6v3OX9zkbvZqVzOpZ/LXTpn97+NZ7jv8MOhca7ee/fi45ptD3tZJT7zttZ3dGMXKdHkzov3r0OZ6GTPf6yr20NkdywKhyjy8W6zTUs4LTx5JAIBAIBAKBQLAG6PDZQljfyz/crVPKUj58yxP/C5ct8SBlKfcpcy95bpGBAfpjPTX5FdRzt81ckrfLpmVsCxn1jG3pOESepbjtZLLD0HqaCBmRGIFcRKAhxwgAELkC0P5gnWsLGUBhwzNlkm2TIUhQKbQEHDMCmlAkhYqZgXXkUPZuymjpIwZkYmJCJFWxXQaRSWtthr7SWFWVIfKmeopYoaq01qhAIbEiQGJLIBGiMvyiC1k22UsBKtebZWMUIDDYBRGVUmaZRmCuEGubHYXiXan2q4E3v3UhRnSqRkGfVQ97ImzV6Xbs6MK5VqNV5pJWjsROPINubtST2C/gCQjA9eUXJoQDAETlVDi+0aZhR5/qmoERVH26sObGsCbBMkw2+GSkLreukbNlt3olA7jZYXayZz0dnxwPS1xVH1cd1OeP049JafijvRh0HvTAaWUwkJH+eqnC2IcetKwla9oXzbl0pyBgldCRk+bar29UGPYSHabPYNw5RbMXQiYB8kBkZ75XmBv2WCYypl1mpei4jfglP6M56e/q6bmLmve1o9Aw20uW5Zq5607D0ny2WQPah6Jkm3kGjWVw8O0709cgI0ut0ud72mNYP/S4ZpkzhftcsWGnQmtJZ4u6+0bbHkfgvxRmH45Z4dLHLMKRz86HFp64NElKl2HXAwtNvupOmwUCgUAgEAgEgmWDzXfV2q+LDR+v+94OCJj6h+sy+jKgryjoHFjGcl9r4beXspQHlNM1CKUs5c0owzL6gl7ykK+HnDyif7cFEWxyUYXKrCpYIU5UNVFqoiqlqkqZSEPDhyC6p6R3YHFuvbfQR+wL6S6vIQQRkSYmMs4lZiAibZYXZEJkRAZgrfVUb2naItLMpElrPdV6ajOIArDPL8qaXIyjJQLdaj9R3rkgbjD5WrBejnuLdGz7e3VHQSfXEhozxLDMcZkOLfnq56JdTK9hUlCG4OSar252d+TIbjmGPB3FjWNnZjJqfPhrPZHMpCIGs7ZfvouuUJUVIJxdLeV8W45PfeMG1ETaqb9npQ19OVzCMGtGem8Zb2xi/Rn7e8z29WYHV4/SSPYf4UWjxI2tg21LQ/ZK7zMIM0z4w2pgx0J6pwq/v7Xfx+bsog/knAoEAoFAIBAI1hXtPlsY7B/u1illKR++ZVmDULabut3QNQgbXmxLDLo0f84phPbBxc5ND3U9MrgFCI1Gt6Rf+BitWbaePvqIJWTzpg4ie/ZvOnU0oYlHIiJNWvtlCF1aUWNevT4h10lH2XcUdR1+6pks1A1lR7zg4mBupYtT3l9/OIC+zIjsb/apNvZfj+wnrjPLNgwJAtcQLf/m6hsNfEBnZA/6XWzJ7Nw0CItuStf8sVfL7I/Lnnsv5iaeb+ajctkt0MmM6cVijwChjmRN0qUuAtgFLxY16dbpbhou6SiYhQmV2xWW3X3I3ogiA0qGtdR4Y7K3nZZbkGAoWibD6IzsIijeUTC6Vek1OC4WR5l7dN4l5lQ+bHyQBz6jl3cTboe7fc6F+okcfP8Z8ewvei4JBAKBQCAQCASrwwBvraxBKFvZzrlVAWcoW9lu0haW0Qv0koQBFjqHvPPLNwJx7PPK8WsEQMAuu6ALSmT7rPTXsXvKMTR3crQoYH1UwfPWKAk/+oqa4NNaT6daa61NktKG8oiBNIwM+ebMZLhCqEWyqC3v6xlcvQ9xoYhOVn/0GBT0aSgR4wRjAUeI6Yp5bqnCqAGWOcLYMP/8Cc59w2QzG8J40nCbP8BGHKNPsmkZMUC/bZJYQY+tw7UCtJ/9lr3+7hM68kMuMKxXQY0K/iLmL1Q+M3eyhoPssc62tWPmu8QMGDRKyzSs3YDNPbkzIzv4qxiHoT1y68dloDFKA6fw+sy09Jve6mwRCAQCgUAgEAhmwwBvbS//cLdO2cr28N0GaxDKVrYDtrxgDd17Ia5PZzK36uR+kpzIJHshrw1ybW1wDyEosy6gWeoP3bI0zGzC9NgsLMhQe6nQcDHsPlj48XArKToCz5AvISEQLn5T8hnZt/eJzTpxRhUiNhX6Hhv8DoNL9uiSiILZi1aaiFSVCSmI34JHSAVsr3nw/C/790erJeN3NLp3z9vffiDBgnTY7qu1ZwfjSdlmv1kYL5UxkYpufTVbZ7LDYz0NnP7IDr8kJWaPUrnllrTW0bHPvHjkqhCtPxeOoTn80hENWnss7cL3m1XihdO18VaIlRuwIGTP71gzuXOelPau8DryN4fNupZHmaJdN/PteQmMi3lGqb1teHZmWP1xhrbtC75GN+eNu14EAoFAIBAIBIcBmBkAay+ucXe6Gqx9s5j6h5NW0Ypr6d7sFoftLWpr19N/O5Ye2co22U6W6VUXCDYNM9BOHU0qpQhAKWAis5iuYmRGAgANbB4p6PQwu7JVDQyIDI1gLK7dRghENV8X5QB0TA+lZE/oLWJmTcRuJTPLKwaLjRGRUsrcQUxYoVJUAZjeSRMhsYq78MotkJgbLirrqIIkoA1iuijiHiyJhRzlxxwFC6LoRkHJqeerE6tttKAbJwRUWQ0Eysw0T7H5WZ0dCL+fwSgkc07YEdxswwzRzmi7RDQCA7HrLEz2CciOcXRT0Xyhs2p8z+FQ+GtlSuR3+9FAROK6zHaN6ubkR8NDrv652GfKRc7iaK56Js+LNTjXwH2clonq9RojUjbSU7LT3CLmcYV3HnvWgODjgH4XZ+daYbZjjKLMhUsYC4uecuvD0PfA+luYQefApjcW/32s/R2aFt6u/dWW6BWNTTj1AoFAIBAIBAJBFmk6qyiYYOjeUmVJps/HbE2pcpS9fSC/2QWDMdnQn+WCVWP+adOuYYa9aSX3/thnV9bv3LOyLiilLA2IioAN20dMipERCEwyRCBQyC5k0HIWsXc+dtOHCRmDDIONA7MrCCZDFR2/hQ0crFwDn1YUEU32UE1TrSdVpZk1MxETcZ10NDOyTrNZEC6N+QgXkmvxRHNI7Czs8RfGoK3Q0Zb1IfYxKTrXPQfJLfbXixltitWnhN2ERcf8NWIEre/SMoWMZqa7IzI8Jvv27N4Owzqk1vCRgZ2pkxQbNnGaGZMtC58Eya3661T/ydbK1nREFJWi/dqTiIZ0fh/bFn3t9GEre+oJP24/x/rQI9rEESgRLdsY2fdmsgKCdixhoMrv9DRukp3ntKVtZ31PkwQCgUAgEAgEglWj/dtsR5qrkZoIBIcL6gjC0JUsZSlLGcCSCt3ywUPGBO2kO7y8XfqLkRUoQ3soIKWICJVCIuUiBNnHP2GdpLPp87eUoCUcAZmBzabmB9MYApuqERI4esaRMlCzL+F6hiY9o19h0FaSrkgjVKwcWclAzD40icFtPUcIqpAFK/2Yy5doKKMlZvtcrac1G4vQZVJ9rtHPJCi+9OR5PlNl+DOM55xXgaGMYfEs8xcotUGxDEE9BxwfQE4G2Uw+BAYXImrCENFyw87SICSxth2d3cH08DlQEfyUy7nTwwFZFdJQv+FtY3Ium5K0hSM0TXwoYSrQnrzOc/zCT2w0spTb+p9WSZy4URg6l9Z67rVgaABuT+Hs9bjmV6hAIBAIBAKBQNAFDJxIiOHr4i7LqC0HmaUCny0GvhBIyrYttMmkOoGDNFuhbYmvOLQTknK7n7m9bZ9yDz+2lKXcLNcRhOFvSSlLuavMc+vhVpl2/dm2nMhHc5vL8lzWz0mRY50Q9cUQfEjbGt5CGX4PERiUUlVVWQkEzQTAaFb0A89VcLA1Ou3ekhcpPRDHqSkAZtZBLkpvPwfL+9aOfiJCxw5WVRXGCAKwZQiVVsg+dowsWUkKCEF5jpCA0SW5zPvL0OSUNH9DqJpkacMlIJtAbEFIF5yLFoTLOgprXqcey4jp8efat3FEIDdWFmzK1NGC4BalNKeAfU/IgQA6Stt+zzORhQodBYkAoLwIW8MM00c+fjAMp8U6Gy82apBzPmSsL9VygFw9BCtFc6nFuGzQQtEFj/kM15hdgCq8GD1zr5Sqo4GTMM30DpOSiGHy0hHHpxQ0EwiM0Mn8KjYXLQTD+nAPM1OVnYtoLgjjDt1QbeGdZLZssWOf+k5tJYFxzFg+1Z3mS89aNX8va3WdCgQCgUAgEAgEw+HffDYfwlfMwb8kHskAtJQx+o6c6BxY7tuvlKW8AeUJQMkTWlpKTeql/vCpT/d26okEYnmbOBRAAbJ95URVSjERI7JSU62ZiZmJicOr03uVavolZDPsYoEu/o9zkXn51WtCX5VbhQ2VAgCVOqr8kmYmtEhZETaZRRGBEUyOSkctMiEblsHwocNdksAwiytzJVjaGl0R2dN0dA7InOC/c5WciVHomO89KxPlho1SlWYX94vMNtOYVUSDxaFv2QGpdzm+EnLGh+Rmeoxrgoj67fQat1PFLUtehZGFKQUYLkZYGqhsxuNN9E03D20Tj2BMdCZ5XvklU7o6Rkk5u0FYWrjkYTKeIyIi6qLb71gXUeFVMIFAIBAIBAKBYKORrkEY+VfTclTDTSUlPVF9uosTS6As38dv3O5nxkL9WPqlXuoz9RO3Lwupl/pSfancX0+6t7/+rAYuF9o/cmEXJ2I97YwKoX67pKCyEVQmnA4qVXHFzExaV0oxM5FGGyuPiMgIhjVkCDkDFQRTgcvkCZCj06LQAeeZQk+W1HkFAW1SU2w0dwpI6ynihJmINDNr0oCVUmwWICQiUmQTijKbQEhnGhMxKkabhTQYO8so2JSYjaAlgAaD5Y7NMEkL9YouYgmfllWIfLc5S/JNrIXsvrIwIyJxHWEXqLBqakLRS7igz7RR4nyEKA69hYm0awtaUxv1iUfbxpTWk5lsqlJ/tsPgxGgQUg+szdCL9RE1xaKpBDb3KgKCKrGrS6ZD2nnBFkog4AKNpD/j/vL3kimXbCdSmkYym4w0MilL2BQjtWfCQh3fpWjgbLrX7OAsGSUb+pPKWVVD27bL9D9lQ6Ox55kMLe9DzKxzFPQhjfoMVGfaSf8gCOt7zpx2LOFyCN9HmafT7FsUUU+1rP2/fuoxQHD/TN5+cu/D9Hjoz47u12UKkkMvT4FAIBAIBAKBYLnIflMNvn7nyy1KsODX7exU6qV++9dPCnSiQCCAMt8+e5OqqowEgV8IDQGh4ooUIWlERKrza9uEn+x4RkeXsUuXHfB+NoOij7cLEwaG7KCzxb8jA1Egka8Plgy0FjheUJkFCJlZa41KE5AlCA1H6KIRzUKFnpZxrRQwMDKG5rtDcoSic5XaJJfu4JkjXnDlgSxzIrE//XLTHRHo3aSh/zJkeEMiWSmz16ZwtbtcJ+EMTueM53EBGg+VAg+Enia0hF9TwM1MPxSuRyOGnt9CzgQfQuhP9wSVTbCJbkYl8ikpXvt2F+nJXSbMDSDkaP2tIkgs7DlCPxTsK7MpQ8NyRJulIYzifV5nRFN6/ZcVHIR1CHBcf6QphUfUOSKWFiKZQXC39DW+HL7nlLFuQCT/jGg/ZdvsohYIBAKBQCAQHGZIIwizUYP995YqSzJ9PmZrSpWj7O0D+S0sGIyJzQpofskG7lRTlnqpL9Tz3Hp4Dv2cq+dEvuEKB8saZOU5ZKCa+jmWB87Zybl+OdRvtFVVZbw2UyZiG2gHoAgJEZVCItuQfWcAPgpKRUy/NT0b1e4sCMpE5HOENrQkTZgBkZRSxKS1NrYhojLkkpNkZkByHCKFhCIxIzMjG87SLj3IxEyeiTLyDTrTpkrdhs8zT8Yk6Oahm0F7rlnW98duXeMiAeDJvSj9evMCKFoy4NTErFLoZQ0IpKi+XtyS3WKVEN4rODKi5giBEdAw08BNGjN/RPGxhDzZxvGC6RKDpUSj2Y/xScmV2/nC7HZz2Zr2AKx1wMyjupzTsYThKnWxtvOtk7NZpuXuu0rc43qOXnQbmT98sGenaWVnvuv1QXYN2pZnhEAgEAgEAoFAsCawftSi3xiH+6Ux5zdeQ3+71Ev9Cuon1jMPHAR41GWpl/ptU89d8tBTP7fr8TxQogcYACucoEJiVjwFJjRUBnNVVcwEQMxEYHKQoln+y0XgoUJgcPQJ+tAuG2Ror2mTLZHN4UDkR4v4QuckUkFdRKyaRQRNaCArjkFEgMpkDA0qmQhIMTIhYaOZlwMmZBUmuvQH4OBvXi4mkv1uWGu0uBTjzI1mZ1egAUccYZBZNAsMtqEN5kRjGIyXcw7GoSQ+G225VZZnSofCP4XQMN6g0JR97GBAcQIHtLy13KSVbYYxAgCZIYIwttYpybNTGBbYGuTkg8NcT4orMibrAi41TP3sKRfo61tijNr5wv6rJ64K7XkaO33mKz+oFgPSXRExvBGswCALwxm45ke33ODaPqHnxbeFOt9cySnMh5UPNaxdyTok+F1t7/3nz/rfigUCgUAgEAgEghQugIC9g6vppw39ru28hm8LOT2pfijoSfvtIy/1Ur8Z9eEahLKVrWzn30K7DCICAwIqQEBl0mxql8iRgZUmpahy3B8BI9sl0hyLwQqQatrMqWaXVRE9P8RpJFCUd7QJBKgTQvqorHBRQHt4AUUIAEREZolEu1BiGK3oaRqTdDT8CIx+1PJ+KxcM1jAxI7N4t9coazItzs5GzlXgcJxCqjWsZxdC6CMLS9aFTuSCdzv66GXqVrWP0uY7RQBGtrlPGzQVIiis19T0MwABfepLCDiAZgQiNEN4S6OUHGNjlmU5wj56VoKsC7h/oFKOI2S/EmGqKu0ipWTWmaHJmtd5G1nzI2qZlik72C4zFgbREus/vOOi5coKX+hp53rTXfM9p2ZhBGfCjOc6PfYRb8UbMQNnM7KdMl9zQl0gEAgEAoFAcBjDe1Mx8a9i696sJPSQ6a+tp7xsZbsZW0MQ1r5QKUtZykE53PZsay6tDnkEUKAA2LB/wMAMqBSSQoXISiFXlclOaum22iYGv2KarWRgrxzDHjEMzOrrTcPaT5glG9hxgUTETMDITMyauPr/2fvyPrttI9uqAlu7ZVty4onjbPO+/xd6v1leEsfZrMVSa7Oadd4fhZ0gL+9+W8IZD4MGsREEyKs6PFWqCgERKVRMOZiqw0ZrpCBIPSXKU/YxqR69ZjNwFVMp22lwECtks5HjUE05O9i2+dZixJDMFky1dH17C85p4+LPWqj9T4ZRceQmJ9ZJzv0PJ40sKKtLlCkF40iTC9VqXFmnU+0dM9fli03UwKUJCheMvBtNw5aYcIHFJMZG5vyOtu4j0S2xuUdMg7Dmp84ypPVYyQ5uLHMMfALk623BBT6ajoTP50oPgs4CdnR0dHR0dHR03DZwZo+N5lYuC1Tp3H47rUutdqbtV2V4vt+5sW1Mb2tnvrT2e/oTTEtSLiUxSU/39OeYpkZ+OtLadigcJmWIKPNkyD6sn2N2zFKQOnaSWZgdi1gyWHeDAISJmMDZC8m0VMETIAIdF8YR5SPLvumYiYRzN3SFh9DACwaHqHaZ8BLCENguTui0fare4xlTFXhBlEjjjwXzP+au5VA4uBWSMxy25diD/ccsRGI+RUEc7guhXDbVzIdGooPPraDZHYwbgAA29agRy3FdWToDW11WsC0wUpBOV4RaYEtbd/E0qVIRCDMMSsMFTlryOVT9l2N6keWkXQrmllNzseWq1nh2YVlW+ZUodnqqmqgDXeLR0bytlzP+uUfHbk+SU67h5qxe4Ca6TCRBf/kqbxbOZvXME8sNkMUYPubrL2HjGttYYEFxe+vW7cmmvaOjo6Ojo6Ojo2N/7GXjndpjsXebPd3Tn3RaMuNeP/bjZ32kPc5mR6/Z8sn8LBERS4JjFrOYCZEwC7z30cCpRBMUCwX1nFE9ZIxiyCFiEg6vUVVV1XEcdcKLzL16/dD9a5iggBbkTaBzrFUDAsGjcbwK1eSUlFI4t8zhd9Yrsm79k4nKcdpzKv8zK3UKC10+M9tUKm2iO7YzO5jM2Dpr76vyq7lqTmD4E0Sa52ycbBTQslaNajVmme372+IRkWem5djgBn0rCyOZXstWdvWTLcUmFtbV9FRcigtrksvn1xwd1Vzha6zPB9kIa3BAy36L5zjRVVTDOEg7Z1yx1e47ai/Ha//gaI727Jdw7v6XsGZyZt5uu6D8gXSG1XW8XVO9FDo6Ojo6Ojo6OjouBHvZeGnRWtuP/diPk2NQEFIyBVOW7vk9//PJp8O0Q7PliYgg4pwbnBuMJPQcoekF/bnBiRMRv0eDFsz4ICIOckP2+fbuDId8cPHFWomi2qRISDR5FDulioIeDJeaMTOZJcvrF5PhqeiFMkeiNkorFgrn4+dGZgMXYuTafwgb7YDhSjn+WZ4mY2QzyWCceVPyob0MiDRIZdeb8id22AaZt9BgtalCAQSiWrP2vHQ1rMBwItP+xdWV5dRSyGKdW9el5mcNCgAAIABJREFUdrCageYlT88eyYC7jNkew5cEUT1qCyJ9VeAL+Onxz5mQjpsu31PMHJ5abcKsmV+dPeXkLGNPqu+MTOEUCwt1feFPDBdyjSufpQdksw6CfQaQP1wn/61tI5bfbYsdinOd3riFR9wxsOduPftC6ujo6Ojo6Ojo6NgNR7AD04Ha6fk9/xPMDwpCSpwhZeme3/M/n3w6TDs0W56IiEWciGMRytlB4wadG4ZhuLq6uroanDNGMDJsgSa0piRFIUxEUcipsLWnMaaSVcrsXy2mB5lrysQQamJf/DCQ1w907AbTYW55C+PZ7mIOi0ugBNIAZgbCMxwl0pzP2E+ZQKTh1BrbYqsMV15hW0RapRdkq5WtoLSOLGWcoAbRaklDpgWUFomn++p1Vi5iyutuc42zZy/EINt8InDc2xFImekJiPRRQlzzC4RfkyPMqcRi0V4e9hzb5Vza8tq7nHEeFReyAQ27PkIrHOvGVUti8nbbZSYPNP8bnsrLi/mi1sA+OMiFfDKz0dHR0dHR0dHR8VnhCHZgOlA7Pb/nf4L5koKGmWKjp3v6c03TYhla2w75NE3KEIEgTiyeILzXTWZ2JE5kGIarYbi6urozXF25YQgiQiMAfQX/WjPfklFAlnY5J7lh69v2mK6JvuIzeR8uLlbJWoC5MAUSzxSoxFzEZf+riZIKc0OJp/JkDYdEpG8mg0/jj9RRavaExq/VFvYGiXiIcXIxBqRYTvltihPaGoDNmc4OJpvPaSJ2m3G+FTcWoxvODSAurTxetFRNwcfR1Gplep6Q0olYox6zRn7QQnU2LjDfBfU8I2O6y7NNhngyD7fVIBuXEBUbsKAAq0mIPyiyzDahaLjMyflkyLOV03uCu7DQxZGe2xOl18F72A7rr3HuYZuVYAovydPcu8vcp2uwNPJzL4lzoTknt/cWd3R0dHR0dHR0fA7Yy8ZL8Qdvnr9fmz3d0590eggGPTORoad7+nhpXMAYZtNgYnAr39KI+Vi+Lir5uKwvT1MomJSUmFmc7UgGmNUCC3qWDUwQBhgKUmM5EHwAhgEIAUTqiTgdzbFgUB6GVyKDxcuDVBWqFgqREilKTN59KRFIPRtKzCLCTIDe3CiRMg+mdTTeDsDNzc3VlRAAVfLeH0fVcWAwAaSKUcfRlVqiXF0EJqWRiYiECRZe0dghCbMJtoGyvzSxMzVVg5L7yW9Dnp9XzIs1YQU8cbKFwTeshhrMnFSVNph8hNaFxICSxKnBsvMY3jErFl1G1sMhVp8AERN0nAyPKcSzDI0zZU47iRkMDlS5rWsrzuGCW5fMANklA4jfqGTz4yfVyth+YeuZCQxmYpBfnra+FeJXDodIiUQAM3z8zsi8+70CJoKCiHxFYw4jsxV/Lfpr4JxSjPJd60lV69tpp6tZby4VJipv9ETBQ4F3n7VkTyvGZVnsCM5mNl+69hzK6thzxT/aQMwk9pgp7+mUFE0J+Cbij3j/OC0HubAlm1e6sEnDTVwCtDnug3GB2QCapPjmZ8Waq5jpsWhkTbGFR+I0M5TcOLbZx2/Ma1fjpbMbUay02TJr29k4Y9O5Wvk6mL6eDPkzv3r+1zslfKnjn7lIV7bVyplD1Uj6JwL5Z3UcbXVFB+l9ERL6WbjF7XtcTObkCeCbyx74h8K227mqNbfYdsN0JM2xHf8+dnR0dHR0dHR0dOyI8E+lOVsu5enalkspvamdbdO0UObQfbVs1D3d08dJSyDW0z8Ve7qnP880LZahte2EI03KEBERm4JQWJyTwYlz4pz5GBVxIgOLY3FFrC9jRoJijhIb4QkzDnxdNCRy3n3NpXFeOY41ET2wP2IVAEqes9NcrZUFIsxNtf7THCIiUujoJWuTcsnvYwyAxkqsdVEuqgUNZUPItR4z0rGl8jv3lYGzY5ZbWmDXXdaMbbSVGcWaIW3rQ4k09+TWMimGdRyEK+rZJdIo0tuEtPR9FwjVguLU1IKajlB4naBGx6JIEQiBUfVGddQC4xiyRlVU42uPNe1qhKW44ZIiHVbfuOlV5/nxTlTEYVU+DnIr7mTKMaypU6RzL8XxkeOVy/5BUMkBc9a0EBRacxzbbizoCS3aHvnCJt28HzFJnBobbsehVJVHMvFfPnOwP5Oy8S2wvDK37W79Di1f1iGNPPPYWLq6E66Nva90roHjXMHOv0k2fiRxDDQfzh0dHR0dHR0dHR0Xgr1svHQpduae7unbkpbMtNiP/fhZH2mPs9kxfDNCk7OW4xwbKehExImzkITGDkrIcoEvdBan0DZtHpcnfhbDJJnKh9k2d/pAPpQjqk38HAR5XJQ0+Y+VMX4mIzA042WQkSUcX+Lxgo3sUO+RNKOLKP8TpS1/3kNlHPBOZ/NiG8vsib3tp5MRIt2kUGDtVSCTSmQDQ1ILNupUhaPb0rRCLFThBj4s6zTnwPKSJT2GRASqDzoItbT/c1TYcVS9GXUcx7gWQ0VjGiP7SKqkGrnAKUmZM39+OYYBpAFp5tU0cuhpNkHTq6IWS7XJL+7mlbOGctvYQrNKzAHnD4eQmJRunuXS+/Fc78dG9tQ7QW+7IC2ScoOcHZczkjMif0settkqZ5EZyv878U2Zveq+PE6MpqPmjo6Ojo6Ojo6Ojk8ee9l4adFa24/92I+T45CZMbMjBx+DPb/n75NfnsWB2on52KYdzLdDoTHM5NfjX7ouynuv9xfALGaBT3SeUTUMZrCIwAk7x4OIigAEKMz/nxUnkBcAAyyUWgtEDqDZCIil2PRm+vNpikp8c+mYXQIzM6mayMwXRtR0TZmhjPjwbSf2JXGMBStDxUjyuTOvj9NT+ejmTjVL5uXNS2TVwsYG84tdU3gu9NpW7VQjPIFxNv/gqsFUVpRGKCt53Vab+V2wm790Od4fqUay3Wgn4sL1JjOx+K5D4wirGekWsJpjX2vBtg+A3OyOrE3/d1jKMG97QjXpVRntS5aUo/vT0CIWb3c2FVzU2xXLS8UmP96CZoKYJexd+9OfsvZjW2KOjrN8f7vT/d1qnS9fxRb7dOs+j765LhNxe06p/fSa4PQKiMfm8+22I7+o6qoj9lnY6ycte8BsJyku26iwuZ30QZJV2PLOlnNyYasCk8fXxSPfm8192tHR0dHR0dHR0fFJAshts8GYk+ck+y0XdtcYfMdbOUvbTWa/5WRV5kbLbTszT/KXy/f8nn878odZ+0bP7/mfWT7yv6bUSOTS0GptzhBX2cqYwGL2PraAZBb0SwQEJjAcM4QdswiLiANBiYSgICaIue0MJJ8QK5GQUV4mT9JExtlbUUkkmf6bTBWQwslFv6MZDZsIQTTguaIksTJnkckHtzUXOMFctJVPT8ZYWLxBT/O02JImfbjSfDZX8ag4Lxe4sbUFGdOE5aZ4D/17pMyvqlc3pTJ3TvmGsHgVQIxjlzgqv6h8KEEoK6dwWWJlyDZNVpFADADCRHFdFbKMKL6F3wZI4w+hOvMlh1iyUnaEcR59RZ0G0V9ovF5UPGJARfoew5a9vImqvrYawLls7tVD+AQPooUB5JlBK0vTaQ97Nn8efDrI78KivO8AHa0opZQ+gei4dBzjMTJHTi9j4xru6Ojo6Ojo6OjouHBEU81CTjixFIOnYeblskgrv2h5tZ2ZZ/JpbuRz5fPeD9FOz+/5G/OHqKNgo857uqePlqZDt4ltymO5jGelGvn1+GnddVFRlzkwhiLsiQrPVXh/h+I/elGAZfQuRqEKEYayWHxaYxWFCMxgixQIE1MFusb798s9SAZrvo1dCdkjIdo67WMc4sjMeW2ikYyqzMTsWo+RkjrU4CNSPIUgUrscDIRikGkRe9VREIDNP8m2Q9OSW9FvxzTKt6U5sedYrBxdHGTMQ+Kb2+a+vYyAJqdLg0x0XyKJ84+1yl5NpOobStRZxtDkxkqO8rXJPc7J+lzDAiDMShIIMoOZR5j3VYvezGBi1qiUjV0gNsi+FAAWKsZQ0DPlJkJ9p2Jj1T7ikEK9hE9P/azCVDvYvCv5+o3qw3phT1poiIMLJni7RbsVOzi9wE1VPmsz+hwrNr3RGaN/kQv6ELgwTqWSD867hr49OMMMt55tuzd2wvFf2Grs6Ojo6Ojo6OjoOBG2svfO2WN5S7txT/f0Z5seMgbemIae7uljpXEBY5hNe36hkW9pxHwsXxdlduyyL+PlWISgRCQcCqlRCsrimBVw6uw/wEf6ExWwmi9SEVYOTAnHvWw+SyHEShLMiJyFmkNUU0XzbuDkOJJB0bOgZy1doH4UCNmVfCRzN4rohTQKUOZCkoXwhRy7D5cxG2AvjHCDlW8qbzq9ZDBc0jIR0hQMzVjebWmhpuiyWq3c7D4t0iRcVQn0WLjFXoKeSkahp/8rthD5g5JGyn1axnfOlD6idMoPwzdl+w9p0rxW0Av4IGGveojY1mT4An7ZeskgAAhJFj6vWDDCkk6ECw1ncyqFiI315ErmA56u1epyL8XsW/PlVLDQy84NG/RbmGs5BA1/kH3a5AiznEu5EefFnH7xc/AmerIr2mkacw5+/3Fy3ebJsX62D3hfDvi+/8TYwQv9dKWjo6Ojo6Ojo+OzRwhTM2fLpTxd23IppTe1s22aFsocuq+Wjbqne/o46SH/WDzbiT3d04dIo8jHgdpJ1NS0/Px6xnw7VFFek/y69el15a1mdfOG7OAVTESBkCQRsYJCBBYRcW4YVEcdAVUCoInryl5JXvJI4V0IT2MKM0hto8O0hVaXi6GtNAxF87pxhIFfBEAxHiF5mjDFJozeQYVYPA+J1KJnS4ObSqbQwqJrxsDHFHNQXghnvFTMmV5R+xatxtRoXraMcJWHjxpY+OGcLUMxoqRnapuzinp0La+zvgU7gap2KB/+BxyI6A1DDC00HZDGJuM8K1N1TwN8RS3JSCJiYQYJZZQkIxYwHrv0MppdPpN4hW414MRKllWg4QsCH95Q0gVOg0itwXL5NWeXsbQ4t9kgy4t8uk8P7iJvucCFs1k8ccp6lgHMdd28C8d4rJ0Xc1c0d2s+ef+N8TF2cEfBa5q65Fk9/diWP7PYbSl2UrCjo6Ojo6Ojo+PygdqJFShaPosP66s0hWJIxWfswKXdaqWNetJXT/f0J5Eecp+2Czusp3v6M0+nYyS0lusam5XngyzcYKRbTJCoUfpOxMwizglG50SdQB1UxYmMLjojJU//oNQTeLedDETGsjADxahpBe/BbN4l/YiICFAi5Eqp6PWSiFQJIFUYNei9iqqKQCk1YhMxjVpYD4ryR5LFWOSpActEWvmwF2J3bTR+7UMKrjOuBYeYkT/L6JypwHG+lVh3WlKt4W0HX4xqpkD6EzXlXrmIRPaTq7JUIp8BI/KY2JyFxuVPJt0lI+7izzPJdw2n7RJHIsIsidrzXkaJGCTGRauFJmQQostW9gLZ+EMxbNPJLII1hjakbBeYGDapbsO8+IEwsQ+ZaRphImbZTMavpfqWPXbusLC59C/apEkk810ce8l7RLZS7d5mT4ti12zLEU6vdP9at8qt6MrhzfkdXssBbGQHZ06dgGOY68LyZ8TWW2INvb2+yjKm30MsNIWlC6xqTYr5T4fmGo/7Vw/OFV2U2HRryeVGB672YjzB2g846g3q6Ojo6Ojo6OjouFh4k0L53TZTyx7b5DW4MFDmRpzqH1rN/OB1LVmDG2Um/U7/pYq5Me+WPlQ7Pd3Tk/Swh6qrp3t6UxpFPraqO99OTGNafnk9z7QT/2c5HzPtYK7faZsg5xwnb5+kCmZVExEys+WzZwpFRhERYeccERFUTclHUDI2wiR4iB+/BO0eAiEZNnumvYtvsSDCAjNl/iKRTgX7f/jTXIjG/zSKCJPPycisxHiEJUEYdQnZtCBanHlytnVj90VluNzKZLZRfLmmsR2M8tOBrC6Z1Sk4y2gmbjccPYuiyk/aRIpvFET5YHJAGi4qsBiRZY8Zpm+NOrzYoLn4BJUK3nQVxJk/0bhcJUTR9KEO2f7HSEEwm66Ps47yhZ/AIGb1tyM4wWViJhYWk1bGK4y/PuOrlQPlnlM3c9xYTqStCbN3VPOup/FQWMBjfNPA85ZboIoxmYlom41vNZ58pe3vsPSi2MGp991dW5qjkfblzxbY3OzldUayYTYi60rsQ1/td8sSNooXz4WpLn+3Zra9R+e98JV3tHpCHg8HV3B2dvBzxs3N+O79xw8fPv7yy80vv9zc3Iw3N+Pov/Y79+A6Ojo6OjqOD/tY3wkPgxsGd+fOcOfOcPfu1f17V8Pgzj26jgaiSSW3LIFzg1VWuEq3ik3LT40XPd3Tn2166P9a7OgwLNtTMzplnRlpWgxETM45hiJQEyxgYoaGmHykgLAIi7Bz4uBGBSvEe+MElDOpXuAIY2xRRuAJjatQQtJKedRRx4o/AUB8FLfoApQjrWieRXPCzysbE2OC8hucWLS28sf+I4V0WKJuoeI+TW3rmnU9jmS8y2/tTL+Jh0sy07w+x7qcF2so2AANSrKijcU5z72VBkYq/lbLHH9yVSLICD2p7rV8RhBmXkgzBSyHo12WUZThI6xsAKbsZS9IDAyk+IbIk/I+xKcFPSyiEEZ7m6bemvfXfxgwnZM5TMsciqsoblPOfyLTGobb0JQG5uBpmxs73ZSZn93hki/KN2Z+CcfZ+Du2md3QnAVOt/tgA9wPx7uV/nuA+Y7i02/lbCxT+9NleTmrNGI6yOC7fHmot4kd3AKH3gQrHTXvP0UHfFl03Ap8+PDx+s37N28+vH374ZeP47mH09HR0dHRcU4ANI46jjR9J965cg8e3H348O6jh/fu3r060wA7agSXTlkO1TnxROM3Llf/2/4Zz8s/75stzzc4W3jX3+CzdpaOjkNjuC3/Hu+4lcDCX7u3s5Q93weWRzBn60IrOb2uZstTaRKIRUSD900iYRbHRg8qIOJgokAmZr4RWCRBEIBxHDWJ8gKjpsH1aDTsioiCKRTzfiK991KnNzeKkUUmhssk5TIqxNSBIuKpQYKwMLOqjuPonKtCuOVMj/izQXkVXqy+TYtLGOSMTEIIgq/QVEb9tAPFZYHoCsZCRGwqMgqzYZ/d1ky24MW0LXncw3PdpK9a6jc37cHUWBFvtd+0lo6tMFAmPWjVcWzWlij5edbMa6dvKvzOmrJZMTJfdYOyAfhgzPUIyfuMM2ellOStyfuECHNwnWfkoIgwrB608heaOMQ0RQCYwOZiN/zbQf0GMroxLV0BeeWisfsagw5GfVjmAZWIg+fe0llrzhHG662Xx8Lt29MDZy0JjZ8XUPpFHOWhc/DX4jWhHJhVH2O16mvjyJtLdLerqxpputvN99TJWIpDdTTnY3nn5sMKpykBnG9SyV4i0+rHm8bVLe84gEz/PEvp7TC26jOIufJFztYuMg+ONA/F3kn+zW2VTPfULiM/SHDH3ei0NTNdkPqWM/MRTHodb/oXfLvW6h20w0SdQInecXa8ffvh1at3r16/e//hY8x0ju/fu3P37tXdO1d37rjhahicOGc/mft66Ojo6Oj49GGusMZRb0a9+Xjzyy/jh18+fvjw8d37X375OP7y89uXP78lont3rx5/cf/x4/sPHtw995A/d9ROmQwrfZRw/sHzxlIdHR00RPlIOnpTYM/v+T2/lW/aoY3lZ45OnIKUVGIWs0AUyp4jFBZhjRYiT4sws7DAnCSOY/QRKUTwcQ0zrRVCZLRIexiDEn2GJjLQS6CMIqAQNpBixMOSwgEQqcHYv+8iSgUBVXVipwJPGXguO8sSHJYCTKnxJB1bp6by11v665ua/pvpU6KyWm6K77UFlk2E/s7uw84HughYcvSaGKDqz6nKMCTmFIQEEBWCPF+RJ0xnxvRZjrd1CUVJn6pKZuCubK+J7siXMYFDdK7oytg7AM67DCwYmMGJoU/+crNlGUfpic55FaDRioGqP9Zy3URgrzM8x48LkkF8w1LL52RhPMdX+3EeZjWf6osSGu6ASuy7dztblwkLfneG8jSYe0d0GKpNus2maK+KQw1sQ9/H7GiBXWsLwfcYyxomrysCO3LcjPrixfXLl2/evfe84ODk0aN7jx7ee/Dg7r17XQ/R0dHR0fFZg5mdY+fkDhHdv5Ofev/+49u3H67fvL++fv/+w8f3Hz7+66dX9+9dffXVw6+/fjS42jTRcTIk62twi9a2xzZ5jehmbd7em87O2XV50T486Zd2a2d9/qHa6fk9f5I/xM/MiyNNcnp+z+/5NHN2rnzrKCJQmMaNgrIOTAwhKEFFnHMAdBxHEWE1f6POGWunREQChUJhThCFCGCGRSgMHEoW7C3JsRDfWvE8KAEUXr6Ir16rxexVVZnUxh4smMA7IFXTMEbiLwZLJFgHBRtJgbxcYd1rUgtrTJmnMaWlOV4q07brLWpTth6Jp6wKiqvdSsnPTfITNei1pO1GyobyYk2acE7BRqivNow/cxPBPt90fZGcg1HsIIDMUy77KHlZPMGgmPUx9SQ1GLvnGHux5O2sDe/aVDg8E4QI7OltWItGsxmHWVysiWqZqmUQeFg/xTQpcFoE8rN2vhpuZfi2KHMGu9xce+0trMljEHUVJ9TU7N5GtNbJvjEIm73M/rVUcjec9I6caaOlTwFizppah+p+NynkrcBWOrlthZpxtdgLpKp94i8Mdlu6nVn8xPD+/cdnz18/e35tf14N7ssvHzx+fP/Rw3vnHlpHR0dHR8ctwL17V/fuXT158oiIrt+8f/Xq3c8/v333/uO7f7z8+z9ePn3y6OmTL/qnNmdBYWul3ERZ5BNPrK/x31mL9l6ayV9rH5702x7hJdixe37P35Q/5B5wcntST/d0T+fpdIy2++W6wXKU8k0uKE7E778Qmox80DIwKTtnTkUxDKq4UQxJ0eepNXJwnlXjaMhHxqowZyYvZs/vRMKGWYgIijAwPx5PbDGYIMxqFEuSZxm9EskPAkFVVaGqav0HdtCaDZ5UESbG5oTTH560iacXXSv68zlJGecWc8ThOWA8bBrMnA/S9V5P51RBK68xxZBr2S6nbeQuRpEl2r0HEtjH5gsEaU77NXVjU+9q/qhFZ9Z0XlHE9EnwzCALh8tMOjAFRDj5/DQNrk8hn20Nd4vJb56wYpMMii0eNtNIzCAW2wlh/0I4/MIECUcPm0lgF/WI/smQaRmnHCFxutf7k1g7bAQOhyn/FwdtxGtcWOlnxUxvc2ugqeyMVQ64iyfOD2u/asvb5MJxVM+Bu87GbWIgjsAWb5w0znj2kJV1Pn1UH2hgxQBWtLwF2Zy98U/Nu1erdA0HtpEazH6/pU9tiu1mP+TOutJX6hrX1+q4RXj//uO/f3r14uUb+/PxF/effP3w8eMH5x5XR0dHR0fHbcWjh/cePbz33W++fvXq7fMXb169fvfs+fWz59dff/XwV9887jThKRHjyOQ/WKOlpLC1NnmNYNaJBo3czUfRZisfoS9u5s/0y/PtHMZGfah2erqnJ+nBrLmR/ujpnl6XplXlUeSjKEOb2qdUBlUZn49p3aX1TJN2sjRmxgaajD9vJ42w1ebkGkEijgYOZikzpQlYSUEqIBUaBWQiQuDKk4LACGVVISUewAQJpjgApEQgJYYP0RbkUrnhD1AiiSazNPYGmGPwMArkSrSnR5WgqsUUHAEHhWoQCy5anGJUQfLvewazTIz1K3GrP4QvYhrtJAKI6XRrZqjEjZxH5efT7iOIlNI9TVRyNYZQN6wtxAZzs/uUCqp6TF5qx9LUy1TaOjkGSGM2iSznBKH1oqoWkjMOQCy6pq06z/xZtaAISRwjAo3IRCCWkCPMAENYyJPlBIGq7WVmZlUYhZl43Yx5qu/c5DaE29e4uVXO8t1cLrASzWXDnH9/EFbGTNysavC51vNIY94ZWw1g/1B/x0B2Cfs+F89+O06J875ELo2QrrTd1eNoTcXmn8dGNY0HvKdbXciJr3rlT6BLW2Md++Nm1H/96+efnr22P7u4oaOjo6Oj47B4/PjB48cPokz/xcs3L16++ebpF7/+9Zfd6ehpgGRG9TZV+0h5ya4b0/5fMKCm3TikeWM7R0nH67sE235P97RPD+R3Dgc9QDr2/J4/n4+928Gm9mm+HezUL1aXx9I4PQ2wZh6m4wQ751gsKBqgRESwAGZKDOVRCA4AhpGV6IYhTEwk5uET4EA0iPkkhedPIhViRqBx8nI1JpHZWUb8ukVMtmT8KgcPjElJE6ozZ85CA++T8T/E4ukWnxE4HJOgaZBABgeO4T+AiCxMnPXedBnKudh5HaYWsX0+md+mFmfHubNz5ROhu9hI0woZSPO86eAHfc65YqNlu0tsRJ+XqgYPsaXhOMa9RNAaJtK6TRDmo5phB5MEpRoioNbAqOFyzdOnJAWhsBgvGBG8YDIzKfuFxOzlf55S5+A2lIj9ClejA8kX8PyfbTELEirqKUZhVTdwcCgqkoIRevIxDk+8AFfidw/xjRx//Vb3rrVuT2DqzT5iINhzJ+tVKG3holb8/sArKGtN3vTWT6+oIs4PdLGVfHBy+jjUwvmQLuhyLueiJrk5gHKXHaOHBua97G4uUza085RWb5+63axMqxfkPgvOyUKtnHHedZiTr66yp+TFo/nsvdWfWH3OePb89T/++fM4qlGDv/rm8Z07w7kH1dHR0dHR8Qni3r2r33735FffPP73T6+ePb/+6dnrFy/f/Me3Xz598sW5h/ZZgL3VJ3wjjmhZKe26U16DFuzJKX96dtLOop150i+taofmxrM5f3k8Pb/n75E/BO1UEEZl6Z7f8+fz6Ra2T4dph2iPcZKI9+vLACD+axijCEkJEBmMtBMemR2zMImwOB5GUVFVqLn6ZB8pTT2DyCTCBFUCQ3y4Qq+rz43vicKj4gxlZTKbfjLQR+one2EzB3KSA8WCQDQWHGGaOmuFEyekpALPmDQ8EPoWdjHBHYpdOKYFba7nNrXtAAAgAElEQVRl5KcsZuXR0J6kQimY2YhrfUn1J1GIOJlkglW8t9wPbV5X1cJW+l9+qC2yGVsZKkZGkEzcxxCRQJXHdSi5P0lj1/1FMcxnKWni9KA+oCdxWvmmdFUlZqiyCGlgrSFCpEabRU6PGZy56LWScah2JRy+N4ieBqMNfrowjmTJre6LT6MowRlFMF0pnMkivZNiUPy8oip2RhUL8yzlc17l07HROYCVOOws7ckOXijmOMjGE+uCseWU14+ylQ2c5MZuu2ibH07158MtwocPH3/8+4vX1+/Noei33355/96dcw+qo6Ojo6PjE8edO8Nvv3vy5Mmjf/7z51ev3/3txxevXr377jdf373btfvHhbc3BZtqDOJU2115Yo/lVXZamslf286kX96tnfX5h2qn5/f8Sb5kNnzq6Z7u6c1p2qsddlcsjsWROGIhFpBYgtgxixuuhuHKDVfOOWHH7ITdIMMwDFfDlRuuyOhAkwCyD+LHJMJOxIk4YRFiNoeIYJi9PrxaKYq6mKMJEz6+oaVr7ZcVmKjB4kmv4zJ2MDWQNDueokwdpC7z3hqd1r8PsgK5IGnBvNU8xYm42Yzj2c4qKnRT4TpnOmOW3Wx/Do0GJuOZsrNFpMnJLSQu7st0GJ4YzmB/xszwpxaA5mVyjBV0HGfO5jlF04DvQFWho+qoGG90HHUccXMz3tzozY3e3FjrsD7G0WqZu12ouQq2NJLT3TloKBFmMM5k+/4enEuY8v0hNVtlTskbmdB8c1Ubbf2OW789mxXn6lY7bmE+59qZ3pRbYVu/BBbqEsbQxM7rbU8sr8AKuwxv6/le7iL8K3qhPvPZecKND4Gdm11ZMnsRXu6CP/cQOnbE8xfX//e//v76+v3V4H7//dM//uFXnR3s6Ojo6Og4Ge7fu/PHP/zq998/vRrc6+v3//e//v78xfW5B/WJwxtT97DH0mIZuhw7c0/39LnTQ2AL+7EftzrSkVugks0+SO/ra9FSLVo8u6FHYnHGzBNBmYjA7Mk+JRUQM4MB8DiMw3CjOhBBVcACYiW6uQFohJKRa8wk5uBLOHxTYxudc/NUcuapJGSh2OCVWsFOadZ9MJGm0IM1+1QSefWn6ESJ8SCALDoiqamQzLmoaQfZuyrdQXlQeVxcwxHO+3A7bmAeG1WT42lyD5YXJZtVGbZ1M3XsOO2XiPKAf6GpovfSftmgY/3ymO0F4eOTiYgwsUj5DMeEZtRZ3ppXEJKJ+PxqDlxzI7YlEytrmmdiMFRV4FiUiZlSAEIiClEIwYFbt85AYFgBGzBBbffa9lCvTmSwiNpWg3k2hQgzSEewkCbndRBlljhFxEHnawUUmnlAJdut7O+xVoscmcJjHze524A5d0trWsp4rwJTYJ8qaMgWZo0Pu0lzbdfBrQtpihq3gtGvzYnKN0L+DImrMTzzZPnBdNtjeu0/+Lnbd8JVehjcOrp3NcJvgPo1vlQl/BaIVTRzSB5RhV2Jz4D00VF4fp4aB9+V3CJGp2/26lQYzWHH0sbCop37vVG9UDpuBf724/Nnz6+J6OuvHn73m69dj37U0dHR0dFxDnz11cMvvrj/499fvHj55oe/PX/37pfffvfk3IP6ZFFaX82G2bK+8jQnV0rN2myXz7ZbXjzLq0ou2Lr3G08/9uMexyGFv+Lkz7ene3pTGnu3g03t06519x8zFvvC6jYbdd0wEIswkYJNc0QgEWFiVWLRcfQcCYuIExkECiJWMI/MMgyD3phDxDFSP8a6kSqBhEVJg2Q+0g9MRaCgiVEp+B7l8kMCDpEWc7lhqX/KdFIKiP87+oEE4Hs3piH7xD9zwUghntySqWtq5Joq1aYGr0pMMG3kSDayNTKmCpWgq119weqIdq0drzG2FEncglEMI86o4nBU1Dn1wpuTxwUZHcP/dqJA9iAfUozwGW+9FRcWEVECKzOzkMv79SSfOeP1fCAxE8cogPHWWBhGmGARRGrcIQtslYrCtrGIQOCEBBy2C6uQMJuQVyR6+CYS+GiHKC6EIhkP5Osjrvnp4l/GmvJz1u1GfvzYwD9OijXIgQRNizM6Xy3v+1Sw2HZwuhNJM8c1rm+t/ObgUyKKdsPSk8bQnN5bTTmUg99rDWTb4jaCsz09/Ukzd13nvN7mq/8AzWZthC9RLgWfFp/dMYuPH2/++sOz6zcfiOj77548efLo3CPq6Ojo6Oj4rOGc/O77pw8f3P3hx+fPnl9/+PDxd98/vbrq8YCPhBX23kaZBXvy4dI78iknGVtP9/SW6SGYfpHYjp7u6c1p2rsd2tQ+zZdZrrv/mGmxL1rdZqOuOOf1ewpW1UAQgohYFfG6wTKIu3KDmk5QVEXEiVMHh1GJ1bQu7IO2ebLGG8lEGCPUq7U8h2IqqMiWJUsfM0dTE7MQgRGfFIEwhOcIg1HYnEmyHwEICojvJ/kXBTFYSNjHGCQGMbF4BZeH+BE07PKBnOJMm+b/87TOliYyTMIcblV+2452NZfnlkg08iIrFiYNiFZdxpSZi6JOGD815fpyJtBIoez3S1YhuK716y5GR0xOR62f7M9sT8M47LaCMJDLfjkrBaebpiwMdDdz2GaJ+jWCkFlFRCCBbla/un1ZTxAqKHCDlIIE+mYVfpwM4zrVKG5mYVYRZrWgm74PUREViIjtMQULWMXIRBaFsBj3rQRiSFCCGmkfxHrM5JWeoMQg2icA8Xrz+4V8XWT3c+NqXViTUb1qewt+IVC20/yjJkUnDR8WIFuC030Z/RjX+XHVFhexYZwrwItTwWUCk5z2ALJNRzkJVGp/d8PBqKnFFrYa4fSerKjTnvS6HQTBdNndIbHzo3vnwRxZV7rxdjT1+I0qc2T8hB+FiQU5bX/yP1LiY6DV0aVzxKvXdXVJyGI41+V4+sTbb4x7k3/rl+J+O6XjuHj79sNf/vrTLx/He3evvv/+6YP73adoR0dHR0fHReDJk0f37t/54Ydn128+/Pf//PP3v/vmwYO75x7UJ4kV9l6e5i/Ykw+XbvS7Jn2SsfV0T2+ZHihwhmzW4J7u6VVp7N0ONrVPu9bdf8xY6osQ/O9tbHM6TohzxMIEFoIyKUNBIkbHMYs4BrEQiaobriyumRtp1NHBWXQ0ERGwAwM8BjqG4nsmqPSEaMQYPZEaL8muMmKG8fm/kmNSa9jTeD7AoPWUSCkLd+gJJCUSFpbM0uSZFyGR2CLAJvaKRB+RUKJ5jGgpfxFwogY5/BdYK+8xOSqZVti5trXhzoZqW6yyURQ112ym8ywKZKqzqrXoF66wfWauYD3JZ4QbM/s9li2bwqWkb8j/dmHP81FuIaYQbrK+KP9fEOBRUv7F8Sg0cdnZUANHSOYa1MpU/kj9+P0MNHxvCiDBgWdcS6GKiCSnoxP1qhBBMYKgcQ5VPbHNbKpEzWJcSYCKxjQTC1jAEGHmkeCEzRkYK0EIwcWo+Jtl2sEghCVmkmx/clgcSXZI0WWGGXbDPQqraGKrbi25KU2OzAjOyb8rpf2HKBn1xVAv4/BlQSaLtPuX7lMinrP1WuZvdKM7N/hmgbkZyEnBwi8glOZRtoz4yMrXZ9l4PYSZzOnADmCyz0ZbEPmTvvIvQvJn0DzF2jqTdze5I0XJaQC+Zb5wXh/WXinbhIpsn9qN7SufSHvdwVbviw3y7GxM21z3/UodQBRhlaS4qVww8dFncosAXos1r8uVtZpofKcwbS1xoPU4GoXDxFcPh7XjKV3yHsT97zRneX5utfD3E8br6/d//su/VfHFF/d+//033a1oR0dHR0fHReHB/Tv/5z+//csPP71+/f5//t+//vD7X33x6N65B/VJgc0cFW2WCKKGygY75TVowZ6c0vmxXWba13K/q9pZNbZdxtPTPb1HeiCKDuK4p3t6dRp7t0N7lGnmY8sxY74utdKhDOXll+dhUhck4mCB+QL5piGeT8YlibATGUVExDkZADgZVEaWUURYWFQgyho4hUicWLQ076XRk2mEQOxZtLXJe1czT4YAJDN1SbB9BX6GzJKMxCQmHaCZBYNl1ryMFtbniYEKnJkRcy+nGZKMbb0F8IxYNm6uuwS/Iua4BM/6NQz91rjGilP+bG48JcvCkS+MRuRol/Jm07AcioqJjyTj9iiakzPCwMsKKX2tYmlV0xASQlArYwdVNS7OSBDmVxRbFhGAx9FHGTQ6MOMCJZKCOQ+dEYSBvMx3CUxVmASLXiwooup5QedcHJ6AyQlBSD2ZqAAjfpgDUgDqXaEiucAFhV4WKL7sZqf5DLOTTs3bpm0CI1E6JQwql7xF3fBDe3lstx88s/VOBp2EeTstwCgCy3GVOAajsMxhVDv9BNizr42P+jWM19lpm9zLcZ5pCe9boPTgXb1rbilw9mdAx2eP16/f/e+f/21BB3/3/dNzD6ejo6Ojo6OjAefkT3/49V9/ePbi5Zv//X//+tMffvXFF/fPPahPB95mFGytKfJJZYPliT2WQyCURZszbbRd86J9e9rv5nbi19Q72dKXx9PTPb1Heiht8T3d0ydLY7EMZvLX1D3s2KZ95VKt9e34uiICJgIYUCIGWNSkfQCzwBEzKxEpnKpTdYADqaob4RzcOI5OHJwJD6Gq/gUYv/a3gwkJI+XGQRSCQNlw9oLNTX5UAGVW7tQxMj1K3pbMgaoMJKF3LwlC+DKH8spZH7MI7kSDwTGMP5tmz2cutZJf0VpZyVGwgy8vVFeHtZbraUdzKqssP/qJnBlM2UIu0/E1vbdZUw8mj5U5/RiWRCIIvR5lDCH/qoVUxLwsCMJqYEbX2XrMCMLICyb5n5GOuYIwDY09O5M0YYh7PgblZGMHEy+YaEJRQAROhJn8GIjBniAEcxghMTGLd03B1oNJClt3IM9DuWfjzMRdWd395nRVK2E3R3NNGgO5z800Kp+PTF6U55dNLC3y3YiT5iTsJtyJK/9AxFV1by8I1QP/qDqkXNq+SaG4GbedozoqLbr/5LS+5qGdN1TE2TnR0+MSmOCOS8Pr6/fGDj598ui33z0593A6Ojo6Ojo6lvC775+K8LPn1//753//6Y+/7jrCg4LLI5f5a9LNujxTpjpu1X6ev8M4D1K3p3t6x3QWg7Af+3GLIx25hYgD9r6+Fi3WWj673COxCIMBNTebTORSDDSY10YTzysG1VHVKQbBKE4c3Kgizgkk/KcWWM27NA2WOevP+Ab2DjmNKjTXiWGGuRhcsHcLx29aLBIZCh6lkhd5qWCeg6AQS/34AwffpDRvDTPPbHUfpR2y8W6fCw60iDOG3tnCCdjmEW5tW6wskk0z9JzVsmIEYzrlqyd9vIvRQAWmD6ViXlh8IKgaOWjEMvJmo46wosGmo1JVEfbcG7N6DR+Yk5QwXl31Z5hKeO+32UoOvnA5CgdzF6OWMHbQjqTknANUbA7hNxEIDlBmYUQln0UTNQ6fs92UX6a/F9n6KCY/bIeKspqz1M8Zo7eyUzcL17emSfsF7rAgv6v9u1f8zjbmWtv/IZC3sEdT8eHd5l12w7YhV9NoVvloPR4mD/3PGOclkHZeQrv1dbzGLxmdI+zI8fbthz//pbODHR0dHR0dtwn2yn72/PrPf/n3f/7x1z0e4eGwm815n7rHPl7y2Prx8z1GBWE/9uNWRxy5hUpBeJDe19fCYq3ls8s9gmUgqAnuLF4feWJPGEQs42jCQoioyOCcKlThRJ2Ic24QHWUUZmEWIRHmKL4RDhxj6I+ZhcQ8fcLnaXQDyeR5kpIrqoWA0a0iRUIlMIuTKFLZrfPFPEPpD7zsOhHedelcmYVTC40uEgBn4QgPy1VUUsziDswLUBYInhDUcIkjzFEThDam7GysRflocqe1efno72EC4whtkLkEMP4ZVjSZdC+QgIjawXhRU+1gGLxXEEKhIRahhJaFnXOxWYtx6ClC26gmKzQC0NhDBy+QFGMFVUWEhEzfqFD7g3JSbYY8bgvgprenmvAWqtmrEtuaquOUrhTVVQVO7z2ywqG6PpCVP8ZmPQzmOPUNg2hxQueVX++DM34LsjOOQRrt1ubGKlOf1TugM2QdHUT08ePNX/76kyq+/uphZwc7Ojo6OjpuEX773RNVvHj55i9//en//Oe3V1fDuUf0aWA3m/M+dY99vOSx9ePnexwQonxWtvee7unFNPZuB3uUaeZj0k6xtqkeM6ZparSPhfLZPKDVb6OuiEQBFcCq7O2WLEwsTPDuBp0jHdUJnMA5OFUZ1cuV2PhBzWMOMhERE7PCSD5la1CJo2DLqIfIK5gT0kjZRdOhv4BIO0VHi2l2rbfaGugJwUxqGGMktsSHU3hyMv+PYl0ftLEcwGJz2R29TZbHgq1toTL32/1KZBwTlYbgatqjY8ycV6OC5pnxG9kKQ5Wzg55RjgMJoQrD+gnrPlwmp6VF5nc3aA8pb7DiCOcIwux6EQV+RMwhVidNGMEU/y/zgWraXo3yQZMfep+lKqM4sR3IJuO1hLGDozoRGQYJgw+TwQS1GMBCACmLkIkVlRAjfaYlXXq/TNNY3k0ui+0cK251meJZ0dA4boNmgMyKgrqonbtyMA0N9DokgfUGB6vHgfdBvf24z4Tsdpx/kVzUQj0l5tTJB6FjGwGTt8HtWcvUfAB2fJ746w/Pfvk4fvHFvR53sKOjo6Oj49bhd98/vRnH16/f//WHZ//5p2/PPZxPAGvsxmWFYA9bWffkaV5/XT3d06dMD7m9vbK893RPny/t+YUDtokDlYk7aLfrYnGBzyEiFYYKB20fhaBpRESAOueAQaHAOOrodBzViQwiY/AxqiIMFWvOkbAQA0xgIbJAh+bxsKBdsiFVCsAQy5dL7sT8mAIQQpvn48wgyCGHEvlYz8mkgc0WxeWzu+LgspKNIptlCyDa4ecyhJW6hj6Z1wg2zq7nJ+ZkhUbawUefRMG6tURI+dmUD/+fQuPZystopU2MBGFgrTQQhC5nAacsdb7IE2nqd4tvXywoaCgvIoMbQrBDkwaGSIQEAZxzRArAOQEkBk1kDkE/hUAM9dsm+SwNEyKZrpeZyZOmRfDFuaW1HHowIj1oJjeiWX5Tew3MSVSr8e/ML26LPbvYtG2LB+MO/RxV32YraPsqNU4pwlt+duUF1ze41fjPLpc80o7YM0ZgjoUWtm28E2MHQfPpuoBL+wij428/Pr9+8+He3avff//NucfS0dHR0dHRsQt+//03//0//7x+8+FvPz7vzgD2RmFkZMoNik3La/7PtoW6U8Mkz6Sndukph9K0DzcMn/NtblV3TfqQtvSe/kzSQ8mJoDz2/J4/l097t0Ob2o9lpu3M5S/3i/nyzZyFcc6l58aZcjKCMIs1Fj4fAZE5LCQiBZwPy+aAKzfejG5wqs7dDDooVFVFVETVKD0mVWUSJhUiYgEAhVLjmjg7VsYhG5ZpAS0jeBw1x5OYNjH1HOqdPEYXo2Xnka2xFsKf9Th85MTwEo5NHRDHNvvu5Ncu/4Zj5nxEYd3jSaKqkLMX/v5V/izDn8jSdTsbnY42/8zrVubLorCP2Oflggg6PnP4CWhWULNmKZzyVxGptCY7WAkKjc0M/ktJCWPQI3Ik5cKfPtagOOMF7eiLULxeuwKx2IS2f2xn+73IDAaRIOg1WTJ/w2HczfufhCYzhl2ERbTRyWd1N5NWeDb+XLup2Y6ycINFeqbMsQ3V21jDedfhLFc8ly1+637npGCruYfDX+lCWM1PG5d5sQccVPsCL/Gij459GLvLXCcd6/H8xfWz59dE9P33T52rP+Lp6Ojo6OjouBVwTr7//ul//fc/nj2/vn//zpOvH517RLcdu9mxY92V5U+Wn4/tEsbT83u+P8YYhPFcdez5Pb+Zj73bwab2qZU/feIf43qnT+3m2Y3zMB0nWNh7MAQzWI1Gi1ol75NQiUhU3eAUzmFQQJxzKqNzwzAAo2IwxZSM6piUQAwRgo4Eb8QVIhWWkZU4sJGRoYg0Qwi6lvunZM5dpnJMZR67pn5EE7mYgg2yZaawcmF6mAJnExLF3EV2kBuTu2eErhNrQXbgCMOtmDP2JTYWgLGwxmzFyY1BBHO3kJR7kfVeECVUpErGlzGF8b/WUDKNadTw5Zq/SurXdFsaC1W+RJG14FujJFJU1ehWNBYLUy2RZ8+XaCXCi2uVwLE388ir0Jubm8QRhqswdhAKdWrKP+ecBR00Ta8VEKEQbVCsWQVExIkYr+ccwxhCEhEwk9gTgS06YXKtZ2OWhuEY+RrJiRM2CTBSC9MbFz21Tm/99AY18+cQuNIiizIKEK1iMX8D6bRa1rY3v0XLz5iKrArq2/wH1oUY6/cdRn6ly4+y5m3fCuWa3NzFztiWhmk+xisXuwcf5G2hfKYzs40z3rUFbl0IyZ1xpDiRC93tVrHjsPjw4ePffnxORN9/9+TB/TvnHk5HR0dHR0fH7nhw/8733z354cfnf/vx+cMHd+/evTr3iG41Knssz+RX5efKrGln7rhV+ZXj7Pk9/1LyB7MOA9SP/bjNETvUoq1bmCvTzIdxX0xlTuod82fBlI8wa59iGsTTup5/MeqsPpvVDTnE7EBEQgwiqIv8oO1KAGqBCck50wgOIio8igzMN8IjsxMZnMCJjnzjzL2harRNh14L07BX84mxkEoloJ4GhNc5ZYbv6JaUpemecbN1yZvKZxmI4tk0aa4bryZoTCSzBbPkSNMusClluL4lu/Y0KlJlsZ36h/ReOm2RASNgQQc1kpZEElkiIluLINIgA9SKFIx/BkVhJAjHcaw4yHzpRoVfxWRX5TOCMDROqhhvbm6sfQpaPWYehgHAKKMbnbMtquoJQhHLERERjtxhvArnHFSdc7ZPRYTCRkxeRpnByhD22zm5GK3mOTy40vUW92JyR6obOsef0XYUWl1xqyrnjbm1MNrudq+5MI59s+a8414mgRE/NZg+Qg+1sG/FIqzI4+kboeN46PP8KeHHv78A6OuvHj550nUGHR0dHR0dtx5Pnjx68/bDi5dvfvz7iz/98dfnHs6txHrLM9XWZgo+ns5uOZ8eeWeLej/241GPQ+7crx/78ahHbFHey6G27oUWe58/a2K1xggxHT+qXTPbMqY5YBZiCDGDCKKqQbwHIvM6SETMYFMjqY5GPAw66HBHVUVunBuMILkZRydeDKaqFi5NRCxeoJEwHIKcUSAsA0VEhWfQLIaWEQ+wcIPh+hC8fDrn4lyrKrngUDTwe9Zj4mUk+bGs4xRG2dBSKCM/gd7yKH7ysjYo+ngMjfNMY0dBI/BbSNhCqf/cGBZo0g4VPhhzzqiY1EDles1f1nNqoNRx1ZfSzM8sv1WDqKIDxlY0VwMSGISkXSX11BYjaN3W6K3YyE/rraVQzEgyYnaWaYpDDjEJY0kR8ZRl8A2a2E1SVdVx9P8Zx8ksIkwMxdXVFTkyhnIYBnGeGvQsoFdnphszjiMRqcI5CZcpgELspjAxmMBgZnaOo+Q2blgJP3rjr18GE0H9x2kofPyWa2yBApwrkFv5K9VpvlvzSYtNwT9ZqLo7VV8VrVJzKqGFKn/OM+puHFLTvL7AGi60E+veQnt99TTdHRNN6obi9TjK8sfgBWdWY6OjlQvjeLf7IC1P1Y2HajP/c/k7kpWN5H/OPSWqRnbmsHn91E4ubRmH0kSuZP42traVurrjjHj2/PXr6/dXg/vuN1+feywdHR0dHR0dh8F3v/n6+vr96+v3z56/fvrki3MP5/ahtAnzfE48UdmQF+pOrc08k14uOZez0Zq9z9k1x/1b6MfP7jg0dFc93dOb09ihLhX5WFF3rkwzP5rOY36xtmsFYa75o0xBWLcf06BGXW9oKXpP/aIuT8ROGGQByKDwjjihCPovEMR6ghMxNZKnCJ2qc4OMA0AiKuKcOBUVAEpggFhYwFDykQcZxi4ICalxH8lw7zWBlGn7WIJZKnNRyBQTgfAjzxZCk54pFPUB4ChoC7mMHphasxcXfWpAmeb5P7doJ6NkItuaFUwLHwBnbmFbTS64DMUcW5C56KRoykeJWN+IOyUYU5j7ly17CuEtmaKr28ooWjQexHyqsBicFTsYy8eVlWscY7DAYkrBRftE5kB01HHUAp4aD8Mbx9FyVHUYBhMORqVgnMDJCJO93sc+lLRjiCDMIi5EF0ybEH6jpsdZIIsRb2wm511hIud9d96C/ZpbI1iQVU2t4Vzmn1goM8c4zkncWiWPM7IjYquH02ZcuLZpZ1I5b+FwwzlK48cYYdlm/lbimTKrBjaz3fb2j3vkBXheDXTHJ4ObUf/xz5+J6Df/8VUPPdjR0dHR0fHJwDn5zX989Zcfnv3jnz9/+eXDob/lt8Rqu3EoWuTzyronT/P66+rpnj5lesht9MGa39M9fZQ0tihvwe54675otgxWtLNcBmlsXOfP91ukARFHEFNYESsRW/SycLUMGjXwJyKjiGMZxKmoE3HiBpMPMovX6Yk4OABKysRMIuydppqQjFmElZiZRJUUY85ZBHenXJE4UYCY0YTRS6NRfiE/ZGYkYNNexvFcZDJivaQYoKKhtbhge3yl4TiE37n6chHI61WVF8G2ZLx0LPBUMzxNrjBLOrOcODRanRKJRZQ9CMiTh1lJAntfo5UepWQiE6VXyQe9BFBH1cJZblxvlrDQgJ6QR9Gaqio8O+i9nSp0VGKCQkVNlWjuQ4dhsFJuFDe4wGBaJFFkgsJ0Kcw8jiNMTZh8l0Y6HePI7BwTi98rVEr6lhZ7/vv4UNhhxcYKTQN6HNqcvnAlibgGp5TIlDTJ1uTG/pTVgXBgpvCScYHUzsGHdNhFNbcNmzrCJlZK6HyBrMoOFzKnjT4stqIJT7zHF2JndlwO/vWvn8dRH39x/6uvHp57LB0dHR0dHR2HxFdfPXz589tXr9/9618/dz8B26K0CUcbbNAm5HqDlM5tyAt1qzSVNt7C3juxSzPV9t6qfLN9WmxzqwfxHcgAACAASURBVLpr0tvb0nv6s08PMKuyp9eLY8/v+fP52KEdKvJrn8utdrCcX7bgdXtEsXwRg9C8dyaGPPIfTNSKQej7jV92AJSXr0YSKJCi3+iTL4tB6ETMlKRQgvF5DB/CloVIwUSjXQfDsY4CUXIMFThRd3V1BYzj6JhF2DmnAERFSEAw157GsajXF1UMBQhg2Dn2/9ncIbgsNLsS8vkMr77CAm7yRHbEQizEjRCCE1Rawqx8XbcZ4jC3FUbukiuntIs4hn+tgs2i/JL8dc4ZD5tj0Hhli07bog/ZJOSgcEtzGiZT/Nmxedk+EqctZ/Ydmidcq5GbQQNrVXuhnLa5xl4cYe5AI8Nmn9iNXjWYHJlCQQAVAQqRN+V3nfcj6kduIj+bdR1t2gqu0XSBqjrqqKoYMY6qI8ZRb25GIhJWIx3VAY7cYFt/hJI6QJmGkfxgOUZTNGVhuFynCiILM0rCaX7MJa/NqLIK02gefpXE9qiAjfhnFok0jr+ZCE+RjPpP2GpfLOSsRVhj2ScXYZ1EmeqkTBxqopJLxeduMQ4PiLnec3ZkeyKTZ9L7MxkbVcKt+eGDdN2xHY5HXB28x4Wn/TG6q149G4exfNXbbs+5wgus2wIDehZCeiMje4E0+WeF9+8//vTsNRF9++2X5x5LR0dHR0dHx+Hx7bdfvnr97qdnr598/ejevatzD+c2AWvtxsmlW5bP8/bk89rVebU9vOf3/JPmD95+7S31Sa/gZa89v+cfLh9blKdA92zZLy2Wp/l27Bk9k1+OPw4uy2/2i8k47X1QOFIMnBoHOZV34gkWEnEigwgcoOZT1Jkzw0HkxhyPWvQ0Iz9UTTMIEedAoBGgUZVC8LLgIRTEmtReE4PwXECgaFtmYmF2uULL8xYiLP51VxmdMvLQWL/C8WjgnHYBp+WyVb2ddQnbdNGwtm/0xpZltk38nukLBAunvmIl5MVjnfy4ZvjTrNzAyq1pzwjK7cgSPzYFgapqCAVSdlD+FbEPA8Vorzc7xZVE1ad5OhU+rufNjfoQhOM4jjc3N3YkgogbnOOwvJk5CAohKrZ/FXAqIuTVh4Q88KF1F6WNYAmkLhEJMwuLqirxKGD2gw/RQdnYTsCijbL/3iHcg9lt2yLFVwp9Kg+u03pNoWcaQ1AMV8xZLq9bkNo1XI+2qIK5umsucIeKC8Nbzt+Ibqk/JcJsb631PM4wPuVOF5j1hVp5XNU9P1847PVu5CCnPV7I1m5+HXXh3oA/efz7p1dE9PTJo/v37px7LB0dHR0dHR2Hx/17d54+efTs+fW/f3r1u++fnns4twm5TZgzG2ymNAi/ar2Xs7y8T0fvZ5vsyXn7VXme63em/LLdmybjXCrPO9rh17bf83t+zB8mnHxP9/Sx0lTkY7H8tOTGupPIf2WZMgYhUKgAo4Jw0j7FNDLN4lRB2Oo3q+vz7X0CGE1BIpSZ3REZRDYCjkIAQgGcE6fOqTrVwblBxImIcwM8seFUVQijKhTELOKEIIACDImKOwshSBK8iCbnjhQ5ukh7hsho6ZT3B8meDnQiHGsb8yHB8MTJxGeXtEnQQEAgvVqFc5oH6RdDksPshiN49sPycFb3OJUMpsa5yEbGM6VeojwuZVR+Y+vm6wCHkRaar5XoH/NMyuHmCbGCxAfqLGmeSG0h3ngv57MlVhbOylQjbskHTX+Y84IxAKEqhO3/iDIWMkoMvYJwHMdx1HG8CQzhzcePxOzEIgZyTj2qCBOxiKoOGFRVRyeOI38pTioXqeaelIicuHyGRYQYzDQSCMriR277lZSUmWPERiKAhOKjK3yVEH4b77Ow5w36WzRScclTb7Q726YrE/wOl3lsg3jYRxseBadF5wCaOOc9+hzYwZVoPa8Qv37Zs+W9RlZi5dMmf7Jd5oTn6BzhufD+/ccXL98Q0a++eXzusXR0dHR0dHQcC7/65vGz59cvXr751TePu4hwPTbZjTmmCUx1GV6su0+a92tn43X1dE+fJx1iECYmvB/78VhHbFG+cBi5xZEWe58/69W1M/nl+FHtmtmWMc2JJjAhZ2HKvM3d+06Ehgh/8P5HRUK4QWf/OafOOefcMAxEFNSDTmRkgEhHVRIyvkEA8eQjEwmzGjeoysYPeiEhhxmnAKYYVpBjVmAImViEbWQc8o3VFJYoieTwJ9t1BMLGx5GjCvCuAaQywRV/mBjShgVKKgPMVjg5QBP5ZG1VrIxxCzbHvGRgTws2t0Xb2AQX0rpYsWiwoFiSPnTaoOeTUbp4zbViOWyRBYoQEwMpZ6bfwAB6kr4KhmkdSSYBLtqKesLSSWk+zkj+MTOTEwEzO5eaSl+FAQDGoBwcA3QcrTpASiMzK2EcR2tBRKybYRhUdRgGderA5sFblZ26FN3QQhsCzkZQXA4TiIXBUELcBwBJlDNbMSHN/MTa9EVVrv06ttUxpdDmSLWmdXgfk/E0bmXFEe7f6VG1v2vQnMyS59jz64XDohMAB0b1ADzrWG496rd+9YjYbXZ1wxNmq7t2wA8R9vm4YSvMScar9+PFBED97PDs+WuTD965M5x7LB0dHR0dHR3Hwp07g4kInz1//dvvnpx7OLcGpU2Y53PiicqGvFB3am3mmfRyybmcjdbsfc6uOe7fQj9+dseh/c/XOZdLPb/ne2BV+fIsivJolK/bQbOdmF81P2GKMtMSaFIHWb/lyZyjyAVY6bpSprVfUkKVZivnMRIbQSFYWiQzoOo1hTDhEAHixMGpVVYdR3Ei6mRw7sq5ETD3ouYRUZyqek7OD0hAjlWNTIP5KiQRgScvNeqtivvEyXrF/rOCigoK9CFzeit6uZMJn9i/kzjjGvNeNqCkm9Yh53u2ws4Vt+2iQpO2KZ00LpkXK1oitIBcULfP8OJ4NlavNGHmUlOJHPNoq4tZs5hzQiaG88VsSyggkydHvJhqtJVwMPDrUT/o4qmgbAQRCVMMTNg0kkbnouZZNGoKraSSjiNZWEQW9gJBZhYxBeHV1RUAhRK7wLkKkRfj5nckDjiKCAOnR5F3BLEz9SEFcTHbw0rgBb7JwWg5RSgDYXJzha/n57K7UK/YOUzI6QY2koVHwkH6qvZsdXL/9jtuF3ajWOb4m6Ni/x13EMHZ3HTlc3IhxNVWY1iYmVPe5Qqnf8x2bMTNqM+eXxPR0ydfnHssHR0dHR0dHcfF0ydfPHt+/ez59bfffjU4OfdwbgdqT1Tz9meefqE/k7vczjRMkpeDHNKuXputL8nO3/M/6/wQgzCt+uijbJLT83v+6fLDCt22Ha/amymPydldxpnvKqYgE2/0i8Z1BUsTgiyKADZ9UvCCqFaLiUUcHBxMFKXmVtQ8i14NV6qj6iiIjkiFmZ2I8TAKJRCzWtRBJQYBChavJYRXKRJF2xfS//s8zfVNOc8XTXjeC6IJBH1JTxnahwjmXDTRMNEFJYfCWaih6GGbbAoQup6KcSpfhfnjjnYyKa7/qP9Qn/8v8Hz211btlBmJQpsbZGPqjLAh7483DmHawhzfmcsRBABxdDEq2dI3tt3+FN9pWhSebg9RBlPLXGsbrUjODpqC0NbFdJAK9TRcdgdt91mm0YEJNyN0VFVSBbEyg9T6ZZURFP2FMjNUCcDVFRE8QQ8HQMQePmOgAo2eVyKGkgqcc3bZzjkSGDvonBME/71CJMwktmGFkG1ZmKTWHk4+TQxCbmfPrcNNS/FGpcu2iDx1sZTCn0k6HY5cPvqXe93HzH2oujl1UU1p+S+Z/Al6Udh3YJ1sOCBOz9+sIfm24ucWXjdzwUTXDHKuyvKXByHVKHkQ1eD6Ty527voYqH5s9C18Xrx4cU1Ej7+4312NdXR0dHR0fPK4d+/q8Rf3X71+9+LFdXctvhImOsjMk0G+kOUEO210uZRyzH7LeUmu7b2c8nP7c94yuLYPF2erHKYZezLP2pOX7c+T67oou33P/6Tyh2TJ8hIFEJIGpef3/L3yUeTTFu3QQjtJIzVtJ1qcJ+WTGrHZr7ESM/nl+KlxXc1+aXJd2csui8NGgScjTzN4laEQEcGR8wThqM6NTmUcBqcYhnEYnRt1NE+f7B18woEVSjBtYgwXCKiS9yIZ34WJsilYQopWfCMbzFmo7yR4PgQU5IInVAvsFukcopwXLPSAueIwcEIp4eMV2kgySsn/PvCrww/13PKCIw8gZ0y2QGX3aw5yg2WQI1O3HQLFyIBmjZU2W5ACXHLBwkTgkUIGZaLflnwwkkxN+Jh9qua0M9GWFGOCxpiJabIiQWjL2MSEOqqOI4IOMsV75NS7EeSAep/BGAAl72BUnHMAqcKp888sONtLcCTqFYJkIRidy0MV2laE7QUGSJgZAhc3L/sHE1frhRnYjSg/HFCIxnN62J8KNGFaB3nt2VbPww5uxMXH8Yp3Y8cHS8excdgldHxlfFpI+VN0jjhP1faQWu5Q8jQb87L3fgMX/7z69PHy5RsievL1w3MPpKOjo6Ojo+MUePL1w1ev3718+aYThCuBwu7KE7sxR7uut+TSXHleYcdeX54n+Wvap+LX90XZ7Xt+zwcxo1QQei6avPWz5/f8g+Zji/KRNtqy3+lXIXl5zLeDzflh/P6JXuQ3+8VknHEK7F0HTypQZtZiFoLanyIEgNUxg9kJDyKjyAiQE3VuEBmER+FR2IcrVNNsaWAvlMm8lRJALoQdVD+M+KVMfAdTxneaWiqoAZ3pAQP95xVaMKmj8YcIkr/K/WjqIfKg4WQSI3KInBZt2DZd2fAQ02enBg+IxWthQPOzYXuEw6ypf9bwt8ksyMQp7DIXI0QkyYNzyILhTqcyCWD07JB0on5FxaWRPuqqxmaLOLYfB5Mds3II9FzUFBpB6ENWGt0NUzY658LUIWjYCjEieY+jPiRhxSnaR2Rj6FK9gpbUNh4p1KmOzg1uENUQm1BVodaLc47t8zJH5vuUR8o5y2RwJwUJIHbK/KMyezep+fdznM0cvDvVM2tWMJMuGIV0I6lan9OFepnsYGtP5WzcuW5B9XTgMv+MA+uYxcGdjh7pXbmwT9f3uPIac8YxfyOsn6L1Mvo1QJWYb2RbieHBgfLRWp3NnTx3nBhv33549/7j1eAeP35w7rF0dHR0dHR0nAKPHz+4Gty79x/fvv3w4MHdcw/nFoCZMvsqezttsrtmVqVcQZjsumaiLNWBpb2Xp+03yld2aZq0k8pz2X6rX1oYzzS/dV2XZefv+Z9MfqYgLI40yen5PX/7/HJ1YYt2ypz2KvWG/ZATm2+3H+VIdfksH9NesvJ5W1X7aPaLaoREIBYhjcxKjL/mv7QnIzlFrEUFMZM4c2moLI7dIADoZgCp6tWo4wiMRI4w6DiOMkIZThwGwhh6JQazSbqMeYSOoWuTKnq9F1iUPWcJrwH0bzm1MaiqYhjYiXMsDBJiIeNJM9EYszD5eIREGFVJwRDJJQVCLEbaaKYmU8BRog+R3dhIIsZjZtsK6U3GrqOqNIxImw4BKMLClZY7VtCkEfIaurAYgJDDJMRQRIGfWmzJfBkSgzj5eVSddJrPhg/gGRYsE0ptq2et8iowj7jGo0U3ueE2cHTd2fRjxtK4SV4ES8zEUE8YkgipWh+asYM+PJW53mQmcJgPJlXQjVF9QkwsfhsoIHCezwYFYTFgcsfAzKmOqjfjqIB3MGoxCLOLYFLT5TrngJGEjbJTKEhBjq7u4EZVR4VTHYmuREiEAR5vPgJKUGHSsIBHFRbz6KviWBWOwI4YRMogJXZOhDxtySL+lmU7h9McMpkQmb1bZS7vXbEMiyWXBJo5mVTc9+mNa2dmP36R7RM7kiryU4GQTsUyHnra+LbISYWFMa+8tIoOr7wgZqxJ+iJi7yugbPDZh4rFWLM/8394tFryoTFrBnHbOdlwXXlozPI5ye07m7vODTdqzZDmRhqqbwzyMdfL2huXe1eOm2hP3mVhra6UBiYnAfF3ChcNbhwkkxRzw9OJ4vBP97WYCZ3byJzmNCnJJbeZ2S4prjQ8+qtTnLcT0zN7CCGq7tIy2fLxNae23PkxuHmRdHbwTHj16h0RffllZwc7Ojo6Ojo+I3z55YOfnr1+9epdJwjXYMJWUJbOPpZn4qggnJ6t09N2pvmx5dwK1Og3WIa3an96duN4en7PP0X+UDDt2RE08XXb83v+6fIN27eTSZ0a5ScxCHcapx9bzDdnokv9FtclgcZSEBMJG6+WQhlyGKwGy6OwOBZlNwoGZ+Z7kBvU3YyDG2lQJoVe3bhxhBLGYBpkx6wkQgSGE1EYL6JK0daMZA2Lqq5AEYBJgnBKRNiJOPFBBwunof4oOVgkiQSTYTiTEYasqQPMVGwW5dlErTFhrsoanMZeVurkGqMg8s5tCRPz4IQamJp6kdpBXmZmJG26rlk+1xwEEaHvpWJNKnVCbo0N5GJt500QImUWYVUE3555yVQFPDUuQxVGKxIJB6YC4DBUhSfWvOqQOEoPR9Uxh46jjhiVcoIXSkwsrOpExJa4OFEAGHV0qmpxBN3orq6uMgoBsGsHRIRZ4lMrUU3MIqJQhTBG489FWJVIiMEioqpUxPZkCz9I8auDjGvepLkpckKBSti8B/IRlJl5mjOOcN8eM0y1TYfa481GWjrCwz9PNk8S8vAG1XiqxBHR5HXWER7cfi5eJJpXdIL3yAoOkid/bjOre9+BZfla45uYvTV2tWJv5vVXbY72TBZfJB3GUWpHR8Sr1++I6PHj++ceSEdHR0dHR8fp8Pjx/Z+evX71+t1//MdX5x7LLQBPYhAS5XbXzCo75TU4tyeHklzbaTnlt8qTjwJY2nXTWXBdnufsyTxrT97OLs1blu/5PX91/pACPU2OPb/n75uPRsl17dBCOzEfzXYaCsKs/cnZPB+L5dM4muNpKQjr6wKxaeZgLw+JIkKkvpIBGPEtI45lFHEigChA6lTUOeecG1RHqDo3OueciioIalIiZRZi9eIlEQGMmPRKgjD0dEWEiWXZM39OnHMizpODYlovHzLQl/BHx2xX509LpDEop0JiZlJgJDZxK+NbHq5wU8XTu/ky7GrzLj5bmiKeW218n21hwziCHI0yoiU6Go104JSDqfzCEZERhFOOMGjgPPOmqmQMYMYqG+UlgTKs6EH7LxKEsVfvYBhAjE0Y1p49YbxIcYJRdRwVN6NZiTnJg4iZR1ULvknCrKLee6i7GW+cODcMwzDk7MgwDLZpiejm5sbYQXM3mu0KIVJigaqS37c6KhFT8DfLnvakII8CEStJkIbZL99izqltBy8mv1S/TdbJETbOGo3gzjrCuVqHIiE2+g88J4UwyxFWODoVN+FoTxka80Q86IVyRfm/QNv6v1mEnyjHxfHiBcZfGM23TNVXekLmKyb8DAEfcmAdHUT04cPH9x8+Dk4ePbx37rF0dHR0dHR0nA6PHt4bnLz/8PHDh493716deziXjlJByME+WuQQeZ5uTkGIvOSSHbtVnnMbcKPfYK1e035hR74su33P7/lERFUMwn7sx0s5GravO9EIbnF217FZmM91LWd+4ojDFyvB8GTB27xLMPa71lgRZRZmJwyhUYjVU2/Gx41uFEfOiXOiTrx/QbBAACWwWTCTG8pwDaW8KFKFkXTJZIIcBIKJF7TQg8YfsgiLYxdYQouUFuRQFh9xAoqITjWjes7PWYmmAEjilJ3AorkJiz4Jl8osmZgnxSfSnDYDVOgUD2Dc5MwHZGFaDcq3aGaFZ+BmVCMsnAf8q+lDIg7soGkHYbxXIAW9ppBZAbGVApBqRhBacE8Qk2cZY9eh03wh+tKmIBzHfGDGEhrdyASmcrQYSTyDTib7Ux3H0eSDg2os7OnGcRwCaxioVgVse6fhmM4YEJsDgnkLBoknTKEME6eJvw1+YiK3x8nD7Ny9nFMW5qLSpgJvzlxe3c2NiylfQsst78B8Txf/DizOdGzVqXi2kwcHgI+veqiH+A7t7Nh1tcD2dAt5SCySgtl6XhzqNsziVljwLLp+z04J2twP+cwOTRUmosNdRnsQnGXBXMQq/fxw/eY9ET161NnBjo6Ojo6Ozw6PHt17+fPb6zf/n703/7blqM4E996R59z7Zr1BAwKEBhAIY8QkGRAYMxkwNrbxUGUvwEN1LbtcLpe7VnX3P9Grq12rVq1eNdir2qtqVbtcHqo8YcwgQGiWEBJgkAABmh5v0pvvcGLv/mFHREZGRubJc+65w3svvnVfvriRkRGREZHD3V9+e68UgnAq2gpCBElyXLpDQegtrqmCMGwTBWGu5rbWqrE3ycEuazB22pP7t1kF4Q6w2JftZbjtikFYtmW7iG1zdXVx17kt9NQTtpI9dkYFYXxUbwzCyF1Vqz+SrVlaPfReCp0BUX9D9R5YO/UDUUeBHI8FEpIQoYsdpfQgktGIao6AIzKmEkRrJ85zKImw1P3xyeCeUIS8j1Fx1nmv40sQrGPBvaiyIA1vo0iEznGiO8p31sVG63Ec2q0saUoOO2mn/MGDsZEaNuK6EBvmyrq2/lZ6yrSokT6Le6we7ffzpjOQ8xrqiMP69L3st0tiFeSGYTaHs0ptK3wsRlQWLlyqwgLkR0E7xoJE2rou3bp7LtahBPLS84R6nAXlI1UoCSDAyKCBRa0IRVygagRr97stb3tEZK2NrimrjkOZGdFoCD/1U6o0pz9xVVey4+lBRJzL4iw3PJBsU0Fkz9S3EQa87UZyOJLuZSnDdpk52trgzaH/8Lb/zOxRV6ACKVEVJxTagNG4xIYrXgAL4Qh7PjdZeJ35MrghvjYZkI3cK3rQNRo9Dk4D4zllJDE9+827hLfeRW3BNuL8+VXVEGx3RwoKCgoKCgq2Gnv3LL94+sL586uHD+3b7r7sdLQVhD7dzOlVEHYc297mymPWFt3eO6T+Dlt32ZbtjtlWUDuOC0HQAKGZU/JLfsnvztcLamB5qK8/BCcjjHyKaiESYFBix7lFRAEv2iNjBIShIhYjXFkrwgzMPKqMFedE0ToGD0REGFilfMgMSCiAyKnlPdCOKP4DHE/0hJuGBPKQPD9YGTKEBpHieIWOCMQ6TpoztjmdX4aB7LeHZYSH4joLWFvTRATn14FsFhKdX50PiHXgx84DsVFJzkbZyuoSfmWPy+/L0HsQG76juRAAHxjPHek4sDqnWW3WdJvVO3ZRC22NSK35i5g9iWh9FgEQYUZyXm8De+GuPwHLzGKZJ9ZOrJ2wnTBbyxOxlpmVcIRa5uvSuvZJDAOTqHw2lUUGXtAYo1JCd4UIICDTxLq4ofpDgiBMrD1EvQOIWwsIwmJFaUIWcDpeZpVtSmzWzrjR6/SIiN1rIYN+fWp7nzTLxYm6wCawaJut+xlS7RVr7k8Ckfq8flYmXPv1MtnkAdxo5TGZ3ZTlbcp6mw/NVTq4Yy354KxC3h6utF/iPLyVmSucdgr13WlLSP1t/HTgir01bS8uXFgFgN27lza7odOnzz751NPZNzHFS1963Uuvv3azu7FxMPPdn79/z57dd95xe0+xr//9t77//efe+Y47du0q5GtBQUFBwQ6FvgDoy0DBVCT21S67a4bXwEXYe2FaPa12oav+hfRngfWU/JLfyq/CX8qNLbRySn7JL/kd+dBVPrv1ep+GCT36xe0n9NEJm0AkQwLGgJP9CVsWy+K8GzKIFUEkBMZAqwERsCARkVImLISIgUdh4cDjuZOqqR9l3WJ+DiO2oyLy7CCpcBC9v8RIWei4x1otFwltvMG4dbKJyCxjyWqygzsTNdeV7qnjLU47UBpLLSnWqjm1NnYcOrsMy01SjyoonrU2N5PweUmBJF5U4nq0SUlmTsQTgir3C9o/F5TPF2UWQEEkFBfcsKGCY6tBByfWrltrLdc0oXCgG+shV3kfOBEvGzFiiDm6jnIEocoHdWr0grHhuhK3JgiRrRCJI9aR1bEqCAIDoxABMwABMoBXFjOIFqKI7YvnpT0XYfhD2eELY4h3TWlt+xN1h7rJwuFqvM2W8fWolKbmF0zDImdqy7CokIQLXafzsoNT6pmObVn8bfFx2o3ZvoUoKFgkJhO7tm6NweXlTXcs9h//4I9WVvrsj8bQ//G//eZmd2PjeOqp795736MA8LofunX37l1dxf78f3yKmXftWn7nO+7Y2g4WFBQUFBQMxfLyyBhcW7eTia0qs93d2elI7LEIOSsrduS3a5g13xnjOspjJh8X0m7JL/nbkV95p4KC4LZ63XkvaiW/5G9LvmLR9Ud7N1CPo6VCvgDCbOdVX4QJvElLpXboA9dJLKFTr4MiYowRETajqrLMLJVUzJaZaILqkVTjGCJonDYiIGEBAQZCYiABZhZmERAkIHerYKCGaiC0q2g6FDUuFKHSgY7vQFKJIaq4MJCE9f91xUqHAPUp6TrQJqK214nfHK1PPURD300rnJdoBO1We2QbEr2WDbefR2m7goxnwS34FkGYdTGXFGiLCxNSMCdIapyU85fLAkroIUCQNXrqy12ZAgyNIIh1yEFrOYFlAYao/74q52oUCJV9N2CIiFlEnKdTIgojHMJzBvfD0ZWgg1kz6nqla3TD4Pg0uAFWrWzd84ZXw3AHhXiCulzUxpqn4S5Gt+Ba6/JB2nPJd1ICUSWLulF0ceRhb6EGF4UdPpjtG+aQ62PqGl6UFn5Rl+pC2MGs8niBkxvf7tpOX/0jFWtpeXfPoz+g8mexk9dkwY7FxZV1ANi1PN6CttbW1gFgPB7t3bM7W+DGG18+X83//U//5vy5C7/0Dz8yGlUb6+MgBJpzdXWthyDUC7OfEy0oKCgoKNh27Foenzu/enFlfd/eQhD2AiGy36onpdi+GscdbPEaGNuTvf0WO+y03j6ZlvcxCKWjXT02Lo9d9mTstCfPZpfGHWW3L/mXVX5VWxib7HjJL/kLyJdGvsxQD/TUs6F+yvz5vv8wtD/tGvyJBbgcRAiSQXZHE6AAEqJKtVSxwwAAIABJREFUntTuJYiAhkEQhEAMkkVCNEQGYaI+Pytr1ok0gBkIsDAyEiIIERMLu0etVu41haG/6lQMa5V+g5skJGNMzBgiESABereSRE4s5SMjeqVcIPMIgQC9sEsjDyMQxNRjygzFQ+beDxZqmts8S5/U896a/qRkh/k1zEtHmdrWOZ8hOLF1dgWuE0kZwehAhJi9a8YgTOp3z6EcuVLPuwAhsbCPLu2930rt8zbZVf/49z4AAGYbToEwROFkZqiNyM5vqIgwixKEniO0zBPLExHrmgZwOsT4TuWdfyK7/lueIBKAWE0zIqKdTCZICIACBGgFsAJW8k+JekTBiTCKBUFgUskvCACjj3sIrF/9+1lAANIesAglNCGLezum7IRKbrrRDxJAi/HqWjxzrLf2sf16wVnFf1kGdFNJzYThLuSBX0sYBj57A9nG7i2yrsyVsr1nF3dgYE+kfmGBXCDiTnSVrNvNznXXFyQbQeNrFQiy9/oxjIMXnnvPyPbcfXyxgN5mL4cdzogXbASrq+sAsLS06fLBgDe98XXveffbFljhmTPnvvGNbwPAd57+/q2vummBNRcUFBQUFFwJWFoanTu/urq6vm9v8Yndi4bdVf19xvZVbwfD2r6UlA+GkQH221z5cFxHu7PUH/KhI38u+3bJL/mLyyfvOK5sy7Zs59zCzEdhWgOEqH+6v3a6iU1nnYREtWKPiAxRRVgRGiJDRIaMocror7G8DwiBAJCDd0dCY4wxpjLGUEWBsQNsNOqDEAW7m9cREiIBkfIT4CWDoGHVPEOIREEdqMeipwRdK55djJnILuVBrMrIlNh5iFilASV787s1W5KUnK17TfQYJeu12lGmnjusV0tGBQj5KY5J6PhYqldi3efADsb9qROEiITgyUBb6wKVirOTif5wyBR24Qs9QWjtxE4mPmUnk8lksj6ZrE8mGqHQMk/8j2WrP3Vb1k4mdqK/i4j2m8UVUGhzbhZEhBm0pEoZrRXfYWlCiUxfh6tE/DlwFIMRBKT+BeJEPJ49pF18eJzTteQ2bteeaVkOqSQ5hY2jXVtbzVzQWjuN5bfd7GBBF8KfDRufoOnXQvyA2HjcweQDI31NiUsmnquntoitOufo4XwoF8jlirW1CQAsjbeOIFw4rP/yytrO6IYFBQUFBQUFXdDXAH0lKOjHIPvq8JKzbvtr3rx2y7Zst2PbEYOwbMu2bAdvYdbyoPp3jKKDimZCo5T/gB2dw1H1GooIxrsgBBFCMkRMFRvLbJ2I0FQsADBhZh/mDkEQAJVA8M3V/g49mQBB8ud6Cg1ljCP5kLx6CWv/op6J1M57Vqc21kFqakN/PM1mesNmGmERpszFI9KRZE5NMiVTsZ0vWccg7NInLYQdHFJPrHjwuodWfuSoIfbuG06ny51sTCvGESgTI3KWQGrShP4bLiXNwmmhO0f1PeevRK+ghcDNOU5QWcHJZF0mVv2WgtTXqXMArG2SYQCwEwABBKffBVA6UJjFpI5e3dgpvccs9aUIzILAjBwYUO9fNLQHIsTMiMjMRMgMFEdb9IPvBsQFE3X3gkSeMlyfl7BuneUwL7vpr7OnD11l5pbMTr3bzK3gCQTYYrmEqVLOgksU3bO58fWzwVB7C1lmSR/qk8peH1jfVaXjyQnBM3NPk26LoHfshXxzEPUwrW2TdMNFR3hZQq2B43FxKVZQUFBQUHCFQl8DCkE4BIk1tSvWYCYf57TuJjXPujffw0X1Z4H1lG3ZtrZVMOV5gyw4f7iaLvklv+RPy/e+sIeVFwEAEXFefluGdGd+0ghjiOpRk4VR1A+pAE8ISeMKCjAhEpmqqlQqZa3VXxlEJoyCdTweEBX/qVJKpUWe3fQ8CoAhF/iQkAAkuBIFTw8aYzQSoR5sjM8RQqdZVBJRiTvlVLziEAgbQQvR85CxFaw5ItHI6BBgw2FpuKFpodrumAgF+q3qWYeE2T4khadWJc0TEhFA8kWk68DGrzXBVVM+iUVyJpd9qSCsdYIdhERK4oaBVQquK6BguqtJH2a1aNnT0XUV8jVEX8wahtpYnAqwltyBG7egrtPqQCV3zIEsVGpQ5YB2MrHr63aybifWe/gEFxcQRISdx3kipf+sZREGECRCHOkdgC2zYWEGUzOjep2oapAnE4uk4mAgYGZEYoDJxDGChMSWEVAaZ1lPjY9H6K6ImH+t585NXz3vXax8lotqC/Ky66q9RPspvWT2+43vSZku1WP7LIbvGlimHRwxPpeuXSEnLNep3ch9CjDkoDnRnvrshwgiEu9JZqTHoWsiFMs2MROy942d4b90Orp6GA3Ihr4C0cGY1T1vtvWe71EGPDqDp1lInhHZi8V/xOBeobq62fitXar1XGtfg8mzqWeI2k/bpOfZQRgy7P33iktiGRfMisnEAkC1JaH7hmNtbf3f/Nv/dzwe/fZvfeLJJ5/+yhN//93vPru6urZ//96Xv+wlH/zAu8bjEQDce9+jjzz6hJ4CAPzFX37605+5BwBGVfWzP/uBa64+rPmPP/6NL933yOnTZyYTu2vX8jVXH/7AB370yOGD2ea++c3vPPjQV773/ecQ8Xd/59eWl5cWe2rPPXf0s3ffd/zYyQsXV4hw7949r73tVe98x1uqqjEFzzz7wuc+d98LR4+tra2Px6ODBw/c9fY3v+bVt8Rl/vA//+nRo8c/8fGPCsu99z365FPfWV+f/PzPfejWV930+S88cN/9j77vvXe9+tabH3zo8aeeevrY8ZOjUXXN1YfvuOP2217TqEdEvvb1px56+PHjx09qnMgDB/a94hUv/eCPv8uY+lOv++5/9PNfeOBH33nnba955QMPPvbNJ79z5sy5Q4euuu01t9x5x+3Ly0vPPXf0k3/7hWPHT1jL+/fvvfEVL/vQB99FjY/Fhp5aQUFBQcFWQl8DwvO0oAeJfbVpd4U6v81r4CLsvZCtp25XIK0HuupfSH8WWE/JL/mt/FhBKHUapOSX/JI/MB+6yufSLbtSePSpVBBYI/E2mUO1KGvoMvHxBUXEGMM8cvwMcVVVzBNmQ1QRMRKTMKIgMqHvqxkhobUTsCqZsr4J50pURJyPUERA77rU+xV1qj8wiIbQIBCA7qsij6ZGf9RdZOTuKyWftInO14GmpKyn2FQsyso2UL2UUCNxwfDeEBcb3oEu56vDa8hVWIebanepx16ZSAOTw/sNx319ximmVWUKrQ1LtyGzY641gzVBKByXqRlKAHX56ehD5vXJ+mR9MplMrLXBm6iIjQR8GuxPnOUdBJnEAIkRACYGQCJBcAveGGOt1S2hJSJlLxPeWrx6kZkRGbFh4nH3jcbqE7+cMNqCKxXxc/Ex4RuFnrHtWuQzLbPkvOauJ2tnb5v7t96MnsxdwnxkufYsFz4VLQ5jE8+0n3MN6L9lJbR9Vysbn7IsO9iejisWA2ezA+jFf5vFtg4h5DbeRPIlSlL/hh+dC8YcN4f+AuVC2IFwBKFJWZztxbPPHV1ZWV1ZWf3iPQ99/gsPhPzTp8+ePn32+ReO/eN/9A+I6Bvf+Nbp02fD3vX1yfr6OU2/8PwxJQg/9XdffPChr4QyFy+ufPd7z/77//Bff+KDP3b77bclzX3hiw9+4YsPbt553X//lz/92S+FX62V06fP3nvfIw8+9Nhv/ebH9+7drflPPvn0f/vvfxWKra2tHz16/E/+9JM//LpX/9RPvjfkf//7zwPAo49+9ZFHvxquPn05/NrXnpxM7BNfffKeLz189uz5UM8zz77wzLMvmJ/7UAjWaC3/q9/7j8oLBrz44pkXXzzz/HM/+PVf+4XA8H3t609NJvaJJ775pXsfWVlZ1cwTJ0598Z6HnvjqN//hL/7kf/rDPwndOH367GNf+frp02d++Zd+Oq554KkVFBQUFGwl9DWgEIRDkNhjI32egP+YUFwMwkz5jdp7wSseOtpt14M7z15d8kv+wPzo67nYD1BJl3RJb05av0Pxl6Xb7XwAOveFEj62BwAAApU/efWPKuhAgNAIikESMmKYxRiujKnIWKoqEjbMLEzEJCRAygcaNOD8Gqq+EFCAEFjQP85qoxMCoPowjYAhDiGRD4toDFZEld/RPCBmF724MEgMe5Da2VPVQJ/xa1MJg3blORYN1ZemZPY2DqkTkTk2rgqneF9Mu7EZQeCymZEIAxoCEe/Yza/w+nMqrUOLR2xHgxB3H0Y5itrxhfXcR15rJdBhXpEajDWCyAAa04+FgfUCEw3o5zvJACDCwlYltSzsogzWwQctW8s8EWHfRWd0ZmG/REkExDAAoBgm0gWgV0eINcjMzFbYXZrM7KTA8VyyiGVBFmIR9NLACCwCwigA7isB/1BnAF++yQ6GiYvc90GWKexndDZ+Wc1NE8Yk6NTebhm6XBe2qfGNc4SL6O8MrcxHBrcxzCXsAs5u4y6XdzjmO6Nw6Q8e5LZ8sP2wm6MjebSfmwsntLqfm82mc2XqsWh9CpOW7PggY85OD0b/t1OX31VwecCyqO+NLWvxO09//6GH97bzl8bj2267xQnp/Gr5/BceGI9H73/vO2644fqLF1f++pN3Hz16/MSJU/fd/+W3v+1NH//YR4/+4Pjp02f/9M8+CQA/+s47b77p5QCwtDQ+fPggAHzxnoeUHXztba+6887br3/JNc8+d/RvPnn30aPH/+pvPnfrrTft2rUcN/eFLz6IiLe//rZbb73ppS+9buHywc/efR8A7N275/3ve8crb3mFtfarX3vy7s/fv7KyurK6qgTh97733B//yV8DwJEjB9/9Y2+75eYbTp85e+99j375y197/IlvvOY1t7zqlTfGdT78yBMAcPPNN7zuta96+cuvP3BgX9j1zDPPA8CrX33znXfcvnfv7ieffPrTn/mSiPzZn//t//4vf0PLTCaT9fUJEb3m1Te/8Y0/dM01Rybrk3vve+Shhx//wbET99736F1vf7OW1Ev4B8dOAMCdd9z++te/xlr7F3/xmWPHT7744pn/59/9FwB421vf+LrXvXp9bf1//sWnT5x88envPvutb3/vlptv0BpmPbWCgoKCgq2BvgboK0HBFAyxtc5aflHp7Wq3pEt6c9IRQRiv8pIu6ZLepHSIA+aypKa/wBn3YwUhAgCQOGGhowZROSNhH/qPCJWWM2QqU1nDxrCxbEiYyJKQgAENMijqw9Bp+gAIVJyIwoJBoxSsXUH8F3hBRPRuRVUjaAgrQ8a7Ho05wZobrFmdKJicsn6x1CZ2WwdNbFxHuEno0NipFFMGHOFznYYTMHdUNx2SijxSYQ1A0o057IbiaeukP1EYQqkz/cJ1TFw73bg6xFcYSqIuTPBKViREcWShnq7EcajQ9ccFwURgdoPpfrx0N5BtSk9iiMhnmYFZgNnaycROLFvL1oYNsxW2IoJStyv+WkYiAyBAAGAAmDVIKKtwUAlCCbEGmSNVnUB6oxD3Az4kYkwO+qCDiCDoYhAGXaDylOipv6yTz0C0Bg1lMss9Ws8hy6bjWhiKgYKYJuU582JeILJ+dLMKwvZcXBIYztl0ndcmUSbxGpj96J34HFk4Ws+B6Bd/52seMX1Y/CFzDuDU5bTZ6s9EUBi9cHSUhwzz16YMt0u0OpMn5IIdAv2GiWjrFszRo8f/9lNfyO46f+HCW3/kjXEOEf2zf/orS0tjADh48MCvfuLn/8//699Zy888+4IaNK9/yTW7djka7/Dhg9dff2049uLKqqoPX/nKG3/mp9+vmS+9/tpf+fhH/82//cMLFy5+6tP3fKSpWkPE3/yNXz541YFNOG94+rvP6mh/5Kfed+MrXgoAo1H15je97s1vep0629Rif/JnnxSRPbt3/fqv/oLSpQevOvATH/yxs2fPf+tb3/2bT97dZtE+8lPve90P3Zpt9K0/8sb3vPttmr7zjttVlDmZ2AsXLu7evUvJ1P/1n//6eDyqfYEuL/34+9/5rW9/79Sp00oxJnjXj95519vfoumPfexn/+/f+329tN/33rvuvOP2kP97//oPAODZZ18IBOEcp1ZQUFBQsAXQ14DIQVFBN4bYWmctv6j0drVb0iW9OWmNKwbBXlDSJV3Ss6ZhlvKJxb/rAYO1KR8BGuQaCPpM52vRpYAQyZAydVX4IVJtn1EXoAAoXJv5CI1x1B4hIgh5+qVhPfQMH/kQg8YYJxlEMoaMoYrIeCrRhxdEAkBEowOQM2bV0jC/F2MisE0KJixjG1PlfVPRmKABhWetvHNfSwQzsPJIRpZBiLo39byye6d2I56LmFduTx92I1thQieHdMINNMnsOk6hV2oCSHRqjn4Dx9gFr6RWxFqeWJ5YcflWAxSKsAtpaJ20cOKhuWyVQdRxZhQbKm8MnW+6ZjTTQfBDgfVgtjnCeJqyM56d7oFLul1tf/muRRK3266/vYT6d0Hz7nFJfShwyeh4ui7VrvL959X2p911P++pv39JX/bY4Pl2T9+cFS5k2AfeghaC7IOpf1U3h31Q5YvCHCfO09BT+ZVzHe00+I+ltu4ppmHn2j/XXH345ptuSAq/7a1vVHZQYQxdc/URADh27MTUhr7zne9r4uc/+sE4v6qqN9x+m3JXySF3vOX1m8QOAsCePbs0cfrFM8muwA6ura1fuHARAD784fckUQnf+Y47ACD4Cw04cuRgFztIRO/+sbfGOa++9WZNPPvs0ZC5vLzUjhT4kuuuDnrBpM63v+3N4dddy0u7dy3r1AR2EAD27N6l+svnXzg296kVFBQUFGwNom+sC6ZgkG0WBpSZL93fh81rt6RLejvSFThHvl4CUtIlPSgNO6APO6HPAADxdvqxTcYgpEIhUA+BiIKq2RJXDh0lSEadFgIIoQgaIiECIjEGjEBlxBqV+LGxbIkIGYnQcq0f0gQhiqgAidCJFAGQlH8MfVRDkqcjKXgRrQyZ2nWoWt1IQ69FOe6WI0LqMjGQOyJNIhDQux6FkOnPe4pFL0HWFjafOWaq087cR/qYNt8sH7aOQQGUZv1TPXw2C2DvXghh6YZjIDMaUSAzVZ9BU5AhTgkX7W0zhbU41XdGM40xdhIMo+gowpivEgGuPW/rAvceQP1/lt2Pyv6sZWtFWD38hsoIBBBZAK0Ny5gNA0k8RCje+6frkwvIiQIoQP4Hw8n6qy8yVbO/dtClWQTY3SHE+VeN7jWQLLPmcDsVMkQX+tzIMmFuIt0EiFd++kOgPtmpXjqz+Yk+sodi3Gx0BSMMa/IS0vEM/+piCERC5PZGtUNuxRscsY4b/obX+mzYeHMLWDa5SyPcJ8Jl2tH83LOgd7uOJ+GW6e3qu1CruYFX5TQWPH3sznFew5toYyYKv18gXnAZ401vfF3QtE3Fy172kiRH/XCGGHg9+Pa3v6eJz3z23mTX008/AwDnzqWM1A03XD+oW37lTmxfuKbkMrz6yKF9+/acPXv+L//6sw8/+sQPvfbWm256mQZKrDv23Wc08c1vfkc7GRAo9pOnTh86WLOY17/kWujA/v17k6ts/37n3PXc+ca5M/P3vv/8sWMnTp8+u7a+PlmffO3rTwHA6upaUueuXctJncvLS+cvXNy7d09Scnl5aWVl9eKFi3OfWkFBQUFBwU5DYlPFrK0Vcvm4CHsv9JaBWepcSH8WWE9Jl3QrXTVNGCVd0gPTMmP5nZDejD5nbSt9x0bmGAGQRh0S99AREVDHZ/OB3YigliIpVYIohMSOJuTKmKqqmIUNs2FrxLAwoREAIjKGmImQWNi1K75uJZTiiG9NPsY5MiX1MeqEg87HKRoKzkhVOxg+SfBhFTODgzVnFtjBJsMYHzI/NmKUnGqkaxQYFu+pPqTZKXd7bpSRuMZWZ6bSf8MDUM2DQBQONzUiILSmgoiCzQIREp+NujyUdAkawZgjjEuCX1EawFE5wGanQZjBX0ix5EJY2HrFoJ34FFu2IozYMLg7EsgzsIiEaNka8vr80FqYw0D/RQrHMCx9I5yTA6KGHtQLrObJfN2JgCYZfxFJlkYPzTaTMDfyaArB2Wk7HRrNuEK9dEi1dm8TynD7+jU/2tKreU5EQECSa3nQcRsetJ2pMd05aM7Ioh8QMz3+Nhmxy+XMrg0jdbQw14Fzl+lXAXbd/wu2F/pGv11uaadi9+7lJGd4P5973onkHnjwsWyBti81FcNNxf79Ls7fqZOnrz5yKFvm7NlzmggeUAHgpz/y/j/6b3+5trb+wgvHXnjhGABUlbnzjjfc9fY3j0aVRunTkl9+7Gtdra+vrce/7uruczuGYnb0Pnf3fffe9+jAC3PJix3jSrNtJZjj1AoKCgoKtgb+L6zt7sclgx1iTy7pkr7M0w2PEwUFBZsNZvEcmCTcjqPSxBGBSp0FV58SF4qOER/ej4gEjDEsUllbWWHDXFVseUJMRCQgJGyARCox7N0nQv2OooZg173apWitGnRhBg2RIdSwg5UhIjJYRxw0iKojpAbBA+j/VG6dQ+NDeGesrI9tqu4SXFpEAgC0eOJaTuUZI5/d4JIbmQ2hUtMem7M6SYaOWxASImTodEQMYZsIZGbw3HIsHAxOdYFZafIQ3hLi0XBq1/qUxYsI68wgy1MhIbM0PbMFglA5QmbL1gpw7MIUANwVhOhkoAjCJOIiJNarOmLzG+MWsX2NUY1n3M1wEusuBFhsDKOvp8FBdtKEiHVE1NZcZGe5J2fIrgRtajDIAYeQlAu59hclqekhBeeWFm0xum6w8cKYhw6R2f78nWn8d/6obivcO0WWsdtMfmLmajf1Od54Fgz4BCF6TGT2dl3OPZdP1z1hSM83Miw999KCbQQRWcvMYszldvu66qoDx4+fQsRf/IUPZwscOXxwvpqvvfaIJo4dP3nrrTdlyxw7dlIT+/btDZk3vPz6f/kv/vG3vv29v//Gt5555oWTJ1+cTOyX7n34wYce+53f/tWlpfFh36Vf/IUPZ6/iPbt3hdYXgieffPpL9z6ibk5vf/1tL3vZS/bs2TUaVZ/6u3uyAQjnxtafWkFBQUHBQDCLvhJsd0cKCgoKakQEYaKwKumSLulNSAszOKdzjKhSeG/EwcAIetYHYzO/KstQNIYggqgfLwQg5QmJkAQMgRiuDFtjDLMxxhg2LAwgwCRIBlGIwBgUsSIArHSGKGmp1GSg+0KIQlIq0NTuQFVWiMbRiEgGQ+DDxPeoagy9Y0WNdNiCOl1UdsOfWcQPTTMHYxBcbiEy1jfJ7w2cUSJoE6cUrfWCLWNixlTZdhk3d+cdp9TyfTofYtFnJ52AqaE2tO4vBF3e6H7AEeEQ0lo/onjW0PXbWqueDT3UOyeDCEjsxtPzcm4DIsBc83bMYq1YFkcOsmUGYXKeQdmTdiaxsweneu1gV/4q6Fj5/ifNjdDkjPVLfNOO9ofQoGTioU4yY1XflHlNOzBngaQbMf80nEjbCULDeNFm6Zaevs2tqNtUPmzg3HW5hE1llPEiVIoeF8xIJbXlRnWu5oKEu89X9KUAv2pE/JcE2LWQsgPlCreJ+e4W55/ftgx3466rwy3Ff30lycNuyA0tyy8ml//mYco7z7TW2x1OTrxQ7FsPQ2gtWMvGXKpmQULX8zNnzsX5N934sqeeepoIb7rxZYs1eu5aXlInEw8/8sRdb39ztsz9D3xZEze8PHVbesvNN9xy8w0alu/uz9//4ENfWV+fPPzI429/25tfeYuLwrh3z+7rrrt6gX3ugur5iOhf/O4/ikdpbS11LrpBbP2pFRQUFBQMhLWsrwTb3ZFLAUNsrbOWX1R6u9ot6ZLenDTVUdQESrqkNzsNO6APuTRssB5o1NJ3vt43oI0FTKCUSUgBAVBsnnTUne4L5Fvg8KiqzKiqqqoaGVMZMqREnanIVMaMjKlU5Afkop4BGqAKjUFjyFRoCI3TC0IkSXRuRI0xNPLtUoP1I0NkUFWDaByLiEQqIlSqx0cljFmTWi8YzYBSnv1hdeK9A21nbQalHwP9ekUOH9HNtOjw9tXT8hKZAgQYgf3AeNuukhAoAizCAuyHq22SbVXYamKuswZoiBWb2oiatos1ogNnKq4zjsDXyGwaN5k5xHiLaWwXiq9FzsVDAYGsi4olQkwlIr13TwZgqSMUsiMdhQOvX/vgNWTIKB1ed6kmLGtlLfqQnXrFgO/GEGSWTWwLBkeISuuodiVJftey7Fk52cqzGL4MeupfICOYSFdn6uSQyrPUwqxIZmcRXetsaNZJzyI7qqGJRfU2O7zzdXjHYoPnEkdbBYgfTVMestN61b0vfgAOplc3j6OSeCsi0SIPTYe78xz1Yw6LPIFp6L9dD7wnF45wi1FVBgAmNnW2eQnhwIF9umy++eS34/xX3vIKNXp+/gsPLrzRW265QaMY3vOlh9t7v/3t733n6WcAYN++PVddtb+rkvF49P73vUM7f+rUGZUbqq/Rv/zrzy68z1mcOHEKAPTDy5B58eLKD35wYrENbf2pFRQUFBQMhL4G6CtBQS+G2WOhx067mfbk7nYvd/t5SV+e6cqbYhEASrqkB6dlvmOjrQwo31VmyLFpWvr6DL5Mu/7+tmoXf9l+QvtYYQDUOHO+OZVfANQ5Wlo9GTJE1IF6ayNCAGQB/ZIXCRCAgNiRM8gMLPrDEzsxXBlhRiErJMIghMqWMDMDMhECErNrjggQSTtDZMhUzqdo4B3JIBrEirAiUxFVRJWyi3FvAREcoegYTQg2NfIxC4nUQ6MfjGg0OwzNnRRX8muLDsmqlHr0VU1Ee8N/SuNFgrZ2j+qqXOjksHAkqtlVI9Ig/FRLSnXTqJms9l5/XERR+na978ikQ8mANBRpdajLHgj42HqBF4w77+poDl5eYFTzi9Fo+kFTVrmWDAKAigWJdCIBUUTIE24sos55DRETibWuY8zux8e90+cfgVMieqpPyUYABKVfBTQ0oRW2Yq0Igyul48Y69egv2UD8ea+8BomMwlMdAAAgAElEQVRU2whekOt+fAn0ikJAVEoPEYzqS0H7hdFaC/cG8XPvCUyfAD/CAqgiR6r597AcJP69d7b7jcth+jouxg4+b6BqJ9Net7Y1W+ccHhRn0iMOjO+VdT26CIt8qwaUxozN0EK4/8SXZL1w2orB5MGXPy/0deVu6dkORArY6bMgtQ47PjaE7k19507rQ9wdgak3wimd03o2UINWsNF14scH418h+CtuFmseGa2B1q07egZKfeuu8/MP0mYr9XxhY+Ln5tGzuahz6f7uqR/W6F6lQv+7mu2ZguwdpsuV6EJuUP3oHLhY6NzqzGZ8eFHQD0cQrk9g13hrWlxdXVtZWc3umhrHrgt79+4+e/b8s88evf+Bx974hteOxyNmPnjwwHXXXf3CC8e+dO/Dk8nkPe9+m3JgFy5c/Nzd9z/+xN/ffPMNv/BzPzFfiz/54ff+3r/+A2a++/P3P/Wt777zrrdcd93VVVW98MKxRx594mtff0qL/cSH3h0O+dTfffHxJ75x++tfc9fb36JnKiJfvOchXe1BaHjnHbff86WHjx49/p//y59/9Gc/oCEGmfmBBx770n2PENHv/s6vzdfnLF75yhsfePCx9fXJffc/+tYfeaNO0H/4/f9vgU0EDDy1b33ru3/8J39tjPnExz56zTWHQ5TE/fv3/tZvfkzvHu2cgoKCgoK5MVmfFIJwGDZqu87YYy+p9KXe/5K+tNKV/9s+3ipKfsnvyYcN1wNb3n/oLt+VntrPBNP7I8JQZyGop9EoGJgz5gCAd7eIwZwnACL+k3cgABEgRAFCQnVWKoRgUCpkAQFhYGOtAa5QnKtGpUosCAALA1lhQEMkAihskRDQBJETIWrQQRUHVkSVMSMiQ8oOqsCQKmX7oFYEiguiGIWOc6SjYwe92jDEkENv4UYKX/Qnyp4pPuWaLr8Ss3Xgw2Kfll3u8lozm5i6Q0A451LTG4Tj7gmk9lE1RjqOEBsltTNxxDpg9z+GpQGIIiwALBLoPH+29X3dcUYNH2jpmGQMxHE8uj7bJfumGsLBLrlkPKqIDRLDd8yG9R8oS2qsClCuzGUSKTnAniAM+koVsbIxbBlROQRWNR0KaHxNrd856XVyTOGo9152w7qTxYowsCdBlZJzxHB0I/COeXVuiYi8IFeXOpJBMhQLcMmVEgIGcWeFIOh8ntbmXBD/iYMIMDg3p36mHbuJ9S1JxIU6lTDO3jauJKhenh1TrA6QF26/zl5xU4VfMaOfdZfXbiLLSiYVTu3qYrVuG6lthlmYf7owHuQBzh0HtYQIgbsLyt4w3c3zCreUGervGFVMEtkvRaZ1fUj7U4/f6BJahAI1cJVTGMGOAzM9aXepTZP5B1EHbdfoS7Ohjvwpfe2er1CND64ctQDR95LQ+DopfE3W342pXpGZuWfoFniP7R6BfOuYfxMo2AqMxxUArK3ZLWvx0S9/9dEvfzW7a/fuXfOxX++8646/+pvPMfOnP3PPpz9zDyLu37/3n/6Tj//qJ37uD/7THx89evyBBx974MHHlpbGIrK2tq5HBd+kc2DX8tJPf+T9/+N/fspafvbZF/7rH/1FplfvuENdiSrOnbuwsrJ6/wOP3f/AY7t37xqNqjNnzumav+66q3/4h1+txd71oz8ymUzuf+Cx737v2X/1e78/GlVEtLa2riWVVFsg7njL6x/98lfX1yef+ey9d3/+/tFopPTtaFStr08W29bAU3vo4cetZWv5K4///fvee5fmiMjp02e//8zzyqS2cwoKCgoK5oa+BugrQUEvtt3uXfJL/hWUHyKBxVto5ZT8kn9553elh9fT3psvHzwVBh9QtaUGVE3oiILYt2RdXZMta3q2UpGeo/EqM6qq8Wg8Xloaj5eWRuPlqhqTqYhGxlTGVMaMSH3cuGCCxpiqGlWj8XhUjaqqcg4SvSfG2MUoUWWU3qsFgejcKzZjD3pGhNTRqB4SPGNuo3Gqp+mB7sIEEIBAgvAUY+3cwDPLeANDAABOjatOaapR91Sq5iUbAt7XaLa7ofIsO9ij1uo87077su7iuEAYRnUd2vgVQqLeTkW2t7E/T3KCVue8KVq63XPqr7PUP5uGOIRAeLsU+msBfMDFIE/xTUHi+zTpQ+vadX1Acj76prrZnOKo1hcL3GdCwnXV4HNg6uXZZvX6dVoDXd5NbWvqhdkuM0TmuJHuFWwLKIdwvU89fI5bzSWLzvXfvmksaAR21qW0gdiIG0LfC9uWrDHpfWAXbAvUGrjqObNNxStueGl/AXVBCQCHDx/UxFVXHUjKqKQs8dv5hje89n3vvWs8HumvIqJsExH92q/8/Bve8Fp1Q7q6uqbs4L59e37yw+/5uY9+UMsfOeKaO3joquGnc9trbvnn/+zXXvWqG0O3FYh4/fXXfuyXf+ad77gjzv/Zn/nxD3/o3fv371UV4+nTZ5WVf/Wrb/6lf/BTccn3vueu9733rmuuOUxE6+uT1dU1ERmPR29/25t/+7c+EYqpDPGaqw+3+3bo8EEAONw6naWlsQabvPrIIc05cGDfP/mNjx05chARreWVlVVEfOc77vjQB94FANpbN0qHD2aH6EhHW5pz2I/t8FN7/etv00fna297peb80GtfpZ1/2Uuv68opKCgoKJgb+hpQCMIB2Gl245Jf8i/nfPyZ335cVR0ItcKjpEt6WhoGlZdGPoDzQugcbE5vC7L1xMdCnc+uDIR6OK7T6WakVV7LiPfRl/RNQprrtoTb46BUTaPdus66bx9/7w8clRcZjcCTDcqaiKhxk50zQ2tZRNgKi4BgHYANI9OeCIBlq+zj+vr62mRtfbK6PllbW19dnayura+trq6urq+sr69O7Lq1E8t2fX11bW1lfW1FgFWpxSBBvScgVVVV4/FoNK6qqhqNl5Z2LY2XKjMaj3eNRktVNa5IKcilUTU2pjIatNCYqjIjowERK6LK0Mi4aIWoYQ9dlDY9fyJENJr0Y+J4RaKEOnJ3ru6AYV0qorYfvKzTyy53hZ4RrHMEGhRXoxVHtDSospaNEt1aA/CxaKimqZxtTzQ3HOpCDzo1ozf9iVtRpDo5sVllZHsoYhHDcHulZ7IblFLM4nDwx9nmkCAu79x1Bm+Bzumtp8+Zo5h/zMxsrRURa+1kMrHWao5C05PJZH193a5N1tQutb4eyoiIIIhvnZlDC9ZHF7TWrq+vTSZrk8ma1jWZTOxkwnq4SJAHqrTRLV1jRqNRVVWGzKgajcdLphpXo/F4tDQaj5bG4/HS8ng8HlWVllRUVaWBQ5VENJWpjKkqQkQy6si3EVuRvFw3XBeBFInL6CS2eHofDpQwsVm3V4i/BPrEMVkqrUsdmM1s52dp7M6LcVixNhIxYvcJLkD+dem679uWDs/UqK7enhtdz+D3uKttFkszhndv4ZhjRsJVPLDO9hNw6icC8YHD+zw4OuFQdPF/GEdV0AlsOSGI9mVr6PwGoi6zAKHnYq64QTyof69o401vfv3G+1AwFWfPrXzn6R/s3bN0803XbndfGrh4caVLMHf8xKlDBw9kP7y4cOHi8ROndu/edeTwwWQXMx8/cUpYjhw5pCTZwOaGYDKxx46fsBO7Z+/uA/v39X8UYi2fOHlqZWV13949V121v/9d9+Sp06urq4cOXrW0lPqAnUwmFy+u7Nu3N3vgqVOnDx5M6dXg4vXAgX1JPjMfO3aSDAXu8OSp0wf274vHqqvOY8dPhqOG5E89NWbWV8eQs74+SYjYdk5BQUFBwXz49neOnju/etON1+zbu2Cd+mWGn/hfPh95onKhehDJ213B2V0RIaSBXHl0DtvCsdI4VhAJvKOmuow004QQ19lqNy2PCFH9Dfs2duTn064MtMvgQLs9DShT0iXdSFfOIhArOUq6pKenZY5jxZvc/J196rFdZcT/dZc7VvJ1Sl+fwZdptytx/7vGARBy7Qq0+tZgpLz1DpmFak+VMbQHwZskSvg2H4OF1BEeAvqXHSJZy8YYlhELV2KtWGa2FVuxHKgbEO811DjyFpGAwXsGBQR1A2o8g+HgU8aYEATO8X2AhGiQCAjBbREioaGPSain5n4kTE2dOTd6iIEhNrghTEOXz7paeOVVWwP62/C62TRnxonmkES/+UYTB6eNvRh5Ve0/r4VoGnQuM6MduVZVft0Xr5n+hAZOaIC20JCIYm4pMM5tuR4zR147GxQVNqr0LVHt5jQ06uzL+m0CYeDn9PIg9BcLkbLllf/VRExerXbynfR3iXpE4kmJ5yU+00QFGE93OrOux42RTApnZ78jMzPpC6eUui7YgRfyQFxy1N0WYOezg138X3tt9CvFr/DZT4jScFe5rK6LxZ3Hpo7JQlaj+8Ctt8COU3deedi1PAKAiytr292RFD1cXZv8C9i9e9cNu3dldxFRVmw3tbkhqCrzkuuuGVjYmL6eJDiUI+R8o1UXOwgAWSZPVXdtQk7H59prj/Q33VVnFwvYww72n1qbYW1zgYUdLCgoKFgU9DVAXwkKepCx3wLm8zvS0HssDKgzb3PeqnRqTy7pkt7MNIWwWGELrZySX/IXld/eu5H6u9Kz1w8bPi/oyG8dlTj1ihLgvvdPdFfB+aDyEyEbPTfnEkSG0KiMr6pMZUZVNaqqkf5WmaqqRqNqPKrGVTWuqpGhyphRVY1Go3FlxhpZ0FcViI/KV1iNnN4p0IRVZYz3NIrxj1GCBlD5QgLy1IojCCk6H1SnmRvmBYdgDqdeA5VJ8ZRFuwe1FRcK7GC8BGKBnbhDMJSKmuzsatvmO1xxNRPc8GL9pOkp2aTj+pRtbcT8X9uBZ9vrYDpH0RXY7ppnqhGpcQ7hkgu/GneRVJVeJkYd85ogC4y7VtPtvq81WY4AoEFCGycdzbXrdszO1YsgnNrgSczyK11ru503oMz0poeXz0qd+jF1+c3UhysH28IPzddcjw51YHPZe0vz1tQ4bo5O7mQk31ukN5OCaffGxaLclK4QVJUZj4y1srKyFV5GCwoKCgoKCnYUVlbWrZXxyFSV2e6+7HRstv15cfbkS8N+XvJLfn9+1ebSMyx6yS/56VbmqyfaKwPKS38+zNJ/adbWLA++TLvd/n42pF3tfmaOcr4hRT/0dmEGEdX2jwyCTjQYAREJHJmBDChKsQEhajw/bY8AUYRFbFVVQIhWdVneSyN42gMR1z2VgmAImSfM1vLE8kSAkYgMIlJVqR/EsZKLFVUqmnKSKarZxBCu0KCp2UFAAjRIKECgPyGGHqDUkkECd0rTTLRuOLL5s6LL5NelQUlLCwjkZHkpuSvSlIZipELThHMpi1El0f/ol0zI88bcfOejgnl5zWaLvRAaHGF2PONdCRuYmO/bp6CqQd0GRlD9I7ll41ep+iPVXTGcF1P/RAxT4Q8PdwUQP6axMV1cvMAgrjXGGINOKahsfGUqQ8aQIXSXhqfxfaS05konanq/E6hFyXqhSH1nQX+xENbkerx3pvnKIZUt9hwyXIq6xdzD1mgQL3VkJ2sLuIpZHYpmj8oyxwM5wtldjIaHACa96mpiWv2bPsj9mNdtaY3hA74j4G+hw0MSbvDU5viyYYNwGkFs/FrvzRywzYvwysTu3Utrpy9cuLC6XKQDBQUFBQUFVxguXFjVl4Ht7sglgI3bsdt7u2zIO8zePqj/Jb/kLza/UtZAXSGqF0Pnvbfkl/y+fJmjHv1FXL4MaBdcvma0831YQ91dm32bZXz9PiMp77yDuv5IciyEfvpOu2Mb46BcUdpuIAJD+dhgJCAo6tRFvHbQ7XDdUHbEOzUMDkn18kUkVF7J1NIrAWZkECJTee+IGuSNAVjAMFeGRTxd6BkLa9ctT9AiMAqwUhmGiCqDZBAR61bQkYeuiAudhmiM+lfU+IKIVEsK1S5Wx17U/qPPcSSHpwQxOkeMeKbNRpeLxSTdZgS7jNdd4Qw7Tycu3GuXbEvfND5e+PpjiGSwfV5dbEpPT/oxtc4mBeg8+tbO3KOxCotBucAeIhlddNKMYLQWYtbywbY6zX0r4KPwASACYRhvRKwqoyR40AgqJ+m0tsbra32AwTiaYE7viLE/1Hhncl7xFdE+tfag1VQr1DexqVbvWFzYtbazme31thBCuv+q7EFCLSf5hSbMjuQOHJZETxx/QNBTeOpZ9MesAtAgspczuoZoIB1bMCv6l24Z3isHe/YsvXj6wrnzK4cOdfqrLCgoKCgoKLgsce78ir4MbHdHLgGo+/yG3Rhie+90O3Zkf66/zg/lNcSU+yY/sQ+HKE8hUMsAu7ffLswO3+j/TuQFSv5llV95j3AA4UNSly75JX/B+TW7MrSeBpXSzpdsPZKvXwlKkGy7IbRt8PXn+yON/nedLyBgCEcY8vXhEJcXEOGa2SFkZkJSXSGCIxfdOQc9Y92CxtEVT6uRMoiBUxNVNrEICgEaQgGpqpFla5UmVOGUgDBAUP9pgg0ZQ3bdAgOBi5BmVEvonIa62G5UuR1G5VIN3kM5QgAMdTs6w1EtDcFTQvM4pVST+NlKmUV/EL4mRdsNzwZH4riacan1WEnTdcIf6+UOmX7mOiJ+6adU9LCzG14mRhLKzjUa1rDTwtYVtjWXUVV1t8PUB41gzH7FXFpiddVVx/UVIW6HIRRCfwnUZ1tLBHMCUQREImPAX12e6qvIEAAYUyGRcTS5+hodjapRZSpTVSNjRqYyxoyq4HPUBHawGYWwJgubLDnEo+EvoM65qwm55qSEAcqS3EklXbtmLTicHewpMzdfVaztU5Flgjcy5luPtsK4a1cb0+510nHLR1//bH3bgegZgUznJR0OjBI7+jxbcLH6dlKnF7tUfMT5GY4oUsKtxN49ywBw7tzKdnekoKCgoKCgYKuhLwD6MlDQD6dwcvZV9DnYtOUmaYzLB0tKKBiV92mI6vdH9dqr22mMGmzVn9bTlR/bmYOsayb7eXYcBpYv+SUfqP2Zf9mW7eZtYb5jYaG1Zbaw4fPK19DuoTJ07P8TToISuqiEemz8UFAfnAgIQAjK1Bn/0+TnzIiwQjKEZNBUZlSNxqPRuKqWRqNxVY19eMJxVY1Ho3E1Glej8Wi0NBovLy3tGo2XR6NlzTTViEyFxpDTRCnlMSKqyFSeDTQRy0FIBqlytKLfoXecwAI65iUVgaWkYfRYG0oTuqGbEclRnfRkS7bVCWyY2xrkWWjRrwoREEEXgS4bFK/d22wZH9FSa+06duoQJWWmlk+M8oioJ6PnQ6TOM93MDxlALzlNl0j9gtSLpkQP/Ko01WhkjBlutdejyVCIuUmBCjfuYiMyyg5WpqqoqowP1GnMyFAV4nz6rXG0euAIUccnEhSCxkxMVn57m52yZBvnx7HFwgike6Mi/YMzdQgbt8HmqNbDG51IKJnkJ9fjHNd4u8J2Z65AJMM4351zSBPJ3LUzN4jkFhEyh3SPuyEi2H5Kof+MZehzoA8bOu3NRD1NEv0AgDRyoJVIfnYysPv7m01vunnf638oY/Nnhlak93AvkK/X9LaNx5WIpaXR8tJoYlk1BAUFBQUFBQVXCM6dX5lYXl4aLS0VN+PTkbEDd1iGB9mfW8fCgDoXZ3PeQvt52ZbtXNuqy/hYtmXbu5U5jhIAmK0GXwby+ZA9Srpal+69QbHe6lsUe0y6e+i1hklPJO2hgDCzKsUdmyEigo4uktruKNJhrwmGxbrmsEMEANAYAQDLqNc5EY/MWCREP0QXzFCI2VjrFH4itgJmGaGdCAoiEBEgILlIhKPR8mg0HlUjY0ZkKkc+mhGSASAQZBYiBEAkdPEFYwurT3mZZjQsscHUSwinvi4MKZN/z9Bhah7eFYgr5Lsn9IDKh3RMxDm0FQmyPwEYaqPzpyBJzrA+Dup5ON/Ea2UWA9yTYtxKUjgU83shvgaTRDgkzg+7ENGQAcNsjDHGWiMCFVRIBADr6+vaSqwjzJhoPT+nvB2QGCJrLYgQojHGXVmej3QhOSOVIBIRkiGjskJjKmoJBmMvo/5EojtS7zm25y7exoJLf0Ze4KwLLpIStudCqZGZkJ39gZfMcGwkiGaJR5hFcjPsWRg7EF091M5P7f/cT5DLBslNtX1xXekDtGmY6aVikyCe5/ZBkAu2FPv37VpZXT9z5mIREBQUFBQUFFw5OHPmor4GbHdHLg207MC5nN4t9B4LA+rM25y3aru9rZftlbatIgNipBko6ZKekpZB5SWT72kHGdBWUymVy4/8RHkHWBLqSdZ2IASa5UPt4nc22pW4vKsiRECMxqEmeGqjj9S1+rZik5ASFQggCATBu6D/9B47SBrjhb8IgEBEyi0KALhwfmAqFisCLEAVVkgIRILIzK4YobXG2nU1ERpjRCwLW7FmvMQgqm1UmaLyg1SNTTVSTaFKCQkrBINgiCoNV0hkEAlA4w8SEAKBuH6RILASP4RA6h4Aw8hR/RSEBOGe1XhY5tCzq6dMnJPY7ERiJhsDn+QPy1Ql/hQ8f4eO/A2npjPn62g0KPG8u/+D71CoVYKBCvJHefXlELNjwwTsz71r6GKqyU2B1O52u9pKWLfQSJuJJKqF7D6+oL9YwNFahMTC6EQsOsCoYf9EHeoiGTIiIizMFjwDV1UVIoK1bMVaqw0RERLCBPRqUFkhM2uBQMYREQuIO0qICAGU+gNU9q8iU3n6fKQyQ0MVoqmMFxIaLzM0xhiDkdg31hL5XwlVKQxDlUbxpeEIeBFmpiSCI0DsVC+mvZMF4HMah3bTfxlyMRSItnULYW37O3K9nKOqoeG+v9kkNNdehg1tlmnv3Rq7fPYq2zmsW3tdTSVfB95eeson4zDH/WoI5u5hK+jpPK3P1M/4iRYT/IttKF7/7Uu+XdgVg/Rh3NWxWRfGVGQ/4pkPCx/MNnqI6myBIex1F6IH/myd8Yejf0sJy7v+9K1gK7F//64fHD9z+vSF619ycLv7UlBQUFBQULBFOH36gr4GbHdHLg1EJlpQm1JtNsA4P/4wumFbri278Ws0Rnbc2kAnWbs0QjM2QW/aZbTLxNsB9YTzhbj/W23zL+krLl01/iyM/0Is6ZJedFqCfWLWYyWf72iTYfV4oVa2jGMi6p2hjDT6jx31SxDoNI+V5Hz1ARdLfNQc7tmUTA/D0Z48Q0CvAlIXnuRINkGsPwmvDAAiICNa5R1QQJgtgBJd4kgIJiJirgAcQSgIVsQyszAS+liDI0SDWCFWhkbGjAyNiCrvULQypiIkokojI0IIp6Zkg/cyqWcCwatViPuI/tncceJDyJJFIcsR+neTeNabv0UvJfGC9fme3nIlBtjEJdTgFHUiqVs0Z0iNqt4RwPQEA5FZP31axtOIhnQHoLhQSoExE6kvKUTUAmF5EBIjgye4dOkCAIsgx3Z/XfjsvN1GxBhGelYiAhFh1OlHQlSmW1WKxvnXbaIiMoTeK6mptAz56IPYiNdJGBOG+jvW4UWHjHRs7q8Js2ivzxEfhDtlB9uERL1ioXNZZfmG1l7pOijKyZd009ur+WvHn9s59FsXdlonu6jT9rRerhRCz9cSIkNdiS68Sx2X5NYBEXfSE2VTMN2d9wbrbz3asrvmqBk38rj3L1Te4qHfabU/dirYXOzevbRreXRxZf3MmQv79+/e7u4UFBQUFBQUbDrOnLmwPrG7lke7dy9td18uDSRBAv2/YHeNTK11uo7e164iOjb6FydjczCG/5uvyhkOBSFTQdM+jB35+XRdJrWf49Rj20duPxdQ0pdEuhKvhaqtzyVd0tPTMsexShu4jzNUSjLlWF8GPCvWOhbq8pFMpKPPInE90igDrk5J+gYhLZm2/Dg4rWDSbvgOPydhCd9v+/ZAIPxfs2Ja3BOD/gsYFx2J9B9456L+aSUiAqYiQmICRLAoApWR0WgsAizCzABATCRETCIMwCJshSfCyIzEDM7RqDEaUNAIEKBxtIeGPzQVeQqE0BCZiAt0gW3qc4lFUZg8WetovduOtnHWaTvccggsh5/9Lo0VNJiP6MuMxCI/w2n3mwUjDZC0T2RKzTMoV/LFauYmeW2KjsvOcSwCc4ZpZ7dMPHBiQuYlovggxYPYgSeh8ty6kkOcT1Uues/H7lhRVl/1rwLIQiQggoQqZDREAOC9ihqK4wn6JoLT0biMBhusqUDCwKG74yM9ob9+oL5+wq/RBLih9ELlxvTNQm60mcL5CIlo+W0RBvJtm6HKKrgM0F48zXWybWRuVhTbRvbpE/06Q+8zbc1CQy12pDbpas2fY09h6fps6dJB9LGOe/Hy1CA6Hwe0Q967rkBcddWeiy+8ePLU+UIQFhQUFBQUXAk4eeq8vgBsd0cuGbivnGO7rrexDbRFR/bnzLHqScP560rsw0mZYXbvhhukRdjeG/3fKVxASV+2aa8g9NbYki7pzUtHxBc0ovd1Htuw6rbzJXus5Ot0SjXJtuW5PU+w1WVE4v539VnZuzRfJDpf3zeQdrC3wJp4xqLe61xAIQQlFThNmXMwqvJAAHXSCQDAzIjqY9AgAisdImzEjKqxMAiLsCAisyUxxEbAirAIozAIo7ABYZCI9kCviKqULCSiSA1lCI2hSkVQAAhIoL5G0ZAxytkIgpCqGV33G6eaUIbbh2R2QiJrAe0xjOqzvDYxek0gdZtSnRYU6kZTzmYWO2zcty6Ta9LEVMusyBR1FzSXb66Ms7sGni92tefew8D9qvwZMyfptMVorzHGsujvAIIgZAwxKyPoNYWcqQcd8658IosQIQiBqJdY9ZyLRERVIP80pVEGnevdqqqI9Box6K+RWv/qqHMnXxQhEUJBcKwu+SKgQkLSdGAHxZl1o60T/Ol9Qhed3mlqPhX8oupdBhKZkvst/og1e7BxZnGTkKftd1IPtx3tW4RM8+44kJTd+YjPNHu+A+6fbecGM6D/qhk+yPGMbITav7yRPUcClPqrlkYZ2dnsoPZt0LQ1PrImf52jv2v3vJXjE54AACAASURBVI8UbC4OHtz7/Asvnjl7cWVlfXl5tN3dKSgoKCgoKNhErKysnzl7UV8Atrsvlwzi6IBRvMCW3TWfjn7JHxvUhVH92E4PbStqqll/Wn5I/2sdJA7tQ0mX9EbT1ZVgFyjYBAxbNrlS0rOv53jJ52dKZHeCp1a690aCL2nna2YwwmV6ksmU1G12YoECTxV4nVrcS2fGgRTeqhj8ENbCo8hSaURQg8swiAhLiJ84GmmnrBhma3lCTMwTEWawKGwQGYS9ts0pnAhHnhKJmiN07CaGvmEs3nIfrNddjDscPe+wdZYQlb9UkVgbewrU0qvG6UrCH/c3hPXClLaVf6CIKqaIkl39hye0QWL7rpkqrHnzbK/QxzgMayDWC4a0coHJgSmb6LOQWVm6ujQDEXl1qOguASEAERIgAwZZLAqiEDaWd3BeaiLfoQ3JIBmlEUGlgBhdA43Ig/WV0R7hJL+H3/VXkA+253dAxLwGJj6JKJkwglnGopcagXb5beQberirIiIciMuG/xuO5AKcStdt3kIaMvLZW3T/rHV1fuNzfQktla7vftyjs3Uu2HKUPQe6xmfL7kXxe4B484JmgnOKEP403JoeFdSoDB0+tPfEyXMnTp596fWHtrs7BQUFBQUFBZuIEyfPAsDhQ3srQwOKF0BsTlVgEg6wzseu2AGN4q1j/YtxR735g/qwmFqig2bzCVNQsDFUsc+3OGJaSZf0wtNKlc1zrGq+W/k+zuugesJ31LkyAp5OS8tIHV9w5v5LIzaha6NpskfvbDOJdQgZ1ERlRC+IJxmc10JlX6xFZisoAFRFIiMAHGl7gJYnzNaymTAxk4hlISuCxggIC4cv65UNVEeihIRALi/0Ivq0JTh2JKwVUBi+XReoORLAUH2kr+o0U4UyW2aUbDY0k/2s72nOXq4QtTJt8gcgIoF8zuJIka56hkjNcgWCiTLDI9YGzRAXsEkYYwtxcxj87xKRivI86jlFAABrUYRFvXHqDzGAALBKD4UEWASDSd7x5YSk0Tmd71LvcddErkdr7SC5UknAwSjyoCtS+xz1MQjb1GB2IpphBQEAnfyl1+lrWzw664LZgRK9whFuHFcIRxh/pNJGP9/WPGoDd+1hLQ4/dqa52y52cDHjNQQdf4qnLt/jp2az3MY5wu2Ej0odfZODQYKuvzdNLgVbjcOH9p04ee7EyXNXH9k/Hlfb3Z2CgoKCgoKCTcHa2uTEyXP66N/uvlxKULLC21fDN2/1e2wcYTBo7lz58I0cBE9M8bHirZGaD3WZVnkMdbbaTcr32ZyxI783nbE/D60HZ22rpEu6giYpX9Ilvci09JSRAfVEZSSfL3X5xifh7TpjBWGjfFwHiCTtgo8uGJcXadefazd3bACmBhlvo08t+U5eFj0jlD4g8o9DcnSdciGuXgIBBhDAyp+36v1Ifa0SE4sltsRorRKElkTIGAZhVoKQA3NDaAiN87KoHIaXCmrYN9+LkJGIpxCbJ+0NVxATIaE0bCvaps/Auww42vsEiIi6pGbvIrZmB2ua0MXCFEj0hF5imNOqbgj9xMnUuYioqRBEUJICrXELLWJMDYbDJTqwS+jWpglrIyghEAExSszKoQg6HaFbdcCMzCwIohcU67QxgIAwEQExCwGzSjm9DpAcjUeGqDJUERljKg03qMrCwA666yI443U/LlphwhWSF+xGF03MZOTnojFHGkcx46pYIPHanNF3Nqaja3kgNoJxQqvCLDaPc8qqV3OXcLGAz4nLdeiS89qAo053x5pbaLhA16AR67+xZ4RsyjUrEmIpb/q6wsg9QUYgCBDL0NFr7HY4sne23Dpw7yACGBVwLyeR/1RNEOxoj6qXLZaXRwev2nPqxfPHjp8pIsKCgoKCgoLLFceOnwGAg1ftKU7FZ0LkkE38R8/xyzD6/MDPRQdqiTgfU5ttUBDGfzcl9QSrXpSP2bb0N8nlS3TEcLs6zli+pEt6g+nqcrX7FOxAOJPQfEfmDpvpO/TewrFSsfOwnhqaX3l058YfcmfrEUFMgxQ20RZUeQUSkjd7kXfA6EOnIRljRJT2AxJjzAgQCJCYkJFICUImnqi5HUlj8xCABOGUCQ4V9UfDrBF60kMZD1OrrKLQa050GOd0OFRsn3DHUGwWeqyiUyWM3GGObOeIeAuufx1RyiVjpvNx/3JV1a9EG0F7yc0qt2qTeT0lu3Jco44nrZmqsNpjpjCGxheM00EyaK31VJ2JTs95F0UXicktPyJiRmMMogCwWAYiR/KLoI/JGVptk3zuGgkddqS3W/9dUkiIrpH4/BKdU3tCevRP8QH15xoCupayoRy7Jr0dNjX5IGPq4kmIk60XqJVXnSxmnYtLXVw4k5vlqWV6FvlMmHUKBpfs+6glvki3bFq7fBHvwMtzbhejmzqSnZ9l5ITmgo4dnDbC1HRQX7CluPrI/lMvnj9x8tyhQ3t3LY+3uzsFBQUFBQUFC8bFlTWVD159ZP929+USAzYMXdhyjIS5ciEztrummY0Km8mk5py1DZP/86nkqGyRTnSXHvy34MByBQUBJQZhwXwYtmxypaRnX8/xks/PlMjuhJiIye/1H6ckuwKbHn9VIu1KhsYgBO8YtWXtF8iaeiLLjnseiro2DHI9FfP5wwgBicigYXEfyKumzxjDzCAoACIMaAQQCYGBGUWIxZIQM6MwhS6h+3oFCZUeRHTeE6MtEoGpKUFyLbruua0Ko7SjtZcr9DkQntg1d9Kcv514s8paih2wXgIdnc/z3hKxL0EKVscpnAtTLbB9JzIvptmdMSmTpEPHElKtTRwqdaeF2Ucc1MWolTCzMd6rr0WxGndQiT8hQCDyxXTlggiDYRRgZGYGFl35VVU1IhCqXtAYJELSLSEZQhNc7EKYakTJ3Pv8GbUu/P7pyJN52aKRTlUHuT3m/arBfkYk2TvVW+nWEBLZVi51imvhaE9TO0TlZYlp8eEEAEVUYTbwrtiucGY+clHD7r0NTy1TX7PQfMps5d+Um8QUihfKtd4FG83VvyYjP/tEbNcl055KiD2/Q3g/RPcBczCwQKEGtxnLy6Mjh/cdP3H26NHTN77i6u3uTkFBQUFBQcGCcfToaQA4cnhfkQ/OCmnInKDEICwo2FRUzh7hIrpFW2eYLvklf2H5Kt6ep5723tnrUb+aneV9DELI5c/Zf0Hv66/OYR8kDCNBpYigchWYPjoQvfISnQpJTfwU1Hh1hDUSFfuJOhp1JBwzO/+jSCKCzBHzxCyWCC0jC5IQC4v+6IMWQYO0iYj6VfT+RdFggw5ULiN4RqzpQO99lLwTVKeUqu1V4CVUjpR03kl3Ktr+QmPznE52XWDKA71+6EcvLv4tpYvrme5idK4XEF/53INft4r+Skm2UbcSF6OZ2pqati7VaZAMthWEjhEH0F9jq7cBE9g3RARrCUSch15dgSBSiRGVYBCgoCCiMaaqqhB5UEnCKNCgW+jKHRIZLzmsfYY2NIjuUgb3S5PyjE9zysgnZaKvDLDOE+9cLg5Y2MnkZfOTsIX9vSrYyegSQ0/VT18xQAgusIeu9Ob4DHBx0OUjdODF1VVypjCEyU01eqhtA3G02EChA0chP4yXwv3Nh9TNjhgioPP/UDt3R/9OWb9/RZ9sFWwPrrnmwKkXz585e/HFF89fddWe7e5OQUFBQUFBwcLw4ovnz5y9aAxdc82B7e7LJYnImuqpvCjH2Wnd321Neyx6x/pYl6zLuD86fHnnTC7YdevyqX0YmrU1y2fsyXV/FmQ/n72ekl/yB+ZX9SfD0NqW/JK/wXxp5MBG6m/vnbEemFqP+B628tP+y+z9h7iVyG1pZIF0RhrPCEL8DbgnAcBzaYFxo4hy8PYeMMYgIDCIAJHWTcpJElttgplEmIGYCYmEDYsVseLsxu7xxsLMzGzVjERQ84EU6I3ajRV4kaDrbHQGTV1gRiqf8ZS5Qb+X8yFrOpe21TX5TQkqnebY2tYsFlXn1of+xpB+ttRznl7ik6kVvMq0GVBp+KBhtK0T/bbu0POajnId8dx8JIWMxjYs7aYx1se4ayyAKDhlNgxhpCAUzxhK8DVqlCAUATJ6EVm0unSZGBEZBABYBAQsIiIyCxkGAQQWYAFWr6JUGQTlBX00wTqEYNPRqDGNEIgqqyUyRABASPWlFP8XCR/bXkDTkW8VaK4igaY9OFajJpjqF7SZKV1HRXvTVRPCrE5FIvduYyCJMlXLWDAHLlFxYbIMwm0nudW4hzKGv8r8nZbrU5b0nurv+BIeY4PotVjO2+N7Of16tlUmXC+NefHJfm+iDdY/XNfuQ5eNXTitOKiDDlqgmjC8x0wrONV5+I6Gf48MvdfXL+9fFIPbJa+oRHDxaBEABWk7O18AUBm67toDzz536vkXXty3b5cxZUYKCgoKCgouB1jLz7/wIgBcd+2Bqjzf50JkTVUasJET/4nUsse6T/f1DwJJjwX//bpA+Kuw/nsKQz0Ibbsutuy92LAYt+3AGNmQB9uxN2Q/L/klf/b8Kv4TXJrm3ZIu6cWm9SY3z7GeNkvy4+3UehITebOMqvtyZZRJn97/UCp/rMv3VSDUNFpQ4sUUlDJG3i0URQQcIpmgVCJCBNXyaXw1QUcAsFZFRKNRpRQfIhtTAYARkAoc7ceOemFgEmIxAizCEr5QQSJkUUkiAhmqqDJolC80aAwYg8YAGSQUQBQCQWACclynMAAp+enMVd4s5cxYqL3wHFA92DUSh5OwmUg0gtJFqWBKabqbbGyAFcf7Nsy2gqJEM9Z1C4hm6iCIsBs91cABaIBDz7lqPb6H6DVhKKC+MgGj5RY7zfMeNfX3qPuO89VdsbfJEMuqPm/QzjrDq4iwCEaXqjdXx+s5hpJ5Ph3R5AIAqnFtdIyFyQlMgYV10ZAhZiYkAUGuWUJjQm2iMQgNGTSCAAxohVlIwLoZQHDqWhAQYBE0QggTJBFAAQuWidlaZosIGnMzoAoyQkTjXe96j7pACIRYkWoJ1U2vExsCgEEyqKR7vbwZxNT+dhskaPhIIIxe0E2GXwMfRiBuzsSGqyoxgbd9ikZEhbQKcNylUIv2LXzGEehDz76EuXTySHeJYHwrbbs3RHdNRIhJ5ZkIqu3yVBxzPzuZpEwGpIeTbhFp00YyE0/V3xO3YCKkXi1xlv/8xcmF3bcwXtMu/jastwvwhDoy6x2t/lJB/P3Uf1ShV7zPFSQGlPhjkaw/z0T+23j6NO6EmcFMps7TYe43dz/VJ5VEx/jbS31/DndsLee/uW09h9sdmFqi8VtyDlMPD8rv9vLTbx6HrKHMo7tjDW9cHr1wotHd9brqS1YOIgRv84gIKCwQkYXu/k3IEmolJy3fqTeoKwSHD+07c+bi2XMrzz1/6uUvO7zd3SkoKCgoKChYAJ57/tT6xO7bu3z40L7t7sslCfR/x0SW2uiNveE0CaO/ghoZ4VhpHOtMeVHwp2DNisu7bjRtv3XVSfmmPblpH8aO/Hw6+pM8KYNTj22Ow/S2SrqkHarkD9mSLulhaRlUXnrKyIC2ojKSz5fWzga5AzFqUUqjfPOcwibOT8vXtEfcWGyB6zkWgFGotkNRFA9MnLnRqxTFm24AAILcqKGbQu9rFDz/RoDM7JSOIgCEyO7HcS+IiJastY5UYWEhZpULAotYdk2LPzerdw4iZwYlIEJjnCAqVkNhsE3VXhSpsSs5BU8Zkn+Op8awHWBbn99pZ0d1zumXNJzfekuzfufvXjEaXEjb8og+dl38NuDNlNxcsY6IFN8JTUUaFABwgr+a8GuffhCGivPeC8GYnDMz9rAjqXawccZuB3snt6JrOjrlwId5BaEOp9LZ8YkCigEAC1b96LKLNoVMLCK6df54AZAJhRGBgAgts7VoLU8QROWBSCY42Q2SwUbUw+Br1wkHCdXLKKjTN8BaiRvktn78wxQ2mYNkPOO9LRIRo1tjs4ZuXVDMEfqpya/5tgIpW6znkgk0Yn+xywbbooTuR3vW+smSxXV4wffSWVE/niNCOuxFjL+EICXKVPCrX0WAu3P6EH9Yc2/++xAU/UikFU44jOTgK2gj5znbxSVNj6LBj08/+lfF1POauqgSdjC+dmRbXKDuMDSMIdFkO3WgexboM8c/1fWZi6ifk+mCFsT8U6FgC3H9Sw5+86nnT714fs/upUOH9m53dwoKCgoKCgo2hJMnz5168TwiXP+Sg9vdl0sViTkVIxOWLwDOtta0KkV/0EV/DrWODSasOBhOUk9sWGnX3/5zS7Jlon4Mt723/5wr6ZLe1LRKTTD8oR5vS37JX2w+7LD+NPIhLRPnz9n/Vp3uQ27P58Sym/+fvXddj9xGskUjgsxMlapcbZftvrh7umfm/DnffoDzUPu99guc59lz9nS329M97Srb5ZKUFyLi/AhcAiDIZEopKauMZTkLQoIgCAIgFQsrIuMX7Vdm3lY5NoruCQ1FZ/0douUxiDQ6Wt/1HXV93/d9r7/6n37VUU8UfqVVT33X9X236vtV36066hE78j89UU/UIRJhF1mQEH0wtMEEYMtaTpjirnmFUUlxpe41nQCfBNJ12JiLCCFeUOoVzaqrcUa1hteYwt6neiw/zopXnKj6EmEVMvoDJnmfxCFldzQSnPm9K+770m6JirRsdqQ649i2gz9EA0Qb7S/6/OyC608NEqgj3s+BrovF+n61Wq1X/Xq1Wq9W674Pg1/HP1EYtoToJ1RHfk7pJIuT03CESOqVN9prQ9eMknC0o6Y61hyICFFRjGFsFPcxvhFH7jjr+9qdX2jxj4se1kZjODuUMsFPjyz8WNarKhMzk/8JQAQ4sIM6Vs3NwrTwmMezn9OxkD8sVQkQNzFMKrLyx/0Z+/PB9VzYjY09PcWnHu+56VvwaYxk+9gtVhvxNhUSoPj2EAeoFZI/daMbJrDZrH7/zRsA+Pa7d7d3++duTkNDQ0NDQ8P9cXu3//a7dwDw+2/ebDar527OR4wl9mQw9o/72ofhxPL1/Kn02Kr80dvPW/6nmN/93//P/3y0udzwCePhhpUlNYw2h4x+qdmwZ2ub//ZIer6F45KVY//H73+MfBkYfsW7DcSgqMNy3hoyJimWlCCMRIjGBfRnwvLUORWB6vpMa1ZfpT4fNJYeBY+JMY5a52lH7LquV1aRup6o66iPBCGRygopMCVdIEciWWLcMGpARQjUoiqrogorX62W0EuPg6mTTmy6xyOFgpEZrZeDdKUQ1IXhosXv9fclj7tl832ZqEAEsVZR/33ZKoR0epRAVULeSH8vYn5GSWH0lCuGdaz3XTjOSNaip8piYkm2C2zUY1BKskrePfjdldBm4NACHabxmvRThzkYL8DhqrEjM86VYu/6lTKInmfsNfpgF6ITRnFh1BpqnSE/NiOSjsnt8Ij583vPLPc5niBaUleSuGjE2wVhgNm3Vd+fgdeYWivtGmLzrcgsNCPdMfuTDsTM+7mtzHxWmjCRf7kY87jjDnxe1HXJNZzY7InCT3fpmLXZjvSoncomV/SdrBt42O9GFRZ23l+0OmwUAQRC8t5y48YOBFTf4ORVW3470GiLw9Lmn/TjmxiX8YlJNDp/JrYOBZ5AU4azmD/QN3y2fruAPxkeg3fEifvhry6N8HCxGBy5A+WHkR/52EWde4iejN/8ujm/ema8eLEeBnd3t7+93X3++UuiC3pMNDQ0NDQ0NCyEc/znP/9zcPzlm1e/+fWvnrs5HzH+1//7Z/MbYvmHTPjLum6Us8URan8EYfqntNhVUrVvKzVVca93uok/yO9TVUPDElCVS2yf7fMxPqe464s4+1jtZ/Lv2X6o5KjhrkvyuQRE7ExstqqZKZB5c8j4wpxIoBrGBAb5yGpecdh3qhTsu27V9atOpVRdj9ghJhGgJwKTUc4br8YNtt1SZCKKJ6fGd/CTwDi4WlkAgKcvd4nxsZSk5pqVamfmMwWEgt1xmd12Kj/3nSsybll+eJwmxRjG0VjNRjvWR3Khmh0jqQf7QmHovw0Cw9VqtY6FieIBQSJrWhM7aTwly4vKvp3rZJs91dXLhgRa6cxYRmP9uIaQZotqLm539dflZWZO8UA8l2bowlewYtRdeGsfgjgAON+XYIAioj66KQT7jf0RKG5Uz6LCDMKBVBQEBnCETMREUZkL4yfdOPPhff6QsV1pwGWI66bmfv1Bcr6TPk7FD0AcgaNxIjIVirEQxfo9GWK3bkhiB5ux4ULw+2/evHq52e4Of/n2++duS0NDQ0NDQ8N98Jdvv9/uDq9ebtQ3QMNDsMSiG0y5D7EYP7yGWYvx2DJ88fbz9vkL/GwKwob74f4GFCn+XXiWi1cQ1oxKMj7+f/z+BwrxyLwqrLQSYmTI9Pekv/N0QleQDdbCqIpCo30yxket1AiTCH34OLSEBqB3GUq9V0EFzaKSJ6EBXTCfknp2RPt78PWYt71oU4y/llKhJVA+HZ8TUw04oiD0Q6LirNPfDknyuIyqwaQhhCgDEZk0XGKmGzF2QIkeJMH0eDrO3AP0wbf8zSB7eeNbgLaKvIfEVh1GN5TDfPKeiojxsArFzIqaS7F2zqhgqwWl0jEPECIBGpe343mUcoCM817/VUddT13X9SvPFq68XjBMSS8J9AR758lJw1wGR6aRrcfxVC7m9dENAUX3jh/zsSdNGcy/gfyoLELeuB6wd8H2f2XCLjE9n/Q0wYnFdvYEz2rxr0yf51/TYGaELDlq4RlOyj4zECSJoI2IGGIwQQxKQeUFIURl82ta1NVD2NnjPQQbHt2v7v6KWBd1tMtT7e5X+3nhCmkxP7Anq5i6LWZ90H8ee+I8dCIcO7q+m3gCD7/YhTXMb9YpUPNAkJBWYF8bSnJSrtpBCmGe/SugQHDdAMGBeVilv/l1i3t3EXj16ur9+9u7u8N+P/zq9fVzN6ehoaGhoaHhBPz127c/vb9br7p//dPXXUcLjmiYRFMQnquqhoYlUK+GANGKkX22/Jb/i8mHE/OX1A+jfMBA9DBE9gggV/NI9LGY2ZtCDSVn4GsxSoXA1ln+YywZ7Dx5YXRXnkDpe/Ug2vUdraLXxJ76jvootoq+Dc31I4Qga0uIAVNC8kuYOejjRjRQW+doktPM0aOm/nDwujljeyx63Afug2Q6rB+FZcLfrtEBpd2zJhqzJXBSfLjMMp6/+9n8jAyrkWoa588O9UjUGRlhH+WDFqvVarVST6G9D9LZrfRHsV6tV6u1OhRd9aswC6i4EMqvP5hhUyMBrdvdtFYsofqKPjzdqJ1NzEJmmqdnda7HhYOV6X+O0GsnC4cuih28HHFSweaen7N87gs1Pj2znLTGirAImzinLCCgjroJAIM4UIlDAiQRZKMY1K/ClPZbPQRYwPnKRqjS7VU8I4t8IWqyp5wsT88OnvEC08BO4z67gZjeyvS1jbK300XbOBqeDqtV/8d/+YoIf/jx5m/fvXvu5jQ0NDQ0NDQsxd++e/fDjzdE+Md/+Wq16p+7OZ8EFtl1YSJ/uf12Kn0m+zOcqZ6W3/IfM78H88fl6LPlt/xfTD6cmL+kfhjlgwiLIAMRoIAqD8Syg54o0HP7f0J6gmyp8C42reHZBAQBRQSRAJjIu5YiIhEhJJU/kDAQRWUbIoIPKocAgJQZLc1Zs7ZYxVNRNhJA2aWN2v9JwhAq/kPyb6uMS+EHUqQIXDh5qqlCKjvIiYGypGRTAKxSweeMCvshAva48sKLZlS/RUTIL9meVEJCxy2YwUdIQuzt9ZINKg3wKSJAhCIgQkK5z1MB9IQBACAKe9mlr1+lfsKMLJJPRi0WOXhlJHPyD2IZtNLIvCuCcMdfEJSnwNgHVr1X3M3Ypar/0Rsl4gOlacKMDT8Qi3uhv+lNQESRkrMfn3HqRmslR4sVvTFjQ589tIJnJ+T88jsxpJ8dM7Hxjra2UJGODrzEBV0CHQgAHJcTidON0rQVYnZ+tQFEpMAjspcSIgAKBoejAALg/EkAzFqVUPTweF099WqOfn2Bt8DisWfEpfXAY1yvr3M021SKH7Pjm1ocrBgSl9dPDXB9vfnTH7/+P//532/ffVC/o8/dooaGhoaGhoYj+Nt37/TB/ac/fn19vXnu5nwqSPZVNWRY+yrmlti8PGJpp8UJ+y0WxxbnHefjETvwOB9OLD+Tj2eqp+W3/FG+Kggxt1GavyRbfss/Xz5cWHuyfCjL2Px7tn9Up1J0U2a9kikRtrq6QBck2iCBrGpJa+JUjzkuaZhiNYAddh1hh9iH6Go9Uk9BeoUdovcyiqB+SdMPYYdE1CESUofq2RQgSLkgNg5MGqMbS/Q710VpSJ/+xUP1fwLCwgKWOEQv+wYAABRBFuQytl9ilUiQBH10rGx4WRnN2NBMAlRz15mA5X3CzGUsxPE8DkOYpoxpbRWE2PlAlyknTCpMLkCROvRjUL12huGe10YUR26UwObEXtd1HfW9DVnY99T31FO36voYhzDMqKi8CB51/Q+NOHLRG5Y+Y6eFZPAlHD33Vp2LpkOwPEV+L4BFGCD+iCY0M3yGWwMsWgZFgDPiNLww6H2Laftj9ashUzQ9hlnldJkqCklo8KeDqYiPz4ujQdymRtdUJNGLRFrc4mhjABZ0DMIIQgheX+x9ZfvNBMACzOicDI73jofBHQa3Pwz7vTsMzjEwI3MUFAL4ZQnRPyQlMI+mNWbVrfZhHg0xysinfmC+gJj5n60FxxCaM7M2VwbGJWKin89+CY8YDxFZsHIPU5H0tOsQCLHTB3ihEUTshLqJ2ycCepaGC8Jnr67+7U9fA8Dbdx/++u3b525OQ0NDQ0NDwxz++u1bZQf/7U9ff/bq6rmb8+lgiT3ZaqHuax+GE8vX86fSY6vyR28/b/mfYr4qCEvrlUSjYMtv+efLhwtrT5YPZRmbf8/2j+qM3GAw0CjDgDFH/ZRhOAADm4iG07M1oD0WELIyd1kk/wAAIABJREFUqAIFZlYRVQi2JMGC3wM4LSOCiCzCJAJCQMohJK2SCAGqDgmcc9bKFCK0xfYklVTRGP0nhF9MD2PzXP9F7GT3Lwk5Y6cdYu2M+ejKis1oR1Qtas8CefFYbRSf+bEJ/jzTnNPo1/IKdEQjTbdvuU02DpI4aplZG4wIzKa2OMQkqCaISKdbGPT28ikI4GLl2mki4kSQmZGBhIXZoXPIjkFpWGYhYWaiMLwDNag3RYSZGRG7ri/ssCFimZ5PyKhxbfMQ8zChi/tqvvBI8ydJFxiyVWRcHGXvheU2qqeL5a3oUDNH5ScHcLXCjx2Xxg4qioE3VezBQrfnR1wCxA9gCCuJ0vBdKBhIbhbnWOGc0wPc4NNEFHwRIyFQp4uAqJRQ12usbXWxctKjDV48+88PP2ef7fwNEXoTpgeMecEKkYjzw31IX13cfcDp8Jpl9nC0m32R+OyzF//2r7/+81/++cOPN4Nzf/zDVy2UUUNDQ0NDw6XBOf7Lt9///POWCP/0x8YOnhnm7+ioIEw5ma2ssMcG4xDEkjhhv02CwJifPADhuDzgqB4clanYgc9jP8eT62n5LX9hfnOL3NDwtAj0XGTRJH2HYwN9zW5TDw+WkYWYTD/UkbCwsDkoipNARElEREFNe1eEgAQqzIfkkg1AQIiMAJFUt5V2IZCRdlVbCCWROS5Qpj8KJLNvyXKWN8u/JNR4PsPILtDoHPk+OLFNDRMx5v5krfZE7TLSZqIhNf4QxuyCpZqqd9mTTxiap8X0k5DAuwZFAnUTysyAAur/kxDZOxsN8Rih0FbGvkVEZo6suT81MxMJsTJ9Lp6dUJgFkZkRhZl88DFA8gHLIAg7YlyyTKuhFCdRF3y8pYYVrP/R3h6x76bfyi4Vm0Lw77eWos5pw0g/15nC8emmyoiAja65nBqJl6iNmT/kaIWXQ24V9/oXjHLuP9INSgua9ny+vnlv254i9KpBYXHM7PhwGA6Hw35/2O/3h8NhGIZhcIfDYRicMPer1Wa9vrraXG02q1W3WvWrFfWrEJY3etoGHD/AlwyDsBxNOmk9V4/Nz45PeLdOXI5OXJdKxLW9WIpnyo+fhkdOUXeqgPm3eRjiwATGyIL6J6Au+74BcW+N1v4J3+yPHJ+9uvr3f/31X/76/c8/b//j//vHH/7w5fWL9XM3qqGhoaGhocHj9m7/7bdvt7vDetX98V++ap5FGxoaPl40grCh4UkhGuiMOIT1i0Kb6JaTI38QZIaBS/DmRimIRRHPBEW3hBkjAsLAyGgJCQ3hhogiLMKI6i1NBWfsXaGqaQlVgwYipId3facMIgZyMJwLvJIQ0LIXJZNREyoRkS0fv3pse/q8XW+h3bCkRixXWKN4Y4i4qmmyQqEFIZyxMIZvay2JHu8iu1Zqx/KWqPVwPmRY1axp6Z9IOo0xL04qTmFFgWwvVb8iz8EhA3XEjhFRlJdGAgeIQARxfGrHqaov9raqgrquQ0JLH7KIOOcj9RE650OGAhCKMIIggzf6i05dPZ334Yqe/LOhOhGx6zpErV49xEbaIpPixclb6Q3TAzq7RmycFGWU6IckJ/VaUn+vw7AqdKyxLVFKOub2LOU5dVsBQDh8m0sJq3c/28qUnOLlFfo7VQ6Yqa6IbX56jjCq004lA54YS2iqexQI8uKJAmHMVenw/JCH3jVM7AjYkRD3CAB10HWEna4Sw8DDMDjnttvtzc3thw+3Hz7c3N3dbrfb/X6/2+0Ph0FENpvN1dXVy5cvX3/26tWrl9cvr66vNy9gvV6vEBFVq9X1uqOmmMhxwfFRVGc6MO+BovFTMzGv88iQm9cBz+QsRHX8L1k9ngDV1UNxlLqu6+mnz7KwcPVEYa9EqjCvAcMgD+y0BsYMLieYQUIR8buBMEj9daReboTUBsX19eb/+vff/PXbtx9udv/7P/7+h2/evHnz6rkb1dDQ0NDQ0ADv3n349rt3APDq5eZf/vDlatWs6w0NDR8xzBKGRmjS0i39S0tbgcGS/PvWGbwlCqBAh0FtkAxSKcxayBEWNbeLMSlacZIqrgqTdFZn8qUWGRHxisCR2EkAp1wIersSSUwXpWjaJJlkT6bxhaHzXDb0exi+n9I6dj+7/BKe41g3LlIJigiHGJbVqsYW3qliRZmqcLBSDAyHbL+CxCxHMWocS8wclDukelkd8+oRN1rklY3280IwXqkS8B2ArweIiDrqXOeYGYK3QaaBGdXTIAYPwcrsY4qmySJcXNSMNvTUYT/f8zq7MTn6LU3zoRjP3CA7VMoNB/dqfM1QXs+fKm/ONUcwXIhkMLbh6A6ATxYh9uwIfjPBIpH0ecFiHsj+mdgRCcvhcDjsh8NhYObdbvf+p/dv3777/u27d+9+ePfuhx9/+nG72w4HZhEi2mw2LzZXL19e/+r166++evP1r7/88ssvPv/8tQD0q44IkFGGgbCjfPahlyAvne92MKur8Jgf0w/pw5l9BmfBQgLyGXGU6qver+pb1pL6H456l/pPbYSll8NTyhQNc0CUIdSU1n3epjacEatV/+//9pu/fffu7bsP33737uZ2983vvmjuRhsaGhoaGp4LzvF3//XDDz/eAMCXb179/ps3z92iTxeFrTWzr8Yy2Z7QSTvtlF33ZHvvgnO1dEt/hOk+bci3m/NbuqUfLQ0X0IZKGk7MX3JdUMmP4dSEnAggdJEP9GyZHpO5zE7hiKpuOTMphgqDwu8qLLSKFgPQaGrMhIhE6VK04PhEugGdKInYAuEHCEIokZUo/J0GKSSCAFK6kOLzLNa0e1TyPCZLsS4Yy6+qaUuQAIQQQkFdYP165gcjSBpY9jxlV3lLIYoJP3lSlxbXU3UoOjm0bAIg46gRUKxHOC97IEQmUL+jRBSOFGBgYM8W+nCCXPgX9WRh8Fnqu1PDFwqDCBEyIREwIzsAVv6vQ8ZyChASUdcRERJBcIzqZ26M05kLg1Kf5EogX2Z0yBym3Ir636W4m7BgzB9xOTdlGTfq0pCfF4htmD5/MXqnvgUTRFNmRtdzYZbjvBQi81FRv8BK9FXz5THG5R7QGoM3Yb8lIOj1kRk03qAI6+6I29vb79++/etfvv0///nnH3748cef3n+4uRFh6vqOet04sOq79Wr14urq7//47Jt3v/nm97/73e9+8/kXr1++vL56selWJE6wE3iwjPWIF9Bz9VJYddOsPU+9xUlKXu1ZcBKZt3wFnhjtD73S7P0v1ho/JLkYlSBrh7DxCyTKxuOynN3n8D6BR5b7hsvA77958+LF+m/fvfvhx5sPH7a/++3nn3/+8rkb1dDQ0NDQ8IvDjz/e/NfffzwMDhF+/82bN180Zf9jorC7orXBZqaH4zZbPDF/Mo0nlm/plv440r39m7ClW/oJ0nJi+Y8lPXVd4/yg4BMBwWA9TE6gGABB2RAiCk4Ou5IILOg3r2YypyaEaPjLrdKRo0TEKKxiFvXNKODVRWN+SM3x1CGzFyAq64igThm9ZKRgB1MaIEZoKkxv52IHT8Xj2Ogz9dWUNXz+xHE86D0dsSCxBlHz3qj3MD8JpkrnaL80TlJWXX92Qr/NKtWysyQqC72NMztEfNxBRPFH6AwBVvqQARCARASEJG2uFxA78iHy9CI2BmEiHgVBOLz6aSBoJiXBAYQoxDbkOHSJsOu6rlOuHUl9jRp2kIisB9EQpzDvBfF9i11lakyKevN8TxovwHh2x8SYxyoWhCmR8bGYXp4ZlcqIPQLjXBdHmXOa1MvBL4odtFtryvwFd/7hXaQTwe+MAQDhIMfXHSxERAgozM65oM+Tw2H//v1P//j7P/7zP//8H//7P25v73aHw+Bc33frNSGyMDhmdm632/380/t3795++Pn9zc2H3W77u/1vv/76K6Tuijry9AwUS59p3slXV0zMsz2/pLZTRWt+2EPZNvJCBvypzTi6TB0p8LAOrLUWbSLOpbhNCHTHljqkR4AyhGEoBul1LJzsIS1teCK8+eLVy+vNd//1w88ftn/59u2PP93+5je/enHVohI2NDQ0NDQ8Be62+3/846f3P99pnOBvfvfFZrN67kZ9+rgQe29Lt/Qnn25ekhsanhTe1ae3ygmIWHZHJAQ4ExCQ6N4qGsGPcIQmP37rHFsBovFUlh1CRGqMYs+VSAxQVxjzSZ04AqqpFyHzUkpINiOdJjo9NIUvxGj4ENS4Lt+BMeM021uI3WU9ah41REZjPCJWDfAIhLlwbaqqqbF0wiXU6lxY0sbmTOEq86OJiIUJQMcyEWnEOx1/wEBEzKyuREOPzrGD/maFe+bjDTIgSozWiYjUkSptA+Hg4lddhxrUEPV/Lyj0pKBNIGZE0XjyLuxAa3YfcYR+EUk8XK5rtre0StbOTMxCtzduZPXYcebCuV8Ui/TnlMfaqZxLgJVyfgJL31HM8sQVPN5dM6F8QQR0QnbUAaJj1mciCx8Oh5ubm7dv3/7tu7/99a9/+f77fxJ1q/X6xdVmtV51/QqpU3Vv13XDfrjZfbi9/XB3e3N7+2G3u0OQ9Xq13qyp716s117JPD3yj15v0YGjaX7POVVpycPqOXqKCxnt880Yb3qYv0FLCo/Ffyc1Kb08pCfh6EEA6vPBv2HZbaACyCFtHQzE1zB1kL2Qs2+4EGw2q3/711+/fffz3//x0/uf797/fPflm1dff/V6vW5/0Tc0NDQ0NDwW9vvhn9+/f/vuAwB0Hf32N7/68s1nz92ohoaGhnOi/TnR0PCkiASZBDMxM1OI1qQEBwb/otaazCIaB61TikLtP8BWXGh5xBRobUQoGlKBAAQ9V4mCCMAqsOBgwVabU1LvR6ZPTJ0ACEiAlBEehg0Eo6nyAjEEMP67g3NLgNGW9/PfgkTH3q+GpLU6/ZD5Mok6EjUNIojwNJenBkRGwRRJyDoPo5AjQWSAxmgZqMS6lRjG7ODZvTjWhaqRHPUeclF8+9NgBSEAxtgSQtVSIiMQIKPlCCcJQlUfoo52QYCOyJ8FkBjRESIDEAARszJvsQIUAmEd38oZQOAHO/L0oL+iQLdH4WCcJdElaVARQ5w8VeJwnl0w3/oBIXE4JMJaTIzHGYhVChZ+Shfe2aCXXnREPG11BTACR5i6/ItCVS72vEzJFKe7pORHBwxUOWQ3wic8Va/fdt0wDG5wu93u9vb2559++undu/c//UAIq1V/dbXeXF31qxX1vRfJ6+Lshr5D6Gm3vfvvv+/csH/92avXr1+/ePECEdddT2hWZdswRLMglMh7XuxeH8srL2EHq14N4i6IqX57JHawSr9d2jCrvi/NHzJTYObaimV8ph+SDwHQNybKv4WgiPWjGQQZwz2XyBV6BhEBwpuafxsVIMQZd+cNF4ov33z2q1+9/O///un7tz+/fffh7bsPX7559eWbz66umo6hoaGhoaHhnNhuD2/f/azUIAB89eVnv/71r/oWCbihoeGTQx9FQhidg7V0Sx9Pw72PhbO2B8b58KA2Q7XOBf0QVTrz12s8OgUdiaCwQPA+6I1pUBoQI0Vjje+RhAtforVqhc/65K9Z63yIQAGhOmEUTJYCgIKJWYpNTfRHEkiFNsQyE8vRpVv8C5zXoJasqErcKUVmB1Ze0kCDenkLX5VyG5cvs2pkxhLXoPdDVXuRTUAjlYh0FhZDhAgkqAhDPZEXtJ+Cov4Fo10+hiSEsIiwynn9rAQWxq6TMIQJOxEWlnCMUvYCzBD8iBIhJAWhigVL+3IuoLXTJF5B9du4LpXTuWp895R9ooptAoOPfisbiSqTukSverPG+bXyUpjCi5bHo7NGToyykbP0B+HhGwXmKz87m/5ATCk7Z0joB2Ji/RGY6JkpzuwhDRARZBaModr8nCYiGwVWgxNqk5h5t9ve3d64YeiIhFeEsF51Xd+rgNg55w4DsCNkAgDm7X739p///Ntf//rFF1989vqz6+vrYRgIu65LD+glbNNIL1su48Usu69kcO6ok27BPXTAz0jtH9VG36PCuW8nOvroHQyZ9olXhgkMK39aw/XVNzkg0Fz/yhY2iyCpE1LlCwUovHFczkLVsBR9R9/87os3X7z65/fvf/jxRmnC15+9ePPFy9evr5+7dQ0NDQ0NDR893r+/fffDjToUBYAvPn/59Vev216cp0TNTgsPsUWfloYZ2/LR9BO2s6Vb+kzpPmxLBbNFtaVb+mha7n2snLU9Ms6XB7UZ7tsPIvX6i+v13J+39xge0QT3ito9qwgEQy3ANHI6ob5LPdorfezBdHR0NiWAQFAYKwMl6Q8OFG1iFCiJn0xTCrajaO3ZjcIXgpPotNxiCASFJzG1YyfGsDh6VFulOeNfk74ES+rNtmqGKJq6vPvdTjMYJL38eTumH3hlzaieU1Ed4xIhc/wM7ODIm6hG9/TUo6f8JDDzyhAEb6yEgkhIjCDCwqxEomoYwfsPVOkiEgISIhFCYgfj2A8/FcQ+w9Ecn5kaVktUTK5Ag6aai18BhBnyDLUSAwACQaTp0AiO/avDtGfRnGbmolhxc4svw1Kq1PBY9ngCZtnxCs7IfH8COFtXINbvHi68rWfWsYXhjBBc/sZ1gZmdc8IMIh1RR4QIzG4YDgjQr2jYrEBWuiwwCzvnDsMw7IUH5w4gzG64udn//e9//+03v/vt737LzIfDoSMg6iz/v6idR8rE5Mmz4+xD/KShciFP+fl9D8Wvj9Hmo52WCoj6cM9pwnR4/oagbuGD4jDsLNLXTIxrswaMFkwP/Tg52gr4keLqavUvf/jy669eq7hBnY6u+u5Xv7p+/frFq5dXz93AhoaGhoaGjwwfbrbv39/99NPtYXCa02T6z4WanbbMf8Q0PKSeJ2xnS7f0mdJ94MbbZ/t8ok+44Np0VtyvzqmjinwWFkYkio4eg/ky2mc4tcHwBFPcoJo49cvCO5leEI78BFoaEonUQmroQwpEQXkqZUQIlAlRm74IBO+OgkH6lnjKccMtZWi5Ddv5D8FyxvFZiAGrggpZ41JGaBoUa4j1gEYikMvKku9W8cpODHxboJTKe1tQb2IpFjt4wIxJqLrPmzhB5QpH1zLyrQfxTjKAJG2bLeRPRQTMAoBEwIxEnhLTgS0sQhlBaEyoniVA474PEZGRmYEE9T9EAcdMwsDsCKKPX/GtU89tGoMTkZAwONzV+IPhpyAO4zRJk4Iony8jU/X4jkzIUOJsA5WMhHud97YnO4OyEAFYqi5IT5wvUyU5NANje5KU0x9YmcI5wdnwEWBiHU4y2CV+Mh8Oo8eyj1L/+HXOuWHQH2GHIKu+e3G1eXG12e92h8OOttivu9Wqc8DD4JxzHSIIsHPDYb/b3qmv4sNh/9OPP/78/qft9o4dD8Pgeuo7BOrGW3YWA+NPpDPjRSyv7Nm5n5nl63kbszDn6BvF5LXkF77kWLMy+y3L6XEq5U3Xl4PwuE83OrgUIMAujJ90AMZ3hLAMS31fUcNHg6ur1e+/efOb33z+ww8ffvzx5m57+P7tz9+//bnv6NWrq1cvr66vN82s2dDQ0NDQMIXt9nB7u/tws/3wYTs4b457cbX6/POXX3zxqjkUfS6cxU7bPttn+1z42VuTW/tsn0/wKRdcW8QZW1LkC4uIEgxBpYQM0CUrJqlzScTwP2hgQPY0njWuiQgih/Mk0sKHXkq+KjE4X40OQgEBGVibp+ZS9uSVehkFMOHAQuw19K4vfQUS9CClWsh3Y64d9OlJWulsmLc8XoKUQWbYNQQGZWFBADiMIcYkDatU54dXuPdhOAd3Y5OXXOuNLG9MVqWaDYH9cDXJjNW4al82+aKiPWbW6GLM3ljqMwmAQflCW1uUFUJwQar5ehQzq7YIAJBAgBBBkIk6MlNTZRsiAMiEGHhB/9l1PhghEXZdyQ6C3ijCaN5F0gl5vLvSXTD9H0uq41WlhHNmlf2lg+1nFOHQ/z6qIhAICEWq0P6C5uhE82sbfBOE44qUriJnx+sDBouWmaFlOULL8j4cZ98r0CSJ3m3vGPhwLiKOEZwaRaEJNgQmIgKGLTLj1YaZh2Fg5hcvXnz99dd/+MMfRP76/v3Pd3e3TpyIIBGzc84pOyjM4ngYDs5/OupIBA77w93d3Xq98muIUJTeFr4ljz6JbDul2MHwrBzbPWCn2JTb4SrsS8ikaP0BrRo3o3j+QbGQZY0TMMpoffhKeLXTtykx32Gg7sKamu0YYjEyakm6+XQ2yMZP8CiA/lkWV2ogSW3xcQgxcoQoGnHaHicwofdt+KjQd/T1V6+//ur17e3u/fu79z/fbXeHH3+6/fGnWwDoOnxxtd5sVpv1ar3u+lXfd9R1VOxJamhoaGho+FShzrOc48HxcBj2e7fbH3a7w91271x6E7rarF5/9uL16xfX15tnbW/Deey07bN9ts+Fn320XJhPdezW8lv+TD7cux5INZxyXqjnw7g8TNUDM/XEtBp1xvlZeYj1pH6IJr/a9eZtDpu3RVDfU8h7JwRALyYykgcAL0xCT0eMDIVeuwc+0BKCN6ahFvFVeXYQg15RREi89Yi8XAuCLsHL1RjCVajxCdFYrCSeSgCjn9REiNaVUj5AoT8yFIUYmCo3Uy2XA06h5LRs5UqcpVOWwc8WCOGOnDrI1JJFUAKLW4rYQo4PPgjsQ2SheMseBjNfDDfof1KFmE4NJkMYQgUVeDJZBwl4E2ZFQVi5wHBWTE78QsNm71rVQJzJFjG7MVERCWGsSqDEY09aoSoRRL+hiCTsFYKAJCE3rgZqwsecc0JCdGE3jXCcMhKWEZ2mCJ3hITT6ICkLHhwZqnyQiPReqcxQ5YTqljTMDkSkGH/SG5OtAbnepWHgYPSurLNLOK485V3D4FbO+iscU78Cgon5pygW9nPG8zwoYPjnZMwH33VpKNrJZ9wYyHhYllxK5SgzuSbIhjEbUY6xc5MrT8zWnLQ2Hm3bVO/dH7O7EpadYubq9AFiCZSpjQUogZURASJSi7iELGFxh4EdexfCLJur68+/ePP1r3+z3e0A8cOHm8NhuLm5RQQWZsequQcREnDOucE554hos7lardak+uUwjJmdzvjEnQvYAbwQBcGWM1t2hKdfE7ef/59w7Ak31cLxul2swDHa63xVRWZFVo7pE2Z21UQHyeNhYA+RcgGx72y+tHWdjWakVU8KqI8q35Gx/WkPiqkHOaxhZci/4BA0LZKCUTmKMQpv+aoS3+XiG0X2f4h84r9Kt8Zr7yNT+aDXnIZLxPX15vp689vffr7bHT7cbG9udre3u/3BfbjZfbjZPXfrGhoaGhoaLg7rVXd9vXn5cvPq5dVm0zT3l4LsXd3baUfWY292eAS7t7f63q+e8bcXZc9v+S2/kt9bK0P0dTbKafktv8iXe9cjqYZTziv1fBmXl6l6ZKae5NRuIj8rD/bbcF25zS6/3nSsRC5GEASEBTQaGjAAiQhAl56IWhIRkZRaSK5BE68QaCLUbeGeSCLf0GQDQrNtHQLjoclwnd7oH3ecd0Zx7AsilHY99JvTJdqmMHVgXUSYQzNKdu6+GFv/Y07NJhsv+tFcbKkpzjB49kSlJiByLyk/RIVMrQ08R+SDMMgUrEEyHW+sh2MohSPh/oOna5ddWarXnrHKW1SNxXWSgxBzS7demhJnVvtG8epwoiqdgxhodeboeDMy7ToirevRMGdI50FkD0VYiJhFdbQUDfCBzgo78REElBYMH5YFjOwgQcgEQgw1CiYz+Mh+XfS0Do3IIKavGQRGAz4Zwed1V2YUxrJReAggdgSzX8vMCcSvSeFlvWb3j8Sh2KwkFSqVX7VrN9QsjHopFZi50jPiqGr56cVeYw51eXvO0+DKdDwHbLhKI2UtRrU+n8MvwrpBIMAPHhZ2PByG4XAYDoMbHDtZrdavXr3+8suv9ocDIFH/9ucPH1xgAlXHz8wIQIjCzI4Rcb1ZX798+eLFi1W/6pDIL6c6QlmEwv6bxGcv6eGpZW3avbCd75AeN1Vl9tHTz2JmgC3EvJSwYAdhco+Lz69oU8sD8sUz41zBL8VhM1X9aepLZxVKeIMC84YXB2TYtqHCPsilesosSmAi01Nc4wQmn6JmyCfNoYAAMoDZ3xJZUlTDhKGA03NawL+x6VVizG345LDZrDab1ZdvPgOAYXB328Nud9jvh/1+UM/Kzvsmee6GNjQ0NDQ0PD4QgYg6wr7v+r5br/v1ut9sVi+uVn3fLaig4alh7at2P15mdx2VPJvdGx5Sz/jbR2tny2/5Z8rvc34bEK1Rr+W3/PPnw/3qgXo+jMvDfeqJn4oj7amly6MmrjcohowCQkA06Jf6PyTC9JDzdMjYw5h5bgb2B+O3gFa9Eaz2gkA2ZI1+CYjRqIRIAqxuTiG6u/IG/sjsSooiBqAsDRPUA+Q9A8YW1ZOkNudtSUzXzcHqp3VE5EhQYWEoZo13aJUh6SZgYCJLi23kz2xjplp7UkctP6QoUz3EZha86Vhooj2mLkOrDYu12bQqh5KBVbfKGFN7YF7DaEdEf4hTplBncXQVSkHQ6Z36RkkvMwJSR8GBF/iJOYpBCMVYjRsIpjuqer151yXDfdarYSsczJqDVV2imw1stWZRCX0LSmdi0BFi0EerZdrzr1WdkO/q8B1KJjlDa3OvXaZ9m1nOTywf3rHmauPLCXusAY/BDs7M4qPnHedP7J84fwvnmzFbuqgNfeak30nSh1taPgUEVVyfJohzzjm33++32912ux8Gh4gvXrz44os3Dhg76ter/u3bDx8+bLcuPoidcyBCiCJCROvN5rNfvf78889fvXq1udp03XlMDMXOvmLJteRWMZ9P8uG5pBn216Pj5CyjqCoWNITvskqsDL22mIRMlW+bQRXO5TffFCgGnYD4w02z/TafkA8owkEUHr7GGCcYADC4FY3CRYp/qsVLSD4aBESQ/VstBsW8f4tFAIa0gIswBGenYfCkt4LjvKN8AAAgAElEQVT4LrqoTxs+WvR999mr7rNXV8/dkIaGhoaGhoaGRTjZTnve/HLT82XZ1Vt+yz97fh8Nl+kTRjktv+WfL1/uV4/U82VcXu5Tz8gQM9ueWlomzltcrxplxDs4MzaraMryhBwCaDiyaG7TnBijzDIMhKByJvGSQvSqHq1fgvnen0oNjv7c0e7vDZGorgoRyXtl9EfFlqL302ga7f2GAgFp9DV4Vjy9WKc4e/X0hrKKRcsCp7U83eysw0uSAIPp0LbEkI5TPN9YmzVOHGVkj3KBFYhQMMCqP9DUYZgZx5XwG9OE3oVgaLxNM2uwPV8JReGgoYPU1yARSSDn7aWJ+g/MGKrgqDUKZImij9FcQ+tVg0lTGOqInz4xovjHfZvJ7IL/TxUQi7cbY+bZU5eIKMAy1WbeSCWNjoKQGN84dYnqT6SeUb04pU5CVgZ5kMMmwmNiXOQHVTZMVKVyD18Q5h0hPtdqc/TSwlA/Ajupz9i8CTexD0BcBu4VxRbz1VKFxRp3cL/fb7fb7XZ7OByGYTgcDrvdDgBeXF29efOm7/vr6+v379/f3Nxst3e73f5w2A/DIMyESESbzebVq1dfffXVN7//3Zsvv7i+ftH1ZCd4xEmkcnGg7c9RYlLG9/BbUOWSi5wne+KfGoMwrmoCJF5B5xesUKNfbK1Oz55QY7FWarZJRMm3U4SlWfdOiFkNleGLzgLAv8vpudKGE4CoN/TnSGSwMEStO3t3peEJHyr0bUcBZPH0YTiJvjOKeAf6qtjHFoOwoaGhoaGhoaHhsnCynfa8+fDI9bf8ln9h+X3QUgTqsKVbelEaFpWXSn5yqXT8XKYM1PNlfKxMtlnKeqbqhFo+GOdOsR4w1wWj6/XHhv3iXl2jikFgQZK4oTtollA0XJq/OP0KAiGnyE1RYPPNv54RDHShWqdyR8MQaveUiUbfEW8zA5hwbhbzc5KziDz37DShxfNShhGGqUqZGMMnnVobpBFl66+f1QKzbyr8yrTmcqF1uCCT5hmIsSdMnWMSp1dotlo5i3qmaMLYDEsTqnfBSNPmXuaCFR4p+nEVTqZjKzHMlWRJZlI41I1Ege8ETxx6ghBMyQyhbUdvQUrrcptzBbn0FBAzTY2t/YH6kXBeyLYhQFoax2MgrCHZ0L2oRWMGYy3jEh7l8dowU8bSzwtppLPchTPLB+8HP53Bj3ZlB+Pqx8LMzCwgh8Nhu93e3XmO0DlHHV29eIGERLRarV68eKEk4t3d3d3d7TAMINIRrdfrly9fvn79+s2bN7/97W9fv3692Wz6vvfK4ZpL7Xvj3hLPh3T18pOeuhdkXuYY3Hw+CFj8G/8AKlo4fX0TLDeGAQVFdFV/VPyMskHD8IF54kuK7my2DgkIAOvbmISMQC0Kx01mIb5mClmslZC/cSgCkSAUiDvKMGi8wUokL+IdqaGhoaGhoaGhoUEhxr6K3vbrv0l2V6zZeLFui7Zpb4WbKQMztuWj6VE7W7qlLz7dR+c2kP5ybumWPpqWB9cjp5WRU4+daLMcOZdfzivnglRe8jrBP7AAK3Umy3uwIwuAMAsyAKCPQGjd94GIGDeSaHfNB6lesqnlgf1iJXraCpVYCL+CoFiCZhG8rT9IgbwpKTuWdPd51tr8Esa4NNN/EqWd305d8DLjE4U+DrZXvd0neUpMHufQW/pg4vAxO5i5msyHn/E5Vjb+JPsvmjNncsWyOZ5eyYYZlI43y4priO5DLVk4DvqVSMAwtX2ssKy1DCqT9W+cvg4rRqSshRjc7oZ8NcYSKh/pvZUigpcVmpCE0ekwpE+cvpu+EydUmxJoz8gDTqkP5+jhBaeb0owGujRkxxuJmfu71OD8jmZDceb6p3Euom5MAY7TFs8SZXAhivYvcYh6acv16UCv0k/8vj43/TOUmQfn3OCYGViGYdhutzc3N7vd7jAcELDrO0Douv7q6goRN5uNag3v7u5ub2+ZHQD0RC9eXH/22avXr1+/fv36iy++uL6+Xq/XXdcReYbwvM++/PY9EQP9SGO72KhUVSefyhGWTZ1dtSoSz3ynhJjPOsTHeU51hu1c+sTgKIxGq6m2TsIlyrDDi4Hu0wIWwaALjI6srcN5Fksceg/YImFrF/pD2T7bUP3uoh6uzyig2Ve3hoaGhoaGhoaGhucA5vbVZEqAcf7Ixpv9IVa3FeO8Ddlb6U6wOWNK5+3E48eedF0Xwwu09CeV7qXifDTYGVt+y5/Mh3vXI6aGY+WzPSPVfBmftwxyGOsHKeux5wV7dbV8SOeNCkLTD5mCMG9noOSTtdxHNQPwjj0FhAERkCJNJF7oBOodi4KFKSJ6HPU/5nHkd6UrGYrJvSRmx0fznL8gb+A3fJPajQobXfBACl7VmEIfTpjR571NPjaqVIpPPM4Z45tLVeklklO+8ahTdIRFzRyur6JlsDWbbohWS4jyhAkyqepWdMxS5+1jr1AwUtNy/IWi8aLLYRZqzu+gwIjyqfIf6l9xbONGRGFhYT1MkjxYg4GyoCAQ+bVKzbLeg1uspMtN/yKgt8A72EVkp6E8gyAwvMYFbjAWTFFJQz4iUuAbKxdY3sE8J8nysF7GtFnKo7K7UjcZZ2Mg1pafRczCOLadg5khXi0NScWCtpJ8hi537GmJz4cTG5gY22zsVfiMxS18PMy0yk6B+O1UIx/Oqh51MXpedZ1WGU8e1YPKqejjGwM94uMIDm44DMP+cDgcDvu9Ohq9vb253W5ZpO87Iuy6DhH7vieidcDLly+DS218+fLlq89evXx5rViv17lj4blLtPs8its0vlP29hXrYSxwlk6cWjTGq+5ZJtfxMieexNbJtczaMxrDkzB2KfmNI4JcXwr9YXYLSXoOBy1fdO1pw62iumL2O2e84M8vg36/UAxt64WEuuNFADhIBkGQ2S+SAiCcwukCAHueEByzJLMGBi5SmDXwNXQUt5Kc1s8NDQ0NDQ0NDQ0NjwprJcaxZTXYZn2wkhPt0uNvy5xg9b2X3XvUzsuy57f8ll/JDwrC0WfLb/mz+fLgemRBeUn5MpE/rl+mziujeirtkbL+2E5I5aH8FtNTpGynkSxqSQ34gsq06f7wYM8HZibsfHkfVwymPIo+BIZ3yWlLnx6pzkwZwxCknpk6yxEm6ReAKk04ptwyxdIC5cTYOBuZ4Ht38nLlUMVR7bFGzkjZykOCCb9KM0h42xrLQTKFXx6GMCtAQEBFX+mv/igUAWS0eg2wKSX6zHlDG8KYJyIAJEKkMP4jB2jIA2UHk8rQrEjzt2GO10Eo6NWjx86QXlP3OmpC67dS4nKC5QG1EyUS2rQmmd3DZDnaMdW59kCMCbYLwdEOmScsz34tYwLp2Vd75fXFTK7ocJiZhXkYht12e3t7u91u9/v94XDY7w8fbm52ux0zA8j19YvNZtN1Xbyo9Xq9Wq2UzO+pu76+Vp+ikRcMwkFBQKJy0QvL17ipsrDHlvfqPW7xzCFVgnnm2JMY+kcaKqf2VVzIdXcX2+1VvlyssMKFF7dWt8lMb9Lwto78IEwVBlm9CIOP7MoxKq6weBYQUFg5QvGaw7AZjgGYmZH0kahPHEE2EQtRA5WWrWhoaGhoaGhoaGh4boytvtayGn+5t126Vn+95oX140w7H2o/b/kt/9HzTQzC9tk+T/iERSVro0tOqMGUkXq+jI+SydrKGITFudI2D6jlQ6ohncW2BEY1+5xgIBIAzwr473y4QWUiggUHBEcm9/B8QYjtq0rFoJDcoLdjxT0svhxmxsrcATdiFtYuLR8hnTbLh60HGE8vUkQivCg8kX0/WBpjh4zOWu8f6+vyuGzC1JvxIqBqU4xfzXCN4VZizgOlbwsis2A0s71XE5dnybklPHEIwJeub8yhKt02ZWoHACQSYRRPCaYGBzcRjOzf32KvBfpQra5AQkkDIhJDEkYRTzkvQlMRAZA6iHQExNmCGnrQG2qtdhBSccSRJq9616Zy/PIlvtPBNtIOxfyr4ltNS4yAZTlC3btnS/r7lC0xcRr4k1iBzXhChBWtcHULYdQt7Iejxe6xNJ109qdc+h6VsLwYL6O1OX5cax1mozIlWkdQ7urVOefc4NwwqOPQ3W63vbu7vb25vb057PfDMDA7Zgcg+/1eOb++7/u+V7LQOdcRrboeAJidc46Z4+1QijAuEtVdICd0QY3ZfYybs2QzgcWlUebLMaLz4qPU7+iSoMCTYvj5sZcyJSj6tML48IoUXInkazSWj898Ae8mNDy2BNQXKERSDzRHlCAUUKcPqKJ4YVE60UcxBHDsHzQQKECJa61fblmF64/Rzw0NDQ0NDQ0NDQ33hmUrggM3/02yu2LNAoxTVt/0GfxsTZep1rz0c9TO9tk+L/4zj0HYPtvn0k95khqmytzv7ALjGISjOqPMcHQuSOUlepE2JZPBPTvWHI8AvnZPHIqI2qBiveMT1hFPMWqbXqHJlvQlTrBF8WKmZGElLeTLRzuT5VouFU9nyrSdnJsTIwM3bssJxtZ4n4vThmEYR6Iku2VsTEUCMgqBmRpc9z+Zc35LuISxD73Z60OA+BKYNzU7F9raCr0aCoGI+pjLzigA6JWCaf4EUlwFGzYmVKEfzNqpfL6XHmLsWOMsFG1hAB+CUFeaKjtoeiC7UzM9ZhnQFC8xkf05PWYJ3UJDafYdIFHc3YC254P/AY6tTYMtLRRi3t6DxTxdUVbS3st8KEptUOXBDkc3d7pzisPvgZPG+dOsNmcx69tKztvso/TS0QrC56jkguv2pAh4pRQCEnWBIGTnycFhcO5wOOx2u9u725ubDzc3N/vBcdgToNyhaov7vl+v132vpCD3Xaf7enw8wr53zukUVN+k5HmXB3XpRB8+JzE33upRkbOfMguelp2yy071ZcvvpqpIAm0FgoG/g/ictwtg2CJU1CD2H7N0+1+FzU6UsEiz0n7+AaT6V2HxbkJD6EEUfaVkZQlFAFiQRf3qJmWhfzwgARIiCDAKjoSMDQ0NDQ0NDQ0NDc+Mgq0wNsc8H8scU7zMsWUq8QWLT8xrGH1btiSlYb7kkk+s5jcGp30+2qdREFqOvaVb+kgaFpWXSr7X/CEsOFeuyavly/hYmWxzqSCcOJdkbTOESXDcZNoD5rpgdL1GQWjS0X9U1BKi8UDoo53NWs2m7W4YdINc/xrT9vXKoVFZaCPDpYeZr8FwhInTOCp7+gViucZozGAdRXGb5k8drIJTDfXc8PGz5nRUNTBVtfBU5UfK519LQDTCMldEjQBAcQJgytfog/bUySYqqLObmUnjjaKf74gowiI4NnkrDRhDncX2RoKwer1eQ2yuNKMGjYKwWsP4zuYEYfZ1wWlVXdpOcMCsfXNcrDXNzYXP+q23x1ldsg+pdZ/V7/4lx0iGftNRj33Sk1Alj8dyySWrkNUHn7H9zylLEkQkJGQWyeW5nkRxPAyDBh/c7Xbb7XZ7d3d7e3t7e3tgVQOyRiKNnoEPh8Pd3R0RdV2nWsJhfxiGYbNZC8h6vXbOMTtEIKLVqqeue2AHWNXyc/XnvOPQmrwbqyWn8GQXNZJZl2dPBSKdBoDTD+O4D6iivCz+2krFxlM1PkGUIMTipnsRIXN4+oGAMItjcaxOKAACTaiFfFlAFhIBJACk+K2AqB9cIgACESExL6MNDQ0NDQ0NDQ0NlwEx9lX0tl//TbK7Ys3Gi3VbtE1bJ2r1MjBjWz6aHrWzpVv64tO5grClW3ppWh5cj5xWRk49dqLNcuRcfjmvnAtSean1QxGDMBybDOSFKYqFAQCBBJkZidQMhNgBADsG4N5bGIXZIZMQWXtcMF6rVolC1ZHsMZcZT6r/hp9QRE+CqP8HT4zxmr29K+RE5RB411Rs82PQtcxlomnDqQbBh5tHT3VRWNXMWdN5kbZEggafi7Y/CEIDFBSMN4Aj6aDFJIYTAsHj3kUrEsBYGaYlPlkwrfPSMMwwNR4CfS6ZVXfsVrTaLUWTLFVs5XH2qKrPUlMJ1lVuo2ZoXyX+L1waghCCRm4CMx2C87Zw0qj1DFOZkLx2A+2NpuLMhaPRECoUYgfG+Wj7GUPQQQQQTBHLbO9F/4EUfCHGeqpMlYS5GO9/QS4ukdBVphiDoL40p1tjXtBDVTAxWtDfLLOOYBpuAOC1naBlo7I5GdaPEQtVprO8iomjxpLTam3z5PclYJ68XCisHF9puNgjzOKof4pT1Hv4aDvNfUx5mlFtT7qb3pci2BBrRL0wAyTOXleJYVB+8KAxCG9vb29ubm5vb+/u7tiw7GSeuehjufEw8DDwquu47zQa6XqzZmYiXK2iG1KMk2DUvXFtE7s+jMew5HN5ho2v9uRCVCfOzGxaUqw6qMaYGh6p2ryOck9MOGzKjXZ8k1FX6KZNocPt8WhVdPGxPsB4cIOPIW1bFfaXZaVyDfw4nm7qqhgvM2+AOhIVx+yYWRgYASEQhA6AVDvIToWDoIEKxfsmZccIyOUNISACQEYiInKOAevzq6GhoaGhoaGhoeG5kFuB0LyxjvNHNt7s76y6rbiiILRpqyBcZnPGlM7bicePPem6LoYXaOlPKt0/p6Oiho8Yy4ZNrZTMfDdzfG2Ldr1EZZu4/zU/pvw2M/fU8o3xR8aVSC0zKBdt84LHQsPyxXxm7rrOx4GLNrLI39RQGuIws7WNdX1ifsIRkFxQ6SHW0Z9EijO3XUIkT0tCqIoLNK/fGwt0Nmg7HyHaDyF0aT7GILKDJ27jN1o0SCb9cKJ4gtgO+6ttQdxCZSqoivMqB1pmaGGrZ0smQlEHXzQiR6Ig6//MZasKK1ULa97TguV3dFozVbyCVnnScQzOsTbLNMw4KzXEfMGPeubMvyJ6WVKFH10mIY1ibDFtm0nYA48yvmFEirmi0dnBO6qz+cbxbOiGdGvMEhxVkuFyizsr6U3lbCjYwWL0Vi+w4SF44jVfjOA1eFr2q4CNPigszOpi1B0Oh91+f3d3d6P04O3tdrtl8xjtuk4pfFsJIosICCPIMAyOVzqQus6LC/1BmE+A2M6Fb09PMgKfcZzPkM2TyEsdHV7xrcxWXxVSg9mi4PeKCcQ1cHTP4gMlWz3ELIymtWje9cZcePzWb00xG2OA2TOETlg5Ql0ZWSlDp85EkQXYqXAQRJBZxYLIgMwkwOEiBBABCUlI/YqSEEkgUBfdgYaGhoaGhoaGhoangXl5zk1rFtV9rVnmxM7Xoybp4yUe6+CGhmdBD8HpIIY/EVu6pS8+HeJh3eNYJWruc6yyDhC1gmWZEJqwaKfaf9KxOb0hMYgNswAAESRyTsAroI5bwiaM/jGCWPZ0qtrE7QMUoVTLRUFJlGql00nmMrGKQkP2cWEheVBlDYvMJa8JuMCtY70lVT5+okk1r2jhtGgoxgUcoT3Xee8yBgtsZK1i7blxOerbAABQEBAIUJ2phZoMQYjRDjzizz21Nb4DJQ02akZgESA2NTQfMdANSgxO1ZDMynhspAR+K2OIC1lY7ai5b0MbxI9BRHVVjJAIP8S0dUCXBA7EZ1zsbNv9Xge/LkK8PEjMXN61p4y3cnLN8g0f7/rzkWI8tx6MYw/C7HsUAGHx3Ah6uTszO3bD4JxzLrgY3W63d3d3d7e3d3d3+/3eO/hGXz6y+IgdIie+H8ShD+sb/Y6uVqu+77rOByG9/6U+tO/SUn7SSaf48qny8wUuZNJJJZGPpWK9l6jMtjvAEtL7mUjumtPsIat2PuaLcFjAJVDaEkXuwRk9izCIYx48QRgZQR7YRxzUX50TZmAGFmbWbS6dehlNTUYC1CHNREQoSByu6SJuVkNDQ0NDQ0NDQ4NHcA8TxXTemgrJohDsq9EGi8E2601I0UFcfmwwNI3y8/IAsc5k+43nzcuXNmScsC1P5S8rU9qcp9J4iq27pVsaEKCPf+N7o11Lt/SitCwqLzNlYMG5TBk5eqyc2GaZbs/RtIT2mDqDj8aiPBTH6mqN0R1abgf3gW90ehIAC5AJULjIghMMUBikSlkYLWPrH9nT0cp9kqGw4DCsusvmJ06xuCio1HkqnsvUeFJrjYfMdGDkUzFUyBPkz/IAYFYFVbZTgBD9XY9EYHiz0bNEF6PFscEdW5COjcaAvaiiPRmvU+mTqb6qlEEAAmHh4K0y5YdLLKoCL94AUXsrqQoQQYhCmwUAQAMMBpuuhJdNeyWEGJ29RWrc3MCswcZnRfatvtVpjZmCsEYN1qa2wHz8P10mvOIkzW5Id2FS9jf1a2LsIG0I8F5cQXQV8gseJKEyBkY0sCb+LTxeULhqAUyxS+M1Rse2yYtraEF1/Zlq/0IW/+hXHxGe5SrufdL5W7m8mvzX+oIpgiLMccODRiNEQiRm53z0weGgBOFupwThdrc7HA6Hw0EQgQABiUhEIkFIJKogVE0hAUgnAEBdt1qt1uv1ZrNZrVZ93xN1S650QZn79XbpIOCEI0c+n6sz6zEex1MPF4tTY2Ravi5bLvwHopD/1r/UYHGk979dPCXSIgYS2UTzqI0vfekJhqgKP19AwnueYFD+JXaQWdSzKIDyf+wcO8eOhZlZgBmcExcIQseeINRMZmZBAQR0zpEgxX02upwjYtd1iJb8pkYQNjQ0NDQ0NDQ0XBYk2mw9GRe3Rye7Kxa2YgwGheC2SDwJEv92TI6Y/N7sCRty2IJ+L5v5qJ0t3dIXn+4hGALRm/XCTISW3/IfNV8WlJcT8xecNwTom2rPVBq8OdvuDcnrCX45i3ZqIuYjIhIyM2AkBkp7XGkgE0CI/tEym7hku80rljXLG40NcPOEwchUZ55zNSNdZESmbHyPZFh8PBQXOyLM5jbdT5oydWDNHDXpTbbStnEaMKi+aofYAVZhqpLRM8VcHAdcPI7Za5zSzxUXZ31dlm3QV8HRseVgHR2rltCCu601HxnYFMgY3zHVZ0cCYgy2B5EysxRgwQvWpYQ++NbxcVAM0SkN0Ax/Vr258QJn6WF/m5eQChBiDaYr9DVPtC99V2/hzAWO15mZcfsJkIUXewnjkVD37jg6Khafr//YA0X8JCNEQiI/htmxUwHh4XDY73e73X6/H4bBOcciKuIXFkEBLmZ6OhsRAaKqBjfr9Wazubq62mw26/Wq6zozX6bG9dxC+rw3tDj7FEf4eCedv633e4VY0uBQJtw7LEdg8FyBcfNGoAYnmmeiloAAEgKnNTMwghypQWUKmZk5BB/UEcvsnAxOHLP46IPCTpwwO2AGJ+BimUFEWAAZUAQHZgmPpzCYARGJOopAwFGc3YaGhoaGhoaGhoZnhmcrknFFw84X9t5M8xfz05fhW7P7PL0hj/LRfpp3+YqdGUflQ8ODUyaI9Zj6y/bX6g9tq1zXdHtafst/WH4f/ya2nzDKafktP8+XReVlpp7S/l2rJ5UJnHYqPiovUJaUvH7JWyWQ1SCmtVLNN+2JHLtk9Y/j1UQrfDg2Tj4Me8kxTtAcupUchL3uSY/1ckCxJxAQFokGHhsFbRmiNRNhjp3KDLsStrv7h2rsywmho+WcTsVF0YrzrkStkbF+eP7ecA9UHYTGr1I6NsyO0tn+L2JPTvHNC24HZoEpAcR0iH1pO9JZEjxeltWHCHaYtVbJ1Smlrbki+6IX3wUF1D0pgICQkDmkVBCGVkwShGBneq4gTC+6SftoydBEngEs8jebDbzcfXFRZnzU1JCwN7pKKpumxmUj+FMG4wAaUgFzH7Wpulj6sjAab1MbGu6xGnx0WxM+YTzwXuTDNY6/ycU0MIQYV05mDjEID7vdTgnCw+HgnNPHWRBv6aYaUb11WOHTaQiRqFut1uvEDq41AGG4zKmLeLyhePIj5d4P5SWYr7n6fDnLPC2ewjONiOssmLcms+SmP+XVH2hxQSL2pS7xyKmAsQaI3yWB7EcXsAiwMACIhhsUccLMjkUYWFjLORajDvRcIDMoU+gcOBYn4hwfBh4GVc+iADrBwQFDYDLDxSEiddRR1+knqcS2rZANDQ0NDQ0NDQ2XhMRWxPgVmFtr0970zD4cMoMlKrMeZ2cY5duaM4vK0fJZ/qid96yn5bf8p8sPMQjDhGuf7fNj+Aw7ue9xrLfH3+NYSb6tl9YcwnKZYzOrWbKhiwiCMfQjAKCqGNTUI4gCICZAWnRXKgyCfl+7mqBqhh4cJZJtrM5YJVF9dmRgpxJNpS4bBaftcPc2/D2j0WpGK6koZHJV5VY1RzlCkaobyDNAcoEdBlcMhQauTgGOpIcn3btQGE33oHXIFka95Ukzi2poRRxmgLozKzTYd9uEcTlYeROtOBWeEyCfKGKzkTlTEJoSttVTBGFKxM+RUtC8eY5IN8i5t6NIxEVYatIaY4jAGS4wrTxhGFv5YNb5yWUuYoyWmATXWSRCDMrqQF9CxXrv75uU8jKs38Ep98Un61w/CVysfLDAWbif0cUGt/men9bHbpqVyg4SkVI7nhr0AkJ3OAz7oCD0BCFzWHpEKZORZJ/TjKau6/r1eqUKws1m3fervu+QsJhNT4W6YPEopp5cj43xvB5njh4Mi6o1xSdW/lgirbbZThHDDNrtU6leQbsrKF/hw6avxFyHNyYQEAEGBPGxA0EjCHIIN8jCLOyEg4IQBB0DszgGZvSMoAvsoMDA4gZ2AoOTw4EPB8fCIsiCjmFgcCKsUkQEENZnQ9d1fdf3fdd3XU/UdR0hLejdhoaGhoaGhoaGhidDsvqmTcjJKjvOCWkIW8GnSwYz07iGLMogyMS3R3LGRx3NX1ZmqTV7yVnaZ/vMPk0MwvbZPk/4lCepYabMeNwezYmGmulvl6al8i2Mv43ZqWSIGibehM5qa0cQBqEkVtBjvNVIW63Hl0ays9BMxmaPAClGXqE/y8rbS43Ny8VTY1+OH4XtfkykjcsgokAK9Td1XXNWV1xG/pyOKGWdcvQ6lZPG3jmwUJsy1XVTJBCORIVxaEURW5QSTtRcD9Fnz6JhxgaLP70AACAASURBVHLOqbRlW6NwYC1Lmd10AMJx/VAZeyeOkMgCxgu0PPdRjrBgC8YcZ7ynsX9sZrxY24FWhigCaXyFS7csaWIr/Wt7pT22/uLGVS95aig+qnbqCXD5jR+Pq3H+/WrL81MijJp0Wu9DETG4anTOuWEY1K3o4XDY7/fJxSizIDAzkp3aouONmeO0RcSuo77vV6vVer1Zr9erVd/3nT8ZAfNHJlp99ulwVu3gXE7+pWQl0aQ14X8t2ioQHv21nSKiu7oQBICiHJW9MhUFkAWV8xNmEWAnGllQRJiBWQWF/iWLGZhRAqfoGAbvaFTDbYoTGBwMTgbHh8ENjgXQsRycDIxO2DGz04iGrK3rqVutVuu+77t+1Xervu9GK2pDQ0NDQ0NDQ0PDsyJaVhH9nr20Rc9/4thWnN7hEUyEwrwkzNcQw03d0+I9aue5Pqda2z7b54M/g4Iw/lHb0i39EaQl7ek49djgEur0Y70OpmTaYxkIMQjzdupu8nhsEtb4Wej5QgQiTDEFMe6WyTFF1yViYJqKizb6QltcnATFW+0Th6IFMNXj84xF1rhfO5tZ9EIMrDNBs2a8fc5W6G/syDHpaZBaIulIY7UIRQTKID6N7TnezzP8bhHacMwt3QPFgRicWM4MLj/ZgoSQajEUbZUQlIZhMEc/FIiCkCkIoZg1vnnJWT0ab6WYJCSJWvM3Jx5Xk7aEmkUQ1dlp6sniEuI+gxiANGfF/FUZr8dSlElVjRYVS0wW7GAqEKlBQowkoHaJhKuwtyYdnsZk3E8gIjzaWzAeTuMNBzOwZYrRW1zIfD3Phcts2BTn91wopF0mE+L0iYNHFYTKC+4CttvtMAzMSpykC1RBlW69BCOBVU2iRh9ch+iD6mK073uiDsOBD7iikw8ynycdJljrvYezuadiYXfVpdzTiI9nswUq3EgVAsYlwi+UtnDmGVvXM1bNYew2xDA20P5qAxgGX+zCnFZgrxT0OkFUdtB7FmVlCpVQxFhYBIRRCzgHAwszCERqUA6D7Ac5ONbhPDjeOzcIHDwvLiyDsIgwAvR9vx4Oh3616vv1auXY9V23uF8bGhoaGhoaGhoaHh/e0RBEa4MEc1Zw05br/wC83TW6+vf542OTUabIz8sDxDqT7TfpC7PypQ0ZJ2zLU/nLypQ256k0nmLrbumWBgSrIARIzGFLt/SRtCwqLzNlZMG5TBkpyozHrYzqkdk2y3R7jqZzBSGEb2V8XoH8WLWec7TBFb4XQ1M9mRdbOSpjE/7JJ0pYBINpxXBqqpm2+gUbHMYrGH0fn7a2O8Q0H2ocz1RsuE8EJ5EN4VUH5u/FqPMX1p4dW9FOzdK4U18cvX3ni/SWcWMmL8UsrHeM5bBn/VL6ty5Mx0mcMKXUL3KfWGFHYiW5glAlwEY+CEWdtmElAYZ49L6P2cGRRpAiKywG4/FQGX75PbTsYMEX+m7x7kYBQFAoENJxjNlOC+8fgeqNtG9qRc2z6HhoTel65zrtmG/ShjPiOTo1OTdWibvyeZYgdM65wR0Oh8N+r+yguhh1zvm5J8LMZEg+zxH6xysQYEfUU7fqV5Eg3Gw2q5WqsEj9mgLw0z7u7tXdEy8JBT3/eLjfI2Ny/R/XH85iMuK6Y9+hUkfkW34kuBhNL3sCACjZwwMShawPV/tSqIeyEw7bOgAgEIQgrIJC0PiC3tGoKFOop0YRFkF1OM8iTqMPOmAAZjkMvDs453gY+DC4/eA0YOFhcPthOLDs3TA4xwM7dsI+0Oaq751buZUbXK9t6ftGEDY0NDQ0NDQ0NFwS0m4/jP6FSrsujm3FaqiM/EewvGFWJhk783zJ83Gcvyg9amdLt/TFp3uI5sgLoSxbuqWPp+8vA9Txf69j7WetjGcXqu3MjOJY2rFT3DbFEiYmzmYEQAGS8Gnt+8nqFRiQmG9Q0EnFucbGuCMmdYlsqBRHVY8dKxieHQuslmfxw2moVss8qakxmCvDHZhrT/WOWGWY9bcZnYhWCVsMrh7r+VAlEIuvFt7QxCBVjyw0iGrWDNq81MLYgZFx98baaW4JAIiM1K8oo9vFEPOxT2B9lvr6EREkc3mKMTvTGYZpWeMds0sO6mHfQ5OmcBnfIoihBxPzbFnD5N3YDIu0JuZ3Rvs7NdbzLPohKDGLhIA8LyOAwBJpmqjuygMEgn/P5ngHwiAfxREsJIMzWt4xxvTwp71B4QJhb1lxQ0VkRke7uPqw0yKsaGG4F7PSl2ZmN6iPUTfsD9vt9m673e52h2FwXqIlIIICwOrGFgFAWECAkDQWMCF2SKq72mzWm6vNerNar1er9YpiHDcxf1A+KZZzZxcDs9Dk2fVYs3GxWkjtpzKC8ZETb3KwHqS3JSMrxLCaRjeh+sqFGnK5jKQbqMd4Wf6cAizeg2g8EzMwE7MIgHCMQahEoG+WLpUCIEKhYcwMDMhALG4QcYPsDm53GNzAjuUwuMPAzrFjOTi3H9zBDfuDOtAdfAhOYQRwqz5S5toVK2kEYUNDQ0NDQ0NDw0UhyuVyHx7JSBYMLskGi8E2Oz52wpZbyS/KF3bgsS16LOt7NJ6ltDlPpWdt1y3d0rV0D5dAU7b0LzEtZyoT03NyxZSGqfInfdbOBYuuJYas8zxN4UaUBTvDNWDkGKKZ1VfDLESqW0IQBAFkAAENniSEZK1dImEPS2Q4gnQJ/Hb3wh1fMo9hlqmXkl+NhOvTdcWXZGYiGodzAxP+Tc27mHUByAS1cxI9sARUFU/4C5RpphYlSgSM4TuSMTan6iBRQqwfQhp3OwAQdRD6lL2kwYocShqviENpHZ9qyWC3hvJG564jbd/Eiy0+TTA5G6YrOdgMJvtKB6ZhTH7sW7Icxd7ipKNNh4OXq0UfbhzO4scYgCgvFXxklvRhuHz154tZ1eFbbRpFyaAdhJJNFkQdRGa2K0sGiATek6tkJxjdhYrQ1l9/tPYX450Ccxhtyn4eR6EUaHBTiTMxWp2l8PypAzljDcNXtoXaw0QEIbijgHjik0KFCEjACIQIBCKMwTOHdo+gaHg21XfGlUFJR9tD4wE51V1j2BtdXILNX7oJY3oMn7QKFdrT88oWl2gr71EnsyCyzfPi2MqSVe/MqDMftyr24mwbsuUxbcrwrfL0DKflCETJGAbqvJRPvWgqM+IGN+z3bn8Q55xz2+12u9vth4O6GNXwhCLS6VhX944i7FgYun6lXD9h31G3Xq2vrjabzXq9Wffrvl/3q/UKCQXAMTvniAgJvdNdjPHqjrPUJ40Ns8xi+NPY9NjEuUxPVgqMn7lz/gYmvGTjMvpX4t6pMaOvifljzQnHjVcZdeiO8HjB+CIk+paSWkmoxYTSK0nwjiDKDqc+8RM5vJL515a0fsf4xBo7UBAECBCVAmSI4kL/dBfgYLwQRB9lRVjACVInzMwyODkwAHbYkTDu93vneD/w/sBucCw4MAxeX8iO/fOB2Tl3cM4JCAvrIGd9TAg7cULAwIPrj92uhoaGhoaGhoaGhqdEtLuGNFq537TEL7PNAhg5ockP6VPzJyWHp5a5V7p6vS3d0udI94FXN0R7S7f0padDbL97HBuW69OP9czEZBmAuHll1M50bCamCTNRxQ5BhB72q8RKDeL2dgQBFkAhSjHlgmnKKynCMTJVGyRGxPx6DNG1YSyfhEooBMnYb6PTVe2VQUcyd66z84KPgXhbp+iEzPIbSZOJK8LYqdFOagouDMBWza+yI2VOCliISo9Fi+rMqe/tX1QnSSIGT0HB/3lyDxFGhNOUFm36EqKCML+h+el9XhLBYJAMSlG86l/UnnryIus6wkpepKQjNZZYauOK1J6Og5NSf9tDpThqD2tELIxeGw3fxoKIBAQMgMDIKIg0IvgF48iKGx3MZcjU2F4+rvJ9DFL9qiDypzAzgxY25qOGUfhd+vUadtkTNkpCE3VE1Pe934chAszseBiG/X6/3W5v7+5u7263u932sN+7ICIMiNtECFEIiDwLR4iIhARd111dbTZX681mvVqv+lXXdR0pMRhXpufrvSfTy86sqEuOnck/te9m5qY+SEVQ4n4FfZuCFCY6bS3J9dksottX/MuaVZJDsD1IJET1ZQ4k7NHw0QdZQhtAOL4mgjCYFTqxokl8qjpCQRZxAk5JQyfOCTsZnAwsTsQBOJFBeUFAINKnEhF2SI6I1WMpkQoHBWBwTgAcO+fcvu87agrChoaGhoaGhoaGiwIa+6p306SqBESQoCnM7bRoDD/BnFM51qTLfFve1Jlsv2NbNNZsyDhhW57KX1amtDlPpWdt1y3d0rV0H2yq4e/hlm7pRWl5cD3ysDLjcSvHykj4slpeTklLpR9AauctwxJiIayYsPIXtvKxsVvM8aQG/aBQ8OeONvj64f4yCuUZHEPepNQXkZHwz1isHBU1i9nXYjwqTpzxo/ANWPGeOpEjyT/CRFU6eEJ3cf7tEnawzi7bcTP6aoK+xYUFim/mWzjhVS7HgnvuX/kiOxv5jNlm+2NH4pi8JBpZpL+i0V2LNlxLK0IMKT2ueaYxpSAGk2bUTnaxC405pOA20u0OhGHUFCY6XyT42UtugYM4C6wmMbp7VW5E/0FA5fw0k5FVaBh4xOrFYlyGEXVLgb+eibsAS8bhuPAvhMZ7TOSj8VlacOJNjG+3ymETYdd1kcxmVjUVD8Ow2+12u93t9u5uu93v96ogjCM8sIAQKEcgxK4jEFRxYd91fdetVv1ms9lsNqv1uu97CudSEp0IWRh+GeNw8olzytCR5IP9NJRLYaXmok0o6QFbtiG8LyEGpaUuxALB+YHfEKJUoln5Bc3KnDZn+NWXtVrSFZyDbFAEOGzpiPszRJC9T2hgARZwIo7FsTCLYxlYHDOzOP3HuzCVoKYlQugEHLEIdp30LNKpDFcQidl5ytINzDg4R4eDdTPQ0NDQ0NDQ0NDQcAGIdldML+mFLRrHtuJ4cLYTMFpoyvKn5i9Kj9p5rnT1elu6pc+RVpcyz01TtnRLn5YGb66/x7H283naGYATGkERdc5Z+mDLy3pvit6An/gWfQplBrsaVxcTErwVxpzS/m4DlYViUURoOaeoQ7L0TOGULzonBIDMuFa9yFGbfekn4QsXCowKhikQGBmzUh5rbskMaWfqz3p4YePH7NE9WBN7B6tcWrXAgvtzzHSMcdeWzbSOTFMticGK3NgDBoi5g6mRpik46l5BwDzaGBYR0JbIB20fInpH+WGzQHpmR47QTsZYj5EQguTmZ7stQBcZ78DWzNxYMyGSEQZF4SkiCgkRIXsKBQWJSG9N13XMrJ1DgILeiejoek03LZvaMxzheFiO90PcY8WonmKaTj4bnp7aPCbZxCNT9WJgr8Nz2cGbqzM4HA77/f7u7m633e73+8Ph8P+z9+59cts4ujAAqqq6bcdxnMzMTiazt/P9v9D7O7t7diaTucWX2G27u0sE3j8AkJREqVTd1Rc7xHgqLBZFghRFqvHwARI7NoSgHSYiRGThMvimkhJDwG7Tbbbb3W673W63281m04Uu6FOgz9H4EMxxvbj5BHhAXHzukTxOIb3wmCfL1q5FxjyI+0F1fXxXHWun5yjSMeSikCTqoTHp9Q2vJPrlhDCDen9Oiy8rsU8jr4I6xBYGSAXLNdoCFmqoQgGDBoVZLIpgZIkiDMDCwulgmCbU4TaKQCBx7jcAYBQGABZmpj72WhsDQowKih91r5o0adKkSZMmTZo0uXNxRBBKB07gtIQle+z02hn7bSV/sXzVxnu4TEu39GNPK0D40DBlS7f0cWm4+bXwwHpa3oIUaJ/SF7wWP2R+6HJJ13rGHBI5wFREiquLYjjIP4AOqk1tEgGubHTkkUwvezwcwRnm01psYFVHakVKB6Q3tvMuc6eW4ZMqjrLQnaN4XfUaDt36xCepgUD1fk1dvE75uGXcrMSNSx3xIjiodnjPJv0dgyjTPo0aqoyG6znu3qTYwuNsBaAACGVJ2BcWYxACeEhCEMQc3LEACMvu5MEMEDCksKPql09jv2VWlb82D0fbzieoW8jqzZobipsVeBB+YRWwH8mNtTq5H+aMUtfkURE0ncgFaSIV4kC4QIyxd9nv95eXl58+fbpy7qBdlmivXosBh4Do4UgBgIhCCNvNZrPddptus9lsNl2nACGLuqdkwLKeO+3+aW/6Da66zd69MG9Xdm3BGekCXX4u39/SUJc/0ViuQL686yKJfhKZ01KdfUoXvEC20IIgxtfTGhDQiNtswKEoMMmCiWvIBhpCjAoMSjSwEEShRVGgkRAFEYkghAhguLgIBAEOINJ3IdgCziggKAiAQQBiH9XdqFX3WN7BmjRp0qRJkyZNmjQxKV/dJeF5kFGNWXssTq6dsd9W8nGpfKVdXFGmpVv6sac7MKOdAwUt3dKfQTrFpz3+Wp39N7m2/KyVAacNVPQsrgVIDKOB2LbiFY2ifJkVqkKNUiohIyTSkz/kLtNLRsCe5Pz0Oagf1Dfg4MS9FDjW5BL1O5h/mhLOEjyZIu5BRoQenalqzHPSYZ6M9M1kjIsguD26aBBkapqvAipJ4TmI5bA9dxTUayaxRkrz8SAcnUN/o9oqw4nFjjWZFlj8VhYoa824QTEj63GzlBBip2fS6IHdE/B7XvyqnRAoKYbDKmfGbUyrnTjGlGJ+HaSZQq0YzoODbPbnfOgguRhNhEIeLkH6qfhfwgvTr8yMgESkxERAoOFSpXMqr2R5/GV6W6dHCkYryVGwxM0AjOqAn+Qcw134TL4zxO7AUYmTy3zlpTtsLD6LEqM1GS22qc7Pvo8JHfz48eOnT5+ur64UIFQBllEDyiMEAXWrS0ghhM1mc3a2PTs7O9vtlESoLkYDUQIqhxtYXdvVHT+95JHkEzRa3eKrxzXuTqpoYl5XYbClrkC4/a1INGyhZaaDIGx7SUGaLP4jgsLAYvgiS1RCoUAK48vAhiSzABuSbXRAXZqZQdgOC2ncQRZgUV/yafOUEDoR1DrUwXOIEiXGKABISIE6jZsIgj30zIzAiICAhChEAGAQ+aM5pNWkSZMmTZo0adKkCYCf0zanZ/43VrbB+hvswE6bGFHTa2dsuZX8UfmRHXhqi8ZxnTe2Vx9Mj23Oc+lF23VLt3Qt3YkHBfI4Gy3d0nebNgOeWiQOlF9TJqVllQ4wV17WpP2z0pYbhw73JbtHHMpcmDc3/aeMEjUQMW9X3rXiqmpDY+N7LX9YXtGPQcRBb61WPl1SYFcz5kJxhTHdm5I0+UhkMjKFwfDWulbBoQkrDhxtnsUIFxReGbatqtsocU+Ck0T1a5Et7hTO4HUoblOClNLXAiPMlRjFTXQOlrMbHTF1E28CITA1V30YDqKDowngISqhWFCyJHbjsO9O162NCVRCYbGxVYpf8hqWlhUABUhGQ2T434RBKCKRYwquiYQAWPoX9frRD0tIug8A4+k3dSJ64xk4N7EfDwdO5bHp8yCygA4Ovx5YF4pQgGgTnpnZ/IteXV1dXl5eX19fX+/7vle/o0o0DNlTIyBiwGDHBdxzYwhhs+m22+3ubLs725mL0c4YhALGOJywwOdWiAeVk065U9FYb8lHrOP6MDyPNVxd9VCOO2NOoyKGxvnsStuJL5ej9yrwdVsUIDT+nzoCdbQPzAGtHcwwiqEihsYUhIQOMqsTU3M0mqBBY4aDgCBhIEKSqC9TghCBJQoDE5DBgIAQEAxc7FHEOIcUQJCQIqLwKNJxkyZNmjRp0qRJkyYPLsnu6mk3+lhkI8P/JjbYgW02XTtjKz42H3CFjXpNmRulq/1t6ZY+RbpLAPQEiG/plr6TtJygHnioeQvzZWr9quhZ2L/G4MQY1XFTvdvrs+2rAgkYAGK/lDybKn4wJ3Xfd8NGS8WmKhflfRCwRAUqtA8cVoKPydnVgjNAWdJyydI9AnUKuyqU0FThhXVw1Q38iC70rkbJwhGCtTJ9M9suFnTaXAOOy5jCw5waqorl1U5UzQzARG4dzcaMeCXcr6w5Nz6iHh7o8tzITBmE1csHpF0cBFf0RUMmfFMAMfpgaiKhg4aXwDDsVdHIiF6MfihPGStIpHwTi9ZWMLQM49RSQEADyg4Lk0beEmAWDbE6YhBWKT5rKIMjNLGa/1By8Hn8LKDBGyl5qn6tr0fBZii92kZmEIlsAQivr6+vrq6urq6ur6/3vQGE7ko0L30a7VRPq9ha7wBh1202m83WqIMagJBSAEJlHJ6q/3OTZ44dflAmVPhTyjEUvbHUXgxW1bCmLRm+ZeQVD1MOsAjnU2QgRuxLp69EbQsD3w/+g1ilCCDAwJDPX0QRNle1eVl1HUAsAiFIFNZ/jBkgFGMqMktU+iBY4EPwAIkIRAhEgAxprkYOgQBFEAjVwYQgEAgxsPTqiIJIhAIKiETuozkabdKkSZMmTZo0adLkUUnx9xVkAt0kPbXTTq9db/tdLj9tt05sfHDbe0u39FHpIgZh+2yfn80nPAIdbqOnJQ2zGGIiwiKYDfqYXfrZ9SliDUERYQyRQaMlCR1v96v69HM1U9OSCjhA6KgLCBTQQu4qIiT3jAIwgxGOlRnaBu/fyr/SvmmGOgFAGuRnMGtQSeafYcVXrJuC3cmlIlvuinPkX/HYHt2FV8M53MuDb0nFj26+KrmgnakoD+Mgj9wI6lipjbwTZxNAmLxCaCP+lUb3ZNAR0YBOIghA6HNbYdmCvTe8CwIJT1AFpFJzlUQ45x52eL2PheSm0o/lk1J18TflDkYRLsHBAWMQ8iXDO5MQFxIB5wWmCIWJ/qhuGFM1qU6DD9PzYiQY0XhZqTPV0INzU/cgGlFlLd/Rg3CsPCpQ8OByt0LbO+rOgWrLR9BXDKOuhhAQkXXaM2sMQkUHNQDh5eVlv98bNIgIAIQYkEIIHFkfshgZ3OszM0MAItLKDSncbjbdJlDQUWLfEQ2zr69/1Y5MXxusT0eM1vGS3z1uegPntiTLP6S+TNjD43oOKVCeZhgliq/IvmWUP+reLcLmwBNYD0KwCDuVUAC4ODnj2b6DexhXYD35AMBG9VM3or0vtjyk6KX1l5lFgHvgKDGKMBmayLoGoyBEC1QIwiQMIpzWTwAgpIAopBilAIYuIAJFYEJVBFFASIA21FHgGFlDGWoMREYmjJEbQNikSZMmTZo0adLk0cnIsoqFubFMTz9xcu36z5U1H5XTPtvnY/9UgLDCjmqf7fMRf8JnMm+res6LACgexyxqtDUosLC2Z2JQggYLa3/NIL7cZl2R0oqG43pK7EEziuBu494U9v9ZRaYeBdcgBI9B0lDMUcSGgIe4JVZBNKnUCIA1q+uxTNCp3X+OWVWndRZO2aa+4051O6YxCNdfWnL/RlUaYFfr2oI92qlyqZYEEOKggrlZjA4NzCh6XE9NDePeDm9BAS4q/XKGg1guC/qfCMLCic8yRx/0iFRY3vHksxG8woQOjjRXI/sIwEv8V81m9kUjOUKewKVzuOBIseX1YVT+VOvJykoe7cK1Xkq8WeXeOnV8pEmj/SmMh0TCpjxH1gCE19fXnz59+vjx4+XlZd/HErZByDELQYDBNrEUfbDrus1ms9ttdrvtTgMQbrbdJlAg11MAjMHob9nHLdonl2UO4i1v5cjPcKXdY7o/xwM+KOVhhCpMmM9XlbxqDS9ofj4NkdOVV5TrDOYcSN/dZNSCgB0RchKgBRrUejULoOd0DmMwGZjT+x1YBMwIHDUIIYBGiAXU1Tj68RTzMiqIAAQk/l4WCIQlCuv824QQACNy7JmZAYFQOgrUQZTAwpEjAwMACzNHFo6qRJMmTZo0adKkSZMmj0tGllUYWlYX7LHTa9fbclfWfFRO+2yfj/2zEwAP4tk+2+d9fMIJ6oGb1Qbryi+UWaihlg+Vq8b8vKGI+apKNqWBJR8GpLRk3k80IHR+cDb/mXVr2EiBOFoNkq3AU5wvW9Rc5QGrcVS9KEMO1OAqCSqQEmwEnOGIlUreACM8FYLlg7ZkpvTuVxzEashAUQpFGmlPZ5aJDUqypTqMWFdpCSM8GJtwJYiCRpIYFRaActIa3oOSWDuAiE4oFXRCpM4+xILO5ybl0Y0aAHGH+CzFII1oecXslVysRNQgKanBO8tBSwM1aX+Eww2JnUNDeW26Vge/6khz0Bl/mKt3c5FClx5ZUE5L8imahs84hcP1BJwINTwTgAgatgo14ik4NzTxCxNYyMLaKrLlF/RBSABhoag/Rb7AjIIyDgoPh6vMP+qRvzcC37L/2EcuUkAa99CLG9afl5G0rJKCdI7TQYzZv+jl5eXl5eXV1dV+v1fnooqXj9TQbZUouRpFIuq6brvdbLeODm632+2m67pAAf05hTTFixMHCwT9NR1fOOqxaoRq5Y96Xtbc/Sq0v7xnJfWmkL//tl7Hmcozfjg+KZIXQ7tjCJmZnstLJm+nwxYphomGjNWllZkhYYTMoDREZpHcHCeV2E9/AQOzREUHe1EOurDtwUpLZF+KxRiKqMx2Pa+BoN8sYqG5yg2EgBQoCoNEQEASQQwgLByZGBgABThyZLbP2w53kyZNmjRp0qRJkyank5oFGAuLKy5aaHFy7fpPPPLXNTnts30+9s+uYD3Y09XSLX2naTlBPflTjrkW1tW/UCcc16/SKDWAHaQ01idDZrELpnIlescsSAmFySid2tSqFBmEcUS/spjRh0ZMIy+QgS9PJBNeGVRnZDx08yoQgxCUwGI2lzMDIobgehqalHt9UxmiOHUb6EFzJ4JIVqfCwRzVX+JSohebYbEwQXrVAEBS4FW5URSHVRfUm+vaFIqYYlQjIuA0UZK9igcGBaC0xCcDOvrT4hAgqCezVMp/GgyhAKCQp/2h8ZYQZTgwdTGdJsNgTbOr7AVKDGF0VTlo5GCtZtIEr02aOpXO8x0CTZhZXe0Jd7MOGKC9VWLKmSg8wixTPYjIkh9vnZAsySkrIqAYdQqd+AAAIABJREFUF2W8Iol6zMvPtndWfFlDZJ9I5OuAfaXsDVlEiDDlFzOzAmOnRyMFU5zzNVr+tMDZHRW4C2RrPb5SxXHvmhW9KjDb4WEZFFij8PpDCSuBsblfIKHfigUauuPUvewAUkSk3+/7vu/7eHV1pc5F9/t93/cKipSHaXT+6xEBEUEMSATucLjrwmajJEKVzWbTdV0XiBBBhBUO115R1kqmGOF0MA4ORXW4jr3Lc9ikoUrzld2QL4uHl/LRK8fgGYHhO9QKGZx0SaeshgV8ZbTpAyK2UCFETsqQNi4AbEcmEIBFiDVGYLFTOCMbNJCf4oLMwgxs81QSjdEcezqUqC5JY4TYi0TWUzcKEBKgIo9pQPzdBEQAhBCAUOxtEAkQENmDOAuRMAAJogCBEHTqVpQFCEGA1PNojKGHfkyVb9KkSZMmTZo0adLkoaVmd4VRGipl7jo9p9uxZVq6pR9XuissqNLSLX0PaThBPfBQ+mf1V/WromeFBDPyrKVWfgFgcSOV/TNLECcPWAMmn6OFU0bfssz+nm36GfWzVhLxYkR5W4oWJoXtflGh25jOb2DFvn1Dd8qtwfkuVdGUER3wYOWVYjca/lQPI9N4cBCGvj1H6YkfThk4OS3LrxhpTGEvcdwXGzHxh05BuAXFYESqkFGNt/EzOfUOWnRToA6SJcXTkz9YB9KzCahht0rVzSpe4mepifREG0Do12K6PeJptaYDcEEfTE3jcDxTvsYmxMntyDirrB3POXnMvojvWT5TzuJxMgs+oYNAHPs+7vf76/319fXV1WWKPnh1ddX3vTCn2auAv5KoAhESEpJi24k+GLqw2Wy22812uzlT/6JdR0RITjP0yW/HBW59F5bJf1/GXV6/W92sdigXmeLghA2gKAQIghqdFVhQyXUiotzrCOm1BQ2eY2BJ2KHRAS1yoaFw+qoGvUj28mDtMzMLg2F/AiAYI8eeOTICgTERAfPuL76ZKcXQeNyUThQheOhc0nZYJEoEZApECBwoRo7SsyALdb7Ia3RDEgpCuGZzbfI5S9/HT5f7q6v99XV/fd33fez7GFnjEz+0ck2aNGnSpMndCyIQUSDsutB1Ybvttttut9ucn226Ljy0dk3mZGR3xZn0fdqH17T7ULq1dEvfPN25GVUcOWzplr7btJygHnioeQvzZWr9quqZcR3jXRX2PtHj31KYsey/RksDO7HOyKjBbkYkQhma2sUbnbMnipONsu0sK5kqgwTwlcBkAf+AEzoU9kCAbLQy858A6Fl4orEO84bBB7H4j1kXPgZrwzke8pC5cKW2MzEBG6dlZHcemVanFKsqoXCEDI3yb4nQjECgkocGTlIYtJCcVYJRFb3no6rHuGUR9GssRlssrrR57q3JEJQf1ipFGkfKAmRLs1Mth/pkR7EwGswq6TO3OiKA2ooyfsNEAmExph2mZSY9fIMOSfmcDjBE466IxboSEYkx5gVE85NT0dQdQXIUpGcWgODkqkQWNFt40RVzMYpCSF48T06ZDMwcd3DN5PxcIJPTLmtzLLFlIvUKmbtwdpBv6Qxz3Aw6nD+jieCIhJ3wbNRHVdGYPlr0wal/UdOwqL7E+vSpRCTCQBgCdV3XbTbqYvRst9s5fTCvRXkECm+V03GruBQ+XlbxRAEXbuRwrR5vxHjrp+nwToh2aArLncB9nNz+IdG1KUFzkk5J+JZgHkJBxCBBYdHJAywSDarTuWivMwIoAizAoKcxHCBk0BMWuvwxAwtEgwIF1PmyQ4kSOUeXFuQoHJmj+R1Ql9A6kylvzT7HfZtlPy7CACBC9iqFgggcNRMRQkDywzso6gzaaYygfQsoDSP6MuXqan/x4fLDh6uPH6+u9/Gh1WnSpEmTJk0eUkQgRo4RpnvidhOePNk9fbp79vRst9s8kIJNqoLFOTYc2leXbcLTa9fbfpfLV2y8K8q0dEs/9nQnYgQhMzW0dEvfcVpudi2U+ZDSMC0PS/VUyqc0JAP/bBlI+kOljIzL1/QcbXfTLDXUJeuV2KFzPaAuBGZCSjFs1I1nQvhgRF8wYOawJXFg2IWENCaIMYft8cSE/2SDkqxWQiAemS4fTSiRj8cnJ8IYsrHzeEmwT4KO9B54zMKZcINHxQmrwocl/aV6ycHMCWcPHEsrgMLFYUkcuYVaCw+6dRmc1/KcPFHT7cFBOwWnF81/4fBeQGV0ixk/fAVdRgdzQ8W9GyCFiCPtC92UI4kZZkjt14ZkgA4CsOOC0diGnADCVF5dkiIWkdy0aUTlAmbFfOao52GlsAjLFPV3NZSsJX5HbADTgjNitc5RixpfcFny3bzfgTpptEKx4xLz9ZUnYHQWEhIiGYiudK3Ifd/vr/dXl5dXl5fX19d93ycv2Xb4xiIN6sVDVjEgUQih67qQwhBud9vtdtNtOqKSeiV5tRIp1yff6G8J2R4nK0601PFL++6P5d0JAoxceGdfzXfS4Lhih+/A/H3mY1DMrACh4ZUiyAonIrIgC7B7UlCfopFFXYxaDEL1HSo+z1gYWETdhzJbabB3YhaJwjGt6XZ0gtRbOxFCACx2qOIoVnp7lbS7+sEzcz6BIAQiGIDQzmoBClhgWSIIAkz9zQ82NXl08vHj1bt3n969/3R5tU+ZIeD52Xa32+y2m+02dJuuCxQCJX/gTZo0adKkyZctalSLkfvI/b6/vo5X1/urq/2ny+vrfbz+5ePbXz4CwNlu8/yr8+fPz5882T20yr92SfZVPz6d4uHkNM7ab/0P09Igutb+nEwyUxvvSIdRWwtlWrqlH3u6qzjxbemWfoRpqefLtLzM1iPLbcF8nelndBPMRJ901XK7VXbROEeZhOm4O4va7PVoup65z5cld4BpAyyqQQ3LNgD/suHYTGHDn1LgHodbHSPBfF1JIixE3OKndlJESbS3fP1BWeMYc9qdYyuZSrWqqr37vg3uNWDqWBkRDae9GDAIJw1W4a5ppnlhK+72EIb0h2dZ1eFcQawRzSaygF+KHRpA0ygXHtuLi0pwNGXFQlUNyotZYAdXTSus0gdH03iEEVYLj+5d4u2N/MqaYd9xVWEzH+f4giLMHJmZoxJZDC8BAQF2so09xYgJjxRERkkkK2GWwr8oETEwGq+5OqqJugNpbiuWM8RDy2MHlQFJw5Jv8aPHC08Hmx3dUDlQX4xMR1OnJZEDKe5uN8YY+76/vr66ukr0wSJ0nLAwmaBHIQXwRwkJFR7sOvUvut3tdttt121C15HjOf7q4MxenpyDWRGP78gROOmMOimye3MdTquM5FHSRQnHG5CveoLgsJ8RCqN6DQUAQmFhlqhvZUgCEhn62LN6ChWOUXpdTTUGYUQlDEZmW05Z/4d23MuiFCpWR8IagBCICEBjvmr4SyA7AiIGVGYHA5LfNNH3SX3S/XmnQIkviShElHYABEEEQmRnyZJwdQybfEbSR37z5uLt2w+fLg0X7AI9e3b27OnZkye7s7PGh2jSpEmTJr9qQcQQMATaAsD5tvzp8nL/8ePVxYfLi4vLy6v95dX+Hz+/Oz/bvHjx9JtvnnVh7AGryf1IaV+ds7XeOI3ryh/V7so6W7qlH2e6K9B4/3Qbf8tv+XeRDzerB+r5MC0Ps/VAtfwoBwDm9ck1TPRZ6FfZ7shMmwzp2UcfZ/zNygAwM2UKkGriRi4BVKMkC4IApWMAqyzCkhwRDpvVI/OpyGINUiATbpJDCUiJG5AoGQsqGYx6pFWw6qttqZXjgYRM84J0R1bVUMIcA91kqjbq0nwDq+j6S9KsWCC0VXMO5hcUOsOSHJWr65Y0yYSyqQ6ZgzbVVqAynaSSSt/LiIZFkQpyB1hOWNeX/cYN4BbMOqvnNg/VOenOnIvRKi44nc/VGZ6xMZjc0+G35E1UGS9RzD7t1nAxd3lKb1G6S9FWohISESITEqGFGySv1hiERCyMAMxI6s1uAnaOeuErzuHHdjxtauPZ5KFFkWidgsettHMVOucJ/XQoJOwHkcCfPo8aSLrysogSB+O+31/vL6+uNADh/vo6xhhjZPUyCuLYoFK2jEems52IutBtNoYL7na7s7Ozs92ZByAMrpJqxUv+siebXDGFRw+4EZgRaQHxPWIEUzNHXXYvcrfA5ODME4yGzg5G2EsQCjhoDBIFWSSKsAAwKiOwZ33bYgaIUWLsY5TIHEVi5GirKjADC/rCWgKEwgzicQudQQgEFvwQAAgZgRCIAAKhzmkdJju7lqc/AAgqoKjZFn5WRAQJAxIRWh8ZECHoMQyWyBEEyIMXqifSATW8yecml5f7V6/fv3p9oV83Xfj66yfPn58/e3r20Ko1adKkSZMmn4GcnW3OzjYvXz4DgIsPl+/effrll4+fLvef/vb2r397++3LZ9++/Kodtbl/WWM3rpR8HHbvlt/yP7v8roLJg/3N3vJb/l3ky83qkTI/l5RpeZmtB5bbBfuUeX2grs9cv2CKzCeI0Pl5A/KQButCRykTiVDMhm9++iD/7ufBEUuQbxkDq5H/xgXKxAjmGZnYphVaFon5bivMkhUUZBHYWCkrMb+V4zPH3/Ia8KBNc+DEEia9GpPocICULNV3W1no+JxLzCnENYIYB/lmyVyldOlOE8vMiZ7L6Ne0IxM47ZiJNbxz/rqJ9luhrOTHfBYLmY7eiPc2+mkOI5xWUj56yf1v6Uo0KVnCF2XcQVtWxFyMpqhsmT5YRmLzWao0QUUECZEL3RJsySxEoHjhYGjz8mW48BQWnBufKudy8UbeVuYe8xsQ8h4DeHlvPMI7gnxkdFglE6gwTT+bsUofjCb7/f766urq8vLTp0/X19f7vteprjHYCAkJicwrqYgAS4q1SUQUqOu67Xa72xlGuNttNPogYT4T4COsL9hHD/Jw0JbOB9zdXHoMJMLTiuRNv8gsXr30frMAAzIoTVCnAEcBFohipysiQ2QRIQaIzDFyz7HvOUaOzFFdjEZge1NDsXiC5rVUNFShMg7ZnTgzGOSnvkIZkPQ1URiQfHbrSmvvuwDlnSp9RvjroRUiRFGStz8TQEgCrK5FS+cQAGWs2Safl1xe7v/587s3bz/o1+dfnb/85unz508eWq8mTZo0adLkc5VnT8+ePT37/vffvHv38fWbD+/ef3r1+uLV64tvXjz9zXfPG0x4n1Kz647zreCjs3vP6f/Y9Gz5LT/nd5JoU4NPmeS0/JZ/mny5WT0w/RUmtclMSVkqn3LArpU1+kOlnpmnadBu2RQUnZvkaSRCkFRHstsnD1FDAuDIjJ7ht/JojSpeAgSHJKEFRQ6MLq8AhAAah8zCJro5d8AfSqV9SbpT2+TIxrreHDZ2eLim/MAkOW4I80yFtCKP2hoCJJAoJmtsuHNlVqKD1fybefhMPy34/9QBGhTAyqCtlNsbORXtywcK1KWbkCEUUKAsSmDSkna/0uDnYlOwc+Q/s2h3QJWbTIObmu+1Eu0MZGO1uA9GEYlq6I72Va3S6c4pQKi+TI0mqJRB75vSB1N/U/CyfILBfPMnndJCOFgRR8vXnGfR+0G5qmP+uSModzl69zgyhXvFQswdrnjoQY7MMca+319fX15dXV5eXl9fm39RZuXqK03QahVR/qsUgGOg0HXdZrPZbXdnu7Oz3a6IPph9jqPXgLYezO8UcuPl7c5lsPjcdVv6n5kH6jTvAzOVJyDNKHd660EiswZjjSCKDqrf0cgSRcMKShQtxnvmfh/7yMzci7h/UXRHpuDuk8vjGGA+45OHhnxEQl+U1KmtrreodFgkQsL8guuYONhGI5LWUoTR+yyQK8PqrtR/Hv01eBpH5k3uVfrI//jHLz+/eq9fG7mhSZMmTZo0Oa08f/7k+fMniab/5u2HN28/fPftV7/97dfN6ej9SLKvotlaPYBRYWvFefttGYPwZnbsot1j6xnr+eB2+Jbf8g/mD2IQts/2+Xg/5QQlpfAKXfmEw/VLEYNw9KskcGK5XTDWTImOQAkPaNRAKK01DsAZoxD0iDuAIBnkOOIPQYFhzMUgXJbSqFWajtystgIgVCiRmQkJQA/qV70OpqG37HsxwS8ENqt61CzNpmv0WyAFiteCOJ1/xYUlbW0IICVVx7qt8C475y90IXMundRAHJslZy7MTLsB9DiEIXEyJiuGvOz17SAQUX1QhJKRXw29gOY+saifTFm/lc4x5UGPhpNhCgGOsLE5TuH0RpT+P2cnm3UByudaY7OVn8Yg1FiECIAoCARIhb9VYSGk5NSUlUTo0CB5PMJyMhiUKExEUnMbazNWThCh7VFFIrw3PtaxDZ1Kq8loPwDCUOJwmcjr0LcwS+TY99fX11eXl5eXlxqAkJNvXcTkIFcXJ9urCSlJoBDCZrPZbbdnu9352dl2u+u6LoRgz4bC374xVEdh5DYA8smPBamf4BnxaI8aLi293Gyu/9bz5OCjONo2RpPpBBih/00/ZWEWbzisDj4ZxPzOirBALxp0EGOUXnIM6D5Kb9Az72Pso0SdaJFZgDltc/4qZ0cxNNQhiCAbv9DOf2WfFx5EU6dVCIF0ZzGfowACwALkOwKmjU9fGCRtNukQFyBgAEJkEDbnuWJIIQuAEAEbu7whhJ+TvHr9/m9//yVGVmjwN9893267h1aqSZMmTZo0+QLl7Gzzh+9f/ua75//8+d2r1xc/v3r/5u2Hf/nd19++/OqhVfvypbSWLSAXCzbem121soYb1/kgtbXP9nnwMzMIEaf4fEu39OnTcrNrK+dHwLGxYT4s1VMpn9Jg1y6USVzAqj6yot1kIUwYIRWmq2xyTbaaBA2KsEgYkv9G6dLRKOQKYPh1ZAaa5zmkU+8akAyH+YsERCM5isbsEQMLwbwOSh6pAY1sjTkwuT08XPTWssDfwupdSyGCcFTD8KuXQAOEIdv59BFRApaeVkLHWmfUS1KBBgvw+CBHMOdA3YPopHCiJJh2iOpazaDNWjQuBEEBoBoxcaIJOz/vhvd6Dvg8NHnQEfz8ECLQELRN9fv9tlNiggiSWnAQr9p0VZNsMa8Bh5oxWD3IopSpjzin9wlz1DZIhM32DMK5OeUOJl+LGTVBAPWhJ2zEQQSlD2rlBp0AMto/e6IHKwOUyushAf8BfWAG9n9FFQeTd/jcLSN/v0Lr9mN2CJkopLeTxHhabMtWLFsoQcDjaTKwCHPf9/v9/urq6urq6nq/7/s++RfVB0HPaoQQiMjnPAIlkDCErttuu+3Zbnt2tt3tttvtZrOhEMwNZApaakc/cKTc7Qfi1yanmtgIeU+2wxy+yBqIDHYiggUcUJYozCI9S2Rkxhg5skRBDfe8j9L33DNHBvU7GtmRRQbRYNA2DSToni4a3VW7pjxseyUSkUDkMWwRMaCTWil0WgtRyMdEyFZQGO4vOv8M5QbO7HBkAhANzNlHfYFV37nMIoBAiEIeN7TJZyBXV/uf/vrm/cWlOhT93e++Pj/bPrRSTZo0adKkyRcu2233h+9fvnz57O9//+Xd+09/+enNu3efvv/9N7td4+7foVQipU1srbhs471deqHdlm7pLy89YBC2dEs/3rTU82VaXmbrkeW2YL7O9HPBIByVSVctt5td9hlWNDCFGY9B3YuKIDAikXqsBE6gpF4YhQnJfI0iqCHMMIQSkjJVMfXOYSmD7pIkclFh5jf6YC0GEpbopeeokQrJYumAhsBR47+UriYlVSsoapH1jk2oFXPUqxKLKIHDKT1rJFVobdREWduQB1YpWdZjnJIaQpYwHilumQUhSmNi/2PL81nnfgoqdVbcIUp2cGa3fmpxxYHO5cgUrk0BDDFL1ZotUkBjKKlbM8KiCXcZWubpE5NiFOZpUMBsJbyqjmy5aDWb2u0JKzXHwvhbdG7cYzPoLyIrGgQ085Lslk0grTzQRf0AjvGKP+zu900GJYrRznQZD9qpKwoj6ggLAKIEQhZhEbXlImbmrg6p32vjFEqmkehAGcGvpPxaeC1hFg2+xcKiRMLimQIPK0gKXrNwFCZhhpBiHI7IjtoCERiq6vNKFPYtV4xiUiNoUUoDu5IUOPXjemNc2ds90NCKUK/Z8eTIq/DMBaPasgpYTOxi6eMDMIptPEuFRmvX6PplfSfdn94Cr+hIvEfBecyPjK83xfELxQV1s1B4L4RAiCIsMQJHjn2MvarR9/3V9fXl1ZUxCAuWKxFBdqbrJD9EJcoTdZvtZrvbbHc7dTC6PdttNhsiAjvuYA+drw4OVPqKOVwgJKvv9P5yqKTsIeBoSNNwzo/c9PTPiodn9iYcuPTgbR39jDBWZ+40U2WzqjXlb1b+UlbewaLN9K5jm5bovqWvKujbLIpTTyNHFhAhYeAoMUpkpRhCZOkZesY+Yh85MsRoIQmT+9A+sq5khMDiUV+Nood5qzeeNgqzTTkBFkbRzSwYnRCR7agGJLK9AOuKDrYL2GPiu06ws10Q0fZ/wQSfp5qQEAVFSfC0vFA0eSTy+s3FX356LQKbLvz+X168ePH0oTVq0qRJkyZNfkVyfrb993/7zdu3H/76t7fvLy7/v//71z98//LlN88eWq8vVkr76pyt9cZpXFf+qHZX1tnSLf040102H0OyUrZ0Sx9Mw6ryUsmXm7Ur9XyZlq8Rl6BQBRbmvNTqlJr+Mh2Hmk1Zxnomw3WB4Q0vEBQP4MV62jzF7zMfVSmbWYAgMAiBHSAfWeqTSTUDPB4frRjDAfhnRCLI5jtx9as2bgUUtRURNYtZUKeMHypGaIRCKBmEIAxIKOUdKQe8YoUcmeanX6c/jSDAaS9q/arUA2nkvKqKkdTsjuVgDa2g4MM1eKSyK1eBZMFOSgMCjBhscyOQT1El4Knew9Hcq1aeSDE4/JoVNli4vBQn0zrjgqWjUcfJRvPKJ6ZAOXSYWi93MQRIdtOi6O1sncns712R4pkZFRx0Gkw5sYB79n8F6CR52JyOc3qCFAZGAAECYSx+9RF01mkxQ3AA8ZZ+R+1yEQQgRHYDc+YHgzhGyIlNqLM6OQROsQgJWTvhsQs10ujEyXDBaoYSahARLvnaIGmMM7yS7m11tTmMF96bl9EDyhRLzg3QysFDa2cXx60X9d9WTsFHPOWwY5ob4iAO2EwDtJOiieSrjCgiRN01uZeoM7qYkza72bFrRHGulj8+uv0FCjrhiUK32Wy32912c3a2Ozs7253tNttN6MLwvqfVJ537KWV5VKuDtjySC9NpCEfe6o6cHi6abDjjNuaaPAhdzS0ZabMQTAVQzL0sOCgILEYktAWQHU1MTjkFNBLhvpfeMELZR+YovSLR5kEUWaSPrDs1EVIOEg3Dv7ZMs0Ck656Dh34whpDZFkZ1gYuEikrbQRJARFJSo/EC0/k1fRlUF9EQwb29215mrEndQFBkuKs3ecTyl59ev3p9AQDfvHj6/e+/CS36UZMmTZo0afIQ8uLF06++Ov/pr2/evP3w419ef/p0/YfvXz60Ul+mpNODmP8gGNtyC4dcYxuvvV0v25mza7hKmYV2W7qlv7x0V9rSSv9eLd3Si2k5UT13moaRzm6CmSlfwmrHj0Nmi4zbhUq7Cbia0OOMe4aoliwFA4mUoSUsERkF2d1QQrLEmzNJLNvPUvrDTInJ8f2Rib9AB8EwhVqFg0550EMpYBJHCq06cTjMUA4aEQkq6ldk6uZ02evpPUgK1TbNn0EoMd07f72xkc7ztVbPsjUffdZxsosO66kqU/P2WcLbRR054JY/M27eTJWlirwbgwCEByQZOxNSjfawlYQd9ys4uG7WxDwqeQhDkmEgw3G/ihbzFYPLHcJEBChWimpbRWg+yJgeGvcQi2LmTnFMHZvgg4Io6JECCdGfRvDX58EioKgJp7Btwsx5bXGwhAKgIDIwITGwQoqirkfTY54Ji8M+DSB8hbpnBrI2nsUIHLhx9xyDcI37U4DKs3z7Rh9cVjp9vYG2QyLduFHxxXLE4fYHh4UjxwisTn+BiLqu22632+2WiIw6pg6eETVApq83ICxAoI5Ft0l2u93Z2e78bHu26zYb6oJSu6BYAm8go3Mtj+S2Jrn9nL3vHo2WFXOfYNsVmb9uYURbCwVEIAowg0ZfZZbIwFEjBQIzKJUaAEEkMu/7eN1zHyWKEgel72Pf9zHqywyyYIxRZyURBPCVMb/yqHdu2y6FAgEGInVpm+j1zAyAzEZrJCIMiKRTnu3gCQphAN+KdcdA2350yQ4cxcjhYiRFEYnMHG3GMbNyne955WxylOz3/Z9/fHXx4QoAfvj+5cuXjanQpEmTJk2aPKSEQH/84dunT3Y//vT61euLq6v9H3/4drNp8YBPLH62Of2tN/jbKzlKq9h4p4ac6rWH8nO7VZswrrYbH21nhnS6cdrfR2Nvb+kvLd1lS6HD6y3d0idLy+nqhHq+TMvLUj2V8imdKEs30idbgZfblTHDz7c6dzgmYgiP66RWeLfkMwIDRbX/kzP0QPloBZYAM1L9aS6sYIpJZg6rBpdLQTeUkaPL5KNSvL8ecEcAzdeoDwIWOArCcIyXe1ECGKnd09q5VgIS1VElA2NmSK2ghsLsjRNTPTOA4gBFHRrHx4ZyASzxszkFhvnlm4tnIAAAGQSu5RHcIRouBS5Cd3hWGxs3uw5N5HOUl7logqkTkprzuhYUW4NtlBNymp/Bj6TDsEWiAUvSwd+yzDBtXuIMXE/5OIQW3f1h9lepbkMZBM0dqwInhBixfMqGYGo5ztpcYlapldwIL/YyjkAoAuzOS521Iuj/wDzmaahD61xqX4QRyAnULHYp5T4C+bSVwVv8/OCPAMiHBVcWCco6FivUw7T91OrH4RmWNXKcz8DD0f5GEmNcavx0wWKXDkO4aPhA3aaYOca+j1GEQwhPnzx98eLFxcXF6zdv3r9/LyBKyUobHwhpqE2diUQdUSAKGnozhLAxHuF2u912XUcJHSwprxNV19+sWbb6IZnsPilo6yPCGk/cYUu9AAAgAElEQVSwIxd/viyIFBuob6aKfZHhaf7aYOxAxQIZmYUjsCBHEkYn/OlEYhaMAj1DjBI5O0wAQMmsa9ZdVzxarb4ccXZ+7S4gbENwhJslEAIQQkA9LcV6LIyQozsOEGTEiBpJsGCUUwhs3O58Gg0Ckb9MiIAioE7dBgAAFo4ihQ8DQRLkU744NTmhfPx49ac//3y9j2e7zQ8/fPvkvEUcbNKkSZMmTR6FvHz57Ox8++OPry4+XP3Xf//9X//43ZMnu4dW6ouSwkO/vkBXbK04b7/FW9uiF9pt6Zb+8tLd4C/3lm7pR5uWE9STqebVMuXXmTIZwZjokzMOtVtHO0aFU4ulsACKoACLUGHqcupe8mWVq53EyUvVTnWoSnIT6jiG5HyPVggD7NBAkyF8BR5VKvn6mozAECsaZVb1PwkcuGx9XlnJQPk1VQ1sypDuVOKFLkNiIx7hxEyMTuJca6BPNVSBMVW3pMzaRY40lVeZc8uih8mb7ELT5bDhwm+jAsWvyTQ810QJSC9Luhfl5eV4jsdnMg+TO8jUAynuV+2W5VFKNNxRZxKD0DuRGjV3oglBhAI4SeB52bvSa2gZa9OPGoCY3z1Xgd2vHQoiEGEApNKX6ahaHD+bwwia4hETxdHxoRtnOeLRuw2+cheS2W9uxj8SrZkhbiWO+KMRcyQ9LzfW1uDywSI5jdDovKdi3lnkUhZmBicIbjabZ8+effvdd58uL5k5dN27i/fX19chBK2qfNJD6NybLoYQttvN2dnZ+fn5+fnZ7my33W42G411CIB+LuDI6Xqo40mO230e1dxQmdlNTG6vcFojq1UVf+xwchOqJ5okOREVEBZmYI0oKaCcwcSRB5EYYx9hr/5Fe+6ZY4TI0scYe+4Vi84AoROwRURxOEPusHw9I3MZimLHIwREhIRECImIUQiBfPFm8FDTehbD3sYQiQIRIQZyljaimLddfUNjZoUcPWBmMpco39LdwdupnSaPTd5fXP7vn/7JLF99dfavP3zX3Io2adKkSZMmj0qenG//z3/+7k8//vz+/eV//79//Nu//uarZ2cPrdSXI6X9Zs7WmrzsD/JxWEPtWpzJH6Vn2z2qzkN25mq6brue2rRauqVPlE4xCNtn+zzqE1aVrM0uOaKGoozUy0hOg5WXSU5Rm8xoVV4ro6tkUkNuZVByGGNmMAJFnQMpMAMDEjKeUJB9hZmRiViANUAN+Ol4ENaT7KDgoQgLl0jSLKox47Ky5BGWXkYTOljCCSVAmDqekEIdgZJBCFAY5rRpGBPmJoNUtzCWGOGxcMIIaXtYwRwvEPxewOim6C/FJeMbt2wjRq92DTtTiwNUgY0B3FH6Sj10A/JFB9quY4LTAmXdkgl6E3wIZ98KbyJVzLUkBJetlOOz0CPwSVC5rfoUZfA4He7xaGdieFwBK2atBiRCAxLterULu0s7R/gAldOMiQWo/9ThKat7USFEUnwQMJdxAzmkxcK9DftDOhr+YqxwHhiblzkscDQODyQy/xD9KuR26GBtAOdOXhSw9ODkijvVDYHOz89fvvyGmYlwd3529vr1u3fvYoz7/T5GJgp934uIOiNVBSiEzWZzdrZ78uT8yZMnZ+dnu91us9l0XReCMggrsPSNSZNT+v7yuYrqSJRnRIrPB5PlfXn9WM0vDViUyYB8aiCfcGJmUIxQEu1ZCxkFWoCNf6l+ONMbDjNLH6WPvO+576FnjpH7KPu+j9Hog0bABvRTUwZgc4zp7U8dOet6ToREiu6BCIno6x0TcqCAQgSkhEEEEGBItbo7B0UeiRQj7DQGpx/gUIprwgMZAECQ0ykadQnNxq4kIGE5iPc3uX95//7T//zvPzXo4B9/+Pah1WnSpEmTJk2aVCQE+o9/++2ff3z15u2H//l///iPf/vNV1+dP7RSX4gktAJzqJnxJ1Ztwoeuyp84Zx9eXUP7bJ9fymfnf3+2z/Z51KfcSw1HtQKHcpZrMxPfpORcepyjDc5okkuqjPzjQfHFTVoMoufAlRLBgFGEAATM258YKAilYXFgZZyiRyVUsAwsJXtl8iy6HiBMNnpxU/0Ak2NhYXCakwBggWiOsKYFDCBBgyUF6phXjQeVAZAEFn0Sk4O4Od5n5VaWhMJx/amR7Li9bpMdzA0oaWpFPYj+6SxVpALcwcLj5qEOn0JKNl7h9Q2nZKOTy5zhG6tJBfQAZQIBFlRFu+kjL5ria1PZslEJTQeUtAiBjjNj8i2JUGIohis6ZKhZ5FzA8tFLvuccCCyAfUin9BSQAUMQdWVy27UoaUXc6CwMBiuW4EqBAGEKAb7q7k0Hs7w1kxiHq2RE6DztdC3bGX4dPsgPsDId0eSIrLlQ8iSkugIsnG0l+RdNmxLYYxGZWUBCR2e0C4FCF7a7zdOvnn394sUvv/zy/v37i4uLy8tLAPr48WOMUemGMUbnDm7Pz8+fPn369OnTs7MzRQe7rlPqoQatm26vN+746TzlPiQueFT3DxbOZ5Ws/Ph3239mwFR9wVB0Tb1sKncQ08sHBG9H9w0Sfz2JUSLD8J/0PUfmPnKMzJFj5Bg5u3hgFsYoDL7fMiu2l4K8KjcWKFAIgQSJkAlYiIQiRsIQOBAE8niD1k+jAYq+9iUqIiIShS50IQQixICBMq1bl3f9ltZlAcUCJQoDAiFGEUTQuLNNHo+8v7hUdPDbl8/+8P3Lh1anSZMmTZo0abIkf/zhWyJ89frif/73n//x779tPMLTiKMV9sUdEJW21iGi4ZZYHF41c+3B/HENo0+cyb9NyYOfDcFpn3f22XlwG3CqVEu39Jo0rCovp2tXVpeXlIahnp5emPNSy6+Wl/E46Me43dq1xWZnrQ72QDsknqoHjRAGiOo2bYTS4ZDwJ8VlzJyiJZVoxJggOOEuJHH0LzsvLcHI4tqBYT1lrjH/Yc3st0aq1ti78C54PxHOSjeQI9S2JKJNYd0xpMTqy7EEn8YNFV/mf5rIqLacHnH0EKexzyZIp5RI1UrBGQ3L1kzJqY/UIyfGdHaNMPUjMULzmTgF6e2rqMe4AdAlJd16pJv5kwNEYmZPYxpYImJmAhKyiGsDX6CAJXBIiERERm+RRMYiQ4vdh2mheUqTmejziQF0bvP8wOowkjXkly+dnLh7efBDAw+uwEEZaXgbF6NDLLZ+o1cOSN7jLB6cB4lDAeQQgsbpRIQncEb08vzJk2+/++7y8vLi4sO7d+/ev39/fX399u0vl5dXALDdbvf7fdeFr549e/H8+cuXL7/++utnXz09Pz/fbjddF4h8vT3p/ZrZnW+yatU2jpucnkGY7BDrFFjf6MFnfLkL+S1s4GM5lzf/xejHWmDIrVSvougHGzQqoQKBESLLnmMf+z4Ks3AUjhxjv+8lsgVq1flWasTCwCJAihBK9LiuHqqQRfSkeQwREQGYCAOhTlSCQBB0SXY2tqSXKqcpor+FIiCGwJElxIiBKFIISKQRNXUvNm4hCDDHcnDU+ai+VFjc2SaPRj5+vPrfPzV0sEmTJk2aNPmcRLfsV68v/vdP//zPf/9ti0d4ApFka521A+NMfqrigA0Zl+zDC+22dEt/eenOGAn6V7S0dEuvTMsj0OFgGu5e51yn0l9q7Q7SebObx+QcA8AClVPAUFgEOTIjqj1fQ+YIIlI6Hp7qHUNHM9SxQ/lVdHBcoMhXNHNQDBHNOxaI6aU7uRqxCJKXQxg2MQvDFFhF6uNdhB9LaNAx5rMSCFZvjf7yMSkIQwZR+d/Sh3mpT4U5J2DeD8RdT0IFHRSHbyujhLn+rJd73J2CjOnT4C0sFHYvuaO+ef1FNyuiQ3f4Jg4Mx5P8g9cfhELF2Sepk6MLlmsY3btyRRoX9JsN7h3DdYApfGrTCAUQEM0wrdCels2YDQIgMDMKEpGGLkUUQEIURCIKiEIkIYAIdMIIEN2ZqDq10zWLNF4WICIGMmpLQncFgUGouAniMwARiDT4qEAGKMVmItYHqezrGvygitcevw5MwZhbryRTnHzVVek97cRL2YwcjRst5Ny4qkPFiyVr5kZnuMYBQiLqOmAWgQgAFGC32242m/MnT/rY7/f7q6v9hw8fP378cHV19e7dxfXVFYiEruPI3aZ7cn7+5Pz82bNnT56cn52fnZ+f73a7EIIurWmJmGpyA5lSYFPfb1bbchMLMtjKdRk6qUzcqK4cNH2HkfylyB4UTA67RWC4oJQ6mE9RzrAb2DYt4FEJI3OMEqNwFGaJLDFK33OMsfcc5nQIrkDwRESithv1YhH1QxqTXwZgFnX0KYjQIxL2hARACESIgFQ6f04e3sWOVhAg6mkQAWDpe0SMSIQhEAVA37UoHcURf1FwGnpkUS+jiZd4gxva5C5kv+//9OefmeWbF08bOtikSZMmTZp8RvKH718yy5u3H/7055//z3/+brPpHlqjz1ww2VrB3+0n9lWEOZstgHEWZObag/m53apNGB/C1j3f35Zu6VumO7BTtkZVaOmWXpeGVeVloQysaKsoIwd1g0mdMNRzWWc4Li3jOkGDw1TaHV6L83YYLwSogJ+AmZEybiR6Pl3IPGYJiAhpJEIMlSonRI1EUygchI5LTrUqK/TLU860Rda4PkrdSK0IIosggjkjNBDAmzFm88y7wXLstwX9TyRHYIQjDKxg1B26XqrJBU1GcemcwlqfZP4eM+nIEB0sbskIr4EChcWyY7mUICAKMI4uK3pVciUnKkJh452XEUiQFDgEJ6+VUoMCHVwI51lVrNAQ3enutDiCkvUG9ngrikOoMYVZM54fgC4viTOZFZP8vDMzITGCQoOI5thOPSWCeQZlBESIbO5uCdBoMogUiIgCAIQQQgiZQagYKjpdhRJ2CEUawd5jTfuSBFllHK3BXRYYqDeCahbW5S9V6hD+EdcvPqVzd+HmsKKh3v6g+O0v53lUz4/MPkNAkQ+L+hYCAG0BBCRGjjE+f/7s+nq/3+8vL6/ivk+6daHbbrehC9utBR3cbnfb7SaEkNi6rtRSZ4+Su6aqH6z/njlkRwxasaWOPC5My0pRRorMFFlVBFiYGZiFk+NO8fgiKZil4/Tqz93XLSIEIl0YmQj9PY319Y4QmRjU14PBhxbXBJEoHRZKTpxBfXsqotiDKLRHmdvtTp6zX++gCz6JABG6X4kIKEgYAhIl7BRRUN+tEJCIiAYOCXTrkEYffGTy5x9fXe/jV1+dtbiDTZo0adKkyWcnf/zh2z7G9+8v//zjq//8j989tDqfuSSXSsl+i2NbLs7bhGFk+51cCyCC83ZmLNp9LHb4lm7pO0y3GITt82afci81HNUKHMpZrk0cOcc7jkGIAANKxAByEAGBIuyX4ZBEpNCi2vqFE60w850WLL1Vf24ZtzvgYlSm5as5IwAyw5Cema5iZiBAINBQToCIqI4Q19sNRwEIU+bDm7qmZKTjy6fBHGWO+KBz9ND67LIpNmEQ4vjCMejrAE+qsw7MlBdMHMwe61B0QXCmy5K7cMBwv0aTVOYGeh+8YgFotHdbTAgEFuXzMA/R3MLnp5qH2UhU5meYpUTUEDGEMDwfwKlaUXwfkR2GIcUFzcRcMAhTnWT/iMgoh5QhwqywYTYCY2jw6CEdVFsrfA8nBjRxTwtOMasfRBYWmfUyPY8y5wl5emF9hysuZJbEIBQR5hjjXndPIkRFdVjBQuq60Pe43W6ePXva9z0zgAhH7vteC+hz5L2WENQJpN0FjeLGwhWVFp/ucaeKaZw2zeWrPiO5/YJv+9GqmV+evrK3LGFQ5C+d3GIB9tNVrLigE+i8RfAlTX0vB2VrE2HXEWDXsUSWPkofe51szCyRI7KQnuBiRmEWAabiMBaLY9wIAKxve8yswTJZWJg56vuiLqEkSEDlUgOAGrEQjMlq58YkctROUNBjG6xHMjTCIQAQQdd1wfyNQo7cKQhwwFdwk/uUv/z0+uLD1dlu868/fPfQujRp0qRJkyZNbiL/+sN3//Xff7/4cPWXn143ZwC3Ekcr7EuLQdhiELbPu/xMMQjbZ/s86hNWlVyaXWtqmOH81T9rDMJBK7Co1YQpmPJlQZ+CQZhLQq0tZz0QmmWHZYqHqdUGAIRZEgY2AVfUEKpWK/fhKQ7sZPticu9ZQnfD3XYM3Y18dSpaoOfsFfWBXLmZxgB4CtGldhX5AyIULBkgoEfpc+ggmWJII8Rx8qowgDariNpyzhr0qIKtHrbgCkhy5QWiJAQAdbgIiMJsRAfMV0CB8SINbk1y7noQ0M0aOhNrCCWi2rzjtFNYfJXsTCGbW4vRKAJbgl5NQ3d7iAnFG6M4mkjG9yJcISbj7NxQaze0RzwAPh33GgIGc1jmMiaBBZqfcW5X8ViT96jjyVg8nq5Fd4xhyVJ2WaG+gtaot4Dt/nqkUOWypPKgXj6ZiUIAFICgt7QHEVEGoQ+euhMQBRQBRfwWIBEQARGRUgkJDQhEAVGSizICzScppiMOGbNEEABOTnDTVE/AJ7rn0mpkuzJ/YVlYWAfW36mVcnwTc+UHUFmhz4ggJVDTcKrFwfWtWnh6SQquNlqWb4Zgja5K5PJy2o+KjfAzDVkpTrnC4sJylUuuHO2vJ4xscIlx20HA/O56ZLeOSGPGwQYBto412uMgwgkvFLFhkfQHI5R3doD2HRyTKsZ8+6Euq5pQlsfL48KvIDLJqD9uR6l0VHnfyeo1SPH0+Pd8rkIdm6ccWyUBiYgFwGnutnYxMwOb39FoJD8iEgxIAAGQJaZKGIARKGIvzIIElCMNRlZOHigAmLRSPBIQLeofM0sUjCJBgoAIs8Q+soi9G9k6T76bgxEA0WrzRyHauSsRAe6ZAaIAg1Imox/qYOlj7LoQ/ABHBx0hAQAZh7yOdje5T3n95uLV6wsA+OGHb0NowG2TJk2aNGnyWUoI9MMP3/7f//rbq9cX5+fbl988e2iNPltJDMJ5OzBCzSZ86Kr8iUtW61U1tM/2+aV8dn7qVo2iLd3SK9Ny63rkRGVSGib5cIzOcmR6WqfMtDu8FsEdOiVjeaaFJUAIRCAZGRkY2E3qiAGBRZgl++90E5RYuK+Sxpf21mq6vgtDgWSkHzAbQqWAoESGoE5RySABUARIzDCJstOmTMQHl3k7O87b+vVKKzW9rASxELIjzoOSxrkyRFMC4gRKGCC+hcuzgWZeMvm3nOowSRd27XFfZaxVvYYjBA/WUMMCj21lzli/SsMhyFHCG1We69ReP7opWOS7ozlz8apIq5UlJElnBZSm58cL1BgsTEAkosVCCEgYY1T8Pkat2B9OMsKLojiJUJUAPCIKykUhCiHopyaIiAKOWIbDCVPig3lIpkDUdFRPSEL9YuSwP95TyC2RqrlTGuvAMCw2nHxWAnAwYYw0yEojlIJOrA9SZuIONjgAAAxogXDdc6MB7YW3UlBGLFGavQKQnuKa0o9gohbHDyo7/uF7ej9z6xaip3CktiX7mSw0RNh8wPtLlIHH4HxB/arUbQE0Z9lEIEKd2OkrFovaB7oCi6DZFHQwxTis4ti6H35QTaIFjQZGLRcjIxuaKCJCJAjI9jZH/vpowRdttvv5CgU/mWM63cbCAlGjJYpEZUeihECKCSIRAwiEQEQIxMh6FImBm5fRxyBXV/u//PQaAH74/uWT8+1Dq9OkSZMmTZo0ubk8Od/+8P3LH396/ZefXj99stvtNg+t0WcqE/vtFL8YlBnYhMvP+rVi3Km6nflxYiXTMWnplj5RuoPkz1e99LZ0S69Kw63rgROVSWmYlIehnss6w5HpaZ0w0+7oWmP7JHPdmKSVt8KCXsDMhCgozKJuA6UiCv9ogkUoc1DEuBeQASXxf9q6OM40Ajn8d5x384Wlda6EBs294SjkoRGTwAFITOF9qqjJg1ha54gsa2S+cAEdl7jeGN7LfJRyzNVaW7k7qG9ChTHXiXlpYAcYYQWYGlGVKj5P07WO+cxMhjyzwJ+KE97AW+GLyxdO5t5gVk8VmOaXXMER+Un/M/IHW9Ukg/2KnZvfYr31pDGjyloLqm6G39J3ciohEQkwCZIEYYEAKOSM3l5EQUNnkIg9vKI0r8zs9NhYCRoMYQANkgbMSlDiACVEBDDiYx7HBczvMUAsv2Y5lbvLU1XCkinN4EA1+QkbhwdZnesaMoNAdrTCIuOaa0fRoHH+YKLGhhNh3a4NHYwxuodSKgDCiv/kxy/H7mKr5N4GQVJbtZMrvqcm7Dj901NYDi0X71yIgAQoiEIJdMOEDuqPQExCiv8BkQTDGlkEBRGJEYNYkOj0RpOwNovLar8ZCgciwDq/uI+RdJq5Y1zGgAIoQIgkrPBm6oEh2P5Kl6axZAahYpQS1e8DiATbPpTwjcTIaC8LIshsNTaA8DHIT399IwLfvHj68mXjGTRp0qRJkyafvbx8+ezDx6s3bz/89Nc3//Hvv31odT5TmdhvcWLLxVmbMBy81rlTdTtztfyDp/ER6NDSX2i6A3cphwBFDLaWbunltNy6HjlRmZSGST4co7McmR7XCW7Ln7Q7uBbIsDiFymwfGzNqMkWosInaL24MlRFGCGqf8pMuZvsESY481cKvyBF6zcngCgTCKITAkhymaoUlKFVzMjYATvwsvMMSbrpVzNLPJ6B4nYLgR+wfi9W1yndZGStrKlhwCo0eIJR/KmFaF8oQYW50qsMELCw8yiW8eYJFlYBM4eJycJUXzXZJcxmpk6swtZaa+F0t+mM5RmhbP2hTcZ+VOFIzIWPT8rVK6pWXqDbawzf2zuetYDEww4ZyHxGQy9tUIq4V7HCYL8aOSjCrlQUQAgHH7IjQvB2KYG5EiFDAXA4jEaorUWRBFIEgKATAbPijiAhpHSEEEIAAyb2k+GqTh8+5VOp0FCfi44TJi2y2aydfpIkHMyRZHrx95a93Yc6+DXn0oeRm/j7naxvtNmsYfjeU6QhPWx8FWzUpGash2Mpk7kDzkiUASJLcUCbqYN55MmsQNL4v+G4VI8fIfRSN1pk4siGQetpOhEZt7bQjc7ysUuAG+9fIx2iVV76k1snmjL8G4WKFdnDFb7DxSHHgeN3eZ0g3XkSNgOw7GhanYMCPObBSDFm/EJIgC5H4Tq1u4/M7kr1hKciYX9hsZQdk46f2MfYx9vu+j+YYlxX2AyQAYuTMw8fyNcH4imgvlva6ZqCfCBjinc/zpJVZFUFmgAAgQgp1ooa1PtHNanITefX6/fuLy00Xvv/9Nw+tS5MmTZo0adLkNPL977+5uLh8f3H56vX7b19+9dDqfIaCydZqf3jIBL9IZaY2YfB3f5m59mB+brdqQ8aHsMnjPbbV0r+ydJcML37GtqVbek1aVpWXhTKyoq2ijIzKVOfttE6Z11nmrz2YlkKfjC0U/ZWJnlaUkIBAmKVG10veQpP1PB2dTzb10tcaM+speOPm4cCQuhwxaGD6r0nSRTFCFEw0yVLZanMlcsnMIYRk5x24HURMPPmhJaui8MnlJgbTQ2byErrIpL0ZEGuNeCClgZfREeCXtBuwToeza3pJWc9Ct2baqnxd05ejyhfwUf6PI4UHLpypqQ5HLTS+ABotfK3iXqPRHiFkVdFnJvW4ABqHDoRxOCXSs+UgPSIhMgUSwRAAACJHbV0LGJYfBo8wF1GpnBQYUjy2aQcdwx6YmjO6bCZ3SLdhsAzA6JLDGGF9xG56zuCxEWiK/QoAPPzBsIj/MJBTrZmjpewk9ZSZ5ddq/YUDTySidD6gBAgdRJxWnhx1owgqesgiKX4qQPbQ6wE+OfaRXWJkASTaOHeQ0nUFDAnVBfZRyWOb2Hch9gd8sfGWJ3OK4MdinkFRABlAPO4gJL/vIHpySgnWJILCoD47gTX4oKAAAQISEhICEeZ23PEpAIAgMzODsAiJgEVaFVtdu8hRmK/7fTTCaux7pRKiMDCmoLMCA4xQhEFEUIQwCKvLedZozwwSENEQUCQM6IfFMEUwLLciBS4bg/BBpY/8t7//AgC//5cXLfRgkyZNmjRp8sVICPT7f3nxpx9f/e3vv3z99dOu7fLHigxeh9U66fZVs4ziwMaLpf0Wcv7o2iIfh2WG5aGSny2ynp//UH8ctvqWbukbprvC3ujWx1FAj5bf8j+PfPHz4ynfc+6wXQH3dr22XUIQBLUopV8tKX4QHUSEaGASdhqeG9PdoRWobykEj7ZjtSYkaYoDLfBvjAhWaqbxbiq4oxQG3Lpkx6cFrJrcoYK7fsNs1tcC92dsPaFtt4oJDQqkO57MlW5QnKqVsgWg8MJaKZ2dUhYTzsZcAKDiHhaHt82d06byRRcws1vTlB34OSt+g4LgcQMocblIySA8XNWaQuuk3hHMd26mrcF1g5VgBrU9pAYUBGVMpwGKkwQDpql5mSVCEUQkAoEAgBI4eeCzjmQXoIiAjJxqUF6LMxSRiEIg9StKiOq/1D0vqmtR+3QsZQyOYuoGGJ3Z3ZGOyC6HIeDq3blreUgbulSCeuoPq+f7DZUfwYTHTNrxQYTqr2vqTz4gM/ij+bXtzPj0kGegCAmwItxpDxVJWxK4c0Yuj7YIgEanUwRIfNfVKgFOu9JUJEVSvJ95N/disJB/1yoZAz21PuGug29IaetLl0JhBdCMIQsPRCCaJ85UszpdEI9IiO5vVjFjYY30pwAhISEEX/6UXA/gb3d6tEOEGTgKCwM4no0630hPZGzjRsNdxj5e7/s+cmQRlhiFI7Ow7zSS4y2S+TIFUYBTOGIPAKy0Rj+dh6qNUdIJQdftgLZqQ34hawzCh5R//OOXGPn5V+cvXjx9aF2aNGnSpEmTJqeUFy+evv3l47v3n/7xj1+an4DjxW2tyb6aDU/F8fiBHThZYpOddnBCubDTlvaakf021Vy0Pmp3Wn5gN17AWXAmf9Ji1Z48ti7N1YOL9bf8ll/J7/Iv5nu0SLf8lj+bL7euB1aUhyPrH5WHoZ4yLC/z+sChfHoTP+wAACAASURBVKnVIzPtDuvB5CXRwLzsNEuNRykQWLINamUe3ia4BnofLDQTA7uDR4UKSsbeyPC6RLLBrHM24Ob1o3Q0KknPxFwcEddGHJTSiWICN1N7yVB8Y2eeN5Y1zS2XOUpbRIERglJeXdjpbHAQUHSaIEzMtaiuDcSrLo9RJTPpyMKLg3pswAvUi3L7KZUnOQ6wPCleoG4yGlnLsrnjfUh64MX6T0tXrW5oigHPNTlAB2/hDxPtnlqbmCmkA5ezyRljShORxlgzaiCLxWMrji1qSSYSITUcI2CKuzaiJBJSDjSIqETCHHuQMjQ4IFvlGZ5gQE9KJhUOccEBoXCBZ/loOVtfpJwcHF1ZYdoU0NEeKbeMYjtxwE8AgDMjyjxuI6jPW0phcW1XLjDCEq1ETE2XWCYUCHeWu5mKg0X+rsFpxMrmcjD/3qW2DgCk9xHzYp7cpZjbg+I9S6MAiggDM+gns/nm9BVXTwLrIuUvXhYlEHw1RiIMRIEwBLTYlDoxyDRRYE4YIrEwAVJCEUU0dqEgAkun+HQfY3e9v97bwYwYpe9j7KPtyyjuCpX15c/OejAwSlQIMAILGsqNAKBMR5vDQT1Dq+bB0UEAD194j7exSSGXl/ufX70HgN/97uuH1qVJkyZNmjRpcnr53e++fvf+08+v3r/85tnZ2eah1fm8RMZ24GR/SflY2l1xyc6MtXyYtzNXy1fs0ljR8+7s83jH9bf8X3F+N8S6W7ql7y0tJyqT0jLJr50fWdXWmnTaM3Bdu1bSiFeGujlMVLjaI0LIzkoxAx9SWL/0ahGjDXr55Np0yhRcY+DTMjL8CgOFPV0AhDiEMEuCVMIwRh5HiUiYBZFZIwApjKEUSVIXiI8QI5yTlf4qBw4SRGBi705CA4Aku9oraeCD8gVHEPPpqrp7zClmPPZZOgH8xnVk0KdusZ02WkXXDpcfTlkdt8rlOIWUitFYbKXMWYkBly4xcQXOUfXdtnaymWN7SD5F0wIy6vKAPkiIDGQBqsTZVwIII++g5jpYCp4oorEGywkDzhdMWCBR6eMREzHF2YSSkBkfqJKqmHWujepolOY8kZ5WDmIwvzYXfA9CGquuGGOtPAZvOjbDbEHe0vZnjhrRAEKb6Igad9CDCOYZPnW4nfiFxcSTNIuLffCeoLIbY4RrLhwNe/naMCrz4P5Uy6YzQKyh/sDcyY56m9FfBgEUAY4QI7MSpNkO2CASSIr+yv4yF/19R3dW0vexQBgCBaQQKAQMVAwUoYZx1ZWTQRAIUATs1AXb+5o5dBZzfCqBIwIR9bGPMQoH6Sn0QW8GCzACIzCAL9E2BZEQCSGEwNyxPQ2c3tMUhrTQscXpHn+nQ3texsPW5J7knz+/A4BvXz47P9s+tC5NmjRp0qRJk9PL+dn225fPXr2++OfP7/74w7cPrc7nJcnWWjAIR7ZcmLPxVq8t7bSFD5Kx/Rbrbc2mpzbhhfQaG/V8mdn+tnRL3zbdwYAd1T7b58pPuZcaFspU5+20vMz/KutKVtNSq2e5pOcg5n8qSv0R+2b2J0EBzmiN2eFJDU+EyMyIgsiCJAX9YcreK+16I6AolYSJZNN8MsFCrmF6bVGJGaRA3WAVxlcGEeGApMfbzVmioyz36Vn0BnKEYz1Qr54wAO1KRmZ2mOaX6Oyw14AMhFi2hyGU3EYBzSU6Yq61LIjJZJnngxjZQbAyAQqAsICBB4Ng5tKylTXG6zvigdl2NgMvDXMqiOboSakyEUfo4OEggqMqhkXqagwOIHhQ7fxQoK0froYGCEzuRhX/EBEWRkYiYAAUICFmRgICZGZSgCS/WgKwcAZR1I5MzAIAIQRwZ43a8eAIISFpTCsCDEV8qwwYIgKBEQsLbLAcjoQXHsvNna48J0Hv7mz9WambFHf4PtstLpDyuMJwWTh+cGqOqZdkpomEw0H50DlV1fw1i62EaGtvwWj3AwRpomkN5Ec0FDVCx7MRhJmBWXBIkF1xa+pDd2tJN+VW1d5mek/9EDwKQVsVFdySAhizOSC6OIACgSygQBizcBQl6jHrCxQKIACBQoxM5nSTBxApEQJrOQpIgSgQdYFCikOIAoTCgoDMEUQCgpC/3uiLEWCKyWoeS3WpZ0JBIuqJJXIfJQTYsP4cBSJIFDCNWRgkKQ/5zJgxCzVfI29GMHQcEPS9MZVAFDA4/QQraJOj5fJy/+btBwD4zXfPH1qXJk2aNGnSpMldyW++e/7q9cWbtx9+893zRiI8RiZWX0xphMyoS2VwyYaMtXyolVwoP/ZgV825y8+6Vu2zfZ7gszu1IaNJk4eSqWn1tMbWlY0eaLe0lQ8i82VYR0BAWBhY6T4jk5wY1Y7MMdQAg8utj8h81eP/CzahCuSTVFRgrzhvnq3+5g4xK5MUExEUD3RXACQlzPQ5Lkc1gylCsXEvAVcGt6nlW6B0PlrUJZM0DmrTzFzQYkaiuzzAoqSkqpLtfBp7aIpdjTsyQgcPY4Q46gQ64LVKLDKng2aCWNVqcEk9f9UEwxnXoWMoy1hIaydtyc6d9B0zJTlThtMtc1AERLKXUSxdIBakRksTAjCIO/T00JJIxAVJVQQEmQmJPUIbADiBRpkv4q2DexYNAEDuZRQ9HmHGBsnPNECBu3hPZTDJcaD8DFg4zX9cQMWSrJ3kRfmVXcN72eNuLlWA8NgbZ56obeqiiABRcAFAjcCrRxbUhy3kUzIgIj6X07MCiIQIFsMtn6fQIzgOLokEb4hC6XP39M5WZ/LLcx8PBg2Ojkcc0/mTDVNe7CaagZ9gUPBPMjbmLyuCor/qXBCMLBw5MkeWyIoXogCyERBBGB14M4ekvgojIWmMPz/boAcqQjAKoSiOzKhEQbEJpUc+iPzkENiCSSgi0V7kIAgQIFHoAnPk0HOMEs1nBIoQQBBhfQfUSj1KrIOg6ntU7DYphMgSBUS5gyIRgO1oUGSf6epqtfkYfQB59fq90ge32+6hdWnSpEmTJk2a3JVst52SCF+9fv+H718+tDqfkeB8Yn1m9deF9LFfV+as+emoMnddQ5NfnXQn/Bu+ya9Jbj9t1tSwUKb60zRT5n9d+HowfYNMN48SktAIzXNblogIJY9YoGFhkAXIjf6KtxEii6D/k2zSdA7SdCBGx/8dU0pKjKg9A2KZ+TXVAilpkCFlSpTBHh4EaODDjVRbL5N4/g4XYln4sVn/pxy7JbMuOkRnIgUOJ8O9Ot0Gp3aPf3Mnk4YfTuAor9QadfwVLYkIXBIMUY2NA4AqjbbeCidl1LpfetY8OEqqqZlNB7MNhmhwgSLM145Orhzle8nkMrCYRa7BcFAH2FS9C1hyKMveQMbranUm4FJypmQkp4TF0m+SpkGC/TyIlroFRZHi6fPbg+l2/P/svfmzLcdxHpiZfc69b8fDA7EQILGSBAGCAAkuMhePxU0btXHsscay5BlNWJLtcCgmJhzzV0w4ZsIzjpmRbMkOhyVRkhWWSFPycBdBigRAECREAgRJgATwsBDA29+7y+nM+SGz1q7u0+fec5dHVMaLfnWrq6uyq6ur6+RXX6ZzK0reiq04h0EmiEQk0upzEBEGJBJmhVv0pSQgaJoGEITRvcJaGbumAQGIkJAa3bigzCqjVzlwxoIZkqMkKpMw5Q+6mFjFtbbn1sTAdvfZQdrDl5V0seFiur/UmPKQIYgje2lpE+9SYDTn29F/IpAIqZlMp9NmMmmaCQvArGUUsOhwggrjELFRwBzMo7OyxWQTG9lizLKwo4WVdCVENGloMplMJhN9NfwI9ozGvs0JYNzfUbc4eLb7s3a7vZqFnh1zSeaqetHLtyziP1Z+1wZiMgsYbQ4dLogeHWSxz47x6sAylRtquKAAC7KS+AQZkEXYxhGoo06DzdCY98bGRyAk86fcEDXUEOljD7oRoLDNYjbBE4Q5TedOFNGCrOClbsKYNdzOGLGlRoj1EaBCg+6fwp0ym7XcKlcQ2rBhzHqMAYSFhdy3AISJhcHwRW5bZr8I3WeLrleCzFp+6eXzAHDViaN7rUuVKlWqVKlSZWflqhNHX3r5/Esvn7/22uOThkZcUWX4t0/ZaLTzxoHyVu8dbrRKld2QiEFYJKrUdE1fNmmJvEiDg7Fwe3XOTTtsbXS73vLNPjwYWUgkERZWWAORcEKNesMSQQICtV6apyrbIs8gCEAILAIawS/qhHIQKelaNgVBUQggQM48YYqQc4GpO8wJSe1ZtjWenNNC554OA8AgMXvInMIBICi+SRqPkAFJLDAPKsOoq3ZEIdqmXXIh9LGAIQHoxn9nnRRfzMFL6OJCSgzhuQpiD6Aux8YHu7owcmwWoBSDYYJD2YAhgvMXKiDOVCka/si153g0kV03Mnd7YgOkRE4MDUA3WmJfRwUUMCQixBQxhGzqPszYkWaowXkJ9PXHkJsBCYAKJ6CD2BGRkMJ41mB6HUpufi8ARInKIcymV6Zzv0E3C2RVAJXBYcUej9A8cTV4aqDH0jTNao5HiOc4ImA3ZIjM1TAyEBnMgQKNslxEWnVbzAIgrQgAq8WZCBEbG1otMjIACLQigMgKyaCqKG40sRARARISNure1O5D5yN7QQAIgRDUeK6ua4kSL5HoLtK0JyGKG3fxE44gw2gYpE8PMULFDGnNB9gcCYzebs3FyafvpQhDyGnlUY8Qvs58XUIYGu7qEbOczLs39LczSuGITzy/9axDhqflvlm3j9SOiMytJpqmca8GNJPJ6upq00wmk8lkOp3N2g3mVgS45XbmhzRMCBmCf2wNQIcsQEICjOyhQAWBlIHVtpsbG8yMhNPpdGVleuDAyuqBlaYh5sBDFNG3JuMER70sES6U3u7cXu32XHRcAmE0Q/vGF84/c67I3AYRRKBsBMmUifckOd5d8tqHwgDqDtS9TCgCrNEE3e6qVgTNz7lhx+4hSyvS6oAAYIDW0LVWAFl0f4N6muW2bQWBqFGdWgaNsUpEjYtASETgfIzq6sW2XeDEf3cAgAjDrgnnCtcIr02jShLCDFuYARDgtCEWMlcNRkV0Hw8d14yA0giAAp9sQ92/m6C8wCbqb9bQiy23zg96ywQISNXH6K7LqVPnAeDY0YPV1ViVKlWqVKnyIy8HDkyPHT149tylU6fOV9fioyXiF9ghxi+inwnhZ1kcWTC7NkpL9gs5s9+m2/JzO3MXQ+nahAdwljE26u3bsXEb19b0KzQ9EXBu6CL/vTVd0/PSsuVrzcrlCD+D5QfK2LiFOeUlS0flpa8tSOrJ05Bf69MCoX7p6Gn1IJnxO3XYiIBiLtLAvKIJtD50ITM7ZlfwQCgiIi3AJA0cFaTPFNh1OjogMVEAvcM3EALgyPGXJWTIdaQ4TLR4dLwlyUzG3XvZTSnSGV1oK7vRToEytDDcjjvOK+nhg5JWzixo2KSCPc6yGsMVMYUVXNA9vR8bp91WvPl2/LPIgmJGPSPFkJOd8q7pToFMYid4cSL7UwavzTQZKDPkNhYc27FHBgz08btQrt+hZB51JkI1Crt+AwQCEKKA8Tuvn7YFQBgIQRDVg7FSZIhIAm4JIiKkY8WhnQLKbzaWoAVmM/WUT2PbHRAApIkt4TEiaMhfEpewhP3nXNmRuH400rYLpeyoLIEkPRcdjMtIn9/cPsG+aTzUPfiObH/GnkwmOjjNi6IDwieTyXS6goizzc22bZlnzG3LraKD5l+XyG/BISLvPlFE2rY1UInDh5Sd6CVNM5lOpysrK5PpVF+TFAplkaU4xM7n247s6zE8X1AKG0Di8z0Ys98eAY51p9OBWyGB/3zpViS2h4nqUFZEWNCtRkhEmGXGMmtl1srmrNV0y9K2RitsW93/RCLA0pp/Uf/ZQ1C+NYIjqJLnRLM+Rom2sOjUFgIiFj5bYrdD0ri/W7CwrkrMtgURuoWueOcE+jpg0zSEBKDvCLQ8YwZ9Y8BF4mzIO660tRszMjNx04jMqBUBEt2zVQHC3ZbTpy8AwIkrD++1IlWqVKlSpUqV3ZATVx4+e+7S6dMXKkA4Ujo2W/AeyTR6UcdWjEM2ZCzlAyxWvtAuWlQD03nPbfU1XdNbTE/cNn0A+x1a0zW9s2lZap0S0vFxTPktlkn193Yrfa1G1ImEJGrXh0TQjJviiGJWP3hTWFxaIhqZI6T0wnIxDiepVW6MP88AWiiZyTVlgJKIV7JrV86V9JSpqHVvmWJmQmQUcu1mN7Icw/rSJNcl+PZyp91wMWQtPjun6pJ5vmuR7zp/s0w3kHKkLYo9OAYbTtPjDYjdwnHkOY8GjfVqJjpiAvJTRoACzmTLQ4wRwf1s/kQ3g7i7ilB5j99Gr21MoYshVTVOi7BSVZRWyMzoqGqOJWqRtAABHJQoRuE1Ezw04OnIEUAohgOagdwUQzKal38ELiJhgtR20EEs+mlMo0xCaSgWJq7C/FCGxPKRmVbiCuySy71ttIHFKX+/TI9LcUFp3yz34TACVMuIMwCYzWbMPDM3ixwj3Db4XT36IsTCzMKss0QG5DRNo+jgdDqdNI36geyMxiSsZkfxhabKy0a25P17Pi5ddhztZgw34ZsGdnBkZg3H17L4IHzsVkdsrEERUY4gtCwtc8vcttK2MmNpW3R+R4FtEhEWFAdJk06/hCIggBJIgEQEpG5DnRtTNwODnzbDJJJ8/G2GiW5Ml34iGs/VWN9MqE2r73irgG2JiIQAjX7phRnaFlpmZv1aeqUoxI4GFkEmYm5b4yYqARHFuZKusmty8eL6pbXN6aQ5duzQXutSpUqVKlWqVNkNOXbs0HTSXFrbvHhx/dCh1b1W5zKQ2NbqF8OldGwH9unutePT2bXYr0OwCcNQmd1Pz7eN13RNZ+mJwy3ccK7pmt7htAe8RpQfU2bL5aX/2qE0JNdCp545uiERCKsRCCy6TTBtCwghWdWudpvgAZTOE1QwkNAZN50p1dDFGGCI0bhoZ7zPh47EJvzY8u6pGBB7o3N2Q89uzGrLjLyxYlnrGnRRqABuZW3tmmy1xQQR8SHyishWuMaXL4WS7Lrj6+kfilFhV3OAVeYGkZpLmBtxqmg9TzJ7rvW9lN6XQxQxKVaowXitGHozqacHZu5CUMUeXmQkDBlcc3DLb0OLMMKgra9LIdIIPxMBJRHGDxcRvbHaoyMegAcAAAZGc/snEEhazhGgvapEYCwr83CHIITg2IIIAIJAkQSo0lEDEzDQ3UrqZ29OxxYfzU5I9jp0Sa5LJNlENW/jjgqXyihm4eUgnO+hAUUHNzY2Njc3fQHPL/RzWqCparBMN9FpSf+yONQ7fJsU9p5MJlNFBycTMgfa4qrXvqU543DsE7j8ntRiX8N5Q3EYRbYlBoKtavwCQmzq09UPizCL+VQW4ICNaaw9gwBbdjEIRVqWWcttKy2TC0YYuScFH2oWzW07oIh3CQoAiOTCrSIQAtquYQEkFwyYwfoK48WPI6Si3xTiv1nOH4P5oUexPRgirP7ddb4k+3gikYtKiyICRNAYQNiK7wpBdr1miw9hRHHRZhGmQNQyVQLhbsvZs5cA4IorKjpYpUqVKlWqvILkiisOvfjSubNnL1WAcJx0ba3edSaW7K64uA150XS33djy09Vzv9jha7qm56YnsRW6aMet6ZpebloWLD86LRkUEJlfdk5/a2J8u0TEjEQkSOYBMgvDE/aUQ3JWABz056BBxQdZkIUIXB70wD+eBRjcznUAp0I8thQmLJnRM8sXZGeDWc8jmBABlgXAxm4t8xK5hxasrWGEGbAxlwFp8OoIpKTIHfQFuuhgbjofVnsOtlW4u4FTfcXihxvb972rzDGadxDQpE9G4kkD2i56eaTw3OvKVWWc2nB3SqF0wyPuj6RzjJCXjzTPeXHoHakPUiJCZ7/Ws/7oqKj2xiqQp/6RCTD4XSSjRSchxDrQYPyY+tDZ9FFu5XXbzhRRvDbu212Yf+I5dj9RpfdGPPM13svStjP1EQqGAJL3KaquRMNnxoZ6jpSrK1FEFLQgc3FVyiCcTCce8PbiYcfuxLU7sieNdiVSYGmaxN+v8MaBrR7Uk4/bBOVi7SKqU9jWAEJzNMoB/UWjiRpGKC1LC8KCLXPL0rIwS2uXoFtYAbMS+TTIKxORfx1Zwwsq0xpF/S37Kdf5QPKrHVafpTE/VccekX2tmGMX62IxBMWtZo0j2XrnBC7OLhCB+XhGQERhwIaYUONUg/O82s6Awc3jTgfCpgUhESJqqJmpg94KEO6unD13CQCOHTu414pUqVKlSpUqVXZPjh07+OJL586eu3Tddcf3WpfLQrytNVhFonM+Hf9yTjaUp9eOTEPHxpvZmWMd0v+HyvS1teUyw2ncxrU1/QpNT5SL4KH2mq7pcWnZ8rUOQJMR5QfKiN+SkZeHPj0lLS+FtpyZJ8kHX6c4/eNrfdrbdqN2fQxCV2eg0hASUJck4XyFinqSMkCQ2btXRESzm4kwMyELttKiAAqp9QodDJB8lmwPfMeqN0AjiwPq9DHP8kzbSB+E3YZ/NG+H5BkY3i8iuvg61Pm4xvr0nVpIxljCttOW9gIUbsQ8PBfwEfs/XEN9HmO1tFhdOmjdpTqGUbB8bdzwEFrZ6R/PY4PIRF6s1udFC5ISF1IRIIxPGQAF6HZcWdXoOihUONA3EPXJwO1nmT0g3xzEaDlSfCejNhLoN+oFjyVlCjqaMcbAqn+XPYOQWYgA2KJ2eVzQUBkl34CLRCg2puLtC8ZzaZDI8MEwV0Qd6zJ0RpLsvUDzlufeAD/VDPfZcKTGXIYry9COpT7cQisYHbtlkic8r84eVW1ERfXs0D31y1LQhi40W2S9x/tass0o2P0OutCbYpMlAgIxxWebpmmahqhBJBBbN3j40LdZvO9YfZe3WPTHiGte3iuyH3bMLEv6fBgk20SM06eTD/rJSGyGAhEDAlsRzyBkdUTKaJTBllmkZZ61Mmt51krL0AoYuCgoDIDALCwggARMSP65e2VQ3MyowQfR43+AyIhIusoTf2txAtJnais5RwsHBw1CNAMKcKtOIkipij4YIwKRQpXm3bQFHfC2V05BRpxSBLWi31fWtg4NFWhmM2bprkWr7Jysr2+urW9OGjpy+MBe61KlSpUqVapU2T05cvjApKG19c319c3V1eleq7PfpWOzjdNYwjIwtd/uhD28265FJfRUrL221dd0TW8xPTEjnpmtpaZreqfTstQ6pZsvC5bvXJuXgQH9PWIi/jNUvNbXCeqzigiZBVxcQJHYiaDZctyVHp10dkOHKBhd0Paq25EJgKFrWUQECYEMxxDafLEyES216nkHVtAxXHcYhIazuHrcJVLQeq9keziQuSYrZMsYdC0U78n3yw/DXZIGUhvkAI6ScRCj8lgGJwat1VluKN1DF4OEVWZvSFRKkkr6IY6yn9WMZLe7MtduH71O+fvoCwRAKY5BGArZzenU4QFUQe+qNID6MY/KhiYiEYgoRQYIQCDwCwF0/0J4bUEEgV2TqqFxBoGQyGD9qK2gYoQUQjaT5N0S64nh7y09BC+LgiiSPJ/lDCFJBzB2cjJW1jIadb9TLlN0cHAjQkIftO9f5Gi0CCFnICIiCgog6OiNUUbvLxexwInPKulXfyvPcaGu2yZldp9I3z4Mn+5seEFwyFZ8ZBClCQogi2gkQhBsRdqWZ7PWswY1AKGRDo1HyCIoQFoVAAoS+Ai2bunlIDznhxSRgR1gB2DRCAl0PwSEd89Bg37vRDzPSbpa0GvVxSj46JfOYzOQW1ygMlwtjqatqHRRqJNxmKLR9gioC2kBYZGmUTAVhYGI2rZt2woQ7p6cv7AGAEeOVHSwSpUqVapUecXJkSMHTp+5eP7CWgUI50psa3XLZr+EhhKWEeUUrh2fHri2267pCWU994sdvqZrem7aYhDWYz3u2hH2tLYx5YfLpGdj7M5vdx+6CjX8oP2TonksEG70M2MGHwe1+K3lagsyJ1TCyMQkyADGxQNH+DHjFiTu8mIO39BXOcUYMheImcTUlZgyE4ODUQ3z7adjUMwdkp3w8qcW50AYDGmf08eoKFv6Y6eOblUiqAMgvYUwarztEsF7rXQLGAGjIPbd+NDjiP1hpjdWMPWXrP8JxdHflwvpFG4TEgSt9KQkQZv9KFrIR1/POI+wr14pj+3kIomA8ag5azSrXwBcPoQ3t6Bnxi5KeLrKINQHTaSu85RHyAIk5nLUNShgyrDxWsTs0hatTfvTcwcjdTVqF4JEVnBETLiMATvEnOPowJtswGd06HD0+dsES7qTUneILhGPGXZe6vjiVUwS5p94kDsAhPH2k/DN6nlTE+KaDjxh4PDWOIDQzVM2/wb+ouzAdpYtjK7heeiyhg/d/Ii2fHI7pURZfCKi/D8x2l+rLkZZkUKdtlD9hc7adtbOZq3zKcrC6nRU9BJuGRy1jsK6RYTQ4lSCkHouZWZxRF8E0ciAAtSovwjTzTkgLW0WwbDxRbd8UHc+FHTLP0AQpX2L7isjBzESue+obc5gz0P0bZEgklsCuvdBQBhAmC0iI0v0Va2yS3LhwrpyCPZakSpVqlSpUqXKbsuRwwdOn7l44cL6VSeO7rUu+11KllUsWmI7Z7P0oseBa7vtQskavJ3W67Ee9+Y4cRg72L7cmq7pHU7LUuuUkI6PY8pvsUyqP7j94wLByjJYp1rVpUFqMQqTFDAMs0J64w8qfwcdB6dj9XMERGmZERAtQhgDkiC7QDUggYc0QjKuT2y7H7I8iihCyKgPQxCAxCy2rLTBUJrU6ak4j2120lkEx6OYOyR97XoqlfQWQ8Vieq/tpD0qoEZHQO4US8G59BGgdbcNFvOFFtNlXHnvBkFtiQHeUeaEs30W+wP74ZPujUIK8AyejfPFuaN0eB5ArJIY7y6nwBZQljQ/RrgHNQcA5ZEkasdQ62JOAwsPXaLREfSPHq5NIQ7DGKrZO6nLKswaVYKgBNqg+hQFkju8jAAAIABJREFUEY3WhUgAAkQIAAxsEIt4V34BCVSvGhiJNhvnkF4M4rgv6B+Bm8oEovzunbkjFl+ZDl7YraT4iKSTjz01lF/8RUAX6VcDBvGbUbsiOpd3yvcO0jCfdNsdCUzG8/P4z8pCEtfvPT1q2Dn9U4d0TE+PlfEAYaZqrL8KEflh4diDjf7nYSo/3/uv84DiANIz//f1/I+meDe3Y6bLuE9ZLOQqIgqDc9SJgpbmEEQQFAXkVloBFlAUUOMRCnLL0ppPUfYOSCV670WAhVvW7TtGQCRHx3NbsVgEhKVlsRiEiEhiaxwBDeaqix0Jm0j6nWFn3dS/IQBB13S28cI83QK4IIZ+2Yl2Y2F7CfoPqs3B5PBCAEZkgJZh1krT6f8qOy0XL64DwKFDqzvd0Munznz3u9/PPhZN05w4cfyaq08cPnxopxW43OVzn//y6urK3/qxt+61IlWqVKlS5UdHdAGgi4EqwxLbWsMCt5BOWYOW7l47Pp1di/06BJswDJXZ/fR823hN13SWnuiPbkM3XNqB3TW/5i8/XyxfRpSXkA+99UtWHob0kZAvaT0u8p846MHng+Vr/YrBOH0gqcf4X1G77lp/12a7BLXWsNptYptm5DUUVJxHK+Ozo9rPKEKBgrmTQRiAivZQn96mJcgBLUm1GZI30HqcqQAEQEJM9FhQlxGyHbV3SILL1HDjGX8uYbClWF35phSA6coAuAjWcfFCJSmWO7HsXF4komW3MNR6pkqvB8V8qGTFzBOvhAoWZW5tk3XqX/4eXCpJDAzsgWtjyXrDvRTeWawZysUmB+luEYjfDvFXpvVnbxA6JmJEmVLAPgnnptOUCFhgQr1cAMBwxB50MHGdmvII4zK4/Tc6vrttVrVXssSZeZel70Vb1uMoMjh1g81kMmmaJlYjeyW7GyPiUx4y1ETbtjpnRQEICcMkWnij3WaOy3XUbV/6PlKLSvEr4FYXAQ4Ut7hiixrIyn7T0INtC62AeRBlYGYt1qrrUQZ2tFNzpNwCtoLqSbQJU6YGD7Eogn7njOKABi46Jjf65ZiGTla+KQhooGW0C4Gd3wRrI6JuU7zesbiJ0fQbhyQEaPzkDeDHuXdkKvFs7GdYjxEiApGGMEREEASiCdvXVrfjKGJYZTdkNms3NtumwQMHdtyx2L/93Y9ubGz2nT169PDP/ewHb77php1W4zKVp55+9r4vPggAd97x+mPHjuy1OlWqVKlS5UdEDhyYNg1ubLazWTuZNHutzr4WC7yU2HXR2WnRW2gjuy6m9tudsG9jJ9+5EHFW31TP/WKHr/k1f26+xSAEi44WjtjJqfk1fy/zpZwv6bXYKblYu1KoM6IMdfUBcAZq/0VK6oduu6gMHkSNESOei672H2YOu00Cqc65tfK5zEAgIsgofo8LhC3lcbi/ovFUpURig6yMPxUDDGifZIzb8rCpfTsBHDBr1lhmblyoM7PS+p4tOW0bgKx2RzJDc9KNHQzMgSU5PBaDpmNsyjFlsE+H0ZV01CuV6cMR81sY0/BoGQB9Y/t72QtvrFUXKkWMgTJ7jUtDuti0vqiZqln5LWMD5tY1VSCHb2M+oJ8j9FZNk7hsrGGYACLEEWK6FQCQevwkwjAnAAIjkM0/Fv1K+4266HJMCszQQW9XNxphhg4Sxk8tcwIZyvtm5nbmYnDUFl13buFxD1ySgfF9MPOiLS4o2/JimkG/3bNjsPOByrttxftFvGjowayt5GMUA+Tp2VxVfUkacsO2vMWh3/1yvyjEP+8696bniOZIWeIncsw7lbKW54gjYpZOJUPCz9u6G8voewIWa1C53c43JjBDyzJjaVnRQT2yMgjNB2lKtEMNryqszGkiJBHFmhFJLOCrzlRu8GhgQnbquP0NBg4iEhIiMYjLQNts5rZ2ZQNUzRi2RAo+Qf1S0M28RtMmw0bdbzm3qYwAGdQqIkZ/RCQAji9mZTeqe1INj+j3dohihUCkk38FCHdJLq1tAsDBAyu70NZs1gLAdDo5diw4MVtf37h48RIznzt34T/+/n/+hZ//0JvufP0uKHPZyfr6hibW1tePQQUIq1SpUqXK0uTggZXzF9YvrW0ePVIBwiHxaAUGe6zHLxJLbGTC8fbb2LRTsAPjkH24265k7Ub5UCpfcZaaf/nlBwahw97DsebX/J3Il63VA+V86JaHoXoK5eN2HX0oyYekdUn0gaQeCMYfcdfGrETdlh4xaAg6u7bF/ImSfWzs0+j8R9mWdq2WQZC5RUQhAEEQdWuWYAYxOUnzdQ97104dFyuiWUlmWj66ARBBs4ia2glvwxyNBrMgpv9yJHRH0cEBQDS5pzRgmP3p7WyD1w7wxobKd2rtPsdefKtDHxy+o1INQ75V55ut00u3R+YrahhgAl82azE8r/i0R8jc+C9VjlHBgj5zb2eA6OlmqBwYy4eih4gd7IeAneduVveOJ95gTfY3TYTM4MsgYkPEzBg5aQQBJAzLYdeaf2/DJj5vfk7RQZefE0izAh68zPDp5E/XQLEbsy4dP8A8+Dh3DBs00AtRLyZdJecSdhcaZlvVMGuiMNsPVE5ExfL+quwusu9R8apu+Rgd1BzfbrY9pfs5SxpK70XBxWzUIaEfwRh/gPMe84hP/CYOi9tqOlwIE2r+QjNnsbe3LOOmeowmmWJJdxrdvNf5qMWTkoRpx3h7IAYN+uB6Ev3ZCrQiLXPLaOigKImQNeQyW8RdT6435IzIMEJgaJoGEIksgiCA4m/2ibBJgEVQbHp0AJ4AsAgBAgI7JLMh52IUhN3qJ4ReBgEBBiDR32EKH6IWDveuGzgRUPUEEREUYVEXoSjmdpSSnjTSKwE4WiBYNGsy16RiO2fcNGg3KQDNTi2xqnRlfX0TAFZXd5w+6OXOO1//4Z9+X5b58MPf+sRffo6ZP/bxT912640HDuy4v9MqVapUqVKlisrq6vT8hfX19c2jR2pA4iGRgl0XnZ02PwvmBMrbb7Fg7x1rf8b+8t121fKZWZtxv9nha37Nn5ufMAixc6z5NX+/5Es5X7rlZaieQvm4XfuipPkwoI/HKsQjkEn90G2XkAQbQiYfWxAs1CAAABD22htFbUvOe1TMKtRd9izILWKDKf7RjRelf3oLqbprG7AGeittR6Oym7XwQU5tnIgYoMLYi5a7PwCN3oRbsJDuG0nonos7R5UubNyVkUSc2CAed+mwKTkB2IJpXrjfuJ9UCOLYDFvSPPJR2XPtUA1DqJJj4I3vwK2Z2uf2EnZykgEvAOV8w/0iRCRpVHruzuOFMfqbjYH4lA9Y6LRFoWwOca3kwQhtSnE+RONThYaGpQuKF3t1vMS46W7K+F0C+2fe6xv2/WNsyZRHjwt22+0y/GKVshkgVqxYmx9pLgAh7Yf+z97orV3u090b7yu5JyLu26+ffmZw+4iEW/f5Qc0EZmhbmTGzcgTFaIUKx3FAEx0O5rZkaYBAAs1Wsp0IgyACid9KIgBKsdbR1LZ+nYKKqKm26sd0E0QISQAV6FM+orFVUVC8J1CzEhhNVAxdFGlF/EpKt30x6E4qMfYkGxGczOGqEIG0biIFAfXCysF3LqLfcRU9btfHBOi4mI6hqaEUq+yKbGzMAGB1ZfcAwqLcc88dLPKJv/hs2/L3nvjBnXdUEmGVKlWqVKmyS6LLAF0SVBmQ2Nbqjh6/KJx1UQAk+l3Ya2fGIftzt13pb9f97Cjruc/s6jW/5vfnxzEI67Eed+PYjUE46gi9Z/Mx3F9yfutQKgNJnZK0AllJgfK1cQxCRNIt3cQMRMKJuRPn+SJD8eUcn1BaFgAWImAmxBYBGiID3DhEOoxtjooOqnhOYeeTXLC3OpxvzufcjPsSu1Q0uxcwi1cGRQAZdCe+BnTU3fU5etFN77UMqDGnd4owgI/qhN5YmjE47T8jN/U1ib4ohmiEAkk6qdZZoV2BhACWQEpRJnTSUeYQscbdZn/vmV00+Jvzd+WWW3PgInfxwt4AczC7U/lIXld/sQK44ns4HRWaSW6uAey8ES5kI7hE3C2G6GtALH3ZM7yeiPwk4F//4GLUW45dAt3oVJgtoV4Z80rcX4DgwnLZAtuenO8fP6KGe2wb73vfIPQYc0wCKxbYlvSrneXnvL2RmFBxbliiFIHAuajhgCwKd/VhWn7wqH/RbitxmXirijADEUQfvnjsmYdRC0AYJmKQTt9KdBbizu8bUQtLd/JZOv4aS7eH48RA08NadTsIshxEX4XGPFU8jMXiCAqLw7AEjDUobcttyy2zAHp00LkeFYsUqNVb2D1yE6ltZ2CWtlUfyIKtIOpIMn6geMohgoCQgAAyOuedgiAowu57KW3b6vxKzsUngbqptRiKbhGkXioURtTwiBp02gZkCyIirQgLi0ArzO7eFZ8UsRjTYNFYWH/VibptcNxG5XujMhv7H1y80ESJhnOVHRa1Bq6s7L1LsXvufuMn/uKzAHDy5AsVIKxSpUqVKlV2TXQZUAHCuVJCKxyzwvH2pHsW1IaBvVbf+ceBa6EvBxNL8nZar8d63JvjJOJjuHeppmt6H6alnO+YeVG+bKOt4rUwVh8BwHnXmk0KSf8DR4aQiNvkP2g9n0kra9Fw1YAmathvAQmxIUBJUQeVGOzJeBVjfE4mVRWLdlSFDmNHRG1ckaAdQX2TxsTIFEjbUSPpeHH+0PJMS5n2W1FVIMB42AF8XKGeJ+U7B32vRzZASdOFlkOnZ4/XD4CCnXeArjfUA4PxqzJ7u+VhdnJIMgwo1WmgBuegc4s2/pFQVi9wFKDaZBQEfnGIQRiTBcE/0gTBl6CS4wUGcERRwxhEUTGk0Nu1o3ChoCdKHES/A8E7tkMHB6ZlOrfe2YKw8/C/ezV2AFR7hchIb5bdR7mdh6uteCQ7djrardyP53gMm6fdaKhL6uIypg9KYN1KASOEaA1QuvVQ5vKXbRIZCxUmifCxdFiXMAOLMAsbQCjurHkQbZlbcxGKraGDwgJstTmPohppFTWSHyY7pQAYBZGRhFpSqNmiDEZzbyvi3DEgIwCor2YBRR9F0bjWEDtE8zuK0BCRoX+pRwFQd82G4cXbWRwDUu9aWAFC0Nnd4D+FJUVVQQ0fCE5zUH2iKS7/kqd/+NEZKqiyC6JxASfTyV4rAjrdicilS2uac/r02S9/5WuPf+fJixcvzWbtysr0umuvfte77r3t1huza0+efP4zn/vrF3/48sVLa0R45MjhO+94/d9+79snk3BfFy5e+sv/+vlnn33h3LkLAHDwwOprb7z+Qx9479GjhwHgvi8+8IX7Hnjve97xnne/Lav89//gz556+tmf+om/c/fdb8xO/b+/8/sXLlz6jV//B4cPHdScc+cu/OV//fxzz//w3LkLk0lzw/XXvu51N99z9x2rqyHK48bG5v/5r//9ysr0n/+zf/Ttbz9x/wNf/8FTJxHxf/6tX1PfqqdOn3nooW8+/p0nX375NBGeuPL4+9//7qV2dpUqVapUqRJElwG6JKgyIJ6Hh8GmqifCMeYUZjbY3DabprEnf16Z+DhQvrfM+PSw/jVd00tPT7zP3ICO1HRN72RatnZtgbFn6XwMw1A9MtwWlMpAUqcM6AOeQZhfG+oM/AZCImTjD4JFtxF3vwUJfgU1Fo0BA4avgYhuqUdksCg7kgF7fU7h4jBOWaMxISMxFBZNpuCVEj/huKIp502CX63Y1CsOJYzhjX0lXWtph74mkHgyRE8NTP/01jmrDt0j9SNg/O3PNeAmahd8xYKEYYddDNI5jUwqGFRvLjrYd3HfheK0KFTnlLS/JOpASQHRAZ1js7Wkhbsoe+HyZYBbDpzwDfU2GsP8HX6txbXyFyYE5dBTuedPQmJgnWGyVpyNXnwEwbjDnb9lP5mJhrvKGFrFY3ZHpvMQ8LxYj2Yjat6bsscTzt7tgZDx08gYdHC54sd5POzjY6Zk0bGtH1oKg8ccem8r9xbzhPm+RaX7TvR944ca3MIumeJmoAG0r+/r390eNFzPeEFE9+Xx84yxAB07FIOzTZEWgFlaFhZhAAGI/Iu6NVa4jbDtwfYthC1ZIAiIQkqjJtGohepylI1FiMrYEwJEJAEmaFtAZGVsI4IIOp4jaAhL88VtEy0ZA1CnR0BBcI5A2e9Difyhgt861bK06nzUPs6ia09USNItyhpACv5Jxe3g8NBfvO9MXwfx3wVlHQIgCoNw1ydBlR0SAwibsg/23ZSXT53R1+zaa1+liN3nPv+VuMDGxuYPnjr5g6dO/nd/92de//qbff6Xv/y1T33mi/7PtpUzZ8596a+/ev8DD/+zf/KrR44cAoAfPHXyD/7wz2PT54WLlx599LuPPvrdv/uRn7r99lufOflC2/J9X3wgAwifOfn8E08+DQCf/PR9GUD47cefePHFUwCwvr6hAOEjf/Ptj338034y39ycPfn9Z578/jNfuf/h3/z1X546FPaZk8+vra2vra3/1Rfu/6sv3J/1w9mz53/7d/7Aq9q28sMXX/7Dj37s5ptu2HYfV6lSpUqVKgXRZUAFCOeKFGy26NLgIwLmZeziHbJpQ18ZTGzduOx2a7qmdzydxCCsx3rcv0cp52fxAgdKbr0VGCgJEL1B9h0YvFYNMkQkhOicixLpBnaJt5NzbDVKPpPOWueAJOeEKyBuGcEijkgzjO5kJtfY7WGnfLDAZsgTCmqwHGeRih2EIkT8KNu4LmL77gGENdRQYl6Nb2ofQoaxOPDPICpnkgt343LMRBmzBtEByFsw1CUPQgA6jzi1d4cTcZw5f7YHnikATtCpx5cc1JYg3HJ6qt8TamTZjHTzHjm151AA0cdwDPccedfEzuCP2ZngTLlSLNB7RxinO6bzoQ7pt7PTiJ7Mo3W6+QHyURFf5Q55/yMQWIguD5N4fpX4tze5rzBXuAkhBxIyguAYaKHT0HaQwoxFXWhqB8T3jJ93y5sz3H1FHM2k8OLqJcw2KdSQe8iEtGkPIQT7dbbLZODxBRwupfdtQWJUb3jCycZ53wSVkOY7hNb4cyYRDwt8Xy3sa3RAMC2WzB5zrlwEKezbyjD3wuEa/A6f0dVk9+trCXkKgRmexuwXLxZ3UGMRMjCEZY2InbUnI4h+5QWev4wISOZl1K24AFoUIJs5W2Qk9SYqzITCGh5axMUDRmCBGYuNG6c1s3pqCDF3RRjsC+T2QKASDVGRQ/bf5wCJCgRGoYCBoOw96LrxKCKAAuRmaEBo2X3+/FsL2CDZUgJR3BpDyZEYwbGeKI8CZBueq+yGtCwA0Ow1QMjMf/wn/0XTN914AwCcOnUWAI4fP/bOd9xz6y2vPXLk8MlnX/hPf/oXa2vrf/qf//J//Re/6a/9zOf+GgCOHDn8oQ++93W33dS27d988/HPff7La2vra+vrChB+8lP3zWYtEX3og++9/Q23Hjiw+v3vP/2pz3zxxRdPnT59FgDuvON13/nOk7NZ+93vfv+2227ylX/5K1/TxNra+rPPvfDq667xpx544OsAsLq6cuLKKwDgzJlzf/6xT4kIEb37Xfe+8Y23CcuDDz3yta998+zZ87/77/7oH/9Pv+ScIthE81dfuB8R77n7jje84ZYbbrjuwIHVjY3Nf/t7f6Qm2rvf/Ma77rr9+BVHv/34E5/+zJee/P4zu/QwqlSpUqXKK0x0GdDytn4rvRIkYhB6m6q3vvrldmxx9VYjhMDAKx8Hz3bblazdYk5Jz60fh/Wvx3pc+nESGeLrsR6XfSyNLtlabbkFMxxldElrfWDMS4+GUtJf/8/q77ZeqBPU/Gob2z2ZhtBZv8Rb8AWgL0yXYysii5BGoUHba86OmJiZoWMTf2b467IMPTAA/RI3EXEAC9ZbcN7DzD9qBD8Eb6gaYYdZkPKa99n2dhfBZx6bsGOqDtzKou11e/cZ88/mFhs4n3H1PO4YD/pM+nz9bU1Sh7uF0z34iYcAs1tYUKNABB6pLcKChvvx4pzZhtezFLAwGWneOeK8Momz0IxQFTc3zBv2JfNpCgsFMgZhQM8yKKgfHexDPfukONEti+upM/R2nnjpWnHhJ3fDZt/PJwvzW98sNwZ/GrGfYKyktMDgGXsYEZSuxBxbV23sXHQZr/ASnt1cLHaunsOOAUZevjwZovOK4l8CIMLmMx1FkAFYFC4L0VDB4e6CtuFI/KShv3AsCiA6J6OUTT5EiMwCIAhkG1ZQUAMMuoYIGyAWYQYSmQAKEjO0IsysxEHfn8rA9mOJCAEECSL3EQAaadmHhUZBXa8J+0UmK32wZRcO1vMDDQPk1n3hwE+ioPEbERCABMXCvxodFqOXOBkLtpUEEQGoAoS7JfpkaRd7/MUXT33720/4Py9cvPTDH7709W88urGxCQC33XaTMgh/9sPv/8D7333w4AFf8uabbvjFn//QH3z0Y7NZe/78RUX+nvz+M3oLP/9zH1SO3XQ6edu9d73t3rs2NjZXVqZ6j88//yIAvPUtd77t3ru0tttuu+m2227yZe6843VK/nvgwW94gFBEHn88qPqVrzz8Cz//IU3PZu33f3BSYTzN+bOPfVKH9d//ez9zq3OC+jM/9eNXXXlckciHv/7oW99yZ9wViPhPfvOXrzx+hc+5/4GHL168BADvfMc9H/zAezTzne+45+abX/M7/+YPl/0oqlSpUqVKFfDLgOKv7yqx5GhF4OiZuN9DvoxuGffb8bJrx9ufsf8s9OVgYvUdqKEe63GfHieQMHST/c81v+bv/3yVnW03chcZ8tMggXHJpJ4ox+fbLheMDVikXqsAA48wMx4ULNqiBw/IJSZQH2DM2z3BYK2CA8mk1h6/bZlgSiZLruq/1JteC0ZbM1/5U2Wy2j4iEZYAs64Rrs947cx63cztSoSu+XEk8VmfKVJEShJ0rehfrtRoXGYIXUMcLtB7qkzFiu4RXdU5wOQRq2GD+ygtesGSBWQuSQiM3eF5e2bFjdrOTPwpZJjo6DmXhMTIfl7yYdj0Wu+U2L+eHa0x0JatK6y/E+O7clEEgju/ZQByW5O+py0y9yGMlK0xfufKiDrjIuGTM/quotCWOy3bmbRLZN8cnix+I/rQwXBh9Kr4AITptph0FsBFgxHOvWUcnipHooBbk4Wq3bkNOoYLgn9YwNGzUlejrcXkA30kyhMPb4BzLWQ9ieg3iDjEjggJ3DZi9ymxxRkCIQKhmwZRWjFWoPqjbVlaFGb1IEpMQCwtaDEEQQSKAWYdSp4ln79likCi+8MNND8uFRxlm/ddXEKwrV92mdtPjOi9OysrFhBYBBlsj1XTTFgAxYOSQpC/UIqx0vzhWmU5EvP7d0eeeea5P/5Pnyieuv76az/yCz/h/4zRQZUbb7xeE089/ewdb7wNAA4ftuB/Z06fhdQJpyJ/+rujaWg2azX6YF+Z17/+5sce+94TTz7NzEr1e/Sx77UtI+Jdb3rDNx557NsRWPjII4/pRPTOd9zj7ut5ALjl5tfcmoZI/LEfe8tf3Xf/xsbmk08+nQGE73j73TE6CAA/eOpZ1cqjgyrXXH3VLbe89oknnir2W5UqVapUqbIdGbmru0qMVqikHkbBW1Zyu65b8yf5XfstdOy3c8vH+nQtvX3lu/bkEXbpXH/NL97vsJ41v+aPy58EjBshWLujdM2v+VvPl+XVD+X8Qlq2oX/nWrUH2sd7hD55PnTr1L3tDIgxRohEFpvO0e9cm8GIEHvqM8VAFGwU0W3qDKAAAIugYoSxSRQRhRmcGVRry8CAhaINdV2Muu38uenWK8AsROB1C9vjJQJ4JJhwI55hmSmyV9K/ohu11itCFD2IXa8U6YkpAtXNAY80pZBTXGuug1s5zbFlR42Wbfexsn3V6Ecq4b9GHy2Ebr/NHxUyylzfcW47/4o+im2hjj4eT+dCvyDEeNjH6P4Ye32RONil4sWsqe42xmyi6IGTc/6fueGLcNkxqibzW0eNWNVR74hzO1hUOE0ULxwxYBaUIuZaLDDmBhMMeGu69nZRrs94fnDxkgWe2mC1imWoHTn7rsUfi8KHKZXsDfLoYDwC0frFf/v1f/85z/TDcBYWGjrzSy5Kme1e25WB2kZ+67suRrfwfMPnH1DUg6j4KH0gwi0j68QkoJie6BJHKaBuWo9fG/c73S+tGoUJkykxesmJ0HnkBkAQAdIwhOqQEwWREZAt4iCgAAEgEDIQACOwGE0RDKZD3ZPBhnEqrMcAPlCiRAuk8CKrc3UbwApoJs4YwoAPnwj3fyDECjgP+OqVQqM4ArDzjmrEwuRDgDsw3VXZP9I0tLq66v9EgKPHjpy48vg999xxy82vyQqfPn32mZPPv/TSqbW19Y2Nzba18EhKswOAq1914ujRw+fOXfj4Jz7z4EOPvOnON9xyy2uuufqqrJ43vvF1jzzy2Lcff+L/+Fe/95Z77rjl5te+5jXXmcNPJz/2zrc89tj3mPmb3/rOXW96AwA88ODXFbZ873vf/o1HHtvcnH3vez9Q/O/Bhx4BgBNXXnHFFUcB4MKFi7piueGG67q3/Orrrvn+D545+ezzWb7HO7288PyLAHDixPFuJbfeXAHCKlWqVKlSZU9lnj0ZMHAF59hvd94ejjtcf82v+TudP0nxh5CSOCBFza/5e54v5fx4O8ZO6RNOzdHHeZ2M8iHihKE7III0gEoibIAYxfaq2953tfOkEZi8QYeIlKFjr7SAMQIN27BwfooReitqsO45jl7QsoPhQUcKDifTs4bhOWhPejAb5080MuY6SIa8qY9AXLTG2Gi1JM9vOyv9fMEtmt8GrMNzHcf1PYK4J0s1c9FYiAQ6SLsPYiQCtDsynxYVed/NHo1/XWVByCXziOu9h2X1BwSipxJ3B2G2EP92e3QwqrmP35mh6Z7wPIz29T0m14Tapn0ZdReMvoyfpBAQqdex5JYHQ8ZX3j9SegSYPeS56KDL8Te4/Vemp5dilGtKvuI/AAAgAElEQVQEiTB+37NxlW1A2SGJCfHoeKk+Qpsfe9mfXr0+2Dt+ZtgRKG+e2D3pUid3Wp/M4WefJktoyP3n6IMgIiwu4YZcyzJjtu1DioGRomRoVynkJgJCojsqspaC189kEvZ3RwTqlBMEoTGlSBpbWDGztA0RITEDtzLDlgUEhBCoIWlQhFgE448vIggyqOtQrz4AEDsP8G5WB90FIgF0NqiyQQftCYoot5uyLy8iKpiKikrqh4OQFBdUwBuZjbQICNgAinkVJW0yQKf7a079URZ0SPCurYvuuuv2D//0++YW++GLL//RH/8XDRDYlXjs/cLPf+ijf/TxjY3N55774XPP/RAAJpPmne94y3ve/bbpdKJl3v/j73r25PMvvXz6woWL933xwfu++CAivvH22z7w/ncfO3ZEy7zmhusOHFhdW1v/6lcfuetNb9jY2Hz66ec8z++KK46eOXPu/ge+fuutN15aW1efpW9725udtqc0cd11V3e1PXrsCACcPXs+yz/UoUhevLSmfMFuJVccPzq306pUqVKlSpUtiN+rXWVYgnHBZUgHv9DFbNF+i9u2D+PWy6d6du3JI/Qp69+9331lt6/5l3N+YBCmIj22pZpf8xfJz89to37pLS9ZfqGiUD5tqdOuGk578ktXd+rv6ilJWQSF7gTEcQgZGdXnFIGGnkJW05Za0Frd+q0xbQC4FUQEMqOmvs9mQiUCbgFmiA0iAJDauLR9IiJs1Maf+TgyC5VZRbnbhxYOJ4EqEYUcmMS6K10RSXa2Z6dcUhVGTuKsedaN9QxCPj4iAxIAMCCBMIju5XfMMld9ghZIXGe/xBhDjMIOm1+7JMuORc1cmOXIQIz8eIpkj1ZFDbtlxtiV+kyiw0RMEXMNmdYVBrEbKvl1g6q4AeE6xj+pmHiT0Hcy6CsmqMX0MtUWPKwSKcQRyGytOGdq5snXGUbRSokviQDzqJyOdBFFxfbrvh7abzw4izxddwtOOTfmUyd8EN6/AkYYv9Eppq63Rgjmtc49Gpu9JDmrc41GNTWHv+L7MfbRGN5wfT3tH/pR1LXOx0eMHq7vq0U97faAnTGTOXkUaYfnQzfcErtleWlyKCGCdibVKn7+vRhMR8a84PEfA1X1nHIjJX448UsUBk4J4Z6vXt50eG8lwiUxlPYd5Eaj0qgAXOy2KPJcB2mWCKQB93UQAI8s+mJ+AnNfKUTIp1aJXH27NzGqpNvb7u1M+mfoocC8AbCV8n0F4s/cwLXdoMWlyn2B4ijNXjG/pPIzvytgLyey8ukEWVD9iDIDM7JG5ZMwgYfIIQgMwKLzE5qbT/f8FSl0sKDYQEAQFr83xH+OPZQMgGwDD4FA336hRphYhLVSYABgEHFuPUUXc+ImUxBhYRGNAjhpGhFgZmZumQVYUWdEg0W1W5ECr5AIGyIbdyIsyKwhGC1GrITB6RZKAIhAhESNTThORQJgMeIgNgSIHJ4eqf8JRCAi6fkpWGUnhIjalpmlaRb70u20fPSPPn7mzDkl8N395tuvPH7FyuoKEf7u7/1xNifc+Nrr/8X/8uvf/d4PHn3su08//dzLL5+ezdovfunB+x94+Lf++f+4uroCAEeOHPrN3/jlF1546RuPPPbUUyeff+HFtuVvPfqdbz36nV/5h79442uNyXf3m9/4lfsffubk85ubs689/E0RaRpSX6b3vvWuz3z2S+qA9KGHHlEd3nKPuQy9+uoTmrh0ca17L6dPndHgiHPvemVlur6+cWmtUMlLL53eal9WqVKlSpUqQ8Js1rm9VmS/S+cHt2S/xGIPUJHVrGS/xbjEjtjDoxak56fgjrRb82v+svILMQjrsR4vo6PKzrbSiSMoUQzCOSVLMQi950BnnXIAlSNHBNM/eCs/ULDPCSGB0YokUA49tCZtg+isQwTAzATAjnuUf1Mj2EFQPZU6TTMWo3fCxszqKDXERwNv8QMNpWiurqLNMxmGgcEUbJvsRcTvb7fKEAOByoIGLceO1cchG5bBgHwS4yJJW65FiFYx4zX0f45UcqFt6aVWSliL+P+20f8RDADQbSdIBmeCx4OdGzcww3Ofc8UInkCI0D73rsX3loAtmGbnSG1mZw+AZ6JHmJySRx/azDHpziPTG+T47XJ1Sqe1DP0F98iCFbvANUTPGhHn2Naf8ti3AGKI/ZW0mdyL1y3Y8iMWV/fGYyAH40ewbXJhpGLcafmDG5L4hiLNF+dvlbcKLI0Htl3b8oAaBbW3UL8BJylyFz2Z8NnSYRNBUALggJoAETnMp38SDsQpADF0JAy29BI3LyBSNiaTwpJBYeVew/LWpO1ITm7eYY7myIKL1px+7hJ81++dssB7okih+ft0V0ewspvUrRig/bMNFS6yH0bRTzW2HoXQIjo4yLUQrWqQgZ0XCNAdJszAgKQgHwkjNoAtqsNTY3SzrrLcJ0ZImJnBPEToYkkBQgbDEtm5TmDb+0HBj3r8CRYgICZgRkZpEVlE0UJ7QWzfmLiAsm7+J+erHEmdWAghqGNeEA1PaM5kNACjAqqLPtoqW5WGsG2hbblp9pFZ8Pz5i4oOvvtd9/743/lbPv+Zk+alsztL3HbrjbfdeiMAbGxsfu7zX77/ga9vbs4e/Oo33v2ut/ky11xz1Qfe/25NP/LIY3/+8U+LyGc/+9f/6Ff/W8185zvu+cr9D4vI17/x6EMP/Q0AvP51t+jbdO9b3/SZz35JHZA+9LVvAsBNN17vMb/Dhw5Op5PNzdkzJ5+/5547Mt1efOkUAFxxbD4F8OpXnXj6medeeOGl7qmTJ3MPpVWqVKlSpcpSpG1ZlwR7rci+l67FtRODsIxodO23nWuHSg6U7792yC490Mqix4rg1OOOHaMYhPVYj0s/LnF0STkfRpccpVXftcX8Yj3dkmlOMJHbH4RA6Lw3AiIhsYu750zndpsp98u4XhIb5R29B5DFHI22AI0CIhrix9OtYstdBMN4f94ZX9C2OKm1i4iUmRHDbMFzZcAMUvDJgRlo+eZoyT6Y3tGYfj7NE2oGJWDaCXsg2219ETuv796u8XpRHfrgqCzI3LxKRkVJHGNuToGl/PIiaUkM1ipeFEp2UdXucdekj301dxgLiAUlhaRMtC8A3UQUP0GbWeJWfJdmY6kvvuBg3EHtW1eV54UJetAXIwZlESPMqKLJXW/j5epzmjrgOLE4UPt0WBTb28M5anck641i30ZspzkdMvdZ9EF9mWdRBXx0pAqzZngnpX5PjilmyAplMQi7OiTq9QyPgbvbcxn2SOzL7ETD6d/xE1Q3ocICzvdmhA4qGRBJrBIW0QiAOqB0pYPqR91R+NBT1e1JExIREmmEZr8DC7xTTwT/6ANNG9ShJzBACwCCrC4ORAQIccYKJpIxqwUBgZB0ckZ2LiJ0TDCReRoFQwdnwtIKgxgsyt7taLIjWkCXhg0TcgtE0qrXUmZhFtC1o+nrohXqmAYidU9BIow+4mDYJYPoKOEa/Rrm812rLE0mk2Zjs521vLLXmsTywxdf1sTBA4kTzq9//Vtzr11ZmX7og+994MFviMipU2UPperp9L4vffWll06dO3/BZx47duSqE8dfevn0fV988Pz5CwDwznfeo6dWV1euf/U1J5994XOf/7KCl+9851viCq+++qqTJ5//+jce/eAH3rOyMvX5f/PNx9fW1osRB7vymte8+ulnnjtz5tyT33/m5ptu8PmnTp15/DtPzr28SpUqVapU2YLMWtYlwV4rsu8ls7hingOdHP0xUbDKFksu9Yg7VnM91uPuHIPfpnqsx8vxCLvQCpTyYVzJco7f3Y5E2DSNBrnJzZQsKIBgO9xz8o2zmKmLKwie/1xoHmCR1gdqsip5ZhfEe9ldLMAsOl0smVm/WyDke5+EmqnBBdWSp6xBZQqwdATUPmif84IW+1Ewku3U02ec7at54GHNvRxL0oWE+yocWTK+KPoH6RAKmdndlRp1p0o3nQEJ8U0tBR3s9tLcjuojzw1L6ISo+pi5iYhd3qS7WsxOXnqmA5kDg0HFT01JMewq4KbGTv8P3GyGWA+8C8PPKN2lkN91t/BAPcUxVqU7a3efl88aQBC71Q6cYhAgDF4jw6cPHO0sdh0K2ajzOfmQcwO7IdKPcIwR7gLg1zeHz+3hLTc38AR3Ch0USPja6ZvOpo5CZK15X4fAidNHBEiOLIjm7BMIoBEhaYEZ1UkpCJJQA40GHiQiQiAQAkFg726U1Cmp0gcNQARqkJowDBRlRoSGiAgnE5pMaDppptPJymSyMplMps20aVaaZjppppNmZdKsTCYrk+mB6XR1urIynU6nk8mkmUyaSUPTpplOm5WVyerKdGU6XZ1MphOaEE2omTbNtKFJ00wbmmr5STOdNtPpZGVlMplMJg1NmmYybSaTydT9m0wm00mjQmTvBsTLJkQkIILOnJ1Nhhge/D4is/2Ii1oDZ5uzvVYkkZtuvF7Hxpe+/NC5cwbgPfS1v1HqXjwl/n+f/MK//N//zac+fZ+CcPou/9UX7tehpL5DH3/8yf/tX/72n/zpX7z8cvDS+dTTz7700ikAePV118RN33vvXQCg6OCBA6uvueE6f+rtb78bABQdnE4nr7vtpvjCv/2et+u2xf/nt/+jhk5k5m89+t0/+/NPaj+/78ffNffG3/rWO3X74x9+9M+/+70faOazz73we//+T7bal1WqVKlSpcoc0WVABQjnyzwbbKHMQvbbeqzHeoyOE6MhmfGxpmt6ZBpGlZfltSvlfOiWlz49XXpgzMsi+Xk9EOkJA9e6X9q6v70hZEECEhEhRCFERnDmvISKMUgpY2ZEQtY4N+T4ghoajOKiEKqHLo8wBIpzJ2LDokcc/SUxDGBcDXPLJnrjRQNo1/zqyQ3qqjQmiziSIeIOsRwWlDEhnbZZf4ZpdU3tW2i6yB2JR9RA3ypxrRg5bwlPpHQzWSdvrav7CHzLlQHi0U40LTaphMrTOUFcjK2cp+jTczP7x1ieg91E56oBymBfye3LTkwUxZdxC5Xsh0msKMOKDc9C8X0lIVo7eHbxE9bbaFS/onoOQy58VphZvANhtD0zHv2KYTDFnZCQMNmCszWvzkuR/TwwliEI0eNwTyU8HvcP2a9AwJxwCiiXmlwlwAIgwCwtC7PzyA7hk5EBY26CEnXDqY413Q8hPyvpkkg8v7AhBECWaLGHgojMGiZQQNdtoB7XFf8kEmYBZQQKAyKp33QgFAEkQQEiIBTFuYVIRAQJQKJtMBb+lRkQhQSYgAWEoeVWGH2fiZB/S9RdLri3BVxQ5PilQ/dqIFqUa/di7epofyXLysoEADY22r1WJBEiuvetb3rwq49cvHjpX/1f/+7AgdXZbDabtU1D6gbNy/nzF9fW1r/8lYe//JWHDx06OJ1Ozp49rwPsuuuufvObbweAtbX1jY3Nxx773mOPfW9lZXro0MFz585rPdPp5MM/8764wrfcc+cnP3Wf1vDmu26PT915x+s+9vFPawDOO+94fabzbbfd9OGfft/HP/GZc+cu/Ov/+z9MJk3b+j2R+LMffn9MK+yTK49f8Ut//2d//w/+rG35Dz/6saYhDR0KAIcOHbx48dL2+rVKlSpVqlQpiC4DdElQZUgyezLmNljAks0ZS/bbzrVLT+N+sdXXdE1vMU0A6H5OQk3X9GWXhr3SAbahs1fcmad0Dzgh4dxYMIEiKKEebwdVoxTH/xI8z5nkEvqey3dAYPLPtvRzp3x0C4DO8IRuw7/bgtB3M7rlPxhtYzU6hl+ITYlew23Kzplit1zzeMLNlmUuQtN3HfhBvMUatiXbbHFHFR6oPIPY5z7THnAiGe9RmfnvQRfLTyzm/TS++M9iGUxnNH9pzPVcVPY5OujllWlJX8RvsPvDYXqL1mMl7SehAzYwcQEaqkH/FTJEpXX/vAQfjp6iDuDpY0ZM3Dki3aAsl+g8t6HdHcAYHcN0JZL+C2XRJhUEBXr94wckwMYAMEFhZAZhYAZmFAbhaKQYNxSJsCFqCJVo1yhZkJAIqUFq0D9/fyX5CxtqGpo0OCFsCBuCBqEhaAgnDU0bUqrfyspkZdJMJzRpsGmwaaBplB2IWrhxOkwQJ0QTNO7gSjNZnUxWJ5PV6eTAdOXgysrBlemBlenqdLoyna5MmpWmmRIZg7BRrmGjfypzUNmODZKp6giI7rx7/QjdUkx0n5UZTBAMT1Sw9JU4q+2NqDVwfWNzF9o6fPggAFxz9VVjCv/kT/w37/vxd2mQv7W19dmsveKKo7/567986NBBALjqqiu12Ed+8Sc+/NPvO3bsCABcvHjpzJlzCjPffvut/+CXfk7LvPnNt//KL//i9ddfqxEKT58+q+jgtde+6lf/4UdWVxPvqtPp5O6736gg5bvfdW98ioje8fY3a+Jvv/cdXZ3vueeOn/3w+6+99lVENJu1qslVV135G//4v48BxVe9ypS/8sTxbiW33Pyaj/ziT15z9VWI2LYWRuFt9971a//D39OZYUwswypVqlSpUmW86DKgAoRjZI4NtltmB+y3NV3Tr5A0/tw/fXhrL2qVV7aMM6KVSsnAuYHrO2yB3kJSLuYJbS4vq1GiQ35VfImUMsPZbmZa5z/9CIPtD2cAEGaebTIzty23s9lsJtLONjdnmzNh9h7PsuA0ZnTNHEYRCgASNmouosb8AjbT6XSlaaaeTuTtZ5BacW0XucbSSY2Jok5BOQIKI6urt72yw/2SuFAU7V7HpH3v1a1pGgNKCUndfKGipgQgauqiyMtchm3EnZ5k9cgAkW4kOW+MsTWj1wTO1riaByofyU4bcyOlaF7KsIiuRT9oO+9hCdQs0EP7Dd9qm+9Wm+FYAM6OGUVLsmId2DKm6uaYlh/PncyibsX7ColSREZEFOBuJd0n2+ddUHs/hhVZkmCfYIG0Qn44peW5DE9mbKq5OfEx4vlEHQgMfptCfJupm9PkcXe7cRzqHJcf41y3+KDHIkDewWsnNte8GhLkqnB69yCo0VDcCJWKY7X7jnjREQoAIDRQSaHOEGau0fJE1DQNUqPjxMKwdcA8QsgGuXqc6zDgQRnq1Jjj3MYBhPHMMxSrb0kAm4ZF7M4/C32Jxkj2vei9r/nDYG6BHoXtbbKNQTo7sd+pBGCbkID0I8MsLMgC3IoAggUIBBFoWdpWZi2wSNtCy8CtjUMdJ9Rg0yg0COYxVKcCZptqAG0G7X5fwG1rQmC2IH3c+uEmzOyWOOr6lABAhIWBbSYkAXDLItbbUVwaLUIhWAjBvEPN6QI7kFtEWgUrAERA4y+2zDNuuW2lZYuiKawxGHWfGQABCAcHHuGRoDFmEQAa57teRIhI94r+1q/cM+/5VlmCnDu/9sSTLxw5vHrrLdfudFtty+fPX7jiisXwrfPnL54+c/aaq69SBt5sNjt//uLx48e6lb/08qm1tfWjRw4fP36sz5XC6TNnz527cGB19cSJ4wO+1M6cOXfw4IEi5+/lU2eOHD40lw74wgsvAfaioZcurQHAwYMHimdVmPm551+cTidXnTiufkfPn7/YNDR8VZUqVapUqbKofO+J589fWL/l5muOHqmfmCH5yV/7rCYilC+sbR28kWd29zDHmRCKlvPjS5Iaumks/Ve4JPtrzE887C039gficn5IVnlFyUTfG4uoKTVd05dZGhQN2H0d1DaT5cfHnmuDxM6wRIhQGIlIjYbosJC5ZtksHyT4VXNdpLa4FoCcW1H0RsPI0B828mMHobGJQn1hiTAzEAFz5lYOxtm+nQHU6xm5URVze2V+vkR8CxG4m9zCYnPeoEoLlZ+rwxj1umWK7h8z2WGKCUarKnR4m0FxJUBxYcXmFtvyDSZDugTdLVRVNz0Gjo0Rz5TzNASo9NUmIsta3vX5mC3OKvn80DmlSVs2p5Ob23AwBL52q+321XakWMMWql0KnrefXUduDR0c8S5IOqUMNTRwKnqtwPP8POCXcmEB3DA2fMbRBxPg0G1WUbAEIwU6GOd8tQcm/76rure2hbPbkbn3tXSJFgmWjtBBQ2yBNFwgKBBoSxUiQP0A+YWBXTub+X1WYQj4cWI0QQRCIAIQYXROQCFHOu05CqOLBQ0ITSMiCKzttgFTtMULo/kMRQRkEhI3JSISgggyUsugwZX9tkwCQGwaZ3AQnUIVkLapVHTDWAAIxeiRLDBrhVqaATG2IkwAIMgcIZ0IAo1zcITxkgyTHsD4EyPRArDKTsvBA1MAuLS2sQttNQ0tig4CwJEjh44cOeT/nEwmXXRQK5/LTUTEK49fceXxK+Y2OqDniSvnXw4A11wzpMwYkI+Irn91Eh8x7ocqVapUqVJlWaLLAF0SVBkS7NhUUxvsmDJz8gfst3OxkvTaXbJLd++3pmt6SemJ/jQG+zFZ0zU9Mg2jystAGRjRVlRGymVgTp3QrzOk5RdN9/SJFNsK1wZUCSLqE5EIIyGyyyMC4dhw37Wko7US/hRv7HQ+OVFEWJgZoUVjDCaWwQgDcDbdjpF0DFknhhO0DfdNB4jCRZkFzPVYgBtd/EIUYVFrm6j7cL0l9B9h8zAGQLBjFtRRUrQmb62egWt73E4uzXxcQJohdzeGMStqEIHr6rx9raJBBQJDfRWxxMoFxiPKBoyWyZBav1qwIRyTN9PZXrNqA/G4rKO4o6REpQBjYLyZDfveUESJui681h4acA78tE+ytK4Ssjtnp3g6Dp1qEI0Kv7+hSw0ssgbHIBZFJuhgX4azcSzGvhcquwT8w9j2e7af0cEBWUjtMhwLGL5Jeix2pmT5YXDrSAIkdYboPVKKH8poDE+Ho2PsybvLnXVf3oiDPm4SSzZGdPK3iW2PofT1sXMGqi2C+l1i8U6Lg3TdWkAw8nvuMSqdd8C2N4U5ECyapfi5EQVIhAEh+hpEHhWQvKdQRCB0PjUNoZPonRaXqSEMHWbsPyDRPg+dZf3Sxn0gLE2Att6z7RFoUCaAbqbCaG1lu8sQAcBxCcU5VwXVA7ERkYaI1S8DgDpxmDUya2nSEjMBsMGJzMzi8G5k7SV7SdAttwQAiQw1RBAd+yyA/hFV2RWZTJqVabOx2a6tbR6olsEqVapUqVLlFSZra5ttKyvTZoBYX8UksydjboPVlW1um8WSzbZz7fw0Fu3GveVxv9jqa7qmt5ieOMC9HutxoaPsSg2LttItL/1nYVzJnjRA590ZaCvK8RIsU5Gl0pm5iEi9WgXTnuNvmUnMb2uJMEKwE+AsbGAgHDPb9ncUoQy2yDDCfsNh2bAYG9/JUQyTq6KIieJ6zRMCNNpHxksz8BASLh0AQQG32C8yF3waKDAeuNoFwS6VAAFTLsJlIcVeXairB3DbqFBIBDcWfbC6H8/zWvUFxD0StWFrnmN2iqMyFzFCiN9WtzPAQ5BxmSwtEcTvJx6/RS6mHccdFCMlqEr2dfWWoe4tvCYjKZteEnRw2/JKMLz3kDUBUni1ryOK70mcdAPJvk6GEmJ0ea6Ag6Ribnpce/LdTfKL7j1zdFAybwAF+G0fSqxknx+CHWjVT2EQ8F2P8oLtpxC/VvGnBAWAo9cxilZojhcMIxPwz9RYg+QcpZMgQUOkNgEPRGNoPODFYMicnWFmENRNVnF3IUm4I10LIhGgOEtEmCERCdXnqAP/2DrBN8lIttPEUa6VT9noYyIQId8nLDBhmRFxQywNBJpsy6x+wRUgVHamNkQ6fSvOqAChCKCIdhG5D8J+Hro/enLo0OrGmYsXL65XgLBKlSpVqlR5pcnFi+u6GNhrRS4LSW2qY3KwlNNXcvgYWS73gQV+8O7qsR6XcZz4X7huj25N1/SYNOwDHRbVc6k6wxbb8kZ2iI1duuNdyLnHQmTMDI7oCvuvpQQTbGLs84wZzw1Sih4CEpEnP2VUMEnULkEObJbTyDEY+Ms7WuXqQdfqCiIMRKFO09kxC30MK/0SighSBkjsC1BtPPK3UMn4bB8Na4ckq1+ihziSVJpVN7dEXP9cmfvgsb+MfxsH9NL8YieP6fkYMh8pIxlIaqD2xRASKK/PWWixznx66XmmMS04puL5G0QbuuD5vrHXxyI7MM5fdCQXO7bPdeqAl9HA5N7JV6nI1to/WwGWK11icZFdt+jtI3ReDcmb6Dxo6Q7ssHPFDzw/REvqxZz4rIl9tJtjQYm7q29OWHKLYPQ+j1hx8jJ41FBEkAV8sD0GtxBw83XwO4qIBAiILH5bhu2wIkHS6IBAJA1hQ9RYpECdMlEVwQ46aPxChHSdE+1eQmWzkgM6w9YKNHc/kn3HkLBRQM5ATwABFiHz9wkNNtpLuryy3RjhYYkw+j4RAGFpCNm0krZl5paFhE0PpWDOXNhE8wwhKCCMTIgA5pcVLcYzAKi/18t0UF+Wcvjw6ukzF89fWDtx4she61KlSpUqVapU2VU5f2FNFwN7rchlIsM2WMC8jESu1ebYb+eli/XseRr3gQ41/SOa9gxCsN21NV3To9KyD3QASHZzzNVzqTrrYQttOXOSsLQiwgzqLAsREZuGQFCUU9cIiDTORsnC3vbkNsuTvs2SoHH2H4KgeqASNYWDbisHQACzl6U2dFQvX85E1msuRO9vi7lYAJx9reN6NLKYgwAbXBo7GhWRRiPooLAIgQAgG7lSgNmZ1gAFlQsZaFvjsKvx4NZIJ6IDBvFic5gyJofrjMWA3n4nn31ND2ieMT57ULFAUx2gnpSaQzWSZtxU6vSAgwHmd7j4F8kXwA6abk4u0zoj9m2ETYlH60NzfoQPShzNaS5TbcD4Hj+CHleNwMBuAZzqpl6JBREp6/+4zq4T4Ewfjt7laPuCVywZITGOYlVZtY7XjKMwlOE+KeKm48HpvmJzFXM3GEhCY8pHzSWdE5eZW89c5ZcoS2yiD+stYsPd1yTD4bLZI68QEdlxYcXhS+6jZFWwYU7ZyxWo+qnC/tOTAdu9E+Pg7KwnwaQAACAASURBVDdesveoW0+XW5/p00db7H4X+q7dpgx8QdQFQFrS44W2tSAE2HOxk12wPRKwMMj6dRBBaHRqEUTd+aSRTqFpbEZCwqahprEAhE1Dk6Yh1O+PD5+s4CPFo0vBxdKbrt8Xx1tlf0eIgKxOoA2mFHBfEc83JJf2v71MYcB49Onai7xjb/+b3/G2UT2DCrAANwgIJGaumE6EmZhJgBCQhWfMLcsUkfVuRXRb2IxbESECQhQEZiHSrjMleh1zV9kBOXL4AACcP7+214pUqVKlSpUqVXZbdAGgi4Eqc2WODbZbBrt22j777bz0guUH7dLLS3fvt6ZreklpzyA0NkJN1/S4NGy7HlhKGZhTHvp1hrT8gmkY7pNu/9i1EULmv3kRyIFJgCQAAHJutpwPqGG7nrA6k/JGKiUOgnnYUojNe5WKzXmqzIBhvfzBzg3fMRTRwSDjyjFjYsRmWedqLNdE3GPzzrgyrbZv9Z6LAm5fhtGgPqAxy+lLj5etmYkHoI7iYCgW6KCDveoV6xnQbcwlY2obHkgJlLigYluXgToQ4t0DA1zAYag4/lNfL5HAUczYhFrSclIVESx8drefMn7h1p5UHy6yLDE+0I+0DODZS+nYYQZnX06BbpgNlegLkmJ2/h1A+9T1eU0MFUqKEs3Z2LF0mQsJFz+d+4q+ODDhZ7Fg1XMmGPcOndtMg+asAAJYyEHd4wRIKMZ3s0dlbswJvbdSXRSgCzoYVlKkHkcDJOw3MXjFbIkC4asUdkbYEAp/+giwbuiE2S3uhcLshBbDxK+y/KIvuQadH130bdk2YdSfbAIkQGEviK6vkFl3TCELNW07Y+dilIVbtjexEWQh8iEWkZzHCn1W8zZCVFmmrK5OD6xO19Y3z19Yq/bBKlWqVKlS5ZUj5y+szVo+sDpdXa1uxsdIalPt2mChZCvGkg25YL+dl8ai3bi3PO6OTR53uP6afgWnJ9Fm3nqsx/FH2ZUaFm2lW176z8K4kgM1jG8r5Ji9x+UhoWGcUQBCs9iQMgC1pDna0upiS07XquNto8xMBKJEPSD7LAJrBCdnM0MJ1WCoIcUDPDgXzJRp07nD0g4UodZaOwUA7uPmw0nZ5w6cYTdFktSqhWZBwzgIVCcg1NIk64HlStFQXrCP74wM1Vw6E5vm52KEzkLardFb8bsDOVGsx7JvBWJzbEbjm1vhXAA4jPZ5guWuWqZ4FG6H2ylI16do9kak6EX8jO0hdztnPDo4koC4CyjOK012pUt7Z4/S7gFDfDxOY2k7G7aZuPx8C07eSjoC97fkE8BWtd6j18SQWlQXmu6rbvicQLwU8oH93CdecUTwSxQAACJ1cID6U53toyTMSIhEQOpf1Jy22x6F4T5zS45o4w5ol5spgN3qy9+V/oByf/V9L0EK75JfB3pkLnwS0d2pYXhuzaezpgKEYv4f1LeC7d4w+jcCM84QiMWctQoItSDAwghCYqEOWQCRiMjhlHRZvAw/YnLs6MG19c2zZy9VgLBKlSpVqlR55cjZs5d0GbDXilwusud2732lST3W484eJx51r8d6XOQIu1LDoq10y0P/Weg/OyY93Hq/JgKi/vdsd7yYMSigg+jBQqUPqnst9f/JIqQu/SBnoUU2d/AiIogsAiAMwAhk0WaQEM1Jp4AyfiT+AIbN9WGzfQ5UZF7OOuyBREOHA4LDGoHQXHep91RhEAISs1o5z6MBjUCkHoxQXP4o6ZYcsIkv3Y7sNztlTcfdGGFsBR90AzKSWTWPs4Xl653Rc7gPs3GIfjCDDrEUf8PCiMrqT5iOW30aRbpkt7ktUBV3QuLhMZ6vmdSQelYcifoUH2vxZkN+gf7VSyqC0dzB7uUDtMi5lXQrXCIMdrmDlH2R9pZSt9aaZkonJ/f5qWiND8hLQJ6A5V02+qqjMUQQUfgj4lfHy6jbhuMzl3rX8Z1u7/oyP6+L0M9paBuPdX7PpF4BkhdWvRkACACJd58gvuctJrP3GY2KYYUFk4KLdlKdbWIDgNAoydfiCfpvDTjn60jm+hi1tTB+wvhzMKXfohRBfn6YSYD50Ao6dTpdFc9UCusxhKFow9zVRlbGdj45OmX40unqiEHEgEBdCIIjGqpfUxQRZFQXpMAoCETIAsgCLACEzKwAauMc1ZMbR6pU0xAB7sk2lFeyHDt28IUXz545c/H6V1+517pUqVKlSpUqVXZJzpy5qMuAvVbkcpE9t3t37cb1WI8/sseIQYjgfGrVdE3PTcu265EllRkuL/06Q/+1I9LxcX5bET/dMQgDDqSYkPMvGmBCk9y+CdEJiMQjN4QEFAUqc1Q8V48FXRMj/ohzJJhHtkvBOb2pXHKWYUklh+DlemqCRZAxtuRi45iF7sa7x1RDq3fL9IptYgZjqH5xmS46GBfwt5lhhEkN/SjdGGP3QtxENCNmL9qUEUa7fmW3pkkXI4zORe7dnNV/biV9mdsEBYu19XlNHNPKAkhYBNl6yWD1PlWLL/tAu10Au0/P8Tc7friOr7NPxoyEvgvHKNBXVXfqvtwBxe1IhNHEA68wj4lFoAtfQ0eM7+KL4TIPLurf2fkAvQSea+8A2FECt9enC80ONNr9BPQNp11Q3kvWUKwYM7OAowyKgPPcawdk54wnbOFQqhy6oaJuBcDhfogiQP8/e2/eZzduowsDoE5VeevF7s7S2SZzv/8Xen935t6bdDrJpO12e6nlHBF4/wDARaJ0dMplV7lDTEYt81AgRVIkCw8fQOlziBg1yl6aoyg7RiiGjdal3E7kLZWWqhXONwgYwEYau09Oc3ib3rpaE4tEdfup+fMeccEbwaTfq+M1iCgI3kKoqGLyN2rtKMJABAAECJEZRBCIBUgMehwRGEWIxIM+KlQZBax7LILnJxowXVQePz5/dLG7uj68eXP5xReP77s6Xbp06dKlS5ePLm/eXB7G+Ohi9/jx+X3X5XOR2qZaXlfsw808G59t6IGt+ft9v//M7weP4QYoGf0Av+/pPX0hXW6txwwxAhvyw4n65/kn9RRYzA8b0xPI5+lJpxmRmu0DpR4X5w56wBn7HyaSFWdMr0JEmuY/cahMRJR3mP/NLICMDADqeSs9kV7KjFMi6JFw0v/A882lpDAYWDfFIz2buf02xqIYMRKQEQGIICOCkrgHMyeHiMqhZBGaoEQfLB8CEzYxs1Lt0UfmNSlzruCv6xjt9qLLRp5XIyPZrbE3QZTz2F4ofYUp6Pet1kBXDlXXf8ggWIMhF7I1P8DyjT7QOr+EJHlHF9Bj/ocAuFu+BZBy3unzXpsDvfO3bqKD5sxvkt8M2GutsYKfTd5iqZ4fIhv13Dnp8IHI0pDYkvPupF1iovgZeOF0L5QMZOShIkWKryDzBSuBTNUgb5X+EPq6Cedvr9inwQiXPo3J6i9ps2EtnnqsPHiUN0C2mwDKx6ls42LvFBDYQDEUEcW5vG8nE1HevIjGPpQUAVG9hVplWCAz3JWy50sRacjDClAWrO6xTrThSkg+EU53f1Yz8DM4CGki9Ruf8tAcq9o3gf68+6MAQQUPCYGUVwjADIqeqvsIAAKUMSILg3IxmZXhGOhON1JdNstXXz25+sfrVz+97wBhly5dunTp8u8gr356rxuA+67IZyNi/kDy3wub7MPYSocqv1som3rQyvVDgKfbpXt6T/8s04cZwu5fXk/v6R8n3W0ssiG/nKh/Pb+fRbd0qfXIgp5puqzWRxbTk077dWZkd/ogIRQH1aG0oeWKt8x/WNjQS7dfUklhS1UjmKTQgOAGPwQAZze6QphIQipKyKLwApezJQOilpjiKhZRBEHrlTIbPkgZZdT/UEEitHkN8ePFILy1LFEDMUO4Jytcsd1/OGpS1UgkQXGV4BEvZMWQLkbqFqmx3i2QzVbN61q2oYNNWQFKT/J7edJYWNOM5mtPLeZlfZYIhev6T+MyniLrg/mkZz8cyNn+1fzCQh7ey7s0oeU2M1YEAajq7HS6DZrooOfyBbJFn51HH5yzCD9Zy6wXdBTgf7CSjwcZxdn3FO6yAIqgpQj+F3yN1abdmrhfBUfIANVbuu55CPT0UzGHOxqXnWkC1NsVyR5HBX0QsAgW+x9ThKVJYmFJm8F/jnCa61CblhEzblru74rX0/r6a6YqQwkQGpSoTSYoQA4QCgtpmEZ1Kh+ZmQFBhNKeCyP7aQ5lFtYau3xK+frrp3//x+s3b6+urw8XF7v7rk6XLl26dOnS5SPK9fXhzdsr3QDcd10+G0Got/fH7c9YP6X3hVeP/Eg7fa5hQ7m4XJ9b59/4vj29p99lOhV/Nfdrv/5bXeFeyp3wGnKEGz0arlIchM8n4s2GUxi8sh2u1pmdiQrUUEGZAdQDGHMNIAoUXi5z5mMiDYGCDlhKdvY1EbWncX56sUqpJdc8zp0uH8kIO+F/SOunJC0OBJQtvK7/Fq8wfWTZY2c5kKbjs0ic3eNEw0w/lr9uMFUeecej/iQndVh63/Lt5i+7lHk71rgFD1t5iw8ZrCtvceoj+uOmJJf5QJ2kbCEdLs0h80G43iMrX9ZcefPBpWeXani0oIcmd1jn1COp3Uo+XwZQCrbfHB4rF4Iq0f2QlgqbH/KWqh7t3zuUU6eO7fKJkcVymQdAQIsHqPMVpz4RMWxeD6NorEmkBPj69sG4ceCjAt0Nu/L2LEolJvDMYt4KkCRXDpNtCID9TyTGGGNkKbdBSjEUFpbcL4AoOAvO69heY7dWxJLGkl1t4xlB/5dfwSWEEIgCUQgUQgghUEAiDAGIMOg92TUQDkSBaAg4BAx2T7sQhiHshrAb6Gw36M0w0G4Iu2EYQggUhhCGEAYKgUi/tU85TroAwBDoxfOnAPDy1dv7rkuXLl26dOnS5eOKLvcvnj8dAt13XT4j+fe1G/drv376axGDsF/79YSrfBINp5Yyzy/Lv8K2nCsatpdVpIgZhgBEz9bbsiNmExUhJEKiEIImM3OykIoHn0muQd1UVr0VIKO5m7JkEQZBEWRhUhohMxHpT5V1ckJsXI1k1hABEAIBgNGLzjZWj3Sj5VsFAICFUchTCnwxG3ktUlHmC64FkDpZlqyod+5dUGrC46lUqmTjvqv6zLXhXH89Btbhtxa3tcD8sMyfXMnJiuaGwolf3FkFUsrR7muyAI8O+Hmhdy/onvlq0RlD6kbIlfGk7dzBeRMt5V8Zk+l4Q9347S90pT0nBU0G1cTL6LrmW3TNh3tlXIKyygHzQKhg65/GJw5iV071aTQBUuIQZha9Ug4FBIAggLuJVHK8L6YEwM2ClmaYo5Wcj8lPIx9vtNzJUDxCgtQNjN+IFWpezJP/WBZAKFxSK77IXs20iRJ3+1lMfI4LCgCQAV1WqlgsQHZtwgxsh6aYBdQ3KaFXDpBzeYSaVwCBxd8GpzOaL2GSSfci7pw0DUlMF8guFvQ4FEJAAMcIC/KjIAiSejulAuY2MqDVgwXU3TqpG1JB8aYVQCBSmmBQyBaQhASisHrrdabuRx1oXdbkxfNnL1+9e/nq3bfffHF2Ntx3dbp06dKlS5cuH0X2+/Hlq3e69N93XT4vuXe794OqSb/268e9DiKi7gMxuxzs9/3+6L3c+lmLP+dAyWr+lTzNcWuWmeV6qhWyqT8/Cwvp5rgT3QO16yzLgmm5MtPp0W88swkiAgFGO1NOiIxE5DolRxgD/36TktwmmDL7LwAsrNZSEWYeBjVokcagQUQAgpAXv3mMsYlpfpJYPpjqll/bf0oAZ+mFVSuApC7CRARBRAZMjxZ26mlZcneG2nU0rvmydy5bHCfelW16gm9N+lrdoc0iZi6qasFpk2fV1t/oxCLnCc0r1ZczAzhnGOp2tpw7W7OAi0fzT9K3D5JjOZd/dYOz4SUZFEltuRnaMWQF8is4wxUhzVPpPBFaYe6qvDDUJ6aNAHigxER6Pp2S2OzBSejKdcjzpK+1xH7mE90dygPk6ExmgE9DlWuWVZwj8WBygApz4Ox7kGIZSf7DbdSaWoR8+gbyzJYUzCapuWSkp3Avvm1eLJTg1AnqkkzG7Umgfrvou+/NaVes4qbJjSemA0J6DMqOjKD6F9WpxLsPhIsgkjoruTo7X6U5vRGSsso1uyJsLE5ZZHVc4GzC7FrBFeiDhIhIBCJKGhQRrl8579jyKTDHsIumqP065PDVkEZ56nHJboTS9Ft8j1hO7mK8SesM1CiMlGZIQhRBQgFCEUQRBiLzyoDCJBhFkJFZEBKsmDyqdvnUcnGx+/qrJz+9fv+vH9/87rvn912dLl26dOnSpctHkX/9+AYAvv7qSXcqfpKU4QBOtT+bhoU8qzqxLhe32a77fb//7O+H8i9bM432+37/Me/lY5clS3ncxGfpkuGA+llZ1ble/6VnUzqIx9bVfwJ4zDAEO0cuCGQIIRKYbyuskMZCdA1LBbi5Cd3IJCJMQmwHxZk5gnnMErPDA3jEwUqp31bW8+M2blQQQS2DwgbmuL2sNtGaoZcRSXMRCrIIgrD6+Uon7jEtzsW6LQICGrcHy765I5kAX7DN3ipFeKXTCkvdlsfGUhFrHXEq+6fsWfPQJuyG2FwT8fF0VLlqKiG86ev4ujNrUP0uGsw5qPpDGskJIC9BiMqiCz7ecVKdWSUqENX/u5Tf08uOKzMn9CUnHB1ICfPITSHph6RTANLm1QB28ObLRNAE+eduyMZqLcGwlAwY+hdsCjTgJ5RopH/ogGiQZHHwIfsURGh8lpJylCnlm7lCa97FswgtuR06OP+lOUKOhWksRpvnuV3FPracSok7+ZCEzD9wQbAZvPz8pABTqsqQgUlpFZBiZtQjIo5kQ3EH4vhMUpx8PWaUUPJ3VfVZrhbkPxpz7ct2m88hjXlpfaR6kWKfevURrDwI0J4/ZzLJlDYhm2Q2MOrRXaBKvoUpTwmVC7/NJSmsJIEdIEApXtbdorPB9LaqY+oLX/mt2Lylcr+kkpwyIDJDcjgrrBChDTY7qGTvxwABwA5MYDZEGI2v8pWeJyUscDwfkN5iuTbFqYsSHUy7H5oep/GvI1Fn64lEvZOW00v5O6EBiPalkIid2gARQCbWLZPuZgRJDL6FufvULp9Kvv3mi59ev3/56t3z508fXZzdd3W6dOnSpUuXLncsV9d7pQ9++80X912Xz0wwb/r9hFz+G6y05ab7Imu+T8+2fmzkKctdKWvp2Uk953bjZv5b5Fm/n9ez3/f7I/eDONWnvmJP7+mr6XJrPVBpWM8PJ+qf55/Us+THTPLn+sBCeqFBag2qP1nWG+0DJWVBQAlKuvZgaVcHImRBBMBkz/ef1Lg6jYdkvrkQCQk1eo7BPOgIgoiIOmvzM/EMweyvOViOFOyIxAJz21ZKbjotnLj+s2qIsGjMIU6eUSmfftd0UIQvKI8AEZBZGBi1DFBHY0TITKQ+SFEE3TMpsESEQIS5NSCbkTdKScioXIBOmzrLmsvNyiqtfVyXN8HYMnCTmn9BsxddmXwTsFdUbALjHeVFlQG63Llrie9hsX5USpYxgzpy2MzRIhRMt0pJNv+2ZNbsue+qMemNXgQkS9GusjHUu3pON5z2WLqZ/mClOL/IfiZqPGvN2mqxUq0r8gjBmB9PGSQBsPntIBNjBACDP2ntaYZ14Iz0FrOcA/oO14i4XdnBQhEA9s7RilmtkWxqdKfH4mxrUVQdcTpsEIEoR6EzRrjfiwgRlfWfNpcIEc0bcu2rXJClT6xAKNuPNL+pLUScLV49N39l67JUk9zOcwbhnL6Z1dVTytJZgUwWg/pQBYqob0MAPQUDYv4fjTBIZFx5i06HQATOsmLHTvKqjJMPSgSE9Spsw4kFLZ4hlSRCmx4mDVuyDPO34Ud6BNj6WGbt0dCWyF/pK502Vp6zRYebnc/wLwlSRL5WDyYFi6RGVBBr/lFUkRqXHi4+8ckLFmdgMG0ToPAKnjWIILD6sURQr5Z5e4NAZAQ/c5YpIswCLIgYAKk45CDMAkSYFiuxnk4NIcDCok0mjCBRq6HzUQozWDagZdD9joid1rIdTFQ8M5FbeeIlgchnXIcGZbY+FO7SHWD0RhUgLNytWmczgCApiZZcSbWg5PoXwHr6GAmtMAJAwsiQlnVAAAZgQN0wec3ER8TqeOjyseTiYvfNi2c/vnz7z3/+/B9/+va+q9OlS5cuXbp0uWP55z9/BoBvXjzr9MFTpfRqdar9GQBgOT80LMNJD9bl4ul26Z7e0z/L9KGy/FbXnt7TP0q6nJBfTtS/nl/q0mVJjyzqkaP1n/06TZ8aVdE5U5mXEJCEiIWImaUwWSbTeWlYTzhLdtiI6adsxTZ7LoCAMHNAFGRhRErcvsTxw/LBpuW6NOXDTKT6IbmOE0SMMRJhAgPcHsosSOoIVX1jFWELcwxCs9cmq5ZWiXJtBSTBChvkE8XZUobWrQqa13Buyp+7hP0Q/Z9G8lss59nAU8TyfgnSmIN/UBrKTyx0o3wIV0zc4dwi9KrZ9KYgtpIeNih5PfNnk2HZAmQpMmE2YvvGDJ4QBGMOmi9lK1J8csRcm6Qa0zzmmRa6hjUsWA3pbRyQiNhs4Ifmw3Ojc+ZmzT823bAEAmfwLW6pwNHWLtcgKM68GAZt9PgMcpSaBRAAWVh9UCq4k0bV3E+pg+8yH1Qz9XY4oX620S/p70Lx5T8dCPqoHeRtIhN87mFIBVn6MYNEBEzhJJHFPlLltpnfYSQBYxAKgno/ZwFmYGFO9DabyliKUJJEIAjkwQl9R5N3GAjIOqHpgosAQAoYw3SvMplf00hgdM6gb0Gy+UAERJ2yIxq/u9qJAZbEVMlulg3dzIExM5kVi5Hp49Aq4Dd165cgfTpzp65Gi8/Z3xkQHdRG3SsqpVDIEENz1j8vqMunlF/96sufXr9/8/bq9ev3X3315L6r06VLly5dunS5M3n9+v2bt1ch0K9+9eV91+XzkyL+tx+oK8wQLbtrublOKWXO8o/DRnqpBxr6m+VOUib55+lb8s/f91Q7fLN9bqGnp/8bpQ/p718sqFL9vt8fu5dbPyt2LxvyF3lgkqc5bvPp8IV6CizpL56FhfSUP9luVGdZVrbFpHpOdLoFfmL7y7wlBEIUJCZ0b1FmkLKfa95VdWK/bTZV+xQXoIgwC6ipSMowY/rSIKrKzXtQS6ncKSGmKB3SRz83D+rDkAVEGBgRWRw9IAARTD62GASAQVFRq7ByP0Q0RYhE3ARpiKhhGilA5LS269I035+kYV152SMT/k0TEpgjsnMztLTylxnmSrYXeidWbx+Y0zCRbeUlpx3MDn+UwNTstaLR2o+kahzt8Y0YifdGEWfsVsMnxeE64ZEafKqJkkeqvII+upIyw2lDwvui+ue0CgsNmzDCLeDT0ni4q2F8J3qOQoN3O+eUslD5CjybzDMfXpMS+0cvxX7xH5wVBs53T8/mmhEZQ7B0PzoF8OqVCEpcp34dxWKWjgWUDXL0BXHDF+Y5bbHPk1yrZFu2/GyqNZr4xNKSEyYKKQr1XRTKlm9aJAUIrPT5VIWZM5zaVAQT/zxdi+1Fii6suwNUxierswHrQ+sudnegkFd41AdSNRI7L5H01PNA3nohSPadXvFZnbqHaFsQHyq+r1NvDAZContiRvJtBoogJ9yxAAb9dd3xuxhAKCKCpNxwLZ3QN1ySWddpT8cMkBcYqP6bxmpe6qAY4VYBQhH2Me/xNAmB/ZNIfVwMvS73IEOg3/z6y7/98NPf//H62bNHIUwZo126dOnSpUuXz1Fi5L//4zUA/ObXXw59fT9dkp8VcYvRdvuzxY9fyAPZLj3P4+7eLA9us133+37/2d9bDEL9w7AJoPf7fv8g7mVzflnKozhWSpdsD6yflVWd6ddmHWRez4lOEI9VM0dr9J8CiEiI5Ie8DSlDfWDFuC9SGXkSb6+0mbp5jhU0JHVKBU6qALeIgRlkJ2jN1CZrTwJAwfsTj6ZkSCG46ZZzoyOSABACq4tCFABgg1IVHUzaHN00moDZBO0Iv9dEYYmFllmXj0eksz1Nq5Tin8mW3sYIVyp8as0/IWWwaeBuoSPb7N1LkN6SV8ZmyvSRtY/Jcm6CiFIXl8FFa5lzmxpqir3vFmnHwzuK/rV1AULxssU/T8LJVkDc22k49amCQ/NQMMKkaumnT0vk3TQ+NgPklVTUvUa5kNfE9NUj5HMwAJl25cDNhKeeFrXGEYr1T2y1gbdg0reI0pb3DsvPFktCtRbcgUyaon3gZ6ViMgGNSi+UAsmhpu+o0omgBHIJZMgrT5JG9RQwhNhXeXdR7E6K85jRq0N9+UwTS8H2g7yXmb219YXWAwXFMGN3PAtYFQUC7PlBDL6ltDGyQ15pTwN+IgrUW2pShUbmYycaAgOQmNEBEy4omLYwUvk4z9RGwHInOu2pjA5mHraaN8whNWpEQkEUQrDDVnc62Lp8mLx4/uzNm6u3765/+PtPf/j9i/uuTpcuXbp06dLlDuSHv/90GOOzpxcvnj+777p8lpLQillcbrvF4h78T53ZvUf+Ke7LU5+zPMngO9c/uW8+O6nn3G7czH+LPOv383r2+35/5H4wLpT/8dzv+/22e7n1s4aWuR1kNf9Knua4zQ6hFuopsKi/cCa1kJ5IanaUxHWWZcG0XJnoVHockHv+dZsOqKTsaiAlYvcpatZPzrF0oDCZZclH0aHSDMDMRBrYTLQaatZCFiBMT81RhwkNLkEd7unTXIYmW50jeLlKakgzXC+ZsXQessiClEpRODAxCAHAow8SmM2s9v0lDT9+K7LFudxJStalNMI1+0XckruF8LdSn0kR2yXVUNwMeV9SfAjSSFzKXMBC60+lbAmardxHLD+yqc5W8TZNc11JpXCNO5QLPb2j13hDyVndpJTJoD0CcH4wOvjQZImydurjR5uuQRQ+ZU6biy4fzaL0P1ysI0v1WS99gts161CXa/9Ms03GLlJKWiAAOTxDYwAAIABJREFUiMKEC5hWmZb+ed3scMYK+DfHlSslpyDtSy22vf+KyKh3g0k3RWROC9z6YB49xaxZwYQowIju5Zwhir1PscgAGTkPOMGHLMCczmFpoEEuliMPzWjDJpFF011a/nIPuKPaLDbLifNJK6kaRYG9enggAnC1cyjYgxkgzPseABChVMn0IjrKmZkQgQDtGJVC5ZUDgHJaTruvclpujq6ULZ1FMw2I5Slo+8y8ZT/7yfrzl+9++/X/97///tPr908enz9//vS+q9OlS5cuXbp0+SB59erdT6/fI8J3v/36vuvyuYodn8425BPsz6ZhIc+qTqzLxW22637f7z/7+yHZYhJy2O/7/Ue9l49dlizl8QiCli7Jmjd5VlZ1rtd/6dmULsxAiisuko0QCSmQIYKc3WyKMDBPLKSY2Vqlt6sc5QYgmZOMikeCU+qdg5kahacGWiZmbj1ab3Y9P3pf0DhABIURhLN9NWOHGn5I0xAYQQCTHZvM0JYYhBqozEOOZUtgSUqQolPuRRoeQUugLTliO93WPycd6s3EnD3tL+/+uR0Y534/iyd9DGeT4qcRh8ROaJ91LLAJCaRERChx9aWcTfCkbFP/+qDkS64zO49jbNsa/rboYHqqhGLFaSZQTF1QnjNINZ/j0BuJcXcKFuJksCxRnD+w3A9EBzeqXcpzFK5e18PMK7+qgu31WSlibQDoeMqLElmBzrcCIfCRVuEq9g3mcwITdlRGdcQP6NRoXiKgtys24xqW6EvJo7X/rrbQUilYKdiENvrXVYY/bDbvxmniNsti1SxOn5sXaAuxLb2KPBXZMK8jiMlXaYnYOcKlm6TGGyEiEFLx97tvYzQ4oc9YktyvIxCSuhhVpE0dmaoqEQDktDGzLN5NCFi/t+2KvAjyIjJOqmexUJoTaz7loUX5dES63cFUjE3MCJXT+eRnYe7O1r0nFIumALDGX54cfqoncDI/7hqDEPO87z3Z5X7l/Hz3u++ef/+3V9//8Ori0dnjR2f3XaMuXbp06dKlyy3l8mr//Q+vAOB33z0/P9/dd3U+V8Fsn/Bjgxm/qEl6mPMnC0QycRU229mPjTxluStlLT07qefcbtzMf4s86/fzevb7fn/kPscg7Nd+PeUqt35WTtBQ5IHJryWtr84PK/WURv7Gs7KgU7xEadXEbYCVZmnoFA2+1DIBa1waQQICITeGEoBbewUqdLB4bkUqsz6aRdVrYuZbO2qeXnZRV3onA8Ea5lG3CBsk6CWoNy5Mdj1IJj/lNUYEpQ6gOINQK+94YSgi/ogHC7IzD97ex1l3pXX4bklOCR1s6p9jKplVUKuZ6Dy5kiv5C8Cm6rj0yJyTeitZgTea2BJWFVjN4ADeSnEJPGjWARvE2zt4r/WntpPJ7lwS0oK5o839HNg/xD5lMN93aRyfSqCsf6oynDSMJ01UP7tJz+166qjCCWi6lLk5vcy7fols2iS0Netzayn5YKXCo7zAoxXIeqpTIwXqZvM4TT7q7DsUPQBhQhLrUy80adjVJcvzpNFeNsK0BXJxd7o0NBm6TUmRNkCRrruWo86r872urq39gPLQtEOcRGh/X3gOxd+CPYyOIBqmZlsAP/ZjfSuizkUx9TVB8K2Ceu9MLgrSi+jbUAIF1TdtsZ6ghxHM1aO8gpTnqCrY2CdKnSrFknLn+HbW/123UObBAhQHSaBAjSvX2sm3dD7ZNVnlJsDtBDjU1qGis4ovLs87mPpj5l/7I4y1LifL86+fXl3tX7569/33L//Xf/66ByPs0qVLly5dPkeJkb///iUAvHj+9PnX3SvA7UXtrlicntxuecZseT71VwsE4HnwQ6zf/dqvn9F1sD9i1brer/36YK/y4TnBGOLHnm3kKXRu0bCiE8E8cC4R39TaBQQoBAqSIRbAzoJZFv0wP9YnwtHpUlhYBkU00p+IRtJhAEr2S50c2kgGZqeMTZyj/rcZeFm4Ck8IhAQoAoTudpXNt5wIAalD0YQLFvEIWV2TlXuDVIylbLNy3TlCs0hVKTYeZSJAaZHLrwI2VrYW2kZBFqx9c396HwMlPWpqnHDRpujgPPFEdHBSUJknW12X+9/gjeWftiTCrNMnwOenwAjL17RRmMOKITTBKkmRR6XVU3Xm1cJxnnP6SG3+bqfPn10veqVhl4jRJ8nGj2UJC1xvzJLB9oFf5QZ/sNCcbfKDAksc91qW+HP1UpRGo6QZqu6OBPsZAjgJnZuBoDQDHOvBPN1tiDAI0xnVmwaPDZOqqXURttRpvqM0rcqN5x2ITJxGVz0wz12UvBoXFuv/md7JeLfYkoAardAjCzoQlk4RZSg5KxTQ0UAGEApb9D6JzfbJyDEZropVTYrKOaiYRgUVWJlUjM3yrnJMge5cPm1IEMhwS/WqkIBLDAglKJgCN8q0DFefdnuThaq942r4HfXHdDpPen1DSGCnu4omSbXqcv/yu++e39wc3r2/+cv3P/75T7+67+p06dKlS5cuXU6Wv3z/4/XN4emT89999/y+6/J5S0Ir0qE8qPELnNpjy19h9qusPlvZjYs8WxETXKzJLa/r9e/Xfr3z6yCS2E792q+f4iq3exYWf52O4cWc0M7fenZd54oGmZc+0WleOdmSmkHfzAYVEKNjGoRIiKw2sMRyqOksZleSwk4EXPj0ytwpNoRSj/OLUoyoyAcTa7WTBsBBhGzsrsG/+i2cApLiXYlIjBH0PYRQTWcE5g2MQUCImABiUZXkTy7briVzUgSTr3BoMvK2ixSO8NaybbTdo2TOJ2ZzXeHZy0kNmtPjA1U6WmWVBsFTUZwl4O1ukcIJRW9uKi+LyvelGXcbQLiIzyU2Up0THcNv1Lm0pM9MsfOCWl9u5Z1wruKuHLlNen+S6CZs25gaPRidd9sCrgq6SXLfW6FWt6vh0UFV/Dph5i3ATrcdoneOgt9VBZrj6nZtXsqKg81UirvxnDojzSHKNskMt8iwNDpZVeqvnBJIo+dT0vduBDCickxWpK5lrK985ZqcnQhZxs+r0aLqPgWfW4rV15wlND85WuYAUj22Vw8l1P1VfYArMq9MtSWYdYso6rtAoDYnB9WDk6zeninuYMm5rOZv3XNhnlaUHaj/c+/mengoN0JB2SMdCYKY/SdYG2K1ZoAvKKiBjNOg83VXUvzpVBCRo9CIRPoAM0vC9Zy9qrESq4LSWNTtm+QdFyAg4qDOO613KCSs1Wdm9+ZegHdFTMQ0WBe7O218vGELz8/g5E3rHcC8A/RNhv1KFpRQv88OED4k+cPvX/zXf//z7dvrv37/8g+/f3Hf1enSpUuXLl26nCB//f7l27fXZ7vQF/EPF92oovnlT340VuzG+Vf9v6WcuGaXhjrPeonHa9Kv/fq5XBODECD/7a9X6ek9/QGly+b8sqQHwEl8hYZaj4AHJ2yk61MZ0dtYT48XY0+xAIkalrA4tw4uHhHXyHaguCARCiLrqXpUvG1ioAS/cxubSAV1ZdjPm8JRPSsrqRKAisWSjK1Yu3pbN0AnB3EJI9Rqs4JwRCJCRBQoqwUQQQ2ySLIkc3MqSGEePWpXXcJ+Evb4MZxtuVvaD+IGTSIMNVGiD9F/V4LTkePp21DMOdeqacdf0eD+fKeZy0BWRyu2lGEFKTyCA9y1NOMCNqJWLTybnioHUqmqzLkFstoI3N7u2Uli01Ht5BtZf/yjfiZz/c1mXKn80vsuPTv/dTPZsToRIcbmxlb8s4bMYbys13A+9mVVp0Apv0rx6QIrjBATAW8y2zf6t/BEOq9JVptXwIzHzButLuLIt7yyCKa3K5Js771dllfYk9eRk2alOVq0iNhL/o8f2sn96OAZGtIm+k9m77HChazR7jQboSJYyMyoB5p0B5G8EZR1s+KqoztaGhUDuBh4ihESIgYi/y6p1OaNn6tXdp2jho2v1X2cGswHSFL34+RQFxjcSmnrdbR3FH5Og3lpMrT7RI9EUFf1RTtQMfn3IIQPSHa74Y9/+Oa//+///PT6PRF28kGXLl26dOnyucjffnily/cf//DNbjfcd3U+eyk2tMna6RvclGr3+tcmep70R8LEbpzuBRfSIW/T5/oBplborH9mJf4Qe3h6u1vb1Rfr2dN7+lL60HZoZH9Q9vSevpQum/JLI91TpZF/qkdyukz1VKapMr8s1TObsRr6y1L8TPw8PdnBoCy/qI/IvFwpf2HmgIRAYL49lUDn1bVoOW7/Q6TsMMtdaIn7rUxEBzdx2b1mz02dLKMF1ue+vdRKx8xIgO6/LT1SGbOY1bQmAClAYILlHP9jET9Yr1xFkejQoJoLmVlAonCAQCAEQkJ2qJ8IhWOUEoYsfc15fUGBRlIrpFEiHBpcRfhKhc1fpbhPnZI61Yyet7KlabMWQM6ke7JI8UjTjysWGcqbudkUVlPW0ye/JhR5C5Yzwa7Sux8tyK35lpR/TXfOeIVimJZV8X+UkEP5hWZm4RxthVWQZvLikqeAbDoubtotc2sHkvNn59iwtVT2Ytce5PM3XdE/h7VW0OiV1luC5ZrDaXv7rI/q+wLOm9DRxg9wTn7d8tT2DOV6oQla7KTmCNUslZ4uqilVOZL6znPaHQH431rGrpM02dZVRCICmz0gH2FpjUl3X6lHSirYqBzJ8/GJaETt1S/RslUbhurt7NFxjFTMbmU9Uw10AmKfpqbbEFvLi7+AFUUTRghQf3cWoRAQa8+VUngK0JKIqNoneSdLwdHzB4odS9EhVkIeDAbjISIARY4AEYwamIZL9iQrQMzA4KutIHvper6Jyw72Egkxue5MfgL8EJNkbwQgCdj2rmx9NbkAKVdg/V/qYlVCNBsqYENMxKA1BR7Bqf72AZAGVtSdGVJynzsHWgumXjo2ht6b5tvZ7sH7uqhS1pM+y8boLeM353ZIFcqbHA9HDdBcKbrcozx+fP6nP377f/7v/7x89U79jt53jbp06dKlS5cuR+RvP7zShftPf/z28ePz+67OL0Equ1n+k3OTHRtz3kZ+lLm1emo3xvQ3UmU3PlLupOzN+Xt6T7//9MGRaSm4VwLKyO3pPf0XlQ4JzVvPrxFpl/S4hW9zuR6DUMtlZiK11SjQiIiU1hy3bwkiCgoWYgZEImFO9qmJZIxwZh9HP3jucKWbuRxwAwAkAAi5FhN0StFMVJeeMi/XDX8M5scM1VbFTnhMeVhYrVQkEnxmIiAysNTj+hgkmsmEzIxIIsDMmoOI0tH+jOuu0oNWaFLpfWZUEsu0yYrW3AzgNHUJ0Ux7lXkQq3k585ulR26HDjZlMsYWqzeHjgoNzcwF3WeTYOs+K8r2YplAikteHN1Ej/MhNMexEFBg6p7RXnD5FZai0y0i1i0Mr/znNBGSVb85FnyDPY1cVdVk8usKRXUJ0lthaC19ercDTScpE3StPZV9GFi4pPNo3bY8O6n8Ctq6Lkf7a15yGjB1nqWuN0eR6Xud6Z10gaRFrwDCAMGhoNJNZLGmTNW5TvRFLfr7LgGrZULdvO0uSPOxQlArvYyIAFErXVYg0fRTXX211SaW8lubjktUf4+YgyAWH2k68WBKiyk1DZjJART05V/KQ0MgyqJMe5FpW9mOANm1JMjLDiBZQSh5HTNXnr5BYhFyBqFlZz/cw37eRARYBAAdGlYlyOxVUzAxAYTCesaIEFKsytSVs1k9jyJ3QIp25io3f2pSmEyGhhCigIA6dmdtdDujkodS7lhUYNwQ7uVZWPsoUXVrODHjetNArdjgIFYDPn04xpKENEzED2k15szU5V0ejjx7evHnP337f/7fv16+escs3U1Zly5dunTp8pDlr9+//On1ewD485++ffb04r6r8wsR3+uW9tUav8CJPRbKeyzttFjZaWEhPdmNizyw0f58Sj032ZOxmY73blfv6b/Y9KGwRsskPlxP7+kfmi53px8255clPXC8XDient1NtfRIs56TdlgFDzxCjSCiEIKgRexDAhKOcQUBWufuMLOyCgyrUwscATBCPjzPIuzGw4q7kPRvMSOV5t3MMrTz/8wJkkRUqA8RhUVQz76HkjCo1U4xBxOVQI1nagpLR3RSdJ8VF4JL9MFmzi3ZJpJtxAWSKhb+rciUWnWCaKaxdMwbYTMdEgwOUv66BBhsRyAmZLI11GGVJTav1alwY/PdJ6hGhQrMktbfGutXuA1wBY3HJwynLQ3ezNaMQJlaUvJoy3oqI3O2FjdIV2W58zGTUtR75JaOW3q1JVh0ifu1ouqk9A+Uj6R2qaCjnpxXHl/HRCsoa0HW2a5lHy3omSD4tviZ4xZCn8ANIEQkHVeKTcHiWgcZb5zhiJNR7RQ+uxKWfH1oH7QpXnBpCk0pRBRCwPp0DjjeJQAxRha2ehCM4wgiVLxpWWdViAh+DqaabIt5z5h1KUNzVqyfQkAQghIVVdIcu8vP6YRjdTIWXdForKxQ7zrMkQSFWM8yAQkQECIQAIFwIgKyHkliYQCk4Ou2jRZFsBRpLT0TALAdNxJzNAoIjiZXHSqJ6JdQ59yhkAIEzkfTlPWOACDMDMhgbhwSpU/dpKbTIcZrNM+fIfdq2i9NYEtd/xWVJKccIiKSvlRrbiy3w7Nx2EjV4YSkhg8Q9dQ6yZzL+mQzW5ft8uzZoz//x6/+31/+9dPr92OMf/z9NyEcjZHdpUuXLl26dPmkEiP/5fsf3769JsI//bGjg3cp4hyNMgbhqt0YU3qKQdjMjwvppd0Y6xiER+3YWKWv17On9/SHmO4xCNO3VPne7ek9/cGky4fr0SXFHZuV17yWYBWDsE5XPeIMwq31dAahxfYDZo4imLyHOaIJbqIifQqRE4VOLT0oiETAbdKSLWSACGSfvb5ywS0oXYOKRBZBFiL1AgZGXGApPYWZWjTsrvJllkQEWJCFBBiAE0/AvYgxc3RokKWSEIKAEBEISExuvggRHBpUjJD98D6gsxBAhMBiXCnvk33z8IHWropchakpkt1Z/7FkFPepNidJ9XwmfICPLXRCRfoRStSnQuYa9uKJ6b96kWaeOXgwxSOTGgHz0anjuix6oZVx4ZeUVOOkVTVWHq/yrIOU6kPPPaolykv5+u3Wm7pNnCqvqzV3ZiupAebZS6Sh5J5Mn3YFMneW6ympU7MNuppM8iuj82I8SxuWm4+BOY+w2eArQPUWxLc8QzCBnxGallBJU+WK2on+D58Qjr7CqaVsgf02Aslt/WzLEM5G7UKHyjQfZFRoqYKeTcpRWTxTfjUCiRru9QDHuvyjU2ek5CiUVMVMK9c46mG0fJaSe2XAIxGS40X2TXBRFyyUTNsqK68KEgQgylHsKmzS2fOS3l8EEYdhAAEA4QT4uHtRfZZZwTBApBAGfTDGGGNEAEL3wpr4ZMyZLa1LeNrWFzUWUbedzjLU9+faO2vxMaIeshHdTqD9SAAAzMAQjT7IkI7rsGOH6v3T/aBbb7AAWzBCZtZ/grEqBQQkRkFkABQhAclhiLNPcRaR5ICc/WkCQEBmUV8D3j0MAiUKiwlUBqBi5kQooitPx5iT7iCdDhMRidHiKILzX2NkEUEkQgJ3uyoOZFrreQFpTGkQRKdO2qyXnJ3qSa76q8LWxzj1RFoOVwaunaIb5mubXGi7oe7ycOTZ04v//I9f/eWvP759e/1f//3P3//+xeNHZ/ddqS5dunTp0qWLyeXV/vvvX17fHM524Y9/+KZ7Fr1bsT9rMpMP/I9byemeJ1tgsLRbLdqHcSE9Fd7Sv2Z/xiodjuY/mr5e/57e0+88vYxBWF5hltLTe/rp6dPRlVO36SmuDSdIliJrORvGlIUxXz27rlOqt6stL816SvEUs2BkJiRCBiB0s1x10t3tUYAF9wGFMDkxAykxJHsM3XNV1UQVRmgrlSJpzEDuG804BBoZMUf3KTXUWus2LYyMxvxT61h6MBn73C45VQvJdivqBCwhmkSkcCCKCAKzJL+jDECGvqq1TjxEnTTt9RWlryU4z9nMB0vWusz/W3wuqV21/s8jwK28VIlgiaQZv51nPnJK9NF+L3KaYqxYiUcxvBWZw8/VU9uwn0V0cAIirlelrpWKINb/wkkGR4gXRkALHZxUT5yHXDyDsjLWUsFzGlOreKkL8iT/T8u/6HxUVFVdbuFmj29BB5fUArTCd6UWAGnkL2QR/T0mi3PCgpIl0HRd28aK3QIXrLpSg7lNBtma/qrm3r9TtSuqpiMnDcJC/8KBghyV0BeKhcMXkzdtLSL2EWU3oZgBQg9AWM5jdWug6ThatD+ViJhLoDuiOtuU1LBIKALiB30QgTycnusxEuGE5akAYXnWh4g4HRhaZlKWLe37BBGAOI55j+GP+bSJACAsPtels07CwpEZldYPeuIHWTy+HgIKREUH3eu4OCIogho0kjVoH4vnEczOL1kAQTTqn3CZTYSLYcUCxMKExCJ2dMoclxpuaVArmot0DaMMFsG4ICsbRtj6LFDsUIVuSBSsFd3CIKIAigPBisuri1iP9WjzbnluSYtTIJCo8K2KaUTl4kuct5zYJ7Vsjk/DUyFtN2qP2PZ1p6WsywOVx4/P/9d//vqv37989/7mf//XP37/3fPnz5/ed6W6dOnSpUuXLvDq1bvvf3gFAE+fnP/h9y92u+G+a/RLE/dn4mcqpdwRN+3D+dfCatDInxxurdiN8xn5RUv1ov5j9ezpPf0hpg+JKuQ8qX7f73/J94Y/fUAe/XJOKFfsvLbqZGZAZGaDB0UQNQZPJcW/0W1YSiHEZGOa8MzygwaR1TYfceuXcojVSRYRCNtR/WySFzN9wUwKWsac+pOMkoUfMSnQsgJEBHVwKsnLlvKlSF2qAiKCmj4zg9DIh6S0A3YmQul91FsgV3+Jf7Nm8m5hMA0Nbguda2sbrAuwqumqbh3qqKhdG415y/wzlRJpKQAxN6G3UZwjsNB6+pJMkb8FJbcodwVEXK4MQNFXqWFmLi/TgTLwnNlQK/4o1n21FTRCaIKFW2hnkye0LlqRBcCgGsPb3Z+ud8RJY6CRGbHVAGXXwIp/yLvlC27Xdoflrp8D2KIgKSp1bC+99H5cnKpZe2aWRTYg9IgAXCAXBhAyHxntApNlCAueVv3hExZSFp1eKvMKyxIWKpCKm4CjE2CHPNhdjAxpLjFnqub3lHxpR+W66csrgAQoYPREFmHm4OjgOI7qU0AZciLu+mCK0Vb18fMduekMsEyTW7l3AdBy7bCQcfKIQViEWQiRQSKnpd73TuKnJwTY/JijCLKH5RMBBpQEuSWeILAjdeTwmvki1eNG7BslbTvFI7VOEcX9iaZRJyIcY0bd7D3SMOXU9fa+jp5WQ1NpmeruVSmhMXJUV6eCTh61FkZ0NwbJmOBLmvtwt1cM5kgWiBAJyDQBYHKiAKggaQWcL0X/nSYmnzHWtFhwEbGKcFmcfusY4cOV3W74zz//+m8/vHr56t33P7x6f3nz3W+/7u5Gu3Tp0qVLl/uSGPmHv/+kQQdfPH/6u++e33eNfqFi5hT/G2Xu5w2hYYP1OIJVOmL9t047vcqDx+y9Szqn/KyFet7uHh+EXb3f/yLvhwI3zxagft/v7+Ze7k6nbM4va3lynZafhVWdpZat9Sz+X5gZiZkBJYSkrkJuOPsDA8iHyivxk/C5SlnMWDmFGCrgwyqkx/iTHy3OLsoKwKB8r+wMTZ8p7LPJzqfmTGFzB4oaVAgEQFCY9O3cwVmuHiIICSEgIWrkoZpByILIiBRRzZASnDJY4ZSCt7B0VRDjwuPN9ImLrgYE6CycNgqS3r0lt8Mb8kN1J6aUEu6rPJcmgtYCP8ytrI3qNUPWrVVSq9PSswUjXC9oY7ZEsvFvDRExhX7WG99cTlQV5lT9DhRMQQP3kq16+g3OTL1tKAiK8Tyrc5l+lBELKPNqpEFSOmKUerSsB6jLseLuGiQ2OfoVzziyE1VHA+w1eW/HK3ZHmZtcw3niIv60ZdhPJqyFFmvBxgqVUDE+juMHCLMsNZ8+Tzv1SwkgCbKfJkncqzyNrRecKlyss5j4kwbABUfTJm8y/Qa3nCnBYqOQ55AagMxrIjNHDoHCEBDxcDgACxGFYSCiYJ5PkYp4eoiChOrA09hvzBqeUHWOh0Ni4ccYJSYwteZiQv72JSF+aSlHOD87y33BIk68Exa2GTG9JZvPYY0ByAAokeUQk/cBEAAghJi2FQyoIQaBzZkriruO9Q1HohWKACOQPossDI4dAis+qDH/ioiSkMaP6qH8t7gAMKKwWJA/9dcAIkhAiFxOwLn7/GQViAN+dl6IWWLkGCMzR3WVrvsfP2EZiBJL1VrcEGAy9BGsFEqUVn8FQlS4EECA8ihijkokTcOy5XFhNkTNJ4RhpEoaFIbiCJj+hgiO09ZYcpcHK7/77vmjR2d/++HVT6/fv3t3/dvffPXVV0/uu1JdunTp0qXLv528fv3+7/94fRgjIvzuu+fPv+7M/o8midvgBwCTe5yjNmRczYOrz27Ps5x/az37fb9/OPcDZPy5X/v1l33VcW+nLlZyrufZoqG6anTc9JS6n/Lz88lmJIm0MaEDgjMR0LzGqR0qm1Nb4ibLnLLE6RHzCwaJ64foQXdaDtygMH0meC/HMXLPomoXLbyfJRujJOQvoYzqSiwQgQgKqe2KmWOMWm29AVIGBYRA5nGMtDErxmPiE64Y6zdiA5NnoG5wyb9UGCrV/TgHe2bIEE6YaDM4qq7ILLEBNS1kmP+zfHbCTpjdTCmJEz2lO8otSInMMIPmC87vN+IlzbfIsMTEcWtRun5tgBkJWNcvub2rITXvqSYU1JQlp4Ubxy26OR4r5K9EZo8gIoWqRaRtpQtuh6vlgmbky9kzx3WuY4RzHPGoCX6u4SRQfElz04/rSsW2FYSzf01nsKbylCwLeW7Nkpyg/mmWEEBmznCgoTLTaTPJZMTm1QeqJkIEdMwmYzdHK7n6plY0kX7opa/s5GiyUfM1AAAgAElEQVRUnxrHkYZhGAZx75h62CWEcLY7OzvbEdLhcNC6hRDKslgicxQRYVQIUKEpfQddRCd0MS03pDNHAkQoLOUHxWhMRFHX5ojAEtU/ph/EISQktHWcBRAFza2nIERhFlAuP7PEKDGKWEBFEiA9YKScNREg0kkHxWP1WTDCIvShXxTIsk4UBiPs2TEkAWEBcRCWFDZDJACycI4gbOc0HIJEsRDOmSGPICjqibTlTdlBx6rH3bMoR2bgFDxSc4sAIhUOQ23psGPESu5U3LUE0VHfhSC7knUao5+9UIcKGeafBIVtj8/ZtIZIxSDIB7vA/VqY71Og5uTQ5aHJ86+fPnl8/sPff3r77vov3798/fPlr3/95aOLHpWwS5cuXbp0+RRydb3/5z9/fvP2SuMEf/fbr8/Pd/ddqV+0ZAYh6t8CBecppZTW18Qg1L3uYk5Y1DBhEM5K3KJz/lSjlNte8d7t6v36i70OBcerX/v1rq93OLrkw3OqrNaqYDws6YT1t2uWLvkpBkFhkSiCLBgkgBO5oBkADFJomuxiNElCEfJ1if6Wxc+zOIiY35oFqIjDWBOl7GG3T/kZ+gxllM5FRdhjCLG9N4uwAFgIIzWZJj1IhBQgCAEwAjKyi2GEzGB4YY7fo2ZRAZESzhRcI+01W2RmnZ/sS6DYYRRjKTcoFAgiZvpYcpxn3gB8ywLlmf3ipla4jORVtbsLdLDES6oqVcp1qwNL2golU89X85aVAq8ogKtp7pNaIP1zDgC3Uc+EBNwe9pBF4KXsxzq9DA3YhMFOg64bmt3cbP+w7yFvsX0Up4YyQHEWqHLjd9SAsU9/pA6l2XD5WD+/WEr5OTeJeis12cLM24jV3WJEzUfydlhuRh+sx2Q1xxz5in1xaIOUG/u6omhZdLmGg0RzZApU+BSVUkn7bSVnKLAmPy3imtHZWo4qyarSCpUsAeaqF/S9ZlANIuqBmPQgx0iIwzAgnOmapQ0biIDlwAdhVoeSGSsDAJHIY4xjjIwYFIb08zQAIEpjy3RIEB4jsyCiBj5R+G0IoTyugEQBUR1ramMQBQBAjmBYFxqJXEFEZiUK+0EeW+Ijg3kHiBwZRCCKMGcCqAcSRN3t2BooqHxBjVZo75MOJflGQdduAZQo0VFEwOSrHAlQkUgNk+x+Foqu5xR3EBCFgvIL0f36ACromQaRQZIOz5FUh3XczykzR0VWxV4QzYUDJmakrQSEtrr5BJzOYGlFnZRrZ5oM7bQ1C4EgDRVms0sICHBe0VYmZFulMXNcrbYwbSfw1iD3Jnv8zEWXhyHn57s//8evXr56+49//vzm7dWbt1cvnj/99psvzs563KMuXbp06dLlY8l+P/7rxzcvX70DgBDoN7/+8sXzZ/ddqX8DEXDETgoG4Yo1OP+KqzlxUUOy+aY86yUu6dz6VL/268O5DuDWTfSYFJlz0NN7+i8uPf+6nN/MKXdVrkr+lUUiRzUxkRBngC45KyvWRDcbITKWFk9hLlhLRaQ6yCbKam3N/twAJENUtpIlQp4w+OvYmio2X5SAwfxqN8mol3BB/5+obzIwD2WWEwQAkYWCRLEiGIGYJwAhxogUUEkY5H7QzDWZlgQkyV4MS2brUpy/kgGTRYRwjt2VbVuYu8kGkKZXoSAFZwCAY49uZTSgBlo4TYn/tRGywlzd+HUhpcEalIX0FtDXBlRaWSdQzQQUnelptEB534Sy5iUeQdoQsSoI81gola+pWNEveeTMcjkQu6DApotj9a9hmxZ+M4PZzD5dzEyOW2CrL7bwC+eVOfr1Hf82YTW60hRmOk35qbKCGt4ayt1Y0JYxsPTsQr7TKrNQeru0Jei0XNd84IvVxm4TkT0jZYsVk/zZJFwQJC1jTh907MWZXYruFcFcVxm6JVhY5SznC58ky0mJiHbDICwxjhKZBsQQ1KMkC8cx8hgZxsNhDCFAsEUrkRERkTmOcWSWMIAG3LXlXoRjHMfDOI5ElGCmeBh1oVRsUBmHwzAkziQR0TAgIYtwjEAYYKCAIkJIGBAg5GUrRRRUqImjsMXC86UbBCCyOgiVyBAjRNbYeyQgiASIIoiGqeleCNVNuDhAqA7N02keTn/wC2qoP1/HC2cJFqrPALDsolyDVrJtPBAAyc4SCZmnc3feIL4JSlfxzhTdZRX9bhikHnxi8TMyCKRIJoIisvbegKHad7GOi9JVNSan8T6AUoRM2wpYbjQGIVpfSDns7RhUgja96/xNdNpgxmIz5GgnuB57L60I3fGk2eUjy4vnz7788sn//M/PP758+/LVu5ev3r14/vTF82cXF53H0KVLly5dutylXF8fXr56q9AgAHzz4tmvfvXl0CMBfyrB0n6rx+CO2mPdHrZip91i79XS1+y9WOev9Hw0nAUfhF29p/8i0wdIfyqWV//rsaf39F9YOmzID3dbLlTluseqCEgsESUQa0Q+sRg4hOBoJoAdSgcUOz2Pjgu6DdTU56oLICMEWBVDaMSMRJ7IzKJMi9LyNn92cl/b2jgZ4GphgehcCBaJzKD2KvR4ieZDVZCZyc2mCRNV/2hACIyAdoZID+ib7W9m821BJvW7FDelf0yrmGTb3jF3hfrK3h15T5GwHiTfRthLgf0AZgAEWcAhGlhdwbmTnAru7nIRz5j/s+EO1A2Oc7rPks4Ze2kN2yuHEDmfsi5/DcJcSmwiVU1kcfoOefwpwcbssWWepRbYJlL3VapYQhAFOE8j6iZvo2PP6nBAhc95QfahJwDQKIYw+6639Hgz55bx1miUGZhUddYc2pwWsPgxrte52aotCp0kGtk8c47cuRnAW5FS26SUlZbczpAuqq5VxcXWSF8jNRC+NM1oGgAVxCMph2KReeIaUSdUo0WlQV+wyQRSWNxjDZvXnUxgV6Xqf1ID2qYJXFILpBMf874rccHJtXwpvRJROUjMg+jZ2aPziyEM19fXMcY4jmMcKQRClMj7/X4IYQjDgCSRmTkCj+N4OBzUiehutyMiYFaunOI8fp4GYzyMh/3hcBiGQeEdIjrsD3EcAYDPzsZx3O/34zgOFEIwiDCEXdgNRMQAkRmJhrOB+YyZQwjDMAzDQESqkJkBg/q2ZBAYgVmhMeUyWnBhZmMTRpZxxNECEwZbxVFYCN2xKAApeY+NkJc7Kw0SKwVAHCBMq7/tVAAgCCKicDGiFKND3VegxSlEYsCACeLTk0QMDLl7edK5RITI6dNTd6llVoXT0N2YJlhO9zSIoPUlEnfRIESUsDcdegpXU3DQWiCtQkhmWiggzPTBCqAeuko8ftSojQAIyCCUlm33gKtfWj0BVDOGiCCDZIcSXT4rGQJ999uvn3/99F8/vvnp9XuFCb949uj510+++OLxfdeuS5cuXbp0+ezlzZvLVz+9V4eiAPD1V0++/eaLfhbnE4sBGXZgLttp1uyxGf5btNPiQnqZH/E0OzBW6Rvq2dN7+gNL7zEI+/Xf56qfwH3HIGQWRKAABV4IqA7AEJz5IJKAOjYIjxAEgQiCoATUwDju70qPwSR7mZrgEgnfTGZuzczoh4cPYgYBJiKEgBIBGREJgs8bJk34zW/FPaGxeOwjtTdGiQIMah6UKCAavYjz89os5ng1QEBEjpE1fJTGfAIAYYnACqSRhiFkARDW8IxFmCkR9czWtO9XAKdbdvPPJakBobIuoy37CRbT/5KbL60DfcZV37CuMimTQNauaDpphkblqITo4fAyUWDyQphpDTo+k9f16q01MSspEUpJuGNZwCL+l7lm3n2w/Hv5Y0IOvEgNE5V/r5Q0wL+NiIgUZv6keY4JpM4iq6g4jOC5EIquakoNW3rb1l9KYuymVk+vamtx5m9wZv2hVDBl2UBHQSn12GeDzzJbsU6lCoUmwSLq25wIuB0CzBgwlN1X/lcmoNpCnx5r8fWRMG+fozh3/QhmP8E5qWyW1JX29bkpv3jmSB9NKjAH/FagQQDQgHOTkZAaR7LTQymqVXrgrJ7wLrORmk4b1Gr1PylcWRHazQK/VZl9xbRpyc5VgsZvA0y0JYUpDAXDwmWopIqmWqLkDayuoOi4lk4siEAKjKAAAQXCgIAeqK5w/Fi0s+uDAqcEQMBABDm/xv8TZlAnyiIwhB0SqOfsQHR2djZQOOz3wqwuTeP+EMcRBxYiHkcYRxDgyIfDYRzHGA/jOI6HAxLuht2wGw77g4jogjZeX+veAFD2NzfMMRDthhAGEhnjYYxxhBD45ubm6vrm5jr9HatgnS5NRHh2/ujs7AwDCQAOIQzDIY77q2skGoZhDAMREoXdMASHCTUsYhQezi/GGPfjOI4xEIlwjLwfDyIUGUbmyBwjKQzHLAKEGLT9nQRIjnWRADADR9bV1UAy7Rou/lqJRn+zR3WoGfIIUowBEY7sDEffUxEKDkHD7zEb0Kn7Iq2JOzQQyoQ+ZDtHYU7d05hLCLRvtXwUCoQwEBIQAYjGRQwgAdHonT4J69dkYRMRiSCZJDTddIB5e7WPitQpKyCAEKC+Y8CCXu97BcwfY/o2EEXDOqfNJ1ACbNOIBoSwfhKjywOXi4vdH37/4ttvvlBygzod3Q3hyy8ff/HFo6dPLu67gl26dOnSpctnJu/eX795c/Xzz5eHMWpKp+nfm/QYhPNrj0HYrx/t2mMQ9uvHvN7h6JIPz6myWqvKkt7WCetv1yxd6qdEENQUaa4yUUJ5Sl6cjVHg+Q7wgaAIBEEhYpJAaPkUgyC1gUGqaCG1KRkFBATdhRaDkIieUgcEEiFB9gfrVbqhsOAJGkYohhYyM8dseLXj+PaLmr+UOmmGrAiST9QjKiExN5TRCwwdJHLjXTbEAaRTQwt2r+QKwEC1Kcgj9WsmLiD4KaKpHd9bKWFuUHjQ1ONJSyAI1uZvKGCBCSq2BJJlDVOYc6k40zbB34pSVuyF3mrrJsUWjgkFWIVpA5XxpEK9fBA6mLRVA34BUfOPFqscuVLTdm29UuvfmPzF5kkjAST5OJv/IgmLobmuif51JiuWIa9SakY8U5BCB8Wabzchya28f8o/rebspzRQy+huS3rmbOCp3qP1mT0u7apuUzvj5noL2l8Ds1lkoVYtmTAFj/KeV7TVqCz6kMtDwvlY81JS/hRZDbCA9EuQrnFIAfQ4Sz13ur/i8lwCgK90iM4Yc8RHqkXLl7F0uMe/0rSW5iB29rDDPZJcNSIBkr+zn6FxV5NYtkNBIEdQXlhkj1+ILBrFTmdzUC/QhESEhACIJIgCAVE47m/2IkyAQf2C7vfjSMMQiBBiPBz2HHm/319fXY3jIcaRY1Tq4W43aBBAxacjCyDudkMItL/ZRx6HEEII0Z9i5kDhsN/fXF1fX12Nh0NeegGFAQFDCI8ePz6/uAi7HRANu52c7TAEAQEIcH4Og0QRZjmEYRiGEAgFJEQMQZ9HgIAkAQYKFERgHGMcWWKMcYyHGMcILMhCAAQUEFmAWEAgCKAIjxb6kAAoRokxIgAhEQoREph3cjvx66uE6NmlNJZY4xNLWl8NDa2GHRo4BmQuRdlCIQqIhj42H+gaAtm3VkQkAEQESvaHNGemslBEMJ2wABARIhqI/NyDEEJAGAKRr+HMnM7epNm0cC3uoxR1ghFbpclGODFa4GrQI2JQb0BUo6SPuphA/BuzmqOgEKAFbPbXh/qxxbmmy4OXi4vd7757/utff/XTT+9ev35/dX348eXbH1++HQI9fXrx9MnF48fn3azZpUuXLl26LMn19eHy8ubd++t3767HaNukRxe7r7568vXXT7tD0XsTM1mC9BiE/dqvH/+aYxD2a7/260e5qnhKjrFk/2MRRov9R+opKpu83GiDSAAMRCgCEN0hFZIEBLN56TF59mcxgUBejcwd0SSzriUejB2/BxRDDs2EVNqFU15HQq2SCRw05E8JfDFGdUnGhWku4aIiHnYJEIkkFVDWn4hETbVGBzTIMUb3AybJUZgIA5AtzRlhhKkxPUF57pJrZtCXNi6FqY5L9KnUULWhHhadATogt4aHbQEIJ+lL7K4CfKxyYJlBrF+nDVNSGAvbev2mFaK2iBp5cZKupTbc9DrzRighli3+OZPIJEPxTdzav2iTutryV1kbZrGuzYZS5gjHpKkncdfmuEgJB871fyBAWGbA5WG89JFO8xytyiTbtu6rRu1k5Kx9ucsK8SiKfqxKRymPC9kcmjbKkiUul1PcaH5/ymjJZc5KjfuqTb82hlm72jbIMX2qKQJfVq4LmeGJE11iheixEfMjCY6KqttFxWT0NgGeOb5bbirXlWY4RawYAWC0F/GjOgQG46AIIgRCkKhORkkZ8/t95Hh9fQ3Mu2E3UCDh8bAXYR6Gs92wv768vrza31wfDuP11XuOrOz/EMLhOihvz5tFYRzZ7cIQgi6m2hCH/bWtnyyIGEd1O7o/7MfD4XA4HOI42mIONOyGm8tH548e7c7PwzDsLi7OLi52Z2cUgkCMCMBRBMbDuEcaQtjtdsraJyIaCAIJgAASURh2JAAYRAQPozALoQCN42E88BgFgJACYAAMWjgDRZYY1QdmEMTIwiwEFkuYCKl8ZwAA28Z4Anu/AJAAM9mOyLpNgPTUhHgPChILjlEQWAwVAxbdjoiFIfSOJ+Pu2VwXyLwWgJJa2VBnD96a4D5AwIFoCIEIQVgkEkIISv6sViQPMAg+yDJ8n7BDLH/SdQFRCZdkrFBITnlbM0D6fMShfQEAQkp4vx9qBvEjSxOHul0+dxkCffvNF99+88Xl5c2bN1dv3l5d3xxe/3z5+udLAAgBH12cnZ/vzs92Z2dh2A1DIA2Quv30VZcuXbp06fL5im6fY+Qx8ngY9/t4sz/c3Byurvcx5r3Qxfnui2ePvvji0ePH5/da3y4AJVqxHbm4K4zjYWIlD7NW/fqLuOYYhP3ar/36Ua5QpWT3Tg6UKZxGFjQQAcidq0ltBjJDk5tykpnKUoQdMGPGwnGWUgXBozQBVYZrrQAhagAkNUchigBrJKfiNah4SNKd3ihsN6ESsiJ7HAsHpGrWzD+KvjWzeswLgCLqsI6RhAIYOhhjqrWFMWROreEOTYUZyCx8JRRWYRLlwmpu9FZtI4Vdu6JVzRg/mQEKpXUQxO3R2ZdgpVawzn+cPze/PwK3THNm7LiCCMw2Wdrj66raYEBPn7eWD84G7ApofFGnptYZ1Erq/Lb2Sy29WgNeWnx3SMHDJsO4/GKkeKq6/zBD6pbHj4a1m9Qk/bMaFbNy28jochy7dVj66DtA8w0wjZypRXL6ygvlbQcIc9+VdJuF4oqPcdogsvB4+liab2qOLpdLbJZezQzlR2jejrcptEMHhoFk2N5mvswlTQ/oVYC8AbQCPCtB/10doRXheROsz2CVk2dHB6egvkaM8+qpG0SbXv04qACzeWHUjgZGJAJGcJfThMq5B51aECjBwckPaTq0Y2sKo2GOuzCICMdoR3AweTNlQiQhFuE46upDAOPhwMzjOB7GAyHsRQaiXRh4f3U4HPYilwhv37x59+7d9dU1j6NwJKJhGHa7HSPutZ5EgSjpPBwO1wCEGGOMrIugcByJKI7jzfX1eDiM42jdhmEcx/3Nzc3NzTiOSAGRAJGGsDs/Pz8/P3/06NGTp0+ePYMnTy4eXTDgzfUBgABs0eQRD/sbokAhICErg5CQQsCwOwOiYXd+dhYo7PbjxVkUAAzD23fvXr9+++bm/f4QIwMgDbuzR4+f3uyvooAAMaAICUQGiNoNFACEORIExSLViaa2dYxRWYYD5bVGSGPEIrhvUg/+hwVWjESAos7IOQwQBEkEGTTucYxRH1dgMgQKIdg/iYK2gvmoBXdrYGuXfhOK6mmVETEQDAMJ67bLfzVv8b5bMNS6/EAEEJCAzMMoJrDQibDEIEAQzFEqC+mOcaJnOtOjEiXBEXMiUc+qktmLzBabFqU9T3f53OXx4/PHj89/85uvbm4O795fv39/c3l5sz/Ed+9v3r2/ue/adenSpUuXLg9Oznbh8ePzJ0/Onz65OD/vnPuHJMmyipttsNtzfho9d3t9mLXq11/EtTMI+7VfP/JVxVPUwEiCLBGFUIgc4lLzYwoZiNkhpCJ/6ExBEoiAAISQkBaBAiqbinugqpEtzYgiAglsQ6SA5F7dJqo0rBHAjKGV4g4mIkiGCVM6lyRCyFZZdqeTVX2Rs5BRBr3ylmpW1MxfVBZHIiI06Urzk9KIk9Ilvea0AQvXiMsIFiUXoxVjZo33k91+zn+9HWq4gqL5oKrbZ/mRtrYj9KlFVOkowHMEG1yWI6SlWa2WSsjuZ+fpH0fmiOAcjFxiCsIEVUr5Zz9N7jc28C0AwjJ23YrCIyDo8hjbjhGmItuVrBHWRf2noNRr9dkUebFRrjhkd2KJ0296+WElDeczFVbsQokrSO68Tycf4HxIp7MjSUMWyNQndsAzratKqdIwnbpmgi9rRq8nHIKx03SZsWMkiM4dpPxdAAJgIEqnRpRGb/5LOQrnaYFAJDLLGEGEo6hXbY6H/T6OI8coILth2N/cXDOf73bj/nC4ub7Z3+yvr68urw77wzgexsNIhIzAB+J9EABDxTxasMSIIBwjAhIhC8eo8Qr3N9fXIIZFxXHkyN7UpDniYbQ6+evtzs7PLx5dPHl8c315ffnu4vHj88ePzs4fCQBgODt/9PjxkxACs+z3e2YWgDAM548uDuMIiGEYdmd4IwA3BwCkEM6GAAMB0nB2dr4bHl9cfH31xc1hvLy6uby8ury+efP6moEEB6DAgpFFgIAG9fo6ai8FCgIsQqxLOYjGT0bQoHzijmtRhAXiOCrsSxQRCZEQUDQSse8uSJCAFRkVjoxCuqMQ87yKAIIECAp8UghK+ytPVSnkiAKBKA1Z3RYhGDqoIKVWAoJ2GnvwP1QqPjlXNXsdN/RdiuLUTagVktJJfGzrkGDmIoxnMeQxbzURiuMv+gMZdF58pM6JlPzNHzuV0uUzlfPz3fn57sXzZwAwjvHq+nBzc9jvx/1+HMc4jjH6h9GlS5cuXbr84kXPeAXCYQjDEM7OhrOz4fx89+hiNwzhvmvXZUGwsM9ttMHeFcbxMLGSh1mrfv1FXDuDsF/79SNfoU5Jp909FB+YM09UEoBmTEYiMEadgJsyiUj9ZgkKIjuWCECoDscS4mSci6IaGRp0a5TZYLNxiC3UH5DVJeOEAs7wStekxdyFKtxXELPMS1dyKcoMIsDOaDQHpEY5cnA0ACIWlld1L8pELH6M3uNOOX+FAdTHWwYn3MKLuemdmVP2TGk6F0jr7azRXE8TdATziaitTqXeOdQxQ/Isk9bg06CD5XtvAe0m/z72ROOt7cE1IlVqepx8PVNZCp0n7jg3tXzVC+WNLDSSj2vtjc1A2gdK5sLmKuf0OaJZRiJs4IsztUv3JV64RFDb0gIzjA1TA87yrHVsqbGdvK0C4LPTClq5yEN1ht1K7ZJbQiiGytF6zj/SRSLjvJlWkdoWSLypqRI6hoDFPD+5Yp1/UfyNUqYGYD+vqjQEBISgHPBSMt+dY6//S3NG5ajRWGF5ulcifbmYMlRFILgbSVCWu4yG8zDH8aAPIyKP4+FwEGaiFNsuxhgP+5t4ODAzCHCgq8vL/f6GAMZx3O/3N9fXN9fXcYwIIMLjOJ7tzqLwgfmACAAxRvU4SkgxRo4jCEtkxQKNjB/jOB5u9jcSWcEqJeibD1SWyJEjCzPYuigsEmPch+FwczWO14frq+uLR+fvL84fPT67eAREw3B28fgAHHe7M3XdGVA9fkuMUUSASCLHw8j7kQUQcdjt4GxHSAAYJQakpxdnj8/OmOEQ+fpm//7q6t3l1eXN4foQ94dDHJkFBANIFCBBAkBACjIwMTEhBURjeyrdTeFcZjCUEwE1QiAJKX9Toz4KsDvfVGHLK0jIEpGBAvoZKY3wh6iRD1Ms6MIHbeHy29xw5g2A7SfQGYeYvDOGEECQeWSJhBobGhxTJii/X7+vnIuWH1ix4dBwmgyCopgngACDcRulmGldI2jYZt0ZqZNSMC+21XyeIhdi2u98kpWuyz3KMIRnT8Ozpxf3XZEuXbp06dKlS5fNku2om22w23N+Gj13e32YterXX8R1gCSlVbzf9/t+/3Hu1f7kFjAWYVG3WaKBa0gc/HCTPbnTRbCz5hRA7UgsiCQoiCgazY3UGATqhg0EYM4DNOtrYZeSqc1YPNYRJAty/k2gwSAURwclvVsONVj5FxVhB/jYGIQgkGgDgBAxCiIyR+YoHJiEKgd0AgwoAPpEbmURIZSM76TskC3STSPYFDZt2dYrGK/UOM1WoIkotZ/YGq2FCXFQ7LD/KVjgCkbYBCTK6uG0bdYenLVFlrnFfyWgjRElpOobewpSrLBjdL1p4D4rVCCjBWn8Fm2YawHZLDrltCUXvinxFhjhFkhtDg5JCokGGa6pSq9uV2vYUj6nEk7yLNT0hNcvMk/jGqazC3O5BXnlKCI+73Urqy60GYwTFjyLLpXY7AIRXvmWl3qhfH7ydeZlYEuViv9fzowAOQxt+ahnyglFH00npRoGzjFMlwovkdE5NqhnSEAAKY0YX4Rk2imuZ+pfFxE9uB2mVSzNfmJ1AOPhAdrSxgIIwhw5xvHAcU9ECCDM4/4gFpxE4uFwc30tHIfBFhz1icnjOI77OEZhAeHL9++uLt8f9jf7/WEcR45jHCMiDhRsfQOJcTwcRgQBpYgx66cdY4zjCHpIxqLujv7KLOPIzKqQhSEtrcbgt3WYgroLlzge4gE5HjgeDmfXw+Xl7vz87Pwi7M52Z2fnjx6P47i/udwNZ2fnFxePn1ycXwARi8T9HkMgRIh8iDdRq0cBJPJ4UL4lgOx2u2E4Oxt2YbcLux0g7cd4eX39+u37n99fvru8fv/+5hBjFI4io6AAmYdNdcyJRCEQDerJU90NZCfsClIiUggDBQRhINI9DozaNFMt624AACAASURBVEpOJOP+aTxnpEARIiKQxS+2M+MK6um40MNHhADme10QkQwKdtcN5bIeEAEIiYgCmatSRAkBEQJHGSMTAmltIhrq2fhI02kd5wf7/tBvxAdyBgAZBBBJ8lYl+zFODhY0gDSgnqWy8SQVQOknQlyRud/t0qVLly5dunTp0uWByS3srh/y7MfQ0+/7/WdyXwCE5Z+w/b7f9/uPdZ+Nqgk8K2zH6got4YLpEUJkRCJSdFEQLeKNeHQcZc8V58mnoqUwsxINBc0Vm/pTS5xFLzexK7I5u6z2xC4sIuz+zBQbKCNLmf0yGh8i+xp1jDAyEyXD8igIFKjwMoohhBnpBLwOE+Bt0tJVC6Ab3uYts54CaqBbyFBxsFJMQZpWYoYNUPWT4ArXcP1+Fa2c56zs7CVG0iSTTV92tZRbyBQHlTVgY0lKkGYdN50UXbLo7srN2tE2KQmMuVC17878grZGDqRnmzjNpCYlOtgc7ZP0JrZ3qjQLaipqoGtLOluPtAe/61mi3JWAZc6TgwseeeVsuJcGFxDsvAbA7AtNHbE+2ObT1KQBj3zyMj8bslyWGBmpisppvhVxaWiVhRYPTus9cY07WU2SV+rJT4iBdGIXq4PBLO5MGzVIn3BqltTOCErtouKrMRzQ5v+UrvCPctmj+cGOHOPhMI4HkHEfD2IUPYnjqF75eBzjOIowgoDicjEKMyHEw2GMkWPcX19fX76/unp/dXl5fXONACGEIQQROYgQIIXAh33kyDEqZhUjxziKiLsY5f+fvXdtchxXsgT9AVKRWXV71mx3ds3m//+6tZm93TczQiIB97MfHCBBilIosuo+ppteWUoJBB0gCD7SD85xuAvBo5JZPOncLedcSlly8cI8CGNt1kWPMiYwE6siEKPZvOSbfIiqDmMaLmkYv//+O9yVpUxXljRe3swyyu+aFMRGlMaBkBy5mBORiGpyh8WzUFXHcWQrZlamiUVZlEVI9JLS//jv/+f/83//X9c5//j58f/+r7/++99+XqesmgCec5lLHoaLU0PcWJkFRHAqvpydwP/AzAMNzhBorCdipkapLAwGC0SCiAlAhCsYqIuUZ53N7m2VFtOgIi1xoAoJk9S6oYWwzueYMswqLYWh1qpgJgZEiITUIwchJGabCIF70eo7JJvaY6ib/BQXX53pwuwEJpZu4ULb/f5NoObo9Lj5eZ0UbZnV5pnC24vutNNOO+2000477bTT/rXsF+Ku/MX6f28/5/fz+/8m388chOfn+fl3/gxbSrrgaUUHKz0uxMB2CpCrIBuTqrCTucWS8xbLInaihrjVRE1NqHQX+t6ADdtS0II0riCNVy/Y7EALMgdfyqhlG8SSatAMVmr2pu5Py0fo8RNmNdBZxUIJLCQVHSylCBMrC1zJndyJJdIx1iDhEneG9BQRppbap1LLGgIKWY9kOVxQt8IetIjNdYe8ogl3Y7grPICp9rhOj9Kt52k9VXvM7xFidwiJPenkRmW0HeKT9GaP2n0mFPoZhgFs6Qz9vuv18mVEaj8UvNl2X7t2pmIatL82/jA8tjmcxWcM/Gdwyz198A6jXULJG+Cwxxo3Ph83h3bVb/r02Ul8wQ4nJPGzvnzN7ysQ5j22fYC69dUaOfVTXLnffVVq3nTy1av4uIk7BuFyCEufn8nA9k+fg22bWX94gD2+uEVAfTuKB/Be/OK+Qi8EGl4q96uTFa2AXaux4irtkVRXz9DCVm9ZCDfkaGGReh+S/pwvF1Zd4OJeV9uA3AzF3I0RiNzsefIyT7ePnDMBouLFcs45z+wQFnfL8xR4oZsRoCpWSsnFvNyu19vH+3y7lpytZCbmlDwlN3N3Ih6GQVLSeK6zAG5evJSQ9IzxcXNnAG5uYBeRNowgqUxHEIkSgchRUcN6jM5MwrGkyEsxBzGJaNJxiIU5VmbArJTpemNlkjSMl4/3337//d/e3t7SOHJKefoI+p6oimgGblcw8TiO8ZAlfxNJLMKiSQfnOAOaxksu2cDK/H98f/vt7X9c/3v++XH7+XH9uM3TNOeSSrAuzUrxOKp4Dam0PWERLqUALiJMzuTugfyyFWkUU4e7EcyYOYTWCS4QEVIiiUlRJc2J3YxJUQmFqqEUKrJqfra5HzzUJU9gfAizxF9cUwsuWrgiIikxgxwkiESFIRG/8NKb7HnF5CPlJLfyIC4y9Y8hDqYg4h2tarHvr9wdARGrYDvHNaNMDqr03Oppcfv4RnDaaaeddtppp5122mn/ROPu33MvxmD/LIzjXxMr+dfs1fn5n+IzgcDg8/P8/OIn/fK+9AUPX23lvv5zD/Sr3+lRWwdHR7WECE1NikJgcGEQVsYAnEmEZYmLLnWadpRIpZmBqyapQhBrw4lRpdlWHbbnoFGNEDdVzoWZsURyl1r3D2iuu/eKoy3jYGM2WP3uDTtsB7z5EyXwZbE7uYjrIkxqbmJiqubObuIMkU1ImYICSR0ARsTL2vzNZ01GhC72vIut830ho0nYPaJh3XOwngCER9U2zS0/H8F+n9Onnu3YxR5B9w4fOdk1+oSv9qQPL6KMv2wvoYNbuwu1fgHFOe5DfO4unAZEPxm9zz1vIMBW2jHYHnre4l671IAH7Ldtt7/aSaJ7CdjFFe77cODk/rw87thxJx/QCnen4AAdfwEa7JddtAR+oLtEX3/ImOmxvC1azx9ehi9OsC1M+GRmbje9OHuxr7zg2gGAtYfF0ki7JRH3kDUaro6mkB0oiDcgJ+73oRdac8xVBqF3TMqWsrASE90KzGNpi+dsJcOMEQkH5zJPZZ7m6VoirSCRlVzmXEohgIndzfJcSrGc3YwIqpqnKefZzK63a55usEKxlAVkbuQW/WARhrtbvSTIQlMU7nEgIRgaD80Yo0CNGvqzqnibexyjw4tbzRpIRAALi7iQAORwMw8wkQsXwHJhEbNS8ny7fhAHqjdeP75PHx9v375d3t6GcdQhBSmQVZMOIe0NJy9TwGplvg1p1DSI6gSWlIbhkobRZ3g9M6LDOAzjZXj7fhn/7bdvtzlPc5nmfJvmOeecc8nFHcWomJdiOWczOFAI2QIgVBpHpouqNkiNjbjJuxY3B0FYVERVRZVdScAQRoCL8RrGxMJCwS2URttnbHSn63QUTiQdNbVqLrQ7GUXCyBBh5WAWqgAW8F/SRFwl4u8uK6Y2Xfs1O3evAovgwaK+XacBtrzwBvu3/ZdLhSSkeoFAy5fkhQEP0mMFhtNOO+2000477bTTTvtn2ib6yvuIbt1+H5u9q3kUxT2M6PJrfv6pn/+avTo//1N8pvhH5/l5fn7xE7+8L77g4aut3Nd/7gG/+p0eeXt8dDUmUwO78cDb6G+yOzO7qC7biRYcbnlKVlVQEUDEXYQFLCJwAFyVubh62MvZ9QKS6OEucIiXPQafesU6XvIL1qAtLUcRemu+kxiNjIN7xVFv+ZUiRsxE7IARtAqWugaHwr3quMV3qiqlsgSMqw4dr3/6/vPWViSPa51luJfj+wXGXs+5aiXLRqGHgMUBm7D7+bChX8AIFwmytYddRw8xzk/976CmJzusuGBM6+1ZWG0lv9556Dfw/ablgjvowo5udS94uBvVVYLyEQnyqe25g8fHsoJVrcVu80PhSr4f87jkn6W161ibx2qiPUrzJ9AH7463TbtXHT6ox4+r/FpXv9ClbSsHY3hXc3f6ji+WRw11yWh3m57juwuVbntW97Y+V2oOwpVQ3UHQ6DCHF6B97p5VnZjhg5m5eSC0/e891ttFe5RQe5hRzbFW08U1zmCggyIbhHHTngPOICvZSwmme5lny9lLJjcrVua5zJPn7FbcSikl5zzPk5UCcyKUXBzGhJKLWY6VLsJ8u16neTKzeZoIrkwqwqBY6ULwYUiqiSUS+5kt62CakKamRE1RYMF5I39eS9Hn8cwLRlsxg3ucxqBVeuRxJGMnjnR5rN7eAIhgxawYQKJqZnnOojdmYVEdhun6kT+ul7e38TKOb5fff/+34TKSSDEfhnEYBhYxQ5kxDElV5zxfLt/SMBJrMR8vb/ydkkjOWTUxC4iLF8qzaLqk4fu//Qbm2Xya5mnKwSA0M3fK2eY536b5dp1u0zzlnEtR4WJgssSW2JSpiXGzubk53GzOZkYhgTqMrBAiJSI3ZhVW4XqTFBJRUkESViEhF+IqA+qxT+TCjUtPRLRNfmr4YJ1TTKTCUkeYmCHCSQVgNwuoEiw7GfnN5bC8lKzvbNg+o7muMKP19fn+Br6d5vXvdm2vCCPQXpCoPSuZGeR+mNX3tNNOO+2000477bTT/pn2NPq6/lPx5Yjx5z7Pz/Pzv/Jn6rGENQ7UAo5n+Vn+p5fTv1h//rxyel6/WgRsIl5VJUYtAjRUY0Zagz9euRAUumJd/hhmYYE09asgIDLbkjHnPoS0MBHXiBLX/iyx+6DhwTyktYiJhdtSdbjTggQufjv+R2S98YodtpRODBIK3BJuFlJsfQLGSEzo8BpmIyJmuNmMAiRhHoY4QDNXXZmC3XgvcbY1k6LIJr1fD3yuX7awUHSSaih218r2HD5HJhoNgGUXckMLyy/A0F0Ownp4x432R7GDux6BSYc/6xdQ0Lm4hxReth2lctPPO0IC+C4jWjuPu0afoVytwv1eeyePO9y3snb4CN15SN56wuvq3a7gS9ftJdb7DGCuDNfDhg57HsJz/abgPN07f0R+fRQhfnKwh7YuPnhwdE9B5K7dJ0203b/UsZ6kdtiBL/i6271ncPZT9Bk+192Qj7d237/YNYrDkTVtH1HLUXfQ1kLr8+hPvZM6WbtRObXb2n1nVhSQPB4hC4ONQCL1ntYdL6RDLmuO2W5+dqraHVnLzRyNBdtmmATdHe2uT5UZJqIiBFhb8hLioijFzNwLkQuRl2w5e87xxfJc5snmPE9TnibL8xAKmlbKPM3znOfZikUauJKzWQGs5IJK4UPOeZ7nXIqbASYUUCW7O5MTc1K5jINqIrC7E5OVEljdSgJzFDNmUlUSMSvMTKQiXMxqGl9i4ji9cGIRpSog4A42EAgiKU6uOUHInNxBxGwASuhhEpEDzEVUL29vTGSz5emKMlt+m28D/2DM87ffvpPoNM/DMF7e3tI4evwTwhNSEqY83abblVi+f/8Lw63kaSIzH8eRiYsBomkczYvZDMtOTCJvquObEicRUU0pDV5gDidi0o/r9TrPBe7uP98/brebuTFxsRgGuLsbY1Dh9E7GLKpJAx9mESERmJtQJC2Mdy1RSYOkkVkJQtBIQyjMTPE+Je39IZI+MnldOkOsIinpMkuTamDw7j5cRom7MJFqEuaaWVllmdjSlGOLGTOnlITZzKI8rg43iPKaPtMpgGesl5pzCKAzR8LFdjNsF6ZHdkWKJIiBUMYdgBn11QargkW79+Mrd9PTTjvttNNOO+200077B9kn8dW78tfit4++/wvGmc/ys/wfVJ76q6u/zs7ys/zvVH4fqP3X7OfXy/G8fm9V/KnH7rDoPPWkjRrYabutceklew3QEu11UA8vrfSdOQZjup53Ee0QPt3ADKCW3mjteLdxIzfay8ehMSTWkk7RtB+oYAmK1VZrfTM3cyERXsetG5E2nguAigDe+IHtzsVSKERgxgbMOD599x52BXEGeDcbDvbj/sey43HVLSDXd/IR1+0xQNgyINGuA5/jc4+6t91x4wDH7Ek6nJOHPf8S9eqJn9frPNnx000bQigfVCAiesruWio/YhC+PghrzaMz2wuTPgHMvjzm9whh2/THw9AHM+xLfXvq9hcc3ou79tfmJ9k6H8zzT9DFbeXdZdvwuQ7wfeDpnre37NsymG0bwsNJu4g2by/Vhz1fuIBREmn5dgtZzI2ZJVapCDNLZA2Mhwrc3KzhOoRIiBt0cmd3aStGCI2BDpgABDcruczkjlKszMizz3OebvP1Nl+veZrKnGHFiQgopeQ8mxUvFrkPnVCmOXLjFS8xvOae85xzpbIJERPcLfrEzKoa8FIpxS2EMUMOlFWTdA/Qhg97UCS53i4CfhVhZWVncxERDWq/ubuVSFPXzhXX0SCAyKMXRCD2GHqzUkpbViOAp5Qi/95EXvKkqimlMk+XH29pGFl0vLzleRJVYn57eysTB5ynaUzDOF7e4CXf3HJWHXQcyI2Z3TEXG9/edBglpUhMSMwsHLkYlVTImG3UREkAYuFvl++O787MogYPEmcwDWPoiMgc8ft2u4mKiMJdVRsUZwbET5jnnAMNg8O9CKUkwuTCrpJURbWCf40amLiSCKUDrSneZJiZU4pZp6ExSkzcEiEz1WVR7stdr75NMQ/DwE1HtoKT62KdmuIwXn6IWFgbY7bOjHDXS4wuuV0X7QM05BzECxFVauZDJvJ4T2oq7fhl1evTTjvttNNOO+200077u9or8dWvx28/93+Wn+X/1corg/D8PD+/+Em/vC99wcNXW7mv/9wD/ep3etTW46NrQEnLPhjYFqOmDwI7WEiXa7PLW8OtoCKsPWeOhQXsUlFCaWyPjbbbXulubWEfZY5QaxDxvP7N1R94QRQ7X0scuuYgXOTRaFERrapoVVZ0iQ132fBidwLgVtyUSYnJXcyKeVIrLkSq3Pp5QGShY9sBaffMnq6C8EpR2W89As+W7u9QoPY/L1uWqDfv3LfdmZ4E1F9AAZ9TxHZ71LIFjbjDRO95infH92RY7lGxu7NzTyh72NujM3vfwF0PceTqyNNBnc93e+Jw26n7zi9XM7e47UGdhXD5csy2R85B6GhWtJyyJ4KljUdY9++O4muDsQSsd00t5V/yc7zpNQcHv/lhBb4r+trox+5fCbL/caS0v3G3v9drfwUHCYcI4VaZcH/onYhn7+vB0S2UwY0O9eJ0zXHWi44uRMNuycjKfI1cdwR4zS/Rct8B64W1CkoDcGZW0aQyqDA7s1aUyKxYcXOCMdecdZ4ncuR5ytPV5slyLtOUb7fp9pGn2eYMMwO5WUBT7VnmwbUqeS6lRIrdOIriVubsVqjyR6U+1DrhbjMrZs0NmVkAh+jGp0plEsFMRDmuSjQWvyOwNWIwk7AgAQCVUoqxMwcKCLih5gsk0garMrPB6/e2DEhEiKzkGW4swsyZqJRZRXwY5unj+jEMw5jGy/j2TVWDl/b927eQ32TRcbzgYgE3MQtYVYe3798m+DAMaRjci2WCG2V24khqKCKqasiRi28cRxkuLEogQtKUkioxaxKQ4KJEbw4PSVUObVWQmc95hv+mKYmIlaIpMXGsSSImCYSQZZqnkou7E0tlbTIjEERmYVYRYopXlWATNmF1bxOVQzx9nfCgILpWyJAYzO7mTfdVWeq9pRO8ZWEmjlciCcnQ5ebINR9ivCwREyqFkRaaKdYrtHtSb8QAappCJ6KaepARwvABEoIb2BhsQgbtGf6nnXbaaaeddtppp532z7Wn0VdelrW+HDemzyK65+f5+V/688xBeH7+2id+ed//4jkIhaXG55ZgbihtMkN6BiEtS8VbWJbbViKiPn9NlRiFROhnCSfSEYesRZfWAPhCZYwAt6wY4Q5l4W6ntk9Hf4zcR4BzPQTwGtSiyA4F5oINiRBwIieqQSp3sBVhsBNc3M29uAtcqEaHF3RwGyFrPaIj7uAix3qPEW7oPjFDHwCEdyUhCvow1r/I48Wpe4zbVT9PbMHtHtHd7siIhw09OJLm/FOR0sXu4bctqXHn5aDpJ22A7oDJB6jhPRyyjtVRt79AvHux3qPdl3jwU0fLHaAvXGDbGn7eBYIPQZpwsw/xMm2H5skpXvWHmbYMyK+NxDoHHpW/6O/RNfV6V7bX1O4KO7iusV8NcBgwPwS7+5vJP4yIszZ6VLhuqAhTv1KEd5OuY5mut1Ywwfczirc0x/WWuyAWfR+4/Wz437I+BvVZsctMu0IgkZMW1BadNEyDEY8SCh1GqaxvMKAiQ+JxUBX24Bo6WbFSZrPiZnCLL2RGsJLLfH2/fbzPtxu5oWTLOeepzLPlgmxmHukHi5WaFhcOQEQdJYhsgaw4vJQVFiIikC+PnBhQM8ullFIADmwMhHgiF8sBR7mTN81JaldjIKTu7qV4OyWBSwpL0sHdXUi4CAdx0SLnrwPWn9gAfFH7HK8rJCwqxORwGMTjWYlAnATmRHmeZ50kXS/TLeiDTnz7GIc0DsM4XkaCu5U83SQNw3ghVhaF52zz2/fvv+lfCFYKIc8Gd9AwjiklUhWkPANwYoZdvLyJKrGwJCnKLMTiw2jFWOXb2zdnAJmY394ut8kAMiEGDWkcL6OIlGLCFcYDJRUhYlW5XC7zPE7T7I7L5QLQnMs8Z3MPMJVAKkQsYHjcDLmCst5mL1XZBmZRZg6cUlgIVEoREU4KolLMrQS8zVLFDCSIjMFjdY/zDsAArtLqlUPrdbJzo/w5ETv1b268XPPrDafyRdc5h3ilivt5vIoxuYf0KMGBmADVA58EwtNOO+2000477bTT/qXsafS1bnm09ejzc5/n5/n5X/nzkEFID7D0s/wsXz7pl/3ccez+Rfr5qD+H5Yffd0e39xNlSx6aey4FiwAGZxIiklWMcBt03ichk43EaF2p/gjXqYvVD3x2kSZeoLutdCT3vW3I5oL2Yacgunm0t46KCMMXdLBmEopgJ7WQmRkxqyBk0WjhHQLbuP26XP45jNGjaz0Vbxfp3mh48mbf3YlouA4/aXpTzns/27PCz2GTHb3vvle7yk9Bzdah7i9+DD0+6dKhjmI7I9T7up+PfzAU+cIBvrTpFxp6rhjZ1ftyKz3es05xuhu7+3n4FbtnxO7Lud7N+nP45YYe7NC08T6v/un4vdAlfvLr3ht3359Uf3Rc9wsOPrXDG/t6dz3a5ZnC5xdbf2SHHThst38QdBhUtyQEXTWgT2HoGxHq5a7e6PXMEAhL3IlDM5oD34DVJwfcvbCKxh+hQZMyk5VpLiVnKwZHe2w5SpnnaZpveZ49z+RW5jxdP6brxzzdyI2DGQaDuUcewQD0cs4lg9yLuRsISQdQ5JhzRHq70L7sMGYzI6nqlPF0tCa1HdnyRCSlVGmFAS+REMjMohyAucXSlhAEzSV7A/JrRr1IupdSQEDKGt4ykQA58jYGFlUZnu5E0vLtEUhYYvaHmjcxsWrcsZ0oo4gqWM0deXazNAwsSoQy3YRlGMa//OV3z/PECjAJf/v+e2StvL5fhrcLUKxMczYSYRZiTSkxCmwwZlNe6Kp5ek/DZby8Xd7eRNN0c4BUB0mDqA48wCYrxc1EGJmUbMp5nudSSuI3L2ARdjdHKYWJ3769BSQ8z/A8AS4gESHLVowco5KMgzuCCxodDDEHigFhUiV3MEloKgCUUkpDYuZ5yqqqqswM8/Z2RMyiKZFZKaVE0mXmRCSqXjVfqX8JXC4CYSZCYmKvms+g/dtU/7KwfYcM0NFB0slUgEnWrLcgYXIiCeXaqqcup7joaaeddtppp5122mn/graNuO7jup8xCO/Lez+Ptv6LxNvP8rP8n1B+yCCkB4jiWX6WL5/4ZT93HLt/kX4+6s9h+eF3bI9u7yfq1uX6db02+ujqwqwg5xq16yCwCo8tAaMutk9NypIr/XDN1FdVLje7cdtvYX1Qz72r9MFWyFXzivuw1J5q05s3SC+WyrvDyTsocaUP9hEubhJ1gJciwoBSVV8NwdKqQdpIh+sBtqGOX3IPB+5sGc97mC1EwjrJr7XCvlpts/95WLedo92mza/7Cse+XsFBXymvCEg7z7z1/xL41AGEu4SI1fX2+NZpdufpdazrGcj6tPJXt37VDr09J4XyQUiW95uZqyJcoCO/ZPWudNiHO7pbH0r+5VFaKFMv1jzedHeVbDZ9tvuXI96ddvKGoPyyraht3NxeGLo9Irj9+aj+Qfnmtv6wf7Te1zdH+nAYP8MNDpetdIn0op1VSZTavWDBRayn3KF34mTsEjf/WsYInnl9HAjRoKoCIZBlm8stz/M0zdMt59m8qKTL5fLt7aKqJZfpdr1ebyXPZZ7zPM3TzXO2nK0Ut+KWvRS4SVwxgAfjb57nnEvJLMwUMqPu7ubm8Lhz1qKaoTceIVT5hvHUW9i9TDqkWC5SvJBRiINaKSGoSUQGYwOFSGY2VWURogAIS6ClIhySp2QAICrCSCrx0PRgARJBRIKhH6qmjSTGwsQc61sc5k3UVJhJNPC/OI3mSyJEZRWzEmw/ImIWAuU8AUU1iSqzEkme5rhdle/fh2mcbh+aErGkYVBNmtIg33yGzzcAKaVhSERsbgbgUsjNbGZWlUF1YGHPhsJkSjaASVWGNA5KbpbYIBDFoGDPZu0FwYyZ2TXP8zQHrjkmVRYRFpATPNTcLZuIjMouIlLnZqCwFuNG0MQiGkkF3SACJmfWNCgRnFxZmQXwXAozNKWkA4sW88jyKCJmlq0AJCIpDSwcSHTSBGZzhxuJSuSDZHZUDYbd1bkswQGcODRIKaR3l9vOAtXHM6TbGUQsRLEIrUtXSYReWPq000477bTTTjvttNP++baNuPYla9lX4sP0xNvfOS59lp/l/xuUJ7QEJ7QAAwuX6Cw/yx+W00v1670XRGt5R6/7tF1ay+/8LPWxq09P+gmqGpt3/rnFiF8ob8Hk+/40ksTB+CyaocISkJv38dcqZmVOJCLe4IWVddFy0NxDLYg4UdAHqYGE3XOV17gt1Y7tXPTd2MXlgRU3ehqR3yp/1s7WLmOJoXoVWPWlPi8KWFQV5xhwJXdyryRCoMbBNhAj7rA/CapJj1c9Ypsdl9c7JHqMa6fu2HGt7uUG64anP5cXmic7bgG2PxkdXFIetnbuOIifut2psO4xQmwP4VnHqz2fXa/26uUKn+z+pcp/Eta4nvtlEhK1KO460+6x7U8NW/+bRnuMsK/BXx2G1eGnm3aMyUe1j4tfaIiWG8p2xyftPRmi123DI4xUdS/bL6OD2+L1iAAAIABJREFULwB5Uan263D3uGb3aPHnTncd2LCd+qxmKymxZkRETyB80NsqQkoORlCjSIikPgmdAYZnm63kMs/zdL1+fFzf3+f5Zm4i9Pb29v37d/rtu4rmef74+Jg+ru5Wcp6n6Xa9uhVyZxDIrWQrBVakwmbwEBfNOedcrIgKV9a7M5EVA5yrJAB3j78FW+flMbeMfSiLNvK9lZYqb5EVBVBKBlcSWLHicBFhJvPibkQkAoeYGxEFfgdSokhWh5CrZiYRFWYDzCybt061dxgih8caIY72AsgKPHJRreSF8uZKspyyeIgwE5uQOwurppQGIi55CkdCbmWgq7Dq5fKmv/0GuJU8u7GosIgIaeKSWKSSN1kIKHkyyJDGcbzQMNYXGEtC5vHKZ6ZMZKYEUhaWMYk7zI0AiVzO8FKmeZ7yPLlDmMADnIxIqkAotUNJiw4sQAwos7CyICBeVmVyZmEmZXG4mUeGyEgeXXdlDlg5lCKYWVMqeY6BJSYr5iB2gFhEAjo2dyKJsxN/ENMplqatlGteEb1lXQ8tL9L7q+7wBQhUkxG2t8b6at1WGPw5D7LTTjvttNNOO+200077U6zpnNFh/LkGfGsw+IW49MbPsmT7V+PkbV3p5/UfxLG/3O6f5ecsP8sflCfe/FOTl8+z/Cx/Wo6X6lO7Fx/4wQvtYi3HIz939fFZP+nI/5Lu66VyHB0XiLnBaffttqCaMDmJiLsERhjPs4qeukPcwYLQvAoCAPcI3AKC9tJs/QDhAWOox7dWTsMLtuYnW/LwEB/v3qDcjq7HoF2iKdQjXbxxpVxE4JhEtoBii7IuoONhTHwLPzy3wzo98hfBuYqTbCt3VMonjXLXo80YPu3hcfknvf16+U4RkbsK96SiY3rcugkLhBxHcBBn7AcsvhyJ0G6qv3ASn3Tvj9tXh/cX/H+G66yQFq+X7f6y+1Tcsltj8bgnd4Agd0DHVw6rQwEfHNKjq+C+oU9G53nH7ih12PClD3fZiBc/bfyhh8cuH7a2+9LhtXxf+ZmfbhXKgzp82O5C+OMXsca2S79aZaHBLyX9kWx29Mqrc0fvqrvB1yUmDGdyApE7BV2PWEJ20Yvnebpdr9eP2/v79f3n9eN9ul3n6WZWNMk4Dvj+jfOM+UNES8636y3fJnOzUsqcyzS5eeVcAW4FZu4eErulWClzyXOxUkpxdwEv3RSROA4AAyVmWWdrm3giUszcnauWZwUXBZXj7nAvJR6FIWgZWGEpxZhVlJk9Dj8Il5E7kBBdNC8gYggxhCrj0OHODgYzqzKLqiO7F8Ii1hp9jOdrLIlRFlYVERGhtrojMEPnFYHaKorHMbKKlLkQk2uCFWa1PKuqpmG6wkoiZhJVIhpHmOdSpvcPVR2GYbxcIOqzalIdEjM7zXAnkWJ0o2vS9O3tu7CI6uVyUeFilkvRpLAiSZlFiFhkUDU2gIlYVdXZzEqeS5nNjZmIjEjM3MyZeRwGd1jxpCNHykb3entlFlGtwQMHg2O0iEVFNVm2kouBhvECZgK7QyRQQCH4nLMDoURqlkVFkxIRu6OEBGxR1YCE53kex1GYJEDVmN0EAKraQMu23K0uT9u//XH3LlovqcCJ9w9WDqFUppYpuqld1CjJaaeddtppp5122mmn/ctYWyhff9zHdZcgRivfR4zXxfHb6PG658FefO/zIP5ML9ffx4154+f1OPzn8fCz/Cz/Q+VpSXTBxOf38/vL3+kL9fvPxuFbQplP96Unfh7Wp8/6uX7Sg30/LY+Q+0Fb9LDdxphcAzIRVUQPv7kHMSLChiXWsj8ItqMP9S5p5FDxyS48u6WGfAoNNilTWgFR2nYBbWG7tz9R33kRN93S+oRkwch4Yas0LKqFu6JvkRIn6JRWrKiZuqceJjxmurSY5pND6y34hkcReRDfBdyOkEJ6gCDe1V97+xgUedjtF5GqLdp6jBjtYb+F59f3Y9PnBU3ebF3nz36U2k/fHBHu6uyP5emRPjnqP9f2w/V3CJgeIq9PUJm1DjsRkdd51e+ycAr7mVzFQkESW5dB3muK8uqEKDhDwWHZ5EH94gE+UrxsWMmzI60de3xJvNSnBlTXg9od9SGKtlz99ab8SjOdw8C0uv7vEbi+d0cX77HnBwqx90e0uK63grtNj1p5/KTY1V9+yp0Dv2uo9qE9/DZbY+XHcvNZwA6sdyMwgRwqLMrM7F7IHVbMSp5u8+06fXzc3n9+fPy8vf+8Xa95nlCyWSG4K2NINE92/biOOg4DM0duujxNeZ6tGCxQGDOvSW4JiKRs5l5KmfKcSzYYyJ2cndwc7sQYhkFEGOzuTs5N/lpCuBEVmalHV7P9wd1LMQuyILObESxeCli4WDYrbg7AiUldVCL1ItiZiYQ4cvKSw2EwIhImjtyFcCcjJk1CTGKiqgR2AqmaavAwAZjHQ7oy9plZhEmEiMzciofEgaqwsjs40ijWdwwRZiYWYSulmDvRkFTaM50lGcApCeFjumoaLm9vl7e3/PHz/7t+uIFIfv/9LzKO8zRPP36m4TKMw+XtTfCtuBWa02W8fPvGxNefP0uxH8OPkvP33377/fe/fMvf05A0KRF+/PxxuVxYhFlYJZUUEywyAq5zkymlJEwx7CoqRNM8Z7ioDoOqEMjczMyo5ogWbpNBmSWJM5xAYHciKoCD4O7TdEvDIKoggFSEVVRVbrfbnDOAYfgeAxY2DAOz5FzmeS5mMYtyKapac0IyMeAcL41MEqParzyIpc7rmoDuWU9EVZB3EZ1fFdXX+muspK0bCe3eLxGeTzvttNNOO+2000477e9uLaZKh3Hd9m5Mr8WWd36Off5dvn8ex/7H+jm/n98ffK8MQu7C2ef38/sL3/GF+rQpX7P0fb4vnvh5WB+f9ZMO/ff7flpOR/2psdwH7TbGJNpicI64J3ocDkv2wErJsBqzZFm8NTvIkFcD8A0lqsEjb6pTzN2vxQu3ReRLJPoTGkmwIqoqKuD1P1RNODgRVu04XsDCWDFPAvcaTkc94DW4zcoM94giwwIjTJGfqKrTbYVGe8XR16CDbvi68VzJbV1Ww/XbA7yjL1+99SG7LaHuAb61wzVx7PZun1q74/xt44GfeNg4acfTaGpYfrRXLyJaVBweWluKsu3AMsGe7PgVgPB1ntPrtoHutujgYaNf7cnzs3BAqaQ64Jtr8045s/dwhD4GJYY7n+3sLDBSmzTU39R6kKPte3ioB+UcTOrDY11ug8DhBdjC1l+5lLuLt9uxrdioVTqJZXqEET47zvtGd2fi0UxYw/kN6wM/WaLRX5KPKj1iUaPrRj8mFbJ7ADQ2P1iwrUYj24hmdubLMC/cxMAI+xIOXeh+kOsaG9zLmRLqQpN4HgWsJsLKRA6zUqZrvt3KNM3TLSiD0/V9vt0sT2WerOSgAMILwa0wTGFTyTpeRk8VIMxzKaW4GZpyNczcrS0+cXhw9dyCUAhHS+/GzKzCUu9U5hZTKLiQFGxIobbChkka8Oio8qExdg0gNTM4mEhVVbVYsWIEiAgBDo9hbiBqvEIs6zYQD2J3JFaEnKl7UwkVZogwIbINKtHggAHFiwNKHBvjFhCwmQPkEBJicgDmQiIqXgeINDGzg0iYCAx3JkQ2RA9mIxzi7p6ElQcn2DxNblYyOV0ub6qJWT5+/q2MY9LEwrBSZi3zVOYZIk48T7fr+3sBOUDE2ZyZbJ7ff/zt4/3nMA7ff/ttfLuwyNVKkP3SUNcPkcjlcgnGJxENw/BdVVSYuORc79hMb5fLOI7uXkopeY60xSmxiJCzA27GBBYhR3EHk6aBmIuV6VZYdEgpJZmmnKciKQ3DGHkwoZrSMIyj326llHme3UybeCxAqkkkiQ45z0FYHYaRWHJxwJPakDSJEpG551xEWFgWiB311lFFQbtVVuttr95iYmlWxD7a+98yO3vC6yvrVE477bTTTjvttNNOO+0fby2m2n9fY7DtX670chz7c59/l++fx7H/sX7O7+f3B9/7HIT955K/7Sw/yw/L8VL93lo5Nh6et0tr+Z2fpQ529elJPzt4Y+d/idlWn3jgc8lBuERYsPFPbevBcUWsXxBLvYmoAUwOBPUgVqYTk0QWoppKq0YlqQ/kLnQ8hODnFsTiOgJ+F6Vt0aLlvwaEYRUwrLVXkGFdYN6AOqYaOY0QauhzVZW4nuTHXYQ8kuyIsDgzE1OV0mqRWTTQgmsMNdTo3FpA1XwN5cJrSLIGcEHkG25LyyuEQCh3rJfWm3Zmlsgrx3BSD5k1puC9B3Tfu/eY5UaLfr/2vY7k3aTeeHlgPS7VAZEtTN//2pzDQ1f9j7Un9fQSLZfxcqAH1+LWJ7beaEUsNhV36Np66B12ddjjegW0fnw6XHce2l/LzO76c9/3+vMBYPWM+XfX88/qtQ6141ov2rWk9hRN9X7L7jwYNl4v5eaKedfoMhu3W7ju3xhg1FZ2ULdgb3cQ6z3x/ri2Iw7e7tlVejFKvWsdu/I2v7rVB/1QPZ44K57XNP0Oa92Dc1xF+rYbuD936xmri//W/uymWKu0cfcpF/DuUGiBDLHfsmzCpqSdGlTIbj1z9VlR5xmoLf3o9UsD4aP2hAl8orvKud24AW/3qiqKSQRnhwgLsVBNJwvLeZpv14/3nz9uP9+n68d8+5iv1/l2zfNkZSZzeAGM3eGFzOrVwebEBskwToU5NCetlAIHE5jFI+uvmTfNUzNvi1zcl47WVHUaqBoMZgb3eFyYB9xIQmyxTsZjmMQBa1kIl6cjM5m7ubn5ojvOLDX9bqQgXrIzCjFLpI3jJlQaV2cwg0FOLsQOB9ziLIhIe9yBhAZVFXWCuRcTCVAzOsVcH7PwUEpobwP1EcwqTVAAcGdhBJTIDNi6HiWEMd3ihFqZSxECM7lbyTeHOROGYVDRnKeS05BSSoMnJZY8p3m6siZiBgtEiEVTEk0kPn57Yy/5lh3IU7I8X769DeNYHCKiw5CGYRgKMUtSYZ7nDIJqSolUU0366BBhdy8OEkrDUHKuS52ASIjIIiCQubsRhEUscgoyE1w0CVMpV9GBBSqq7HAjazTtuAREE7OJmnueZ7gbWwC38Z4mzOOoIjpPk5kFBZRA7pgtc2iNCjvMHMyJRFi4viAx4k0G7gQSFq+vjd2/6+qFzSGWyoEpNpy5vqaur8PLjeqF5TmnnXbaaaeddtppp532D7Sqzbb823kbX20BEd7GdfuI8TYuvfHTR3R/KU5OLQTzaf21lT8Wh/+z/JzlZ/mD8l0Owv7zLD/L/3B5b7/iB2s5XvGz5At86p+O/C+t7Mt7n0t5d4de/S85CA/bbbFAEXLyyL/EzFL1RIk4JMDcC5NCQKytEWchAnuN8ggq7zBAMGYSQqUbRPKZCChGMkKsjbcoEEAgkXBAHAHIysLrGHSB4tCeTxJR34BRwViXs5NTezpvLcC7mvCJiSRgQqn0CyyoHxEA4SAZFoAdkanReoCwxa8JVYqOnOBE0mKwRBFejj9LLh7mRgrsUiSSN9SzbpYlCL7MusdSoncFIcx4X5Ob6mPvx/u4PbPcTfd7sdCN5xWg7Av5EeGxq/L0KHYykAuM2v7siF8bwxKJXPByUKNOPac29vwnPnK+EX5cLsT71jvP2P70dffaws7D5g6xbjoAZA5BmvU03QMyu441seJ6IFUGc0GNGhbakEBeXVUFgLslGHe8tKplfN/N2iVZTkzrxW4g9jDeciPkHp7ejNOCtVe+8Lo/Y7sG4RClwwr+fmJ9tR693pRzT4trOy7ieqAt6rbzjx3/bTnEfU8a2o0e9q73d27XgiMUtuu9aJGdXkd019TubPaswfiUpv14cCm1wsq6xn0DIZRIsbZkYXt3IwoXW04m18GQii80fHAzdI27v9IKAxGsjyoikIFqVlknjq0GIkgFqGggCpFHhlu+3T5+vv/428//+NvPH3+7/vw5XT/KPLEbweDGbnBnOLsBRl6o8f0IShAYfEYxD51Mt2IlB71MVWvSvy7ZrVstqenZ2OHWJFtBIDi8ZRYUERCZWUA1YI5DI5CISMvzR0SBM7kj0J9SipktatseWBDqkpb4DPYhOaUk5DBARLgtZRFVoK4fklgH5M5WMd2QAHWvPkUkpUQcDaU0pFKCSelEnOFezJhVlVsXVNmcYrkSiEQCm3RyDg6lu0dn3FlV4uQ6wHAi5Dyb2zBeUkqRPZEIebrCsqo6KM+cNQ3DkJKyCImyKEcyxJQ0jSkNnhWadLjIZYAVdweTmb3P0/Xj53h5A5FoSsOgw/j27bc0DMlTJi6liCrY85xF3cVC0FWG1FijpZgXdxCGNJRSHBBmd6eAia0E787gBWCRUuY0DMM4ErKbFSrQNCRVVoC4FIhrGpWISgFxEmXiUjKRl5KJ6XK5MHEpbqBhHN/GBEPJ19s8f/smmlSIpimziIgklvpuw8yiIlLcQE7EKhr9jGnGlQnbJCuWdyMmSERFdBGm4IofOlFcgC/daU877bTTTjvttNNOO+2fYi12V8MHtImv9v9vl5vzui/1sbHODzMdltf6nbM7z9swxkH9XT+pa2VT/2k8vIVLnvl5Hvfmp/7P8rP8oDxhxdXXz7oq/Cw/yx+W00v1e0i6lWPD53veLq3ld36WmtjVp0/6idVP57/iWi+VY8ELN/1p5MHjdlcWXuBQLRBeb/Zo0p0qWi/Zhs/1ceTGBsE2Gl8t8gQJM1icvYvRV4/9F+4Gta2k6XCzZS8i2goYagSmCQwSiAMMYXdSCUpDrIJvSqTVy6J6WkOcVNMTqoCIyN2IW6JBJ1kETH1JTlXJjrS3GoVftUzvamxHYA3oL6MnvJDvHrPXjv3uQa/gcsZ56iiYj/Z9Tgb66rL+X6ABHKN9d1De7vHx3NrZWu4D1fOjdJp1r3tC4Vft7vgfDUgL+m9//lqjX7Ee8Y0bBe7kFoPUQiuJbB355/Hczak8qtqnyFtBqt5D3Xiwy+7LnrHXdeKu7bgWGvXpwY6C4/JHdt8BbH6GRGP70VMa6/34s5nSbrGf96Srs7mr9Ld3cMP2qD2nDna/O7oGvd2hg7u27h4E6yOqIo377RUah8cj6w5pX+5MIMAIQXNaPVVZ6XUHq/1uvYoVHAF4RF8cTrC2UoQj61tSyXMWQhJJwiqkhJKn9x9/+/f/+T//46//68ff/uP6/tOtkBu5sRkDTE5w9+wIDM/hDjf3Yg4imMc6DVHVYUiiSkRmZlbMDIDZStSr8tjBU2/aoUzMoEFTvYO5WylWbLlXADAzM2MwmES4HvLWQvyzPfq85V8kZg5tzsUbb59NQM3/153UdvcIrmEcnwixMLEpLXcPN3czMEdKX1WkNIxDonG8uM8555xLztM0C0hSEk0ppcrTt0KUVBWE4hZvOa1vaIuKyMxDhzPGs5JHVesxmJeKxXJ7EmrOnjPcISqWNBeFk6hqSpoGYRUR1ZTSZJpYEkkivb7//CEqLMIi396+6zBYyT/fP4a3ixMx63B5y9P87dv3y9sbmYHYS/FSMI724WkYQoN0ul1D/3MY0nS9AR7vWtF/d08plVJKznAfxsvH7TpNE5j+8t9+L0awUiaXeH+DsdHlbSCVQEWvtykJp5SY+WO6MeugmoY0zTdhVSKYx5IOYYZ5RqDUKWczc6qLxzTnIswil7dv3+Z5LqUQaBgGZgbYG1y9zIplyZS3dQlSE0XWiUdcb4Pt/SjyXLe8ocTMsbbspXvdaaeddtppp5122mmn/cOsLqqucct9XLf+s3759/WncemNn01E91fi5C1/2+f1H8Sxv9zun+XnLD/LH5SnDlfffJ7lZ/nTcrxUv8cU9vXxQrtYy/HIz119fNZPOvK/MgVfKaej40JjEB622xiEVNkUgWjRooIHgMjd3IWZUaOvHFAaVi24DaKwZORbnqEtQnmAdixrzFfhvQVh7W2NDK8lm6NuIp+9lmiPde2+hw4qNv5A3BgwrSH3BiG3TDs1dNsxPIBYR+/cUFJexoj6U7wAdTvUBPc/625tv5UPxbsz3W9YnTDWRqP9blHQ+h7S+eygg8YCa/pgz0hpB4XLNNgfw1MRxcdun9fp2W+f7rvZsSd5da4+hUm+an13N8y2R3YHi/Snco+eHTq4r7Nj/D3f3dvVvD2Dq7OVjbbf0te9H711MjxsG/u5u+WNvnQAd40+yu23XBT7EVsvgV3v1hvIYfnntmGH7o8StF/7tz2QL+t5LpWXOyIRlsx8KyOQ47bTY3ZH/NSOQriDBBgPzljXh24LH/G5uck5U3+vx67WcqOrtPR1gUrcnL09G6nNVF73joNlsDu8UdRhbu4GdxC7FziU6TKo5VzmaZonWP54//n+428fP/7j+vPH9PFe8gR3YQLMLXvJBKiQBLPNYfGIMAu10HhygsDkRBZMSTVj5spDrwChrUqeCybXkLw4BAeENYh7gS2icTebEGhdKlOhGl/vbGaGerrJintb5lLhtO35ip5Unl59sDpWjnArjpGu5FZwFfb0OviyvN4sB0JgbzilhxQmC41DGlLC29u3b+V2m+acDcEA3K9USKqRgLA9650gwiLC4bjyPaseKlV4ioiwYlfB1wRgFlgpCaRYZOYj1ZTSoIOJqIiopFJSSsqsFSNkVk0k7A7kkoYBRMXs3+S/EbGzGPBxm8r1Ol3GSALIIprS22+/ASwEc5unec7TMI749m0YR7iVUgBXVRDlnG/Xa0oppbQImEfP3dxm8wby5lIul4umZCX/x1+vb5dvQxrhTF6uP39MertcLkkTyMidiFCyWUYprDOzhnSusRTzUszcNUlx84KU9O3tu1kGUS6uOsDY4Uw2pJb9UqrmBIPMzUtZ3h6XU1bX4QT+B4Z645JLe9cJRm/A0wyXJylRTzvttNNOO+2000477Z9lHYPwKA5ci2hf3tXcxKU3fqgrP44zP/reR5Vfqv95HPu18j/Lz1l+lj8oT+ei0dN+yb44bXD/9RUPd3Xw9NuB7z0C0P2/27rZF/eb9rvtC1f/m8I+8lpDstxAwlX5rS3/BtjcQKSkAKqeF60K23HldnHnhWywCECuHI7DQ98P2V1AfxtfptZoJ9Fdg4Xu2yD+Ag/w1lXPS1w18VqxCINko5HVx6KXbIQtGWElaHZwHa+R7P7Jv/BXn8E1PUZ4P2LLkfBDB4d7cv83P4aauBu9X7Bu1dTOyScO/wg6+GvWnZ0D+9MfQw1w/UcHPmt6vi813PKK0VN07e563KJ5h1RU3l4om01P+/cHBu4hKRb7Pi9N/aGJ9bgjtMbNty1sVgA8nJufsnt3tkd9CLtxXOlfu6fC0dNo01U82IyDwgXcwsqb3B0I95jkSn3ftMF1MWa9E3PfBzS+WFOl5jX12Tq1mgY1arpcYQbBYV4peiIU6fwMRPl2u77/vP7423T9+f7jx/X9Z759lOkGmxlQEWFyK2QZXiIFWxDQl2eELWgfdxM/8LNSAiXzhgvGQ8jb9yC7755c7rDAeJwBWLFFmzSo+ZsFMu0hLCTrr4bDRteiXiklmnB3VY0Ha5PYbpTBxrbldW1Q/1RmwJf2o1f1laIOyPZUA+5cSgFAwkQkklRVVS+Xi6qmOZeQQi1WzNxcKv2SWRgWp6wyGH1h4y7PXV7STZIzpbpCCu5eISmqshExpEwEk2VlRAVHvXBjEKpqKklCX0AGYTHmqiaQ8zCOLAKich1JhFjcLRf4dCtDEk3jZWSRlAYyY1WbBxZ1M2LynGcizxlMOedciqq+vV3IfZ5nK0W+fTOzaZ7czQ0EIvfr+0e8qThwfX9Hscvlwsxlmm7FLI2ianPJxUSEUYbLpZ4IIvZsDi9ZNOkwsCaQgNhr4mWIai5mbkR0GS8ioxWzgszmVtWQ432PGULEUvN6cpyLkH9Ak6jthCfac8jbKoy2fprQMMI4p/EyeZek+bTTTjvttNNOO+200/6pFiIreBCeaNJF262rTtvzwieO+10e2+uZUb4ePn/o509xddppDyw1utOe9rDPVniWn+W/UL5kvuQ/7B8v+0HLU/vIPx77WYU8l+siSHYt4FxrBp1852fBag7brdW5kgmppcLC8i0iOGZWA3wS2QeVBVt1xsrfW4JHNVwIb06wRGbvSCGrC3pgfFej4+bTBpPcCjOuIdYt5eW+DjcGDTMv6FmjGjKTtyhX6NhhCeNW4mLfz/0TMtgjtIaneY3e9p3pleIWLbiD0fgMGNsuTTrq0Wf7Ptzare94dL76RVXrt7/DS8Mj7Oq5caeWufP2p/XsS/1pY8N3Spi8u25/1Rb8+9Gm/ud6BR2yR49cPNpyB/PHX8delpn1uNVXWZD3E+PRPFlWHrxAcN24WupjTVD+ea9WYuaR4wU8Wb7fdZ+Xtg5vZQeHtiUdPj5Ve5+go2PqlhXcXS+8cBzvm1qOvcuJuO9z93DoBU93SGqdHg1mas9AtNyvddWI98AkN06ogwKyE4KKkAh7lQYNmIOYHDZPt9v7e75drz//9uPf//rzP/4KKwwTN8VMZEQgK+bmXshdoxPuTkyy0MsrBLew9Pvbe2iZhgxjL/gZKF1AhiKiQY0TWQrhKKhIp5uDICIx9B5+KkmunXcnSOXBt20VmFzodEtnAARA2EbPgSozTi0Vbre1x5QrOS2+WxMsZZH+QRApEuNQK2nSLS57Vac0xrGMl3EYR7AAyHmepjnPhYgoBkPFAutsXOY4el9Siq6Ey8q5RBtqd0djNQJG3Ai1wmiKAKrJrLgbFSZmCb3RlIqkEBVVSSqplFLMRISsWB7TMKRhvP38wSKiCcPooDyLJ9UhUR5ZuGjyPJOqk4imy9vb9+/fCZ6v14mgqsUsWxHmcdCg3bkXszJP8/vHz+tVxzQKEcze3z/GYRgvF2K+vX/k21S+f/vt+/dR9Xb7mPExXi4lGzEzJy882U3SICIOsBOKg1iIdEhMHm91Q2JmKdampDkcSXUcBiZ32mcKAAAgAElEQVRx93kyFYgS1VnRLsU2sdtUJA+uKlClRZd3gOUlk5YpysvtggOiB8y8pqP9Y2uATjvttNNOO+2000477U+25V/mS0BgjdNyv73FXblKf9K6ZpSbbtJOQ+iwfK2/xnQWP9utLZrSl3TxpC3Osokb97me+vJNK7QvoaVXr8XV+an/s/wsPyhPq5xgwz2WWmf5Wf64HK/WXz739fFCu3js53DeLnKdj/qJNYHWzn+3751/HNevftD7J9q1i64/QEv1sgJWEdHsEKBla40VutemG/TW1n1X1mBgZr3IKBzkDSfbYnj3sebgCfQx7liev89EWKUzK5zm7pF0qXdVeRXm3dEtD2bsMjNx3+NoooWp2nAHHEgLOngXc4dUrdE4YAexgwWCmuwyxLiYPNbbc41ot7Xyi14cP8Xh7qQ1m7rpiiRsV9+/CPYcO6f+xeLFiF09Yc9AiS/bPSjyOqrHHUWt3+kJzHmHYPDmBau9mj1ivt2Vc//XArXwImhZnWHdnXvxxse42WunZCMDCdx3eweu03JFgO5RwHtGMOOTufFwqDe/fJmru0u5h7B+MXDsm1+LCu6Sa3AHEjYAYlHiXP4FwHFqFnSQ8Tm3ryGuzwBCbCsA0r4gNJFftB4dXG/j1PO8aXOlLztSO+TGt1v//bH2f9/P1ig1phkap2vNTVtbbLz0w05TB+3E8IM2E0eou5cB7f/o7VLLl+fV+hSvewSixsH/Y3KHEQrBYLCCeZpvHx8f7z+v7z98nvP1PV9/ztd3L7PAEmMUApmVUoJUFUxEESZy9+Le6HFODFGObi14WP+o3+iILqy7yu1bkwJSQw3r2pIQwfZgA7JwpJ/zSgo0i4cdEWIjmMAAg0XIGQaE8icqEtk3XfMXVgzHu6UeHskTKzGzHWY0FNkB6tngzY05HoXdTABxjKDF9BbSEKg0s5xnvgkRkqZhHIfLGxGHpsgi/U1EiNcDVWZSVUJVaXU3B+KB6iBmFhWAQGxAkNsCIhUmZgqC53L6VskDirFsJ0g0Mk26zARmEpU0pKGUAgenYZ6o5JumYby83T6IiDUNl7eLpiFeXcbLJceME/n4IenyZiCQXL59/5uIqg7j8O2378bMKoMIMV9//qycPKUyz6XMBCdwKTMZvJgQMVCmqZhRzsygMpcbA2AzEPKtlNl0GJQd4g64TQCVYkRiRiC2YXAvkgbWJKqkqiwQ3KZJJTGJlfLvf/3r5fLt29u3cbgQoAy3bKWUMqeUVFVT4g78FhE3RD5rZwD1TYcbs5YIDGdZxnp7UyYiYhGOB9QpJ3Paaaeddtppp5122r+W1VgrH8afub7j8jZOW4OPmzhtlbtZ/dRvTQbnMC7Nz+PVtYcv1D+Oh389Dv9n+TnLz/IH5WkT++O7z7P8LP8j5Xiw9Rf842jrYX0cebgPFB/6qfv2qciWHIR9/Q5lX8tBPa1w778x/ggt2c+RQlwTFmv7VAhQRAi+hNYd1um/9XS+zlb8cfNl29ZeV+1R5jYs+UuXHXckmCNaYX1KVmIgR+RxgQiFBYyakbHKjQo5GawdTZPKa9HEhfizNLlsDYU2OIMdEDRUZfXURhuOGvzuxvmACNgf+zPDr7HrXnNeK31a5Rebf9jgQbLG13fvZ9Qj/49G+/Uevujhns51jASjwthRZdljU/Pl5l6ptpty97v9EYnLF6pjTap6WIPXqs/HeXcuDjmU8brc0X83REB+PMcXXHDHz3vBHvV5M7HXDq43twaD4YD9et/6njjYzbfnXV1QmD1PcXlBw3KmjnffopI7gNAfdZjWFSabTbs0sR4YIZaNvp4lLABloBLozmy9R4tUHhzccpm9GLkzIiNcnm6zlzJ9fEzvP8rtWqZbuX4g3wZBIWNkAbk5rLIGJambuZvlQgGJ0KIVSu0xwBsIsM3wNYNfnNd+xQnWu/eSCxCd390ikuAuboZul7i0pv+zpsFdm11yH/aXiZk15mJ9EDPVV46+S92DFZUe5q3P5HGBsEhM4iWPLyr3se+Yt9SARA1hAmDwuVgkVhyGNI4jgCbnTaICBzMJs8NKyURk5sK86IRzd6/wKgREIR9KTKqL7KoHwB/bVXS91og6P+5O7hAWZSrFKcBasnkubs7MaRhDkTSloZRxGEYzBzCMF2JKaRBVB1++/0YsILFpEtU0JHu7CLkkZZWgLE7zDGZVZRGRydws5wyguJAk1qbgSSXPebpNk09XHcdhHAc3t1JKKUwyXAYrl3EcJakTucMMIgM5e/Hp9qG36+X79/HyRsPgxqwJYPIiyqpJoHma5+k2qI5pEFYii0kR6DiAUF3trliuZ1OEDTVTopDqQtx0ZZI2tsBG6KDNYgn0Hvfo4WmnnXbaaaeddtppp/3zrFtD2aIL6/ssb/7ntbB+dOIqmz2YVp935X197ltcX6O3cY6D+rt+9jXv+/Movs0ri/Chn6OS+37+PeL8Z/l/0vIzB+Fpv2ZfnDa4//qKh4Mg/rNvB74PQLMOLgA92PfvmIMQviQPQuOArPvXEE4f0vQKV/TM9X4FPjZw475HT5PJtRRC3AdJHwnObQYa6I7qAKKsy9sbW2IFBUVqwicRIUT2QQTHKtIvETl4cwojTU43VvCO/tI1fQyUrgPL62no5WEP8A8cHf8TQ4sSv77Lq34fQbaHNf+sdv8URw+fLVj5YbWl3Xjf0/S26wPu2KcHTW8GY0ueX8cKm+3dpuUy2hxEt1LgUbsPsBz+JOtfw7zp7uazOcqHI/ryc7wRm+PXuqChQgaP/X86uxbO7nJj2fWJt0vt+oHEU0Lk/8/e2/ZIkiRnYmbmHplV1T073OUteaRwkEAcpPsgSIJ0//8X3AESwQ+kIBASCNyRd8vZne6uyoxwN3v0wfwtIiOra6Z7dubuwnY2O8rTw8LfPdIef8w2BxFeL0ZT+MosXhGuiW8eQd2B55BvVN0TW7aBO9guNot7fcfHGnlEO70wbhR36tqQq8p4H+DIcdwSEUHXKOzgFnI8MbFTxaLZqEYy8xWYrBI8S5A+FOclAzrYm4EdSUrLkuZFUw7MUQLM0nWZn58ta7pe83zV+arXS14ulmbWJJbJMmDqACGMWVi4uCeFs6R8Q7B64c6oO9GxInnGTllbb223e5YP7w4QDu3iZ1lEeLU3FnRt4FJy9WoN9QZS8zNDw7OKk3ECzOn4ZibCAImIh2mEgYcSqqp1h7Dms9DUhAUEMy3PFmfnSeH6tz5u45QIlq0go+zUMTNjJkpCkkTCNE2n0xSju65kJhYJcZrIindQs/YzGcJS4+j1KQCQOVWfyotKdQlADbmkirkSs8GadyAuDP8C3ZoZcTAR1eROV0lJDaYGEC+zhBBCDDHGPE3TybsuzC/MPE2nECcQq2aWSMyLxIfHB81xmS8vnz48PD3FKRIziBUWp2k6nYlLm6jmnDMZRQ7G0VSh2WDzcn15/gRoCCGfTvkUhdhUs2YRCeGBAhtbXopLViYxNpjklC/XKwcxXcjeRz0piEJkCQICLEQOMeI0+ZjXnCSQkYUgHGLKPgoymAfeKFfi7/DKWDrdhKVsVyACSe2gjsEWZiwxw0BmZAdAeMghhxxyyCGHHHLIL0mOGIRbPV9F1SGH3JHoyPStB1JUk+aRfqT/+PQhBuGX6seb9Tgr7RX9uK+nxC8EqM2LEoOw6mzccb7RQ2MMwhv9Na6hm2HcGVhnKWwAPzKrh73LBiCN7sMiKP42UZkeG+yu2+G3LKUBCGyICK0zN/PoDUyxNnc3k+CaQFMMlM3jaKVojBihW5i3lnuYW0sFUiMzNqaiFWJGJWg0jHCEBt+67HnjSz/7s6Wjdf+Y/DbgDUOL/hhi3BvRkd5Hd3LyG1HKm06/KdA28YdWaSQUteK1a+lN3//lVeY7ajclGm9fQ4IbDSsO2qBu/0WLiXiAYjytBM7cHw+bKXObo/jYHACGVUEHSKK/vg4ZVojWKzEp64XdVnVUPuQdMY8bpZ9/7V3VFGguSx1kKEDVzcQi2ncx2jUNf/8IgHDMuecieBfyW0N2wC4Jb8u6e43XuKqTm+4birQae20Yj9BlofA1whAaN2x84mb9Z24j3XhTKr+/ewp9pdFKvhLQjwhQX+UIuVbHDEpS4xQW5GooIcxMU0rz5ZKWRNliCCoBirwseZ6X65zn2dKyXF4szbYseZmXyychI8s5ZyE2zTAFiKRErmV34wkUph8PzD8daoHugbVBcb2R9xbVsQvarHSqOw9hM4XESseixdJtFK0mVrGzHuZWxAP7mZlp2YB8mjS/uk4J5MpxNKKs2tmPXBmEmuHkvxbRkGscQhHfYTe1g8HM1AyASBAJADkdsECBImZZNYUQRJxdFyVOMQQCBhgsMJMFEZGcc04JNbag11sgJWozF17jcGCoNK8T4xzSlSFynkOizHUYCZJxSsnqlAkyiQgIOSVSFokhh5DDNJ281kuCiKimOE0iQTUTuXfYEORbSnyd5+eXy69/85vzwyOYlpSf3j29e/9+CkFh8AiUKZnqFKOANc85pZwka365PD8/fwpBzuezMV3TfJ6mGINMQbNGpshATp+en1k4TlMIEzQZZEl5uVwMIFO2PJ0f1IhCkDjFeFKQTDidH3/1/mGesxnyfJGTsRDHKYSgiIac1WxOmk1i8F5mJuIA9l4lFM+ilNSESQIHCSUOZdnQfAgxE1t9A20g74EPHnLIIYcccsghhxzyy5IhBuFg4+VmO+IeBdDtrj0GIZUogNUeuxMvcCd9tA9Xu+5az2g95nX+rXV6k/MH2cN3ylM++Y16+FX9R/qRvpMe+zl0opvPI/1Iv5d+7/pOftym3951L+V1PXv5ca+cWOvBzlN27h04G5v87aPmpFVOWpenWx5HBh6VIqH5ePI4QO2rIQCvDMbulV14a8JGJ/TcgxNGQ/Pa1XBlCQjf5myAH3FHHxsESOQWzlIRN4aiW5o7g9C/LfwPqbUXMivIYoMSy1PNLdJuCDYYaqjF3qRfwoduGCF3ksf2K1pjM7cIxI98KNENvrXK8CWPeEsZPqv8hz79x/XDuvt+cH132+p1IIQrFLRl2TrUxTfTak23/aGFWT2iDqTGqqnTnHf1fDbxcw1Yob5KZnytFmsK74+Whqrw2mHpfi3qX7vd90Ondl+m7kB6GzfOVBg5oFre7cGL1dL9mcTi1vIGkh4hJG7b0H4duSpu0elWpLea2e6XBxungW33BK0IjKs8Thos7C9DBQiJjEgJSn2kkhB6i8HD8hnU1JQMqjmnxXLSnNlAIF3ykpIl1aRkptfrfHm5Xp7zfMnLrMtsaRYy08QwYR+ijja5J0XzXQGAquWcs6o756yuOGuj+59rXmB1mbl1uz0OFWYOIbgv0Orps+Rp+GLrxe78k8zH98q9J6FxEUMIIQQJgloef2II0eExZ3OZkcOCHuVXzUDUHJM2gJCJFACMiSWINeIjQMQO743vD6thUw/utDKUwUYEIOfsYRFjjNM0ecrD45OweH0Ds8RoEMvMQZzyp6aOPo5ngOrezTBT9a+8fYrD8aIwhBKYcOiLHiFSc8o5TIGMNJuZgVkoMPvgg1o2WNaccpqmiZmXeYlTyDpNejqdzhIsSGQOZvbxw+9FAos8PZyg+fL80QCJUZdwfcZ8eZ7TMk0Ts/gqaSJMzMYEenx6nOJEeEjzZVnmRXOAPT4+CsFyVtWXy8vH778PMZzPZw4BTPP1yiQwYQ5gFigMy+WZLJ9Oc5iixMnykviqJDTlSDidJ55kWVLWrMpC4XpNRhZj8NqZWc45FaR2CgExTgBpXgCEECWIGdKysOAk0xQmkKOyLc4jSRmG4qhxzkosIN4h7h9yyCGHHHLIIYcccsjPKOWnLg/21X7dGIQrC62jH0N4JD+Zu85ZnevwxsJMox7GXnpL4Y1VuZ+tXpVz8IB13479hvR2PH7f1v3F+o/0I50oUvWn1j6pfnekH+lfmj4wCL9UP96sp7P97ujHfT3lnsr2o84gJB7zdwbhoAcjg/BGf3fm10zS3OGBAp8RFQ9qVuMQdQslFQuPWd2L/DE1FFRT1WTECOkWtCiRe7s9vjI/UBx+3bHLF9uf1/UO+rgxwjL5YXZTsyBCRE59EGYSMRQDohCzMEgAYqkAAwu5ObBin6Md1pHHHd9xhA0EMqKYpTdRoj6tI/M4GZBrpMWu9raa7ZZ7oNTGoWtZfPcckg53ta9qAYDqg7FzkirEtSJiYVBHe0TA1be1iLdTZcPuQi8/39w/aNrkGqmY1HwVUtuN7kkLON0fPZwdo/sKCnJR5hYNMQVre+zcNcYdrNhZ2RfbW1gvS+fzjc3RR1S9oaITq27ldQ/V60K2G1OZ16Oj31ieuNPC9ahc76016tmHDpeTZ9jp5VYIlMa5Ke6gngeUZfOluw2moSPRv1zJtlOGp6+5fcNU6sHV7s7LoQuLilHbLSzX/ZeUflrp3QCBryCXbYR0b5e9klwHSRukvTgjGN3+DwKhuAYdfr+0lXp8o1u1aUcQt9/vMAiHAytlpXHIyg+CAIBlJ8wVFnzdgCyrwQhEJKamKeesZCbMpmppzml2b4aa83K9aspQkME0p3lJ12u+XPNytZygmUxN1TQzjIjNCjMO3GPKupPMnC27q0k4lqaqysTCwkRmuiwLiCREX/PRCKEOxvfjLPVUSMOo2hEV4sDDMZ2an6kwy82gWQFqIOW4TQAw8+9BIkQd+nIcTkSyKTGJiBCSZm7oJhFaI9+MN4dBjVjYUVobv9XKOPT4guMphDIgzJjZt7kYI7O0Xwi+8QmxmlIiZiUW5msszgDUysZIQQREQZhjECUlFZbKGy6PFGZigRDgbkPBzCLc4j/WYlRvsbWMPnMV9WyRMjNLEBImInMwVf1LRyKZlMxURAyaklZtyhKn6Rw9pF9xPyCEnAjMQsISZL48a1piDKqaLi/VFQDHGISDcJim03KFmr5cXuaXTwpQCPMFl+dP18uFmZ+engqmKwJV73EWIRaYhDAxi0HjNFm6zmnmhxQeHxlKmZNC4kk1LaT5FJhFCMKwrFN85BDAgZhNs7NimZnM0pJmJOEwnc4sAiJVmGV26mecACQ1m1MMIYbAHAgmgUyzGRxHVIMZgyQne+395pBDDjnkkEMOOeSQQ34WGa1AxdTR7LSjHa9xoTqDkKn9fFsxBbvuvfSev9ue+s/A1bfNIrpmEFY9a5xlZTdeMbeG9NVTbviI1Er1Nrs6v6r/SD/Sd9JjMzzc2pmO9CP9fjp+WH7cpm/tlnt6cF/P7rgd7aq75cRaD3bKg1v9wEr3kH+8YfgYnouhPG6ZrTyGemcz9VfzsRaugNSpWkEZQw/pN4Al/qUzGYZwUPdJTmtoYggORNVGOMATG9bFYCq9b1Bi3nhiLK5C3WTpMZeIGolQIGYlqBIxG1nBKMtqVTC9EjNn5F0Nrd0t+ANA2Nghq8+hxUfQdDCz9qe+Tj9q9dtghKv8N+w0t1Pf7yDHenoXt+oxtxGJMWtX3R6KMeG2VKvyjErKvZs7y0hdAVx75aaCt93keg1X3NED76RbSsNn9fDdv+7dc/OMoUXHmzYDYWiTnrGPFqxPImz1rpy8vlq8O99hWEGKlvV4Bd+p/eYd4N5jMOS/UyjsItDljbUD2LQq13Y63Kv3MPH2wO5x+bxVgfq63lpqfyJvnlPnfutE3Mt/Dxds15WWyB1Q5nv3ovHeBlUgLoHDbNxqynpwW5jdRkClEu7UfVvgsrKBiI08kF5pOILBtB5ggVkugfoKrlNwUMvQrKZKCiOCZV3mvFzJYFnTslyen03NyZV5WXJOeVnyMmtaLGdYMs2mClOYgVitPLPWmd3ZtKplVTMwc3E4bWZmXE9qqmbV7PEBOYSRBdgW8HH5lXpOzvUTFfo8C6OxBJvT3IZp9Z2cN9S38R3E4Pw68zMxIYTW5maWiQLgTlPd1WM9V4AN+785j20nZI2ooW0VB111aPvqdoz6paqKEDGT8PhWZKZmxiRBQgJDhIVQTzlJEC4+BEQCCbO04KMsjVhZi9Tbx+sxLEEFIDRzwqU2uNbHnIFE2GCM4obUPLSjR5wEWMjMD1hAtYCSMDOlzGSWWYKZmp2CxIDYuJJ2yjFOEqNlnuc5hHA6nYhoSYt7d4eBhWOYpulkp9P1Qqqacsp5ISaw5aTPnz49P78wcZrnx8dHCcGYVfOcUpxOcZqIGSTCiYjM8sPDgwfNXCyxpmmaOAQj1vlKIVqa2TLHiUMgCSxBM53CY4gnMKWUrFTVPb5aykqUU84xTiFGLc3OziJVVUeCH84PUwwxiAibwpvIjFXVQCBhphLv84AIDznkkEMOOeSQQw75RUn9BbFrf97EICzp5VD6+sT5mkFY0cEtg3Cln9dPvbVXN9NcK88dPRtT0lbPG9PbUXB8mZ4j/Ui/nx5psOZXWzYKI+dIP9K/PL2svH9EPcT1cPoPf27xbk1Amxd11+HP6hk2ih39ReeAbGE03g1GW961aLeUTYQhDFIt0Rvq0lbDivQzkHHKn9xJVa8oqRvtyvpcDuFIi961NsWugxH6t25erJ7WQATjwjBwhYWH5JBfMQcXJ3klzTx4YUDlcA444br8FYvpbwYbC2whTzLtmdFvgpndTRwfyXfwrP7cLWFvT8seAtD0fLkD0maMfsVK+IMehJuK/Rj7Y0Wy2rgdO+W2MDtT5k6Gz1QEr+Lfby/+Hod1t6gtUyMqbYbftiK8t8mv3z3Hb4a3W+x9f1PyV5DBdQVvq8PEDC5M371b3tJxZczz6hF7rffKtMDm79WfNLbITusQ6BWAcEfhVn95fe8nTRg9sOXwU4YLmNq2habHCnoPJrYGOQ7FZHT22E07oAFe++V0TGBY65wt6jpNoQ6mEIFMmUiIDTDNlrPDXTnnKUaRQMaasykRKBiZaV6SpaTLPM8XS2o5pWWZL1czIwOZpZQ0Z9Vsli2nnJPlxWwhKANkMJhRQEHBOjXeYKod6htda5paSslUiRBCsHrUoe0R7j+zn7BZE8SbP9K+2qiaWmGySd/ImrvGjYZCi3cX2SISqhtHr6+qiEzTFGMcb1RT+Omfyo9vo9dZgL3z2s9LdzRaQSApxDGpsTNpDE+4kVZ3M1uWJQQJMQrH8cXA9wEhCBiUFcJG7J6/g/C4rbOEEIKIetBF5wjWqHdtxY4xWg2sOLZby1AZ9V74MiGlsj+dpVq4/cMa3kqCGtSTCwEQUM2moGSqOSf2/qh3GAzQYCEv8+VyEeFlOjGz5swiIYiqppRjiA8PT9crp5RFZDpPMXDO2Qgkojk9PkymuD4/s+np/ADmeVlSSg9PT9P5oVDYIV6G+WU6TVMMUed5fv40TdP5/HB6eHy+XCSe0vnh04c/yHSaHs7nx8eHx6eXdNX8/undr6aHB7h7diClxXmywgTYMuecdTqdYEQkWXNKyQw5KxNN02QKYTmd4sP5tCzXaZpiFCNLWd0TLIhCCADlOwPmkEMOOeSQQw455JBDfjYpFL9mjx3ZCM0vV7O7duRvlV6dl3SGYbu+b3/e07/Oz6t0Wukh+ins4W+ySx/pR/qPTI9UTYrNOlXsZUf6kf5V0u9d/3R66AvKP9qKSzoN6a/rofb0Pf1FJ9aRkDZY1GB97hWpfMGyyRVm2wDOtTP7DXSsmxD1MoHQ9sHBJOoqmBtlrTu5bt7MiiG7KGRbW9O760j/0w12DLKRRoD2lTCjWDNRMUIJjEK2IYCRiaolsZap1tBKExYY1QysMCYEIoizRopbPYBKpSGVFuTRokavpGXD9ZjGa1yjUDZR8nH1yFzrX94aNtZ5Hohv/p6A1fd76NQ2A1FdskfO1z2IrqSvIY03yuiBtvdIjf54t9h3ADYf02bF2H0beW4n/2vJcKQZg615LHm/YTUkb//ukFvVv65an5Db6rXZu09Vw2Yu7Gdo2MIwwW+7vF+MjN51PcZirdK3ZwIGdO4Huo9b1WRnyJWCVXIzVvdR4e614xrrY0oADasBBpfI2DQyU/WruX707dmFvcqBALPbdBppqSP66GcKhpXcfzbc9tfdHtwkMtch1/eWcW9qBx0HMNjGlV+CVE+ktQOZhrCC46aBgYk5bGFWmmddVOeeEYHEf2mReSzD1hse4pVYRUrEspzzMqe0LCktMcTz6fR4PtP5LESmcHDIUs4pa8o5JUs5Xed0veY0IytMTTNytqyac0ppWa7uTNuhHE2LaQJMmKhFmwV5xdzhqLuKcT/VCsCMiVSNmYRZJHgYxJQzEU2TiBedGWY5e8hCbSH6NnjzuAxa213QtiERCU59VyvBb8FM9bAOjzOdWQILMbMRKxv89IuqMItDZV6AsnFbwS/9INF6mTWgnrSoW7RvDj0goZTNa/RJimGYjcNlQ+t316FmhhrpsJ9AApk3ABFKfEGICNcYvcREfrgnBGMWVSVHmASBYP0twoMajphli4PYzkKNpQNATKUJJXh8RXctW9zt1kNU4seZhBlgmBPizKmmpKomIaguSRdVi1OMYQphEgnz9TJfL6qmat+8/yZOJ03p48cPIcj5fKLppKrnaWLmtFyMMC8zs0z5BFhKmYVjiMnHsMFA1wuWefHjRSEGaL58+vByuTw+PsU4EZBShmq6XgLzaZpU9XQ6zdNkRNPp/PDuHZK9XK6np0fT83z5+J2qIjw8ffPtn/z2t3/2577yMYhyOj08noIkCVmVofOyXF5eWAKzSIhE/PL8SSScTucgYZ4XAsjOU4hmNM/LPJcAlyEGkUB7e+shhxxyyCGHHHLIIYf8IsR/DnX7Kjd7LFdix2B35fEXfU8vP/y7Hm4Rou7bn3mrc20H3tyLln9dzq9rD3+TXfpIP9J/ZHpshsTmaG60RB/pR/oXpaOm8xfrx5v1+JmKV/TfuyYwuOwVaPPC94Sqs+Qv5u+1HqoxCHefWw192/1uZb2/hUC4BRH0bzoHhVpYpgZVpyUAACAASURBVM4gBN2VcgKm2N3bjRvr/8apI6pVu7tBXOMkXKmRY7y3qqrzBcf8DSZ0U3cLlYRqChcKMq5WNDgtBDyiVUkxBwgNYsUiadVdG9fCF+svRtBizR2sgZO4InobY9ngRXLzzU5S/6I+YtMsr1riRsD4M4jUTfo9YtZelLjXdDpJ8zb91s3sjipa02TvPOKzTMTVpBgxjz3hoROqjXl7x6bftvnXj9ywPteF+TFy25XjOBx7au+sAD773BVON0DLu1X4nGCY7Vvb8dBtPmPK6/LYnWURbuXfq/iKror9Eu72eavp60Ddzbxs/b3fs9235PqObS98rlVX+deE13We8otmfcdq1pih4EPERIaxPM7tays5sAEOmWr0vu5yuS6jFZPs8QXdC2bfoEAAw5jNck455ZRgYAMBkVgAUstImjUvKaekWaEghWbN8zLPc56XPM95WcgUqgR1j5xIWdOS5yWnuW6apDlrTmaZyZxzp2o5ZyPxJvBWFBZ2bqoVgmGpmgFEZqZqlRMptcKMFt1u6Itbam/zDtry+R9mcCAKzAAboKojOa8dp2jMfhEW4Rr70f/jEAKzELHT/pz51xZbqKeQrDd9a+FCG3DosDUVF5/uQJXB1enmehcYBuHuEHV/p6ASuZDrwR3XTjXYYiXWExGxstbhy8xg4XaQpfoA6EtHfSsIITAX15ebSeFDd1VqgkfxKwd2iJhYypknLscGClLoY3WF53OfvArzcWxJ1aAWLAQViSGE8rZh+PDh9zHGEIJZNiMmc9DxellARCwGmBox5bwAxsQSgsECU4bmnFXNcgKRqmbF+eH8+O6dhChEl+dPRBxEYpyIKeUlmdnpZKqWFwkxm8Vpenn5ZETXtMTzOZ7OEmNWi6eHPM+UTUyJ5XQ+n88PMQTWBJZAFKYQRNJyvT5/khAlxhgnIknLfD4/EkE1M1hEYJaWRQK7910tfFoP2ckhRls7yD3kkEMOOeSQQw455JCfX5rfkWbj7XbayuGrp/+ZuTKhylnmlT12Ey+w6eG7duNq113rIe75eZ1/pWeNs3y5Pbyl8xvz8y8IFzjS/wtJjxv7Y8MDjvQj/Wum71zjDXrwBj03+Qdw4EY/dsqAO/du9GMv/0pnzY6b567LUwT9As2QOEiPLeRbXt0eq/9NDCVA03QLRWyhmI2JfFwmeOeeVxxLNhLkSL8YAI9elsa47xRCsKAwYopdkgqgLEJiBq7mP+Li+dTNgnADsXXbdxUzkJABgn6CpxnWCzVkA360bim8S2yAsHWNBzP7K028+XbACHfBDAwKNryWlRV7tw9Wzxl6YbS53oCUr2u596y3wI0Fa70H3oyQ7OfKUC7LGAU1k/9Na9824Kvo4LZE5dVyeDTuVHMoFrYpa9mC5TeAxOar1l4btW8E9jqEX4c7VT7w2J/DNe91wbgk9ZG+8hPbH7SqV++CPqPuqK43jt81rumq41+ln34+cQB820dLG1bqftNK5RpP2jxig5veDnjUNWesz3CMEONlvajd48+06kaZnI7dvysAYenehn71DWcDEBLg3KtONDRfIloxnZTtW4EnqaaseVlSSsvCQJQQJQgIqikbDCnlNM9pWTRnMmIjy5rmZZ6veU6aEqkSzDTDlKBMZDmnZcnLYjlbPeihqqoZUCaYEaDmIAbBQFaY6CQsLMzEnTHvK7zCTEsTMXEIQuLYo58lgRkxi2Np96dha/jWbQU4BDGMzbz/CtuPqPm3bBhhdXRDNdiwtW2nnT1xPAmEEEL93s+8+P+4YucEgtSCjNMC1JzWcAnZZ1RCItrIQQTTayvPahgPO+XwNRynpgLRcQkXaDB4xEffuI2Lo9zWflX98K9zDYWl9C2RiFg9iQJiEWp7dVm+yshFiU7sp0/KISd/awKXs8Nletc4zR5aDwYl92VgakQZMFPmPMXIEohYmC+Xi4icT+c4RVPN2ZgtiMzLApBIVJjHwvQoiTFEMkmZATJTVc0pZxAANVMjIINwOp1ZGJqXZRaW9998o0k1J9OsOYUggDJLVrte2aNukjA/BxJhYQrh/ftvg9HFiDQDNJ3OT+/evXv/TQoBLCQhTJOE0ynIwyRLzqS+yoRTFCFjqFAQ4RiEGMtyOT2cCFaInaZq5kcEUk59CT7kkEMOOeSQQw455JBfiFTrEcZfwt1iU6yOKzstN2MGxp/H/iN+4D/wkL5nly5HoW/SqebnlWWjYS3bcvLNvT/Orj4cg/8iPUf6kX4/vccgPD6Pz5/kszLX/nh6vuSJ5d7BnFtArrfofD1n1dnAA6cYwM2PDdPhkcrg/5DTByqHcBNbqDv8bHetElbnbqhtkKsMxGPKG8CkMYYQ35jLu5pqPwVANaeQoDgULdG1Ks2Qq8nYIxm5dRzMQSS4M7NqNHTLKgEEIzDBiIw6c7AxKgt+CiIyp8WUchGXEEfU3KgOTcRjNdeRz24ZU3dDCPYWwU0f3W/SN2JCK/0bVcNDm9e2XQxy94ndxej9Qr4izGyVJnJTYmwudqvAFdpC82U3ovBDazcEjFbVHByE1vR7j+P+Mkf+HjfmvNcXeLX8n4WMb7XhJhu/cSSsS9LcdzZb/XoYlusdH7c7cCGIwZA7hRjg57HwTRGv7mt/3EJudwcVVre061cg6hXWV39OUEETVvNrKE9/597Ali3/61jgbqXKqY+xmn1pZl+2i6NPDP8Mt5gqYEQgkptYgyCCSPHjPFa77gDszCpU5Kg9puVyV5mNxsh1+6sB+/L15cWZxMGXVtIENTPN6q1mSoCSGrLlJeUl6ZJSSjklZPU1Hmp5WXJaVDNDC/anGbCUs5lViFIB86JWqAvKVo6CmBWymjlAWDpX2EEaqFrOiYUliITAEohJ1SmFZRmMIVAIa3Bx1YMjLtgSzdyfKUjzMFBLwD+qW3TZaMjIz7yA68Nr/Ly6H6mpI5nNxWiLeigeprJz4UaojQEYU/8V6tcgESYqjkadtF9LjhDc+ybaaZjNrMk5O7zJLA3qHKP6FdiPWYjA5cyOo27Ff7ixWr2HmSAV0GWR4cerqmOiLKKZTA0EEaH6UwQthgfBfQ94RWtfMxWHqlwP4Za7iMF11XZfpEQGiATxseSHVqRQDNWBQoLW2McyTSGEEAIxKbOZ4XpdCBAJxJLSbDBybqcpMcNyWihrzilP0xREYOb+RWOcnh5Oanb59P01yNPj07und3m+aE5sjy+XiyPc83x99+6davGj6wOVJTw8PQH28vHTvMynh4cHCSohgaBLSjmrxen0p//it2GaJJ44TGB+/823T+++effbP/3P//x7NQgjRHk8v39+uZDlh9MjQCGQmea0EFsUDs5wzY6ckqleLwuBQoy3K+ohhxxyyCGHHHLIIYf8nMI9XmC/divrbUq3x9Lnc/KrNl7avQs3Ou990o2er2EP/1rajs/jc++zxyA8Po/Pn+ST/uh6vuSJKyvqcP0mna/nLDpHTombQwuNoqSLh4OiQXbN0102aN9eILpb8Om1iG6fA4FW6CAPjPt1NDuP6deCLfle7aQBXgGHZIwQgpkxiRNNRMRVmVkxgA4Boqz4ZFMP5tTK75oNJsXNaGMWmogQjCAAmvJmOd1th7FGrVK9K4fWuAf4vRIy8LY9X0eDPkNoGzRvHIF+FmQareGDcXnrYvSzFdnwVHafOoKUr5eq5cEm/16NUH3r3YJq9x5Tun7Qzxso8W3tdlf/Zyq3k3+3Md+CRK5hLYwuXrdMynuVYmBD4RucWI4dz+t1rmnch9LvV6GVsAcovT8T25+bWbA7Elo5K4FqWG+HsTMCcrsAIfe1HLcP3WUQbgBCwwqdXbtuVWf0lbf8CuCtSlsxpX5Nng11vDDqsQiMXd32svKVVbyyQe3GzqsrjDVyD5W+tGrOqlmzIheAyLKaKYygcJejpuoEOWYOQsIcWIwoqyJnMQsxwiynpJZyTssy57RYXswU5nQpqGqLsEfksfDUzB08iogotDLwnE1pRMxDSFer9SdmiZMHV4TByJjJ3YE6/CZSQCyr3DURyTl3OLYw5bZDtJxSYOn7XT35QjVubV85Wj+amap/OR628Oc66mlVnDxWvKeO7x4OhZatz6gF1IXXm9oW2UbVuDWHEKQN4r0B3OaUiHCI1PbWtkUyKawxcOuOPaLwqMhlQdsav1PET+CU2qiq6yZijwdZTyuhouD95K8PXBZikhIdGQSQ+jAYZpmX0/qMU7UMQwgiFDw4JQmRETOKz9LijTapwgwicj6fAMt50ZwlSAxBAgMwVSZx6qOqMrujVHLEmAlMatl9z9L5FIkoa37+dA3TJMJkdr18enw4T5OIIOfl+eWTiMQYiTnlBKKc85IzAGEJEq7PNk1Tnq/L5XJief7uu3SZ4/kRJBwExHE6nYSMw3Q+nx/fnR+fLp++N82nh4enU5A4EYuBOHCKnHW5vHz85ptfqWZheno6zcs1KUREQpgmtkII5SiyLItqpkMOOeSQQw455JBDDvlFCSobkIfrYve4SWnmipVF907Onv66VZn387xy73jX17WHfy1tx+fxuffZGYQ9XNZxfVx/xWu3+/wx9VD1Rv0jnlXu9SXd032yvEXnlkG4zlN0mtZAL9UCXycjaE+AGwygSnPuV7OuneitlBTXo5XESMDKmDgY8UGgDcj0RurYTfmK6bdYSOsjRp9s/txA1fpvBgIZuIY8KhSHjly5QzYndtjItjSAHSAkVqplZmZAiM0BS2eibChBI3B1g83w4DsRvbnb7Vu8qoGZWOfbNk25uT93hZ9tGJ7rYGZvchn3OeRyk7iLTv0gecUV7Y94RKsv9tL34dI2UVv6LQq+V5heqlem4f2CrlWsXJW+SUP99v4KsF+F3WJguAG3heAh26gSIJLi1HdQVLmIY3ZejezGTOMWjrSVGu3q9qGbOXjrGPle/977c/us4mazz9lG/oXTt25wRqwHS41hOgzFz3XQ5sLBtfZ8Xt1hBYKE1TXEHela3UTqjRUGrGW3gkJxgwet4LiohTYiLu45CeWWkVgMMvECFt+MZjBTg6mqppQ0qyYLiGRsajllzdkUppqWlFPyJVjVYCrCUwwP54dAHEUyIeWUbdGcc045pbxc07LktCAvhly9Q5v1KVuWTAfNmEjIwGwOJZrVkKht7FUfmigDjzmweHRaVXOml8N05kHvzExWjkBvDjTUDh7X/1zPsjhG1fautqVKCOg9Pox+P+bjQGg7wTNsuP7M5iq7EKXZvcJWL6GMEiTS3Q2UYVwp7BW1AyqI36JtuEdQEWoA87DLNX/GzBxCFBGRUFKHoV5DHhaNTvo32uxszN4D8KCA1Hj/BlKzemTDiWrkiHDO2aCDN3Rrby4V7DZiNiMWCAdiYvPpicLKrBV0eJitD/XiVtRA7KetSEgayOpea80g4v5mMS9Xg4oEFmZC5KAENaJy4qQAhO6l1h0WpJTgETG9n80Hrg8SCEPYClFVwvd/+M5rmXNKaSFmhU2n6fn64qENs+o8z0HCFCZheXw8s9nT6fTN4+Plcp3VNCUQP757EglI9vLxDxIn2CPBNM3x9LDM83R+CGGSMIVpCtMJhsfzxHySEKCLmU4xnqa4LGamYBHmEIIBOSsM7989XQIvc9pd3w455JBDDjnkkEMOOeRnE+5sP2Ye7LSd4TfYXanajWmVfnvvSue+/XlPP250YtA55qGm52vaw7/E1n1cH9efu+4MwgZTHNfH9de8pj+6HvqCZzULck+nN+vsOffyFJ1mWnPKymZb/gHxWyGcG0im3MVD/m7uLJ+o7AdsOAebR4z2x88AP8O9q0LSCtobC9+YhWPxHO0zWHN05jcaeueX+E+oZJPqnK1YWyFWWITVuOkFEEgx09ZOWjcvire66mh0RExLIe+1wG03kVA1eDPRTuvdBDLE9usx+tptF7ziZfGVEIa7eW5b4y2adzP8oHCJrwvwmXBI49M343yb7XVS2obUyL3defgWb6DVuowNtHpQf4tdl/BOwagW5rbAm/utMtE2RwXKvGDidTVvn1yfZztnC1aYH9UWay4QCaighKMcbdTXtujzaFU5bObXuIYw1u0I2v9jgNUxKi1raUM2PCcayQ4dIBxWA6ZNSVERn12PlP2pbcnvjUIF8G04EfVM9YGjH2kupbNCo8IYLHD09FhQzsYjpMaRrgcYQVzgFZCH/UN1TwrpQwZaB3vF0UxVTbOqatac1RJB1ZQ0mabsBzJyyvP1uiypAJ+AaiJYDEEflhiC5rTMl8vLS1qS5mwON6bFNKsmsuQcPyrhYEs3WI2cVxcf0mzGpqY1CmD5xYUCp0nxuQ1iFioAXhkOgGXz8Wxetza7x6C5vlFshtOwCKDgl74Z9UMbnUaH6pHY1vMLFemy6vKSmIXFM5l1GlwdKe3gDtcwq75HoozM0rU303Al9XcuMOy8XEZaO/TD/WyQVM+i/uZQSNgFDy3IntP3ufo9rRW0EraVy9bpvm65RA4mYjaAzLgOVGYymKnjtyWMoJlV16fsJS2Yus8GViYh9u4mhyCtHUlgJqn+Ts0IVlqkI5TGoMaSBQAojApj09FiJjNNmUQsBAlBDGpZffkQEaFQeZsEIJuqWc7JKZKTSCO/qhkLe1BDItOcQCRCl5dP3q1ggMSBfTCWlLwals0BQovGRkIWYzhPp1OQKxRKljjl/HCK8Xwm4uXyfHp81IWumhV4eHx/epjz8jCdHsEync7nhwcjjtM0TSdm+/Dp+zhNUc5pVk1XZokiU2CCMROEwHSeAuEUfsy5oEMOOeSQQw455JBDDvkppf5eLj+a6+/24uil/CZrdlceI2v09Nt7Vzr37c9Mt/pvddKgc8zDTc++/h9nD/8SW/dxfVx/7nqIOTGaAo/r4/prXY/kkF+Cnjddjwyx8fpLylmSG4OQK4LV5yRQjI0rjHCLHYzMP8fhMFint2DU+uYG8/AtYlEXBeHqsfsGmqrhvPxwfQUpsfOslR+2Cge21hh1OqvDAGc8BBYwmEWCeMBFj/XUCReFmlHIF6P5vkCMLMK4Fa5W2E2beBEbFNdBstqqbk3dBTt3xQMWbWmAQ0OPl/u4WmEHMRGRrDDC3acP3VQOgPA2fTfzXrHGfeLOjZ9tAex19G6Ge/eXf+97gt3o2XRf9QxIdOdB2zGwqZc3AnN79u7Q3VG7huf7LcC+c9T7enY7YlhNhpLiJrGuJitY6u6jsFcWLnbt3VuqC9/b+wr3raxLg7fkW1e9vQrj4tnJi6vjGneKTkO+DhCWcvUw4ZWg2T1zrtDBWqeVdusLy03HVRivnwrZMCatsMjKg/rc8hhplR84jrohXOAae6zuRa02be+1prD4EW3tZp7ZqjtKA1n9DeNbBTubikCmZKqqBjUYVBUKyrRcky6m2TyOG9R0Xq4vl8vlYqosfDpNUDXNi+nzhw9EBlPNaZ7nZZ5NDUBKC0zJlMgIKiGEyhX0MH45q9PEQ5AQAjMDplmzZZLS+J3D7eyyggkyjU4jC5BYmtrUDEqw6gW0R9fzYyiaNMQQJHSwECAmq8dLQSxBQghCTIBBAbjr3bZcqCoRih/Mzhsnq6xHLqEnASFhNkNKybfEEKJZUuvbef2XWRxPdIXG7aRLhd4Hf7x9XSp7+nojuZ01zVGqu/suWyfAzEFEghQo1owI7RzP6JcbBiZAxuey46EyNLKqUuFZVk/jUDUVFhYhQNWYrUGbbaDXGcFQM4JIf9URKadxi7NWNVPzh5c4xUQkg39ksBHIoMUbeXGUaqZZM8ymKTCXEhlUF/VKxRigbjlggsYYQZZy0qxEDqhDpompckylAP2aM8NUVYRFZJp4npc5LWaYzmcJMWedl2vKGqcphKim0xSjBGE2U82JgQR8/GBBJERR5OdP30ug9/zt+eFR88w5KCzp8zUl0iyMKAQmA83pmudnsIQQYpzA8t0fvvv1r/9UNH2arwp7evduCtMU6HK5iITIIpGQL5EpnMPdpfaQQw455JBDDjnkkEN+FuEhotLmetfu+prd+J7On8L+TF9Jz89iDz+u/xu9HgDC0QR2XB/XX+uafmF63nS9/9gvK2f5l4kM6Dbm4iJs4AlIM27RyK1pdrf2Z0MWKy/QY/5w9WZXHu9Q3V3Ip7g2Y1TMsOoDjfhAJdJ5xKpyIsahqApMjMQ7D0fku1gJFGQGwCkXLTAhhiBLIJBI5GJzK6ghs7H79jIOkYpBnIhITXNOIUicIhGMDEoiAoLCo1WBPBxVoYxAwCxSOUqlrIPzNZR4XGYVqqhtSAQw0J1QVsLHtuINHO1eAdHhYH8KdYs38S1ZbliriRhWPNChmEabe0TuxRB3EFfLNJRmt9+7a9bxsUxcnL21Tu2m2jbqhjqubm7PKfQZwqZZuqG/+Fx4VUZfDUNRXkEWe0M3IPM19S0P96kydmLrHd7M7wbDNCB9AOcAaz3RVNW6vFLscj1+wbhdiEBtLLVi37hR9Sht7JQ0gvcseLOU8arc5RFbUHvLsKIKT2xBvRKODT2j9zFaq3ZiIFpDlvWtcQ1R9cPRNXdVyLdraum+WgUrIw5GlVxGRN4VVjwc9nefsvKWBvU7qZP2Kj8PpQLbIYdKcmpriDPiGmYIIlYiIwZBa4i1RtMCUCC35qyyPbZ7EC1YoIEA40qr6tO6Nq0VxJGNzJiMGF4YZ9sJEZESu89ENc1O24pxMiNThgmpmJJly4tq0pyyppznrIumOeWUoaWBHd/K8zXnbKbPainNMC2FMTV1LqKyu1lUVUtUXVQCEKjHqwOYzMsKNYgwqeWsDkoVlMiKx9XCi6uHU8BsdRHOplxdPaK1iZpadpoXSx0oTtpvC5Sv80IsLBzADAcZ28kdpihCRL6TmYTiN7K4h/VulToLqceD9ARmBoM51nML3ofMYkYAFW+oTOw8vkLWK1PYkUVHLn0DBTSrOjYWYzB3xw2GIbD41u/8PGERERq21rZ3r9eAOqOZgnsUCRJD4MDm4B7AgEcy9JCaQYSYIAwFDL60ucdOr7iqiQQRYpYYJefsaLQa1AFWEWIu45ZB4g5KiwfXslxVMj87Ic+4UjLBBG68xwooMllZecHMEiV67cwK2svMUzx59EdV9dXRh4SpsnjwYxFmCcEneM5ZOBiBSEUCKQyWVc3ULBdEWaYC1YrM1xSCMIkxBxZmGGxerqqaVJeclmV5EuKcvFfykgIhCAvTy8sLn6Z4OhllP1Mwp/T8/PHx3VOwSUHZ8j/90z9er5df/+Y3Cmiez49PEmK+fEwxfJgvH0P4i7/8767XmTk8Pb2LMVIm5Mhxeopk14/E+quHh+syXz/8Yfn04eHhIWmO0xSnKCwgLPNyE4XzkEMOOeSQQw455JBDfm4BRmPL6prHPP2G9b1v0LOb/0vtz71wX6bna5XnuD6uP3/dYxAen8fnT/I5xOT7I+n5kieWe6vhHzuRBe9/vp6z6HQPYyVAFjM1t5YNivK4Si3IUAUKRnbUng9St1QXphtV3KvZ3/dYaO7Jmmq4HRod7TXwb+RvDbDELavmlkHYC9ZTBnDIwT9PE4dGpaBgbpkXshiisXpSMdgX4gvISswq5xWKFc+KKzO8ue9Q8RhUkEKAIDbyU//jUZweFak7cOOKFI6IWcPnNuggKl5gxb4/GvSpP8zHgyMfKwymvabwOrGCGTwCQqgoSxtEaDgM003L7/XU0GGl56s9foMQYnPjWoZhQz3m1o4v01e1bBtiL9fnyYtD1tf0v8KhHFP26IK98YbpsCoeMHbrrYfPDep5q5rqSC5/0DCT3eLeRsrGlWd5eouIhqE43NeZwWXh4FcV7UxAi9i34iWuWqkcShjmQl/YCgGvFwDjg1ozAOslp/rIBBmz++e02iq9wmiRBWtZK8wHEMDCYG4VRQF1epPTzYQtXjp7nD8ATCVOX+vfFk8NJchaVwFonyoAO2JHFb0rXWaFHmUFX+Sx70pxCyxKbCgaBr4mUAuE+lVDE43gAKFDL+ZdqGZEjlaakQLqrh81CSgQJkK0LJqwzJbm5P/lJed5uT5f0jI7VGTFDSlUc5qTqgIGQ06LOzgFDGaM6uNUCAQ1rec5wH6IgyAswgRAxAqKW4+D+GNiJAksQYiFUAFu0LB1UveG6VAQQU0NWg+smKwHHDNL6OdUemRcLmggETNJ/at4/5Yd1vuq2xsk7ruQ+YGbtsm2ExEeNLLN7YoEtl21+/Zst1dn437UppH6G5WQUOntaIdOQCBHB5lYTR2DFpZ+NqOeJBpbppVC2Nl0DHbnohwk+Obs2ChXtp/z5sqEKT5Toep0QKlEwDb/V0tOowmiuFDtLy3NtWmZcezgLMN8fFn1miyFpE81pb4sOfuyenhlmJE7C5XyGlM5kQSAQiBVHnyIc93N6nyri2LRqHVAACAdxtKyzDFOIqJqRKRqZkoKLVEmHZpMzOL9aDklduCcgQwT05zTwgSiyMzZ8uX6whK8azQvz88fRYhF8KTCFOMklixdbKGs9p+gTktNzx+m84mIQoynx6enp3fff/huefn069/8RlOyJSXT+eUjmKbTKU7RmywvqR0bOuSQQw455JBDDjnkkF+KcI8X2K+LQeQmpdtj6fM5+VUbL+3ehRud9z7pRs/XsId/LW3H5/G59xnRLYY4ro/rr39N23T6SnraNW100heUeeDpVJ30Zp2+g92UZ9BDhdcBkgredaSCR6bMCgR4szj4JbxOalp5lchUscj2PZo1r8srARE746gc9/dlpfpVq81RvmwuSZupvpkFRQggMyEycmdfIDImkSAQMTR/f8XCvgIC1ZQNIBYqQKCbFLnmZSMRVJtqM0BycQY6YDiFUNnMqbUi3AeG2+Qx1LSCiD1DY2KtfLgOjduaYA8/Guli3c/lquVLqRw/9sV8bb/uON3qEatM7TncQzXvFvd2MLoxsVpWVyNsgLW242Y7jO4J+si8gwiW6boKxDU2IX9YoAAAIABJREFU9au2znVQyZ2xXag2wGtg3k3KbTfx5quhk7ZfbUrTJ1jpzAb6V+95pXsAKRDUSsfWY2Z7Ad6MwDoT0CuJpoJoWB8GfW2J49rT3D5bJuslwrAcUp9b1Nq45eNaBKucx+1CQs1szyUq2oBGuMJy6qASj6onzZahj9jq/rG4Em4MMEM5POHeMHmMQ1YXEWthAACqvkFLHi70QQMpdRIiCphlDvpRG2QFbQKhY4oG1hIYsmCiqF5GywXc6WXlm0tBBwteWAJFmpa7GIAyEyAw0QyWEzPDSBdaZp0vebks82VJ85LnnJf08cMfclp8OmjOOeesaqppUW/kwKKavXvUsrPNRARgqKIGeuTGJzUQs1FdmqkO7trDfS44tFXC8PUTMqiLUePViR8EqfhN9XhZAUIujqXdI2WjnTFzCKGtm1axcBEpKJmvhqqr0dn3ascuKzURAJBVYVYf1EayD0xGPcVRd/wODfYajwsAEROFEKieGiqgJjNLb73hLQXOt5NQELLi8NPdClC5hV2J9L24OgUFEbFwe/UQEWGJIbYhvfJPLsTMHuOx7sk+dKVGFrQWrLE14XA+CW2HKLBo99FafBfUZam4XPWHm4EcZyephRmGDHONL+rzitTKyQBV4+on3Dlznj76RG2jcDwE4eEMCeyOfJlJAhsJnB9b90E1ZXMk1XImVTMo+8rNxMIiQU2lwM/ETJbzYqhbkakm05wJZuqs15wTkETC6XyeQrCcL58+hRAmloupSGCRdHk2UEr6z8/P54fzdDrHMLlrXA4hnE6/+e2fzc8vi8gkWFIOMarZdZ7Pjw+kSReRsDmAcsjPIAD+w3/45//8u+8/fHi+zp8Ba0Xk4Tz96lfvfvsvvv3Lv/zT192eH3LIIYcccsghh/yXLf7rpJgv63X9icLFiNvsri0sYbuX9u9d6Xzd/sz7eV65d3zWfTv2j7GHf4mt+7g+rj93HTdEleP6uP6pr/ED83/2mt6Q54+p85V7Qc0HIRX3hdSIBt2S1hEs7m7pRktiy7rxO+qfNvgjXR3UryyFZqVrJjlam+o3z9oYIDrFwflqA7mw7FmDKho8XxYtImjwkggB4t7A6jWT+6cDMYUQnImiqqU1zNQsqFlwUovlrABJCBKgqsIibn0vlkSDByUsCAQ36kXHSBvnjiu/osKEjSlU4Sp0UxqaI81Vpzs0smrb0hCbSzCLd9rQwtxZK+5Ob0Rwq6W8g1gO4bgrwaa8eTUczkU1CGccaug26RWIyCxjGOTa0bWClTlxZ9jXsm3sVnf83N7RcT+GY4ffVl44+U0zkupIf0051q5NbyMv3qKGN1XbecbAVf1MNMc9tXXScYlVN2S17aOcdkXFKW6ZyEP9eHBt6+Z4WRcGnwN3WxfUocObNudVtgGKrgocnVq3QBkhZkaju9KhBG2VK6sBrcaJo+n19YYqPoFhpHdPt2UCt8lWHUj6IY5WVEZZPLjBe65zALmGZ6nXgMovCY8O2BZmI1Q9Y1zzAgRqpQMCUCA39iERV+BQASVSYiUYoM40ox6f0EoxSMkScQ+PCLhjxcCI0MgmRtCc5ovNl+X6siwvy/Uyp+uSlpSX9OnjJ9XkPZVTyinnnM18vTVhdvTIPYKmnBiGKBNHgHNeDOaDvGEwFTJkMjKzEEZghsBEwmS9f9xhpo8fx5+AwvxrUfR8MIsRiQBS+wHunrqAY0LuzNWppUIkLFFC9yDt1DRf+Ly05fRBaBifmQkRecTcwulDDWnXD52M6567+gU6Wl83j4qsD2j5ONoFFb0L4mPOG9PBRxDMiovdhr+6cg4VIOxnaAwFNoM78UbFDNtCF2MQ4RHqE5EQJHhAQqLiUbNv/cTBi4K2HQxtQG0WF7/i9XHDslkugzTWIvedlNty1zBcDqHv3TAishLYuLZkVW6lsiM2CTK1jOyDp4UrbszNvkxZA+xQov+SnzkoblFFgrAwKJupZarUyxBCjMFZlT5V/SVChMESwYikqhzIA21OkZwvqwZ3GEtEHMTMlmUB8PDwEGIU5sAUCOcpwECmIMyXl+vLCxE9vXu30MX3ghim5/ny+PgU379/eZ7P54cl5efr5dPHT3/ymz89TeePf/jnT8/P3377bZiipuvjrx5TXmA0xcfn5+fT+WE6neiQn0P+3//vH//+7//jkvIb85vZy2V+ucz/+E/f/d3//Q9/9Vd/8T/89//yJy7jIYcccsghhxxyyM8mvxA79nF9XP9Xfz3EIDzkkEP+CDK4uitnS8hodApYoxF2Z2Kru3dcjLY/UV2crQ/FV0NkpQrcYn6rR1Qj3dqt6Ppxlbi/KZvXrIFpt4UfDYUs0g5KS71m5kbr43r+vsRlLOighqwWFBZgZpo1h4LVUTRVY7HBANrobv6I28ap3QFmJ1aQeaCjoVV74Q0j0NNti7xdY7sfs5sHDQ2yUuLYnPtJbKHYuNtAaSwPULmiFTTsjyDrrmuHTuQtikY2hOsbLblqzUUq1hXsFd8gbR0hLrjdD0ADtzJgzK9o2bT866N69957X20w+LHZW+LnVN2jzvwAGbu0QcKtMA7xuwPJG8jTB0bro4YQd9YbBjohy7ZsFXgrUTnvlB19lFGLW7lFCtsyt6HKVq991ZVpgzFgHgrOh+yARK4mdQUIK8RWgJcCQTXosYJ51k/eoX3F1Aexc6QIUHPWcR9WlcFXnmZ1eUYLPdhwqQrpgQpaZTUCohMKjUrJrEzdCmECWjJUjNAKQOj18YIqkYISFYzQaORGup9mFICQODNlwCwXvl+QM1EEEYyEBMo56eWSLs/z9WWZL8t8XXLKOuc0L/N8zXlRzQ415ZRVtU4xAKYgAoUg1MnhagZVNiBrHqengyK19Vvvt/4gIXICH4kww5GlnMu6LX1taRtjn1Bc+YAOpLXhJVXqcgTUkjjYZh49sgbHLePDQEwGY6IgQeoi2Ldjp4AJDSwfFpGm2ddVMw8CCGuL4jB61wdH2lpDvG4ZKwS4Us3g4BQAoLhILcgl1yYqzD8DxRiZ20a2dWfaIgG3edcZfANspgNZf9xHaK2kHy4Zpk0DCMcuG4BAdEevQ8useIpVRKSVq3hhuNlb+6GBWh6HHt1vbEMxmXlk/nmEwjKcKjxchlqZ71yhfishIUm8Q1ULattQ8BEudTy3rg/k7m2ZqxJmYxahEELOqmohhNNpCjGAKC1LSsmcHs6l8oVmuFhgIlDOlpc5SAwhTqeJRfKyvORkORGT5TQvy3WZz+fT79L14fHx3dO7SPbpwx/8sMN3mtTAwi+nU8r5m199G2W7bh/yU8uy5L/+m7//3e++J6Lf/Pqbv/iXv/n1r795enqQV/vCDC8v19///uN//Mfvvvv9x7/9u3/43T9/+F/+5786nY5f9IcccsghhxxyyCGHHHLIj5Th50TxbHtcH9df9XpAU34Ret50veY59usvKefAgCmQgzU7YDN/NkyG1sIN3UEhTo0kv2IuJ6reCEd7fTWyF09XNXP111Zde70maIgDUTeZVyNfsxm2Y/ijha3Xiit3qZn5zFiErHD0iqNRgIiCMJcAVAVXcC4F3IeXqpWgWOaxe7whjE3VmNUNdkECxK3PjEAwiAiBJITSQDKiGUyGxtETNBt0o31gA7cQ7fjerB25QeLQ8q9wIzKqOOB6lJQGK/bawvKqYGDrE2tF2ZpKW9HQPEqT2zXR+osqyNsMqsPI7ZhlJU9sxuTmz1UxvgAbXKm/BWh/oIJXkm89u/Y7Gm301r/uaO/erebA3H2tOOPicaegW2ZqpQs1e/3Y2hiewuTBrTZpfeRY5eZUcq8S93iLTIRGeao04dvuR2UO1sWpPrrDHR1C7rSw0ZufFU4dqJK9rFriq9W+1pE65lpa1t1/tqYogGKNh+ZuOKnhoNXlZp0cDVrsU87hIpTQpjwgkgV1c7t/oecOgQDJNkhhVdXoTlaphA4QGsi8wdGCDsJAiqacrY5CVBqaESkoE2UiJawckFZCqD9SC0DIDkwKLJgFA4TPHtcN4GXOl5f0/Hxt6OBymc0AtTQv8/WSc1bNZmpmOWUYWDiGyJU/V/w3+5YENdO2fY3jcxil7bIQ1RyeoeZikokcHkSHc/q4cSyn+u+sA8uqp+HiPdKvQp2lIlLjIFKQUAmI5ITGOg5ABPFwd0z+dPaNg8ZhRpU5WPa24kPVl4QQCn3cvNeHcVlIhH3zKNz1sjW32dmAMdTQesWRtTCLMyLLCSEKQdp1mYnNM3IBhCNLedfgUAMNd5+iZX5VxBdExKG43ywB/7Dy1Vyh1vK0zQJXXzuKWt/VC1OWhyxlnZDVetvROFphhHVYFE+xzCEEn4MeGHM4p7K6sWtAfWtCP7nk4U2J6hYrZbniHh2yLzcgc58CNQgiUWhf9fYxA5uHPi3jtnVWOS7AUpcNAOAQKkArIZS3wpyTsmbNILBwCEIGmKqm4CMaYKhpZhIm05RJjAEVysIwTZpzWuI0+cuRMV1fPkx60nS5fvpgRGpgkTidLo5rhhCmCUQCWFrokD+iLEv+d//+7z58fHl8OP+bf/Ov/vzPfv3GG0X4/fvH9+8f/9W/+rN/+k+//9u//Yff/e77f/fv/+7f/h//04ERHnLIIYcccsgh/7XJGAhnc71rd33NbnxP509hf6avpOdnsYcf1/+NXsdGh+FqzD+uj+uveU3bdPpKeto1/Widd69p0Em3eajaO3fLeac81YSPZuMudulKi9j46hyQP6Ba/R3hGbeGAV5gag4pV2az8qUnrgz0HRTYbj9d/xhmsFW9ooNALcXg6K+VoBISxghgHuio3ebWjpuAK8zMKH7SvNCBGExmRh74SN3TqKkqi7C7SDMzVSUiIIZIRhSIiU1AZODmvdOtrQXLbP+RFX+dtValTUpludqGB+CzpqxhHimvK0NrdtNnxRQ7y7AyvYo9uY+S1hqVhdL+LkMGUjtoRZ5zQIZbsaouqwNtZZxF7f1+eeP6bn2L20NbvRoHZVVT+vHSByjGz32C4MYdaFVxD00cea9YpY8Kq634HtK5dWF3g19ukOCNmjUBcaW25biBGD29cTrHr31UDZCMu5x1f71l8LZqosaxq6MEw0Sl1teN6kXMq8k9rmNcVyb0GGpclwYeKmTEO50yAjSoln3TTpAa6zi2/NDGxS/oQMy2En2v8FBrlWujtRXYV52CqTSaEByi1DKHuQGEHujOmYjmAckIRTNIG4OwYQfcb/TIaepAoOOFXAsGdy4KI/aYglbxIaqLjeNQClIuGKExnC3n8KIPVw9FaZVoqETOcDoRJtOgCVFCDGdmyclePs6fPl6fP13Sosuclus8X2cfX3lJaV7MLFt2EmHOSoBAIFLQXm8vgyNuhfeJshZ54nq3rL1ZByRgBdVzGlk9gmGA2Wroo449Jmo4mec1WIFe1ltnn2KFVS+N5OedX0eQlT4qRWmcTBg5AsUNz9w9DFK4aAWKErMyEsAFva0ORdvULsXi6vOU6vypbwHcPEtzfysoHDWUFiaR0m45N3pfAc09e4yBg2N1BkAKZiUt9GBlZhak1+FUEmJitVwWgOojtDx9dG48LIOttC3dTOsIYKa2CtVzS+XQQV/EthtM68jVOYPSGsICP87TH7jZAmq2Wl4u3VsMCVK9szq47m8wPHpARsH2QXAGHworEg0HdVXevGZGhLX/W3Zwz4DSgVxohv4C0QBaz0yElFJh3MZQgPDiVNUMEA4izCQw9b2fCgCcNSOREbGamSGna8oZRGGaXpDP+sAsKWUHmmM8TacTQCwcYpQYQSBN6fp02wOH/HTy13/z9x8+vvz6T97/b//rvz6fpx+n5M//7Nd/8u37//P/+n9+/4dPf/03f/9v//f/8WsX85BDDjnkkEMOOeRnlWo/q/bV4boatt5oN76r5wfan992zV9Jz9cqz3F9XH/+Oo7UpePz+PwjfOJr66SfoJyv6/zR34LITFnCaBdzq5cMPrgwGDr94h5QsZGC1K1zgzBq6MZTrErM1Wo78g+B5oevm+cqgwMVROOxqAS6LfCuH8h2MfoXdW9vBcoQUdViZmbny3GzaJqqZWFmEzERd1iacwkLZGKjc0iPq+RWP1VlgIWFBi6FMEO40GGK9VEa2QqOuggqp6p+ohiAmSu1k9huSZlYt8mKPzG0mAFcnKet8bje+CiECCf2/f/svfm/ZVV1LzrGmGuf6guqikYQDKAoIhFFxYYE20REX3ITY7qraT7J85Pm/fA+7y95973cJnm58ebm5uXdxNzkxg7FBqVRgagISCMCgvRFU905Z+815xjvh9HMufbe51BVFIWJa4Qs11l7rrnmmu2q8Z3f7wgP4wCOcpcsLes2SyQ01Y3etFELAhkRBJY36FzfCEf45j12czqgDHGzphjPjxE+j1Uaz3x6WfbEtrSbJFgkr/AC5v28BR7kz04bm0tj8N6glcBhovjTLqjsrgBiaJAa8ocKhVtWKAA0fJox22xIxr0gPmdFoytKDYBNbD9wAh82JRz0sXjlOc9+lGEAKQ3SV/BSu6WOaYdIwc4VGGIOvC1wOzNDhZTH7W8nDMIIDMISkZqBgRmYAYS5oDVB8ZiCDCjMKhAa1EWtYQYrjLIDC0hpSIcCwoAAXBT8A1Tyn8P/7NsRwNBBgIIgAgWFK/pad3AElzELsACzCAJ1nRCgMJacuw6ICJlWD60ffO7I4UNr0/VcCnPOCgoCCLLkPuc+i23EYAi9SK5wbCwjyrZk1kojnX5SSoik+JnvsnBiKFjEuZjzlRbm6Kw0WtPDnmBIFc6Bx+JqogwIYoBN8OS0ACmlruu6riulMJc56rcvAoS2ewXZh6GPO487GCPLto948RQIbBdZSmxcRFsrpD6oThRGm4S6erowZl0cld7rUCVrSLwAVl34VLuATQtE2HUdoAwjQRIi6RYavZHIBFMd6DP+bCCOpiXuJoHqN+igiPgvgMq/5MAsB2t9XIwMWtHvkBttbkHnuEuw2L2piGOugZhqoBL4tGoZmpclxeFa/NiB0qbtAh207Ty1pQLUtNwQuTFvvpphznlmHySUaMDd1JctpeScS+GU7MeVlZWUEgD0fX9k9fCE0taVLfogStRNOoA0m8249Cl1k24CgMyl9Jm5MEhKKXVpbW1Vx2qZrnZdWj1ClFLXraTUdd1EQLJkLoxEpesw0azvSz/Ns50w2smyB3/4+P79B7Zt3fJC0EG1LVsmb7j0Vd/45l379x948IePH3c8wmeePfCDH/xwbs1NKe3dc8ppp+3dtWvHCynkvyD72vU3TyaTt7/tjS9hGZ7a/8zNt9z2hksvfvnZZz5vYmb+ynVfP/XUU9502SUnpXSjjTbaaKONdrLtJfdgj8fx+BNybBiE43E8npQjnOg84aTnedy/+m/qFEePFwj+l90XmbTmbnowxg9C6w6zIa1AI6iYlT0wgT0N0ffIS8tC1BuX0Aerc3buauyeb0IbNaWc538Eh1CcNWPJyf5G0c3+YOigMVFQ3RPhksQIWaRb6pmZGQsXUhJhKmiu4eAWodJDhJU5oap/SIgsKKDsE3XQigi5TxJBtCLJoRUA04iz8quwnbYGggYaUlcro17bAB7D6B21Kg0vrO5ucFJGcCQq2oQCRsoIETZRxTZ3pgKIaafifDv48wcdzNTbKi8SG93VBseuN0lQcCJjmaPXYKAxSysBN6ieeEKrU9l21A0yRGjhqVAthHmdQxs2OFd++63xEbe+/si7PtzRpkG11Apogmwtt4FKIkDUVeQP0ARTa2YOkKYztDxC8Tp10VphELSB7nqhzp1iryCxBkennDYPCuCp/UGGvUf1FQ3jGHYrscCGzSstA/zCwx9IQIAuwCgg0HRiRwdD8NYi9imZT/UMI26fZQXO2EP3+bPJgdok6cw/BRcBnPZnD1YZS4MDhQsCIwQoWKwAwiLFMQwLVYjK5GOjD4roFX099mCBKjqqDEIBYUFDGoz7JOLSo2xCqVbXGJxPRGdJIiN4SiREypmn6z1BmtDK9i07J7SdSzp8eO25Zw4dObw+m5bScyml5KzYZymFc9GIg8yllKI8xUAHSykiRVG9ySSpeqI1DyEloq4j0r0mXhNN80d/wqFp9trfYoggGjHPmKoIprRpkxWDCArbvIumCIpILAWZKSWX5zRSNwijYcBAiDWEoMSWGIW19ZWQQUjnUotiKc2oxQqS2VxTASy7BZFIvCoiDqLjbg2OZauacs1afMsWSMOWmIuqhKaUjIyGkBKx9XyDwVAXBJ9kWzxMK8o7LTBbzrp7pggLc8m2jOrEwPG6zUfC3EYfXTIFQUBI9W5JZVznRnoFbrXm5gL4LdtAIHWuHG5ysvCHBu5ZAzpWp1g7KeDb7t5Q9LPWCSEQWTRRm0NQVP3Yhdlj0kJEl05VdBh1bAugACqRkFAEhJCYJeeS+wKIiUBYo3iCRqwMvYOcVREdtVkFJJfMzIULIGQu6/10y5YtQDLjvp8VIhJkIWDJs2nuKCEig6xPZ8xCibqUdKrKOedSBCYA0HUTQso597NpSl03WVHAGHIPAIXLoX62duQIjHZSTETuv/8xALjoonNfIDqotmXL5KKLzv32d+67//7HfuoVZx6rHrvaX3zib2ezfqNfd2zf9oEPvOvVF57/wkr6426PPvbkDTfeCgAXXXTBnlNPeamK8eUv3/SD+x+68857/4///fe67nlkY6/94g3//K07AOCNb7h4bpvFaKONNtpoo/3rsJfcgz0ex+NPyHFkEI7Hk32UE50nvAjl3DzP4/5VHBHywyIRawBp6C0tCliZB40+6NAxiRBwYuvFc/IDLDOEDX4wts6ADTDUzlQHaOMIbIIJBbkBjW4XmeCguhyEEQ/gpBv3lW2i0X8KMwIgkTTUBRZBZmQW1iQkgkRMVJymAIgIBcikxISYU0pGnRBkAn8KCDBYeC1GESIy36hnFDQ6VBeh/QoN/0iVCuf5dlEboYznTUPuBdZWw0AkapvBfK+gpts4NhOwgWYTMqZtlwRyhkpT83plIJTaoF+RbB5OWyCpUtvo8f5L8TwE3KgfRu7oon/Dx2yYvu2foa86V2+DnGrGSyCrqPjoRYsv7i3YwlfxhrhZaa3/NICwnwxJfEFhmwcIW3+39Zf6pkZ2AiOiggzUR1UPkxGFdAwiOKCKTelqvczXAIIHH2zrpEUHsV5uXnAZNGjZOMUKhu8b9Kxm2lKtTo3nx765AMRwuBAFBBtk1gGERQqgEf4UP/CJ1ZFFaGMBthKgdrvGSxQpKIrDgUj2+ILFAAnRuG2K7jJAVuSP9UaD7iSIj671ao0CEHxHCGhNRCVD2YiJCAgEQO1wB6MUhzyplwKJsGNJCB3hypZuW+7xyKH1Z59ZXT087aeZs4BIybmfzUybmbnv+zzrS84sXEqpnagyle25zNKOGERCSpSMGoWCAbRX/czBrG9TUaCPgZfpXSklREGKca0AISlhUWUz2XifNKCXkRPzADoyujYXNkyxmTdrSXxQGlVR69RCLGKDBcYwRQuZWVFD2xmjPH4WA/ZAuZIN4tsOfP8e8Bm4rjCLZtMaEaZEWi2ISIlsWAsgAQHFxiMBWIwxTBQVAMHhi7Hru2LE6wFtWw1Au/IGedH46LZTJcBTfSliEwBAZ5oOeMpVMmFhMozrGqVvjnYZDe3fCoOgy0NeY1WIjfSCkAhJcU0fQrrhSMBDXLrCsr6Sd3URkVIYDbHWfgtKUdXC66yjHVBx9AibqZUQ/EJFB/VK++76NYOIhSERImHm4luyOEGKhmOWwiWllJLKyXIufS49ImZlygKKMFESkZx7ESgChQqX0nWT6GWFGYi42xAcGu3E2qOPPj3r8949u44+7uDz2pln7Nm7Z9czzx569NGnX/7y044jB8WqJ5Nu9+5dcXE6na2trZXCR1bXPvn3n3v/z1/5r5umNl2f6sm6n7wkNut7bZHrvvrN9733ik1Srq6ufevbd+q5K36PNtpoo4022r82e8k92ONxPP6EHDtpImKF5wfdITReH6+fmOtQr8sJyqeJ5Oa8oBeWT5senq+ccLzlQTQoJXbNQ6XMhNfYHhE2/3d7KfzpDlhVN3sjt7XomBN3lQ6ydBm11p+/uRzigu9/8Mu8mqU6+CrCMOSdAQIxC6leH4IGs1KMw0orgAyszllUgTLbjc+ILISlFCICwJQ0ywKARQSRCYiJxOHZxtcIIMAajAhBhMnlQqsL3EIGue/QW9WK7S3pvXwOYIsoTageQMOKLfARtdNyJd5hhYAHQJR5Q6MGjb+l/8PgNEOYBwilklYHnvp4wWgvkdI2JgbCNOwKDTuosnHQyFABNw66SGDBsImJOcpRmth29WFzXdYhFXexAyBw8dZZeJC1xPMBhDBsgWECQD+fy97KgxsHQYS5EdPiZy1GiNblq+/c/0fANEjduS0BEFaYUD37NqVg86uIgLnOffhpp688ZO1O2l9EHN9XY6PHkqcUKI5HxJXwq3tndupf7TLOvKoNaDRAABEgpyNVgNAheAcIOZeGDlVYATwoNXClRPRBhf2MhydcIoHS/gIUBEcKhYuVQEOeCoOTCAGKUYQli4U8LM4IZKMsGqkxB63QAUIL7BataQ1kgq6uTWp9R0GvAAjFh3RCSKYfHC2LDOTwkoAwFgFASmkrpRWSbQRbhSfrq/nggdUDzx7JGUoWZinMue/7vi+lIEgxPmHmUhbEpXUCrEBeEMh9e0FKRAikgdBAhJpJhohA2doW/tXFMwFYXx9N79EbWgFCQHIMSYODBq9O+4mWkFkfRUb8BiIqhUUkJQJR+Ke0E5jHDhxomUrErHNgSRpKq/FPWRRHahJHh2I04iwwM6VUvxaa0R/wtC0pjuYNcLoBsGdToL4gpZS61EJlxqUTIHEpzHZj0HAuajf6KIIbmq4aCs+0uHnu1SSEQ3U9iKdHJQwWB5O5tpqDP8ZRAAAgAElEQVTzlZSBAckQv7mpb06GtIX6gmho6H6zmPqXDM4Bh4bG2dYf8bikbCVH1M7TzkrM4tRb697geHgwjUVUGhd9LQucO4itsbogIKbU6ZdeKYpQQqOvYCCiYt61t9mr2VcidR0z15rlCt+yxmRGoC51KakGcs4ZEXPJAtB1nYasZBHOPSGBy8hCiGAjZC4pJYQCo50Ue2r/AQA462V7T2y2Z71s7zPPHnpq/4HjAwjVLr74wg9+4N1zF++4457PfO4rpfAXrr3+Na++YOfOMVzlSbJb//n2n7nizVu3btkowReuvX7pPrzRRhtttNFG+9dkx+E3Do/jj4s/fLw+Xv+XcL0bkEkG/7ofr4/XT9x1Ocb0x5LPgPxygsrT/rCYj2yazyblkeYKgkqiOYanzmxmpQg02+cxqcMO2vI51c1HM1o8JBZzvNrTWh2zli7Qxv4CrOJplScBUFFMF7TUUrSOPA/i1Wp2GVrUuv8GFYga6UlEnX36poMkCBQyb+oHRuw63equlALQ8EoaTokSIiMyYCFM6i4GFEBBAmQoKKL8ORIi7IsRBAkJNQwYFKVOOPeEBckChAWXB5EsnhtzLqBeToX+AhJeAqI5hFOBnvAIB2JOjVNSzIdYOxogCjqAp5CJesC1o1X8EsmUVCVgQIwiaE4R2sp6UwMFV0KPcBFu2y6w1MUwctGJ6ssOioRz3aCBrxczGZTEx4XxkGI4mDfcR8F8VuqxHYqrti/inBqsNyw6qdvslhWyZau0vwZQLE3sq0VX+GInCWhwozRtUENE5FwCYHC4geOpBqMH/gRgIfEM5VXSHIrFJ0NEJCDl0QIENKWpKWicDcyrRKQAtkHqm6qbnDGISIY6R+/1CUTfyCcTDzIWSr4eTlWq2zpC9ImUUnrnCwoY+Ge8GpGCICTKVPV4gZxFEbgQ8+TiMQUVYrT4ggKllIwo6NCdMghRmKU4OzAe6qRGVQq1ORhECktBU0NVvMWUXRtggkU5096CSpjTecjAS2DCRuXRdJnZOxkiMmJhYY2Sh4DCxIUAJkLbBLZN0nairVxWDq/mI4dmq4f76XpfCpTCpXDOOWvIwb7nUqwdQDKXrpuoXGVcVEiS3AAgJJ9FlCyVAJALI1BFjL2J654YNJDIuVAFCZOFaTMtTQuVh3V0KKjNzDp16uRHqWGK1xBvwaATQqREpSiwYhHvNFqt4WEAolMrq4CqENmHsZLIG368BqM0AngzKmNSRfaZk9lUl3MpPnFhR3UpIEJgIdvYga51rUPOhDgZOLhzzIKEGmQu5kCP2qtjGKnOS2BRHnEQstG4bopms0R8wcgKRKAwsi1OAf5xEeHiM4QwRNRknYsQEVNSAI8BlNXPKhBbVPfbQMYiBTpMOvGYIqhHkWyn91gyB/w/UAIuAmt/8y4kxQFJS+/QouhCic7jVASZRUqxcMWGV1ICVAqhK5mXIoHUGn6tK04RHYkoRAlEmIsweEzjpHBgKUVBwRD9Q0w6yfV9XllZWVmZiHSl5HZFi5dm4W6SEKmwIJJ/ZUEuNjSISHdYsEgpRW8REEFReVIEZJaMzHmGAIkopUmHSQXVcz+NL4oiXBJ2/DxKhqOdKDt48AgA7Nmz6yjSHoNphpr5ibVLLnkNJfrH/3mtiNz/wEOv/+mLTvgjRltqzPyFL97wCx9679JfDxw49L277jvphRpttNFGG220k23H55fGY0w/Xh+vj9fHGITj8WQf4UTnCSc9z+P+1YS2NIGEXzgobVB9mz5oG4xHBmN3YzMfU3B2Ki1MWi9tm1dcYSMfWXlbL+QcjhIFo3ZyAZAGc9qobHMsgTnEEVW+bAg6WTUSAoMIK58limEO2VLY0hpQJh4cDBAIqSRKKIiEQuo9DIe1RmcySiIyCgVqC+32CucjIJuuWrxVkPpogD8FkwrmnIANalJaFTKF96KPKOyCtboMcvBwjPYMIgVyIsLSQJYNrEc4R9IbvW0p728ACAy1qB7iafld7j8fAGZzXXdzOHDznxrc1DzGbcCqjUDoKlg5zDM86M0tg0Z53r3YizDenA20bTd+tU0AQm1fTRU3DevEcCv/OypH4QpWOU0ExqCs1QCg0MgBRlE0VFsF/AJDlUFwUgU/0CIDCnopqb6S3aD9pkR3bN9Rq0hYdTWtV4NGBTXGoLWMiEbgaxFQJQIVkSIW+MzYgcoTA+Ag2WAIhILdAkYxLEb4kqwEGxAunFEYgQWZOYMwsJILQaSIFBDTEbWXlKJlU21S4yBWCFn5giyVAakqkBqmFDxCm8SrGn1Qx5ox4oJuqAMYWdjZqSLMmJQILS7DSSBdwhXqtlC3Y7Kye9LtTLg193D44OzQgbUDz60dObTezwpRVworcbB3BqFhaMKAmFJSwlaVFRVtXWoXqXYQeRclA9ismWKBM5HJudlesTbFURIl8ECz1pkG8xUgKKiHwAa9hLQjxD0xV+iOiQXNtTpHWWBJCcxZN+hokEWdMAsX9ldgB5/YOW0NhjVY+BzoAjbanVTSZDP8dXwICyO7drRv9CAChIQpqjelJAQChmK2EyMOPj0WXtPLA75oBvrfTqG2XLrc69JpKlpbwEG7ILQBtW1t9cPMplMqFvbQSlX3LflsLW33aD8P2ifr20R72azE3LREVbVtc6v9LaTOfatKKaWS1ZsOY0zKQRn0YyfZlxUjC+unhSg9EoFIFH4upZRSNH4YIqVkWzHmVreUUquyaxg5JfDtE4nQmdwAOtOVAgKQhJBSopSSMRBVSKGwfh4QJaQE9mlhOGgRhiIgQqqzSkREnHOelX72Umoq/kTZ+rQHgO3bt57YbDVDzfyE22svetU//s9rAeCRR54YAcKTaXfeee+73/m2Xbt2LP702WuueylKNNpoo4022mgn215yD/Z4HI8/IccxBuF4PNlHOdF5wotQzs3zPO5fTVjM96RboChoK8Xcv+iwzIDE1BB4QNonhhuvsv0U12rvHpArGp+ZNYpjYOiXWu8nwJI79PHx1hJF2RTInHNcLoYgwkD/AJylYRAVQQJkKEqFi1hcwdggAFZKTcOGBAIx0E8lPVEQhUXIuZvQOCW1epBkAPI5+icWyxBhmfM03Mo4qPnByRAcBdcrC785AABSCpQIEQmlKaMjSU3IJwBgIURC44wSIBvG491OCzgHEM63TXSNRoHT4S5v3aFsZ0SoHDpz5+tnEUtb7nquiec91A2ExnMI+mLmBC2Pt/EO89zGmQ2Lt8jha9NEYTa2JT1kEY5tr7cgaGUgDuqjKYBRl3yEQgsQCmIRYDRsSXm6GpvQ0sezbQQjijII3W8OWKet5j05Zh0REPbXrKkBjUGoXNviz8MBQKgFYgAorIxBYVfv1Wydg+zEQgEBk+u0WIDgbEKAooEAncbHihI4CKkAYQFWAdICwixZX4u5B1AQrrDlqVHtCgijFHsyFAeSOABCZRN6zUckSG8y03FtFCo1jU1sSFH9PjHU8c9NC0HIw8aWCZOhdpFLIzeJJOFOZEuXdqZu12Rl92Rlt3DHGadrs9Uj5cjh2fpaP5spUZD7vp9Op6WUnPtSiijKYjKMbBiystucDejEOZ24JKZw7y7orLngksYL1nWt7d4SoGOzbjhkSAID1qwx7TSLpHDXEvCPveNgnRxq6wTkiYiFHZcxoIh91LvKK0LJRTFCIgIkV7NmY1O2w692byUAUqRUYmds2gggkIkVYNMfk/2iDEKLMhhan0QkTuYUYHQGOfkYbFWsY4ofrPsOIyMIij7ANpXUerZjiCR75ESQ2AkkiM10NT8tB+KbEhUEj1CqRE1S3iJLm5t16pgEwXdLtfrUXo21ocV7m1REcxjzErFVSvVpZK7L+K4ExdC0VqOvqhpn+21jPdFGvXIE0yQRaVxMKCzMnAszC1JqV1vFtnWcMRcVNQgUvH6VCWN8vkTEXv+aExbObHcl1M5g4ZopTRIkTA7E1hiN5IGWo+GMFenticNuMNqLaso8poiueoJMM2zFBk6gxbd616X2+qFDh7/8la/f94MfzmY9EZ6ye9fFF1945c9e3qb5xje//bXrb77yZy9/7UWvuvmW2+79/gMHDx7eu/fU1170ysvfcunWrVseffSJz3/h+qf2P10K796987yfOucDV71zcW/H7bffc9M3vnXgwMGcy7ZtW884fd/733/laftqHMdS+E/+/V8CwP/2x79919333X773Q89/GhK6fzzzr3sja87//xzS+GvXf/N79x21/r6tOvSmWeefsU73vTKC16x9JXvuvsHX/3qNw4cPMQsp5+298ILz7vsja/btWvnXLKjqYGvXX/zN7757fe994pXX3jBN2/+zh133HNkde2Nb7j4A1e9a5M6f8W5Zz/+xFOzWf/Za677tY98cO7Xp/Y/88ADDwPA5W+59OZbblu8Ped8403/fNt3715dXRORnTu3v+Lcsz9w1btWViabPHS00UYbbbTRfgztxHp6x+N4HI8bHT0G4Xgcj8d2hGNLD/VcjiGHhTSwPOXGeS55itR8YJOUsml53Ju9UXmGuUGb0lEWbEhOHhIMIpxcg+EF1mRu+BawgfgfPZEKNUGUGmGRjziErXDIbWpZfcE2aG5TdLA+y3+yYhItwWwipRIgwD0Ow0T+du4+NMe6YKOppYKIGFvjwRyIwCwIyMyllMHG/9i77++HJMism/dbkBKHFiXHxiUKCCkNiz33jhKOzIFQp/qpF6q3Pjm6AhQDSNTTylhBFgjGF7c5AyJXgBAoXkUfa5yROX/xAlIYMrbKmwIPTOcdbTmtRIaQYe0I0HS2BZLf0gpsK6pNOQTnaiYbkRQXhVAXAL/5JHP9P9poaZqNLrb5H5O7dY4+GCc1Bdt+AptL2JAqAPUDe7hBUGIaI7IAG/8MJQht3qzunPZ5RzCBAwZ6i+1caABCY8gFeBLENqmbAiSidCJwA3P664FDAuhRtESBKXOEmxe/mPiyRMAtjQVYFMphYVCSH9h/SvITKC6zJySKHNh1jxRYnEqo9ZwbddABQEjW1bTe2ZuDLQwfmOqmz9FNj7VR2vxqiKlPZcrigqi0tpvZdDuY3Qc9KcasoGMSCscgrDCuIGzvaM/Kyp7Jym7ErWvTfm11evhgf+jAdPVIP5tyKcLMpfBsOptNp65YWLdosGcabK+YLYJkphWQKOYTCnoYs+M10iDRaKLIldLcYD9GaYWmuRsmbvvmLlCN0Y2Hg0grZhA4VEUvNURlxZn0JxELl2hQCsRmiCgel1JyLiApJYW3Go4dct3rA0EiHFSU4n+qZYpgUeXIOIIipBA2Nhqb+qZK7gKAUkAFeyklAXu24fnWfTwAbW0ojWiI7RyiMpqu0YrkN2gYO/EKca1TDQ+pUe4M9YzNAYNPl2id6DDRPxETEkts70FipwDHNBCbkxb2EIQGwJItILqRoNFLb4qB7bkD8xAfUoOsVFPcplZQVNaWuroqhwB7bKMCZ8TaNx0i6XtYuNHCqguaus4xDmNSB1kw9A9IUUlEJeyKsPGuFc8WKKKaz6wwvXKV9UOBjIrNUlClIaibgGhs0VK4SFERWx2n+imK7VKuczAgUpcWA+6ONlrY/fc/pAPhNa++IC4eOHDoz/78b/o+65+lyDPPHrjhxlvvuuu+3/2djwQQ9b277su53HHHvTd9/Vvr60ZUffrpZ2+48dY77rz313/1Q3/5V/8jBuaBA4du++5dBw4c/M3f+MW2ANd+8YZbbv1u/Lm2tv7Dhx75f/78/7v6qnddeulr9eKTT+0/sroGAJ+75rrv3n63l4rvuff+e+69/1c+/IHbb7/nnnvv1+t9n3/0o8f+9u8+8zu//eGzXnbG3Pvec8/9N339W/Hnk089/eRTT99y63f/6A8+un37tmOuge99P+dy5/e+f/31t2gJVX168zpHwp9778985nNf+cEPfvj008/ua6BQAPjMZ74MAHv3nHLhhectAoTM/In/8smn9j8TVw4dOnLn977//fse/Ni//aUzzzz+KJWjjTbaaKONdlJtuVcWIf6N8CL8enzHFyPP8TgeT/Kxw+piGI/j8eiPcmzp5fhyWEizJB8IPteyPDd4iiz+KhvkuSQ3UafgZuUZPtfcalh9TppdpeZZZmHSeMdgA1vKnXpea3f9L+aj3syFO2rKOILvaJ9Laq+6rNibUL5qAg/MqJ5K1rXWK1DDKyYXMpTKX7HbCVFYChjno/qaafBY9cwtlbxT1a85dNAjY5lrr3VBz1EWAEzNUekLLWtwESBsIOCK2ClpQaQ6xCMInCmz0TwEGxCmAZMibYYBEEYhFRld7F0KXogwcxm0FNZ2bgVmmw48zEeC/krVP+t6ktqSDerd6Exaepn388p8N4u3bqHW5kV84C3cG/za5nzexbw5QXB5DcynOTaEcIFEyAMEpWL1ziVkDVCnGx4MHfS3icB1rjIqLMguNMqAwYkRn3sQiQCoIsQojr1Z29adAqKbDpI0SC4iCaCFDzRCHEvtCnG9jlYB4MLM5g4nh+yMHCShOygW6k8YTGWUBZizxiBkBGbJYL/24lgNskXXMvAPNGpgYS4ihpiyVqNxATkAQhAWh8QUDgwmn40oEMSG++Sv5/Cfet5LwJ7gIoYQjFsjGA6nSpSAyxaGAAFYnD0AAATyDRKIBDAR2JJoR6LdXbc30W7OW/seDh3IR45MjxxaO3xweuTwbNb3uc8lF2buZ7OcczZdTZtqCqtMKzjqZ4tXhMXVxHYLhHBl/ZVZuKhgprY0N8AVaUfQhDE7GSoc0KO/u3+pGu25CRenAWFlbi2LaTnGJjdYJbjgZ52rBwS4EPpu52EHA8XC2kr00qaXxI0xUnUTjM3jtUgYq0lSTAhJ35zAlhgrD1clcN0WQ4SUUvuCASjqi0Q0QV8fNLf6BlHM9na/bi8ZorJswUDBqfnQNjSACHrYvGadbeerqE/lIKKt4zoVCBvD1hvCGaNSpzrraQtrpdV82/TNQoAA8ytjnASzqt2SQ0hAEqGgm7nWJshmvWg3jmjwSp5MJopkl8JG7fSS69dIIkI0zeMYIznnGpayS+06FU0GIImSgBQuiCBSlCaIrOrnmJASUtd1iFhKybM+FvdEBJSMoupQMuo6q0RS1nDOjEUAgRJRIsABM2y00cIeeujRv/+Ha7SDnXvuWXrxyOran//Ff+/7vLIy+bn3/sxFF72SRb73ve9/4drrn37muS9+6carP2D0OO3bTz71tNLdXv/6i0opn/70l5/a/8xzzx38T3/2/wLA29/2xksueU0/6z/16S89/cxzD/7wkR/c/1Bw+2648VZFBy9+7YWXX37p2Wed8cijT1zz+a8+8cT+z15z3atfff62bQO91u/efveOHds/ePW79+079fvff/BLX75JRD75958DgN27d37gqnft3XvKPffc/5XrviEi//CPX/ijP/jo3Cvf9PVvdV16x9vfdNFFr8x9vvmW2+64897ZrP/EX37yDz7+b1OiY6oBtYcffkwhvcsuu+S8nzrnjDP2PW/NX3rpa796/c2HDx/5zGe/8lsf++W4/qMfPfboY08CwAc/+J6lnNH/9tf/qOjgO6+8/JLXvWbnzh33P/DQP33qi9Pp7JP/43N//IcfO+rGH2200UYbbbSX1JZ7Zes/apZef+G/Hn2aF5L+eY+bvPt4HI8vxjEYhL4peDwfz4/qHI4tPdRzeSHPheXXN85zSTll43yOLk80Sttm5Rk+V83OEaASBWq8LSfXiIjQEBvYyGROKhDUrSkswcgwXz1gqwtmt/gyFgCApqcBpjWQanT3NcLAuVoN23eZM8+mDfPToiDh+BYewquEqpeZUgIPVyXOyhEARFLOXHUaMgIBocoNgpiHlclcgWyQCBF6cL+W+6A6Y+qOo8YVK1IKM0iIdVWMy9XPBAAJU6N9Z95ObZxBW4M7Mxvfriojqj9R66QBCAVAKJFyDsJb2nqonS1KCEihhdoQkzRJ5hIee6xSY+rMr+3tEFR0popTzTVttC14QfUG1CZy/3x0EFCAMGgMQVyD0tSr01UaRduAmdCImgtaqLWisR15c5TE1nH8vLzATS5uwowcUKQQFm6spwEoBn2wUl1qLi71pxQ3KUowBRGNOBiYIqKG5WOQjEYZLMG0QygmA4rG2/Pe633e3kT1SNnx7rbkCKFHJzrLkmZD+iLhxG9erZLFHMNWElBxPhrGq7IIFIPdODRFGVp90RpTUK8XizVooqCm4idckBlAAUKlYSr4LU4uKuyqpACM6PMKBBYhxtaxgQrRP5sQgm31BEQhMbDQIMHadzHyaCCIpqOEEjA64Kh+fQrQX2dgSitEnUDHnEB2UHfKZLKH8JTpNE2n/fp6Xj28vrY6PXJ4euTw+urqmoYoKxYfrUDT0QzLUdgAhagDY08pQIZRbiRMRD4UQ2TYIhjGgGJxCpcIATMACSNqKwzQHQCu01Xw7cGiRCoYiDHnWrU4sDhYQWK9RZ2+IsJgO2CNM4iKYBOi6rWi8dqcCMjMufQmmKmLC7PxJakDC2VXN0MESqqZlMKESITJFpCUlOOFFPx3EA6uNxHGDBtzFJkuZQILTUlAQEH/A0CB5IFVHRpERNJLSndtgUMAG6ZIQISi4wABkTkUisUDC1o84BaCjRXH/8RmOC9OhmjxbBVo99oj8Xe1FkcbJNw0lbjGbdt2tpJGPs0qOTcf6xmlylo1gVMBNtVTsA7vD+JcwIN/gjWrKcIqm1I4OnVdl3POs1lfuHgLAyKkpERRVQvGmAKKSGbOpZBZ6rqulFIKx9YyEFX4RlsYBazgzIoLKiioaG7Oub4skU4SRbjPuZTMzEiKJJJJmdvHZ+WIM3ORgqUq0I72k2zf//6Df3Pgn+LP1bX1gwcPr62t60D7xV94X6xXn//816bTGSL+1sd++YzTDet602WXIMI1n//abd+9693vfvu2rVvazN955eVXvOPNev7Rj/7S//nv/kK77vvee8Xlb7k0rv+7/+sTAPDII48rQLi2Pv3a9TcDwKtedd6/+cWf02QvP/vM3/7YL//Jf/ir1dW1a7904y986L3tgxDxj//wY4q+X/6WSx9/Yv8dd9wDACsrkz/6g4/qP0De9tY3PvbYU3fdfd/Bg4eXVsVv/vovnHOOoaG/8L+8b/fuXTd9/Z8PHDh0++13v+ENFx9fDVz82gvjFY7Srv7Au/727z7zo0cef/TRJ84++0y9+JnPXQcAZ591xrnnnPXDhx6Zu+X22+/50SOPA8BV77/ysjdeohcvfNV5H/voL/3nv/jbAwcO3X3PDy56zSuPqRijjTbaaKON9tJY+F0X/LH6D7GNfLmmRnNc9x7f+YuR53g+np/k82AQAlTkcDwfz5/3XI4tvZyg5y7Lx91px1LO5yvPpnk6UWuz8gyfC3YeEoEtCmOnsgAWNr7CTWyw8z3urlfEXKrz2loIFdZqcoMBAGR0tyaBa4HZ4zwWmpM2tA4aJ90AMhk+fZ4jZRWo5BBPR4BM7kNNEECYA5UGECIFdQM0apawRfLRfImVNKgaYOCCd41vsam7GiUKg2xBRKpItyh61mzuUZ/qpI2ewqyQRhCPsLJnUNkG2GIzIqpdZl5ID1TjypBSuSZt+KKWxUJAhCbHCtAOAhw2vTESw4Nut+NA4XWIwC1C1zXPphrBx8fSWxQsHOB2w/MBmBfni1zPhbaDNv2wSEsAwk1YgBtTA2XzZBsVaSlbsR3pQ7TDSWlOK3E2qob+sz8RDdkSu+IxCIFJsvLhEBigABTnDmYEAdRbJOK6icc/s15M0spmBsAV0SmZA8IEV09EAbIpCBrioD4p3lTprI4oWJg2EFRZW7PSVEkxIVJWZVGPKSiiqqEIbOEDFRDSKmI2BUBxiNSZZPbiKKRv4yQzA7MB0MnRFRqRIA6iDBLMtX3lC4LXSPNjXUU0rU12cz21wg8aflS5SoYWeQRDUIwWsQPYQrgVcAVwJ8Bu5u2lpLW1srbar61O19ema2vrq4fXVo+szmYzcqijn/WFWVhCbjYKwWw0Sv1Hjja0TzH+/9pNOEIwguNnxvGDmKeFTIyVFV0BrfkYFKQ0K7LXjdC8DYurHWMOSw+HT4P3w/Amk1WW2CzjsGGtRwjpbomdGczCXHIp6CNEDMbWYG8mpYtNN9U53/+yFYFi9cDQDY+hpKifsTOjwyFiQiRKtoHFep6VLBnNy1+oKlW66DYiNrrAMUlqKbwa2QUnIXbgJKy7foSFgdH6J7fLh45rQtfZ9TkgMNpYEZT6r/XFpShL2LsFY/2MQq+3+Q1McUmxwGhEdDwWnKvX5tDOrghkiLOjx2yLq36qYIRObAHIOche/Qttv4rfRTjnPOtnAjAhj+CMQESqQ5Bzjh1Rqj6acy4Wgo5SIu9+YphfYZAaRs52CgiWkll5pUk/TwgQWaTk7PuEyHYfqAJAKRpTM5EQCgoLS9ZvIrQNUdHxFHpsxuVoP7m2urr2wIM/Wrx+6qm7P/xLV7XSlApBXfr61wY2pnbZGy/5wrU3MPNjjz5xQRPej4je8fY3xZ/btm7Zvm3rkdW1lCjQQQDYsX3b1q1b1tenjz3+lF7RSHsA8Cu/fFX7oK7r3nDpa2/6+rceeeTxudJe/pZL21iJF5x/rgKEb738De3H+fnnnXPX3fcx85Ejqzt2bG9zuOiiVwY6qHblz77l5lu+k3N56OFHFSA8jhr40Affs1i3m9urXvlTp522Z//+Zz/92S9//Pd/AwDu+8EPn376WaUPLr3l/gceAoBTTtkV6KDaGafvO+OMfU88sf+BB340AoSjjTbaaKP9y7Dwuy7zzW6OZeCm/t6jwUGOFSs54djKJu8+no/nL8Z5Jw6su2dlPB/Pj+Ycji291HPzrZqPYvN7F9LI8vTzecpm5ZSaDyx5lszlic31mt4jbW1UnoXnQuQDLkIXMAq0Go7qJqxcBGD8WO0AACAASURBVAAnubkrfxnAYOf6p//71zakt39JkDbCC9YQrfyIAO1tS0iH/orVKplgULYGI8S2VOGujTQNe0lFPMMRpoiFetlaaNVhNaEAJQyiQwAicLpBgaJeUyZiEWUJtNBaRHB0RszgxwAIwTTqzE0ZNYXOqgQl2CRofRCh2OmcN1Un19eSJsaT1b7p2fnbqRidRo+jhIApqGZameje9ajkpFqRTQO3AGTjvkcIgDDqHtxZPOgU1eEOSwyHJy03aHj3sr/n6Cltx4tB7AwbrPKG/hJL84wEiw+du3FeX3cZjLdRyTcBCAM/MhAuyI4RZc/ujxEP4SGHpn0XAMISMpvtfyLFL0oAhCiKCyqKpgBhQch6S5Gsze5IlKELBCjCgHOzQJ0ctK9UAEfHGCAAMhA4jCnA6HCgEncih+rKV5qf0rx0aDmC4w9Qxb7CHACh0gRLYKWIwmzhA0WZjcJKxUUI6S0GCxno5GoQ1iHCDCIIQo0argbXU14jigN96BK+WNu3VhL6AG6Hg/2FwRQUDBSh0sCaviq+BQOI0KiZkrxlLN6ZpRdk7hC2JNyR0k7hbVy2rffUz2Zra3l1dTY9sj6d9utr62tra+vr61zKZDJBAGHJOXMRUKgHkqtfi4gULsKZuShUKQJkTCwruE923lMZBFCFLJPPq+B9HoQtOqHJewKRgRQhtpliP4ZXo8VBHI6pZn6ugweiNqsycIWaBvODg3/e/RiQ2l05EV8QwNSkS2EyWHbpZGADnDmGalUntsBysXyozCO6nqZ/hTf0dCswIaZESaniuuKDsCCXAt4xRECVcgP5C2gwFn1m9ojGLQ/eKxKjQmsNp4q8Gc9SQBSkDIgLbBLz2a9WqcFUNqk6Gi/eE7QXULRl3eJj/ye+n6dZrYSZG7r8fJvGZ55NFhy0v+E03szwyg1F8EDHDnrb1gIrsYaNbFDxIPVKHdLaT3SGp6TSnujxBe3mohgzJKKk+yGKzmOICgHrcmaMQ0TmrP0wphD9POlLFhYSSiklREHQrQ2sEZ1NJJp0ihKdVFHBfyEQBChcpM/sGyUANK+EhNy0y2g/4XbG6fsuvvhCpcY+/sT+++57UK9f8fY3tehgzuXw4SMA8OAPf/TFL904l4l24CeffLqFx7Zt2zrXy7Zu3XJkdW3nzh1ztytAuOax+u6//yE9+fJXvj6X8sEHfwQAWpLWzjrr9PbPeMTLXja4vmuXXT98eB4gPOflL5vLk4hOO23v448/9dhjTx5fDezcub2FLY/ePnT1e/7Lf/37/fufVdnVz11zHQBccMErTj9t79L0ilweOHBosWBPPvm0BoA8jmKMNtpoo4022ktgS2MQAkbgno38yfavjA38zJvfe3znL0ae4/l4fpLPuxbmlvF8PD/ac3nB+cgJSrN5+s3LKcdXHl92jrp+xM7dvTlwfQ5QPIObsAE4N1wsKwZibjUn+iBiIlPLIxMnQxeqtBKF/7RSLRxQdIXPSLmISoo/0dTN7IdBAecQKferVxxSmpStW9nAWfWJq2MVlDdHLYyqRVCqhsMNwCxJ6Uys8xyrIKPKZ6EJyVm0trnnum4iupLcACBUSbj29SsaNNDyRCwqiBcCexHSD5yDI20rtBmaPqLHriJCTonIA7Q5IurREFGZCpIo8CgEFY5r0MEWCQUI53UQMWTY1yzMl7e1Hxf99YPWHvZNCYLjXJ9ps13WqSWeQEThhlbx1YjhtNi1ltBemz486PCDG5fcvrnNYZ+LoKYlkNpX2sqfa+65Gmt/bRgzysJjQBHJzq7TEyMIshSRghY4UBAKcUYoCAUkAwpAVh4hmdxoEc6ATGgKigmREYlQJfaqJGgLsRieibXUqloKuivB5zdtNfR73HGvVmxEuOwueIw3djVLkwlV9JxF2AIuCgeDkCU7is4IIsDg+KiIoXqI4oQ7ECkKmoDhtQAIyGCBQiXQCp9HqsancQaH3W2AK4PvZ0Ab8+i7MVoiF3h0VvBRHCCaTXa6SsSiYJeBwLz30Y80UyJa4dIJbxPYmdIpfZnMZrQ+zbNZP53m6Vo/m85yXzTQYCmFS1boIM+ysvqUbRzrhk6gXEopGQCQGDAhESCRkt0QWDi2rmh7KUDMwsHfamKXqqih1h+BsL6l4v3xXxPdEEnFSwWEGS1I3nCkGOfaGtYagG19hsHwGgwltu4k4PtsGjjRwshxMYDQSHT2a+0DjkM1Y7kU9jwByEE7ND1RJMQUGLzKiycDe7FqUSqtHHxKp86nDC8qCwIBsm+VsHnFdCrRAxYCoa2JOtcRJSQLd0eGomLAg4M+bTkgkAd4LCKFi1FtEWsYP3bOcMX76+xqtc/MiAqFAQiDFC5FgEoBw9uACFMzyYuIUw49yiDrHgIm/ZxpRocYgRViIHlXEefco80u8aq6Pkpd55GoS0malVJFiAWAACkRGd4pvspLoztgWODKStd1BB7T0VDAkrXSimTfV4AGpwPrkAIkFsl97rqUUiINcly4FGYWRGBmBaf1mipCWzZQ7FnAtsECMaEJmwpKqJmXnEkYALmISAkBdQbxMJeDD6HRfsLtrLPPeMfbL4s/p9PZf/zTv15dXfvsNdedfsa+s886Q68/+tgTevLccwdvvuW2pVnN+r79c8vKZD4FosKBmxcpnrXRgxaD8G3btm3hOaD0xMUCLLU5KFFt184dj8NTBw4eOr4a2Lrled50Izv77DPPPfeshx9+7HPXXPeuK9966NARALj6qndtlD5EUzcqWN/n4yvJaKONNtpoo51sQ/uXA/rC3fpdN8Eywvf4PPcuXD/K/I+1PMd3jicon/F8PD/K824Okx/Px/OjO4djSw+L1+f3gyw7X0izJJ/N89ygnLCY/tjKY+JiG5Zn+NxgEKK5pxqEwKMrufZos1phoAtLAYxwcao3OhyiLu3nqMyAcGEeVUEvB1ZSnoDv6A+GmT9o7qRZrwflWZpsacltBhp6J9VLbt5wsFBKmOwnYxI4lGdQptMDEABECNDk0RA17J36UFm/ERCIyTYTNQ9VuMwirgEI21X34JM7fHERi9L2aeoKAUooB6rgoYirFxruZbH+JOhTQaxkJbIAs7kjU+o8ViIkd0CrJzsCERGb7pyCDyTKMsLW9zcHwWIEgyKPcIhGlBJESbDoZ48aa90xvk9qWfvi/JWwNodlfkkJsCFubBX85uHkobXNNNeH516keZ79uLmT9OhxRFcEhLmhtNSZNYAxmOvQFpPEBBEwDKyowKajg8YOFMmmuomMwCSllKkDhEWVRQEKQGa0iyI9gggyohASICCRsAU085kkUH2EIUCIhhApQNhCDhFXU1sHWYSLhyx0YMbiednbswR/S6mEzueShlxoYqGsDnGWUMIEFwiFADc15KUIBgVLMwFw4qAT4jy4IICTyxXSBK2S+Zaq796oh0q0sYPuoAhk3T5hwfUiWikGFGgdxCVEnPlrPEKdWZJUBFEJTiSSAFaItiHsQtgxm3bTNZn2JRfIvUyns37Wl5yn6+vTtdU8m4JI0qBlfe77jIRESfEglpKLRXac5VJYWJSuTaGKyewBKZVshN5yxpci6yOmYGpxJY25TfF+lZcqopKTEeRQQIwtbRgYEJCBgPWTtcLn4Cujdkp2rM87IYDqmkY5Pdqcc+RM/DnwLGDvcw7MUcIgy+n8jEUcQ/Q5il0kGgAAikI7CEBIiSAlTIm6lDTLlFCZZgkJUWIOt05ApKF2EUGEhTFRkoprCnnPRTB4J1FSHVJ9EVbgDdGgVqxzide6NHORaqUGXw1rYhtxtfcuN0QQGc6x4uAgAqII+EqIwsjeeOgk0rnJsMXerHV0aDtxERGjVyoiHfdQSuJXwH8BCBqvdheGBsa2NV3B48ppZmZOIqnKAISaNxG2Et+OqhIxcxFR2UPELgZIogQKkvsTu9QhYtclIpVVBmbOvahaad/3AJBS13XEwvr1IgCUWEQwJUymk66fmanrSCQrgKji6pgAWXIuOYPICiX/8BMi6roJdQkRMxcR0fxzzhrLcLTR5mzLlpXf+92P/Ml/+CsR+Yd//Pwf/+HH9Pq+vafqyVve/PqWJBfWdencoUTncdupp56yf/+ziPirH/ng0gSn7dtzQh7U2trq+uLF5547CADbt287yTUAAB+8+j3/6U//+uDBw//06S8BwOsuvnD37p0bJd6yZWV9fbpv3573vfeKxV8R4OUL/MjRRhtttNFG+zG16n2d97vipv5n+6f9cd0b53gsfvKjzHM8H89/nM8jBuF4HI/HdJRjSy/Hl8NCmiX5tDs4FvPc4Cmy+KtskOeS3IwjuFl5hs/1HSUCUFgA2RTk0LyXGNJkGnOqdbr5fnf9S52S6MQT8C38/qAoRMUyfIO+uabrNaw0J3B4ECrnZlCGqIE2zA/GboM57gj67w12hI7DVPZHi9YgOB0QgCyYj4Wz8nKogy6c1Lrsu3ihy2Sa511EkM39VohI3GlPHC5iRwiUp9OonjKL0ehUJo5IiLjRWGucg1jJeNZC+ovpy3HoJaLygLDQHJRqFaawrtImSlFnoyBiSj11nXrOC6N6LVl1/QiJSFiIuYIZCAmIAVGZghCRoBTyCBwD0UT2KjSh96tf3ShG5o13J3lDnYGB4eCt/BpG56u9E6MOW2S06Qner7WTgItDlHpXgLXt48NaYFDaDlx7ssbBa++JmI4bxGFyD/XyXwdpKr/V68CJxwDVP93cFRJ7PhIlXMCut1kQ2WPsFRGNO1UQFBfMAAUkCzBIURCRZCYahlAKYAEoAD1ARiiIBaGI9CiMyAgCBIImqgdGpPOCYh3GUUCTEHQU0Utde4J2XVFhXJZizmvt5OqEryCo0wcVoXErRQKlsA6o97BXFHtFq9CzIIrOnloIi0suzt+uc6SPOXtZ5zoOKZP+7jH3QKB23lebRiTHBX1iEVmI71pxYoLIvKXC2SN9e0RM09RZnVr1EkACmIBsQdwBsL3kyWwdZlOZzbjvy6yflVkufc59n/tpzn0pRRpKJ4OA6AJEAKhdSgHaPnMpAEAESbnEpFHcFDT1qc5j8lkFu2izCApr1EHHfVNKIDVkrFHoEgIAkZK9Qy3Zc7MxLzGvYh1A6NKvzg2LYeSjpV0sg4jGAXhpx9U4mOy4sUQYT3E8ylCngC+14opALmDqmwCgC7qOcpQI4JoQOsKuS11SepgDhIQpkYpREmHJWYMNWkg8/3elfhLomAspUaXc1U5D6LxdjEEDqKuDrZ5Nv4pZJ5bpOmUhIIsEpbci3SzMQjb+VHRUgmgb44Xb6hguDVpgjTCKDvWhg+gB58YLCpIz7XzQIwog23SCigVblGKxEWPDRXzozM3W/qsIsJiyrX0y1fi78S+hupMm5jMNbIyIKRGzoH9BqLpx3Cws+mqJkI1fC4TJGbFi+rGKOwqDsIPCqOGT+74vpZAqzHYT4IKIhASIKTGAJFNbBfF3t70YgMyMRRIhIJbMIsKl9H0v1MnKJJFuGULsUuo6MDlh2zflA+Sot7+M9pNku3btvPT1r/3Obd87cODQHXfee8nrXg0AO3ZsX1mZzGb9li0rr1wGj51AO/+8c+6770EiPP+8c1r1/hfVHnn0ide85oK5i88dOAgALzvz9JNcAwCwd88pF73mlXff8wOdcH7+56/cJPFZLzvjgQcfnky6k1Cw0UYbbbTRRntxbblX1o6bYxkv5NejT/NC0j/vcZN3H4/j8cU4ds2/CTH+RTyej+fPdy7Hlr7xHTdOiOe9dyGNLE8/n6dsVE4Bj3mzkP/8vdLk3ySUQVIJYK3mD3XvfVNO91yziEhh4YmGdRIAZgLzt6KoWmblSIXbRkdtOOAsgQasC01FJ7Jw4xOUQQmbanP0osJ7ULUZg6plnjoEIoxQYpFeVUYjMcT8ArFCekjE6uFGQ0qi8ubu8vUVI7ISDLJUiMggACnu2gVs+wiEtKEwIyajsWQwj56Kszk5o76FicsZX4BSSpASCCEjOxmlxQhpoZAASEhImJBY9UVFBBVz9E6gkIaBG+jsxWAwFN3DISKFKHGhlFQ5LfuDHLkUQaHiUQjNkc5KdKgRzcR5mcbdMN4jkIvj+Q/a80tRBo7WY5A8MOLPDboSVlTW6h0Ml8Fhp2utcuQCkvJGNz9wA7sSD4JWGkNlADBjZKtXvPDSnpu+pAAia/ez21yRrRWUnCvthm8yTFCZd1azVoeOcfEAsIxs2UtutEFT4VRRTQ0lCCAgxiBEFFClTekBFAjMgEU4g2SRDNAD9yIZhAELQAbIAD1KJmI0QLEgMAILWaQx8KifjvBwQGMu6WcV3vqp6w6DdmsAKUFW/1PJW5TmloAGnSyETRxClmLR7XzeGNwmCiVABWPjwVQnbp+Kg2VE1r8lUM0m1GLIRNb9hgHXOS4GuKRvgI87tJB+dmMNI2YPIJsfBVtVQ6WmOf8NldXno1ZAAKnTIik5DaUTmaCsIGwD2VbKpJ/CdD3PZtJPy/r6bDabAXPp82y2nvtZKVkJx2LzACFhYUEUJGC2GIxF+xMLMxKSQAKXWrU2c3FF528DEioaKBAMUhYBNs1nrnrbQIikkU0TUUqkJ2gjRsgruwp7AvuUGcsgWVs0vQcCxkVkkaIEU93z4UOsePTJQMLE0eboUsWKG7shTBGWBTXHABqL9UTrK4WZLCQjW/jARImw62gySZOuU5IfIGq7JjKYEBGhS0pND0kCFahEASRCQhs9IgColRbDkYg0PqfLT9sbes1DwqRLJPssF5tOtE8ys03tutAUw6vAAG9R4Vdbr8VErbVaS3E2oPcGm2N1JMcGHNMsLyKMJkYc46oyA33O0+cyIjI4B9nnFd1Aw6bIIM2cj74fYI7XDqowTv5FVImSSD5PI+ukC80X13BBAYDMTEgJMaXkmzNE9y8VH94JU40zygpGks5gNsJ8RSYdy6UwooYtRERmAyzBvkw0ZqG9vD4dkSiRcnbjy9ZJ18BFQDgRE1I/nSEBs/R9LsiCtLKSKCm8TOKbtYyXbloNIzw42ob2vvde8d3b72bmL1x7vQKEipM99PCj3/jmt9/+tssmk+7Fe/qrXvlT137xhlL4a9ff8q53vvXFe1Br37z5O++88q0666p969t3qDLnueeerVdOWg2ovf/9V95z7/0i8pY3v37bprqs559/zgMPPvz440898ugTLz/7zBe7YKONNtpoo432Ilqzl77x8UL1ZIL/NTyPvbZL/cyb33t85y9GnuP5eH6Sz7v4F7gOu/F8PD9Z53KC0pyo9MdanmN5lrEN1T9GACLIgMnclu5QR1DFyCJOzxgaRiigFj4MFMQ8uUYSG1AA1Rq8UEtmwAmG23EOGnQMAIYJaiwiGNC/DONEUG5iiD/6U7DNXxzTqzk30NecxaPVyOL9NImrf9U4BaEWaG/AIiRNGoidyOr9tfoVYcPs9DWxlOwxCMOzVjHCOYCwOizVl2eCiqZJF6/gYne1cmBOFRYC0gKNi5SEQ4kuaom8ZAmrAqoe2byZ1VervmEPqoQhT4qCQXaq/QoXnK3mUp1vi0XwzOkfStRZ6MVtsgYoi4tKFGH1TNfCzwMzQbZrIw4uLU+4fRUgNG07FB8mNXfnpQ2Bo1paWXz3uYd6qbwjiCGC4C7dNojm4K5oc9WWFRPdFC4awAsMIHSOIAhAFiksBSUDZJGMWEAycJYy68sa8wykIBZERigAiib25CRCBR1RVWYRhRTMN8SCRcoQRTOSEg4qzPix9lbaVoIAmKEYFxKKC+wKoIXMUsKgc74MTRLgpvcosIq6lcAHqVc3RJQtMAoNoEQ1G2wE7RYEL6AntFiBbU+pd9nEpEfyQKcD3uo8h1VHBiAo/oeqCxw5u8AoACKJiiiqJqDxpZ0wrcKboHxl0FbQWVZUJhATwgRkBWUFOPUzWF/r11b7fio5c8ksmXPuZ7P12fr6bDYtfV9yzn0GAEJSFiqgNkQuzIWlGE3NVAoVqBcuzILAKk4YU59AWToJGHhvmIM4IERImAiJMEESEX9N3ynCutwEVi8eoTAxiDD70BUEIb1Ztymo5m6ErbOu4FtmQNgEejmW2aC6suVrw852qyiahRXw1vctzLmYnq5xD2PhU1ohiiDoJDxJSTHBycTAwYgyiAAEEgKVIuLC1TZXl1JKKUQm+hybV2oc3NoEQCoP6mMylsFmSuGEyVYosNEUNWCrmKCzgY3PZziyI/VEuj2D0T5KKtfZ/rXu3UB8UMdWVxHmophxUIOdSNeE8mt0gGqfchleibqqo8znojYfC2G6oN4M1v7MhWvw3cbqDiGiEAxQifGUkgcarOu+LpoKy0XDAUDqOjSIugBAQkKBUmA2W9O7uq7LOau6+GQyYWaNDTqZTEoppj7adSmlruu6rqtNj8SF+750k7TSdSIym82YCyJ1XSesUsoaOBP6Pvd93/c5JUTElZUVLqCgIGIiosKsgz22sTFz13VMNKqMnjTzXhTxMk+M6eB9MTh2KyuTd7z9shtuvHV9ffqNb377bW99IwBcccWbH/7vn8q5/Mc//etf+8gHzzzzNE18770PfPkrNz134NDv/96vnRDxzz17TnnZy05//PGnbvr6P+ec3/Put+s7rq6uXffVb95+x90XXPCKj3z46hf+oNZE5M/+/G8++pv/ZteuHaXwXXd9/5rPf02FQy953YWa5qTVgNqO7dt++7c+/Mgjj7/5TT+9ecqf/umLbrjx1tms/29//Q8fvPo9gek++eTTX/ryjT986NGfe9/PvOmyS05UwUYbbbTRRhvtRTRDK9AcdI2vdf7XOKJ7B6o/FpfcO58nCgzP0dMMjrCsPDjIc84njIv34lH4kBfSLMlnPB/PT/B5F5j8eByPx3KEY0svx5fDQpol+SxLL8/3FFn8dfHe4VGWpV9anvmU9YkWGShIErGyNAJXfmuFPVB8tVmwAPPM1+YXoUm8OZyzmKwBhKrzseVmYevJWyySrcZYKwmqx2+A80UA4Qb0ipPWl+f0nypKZh5a4RbW8mIP3lHc8em/SMB15nwM7EHAvaIeR6wBKxUj9FuqvB23GKFzaZBImIQsfw71tvpFEqwJQ6wcQXIKoyNoiAhIICCkEmYB9mFCEiIhEiUTWiEQCIiolBI1Ccb6GpBn1XGpLnt3oLuWHw17wtDv2tJMl3Yel+SD5V2tQqH2sRNAtEvUOo9PDADwJndHPw9qsQGprRYxBgwC1Dr3b7dA5htAyXi0gd8FQ60ZDkvfZiFNUBsbbEonhgYjjKFa6XcSPdR7jXVORQcZxBiEChaKFJHs0QeNIyjsGKFk0P+AARiwCPQCPUJvIQwlIzCq418RDqt3ZIU2DRGRmJMqgztCPzqvL/AZCORHsBj2B4wogMIaFg6KR94MP7UHWkS/2LQIG/3SZ8hBJ9L//IENkBwh0KwDYN2CYCObQsEyJhSKoHss8YcAYVAJ/X4JMLR9osmVGjxssKmV2LlX6NM5RvBEi3jnBF8UQY0lZ31C2KUrSYAQJogTwgnCyizjbJan63k6zXnKJXMpXHKezWaz2SznXErWCYmV09QR+uTKLBq5jFlRSCWUScxDWjcaVM/47RYQryjHDKH5P5/snQgbW0IwUZdSl1IiAWYmr4o2kBv6P6wC+CFKYIHhDEVGECEXSjV6bQEUUQVSUrZd8eiWxoH1hdYAQq7R7UT7TIjdsigMjaxDDQAQCkMpko3IJ+zIdPTDUjKZcCphIuq6btJ1XZpMJimljlIXQWRBKglTa5JIypLdOeJ0dnLgKmBF9hW/XcJi4h9uuxhGXNTpCCmw/fg0gboHaLD0u36muPQ4+toEEjLXzcyv9ZpQ0TEsrgY897EQ+GJVOq2LuFdCHVODjxynWNdbAroupbQ7RXzZtsi+c9tiIk0AhNHx2gVOh0NCZJbCrA1hACpL6joWYOZSCkwwJRKRnAsApAQAwCVrd4sIyh78N7HVImr8P9/zVPeg5JxFBJEgUeoSZQIBxY/r3iaRnIvmqXCmfsqsbNmSkuuLl5ons3L7bV7TgeIvq0FJRzsZtnXLZHVturq6vnPnthOY7erqumZ+AvMM+5kr3nzzLbfNZv0NN96qAOH5553zkV+5+u8++dnDh4/850/8bUq0srIync7iA7tLJ6xH/c5vffgTf/nJJ57Yf/Mtt918y21btqyIyGzW66+0kTK823HQY3ds3/bsswf+73//l12XgjCNiB/76C/t2LFd05zMGlA7+6wzzj7rjKMp/Md//zf+7M//Zjbr/+lTX/zUp7+0deuWvu91dgKAE16w0UYbbbTRRnuxLP7JgvN+WtjUk/xCfo0jHovH+yjzHI/j8cf5GAzC8Tgej+koJyWHY33KYvrNc5AXUJ6jz9lj1kLrB3S8ra5+uAE1adM/683mmWZZ8s/h1os3j+0NoJZB+tZ7K41fchOkBNAdio6GCdR6AfQCIFRtTXQlueDhBWGi8SATKbfG3b3uGFW3Wuv1a0BErejKemDgFiB0poVUcEhE0CMVNeVRTyI1cSPb+gE2TFExP6NFiAiHbOkCswEGftK2I6jKnLp3WV+tFATzjg/AVK1VcRXXWonIYFwHgwAHIZYHz2ph1xpCsuXDAQRDbJDMX2EJr254+5J3rzHBsGHvNQhlu0Uq+pHU1M1AkEGLAxgbt/EvQ6tH2jYfGg4oUruKPh5A5hp6ExskqMRb5dHqU13o1yrR0eG4twUIASJsmihPykRbi0gRMeaf+J8KGaIJ7RaTGzUcMQsXQUbMhiBChRIRGUXI8Vm2uGVK/fL2sb7bKicr36jBRAWaXmPVBy6brOieCHJgMKwR79oaBqd/xTOcOcTSdhWJvQYDq4y0uhEBE6IEjgcYkqGWAIM4q1CR7QAAEGASRO9EgE4urOKI808OcpM4tC02u4FYDgKEkRgAMOksKODqrhpRDoxXp6qchMBSEBMhAZIUIkUHcQKS6W5z/gAAIABJREFUct9P1/vZtJQsJZfc55xLzrnvZ7lkhZN0NlXNE61FsuhrMQNxc8LRA3HhXSuuD8I667TtIdH0StVSNdGkpKhEBCFR61UUqD+RNS9zLB5We+DTp4AAsxDp6FCzqkVA5QVyMXoXoE8dhj2Kjxl9T7C3jY4nLiWKzKC61SrhWFgKs4OLwhZREyJYZ5coIVFKig1OJpPJpOu6LiElUmi0UrSJEILrZpqZGAuZT6TGgMcB005ivtUq025cShFmsCb2CVCXKp3QGr3MwPmszn24kf5RV5Q6t7f7jSp8j4MZe1A29MaqOTR7Npr+pMO7/fSpE6mP9znObujLzk3O7WLaLpGJUlAA2wW9BVmHfXvuOydy47byA1JNlbxYEEEFkxFVG1YvVlMMr+n5+oVTFNpsV1Lr26BLJa+sbEmpUwRWYXnFCLlIKSxSgyUrsVYJiAJASKlDXUmiy8X2BL2S7NsJN4y/O9qJtt27d6yuTZ999tCJBQifffaQZn58t+/Yse3QoSNnnL5v6a9EdNX73/lPn/pi32f9sFTxz1//1Q/dcNOtTzyxfzbr19bWNeVrXn3Be9/zjt27d+q9p+3b88QT+/fsPXUuz9P27Xn66Wf3LVzft/fU5547uO+0yr0jot/97V+55gtfe+CBhw8ePDydzvT6rl073nnlW1//0xfpn6eeeornPMgzaHx79pyyeB0RTz11tz3ar3z847957RdvuPPOexVUI6Izztj3zivfetbLBvjcUdbA3n17nnn2wN5982+6ke3de+rDDz82V9oNE+85BQBSoq6rsN/u3Tv/19/79S9ce/0jjz6xurqmBdPwhD/3vivOOeesoyzJaKONNtpoo73ENmAQDjyu87/GMZTbYNN7l12fy2cZg/Ao8lxWnhPggT9R+YzH8bjxEa/++LdeygE/2r9UO8YNmbJ4ejQ5LKSR5T/N57lBMgjujiz+OnevzBdZ5vJdcjFSNvBFm60AwFWvv5tzFsldSkqLS6rpxwgAlKiUHMihc/egurdEhCWlpP8+V9dSUAzYgQWg6iNrXWZzfqhAxeaqWXECJRBQUuaKeb4QXGos8m/FMpUf06A4qjPp7AAvjFO+BBtvvTtDRSClpME/XDRJt7eHIxLQWE2KNBTmcHPrjn4OVkEJpEPdd7IALllQKgsNCBaJzeIILpIa0Qk1UZMaHwjRHLtzzAYNJjcH08ZPUYtDEgmbSxIEEVV5DInEYpxZ4gRIrSFZ6EEEQKOeJP8xSD8Bc9bXmZcYNW3QAN6EFwCZoVN4kVG6SOIc/NoAhFFRQzqRPWYIotvDl12EaBcDCNFFbesYmkd2MXAfdnRQ4rkkQWUZkucWnrzwhlUOUzl57b1itLHG3SwiKB7pzQAMVeIsKjEqUkhYJIsUAUZTGS0ivUgv3COYvqhwAehBpijrwlORHiSLFMQMmAkyQMHgGoIQCaEYPEUa+MzxG4MBnG8pJhmp78aDCq31WxsILf6Za4darDLFYCSGorUIOk/Vdg+IE7ugxF6K2vXBtwg4CdlaHCvIhpg6bzvAGDgIpNRlUrldLz8KocUDEzAhxOiF8Z9EMMIAmBFUg7R2sqgMc7ijU4R9mIvK+pIC+Yaw6VLgYRqLSKJESXULmfxXLki4hXALykrO6bln144cms3WmZnyNM+mue/7Ukru+8y5lJzzLGEqhafrUy4ldR0A5lwAMTuYxlKUBZVzUbQJARPhpLOZQkTI1TAtqCrI3MIUEHwILGtAvknXGY+OCFhKzgEfRuBY1TS1KZo5ArEZiscaRZC1Bgm182TTea7wE5TgB9pY09Y0XhULQOCHAgJcCgdAqIiMAtjMUJSKGDEAhVmAC5dSSuYIZkoIXZdWVla2rky2bpls3bJ1y5ZuZaWbdJOuSwmAELuOCEm7ocqQCkgpJec+prGGYQbNqiEWohCC/mVGiF3X6RaQ2WwmkQOI4U5KMjPmXHwOgIjEwppzNq7k/8/euy5dkmRXQmtvjzjny6yqbnVPD6OLgURrDIQxDBgMvAGvwZvxJvAfBjA0Axg92JgGTDY3qdWl7rplfid8L37si3vEOV9WVnXdNIrdZdHxxfHw8PBr5F6+1iZY9DLQyK1vvfdu3QyuXGpk7z2Yv8cZTHJGt2w6B2WLO0hAfTXL1nJgmWTPJWggZwzF1ri7NvS0poiWcrFdrbWsELVZarsAwt67Tfy/+Ci4W5HrbKzsTdsSOfjemtaahfSuN0Hben/z5k3KjWLrPToe7XbbvClF9XK5NFWP9ehCo8vSROR2u3lP0Ky32KVBQkCjaPvgg9dv3nzh9MHWWjePgyjWuW3dv3a0tcu6ujr3sizPz88kW2ttwH6M7VAFEPYOkaUtok4tlf/+f/jHD1a3075p+5f/8pf/x//1L376k4/+m//6T77BbP/x//KLX338yX/2n/6Hf/AHP/sat/dun3762Y9//NE70nzyyaeqWhS62T799PNPPv30ow8//PDDB79+/PGvH8Jdf/nLX/3dn/30/a/7YP/lX31M489+9tM5RqDbF2/egnz16ulw/bPPPofIB6+PiOynn37ems7pP/30c1V5/fqV18kvf/krUfm7P/vpO3RT6savUQMv2cd//euf/M77pv/008+XpT29EJjw+fn2V7/6+Hq9/vSrFOC000477bTTfgj23/53/yMwdgLHeV2S3ZU55XFLrxzu3R0eZLLL4vANcH/5RZ/Vg7tfuPQwjRwvfCX7yjecdtoyDaHgZxQ59rx+Xj+vfzPX/QoBgUYAKu5lrMThqUm6EjpwGxycWbvN7JONIuy1tr7SpCAa7kWmnJfEHwhUzmzk68Q0gUySjAUlRtDEfMmg8+w0zcKvXwKeImpGEQ2YTkZMuIn6UDpgHiRJADOTQAvovJwEEsun6U+2DAOZ7CRkjKt4fw+eJWICDfXXCNKXQc6q/rNdVeGRgIRJuNDUsXP80mak9h4gnMA5TP7KQZUIGUgCOiRnKUi+Asv5lwhq5GuZkYTvUYsKOXCywjTuewo1W29/ed8JX+LYHRJU9sJJFfTwk2deZCORQ9aBIk/kjvt8PJBf9LEpzM9Ons57tXO8Eh0cCcAiTnJiUJaD9fDWcqyEAtNSdbZ2FSQLZtqGILvuF8KdHTTAQBOaWRcaYIIkFLoqpw32K5yRwy40T0w642kT6SLd0MUlSWFk9zht9BiEKrCctjRnnsRIkw6JqfdOVcoa2QNfdWw0w8CxBxWwILexSSB1JMESXMZgyJZ/OyIEHqe1JOghke5gd6no4uWs0H/RDC7dKULRaasIKc1jByIgv8jYPKZehAbM3VUDjHbZQ0zNhyQ3t7ysIjqh0pJajyKxK8FvVPrTHTyUptpEFWaBHZqQIrICy9bli8+fv/j8+c0Xz7dngu32vN2227bdzMysW+8+87hatc98mnsrjCbq7Uz2wtADcJXqqhpbRWpWUYVAAstVFtsw+ntO5k1ba7o29dhsLaLjeccLbpa5GOPSSruSIb4NoG/bpmixmcAIl3r1rm9bYDwqFS0PPlRy/0jg084xNJjBSHTrkV8gYvRgicZu8OcY2Tu62dbtZj3C5zm5sJujZl45rcllba216+Xy9Orp6elyXS/rpa1ru6xraypmsYzldFBcVKiijaC4vVvvvbXmMo8eDc6rEqmDHeEJXWrWYbCa/7JZVWKjCHJpyMGCHMe+bKkIVFtSKAsXi2mkyOmirkGcy0oCeGPNZK0jWhqVdNR74ttHYcTFAHPBstqscwfUTTN2bbjxCM1m/plEZ+zJUZlW57XJocFpLbZQBL0TKvCUMwfReheBUgt6bE1Behvkqo2msi5LbC4StKaMEWgku3/SGd8+367XKyhG3LZ+WZeSU1Zd8sNmoVm/GYB1Xaon3243M4gEH/f5+dnM/JxE77ZtG1x9NK50j2soIm/evHVKq2qqo+fEpYsGKVdEkOFyT/v27fd//+/8s//nz3/18Sf/9i8+/nv/3jcTo+7f/sXHv/r4k8u6/P7vP6YAfqm1pu9GBwF89NGHL/304YevHwJjbi9hYy+hgC9dDzLfCzRHAK9eAMkegppe7HdcaU0rsuCX2tergRfTvzc6+PAtZrtc1gPx8bTTTjvttNP+xljuXpeK+ccd2jd4dRXoKPyuUr7Z2F6M0nUDkNlJ+W+Fc/qJDLjP3zc5hi9uTg9U+l05S1zumP+X+JPleP1BPnhnPvID8oef1/+GXF8mKtTwcHJyZp7Xz+uPrvO3zgfvkR5fMf9Mz5fKyZfzLy/ZC/nzhfSZ5z7/u/oJvz9U1SagiCJMgCeU+iRndDwG9g7ghBSZzv34DgKBd2jTjrQ0Zbd/kKAi7T3MYaBN6ZRkxgAbkcnmorJedBQ7zgcnaLYRUvEe3SzqWymbVfpdnXhaSBJ/AnYZ/s3AoFJ0aw5bKKOLhGdQIIIK/HN4kD4q5wzszVVSr79nMBxetngkx8qXmrmn60WwcPoIg48WjJ4AF/dNWVGR6jx7UZYTjliPTI7d5q5XvM+vUfapIQ6wt9Rrj7KMdp8T33e2OcGuNYwFRr3UEIUiV0EHffCF93rHu9cPcpfybvKLtsS+HwboR0oK5EpNEOWfHwOa/gaSupxZdkejtEFFzIeChFie1Wdp1I2RGi2TacFIsyt9lH3X4xNQwOhFg0U5vs2RAcIjlbeqBsE2ukfoCkY0v9xFgJwW80NGVTiN6uQhI0eUirT6XC8EfpQmxD11LiCp+QrC8SwZMQhrRiE9xCHHm0xP8tdxTWC4NnJEGcyCxouxBgME0jzwIUQZZLkmoiKmoqBSVJus7RW5bGZv3/S+0Tp653a73d4+OweQ5Lbdtu7SmAYR2hh5KtCliWuJTtHR5iFW01DhJWTyw0QhvssFIrBA23inT5hkS9IjwCY84RCgczeZBEX07qENxzJhRkPRyhLJT91ah8fz8fTVxLLjC9gzZKDRrDutPMiwId2b8JSzWnvw4wLP3rrdzDrNmXOBHnVziVJnZjdt67per9enp+urp6en62VdW2uytOZMXFUPKekT6jRenLOrARA6pWzeLFKB67IOg6BXLPYY+Xmxtk04wwzJ6nd8F7lK5txvSfekqpgl7zJIeF5cc7J57LYZS2ZQ85NxKCDm7S9TVD/RVNr01nRG37xYk74PKmtlrqGJpF7XQ+I1AT/UnoD95pudirgLBCRWOi+7Mwk+7uodrleQgLmjiUnd05D7Tu55lURyLxGAJtJJY3fw1Rwsdaiyx9ac1lpT9bzNOEcfNNKsk3C1QH9W793bxZwGa/Rh7RCpql6v17Ys2hoAJ30Csm1G3tQfplLztuaqFxutvGlqU8hp376JyM9//nu/+Gd//otf/Pnv/PjD628dNfDt29svfvHnAH7+89/7qjsCTzvttNNOO+200364xjn+zc6/GhDYC/7hl84nN96X+5nlhesP0+PlfM7r5/W/KdcrBqEnOc/P8+/snN9Qmm8q/Vctz1d5Vu49AdC0mWrvM8wWa8pA2jD21M+rYznPCyMZkAniMeFzr4vjxhAwRIROugtGmL7hA/QS3tfhJuac/JENZiQ555HXUyEwSXMaO3B28ZDKHV8lkcI8Ju6ie/oqfpI/V7PSp1qYcZyUFT3QF+IxkBT6S0YToEGHyprMlJJEhLk28sGYcNYjffC+DievZZWkQNhdgrv6ztfRxIUKyWCCERj8qRFSasq9enOhjNGlZkxoKupL6ODAqw4JBuyXPbxIKOXFnvrWLscJtBiOXadO7itkDuKVXSJbfwfWjaLlaEoAS0ZWx3reQ+wPEcrRIEjkCDMEeJ/5/jo47i9olnf5TqXBfAsqoKZXL+ARQVnMJQmactR6/YAJfBvlKnz/+IIBeWEMoHzVnGw4jYIazINCGUefAtUhCIkPcXEUKibPROfm0nm0Nc0cOcN3+TI6R+bcI18DYN/BWgRNB8aIwgin6IN1BdxJlYxQggCDtJo1kLMZ2n5DRG7NSMTTVY2BYp0ppDnLUGQRaYAKWtOn7Ybb89vnt9Y3msE2227btt361mlmtG3r3bpvOHGIRhRi0ePXpZHYrI91x4AxTcRi4YCQYx8TqAlNrU9VxbYZTApi8BeO1mKFUxUxqsJAdgIwVnMQZobuZEdQSnDYpsi9OVloTKEWetHmOCAAj5sJllC0ooRte6cDfDkBsoeG71DV3LpTvkBXbuz9ZkZFN+tb733rW3fFTg8Nua7r9bI+PT29evXq6enpel0vl7U1aQp1cWpSICqDkJdoqMUoCdrWbt9DAqgx9p1W6KEKOfXmOaUUkDiYhYj4qgF0cboxpEQZ7SMTs87jgjrXfH4cx1STMw5Z60jE202m9zzPOpQ+ovd5c84MvyMLfBrjczIA3Qxkd73QIZWJfO2Y3hy09lh9qk0AqwDAMdBChZvTNDuUaafJwNvBf9KpjTIismSnQsh6Z4WR4gE3JT60kqRo3dfmpg2i27bdbpuK5v7g6Om5EvmXnEAcFxQz27abqsSeYkrPCITLsmjT221zcmRSUQXA0tSMz8+3AAVl19/gDO7aYHTad2V/9Ie/+8u/+s0vf/nrP/0n//y/+M///m+DEb59e/vTf/LPv3jz9mc/+/Ef/eHvfqPFPO2000477bTTTvteLf414p6Dna/1+Gsd41+QuR0aIrlJeXfvMU8h9ue58XefPx6VR3Z5HnzCcn+vvIcP+S7Ng3zO8/P8Gz5fylV5Hs/jVznyq6Xn18vhLs3I52G/zfR8KQfu8+HL9/J4Fx+l55emnJ9I9930rjJULiVginKaA4/gwShcCYvd75ov/LA2zsv+ZqQoJvZ4SabbITHTHvwjDlLkM0yuTORdHAyUw6/hxC/EIL2ZOtzPkaQVU+ceDyuosv4EUjYwrjA8z+y76iugNGvEa6joAglhupZggZoQqMecMkIyFNaosakhsk5GwVTVsbsZ1DyAZzugd6I4oCCOiWL4GJedGGUD50UFfMpKry+dcpaO/5LDVV0tG/2+tIdGj3tHZ6gcxlEC64r6j0y8AVwwjtOz90BoZb1DAl8A56ZbZX4LqU45dcg9Ajqednjxh/TQ+/N9i3Cq5+nyQPGO6QcW6HKQyR4s9DInl3KyTxghU+wvoUEahCIuTMv8vBXXK60eRZkgsIKr/Gs0vovnObe+suujGIMRWEXzecrmaQ0QhVj1QEFEcYuHCNXiEQFnikue1lMTuOPURsEsqxau7U4O8wz0c+YO5vaJqKm2h+0lINUomz9XGbiY2DR6JAH3mE4j1mqRogbdMOSi0WqKqzrP7Qy+L0OhieaKEgI0evBHuYgsAlUsgnV7vr35fLu9te3GfrO+mTnAFTBPN+uOsLGQkNh5QADLsogIttgGoSoWhaCUSjMSF/ImUhV11mZQA13Kkq15S6hqy2ESIfAIs9AUVVVAhWJOXBSKhmprUP0KoclJgxHysYZZLwiFcJ6VbR4PEAnHBgHLV1RzvVZL8M9ib4LQ0Du3hJoIGG3bQvabfsvWN9uo0tOsdwWaamvtcllfXa+vnq6vn169fv3q6bquq2M0cE65BwQedFSprunw5pj2hZz23+wCDfqqHpqZgzEc9ZMsOrTWcgXIWZEQhkJ3fGTk14XT0XJyQtDg5s0fd0+HeRzGXrrPsbKw0G4hg9NWXDhABDrGRi6yBcjNm0PGPgjWoIrLNtHKi+YYmSSZT4mkW0aqqN7YaYTkqiYZuNLRnPLYrTMw1Qi0WWWIJ6o6s88FurOmKGOkR5EdPnQ51C3X7jkgsaqKeh+z3k2aJL0ylOfnj4ecQukN9/btW1VdltUbfds2FyM20rb+xRdf3Labql7Wy+VyWRZXLsXz89vbbfOB3/T4BVE96h1L6mnfhv3Df/Dz//V/+2cf//Wn/9P//H//yZ/8+19Pa/Tf/sXHv/jFn3/x5u2PPnr9D//Bz7+FYp522mmnnXbaaad9f1ZoRf4TdfiLpvP742/zax3lPdJ81TzP43n8IR8zBmF1//N4Hs/jt3l0ETBV9Uh+7vUr75WqzmEI3WaArQQ2EZeGB5WzK39PdZolQwesKDjcW/DVvMG/qEAyKVPtvOoMzlncNeIRplDj2Oyvqjq7R1U1NOtEwqMpO1zwHjm7L2H5WlMya9RgwSiRGxBEmvz1yOETocCK0CSYcpZ07RYCMEpWpwGRQg6qfVXP5fOd0L4j7OcVOByd09vd41VTkiNmrBrxk0DqpByb4R5H+l1RuYuqtqufXYeceqbs/IwPQcyIJsih7TYjmtUcB0bg/Lj7DA9Q8Qvg5Vz+kfi9cL6pYA9Jky+TCJnvu5dRRdbS1OgsCHACEElClBkXikyZ/HqE/5cYoeRwAyEUFQWUVFK9H6mqSBN0lQjtlqqe2Xkdk5RS4ocYJujZ4UKBC+exPiRGaWIoCAzo5iBQIXNVe5G9dWf8aE1JKbgpNKTnP0RVw8cvSfAV1CB3NhYEoBgHA5cpfIhAaqrqYnYSeAQxd/fXMBZAnX8WJZeIPhjhCRGTZ7GKY2oXp2TKAPxEIRoVqiJo0/4NT+LoYNAlFVLbK4wQbc4gBCh6FTSYGFvf5LPPnj/5zRdv3mxv3mzPb2+3522IiLL33h17t32/dWQlBAdFmmr3mG0xz0z1GaqMipxGWmtNRYRm5gwpbc3/higELmQouy0O1rtlD20RcjHAcdcPJRISs5zPKwgh4QihCAk6LGT1r0IHFeNNUSi3OgvOe6uhG9nNzNg7jVBVgRjZu922zYJkic2YvDQRkd6x9X7r29a3bltAjgRUl6br0p6ul1dP1w9evXr9+unV02VpbV10XYK53sS1+4O9O/YoiLjUJHMvTkKPZqGEGYKTpek6z4FmZkrxz4aCqUqq1EMlTnrRIxqfGTXlRkf1xeQUDepKs2MaTxxW6PBgCJBKxD7UnRr0yLYAzmLsxkBmgH8cNi8gRVKsgTc+MKKHTKEE57l3p9ct0ZVcxjO3N9G5mPNKWUEHW2tVIAfOs84Cc0y6Hj0wZE3sAohqExVRo7GH/mq2C81s23ottb4WBx9R1UmpZtYBlzD1i9a7AK2pBxFsTSFyu23+q58sy1qvcFkuEPGyBXdQ9O3zWzPzkJC0/uaLL8xsWZZ1XenDMuMQ+xu11sysMjntu7HLZflH/9V//E//zz/75S9//b//6T//6U8++r3f/elPfvLR69dP02B9YGb8/PM3H3/8yb/+N7/61cefAPjZz378D//Bzy+X5Tss/mmnnXbaaaeddtp3YPHP/PqriHu5BXK+sv91+GBfTgk8Tr/z4h4QkxH054X0D+96lMO7ju+T5tvO4Tz+rTuOGITn8Tx+lSO/kxzekeZhv71Pz3fexfdLyXemf3fK46/Lspj11paOW8oqsth+Edcn8ACUE62AJACTE2pHOEjpRdYmeU6KZLs0pIecITDfPsNvO4huj8Fg8lruYMm0ARxOyFPBbwdo0H2OE1gCmb2qU/EORS2ZscQBd6kJiDRVmG1ePM8hODY0AVq6UGc902AthLKhEtJpNIaQmUAHOyhFzbyqRxW72hmycFHEIlCKaqjGuWse/qioI8K5CjO+SJjDPrpHlfzbI6NXecWZuUyfyL5mvefsG0imNhrX6wvqJWLBwBxY3z/VKcLZO4PDmUFkXJ3HTPZZxlvLrmcWcDj3vXsW6QEU32U4kz6zm82gyIMy7F/0ZXD0eC75AepBzoQBbI0iRdP5z85CYYDSMRkUXOK+6kAMjTVimSwa57AoKEOiNXzxCipMGP5/IQVBTFTXlaPB6YWqQauzifUToP4UotT/JOgyd3NN0qbtfQy4f5DsPGQcB+VWRRAhAoNjJ2NbgVA9nKIkJKQYuoc7imM2Yn6hT/xocVTPi8MRADBFbl1wVUast9B4FhfRhIbEaPEIZbxR9alkPCXolwETHZBRijofMbOdwq5KUbyjBjJ2aBF5m5kAclmvfTOFqizW0Tfcnu3t2/783N++eX5++2xb9+0LSR40h9S6hzeznWphAjYRXK30J0Wd9WSugak6JEMzuJ2K1yXFpTP7bWPwgiU1m5mcyOq7AfltRhWlDJFJR7SDnxarVby6Tym0zQdBrZIDM2MAVw5jAa56axFEkGJGqBj55u1NtfVufTNClnWxbtvWDbxtwYoz42adgQNK77b1frvdbtubWDuIdWmvrk8fvH71waun169ev3719HS9Pl3XddHrdV2ak3PRmqoIrWuyS1WG/KrRgAqbCIJOYxRtKaxt2XVj3Z9FR816rXnz2hqkuoTT5nU85xQ45TCCKWbPs+SseQS+CAaqStDj4zURmIGxPuWsqYnexvBzDlz1loDyp2nRV8WKYFg/RGkxTe9JKa8PoZqTfftUbdOpJ/ZO77Exk+b833unWWVeD56LWnue6s8pAKRPqlbRIkff9nHSOxQi1rtZqumSrbXmkxnNdAliLcmWrUyygyKtNW2DREkz8/iVquKard0MYGut981RvWW5tLaqqllvrW3dH2oRPJEKyNKW4Ib23rdNtTnFNbYZqWpm6yh1FPgYRvS0b90ul+Uf/Zf/0f/7//2bP/uzf/2rjz9xtO+r5bAuP//5753Koqeddtppp5122r+jtldeOniA5b39zy+lfP8cvtl7z+N5/EEeHzMIAxE4r5/Xz+vf9HX3w6qqdSWsdMPKhyVFTkuqzR6Agk3sgZlXV1cilqEe4I+9cWzEOf5yB4rM8piYfHYv5j05MWfo0S9p0ddUdxjWePN9PneUshkuSm7iRCYb8FIEywIGjOqvPr+UZ6rlxhuVIwU/dlIVoIqjF+lo95YpWMtz2Hs8Xa10h+MGBSGZl1nWHZ+ryAtRYifF7Ov5gK4VIlv7mQ7oYAQvqmos4tqEAe+aPpXt7pt7IpoMAbcJN7Q9/SWWnAwOicC2dyq4OwYh76DoiVhz7HiHnrlr3D3gt+sFqLc/9uqZSrtrtQkXv8twXzNSoAbgCrMMLTgeAO28mOvAAAAgAElEQVRSKx4AYUAV8ZwppiAdHIOYYQB5IS/q1RrxM3tGYLOpDYPzhvEWMkVIC2TCI+gx0+062zyyBvQ7dZMJUJQi7Uk1yQhHGCiwkENUc9qOp8zYZhFJAJFbCoc6QjGK5o2sTJYtAsCnE9VkRDAFqzzKyGUKDUiBqKOmgfUzAMKgT6UUq6uBxt/qzVTQo8tMNsOYJUBlQozzRhJBBYlUcA6Z0BJ/X806pKksBN588ebNF7ebo4PPt9tts61PnLMENqb+5DCVDhlnJNYcgEiAq9NmDp3iqj0ccUiVy2rxPXae7DWaiFD8MbFyFQbDZPjVFpLaaknChR9nm4cpiWRHwzxWXOCF2SFBM3u+bdq4bbZtXUS3bkkrtNt2c/i9u/Jp98CERezbrPfWoCKttVfXy48/+uBHH330wetX1/Vyvazr0pamTbEomgo7BVhERBzXib6io853Q6omdBmbZgo0rsB+Y4Hw/SmHtqiArMz6nKev0RZw+cpeYfMKDMvHJUcQvn0gG8+MxgLJGZsPpl0DqB0vY73yeSo6t6RQN5Dg37FHSW6QQWBdg4B9mNWnVXfs+Jk6Rn5qkcH5s+C/3oeM3d8+7x+y+wVlTPvTQlDbs8wMmd4/z3z/h9GWCXiTgIrV6YweObGFHGnvtgEQUW0jZmHWgTihcF3Wdb2oKC2EEqwHBt+aLktzTd38r29b79t2WS8zQCgisoBmvqHIKcVGuxvlp31H9kd/+Lt/+B/8vX/1r/7qL3/569/85rM3b2/zzr97U9Wn6/qjH33wd3/249///b/z6PPmtNNOO+2000477d8N2zEIZTgvdrzAye+6YxDm9ZFy8s0+YBCO9Dsvruz9uoNB+EL6Qznv/cMP0x/8xvJb+5/lK6Y/r5/XX2AQ8gVE8bx+Xs8jf+t8+B7p+XI+D/vtffpDOflyer6cP9+Zno/y50v5uIco+HMDBuCBNVV8sHuUbgYU59Tl8hv43J5tdgx8NoGOOxAOHHdO7z2Rc1ArKXDMxOtlX7iS6ixkUJNHNEIqluf94O8ol998JQEI5xWNOkE5Xvfv6s0R0KDrjGa1zC+Zr6rT8yZmBiCt+U/3Thlm5xkxutyTGFEMs7ZmSbSqnn0BHgVZHFYtuwMCJxvtPhrnMVAWT0n/5lzpxfKpXpd1xUA4EhPKmhyd3mBzf2M6xmfNwwNAyKy7ACp0V8LZnT33hMGF2XW3OVPsqSwA9z3jEV11jOAd5jF6lXNcHvWBzCppIfniuQwjaVDlSR+TAxN3IeESmhIkz5QmFRcQzdCEyFpOxNdd1BQaexf20G40kh3oQIeYwEQMNA91CIWJiEaRB5jBpDFX40f4w4LRgdq+UHymxA5sUGbV4/hJvEto9EbFB66mhBrECWGJOKYqJaT+VcCMLEip8xwNTo5EzTg6cSBlguK8tJqNFGFHE3H1UIIaF33wOiAozYmAoSw67VOoII8UKDRy0IZUVvRiMksu4OiJoxfpeDsIpPlY2TaBLMACrgL5/LO//uyzN8/P29u3z7fbtm2bbR5sdeKqgkhRSSZU5USoWGhU2tI267bdMrTc4Gk5ickRNh+qvXcRqsAKyZ76PMEK3IgIVcdQpgS1xilZ+JC5wmwChKoqzQMXwgwkDdZD2tKBqpxScl4sBjkp3dj7tm2sgHoi2q1vvQPsz9vWOw3Lsr55++z98/n5OZEUdt/NYDTHCM1IU/LSdF2XdV0u6/r69auf/PhHP/7Rj169elqkNRVVqBPIaWIQQFWbSvBpjdqaisp+Pt/N6CotJlOZZ6ZpC0ItjvCPhjm6cCULOOGwS2OaLUXFNwtUlDtgDOSaiCx0Sn1/w25C22HFcrfARDjS6WOIEpE3fVOICTlvTYhH+jtVveQ0O2bgwwRbnz1+Uu+Yewj8yYFeRy6W66OK6wDP7zVOai7dXx+YpH9cTU+fMcKKMshC3c0I+nAqoJ4J5+aHThYMKlD2Lhlu1cxsCyHQ3kN7VpdlaUsqlfb6BhWB/whI7/b8fDOzbbO+9aJjOl/Qn9uaoul228yoKgSsm8OWp30vJiJ/8Ac/+4M/+Nn3XZDTTjvttNNOO+20H5TtXJhHv3G6Z77c/ywPfr2//tX82/IV05/Xz+s/+OsLMGPLPM/P8/P8Wz13+qA7hSz9fZM7sGL+HVGLh7vaD3S6CnUTJB2m022K3TSAxrFtZjxinAvS/1oTRu4smOaQEhnDpA3uYb0kYZLy0SddsDmtIniQqdWZieSOKYepWKTzpxBp3SuvVH8j98pltvnfoRrhgn6EuefeHdKG9IMqrBdOOoNARhFCU0RzeEollVHHU7wVAG/hIylhh/8dWnpu3OkNdvKIMxclyRczi7QC4HFfB6yHzs09YK1sOMuLe2YbhwdX0s27a5xy/Q6UeupaU5EDuphfnU6A8447adbNEqMzElx3HZDy6HIcVySVJgtjr98e1r2IHDrdPDQmciFn93G9KEFxKtvBvY6sHJBH2BLIQGRO3fE/wE6zQUAN5cFqC0fSnHNjMvhTIE1hcBZhzDIGGNRG/7WK+0eYg0igUVvAgN3pXwEzBliXoo4xE8jUiXIQF6QnodVbuF1MJxIIXfjwhYRBDTCDOfuGDtFV9D/HSn1oC0RhTkKUoCgJADGklKhIBvBL0Bz5/9EkKjFNacw/Sd5yriczjqBIi8JLU1Uy+X8SeqE5wQvHzkQhlBY6gSBI9Robb5BkqxI+TbZigp1sPqy7iYoKFqAJ5LPP3n726ReODvZbt608+9EbjeydBFR165u/LKcJmGbStLVlaf0GDdak1ChTFUW2ZoId1jstIJwEZmtnBsRoKhX0DmZGOAJtVBVfKSYStEXW7K54SajB1PlPZmbdJS8drLMM7cqk0UbHp5n1Dr/Bmbr+ChARbQpuvb9581ZE27JsvT8/38xIsNsmGthn79sUHVQ8zNvSRIUffvj6ow8+eP361fW6Pl2ermtbhGvDuurSVAFjX1WXpgLR1hZtyMI5WSvC4vkIDKHdGAGgiCwK9iH+yVqy5xlyAHJjthjofSC78ZURk0xuFRKVeLa/a0HSxdD1adDz6b0DRGgIC7tNksM5BQU9UrMhZWzHTRYtYbQgyY2PnGnRyx5bpNbdBJzL67iSWCkygq/vv8E8CWdSFYE/OYFlA6Uh1D5Tj5UApGm0Sn6EeDcOOYdpwpccO93hwHyf+evLX7Szk+YBTmukzyvFjrOIUmRWkBB17nIDCIeEvf+jNeeYunqwUaCqYlChqjhBsHfzTQO9e8xIXNbFkdTerTXt3Tu8ttYiumQHejcOXYrTTjvttNNOO+200077YVjy8JA7e1n4RZGhZPK7zueTP/Z4b57jfXy5hzxln+dL937vOIt8T889z/8Gny8oJ2a6N8/z8/w7Oec3lOYrpefL6b9qefgoz3dHKwRI1abami6m3dinXeXhoJHdLpkHdkAEgaMQ1px4css9Jjwd6XpBj9tde6Egj68f9vjPDEh/QU3XfPrU6s53vXK82vy+TgwKf+gRVTyAOofcmKCJYwa7qFBaJCmKiGiLlzWaQkRaBpR6hD/iUXNwRoFn3Ovw5hMxY88cPfhQE/CZa2Y2TI94KD/1uGYSaUkEsxDAISeYPSQ+0w6VPGOfhwccYNGMdsaJODKq3MGHe4Ls/UtxSjCntG4DLJRBLymeztyjHvitH9VtFUYzdOWhMideHSFBy0o6XjrlY5rAIYeIOWZZ0QUQekw4dsdaAEPEdXMAxpGC5AImMgFaDCymz14GxGw71WIxEr0So2JEZr9MUozXnDgK6d8Rg87lt0twA2NQEwJq0OZMzIsW2EiA9O6cN4oFMw8ZzW4g4xKR64JVCYhQyRqCWi2PRPvyU973YqiITmKPhRhqUP6Q1+lIXyrCwilHpfypkAXiCIORrokqFsWOzmWODTvXMJDdjIY4RnAxiLxWXdnRqzEivXULKh83AE10Adq2bc9vtzdvnp/f3tgjkGCNiJJbzHkDBaXMM/C2bYrm8GepLwrgGEMhOi5JytBUYb5gsMsYYQ9nJeHEBzvIXvAWQQ0Z4wF4edcJjiEjGia6WbyTGfvGHnTSRKQRBNOE0LuzFJ20KLlHhWQ3sPeb0QOyCiDWvf8qufW+bf1W4EuEcBPR1pa2XK7X6+VyWdtl0Q8/fP3h69evnp7WS1vbsi7LsrSmujZtqk3Qe2+x5wdLa6qNkWEg3KNaUr4yYnF66D5IcTSnTSRjMqtR1nsvondy08Wvu1Ak7mYVrzXHYml00Gje1OJ1C7EcR/n0OROwdu6MJg1E/DhzHi2bPBes8UkwEwq97Zz9+Y6Fe78WyBSJWXK9oCOIrQUYXrqpE1MwIy/O0WHv1hHsr/icj5Rivo9TG1zYogZG2M7FsVnJKKrJ7p2W4ATd60vGox5G8ELSrMccJqDRGP1EVEW4LK01XRZtrd1uN4+eCaB5VyQXjdCh3vQe3tiCGRwt0nsX0WV5+QvstNNOO+2000477bTTvgdLDwXKpyrDv5qUhi/3FcvdvX4u73Hvl+T5Uhr5Onme5+f593r+OAbheTyP5/FbOgaD0HeDmwpsjtfk0H1qUz/A8yqG3+H6juE0JZ78UNj5uYI6cMSQmLcPm5lxD21CpKabpMopw5xRmNdRoM0xx0NWcUUOv8xA1+wWrxx3RLtKJROyWGBjQmvpLDWTDJonQBFAqBrOaNlxiEq9sEIJ7pTcEHVeXIQZGKtan3yO+8p8/MrxpyTV4oA0x+tOXvmHNuRqp5wndDDPM9zgruvsSYQcWBLu+9LBeW2RLStkGjjKMlrzDmkeER9niHWq0pKem6RtqyQsKCn+eERsqUw9URU2xSoN4yabam20VnRVTn/FmsvIEiOPIZKb7EHSAgoxgwUumMcOdBZS6CQtGuAMQkcNqZLIiTl3MHsBaaTANEpSnGUCaABVVFJtU6MPRdEVpcI31GE5MyRDRTPHYEBr5BEg9P/MhU4Bsih0WeV01lmQ+VikJIhAaeoASWiBOnGRCklkIAZUSRm3VPPzXzUoUGQokUrxllJuNZ7VRBKMFIU0OF+OZlQwXpU58EkXKK4AoF6zwlEnjmNw4l4m6pmJs1MIoSm2q4JGk88/f+NxB2+3jVvvfXP8QMS5ok5chqhWuVRK6ziodd3MNkKURGuLXwC44tJatx4kvmlQSO4bGN18bFIgII6ZGkMONFFp9ak0pqKkAcJZ216P3flc5nK40s1hLDPaZj1jckaoUxBm7D2eFmDq2APTxxQFGjvBJrKuq4iu6+Wjjz76zSeffP75F2/fsvcbAhZV1aU1Xdqyruvlcnl6enW9XK7r+nRpr15dn67XdV1a07U1Bwg1BGqlqZioR8+MqvZuFzOwDLS/IsMVaKyO2eiMYxUPcPQHTlWe2KKIBqoVgqgQoTluDyYcrj03vkSrTJtUWJN1bSkRUVVSvZliMjI61B5d/bj8jBlvv6DXEjn9FHsUxt6gacUgayGI/3arZGJzY2UvEG7+QnBadAR5bmPtOEiyv2t7x+HPWgiCl4pU7NytFw5th6ZojHqvTZAGQ/SRsa8o1skJ1w9s30jnSvumBl8CRpRlOHvbheprI0us/2Zb327dNkFTbYDQqLFBAqk/P69vQ+3cpS1w2mmnnXbaaaeddtppPyDbxSCM8/rX0vHKMQbhl6cEHqffeXEPiEn++vjel+56lMO7ju+T5tvO4Tz+rTsuEbAjd3Sfx/P4fkd+7XvxFXJ4Rxq+X568vwuP0x9T4sGzOD2Rj0rCL/1VVbW5A6updesVko2QkJQa6+Gjjfnv5oTNO/SNsydLSoC09qpX9LuRJxmRue6eKPtnvRMzPDK6Eh0Mag4P3MHjzY/xMaES97654jWwsqS4U55+c4Vsiv8ST6vk9Rg6u0rpqKc4uCFSze7tFJ69iGnkAYQCHewcUGW6JgN7OPB4BjWNKG9deDxx9MRW+kPr7wHRB8YswVRd8IBsAanMXsJySA/sj3PVCQra2jGHxrMmd/3cSY7kwoG5ZdtOzusRKmrXf3ZvcaidmVCb3IigaJVeZJRIgKznGcv0fPcMnum9EiQTAfqucnbY/MRZTK86sndx1C5ApG5oMOyCFoVCE8wAp0IlOoguBRDSMcJeGCFgZIcFiCjCUGq0Dm6AiVAcT7AuwpZTYXRPrxdCieYYH+chnwNJcgxhwkKjM4WqcfwpoAOEBqOQYsyQioH2kaG4WOq5NfI9ahcEolQrNpwpIFCFOENTBaqiiQ6qoPmwRIh5qkAJB3Rcj9glSB14c1hfJxgyh6IEQAgsPk8EgxAtURJj7gLwiKbC9Pw7JRGJj2GAf0BwLEOgl6heSYnUSZ10n75a1ZioGX/z60/evn3bt77dtr7d+rblFg5xJmmot4q6TrBGWDwnCYmqUtCtowMwp8w5dCeiy9rIpW+bbV3ECpkAQrCxyF7VK5ADi0Qie+aioypQBpDvNMHeu+X4N1JUnc4VKpAWNKzA/wCDdUe4Ow1MBNwjBfriJqrZN2Al0ekxFC/toipmti7X6/Xpd37nd37+x3/8L/7Fn/3FX/7lJ5+YwMjeml4u6+W6Xtb1crlcr5enp6eny3Vpy9ra9dLWpbXWVFUUl9bWtiyLCoS9i0hT1WU3SxToj4C7aIQvucYEy31KNnA3R847TlCbCXZxN3J6VaUZVRDymSRlrPcBi0Nk+lpJ9eLoLbHYQWr/SiJuC6RbUDpDpHTe83Awb+tpua/VBYGJ+xBQCIWDFlwTSM9QiLG+Td1s7OLY3zLMNyHJIOHZJEctFVOzTuri2N9hVpLR80xei5HPNjlX1r+fap6QqtrqkRAlfPYQmsU2i1gaTFxRNx/lOfTeLfScQzqXCZz3vhFUaVJAdMxv9MiggLhu+vPttjkPNZb1mLm1qQ8E73gOBramtQ2gtYYv+5A47bTTTjvttNNOO+2079iGNxWPfMLy2FeM4e/9kpQvXn+f429z73k8jz/Io2vKDJHa83gev+0jv+888U3k+bV/dd9lbHHXJq3DpNgoICtw0QH2uN/zfg8WDmrU3R75l1JWGpl9T3gRvHsg//UyYHmIvnN33+Mb+ShBUVgOVID5WarauyUkeARvDm8641XcJ0BPcooMFNFxQ4QgoiBdmnMB3q2NVubolFP9ithRf74o1zaV/xH+eqzk0QRJjLqvYfDYu/wtCkW+Bwu5t0ND1NX7ijhghHcO2YGAqgZZZWDLE/NVMmJW3XsYL1Ux45bCMSRA8Qzbtuc77jDIXckfPu5+SBZJxAuZvNL5NaN7UqY8w2XshD8btWhGFxd1aiCM6IkFuq6iefwyQQc70Gl+YlRjd93CjaQqFSTQQ46UXUyFAgpoHjIxenXWmHiHBxMF1FTRzHCDBWglIgKpiHoW1EAA0v396MhZ0hWJwvYtI11aciADSiQMRaNzBVAhPWyok7gcdVBKA5Sh66gRETD+FKMoNLAMFzkOjDBopv7GwQ2mxyNUQozu7nc2pJL+iAAIC8FILNgZpsIsJBIzQeqOUhREoo8IHMER0yhP0ZOVZO8GE20iULPtk08+ffPFm+fnt7ft2W5bUYs8aB8zHlu3HoBPa01DfFIqkmX2WA9dFiCdWWvNkaZOiEinBe1wUkH0k2IszwPEdTIdc1BVB8PMqKrOrnRgPTbEMGIQBvHKO7S5yKg/g5vRjK44SnNuFUiw14gTp3lLqMFqW7QtzVVANbnDS7v8vd/93Z//8d//T/7kT8z67fl5e367Nr1e1+v1cr1erk/XdW3rul7X9Xq9LG1p0lSggsuirTUVYTD/zHrMJ74xhNNuj6JdmtnQF52oe4f6n5dIVa3p/LA1oeZA60PnufdOyXcE5qfPExEIyxHlnWqP76r4npa5EBRwC7buAOmC9uy4o0L6nujupajow4Wz5xQovmmjOsB+S8dx5ZREOLPgvhiPte/wbZAqufF2Rps6yQMO+uF5xeS739s0r1xm5sFxDxk6sJfbsLRyMzPJvS8DoS9t88Qse+810TaV1nxa61tP4mfviG7owN6IaryuC8S6bWYdwLq0pS0ii+oSNWZUp5N7aOrEI1XVi2Nmrelm5rrcp5122mmnnXbaaaed9gOxRCtmzOIevzj++rK/9935vM9d7388cZbz+DfvuDA3vbu74Dw/z7/tc3zfeeL90v825XzHvRGcRtVaM9PeneOS/uL0hKFMHit8HvQqx/UqQrp1h5OP4rytzFhmzGbsiJdw2x/VRw8oyGwOhwhmZ1zt7hcZKzvlcN8j4HBSJ7tjCibZ5j6vcPwZI9lU7xWaau/GnZzcrABLDltIVoHB1GXfJFUCIgv344q4TKxKPSn8jy7YFS5xK1pENainlLruepKpTTe9VTCTHCJNMmf9X6qbBuPKC4j7emU+tHpn4GVOmtx3hhnwO3hUeWeHix5a7L7LVlJkLaIiR9UjXEqyC0TpHmp1p2qIDHLU36jOgFRmGcQgqKaq4wAIq3ft/fV3J/Pvj5kl9Zy7X/PJIqHLucvDm4FzSDZSXLbUSOshOmdGM9DILWIQ0gSdSSI0buQGbsQEELLDNqBHyDOSRgGDEyTJZDLCUcPACI/DyaG8+ZJIAF6EkE4pyxCA0YUlgJ9g3kYDp0Coc6ckBlhRUomIvRhj0+MhKgIjjA5KUcnYdw4dMOReAwIkxIdkMAG97qGAKhPhg8teNnJm/QazOfUqq+2yZeJGBdSoORhTji/nd2QOyaFEQkoFkpR6NGo7BhJHznaY2NMcWyKCUup8om3rvTvPTqsHSjCVgyZlAClNKojd4KU5wS/naw9SqOrMS5XBk5TUp2XuGKgAhzEP55hlwnteRgYRSsRgDkwG1a3kNYFsbutxk/Ol6ORADxHbzbpjjt2fnkgxJ2IaICJLk9baujg731/USKq2169eq7bLZaX1v/rLv6TZBx+8hv1Um1wu67K21QHFJktrS/MQgxFVcBE00VzIKNNkAzKnmAlDGmrBMHNunPXeabsZmWSFvqwqTJTzxd0hMVP4Kf0NLXVBBwR1uIWE9e5fFbvtNdG1IKISqsOTTHcGCo19sTlmhepTsoiG7K8wOY+UnIFz2mVulhBCVENwtSphwtik9gBln4+3reXouC3GR+WjT6OsIR4Avwy8F1bXj2xyjooSUULpgrXe/+8/OkBOc0AKZEfD+maEkL0VmH/pyVC/9gI0tAiVKBDVpkoIts0ZkRTpNJg1H9LOC1SoLE1jlJlZwtbZlVw0QuARN7dtu1wuThf23QCtNVVRbSSs23YChKeddtppp5122mmn/eCs2Bf35xndZ3/uv+7TvE8+L53Le6R597N+EH748/w8/9LzZWDs8W/78/w8/3bP+X3niW+/nO+6V4LqoNpjs7mUFNfs/QvLDTDDC7mjRu3pX8g/5m327mNC4jgxBWSCB1AOx/8dQEF/mblgGD67uK+gQY3oV+EMw4jCddzRf7QXLocnrghM808HyKqCf92/1iO8p0rFcEnGfwagC4RBapMGEObghdEE4sCVCgetMJG6qsD0FtZ3insnyeyRU5sz/aP1YTN9lUiyU+dXIinqjCVa1DSrijhLjA6Myp9SHtbIlwfo9A4FPDrEX7J91Y/Ehyab+k89Jb3K4c9Var1mAoQ77ggSiXsgvookYzH7Zt2CfMzwlsdJusNf6IRVzjt27FxPogFHYdJiRfbtoMCNnuauY4eSPWpZ99c121AaoS5Ayg50D4PH+hMmTii0ThrYTbohgw8CE7DhfRdmbKmNr+Kg7CTGq6KYJHidHWORUwm4Zu+VwSOMmoZZ1HcEJnRgshznHHgE86eeJ+F3j3CKpIBKDTJvbQx0nqbHBQQhRke4MnghVNgoQWVjAoTw6FyB+YEQRUsUMDT44oVjr4FAVKTla2oOmHksJv4HGGRG/aqoMRPUQEyuWAUdFCCLBHpGEOec927djERrzUKQkMHJM1dZFVVFQQ5DbdnBn+jxiRlDUjI0iU2tADBtzQTWuxOmnBTYrXvQP5+/ajyWpmgxgB1xdGXZnOs8ve8biDrzsGvdAcIeiCANnRaMQTLgnJ5yorV6ek2JLsviuFRTBDXfkVshgaayBv63Cu2TX//1m88+ffvF56+frk/rT5ZFL5dFm4h4nDaoaHNuqYYya8vl2TMvkFUCzD/w0cd/vXPbtqrhsfmGtQYHh3SaX/eLafT1JE1KNKXRhBB1/NuMO8Hqo9iA08WMoKnk6ACwl7AeK8Vh5g7cGhNjWyL8XX611GI9Ex/H50Ey8QeCKGMdKbpkrWvT/DC2snD6V7YMXE0q/eQFiLvnD4w6n6Du3QfA4++oWmg4CrFTdKgvqjmHeR0pEBD5YYC86tNi4OZQFZHWhdu2WTdr1lpTbdZ77rVqjA8f76u+3rO1+AKpNKVLW2uRkbfttt2ejVwhNHbzdV7MQ7+K3Lat24kOnnbaaaeddtppp532w7Pc+Z0+1em83JPD74p3+ntfyOdLfLx4jzTvftYPwg9/np/nX3oeDEKmw+A8P8+/7XN833ni/dK/Ow2+7r0CSX3REBtNyMJpIJzgud0u+yz3HWUwUx4vpRdtwElMjKrIVNOjYrM/Bq1t/5Q9RJS+wVGafIx7V0VE0NI95vJ6ATTs8n4oMcaR2/RC7voLN7cH2SqvdJxVUB3ASTQQC0pRPOMB7ONgmk6wq0p5cYEQYPSIWR71CaQFbYdCWPKACIhjHF7Bd7WY+Iqxnla1mE9Pr6gkHVEG63tui2q5fZVK7gGZuor3PeeGRuWUKvuocXLf+x6gfphA5pHEAsqy4TWfXaVTz5kx58cAoUOrohxNYDQNl7wlrqmaPdjZXyIiNgXHq14q6TdO3kmCgsSshjc1jhwA0QFDQsCIDlXXE66IXuzkPJLakACRREetkScO7rninsVgjEhiHo2tW+iLkr27yqigu8oo2IkuYmSnq4kywxMKgzpIF7gMl7R3nhyx/o5qlgiq7yIA0NtcYzIAACAASURBVGtvgAgEbUKpnTIY7MAM8TigV9nXfdYmNUh1MWxDRtJf3uChyQSEQcwBJIfbpbFH+MXAORzSkwD5gvZHZaCAgClEYGqqoDroAzSjAKqiTqJTUchSb05CoKVWGpWDQYXKnuwsw2L3iggSTQ/MKHtZTBEB0yVqeEScA1GtIV39UGt0One5aYM02567gcDlchVVy+FjRkNfqG1dm+rcnVkjis66Ft9CYBbdoSKfNW2q3lhUEQpUYJAUtGTvvTtijQIdArQK/U9HIcdUE9qkgcfkTNVtTCLdjBQz2xx8zNHezbYeSqVNtWArlSbNYTvHNrEs7Xq9OrXLgfO+dSrQtC1tbcv1ermsSxM8XRfY9ulv/vq2PT9dn15dl9YuTeRyXVTotEZRb2AhoCJNtaUapybJtKoWudOIOXMmQoqSWnWA0N8UgGpTHat4IPVjahXNuKvTXOs8uQ7CDIpgUkrM1UFKm6fZ+QtBRBCCloCBGt//e0kC5j+say6vJT3AuDnnhLvHzggOaJC+dUB0sLRZGPthok1+Xu07mgRFLQNMJsYIjLCGtZ8qqtLDr0afzPiXjKxVp1m6AMJRvYONnj/NXzSptMyxRWunZ3DHmzdKdVivxgwGOeGc8Uz1LRMUIVVWUQH0RvZtU5XW2iItkUUnXyLphi6GTJKiwZJ0OmDfIn4nQrDah2fftptZD9VfgNC2qLa29W69C/D2dmutLcuK00477bTTTjvttNNO+8FY+lFl8qlO51L73MvvKu/0976Qz5f4kOU90rz7WT8IP/x5fp5/6fkZg/A8ftdHft954pvI82v/6mGLpCl6E22irbVm8HhMnd1F4rQU7NychWcRoU27mdFAwKz0NgfAkhJsolrQ1w7hQxL6gjbCWTCuGDozfDIcmaHsF15CpmZjeftUVNliT4+ziFTqebv1Xma32XTddcvClzk4FuKuR9eq0/BAWu8MpMvJROJajda7M1MEbCp9C7KKNEdekGqk4W60lDp0SCr0UAXuq3TgC9Ewzt2QiJYHDSpeOAY7HNZDj9fGJEg4vWP9F1iBOLQQSnBM77P7B8W91AP0lUIqRESlFVsT6iBDCL5lMyWLJwErL7uB6fhmil7CmUGIfhAB/5gEjQnMG07Zwzn3Duv5ZHi/URQVf8TQM1TVpSk9dBaEGmQ1bxoAMIkqFZEU54uHJhpaHuh0QrtmJaRepKfDWUv0DXMJgwfKyLs+NN2J7XKO2X9D4DG4cWbGVN6j967KQV0SsPcOspRrjSG0ifyJkVGHOUHQ3fwRdJCpKQp0sy7ooQBqYgbrVkPHq1kHcVIQaOli1k2dENdU4HQ0EcSM1HdoK7s3RTjcrQc6fdexy4deWnswmgcX7AYz9hjNKgnJdPOAc+a4k0K3jkBDHKGJQJJQ1aZNdDGC5hqALfjKIZKpPgmpqgGAktLZnAEGKNlQzJ7oGeLSfnBKIoRdBvcyOEDCBIlkDNIQ6EVqXcIhT/jcXJWxYxdh0Aar9gKqF2ljbhRxQFi66XIRbWbb5empXa5oi20doDYNHKNpC5Iil6V1YNu27tOkJqLiY0ccbyIG4mGkqsdddKaoKGEqQGh89pIY7b0nsi+i2p346hkzuWZCETGBC50mx9Cc02rGTqcFiiOCvVuE3zQmfONdQ2rpUNWlLRowNRwntP7sg0IFrUnTtixtXZfLdb2ul+v1crlcltbWddGmAgF1acuyttZ0EY/sWJsioj8GDVFUIohkLqbRrKEzKSIQlY4pxqAD+iUDu/ngbuJdQti9r4k4jmTBCoteKM6224Us7FuGSjUaTCiCFstVzmzOM2uqkSWmvRRmgQ2LGE0scDPnc+aEG2/lzw0gDaKiJqBtUsuS0YDO7khY7mtyqrf5HOgfL4WIizqO6fN29HZVrW+CSbabe8DOoT6AsdQjNhr42wSOKCqtARAz6b1DzKF+hQdKxNZNBE1BuMBpCBtsvcODkTYNFJLqM6NWWxso5hrXQd+jIb+mfJ2yWKXFwwUKRNRu282Xnu7pgwkspOU6TQbIZ0JorGybwIpu2EQ3KtBSu9ecmNx7R67JvSfPXoXktlUcQR+3vRszhKoY0buJ6LJclqXdNpph27htN983geNcftppp5122mmnnXbaad+nJVoxYxb3+MXx15f9ve/O533uev/jibOcx795x4lBeB7P43dyxPedJ94v/bvTfP1fHTDTFuGSVFUbUwjMyRLlj5xIGxNuQY4Fczigp3hhIXE35LNmdLBs/9dYgqdke7ZiCOIhvJBFQ3R0UMPlp9AMDaWTpGMpkn65FypVxB6kdHxwCk2UOFq+koS8KMUlGRMlCTU7hi5bcQ7LF5u1FKikmY383aNr5MaMR6WAqFq6ZO2uLhm7mqJDzI0zN9sExiZFgeLExMGfcJTK2xQ7MbRiNIwss4e/WM8BEYdPVmzSlaz/H2RGsry9M8xc8ZyqDudzTknrqRz444O+l+/pwaPYERH4IGIUDf4TCj4ISEUcLBxCbv4gB9hFxErab1SKu5uL9eLY46guy/40htueA1Yvp1RBiz03KMk7Z+E4k8YBqrmbqZkCSCZL4PFmljVk5hiMcxWt0zroAGEHO9jJjVPoQeMG2wQdQjGjObxbPYgQmjCii44WpUgIYnahClQR3nZSZcwuI15exnKkIGMrJq0wY+z5OzmmXgicIbA0m+4lpXeHReGER6M6TAxuZHMpVAfPrDsOTyVJKFjUURKqClEHCw2qKkYVNgSJWEXUI9hRmlAdJeUUrwuikJi4/C0oEdAwabyQgt2rc4wBLBj/ftEKYTomZtkP2N2IA2pO4JAYHbHTaKJKbbro+vRqvT5pWwxvVVtUvVjvFtRt1QicqCoOHkqi0P7QQ2A2mhjypgQRc36xAvAc0XN2V93ep9CEqK0Z/kenuO6ri4ka6YKonpxm3Dz+oLF382UlhEXFcTXfdJITrkpTieCGoIo2R4FElrauS7us67qu67Ks67JeL5dlvazLui6txdIkgLBp07boohGqUADCpXYdXU4p0XkyHTsFcuTk2uHEygr2aTY0VyUgxFgWvT8IB2nbZ83RGboli3vgjb1bbnRAgOkx7Y19GIPzN9h+0Ssr9m19Qkjw7ejxLCNwXRZhXnM9JKRZ6n9OCuE+3avqQQ1dAqgPJYLcSlQfCyjha3+hml0ckJxiOkr9cKeX4Cvz7uNHQ1U2VXw9RDCGdLfR5w3WZ4ncKWp602PSbJB4UWuDvB9Xa7FTbVAZf3r8QNNaExEgNJNbblBNanmwiH2fVWttzR1gMD4/38zo49g3QfkXhdmWkxZF4tG947Ztz8/PNHrUTH9bV7pe1ouvdkY2ETM+37Z1Wbe+3W6b0da2Lsu6LAtOO+2000477bTTTjvtB2PpR5XJpyp3Xtbjr37rI3/su/N56fj+KX/7u87jefw+jyeD8Dx+18e/7QxCiKhqa61pb621Zto8TFG57neL4uTn5yC4D58g0mOZXvxBEzr4gt0m7I20JBShPHdi1gtx4qgxIB1+LKwqcnMfropKAA0yKUBGCELHb2Yo7oGUaJYwHp5shmSmZESj1CwMB2hVXEjfwUCLyHThmCuCRNw1iZJGVgpNOcBSf7PCDr1Jy/PbGkh1X7CqkPb4TYCUPE2kNCuZEYAQ6fM93L7jFxUYikAHD8JykoKcyDhQX4rCSr2qBI0SKH/q6HsHsC9OHuKCR4Bw4vMFV1QifGNBI6V/GI8TUQICo7GLAwrilJMSCmVwXpMKCFZYKp3U8yQifE3CcAGMpu95kP+qioPuFiwf1EsjAZ7yyXvHN6Pkn1Xn6TiuIph7qMtRL2KeeXYwFl7IGLUuueiAQ6d10gMQBjoIbLQb0UUo6GYbbQO7ONGQnfTAbxGnEOIPtSytN41polEipoJlcdYN1OhjWLLTppigWg5O55y4nh8NKV7nV0DERSSTiIE2IcRCIWZ0QqETnylwF79jTjJGIkY2TuSDRZ8IudHA4gwCipoYxlADFKKAkkpRxDEa3BnASTTViDIYPVKzTaV67ETKraEygFTCgWv/L8tdvNSUts1BPRE081ljZGNIwRNirjcqul6ul+tV2xKoOZPQadZTb9fMRKRpM+QGhglxzDJITSqs9YMRGtPMtt5vW9+6bVv3yGgVHjNykmAThuJuIVsOE0bjS7SwJTvQIxkSBLetB7JmXusp5wpxDe7FN9GoVkhJSZrjuui6tLYsS9PLul4v65PzBZfW2rIuS1va0trSInJgtKtQmwZiKJw5U4HBBb0vRvKYfnMymCdFI0PSsdckiEOIO4z2r+VOSqOTIemRmrLU3E+A0Tpk0wpEV+KyTiM0MxtLiwxedWyTscFT9FdJUBBGx33rdr2fxBgfCHcLAxCrwDQKasgBY9ItkWzk5pbYbyMZKRdADWadJ8nMFomvR0c182GmohqESwQo6Y1KIzRzjlkkdG6ZQZ/jXqYW6CQgOi+60XB2v/9nv92qYNoKGdj7ZrRDejMzijJXq9xnI4CoLNL8ZUjebhuJZV2aqBl7EGpBolsFJoyyOXj/9vn5drsJgLZEi6pqa6JL7chx8Nu6bVtv2lyA1PtjU22t3b/maaeddtppp5122mmnfV92MgjP43n8Lo8LGa5PCWm28/w8/xbOMc75DeUzX/9KeRYm8e70784T7ygP3pW/y9CpsrWlta2HuzKWwBmPST/+bn2Mn5NzljxDv0VHiDUZDLA5KNHMzAt8giHnOWXYA+Ec9LThN0uNy2Eq5WF3D2WSA7ScfLL7/zxjEnMwseJIQixXVUnROue1IJ3dE4UQVnAT4EzMCVUsvgNdthEyC66muBoJaLL9goUQiJcmhiCT27IgsZD+GgRKHPiak8dzOEmnKuXUjzCoblJeZMS7JWkF2bZzVOYRZmz0T4x2d3rFzu0aLS2c6zU74QQj3WOEO/dxOv+PAGHyFeBKuBzQRLrDj7K3OThRgfvMgssnNCvuDNJ9H7qGwdNSl0jM/yUsmbWTL6bREAz5wAkGSAzeFeOri1rdHp0t/pSIrImed+uUX6KKWeEuqlnp/XqpNQJg3/xOR+gHmNI7GSRCMI7ERpcVVXOYINiW3ITFXvOgfhGnUKSLmEgPql50pwBCCTanUKmrEZIUxwAjpljCVyHoCnTm+1pAg6FfmQiZi9olAOrcF3Sjc6JcHdkYxNCIHebJTWr/w4RuzZOtx6Vs1ZFzR4Y4u00hIHrnLFFp3vh7cp4HA1MeSl7z7QAIszATZDiYV/PYiXloum//00gt07Sf03JkKirJSiYUakTvpIgu6+X6arlcIBKyrU6mA7pR1JxBtSyLQHjrTuCDADqYrLR5GIEBDimFNPZuW+/bbXt+vr193p5v/fm2uS6so2JZ57zdbhjc4iTZVTTYAOVQE2WR7SLGnFnNf0EbR3D4WtNF29IiPCLgYtpUkaayrsv1enl6uj5drsvSrpf1erlcL+uyLqrNIwiKiHMHm+QOD9AJllnXNm+dKSbpeCOp2dvup0QPNOivVNtUpkUhuHeQeUsLUYCXIzhEyOoiA+BhxqtidKpIa9pa850D3kFQpRk9dbxElNXYjUbTiHJMpvQxnRRqVovXbiMRc7dCzIq1vuZuoT3dMEerE/Qt84tQ50xQ1FMmlpjfACV3nhUug6xYyWIFSGzUo5CiWyfR4C2uyb3XY8xDTN1MIQLV2N5hTJH2+Ny402Mf/PPj5098Z1jifIF6+qxIGkWnNXps8okPBp9/t20j6WLlJDcL0Jng9XoRbf22oVrHBagBVTUTAIWyx/XW2ro0bS6WuyxLWy6BHYo+PT31bXvuHbDb7bn3DcG2lxQ3P+2000477bTTTjvttB+KMf75L5NPVe58s3I4x4u+3Hfn89K5vKef+eVn/TB88uf5ef5l58tRQfA8P8+/jXP+Fvd+0/kM4avfIh++ozx4173pznYW4dJa3/TmUebcq9RpMDQ9Rq2r7e3hEhxep0ogJS76kpXPq255ySlEPM7Jw/YMeBAV6C29fuG/24W0cW24cc7jYwsydGrCnGYGqOZkk4M0cSdz/bThjz4ArjNEStJxCv/JrIsoQKGTAnegaWGhhzpJLJKHij0wDCZAgvflL1W/4RrOCG7Z5CPxnejr0SatVBzT50MLsk1EdvAwpTDJPQp4aIuH6OA4eni2wWAKMp3322jjhNE9jlsiDAKYijQRY6f7Xc0bxkvMwlqyUZFKiQNs1mC4yqHDBHIlkszOpHZm5TlAGIRXMrC0ufJGYLKZIHL4k73vat4mctjcA0fnZLF8IlxW7xtJ9k7rNBMa2cEN7A6KO1smpRktACVSPfSbzXlbMAiFFU9RoBMFSCgwE+tOZ1ElOmUwbqRGdUomFjXNGTs7dE2gKtK6hXKqiJhh67Z1MxNRBwhj4DrOlaK+CX6PYHSaz1VVRY7Bm3URqrbmYQcjeGvwBR1+ioBjaGBzjpRjZQODkAApA0HXiqYqGVxsB5wwpzbXUC24I8EkRk8XgQseTl0razp3Z4WQKZRwmVvxvRoJirQBnGh8tRHL5enDH/34Rz/+5M0Xb56/eLvd3sCkaWu6eng8I51qh9pb4XqLOcACu+J4L0cmuofII3vvz7fb8/Pz8/Ptdttum/U+IOvO7pg/RFSbR1o0QzeDWXXy3rs5qzAR81DMDfQsKJySiEsqVUNV2tIWbU1VFU0QfXBpS2uXZble1qenp9evni6XtaksS1uXZVmWtS1LE4/fG/8TUZHWRDXCxCZ25kNjrLAFfaKY1LOmtwcHnZjczsOriXEWrPbrjvF4jDoZxPeJLx0fA6oKvyUmAYFLxXoKM/TeCzUcRY/9KPEWhX6F0K8xBF2ZjEZXzyTNLDow2buTQYspe1xefUw5cjnEYz0iZPbr6ZZYC8VFoSmqmvrKA1A8LEf+m8sO5DYDG6vYRK/PFxdtbbdQIjeKeH3GHqzxnN0EzuPTa2fP1BMGQOi/1p8iGW4zET7roZO7LIuvuNu2OfYqIm1ZUuR6IIJjzRBR1XVdSd6en7feb7cbpNVPZmS/3W6bmUVJwG69ytZ7v91upXPbWlvXdV3W2Kkl0s2ev/hi693MVPH8/Nx7N5pA3rz5gsCyLJd1XZamTY61c9ppp5122mmnnXbaad+rhXPha/h7v0r68/w8P8/dPAYhzuN5/M6O+L7zxPulf3ear/0rCqtylaymrTVV7Zq+5kjN0JACpmg74RScAafc6F+4yeSSnrb53wNFJTTqt5dqZ3rk8hGZWXhyVUIQTCIGVOzJL2KG4wd3sFTyD1Duv1E2llM2E+5RmSrFBLBJCYEmwYEALXRGOR465SbxlEJ9GH5IZAQtkqAm8on0sAd6xxFkKUtF0DKW0NS7pledvajpbbTRfOXcjQKmJKvz2Bzg8denJIx0V7kDdUCWZCC8g0oYFXfPJR0cwhnCnNHBOu7QwfSsT4G4AjBw/przY8pHG6Vw9VDQgREXhYtCUAhTkS6eKDsdxd9cI5Je9vXsdxJ4TPyyw6ujEqqnAc5srGGIQWrJnlRSotOY8MGH+TAPpsIb3P1u48+5B2dnmJmscDXgDHIW5KS+hcpo77QuNNpGdqADG8QEBmxw1BBOLnRxXRP0lBcMvqBDg4Oak33e8RIRUMGNRluoGqRgmMCP5XFPXc8g7rq3PAaujHeEEbAtgQ8R0Lh1bD3EdQUKohsKHAEFLv6ZWFQwOZUJHYWeLKGEAk2ggBINdGRXzEQAl01kBAMUQJqrjEL9dgTuqDkjOEboQIxCFkgivlJxF7M3eCOFmKjXpkKmwRe35E9D0XOMVkw3UHS6cUrtIA9MF3ViE4ClLa8++PD1Rz+6/vo3t+ebLi02KUBaa06Po5h57EFVjEVEi62tgeRGP3SVwtp/YNHpbOu2Gfv/z96bNkmSHFliT9XMI6uqu9BoHDMDDGcGs8s5llwRipD//z+QH/YTuVwKZbhz42g0ujIz3PTxgx5mHplZXY1uALU7rgACnh4e5uZ2qHnps/fUbDfuwTcbw3YbIBauJul4WXoyJWk2uIDegS8FM4oxkFIfNbDf2jXT++bswaa9N6cR9t4ul+2ybZfL9uqy3d3d9aYAW9PeWldVTdpUpGJU75jWVFuLKWjJBQwgOib7RNPnRoL0LyyssFQufWKxLijHmLtSEHtNVFXVudvFwpt3L8VSS+gO6jcsj0uDJydGbJ2JvR8Bl7sac5ZcapjOaxvJEzbGRoAC+VSm/2IuiZJvJ7GOTso6PIEoF3DzZoVG+WQz0ZD5nf82z0KQeTklNoXkHgHGKKVFjsn4nTHy/LmHgpMpm7bmILS2rgU9popsku0C0gt3l5AmzRCIO4o9WYOfcyMTnG1ay2L0ncWybAuxshZTSwkDkE7gs2umFQTMTGVuJ1pfCYbZGENbMwKE/3bfd6fz5lYJMbOxm6hIW94/Eqtu2pw7WHjkdR+P1yvEpXrl4eGhqYJ4fHx4fHh49fr1ZdtE0Frz15rTTjvttNNOO+200077eOy3iw9/m9+en+fnv+XPXgFl4KkC6Xn+PP/dn+fvoHx+k+vxXdTzuSyDH1ifSpOWWWJa09Z1DFPjsBVYytpiqnFO6OsgZZnRvZraSBhCbjbRH7huEVgjsEYZn6CJklVa1M/yCzlc8/Q4q/v1y35mMOOSZO9pGRlfkxlizbDtijEuFx9+ClTutwgVFxiamqtG0TWKVwJiQmkNija5Ly8+MZZGnl8W/6NOSGIBsyBBBa+Rsc4QL2NKJhw6yBthvU3+H1dUMqX2ngYCS+iUN003Y9Xrn4cchDNgXhghB13gEs6kuX1ALFmdOG9eUKY5ZEWXGA3uTACEi1DqjMzKxNsMJEfTyD1WvRCILdchFM2tU3LV255Lrq/b3nxxKqXEKCL+PXNPPm3bivbWzxNf4cJ/NdjINIQm5nqhO7ADQ8SAQQ5Y/CkLQAiOYkrl1PLpy1JRzBalKJqG+/DebJ1N1ERUnFSHCvZ7bjmnmWaIXEp6tVKWEiDGMDjPUFXpGQddFDOucqIk6GATBKKZGbSQRRHT4DyZd7OCChPVRlGikeppE0GRBdSjCKk0harQEU8VqERGTI2dDYUJicOHzbMSpuRpQn0+viSRPJHFy6pkvsWcs4IAI3NUrQDhjd8Qrax0c4Y4du7atFBpChqItm2vP/3k07dvX7958+Wvvmh9EwsgXpujm5wqw4EUxI4KDQwUFGPMQaEEIO2Ct601Alez6xjO+Lwar8P2MYZfRZd1dEfpqx2jCtEeSTWcKr6wSKhJZ5+VomVT6c3TBTYn1G9b3/q29dZ727a29dYzr+DdZdt67731pr01V+Z2+LA4ZZJAo6oK6nbefw5RVuJPl31ZVEHnSqFIadobOGdZZ+pNAJjzNlxCwJOu25vLWnpaK13VqkxUv0S9Y58FaRhj1IYTPvHeIhrsxlgULfR+g7AZ/GKCjtil0w6pXt/0YE+S7Bk9wWFRFgsdDIc2zHAQG688tiLpXcxMUQRHHpYlb7nkrZNGc4XPbBAIEI/gZFKGtEAwLAmImWvJZsfYmgcRCUb6Xw6YBeFZckFP6G7VGCj99vizvGc2sPf9CAXyw1abfBIk9K3GgdiZ4ZAul8zEKL0E151X1cfdjAOG1trDw8MYjqQm6DvGGEMXgYlV4KD15lj5sr9nIF8zVWSMq0gzDhcH9vl0vT4mun0ihKeddtppp5122mmnfUS2RNNmNPVpfPWD473vL+fF+O1vFa/+8PLP8+f5j+V8T7pSZvs6fJ7nz/Pf0XnM8/yOylnP8xuWwxfKwaoE9nXl8KX64Lny84zMJctJhE21N+2mARDO5VBSt27hw91Y7XzPqDTWMOKtPl5dnOXPLG0r1qi3AKEjUiHGtaJNVc+XeYq3a3wopa0JuG7QqYM26aE1jjw2FKx5VBPlbL14tgPAxUkxzMuZ0GtAXWNwDeHNloHctsztbW9bIAG+CUrdtN6KGwUC61Hpw9MTmSWIU8avwIdEd5OVlDiv/2p2+uSD3DA0l/aokxHtnujrM3ZQFq1Ie8SXxYwLq2aNDkcuK9ZMrBbIdGze/jQeup4cc2DP8TTrHNFvg3mquxUgzKEVOSYLwNOR18hsnJUCeDsomdkNZ1dKYGfxDFO4V2qEPoEIF+BZHEkN9MKzScUDDUcBDYPgTuzEAEywg0UoNA3WIINHiDGTEYJTSNh5hAWUGpyd6UiJJGIoImhOixOYzicP1AShxZvdN7iOcCHEYISOlCFVRpLEYaR5itGgOpljmiy10QIdhYF3qUStHNJTQky0iZIhbSpQUo2iUFokGQPUsUNhA5tawmUQAEYFVUOMVhPE05BLdXnVmsAQwKJbJ3PaselSaFxlehVQSCaFxfp/C3S8DOLFJwRo3bSZawP2rr15A1+23rR9+r3PPvn0e/+If+jaFWZj3/chKuJpNsHemojYoKjIhJ0oQHN67irDDO4JEA7SaI/7/nC9Pu77vo99369OZRr7sGFzmwUHbRJh5wRi0usW9xJpMkUUTbWr9tYEaNrutu1y2ba++f8u2+Xu0ret994uvW9ba70ls7C1llKUsCZy6d3RI5UJz6759CQgUXM1SLMRMzhlNlMRdBRAGD+OHSATyyk/U4Ty6c3yMf2CYDNqJAMO0t/0QrU9QrI+TpDVYD4D5mCsmTBgLTOW2C6IsQ9q7QDIeX4gBZKAi10CHBak6nBGZrHpROYKVTlQCVg2DpZHcxjLB7njjxKMeofJHAbTgqerBBYTvPaA4LD+kuEn3QkEp5nhECDQpiIyRi39piKmrnccyqs2p5E/JpaUsfPuuZTPteOYPXeZjLl552kJI4jy1trWe7vB/GpjEOlwuiYQCeSzVxONMXrv2hp9IwX3fd81aLhGIti1ImOMShtZnSNOqVQVkd57702g+9hr5b27u4PzFo13d3fMEi6vXvVtE4g7mX04bHraaaeddtppp5122mkfi0V02NAZ4wAAIABJREFUITZ21vFNnFZu4rHyYnz4/eUs12PJzfak/A+LY7+3/PP8ef6jPN9nSOr8PD9/d5/8iMqJfLEvXYMPKocV6vnAEupKUAClWeacc/LEaE2GQoW5R53FyjkCZw59cUqf5cmABhEsxYpgLnKfB23SDFUx+QkVVUUmhvIfZyYsVcc0M2FUph4EMtaY0coD0UEXGhwSj4tEXUlPCBclQKK0HsY7InlTyQ11o0m4WPAtQca6h9kgh6T4aO6TD0CLZiveQ5qNUcHWYKJkAsWJkmZFsncDXZgYqyIJItH99WSS7b+MlWJXKGAOvyAbQY69JjWeCIY8mjh+Qo/cruKmRmc33WBTNoasipO8BQ29LStwmvAcxlN40FuRkYppBFgYAGHCEFZAYwHYheRyETidTxqjMmPWFb/NCP4cqxMoJfOHFsgMb+ekKy2Guh0SyluusVVu9Rgxleyr6oEI/Qc8kdXLGYSEQguYrdC0U+MYoXCBGNcgtcXIjD4YiLRtOzCIHSA46MkIxdQBQtJsd1xQQDGP+BrgOqIWqqShpOkOTOHiguZ8ZrhQ5xgCEWlB0pXloVNKVaKtIaCL86Ig+5zPTAaPkERSHMcIytkYjgCK+7oR+pOOOahR6Pnncn6pOPQoagKBDqqyKVqT1pRoTRpbgzbVwBFFm2gXaSINKiINQfnR6KaY4FENgeb+CCEye1iNLhZA6J6waGvuPaQhKMnOhlxUZ+dYBcR1GyQBm+lRkZMbIkCTRgNpptDWgtHWtEn/5O1nn//wR2//4Z8ev3pHXlVJwIbtsIaQZBUozTtSArNDZkY0cKDSpyX314aZ7fs+xuP18eHh8bqPMWzfx74/Ol5FMmHknGiL410cw8KKEyjQXPRTtKtuvW9b37RdLtvd5RKIYN/i/LZdLpfNkT+gNckeg+ODmsuJuIKoSmviaS39X4KOAy9N6bQtqnpdkELEuF6v4bMSH3SJb3eN/orsWFrARt5Qwwhqa0Ika5LJ1IwMmqLeX6yFo7xGNMrccYKbr0Qk8rMajOYjzEgb1rsK4YgmBJ5pMaYTFzFoxqy97ntBdBB4ikZHHxEJ9nJ3UfooH4ZF5D26R4GyZC3jFMVgHCg9TtX0vLImK73Z8WIM1+PDCCaW63jM0Zw0gUTDMzPSE84Sqk3jTcg3xySeH5OOWmq3Vm9PtXmoNnwc3ijqPSrWAWa3Zw7I5XVr4U82Eez7SKYxNDVgfbXKNwERoYZ+s8xyRFwu1VFqAE0bRPZ97PuAz/iYwjOzcpE7fTeJalsfzs/v+76P0XpXNGRW3XcP72zYmzevt20zG8Z961uDwEicCOFpp5122mmnnXbaaR+RvQetkPdGa7/Ntx9y99+mzG/++bso8/w8P9/zuTIIJ4YRodbz/Hn+uzqPeZ7fUTnreX7DcvhCOev1X1tPvlQfPFd+oj2Cw281gkbqYJtAaWZCBakrt0zqKM8VeINErQ5RuGB1cD7wugV+jXZRDndhhrwjslqBsETLXLquzq+SXJgPemuSEfBEA+VYXXASGqPyK/fvGbpeMQiPVtwFD/1WxsEQ2IyqEhkSdzTTJR/d1iaWTGRX6poZpzRG5jNmk8ZzSypeZiELt8DpDmbVjzfVjg5Jgl00ZoYjV4yQkZdMEojKQGnqIC522yFRYV3S5lWz58HKq4gzKyy4HBc6aCE26BnLuAKEC8pYVMIYNvnQU2qULpPISArn1xejcVG6nY9VkrlO0cEKP88R6NCBimBMjHnOy2xHi148shtrnFbtAyDUSB0aeLAkRlgA4dL6IkU4g/OHHJDKSUEAgx4uTkaghTxj5BrEgJjZFSFeR4bundkYnqpLhRgGcVJp+JxsaCTsGiF3BXajRuI0IWQ3YsSICzeYj62BOKEQf1CCckemGp4PchStmQYjaEKTGCQMup5DVhZeKBiMgCKSaTXRlrsUVFqXtok0gfR+0ZBo7qHSHOnqgtEEUU9jp9pDeFI0EH4NNMGzwKoUwC+RWrXovBnCnyNXJAFCB5wnOWydsA4TgQu+P314+c7VNUrStxL+tihnkOKN4bkhO5s02+2LX/zqH/7u7+6/vKpoa2rcBVBpjKnD6bpDo7emfxG5HG0KHdt9jOu+X/f9ul+v1/06UlfUUw/OmZ/Z7QrSYRL3ErRz1U8V0aa9Zw+1tvXtsvXL1rfWt61ftu2ybZettey73pqLiPpi05oLMwLCpt67Um0pZNKnAKPLXi5qvwj2arqwnHcheBqpExOOz75DeX6xSfOlaiRhHIMuWblQ64JDx2IHMpcVzYyzMUjSI1bKxumQ3QOso26YqSrBEdd3Z1e7RGRr2lqz3OhisQOGlc932PD5b8MAUNkV+xhj3zmbrgYwMf0WsrvnMk0hblQokyJZnjZG8M0LCW9lsXM0MjcrEvSGytSwy8Vj7KQ/rGb9nEQYcG/ukqmkjll2vaLcrgLLslG5CQMOdLDd9tzUIbJ2SPzIp6P7fzNrkeRSnt6l95aOJDYY6bLfZaYHLrBRm699YwxVHYP7vrfWOV9WpifJXM7aWhtjD26r5mseICL72Jug9623fn9/D6K11nrPRVNgFvRLOXbuaaeddtppp5122mmn/UGN743HvnRevnl8+Pb8S8d/8Lj6ef48/7s8/xyDEPXP/PP8ef47Os+PqJxgEH67co4I1/F6PFfOEaOZMScVoWhrqk2liY6xA7QBSMXJlsDNEVWLooBl+bq1RSx1CZMxoAzMzG9JFVw1MCtsVGH3CFQnHlO8l6VC7/nrWLMbODPdEpMVEPhgAksFMk2UcX6HCFwnxjMjsFgeKv5coUcPegsEHDZskGzSSkrAaEe2gdGSnIkWLZxVySc4oLhYEWOsENhaLDPYl2OlYLM6HwJogYrmQ7EekBDHBlZcKzhNnDWoYKirlSb8sZI16zOfLVkLie44HmUJTNGMwyw4SYOescyG65kNy76pinH2d4Ypg4oIwBiATSpwYvYXyCXR1ALZyMStotaJ6gSJp+acqkCGi/sxGLZCnciAE/sy5ecB43+uRzO8LnSV0eAx1fAXJCk2AJTZBBbtH7kh00EFj2vETIjwvwVAKCZg8GIVKq7Zac4IU3GA0O/oQ8ErycWZSf5PsYw2o7pgptCMKrYwNXP2DAc0qQmDeRq/9B7uXp0lrMydBBJ5tAABmuOJkOAOUgBpEA3pU4lBGcw/FWmAJxFrrW+tbSpNRbfLnWoLhE8DPJpuyo+0N23auqoKAh103tVE91pLUpfmAwcUl0hfqlrGPzhW3ld4xBUgRP4OiEyE0+/IOmim55ws7NhkkEMqPXLrDc1PWhe92+66tne//vKLX/7y/quvuJv2zuGT1cEZRWTg0/T8z3hiI1091MjdxuN+vYag6L7v+565CccIkl1mxnNeHSW3I4hKj2y62rS1VmittNb6xYHAS+UX3HrrrXcN9vzl0jRplD16TkKD1HMNigAh1Ki5IEqgREFdJ0q9dXEMMaGm6qmZ7eZ+fkzw/biHhHRm2wQamSTL8EFGM1sYorFaMrUx3W0DWuMEuXkCuaWCoKrGLgJLgG3dzZPznMl3d/Tcew0A2Yw0cIxSd/ZNBc57JEGoKDRgXNJTAw7fcBBVS3x87tyQRSxXKkOhv0OsbyMT2pz8WjOKNgYxd4HZCkT0p15eM5guKBFK+AIHVcdcPf0qnKhZd01t8FpxJVqKhMWAV1UeXFheeqNwoLqQCJ2tfOAL3kwcH6NG75+VtV9QYmjephzDEZhcVhLfcuQey9dldSg66zOGiWRGynUhixeztmw8CEi+tUayebPnpiJVeXh86Np6bzSjamvKAMvR0E6A8LTTTjvttNNOO+20j8puNoUvW28rolHnD/FbeeH803KenF93Fr5Y/tPzT+rz3vLP8+f5j/J8nzH6NQa6RpjP8+f5b3+e8zy/o3LW87y5nl9TDtfN60/vi+fq+eR6vlSfGZ88MpCIkMfKkxFdrgxLo4+xAxiOByh77x4RZYWfJ4yUOmrwYikBI8Vu/ckMWORID/hfNsUMSRZWkVbcxJtN9JN3uETL8ykltTQPXwQ7bAIqXDHCCXNyCbVDMsxZAJ/MxsiwpKU44UyXF2yzuJ1U1RCCj5MAF6Q7s2EciSlqK0DXE/ZU27hqGggPVUrGqVNkXBLBqwRwWeN8IJGM/AOi6uUvDcJiK0q1ADIenZSsbAowNOi8R8ilfUQoTQHqgQknACKPITnLOxAxJxfKEqJauIPwAOyYeqOwQW+/MSyRhcjsNcYo/Uwk9uEJz+YYc+JspXFKgHDyThKljJ5w7hJHDZ5M8QTXqwOK5vrUltbOnHdOzVqgY/ParrkGaxoygVuthGjMzvXBBFYc16l1SME6TCIf5jSUZXrAJWBtDFOvYgKw5A5Y5AhzFJM0SblRmhAKETEV9qYylT4pk8/E0tczAzxhnwhEDCIUFZUm3jYqYFAcaxqlqCYh2lSbaKucatIUFDOfngqnSwoiGxhzOFEMHIQN9xMqooakCXqx0gDN5GWSTMHedGutq/Zt25J1LRKZ6FQ1EVfnOztAqK21nrymSJlWE1BcG5FwOMc3QCBpa/Oj8N36R8OUkz2MswIQYxLHXopJAi53+nRYLv8vTdS5uU3b5a47VLNfr4DevdpebZeHn/z07//rf/31r351//jYSJ9E+26vXt211mgU2yV6dgX6wyuO3a6P14eHR19xHvfr/eODo0fXse/7TnDf9+t+DT3IkEA0F+0UoDdV8bWrb9u29e4yob1vvbdLb33rIuh9u2zb3eWybd4dogJVaSkZuW1bC5iKPYiDrbVGMw3WoBa/LZvR59TcJKHLC8IyR0UVoc0IiOq+23W/DhuqAV2PyMoWdLryaSIxx70/9n2ng8jQse+aOxUYWwqExXKOEauBKoJNNf2hg5CO/mY2UGfgxljxdHEBWorIdexIGtzD44M7lmEmAjM4BLfvYwxzUqATqIf7DYFC2ASiZoMjlZWhhA1DgYPLJpiFKuvD2DPCSiXHXRZxS5+s5VZJMzFRpSoL8WqLz88ywosg31Ec0vcOXaEwh4E16sJoP0+jGPsP6D4qvQUth7p7BkuSXCyTRmnRpBzmbsOAMYaIVY/XFM0SptBo7OxKufIx9npN2ratFlMjbTd/v4vmzfcJLqCpjxlSxjB/rVJVH5ZAtIm/GDRtvo1DtfXezOzuchlj7Ps1chBuvXclu7sn9Rej1gg+PN7f37/73tu3renD/f2bN29IMxuMl0cWzHnaaaeddtppp5122mkfg93u1ZYlfdLL8V55Gh9+5vrKEfhcOVIRmq8t5+Xyv9n15/nz/B/+fF/5PzyPz+N/I8cJ/zxzDT+oHOay8cw1y2aTRTRzZrqTBTtLUlNsIncZPBocBGDuTi+hM02M8KBxurL9ZBaL1RLtWMCuCaiRFKjNtFtJwjnyCA+3y9D5SkwEgOdgmZAq4+3JOjgUcnue6/WVMSjYGCuu5TJxC3cwNPScMjJF2IIZQ1hFK28AoaVf1oxBIOmCfoHrwEitPE/Zi1JQ6AH8E1T9M/R5AN5UPRQLwTF72ZGm+d6d/o7rHCiMtx20lLB+uzAIuQpwho7o8kkyKSthuw0zBoFwDKfA7ft+ve4jpNGCenmLhhbgV8nMpPgrMxItM2wNl3gtZukTLLxEY58diVIpmmpYLpwSB3wtQ/UyqZWzEbMzkztmBahGwrwChtQ1Og9MlPqTdRliXQ7mCZ01MoZ5Ci8EYcvCM9EgMIOPkiDcYabWawIRMw6nxEmjsyadS6PIqY/QNm5NtGlzOccmTVUUTeAakY7cBJMvm8WlQSVAHg30xYEAEXNhVAokyHmONFsyfwxCaCYsdBqiQjQaRkJaUqSpqEgPYmBkoAtmYW+bqIS0pRY+uOr5+WlntanAYamgEEKC+qaijgzGYEQL/uDRyxURKBGNtQfXceagzOSXMwHF4mPK9AyTWi6SK9PcbqgEO4mmzRPoGVW1QbW1bbv85Kd/+i//9E9ffvHF3//mN4/DNhVSbB9mbE223qh6f39f2Mbj9Voj+P7xYSTqv9u4Xq+P1+t17I6E7ft+Hftuu2P8DoSpoDXV1i59661trW3bdnFocNsufeu9X/ywNxVtMZbYAkNsBeAK4PteINJULv2SPQdVCfRdiu1ZepVc/NbE49dp6ZPPgpvlJcGGGQyCBizKnlpbSVIfeNF7DJiI5dstXaV/Rk7G6ZclxrbZumOU4fDHGGPfhxlFxPnV/iOJsi0Vlamq5TBsEdH2hcyrFzklbQ8x2silG0qRcevEyuf6mOK6NK5EutqZkfxMCXcNkUDsagcDa7PQ6sBjw0aw/GYn+Up3swL5iMp/8A/Gklcgby5M6c+d1k+6oDAz2aNFQk2UiHPtoQm0MvdvzLXYUfZn4fl1HalGuFkxV56fW1P3ijLf0FRrXxEA6QmsLoPnCA0uviO7qbqDvrUjhbjF902o9N5aUJ8jD3TTdrlsrQUUTaKp+uYAbW3s+8PDw93d5XLZNPZIiEO2vXtyz/e8VJx22mmnnXbaaaeddtofwHKD3zPxVXk5ZvtMnFZe+O1LMeGXyvmQMl+6/psf/y7KPI/P4/ccdxxzrZ3H5/Hv5Bj/7ZQTs+RblIPnzmOWHzS/PK7gdorkKVoTFneKRSCokFxF0OakLp5KLVZpk4MV/++x7mMJySQrXHC1FT45BNcSTD1YRLjqmrgLM2XgrF8QNSNoVvVJPcIpuhaXEnASkk0u11QViwtszfrlUctUySsJSxvmtLYEpRJcXHk+Ny3gdQhoddLVYGaaREcnqbh0ZLX+vJSHBjvGB5dGJZncuNnyXBkyz5sDSSLMHGy338aILJJogGpIuGPGMC176wYaDIAQWJBXMxv7CBTQG9ZPjrHv41otP6amXA2fhfJbkJ93cqEvkBL+ywaZceQVxEnWEDNXIW5uV81ZGPMCANXAFGDiECEaWkqk8yeBfEm2FQCxPBsJ+IIyOIO7WfPUfkQ9SKLUVX59LwImWdhAE5fh7JsIRamgiDmxRoGmUIEIx/6oYirQ5kCeqDpGGAwcEOK6xg7gKFzaUZsrVIaUcCLeKqJM6AwijD+aiJgFbaqpQtQIUow+TyJt2GDAhPFMUG8wAIEOQhcU2BtPm/SmXbRFUBsQaYImKq31w0aGzE9XeOZyPiPpCRBGP4ETC/QnwpRQXjjksmCEc9ZMLvZ0uUcosLzQMsMXXMaFqn1gLV52GaoBdIT4KKHsbN41Ann96ds/+4ufffHLX/7i578Yj482dtICyqWMYaDLYFpBNfuiGXq9Xh/uHx4eHrQ1ADS7Pj6S3B3cN4NQRVpvTXTb+t22XS6XbWtb713VUYW7y+WybVvvvnz13rfWtTWATbW3SPg4odvpV72DtbfWWzC2XSDRXYVGl9VWipslZRLjC8F3kCyvyUx/ztnX0KscmTOR3uwKMSehBYVqVfYmnDxtqPuFFybNE3xq9rogLubMRyvermZzDSIgNoZvwZCR4qM2AiDU2iSRA8T1Jc2GU6rNMDMgxp+ZZbEUPSHFE56l1VomLvor4UrKvYFmorFBw0FWjRU63FKussu6Fu5xJpr16RaCn9EacwroEU13/WkfFuGTEzdPYQAmWonYg1Fwfb1hydzyZIEd1qiw6X0X3l7OZ4lMqQwic21hyfzLfiVnylGUBLFTWBG+xH8g6cRz9TGi1FyLm7/uOnrBFsK2R0SISnc780aCrTWCYnM7V7Z5LCt0Td19wPjm9eveOmlNdb9eSVPVbVtkKk477bTTTjvttNNOO+2jMf5W8V759nHs+Hf4xxFLP4/P49/X8XM5CM/P8/M7/+RHVM7KIHzmEx9UDjOu9KEl5JVzg7tjGCoR3AmuS2utCTy10AEOKthqOVeBJ8BzNM0KTSjxUJ+4XIpwEV+tkfYFIMQatJYlMPU+m7G7RSpzrbXHxdeQq4CVP2qqnFW4c/lvsD7qsoIGC+oTuPDXQi80S5U5jzZ63iALuCuZiMeHXtsrQn6LFFsEPCfrzk85RQx0LscaGz10RyFzS+F1L3qGwtnHIqEkFzdZExY+rWdqccZhETgCGTt2BxcKTraqU3CsGrCgQcvjopgMGyOQwL1ogvu+j3Hd9/06rtf9amMM2gLGLkPW62aWbZct6fmWFvZqUTBcFhIl5LeOxgkwe8otPNW/LdDdEg4qcob/dEGIWXJ60WjRiAIRpSwtKfnNAifTENO7UOeVkqu9tdo2kMNnBoVLDNLL0iVHosAIqjMHAyAM5b0miGRuQtsfRdgcHWziOU4lE3IlEKJNRV2FMxDEzDTq3MRJHxRBAYQKVxh1LM15Toy9DiJKiNE5gsIoyVNj5lwI6VH1zQp0BuGc6eGZ1PEj7Zn01NuyJeM63ZSubLMUEi1vluKxAtXc/1B8QAjUWUeJxkWJN3LYS7g+IaJYBGrLRHqyQJKTrIWAVLKM3GlRk4CLa9fFMXiz5O1cQRpQV3P07HK9/9FPfvrLX/zyH//xn37xz/+8P967GrGggeLzsrVmZsP26z5UxciH6/Xx8bG39vjweH9/f71eG3ndr9fr47heCe7X6zBrTS+XS+ut9b61/vrV5c3r169fvdp6U0nIGXq5bFvvvbmDkkoFSbK3tnXXB/XnDU3IRAvRQltbm4gzep3JNGCgE1Q1kSDWChqcXndyCWW557KRe3YY/t69E+EwuYqGIwJgklR+Rw5XAVYSFlKTSRycMFXCyUab3nUqcGbVgOWEhQqoA4QFFI0xcp2k0UATU20tO5kAoOpSvD7gHDXzhkmBAVlW2dz7U8uTxCrg436uq649W0ztWJE9y+Bh+cFExnN1y7tNViVGYYE4WD5eLkCBwOUdJlV81iT+z8xyKxCWr0hQy+UGhToI1AUoIl+f6FRrHBbrmF6ZhdQbQ0UyEWpuA4rHnvtFfOsE0nUkSMjUUc7/5MUqOsVOc1HBIjZQvMO5CMkBO5R4vmyiIjAzEy0H0zWfO4vxrShm3IPEzyZyd7lTwTCKYL8+RtLQ5hN2EklPO+2000477bTTTjvtY7D3oBXy3mjtt/n2Q+7+25T5zT9/F2Wen+fnez77MWJ8Hp/HH3iMb3b9Qs3jt7kvnz9/W+YaZ3rpej5zPo75/jKlavNifZ5uxZ6x4EVbsCgoJZLXVFsjDK6AKDRP5FXKV5N+AiZuIsfbrhpfT+qxENdKVOog0Xdr85dP4JaXrZrxcC4U4TKIVgAhUk/1UMMD3jWRqtWSTHK0MWijynTqTFAu4N+PWWCgWof0QtV0Fb+Lx4kWe9KuayNlxJicTLUZzYzboCKza1B1kbFcWgzFDTmorT7tixVrrKh1JaekRhD/SEKVNURb4csS1ssWtQy5Z1+Q1zH2PShJDhA6DLvv+/X6cN2v1zH26zWQxYJks2RvkbhX5uybvS8RU064apJRVNXGIOmj9vj4MoOli2Dg0juzqUWhjkuhwHi2pjkhAg4Ooc1C9hweCE1NOZ7POLVIB/OvuMa3ANRk771nV3PdCZDss6THAgKooKknfvOzjrWYRPDak6NBBc2JcgAwpEiBKk2hkTaTAHwrgqRvSXqdBo6SycGKHuO1KBQUIW0XuJ2BoZysqhAGRqhM4G2OdgBQqAJiAWxUVj+Zw9zz26m60GggEwzGo2NQNWcxMUFJkFIO0w3q1B8nbq5eza9H4JQpInrAniej7GYsmU2MOSftoR8lOaIz+B9JXovcxbXMhWJIJEDIEq+MBJOiCAnX3cabt29/+ud//vOf//yLX/+6b21/fNjv743oUKPsu10udz5JH/frtm37GI+Pj/fv3r16/fr+8eHh8ZHgw7uvfvPVl/t1d7FBgfSmn3zyyZs3r16/fv3q1au7u8tl2+4uW2/d5YC7Su8qkFAOFRGG4GYx4ZsLi/ZKT2chEzkXmpRk5HAmVlMJwhypikhLOL19zBh3NDQThEyiu61hkVNXXAN5RD5FEVE0JWAMlU5VFZ1AoxzQI7NBiJm11oYZaKISK1TROpmy2U7Xyl03S20nfGkDFu4zd0EIPNdovAuQuw144lgGCS8lO50dLArxZHiuwrtuEFnw61p+fIAZLDJ03iyj3vJjjONCH8uu429IHu1yjdSyxfTnJAkD4Ih4fbXMIN5Ia06J0dx0sbQoag1iJcfLrRUWdVpeFYy5Y2QunkzXbTRHD7NVaqFLN5YWlS+gf77FHBbodeV1hM9H9frGMpdwTjA7WHpLIccVKttZw3Gs+SzzeLaYN7CvtnPnk5kG/VEYWus29v1x3wXol4uqutotskqttXp9+eC3u9NOO+2000477bTTTvt9WAUIn4nZCpaNi4dr5BDLPZR3uF5ejgnP/cIfQ+z9PD6Pf0/Hvf5tKjFFzuPz+EOO+RHU4VvUMwUDn/ltrBRfUz4AvHQNY0P48u1afm2ID2zDvMAUG5UmsIzvxA5ylRXb8NCbcyuKTQVIBNq/RiiKFeeELDGpZOPkhnRM3KvUKr0GchvXXsLfjC31zGCihKAgg/VSiNekR2GhEmakl0aENFeFNWmTsbCSBp1vN4OWroiYscV4FtLGGPvYzSx144ypZLmCCktkE8fQfyQ8Q+61D/5UgSySnI356wXBjThooL0qGQ49wlfJ/VhcdQZvCwuF401Rm0O2QnfnZubqeTaGRNovCC004gRCZRY/4ThMLNKsGAnMIDeMcI7BMAyzMcz8ZP3XOIbt+/54vV4jC+FeVM2xIIxIPbcY5h6whiLVd6VUXLHI1UbMOtXgnBI2Q9soMF0mtoca6PNDPDuajxQlErAFp/gbIzTs2e8OWvTavKEcbtLIVydJRRPPLRZcNNHg3IkjkqvMXgwbqQSCq1KeZyL153fsBM7cIzlggYQIALECCF2IU4GmFGGx4zQ/y2/01pIJEw2V2A2KeFcEG8CBvakTich9JZHyzd2mSEOjwERAtegsTFoNIFCopG6hOLPQ/UQScxCTK7HkCW3qAAAgAElEQVTLZXQn3THkRrMBswcmQJiti1AHjPminnLQsYDAJXVBAPUweuZ95XhQ8zE5bvGMxcXCVBIud0qpjG0mqHxpk06FevrodccchIqQavXbG6jSoE1N8NkPP/+r//lv/+Xn//wPf/f/8Tru3nzagev1CuLu7m4MF/kNFD+BfH7x5a/fvXv37t1Xj4+PvXcV7b2L4NXd5Qeff//TTz99+/ZTbfLq7u7V5dJak0yRybGb7a1pbyqkgBrUxvoHGkXQukZqs1IvzJkc+R4dhhfPeqfS4BPNXIrYAIXVemWewjJ9cZK/ATpW6G0fACEIg9kYIS+ajGezQRs0ARQ04dj31BuFE/gQxOKQNnUJZRE0ihHDIKAqjTAKQYdF/aVhijCbr5K+D8RIlP6mFf8dkZqwOt1iB4gJ4lHD32oQBIsoa7knyJdh+l6EfHsJpxFD6/AP4zVlYy7pKdGpMWOKNO23MBqTOSfiHR4dUKhtgmSxKtEwfFNOmxkQsWhkR5pGYF39EjqNv0esOC4WClUnHMNoMDGfoUYbg8bYANE08Lxa8QQY5rNp4SdOvFNyk4p/E/hrQJIhsV37F3wgxosbQQlG7wL8r1ucDimfa0fITk8QSDNd0L65tSs2cUzomr59KyiJuSXGfRyB/fEBgkvvvfcmLp8gFO8CqkrfOgSxS8fMt3UM4M2bNz4/8y3l+f1kp5122mmnnXbaaaed9gezitmWnP8ad30Wy8iozyES+1Ls96XzSwjpxZjwy7+9qc93E9/+rso5j8/jl4/7IoiD8/g8/l0d8/dbDr/dNfj66/Ge+uC581kmOSAtVX7TQgLM+T5d1EQ9gRLNo1sZAC8EMONSC33AI4B+uyexnhX0WsLdEd4OXCTRgAWTSTW+DDhWuc+S2IQSYmWsXKcyaUHLbyt7FDPX3cT+PHnUESBkalS67yrFypDkXK4CJ9vNZiKjKMrM0zkx9UhnwrJZIHhsLqbq2M2zM56uQmxmLm8qopJwwEJfSHi2orG8GQez/Lo7yTmIiASfGdQtnW9HVfnCKxIir3gwc0zOblxuOk/lEGPiwZL7pxijYEGT3VwkkIRqa30zV8N0PBtAYJaaU0RUNKAgY5HxqjW80RPum20YVxF5uvkY5nyFm3D3ghSt4x+AtNYCKfK8gEnrVU9yF4KIFJGmTVsvkMPr3lKLc2VDOYbhNwtMGBLfI9E/11ec/DOf9Eg9RckZQ8fIPfuVZibGQLaYmwqQIp2BDk6AUDXJhfHpCKIkBhc8ldoeoJrJ91J4M2GS8gwydxOgOH+SI4eYWbrEk7BxeibMAe0XhFJh/JzZ9hLAWBIVYyTMLGoaLao+FwJRlYSFD7TNPMsJwEaOxQBTTIRJXl3Sz4kc5kM4T1mdbvlGlRXhS0dX3RinEwFN7JEILUEGQLjsfqzW0pjRyvDOmj4AARgKycubN3/005/+7X/8jw/3jz//x39qNOxj2KOL3O7Xx+v1OsxIPj4+7mNcx76P8dW7r3LCcozRe3/9+tUnb9788Ac/ePv27evXr7beVXG3bb13AcwGANBsqI0icma3O+idKfGath7wYM5XJ0D6PgB3HMk/pbGWR990wFFp/orHbJ6XNJrTCiD0nIJhCRDCScEsdDD4i5591uE7U6qLfiK0Mq3y16oEv2zYIKiiJIbFxRqQpc2lrFb8yUqPWZLUrpC9NENSHmn+d44+qylCw4gZZRQMCZcs7vVw0DKFbzRhzFBOfy8QjbyeXBeUGr3GuRUmRC81ByeXX7lD8L40eRlGknzDYZIqVbrOQZ2rTGXIy8ki0XT1IO4fQkKBsSmk0iWS6v8ktzQqCc1V2yqn4nHCHrN9otbZ3LLy5GVmXph7d+plTvzNLCWYlxx+XEQNEGRNFGuW1hax7eWO6+oWTtXPhGDvUoiPPdJCC6G3tm1ba61eJH3ADDMFXb1eVXtvvtvCb9BczV4kksgug+S000477bTTTjvttNM+CvuQuO6TY/nA6+Xl8pct6H/4WPp5fB7/vo57YvITV0d+d54/z/93ez6DM89czw8qB8f9+Yfrl1jTPJ+cRTOnuAmhERlfAA1t2lqjNdqoPeklVphM+ozb3TD51njTEWRCYlpTWqvC6hVTTwkszSi5Qw9ValUgyn8BI/QANqUwwsqcl+vsBLISVnMiAjOdYGpSmkeJY202EplACosGpgklwT8QJqVlmVnxlhOWKpeJQSTSJSJIHlnZKpI245/1/HPM+H0k8+YFUBGijAu/KHxv5kXiobBbscE6ypbL4fmkyZdeCIbhwqwK5CT/9oviqILJFeCOXtP5pze/C51lnDSxZBWlqqWk4Bj7GBCR3ppt+763/TrGCB1S5watcdsn0FM+T8SpC9Wp+GxBVPk8k7UHWR7ax7RWG6w3ZQm5FUixtGSwE0uLVVtTbQAq15mItNYjk5oWFRExrpIF6JFYDblSdaHLJnHjKVCpnhyvJbZeHQmAiqbJ4ZUaKULNjXTeZi4f6niqwvP6BTLiScUcsmwht4nINVYcyIDdcmQtCJ3K0sgylUU9mxoSmljGYkK2nkVybjmIqmsChBl2T4Aw8z8W7LkE5+uL2tSQnZWjY254WDmdMZRnMsIEQYUOskoyNBP0jtkLFAo760A5TtJ56TqJ86vyHBKOgpW+zL9RBgpu9UvGJgsa4DKSMCqS2OmDMJ7JISXR3l5vb//93/zNr37xKyG//MUvruNeWrPdrvv1+njd930MM7N9jOv1+nB9fLg+PDw+eDVaa5e7y/fevv3+Z599/vn3f/D9z1+9eqUqtl8V2HpvrQE29kEaOIbQYZbetPXmG1ickksLxp5GYjMfzTYhK5ltFmtBEgEZ4wmlTknCOEgwthlYIdEcNmz4rYeVXnSIFXtvJgjDwFnN85rGcgCjmlqtQkazAZoj9YyxiH2QEFUTqgszFhnxKIiN5Wm4eEhPk4h9uAovxsC+7+73DZa5jKnJGly2cjgMJWbDR3XQJEUwJaDzvznPEpxLILH2GeXJFRG8Ac+Ciai5EDqSWqN/sZtXi0SwpJaMWEbARoiWNylcDssrDDVxNUv116yhkGIQBQGx2EtDdd3sxIaNEFhOBtd/riGX66YsS11yc6vngtGYj7YCZbIWE3M8EO965CWzbLzr2TCKI8CeW1mrDf31bozBG7+ZPePdRtI3cKioM3VDUbu5Y3VC4DCz1nTbtt57pZ5UFZHGxNVVVMSa6qu7V6rKVE0nTaS1JpHS9AQHTzvttNNOO+2000772Cz32T4TX3053vtMnFYO18sL5z803ltBjt9xHFt+x+Wf58/zN+d7Kv0dPvHkzHn+PH88j292PZ+exwfcFx9QznPX8wPqyZvyl/rw66+PYy7AzKGedV9wXknPbKS5R742+jtG1Vojm7Vm1nS04BEAhaYctpkfEaaKT+OA4t3aEUNRWULsS7xKBYpk1tQNZsocCJ67ibdG7o2XwsNSS7SQwgk7FQeiAqsQAwdTRc6YzArBkokndOW8MCnwjTSaFi4GmKfcSX1RR6qKTrRESz26p0l8kuO3EUdG85RgmXEKtTvJYAJVmAMOBhGqiLQYDhQuCSvNRoUrEdSLpaMrbls9Fb+MjHMigXm0mTRy1lmErbXkfUVYcpJEs6dWgNAhHC4BUzWtnqoUR2VGio3SozPSuThm1sfovQ+MYeM6prDhPsawYcnXyod1YEsKmVmeHcWfcD3JdQAHdbGmwYJlxVXQAz54pM+qIuC9hJGOjR+ClJW9UqU5B7LyfhV3ckGXQY64QDUkYL2wFn+T1JzsOdiQ0sBKSYpKVSzy9Qnm2PGbcrINhX6nVjN4IsQMxVbnIQoTYQs+nAayIyLSmgautzAlecix5xkGE2ILgLAEUhfvEZH2sd4LTAYPZ9NluyGymGV/DjOqo5qOQOqECWMXgedpi56u4RBt7zJ9NsdY4LBzMOS7UADG/rBacyFnWbis8I+HTlhd4IFWVe45CIIrQDiRw2Av17865uaSQEH8f4CwQRSiEFACTlFQOWjadAiE/P6PfvS//G//66vL9p/+9//j8eH65pNPrg/vfv3Lr/axP173x+t134eZPeyPX92/u79/Zzau16uZbdv24x//6N/95V/+yR//yetXr/bHR9Jow1Ts8dqILqLSrxJZ/bgPXyFS0RpA0JKoCMKrKoSDI9Q0q2sCuxsF9IekM+EOJHhsBFRotLGbrA7fMFngySAcIeOZyWV930IrkEpFHBw1mjOYXW6axYyNJWiEnis1ADJymEDEhmDYGKP0hPd9L1dwBAvn6ibBpIcBe+J5RuzOxYz3jBhSBljNTZkvDQFfibSmlihO7dVwPhhpcvPLcmYCMUkU9rC4+BQN3nwsbyvHju6fZAqGr/7n8Gdk4EOpl5d7rOVlxftBUMJ5iBlqx08sze7UKBYbQhoxAmAl3a0jQMBoDovdQTHXzOZGHwfVZO6mCqcVaSwnQBj8vFrj6hEyESDWxcSXvZVAve5REYC0IQfYzcxiLev9ZjXJDIhJvQR8DwqAJqoS5FkFlDCa1BgTbNtl2zYRR9O9w0RFmgpNzCckoE177+vE2ffrtnV/ZF9gzXDaaaeddtppp5122mkfkZEvxJkjZPtsPFkO1+c/rZ6WI/Ji+XKICX9Mcfjz/Hn+d3i+z6isR6zO4/P4g475rcvhd3TN+69/oZ4R0eEzv6V/8TXlZzANyOXlhfvithwaKITC2SMJGJiZiIq0Cr9ZIksKsdqCD7iWVMiJPdnvvsAkBzswxkQq5qcZX58wwKLStxR8KCqR12XVDp6cm6uFlSSqYNmwP+tc6GB+Vyghk+2xsDMi3FYEDrP4hWQ1kinilAlPvTUBwiCEpTJkMR5siZ8WGWJiYwkMiwDSIgQeHSsh70ZRddaWSuZGQ4kPTq1EeH6ghpaoQ7bjRLiSLSJJBstYb+pLLphHgYCawFWyRAo78cx3knw3j9TGi1OkiEvqQcrwtdC3hC06rsYl+i3sHo7Pdi+hv2G2j/1q+7Bx53Kuw/Z9XMd13wdjEkyQRkUDzMx1KUDObJJECGOmJaGt3vLqygaNXFx1YVH8gGz/nPrrkM9WRwziDPMOM4g4GyoBVAhEW5sUHKAIayUxqqqGcjLaRLX6DpKIZ00qQixBqKmwH2Fizz96iLRzUQqNkwrEdcFx5WyzCs4L/bfZPppv1jebBJy1zErFt/iGxFehqvFLDc3OcoYxikkrCBYzMd8SSydSms8BwkxwZhAZaEIRA5KiVhRKwlY4HAV8y0yjuGbndNSwrSzIOaOR+oWoH+SNUid1ur0jg3D6Q8LAkncMHOzwL5JodJEbXxo++FhepAQt+ePmsGjSk+lYsmKT5oRrf8Af/vjH/+6v/np/3P+f//x/X9/9hoL+6t3jl9f7x8f7+/sxdqPtj2M87uO607j17Yc/+OHP/vJnf/TjH3/69pNXl0sToIkNmABC7U0A28dOs7GTQ4HLtgEHwImgGce4BiwmQo5BEdEUkg4PZCk2OqlXMdl0SVYXK4mzjimxLmTSO2eW09KfW6BDNLOx78GhUtZUNmIYh5nRWtNA/mi2M4YogkAdfZSL6iATCU1eYwvHWzTHVVsyoaJlvITgNen5X+l8MkwPGGsdgtHmvPNWbuk4XvlU+zrH5JwDWL6FLRIF/u2zSKGU2yEdpaO6BHTMtXrGelJfKB3Wba3VMYnee2a2M4ZQOC1R/AncLvMz8qm6fw1pACtozgxmQzAANlV0VRGjS9EWhgdd8DYmw2+YOS8yYbxW3ed6toW2Vg8eNl1xbc+5NqTA7EGnQXJJVmhrLWji2SsEAatOJQeJ+TZCBvUxCZqRv5OkjXSQ5mrqIui9iXQz7b0hNRgchrza1b2lqm6qTaGiw+zdu3e9d4bqqfS+ucSosxVVubBYTzvttNNOO+2000477SMweSn26wHZ52K2Mil+Mx77bDnvKz8iw++LP7/825v6fDdx+O+qnPP4PH75uN/wpc7j8/jDjp/n232TY3xH1zx3Pb+unhUqe/ZefK784/WYx3iunnVfJGsuyrGxizYR9c36qBBhRBslxeTQWhuB00CLoJcwXLImgAwLWgWvA1eTun/mYcq0XRk2D8k9B22YSNQKDS4xR2R023lgC8mhwBLL64WwVHIt3mcqgRZd0IPLyR6Ch2E5EAqled8b/lrhVY4ZeitPeNA8oDvGPsw8LhxcxCV4fBCIc/KXWauUekQhOshXCogzYgIPag4BhhaiOisNqtqbFAzUWrZowCkFQFX4NxtMnLLk1yQVZ0aKkWAhZ/cVOljoziRgZJEi2rRUF0VLYtKfLF+MfMxSLTrE0UChrg1lQd+J3u/J4jBat9kvRrvabtnyY0Ssf4zINsaMyPuThrZlAIdJqko53In3AEFPWzMfQhNJcYAwYJ7MnyfV1P5OVTcoqCaAWdSfGTKHeI6upDCKk1knPybj16EyGlkLM4JcEF8Qp+ackuXPkLifCpnxpTdn0A2XyL84vVfTE4AFncW0Y8weKXRuDjEWEzGIw+m8ZE78HBsBKFZavnpFdxC8YX0+lUIjtW4YUPrURp2l1KBe5m7oLjq9SBsVFGfMMKG2/HnwBX1vQyjCSlQu4/SIKVxAYv6ZXYyau1qdn/DUMitvyb3PAIRImF2WpoTPlyx0/kNm/notfG2XuHCYQdKBSugUZoM6udNrqA6aXrbLj/74j82sb5d//oe//+d//Ptf3//m/ssvHmw87Pt+vdJsvw7biSGffvr2xz/60Z/9+Z/97C9/9vr1Kxv72B84dtqVtsNMaaKeVpAW6fcKW3KOHfd9TC8FIQct6VYqOdEpgMkKfYcfDpSlCGqBaTmvTkiM4C77wjCS2JprRu4oscGxj33s5ow/V2idrT1sjEGDwDKrrQXd0MoL+yQlxGanza4qqtkOqCgzz+6BDj8lpOOXDtaTEFWEPjYL7Tfjws+feDesxryQI3ICwhL0tphnOdwik1zCtpHc0yHJ6LLFYS7zf8UaS560VuqcEaxtJyv8uQKNkVUxl9dlGQr10NBcXki2mBk/JbsxVoNqvGrVpZWAQD1dedapb+KymU7Rm+8C6dnqgUkbNiqxpQ/owtZyZ8XcxpTNEk4+8f5IM+lDdFL4gwg5110Vz1dZs3buqZKEnAES+SoBkDAboaSgVEEkzhzDe5yUABNFnGVYqCQgFsmbHY8XEJO07yq9Y9AGwNZUW4Oou1wQZql0fNppp5122mmnnXbaaR+J8aXYbwZin4sPy+E8ltjsszHh58pPBuHHEXs/j8/j39NxD9wb5+f5+Y0++Xsp4Zve5en1L5TAJAo+vZK5of695QOs+PHtlUwK2HPfmg01qgorqV1Bd448aVNpToZhU9uNmcfGg0ErwJbk+ozxZYTSzJwzU5zHQgrhpBvVkKiE+Npa6MSTVbkipcUCOoB3ywFTOSzhkwjXWaKDE+qLLEqApxz0QKHRxjBpkXCuWgfBE6HRqsUcryo9V5qZ7cEuAs3Zgxn05DEWz5sDb4OJDyTmEJyvoPBZEEDQRNE0eIjFclNt2vrWA5KKTFyOoDjpM8hKjgGLywYmNpN96ThHK4ApsTPN7VAV9n3GAkMEE2VzdE2PDEJPb4ZkYU7MI3T8sos0x1OFcVOhrPR2qzeL/0kINo++T/PjiLwzBeEWWPOA4iRAaMmNmZkCJRmBdV32nhML40wQDZfxvNJllkFeodwISCeeqKA7CWiiX8nggaTkqQe1o4UFpFRY+iZNl0ihWMs+t6pETL+IxAdbEUG2zNSADKg5NfMAIvVFj5OWie1hxSrWWVuDugY8auZWHbPmx9YLmHmOuNS3VUhkS0UN9vUpdQ7z4omlT0Ciy0qaoCUdz1OUHdhLC/zgbkxlUpEShJdMALoCxNGMOp+IMYOTJYaCPQIP4YoSHeD8lT1UMMwyl00osMM4O3qexQMV+FuQrlResDl+lxSdsiR5XQfTm08++emf/dm23d198noov3j3m/GLn1+BK7nvNh6vY99V2mff+/xP//RPf/YXf/EnP/2Tzz773rD9/t1vdjMbu9lOXl2eVURdvzlwfxoECVsAgI2RuxM8z190o4iIZe5Vfz4XbywxaHAlamcSzUXUkUJwjCkC6dtBgqEIMc7VxDnKY6RapTgbLTaWuEKye1AbgSTNTLSMgenzDnQyL3Ltmht8HNIjLVVPa/QGkHYgn8Wj5X6IdNp5YlEizeniLou1YMYaWkglfQiQOoZJbBnyxVyz/ZlSmjRYbu9YUP/8OzDrmsN+MqYgWOOWc7ZlAdPn1w9XCn4M/uTkHXZlxL/QpRj1yTcNkE611XQzqkOBJFPbt7xHNLPWe5oIXH00nGfx/qMTY7gamRtsqjlCrDU4usu2oeIjJjroVbBhnupSSh9gWT0nzuvriplk1Zn5i0s4PKHqyTMUoaufgkSoCXt7jt5jFVJVs3gJ1eavEzLh9nwdgSOCZvseGKFqpU6EHgBCoXFMsYbTTjvttNNOO+200077OKzQitsILSTFVW5jtnOf79dd+Z7zKzfxpc8PRFJejC1/w8/vqpzz8/x8+fP5HITn5/n5dZ/4ZtfztyvhyTXPlPPc9fyAu/DmW3zNXY7XA8ULxHP1nAxCzitJiI3BNhBQWkkXRtxQVdG0tdZaIwc9NRFN6CwdFdHiR8womNwuoxmEO5yNr5o65yAKnIjFDBRW+YX1RYiTVfjkEKyciTX4lrHK1FVb9NtmNsEE+TzqCscBRzJEPENREgYTgGLp0UUAMSLBg8PMTIQghye9yxgjirEjUkzBfATNsF1Q1dbAO4XVVApIk0BWW3NwoqWpas+DAFL8OFPRMZQzS9AxMQwsFC04QWdVwExgeOF8cCaTmwjb0onBS3NFtZIknfiPthVmntHKCvVWU2f3+58ju694GFEfQ2rEAsI2nLs5xWAzsjxjqYmFqAgTzKNKC2BJgsBXtsrAFha6opsrGrVA3QeMcG2xOqnLeCjEkgEQStE7gJD4c0m9DCJXC1dmKCzHIs6mDRBrTTM28SfhoTcLg18ePnIN+rTtqok1o9SCU/YWNyhU1DO8UZwrHMuLkQXZylGndf+19cpm+sujzYtLsE4Sv80arIBffXolbbJ4ODHn5cp6iADniz6Tt9aElJNDysQMs7tzSEQsvXD1o1rg/DPbM/2Hvz+BKTMYirjLj53hlbsb12ZY5rnUTedY9SeIjlkGzOrNVx+777sAW++tNWdQffLpp9ufX+7evOpbf/dw/y//+q+/+NdfXvdBwcPj4/748IPvf/43f/3Xf/PXf/XDH/9IVL/88tf3D1/RHmk7yaYKtMSKctqajTHMhghYhF7HzIYNzryt3khOKVPRpi0WD5CS4BytuLnrvI5eW/LAjTHqSYdFQjzXjcxsamJmYx+eNE6LsQUR8bR2VsAkCLiuKIyR+45zWRT4ZoB1vJlx3RuBJ3YjvLmeGeAE/I6rXo2H9DyRSRMJZ8UIdBrqIitaAyCVIaVGUfmumVYwoa+qWCGyvtfJ1UFXL0GU2mlV47BW3i4TIuUPC7qLrT8kgN57gnaM1R928zjkAYbPs87INUQe4niUFZj0/RiRTDHdmKcOTcVrjt1EKGIx0jLHcPVIbWNY2Yfru0FuH7ldLhFDdPdmvqWVZ1bpfd9nZCNnemF4DuONYeGMmoo0DI5hZrsqVHprrffee8vJEhueBBTpWCBPn1Dep9frdfd3oDEAUW3+1ue5DzV9HyAq2LnX4nXaaaeddtppp5122mkfi72IVqQ62XPfys2VeCEm/CQH4fw85iA8P8/PfyOfmYOQ5+f5+Y0++Xsp4Zve5en1L5SAgKu+RX3qGO+98vbbMYaaNTpm4DPR/EChqipsrbXWG9nGGCbD94LTRduksvPM/FiyUpaAqZm1MLSWIKyugcVlS81xIS6wMKNhrmuXOOmS7qh+VQeBCEGA4hwk1ug5Ai3kKYHMdbcEUjPhnYQGXZaeXEAzl86ykAcLYUsiosYGmitaMh5gIX0gIFEmI0wgyf+pxGyYkVWV1ps66uckQQ3Yz3l5rbWtb44LNlFtmhCFSh5C4QBhgjCaaIVTnSpzntsCENZ1qli1JoEbXtfxzC3FMAssrlUGQ5ekcBUzXaLE2dmJWhki3VeBvgnzSqYsBGGtBZQ4k0zW6x1ntF0mnU98IVJXQNUIcy+NJAv3YuJZy08XgT8c4sg1SNeJsEZ7i9zlP3KlX5kQeLLiJCRPWw6TiZhD/UW0dgxEOzpDNpPbyfLA6llIwxcVkJTBZzi51PVhA5xqST3VyYKcackk5lth9boy8+ZMcL+XjeZzo5pK8sdz4B1B6LIW8rk3w2yh2SEpbwf0K06Qqwta4u9cKFYFW+SpdeSvnm2taqb1Es10gAeMTVbweJZTFZR6+lXleLXqqpaJzeZTynKU1EaZrvHWzWJp8Nvvpbdk1GHqM67VF0rXrnC4GJ6ZT8jWth/+6EeXbfv0zacX3WTnf/m//s8vvvjy9d3lf/jpT/7yL/78r/7Hf//q1d3j4/394/1vvvyydfW1Zd/3Fl5ezGg2HO8ZY0+V0eQgCZxBmEiMVQJIr7EZIZbsuSKuuV929h5qL0VMAQETNUmGXw7x4mCl+m75piAIxr3FhkOZLElMWQAe1290eFxbAwsEC18Sfin3rYSjyPOrb1mz1S7CnYTAkuouyiqzuNcpvI0FHEWqCdQgzD0kx5R4N6P/BrhCcJvluObOH61nkiV7uExQ7yTrXZ/uOpjT9rgxpeQNkCCaax9M97+g7dW9c+5McC48ukBAC0KxiwFX4bG9gQBmVtqC8JLPvbI6czdU6A2sriWSSq44KD2Dos3FohIh+26iOYkhqaM+kfxknZrMTRK5MUGk9x50TdZbkfkGopaeIxF03bat9zbHp1Byh4Tj7a2hteZza9/35UFi84rvYfJdDdHpvp5DBZxK96eddtppp5122mmnnfMPcAMAACAASURBVPYR2Uux2fd/e7xSXrjyPSV8SMknknJ+/nf3OXMQnp/n5zf5xO+lhG96l6fXv1ACnn77TetTx3jvfW+/HWPvNjzZFg5Rb4GEfpTvPbcR6c88pnMg0R3WzAjUFVixcF9kRYDkmCKoWsG39k9E8GgL7piioUuskM9dicgQNYmWVayDSA7ozcttJr5DPuuM9kVqsoQHyeEcwwkhmNNCGPJfZhwrRpkEoiBZLXH5wg9UFIpWIMkkSCl6744RNm1OEqzEeCramvbeW2sp29omQCjBY4pshZpyhzgEVT3EHz0W0c8DQIglxyAEq93Qp24AwnxAnSFsLGyJJzHfFSAMPucStoYTOkLxb4nzEpMoaCRMiTajvXGnYuB6MDQwohmvXiQ4VbVU3Z5DpyaKszz7U17aEY85YIQrXWxtgMNNyMpeuEjzurKl1qNF3aMpgvllY1SCMs8/tlQBCdTNJ55VrNpGklAtac4mE09ZxoEtE3qBKqCO2wZ9MDF+OdyGMqPtWIDYF2VsnxIH18sOQxET38XRMsQvNxjGHKBZh5f6VI4zqD4nOhiz7RYgXJGMm1qt7ZAnJolwGUPLmfmwt3Nw9tGRXrg0AqM0HoovUx+CiaEUFDnBIVBDX1YAtN4ZiAO27fL593941+4aZRO969v/+1/+8w++9/ZPf/LHP/3Jn3z22dsxru8e7/f9QRpbFzhLC556c4yd+3UUcrtockb3qStdB8rCQmLMKKEeKe6onZftys8Axm1RR+4sQ9xyehhZcFqZSp4Ts0nKlooiFBvN4nZHOHYBrw7QMpCgWiQZRQgvJ+3wiA7OyXLoTTjIGRzqoLYL1uV48tIFIgm4gqR7u9vZJKil+XagLk5v2esw2fAOjz3nBuewXSHGdSnM+Tlzxdbavk6o92CEa0Pli0Y2k2B1s1nyrGP+kJJbqPxVQI69Ri7z1B/EOOhkQZ89fMpNXLcCYNlUYke25aQYjoM4OUmOuLJJS7DvZruJk0FrMeXNE3ozNVXOvI+oNyB/93AWoNOf85wuk4UQ5mKka+P7Z5IId7M9xQMQ0tzVgI7/o9QFbl4HTjvttNNOO+2000477Q9uL8Vm3//t8cr499lLMeHnPp+9/re45vw8P/+b+uwz1AZktrLz+Dz+2mN+63L4HV3z/utfqGfGI5/5bSQn/Jryc1VA/PHifXFTjtlOjpQO44ICsfIFiQQTzWFCVriKobp5iK8lPWsiJ0VlWq1UJlWKXZFPsgjYYZ6PA3cXy8W1HPupZzaeZzqmJcNQwH+2ZGo67Na34kV6PNDgF04g1XGlzGeHpK5YkGdorkM3izqQluCJjBwQUWRcUVRUmoeXgwfmcm/aQli0Sd+23lvrTVVbb9pbb72QCBXprSenUFrrTVJXNGPl0Apw6hK5DtRPAzkkeMymVmnTEqcSfdqrMzI4//QHjsHpR5Ekzy97BiAknFahokX91Ix7F9hRAyu5hZVTMFEEjZSZWXTgUzOcb6BO1dkVaZHsKVGBRqw+oJ0SjhQHU9c9Y/MJJldxebg50j2WvTLlZqOxyDSacJIQmnqUOVREFalEO7FPBKljFmvFnFz+wwyR32AXs9dWdo1G+sPKpqhTUDM4iX7d0uXrHNQc8shOxAHtZWbkWjGPmYgwXGFCbs8Iihao8CwIkfHtW1RsdtfhYEEgoiUoc3DILQ6xfFVH0VaqItCcVLJ0+ZFuiIWKdID4AkxkEWeXRqumBlZkLycannGlkovKk9bJBrj5Koa3M9+UsVsgSFUL3KitMVnSmtMi0TrZ+vb59z9/87f/05vL3ffevPlP3/v0e2/uPv/s7ZvXd2bXfTyM8Shqr+66iAxHIUQBswEbzjSymtuo6TtMijlp9dQgMYblmBFVNYJmOA4CTuePMczMcY7mlTfhLbBUUxo54TiXixXZypyqvhIsY4vwxcIYjPOUmUxgybHB2JKC3Evi3TYRuCM0lZ5BhLlirV1ZVZrex2ErDbI4J4OQgJhZazXXb6fIusJO0mEu3Tff5jTB0ccchlzNJM9Be4MjFi1yQQcXuYLFllcD1sSR8Dj5xrLcnU8KOT7O8SlIEYk8tNHmujRaoaE+mZGbTpiqoMglxN9HrLC0I6nwRmBgtkPIETjj1H0+YaSQKkrhjWeT9D+qWqj6oTcXD73+trWmVF9CkQChhxzMkEkxY2q3JiINwrVB6kaOI7rgMMl97Fu/+A4l94dDHXEMDF5EW9ukGvG000477bTTTjvttNM+HpOXYr/+b6HnYraSjKg1HvtsOe8rPyLD74s/v/zbm/p8N3H476qc8/g8fvm4V4Bz3Sh8Hp/HX3fMb10Ov901z47bPMWX6rnG0m7KX4755OZcTryvKnzmXsWjAkHs+9VsGE3FAIE0FYnIZVZOVVrTkUQ0C7aBB9wUtIzByoyWApHPLeh2AIOGBHWKmlTym9BvXOAoSYaNV3hhJAGVD6uQiBUyrJapeFdETFmhq5Us6NmnAFCQAqE45GcScFipjMKCk5XEwQhpIrki9VuakYOkQLOumq8EUtCQ0ePRQimaYAuiFovZJa01aapNWwuBL22u06WREai1gG8gLZAcFZHee9feEo1ltjBVInGaahGlihWoEyRiAXhzqE4i23r6wDhZu9J7riLFxIE6cCj5yNBSAUNkTgpNnPjFEzC45NdMLP5LG2QXsWBr0pjheQ/vK0hR6esUjKoy+HAQcBWHzHxOk/+aKbJunmV5nKIoyfH8nAVLoDkyLGKJ+wMoMV5XeHV8VgVMdgoVYuKTb2J3Ps6RIfUZ2+XwNHtwGcPZkvW7leAigqazz1Uj26HXtulTsLiIZSBgtqDQt03E7FXhKti3DCcFggFbCTWPGOHNT54OLZ2anvP66ovsjmqECUIsGzFmsTd3nLcueUFhkXVzTnHlENavCgdUxc0j3BTO45h/Ot6ePvXKE8p/uzyXYu3wCPKkJBUQHIKAAUKg2N1gMKNk69vj9Qon3EL2PZIIbr3DKCYq+ubNJ3/7H/7D99+++dHnb3/1r/+yX+/36/3Dw1fv7r/KiSDX69XMVEV7vz48gKJt69Dr473ZCCzO6Ogkg2oYuH2k6APNdhuBcIiJKiUYokXbXp9cQ4XXzKjdgTPEPoNCWcZcOFhYnVUaQ9+QkOxrM5cXHUxZUUuCoyWOSoF4SlBKrKLBE0x0kAlRi8t55/1YlMT5UL49JAnx5HOSnu5XCshhvQcEShN9GhxlVR+UoVF6QCVvGtCHgyhmyUc2Yb7jL5XJgTlL8beENX9q3m7hfyOm5zo7AohSzXS1RIGrsaQzWalSK5pAiZlZVlXGyH00S9OVvjRjY0Ysf9mMBlAqNjCnmrjjj0yDhFkJzIYmdvnPOam11+owFWchgL+Vhfar7zcgfDcSCNhgrMxJ6FxXq9wW42tkNFpwxgmBWL43RfpMVaWaWKw7iHU8BdB9IHquTV86Y9D9/+y9TagtWXYm9q2149yqklxdQkIut1Ruo27atE0bjxoEHtggDxo8aGwaT4wNNgKDjQceGGMwuAeGHmiggfDAjZBAQgO7hWVBNwiXC1oDU8JtGuyWS8KiVFJ1/tSr/KnMypfvvXtO7LU8WD977Thx77uZ+TJfZmWsyjovbpwdO3bs3zjr29+3ksNbO975fF7X9fb23Pt6s5xSgIAZS+PYjoTeOzOWxWchvmOaOuywww477LDDDjvssJdjWn6OIOTB1H4OXfuKC0FjnKc7fdf7zl33o/ofL83ffhwfxy/hOGMQ4vg8Pj9Hn2Yf+NqgtUznLQ7uXSm33/Z1ld5VVKlT7ncnkkBLuDGhpbMKLo2pQsrucMwHGI6/jWsnuFdbtzgFWwqFN5CkDsvmLi/RVVw3pFzYYFDAfWgoTqtNXJ+tN3NSn0SQRhwdDKaaioj0voltiCJ/ZwAhlJjVWHmBMVDGGAQYilCKJOZm5DTjD1KoPhKonRpbWMHGxiDkhQylshCRy2lhCmCQLSqcK5Au3CI7HkVw1IKS9wC4g9FEvqpXdwtFpKbcFUA4tWxmoiOB/aul1a79yOXP5gdKlaVWeCJzmwYVtSK1Eswj62SiKl2F1JT7FCie3YnL5zKsRrhkBCTl4R5byLoiAID7AEIVX+Y0qKYBEOTwSOTGB0UMgJT+JKIIPRlt51VjraleXquJ0IE1vLvx8M9rgA2kogJCivjlcw9+GyVAQbA4f8EAdVoJwdgw2+FZoSmLaHqNDsYBRocqfJpNb+ICECb55hoj3AUInVBJhAIQ1gmkTj71vJTZWa8w4A0c7vWGmClpU0Jcl7Y84d2gY6CD17jnLhR617eja99x0ZgErhMoAgK2bm0cP8pRA+D29gxVbyfQ0prp0DZihajoZT2v59sf/uCt11977d0fvHM+P7vcPj3fPjmfnypkE4Ss9355drl9+iwC4wa2ljhbmcZrxapPMEbctBi51Lt4DRdib0Vosgqm2tqqUwaKvLcu1XlPPf6s1EIaiAiXn94qi1beFTmjMDm3pbfY1pFA1zZ9MuY9V8zekcwNxKgyvSh+0FJGWjWwtrGFDtU9vcfMfAMcbkbT5tZzDlugsWZYcLJs6ymHrWApqQXu7b1fK69G4ol/rBBCof2BYivMtqi1wJuVy6+ckXuyOdIo0dNTBMGzrg7lWWppr5uvdpUSWtjnZOtyxOQvCsz29tJ7t5xbaxn1cjNqXGS2aO3W5nDJU6s2sZYdw5CZjUrce7eesyxLwue992fPnvXemdtf+PKXT8uN3cF0r70YzARurdmrx95Wh8MOO+ywww477LDDDnvpVph87lONY4R/bPfbyQd7R8q4w93pr68qKfevveuqvRzu+3xImo87h+Pzc/c5GIR7CqTH+eP8XefxkfPBA9LjA+Z/nR5X35YRMKX/oOXJ9Cjnr++V6Jfnc7lc1nWVvjIxWMl5hOrMXgIRawOLOHDE7LJj5nmNKE3V15dOLafLFf4TArkIT+6kppVhwGLDPij9jBvPoMNO8f9cDpMFiMRmnD9g2QX9xFME1wIAbEe8u0NFjKQSDTSeUGvUKRGFGPtQVES69J6es7jOHHAB0pnzkZmIFczG53CMsCF1GwmmF2rCjstiLr/GFmJwMTZhGHPjJeIQcuNUN2xLW1qAOrYpfyAYs0xj4HBOTTMMs0IXo56taajAWxgH1VFO+Qo1LkXwd/JFBr2Ly6qF5l/xEhqlZgqUmDTRQivUTKyGyqpy0PUs9JLRjboKQZlElMKBPzuph5vXYzASExqFpKfXbYt4S45FFEeuicRJDdkW5QuA0MMeUkhJNGLfgIZ0NquqSbGxjZvWWhsOYY8jmWPCbgt1Ob68ThWuQocsgvmoDQCLI/cF5yOk/GzCXcSNOeBkBrXGTA7rjCEPh9VpAqSCi1gZSEQlsmcoec4AwxWuBh86lN0skcVS//O9vLd63dYGtmIk4jzNMK4jansrKF39taMEvTd6uZcH22Ib4TJLHdyvDddnQnq2Wx/GA0wgylSce/+cyj13+Ompd74NWJmJNGZmCU54EPdscjUesw1DJpYuz26fPXvy9HJ7e7k9X25vb588+eE7b7/z1vefPn3SL+fbZ0/Ot096vzTb/0AEUenrelkv5/X87NLX1Vl2sgLd59jcqFFKjtoJAu/xrhqoJnx4UyKEMYYI0BS9HnMcxp9j1qfpqoooB/DmG0UcayVAIC7iDQXYGOQjjKuOfLKxY55GmZ9sTII5gByuTzyEsymDBVL0fZ3GY1DutmB8FMVUlIl4vFxMvXe/82RaW0hCMTivvY5f6CTdSWIT/hpwjaKVVeiK7Osz6YQ4ZqzWRP6C+BfT2BVZdg9PdfIfZpp1li22iUwIX1aYbw2xaXGao7h0La2rW11tTcWdmTfvP3VLTXmdGq3lhdURzrAkFLH5LRvHRVNjco63yuSyqyoHB9seK1QShtACPHqlY88G0xpAaN31dFq++KUvntqNqva+rutlXdeYG61hlmhkpftmsMMOO+ywww477LDDDnspthspbfxk3vt28xn7o6+/9Tvs5b+bfuMfpnv8xsf54/xn8vyGQUhXn8f54/zuef3I+egD0usHzP86/R3lBAKW+9Dl2S3b9X3r3g0C4XI5r+tZxMIQCsCAh9xz92jsrDdrjYUZFmNJREALtwKHITxczjQ04pX70Zg14QJyFpSvg+m9r57xjImUAdvSA+hMQa85zACeJrFRTV4xgCCXD+0awJOoSO/hC5Peu4NOLl5njeMw0/DhDg6YWEQsURXtYqp27jUjDyLoQnFG1GCH/toCYgIr0LhRM+xpQUB4YGrsiCAxtcU0LRsx2rIsrfHCrbVlWdjj0CU+yGxMLw9JGDCgwzoYQpURFS2cp0U0PVIHmEj25DoxNrYwxoYXFbkRMEiE493KvaLkOJhVufPrJLpE+Md18p/K6AWZ24B4CuzkACFTND0UEcuwq7LHGJvcxOlpDdQUxMwtlF8tOGQw2Qwo30YRjIKQt34ydEAKp3BQAITmv6aiSUFIpJTdAQ1iMHPjlpUQipRDG5NAUPLAZogIkQoRg3oDP4+opIHQj6BshblSu437kJ1BaN0T5FHK7PlH2QNRy110uySYqOJsqegUlUEIDmqmd1h2HcXZEV8gjDgz90yb7Hg4zwu6ULbqbfun+f29ha4SVCB85Baw5WCXFiQodWprDkq6iw5urfjvEWS4Mcnfnbw8nk5/XVnApSOHGGaJIBOBQ6JzmsSJiBovjUlJVl3XVdb12ZOnP3znh2+//fbTx4/Pz56eb5+dnz45P33/cn66Xs7r+fZyPvd1hSqxMxTX9bJe1ttnt5fzRS4meWmx17pqF1m7b90YPXYAXa5xPeLb+gAevSub3zlxuXdCdUj4whSjSUkRYxymsSnzklMxtgGoODNPg4kNZ+CRL3BaSNserdBkfks+ubqNUHnBcSORJLptUG0pA8FQ7Ql/KhDZuLsGipk5Emd756rqawd0D+cbg6XsEoosfSYYuqPTLoEonp0M4JPGxp4CYeby7ktCHXkYOCJcabOqEJsEa1PxdTH2OJU3iu3QGEGURcCsve+0ci50m9kgSqbqssljPcmWTOi6NLqtJlT7tq2FLeb6TYGjTwcWqik8CxjASJoK4TlPB8oaUrbQ5Ly66Ho0fm70sJDAcL1TJF110/8RjMOEBnvvpsh9c3OztKW1Vh4r9zxQrKckfRKlOOywww477LDDDjvssE+NXXto6w7bu77deHTHDtXpM/K4uuqO9BvfL0r6D+YP/6Dpj/PH+U/o/KJJtVBHPY7j4/gBx/qhrw1niT4g/T1p9GF5bsqZe7Wv02+uHUzB+V66l163+ZfjUgYlRb+sfV1VejiOBEoqYiwCi41nYINpjrGwQVZq8aCElmUxj6rQJFolAlFlVebmUX/C4x4gCIo3E9DqUqfgGMWWmfQnjkd056mFAcwqTLejwEMrkXvKoOnVMs8dIKpdxCQTzasFVYdTgpEhLoUVjumgHYr2Ll1EuvuORxhCyq323CwbIaMtWB0ZotdArOC2NG6NuDE1V0kF2IRDW+PGytSauTsbM1pb2tLaAAiJFAneGIyb6I4S1GNJORkxCVjUtlHc2IUuvQkSIPS6zbZLH+gVRriFCZOCo6OBSks5hudUPBVxP3L2DksJ7Vr7BmG0ckAC4VHF5ID2rqi+UcugaiHREB8MShCr9RYtPvPwjVroR2ohc0koZCMjlxjwqyoUg5Ca6RxiWz8sospow3Ff+23BDKIO2amejQc+Z5Qtj1lWAVR10kfy/xRCJExMUHHq16iZLNUmoOPMxTKAsEiqAq6KWxo6HqXI05VMartPXag8fsTliu0CxZiRDv8afXC/1+1CdzkR0rYYAFSmxx+lKpDBHrto3Eu1z0Uu30IZqFEspwLz9sz+7VJwODZUGRwQSJdPcUh9TfXHHtSifVhw+0T1z9EnLVolYATlBovbRxlx1saOdCVVWeXp4/ff+v6bb7355jtv/+D9x49vnzzp65m0Qztk7evt5fxsvX3ChJvTF6BCBBXt0s/ny+V8vpwv/dIN0bXlqTXuvffejXubmEeiEQAIppBJIj0fIfotBzoVSI1OLYjSMZw7DgQCrr5MECnEZhhT+sztIKnYqcU4Scaqqtq1w+QZK1FMNYbU4AOO2UCD1kmwRew+5ISGMrDnI9gw8ud5dSB2ZiYRmR1yyKKSV6JGFEar8M2g3u3DqnotuJrVXoIpogKEANVbZLaRiQOEIWdLPMA2nanPlBO6qoI14ajrwpdwgy5S4Msio3ciclg5SKIZnxJAsw52Rc3cPm9WwtRMpQAiYkv5ppnmDkObDG0nUeJqIkKaLxo1K0SYSpe8NkVaUpWu67ra+8xyc2rciJBvgRaJ+bxemFprS9kelaK4tc8IEZ1OJ2a+vb1d1/V0Ov34j/34zc0NEa3rWrd0MJNFULZdaMa+rSvjYT9i9p1Xnn339dvX3jg/euvy1jvru++t7z+VZ2fp6wELH3bYYYcd9rk2AtpCX7zhH/8Sf+XLy0/9xPLVnzr9zE/f/KW/+IWf+9oXX3bpDkvT2Q9M4Y8l1Ej3noau0sNllGjP54x67Xy8m/5DpDmOj+PP1PFC5WdhPRpOruP8cf6Fnt9xn37k/PVjSL9XzpAonM6bB2uTvyJ0xzKh/XO5nC+X28vldjndNF3SA9W4gVzKTAnEvJxOqgIV6bIsS7+IITm9r0trRAxFFzUczJxa4SFNqMighkCZCtp07Tqc+QTp30QmK76z8PTFtwUk9JBRltDFRkUE7v/T8EgJRLuISDZH0kXE3YEhqOXwhbEGtTtx0BzL5vZiwMPqKMWOfpCIucQat8ZtcSIDNXKmoBEEXcrRQ2gxccsIhbYRn1JX9NT8O1dMc9imJc9stLNxYZqnhgMtWyzDt2pk0yT9abyueO1jRHObwBiq4pJ54B5dhZE7iotX3d8q1m+bsjgyO7TLmMgJFAElN3PWGghs/du6+IAJ7X2MEi1XhihgMrrULP8RcUvhKHO4hCluTQQ2fVGGY3VMyc5TEHNBb5jiOQEY2YKINj5o0/wcnTkEdAlR/whqoYeZYvbog17P8QJqrZvUNBgnz7t6+Iu1BZHO2F4uvAoAyhxb0oxEkgPKFW6ZqBGDGc11cEMW0yi2hWM6HtBCXdbxOKanENaI87PGozUfJKJD2oCx/DfddTMVTJ1wRojLZDNNlJMRSoqBjSWkiphZ603r8CBuiP0PKXw6IkQ6LpGMtXm0zDCVz9E7eGR5Aopi5wNxQNMUmwgr0HuV4dbqq5j3pFFOQImbiCq0tXbpIl3g8UodlmuN1kt//N7jH7z51ltvvPm9115//MMf9stKIIYukN7PpF2lo1/QL31dBdKYWiMVuVwu63rpva+XLmu3CK8WQ01V1nXtXRIo8fnY+OC+5QMQNVYryMKhUegoBmwOQIOtDILxAr3ySEltmqXGEXePQj+4Z+e0q3tPDJLX9bLRGq0AGACjUimcQF7RFAoYSqGtlbiAJQftsRJFo0b/zOUvgDICEeXcWSFA47HVdVNVTAgZDlnG9QN5IoDastgC2EVyKhvbKDBuVAMH1mEIkwC1SrXvx+xEjS0Wr3aRaKeEEqMSIs/gfGf+Pg0rxskcldFAOZydt8eNaiGXZckLKxqX3PqySnjEXtVOBGawB1dVY/75O0cIooeAer6iDMDS3iVSmCFVya231FmuVmmt7TQAIqqyZt9rrTlu7ajbyMEnfIKIiZcSg12ym/NdBaLK9sZg60KXvq69dzRiiGpXiLUpyNurd8cdrV16195Vuoqgr7KuAqz2qkVwtYbWeFmWWsmmTSoi9hJ02I+G/fGfPv2nf/L+t7799P/786frqg+44rDDDjvssMM+d6bAuurjtT9+0h+9dalfLQv9y//Sl/7Vv/Klf+2v/vhf+8tfenllPCx/iI/f2MUfW355D79u/nAP/1jxjNyRzz3pr/Off+Tvp9/N/7np52eeynNXPvefvy7nh8vnOP85Or9gwkHSMUfH+eP8vef1I+eDB6THB8z/Ov2mnHp3+g9aHuydr/mna15rPpf1YhjhTf9i05MHrikeTFed89h2g0XlkcwUIl0bg4ouVEz+nIKA6d1nHq7r4q9O4G1G/sYz7NqcLPCQcI56+Wikk+R8wIkbQUBRuJtNc/e6dndTig5eiKndWe4ecrD3DGRICLlApiLGRaDmum0WN3A58bKwIz+N0Lg1XlrjFsqibEz/CE3YAiC067k1bsyLucPZffQeddDgrIJklGsdaYQHcqOJklWabuPmZp18dZoAYZLHAu/YgDeou5nSTUnp5WXTeHP+j7oDVkGCUf7NJ5KYAqi7a31nlgJQC5SmgSuT+fpFTedT1QR0PZEO77ZCh2feb2XYq8G0KeBantGdrgM4HR5zFOTv6nVIXECvdONM4nLANYhdC4Cw3DqV69Rgu4SEYjQg2ahbqAkkVhNKhV/i/m2DwwOMZMMUPfZohbJ05Hbd6JuJaX/6yu4RnvT8NlGpa2hwrn9sjmsnGbcoJa7E5YmOdUdwNc7i6h1dESCgDCAExJ6lijJsKvCK7OhTX7y875aH5mqd45ol1FsQxPLMdOc8ig1ymykp8yw/hVYZepLe9VS1S+/63js//N5rr7/63e+++f03LuczCxpR770xQTvJRfqlr5d1Pa/ns/TVBruC1nW9XNa+dum9X0RWkd5VhMgDvIoIUjXFNaMLUcsHts2BGqqhOga3Ly7jmi3uwgzfzEnsMBiNzqoEhcChSNpycHXqS6PeJ3MlZ/JQf94oNDfgLFbphaSxCuZqmBjhNFETEZHooKntlnPTObMaKLY/2IJok4jFMo01cgh91xJyAXPqtHY9b2PWjyytoWL0RCpvKOUfVSWy9kXS+5jr3hWK9Y6To7aZ/CovcFPPV0Udc3rmQ75GgZlUSZVSG1vLJFCg9YoOuqRAraI6G9hJw/by8Iar6AAAIABJREFU2+tQoxuw0JtDVEQ45ujs/737GlfgRhpvWmxw4IQ12tYnoTHIDbu9Pd8CIGYP4ew6rmxU/N6lrxL9nIior90WGCYeWywUKa3AzIGqTt2hd+m9t4WwNwEe9hmyP/yTJ3/wf7/3j//wvXfe6w9Ifthhhx122GGH7du66re+/eRb337y2//bWz/x5fY3/vqXf/5f//Jf/6s/9rLL9fm0jf9289Nlc5720m/9sXM+x/nj/HF+nN+NQXgcH8efwPH9MfwenuZDpfex8PCYgtdp8lj30t8Zg3C9XNbLZV0v63pZ+mpR7oBGY1yao8ipTCE8GWw8IOObGWpYmAxEzYQ0KSk0yS1Ld7MjEiM+mg5/ZTj2txhhuH/D++Zgj2YW5R/3HtO0715cYRQiTv8jQH3TPcSAkgh21SNejqOJ6oigo4MuMWfuWSYyTgED5P5OIiJGWxzeWxYHCLkxc1tOBIOADBc0hVAGG0DIzWiDyQ00lI+5sQXFc/gkAUKX1CuwQ2PKa5xuyCiIbYJeo5LNz8kUfJe6MYoQfJNoojgIDURKz7rVDCEjAmb7EqCiZOxOsE66okQbSDKcrRU6ykZ1ShwFq87DPunAgDXwQFOdFYJKAoTedTy+UlEPpQDG2Ku9cAcnr67THTPoYmCg5k9WwMObIWsFNDq7lzCJaiYYSmTsjwDFOBprdhwrki0zDdd9I++TYKhAsH0Q5EBtWQfWpA6ObsmC8cRFYlQxypJ+8EGB3uIoBfBAYFvqM8lw90+fzwUFN/zCRK8DUvWOtlXfpAFplANHlbxi5vyz029uXm4aQ4SoIr7bss2no2bndtwTYNuCS9dnpzOKO1PcgUcWQFJVjC96WfvNzcLKvYt1a1H0tT978vS1f/bKd//8zx69+tr7jx9/5ct/4ce++EVSPH1yRlfoBXKR9dnlfLteLuu6QjtRg2Dt/XJZTUBUusjqB1BREoILODM1BAs8YQ8bDUSSuz0Ao0q3de0aAdVUcsFB7hHxSHTws7aXwPiGsVMBzim3cS4xYwTNc4KaAj3TWn9EhvrUTgVfPmOGLWilj3ogsU2f2io1e4z00QWzv5hOI/lUN+QoTRO7jDfr8dm4CtcsjpzHWiwGG9p8RuQakhUjtDMbdDC6XKmiYLbWbUB2rYHAHOEsUR7RB6zNxsSqYhUZeJjdaITZs0Kl8ECxKWzhZhOMWQiESn2KRM5MVLYxR4WM2iuBUeebJmZf3oLKHD7YnIAS8bIsKZk7zW8heFDNur7GxiaTJx3vQRj8WnttcLVtDiDYqHu26cnouKogksDaVbo9TZd+ez4vy7LIuHUuRutq6qRqhQ9SoxiX8XQ6GXjpaygGI/x8PifALMW6CHqng0L42bT3n8o3/uCdf/SP33310flll+Wwww477LDDftTsnff617/5zte/+c7PfvXm3/obX/mFn/+JH//S8cr0SVrsWL32zW6/3XymD7b+xNn1CW/SPzwG4e61D/FdPyT9B83zOD6OX8CxxyB0vOP4PD4f+qkf+loEivTR7qKbPO9Ir7tXAdffblNi/166l163+e+nVFJ08+5cLn1dpXddxDw4tr4wTIPM1cl4IFDMxJ0EIJMPQxDZYAiiefCoEbXi/yY4TcO2vY+KH64617hKqIggWn3bjlEl5RAKpuT4Sbj2/KEJGo7jgfCFD0sB6V1MLK7Ii4HQLZkIAEtg+XSRLubGFtFVLACXIDAcDm4lpYyaiYZSa9watcbL0k6n1haTFW2nEwDXFzWVSg9GSMZMmgBCxxi5Ob2LmZyF6JELvRDuufOGasSMZCEGMEieuICFSTQJGmS8jMT7ChX/sRbSlfNXiuDkoCOEqBwQ6pehRddcgs0YbcjQT1ooiwFc6ex09vcfix2oCrHgmcmZc6TJn0XidYtVFcoEYXLakYbypqfP2jCmiAOyrbUJ/h59DABZaRNj1XR++x00ySU++LjCpY5gl96XkQ4pOaIc8Fg6l6MGkPqBWWOplVcACR9XwY5Spqo3jCDLKqff3LsQFRLqFnvLI5QbZdlGLZXiRXA8P68BUgzMAKQmewcM2ua1Hu4M1A2Acw87TCzVWnsweDBKTaX2ak2mh98y5QIIllmNKuUoam+CAGvzbTDCRFlGvj7fD3suoYbv/35IkdLcOKWN3MYUOnV1+1WgYGKDwji0PhmKvr7x6Ht//K3/9wdvvvWFZfnZr/4LDPTL5Xx726DaLypn6ed+edYvt+tlFemtNWIotK9yuaym8NzXvtpKZBsvTMOQjLQtAqMTGr8v1wuxXywKMhFUYgP4us3YUBYVDpA4BD9BLZ8NwsRKTOhQZfV9EVrQd82OapO8Zo9sxEqa/apw5EbjFrwtaHyhC6xBxrfRb/1ERbqx3jVlqsEx0rOxnDKYpQu6oMfYkzFeTLjSezGbirEkt9JKxbG5JxmZgKiYjLK9AjRHMSexmAnfrrBcbNKIvhQPycRWYCqgV0z/SI3n2AokMR9bZRouFnWLlFpFMOi2ZSs3yn0adF3yBAgzlGR5IiUy9FjsXYFjo4xpjXoClzOFT3QUgsnWT31FpWhYyY1QZZ5zMQCJSTjVlitptu7nyDcc4+T5KxZTU+pCvfcS5VcVymiwlwYiEVH7dGcF0/hzqN16/jQ4inAgG4YF9t4tMuhGZZeIbm5uDKFsrRE1KvK8ViQLpXzpt+fzbV9lFeXGIBrz4WGfEXv73fUf/v7bv/d/vHPoiB522GGHHXbYx22vPjr/1j9443/6vTf/5r/xE//Ov/mTP/mV5WWX6HNhV2gFXccgvP52Pm/7BMcZFEbEXd5m++45/urdPF/c58eR5/F5fN7/uZTty75J+zg+jj/WYx1+0xeZ5wtPv5dG98ZL/cxrg+tzlX8QL1Slq2kvwp3bCjJHsILdEdaWtvTWl2VZRE4WPS4co6llRoPsdeWL3joCrSQbz39xgAbeUzxihQs4wBjfNl9hpOlgiITWa6+ORcUWP9vIbpf18HYItKtIXw08VFeKdD9mkiPysYw7SG3hxYiDrbXF/qPWjJjm9LDGyc+yWG9+zMStUfNYX4YOBmpCSega+FzBIVJWlFpIldIEtBT91yHbaC5H99JGe6hcUbWMlzN7YBmD9uQpC6an0NwTEqEH3U1rBILRSwoIFxnI/OfWCGCQQJPaEr7pqtLm5RUdZU83sCvXuYM+JViD90BXNVDvnpXgPcFzL1SP3VJXLmCmRzid8+4eJzBJG/Wp6Y4iZYZZoUgaDJzSZ5HNrAebb5djhObt7PGDbbIDEF7f/YqEp0TzuMB93sPMMEmTCRDu+vTvapH9zKNpNn3JSdal5FUGMCsugIpxlwQuhsaru8+JS/3UYVLLn8fMBDSUnK9LvuUUznbX0Mhvgxe1DxCWUm2+9X7TmIyNtCxNVSHKgKydQU8ev//otde+9Yf/9Ol7733pZvnSzY322y4KkaWprP3Sb9fLs77edrlAhUhDG1JF5LJe1r4ad9Do7GKLEZQgxN5qEeg1Jt3p0bSOuN4lB4qK9HXtIi3IS558jgwK4/PN1Z6ouf2xacES3G4S2hUV35EzJkvKOHOlVilHtKgrI+ds3DMl39WX45Zs6qgzscxJdpVuONHXELS28i1EhcR6bmCFmAiCjkAq1QFSl9HrXlf/krGpZ7tG23M4TsnjmVMkwNccImaKtwsFDYFM0wjfaLRuxlq88FTK5jRIy/vAoFHWh+OCydmwTQa/1ZKDZJyVjYwCaHVp21SypcpyzIbj5g4mX6RrRRXB2M0WkNH9RHzLUWsgryBbR1SnoeN0vd4Tsy7V7pqywT1VZm5La8vCTPmkdrnfMd4i7M/T6bSuq7Xmzc2N3W5ZFibtbtjMsb33tXerY1Xtfd3v94d9+uz2LP/L//7W737j7QMYPOywww477LBP0tZV/8Hv/+Af/v4P/tYv/OS/92//1BduDjbhx2vp7Sk+1fz5nD7Y9Lvu+mB3r92c3/HZlvObPLe+36v0z8//Icd7eX6g451yHsfH8f3Hiw48A8fxcfwJHA8K4fPTPySN5/mw9Hp3+u21+ABl06v8kceba91HK67vloAckfPGYkd8OustYN7SeldV6bCYNBIAFQpXCMVPNnndqmeQXZnS/ku6WbqsMIgHCBILHA6Mp6o+vArMJB45GISBFbrrUWRgUCbt5a5GiT/RRawCRaVb5MGIgeVeOQ+1Ux4/3X5tobbwsiyn07I0bov9Z+ggt9aWhQK8c59zKkqGrKjBIwYQmriow1fGMkx/qLtQhyPVohVSM05JkBzDkTcAwnAHD3lQSpc3yHh67jukQCoGQJj/52x6Hf+o7/+onvH4N+JWhlc3W5CHnF7wMcJTrNlFQSHq53lgYuOEf9fA7gK/aWQTfyhMwzCBVY87OIFTkyc9jaDTX/kI2Q2QlMbCfaStb7Rw4DxBKMqaYCwVkbpSjDpaY1hdg2eqRXcidq2NN0SnLY6HMJ4dRw8xYbj63AMRo3zIfD61HWYFkYxNb/4qO+43iqoTlkDZr2beYPWD7zbHvbZNOYchpNoEG7Bj6mSh1pwDIYdNahhOBY5CA2V8jt8RGA2xsQHtRBVB99I9+OHHr4Od++3VZIlwWBqNKZAYUO99Xde3vv/9P/vOn773zg8W1pu2nBr1dZW+QjpU+npe1/O63vb1mavxIrU6tUu/9HPv3biDl/N57RfVblRSEo14rCo9Ie5AF33s5iQDEIkpK6oMctVlFRWwBdMsnOba5SKqLixeKWLrkEacv6nZortKqRwiYot4muoYU0ct/UqzL7ioZuA61m3866q3aWhQkKSjdUwo0piR6H2QzWqb2qJiASODzlu6eI6nuskn+GExWP1lQOvsXZ5uA1aVLk0TTJgAYVni6xzY+1qn9aDuId8miBTBraMxdign1fHagGkY1nGgQ2ZgYh5v9g/Fo9l/k+ZnXmXLQ8KIY0oZH779cRpWGJdvAD9TNhevn8QHRw0TWeTe0dY+qbBr03pHyoCXoyrg0ZftRoZEDkGF4U4iIukq0pmb6ZRKl3x/yE5l5gxFIiIucKOeTqcs87Is67qKSODwDOoi2tqy9nXtMbC9Hlz2fe1H4LrPhn3jD979n3/vjSPQ4GGHHXbYYYe9LFPgf/3G2//o/3z33/+bP/0LP/+Vl12cH2UL7yMlByN8qsEgnHytuz5Y2hxHznSP3zjSPNTXvZf+vvw/bJ7H8XH88R4vBZM/Po/PT+JzeIhfaJ4vPP1eGt0bL1o9wXGt3rF7BcYbMD9vX1dzzSRbiNjU1pzyFSKjrrrILsPZTaqM1IgwDh2BOFUqJ4wwqlszgBohA9PBVbyiAMHxMtek+CqqGsQOAm08embuBQuxrC49T0IH7SA35htQqldKpH6BqKgIuqh2lXDmRp1o8fRROG65UWO0hduypKxoa9yWFvTB5gChI6+EJA66+GcAgi19kY0pAcKGxNXCj0s1uKBhhI1aBQJrILdgFmJiwFAolEYTjBeCRAkH5lGghXQxaoXDUnqxOjUxRZaswQVR3Jr2qiTWaQmiAtGggSQ+RulETjet2KuY9zAop/eWVJWTdxLjQkRYXR7NKZyFc5m8vSt0cOpvmBCHSOAtJJieV2NApB6dpUXSSiJopMUFG2j91Mmjjp+3VzDFSy0MoTNvfGCPKVAdHQ5ZUdO9vSJWgcZugLkc+fe8zQwKBYegLOo3ccEMfiXEPbv4r9z9c6nKVxUnmG+1f4lOgAdtngfZjUNnVt01TwNKj4JXTNObpooejgcMmMdy34BVoqXE9FyC4HXfuP46wIY7O8uG72Ww+vjbQoYSQUDico699/fefff1V195/dVXF8KyLAyVfm6ELpfezyr9vN72vna5iKyBy4mqiME9Imtfu/ausvb1vF7W9aKwfRtCpAYoANAu8HFJgWclzD+gdRVd+2qR/4ioixiTiVpjyiBzOpaTID8p1MLNoiO3XwTKW6cTpKalE+7VBwMTSeJkWbC5iYggkoUlYEQiRMEpTTA6+5VJp6pPvQN7UlIvqTWX6tyMmmPZIqwqNPa7WA+Ou/q2EA6wexpqBLZO2Hv35QIMlbofpmKE110xqpwy8QZpK2PcIzluMuHA1lMNuO5GCvzVF22ax2ABApG7g+oDjh4h0+Jei++DYtw66uZqbsknrTsf/G1KbF8RyiTPdQOT17TfTjAgbVd2ZXJap0LiNmprhHErVSEiZIqyc6FERAkqooAQJZ6HWKuCFskG0jVuKipdpPfGLWuiqlgnHkmgdV1NPjSpkCg4aKKtxMzaFH05nbr28/l8vlxSTfqyrqraLWDwYZ9ue+2N82/+7vf/yR+9/7ILcthhhx122GGH4Z33+t/7+9/7v/7wvf/wb/3zP/PTNy+7OD+aFj7V6oMdvwtoSrM5rj5YuroWV37dKT3G8f0pd9PvXnV/Djtp9vL8QJ8PucvxeXxOn4uG4uMGuclf3Mf54/zeef2I+VTf/t3p9e58tv1W99Nvyql3p9fr/ANR17376l45rxiE6p7uzEdVpcu6XtbL5bKup7621okXBikRuDk2aQHLKEC/2XU/7dx30Iws9p0Pb6JR0xgFdc9kMQdDBkjGuScdxRFpDrVZEyx2tYQZxGeydD2ogRohhhDMwoQhp2vhTENTFjU9RvEN/u6FbcZZo9F7nJwR6FxrJ7QWlEEmi0HYmNtCrQU+uJgvm5lNYzAi3mV0QDaYxphsTudihNvcGrMCloP4FgH0Ul10ImSlcqYHPwQ2SNggoGCiZWAGCLNdKgyiGjREkMKl2ROTzZB7eodnuWbO7hFXlqasgJJgA25t4JOZHLZjW6ivME5aa6H2WsFU2rlWBxewdsXrOpRAIlUn53hBE4YwoN20WbDJ5t7/wvS543H2aqCOyiwbgyQgj5yVqjM3CmDQ6BjCI/MxdqcWH81neRZ/+nBC0wS/xezr09EAm0fNc01/f2veg0/cWXclzcNvUW8S/UPL/Hd3n7nK1x6uyiqa8dV8eX/hn4MgquECsdTc/YCbbMv1sE4RGAtU9fzs2T/78z///qPvyeV8UaGFu3ZZ15sTr/22rxeV9XJ5ptKB7sCDdOm999UkksWCsUGVRCCivWvP+Ruk3IiCqMckvt4F3lCliU3PcCN7aEEHAQiTKk/bPkozEVHomnr+hrxF1DWACFIG1Ki4CBvIo/PH9EiO6hGFHikXntm4vcP8zLCbiMYVnPsJHFuJubrgYD7YmYlp2Z0Mbe4XVRXZzI2lCnwPrFV+2T8zblHn6rh4O9luBngtC1vMyVkYs/AIc+Xkq+HmDM5sPiKIOM3RFnCr3oo+Zq9IUDAgtNHy2YW0PHCMEaoZxBFSRzQvHK03NhxovLMRoLki22ajDSxaH7YtTa7aKBPbXg17KTK1A/IdPrAwxah7mwyCn54LauTf2XyRKn2bAjhPBLE8co0OGN0QpKqGxNtbx7o6SN9aq4RCi4VJzAw9nU6X9Swi5/PFXoQ0xEtd4v6wT7F94w/e/bXfeXSEGzzssMMOO+ywT5X9kz96///5kz/7T/7drx5Uwo/DqkKb/UJJr9eeP5mwTQ8PP1j8xvGT4z5/tae5Ov+i0j/3fL6Xf2r8/8f5z8X5JXgkGp6zOCY9zh/nP47z+jHkH2zxF5l+pBnn8cDxojHcrvNPb2PojHYRYRHloEUAFFwSYtbWuLVlWbRLeIol/ISpjmlibgxz7odfbfJdhnfMXM0J+G3cr+mKqijgtTe8esEqgmiaWgYTJnGwfqqEG8poLXmhSpceaGE3BqERO5y3oDABVfvPcRYimJhna7yceFlcjnU5cTsxLwYPOvJjEBA3Ig6AkCpCEwy/weNiowmQs8my/ZzzZ+Di4rBgymM6C5GocZsAwsntWFkj0e7RRBuAMIlTGpO4z+oUHAHXYhwqcEFs2bj8nMSid+A6c1IHk2FaoDpIRCiiekOUVBHybqHPN8yVah24UiVqBksTo9Y/vNKL1l8BJ0p39gYxB3QkG2W/AlNHmvTc5qjwVotgk3HHXYCQxoFDCDJyDPQ9Osu0tyA+RmjIGMJRBhvG3seu9BIxtrxZmO2UHM1XZwYBRuEloAhWUuF8elGjvjT1S7mwWp/vKb4LGtxU073ntjsM4q/i96/NGnPjnGmiLaAksBIG3dCUEkv/qFSqUgqHVwtd7N5KoHLlHQkCcZwfYPv05fTcM2FPJMqGIq1y+/Tpa6+88r3XXj0/ffrP/diXZD1rX0U6tF8ul97PXS4iIugiK0TygRGULEME177GXCxdu2g31raoiCjDsTdWm4lMgNF7S2WeOs87IqslkJOPkywxnzVifAXSMyTyDPdQIjAvGfuTvXMykZXF91U4jggPY1kANN83AtjMIKoMyiWoDGolAnz2cM1UJoqwukLk6BoleHYHyGSbLgC1CT6XM5SePaaU0geso8eSHglz4wtPt0u0LE/O0+MWrR6wepxh4tw1ksq7y9IcR0xp67HzgADVLrWfZ3jX3M8xOG1jloaOpq8ZOjp4vcEIvmqMN6P5ecaTxsy8M6DKE7OTPX2to1gFVFV8LmCwg78RlrI8RcJ11maGgtcKz2mHGxMTCVSUXAdiPL5NUBwUcVv5RF0aicui35hoWVpjld6YmNrSWmucMHw+pi9SscsBAFFThUhflmVZFg/KWGJM2o4t2ybQu6vbr7e31oYmtJDc+sM+nfarv/3o699852WX4rDDDjvssMMO27F11b/397/3nVee/eLf/urLLsuPmoVzawAZ8dM/nV5xPPbOb/y01X+LO87f73/e9+s+z1994CzH+c/e+RqD8Pg8Pj+Jz/A3veA8X3j6vTR4cP53pmxLc9Eqc8cmc0ADE7Dd+Q4gMKshXIsuGcxP7CuPw8dMxFBGOgq1ePTG4jrci7FyOliV3qeKDqYX7x4YSWezLfYJBmKAgmLe5CQEWqkMHLVTXfrau0iHORHNs2iybw7GGUTica2AFEV0RLCdTtwWXpbmAOHCrbGBqwYcBsnP2GIlNKDHfDNGAnNr7WT15AKGcN91eg85o1ZZjksz5hllnRZG5sD5MMo9gX9AxXuIEiDENllgJINfYj2tgioY5LBrkhNV1GpgxgMApgAmCty9o5GYTnOXf/SDK5Rlc3PyAthNLJJTgLUBvgaz5YrUkg7l4YwO8Lb2SfE7UJZkXJXcoHCwUlBIXeY0Wwp7INfAGgNdu37OUe2klEQ9gIAhEQjdMN+YlE1H1Nt3ypB2C1PwPwq1uqtKH+XcycDrvBYk0Pig6l4je9dko728CVd9b85pp0yBpdyZ605B0qFffitMN5xBui1CE9NKKdZWv/Xu+z/vS9p2TT9tf5Hefx8mhpo+Jgi4nM/vvvX2n3/nO0/ee0/XC5gYWHuHCEFub5/2vqp2VRFZe18hytn6yVgSV7cOKKb37iqFqtqNAg5fEJw2BqDvPJNNGlw4guu6JtivQfuu7HMrT55Mfeax3OQGBxToNzlz+T/VDX02J1cdABiNUTaC5jLFPo8xnegURNABamKbJ2yrh2Nd5aab/THGADa+sqhon9j2pVMMWNF7hFIKakb9DjzSNgDFoi4iJmupedOZujcB34iqVAzqI9i2FwTdnKnUsw38krFClCvGme3jQfhCRHpSWS3wekJlPvEWgHB39sgAhAWkRAEafc3PZ8s5L2RdKSVfvY8NNLTmN+II2uhgIuv1zASF5FU2EkOYFHWVZL+9I4gRUpcou38RdIXBiLHHpkzyBGgXAlrzd4VKKDfGvC2RVnVGEDTB8GVZrEr7FY47QmzGhSJyuVzO5/O6dhW5dGmNl9bwkPn8sJdnb7+7/spvvf6tbz952QU57LDDDjvssMPus69/851Xv3/+L/6Dv/iTX1ledll+dCz8qNt4fnZ417fzJ22OLeP5/PYz0lzn8JD0D73qg+d5fB6fH+/nUjB5zJ96nD/Ofxznk9fyAvPXjyG97pzXvfGiibqX/O+MQbi0xXamux/MpDhVASEV0sIeIiYoUWNeWhNt7lsTV2tjGpyf4IhYKZH4Jox3ZogTBaswkSd2HczhtHU/UeUBFNZIVRkdqKAhfwpRg4fcyYeBfYYjVZw3aYu9SA+XtK7ruvZVRIyWguG3C6dbAJoIgJCYmRduCy+nxTDCZeHTiZcTt6UtjXhx/O50MoIWMzcLRsiuJgmHSO0A5AzCxd2g5lqFEUQiWB25CCcTBS+xJQvOqnyGfwa3oZyHB8NKz5y7Iz1s1shlRg8jRfHl6XBWZjPdgQqRB5wsJdlcZb1PLfJUOq5Vw7WpW8E6QzoC7uAE8MIFbzRHIpDyLGspzv50gLbCZuASljGniw3nikZsuvnBB3ljHy/LMRbNP0G2+WibS20cOEEk3thqyerN1GcBxTTb+MJbOSijESmaiOwfDLJMNH/eeWo4OBNw3htQASwqLvxNWUu3i3BcUa8AQUlZd+rkmkFYNkaM/O+CwIKLGscpo5kFV9yvUprooI4uksTiLdFw6kw6P0ithXHz59vz/Om6xWoKNo8o59RKsTRFH2F4oFYQ6OnjJ4++973vvfrKF79wA5WnT25PzH1dSTtULs+eqYptO+nrRUQgKgpmzinZQqH1tffeAVLx4x4TchdRVbaRSVAln8kdvHPuNPnjDZjMQbaimisiUIgAKhuN7tw2sixLTG9Tvx3RJq0DThxTozoKgGCGjinD430G9i/inESfW0gjQuVoBnuKHGOu7mhEfBoCjLHzYGg428WiYzwysyp16SpB13TAslLeGEmaU58fc77KrTAqEFUQNWYbu0a2B0iUKHiKKNsRLJNQtXVqnM82GEOVwQGB67w6oS41PncSqHGCfESmra0IcM2uEF8fYjiP6Xf0EiKyIm9WkGm0jC41DTNNQQLarFlZCUrcLO6j9UPx/qjxioQGttbI0U21rEQMV5T1iVeTZU3Zx3KBhAPbkkUtm3io7p2q70sSZi8V3jNVNdhKeoDGAAAgAElEQVS3Njv5OwgRkwnP72vAAnQ6nXpfe5d1XV0yNKrPBnVbFgaUIICI3p7P5/NlXbs9VeOltWY7w4aA+mGfJvvOK89++Tdee/TW5WUX5LDDDjvssMMOe75969tP/s7/8N3/8j/6mZ/72hdfdll+RGwvBmHxBk1pdE5ZfbBTSuycr8fFu7DNn66u2k2/m/8H9Xtnnh/aT77rtf7Q5TnOfy7OL6ohepawyfg8zh/n7zp/1/Ed6bE9rztX3XXmvnwyvdb0yJSbcup++v27hEajluAsJb3q9szI3wXEyre+TwXqHqGuFgHKeIQQla7EzE1VGABx0vAAUjSlxTREibqoqKKLtiwEgczvxkRK4q4rVadJpSIiSITM8wikaGXleYgYhsgApCuRmg6k+Z7MoeyomQmDGsxXgUQCiQuFQpVM5i38Y5ZGVLqsvYuEICJBk2bIBG5ExMErCaIkCCABiMmoe8vphtpifMF2WpbTidqC1qidLIlFHoyIgC4u2uIfOAMAxLGDnwjuinQim7uG4ww8iiAtVZeSMjQWMTVnd7I3CEeUx6KkCafUpA+SyWQevYNeYXjueSQnWESR3OfsLmM1XMD7mw5XOMU5o+mMd4bKD0EAXgyoxVksEEGWAemYNm4OOTKMaC1upIAhxwEuElhyGAFJj2GXFDVAOKAI5uxPPgDUWW32BAzjwsDByXxIBanrHJaxZ62qIUlPWLgNgLCE+DT9XhsTOeR1qHW65r0jsInJUQQ7jDuYQ9j84c5T8XXYtwAkHOsIBBGcYiIQEzZkosTsxhTkhXG4yXGDcaNsIIfXwkEfPSIxWleii/pxWU6Qcrw5B9Uy41+5imnxqg+dwBIB0ZSOidrk6fc8DcKxeWGiICNevElUbC+DzuRJNVAinPVW1+RvN9G1gxNV6Hs0yNkTdFiYqaOHb6yClFu4uTz77qUm2kclzQQPqlrMsHx6ohZRXB0sYlBrDWvX3t989Oi7f/odVurnizGtbRHp69ovtySwsd/7RW0Thq8JGiHSCAKxDQLKfV3Xdb2cVxuvoqIqEHHSkoiIcKxB1tRecV0Ktp18U7sOPu+BWnP4TkQbN5P5XFeLgxjN4cCPrzvETI0dVzRCnkiOpOzmErOxdRvfYMAMHmFZY3r12KYbYp3PA5beti0oCzxmZJFwVGUwmAQiAkFrjclENZWFRLmpEpMoFGSQqHHQPcioQZXEVVk40S6AbVzaUh5qwyxSgD4IoCYDK9CFmRuPbyifLp6LMkagI1oSkGllHMbGmJz/laAUG45sdTaRVCN5Igj06uUXCoBbVVV6LFmsjr+SKqQLFT5fDjoDpWzNqmEFVdc479txErSO9Qli8qvGFSRtuX+CVCG+d8fUZUVFZHGVb1NYGNFVk5BnfURVpFNXkQ5fsokjeKL2vhpN0AaTqQ9wYygyZCBA4hEKmyr62gElZhPitXL33lWUwY1bdF2SLhRRi3vv7PRVJiIVsf0rlri1Zlq+LdRHiRWiIAsdiuXES9DxDT6V9YJ+8aEGXC4XIjotJ1XcnPxdSImsHZ6z4eGwT9z++E+f/tKvv/r4SX9A2sMOO+ywww477FNhj966/Pf/4yv/1X/8s3/tL3/pZZflR8F064l13oP9b8cLnV6pcZ42fmPywIbb89VvTBn88GF+8r309+X/3PNk3p5Pkf//OP+5OB8xCEmPz+PzY/zUcWx+S/rI+dTPiG4WZ/CcfLbp9+6ylyewGS93lUexHVmRcmmGTDg/T01lVATNooG5M5aCJ8HUlNGaC1Mp0Neu6A72KQxCmMx9gFmKux0/1xqUcXWw4oNCWHbB+3WBKQYTopAAAsiKAG1193xEGCIko0BC+C59dlSwOsAEupi5GQUEAHHjdqLlxKcTt6Xx0pZlWU7L6QRu4CWYfW0w/IiZCzrI3FpTgKD2HTMPGIEc2xvUGXLagEU8JKLWqAYfDKyQGIHucEJ4EwoVEZ8S/8g9PoPmtBEX3YBzctVu7u116qp1lgGAjPh/yXYt7LxJjDSQsOggcAyyUCUGaAAtKSuBzTmXWuluNN2gMilD5tFc0FQgsdp1C0gZGNxOXyZoQekyAw0RVE9DtYIpsVLMvJztcCmqcQgxvlFL8XgKAnryTxLl2kT9HPce//pImp9oi3DUlhqhUjneiEvSaxnLPeXDUb0aD1Nay/OgiYY4PU6yAL1z+tzUx719Sk6tx8RQJ5IxrqeyUWzU/YOggfsW3cMYQ8kujEfOmr3zBnt2P4XxOdfGY+t0RkuTYbRV2U5iOwVso0ZOBm9879Gj1157/4c//LEvfOH9J4/Xy1m1QwXSdV1lvUjvIqug228RZhLffQIR7d1ECANMElIhj/QaJcx/bG+Jw/9zVzXuus31Q0sxWISg0t1SXjcEO1Wl6/TUosJeqJlwzTkxakDxMc9UxHhMoTTRDH1jjyZQmGtZ9gc/CLFKJYWQbWkYT2DHrKIQibiJZLtkRCXxtrILAVQLpqVyg/9oFZg8M/jYgljMvKRjEkCk4pHt1MjWuYRohCGt8Od2K4luAsFOz17/tICLWf0ASOxJEcPcie0OyIOI1FqpRiXMtySPb5n4Zx0XCbuV94cN927sxYEJt/r8EBLQVsMegdjaOaYu60+UeyAMavNGJiQbsr7M5N0HIzVbzJohWnGI4tqOHOn+khb7OazMgYwCirY037cR/TcVwh1Qb2xvPgjFeXKeqwfHJWaF2n4OZlbtoZQ+3g2Wxfm4oqIdGRvSJCfa0izd5XLpa2eiZTkZ4zDfx4jaA2e2wz4Z++M/ffp3f/WVZ7fygLSHHXbYYYcddtinyB4/6X/3V1/5b37xawdG+NGtuqzSAxC/u9LXWr5FuKl2vh3HtD2/87mX/wPTf4CrPmCex+fx+fF+VgZhZV9dM6uO88f5j3Ae2/P6gvLJT63n7zq+K/0d972XlVh1HK/LiW3+cdyWlj4ocR+ZibBFZCCXbEynODOUW2sqqsoq3Jq6LyyJUhjFS4ChsDwmjKH4lcrm/T04ZDivh0NtqGYF2re5pCinyXDCYaCDJn7lJMLezc2W6CANZ2RCn+byYwIjeISmHLqcbtpy09rSmqGDS3OAMCiCFr9xOTlZjdsA8zL0HZz+R8kzCs8yCn+JA/BrLRTAmNlD6FFKZTJzEW9z3bCkZmRko4onVUdtemjdczzYTkhfst6NYFXLlOYKdz9vqLcWMIZCBxQYPl6/GQX6lYqPgWWMVHEwnOsFLL5GBzcIWWpFTmXC8CzvojQxfudvg8+nAVkN+HJUHxyxiGrd5G8X74rg1WNNyCTR+FHxiasnEFyGRoVcmPlKDtPCjDn6KFDSbW8xdkii51nHBZ73aaD+Ox8OPDUh1Ox1RkVSHbqvpYajzot4YAUI58YoT5VSgRjVUzYeVCwxL0nkPF38oYC7McpqLjj7mO22EPtDbIOtXN/zvmunx6m1YF/nYdC6lTRY7c4Itl5EKl37+fzaq6++9eYb0ldh6v18udyqdIJCukqHS4VeFIKGGJ4+b4tIF+nSHc0SqKL77Ayjflu/tF0fo6BR8FnTeAC82e1GYhoLypi+2bq0I0aDdaqqUE5tw6q/PImb+m4HyunJEL+YPmI/gGtax5obc/gdMSUTWprwZX90W1eVTaM0OLvZZeP/SmBTtMxlPhlvImpLuijGNVGUqSsG0bTi5jZxiAiXJtgoIefA3IUJs4pzHSDH1WLOGH86ujVNRYH/lYl6vFDUzj6mclteYp5DVmTuOnEoWa4jF5aVbjtM60aXwCevxhQooEeNmZURcuSYe91U+gJPMhhz5cXUpq4HTpzSrOX+hkLGrZSYSImNNji0gmM5S4af1T0z9aCMemjpkI+3VwsAojDVB+HmyLT9hpNBomVu9ro11oKBRXvvsjdO5QAXk/xOhjhej5LDXo5955Vnv/Trrx7o4GGHHXbYYYd9Ru3ZrfzSr7/63/6nXzu0Rj+ihW+n/KZWzAzC+Lb85pj9ulT8tIa62Y86uscPTJO/mvA8vzHt+Lfvy/+554mKI+fT4M8/zn8+zu8xCKHbM8f54/xHPK/j/JZB+GHzqZ9Jo9m59iHp9+77UAbhbv6aVIKSkhQg05TzsEa+Z7xPqn0JtlB8Ghkt/EC29bt3LQ7F4QcP3+KwsTEfqO69a0ZFPT8Dh358DRBWN1/dlR9/+qb4pAnWS0RkXddukQhjL39rTV1oMJElBwgNIyRaDPhbltOy3CzLF5alteW0LKfTsvCyKDOYTQ5ulhilwvfzPfgVsAGX1w5/IfF+SoFAmGhdYyZGgI7c2NVFQ0N0oIMm0OaMNQLnI8XrS0UvMophnBmlqS7g61a7AgvpijFDBnJsnIDmByedwEiHhCnYLlkd0HFRgToQzvwBRI1uE+NgOJcHPEZRAwnobMG6xHl0ILcBAqgjmwkP5CNrONsHh9GpLwHTUja6brCfvOXsbVel2s9L5c/t4pB9KPQ5eGjaiFJbpPYWr9zEQUCDHxnQ7OgnCjWNP93pAzNCX4fwFsDbQ0CjeIhtDlH42mF8WOrUWAkQjsqZ74aSoPIIJfRyR/MPpFjz2nqr0nyVebZ9qF2y1IewqXtclWZG/eaRqFdX+EqS0w65HrBh94Oq5SR0Ul0vlx/+4AePXn/9/cePmfDkyeO+XkQufV1bI0hH76pdtYt0gRCAZrXq9xfDBVS7CBFb/ZvWsyoZTzD/sziyTnICaG5FWwQQGsZibO/AmjJS2oiQN1hVDo1En5Q67wUahXnEJenOl9jAqeAM/VgZBtk9GHukPukCsZR69Y/lzJVUdd7jYtqVqaPLOVmrz9+WP5t6p3bppGQh70hI49ldhpRCkrTQnctyPDAxlLklSXWejw6AdtoHcDWZX6/jBY90wieVQUZEgPi8CM3YquTPi9BHTfgPRBCxtVjqJpUQIN3uCXDK4cBdtUxUY5vFZh/AmMowVQwCFKWr0ZzziVULs2ZM4E2/qsW7Du9Xx+9A8kDJRyx64/ZkHUDzfUu+BDZisKJbu/sEYoERK0/TX2vGLiVi5rERycvmNcUgcNOmapixqqqs66pB0YXvNvAgjLYNy7RQAeq9SxfHwf29TFyQmRsTLUv70DPkYS/W3n53/eXfeO1QFj3ssMMOO+ywz7Q9ftJ/+Tde+zv/+V/6ya8sL7ssn2GbGISTPxbFn5x+17ho8utWryyQLqTn4SB7+T8w/fV9P6RffZ9B+Kny8x/nf7TO7zEIj8/j84V/XmHU+oLyyc8rtt9zcruv538gBuF+DlcxDpNBGAF4iDxolHkUoWLSopK3KpQjZlZiIQ+9ZyGiBvcmnI1aPHADArnaO79Bm9KfO6gP4c6zLfl1kR6Un+AH1vyraFhWkMwWYXt0lTXjF5pHzNC8tYtFRAo5LnY/Fy+WYllO1JZluVlON6fTqbWlLY3bwnwibiZHagBhQIHNfGEVIHR/XFQIEYEkQRrXuqTUyHPuYuCBCM1STmJHZuusgoAHjfloXJQR3q0Ck+4eTMxjA0HVN6TiIb4+f9XKdNXo8DCTMqWPaFLRx92jTYPh5V94sMnaGZB4wU55rwrpDtuoeZ2x7Pusln+uA9IZxgp8Pmg7gTWlp3hDAVF2bcT7i7JxH6cnvw4KqPv+g2dZcTuBbtknNSvraNVhfV9VBMwWp7AZ/jaPlGKhVtpddwkfu5KRaaL7T0CjKhDRxgpt0UKuhXoeMXhkG82s0MoarEYlzp1PlwrsefZjfttF616O6dWQzK5u3w+wM/eOxITJ1PLPrEDtAjAxPXv29I//6I+ePnki62U9PyOS29tnKmtr3IBVusgK7YCAYBFtYdjEpgl0NK4x1w1LYSZVDnonqQDJfH3AUxtaxjS60xgLXNR1y7hTFXE6nG/giKwGq8yj146F1+WeyaPJSZJ3Uzoy71LKlzsXMrBoYlRq0T5l7E2Bjk7uJel9jPqp/6stWrEvlAB1/qJEGElNbMgx8O2ULioeoBZI6DQrUESZPd5urg5j7ZXATe9QDI6TlCA670w8icuOcKCWYaBWjuk6v5ABEWIVpRQvHbx/IDdrJJiZSzjAFfVEcuamUsm0xcHbaayMgDhmW+a06wfPumJmXNVMYm/5ZrXpz4U0OUqWmznWbjM5uBEHqMbMNq7IwtBGwGbtXUUs9K6LkTZubYmFkLIM+f6DNoaSvT+ISMUyffplVl8vGjEBxNQsAqeqrut6uVwALMvS19X1203I1HVKNdFZtt0DXZ677hz2ydiv/Nbrj966vOxSHHbYYYcddthhH9UevXX5ld96/b/7z/7Fl12Qz7BNDEJNFGNmENZof7j20NLmmNwXTff4imnyV9+Xci/9Q6+655M+is/8+Dw+P+znMnB0G2eBHyrpcf44/8LO6ziP2PPxEfOp5wcXiFIZ7r58tuk391UvJ9Xz0OHpfm55tF5rK5mnNv6fqlL46FVFC6/O2RhqbkrfES8Cw6OEmagRdYOw0hlLEcwJBTB0SUlfJ2OsG6TD2Dg9B15o4lTDMYpkEKZ7sroUE20yX6E7Q9V5VFtwUHoXBwgNKTRCnrcZkZ0ILU4LRtjAjduyLAu3pbWlLSduy3I6LacTLws7cLiY+ie1BAgj1GDAeHPEQOKIQRXVzkkusb316ZpkjzhoAC23RkyReyKFw1GupmHJHraQOLyn4UgdXk8aBVBiMq5btFMh9UXTlr91FyBJWND0w4onPWI2XWFspvdm39kLlftwoQVZiLctTelKpPasoyHFTW8nvUtjYDnBkUrHfyBHyEhSfoeEmqZ3xPiM61WhIypmkTscAL7mfdIxW28bbuipQilZR3PxC1UlGBsTdW8gcpMP29FBp6JS9Ysnf07rKMv8w8meQepGJ9DynFlz8f8szVDyHA9zDTFPwxwm3MilxusBEL78bQZlawLJ+DrBg1GSUWm+PwKmxIsspdWVQkVHi3nMVarlKSNo6isVZb8+KJ1oH2mgq9ObwbaDCd6Zw844jSGUsJnVOlR8IDbC5dntu2+/89Ybb7z37ju3T59ovxBE+sWkUURlXc99vZCqSdWCHMIXe78zZMKWXJuPbKdD8qCZdI1eKw5HJVUrG6Nu+DCgyPh8HLFdqbIGY6ptFv6tjAT7SqITkwszlgCng5zsgTCtV/vkPAZnA2XfD/SoENCia9kiFNkQEqoXEYdUB0mxDqfAseypfQ6jMbbF4fCYLQc2nzOmKkQDx4vhHJRcLwdIibwYuR5EnLzN+lB6nSqXOemu3SEAUkfZ/4uH9CQWrhLZc4aib0JyFE8ey5rNjWwvUbmzJ0devA/45ohoR//GsqgI4JjIaRTLVyklYjoR+5IWzVCaYjxsmdPJVRc0ZGrnlTYhvfrnZufHGLc+NnXkoL73IpaFmIs03hnLDiRVNRat+uTvmudE1AyxZQJhObXcT0LQRkxMCrQWb2kEVbHIl77LBERMy7L03vsqtrkiNR0SIOyigK7rKr2rx7TmpS2n5bQsS26g0S6rrhUrPexl2a/+9qNvffvJyy7FYYcddthhhx32Yuxb337yq7/96Bf/9ldfdkE+q0bpF3O/7vDHFn8yNn5gTH7g6r+N67bnd/zG+/k/KP31fT+w3xujnJ8Of/5x/vNxfsFQSdQNRn2cP86/sPPTPg5kyo+STz1f2X5VTuyufLbpN/eN/Slaz2euDykPsM0/ypMAoQUbMzRHhhSnwJxGRAwW8UCDNChprHlA4jcSBTNoEvfLLeqxTg5TVQgqA2liIQRqEp/uxXP8T0Rjs7num0g4lC38lRZ0UKRbgoFZTIwuAkDMgeKYA5OJG7elLTdtObXltLQTt7aclraceGlGROG2cFscGmzmu25E3EJN1JzRFpuwkP2QVAxAzXtJwblgj1BlCq9klzrwSMSBQBouyDT0wwwDSp98enKDr1FV4yi959m/3PlIA7GiigzR/Ofeq9RoSMTLFIZDtqJTFcyj6LkTEyhODchtQ1ZD+sZnS+e7hkYf7eOa5h8f4rg++iqIWLpn+umjUNGZKlAXDuWo1SsCz7YAk6s9HPQDNqvQoJYqku0g8tsTZB5fCKTZvcIbr3QCfDRghtQedIxjy+QrWMhVdxCVuUjuX2+Ymr4UQhAIHghEwmB7V6Cad8GAK7S2YVkZZ+j6qm3PKVUaY8bElyP1kBKhDf436KjlYNN8G5u1BOORPybbjoar8pjEYsJhKA2jpAJqePr+k7fffOu9d9998v77st6yispFpRNbl+5d1rWvpLrAN1Wo0QeJTGnQB0iZmGwKa0sTIYhoawoV6YXhd/0kFJWWwF7JjQZSPmhJvicDQeErRYgZcRyPH3N1qjSAUDAwrlgLr6pYY9fFjNYD4sC1ST2HvKKIdAsWN2WSq3+Yc63KhgLLV8Z+hBj/xiAc2yZs24XFdBwTH8rUAds3EF/alhRba3JRDFI7sv5zi0ntVBuUK1cWcsyKONH+stb4r20OciaLo7Kuf67WAPF4CEiLiUXUMkySKmGiWsakDIkxnRFIvSbrBon6TCGxa4tWym0mZIsySY9JOyskuYzWThsiYE411/oK1VLwfIxI69uARSIkxN6FLElMU/a+IUSq2ntH41yt6/sBh8K5QvJdpPdu7wbMHBss1FYNoy3mhCkixDwkHIiUqPc+xH2NYug1Cgo4vxEvy7K0hakJQi7VkEU6It69ZPvGH7z79W++87JLcdhhhx122GGHvUj7+jff+bmvffEXfv4rL7sgn0lLBmH4Xd1fRpM/mTZ+YJr8wFT8tMbxiBR3+5/vzP9B6a/v+4H93vXbT4U//zj/+Ti/F4Pw+Dw+X/injuNtDMIPm0/93IsXeF8+2/R7d3loDMLd/NPndZVyWVpSBBqzOXLhJMKu2gCA2SX+0qUHuCvHdTMbcxchd0kWD1j6W3eD7qTzKxzUBdsQVShbMJs86c58hwYtXGBiewUSlGQPiKrCU4l0C36jomJRssKDZTJ3dkcKhTqjVBBxkJjsgQ38O7XltJxuluWmLUtrSzst3BZ3e7XW2tJ4Iaa2tGVprTEwRW28BggL3AEiVoxHm5zZFhXIa95xQRqhgrbGwctgi1VFCk0aBwVAOLy4o6+E77xyQlC8wBtyw/0UJqIAqyk6ZcF1nF8Io1gUnyvtQ48DFZtxnQ1AeE3E0Dt0NaNzZ6616IaJzcCojisqJJaYnBdIRsEmctnmvoNqON3fqztxwYnqMlB0SlSyAoSBF7jU2xVoWjlrGRN0Uy4TlJtLH7S+TcMEEmqCg4rNvQpkH+jgmMsGnGN/StZvNBkDUiMgzgjgxJ/JZhgNmOiEI5ybaqwt6bXOJiCYNRyPS9kNdGdOy9uBNr12nhZ3SIT3Dp6PZqp3FHRKMx7PqmPE14yAnk8ev//2m28+fu9xv1xYFSTSV4gAEAleF5wQx0tz4FmcO2Y7OmC6pjw2MLTWlmVZ1zUK4oqRifyVvoCQiEQBY4YQbsVaNlS27O2i/vLZcn9E8INHJzRkaoYejfIEqHG0kypsEFot0qZibSVy1pxfhSDnmQJowOEIBBCxupNm72ZuIhqFdrQvH01Ee+8SoJ3rUw9SM4zCGOGOa5VGUaOmcmNKSl/mBG53K02jSRLPDTbXvSuaw+GlnOmnSlPYHlwjhYpJVcIiLfrkBmiGtmNVW9cUbOO6EZEYAT2iVeaME5KrSdOfZwiENmxuNgLg24EK5AmFhjgq5QtCtFQNgrizVUA1pUExh0aeXmB2+0/dJxSUQSqvDr6xK3PgfGWIRmzM3BjECSdXHJeYKYiQNXhnKpOrqPRuz8qNpfeYGMnbpkuIMUwlJ+LTaVE9Rf9QQKULM51OJw7pdlsvssQE2UyYh33C9tob51/7nUcvuxSHHXbYYYcddtiLt1/7nUf/yl/50s/89M3LLshnz8pWwPi9T+nyTF/rvCV+6+nF9TFtz+987uX/wPQf4KoPmOfxeXx+vJ9Lceoen8fnx/ap2zP6gvLJT31wSk9/T8/Xu/LEzh1381Fsr42UzC0IhMZIc5+RqutHDfaYxa3rZGQgEAHM1GAcwtaaim05N7fyQENSnQ/VjwjZgEzpwlUDVgRAV6EgBST85/GVukgXnR1tNX6hEwUjfe8WcLAb9JgBCDkoEkhqCNiD/hmRgQgwCS52WdHTaTmdltPN6XSznE5tOfFyMhiQqBlrcFmW1k5EaujhiOsTDMLYRh/iokTBJDUPtUsNFBKVYYMwsqDlZ65qPyjRg6zCDVxlcuqhEzgCDtwEgsoLvXkw3LdKGfpxBjmsuWT04PwGs7lLVTkczKjqlOqIjXPdgrDmj67B8UwHusf0G+J5ukGXEUDZlb+VEv2tEELphKUzAsyK0Da19yGpiTbMsyFzqwMJ0SlzMk1FnSI7qqr2kWWtXtKg3k7kPxp6qtCKtU8uZoVot/BkymOgVbKqQFcVBsE4VagiezTKjICNZ308DA+4BjDbRzMVqBIKgbNOIndSVViPhRrOlEDBDDNQBglLUHnLhryCXTeEHoIMLNlajVyYdAigIgFqMnE+D4WXEoeqCR26KxvRRkylePGEValw7oml9TseZIFD6B3fb7o6XfXr+/3t0SziA9SxKevYzKyCZ09vf/jue8/ef3pibY1Z5bx2aqoq60WdO70sXS5dRLvRvbx6xvwcqqAGlHlsv9ZIBK4GyaodQZDSwGYoRDEDZBlrnU3bsor6toZhuQdFCNzIsBOMfQ8D1vIQjMyksd+CTW7UHkKDWkeLCzaa/LXYrpLo/+K1XycJo0YVaBO1BweZa0x0U5twjsTetXePsUdAF1/UbLqxwd+dpgZfGIkU6BbA1QUh2bU+y2D0haMsnVlUZvY/yfqF65HXiHoJcm22XyS8brtZoN2bD5QvPL4UAmzAMflKRYYm2uoFsiCLDHbtUUJj5JLWtKmpkQdQlpAg5VQ5zUkxSuh6J0GG+0UB2GJWF2tNq05lLzGBmUEiovC9VAEcJsK9sybu8vRhDl4AACAASURBVAWrFvF1AtEQk4ZzcVM+VNG1B9ZIrn0sql0kno27jUGxZ2yjDGoURMmyAWittebK56yiMFVSZuI1dpUtjEtf8z3LUGQRBcXurHiDFFWRTiCPN4q2tBMAFeki+S5iSu+7NXPYJ2m/+bvfX9ejFQ477LDDDjvsR9DWVX/zd7//X//i1152QT575j9haLNVOuP72Q+cad//lR8403rKOZ7hvk84AxzgrpQ0+YHn9Hdf9eBP+ig+8+Pz+Pywnx6DMPvv8Xl8ftyfZh9vnmXb/ocuw4PyVOjeCNrJP1K2Zu4/lwx157tjNKIq7o9lVo0N5o7YEZqT1bkxC0u6ba880RuGX64zG4epH4T7K0o+IlGJiEIwww9J/qhxpyJPUa2iot3cT5ZV/snMSjCVLeLWWrMSarjVQMytLe10Op3a6bSYsuhyE7Kip9aWtizMi0cUdIBwIUJrocYaCnjhc8wwhKk8OddY1I1t4Q9QEBZoK0IakgcwjMyNT+ACpg5IVQVRu40GgDExmcKnXjEI84xnVfu1lSyipFPRr6yIAQZwgYGNxfw/ESkQp0PqdsKcRMYF236lNRbhYPVds4uqE3YURmux88WPIIotxLPTsTVZHCgCdoqBYOXfepeDWOsRB+ee6r38CWOwhG0BQmAo6ApVKDHDOznXNmCnis8VWk+MgrsBwnJfua4TJ+qV0g40Okob1aVzh5n4NxkzbFP/TgsrPXlLDgq0eFh5uEo/HagAeDPJxPSJ0ncmq/2qpqmVtjfjbZ/0xdjVoKxTit+28siyqKG92Chj3YKY0HE5X26f3kqX87oqYyFhZkC6iWRqs9Si2teVRYkg0Agm5/0k+MPWox3M2SJnYwUg8kGAofuazLbC7/ReHYXPtouhLQpoNzJ8yxtJwZPqjOQTNlOZalx+NLZgeJliDOR2BN3ONgZzcuBGkrh+zAXk2GFw9yLAZ9w0dh5Apa/iBD4bvNKlixJIREUgii5iC4CBVQQSlcvak5nHNLZfpNQkYjWKZXSaVEeHwf/P3rvG7LZd50HPGGOud59zbMfxLT6uHTeOQ5sqgApUFChQirhIXIJA/GiFipAoEpQGCVArFRWpJeoPIH9oJZD6AwFShNQfkVI1IhIxTdVUuDINCjVNydVN4zi2sXOOj4/33t+75hj8GJc513rfb+9vn3323ueYNWwvrz3fteaaa17XN575PGPfVSynHUcuXUzSL/A11/HHROSJfOafsuLA0EAp4OntRRq7OZoIiEw8iCM5EdX5/IFhwwxKRVEtkHVM38D0jv6a9Ur1zYPsXFdHrpuv5tklesyMzEQhiDnDe9scosIKM7uKgYWK7HZGyg7JvqWjulZXhabEezwaxOxPMEI3oySVRu/qvqKCiaU1Ea6x4yTXtrTtklqkvtynpQapGJ/ktEQFgSAiBrhy+1SZUV0ZklBBJMuytBa91AJA1lw91Qx0CIy+SPvMZ1//2Z9/80WX4rDDDjvssMMOe1b2sz//5mc++/ohNPrEVr7WrScWFynj6Jvldum0vfdanpv874KSXM3zWnneHp/5W8rnOB7HJzq2gUoTjvPj/Fmd2zjH25TPnH4lTzwqHwRmcss1eJI8r+WDy3LmvS5xaZZ79/PH2jHP6RNFsDfYnYce+4aNLXQuXYRNTc1VvmJtonKZzlxBBzhCoKwSL1GBDEqWMIOpBucEM2msLHMuSbJCB3scnRk5uS8LHCEGUeyZH85fYgTit7QWrEFZFpFFWpPWuC3MriLavCZEpJWuqEMNDB6klCL5Ff1vYFX1FjPakexAYmEmZNzBgAaFXQoPHCHl3OUKToIgcX6XpMd6BJXaQheZMgcVpKuUpTm8VhV79rBv/cvOaBmtlZ7Bumg05QYMTHehDp9p0gqrhWekcNDBdHavFnrEU10XS2aUc/uic9+Ey/QVnkpZiKnJyrm5488hED4ihlngbBj0Qts8c/rXhJnQCMmXJEL/vQZ9sFsS7ci3ykqeUCsiCx4X4IKQVLy0cSHmyQAUDttC9ea2DKBxA2a4eGLEqVK4VOwGO4ntCBcYBKWne3x8kkPCG8/7FQjwYjYYvTTBg9GRpgmkmrGGADOr80bNo3wlmTL/QdmGtOWrjaE0lSHH3A4FvDKsHmWPvPxuhJtpC8Y2gCKytyk06maQOs27rt5oX7Wvup67wDorsbFIiGcSZZjJKE9PcVqDiyLGeplUZItIh0ZMDIKwGKkGjBRgcaBr8ReIzZUcpa5zM2bOIRAFiWpn564qDAaOQKdj22fAGGPsZGVR6e6aE6WTHOqFg2X0Qp8NLOFt5Mxo1RlGeMPGqrFtZRLZ9XofsQU15pF4cVPrBhj1oEZ3S2DW84mlrmtXJVKYb62IWbKrMZEIg9mZ++NRERty040dHcW+jxgBwlzcy7kJiGCjfWhIYta0U7l4NEGvHJ9znAlHjklTLb1ekliRfTJTD8zrtRWgvaYoKpLFiTFP5lU2+s+u208I3tg5kUqz2HU2LsQLCuYS6x6Z5YQwBtVuDG6+gnBZY7U+zs+lrETKTT6xOK5dRGQscOwiz8hrvHozMKdvi1Ii8s8TkYzZyBl7mMk/4iykg415iM3WHqz9V0rcyyn/bsRWiKxOL+M3MzM38Y+zgj+7MxEBEHXVR4c1PuzZ2cMb/Ys/+dUXXYrDDjvssMMOO+zZ2l/8ya/+k//w++6d+EUX5F1lqZO28wPTbX5jR9F26fPxEffeJf+nyPOJzvE25XOcH+dPdD4zCGnE0TzOj/Nndu6T3bPN056uDHZbnrDdeAnP7x3ytziX1kDovTstbGbXhM99clqGS5RZ1c89WkyKXRIRUTd1wUgntiVkpza5D82gajT81Rv/fkqoJduNrPxLIZmoGw2u+UbNkE7hPkveoFp3p54LbhXdkIhJ3DvsICm7x69kVEkELLK01pbWFglksHFr0hZpjaUxibSW8YDYuYOuHSri+qXGHgVwSyV0iMTFCQ3uJ3VpvaHV5nEhmTmZiFvuIGXIRIpWS1FKFykFE0ctBnCYHr0ZNbz0mU6BBzNclu18gqOLTMpyjl3N8F6ArCDHZNNVTNlYtiHwRX8YP+0gxGKWbvDFbSbbRyNRilCJ3fWZmW1WDMJdhcyQJ6Uw69SFiELHbxD49gBhvDcRYOwtQwZyeclNAbbtEP/W0HFVpMs78XcvcXR61cowI3FqXKZjjDoVOH3f+egMXug8nrkwwSpTHeMXG+ctEXkAOe/eCdLoKIkZCAXOzRqnLvyJCYQr2Kb6HkBmOrfJtonpsk9Wy1ZzdIMHVp0uC3yl7hUREXHuYIeqqsDH8AjTGZqiBPigDszAVXwp0aNRM1PiBSSXYxF3tIQ2b/nRqESEqw5tg3HFypGZ2Px4CrYZOasLpJZwHZGZrevqnLSbm/WVkzAJSEVYtROxCK3anT5KxCQtdmIQAaTq+rIVvw2J7zCxQWi1FQJT9G7MJCIIacQClzyzgaZ45xBmCmlHIybT7idIUl9EY0NQ1yoSasqM+q8BEM67B5hgNhGnehIhg7gW07W/oc9GRMSSk1uJXc/4DpEwo6P3rr0DIHF9SFp798nfp7jg44E9867oqgTuRYc3S4Aw/gp0gDB+jB0DIXnKPKAgpcR7vCYdC1JVVd8tRERErQo8TQWOj7caPYUmJsyDYhD6sN+ExUV87JupN0Zgq6pmSsxMAguwOXR+ecTo9UUAZAoyDQHQMShSc3PM3oEw1WBQSlh8XlUI5nCoXykiM6M0PnDmWdciTqFvy6loxz5HOkRXXMxBhPX5AZRbHzbrafWxeYXdsagpZcd92Fbv6trJdXgN4lTL3lftRMG7hUGYupn1kExQNRFm4XkuMYYZtOu5d1W13mHWmqj23jEXY/oyidne21a7zvRHJlp7d4XSmxtNXWBior6uagryGWa8WnEHLYVG7zoxHva22o/91Ndee+OOwteHHXbYYYcddti71V57o//YT33tD/1LH3nRBXlXWW3wLP5c/pH/CH8vNul1F23vrTyv5INrPt79+XTNtfI8Fc6Cx73jcX6cP4vziUGI2Y11nB/nb+u5jXO8TfnM6VfytEflk2e3XGO35Ykr11/LB1fL6X5FZ28I4AqiIDCBzBKUSFxkkIe8JC7A6KCXshArcyMKt0KKrW2YanXvRgvR3UNb7uCGhQbMTvwZG3D0r7Lt2rWvxd9KbHBd+1qOPOcNDq+lNFf7jI09TsQLIAAsLE1ITi4r2oI4eJLlJI4RyuJxB11T1L2rvjc/JOocYXRQkGQSGR2Qqot6utDX9I6Ay4pmvCXnabYUGiVCoYPMCAVIuEez0jliKRZ/JfxxCcFO4MoVpDAb+hIzu2ql23bdtTfyH5CEszqqdWbLToLiGWgihZcXzxjbFYCQmbcvt+uKI13t8k0nvI2IiW3rZU6H70RztFLv9Pdu3Gbf9BTiS/fh+jawXHWIpOYhv0MH7GOab+GwfTjn470UiU+V99ZKcQ41H2xAqqsckXlUAjDsZTwpqYQ7LqNGPNEhRLulST6+YxV5dPatX5a2qrdadlS4mWZMsuhLySoOuKiovSASUlXvNVFfXR3I2RIGL2tuQrCwHQJECYmNhLfd5lUmUgra90B6NoqcPShOyLGbmHhKQtMv8I7HzCwszCyyLAuJGLMSnR6e9eZ8w8wGNbCBA9BG7lhB8kuTNM7ExELE5rqJyehtrQmjc19BZN6dfIw4DdCKXQaf4kQYM0bF280K8b6l8TiaYGpGX8WIZEOkY5oJx2N2BgJGnQFgIsCIQ/yzNBurpVPH20FL9UdaVRO51rdl1EaxCAjokRl17XZe9XzzcJqvyEzX3tfenTgY9P2M3ZjrS9QTQeY68WiLNdf6nqF5pTYzZtoONaeUas3w8+vHMgoqdr6pwlDrHTOIhHynkebGiIDRnK5KtXWg2oCzKaNIFn/ZOlAXerYT9ZOIIhrydNc8QKx3msAqf+3pgs1ycCkxampz+o5ArBXfNFcf5PzrqZRwY1V+7TKpJxZq6CvjxO/EHDJxrqjSFffXdcJl711V2UVAgW66al97h4GFHfKvR7MEqq1m6/lsqiUbIQIPDeifNfPoifZiJjMiTRgYZtpa01y+mbmY6Vr8WTVibsJVuR4sGsC6ruv5HMjkYc/Xvv76+uOf+fqLLsVhhx122GGHHfY87Mc/8/V/8fd94IPvby+6IO8e8z9c4i+18qzmRshL32zu153SA/2I83Ev7e+dzm/Nv85Hnrdd/6j8H3uOp7j3OD/O3/L5EYPwOD7vo9uzzfMdHYNQDAYjYnYdswpUVSqOxko2fGqGyd/KwRsSFuXuvAT3/3QlcU6B5zajCwlT7BCaa+w0q2nCN+AX1cn3xKt2C7FSCxdpON1U195Nu/auqr2DOEgVQfsBgTzuYLyygdgVOYXImJibtOXErQVA2BZpLSVGG0trrTE3Il5Oi7vPJP6TvD4K9gYRMUtplKW7zy+xkEfLynJ+0hAXJRLXF2UWDperOO1lZEclLhoAYTqIkyyDjU9zA3TkDIxR/5PRoBBWSrTBzOGolq1+MxrTbwnvM0rq0ernxMngMaSCCpoub1ewtISdNfH5qTPFQpI+12S4Rl0GtVLz02m6T2uEWP0vt4ZNTuz0iSuUA+6KRCJNt/LkfzerMhBZRhH0Hu8RtJD+aINNw3QifSHjMBXbNjkw8U7pzw4cJbOK+tcACImISEYtmW2aJbtNjfqsiz0UN6VQdgFyFM5ZUEUtcnVfhMKp8/YKoQGCPpkSjoVfX2HTUcxYFhCMD5LsZtGns8gxjPIlLYQW1dSsoyDnJEyF892JX8zE2QNisouRlTgIMwgV0RNMQ2v0Eu3bKYu6b3/69do4u25Z4fndf9ut1Ww27hiCnznDTTU8d4O589fvwRT1DuLqi+QMtq7aU6AXLCQNuhILjJk72JRtGuRmxY62KqFR1owlUcxZ12bC6xoRBns3J3xDmSX2TKQ47ZUKzyktyJTZMcZsyzRdXjMwgYlNii9LEcB1BnQpxS/HX0lj/nTgRq2bETG8cwZY6Gxp82nAJzI1UkSAXIsFldRIFWqu8UhJxNXz2te1r33tqn3tvXff8mKqveuqHRryqV7fvlaIQESQ/dSlOD0OYjHeKioeEdR07StpdhQCG8vE+QwG3Zj2dtVf67zB4uW8wzmERBngeAzdRBmZKHiCvqDl8sjCvtXGlwwQxoYXyz6cS2etYTGnpBxzvDKRkfWuAJGCBMHNH2PAcqnDELMFMWZKsI1ayE5A+QpgppA7zUrJoY+iq+YiW93V2zHiHwOU0Vj9i8HfUYu/iIs+73oMZkJUoKD/6pgxNSLxzzAjZWANDjxTXzt54EDvA4gwzOv5TP7RIkJE3IRZHK4jDq48OJ5b+34c4Hc6apBayUNjqpkJsyUld1kWJ23G4FFd126w8/ncVY1wc3Ozrl31AAhfgP3EX/36ftU/7LDDDjvssMO+Tc2An/irX//DP/hdL7og7x47YhA+XT7H8Tg+0XFmEB7H4/jMjjbO8TblMx+v5HnLlTZd/ein3DXPa/ng9it9d7mZMbOxO9SHY9RSpwwwJgaRMZIXkZgTO4mQRLh3JiINTT+ForyCuIY3YEv6uRSKDK/TpBkYNClKFApq5RsNLCmERdV13BKiyLBxGxoQs3MSHKdDMkeECSzS2tJOJ27SlkXa0jzu4LK0trA0FhHx0IPiPq/ECJk53ILMmGRFw7XNLuGXO/SBEW5n5rcUC1CYOSIhsiOCzhFhphR4Ddd38gjmSIeZ4ew9n4kyGb1pkjLDRTvt4xDatR6/wXQnmGLmcQwAMYhl0fezuQcZrqJHlpMRg6g3ypMYRJwHCASN1wQIEANAplBK93Tkphk0sF5l8IFmyHOw2BzpBCnquaZb3slUD6FCuev8m9oIdtbm1yhKucFHYMEggroPfkTVsypDsZoL/Sp+Tw4xjB0AiF1te/3LuUqrQ1aBKSm2GlEgEWiUeuw5c2bkxGVEwoMb1U1/DN2OmA0KDtlmEhvx7KYdedfYpdGdTNcJHSyMMNuIZ7w8YQofeiFxWCA8Ja+3CGYzgDBKvsWgcl626fc7G1Vr5Ff/hXmf3qbk0WzbuzcXVKaX5ENknubxAonYJViFkWqLIDZSYhFZ2AlMgozv1613hSWtLRQd8xkpL+zcVpiIqCrApgqBqamsMOux+kAk5FxKcxLT0Jx4bDbInRyvQiUPmhRDEE1t6i3FOxR1znk0qNksGOts0VTEJlfqjp2l+VhHUpxwrzm+NRDBnAyI1EwVa9cejMCIKXg+n8/nde2rGXp3etXqUJAD8F7AESyTjcw4QxgmOqilDpMkyxrU6ijmuq4zJiosELAjw4wMh+gBQUdnqoihs7AwCvsPTJeIKedbnaFBIhLyjwgeKtzM0dDCzKxmRhZ7euBMzBjLqLE1Nh5l3/WlIvfJeAxZ5B8cpS+bu3NCatSmxt1RSMeklZ9fNL+FSNVtAGcgBiN71bixAjYCnLzD6oemGt8KIpWdA4dWU+UEPHoQWV+iHcYbKq/5TWMAkcuUO/RKzLxitagnnWMBsghgHksZ8RFDjjgKCZhUlZhNHbTN+cfUwBqStuT904IEbK01IvQkR/JEZu1d13WFY4vWtet5PVuwLQ97rvbmff3Jv/7aiy7FYYcddthhhx32/Own//pr/8Y//+H3vHxEIrybJXHhGoNwk1J/VZpd/Dr//fKIe++S/1Pk+URHvK25HcfjeMfjwSA8js/76PZs83wHMwiZxV1JHk7GcQRXC1MYB+qWMAOxosAkS89poGoaSBgDZNa1IzTbZt6BD/VJJuvREoPbQGLuSVMzc5IGkOyBRActnF29B0CoQzKbComYkDKnDQVdxH1XksiAtOW0nE7UuLWTRxbktkhbuC0iwpQQobSIXub4nxQ6h3Q7UulxsUcjAmi832DolRheBI5iYoaIA40kTDIXnTagCxf0iV2VWrb/6AhzzScMM3FFwhNuuLCB/828vwugd3dLfULZ1EiWUJglipCgoJlp75Y+8ER5nJySzud8t6lEMxvVhWPTtz/wRR1ChTNKUX76qa6y04bff9Cx4lWC7LF59fgtdOEGaXOuFsuqsMINpiZzp/V8fdARkdQ7gxES57KpEIrUBYb1wH2dKzvDliFlMfePja7e6DKbJK+9+mEfB3RG5eJ+GqQ9QFxYMrG4nQrf5nkbHUi4vKrO18yYaymmbjriFghUs679Ejh0HUW+ZlJHYnEKMM3E3MGoZq5xNNuuAh89zz3OvMkuhuPVEYpi9u5gadhlDiFXG/lTcFYLj/T/OQeQ+XTv9Mp7X3nppZeEQKzE1Ja26o1zrb1r+drUcqTDd2ikyCsTgktrrilI7APVt1d4Y1GCka2lWK1GsNhadIiTqa4+5HbV7qTJApiDeVayiZHFCEo6eqSFsO/cuwiBcgXEWQM2DkyBEXICoZbLiheHk9cKo5n/yhmwFZoz3nnt5/O6rrq6QHbX83pePal379MeVrfa1BedxAiRi4GDYGYwKMADQ06YP4QupzV0M8RoWhESgaJ5Etz1Q1f1pkT7PHEC/HwKT5wr5UBjxUXQOCu43TTIYsGysdEAGaE4NhhEf4LpRIHev5F5N/C3GGEQ4eBZsEttI06bVXH5ytXban0v4dD4HZu1mGrBoFFftXWjvhBKGDlUarcTXcyYZmSj9NoVXY1FTXvvXnuJvzq8GoPRQUeKUKBjP1DvPUZcFsMsqOdjcSVa1w4iH+kiApALvPt6VV3LZSTO57NXLIDeV7MFhr6uRtRaM8K6uiSpaVcz9WnWYL13mIlwa8vVye2wZ2ef+exr63p9TTnssMMOO+yww74tbV3tM5997Qf/wAdfdEHeJXYwCJ8un+N4HJ/o2EoMK7wQx/lxfqdzPNn1Ns7xNM+16+lX8rRHlRPOCbrtWfboPLfp1/KBXasr9/oIG8xUI3qdGcG3kJNLF3JSdcK1hkl0b+SXLi5HtEL2SkmLljGAwgknKZfXjAJeuCdCHa08+waYK6FNvv4ZDujau+masBIMmAIzaYImKXMY/AsOcdEWeF9rrS0nWU4i3NpJPLRgc3FRxwObtNYSIOQpspHTjnwrvTs8hydxkkR0v1owPxyaTfgkfObJXpJBsygAMaX/ACFLnUaQwQUsKfygHvF4+M8J18GKYiZcAREsPZw2GjwpEXPXvjRLQUgvmiZaUGhVYFaqHmtwYITbcy0EuMZdPqDAYZBrcUYfFUfAsyYcFozsCmlA9I3Ska/XI8C5HeVotiCrTnHdvD9mx03I1OsTEBEBOTywwwjrwTG4t2pqCpur1AwRpzPnHQ02rQVNA1aDS1ESf0YENhSEHAgy9t1gZsGV2xm7fuK0wJx5CJtthlFBCI5ucHq1pFZBDKZQ792VJIlGln1v7qfFmRvu7A2SmxXSsy/lQTFLiZpZ10EeTVAkiToubQkyjEBqPjXk5wkPbL6iFSZvi6gih03jrDoYXaUYPt5Irybbtk0u/zEEaoEpaBmFeuRlhlb3EEGA0mesvwJMVRvxe9778vu/8zsguLl5eLa+NGoLI3ZESO8dhoD8gGbmxLVePUItISdyahEAkwihyk3IzM5nXzSEWqwjOJOtIbAYjKWaIlE8KgKg3fWiFeoIh5ff+a4+QQZMmLNxlMxMVR3N420jjvi7Cb7lPBvld/qeERGEgteoTmynxGTNhbB9RE6xFA0wkJqtq96sQQ28Oa83NzcuK9q7dTWPM2imvqGHWISEvW2jhNSkERfoTjkV+syhBoaZqkOZMV4z7m50TlV1EWxkVyAfkOpkZWQ/3/S6edX2+ZqYSYLEVsFWfWTXNiOwUWKHLWHaGXWbdpSg977RTY6fKOd52BTwNclz0dejZcnpzgqErGi2/cA/EzC+gEnn9W+qh9ADCNKp1UaTYgvHchN81ozOaOolcEwu2Mo2xmjRjnfbDRzAzm+GBLtBTBQLAEHXWI2sgYiZm0Edn+u9CIJk6gx8880aZli197M2a2jN20kV6NparIxELMtp7Q8sKk9EFqA7YI2J18sSG3NublYz871NXgYXE+1qgBKR9u7lzw/VEKtojUVeAoPlCIfzvO2nP/f6iy7CYYcddthhhx32vO2nP/f6ARDe1eLPp70fmKbzjW82Npdu02njs7127/54a/5PkOdTnT+Vz/w4P87f6nnDBhw/zo/zO57bO6AM74Byut2lDAhcgJhhvpWbjCzjAUm6NxXhFgsps5l/V06t8GilPhV3VpsCL01aUbYVhbvgHs2gSC6INC7LsGFFQlI17X0tFCB12Rw3UaR+Z3i7Q9PL4cDB1PNgRyBhEVlaWxaPL9iWpS0Ls3j0QREhbg4fMguzODzoaGJtyS8SUqo7ykwyQMavQxapAAQKIkOSzpiYSRieU0VxSlylKBdIFycmzgeK5kLValPbbW3walAUstFGAzab22iD6c5u4h2yhfpnYbqDmmfJKlELvmDv3VXs/HzTsgkUz5KnnkP3XgFQgLKjcgeiGfEpzTRCol10tvr38FAXhmkl7KlW7xzxESOHEUqQJvCrKIwbutItMO225kcTlGli7EGuxKjOWWjUmYTVOWgwfSfwbfLL706uOesHlmDByKQayza17HDmJ3jv00z5471rj3lj0yNpfv5ISyBw9D1saikjHWZdqEKHjmigzdMkExqQGHSlEctzO1hmddGtw37jxp8ZhJsqHd80T2WXWVwn+Prg3dx59eljSp7/SRt0sR7kg6cvp9N73/fe5XRi6wxZGjkjiphJ/Tndd2IwBBKClIaAx1LEmaf+FDBN7KpQo97JMmhdE2+t3v1ttXDrRO8KKqTMj5B7Bsh4MDcpdrkkqBTvuONIRXuP2ZqSxl0zSY1i7EaoJaO4+/RlhVs6CkihjW1khp79UWHn8/rw4c39hw/X83pe1/O6nm/O51IZ1RhTiQJybgawnNdBRNKKM398jwAAIABJREFUN4b5GERqqkl90G1TXXhMSvM/Y5mC5a9TpyYrvuVGu9h7QtrEe6tBByJC4IMQZvHqzm54dXGK0Vo7Z5OpOosXbNoxu/1mrMa+Ea41vzDfqq66ad6+gs2UWK+L5H7P4yyFd6eosvnBV2Mthpvnz4CDygFk5n4ir8aCe2ODUYqR+h6MJDJzchdFSQNtU7BwExiYhdSqsYhEap+A74vwadOphy4FTEzo/upUc0Fr7ez7xqZ1f2YQFrTpI3Uu/717pxIaFddiLWHcCIjISR4GMS/LAqJDYvQ52+d/8Vtf/PLNiy7FYYcddthhhx32vO2LX775/C9+6+//+1550QV5l1g52O7ip73qm8Ut6eP84vhYH+/j8zzOj/N333lDOayO43E8jk96xBNfmZiZBYyRAm557tc7Ey9lLCe/m6WP3wmITqzrwqSEUAR1xbbwTwJFTplZZBukcCqeGSLekCMNBTwEdSDERNfeVbXn772iiwUoha0DH0QiAKm5Q5NZhKWRNGmtLctyusdODGxN2iLC4sqinHQjaQ77zWBhZA0SD1xGDuDR2FZflW4DKRlAEkZAQWagYhASeeCgclwjCIJEnv+kLFovONDBARsO6LGsQnPhFis63Cxylo2XJ9gAhLt7Pb7SOM0WjF6lIZKZ6GAAhKaoxLykesqAMN25qRrhDCkc1lM9ZI0nwW2CltLjXxjq1t2PiP03kGqErqjahAiohsihO99t8nkWTkxVh0m7HfqcM2K/H57bUqUiKnSQJm0OQ+g4WEGV0fRJdeGBil+BBi8AywrgmAXO1Gz2Yg2OtrCZcRk1Y3PAy3rlYu1Ur72Euxyz8fln2mGAGbdIwHiiGDtkq1EvG4A5LYcIJJ3xwiwRPJTK8x5x0WivEkw0wPgNnrlHB/dvdDe77a7rtTTfYxfj2KlFOyRji/4V5Wmjc4tYCUaQR1Vti7zyyivvee973tQza2fhta/SXLiQzOE77a5+yMICVmOFZAw+o0ECpdH8sWeDRaQ3YSgZHBVZTs4htIySVt2GJlpXEFaH/GT28YEOeWemgUWNSiBg0MKK5Z0UMx6h/dRBjfyLUDXERInQNSE3MjUoSFNnNOiSRg71eTC5ddW1r6q69n5zvnnw4OH9Bw/O67r23ntfV43+i6ClzROK93E2sHjMPGJG7F9xLnqAfFrVFTFxdVTRBkGrNp+C/hb6WoAokbMMhwCra766fKjHjxyEVdS2P6v+4x/7NIPr00aAHXNvM6Dmfptzgi+ZZMTGLE7bHERsJrJNbFEwYGBkrMZcGQNUTnhrP8Tm/Rz+sbT5VplmQyK2DBRo4+7tWJyQyDFZzc9ygdCEaW1sczH/LBsBCwEiEuIVRETCYqJB1Y+fBAy/J8FjJomlwWAeTBRmzOxQnxcjsLosw0QDpUmlQdfez+sZBmZ2QDy4pgF2kq+LLiTriqMiYjVIQ7Q31IXP55v6kGzLMq3ehz0n++zPvfGii3DYYYcddthhh70Y++zPvXEAhHc1Gz6Rxx+vXom73fvYfJ4yz+N4HN/xx4bd1vbc/F1O4SP9SH/3pc/Htyv/CFy3TR+77B+XT16M8DQxsQDG4RdGESpCfEzNOCA3ceIFsZECMB4xmDx2HzETkxo5aYvNYjM4E0DWkZHn3Nu1YUgNd2W4/k27ZQydoRdYBeu9q3aXFdU+wwRGpIC4jJdlLECkH9grgknAwk4BlNaW03K6dzrd46U5ZFB6o9ISFJTG0oiExJFFD6PUvBqIMADCVB0sDK70uMzcUYki1GRYQa88AsHjDibKhJ3DlImEhxDcDNxW5KvtLcPbO+BJOED1KNuSw6pxsoWKYXeN0lQ0jASONIBcBMYVoGDyBdc1JDPNSHuAOj2JcaUsahlorw/8Lrt41Ig4ruodfbqmRgI58pHabvVSlCfQ4M9ueDYzjl1EwsLEGBWoLnQrw5TzKVlFU1URNl7pbBEqmk5VpqLCHiKh1sLJdHI3u4JcaL41aa7rl2DJvm9gi1kGMpdquBtFVwA2OMXl804Af0bxtRBTH0kJDlVLVH/cPD3+WcHRgvRs+UNxFh0zSjhiQgcLINyhg1PcQSaQE5iaizZGe7EwMZHUyCtY5nLsFFQ41ed0Mk/BT2K07Rx3tH0jAVl5Uxea5YNpf2mOnur/sXMkfyeiJvLyKy996EMf/NYbr9+sK8Bdz9xOxMIs3hPUzKCJXziiFeqtsXBZ9cANgk5E3HjBUt2YmGRpYovCdF1LyyXm2egSDkkZFYZds3wytwPQz85uumE2U4YqHaHvXA8zZ2MvtKp1jRWQmRMV8j00tqr3q4LMqQRAfbNK74lcx0R3Pp+DK3hzvnl4c/Pw4dmXMfWJLtBMIgKzMIn3QX+0b4Joy8IiXhBpMd2wkMTi2FFgkqu+ektMgt4eda6afOzg8GkkSfC1LsfCGpFQgwTGYN/Ek98YThtlqiWNyNlmTDzRwqiQXSQPPjuGA0hUUJnLiNbYyLknGk3NSECkMI3gryBiFmTgxHwFBSciqciFIWS7r+2Tqb46aQBQpZsZGdUKSJxxcnNfDkDQaYBNw05EZkUEzz/aYELmdqCpK4r3mvZSuZsJjRksxlp3sG84cslVkRg8QZyEwcNOO7FP1nWtB53P67quItxdM3bqMEhd0XVdz+fzzflMxJKvtvZeX2Up0zBPiWDm8/lsieUzcpcHOwxpMePGJqnDnqt97vMHQHjYYYcddthh/z+1z33+jT/yb370RZfi3WC0Odn4V2/z916mVz539wM/9vq7+4HfLr/02+7fPtKP9Iv0BtSOdapzm86P9CP9WjqeOh/c4Xo8Yf7T9Xa1nBjPtV3+U3nslvztovy4zOeynJjTfWM9ExEJ4jcq6JCIM9E9RFpMC9IhSuYcBVNmRipqMrmUGjzkzcBpZk0zIirmH2YrYhTcKauOCU14leZW9zXv2OI3FgGfSLhRMyIRIeJwkjnPDETcmDnpg0tbTm05yekkrYW/2OG+pAk6pkDkZCOW2Abv5CPn/6E1SZ93ohq6kSqzWVxrAgiZ2XN0HzcH3DRILSVwVuSY9G3uBNU2Xrn0t84pKJAGt1t1JWjgQjOUayExOWo+n1WuZCTdzdmk0NR+9V6opt2TzLojvPVzQr09kOFyPiOLggAPM7akAwcVuLHcvjYGSHTp0hfd4pqUnJ90AY8XC4+5o0xdVTNDZ1PEV5mpuVN61xbX4J55LGyxVS/GuKSwDJuRuQQLa+RE4L3IotilLCxN2qxyuXt01QwmAs0FjWaDWoXAqRcmYCGneW4AwnBHi4wInZMXPh6kNvfV7RMDRQYcaHTN43xfVFeYZg8zUiMtcHDPHfTHZTiuhFBFJnAoB1AWJ/jU0298ASVc0IyuNPkOBH0ys1vd5TOpt0ocVecbEfb0wbgco0sQETx25XQBjZ/8eqblpXvv/+AHvufT3/uVr/zm/ftvimE53fOpkgitLWQ4q0JJS1uxpiBiYrKMC4tcR7zanaUkxBATYdWuai6gyMKiQmZm3bfFMPM0pA0UO03U0SjONhryywan9jKrmUKLRAwMPhlFD82azIXOzLpp7zoRxvILluD9tyvUjGOipAgO2rX7FLeq36+K3vv57PDgzc35xsGY3ntXRTLyS2QSCXYFw5WYyUc9MfNpWZjZZycmYhgAAQuzI2BmfSw1sbTTjPd4/U87PEZH8knOppkTk9zlzDUcOq6JIPqrkFANfADalduIwpv7PWjiIUfMQn+KTXLsReX2O2uTkO+hIA+xaJCx38YYMGYjqHbAkoSZZHEgMtmuldNEcvFNEm/dqx5cMkF7T+Znp60h2eGXWQVAaKa9+w4kiulOfS0b8OB2Qvb6S21n6mY6sbSZpQQKLNjuVLupTHtEPARIjSg4+iKSKwjMsK7ruq5ELRmBEWqTmQ1OoKeUATfm6LNEZKYx/MjMINwAUtWbmxtvL68i53e21lpr67r69M5MIic4tRF05ZvwsGdpf+dX7r/2Rr/DhYcddthhhx122LehvfZG/zu/cv/7v/flF12Qd7z5X4F0Zz8zbbzBkY7iedyWDya/cbpjH+1/LpGed4p//kg/0t+G9IpBeByP4xMd7bnk8KRPubx+l4Lbf31LzwLGinWnKxGKWx7FyV2gxKEaNq1KMJDQ5AncMJB8F3/GNPI4hA0aBK8iWU0uuXBgCQvUVltLaKscjbBCn2YFQYUpYGpdO7qupp0AB5dMy5+WTtHQXIOTAd17qP5WLMTMsohDg21pix9PIk2ckSGNpTETs4g0P0rghexUv+QQBvNvBDPLSrrwcxVzpWhaTlVxbJVolJ2KxwRX50sNLq93Hligbf2Sm2CElNJ6hcIMf+7+g8fmf/i3CFn6rYu65f+u/4+fyeDu8oLVYCAFBWTk+JrXv1qggaq9m5l11T7wJQxBUHhbcQbc23rpS2wNxsQsJCkVWVD4KHWUc+KKGAFckNlA8JFgqC9WRsXXm/GYdFqj2HI+moSpOZOWGMTOM9mDNGMIkgHMUsicoxNmND0LBUkkamZVH5MArzMeiYiEuYk0aY1cSM61B2fwElRTwRAS3OABE1hYtUjujbaIAOpsP1KzbgPg9UtcutOHTQyOEaQsKyBnH5+zBq6eypHVVKHkusUFC0x2rNHF70xDa3XIEsPGxgeAJ/1eHgM2hpiPuUZOKJTcARDF5kGuRKn5zUO7uk/V5FVE9lazeWvi7cNzf5PRDu4vGuPAwq+wDAt/Jp5ru0qOWXgaoOXllz7y6kff950feOONN9a+vtxONG8bILCwQXTtYCY0NiMweUhbWLcghoXCszmSByd/efcQYTMJAhywtMbA2QwmRlqDASU26VsDjEEwzuwxqYl6JyAjU1/oECC8ijCTBFBtilCdFWc3eXf2ejA1A/uY6WrEFNg2k3c6FxgtUWRVW9f1Zj2fz+fz2rUriEztvDoi6NxpJwwCROwcL98mEvtEokoRAWjBTMLcso1SDheW0fR8vYEaiITZ90bELhNmx/y8eoJ8m7gf11+7RESkHl5OVWGujGymrs5Z9GIWAUGh67oSQc2Y4DKbzvjVrgAJExMnvXCMmGQ1+uQ95uWaVAnkHws+oBINNK5Gd8wY4JCIRXeJAlWFeY2oGklgv6pKTIGUud5p5BkimrnhyZ/ItcWBiH1LxETOcwwPq3WvEGKpfSOBHPsnTSGOQE1EwXokEmZqzVWyqWBXtfEFYcXdr+XAWNjnvFAAYAaTQh0pjVFNITZKsfcI3oeJGGCY9ZBbiBZvrZnReu591XXtvqKezysZsTCMoPEJ4Mj9uvbelcAwCs1tn581aY1qlsLMY7xm25GwNAZBWgjQc4aF9Cn9re6kOOwt2t/6xTdfdBEOO+ywww477LAXaX/rF988AMI7WLjf7uqnvXolHpsD9uePfeLj8zyOx/HddywGYXl26nikH+lH+uPScZfrN1e6EBczqxqRWuy15+E5QyAkFejOb50iPNVJbWQXYiFS92oFtSIRFiKh3CzPEvJUyfhzt61WUDgAySXUCLEW7MJwsZoZA+be5K3kH4sYzJL/k459wMicmdIat2VZ7rXltLRTa4s0EWncGouk8ugSbAHf59/aRDlCIjFcIQODoDZ8rTRoGEXv3AZyDFlRDm3KFGZDYpCMydNXBIvi/w3X8GiG0S5IN+gEiz3OqrcMfCjBhoHPhDcwHbjhjbfwxhd/1iOTmUInIhe66tpdHtbdtdazdbUg5ZKxpMrfrHaYDC0/OMrnwRo9qlxcr1X+6v1ZR8NjScBEQrMZ0I0RRICBzfogomGKsZevzkTCJEIslIBYjZdtnrM5Qugu+g0iOBgtE8yOIbY7aJZO3lN/EWYWoubgtnerAUWjEOhdEVzmdDs7AKFoOkrlVQQKf7UhY085mbd3nzFGNM2I61bo+YximxNb53LU/0/kJRBF/LYaQQNMVbVpB4J11dqVoCEmmWMONVO5NnAGZqz4gpTwDBdrmBO0nxQGxyQzvwzyQ74Gz8W4uuPwuw0dfLL7aHdyW/zCAZXvOup4ru9JMLCZUeP3f+CDH/rIh7/+ta9987XXzHggPwxlJRgXkK1sMMYavC5WM02NZIOq7ymwGs8+ozYGiSpZN+S4NlVGxJft2uutckmj0K8mNrD387FfxBzACsFg9rcl76VwVpnCoL4VwkydVx8wkmTAWkdQnSDolDgzsHgMVAOwdj2v69pX32qzruvNzc3N+Xw+rxowm53Pq/ae0QldRRMMIWZnp22YrAk3VShBEZbg8CkReIpHOyDhiFdHNi2GzOKTdYXVtOLhxcoJy18FYODszOmcLi33u1Coj8Yy3q3HkAwp3ljpYl+BAL6ThoUCCywZWKSYa+HsNr11LT4FrpODuB76MLadAARIDpGQIo2Giu0HNDRpc7NKyAsMrt2G4+/xCiNqbEx2vnzNeL9NCgrEzm1MunotFFt1VquR0Xs1tKpa7wGYZrhfz1S11/IaXZ2IhUOmO+ZQGFlHV1Jw7ouhWaUlRmhNWB7icl2VmYnEjJhbyLT3rt2YxYDzeSXiBhCxx9RM1iA5odbJ1dqRcYVLoYCJ1HuEo8+5h8mFL8ylnC0A+/yGcN2JsWHnsOdnf/uX77/oIhx22GF3su9+9d6/8vs/8L/+76/90q89eCEF+Ph3nT7+0Xuf+/wbB837sMO+zez4GLir7f7of7Sflq6l4/brr6RfPvEt+4GP9CP9XZZeDEJcHI/0I/1If1y622Out/nKYHNQRFviwb9LhGmS7nTvTbDFim0wR8oZd5cOn/sQ2REvM4ODRToQo+Glw8Qd9FnCTHs3uN6Ze2JNVd1VVcQDQIgtyHjB5XA/J9w9Gj47TqlNEZFFlkXa6XTv5dNykmVp1NhZg61lgCwhZpEl8MEUS3SOpAQeOOF8ye0rGHViZ4VXOmHMwiTc01i+u0AH3eXIcEfnyHFumgAId8gfDSSXAlfEo+0azTHb04p6NyvQJRciISt/O2gGBgN5DL+4L1HADCVofRNx0NaewpSahK8ZIDRCKsJVqWzqqA4hMBF76xrm0GsufZbvcPEVlT1kTp09uY6BbRitgUSpmQOERGTMGOTSIaOJ9IZfr97s9hvi1lSSEeosn6vdrOdA8JQ5QicBrkbojFfO7sM7eG48cA8WbsqW00bVnBdOaTSEVixJ7d7MhWMn+fW2vG81n2w2SVTpNtDBHaFTNz/lY7IbRDy0kgfkGs7+/60JETn/dEYHhziqYdQebXZIbAfm1NPuThx8OrstkugGJrylJNvNA/tripDsPCcQvfK+93z0Yx/7zS/95utf/61zX316ZKbl1IgIaxDWyEzXDlVmQc4cTjX3bitMpaSoZknE9rmIhM2EyMAgpa7dFKx6XvuqsECSTEkpZwhgLFYD1MoZ2DWg0fvZYOKx+sTHl8snkot0qmpfO5VUqTCYPc81GboGOF3WzCiIrVhVb27O597XdVVVA7T33vvag3qmGSxXBzWNSFhCI5mJlnmiKz3PmvCFuEXUQFODLxCJVVGJN8a7bG1AWaVWLRKkbl9hiJzEWcrhwoIpHDGP8gBAoY81Ert2VxNnDs665SovRKfWtJb4QXOvkePP7VEVkkRQswwTSHBJ6VySchNRDXmFWeymgZlaipm69jKZmfYUKsj50OfVWSJ1sPdQMgq2w/lKCnWqVbqYs3Cp2FyZeA/BNFtxRo2dZ7axjvuFZP7NphwvrKbdlJRYNUqV1FkLHh6pkodqxvgaqIcjqP3m2KSdz91b0NS6GpExsUuJ1m4eC0B8cCvnWmKmDDI4mnZSXzZi1LowbwMqNYXd3H7Yc7Bf+LuHT/Cww94d9kP/1sd++2+79wPf98of+7O/8vyf/ju+5+Uf/qFPAvjbv/ytP/Pf/r3nX4DDDjvs2dnxMXBXyz887+SnxbV03JJ+PZ/LJ75lP/CRfqS/y9KbS5gdx+P4hEc8ZQ64Uw5P+pTL63cp2Kbcdh5HIH65+qz0XT723tjN4unlw3JXo164iEcQnXD9oxyRRlpecnNGBpjUNUZFtZF26x62x4PTcDrHtBxtBqf9aJLkCBGpyv2LvfdegpNq4WAtYpMZWW2zj+BTSMhTCi+zIk8JizSwyLIsy2lZ7rXWuDVprXEjxwqCeeXIQXOoZWAJrtcmQw90kLIKNkjcpaIclau9dFoLemAKLS7m1IFEUgmHj02TtWkcWpGbUIKb5zNNDfVk+MRVr1zFfZvi8hWTbrrGKECzUgpVA+DtO8eEc3Rwdd+56aojtwq7VLQ+5+eEOhs2/MGoG2YIg5gyRuPuLaoeyOg6kJJdfUCBFeovPZiWiGfVgFoCFYD3jaUtFXPLoWDx9kliSXiNSylzlNPmxCBVlfc0QNXSzrQaDsFinDJv3rWXRaJzcvalqTvZoJRc1gImODCBU6cQF76fVYQB9vfQF1URF/ULmE1EKMNqbrHJuYHKXzw7r21bquLMDAB36qLpvtaJgzqQhEDmOZjDTSbLcS0U+sgpIBxyoqnuW1AGTzU5+iHlCL3+gs/a330bErkDJx41I3ij31LMrt3UmMALfe+nP/XlL/7Gr3/hCwQ+n1dATqcTQCxNzBAwsTGDuYmI850MIEhwPhmgRLZhItRac2YSjJFji9mBvAbg5obXtVYRNaiTFXkiZnsPpUmP0WUXEzUKZm6BxFUzg3oNCAdE0U2htjjmtjRR0+x85/Vck5kjK2vvN+ezA/WT0Kg6Lc/Rsv0Oj0L1ODoegBxHVl2xWtD7nWtsso2oshOmZUWKzVfzimHfOsBMIcvsWyJY1x4FSwFIx2qMGcQsye7KxbX2ZQRzsVYFD9KaLEyJFVCiZBXOsYhiYzRdbKlBzsV+Z21usOTVgf2DB7336uS1JIWYak1ccAw0FJmdgecAqodLNIOrHXiPhHmEYuSr7ZHQ0lz2QV1BGXNWIt6+zDzwXQ/ANi+K2Jvl/2HuPUjQ8fGWLHTLIJibLVnbHsXTCliIXXXFKiqc8Q7AoOaxJGMHQIaWhJeiNa5PtYI256iuquNB8/tWSZxxmP80ZvagpVU7qqa9WyrfUg6xAyB8bvarv/5gXY/aPuywd4e9/BIDOJ1uDU39TO39742tt9/5vvZCCnDYYYc9O1tX+9Vff/CpT7z0ogvyjrbwr9KdfcJXr8Rj7529xBh5PeKux+d5HI/ju+/YkhOzPRI8hNORfqTfkm5PmY/lHo9HXm9PmP/l9bty4vbrr5QHj3qu4ZHlxLjetukoblg+YO/EH7vgHZhx9appY3iENQIYEGYTSRyITd3ZpMQENkr3VvnXNnBTaFCpwzGJgGgFnuqWXtliqhWXEOW6H3JsgQ76pSwOBHJrxK0tS1tOrZ1EFmlNxGVFAxGkgg2aMLVyKCdyUHKgG15FhlYatUdU8lmJVEzb6h0U5KEqBw5fIQWYkaCfk59mbyA2z4gG3Wce3zEDE3g0n2l2yU0crOwAic0M5+BERlUknQ3udc0IcLB0mvcZTFrXNekI5VyN3mdzj/TMBw+jkCEnjCZY66CUu66vvBltq6FeciKgbIFPzZJvvMIOOE3qplXlg5FGEaOvkOOZx5aloUsxz1nodEccDJ5e9PQog4+OKp53nsVlcJs0kaK0egzLHLAbzuLMnsm+crVnlL6rddMZojSzlIoNlTkODc+oD9fyvEAHN4jpDj+7gAmj/jctBMzu6SpDObKHxz4HJyPio+7QwQwnGmOcJvQ9B9U0uDbo4GZATVqj2873LEmEm8wvYMhLJ/tbKMpAm5iESbu9/Mp7PvbbPvaJT3zi9d/6LRhU0dW4GxGLNIN1BMGbRVpb+rqaaTJrNSQhiQogBJOE3LSDQBKBT11hFGhivUFhBCMzaIcvILmIjGFvcL3fRNw1V0sQ6MQNBBZkSyPhL04qIPnMYiAyMrNz79a7dj2vvffus9r55hwEXTMi7qrrup7PZ6Q095pUwqpAXzU9PGrRqmLk5mri6J1rpCa4zjHYLSnoF9NjDiKHx6jwmAF8Irluo3c67kXCbNmTJ+SJvOprKEUfUNsMC4oIc6oa+B3MzHILDVPpRk6EbwrNUdpz39NUlYxIjYVZfBLzDSjwTuLR/qpUOwbbmE/MiFl1nldj0SASX67GDBLjhQJEJtRnRgma5mJLyHrZ8QsT2bxFEJiia9EmzSufZ1g3st1WTq0PuQ7O6w/t790/ovZ9WG5tGdNXQX3VXQcmzUwbSh+Z2bquNbkmHOirzHwj1YxdPTHCNbKDxfldRqq+4WxCIu+sh37Y22C/9qWHL7oIhx122LvDPvf5b/6lv/L1j35o+bGf+tqLLsthhx329tuvfenhARA+2p6XfxtT+vN87pF+pL+z0ptd5RYaHelH+iPT8dT54A7X4wnzv7x+V05sn3upVP3Wyv/ocmJOT1/RjBBeWQUnD5HCZvXOEA6tzenEwmJsxr1TeJegqj2Bx9mR59BGKCVqeHlNlcxl5EJBq4hcDpBo8a0CQXHEkkEMDv89mImF0vsJgESkLW1ZeFmYW2tLW07STk1E2iKtJajRRBb3zob4YPIfBjqYSEJu+qfZc5iKkjPMEXVV/MGK0DZ5h+fEwUpMEDZaYnh8I88CMoAd+pgXFED1OHRwdMfSEE2v5DhNbKo4XAnVuKZoAYcuO9kH16333ntXNSeb9T5wpgJS0zU5lzP6aj3aMkyTv2aiPBXFClQvURXvtXPhtZ0YgZgAL/PXmXDQlEEryLB4Y0HQw+gSVL0gT/cBruLn4YuP+h+0icIk3Vk68MtBXtQiKrmvn0AisrQWHFciEZlgOd2VYA8N7ksFpFPcYgaAEXryf7W4oREMtDvVhhPY8IidocSLuUsi4ZJidlYXHg738D5nMzmQZFtLQqrrEBevJTcPpD89ebpRJ0NVtNBBptR4pIzoiSpZFhpjZE1MHWA7yK+PrGdCzrhgJVLGy3wmzyWCk6bPN2tj/shHP/o9n/rU//XeXyYIAAAgAElEQVSNbxAIzGpYu7VFRNiAldcQRGRpbYGHiSVTVRYmODoYhWZAR9MTS2MmGKz7lhF2NriEpqKpmRJICRGJLXml2W98gg1+lLNlU72QRZx1GO1qEa1uBNQ0C6HiVEI+n8/r2td1vVnXvnrwNVvX9bQsIs1AwtxV/SJhAaH2QFiRjGsuB8TDHjpZHqnGiADBHD9DqFgLCUFNlQ0aL5KtTbv/+n8SgIneykwgA5kq5bNK05vGtgFnCIrm1B6j1qCYZQXq4eBUYfXSe90RYGq+cjaR8YmTee7C5WZvHe+EYI3HDot641AQZXYOfcm05k4jOFS5g8r2fZgJGaE2VK+TlueTumO9of45Jj/yGZeISCLc4Q4XnM2ufZZ5Pc0fP1ue36io3TXTAKTC23bp1YS1fEzrP2Gq85jV42XHt4PlAl1zXnYkqed6e5uZa4NHJMtJZJWIet+/YCwKIq4IETuozLR3f2+He0MZdaI7P9N9FYfN9htfvXnRRTjssMPeNfajf/mrL7oIhx122LOy45PgDvZ8/Nv5LKu44i/c336kH+kvIL25jyN/HUe6SDnSj/QpxZ46H7vD9faE+V9evysnbr/+LuW5KD/cEfXocs5XhkN1YAJbhbnymJe6lLtut6wVKlEvGjQ6BnPKirJZqGYhN6QP70/mrtrNAg+hCJ/jUYc0xRUdNvQ4gqVUGjwyJ3F57DDXkgQThP3tiIhl4XaS06m1xrJIW1o7sbRlWVprIk24EXMwCJmdBsXMDGMqZgYVqiAyMLyNtCAlIOezGmX0siQmDVyJPXxd1hQVNjjrsFkRR4ocsUMvIuRixElDhX8sxMzb8HYRwsLOkiuwFW2bqRIjOiCCF7lBtpLspeYBt4KfoWrrqn2W3ktXNNFwXJejdpIbJRQzZYBn5iJ3LBEmLuAA2jNsLB3MVO7aHcVqYIQFDbr31DvlVlU1IOqiwIIy6FcKUqLQQSHvpo/EaYznYmB6wVBi9NtpbpGovN67kzKdL+W6ma01jxwWJUyvKwc9a4KPJhhz55m1kIAEBug77vX4nw5Srh5lLZlSrsZbMHvzqHIVeDPy32JacJ91Ib8TPB3PJCQoeQkQFnHwCmswYaEBukeIyOg0QdLlSa3XZyuCuJyjgwmE1Ce+yh3c++ufkVEAFY/oS5tNHm8Ld3CeNEIDGdZ7byd5/we+89WPf/z/+YVfQNeAt0DEC4s1hvauOBt1qHFrRHCIC/3skopOK4eBiY1JE3kj4ibCLKZwsqqPbCYW3xoCM1hfCdRNu7c8IcRuSw5TvFcnx5ADGiInpIFMUWq05Kw9NVMlA8HQra/r+vB8vnn48P79+zc3N+u6KtB7ICu999PptCyL7zxxwB5BWDRVTZaVzyTOeIvpYY4Hahj9CYlRjT0oLsRKcHXO2JESlaAZ7NQc8fR5XoiECzLkiimoMEngMOffEQjPtz601gg87yaJv0p3Wy2opLBziCkZw0MiGlmM/cSEVBX+IJGcdzZ9i7D7GsgyDZ1lRKA82pHYSzI2JCoTr+KK+zpT0okETAbSPrYU1ApoZiJmOk0grgZAQSgngDdLoYXkwWYUGnLLRr1CTRw6yczOq+qOuldbTXZ4IYONxoRcE+DoTteQy6qQci+YwswVR3P3jMdo1IH2MYcUs5l5uM3WqL4DXbDUa4BTkrXkWL0D55Recr5mZsEUVF3P60aAHcm9z/0aB0D43OzLXzu/6CIcdthhhx122GEv3o5PgjtY+NXu6qe9QDdo8sTe7u/FlI5b85lTMs93jH/+SD/S34b0FughcE2B9Eg/0m9Lx1Pmg+vxAnGR8kT5X15/WU7ccv2V8sDdb9efG67qbT7jyoHMxxb0St/4kgwbrKuC0wzpJ7grtW6Z5ac27MBQFmSXW5xW1VR2c7nC3h1ICiJUBgbqphbxzZxiqKowxWCZWS2vYHKYiIWbMLHzQNSILCIysUTQwdZObQl0MFmDLQMNBreIRVAuWmFxsGcyCXRhAxhUjU0gTGzgL8nQyfuW+OkgC4YYZP2bC+AbACMNf94EVPCeJbD7inmsYNfApWa37OyHRbIidaIpWYqdDaXL6WSKwhVUswqvtQNy6rywMR2FsQo9N2rYReKKPEgOIt4Gf17/ae60RKQDpYuDM2LKFZuaqVr4aTEtJENTej1z6lBWbjOpcNM0tBlBFmCqjgiIiXxFwLZUal21976qdoN5n1xaO51Op9OJpw7Fyb8pjtAlTDRRPQbBJeXjRm05llBar121a1/TvBJYWFqTkOvNMFOTGOBtIfrm/jDBKomPTgNqhhB2gPElBF4TEQd5TKY+U0MZPqmJ8IgM6gMxJwHa2tVudtVu63tv2XaswUfrCj4lg3BXchb2wfzSe+7hbMvp9IEPfegT3/3J3/j1Lz58cL81OZ3ueWQ7Immne8rcz+duZ2JmNDCbrd26uNg0PO4skTARUR8LCnPzGU3VmM3VesHBNyTy+Glsump3UE1jOdAEnoo4Sx5d1yj2jJCqxl9ZBDPqagoFkbCo0qrWe19XffDwwf2HDx48ePDg5uZ8c9N7Z2aWlntmYETn3j32rbAUqGbrOTSUe8++RxlcbdCc59l7kOoSFKnB4pt3HP4KtWkuTCreryhowgQCM2gaJPPU0vuqSnPMPAAuzmyTYDRhlHCeFuqnxL9oMMwH0DSieMZE0btpbuwhZh4jYtRG/snr1/gMX8iZA2D+3PNZVdcpHl5MwptAgDlj7FZiF3Y1hWrXiqSaAOJsQyczG4qZVGmeyuZxMs9Ct81vdWVJGftSOCOFOzhwFn2dl8y6sqjbpShbeVaNOZI3wm2Caw9YfnTNUFys3bEXStj5gt6ZzbySo7a9oauvqobwae3mqf1bswysWnf9iXhxqtE6cgbAmfNhz8G+9tr6ootw2GGHPRNbGv2Hf+hj3/+9L3/He4WJvvpb58//4rf+l7/2W5fCwiL0R//gqz/wfa94cMEHD/Wv/c1v/E9/6Sv/+b//3Z/+5Et//ke/9Nmfe8Ov/OEf+uQnP3bvz/6FX/+FL9z3lB/549/z6odP/8V/9/eY8K/+Mx/8nZ96+b2vyIMb/eKXb/7HH/9KXXbYYYe98+34JHishX+V7uxnpmvpeKw/eReD0K7nMz8XdyvPkX6kv6vS2/BmbtB5HOlH+iPT7SnzsX0OV6+3J8z/8vrdU+z266+UB4967uXekk15cFs5aWjlWSoh7llWZlAFkQIgdm9i6IuVcy0ZbZRbykWVRbgLzJh7yYG6rzejvKFCDkaxAo8x803+vQNsTiQcoQaHW9U16NLX75ibu58MYJYmTViai4tKa9IWFxdtyyLSiCjl0IS5FUDooQUlUkmC8bcBDJiHG64aZ1N1FHjrRsIwwp0hMypndsij5lWYQzTxDC8Nn/LADVG+5nr48K+NzrNt1jjROcJb/rRDrVLy0RIiKrJftqBHyUt4z4GsHniWqVoRNlwS1tJPWVhUhdsrsUiko9f7Tr0Xh5QlZegjXHXdjn+E+t2OCllktVApLCQy3iaPWnKerkgXfE0SoYktF606QxMBW+aY80ZG6rU66F8w4vzorBNzZC5YUw47aFfVrmvvHTBmaiIODZ6WpUlL7im2wp5ZjuuyooWj0KDu7WijgGZtdB+cifgCEOalydLaqTkfV6K3WzWEVY+96Ie5QyM3asQNiTQPHtFE58y+NNNlyIrDUm/ng0q4cdvJiuasQSDU3BFk0IwtSvMI3VAGbZaNnXZU7Ov26tB7puZ1bhdVfQUcvn5//H+sIuOuGF+9q3UV4ve9/zt+1w/8wOuvvfatb71JyqldSYALbeZmDwe2DGrSaCEP89YjXB4Lg0jUEpUOzWoH4wk1gFikGRnBCKbEvdPqS4X3Dw0CWyzoVDxeI3KiGZORFkHM6UqI0Gv9jIc364OHNw9ubh4+uHnw8OHN+ewayet6NjM2kJ6dp+4ztGvbMnG3WBidXY8gy+VWEiYAShq08NziUHtDs49BZM+aGuPFp/yceUAW+2582gWESUKQ0zmHyQDM7R++nYbyq4MJxhygGXJdjeiI+ews6ph7R90lazwJtBWdc1oVA3T0S2vrzBXc2nL4j2yIKGabGfFyLeFBEN+PQYqPh3yC88F9622tcl1tyoOmhYamzSjmsxc5iRlTcOGCsy6IbhPumwVIyWPH1jIeaxFKa9dGBKTcEfGDs24oVHhXgbuNEdtNHj5J9tbalKKYQDufXTP85+bzAXDCZOzyERHViPiZwZeJCCK03cYRGOEUatozSaKkdQKx8NKWrh35zehr2SEx+kLs9TcOb+Bhh30b2u/81Mv/2b/3iZfujT/zv+uDyz/7e9//B/7R9/+pP/d3f+nXHlT6x7/r9MP/0Sff87JUyssv8b/w+77zH/pd7/nwBxYi/OO/+30FEP6O73kZwD/9j3xHIX/f/eo9AP/y7//A7/0H3lcz98v3+Ps++dKf/qPf/cd/5Atf/MohWnjYYe8OOz4JHmvXPLGPOA65lCf0b2Ob8qT5POvrj/Qj/Tmlt4F+H8fj+ARHPGUOuFMOT/qUy+t3Kdim3HYex8ERvPas6ddH37v5tfhDMyhxuRSGrwcAKbMC7EOWGb1jqGgSEZPASQkqazNxVFBcb5KCPEzhx02X1GBtWYAxEWTN+gxVKTI2kTvySWJ/f6KDsYC6s1BkWZbWFllOjgiyCLGItGU5tbaICAjCbQYInWdECQYKc5NgQu7DzCGeNhOtLr4hBqCZ1ePoYAKBjBGQKo3DF7zNJE4oHaZDqg7uULPhLnyscy3bedP6NgNC+V+P4jVQwc31wSoLzcmM6qRmfTJVhD6s5RPdYz0gKLrE5KpCR+xDBLFThtZruJ1vo0rFGmPlGLe5g1uhT4EO2hTZTi35gtEZVbt2Sx89M3mYvdY81t7UJll0G1Jz7lPGLKe5bYgNg2QL0KrC9TzXUNS0Io5Qa+1eooOFfhVY73n5o+0WkmWwkVzGlEAogu6MoZoDhBVxcFYWFZHm6OCyLMuytJZu8PjcTCDk9t54G3KADTrovSgR5ICfZilaA3SLGVjQnYiFxUMicjEFI9Jo4SsRps5ntoDhkTPKvs6GZB/G4y5ngBdlu6Ls3+B2s/m6iVoUEC9oPa8MMsK9l1765G//5C//0i+98c1v3jx86JiVg1GERgw0MzOEniMYxCIej9TUiOGsUwAmJkLe2MwUg8+UiHN4gJiEmNCYrIe6sUIlZhKybglBBaLtTcjwIIOxL4EH7gyoYVU7n9fz2r/1rQdv3n9w/8H9B/cf3qwrAGnCItHHoGbG3Nh1UJvAQP5G0f88Iq0xwblWLkztNWjMLswZQwwWIQBjASMiktTfnhmxW3aXjaC0TnPNKUxi54kv7h7ZMYcyJdgHJPiOkJcs6hsiVlw9sSR9x3aHCXy3CmUX7V2Lf4Bnat1PfCjZxIqji7FUO1CISNVLMrpwVQhR6IxOT0xh82nlSuVYxESqcEKqB5ZVC5FkxAQ17T3J5Sb/JCGf9GoCj4qdgjgO/uXl9hTKGK5OhQTK81oMccR+l0S2LVUUIgpjtEKtCEjOZnYA3j26wqMmQ1GD/OoCrGowZ70mDK/eq3kjZEBUT3Rgz3OozUIuETx9alU6T80x4hRvNhqpGitTExHqVPqoZj2+h5IeewCEz83evK8vugiHHXbY22xE+JN/JNDBn/35N//K33j9N77y8J/6Pe//1/7AB4nwZ/7YJ//EhNv9iX/3444OfumrNz/5M6/9nz//ze//3lf+7R/8yEc+uNyW/xRlOOwf+wffZ4b/7W+8/tOfe713+9f/uQ/9nh94rwj9J//Ox//T/+pXn/HrHnbYYW+PHZ8Ej7Xn5d+evcR4el/3cTyO79Jju4YiukPlSD/SH5FuT5mP97/HXW9PmP/l9bty4vbrr5QHj3ruxCC8Vk6M621bztKHLE/s7aZqrBlgjxDb6IsDVwFp3DumrTXtaiogTm3GLhNnkZkFrEZslOHEuvbVunrAKfcYFkRg7q9zj50rgnJz5C5hoIiASMKtLcvpXltObTmd7p24Lanp2aQ1RwsABIjI4tQQjztYTKLGxAxO4t8MyHlt2RA9RbkpCxF0J3K9LzGSIJGad+kHy3ObMMVgLwQNa366+y93ACHGZcjzJNdd+76x6609o1MZCI/Stzw8thOuoz2jRO4AwnXtvasZWfpsd4yHCRLbeBMHXETONlXQuLdoYNML7v2zW27ZLVXgv2SIqSSXBDRY/JWgEPau5sUAE0S4tQxgGTSh7Cc2nNq7FplLURfMo2/6sbzIpkHInOI3mrmq57IsL92756S9GtGcsSFHfj76H6U56RDzButOSkjQQwoa9LYt57IDhF4bp9PSuHnow+xMGMzArJB9SbY1dtFC1bW0d1Ptqn3qJJa7HxBgB1mNuRpdSRtMJGOEeeMg7E7D6Uoh7mrxwLdd8PNOT53MaPMWBNAdX+taC0xgOok0ISKFqZHIpz796fsPHn7hC1/oisW7XsCyIq4w3fsZNyAX42Rd+9nOIKtYkABaayBydIdFsIJJjeE8MjWFoTnZkJhZIGbWTM1YnUJnZo5gBnvZEyOUJGJzialjSqqq1s3QTW9uzt+6/+Cbb7755jfv33/w8OH53LuaKYsYmLWvvZuasItKJyAHAsHjtKn6xpUY0cIt+0D3KZRiZ4MUXz8hb0syK5W44jTVz/N6zEPg0r2MjQBmBEX27Q1cF8gYEIhRDzq0P1KYXXPVovxUis0hDdq7zT15IyU67XQodJBZAkYKcMj34+Q2B92hULaZ54JgF3CaS6FyPXk7mpjpGoY0baqAB+YdAQWJTAEy8y8LZMTE4LgG/p2zUA2DXIWoUNYNa7AAwpLQzKdhV7CxxqnNy1OqdJJ34wrstyMFziBoBSnEJCs695xqJlXrvZcQqJlpV2BonFbxKNjXVO3lN/qQYWYR9rCaDiTv6tyf21rb7XepD8KpF5XsNs31YAYWzgi4t4q1HvYs7MHN4Q087LBvN/vDP/hdL7/EAH7mZ7/x53/0S574P//EV//m//3NH/6hTzah/+APvvqn/tyvAfgnfvf7Xv3wCcBv/r83//F/+as+W3/5a6//zM9+4y/86U+/9xV5zJMm+5H/4Yv/x+e/6ef/9X//xf/mT37q1Q+fPvKB9kze8LDDDnsGdnwSPNael38bU/rzfO6RfqS/s9KbZfChef87uYfySD/Sb023p8xndt3ffr3dns++39r16y/LadP1u3zsMn/ckh70qH05bSpnin0lec/z6ekkciUxZ2qVa0ZVSwbLNEPNbADFECVz4iAzr+vau5bnkJmUOP34RFT70OFOqD4gjyIAqPaO4g6qZUxBMxiVSzVJd+GuIjC7OmjjQm+WoA8SSQatSylRduZXkIqYXWs0cnZEoTX3ogYNIn+ZYAdC+teiiYdfD2BiBPUwhTHJ00EgBjPIaY8pm5nAn7dGaNLRDBkSKCqcBpWEJo8mAINS9AnKsmDmWGBcieFXnbquUwaTHwJVEIesYohsTgwDDQKhqVnPKHnZsBY6c4QMlFkHSuSJ8ima4JwFjWMCzlwMdo57NJHvLtQUb8OZbPPVO8tmBopgfe3dtwt4Hu5Ad6U9MjBRa21pzSHmJrK05iMu43JFqbLtqFTsqLg4iQ4W9O3XpIQpjMxcyRfq4qLn8zmjiHVVI6ZTa/fune7dOy1tcAfnwE0bX3x6zc0wIa2TVl/CsTXmuumElaKr9WL2ag8KI5EwLU1Oiwucikyef2RvJhpKxjMaSgneIHu0JlU0JGdDppCc99ON1EwNGn2plGHNiWgJiSQ1hx3ul1ZRIolFKiqhN7CRc3gBJhIaNKokFJZi66Zr7U5mIOdq37tMfCKjUSXx7/nHC2lVXBkAd2M37iKyFaHQwWAWWm86U/PCNOGPvvrq669/4/XXX3/jG29I42URbgJVApnCyCAQLNS59752hYGYpS0hOwgiZmFxdpfPdM7J7av2rkYewY6EASMjNmoxK4kS/j/23jXWtiw7DxqPOdc+577qdld3vbrdbbexsa2OA7ZabnCCQ0KiCCN+IIRELBBCQpEAE/Ejv5CIUEAIKfxDvKQoBIEsRygQOZYsEJAgpJAEAcYOediO7Y7druqudj3u45yz95pj8GM85lxr73Pvrapb99ZjjSqtu87aa68113yuPb7xfWNScmJrrSwiCkpcZZDsNdBfnGyGTeXQZH84HA6H/f7q4urq4uLy4uLq8vJqDvhEFEV0vz8QARFXZi5dl5aZa+HgrxtTkDJIJ9lYoiDSFDyeYAgXSMnJgZOn4oRHstOyETsmxEhGg7OPgniuQAbbIGHAS0P6zI7WEAqQqljvdzpXqG2KiMN+RDawyN/NO8iY6eUyW+e4cIiqtkbMlulYVQElB5pJdAqoimBryf4WERB7QJQ2e55FIFCTDxDXp0QZcy7GSIsDmq8cBACG/poKa6bIJaIm0FWd4yUkYdWcM+1pYj3HfF6meP4B+oKY5jx8JBtFFUKmOO8l3spgzDlD6USEkLqqdtxuXMVyOlVFlSYQaqXQhrmOs61T/JnIpEElpgRMOqA3ikXGNMnHT8DvcDhA5LhNNNGfeFhZsmMbWzHnCokhZwqlWds4QIYlXrmu2syAxNxEjJu+AYTPzNr8IQavbLbZZs/FvvbVWwBwmDXRQbO/9xsXf/+3Lr/yxbMvvryzIz/2w7dt50//5781vqu2pn/+f/jWv/HHXn3CO77+5j7RQbNf/pWHr3xu2k1UCx62eWazzT4Otr0SPNZ04V/NV37QE/7hJ/JLd523xfFwaFhagu6/9X8/Sn747fh2/EM8XhbafdBt/Km4Hd+OP/Xj+nzuq8tTRgLNggGCg6fwuuuPHx3fV6873hGY/C6mV3Egvix8VaoC6i5KGjC/EX8yUoGnFCJGaK4vhclKMoTGMRpVS1rXnKolRp0S7F43IgRiJi5IhGicP5fPMg1BKoW4GKepTFMptUwTc0UiIw6WUsgRQba/MfKNRdIo418BE6ar1zG8QT8ym2+s1aH+BxZHfJFyx0hLTmeC1A4N/CjCJ7qcXIKwmNdf3iX78RoTjLOvJTCNpIuFfGgKbMKgv5npBsOssTz1YFNn2ok5KNWVRYfeu6SkrLQ0syQLV6ku8B7mnmurY6b5unT8dCcfeYEOqhhFyYgglhjJ7ugkQhFzDJukZy11mkqizRSpqhKyHW41tktnpvVKho5ZCuggKOesQSNgzvNsgFxwByHzDo7oIK06wxI/ThfzULCkhI4cF5WhlZs0EW2iTSwlqMmcNnPgMlMtltWzRNrBZbBFwNtDTWh2YH8JWDrQZQQAjPHUVAQDjVbNCwdgYO56AFUwzSPn5g4RAeypPwfiICEZyBPcQqN52fBcjuKkcB/Zs/Rij1Emy6XjBGb41EzHyUQdwYpMmgJ6duP8pVdevnfv3m9+4xvzft9EuTKXAiImXjgfVJHViOUigMrESNraDGqpZzHBHheXRM8Lya1nm4QIOgFHmw2AYaGGRIY2onURUEIUtYGsh/nQLHZBmqLO87zfX13ur66uri6vLi+vri4v91dXh8BIDFb2ZYeZKkdWTXIAb9Sh9prPUAtwCjgRoKmNghJiLTUabT0/jHPUSsy2k/UBPHFgTPweJOPAm2a4zPHS0AMRUBFVxLE9CxJKwczOgRNJVc1VDx+Hah6BIXoJQz8gqGDD7M0MCAnV5ttFa83gOVJiQgGFBoiCgsHwkx5bEey/YcmLKczrhXGhf5oK1YvXn/EpYobyKaev5oMcgtMrEQOJXNYwoJAX2P5OHH9sXKdJxv44LesKlgcwouf4ZpWrp/iyjKMYw/E1k9LXVxvovSRgSEuLCz58hhSGowZpvgQuUUtYLTGpF5oYoffb5DuCwb8YtHzJOK9Qx6YG0rvWZpttttlm78teuMUA8J23D8cf/fKvPPzKF8/Oz2g30dVeXntpMjjwzbfWJ/+1X7z35ADhP3h9nWjwzbc8mdmdm/ydd7bEZpttttknwUaGkx0IrwaO/tT44YH979xf4B39pCMcJM/vv2KOrj+csvhjdf7J6y/Ov+Z4Px8X5bnuOo8+flzO93ed7fin6HhJTD5UH7f9bf9J9vUDXmeMB7n+/Cc559HnH5cTnmDfz7fxct293Ne/+K4O31U4VQYxYiBCMhPD82xh8OJOT+2CYCIiJKiAyEa1E2krbpAPcyRjzzGxIBkHCcjZMAkFiVhWoDY7AOGOXbsVOxHLoTWDAJEY1KXZkAiRDB0spSBXI3bVuuNaS5m4FACkSBlnzigm9tSDjmQaidAuhgpKgQ0azy803WDp9TuBP5mLjIJBxo4IehbD9O1a/P8AENpsuEw96Ec6eDj6bY9oc93RuSiQwigdmS8BK6jP8reBN4o3j6i561zGL9MNqlE7PFGkSYyaBKW0roVpcBMAYXpF01U53jmyRo3AYccIs3nYOJ5ECGJ8FsSe5CvXkpFiMu5koruebnD1+OLoVBJaxTJaSQPVTDo4maxooHIQ2ayOVe+GV60sJJ4oTOgTZrV48qjW5nlu4qPCPcmI7Oig5fsrhLhKIXXcJwOqg5Ft2UHBAZe1FuvFEJ2jWVNZNLgpxGyyohMn5uDO+gRwo3KO3Mq9bwK4xl92vmH8261VETTZy5CIbPjEA6dxNIKcUEU+yAstjIkzh6WRhM2rT11IOAp5jZM6ThgBtOOpYPzu047HTPDmg5MTH32fIbjEMHQbc4qghAqAjHc/e/dLX/7yxdXlm99+cz7sAYmYFZEUgVgUFGYFIlRAI2YpixKxyOxzCbigtPchVcPimGKFaKJNRvDG1peGrWFD8oy1hNI8WSBJ80VTdJ6bHuY2t0Nr835/dXl1dXF1cXV1tT/s94d5PrTWJIA3YlscmJi5OsaMTEOEiCFGRGyKwsrG9XWtY1/50ONnwJRIGcDkUntEzsiHG/c6bFEAACAASURBVKjngXpHJ/eepKAouEACk56LYzgRxJqSl03GmKL2QIIlm5yIRvXLxSBdolzjQj+GF3VwCBxoxYAIEYmZ55g9FIBQEVBVWnOBU1JF5Ey2lxG1qhqgvarMvQn6G884YrMcKn16i+XBJGhH+WXX+l4NVYVgaAahMxq/o4CL+dbyCA743HKS1wxgwTwyYmkSZR0FOY9kS20OlMThItssjHfJ8420JyImDQqBJY+MQH/3MQJr9AdMlqElhOzBJV4PI5swA54SWbT7ttYSmR4lSWFAb/OtBhGZLTxUxyybTzhHbfYBjQvOG2Ngs80+WTZVAoBvfvsEQPjGm37wB77n/Bf/7gPLPvjw8oSu4GFW1etehNd270FbHZEP9/10s802e/rGZXv7eoyN/tUP078Ng88Wlv5bfFZl2Pa3/ee/XxYo+ra/7T+rfZtnH3f+k5zzns7X688/8V145L3gfX3XBCP7OQiGi6DnGEJx35ClUoLWmnuVAInEwsFHxMev4zl9MIlfM6GlZEIkwpGl5KqSmbjO1aVC5xAAWAlREVPjjboTyRA3Lp4GrUxUKjvPa8elUClkeQoLG8BjQoxMLi7Kfgly5oiTiXRg/tGQFBAyWREsDYMEQCEr6mykABoGmhcYs5LQ9RgBFVFp8FRikCQ8a6E13ClKx1iC3s7eCummXDM/Rlev++yNEKTQ/9RUGUW7mCk9Don5RFx5MsUn/c9oWE8pBMliSfZeV5XVngwJF9hhPo0DusTFNSzzARGQRlR1SXuNI0sUxUhya0934HO23waQE1WZkIhq4akWk9J0Nc0kRgQevmqBVUtZpUpkTTPhXBtaKXZqZXM6rcxGH0ynsGFyu6nupqnWWohUlcn19DC6SmqdxgMuskaNVeG+WhuTCl0PVp1NZKzQebax2TJXFjPXajq+1YBwJrK+ht4wC7xgwR3shYnGQlL/rnfyaB3P42ZzUXYbXDTaOHAw9A8d4CnF1CGBGdnRQWITHTYJUnKSYGAnjj546R0qSDf90WgDPeXLPk5l+HQcJSsE2hUSP0wvTOZAtZZgYsPBiMma9ezG+edfeen+wwdtbu++87bK3BqICBPVUnbE0ubD4XA4zIpqKTxRlGgWmY0XCq0JtExv5gknVXkIfyylQmDkImxdQgsqM4hqEz3Mh3ZoCqrAgFd776utydXVYd/2c9tfXV1dXFxcXFxc7i/3+711JiKazgr6ZEKMzEy+nrg0qCIA+3Tu1WLCoa6dKJ4KUcQlQBkRADl6o5G9BO1MNbDHMbrenxPGz4Saip2zpZ4+0KExMd4d9MV/WHQRxvXCURxApRGbsUGnCYMbkmRTd3Db13PpMs7DRwXFaJSBHWgDq7VmWgDYtDVx/XFVmz2No+zZ7wCwoYKRti3XcEBGBqeBqkosob0YqM5A02F+iBrTNmKYXskZW+BfPjF+EYiAuIt7E9tNF2eO302cLGNjbPZwafTlbUZ0sLWWEqCJpa2XsAGstW4AwUsf17us/1yeMnEsM9fKIkoYLzSJZINRgv1lwbNlIkh0UnS6oVOtx5k8EcERzsyP7O6GRwbR2ztJrZWZXWWd0Lo3KhJkls3jSXWzD8XOJro/rz37m2222cfa9gfZTXTrnI4/+q5XJ9t54zsHAPjtN65evFssYeHKvvLFs20m3myzT5WdTSemgs1GGxmEeOLIaovDObg8/9H7MJwPR9+9rgzv715PeP57vea2v+0/hf3IQZjBw9t22z7RVt/b+bA+ok90haNz+nXW/VZX58N15dTh/NV1dPiuRjlPH7fr6LqcizPXn8LCp9yhG4OpHB4QBXEQRF1KEVpTVVYopSCSdtc5podLQIyO4NHozMgEM0hTpgWKCEZGiSB6OHZKuuu+oMWYIylYgj/jlBXiSly41FprqROVWmrhUkqtXCtRSfSP2VmDiEgYACE5iZA9wRQRoREcYjXWmKA6ReAkuwKW3AKjPZgmefd29RRwGhyQBUdw5dtNegQOO7ld/Rm+416BIy8tywjBn3OnXoAx4mxBtaxfg+wkGJYsS+sZJB0y7Ipkg9P7yK18pFOaBItIQbmQcTMgalD07ARU85Zyl7bUZJWNxIsONSJKtJgGJJrI3Mona6qeSQCqpUzTZGjT2MrJGVq1yNgE6Mn2lpWAQ92KJDoYNSqi6tKIg2ScMfbqNFl1wJEde5ZTN89afXHyQCCMvIOqACrSVJs0SweV2QdVHadn5upMSrZMhGRpGqMCkos34pSrwRKdE4ZwgTbSblqY6byKLKaakU82psIyhq53GGYiZLYcnzRAgDlYRJWwD9x1Uw7jbjHMj2v+GdiqYz/bWxMkSy7gGyRos4Bq3ZUvffd3Acg3f4vefustBJhKBdDZBhFxqQjIbU6l3Dm4ZJYWTQsXRGchqyIgF0ajMQk0EeRaD4d5ng+IVGplLjof5HCA1prMs4pSuXnnJgK0eb7aX57hzflw2O+vrvb7+w8fPLx4cHV1eZj3h8NhnucmzTAnBJv52Ym4gIyeXpSZyjC5mDg2AgQ/nJLCrMZ/QzQ93MTMAMA+BBAY2akjBW5o0JS1TJJunp856nrT25qPEBO+djQr0/QuZ6px8cqFoQcRBJAzLnBjT+vwj5G4IzBjxfq1fWaGgI5EZJYWcuIKAC0LHcxNJWyuVm36BF7dGShgfP7VfKLBV+7LEiioKzYvnsWuR0iKiGiRMPHS05fZeGYdqy7jOSAuuFhl4kvjioa0mEPy1SiLlI0SZNEFa3CkGPZWIMhcg8uxuShnXmcEa+OEHqmDmSxTxFJgEpEOFPPVfBj9avF6Nr5+jPTH7Cp2r3mebf0qzEtyISOiLTqZp/A9z02bfTC7eU73H24A4WabfaLs9TcPX35t9/LnpuOPvvLFM3sHeP3NPQD80q88/OF/+GZh/Ed/8Ob//bcfjGf+vh+98wyLvNlmmz1/u3kqqmCz0U6iFRjpJk76kLF7ep/8Uxw8urj0IeOx53nbbttP6rYMv+S37bb90Lb6zK9z+kyFJPihYWF4Yj++uyIGrq65/nR55olPAWKRQ+hp5nJAajj71FzBKgAImCpkDruNKWoGjxIEA4GQiIndExQeKwh6WzytOgMDiVBVmzsSESmSC1YqBQABCZCAiKhwqaVMbOKidap1KlPlUo1NaP97nkKmQJhCGpJcT7SQq4ESEpuXmJ2z55JxPR3gClU1FxgkBcSdswAh+QgU0EJkH4Su7+ZsLx1dk9jhwxEdDPRwCSLCCXRw0bq6+GdocXM3Z9NRSEoCgKvKpsMXFMx/p8ERbIEYjeggBEBoCpWY+QWjfTUdl2t9Uf/M/zOGibuDLVVkYebCnicOcPGMdpvM4ITg5Fe1PGmurtoR6bXzMVHGSJnoyTA7SEnEzFMp01SL57B0zCAad2jMEwy58EBr1C2A9JHo/m8ZKJktNrMDc6qqNKCDkwGVzEkmAi/AYLjeV108/Zjo0WijqS6UxWhDE4e0nVNGLO9gKYWpO59dVRGzk0chTvl8g3ccGpJRUdGXgvriZcBmRJx4sOzyhvZa7VteT9MK5lAMzoPWgdjovIg4NEKIiepQcTlOUT8a6OBo3Ym/LPQjbGyD9/EAqCbr26EgAGl2b0JCvnnz5muvvVaYd7vdvXfemVtTaQSooNpEEZCUGQwWULGabT76HW4DBEGV4NZDDsE6KVBhqjidqchBZlGlurt968602xkcdevW7Rs3blw8fPjG62984zd/gwvMbZ7n+fLy8uLi8uLhxeXVRWsHm4GIiIAkcrnlSoHgNNPCxEyFCMkXwKz5YMdZrILkBBwrgk9RFvyRo58sFS+oDCB94kwjaIRD3s5cNEmcw2UjDkJSOmVZs6Eik2706VVAjs+iho4a6KvQEcHkleWMMiwHfZlyJl3O2zblWtGbS46DrTQi2kRAjIk2FAbR5EejrkBERWUgVEapbeyrIpGKWkpQzenfp1ULsxBLDKkxtvs4iVmSXOUcMx4jP/L5RAECqU0TkVS/hF4vTmHUPsfbmuktYZTDDCIBABXtCqaAaK9IwQiEHiXly3+P0nEiIhF1iqRPf4ECdnFscaFdIqq1ihhDEXPedUag1RUoAFrc1BjCYml3cyZ3ee8Bxh6B4bGvjkUakVRD1MHeHloj78nQWlMQokJEHpej72eO2uz92Qu3ixGJNttss0+M/d1fv/jya7sXbvGP/fDtv/7/3svjX3p1931fPgeAt+95UsC/8Uv3f+qf+TwA/Jt/7NV/+z/69Xfve7jAV/+hG//07//Mcyr+Zptt9nzshdvleRfho26p0wLxsyicU4OP6vjTYX/4ND0ax8fH84/8fI868+T5J7/16Cust/gE5zxu+8GvsG0/ddtgEALg4M9yP9F2fDt+7XH9gNcZfdjXn6/XX2fdb/X0+cfl1OH81XX0+PpwzfH0ay3LqUM51R8Sdby+eP4zGGLksSNG/vfAugIAAQVAaSIsokjLvAXa3aTmlgcGVUktv44KxKnqqpUA4ZUXbw8iQuJCZeJaiYsCqjvWiErluit1x1xKLaVOZZpKrWTKcLXQMvUYl8LEKVPqOeTMPRcAIRGie4mx1/OIHyzYjdkQ3bcbqaccq0iHbwCEhi0hmc4eWuYzhIE4iHGFDiRC5xFCeo8h/4rSLJy83gl0iYp1abhgjrjMJYBo+Dc7A8AdugZSDXCRpBisputSHR2MdEqjEh2cBgX7n8lb6/yVEKe1dGA01MXw5Dl4oNfDaBFw5c5k6Yk2uw80GYRtKZYKqkRUmKoh0YVr4YGF5o55Z1Odsu4qBTTqrkI4s/0riYpZMSRyOEb9hjJbpD+cpjpNpRZ2EGDUt1zsLEpkHax36QUAnP51gCikIabRwAO+az2ZHZznQj35YPZcogBNfSZSRU0QIyaS/HMZYQCkBl57F5ubNFUQoD6T5hPEvmeuQkAEJmA2djAyAdnQc61g7CMdrZwwwJuLTnR0EK+REl0NvWdhq3uNi9Ejv9Z3Yx149FlHtw3I3fpSk4YNmAogGl/8hbt3a61nu7NvfvOb9969d9jvvStrAzCgTRxOEjY8Qxwbn+3eSFpMNVNUpWkTBGQmYm5KXFhULy8vL6/2XPjm7TsvvfTSC3df2E3T+fmNl156qdb6+uu/s5/lN37zG6Z3O0s7hEyviqgoAVj+yZjkkZBKKUyO/Uf3ICawE62L2PCxrsRMiWTrwJ3K2TlFHJOml53KgCenvh0T9RCQgGGBTqmCADJ4kIsvHYaLU5+IAGDo5jjqDDuAB2gZOz2agVAEFNqI4PdFC9E4nUsqeQRCGIwT6KA9O5koJ1iQj+jsTxpC5QPsg7EwIaSysA4zuitJK4Q8tedwXC5oGAtNZ64TaQQOODt/mF7spcQVjxGxNVcPtmAmjDviABCO6NeqlmI0Rf1gfwQMVh2MZEdLuJkRRQDo4USUQRsRZQSW2lBBm4Bl/EViIgQgW2RFnfy/ariRhBcZB1Waqom3x1167sAGRrmOIencSlX1NyZ7FPb3N1uPMqZlxQ4fFotOPRzLZmappg2ubq0pKPNYUUqPmIo2e6r24t3NG7jZZh8zK4zf/93nJz/6nW/v7z1oP/dXfvcPfv2Fwvgn/qVX/9Ofwf/9/3rXML8/+a9+wdau/+IvvG7nv/7m/uf/t7d+8p/4zK0b/J/9u9/7f/6t++/ea9//3edffm33EQiH22yzzZ6pba8EjzVd+Ffdr2u/PN6fH7tvF8cxPVxqDMJ+HQz37EfED78d345/iMfLwl0C3Rbx+9vx7fjTPq7P574rasroZV6gDnZYr73O+hbH99Vrj0fCocSEcLxOJzekGmIDIAURFGmqxTSpiDDhlWDdmYuNPQmTZZErTaWJJ14KV1A4+BYeNwQC0wGt8T+LJl7HXKYy7cq0Yy61OH2QSiGTES2FuGQGxNyiMwU5AUsOjNDF5LzooIBikf7kYmFdECxcYVaNHR3063cxw0iYOKCDiAjKiNT5HyP2B0t0MPkVg6OtI5frn26riP6VFFiH60Z/cIjXOZKzIBC4y3KFn7WOXqVz0NgYOMI9HQAMV7V3Dhj2DRVrlnWqd4MO6wZtITzRYG5TfybS4yc9acbbkw4RJiYXyqoAImJIgjsojX7BTi6i6EujuzOGUuyc/DGN4SI+LtXg2G5qpD0x2pyZs2iJurhoraWU7FSLYgROB6tpAoJVuWIUWQHA039auzQR413NrUVzgYQwoDeNDa+Q8ORC2sQTQtLpSjiZtnPxsTeTZRxTbwvzaiuaHu+onQsAql0VDQGRjFnUB6PHAXgEgCkZRtdCyISmXoVHfvYRIES4FgZ+xrbCg5+ZIt+I7tdaTZlwbs3qUkAJQEHPb9x49Quv7c52b77x5ltvvX3//v2r/YPCtVYEEJmbaNMm0pqlziQEVWldcjBwCxGZ26wzIXIppU67Mh1E7j+8/9a7787SXrr7mde+9OXv+tKXbt+6tdvtzs7OXnjh7sMH94FYEXgqpEpciNmynRVmKFMjrzoM2MPR91oxJ21gdClR9dSezjqlHAIGkLSWgpAyoiEADjv5AmcsvTYLLDQYT+Io2bjZvuOUuMDufJgv+sPJ0RedZA10naQ7j51fRtRnVaoBqPOOIU3V17440hMNLwVWlwXL37uEpEFiy6CqiBUClzSQofCLy1nFePZgWIzoDm6ivWh5hSCq5/jFxXWS/WYFMLAQIdFRXFTU0VK7KpXVXlPFWOiGSjNmdgLMHbcb68ty0DIykqULFBGfb8erxSCilOuMjM6gqm1upRjEaO81ZKOYCAF9qSWiTEWZuWbtNB8GQycZhUxHLuyq3w7vddDabP2ka1+HlL1qWQmMn56JNnva9vKL9XkXYbPNNntvdvOc/vRPf+nkR6rwr/w7v/Kt3z38qf/kG//+v/VlJvzpn3r1X/8XX6FhCf6bv3x/VBP9r//St176bP3aV28Vxq//8O08/lf+xju/70fvFN5m4802+7TY9krwWBvz/9mBdOANDhgMvyv2v0/5ixYSb2scJM/vTtyj6w+nLP5YnX/y+ovzrznez1/KOF13nUcfPy7n+7vOdvxTdHzLQbht3992y0H4PnMQmt6ZKSY6t2ewjhwlCQAJSUVkRsHWkOYIvE/oKgPo01WP6VRtjZu08Br2vEqIZLzBZA4SIRMjFVOAM2VRow4iFeZS665OU512hSvXWmottRIxlZATLWuAsCN5lnyw84rIleSgI3JeSZ5WbVEb4KKD7iVMry0Fn2OFCDrFCpzBQYEMGvDopMOYDjHZWOmQVVi6I71RE7IYMBMY0Etr/QHu65w5gOAFjgyxPKCGGyuYsqj580NT1MBCDfTI4JzmpB/NWwWnUFVxAIQHjDBYczK3OZ/AfJQm5mkwVPrlESIFWOjShfitjv7ZpGJ0tyn2BIrJ9pgHpBMQA/KcRQQBmKkUrrVO1fAFy1LmKH5ABvk+eM2PZ+xt49xBx2i9vJI+YtUsTU+wCIqELqRbyjRNlvUv5AM7VnDC7+8JDjFGpAzVAUEQER1ymw0qp7Kqz+x+WSeefZC9u7vYJy6AwEHYGJfdEMZuZzY3kyXUJq21eZ4tUZw51AGCQWijMsV3yVV8uz/dhlsgl2jtxmRjHBiRGExZLycnH/q4QkfivVqvZ9t9ZKwrYD6xpUZk/31z3cWHPuw7RhdjVCRFxzwQyQQe62767Isv7qazF+5+5t137337zW9fPLy4uro87A+gYqzNSkzYOgmpYYgNiqWgIyxTnQpLa20+tIurqwf7e/v50KSV3flrL7/8Xd/1xVdefeXW7Vu11rMb5zdu3oCJ9+/Ml1d7Ab37mbtXl5dNDrv97nA1FTZxVGFDi5mMDuWLGqEFR6AaFVUJY0upF40++xAQKYIAKJOiokRCxojzyGpzkqET70VBm8FOwdOCBewXKtYJn4zJ5BJoMbI1+SgPvYBhEtA+zGCMh1Bt1uoYKy4httZUJJt2BUyOiQ9HmDHBLe9IRJaespnoLMXQEpxbE22+siXPN6boodP6IhcCBCSdgZxRQSbYSSlsiiC5CntrRtXlEhBTNSXBz5Mrm6Q55oq9gP3s9cC0DaLIXu4VmrvE53Lp0XG8DJNzXxKSPDteJC+72i7zCBpNXw28HoHMrFELfhAVizKxR24iE9UBrfPzSykDzu1ftOnclX+z8fM51881NGQ8heUdzEgp+zQiBcSURff7g/3JJZN9AioQ4MYgfGb22udPZCnbbLPNPpr2//ztB3/kx+8+4oS56WFWAPjVb1z+B//lP/iX/9mXXntpSpDv8kr+/F/61v/y199ZfevP/LnffuVz0z/5Yy/8yA/enCq+8Z3DX/iFN3/1G5c/8bUXAODhRdcKenDRbp7z3/n1izxytZfdRL/5zavVNf/+b12ao+Lt+1uW0802+3jY9krwWDuJVmw5CLfttv2QtiWcvmp5PdL1Gvvb8e340ziuz/w6+iTXV+39H2IfDL/EOLOfr++hnC7hNR4HRUCJQO+MtzdalkGHaopewTQyfzmKDVlsRNhmQCylGk2nQUuvUWBp4EpuztfB2QVFU8bKhf5USSQ5e2xMQKIiikiMxIiMhMiWXLDWuivTrtSplFpqrbVyqcRGGnKA0BLnRPbB7l+zI4xkyIOpJppDKiXCyFLphYzaypLYl3AeDSSPEBTtDAMIQCnzP9mct+YuQMfCRgLBkScuvfte1/FOkiBvJkVa4jDuHtUOEAZ0J+HPthPEyXWqqk20dXnRjiGlW9KKkO5eROjcQuftLUoRrueE7cJXS4ntlmLooOnpQSdaoj+od2Do7s7l21vSXHJfNZlweWMn6gGYoKWIICiZnuc07QyUYw4gLMgQGi0AkFDd6Dn1JovIg6ybsSU6JqciQ12kZh8CMvM0TVOtE3Ot1VA5PO4NCwf0gAs4Dpe73Ym8aAvR1lpTaU2MvOhI8NIXzEylWBLEOpXi1LyUHgTsLFXVbB3TZlzQUv3Net0lIhlkV6+FDmh4I6ajHkAGkN61FwtzMYlhqypO7qBr/CaNqQM62kfdWJPDjXyknuxmT2ZPH198avQa9NI9yeUy4V1kiAXrjMgIhNrUmL2KWqZ6+4XbZ+fnN2/fPrtx4/79e/fv33v44P582M+Hw3xwANhTjTIRVUMIiSz+QFqTwzzP87zf76+u9lfzfFCo57s7n7n7uc9/7pVXXnnxxc/evnPr7PxsN9WzszOeiqgCk4A2kVLrfDhMddpNZw/wHhMXLlAbiPgkzQgAFHlunWVKiAgE6hqjBgf6JA+OfBESUMa1EC/CL8YYzOi9FuThnbizqWLlTfgkWGQxTcf8ACFhOn5Ljwh043oRfC8YO7YqjD1nCOQhW4L9W8O8NEJcgQ7alOIzRELqqREqKtBsMudcnSywBzL5J6T8uWTPAoxAEsh8vy7LjOO4t4Mhjt1BfcKI80qYrgOEUTqMMBXJpX5JcoOgzVHQ5qKpY8091hMel9eYM+O0UQ0AQHA9dO0va98EC5NBOLasEyMTXQULpeJRmtvAQps/TbbBKtcW93meg1ppvUuCoE4AMM+zqNTKpAgavYU6a9CA6+Nl7pgxaV16v9/nPjMrqE3Uxpi06s16I2KvgRHW3eyZ2Jde3T3vImy22WZPan/2L77xZ//iG0948i/9vYd/8s/8hg3z2zf5V79xebWX605+/c39z/z8t3/m57+dR176rMeU/MZvX+bBf+1P/dqNM7r3oGN+f/zf+7UXbpXX39wf3/1P/Ie//uDCfmZtttlmHwPbXgkea/a7qvtpLRe5v7amPxZX/lhY+GlHvKP/OFsdX52P3d8Lx9c/9gPjieMbzrId//gdLwOXS1e8ru34dvypHYf1cX2i6xztH10nz9HV+fCY6+v6+LAP15QT3lM5nUHYjwOYPyvcRaLuAmJziiUzLGAzCe+POAjUUAiloRKDJfYhMoaD++kiExC48mbmZJKuumh8AWJVUG0YnkVmLsRIBRWBmahYnpxSa5mmWiauU61TqVMkiKvFAELHmJiYATTRQc+VhoCITJFMzqBY93JReE0dMTUMSrO6B3fp4JZEAE3ORIbLJw3Jcj6l15PiQj1HVYe5FDtbYUAHySHGY3MXc8An0VS9y4W3dwQIO88vKH/g+fm80R2sMmjQkJo2IITaqSXek1SHWuoq7KIgHYB0WNg6ozQxSToRF5GEUK+0HJLF6WlWExrYaoebHNbA0IHX3jzgifSiIsKDKxr9vXXR1Ob/quOUTJTo4Nm041I8NRkoGOsmG1O77zZGydhIPZxMhwaKtgHzsbcgZmZKR3DPLwJQLaXWMtVaa6lMDnkleSjA0gF4iGHlDl0NJukKm8wBbg+uc9c1NcpogECOlCEx2cibap1qKcwDiTJ4sR5o0B3cUUzUgKtz5oqJxxsIDUgWV4FFdMxewSSQCQCH+lVL/Enh3XfwlLkQMUd2RKaekG3QFPU6TJQwfNHpiF9rF0JEZLx/e6rOEXxqF+xY1vUYoWIsKcF6nttBXVHWuyMqtNaQyQQDEZCnylOdzs/Obp5fXN59+OD+g/v3Lx4+vHjw8OLhg4uHF1d0BSpW8dKMlgwA2ET3h/nqan95ebXfHw6HuYkA0fmdOy++/LlXvvDqa6+9duvWzV0tdSq7892N8xulEKi2uTEzEjXVJoJIpdZaJwAkLrVORD4bGREwZypCQvZUsIFVBXHQQUOFeHwEUEVRITSak6LAAN0tcgciWuZFzGFPRE0EpHvLNCs/pCAdVFtMKlHNI8zfV4oMPMn5BkdYOwaprzmaa7KTkX3CCWTLl/4mCggWORMgshOPfaDa9C85bFQVbCLz+RIJXGF66Lh2fPFsDmImXTJ7nkSoBIHnKs7YGJu6ICA+UlZI4VN17jqgid9aIEOgpPEGgsYH7SrfC05h1PmIWMoohO4LYJ9aJafcnhw68xLbOxgBerhMVtlIsPMriwdYJHzo+geQbEakkQAAIABJREFUMVfgsy55wkJjCjKziKrOTVqBkkFRKqosB29so+FjU/H6HyKJEAEJ0PVEkYgSxc0pIjPj9rUlpqNAoymzcnpwSWEVAX91REBgn55BRAmJifxVY2SIb/ZM7Hu+eFYKzvPmwd9ss0+sfeN31vS+0X7/j975/Gfrz/2vv3tYzgM//VOv2s7f+tWHebA1HdFBALi4lIvLNTpodowabrbZZh9ZKwW/54tnz7sUH3ULHy8u9edS7e2ELxfXfmYc/LQhtHR0/JrzF3py79Efju/x/O34dvz5H48chAuvxrbdtk97q8/8OqfPVEhsCANRON6P7zpf8Zprrj9dnnni0zTEwG9EQREEyUBLGNldYBKgxghEQFERUCGgIq2B8/yIAI1+BqhACIKKQJVJGM1Bqylul1qKIbrJjKQFic0PrSCKVCpxAWZFIC5l2u3Oz2rdUSm1TFwqEbkWJVMpJQFCu8aY+Q8jO6AltUNVQgQlVARBidRE5nRzaTgFQtIhSB/DdZYR/Rj8CCLnolDyBRHYT40vJhEKzJGGjvNiuHhXUfkYmBQ41rNqPUf2olVTKnQgCmiS9br846CEIE0E0ATcEh2MvIMduMo0hC7VBi7tqADiVA9Nh6CCCro8KRAKaDOfs3dWbdLmOdLsmQ/UmQaFkBFQRRWVkChgQBrJI0GHSU5DooYm5gnYu5dqPIPRIlVbG5L8gSIqudgrVyPtTVOtE1ExQhECEQMCDfxOr/KhQWh0aVo5A1iSsYReAypNHJY7HA7RQD7cDA2stdbCXKiYzGnq8wX0hgPvZNErhg4QE4RnCUvfrqrO1ggiqniYD2J75uiXZoCHjRcmPJvq2W4qhQkBVImRiRgT8jaHMoyFGShNoKDEgEbfUc1sVglDghp+roDIWoBBHO9UItMZdmnQQFViOBMVMszfJyHzOCcSaMggE7INz6hIQjSqUNylU4mCW+uD8aTr9JEu7KQij1+4NnD78Tbca0nheeLvKy7/zhnm6Jonvg0++EQBJCSTQbUZHRmcL2WoBYLrPaIWmMo0ndfbd27Ohxf3V1eH/f5wtd/vry4fXl5cXDy4f/+dd+6989bbDx48OBzmJnpxcXG1Pxh9cJ5l2u1u3bnz2c9/7uUvfuHlV1/+7IufOT8/R5TKtKt1dzZxpQTFBTzMZX9ou2lCUOKHpVQiJi4AQqgmaEzEpXCg4JBEYAAAigUK0DpS8s4dRJ9nZJuXUVSaWFwLqhhi4ww7VSCHFKFJE1tdAZo0T8LGBEhJZPOIBjGWXaduGYxl8Ssjw88SxyERs2N7os06f3bkcSR6WERkVyUESrw0FCYT+xlY3Ti7iLMft5ACdIo05EcOBwJZcEhTIRRELIEVqRgeTAnGOgHZUx2qBGWxqViWRxGVJsz+NjLPjTlprBDiqv4phCwmAKJ4mAjaghDUxZw4B+5hqJKqOFCKTrL3BIVEiKSKom3E8yJ9oGuUz/McOgvgI8ErxYBAsJpvkWDVWIqWEbnNzYpTa7XcqwBAlXJerbW2iGMhpFqqSFPoDyEKgVg77MeFmXh/deWwq0ohn2YRaKplP8/23daagiJCKabEqwoCCHWqCDQ3UREaFNrnOSTBFRC1yWyrFhFlCmqDgUXkcDhYLQBpa63RLMbUVz47O9vv900aF2ai1hoAELPOMyAQL0DTzT5U+/4vn/9/v/bwCU7cbLPNPoH2x/+FV2rBf/6PvPiLf+fBL//Kw9e/c3j189Mf/sdeeOVzk0mV/tYbG8632WaffPv+L58/7yJ8DGyRUmJwBeU/pz8dnUa4PhNPHB/PH364P/7Mk+ef/Najr7De4hOc87jtB7/Ctv3UbUt3Uo3x+tv+tv+YfX1v5+v6eOfkPeq7R+f066z7ra7Oh+vK6edE5Mh4neHLA65z8ngwBSFRd79l3itzEGYZQEFBQvjDfHH+VHab7vjDYKa5LiggCEAT4sZClSh9/JAokXOGEJAI3FdKpg46H7S1g6unObgG4V0KV21qmSkSUuGCzGWaprOzaberdUJiZw0SF6ZSCnPhMKIOELKrf2L8G7whZwLSkO0mPhD1RxFt0MZYeMTkIQUBidJJOKCDDmYAeUarvKk7NTOTXL/xAA2eFBd9TEx9UPnWYpL+SfSJIDo4U8TgNJcedaZgM/pgkyAOBsoYyqKJiqHrwnVy4mgBLaKBzwL9OikjiYjWZMaWCzVYQpOUBQhR1vGOOsiN+nhB79OOlUvQUzXonmMNrPLttdYQkREL8zQ5Ya8Y8RTCDS5oXtR86u6vFxVdYD8rGU+JcWFbV1Bs8+FwmB2hc5gFO7TsfMpaXVu0MK06gw0Tou5HzrsnPDBihEiEoSLYITEXjgMFFpM6xP4IJnNamGspu91umiZmr3niGGPBAVqxPlYqeTkzmA7eUDYQkdaAiFhEhDtpKivTiS0pPKdGXDLhYEIMb7sBhJhcQYysn8k1zHo7qWLXu1ZUW/AW14Dfeya4fLBEhkM7xn174CFEDIgRmkaypUaywRMQ8pM/wpJfiAFp+cDrk0xKwvrwcIIVECByZa67alRVmUWatMNhPrTWREGuLvf37z146+23v/Wtb7/z7rsXV1ciyrWcn9+4cfPWzdu377x4dzrfCegs843zs5vn024q1DUPlQsFtF89MZsiU631rNTdfNiDzohKygjITEwkAk5Z1QDdUZNGGJqH/thza6G8rSowawOjvaqMgFxKM/fcskalFlXoMTdGlR5TEtrMl3KiGtcJ8UlV0RHIxBglAVn1RJzj5NMxwgia8IWXKAmLZkZTG0KCYr0DVB+/AiCAxm8GUM9bnKEzALDkw2XsgrMWVRAQRGWg6WZpfRZU0GbpYkFFTMYAkUhUZ2mKTACUIpsmEp5TT85d/Ves4V0KqpTvNX2pxcQ4M/nxGKATNFk2AEwHrdcxQEFByaDFaGIVAQEc1Es9zgDJqkXEPu7r0cgpdH4nYX7kTWzVKs1onNZYjtlGQkFmBhVp0ubWWtvtdgh4OBwO+307zLWWUgoTgxyMJ2uyn00dpLTgKrtRE7Gk0eP7CRHZipkxN1aNFlEUVFUy1VBEVBACAiQmr/3oup5AMWUeTNW21mqw5RPOTpt9cPuh790Aws02+/Ta//x/vP2H//G7TPgjP3TrR37o1vjRO/fm//i/+u3nV7TNNtvs2dkPfe8GED7eVAf/avwsxgi4POlDjqjo9fH+3RPH4+/1/uprp6+57W/7n5j9Esq4Q8a1bX/b/wTs65Oc79rQ6/3rvvtE18wchEfHQd0L46w2FRULCafw2YHqQNwyx6Jg+DwBaEZmbiINiVU5hjJ4Nib3Z3qiIyIupbRSD4eDSco5dhdQnTpwgI4vijsWDVksdaq73bTb1brjUk1utJZKlquwFOaSAqOGBIbDixxLII9lj7UWAYCgO3KN9LJyeXd+XrrtED0BW7ACiZA7+mjsD9fHpPC1kuuqeQKpRAdX24V3MqDZRwASAwodCGH4ZMOZmPQ1F5VtmX4QQAG6W7bp3HoKOmMPhv88GHCq6X+1mpKBfZT9JBLYaST865DhgMyZaizXUriUWrhwyRyOFAn/enftMHg+ddd3s93ABd1t6f3J7+uUQQc+QzTVXb2IpZSp1mmaaqkuLAqAQxq8Ds2EgpwqhFhDdJSheKOHPgFCkZBxlRbJB60Ang2LyaiUrnQ67aZSOATZomNosl/AYQNYdI8ODydIrIrG7YDQwENngok7u+NoOMGDY8cmu2pApWvqAjpAaG55TVAl8argLXtFDUcDKM1oAgOEDUz2L3ZAHVzKcCBN+khFZAwwOb7Q+VORWS4IvzAoRkIICK6Gl0mEBBlOF43+NOwDX0vHiyCYSKAPPso0shDigX6843kfxIb7Ruo4RMkay55mqRjyKwp9JSAqVFgVDJGWuYkoKtapiOjl5dWL79574cXPvfXWW/fu37/a74GwlKnudruz3bSbbHjupt1ummqpRCghYxyxHp6/dJomUmWFttvVWjFnDO8Mpj8bYA8E7bppELklETgDTnxydoFhDxoAJ1H1GTunOVXlpW5kBJ/EohC5RBMmCW6rAayeJw87ktYzGlrv7CMhNIVzKRjnnwg+gj6PQag+A44xSdHpVUPXumONfi/JpRBszpJ+gQTeVhkTV93I9TOHla4LGPT1Qmyicjo7CkHoWqvPLB0w93UZMzZqHNJjaIJID6DxcB7wmrWdDhA6pJnzPsJiQu9Tq69QGXgQY0FUwMDMRehGj0sQ4+0bvTIR0niriBCkfhciwpBOTSQ6a2RMgouIKjDPs7WbvwgRllpAlOxdiL3C7NVMQTNMypBOZ2+Dt4t6jI4jwa3NXjzJbJhjesLkWWp2WI+vMdkGgrHz5+xBSApQS7WonSeZlTZ7KvZ7vu/mf/c/fud5l2KzzTZ7Pvbn/vtv/Tc/9+1/7p968R/5wZufuVPOdjTP+p2357/5y/e2mWGzzT499nu+7+bzLsLHwdC1rUZfa/zMSl/rsD/kIIzz/ecJRg5COHV8cX5eIZLrnPD34sIPDCd8whvOsu1//PZ7DsJtu20/xC088+s80Zlwev+6737Au0eofq53FrOPoKAURwSCPSM6q7ZwvikogM6IzDwjEmJBWFNSzKVECmqAGjNx4drwCkV1FqmZJ4zIHEyianw1sKx2EN5cLqVOpdZSKnNlLpZqrJZqGccyCJ2JTUwwMw6a148xIMPgW7kzLcgiGt5sDeAp5OcUnfSHAQ16ih3zGHMex568iMjlEM0f3V27EG7+YBCOcOCKQXgSFOzkoKWbEkbfZTqHzd+qkuwW6WQNzOx0hufNTed5zmyDLcAs7G7VTIIloCid/NFvaumpXPDNnIwCqVk6cgetyUoptZRixIdgsGU12rWlvwoNT23/RfkD03WMcPCeKqqIzK3NBhCabJ2YvqgqAhQrhqGDtRYuKdJnUDcNTTOmXPLmCCeohCcdraIocWbn5FrREJQQmAgKIwKzpqebiGpB5lIKl2L0wTp0NgxNPUgAFfi4jywojMZzCkc8ihfExAaRlMzfXApDCugFQZOpW3XQ1Ath+RBXZKahVhZv0rrksa387Koo7iPmdN9n/xfnnETeYr+kK/RywDYDVOAwi7nCcYEIYsYNZHMGSgF5kRUS93QgQn0qlxnTI2Z60wAejo4P569xGv8YF+3yKBvLjxQTEflU2r9OSzg9hi449pvJV9HAOBEVaABU6OzWOZ9NtDurN87O3r13dXW5P8yiisRlqrXw+dnu9o0bZ+e7wgSAbVZRoeAyuuBkRKIUACDWudVSjCYWNYKuEO3LDqqKKEibRQekx/4bv0VIXanyxKSdNRUfQXbUnowQQAUa2Hw7M7lyIzMHgRjJErM5tgrjjXKceWq7JVkQj4C3xCOPmzM6Tn9An7pVg60LMWloAkAQqVVtbQd0Xe7EKXveuwAmu4Zw3ntNZvXFIf/2UAbbUQUVFQRV09AMfBTBmcFIkaHPeGywDHTowFUnd2YfQNUkmYPLj/cKjBXMV8ImoYkNDsRrk2ZhSXkvE1/XIHcuukd/50ARQbLxsgjvyEnMj1uVk/dJAAlB1n4+IREFMGlFbbMRxJko19w6VW2CoYvOhZ3/6q9GRmZtpRRApEQ/vYl7fkpEbDIbC7f3bsUlc13y8e1VzKFNW1dFI4zMm8AoifnsszSVx81Imz09+4GvnN+9zW/f20DZzTb7lNph1p/9hTd/9hfefN4F2WyzzZ6P3b3NP/CVjUH4BObeVBw9q4YJDh7Xo08XntjxU4Rrjq/28bTH+NotnjiOj/3Wtt22H7VtGTB50MDLIfa349vxp3Ncn/l19OTxvnVPWu//vg+xBpy4/nXHT5VzPEfz24DplUu2wZhvy6hgAAAoIi2cngE9uTzkjMCIDVGWaofIgAjaFBhJiBsyMBMVQFYgSxCEiEbmMJeZigSd0YQZsTAjM1AUWjE4Du7kK1SZMQFCVxo0WgaC7fBA1+ie4vBOdTRg8Janzz2RmxQGTR8ogdKIDkbyKOg+aExqwkpEFBBOAoRLKPHke0lE6S81M3Et8ulcg2DJjaAMOD8TFNDyY4mIzl1TVIdvpSwbjpcQFdGlbueCMuffFJMpi3vY9VOcLQEwZjaVyET+KDJXDc89dNTACBEx2YoCnh4x0UFRARVQzx1mAKFGF2VEK8lut+PACJk5OWnWZrRoSUgoNP/sjXvUUCEBJ+auFREUVFQiKKUsOB/aVIEIPPWglYTIcnG5HGiAc4MfG0f11GUHifYAHfMUugdZRZZfOSYA5aOZo7lQhw1wwN5SYvG6Puv9ABf3ysJY+VfNPV6LfLR3yNCREx+OLt036Ih2JcbU8fVUYIP5xRNnjVnruAAfDVtBg4udbJajE/xPVVB9lPP3MXNOIn1mufAtgPIAEbHDhOqzvGOEs7Q+yylypYqsqvu9GBP56jC/+/D+2/fevby6Ojs7290gEUWis7Pp5s0bd27funXrvFZqTYz/xsxsC4dznAgQReVwmLlUtiiSUqZpt9/X/WGG0IsWNb66k51QjdaocCLMxbddnHNAcWz+gQYdGwMCRlXFyHYJoEQkEWAhoMldZpv4mENr1MEqh78ZcqIbBmlw0y11G2FcTTCQ9VFFM+Czxew9zlc5ndr8rAqWwHMYqqJ6goEapSTx8IzTlMGRP+dr7QBhLpal4aMUXx0/cmI3QcCHkKzgE8FJOTdmbQSaPdLXgslnAswSHL9htlcVmUVAHD/VkC/Gps2WSoe15tl4e4qL2QZizUhVbbtvrkSZb2+FNa5qJp4CIwYgO6E3BAY3sbUW70O03+/3V1eIeH7jRuFihbS8hof5YOsymcKnyH6/HzKxRhWBYZmQnXaem5U2eX5W1bZaYQ5JD/chMCFuEetbosbn9+967w3eJCLq0O6bPRv72ldv/09/7e3nXYrNNttss8022+w52Ne+evt5F+FjYhhiShEgrf47Fwd/LI7+WIBUW4L4GZ2+2cG9sTy+Oh+6LxdW11/6k7tP+Mg//NxxlhPlfP64wHb8o328QHgQ1pJJsB3fjj+943p8XJ/gOvoE1/F9XZ2v15XHt50GdnxffZLjsdXxvoP02FKGLMsvIuklFFVQQVUlZ6+LSosoepOV6wChAFBDmGeeCZl5VmWRAt0c7ImF0ok+ioCFqRRSAcfy2HI/gSIIqqjrxgFKKDwqoAg0VXY6EYEieII/NpSRkRGBe/oxBAKXGYTwh0auuAB+QKIio06Tm6aqgqCBE7mHMZILelx8aIr647koJbowaxI4MFNcxWQXbwvglAJ7sQienDfKkU92xH5c0nJQFI3/B/kxZxBqM5agPxhKcMhUdZ4teZCY9mbTlMGMigkFNLuhxF1EUydyiU065SL81hLcQWnGP0HEwlQLFSYmLK6rCWQxVAiEwFZLFAp5WRUK2Ls8ICgDmnMfo29L1AEpghIISjj0owIz1RMwswGE7EKe0Y6OgdECvw31uTjmA8PZM+E1H9qIFBSVnaSZvEzr7TFCiUi1GZeFmadSOSVxETEQO0rQK6mqhBjAxjC3hLs+mkYw7qUghCJKST6LR4sroGNx8UdC4hT368eRrCHIvPRDGXI281gCGirN3pUNgydS0PTeB9soRkgiCjbkY+S6MrC//Jpmr41oS2jqjEJM2mWC8ZnhEfK7a3h+uEk8xSngbJz8nwBNTEQE4KiWnswoJSXfuxkmcYpqmmecgnYWhtG3NVLKjWuNRrMYk6+XNNQ9TUHXdCktamFuIkRMSGR0OUDkwp6BTNphPnAppUzn52d3bt+6dfP87GxHAPNhhkBxNPLiZhq/3dnZtDubW5u9TyITn52dzfMZYBM5zDobz2zuVDAUy6znSep6jcTnCcMPhOE81cAqm5rsKt5/+2uDhSMooCVpI2RiRsqBg601RDX2GwEymwSkTWSOzzksjoqhnuuIo+XwBLBAGDKJGQBQiGEbISnDKmYg2xAG4qua6bUSmSAkgYqRjAd1YtQeJeSPl31Ee71Y7J+/SuQ48rU0Fi4PNSJN2WR13BFSbBwtEywiInKXAO1xAOsWCXnkhAOtSQqzdZSubGlsQ1uINUufRPnx5UytM7msAgISMjIpJbZ6mA9za5HvGJPSN5RNCQGQIIA0D49AokLZ2fJBOpqeAp45bSFZZ/NqCQDYgrakHcBWUiJV7SuI8fdEVCXT/tmLkceF+EtSopwQE6qavLzJwovOI2ERUY3tbwvoMJlo4KAhwxBd2kKFlg2nydNEAOJHzVebPXX7+u/dAMLNNttss802+5Ta13/vBhA+mdmvPkVd/KLXzNtw7O892sfBH4vDj/vF8dX56anpXuBH+r3xxHF8xPnb8e34R/N4Ce+qOtt229/2P0X7kOvEcv8DXz/w+MVxVUBsrSVA6A4mFQxaj+VyC12/1I8aVCqBuLRGrbXG3EyyDXLtCpnO7sIz1KUUnqqoEgIih2gYQMqJGegCqoCiIODamIYaWmY0REZjDdlFgS2nUKiWevY/Y0BF4bsjNLA9VOgEjfAKu9sZQAI86emjEiOk5Ah60kGIvIOhSAl9G+7Z/KcTMjCO+fEBnMB0vEcbwdBY/aDC2IIGQEnAQ6LQAqVLAkmyBEWkiYpoS2nRnqTQ30BoydvT8KZCtnQvXiCsCJaHMFgCLtRJoVlZ0tiJMM62Cb03I1KokDioCOknxc5QhNGjmgqf3kETRhUS6VS8kaZpnuJpmrqSZnjieyKouMsSQ+q3NslUwJDKdpB3ENBUALaBw137dEgwxUQKJYAcKtGFBzgQIjitZ2dMhpwcA4SjB191kLhTUhRyt3cgB52XEnFxfT+1DB2Z8K4eAAWgaoBX0XWxzwGhS5iLfPCZA1zGzqFMSpOjd+rxdhCIXlY7hGqoFzFStWEwAj0UYWTldgqOX6F/tIT3TqN9eurge7Lh4d7vFT4Aq0YfjU0+9spjokGA/ltmAKdHenZHBwMMR8vY6cqBJlRo0oJG2yIABQHAwgp6OBxE5Oz8/Py83Lhx89bNm+dnEzOqShPx/GmOvhAAaNN2mM/Pd+fn5zdv3U5mugsZW2pCKW0WaSLSJ5AkXxKxTZNRel/oEIGZRqxwya7Tzp61ZHDZAePxMWsH0EirULpqcbK+HIwSFVDLmzveJfssseWQYwf4xNSSpU9oA5JMy+kCPKmhnxOt6cRIBADHk2KGRwfrYvigRh1lqbLfYGb1jOAV7wrDLJSFjHNMQBMQ+moaMxMCKJJl7F0x7/vied20nCswEdnzWTpVcOqe5rtKXhcBXeM6qHIQCGUubau1IxZcCQ1Sn8CZ+TrYcmzx/m5wfOawPPWhl28vhNjLlnlZe3/2FlVfSWspBvGKiukg2ONQqOaqq0dgUF41if49MidCagjJJvAB5MsloBeeiOydIjqn8yTHhSmlpNUVggEQjP740eNwf8Ltq9934wsvT7/9xv55F2SzzTbbbLPNNnum9oWXp69+343nXYqPiQUP78jvChGiGbF9EIH/Hi6Z5wfbMJgCjz8Ooy8XFtfPMuBjfcJxTXxKvuundZ1tf9u/fr9A+LCi92/72/6HsK/P/Dr6uHNyvs8x8Njvnjyuj7j+ifK3eU7ujjEIzU/kDiRz5RA4SSKYUSKpOTbz7AzC1op54fykDlY5gcfSEKJKqbW1JgIozd2VEDeTft9m5RQhEY68PpY5z2BCwPDxhdOMEDnUPqEDhBi++XiwTMvk5CLQ0GBcAIQYYAEuAIaAItDdgB25QVqADwuAcIQiRpcmLj1rsDR7qdDobNA9s+nyz8bs1EHPO6igoE3BpNFaZJgyZEZc+bOpukhdqoqOdwlPdy8bgfEFcMQcgidhtEtQTQFLHV2fJvpnmKDL65m+KBEFKpTuxYCRjiEVBV14XQ19CIDQCK7xBKoAnABpYF3h8DZuHDMFHJj5ukyvD4kGH262fx+uEOpqgmBsOMvM5jiDBLcIIPg0vYQx1p3yRvnYIQBoZWIiy+HkFKWh81JsMwmds3UcOMbu1g2eqbpo56pDBjVl0fnMxQ7Bueu1Z2wwzwYGjCNQEJfLecp21CIVAAXE6MICghF/Zw/otYNASjbK6UQ6vQAM4+W8MwkTnUFNqhLm2/YpsuCToYOd+XfSbb2Emq65wBEC98E09N7Ttwc+VHTccZmBVWDC2rzml7fs05H1Yce7bb5frWmgKmINYxO8jbYWmpZcCiJaaIIh7vv9FQLtdrtdnW6en+92O7Jp2mNFyGe51kxBU0UObT6D3e7s/PbtO6VOtdTCBNK4sC0JzEV1RmYCGTmywZhFRQSxDukzqVixA3HDmPMhaIsKiuSixCCLYZX4f86TfgXMAZQpA4EIpakiKgEChnxvB8OtkxOBoYNE6GwrEaPFGzyLRwtK9nZX3474mGG9A/KYC0AVCw5oYFDuuJQBIIEokkKTXCggITQ7czzaO8oiTmgFhg3lhOMhGKRMb4OYV3pEQoc/ewrJqDD7iIiDfm1TSoSJ+MVSozSg31gNpd8o19y+sANYjzXep6oyR4LiQaX5aN0nwng5MbZngL+ACC6tiUTIzKoA4Ohaa7MOD5sFGBi7fYoTEYpIZpNmta7U5kYERAwIxh20jw77g6AAInMhpFmbvQ56pEvQ7q02Ujd7uO+611kNiGBrIj3NIfsML4oomOjgsB4lILqqw82egf2Br73w3/7lbz/vUmy22WabbbbZZs/U/sDXXnjeRfj4mGdHw7Wvtb/Q6sD/W28T+Xi/+70Uy2s+yf5Rmbf9bf8jvx85CON36bbdtp+mLUScyWr/A2+TtTMeNw5Ha+F68/w6hovYuJQAMtwfFACHQS3m3pn3VwQ9eQyRkUEQlJwsEg4mYipYBRRbo1qKiBwcAhNFEFWBlK9soA1UBAQaNWFRUlPLlCaCrRGxKoKSuEpYdz4SIZlgJZrHNZx6C0e5PR+AIkrignYcwFAKRGIky1+W2dijqGWhAAAgAElEQVQy4yD27HQmeGrJrDJZmn8avvdjfCLpW3l8tQNRfX58IGd0Pl844lNhVPx/93I36WJwCpGxTyx7korAcFvHx3BI/mTZjsaaMXJliGSC31qTWmr8EhFpIiyiTA5PGZshs0V29Mux1aDyDAChX3yFXfS0iEP3AgUTFx1PEWtrVlEQUdBgmAUFLdzJi9yScZ9+pH+lO9azOAQLdMw5KNahEvoGDeppFG/EuwKLSz1cHzI+rggBBDLnFoZEnyPTnZ/n5QHtKcd8LklYuRcyAf8R3xpYYITISIpIZJKDjgxb8TF6nrGCB3xpATVmRQUg6nqBasKkasCndh27CIqDjk66uupYw5TRe+NtnRwDyQHN5oDB3Txeytk5AJok46Nzeq87wuXGx3wkZIe47CPvFR1EXH/lvV0BTdtzyUEcHvHRpTdw++imuW9Yhfh+zrL9Y/W+JKKtiSqScgkGqnX4psZqRoU2t8N+ZubC5Ww3ndVSTA06BJSNcwiAxIxETVQAqU5NoNTp/MbNWnelMCMoc52maTq72l/ObU9UCquSE5SMgIhIOju41bCJWoZWlHE5ULW8a4aL2NLZmstuH0NfCxCaEACagMFOzsoSEWnGCEQmJkT1ZZfIITENWUu71Dw3Q0adkOshAGgJ5KwNYOAS90gLRKMpG/4VhQRx5VrnTIuv94hIDj36y0DQoBNUi0CHsQ8ZZJs8QkAUifkYGZyzD6vBgujjDyOYwSQryUFLUB1IwQmYGtM8Emxg6rmCenbWYUIix0dtnlYgJV0CxBHg4KEemY4xIFId1kgkYmIijGgaSzbJx31glAn1gxLlVQL1iCbwSdGzGauKYZrMZZ6bzfHM3JoANF+JiDAWaO9R3sTITINKLYlIm2d7QzNmPVFBIlO6xsjWfIBZRLM6UTGJnRmLM7wnNvMwqKpl0iXkAPZg5FC21izrZ9aeEw1ZEQsywSBOHjC2G28So8/c/tDX7/7sL7w5z+9tbdpss80222yzzT6+Vgr+oa/ffd6l+PgY5q/X7lnNmMU4MnyKnQvVPx3OHD695grDPR/lJcbFETjhE4aTZ77/7dO6zrbdttdvxxyE23bbfmhbfebXeeyZ6g6uOAKP/+7J4/qI65+4Qro7QSRZX6E4hqAq2oKI1dTZ6y5PaF+c5306dIgYkTOgPzkNEmhHQWhSmGfmItQEPfoe1VIPesa6ptpUZ9Vmri6RIuq44GFGPKiiOc2kSE+6l94+dDYIhGMR0qWoAIGdxMMGsBWufnPlExExFmIGTykUApTYgSVQRODOSVslRQpkafVSYTsDEtU5EI+0RyAEOphA8ufiiHtpnWNhxBcAhYjTjzx37kIW0CbSGVtd5g4SIAQAlcETiqDqynuiTRUVWEPmLhGv1O20DsNETAzd67yoOUuv5OSzRI+GZx+QQaOeAg8jKGBERQUlUaH0PyZAO/rQ8agJRsQQB4f0ILQ4FGn5RyRiUtBQQVw0WgeHsy+lCzVwZce9yd7xIn2jPcBKYXUsi3ozLVoNlj7r8AUnzACRQxPU6tLy/hEhQSQNDCRTu9+bIuXa8uK9xvI4+Sut1xN6VjGguJRGKaF3iDU1Jf9ZNVZWvg4QRafUHHEjx5M7520AStdAoB5/e9Gcj8bXjuG9x37l0fZev6u6fob3fHddfUVXfa9HTYb44fhVUAVPV4YWcDAfDhDY/DzPaLxW1dZam2dEuHl+/sLtOzfOzonosN8jNkTwXGegKiCiAkpcPc2rwqEpEO/Oz3fnZ6TS2nwQQebd+fn+cHGYL9XgCnVdxUiQ5hOUz55g1FtrdlVVFE1ZUQupKaXkwO1hIovogt59veI9I16fBpkpcBcNJUbj+RGor4YjwlQqYVDleuJAWKB0C1x8OUDUVC3B5URVoYWytHrc6zAFK4bMOBjtPK+Zy0rS9yHS0YlqTrAJvedESgjDt7P/dKnjYyaZD9J4wFCiHmY77FTNrgMec2j2wWGOjSyNGVeimWUXWmvWFk2aSAum8mIJUNUmTeJ1wenvFvbQo3YW8SsjSc6awaqLF/R0n05Ns9MikVRnEe2nuEBs72am0pmK3CKNEEsptdZSCiFKayLCpZrCtgt3R+UHR5Y9LmQY4Q7XIUqcaQ1o7NpMaFprFZclUBEppY7yqpQBVEl29Cgkf0ZtkqFIZtYhP+D0uNn7s5vn9Ed//O5f/qtvPe+CbLbZZpttttlmz8j+6I/fvXm+yTY8sakzCEefKgwMQgUdsv3lj7XRBzt+umAKXndO4IJHXuLrt3jiOD72W9t2237UtgVGH2C47bb9bf/TsQ8w+vr6/ge+PoQr7+gckeaZYNJNExKj5vprBqBhCH+Gm829qaIiYupt0gzXa6qEEY+PHrcumWaIqBE5gQwQRVWaaS+iqGl2qag2laYiAAg0i+znAyALIvJMbQZi8tx5RmjS4X93uqbaIHV9UEiSkIRj0Opafd3ElCZDi4onJNdmiz+S2ZQgFrjiKKUXsack7M7Mk6zB1f4TWed4YXQU/0eDQ2I1EokEFQavpQz5BdPxSJ4BDhMlMr4aWL0Ygjrgceq11qHW5V2CkgUwkMCsSwQT07El4i7emumlouECN0oIpw8KzVFizwnkz+0vPxq6rI6MBNMyM11FSw85I+NIXtzIegtsMJosqCVZFh2KlDVh/xqM0MszDHK/MqHDZ2hKgAEQhg4eAiIltOA9W/Mii0tG8TGfGQCMzKvDeekvN8XeActWpwkuYETDwsc0hanruwADek0FTBh0xt5fB5JiL0weHJIRjpV0ZENAQHQMH2AxxqO8uLre8irZ2N3nfp3Q6CMNe084KiiC0vX43COAycHoPZ1/Ao/MAQ9jVxxKHyhNHOp/us7xsqMvmzHxltWj2cWNVWyNTxDZ8yDSt7bWLP+gqB4Oh3meC/OdO3du3DivpYCqyKwoOZJNE1NEmwqpSUiiNm2zTIw3bp7duHmzXV0e2qwA0+7scLiqu13dV9WGQLZQIPQZMUesSz5mCldwiBBATcjXAmhaa4TEzBgVGlxeuwgE7xdjulIfL6TZ310Q12IqIFNmGtpkGtEenkldchRGGBJRIWcvp7KtQMqccrxfJ4glqq1FutneSZxMp/GnFy56UIpUA1CPmgCTAVBRMU3gFQqYJYpFerihd8YsqleUy6UCWj3ms9gM6c8zSKpqZNGDcVpwomEGDESaPcXOrQ7WoF8CnGGf0+g4OjCmO5PUHjLXUpNOlTMubOTww3HgqDRRlSYIPa8hxjJki6MB4PM8m+Q7gIJIp0eDh26IKEecjXUmCVSv1mpFtayKlIUPivoA1Cqi2NuXTZrzPBuQhx6Yon3JBwxSqQThDwFIVTOobFhfsU/5femMdczGrPcAf1Mw0eAm2kR5Awifh/3kT3z25//qW1vVb7bZZpttttmnwRDgJ3/is8+7FB8rw5XvZfCv4il/7AkfLLyf/Wt8ue9lHx5Vzvex/7Sus+1v+9fvF1i4u7f9bf+Tsq+POyd/kY8/zR/93ZPH9dT14ZrjCqYkpkoYWk/grnwPwBdtApJoRKKD4VZsIszMc6mtzdKaUtPQ2Iy8SahN8xExcDfbNDUhUWXkJtoEnD4orYW/dm4zHBCAlIlFiioHxyOBh3BEqXupCDMrISFlNaTTGxVNU8uBLAHX2nQAkJHM8wrkLtggCIKJi45uMEUAv1EgBUuAB9Kh3/MaLgkTMPj9xz97v1hRmpbwQLZIfMcpMWIYK4Br2qVwaHgMk4LQSxjVqR31ExfrXBQBMu0fupoceNJJpfFJMwsjDkqe61R/ic8ND8jGTcHFsy+czdHoqiIJZC2GEGi4R8ca9npOwGv0wh+R87Jg4evvKBhRtsKAloQbvjtgDV7ovmZaiT06GxUyhyUgAPk4IgevzSO/aKZlc2Agl/axqqCtrvr/s/d+Ibul2Z3Q+vPs/X7fOVVdPdVdXenqjtLdKMmg4ASFHkZQ6ASDgk1CCEhIIKFBUHKRiyCC4FwIXnjhhXihDAqKNyrqXAgDY2C8kBl0yIXIjMwwOkgySU+STndX1znf9+5nreXF+vM8+32/75yqruo6VZ29umvX/va732c/+/n71vqt32+ZAs6BCHk71OtdotfVyH6YIEG/07IGCavEcBq9uhv3Osh8eD2YITHX+jLuuyxn+vjWoB3BkHMc1chaV4kfiI+yZ6vm4x5HGfONB7V6fDHwGEg84PIj2HOMHqQkVo8/SEOcR/V14flnLb+PLCnBS7vefiB5wPk4vPg8LMjosBMynYFh16TFpHKbgZPGh2QxoKqez2cFW29Or7/xmWVdAE1V1NTQdwYHIsgAFUzMUAFREFEFQLXdnNab9Y0/99nvf+c7sp15WW6fPDmfn6/Luq6n3js5q6p3zBVSFebFAUc0RBCsycE8Ao9GCO3NFvLI5iiOAdJlB8UqXSAdAjNVNt8EqyK1aFHRg6duYIguIDkpjvq+Rsl2jA894ywBEhPuF+rRF742+rbu+tI2NECDWuixHapmoIbq7zqlm1UJzmVSKrP3HyIrp/plzeDQFk79YJhX8apsXvdslWP19v0FIOSMQ5YgKXVqXSFDmDxEpDiEQceOpHoVu5BBEOjiCFdBC/UzBn1mJiRGlX6PQm6UELFLh1olQt0650NCmz4RVbqIEDmTVimCZAIvYyZV7V3MOkOs/iqdCA3JFcID/GNcWvMkgk4OzSyTkMqfyEicIUHoGKNv96rbtqknWTT/kYCO2Yt0J7hixph4jBBg5B1GRPXMgkRmRoSqgKgFkI+ckfkDApNUShTK877tBH2dojPUbOvimR1FL9e6wz4Ge/ON9s1vvPk//c53XnVFDjvssMMOO+ywH7l98xtvvvlGe9W1+FRZxJ6P7AZ58X34e+vWH/78w/ilP6pyjvPj/OM7b+lXDNXR4/w4/7N07hPh+vxDl29YutXjuhm4tlvmCjJ3B5bfDdFAPdXYtds6/gUgouczEbIz7pBocZelkklQvzzTXWVQI4zAd2ZWpi7iTxbVTaWrdpPepZsCkaiygSFT0+ZPJ6TGzf+/MDeiRsSRepDYU6YhMTGEsFmBR4Fu2KBToIEZIBqbQzAWmopYtSVKQJCo8EL/GwiTGlK6ZonRpNIazDaLHe5hObhs4QE47S5anUz5e8ank13cP6OPUe4ezEh4bEA/gJYXKaUoq55TJdFT7oG5szyetS8ZoicGuWBWVwO8aIeBMCLag7oXlnnRyAAifdeFm9chq2tg50ro1WbA9xIgBKR9mXVe6ppzlxV2O3VNRJAlzY4g33fyqutQzrSiE6WX2yCyVT1EOR20zXyxqIlFM9Gl0m2WM/Vo/XmhTDjUeqfBU9TYyhxWLQtXZxdD9KLmiZTs+niWSQwn9b76Eyi4Ky27L9ODJUTzEp5uIgqjwhdtNa14LypmP3Lm8kUDCLue+C/lEM901PrKCwDF6yp5i+ylDnf3v4CPOEUqOCplD9Y509kOBPKihi4lDSAWirlmkebWAIDbaqbPn9/d921d16W1m9sbJBKPYdENUJ2lFhKZABb5zcSTwKoCGTx7rrLJF7/0zt0PfiDbui7L/bNn683tcn/Tzie+v5MOZi6sKVnDiJ2AhPwxkhsaQIs6AhChikrvzhVTUzIyyMHmopHMiT3BnImwGqHGeX5kRdx25cXCYgloN5xyF0iirPdC5HF1jW5I4KqeuxNJ9kp6JAmCESAyinh11ZzHGazBUHB1GmPQn8EDMWoophQkAPh3bRYgnXccIjTvfYT95A0E0jvUsS4vMSNOxv1IuPAS4JPLHox12xVR4eK3yhRLUZkXk5pps6Cqy2CqFwxgzPMGgbbfFJi4wlBERU0JCT2/L9j8gvNGMMcxTMltL3f/arpgH2ZYj2nocxqAmjKwtxgzm6qo9m0rSrczCMHMJDIUOu11pQVpAj49PIsAgFwBNNBhEyILwds0jSAcFJHSv1XVxo0QFABQATjHSUrWTz0eD80m4sYi4gtAydJebZ2Hfdz2iz/7ub/xv3/vu+/K+7j3sMMOO+ywww77tNpnX+df/NnPvepafNos8wFe+V0hf+WG+yjOMwfhdH/oz6Qe1Pu4DrMvF3blVx3wpT7h8d9EH43v+qMq5zg/zh8/b5CeqBz9x/lx/iM4t4+9HHvZPbXe1xx46XcfvG4vKP+B+ov0cFmmlxRUXVuRnA+EZqCWAftlWH5QAMRtoztmbq21tjRegFKaykp2KjARImpEyk1JmHXDbtZFzZ22XaWLbqpbFzFFNkBGBiJqrfHSeG3L2ta1reuyrm1d2rLwknghETEDM7FDkMHFKl5VvIKhOx/dY4jh9a4kO2iG5up3hAE4FopFkIJggbBVBqqRA2luotkDOHPkrnyDwy6c+AZJv3jktji33UeTENxwUO67b0Z1cKoezg9AMAMlwoScLHia8XTys6KT2OSZDVZErvFU0pMDs0VE5OvsXVGtge882EjJFJvaYW4FzxdYOpnTJ4iGg/aWrnzCK3lLB3xxRph2zRi4Sz29Lge26Vn3QnIVYR4DOFh4/s3R9MNzPI2oqtvg2o1/G462GIAMpLxdQBETMprvMjdWPc72F3FenHAaIQFw7HquAMq5U16Cgc3A1cOf7pBfJ+1Orbd7+kDE4tEx9h4w231xz2baXZgXj+v6xTCYF/HUoIUkEA5gq9KG53GuTy7MlzxYTwFbFZqmr83VfOgdM5hx4vJN16O4fMUdTXPGmseKVDWbq+50wKj8GNJjHMQ1z1qaGUNTHRoMDPpzVVOR2yc3rb1JRMi49fvefex4qlhNMmSIOFtGYJiBCqBZR0Sz11577fbpk36+l23zQJJlvVnXmzt+rnqfb+3/dWcAKtJFDIPvhqriGIcnmHPOWoBwAKAGGIRtqlUNIChlTADmyEdqWpIlHpXp6qLOY2MckSNmVvqNNE2NjNRxVj4VXdcyVSEYkcbGNPbdKkGLC+7rNZITpy1jO2QkZMRIZOsruGIyPmtbgWKLxzOYCIBGTtKcRmgZkZNLqy/5CJENcVpCa5Gex9zQG0CcUTULDVKoUAAa424Y5k+AeazOEb5Fja5VinJdm0vJMwIbK2VC92beippjgDAQ8ByfOH4dZIMxe7q+GUEsJd98TSw8DzBCkwgRoDlztjEjkYK5PKmpqqKqEqIndC4GapJQAwCEQOn9LZCIgBGBVNXle50sW3kEiwPr/2am+OGkamxzhMcuOCmVDWqc+FxwzN+r4ERRJvZ3F5WU5z3s1dhppV/++bf+8//uD191RQ477LDDDjvssB+h/fLPv3Vaj+yDH9AyB+Glr3X6T7bK9gdXx0I+ftjzUYt9me/n/KrOx/lx/ok/zxyEdhyP43H86I5uD32qKn5HMAJETRXT9woIBhG+7s68mfXlk9YF07pQl3OXe5FVdTFjdCJEeOfCOUYAw43oaQhdKU418w66vmgqnxIw87Iup9N6c3tzur25ubk53ayn07qubVl4WcgBwqVxY2YmJuBKcoipDBr6iuVRpfwTwUANyCDpBAYY6mZESAVf5UvPACE4K25mZz3u18IJWnkpZ2hvtUq+ECPcEwgvuv+StDSKwkyFtauh5T/VxZCZn0pobIZ24l4YxYdXduLPJJsDS6w1hToJr9pkqtK+lHrxaWzvHrAvwdy9uwdi0IxGxkgHCDOZ5L6grAA80EQGATI/3OsDN7DkalqhGRe3JvVqEoCsTrKp42xUbwZ4ZlAQ5p11V7nrXHz7P+2BYTldsPGylkqhY0bV42G6YlfFzMSa64lQF2c8e+dAh/HYPSQHA5QFm0dGNMpDIPNUw8yhWE+8fnGD6wpf1HzXcgMnKfJfQJ0jN+I8SQeSXmjK6O4xqa3Yp9OYuOBl7ms2Tecdg3BP09TRa/tggqnxd5xA3IOqmiLE8TJQfKCEgBy0CEQrRqnlI1TV1BCAmejmBABb30zEGwLRTGSAZLkJAZHaSEULauxpTVVvnzw5P7+7E23rerq9Pd8/J2pmIKIi6hufqfo6j4gAmuqn9dbRakwOPxmkimMt+TMPrFLcFSg66GlEps74Q0p2WmgtQiSfm2fNLNsLY/RkzAZCgI420owOlLHm4gWfDy0zLhoYIXn0AhTyB4gAZIAZLRTIm7dFJq/VGf6BrHxkXPTFPPIDDqXxXLEt16oMeZiIYhcEsmpbl/Ecu1Qy+Eu7VFW6y9sicoRz1CSM45jaDothsjOr8QZfPfiI876bUQk+g6Jgr0SqduOUlpWQkChURmd4DNEs6YPMXADwxdamCezBNAbiTwREbMxGlK2NgMSNPX0gETERGPgoD/XRTJcomtPcIKVusUTVCUlEAEwju7COGKIcXi4G0ZjVVEREhJmJOG6w0X2lcKCqauokTxdoVTMzabpUwIG3lxe4ruskUnrYK7BvfP2Nv/1/vfu7f/e9V12Rww477LDDDjvsR2I/89NPv/H1N151LT7NduFZfQzF+KjQjQMlOY5/Jo9TDsLjeByP40d1hEc/DfcWAoabVWcfZeV/0imIfq+LZWqKiCK993Pvrfe198bcyFkCKZAYPrVxnoUgKEB3t5iZgil6TqdgDZ5ubp48efL0tdeePn263t7c3NzcnE43y7KuzYmDy0KNuTG3xgunszIVPwlc2FJ3DbGDnQANI3cROePB/3YSocNX5QVWvzhchA+0ST7GUuHwkkqYzLyXKh/igH6u1Uov782FdEePQLzkeDluNfgcKWWGE2wBYKGvbmqqzsLzdEjonEuECSPcDbCSUsji8IKJhehswrnRLk7GMbzLO4BwABgG83W4pHzEP7YHCEvJc0+ptB2pMpy+OFpsRsctQKMXdggkAGSYOcWy7F06uVkCt77rTM2Bke3nMl4gUvtGhv1HVXKNjZeiXBeUPsvSFQBn9KgG2mUFizlXzXuZc2xu6nq0zZ9OwPNLFOdy4FXDVV0qf9hLBesKiZlexMa/Br742IS1y4afhlK+vu1KrPOL7rzAPefaVGQiYlH14GIwXFcl7sFa1/0hu8GdjVQw5e6yAVHUMgdCDsOAX4JP5s+JVvSe0FzvMAGDwEziYaPrzQhRNYpTURh6sYp5NgNIgChmImpmhAQKTMyA2rd1Od3c3PbtbEK3t7f3z2+Qmih00d67djE0M3EdxXV1TluwrIg4Vw7NdHIaEtlETvyKfLREc0f7NjbRAScEkWIRncNrvBMpeX7oXYv7OIGcOHgtT5otMjCkHEA1kCbAKRUrARDVOa7qEUC+mlMLWphZ9wgdMEAydcqXDNpg0uNKKpOIoIJwXH5gWmoci3IIOUC2sSZjSVmqyG4zjSfkfj6NaiJszP6zBcBC6CebXWvtx93wqh8ent7VDEET8ENEo/EDZTcBx06HkKvEVc7a2h0G7Feap052JAIwwghHCmrqmLw2DSGN3I8T0Z6RDEFVkQOFTKjVtd1bDEvE1hbtvXRKXVxUVYlJRSoL7LzBgBkxIXJQ5jVk2H2Kq5mp8rI4jTbQTSMz3TaV6LViu9Zimwt3pLIEACAmEHRwUfPXpq8lIrb13ns/nU6IqDb/Zjvs47Zf/eYX/s+//w97f8m+edhhhx122GGHfeqsNfzVb37hVdfiU24XnlW8uvLi6x/0+FGVcxyP46fqeDAIj+Nx/BEc3R76VHQL5066eBHADBQQwbMQic70u0mc0SxySAlAR3AhMOaF28K8NCZwcA4wkQUAAHL/mBW/ggBJEQVQIVTkiGhdV27t5vbm9slrT157+uTJkydPnqxuy7quy7q0pbW20NKoETbGhakxVez54KghkJX8mKXcYET8e0oiKwIZgutmxhcrcj6IBUTF1Zi+EUDSJeZUV+kiN16Rkma04WHYJj31A01Mx104QzX9kwAIRgBqRCkipjgcl7sHqdXVB9FNGGgelY/SL2caqswqWLebN7FlarsAMYI3kpzLAlZn5s11o0H6R/29ku4A044xM9B3rTt55yFbGQGATGFqugnmUoRKyGf+D+5Yp7sGVBj8xRcjT/WegMHF0d2LJAaT/lML2MOb1zJvHJTqoE9dq+kYp9HcTg+pYVIsmCt5Wri48CiTb2rwoCEFvjs+CHzCBnJksIe4vMUuIMD9g+rvetgOsbtA+K4oblHbS4VY8HmPntLsRd30AI/n4pa5KR6zhwZDxgFQrbwxcu2Br8bSPPQYpxruyn+oGV9UD3N1RLPL6TYeVCRF2wvJ+nVSrN5OwWlf2CkwAXOgyaoXq0UdavLlfVDRisdkRQA0MNi2zTuLEt7wfGYcoE7gJ9F+hI5+mAFz8xgUVLOuJtpau729ff7sGXE73dw+efraerrt53PHe/NZp4KI3NqyLMyLKqiaqbXWmAgJVUX6WbULGmMQ05lZRDxQgoL8FK/qBKyRuW0anDgRCmMj9W0ml5FaEi16ynelaZ2mAM4TbU/UKtHBSBTn6UwBcsQUh7Co784CD3kANd/GyAxUVUR7713Uk94ZKqiJBMgEVtKpAaMK6iQgCaiuNup/G9YIUjTnTBoAmDppMn42JL9tP3hNUyM5wyVi5zIg8BAgUAUkYJf49B0pRnY0mk7DLSqJrgGKKi5Za4QB4AWPFnYw1wT+ESNXUXODE5KZYYomJDcUkTB7EoDITIl8l4bMpTgrENT0UE/c7A0JoVVN4GAbWiMgHxBomQqF2QxIg+uK2FrzVu29x+pnYKCE7NVGcMgZRaSLAgIzECFqrlGQkScqIsrNJdutwq1ywIijn445QuhdTwEVOVYth2OufWiIvsuKWhfpKmJqYGoKBz74Su2dt9bf+IW3D6HRww477LDDDvvxs9/4hbffeWt91bX4lNuFZ/UxFOOjQjcOlOQ4/pk8Nis/nEexH+fH+XH+vs/hsXvg0e/23gMFgoz0t+QPheNW05lN5fCsyHBAY0Iz6QJwBiLufRPpqqoo7j5GQFWzzLxkamjA7qdDosbUGpxJTUTNHZ1tWRrz6YdBiksAACAASURBVHS6ffrk9vbpze2Tm9ub0+m0LG1ZlqXx0mhpvC68LtyYGlFjYkJmpsnf5smOqN4fZp87TrSBTB8cTK8M3neAcMhrFeCXEFfQEWDG2sYDkn8WnTMxvPKGHUByoew31fMSt4hLw6H/MMWqVLosU/9VtQEffBZMRKyxOPvdo1hKZU0IH+cFlAGm5cAeUFaWXF7yAdRdwYQ7qT1PXjhdvz558F3m7rKrD6avzBqx2TUJnngHznyg8WjYwb7XdSjXqBX0NbfVAPwQLr2hY6xdFX4xjOGi6a5tBnw+kG5bfXFcSVzLLm7bfSXXoYdq9SBAeH3TxQ2X/MKHynx4JFgm/XtpE724Svtmf3FNHqhbpqMMtVnUHAger6C5TChEZafr8yCCeUHA7BBLQnBUcoIfrbIg7MhUk10AsdctaaU26BCwBg6cryA+IhKIgUT7Zo1Bz32XatXm3KFEB1XNVKQ7Cq6i85qWAAxawQtqvkT7QqZ5D3OTLmBABtqlETHQupz60uW8LcvpyZPXnz553fpm1gkNbds2f7Q4ETD/n/zzZE+5lDSHtmiEm2hAl8pTgksnfgEQM0/cwgHjeanz7HYq4IQjBv1OLUDQwWNGXykMzJFIKMoazJ1YTwSXGQVAZGa/CkxkoKNTkvWJpmKi2kWkq1Trm/Wtb1tXEcd+MB6KQaQcbOjA4GLZwMSAM46BiMDQwckppGaslMy828umXStEMqe9qIZZJcCzDPGgSSwaJ+o9QqkLkBGYarIN5/U2fiXtF5L4CeBvOEctiAhk0FFNpRlEjFkYsgQAgIEm5i5YWqz1LlbxCiFg4JFTGpNcVA2QeUrlC2AmIl5I793MPMehS9ESUYg9KNYgR7LkqjrkX+uDmomqIgIxeTf47K7fPqJSta1fRz41qZYef2uXag+mrTn8j4SEDScKZim1euboSPZ52Cu1b3z9jf/39+7++t/87quuyGGHHXbYYYcd9pHZz/3Fzx7ioh/SZp8qwHCcPeCnfez6Bz3/qMo5zo/zT9V5m5kVNRNg9u8e14/rx/VHrttj9z92jiAi7j8qCT0Mplp5udzH5/SkUAkNSgAomtPVwEQBbdta72fHCIkYgdzPZxZ0ADAADaceE7lcGxEhgaIZGiItS1vX0+l0urm5efr06el0s55u1tO6rsuytNbasvDa2tJ4XdppaY2ZkThYCBhEk0TCCCM5EkCk5Uv8Ai2phLMf18AMyFMvlVJpon+QaFKBgZ6DcJA8HoIoYA/oZB+4P2wPDc7+xyvf/fy9pPsE8SbxgKBmxpdLR9RfYbjyxigAcDbQ4KQlOpaOQ1feTIwT0p06YM+R2W5G3KrJp3efmymUKg2cSxEihJODG1IGbdSsqmD5OTxsVyDYYznkzA/XVb0qJz62PZAy32kPPTq6JQhPI9FdUu5eAthZVhoefNVruBRx104z4Sz85Fa1vSbhzX/Or+OVT+wH5j6CyFEZZe5pftU6zjjawXAXbwADxbPRPPv+vvgCDJAVLqbMuJIIhL2QQTiPsOvWmG54uLlecH0MaRlASC7W9UTN6aIh52rz9YshsgcIA4dTAKolLgG80bAvrXl98iJYd0zIAjihPghJSksmqbkQr6eyU00MwEG1SBuoaqqqYmYq3UzyXSJARRKWIKLe1cYDLCMdql7QoW/nMyEzkmwd1pUYifjm5gZETfS83t/ePtnun/XtznRDM7UuXX0Q1/rgAR9O5OrSTZUIiQkL1SJ03AUcdcmhdREdQtPqPSFh0w2xpIxWLDgsbrHYcFJieQBxfkJ1OyZ4qoPPl1PCeXU4YLcCZgOEdO6+JH1QelcFVbXepfe+bd0xp6Wx77PsCCGF/qfvKZn1F3PHmOvr7UYMqOqMOtvFZbg0674Zo2REzylMiG3oeUKsS5XFFrEg1RybseEgIQGZGg1qZ0h+GnnQRk233TaItTVXp1itSza0QHPGFNxlqtN3YhKO3W5iJ07dDSUSWyWP6KTgviOgZ4xUVUBkQKD6SabmYy6zR4JryGexZlI5BacxiUjskVQ+9XY7cOR6RFCJ5SWBUgVwkJjrPbKrq9NVTV0plAIKha1vpmYQSTerETS49cjcYPqhetirtW/90tu//4/Pf+cfPHvVFTnssMMOO+ywwz4C+/Nfe/KtX3r7VdfiU28jEH7+7+xPpH/4uH5c/1Rfb1BmV8fj+nH9uP7DXX/s3MCjzmf9PYIK/g+AcOAnKcTp30fPDaUCvkcK9L5t27lv576cmRkxfD3mgFA+dHDvMr+QQfhCufHpdPPk6ZObm5vbm9vb29t1PS3Luq7LsrZlcYyQmGlt7bS2dWkNGQEIidHhwEqlF9H3gXUN/kb5AdGRjdEwARCqqsfxY5AWksIxIAn3k43vhSfwGvAZpKsLBuHk3Z4LuWL5FCY1/e2eeq2zQAni//n+Mwki0v5dcByza1LHbK445mH28nqirHIzZrKny3bIt5yoSMPtCzg9yJuGEB6EJuLFdeqiB8lec9MVcDA+vSw2vosX0ptZ23pAMmZxh9pMeMmoZIqJ+iX/164LAyAP5/2OIjlduXgx2/fExYC5AAgvW28G9CCjzrLYx3DJa4zWb3VKh482F9uNyuhUXtLc7LLVDfcD+qKaM1dt/96WNJTxAjPuVYTYB0ZCTjy/kvSbhy2d2w9W8MFGmmsytXCB6Hh5xZc9HDBtYQclkBtu9yy/0L6Hqz2BK16OQDR+0cz8byeS1Z8wT8aL1Wb/5oOoXCtYDnydmgsmEUszdflRBUsaXBAGU15UXbXaAltTUREXPDTT3ntwCsGCkIeAiN2giwtUGoBiJZ2zFOoEVJG+9dYWpCa9K3M3YMT1dGJAULt/dnd7++Tu+enuruFGDI21mRmoYQxw35XQq6UiKoLkmwuDimMYUAChmaqzsoLkHJsaRVjJRQzDCA/I1fg6lWmtBkGfg5RYHqNlv7Dndu3KlLWVl1p4FaoSxahLhqpneyQ1EJUuompbl22TrXdR6V177/fbpqIG1piWhSOuh5iJ/YBEaMZMha2O1XyguS4oil6pobtcG4mn3INi5yeNM3L1sQNVBBOVHSutZjEvKQRTZ5gPXdLTSoW12o2IgNFMQcHB6WjhbPiZ02+Z6bCmSeGrtSkXvIex4eavn1HlmfI3al5/FvCMiKZqRPOW5D9nxAQSDQZDi5dChCC5IqCIqAiYubJxvQURqgN0TiE0AABmQsYA61UHI9OKJuh43kg8KdKjk4g8yKx+XdXbiUuXRipL89Hek/nqXxRPcIwYosEI9TvlekM77JXYb/7KF//yf/r/fftPtlddkcMOO+ywww477EPZ259bfvNXvviqa/HjYp80f+9x/bj+43j9yEF4HI/jj+Do9uCnNROvuUEJbDiDkACMGAMJAUT3+IBsPZh6gELbtp3vz3dtWZlbY4foaHZAO4CFD0WJE3Lj9XS6ub15enN7c3O6WZM5uK7Lui7LsqxL40ZEsHJbiBdqTASmBMiInDhgOMDCq+VUQfKUSAgclQgcNJG+4QqM3IM0MUUKWsOde7ZeaqYA0vwRhpMwZEzdnfgYcewhT31Jrk3ilkG/0cxBaAAQZE/befldrW4iM1wDkEDljJvBsckwPd1oRuWzzuJ2twUG4n8DIJoZIUU6yHJTwh4PA9exdfdxYtBgEyS2q06Jy6UMo8M/NpVm8/tetPY0J67e1sBQC0y2TKoEBqF5ln7vqVqWb4/lgJ4RTcjhA9cSn8Pvv++dkgy2Gs5XNZ3x5otS8oYJcAvv6+AQzQ0yeainOjxQ2eHU3uvpjfpnE9uoi11hz9dAVNWosDGaaXA56ebWz2/ilD6y2sATrHlqSYD8EsH7sBdw7PIGqBE4YYS7oTqQAKvxwVMJetUJc/rFuTMfrswDgQj15EkH1mBmFvpTDeGBMXiFu+/v0bG+zdEkCdkaAKg4YclMwUCqKKcMOhQI01/g0SUi0gW0A4CqiHTXmVSVgivM7LxtxA2MDDxj6AAlEQ09GV7viGiiIl1E7p7fgRkRvma3jfjJa08BbJPz3fb8+d17d/fPAIFt8eciccS/IAFA7whAFGCXEaIH06gpIjAwMyNwQGyOfyAlOMgOaEX8xI6wPS3E+/4frPTKzYtog1IWQAolHDp9kcBQRVR3/aiqmFkbffPTIHmCqnaVLuaIkphuIudtu3t+vj+f78/n83nrDiGaGcCyrOu6ntalNVoqtR2FhDWa+TsP1dAd0m9xO3EX7T1UCZhDxhWRzMSrqaJIwMSIxJ7wMRrMKZBApSCO3ig4L/VOk6+dcmRwNCD07H8xDXJXAqJQfVZPpeji2DlDfCsLLp6B12rSw4ze8ac4TlY6nPnW5PPFkbUgKe7X28FGzcmlairae9dQKNiR7eaAmyIIEtGyLF4xz5HpHzVqNVyYCc26djNwFmjvYmbMjZn71h0Sbq1xIxQ4b93lQKEiDsw7qNXGaga9ixkStkyj6akZTVV794qoqSnFYqFJvjQzcblRz+KZUQSWu99hnwR78432W7/2zn/wn/3eD57Jq67LYYcddthhhx32Q9prT/i3fu2dN99o7+Pew96HXftUH/O1fiQe3QMlOY5/Jo/No3T3R5e3O64f119wHT5kOTDOP+Z6frDnwqPl5xvsrud5iFDB9RODc+YOGnfcVNobswwhT6ZTCNkBhl6ZR9C7e9gUJRyPsm3nu0aMa2TxQ8RgkXg4uQeMqwaQYkhI67KaAjM3XpjZYcDUl0NCZMRGvBA3JARjQzJAMcgqh7xiEXUQFARDoNHpFOH5C2xzYv7FrpsB/wwUMJcnCIL43vSLYOaqjV8K5SQdPIBgvSTGltCKZVy9owWIYOheuBkbjGLNKVw2lCPNwtHpUEWRCaNiljQIIAAxVSCCaJqBt0RLeM5Fy78hEVOXAARTsGK/mJqCpe5ZNUlStgKUrQaFcu+WOBt6YiIzQPKu8kFkQWXEgKXTT+j+1hkCNLXIHYU0tTAULDPhd47xaeG/KQzrjmMLd2vAo1nGaP2QzpyE0/xNdGruwl9RCjvxXFzos82zTxnalVRooK4O5Fx/UhUxtP0X0aaSBkBYTx/fnAaSZZFmu2Gr4MSbB0IEYIYj8qHRMKV7mEAm4PjyBQA4p5QqEH3GpKpqeYvWvQCaqEjJKCe/sN4gkoDlwA3NyETWETT4VDVDBjFolDdVfW5f3D1rR08cPMV6C/TZEvOKxjeT1WcAoJCpUfcQY/0aCuZq9ealdOo8ZOcP7OJXVX6IXgMda0pSocsfHy+5L6fm9wAIbYzVzBaosVaYVONYAoFmYCqqYjJdMXMeYWTy61r4gNom2kUkE+SBmap4MtxYHBJgUVWP7+jO9wolUhc1RfbXfIZ4e3vLzOuT29c/+9kfPP/B93/wPXj2rigqx5okAL7UOXGcCdDMM/ERoqlKF9MO6FK9aOb096ZqaA4HOX3Lqew8SUeWgiUC0Dxuhk6ms9aIAEFNa28iyI3CkSe4sIzcsIA2K5Fbjsrh0O9qZqSAjtl0MVEVVVPbtn5/Pj+/v7u/P5/P27b10K9kbsviYT6e/ffkqJ0T/8nz+4YMd632lrRyBDAcop4iIl09HCcS0rn0cs6BVMH2kBVHWzl/jDjIB8xYY9SlaHHGthHmwASf7rHAe1urmRqoIRKa+jAFcz5ljE5HitGAG2kKscZvFLRckiJtHhA4BDhR6EIw02vQe2emygHsPFczo1BCzy1SY7JqVyJiZCLc7FwyruetE3OEQkT+Ziwl3wzQInAAm2kDS3w6FkEiJGITXdsCgA7QE6L6nHbwmQkVFBQNkagtq0gHwZKgRyJAEhU1p2MyMSGKGUYGUkMzcIlTImZu5tNWo/mRCJ1lbNZ7RyIwlK6MrKBgSIhLa6q7QITDXq195cs3v/3rX/oP/8rv3d0fnXLYYYcddthhnz67OdFv//qXvvLlm1ddkU+9pWd18qamb/Vh/+1j1z+oP/kDlHP96SfKb39cP65/gOstxQHnI1xdOa4f1y+u24csx5JX8bHX84M91x4t30qt95Hvpvf68om+19kcFw9QOI0haEBbmvwbRCCCFMEjxASX3N0r0rdtu2cmIiYgJgTk0pdz77grolkAPUBIC5OicXAv/DEYzlUDFyEl/z8gGpAhKgIBCtDwxwYWF/pt8Y6JDIYAJ04Y4exGt8RlZl0xJ17tEAwXRdyDLH6jI057UdAAgawyjWEUkmqN7vGMzEQWdMOZzugX3bmZz4LQGCuAMMDCSpWUIMVQCIX4pNhcmRJvEPLcrZyyZuH0rzSDmECS90cClfVGABjZyTBRE6SRCjFRnxLYtIBJhjZqVkxTdK6AjNldmB8VdJ19hxMCl2CMI9lAORHMc3rFYHHanznMYJnsrxCS7AV1p7d5pRO8rHYLdmDydczTM0XOsphEBkOsdvjEC9GcyUSQcE2BTzNcVWO17rfLz203uS8ZmPtBMBrpEStI7Ro6jMKr76dbrjQ/5zp6MxfoiTZNw2jl7FMfTZrX55eKP71/E6VDpIloqAl8o44X2OOB2WE4FbyDCHHMqVzmpiGya5OkFabkX9EMHa+fIPyRgM3hn0mSFEfBCRBa0Hynx+cdD/XHxQWXgA7X/eAtDR5WzE/MOThxSdWnDICJo4F5v5sOcVEFAzHJNcoxwcALVXvgheLZB8GckJeogoiIisuHmolIF+kpZOoPATJMqL5qaZEBDuN/hDQoSOjELOy9A9LTp09Ot7fr+f7J66/fvvba99/93vn+uVg3IEA2CVzRRF0tE8HQ1VIRDUxFiABTGBRUiZmIDUHBEJmAIl+bpap2KoTmLlyhK7HMj4FIuXuBmRnFakux9Tgt0xQH7x6hZGwNpg7JmAlA3XM9RdXAVHHr0kWk963Leet96/fn7f7u/vn9Xe8iyUhjorYs67q2pQHA0pZ1aSuzY3eOUI2Eg856QxcL0OK4zfrJyWkjIiYO3EpjYY0ykThplIQZPhKDPGXIfbmblraMmgkMLre/ZMFm2AcAoKpaV1UjVPUoJTMz66G3agqKwL6LEaDB+EmU+5SVFu3FluTZlHN6h6ivmjJy4acQcgVWeRORiJGMQF2PU5QXZiJFbNwKZI5IGNPMOzmWnMqTXOMIwQhjbjoTFwmBmAjZUmQ1f3/4PaiAiMwoQl2F0NG91qVrgNcteM+Dv4gGnliyubZtdIVZaQgEjuyry1joRhwC+QBWpdbQkBBbWwhZrb9gSzrs47ef+urtv/utL/9H/+XvHzzCww477LDDDvt02WtP+Ld//Us/9dXbV12RHwe79tPC7sonwU/+cD0/MX774/px/QNcbx+ag3gcj+MPc4RPQB0+fD1/iE9hz03RTP7kufcMwVQg0voYiiF69L0NPhYVSQZNTVR634iaEywQGBuH87m8okURi5hz5+shkAKAqYk49OWCb6UmFxiTqftZ0XGOoCNY5DcKwk2F88MES+wIN9c7vu7l9wLFcM8nJC7oTZG6nY4/+HP9GTAKsUGWcl6Is+kShTIrJAcxter2SJkzFcIDPxCW4vxoEDkBJrd5dafme6a/P1ynOqoahe1wNVP3tLqAmw2NTuf3OOCpQdJShV3ex8JAij0XYEk8Iseigk0ZpCjhIh8OqqCikQDJuRBqjgaHZznaQkNIDdBxjKl/q6kMAD1PGGa/oiV/i5KJkpgyQKQjy0fkaHLwQlUdjc0hBYCoogaAHGq6DqcjlSStzyRnsWRaMkvkpwbbftxNCJV32jxypzGCF0PZB20BElOvTueVDXT38Bf5Ywcq9tD1gbrFTBicxhT5S9G/fFpRqR7LsVdSuToy6F3U0mBQE4O3hBFxkBBuvl4mvhxvgbv6j5x2e3Kgf3ME5E3f2cOymOuUP8C9/zG9nDW9b+X0lUNihOOVRqE7QHJupQvnuV004w5DrH9ojBwsfnQgfpnN0bl58WZquXADWFe1YAyiJRtSLTmETlV2NMLAs8qNtIMinvLTdUPNOVspyahqIj0yEUb6PwcIHS/0vjS0nPo1QFRVZZCloYJEDABETUTNYFkWM13XdnPz+rIsn/nMZ95797Pf+9M/Pd/dSTcQIwAVhWSmgfqCpYgeehKET24pxuyxGmjUkIglJFmJkUOTUhVqClIAV7F8BSQTQFOBO0SkKrOEroGiTes/1CqPgDOgPe0miEhMRA4GWqpPq1qXoPD5yfl8vj+f7+7OfevnrW/n7bxtZkZMrS3ruhIRt8aNmZkI19aWxo0bIVCKoE70e9+CFHPLKRy0RGKDLJhzscijADB4icw+42gUntuCE0gBORIDIxh6BuVi703Kx/HdKUcpoJlKjEBBBIQCCAO1jtgntCAImhYHsVC1QRaE1BB17N1KYtpxT7/CTMw05MEFQnQdbVmWoZHQ+KyqIs6983tba977qLKuq6pYFlscaa+wyyeIqFe08giq2bZtHoBFRmbAxCnjYA7DKoCqQAdu7IRF7ZsDmEhIxB6b1HjpsvlCQ8yuB6tqrS3MTUFFNH7NkYIAM3vzTik5Aczv0xIxjvYX9d8yjkqbgYiKHGS1T5b91Fdv/71/88v/8X/1j458hIcddthhhx32abG3P7f81q+9c3AHPyp70Jv6afEkH8fj+Kk7tsQPj+Nx/FiP9gmow4ev5w/xad82wEkIjLDSfcFkhbWFwluqdiGZs6/CeSnQt83VQJm5c2fqBJu7o9VM3AGL4HpeYl1kEwlNMy+8yybSQokLkZE4UhwV4ALlvveEVDQuoBmQe/CMUtbPnD9mAAihnhrfVShW13BHIVCxmywTpDmlBIeaYrhx87oDAOXcDagu8CcwTWDTCuMafkYcIoxRtV2Y/5DtC2AyCIgK6U/cwwUG7p0eYmwltTYENYHcg42RsXGQCqJ5QcMTbibq7nkwEJeZLX9pkAohlOYmNJYyW2U14uB3ROXcFTsDGiF3qaCemAoQXA9NQ4g1ISivpJqIAEKml4K59WcIJ7JmAYABIVFSHFwlD0xhJJnMRoeE0SLTloUKXTwokGHFyD7lXu7Ae9SiQXCkFdNsfEwsF5KFMXffAAgLGTLEGofZKMFfxHGnj9yc21UoWojEjqEJtvvWGBWjHJjr5BDqZd67HWaI47Gje4KHZRCyc/OX6zkzZrd/wARowaSbevH5dF7Vmd8lpr5loyUNB7Ivktg7GNhqRlMVE4IeL5BdY9UslqPO2YIjNZoV4bUmVjX51fvUK+B8MSsyY7GXN2AWC0nW0TGEEczANh09haBIpV2ppkEJq7YcX57mkxdeEyB5tP6vTbTLlrigRt+YgVrvXU0RQDyznWckLAahqoiYipmAqVqXLo4XFjc0chZmQIlPBVUxkQx3cEFOLEQSI2cfbee7H7z7/e18z4hf/Imf+MHtrZ7P733vu9//kz9u/hUxNmBuLmZKlTCVKdB5RKQWK5xziENdG5AcFTRDA1NM9WVCQA9akdgeDAiJkTlYywZEYzeLXLg4Aee7SAQg9Ix3Y12q8e3Ljqp2EQQVsdLGdCRYTbdNnt/d39+fN+nb1s+eaLCLo0Cnm/V0s5oZUoB1m4jI5j2yLIsvYSoCBFhy3lPUwcSMBCDKKuJMt9VY+K2QuWIr+hqZQHVkIUVQBMJg0QMA9N6NmV3r0nudmTm0ZEccUU4G9XAZ841MQ5YbXU4WBoURE5JEYKZc/8X3bkrUTXOTJyJEYvaWQNfN9UGa9Q914fop5Rt/7xpLzUSwFpFa2+7v71XV8zyaqYggAVFrrW2bef6/3GXMzBihNXagUbUzk6pt2+YN4zMkNk1V6b0RucgqO8Hd9duNzNRTSS7LsvXNNQIY0Yg26SayLA1ia6a2ULRH5C8kFel9823fjLzVt62LCDN7YkhfKLpIMLYzU6SvH121qy0N23LqfXMh2OsV8rBXa1/58s1f/rf/if/kv/mDv/MPnr3quhx22GGHHXbYYS+xP/+1J7/5K1888g5+hHbtTX3s+nE8jsfxwx9bKvmVSN1xfpy/n3P4kOWkh/fF97+fe+LcHr7/up4w3f9+6vmiutllPWGuA1zWAQBAxLX33PlYOfTAUrbSvfyp9BUsvYlUF+QzTVk/7B1xY2oii6iIbJsRUjgQJaU2VU1E1BMiqbhAmfvYet96X3p8pGCACmhAUOmcCswM5CbZSVbwjKIFCOTifoiZ8ymqOZgJ3iIzImogSffKNsHEVKJVd+yvxKIQpkvlEgMI9HGwmHCKM0I1cwHEJI+E8ijgKCBdn/EvzTQ/qdMKQRorRCAhgyAUBmxkNQIKbMVR2yEXCIaAaIrqyoBQ6cZSsXOgxSWnp5mULgaYhrpcdFsI0006oOUddHJJKkVaahEGQGgAmhhX1TLBJBTtMJJxwa61JnN+iuNRGPmzAAHdQW6mIZ3nVwtVhfRuQ2TNDLdoASsFkSKQ0EB9HCdwGT5AHmp8udsVOpiGqXy7G0AOzBkhUAFgc8UGehMFS26mhRWhYbEeZzRt1z47G/KHPpacAFmw8K6GLzFPlOUVmN92AGYXAOH8hGCpRR1Gs1UJ+/J28HA8InT9AiIbuGh57m3HkXW8P9Yof0CAe4a1/FwsHaPv7OHmzTky9xrMEOGsYrhvvSkH4CUsWDDR9CAHtoAcwRoz2ZtOq63R8X5NapaaafDmpuabxEyDPpx5CjNQxJIMBA5QifS8lgAagKn2Hnqj4txwdZqgFMdQpKt0xwhFRKWrpy2ciOZavLukips6KSzawUSJGiKomXSxoKaxmW3bdnf/fNvOZvKZ11773Jtvfv9zn//Ot//w7tl757vnYr3xyuSpDqehS1jDkpxIBblqIhiYqOzCazKEwYVIR75Bh0t9PhIl5jgy4PpbEqUmaaBaOU3ifxaZSivSAymHCeYDUCJNI0gQsWXr/Xw+P3v+/P587l3UVEScbba0pbVGzE7dc7YZMzNzay23WSJEE+kAatYaATCAx2REOw0G6rwc1Wyw3VyQJuV1cgAAIABJREFUTELpZTMzOU8zZmLICSRHv6iBqQ/uc1A1drdZ/2Ba9sfUdilaM0kscJ7xsUdV3lCCeZXGEVdgCW2GvmKAtUZzNTzYIF+Kpte3/Fb8DiHiefVQFWa+ubntXZNLSb2LOXJP5EEGiOTK7YnYG7mGO6LlTzJV7b17BbwOBSiKCIhWy3ulCLER9y4maoBE3Lg5HVBFILTNxdqa2x2UzoQjrA5PiggAtAjyNAAV2USEmdQMHZ01FY/JcjKmqpMdk2MawLETfx8MoTjsldubb7R//9/6yb/y33/7r//N777quhx22GGHHXbYYY/az/3Fz37rl95+1bX4cbNrny0MH+wnxDceNf3E1Oc4P85/+POW/kEMt8xxfpy/r3P7kOVMEnAvuP/93PPi+6/r+cHKtPf1rDqHh747sENIFGHkRisMKL4zZyXM72fqOti7wt1tJyJInbattY35TNCMiNgQKbTZAMxAVHuX3sVU3AWljl6ZCZFI733rfRNp0psSq+jwR4cX0UkjGO4+d3x7oiKDzD42iRoiRirCyHiH5bkrz/3MiXJx02i+dADO7v0JJCwkcvxZrJvASEy9MpXOuMBGVEjBv1IpLJ/oIBFmFkJ36ZuE8OZQwkwVT6u/QuOUgAydIZW4IBYg57XzqqcnPiFMxUFTnDz11Wru6fUCkShVxPzVChNDAHVnOxkNKmGAu6CRvggtEAsVc7W17uKpaqltmu2jquE4BqpkRTPKMgGEAcsxEVPzUU4OFyJhSkG68ith/VXNM6aEJEAo0RSBcjhJZQcQlFsdAyBUpCDn5tSb56SD3NOHgcNMGQ79KuwOUC89Q2I1670lKNM7KuCgyBZ7dbIxeC/gLXRdYSDY24Xffy5wpiYamqEpaM5MN6pb9qBYNP60gDmSmgnzXghrjhusWg7Q8XEbOQ8zL9/lW7zIErnVfWu/4MsXyOOES1aF9yjtHh+0q6JCWnKPIu/GPjnTDCVjB5zHFAPcnOk2yi6CsSYfNeMnxjOrLi6b6LXUFMlUm8IEfII4jKBqlYDQ1JMKiqpIdy61z6ScTyLSVTYVUesqhReqmiQSH/qlgVLEau9Chxit6cKegI4dipqvPwYmXfFdePcH7z67f/ZPf/VrT06nt37iC9/547f++Nvaz2cXEDUL5h0SWW4zvt050C+bhBB0kPnQwMQEDGaKe+qUpvSlz8WRCs9S0xXMwMGV0KCeptgYGbWfowd6xGpvI2bFXxccg/Xl1MHUbevn87Zt29a3u7v7Lt2L9fxynv+OuWEmT21JxSvIE5IK52FB+1k5fjIkRpgZcy3zeuZGk28S98u0ZqZCuHfrrMqc+3S1Xe5qSfBOye/cYWOWYGXktWxbU1MRpdodHDgfBO9pNhs4nktIQLmy5WNsmhuFYBUUp5nBcUYHd5EERKZmrihrZir+dAVjwmVpN3IjKsn7NGRCJkDoIgBAFAE0UWsKlDbBwsHsDGYkuQADZ5QPSBczY2Jgny/m2tgCTth1TVQ29f3O0B+ZPzG8dBUphVLXGI/1rYSLA68XUfFeFHMGvnrHqqkpmAZUSRyorahuvW+9v89V+bBXZd/6pbe/8uWb/+J//HbvR1cddthhhx122CfLWsPf+IW3v/H1N151RX4MDa/8tHPG8x/CF/0+v3v93MfPH67nhzz/MO94nB/nP/R5S0wecODzx/lx/tJz+JDlwI9FPeF9fbfqAAjQuEHAJJk5JwPtfVZ66HrlkUknHUZ5oY1GHgTucJ2Kduzn8xmBTGldkM3Cg2amAGroemguPRe8AvctoYGgioj03s+ycSfuRI1JujCxcbCqBnUAipCQfjMYBDwI7TJ/JzQbX/B1Ry9xjnSKa+glumIfvMxwTwibWT+GQ8qscDz3kJq6Bz9WQEfnPLUjlKtNPdlfBPA7HUwdUi3yZFbAM8xNjQOR9QkAgRPkDUU+Qgc/KxkgVH4iBQCdlNlM3OkcV8ySxVj4cfLlABGAAxzDyA+JVi5nGqQQhAAIAz9RcK+iiopYd8KBpy2rjGXOTYBQRqUJqrAat3vtOAaAxq21xTE6CtFadtSuoLwc5N50BY0nGOhwYOGEfsFUVF1xLprQHZ5J4HBMp7mUaQ5aH5y7LGJTMxbfdBpZmQ9zHp8TtF1O7Cov73G3sCroBToF+wrgPKH31UIzmn4UTrUa8KRzQGc2z7iRIDKp4Qz76c4FfFn/PUZoUOMWLm8ar3pR96nxssGvP734wvwXTvS9YhAOTlh+NCWMLJHaFPi0WpUCPIh32MEc9bRHqjPezxuJQq8yL9r0YZSCOmINXJATCZCATKc+G++Q6RAtsICSNa7wg+T5RrGS/EExdThOEzZw6yLaexCCwFS0i3PCe3AATaT75O4mW5dNPQ2hde0q2j1OQDSy0dYczMR1tUpLcKSRiPl83qSLgRGxGoiIrxuIbGrwvT/9o+/+iZr9U1/9yptfeOsnfvInnz17/uy992Bj9Xymok4KMweZHFVGMyQjRCIRMVNEWLgUWc3Qc+EWQz2mnVqGHYSOYyDVGvl1ffka4R1jmzGtSI8IoDNwbl+om6qKqn+mjrcAqFjv6uzJLiIq93fnu/O9qhIxM0NIaHKtTslFc9a2reta7Tz2a1NCZCJCYjQntxHSHvmON0ckXx79IyKOylvghWOSFt0SUqlalYkJiQAp94bgp6fkd5DrvWWsYie8JjQg76TLTiR1CLTaVE3UjJn9LYqQraoE5FCZqjZ0nc+IP4r8glozJhdzxOIL+mBzyVN/TSIKIQSf5hSgo/lWqwpgrTVkVDQwXU4LbNB7V1ED49aQoKsCwLI0AOzSEZGRctPBRO6NmMBBQZfGNUWjxBABEZmoS4wf38i8JzK5pzlG7vKtDiUuywmBCMDhSB+7KoKIjckIpat5j+SA8YYWCzVXQDRM2rAZc+s9fvfVcokG6hfM7s/btnUsguphn1T7xtff+Omv3f7Xf/Uf/+7ffe9V1+Wwww477LDDDgv7mZ9++qvf/MI7b62vuiI/nnbta4WX+WA/9nP48D7n4/w4/4Sct8S6oZDD4/w4fx/n9iHLsR+Letr7+m7VAcqN5ZQstwvcwkqITrGyuDlMEw5M0FKyMgNANgNV3bYNDAGIkM2MmAEpAscVRFV6d60z2dx7rEDkPlNZJUwLlrLAfZyloiKOBGoJdtZxlg+9cLgHCDm9XWEAeW4THIh4SXDaW/nlPTMWZgO6gx5deTX4b4FXhexmCM6NvIoz4AlASJlzK/Lvqef6kwAIrbiYSZ4xHLRGZ21F+RbJhpBAB9ctHdqI2DgcdRoPdDAHVMABMDVRC3e+OxFdDSwwXY23o8TGGrs3GZmYiDyHXmJvhuB5rCic6+r4ldOStKt06V27aN9693RkvWvPjGUTmcmHdVKWdGRx9Axn7rFmIsaltWVd19YaE7XGrq3XiDlzbhmZmpKGQzVGeOoYqpqjg13EldMKry16qYZOILlAHzMThg8aGBDVsUOvNYETK93PbiKusJsOcywwyyeuwhjSu7Hs5xMyd/FpjanAfeY5voO90WdOYMzTEAcDFEhN3lw2AGgC+YJOkzjl4NghIigaujqjTsvSnqh4nW5qqngteg/PwfmNpzmP+8lPF/jfA624+3j++iCnWoG0+7IQXGbWAxS06K5gmCEVVUbECOypRcnddZTDQqlkaoECCLEaw0BzLZ46B0EhGKg2egOcSDxbjgAEM6/zNINGufFvxXjtig8YEqMF4DmsbgrSN9l6TlgU6dt23ratm0Is4c4q3EQ2ld5lM5WIB5AUF1VT6TXPcpYPuCXWHqtmofP53LuYAbXG3MygS++9O0iKSN9//uzd3/3b7909++f/wj/3T37ta+89e+/Z3fP7bTNwfVFCQmoLgoKKw+NdRUQQgRppRh6kbLA3uao3++gcBN+dgkVHoYkcWF6EUxSS5O1JOICamqSavGk16yq+1FugpAnlmoFh73J/3rrI+f7shLNtky5ChMvCRLSgIXnOPte3xMkIgXxZdy4kNwYAFd165wDTwKWYp8k4Vj9fAgpfjNCcHM4hO+DxGUSYqRpdmhIfmP+maklADn61i2e2FimJUy4aq6gEj/0XgV3N6frpcjnvr37zOD2OnKI/ZSklbinrGokkrXiQpZZZMDYiLstSd1bh8daIDrch4ul0s2397nx3Ot2o6v39/XY+n25uVl7ArG8bMSIuiFSkw6ptFAJAzN5SrbUaQiM3JCIgtqU5Airi3D50/dX68dOlL+taMQ0uqYr+dqG6K1YqqYbd7r0RmHmOy4GIlYmutZiqxkzb5lLDsMaDUBV671Ai8yKRxvCwT7a989b673zry7/zt7733/61P/ruu/I+vnHYYYcddthhh/2o7LOv8y///FsHcfBHate+VpjOPxm+8YfreZwf55/G8xb/HXscj+MHO8IHux8ur9j7KuHqnqty6mgX98Nj9YTp/pfX1h59ehFBUuQJMUNHHqsVAIBI99Q4zvUK8Gj4hvc5flQRkqg28UtUoQhvPpsdo+my0cZErSmQKSKBmXgMv+jWe+9y3uR83u7P9yICxEiM6AQsZMKVuXOTzsLcmZCQBTsBkgKqCRkwpwqWqrvOAopCIAAN5ydkIr6ySkkG5czX0twrDBGGvmNBLnhFv0k1uYEjJC8Ci5DjjrMklVmQCRFRTQNZSDKJw6rD7a6aLmLrnk7JIj2Xpi+/Ox7mX3e4wgyRmAgZvUUInTNH3kTmWeUQu3n0P6iLxIauH0hqaqqpSN8c0XUAL9HbQnjUjIAat2VpS2vOcmjkvmVgRi6CIThvz5w04zKdYiaqIrI5tiC9y3Z/Pp/7edu283m7P59776aaaQ13WJgnTCpXu4r03ivZ0rrcnNab0+l0WtfW2roup/VmdcCQmJhbsGKIyFzxDgY8nqBEJM3svUcDJARjBoF6uPu7MfcmnsmLqTERGLKXqzHzrHIOYjmOYUqNN7nMa5hOY3fituUwRRiQ2zXjNaHz/demP4uE+BAePt1QvmlMemLghVPqrlEPH+OAjm4Xcrd/CYDd9arg7iWHU/ySZjcpsj6ACCRiSK6veQGcwrh08c1JLnL6aEoTusMYpjZKLNAqxtA7CDSwFCwhPpu7IoIgMAcDwuhNLSjvwWbK+VCcP8OpsR3IL5hyQFBWfKtxPjAnNe+2eFF13cZA9/L2RIM8XMBRfhOx3s9yFlXxBbJv5963bdtEelCXtPe+iTpxsHfZVFW1B3k4FnSTikSwCkXQGnhmICVzCkEnjfiJOwVkFy1UMeDg561t+e6zd/Xv/d8d7S/8M//sm++8cxZVhD/6gz8AA+ZGaEANTBCNnf9qkXwRCZERnG9FnjkWc8gHnDibAhKQAqGRv04g8AAlZyyVixFy39Xd0PIUpyqqJkQYas8utyrBwpfeRU3i3yZdkGhZlvV0WgGI6bSuCgoGRNha80x4VV1IpnUJxiIAN1a1Dl0VM4AkE+9BMlMvRmPOrUpLm+MyxiLmIR6IDgSq08qLrmcINZnVJMU6AcEae8JEQnTq/5Sb1P/05jWjyETskxUoq20uJ604g2cTTgoEhIShpxpJLhWibipmoaXtJH/zOYIgJiL+62fOrgfYMktyjGDHhp3KGbqtI/+pEVNbGp9pq6YEiIASNSAL8mf23JQr13MZaoZq2fyCMZZUGYnYDExEMcayR6RQzC6NkZERPFDfTTDa0VAXea97EJHMxJeV4BMDApDzJEPn2kBTah1C9dw3RIytFNDFcj3g6bBPhX3j62/8iz/z+v/wv/zJX/2d77wgnO6www477LDDDvsRGQJ88xtv/uLPfu60XuYEOeyjtWufLV54aF96hEd8yI9d/8DHSw/wj+Ypx/E4fhzHlsKGx/E4fqCjfbD77Ycr4eqeB8p55H577Cnv47mPPcUeKgfmMmG+PwlK06cWmJ6qJbUpIIoLzcM5sj4dT5DAmCMeqOE9QnJJQRUA7LTRdgYjAvVvuQfZJUR7l7718/m8nc9dBIiDFoAApgjaCBtipM9CBVQiQzKkZqAGDKCAi6laZkoicK1LQgcFEECrZeJdJp9++PzVRb/SlReCgoFNXP3S2hMRCiCcFAMHQ8j8pafsRAgDHRzgYvACXCLVPdDujheIYH9T1SDamHRn2ahqeOQ3laDxIYK5Vp5Ly7lHlZDQOXNMmEhssB+iQhYcvtARdc6gqLM9+7k7CWg7b+fzdnaozBIyUhXCti7r6XS6Oa1E1JAbt9ZaY2Sm1piJEYEQmTgE9AIqDlnRrcvWt7NsXbatn5/f3d+f7+7u754/u3v27Nn9+V5FSwV0glcgJFidv2SqIt2lBQGZ+fb26e3Nk9ubm5vTaVmW0+kkJ1URbUtjZmq2LDJ0QZPWl8CIqHYRVzmVrr1r36T3XlKHKXGqAEhEwspdG3NrZgzQGoICAYKLdQbKE/RUzBETcFp61+O1Aoz3LbLG3xVTEPKGRxx0tlNs20NTY75fy+TWNLBCv6GQrwLwUuxvXjtSbCPmng6UclR81AMvsIZqWKwbLiHT6daZtXhR+cC6IknpYC2OwoowN749s/T8I0wczaaLeyAUQutRzXJ2JyTnszfmfaoaDoogIMwknir3sptx92q+TM33xPA3G/BMuPYtOMs4hUNY8mNnzrSPttQGTXKRcwgTD9QMDEh2rRbV24EskW079y6ODKhC3859O0vvvkx5hlHpm2hX7WYi0lU95kCSBIbg8F5wpytGRWt6aOQ5GylKkUjNumoXQWIXRyTk5bQ4KAen1mD5wXb/D//wH739xXd+4vOf/9JXvwJE7909f/buu9t2ZjAGVAVQBERG8jAGQgpUyLlrCArqnDgENFAAqnUJzcerizdibNZqQIoQ7DTAyM7o9ScmHSxJzRmBaqpizrRHcnZagILOrfZgjewwIAw2f1uWZVkRsbW2rEuXbmqEwMy16RAz5o9vBOQxowyJEASIjJmZTM1AB4aXY+yKe+fjtIKNsK5hZDqe+WwVjTR47XNpvgAEugeAqY+KFMTE2C/HilLDuNDAmn6GZh5EU7BoheCEyjQRgCEhm5OdM+fxtEqCb82R3HUsIkgEWs0HSAPMz6gVn4tG6PLWDvM11+XtfQOwtjQAY6a2LK3H9t4Y16VFNzk6V2R8G8/aCUVk/5YRkZPziBE9+KiLeVwHIiAyoNqm4qi/uaAoMfmVgh595hNyF1E0ByILnFeNoCMnDXvDi6ulugivqYoCIFML9VEzACRiQ/H4A0SVUgg47FNip5X+jX/1rX/lL/25//l//c5f+9++eyQmPOywww477LCPx1rDn/9Ln/3X/qU333yjveq6/JmwB9EKfKEv9/JTeORTeLSEx577yPHRer70KR/gLY7jcfxYjskgnJHt4/w4f/k5fLD74fJ6uJdf8t2re67KqXN78P4H6gnT/S+vv72wbpcMQrfpftvVAdxzVGhWuuoGNDhDX6pWbINysflHROQ+elXDoccFZioiG54RiaBlPDs4QCi99633rUt3MmEH6A53lcsYAcARMesGJwNBVCIlCroIIpMCALq3zswY0YzMXyzeJ5sicQhNwp+GpGJJtUXGv+QB+Vfpwt1W7b0HCPMuHLwjNQvqTVIXMucdBpdu+Pvic/dDu4BceOO7eNokVd1UuklX2TQwsC6ydTmfzyrufSZKUICQlmVhRmKn8i0Lt8ZBw2ieWSp8o4AIatZNJURFpYum0mvfzue78/nufH9/vn9+//zu7u7+/n7btgKHRKTxcrq5efrkyZPb22VZ1raubVnasjRuC4tw48aEjASMQICAquYgsah0kXPv537eZDv37bzdP3v+/Pnd82fPnv3g3Xfffffd58+fi8jI7QdTrwJ40qYYq6KikhBp0+4pFEV7X9ZVu4AYqErrjblxAzVmFpbGzERGw4MM5qJnXb3Yrtq1d9m2PpJLVb43QCJSMnVoUJEaKZCaGOkELtRPLPfsul/VBiqVJ2bOOvSbp5SPew7hi3NkIoAZz+DfTCu5tIeuKxZAOE2BrOzA5iZZzADHC//U6ijYvUJqiKJdvL8Vc6vIjTAvXWopXgfmmfkeBQjNRXP1oVaapf92jRbdEwMA97M+YYdL0LOYQ0XycTRN1Uxy5QQEHCRljJrPMQYRpDCocsURNYNSgXVVywm8KH3Hqr8j9+IivChBV4UgM1nSAWdOIaR2aOY4TcDX1ESCu5b8awXzpIEiol0cLOwifTtLF43pI9v9WbfurEEVEQ0urqqYiUFmGg3wUTy5WiTPdCIzZB0cXiLw9LGivffgGBqiqrr+LxGvtzfLclqWZVnXJ0+fnm5v1tPpdLO+/tpnTstyasufvPv9z3/hrc998YtPX3+9m/4/f//vffeP/1h7x+6ZUY0JqbHHhyChmEBQqxBdA9OUUngbMTQefZ/19HkU+5Lrag4sXdWHr25d1LQW7dEIsaOZmW2bo4FqBk7EPJ/P29bNxKN9iJoDgcytMRsYMa/r6oNwWdqyLiRkIrVb+Uj0bIRj69KxqARrjdlvExXVzkyqkOqmCeHHUhkzNpoDYP6RABNeOGWHpWBS7n9sBAl+ovb6iCWi1upXhPny7lYzs2akXdnFlj1P2GyQFE2OvMVDHDXDesamM4oC4NaWZWHm2hESVoTaxR3kFlFFbdBa86ECzNx7v7+/X5ZlXVcRBYDGvK7rtt1L3xqv63pSlXqRQgfNRw4mAg3R+LUKVYULIBRVRPIfIhLpNV0dFLfexRSB/LUdwzxLdyjXU6hm7AI5dg8RFYEeKaOqRI2IEUGSUOxv7+0HSCICgMQc3aSAjMSEhOIawxb5hq/X6sM+4fbmG+1X//Uv/OLPff53/tZ3/8b/8b3f//b5VdfosMMOO+yww35s7Utvr//yv/DGN77+2ae3/z97b9ckSXJdB94Pj8jMqq6ZASAsAQoEBZKQZDLK1vZhzWT7pj+gp/0J+2PXbJ+0khECQVAACIrQAgQGM9NdGeH3Yx/uvR6R1VUz0wBJtITw6YmOjvSMDw93j8h77jnnYA3+05W3Y7a4xWC/XCwaXoghv7T9ndfhnWPjx/qx/r6uF4Nwj2wf68f6F6/7u9X3t7f7l/juW3We2c/n7/Pt8/wyx/0y6/7cOuzrOBSDML87HnH78NxNBA0RAx5DDIphBDqfEOao4o3AjCVEZWo+tOcQiCzDvqGpFhqV69p7wITrKl0kYtkAql3WVfqifXVZXLv7PaACJDqI6MESEcGVOLzlkgaHBXpBLsLDDSBER3HDAi0EASok7h5hOAhugPmAP0dbjkD6AAP3LT3ik+EUZZDufFYYQ2TlNwp8AClCtBwxNUSn0EJkDC/GsKxSj5i7qqr2UJIz7a69S+996euyXtd1DUDPLY0fIwIbOpptatM0z9NpbtPcptYmAhSiRtwaU6lqeoCxlmqfIiqqIl16X5blGn/68vr1Z59+9unr16/XdfWNFgmtzefzRdbel/U0n87zSU9nm9Tn2cxdnSYCAkPT7vM0IaKq9bWrqphKCoz2NQFC6eu6Xpfrm8c3n7357JPPlutVI+4Zcn9h1JeY9xaTDX0zNY3uyswEBI5uDmquhgbo6Oo6yzzN0HwFmqcZAR1N3b0oJalWamrmoqrB25Ee/M0QRxTVwf8Kgk7j5tagATl1UHf0BsTECMMhLhRwEeqk3aK/wkYC2bocgCOWwVv1Qgzk20cvjC8MY8pN+g0AQx+uquIIjcOTOH4FzffbwwLO8ea0Qn4valjCTWNS2SpAoV3gmKfioGAYwCghpI8dxH4YEQkd0FQC6eK421SSn5ZOmRArkPPXHhy0QilD4jfO30ILEHbg2eDR5ZUncoaQcstjWijbSxiuaeWyBiWa+wx0i5vXILi5ioXgr3tQ4yCEhtHJ0aJ26nRCcB2xshcSVA7CnNnGOvWdDaSIlmAo7rrJoFCFrrMEcI6QPEb3wuYGkBpAgqqIjOeEa0T7M69DQ1CzwPj8euKDqqq9dxUJ9pyZ9XU1ETRHqFompoHbq6mqy4Aq09k0GEbEbiBdVunAKaho6kRAxACo1h0wprg2Ta21aZpP5/Pd3auHDz64v7+/3N3f39/fP7yazufpNF8u54mnu/P57nwG0Xk+z3evvv71/+X+/uHVw4c//P73fvbTv+nLOvPE7KCqCuTEjITkgK6CTtM8aReVFRF5YhVxQGJid1l71BbRVBkldm7NCRyQcOIGGALc3cyQCJAdYF2l4NoY5hQuvb333rtI8i57F9EQTyamRoxExDyl52nqCni49MVTwMFEhJnMERym1gAxDjUUNx0xlV0BUt7YPbBrQnAzRkRiVRmvB+G6F7tBIKZ4tpqaxkxBAKoGw3wx1aGTjgoaB2LiJDebJgWwaJpJYDWz8aaFm/unU6QF1VUwhYB5UE41HXVTHzplNMuxz/c0ynx5cDCPfQITYWMHQAZLMB/Rw8wXzKwxMzECigoiURj6YsBmnjLCDmom64qIoKbhsefgiGqZ6BJAZGvMzGE9iE6IwETneQLLoRTUdo6pEEOOFd1BFcF0vPWpOqYuaOKpxIxMKtIllORJxZAsqKZgDoiOpIBmCoStNfdof1azZVnjdhT4x601BxDR6GBmrg6gCo7gIGLEBoCYp+eEOE0n4ubuZqKirTEAqpqqEHGbJyKO7p0SAOKpRPq5WS9HeW/L/YX+w7//6n/491/9zz9483//x0//n//86WFPeJSjHOUoRznKP1T56IH/9z9/+Hf/68Off/fud30uv48Fn4vH4m4d3lrHJ9vhhe/CM9/ddvAO8eEXz/O3Wf/8azzWj/V/pPWWDCevkN+xfqx/qXV/t/rwdHt5EH7+d9+q89Z+xro/qQ8vnSfs6r9wXNif5/PbYz83InxPz9nLg3CcQ2XnwwYHegXBbyLdgcRABsr3xjbugBgKaQyEW7DdyzUPwb0jMiklQJgCc6aqfe1dpK9d1rX3voo88JoAAAAgAElEQVR0MQPjNq3Lsq5XWReVZV2uvV9VV5E795Ck6yGbyUhMNE0tZTQRJP3kkCBCpASIwy0NQjDO878gqWRgOpzm3CqImcF1LOew3aVtgqtPgIFBi0q5PXdACoDQ3ZmImRsnesdErTUipUihh1S4dHSihC3N1FJRLrAp7dqDPrj0QNAe37x5/ebxUXpXVTfjtJQkIjqfz+fz+XQ6zbPYpDbNNuk8+cQMxMgQdJZiwWTIdyAECd/2vq7ruizrsizL9fHNm9efffbpp58t6xLdg8Lqbz6barZvV+9qYjqLqp7s5NYIiAmRiAlVDUNNzNKTUkSDUBrAZ+/ruvRlWZfH6+PrN4+vX6/LYmnZFOaKtCd++cZXK8HPiNk69OuyUmtIghzOiEqsSIqYS2HBkK3jPf0rSIOqbgGaSmCEJgHYdo14Pbhv3CB2b2HuhOjkDt48GIpOTMWkCxQKSqYOAUuhrpjASRMBcy1vLX+ro8X3fYcs+pMKI+dm0FuTnmMDCExuU5HHhl/mTohvHH7T6ISNy7LRfG7OrDIRACDMF5MtlHKU7o5OQIWHgZYKpwOYmLkhIiOH5G5dmtsg5w4IFHdAWaGD42QdEoEccpnR5MOxb0Cq4WdXfM1b+y41zFwBTEjNN8nSdOwrNG/bYeGm4CPhIHl+2fCI4KCmiIBINlrmdh6NHaq5FUCYN3vnwGda2HACfxst2oL9ZwK4OQyaC9iWLJHYiRnU8FfVbCg3S71QNUi7wfEVE0+BSzepHAUv1d1oBBXV3k16CQFH6ohm40F0xvTVU8/xEarRXmgpAEZGw3xq8zydTqd5Pk0Tn8+Xu7u7u/u70+k8z4EO3t/f39/fvzqdz9M0z/PpdDm3aeLWTueZqc3TNDGDWiO6O53Pp/M3/vnpfDp/7Stf+cH3vvd3f/OTN59+IstCjmhkZpBawsQwE+NEk8OVwNEBnT3YXWCGFpgfFq0u+g6id1lDf9uhIUBws90dKR/pIclotgG2kirckvBJurg5ESNSa4EJEhIwc9C2YoAQYUlxQmLAJoSM+0Edo2A8/Xdmw/UyEeQ5GIRIh32dejFA3HXsYuMX6XVgPNHPuERMc4u5oW+s1vTvcHPDVAUv0i1RkLNvpAuqwkYUDsNcL7y7XHrrPcdTTGB3FanCHckbhuaKgxbpTojIPKBrMMPKphlkRwBQVVjXeBmg8So18ooSciMiitm/6sAml51cQ48XgEj0aK2JeGQkBIiYNLxKRyBCRB6pAMQIjo6wS2mKXssU400NxqsMkqEBOJrFfQqWYRcRVY7HILMnUuc7P0QI5qIZmsOmxl6CrxAq6RAZTuihAeGuCuYgEskuEG8okYehaqL1zjhsEOGmsx3lf7jy59+9+/Pv3v1f/+cf/Je/fvxPP3j9Fz98/MsfPx7qo0c5ylGOcpSjvGtpDf/lH1/+zZ9e/u137//1n1x+16fze11S73AXs8XhifKMg9pzseIRrPiS2995HT4vNg5PYsjH+rH+Xq+3+u0KUFHPY/1Y/4df97e3+5f47lt1ntnPC/X9S+/z7fWXvuvP7Qf2+/R9/R0SGPsJi6R6JMXjAnG3o8ALYR9SiwD3eEZuh9/MA7fHpyfZBUU7alk0uYfGXEhXBv4kskrvfe1r72JG3Fbm5drW5bouj8v1zbo+9r70/kpl7etyOs1hGcdEjXmaBg/Pmacwu0Msuz1kH5cNYOntN8KIm9SYmoac3aZLFrwBLL8+wAEc7uUJx1+DtGNFPwqxuOAmMlJj5hYwYWutmTmCEBITEzcmYmKgFjqBFamPMHEXlUV6F+naV5Glr8u6PD4+fvbZp59++slyXVQVEFsBhI15vVw0XKpEbFKdRGd1BZgm5wifJl2uvAtNzcRMNMTsCiFcel/7uizrdVmvy/q4rNfrslxHt2FmVyfAhsxAaICBmagmAGSOjszUmIFRQINdFPKpaezXRbpK1zQ8XLosXVaxtVsX7RrGloQIxoC7+1f9OBCX2IqIRoCGHdeVeOLWuTGRYFMUGegxAEHwupqZDtHXAswKN0mx1YAJx9mKiBZGBojg4V6WmmsY/QDYnY1IkUYAOc2fdqD+CHTDcPcarnKJ0AX/bxPQG/0OxyC9RfcTJEzYMF0uk3lpA18LLDKofNWYcXqFOgZXpxh1A2usMTWguBo1A5/MC/EU3txmAHd1tzDNhFLH9JqigsgJCISMCFugfwD3QxIzAEIrUV+4iT/uQT71ASoOjNN2WFwR++ry9hOdq4E7EQJQJBiUEqcn9SXVRK0Al7hMCTc3QmDE6EIx7wwcOqjQcR1W6Nv+5Avr2Dg2w19wN4l5QYY1JEo6NPaopqKdOI8YXRlqV7A7Aoy5UVMsMVzvyiAuzVA3PVDNE3YHEUmzVaRomvwI3FR6X03FMknFNYAATKak2VAaDau5hgzgxNzmeT5dzjy3+XI6Xy5358vlcrm/u7u7u1zO5/tXDw+vXr16dX86XeZpOp1OlRVxDiyNiKd5YmIkao1ba3EdE7fGjO7kcPfB5cOHh48++OCjDz/64Ve++rc//tHHv/j5+viIZtbFwNEIABmZANCYcUbieJyAhX4vmlpQqRCAmaJVEQBRzcXME78JZ8GAmC1wQQuAMFqghJ2TbFkDjqJVIvMjLF2TNr8NYaN4ljAxkQefv2w0CQkB86Fc4pnFEM4tmUCQItU3uqDuxhMPhnFN/ARoUHi972fCPUpfP59zTko80Eu6PNMPuGB7yzeUtH2EEsJOkt+44HigV9HywrQNI9xmg+EnmOqmlRsROtsQ8P8u3QeLCYeAWtaYT0QUwpQxbhYzj0YZfsPxaQnAsj0nBp1vSu5E2KgxU7jzttakr2oacwWnPy4kfToOgWQpyIkcloG7Kczccac1qqYFJCMQpl9qdtGcnd28u5hD48at9bVbVCjJ9iBt2kYbx3GP83Ga+sAIjoZgBqLhKujBHYx0ImKO3KmAxEU0ghmmZjFKjvI/S/nXf3IZ0cz/+tPrT/5u+W8/X//73/e//1h+/am8frTraiqHquxRjnKUoxzl97ogADc8z3R/oQ8f2tc+an/wtekPvz5/+5un73zr/Ls+u6NkyRjRLqa69+fzp+sZLhnrmTr4bOz3pe3JVQB4sp8XY8jj99xzdeDZ7V+4zy9Z51g/1v+B11uyJwp1P9aP9S+3Du9WH55u98ob/9zvvlXnrf2MdX9SH146T9jVf+G4sD/P57dvxxpUICwF6hfbKiJ14Yg14IC03NtH1ioECQU8xD8GywoRGQvqSOYARJw7g5NmAj4ebWAZB7X0c4s/KtLXvq4igsiASEzL0pbH6Xq9LMvjui59ua7X693dZT5NLQq3qXFoyxExEbQ2cUbTGjERN6SGiEDpouYaMneBjlVc3ExzezjhbNZcmNGzMgvcwvC74GMQmwoaTAgynKhS4C8jeo15ahMxTW2aJtNmAMBEEzdmc2Znd9qitCNcLBrUOlllXaWv0pf1el2uj4+Pj4+Pn37y6Zs3b0w1jZoAmWhqzYMfYKZdZNI+iXRzRVDXZswsgqUyioiopqYmJl20r+u69t67aO/rsi7Luqx9WWVdtXfr3aRDoTTQ3FCMu/DakRuyEisxIa7XBQzAwNVbY23NJkzKVSAR7iLau4qoiVjAoT0OJKDGSA1ZkdQtOjVZyr3t7wUC7cFdRDQ0I3N1BpqozdwaUkem4Icll8nJQy6viBrFwPCBmhlUF1FXC33EwDJVdQByGFQ5C/M0C21ZMANWIyYiZKr3xlCXRCgyzYAkfYfbDX1LB0d08O3EdvjgDVVwXwEq8q5eUMETLuyItiPeOD/V3/FGaoaqPgT6dm/CuD/h7Wx3o6NAW3PXfXi8uCIbMho2V4SEiKW1mDUHkBrolxUABoVTJiHJTe0mzLjH24Y/30YPNtuDq3V9OS9GqgAEiKIBAiZwWEqYFhkFDqYOw4GMKHiBptoDIGxME2Pqc6oGKl98xMhLqNatcxuXW9kMaj5uUGQqgLqlZWgIRdbkM3Bzd1M1B1dTFQmSkKpqF3cLEjMgepBkQ7TVqyHUEoNUVdFp4qFNq6V4vO9CALSDjiBmLY+Oz+RoahJQaLS2hNj0yLkEyucDM0/zdDqfLpepzZfL3cMHH3z44YeXh/v7h/tXD68eXr26u9zdXy6X8+U0z6fT6XK5XM6nqc2RYNGYW2utTQnCE0/cmDi6SptaXMLpdGrMKl3Wfj6dCOAbf/jPv/61f/ZH3/rWD/7iez/6qx/87G//9vWnn/ZlMVF0QKdwNxVxolPjMNkVdGcmQlTT0KiEkKkkF1Gz7uaE7mFA6mAJxNGAtURUpGtSzhNw2oQiE73haZpTWznwmnpzxqIFx2gg3ASYowJVZkDJC8f0CAgOZsNvL1B8yEFt4/gxjsytYbvNP0gZWDMbSRI37NddpgIGZjzI94Chwg0ARAA3vqzJEg5IKpikcVYiQpuHLxRVtXwtYXReGzPVALlDBBeROARGi5JIwVAOLdMwtxyvPKGJSgWxFqi/nzbH42aAgoH0j09FJBE+5kgw8h2U7w6qCmYIeWYJ/SK3aerrsq6Lqk6tISITEpGFpGeeJyTICojIgJpvDOBEIdZs2VDbE80BQ6E1lWbRnbkhIgK5Yxd1MCQnInU3c0JsTEN6GpBtd9U+2NjVJZILmzRtUM1pmRGDNgoIROQG0eVFrXeB0jKNXKW4F0f5n6x851vnI8p5lKMc5ShHOcpR/gctb8ds8V1j1/BCDPml7e+8Dp8XG4cnMeRj/Vh/r9fLg/BYHst3W/q71fffbA9v1XlmPy/U95eO8iWO+9JR/Ln9wH6fsK9f7Jzdp7tY+j6atoe+khxYQ3VnUcaVSs8A6oPQGGHeTRExsbGQLYz/iz5osnaRbhGeTgpfsMTUAVBRlVVWla69a+/9+vj45rO7y+V0nud5Ps3zPM2ttXmeAzCkCA0zJ72QGzEjhRBpBqCTsVFifmHrFaeUoUZTVUmowD3RxpTzshC/g+3Z6+BpBmYeSfkbCSeiZFAwGjN7ax6Ck+aqOhETc+CCrXkClOw7Gkdog+nG2lEz0QRWu+ja+3WJPxE/1cZEzERu1rhNbQrPJKVJURVFqXekipwiADBDsLuqESyQsMS3yk/Sk+5nIAbqENJ6QcgwcDFZpePCyBM3YRZmwsZUuxHLHomy9TQHVRcJgz/RwGfD8K+rrqI9IOQufZWu0e5KBIimluqDmZ9FSSsrVh0hGjkSQ4iEiqiodbGAG0NfFHAFYlGeWJVba1ROTkOF0ix5KqH413uXLr33YUcXhWKQmJnRiI+bmXEjEiQMkmsOD3QAGl0obKzQ0UGDQYMIoSBX0W6HpPF5sNuCYWMY5F0oX7nCHAOJAHcEA9vR+rayBws3TCKHyZgHyCxkFHGLEe9k/W5RopvtCbahI7q4FtJZFTfPvcSKASIGT0PGMoYSJjSaENb4f3clUIK8ZmVU5qEampgfehldRQuV+2Gw6AbtblNRDb3CbNAkw+1Q2YI/4nLXcOYLrC76j5mqukNSt8DSgO9tblNx8nywkH2bPAe/OZMQ8gYgAI7P0rGwtDv38ExxqoLNhiE2aiYYer+I4KgqbgrulF0uYEmALcNDX1vqE4b/mddctdFOLQASrpnEkpqmJgbismqXYD6FzHBmc3BrrU3z6XS5nO8ud5fz+e5yd/fq/tXDBx/cXe7u7u7v71/dP7y6vLq73J3Pp/NpPs2tzfM8T1Nj3v4QIxEjMVPjxhhYDhJy40ZE6AhuSIQNAJFbIwRvzefTNDUCIAecTt/5zt3Xv/r173znT/76Bz/4q+//5f/3s7/75Nef9McVAZlOxIgewKy6ITg2Jgc1AG7NrKuJWCeieWrEzUzW3gERqQGimlVHVVNL7WhR0b73/izKXPDkQ5272ILxvB+DjjCJhE4GUiidDywcMLN5ApbSHYi7PZ13SRVjThjrgaKNKWLXP7GSkW5mjH32wJat5Dsl0j3hvsBK32BKCBpm8f7dHcyBECgfW1BEfxhY5riqDVNPR05IHM5M1ZhxP/sNnt+gA+7bf1QcCTREFP6BQZq3JEYnKDjacP82NQ6UU3fIn4NjShMkDslEHL00kH5w0xCX3jpDmQXDOL3oPW5OxLA/KMJ++CeJHFFNEZyIQq4+fnltGCpAm2cPvmCdfHTCqbWYzcyRKLNJggQ7INn9JauZG6QS+JCzJgQkc3UzAFxFYq5Vs6X3aF8ARAtq/U1HPcpRjnKUoxzlKEc5ylF+t+VZtAI/N5b79FN44VN4cQ8vHfeF5Yvn+YVHeYerOJbH8p9k2bao2R69ONaP9S9Y93er70+3O/qX+O5zdW48p7btDrfb4aXzrAD0M/u5ge/qPJ/fngZY40hvn3OlpNycQ2yEEVPyHQUQAIAAA45AjIj3sPYBIjQDRCqJLC85wVCH8pISK9GwkCyL0HxER9VMg0HYVdSkmwYzS7ziiahkxq5qKta7LI/r9fF6Pp9O8yWE5OZ5nmeZ52meAwhrbWpTZOGHItuEzESNqaDLQPIS8DJzi90XNGiqItrDWArBmRoRpiAlGDoWGLUDCLHYaAV7xG6LAwWREc9spgbNndVVjdiI29ScmzVzcyM1NiMNODMaNug6SbMs8o5J/eliImkB5BABYGQIWzITlbV3bhNPRmrIStp7j3hlWlUhhHPVxsbIhkiip2rqapqoipQhmQdQgICUbntmKtJZuPepT23SZkJCwkwsobdmKQwaxLsoqtADHBxF1Hp4EnbpXbNvqGlXM0J0YiR0tSEe66HLVoB2xGUtnKWYrIus68qNgq8SCJpvtDoPq8D4B+Ggp2TwVM3NgwAmXdb0ZlQVvUXNkQmJqXkrcNWaN0uTuVDk2wGEA95EAsoRYz4AQg86b7RS4jUbIgNhAuYhRZpTzqY1WTiZh/OclQdf1cw3yDz/COiWsF6O9gT/COJWmw9RuSQVBbpuNuRGhyChFXCVDBNMSvFAC6rRCgv34L3EPjZeThUbgp+3XodpVlVE4ARsY6azshvNW6w6AtleTpU1j9YkNlq7XPSC7RTr28y9aZ4mzth7jwZMTnYiF8VQBHPXhGhK03iTMKWcPgz2GGThkmbu22CpyRzrKIlrYrBzBihb/w+fwpSNzbnVwKkPNd6QMYyGt3JJTO3P28dDCLru7spAVBEoUYbIkoDkXgOBAxC383nGiVubTvPp7nK5v3+YT6f5dDqfL/f393eX+/u7V69evTqfz/PpdDlf7u9fnU6naZ7naZ5P83Sap2maIvMDcWocSSGMyZkLph0jtWBrIcWjDCHYu4HSOkQlIidwNwSm1nJ4mgP61M5f/frpcn//la997Q//6Ns/+dGPfvyjH//tT3762cefqkROQjzF0A3QkXhSA1fDfBYwAJp5F0MEc+xiiOgg6iKq2mtu1ey24BBwPlIYCBKWR1trlTbnw7MOsTQwQyU8VCWTleXpujlerFPtNsDMmiODUj+MNqs7AxFBHTsZ0e4GHp6+oZY5hvkmGbqJDddfiKOzVq7t9rtyzNjqbpb5MEg5cScYFg9rRAesLJtKzoFElbb3NqQQPkhHWwvGr6Hj7ox4nqd65OHgOw7uNyKOgTagvvouIWx43rjADUDd6Y4+SbeKTyvPAzgwX0AzicQOIiTEyGkCB9OQ0fZuaqYhV0uZkFWE/UAVzVXM1SHZ/yGDTG2agooXz38sYWtP09HgbSJsp1aXHM3U2oAMMS8ex72MpBSPjBtwAEq7afAYYZ7aCVZZOliCEhasUDMnN3DSekMyB1UDQkYiotSiOCQnj3KUoxzlKEc5ylGO8j6VwSDMf+MuQoxbCBiKqrctR52h1fQlt7/zOo539mfq7A/0u4/hH+vH+hest2F6hFCJ/cf6sf7erg/6yfN1MsIUgMBvfqyXvvvsdt/XSZ9BHKPspn4Fz3buUrBDB6NmbBy5IyPFHpEICZBK5w98c1aDfayswm2W8pAhe6fq6sUaTKFRE/FQcUQIhyokBG9gCqau4iYuosvaT7Ou3dbu55OdTgGS6TQxs81i2lIskidiI5q4uRMDYgp+AkQkUczidELiNP2fgs+hCQkQKXPGn0tJMi4+IB1AwMCaBkCoeWE2cuzDoNGYXRuaG7OxObtRmfmYQwMndjXPICY5oHm0jSSCVuhgYYRioqDGQBMxkKkZWkC7gO6mJr13ZpmmidVIDUVCEnZH3zAzIgJw1T1VUUP/rq+9p9+eSBfTUKyM0CAAOJoHxOPIRhrVepPWBJEQKOhNrBoMDHejitICgilIfkm0TA9DZjS0VFW6h/SrqqkCIYCTU4Ug613MS8DNseAyAAAh6uHXFJvMXU11DqpigEqtNZ5as0lUkOiGyFWQV5AcQ+g18UyxYUIH4EjITGyspmyUOHHTjMGG3RoOAfoRQcWgdISuo7lhqseBm6tpYmaFae5Yd1hY53iKbrq+BT6Co7mbQZLRBsJXX/CyOnMAIEjUf3Tg9ALbaXLCjhypgzvi22DfHOrAc0rBWi9Iq2y9POLe5iYqMUUgYJkd5nVl5fSrgw2WKjxudNtkJW7ktxQExVTL3EDBvQjhXoewPvUB4FE5j+4qQzKQE32zvUDrnmWVSCUYuGFidOC7bItkAw6y6jjEmDfNPIjLu1Md0/le3O+WfYi73QDWv0tscrvzUYWZAMkt6NzqboiMJWHr7kgU2OJmRDl0C6ODcmZgIOFE1NJllac28dSm8/l0d5kv5/P5cne5e3h4+OjDr14ul9P5fD5fHh5eXU53l8vd3eVuyjyPdjqdWmthuUeJkaS9LIBH0sfUWh01XWIJE2YYz7zcDkT1TA440cHNPFVtKbApB0BD5NbuP/zw7uHh69/45h9861vf/PYf//ivf/Tzv/vvv/rFrz75+NevX782FexiKqYGiIbgLtW78yZLlxgiXQQQzFzUREUlxUSDQpy5J8TDai4tdAmINgDHcQfQbJrfWELJKYSdMLZBuk84xKHNNAziIIFABEgkJm63uxORmREQsA/i3UZ4RQgl5MEXHD0RxzvE9u6w9eLRaZ8wC9MkDwa0BIDkMSGguwf4CZHogFacQvQgG6oNbLqGpA0Tx0jv8XL+wNASnee5lVPgGJ5FtYwBhntocIMDU3YUBqT2hC45CIi1Kxx1Skx46xtMzIgSJqwG1HBnegtmioBOSf9mImIujeWcKbZpyD0I/EjklaRCgapawqXE4wGJiBQvKjkP1L3KQIdD6ByY+RBMxny2uqqGjW3t2HZkUI+7GGlGvrNsHLkgMUNjzswMaGYuwUoEiA6brMY8kQMgPMpRjnKUoxzlKEc5yvtU4mfehlnsXQZHDHas4y5WjL6FTEc8dod9vLR9+zVyu58troseuiDbdoSndZ7s80kM+e19/mZ1Pn8df4vvHuu/p+vhQQil3ncsj+WXXPq71YffbA9v1dn281K/9duabx/Fn6//9LtfuH1jI23Ywc3+M5Pl5oi38buxiiNGM5yLSgkrAkCIiMgIDIA2QtRIHDFitHLZgVLDq13DEKcLQpGl9qMF7KTu6q7DkIucDICADcEIZF1XxODWMUBzZ/egGAQxEFrLUzeA5mDohtCIAJ2hzhYMEjCx0hcVFRORyrpX0cQS0BHRlJEStwCAjFmPcHMAKuAlepY4hWmG4N3TOy7xLbfWGng+vEUkmgYdgB04xBSduCGSmw9w0NL9TkVUu2k36WqioI6IjdgpmZwUkTYDiPg0dZm6cGciAQQYVnbxt5mFkB1oyb26ezAUtUvflZDDM1UoJg2Ej5IZAjqlg6NI4JJrsgfURDVUYM2au9HU0u8K3A1EtAcMuu7KsqzXpS89bge4FaqBAboOfkaF0ZOCl4SVwjbCBcodTKGEbHUqyLP3vvbOU2vT1Frjxr4L74ZDJBMlcpzYpW43JWhraoBORBwgBjMza15yeHQZ4B65gY0uRwCAwZyM3jJ8EE21iwwq6kYxKw++BGh3dlTjqh0sbbA2NCpJe4PQs2f75XB3KBMy3wmoDm/Hjb445o2dnuhYD726jeSHGDK8gadtuplDGtDdzTenUr1F7wJUjl3FpbmCgUJQWINNlPQ5dLBo6VgdVznkRqNvDIboKPvLKB5emY9C8fUyiG9qJaEZpDrbova7ky81VHBiDJFPDLs9x3RpBdwzjgrCA4KwYIPheBg47WjYYv3WXRgsnw23wNxh/prBvNEllphystF3EIoBaY6OSK1lGoGqavgdblP96LuFoxC3aWLmaZrO5/Pd3d35fHc6n86n0/39q1cPD/cPD5dXD+f7y+V0uVwu93f3r159MLUpVKHP5/PE09SmNk0BbDHj1BrThg+COTM3bq389wiHES4gYmtcZxftBntbuHgyoXvO3GChPhr3unETEUdkJiYOch8Bnl+9+hcPD//iT//03/0f/Ve/+NVfff/7f/lfvv/jH/34zWefXR+v63Xp6wqm5DH88Xp97HIFN2ZcRde1y7qKClCMJt10RIko2WQ0ZjCiAFkwCaK7BzQChGVbXG6KTDpuPyUhJUDjYjfsqqB9CP5yZoSUxH+yYTehYAfHwpUDKKon/pMfxzhAcKiXkf3bxJ5EWL00cx1u3zrCqA7BEMiD8mgGGLRgNHc0dCPD1FIu88RgXWZKE8YYFzXZvEap4OFEYFtrNLJ8apYbUBYCIMHARPfGw7trwGmaRvJM2P3Gs54bj6YJsHCQMsexMOXKiYnMKPxBY8dmZmBgaGYBrceumJkJRbonK3dLHXCPcZqOlJJuuBAMUoMUddCQfEBi5k17dUsyGA+h4BJbUBmjh1A5KWp5nQJGDkGyBBE9NJ33uqxj2h/vP1tHygGYYHbYEzp6obiw6xtwlKMc5ShHOcpRjnKUo7xHZaghVWwWn0Z3bz59ZgnPxqJf3v78UT5nGdmU73j0Y3ks38tlMQj3rKxjeSz/wZf+T7Mf33JJfpsjvvTdZ7fvUWt1dfMAACAASURBVPdkLOUWuMk9Gc+Om0hMhpV3Geqc1IwRUNvzYwy8uFZAxAAAQTuJrxORW0pmJSIYEooBMolpFzALBMlNAwEKzAjAwjop7XewFELNQQ3ErIuyCHUCZEhZUy9HJTNjmxojM5ohNCRLLo8beEYhPQkHogPssXT3k7BbytA5AXP4DDkCABoSWClZOigUeBUIqHr5nZWOpSWEiqaJtVAFxNBd3YGN3N3Urbm5M5MZAKqDiEhEJNOuqnCqddVVpCf5Urpo0PuS/6XGHEdnonVdmZbCGzD+xA0Pg73GTISumj5mYaEmVcIGsPfe+9rXOHqXDoUIEZFKBMBdDFQ1qpxOp/PpMs06qU7TpN7Uw2ZRiBgQzd3Eeg+e4tqvy7pel+W6LNf1el2W67Jee1937K4RjFYzJ6JAXUePBfCMtGe00dzNRBV6d6f6ejAV196neZ7Xlee5TWFjSRGIHXysgCISOU4NWtuxOk0lAvdBoRgxf2RurXFrzVzcNXqH5TUUXSzcoWyg1dGYqScXLmVpB4cAySD0TUxyx/KJvYbb3BAtzqFfiH1RWncAYSGT21vvIL+lyqYGeA/o/lzgdkMFhyzn7k7ESRJy6tWOUwUonqIA+C07GcPOb0SxA1wJ6y4v70JzTVwDDZErE4ECFQwIAZ0id0CjY0eQHW84QBvNpZp1D7MRERMy0p50OxiSGNJ/gQdscGDRAUcgHhGAzTTE/ZBCiLlM0jBvUDG/AAl9T6QplBEQ0MlBIZhvSSIMmuiWxLinOyJxgK6Bqikm3AgeJoQEEAkT5mZIaBhsHg+/wOAYGji3xsyZKhLs7Gk6nU6n83me5vl0utzdnc/n+/v7h4eHh4eHy+VumudpaneX+1evHi6XS+OJ2zRP8zTNrU2Np8bcqHFohTIGeY6JmWKdglCUjHUHwpRERsDQ3KXC06B+8BS+hmlpmfKQbgNfSdFNC9JeygeD8cQwuiYSsDuggKk6Ec7381emr/3bD/63P/s3/+rx9ZvPPvnkl3//q49/+avPPvl0WRbVlIL8+ONf/fSnf/PLX/7CXJsKPb6+0mtdF5Gezr0TMNV/Y7Io6loxwPYcNEB0pGCeUaj6Ju4C9bCOTJzdkDRPZvEGuXg62yWjFEsENt8asv8DIFp2dBuiwAW7hsBn9hkr7d5tVtuGUtEExxxiiBhegxgefFV5AIyI4KmonC8XVue2S1ICRCIgBFAwtJiow8zVIg1FTcGxgFYGdCQiam1iLVHLcKkEIjfzXRNE40FqA+CTZAiEtLREInBRs0CoQ3k8wMjIfyDkVHUO/Vh3NydkotQxCDw7NEPDPDNYywp5y9yszAgBPMxlA70PMnSSp5mHl3CApRDy4BqQIBEirioBzrWpBUev3kduMN24xUzUiNwBG7aY1iKpAsocMR9UmklEZrs8MssHOuRrWJxIgNCQmSHxxqTmXs9P85RZBgM3ygflgRAe5ShHOcpRjnKUoxzl/Sp7BiG+wCDcfbqL0w7+3LM1X97+NoPwaQT4mS3wdMtzDMLP28NvVucfew/H8vdu2faiVcfyWH7ppb9bff/N9vBcnZ2H4HPf8tsjvr0Hf3k/T/GQz92+27P7c/uPDc/UhHwepSYZjj3HX0j7f9dOtvg/JvSW5KSiyBsiROATccSPACKxPcWxYCMxqYbQWTkCeQTVg/SBULqMGaAKAydSkY6Z5w6ABhAB/hYEH3VrTuysZurMHBZU4OQZyHNxC3AtiHHuHnhhFzG1aBhHcPbQ+nJzAjBE8OEz5gG+GmTULQ3TSu7Qg1tYGmvOGfEMvNPNjGhQl5hIzVjDM4siCq7hz5awpRTrbe1r7+uq0pM6UehVyVESmEkSjxCBQFFFZdZ5tta0TP8mRGgTT40JydzSGMpsXddlWR6X5bou67os1+u6Lut67amwKSYanAMzQ0TjBK047foCVuyqOvW5tTafT7NOYRXJEiQ5VDNX7yJ9jd1fl+Xa16X3dVmu1+V6vT6uy9Il4pyqqqFBF0FqAB58hR26tQnBmTmzGokqibBZVxfRzsxMzG2agjs4T9M8MbckNWIS6QIfQYCdiqWbeoCnvfeMOY/gd+ATFdAPKqHD9t2BOyYtjNAhQHRIY7xNLzSkOA2wFP8MCr31PRDngxXixQeKETToYwbJuBzh/uK9FbEp0t0gcYINOYMYJe5aL3U1X+0wSrjV1YyX0qiSdBynUcVMM4MNU48uyI5hnBZTUam2QoyCAO8xOD55nQmsx4nGWzAhItDQFt2YpODmOs4ucafRV3JC801HdDgLIJgTOql1yH5VllqW3R6IgGkTYwSnIVGb5nBIQOiB7cUUvulFFuoR0xu612u9b/NuUg9TKBFtJ5WZuypsFQZptC4m9DNjbqegkEFJxQb1CtzNgqvXGkNyyAIEZG7MrXFr0+k8zadpnsM2cA5t0Mvlcnc5ny7z+XS5XKZpnuf5dJrP58vpdIqRPvF0Pp+nNjMxAc3TaZomIjJzRm7cGk8AwIRMSJjYeNyhmgW3SYw2Blra8RElLTMxHhqsQhgMwlJShUGswyJPEhIS7PoMUOPBjiLkMO8UJ2c8f3B393CHjtfH6zdev7k+Xtdl7cuaRpXuj49v/tP/+x+/972/+Ptf/qKvK4tQl+bkgOyE6MWeonzAVfLNjfYmFi8wn7Q57sbDEhzCVDF+56EXc2vgdJ42kDuVzADgA7pL11IvCiZkjxuPWSjW8iYoaqngHPhhgOEbT/EJ1p6kzg16H0y/G17hGKTxpfHmYujGTnXVGzzoAWAWg9Dr1y4WmG1x4zCYp0hkboCAVEw+EVMbmgjJuasf3r5NOTBmhaE1uu95zA0g01KIGJPuiZGB06KbWqUNxeUTpuOvuaFiKUvvWsPGUUL1unIRoFGIPJu5Y1gROgBCvDAEnZGYMc7eHSvhg4jIKZ6bDpGoEd7KO5Y8OhXQ7GnDGHMtxauRmxPxSEIptilYTnohkk3xDLF8QA2me9BSB9JPjiDmJl1UuqgGWRNb8s4dPUWOtxfOoxzlKEc5ylGOcpSjHOV3Xzxl2UY8Fp9Gd3ef4ojx7pb4bCz65e3PH+VzloM9+M5HOZbH8n1b3noQHstj+Z4vB4fv+Tqp4fWPdZRnt/tOgRp8p3adZVffscLn8Q0crJVQcCwBsE3JMPE6ggq1QoS/GXbWZHtJPYCBVFDplsZJIwCBo5fwn0WufMSywYavFEBUzCswjwgUqDmJSlBtqJMjqJtaC/yQVVmUm3IzZlN1ZsaI0juljpm7mvWuqiohKxpubKJd1gBZEB2okJNQJoSNBFHxNQjewaAQFcto/BXQKexISBlIa60xczM3dzYjIkIlRCSmCnMbQNDWeshhrssaf5ZYWUv5U1L8CxwVDNGRy3LPTVy7iegsKqLMfZqnLiI6A8LUuU3MxGYOaatn63V5XK7X63Xp69qv1+uyXAMuXNa+BHURAc1UVMFhaKqyChLLtKqKm5hqm2ZmPum69mlqjZi4NSQsWAV67z0AyeW6rousa+99Xa7X65vl+rguV9GefcXMLcLqUG07Ov8NRgUOgaQxs1I6k6lOXZa2zsyMBYJwa22euLWQiTOAwY0xMzCjdJZM9CzE/oIlqcVeHGqLMAR6CYmQiQIV0yDdbEBZuJBBcEeGH5RHxDcD06Fd6en8ZIORE1h4Dvgd8riJj8YbYAIRge4NIloxzczirllNWMXO85ws3MBdDBRAk0ac0Nfm4ncLYGxNAZuEqecEk9qeVsgZbC8AXnQ6SJXOuDRmIqSBxiHUoQBhu9OQIoVQFbaekFKNiXt4VcXCALIxYmrKsbw7Sm43NTBDogCgAJELRsBk5cYs6QNJcACvFAkagH+2RKz4EJtMEdPkeFXrw+gsGCkDgSx5ZXMkDJaTM8GQ0twTQXeijm1qAa7bgAjTls6Z23ya57D9Y2LiaWrzHDjg+Xy5zKfL6XQ+ny+Xu7u7y9057ANP5/P5NM+naZ6neeZi88WQKnocJlCOhIBzm6fWkEjVCKkxMzV3ozIR5NEr3HkPg2GC9gOmgeIXQjXITf8rldWdGGruGWHcYEcCAto5UOKmRTuOCS5mkTYAhIw0X87z+fRhkDIlJW2jH1z79Ze//uXHn33c+5rCju7gEwITeWlP+uhYTmj5I25DoUqZBsJ+0sslru5pdpzqaohEkMgcuAcH383C+xaSTR2PeR+P5Q3NH01YwxYHnBfik4lzWUiUJzu2Pr0pRWQGQM/sh53mJNSncTnRCQ0cEQgArdyOAciAihVK4fob5nmZaZTT5x66G/D+UBXd3fYYjujE7ul5mM+56mbgSUutHdpQZx4ysNHHiAPnRXMLN2ZAUpV8v0EIDC/evczU03owOKtxnpZN56Nxs8NljZoF6oYTYIUZIJwY84bGa4yaBVSepOGdPyMhOqKaaVdgcsdxP7LJHDTomoAhHVrGnRiux+7QgNJJFTzo5vGmIGIQID0ghTekmpipj6eKYqKbCfmZW7LuVSUgTyRGzRdSwvSQPADCoxzlKEc5ylGOcpSjvFdlpCzCFkVAeMtNsD7dRWuf8yCE22+9tH0wCG/2c7sFb7bA0zq7fSI8v4cviEu/VeeZ/bzjHo7lsfyi5Y5BiLDh7cf6sf4F6/5u9f3t7f4lvvtcnczQeKnf7tl+z56nv7yf55iCL27fnRv4c/svD8L9OYQ33kAFB7upQjMVg8ZgD5TjFkXme8RQKVW/IsrMGysAUsbTzCBILBQkIYgANzHqqgpqoHEORNiI0MDFILPOg3IRAKEBYqhjGpqhCWjIOnYXE+/WmzZzVzUWQcRpPrXJeHI2ZZ5KnIwNMFEwt75KaouqpsGeiJmkTCPGRZkqWTmNJQWk7HnCxMiggq+JnBQfq5hjhQSAiK1rX9t6Op3meW6tCRsrZzw9uC1EjTkbP3FL7b0HfrYs67Is6/Xa12V5vF6vj31dwkIxxDODi8DEqmyTqdi6dDmFPZOJKiK1Ps+q3RQAuNHUmIndPVRGEyC8vrkuV5G+ro+BEK7rsl6XdV26dFcjomg3d1cjUhFZkYiIZZrMOoCKSusTc+v9msBBY2Ievc3MRSQQwr4mNVLWZVkW6WtfV1mvrpuzm++C/Sq+08SFQgeGCGfgxajBFiLuwrQwcaAXjZiQqPEUUF4I2YYwXLkdOrihqadHW8buLcXWBq4wwsrl6BU0muTMpC7b6AlxqoNkFoqIQdoAizsYjoYc5Dkoii7EVw3FEsbYrnbscwOrykLUstW2Q4NDXNE25L2YwfZEyRPQBowwgKentKfBJbIUkqNExNCSB4n7nezZObsbV5Sjaih3op2VWl0l7L+Y6xVVT+wnQcCabACHzGq0T+r7AuT7OCbm6rg/q8DtjJmQeVi7VTJFTcLuoloo2MaVHKZcCMhEsbdx67dTz0LlMgnDugwDFszjEmHBooSE6Fj8JABEdqymIBz8LTVIQ0hwIAIiQGxETK21KUpr7RLA3/3d+Xw+nU7zfDqfT/M8J03wcjdNU2vz1ObTaZ7nU3wr3DaJkisbuAwjpedb0rgKr0HkotgSEk4lX41ONOVNST813LUNbBAWJBVuN9x3Y3/0w2yh2moDwh+ynTt7P9/2kOQtFSgY0s2YEoph4vi6uKnXPgGNzM0RoDVuSB9+7aOPvvYRondbAK1NZObAlLa95L33eLJAUjkJEFU1pFtT+DRJZw6FgkL+GGVmcgckivklAbtIU0BIN9awofPqcbhdZU1NKWUaIFiMPs6cnuhOtB+PXsBZpTaMIZ+VQ2U3AETTMAd09qB3J9zom5Dqbs+71yVCT3a4OTNoZRgwM6IDhjr4OA0nh71HYDQeRPZOsEtxiO6aqiCGFDBYAFlmob0J2Mgrg6nGE4UAqZuZETbKXAXamLzkoD5ooEG7BMBp4vgnIBCBiALU85yKJB0awtusFbg68KbqCcGVJ+YimTogkKNYzcaIZlBsceyyPYlULScAMERoxOjYu0R+lg/Z6VBFdRcR5tD0dTNDAkSOd4FMpwg75DBoNiNiM+uia5fI9QFAR5SeSuci6kUwNdGBiouZuuoAyXNpGHRViiSesmc9ylGOcpSjHOUoRznKUd6fMjwI41+YIYZdjBcBnvMgHHXg2Vj0y9vrJ92XjnUXg/DZOiVS837E8I/1Y/0L1m8ZhHt21LF+rL+H609cAJ/W8S2XxH+LY7303We3+76O7/NW4Cb3JB0KoUpJsm34CyJtAqEAEEJsASyoDWlBK7OcmwisQ3rTACBTHntHxo84XGBmrbWIbKk5ugUKF4FyRGQI0biK2EJqjIoZmICCdTAENkNCkt7FGrcghs1mLEZL5xb2cozEDhyQZ8A1QzlSxUS69q7huJbt4dI7czhG0dZaRaWK5gwTxbDn2bEYsEwGvTx7siBCa21dl2mapmluLfg2PIgKREjEEetGDGMhE+nreg10cLk+Ltfrsizrel3WZV2v0jXEG0PeCxGdPDyrOq2IqNrVepeVp5mZeJ2m9bqcT9M0MfNCCAAmFrQyc+9rcvrW9bGoiqtIX2Vd+9rXVUURcTiyBaoRyp1I2Duv6/L4+Gaa5jZPIeYZF5cx3IC7waSLmpYZXuC0vfe19y591d61d7BhSudQfkgj3G+Fh1X/AsAi0nkCBkmkKZyWqWGRQsAJSsd2oOyWrLaQGDUIedwSpbRUxs0YdwpcOhRwvpGEoJhgZdGXMP0m1gmAAMHCDBDNzBBCbJGkd087z0SnAcEteE5xpRB2UBDQXpwlAICXfiGSEybkDhu7D3YioQ5jUql5AopwaLBHEwqmi1P14PWADxe0gQCYbXqqGA6lvpsDQueuUEbaJD8BEbm1hEUStxx8Zd/R5xL9hB04BAUN4SBQ59l4SlcCpjZtWPoFcgfDdi3aMTEuHMy/Ae6VYiMAlvUaArqpDy5RTLqYQodc021+C4cSKNX5588MH7erEMMd+GV5VuBFYSYaWsyIaD4OOfBRQqbGEzG31qZ5aq2FX+D5dDqdzvPpNHIUzuEmOM8tHAFbi2mhtTbN8zzPnGaLzI0btcD+OEwDY50ZYbAA4yoK5kwTxM1QEHG7T9UihAjFTse9yitszR5dYHtsPb31uzJuvY9pwbefRW+XPdS064o+yHVWIDd4uNh6nDS2FnRyMxO3j776lW99+49++Fc/+PSzTwCRGvnq5gqhdRkakPXkHaLEROCegqg1iHCg5uMMb6DlIWet2beIeS9zXePcMWWXi5fvdUu2+SeUKQet8MnTPPHl4gDTTlB0HG3TC9imphBnLlXfIUUQd2CggwgjdSHrYLw/JEAIiACUWTLMRGEITJQ/uROCLwixEp+qH4wpn7wUzreRuOuO4wG9F31FJOZkmiNhtUZR4syqJtQbkZlRWjSaBr88TjaTAEJ+OCHUwXnMTK0SG99TmEf71gluLece6tUAltTOPfMTEQncw8VW1erjdE7EZHbXvUZ0gC4SY8cMzDGgOiLKPA1xEbn2DtYTaaZGbQZmNZDeVU0q0cpjMgjqvZk7GICGQ3NOd+SQnqjxXglqQZo/AMKjHOUoRznKUY5ylKO8d2XvQVg/Wrct+UvxBQ9CqE8H9+4J7/DZ7SPd+Ml+9pxC3PH5cIv33MaKPwdneXufv1mdz1/H3+K7x/rv6frhQXgsf7Olv1t9/8328FydEex6/lt+e8S39+Av7+c5puCL23d7dn9u/7HhmZoVgh1li0tW6GwL4Q3uwAiiFVPuljGTQV8YNDu8CeT6FqKLmHOE3VTBwdEb8kBiCKCIKHnO6oqGohgxRlF199Y4QmIixkyETMyzaGuduFHLoDdxA6QCCDNPX01NLVCpFOp0xSJ6BTOSQyCMRluhOVRoFt1NU7BM99SggV4EDDkYUMyk2oK1uCwLM7W2E+VLYIe3nuPhM9TXdVmXvizLslyX63XtS+9d1r6uS++SNpAOmGF3RnTKoD2JdtF1kSu3iZiYW5um9qa1aSYicIgQbHoMmUvZHYqs0TKioip1uK6io0sW5QVJKXhUhLT2Fa/IrbWptda4tSQEbVAUuJuIhNBl6rEGWGgiIqZioipaMe/4VsZ/NzoYwHjtSf4FbnSKUWWHLoX2Z4ZRB/ZXCHgihREETr+m8vXKUeRuQbBwi51kxsAw8iuM4clgLUZO0SsK+xDReBqGmVmAMYgo0iFs7TJynOCejUklJCNvj7VjYMWQtDTJAt9jLVYB6RrLObQdCtEfx/TdLFZzQGKdZYC3Ywdu5EILFM0cBnw05D0rth9AXAKoMepDWzJgTLeA3QZaUs228Rh3UEowcKHkSHfMM0yUalAnARyJdwijJbGr8LUEFvI0A2Xl0bhhnTjgLsg5joC8LNAC+ixtVqhpb5zO0ExNaI9GE7lHh9sQaAp7PsxZk7glsEZInBy+1lp6fHKifKfTaUrnwBMHQDjP82ku7uCUKsf1zcClw3ww0xWYW4B/VRi5aFS3p5QCkIXE5/VRNF3keeQAHCKag6oZMtT13PEiAo6H0kAM9g8t32R63yrjt9QYGNsteFKtBnWt2GaRuz0/Q5oSgcL5cNPdvtF09ftXr77xzW9++4//+Gc/+2+Pn31mKtM0xTxmYA5EjO4UnPOYggCAmcM8L8d0stFz5G1w0vb8vcHjY5QWmBZEwO0yc4z7wOMzv2nwoSOb6QnUevNyMSDN3Vgruny51711Bwptg+CqgW5z9XiZgQKE99OCQUiTRqKGYQG1WKTaoKuOY9KYVTyFiGmMsoQQsTj9NQtujYmp+xyTT2UAJADMjAhEDNvkltOEbzOn1xtRnqMV9TBucVBs9wg0bo9NQACn7GND/dMBKCW4HZKWrpGuEu1ZzG/Qggtt/J7afDvTm1nDghVAzaCkVx2HvEGa0EaeQd17FS2ta/PwSV5Frut6XddsVQQCIgdXN7NVxNSkS1cNIdbIopKQ5jZX89A7r0ybggKzr4dCqT4dt0c5ylGOcpSjHOUoRznK+1Dq5X3EY/FpdHf3KW4/MLfl4UF4LI/ll142gBESuXVwO9aP9fdwfeRSPF8nNvzWx6pA6pfavl9+qf0PeB4q/DUCYeWTBDeIw4iLZSA7vY9uoIJBdwidL1OtLP+KWyKE3l1yTyKIie7p10M5L7hTBPuS3eXmhoaqigCRog8AZsoc9lqh0kYASMjLsnKbmCdq3NrU2sRtQkqAMDTtNIsFHqYqrmJmtPkBQeCNxARlPBahRjMt6lYl9rtuufw1sQXIMWh2cZKt8bpya+wORLgHCAfJyEtSNr6uqr2HAOe6BlTYV1U10XW5dpEhQokVvnOw0CxFxC7TKq2tjRpTUH8omJHsgEFyhIjdgaO7Bk5n5u4qqhq+e6oi0tcu3dTL2g4iDB13lmhgbwTgQEiMxFwqi1sQNHQsTdVLmDMOZ14B1mg32cfG421ruDm6V2QWIOLV5mbF7ho9dvTlweKiEVYONylP77EaFlh2XWHjNHBw2MXODaxwcR8gf+F3WXV7xmVHGQDhjkcGFiZnaVGFiEZkiGim4G6U9wXGsKyLAdx0+/Y8qwqUlylfHXzg9r4/LahRuYPaBvlx/3HQwvbZAIMKvJPl3KaR7XqL97YHCeMgMQt4EpND0I4GWBIzXSlVjsngCV644+wGFQ0JaMiNlnMqVD5dBtMBoosOCmQxaQaPLQiEhMF7BSQe9T3Q90T0KQP2ydwLNUIIPCnUQvO4XumBOGCRpOMNRc7SYizcHZy5MY8EAuIwzEwKH29qoXOUaWrzNM3TPM2n0zSFReAc3p9FsKYYp0QDCOXRhnGIsBbD1DaFUY9CKxTHbUmgknyPytWcDRTs3DBg2/qS3wABSaod9zx/wPjI1Nwz58Z3wLen1zPl5oMhAPOkSlaynfDs7hO8hb9y+vIaJrHZxszp0Obpq1/7Z3/23e/+17/+4a9/9cvHN8vd5RJGhm7mBIgNINAox5CP9YFLgY/JI1jgO5x+k78car1eD9UdSDmmxz3N2sxC5DsH+ParMbGZcROebcX95l0T5Una7t7U1LplM9RWTG/E7b541S890+fuHQ53yoKouYZKMaWdEJnJSmi5JhjM+SVRtBLW9EQEg3cdwqrxuAkKsJcpbIyOsh686Xhjvt03C5Xn6F4jt15xON9qdtgthhJsZHhswCEORmPQ4uO1IjA+R0Ae/MXk3vno3tVIxVR3TEvdmK/I3HJsgpmbmBaWmei3OQQpXM1EJTW2AdzEwFeRtYuoc+adgDqgKICpWVfTLl0kNMwJDAFNTUxNzdSkXGvjYRYa72bugDGTOYDq3qf6KEc5ylGOcpSjHOUoR3lvyhY9vY2pVsblCJq+GCu+wTvgi7fH+ufFnJ+svxR/ru3vFit+ef0faj/H+rH+8noD2OPxx/qx/n6v7/l4z9SBbd2/aJ+ft593XH/2WC/sfx/h2jOcYgsmjlYR87dBhUILSmbwKZ0owpsj4EpIRoBEOBhFRBxhcyjNwzpCnAk7bvHQinUCALg5UURCe+8jds2tZTgxWViNIhbOU2tzmyYksozTATINo8RAvkyDQTjwm4yOxqlmaH8HfpiZmA6EYqinDutBQkKgUhnVivBuEdCi72S0/wY9qfhtHStYfKIiotp7FxE3NbO1L2FcN74Xp21mYbwYlERciJiJA8FIj0Pf1NWsQCGPEHbE8xDZgmapkvQ+FTNJMNoS/km0zz3g4RFaNVcPE7skyCXIE21uZlhkKXDIMOgNHAimWjp5ERa/AQghUbbofmF4d+ML6BZ9sPYAG2tr3GVPSdGtdyc+WxXK8s8swrgFRjlCEHeKEgUAjlDYbuBb463Mh26nO0BgRhH+TR0+h7DHGpqH7k4D5NzQaRgUXrjtMEVoAhogLWIoao6zTswnkNECrfccoIHtgG3NOI6yRwT38sIhSrw1e91ErDt+Qy/ejpUAIYDVVGGwAXSYfcy94DAeSoyENzBh+txxfQ0hQEIHUE+QYCD0FA8DIwAAIABJREFUlLMHmCli0G0hPP/GEBrMpobbQWsWivA9xoAC2+auAfOPiyUkojaafsPUeJj0IQDUQWgHLaQNYRs83CL8TVPp9rZcDmnQaZoaT0yN6qyRsXQZaT82d/9iQtrf6x3iW2zAzUEQEQk3Emw06YQwng+WHmt7sDUBtezESDsdSCg+1C0qsIfj6bZ+qpzsVWRvy2DQ7TvbC6V+5932860bm5s5NQIErVlrL5FqqmBOSKFxef/q1Z/9y3/1kx/96Bc///nHH//68XrtvaNZcLbquaGAboBgWPMnJg266MyI2wPawwLVDcCDkzYa64bCGCCSw140dVzk6Ff7r4zbHUakzzfQbWLQ2BLAKm7WmeE8WtrFu0lgyy/Y7XN7au5aP77BzNs7QI7WmyvZ5uptWFkR+QiCK+wY7DgANLTtwisNBRyIPPNKzBuFtm0+0Ub+0tayN92Diqmf1zBG7g7YhhprFFLkOcvidut8f+c8RI9ze+Q/gYObqZtDoINOwQsMKnSdTY4uQiBUMBWN95YdqIwhcBAtLPFGYjYeSQAg7gioZqKm6qFHG+lTZoHwAVJrbQqNUhFdxcZDd11FRMydEF26qoqoRtKO6v/P3rsuyXEcSaMeEVnVMyAo6rZaO7tm+/5PtmftfLuSSAKY6a7MiPMjLpk9uBCgyCU+U6XERk1NdV3yWhMe7t5H15nsBc2XJIC2feddtm17fHx1HIeqfqQnnuUsZznLWc5ylrOc5Sy/UZnBthcx2IUfMv/5UAx2iqAU5+ST+++2Pycm/LHjE7/8ybj0uX1ufzXbLfP7U0Tn3D63v+bt1Hj+yDERCvpHr1UIw+fs98UljknVQ1RU7gPnCaJC3qoPydK7ZmZdqFOYITyDa4FN/tIsRQWLYNA9s5BFPPDLwoCxElvm9MM4YmKIvHYLIhDFTGE2VJXBpB7Ca6JQG0M7AIgHu5k9dE9HcKhENpEmrYElkRZmJo9Rabj1DR2asTgLCGaRFX35mICqjdHzqTHhUGDFz+LpZo/In80CvhRm4rpOaAyamoFBavG/DMUNT8fXkf6J/YCt2FPY+liRB6jC9EQkjoZMI8kMUBZ7EdGCMCMzWF3LXClshPJbmi85g2roGKamVjiCeU91JkzZUiIwOX8UKMABIwFFlAk2CDToNkuImSZWlg9dlefhdwT0BAAjo7JRBbOXaoSaddWKNMogqjtHhdahFcPQFy3Hty3695oUQJMD4SF/CUKNAc75QYGU/pO0Vu5sZiZiC+RmlI2IFQ0JTtqKAYQUYATcE4kLl7QEW6gQKaaE9hcJTMyv1akieM2JupA5qEchA4qFRYfinCVYETKUS7UjGWcuvhcUOzMt7VAnVeYgnZXh0sGFbqXTXeox+lP5CUFgI2MQKdkwG4i34olugkwRJlleYx6bT3HQGJnE3l5CITha2KWwcBMWtqEenSdiaS2fOGRKiRhGDm9WvRExh0cgN2nS3OaPktvHwixNpDUW8QePm/EbY2nupcnNFRc93cK/W9hgMP6EpHFYI/rjJaJa/1vHpk985WBAQBOJxq43t0Q5aZk1cnbjFQ2k6JoTf8pUk8kUErojGFaviwntXjMzu8ndrPxidqa7XWSTZlenX1GmfKglRSbnCk+VAFRBpKq99+GD0aDayTD6YapCPPpN+7DRj+v1j3/607/85S//9f/+51//+/88XPbGZIBb5zohnBjkiQ8xvbFnMwC0Piwyw4eJDE5UhY6AAW2KIvtsaabDl29TSwjdmGPSpCJqGmCul0oMIk8pmFWDtWa84d2FkbL7Zh0qlDFBQbh7ZiT+GUKCFBbzJZbkhlw0/WKeHgMjM3J2qzdGC23qSOXxlW2F1hN0jyZWA8adonN1l7rs0GGqBBoaBpCuT8DmLwxOdAsRYc+dIQtt6wkk55LhFyvHwcpQYXbiICUemTaM4XsayyvRbGVJK06r2XlpBjWQkSJUcBfslcw1sNVIrXd1N8EmLVjRhqHaHftUJaI++hjqNWmEYVDVIwUDjq5DTQSmOI7jer0OVQWp2VDtor5kOMg6hvauCj2uNw3+O/XRXaU0BBOksTY1EkmjYuLK1IqkAxbhdtkuwb8+y1nOcpaznOUsZznLWb6eQrS4sWQkOKkMU2SkYq0fiBVPrsB9rPjj+z98ntpOHZEPfNdengdrrPgfi1F/8Xnol7nuuf3PtN2QcYn8o/jcPrd/hW17f799xnc/dIx93nXtp8756fPYT+5f7s3sQ+fPr97XwxJgchJDrnozCC5IxMVDOLbGZv3Y0P4rMS5bg3NFFKjIGjObGAAOJETZSFRVxTyO79BYEQ1nDUZFOecqgnSj++8relhX8Xi63yqzeIQe5BcN5bKkdFhJXDq7ABEjdpZhqsphhjU9VaiM0yahzWEIAlmSCQqFgwvA2Xp8BTpxT7paWAXs91U3adPiyFKla5Qml6olLggP3wJ23+mJmHEvmZkg0CoflwlGut6xeqi4DNiAOxhJrZyc8nF4FdBb+nrZKNkScs3Lr4M1A+h1+4w7wEnNlDH3vCwUqqQRTY51Z8bg/ZldNhHkbEb1LgImI/KgJ4GMTfJLTlVJf0LMO6fUkcz/sUdClxZwYCV/SCQz3ixzGEYdqgOENeS8/ZLSGiHrCM0HEhwdNfvVSym8Mk1EGQoSh7dV4XNLFJ9KVjBJkomxcYbd2XE5PxmH3mRkHyTGZqmNaOlgVwAhgbg8wNy8z2LWIkoEceEUEiFN+VhYeKmxO5KbH+8AYZJ9eM5HoKXl8svFrFsJi6Dk+91x79xZU4S95sIebSE8xTlBhpAp5gDOLUDSRTjUxTv938nsE2ERBJ4oKy3J6cYOmca1iBlc2EVyJYkZzDZ93DJfoNo6O0ogSgXcFRi0dPPqqlRALxAc3BeHFV9qGdhV49FXw+yvkk5elBw1dL+PcA+d0B2TMMUnl+2aEGcexUpQnKLald1S+1052sWEFdZH9+87qZpA2g8dnYDr8/Nxfe632+3p6ccf38KotW2MucTAmcqIKUuHUknQ1PSWuNMy4mG6sAkDilvWi5xziw4GR2Gz4nj5QxXvVbOfRPjO23Wt8JBQpjkvubIozNjY17ZJ0F7I2S4cXrz5WkBrgZhVXFlEBCdAczKsk/kXEGAdKYus8dp9HItz2nTZRM71KLFGMyMyBqcnILnKKFMmoFC5AE4RV//M/ATS8H9VBwj9bm0+ziQE0yqLbXXb2eazg1PctyUfPxvN1WdJ7U5he3nHVDUjtUFu6uvzOhEMrBjDc6ti/qbe03mQyenzQ/XoY6gdt977AGEoVPV2O56vt6HmdO8x1JOiSkdb3a0QGApmlm0TFpamTWFo29ZEQDFL2zIqiYlZyGeo6BjsIsgnQHiWs5zlLGc5y1nOcpavqyyaTsufqGucdgn90odivMkU9L8+fnr/3fbnxLo/drzHmT4Rlz63z+2vbjs9CN93Uzs/z8+v8DPm2Y8dA9gv0Z8/dpWfuPrnfebgW2G8Coel0VGM0xfaYtN6DWBi4wjkVfo8Kgx0l9ICZ+F4EDA8/Fw/UCUoCc7gU483W6ImC5g1Y502Mobmklxj+LcLP+CKl4MYcE/DAAjL6wvF/9OA4GAudWjErImVpXwjTCl4H4V7xffi9rJWMetBM5RrWjy0gFgTtEqSQVgPpfFeiriahtejmlnooAZAScquGgnnMk2BP4WaaRBOJ1DocoATsIuNBDQrGwoem06RwCAlIh+d4jx1v0jlx4iCq0IduCCPwGZ8dMUCKWmDcdqVYrKAWMgSRLbslnmWFyHFBTJCIIMvAcJ4pXNohtmjktUKDoEpEM6YM1+qpFgXY7MEsOoRCosJeta9KJ4TghAIKxVakhBeUCjUDFBa4Vg4BzTx+FpIaYbC/eyclycfShMrdOFNA9i/66H3wmISIYorSjIEoy8DhKT4EMHMcS0CuceVDz0fT1QkPLLAFDlwKAT6Z0xMJA54O6a1QCEo3G6tQ7+BJiLSuAlBFlyPE2QLhpsRFBYpAyRzKqLE45iJZYoKOo8vSY6MYC2m42A497G7AkoL2C8Yh9MzbemTVFqDSDwsYGLmZO9RCYoWSJeQJlsihE7dijvznuYoa2IqHP0TwXp0SWEysz41W6szJ2xUWHK0Ke5lKg1qAzZh7+qK+YTlWTv/JprD1dIrb/7GCtUuwOAeIKzzRnVp/eK990cgWNBzxpgEwRc4YExTagvC4thdGKNZiYia+pRsI/1jWcRg3dERNbeuFREd3THC5+fn53fvnt++ffPDD3/9P//97ulJpO37xQx9KFTd+y2zQWgMLZFcSuPABRp5qQE+EcFZz3ZfKy8qP0YQlaBATIQ5jy29dFmlZ47IAilPbD0mESLX+552gKpr8hATW1HRs0MucDwlBTEJ4rETSN9cWvf7dLGkQFWL5ytH2S5aJMlMCVCKN5NZU4ECuglgJSzGq4HxXO7NXNYVZKqp3wqYEsXSPNTCL9aWfjyB3pxOQ0q7XhBqtl8aK/OIkNBjjDPvj5UnElT57L+YbwJEhqE6AAJG5tYMQ1dTvwECOeatRgwCKWyo9a7Xox99HLfeeweIafQxbke/3g5TJRFm0WHMmegEIiILmI+3bW9t2y+7SPNXNCZpTZjdwpVFxHVHex+qwzXhW2OQ5Esdba3JvZ7wWc5ylrOc5SxnOctZzvJVlA/GeCeKsfz2g9HaO7wDP73fKvj0mTHej8Wfv/Q85+f5+dt/Lh6E5+f5+fV/4tPH4Ne9yk9c/bM+PQc81PsAzPz1iG+F95xGeJYc0puSjFEmxyvubSGNlIma+xUREZNAANBBZMROHhIWYwODhNwpx/+fJ87zIxgdCTX1MbP7zax3LW8bNxaTkiLL7HUQgxhG90JuM9CWUb4SOrXVB8syyrx+fQnSaXrVWUap1dK4Lqrd3HOOuYn24bIAlEZ8Ti/KRwWzzLhwUDJU1eP1flEKNAhE5EJnnpTPGoFzBcyDnnWTQfsjkLn8HLlJkqbvJIV8pZlqsKC8XxhW8MOFT+8oLxa/FSIwr/irtyRZcsICORHYUs/+NsVGKWQXdLelsv1zQbXlAwBhInVNBOB1H6IbRsfhYI8RJ9GE4HZQFCZMZkWtAhEZW3I6Vquz94h68QT8MtxJoKK5OaeNweHgZou9X/QrGwbluQe8AITq/Zi8D0ztyKCSJWa/jsrAxcm8WpLNQ6W5mAzChBNLljRvqcA4l5ZtIapJqurSviuNhkXIp5igyFkg/3A8UYm5yea9KPV2Z42JiLN/QQgyodvqbWHKxyLM20q5CyVPDvlLOC7pEsNSXoBEHowWYRZCcg/jHG3irvfWa9XKPGvFQc2ZY7F+Jm1phTyKkjnv5J6e9YHuBIeac3AxhwBjCvaaOMexSEtJ5aT8/X0fRvVhRfQcNeMEUE3NKJFkM8Z8hGC6xriOhAwOvDImqRcT4/286kdJzucaM1EMzZmHEXARAKC7H9vCV15/dOXP9aKaPnMJySDTKZLrnKXayOWg0xvVDxjlo8ZNWERNb7fbvITqtm2wMY7juD33oz+/e/vj9z98/9e//vV//vv56Wnbttevf/f2zfejd4IylBgiLMIG6kMp1BSNTD0/Ae4O63djXLUdpLcVMAMMDGil+pSa9NJ9YvrlVLGe/dbmeC/4Pz/nO8b85TIJeC1PKeHFl7TOGcslcdoGz3eDQs7MzGquWIRF1oSQZfmjIvqb2SDmhWrv47bu3tNd1kGkU4k4OPR+T56QQz4LBzHaT+jENsMwYjOYkuac7Asc0shPmeMxFZoD1hfKyM1gwgBGvjzUw8WVk9AfzqhOZzRkhod1h6zJU0Ym47Aw7vJYNU+TAsoyk4jU3CxZ8t2OjUwxYgYY2rvejn699ufr7Xq99R7nux396H10jalFhIj2fW/SQr3YGX8i+74zt7Zt+77nXCrr2wuzMEnRNwFLgWL0ob0PIrS2udr7e1D3Wc5ylrOc5SxnOctZzvJblw/GeB3PePHbD0Zr55HuD/VT+z/oHfipT/rU/i84z/l5fv72n8kgRPXgc/vc/oq3w6TrY8dk/sg/eC3LXI/P2b9+fsb5K5z3wo0pYSrzOJ9k0NEAD6reoYMWHn4VbL1jAyQAU6pt9dvE28yyxlxsccCMVNlMTce04SnQrspwWzzVJeAbgdTIxFcFrLGU7ZVfv06E6XwXpECzMFd0zUbNQHBwfICUC51kIMu1dipoxk2rRQhdJ+CkNjTMiqRJ8h1DgixvkMqDiAZXYNOvr6ZqA6oJHARdL+4t0CC2NBd03NEDooE8qqYdW6gdTicxBH45YQ6+izcv7LJoxEJQKvJeAeLGrAgnpYgCM7GbraHiwgSYSHTPRE4iyDtJSnTXSVfM5sXOuyh2MEdTyS+AkwRSiIlcjY4IRouAO5WKIpOFxmKG5YuOF0OcQ7kyCC66hMgLBwQxOHG4APHiFgRWblUlK7cQyGBOv/P78hpjZmQ4PgZo4oQJNpVkXz5IQA20eFvF75xKGJUbLn5cCGqdIn3qyB0+JSmM9aBQgEmEhcUNJomImxBR2EyW2VTpZyYqR0Qti1OFmEikbXugj8Sp0lkgnutzSnL7AjzMhq1Wc3qlt/l9naQwMqNmoOrWVGZtronKy5BIwt/sbCsLKJA51z513WORFeZ3HmXQ8WIlofDJ49nzZkpBsTqRorXMHBOYgXOMJDYPySoowUnmBgpyUqLE0QUkIUaYYSE+c1GgavjdzeFI/cYiWq32dXMmtEoVmZ5qRDRyrcEyw0/dwrqa08GCJZY4n63fsXXee4n/uSuqN66FCHKZuQZU4TsLFAu/UdXe+3Ecx3H0MaSJ7Juj4G1rQgyjPvQY19vtertee79B9enNux9/+OHvf/9ehz5cHvur/vT2+bY9j34cXUWIR2BpUIwxiMx8AoEpEbOoGdNMT8mlYFkalpW3UKF1DkwU8E4SsypHM+FjLvdL260/rl+cbzXLhdaZXwJzLD5faJbWwrQ+xQvtcdR8u+g0rzrbuC9h6adOm+W6k/V+vCGrc3pK0Ypy30ORxsxba8ziXSSTFdivNFQt00eqisbo6Uxr1evc0jBTHKbcgojUi8qSPRDPo7FK+5BWBwjDis/ITI8RMskjHXZ9zdHoq67lGvk6Q9WTAVStj8Pnjry2TyV2HP3o3Qx89H6M23Fcb8f1+Xi+XcdQEG+yEcvlYbsQb7JdLpdI9SDa933bNocG3U2Qmbdta23z/Ay/jE/mXjMi0tpmWhzsolbDXw4zrcuO49DMBjjLWc5ylrOc5SxnOctZvpZSf0C8iK9GjMjmnzIfixXf4R346f2+/amY84vtj8Wf32MQ/oMx6l/qPOf2uf3x7Wb593QMqfrr+dx/7v819+PnnWfBgj50POZ++6nzf+o8n3ufyEO+6PwuaWYV4Z4oUqCQd7HIBH4qHMbEmiGyNQoZa2OBmPFj4A0RN2QWxxcJZq7W5Sp8osF7UhgnB8Tdm6Y+3BhjqI4RhI+8JY//2hjqPlGm2iVswDLbHhMgRGX6Vx2vwfDAthKxCSG4kuWLuGeiKzaDjs5ZMyvEKHgKgdp5dYweGm9m6dxrE9Tww9RGITlhI5ZuYoEVJablkUbmeYJAMpYD4vziAeIAtCjDrAATjJHtB1crdWpdokG4AwjXlp1R4ArFMiuhoEqHn5z+BrDXzkpd8XqjhUUEsvSRvOOnvuALrnSuCs4G0opUeIswNJWYpCNLaemkZJg4aVwJRETiTKq6S67GpkDHOABC76gGEBbHusSkCEgeJ9zUjiTAMG4xEi3hjFnPYHIgWxL+C4TRu9uEvRbqWl2x/LsiIQChNGvL66wjUDliXU4wLxGnLVe+UMp0Mc2QHsy9LlEpIuJwlCv5CnOT0OCUCd+lwZ6fj4jJMT8OSVK/amuNq1nz20X1m5hj8ATDSHKCxzlIx8RVFvAtqwfeM2OUFVSI9N/LLrgaIS7/LD04AUIiJiEKB01zE8Yc+HCi3h1tK+GNaoS1g2f/NYATCeaal7je0et4qoyImrZrbl8mAysiYMxfauqGaoVLLr+d0wLVGe9oavF7Te3dnG7rw+a4CSQOK6EqkcAEC2CmPnWMtYaxXBOLxOJC2TQ3hPO1QEdw0j03Ygwnxpfco5nZ6APOE55gpurQ47gdt+PoB1ja0bkJuQwxkan20cfRr9fr9fnp+vyuH8f16d27N2+P6xVmIvJwefj29bfXp3fP1AxDFWOMPlQ6tyZhg0fGxEbETKZq6GyVfpCobQJmqsZMMPJFlwCWas3665IQCRYB4k7u8FyM14nU5Tct9E0NqjYJuKguTvE2YYG9+Ypgi2I2gomcDUR3Lxd3e7MZXWtZFy7s2usoAVIs7FLPs1GEpe97DpTORRbH8GAafrGxOqepoVUuRimRcnYHF7+N3KBhpU1KZc2rZpGXYRhjDFMyMpBlUhAbxIY/QVAex6jBqNHzQCz5gMbMOjVZAYYZO73ec6HyXSoSoLLqoAYdYXapNlRjGlODZyO5fIK3jBpU7bgdvQ8HTY/buB233ocqSXN+YGtta7JJE9m2re2tNRFpIsx8uVy2bZMmJOL7S57ZS+GwJT/rYKFb/da0XItOLWtRS6k6e5aznOUsZznLWc5ylrN8JcVKQ/RlPJYyvoq5/z5WHPsz35Awg7gv9tvUPYvtL4lvf+z4DB3+ZFz63H/u/2r2t7ucUsu/EHP73H/u/5X2269y/uRz/IPnCTLVe/e57J+Z7V94/gkM5OrEtaZ4yc0gDqa/10rX8OCX/+Il7SBOYfaSTUJqxiJF1ojvcvCemNm/xsxmIyKUDIwIGlrkzmtqfM0Qt5o6cEhOyNJhGA7MFEBYGExxDl5U4SpAV9DTlNWDGxdVdHzycmx57BmGrdYyFLXCYVhOG7lS06tp0CVElVaFw5DhYwQhie8oEfeyp44dRAyu4vGB9xA42ISmSLLbKn4WbCMow7gQqcQa6b7g/qpVDQZAJpcxaHMkiW8liHkP/q1P5MBuxv2BGcylNLwEEbUmhQ8tPd2V5Gyy8TiBr8lcY2Yp1guzCAuleKtFLTreEliwqyMi+ye5P56jamaG6cPH4uy+6U3oAGg8pjBRBUy5hH4zXDxJNkxE7KKvAachMd9ypLszrpsgIsIqsIYVJdhUbRVXmUjmxBMDunNgUDxCHFZ4nLw/jwtHVTaRBBL9+YlYaNs25IEiUi5r6S+4kvFi10TiMkuhTAELREOimYk6cD19PgJzsGIHLEjBvLhREu61TJPTHG/13scwK2y5crZpQW8IWzMtIGMCFwt72erLBRrfAyh+VHrT0fy9+59xIm2FG8VvsRwPK+PUuDVVnuBK3UsOrOrPLzYW4B/LSuJVXjOor3MT/7sDFG0W/8tJ0/XvPXoYmZELfA4dIdgYiqCa+NbKSMR6tyuw1Huf3LqAHACFwXToyFJfN7PeBzSEmotMa2oYDr9g6DAzHgOwqz0jocV+HMftdn16evvmzdu3P/br83G7jt49PYWJHh8fL5eH6/WmA73f+qGASmPzgWuhXcnMAmOGjs6pEW0w00EUBpWRCAMGc2o7g7DVaI7/Sj1ZLZUCUGkXa/25ArCLS1ssVEwwYp2SoWq5HpTrrTonrFadaPChtuC9Do3nMlBosXFkbbjEcBpezr9nZ6OsiK8nTojIMlrI0r62lNIBjKBIgoiGDTPzxIIch+U/GH/kR0oJUWBpFkcNHaou6G01KSbP1BmrDCIzGmYY5vOPBp3fWKFzbgtSa9k6j9TmdfvZBA5pJFc2hp5FipFa0OyInZfs6VlEzAaoWh/qCKFCTZHkWKiTcn0Ig9RMhx593G63WPSYddhQImqXy+XycNn3h23bSHhr+3a57PsubTOzJrK31lq7XC6tNRYG877vrbV8fWIRSRY4OcSO9F8VaSJ75Q0syw1KWfrFu8RZznKWs5zlLGc5y1nO8pUUWmK8+Iy46we253mmlcaL/ffnxyfO/6H9Hzv+S89z7j/3//b720JjmkGjpPmc+8/9/3ftxy9zHnzh/i8+P3Ikesp5Qm0AAG6ehh/hVKqYfhF00oRolSyroG2JcxpRsP8AFqaFN6CRLc7MgBgMGN3SRNBdgDyi6NKmYwxVpZQ5TVTyZbg5gqLMCjdz0tTvQq7CLs84lQPri1gek5c9GQonTpwqvjL1BGD3detBrxeB8HmHiz/cehsrHkmLAx/V6l5XN4PZ0iIvrsLlSVUh2gQIQ9Q0yGKOQUUwmIiDQwFT2FjxwKV6V1BnglKcc7vfuSYLJm7Iscn5FpTClctDBWeOygHNQtXVAGjaSgJgLbHWANvmwzqFTxqrjRBvTCnKdKsiYkb2TH8M4TSlS71QtTFUiWfNhihlPaY3D4PUN82fioN0RzZ0QZYmQun6okQsbi036Tg+VElY8jzJWYxaWywViVrbnL63cN44ETBipl22RPYFKdHpgpxedZy+fQ5pev1QVleTJtzeGx0kEoQRt3+TZJOscV4fYtu2Fdzuh/kT+U5mbq2tJ8eLOPHS5+/6Id0NIsonWg5eBlPObEUvLRItEQmlDSQAQqmneuTdcWUj8ELuVAqggRIBeH8GoAn0x4NQGH8GTMGA5rya87Mtf3Z4Tcw5Oabp6LKZX7X4XBZ+ZsF7JCdx1fR/f5+TQVhwGj5UCiBM2OaeeujkQz/D/SVmHkO2eB/DdTtVFSBnJSXrWAIUVHLNRH8aAh/HUTWZaNFdbkcCijrGOI5jnU/MdaqN6gBfROLsjru4Weu6kuRvhRnbRqpDx/V29aJjMJEIw0zHuN2u1+fnH7///vr0TkeHAab9OEbvquO7737P1P5uf/vb03M/rDVmaihjRzMdxx07mQIuIg5IzsyYMExVdSOS1gRNx+jj0GEknnhBw2ouZ69QtQCsgzGbf9MaSpOYHSa0akDLrhvvA4EOjjHWof1iMNoi8O2/1XsdURs6VAEzjhHgeUWJ/qlD90v5ZlMoAAAgAElEQVSXu+uKIUUbrWwGeLYAQOu7jSIkY6Eg19JGjZlIGerdakYNkWeCQW/HUVavnFLQmTjiiwVjmMJct4DZmMncjJF5jOFc1VxNwEY8c7Cwb/t8GRhQqBkoyXKq43oc4e0qYkA3J7/G2mSeENNDHNcNX5nN5UOdd+fwopMe/clH+SGbHYcTGbX3ceuHGUTatrXL5eFRpLX28PDYtn3bdmmNRLZ2eXh4eHh42PfdX2aEedtk2zZu4sk427Y5VOxi17V8rMh9YoSttd2qse55ouuUP5e8s5zlLGc5y1nOcpaznOXrKffh2C+Ox67pt2sA8WP7QV92/o8e/6XnOfef+3/7/S3+aHzPTY3e91c795/7f/P9CAHNjxwfUb5/9LqBjn32/i85f+k4ziGZD1aRP48upQ3Y9PuZ7JfcqijtjB4ygSXC634eLN5mxM60ICKjYJj4l20MD0KPYalnF7RCjxy7p1eF8JwJZ+E7aGSh5EjMIlsI1qnZDEVlcCoVzCwjVsgHwFov9wv31GO0uwV3wYFiVxLaXgbf19tYoZH6F5jNYDS/+wIg9Kg2M4XkI9f7xIJQ0yKdF9BISMmFmFoSBC201AhkRIJgEAbWWg2Xt8ggZ44KyMiSGJVoofcLpURjkrs264sIRha8igVlBAgh9zkXiPzPQ5CJGbswIEsjguRZHRgJahtYA5VbaIMoS78EliIEjDKv40QJ1FXpSsvQ9VH9nsJQjxhsCQ+aIz+LImaa9yEZhAHSMphDJNYflghEkhjmJpvbC1qJSQaw2CRZeim9Gb6AzCSB9lHQ+uaoomDmTWw3NDp58QJkliXuT0RgacItv4S1J3t3FVmJrPcIXXSs9Sszt8ARxsVArqCJu1LyoXfCdC9GwRxYYQ+4nMAo+W01opNBWCTF5VXcLRlBTCSNRPjF3wJeBPc3m1fUkBy27Pg+alciYt1DMI+n+5pH9WlC6lZjHgnr1HdnJWC9/7xbSwUUCmjStE7qis11/wmLvfeQps66XGSqkWibFZ5dj7/qha6w4lAbozvGowoiaQ1j6Bh6uw2zAAvdwyxwxD5SNNGxQBRV01Kl2ZyAXgQzR/RVnRSNdGH05BLT4pSrMxN9sVBbXeQKj4vzhg+vy/sygwXbRmb9OMYY/XboUNPRj6P37uPnOPT2fNXefUr2jvDq1StPu3jz5scxjt5tjK7WiWhrcrlsx+isXYMgazTI8wfgWRqOhBGDMNRuR/dVldtGRkY2TPswDXVNx7IwzCnarMH/C4orDBiAggR9qDPtYgJ3RBtGZOT4NQUJGWwxbXo9AhaOppqr/7LAZgeIPCFYMCZrYsGSV0TmRF3UGpDdZz3h0GHpTZDzCpmZDjWYmkN4lNq0JmF9yp7rAMt8RGIk7RsUIKjq0K51MWGQljky1FyLGgoX8bQ+1A8w0z56mpJ6/QRo7/a3lT109F7wdk8MLzNRkAComY587cre7OqgBX6mM7OlT7Kq9ZBDVTd/TWJl7IgHZ2EW4bY/XHYiae2yXx4fXz08vHIHwW27yL7t+2Xb9rZt+3bZ9r21Jv7qBSNaMjwIZmjN82nITF0oG/ONgmKGidclbm3L6Stse6Odl/nLYnp5sQic5SxnOctZznKWs5zlLL91KQ/CNb46UYxK8J+x4rvo6x3egZ/eb0v87LPivR+LP3/pec795/7ffv/iQXh+np//i5/4ed/FR38LJIPw886GT9wDPnKf71395zyFITyKgsJiCMpLwAFFB/GscLvHCxOFitufSl+ZQu4LVAn3JRwVIUJho9aYKIK0qoVXOu9N4HKeMxpNSStkIC+BlB1bAAkiTSs+AoiUSI0zOnifnL7yRe5W/4IfKoCXl0HCFG6a9T6p4gXmt8KDE0OscGxgakwrMOvhWiZicXQhEMoyfPJLOGRV7m7ro9nEDFLTdOVWEcoPMQOzXttJ4vJTWTAC0/stz+7bdwBhVgyXLiscqk3WnD+3rfcPgpasbII95oFtzm7IS+OYw2O+jqh2GDk8OlHp9CAMjUxWUFBAAq8LgVU2AyhgCWYGc8pDLhAyzJlp2VWinYopIglYxgMG3kihu3mnnkkrGCks/tlac6guq8kj2i7TmRZ7QQnzh3IIUELlj6YZHwslEZAqGm+aPW6p9pUCmsBh4IwT3Q0mZpACo4uuXTC6QnF/MjjuQ6+eSpPOSMX4MRDC5syRMtcL9NEPNmfwWA2lctK0+RAFpedAXoeh1U4yXjU8ErSLjRzidaIkq+oKSxW0l2Bteekt8qEguI1n4ml5HUs56JlvAH/mZVZI7M8SWMvnyQnIo+nrPwsSozU9JXy4kgIpZR6rltTCvM1qDnxRjXnvjibOXJJic63fSgT8A7No3AVct7km4Qao2VAdY9hxdFU7jr6AvijYyWzUn01YL+pedO/phTr0xHBACW7gBrVlein0Mu1jE4+JOTEI78NATAxh70LCRK0Jcxe5Pj8/3W635+fej96PfrsS0KRpa0N6v119Oj2uN18SHx9f/eEP1Nr29t2b2+1JtasRmfWhdAxVdZ9KjjQDUwtNZyIiox51R8NMe59+nPEoBIM6801hZOpuqGZuCRnerrwMQASL35MtzOqv2KAbOlRKUE8SGUMtlz01ByMtscJYIaej71zfbOl4FC6aiEp2HF3Tz5hoxPTrI8PgOSgUJsI0M4EQeTPhV5mGfAR2eV0CgWPJ1/SqnGPBQtDU0W6n3eWYVQCj1EFjRlIMG9Z9HKjqUPPkDgOpJzEZO4LrOU0wUoPSyz7mFaHlgEi2vmXp0K7hj7n2Z89wUkXKqnsTOt5tbtg5wl/TyYWuSktEJLI7+rfvD9u+b9u+bxfZ2rbtl/1yeXi4XB5a26Vt27bHgiSbbNvWmohbDNbaYcwk0pB5K75SOY2bWfx5Iv8rV5fscvHidzfz1/SWc80HX8bOcpaznOUsZznLWc5ylt+2WMYCXsZUkxBw99vpsvDBIw2lg3K/3/DeNn1+jJc+tf8LznN+np+//efiQXh+np//i5/2S58Tv87xn77Pn/EUeeG7ODuSbEREXUPhymlJajZ6L5qgy3vOy4f24GonYzD1CBFZBO4m/Q5orRmzDlWOsJazspRGxLrJo2FhOFjxshUJcyMe5ggV2vTfimCTWDnyvFSzKnm6iFBFxTifMCAr9/CpGk7oK4yHXUCvTsdpqwPM3Pklix5kWKmImJCngC1FOm1y8AIgtNlOGeimmalfhnBFwFifMZClWVsB2RaHMDEoK/QlD89gX/AwHLKxol4lCpeRv4UeFhwPI4ODVSxeBdUO8YA2kTPAQ59BJ4kYJ9gmOrsAhIqhnUBMkp5T3v3aDFgTjIwYJKG8F3KayXsg5m27SBOH6zKKSSVWCQIJrSKf6Z4YNVcQXmifMng6EKY3YDaRJD2QhZs0N2bat70OAcEJbJYYtIg05sLiUxgwcUTUJbylsvEK5KSs7Rr1BURnH4s8NdzJxmL5X3aI9SzZgoA6tyUM/grxKjFb3xcCoIH0efUpFEoASwNpntzcKDAediluguZVRHDYk52nu6D8ltD5qgp7P78V2FUoUdCxg/lnkfzg2EeCe4maRDw7CFkBwQQhMeSH/Th1y8A6MKrNSmXUsRtbWLMIH9F4h5+gXdKuUiHSLKZdghl0KGgdeNE+ofi4UhCnhuQHY/H2AZRvAWXXw+/pm++dKSs4q7wumOQnOChvLMxDVHvvPRSkEfi4X1ItCaYB6URSBTMHQJR2d4WmAFBOSFH1fRHsmH3zc7IPR9gVevvH/BQLgALGhNaaEGGM4/p8Ne396MdNh7Ph0aTt+z76oaqj9+v1uu07sYhsv/vdvu/bftnfvPnh+frOTB1suj5ffTSrOekc7ndHZhJpIhhHdxjPO+0QYbZSwqzcizBsNI0FFyAM7xPiOpWRVeJfCJjcQMFyDSiREp1Vd3IlQh+jDAC1iP2ARYqMT+bhzkvJngdRIHQ5hQXf08Gy+JWpqWTvJoTyrs8ohtThjTaxGA5Ijp1jnAkwJY6YEg6Aqjvz+ZgpQ9nI/yhQKvQSVDMjCvEGACM1R7N9wvQ+xuxpMgyIESmIjKJ7Yk4NkVBBcKbjCrMDDvhmUgLTGKN37TpULRVhTVV1uLugjVEvQsXaBEJfgYyEmFvjrbVt37d92za5PDw8PjxcHh5fPbzaL5d9v1z2B9laa9vWttZaaxtx47Zt216vSblYCc00F69OY5aY0CyGIYFLUda8GZfkE6SNsA6bK8xLgDArhSoD4SxnOctZznKWs5zlLGf5WsovGxP+eec8P8/Pf57PVn8bnp/n5//mJ37pc+ILz/mZx3/6mJ/xFClcRngR+s1SQdUFIqj7jcBaYIEUXDpHBzPr3E3uPGTmUfx7MJIIRApSJSMaAMyGEqnrubFsiJz4MfoYHhCcwKTjc8xmaA0ZNUstSHPbI8V74abS9Fvpgwt5xfLWGERKFeML3CTihmFQSHk/eUSGP1PVEmCXSQw8LEOZax2wkLgJU2IyTBXFNUW66PFSe6uBIk8AZ2JSAAg6bSOTkBeygUndCDhs4StFrzRz56FAHsARXHZG1+wW/vPkyvl9On1MoaWMmRAL1q9WzwIobenKYFIIDHDgIQRaCG1QqHU3Dqw6ERGRFkFcM3PPS0l2pvsgXfbL4+PDw75tjUWYW8pypjAtHN7j6Ch5/5wAJAe9Eik36oHm2DAr3VaAINIWbb1sr6ghTu5F8oGYGC5MF+w3WqaIBPR47a7uWgaelnOrxqtzqPw3PE/jOCeHa6XjAOmol7fnBMywbaPkH2H23AKEm3OdCDJj+ZQqm2Y2NOPZZgonTnJjJnHBSO0aX1rt+FYPcO+amn0zEIK4GYclPcgeyDnCvdRoReRtjni1zAyIa6gpUVClhQVk6uw0743RPxMgNASnzELQMPHPFLiVJBL5XMs1SS/Zexpd25LklNVb03mOdJEwEzUKEczgYMVh3kBOBeWQz603KwMs4FTfFbNK3Fx015zpA9+4Lzbvx3K03t1h1uScP3N2jQwwkCPtpDmfZ2uZiLRXGwy99+v1+vT0dL0+j6MTUWvN9Qw51K2dtG0ueBkXtRigrsdozu9azPByWFgqjjrAmDfJgBoxoKbaxxiAEsJW1KFoA3ToGN1N5nwCulx2om+2xtfr/vT09PTu7e32fL1eR+9E9PDqkZn7caiqSGMSnxd//8c/fPvd67dvv/3r3/7n+fmpH9fjuF1vVzaybjmJlReeBkswlxUYmKi1xgYgVrdt26YXr+aLQEKi7GarGETUmCmOtHVOMECIFdFgqXtpOaOCGLFSpFo4RXtAVz9g1aJ4OtPZO8QYY0XZFcneTIVwwAnckwBagtTePx0nq65VwsUhTpueqcRMBDUFlEIG0y0Jw0yRCDYMI2RkiawMR2/HMcaop+YPeS76m4UO7WMwkXMU1QYxi78tqJH5bGhQHaZI2YQ1w6k4wiV/PsZ4er6uLyHDPDlKLaY+MnK8lGqa2qRt27bt+77vW5bHx8dXr149Pj5s2y6NW2v77mjh3pqINJENTEQSWSY+bQhvbe8jpH2R02iIV4tPd+n26us/iMTTc1hRACEolZb9fafmorZlGouRra9lPkd4is39S85ZznKWs5zlLGc5y1nO8jWUXzYm/PPOeX6en/88nwuDMHV7qTzezv3n/l9tv/3S5wesotufffxHzp8Mh5f3uexHcNK/+D49qljEkBW6K5UqkEz5tcT/1sBZ8AVBjtUtv7LkLSQkh4Qz8lqeKA92oMWc1CXKQ2WMXrFdV5BjMxFBOh06klSgTqEDHnQqLmGyDe4i1wUQvog5Jrk/75Du8Zk8hgMaDNoai1RU1O8nUK6qDUaZL0YAPiLuxbRjXqUd/fisYb9Jcp3MCPta8NXyGAbuI5lTvdHJHHAaiAOEPA2c8lCeIPEduSorIugDrqq4aFSiamQihCjsSwJknR0jCTsFDZa5o0ebLdkD865oZYtaSoW63KBDa9PHzs37ErwBmElk27eHx8dXr15dHi+Xh8tlv+yXnVvEIRP4CxKXwyXMLCTe+oHlLV0g+oS3X9HdMDu6ZXMYmWPDmKS8PAfu62uCipznSCu7ujbCDcx/XyzSSe0jW+HhZHkgMUEqkh0AsoAUuW1p4QkU+yOhZq6uRmmQBnJnLCD0J3PEq7NqKWCwwHTRpGqtbMfSP8uITFpQD12fzzu5AaXOm/SjmbFg1QbAmCZyTlfybhaebQQKgBN3PLO0mUtNSfNYf8j4hUkZk6ymjBZEJMp7qTC3mZmGmCmts3Jx/eL6NieiZcKNdlm+WW0aDMfUW/UfA17JLifS6l40aY82p647znRtTNJfAoT3FukT/7Pltm2is5ODmJ9aX8o9yepzDceJHpFXvOd/IGGPbdtUFWbXoWOM3ruqttZomUNaazan+zmTFK1cbDW2vHuWgodnqy3LBjOMC7Zw4EbVyAhDNdjJZmMcI5wRad+ddGVN+HLZn949vX3z5ocffjj6zVGZP/75zw/7BUbH0a+3KxNau+z79vrbb47jdtxut9vz9fp8vV5v19v1djtuh9rwZs/VE6o2jjGcqgvgeoRzompBcSJsyQr36RNJSPf0HZj54r2msyyEvPiIbInkizEr0UFQsLE4Um6mxjUt2sSe/YS+zSzhn6faRyfHf4wpDfZQSrWINTv6SXplJmvWUsw5tKZTJcdSbhRDbWhPUeCYjGKVMFVVMGvy0Bka8L8qzPwtJ4czez7BMBrDMEYOGeJ5ZgcmoTByz8AxWETI4G6Xlsifau/dNPqoqY6ZmOCypjZS3EDNjj6WZBpm4db2bdsuF4f6NmmNWRzvu+yXbdsDG7xcXDq0tdZEHDIUESY2mAiJSGtbNFms3a4q4OrYnI3P7PKhKKr3nDhyMGuqf2M1+ySzWUcGAe7m7Mo78dlMM5+j5qisBNKXWWRnOctZznKWs5zlLGc5y29eIj8u8uU/GF+928b78dh5nsq7f7n//vy4P+dPxns/dvyXnufcf+7/7fe3Ckdl4MqW7XP/uf/X2o9f4fx3FLHPOv4j58dH7hMfON5+xv3TjA2iYnx5LDHLEgUmoiaCRDYAkJIzPBwSSFO0iIwnqOQYiQszzvA0ACVTElX1lVZkMNMYQ2yMwZ7Ov8aKmEhEPJ7r2mJpAZjxQkUG61+o6xUICqRFF5byQoAuWW2kZKig4/xMLT8n04mU1ZewhEWTKoeDXCJ/C78o2px49Z1LeNAteqSCefUo6c7k9cgiyQBx3cnl5l1vlJPrR8QFECLt6QykYSIYj+P0kTiHXybsIEuZrd5eJvPPL8fVKWxWEBjCjcrEbuJs9V0sYFiqNVbPZLjE60J0MaobTn3XAmXNQMTOIAzsT4S3dnl4ePXN69/97tuHV48PD5f9su/bTmFhuSJWiVI5LOmGUoCROT3Px7TDwwFm8YrfTYyw4p5GWh6MBeJRVujd/qz4u/4YKnzuTJbmYCSF/q2D0co0L18Dix82r4rlm+nwF43rynBZ28l2zbqsEDoRjJiDy2L5xolQxk3DLWS11hhMDmFB62aurhdfo/TNo6Cd2Ywx382oRuB1h2keSVx9KZouCJbLTBsjBEQcV8OCUrjhmCnUCtguSBwU7CdLwJMMpik1ClIjUqw6w4WYaSF7C6wYIM3sEzE/Jh6Z381sE0u5VgvcsLi3DBgSKM2GTwQZ93PdwpNG8hZfoGj3O1bjP9xNnVrKkbU7n9AKMYxbGeawSPS9Mmczs94HzHy6FKZ935ho9O5sw9vt5lXu+IdPfEimmT9Ocb+ieYnBc+UKNclcOVzbcwKEUIOBjJiksWkdDh2mpkN1DN22TZow2DBGH4AxEzUx25hpa3K57Jd93/eNmZ+vz0TIfBoxtQZheQTUlSy3XYBXCI3Ufrvdrrfj9ny73q5HP3T0ZOdDTXUMLThJrffu0Gmg2qr5Oj3d/Yp/G6hO9A7lJLB7Ckny6wnAMINp70p0IOAjZhECDEMxONNIyMASJqk1o0SGUPYnps7JIOxjEBGrsBiDgqrok0VORWxDMaH+akrLPxiMsVj2OfkwxDZZFeSOxZbEejipT3XoUBIOGBpgMpCZmg4zM9BAoY6qFv2HVM0BzhqMCUjD0nlRzdz4LwnoZKWj7vkEodHKIqTuBckkTE1SxZrSbVaEWbiJtOaWgY7zbfu+75dt21g24sYs27bt277te5OtSRMnwLcmKV4tIXDNyfUEEYlw4c0EmsM+2I75I9eN5cQx01MQppa14miyI0GEAg5pWf8qNyzXw1hYiDPFJGZ3q+Ze16mznOUsZznLWc5ylrOc5asoHjj4ZHz1bnv5kzuPn6I982Qv9lu9g1vZdH9+XPpjx9NHjv/Yec795/7ffn9b/yg8t8/t/7Vt+6XPab/O8Z++z/rtF93zCr+tCqI+NosOGPQsF/Ja2E9iIs3DtaAZT/czF9UxrfXK/GeJRoVDINRgY7CLlA4dLMpjmI5gvTE3aUkvMIrAnAYBIA2TNM2qwngKZASXuatockb7EP5/id1lFDwCo37fagZOZ6+lCoklg2TgJvmuABdVUzXVwSwO8YEyZkYpABoIEBcDT5zYl3cYDkCp2+bEOv99snE85FeajEgII3EnDu2wDJdzAEwsob2W91RQn1MEyqEuXoKmzqPTEUMyjbkqJO4/4MFyKfRwv2wi4q2fToFI4NLxLl6gCDe3QtgHhqCgJRnSg6+YjZY9iYny3sGUGDYzy7Zd9svjq1fffPPqm9eXh4fLQ4ixZe15yFs9jJmeUhmzJHL5R17E05glQGIDCRcbaY6mZAUbDFDnUYZB3wT+FkHZetFMdzqH6XIkKmy4QGLARFTSwMAKbVsmoBG5rGg6aFoNWLxfrHIOvGNzkkfSTGrijYkGLcBRgnoGncTKqIP5U7F7Vc0IpBxYsSKYi1Z+gzE/mPkwR/BRC8CjAHJpya1YNAmTXWcOOlhob95NezabaqVaBiaUeIz3fwJMnYbrLyoar/J5rUWf0+0zTTHpRkH1Mw5DuEW/M1mC2aY0kbyYonIQOva9XilLdKIcmEzln4cEIyP0vvCnF0bq7AFWtRANWnvT9i4bnSZUm53LYeLsG3UqW/+Dhbqoxp3fE/jcAJAyDWVrbYxxHP12vTmV0Mx6706Q8kwUb3ZfcZxlfocRgg1u3DZfNM3U3JPO8kdL/VsyEhCRMZeGK6Ag2MjhlHqm4JB+BJM7EgrTGGPb2uXh8vD4cLvdrtfrcRxjjH4cow8ybFtjbmY6dMBYWgCISTo3VRujH8fRezcbIo0o9hjMAUKo9dH70dUHB3A7jt4PHW69aI5sORev/rGhZrqk78AXaz+6QNYxRraSd1i2sMGzY3Tiaktzicvs5dGMIsJIQBJWbsTeACyDmzDIlzMCKQwJMkXfm51uTqU+yAYFNdl7DBMXExgc+sfOKadgfg8iqI6hQ6RpzDVghPRoyrHWy4OpjoBOmcvPmIm9h1Zd5egkNZez1bZtklrrIq21rbXGvDGRNGlt27YGAwmJtK1t22Xbtq21Jq1t+8XRwMvDRVpr27Zv+75vbdtFGkuqgIINggBtRUIEm7AO1GDep6j4mhwQRPBICZli7Lk4RA5ICq76kEmzz2iCAAgR4tumNaPVG04uyvcbMdhSpZbAZndiEinJLjr5pWc5y1nOcpaznOUsZznL11J+Rqz1E9t3IdlPHv+l1/1l75M++z7P7XP7l90+PQjPz9/mE7/0OfGF5/zM4z99zM94CmfjFX4wgbAl0lqYnzkWl2np6ZpGFQh3bI+SESdNMi5fACHIw3lz/JMpxhiKkVxAEA0WYVWRATXhLr0PHZimUwaYBzM9tu5nCyJFUX0C4KGh4f5DBKGWgX4zHeGUR0Rg1ZFRKiIS4jA2S2ejeJaIdTKXoJaIZFidXOtvDNUxZMFTg8rlDyhx0aIolarYYngnzMyUlAqYsycBUhuqAyHyRpYwJ5KOREvhtGYCUzaz31WgFfV1M0ISJpiQsKuOMUBYCQerrJ+3BjPcU44cLGCLi4Nd2QzBTFuFNEtwM/v/HUfJ6aDBukoQOHTI6tkI5I0uwk6DMCvEjZhERC6XVw+Pr169+ubx8ZvL5bJtzeOyIt574dJ8BOPQ7uRVe7Z0YpeRIliisY4+I5/nBQ4XxLZJstOUBnU9TBBALDWGS041A74KCJELtiX44aHVtAysegv00EHkrFk22OIXOdPYbJpDFWZbzNBky7gXFdd5KYAeG05i6kNtuEpkBtkDSXGrK2lNRFwGb99EBGPgduu9j5HQnceji4pEZFT2VbAIRQNrQLnmHIu21ghkBzqIFzFmXnzXAjDKKqne5l6DqNj6IFUd3Ubv6V+JpRu4/GM0m0j1GV3mY0qS5tLJPZoeTTWD4+6HVoDlev9O48Q8OHsVUN6F6lqIUT8MRnWBBFF0HWVrL50QKWEFaEoF0u7zSDCR3ES2bd5w4i4T/HOO5dBI0GDmMVS1j6HITthaC5BsjKEKVYe4WeRyuWzbdhyHw2bHcbjoqCSX3bGi1pqqDhdxRDILCWz8wmyyIMn72cYIrpF4t/aJND9gqI2hDlQipjNPBNFYNcQpya72KQBut5tzH5+ent69fff07unHH398eHh4/fqbx8dHZnLHRHde7H2ItFePD65ZqjqMdGsbYLfj9vz09PT0dBw3IjivLFSliQjo/ehj6NDCuoYq1IaOMcboQ13LO8mFzj70dA0HBZnJhlZ/MG8LU2cr3o7rcdw2PAA6Rh/dbeqgw8wUY6g6LZh6Vx16HMftdh1jNOYmTVoj57aJSGMYm40cIHdWkTOBJyc0I0iOU4vUIMsZhgGH6IZlQpKqRmZJmBO7hu2g1gwUwKciYbF09U2esgt+MpG0NhdVI1Nllm2/2NAk4XNQ+JmY+fLwsO+7iIBo21z087Jtm0gLi8DLxaVbW3P+39ZaYxEWdrqgtMYt8NR447BEnpQAACAASURBVFqIz/5KRdSmMqfb/3maS2pzz8UjSPxMEpxOZ8quY980X8YSAzRkahSWju1XBlRh3tQcOGJY5IZwKFZOcGZP3U0FiVxysrfn5KyZlaCB+r+In5zlLGc5y1nOcpaznOUsv2X5ZWPCP++c5+f5+c/zuXgQnp/n5//ip/3S58Svc/yn7/NnPIVDZUBSp1IMcd6SC1BmAIhQMckIM7GUP1tQtngKXBZ77s69p7QlLcNCG2yojtH7GCzNMlA8xoARy5A2dAxbCjK738+fux3PoFSgDPpb8BlgAIQnQKhjpIuSFb8rrfsyib4gNo+HIXYzERy0Umubi6yypiKAB6klqw6FryTpa+H4UVaWM1PqQOGk8RGQipTIWiyzpXtWWIjLIa/pp5cU/WROfdGUHiyrMwIxBT4x+WcZ359BSRTZDeV+x0wWVeI1lg9VV12MG+9ubmVEvYzgJ2EtAJJC27L+ENUTPlIczDKq8zsyKo23JnuTTbgxNebGLP5/KdaHn12dkEQgY0pxyGy4ZNERp42igRuZUiitgSZ9LgEcP3NWLMhdLa2GXwBItj53jMm7Jl9kKHHH1lrc41Ah5bg6xbXNUhvQsZN0g8pDV4zZ1RSTOMLuH9bHOI7eez/67TiO59txuz5fr9fr9Xa7Xa+3a1/AG48yt9YeHh4fHx5fPT5+8+rV5bJfLvvDw+Pj4+O+7c0985yjaKAgLcZdM6NAHeaAuph5OIQPFhY1tZi5WKt7mKna7XZcr9fjdqRAMrjF8GoiDhD7MDcL5zMnkqkpmFzwD+xwg1LCp5wsxrJP9H4mJAlycEKpcLZ09gjvSwRMOm7NhygB1OwFy3COoLmPLLPhTUb1S6t7t6mF7DDXPXhcUGhdNrtagMYzfyHgZNi9vrUvMrb0GacTTSiT6gko9SzjOgFZ+dxoRqZktiqADh0OYdZd1auhax42NGbatpbC0tpvfaa2MAtF3oPBhioMqWrMSSHPOcy9XMNiEKYuaRtqvmSeHbLQKEEgakJMqsy+NpVaqkPKVlVjBrPWSE33y6VtG4CHh4fXr1/34+jH8fbtu7dP7/7+ww9t216//mbfN5aNZQiYiLqqHTd/KGHxuXTfpfF+2V85r5qpMhGYiKDWx6GqBGbhxFg15G9VPY3GeYReo8nCR2VCmFnXkW2MocNbxNFEZyiS/yZW5gBiY+BEag5sqB9/u16P47DFBnIM7WNQVwbX2CgKqlP+EXkKQfk1ZxXqyznNO2hk0EzMO0dVbLCnD7nHaegFk2dMINRTWaRJmYy2bYu+JOIIdPMijYVba5dt8zSd5pTAtsXvRbhJEyFiA4i5SWtt85Oz+CmZSHyhF/ZrsudepP52vDjlgnQv7kCZwXXHkU0PwXyBm8MbxVmv3cTUgl3tO8TJ7XMVXtBZChpm0cfj+kxTAqKynOJdwndm6gmtM1ota5Y068oVsnC9jXMKMxaa9VnOcpaznOUsZznLWc7yNZRfNib88855fp6f/zyfbZUexLl9bv9K23i5336Fa33pOT/z+E+PkZeyXJ/+rlPfIhDFJTJ1F5cSXlPavSwiosRFGawg19x2gJCXqNNEdzx4XeZJY4zeRcZwDTWPcvbeAQ4DqKGVnO4AYTzStPU1Tb7T9MJBBLk068IxIQ+S6hjhs+OkwKTchfvaAhAmkJd1FwZ7jjLqtm8e8Asl0IyXlwhnZNln3FNhLyoqYdVsBap/Q0yxVEqXkDVVK1SbhgBYTaxEIJ4aqQvpc9X1ypNMCdAFifWYvr6EE7I/FS+tCFET8Uysk2sPMGORAC2dCmuEff0MWdM73bl8aD+VRxsp0Uoq/lBVsqubjdF1CFrLyHrENCWxIkuXxbhvq96Rg8ObnmniK47UcgVhrRooYXM3O8um9PpMd7B8iMBOVvR0jsH6dyIWs4owWxBIQKioiXOoJzajATIFC9PP5zDYMGdKaT+6N/4Y43q73Y5+vR3P12cvT9end++enp7e+efT09Pz8/PT89Pz0/Pz9dl08oH2y8M3j6++ff3td99++7vfffvdd9/9/vffffvtt9/97rtvX79+fHx0oVcH2wKSN4Ua+bwEZ7UiGDCqQuwMItf8dNZia5sQ+a0+vXv3/OzY5a3fbizN8QWHWliktbZvm1vFbVtrbUvEnJuQeuLBcJctN1izBOQcyZvYtKXgqpOqkyc9J9iCAheq2os2rSnRO/eyO3ubT2xERYvKdk2HsNBlDLjGO49WF17P5gLH3kOGFp2sxhVFZ1YUCdfuO/X8TItB1Tv6YHZLCry1OIUrvzAJfHPMrJkfa61QDD7AOVtB5qvVwQU8HQxzNEeKsU2pVpynrSQDEGcChJOhXXBylOhxLglFyaLMnpnTitKg4fTlQt0S4Azy2sJZ3LaHhwdPSbk8PLx9e3l6enLo7no7mJjbtl8kCPZa2pfOBmdhbrJtbY+EhsRTMylmeLZDk61tzXn2akrEIYs5jGVh0NYCMjsPDNZVYw5R66NrsvWHau9dR3erT02ap+UN2NChWjOJZ/q4TOroPaBGM9WhMIVCydLmcS5nsampebn0tdl7cgYlABAH/aun+2oX6yxTDexMiOHV849JRJo0bty4RfZA25y6X4hgk9a2tm1bE2lNPLHAjQLFf+sqsSLgOL+P0RQFKBGFStaJVJ2VEPxyKadlgY8dc+Lh/E5kKc1Hr/WmZpnEBpPqyyyGdZhlz07N9ZozCDCWupe54FqKxM+hke1XrxF3V4AFSJunX+6u3nPyVa0ejU6M8CxnOctZznKWs5zlLF9V+XSs9f3tfBX/8DFkywvvx89DPxXjfXGLP338uX1u/1+y3e6oMOf2uf0rbdsXHv/l29Grf+njVwjh/WPmUPrsenBhtwxd8T1AGJGnlBJdnQUnQOgGhAsX7o4aBzBZ2eEgZNwICwoV96KiItL78LCyB0+bDIA0HMHKBCrJUh76UuMJ96TqYgTUg2aAjKSnpqdLcqmGhqWt+oqREw9Kg7GJ5WGJxBGzGzKNodu2xVU0bMPMQjrLCVwguEkfChFz38F0CQzprbQuq//wIoQKIAHAyQuIAJ9XjhXhMHhO4IBME8Fd8d11Y/2MQHwGFpMlNLtYivLRepI6QxkgEZEsAOHS/2Z88D3i4P129pgXrkSTkGe6EuAKmqGl6NDr9eosmiRdQJ1cpETbHjaIltQoijB0YkErtmMZhfXgeAinGhRgx2mCKLj0Q4vv2X18NiLkNuFVpiD1ZmDXgkNloYxpE0d6uYiuU1tOLAswkxUL1w6s74blnqPwQ8cYx3Ect9vz9fru7bu3T0/Pz9en680xwaend0/P756ent49PztO+PT8dL3enp+e3j09XZ+f/V7McPROoH3fXz2+ev3q1Z//9Mc//elPf/zjH7777vd/+Zd/+cu//OXPf/7zd9999/r1q21rAanAXLSQXS2U3KrKSYTWj77tGxMrTMcAR9OP0cfQ56fn73/48b//+3+e3r3rx9BhOgZzmIf50CNy+Ufet/3hcnl8fHj16vXlsocA6ibMNFR7HwOBIzNDdfgUEZTlivMnFWaBq21tgTsK2r2a7mylpVev/uTZyee/yyKQEwBVfwQHNSdQm+hLy5CcbKCQ/jNVhIikGeYUqrgvARy8GIA5AaeTGQotsmKGv9DwfG+MvxjOfgOLFijl8+WsnhUtWYjIpUdVlVR775amdy9wR9eBzOQSfyAGjDghUBT3OuDQF9OjqhIxkRExs5qIqtpQ1REz5TqbmdkCEKpaZnfYfrl89/vfH0d/fnr68c2Pt9vNDJfL5XK5EJGOcfRj9AFYpeY4p5m5xVMDw8Y4eh996PB12IHE1prPOMPUrf78ib2ufAlE0p1z/gWSZ0zp9NpDqRXgstkbpsPXuDI3dIDSTfgmOVWjH2oJnLoEMXmvG2NoH13HcAc7XiZq/94YZhgx3a0kaitHVQOMXec7JKDrxSMkXrk15ibiZr5B3XNccGs7t1A8JYZwrFFCAkawUQUu4MnCW9ulJMBz9NHM7WEiARl7kpCFhLSLgno6UHajxAczGeeFUR/TkkzAXIA/rSP/5bCZ72zrCpizQ/7sU1hqxb9YTykYnWZrt186f7YOzDAzI2bbFPqXQ6BojjUnVg5WvsIlOOiZM7lcxQHvm62e5SxnOctZznKWs5zlLL9leT/W+pP4xadjvPSR/S+2fyLG+94tfllM+DO2P/M+z+1z+5fdbitwc26f2/9r2/gKzvk5x//kMfaF9yltAypqNdEjLiyrIDWZyJuvc5amg7zk6S8lTwwPrBU4NNG4ScMCmI1ImFVNnQsYSm5GbvOEjFOnul0AhKrphlg8qmR/mTl4E1BDRdsyuA9VrShY8UsKJvQ6URgldQTk4FxeIyVGHSUNA7wK0mnojXn8zQHCVE6zivymcieR+wQueq1RXap2By7o2h+whPoo+kfpDBIIRhLh4+mGeP/I96HwCbWGPZRFTHheJMLlEbwtIPMeI6ztxjJJiy/xj7vLrRyjejJLzcP3Y5q5JVgFPJdT1fn7OPrT8fT8bn/an54eXz0+XB72LdwI+RjHRE8BNuascSapczoEAngguAajFTIOZyQmTDOGJq5Tg2ZBSiiyxiwJfAkmupxkqeYaXDKxmrjqPCvA5f4y9JqDLFBwK2tPdvKLiBrUencO1u123A63E7xeb09Pbnb29Pbt2zdv3vz444/Pz88//vj2xzdvn56fnt493a7Xox999PLK6zoAam3/0x+/IUIfgxRMpKB+u12v1+v1+f978+a//uu/mOlyefjXf/3X//iP//j3/+ff/uUvf/nXf/3Lv//7v/35z3/65ptXfQxi4iYwPsZgI2aRjftxc5qxgd69e748XFrb+jjG0S+XjUB/+/7H//mfv/79799///0Pf/vb98L8sF/2bR+qz9frGMMt7trWpBFBxxhP755/AETk4eHxcrm8evXq9evXj48Pl8tD21prm7OJfYpQNWHmNJwDTNV1KxP5nVH9nHYmBJzMqI+8xAciaC/5MsUuir69MBPfH0SejJDQmqnqatVGRE5L0wW29u8xE4yTl4i64vu48mRP30P4pneQtzMZi9w2H/N+8K59+0XVLBOC3S0QRFhMLn1Cc3tCJxGOHrTCdezXouajJXIUJE6toYI6zExA6/wzpYqLa1gfBIIAymYmOgb7XYnZIHUUDIYx1qwCdTNTwEYfRNgvl8fHx+/+8AcH4/sYx+2mqu5g11qlF0zrU1crdQM9Yt72bacdk+6tZipbg7vuDbceDSVqaW1OPmxlLRw1k0uN90JVJR2R6ZDJNJ61MwEhq/nPV+uoc0cK30/1cGqy2jBTU38Kg62JFGSqCkcbbdiwO559rIxW6UEAwYG/kJd252Cf5fKUglxoQdTCD7Ht2x7ZUAbFiK+ya7pGXgLYGK5RTUKuHkoLijx7GBMDDDYiRnriZqoRB4C/IH31mjLHc74ECLPlb215Y7tj6L9X7hbW0P+8W9kjY2B5dcm1tRjCefj9MFxvcl4rLX7vR+vkWb83lXFdRJhK5xee4ezivqFrXNPQ+095ll+r/Od//udvfQtnOctZznKWs5zlqyj/9m//9lvfwlddvjTWmn9jffgYLId94jz0hdf90uPP7XP7q91uXwFIeW7/M27bL31O+3WO//R91m8//7rOIHS/mYnzBY+tYkrELCScsekQovS7Zm7MCSJmXj2S7+HXmoHIhZlBNkOHHiIjIg7cCUlBUE1CCoqn7wpsiuTbJDWACLBM7IdV2I35LoJWlZl0l3uztxCU9GcipoSnMjWeKrw14TBmtohdhpQnQKrmnI0AEVgCrAwOmkc2YTNASmnmk0p3zlyx4QJjk3GWhKbpKDXxhOlPFTKZYIBWDPVFAH2tkxeI3TAzd+jSjDOGhBgc2nxBXCiYeT2VLADh3cHvERbXdqkI9CQjfBQgvENNqi8VrTBNuYYZbrfr8/O7N2/atsm27/u+Xy775XJJJykRFnELOvKuO7JRJnJZ5EhvMiexVSfyqHlSEZESuKEOZzTXPKtorsOLVHDSAs+QlYio91dafPDucNDAEv5/9t60W3IkuRIzMwcQy8taupvVbI64aIZzJJJDDnmO/sXov0ucjxJJacju6i7WkplviwWAu+mDLW6OiHgvs9eqI1h1R+IhHA6Hrwi7fq8Zyy0UFACmaZrGKecyzeM4TuM4TtM4jtPpeDqdTtM4TtN8Op2Px+P5fBrH+Xw+nc+n83kqpUzjnAB3/WbzSV/eaBukPkkALkAchkGgGkIsXACEekOlcM7zPM/jeJ6m6XA4PD09j+P522++PTwfv/n227dv397f3//sZz/76U+/+NGPPtvv94gk6ogi3ltyQSSBmzDRkDYAOM0zAPT9cD6P9w8Pv/rVV99++13OBQC32+3pdHr7/v3pdDoej+PpLIgREfV9Lzyt7Xaz2Ww3wzAMfSl8Op0eHx/fvv1ut9vt797s7/a73a7fDAZLoNIQQQiIPiWKGmQxUM1naLjooriM5fcBtoDTMGBsPu4Ww1bKichEFIeN4UelFglRos2C7UdoNJuvovUShvYCwn/hwZqhfYEYhZHeDPmLidpgQsRFsmilMELuuk6xKDNp+lZZWZEIo/whM5VSMOkD1kr28SkDDlNhLw2IUCmbRrfKzLriKhTROLWNLEYqTx1iJ/AYERFwSmnYbKSBXDp1niYNt6lcdgDgWXcJMDAopU/3K5CFyusRMee56NpcWaSUUm1dnRhJN/eATjqiCM7MxAyZDEBCAEamUhiwNBsTwjLvbHMPvqpVrcGCSy7Zd5igsaR9244y3NAeT2mjCr95TNv6awHtpUWW97D1hYiIurDoh8i7DJgopdSnDkjfKwpITES0mH2ygmpAYnsLqJThGhsWa6BYB+X03cG6hG+eMZJfZNPZBI/gqgpsstYBzgO2N79l5ccmsPi48toTE7GtiZLg1rJ7bejVHMDelDw64uXuIotuuJwRfM7xN5uaCH232OLWl2dWW2211VZbbbXVVlvtD2kf62t9+Tj++XL6j73vb7ec+MHlXI/X49/ucac/l9fP9fPjPuHj0sPyDH9QDi+kgctv+codL3PwmCvMF6W6+snX7uVnXN/sMn9FlOK1ChCqK8sxJMSkfrJKbTOxLHd8WVwwwEQa+Ufl19CdSAEgjPqSaA8s/D93QBkFRlxHAhAGggprjkrQUsoCKGnA8ReNOwTs8Ik+l97fKgE04JkrclreUABQlMaIiHRNRPSWFFeexJ3TuF6IFioJkBIhCe1ObwjAUCJAKFmQMHjA0CYL2mc+M42p10bDqrHvnGXDzBE5Nr6jMiGknhKR+ojDzIstp1DPG6VJiFAMBEpAqu776PBvfIXVd4ruGyVUN7SfbFygRpR0PzE4YGCuUQ5fmgc5QLoXpAWDctU1y8CF8zRP85xLkdhaBYD7vh+Gfrvd7vf7zTD0fT8MQ9d1fd914jpX/brkUSgl/8LFn9q8n+ajFfyvKI4npyWslvBPF0wxBgBG0ksNbuEcnKzs8pQWMY4JkJAqkuEBDwEtjFkphUsu85zneZ7nfDwcDsfT+XQ+j6fT6Tyex2ke5zGfTqfz+TyO4zzP43kcxzGXGYC4lDnPORci2gybbT8AKHaKCQEgaUV1SNj3fdd1lJJNIymRdjZxredScp7P5/F4ODwfno6Hk0SPe/fuvhR+PhwfHh7/7M/+py+++OLNmz0RARKoWCZoxEcAQqTU5TnnklNK0zR/++3br/7939+/f386jfM8T9N8PJ4fHx/u7x8eHh6fnp7mcSolC1YiKOZut7u729/dvbm7u9vv99vNRmASIno+HPuHR0mzvdtvt1tBPbuu64hEsxCRTIQTjdJUllsBweLmgfdwn9Zquy+6LFxD2tyR7v/6+RtcIrsj+yBtsi1FZyWdwUw2mWu2YFqnFX7mhQVc0AthupIBCAyExOZ8CxBKiW4BFcLdNZgDVbi5fSjlcnfJdZ4FZnNNUWYumfmCgGUIku/MCIuWzn7sXEYCROBSXOyaQAOkIlHBwixh/3SSKoWSL8dFjVllqwkJkDrkzLrGICKIduec51ljK7JufZDgoCLUKdMXokhQsuCEOReADjpBwZBkk0OK4I3Q6GRelQkt6QJnHQy1PRE4kQKEDmhV5czQISvkahCZEEilf5OBm7XfOObnAJsuY4VNUjViv/GYvX/bpRSys2+AkOTBXWRTUgAiFFYFUUq1VBawFghFfDW8DoDm7+8sVcsa/b1BliiQlx/rsh5u0Kbvi2lA8rc8FBOFuDRCnUOsYZD9uQxHlRr2ZwWlNLPuOfEHcezV3w1MiSHMHqGFwYelvTh696g7TxaSpAzI6Jh/mI78ScC1ia2isea8mAdW+/3YyhVYbbXVVltttdVW+xBTysJtD/DiUwOI3EiJC4/xjc/q2rr12ZTqA9Kvn+vnD+Szc1IJBM249Xg9fu2YPy49X57nD7j2hTSwOB8/ASX2z9Vyap46tb9WBgNGrpdNHUTMV8oM1+qKueuUKJOMKyMAYYN/CHYFpLGbkBJJGvH3ICIY20bc+FLFNeCcMwgRoAWFeOEsdhaC+44LQ9G4a+ZoYiilCOFFVLzIHITiH1R/r1OtBJ1EMp+X+9W4cMEq4EdKhCgM4kJFkwBVkVKrEHOvm6NOvxIQDRMJPum4HQMUKMqFMLVMiQek/lyFXSnUTWhnNAy1EurEbc4VJHQ/LopAZeXnIVc9ufh+E/k311+AVCmRGcqlU96BhujQj93Gj1WmrTVPH28XPyO2USwu2gWDKkIVjYk2rFYcQQHOPI+zKl6ez+dpmoio77vNZnizv9tsNsImtHB0fUopddR1KVFHlAQocogiPoLQDhkBCwtBEAuzPjaJdF7Fd7x5bXAJxO1o6yWoI8C7IeOFmQmRRDCSuQRmGDPPOc9znqbpNI2n0+l8HsfzeDyeJYDg+Xwex/PpdB7HqZQZMszzPE3TPM8a6ZOLVEvqu9T1PBSi1GFKSISp6zpKiooxYaJEiAUBEbOy/bDve8IEBaRgqetS3/c9MfInn6ShHyjB8XB6fHx8eHw4n86n0/mbr795fn6e8zzn8tOf/vSTN3cOFQDAnLMI5jJDzkWiowHwu/f3X/7yV9988w0idl3//Hz8+uuvv/vu7dPT0/PzQR5WCGSJqCN0Vtk4jqfTWZDR/X7v9Mdpnp+enmTbxPZu/+bNm7u7u91uNwzDdjNshgFgYwOBJWfbUSezaUMgXIDYV8aX9wP5sx2GcThAk3GTQZw/Q99H1fxzkA8AiZaDC7NHR/NgiA7KLABBD0Ra9wq0Q1j53l6e8AghrGDzgI4aXX7r/dlWsjqtxCKFZwElkxnbmizcmsTULDVGYo0OmFKy+LXIYc6UAHBYs2fTOC3sWyhtnwaiIG7MhYGKtSKnsG+DS5klGp/uTgAkotQBkFF+AZgxYZeg6wfeSHRIneUNFizTPOd5LqXIisRcSs7TPJeS55wLs+D0qe+UM4fArArRKSVVsBSsXVZNQRmlEMx1g0fFprWrydIO+o2FWnWc3NaYUkqes6C+9S7Kb9YFinylkM7DinAlBwjJuK26rKOx7NBuCn53X1H0kTX2r7Ow7XpC10El1E6CMVgfAhT28yLR7NQ/dARMnqVdNWVV1octvoGgCi3oS5dA3X5tVROvg8hHQN1JVBFBXE4EYX7RBpLpiA2VDGl8SNZl2pSs2xGHcaWS/o8GWMpWghp7uAXdCQ0e9Dc2WdRqEiW4X3IZm0ns5qy52mqrrbbaaqutttpqfxjD6lNtfwzf9t/iNV9x/I3zqu+6vqjfSgMfmX49Xo9/IMcdtBj7erwef9gxfFx6WJ7n37QMcFmGJk94rZzu7v217uV7Uirf5CL/K2UAGIaNOFXJAEJD+HybfJXqYhYGIaUERJ04rsxjpgGWTF9LnUVg66Z6/I1TpbvbNaCS4oLFeCYSFKoUpoSgop5AQEjKWywlI6s3DCHSEYoQCs3n66QFjAJlYM4+4Xy4mw6Ut8is+E71DS4AQvMXam8iItusw6i8DWSpL1JvK2ADLEktEWGxZ0jYAIQWlYcRQQRVSW9XFEKl+jrQoGTxvQAAAz4XnYPeLgsnXc3GAVvACwZhDR52CTEusEBhWLrLvrqMQ27VLxn8lcE1T+67XHCnYrKLp/BKISIUIdBpGlV8chwBgQi7lB7vH4ZhEKqY8AgFIOy6ruuViyMYkrDNJFkSRVIiELaKtkRbL4gImIjEO1uqniyR4MOIiDi3uOkCmJHAhg54mCguV0HCeZaDcRzP43g6nQ6H49Ph8Hx4Ph1P5/MoCGDO6n2WC4GZUOEBopRSNwyoT911ji0lSgREjCLYKNqGhbM5eiGXMvR9SgmJACBPc0pT3w+iOAqF8zxNM2RmIpzGSfh4n3/+o08//ex0Oj09PY3TyMw///kvxnGapulP//RPt5utVTZO05Q6QsSc8+l87PuekJ6enn7+85+/f/9egLq3b99+882333333cPD4zzPXdd98cUXd3d32+3WmlKilalJ20mej4+Px+Nxu90Kf1TOHw+Hw+HQdd1ut7u7u7vbi/LobhiGlBIRdl2IcwYqgenNpwfF0Y+Pc3kvwPIX0iwGQh1BIVCa/2NfsQoHc40WqLFaocE+qn9fOwlJPMtF/7wC10Fd9F4ofygOe/9fXFLnCq4DOqbxSK5SNiHO5pyJSFq5lJJSmueZVQ9WlTw1KzB6o5VBJijWXSa+PcNwHiLlBNsEg0XWMAnoaGucgk2ycmHG0qdu2CqEJgMWwXokALPA84xKACumuoleQDT+n/yXc57naZ7GlLO8SKeUJPoeGzHTuIQdGRDYzM8ALvWNInkqu168LUI7anUZYS5zQVawDX3rCXMHgBupJ4oNyoWh3SlCxs0D/bXNEDoeG76lU6s2Tecwm8+EdX1XqNgvsC4EqNhZpwCX8PB87+SwjQAAIABJREFUuvaBQV2Cy6XQAgkKpXwB0oWK1GqnlLyaofLdAYkgWwHaJaweE/nPIXvLCN+KLm79c1FMQzrtmcGWf0/g7XirAC4LcBlzVPoK2gF7jhd5LjLHQMu1fUUNGO/9JFy4Soyuttpqq6222mqrrfb9svpb1Hyt+KL/1lgJ1/23L1+79PG+kAYa//br6dfj9fgHctwF57vj6uvxevzqMX9cev6tlwEW5+M+EdD14KVyOqjw8r3Y/UXX0vhNrlwL1+qKue835qO0aD8G54ChchbhBwEKK9cNyfAsoamghDKKEpMuiwjmK/SbCyIGyCxsNwuMpHH8ABi4FCQA5kquAiLT50QiAQgFeMJ6R0ZXg+QaxwhD0ET3Srm7SoskHnZSxmJwS1reteqxuu9BikO2F58JNbhXYSVRGkDINTc7r2poypqwenaOgcGaBYphclCFRYv5SRU3wtrM9oRaYHMFG3IaE7F6aZ1AZNdFsbBLBiGRuq+9Qt3YKCBCIqBAZFDZNTmzAEtNzg7EK1zLU8P5CfjZUFukOlDRZ88xOlLFy99RN3RDGQTeyubZVFdxKWUap3max/N4pCNZ4CmR4UvUDf1g/Q+pS12XUtKghWQalZgqZyZ0MwjKi2yhs0TwT8vLtTmMttR4ZhkYyMinhnMoNUrUQadpPI/j+XweJ4ED52meZ9EklK4H1KeETooFUPDP2b2oxULDDKRCk6gvFiilMBdQBmvR1kEuuchDOyRLRMBlnkaQfp2oAFNKiImZ53kWGKbruv1+v9lspmma5+lwPDzcP3z5i18i4B//8R/f3e27LkmItZx5zjMS9sOGCz8+Pf/7V18/PDzNU56nfP/+4Zuvv316eoLCn3/++W632+/vttvdZrOhlLpO9E65TyS6rBHt5mA557nklFLf95QSMM/zfDgcSimH5+f7od/tdvv9frfbbbfb7WbTdeyyzJHA14wF7YwCS8Cl8eU1YRgH4NyTLm7UoBV1n4kliKizjUOoOxhKceCQlZNaroxoxV0AQbEgvaAUv1j5rBeIoAXdbHEVgKrGCYudB9fN18cGDQLwBi2ldF3XdcQp0Yw5Gw6HKBEohXrLAOx6nwYY5pxtVdS5WLE7EsqTE8JBtCnJtTeZqVThSA2hKzmX4jxSRNObBmQk6nrqetTNQ4wMSEzZNncwggbdtYZgYOBEyWmahmyWUoQ6WGTc2ZYFsEfkunQ5gy9UKHjupgYMBlNVEl7sZna1cO0M4wzC2ZGj5gstGMkO0OL8qRa5/mYGU1+2pSL2YAiLMQACkFZ48eqtXF0XKmD/IioHeJjYuq7LK0eR6a6OR1wOSgZkIJ8blXyIbLIU8iaE9e0hVLFvlfFeFmo2LA2B5X91187Vk0urbRVfNsI8YJ8VlQ+n4r1sXPsp6wLss4yrnMqKz7YxDnwlj/hy+yxUO7gD7vaW9QHPudpqq6222mqrrbbaar8/q168+mL8iv82/B64kgZfvNaP8eU08JHpP/74A8u5Hq/Hv93jNQbh+vnrfcLHpV9jEJqDahgGbIzQwBbZhyJgoAXwY3Ygoe7RbxBB84w1HrtIJkDn9Fk8GmCW6IYAjOhhcQzGQDKkyDJVyMzDHQokJwglkzAICbnoxh2s4qaSUfWaFcNafOEDZtdGlb81YyeyADlAaC5UpJSAMTrd2DAqc8AVhbE8nya+UjADIGvtIted+sGd7xJ4ASCsF8Zd+dFLGApgJx3GBHdr2rWAzIW5hvJqSCH6vLVCrKEWj0dBSg1jGcQMssLKktHnc/0zMUtz6Tz0E/VJvfsr0YQAO0odSay81Hed43JJ4G1ALpBLLlist8tgIEJMXQdaG4xEqUsODglIKGE8kdRnHrXXlqqMECOdsZOfApWFHcr2ykIi6wg1cZ7zOI3CSZqmaZombxVmJqCUOvKSocGeiGDAgSIKHJy4zAKraLevWKX1JYRisr8AiITMpQCKs1wUgBkKIlqYM/S2cMAGAITqJ9qtOfcp0el0eni4/+Uvses6ANjvd0QgJLBcCnWp67rT8fD+/f233353Po/jOB0Px/v39+fTqUvdm7s3d59+st1uN5tt3w8ppblkYXAisqguxp4sJviQBHgT9dI5585QqJzz6XQC4OOJDsfj0/OzwIR3u13kmxpCajrQV/zbN6GvukEkzFERwrzSzy9z4Mb17xlGfk8cOwRYZOiVQkQa79FmtSs3IBO4RkwpubYtM0OpCsCBkqjV4REaL9VWURem5WMuwMLwRM081jAmAZLFWFVGvM1acc6XNF5MJ9tJ63uRZFwrWkMazzGiuQYuLjBNLrk4esQWXhcBk9xQMCiFJrkChABEVJIBNAUYCriuqa9LSAV0X0il9kFhUyNVYjLVQKR1cWAH6BSp5douul7b2uxrlkGH3pmZI3YIBjaLTmmY1usWHFtXQGZX0GeycwoEGqpdeYO20tUWtb5BqqEtTRMeIXTb8Mag3V527kb+n4X6tU5IYG9q9a2mHrYZWzDkWlFeFwaYBRwWa2lkJoy/2xUbW0wAN4HAVwHCOMYXLL341RUkHhF48YrirxDAvv0IwZpMN3zZXjg0meWWCehdQdUcIgJKUYOZubgHJTghVltttdVWW2211VZb7XthawzC9XP9/H1+agxCXj/Xz4/75I9Lz79eDi+kgQ+742UOdgY+qORgDqer+UDrB7qRf/iWues6NP6QqZ2R+e3MD7RgyVwAPJcQVD1AgOqnE8hRARJEDfsn/CiXtgt0FGYQ+TIMnjnZck9GR9NgRfZ/IKVBofqHAzhogKMpm1WpVXHBBoxQ6is4haOjraE9ApZiXlVGdt6CetTRXLKoUqgq6QleTya7CuQuxlqVAKHGQN10qHAAcFGqHaPHBmrKKaWhRevEtnPlz/CMkSLJzOQygO6GjQCheP04vItYCxg8iEswdOHojJy2yOhqiEqvv6u94Dy1epSwk0VGIyUSBh1yYapea/PVMjMX4aHOWd37wsshShKm0x3o7mY25gQBMXpMKCsEWU8Tv76yfCqZScK8aXxNIExoHD8dQbJSchLgDwkYcsm+M6Dvhy51Al4WR8GqMpzj9+TxtgQyLIXzLE9ZDCtSls+UM5cKkbAplLKW0uuERJxTuIVE2KWuH/rUJQlZylxEpLTrukSEAKXkcSxdSkSUKL158yaldDod3797t9tu+77ru7TZDs6FyrkwT49Pj+/evXt+fs45n46n56fncRyFNfjJJ5/s39xlo1iVUvI0ayjEhJPJJQsn1COMKrzUpYGGzCUbXuiTXs6z4IjTNB0Oh6enp82w2W03/TDstlvBC7fbrSnO2lyHwBFPwCvYW9ya4Aw/H4nLbw21WGDmBq+0Hn+n3C6oQhXV0Jt55y2F28G9gBDIsG2QWTRhEsFMRtQ2CtibT0NOL2oGZFuYiPPFUdxihLKKeq1CnNZkGhHKoGTbdSnOYw7PScMoWVuenZ1SqHXmi6GuQzbDOEDo01PdDyMnc/GKY49Fp+EbCzMDIecyl1xy0TZAWRaIIs4q5GZQyqMyxhkBZZSFQL1QkIP4Y+0XKRULnVt1VAGdMmfAq8/TAmnqjIFKt2OoWx0KV9o+hB7iHd4nfV31nGTPEFmGi1UV7cVG32JcfMC2S3h6dkAy9OfaQ2I43vZVRLoEJYJFDEtfNvUljSMs2HYw9peQ5vXGxTbbHmurSUsED5hd2/Pjt5fW9PN66lpqXHCKbfapZQpgvE0F2qXrAt0WxEeztWZBXen0l5u/h0GxnV7Q9BwDXrl5FrwSChKAAIq/iK622mqrrbbaaqutttr3xpYe4JfxCwgpb3/7IR7gF9PAR6ZfP9fPH8inxyBcP9fPj/qEj0sPv14OL6SBV3KAWznYGbhaquUn3LxX3ZPiu/Fv5B++BUASqgymGhxIHcGuxymhnJR4ceHGjfDSwn2GlQ6nXyGRBgZ05AsYkJMSB7kqaSJi9ceiq5/JcwghjDBEDzTXP/omdxQmSeN1N7EyEEcieVCfRpGywfnQfWsKK6LxQqT8mBIKs1O8r049SKA6foL1VG8dqhSZO4/lVqkyDQwoRHsJAZHycx4nMCKw+HQLF4FeG8eoaJUyis4qB28pqwOQMXrrIoQgTkt0t63hAuLeKwGvY645e3xBJownPX+Pd4gKd1UIcAEQ+vGN97KlY5TMBaw6h1ZABCSAAghMUKBkzpmRqU+q74dAiUikLM0N7U7Mgka14aK+fEj6h0YIYwQUlFYiaDqvTipZ/KKFi+FtThwEJaB0lIBSgGYF+JUAf5AoGeFPWkKFPC2CFyJR13VKPgahyJgKr5ySaGYysKxySbF0IoCChWfOOc85uxSqDnShdcy5lGJqhvOcc2FhByIA51KmedKofpQYeJ6KKE8iohDsttvdfrfvJMojdYyIwARAKSEAcylzBoCONp/s7zZ9//z8dP/+/W633fQd4adCykRKgHh8Pt6/e3h4eCyFp2k+HI6n03m72X322WebzSalVOY8F2WDESWFCfM8nrL4nVNKfT9QSgZhEyWijqRxEiRi6rrEjfnsRYg4z3manp+en7uu2222u+12u93u73b7/V4UU1NCo6mxYKWi7Wogmg6BUjTsXNd1kUUKjoOg51NUWrTCHwEYvMo1tAQ2/RmiBJ5I8xc6oP2aYOYqu2psQClAQzijFswkIiSCnOWu0gMKALJGpeWm5EuTwdviK1pF9QcOs8dFK4pD+NYT9gqMk0y4L4meaQEfm3XdQqIkkXXb+UqnS7MMpfLujFFVpz7ZFtEycQ3hMsRPyYElCefPwUR5/JSszEUVLBkAkUvJpXApZCH8yMi6wEUUsXXm8AhvUrak6xYEtNcBOEdz5c2BEHMpNuejHxhJEJiBuPh+HHtE8ECA9UQgl2ncYvINPD4B2gZcw78wiOcG/Kp2s5oSkSV8Mfh6ruoIGsMvcPcbNDohQ9MP7R3FFWMDVREc/6t915SVDWUkbksc/8DAjAQTAEeP8RzKsLy+/Sok54VQ7/IqRXzrOEJ9L0CDK4kc0Wu3AMgrVd1ow/6MOhsRoq0jlLw+wJ8MJCRlqgLV8eUCKsotdyscMH5RqrB9U6AiDdfB0tVWW2211VZbbbXVVvsDWfTZAtc4gtc/MaS8/e2HeIBfTNN6kl9Pv36unz+Qz87hBTDMcD1ejz/gmD8uPV+e5w+49oU0sDgfPw3Vu1pOzTPu+3ihDMYiuV429e0wXykz4JW6EgZhAAgVxQhMEWcQmrN1CRAu0Jq4bT8ChDVbrN4ysIKZZloh9eHarY1BiMHL5H49o1UxXpgXLLoYNQeNAwRRkQ9aAobmaVUOTUaNPiRo6B2osbaaCmnqKfzPE7mEqd9B3XcBQWVSfmOIYuYuwEYIja3tgsIrekgku3WtH3RU79Kd6oRRlxCslKjm8RYVXlHQ2MQxjV+70D9cdKT2QZfnb1nTAwGROVHKlMndzcKkYWSWGJBJWAvWP9m6iIAg+sisKriiFitsG4s3jXpeArpJqDZQRiwClAICmEXdOusRBleTYCyY5JXO+r+TTbBWv15dY2zlnAt7gyIXMJ6fAgCK4kfmWahxoU9BHdemAizwpslyAkVxQgX0S+Fccu21piOXKEXU9jyeTuMpURr6YbPdYN8Lg9CjpjHzOI5EhAT7/X4cz/fv3w19t9vtuqEvOTMW6tLxeDgcDuM4MfPhcMgl7/f7u7u7zWYjbDYAGFLHHRYu06RxGDnnUrI8tIXZIzZQBQoAUaLaf251q2bGABD10XmaDofn+4e0NTbhbrfb7Xai3gwAwsDEUscUEQrbUsosbMWk+NASmQRDRF7UKF0Ok+W3NqSdHOvZtfN59eUL3iaEPADIc45bEAgleCp6R2bD5yp3sa3PBYkwFviyzi+mC2UbSSuQBqZd7kJY0BAX5K2YO4T69Nl+UYeR7hRo3MAS2C8ArXG9I15OdJabbX+RgIm+mFrMQq83CE0PAFwYSy5FwbmQuSCwZMgaY0otDHtl3vAhKdOO04UBAYsFFr1miACVIlgnZ9cIqHBj06YUrg+N5VEGMdThi5iQ8zgXaplX15cFQGjaqQ2e1zxLndmarCK1jW0B9Xny6pBbrKSmOVznZ2+FxSWL3gu26Su0IC8uvNZGV7pfzdDeEBdpOAylpmCLNrG3Iq8P9siRAXR0KBd0swNU8VqqzRPaDmDZ9K+s8qutttpqq6222mqrrfZ7Nqw+1eqUedl/i9d8xe1PoJvXgu3hxZfTwEemX4/X4x/IcRc8NPHn93q8Hr98zB+XnpfnxTv02rXX0pgv5LIMvMiHr5az5mk0wGtlaMZFuFfj0eT4/4v8beMKuOeTGViogQJOGKBnwbTqXvrqPKIG9eRLVawFRIfuFUTLlcO2fc3AFOkQgJkUiCzmkiRoHHnq2/KzELK/BhNWfVIwJ1X1XkUvfOvtQ1CoLdS9PUmoGQAVbOQFM6G2CkqViQPNg9OhNVnQ3wxYpn1r9DjVEkW/pno5gVFjWVlguYgaVjc3RiclxjvUtqtdJjQrIoVeWt92Wn86hlugeVerR9HROadWgDorPaFuFll49mO1XN4x1HIFo2PIQygKeuuLGTh9BkVgk5QPQTWcUgWtK1om7chVOE1uFYFDCUAo7eNkJwQoCBnYCJsu0ud8GgRW17sOwwhMmDMVm2HNrgYpx6g9kAszBtBBlf2IaoGY43sjsGicavQ96zPMRWBGhlKyNn0BABYanUWHZEAWmVYJNyjqf5Q6AQhdNm+ep1IKF8h5Ph95HqeUUuq6vu+JECXgKEIuMwF1XVfKPI7j4+Pj4+Pjp599CpRKLvM8Pz0+nU6neZ6maR7Hc0ppv9vt9jtELIZ+yaMWVeFlAoakZEVEVO4gKdcIQCoNFiq2BhU4Qxqj0K5X35zzPM/MTAjH4+n5+bAZHjfb7d1+v7+72+22XdenJB0DhNsGADkXHxlgmM9F9w5MJBvTEdiLxXgZHazPo9MU1+wrNKXgk+xGkGxFOVYAuVIyc+2BzKWIWKttZ5DhRsaEs4mTPSoZwpVNAAuY0KALsMoPewjCTghbxXSqYhvty1po16aGUembKey4weSAhQ9l4o/NSrecPG2U6pRh49plMOWSogLBQRwUdKmTrJSmyaLlGRb5wlioGL0vPp5udgDbTYKL3kFeLHYKqkyVpKOzxuQEZqEyB+jYSyhnCG1mC88VOXza4E5SQ3BatZAhW4zQuG2ISyDqqglbMa4+PpEFDWVwKNJ6UX2oektrON+V0442H5JxfFmjemsjglM267RwdQeV/YnxaRZPvAA+L5fj+gJwC0BDWNQwLP+4cluID6vM8+VeIKuAqGVel3GogYd9C177EP5OycaGDwtkLHbN+NX+sNpqq6222mqrrbbaar9H48aniuqQDb80Fr5cNBrCVX81fpjvWrWiXkgTfzG7P/h75Ktfj9fjX/O4iz8a40/+9Xg9/h0f82+WRv69fS3rbo6beap66CtlMLu8F79yXPM3OAEQGKogG5GS/LihZVwqiNaQS1oOXCSoKRUNsxJD8NixZ6buL0YVcFTww+4gbmdoHW1XAcIFRmg34FB0jClZKRQuR3lhjT6qHjiPwZ6eXEPvqpMeVfDUHegcY+8AcIjWF4vgzmx0lyQbgUC8x0XfRCjqiwKA65eCbtxnL641gENTkoMGasRw7wAicpMFVC8tN2Xl6D1Vkq5ChXyRXB5KHsc4tJq36acasxzq0IHqq9XL0Z+LWW6PUMeF+Z4lWmNhZCQQop66zgkpYYqdDUxULgKEUs+1Gi2yJTNAPC+1SF55WowkNeLFEve8P7axUhSWA+vgDTSvTxt1WQ3XYAlLVkqZS3GcjxJR6jRcFxfvYKUUZlOMLFyAuWTOOQ5eLlkC8SlJEKAwzPOc86yqrEopLvJUwzD0fZ+6oUud3oUzM6TU9/3Qdwl4Swgliy7oYRzPRLTZbAiBEDIiIGw2m5yVzrjZbOd5Oh6P33333Wa33e3vmMvh6enh4eF0Os3zfDwdAGHYDpvdFgizqJ4mAuacZ9HGJISh72TIpCQYpEQ1VbamI0MMJfs80E4phACQRCvYJTdrRQEzCJiKec6nfDoejszvh2G4u7v79NNP37x5s91uUt9RSn2fDP0thbPmT5RSYi4l5wozgMVn1albBom0fw7TU91i9QJGGLeXVAHMBSRWkRJFsLx4mgNhkTh4LUTqRZGtJYIoalRSVea0Ph6mWL6WiVWsSK2yy67EpwXRTPYrAJidQIcRv11Ugq869vTKq+aaVawn5IbmvixqKFAoms0jdjOLehhWB8PC6s84V/PVLgqAquStEx0zS4xHK6jLvXq7l1iqMENSLaDUrQHMHrO3gNH+QlUvNyLYW7quZOw9z9tettIAIS3UX5HCIuvVEyY1DCjdy4bIWNqF2OfH+PMaI+1fi11b/eKFweFolLCR/mfYUeHViC09lJm8X1Vq5tXeIk1Zm6wuLc04Cm8pzbXW4DIjXMHCq9WRFcYJh6klXorQZIWIxG1vbbJF22DDXPt73JNFDTnyyjAvsb6X9eOf3Eqprrbaaqutttpqq6222vfALrYmQvgpAXWbosfoWfqK8eLai/NX/MAIV/KPafD2tdfziedv5Plymg/wXa/H6/FveNw50O5IhrgQ1vPr+RfPw8el58vz8AH3hSvnFccALcML9+Wr5Qz3hdfLDzZaXswHXsy/2YkenDLm1Ku3aJw4IRzUb2pKWPEDFAVNdheboR/sXtfG9ebOR8AYdCoWz88DsAcOql5L8zIvsl362RlAoxr5yfj4GG/kDvelU8zApEofFMemvgZQdK+FRwi4rLmYFywE0Sf0Xf3iWjZly1hcI/FZqRZ+TInAFU/GMFoAwFlCd7lP0MsV3J2IvNDWc2bk7Z7wId3pdpqX89byi4ieu5NTSn3fiz5klFeNLQCK/HDMp8JyCLGiJHBmU1oUjDAggEQCJGkaJeE57abJIT6yIFLCLFwUZnGMhISppxpHTXBKLS03ObM7e0HVTTebTRwOFsNPdS8Lcy72pMjMJec8TVPOmYGlaCmlvuv7vifSeKU555zzPB9PAFxKItwMm/1+//nnn4/j+Pz8fDgczufzdrfd7fe73S7njIgiekyUAObz+fz27dsf/fjHu90eAY/H4/Pzs9x3HEdRFkXCOc+CDgo+UYTSRzQMA5cyT/M8z0zFoYjqzSbi21XatkjT3xwmlEy6roPCJXvsQxrHcZqm+/v77Xa73+93+/12v91ut8MwDEOfUpe6JE0hSp7yyAL++QzlN3J3vBTjsoTXAhDefJYbZlSxkqHtz8oyV2lMBhlQN+6CAA3Y44wj23dytfBtbvVk81U7u17aAr6N6tPt/Hm95JczzQWd66XKdJnNgN87qoIeVfLy0dgQT0f9kanmAODTlELyFaIFvJC9bcusDaL1wE3T6E6ciiY2vcjPXzRBqfPhZSWYxmycT72ElldTqw7DNtTyG9M+1npgC+TbTFmOF/qPYMe/ZA1kEe8Oa/RVNOuy23AMtRie165FxCs7DC5rkrl9tLaGkwXCvAQIWd9clxzixb0u+/mtEaeuCn07QC/Nsh6sEop3lYt3gKpSHgZvnL68gy24ogtwtJYZ4UMw49VWW2211VZbbbXVVvs9GhthENXP5zH/XvI/27XtebyZvj3/av541b/9/fTbr+fX8x9xvnPsffm5nl/Pv3Sef+N8+APS8+184JX8LQbhzfvyB5VT1pZb5ZcvXabqRv7hSZlJI0mhuYmCx858b5cQyEUQoOCMNIzE/V7ul1TfMVenMWKloxjzgsMOGPlnGSHPIiXiwhYlNI9VQFWxoqG2F58TdXq/6qUNzk9kVd6rTDL7AtAftuKL9hCgcScJGLGG6YFYS1jhu3qwdIyqfBuaUlvcWs+kLCNu2aHaD6o7EjG4ACvMpyEiCzNmQAJ7VGhdzhgpkxwqw4uqTv0Gxg6tf+Fobp7vOraxSON3adyIWhoFz9yNboQV6/OqM6vXy/+ISEOC1TCdbUfyZ2aIXnj0DAUdLIWqwxpqveq1CMBEhBZ0TMAgd9GyNprjdqxEk6ZXWM6VR9Ig1oUZCwCaA90zV/4fU2Cv5OKBCVW5NDsJC4VVyzkr0NWJ0i9rJNKu6wTcZOacpyxkRPRqQmYsRUialFLnAT8TUZ6mnPPT83M/jX3qd/u7YbMRtO90OpfM1KXNdoNI4zwxAKUuAZyn+eHxabPdC+o2z/M0zwWYum7YbZGwMFOfuJSiwowFCCBzKXmazsjCSINpmpU26MqiwIWL7U6o4JuFstMZVsaVbWV4wfPOmYW2qPEFSynTNE3TdDqdhufn7X7X9/0wDNvtZrfb7fa7vu+MnwdEcTLwySnQyOrcrxzEqMb5IXY1zKfxtW9iXxU6Ktk6yRJGa/KXKdeHKhsREv2fq9DSBz3AYvNFHQ02PchPJ3YIqkEqF/e1ebCOpMiyai4zfdcG3AoV4HMiRYBNetByvvKFJd6lrZBidwJfinQCLCGl3lTmh0VNWR1RqLkl7BJUiGsxDZcOk2uovVKKEFvjJpqgLwn6ZiEt4pFomQmplFxbLlQIh1rW7TLLNqgV4zFZleTqw0GUeuMGqrAnoh47azightAMLcvQ2JFYf9bLpTWxVSXr2xjQ8vFkAUAbAWgxYsHVwBWiWzznUiO8uiCgVtdFem2O9mLPw9YZX/kxvGw1ZWjftQwjtDcP626h0qJIur2woI5WEaoGCN3BLw8vhRdzA155zNVWW2211VZbbbXVVvuDmvzAxeDzuuHFra/Gvg9ymRIW6W/4gcHv8kJ6bNPf8ie/ms+Hn8ffUj7r+fX87fNd9LWsn+vnB3/yx6XnXy+Ha2n45Ry4TXmZhttS8Y1rW1e0X9WMF00SAa6Qf6Q0+FUsYcOqcweWfiJB8NAd5IEGsSAfLF1L9dhzU/+QecfI6RaS0FIXEBAFGAwgjLe4BAgXd2wL3ZH4AAAgAElEQVQS44VYFcZVk5HMvbUIDeW1ZT7FWkhwT/3FFnhhlDqShnW/vS7KsDjNsfCXjwAuCMoQOouXwTtX6+sO6mJSVRctZa48SeN+P8s3wqqmtofO6eRlnfpV4Tr3El8mDQ/4ISSnpiddntdbNf3TrSAiEVjzllKyMb00gcjrmXe/oYy0nad2uBq+joUdKBBwkJ+1A3uBQkIosZVR05h71W4OXHeAIZrAb2S4LfMH1Z4FVqIWYOXZaKcGLCzKjZBFrpBZEFVtJaXh+stnrqwRBq1BnSgEaKOu65SeyUXKn3PdSCDINBFJabqknEqhFRKljrph2KTUzTnnnMd54mlEor7vmSEX7vuUqC8Mz8+H/f65H3oBCHPJjLDdbTGR9opEDIW1TTW2JJcyz3NSXDOVGQyaJQvH5n0KQwRSrN23JuPYAeLsFzswEiEyBYZfSklgwpzzlGdh4w3DsN/v797st9tt3/dd1/V9l1IS4dNkkp5cFA0S2JvrvTAO97qn8MOszttWAYpv1OcPnd/7nIW11HtbrbHqD9f6Ab4ySZkqMgbYa2lBNRegHYa1VIsn0QJolNYlPGNPeANJlc0UERXUCKOXkRFfq1QVE2Uuy/PQ1CEXjmBOeEBukoXrQ+fz3SsV0m1jxdZNIFbrUR5cl3/f32NZLbo0epN5eWwIMCXrG/5VrWx7fwjvEbYTggGYyIE0QN+9YosG2/kwN9ZmlLshkEznQQuV0ELKYqM96wgy28rGAUzly3CYdhGFtyD/5NC1fVXEcFXTUBdt4e2LINLWjsstVquwfuvn8tVFN1f5wl9XRlbla7u3vw40FRNWUjK0T2rbFxqrJcP5yDRFsW6ysQK2T+FvNYiY7CpqMP0m1HN99tsr+2qrrbbaaqutttpqq31vrJGJUbeNecEuvcHNL+7lt/Vn8cufcDt/cyY2/m24kgbhw+61fq6f36vP7vKH4mqr/RCMX/FpvPb96wleSfrhBWggHCJy4GMBEEaHr3xNyp26Ag1egIIvAYQI4pAiCZzWFosrmqXcQ1pkK2SbVOkRV2ChmHjhDeQQ8g2Capm7Lqu/W8L7oQd/qnmHzfjQuLrqAm3IT3XKse+/X1TOstzxX6twL2P1D7ZOcQtP6FH9moq40lIhMqJjJ+rOjGGECpu+YQjGhAZMBb5CQ9X8sM78MRKIL2RawVrXOou6du6gLczzPI/TNE8TOuAFKDKPFhhQZT8VvINApPB6KgFkRUQiBkP1TDUUK2CKt8rvvmdKSQQcSylZQEIfMAquFJNGVu4iQAUjCYkBCpeSBVWSIHs2LhC5cCnipsfQkxXucynRlFJKhAjZdFkRoTAQECKxFoKNCkmIhJIxECLISBKkMOd5nguZsuQ8QurSZrPtusQM8zxP08TMXdfv9jsGOByOz89P/HzY7baid8oARGmzofP5fDwec87n83nKcy6ZEg3DZi65S11KNJciGJ/EX9QIiQVLLt4rNqlrAajKM0MkRuMI1oZyBK7OdQvcaIFgdV2HAFBYHk2wQCKa5zkXCemYpac9Pz8/PW83m812u93t9vv9ru/7rkt932OPGu0wzx4CVmbpq6j8xTTw0piKzG9XnA4nEQBIp10DmH0TR51efLaEOO3c6tsQUYcXHkCPm/NXlTMvh5I0RSkg+paL2vBMiK6rsy5u0cArTcrryIXzCxfdo4FKGZg5c4kAoT+oFY/in5K1hRRlhBJ4/LHGmoJixUovS1pnMduO0ISLU4FcbJlwGpJSxiM2Y2FRS7ZuNYPM3iqYSWbiulh7jFmw1SMQGJvqBTAlAnJtcK0VW02vSciiCKJa3ysoMUjRv21u1HSAZZX6SFksz5aEbX9IuMqbSomJCMbRD/Nv8+bgu7taCNNfheRyLMjEIlvLyBpnEblucmBgNH4lcdWWLf56VbO+6CEN5qcblNzpwAVD4cPOIw45IBiJcNE7EEvDgq2XlHrszQGrrbbaaqutttpqq632fbKF+MeVvYPhy5dTfkBiP8arX31ggqvJLr56xS7SfDRuswI9q320deFHYdwm3/z8XM+v5y/Ow8el58vz8AH3hSvnq4Ilv3JfvlrOcIZvl78ZF+EqvpoPvJb/ZRk8aaMP2YRBArC9/RwgsGUul16hyM1BNsVJMDadeOeNqgi67CJjEMeEAGU5DgQNZrXw14eS0LJIBEKJFOhEcbLaiB7+CxDZioVe+VZKav28qgHIyMDFXIiu9yjflVACf1iqmKHRxWxTf6zjCE6qYO1VwMw5GAtGoDSnO3eDIxy4FCf6sbV7w8Ygxbz8hch6QEUtYmnCtW3DtgWOGN4CA7iKRtwCCdhakLBpFAmDV0oppeSSp5LHeTqeT8/Pz6fziYiS0mcN5rOaC4Q8QEQRplwGKzRsDU0Vj7XVlv56ALBId7WStO+DKkvmXFBwwtR1iMbMc0YjJCLLmkExg0LguRAgMKuOKYLSayUCYwHou0QsEqRJgggyc6KUEsk9ABGEYkiEhEkgwSQyoQBFyFGornjgXHIumRkQqU8dpaRPilXltTAAQym5lCxqrHMpeSwqd0qJSxlzng6nrut2u91msxVNzvN43u12mAhMr/J0Ps15nuaplFw4IwMmLDkzJSDI89SlBJiAmJgTUUeJGPI8j+fxdD7luRSAYiVOKXVdlzpp2CT4aNd1cbLg1i6nl+hMd7FZBEhIfd9LPLxxHKlyQCXYJzLzNE35KR+Px67rN5un3W57d3e33+83m00pfRJOamEiEsnWUgoE3mo7ghbTHWBL6Wv42bIQKQmMQybhiWyQ1fPMwGxqqOFkO5BjJhrcsUnjnR8B2OpsiVHBhTk2I/CV/OliwouhdgscNQhpAQhlK08zqzBpNS0wPwKdIBc3uRpTjU2ZuSKU9eckL4Dn+KRC90VljzELxAUYljhgJog5L3NA53baF6g6mU3L6sYH+VPmSQAokCWWp681YIijktHQyMr2NJE2rZtPmAswMxCQVrBBewJ06RtIs5tWOeeL5s/2JWnMQQJfa2vVUy0lAEKpwfVqFSXLHxe/wZ1j2qJ1zVdaSkSD2HwDiReavS7Q7sA24GQnUrGGAS+E47VCzIxdJPaxeie0BxGZc6px/9AqXSd0EYwWXNYWfCNV2i6Bpu8HlLoChFKapC8/7Iq+xi/Ul1u2Qe54rO9xiUM7ETFUjDBINVh3N0R8BQhXW2211VZbbbXVVvueWfQk2xn0t+pb/mRL+ev5vV/NH6/6t7+ffvv1/Hr+I85XBqENBf+ZvZ5fz79wnn/jfPgD0vPtfMzhcyt/gVeulNPyVDnDV8oZ7IXy84v5hzIwY6ALqP+oJQgKVBFvXCNjmaO3Jr7imLbiyrVx8Ev0MuNfWAirsIfdtssvnju6ruKG92u0Erz057I5yIKiWs3Kqx+Vwsjm+1NHnrEQli2C7ofzyjcCVxVQA3CXWT22EIEfQrsTgsiVGJCR6KBOu2ud5uI4kOSaRgwSqMGRXbtHnMSbMrxS/tCC8SSbg9+dp+5IvUolaKsLHTTVEgsXr5Sc8zzP59P5aPbw+Hh///75+VmcoQ40EFYE0G9BqMRCOYwgoUJLqUtJPOCxC4lopwQ6JFFpo7bMrHAaimKeC3IKBSoCtNVjjBZ8kMwVe9HzKQEqKVaxqMKcmYmh5MIsJECe57mUPAn1UOIUMjOzqO2qoBwgEiYkFlIR4zxnlsiFiIAwlyzB81JKjm0nSqaWSSkloi4lKoX8FrV3ESZwd3aZprnrUt93RDDNMOeMeWYEIgTCh9MzJeIOcoIpl4zcU4YOZ5gLF+xQWJOdFLiU8TyeD+fj4TlPs9yQC2ShOnZps92iPJxhmUJPJCLR+my6AWkAwAgTRsbVskMq47OBaBiglKy7GkArPOc8TfM4jsfj4enpabvd7vf7/W632Qx93/XdMKQk8/OcM6VEHizNggG2L1LN6LgFtpknHrk9X8c+s0tlNtsv/GYXcOAiEy8At8UwGnQsrW0zqIvIdWAggrWL+4Y0V0oV/7yQAL1uVVIZdBjajpFLKnl7IfoPvwqwgBGwuUUoL59zAZY0EGCcrHWmLDZNFn/GgGbVhjCet4eCtbnCIiNLV/R5AACQswxynb6I6u4JWzAxvMobktouHczMWJlsmt4K4tFpLTKyTIFtjXh8QGMhNl2IrbqxiqXqrEhRUNSVvWUrSbsHSknwATIFJU2CrvThhws2FVuXRQfhEcgWe4CqWhuYeLH3++ztPYNuLqCV0YfhHEQNbxTJg/pUOn2hJ0WUcLOm48A1GGPMVZc4ACewWvUCJmzKRDo0QoeOXQG9K9hpjMOwni+ylWip8b7aaqutttpqq6222mrfH1v6bO0Dr/hv/eegX1tjBEa34fL8FT8wvubfxhvnPyifF/3Yt87jR6Zfz6/nP/58ZRA23qv1eD1+5Zg/Lj1fnueX0r+Qhl8uA7ffXaaJHsPrBeQrLklenG/S87XSXRdyY1/NqjLmtQsWJYlYv3uUFlfVM+6ftTzMd8XF0EqnSNjf1R8W3F/VwkVXtcWgCapnTirLxVL4I1hJ0TTerMBYqxBrDTse5I/cgosVhcWaGEyi3J6v1oZdFbcihTr0xwTzcRovoaaPCBnWkxFmszpwx6h5Zq1EMawdtn0z5GiNr/TN+qZxxWXfoI8VEFUGJYKxJsIFqtKpHYRBQegSX6+wti22f2pzlFLmeZ5nCW+XT6fT4XB4fHw6HJ7fvXv3/v27p6enUrJVLgsJjxwCBACPzImIQADGF0RFC4kwdSl1fdeRlQIN1SZEQhKhzySHji/G2jH0EABQY9BZF3SsAIFR6gACD0uBZXtJrYNSvhFFUGYWql/hrJHwBLqap3mep5KLIgwiTsqMzJUhg4hCr0Ps+qFLgzaWhMTjMpcs2CElEafV8hghLxGlYdhsNkPf90TUdb3An3Oe63AEoRgK75YQAbvU9d15Gqd5LFgSdZn58elpKnl3t3uGY0m564j4hB0CAwH1fUdICQgYxmm6f/f+6f3j6XgmgE03bIY+pcQIqSORUd1stsMwJGEoIjBDLjnnXHKecs6kVlu8ooMUsSrv5DoDWNtquD0ymT1EFo1XC09KhsYV5pLLNE7n03g8Hp+fn3fb3Xa73e22u91+t9sOfU+Uis7PAqZCIp9yXc/Wh0fwy0fcQnAIsB8f3mcinUhphb44VEDSHsv4Xv4rBxw4iT+OQPcQ1CVNSsV1AuUYSC9ugMFKfDPxRIUQSmHHKwpHMMlpmvXxYsHrGGnmV178W0sQ116upQEfZsarC0vcMhNnaPpEVes1rsRhkkWn62m7MSjdnKGZ2LlS57yNdNlijsuyLmIYCqTwEDUv4jIwFahjlSMGQCqYUkIEBPIXgLCZxDVRJVwpWyFRBTB1HanTf/ifdkvShzXSmz8Nggje6sKoz1XAe1Ltb+zanRa3OK6CtT/VS2KLYb0jRuy96Zae1jt7M5Mrbxs8JqTBwrUUJhDd7qnyMvqLBDe3s4vrQ/lYW74gtUt/KGf4j2qfIanT+JDeq41Ob28Fi35eXz/DVgLmwtLsLtFdtCxc2KWpA4DIIl/OzApEsimaL4fGaqutttpqq6222mqrfQ+s+fXmWmQLFamL47q1MZyvvxdf8V2/mr/90rydJuz1ffle6/F6/H067hq3/fq5fv5gPm2Gv5VG7Hd4rxr17LXPkBLMA2SeX8ejnGriuF0MTYcR6mAW8MPcRFcC+WDV2VOJK3NgF9uD7nvn3UNnGl6RU1gpAoHiU9o/zZtmxDxz8Rou52gle2WCeX716czHXblcbWBCfRCKd6xbHSA471hgAp3gMMiZxuqB6rrFhbA5KtUDzMfmDlBz2Vu6C2emls22I/lD+b2AuQjcZY1rHj3BHsD81FwzkOtQNVqjyBtwe9/4KTRVp9qZcBljK9KA1eseuqhJ2kbPPwAAY4HmLo7c5JzHcZymSTDC0+n89PT8/v394+P9u3fvHu7fPz895TyVUgpn7cCoQqK1pznOIVJuZEgYCloIKaWuG7pOLyFCoiRUQwcIBTlD6hxwDINC8ERCAmbouhQAQqlPnkvhPBOwqE5WfV2l4KgaapUHLAAApXApkEt2lJShjOfzNI2FMyLmOc/TNM+zs2NymUWJFQAoUUJCwflS6vt+s9ltt7vtZjsMPRGVwuM4TnmWwHsAgJgoJUCc51nC76WUmHmz2bz55JPPP/tsu93d3b3ZbLaCTBBB4ZKnWbBGAuj7vu/SeTwj4na/m8p8zuM85y7B03z8xduvHsanu08/IeS77XY7DKf5YdMNxNhBSgmHrue5HJ6O33393f/4f/7H8+Pztt/+6Z/8h7u7N3f7fdd1zEypkyHQdV1KSea01CUf7yJwqpECUyJWwVKbeBIRijrrQuhSiU0VlWNMDhjqkDeBZbZIl1gkL4O0x3M5Hc/PT4dhGAQg3O93u91uu9ttN1tQ/b0MCF2Xuq5LlKSPgoT1QpQYkWidi6FwKTKBgLBYRUVWCyYMSEZWfEh9+Bcwv1gpRdz7DYIBIl/JaLHrfEryUYu6gbLoCUMmdV4NC5HJNGscQaU3iayh1ruKExZAQZR94OtqVXdIsINOPntjuypBRXkXoEydZcgnJN9+Aa4scwXJEI6WVa/DPeTQ1xWLSBWD0Ol1rUBCUv1JeT7WdaBWa12tbC0Oz1fJhTUUK4MoEDsMVqcUhgLIMnkUZi6ZoXAunBInJIprsdBhbbeLSYZqZSIBAxIgysJla5xNgBXWrIqdGifQp3rj6Zu0gKw4FQmOSyhh044I2DSprn2gdDvL16sJHYNEY09fLKdoK3xbw3ZHmdsrUi+9Xdd7vkgcDxwvtA1SS+Dw8ljePRYiCk1p27WmOe+OhEsiMrteLPtuIVsHjSfKUBdauMZ2rXsoil1YXJZez8h+CagAoX1b8o1IkKutttpqq6222mqrrfaHNmw9sRh/f9QzLxw3eEdLWbh6PgiqXOQZfhJdv/bi/HWP9It+7I9I87vOYf38/91nB+51WT/Xz4/45N9LDi+nufrtYrPHZRq+nv6l43jV1TT8oSmBg2txEeANIEb4axGtS1vggu6furENnBX+06EfCHmBnrAEVCKDsHrXACvpq/WRqSYW3BLce8EDFbxdAhqpbxAAoHLeLlU8lXgR8/cojAs2pD34K14wbl1vl97JqwTKZRZtkWINvHDt5b2W4c2C9/DWhQ7WasUoL0MjNVUUxfIg24qFNciVcw4h1jxzrVC54zzP0zTNeWbms9k8z0+PT/f39/f3796/f/fu3bvHh4fj4SnnSbh14shXCMdk+MgYWoACXhtpy/hMQrMQNU0tkDPPgjKfUusoWW5YQVpwogbP8yy3tWiHxAwMpQAiFyiZOQNHsV9184pypyBb85ynyXmTpZScxQ/LmaFIIEBE7LrEhUvOzNyl1KWONI4Vi9imKA36+M25AEBK3TAMfd9vhs2wGfqu32w3291+u90RUSlFQigyUEpps9lst9u+78/j+fmr5y9/8QvODAh3bz75oy+++OKPv/j8Rz/aDdvcT+Pp1HUdISbAeZ671AHhNE5d30FHGcqYpy9/9cv358cjjE9vn3ebIeObkYc8jh0jAQ5pmMv+28O3T++evvy3X/7j//Hfd/3mr/6Xv/7bv/nbP/rRT4aUgGGe5+PxeHp6Pp5O5/O5lJJS6vu+H/rNbrfb7fq+R0Ii2m639tR5NkJhR4RABTmlRAS+H4KUTCm+8OI7HwKhzVUXgZzpGSbVRKQSqxXiLefzeRzHh8fHvu93u92buzd3b+6GftP3Q993XZ/meZ4mRWdFEhUE1ykMUBRFRuOJsVF3KAgP1oHPDn154E+wGbB5hFpqjk8XkrPNgLpRJD6+DndkKOjBUFkQOISi2rfAgjcyQLNDAV2hG1j4cwgARYMIVqTWDwyokwxEJbZin0v563a+0vB7NXRbnHmWV13GUMSq2uj4XEG8GYrVB7TP50FZFItx9/zq8FCOXPrSvsw5PKkz/0ipiaHYciw4OnMphXwekAphZiLC1Bl73+FPZ8yDTVzc3jnyRq88eGRVs0XMc6p0u/WnJrtcyG6/bNQ71WrxVyP/U2o7SDL4KG6DFjYiqJcEUN9r1eTsq9fFK82yjESLM1eftO66qbtZwON03iohAEDxIi32/7DPe6FafDuRPhchJaRc9aKL71CJ6qCyS6eiiLqpwlYTjnVvrEhG2w8g+00uAq6uttpqq6222mqrrbbaH9iiTxWbl9qXPMlYvbL+Yy7uOG3OX3y+mv8L1y7u9XrK9XP9/B59GoMQ7Ox6vB7/MI4D8eJqGuniL+QTP3+de1Xn72v523dh7N3yrC0Fr9qd7/G4umXtrB9AoBVe5h8OmnwcKeSQuEUIKwJ3FetqGDwXd3ef9a0Hh0oMwnBRLWqs+jZjrVZUhTxc0Bm8YpYO0+CJjgTNF9DBDzUPsbR8yqsA4Ss5GzJ7pVSXya7cQHh5t5HJKMJmQacWzmVcKrhZhRQuAhMej8fHp8f7h/unp6fD0/Pj4+PDw/t3794/PT+dDofxfM55NpZDIZVe49jNCMnF1rSian9li9BFRLXZMOATiv8Jlll93eEpEDS0F6JyAEVfDcFQkqJed6WCcYwTJpUgIqLyX855nvI8z0Vzc1IYmxQlE9JIyFm/Tx6GkU1UkJCIDJ4AojQMg1YIYc75eDoeT0dm7ro0DJt+2BBh1/UpJURkpK7rhmEzDD0zENEwbO72d2/e3AHA6Xz653/+p3/5f//58x//6Cc/+clPfvTjN/u7zTAQYJlzl7oi8oYEXeqYCyAD0Pl4/vbbrx/GR+yh77vNMBDBdB6JmYCwQDlP8yk/vn18ePtwOp7+t//6D3/3N3/3s5/+bDpPp/P5+enp/v7+8fHx6elZAGOB1rqu6/p+t9/9+Mc/3t/d9X3f933XdUQECEQ0CHpn0J14rJ1XvNiUQJRssJYFbCBpkkWXbMeCrQxhYpNuP0/zNE3n8/n5+Xlzv9kMm81mu9vttrtNMpMMiWSYeO/1/oWACaCSdMzj76OphGdhvIYBhqhv4BSqhYp1vKydDL1+BPYopNNioCShyJwK2Y1JCXRaK0nvyQzEmAiAoYjYJwNz0f0GivETAjPpmLNy8GKh0BUxkrElQQikh7bMNk0cENPmEdts2+ZlU01uk7aV40txZW2xPyFarL6w6IdogL6AtvF9wRhz4c6yclluyzIAAHYkN8VCSEnmxqoOGWILhpvEY0zpci9OXOSXNXmZqNZaOyjsKWrHvHb57ZXLE9xYdV5+PwkFiMXky2cJHf6a8vmNFye3S4Cwvb3LEdSavP5yFfl6XnTEUti/ZTDorgWn/cICHFd6nURqMNl61KDawIt5I1ZUIgJAlzy1BdBrDBAJCOl6g6y22mqrrbbaaqutttof0AKDUP6MbjaG1k977bjBO6I368Z5Vyi5kqdd2PwkveUTDuHUl77iF/3Yt9J8qO+6rauPSL8er8fQcRCw4kArWY/X4xeP+TfOh3/NNPxyGfi1coY8eZH+1nHM51oa5mv5twxCHXdLp+LL9ioU9AJqtfgq/hGoAsGVeI0+qISD5jyoFtk1dFAYatfL9JqjMBIbFujUsh6u3eBl99YlUhdK1d7OiEc11Fm46nX6IFR88mM8bksnr56NyEdl+Fy9aVNjH35jv/wyUNNLMLb5SUUs8Xw+Pz49ffvdd19/8+/ffPPN6XA4HQ/Ph+eHh4dpGvM8l5JzzhKArhKnXFYtgILKdHIPvUVzCzzD8J7VKteBAoTKeWp6aez0RAiQcymsEbaAUcgZCCRCkig6eKYmKtgbLDgfzAiciAiBiYor5HIxXzAoh9MCwJVc2EgnOWfhCUUaFlGWCIKewMuAiF3Xp64DgGEYBCBESl3fd10nVdr3w263n6ex5PnN3d120wPA4Xz86le/fPvdd9/+6EefffLpFz/54tNPPhm6fug6yLnkDAwddTlPSLQddljg/tu3X739JQ3YDT0Al5JzmREACs/n+fh4yKc8H6dPd2/+/r/8w9//17/7k5/+SZnyu3dvT8fj4+PT4+Pj8XCcxgkAUjSVOi2ijCr1qezAREJtLK6uicqA4dBnAs2o7ltYICiiWUgXk6QJYzZwuPcOIhKl3HEcj8dj13VDPwzDsN1tN2bTNPV9Z3xVTIlSSkgkEoc+7n1aAXPcL2djNo6e9ORm+rGz5cYY1DimdituLnQwG2u8Op06wjNL2FFWmiAy1Qh/ssaKNKv0WSroGEYBe1QA4MxADMBUVTd9zbs1mUdKlmshetHidpBaVzcmtOVSalCLZqV4aJzA2yuFj42oTE/FC7kmRc9UGhWxuTpAgqLJSQHL1InNaZFXasCnFJtGuUDLDzOt6LocROxHGGwLqHtxo4v+X8/7ycVrQHtHsIXsShO8LBXAYHqzNxJ8wMll5S1GeogyW+J7wuUqVnfPtA/+2mqOlVBagbwlpZKZscJ1zR25MFR8XkjHFQKO6YvGFLRRJAdF14urILGl5TCmli1IShnVda9NwNoJV3BwtdVWW2211VZbbbXvo1nMbob6+8t+a932J1cxGa6RJ7Dx5eL1a+upF/K/cW04xhVnWY9/iMcduj8bPSLIerwe//CPwTQ1f1f3YuTXx456ciXGzk1HZ7XoDH3Be/WSY+sWZMhQAxrpZvIlQLjYZR8BloWb9bo7MpT8wyVGo19bKRcW+Kqplev5cJsyPGot01X39EtNcYmWXeUU3jIOKRuv/QLug1fgxqu0j5cqtj5s04vaot283SLz9vjKyVyyYHbMfDqfHp8ev/3u2y+//PLLL38+nk/zNE7T+Hw4IGAiRISccyJhzHAp6HppAhB6GQQ2kNhv5pvmS7+nFjiEl0QNSSUpCQxqdN1U8wj7fSTqX0p9J6K5DAilQJF3zhh/C4hIADlBvNjZT73xxEShtDAXzlyYhTRYlA+HmDhJIUxQER8s6TgAACAASURBVEop8zyfTqecs7vyc845z5FN1XVd3/ciN8oMuZSc8+FwQMTUdZvtrhtHqYGu61I6P9y//8W/Tlzgz//iz/7qb/76H/7h7zfbzf/1T//3v/7bv/7zP/3T4fnwH//n//if/9Nf/oef/cnQ94iUCHJhgsRlopTe7N90kE4Pz9/98t8zTLtP73KZS5nTkJBoPk/TeYKZj/fHN9u7P/+LP//f/9t/G1L//PR4/+7+66+/OR4PzNj13eeff7bd7va7/Xa7RcSUUtclogQIXeoKlznnlJLgoKUUnCB3OXWJkEijqYF4yIU640NJDgqXKCxbWTYCpgIgpeUQQHQejpxwcVdKlFIipFyk3co0TuN5BAAk3O12u91uu90Ow7DZbIah7/seEYehG/oe+l7HFjMiIyZ1xlPTV+MoM4IhXyYIA9LXkGaWIMBiJ1u9zWa6M53SCNU0EwAhMrkkqUcprTAiAoigoVAQCzMC5pJjYpYgiQyuFKrDMcSa1X0jF1yuy+F8FQx7wZYgzeV6hDfqFgCFZUmk4paBn+WLw8ubeS4krGF5+xZUjEW9rAQiElJXRZJaZciIDgZaM/go8HiuV2upqZ9rbbE4f+XbC4vLiZTMViKrDe11TS3eenu5XG0/JE3ExhZprBsLEr4ECMG3NF0+VWh3btvAs/ZvtV2Kx//j2r6yIyQ0XMMCNIdHjGu7wIC9Wev7GDZotY7AYERxGw0g+/CrbMnFS9cN/He11VZbbbXVVltttdX+sIa+jVR+05pPFV/02QY/bYN3vH4e/Lfgzfyx9TPf8gnbT4Y/mG8c/0D3XY9/wMcd+K93+RW8Hq/Hv6dj/i2luXEMv4M8P6ic/nkrBiFEMIabAnN0HS5AkeX2f1zSUhpuwcJNBoAheI4FC8QAnpkz024pHmTPofG7wet2SWVwBDEEumvBnvo0HgCv3vCa03CBDnJNj1ePJZGHhrrp/YwVvmBsvMza1FvwspWh+mfZnZX2LsEB1/PylGsPGEsI3hCsOIDVLiKUSo9A10jj2h2vPnirUVapPN5PF9UIAKXkeZ7GeRyn8fnwdH///t27t/f39+P5MM9jzvP5dKKUupQQcJ5nsiCYXCD4UZGAQiWDpjDeUrhjkcZAB5AQKwwAqAxCRIlcJ324hIEWvcOO/xWjySIhAQHqnwJfOX2t67pECU0m0sk1hEiUqEtJIiASAiJSYoBSSp5nkTJFA3vkMbuus/iDglFBzlkkLs/nc86CA+ZpmkrJ41imaSQi0dWcpqnr+5QSJaKHB2EQUqJSChH1fb8btrv9/uHh/X//x//zX/7lX/7sL/78v/zd3/7VX/+vX3311VdffvX111//4z/+4799/q//+S//8ic/+aM3bz7Z7raH05kwJUiHx8N4HHtO+7Q9TDmfJ8aCCTGleR6ZeNhuOurLWP74Zz/7T3/5l59/9tmv/vXLh3f343kc+u6TT3+629/td3fbYUsSyZJBiidOcKmjwpxLdpxMvsqlzFNRdh6SNBARAlSoT6IPBvYheuv5NKV4T8WrtKtI9xKB0OVoZShZdE0JE6aUEDDnPM9zmcvhcDifzwISbzab/X632+261A0SH3IYJFQikdIKiUAlan38OItH5hBExykXhcGwSijGFmYwUQslrQf2VYDDRezKpkzNIzLaHdjR0msYm9DhRLAXmJmRASWiYiHlMSMA51wSEErgPpuu2AiRDKUAW/xIaRriWiVxmePQUFjxk49BLRZzGjPLrIgXk6hPK2hTBAqH9Roud5WLVnEi9jmY0eLv1ruEWIVNEdqFNe5nqcQvokXH8GESwXL/9DiOjg8hYlE2bXPTUAkXiCBzDKmHlwkuT8aXE29ImxgDJbOuyPFtQnHkFi0NKw7ii32gisQucD97HARigdoNIgyLLANDzux/eY3Gl7Ja0LCU+x0Ks25hCJ+xXfKcoQZaDC8GWu76HwESpdp6hFCrwms9grzXXrHqTCjtUpC9m9aZpHB9Ir5o4tVWW2211VZbbbXVVvt+WBXfhxqD8FU/bYxB6MfYpEG8nt73iL6QP964V03jP3W+J7739Xg9/qBji0HoaPn6uX7+MD4jS+/ap9jv8F4WI+j1HELKWqZLkIbjH4vt8AssDY1XddVp5X9e3apv2CC2XjXxRutmnCtOu1/LbrEZIDi5bpDzlt7eC0d2ncyu8jcsz+bW4V7XC4mhSiuIy8umeRUj9HLe+qrlbVz9lq98Z099lW8UzrNDg7ea7tLxfe1bDOgGgNHaBB8jojnnOc9znhm4lDKO4+l0KiWP03kaT/M8jeOYUpoREWAWnhwgABqPAhAoUUIk02Fjfckq5f9j7123JMlxM0EANHOPe0RmZfdILWnOaObP7Mz7v8WceYA9p1er1b2rKrPyFuFuRgD7AwBJu7hHZHVWVWpkqG6mBY1G453m+PgBiDLRPkOxyWbcvhb4bYcrGqoULYDOyo0ZHHip2RJ183HhnMkREQeSgnBhtuy6rktExvu06DLFDLojQqLkb02eecH/3IViKPG7rjN40Epr3MH2T7s2B4eqmnM2i6PMMgwDBt5GSKkjAB2GwamHAJ/w467bGcXz8urq7bsfn56e/vo//83Dq1f/43/+jzffvfnhhx+OT09//OMfHx+f/vIv/+r+4QER+r4X1Z/evtMxX+8uX98+XAzdx/FzBjWjrCrQdT0BHT8fAPBitwfRv/vjH/PT0PfdzfX15eVVt++7fpcoqUDCZBgbC4O3Suq6TlUTQKeOvzIzM5N5YlQ1YAPXoIF2oM4svrZrHRlRVcJG5wTirkOlxfsrxcdMhqhaPn3fOzDDknMGgGEYjsfD58+fzQCpSd/3u64Lp4pmNhaBqJ2ALYoZEbOTEBCzLIaXBgTejHQq1LpAZVpAqxLvtHmm2Y3KUqkqBi8uFzTLEjG47764gAhgcrOWqo7MWt7Boy3N6AAhkePWs06csrRxpfyThegLpOVFYWlMnTWHryzldoW1oAI6s6M5K+UJ0Gm2mXpJJgkDOGw7qwFvo01q+vaR1qpzy5dtGy36xQ1vIpG0pzBONOZkIyiDKv7EtVo/2ynTjxZscprcLUdSZmehpnsjtn06b+Ew1Hlqp7PFv8JsOjfs2TbylOo3WRZqizf0zVn7zzql2a6j8u0aZcdTgtbXrF3NQoHrQ2itkZfJPCRE98mrtr9BwYxnS88Lv2o22WSTTTbZZJNNNtnk1xKcamLL9zFOYs5cT/CO5vpUfGUzLPOMmMkv7FM64fgRv3L3rB77C9L80jls4X+40H0QKsAWbuGXhPpn5gAvyuF8mvnd4lOwjvCVHHQ9/bnr9ql5GpjXRRd321I9r4KZsWGWCTQ0mzNy2xk92iTzBh2cUwOd3eJ/zMGzRVbTrXt2OQft4s8G+zqhr2xaqdS1/F3/gwI1nmAZTJE/mCi+19N4ooIoBGCFM7XpM3Ka9VCAieXboWmtEtuAhPblocusceoauT6AJY/S5PMClEgFaKCvuaq68nkcelDX7SKYjjslSl1KHaWO+r5LiQYV5qwqzCoAGl70ABGVNBz7IZBQZ0pSEYFimFAFQ7sfo9zwHkQy+kMMDq8VNY2mRO7vE4HMPZU6u0X9MxORMEGxAmmsP6RQOjuBKvinSkhjSokaq5GRvwOxUMmHkV1CBwSB7A+iRC4ibPUFBBG0GhpHre879y+IwEFJMbahqafHYQREZs6OjQGzjJmZs4oaYVGFx+HIImMeDsPhT99/b4S///a3/63v+tevHh53/dsf33348GG324vyzd1dt98NIz99ftyl7vXDA1L++Ljnn/gpHxUBlRJ1hCSjHD5/3uG+S53k/NNP715d39/e3F5eXu12+yGPx+F4PBw/f/yMQHnM4zgAAFEyj337/UVK1He9metMhroCQZjCU5WcMyCqD0hthuLKEK5K/Eb/joBIBAudfbsozbT5dT7GjCnGS936n6jhkYcnOR6HLiXDO/u+3+32F/vdfr/f7/Z936cupZS6vjOk0HBhCGy4hSdnk91PBgSoYJS/toTTxafo+X2FCLTE48qMXj3TsMSflis6Uv2NpKpIBCrmlc3HfMw4KA0f7RpQv9rUfqED12XxTicAgPV6RWQw9DS2HW0X0/lKvmB+Y0ndrDNQj6VYRlryq1TmAP18LZnuhPXFheTqT8VyX+3EQn2vHV5BVSRSMQ6YU5kLeQ2tKw0jL2ZIWzhoanO7oM9uh9ObRedpnuuRFgCe9IVluwC5a4ZaizQJS8+J1ieiF7BZ/AsxcE51VzCGX23tZWcXhG+K8hWQOzjAE6JziwXamY8WLQzEMypCeKrBoWxF5Zn6oVLaPNpn1k0lmdbyz7/RKi4KzVdvHQs2KRbnCTbZZJNNNtlkk0022eSbkKn2tf5Ie06TjFUriyUeJ7nh+rPx3rP5n3i2CeNdz6fcwi38hsKuqM23cAt/zVC/gTz/vDJU3eGZlNCk9Jjp2fPmwHwkrmY+1xVzGpbl5nSEYBis7Kyq4Or3oqpeHNv3mxM7aRP8rGrZa85z/oFfYfOiObBYsjKl8lLBm9wSXQsTWiZumNLUoBYdtVjRb60yOl6ioF5JN/PP9/zzK1blmjZ/RuXqtdOJDnTybgMyyijSRqMKUJAHYym43bhiY3YVLfBn3WVfQ7wAAFCE0EWXQpiBQ/ct1/Xp8nJ/e3tzd3c7DkfhQXgUzq6AFFYVBAVVs5vmBiVFvTTSku3MsaGZ6rQ2UBGpAGECVW7xS+ufULUqmoc6YLMeGk7nsCh/AaDv+6xjUfwGeJOMAriK0BdoBwI6QJwY4nUk0vueEMngICJKlBJZyvCZJ0JkPeSKZhODoIyLxpKNtdYAUTuixLudQY2qOuQxrAuStV5Kqe96UDk8HZ6enj4/Pb7/8PHtu7f/79//3f/+3//r9as3/9d//+//9W//9s13b/72v/6Xx89P79+/G8dj16Vdl5S1I7i7vk70n66vd3/6EQcZfnr8cJCRsE99NxyPh0+PfBwv7+8vdhdXF5d/9Yc/3Fzc9KnLmd+//+nHDz/99NP7n969f//2p+F4PB6OwzA0LUyXl5fX19d3t3cP9/cPrx4e7h8uLy/7vjMnjwAogmx2QwHNt1fVYhcQv7GpOONaBZaNXdeJO9BrSDMNYNYygSwHg/PaydWuhF3qSgcx89MwWnxKqe97651CKNzvdxcXF9ZrxeqjORQz5Jmcqt2CHDGQvACCALrwDNqM2ILKuMVAn8Ya0JbCaYr2UgpAiO4ltG5KXiwVCXywFqdZmRwTURGdrn6rQOysYLO+QMSpwcvzZV7cqGS7YpgGFSYocinjkiPoDzaHLDyy+TO2CS07fCzCpTkUUGM/VajdMmsea7rJtmr/+qGKplRQjsyExVhVRRFAa3Z/lkVm9gP8VAdM93eqw9tPMiEWpjjEEGpbZlVO3fI3nnm2gce1QXDL8/PvJQybupPBozZUWkpfeXoWWa59F2JePthO/9bWa/tSXzHaWRt91B4CaDHgE+0g7XYza20FsUFe4EOrWVn3OEtwUMMZYQDCVlpW9vaF6cfhlCt52tbAJptssskmm2yyySab/DYyRStOXS/D1ZQvyg2eyfn8u+a64t9c676FW/hFYacBWWzhFv6aIXwDef55ZbANxFWFp1LaxjZ/r66SOSxXt3U4x95UV68XmUzSrFP0anqYqLpMtVQcdC3KcEp/tMAvT94qZZspiJfGvpaVnUKGoblsdK8zRtFZteYzqrCZHnBmcOxMFzQZzJHaotELssVJjWoBMOZ64YifoyXzuiEVVbVWJSA2slrZeF6DjFFCa3oNtAaIEBCHYcAuGekNES8vLx8eHt5892Y4HlEZQRFQcmbmnEembEQsFQWErusQWVgAFEnNJRNiIIhG2KptVUyPAhLZ3iXQVs1AUDRTcABmnlQKkGmZ2J5nf+WcS6sU+gtzZpYWCGy7r4EulAoIO1XsBgcXRRWQgQEUUkpd6hgN7mKzL5cSibXmlH9j1kmH8VB002UQGhZFlESYMJkjRiSLJAAwZTeh+UOklNL9/f13b970+50oHIfh8enx44eP/8/f/fGf/vEf7u/u//CHv/yrP/zNq4cHImAeQLnraNenvsM+pYt+d3N1c/np44dPn+SYQQG7JMeRj7lPu9999/v//Nd/84e/+MPl7lJF3r5/9/333/9///APP7z78Ycf33788BFYOHOw7rIZdEUEEU2J+q7ru3637+/uHr57/frN79589/rNzc315dXlfnex2+2Me8lScdm5Hb9mvq+AKABmkRWaFo5bdWqUpis2XVdXzrYjCgZgtlLtqXEcx3E8HA4ppd3E8mi/3+/7ftd1iSh1XbI3WkZUx8z0uAYigADibKeYLozmnbFdKFRae6GqGL5Il0vuZGF3u5SpkKzMuaO1X8EuDcYuvLfWNmk0jhfZCLJTCBPCfO7K5FoAn3WxfNbs4RLbq6u01ScQJJ3kXPeaghNPpnDs6oZazXaTdn1uy1fhVPcQGbusPztZ9ts1ucSXdlh+A5TaLSNTSrNNasIdXGwrq1hUm//yFT8DIGyLemrTme1T8w4FoIUR4DaHptbSsP7aENtks0Zu41fXkGe7gAKQW23YZestGqShmC625llbzSmnVhip2/QsE2+B+EadwfnlTb77rNgm2GSTTTbZZJNNNtlkk99SpnpUPHG9DFdTvig3KNY3XhqulmSuAd7CLfx3ETYMQjcq50qMuN7it/hfJF5/gfy1ja/hy9J/8XshGBbn0oNGoohf7nmWxv4KuKvChA1M5Sofckcy0AJmBT9TAJW5DpEM0kGyUoc7oqqbxEbP5Zdxgr3RPs3lhMrSQ7u5VHl5vkFEUS2ojb0KRQvstwLIYXWRWD8b4qVY86nPTko7K+TyVqtIPU98OSNLZd8CnFOAdYUghF5zpn1eLepMP15unlLOrtZr/udE8RoxPixNy+hwizrnz0xH7m9vbl+9enV4euqJElJH3XA8Mo95HMc8MmcRUVfHK2eUJKDhUFBi4BlA6dSWAP+cjmNG47zHVTR0ru6O02cBiooBhIBrUy7miVddVNqWE5Y1jmw1xYaohIZTVlt8LUKo7vTJX85MTKPnI9rMaEcCyC2immFMTEJQaSI+VW3iGglN1QpggTs/xKIjBhzQPDvaTIPUd6nriAhU9/udMIPqx4/v//7vj58+fvzdm9+9efOm7zCPBxF99/79Dz/+6eOnj4+HT58On58+Po6PRxm5o07ymB8HEnz18PoPv/tP3z287lP/9u27H//0/Z/sf99//3Q8HIdjHnNCEmbjiYpkK7l1E2ccByKi9ESfP39+9/bHf/nXf767vbu5ub69vbu/f3h4eLi4utrv9/1u33VmqNPsvxrICqFVR3WGqlhfEJGTohQEBK2TFtTqdjIWRMQadjk1LMaRAHWOLQEqAjhM6K4isznkzHw8DkH67Ha7/W632+26rtv1fdf3fdf1xielUhIyUJ+CdFp2gvkaEgX2EwLgSy0YGtWiKUZP9KWsLI+KwSSb1BKdOJ5sBiigqjk7tIToU0bUeMkx0oAIff0uq40tFFS2o1L4srpAlLHUAmPLaMt18oxLu2qtYvltL8dcr3ZC647nRaXYJLBs283yjM7VK6X0FnH0xcZYrfmMCNqw9suHQFO8Fcuc7R5RINLV3WQV7i3cuFKWFjt8FoJavmg12Uvk9EGfmnM745YQYGm4UwekAjDTYBWubJh64gumPXgxq+/i02ues3cnQtPf7SGPGk0p+YiCZQEsKJ5uy5AuoweCGKlRl5JJtaNrQ7utRPOCUrtq2X2aCFb/3GSTTTbZZJNNNtlkk99cWj3q2euZPnb2TT3R3y7iJ+mL0utc/hM986n0L8hni9/iv7H4LtS/4Tst1PVb/Bb/i8bDi9LrF+UPbTx8YfovrpefCil1WaTX6vSsiV/qiWYytbHWaNMc2FB0m1czWltLqZlDd66FDu1mKMRDM+u62ahf7MUBtMWLSkkWRZ3s4hW9W1VHLiIbTMv7RFtNbH2wecFUW7em85wVatoak/j2xP15+O2MVnqZclWluyzoTAJGktqIOh8wswJP6C8LRd+sMEuw5LTaV4tN0QZPMKxQzM0VOysIu9Tt+t3V1dXDw6s8jPuu23Xdvt89PT3lcRjGYRiOOY/uzE1YJOechdk6SkRVVIxJqDoxDRdIfkCUxgvCAj8U8lXByG32ga4NjMjS1f+Fr0Ok5SOzjsF2DoqaOyt7DaobL7RGnowpBGcvOuSBiDmweCqJsLQ8EpG5ULSaMJPVv8LeYfgXDRcMK3YmY9PLDvwDEZKIjOM4DENWcXhqt+tSSl2HAEPOj0+fP3z46e3bH95/+IuPH37aX+wy86dPn358+/bz0+fDcDjy8Pnp6fPTZ1ZGFRaBUW4uLv/q93/4/evf7ah//+6nD2/f/9M//dPbH999/vT5cDwKCAHtdzsVBRVmZR5ZWAMZNWwVkVIiZjocDh8/fvjhR9zv9hcX++vrm4eHh9fffXd7d3d7c3dze3t9fb3b7frdrgvXjMYGNMIoAopKdZ+manaISzdDVbvP6G5IRIWR0yIuLXbYauQxQItY+s1kaDIQQjWbnUMRZR4RM9GYEnbdsev6rkvGKNztdrvdvutSby4tDTg1vNCh3oSEQOUUx3zWl98uFbous3+yCrnl4WLv006WVDuUjZPVSQsgAQgIUCLftcDRZ0EyvCw8sRU3h3V5se/MBKSN+7fVQySz9WdaQTUm4sqSVDPB2UW7vmGwMm3u+v5ZuIB+gAXD9OLsPWGpuBxGUY2/pttfOWUwXWlVlCY5TyrS8M/SDHya0b+WMavstNl18fhYv3FWjpJ8HUjoDGq4ivzNarF8fNIgYUZ1NcOpyLLFyp8rG+XZFmiHVjEx2jJcQTVA/MlX1kpGSOUzal7Rk7WGOLClUS9tEL6ae51KpXaTTxpbGdyrNM6ODS0a/rkv00022WSTTTbZZJNNNvlVRSf6VWz0w7jU0zY6ZKzxiDP97SJ+kr4ofc/ph7GNb/Mp8ThJ/y3p4bf4Lf5MfFd+OTp+OA23+C3+F4pf9f/3Z+avv3D6aTws584yfYOteIyeMOVUTp3PsJy6Oxp2UhgxU6WVJSnYWasT97DxwESukyZ/Y1XFetW0OKRb2OBaqsNWFbWz+DNqxLWmKHQsiDc2h+ujoZZQ6xe9ZbXMq/rKM6SKE7KuqXx5DoX4slR/vyg3h4m+TAu8lnmLY9UoaWhVKcZS13VXV1cq0hFdXVxcXVxeX15/+vTpOByOh8PheMh5EBYVZsnDMOY8COcwQcnCXFxkGc8Q1Ah3qkrEXAZ9YQqaWTknd0UzWKLAkOaTCAIZWXJH5o25PkshgCiWybzQ8oBBETl7BVqNLQYndEIAQiRMgOUYGzrVd1aqcGNnhjpT6ihYujO8m9zsaGdAKxEmRh7zp+NRhDOz4Qf7/W6367suHY+PP779/v9OXd93iJBz/vDxwyjCqgPnMecxj4C6+7Tb9bvr6+s3d9/99e//8u7y5vOHT//447t//ed/HYchUbq7u7sDOI7DMAzD8XAcjznncRyOx+MwHMcxu81PURExy7RGDTQffkN/+Pw5vX///ocfv7/8538yKuH9w6uHh4fbm5vrm5urq6uLq0vj4nVdx2x+KJGIupRsQDCzGY/1RoxOaxdVQ8gMa2xR/5VhUHvVer32o8PEzZKYUkqJ2lGnqjkr83A8DsVV4W632+/3Xdftd/2+7636pSkoJUImQkgUrD5oweC2hAW6mA0VB8kAKBai1ttii3PMSJOx7LiL6kSpRf7iaIqaU08RDZhwkuekHZvNaCntLraEjlbXrjOnLtpalJnl/ZUWWU27clbCQqO3+VqKVZmABYBZrI3ehtFQZRVfbYG6Kqw30bpv3TMS1mKp9jVMOuiF+/IZAK+VU4jdJH4FGdPl9clt7uyW94INjmYDrF2Nz+ewSiyOi3CEjKuHcmx4kYJmLu5y11uynFGYTSLbVsi46KcJfnE4pompyx0CKNRl8GQOpzLfZJNNNtlkk0022WST31DiaKeGarBoWdv4ZTh/qtXfLuLnOSN8kX54Nf2Krvgb0cNv8Vv8mfjNB+EW/jYhfAN5/nllsCnl2qJTKW1jm8ZU7aVve9iYO8OlKrhojlxZqe4CSiaaTYwT4hAMncATShhcKwMIG/tmGDBmyUzb90436YWeur0whLJBt1YYbCsbf4U4oeCCrcKwpctMkq6rt1q7kqoNk6zBhFaUYksotCgWn1WqnoOapu0zoQWdlWpgbcp+qBYCT1iZw2YgncI/llraNSKLtZ7Rs7CQ8ihaXxE7Tbuuk90uESXEjtK+313tL2+vbz7dffz06fPT0+fHx8enx8dxHHIecx7GcRjHkfPIwsKiKnnMnFmE1Qe2OSEstk6VeRQxZELM0aCqFn9MVlMRUKP5BeCtCoqz6pdxOEFhg20DANKMFmiar8zlguo5/Si08I6sqJT7rWZXHXEK4EmlUCJJUDWWJK/OYojENDZbwUBEZUi1nU5ESIkwdZ1GK0mYHFQi6CmBJlEZxiHzAN6ObpMwEXVdGjOPLFkVHIQUIkwZuo46JX4af/yXP73/07vhOD49Ho7HYbfbi+jhcHx8fBQVQFDVcRwRYb/f9X0vciXCJuaubxyGYTgyi6ogYtd1fdcn89bY9X3f/elP319cXFxfX9/c3Fzf3Nze3t7d3d8/3N/f39/d3l3fXF/s94gJABVFbc0DQMKEFNQ4hGYhEmtxVQXoUncevLcuxRWeTU2WwF0AGg5EBG4AFlTYLOm6O8+4YoMwh8ENkHZdl1Lq7cL+6FKfupQSdZRSomQWZctRCSjreAv7xamOujjidGzUMzk2MFURSUFF3BQplFwQVVGBFNqFE5odClQxShIuUednWWIvgwn8NoMAV59tTofgbO94iUwcLtorYipO3guqf/lEIwAAIABJREFU4EAaakOdr/96UeXUYo3WjLO4ySbiJlvLEJxJdfW6ss86byxMLp/D6rSSv+bnXU7vkqsvnb69nT/rCc4VSuN4RHzylL4sLiGhUNSnINhs42wuz2yyp8DUFSOuJ3JYvQsNytuGtrMIQqEo1z2kfH9B0QxgmFRfwIkFzW1IkBPgG2E+s8pf07A8o/EBhwCgImpcYidkSqMfKRvZJptssskmm2yyySabfHMy1a/iietluJryRbnFL+eXa4ZXSwJfksMWbuG3EjY+CLdwC3/FcJVB+Cvn+eeV4ZlTIRYuz6rAOjo4AZBWlVbFD1yjW2uOnGt5jQOBRDQJoQEK22wLxbAYtQKY2eOaFbWNOXXLNXvPwWatYg8L13lKJ4h/tNEWvpRXoQ2FpUHLVhp4CZLN7p7BCBc8knWKw88/qj/Pfx0XXC32soTt4+3FlLdR66IxhAtZwnIQEXN71qW07/tElIi6lPqU9v3u8uLy+vL65ubz09PT4+Pnx8fH4XgYhqP9L48555E5m2PCPI45szCLCEtmySLMIuB8JWZOKmxKc1H3a+cYTIiIioAKGEDoIADMO8vsiDLLeus11IvQ0k91slhabNpE6AO4nRKnehAm477M7Dq1cTrGfXEQBOAZajKbg2S2KolyzhFvUCarioISUsBWzOxEsAAIlRGZU2ZmBcWESABKiB2mnrodJBjl6eOnfz6OCuiPAqb0BArCzJzD0aAWS48pISJ0XSqQkhFGOfPxeDwej+bAT1Qky5hHxKPb3Uzd+/fvjXJ3eXV1c319c3t7f39/f39/e3t7e3t7c3NzfX1zfX3T9z1MFO/GVGzmiDsXUFFRBSHBWIpPwScYXb8cP22Di5Z1qS7dOOP9xKCyujOzQ4zJqbcFLDRLsLu+LwBh4ReWrYGoGpgto9Lyn9GwRBjDau/sbAUW1muZ3ROsBRAV564Ky4kB60cgqlZbZwxFbeyLLuXl5y1OrG/lbikWLJ8I9CkQ9wVHbU4sW2B4s3ab3VuL0+U+sl7ByjSdp5nwKWl9DT/1xtnnxKnCvHBX0tPo1Oqhk7W7k+ML7ZkVESk78ak1baXdTt6aI7k66fxF1Z7ZwVsMW5bnbErDkg9CjTJoMzTsKTdmWwjl7ZuaYamzok7Pl5wRp0TP9yMf//6VGsz1Fay6DMEXf1Vtsskmm2yyySabbLLJryFTtOLU9TJcTfmi3OCZnM+/a64r/s217lu4hV8UdqrlkLzbldqut+uvfw3zeP0F3vUz8nzJ+D+RBl743lCyRnxjk6pVmcXe0iqJVnRwjcqvvev6UdcgO9XI6ERFs0yEdFIbvqYxnAFRpxhpC9QQGhXUTCG1roJCLIrLqpMvJJDQXelUEfy8LJSA9dlV85IOB+m62nr1kRNyRtH5FU7rn2F+eILQF65iga36eKnfL6Usz0VY9ZWIqI3vt44SdjsiTpQ6TIRp1+33/f5if3F5dXU4PD093Tw9PQ2Hp+NwPBwPw/GYc87jmMdx5JFzzjlzZs5ZRMY8Mo8sY2YWYRERyZxZ1a2Minp85RmGJldEmVUFMJx7iVb9a6MfBwl8MJqoYOM+gtGpgLOm9rk7YyUaV8pvv1DRqlApvOBnFZoJvjJQimuxGTy8PGEAgESjAiRKXdenRIiGmEmj9Y41iZAwUQqLiIoiipQSJcCknIkwIXVAKMLD8DgMn/SjqMGRiYyNpwAKiTClZJOYEqlSwYwAKCU3KyqiREhI4zAMTigch2HIeeSwJcucOfMwDAhAKfV9t9vt9/v91dXV1fXV9fXN/d3dq9ev37x58+a7311dX1/s9/2u77veLCcTGsUHbFwUb3YNtr1uHrBMlvMTtQWcViDhYvzV/RsgOA3XbHOqeWTMeUREM7aaXGjX7/q+7/rOrI92XWfOF/2oh/kojFvTAdUghQ7CKGABAOI/nxdi9q61nnQpIz+MUivr/AWRMvaxBkqJgaUiLDEpp402Xw8r62tGBbNJ0MzNugQV6B7RycyLha3JuUH4ajsEgDknL073FlvupezvTSvU/Wy2FcZbS4Nr84HQJgv0SNuconoNF00nyZbnPJb8yxm+BTOxopXFquy86xNB26+dKc8yOqa+zJvPPFPWmsYCbIttOMI0dHnea4sp9fyOGfsyLdbquqGvPlVecYK+iXE5+9qp7EnE+t0V99pqlI9AWj7s7hXjcFcDZ3tKX4KmtV/27IKh2zIpjTSIvjQ4ffBkU6xi3ptssskmm2yyySabbPJbSflZBaj1Yxrjo7fVuwYLyr97qz4Wl/rb02kUNRwIvlS3jOd1xd+QTn673q6fu+4mGpEGI6gje4vf4v/8eP3C9L9KvLNK/rx8FII7tJZeUXEaP/dJtgYQNmhNyXcJ2rVKKKj2Qw0MBKBq5RAreXABfa2acTtFpzvvkK/oxfzUTKvybbI9IbUiDcJVNHSqrrCteZyF61rN8iT+9CNtLUthXuQ9cRUiXXtvG76oHO3zM0x49vZT/JJlVjP2zKp5QJjYuNQCQAMUkFgMfjGEg5BIhZEZEmHixF3X9bvd/uLi4nh5eXU4Hg/ujW44Oio02L9DHnPmzJnFTVAOzINoHvKQ8ziO5gUvixS8kE2dKhIswqgKM4t7M3RHhiQGA4K4mc1CboNC9Aw/WeioQ/i5RIXWhVb0Mk6sOyKBQW3NaEcAlXV9q81ndcVtUa0vcMjysjUYe8ZntYvG4CQAgp0MANAOOrekqAZ3OO+PiFgYzC5mSsxi8A4hptSZK0NQYBEARFEQGY4jAAIlSsSGxSqmrtvv933XIcI4DuOgXZf6vss5k5EHfVAx84iIImIUuq7r+r6/vLq47W5U9Xg4HI/HcRyZBRQOT4dxHIXNreA4DPj09GSYZNd1+/3erI8+PDy8evX6zZs3b968+e6777777rvLy0tKnQImwCzCnA1ZNoDNFpNaKlu7G75jbdXFWYQWPi9CiAgkhsWVPBHN752qUVoVsCLVpNWkc5iARQMLEeGQUtf1hVZoBMq+7x1bRUmaNM2HQTsYbFdDRAIyiLJgYyICCgU49IMmSI73tGgfOIq5rP6pJbFSBxXUAWRsPcjOymnTuTxd9sFmRSo7nWEbBilJLO/marQwRVsEkcDJw81GprWQ9oCNw1qqFpU3w8pI0FCQNeDCdsad4cAtwBuYzehSfat1tSkdJ4CKH835dnB6zZ+8d3Hf3+43m/GztinNDR1P+9AW/+LNsfm2mb8uDqtgeE0FIjdUOy/Y/E0rBg9Wa9RCiS1LsqyKM4Jjyac48jwli54t3zZuaLcAywgp1tl2rWh2lDhkU6cerHDcoXz9YGxJC1mOK9UylUqjKSiGJe4yidYruMkmm2yyySabbLLJJt+a4OSf8kt3drtqnJfpYfLbZD1+lh7X40/ph1fTn7p+qZ4ZvzD9Fr/Ff5X47sQv41M/mLf4Lf7rxOuJ+D8n/9PUnZPxLxn/eiL+he9dKLQ8asWcVLOLFKqToTNLJVf7bEEHzZQozHe/+buIyHg2swK0ry5KtGdZg+cVTNM9/GyyeW84J6UBmF+S06QKy0KesIQ21dk1FT/V5qdq4Zr1L6AbzosNi4HZgqKnijGhe04LX6zIzjJcVYwui41YFcUFRDGcxjhtgc4pEFHfd13HzJm545y6ZFSnvu/H8WJ/ORhxcBgGzpLZQUHOOWdmzsMwDsNhGA7DeMx5GHPmPGYeecwi5oBQRZlzFmZRM0QqBeZ0N3esObOIJbERqCxipizbgV3BTkeJyvZYmYKr/VjVypU/M9HYFnR+0ceA5mxqbSy3c+08GWhp87Z2hEUSKoCojDyoJtOVO3bq3Mnk6QUIQQWEAYCQUt93LKKqiYi6ZJp25pGZxZTilICMtUNjHsdx6JI5z0PJnEc4HhEIKaVYaoDC8WkK1BARh2E4HA7mg7BLab/f7/d767jLiwtmMRJhzplFFMB60HDEx8fH9+/fv3v37vvvf/iXf/mXu7u7h4eHV69evXnz5v7+4ermZndxSV1HYY6zwMMimlIqA0BlghbMrCUvD1WUyaUipfeJSJqxU/yK2fJlEF3blRPEzl8EQYHlnHNKiajOnWKA1I2Rdk43LCVsbUuuLgsGgRdMvT6iqMClagCg5pMvXK8F9KINlD4ZjIvFxDEhES41nR1EaJ+3IrUDPkZyY3xawU+EqrYEOy+Yzz1RQeeaKwIawau+WqdGFOc72tKiLKJWji/E7rDYzxEpfO1hGBPAGCiwkHYYNBCjLz1tzzW/cU9mcmpfq0sc4Kn0q5jl9DVQqLfLlXD5TfKSLe8MqHnqiWWCtcQnuXHLffzlNrpnacopLi8Y+nicAZntjCAigMm3llkd1VPt1qLUCraGv6Rs7Z8Fl0VUmh5jPpFDmU2bbLLJJptssskmm2zyrcjsox/P6m/XfJKvfwCfiZ95BDhRkGfzOSW/vR5+i9/iz8S7D8IY2Vu4hf+BwuKD8GflYGJex06mrBZGa3yV2fH4Qt5y72lQZ2fDcHIt4oT4FaZFkRDDARZONce4kJJPycTfFt7bYH4HWrTphQDYSzG9U08huq640V950yDA6v5dfbqVT4g5aFrT1m8MxWKV4GfBe9NHMLgEJfOTGU7QhxOg3br+dM3iaoWITtgXXcYsFaahSjeUzAdhodxVoipSjBdRJCQ3PEeEmBDZKSNIQIm6vuu5F2bJPIyjSiEbSc5mZzSPw3gcDkYiHPOQjT6Yc85Z2EiEwpJ5NOeFzDkgQaMWsueTHXhkEUVAAcNdUrFg2QIzBXawaFWvajHpOW/emWbcp0fypnIG4QQvgelMQKcGrZxcM3VtiT4F4s57Fp2TCLEYiTAAACoyEEIiSoSoKAwGhUhmTJQSqqJ53ENKCAhI48iogoiIbMuPqGZWUXE8FhC9jxMRKYtyFhoTkWRGQkokAMYgpJAUeGFL17PQ3fIxG1CGiN1utwMUkd1uxwYGq0bfioLmMR8Ph2EYPn369Pbtj/v9/vLy6vb29s2b716//u7+1avb+4fr27ur6+vLi4tdv0uNldHJoYe6wE54OQTzmYX1HwXvpAZSLmQqdFPJwc+D9ohGoQa51VFb2SeQtEHdwMzjSERjSkM0IPV9bwZIDTJ0B7O0XN3D2iGRVlCcxJwwqjo1zUhr7TrlkaqghBoFc/uN2tgpbZuuQKExoNGZqlN0sG1kCyWkpeJVgLCu3u6g1h5yCBMUgZxQCAAqhinGXilIgKilys0eVqyCN52rsz3VJs8EuSm7TfR4C8z66q1eXFDEYiOyQW3ni0l8BkxyJqKCzc6GYXvmYxUcmqSJT4zZrco0PU+eg1rmNRpoHTJTnAmaqTQ533AKZTwrJ7ew6VfQHEVbrfjsblukkyVBne+GDYjXwoLNh1JpCjfv2a7Wgd1VoL0tWvtB4x8yayNnVpdVTnmZT+uP2RzAJufn+2KTTTbZZJNNNtlkk01+PZmiFfGbu/nJOQvX7taP82Vuq9dntLtr4Wp6OFXCF4ZfWIYt3MKvE4YPwi3cwl80hHmM/gJv+eI8A3dbuWszRCE0uMs0UN+7qF1ba21SAi70g6FXKypCcMc/zTNVC1ZdlC03T/fxA4ShkjbtsdvBmxohtftTpVibNWKDablPq+kLn0PRrI0AigJunsHa/m/43LyV2lJEFOIK4GcaZI33Q6tenaduyr8Olc20is+qMhvcCBetBadaTLUBkWuB548vKYBOzVzTbz4LB56pKU600lgbE6efTZYJWW+pOmUK1S3laSJT4yc1jISQEnXSq6iK7jgbOIEIwpIzc2YLh3EQyQo8jkMeB/dPmDNzFmbOnGXMo3EK82i+DHOWzMycx9Gsl7I65iji7EAWHscswobcMOemywzOMYhRRAzcQyGnl2kdlwYjLj3UxUhCn8+iYb1QS8PWaRtQoBOPQm1cuSkYYMiyK23+NrYZvYNhyjgSFVAQVAbtEiEmCv97PlEECMjolaIQaAIBIPOYAIiUMxMRhmJcEQSEzUIlK6ggct91oCAKwjkDCEtKlDSxAubsflBTgITFCxliIup3u0K24yCDImLf9QSKhETU7/oeemsHA4AN5R2ONjb4eDwaDZGIdrvdDz98f3t3d3f/cP/q9cPr169ff/fw8HAdMGGXOkqpMF+NMqk0AX3DLKFjtTgzHNK6lW3+0bIl1I5bXTE0eEjtGu9E8LC7iIjILNYqObMVhQhTSmZu1KiE1qaleefnPxRsqAQIV7eSoE4247EuFL6iECKhO3gri00DytikAPM7WL1mxs5puHLJVSuW6NeiYSZ4YgfSfw2VTc9AawDx45xNDmUdKotUvAUVBFEBVJRVbPDWxdfKMWGV1erXmabqriNbt8FQ2H3T3dRnePOngPVACyTqymLbHgiYIVs4PUNQK4wxZlb+LC0+AxFPoWUzWZSqQICLoTw5VjLfgFTV1pNZ5PkCLFa8Z7bdU1bTp7jsmWqek+lHS2D5U7S4lHoG8zo9VxVkjbIf6wO2ngtbpL5EejnXeYTPYr1m5rcuXNPDAKcru8kmm2yyySabbLLJJr+xTDWxxUN9eP6balmrh8LJXVzqb/3460qa8EH4BVrlRUlm79rCLfz3E3bVLcY01C1+i/+K8fqNlcc3EDg3/vVF+fiOsJrParypVRs1mYJxA/0+1PPcvgdq1Za2Ok0z8Sftn0bxQkACnKuMaeaUEIpUda8WwKlUvmVKreBMp6XVj2P8GY1V9FXukw3dXSOeVKxXbf3pt2uFWgBgYUYsVKhLXt2MXWDufJamyc4Q8ibFWGNLtHY+l9Bsae1l7Sa1eJlPxKL+nuiLm7uGyiwxwravwfXOrYqz0lpsTGIoMW2kidvMk5pfooSdIT1E5PbYAEUYFc3mITPTkCXxbqegJGq+BjnngcUgPRU29hqLSOY8HI/jMDDncRzN4KTBhMNgPg6P43gc85Bz5izFxGjf59I14zi6pc+gFhmImMfMwbhqjZdW+FNVUJC8ZWa8KIj5W0zzeXP6rC/dASAAFE3ZjBZXE5c8rd1VTdVr6EPjTq90rlZg3Q8KoBKYEUtm7iipt78CQkLqusRWRXDmMWdW1K7r9rs9qkge8zj2+13f9dQlVR05gygSJiIEMquwqBAGi1UBRLII5EzqxbW+r4PEQntnZiYiq5LhXo6/Kow5A8CM9mcWSq1td/1ORFgkM5s3y5zz4+Pn4/H47qd3/e5f9xdXD69evX793evX371+/fD69ZuH+4ebm5v9fm+ZJEqYEtJkmli/M3OzcMaRiwoT15Wk9kKdzD77WvdmlSvmeaZiWlNVVN26acx9JCKpzsN8JGRhG+Q2wPq+R8SUKKXUYoSBuTqN1ei0OecypAGAMAXXjsxfX7sCWUk6qi0ADcLtw7Lx6FlMM7tLwApf62Q/K+iiVjSi9Z1ZAFpRFYViHZGAAqqzBvM3i8x5h3WVM6+jygKCom2aMm1rd6zRyxBRgWYxkU9szSKlzctu6xdE/iO2rudYSNgmVKY01BaoOSBWu7UKSH4iFhvMGpsTq07pjvg5H3JauzM7eFQToOnbU7LcYhbr0kRmO86Z7eyU+71VyLMxSNt2E048s67kP8lq5TSGw3xlAV+tzspXQQOy0uyjrTxqf026I9QL/snk7gtx/mjziiX0OKtXcbRp+3XbO3YmxOwtv+S7YpNNNtlkk0022WSTTX5NmXwI2++eU/rbtfQz/S2eiIfFW35zfTX+Ru/d4v+Dx3fQ0ldaNfUWv8V/xXiYx+sv8F79uuUvl1/3vVSP/VNB7CAIEQpG3QAgM3KoEjxDRFUQDQdLPoedLWgAAQCEUSlUU2wRAiBQ6A2DOwhVTxq0FUtQcDWsNZj148SF1VwvFnUwPa6rvCQQQgEJk1mtdUx0W3wGliK2Q6Q1cIrlfMOURBkcHg13qy2YOqUatkDdlPMHpU1aHPF5E2RTOaWqm4EQE+UsRolLsQM51qkR0RnACfNaRLLGcdQswUwp3CrWawnBz01V7afxU72g2lDhajklGD1k6JkIKDpLkIj6rut6ZmVRVe2wt+GqqjkzEou4Hl+EFQQQmEdHCoQBoBgRZckFERQRg0yOx6P5NjQ+WR6PzAMzcxYW5mzODkVUrAMCBRRVdfyER2busWfOomzaf26Iek4uVKW+E4WCdhgDSpzF4xxDo8kpFJOO3tgatg3JDCCqkZykImcAoqIiCIrooKAzCiuOL24FOOin3uxGEVTjQKLZek2UCDtAsncqZBUAZLNEbAicQV6UkjaDShGo7xUxi3aiQAhukZIQSBWJEhq3TKWyfslmvoCQgiIIijnhQgYxzA8dUwERsT+JSFgNqkEkUDbMccys4aAuEUGDUSVKXdcpAAt3CXnfi5h/SmGR4XgcjsPh8PTu7Y//fHl1f3/75s3vX796/XD/cHd/d3tze3V1dXFx0fe7vt8REaCtTFiBPQQrGgCCqtSF3Jc+d8foXVbhLgd+3MJwmVzF6KiDa4juyrMc8hAt6J3dSzG7fMqJAKgK2jSRYRgCi3LElcLeaEHxmJlHDp5tscerdmAEAKWAZzbStFgmhHAhiQmJzJwpVOqfoY8VwkbQwNOjvqoiNF16FECccRibCCCgjfmIL3R4qHYQlcLi52QhKlhzSd0gkSDgDt+ahRYKFAMppTKoG/TWtiEERTcEPAXtyqmbUoJGbGS322MDQpba1jUXEGaJSzENyJ+WXn3JJbNPC77dNvhjsOujllAI0MsvldbdXbMZoX+i+TBrNojm0QKLV1vKNYtA6vw01Cz/UohYGAGXedRvlYau6q+uG7Y2m1xNEBYgNKwmNLlO4LTW+WV52E8eW3NjWb1jdMVmbacEpmdxbNmY/NryPdS/vsqjpYXioyZ46QhUD3AqlwM5PqKjZdrvk/lBqOlxEySSyvmN727DkhUUfLdQaI1YbLLJJptssskmm2yyyW8v9Sjus/rbL01/Ih6/Ef35Fr/F/xbxXatVbn6mb9fb9Ve91q+Uz1e9Ng3PVygzTpl8Z9O3hAycTj8rlIYOTItJtkabVKyulfPnfllMkk11jQDQHpWZWv2a6oO0Hnv3iBP8g1VosOZS9F+tKjDuusI3NJBz1ocDiScUVQ3vZHZjaryrVHxWsLmVzhYs/EVlydVYNTdaOTqRZvnUTCc4u7V86oWkz/lQxMkcWH9TG1c/qQwlC0QHOkGR4NoBKob9RntMA1UUUUPFRRhQiUBkF+YHnWglEl4IhTPzOI7MzDmPeTweB7sYjsPh6Yl5EDHmlJjjOvdIKM5yFOacswOOkg1yzDlrFuYsmg3nM2uWVjPObLBioqTmmcrYZuJoIxSgVNFdWiKokt12OqaAgKJCRX8EAROAAw8qqgRGF7LjBKZyVqcERXtD8W8Xk92QQgVSt4loZE5RYWBCxA7jMa3rRfQgoZs2DphagQjVsXhRQEXTfqMCKIFqgfILvG6e12w9ImdfIQCoQPA1QUjsXIQT5SrzzeCoFP72ujCJKg6BqRqqZWMpc05gj0Lfd73D6pKzcObMPGYRyU+PfDwcPn16//HDxx9u/3R3e3d/d/fq1au7+/vb29urq5vr6+v9fp9SD+ElERH7vhMVQARyzBUUqDQ3gICKClljN/OhBYVOTMmWRqZlOwBQAGqxfILIGuvm4cSuyNY5iHkyxwtDzuDz8TgOx2EYhmHINmWUNeAjcICQsKWbe5cki6Uu3EcW/EHUkSEt/v2iPAqCxcy1r/bYbhyeOKA1iLaSAB3dmS4RiAQog0iAUCzUUtntbAkPFqC3WDCbCRv3j2WJKzVNKeGa+J6JgFOrrUtnj0QTimGpZnlRUATXz2e0j8wZkHa8JryVTh+AyisLiM2HEyD4uQz1cQrL/VTbYTaXZpOdgU8N0vjC4zInt5v5x8e6Te6548My0OY5zwqj/jVTz1zNUi9Yd5NnfQvWOM7RtAjW9ikTvBzs8INajWXX5RvC92eNkeDDQqwNFmqt5pyIeYobuvJVsODL1uebTILyv9Iem2yyySabbLLJJpts8luJ/9Kp5w/P6FonCilYuYapxkvX0szyeYlueTU9wMl3vej6C8uwXW/XX+e6q78oyw/SYoF0i9/iv1Y8zOP1F3ivfmk+rUZlmV49Xtv4wmF5yXsnqiWLL+jg3NpYheZc8WqUkdZyYUMhathx9iyWLAFbheyakm6iRZrx00LluKY7m+XSQFyN5UxDh9bTt5eFqTFL1rpqO1/yJudlmpUSNCZb5+DcTLO2asSs1fiff3w1TRvTchPbZGfYiq1Oc4b5zezmLbNdLcwy/9Vaz9I0KtqatlCjJgwGQELChILEKMwKIESlgs5siQdJFQwXUBVztybC4aNMg+1XTJgqswyDeaEbu5z7fi8qwjKO4/HwJJJVWEQkS+bynzhIKMKZh+GQ85hzZuE8juM45jxKZuYsklVZRIyPZrXlzCxsACEE3M6WikWDP+We9EAc4VEd2bygmQ1gFVF1r26qgICY3Ao+uI6fCFHLOHBuR0zqot4OVCEVmlCcFCjGCEVEOGhABYjz6Yekhmd65lV7LJY5uY1KBVRFVEIltKKqEe4AK8GlLFrqsIzGygTGkiywFWCcDEBBaVAiokSUUrKQEclqRoRKhphqKSSzqGK4SDQ/fGg0SN11zJpZmVlYmGU4HH4a+fHzp/fv3v1pv3/16tXd/d3d7f3t3f39/f3t7d3V1fX+8nLX71LXpZRSIrNwaHiq24pGMHKh831EhQShcSE2nZLNRlCWJXQuGRm/sKFnNUdEyjLfzjNEpGTTZD4rW1u4xa+fkQWHYRgOw/FwPB6Ph4MZYmVlia0hEDVrSMLgIaaUCFMiQkJK2KVEiQKG88mrBGhcWwksR1RUxbiqHSUiggIrISRKjkQSAaJzQ6lSvLEw7RIiofs4dSwOCOxxNKSwIq3Rqma0FxHQTJKSUyure74FvIc1I2rTGMCPyTMMK7xYkUiERJRSV/ZIkTnGAAAgAElEQVT45aJNlMyAbtOJUCB4v8Dmv6b/DSSauSCMN1m/FcPdztsFBXVvkUGhOwsjnd8HV+Ht5z8LpvLsvuPJVkuw9o0xuZ6S31d350UTFCpeyWNWhMn3gzYZNOROaLupwLsNr36e26wZyvmASnaNl2pVB1gnrphIPXXoZ7X7JK5tfPsm7p+XUpwZI9YXb7LJJptssskmm2yyybcguupB0GQej0189cLQpIfT+ZT0ZklrNf+XvBfW3vtN6ue3+C1+Ld59EBaFwzzc4rf4rxKv31h5inrtS/PxU+IvS68r8TOLjq0VrWaOQsG9VEUq1RHNrY4rMqFoeXFObWj0VqEcDZc2IGEzq7hJq+iOO02KEr6EKDBVOBZ2GMyAq/N5ruq5FrjdSsEMvw2Va1W0LS1nthDXGSjuhTrNFz6yWozziWfNNavsTDm45EGuwodn+CtFZtrYVSZiiW9wPqk8lqm4Y0IURPOF5GYCW5ITAJGSAVEFvlIVVDUwRkIMkyFynSkiAyBRSkxd6rhT95YoMo7Xwtl92ZmVRbMhmo016PiJOy/M2YyUjuMwjgPnbLSrnEeWUTILsyN/QUJMKUFAAiWy4DSeO7rml5lF2ZlRRJTC4Js6UhgMqmhbdOd9Rp6xHFvuTvDLyHEdID/GYJkFSGi2iBFQwzOkGRHt+t5trSoIG28TwNlUBKqABCoYhw7UDd8hAQkQQTJvcALuH43KiqFYoEZQGHk0pbQVVo3vaJ7SqI7EALUMLhMiFk5EKZeVC9F4hUJUGF/mkRFARdyvJIrbWAXnmdG+24mIWdIbhqM1wufPn3766d2nTx8vf7i8vLy6urq6u3t49fr17373u9///i+ur69T11nP9bu+7/vdrktESuRm+RALZF0OZNRDIEEksgaRcFBn6E8F8PyQlmntScLjaZnsxWZt4ck5VgFY2XMA7rJxhqJLJSS1SGGBxkXYWIN916VE0Lzb4QoAAVHRhGHM0vGzRBCrO6pz4RVUxVpHQVUN0iNE6Lqu6zpVRXFvZx0lTCl1ThKtzVhwQUAkcvogYaoHXhogMNiJBc6ra52RPBEJExpAaN4vZzti1LhYmJzFl+3S7e+Crq6lM1hoiQ+2B3QK7Nuuq5RoZU2O0VTmRz090BxoWnsmGMKx0z+7fZ9CEH1OxQkks7uJrcGFlwm+eD9Ff2+tmIax1HXYMrZ5iOMRyzQ+myDWpnnFJ1igt1gcb/J11U9cVIxQsVhuLW0O5chL8ctb3hL75ko7hKdSbIaQuBn5yVarsNaMyw16vaFsXvviMf36imVq1Z7BJptssskmm2yyySab/May1Ljil+hjp/EruS3Sw5+R/0r8qfDb0Idv8Vv8LCZ8EG7hFv6iIXwDZViEcL5Uq3fhS+pyIofzeNjMu4yWWzNkMZS6RXE52Umn+tAZ1NRiYws1kwS3rxyz8TtFZWnMnqLTa5KtU9BO8fOeBc8WpL114HD2UEkzy38VC2wb4Vkd3M+QWZ+eSrBSjS9RCLY1LRbPFirvcy89D6OeLIyWfyfZtsb31lTngTwFrm0a3op3AroPP1UDEhqMEFRJhBG167qUOpGdmQtFd3Znzgu5FlHUYZKcmY1EyDnnMY8c8ODxeBzGwQwwWlQeR0MKORwnch5zzsIc3sccIDRTpRAkRxURlZGzu5Trut1uJ5nd01PofzFsbmp19mj+QO2WSGAn1gIICkjBvIvhVHxElgZXBQUJ8Emdsyglq+hWiPTgpx7AKX9aEHYFrKAeFud8Bqu4Qy3HaKSZQK6KbyxnztAOEHE6YxlmDmGCIBIR4wQdTEYFS8Ydc1YWNAYvFQlSSuTQICAmQM15EBE3lJkwdT0oMHsVPn/+/Pj4+PnzxYePH9++/fHf/u3fHh7+8e7u/vbu/vb29u7+lrkT2SNe9H0fE0Jmc6fgeS1tVxtfhqcOSQQkLGX8t0tQQUAR2nmHSydhJT01bkcLVTSgN+q7frfbX1yMwzBydj4rBqs0pWTGNqP3MZqRDOZKaCZGzQ9hhS271NUNosY7G692cYDWbseUyJw+YpiaRbceikEOtBJASkSGUjv+CMWytlPsJu0TfyKQMQgDc6yHZCYmYEA1BcbYgI1RD0BFFAjLu3GnYZyZ0c3pnt7ut7ZizQ6sLLuvdNz0Zrh2bTp9dhxkkad5eDRIqcyO5WtX3r4q2qDRbUuvsvrObKPP7qS4KGf74bOaw/wwzTJ7N9IeC9DMYAPS7JnYkkr/YhStwenbr5C1wjS0VljO6OXHnsicIDj9KpMZwLyUdmFZ4RraBihi9xhQRYqXWSkmsv/s75xNNtlkk0022WSTTTb5+vJVNcD4ldJs4Rb+nxp265j8Fm7h1w31GyjDIqwMwpeX+YvOhqzlUDSiWJVQccbc1fswNcnXHpoPtTlEVsabIHfbVBSYq+hg3We1hfeKbk6cB+IVBdfIaqvvU2ezQHlQ3L4ZtjyGdTxpqqGbo4OnmIXPWgSNZH5ZytA82MKcE8QivBxNmBnP8h1XZVXbu8QmzyqF1+s4Gwer4O4MEl7t+qrHnNbrDEDbhiuKyMnYqPlQDAbRquMmovpcADwOEsRg0tiaCN0YtqoSqTALOkgYhvmcq6QqOTMlLurUJJ06K8sHs4g6kSobpyqP4xigYR6HYT8MmTNzZuZhGHMehLPhiMxZWUSVg2JokKN1izkvFGZQ52apggGEmbOI2GxgFsnMwrX+wc9zE6UiKlQQQ2YEACRywq81UZgrVACViZ66+iQD1Gg4g1vcuilAeZGIGP7RWvGfaNkrPTT4W4DVqCmiqlLRsCsEXmJ2Dh0Scn7bDN4ANrOqKuZr0ZMXO9RGmCz27hCJRJGAEBgQCXypI02UykpKZqRWCACQ3VSpKIIqizBgSmiGYc2zHiAZjdIopIenp4+fPn348P7y8vrq+vrm9ub+/u7m5ub65vrm5ubq6qrr+pRSSh0F9IeTJQ6XhCRVlcyFGDfpd/XGNVOrtuZGM/iMSuTcUCiooBlYOQHJLFdR87GXUupTn7u822Wjy3Jma2Gbkqnruq5LYUJ0ssEognlJBKKEiVKh5BWAsGBR/qgT9gjBTIn6sow+nJ35Z5UyW51GSLUudIDQM1QidExcCVBAja9nJ1Sa9cbHiqKS7582B7z1W5yLAuWF2JCh8lGhIEc2rOrIbqbFGYl9vKBFWo2BN4ct2u6TyfPT+WeDaHmax58y9mKzwWEpQ+zgoKs2xtu2g1X2WKEO+5+zsjV7bbsprUBnFtt8wLSNhc315GZj5bx9uP18aD6doiirry6s3kXjt3t9NHjJxkZ+WMGuzeyN0sKWk52xDL8GzZ3w9qY7t613i+M5tWKIPuvbD7V5a+pUIv/YTJyYaEPBvPA6OsjCKmJbk4qf/Nhkk0022WSTTTbZZJNvRL6qBvgluW34yBb+Rw47CKM+pk7Yrrfrl13Dl6XXr1cGfXEZ9Jk0DTAHTcpSZr/G2bt0Lc/VeTTPXxUwBdUDq9IJirqvKIqlepbyzbFY/QovhmGvz/5XXTPFZnqCn6eNJrHk2jaV66tnZUcH3fwKix7WkpX4omtb0TnOcMoXQmUvtVGGM3tubYbYtHBphlW14iT+i0xvrZotXUU3z+Q5o3iuGw2booOr0OCzNI4zZZjdOsW/bJMUAlPwdKRxjWY+BUmnrW9gn5tgLLNAATGpKIVq163bASIKAIMIIAClFMNMVZCYkjS8W2N0VSaNMxAzc+dGF1OXRUWYOeexG3nPCqLgpkdzziAsKpmz5GwVyeMwDsM4DspGGRRVGY7HYTDUkJmzWxsF2DEPecg5qwASioh0zMyFVSYslMicKeZx5DBkasUkxKSghCpKhohGfYy2qIYzUYzpolOuPK7AjSjMtDIzYpgbjXW0cmLKAoNE6O5Ptfg0dDt13lWqROYgUNyRolvRLN0LBvJh6XB1j4ZlmcvCDcl1opt3TTuCqggoMAgCAqBocM2AqUHrgIAJxKl4ZIYsU4dIhtoidkoJAQmh3/fMkAhF1JBC5mPOOefx48ePKXV9319cXb56eLi/v7u7u7u7u7+6vr68vNzv97vdzlA3omR01Yb/N0EgVFSYncznnugwwBJVjsmriNQYFTRvkRiWTQqtc236zc4xFOzWIm3GEZGQdKlj5r7PZmq0chwTdV3XpY66ZOU0P46AhkxQoCZIiRISYaEmgjsZJetk49shNadUKFGiJKCV9ueLg6ModWSEKUfyV5cqitskDlMv4ePW4LwWwLJ/rIUV1N86hYcg0Jpmfyt5ULWe6jMKNRiVk1afblttV0w6CRFjumjpoxPr51KwyfzkfZjy2bSBTCNYWeSX2+6qqz/EskbABGaclgprVn492+3WUcMAwVa2obbaVo/Id5K+Uv1OSilP85bixHTZGopoQUxk+7aJz8RaOpzsxdN9X0tavyWVSd9Wf7KbNwPRToaVW4Zxt05Gl81YNriyg0wu4lFEBFXOLHFMxA4LiOo4jiNnZoZNNtlkk0022WSTTTb5dqTqflf1w1P97TINVj0tnMunXuO3om/frrfr3+C6K/pBbPQN2/V2/dy1/jspw7k0AHEgvuBfJ58tnDssbvZ+XvlpBSCcqH7MZVjR+Hhay6QyPIr5wYIOFuVsY09tQRTzE+VR+8XBdHXwoKV6xUXoWouTxLhwHzlVkbrKSFi9XpXzCV6iZl1qY1sm4pIJ9yxi98LSriZ+uV54lSO4iuq1zKEZ8vpCwuWzlWqVj+0oba0pBihChQjoeIkUvapGglpIU1qWgdfCG4TkJLIs2FjKi9HunLM+JSB0qEydMVagGnFeTqNmFUEWxA6IUYQ67XbKnDln6bjrd8YhIkIRPhyOBvipCrOpU9lMjI7DMAxH4SycVViVj4fj4XDI42BcxHEYMzMAKCgd6QgDsxChkmrqicDwGBE5HA4G6ovw2KVwZCjCfBxAISGRqHIWFhEzOEmkqpk5m1/AMNeoqsJmKE6jnaiYFa3DAMBwI2OBgdqSQXY+IJBNs/wIwcCtFM9W6Wze9QAQgRTYDwpALI6g5gyyUAMNFSVCVSpeV00fvRjACH6apD0aoU7IAkAUAEDx8WmLXkpEKSF5ZEqJhXHMu10fi6gwj6Yr7/s+Z3aXkIiJUBQBNI8DiwJgSt3h8Pj46ePbt1fXNzd3N3c3d7cmBhN2Xdd1fd/v+75PKQG4X1iaOFeEsryH19gJjrSk9rZCRJydetvO3tlq0066QgosZmm9iYAc5iUyHNrc4zlrMCBMN89KwbsDuNjtzdGjMfCS0QiN1mgd6hCpw21Y2KaYRAXCJq15KQUEDdvUNNl1K4nPsNFSOxFGFAgDoEHfQoLiY29xmqHe0sDEEUCioaQdUo01Zv9pGZk5PzimAczW3tkBjpM2HpVihVz3EdvaYV5be+tKO93RHI5dMSk52/WWuZ/Y9dY3KQRRwTWMb8lKn2V1PvNTe+Iz29Jq+rN72XIrXCXfl7sTf+3Tevs6MiVKzpBCO9DSxtgJh6WUYrS8vYbz16B6CC1AOHvjDBRsK2jCmWMXE2bO45jHbL54M/OYx+MwjMak5vyiRt9kk0022WSTTTbZZJNfR3BNp4pr+ttTuEY9D93ofvGkzhYm+T+T5/N64NXy/7zr02Xerrfrr3XdlV+7KxZIt/gt/mvFwzdWHpsBMItH0w95Gl3LB07Er+SPLRZX4i2P2OxMle7G5fww+QQdxKLACozFeVFhZdSBQUMKseFfnFZoqtN9GsVUhKaOPElxewmdzpS8Xpuqw60axSZsn2raVvX8e5Z0hy8qauv0a02HeF7l+DPlpEq0edmsXkuMc8ntWwKEq1rRl3AKl/Gr/MUZnDMjLJYx1pakAbaDixIKzfZR09QToSKZkbkyByghUVIlew6JgByVEREFMKAj0EfWsLHmRRJRUWZTpfqrM2dhLsZCrXSiuttfsFkWVQl0UBBROI/jOA6j8OiGRlWGw/FweBqHI7Ohh8cxZ1XJOafU9bs9KFAiqxwRGAKac3ZwQkU4d0Rs6KCI5LFLSQGBSFWZJTOzFRJRVB2+cRYYIaKKMgCDigBh0NXIXPIhKKSECbEj7DoCJSRM1KXUASEAmU3U7KyS6DhVTangXq1uPWKCK4OO5wWwBwqOMzmy4oMBzcBjMasYTOgpchY0RTMy62Mp0GRsjmoYeqyiAiyCxIwGPob3SgTOo0OenFWg+N5TYQVEVVINHpyttP5/EebD4TCOw+Pj5/fv3l1cXl5fX9/e3N7c3FxfX19eXV9eXF5eXu0vLna7Xeo6w9tUsVQq0G7nbqpqwcmt60XBFntDPMuvHzu+5bAarC9GS7eF3nrooQG7xlNUVCBn6BGCuJtLwIQGEKbgDhIRdsV/IaREMX29OuhGRMlOqJAz+WwoGPcxMDp1sDAAXyw/t8p2YL0R+46WPaokoNjpAAq/Hsy8buyeBUaer36WT0epWSsh9kctJELQ6cM2UX3EoYV2AqbdlMovzDpkImIGV87AxeUyu0rXflYQ0AlvPrfOLeOncj5FR5tvH4sS4VrJ28Q4fyqWiKY0sNYy8/3Ivnam3waBScepqfKCSdtrpMf4/V7HTxTGPUhq/OC2YezlUwJUjE/CuptAnLDE+mYfTqLFICmqg39lRZ3tqiXkzPXPeka6YH1aXBVWRqAtKnGOjIuxbGbmzE6MN2vawjmPORsuOA7DMAyOBobV7TFXCHHZoZtssskmm2yyySabbPKbydJTGsQPgS/UA8PJ9NjG47ekr97it/hfOT58EMZP+nm4xW/xXyVev7HyxEz44vEfqq0Xpde1eBEHwwpHoah+INThoQwtpMBCDQnEBZy0B0AIodF1JWgDxkztdRVUzOvfbLzQaG9PqCjPQ25ToMgqXfR9UybTCaV3KP5cF/cSQGuVRbHkNJyXha6zaB2flxfqc7/k7euZt817voIzNuHy8fbVp4o0Awhn/Wt/Wie5Rn3KWjAXclg0/Y06tbCdjF1URqk46TAgp+o8z5WkgUooO6/C/KGFbhiJkIry1g2bllKha3tboYQqndXFVKyqmgD6vldhgwCZWYXdRKpINueFOeecVQVBh+Px4ngYhyHnPAzH4/EwDoMIW0rO7KM96G6gMOZxHMeu61SFOQunlDoRERUVlq7rC3mJUETHHBpdWxw66FWFJc4PgIjZUwVnDRqJq0++zgh0hEaVI4feMBF2CcE9vKEoUkoiUg4NOAdQKuPKrqO5pMLAAfzX4RSDZTmVVk8wTEZdQD4BlxUgua4t6CcpnF6j4Osnig0FEtFECAriNl1JGIPuVtZ9QxtH0oSoiFSXHNWcMyIIY87jcDgcnp4eP3/++OHD5eXl1dX11dX19fX19fXt1dXVxeXl/uKi67rdbtf3u67rnMJJBMnJsloxQ3cqWddlhoZ6iLEpKOrKhJ1N85TSlJXb6PcRECpaSUSGJhRXnr4BgSKoOfREQkqUunBGaJS+ZvpT/QcQp9NaoZi89r4Xw69BFYIvWLcmKyP5VygChE2LGPgI7nnNB1KAeVh2tCiDHSEo51HKjuAnPwsopWWzrwjMylq62EyggciWy+Vs4ygwVXPeRRvUc2XYn86tIHErZEEtZg3Km09ghM0jz5u2XitTm2he0pPA52LaW49N3rL26MqGjuVWS9erpbF/KD45ZtXRik7Pso1voXrgqz02ZDtXuP1UUZu25asmDCZoM5w0jp7YuJwagZgQ/iYiKxTAABfF94X4k5mVbf/JDgiGjOFi1P4/5pELAJgz58wWP445Z3uneb7l8Oz70g+mTTbZZJNNNtlkk002+XVkVeP6cn1sE38yt2lMuLb4SvrnU+G3oQ/f4rf4WUzxQbiFW/hFIXxZev15Oayl0RfnoKtpagycL5XCC+LPlwqW80tVQuklfvA8LEqJBkoC0CKCBZUpVJ5K6zBFFjiZo+rtqjoSWhWWqiKaWbOqxGtRnwIQtvrTCgiFzKgJM/xp1cJn++BZVKwW+BSg1Wp1y7uWaNaywG2aJQUnEhgH6+dozOZ0qGndX/j4auQSLGwtf7YVnzFHWzuEs4q3ssJGal637OJ4DJ2KAdhqORNhOBWL3qnvqWwMnAxUtOepAtYA4PpTH9c2xsWNDSIhqVnptInEEFQpFUCrvmcOSpgaHFNEkRQAEiUiytncMGVASKkD7bTrRESVLXNCAnBmhvmrM1Ck3w39/sK0rsNw7I+HcRhFsqqyOS80QocwqBKhiAzDMXWDirAreY3IGNyQUAcrACUSkXHshjSMY5ba6pAzW1JQZRFywLWas0vR3kYGNCoXiICiKormrILUofmcA0oIRKk4+lLwslgfmKnGgP3AKgKlbdtDDQGRNCAY1hNK/rfjcw1hZg4rqI+ukssK/8k09ba0ipjGXsy9pRAiQM45ERElA5QTmfFVw6eTDQARMUQPkIhSQUMd5BNgYBHJOR8Oh48fP+73+4v95eXV1dXVzc3N9dX1zeXV1eXFxcXl5X5/sdvtui4lSqnrDCwseKEvrQoFNvDpSQjiy3sh26vokmHZ1r3N1guMNMkWEdB6iqytmAUg1+3Y+IvqUIkiALndWoPanXIXvew4IiKRRn+IQyUUScjtU7jtzLpeYPzcitMx4GOtvCM4VHMkDILRHgc6gwsYFwUyjKWoJFgsPajxdoUgesFJcUpkjN8VfLApaL1dwLp6IMcZvyXbtnbnCOuxhM8Z3S1aFkmxfOHPy1ZzW+Cf871vcavdd04WcyG+8Gr9noDA1XzGt5kGyNz2Y4GUm/KBn4koS02trDRmD+b7vmcsk7qEi8FYx7DtLwOl60kEZVEQVdXipc8QfDDDzgCgIiIch1p8j2Hh9tPLD4G4jYjiHhCEObA+URE3BsqcOdulqHDOzMLCktlYgOM4Crs7wUogjAfd3ahRCVlExJYVvwaQWAGksB5f3r+bbLLJJptssskmm2zyK8gSrcBWtxzKhFM6Yax6WjiVZhriC9Js4Rb+nxp2rZ2cLdzCF4f6q+RwPs0LywA/N8+1az+q/7IcVIOxQiW+gG1a+BIVtTCNEQBUt21NFap9LYMEXfsMQJFatRAlsFR/pkw0nd0MoSlO4MI4VrCsQooaegYcwnMyd811VikZ3IiVWs9iVsFCq0VLdSp3ZyjaXOE6NXg4S9BqHmcq+LbdSoLiYq004BKPLNelcSr5YNFKq2bojIG32uZnIMBlu7Xq5xYIbPu6Za9apSyTxpWgljZUVcNpVkoVCnoRbUcgAhCiFEIQgIJSItLEyMyiqkSJEqqzrKB4JjNtZ8BF6j45oUBlRkSKmRHFYmaRLmqHXUpgXu5UEiEiqZKIEO3cRR8zgKZOUsfy9P+z92ZbkuO4ligAUjJ3rzrn//+y17q3KzPCRAD9gIHQYB4eOfdpobIsZDSKoigOcmzujV97Dr+2aGvanrptCzVsa183Ee6hw6liYpUbqBKSAYTP5/ft+VTlCAr1DN+4ssgYQ4QBBFCZ1cC0dV2RiIW3bQDo0rpJj6pqV2ARHkPVgp7NCH8AAAStEQ9mYd6kUKyoL6sDQq0RNVB/oLR0NICoIQIKm4CkJh2q9i4B8VhttudiDhZ7efddEBj8GxcH3bHJVAF4iiqjMVAV7KV+P74mvZg0ollSQ1DUBKsRVMXkL1UEgbMbF2sGBwI2RPtKSorRtw1tJWqiam545LEhbs/v33799Zdf/vf/av/r4+PjX/8yQuHHv//9Xx8f/3o8Huu6Lo/Huj7WdW295QxQA875cQBmBiSgxEBLKmGMyjqE61cRQUpAbNdQ9pongkRgewnyCeKMHRu8XbXvKioIAIVNOTlaIOALnVMLRZlMThYRkVyMMUUa/UbKboAYgBlNMHpoAHUB/6G3TQiEFthmYn7RXb3P5HIfqrQISEYty3mvQNaAu5IvrZCkD68TaWWWPhxPSl8+LzgcJH/68uIQQT1zaTgtnRXZ0UPJn2w3+XybziR2g4ro3G+EpRlVcw+Tjcr5cmOvCuAoe4jKlrnDYpvaKqN6fgYTbBUFAiLyjsXiAyfiemqAqFAWbhGBQNABsv2i08DuzWfbNrJImwrCrNGRcheOzaUsKsxiACFCEqZtlbflknmoTKRSRMbYNNRB2abroAXaVwMCn8/nto3tOcYYz+czob7BfmyIoK/Iotu22XSedzHxxmi6UCVVAfHZQL1J/bK+E4WHDI0V9LIj3nbbbbfddtttt912299jE62YG0/L33KRssu5/7xMx6ucX/qVPrvWF6/+2z4/r/P9eX/+EZ8dtG7bv4/v4y8ew8/l1z+uDprHP6rDD/v2kbayL7NsQ3+d/qNrndIrHuPe7tCYMtCkBY8H9jhcAW/C2R38FCyOuYMn+kDmw4IWHnLODEApxnjAxi7RwTOsZV6zvK4rH15RYWZT/mR6XrdKeNU6VDfo4SxLcVnC68x4ZPmcKv+J+7UeHxy1ySiqfLv9w8WD9/Z8odJ/dk/kp6wWctlWWIwmaqLZbn5qOv/3N76jcRxcwOjo5qzD3k0+Oz8CASXaKqJIRk6idFu31rJWYuMNkVo7IVlQ77e1BqDms2UGVEWApTfEbsqN1o3zlsWQFmhIbRUVEUC7k65I1NeVhYW35zbGU3g0wHVdejNE8OluYuZv379tz+/b87ltTxE2tohFOjTCBzt5ZGPemAcCSxMFMHyUmVsbIuqUPmaNPsO9J0BojcjBTEFBaLOT2DVFxgaKSIgNGxkSZohLl8VDzhmS1pqhwswjnndy/nKMHPq/JuYUGyAk3zsOPURjKiyPCSGY1c70qoD9DsMwCCC8+kD5Fu5AtfpsmiC9dafWtDXPiGhgcEMUQ0w9P5HMDu9BLhnQHhLS97Ftv/7667r+f+u6fnx8vL9/fHy8v79/fHz86/3j4+394/F49KW3toMJs4Od5x+HPQz/AKw0wRebRfBMbpvcL9UQ8lURVIXWSlMklhBN6tBaaCQG3gpWMdJClHYAACAASURBVCJyuhWWXREIp9lDa/p5fr6YkwP6DZRQd4q1h/kbvm4/PSueCnDJ012J9dulIiZOsO538LKwNuAVOghJdo/8CZf+ACA8r54Xi1cUc7poqj3PGuYcHnuMIMHvywU6QlVe7/4ph6ICEEzf3PpT+sZpESwrVB3ywRScor9mzGx3aLw+VawFV5XQWO1UVG3i9nUB0QHC4OoZ5XoM5m0bPDJEYOqCmtSno4Am+7k56c/S7apjDBYnEZryhN1SZji0W0SxVlNd9pCFYEuPuAKqT/5iARhFhYX1dw+U22677bbbbrvttttu++Nt+n7jhRWrb/mQ9eSPxS/4hO/j+/g+juM+ZY/A48Dcx/fxF471f0AdIuFVmVfHEeznS9dS0NP4Ki5Tj24TwlNBcgoYD8zJiFDQmgnbmNvYCsrYOOkmw9gIr3VFnAQdzO3/8Yv/BBBhn17Q6bzqBfA7OBbNnwU/Y78BNUxQ6ewFPZAkvlLgIf9nvuwrj+oBTE07UCfzrNqwBr28AlBf+ZfPnMLpsv+yHdDBc+UPjuYKaoY3toyg3aUJJobkLDJw379BSTGuSgeNrmuJIur6l6gYIabEGhUyBFlpj3SQgnq0P5dS85+NP2X0EncfU1BYkJAAyUUo0aUqg74DKB6hDgFJu5jf2phwgtS6iDlmt20bY1MeBPBYeyNikWXbjMcyxka9j/Xh4qIyVERFAJS37fl8Prcnj6EgY9u27SkymHldH2MMQALQwYMaq8g2RqPWRSz6oiqYu9la1aaKMcagMcYQkd6a47lWKLIKiQf5AwUHKx02EEUi23mgrQEgm5tbhnnX0ag9yZHavXaDIwXRExCDGhj0HJ+aQDPMZJ30NIvMnOpIGGZ6zlH+DWcnUjstZsSCT0zsDVFEmc253wKJ45AebRFrrwGo69eSx5hTtVYQIlLRMcb37996a7/++stjXdf18Xh7/3j/eP/Xx8e//v3+/v54e3s8Huu6WITC1poIM1PM4nGpMiRDMhQBDJPTV4ziFKy2oYzoGI1ryCNABMYzWF2VgpemDhLs1yQjg5XniedJQEN5xZo9rqsz4JtOtOYA7/nIn3/pFZni2RdsbNXDrEzCYHs7T3tWwG/H50oNj3uC5pu06rE+kSHX4s8q8EPO1iWnvK7psQJmHh8sJfFi/fqcQTgT405yasVA6xHKK4r6aAaf1JPPZ/0zM0ZOgMyTSsVH5M97pagIEGnifkLRgwLGnsuYDYjUOdAcGpniMg32FRFUmTniDEoG4zM6nst3ym5UqvJg3njw2MZgEbYqszBvg21eF3FAcBss21T+TGrglAONyIIRgtBYhlYH2y5i74YztLRN1l7XhC3RZ3cXqpbc2aCgoqy+QIW4sHUhVEAVnbTJz3vjbbfddtttt9122223/aWGV75WzGOY6a9wjd3fO+WPphe+XNiV/4Myf+wTvqz/bzt+Xef7+D7+o46TQaiBgtzH9/FXjuHn8us5Hb5w7lUe/XIdrvt2dVN+el8KX0g/Xwt21zqlm/KeFSjiHjAXXNRw9dZQhIDhs9PUHd1he/Hf/A4AEZnpgDe5Y7fYnuQx/e+fuA4nxAXpJ5wCaAfSwyXR8HP7IYxXWyZImfNr1vPALahe0TMt4zJu4icI5fnXgwrcoZEPbXjIU6NL1p9eXfqA3dZiP6n2oZwLhl0p6vDs6inlEojRW3Zck/IAIKDBAxIxu2q4tAkpgkIpIIgyGJeLwOKr2UUMD4txmDxLAABC0zZN9VerLWWgM4GpvoaIvTdQk/+F3eOykFVEhKQKKGI1sdtvXVFEERBJSJCbRJv0hZkZhBtqb4igzGIMPBWh1gCJxzDP7RhPQwcRYHs+v3371r9927Ynkm7PZ392G9lORhEVHs9ta9smIr2zxykMP/s2xtg2c1dTijQCNqSk4hmzxH3YItvYRJzpxzwsnpY/XPShPVqz6IbMm/AQERVAFMQGZPw1TLHkOgYhgAoEAoSY03RSnrR0+OhCCjWaGlpPwApZlIh0OfmhkYyyA2eUudJ76/AB7wuGCHZHz5zh17A1kxwFUFXyfqcunikivgw1C1goyMhEzOP7t18RsbdleTze3t8//vXvNwtWGPZ4PAwjREQ7aK0ZLH0e7zbnq2rdbhH84+R4ARgscKKaedsHSIaIqH6u0bGQQvDTMBgNDpILRu7mGX+URS7SeOw5l0AA5oZm+rhWhOOMnVttMl3nb4UWue9MOV9cryDnVOvDX5kJX9uF+uWrPSKHDNZsZ7nsV3ZJD42Wj4c5C3fcMXfJZDGnhePl/o/LyR9jMon5GxQ91O18hbFtEbpr83wxitczR6i1oFhwARiXO81JvC43IixCGKFozwPZ9pJowfFk7mJRVRciduAscUARRy5VmG3byMF46BjD0DoR5sEjWICbQ3+bEf6c7cc8ntsYGztA6PxtkTFDDko9mDEID28OWXlOiBKAYjpIwYm8ndkmEOhgBLM20WBQL4EQITeW+Wrq88Qe+b7ttttuu+2222677bZ/gOnJ74rVtxyZXvmEcfpp4VWe/TH+U/zt9/F9/Dcc9/CzlU+Yf97f6Xf6i3T93eXoF/Lrp+Xon3BdfVH+q/RPy9fwupT0cB2G4FPx7NpvgxlBM8ZZ4IxHJgEWIGeunuYRFFDSmniJWh0EuAx9VEVQgSQTEuQO9Vl/9S+aIKFdS0CdLTTJc5dct1q3A4D3ue0Vz3aJr9ydu8a5ogkeUNKaWG/hk0oeGvkSH03nvin1TRJbSAjWwlPS8xKis1OSC3WoTBUfe9Wkh5Y54r5XzsqEBnd10+MjTuAQjvXaNRdH/CScwAwRYowHRARzs2YT7R4NgHl1D10Iweh0GeautCRQrT8zt9Z6IyoROlVdlDKeYKMCHVX8ZGMGhdYakWJIL1qgxN4BUdZGIKzKXWHVN1OSo9b6smzbpqpLa89tY2ZjJW/bsy2PtqzbtiHIs39rrRugmZ7lbdv68/v353OIUMwYpLAxb9sTn08g6gEm8HMYuKat+VSqFrXNRebGGPqrcgzYoZztIDwUQEBYpFPvvbdGvZEKMSiriDARgDhbL+VBJehrAKBqECIF8ieGFojscCxNRNMxclA0qdRjR8V9yifw+ewnyWnbD5CEPIhIFFD8ckSEJCRidEJyWdEZvrB0QkLmIvNMRM1m69Za/7b8+u2X//zyS1/WdV3f3t4+Pj7+/e9/f3x8vL29vb29reu6rk4o7L231nMUHHYVJAZQ5xOLFEt4vasgWsCXF0RKBG0/+5dIhxEdzeK9gShYBMrjhIAVM8uFy9NPT+RzAvclu3r3dX9sgSzLgrMbuS+gOFu9KKqN5UDKFS7T1XcUfGbX01xAg1h2rrwuYr9MBEgvuTMpF7s9qnpcXw5l1pXo0D6XotnH9RFAQCzqnoFIlKH+dL8gAVCQdhOXszmBAt4ntE0LqX4pNvX1ZclLS+3wE07j1Bed1VOwGKETECt63flKY51f5pwnSeZj4UDhJFl9RrYeY/DgMcR4fuLKn7yNbRtb8P5MshMkccfBYzx5sIgqCAiIiCijRWkt7xcJ6875Vjw6IbNBklJvRFWJIjS0qAYieMkptniDPiM1sokXYwprPr1YTFlEQmqttSaqZUPFbbfddtttt9122223/UPs5Hfd4RfwIv1V/kjHr/iNX6fDl/Of6/9P8eff6Xf6RXqH5FHVTzil3Ol3+i4dfnc58IX8cJGee0D09OvPXvfis94XfCH98/s6lVAi3IhtjzePuHMCjJFjTlBoiDDhjVghq5tvLptOmPCiXXcO66nJCXAUENx9mfjklLByjiMioGkAOq3QmTkWeQmC4+M8EgVRRXP/V0LMJ4S2g48y/doA5h49Vv4MxdXySx6oXlcJeqbdaeTfoUJFJMCSpF663svBqXrpnX9Fy6v+3AoGHDyzh2xnN27CUa+wyR9CrZVvdIAGDxe9kBXdZavIwb5l4OAv3rkfsy2yWQhmHQgICNRFKT3KJiQP7gobStRc0zlf+kb089nTDJghwqSnxGaxZhA7GHcRUZ3qm+dndCsgQlElhAS0wDFzJVQeqiyAgIqohNRaR1JFagCw9oX69zGGMENIevZlGWOoyNv7v4QHoRP+ns/nt2/fWKkrUX8oQHfnL/AY9PyO1FpbHkELUdHt+3P7/tysfNRoSch4gQD666/fRMTa+fvzacxCBY/4OIS/P78p69ieY/iEBQCNsLfFuUDoSqMmw2kYgk0dgK2ZE9pnGnKXuD8a356XkQnjYYOJt+Zuh/mIj1Bf0gdd5KOIVCJE5MGMUJBKldYCOAPpuaCsKDALCpOY7mdr1Cpp27g38Q2UnYeKiKCkHo0MGBQRngBjsDnge+/ruj4ej3Vd397f/v2vf//Xf//X2+PdREfXdV2WpS+L0wmdVkip8VtRw0ocHGMcJpCDanQIPIqDtn4nmLCXB+20RhRDhABRyfqJqBgcR7G3zEsGRDAipSm6Zs1wNrVvbbnkxl3Ob7ucV3OsHjHI0j1ir8K+vyiAAir4amJIoSTaGJiggl6nJ9p9bfEoFI59NSpwmb7PFIv2nMD8lufE6e8Oejgrd5Y4Dn41+Rd6WQELf7hS5DtBo5Y340/b1seYERFATag5VH2nJCfONyeQudxKYHqgOranxOxsBxJwmbMPQzVUclNV0O6Sf8cW/y/ZeQYaMjM7yMcR4dVQwOe2eX6RYbEAh/+vAIkBSVqV2OIOsiqKisZzsXw2hdipTpl0iU8xVrzXFCbNUhXBowOqBM4oygj5ymfvWaAKIiHojAb+IRESttgVkyt4CEQQUOutUYSoVJuoG9oUZisgYaPWW+99B2Dedtttt91222233XbbP8VOflesKTD9tHjl3cU/xx+OX86Pf+h17/Q7/U9ODwbhDksoiOKdfqdfp+vvLke/kF8/LUd/a/3B0xFAPrkv/UL6p/eVDMKSLqEQJbaJXXTWJ7xOgRZ6bWcQoCCNEVGlP0xawcRhdC8TmnhhVg+Kqw2CwYUBH9od4XTVOjIz5xMvK+TOTKpRZHfdVzqcNeUKUdvBbF9UaTtlRnRdSsjbLFc80F3wcO4nlz7U7UzOACeTZXtO2O8AnaZ//MiE+/SWS1Cl325XaN/8uueHXDRFnHVqmQBpVKuH+1jVtidNYnQq7/ZBOYHAB80B6zg1XFx6Ppf99Xa9K1yp2Q8RfThTPA4bkUQeoGkOcutA8Sh7716CiIu0BUiVjwhBGJ3m2LAjEVS9PdUOCoAMKKi9KbXW19UIKyqsoIQgLM9ta9+/AXZsixhHLwAbVR3PDdvSlwGqJhopqjLGsz0bfWvbxsyImuEVK0De+wpGhkN8Pp/DvOkqppvHMp7PhYeouHOdhRJnynslQJmTBMTURYTN5j5XNiVVQINT81nEewjmg53TkyP38xvSi0Ex8+zmtygxOtbOdgQsl0gNrT/7ZJUBIwm+dfy21mwCnvRWVUSJQcE8BvXR2mKdLGiCjYiWZfn4+Pjv//+/398/1vVtWZb39/fH4/F4PJZl6b333hcDC1srlyvzRrSDiGRipuyHsHXXgi0h4Jx5MEKXgYiSqTCyCCgCAaJaoEmcT8U3jiStvSxByVPMResr89NuZtjT2goueHhwxxM1us9ufUdXOC1PX0GlhDQs6SABc+M+HU89p1oihBfo4NwNVJfM3RtCbr7ZrXdJhIsOLT7xHOFyEQGiucXnc4CwNPNxZ8nlJK+qgEBFZsDRKqeyOaYFiXwFRlj2hWjKqCuLxm6jgu5NUnOG37M3I+FJGTypf3IBAj1nRvVLeqKlOAtQxNiBlrJtmyUa888SKw1xSndGDeOHQDOjh5haM4TQedlGEpMKOiu9tHO8XzmfUj1uKqBhdjCXEg1JVzU4EAFQqTUjNzcin72JELAhmjQ0IUFrnRrZjgPbQtHA1wAz1zZujQgl997cdtttt91222233XbbP8fKZvT5efbrHtNf5S8pr/zGu/w002v+WqvP/c/n+v9m/zn+QeXc6Xf66/SuJhe491u4d+NOv9NfpuvP5ddjeiJhn5YDF+ma+fUH141gOKfy9Wv3NcuH6/RX5eih/lDul5mLv8koHq5tGNQb/6/q46lLc01UqerdJSaj4gMbpxv0msNRHYUH4MpOKgfTq1X5clEyXuiVRUkHX2T1v9cqFffo9GgXv7ZeuVCLr60UfonVVaDr3CD1rFfI3CdO1Xripae1Fn629Eum+uXlLZzrc5YGPfx6votzrV4JzaV46SfZrJjTd1QE3dnumlbtFjEX50gJzoqR9gAJW/ZJ8wbPVjzfWsVNVSu0F65uMPnRqHXpSvaThWbyCIgxCsNJiykxavfm3B1RRAASImoWkU4Mx1RWReyIyMy7BhS1h/58PolaawqAKOJ8EVVlHWMTZRsCYxtAHVuntj54WCgpUeExzF09lq2vb6JCiEDAG49t27Zn74/e+vZ8ikjv1NrSqBnXl8UYNbosa+wMAGPVDOYh/Hw+mYcoC7+jmtbreD6f27YJc/iS7TEhKTBMxlPQBw2eB3f4ixKC/z/aNfAX35Ggc8pCoxCbYGxOnbjvwucxUXujEyWVcgzh/sGXUZMzz+xaqiosoEcytPnWmZmIAMzB3rQ1x+rKVEytrw8ngxPRGN1wRED8z3/+85///Z+39/fH+rau68fHx/vHx/vb2/p4rMti6qOTU1gIhYFS4mHI17nRauKMNHR8towRgNMsl4hIxDMjRGhEqopTrNdhwsAIMaEsIgUAtbGAuXZdzw+HlD1PFAtmNue9S9gi+KuTIXrqAwFnAeRKEuzZghHu0mtnKHX1vpMLe8ERFRVkn6EglzOA/eGiVoKo5i3TvHeUKEeRymQ+uz4a2IYqIrSfR/cVj3eCfZtrLismVV2XtgMZXUzJWQzhU5vBILTRY3DHr/G3tmODhr8lqudgYMCDMacn7LfXAI3zIp5f5uLBjgqKjG0beZ6TBS2CoAOGNfifXSsLh9jO4CexHCYVn5FntMCJH4LfprJLjUYg1lxsAAgBEQRl34WTbUuIioDB80NEag17X00lOy7rC1Gj3oiIsGNzvVBsBgQGp7Aj2VWJHCBsrWFfOgE1pNaot94CJWzdYuxiUh6/BOnfdtttt91222233XbbX2WqevT3YvW7YvpvTQbm6B/Gn/d748/l9+3Qf79//k6/0/+A9I7uooP8dLed3ul3+p+Yrl/Kr397PbO2X87vdQYNXH7mAUB4bpsxY9LLK4EGICCpdtT0TDkKiGDO4R1ZIm3KeO0QrHKFHVktzzM/8iHq1Y6ZUUqrKWfcKE+MGDc7BOYV/HbGpezfks0d1mec7wxW1fut0GBF4A739apiRLvgXpfXquXUsHy1ic4svQrKfoLkXUGhu0ufccdXrXq+wXP3qAGczp0kW+OAVmK+jx0IPQCqlXE366gq1lTmmJ6dWcHiWnk/BBIHhxxTBICAVxIqtuHHBxg4e8kUwTXUgvxOnNamzgNxzCWiDAIoMJjgpDolEa1mipgAACEYe0Mtep4xP0DZhCfVJfUM3amBD42qogiRbgGgDIdRU5xrSzf3+RhDN0Zq69re1jdFFZFtG//55T/r483KFBOyA0RE1vH89nw+n2N7yqbPxxvzAIDH4lHuVM2TvikoUXetWhFm/vX7t+e20bbhtonI0hsVSHSMsa3PMUb4931QAUDEHVVVkDKI3YNvtLwkZUUwOGt1QI+0NqFXh1Us6BYixUBz+GkyodWxhtL9UEEVgUrUPQngmQJf0ey1DhGUXQ31gFpwVeE4axlkAoCKpMLIxiBEJ+aELK1RnayRW+t9WWxulMG8jV9/+cXIgu/v/5qBCR+Pt8fj7e3t8Xi8fXys69paM0KhgdBE1Lp3qsPwP071Do8JKqLTy+gw0R3uy5CSDp2QJG7b6JFlWk6YCkQFEVXQRoaGbKxRXF3ftV5x6kzWqdLhTIUdpOnIFhZS/LnO8QchogHMdJ2r/FOJiXu4b/cVQvIWNCnyfu+xQcgxZXCEWzNDtFIIQWMKIXirgKOtZdZ01crIELRXFAid2Mr7VKPvAZgiLyRAWJ5RTuw7PerzppnKRz+ig8LMQ0L0wH6wB2IAm48EDlZf1N6D/qkYEzr/bA65Tt62zdQ+HbQbzGNYkrP+xmDhjXl7Pgez70tQHdswdVA23HCMFNz2Gaks+vmTXfr8umIP3vFLMQTTmZGxEvnE5On+mCWBcP8DytBQMMagEhE6ZRuVtL7SJMJP+aqELZ8MEaxrN8xvdmxQBKXWl96X3pe2GH7fqFEj9DiPQNSpITaLK0i996AYYkOi1nprvTWyKdUxSqspZp94NTncdtttt91222233XbbX28FrfDtqr4XefpXU+2m+mmnP7KW8MJ/u0+/LGfmd//u/APyc/8wXKbjF/zS+CL9637pV/f7z8IF7vR/VPqLGIT35/35g0/4S0r4PM/xV6M7zHT8nbX6yvGnJcDFWWMwALTeiRoai0AEzUM3sQpITxZRuJrS9zcDYvmKg8lwig3n1c5g0qVP2U5n5ktkqzL/KsCWIJzHRIrKw15a8xXQeAVoVfZDVgMO+e1eXZvwCio7AUYTljNS14k0+RJaOzfXRJgQTQMwE9MveeYpHup/eYnUCXyV8wBDHrJlrQ4XPfONDhc9IJH1lmshZ9piCe/nfU8z1FK429FZZfYkdzg0piM22EJkwnapmCceVgmxZVXTUW6u+SywoCNGVhFndCAhYGJEBdMtcJE/NaIGoIgKomAIj92dUzwMZVEhk0G1UKEIiMAsEEBWpz6YVdUGq9FBAKi1RXUgQOuEIkgCoUUXSLYQdmEh0sdj6W21EWZxAQF0WYRosZuxOS4HyDa2vmxvg1VUxhjbJiKI0Ft39VSPrMWqYgK8NuSf2xN7Xzbzzo9tewMRUBEdKsoiY4xlW5iHSfo5bBCP2OOKOWKnKTPILDRIjGCXyVJYTQgNUGAyqhUUkEAByO6LLBheSDFO1nIOkzoOEGssVVANcibM3+ww5+jZFS1ppoT8ZsFObOpw9hVga02EHO1GbI06iCCJKqKIhTpUBQBrNiLT1kXmsW1keN/379+XZTV50XVd3x5vb2/vb+9vb29v62NdHw/DDk19tLXFAEJjrKZgYOLcuS4oqILY0hPTAlhcuOhpF3sLrD/YHdUWRgtAF/NtmpOrEAnFIuYSOpVMow3nqhGrIs6/pAKoQYD8M8qz5d80OZGUh+09D5K1FqMAZxadMgWxGO/wQy0HFdnztDk37n+BCZTGgpv8Z92XHRdUgcygGBtfXBJ5vrRYsT4TOtCmKuBEVDTdZRfGFEGkRm3GR1WHH6PYGJAOlM8hplpFMyX30MR9ZVYRjXCAUxvdJYcl0pP+p741QpnH4DF42IrIErQ/Gwb2lQdnGktlDU4+oQgLb9vIGI16xQs8vIdk7bMn+31jZMr1wqWrvUmyHFVrbMq4moSAnULqdWoNdWqOuNkOL8jF0bWHscX65U8QrWTCiNCKuRtJW2uPx1vvtpmjLrJM1Hrvy9KXthACEbWIb+rrpwemNNjPNhM0Iuq9G12RkFqRnYgNDURUet9tt91222233Xbbbbf9g+zkcd35eH/k+4WveIA/Kf+HZRL+ztLuz/vzn/QZMQj1/rw/f+pT/5ISPs/z6tffUzf9mWOy42A/ZDnwyVnBYwixM7VwZYqIhNDMdxSyhuboab1NFhcA4VScU1ATWSt+3goQ0m51PaAyBcPLDFV2r+JHB5Rueq7Mgwka2+ERYPqR9/kvELJLelzGeovbSZ5Q/nRBd9hpru7dhWfU8JJYma1xzvAKTz38VNiHKSxWHNbl65mdeW6c2iavvtb7qgefUIUOTXcGUF/BiheVTHqIferR0x6PsLrYJynQiQzx70yzzhaAkY+rJJOV0giDfBiFYtYQVXIrjGF41ksBwLG97MAVHPVebIBWBtVKPmMEgCNTQyWrKLgjfzqDEUlBRIkMPOYQDEakZlu6CCX7bFBrWJFREFFUoLemy/wtH1bva2orKvoSLiq0jdaHqqCCjDHGUBFE7K0n7W8HDqgIyxij9WdrD1cYFWEZyoN5G+zBunjwGBszy2Cj/ohFUBUR4XgzVzDJXAdmLVoqWqwwUPFHKpIgRLi2Q2YwIrKqB2sFJHOs+zP31vdJl1RF1EerqBJCwDDoPWLOWlrmJXDEpTyVQImCABmUR5xxEHcjxRAkBSUlUrLnIIACjNCsbBah5oEYQViZnTdk0n421SNt29a7z/Kt98eyPh6P9e2xLIuhgx8f74+3t3Vdl2XtfenLsizGJuoFCbDy4hBRydCiZBBCBmT1Lo0zxSLAEZJh8yyMgg1aYIuKREgOR3uQUMrO7xw6MdzXnxrllBKTt39izgQJvZENCOefOec0JpZ8fvsprIRATEwvKF750LFMuwlFXgdbqytRQN/iZZUJKzuQ1ukq1mbMDHVxnNizvS+k0uucfRUR62yMgfSJyLDuamEe7SxjIhsHTNSIb2ocXlYRUwG17UdQoDGD/JyB6Ji+gXTqfGAHXj0QoEdJlvgQdo4f214BZwl76FKxhUeYtzG28RxjgKqBf3ma44rsFdjGKBqecwlLII9VmYdGeFrNNR2AWbIfSdWXzmldxEWKwW5cIDZjlFVihysTknVEcvwMW5twOEAoIcfH2jsZF7zotCNmAlALfWuDc6k53xwbEQGRdRnrINTaY30sy0LUoq8hIKoKIhgc2FtH26VC1Fvvvady9lz7XTnaZpTuK5pRtr3rOZKI5Lrmc92+7bbbbrvttttuu+22f4qdfLYv8Auc6Tj9sZclfP75x+IjN9pyf/5f9VliEN6f9+dPfOrvLAG+VMLneS5+hYuSzz1cX/96fe6+zIvj/XWP5ddfkZrt9R8s7q0CQUJCbEYpITRvkTGWWu9GUDOnGaiabxmNFQM7wMlXUUQA0gIcmlcQjlJXk/RWEsE8+wXSg7GZXgAAIABJREFUO6JHkW2qd6ZeVuI3n0BNaXtgZiJzBeh5deKEAw8oXfUt1sB+B3QwwddzOu65j6+Qtpp+IDOZBzha7EC7BMSJDdcHdxma8fK6he3xg5y1qc94Z7bS4X5flVaezgnIxKOHPVgVoOnrzpECx/JtkLmeJIDFjmMIDAwUg0qYjMUzzq07E0RtfiuUGJB306LuJwLJhSvcUFBQEDF5RZye31lnQsc+VEGcZmNYTJRFnZy0b5qLaDGlEIma+ZpbKU9EyGJJiYiwgprzFgNWc91KEbHYgdYyTlBSZWbFQZ1dDHBI5y0AwobhNA80Q0RkmOd+jLY8lmUz57+KAOrgbdu+P7fvPBwI5G0wM2/b2MY2NnXOz9i276mE3BqNMYYTFdEQvqYqgsCO7QlKTGg+agytYGZWjqisPkwCfZmsszl0CEQRrHBVc6nPXRcOHIsFBwNQgAztZhguqQLYXAcIhCKSuw8QQUWxbGyoIyX7vIJTmTzTUBbbwNEQEUREWrNjhKFss0HgeIYvI9PGI6Vo8Tv13pe+9NZoWdbH29v7+/ubRSi0GIWPt4fTCt8iRmFvzfaWuAwpmZQgqao2JAMrguJV5wT1/mu4CxFhE8WhAxgAvVM2bYhAGjK8qkQJnatRMgWRQmgRFZuT/wzHdrSvwvD5IpCbBOIh+6YAA3Xm5LOfM/xBBz7kReTEWB6bK7SUMY9z/slrxVKsu+lJnGy6Y2ZXBnky0SuNPusswurcwbh2ibQJ1m4somp4ahHGtAspomzbVsE+C6Rh0prGGjOA0DV+WQezqXsCYeJmGFPM3GcgDvCNMXgwiEA8XAVIFVA1wjEoqLLI9tw81F8w+TJnuWtjL2/MrCzJ9nOCoIqo5jB21eKIW1o7p8YbDzOHiKqvQYSIgL41QSFDFBbw3vqmIigREoIGvdt6Rmto7Ejj49r2DwBo1G1C8LHUKQOAJr6d04IqPB6rcfhwgv/kX5GQlMghaUTsi13MUMLWgn2Y/bk16n1dltXeTCSE53M7RWttWVo29YxOSkTRUcVHgKU2r5avlAGrIzRLi+oextdtt91222233Xbbbbf97Xbhy013YU23X84eY7j0JF+VMMv/Qz3nf2xp9+f9+Sd/9sC1Y8vyfXwf/yXH+ueUD39kmYrmDbLR8oPraiqclXSdfpf0bSMCoICH30JQSqknJGpORqngh6QD2jfRq4Ac4uT5CmpibyeA5ywXmT64c3y+w9lnDO+QfigTcXehA1J4LvNsuehfYnOXd1e9tCk7NtX2dPrXzE9a049+/3DyXqJlFVort4z7VqqtMRv2XO2Kb13e4zkw5OcNeFnbMxHwssxDC+Q9nimJ59PL13DCO7c14FDA6hp/BRjvqh0sHUfZCgR5ZqMeLB9g+Oszdp3jIiK47wOwwz6DonGsUoWLHKycHvBQeXMAWhULcmxnksk8BnPLsVEFVSUkaIhgZ3ZEjbijpbULmA1GHBJRAR3MgLgANm32BGgFHkOEjZiStx7oiKhKxv3qY/A2trExs4oC6sbPti1tW9WVBXk8x7ZtvAweY+WNB6uwyNi2BxIY48jmOBRCFRYBJKMHjTGMc4kIKjY2/eYSFyGiJqQRp24lgkBNQlRQaDJLdRtsUcFQEYgInTEHaoqkaPRPD4en3v0cH46p2oVaAQGQAC3wXkajPMBCBzT6SD5GD2ApKCiMJv+pChpztUEcgCqqIMwzAmZrE4K2GGKtdzLo75dlWZdlWdb14UEK3z7e398fb2/Lsi7Luq7rsizLsvbQHjXMwEBDRYXesHVbGrIXIaIqOzQePEFWRRESadoAERgaNQvp2HazCmnolIJxmwgBBIg8FqHY7RIAhbYr7FqvonrJfJq4346JbNEig1wKEAvk3NURk0yuvLuBXaeL/VSjENtZ/E9EnTkQEbARCcx55zzbHLZZ1MuJSMYs1V2e2OQAQIiic4NCCZxn12EV3sZTS5g9/4HZVrHz9ojE7lRCClRNx1iYhYfDhybgObZt2zYeQ+yEIhk6eDOicN7gTko0Kc+hC3qgsFs7CPu1Eno87E2BmIySq7prZwAFFWETybTn5bFj1SWd/SnEk8/dP077VCGCZqKcpOgbOJSIjMr8eKwOrvueoe7indRab0iABL331hoAWmvYi0RvvbWeAOHkBmMr64W21nxWBKzDE3P7R3R8Vd+0FJejhLtz2UKE3juRbTUiImjUqZkUKkGK1iqUGnXnM9rwD7SYcrpxvPVGCG+77bbbbrvttttu+2dZ+mOnrxXKsQaWEb/4n535Dp0hZg7pL49hj4/U40N9rs79cfr+Xn5vns+PP6/DfXwfXxz3UBsFVAwZJNvmfKff6Z+k6+8sx9ziP8oPn5aj5/SgRNR0/R33ZXENM5LQ+boa14XTdQ/3CMELpPCFies+oe8BRw9icyRyJeIVG9d3vkLLk95q20cOIABJZZhZLkUyDyQ88PkhMZV4YmWTeThyoeTBGRBOLsLgpf2Q7gZ7JPLVKenp9mg/OwYGlKiNOzithuk6lF+b/RLXPN9U8g73F9qddYZUJ2vm6mZf3bWe/NSHPFUc9XA7eWI6tT+50CUA+QmgePETGl5u6ZpdKHvOCYS+vHs83GxiGa/6w/5Rwh4gdEDBLofoGNscVaFMmNjQ7kHazxockkJxOcBIcXW/cjym3XNJPpEqKKSvfJ6GSgQzepbuWgBEtZGRujyKqcFegEBAPu4FgAgdCPFJDooAqoVlVAtN1TrTho2YGRSAoPPSl2Xww26UB2/L8/v372MbwkP0oSz+y9gAlcfgbROQbdtYuCuPwYPY8FPChmqMFWDWpPIYLQpREDlazx9D691Q6tQwFBEsaJY2UHK2jO26AEABVXb0SQlQSSM0IoZK4fTKhzS0nS0W+9IbGaFRRnDL0VR3G1xNL2hoB6oACCI2EsdCyTAOM2EGm/StVwH7I7SgiyzchI27tG3b9++GWZi+YF+WdX24revb4/F4e7w9Hu9LmAEMvbfWCYm2oBkGEmlQh4DpHgIoYEPKKLgUe0yUPf6nrTazKUw/OUKFEqICKqKyKCiAEIKKLUB+71j/mAqwiMhhicu5xRC7RPJ8GpjN7H8y+Qp8NRVoMCZ3tL0QQ54YoWMqU8B6Pk2knH2i1glx+vNnzs0iKtYCCoGBCWgwf1WnlmaBC1mcGm3Tgktwmg6nMICO8cxJOwKRQhABJSMD5uYYg+wKSiiGCLLwGDyM2BeZLZ+dY8VYx5glZfRTVUOF7fbQ6ZpzV4QewosCIoCwRzw1NlyuewZfTljRcf0Zz3ZO4qCqAkgKBKggEo/Q5g1jZ9vM1mxwExFS87NFiLA1MtZgAITSWrNn3fuSw6W1tixr670VaXcktDGVj8BEm/vSl7603o0PmMRB3HVpdYVpH9lIiGhwpPpuB+N3ehcA9NCC1AAp5hkCJHs2AEqNeif0iLrqEaoJEDJGb13851YnSmcHgAGE86cbILzttttuu+2222677Z9n6Y+d/luECz8wvPD3XqfjZ35m/If42+/0O/1vSO/TbWMIeToS9U6/0//EdJ97f5Bff7Z8+CPrmVfPVeKT68Yejav6744TIMVwx4ZbyXyLufHbB+kLnOwAnBQXdubZua0R4QyMvXDOYvkvAR7YAzkHJAwDQJn4ScEsr4GuT7Cxr/yke09YZfZUbOwMf1Zl0eror0W9gqAON4WvHdwHe4XqfRF7O3DIaoZXiOYrdPCMK59PuWQNnq/++R3XDVsl7Qi9WefcF/sCDz7dda35HsGFPUA4u24CgfWxH4q3S3j4KogGCXRQHVeaarrnhjoYIhEdmy7c9GBgUlSGLBQWKRkfqDa7fSbD1bzOIkCq1KhBmy1DAKBCCAqmWmx3QkQeEMvQQ7TQWNIa0WhstCciZl7GOmSAqIoyj++tA1Jrm1iVTLVYdfAGoGNsY9tYuW2bMZe2bRuDhUVFZRFTygMAHpxbKxQMjeDQO5wyyK01JDQUo7dmgAfo3ASw2CQAqgJiK4pCvOGAIgCRffUtC9G4FA9UAZxu6S2GEJs9jK7jwOJ+LLwa8hMyCsVHnwYdxTAOz5yBjS3k2HTBj4mo2dQkEjzL2ATRyBGE3hcjD64Pkxt9PD7WaY9lWZbFlEedkORSpL331om6s6gdrQkkDZ0yi4wCbAuGEhl0BODSl5SYjqMzxhvM8SMWus8AG0RCOU7IwaSjGa7vYqhrYvVz/sE5xOZmjjIvHAspZ+WgM2BuxwEVnQKzc6yZvnAZrYa5xRgkIlDYxuYQHwAPltAUZWYFyetlv60K2CLiJSqYOKdlSWYegA7e7IZNDdiDiDJb2Eg/KJqfDvxNNdEI7ykeC3CnLD1rNomOKZEdl+KyoWG+VMhsCiw7MKbCtooEFir+fhCPrJIRM3Rf2Q5heFoqcsfuKaPNuQAoOedu4u40J32HzRBFW6PWyGh/gZJpa826noXxMwjQmLjLsrhUrwN/1EPm3VrKinKjTjuAcE4O1r65EgWXGWPypbrtw2HOmBaMYphzE1KL/iCI1DuhS5cKYcMgAsZTmIuataq/Uh62JdW3t9Neottuu+2222677bbbbvvbLdCKGVkw3nH3fteZ83f7gX9QDv5c+XCZfvYbn8vB31j/O/1O/x3pPfc7uwfxPr6Pv3Ssv7OcuRH/s/yf57mow/QeznQ9nasvjs/557GWeITnOuyve1F+3q8F33KBqGRXFKdSCyfyId7bAba5JP/tvTzqqypA5Q5eL71799DZCX6plnkoM5Af9GXzBYnw4Fuf5LJXuNBrCO2ySmd49ez/esVrvGylQ7Of7/oVFPrKMtcZ5b288UtY7kvUzB33ZdeRXvoE1UG886/p3f5hY5bHsU/PoWEtVlCFPR78qkF2HfJQgd0dqQDObm9dS8rJgfAhhEIshkvXcphwIcIUrswRjyEPeu5aRTpPa8sYCrQP9jkbWZWMeTNRIiREVNYMOZltFSQkD5EHCo1izCUiiwCq1EhEbM+BVcmrGt5oUVVCbAKqIq25biFQaxZdcAwWZhUZzAANtG30FGEC37anKhZ+zIITqurYNjaA8Pl8bk/heOLW3iIWdawAhIZQDJEMkAVBk/aGdzhhsBQsZP4EAioAIICuaEmkCBbhUcnaygHCxCl9f4A9WERFQJN6NADDlU7LXFp75yUGXPzvsVSAiuQzNnAiSFFO0kIkciCtzPk2ynzvSAQubIQ8UQRqvRH13gMnfF/XZXVy4fvjsfRlab0tfVmWpS+9N8MUl97XRk0TdZm3g64Ci9gacetLsKzKGPVbQXAmGSkKIjEKagYyQxs+JEQdUAkAAskJxE8NsprjNR67OHEQHIDfN3uutAre/UHnLDm5gbEHAS25rBIOFwtLztuiKQEKSZZ07AyCdqWiahAdMyOg08sAvj2/W7hKReBtiMdhNOAcspcmcscRli+5gMzM4hKgxjt0DqDL825WpgX2kyDfTT1tBQ8lauBf3GfEH5Sg5DkemctX4KQS01rpzAncqrJw9ABnu/nQFc4RkysMYrMuLCJjbLHzQuOaPndmxYisf1PGJbVnbAigvSCBxlgARA/U14qwp42g3MyBEDH+WmsE0Ih6bw4Qok/nvXdD9GxcpK3r2vtCzfXe83XC9lXUHSEWJNXg9ggCmP2sLNoI4NAcqW+gAiSKDQ2Kvg+lbBajvCK5VgRi32mn56KjDtEjEBIcdBdiLQj0MkiD9uv+rfJy99htt91222233Xbbbbf9jZY+2PkZrpidjzc8r698ywixId1e56+PYfKq/ij/Of7tfvv7+D7+iePuf0NC+ceP9U6/0/+8dP1zyncK4W8vR8MjqJmGpbY/eV3nsGtJRwQHBsE9NnndimccEK8MdKcKCBNLuPTpIDrbQzXJSbPwLLkE0jPnF01Frys745SXkBg6FWdqXZ2IHXo4wP2xvuAOHpHFU1slO9AaLdXSVLW1GUWrqrNWdOfMKayJmb8GILy0Sz/bHi7dBY6qGZJgkccHVK92iVr4rj+EXJ7kNcJXaTncU3jswzAJIC/sy/RBz36dgk4dO1y/IOKz3seLuiBbYbKUNpkHEhDdHMjG4FBLMoQJUmXSWiuIX+56JmsotCHhCGFokzrYf+KwmoBe4Qtmd1LTzLQ7sgqUvuQAZUKnKioeTc8mF4rrUwMVJa++AIqHfgNs2agijIiNiIyMY/0neqf5oQUQyBlFpJ0iHGkjYpHWR/P4ZEzMRA2p9W21kGAG9zFzGxsAiKyLiIKOsTEL8/jevhF9ZxFCbNQQUUXGNuj5jOlBCnoyDPKIFp0g68RXOpvc6BiDyV3ngkTICi1b0SAGBeUAdhXJeXyQUfhARDKSa2aT6I8Z2y62eWgNHXeJiGfsVcO9NARLZ0cFtfCDKVUZrG4HCM2Lr0qiSEjANmBD+ZOIqJlOaWudVIfqttHz+f1b773/0o1Z2JfH4215LMvqaqRvb6ZG+ng8Httz6X0hagBOwzJCU9QPM1Zr730DdP5h7xgYHxXOFiAIowUeZHBVV0OriUiFBcR0SJ0GCRiq3wCBBeXilC0543KW6WD2iQDIfSNImUnjtxx6FTz0/Qih8ymOUhrTjXdxBG3YOQXOHqCCgAYFj1HB1FpBHSC04sc2WFhVQWCMbTCLMIAEtY+jgODqEQXXdoSOrtpuUWVldnFdQ0OZefDIymWvJCQRYR5GIcQyGUq0iOHMwfAzGA9UZTzZXhUQqb4zAFC0nooMn01RVDD2Q6HIANuFASLsD4eoU0MEFFUFB/Zovu0kUbrn5G0duzXrh/6srWc2AkLDHYOhB9h7MyQvtBaas2udbktJuCVE67+Rcw7cvlgyJa22996Xvixr762oOKCIwmTf7Xh4ImKjyQrfv/oFiE0IBEhISgzejkRkq43r0Pr+jllLJGxkgF8oTRN1gHhn1FxWnE1e6Mve03PqCTTRWzBUfXPJyWX0Bghvu+2222677bbbbvtHWXDwpo9tj19gyVkdrjM5/LcIu5d1LH7d3Uvw6/J/WM5X0r/qly6+5d9cDv6G697p/4+nd+dQwERByuedfqe/Sn91/NVy4OLXVyk/UT5clKyn/PppOXo+huty5vH+usfy66/m0grCubqUpynQUSiNJqvpjAKqskqIbFE6uC8Rr3TIveLwVXwq54qv+Ikqqe7Fr9Or+0kJv/kqFW87k8nSyZh4jIhUKbNXpZ0rlv7nSuh0gb4r+2LrHdCvQ62uKUrl1g5XOZIaM7bTAWALrPgAqh0QODilZ4UvQdnTjWtBRk6tUd+z6qg9MVavb8FRzIsmjTpYPU9l6rEN815rTYKWYZyMQOtAZ65Ke9xfYs+btA6zG4AHZD0INAC7hzJvHxGFJK9WoESgYENZDDNxYDPRGKBGDqJYn98D9lZU144IJkAIChI7AwgJVWx62Yh4MDZpbWmt82C2UFiIosI8ns+nFWLNvm3b4MFjNGqtLyqKhL01ABTmsY3en4YT2Y0aY0pkWLiymDeMruRwzZRPZCZqRI15JKjjIA76tOs8V5AR64zjSequ8sSeJjUzpwiY+Lg1KAQ068gTgCEQVvXEoMS4Zhrd+9RDM2psWQ/U4AdEsRCVhkoqKSowgGF33uN8wrdkFGHibnfD3Ih5bMPghdba8usvy7K03qm3dV0fbx6w8P3xZgQp0x41jNCEEk03VMDnyd77uq6kU/DQARtjZSVYA0A+nBVACNCxmpaARAuVljmAIJpJJRcsKJz8aXUgQDAIp2hmPKeJCMrhXBHZKfTmcd3kIS70OTl5KpLxCzli+CVcZgw+tfJZntvTyK+iOozhp2qEP+YhwjpDEM7QgBrYHUsqg3IMIvQofRGP0HAgq9n+XSDXNd9zUDnKRBAcTAsgKSrKLIBq+5NUmYeEqC8qiHd1TSBQbatBIqA+ixJapFObJIEaRacnJz8jKEgvAfACnaL6FedrTL7MuKpn9DMiwx0D8gMMJK9jBuwjjxtoKJ3mSwzi0tdmUC640qY9nWVdWhAEs4e31pZlCYVPbK0poCggzrcsDBH4uAJlnL863gNFtTZyCJxij4klRm/EuvpkLGpCQkKb4JiVKEj/+ze9ZP6lH2Hyaa3P4uGFwTt+vnDkS9FP7v657bbbbrvttttuu+22P9dOnlUocY1qOn7uN47SDiXoVWmX5f9z/PB3+p3+J6b3gsnfn/fnX/epX8ppOy9+omT4vXXTMiLm8Q9r++K6etrVYt4lW8E83I8xujJsDvMFgW8CM0a+wpl+gfFYrENMF9KZJqf7YnHvQvqSVS/VrsB4cofK/xAAO9zvV9xVO12+EzpYM1RX2td3zR/QqfOFzvUJ2bvP7OABP8OTB4T4fMuXrZolWAi0w69Y7JNbgMDNamXOEOyXnYm6HyJexjlRg9JQ2qFet15Oo49bMXkJLXU/lz4HgA3Dw02VaHOB8M3rKrrmZN4AAk4hi10/ca95xuXKAoN15R5n9SUZoYYVTIDQaH0kZFeJ2GY+rCPIlzCKj3YiKnFGDQc7y+1SwCizqsIoCqCtEE/sykQNkQaxioDCIiuziLC6VDIPHtSXxBwRoT+fY2xjDGy9r5uJmCIRuurgGMtTnfAYRElh5cEiqhxSq/Yen5jKGDyEhXm0xq115sHs8J5OMqqqKrMjPC1e71WEmdEiOxJNELHg6K7WGI2PgsIqBhUrenUFxB+rMeEoa2mXR3PSIyrW/hqEOPDHUtlyiJqyioED+RxiEQtjOkUBASAHEVW0KSEpKCITN2mU6P+z9d67Mf1a731Z1mVZ1/Xt8Rah1tZlWQydcYIgNQAUB5yw9+Wxrg7nUK5NjZrzsUJSESk5gSqI2Cx2WwsGFraMEAeFialGbEqAAkDnyhSQ71QLDdKlMy9rOL8KJxotuaSIA32uGhptnngdIGrV/SwR/DSwOuPwZRy+BP8OZ00h3KgWM4vwoU6mrCkBdQ5JSA8NLM8J1sPdATGzDyAfYzb0QopVNYin3ovLupw4kSF/YtKqgkImvwvKnHspDCC0dxNTtQyUW5X8GfvmCWrUqVnYAgSEZjiwh9NQD5phWa37YNDsfCNUdqEWPStBaEMHe3fIrxEoaCqGOijYW+/NY7W21qhZhze+dF2clr7apQGEqIUaqvSlZ9xAq4sdZLhB28gFHgExw/upKTZb/eP1MHd25HIA+R4wOelWAtSpAee0FatSvkFBjBqjGuYbHQSpmIJBmPtY6pou2ckQ6uq/e2X1II4OqX6iHHDbbbfddtttt912221/vb1iEOKXfq1eyfka/Gl+2OMjh7POKYdzf5h+WebPlvDFz99fwv35/9xn1x/5sm+77cp+b7f5csf7PNvFr6eSz3n0deYLKOKYEwGucItS1EUJ+WvzkDO+ddx8PoRBxdDpOK2khx3ry2qxx3sgEt3FFL+YpyvO1bOPCBFwhvB5Cfx8ERayKxLWFMyDC8XIF9d6hY0dOFiXxZ5hwrrlv2Jvl3f9Cpus0OAlIzMfh1Unfzo3ncjFkz23zGULlKscocrZDvumOPAFP7/BY1F7gPBneZMVrtOC0iVwHrShbIFILujguduUaNQY+RNoyJ0wh8YEANBACoJdumvDQM0iaxnRCiXSZGjOqcXQqxihx98ki7yWddvVPTy96hih7DsVgnF00Gk//gB4PoLWWuAQAKSo7sDGGQpLIbhElTfj3UDEsEMbIcyEe0lbuy6RgofuYpfNDJaSFSXCjQe1nkwXREBqNBZipr4KD2dSipizXIS3dSsgiaiqitGohsVNs4o0NF4ij8GDn8MgQh6GFjIPI1clupYYjEGYAmqyoqDO0kpyUgKE1djjLyIgiEhjHjhYxMMG2EYOtO6DasEQEJAIACSazZFgQgRKLlcBu0BB7Ob2A21Wo5LCyYVHDTxGVFJRC2loD0vQwpIhYZPeKKZ7g1SxkFON+beua2uttb6u6+PxMCyktUa9tdYb9dRHNRSRfKmCgGd6a90RHUTjbVEg6KCCCI2oNUqIJelZFfTS3TCDnGLqI8nGCdRL8mdH4zxC4O5R4p6AWLG6c3pF+A4AYWUQJu3PCrFzTSl0R21MjLnMV8aInXOjOvXXNjikzrCT1XQ3UVhFGqGooIIC7lmPXLtQ7CqQWqaJiJqQr6FZqg4sAgkBWS8uU5+gyYMCEHlITYyAqJYCqohErS2tAaGGUGonQiPkKQwRBDVscFnW1poJZlJrBjKTfTWx3N59d1TQ+AylM8DPwGYAbY2o1SyUOzyc/EfNgMDERc1a6yaoW2dCEW69hWBua42APCi0I+vO+DOiH1nJh0FaxRvKqgGgu7cXthiQZYaPHu7vJDUgZd3PYVMAKCAqkL8cWsdIqHX3ZrjfLkZkM0+EODxvh0r+rmW97bbbbrvttttuu+22f5ilE7Xswb/Yjn+9Q79s3N9nqN9+vLn/E3tx8u8q87bb/kbLGISVVmh2phve6Xf6PyA9UIDL/Oqkvd9cfoJnuzWjwhxfuC6UwiGC3fqvnUjEBMocsXPlLHfwXQA51XmEEcbpjMrEvnZMp2RihAd8qDqSYjP6BLF+6Cx6hTBlfUQsCOIx5+/RsLrUXD34vNKlewg0WDyDMsbIrwfw6RXw9rlVj3amHTJcwm+Hh1KLOqTXRjgDroeauNPwBZb5Cow8VI+Nx/SC2niGpQ/H5ocOsFLLj9VXnkYFJgi8AXaNdu45E07DiztVuY6j+cN3tcKzmPSO7BjqMbqcEGbYe1ZNVWlG9CJX9zMm0OkpGCSgIBEZcDdINf3BcZ4hmsZr6b0/n092Dp0aoBhUGKMOHgusl0jpXXNGn3ujcenMZd5aM76U5WFmFmZVHZz7GtAiLooo4mKsFObeuwYnb4wB0SP6MphZVVBdFNKIgiJDcqJD0x5lEek8xliHR1hj3oYhhC7DeKaSmWip8nMMJEAFZWEZjlkQgpLIqOB3okR++ypjjHhAuwnRgaVkHxr5BkjJe4RNsL7IAAAgAElEQVSBaoIkJLtLaESzA0RqmW44x3kCURVF0sAk93NCg2aYEIUo5WjaEJsNByIScbxEyxz47ds3K6f3/ni8GQQIANhoWZZ1WZflkT3BGFx2rkkvJmxjWBA5t1ADjxZ0phc1JKuG44q95/Q7MULDsUv7ywS9Z3ed+FwAwmebEEshGOZiYeAfH0REAxKuXNI5UcuslTWRlZCza71uDqIMHDvXwQIQ2pQMOmVpJ2MsoFOr0ZxtRBmYZRwYz6no61eJzhxfvRrGvQOViAqMFgYTDE5DVISG5H85iwpCSxKeOPHXgGoDkg1JSrx5blUJrmAVTA7ojZAICDs67rf03mK/jgOEGUWwBcvQyX3QWuu9qckdGzN1/ooS3DxED2WYwQtLm09dcQMY7dFTmwEJiRz4tt5KRAAqqo4Z4kS4X23oKS9sAGXlUXDNVi3ZymRLZasK2EDL2gY8i6qKQAigookOGpG3xiqm/YQ/u/R+/q8VyG78Uy88t91222233Xbbbbfd9tdYRStwl3yUeMMLP236deNvod1Zl8e7K5by4dW5n10XL/3PX8Jf8EX6P9E/f6f/D0rv7u2EGRmuQN53+p3+Z6XDn1O++e736foz5cDMjwBaIyZ+Vs7Vda/vN4W70sHmUXkwM2HUIpcdk5ojWymo1dA+fqrusY0dPICKqciImCpbVjziDFVYZoqdnV3Y6eCrAoYumarOvjrT7M5QBOyxn6gwwhUmVIvKAylQUMXManp1p15ib5fHly6zHVx0cmdHhusWO99vdTheQoPnOpyb5dyw+BrjPLdDdbV7G54a+VDaJb9zb9FzK4hpfJV99YM7aO153WEun51XwN669n3WKTUaw6nepqjlFY6RVu4khtMkKNbYkwG3oIZYfYI+8z6nWzcmhBgjholQc2duIkNaA1zVchwpVM1zwwPu81pJ18AIwVjJAhoh9ygVTv0NVhVAqQUoQIhUyJ0KAESa8eEIWqc5grAhCpGKNmoqzK01UnsxNilDpOaijOzwGcAYm7JR6VS6sHAEYRPQ4BGqOOHJBfrUg7wxDx4cZY4RAKHjrx6eMGQoVS3Em/LCw6iKBr5YK5gv3S4U4JBDQb07hsnC9nR2jDcAA58IqVnH6qDgBZGiigK49CoSEBAUONkgUPV5eu6FVCeqKqJGxxN/WKIK4pK0HgbTZkfXl0VsAQ9TjiNQsOYlMnDLgG1lnpM2j7FtW6NmIqaA2Fpb+tKXhRIxAmjYQoOxGT7YWidCgkaE1IgAW6d4UBxhO41ei5hykC0IWAkB+kC00Q2iAeDtRr4iUlL3MORAE0p0ql9uQyignWMeAKAeRDDCTUZWsQfHMckY3h/R5kpNkzln+ezuYi6x6J0S9FB1bB8TVLaHIjG6cM6p/kPoi6pmLTH+evVRaZgic2Wh2ahxBCxwOyRAwLKOWFxORQ8L6Cf6PgJCRGxEwa0GIGjYqBEaSGisQd8lkCheYn8UNLY5IYf5liPH/AiNYtj60ntr1Gq2tBa1sv81avliFEXNwIVWfYUIcJlvQ3FZnIOlhTSDN6wCtK6USgshc5r6p94yYFPpTp+9LBgG98ZsHUNXa3xcG+QCijpXq1hpZ2MBiKCpgiNCxmqMotCHvyqAICABUSMwbd+yeImWQLmHlbjeQv0JEYrv4XDibbfddtttt9122223/b2m4V8t8dLw7Gv9ob+3/IVmG1UzD57yYynnfK1z/p/1Y+NP5r/T7/S/Lr2fY6Tdx/fxX3B83kTxhxzXr1/JbwyTkp4bTHb5zxtIPr1u2YEyB5/HU9TQibOoPe6m8rXPXaa1sOpIsrMy6Ey6xM6YVj2rVi4QqQRdHDVI4ADKhfOUM9z1ypIWmXX4pIQKH03M6QXydIlXnXkbr3C4w31d8vAuscPLrwf23lEZLG4iWYxf355/rkOFDz8HCHcnBtnlshnP2K1cUe5+iNEeoM2rUw4oOUzv+MyQuLgmmzBzH7HPvT8aoCxo8TRfdaCQ2JvswN0Y2bm5wVy0SeZILpnMWh8x3XjftGPxGQMpgc75TGc22lFOjphqTAnhyJ3sEB+3AVcD+BYDLxURtJW4m7tKOiaCzAwkCJTXneO0xd0RiIQOHgCJkIqIwAIs0piFmyQ4AsDUGjvry3cLqFJvmlqpoiLOfRQeoBmwzxGeFGqFDBDHRgFzcVEPQMgOBQ0eyqwQWp3M4uDNMMwlwrn5wEDAJK1VJln2N2YR2YJ2xiIp4Qg1XmDeDRcNTFEBCQwZXU/SKFZ2YE0torULUTyiAkYCzDO8+4BHehNxNFYcb/RidY4zFSURIkSa8FUAMgzCPAbG4pOUL0NKYkJoNBlbLcwkJ5uHGcTWGjoBjid1S2dMzUqKqpB/nXB4YnWQ+1dEBAjHGMJsXK4K2Z7XlAM66PNAkZP9ZFFT4Dr+E2tERFKqoxIRNZce69Ny3A5S5uqLxah+HeJyoCXIqH+1Yyog0G7zDxI4hkehbYsZjDBgNEQQx5wgtyDBZNoZDueDDSlJdK1hQogVxNtbff24nJzzXOsGJmlbgq1igf88/GCmW7cBf+GZ1wzYL3c+5CpJcUE0yXT0Gwvt9tkJSn7CoCV6szpvekZy3b2KZQBBBIqVKyj1h4U4lYNBy2wPCrXO2WIm8uwvYyYKqpj6r+hKpP6MNavn92I18Y0EuxUNZo85bvGJdojKXGwMu+2222677bbbbrvttr/TImJfcaPs8Ivyql5Oqj7QHx3vzsX9C/EVVvLy3Nd5DsfnMi+OM9vP+sN/VLf7+D7+7Lhr4uL35/35E5/6c/nhmKJfLeGqf8Jnv+5Khss8JcUcKy+vOI/1RXoe78vR+SvsSsjgRuQQIWIJUQWwoxNdet8qFnVAhhKkwQuvkDuti8dqV86ZDFcdqVcZ1CIqxTG4ewvTtwZnV+wrWlul6XwRlTwUW+89M5yh00pKO0Nx50LOB9Us8QDTJqel3gheLdD1ipfqna+Qzh/QE0sYwpetV9si4a/6ID8592to8f5i5U0IMwrj/g3MIr35GZKduoyFmTLfDmMkYtBGVCdD61TtBNrwsrUDMrnoHjZwUXa9rlBB0FAo+4HM44rOODQPfTlx4nYKdOi0/kwS5EhXtd1aFrJnhuxdxuBkryL6t0frQQWIUJViIgRNFKR0AFVyVMbRPiNuMQA0mYHcAg5RatQ4yHlq6BlTK1H3WEUy5JsBhEHuE390RH4lYYmgghErjgcLi7CwsQN5MCsPa7kIIGdXHgkDFn64wYNsUqQ6I8yJh4R0TuEYY2MeIlw7e5k8ZjjGjI9XA9opAGBzNWmb2V22cO4wsNNq/7OJw4RXCcswjP7gT1NUEURZHW6U1hSAfHNK0PWQKCd53U1lcS+BLu66tIA1gck/2jkYpLHUnDQlRqIWjSaT4qU7RG0/AHefPrIK4bvu/BCVwUNYMG9KVVULeoU5E2iVCs1urHOqT8v11gqw3zU0cr1KIVKa0/Ik0ZadEBXyvLivwj49r6oQHSOfsrPYjI6mCgBOo4Oc3wzBAgPHDNpSEEfKokEMbOuB/1oAwjqTTqqdwWNIiQ0mjDffNxA9xl/BBqm10zw6+Wj5NTZCYQLMFSC0W53PskzxjiuT0wyz1nM2M/LrbD4XF02o0GIpzjb3z3yCkYtClbRodNKcnx0TTHTQh0MUXvZ87AaRsYZVlfYr0WFDUqanhOxuw8p8h1UAm64R9u8ScafZ5sWbgKCKcrUUlmbRwBf3i/Ftt91222233Xbbbbf93WYeVFSYfzNPj2tw/NLtir4Z+OxVxpSDO35e53/5ua8DFmLj/Xl//g/47KHQowCoLkV4H9/Hf/Sx/qFl6h93XTik27z/W+sGL+tgKxsCiqnqIVDDKVAtGF4gwdweXuzsQatO/1fHNVHVFM4UFYNupentNIe2wQ+JPwan0P4TDN8fUTp/g7YSxEH0nf07V+nBRVujA17WXEr+6nidmMoLuDFPOfz6Cts7ONrOmNCrcy/Ti4P4AlU98/nSUVtvbf/IjnDgK2Tu4iwMr99l/RFd3DDV+Q6g4Ilz+bkd3N8IlXqxy5jpB2g5TjYug4RKbd7bRFbiJS7qG+J+5Zmp8ffshbFgQwTp3yUKBzAeKh/9tbjUrV4i6NS7iU5SIW0gItmZGtXQxN3QiXEzv8Q7LV60sCpIooN+NQf2HDmwcRjc3xQpDuvhec92yTo7rAVKiCB42UuS1icKQIhKPkcAiQgLuFKnIBKqzG5EStqcsiasxvkT0QkeiTDzGDzGhkqGoGIwpfz5IIgosiCxkIAIiKAKiipzdzqjgIIIs4dINN7ZEBajaTNvAVOqg7bWeA48eqC5McYYwwI6GnItLMqDOQFCf3Z279FHZIytRrAzEiEzc2MVNZFXMSlLlZgn1TGHOi3sAEi7MxURwMmxU+/NqKKKKslGRQAgBWJmRIHAv1WFEZERKBAKJ5EJqMUmrNwnhJLJ0ENAEGYVTmT9wFy3EGimb2lN0MqMHb38yLQ+TM6+/OBxjYhdFcDMKloBQgBAQgoen49OUwnNvxBjZtiH4AWjU4KKacOi794p2GJcKKHGIhGsUhG/L02MuyX7alnPNwBFRGqdWjOenKnvNmyEkPqXPkYCIDTK54TEHAf06I/dIgDuF9cgE/qX3roTRwMdpD1/zuQzj6zBuC6WR5YzdM41pjHrgQwNjMQj5ZD2bzu1g9nP8To0J2r097QGTVERNVmwFgQRQ+QW5pqAqezukyV4w3hz+VXQgcagKiqABvFydqtYeIpmgM7Qj+SznIIFPrTXqbkGAdARIz+/dVR00MjomDOjz0J1AB9WKp0EQfWY1dn9FI5rvR4vd9ttt91222233Xbbbf8IK9tB09ea+MV0y+D0wVZf7jzGF+kH3y8efbknrASOvmK48A9/7k++8Zf7+J973J1xBelnvY/v4z/hGI7p+tddFz/LA4e6wasy9UfXClzgB/cuEnwIoGBy7DlJE9+5tko1qwyhijOd0abJLttBNxco3tlTlMGZnKBAdIDr6gUN9Ki8igP+d4nb1TpbE51v2S5dT3ml3nlw41bOx2VNztv5L1vnkkGSGcoty/lZnOq4k388YISvLn2+x/ONXLbt4fQKXh7clF9hBx6e4BEdLETAQ23TD5ne2yP2maihIXFZclGTK/Hb9DB85t2F4/PSoR9e7CMQW47jEsVzKs6780kjSnMneT7BqM//Ye9NFyS5cSZBAB6lb/f933VnWumE7Q8cBA+PzCyVpOoZQt1RHgw67ythNACBPdSUcorNRdoWtfbsyhkVEQYJwiJnN0kHBgqNprxFvb9ECOhmSYeShHctEATi6m8zPkkQAkjKQiSD1UcF2HGwxlobxwa8qopcIu26xEA1U2qPEC9faU+yoYUVz2TrqSpxWKLUBsNuzd5nMwwPxiA0Hg8FRSiBPASm1z7uj/tu7Q6Lo6ratN1oZqFUp+ERQFG77z8sQmvNprwBha0pgKZ6K1rTpspQMUeNUCq8QI79IQe/WzFliIii1aXYIMd52oLcT2HhU5kbxFiN1ScjE7MSXX1yILlSfqMjcTTymWi7moOJqjwNV6t7AR18QUsXgEzcWrP4hjDVxTyuMvT5Ni1ldcjXiVDtiNbh3QdhgEE0pEBBFHRYN1dgD4yM1s2Lw0+mZZl+Pe1qzDCFEnfiMCNOhcMXKF2BdeAT05zLySWXrZ9g0MXXdbGx+wpA6ztUUADTRd9govO6LrEbERUNHuW6LmctBr2vInbM/JKrWgrtbgDHaL3W0/IlwmE/VxKI69XnKCLHFSZf6oWNDijscGhZHfzKhHDe86CkT5bU/TXvVYyrrnlozSEn4YtxNNsOjntR00Cdr79wDJtl+7SuT/5v7Dw8zOJp+V0yKAePvt0MxVomSPRLX/P7aNtu8Xl/5MiRI0eOHDly5MiR30PsL17uHIfKd4hv+Vc1T7rf7z6vulwew2mKw/t3v5XmeT7Pv9HzK/7ydvT7PJ/nv+UZcziTwBgPvzSvyuTb5js/0/s0iYi+WIZ4YQqnUMm4pzCE4iYUmEhFpOu1HnyoUXmxarJqhBWNm3ARV3KSO0GkKACF2nPObvyaIZPLvVqA0PVR6rRS8epIY9gbnKBI9pv+m6xr1apyeWvI7qnM1V7c2jjri5NBvKp3W38d1NMBblXToyOsOAB7E5lyi+dtC1lLW2M+VWqFOrZsy6+wZN7QYkILuc23puz8n4rJ2f+5RuvzcE5wO/gRQ5xobsZ1ajy1belUcgqGoQgJQIQPMENVxmJkNUHkPJJdJWZJh9emmg6OY6SUCeT8jZhpozPigAqFawBnR0UwBxmHyb11WyQwGdGZiZWJ1dBEq5gq9ckPQASq7h/O0UHPz9x0sYQ3R3IcU0RULrn0MlDNGF289IOn2SDaVJVAQAuQTImIoIBqU4Iapomwd0oERVN1V4XUoYjA8hJyvNt932bK0v9rd2s3VMnRRC0lSquqrZgnbap3FKy1RmYT9aO1j48PN3iqqnpVSCyRmz4TFUbmhhh8KUAwu+3vD1ByIgsvln1olkWmLi9Ew9RWCWKfccMMKQGFI9DYhmKvihFHsV+QQYDBI0eCjTlXfRp6WyuA4L+RB9Ow+eTYnlYj9WrZEEcMbW3a2m5FjHaMBSWsAUf9p0W6+3LLfqDg2PX5C0JAo5Je8Vj6fHTmXn/weSdsBkLBJCTkbW1QXpi1tFZmErpIYJxAvohJLLsXv67L0L5X3UwCrnO623Vdr9clcklB49xKZ0E64/2ALiVcDYabwNWl8SXXg7fBDsUl9lmWsm5ulOKnoEBywqU+K4eFzeMbf5BYyN0094njS6TFkcw3jhc8PIC0HkD8TBaDNW8dWVtk2sYg9EvJcaNlOpn4dMvxK8xh/5P9mpTTLUEJD/blN73ZxtrOgThnTae7XfMOMlPP+5EyAVdM6GAu/7td76CDR44cOXLkyJEjR34vCf0qFR3vil8QU9Xfbp75IXx8LrzAx7zmZ97rkN/ojb+S5sFozvO/8/zyW7vn83z+rZ+0Cf/5sbdLLT/x5ZjEKGqp/a+ZAh7CyyftazSlwOJW5kIfNIA09Rb8Dsqa9HEV56iYzRYmTCSm0Joq7pWQ27IxL3nVX1caH8b4wS8J5XFVJhZCDIqG+H0BnlCr9dctRDo1zhORbhIaNa31lR2IOBeplkS1q2sndPBNvT5tkwlD3eKX+foKeVZ0YUXg1rJNw2yAbHfoYPLqSvxUxDt4EGc3PxJxotZv8bxdXhMYObfV2u9jNWNpmOvSI8L1szt80fEwV/kaiEMB/qUiOBghveSdlSTCNIwxQgU84qZASYB4KnyHXcuv3ualKai+74HGErZbAzCOYDONNnbcUPOfZQY2qfuTkwADh0HIRETXQDo0wK8rtvuAUUAFrE2Duonu7hAEJVU166NMZPQ9g3OYiIKDqGYnVQpc4m4NiQiGCertuN/dWrvTv2AQx8i8SRLgiGAzB4z33e52G9cwk3Xi4K3tzz//bNo0sswFxPA+SpYkAFUam8T4j9YKOV1JKNIhItZcw7tLwUD1iudFiy4iDGVlZm5QQ5EonMYaFmnojA8SGyy5NiDzMuRPku3ty1oODi+RGkybc0DTSiez7iZgHyTMRNTMPGxYhzTLj4bBVuOf02jM5LrXwGFq92fvDmPGMgw6ITM/afNIA2snsMjlNnvdE6OwXCIQN2jpTiADBmMxdE3AdJmnu4uv7vdPbI6REDNffNFlmJeQ4GJzIMovfonQJZfIxdKd3aYzP6vL6/UydK96+LuuS+Syk0cFCOuab8w5ji8JXXa0CpiwwbpfWG3WC0Pr1aJ8GM4nM0DY787Y2pHjj3zC5LoyH3VixrObOqAAQuHcbyZvgVi3JRZk5hUVJoRDkQgttyqIxlXXEjFvg4BfexFi9+kqMfx9HMf49HB0zyeRvkPtYcbIPXoyimvPjsIWbDQa0iBJSkB0whG3TEGezyxHjhw5cuTIkSNHjvzLYhpUHlmDk8bVf/UQpk+epxR4rwd++pUGPTDvddrfTPMn45zP8/nrP90HIYq93fN5Pn/9J/6l1PYxKYg32zjlV+rhrtxZwvOT8u7Krgyp8Lmui+02fdw+N2ZEV2IGRliVfakFM2tgE8ixRluVcakiNAX6dgOe0nwCxjLymjUFl2nSEtakxi1/E/iEA21JhGm2bked6cUrGMy+gk9FfWIKTu02tU+Hhxbo0WJNMOSU+wQ9bntqet5WYf36FeTvjYa3pll7ZNHyP8Zf6pU3pCgAs8SgrkTL8Vkhl5KAJsXoQ6O9wWhraaeZVXtl6V8QuRcsIDMyVTUnKFhgewp8tBZsQB6r/7NhSGBQANc2FdcfF0Q8DAFaanVe6OhMEe7CyvE0VQ3A0uJem55VIOzsiQOGLCwQ4DJQ3MXKJyJpfFJVzdhphSVU0VSZIJc531soy44egaHhEExVG5oG44kSHwQ0wEdDfZ1AGKhEs6IBrTXzSNgM6ovmNoCBAGqtqWOEBiXerbUAHFtr98dHa+1u2hr0uq43ACHShaH7KtQa7Yfqrdq04W51WUgwxtpSnUepDoUVdBCqTNxZfkH+jLTcdaRTtJYVvmkLzmdfVA3PrG4IabozEbx4YfMlqXUJckC07BrT0pG+3JhZS0mJyHC1Dimrttb2E3YeK/MSPSwFYrX3uZq+Fpn5dV2s5Hxex8/c2ye/FQPVDLdj5ktecsl1yWVIXwECWcwM5+XAFpEKLnpdF18il/xgttnpwKM1uzkLLJsgJcmvgn+v1w8aAcK6BSwOAaOScTvBZEh3uu0SD0/GBzatXdy+TucGO1oxO0MzlkrOUU1EJEOCFSWlDtiF/VCCm23ohGomtlcGgDBXvl5fL2ExVBpVit2FhiMHxG+TODMwzD4HdG8OcLf3UfoJMjeWOCKUQwvVeVQLHc2YcCGXTRCEIS8K3LMeh5h5M2eOHDly5MiRI0eOHPl3hft/bh1u0biOOtjts1CPTw9xGAzmqumVjSaZJg0w0xrnE4Tlc/zlYDTn89/6fCXj6nyez7/xk/6l1L4S800cevh1Fx7Xw/fpU4S8fvxwdbYbxVMBiCDpD6o8TLf1Qz84Ix8DISBvunemUVe8PwFCzt0h9/3W7+eEUbjANRCmvVIFh85qdM0sqvJwm+8DbWuQirtsgag1l9piKzHlia0yvV4oUJvCbNptowOd0cEJQ6o/fSWvpy57ij8ggjuQc4IuubJ/ImTNfYU8H1vGR36kBXTV56CJZE7bltR9UCdnaAPaLRV/wJ59QgyFYkmK0bbfS0bIVjCKR1cJvzUZajPDIPgwNzGm3MvYseRNj0dECUOpEsChhWsZY1kWLjyS1PEzYi6woZc+GyOQMwHjNsMjcaxqYDa2C0KBnhih4W0MZ+cYZccdGLLZhwQBpAQVVjVvhR1H5BgolUBJSoDeqmLMum5RE7W6ZrnTAMLwbmfuA1uYjgyLyoCiWTnN4qW/DbgNVjc3SogUmnkWDL90FXprrRlvUFWb3q3d2sJNYrvvdn983O2+73bf7b6u1623zfFgCmYtojDOlHQHhq05rGkUutaadoCQo+TuLtFaq6kanGZjQGHBcXnCmUoYJxIo0+JwDUiEoG0FWZNY2EiH1u7m8jE3KdWWmBq6fUOGW5g14JgUYGuE1jRgzr5KcywTblPUQUl1VIQQTg0nfvMIMJU1fwKwFlSrE8MsJ+nTIZAzEuIfctm6JSxyyeXgXv+v42rFy6C4y76AA4UveV2v67oSYvQivK4fvkmzWwclv4Qk5lbwdf2IYc+xvEj4F5Tc6RI7rD0sIsxXThuJyG61ldMhoC8cIl70vKkRnjsNnCQOShoRS/EQG9hlWRK5rPd5b6IDk5wrHGe1LR1LVMSttiKMcsYVh44Uch05Pa88pliENCfayYhlKXbkzkDDspza4sFhoHPOJwszSFIPA4fzxY/TmvZ8CqnT0RfmVH/0ezJs7R4uDjsMSDmeKeZvt/jql8/ypkk3XV8tWfs9mk/PGEeOHDly5MiRI0eO/AsCAvt/odqadbP+a6gl1mca4tPD89c+R30v7WPy23Te/7rW6Hyez3/u81X+IE28+jyf51/9jF+aJn5pvm/iUH+unxR7SY1PYdLpKR1T7Lz++GHaLaZw0USu+nXiIA0Ofyr4l9a/tvBbBKYeiKmTgjplqjIPPGa1PjrcOScyq49FCds1qEl1it0bD3DRGzhwi5yt1K61zG+oddk4K5Fu++5EhvuKrG4Cp9+3lV2JbsmGSVVv5Rh9qrbrDLBCu0lVZc+0fDoeNbXA2JFbUHAqyadthVIEDJnXRMqnD9nABjFkEWGR4I4fOVgNdbW3ZJwyNTArT8caOahkGEuyr4ipW3h7RAeZGcZ1Y902UgG6Zgh5i99bl6ZJTbAZ44SM2GfnjiRAWDguhDL4zSglJ2OKQn/tbSaO7qQlcogR6BxmssJolBwgLTcEiIOaQ4UOxwQBK6uyJH+lzoVad0PL2CE8VFukVgNbkIz/ByhDL7mECdB2N1zNFlDVrtd3sNKJZ5oAtl1qABTu41AVyXXURK/gmTKR3rcBhDeBDCA0NmFAi/f9YTTEj4/748d//rzbh6F9ljIUzhkntSUziHKqbuDUQUJiVmhTDYDQe9N+tVhEUKKm2tqdoxkg1QZBorUOC9mYifsWiFFFQSXkMiGyf7i6s2SvA7NAHPVkIkDMDm2wsi4mVjIrozYbNAmIdWw7wlwN74ad4e6n1YhggNNC4911lxxmcvlpIsqVyHCbmlefTUboY2Ih/hHGRNMyaG7ECfelQ8GYBH6JxwprlkQv+++SSy6SsHbLdMnLhqeDjLaAkDJ5Ctf1ytVuQB9LSWxF6sWI5dwx8rG53EmmuTG8pN6qkUQHxfhkMB+EcTshKWpE1QBmum3kPBn1aNCevi+7TCx1WY4ujWs1nIBk3DXqcFgmVbaRvkNFKgkGBmKIGE/9OMaHcyMAACAASURBVJQ2Q81LakdEnbXY0c9cAjK/sub2nToB/MLU6/B3jOmACb0p4t2yofV7Hb5y+cYoHEZ7+15WShgXgXo3JORPswyk+bENjxw5cuTIkSNHjhz5fcT+mKONLpfqM6/h/mdR6Gn7u1TepTGdqu/9XD9MhUH4XLY1nc/xl4PRnOd/6/lFSO1tV4ae5/P8i5/xS9PEd+LjkzhUtPbv88LbMkQQerq7+K8fLwuQUFiD3PuUbQTuFKioP21/CLWgJ1hhMMssb9knShQ6tgGvWhGIiWC2tbhY9aqpaV3JWLPdqlGqkvYNvvYei5pAtS3ciCK1amteYXIw8goF+mPhljZ8SJaYB89MKzyZpvIqVmSwRPXo9BXl3QT3rgWeQtLM7Huw9j06uK34+tN7tmhX434GpuYL2XQ7GBjdamJRTJeUzZkTOi92LBWKtcaKceavT6OoekQTEcWE0m5emZIdKLNZKtNqAwxDXEAEhc7e13pFxHXa6LXrcDtQ9Mlrm9usjosFiOZ15qJNIjZmGTMbmJa+S/PygLWr49aqqnoRgViMQUhcAcJad//KUKYLLEYpU79IYbYqgwBJfNnypkS4WIQJpCQCtW/MDckd8541vJF0UvyrAYTaUU0bA2ZUVKK1mADC66PdH3drHyKiSSc0K6OqTW+90drd2sfHx/3n//zno33YHA+4VMlvYTSYAz/z6afQ1u720e5mNk7h5kOLb0JVVb1vdbumICI0aFO09oG40xgYZwMpo+O0StEOtOl9nhcDBK+44hCBI/oYy+hEBDQYFCrONht8jo4gSxr8TNKTM9OYlNgxOWa55LJfVFVKVzpCFry9mCsdqepok/PgKnXPkzGumqQ/P2bL2mIK8UWc6GAFCK/rev2wkMvMe8bVpeKBUEgY4U6PLZvrcneEXoYw7cjM1+VGTL254ilMQg6AaNmIbXhmPa5hlcrrAoEp+thmD3GwMK8fiQS9zzs1XRQulzSc0+wQ7Ehe7MOIE1kPD81l9wSc1U3V83K5bUAIUC1RwsTtbAGJfCO0A31MRKQkbgYhkEApM9+JfZm7bf7EvQDm+Y9Iya99kN805gT+JKrSsUzxxVZJC1aZ8ypPL9FBHIfGPARS8mUDJ/c2J9J+EyUOYD6Wi+n4mHnTDrT3LrzZCI4cOXLkyJEjR44c+fcFoLi6OOl1OU7B4P5bCV/1tHlq7ulQxrFLq3G6ftYtxwVbV8nudcibMpRn/lSPzV+Ic57P89/x/OqKRepjeVDlnPAT/n92uN/S+BXpg9IK11O4iKmsyEE8c13jVAoKPalFdXpCaJ4o3NmE6dCkKlmRTFuYRrminG4m1Kuaxd/AZgilY8J3WzabqZsnJhwNMnyd9GPMUikRNIGqRFpoBzWLRCVTQZwRVhIJxZvBByuFSyQm7GpOF/+n8i8vygqwVb1b0ej1ilc8NbOqFARVRw7WHNfWGBR8AU3NoOiuSEYc60ScXTWrSnOv9n2L+b2BV58w4/lXHsygpba0uuILNhJKOp6GqVV9DgjbtbEYBQgVrlnNRCAFyPaLWvC2eSYflvYwMVyZWWj2mWedEprtTRvOjcMllkFKDHZSz9o74UQq+jlwbhhZyBBrABKkLV9qbJBEWkxk6xPILFVm0xgvzUaUiLBNUhEWudAT6bckApURARRKYGWwE54stag1Z4NbF0McYfTyp1s+X6KMamoeBFk6cAG5rDAAgV6X1A40vC0geQ/y+UxKACuDtFMWiRpUm0I1SFsEVRHl6770DyFShWr70ZqmcVJterut0df95x/t/22tqYGC5CZGYePW6tgU2twRYWv3/XF/uP1Sc1tpLZK0QoW2G601RSPlu3201lSh+EO1s0VvvUHN2cJp2xTdE2TOowE97XaG+cp29XEVO4/EMmK0QRGz0QiARAQ8kN2z8Stz1th5Dn1T3IpBeuazPhYWJrnkZXhdLlwdhufrx+tHmoG1MSxBsVNCONRLp4K2slGAUGr+ANO1H7v/PUk6nMOBIiLhUFAccvzx40rGXiGxSZ+aRGZflJmEr16yzEgCnyICCTOCmpgtTOLuDoUHeDMXDAdenecvzHxF8Y0DbIZiHUFk5uu63AekgaByeauZ8dNsqdxoQA7FMpcdhmoJyvO8pUBs5JOb5CmgmK3xCRAGKJcQIVFYGLUpn5Cq/VUea3yu/RV39PIJv5Q1DVz75QgUK6PCBeZ2nNKvSUTGnXgYPRtXvphYDDj0OwdeAlaEg9Ty59Ww1PcGCiOqEa2cDBGnSNK0dRzoI0Bmj9XuNbBwjj27R5K7AUJvUTBUz9r6RQFhGXHMI0eOHDly5MiRI0d+A6loRehse0ioIDbhRSv7pXB75k34EJ+XkDfx+Tmdt+G0Dd/qmX8rvfoJ/+8Pf+UvYYG3f57wE/7LwumXpk/fiU9fiI/ndJZf/2K4K7ocIww9fvoWo1BYhXqyIAeDNbB+mz4YLkabIXHIIwxrxY2ZyCDho4SUIl9OtKDsQxsArGIhFSD8VMH0RBErGfZoE5+lKiIn+mDlkw1pPRRoj2ANoYMFsG2RauCEULI5/Bl8y2HNpBIXmTthrbowXKuyhU7XNOvDZBA1dbRv2ulbusKpPdcyfPp6rc70m7dwlvmBtjh0kJ+eGH24c2EWpia2DHbUGfiNyj6PDZneypxSRf4m5Q3FttOsSEiSRhwvc+1TJgYpc1JTTB1fkYx9Gzr9hVkJkgOSGBBVFSFVt14osh3JpSHZV1uGaalZpFJ7yVMYyDrGClKQcMCBYRo0AW8vrWpL3b4DYznLFAyScXEJRbl7RozESyursTONZUiAitkjBTl4YtRbueW6FMpgpEFS+H8GEDa0V/to9/80vbWpQt3YpgPSBKh1Mdqtqm7atOl9f7S7tbsFEu6AX3MYUMO4aGutfXzcrd0GDyYM6GifAZtk6XREsJgnbVOvaRKbisXpMgo7ergsDswk9dJGDiRzZ4dcJxPIN6gbJObOLjEjEbsHw0LC1yUv4Zebvowhel2X+7BkufhlRQ0gzdK4rktAZIy9vA7BrER0XX1frWNf+HIKXdLo2B0POsgnIlffZF4vow9Kzq8y6z1xT4/Tb684glk8CFbAjAM5TGIt05X73oAKevqXsMQUT3ytA4fxP7WVL2uLMOAq8uIkXJaUs88Jed5wZ4e512+3pGWL3+8jxfgzlRboMGEm0JUCQ455vSGrsjmo5PpS/jzvd0kMHzQS6nDBxPP3EiZOGGtJHzaUkCd1YuK7XTwTnM42WSvjZUbnpZ3tHW89APtc9eKsOxCyp3d2yfBmNzhy5MiRI0eOHDly5DeQwC7e6Hv5F+mZ8wT+GP8h5C/mu4bzL0rnhJ/w74a/CgbudnjD/i5O+An/ZeH4penjO/GfnvmhbFM6+DScOUxpkWs3p/jm7cnjU5jDdjOUXWsVt+PDE5SrWYMwsaoIu34uFV/Cjou4HjqmfVJ8+rfZXiLvcYkuVfH0pGx6o2t64qJtwydwbsXq1jj5rBN5Lla/wYTjk+Yy6rEtTNFCvq0mQlfXlZZ7CC1esX+KcbHvy8h+m7N7AvzWNvyWL8Ypl23ub+RNRnNnjV0wYqtl8hD3kTymF5+VF8i1J79S6C+igz8nM45bv1bsL8b0kGnZ40Ph21XHcx25Lz6ZV4I6btuQSN3YqLeRiBFn6fNBkgsNeQo2KTBOhcoq8wIbvw8CQvClC/iHIQuU2TV4tnMvtSQsfkkiVecBCm54z8G9S1G0izpmRm4IVEXESYbK3R5pSFNtrQGt6R/ablUjECpInR5k7C5SAlSbQYph/VTbfd+taWukaK0hdgp1nA+qet93u++P+/7zP/8x1NBIodrcayITKdD0bu1D0Spr0Lwj3vdttiWzOXLNlOIfDtC4pxiNZpCL0+wMTUVWi7s3OnZ+ITmBzhE5s5opjlyIklQ7zGyMLiKG2fV8yY+BBFi4iT7DIUTk3gCDzGcsPCtnhBORsTbpEjPmaSxYLVuvOD2QrsTugj/Y4cvAm5BeCacZFN+EiEQSEM3muZhZrovDT2Fe1wtk0rJz6jvTNc7dYf8XEXZLu3EM6ORwm6RGUr9yu0uCr+FLr9drhpE6iusjqcK+44Kx0rzLBOUSb7PlWcWpes9lthFQFzvEqYnnDJZFnqPsNOz+XPeDUgFK27OxRCVJ1lbIzDH3Dm+gWGvz4kHcwwhAEoRYdT7fVrrZz1KRevdoqF1Js3ocLHhjT7neqKir8Zz7l7a+I0eOHDly5MiRI0f+cfETfepdF70uZwynSPy0npnoC/Hf6I3XcN6Gf46/OEbzW+nzT/j/HeGvVLtVXtZ5Ps+//hlzeGhSvp8m3sUJvX+NT98t25fy2s6dp/gRDucNhu4aBKIkNDC7Vju9mhUVZOgAl4v+VDSQcGbKI0yTQNIG7SBaPfBtE5roffFgKZj9K36Kv5ZnhUbeA1ori26Ig+D/WcpPGftAWX6PF9fCRI7Zq59IEnHe2+QsgRn+pfT7uNpiHl/AX5+Q1/WtCf+buuwJnnzCz57A3acKbmUaDGM6xVrbQD5z/Te6Tjfb7ZM2fyrJtq227ifHl3h6ZYsRPpVl6cHufMvCNWiwyAKEnUafnwO+yMl1SuW/hMNCB8xUo5Efx1h9dtV/xysD28TQMgXqHQdzed63PPfOZeq+tbzlQcIcSKMFlNlYJktXwY8AISaaJqBN09giEbUb2TK2GSjQOl3PeIFNm6KZmUcWMc9tImR2Q29okPmgYUpUASXAMLza/onwfXx83Pf95//zPxpEQGMHJpfaSYftT0XYJg3iYAKEGFOufjSzYhIDtVh5TUqZUGn2AlnFPQNihuOCjn1dBWpiZYUDZQlHSQwVkUuuS16DwVLuVjpzzIvI67p+XK8AsN1nYA6TqJEC9msChIQY0g5NecdK2Bjl+77T9SCFyVCj71cOIi8Sqbkf0GK6002Mchj89AsQoIQ+y8w0LJmGUVqaOjhsmSkXZh6IlBkiw0oYVyr8xdLdnNPMeJi+rl59aZ248o/3hIat5JNFtSYuIgQe10agutZbcynmBBJjq4zOxNtyifDFIUeUF9FNdMZkz0zcCWF8iaypPoAIpOOxwF3AusvR7JSnbXq1wTC1udHfe6tEXr2x+kLKdXGbdqLNXmxpLFavjxw5cuTIkSNHjhz5lyX1tbzX2VJ57uGcGuBv6JnTVspDHJ7KULTZ38qL38fp9a7hn5TtPJ/nX/P8Wm6UHjnyW8msj/62vKW1fSnCX38rIjMxCRPi+j3sgnw3DSauf/cqF90fuRKrK9R68gVcFBBp4RAYVY4XamBVu09o3xbNelTT9xc7574qjt83zBapmqCONX56ItwWDCXyar6yE2V2kIxJ11nPdRz65aEdegvkqeWpNR5CRrt+ix62ujNcu7ICrqvCcQp/etg22vrwJsKk/K0Y0tcHRqaWFLFtvd5oq+fy4F3h/SvTam90i5rXCm6j1awXT5kyxf+Enrs0zqBJLyZGjRTCtElni9dO2IYBD0KEIJwkZGYkqsLW2zRIhvSbDXWhdKN8fXymo0WEn84AKDcL1LAWsUQs5EypI02CrI1ooTpZVkibQcNPctmrHS0TycWBmW8O7iBBYSZJzcUjghdFrd1uQJSUqfuRC2iuQZtqg4F1qupfwSBFgH+WTdgI/TB48OOjBZxo8Fc4KYQQBebXFHf6L7RPQwe71dECENal1atcEKvq/tM7ljhBwWnNYeaXvC65YDHFx1lY3WRmIsXFfF2FoSZ211LkuuS6rm6ZcxyfcZ3C8LDXdV1yZQGE2QDCiB+LKkCEzuojSuuUgZP5niC+zfIff/xhHDsbBgUgLMtyFKWsBu4yEFDiOiwdOEyAsPhTdLDQUo3pLby4Mq1wmhkMmPItY9jLWWeNvZhzgUiGFdJSKYgsj5muO+B2vSqvbi5e1MjVeCy7i8tpdZJ1j17XmekM0+HDWK36EHXinUH1w+UJTrsOBQgc9k10jHAoD808vL6U9ZbtxZsabUKa18DpRfciudQ6SJDDAenNOerIkSNHjhw5cuTIkd9ZxjvN2xhPb34z/Cu/fiXCJ5F/9hB+Du9H/hF5/UXw5ciRr8ovHGnfTerT+HOEiko+W918SjbUPnMM00SFBT+//w9UH0DCbn2u6ruTX+H6Tn8eS8yDMsp0hL6VoNglNB2oqckc1hsriO53ql/jJ6rehHjXIEkVKN7fHhG4rwOH28Cq2d9DUw/JWvx6p/4p922x6+81za6eq9DeUKoN/DZW01HF+MIV86iRJ0D0CdBdQaDtwxuYMx9r2NImvfkj2aGJJsxmgsp22T0W5klHvFZhGAlhpgFuczOGN+c9LASPsGD+n11LqK23RQe3Y36seF9hHrwwTimsHVdbNeMXZbXDAERpKXJvpS8pQ0xsFxa4dCXlUKxWRh1vffQfGRmuweTuNvMSnF/WQ/ycoARmNbdhn+ZGsPZ7EuBy5jKRsPR1sACEWaPOFfRuoDrY+PICu3s/VgioTH5mKLpxUe2fpsAnZrr0BYPVWJ1I5tm7S0Jtt4aXRVJVbV47ItVm2XcHg4BCzb7ofTe0druFUqMfOtBHgLamaIAq7nbfA0Jo7gyB+76NckcBKBqu2ZsFxNRtGE6T0DYK95knhuv0xY5ZXq/Xj+uF0u0cw8zHmkKYr9cldQQKzEpoOv9zjMieRjg7r5JYqjF+nL2XdENLGFCi8HzZB1uw5ZgI5B1HYW6UJUl+5oOTg0E4zMREy/pOzGm8MW0gk8FSwsJX9S4MQIiTQeh3esiTKZM+52/UP1G8ihJ207uURwsQKdQ37m6G1L0ik50CwkekpEnYAtZtTT0/3UTZAoQ2DerD9ApR2kfnrCy7NeFx4cLUKEx10+w2jhkk4cC2L0cMJ1GGl1aqy92wqpZxQsMO4SJ23YG6xeaxxUgu1D0STICfuLqt0vBAHIuxW2Lwm2TEJAyNWIj7G9Fy9ZhRFnmzLqsFHaeobppRYl+Ojxw5cuTIkSNHjhz5DaXq0lZt35PS5jGcN4l8+tbXIxw58l8ur+3kOs/n+b/keUC39nEwbATfzgvVrlS/Jz6GP8XfhDNLFMdMkKUVTNf0CQlYw/NOV9KtN/oLKlMgCte2u7a7b32dSgNC9e9V9F/lLao6s0AH87r9A2gamq8oUcUIVxxlixXVOO9xxCd0cOVK7iMDexOja4JTJXmOVj+rU5+FTtef7d/nLOaWqZrZR1j0M9Qte/k9OmhvT18jtU3bbsv/BBDWWjzmvSBtE9mi40BP6CCyqMx1UmbTucIXY5Uiwe+c/KZivB052ylAK9KWBi7y1SmFREeWRgDF0hO+TBO32XV3v4DA+wg9Vra85Si1H5cOLcZ981/AbZyPB/O6qPS1zqCBZXiDNGlPWfHJUav9evHA0UwfhFmYxMPsZy4/GV3Mm1HViIG1QQCwDCij+whEN8UJ0OWwVAV8nHNoBW36QlrvBFRbv6IBdSBV0RMmaNM/Wmva0NQAQrNxiqQZqrb7VjSiblW0GBp1l4cfH7eqGpPN2Yv+U/RVmTTjisE5k5LhV29dWLTXdb2uF9LbJXcsze7ICCDmJ9AwSGcQhnM4ESPZMgdrE52qN9gyrcDw6LXX8MHLDUnamOnrQ8UarcsSIGQyZ5zuztBN7ArJJXUJogAIp7oPi15CrBwmRoNiKOIjWagjhgkQEjtGVFp+cUgs7GYJygS3X83VowPARAJ2GN4gIxrcINeFJUFHInt1f69lYqtPdY8WQDlEII8ST6s65VSEUGCqT5KYH5cTXsVH86u1fgzcqCbcEWF5kXtT5CWsPPzsNuxCNhwBQl9yl72gHkfLrY1MnEtPRg04PFmj3v6wNhtvc3WglJltqczS+fKby6D1Tlbh3VHryJEjR44cOXLkyJF/Q/Kiajk2xy9fCu+KlPfxa170V+Lwl/L67vNXynaez/Nffn5R3uqlLqFBOeEn/NeF46fToTkc30xnEz/10s6veZdO/a2Hd5DsKX4J5/RYmEoxxwDJbV7ZRW4lsBDDyRAi3PfEBWt5gNY8F9MGFk+JoHSypQqakYyKOYXu6TFCLUC/vV6/jd8nNeLT85T+k0wg2VTIJ3hpssyZsTcZjFVY2xyYE3+iS46K1zWc1/quiNoWf3pDHNwWZlXvbiq+5PKVr2shJ4BwLdhmuJSUV/Noa+G3aOiWx7YnXD4MsRzMn9Z3G+HTmFN1Krq38Asf/RE6m8oV/HM/gsi92C0zay3GdjAgVqRpsgMwApRCcxZsWUS0wJErluAJEoPHaRtY2lprAEYUm2mF44Bx9lsq+rNLx85JeMZKO7OUuMOVFSFLm5z2ui+oBFZlVUG38ejWDa8Avxy4AsKIKKCsXFiIYJUEJHxDIOMWGutPAeCFZPsZNRAaS3zIfd/ATdDWPu7b/Q5qpRmifXw0ANfFIi/ArJsibPnaBjAgoMUnroNk1TDplZ79iOwnJ3ESpSVM4gFPE5AwSVyYsWgwqq8D0eZIj0UuZpaCPSU5MKy55kgOMDGGhIhcTplDmtyMjuXSrTFwACH3sGg+Drvx0oulGEQ1i6+8Ius5P+MZSSL0BDtAaG3NlJAnABUnzg3wZ/TLsovIMFM4GYtl8riDPV8w8q/W2Zh5n60+vTG5O52ek7m77HTraaX/uN3913hRlP0Voirb60clw82+S8XfKsWaM0SW3ngVwFuz3u4+cekrjxhzhBq+li5+M6S03yAbct62WAy63iblJcwBvbt2lTty5MiRI0eOHDly5F8VN8niB9lZ78o9qLxBeSOvmlJa4r/XJ/MmnD/TG5/wE/5fHv6iBKPnzxN+wn+TcPyb5TH56/EjXBWpeioa06LcoXAl06+zT+qb2dJXBIdKz0kqRMUoJNTpJaFdT/3UwNQJTzaWzAaXqvluWDU8xH+OxlS0n3MWppnn5CPOGSOcCfVgq/hW6xbvZXY9WlJ6IhEnVCzYRk2ESru+B4RWNIt7+l/C5xbLpV+FoH5OSuKbXN5UeVdBqr08Abe1UhMomM9vYK0p/ljK0FbbdEB6zOslRBmEGULGbOsEI/pKa39F2f2mFpZTTBZjW/kAy7Gaoz7ek9LCs54YXmsQl1Uoc+z3BQKE6+YJC3uGsmj+aeCZsJiFuwuXqkbhuebySa2JiTTHv+NMICgh7fl5Uho2Egcyk2X6BjnOnJBPFH9Z7PAKOGmMsjHixxg519DLCmVi96pHMZYAFhZ3QQgighKKs8bu1hSACKD2Z4fqC8YUdDuigfYxSaxPBGraWtOwNKoBFjpwaMOlkv9Ub2gDWtO73dqaMQjRtGlr2qBorTWArouZL8DQw0CMEFuXlyuNppoTvsvqYqzEXOLSnKfjRgEQUliv7UMMlE4iuRtyZBb2AWz0LmFyk7dpKNSpfQGz+US2gGA0cqDIagalxe/bgEnNImqZXLn2+7zztvcR0XmKQVR1hr5X2R0HxhYWO3hakx23k2JK3BGqq8w9uI9iHrEp4USvY30MgMvJmG5rFOUtnzVOTrUQIYkjBsVMc05hR8e5Z0HOoiyY3zTRKsS+xQinU0NC+57Jwr0u81cDmWPkYvGMYy1/8MxFqlOx49S9XjCunRd5JIXW3Ro0rHV+DYsd1C4rRb4sDhNSN3IdqcdSHS1aYNEw/2qwuthph30QgBJ2x1JM9m9BDuznvNSrDC8J866Zjhw5cuTIkSNHjhz5DSROtxt97BBOD+FP8Re9Lj2El5P0Lsd/RC/9b+V7wv8vC3/RqAc8n+fzv+CTfre8mNJuUyELbtMxB0amlQoNacfJUn8a9tTmS+VEA9RBNCTuEe0pmB/9UVVVq6stIkr925QUxusxK2tw0SnVdEBfAFcexVuy5x+w5btEk+lirbZGfFSCBcwy3dDfZkELffA9jrWig0Rp2e3xrTeI4NcRqamEb4q6y3Gf8pf7dA8MryUfxucDYW5N5FGtHOc2DsCtW3jcJTVwbHzAPbb8XMOFdfcm8qcSdMBPaXlfVuRWjLDyS3Lel/E5o2tzUuMrs/FPrmZ1E850CD4t2AU8Vq29WnQhgpDGshPDdfA4F/OugwUPzcgrGo1+rB5i5t2J+m6Zg66yryw6CgqYARjG8rQ7Fxy2E/sqoVyz67g1VFXN6RszA8a603Q06MgQVGL9F72uy90E1vJUCte42qtqg95GGWxNOyroVkkbgAR6rEg+8WN9E+rJ1rJJWMMMuuGMziJAFgnWII1N7LmGvc9cfjtAaIUQH69pxzRwcccibUALyyXCwqoGqTokCDgBMeAYZbocXOyjyAdheejLhQRS6JdLJIzWsroz4GrgNItN3T3gONLSaaIY9Ji2Us0gJINmsKbMnb6ek/sozAnB0ynD4SW3Z96vawQrMWfH5I534/OQzWXfvJets2kFCLcRaVwotleIetbjdYbaJj2Zzcwe1goqAN8e6eQomEHVvlBhTnteQSkhUqZiUHl8EXEfZd3ycnJxkSFOXlgKX6F+wizdF8ghb88DQ6DXVIfrR2+79ciRI0eOHDly5MiRf1lQjuDjJ6ftfjuA45P4j+Ff+bWW5yufn6b2rc9fm9r5PJ8Pny/a605jFJ7wE/6rwm1R++fzraj4Q/zqXPDvLk9cyic3NBYAoasViZnSxBxVDWNRbEXaM0vPWXWhXQqlNlIprarqhqu62ihu04/l3gKEq7O0ohbkGncCpbZYUVVLVdVY7YyJS/f0vLLQnuRtFSqva1TVwVfNqR61MKuS7Q308h6uW1tsCn9KcE32u+jgTxRp0jBuy7YWtbTtvtdWhenTsyvNx2wHjimSfzEai0ioFgPsG4Dho3xFo7ot/Pb11dCukXGjLNNM6a7D3nQcyj+1LuGRkdfwp1TSiSNKSdLAZrmAlOp4iunAvfx9Belt4lp5a3AMMEAASRvl9RQ4kUGn9nwc+XDKKAmyRmNTM9tNDaThzQh1dTxbMjmGKwhg63pZZQuyCoE0qBLAFhLhaAAAIABJREFUnCZJq4rf3KOKg2vmlI+VWVk0GeJmcDTLbF4KrWoKhTbgKgu/eyBszWyJtuwvBDUxGgykcAJTjIIwTaq5Y9bFbXCrFvUXFiFO+6fZucaKEhECOJjunpr0cRJolhoo6xy4IN2HfU57SRy0Nd4hs/BFDEDtQo4Tr6I9OZBf4VfcpxHfhVlKTaxA1LtHxNrZwE2PVjFsf9lojBK/55BLA6GOIA6QVdqSZGem2kDr82QwKewz2Ppbk3NfBzjwEmaJGkksdGWpmdbtFSCkyMQjJ5cx5r7RHTsBMS8ilNVgWuy2hgH2t2Y42Mns7Tes83H3IP9gRlJf7R+zX8xRiagBiyTTPM4/oHTlWDBIcwrdDwPlxyxgr20ctXrHBJ437VkdyY8Eo3njJFHeAUFsWGarZg8KI2HQ8WJEHZOZzXSTIC58fOfeyZEjR44cOXLkyJEj/5hMisZJv/qrwqn8lfFGr7uFTp7i/0KcRR7Cf1X6J/yEh7xAdvMdVPSGoT074Sf8KZx+Jh3M4fSldEqcTfpP4e/y3cTHczqoBJSuKkdBGx7iGy2glDMZTqb/LvU3EgGbHq9rnBzMG+/mz5fQIxVXGAfWEZqgMEtn+mHXno1sLeMAuSIxeBKAJsNgUjxV71NZqq595A0oslLuKoViuF8P2tVuo/23CKP6nrXcyt/GXxOfuS9DeXraRQdbiD5EafS13/LfycwPGCkFUwHWpqvV2VpnXauzzf0p5upNqld17IWpkJ8yS9Z8a5lXbGybzh4MSzraqKRWbRYmXXGPYjVyVpV2dKRHwdpl20o9SbbS1vfeG7Q1SoLCaqklsQF+1XKuifQ5Xla2quLPcATXcNDyxzSMM3nwd3nIJSqK8NnWtdGGjwS2wVR82lnwJeKGMpmon3uzQzt/cF2sJr+DE0C4smZrChLKfNetTzhNVEmYmFgdBinTxGz+iYCGewmayy5Rt1MIqgUzK5JObVPSpoZiRzkvx9pihveBxHCAMKx3MpFypyhycaOnqoJGFzMuYkDdfqhxCc1nIUgNIAVUW3VYidg4FArxNmGzJjrN336vRSQ/s0EMDf34+ADAwtfrxcxNG0DC/ON6Ac2sXkv3wEdNm5nuvF6v1pqSGiPQsEkWvq4LqqNbR5frVTFLBpQI4hdywKO9b0McDdNhkutilsvw2r6+6QZdFhKEaVMHNcuko4D/RETNF6hZcXTgpy+wHcLpreq2jnNDZc6jRJkbRfrlGCIjUw5pBl46LEFSTZhyzkfLYNj2EqDuXypqvGmcnCzIZcSfY7TECOMYqx03njYmuyIg3mY59RLnQ5Qm7dATFAo4PVNY2IHWOKrV40rd7LjYwmWz3kAKN3PLuTjtl+yy3vZ7AuYGNW9L1b7OOW+3xAZPqF36wWbhfdK4UG930nrVQrUFPtj50DXCG7XGkSNHjhw5cuTIkSP/mrgrjaqnpbSjstffzvG/pq/ubguf45uDhi/qz/k30duf8BP+jfCXawXR/+B2VStO+Al/E45fkg6+lM4UZ4qPX1SvL6VDQzjt4xPH3rVJ/xIx+2ISeJLFF6fMYPSDRV1HX9TxO3Qh9UQU+sHY4gqJxDS/hI06yVT/AK7rqomuGMmkl5/ZY4FgrHDXVOzEGmfV/Kiteo97Tbmg13xDHtrClivxbgvdTbIlNj19/UpJqlTI84uvfCvm+5Ykqq77HlObKrWkua/vCo5+pV6fwWnvIg9ZR/xsYUyvbACwn5cJuPpiyq4cd704U5ll60DdtEwCezu498vF6D/OoLXhef0aAeLoLqUlHfaj0D1znrynDmKm3UBS6grz7Qx6g0zXZp+14QVI3iY1wN6Eq6jgy/KChG46JFCpOfZ3S0GtHWeLFRoQZrrkWiBqSga5Zo5AdzyomoGttbXKEf0CFGjkBD6DYcAsopaGBqCruLJabIAiQCDVhsBP5brudDfYIcByV6AirFbUBGnUHQEKMbMKAUws1yV82ebE6O0vuIiJRVj4ktdFYBbmS/W2USeXkA6Zrp0eTcFEMJeD1inCHNAVm4lvA0INeuTim9AgJLsukJ7efETH9h4svmU4xU7KnAQ7CgC3jK5S/mn8c7hs3IKCc33DxSNzcby53c4KgLf+VAZqSekh+3XqbfeCPLRsF5uEeKcTQmmB4RpVIIM9ZQ42a4zJZNqRBONzyDFgwoTu59Z2n4t+Uze9jWouqqNsDyfWfPa9TtI1Zkq11ptDwpHGfqLbnKAwOmP21GzFi9ZUVQLE2cd+jYx9LpAq3gyzI0eOHDly5MiRI0f+Peln/r3edQ3/bnx7jtze6Y0p0v6KnvngLCf8vzD8+CA8n+fzn/lkMsVyqJZdMdVv5qfukFLy0n2Gm2rH00VG9KcBI9SggUAVZlbOg+qtc9dmoavNTaWVqtLKM6i5TF8nLWTnL3rZslb5rimsBzVpRPgSljaBDV2tVt/izsbAmFRVzb/x57el9D0Vpnzdp7Ot0Ra2/DSvr+OFX5EJanoq0pcxs00PblWcz51Ly8ipr21yKSGgaseOqwZ1T5aIwUNEl7/20LpfaYFV6f8c1XMapnSFBjjhiDX3LYocySQxhzKBYabY1Ix6J0/R2suWI0R0nnTKxdRhFoxiKlFv925ANM7SgBTCChtjqyD0OVXFuoqJCOkLMCLwtpEXZX00JsbZ7enQyOykYETFrxHdrE9mFtqx5AkSiHSJyMhHwSPsACERyJhtDOW6bsMNe1LuDi3WJ0MGramCdQkAItd2PgEKiKoCTFAlElaggYghEAgMRLCMFZxDnt2Cpt0jubIdGXoBisQtFERgEaj2UeLNB3MHaDa0WX54R19CzJdePrqYLxEDCElhRlQp7qnk8DeISERac+Tqui6w0rRtRJdz30RICYVBSMFIhUNPwmbQlNVnQh9L4iWsXLu+Q3IiTRU1r6x5xNwVTmYsghBcmivfjdQiozgWLIBQLwGiu+sOWqZ52VLLYpoT3n7q9bMMS7OOGdcyPy1sPeURH7SNnvrqNBxUkHHy6BJ9mZNm7OMFjMvOR/hO9mJIHqz6famsSp/pozGHujoRMTRnx+CZmYcPAJxAvp2+orZcz2oASkLgoFX7ImDs0fwLLa99xZdpA0M906CWiewaWIxMNcifwM5fZCJVYgXI7gLVDeLIkSNHjhw5cuTIkd9Jqq/B8dD69fBkd3z3rW/F+Upe5/N8/q6f4YMQ5/N8/raf7BqNfzTfzlz0UNDEehzifPkTUAKnis5U5KHBHJRjMx5gWvqqGvMH0ECTShKJatNuXFQbmrqHv1FdrpZW3fb6j0PiVR6ZTOHJqHJrdipFT5k3OskhuyfgamUwbPwLuo21bij1U+d/W3kiMG0jJ5rg9mYLurC+Mrbtrg++Vpivywr3rujg1wlbn5bkqfu2HNOv1I67m87nTGM6rWbZnoo9hADY9cVPNPsT9hz4XUxbQtpLrbcCMvZa5RzgCx+PYt0sawj6aKwgClPPzDTZHFrmFQAsxjoyj4cG6StnJFAepndy5mdq2vNcG20hFZX53g0/VrjEMkDPrr6elMfN6J6KNQ3OcbWRbk/U85QsLo/tgIuIlBTQSsgj6hS9BHEtHAXjdFeyidWNZFybu4ASGwapxFBlAl+jazNt5h9QIb0HACUx2qEmJRQgiGQLJgpS/FDWdgJIBb7JBQ9L5OqmpK2l3NYr0BmBwiTSYZQYwNVj33VdylpbKZs3qec2m66EvPrWJMwwQ6/iXDESjuWu4Mr2TfjKwQjKoR+WN8tIGDcdH8JMkqiitVPBP6fNnXLSUpLneJ5f01djRCc7M7LpzSIsWc6YDFFaduiVYimx1pJpDnDHtybK5lamCNPXHX1c53V3rGwgum9X794PfgthAlOX8w1iZkfVSgHselMYpq2bAerRCeU6RTl3qdqNrDD1ztJvnIAStSuwngqc5ussXjASvo8MSrOMDe7YXyw67NRleKHdiaKar0K03BRViYnUYcrHHe/IkSNHjhw5cuTIkd9AVs3qU3h6MQ8qRA+nTZzPUvvZz01q/CvTP5/n82/4fMXfo+fzfH73U/96Oukd8LNPQ+K2v34hBfq5ktD2mfbhvYTkyqCHkmgDiTKzcNx0z0vrn2gD35PGEuhxNVXTtErXWtPmDMKuB32LxJhuSlXD8BqZm6hJM5u27ybVXgV+tvDPm7psDWxWGHLLHdy65avPiyMfmiJ8S7Z0hqfEp1J91o8bS2JfL9inWOYbdHBq4ZmpUVDY98lOqNUEIX+FH1nQoHfxF5Q6+pk6dfW96nPbtj+Bg26bK58fiZKBM32hDJsiVSR3oMPG13Tt9h5c38HtXdW+VoSZ1ZXamyJ5apMOP9a4BJrWgTRA6Q5ZTP0LD007kOOALFUeLlNs23Hr3bAUOMHSUiruR37s7iiETp/Nm6yUn3q8mAdmXLmXqlhEZOaXXCAyC8zZqnnhI3nP4z2MdF0mFwPCqiyEdK1X56Cw0pbUq/2OSXlLou6Ykpqbl5kMwDN2YsG6cjQynLto1mU5aF8sLNdV+lqyl1tjY5vVbWiWKJGwgFXMumiaYQSJSHj5IyYDZnyaZCE9soVf5lkTQF/RfKce98FxAIPMpx0SPXK3FsBuWUh7AjnmKz9y2WimtSXRwdXiqzgS6CCfVyAasF8dKOMnDOEGOVE2W+06795s9xNBfzkqbJbNctmIVnRwghjfwJARaDfMOkJaSzdVx0A+YpD737RJbGdICmci9pa412eAfaxqrApmq0UyFyYyOm+sJiB3wgiFEqmZv2UCu41f5w37xQWBXxBhEMSARiaOqwMKWAq+6NmlL2/Ci9indDaOpUxRYKpj9ciRI0eOHDly5MiR30TAj7pcIfme/vlZJ+x5vU+Bv6nr/m78X/z5Rn9+Ps/n4+crCARhe/Q8n+d/8BlpDfqT+PQcB2u4kKCGE6WW5ykdbNLB9nkos731Ls6cr6oSQYS4CYmwMLpmjSh081QU067dSwVXv3yO1PC6QgmhC3WlUX7rKl2FppbclIBVMcTG+nCVm4Re34okyQ50pgETmxpOlVIVGAjfVl1YM9qrmBft8xvML5+rgm/VJ7rVLyIrmyyuiTIn/3f/c4210dXuKlUwKku4d2KiDDXmXOVvyU+8tYKF8UzhNGtV4Fa6J9fWoEELuc9l1QKv42RtjS0kOeLN3LkdBRtKFXwhflCZQ4/o43cb8+vxo0i9RG/glpKBWYLL9u941dRNFi4B6QxpEBlEN3fr8pDG9MxqKJcfAyPyoMps7LDBtjGcvzhAHbXuSXXKn2s/pro/Y1VZ1hzuxCgta8JIkUSh/U3mEc00pRWu3yksNjC1YD99dS4tmE7ntmNDrktEcvmurZQ9kGt6vViw4nMzkS6IfSBlZojf4ag8IYMIVBXjcmd9F1Vmv13J7k6P/WoZmR1ThV0fyX0p6/sSkSS9Iqxvep+Ro4fWgsZyy/FkAGE4gHfjAczMzftORLQlgxDFlrXbimQyA6JXgm2WuiMzXiZSSkyQO0TXu0opTXCiX1aIE4U4ts9Cdbvuw8yqNvZ7AQiHIWEvprnPCu9xrG9eTKndZXEwJphA7MwUr8NYotbRPQ6g+lnLgFtPDsV1a14uzBJ0nC0HQB/AxEHfj3EDGtsEwW2jdRkyy689+f4mxuUcXJZT6hRqEIjV2yb2AQxZ9WFugJ0qQEpMBBW+nMpHbis5/9onctvDqmY3HgEkE4hIlanfbjGzxAADLQI14ht6qGVdtL/loSBo82o39EYBkzMRmUgN51ZVa9rIVymGdlM1IDNxwYrx24Qiok9J+UeOHDly5MiRI0eO/MOy6G85/m54COdn3XL9HOPQPs0x/bE8qSB51GMfnOU8/xc+vzBh6ef5PH/1OW4l/LV0NJmIP5+XruHVxUt80pvy0CZ92j7TQ/gQx5wbzeHERKrNrIpiULOXW/AdIOxQCrt+auChuDI3KQ9dj0zhfTDUU/FP1zJT7KAFUWNmYgGxMy9YirqSOHw5uc68agqzXMxV3101129Ao/WnJyreRECsXyeCxYSXpIZ0m3jnUnwG83SOyIPefxcY2r0JDey6+e9d3f9yvu9+emKtVXJGbep+KIq4a8pbdPBNqSbPc/XHr7eJKf8rtEmDCpmm9s2ufkiK3jfmVrYcl7eJpK72m2rZfcMMKE9M6v5GLegmcE9O6oPV/ZyNof2FMa1cxxbaJqh4g3w3XGNsTQzCcXx2aHCtQo5VVNOQeZOg5lLZvSW1GjN1/3mNI9D+bcGyFq73X02q5l8TiR8k6lgR0+CzzZRrQ4Am1HBoaF/uVRUiYlciKkDY6yKSmNWEPsLQkAF74+5p0a6LqIpIYnAlMl9yOSPKF974tfaZgInNPmbsVoFdEYEob3IML4kIa3qmtPsftXGiauGRzv9KJA4w0sAwDmxzMGLZdzuEezyUIZmfl//F5xNgprxbeS5LqFMPmWi5m2LpSAz1yCIwQr9zE4cBmW7z5MCrhNrKG54LlplOC7k/JxrGlPA5b5y4Pt0smRaOlds3XQhwrrMx/EbPpk68U4o2H6/e1JWkQph9I9DpopWN36VdENAawRx+hsVbO6MFQmgNUhDStDCfrZKVMzPyAelNMD8lhum49bjE9US5ezIs9zUIfa4SkZGDzZp8Dmk7ctqc7TcCAFArZzTfg+Lw891jyJEjR44cOXLkyJEjf6+AwJBVf+vf3uqN/e1ZJ7zRJ5e8nvXS/BX9NnXdLz+Ev9V7Uxz8/5qOXf7Cu+f5/+rnV8cMz+f5/PYn/qm86LtvoZaNKENLHJlCaM4F2+cxZXta4jyEE+V1cgGDSAlSleAcBtmq+i85UqnD7MjiaGsrNUhpho5A4YNQjUlT1biLpt40oxzkBEklrEhq+kK3pcXtUUlw5fZ9CgfOgaPum0fdX7Wt1xttB3JM2smkP5rVvkkXmZX5Cjj0XQAp8xnBgq8CaX8lzqfo4KCuLW379OLcqrs0vyirjcevJjbiZKZojQcEOhVAOBKO2SJhcwtMmvcp/iO6/Fm0KpMO/V1Fv5Bgcj1LFcqMQLikyitCtcDRMr2N8ttufE7WgyvJbypw6scdeY91nAu4Pk3w3iaRAqZkCxLQazKhnpwM1/QtUGtVgO6CT2Ppx0wtFPEVm0yWktUKU0s6BCMO+2QXTi1FRKRKLHbdIplO6C4GCUDCe9Y4nSA40gozgv+kQK1X3AXxmytAh98K3jCmOZk7dnTR+cXEcl2ScBpI4w5KsN+I428yoo5rcBqtNnvXIgLSuNGSI0o43QQa6JVGZQXczASkVaHjmeS52n+eo1DaMr1ELJSjSwOKzr4lkSs8HoJIfSMnCZKhme2U7ORs9TpfrEQXB/CUC0wAhL1Nw01lDolAKInJzZBzAoTIMTasYxivtvR7R2PkGLFVyqUVnh5oXXae0OjtUlYPBk/mcOO6ktKyFAQfsTfMWhAfRLkGBI7WAbWyQrBfKbZnRO17m4BBBlT7Vy4TgGNbEcODk6cYGTP1GaCkHIsDxdDWjg/GokyBgjuuCPfZmYea2rxIY7BAVtBWg9aaE8dZzPBoEDgDKAUpVNEczyeoalQ2xuchER45cuTIkSNHjhz5naToVIdPegiPI7j9EfZl7fGcGm/0z085finNb2uzz+f5/Fc+X+GjPpDD8nnCT/gXwvUfyTdugnw5ncELYHAEl/jU06n3NbDGr+HF/yL15yF+YUaO4YWoQQqIAtLpPjPSUNW+ZZ9MXblrgqoKSUGt6d2atuYAYWv3fWtrCICQgoaSer2Fc8DMV0BBxtUwk3uJcSJRhypV9zcFbmNuQ3hUilWMZNUtViBwQh3mShXfTjP0+DVo8Iu44COWgzS0VvTDzzjc+5LMjKUFSdrS2rbPK0VpzS7b+algk6e0N+0wwW9v0U0q8EpXQ1tpAPdStlFk+/umOnd0opLHilp2DxY+F+nZoeBnw2PCWlbs/AlunPKtUG65Q8AFwe3a3g4NrpD50FgDJpjq6dL7VEGuPuPkqRYVqgwdOhMvdCu36ZHUQ4aqVu9kfVxV4lNCb66/T+yv06N5bDq/60BDTTyQGdMw8HYbQOVY94Z2YzLUbew1djJcNyW7vUgRq2rNm80Pn6KuD9OE7c1VlkrfAgJfZBGCAZBgIgENMQMKQZ1WtXPlQsm3ups1xK4y/IhIOrACA0aIVKj7IKRp90n0CCS55heL18I9smofwE2s5eRiWSm4Ce7F+OxdaRa9s3PjpggZXmKIilzuuY+IiJWYg6xolPq6BnI6d4x26mPbXNM5RK0R36vrxVPYD47jFrDOBxaiKj7G+tFGpjlYMUDEe3UHZCKj6XG3SkpNlYOUNsydQNmq08QV8xsAaSIqpM91F9vuR8H+BErTFV+e0QYPe9m6EKNUBABYejql2zivknhGYIJymkcgVYOvWYjV7ng5g1BLdzs70NE49zVIcZ5kYvYpowqFEsKToQ04EEjYhyQhInQ4cwAI++yrJWfO22AiIixEZHhhNokZ8VVV1XsY8MN+fXwQHjly5MiRI0eOHPm9BA/63vyzyP7u7Hpd7npj6vfyPtM/8xf0zPyFdB7j06RP/jv157TTe/+GOMIJ/x3D3QchJQo/fp7wE/57hNMcHkSUp3QQmF/5xBIfNd8llxKf4yb7u3Ku6a/hYX2UyBWU5k+GhFiIVUQ8tw2W46qi0BOpkQNJXdfjnvZAZl2utWbMCVVt993uNtnhVA02GAurirCYk0G5wGJObMKXkhFhxD0PykVqt+K1quS0E1+6TnlFDt7ghakWTI1Y6hknukxK6msTIdBys36ro6wJBj2jmw3ktXAzVDPXkXbaz8+F3ynkPsUIa9meIL0pwelh+8qICXH96Q06uKbwpq8/lSAp7VMGuik6QAuaU/gc1qtAYUVw+V/F6fPXTGFbfh7SjwdmWYihQ5M8vUjgTQ+bxzfOg92A+/riM3ZNlDMWJW8ozweKrFzC43lUruOeH6sw9EIlMZX+2uLBwSxzp2YBXpS3EC7xNjUq0ba8zzpaHUSxKoPScZ1Yq+UCHOToiR2ZOMqA0ITpQinDD4CSVyahkO79C2VIhE3mmtkWL+nkyHHqKYflzDQZrSC721WaveORGOAEK5JAgO4WbgUIe/xlEGvnFnEhU1mmEpxy9XeT+EYwMiEZitV5d9wtPDOJsJD4kFDbGZ3bZB0IUlJ1m6IiubmISGvNp9bzuuQkKveiON8s6SiXiIgwQ3Is9usLCGqpz45pnFdeXFk0eq9yIYq5TW72iQf7M9EHRy4jebQgH6/LUuwdXbpS4tAQFjKDGMfUyvTvA6Azb9kNjwPQPqocY3QKmtQRoDFKaZwUwyhJgq33NQdrzbh0dVj1aijaelOBKXw4jx2MAPiH/tidmTRGgAOEfSZGJeuRI6/wZEvaT2WN9zXLr0f1xdAzjKtTvXoFt6/sRgP14oYAFUJjApz91prm/A8LFFwqbQBhWN8VENrdVFufaMIgaLtba87dJWhril6iuhQfOXLkyJEjR44cOfI7yKrp3X32mI/6Yb81+Nf10l8L5yl8rstTOk+ff1c5T/gJH0OKD8LzeT5/5pM4dBm/VS60if9JiG1CYxz9Zjmf4mc4XSLCLJWIYGCfwAkWmqrSrsknmnCxruccP7U1aFO/sd6aNr3bR/u43cBVV6KZhTZh0ykxC0TALGDgIr2IRUBELARm9X8NIwQJCQSDjVNiYnVMrqN3k/quInxl609iTr347gpHBPSYkGFNQditsDEZk4L9hn5h0sT5wsgg6XmqqMQDYuS+Vma1aMAUvcvSONkUkfqvg4wB3ENmOpLrnfN5TigC59YbI4wxii61ZvymiLNWenz+HPZDVd2iqs37r+Q2BrvrqQqJmRZz6IsB1ymK/oqTdDU/9c/SJqHc9qIV0lR8BlukVJQ5wTz7pbJkuAwnTNkR8UjB4ZLCxv9iZtGz6lWYx0kUDNM4iUHKIJD4apgAljV3RPSFNZFJ6oOEoxpDITlshOa8COZPLKE5dIvtPjZvWOjhvWrcS9w98Y3NsYWlExiL6eQrS/azjY3yp0C6NKdgU1E5G5VjfLHmTGGlMIrKAgUHnat0CQ9QtN20KHaZZxhJ0G11ltYoM0sMmwGcpw+GsZoKSQoFsKCos6g45hOrbUbOGTLgZFFCTiuITMysUcRsu3QEVyzLenHEcFYRJgKMf1UQo4onRZv5nAEgfQz03oQ4QmV0xUjELF+PKN0MEMYVnOB1ZmRiMhPawc7kcHUZe40OzHhdF5Jc0ixYkQMkNjC2XZOi/WJcwQad7TXmHA4doqFcB/M6X3g/tPXHhzoyqyijOscujVxmJ/EywPvcq9BpksnQR4vnL54UnDunMYsp3Ev2MQZm5ey+uK8bDExy2ppSLyH1oUvJYkNp5r4Cex1V+2I3HiPqt47zURjZ7TAtiiFbZ5GWcZfd3A9YZlAWvUBZ5VgrY+46AhoF4eAYTmc39UtdWm4y1cGb6KOV11P25oeq9rVGtal6r/spBmja0PwOmdEHAVU0u2EQiCymhvu52zxHjhw5cuTIkSNHjvxN8jWd8Hd1xf+MBnvK8Z/JS/6RXM7n/7GfrwHlxnk+zz/xjH8kL3wrPjbx13IOcYqpuu+UzZXxXw2/Qm0swaygomtmZoWmtn2F0dLMVEEICSBVUgUU7W7tbkSkrbW7abs//vxPu2+7yt9aC9yFiS+5LrmERUhYBHIRg5nui/hFchHsFzArUQvNt0JdXUddtUogJaMkuOarmkDM8j/c+Ef/CVAiITHMr2gg0R0rRkxm1sAwTE1nbArz7UWkAzgoFhthXjVRAA7YIDorDySBt6AQ11yR2cEr5lGzZpXZoRpbBdwmcAGNNhLg6QPZrhRmae29KnDSuW/LU/HdJ0Jh9GX33+S+4LjACl2Ru9QSxCRVTTxWmigOWKHQRVd32zsKYkmcJt8tJVzAIXcqZv6aMlr/DA9ulKhHSZOtOjE6AAAgAElEQVRD599bKVh9E0pb3IKV1ium79bmrF2ga7+V+RV1ipZKCDR5MW7fIgwIUpAb3bCdlU5rjnOxOPqmpVa7jISgTRGl87ChlYmoukscWpiiDmxwQjS3PAzFTMSaWkFKnfTj7FEfAqXNM/fC66M+9yPR6CAkCGK/AwTXuNPAAM7m7kTV7myPMbnoY2ajdxcrutwBihHRZ0cJAn3y9YUkLmTYVQjuczMvXGR6fdpmiVXVMrEVE+GTzDtCqFSfAkejBEIsioF77kqvc8Ukp80A2wRGOC1BhXI2tGY2H+fQ8B6XsgTNK1YsvugDfMDPiVgo3PjaVZLE5hSk0KDVc7VBGjcA+rDmsg2xE/ictsXB+ST39Zg2O62rLw7ndAFJhWXQ4QpFDNqg0IGGX2M7Rk69ihnHROIOYA6rYFYo4tuw6muJgtC0pU9k6keOOOKgDFMQETTNX8IB0ewjoqTBWcRe2HIxAoHCIVulrjB+6SeaeNrUCk6Wwx7EObXgELBTNpkI2jQsI1DFhpnNSoIijVTnrRS/jTDPqXA32Hym2ystJqRbc/CDDPpqIKqt0As7mOggvVKWTYNLGCOJWtPOBcY41VWVlAmKptowNpTNozpmDj545MiRI0eOHDly5LcSJtnoYPlBN/sU/unzVzCRv4Sb0K/WjZ/n8/y3PL/qjdku5/k8f+N5UeV/57lS5D6L/zRWN+GYtc4Rc3h3jNP1syX04RmP6WAXp1rSc6W2pJk2zCqtgQAQyreKk3XnPf1OutkU1XarPbf7bvdt9kU/Pj7MxdL9cRu1Aywsl1wXXyKXkMh1XaIQgciL+CJWMC5bLliEScmILAiVfeo2B/2vEKN7ZvLwLyqfHFMMde0EiVSsS1WTORZ+qJwQ4W6LChpgpuSqkzCjOWa6AQxg8rvmkZMGtO/+JeQd0DO/N1X/q6+N+NxMoHku5yprIvwQYZPR2FZrdjXxNzywXbWTpYepleJN15p6HC6rQEdubG4ZD6jT/qaCBDoYgEZAe3UIJ+a3sP462zIhW+6QMY/LA9eHTvVL7hC2YyCH/aYZlk4pmvS3o0lEGqF0uaMQLBwA9/B+ojsxzQlLBC4rgywvTl8noGjyTFiJmb0hhtVAeYDmHUyIF8UWoYALKUcDswS3ibPyS6f26miH/GsZoBi8plGigolnIdDBOHjV+bJzn1cr0pclANcO6Z9clPXdYbxDUn8dYTkGlBkMAZSF3SZoolXCGDq9+wcEJExPc7q5U72hIFKDRoMM32tRqwDguq7+ldQgV5CG5z4VuvJuRjC9WJWYL/N0GHujdSzCFqTjqCQOFE5b5zCQfGD4jYLcN5JUxkvLc3hGNB5YHfmtOebqyE5TGjZ3ImK+iKnZOdwMscYSFlTOukyM/MhOXDSuP5lnycYkbkAT4pResAgbokSBg3bbl7ksZ96BHjpGqACRot162y0q6aO6pyQsUqazGeCtPe4gNJdLN2VQEkHcnHKiezAfe1yqX40MWw/malnWxn4iSmakApdIpk6dXdlJfyimbeOwYRAgq94e5gcRKIDmTgVzlJnvQDRtDii2Vs5mQledfXHA06HR3Eao+22tnj6bqhnUDdfM6jxF+GlFDYDs9z5t8YocCEBLLDPnflyQ4lyNNYbKkSNHjhw5cuTIkSO/iWx1xanZpfy2PI9x+rvrMyMdODzFGf2T/IzeO+8b/sS75/k8/3PPL36vRDxy5HOZPDp9L2JqNT6TN46+fpF8uR5jUeq3Qbm3Tc5uq5tfJQnmUUXRIsSdPtWdzUxT5S1+qPnDUjVrotq0KZqqqt73/fFhkOHt0gC6P271TISvl1yXXC95CYu0S+Wl16WvyyyLASQgeTGJMOJmP4CAEAIhQGzCztwQUpj+0/38LO2wc7CXanrqtgbVjZiG56vQ81W9YDk1MAOqxKGZL6wmSqdrYSwPpRgz1JEPRTNb0Z61X1FBoUIpWNOkQkCboKrgtU2wyBYxci7aHtTr6u/hXDPLCnZFzCH7QlGcuJITZsUxKpy15mrLgTu4Jx2+CxiObxG06YH6wF3r7i6eOO2VOlUo4xczuf5uaIhzOoeG132SrRXodE5nDffSjONl6XlehslyPOWYDgVEGwFphzbyNRCk+yUMDl2YGE1YTHIGezMl6a7TrgobFjl4mSngrYAcOmTbOYRrO41tNkSQMkJyPvPaHp1uKTUFGTmjhsx1p3eUo8cbK/0O7uYQa10EOjMy6mVDZqRaVozQMSeUIdu7IZGi7ULSy9GHUZQznJ9ZawCqMcmc5GQ1VtKgxcGz42R0VYDRcCFjMioVaCdtKJZhjBKAsHxpU6lgu0LuMg3KeUfD/s8g84ZtHC7CfQerCYg7n4k7W8mT0WgQTQXsEDgHooC50cSFIA1grMIwZd5LMKh8Erh7SdtvuNsLHcZd9JCQYUrZs0DYk8wWg1ECAyCP/Zz9jg6hafHpF5XOS6acXn/r7uHOJd3XLhqgEQyC2BbJJCqcjDomdj6jz6/4k1ljtcw9PPoZZNS0Zk3QsoS256r7nkyAUMMerdtQ9yYd7NxWMl3HKwtuFoHIiwaWcn5tt9t0NXvmHPMCxbqALVKqqk2JoiJqQJ4XC2r+F+OEQQ679X1Oqek93TPTIALHmPYhmlzDbDgKj4FpdSAvFpSB6qLdKqk1pgcwk3az6o6kqhKokXtZLXUKHiabXWm3paqqmqaOE14dD2A8TowjR44cOXLkyJEjR34LGdEK3gVOaof6J9uTSm1UwW3UU2/S3yb+LuYXfnqb5jdU4AfZOfJXpTAIi2pyxGxO+An/NBx/JZ1R4/8UPyJ+LX3kx7tyzvliTr/Gx3P6jyzINVxEzNqlxP3tvCxP5cGV7dUzTBBDXOmm7mgQasqxZh4HjT748fHx8fFhlqzu+/7zzz/vu6ni/ribmkG1Sy6V1yWXXnrxJRdweW2U6DaFGPNLRdL2GLrxMk6tX7cHaDVQV8K7npU43ZQl5WXisoQ1tGQeaDSiuvdGKhCEq8s6rOOFM4c/7n94cMMUyGBcmU+EpPTxPMgWH2Nr71bOxx7BHmmFvZdnDd0gXAu3F+4oyJwhts/793t2cwHen4nya+mBEgI4XY+Ress1389kKfxg0TGw6u7jjMYq59zUaE/lArVxTWmpolkIDBXskGlFZedAhE6bNo0ULbBFx/uv40sJliDf3SSLqUjgOho5p84MI3eS3zAbevyawViFgqqNLNIyMWlc1vbhPYT6BDH2XTK6ohThv43SPOLUeN5KbpJRWLtRQIeqbe1jMnbZUoZwU+j4RsdYO4MwJvLginKZUwHrFCwgjUAm3raYoe01oWFadQQzgtJtGypoDihDzZNthzr8boRyXyvDqCaTathL7H+RdESnljuBjYqnOm3MtrZon3B/iKwHOvTWae9UszFyJykVn3RuPJOYbBMx3M4JbkrEhMswRyYGK0NilZCO3xrBKu7WELTb3qTm/FBy1DKsp1ZrGz7485HLaE6mFzl4E1CXLQtGZjN3qukTshH3Cwx9hA3N6j1K2s8DHJOE0za5ty3Ui+ioeBjaNTO2xv/nLEDS72IL7hdwkC76vKHceHnvEkocT6HQpFr6IQRKRJdclEPGbGnqtOMXQNB4ax3FNSjPPUEa0K1Qq74S9G55SFNoN4/pxkvBYaAaTZsqpyXSMtP6nSp37ejtoIF8B0CovTFLr3gBvBnV6xBs5dwEDZMWPz5R+Yxe8Eai9KxMQXkNgJA7foxSStIACBOBzWsceavCi8fsfF8qzZyHMctUzcLpN3bnI0eOHDly5MiRI0f+dok7/v650wPX8DnkN9CTU/0T4bcpzwk/4fvw1xOufsJP+D8WjnC59zb+oKj5NP5CzHmKTw/hS3yDwYby9OdtePpBrOF2m1u6eadUO7taPo2bUZIITTQUYU0DFFRXi5lN0SIfHx/3fZsK7OPPjz//858/P25taK3dDQphueR1X+11vRq363q9foBAwmzkDyVuzNIU1wI0FXVkFLVUhDgbLC3gCRPgbp86StgVpAUc7do8cpNxSd4x5g+Zr7EwHOgkmURBim3AggiyiLhRVxEKwkXibDTJTm+P5XlDEa2w5CIDhLADJ3YvfS6p6Vtg1y+9u2a9AoRvMjUZnpnTFGHFjX6WrY71vUrCqGUPbkQUhHJSj703IWhOzRroahyw24iFk4cEcSOJdvEV80rliFffgmubDC0zLjnGcU1lflb2oYc38DSX/0+Nx8uwnyNbrdChkGF5TAhrtInKoajezoM6ZqYpX25KRD3rwBnLKctMiWXEX811QLpdzwKZGZ+OeTc2qC82Sf6pnVf+SFlL0f9xPJED5LK/B8R/BghtxAzGEjDV8GJQMQGGgBgzNyipXSJRQqK07Pc1HAJicyyXe24Q1WOycMegDdWyOgqx2k4WP2VUd6UGJQZIEjx2zM1GrgYXXtNDnjmaLS3HbsvRjW4GvmK2YjmcCju1T4O2KK/uTpTUW9iAPQ6oLgxveknR2D0MkjaCagzWGCZotoQxk9A13IKpuDD3YuYgVO3TPz3D2XKYOJYNUhTAuw/w8ZIQAdqUY0dDb/9id5Q5aYtpkBMBuBqMKuKLSJqR7AifkdTgrM8YYQmnAYTmNs1hxj8rmJdl9xtK2sqKRwrleplpGOeZiIKGHjfDrUBziiIb25vZAUI1F8hMoqTavPSkFg2xmjIU0MZyUVmpnVXnOTUo8oRgLeQIrJVfncvnjhzDK3KiiMys4XVyWkJznhr4FyceTZsHHBuLapgMZQqf1IVxOPBHk3sJG0P1xlUZQUP865Iwz5tUxWHB8TCel+sjR44cOXLkyJEjR/5dKVf7+x9KRT9QwgclVrFfRVyO01V/ySWoKjTqJeBN/CnO1/TeNJZzH3+s17fS35fzX9fzn/D/uvBX/nFLM+Rxns/z15/xV9JBal0/j4/+TA/hEX8e27Qt5xwHcxw8Pfcb4+zGMJc0RwNVIGK6xN32JIwRBsLIeQGqroeCW+lkv9FPbnDqbhpi/mkGePBuZlH04/6wCP/53//7f/1//+s/f/7ZFO1urZGCSUReP16vH/J6yY/Xjz9+AAy6wPLjhwiUSQaVXsEtFWBmIWIH2yg1VtbmExIWOjGnUlDXYdbkexNrKGzVdL4MAgmomQ4NrKwghen1BmUXb8W4LUMIdapR1s5BA3SN5EAALdDTkyqtQlJPsoVJfkIK4bKjgytA+ExWm+syxPwm0LikTrUdmHpL1zK/KeQO6Vwh2k0hHXCK3FF4h8n9MP3rkGlwxjjTRZJaQWUkMP//7L0/jy3Jkh8WkXW67x0JEAUQEEhHeGvK2f0KfLT0BQRab51dQ4AsSaZcAoIsARQkyBbXoSwRkBy6NPaBFgnQoQRouc5qtdIK5C7eu919KiNkxJ+MzMqqU6e77709MxEzkxOdJyvyT2VVnRO/+kWAB9xVT7JjhGZLsBSPlDdQCgdQHLDlw9N4gAp/N5tO+vHLrR2NMVmjLrYwyQDC6MLCWtDXcd3C1P07QwPeoM8uZgAHY2/EMJH+fPe9xAyaTmkKE9Esauaz1pUQc0X3EhLZPV2BDUV6WOEQIEm76q8xNK6aj9Gn3N2ndcOGO1LYjeQrzcP8Wjo5sLugvyFhmJxBMIEzRNtrIWCBMFzp/maFtWZgsPiK0qBqbjRDTixpGVtrs1IKIHiaOtRUfv2ESSNXtmiloK9qMDFXwqKxhJmpUvUzqyeXSO+i3HFhBdokz8BHzCjgk0ZxNASKLSFgYWTbkQSMAm4x2Ds4jIykT157Z7TWSpXAcxNqeEYDgZABChrChxZJtujqAzJUuobz0HaT/SxlJiCuejsQ1FLHiQxc60pEXRBOahBOvw22oijdIgl0Ze2MEiuDkCjlkRPm6ffsRqEpAD3CqoN9lYyhJ3WSy46YJasi6HsTRLW9jBQZh7Yd7ZbB1qZtVSK6lIIARFSJqFZPsFerwI5g34Y4/hBvTzQERsl8rCeZqp6vgkvlig7ZMhpWLeGPBcr0KMDKK/TVsXirQMwa7B2R5VSGa9AuZmwhpwO4599t0CKMh8Cim9Mp1+bmbQ9btHhL1BMN/uzsjHRn4XK5yHEDudz/XNd1yFjsp1JeliIPA5sAYUpKSkpKSkpKykeSjW/WXtfTj7H5gSEQobo2gz85pAP0sGfv4xvH0bfc6uf+6tRT/2j6ZS/YXEfpyvqs/xD1AZ0bngUn7fCN9mwcwZvj4cFvEwLhxVdUwrNJRxw94+Z/x9gPG5vC6BnqvRE8kGpt2GBwutW11nVdq/xTFSFcr+u6Pv32t7/97Zfn55e11rVSXSXI2lIul/LweHl4uDw8rEQMBUrBpSzLEt8zZ3TAQP81wk+jQDoq03xxbWmCV9tMWgy5CcDjAdpAIwEq98ThXnF7g0WE5ZCyDJxtMQCE0NEEArEQt+iUOP76eJbzod6UPZrg21/V36I+UZ/zAk8Pxkhys7Ozsw5bDqJfbXHP35SIhA093+w0AiodLAj9NdxfdOoOHkh88n3R1icGBY3k1Dm0CbY5MdifYeHjuHozkSUZbUd8cSTeCaqm33VLl1Wul4N9aBhIwEPiQlnvbGDSjk2/Dba7mk9sepbHP7X0b9LO69PP+sGQcyslNZm/Z7C9vKNz3El49pOC28lr/nZ5ASSi5sbsdnZZzI8pcBQgKaBhJ05je7JBF3EZfJfGiJV+xrH7q9GTnKXHGm460B2dlKXQlB8MyqQjxbEb4ARGNVRDvoB2TjXurv2WAjDIo8GcTk9FpspUG9/RwVL7u51d9nik9nqGnFliSRnL7JkOnXPHDLDWOl7Z7VnK3CBbAiP7EVO35hais5htQfn0nQa301kXRcdTaTXcrhK1U0lGvRP+mcXgDBPfvM9h0I9HrCQgKAVKy3HI1TA8t9AAHhmWR6h0/jF4Mwpdor+HZKgddWREAGEBsocyZz1D+tT3rWR0zfYtR+HY+I5EY2JzQxN5WZbuegIfnF15iKSQHDLI9cQIQCEOAZLuZNnrGmXcUDdb3GrwNkj6SSzAzFxXhoVLAYNsY/xkw4G7m5Gn82zcfVkqbsvk3z3kFS77XjOig3bzcE4wgKOM/ioC9ncKB7ABAEDsz14y6L4SCInQbnrNVBvn7O2ilJSUlJSUlJSUlO8o5qSJ/pMBvwj+4eZ/afpQ37cf2gIMDhRtMfqHYxPue53V947jIz8z7tTvtR/qT/mxsz7rD+ovO1QRzPqsv6ee72y/radz7YMjdUhiuGk/xNXlruWOfXRi4LQ97NuP44/ISOeoCVefp08zLy0CSZwzC7pF7vszP6C9d8+OETawsCpxcF3X67qu6/pyfbm+XK/Xly9fnr58+fL0/HK9rtfrWgmIC5ZSLo/Lw3p5fHx8rBUAy0XYhEuty1KIC8ASPPU6n+D3xwAhBFCKAzrQGCvRidWyNA3LL3upUFFnOigeyVwC7Ud5Wz0Wq3gGtwcwt0iuPmxWt69T+AfaXMyt1lXHPbKHdQ2uamt946hjO9PP99HB5kG/1d1Bgx4L2e1o17J1AAHKOitnfZST8K5G+2AIUefdbresgXg6H17/PbHPutd2ScQ9g98dbBCNhdqfsAhaNtTB8Ag3N7KLNus/XVhuX6Qt2l78NLwp0YChvpc2srjI4qAPHmrebBVsFrqVwHgX2d9Fdrj921kTDhtK6jlAZRz6GKgdERPzqRe8rU17dY8IEfyVQfucfd0MENHolj2PUNz4LZ6kxp+WFUa/vxkniSWfa7HhRcqXB7z1XS0nzwBia2BABMU11HStzJ7pjRzylMM18Z7QmgwZZG7L0p09NNipIYftVRzsEGtGKBqfkoyEp/Q9S1AnUaUVE+OAbIb3TzpSFNu6GpTk55AcuZG7ujGuujSQAN3+8v0UJ8QtXibFCI3FV4CqX+uauw/aP/ZME2gUhL7vBms1YJpBAEKNEsyoLLp4OgKY5JtPgqAqgYwJASTEquwDqkoWba+nMgtx0wPjVg89DrwUkES+w44RUmIpBfr8f8ImNcK3MAjJd75uWkAj5Ot2IN1KGtKXoO1wDfuJgLjY7lBMVi8f2b8WfBabE0Bmh3IBhdeqyK/SdkUiaopm4aRWv5Fyi9FsAVFLsfSTEspA7ygdoB6+mKF+1TACbIP1sNttgZkLIGcNkAHWddUBom9PDs8O9BNg1zwqkOz33x4gDLc0lPfG4kedt6J//jpM6I39TwzE05SUlJSUlJSUlJQPIl1AL/sFEqri7+gQ86mlWLvhl3YXx1A/1Nzn38ahHvuf3HM7Y/SyW+2zPuu/Rv2Qg3A4Juuz/kPVR0/7e9kvU3LSvP0Elbhhfxtryh1NgzfHeC+MzII2uj9RHDfGGDTKoCGDXCnmHbyu68vLi0QWfXl5eXkRgPDp+fn55bo+Pb8QAUOBZVmWujysl7VWYi5leXh8WOta67LUhcuFF3aqHwABF2i0QSwlPsAUiCg25wiuRBewfC5QX/Buh/ViISCywowM1NBBdYMDiY+SNvnYmFlcuhJzy4ZrbMEAFcZ//Vh3xFuSs8nJ3sGTrNIwgsYbbR/t3YVn9qaVr8L8zlceyAHZa5fG5w0OLY8jUR/0GFcNYMtonM7Ll5hjBMjQy41xbZ2k5maNvLfoQbbocgHfah1wm1Q0iD4qQ7jEpe0crhl9cOCJtuyAvVPYR9EQvOk0m/t487lEUOT4Z3xjwq7fDmbsCHHo2VrNCQ7bSSknuO2XMAvsb7YKxbAkEvTr2lY5xBK0AYDGpbR+5ft/fEVDkAxsOezYY3ACMgJXksSU6FlQu3c9mAOCFX8GRLwHFLIwrK0xCDVILBZb6PbTQ44mYHRIquFS4K9a+IycnadwjgBLwICEHbMQW7hRMvzBc7EqIs1tzxBR/JkioW8RkByMagAgCysLJIdtrbXWIgljGx+OeyFDaATMclMUIFQDCpkrVem0GNiCBZeyjLs6nhdban/LBjQVoSbxlR+EBhDqtwsBCI1tVtiiPRoP04lqpAZp1SCewLWS8//kEW3QEpI9sxnaSgi60zazJp+rRLKVSD5qDMLaEsZBgYIlRoyUzWO5iYmAl4Ia0NtelmGNEA4FS1kKU7uqDaKTXaFXc601RheXha32PUDAY9knKFdKS/YIWJBYgsdKwjz2kLLOF62kwLO/rRCflyHguD7BgaiNt93rQSD/dqSdd+iz9BVE4FLAg+6CnYR4WhoOCIzMUISM2YXx9DuPtR8o6cYdJrLVsgl5X6UUAI7f8eRri78V5vel2UN2/mXUnkeTB/QAJcaUhEWjDSdAmJKSkpKSkpKS8oGk0fzGGhjqd9uMb5R27qANGrL1EU3cRztjODC1p8fat/u3x7V6rZ2s//nWX5qTLsssX1++dRed3ofc1Yhs649sbluONTzW8J7O3Uh4apOH+uG6DKiDvKyPZG5NIwvqy/jGIDTGYK3rqn943sHr9eV6fXl5uV6vAhA+Pz8/ifJyfX65fvnyTMSMC5RlWWip9UESdV2Wh/V6rfWRoEreIebo/wKNNYrowfmkUmMaYnN0KoOwA3giiiBTAADEEoM3trBX8o4/k/muITq2EKCUUmtFj+yHbtvgCAMES4sl2mDC7X2wBQrjMR7m4GvbRkfchCMdT+4rALlXS7FQacfjOajZygDuujINHLoXm/QV/Z6XIa3jHuOzBeScvZ3V7UBxd0e/bd8s9mJHdQ7iKRi8h7M6jcOcwoLIHwOEY9RTq5cbjbi9j07EcAbjTGVLB6bLOH3mxtGbQqrM+l1ccpUaG1KDAlsYQgGbSn+s0T+LfkkuIR6j5FRzFjPbxW5/2WAYAArYtcBsUYk1YqUeFN/ViEOQ/5ElE8NhhW2U8RjqNgMC9DFKI+5gaIYNPKLhGPYgGCoJYf7WG0RMRd9uYHteABAQIwEQcrXccgIQGthVmeQ1lGK3R70sOia/jUcQpqIbQ2qJiOoKBSWDGwBW4PbAYqhUNWWcB710nmOokSELrtn2gOBjCvkgM1BdDUICTVCrv/fIVkpzE3JLx+ip8RQQQkADCEmAPUdLi1IIkbkiF8HViASwZCbh4QnsVLkSMcnz3ANgYgGurBgfQaVV1k5eqAHbhpZPT6A0ZUSWwHEXDqFErXR8UXagBO2U+3zhUhlqJWaFoEpBxEXjXILdAwAAuJSCepoEQmQCKiQAXXt5Rp5tiAEtB1LDTsVjQzJB46bWKuNEiRdqgVWx4CL7iRmYr3ETa9Y/QCwKj/v9tsVMYEZBgWfEuEGJ92qD4oAadO4wGOqyWnh2J9IN90CnSyIuhH5i2vz9ywzHSJ3oZ4qIKlO8T/vu1iPk9AwAocdnF1O6+YZYSvokwxbjNFiIMZxjOIFSivRYShFdIqDWWi+XS1lK98UuJSUlJSUlJSUl5XsL+2vR+ssZg48Xm2+2NN1+ykz9yRj9tPpd+qt7y/Ht3vIss/w25UUTkSh/gVNP/cekw1EbEIfb3fZjec+xfGqccuF1WZ16MXeq+pIIGlJITJVorat6OJmVVkhUqV7X9UUgwpeXp+fn68vLy8vL09PTb37zGwEIX5RhSJUBygWX9VJrZcalLNfH6/Uq+CIWWJZyvSxLrcXyEerYiFekC2sQPpmLZOMRh5+DKxF4GH1bmguHnRY2IIiAwEJKgFJQkjwRC3oKUBAZC2BzxvpxBbGUUhwXlJhapdgr9CCp2Vg7MWJUzJ6IflKMoTSAgnuwjTrtutd2bGRdyEN7P2gOo7VMZiHDsRJ7enLe4Mgf2rR68xF29SEyJhnE26bJzAWNiqNnWZcGGzBhK9jgcWy20TFa89QbZcoXpTlhRzH+Twf5sLaMvDufBHA7khkYiw00AmDODJJwcxKrEMPHgY0FHeg4f8UmrPYYSjiQoCLpBP0wR9b97IQbgWB7ig2A7ru27luUuh8VgFCjbUHaVrRx6KnUc4ntOGJAu1JksGFYcSOREOws8KJjXRaQELGo9924RbWDUmwAACAASURBVI5j6VYJvDUMOxiU6FW5jZl98EbfjCkew/t2bMQiBCxlIfKtEYANRKEaFyOQgdDjbOkUMmOl53U0OmdaCWPJ4MOWWk9pkkrN6/YKM1E1e9zvp3hFmhUMfdquAfAseoygmKDvCSKqVFkYhJXpWrFdPgxCiGKQyKds9LVid8jG86MIMLPQ2+XWSgBcBTslQ+naw8yDbcrtmpXLRrUaHoOaBXG9XsGglOt1dQqWHC+s+KUsZMEoA3JDmkqQGeQcAmqt7hENlgn2Rbeusiy8lKXSqj8N2d5TKcgERJVlNYxlzsB1JeJqTzhAKAxKP/RHg4THBGHTERAoRklc/aHYQdctyC8DFiCocg0UBRGrcPyVOcikPMJFFw4YACpVXC7SGpABiqZSZLJo57igTIrl9Cp30W7rAEBVsbGCRVBYZ/4qk5OJiC6XC5fC9mXDNgw6CCvZTgEd0NUzVWtlAGr3qvYAI30ksl/9bGQ6Ba0LQtWdQABo11p/o2PfQopKyisyDcvUW58AeIya3NlefyjylawSSbzZshRU1JMBeBFAkSu0W6nfhTlSd0FDjoYozKxRTRe8yE2iwZn61Um/QFGVgAcoDyYZUimlRQN2QNC/UBgESsT6Mkp7kGKg0XeL49AgM6/rKl/MlkVmCbaNU1JSUlJSUlJSUj6MyPdkVP/jxk8LWx3MQXDQBsEcdPJlutm87Qcuu20Ojr2NubwHLoNvODb11AEBLs6XEuJB6qm/Sufv06/52RS3uKP9cRvebdM+VVSwtYG5Tej7FY+yuGkaYynAGBTwDtJooi31YKUqzh1W6qAGGL2u68v1RbiDQh+8XgUidLk+v1xfXtZaiQC5CMUDuJRyuSwvzw/Pj5fHl8vDw+WyWG5DciX6rB2q0akFONZieE6IZVF3xEWJAvY2fTzAOmBSXzsXKIAMWBiZEYtEETXXm6N95uB3rI2NPAHog44gbdcn2IiaR74NKjglD2Y3gxGHAwT4mTXCNvnYOUbCxOYg7v2CXT20yJsRhXCahUOazcsPugEbfNLCuINzyzSBVARPGn7EPYs0oII2AC+HQTvg2tzq5u4UKEAwrA75645l36XqlJZ8crJVGy8QC9pc2UBQRNCgdkjBLBGXgsHPHxO4+TB6noiv5dCsg4AiP8/PtyQ0JdBYvcVgQstYBmhYCjh820zbAJB9YFo4oGYI62T7+RYztFvu7q1BO6MWLHFjQS8bLMVvGcZQ45Z5FG1TMQQAVqmX3CIIepxjv8kwSxxmiLsrXHYGJy241Epqvp132QMkKQEVMHD4kcl2QpHEgwFz9Fu8ADC6ADZocHKega8GmNs0mSXuYB8NtaG+eqgz64xVFpGFAFIwIAhmU5mVOizPBMW9KnOt2B4yBpY0FEpPLSrVkphItqEEyPShylRLwYKFgQUbVrwz4K8KDNo/BhQ2Hh8zC3OMiF9eXiRyJhFdX66S2g6VNYhCjF+WxejmCMgaUVNgVs/SJhuJlUEoSAoTEBEYM08ekgx8KZe1XgFhwZbUtpRCzFQFMimSo06uR08ZCGbLr15QRAhjMFiHzQTJBUKGYQtFOBuw3WChSMZfZiblFRbFQwmgAJLyVu19C0JJjEkF0e83RjGUJ55cgCRx1ONbOG376ZL5Ro83K0177MQyx5n8TdtmM9yQ4qVtt78AELIf7/cljXGraLcGKdA3SxxyazevQPKLyLQ8mokZiIR7R+zpEdWIL1V8x8SituoDhlgJwagg3hC+2KcDBH5P9tUL45FbuX2pDC+H2NQlHi8pgmsb0lYEUa7R9u1q87UqBLiOlcNH7JxOXze7GEt4q2n3jZOUlJSUlJSUlJSU7yPBx4ujrxWD/xa9HhCh88fijm4/ko58yMjlpI/aLW/b4K1j5fVVvNkm9dS/tn4xzNyR7YF3lfVZ/3Hqm3dNa+B+O3yiPR/YkRBOO/bn47FnGYrnR1I1afMYD8pTQzXiigOEleQVfhFmpqoAYZXQogYHiv78/Cx/Pj8/rxZ+9OXl5fn5yoBQFqYKhQELXq/Ly0t5uVyeHx8eHx8fH4keGxvGfLtEtCyLhEMz9gOqB0wf3lOS1SyYJHagnDgChT+BzYnZjiqlKMyDwnEQkkFRHaG5wJunENR3GLIPBjymYSUhAAGYj8z9aKBQxWYaw6SMbNiDMGG+A5Vod2UMeFM85fCV/ujOi6HGtgOLwceG9tGag2ey/ZxA6QMLucTaEHrA1KLMskcCdK9wQ4UjXS/O0p3pPuJm1tp5kMoY7XA4hYCMuDiHAx04BgDZS+b+d7AEhYyEDRtoG0vJLfF0NggVQyhJ1u+YfvlHp7jMhYgE4pSvohQCWPryCG5FDOQ8TGiMSJkpNuqKfB0F8LR1OqxZUL52Qh3j7bde+8MuAmzcF2TLLuY3Ob/nmU39nO3i8l4CgtDWK0KcmhzUiHeOsAqZ2IzoyfTVDSZiFjAGKJUXgbLEpm9t48uRD892bcv5qgzCuIB+RwzRX/tbjq2G3fMbxuxthHEFrMEDA1Pc7YfEYAh+H/Cbol+gAGBPBH+IEK3ruhJVAROLonQW3hOcXUfShltmPWX6+QWsKKNwyUIYRbEhm+F6vcrZZrPsbHe59mS/SMQXQfdLWeTZ93K92gbiuhIgCzJHTAp2MqMmtLPfhFBQwqdWYZgyEygNTH/uoaBqwFipCsiGiMQgoCJceL2+ACIVBH3xpDBVImaostlXEqCxxKiaEmPUTnG88XSXVwwyiaD0W7skuF0kBpszVb03aqRXebYVRFyWUgoQySPMTPi/DJUasw19lwkPDFkS9zqw1hJX9qGJo7C/GmKPM4+WCfFvbG9RDaCjPmLbUzMkGW37v1+J7sZrC4UtVG0pGMPezl+HQJTvD8aCZgEzSdY/3KLRbiLhVhev3vbFByxCKTLZATpCkntDfApCu0DtROh7Elwr+veO/unvZ8SzA9pVVhxQjABeP+Q2i+nT3M41ePhWD6aq6D3o81HYk/7eVkpKSkpKSkpKSspHEXGD2KuZvf8Wg991wtUDDfAR/bohMlRouWOna7/Tb9dy3888tdO1fw9cBu9sn/VZP9Zf/AersaD0anE967P+RD2/0Y673E+0564eduoxOFbH9nxj/KGNchNje27jhIY2mOXZODFAIfKQ8lQ7w4v56h02vgUR1boKTZAMFNSPWCKO1qukHnSe4MvL89Pzly9fvObp6el6Ffrgy/V6BVygCBnlYimYLKshVSJa17XWWsVpBZK6Cok0CaI8v8riyMYCzYMWoLJ9MQzG1pkBZTgKmyAyEMnzWQZQFBIAQpYAowsBFRQvaPN7qh/OXGuNi6agoJAEivtRCdtJ7bLKOU4VYSrElp/JIDfziIKfcN0bI7Y3+iQHxT+R+zOpexemR0WX7gA0DihgrJ+airojE0JjRY1SoGTKCISE2KFskKqDkY59g3KCzH3KZKy04FYeXMzGfnAwLLiOFdYxp7tj8mB+Y/f8IrdQiQ34BEQo1qGeNaXJMgKjBNvTkxW90KTsn47wt11WDUYXGFvGGTK3NjtgALbxJrYKAMkuVlCCI1DEhrVsJKyj7VsOf7d+DH0Lg4V2muwrtNAXHXxkgCKRKeWmJWiNQHESIjE41WUeHuTUOIFqnbvRsr9roORq3SMab5AlZKLH6HVFg+DGjHMqpMvOSyVP9QdGgmaJQdw2swHyjs/pnRtbjxr9j4mUvMgMUCydKrWh+oQ9/qJR7TzQnzOu2jLY+lDE2FiCxFoOP48qzVRXYgKGSymrPg6oFBTIu1K1+MxCgdLzbUx0BXgLYrX4n/oEIGILICndLrjItS+NYi5GuXzquvrrFo2w213UCICyiYkZSF8cYKJrrZdSylJs6UFS8JIhZMx8vV41eaKEc9Ft4tQuZZfa7VaeHXLyuAAQVya5JaLeffTVEUbB8gkYaoOCUB52JPh4KUWS6nnSOrYclvrzLUQCGJFiu9QQuW1dxxT1KcW46PJZHkc/4QBQiBEKMHrmDZYvKgxQoSoDrKCmFASL9A0ooYLXdQVgLHpxxltuu9f07EDWVJVVSaWIpVwAkNho9/bCh9PVA0inDQr6TR6w6I0vgIaag09uUsRUPEIn2I91O1d2hru7XMeVH4AxDBxbokoN1A3Pa/v1b1vRTVUH6uzODyBR3mOYdGxfJsObN2SsaHl62FyNDxqQYwjHDuIP0yngF+NMoLzDolcrDF8G4pM6blSZJQBjsXc54n5MSUlJSUlJSUlJ+VBi/lUIL/bLF1jG4O31yER3+J8tUkmwGV4Ef5Wf3H0q3Tin/ufOTvwB8MH8/Fn/86q/+NvuLWZu6ql/XF2hgFbPR+0LFAIa6+2KOOorlnjQvvDWPoZeXOemc3hh3B1zwUPHDQU05E5Zg8om1MCfxh7sAok+Pz0/ffny9PTkDMKnp6frul7XdV0rC5eCGBdcinqOPIeWuKK9x7XWRRMcUiEqhIWoqpetQEG/k7BlVJuAKPvCY6BL5T54HDxuaCnVWlkQ0UpRBo+nGxRQUHHFlmVQXfeorkxjQ7qr0cAJUIdrwNhszHEKDR0cP0SHtNR2QJQdy+rIDAjuDT1ABw/xxaPK6F7sFr+3zMpvY41uGVk0Rhi0AGjKwUJn5unquWuSBnKDYk0Bjt3ORUhWBi/YMjnQZnwNa+1wPEJhDW9bmCQMr+1IbYpcV1T6BAYnLlhMOWPXKSxpD0cDGtveppYdyumeCM3pymG3BBhz4/YNi9C2sG9eJ1ABFNT351C/Jne+5BAAM265Llht3L/stJJA6WHnffq5aYFKjTrmzUtb2s6yLyq16IWNItMQHu+OLVJwG7mDqQJw2Ric4EPm/2dqEwKfsOaEQx7ixBKTEArBghZzg34VAWxRN8MtWViMQUgP9OSwEeqTezcQCfOJPVZzrbondYc4eNdCMDZMUafUKE0+HOLKFJBvYpCkmyxJ6lj/YhaSnEfmXCsxVwAspZSlOLUQ5UAJyIjAVBQu4VWi0crSRTxckKjq73H4HMJ+Atm32BBhijEhiSpLDjW0zatLW52qqPYVpazh3umAl8K3+omHSJUrViN1aupLQCrSp8LMQqgCcKqfzcOeZ/E6tYsFNWcbd29UxOva3pLxZJT+mkVrEOM9+k3I4BxP6euodjNd7LJ1IwROOS1CmQTJ0MtcyuTVEA2C0LEDoZuIYtOAgB7llYOFAazyG47UVbuAmVtYd7slcUjB589kcLou64/99rbH8JgYnmUUk0GG5xrb7TEuX4y6ObT3J0nfEYWbUvdEGh5Ydt2Cs9ulI8ts0kUx6M6G05flaiklvm3jXzC8r9IeAdBzC+295PGloGDHpmAvUKFPPwHClJSUlJSUlJSUjybrSi3vIJaNrzXm/LOfEIOvuNNLrIeyxUFgbF9GO/v2zRoe2/yq+rfsK/Wfph5zEGaZ5dcv3RHzSgsw1jRr+I7jxCNr4FmHtFWbHYbxdGX7BAvR2lzNASBUR7PhYfKR8PkcD5N8g1JTaxW+oAYUfXoWOPDLly9fFCB8fn62KKO1risrnQKhCEOiLCKlLFgUCJWnmlAJSxG+DZZSlopUCM3fiSC0FacEdWhX9CGKzF6Kb979zg1r6CgQUAAsmbiuK/Xr02CgIsFb2Zl8llQQmdHBisIK/RlFTofQPNca9xXsKWsDds/cELqzNeDwPn7n1kSjqBq21eNeBp6gBWFDHr11hi0OlS3r3xbtG89BHy20i9UmY3d0QgBf1DBnDbBVVEOz2EkMXDFcmAmNLMJdf2FIttjG/gtnP7DY1Nmv0IMhKhiaKEqgDmcmvSz1SxsCctXgohwgPPUnN/d6TzsMXC6NR2qpK9uCqC+XA0Bofli2d8PUAR1gnrYKvnkMnSIOrQz7AEcXWphKQQ2KufVbtjwAAMd03VBwy497xmCAgWsSKxvpx+5eMJ7K9nZc4MI1S5YlTfdABAjtYF+Zgu3MtwXU8LDOLLKEdiy0N6a6rpG3108RLBCp48igMJ1kFPPTSgJHC5KnMQklviTZ+xlEJBQzNUccOd+GmuvrICSvd1RiIvQsZEyVCBrK4oACtPuno94WUbPtDG9sAI4iowwQEADHOxFKWdBQY9JbDLIz9LCUUpF02wgzT6eCCIhyZXvkUmSbr79rJlEhubtqOW4CG7Wkemz7IyAfQExQI7pjt3+DqfxthMizL3LrNhCPPQcta4IH5/zaBYKOTVKFShUBUEE+0gS1bf/LwICBiJlWUlKxUZdRnxX21G53MIMBA06D9liJ2H9EjBpy0wYOzv3k4YqD7qh4zTbEMWCQy7Ig8vBQ7i+SEXjzP+WCLVjAKKR+Uw/olJwFD76MkVunACHEPdp3Z9iY92rPcmwXQrsvtBNkgdnlEJIwpBKW1F47CE+2zbT9lZftwjhcusHycGOt/aln0HBHjDctlNdWLIgqjgerj8GyWY4gpC9r9waJtOEAMesNwt9vMbzQN0t4HSfsvbh/OsZ5SkpKSkpKSkpKyveWv/j/ntXjOvqQg0+4NN35Iyd8sxuv8jl/8o6X2KxNfN1v81GXu9q/pz88y59naQxCc2+lnvpX1/ktdjy+s9Xzu4xNwke+xxx3x4PCNXx6LktpzIOIDnZ/OBwYGIRCGVxfruu61rVSrS8vL09fvghAeH1+eXp6enp6+u3T02+/fBFm4fV6fbm+rBqmlEu5oGKCFxPTlmUpRQKrlVIYeF1Xj7RWa6WCRFQQCTzyo7g62dzcWzQqvqgO0S8ZFdcDb5LELy9ufVkBIM25FQFC6QQAkbAiLwzlggWRW4RM9dnJWYBSUDg0pch7SCgcHAhYmJIZG6LTHHFT2WKf5qLk6PQz0Ciic4zqClZ6TTsERpuzmu06D83OsDlnzn1G/YIBLMQkxYnMk+gZ78TJKzyvlqpt9GL7n4LR9bBcN5KY7cxXTNBIQEB5jwsAQXEMA2kaOMZKUel8uIq3VcdVELnz1JshAuZamYnlQhB0iZktV1bbsZYhSkAU43yB5reTvaw1BruK211QB4cHQ9pCxR+VWIe+B1u0VWagKkiCIxZipqE4KJycuYecPQxoxJzaWjVaLAP32yI00rCafg4VL6Fgj4wHZTRH9jPaAQVe398WW3RQuy8qMihqreR5vmy4YKEgGQgaFAgoeJoQ+QRD0CDN0P4BS1omDC7ZqxJuWXZscTyDiJiXZVEUCxRlkoulVqJaBWXSkI+CRFnMXDkJlci4tv1rBsahIqqah5IbLu83G8UCbQeybjhi4AKFcRGykdw/5f0JLIr3VK41wJwSnlTuQfqSBTNR9VsfB0CFPWtZHLZvhaATAzGX0mFRip0gYsG62hXhATblB569+EHERolrd4aQnK2H0JzT1gEdRve09eJaPei0MQgXwYMlwAYiYoEqm4GR2camb5s4eq30L4g4TGTPt40ZB4gG9nQ8e/JMuu21UzDAr7tVxgMVxmuhUIEqGAcRL5cLc+V4lQc70UKcQnwiS8+11kiX9rMpj89A0mVZ1ngN621Ivv+ETaK4aSlYFuedylWIsoEHXm3bQo5jtYfL0CxEMgiszTD/NoyA2zlVV+siBN59t2n3Swe8lTAofF0o+nTTJ3tAdQv3Y2DZ8xKK1qI020kKgZU9eUp4lskrLJYgFAhYbkHGHZaI2iHLdZc+u/9WgDESbkpKSkpKSkpKSsoHkH/1f/6Vv78c/Ku7+EX7sd18vL0/1nQYbVo0qp32Xg+jzV6HHT/wbX/ymTZnfNofxuef+o9Tv0Dz24G7N1NP/U6d72jPb+kr1mxtbur3xjYZw55N75c7m7x/7M41Jc+M//1Pr//R73ROtK1QjxGu6+pKXdfry/V6va7Xta7rABAKd/DL05PkIBQ80RG1SkwMD8tSEMtSyiKO2bIsy8Pl8vD4+PD4cLlIZfORgTvoZVyIiIWIzV+KWCQq4YTuAL1s4cBYOaCDwsKRnFsKBxqRcl3XLiirRESTeGtMCFwAFwAsXCTGXClFnualYFkQET0Ym2TXYj+vpOFJ1UHM7luUhYjRzPbgt4aJ2h5wxThLA+KiidZkp/hHW/Bs6HQbW3V74B5AuOWOcJgsAEcgwkGd4hkBfU1k2X2fEA246nbMTDEC5zgkmVSRc6OEv+p8j4FOFILAeUfiaEUFeAlYUlqJc58sDuRKgjo29kZYAUHQlmVB5aSKIx4UBPKsczoNNKpXo9CUUpiqeW9lN3HVNIylFERAhdMYWEOIWo5GYGBChGLRDDmcjUpU17XjmRgGAsqbFGjBU56h5AjUk0rgxCfdjA2GVdJWUSqMoiua5Q+6k0W1oWveihU1FHSHSumoKoqSE1dajRlqXCzyy0KTyNlOM1qQ4HnWRsN7ghFeNYsc25sDJNERAWwfICNLUM1KxBKsVYaGlicNSPeVfLBcFmZY60prBeCCZSlLKSi0ZlY0Uc8MVrDzTywvNtS6XqvcawEk9VdBTaRnS62ufw8b6ZxnUarMS15KFGrfcI8opQjsJ0uuu7jI8qPfJG2jUpXQkwqPe246u6ZIf1ro7OzqgDY2GygDMK+1GsABpGFaAACL4NuMLT6qQS++f0op4QberlzN6EYEAA+XB1u9doOKUTG9jEBdvOdIhjYPRGnPNnkClFqrmyKijtjHqCEf7ZAt5a6Ucrlc5rc4n9fsjQ3E7rYq95c4MB+5jLB7g2EzjMF4vJ36N5ktKLh9oWQ4VqZc5ZUK43JCnyszngh7RIbeNb2w7nL5kD1OtWRh9DCq7bEHjIAF5VEC/dNyGhk7Lo6mZmxIZ+h3tlCl4FAZvv3YDT+MYQiaPey9uIXs5sPouUB9hhCXvUHbNjV9O8lhRqfhytOvY8V7JNuiobEVAbSDuHYPVn0vZrsUO28mpaSkpKSkpKSkpHwX+fU//3/NEYvBvxp0/43WDrJfQNi+3cpbiNFnC57k4sD/jLBtg8ftJz7kPR916ql/RP1izAXOMsvvW0o+v9cca8mspp/aTXyoL3CrL9SnyPRTgGCzbymycxTD//S//Pl/81/+rUiAmzIIxZXt/9a61lUJhHWt68tVRKOIPj1LPFGJL/rbL1+enp5qXT1zoXtRy1LUCYkoCOGylMvl8vj4+PDwcLlcirAIBTV8eHBuISIyARET0rIUZ7CwPihBn9XiEyzie3b+SfeO/yhgyQ+N4bMSCcMFZCWENViVUBljrkZUCxERF1iwMCLjwkspvJRSAKEyF8QChcHQAAZQDiSPJ1TYafZ9ILqwvbN4nu1IFwNXeodbo1FF4NA5EYYUseBN7nvtbPfEK88zZ9QzcNwNIZDSwiAiRdAYGaignefhQ4eaGCQ9V2R/sKZZak7WbusbyAP+WtYQmJQFh7AJhCVyrMqpRAYwaFY5X0Zf2xZNFpo3FZArVcEyqDJzVRAQAcjCpnIBpdfIPaSdaGGDEPNSFkCFNMWVLBOuVP2e4iAcQ/vmqqAcVfeGy+ZeqSJr5FLHw5kheHstSyYRAJdlKegoiw6MiSpVpkaR1CvIsEhJw6hknz7YYoercSNhGlmKrCM25EuvTAbfL751258NrHenNgCThiCWtKoWlhKAaV2v7YR67jlFv8zHrVMjvVcz+yTQ9hLbpSgPDrVTHUWhsHRcysIA8jFCAVamZsHF00hqnjuh5lxJIi3LUls8WAQyNK5cPLir50L0V1WYuQi+jNJaibNyMQiKaDuPdPuRc4ZQInD6HQEtWq5e3botHdmye5rQNZErS8bW6giDXNOVKjEXLMvDQp4tEUBwI2JC1gCJVEnCS+u9ibkoVRFa2NuyALSdQXb7svC+/lCwTW6vF+ilWixPm0aZDVEfBSAl6u6s4TmDAdiwey62xKIt8K9djwNyJkiSZri0qyYmnbUo3P6eQ9FchnbX7FHDmNiPhb5cQN6bmLwoY7d9tC6XxiCESoSIlSheZd5Xy5uo9+rCerduPSm2V6vf1/wWyfExPXunJCJ/fnnG9zmEqNolbW1tG23bOkXGBnsbUMx2P8YiuTqZlInOdn7tYYD2fGw3eYtmzhoD27i78i/KBeUgom8Sf4j7FkMMD6Ci+8BaYju2wZvtlWNt5i8PFVx8k9qhRsW2TL5xqRqGaPipv1BkFFlN2GrP6Napguny5dO/+2jqSpAY1A5V+r1JL4niz94OsD8TaSAlJSUlJSUlJSXl28i//evrP/mnfw729mnviTU9YBkIvfd1/yjznR37mSdtEMqNo3CogW60+/7q3U9vj3NnZbLM8lXlBSJqmGWW36Z8913XvdN9vn0sN8fyLWs8PRZ6+xiPQuDrCv/6z/Bv/01i8zWqc90Rwkok/wZhC7ZJK1Gt67oKPHh9frk+v7y8vFxfro4RPj09PT8/s/u0hdaFuJTy8Pi4XB4fHh4ePj0+fHp8/PT46dPj58+fPv/w6fOnTw8Pj5fLxVDDRcHBItkJG4erTZIbLtXYEwBMgBbhUz6J1IcmyjYjVu+0AqNMDSUVQmFdBSOsq4mwIo0BJbSLUgoBL4VR4N+yADEsAIy4ACOUBVC8toIJFAeqOm8dEFk8NSMQeAAy9bcSQ7cKYRc0IklzuyJAw/98n6Alu5OF8bR+2MVtm3FFfCTOOusIZRKfEqYePx+AYxlCkfOAhwWLMu/Ytzn6ZSNQEqBQMiPwayuIgBDdx+6dRGtJPAKE/aDEwW44o9YENMz/gbbvoOFHICCaAB8SydFYgsBECBIstCisY6dANqTgHurHVvaSJgddFnEpU6WqYUVjvMyIdSoOSpq5sBSJKVlrdcoaVWoXvWeiFEYdOCS5IAquQ0zshEKnhVlwPHL2rTnkEaHYqwcGggIAsLN2LewfQsu8qOdESZPcqhTFGhIrArRIgDYLtLiimsaShZpGyo0qKOQ6Ji4taqbFClUsWa47ZgtOKLcQhRXkv4LtivK17wfIUJi5VpLFXBZQhJo5EEaZzK5QA+1SQqIqk1PETFZzZb8jxD4ttSX5RcDyW6YASwyifwAAIABJREFUS9ZCJj1jhIhgJ0W2taAhDIACx8sFZ+usJwTtZhE5ZOx3Kr8xu3VZdjkjjIBYnUHIXBidt1mMheT4r12kusgSpJQLFPDLst0wHQvksCvancvo2YJf+Olpd9B2l2gp++SC1VybgV0XbgAbSMNAGPabgd95DL0bDiktai+P3K/YoX1dtsutmW0noqPi2RRKxJOakO8ef3rO8EtmLjd44Ra/13dKfHHVInw2fEguyJEM3KGDDhDK2lic3j5LJE8O9EPi1hjvFfauh68qscbF7U+i3/g53CB8u7XHUfg+YhcUGEnX7inhOxjEvHx6GDFazmDDgB1uBPDtHkZtL4S15euev9LG4dfwuoMfEKHoBvtbMk3fXaUU+Zo4ECIRLdK3/Rkg8pagUe0X/xIjd07w4LoObMtrVCkpKSkpKSkpKSkfRP7oH/9JJcLRcwtNx57RF/2uOBw1eGU7D+3pmr0Sw3hueZiPLQzlZBavspNllqfLxiCMLKjUU/8x6cYgfG/7AACh3mAeacPI2Nqbc44xvEM/s1mA6b/7h//Xf/1f/G1ef+M4GUVKnFHlvMYwQpKWEmh0NQqh/v/68nK9vkjiwZeXdV1lDGzurlLK5fLw6dPny8Pjw+OnT58/P3z64fHz588//PDDv/v58w+fP3/+9Pjp8eGyPFzKw1IuS7mUsiAWy6tTCiwFhYJoaXbEI6lPQvNgoRHjBmefkYVGoRajUPAM8WfJrANxkGp13mRdJZiguJWxlKUsl2UhBFhABowLADETMlUkYPVuo8XXQ1CqIwRegbgIlVQjWZYYFFYQ6EZPRGAMNawq0gZgAPfMI24e2Jgkr0GPRkgK5MEJQqiIZfOX9gHuUGKubo+DDqBUX70ynBwew2I4UnDLKjIh58g4qI16GJg6cQGAGTXCp4an01CUCvD4toibw6F3pu6SMxBKsDHPixY2km9Bh2oMjzDalnCqWjI5JrZrVi4zYC6lMDfjsgsBQAiFzLbrGBmw9d2trAdBZYnhKyBelfyLknLKwvQxNURLl5M0yKpQrDQ8MJEnL9QZoaPv1Y6r7mAuUPTsCEmM7Xq0k9VHxoseZV1sYEmOph+RnwHW1YLQzkktReOnNkCBLDKxMdKo1pUZijq0S4cr2JZnYEBGKOhUnsaokSixREAGqre9bmxTXIrwH2sDPBAYhPzEfnk2r7yzahQDoJAbEoxf2E72YhvLNq8TtXVF2biacn9vsXMRmUh9/Ni2eLiI2NhN9g/5FmlInmHerHwsC16pwUKVZ6lcU2M/S+BdrrWG+4Oc/qUgORxbLCoLyblGQCqAxGg3hwlEZ5WOlcRXHfzGpXc4dIIpGFs4bkiJsWkcXAlu3L2boli7LZudTXmCMNtS201Jn1tiVtEUzTAKLQ8iNlgxIJdhAsYJ7lYgNEJ7Zcbpkri5gSMwM9qF2LEPIZAFY5bBtlHjmjOQpIMMuQP7ZrotHeq03YP2kobzP9uN1K6XIhG4W9xKf3vDVjCkAYa2PY37xpp8k8GAKxGMaJphXA6qjniaQanbG1W3FdqsDe4zGDlcjR38ptvRmJrxMarjbI/UfotvxtEAOwbjNltCwNZpd0ScjjEd491D0yTLFw7jAgrveIY5b1bDd5GhnojyaorlRdRtbMFjPdhDSkpKSkpKSkpKyveVf/Yv/vIf/W9/Ch4eauqz9WAd7dX40AZ7H2x3rDisos0tJrJts6eHY/HYn7xnZ6cN3uvHPtNX6qkf6Y1BaDs49dS/vs7f1KbJvWOAwzbxv+PxQKwXf/A/+Id/+Z//6t9/efmtAGAOEAokVhX80hyEItfrugr69/zy8vT88vz8/Pz85cuXdV1FeX5+fnp+vq4WWVTcQ+ZpWpbLg8QMfXh4fHz89OnT4+fHTz98+vTDp8+fPn1+vHx6uDw+LA8Pl0+Pl8eH5WFZlgJLgUUIhcuylLIgFGCEqlbtpXUAjp6mQMXQ7G5y34kgADZ3JEtEPKpVQBNg4FppXWVZ6lplia4v68uLIaAvayUWd38pZbk8FAYkWgAuzAvAggiAJGEEsTIoaxABl7JAQQlEakgTGOVAvWrmwTWHIzIgAVaFLu2NHjLyliEY7Jhp9JzKCpgz0FJ4aYOWQM6SrHm+NcuuRr7BxF3L7i13Bqfc1tUTikWGX/ww9cwqY1M4cIZNBFDOHL4hECswCwlP8BWoa/VYZmThHAuipaUiFOqbQhEITFhwKcW89+RbRUbiqy9sP8kXKQsrHtJaa8Hip4g0riP44sswHSzUJTR8Tq88BGauqwKEOl2jsYJhgZXJco6hRr1kYq7uuG/x99hCDoLE+OP+hmFB4NrNQMehUeCgykdoEzPAlB0Qc9algB4eOrS7q0GAsPRfaDmquFFTsTnfpcvGl9I5YbxAu/C2aFXMpJevpjFWD7sQeFGDaVr6K4GxCxQNd1o1IxZyQcWHsIdQJF4iG3dQQw2yOdoRBackS6XM7TpqFnTJKwAwIiyL5ChtpDXSWfiV745/QAYgoQ8itHCafqW0syWB/Iz+Y+ccQF9llICkVrVgkZ2BgLJZ7AShJXGU7Sq4OxIxFLtHknCdfeQO35QIuSBLRlU17txqZobKUA0+kbvKSmBt7MYBwIU1PigWORC4AGMB0vuh7+SOoOwUtrYWCsuFGxQzUUXEUiSEcCCQAqMxkoX1KEYR2IA6fS6gIcZ2f62l4ZF6dpbSIBkEkLun2KFKZdErghiKUIT1MWUXjKZdbCgRQneehRAMEYkxRLDBYABlKbYeGPYZRtQ0oncT+Cuk6Q2XKoXPwR+qEyATAIAslKvwiZ1MjCCvOkAt/qpHu0EhEwqMiGi8TwZcCtpz2/GngZ1JcvoMq5YXAhRxtIykFnC6Uf90+jo0XdhSJP5rWxO0rJlxucakgFwMci4t06jsA7nVI4DT35kZCbEwKhRaum8vMo9lWN6BQupjYJY8tUVvlByG3WGEfqgj0HpRLwtqQmW9lO27gc2j6OroZi2yFcfXPtBzFsobOqBMZX2bArwPALaw1TzsvZSUlJSUlJSUlJTvIf/Hv/7rv//f/0t1FLQcLuwcPfnJ5r+o/NPmj/VIV1M/bfv54PV4sw1u28Rj+5yGUz/wvo4n2nxLO6n/fPULhJdiOz9Z6qn/iHTzwOiN8dSxiteE+vFYNGfV3E6772+PlU93+mX4s794/m//6N/8Z3/vb9T6V4J+CRYmcUQVEmQiIomoeb1eV6EHPr9cBQl8fpbsg9e6iv5k3EGKrr6yiAgw+PD4abk8LJdluSwPD5eHh8vj48Pjw8PD5eFyWS5LuSz4sCwPy+WylIdlKaVcFrwUXBZcChrLwjI2SYamFuywiZ+TEGjTM8op6UwAIZt0iykKzJpwsVZbgbqujg5er8/X63WtRMRATGVZFoJCXMpyASCGCyABEkFZlsIMCFRYQw2KM3QpzGVhIKd8uofUhokeosxST0kkQWrO4TAdcCN6wgOSBGwAm3mHnS5Hxj0i5ZgJEUypikCqeFw48qB1tu6ot3MwNzUAYFHXtE7ISSEKanKllshN0S0GMIyyISlCsagaKhMRANa1gjEzBMwV3piRCQkkIZPStZQvWMz7r15qC3Gm9LKCxEy1WuY/lL2xlMLA67ouGu1TAEJd9OqJ9xqpQmJjgvOxCirjUCDqehUuoKYTJE29KI5sFqAejalHlcx1bn52cjwRHPJrGKvtHgAALk4r6d4WCDEzQV31aFvHGrEmKrRbFDmQILEiuR3dTMrJ8qvOvq2qBe8tePbbshkm6asou9jQOfT5Whw/Aez05Tzj5thy+Ff5ltBr+xUE/Rt2RJqkv+CNb9emDc9BQUdW433YmvvN2wHiMLO4Nobd2ErK3iHyALPcHdvaC8rdzgN3/XSH7Cn+amGAZ/Q3hiHGwIxIdk9hu/oRlaSkex3sKGCGwpaWTXGldsbbU6/hYAPUh2Eh26ZCX98NPjhAUz0pygY7WZv2zMCgbdEX65lj4yGOYlxyCNCRLlqzD2D0P4/MGn5chrXY51NtT2X8M4bojFhahNMGjG1CDTSD3W6ZNGiD5OkSQ/fr2JfW71PM6HxI70LeVtUrHG1Noe2nbY8Ojm56RyPEBrDYTs+w0u2MtNvDYAqccNlXtlZB4dibZvLsmtjrxhhM9bDfpvdh/Ye9ykKt19c8NnFEwdaSFZR3O2GttrzVjl5s68K8+c41EX9A7e1me/b0i5eSkpKSkpKSkpLyPeSf/Yu//Pv/w7/8N399hfZ7YeZTRezrS++n3cU4ut+A02Pla/bYBoMDYedYPNP+Hn0yhtRT/7r6BcKv/9RTf62Odx/Lb+kXxnpzvNxh50z7sc3Qr/sWGdoLG9M5dusjnvk/+7+f/6t/8Bf/6d/7m3/r3/vNtV4FFZTgb5Jkr5LCYxJXc302+uAXzTL4/Pz89PQkAOHT09Pz9SoAYXRHloLLslwul8vD5eHh8eHxYVkeHh4lAeGnz58//fD50+fPnz99+vTw6fHh4XK5LA/LZSnLpSyLUA9LKcXQwaLcsUgTjBwLaN4u0W2xmB07kTCVDg6peEhVYibSZIMkwUU1oqoChM8vz08v1+u1ElfmSrQsZXl4KJfLUpYLPTw8MgMSiK+cCyyAbOl8AAC4MFGhpXApqGG3YlQx5ursLvWPBrYjMZGBMEZVUyqZQUXBTayTJ6draXxRNacUPAmlSkSrLMJaDQQT65WMKUTCNlD/uNMSEcJOUz+7g1bNZ+0DIIo5tMjOlOfBDJwu6gFCXNfV0Rr3bC7L4ngpgDpmZTMbDVMimZLFT2XFFA1BZABpvCyLJElSBmEPEEpqRAUIfbTuCGYCy5olM48EF2au66phMC1qH1GL0ScMQolEiMKGQYOgUGO1UWV35g7bG+QuoIu+RDADeomAxRQYQGAqxSah+DEgQil2Gpufm/U9OQtaG2mM3U7wtKB6nTpy4zHu3Jm+vbFGpMBvgB6pLjjm7UaH3az3UCLF7MaFYmicYwsSsr0TcyNNbtzb3LYoxvb9Ck1WHofG0z8nHe433uJAEeHYYpD+h5dGQbZfOy3e5gikxCiNvG3QICUMZTx6tMZB76beh0X16QzKsUQi2s6Vgna769CaKRy17Xewv13wM7IH4A1n1o3Heym0F0l4aHA8jL1dEZ6zFm/54PAQXycgTLEd+EZrojg59g17JLkf2AE86aCXh8AdF7P/Iwyi3YYCtocDRug2btbA5nUB/yLjs9iCgtM9Gc/4NPjpduOFCd5YtPeVzV0zDAXlOc8tzHFKSkpKSkpKSkrK95B/+9fXP/rHf/KP/tc/Bf0pMPhmww/c3vfb3BTx507ns412Xq0f2sGtf/tt/fZzPHEs3mc/9dRnujEIOcssv3+pif1ecWx8EryjZTiyuSkNe9eaGM53bIma4gz+x//5Lx8K/if/8d/4D/+DutTfPj9/EfYg6X8t26BnHXx66gDCta5Pz8/PLy8CIIq7vbEBUPPZLEV4hJcHyUD4+fMPn3/4/PmHz59/+Hd++OHx06fL48PlcrlcisQUHcQRwYJFIr811xh3PjKLkhiFI0Do4Jh7TiNQyMSadDCsgC+CJCB8enp6eXmpxJVoJVqWZXm4Lg8Py7JcaGUALIskmrOkg+qUdR/lwgsz48KlFI0v3hzxBhY62MGOEDJ5GjnwjywypyJXjRvXjtXYZu4pdmurJ1okolqvQqa8XqvChlU/N5ingpEYY04uj+onA6Y2VB3kABAisyBkfm6oxzVLO3dHACEozoTLstiZJUQkAsutWZ385QChtI8AYVkKgySdpGVZJLuVAIQSF3QpASBkJalVz4DFrBsUaODdDBHw1uuKAN67o8LuuK8W4xQBaq22XxiLRCtFTcqFpdsD9lBFYAhe1q0DPea4AiP0DU5kbUxkQSbJAnsGX/5whY21HNEI5ZLa5TkMSXXh3Dl04cBMdys8kM0UNrDckGttaH8SUuq6CEpYWNC7kKzGeJrGiY+nZoMd7oMfE8yp5XsLLLGBCrZtFvdDWEC7bQ0J6gwrmQ/rG8oxv+3V0gd4HMGbuIuOT80UuXkdRjjtawr1xbvKoEiDbdTQgx4PQC8H/KZzsbvunGfmLzRID7OR6E/yyHScDmmYCwbxz2O9N5sb6RmK/nXJxuS3qBGl20OLhx4ZeFOJEW8e3tg4uFnFx8oABx5wHF9xyfR3hvFGceb40w2/+x0lJSUlJSUlJSXlZyTrSn/xl8//6k/+6tf//P/5J//0z2tVb6pH+tj3u0Lvdw3+22OfbTntBw41OPZ4o/358rblLLP8hiX+3d//9Xe9J6T8ZORO58JO8zmz4+TxvP/R1DJPGw/u4e2BPHwc/9wevGe5N8yTZhxa7n46GdvG6sH4x+N2T8uxHK78Obl9bLqvUlJSUlJSUlJSUlJSUlJSUlI+vpx7sestb1t6sI27u2iBjeaHb4NhxGNut+m17RFjkBprN7PZ1OH43U+HsU0MT6Y9WYq91Tlc+XMBdfaa3b0dMhZIyjtI5iBM/ceoGz8v1rNz+Az+fre+Dq6R1/dl0a62diKILy2Qd+1Mch9u2m/byLysDVvuLfmPmce+sGu/Oy+Pwf2KNSk7aw4+frxlh8/2lXrqqaeeeuqpp5566qmnnnrqqaeeeuqv1PGO9mD6sY/xpO62rB5u9tvqzbeGO8firh0ESWljY9htE/vF2Aa2xzYd8XD8MJlL08fchLfX4VVt+jGDz/d1dlJP/aPoyy9+7w+/N4sxy59Gye9iJ5LR3nuEOFo+F3P09niaHRzXAYdPN+OZj8Hs8HQMo53tsRCEJcLqvJfduXQWWvupnX6+oAnRTrU/fe5stDjTW6KxLLPMMssss8wyyyyzzDLLLLPMMssss/yq5Wmf1bt4Nc0mnvSztX5dwsinES6no5V0K8Ost37IGO8TeehL6nH3WBvcvrcTxxkdfDrx6+JsXrdqNuPZm++Bh3ZnPHstD6KrHvlL3767svy5lwVlV2aZ5VtLfC9r8Opj4U7LBVD/ifU3a/BW+/PHvroX+xT3PkUc54uz3mfjwfDffJx4a9ZhbGLJ7b3fPhnm+x7lR7iOsswyyyyzzDLLLLPMMssss8wyyyyz/Nrlh/UmBfvqVQNoPsAzM2r1AIDDpxM721lYS9jaH2rmdgDOeC8BbGq748GbPucjDypOjp3V3F7bdytf7/e+fdayzPJV5S9//9cIE3FMO+uz/nQ939ee5/V8h50xLV1jx/YfGSo+bT9JQziM0w/c6TdE9LTDQ/tJJsJgn7lbB56sJ++N38a5SQEYxxlrdTzbCXf9dh3g1vobz3s4KK7DjfZZn/VZn/VZn/VZn/VZn/VZn/VZn/VZn/VZn/U/nXrs6jfHnLOD0/rYwFmAGzs4q0eG9kH8/6Rf9H47S+jtsW+/6Rdxsw5jJx0rsbODY7/DOIfPt+PU+U6sbOcbxjmxMm0f++0sb+s347xhZ++877fP+qyf15d2DXYlZn3W31+P33k8oG987LVvT4Ub9vvrwul4rT0etR/tI3Sjwr7f+OmN9dwdP87bgx/h9WhP5tEOTurB26sd3B0nbuZ1a539NR7Tw78Fg01oY/sg+zzrsz7rsz7rsz7rsz7rsz7rsz7rsz7rsz7rs/64fvRuYef+Mpeg+8fusD94zLr20YMHuOevwx1/JsbxNDvjeHAznmYHvT3utR96jPU4Gc/ROnQ1/ToglOP283XGyXzPnBf4hvvtYD2zPuvvqy/s9Kiu5KzP+q9ej/N6eLV9uH88yMA4az/UyKiO7XiNZOCL7XFzVD9f2OsXdV5mH4XpN5l7aN+NE2U84OsDMh7s5+vjDPXeHgEA5VMAQOa+1+2Y9+zPzhcMlmy+2q+X2EaCGHrBTb94o9+sz/qsz/qsz/qsz/qsz/qsz/qsz/qsz/qsz/q76w/9UeKzav6r6NeK/rONH8zrj8YT++WtFfHXobeUkUz8pTjzH/pRcpB6JHf8bAjsM4LNeDyYWt++mx2Dsfn6+fYrAN04bTywsf+W84uDndt+6d1+4bjfjQc12BnX4bvv86z/GdXj3/39X8NW0K6HrM/6u+v5jvY8qWf/47YdntRvPwp2eFvPUztjx8zbefXj5OGzoX3oeWKfNVrofF527DCLbfu2ntuFY8C+mlv9fecRxkXjNq9Z4+PzddT+XP2rZbD2sa6jrM/6rM/6rM/6rM/6rM/6rM/6rM/6rM/6rP8m9Thr+Tp5n3HimfbdqBFhGkOwtcejemz1uNseYfwE+/GEBlo/DKi1D4SmjX39xAbGvXGRMqRRCl2r/f3xx9oyrjP2/Y5dzLfKqfM1LhGHNjvtZ/V75/Go36zP+r16zUHo2ESWWb655Dva87zeN+wJO7xvc28kPFrmacveMssbIgczbRjivBd9i2dv5Irh7326nR1MR8v7KwMdPnpurfbsDKvd45tB7jt3WWaZZZZZZplllllmmWWWWWaZZZZZZvmzK3Hv06mfvzsKX2lZcgFyjy129VM7ONb40AZrGzshmyDufsqbTyejwu28hvYYxrm/DjjOFOZzn6zVuRWGcVTTT2+cwZ2RZJnle5SBQbj9POuz/pX1fLY9zOs7JO2GnQ3G2GzytF/e1vPUDg/98sgC7I+CsUfergMM8+J9+8N4AvS2a5+7Ge2uDwMYHhhtbsZze52htzBbtxE5vG9fHYwn67M+67M+67M+67M+67M+67M+67M+67M+67P+R1GPr7aDY70x5zbcvI0dvD2eCf6Gu3a6vjr8rWPdldDLjp2u/XZ9yoiYje0Hxt4GYbM8grN1i+PZrNuIKw7zvXudu3rcIoE63/P7YTuvD7XPs/7HV7/84vf+INxnOPXUP4au8jXsm+X7j2U0FK4bZ2uD4LkCra/D9tuxobfH4ZqdHavX8eQax9Zm51hfA4DWHrEhgWNf/XeSTRu0ftHttH5jX3v6rF8M/U716fqc0T/IPk899dRTTz311FNPPfXUU0899dRTT/0D6nf5mo79V/O+QsxMrY+6/93ZF8ab+t/2xn/cr9VrzsGhXzxq3+rVf4hxjNIexzZbOzAZW+gXx2PH9rgd56b9uD7beXlf4HPZ94va+HFbf0rH+ZqMY/jeez71n6O+k4MwJeWtwifa7Dbk84dPTfD+R3v2edp4rOFpbr8j29sDxgZjD0fj5606W6tts+k6zOZ8a+n2R36y7eSou052SkpKSkpKSkpKSkpKSkpKSkrKT0DwuHrn4/uM3TJ72BluPhmb4dwAjq261jufNhxwfwSbBpMh4XYus5pN3aRqM/4Tlndlbv8uAykp7y1FXPNZZvmhSr9dvtICfq2xyY34nqNutsehfXxvZ/vpdo6ztQpHoddsR4LTpy6jHIU7R8VebrYJo1XLyIjDsT6GvfId5bvv7SyzzDLLLLPMMssss8wyyyyzzDLLLD9s+Y5y7O9yXlrzkonfrHnnbo72jHfO2rh3rh+hWZgeNXhZcbNKVoPDsQdH7Xs7N+Ws/VFpLL2z7bfn/ajNqTNysKPu9SpnmeW3KJNBmPL1hE+02W11D4lw1pJvjOGVJEK+xdib2L6XRLjtZGN/os56mRuYrsl88tH+7KipnG958ui3GXxfKykpKSkpKSkpKSkpKSkpKSkpP3V5v3fWJzy1dzZ4s+XuEPZZg5PP94l9Z7iDSqA75Pa9C31w0skb6YNTJuWB8T0TN/iitw2kpHwFuTC3DKRdmfVZ/9Z6ONUeGfjIDt/uV2RvPLQ3Tp7Ub+3MZgHE0B91azw82qGgb9vrAHm+nrCx0Nnk7fg1zrbXwDgvhul8eTz2aD33633g5/bD5Pz27Xl7Rk6WKSkpKSkpKSkpKSkpKSkpKSkpN4QBXuN9mvi13uJfdcfhgR9yaycwA8Xlt2mvs5vYsdlP/HIAzIjRgrUc+h3Hz5pVEAqP8y2tPbb2UuNcwHn7zfjROrvHb6z1iJ4dcLqesNPv0XjaqJhhz3752v75rM/6G/XJIEz5enIaj/keJMK58TMkwtdkItzhHb6JRxhqjniEm2NvkwJvLNzhkE5KYnUpKSkpKSkpKSkpKSkpKSkpKSlRXs0S26P9nfs41h9mHNznDt6gBt7LHZxQ7r5m9sHbCQi/M30wGYQpX0suE+w6yyzfp5xy7+62wG/tC3Y+BcPobtrfWtgeu2mDFFh3e3PZ4RF6DfY8wvlMQVmYmzab2YX3eqB/A2ici9d3o2J/E0o5hbAzl7efd9j2nmWWWWaZZZZZZplllllmmWWWWWaZZZY/qnIqe+3v8oP1dkYuXdfy0L8a7OB25AyN3OcswC3LcOI7nXAHg51p+zB+6OKxTZh8nQWEaS+nysNjy73WhlLOxTn/dpZZfocyGYQpX0++JYPwW5MIZ8kIt23GBrP8ejeMvIpHuN9dbHQHF/BWRsfpwL+uJAcxJSUlJSUlJSUlJSUlJSUlJeXjyNfmeG0ZdTfbHQ/pVLrBOYfuvbiDALCh/c26u2Fk3s+0629OH0wGYcpHluUXv/sHLVJwllm+ZwnvZY1ffSzcbsOnRr6pgb1jD44SYH44qo+CbW3Go6TprTbgb+7srmE4dhtPfGLZjwqvCs3atGyFE5sHlt9SQpZZZplllllmmWWWWWaZZZZZZplllll+mPIdfV9FbYLDVMHzhpZZ8IbH7LANsDr7xmO39oO1nfZDjWYrxDKbF+9YY5zahL05hqNgdyTH1uY9Hls49Wlcw1MjyTLL71LiL3//1wNBN/XU30nnO9rzXpsuY96hHZ7UN3Id32Gfp+039gPXcH8MHMagbfhEm8k4T7TZWc/pGvL++u+t1dH53QsM2vRx/Hf1lXrqqaeeeuqpp5566qmnnnrqqaeeeuo/SX0MoAnhTf5te/t8qMe7+8KhDQ7t8aj9dsw4jB9OtBnslBNttnYQcDOXjR0ZMw5ttI8bazU/F1v7e+drx/5kzAf6yfObeur36QVY4AoBO1JP/cMwF8FpAAAgAElEQVTpsmlPtIdJPd60L5dEX48gqNoN+1JxYwywGYNO6LjNZJw4rMOsrzC2fo4K4WFrj9Ze14ARGG25Admnt7vm0gZ7BNIMAGCvq30MfWHsCzudo/4h9mHqqaeeeuqpp5566qmnnnrqqaeeeuqp36nv+Lsg6hO/2da35roXvc1zY4h9aRsIfsLYV++XG9tv7Wu/YOjgZjzYjQ15sIMn2mztQDe2nb6ALdQbDMfOxgmbMZyxP+rhfH2EfZh66nM9cxCmfD3hd2l7TybCWUs+/HTPPk/bb2ommQinzcaa+VHbVlNDfNymr9zY3FlNPvhrv6M9uT2T11r6/oZSUlJSUlJSUlJSUlJSUlJSUn4GgifafEUzs+PusrVpPFZMrOG2Hnf/mFTizMLc5nY02wHfsgNfOfvgmxMQ7tu/d2O8025MSenlwgqfQ5ZZvnfJd7QXObTDp6xt9nNneW+3K2twc9S0/WZegrkfjYFns+PNjAwjPF5DsNdQDnoc6ndsjrOez256dt5y37jv2HPn/Z4yJSUlJSUlJSUlJSUlJSUlJSVlT17h29wpcfTL3Szx0Cd27FVrx1qvG58Ye4bCZi2mI2TNTBbWAaJlnvXIioMhACNPxoldDSi/sFslxBGnKCfWFs2d2vU1G2cZzybqaKdnGdXCfAx4c2/gkff11OyyzPLblJqD8AOMJMufXnknsnN0X+XTT9JjzGv3njwibnrUtv3EwogPzue+xeJ59g1h+1SajAEmmON0tXlnHVrvMB3DdJUm30B21/N0ecrCO8oHuC6yzDLLLLPMMssss8wyyyyzzDLLLLP80OU7yoke8c1j3ljAsy3DOLHV45kRYmcH91r2NTgfw2CNcVOz7REAcdtmZwx4q8ephXEdzp4vX9TdNnPLB+XBaLPM8vUl/vJXfxx2Jaee+vvpfF97OGjDovNtOzSvp4huTY+NCJ7V01577o4FBKbN2Hgytskct/2y2TweM1to7jNrzjvr3OoP13Y7F25fHkbk8M7zfkO/Wc7Glnrqqaeeeuqpp5566qmnnnrqqaeeeurfQt/F4vryHfsNNiH46ODm2Jod7GyWppf9vnbqEbyv7ZixOxb6vhBx20bHsO0Xx/HDjTZtDDCOf97vMObJeh6vyXZtp+OZrvNNvdzZPvXUT+nJIMzy65XvzCA8zQA75t8fjGrDU+RzzDzLDXhiJNOYvlt+5BkeobEAT7Xs68cxHLAJT6zbZEbHI8kyyyyzzDLLLLPMMssss8wyyyyzzDLLLM+XO1y0I3Ryl3MGe23wRI+hHlrSwhNMvjl3cMp9PMEdBJzNfYfpuGk56Xfb13xtTzH5kkGY5Y+lXH7nd/+gYzunnvq76Xz3sXzQhhtO+Ip+rRoQGhw2Hjurh732vLE/ne/22BYg9HDMoVk8djbfaOPGOsR6H05vH/242+eOoY9EsCu7dvbOReqpp5566qmnnnrqqaeeeuqpp5566qn/HHSc109l8MWxaYd9oRznORFj+6EjQa4mdsZ6xIP2m/H4/6wep8fidC7j+iBYDr+uvrPfjsXNsWfOxcT+WR2PxmPKR9l7qf/cdfzl7//6e48h9Z+wfgJjivoU/zJTE7zsrn7Zdd4/lkeMcheX5Jl93mBhO8cybOq3xyp+dqNfaKBjvz7bY3fqed5mkP01P1hP0yfzfac9k3rqqaeeeuqpp5566qmnnnrqqaeeeuo/Gn0bGHRH38ENex332mwRxoYPevsJhrVpM6v3bmdj22BwONrE6bE4O3YzRz12gkvuHNvPEY/mGPqa46Rnz11cp0mbG3ju6/tNPfV79QLMAAzMDBx0yPqs/1D1AADM+BY76PWw317S+oV63GsPY70+WXinTayXy3Col6P7ejSQcD5H6I4FRmBs7cHn2rff1CPoeKCtg35H4DYjZEbgcX3ayIEBg96vA8j6MCMHve9X/+1oiX630vpmH3b6hdRTTz311FNPPfXUU0899dRTTz311FP/yvotPxX4/0Vv4bwY3A9m/rGp32zjt5z12/kJxXcHVioVorU3f130yzUf5tRmVy++x8Y2mPsJB39g6JeZwX2ovb9UUYuZHzXYR7aDJ+Oc+U5hXJ9uHfZ8raP9O/zYtvLT8Xwsf3vWZz0DZA7CLL92yfe154NP9W5/ws5+9ju+OapZLzy1OeuFpxZ2Mgieyke423JvtSF8CzlxFib5FI/P5iBvPSN3lUdjyzLLLLPMMssss8wyyyyzzDLLLLPMMsvvXR7lBbyrPMiTp+UgVr+fr+5s3r6JHWiMwxMZB3eyCZbTLac2nTt4YhbzlrezDx5lBzx/RjL7YJY/jjLkIExJ+SqyRZTe0vy8tZ2WfKvB9CM+aD+rn+Nos2Nn1TMcjmFi48YUcDqQuyZ+VM022q6883zfM4yUlJSUlJSUlJSUlJSUlJSUlJQfseylFrzj+OiLu2F5t7eDYYwfIQLufLR7FE4qJbbnzqFTy+PhlvbwxoAPh3jHxF/X0a1eUlI+llz6K5BTT/29dQSgd7RpENRr7aDnGTxqjxbfU+sRjQJ3sq9iIN/xOqAEPt3aQQUPp4+TaJNn9U0QAIa5HOlbgI/bs3scZ+mPVYI/zuzzfecLD9vcJd99/6eeeuqpp5566qmnnnrqqaeeeuqpp/6j1l8h79Av3miDR3bwYC7H/Ta/HEo9jvV77Vs9jvW4N2bc+hgn40RwePHkOhT7q5/LzfXcXbdTOh6siet4l83EblL/ujr+8ld/DCkpX1fekUR4ROW7wxDf7GlDvbvR85byNyPv7XU6bzutvZdKGGZ7H5vwXLPdT+476ckZTElJSUlJSUlJSUlJSUlJSUn5+cj98OPOEUeGTnYyNgtUvWMLOPtrY23PzmlGIM4bH4xtJCvujuHk5+dWEof/v9LMmw5ISblLLjvXYUrKO8o7BZ58Z1PH1nCM84lgJMKtTF8p2lg46BSNMXii6WwM/qbMVPSQWaOT67lvP752MP9gKve1vnFwSkpKSkpKSkpKSkpKSkpKSkrK95Y3+9nvMXCj7XlTOPljB+q7YR8n9XPMbNZyz6xid/Ox7Bh5BTr4PlDrrZb3bZEEblK+ulx2qEspKe8r70kivAckfBOJcKfujmSEeBePcI4RHlq4mxTIO4kJzxz7hkNec5vZPSafjSkpKSkpKSkpKSkpKSkpKSkpPyo549DavNh/qu203bEzLh4SDDkueOQ43RAJuqNGwsW8/dy/O6k07uDWa7rHZ5CMTrOBH8uRx/mUN/r2CX5f5ktKyntIAbBMo3IDSD31n5RebrXBg2NxW49nbMb2iFM7835L6MXrERFxYh/32gMeXNcIiFgAC+LusQdrMhszyEjwcB0ACkIBKKZj/+n83GFv/yvpH2Svpp566qmnnnrqqaeeeuqpp5566qmn/o31r+132vGbbcvoNxP9aMyv8ONhmG/XRpyPWM74FTd+0bJv86j91v7YL9qw9ucyq9+sGx61n/R7uq/UU/8p6JmDMOWbyT0vSNxo++0yEe7k+7uTd7ibkvAsj1BNHPf4mhSDB+kJ7zX1DSx8C5MpKSkpKSkpKSkpKSkpKSkpKSl3CH5MozcsYPv8Zl+bBofH4p5N3OtrrMR+fDcGEz/C4e8Th9xYgFMn4kRHGV805SPKpb8sOfXUP4SOkcn+RptC3j5oUwxoOncsorHg7xoPIhCfGlsxIvxYb0T97fhhZzzyJ92cOyIDoEGT8/H3cNwrzkXZ1B/jrOf2yevH0+vvtt9STz311FNPPfXUU0899dRTTz311FP/8Dp+3zEM8r728aANjiga3hrnrB6nvj5xseHcJu7Ub+yYrXvGI3bm53QyThjGuetjPDj2Tv3u/XZ8XlJP/X305Re/+4d+w8gyy69Z8n3t+eBTjoDem0rubE7bwLQvPrCMO9YQmWfW9trPe9k+Bid2eKi/McfYBmIvvLfOeGr8ry/xbfq7jyfLLLPMMssss8wyyyyzzDLLLLPMMsufeYlv9ll9s/FAg9QMnLISz1ne1OO839DPzhxxb+44HTPi3ggPRo6IY325sea4mdfG5ofYdVlm+RXL5Xd+7w/BMpxlmeWPpCwILOrpo3hez6eOnfRVTh47Gfkd9Xf3Ut7w6dAGpcZSKB6vdpke+113SJZZZplllllmmWWWWWaZZZZZZpllllm+Y/nd/aJo5Y3xlJBZMBx7ZhazNghQdj+1Jjv2cW/1Jv5Dyzt4MPedMeNmBV4301eV5eYIy702P8h+y/KnXy6/+L0/xI9DaEz9J67z9xvDTtBSeVfkxLF497E4ny82HuG59rANKirtEWBmJ8wX7xzb3A74QZ44eRPQ+8axO/p33A+pp5566qmnnnrqqaeeeuqpp5566qmn/kF0DSl5y582HisS/XWofLjbx+6PIdQ3HyDyxhvpTsNdmwgTmzAPuOmYxcn2pqMHNvV6CwyK+/O1njbH4u1jRx0Hm7tr+HH2W+qpqygWDQEzTD31r6a/434b38g4cWyZ15fO5v3H4vutw7QeoehbMNN1wN11KDq2+bFF3uu5c83NplnG0gaBr1kHt1ls/TGci1esbeqpp5566qmnnnrqqaeeeuqpp5566ql/KH3wd019YmdtluiLM9rexv5dY5uNIbAGtz46aYgHvruig5v1O5mvcwdPtje9AB7Ma2/upc3x7mNHHQeb77Bn7tsPqaf+Jv3v/OqPv3uc0yx/TuWdmQiPsv0p/4ze3vuJTITy6bwvPp7XXn7BvUyKe2Pgw9UQnqHK0dwPLXy98wsdbfJgnFlmmWWWWWaZZZZZZplllllmmWWWWWb58yoH2WbUCyW+ucd9C7jbpo3tlIVTeQShHfU+eQfN5nGexXfLPgg3x3l0Hr/e+c0yy7Nl8X1sYHfqqX9VHe8+Fvfa4P1jwHk9nrRZyrS+HM9rxyaaTNpPx4kIqG/u7KwtHo3f3x6K8522wVetrZ/fEA896Dq+0gaK+sYTFNM/wP5MPfXUU0899dRTTz311FNPPfXUU0899a+ob31iW78Z4J6f7dX+/Ft+v7HfsY0Ofs+/Kro23fdtTvoNeQcnY97rS52k27W95X/GNt95m531OWNzqN/1wR7oidek/m31ZBBm+c3LY5berOS9T5WvdicX7SvwCPnQ8rFN5hucv6m13TUZVwbm6xPGc8QpfMNZ+zZ741YJM+ZiSkpKSkpKSkpKSkpKSkpKSkrKTXkVA+xmecxv+4a94I32bR3gFrMNb7H9NpYRgPHA5i1rG/4f3J71u3EHJdPhjaN2e/nueyPLLLXEX/7qjwERmLPM8huWdPdRsPepoHPI79I7nBwh8e6xsD9O2P1UYMK71wqADmaqPd5aGWrjh4N1fvMZfGX5Lne7j7Dns8wyyyyzzDLLLLPMMssss8wyyyyz/HGV7+KD/5ajPdfSB3frKDxjGRiw3DsqZAYsNoa75lKAGcpYj7dXwD7dHPuKNcRhPNs2R728+QxmmeU7lfh3fvXH3+n1i5Sfs7yK1bV70Ct4YvvN+UQbAACef3x7LAddH6TqOzR4e/InZ8UHf52QJOulpKSkpKSkpKSkpKSkpKSkpKR8bcETbQ6a7x6O55qFz4/b7HSMB0fdMjj7HM8ceNv8Hat6w9yd5+eNh6WkvFouuelSvofgu4JJCJuImm8zNmrTdjjFCG+PZf/THZP2bNizKc/FY5jQL/TjRRq+A2wa31ji49tJwocpKSkpKSkpKSkpKSkpKSkpKSln5A1u+8mhZ62dQNq83X3QYDjuY6KDd8g7m/sq1lJSTklhADbP/VBmfdZ/zXq82w7eaI93jAeP+kWvx0M7iLvjPLQPuDtOTUM8HT8ejgcZEbCt0s464N4DfGecaP0ig9lHYPv3nvMe7ISyr///2bu3tdXN8+7i9w0cRbzKZu3Y3muTNMvvENomTZO4n1fn2cSJ457VfLohBAIESCBA76PfUK+R4f9kgl6mHfeCCObz96fdbrfb7Xa73W632+12u93+iP3y62P7V8kG3X/P63Wn999zPzty77z0umW095+XX8frOf/9W4N54f77z7O9fTav2R7tEVdfZ25/Nc//XHH1deCD5+3Kn0vfeV77c/S6qP01e/6//UeMdi9s0vo5Xcbdvly4ze7r5oafQwx7rHcX76eU3r1cu//OOffcpnQvCbzheXt38bm683kb8ByWsffz0D7/PGuttdZaa6211lpr3d85g3NoO8/dJm+4zzz4Gbuc+b0Hl/2du//VucfN7aUWF57ny+fQXDt4vO/e1Dz/83ZO4dJzMvQ5PHzeLjxXo/58zz5vWj+6fQchXksZcJvhv6OMv8fzNy8DbtPeoP8Wg07n4g3Ofivh0BMbdKsBdzjZs3rrPQIAAAAAAADVMugDJm/4krz77icP/mPsHQ74xsFhd37jJ4t2bvCcrx4cd2d3/R5gEnwHIV5LTv5O0ch7PH/z7v805Mpd3vx9hNfuPDPKhbu4/N2E3X9RDnyn8Oi/D8ruP+784uMTyqB79CYiAAAAAAAA3jqjvgHwIQ9722t7Q37X2dvU++7gtHh/Bq9k4xV4vDEuvaGWN11EOM17hP3XEe4udr/6Nt7Zc2i+6G//Xt243969TW4/unQw/e8XXmDwfQ97e9C/HwEAAAAAAFADk73ONeyO8sb/7X0OP9WLVw1GlPvfGjxzqxz0uuHE7w4O+l1ezMRbwxWEeDkvv4jwCdcRDn2L8dJ9Rwy4mnDAO4XZudm4p+n0vy3K0V9M+t8n/ssJAAAAAAAAOObkVbP7XkYbcb3gsDfcrrw1eO+7g8+/dtDlg6iVTSml+ZbQ7RVQWr+JfnfuNluX0feZUd7136b5j8u32XZGlp5/prpv/105h9L5KU7vJyMj3m3P4czPmG0PeaymDy8rHPG85Zm93PPnO/7PTmuttdZaa6211lrruXfeez/b1+LKzffT/kdkkxll93rg5dcSO7c//3OVOHubtq+9/tncJvrPIUspuRpwnhElYjXgNqOfw7zy3L767zGtR3X+9r//9/ifCOYXuIy7fbnwq6Xpd7ecSRnwiOdv0/lZ+h+9DLyHAbfpXE141/2cu/2lZ3gq958bAAAAAAAAUB/nXyXLh7/6mjc/1tnbH/xcmTffz/Ft+t7F232y6NBHyTvPpPfRL/7eS4/Y66s/C/PDvdp9JVnpfD2Z1nPvuHCb9n+wccv959nb5IDbbHv/74nj2zQfFBo54HyyuZ/z55Oluaaw/bfUxfu5es4nt9/ef5Rsf/ZLz/ltvTu37HZEbh/1bHfORmuttdZaa6211lrrWfSV17VOXwe7/hrgbb17TS8jYvsq4sjHunT73P3szT3n5dcehz1uc6/Zc5vY38/Vc47Oa7AXbzP4+Ywhvzen+7PT+om9vYLwlLJ/Gd5uf85ext2+5+a725fdX950PuXs7fdfgHvw8H23L9FeR3jmfob/vOfPZ//uYBn88458no+HGPD82+12u91ut9vtdrvdbrfb7fZn7dnd8/rtz+559fbbX22/aPDi7Xt+5ezj9t56/4jHv3hyP+35nLmfkedz8vO2OeD5H3L/159nu/0J+ypKKRHlxHb73Pe8cPso27zt/vPs7WN/m92jnLmfKJF56X6yRHTP9uL5xJXzz+Z/YtN8bGdk52c/uX1z5l3H9fs/+KkzSjSP2Doax7ZLiQN3nrfZ/P1jt9vtdrvdbrfb7Xa73W63z3Dvvp524O7rb4evzm1fPzx4xfLa4+5emTx6nbDnDHevN8b+ES/f/4DXM3ePvr0Cr+d+YnueefF+Oj/1mfvp/Lzj/lwOH+Xin9d8/v6x2wfvvoOQZ+UJv4lwf29x4/mUYY979ZzLpXMo1x5r+Fkd3/P2cWPEMzDy+Z/qT/YZ33fIzMzMzMzMzMw8J1/51rrHfUfd9XvesV1y+Pf2jbxl3zcOlojV0Hvr/CyTfu9g5xyuPWO+fZDfrNc//vzbM/8UFrt97nvPe1/d2+dTHjcH3M/pvyU6t4/OVejXz6e5t2G3j4zd9xSWiIwspVw5z64v/PfH2Oct+u6//Yl257n3bm//P5EbPOXF1na73W632+12u91ut9vt9mXvzS+O9unrXa27r4/1vG421euZp/d/9vaZkbt91T3bIa9/5rDXY5tnpvO638ntc3/Olx93tV9WFx53yPkf73nweuz521963CnPx25/xO4KQp6bh19LF2V/Bd4F769dezf5+ZSeR7l8JpfOodxwDd/Yay73V1V2/x+chzwWMzMzMzMzMzMzv8DjrlHbkRElx17fNv72F943HHGf7W3O31uJW64djFE/3ZVHn+B8mB/n9Y8//3b/t/rurRCtX9Yx9X3G7j4zmuvnJr3/3Xvvzdttl27fnMvFc4jO5W9D7/PgZ7xy+4P73z4nkZmDft7dYx09bvf/g3j53z9aa6211lprrbXWWlfc3dfidn302t2l++m+Hpi7PVdDfm+nR92+uXqy8dnbby8/zNWA+2xvk1efq3HPcx7/jBdvf/5n0fpNdP72v/+3579PtH5ll9G/t4y4z3e3nFu5dJvdvUcZdp+ltH/Zf5ty6/Nw+TzPnn/pXlPYnsKdf47ljt+rtdZaa6211lprrbXudt5zP0efnbrd87b7zPHnsL3S4NxtVuN+xmzPf+LzPHx+8srtz71Xe/V5eP3fS1pve7V9Gb95h0Drajt2nbfcT166Te46ht1n879GOX+b7S9HRLb3GYPPM8ru7bmBP+P+f7+zfZRon6W8fJ5XfsbonM+o3v28l3sOf19prbXWWmuttdZaax0RV1/Luvm1shz82uBBH72+1/xq8xpg6bwSOOZnzDGvy7WPsHtr7Px5dp6rq+fTvk4bl89h9OuHcbCPfH1V67fZvoOQ5+ky+neVIbfcX+E3/VmVG87/2rcSHtzz+Ofk9t+1e1YPvndwxwz+DmFmZmZmZmZmZuYD79jvo79T8Mi3fWdelgHfz7e7rm70mUz9vYPtx4kOPp8cff++fZBn6OY7CLv/paH1HLrc8nsHfcBnPPD8S3cvA3/vuIvRS/c/Bp5bl7E/Vxx0Kd1zvvqFhFprrbXWWmuttdZa6wn73Oty+9cYm28TvOuxdm/ejb2f3W+6cvvuTYfdf+77ygeR3vKzd17bzOu390GhupbefwchMDPKgNvc9pvKHQ9w7fcd/+LwBymDbn3nud/7e8/d5S33+YDzAAAAAAAAAN4YOeA2fb/txt93+U7v/b3X7iCP/nPsKV35fbecf/bmlI9w5xMLPIpN/wcQ5pkPJrTbZ77vP0b0wu0bSmbzAdc3PO67K7cvu337WAPuPyIzy7vjDyu9cD67z8K+63l796Q/r3J8njnDv3/sdrvdbrfb7Xa73W632+32l++r1fXbd19tu/1x43CPMffT3sF2iTh4XfT49rndY8x5dp6H7mu/F85n5POQ+311/farmf19Yrfft/dfQbj7B9puf+lebryfcvX2+38Rnd7VsPMsV25fRt7+YC/nPgz0+Pb7Xxh1/5ced4r7efxeJvl57Xa73W632+12u91ut9vt9in2PP7gy5meZ3uud99P+/P2XRp3dPvdVYO33P/hXQy9/fX7j2jfEjw+zXO3z5uf/+PnaGZ/P9iXu3e/gxCYG71/3071W3v/5TLxYxzeZNyPk/3/eh3+iHc8e313BwAAAAAAAOCtMcmHW47/ZND25oM+ePTcww39rXd+suiAe/ARoaiRzfaN74YSWs+pM0q58ffuPgf07G0yYvtZntu30EefZ0aWK7fpvkFfmn/Wypj7j2xvX0adW5e7/ix6//uh3HefWmuttdZaa6211lrryTsnup/TbqccdPvcd458rM7thz1WNC+gjvy5ctTzFvc8h95/0fPt7hWE3QsNtX773XyX37Db5+2PVZ7yc20vKLzlPA8uIZ7sfM70DP7ctdZaa6211lprrbWutmNAT3H/2Xlna9jvbV/AbD68c+z5dG6fw885b/gZ8+zz2Xf7nPDPaw5//2jd+Weh9zsIgTlRBtzmzt9deuoBD3Nyw9serdzym+//EadnPmcCAAAAAAAAvIoccJvnkEf/Oeb33PyD3HYHtzxWXviryR5kyt8PPJRNKaV5x3Dnhu5it790L/feTxly++2jNH956/mXm87n+NNDhz1u6b7Xf8Sg+zn49Fb/PWC32+12u91ut9vtdrvdbre/ZL/79c9b9tzv+2sF2zMpl+5nR7N07m3s65zNh3uW7Z5XHrfdM+KW1zNXB3vuH/fc/Qw9H7v9re752y/+9/hXmGfnctc99P4TcPFRyu1n2/du5KCzuvlnLLef8wGDz5yZmZmZmZmZmZnfsDtv842/h+zez43nkAfLasyZ3/SIeeHRz3nEWQ34GZnn5/VHn3+b0UNzG7t9Hvvpe1kPetwrH3o59n7Gn0+5+fw7n/F9liv3k9s7ivb/M5ju57Lb7Xa73W632+12u91ut9vtT9jzeN+9aNjx2Pvffd1fHj7E+PPM433o+Zz8XIMfN2+4n3z5n6Pd/vC9vYLw9FZaz6vLvfcTw2/fXpP3nHN+d7SXK7cf87jl/uf/mHLfuWmttdZaa6211lprrR/Uu7/ucMd95sGeN99P23mwDz23ux43b7ifvP/P4v7nSuuH9/YKwtL5e555lr7jUz93HvEpnpc+L3viM89z53b8Odq3Pfrp/18wwTOZQ85/0j87ZmZmZmZmZmbmZTnP/mp2HCd9k49o3yk7fw4jnP3nf88zMMyrC+dw+bl9/Z8+88O9yojt29mZWs+4p/h7NSNWA2+fTecE57+69dxy6O+98rw195PNz5IP+jNqzn/3lB14lZnbM9k/t/f0TP6e1FprrbXWWmuttdZ61xO99tW8kpbN63nR78f8LO3rh83reKspXovL49d1R5x/3vlzrfY97LXlyZ5br2HqN9K/+eKHl79LyTzMk1xRFyUiy7hHnOaqu+Hn/6irCbs+vkb3S2wAACAASURBVKrviFf/WU/758jMzMzMzMzMzPwY5wzOYZiPOPzVSa4U7DqPlxFX5p383vEefe3glH+OE5w/8xOcv/3ihzN/7xe7fX57mez+3w28/f49qDLNz1VG3D4unc+kz/O7o71MfP92u91ut9vtdrvdbrfb7Xa7/TX7mXf/HvG4ebyvRt3P6buIo88nL59P7/2cvF96x/OQE92P3f7wff3R5992//cCWs++yzT3k6NuXyb9Wcq48yyPfB62nb3nGZ3bXKBMcw5aa6211lprrbXWWuuh3Uv2dD7+fLJnb77uaMT9THCenZ89B/3eHHCbO58Hrefa+dsvfmhH5rfiST8Cc+iHd77b9UQfbDn+pzj+WNCec3u8zz5WzwejMjMzMzMzMzMz86S++FGd8cQzOfNYt3xY6fFlhjc4h5zbkSf+KNAJfgrmZ3pVImJ7PRPzW3FMeW9ZSg65Ze4eNyb7KXLc78pzZ5u33NuN3j3WsdtvNy0RcdkxnWfwdyMzMzMzMzMzMy/aMYWHvKrWfhRm/6tz7d09+uc981jZvnp5y73de1a572HPw9DXhIf7Oa/NMk/p3RWE0f4NrPVb6Zj4Pt+Nftwyh5+lXL5Nmc2f1839bgbnoLXWWmuttdZaa6312I4ZnMOdvbp0m9U995+TnGfecJ8x+XM1zc+i9ZM7f/PFDwG8VcqA2zzoLktPPfHhb/2tD3jGAAAAAAAAAFRCTnKTB/3m83c07G4ne/CH3ynwBDadv3nz5BNI7faZ783fv5Pef+6+lfDy7Ve7b+PL7bcSTvJzRd9PNOx+up/uXS7ff7O/u+M87Xa73W632+12u91ut9vtdnsde1y/fd7/uDHh+efY899+MOrkz+dqovux21+wrz/6/NsA0CXbf61cv90B5cztbjqDo39fjr+D7v9deZSenwUAAAAAAABApVx/6XDYC4zDH2sybrxw0LWDwAmb3ceOMr9ZN0x9z/tPjh766BkltlcTTnUmu/8Fyrt7f5Zdl6uPtfMDnlVmZmZmZmZmZmZ+qk9f9zvjnPBxp3/fIW/7uXLKc7jlWWWeq9cfffZtHL3DorVuOoffvnOVffMe3MTnk5Htv1Mn+bmOrhu8/rjHP+Nc/oy01lprrbXWWmuttdb7zpPX9M7fvvs6YU5yDu0dTf1zZf/PeO33rh70PD/kZ9T6yZ2/+eKHXXfe19D6LXY85P7LjedQHvvzlgc+n2VOz7/WWmuttdZaa6211nrfecvvzYeeWz7u510d7GN+9pzT86/1/Dp/88UPAdTDdN8DePsdl7N/8Sje+oM85fwBAAAAAACAGZEDbjOvO37yw5w8wOBHfOCpPenJBZ6A7yDkytzwgHvevrM+8Bz23xqYkRGlPPynbvoxP/vuGTj3q0Ofmavnz8zMzMzMzMzMzAM85fcFjvIzvnsvj5cxrx8+8JnxvYNcldvvIHz9mTC/BY94/zFbl91+7/to4x736c/MbX7ke5rMzMzMzMzMzMzz9eqOV9Wed5554gc+4uG7eznuEVcPfWae/oor84O9/Q7CGZwJ87QuD7z/W64HPDifd/U9J8zMzMzMzMzMzFyDL3yS2KN88r7e+HN47Pt3L3hOmB/tVZQoEczVOR94/7G9FnDk+eRuye29PP85yY5f/mfEzMzMzMzMzMzML3cevnL41Ec/eaV0/Dnc8mrt2Ofn5X9GzNN7FRkZwVyj87H3v4rMsb8rI3P7nxGZsWr9oucnz/jlf3bMzMzMzMzMzMw8oc+9EpjPP5++10VvemXylldob3jeXv5nx/wQr3/82bfbrwE7vcLQbn/ze+dTqh/0uHHb/eT2N7dLzvF5y/Y8s+fzvmdxnna73W632+12u91ut9vtdru9u3de2Tt4fW8W55k9e3OeI+8/Rt7+ln1Gz5vd/pB/Hn/zxQ/dXet6uzz2/svNv7ec7jGj521IP/i51VprrbXWWmuttdZaH/Txe21z7jPXWeSN93nyfuLU/ZaeW61v7tX2r9pPHdW63t5/evVD7j9ju43+vXl6bnHy6dvz7v1nlN/ULz9/rbXWWmuttdZaa62f3Pe8nvbI1zkn7b7XOXc/y/j7vP012IH9lp5bre9s30HIS/ODv2Pvrs+8Pj63l35D4TM9l08/Z2ZmZmZmZmZmntpLfO1r9y2Dh/t9r82uHnrOD37dmHl+Xv/4s28idpf5Mi/HsX2j/EH3X+48t90Z7v+i+eVXP29P/jNiZmZmZmZmZmZ+057D62xPcnMBRR/3PRv50DNfLfBPijki999BCCyVMvs77r+jh503AAAAAAAAAAzizDuCF39logeY810D82fT/yZDnnnzwW6vcG/+NVAG337kfvpLo+9n96275WiOcrK+/vm02+12u91ut9vtdrvdbrfb7ZXvefb2OdnjriKmeX31dM+J7sduf8O7KwiBLr3/oMzzvs/e3SN/BgAAAAAAAABL5OLVdpNeivfY6/pcNQhs2dz3TWnMVXq2303YdZyc85ajf8WV1z+fzMzMzMzMzMzM/MY84J20qR+3+a7BR71n0VyQ+MjXfpnflF1BCJzjwVfiPfDuL9216wsBAAAAAAAAnHLtHcGHXXv38Iv6XDUI9LC7grBBa33U5eGPNf0/g3my7zn9l2F50M+ltdZaa6211lprrbWea+e+e7nwGuNE55Btl8f9vKsH3KfWlbQrCIEhPOu6uyc9zvWHcaEhAAAAAAAAUAeX3wkcd6s7ecqDPPmRgDfKppTS/i8BskQ5tN1u3y3vnv245SU/7/5/P3C0vJvpn4vdbrfb7Xa73W632+12u91u3+8jvxvw8eeZnf1J70dkRsztz8Vun9uev/nzD6P+24J5wS6vedx4+iM+8SctT3kUZmZmZmZmZmbmuTmf+oj57J9x9arn9uk/KfPb9KpEieYTfttDa32m8zWPG1GyfZ/wSY/bfPZ3No/dPnJzLhN3lsjm88Y7PYM/a6211lprrbXWWmutJ+voex1s9+sPe/3t6PW9p/y828d81XMeL/+z1vqtdN8VhHHmiiW73V5Orq574fmUVz0P5UWPa7fb7Xa73W632+12u91ut9vP7fmax13N53nou3bw9X8udvtM9/VHn3/TLqefQ6q17u3ez+19RWfJiJLPP4d4ZDMzMzMzMzMzM9fqR7+29qzXJE/7xa+X5gzOQeu31L6DkPk2911FNx+/m8E5MDMzMzMzMzMzcx2OGZzDJfveQebRXpVwOBw3HPnyM7hydrvPGHc4HA6Hw+FwOBwOh8PhcDgcjrHHm3mNce7n53DM83AFIfOdLjM4h8F2ZSEzMzMzMzMzMzOf89yvFDxyzuAcmN+q1x99/k2c0Pyq3W4fvPf8yhzPc/fv+I6P9zmcp91ut9vtdrvdbrfb7Xa73W6fdj/3emB3n8N5Dtpz5O3tdvvxnr/58w99vwTgZnr/cXuz1PXTAAAAAAAAAEuh5020N01tPw/wWja7K5+adxG7ttvtE+1lZuczZs/Dvbz6fOx2u91ut9vtdrvdbrfb7XZ77973iZtzPM9Be57sZZbnabe/1b1zBeHprbTWE3eZwTlorbXWWmuttdZaa631PDtncA5aL6L7v4MQwCMpA24DAAAAAAAAAMvBJ4gCT2XTfnzgKcVutz9m775NP4fzsdvtdrvdbrfb7Xa73W632+32V+05s/Ox2xexrz/6/Nu+WwN4Dq4mBAAAAAAAALBMet/MAPAMNumfQOCVNP8AepsQAAAAAAAAwHLwxgTwYjallP0/id2rDLXWz+4yg3PQWmuttdZaa6211lrrx3Vuay7no/VCexUZzUWE2R7Zabvd/sR9FZlzOh+73W632+12u91ut9vtdrvdbp9q9/qn3T6j3XcQAjOk+VZeAAAAAAAAAKiAjMhXnwOAAzbb9wy37K8tLFHsdvvr9oP3CGdwPna73W632+12u91ut9vtdrvdPnbPmZ2P3W7f9vqjz77d/xPKzHN0mcE5MDMzMzMzMzMzMw93zuAcmPmsV53PH3U4HPM8ms/mHmWHw+FwOBwOh8PhcDgcDofD4ZjqGPv6ZL78jB0Ox+WjvYLw+MpCrfWb7oyM7V/f0uXWx9Vaa6211lprrbXWWs+w877XDF9+/lrribu90ig67xpqrZfeq4jOlYivPx+ttdZaa6211lprrfUNne1rfTM5H631XHr90Wffbt8rPP0EUrvdvvQ9Z3Y+drvdbrfb7Xa73W632+12u33InjM7H7vdPq89f/3nf7R7lvZWWmt90u9mcA5aa6211lprrbXWWuvLHTM4B6313Hu17bI9tNb6TGdEvvoctNZaa6211lprrbXW5zpLxKvPQWv9Nnr90eff7j911OFwOK4fK2ZmZmZmZmZmZp6lHQ6HY9DR+Q5CAAAAAAAAAAAAALWziXz1KQAAAAAAAAAAAAB4Fqsosf2/OLHdbrfb7Xa73W632+12u91ut9vtdrvdbq9rz1//+R8REREZ2X47odZaa6211lprrbXWWmuttda6zvYdhAAAAAAAAAAAAMCC2ERE/9cQFrvdbrfb7Xa73W632+12u91ut9vtdrvdXtvuCkIAAAAAAAAAAABgQWz6304EAAAAAAAAAAAAUCObUkpGNtcXdq8yLGG32+12u91ut9vtdrvdbrfb7Xa73W6322vbVxnNETvHtu12u91ut9vtdrvdbrfb7Xa73W632+12e237+sPPvm36iO67iHa73W632+12u91ut9vtdrvdbrfb7Xa7vY49f/2nf8zrjOx2u91ut9vtdrvdbrfb7Xa73W632+12+8P2VYkSJUo5sd1ut9vtdrvdbrfb7Xa73W632+12u91ur25vryBs3j9kZmZmZmZmZmZmZmZm5qrdXkEYsX8XUWuttdZaa6211lprrbXWWmtdabuCkJmZmZmZmZmZmZmZmXlBXn/42TfNX2VkaX9Fa6211lprrbXWWmuttdZaa11l56//9I9oyIgSWmuttdZaa6211lprrbXWWuuKe1WizObzTrXWWmuttdZaa6211lprrbXWj23fQcjMzMzMzMzMzMzMzMy8IDffQfjq6xi11lprrbXWWmuttdZaa6211k/pzncQAgAAAAAAAAAAAKidTYkZXMfIzMzMzMzMzMzMzMzMzE+xKwgBAAAAAAAAAACABdFcQQgAAAAAAAAAAABgEWwiMtu/aC4s1FprrbXWWmuttdZaa6211lrX2uuPPvum7dNPILXb7Xa73W632+12u91ut9vtdrvdbrfb7VXtvoMQAAAAAAAAAAAAWBCbUkrPW4nMzMzMzMzMzMzMzMzMXKPzV3/6x6vPgZmZmZmZmZmZmZmZmZmf5PVHn34TL/8mRK211lprrbXWWmuttdZaa631U9oVhMzMzMzMzMzMzMzMzMwLcnsF4RzOhZmZmZmZmZmZmZmZmZkf7PzVn76PyNguJSPbXy12u91ut9vtdrvdbrfb7Xa73W632+12u72y3RWEzMzMzMzMzMzMzMzMzAuy7yBkZmZmZmZmZmZmZmZmXpDXH336TQAAAAAAAAAAAABYBpvYfe4oMzMzMzMzMzMzMzMzM9fuzhWEzaK11lprrbXWWmuttdZaa621rrfzV3/6vt2YmZmZmZmZmZmZmZmZuXL7DkIAAAAAAAAAAABgQfgOQmZmZmZmZmZmZmZmZuYF2RWEAAAAAAAAAAAAwIJwBSEzMzMzMzMzMzMzMzPzgrz+8NNvZnEizMzMzMzMzMzMzMzMzPx4r5oLCJmZmZmZmZmZmZmZmZl5CV5/+Nk32X7eaPOeodZaa6211lprrbXWWmuttda61s5f/fH79q8OLy4sxW632+12u91ut9vtdrvdbrfb7Xa73W63V7ZvryAsxzdnZmZmZmZmZmZmZmZm5grtOwiZmZmZmZmZmZmZmZmZF+RViYgSzMzMzMzMzMzMzMzMzLwEd68gTK211lprrbXWWmuttdZaa6113b3+8LNv4oTmE0jtdrvdbrfb7Xa73W632+12u91ut9vtdntle/7qj9/33EprrbXWWmuttdZaa6211lprXWOvmi67Tx3VWmuttdZaa6211lprrbXWWtfb3e8gZGZmZmZmZmZmZmZmZubKvf7ws68jMrYUrbXWWmuttdZaa6211lprrXXF3fkOQgAAAAAAAAAAAAC1syl9a/d7Cu12u91ut9vtdrvdbrfb7Xa73W632+12ezV75wrC7q201lprrbXWWmuttdZaa6211jX27jsICzMzMzMzMzMzMzMzMzNX7/zlH78/mhtOb2632+12u91ut9vtdrvdbrfb7Xa73W6329/63nsF4TxP1W632+12u91ut9vtdrvdbrfb7Xa73W6337tvryA8pftb7Xa73W632+12u91ut9vtdrvdbrfb7XZ7HfsqSikRpesoJcJut9vtdrvdbrfb7Xa73W632+12u91ut9e393wHITMzMzMzMzMzMzMzMzPX6lU07x8yMzMzMzMzMzMzMzMz8wK8isiMYGZmZmZmZmZmZmZmZuYleP3hp1/3XVuYUYrdbrfb7Xa73W632+12u91ut9vtdrvdbq9sz1/+8fuIiHbRWmuttdZaa6211lprrbXWWlfcq2g/brR0PnpUa6211lprrbXWWmuttdZaa11l5y//+H3zniEzMzMzMzMzMzMzMzMzV+/1h59+HQ3NprXWWmuttdZaa6211lprrbWut/ffQQgAAAAAAAAAAACgeprvICy7Tx3VWmuttdZaa6211lprrbXWWlfc+ysI53FFo9Zaa6211lprrbXWWmuttdb6gd35DkIAAAAAAAAAAAAAtbOJbN4pbChaa6211lprrbXWWmuttdZa64p7/eGn3wQAAAAAAAAAAACAZbCJzAE3AwAAAAAAAAAAAFADm1JKtpcUnl5kaLfb7Xa73W632+12u91ut9vtdrvdbrfba9rzl//198h2LEVrrbXWWmuttdZaa6211lprXXH7DkIAAAAAAAAAAABgQfgOQgAAAAAAAAAAAGBB9HwHITMzMzMzMzMzMzMzMzPX6lVGRCYzMzMzMzMzMzMzMzMzL8HrDz795uXvUjIzMzMzMzMzMzMzMzPzc+wKQmZmZmZmZmZmZmZmZuYFef3Bp98030bYvGeotdZaa6211lprrbXWWmutta64VxmRGbv3DLPz/qHdbrfb7Xa73W632+12u91ut9vtdrvdbq9s9x2EzMzMzMzMzMzMzMzMzAuy7yBkZmZmZmZmZmZmZmZmXpD330EIAAAAAAAAAAAAoHo2+eozAAAAAAAAAAAAAPA0NuXVZwAAAAAAAAAAAADgaXSuIMyMUrTWWmuttdZaa6211lprrbXWFbfvIAQAAAAAAAAAAAAWxCYidhcRFq211lprrbXWWmuttdZaa6111b3+0BWEAAAAAAAAAAAAwGLofAchAAAAAAAAAAAAgNrZlFIic3tVYdMNdrvdbrfb7Xa73W632+12u91ut9vtdru9uj1/8V9/z/ZTR5mZmZmZmZmZmZmZmZm5bvsOQgAAAAAAAAAAAGBBrCKiuZiQmZmZmZmZmZmZmZmZmav3KkopEYeOk8Vut9vtdrvdbrfb7Xa73W632+12u91ut9ew5y/+6+/Rvlt49Amkdrvdbrfb7Xa73W632+12u91ut9vtdru9sn21/ZXtu4i7vwq73W632+12u91ut9vtdrvdbrfb7Xa73V7fvoqMjDhwnCx2u91ut9vtdrvdbrfb7Xa73W632+12u72Kff3hT76OyIgSmVGK1lprrbXWWmuttdZaa6211rri3n8HIQAAAAAAAAAAAIDqWUUpEcHMzMzMzMzMzMzMzMzMS3D/FYQZ228ptNvtdrvdbrfb7Xa73W632+12u91ut9vtNe2d7yBkZmZmZmZmZmZmZmZm5trtOwgBAAAAAAAAAACABbGKUqJ0PnVUa6211lprrbXWWmuttdZaa11vu4IQAAAAAAAAAAAAWBCbUsosPuuUmZmZmZmZmZmZmZmZmR/v/MUf/h7Zvl3YbFprrbXWWmuttdZaa6211lrrSnv9wadft50litZaa6211lprrbXWWmuttda64vYdhAAAAAAAAAAAAMCC8B2EzMzMzMzMzMzMzMzMzAty+x2EczgXZmZmZmZmZmZmZmZmZn6wt99BOIMzYWZmZmZmZmZmZmZmZuaHu72CsKHZtNZaa6211lprrbXWWmuttdaV9vqDT79uqnnPUGuttdZaa6211lprrbXWWmtdcecv/vC3yIxSOm5uVex2u91ut9vtdrvdbrfb7Xa73W632+12e2W77yBkZmZmZmZmZmZmZmZmXpDb7yCcw7kwMzMzMzMzMzMzMzMz84O9/w5CAAAAAAAAAAAAANWzyYietw6bzyG12+12u91ut9vtdrvdbrfb7Xa73W632+117f1XEDY3sdvtdrvdbrfb7Xa73W632+12u91ut9vtle35iz/8LWJ3GWHzXmLbdrvdbrfb7Xa73W632+12u91ut9vtdru9rt13EAIAAAAAAAAAAAALYhURGdl1nix2u91ut9vtdrvdbrfb7Xa73W632+12u72O3RWEAAAAAAAAAAAAwILYZERERvtBpMzMzMzMzMzMzMzMzMxcsdcf/OTryL63Dpvb2O12u91ut9vtdrvdbrfb7Xa73W632+32ivbV9jNHY/fZo23b7Xa73W632+12u91ut9vtdrvdbrfb7fbqdt9BCAAAAAAAAAAAACyIVec9w63zZLHb7Xa73W632+12u91ut9vtdrvdbrfb7XXs7XcQNp9AyszMzMzMzMzMzMzMzMxVO//1D39rriVsFq211lprrbXWWmuttdZaa611xb3a/lWJEqG11lprrbXWWmuttdZaa621rrtX/Z8/uj3sdrvdbrfb7Xa73W632+12u91ut9vtdntVu+8gZGZmZmZmZmZmZmZmZl6Q999BCAAAAAAAAAAAAKB69t9ByMzMzMzMzMzMzMzMzMzVe38FYba71lprrbXWWmuttdZaa6211rrWXn/wk68isl2K1lprrbXWWmuttdZaa6211rri9h2EAAAAAAAAAAAAwILYxByuY9Raa6211lprrbXWWmuttdZaP6VdQQgAAAAAAAAAAAAsiE0pJbdvGmYJrbXWWmuttdZaa6211lprrXXN7QpCAAAAAAAAAAAAYEFsopSIbP9Sa6211lprrbXWWmuttdZaa11zu4IQAAAAAAAAAAAAWBCrUkqUYGZmZmZmZmZmZmZmZuYlOP/1P/8W2V5TyMzMzMzMzMzMzMzMzMxVe1XC4XA4HA6Hw+FwOBwOh8PhcDgcDofD4XAs5WivIGxo3jnUWmuttdZaa6211lprrbXWWlfa6/d/8lVTGVmiaK211lprrbXWWmuttdZaa60rbt9ByMzMzMzMzMzMzMzMzLwg+w5Ch8PhcDgcDofD4XA4HA6Hw+FwOBwOh2NBhysImZmZmZmZmZmZmZmZmRfk/XcQAgAAAAAAAAAAAKieTUa++hwAAAAAAAAAAAAAPIlNidK3N1cY2u12u91ut9vtdrvdbrfb7Xa73W632+32qvb81//828Fturbb7Xa73W632+12u91ut9vtdrvdbrfb7XXtvoMQAAAAAAAAAAAAWBCbiNx9CWHzxqHWWmuttdZaa6211lprrbXWutZef+AKQgAAAAAAAAAAAGAxbHL/ZiEAAAAAAAAAAACAytmUUl5/HaPWWmuttdZaa6211lprrbXW+im9iozmIsLcHVprrbXWWmuttdZaa6211lrrSnv9wU++DgAAAAAAAAAAAADLYLV9zzBy//6h1lprrbXWWmuttdZaa6211rrSXn/wydeR7aeOMjMzMzMzMzMzMzMzM3PVbr+D0OFwOBwOh8PhcDgcDofD4XA4HA6Hw+FwLOBoryBsaN451FprrbXWWmuttdZaa6211lpX2u0VhNF517D5HFK73W632+12u91ut9vtdrvdbrfb7Xa73V7d7jsImZmZmZmZmZmZmZmZmRfk/Pl/ftdeWNhsWmuttdZaa6211lprrbXWWutqe7XtEhFFa6211lprrbXWWmuttdZaa113r6L93NE4/QxSu91ut9vtdrvdbrfb7Xa73W632+12u91e177+4JOvo2EWVzRqrbXWWmuttdZaa6211lprrR/Y3e8gBAAAAAAAAAAAAFA53e8gZGZmZmZmZmZmZmZmZubK3f8dhMzMzMzMzMzMzMzMzMxcpdfvf/J186GjzMzMzMzMzMzMzMzMzFy9fQchAAAAAAAAAAAAsCA2pUT2/ULz/qHdbrfb7Xa73W632+12u91ut9vtdrvdbq9pdwUhAAAAAAAAAAAAsCC2VxA27x8yMzMzMzMzMzMzMzMzc93On//+u9hdW9hsWmuttdZaa6211lprrbXWWutKe/3+T75++buUzMzMzMzMzMzMzMzMzPwc+w5CAAAAAAAAAAAAYEFsStm+X5iRJbTWWmuttdZaa6211lprrbXWNXf7HYTbhZmZmZmZmZmZmZmZmZlr9qpEc8SJ7Xa73W632+12u91ut9vtdrvdbrfb7XZ7bbsrCJmZmZmZmZmZmZmZmZkX5PX7P/nq9WfBzMzMzMzMzMzMzMzMzE9x/vz330VDs2ittdZaa6211lprrbXWWmut6+3eKwibOn1H0W632+12u91ut9vtdrvdbrfb7Xa73W63v+3ddxAyMzMzMzMzMzMzMzMzL8jNFYSvvo5Ra6211lprrbXWWmuttdZaa/2Uzp/9/rts/6p541BrrbXWWmuttdZaa6211lprXWv3fgchMzMzMzMzMzMzMzMzM9fp/PnvvwsAAAAAAAAAAAAAy2BTovTtzfuHdrvdbrfb7Xa73W632+12u91ut9vtdru9qn37HYSvv5SRmZmZmZmZmZmZmZmZmR/vVUQpEczMzMzMzMzMzMzMzMy8BPdcQdhwLYVQ6AAAIABJREFU+l6i3W632+12u91ut9vtdrvdbrfb7Xa73W5/6/v6/U++Ov4VZmZmZmZmZmZmZmZmZq7U+bPff9e8VdgsWmuttdZaa6211lprrbXWWuuKu72CsKF551BrrbXWWmuttdZaa6211lprXWn3fAchMzMzMzMzMzMzMzMzM9dq30HIzMzMzMzMzMzMzMzMvCDnz37/14hXX8eotdZaa6211lprrbXWWmuttX5Ku4KQmZmZmZmZmZmZmZmZeUHOn/3+u+atwmbRWmuttdZaa6211lprrbXWWlfc6/c/+SpO6d7Kbrfb7Xa73W632+12u91ut9vtdrvdbrfXsu++g3AGVzMyMzMzMzMzMzMzMzMz84O9ihIRhZmZmZmZmZmZmZmZmZmX4N0VhA1Fa6211lprrbXWWmuttdZaa11xr9/75KsZnY7WWmuttdZaa6211lprrbXW+pHtOwiZmZmZmZmZmZmZmZmZF+T1+598Fac0v2q32+12u91ut9vtdrvdbrfb7Xa73W632+vaXUHIzMzMzMzMzMzMzMzMvCBvv4Pw9SfCzMzMzMzMzMzMzMzMzI93/ux3f41srycsRWuttdZaa6211lprrbXWWmtdcbuCkJmZmZmZmZmZmZmZmXlB9h2EzMzMzMzMzMzMzMzMzAvy+r1PvmovLIwSobXWWmuttdZaa6211lprrbWuuNvvIHz9W5XMzMzMzMzMzMzMzMzM/HCvSkSUYGZmZmZmZmZmZmZmZuYluHsFYUYpke3FhU3b7Xa73W632+12u91ut9vtdrvdbrfb7faK9v13EAIAAAAAAAAAAAConk3usnn/UGuttdZaa6211lprrbXWWmtdb7uCEAAAAAAAAAAAAFgQm9y9Z8jMzMzMzMzMzMzMzMzMtXv93idfRuw+Z7RorbXWWmuttdZaa6211lprrSvu/Onv/jqj09Faa6211lprrbXWWmuttdZaP7LX7/sOQgAAAAAAAAAAAGAxbHZvFUbzqaNaa6211lprrbXWWmuttdZa63p79x2EhZmZmZmZmZmZmZmZmZmr9yoiM4KZmZmZmZmZmZmZmZmZl+D1+9srCBuK1lprrbXWWmuttdZaa6211rri3l1B2Axaa6211lprrbXWWmuttdZa65p7FaWUiIhSIrTWWmuttdZaa6211lprrbXWdXf+9Hd/ncWXITIzMzMzMzMzMzMzMzPz473avmfIzMzMzMzMzMzMzMzMzAvw7jsImZmZmZmZmZmZmZmZmbl+r9//+Mv2esKMUrTWWmuttdZaa6211lprrbXWFXf+9Hd/DQAAAAAAAAAAAADLYBWv/5hTZmZmZmZmZmZmZmZmZn6S+68gbK4vtNvtdrvdbrfb7Xa73W632+12u91ut9vtle3r9z/+8uBWXdvtdrvdbrfb7Xa73W632+12u91ut9vt9rp230EIAAAAAAAAAAAALIjmOwhL51NHtdZaa6211lprrbXWWmuttdbVtisIAQAAAAAAAAAAgAWxKaUcfRhpQzn5kFK73W632+12u91ut9vtdrvdbrfb7Xa73f7W9/zp7/7S+csuxW632+12u91ut9vtdrvdbrfb7Xa73W63V7av3/v4q545o5S+m9vtdrvdbrfb7Xa73W632+12u91ut9vt9re8+w5CAAAAAAAAAAAAYEH0fAchMzMzMzMzMzMzMzMzM9fq/Ol//CVyd3FhMzZZ7Ha73W632+12u91ut9vtdrvdbrfb7XZ7Zfv6vU++evm7lMzMzMzMzMzMzMzMzMz8HPsOQgAAAAAAAAAAAGBBbEopTTXvGWqttdZaa6211lprrbXWWmutK+5VRmRmRkSm1lprrbXWWmuttdZaa6211rru9h2EzMzMzMzMzMzMzMzMzAvyavee4d55stjtdrvdbrfb7Xa73W632+12u91ut9vt9ir29XuffBUAAAAAAAAAAAAAlsGmebcwSmFmZmZmZmZmZmZmZmbm6r2/grD51FGttdZaa6211lprrbXWWmutdcW9yvbjRqP9MFKttdZaa6211lprrbXWWmutda3tOwgBAAAAAAAAAACABbGJiGz/omittdZaa6211lprrbXWWmutq25XEAIAAAAAAAAAAAALYrN7qzAyoxSttdZaa6211lprrbXWWmutdcXtCkIAAAAAAAAAAABgQayi/bxRZmZmZmZmZmZmZmZmZq7eriAEAAAAAAAAAAAAFsRm925hRJR9Z4lit9vtdrvdbrfb7Xa73W632+12u91ut9sr29fvffxV9P2K1lprrbXWWmuttdZaa6211rq+Xu0qI7TWWmuttdZaa6211lprrbXWdbfvIAQAAAAAAAAAAAAWxGr3fiEzMzMzMzMzMzMzMzMzV+9VlFIiokSJ0FprrbXWWmuttdZaa6211lrX3fkv//GXAAAAAAAAAAAAALAMVlE6f6W11lprrbXWWmuttdZaa621rrpX208bbT51VGuttdZaa6211lprrbXWWmtdda+ilCi7Tx0tEZ222+12u91ut9vtdrvdbrfb7Xa73W632+117b6DEAAAAAAAAAAAAFgQq927hczMzMzMzMzMzMzMzMxcvV1BCAAAAAAAAAAAACyITSklIyNKRJbQWmuttdZaa6211lprrbXWWtfcriAEAAAAAAAAAAAAFsQqSonS+dRRrbXWWmuttdZaa6211lprrXW97QpCAAAAAAAAAAAAYEE030EYJYKZmZmZmZmZmZmZmZmZq3f+y7//JbLvrcPm1+12u91ut9vtdrvdbrfb7Xa73W632+12e0X7+kcff9m+W5glyqHtdrvdbrfb7Xa73W632+12u91ut9vtdntVu+8gBAAAAAAAAAAAABbEppTSVPv+4d52u91ut9vtdrvdbrfb7Xa73W632+12u72yvf0OwtL3O5iZmZmZmZmZmZmZmZm5Lne/g7Dr7meS2u12u91ut9vtdrvdbrfb7Xa73W632+32SnZXEDIzMzMzMzMzMzMzMzMvyOsfffxl97NHtdZaa6211lprrbXWWmuttdYVtysImZmZmZmZmZmZmZmZmRfk/RWEAAAAAAAAAAAAAKpnkxGR2b5nWLTWWmuttdZaa6211lprrbXWFbcrCAEAAAAAAAAAAIAFscnIyFl82ikzMzMzMzMzMzMzMzMzP9quIAQAAAAAAAAAAAAWxCqiuYSQmZmZmZmZmZmZmZmZmev3+j1XEAIAAAAAAAAAAACLYXsFYXbeM8yIzLTb7Xa73W632+12u91ut9vtdrvdbrfb7fXtriAEAAAAAAAAAAAAFoTvIGRmZmZmZmZmZmZmZmZekF1BCAAAAAAAAAAAACwIVxAyMzMzMzMzMzMzMzMzL8jr9/7py8iIEns3dBe73W632+12u91ut9vtdrvdbrfb7Xa73V7Fnv/87/8TJzS3sdvtdrvdbrfb7Xa73W632+12u91ut9vtle2r3l8p0f877Ha73W632+12u91ut9vtdrvdbrfb7Xb7m95XsbuWMPLAdrvdbrfb7Xa73W632+12u91ut9vtdru9ur3vOwiZmZmZmZmZmZmZmZmZuVL3fwchAAAAAAAAAAAAgCppv4OQmZmZmZmZmZmZmZmZmRfgc1cQZnsru91ut9vtdrvdbrfb7Xa73W632+12u91ez77+0T99mae3ySgl7Ha73W632+12u91ut9vtdrvdbrfb7XZ7ZbvvIAQAAAAAAAAAAAAWhO8gZGZmZmZmZmZmZmZmZl6QXUEIAAAAAAAAAAAALIhNKSUjy/ajR7XWWmuttdZaa6211lprrbXWNbcrCAEAAAAAAAAAAIAFsSolovm/CK211lprrbXWWmuttdZaa6113e0KQgAAAAAAAAAAAGBBrEopUYKZmZmZmZmZmZmZmZmZl+D853/7n8j27cLmewm11lprrbXWWmuttdZaa6211pX2qkTnPUOttdZaa6211lprrbXWWmutddXtOwgBAAAAAAAAAACABbEppbme8MAZWcJut9vtdrvdbrfb7Xa73W632+12u91ut9e2t99B2POrzMzMzMzMzMzMzMzMzFyb2+8gdDgcDofD4XA4HA6Hw+FwOBwOh8PhcDgcCzjaKwgbmncOtdZaa6211lprrbXWWmuttdaV9vpHH///AAAAAAAAAAAAALAMNrl7r/D0E0jtdrvdbrfb7Xa73W632+12u91ut9vtdntde/cKwnmckd1ut9vtdrvdbrfb7Xa73W632+12u91uf9jefgdh6bs9MzMzMzMzMzMzMzMzM9dl30EIAAAAAAAAAAAALIhNRB69cRgRkVHK8RuKdrvdbrfb7Xa73W632+12u91ut9vtdrv9re+n30GotdZaa6211lprrbXWWmutta6285//7X8O9q7tdrvdbrfb7Xa73W632+12u91ut9vtdntdu+8gBAAAAAAAAAAA+L/27mBJiuOMovDNqnoGwbA2MF5YsoSfwsgWXpsZvaaRxLP9XlR3T0O3lszAn98J+8Thzihi9hlZCUzEkmRkJGNkaK211lprrbXWWmuttdZaa6179/rir78+9SElAAAAAAAAAAAAgEdiS8blx0iZmZmZmZmZmZmZmZmZuaXXF7f3Gcfjwn3TWmuttdZaa6211lprrbXWWjftJSM5/H9orbXWWmuttdZaa6211lprrXu3NwgBAAAAAAAAAACAidj2c8L9TuGnLrvdbrfb7Xa73W632+12u91ut9vtdrvd3mxfX9z+evm7zMzMzMzMzMzMzMzMzNzSxzcImZmZmZmZmZmZmZmZmXkCL6kkxczMzMzMzMzMzMzMzMwz2A1CZmZmZmZmZmZmZmZm5onsBiEzMzMzMzMzMzMzMzPzRB7/+M/HHLh8o9But9vtdrvdbrfb7Xa73W632+12u91ut7fal8NeV88P7Xa73W632+12u91ut9vtdrvdbrfb7XZ7q90bhMzMzMzMzMzMzMzMzMwTeb25/fXyqiEzMzMzMzMzMzMzMzMzt/T5G4QAAAAAAAAAAAAAmrNUJfv/Eq211lprrbXWWmuttdZaa6117z6/QTgOm9Zaa6211lprrbXWWmuttda6aXuDkJmZmZmZmZmZmZmZmXkie4MQAAAAAAAAAAAAmIit6ulPKZmZmZmZmZmZmZmZmZn5cewGIQAAAAAAAAAAADARW9V+UrijtdZaa6211lprrbXWWmutte7c4x/vPubJ7zEyMzMzMzMzMzMzMzMz86N4vbn99XBUmNTxAFFrrbXWWmuttdZaa6211lpr3bKPNwh39pNDrbXWWmuttdZaa6211lprrXXTXm9u75Nx3JiZmZmZmZmZmZmZmZm5s71ByMzMzMzMzMzMzMzMzDyRTzcILym73W632+12u91ut9vtdrvdbrfb7Xa73d5sd4OQmZmZmZmZmZmZmZmZeSJ7g5CZmZmZmZmZmZmZmZl5Ii/JGAkzMzMzMzMzMzMzMzMzz+AlqUqYmZmZmZmZmZmZmZmZeQaPN+8+jiRJRqoyjvcLq2K32+12u91ut9vtdrvdbrfb7Xa73W6325vt64vb++T4k317sN1ut9vtdrvdbrfb7Xa73W632+12u91ub7UfbhDWtV9nZmZmZmZmZmZmZmZm5mb2BiEzMzMzMzMzMzMzMzPzRF6SMRJmZmZmZmZmZmZmZmZmnsHri9f3GTmw3yrUWmuttdZaa6211lprrbXWWjft8ebdx1ywf4HUbrfb7Xa73W632+12u91ut9vtdrvdbrc329cXt/fXfk1rrbXWWmuttdZaa6211lpr3bDHm3cf94GZmZmZmZmZmZmZmZmZ2/v4BuHX8LcwMzMzMzMzMzMzMzMz8xf29TcIAQAAAAAAAAAAALRkS1XG8V/7yaHWWmuttdZaa6211lprrbXWumlfv0G43y+02+12u91ut9vtdrvdbrfb7Xa73W632+3N9vXm9f3Yf/6pq2K32+12u91ut9vtdrvdbrfb7Xa73W6325vt4827Pz7fDlz8rt1ut9vtdrvdbrfb7Xa73W632+12u91u/8b39cXr+893ZmZmZmZmZmZmZmZmZm7q628QAgAAAAAAAAAAAGjJVlVXDg73b5La7Xa73W632+12u91ut9vtdrvdbrfb7fZe+9U3CJmZmZmZmZmZmZmZmZm5p5eqJJVKUlprrbXWWmuttdZaa6211lrr3n26QbhTWmuttdZaa6211lprrbXWWuvGvd68vv8qrjIyMzMzMzMzMzMzMzMz85e3NwiZmZmZmZmZmZmZmZmZJ7IbhMzMzMzMzMzMzMzMzMwT2Q1CZmZmZmZmZmZmZmZm5om83ry+318j3AettdZaa6211lprrbXWWmutdeMeb375I+P4zyqttdZaa6211lprrbXWWmutdeNeb269QcjMzMzMzMzMzMzMzMw8i71ByMzMzMzMzMzMzMzMzDyRH94gBAAAAAAAAAAAANCebeTJDymZmZmZmZmZmZmZmZmZ+ZG83ty6QQgAAAAAAAAAAADMghuEzMzMzMzMzMzMzMzMzBPZDUIAAAAAAAAAAABgIrb9AmGSjFRprbXWWmuttdZaa6211lprrTu3G4QAAAAAAAAAAADARHiDkJmZmZmZmZmZmZmZmXkirze3dxc/2bn8L+x2u91ut9vtdrvdbrfb7Xa73W632+12+7e9L8kYyafOxWK32+12u91ut9vtdrvdbrfb7Xa73W632zvs3iAEAAAAAAAAAAAAJmI5nh8yMzMzMzMzMzMzMzMzc38vSVXCzMzMzMzMzMzMzMzMzDN4/PTLH0n208JKtNZaa6211lprrbXWWmuttdaNezn9s07SWmuttdZaa6211lprrbXWWjftJRlnXx3VWmuttdZaa6211lprrbXWWnfuJVWVMDMzMzMzMzMzMzMzM/MMfniDEAAAAAAAAAAAAEB7llQlOX56VGuttdZaa6211lprrbXWWmvdud0gBAAAAAAAAAAAACZiv0FYhzNDrbXWWmuttdZaa6211lprrXXrdoMQAAAAAAAAAAAAmIjl7MyQmZmZmZmZmZmZmZmZmZvbDUIAAAAAAAAAAABgIraqGkkln3ikKna73W632+12u91ut9vtdrvdbrfb7Xa7vdnuBiEAAAAAAAAAAAAwEVtVjeOhYVW01lprrbXWWmuttdZaa6211o3bDUIAAAAAAAAAAABgIv7kDUJmZmZmZmZmZmZmZmZm7mg3CAEAAAAAAAAAAICJ+JMbhPt3SO12u91ut9vtdrvdbrfb7Xa73W632+12e6/dDUIAAAAAAAAAAABgIraqeuq/AQAAAAAAAAAAAMAjsY2cbhgevV8xPF/sdrvdbrfb7Xa73W632+12u91ut9vtdnuLfX3++n4/Kjz+4oPtdrvdbrfb7Xa73W632+12u91ut9vtdnuzffz0y+/JOP60tNZaa6211lprrbXWWmuttdaN++EGIQAAAAAAAAAAAID2XHuDkJmZmZmZmZmZmZmZmZmb2g1CAAAAAAAAAAAAYCKu3SDcv0B6eaJot9vtdrvdbrfb7Xa73W632+12u91ut9u/8d0NQgAAAAAAAAAAAGAiliQjSTLG0FprrbXWWmuttdZaa6211lr37vXGDUIAAAAAAAAAAABgGpb9nHCcTg611lprrbXWWmuttdZaa6211n3bDUIAAAAAAAAAAABgIs7eIGRmZmZmZmZmZmZmZmbm7naDEAAAAAAAAAAAAJiIsxuE+7dHM87abrfb7Xa73W632+12u91ut9vtdrvdbre32t0gBAAAAAAAAAAAACZiOdU4W7XWWmuttdZaa6211lprrbXWLdsNQgAAAAAAAAAAAGAizt4gZGZmZmZmZmZmZmZmZubuXm9e3R/+laSitdZaa6211lprrbXWWmuttW7c48d//x4AAAAAAAAAAAAAc7A89R8AAAAAAAAAAAAA4PG4fkA4rq52u91ut9vtdrvdbrfb7Xa73W632+12u/0b35dUJfnMdbHY7Xa73W632+12u91ut9vtdrvdbrfb7fYGuzcIAQAAAAAAAAAAgIk43SBMHk4OtdZaa6211lprrbXWWmuttdY92w1CAAAAAAAAAAAAYCKWqkqdPkP6qe12u91ut9vtdrvdbrfb7Xa73W632+12e6/dDUIAAAAAAAAAAABgIpb9nDAXttvtdrvdbrfb7Xa73W632+12u91ut9vt/XY3CAEAAAAAAAAAAICJ2KpqJJWMjIrWWmuttdZaa6211lprrbXWunO7QQgAAAAAAAAAAABMxFJVqTAzMzMzMzMzMzMzMzPzDHaDEAAAAAAAAAAAAJiIrar22r86qrXWWmuttdZaa6211lprrbVu3OPHf/2ekStU7Ha73W632+12u91ut9vtdrvdbrfb7XZ7s319/vpuHH46KvWp7Xa73W632+12u91ut9vtdrvdbrfb7XZ7q90bhAAAAAAAAAAAAMBEPLxBCAAAAAAAAAAAAKA928jI8W4hMzMzMzMzMzMzMzMzM/f2+vz13VMfUgIAAAAAAAAAAAB4JK7dINy5PFG02+12u91ut9vtdrvdbrfb7Xa73W632+3f+O4GIQAAAAAAAAAAADARW5Ixxn5mWFVaa6211lprrbXWWmuttdZa68btBiEAAAAAAAAAAAAwEdfeIGRmZmZmZmZmZmZmZmbmpnaDEAAAAAAAAAAAAJiIJdmvEDIzMzMzMzMzMzMzMzNzf7tBCAAAAAAAAAAAAEzE2Q3CcTo5HGdtt9vtdrvdbrfb7Xa73W632+12u91ut9v77G4QAgAAAAAAAAAAABOxJEkezg+11lprrbXWWmuttdZaa6211o3bDUIAAAAAAAAAAABgIs7eIGRmZmZmZmZmZmZmZmbm7l6fv7rLOB4XVrTWWmuttdZaa6211lprrbXWjXv8/V+/5QojKbvdbrfb7Xa73W632+12u91ut9vtdrvd3mz3BiEAAAAAAAAAAAAwEUuynx8yMzMzMzMzMzMzMzMzc38vqSTFzMzMzMzMzMzMzMzMzDP4z94gBAAAAAAAAAAAANCQ/QbhEa211lprrbXWWmuttdZaa611614O3xpNkqG11lprrbXWWmuttdZaa6217t1LVVKpSlJVSc7abrfb7Xa73W632+12u91ut9vtdrvdbrf32r1BCAAAAAAAAAAAAEzEsp8W5uHMUGuttdZaa6211lprrbXWWmvdtt0gBAAAAAAAAAAAACZiq6qRUclIKlprrbXWWmuttdZaa6211lrrzu0GIQAAAAAAAAAAADARS1VSh6+Oaq211lprrbXWWmuttdZaa617txuEAAAAAAAAAAAAwERsVcfvjp55ZFTsdrvdbrfb7Xa73W632+12u91ut9vtdnu3ffz9598yrh0d7r9jt9vtdrvdbrfb7Xa73W632+12u91ut9sb7euzV++Th1PEkbH/5ulE0W632+12u91ut9vtdrvdbrfb7Xa73W63t9m9QQgAAAAAAAAAAABMxPU3CJmZmZmZmZmZmZmZmZm5pY9vED79X8LMzMzMzMzMzMzMzMzMX9wPbxAyMzMzMzMzMzMzMzMzc3sfbxDu7LvWWmuttdZaa6211lprrbXWumnvNwgv2c8P7Xa73W632+12u91ut9vtdrvdbrfb7XZ7q31JxhjjwrHb7Xa73W632+12u91ut9vtdrvdbrfb7f329bk3CJmZmZmZmZmZmZmZmZmn8fjh59/GtZ9WxW632+12u91ut9vtdrvdbrfb7Xa73W63N9v3G4QAAAAAAAAAAAAApmDL6eBwP0XUWmuttdZaa6211lprrbXWWvft8xuE+6i11lprrbXWWmuttdZaa621bttLMsYYyRgjWmuttdZaa6211lprrbXWWuve7Q1CAAAAAAAAAAAAYCK2JMnIlUuGZbfb7Xa73W632+12u91ut9vtdrvdbrfbm+3r81d3AQAAAAAAAAAAADAHWzL2M0NmZmZmZmZmZmZmZmZmbm9vEAIAAAAAAAAAAAATsST7t0bPPS4Wu91ut9vtdrvdbrfb7Xa73W632+12u93eYfcGIQAAAAAAAAAAADAR2/HAMPtXR7XWWmuttdZaa6211lprrbXWjXt9/vL9YWNmZmZmZmZmZmZmZmbm7l4ykgxmZmZmZmZmZmZmZmZmnsHr85d3GccrhfvJodZaa6211lprrbXWWmuttda6aR9vEObs5FBrrbXWWmuttdZaa6211lpr3bSXqiR17lwsdrvdbrfb7Xa73W632+12u91ut9vtdru9xz5++PlD8tQvITIzMzMzMzMzMzMzMzPzo3g5Py3MxYmi3W632+12u91ut9vtdrvdbrfb7Xa73W7vtLtByMzMzMzMzMzMzMzMzDyR12cv776KP4SZmZmZmZmZmZmZmZmZv7z3G4QAAAAAAAAAAAAApmCpSipVSaK11lprrbXWWmuttdZaa6217t3nNwj3a4Vaa6211lprrbXWWmuttdZa67a9Pnt59xX9OVprrbXWWmuttdZaa6211lrrL9neIAQAAAAAAAAAAAAmYqs6nBkyMzMzMzMzMzMzMzMzc3u7QQgAAAAAAAAAAABMxFa1nxReYrfb7Xa73W632+12u91ut9vtdrvdbrfbu+3jh7cf8uT3GJmZmZmZmZmZmZmZmZn5Ubw+e3V37TgRAAAAAAAAAAAAQEO2keR0s7C01lprrbXWWmuttdZaa6211p17ffbqffLZ3cLz37Lb7Xa73W632+12u91ut9vtdrvdbrfb7X328f3bD+O4VEVrrbXWWmuttdZaa6211lpr3bi9QQgAAAAAAAAAAABMxPENwmJmZmZmZmZmZmZmZmbm/r76BiEzMzMzMzMzMzMzMzMz9/SSjJEkY4xorbXWWmuttdZaa6211lprrXu3G4TMzMzMzMzMzMzMzMzME3l5ODNkZmZmZmZmZmZmZmZm5u5P8A57AAAGi0lEQVR2g5CZmZmZmZmZmZmZmZl5Io/v335Ikms/tNvtdrvdbrfb7Xa73W632+12u91ut9vtzfbl+KOqC9vtdrvdbrfb7Xa73W632+12u91ut9vt9mb7koyRfO5xsdjtdrvdbrfb7Xa73W632+12u91ut9vt9m9/398gBAAAAAAAAAAAADAFWzKe+m8AAAAAAAAAAAAA8Ehsx2+P5tpThVprrbXWWmuttdZaa6211lrrVj2+f/shAAAAAAAAAAAAAOZgS9XhyPDknfPFbrfb7Xa73W632+12u91ut9vtdrvdbre32N0gBAAAAAAAAAAAACbieIPwkvPTRbvdbrfb7Xa73W632+12u91ut9vtdrvd3mJ3gxAAAAAAAAAAAACYiKWqkmJmZmZmZmZmZmZmZmbmGTy+f/u/s7uFpbXWWmuttdZaa6211lprrbVu3EtVksrhzFBrrbXWWmuttdZaa6211lpr3bm9QQgAAAAAAAAAAABMxFZVI6lkjFRFa6211lprrbXWWmuttdZaa924T28QFjMzMzMzMzMzMzMzMzO39+ENQmZmZmZmZmZmZmZmZmaewacbhDultdZaa6211lprrbXWWmuttW7c63cv3+eC/Xqh3W632+12u91ut9vtdrvdbrfb7Xa73W5vtnuDkJmZmZmZmZmZmZmZmXkiP9wgvPyh3W632+12u91ut9vtdrvdbrfb7Xa73W5vtrtByMzMzMzMzMzMzMzMzDyRr79BCAAAAAAAAAAAAKAl29hvFSbJSJXWWmuttdZaa6211lprrbXWunG7QQgAAAAAAAAAAABMxDZGkq/ia6fMzMzMzMzMzMzMzMzM/KXtBiEAAAAAAAAAAAAwEUuSMXLucbHY7Xa73W632+12u91ut9vtdrvdbrfb7fYe+/rMDUIAAAAAAAAAAABgGrbDmeHnnx4dVWW32+12u91ut9vtdrvdbrfb7Xa73W6325vtbhACAAAAAAAAAAAAE7EkGcnlF0jtdrvdbrfb7Xa73W632+12u91ut9vtdnu/3Q1CAAAAAAAAAAAAYCKW62eJzMzMzMzMzMzMzMzMzNzR67OX/z1eLszxdUKttdZaa6211lprrbXWWmutdc9eTjVO0lprrbXWWmuttdZaa6211lo3bW8QAgAAAAAAAAAAABOxnI4LP/G4WOx2u91ut9vtdrvdbrfb7Xa73W632+12+7e/n94gLGZmZmZmZmZmZmZmZmZu7/G3f/4vAAAAAAAAAAAAAOZgSersn1prrbXWWmuttdZaa6211lrrzr0k++dGc/YZUq211lprrbXWWmuttdZaa611z15SlSRVlWittdZaa6211lprrbXWWmute7c3CAEAAAAAAAAAAICJON4gzIXtdrvdbrfb7Xa73W632+12u91ut9vtdnu73Q1CAAAAAAAAAAAAYCKWqkrq+OnRSipnbbfb7Xa73W632+12u91ut9vtdrvdbrfbO+1uEAIAAAAAAAAAAAATcXyDkJmZmZmZmZmZmZmZmZknsBuEAAAAAAAAAAAAwERsVTWSSsZIVbTWWmuttdZaa6211lprrbXWjdsNQgAAAAAAAAAAAGAilqpKqqqSaK211lprrbXWWmuttdZaa617txuEAAAAAAAAAAAAwERs+zlhcvjqqNZaa6211lprrbXWWmuttda6cbtBCAAAAAAAAAAAAEzEVlX7meEYqYrWWmuttdZaa6211lprrbXWunG7QQgAAAAAAAAAAABMxMMbhAAAAAAAAAAAAADas40k43ChMFVaa6211lprrbXWWmuttdZa68a9fvfy/VMfUgIAAAAAAAAAAAB4JLYxkoxrPyq73W632+12u91ut9vtdrvdbrfb7Xa73d5sX7/7ixuEAAAAAAAAAAAAwCwsScYYIxn7XUKttdZaa6211lprrbXWWmutdd/2BiEAAAAAAAAAAAAwEdt+XHj4AmlVxjj85NB2u91ut9vtdrvdbrfb7Xa73W632+12u73P7gYhAAAAAAAAAAAAMBFLkv2s8PTt0Qfb7Xa73W632+12u91ut9vtdrvdbrfb7fZeuxuEAAAAAAAAAAAAwEQs188SmZmZmZmZmZmZmZmZmbmj3SAEAAAAAAAAAAAAJmI51fjEw2632+12u91ut9vtdrvdbrfb7Xa73W6399vdIAQAAAAAAAAAAAAmYjmdH175Aqndbrfb7Xa73W632+12u91ut9vtdrvdbu+1/x+P9dcSE177LQAAAABJRU5ErkJggg==' />
<img width=700px src='data:image/png;base64,iVBORw0KGgoAAAANSUhEUgAACWAAAAaSCAIAAAAtPVPCAAABK2lDQ1BTa2lhAAAokX2QMUvDUBSFv1cKomYRFR0cMnbRppWmDdahqbXo2Cqk3dI0FLFNQxrRvas/wtlNcBGhs4uT4CTi4i4IrpXXDClIPNPHuQfuPRdSmwBpDQZeGDTqpmq12urCBwLBTLYz8kmWgJ/XKPuy/U8uSYtdd+QAX0AYWK02iC6w1ov4SnIn4mvJl6EfgriRHJw0qiDugUxvjjtz7PiBzL8B5UH/wonvRnG90yZgAVvUGTKkRx+XLE3OOcMmi0YNgxK71KhQoUCFHHlKGOgU0KhiUqRKkUN0SuTJcTBjA13+M1o5fof9yXQ6fYy94wnc6bD0EHuZPVhR4Ok59uIf+3Zgz6w0kHJN+F4H5RZWP2F5DGzIcUJX9U9XlSM8HHZQyaORQ/8FDJRN2vTWQQEAACAASURBVHic7L29r3XPkh5U1fsdI2s8ZsQwssFCIBIbXRkNgYVuhJCIQIAQMCRARIKsSZwTIQfEBPAHEJEQIDKkkRMki2CECExkYdkC2Zprm/HIvjP3vl0E9dm9eq299sc5Z5/zPs/93X7r1O7V391r76quKv7tv/I3iJhIkCJFihQpUqRIkSJFihQpUqRIkSJFihQpUqRIkSJF+uVT/u2/8n8RAAAAAAAAAAAAAAAAAAAAAAAAAAA/BhqRlD9BgwYNGjRo0KBBgwYNGjRo0KBBgwYNGjRo0KBBgwb9lWlYEAIAAAAAAAAAAAAAAAAAAAAAAADAD4SwIESKFClSpEiRIkWKFClSpEiRIkWKFClSpEiRIkWKFOnXT2FBCAAAAAAAAAAAAAAAAAAAAAAAAAA/EKYYhBXggw8++OCDDz744IMPPvjggw8++OCDDz744IMPPvjggw/+V+M3IlaKC5cLA3zwwQcffPDBBx988MEHH3zwwQcffPDBBx988MEHH3zwwf8y/IxBKESgQYMGDRo0aNCgQYMGDRo0aNCgQYMGDRo0aNCgQYP+2jRiEAIAAAAAAAAAAAAAAAAAAAAAAADAD4QpBiFo0KBBgwYNGjRo0KBBgwYNGjRo0KBBgwYNGjRo0KC/Mg0LQgAAAAAAAAAAAAAAAAAAAAAAAAD4gZAxCJEiRYoUKVKkSJEiRYoUKVKkSJEiRYoUKVKkSJEiRfrlU1gQAgAAAAAAAAAAAAAAAAAAAAAAAMAPhCkGYQX44IMPPvjggw8++OCDDz744IMPPvjggw8++OCDDz744IP/1fiNiJXiwuXCAB988MEHH3zwwQcffPDBBx988MEHH3zwwQcffPDBBx988L8MP2MQChFo0KBBgwYNGjRo0KBBgwYNGjRo0KBBgwYNGjRo0KC/No0YhAAAAAAAAAAAAAAAAAAAAAAAAADwA2GKQQgaNGjQoEGDBg0aNGjQoEGDBg0aNGjQoEGDBg0aNOivTMOCEAAAAAAAAAAAAAAAAAAAAAAAAAB+IGQMQqRIkSJFihQpUqRIkSJFihQpUqRIkSJFihQpUqRIkX75FBaEAAAAAAAAAAAAAAAAAAAAAAAAAPADYYpBWAE++OCDDz744IMPPvjggw8++OCDDz744IMPPvjggw8++OB/Nf7lJz/9HaW4cLkwwAcffPALXzZ5QIMGDRo0aNCgQYMGDRo0aNCgQYMG/Qo0b/i8kx988MH/0fkZg1CIQIMGDXqf7kTy0W0ADRo0aNCgQYMGDRo0aNCgQYMGDRr0Ht2F5KPbABo06M9BIwYhAABXIR/dAAAAAAAAAAAAAAAAAAAAbgKfyAMAwI+LKQYhaNCgQVe6lz9foT2gQYMGDRo0aNCgQYMGDRo0aNCgQYM+Q4v/9yLtAQ0a9GvRsCAEAGALOZEHAAAAAAAAAAAAAAAAAIDPAhgUAgAwIGMQIkWK9Aulavl3d/rh7UeKFClSpEiRIkWKFClSpEiRIkWKFOkT00ekhfKhLUeKFOmbpLAgBIDXh3x0AwAAAAAAAAAAAAAAAAAAAG4CbBYB4KXR9nUP4IMP/ofzp7s5H94e8MEHH3zwwQcffPDBBx988MEHH3zwwQcf/DN8WX36gu0EH/wflN9CjV+1+VwY4IMP/kfw8/X5Gu0BH3zwwQcffPDBBx988MEHH3zwwQcffPDBv5UPOSf44L8oP2MQChFo0KBfgBai/tFtAA0aNGjQoEGDBg0aNGjQoEGDBg0aNOhn0ZB5ggb9cjRiEALA60A+ugEAAAAAAAAAAAAAAAAAAABvCj6RBwCAN8cUgxA0aNAfQi9jDYIGDRo0aNCgQYMGDRo0aNCgQYMGDRr0F6MhCwUN+iVoWBACwMdCTuQBAAAAAAAAAAAAAAAAAAD4eoA1IQB8GL4RCREjRYr03VN6gTbcnsoLtAEpUqRIkSJFihQpUqRIkSJFihQpUqTblF+gDbelKiNtL9ASpEh/uBQWhADw/viEVoOfsMkAAAAAAAAAAAAAAAAA8IPiUxrmfcpGA8DnRdsX/IMPPvhP5y/9a39gew75QiSSTf7w9oAPPvjggw8++OCDDz744IMPPvjggw8++Gf4EelPXqM9p/hLQeQLthN88L8Iv4VavmrnuTDABx/8h/nC5fX2ke3xhnB+RVB6xf/4cQMffPDBBx988MEHH3zwwQcffPDBBx988B/jn5cHyiu0PzWFLzqe4IP/VfhhQagXCUCDBv043YmEqAuJ0x/aHrMCFP3jBcYHNGjQoEGDBg0aNGjQoEGDBg0aNGjQL0m/kCyxyld7cXT2MmMFGvQnpxGDEACeAvnoBox4seYc4PO0FAAAAAAAAAAAAAAAAACeCT6R51Xwcm19uQYBwKfDFIMQNGjQt9Jb79gfREe8QHl++UIkJMXfwNPo9xsf0KBBgwYNGjRo0KBBgwYNGjRo0KBfif5MMre3lD3eRffy5yu0BzToz0fDghAA7oacyPNZq/2gvgEAAAAAAAAAAAAAAAAA8GS8k7Xdhxn1wZoQAO5BxiBEihTpLam8X12Svr9Jnl9+uWGU6QuMMFKkSJEiRYoUKVKkSJEiRYoUKVKkSJ+QbqV/8hZ1ySjJfL8+9g8fYaRIP2MKC0IAuAPySSt5l3Y/jk/STAAAAAAAAAAAAAAAAAC4AZ/A0O1NmvjVDRgB4JOi7cviwQcf/CV/+dHzyt/GNHys/OJ8/FntFPfxvf3vKfzXnHfwwQcffPDBBx988MEHH3zwwQcffPDBf4T/dvI0cSu6R9tZYxk+3N9N1x8s5wpf3rh88MH/avwWevWqXufCAB988E/QD5cvxEIkz2mnFUYDHmincPm28ZLzAj744IMPPvjggw8++OCDDz744IMPPvg/OF9GOd6j5Y+awme0Mxr4VuMgLzkv4IP/ovyMQShEoEGDPqTl+WWWyIIPlhnew/sT2iZEXShvJL3G+IMGDRo0aNCgQYMGDRo0aNCgQYMGDfokXeV7/cEynyp7JBKXiz6/7/1lxh806FenEYMQAE5CXrCw57Xpqb0DAAAAAAAAAAAAAAAAAOClwSfyvFcpzyzoTYoDgC+JKQYhaNCgl7TcmH+HTrP8+8sZ/YDfV87SX/kD/QINGjRo0KBBgwYNGjRo0KBBgwYNGvRnoqtssJePbivnGbJKJYv7tif0UW7MDxr0j0jDghAAjiEn8rx4AU8qAwAAAAAAAAAAAAAAAACAHwWPGuE9wYjvNYoAgK+KjEGIFCnSMZXwWH1nWvxo35pWv973trymrzCeSJEiRYoUKVKkSJEiRYoUKVKkSJEi/SzpozLGxyScRI/JV8devMJ4IkX6ciksCAFgC/mQMh6o9RkNBgAAAAAAAAAAAAAAAAAAOIs7jfPueezFAiYCwNdA21ctgA/+D8gPR9cPlDNE9Luef4wBeL7erX/wG9sJPvjggw8++OCDDz744IMPPvjggw8++OCDfyf/TvnkKA49V+/igTvav6r2hcYTfPDfm3/5yU9/R6mqPefCAB/8H4MvN+bf4csN+eXm8uX1xu1N+dv+ggYNGjRo0KBBgwYNGjRo0KBBgwb9uWjmwtjk+Xr8s/0VJ24on3f4N7eTX2/cwAf/vfkZg9AV8aBB/2i0EPUnlCNEcip/J/O+fbr8uInz4WP1RnQvfew/QH9BgwYNGjRo0KBBgwYNGjRo0KBB/zj0jyb7ij6eyi8uLz2V/7QM9hr9JJkwaNCfmUYMQuBHhrxzSTfW97zmvSE+RSMBAAAAAAAAAAAAAAAA4EuCT+T5cNzQyLNZn9nvTzGGAPB8TDEIQYP+QehlrMG7aCvpSn6huAVzsm3yoeMz0dWf+ER/eNtAgwYNGjRo0KBBgwYNGjRo0KBBg/5h6a28booL+ArtvEGWeFaOKjXXU8bwRcYKNOj3o2FBCPxokBN5nlnYLfU9tW134hXaAAAAAAAAAAAAAAAAAADAW+AVrOWeaiX45A69wvgAwDvhG5F4QFCkSL92Ss8sTU7llFOl9Q8ak4+q9zCVF2gDUqRIkSJFihQpUqRIkSJFihQpUqRvkfKHt2EpI6UPasOVeoWYr5amclp+btvaS6wWpEjfOIUFIfAj4NlWcU8zHHxnc733qg5WiAAAAAAAAAAAAAAAAADwXLyfbds7W9Fdr+4jTAlhTQh8fbR9WT744H8B/tJ/9APli+x8Mni8lhV/RN/56OnjMEU0fF75U7RE++/6+IAPPvjggw8++OCDDz744IMPPvjggw8++Dfzq/xt+u/J9c5FP7v8vRp3868+3hmf54/D4+WAD/6L8luowas2nAsDfPA/LV+eXL5cyT9tslU5QiRuF/924yClrsf6q40VpanQrzC/4IMPPvjggw8++OCDDz744IMPPvjggw/+m8rxomg6l/9u/nV5Zujrjsp5vtxSbswPPvifhh8WhCJEoEF/IVqeWaYQyVEecc5he/ob91etEvttz4pI3jwa6ZeYR9CgQYMGDRo0aNCgQYMGDRo0aNCgQT9Ab+V+6QnspjJV9vg+cs7dPELSz/T3mW170/6CBv1hNGIQAl8S8m6FnajpqY15sOS3a8v9eMU2AQAAAAAAAAAAAAAAAMDbg0/keV/c06K368WVkh/7+Fa83mQBwGOYYhCCBv0FaLkx/z698FsthRI5eNYe7s/rVxC9dPNa/skv+RuOuYxtO0+/RXtAgwYNGjRo0KBBgwYNGjRo0KBBg359+j552mnZ4B30EOPw5LNvJ+uL/q7z+EAc9uVp7XmzMQcN+oNoWBACXwxyIs8TSrr/wztxS5lvUf9nLBcAAAAAAAAAAAAAAAAAXhVvaY/2NmXfVupbtGG3zHc0JYQdIfB1kDEIkSL9/Kk8p5y8HbNIxXK8cRuytO2doP02H7b8rnr7+TZELMZb0xdYOUiRIkWKFClSpEiRIkWKFClSpEiRvmt6nyTtUDIZ6Vay15/Q5tskkM+rdyhz/emVkXma1PSoDUiRfroUFoTAl4G8QxmHnz+jATcV9ZwKbyjliT0EAAAAAAAAAAAAAAAAAODpuNHA7Rn2cGfLeKLt3b2mhE9rBewIga+Ati/zBx/8T8SXHf4t5cgO3/+W3XIm/9o31juXs/fR2BS5o/z68FDKMn+5lzRkvbde8MEHH3zwwQcffPDBBx988MEHH3zwwQf/bfkb8d9x/q2o8PZ6V9LDVf5tnMJz5a+Z63JkDJy4KOd6O8/wl727oxzwwf9Ifgtdd1V5c2GAD/7L8+XRcoRYjvLLUTnyjPbL9XLkejv3+Vr+3ulARFy/Auh/LzO/4IMPPvjggw8++OCDDz744IMPPvjggw/+nfyt3G+TMViZ8Z56vYJr+WdZ5b39lb38cqadj47z4+0HH/wP5l9+8tO/7HsJKdLPmNKjJciVPLL7aX+49hMlyIMl75a/368XSQkpUqRIkSJFihQpUqRIkSJFihQp0i+RvoK0bTflNX/qBd1TPp+RAd5V8rUSZLdfJeWXGH+kSD8qRQxC4FNDTuR5qID9zx+u+oG6737g8UbfgifV9r6NBgAAAAAAAAAAAAAAAIDnYGGk98EFPammG9tzPfvjHVyX8B41v+PsAMBzMcUgBA36E9FyY/6RtgKO8siav/THfRM9+cge88iptm3aI8s8UxzB541/L5Xu0FL68gj9KusNNGjQoEGDBg0aNGjQoEGDBg0aNOhb6KfJx07I4p7U5ipLlN38vdR4yzjs5jmUl56i1+2R3fxj2+6vl24YB9CgX4yGBSHwSSEn8tz/9P7nj9X7tILXuR9s3Nm63qYaAAAAAAAAAAAAAAAAAADux8KS7fnGbfsl3lLXUd4H2/xRpoSwIwQ+H8KCECnST5TKQyXI0adiH28/3d6LubXNff2p3VI5U05fluP3eh4f2yjfU+mU95U8fcOZRYoUKVKkSJEiRYoUKVKkSJEiRYoU6V3pVo4nspD4PVZLeCzbfHpL+UcS0X056ql03YZ9qW8ZvYdG5pE2I0X6MSksCIFPB3m7R/c/f6DSg8fPlrrI92CDFmU8o8Q3xidoIgAAAAAAAAAAAAAAAPDD4+WNyeYGvpH13IMBDT+jKeHLTz0AFLR9mTv44L8gX3b4J8pZfyLxz4667MB/95l6+/ojudKeTe1DO2U3/zG/3OIZHJqP7rivl3OSXyuY/KHfx3+ddQg++OCDDz744IMPPvjggw8++OCDDz74e/zH5WAT/9nt3MY7HOq9ufxVQ5eNX5UjUcbyg7v7u5br7suBtxnvqPdEf8EH/2X4LXTaVbXNhQE++C/Dl/vLkaP8sluOPNB+4VLwkF+ulqPP5qYVYjlq5wE/3+4sWfAz5qUUlzSN9CPlgw8++OCDDz744IMPPvjggw8++OCDDz74tC9/C/7D9UqIICe5323lFJlm8FPPd1TOrvyWyrN3jOe6Xjku57r89oAPuSj4n4afMQiFCDTor0nLbp7wPb16Vu6tt+8+K96c08/KPW1Ir+JSfI4/MIZ9KJPSD/hLzC9o0KBBgwYNGjRo0KBBgwYNGjRo0D80vZXd3S3bdFliWhbeIw9cyV27Gy0e1rsu89qzR3Rf8oWkHzwrHz6noEG/OY0YhMBngTz9ucMS76vuzsqWOW5sgSzJ2/HQwwAAAAAAAAAAAAAAAAAAvDD4RJ4zj95QzirrtcePPr+vC7tPPb+qx54EgHfDN6LqthA06K9Fy24eOXpWbq+rH+WRG56Vu+uV+8ZKbsz/3rS8QBtAgwYNGjRo0KBBgwYNGjRo0KBBg76V5hdow4amkc83PBuyVp5sDK48G/I9Tr5ceVY4n57zXHt2TXeitswjxLz3rDFeZO5Ag372GQULQuAz4C6ztnvM+d7ZcPARq0GZ/r35wTfDiQqe1AaYOwIAAAAAAAAAAAAAAAAfCz6R5xkFPa2eJ1bCC+r2Cg6fPfrwviFZP/X8et5nxgDgAWQMQqRIv1Qqu5/K7lP99rrk6Kn9NvizQ6vkhhqFPLLg6db2K629PZXiT7ykUuoaU+kkmlK2/5H07dYPUqRIkSJFihQpUqRIkSJFihQpUqRn0mdJusSlZzuyNaG+ksU9t0cZv/C2vp+WPa7afPjUkQzwPmnnundHIwk5JNIvmsKCEHh9yBMf2i/rjlruLkx2/7j6yM3NvGv0TpWy4T2nKgAAAAAAAAAAAAAAAAAA9rGwTJtZzzNee0Obwk2O9zQlvNGOEEaEwFdE2xfqgw/+p+UvPpRDLdf2k6v1ypov0yd7Jcsi725+vQ+0268V+rr4a/2S+T8JW8WR17dZz5QPPvjggw8++OCDDz744IMPPvjggw8++OA/xN/K5VReN/492hrSRlZ4st6dp/fyZ8a+84gs8m7/2uY/krvu0fvtzD/3Ct0brddbD+CDfy+/lYipCS4M8MH/UP4evV+OrPmyW6bc2E6hDMg71ivH5VQ12l57Nvk1q5wZN/G2yWH7B0hpj9izXk7RDHL5JvCS6wR88MEHH3zwwQcffPDBBx988MEHH3zwf2z+Vo4nEQXJ5H6S7jJ5qzE4LL+Wcy1/ZryeX+qHV/PvyidDhHp+3NZyVNnLf49c9LqcFnzwP5B/+clP/zIR+7JHivSTp7Lmyzo/3V5Lv6ne8hQdtmSV/0qZUy/O9kX2npU7RuPBlJAiRYoUKVKkSJEiRYoUKVKkSJEi/eHTd5ej8uO13/Js6iKv5OSh/MP8vNeq67VcTWVoyZl6D9IntAcp0jdKEYMQeGXIiTzX8+58ckvhB49cKUYW1NXMp5p2W/tlS94xADfVAwAAAAAAAAAAAAAAAADAk8En8txd5MLM6NYiztdyrqzDzOsP7xiixSNHpdxWwxtMGQA8A1MMQtCgPye9VsPJjjas+qs+X5cs+Pv1ei1SWAfle045LlOJfr794WfcqyixA+8fcykxDif6NdYDaNCgQYMGDRo0aNCgQYMGDRo0aNBfk96Ty/X7y4xIQ16mF3q+nBNtyCqkPLXIL4v+7pe54O/nP2r/zJeD/Ot6QYP+ZDQsCIGXhZzIcyXvfhG3FL6X/6gMOZUrPj/VnBvaLDv/3oWHHgYAAAAAAAAAAAAAAAAA4IPwgO3aaPB3Y0HnDQrP2+nt53yOHeGNpcCIEPj8QAxCpJ8/vS3u4H4cwZvyy15+OteGUvLp+IVXUxnacD6K4bb9tO3LG6R3QZb3epAiRYoUKVKkSJEiRYoUKVKkSJEi/ej0TjXQm8rfpvT2cnh4lm+r92ocwSt5eC5zJyfvyR5vlVUet2Hb/pPlIxIh0ldMYUEIvCbkRJ6jjPvPny75IP9uGXI9S/38SqazTZWdf0/j5gfuKerGSp7YJgAAAAAAAAAAAAAAAAD4QNysN3xe+Lu7qznMfqtN4Zk4gg+bEr66HSGMCIGXQ9uXw4MP/svzFx/KoU5v+8lxvav86yeG8HtCK7LmlINy5tL22jnHF9wGPdwtP6pY+vu+Uu/4bHQn/lvxRDbPZPuX/FvaAz744IMPPvjggw8++OCDDz744IMPPvivyz+Wgy2YKk9z2dr4WV9y72rn8tn9/JlXduIU7tW7Fxewfth3qpbNM7JbzoK/X++av84ve/llh79bPvjgvxC/LRX0TGvFPfjgvwtfHilHdvPLje1Z5Ze9/AkZ+FN+8SYelHPUzsghRKxViZAUc/wr/bKnb5wX4fKNhccvLxnDmKwh02HzMusKfPDBBx988MEHH3zwwQcffPDBBx988D8ff7zmz6GkC0Why+tkkOPdVm88eyK/V8ehLaQBO/Uelm8Cy1255Sh33SlnLXeVG8d/nV9uG88tX27MDz74b87/5gs7opeBBv1JaFnwZTd/v70umvmyl99eEFPEwUWeVZsvTf7tv/h3/7l/6m/zz/+fX/zjf/j9lz/X+zIiQvakEBGzPdc7jchNzcxEpA9OTOWLyDbPxOlkeZh5elaEmLPA+Kj80fwbQcvvBq691CJaywI25Yvnaa1dLpdGRL13bbYwlQyX1jgejNKCrvxaUWVMz8Y4tNa2XWPm0MJqe5jzgoVPliqAu04bj8gR7n2skXK6iYSpNSZmvyzWWYbmTdO/N91Dng2vPjWVEFMQyyAGinO0SERYKJaDF8Ktce/2lxaiOXQefeiGuYu6eu86ysxMLNvOak+ikOXa9tH2+2U5tDlIuniIeHwnHo3SwfCukLu0PmIFMm2LqQ0mYj5s2FGbY5CGAvwbgNVvhPhCbaVBXfQ0Y+HdjtQGExFRi8UsnZjpV9qviEjv30U6UWfrkGzXgJdwsXYKd1v+pFu+9Ky0gfs4O8P86k0GJa6MI0uUGoXHmhfpItNuFe2FZ+a6QepQ+MYYjogYgm+Xy6W1OFcXBz41e+Nw91aRvQjqXJYDXLcYCTNza5fWLmPDtD22MurR5/PZ6yC01qLMWCdlz9Fmc0nZccLcmNtYS5+GYpqJyK9rmFncRH5n6uaRH95lzGyjaucx2WkkdriQN7rLOBrMpLX37z7d3r7WmFmmOR0PJWX03pevWrELwL00MlvOPC5jinUo1jDajv/mdNdvQm61v31fh1V/87cSs7R2aeVNzMxd5Lv0zYuAmIT9Sw/lRrDSozOtNX8T5vlTfunXVtkVp2mza03L9/vBMqgvhQtfuLyjxSeadSn4u7i8jKyQ1powC/Xev1PjaPC08fv3riPQLuV0E2E7Vdr37z37XN9W1OuCobzuJV5440b6Uvz+/ZeaubVLs0PDWjJ88ShLKA4W4UsdljKAi/X5X/w3/+N2eAEAAAAAAADgLfDL7/Kzf/iLv/m3/8nv/Y1/9Nf+9/9P+iizVdkp60+DtpTZCjGnvHeVRywe4WPyZ8XM7yUeYfJFhB+pCzToD6O/+a90pEhfJJW7n5VnlkkzR67k3K/dsSrht//S3/ln/snv/dEf/sEf/6PvJN89sG3UPku9iVK1UAX0/m48kKbSsXYjhE1VoJZtNwnUYfG1qfFgUU6FfFlf4yETnxrnUjOZhLZMBy4L5gZvervoe2VtP54Hs/zFrOLCWclhEjpqLsrP0ajqgYMu6BO9d25FicQ0SBLHcVv2aMjAh1L2zVPjn9vquAimuSqMQ5g+FahJ73053ZOIX4RceJvrKMu5ssKH/FdH+yomkfQkzT9sQCrIV2pOFdw/0rTn4LS+kxb6ch52uuvD7Cz83r+HB2RbJUxViXutLqKVOqDstV2FwR52Ky3LbFJdr0oYVvikWTyoKw/YnZWvGXJUZXo8G7CtQmlVHqiCsCoJ4juf5r16ekRjijqEysRtNIulE0TC3KjcMhm1JlSPTdOFj9ucKBrMTq+xt82rOpP8xFp2dkf5pIsv8tTB56oSFlc/D4pSu51QlUnbQeahhcOn4gdvKCBj1q4teRlHjFOjuNWf6bWAMsvT7tZP86F4HVj72XXruWLzghSTKtXGl+DwJ8e7YTM4OQ0+NXsdLl8Nsv1scoL521Rq6djvATO3+Fj0zgHbHJNqgrmZvj4WgH1DYiJyJZ7JL0oN5EuolaqzfSKsrhjyGsG4Utgq88tB3KbV4i9edqGHFVz3oFil8zLLr8Q3vQAAAAAAAAAA4Hn4duE/8xt/4s/8xp/46W/90//Zv/dn/6f/9ff/59/9/Vmaaj8hdiW68VttN0/+CEl52hPkw3Ptd6TrMpEi/aj0W9kbBBr0p6Fl5stufjlbZtIy82Uvf+bYLzO1eJX/m3+6/0c/+b0/+tnf/IVaqJgASdxAwTKr0JhW4IXiZ9Ipkhdi/RLZZqgFsl1L90bH/fqTYn1KcWTpe4iy8mlZNT5rUXlrT2NJtkv8o8qSzcZkIYfda/Yko9+KcfeKmnQ6JtYT2o5na7vDtDVYXNZEfg9q1aNx3IZsC4E9TevuCublsbXM0Dp6F1qUWpUHVTvY1RRy1dXYnjQSZJJYccF0UQbsDN1uJ5eLbaxx+2ztCHnHZ0XpNSzz2L7wHZ5Z4/7O2ek6rPpoq2+6rdt0c5TRlDwTgAAAIABJREFU8ribKhqzkU5Wl84+idz8XFX9RrWTYpZZ779zlk+VWItZymfbOwRlw/LMWs18WV3Fnoj9Py9I8jyIYjlz1wnkfH1EFi2hqsVLe0c9x9D48rSdP/NpX8/ZPiggfTRFhEJVOa6/caxq/9tg0cpjg7f85hZUg85PhHaOvdUSmjlriEXzZf8zWxJqtmJSPNfim8S1K3GgC5VXR0yftr6NXxVcw+Taw+uNZ2JqxNJoaSc8/l61uz/WlbAwG5bvsAO0UHH1Vai0TeluC5QzJ/OgRo6Xpj4iRGx9NGM45wg37Wxnu65bF2cbxsCVheVU1bo3k5IcX/vGlFpAGUn24tLQk+0QKjNpu1JyeqMiLidxeDug+A4Wr/PpNgyRm6IL9WjXRiHaklWPPbfjLF+QeHy1sTeqc7vE1i4nUlFUsuuq81VXJzlUiVJPkmhp/ZIKAAAAAAAAAO+PX/vVb//5v/9n/9U//6f+2//h7/zBH/5yIfv1m3BbuatQeBndyVMzGnr8jjstK45v0ANf8sd//OKm0fADNOjPQX8r3KWABjTo96S3ItsH6T055i35t46vs6lB7eeRLZ9+80/3//jP/28///t/1z7geImwWfFRip4nier0p6sPq11LFb9PZk/XTW4i22TgEq7Gjk0YXEBXJJnZkqykuMYaRMaj/8na5dlRpz8+K7SqUnBPr3nAOXJoVt7+ahCT8uSN3nExNJItPMjJrAJ5tuG0OlI9VgZRR7euVaJpRNYtWevYBoWB15xdE1Ine6m45TpfORRh0jFKJGvHpTCrWVJpWN13Iq7x2h29Y61anc2qHa5Z6ghNm2g7gAdVeVEHDQrd+SDxDiP/w35cbYDl2xilDG0Sb4NzWojGd5/Yqco+HlQXItLZHcyaO1+PM7AtoejZR413yW22PUVCnouo9HpQBUvhBxGWS7zuke9qDe5qJ5rZRJHrik0/WIown5hug1invyoGol0bvei0AV3fMrujTYWJpPPP1ppr06N4He2iYXSyquV5z8kus3RxvQ77uPmJILXQ0a5JX2US9na9tjlOhqoICSuueCOUyUvXtMvJIld0TmeapGvcelxMI8mhvx2NERuZFVbYdGZ+JtbXDpfG2wrXoztHtvuNn1mPG7cfyjeOaEAZGX8fUK6pUHzKeNQIidvD2bIV5ot2wb8edOHoiNdZd0YZIP3blVT2o9pdkLAwu3ZQHQK4si986sxhkTmo4I0v7/ptRyqpDZu+TpRJ1AZKVQ6b+1A3pxVvQNFY1+GPt2jzo8HlCK4ojdmfzkPmZsPWPSBzeZeRELU2NDbfjJyXX9gNDXOdxDdCIrr4UJO/j81gmBvFRYMsmfJ+W85hfJ0oo11Nd+dhBQAAAAAAAIB3x2/9hT/1X/2X/+J//d/9rT/4w18Wtn+VnX+/119/VUu3yjNfw64XLm+SV9+U/yo93g19TpmgQd9JZwxCpEg/TSozR9Y5+40lr/Jv6ppyynFpsv70P/yL/8fPf/b3QoIjg2swfeWEmYI+MrzntjJH5vDotci/hZewq6hauT47Lkr/EPeWpcI9MWmdC+WvFruNqbOvC7li0HisHTxw1rZ1Bmj8naZW1YiGbuIxaleRM66bNLYnVKHr6raK0ltx1RJ09nZozEHRIlKE+eOz7uEtOl6Vc1yHdxqlGIHF8i7EfX1/oje1E/q5VmqcfbT65G5NKt8Px0vIAxnWOwdb3Xz9Yl34QqqyMoE4cycPmt47jRtzvkdQmjdWtD062vZ+wF5PS792zLGPH9tv3pafKtz9SwOp/r8Fc1ESnpqrXs1HzDdfaZhFL9vbRPOuXNm31VsjO+unHnFSzz//tHsEvhoKdOij6marAvXgzCzjnDaLTJcI86aL1OzhxPTmw8h4d6x2tt5Tcd7ofVPC3s7hDDnM/Eyj6w45hUSDvW0XAxP3/r3+qf+0xlmj68hMma//2PeFFrrg6Vj2d25oGL1/1DQAo3dHRLq+rHWztuFWCLtK3mvwJcbuwTI1XsykLmSlMXfPt3f9gly9pq4+10e9orXFs/U+SrkVYKdBvIBaRMCcBqhuPSFVd9ocmGGff/njvG/MRYUa14OYml0T4HoDJnzqUvFBS8WbqbawczrpLjPly6h79FMNiuzbPCJLNhv7FsPdxwyjyvfw1FryAQAAAAAAAOCd8S/9uT/5O//pn/ur//3/vZbN5k+MhUy42BGu8uRlvpquS9tPF/nFRKBX60KK9KVTxCBE+jqpfGhpq/zruIOZUw5K249Z+J/86//vH/+Dv+ViZCKTS5pnUY6SJURsWyMtK4qrBRJvrU0GhChVCxmlQskMsewgzTxUzAxFqWUMl26nbYSEQUaxDuRqfLbnhFPULEUlxzx8eCjeGj6q0uRjHc+iTKFJYO6zsGnJ5D3wmgvT2epJROMdT4tnGg4O8eog7/QHTJR8qn/ZWte0iwudq8cEGtcApwmEPVw1AeGuVoWbVSHNxdBqu6jKUt/F3rPjZEjZQdnG/VJlhz5qwPJDV9OrbJuF+iq7HiNc/ryOZwhyrxXhcb4npawfEVXZORalB0c9jtxYLx5zuzKmPLfMZrrOTIjLh+U3d2L7QWztsdnjGsjFvlI9FgMmqhaBs25uWCy5Q8dhke32r12QzLXTx/JRMWOyP5m5ix1DTDzVInkMWINceVINr9l8RjJRurK2nzTNFEY+h3bQqFmiFOXDjta11F8PLxG9/tI3Wv+xs/P1g4W2kv3huiLTrFPYLUDVIrD6hS4mWd7CqcE5S8NiK18AwqEoD1yO34N6RlsFtF3MqpejWqXuDFfV+fTFBPrxrJ2uI5ZDx7EXc8jq+hhefc01mrFN7GqI27tzBOorXzbyJ4R/oQhNYfTIjEf9m8zO5NFmA8wZW0xx3iaJL1kxezQoCH1GyjeqDD+YK1b1mTE4Zkkaql2WOgkeRjVmU8zItLj9TAVh7733LmJaV3KbznFO/LsS16UZVr3l25/HbRaR3rl0Ug1WvWONpGs261JsunGc6146jusMAAAAAAAAAO+M3/oLv/bv/pv/7CIeIZUv9xPfvuVz/XiRJ3+YTL/cF6Xtp7fmf8/SkCK9P51iEFaAD/4785fY5JeZL4v829KO27PKv9Yl2O34zQNR/iSKmeqVy4V+/Rf/5y+omgaGPNoEXF5C3JFZtsSYo7UWES80RrUBroyctDK0ZboZEB2oBg9QXNlZGSF+C0l6NNt0fxJ1MQ/xfvxav7s4u7UxoR0MsfPNupZR0VC6MCg7mZl6r1N27no+D0vabFg08YqI22hVo3m3Afa4LGmh7fLZbdGWrd7Pti7yxhCDUj/YmPVU7bKIrNfStpwt8yoG7eDRk9uO3rG8D6Y11AZtW12xd+Hh0DitFqVjDfeV5XZq3XORTpenmKiHdZTvo5gpcq1FWi+FWD+tWlyo7XyOJ8c2chmrbfu3SkoZm7ru7PGKGpRNTDHOYYO104AYh2xA3acHOsLSqu2H7K5Mt5c5yPamNA3DutEODl33qdRbFnnPwsvLycsXmAXX46I0idba0PgrY3FsaEZT0tQV4qNaQj4sECaMg7p5U763ergmQxS6Vx7y+5tDeHDjmYWyXz7x8R/9WroaSnhYbJyFlxMvPeIyX/ww3FyG0NhyTLlprF8eYSMXIxN1DzPH9grtZXhch+btjY9ko7ruNsYU3jeZhEl6/F5maqWxbC6vWbiX5aFdzKOMrCgzvfM3U96n0i8ZNSKn568H4NB4FtGQvjoX3Y9Wr8Z3h7aKy6HlnFJVjqSEu1RmViWp5RDJiz8kUYVr3FpR5AlRb+2icxzxNZlZpJvSnnprF1vPHO3xd70Z4YdLgLrZ8ysKs1qVMrP03l2V63PqcSxNxSlp2c9U78cULw/DYpDQYQMAAAAAAADAi+A/+Ld+83/5az/rfftj06/e8fSLb/ghwcncyAQyI2+5p+XYc/6F2HoZ8eUV5fDgg2/IGITTLWwBH/x35e/R79AeWfBlmd/FPLvlh0XXtl5j/zu/9bNf/tE/Lo6uNl7yasQdKvKcXXAIklyydJs6r1pyyFjxYLR2rtDS2KUeaC/6HVftUbVFq641yUWy08s2GOZBjoO/7O+Zfiwf5JGeC7IRa8zSliMZKrWJjoaJKUE5++COFKRI6qcx3FrUWXVc1v1h/hFSAyVOs3A8QttVlCWKdDEB80rxvDQelWlBH7ht3Na4aB/vLYqbceD5NtTw/ncT6kKitsJS1yvFIXB9f03v8KNB4POeNFdPM8tskEY0quuKFHvKx55z0JAJh2vH5nqDudLpT/Zdv9DqeWHBd11sjzZMQ3DV+rmq/O2JVcOGUdopUkyzMBsvLuuVtGxbrdi1VTiHlqI+E3cgJE6b8tH41ppOsM2GZXe8KDWH+LUNng7zaleaLyQiou9LpexkOB4tGTNXzayEdT2XzJLGcuU3mI68afyo7ETXJmYDOYeltNo2aK/HRayTHBAZyt9On3sQHyeimCe28oUin6rhd8uDmtVfjeoythdd0aAy1AZ1n5DmzWMfq2pnxkykuqfQhDUmEvnee1RmQ1oi7fnAdeLmc95MDeYm/+Fm3YzeFpagZRGyNTuM8oRyRflLKbV02XpSc998OzBTl+UxRn7rym45xATa8uAceyYZd2W90iS9c+OLa1kjg3eViYhbu5Dr2McFbdzeJdyoinT3jlBtl7XLTCLcuMV4WmBe9mb7shXpFgU08vXN14VY9vMlFQAAAAAAAAD4cPzar377N/7Sr//uX/8HLoGIH//+Syp8gthPlEF+G19z13JmiYuElW+/IRf5z8mZ6cb8WznzffWCD/6z+BmDsEZxAw36RWmZ+X2Rn24psy/4ssyv9/dFdsukq88S8T//q3/vF39E5HYAKZlkVp9WUVbFVnUXdPoh8xY8eB+8yMdS/jzLm49LcBOykB5Hs8PhZG1zPuceuvTv3vtCJxRSRB226L2k1U71TB4mC1XdtWpzirz3AuBVeM55usQNTCSjYcV3l9Lp4oh1LJeI+cLN1RtdXNWh/siWGtYqdFwLql26H41cd3ClEwmtZISXWzSgDJr7kvSV7VZQQhIyTZc1j5oklwZvurWu6ABrk6yibbhJgVZVpKWPhw0gIe7p6k7HTsQdw1kjsncidZFUp3OlJtloxg9acGShVUv0DcQ+XdGBsTKuMSeLdlCGaarmL24z2s2BI4c9GkmarWwPgdryWvhGR5hGRL7N7FmhaqFWXGfuzfx4E0JPob7ZSTzklzZamLXhyORBC7w4Q2Re4XOeDGB2iXCVUh9PjXoLk16LWsb5j8x7dghMGO0P589atG1SIWHp1H11tM2694VTjt/QVoiQ0KX4rB4NK/PEKkuvBrSNHeFKEG9eab+4TkyIY/bNgI2p8XAucosmlOM4xya+Jpu/0Z0oeqGP8xiHFoQuj09tuXTfRq7QGRVW+QJQH57e9Whba03iRPXP2d1d6jZiLn5K816KEAvTxdZZKrHUMbXHGIwJtCZQaLbsnspFVXptbG3+3Hb1WjjqbGWRisbj1ectRLKPZF3rcRhyvAOcxcLMF+0uk0dX1DCNHMpLO2Pr7QsRamxn2HIW/XXGwvbKHidZh0C8ZOW5RbgIsXAjahcvzU498xnaLqrLYw0fmCKIMsJEoitEFYTdVXpmr+nuAkxd29Q8MK8lSPnuN27oC5F0Eekkwo2IWulCzK/uKdVS32qrDwAAAAAAAABvi3/tX/m13/3rf7/IWmmWwZrAsYtHiK8yWP+xefzsJNdVnJRRL+rlKY99C38NWTpo0NdoxCBE+gqpfFBpq5yHcQdlt7Qq8D2qhf/4913eWeQxdW/6P3soKjQubJUuuUMsVSutFDm1yoNazmhBdpo3FFDEUlwbsC27SKt7dWpXrdmm9uWnQ2dkmBReSecX9Rod6rD4MHRylfDSBwNHfzK0xS7d3ti9uY82qcJ618BonKEWWgB3XTbN+KYjVTQbKvVpzOYer8YiujepxNw9bHbZTCUGVUTVUOeIuVxy0k2IFBZZjuL0bEd3ch3HS/eG0pb2tVfb06MBJumW8DIXB01t5KCzGHUgdasMGpX9NjzHZZzQ1nelFh46eymmgD44TCRlSYyb10y+ZE8/Oyrq5r7Mx9qoO6ai/VtZ7pla4czke8REGg+0bGRo3RZDParJtLrFMO4v0jgJ652Q8hwbkUZD7GZxwtTdgImpWOmNdzKmw3+23nR1idRwpEQLm2l/vHo1HhRuRf9WDxdVG7dJLzsu8O1tmTjpI+U4ojUgXHbBlUNVj2qGdIOP3+UML8dlp+9NdXVkVrJFPdqJRHoqiotxmneRfR5bbcfgWTXfLOKtYGrWF2Exj70+ZKWhHA48y+9qC7zRzKuomxjm2ObRLBZ9sL4g/QoUFzP3nI2MZEjhUzi2QLS+vMh4uPurZ6QQXSy4ob5hWlN3nKy+QJstm2aD5754dahyS5gFYRmYMm3ei3KlYTxN8sHuJ499A2Qm4kbd1Jji0aMl++hqwbgOEZE7dVeqlpaFqIWlLrG479BGjdl8/ApxY25m9ue+ge0LUrdYl+ljNw/bLr35hYG6OPJ95n+3U18HAQAAAAAAAOAd8S//C39ylrgm7amUn36bT+cbz9tn59/IOznfI/2oepEizfTbSiIDGvRL0jLzZZG/ny5TFnxZ5q9xB5dlyrZte+355c//kCnqX6hv4tb4KJ5OI/iiMpD6YAjQS6ibAaOGY6FFuCvQINNGkxS6wFC2rVSV2wYUVRHNga+mHOJismz5XEPt2Lrtqw9Sn1WFyEtnetG1lVXfoOKM0ViqW0ZTMRHzyqbi4Mn4YSeY2dR6yaXK21VS1mfYONrTq4HJZbNbN/uHg4LSZ1lm0XPVIIzDYjZnVAN9+X0WH8ztkqOpUG9SVY8WATnvrogsKkdF5g9m3Xyqq8ZC2SsrZmayMBO6Jpidtm0tfovq6VHcXLN8mg3zQlyB6Z4b43AcnUbaBIbZzVCaC9BF8uRh/dBE95nLDdP2zIhp1cX52DfvHxENMca6jKjrOfLveTLzSJ8qqkfvJnRAMY8LC1ET33unc1OHVfg4VD44U8d56nVVujmz50uKi07djc/NppPFI9XJWGLzMyd1TmVPRkNVo9SlTCb7bErOfeVLpuUgCts11x+ppV0XEVd7xAESyicfqEGHbtckbIXG6WzVTUEeONczCw+2VrE444l8NE1+y9QvXhL5GBFzWfRc9mhMn7gr0dHiVMQMB+3JYm/qDZBQ/phTUFUjmWNQ8Q6Fca4bmg5n8nB5Vpi4Rx96mPS5lsirVxUWpa9rmQsOBWF60q3rPK5+zC8NHeEYwsZpNNjN3Y9NgbiB4EUXE6uJINs6DL+mvvuEXOmmDfaZIXd0mpvMzhChDHU8Km8tmqAuhZ4KVlYtpTC3IaxfHR+fECYi6mLmg53NptxbqQagahxIQtSEWVgaNYtfa/1TNS37qLlFIvXObbC39i3WbGm1ThbB0TZy2bVxZ4mZL+MEAwAAAAAAAMDH4zd+/VecLHJXmoUD/m8vLoSKvKtEoVg8G2YgkyghH9nUddieYh9R2/YCsnTQoE/Q3wqXQIP+CHoWuL8LLQu+LPPnS2O3/XJDv9QIS3o3R3vuIUsdMOonLrwpj5pRTjTedUA7mrnKpJU25cBf4saLY7HYGdxIpl0buULMlYJSg8x5G7aWGjxXQEzVqmHRYG6NPdDW2HFz0DXXQS4McxlZXKSXMYsJJusN+zLIKdScFFFb60aRENMOg1/1pjV7LAw3IKTGTbp+tLae3PO0yUX4V2WeW4OtYWGE3HBU4EWDi63YuFR8fLyRHCYTo15KpnGbrPG2K7YOrA6MCK28PtK2EFHvcpJrr+hJIrjVspihuOXGWTwZ9VZtBnFuENvcYXuXozH+me2fJnylmV1r82OvuUdQ3aecKzm1WT4gunPJrzmojYseUN6/YhNqD85BQJkl5Pm6bExl30bfk7pWLqUDgyvUDC/H8Yj9q8MS5r3m4FfjnIXbPluowkyXdpGyvjv7hqqDWo8RjkmJ+rloSIaJYIkIZ0y5+M3sStiCy0onVzqFnZlpPtxP42xjPcxuaGCCb62qul91oqhx4MTHSh1v8nj2UIk9RnlOWKy+MqFsBlhu5OSTE6qr4UXjdmNxxDNTa3ldRUiVja1R40aNqbv3Tqk2T+yvxxoXsHirNotDV5dJFzWv0vz6Z6zrKJlFmttcmYPN5nNfzqaCevZGs8Y3JpvdoqlZLeZo3C5RtHYh4V9+/86ttab6bLXoambh5W/JyZjSHEuTiHxvrelLQXrnsh57XUhuMWrz485OtWtComFQfbXEpYVO3DxeKbO04vWa2domkqssV2u69tTNEner4vhpua6nM9PVXOYu020wuev2UU+nLczuG1EzhZ7uOt16QqQtlJhqM2CMQNBMxM0aJOOXColDObeH719b21LUoMV7rC0eW4J+eIafVoo4kN587Yqehc0NI8WOVZ2zZgfGhRv1MG1sl0s9J20O1IusbofmMRarY1ndjB4FV7+JNT8Wpm+DUmbn+OoRAAAAAAAAALwrvl2qkLAi9BmjLHe2I7RnZfP8kEcmwWv8qpl+xbyPjHrRftCg343OGIRIkb50KjNHFjnpdJmbnJvyidYRCudy5Fz5njIxUSMW4k7cWIQaR0nme89EVM21TaNCzKXaRVR+RbSzFT3v6z+o5gxB6kojJVXkdFCUC0931VrVOaGJ0WT+tNhdMe1Is1adGsRrW0O4KXie/tl7r6rWTYC9ySprV2U1EduBqnmKwSW7SpLqfIWCZBrG7YSOASCr5i+tFJdtLiYRN3RwyhLamt3Cl7qQ+KiEhh4zS2kWD8ELd9p5t8gzFMqb8hdF7i1pEwB7OT5BvWZLfcYzml2LlZ11XnV42+o0T++imvhlybXBRSlLw5ahueNKhjKOiFw7MtXihjc0T241NvW5WJ9+6nOx82QURKnCyfPTGiAs44YtVrxhISVu/DQMBU8LJs1tNXYYxekX4dnawn46VGuuUhuvTcRAtDReDH2YELcLSQx8DD9bUDoZNBhryy7nWF+EWovYhyU6KDN1i5/K1HKBN2YfmaZWg+wqEJ1L9jEKOyYhc7foHh/1YVdYqXVU18sBMdc8Wg/6wFLx+0pE3HNKVKnI3PItLO69kkT84iirfsV653uF0vZMbRHDbJO4tVa21bxz9azu3Frj1tqlETFduirE9JRnG+lwOclkbkrtksWlNQub6EEywuStd+niStly5sq4J2yYN4cqsYgvTyZiVduS68645VWK/E2dX2/ScM36oHyP/mg+PItiOhXClN9wiOgSXwyILGqgTXPvHpUwrRiZL6aQ41jUYkOtg9Ts65pZ+unXN/YIi7HB4zrOtAvyRd+JWoQ7DtVvuS7QzEBR6y9vJ/WPqsbDMVxsmTg2oRNt2AoShol6/jIxc6+hOd24k1ncslEGjSo1YWmSXyM51Pe6jvIUFovcmac1AAAAAAAAALwO9iS6ai+4kejyiu8OUspX3rG0+Kl1j6R6rrHU9ZTykSJ9vxQxCJF+bCqncq7jAt5bmuFq+VbaUdzBW/guHFJxXrM79C5cGp8aVCnF+eSoSuFF/iL4pjEzb/LMqqYtNlH35k93KhrsVKp52V4tRGTCaI6+hbHKtpFDUT7E6eZrp5r4ZzZ/0rHdGQ12x30hUJsmetYnbU2CIsPWlq7+GQYoIm6h4AtUfEjqpKSqeDPrOzqm1KuNOr1hRKoiehqITXHF5GvoGm/mYGNjUpf9ZlQ1b8iUiSm0FFq67Fr8yjjBy0wHnChmmKi0M5MFM0ZjKMBW1MCc5mVcIcMnZwS2HLVWcz87a7hkYxrXpbvTSNM3m6HiEzitrKo9ElE5c7Rgc5OYMeT4qP2hhZrjELpqMTxSTp9G4ELdFNnyuvt8gPVTKZL7GCshMi+Lwxm12jKiiiRX7DGHZU6orGJgij5KB8nUCiJRdTPbntDkDQd/mR3yuyk2omUqzejKlVjesxIpUOz9UjpXPGvWc3ipic7dT+ymrOkk2FoXMy21qPrmtD9aCXDW8/0ctnkcXXBjSb/OoJo/tQUWUheNzfJQGHVx4zDI+86hEiJmVRHqQapKNo6jnty0tvmKaHnostfAaqMmsXrSdbekpp2GnZfbTrQo02FeLKAcsxru6V2B1lqYu/mhZ6vDlJ2t5e5k1yW609HoL8euZ6FRrx8f5Ury+0hEbq5nX0d0nau1XaPchDltuS/DlpOIqFtAxLwsFdopti3N49s/DHTLIrTV2dh9ePZyuScbEKb/PJQq5SDwI8gdem6P+XJLgus3K473k1kqErHrGslMJfOFqVe77MD0neA7XKn67cC1qJvWhP7Omi9xhHOzUKJSO+hK4uZNLQe8OWCN08XGSITDhdLodzj9JAMAAAAAAADAK8F/wi3lsXuy3zV/IwQc8+SP7qvl35Uuyl+mq7YhRfpe6RSDsAJ88F+XLwu+nCtHZv5WXrPItlOO7PA3+YuE3Z3LDU709M9Ri5ZdGfVhG7HuqH9admcGF3O6penVseJwacQWH+p/MojdDnw2ZjFkU+sBkEp1taLJ/qaYt9DBzGUNLAuR4W5Pq3/Fw3Ljj4WLyHAvWdV7tJxNlYXbhf/UuBBtV3yVuA7VHU8fT3ZstWCRtYJmubW2wxjuXjeq0FSDallj42UcCTZ/sTW0ZGmVe29ctVE1oKnyvyr4XK+EGk7PGUX9aV3arnzrau+/LPEXS/OGJtVGFlk4p7bpGGkmOm+JwYFuWGiZRNxidMlGjcuhAysafaFqTjeatYVtDYXjQle57NtBTv0dRqeMOE/PaCVhY113RbXUNOF/FOgateEYMS1KSOQpY4YFukSUNwmFBrvah2NTuwFQ/oJQ0x+LJZoTRF5nNW3iGjuvHEzSIudm9OKfVHqV3cGuEqBUHErUGaZyYs4TuR6HItJt6rn7iyskirgYAAAgAElEQVTM9ygVVDH9gzaIwtYy3nSqwRNz++vKj6ZGlOx734OtSfRGG2vWc16rO71UM0YP9GYWhJJqp0bcXZtsDi19VZoVl7iDTWt7G46k8BurgfHIhy7Xts9p0VD1MsHFRaziEtHwwuOuiOqM462/+VLD6qE3vkGkEb3t6c1xTFJb5IvNfavawRAOoyVDEI7fParzWy6Hc+joddzFfWUyiapgZdSUuYIw4kFOJ5+NtHhg02ZWo8zUxfRvm1dIOYC08RJbIe6c1A1GXKopRXmXVBkfi8yuRYj01AeHKrEe+Oyum3kOgJzfKcO5aL64Ujcq0dTI6y4rogu+ClVZ2X1RqIaQG3Pvfbxqwem1edA7xv2mslbCIPLo+hYAAAAAAAAAfBRkEHrQJJTa0Cl8XeaZSuYV47D8nRbS/HMgm3K9XvDBfxl+xiCcpAoCPvhvzpdT+eVM+XKuXpn5spd/gbkc2eFv8oeIffiMLZQRm7OxkCGlpDJv43uIrxokLxtW9E97W/3AH+MZl4YbA0QpfroyT4125nHj9qzZduvpYTu48h+4p2XcKGO2GaoO8krmqS5N2i2NqYN2y2ibdNxEpu5Lfbj0f6Lhg9/I6MVqZTPzsbVaOICtlnNuw8AmhRzzbF3OTm4te5/Ve7NC0eTlshyxffXnkZjz6gpZl8hryfJxY8pYTZXGktBxb76PiuSdTMN0U/Nms1SalcRVuj5p62sjw9ttHclqaLgcE9ro3EOrUG/fiQfgIpOjS0qo3XDrSgcHm638vi4ULvbiUO2pG2NKcX+evJrHv7+zZbf/N7fTij1YGuy9U+fLrhIwFVkz1RtJlzAJY+YmHgktCpCcFK66AiprqOoSXB1p3Qq9JbGwtIzI6MoMjqsnZlXVKPSWaS+q5mLibjfZtE/NjnLKHz7MZdjtVcW+bNyhau/dB7RxsTL2RaUq1sv4RhxCUXq/mypvvKdNW83dTkOmptZdprTr2gd1mKk2lO7rNJdljanXUsPJYoai3Jmatlznz1doi0O0HlNdytqON37oNF0n7zrUnnPadEmyRYr0TcJlZacOULtHZfUt3/LRPAkOuetP9u9JHrIxAwX6QrJ7BC1dWnLjWFHTgdDI/FVOlwnYfxGThyIU8a88W6trduVlmG3qZqXxu04d4xwSnZBWhqy8rknU4Q+7ajNcbVLEs7SzV2JQbUUJf2cz9awKytgJcRaZ9V2vAz41ephbO000xCHVzpJQp+8xeHZzoDW9b0LNjVuLj2huFMt2PA9Nc0l20YEHo/3QP4bW1zTf0BACAAAAAAAArwT3nSP5k2MrB+aBL+FMg7f5/ZegrOXGkr+/dsvflTNz5dM2v/Xlqpx8atsryO3B/1H4GYOwRlkDDfrtaTqVXxb8vshP97RBrrTNr/Rv6pJlmes2CDFRj7pEQlYjbmbij5vQ5iKUcQeLD7eQGRaxeLxtiPfsxo5tAQuqBmhh5VbLj3hglTPow0INoI7q0rPlymauKCeKfI/IxKc77ZUiWa0Kj6s6IKkTvWjDUrFXM9agiQfqK42itK1imXmsI4StISVm5rBGYDerqcUPTayeRyXt6iIHxejm8K0aUzjuXO02je/9EBcrp6xz+HBYeKUH0wS18bGFh9glBjnsmB5qGUONdaFpuMMGy0NmqfCX1JBotH4p+/1wcBYbczE/oTHyP5s30iJ31cW/VwXlbpu+SMyd9wfdBm7+3sGmZaEm3EM1Ma3l0FCaxisaX7QP0WFyVbJrKzToWDM9jbssLLo6UxtWcyfT9FEe+m4VyKH78RGxnScmWNcPY+KaxVyTTi0MB1mENeisuI5AfwC4F0pfwbZMffsPw8xqOxfvC+9O8X1cdkp9r9ioUvPbJt4jD35XuqXqmsblzJkOS3/LlQHTIddCm0dR5VbPe/ZhS2VonlN14eVy8nhzZFor8us06l7Rrjfo29xiP4h1L69zjCtVPL5bCxt6H0vxFdtsRtp0BSa0x/4Ic6tm8uMI+eptfmqwXFqY013s7a5fA3SRl1e7a6xjQFrWUPRkOYC2ymKNR0EcjlN1Rv2TlmdMPTDE1Wk6TU3SH0+uUOJGrt/MI6tuHvYpnF61w9lUeqGhBrkcOJK62FyFEl+B0jDWHcjGedXdJj0dINsXkjBWJFb/qroFLDczNXdj28ybtG1Z+0qjimObFRFx96Nt7Fm+96W8gMrXtRYXfhq3MCklmuO+2ndRbkzETYpJpZuEtjSR9ulJm2kye+Yu5qG2xzqdbm/INDMAAAAAAAAA8PFwme1gNjLJb7uUKIApQ+YN36RBJqGlCF8+PcvPkXvzlu83j689u9M20KDfmEYMQqQfktJHlCY3lSZ7n8oNbbD9JpXj4vFiz1VkjB57SYRIunwvt76tkGIpOOPYtmlpaVSeHcrZURtkm7fawYy45mJpfTUXA6kDVWXIvRZaivpc9Vt6E0ZnoSI7oYkmTiorF7oXoVEYNz6411lejkMdTB/e9YjVm/57WuHSWdk2Zgo7NKzgomE4oVpeLIZRuzxonbcjvFqN0xqmyd/srK2YHi6zHFLTpSPQQ0ze7OY1GWZ2+7upRsgbKw+nkqyqQRWFq9KBTJGweHLVvlXtVbU4LKpRBR5S7imnxM2EUSfqJo9rg8VFpK/U6vnGtrkgV0mbP0Ey6f3YknG3VVMiEap8cRWbuFbddQcXNX7SwVRHlOXbj9YR9jdS//FTx5WZrlok4tDeh1PIwbzS9FXRuBbKB596X1pFIRezUhvoxl1ZnP3V8sgp5/LkI9X0ReHi0HRazFLiqLbprmMZB/efGS/OcQeJ/2MPc942sN4af1wsbBoZWy71iKp7bdAR5pyS21A2HzRbSWEBNs1GK/aW2cGigaoqfBnOPmYKDUxVwdVRaDy+VEgtNF2f1k3XG1ZfYcrqS1u+d0qN17Axow9ResuFbycQ1QHkovmiXISpoPPvI76M8pdAOdqonAqhP+UYLrOa1Y66U9UhPCg3VYpJTkB+dxFanBLhG8FvLcQLt23Oam8wq+avu48Bifh+5rg1D//mX+WaHxAqX2i2dBrFW17MqayQq1GZubXWe/fvC625glBEpHdVs+YWMtlFfGnIs4/ymstk/VkOMwpnqJbTl4cfk8PStaWVU21n4/iGdbU65Udcj+vtt1gAAAAAAAAAeA34d1WJZCnFXUl6Uxs38CP8yK3y4WvpydJOps8tDSnSU+kUgxA06FeiZcGXOb+cK7PPfFnmD2pZjoSk7WobvKxe5G/1lNcODsW5CUvoDjtJ0+vwac1YVFZUVCAjFmqb7Z/zMwtfiFtNwChRpZWuK/V3bmIYF3Fo2droSLaSBoXToUboFgwjsNDsLdu2WXGLDOsPdtpAvR/5upQQ2vN1p1+yNzQDe5Vl1LkOBqP+4WbBzG2uqppBiVO1xUOVgze91erlxWBKXR9SG3Zgz1cVBSs/nEdT5sVWm8vY6ZGMPpI3Zfi/oi4cBwW82yBFWLgiFrcPruoIpwbPA5IaItMOzprKUcWou8x9ToYKJxVPy6MmFTmlTP1L/Iu3drWsFNPkuOdDWwuUw+3amjqUZfjNN0c8GR+7s0ZrCpuaIheBF6DWQBJ1Zb3GiDN7OJ+3mmryFVv2TA4wXYi7vzLcGrhsrkUMSDOJI6ZeVLr26HCSivA4p3V+it1VWLvFFOVW4Fx3sdxyNKoacm8hpgXmeFOCi6vE6C/HtZvwSWnDX/tJHjbRDMWGIG45SWUYo1+mSgmlVDMDq2LQzhQal+l0i0VVX2G+Q3l2wOiW1618tRBVR9k8ux4nlD2iKj3hXBBVrc7MbNHlfDaqdlMN3cJmU9vWOOLUqv7HFwVLub7Aau6nJ33RX+c3IY91G7tH/G6Pt0yImbuqKc0sMvY1d4sXaDs6Qv91NvVqPTZ9BcT3Ad9VYcKrQ8p2f6JcElI7YHJFKJGGuDTDOOniKlivQsoNAHXDq9aatgSFqV24kxoJqs9dCh0hE1FrxBfi72rmV8zKuSjn8tBzx6D1m+GwcD3U9PjVQz3W130aL5/6FrNWNaJuYT0tjmae5LXuKF0HQZ23F4V+OfWmlx0AAAAAAAAAvBCmn5Z5BX2U9zaa+EL6U2Xip7ZxSD1PBk+ZvtWfkTlnXbJs5/Cj+aPl7aBBj/S3wiXQoN+FllP55USe+aQ+TcuSb5Btfgrx9ak2pE5J5vyN2eRQerNbaNLhUXo1Uy1Lsxv67DGx4j65SPXYyaN0cw/VDeDc8Q1zMpwaPRnOdUU4HxFqrYWs2WSa4mYU4etrWSMRzXqpdat4ZbpXhIy73d8MeMjGhvGc8y9WSnZ8WdFB5qXdYWprTPxXrYckJj2LsnSjx1XNgI/wvGx1E4amztfDnjna2PpkV5+lGz1dGp2URlUFUhrNjCMzLeYoLgeitvZAO1gNUGK0iz3j/nSSmXcV4T5lsK7YBZO+YNOAUnUb9K/ehXiwiPG9daZimSM1ZgYfq5XWP+xxxA1N2qS+3c54xLpsFHHsrMd1lKd1y6wenz0iZRobUTX8FC4GTmE7VnS2ZqWXQyJtpfmNYH80xAazTnGcURIrstUMpRCzphF3IVJ9BQsLVftp91PKOUzGr4QGvyvuogelWXHtaI4Tq97LdagRik/E7dOsJC+iHG7Cs/ma5opB5fGKQXhT4Ub8XbUkqkLhmArqGujO5rkt35OjWWr+WjPtgzVATWNJ5LuuVfW0mdc9/FQSGuJv2sUCyY3Bm3qptipMwIrG2ReinwCtNL/YqlKxwRuXiAcC5stqAKIcDd8oxVzP1VFh2Np8VeZjtkTZIijmRo4zLQ4e96Id6s0m0v1Ab7Ho3VBN2uCsuJsGK+476OCnyt8vPAm5mWN0r/urW9/ZzVVYTVhYTFEXmraqt6O6RdU3pvlUNsXv8tzWKyVdpEv3rwpNZ1AiYC0Lm0Wgd8y7pypF/z0vrtYVpmbuuCWvHdRYvMytkX1x6dQ5K2JqFkSTW6PUm4fe3s/KfELKoVfea/WUjVdS6bvE/uFwXGHrhHk0N7QzyNa8CDFfhlehaXtzh/beJZWmFLloaABx/d4KAAAAAAAAAC+EECukqJhp+om2tbrTR7Z2hFrCUstIYwW3y5mXbdjKojc/GXbkzHxXG0CDvpPOGIRIkb5XSnc/K29Yo+WR20pY8EPb5IKoIfXL+HYR3IQ1kiYV5s9qdjjp/vGYW2tVXbdWDxx6dJzCB+6ZFS61L1pta/mnnylWMo0aEbFgeUVySNsr9unSMLs1CqwOTO6O80zMwS2qG4bwEImtOJ7bFHgYpS+eojJx7CWG70aTxYtbJCyM4cTVGD5wk9J0dI7XaqOZNeaQrKZ1pXQpIx+Va2iyE3BRaRWtS+yLRRy7qjWsXS7jb7k3Yxsi0LQj0V2jth6qThOLYd28eHYlGY/9P+qe65a+l82b39LEok/pR42Hxeymh/5IWHlFZ2vYvzI+1QtlCJnbbhPrSJnhS11HLI1EHeNxk7Re8wVpG1PGYbSjJvUyrgQ2533Wp+YnjA6AddsdfZbv6mJnW1V3C4ctT4mMOF9byELiPOXwRCokplwhqcaOmruL20O1UYnoJ3YEHhRfuNEQdR+a82sT2XhYlhRLdig3F4jTGh4thtONA9MPZJh/ZQWhVPbDMY3/ys0WUz7muyYboPrXTWuJOoXWkIipC5F0VWmUSWvRJBkaVhAm3RHmr96yIGK+sJ+v1FmoM3Njc8aYgXU5X37kh4OpNk2hM8RwJT0St1rCovqmrNibmo2MJaZFdBH2k5lb05h8jUhMOxYqz431bC5JZqbL8FdWXRR4+SyL9GiO7sG6A/R2h+jWJW7tm18Divar+3FqbF8DRmu8clJxi3aRWxqq43LSzlITvYJQFNm+72MZNtPok/sa9Srz9pMpYuPci8FqZkFo+5HGdzrHYOgbzkuIKy3uiV3Vk+SjEGNBlzi5tJmUX7uEyuZy2ztJg2ghkS7jGdosLKU0f33kme63nPx+UxzosdnHBZL/jC9SzkEecqfOPF+I4veX/WulxCHopV3iu1Z6HcgBZWJql4v4GZRv3myYKw+3+woAAAAAAAAAPhgbGaxdzhQxFyaTxLVTiTt4zBe3wNh/6kzJR6lbI364BB4p0lMpYhAifeeUTuWUM6XJnTXKbh45KGH/qZrKUX5rs3tfZLc7aS66CWmkhMB1vvFO1HsvWpVZacTs7sWyfbONkXMG2XvpVFFUDZJvaw67qUiIKSkj74QyrHvcMjN6CBOlDElY+kxFCssWITBC9rhFV3hC86qssdV2MjVUbD0ZnBuqn77sXrgkSymbflOoUjgvffQqaZLyrUVmxFSi8PIXj40aQX9w8MYZ0Z7CtEpIeu8m+VZXelXqyNTCRkbcwiTaLWGkOmgHt5ZnaTK1cFPmXY6hMKm12ZelqNXKkcEeaBhJFbf2DKwUQ2qFs0/jFI8yxlsfcA1KcYQXiqpQmvpKcrWkO9zcqD+5dE8JLnpuKV8HVTs+rFjf+T6VbBrK4qmYq6NcLTl0FRyqMlNJ+PYmrjWVafCFaNuRQkeYZog6Ds2vKaRs3QbNDHYyd+xw5lHnUAZIShN0kKbwW2k2FMve1EJD8+MoDMUc+faLrS2yWIjph4/5IkwsYnqO2E0edExaG3brdkG37MaUkf1FwUNv6yT4znZJvM3evKrYXU5Knlu+MHyU2tS2ovHKpuvqNdV1rMpwOZkrbTQqtwMwlOuu89NzIhQeHDNZTlZXOHE0xYwBbSn7TtKl06mFmWjL5cIXjs2Yw1n0uly8uEgGoFclmHUt1KDzfZfY9aHA0YljX+PlEbuakxdQihWu6cDKFZbYe2Wjx9EtXHPZYkgtdcbJ5PKlIEopimXxc2NYYzlr1Nx2NY1UNydqxiZ0V58i3Njsj22Ypelmoep6NNfREC1PdNnG+cuhXhMe7rmUEa7eUn0e9Aj1awYcDc6dxjy8nJipZVRMJjXgI9NjippI2l2pPCy46RtFN32Ll14sJdNm+4oxnhnWuRWk35ngUdFbDySPtOiXG9SH6vgdY3jdqwo+dp5/XN0Kzcf9tBSIibibb9lqCinhQbW4j9ZOpa1+Od7tLNheKptc+AIAAAAAAADAi2GUqeYv0irDiXQjJfb8W0nvUTzC/O25X/I6XbV5SmUTqmCdnqwRKdLnpFMMwgrwwf8gvqz5Mudf4m3aKVu+bPNPAtZNOSYaMl9SKUQyHSH1Rty5sXQTxFX1iKk6RHVvoWnbaH5MRJoaqSoQitvzWvMYOWoV/o1GgZd33fOZXFFcDsdm1KN6qpaq0BQps1tQuYFcURGarFaFauY5rbw8xWR0Zpfht35K3DUx60s3ljItFkXzini03PJvzGOHRwVt/UCCmSYfVDRQOixFeko0CuRWVolJuGyZQ+Cc7uZyqqqKMxw86gj13oXDP6PFVeLqQTG8zU3Cdv+IiUzaWpZDy65GXoppSREsExfVY5jTZWy7UFS4ciDNcbwLMWJrE9YwdcvRS0931olerXBcGu5+OdldHdbSTelU6wnvbam9t0G7WDUcG3pYAELE3LSu+mw6x2Pm1orrPIs8Z1YiukfKuTeZnIjtWwqJehw/bsknpiMQyUKzg2rk2zr1PKDSt7Gr/Im07JiI2sExtB6FfZJrVdlN53K5hpYn9SPkFybmL+CqUpCNHrdMWruwH2LdDxnTV1lBaf4V+pu4ZKA5hIgp9ITcU+1aFJpVA1q4eQ2h2uuNV0R4YISX6lznoSKtrqaL0qVoVERC76Wz2aVz2u65smtcL1z+Zx+EckvvbXgwvTI6thAbX3KktJFFjxwz5e1PDnHaNJvuLQ7UdKSZ41DOY78QapU0j7UmZYXXtZAvh6LAHhW7pj+MBZDr1SzTqJaal3hipfPwYVEEs29wDmevFkWwfAMIE7AsqNqdTTsrFoDpIOMaRb0iMH4hkrqmJHReQzE293FklwH0bVxe73H9J64m5ZOmJKSe3yJCyR/TWF82tnjziwBnf2zBxm0HLaC1YgsdY2sWs3TR/crqE5RIiFpr1EmkE7HbTRZ/s+Y4NLroneZcvX7Od/Xgbju5XAjKMnNy/ZXhjnaL5/rh+18hJW+F+QGYS9M9GdR1q7U0m9XeRRWEXaMvun/k2kzdfZvQ19Erv0oydmTvazAAAAAAAAAAfCymb6oSP3mLjnArd+VV/oNi34q/+dgZm5vQHy+HB/+H52cMwirS4CILAx/85/HleeXv0VN+mfmyzV9lQNtyBrd3IV7c1ivBP8wv0qvln4n03MhH3OwpRU3iLvpc0tz7d4/QQ4Fi/jUIpVK9UX14Fr9XboERAj3uvU/PVnpj1ZUix2KqKJunoxCPTzZoaNSIJOaIU/2QYtAqD3U/gy5dddWaSJm7rJFkqWuaxijnKJpZhMUhhmPHVEYxTrlT1hbO8Zhk9l02xhtzS0RnC6vkr3cWoUatsTlwYzc94JYKNBGNb2dmED4RbicXrve8/9t2EjFRHWgTBJvQtExsOG6wCFibJTEPQMRe2tbrayz9sLEahthuCzE5EYfzT1dXadToanFaHHjKNqhdMTfxbZUeIlIXGSJv62MK9ON84TwdmuvcSjzPEgbbx0xCnSmm6EqPfmlGq1U01+64Wtze9j32R9EDeHu5ETdmE51LZoxTQv/upoB0xYi3UA/zVuT3qrISIuqicbts0EWYWg9bWI8ipi+DriaPbNMhLj7vFt2NhaRJDB+74FuXeRyu1TbPnGQSmdUUi+k8lDTHl6rHiBGjPDeYhYW7lAMgV19cA2HmNGZNn7zC0vw11zQ+I3mDu9uZCmsot2hwmvFsItLVFTpa4+ayqzbivO+WVky1Upe4X6CoVyeDcL+No7fi8rIIRZJZqJHPa+TheOfKeEehnv6hoLD63TiTL81fqeFzW48mj3hXRlJYiC/VDla6hJYyKvNXhflf9MC+4wvUi+ij/09JK8oobfJj6TbHeVz7OTnGkis/VeOv8TObzGE2OR/M96LbHrvnZddT9/gOVO6nKr8cRwM/8qvhsZCQ9NDzmzY9lE3mJFc62xeGztLGPRU7RNV25YXC0W416iezftR7Et/VTNbDJQq30gTOIyt2i7C9CdKda6xO0zvW2ITdIm/qC4TtLeU6dFWVt1Kd2XSSdLvLlTOkl29IxPmTrrDZ2LNQ517ay+59maP8cKHLdgrFJYzucWT1VoD2vXHz2I6NpIetPA8aafFbI3Z+Nht+JfTGVLOvmQQAAAAAAAAAr4QiheBZrstVR7iVA2/zx53aWWZI5D8Yajl5lbrKdfMC8Em5N13P/7jcG3zwn8DPGIQ1uhto0G9D0/U8sub3e+rtM19O5BnovmoPbfPLUfvH/Kn3mQIsOdR6qCgyRaR34SYqdv2mctvGoYUr8eZUpObBh8wsyX2NMXf36dZlrLHEUSuCtxBxcpW8hYaOJ4UPS5WylmhPqS/aKIjKIHggNZWYuWFE45rd7UTE9VAS3h2tWSYSFDO5YSHqbFI6SfMzjqqLapdMdcpNrRjDRkDE4voNiqHSLMr1QPYtIkXg7LooGUcglXyezzrV2PZLN7Oh9G0WkQvdZZhNVCiAW2s2ekKFiKlQAWLxNplGQaFzbWF8FQZ/pWvR3xDeR0FeUrP4cFWl6b5Aq5pZLUtiRlp6pay11QWUSyMGyqW7pvWhoj8NN4a5eCg5xfFliPWHGkfpMLvyzz91c51i5uU5XH4saS1C2c+yYKo2xeXb7p50XPkjEfoG9ikTWw/pptFVtRzTlJYqJN2DoRZPqj5BsTp06aqiLgYlmtrqEjHDFJeQhzWqe8Ws2g3vndtoBt+/4TefFsmQckxMlxjJYiXHzc0oOW00bZKdz8M0ub/BKKLEXaw2cjlmZrpclMHmAJOltJ+Iu0jopanUIhT2auwaGCIX/Xtc2KixFetM05CpNXDphC+iYm5KsebTBtr/rHMcneZY+pzvp+KuNmZwwuYE1LalrWqulNTX+oCQqyaGQ2WuQU9j+7RxXloQdzRr9nUtlqBb63EjNh1QPVypXlig1qyDxKURxcyWVGtWXDhSXTUeXTfsxf2cjDMiNo22rzQlNhx5owLiOj9dKNPwSC1bvIjck+PR5WtYOBcGU1lZ+aDUP93Ar0Z7pQhjyRZS0spW8z0hv6PAuWCEWvXrXU51Lt+O/PuRbXyLKesndPX36SOWQ+i7oJimhz2n79RuPUoFYVOfnez3FdIGsIf1aZjd2jJjokYXEn/RDBPiIWlFhsUUCntVrup6yxfv7CWC69cR/3bgHzRT9TY1neTUvEefNHhmnnW+s607JapoE6aLDVnXU6jKOgAAAAAAAADgFTDKZksUQEnRgQyX0q/kJ5duDfntIqhVWspJ301Vpk2buq7QvOSX9r+ArB40aMQgRPp+KV3Ps47bt03lXdq8V8s+/0ScwrSiCqOICUMIm1Cqud2QqkX008GtpYRsMcID5QepHhpioaW4ODRMtRmDz0WOIiOymysmRyFXCH/Tj2Udui2ML2Y7wqHno5BcTqIrGUT6RdXKlPZPwwz4iE56O7skJNl5NqWkNFWLeJDFYa4mh3Bl/H1iRu1l6TuXqbA0fRVWmzXXTpCkxC9ixrlgMQwPcuxDrO8dDpmhyv8H2XCQ6S9OzMAse1cXMtEUMVFotDxwlY7YUi8mqulwU0qxIegd/yxS+KifMyyZL8YiJSa6hAWfm2JZTD7XVdXLMTk6kjnYBqNmqTr9OjWuSan2f+6frlS0GD+L4xmeNVOXZKrPph2IQNh1LdfDRbKKxo1NRp+Wrk09ftpW9L2qp0AnjX5n2bLjtaUkObpDR7yG2HF+AmYrVbUguZ1laPCko/AC0vSIhm07nrzDH5ItyKCq5oTZNLviQv6hn2GLyZOGSDNFLuJy2qSAPz+vR0L4hjQTVY7mMlFpnnfBdVRuD5wzPIRBZfcUu7mdsFpiI79O3+Tdmjb6CUtE4hTYDVZqY+P9r2W1StkAACAASURBVEr9tLqOU5d8WOxmQO6SfDdFJ033FoWFVWge9al749Q22eDHqHMTcUvW7GTs8/q6Yxq3Lo2BaEtaR3hepHU8pTwwvNLLYvIvDb7Rh9dzPfwGmH7J3w3DEVEVlPk+ykUwniScKuGhI43TVWlca4lzm4VDcS9EjXox3eceW20MhTx8h6A6/5zHaGj8cp/ZbmYqX1hYwoKXJXewGmmXfea3rdjtJfMosZOy5RblOoZevTHNdWz5OpLOoyWuEvu6TiXz2Bfvn3uqHfZWiY2bX0eUtGtSagRYj4g40HTWzLyeL9H0XNJhqkhqBnkxW+vmqwAWhAAAAAAAAMBrgcd0I4kdBAQn01vz35eeqyV/ORyk7yP9Rop0jkEIGvQr0nLPszLzZTfPTvlVBBz8vq1LlL9f/si/KoURjtskFSEadlOdrZqq6My01pAPWWgddy+Zl+w53P15dRYazYRaxYiqtJDScCY6xeQKEi6KR8mgPkSDK7wiITR+xIjbeMmTtG/zwHJpoiQejihcxuVrubRr6GaOVqwBCY1HWllwCDqzc2tvpVK1IzUMldYko70alVVRzc84WS595KJAajyYixZZf2pr4ny3qRFxJ45S5NdVSTnsARNAcoo8ae4uFzmthKWWK8c4BY6lg2pTaGJZs9gIgWoWzOFn0pZxFTBrUa3uKR4LMMFrTu5gbbWCW7lRKghzaXOIj7XG4pTV1FEaazBMFcUNX8ZtPuq3TBWRgfe0E43cd2osn1CRDHvMYZ51KQwBuX7E1IgacTXdk7xjwORWxqk0EOG01x18BW9GTS/kFQO8shj85KEm1F0FWxSHGfFz1KQOW8Z1maNnwDCJ8wVkf/YMtVaiw3FzvZEHJGOL0DWoJ6gVBacfCeyqd88zvxrKeTmoOqhucvZeELkJINU4iaNKdtL0jKqm9KOaG/3KmyTuZ4T5couhmH5kTNNrv1PyWkFZhlPlzOWBQU+Y1mymbfWSrGgJ9W06wWR/k5bGqU28m7lTNWdt5lnUOxiqQ7FYcvp01XykYdUwUnavYnwhmQbKO+SvlGEhEhV1ZKqga+F5L8+iKtZt7WrKVuwQwxJaxnJquZ65TuLiy4WPuUS9g59ejrXRSbhTRrlsvuXqN5mxBSW0ozoEVSe+wq3o213xJ1xP43DFziWf7uLBmJL8jItLDGkr38LNgnC6izZnt8EXr1CMz8TShM3RqvF9REMnXjXYXOeVOTSDYbXux7X2U8rojlsl1o/f7gmPEz2vugxT6edSy5PCVd5iI+b2uvZNSNtS7bKlxC9t7P54/T1XL7btvSQBAAAAAAAA4CMxyWPbwHdJWxH51B9c9VuulCuBg5y2iDaW5V9rwzX6bKxE0KA/lP5WuAQa9EfS8219o2Uv/xEtM1928++UT6v2yLYukzUvyt+0gVJJsxeKrUZp0kcl89tHvXf9NO6fF62VWgs57V7xivzMnGcWXd5Ytch3+UV01/VrU+Al77gJNdPt10rIJJw+x3j00tm9wFq4mOFN2pClbMzlcOmwzEZVhXzh2ZBT2Rjdo1H46KoRN4IMKbWOaraopURyVpRa/6K8yLnwQTr4Kp+f9ZIb+ajGPJo+x8PzkTpPJaLWyIz1pLs6r3pAteyh7ojJZCphJnluFDebUek2C1NnrFWDttMWYZH9UzqSdEeCPuAe/E2EtmrwxizrDWfC6EbUmZvGTRrXh8t32bQ+tdHhhnG0ea294zLgQtSpScwIeeQn19SwaSyqNLqZTZ6KsWNYuu98/27pUbxMuGwmgBqCSr1qetNSTyD57TcOkthPERZMioaqucu+sF8R9w+oK9SXPlEXaTap7ntWRKOlVhPGroHm3HFq9KiTD2bLNWBTbtcRurh7PImYgrSKfxlVmVvgMsLUOFSBrHrm0Aj5emYiamJK14vbFkvxVWi/HordblX+5XZI36mFL5IqyDINxHFY8nBOlsVV7SOLBn165+ycE25vRFT2eA0WuwO/DKJL1nWjTNz9SF+8h0p82lBtxAuIi7/NDCuoeyK9BfuLoF6HFDGlju3TcN8tES6UiEW+G1F6z9w4plgy0mcj7mxhLPUUZK7D2qLqHM6i97Fz3tpYlkFMcgsv3WSvmDjL2VfD2gGr1euXecKHJff0LqsxYotKx8amUU8LyVKmq7vYAs6lZ03f3tylk5CNjL0ohLmVrdtTSyRNWjdHl6pDND5LC9WhG/CRkJS2UydTeYsa2LKQ++sUN0dLXbYqH9mDHca3p/zx7layEue+zw8zuXNOEQlbPjNRdt1zLHMPKelW2BRRJ+PLQ/j79SXM6h+9l8sIPNo/+qs5ft3r+d/yUI6gJpRat9wd2XHa5h8uI5Cv3R7v1lauk4jeJZHqUVk4/iyvWV3kvagNm2d1fXtqwfcv0QAAAAAAAADAB8HvOCa2FnWjIq/yZ/jv+/mnFhfJ00puLDRLErdtuEbvlp8ShVPlgAb9dnTGIESK9C1Tel5p/ean5NZylq1d5Nc75Kvyd/or7vjO7+oXP3a+O1uj3tNKTB/mxjxKkCatjaoWMpTQ/8/ety44kqPMgmrP+z/xiPMDAgJJabu6e2ZqvxW7486SlbqgS6YJBVgdjxll5BRpHKzORcP1GM0JKWIdST/6stzYooIB1KxYeaC7UUprA1lZM6bQ4zOYiuyq2/HO41+wXuMbApg8QONf5SRtzuCNjQQmV8mkwj5dyenTkboAtKzDA7Buav0lU1XcbbqOAVJp0foi1hJQPOpk880H/SiqEEAFWXV/PCj5XpPmZ67fwizPgAWD6xPKsun+NyMElGC9BGEu7KXWZnIyV1xXNDhEP5HhhJIA1bSgVGQcfIcldlOWeoedpEaB5iD++RKd5ZZuZEcGTXYCXTLGlcesBOHJpLABUp9OcGt9wc6YHAm2YUq1ISJmEWoSAAUY5hHTyzk3qqaYdgot+M4jw7lEjgVOWT1tKniC3hCTJJ6pygTXKNpCk9Lt98rkKodRLDWmjE2NdRioJaoG2gvvCao6c3IYEX9UJ3lgVrKUE4Op6NNUYnxq/aNJHoVGki/VOG7LBCV8D9UJ0EIafwGHmjafcOyYzEhmiKVrUIO/UxljvHMKaEnqNImAdlZKfzqlsnQgN+8kpGevBw1zkQcNC6RpJPsSsAa4WmKISOcJEYDThH20+tGWLAfAcPHIsa1WCPshMnhA9wM/tfEAQNz5f5LRduk5YdgoipYnNJjceW3HIAI0yr1z1OyZRipCJD4V36gM8S9il9CRzloxPr5Gh1ZmV4IPxlct1yLw1skdlWGcrggZOx3HxSONH9JDzOLLWvyYq8bYvuVxhVzcqZtOLGwe08N/M1aCggOH3VbScbSF42Q/GVTEf1H5Ej6rkRE3a8+K9ajgHmJPyMd0BrwE1EhPLcXTp3Gn6XZljB79rEi7xUWVdiymFxdtUpz4UQSpJqcB9Hjpc9uG5Waax1HSwWrtkm2FXLly5cqVK1euXLnyA6RCLuy22dFSEDJB15x8/PZlCa/zI17gKf8Lq/Je7y/bwJ9aez/v5x/7vDEI7+c/82m/dq/9zXU9lH+MJni896O4gyhTgKQhtlcZq09EjsD6mltIE9HxVV7mJFxORgAnQvBAjEMD4nh+si9ELIssgohnFbCI4k72N2iwjWXwPNjcRPJ7k4qbU/Y6gqtSRRuPJs11ayZtZb2CA5sQMLab72O2BAOpyGtlSwzO0EiG395ganhpgQ/zZ4bAjcJSX5Ct5xhcXtqeRYHnAd8Ce0LEzenT3F8kaCtaVkyQ+GpWUFu57WS+dGrLkrFnj2/Yi8MQB42IZ6kaHgBRs9VNOmJeEUPRRMSGAwSWiyLtpIwzqJNh4r6YVznfcoIGqAfuYLigNdKjz4AsSJKtBjgNPJrCIeC3UNwAPIi0ZNgZTAfi3slQme6GL1hkmVkFtBopFYnSgmq+KBLWKq1IOS3si1PQSE2F4e0aKJHFlAuGHezQpGYGrU2keabU5dydtqEhHlolKgMdtKh5k8zONdgf7hdpRg5RLXRNyXdwBPLL6YGRwpKx1FYORRM4O1WtTmXdDGK0G227SLM876WrdAUCuDAxmbT2eAs0cl74YtuLLR3uhZdtEEBj7mbL84c2cyyojA47QSs1EF8LNMH8HslnzcbELypAhxbV2qYVLbJkIWlw9VmAOWse8y3COFpyYU1HxieslYRDOXROou2HtauZgOYes6iHW43VlIcOyAF5bCXBpaYnHU3mmQBRPqCRPnyZ5o5TzTMTPvPK88CSG8Y7Ohq0aK07pzZeYaVis3DmvT12/UzG4GeY/yZPN7Y4VEAjKNraEQ/JPMZCgYDFJFyt7q8GuQnjatrMkwkZTLcAteU0QC5IfwK1JrXptZ7IIqywOPq0je3vcHE6o4YA71HkGNvCLyuVVP/5MI963MdITSFH3Gj65o47VlzxjPmUTfoqJ8r4RQivXLly5cqVK1eu/CBpsTE208GaYkIY4Z5/yXlI/+je+jy26tXnN8u/n/fzn/5cYhCy3PSb/l+afkxY8rM9V9cb7H1+q5xLOUsDLP9lu7IGFoWHk5GpsG5kborBTZ7IGEY0mMgNfEBMdKjHEXRLaXEZJG1AKrDxmSXOV8a+rDdNSOY2uKVj9PeCYhrKSVoW5aRRYbsv2AEJR1bExLUWYYd28kq03xXQk4ByADd3gbOF57rx9TUCwfrL/gLQonBqhj4A5thspzTy2ptgZjZ1fPHUSN5Nb3jCRDk5ghWCb8ED0FBdAYQ5OgYsOiI2qQKFillMVuL6V20ELUKEcjetgqcB264S1p4g0wLNWgJFKiMYSYDYYB8dMtxl2mQstqovPL54EVb4XUQO1KSzqFktJfDQds+mGCTSi5W20ecaGF9uQYUEjp4u8jDiMYKFeYskEzT2EayOWIQO6igtk5w3hJ81+VKdhtByoPtgIKmMnGZlfocvX0ypIP4m93fd1sgBnxk8+UF9bF621k+1mgkAfuu+wygsrjOtZcO1FkjQ8ib2zxOnUhDwiyCbrQ1KxF9KV7WdQ131Lk8N3Xi6K1s6uO2NXOh7vSGmp+fDIQ3f0HH0oHbG5pm0Yq/lRMc6yZhyy8jqcTgQuEzLBSiQliQZUxXNLTMfSACiJTleRrtbrzGhJ4ldy8cM0FFBPFbUdgohGbQ6C8JfwFbwkIkhwC598gVNg5lHHLScEGgB8RIw+QjHtbG9Vqg/DFAPOkiBL4hkaV0r8K/bQV14N86HJ/CserrgOb7hwRuYHLq287dIHMXUa+l12Im1pnQkKSYznpi0VPkh7kRY9MZGqkThGBQ7UpXpXbPY7GIbTSBTrDbBeNTjmcH4YIxoxwfb07y949RhqXxQxBCCYXqSbCpKM7w80vaSB1bW2gW+QQfvJJjCa+adD0z9bVhg7T/1dnfRwStXrly5cuXKlSs/UQzu+UWWn7FyuDZJo2nPs1l96xznocIHK/FmFVvbcNNv+n93esUgTHMZrm/6Tf9T6fY+vx3SkcDp9q7ep+vfKf+D9r9oz8qSUJEhHlPJZprepdnWxMpwDOsSSokYhF0ADpW922AB7Can6n1azQpyEoFTzV6siOoXAAOPTgYr9ZrREcdm8j60c5WhwZNTVZ1/GeffjINlUmsUxn4KnkFBYXeEAgMuciGSXUQ5UtGv/4yvILLNGaZkpyh8mU3Yi8vhl8dkiyEcoIQOVYtobeAzeJ1p7zMhfp8hPhDef8KaZ8BUTMhZrhUgYKI6RsSVE52gViFAlEQDRjjgC2MkCk5wIYiNDt+Nih5oKmrhzFNNTWcE3hrEsTKdMhMKcBMmTL0jmj5M9QtAGjBBR8pDnRZ+XEMBk+2wGGKNTyCUBhhhNtt/zCUbJnP6S2JaokXTboqliyUA0MxETEdCcsx7Cw6QWVv4DokF5j5tfAW2sdhkpXBzdEQQDjBgIcTxixijaVxGJD9REYaaRu00NnMRebi/3L6Yc5OKHABI0hmwl+w7TMcYME2jC2PahFtBBdwSC9CwDSTLcBZCVu0Z4xyK1R72CGY5s42+C2Vo5F3qSJ2EWL7KVJAIZW3eM2VP+XBjlrPsvbwrti2sb26qiv0W90qFsMzyB+Mztb2gl4AFCsUXipcpf4UDT/Vl16G5XNUqwCdmbo9mHk/Nkr0abRSlW/JRZDN2ERMZI73UthtHPvE8NqF3JRYswA/Fws2HXXq3FlVzErODJ47LzXTLrDwz8qlRRZGYlRrGGGbmNDl448WhAPfzaMFYdRazqRWdMpF+LrwB6cpPLsw83jQkIv0J/hKEPq3VlgChqtqceYhB+XzP8pTkB+vTlPa5MyK+o3H6Xqw1yreHCna3wsFgnfAaGw3jgwZInHOq8UJQgPLGlWJfarurqvpsocMNgNgL7l31sMyBfPMJzAybyLJNcaW5qM/mAj9sI3iIBLrr86udgjDegnN04umQu3TuFaDwPm5HJWOoWRvufdpfgPDKlStXrly5cuXKz5S0qcZvvl+3Sy/3xk9RPmnr6fqN8t+257Pyy4POd9v/C3q46Tf9Mb1iEKYfpnt9r3/wtXwvvx3TpyQlay/f3pdvyLnlmT1/lVbpHr1nwgA1vsI36PRQYNPAADH3gIUwaAlEDC3+mZt6wlIKC7qKDB0EDPhqV3gBszz+LwKnbyjQVNpx9TRox7Xb+SIsH4EexfpY/oXVmj1Jbmb3MJ8NIbtyt62nFcvYjBYqZYO/dmAgLOXqtr+A+Tq7SMODWhqOHUOIRoyv/xhgjVm2udQKzNwaOnb6B1yXlb81K6oHpkQpRABcquqXihvJY7rA4Dwr/FjwEsySuJegY7qsNEuDInhAbpRFQDqUC/SABiV5LDkQFsHRDCGRvDzwUf3vAeaSjTEE8J1b+4cgFhPwCjVEDMNYDMbDVEUHNAA8IJWUYHXOMeglT3YZoEf9GhnWUkQQpM9cbaAiMYAkWL/FgRNHR8nkrKFMBlci6JQqYjHSFBNsLgF2RNkrh4nhA3ZLaRG7FKDdGDTH0RYd7LN0x6yIx4jgh9XCWlA+fExAyeXHBvm2fJvtXczsL5s5VqO023CCtmxpwmIYuvn7vTH8JN0Rn2AGFN5YgBPpXmKore8tAljfkmHLWw2JlY6zUL6d4oLRfdZWYis6NijFmi1UqatKsy7sYTkfzKM/mkb0T43mlF9Zmh/+OEswpiLQEbcxIWATk5nJwbpDBxHL0R0Xa6rXJpqKxYudLXWA2ad1GpSeNgbIMvUXkV9jlxg6tlm0DXVBXIKjJDwgvGSc4dY4gVB4sGmZ6EWF1zPKVlBnI5Vmn1xRo1yP6hQb5KEUrpUJah0jPJcCu5UFXev9la+vr7Wp+CoVIic08Yh8966VK9+MILroZCkqHsSiPEBru/PmPL5gMv7zpXmWY1AAQsDkW9vawaNFA+3T0IXyS7uc9shjSuuY1vSg9xmaNf/xxk35i994yIOshWNzHRhnet+ozSK5srT55oNTRWwykLk2jyDDixFeuXLlypUrV65c+WHSbbB1Apntw9JssKai7hvsA1uxHtIRtcKl3xsGkR9iG7/X9/oPX98YhPfz7/60X7vX/mhpn5UA0/TL/PZxTqy3PU8CFloPuTCN9uPu+ENUhM3V7GAz7EoTPILt7pQwrxaZzv9q6N7m6rJuhS0yWFatBm2OvE5FFCHJKKoT+RA1gUvMndTjebUP1notQpbmpkVUk4VYK6LgHDe3EVrsTM+0SEcAwKo7FMpGZZUy+qdLT67QELmq+wVkrgD3D1X7uwq8p4UNER4D+UbtMzFQuRr34G8EYmdBRLBETFBvXvPsTRRB0ddsJDyFWiKIPBcdmBzN16aWO99wWwfeYhlLRQHjtQ5BkwediyOSudDaoEkpitGFoAnxfKoVrSKiwwHC0kOGW4MR27IyYGzQ2Mjmwu2dRHqhChaYZvNLX6Z/NSVyEvArqBLDZG11dy+bUknb/sKzN3uNeRP4dELhEeCtz9LF3SAyKQ0NDOk1HspNUVjAW+S10z7WxLjNdUFLq28nmgiE9m8b6FP4pa2F8Dp4FPVfG2vzE/85wSr+cyP3Q9XB/FU46AWYHVRetClRonxW9CiRfCrCkiVbm4VlsyWWsrT9tjrbx6XSh/A2SIcSarXqEmUTyA3vqPIVj4HST1uINVJWE6eaCffEOAiCBj1gH41NZTjhEXM+INSa+B6zU3McuSCRUmrOEGkT/VlW+C2fU0Yj6rtQuJBWQvhpl5B0qZpnVU2EqNidWbhgXbt68o2j2JwPM39/aAvolNo99hrPGrpX04Fr0vLodWi0e2pHX339MH1wa9sODB+7UBc4vKNw3K116rcES6jtFXSYqW2vbfdQiQNgtejiGI4/ovP2+q+MFb6rTh5Kq/epTMTj6R3+93JDu3LlypUrV65cuXLl35L4rdXNVcuvLEoB8qef5ex5Xub/E5+Lxec7n39Le+7n/czPJQbhvb7X/8a1fZh/vsvT/bDZY5n2m222PX1v2x7LMPO4IXLU4RXpm34ZUMuVpIobfiZISAb3af70G2bJRwmmXY8KRiQpFbL9pR1Yo2m7NZWsaqBntO9MRaQipyVhyBIWoHqKNiYcrSocOBrdLgBCveShYUIsz6yrqKSzTytTIcybPY4gaVtA/QieXHEC1IqskI9yALsgRpb7zqnwfMmTwBjZFe9ijJykeduqGiVEyadJM+KHKVVpCG1Q+VIkQYysFjVToSbTmmFu9pwqo1OYmuW+vjiQNJHNktekodsKF+0AYd420zUrU2biS51mM4lcoXMzaCYomexhPvpoEm5LHWdyEDJuSn+uRKtCfViElSp1CMDdr8LnnRRezKvKZJRxenzF4jcn/5V+ND0JDvBZJWPMVQtXoq2qyjQaRdiOeb1S40ELWwAEGiqVo2S8y4gvh3LUqcPiKPUAgxBubNX1O6CSLyn80tAdTaUy5cU5u5bnF0RorrrvXbR+Sp5UcJeSAYVlOnAjguipp9VrGhPet2sGLFM/y0mvwCsxkcQiehprdX0E5dmFTPFJmDNcx8BOnUEfbRbC62SpIBxNkLTgQHjtW06SQOBBv9NyXCz7+YlXkIEZ7dQLFMl6J6R1FE27KGULiVLCq+QGjSy1503ExHZ3z9UARct0vZmHVUEan2LhILMf+KCWfaIXyk8bDGYAXCuL5tLBoqv9meDohIMNrjlx12F9m6gq5kKoyRo5PkHfXmM2u558nnPo3hse0+YInbHVev7y0G7aUmt6AoJc+995IS+LuhfZcy5Hreohpm9WcWyiJvSQ2eINGh3/YA+9OcZMvW0bdHZvwCrBPU0/vW9FRXSM5UEgeOzXu80a5Vr7h8hy+5UrV65cuXLlypUrP0D6QW4YDfCVHvK0M4S/Yu8lO/WWxzpSKbPetx9t1PK+Xv7J8a/b5+/1/+r1fyj16ef3vb7Xv3y90XJ+bnsW+845PzPZH1YXrFAr7Bd5OpsszDfqYIMOGWozbGSqHvlIymOUmMiXySwrnniwOBhGVSTRiy1CjfU/q2UFmdBxd3y98GA01JDW9YTTwqeVe0ut/KOCGFlV12IICXCTYO2zozYy5+kY5X8s6TMBFVgcxo/0ho1JaMmbM+ac0vCRgHbKw6FOjJ4CbYDlPe16A465RIeMaVPEdDDzBroS0yF/xaBFcMDp9slRni/NFKGcnDMXg25hysW/Q8u6boCocswFXEnHaxiQa9TMhAncDWjoFxQuSRM0YDiGqTEePLM1SYmiae5s88/pcU7BseTiJPPUNTwEVA0NhC/HtYWMwgLJ0ElDFfGj4O0zLOTl9T3dHjKGEZ2aBFRi4iy4LNF7TMF0tJkYsLsLDkw08TkTm0akMfKPmFkrVOBIX7Q5eTow3MbAy1mcEMai4EnIdl+C6zd/iJnfAvWHfdnU1IajE3AVm3b48FILO7UJoRM59j43CjvWPj3Ydp7MKChtwDWyby+B0nrQUI3IlZxenLRl5GRZ9kvPlxMTRQLrNwTB5w2D0A9oILqfWGDvXFuRxhCzszPJkm5rGhHLFHFNaVn47FOekxJ+famFxvEFNQZMSevtSVe8ZcGTp7OvjM5f1BmOHHEcTkhs38mRUw6+LmXTJDzZkjb3DNQWejg2AHpmCEaryVZhC6kXqipzmm+WicsoQGtG4uLivHZShdqf/QS7mtIXbQCsnltEajR0sdzpgJ+dq74Ypmp51kFliPlRGhtOE89GmeTRhcFq4S6g5cVv3ocM3sppykCztY9SkZZ7b06VHGtA3bwFvVhgmFeHRL6YPeBiNmxnGR7KF7zqWA394ka2tVN7YiziAgjr0SwUg9BSe20RpTNzXepa18LSEfOJXx3Ur2zdiUB5HYteuXLlypUrV65c+a+RCI/RD9htUr/b+3HA3evbZsp9m/9fvv5p7bnX/6euKwbh/byfP+fTDuny7q7ZUuyxBHt770ON5jmfS6baxZ7KH18yJyI/wdQXEIWqfon8ZWUrGlblh4FKbaTHP7fGF/8qjt7PZkUiAxBsyLwPMCfFC6lewc5VljhUawBvghYJyEARDNESA8AF3E+G8V/zNjFAIwZEjL6GCctmhkt0/iVMq82KH+mBJxQfSUdEBVNN1iJM29wY758DjbCw6XDWlEyAHLArexum03ms2EVl+I1AUB5QL+NradhcTWUoGprwnsfnk4j7BY+gzvIDV0ACb1Pr1QAvc3AhHbMZUDcMe1LlyKKKwQc4V74PupES9u7pdBtRmNU1gvDFXCpOH8F0BS6NBthpETNT7xbzOzBfcRoN3KVaY584RGCIqUmTu5zfSvU/57sFCqaZytTT4tXkbJNctQ4JJz8nuZgSrRW4b6W9AE7fnGMW012F0Tp4kU2WFCMDLQJapKPI5FfisECOukFP5d52mQgSzutycvogjkD2YxDp7pziummmv2/nMq778ijCapzWZimPSsqJKxE/HU0O8NLJdKGD4DMC41zHT7VahVWDZd/JUCvhji8LQgAAIABJREFUBjgw4lbqKLepXQKzb5rJMUBwUTyOwAW2iDGHDdOUl2YxrVMNiWlLLcq+ljXD5SoRSj1DcqZFGMaUttNXYzWXMOJuWmhAAzU22kATzfImDFVzkFkF/qXVqA0EdiWpmH7T7RRAGsUJGrpDbLUnFCRG/nDzRotTHkFSNg6pWZtmxO31jjRSo+doJz3b6hZMLWhBtGeuqdlvzzUFTWZ2IH85gXhlA/RNEMk76KxfPvlQ5EV/jKbmpfYV3kLpbIiJtv+JicwOujMr3izrJbJkPltoRcR7AcFX9cYjtMSqQLpcse16J1BCe7PL7F813kpajb77afq/xhtPvmRJ77BYbTBWnZNqBL8PoJI8MEBzKcumdzmp5dihQZ7QXZ+gJOLda9TCbRqGNwjs9usuduXKlStXrly5cuXKvyzW39PDKqvGNs0H+7AhStL67USYGD2WX7U85Y+fdY/3bp9rCeQS5n7ezx/0eWMQ3s+/79M+yml/tLRfLsE+y39orax3Ne7gWg6QDziutCH6V7AAAau0so3sSE5ZC1eQsFc2fozLECGPUvX0ggH+dGbc7YUUjnDpnYb9azMHkwphQRvKAKHAGMX2TBjAhgAz8lagLWQujcP3bodrka7QpSaeyLzGSAd/obwmhkojJWylCIQIqEGdtSfqhASLmIX5VqKIutfKFajeaBAMUFewfcLIrsUIBCnNmzsIBYBv0iFwsjoLaikzH0I/ueuyZBBOYD/VNrKLpkGc+R7N/RqDJfwUUcBuBFWGibhF98LAWxpLtREtkJaTXzWIoaVQoLlJo8pJ3pEYMU1MMFBH5RkgrmR40MS9WKbQOIz0YS1GjQR+iKZ1uyY5mtHIkF7DSCgjV0Hx8LDyDiE4l9mtawKPi+ZsE5qO2TdTG6lOHzgNNQ7r7NvA62uVm8OhvKPFVCAVYvPZ2h3gZKmWWUTIU9ChlNldaxqkZrQYNkGuirzFJ7b6SVCtMLiIrUWDrlj4b6Q6dt37UQ+fyTKscLW1s9jsiObVRsckyEgmUwH/x/EGlcF8v5wry5SphcHehuH5FscjJn59lK9mXXamdkZggrk7pQi9HBrWwiHu8LEGEUpzUsdWmouiIAoRKQBpqh+aEC8LJ05kFswMP5VKkxsYDHHU4mBKnsIpVSvla/rM4H6hJcKKQHSmYz2FuBHugh+nmkoi4nNsQwkvxt8tgBwFvKB4daVIPzW0LyKJ/Tw3vQb+1bzVrGYmOlfgoJSr0sSgUum1z3BAvNJYPf91xGIjnceaNX6ycG/jdFE1koa7vZo0MDAbRhMrHvVSxwhiXQpOXlnsrTrFGJyWQR2pTUAl6fJ55io78rCp5axcnqJQXTqk7oxHWnN4mXAP67TW8Ywr6DefRHkqhJRZd9UBn9imYMWg1yx+EWy45pUrV65cuXLlypUrP0P4V2+lWHqtank2+21aiuTlJ/vW+Rc/P2ztQTP3837+mc8lBiHLTb/pv5l+lPfl2CF9L20px1r6ofIgum3fPLVzLu3EGeyX9RY6+FiOADtJM5zmeW8dJibK/L+ZJLow+KrqGGIm7EUqXXOpkxrSEIYa4ZLO0paZmA87CfMbqr3FqggnXWXvg8mMjYqwH8JuzwonF6Iw95uq2QhAJ6h3gAwUFKumYYHGUpM7uSQ7UQChwomfAKCF+S65Vtl5J+OY89OQYcDCOyKWn6ZFW1BLdr7PjoRc1c26qojfZgLvkzqK1gGTJoCvNBe659khZRccZeqXuAg0y2fYANIQSEnxaxLuUuQnG2e6ySy7OdnlebYzXWwwHKVaACGwHrJ1Jk/GCBcDAQxrwkE8DBmUncTNNDLjPapNBLA7HYmfjbfjg1/Yem47VuAJmYNjrTD8m/Nv9I5XbEwwHZu9GARAj8sYfFiM4ELRxUZSs79eW0/7p+aEhsZkBQhxd5rvYZsWgMQG9i0G1Sqmp9+XDhKZblQ4A7ySKm0qui1dKCbe6+lFXtsO4neN3DtMcmc0lSHDPFhdkgZBJ3TYxqalvb/OLmAJ5HUsu8VJJe0kNOIOHeWcx462PqEwhye0i/QM1tgi5w0Cjghct3BfSyrD3D4MPjfA4OZVaQ8H3k++B5P/ONoQaXlRrfnEj5Jsqu9jxvgZVmRtpsTaE4YisA8H/h4KMnd0rPnYohCwNW9QT3sSSYaMw1aqpNNdLLaTocouS2lPwEjVIqKL7EGeBDCa+c4zzVM32tusjQ2ITSlXZO7DT28nm79aGpzqas6xkaB4HODoQVQ1fJnPvLNgrbkde8FmW68cIA7iZQbAW4Gzy/4Zx4AMfk6zycAahbbGroQ6bkNbRXuiDdMpSZ+lVZb0/sThcC6LkMvYy6boCNcAovUWB6fT9dynOd8POhlPIhMeJBrrUAfw6STfcxQSnaRALQUC2mxrHwMsSwvb4azcteuN4GmiXbly5cqVK1euXLnyY6TeqOtdmF/ID9bmaRxWfSunJ7YSqKwt/5prr3e3G3M79xt+oD3/pv/PpVcMQv4dzseub/pN/9V0+2HteW7nFlpwyR9H0+19+SyHei0stjrEZtg6HSQyx3NE5pjh9c4Ki9Ki9skYY06P6OZ23hEm6jrF/yUyAQV69DA33w336mid3CIWrEQRrxYGqW7SyhaMMWbajXXAAo/2dFJfNgyuR6vQOQGUwkgVPjY1nE2KqYHRkh49TXRmxELyRgoBHyeRkqAAoD2qmiQngIaiY8D67OiMMhpU8eSAUDkKAveLEt9GXDelmaFqlUW/FGXEfjzyXoNpdbhSJtVmoeJqkgJTKKVLGPebvuBizRyAy4aVw0JRWD/JOSb7HVWP+KUJVGNKaOnEqxuOwg5JUk6CIMleKrzc+RQ+S2fNRLgQ1THTaaIGFiRi5TQ1QS7voGO3QPCHfoHkkx7bmoO1MaxUQLO9wEsZ06dkmrABLRdAHUg/5rOFrqyIldpq0LDgOlesMBP61FoNfCoO6F3CCXQBK3mhuX6bwY2p1cEAGzaCFYmCs2UAYKp74iSmkV2gpgG98t0rVi0oZ075rTMNZMKu2FqdQwpSba5ynw+SuLbb/AuNtXR7WvQ0y85LuB0VSw5f9iv/YefPpvolWhhJeSKUSjcQ8pzK6v1U1SlFJhwS3oR1qMlfFSq11DfARNTkBqljGCBxpkEfw1Rb3JFgyoFCi6DZT1DkKq7VVxh2Qhtqtbtipbcatc+Ur5q5vZF4LlQ5I4D+2DZpO2P2mWL2xl5iOiKEo2ty8OkGjlY4khIZqxAaNuKbyfKjTFUixuXw7cgGzlOIjApqC6+2kixV3yQquN0ooruK6LS/BlyYIvKgiejUqTgVElCmOFl8JkwK5Gr9LVsR7/ocqLlKz20DdA1NRmTRGQFXU8MWi6XQW6suD8fbltmGCa1Vu+Sm5ttO4Wj5BMxpqZieS/TKrN0IMtXsjAevtfT1OuDNoOaPI384vDLC66yK+WoMrWIGqIp8YTFGDh+VITLMpmKlG2IHmykf5sjnRTqJXujERj2F8gzHdbC48tQWaQFz0NINbELHyU6GN2XLmKc5OrTPxVkAgqnXJXflypUrV65cuXLlyk8UOCFz2e2r+pBe1+FsZ/1Be7DT6sty/ob0V+256Tf930ivGISASO71vf5T1/I+j/0NdR3KzCMmfL6jxRQ85n9X71zbYC/LgfmmoANVtREWMcAqol9i0wKWIi9nIkUpqAKCYeZFJ8FHRGCxmklysrBWKlmBJU79a4a5cqsUW/QGcDAY+IodlgZCxxTL9FqAAP2ZJim0fhRbK5U10mum3xysJlCvVJ3qkEZAKlgkLJ4qrrpk0oXxDAY5NUYdhNhkzknSBP7KegkoQ5NIYN1KW3Qhss9bL8SLmPm35uC5AW+AY6ZpxMSEifmW1B8Kq5X/aAaw09ACSigjoyT3lB4ETDZNfVcaQazZaiV0R8F6iq4QjBqKAR+Ooo7l25wUIUUSwdUxRhkwAYhm2EXNaRrUIcdaclD0q9BBTWt4rBKxKqe2DmweYNQE4l0IhmZroAmmswqBxebRIBXwfurd3IWiYKhiX9DdTLuyUd0trYoGSy4wJQruBZA5DNKI3yYJNZIS2xxdqi6WX04l2L0dKohdgSbI0GoN4iDKnFixgxzhNXu3YiVLuFMsALJvdLl/MBQYqlVRYBiKuK6Y0cWCS7pmOvvElNOROCqCGmYwUb9nENVGaHdyX6ZGfnP9owKfkTV/UvrAXPEGj3DRaGBf+cwZ5ZHwARPcEzEPT7fxw2E5V5HkYm3zYUUce+mnb1MThKLnv4Cv+Onz1AFMshiGYoNZAHUW/y+PnMSRjuMWtUqwzzbn2yqiY3gH/IyCKcV2jdCguRJxdCXmMJZUPvhAVcW8+oq9ugrEzphDbzy3FaErEaNCF520oVyO/Oky7UEy9GmWB15EVSQPR5gp3g28S5Wez8ex7USGn+oYKszqet5p8okxHYiBTnOwvSZQRydcH9f6wUM5jzS47wG8GlHLy6eCMRHW36yyCl6yI7fHeNQEHTRci/sLhyVwy5y9OsnxNKFt47Ba+O8VsP/hBGA4rGq5i83Y2fldg7jQOG8kxTCHhvvzvN53nmWNB3vlypUrV65cuXLlyr8t0yztNmmDHc32q7sNVih/swA/loMTdcu9bm56zv9bdmzd03+7zHt9r3/n+sYgvJ9/36f9wl32K+XIn25Jy0+444syhbxKnVpllKJmNlRxKj2eeQAcdCDQH1C/NA7VUX0LW1lSmtjmqv5fqlRhP9JwoOnPOc32MEhmQxUx69IAxdHVRBKrI5ZLHqsPKIDPITiAoFJAT1pFqZ0ZEghpRSYxnKWHFbv8gnZijGtlhu/Oqn6k+UxhBoYBFG1QNH6UrRA9MoIusqKOoqWdmKdH/36xiQeMF3QrqMDjDhaZI3UDWCNBh6CZptlUE/sjVaJUceadU72MeW85sgsm2IKKhSnSlHETeOWM/sCiC2+uiMvoY2SWbuCyjjwPpqXRWAICTkZF/XIWCYZMF+eSiR5FMaPs6/olQQnVXBDKYBrOCKS2pQWvy3JgnKaIpRnuiRzwRmM1J2qhmWSEjXBzBdjl7NBoxIiFrj1da2JUe+nTco9JWAREGAFhWawbtHm+x8QbWpCvzzFTp4upSCmAoDcMQyggrOsj/U9aDRA2qfEFm797/mhU3xxZxUhp99iZ6YVtKCh52G3SPl/QLq/+3GtUnNQVq9EyEl4RM0FFHGhdROBbg4sFrJWVAgZSJfV8SVVcIDJo3DXUMSZnA37bUJi/B8RmDekWhQE6ivlB06i2kqVEoCJ1ymB35a19LtZsqoXjrWsuPdd+CBqVrCxA9diOTBP1mUYHVfBcRPg/jNsBfc/N36nPsf5rNtDj9KsrA2Op+dTDENXzWBidh6Y1e5UKSe/QtZ5UiANnQXurAcun1LJ8tR4UMTwGinY23/pFrgSqtzZ8NFqTPpx7Yj46aLRiXDF3+Ad4qSzzpUJpk65XCCrH8yXMm48qwfsCeSzvrTr8CbodP+94E1XKme9esZdZbSzE8ZbcRqgy2t/ghtckEUtJVBM31W6s9dzIJcgmjnWhcExLY2UO7RlrWvZlV3O4L9orV65cuXLlypUrV36EwBKr/NJdhhuj//At3yv9h4S29D/8+W2rdR1tvp/382d8LjEI7/W9/oPX8hv3/sFyvASzQx4jWGDN39KrFU91cUO3NhssOHFaXEXczahZcAVG0prCUD7nBK8p3Uipmdk0yeg4Q8OEmhaoeDhRrLBJvBsyZzWGh2ozYsIJp1G8Ii0LtboJigEly0hsactMu2izh4bDzDJUkUdFNGkSRxFh8my6izETQQy/bhnmgUgDa7isNP3KfpuITrQ8byprnRFVMfvjTkfTwgg0tkDKNsXIHSw765Nmrmc/nrYMDPOeGDU1UR1DYCJ2TMo9YAam5ZOLgAXY/jSHIEFmjCrFp0pbekaoQ8tBCRG8yYTr08ROwruq67d6rgV9E+hmjBvwQqLAhWqJ4TmX0NJwDz1ZYRta+vMiR7qIKDN16CCZiOFZzuEBQvfIWy5JkWxz2jIuTuyrWloBERr8/WV8rSzfkgaXe1LdK6sEukD1ErMkJ7EIxXY0bV2xgdsQkSuXAhb6MDEQh0YFtAJHR8B6bC4stWk/OlVV01rOkJnwFNgyAGFOtIUWaXElGTpV42ipPqRitDcUkbZDXhl9MxuAuGVT5oiCIhFKzU1HmUTZ4K6aIkUarxaWk096JtDUzQXVWb2s1oQMcNSjP9Jq+kk5ncTtfiIlSlKsf+EW5F/ZTwOsYvkMsJ69hnw5RQFHlAWOCp8QWXSC25K9PVpyZB5YpIVs5A0NJlbB2cxVCiPKyIzVcz0gijlqvJTag0wIp0votY6VGI8o1FToP/aC+kNqG7dsbHdqXRWjojpLkSjl4VWKu9CXBC5qgyagFazKnD5wgp6lq+8eeAfJ/db69KI1lxTA/GTmPipCW3lnbYPGqsjtSDEEpRZrBwyggSKJts0Ubr3pQEEUNYpGbvwIEFJ3bjlgu9ahhEKds8kqq1tz7N19cyEBrxAq5DCatVUvBN/1VRZqfKjjypUrV65cuXLlypV/X2bEWxG22dJZ4ErnPHRt+fN7+XHUf0OHLWvwvfTdlv9e3+v/W9f/oVS51/f6j14fDFLfv5YP8tC1ndPtV9u8GU6UkmlFrYQIe8w/hkcfNDHTr4gIaG6Ln9Omzr90TA+plBY+VRh3dYgMkZmmzahGw+Y0zaYly0WGB9xJ893Bp2C5r0SjR5xwVwK9hABC1cU2F+QTLlDFHaWGggqWUlmNVn24VWVqDBn5qfzyKERB/Ei4SxdDbZDwlAgT5e0yKtKBJjFgl3y+YgyKaMS8SxNctMKmJsUKDaiaDJy0h7iMZhYR3EwAwLjjvLBvj/H/0CMja21C18mNCqvzGCPQ04AxnL2F8FgJ12AM5pxSKROmdCs9aUZmyhcjDxCpGT7NXTO6jVRsZGMm4N3mQi5RvXzNwjEuOMwEGxB2fdEYV/VglVozx/o8oKGPFqsOS3Jf4pGIgSbqAeeAphbhs1Z9uMibiHFl6by01JjDIQ0Mk5VRRo0NYKXh2cS51Wr/GAhqdfT9llHHGguE6zSluZxRysgUvkKQUPCokHvwKapEr4upkg4El6MCuds4MppqYqzaC+VoXrxzd0SzSf4WoMxPGVfWN3Uy69mU5v+NOLyRm6gmlhIRCEHeGS/aG8ErzZYRLz+prlLeC4U1aZWiddgg8xSkzCdbCMsg/yTeMcIqxESGT5Fhuugxh8qwe1ggIcoNXXWuQpTY2MIHVk1uwz4lRyLjp8GrJ+s++cvNpKp+ta/gvDZ2I7Ex6jwKHZEwpaMGRRDH+qbpvMG6SqOTLOHeWoOjZylFy+KSGg5Sl651vFF0EBZVm8TT+xFpLk6M0Gv/cRvhQwotQy1pXt02BzPvC8tbT9W0am15RlMlpSKsl+hEnf1omUl7mqltA6xXjnpQqu+nc86gB9PDWrmVAsdC+RgUetXpSyS3h2UHzlMLGo+htq9bHtHY+rW+lJFD+WE66VQI11XOumvo/RR17B4jCLICL84mZlNEJw4WqJ4fMVeuXLly5cqVK1eu/Ag5+W/jazu+TC/5l5OjSneeyqTrdtRzrffNvUsbfoyt/l7f68N1xSC8n/fzT3/KD6jlxbczXb+9zJ9H15/zGNtolQIH+re9FrfRD1H7UptmDhr8JTqTggGTUpmIkg+EokajrZDPNYFdHnbORl0AUy+bFLCj6EjLllF2cgVXEYW2Q+1ZGjfJj8mbE9QsTdxuIpaDlGFuJB1rsH+x1HwBEzBhmjFmpIzQdAAj2EleX5XqNj5wjhoLQWvLzBP5XwPoIAyMCrs1A2MUBLAc+pmmw3HoGAiim/pMPWRUFj3TQqnp5TM0nqGwwoeqeVy7gYFyd35QUk4Ehz29VQwEKs8U7reMjCrlLcbcGO6NVqRckgpRLHbk3JXxpWlBV6MZEYS7tOnn6a1iX3oUvyDOmlRAuyXSE5EvaSiZY5OAbGi/eptm26SeahXL+mlHCBb+UBfMKOWMAI84wmcuPQKObI81mN6YY+WtEc3EpojYaAAVOa3MJTGqa1JL3OI4AuPuMWLhXBIFpJW/aybwE+mqoHyILLmcwtimYDt6oO1iPVpwGJJeMP552n8sFwrWa7B5NO3o4H61ciiapfAsyiV22myKmcTdsMpfHgRrZBQcrjoskKdHYnZEHQjG1s9tYLrxRroz0lymYvWZMa8OVdCiAKK4KFStdsXcLQESWk6vM3YFT4kPyNa5zdQmSeY3zbvhioUHUQZ/rAo23YrrHF/sJ/QQEgu+7UETJ76liEgeAhAULLkgeBv6XJYH83Z+YtFngFv+MrQhndoGuSsBzi91W5PLDRmAVH1T3/DypcVthxCxue8i9e0HUr1etEH44N4K5XzLDEzipD33pXlOf93sdmQBVYjkglO4q23E1mzg6Ih2jV3sPQhUyNWpiulX7OT7OYkrV65cuXLlypUrV36GkB0VB3bpt1v8jvMfeGRFSKvsqPwc671Zd3WrZSnHHsv83rf3837+9M8bg/B+/n2f9ibPGtVvieH3R2p514b2Kaf27CUsKWIvvrWWYuImtmFlt3EbakaUi6A1NvyINx/qN7JVwY8emmwIFRcJHHFtapWjcB8qU2RYOVnNuHHshStuDKOppulSpUULG2XIZon8blVXpLy0R1Eu0QEcRGErN0YjYHkO0hIzVYQ4PmyAc/u+pd25XBHSUGp4sRNtPapYfT5G/G32y43gs4YsGmCCIq3SaaSiMEwKa1ryYHXoAL7U8IDm2hjRF+M3p8AyyplgAYRJneConwWeIh4Vai0/eYpggxqtCZ+Ro6acke11DXpUSqNwiuX6LGl21maUE2dNynUm8f6ihUl5zNUXkwk+BFtkywpSSbjA0s6asxjMpEZRaR3dyv9mlc3fr/zdxgJbasOkqFWB6ZogRq7JXDvYacJTKM//4PiAc1N3aBXA0CUYwEomaCAKBBIpV99xCAKoVAsL0Wp2V/H2RyYdML/RUpr7XsYdNfGz9MYcM0e1AhrwfbGV1oCghzx9+2gvWxc9AypwHPVDcyQXN6fUUSN3ujVSCOLpbc/7fKi1pgoCYJZT1qbQFlL2GcNAw6Gd03hJUZGtl2A0nfDACvgVu4d25GYlscXegFMyvJ98hJx5NTPxdMV5AqSPPiK54MZaUFtH9alj5GTGZAcamEt7xcBLxhj06GF83453xJQlALMpbA8telxN7YEotFduOVtyrue2HOpcwBkn4w2PV0ael+kNo0iJ8dBXAxX3laywJB50C4a3ni2COFK7gIhty2Ty9AI04oLnZ4Pm16aVnIFx15Q/dY0fQ5E88nFPqxLuZ9cjENYvVGlMgqf/UrNXrly5cuXKlStXrvxL0qP08Q/M/qNnzfn4afU+np/fshj/4c9De9Y+3s/7+c99LjEIWW76Tf/N9KN8qxz7Xn47p9shfxrgXpe/2+nmN8qxlj+aEZYkUVntpxY2IcRY0pldStPfDki0C40PU3PvbiZW+F1kGECa1AltGjyzvDnLKUM2xzEsm1tCvBzHKvC6tKczStcIebJc5t/pVpWtdRxsyzL+V/LjkgoZAQwboNOtfrYkMspCKatN0rh/OYxIUfhvVDI7EzKqI4zAzTOsqAwihoVXyILBsr3VoYRrNOMnpdoCSa1mFjGOx9WK1yHwKJsZyjleBwgTcWRQ1ZIYkh7m1Gx2Lh05a6yuG8dqVOIuetA8UGvWBsBQPTaAkBuc92YziDxYWbJZRrNFE+G0Pv6p1Oju4d1UatqEp9mF0QN4kppYjdGHxlvPDw7bw8Yl6dhWG+KStvGR2G0NU+MUAejIedyXQ6HPS71Uh4joXALgrQBhmqxtK0eW6HMoZXLKBmstDZrRIsBpOb9yiobP2X2OOeZ9ACWXi/7nOKQvvDOeY2/TdX36pHPNfeCHrOBGRCDUbWZJOY5+0mTWx3+armtY1oxoMHZI1FbISrDICHd5kiQTC5eT1w+I1FqCNNCsYdIGOrtxdrWt5bE/04ANk0lhNqWGkAEwpWofmspIJJ3UOMzmylXxN+q2h79XV+Cn0jB2tFOzbksVWSZXoHT52GJpUyImw0pARC7tpaW/1hXjXqvhrb7apt216RNrkDcu1gPP0p1KuNzVvBZFyNlH8G3Zl58kDxfQxN1OKqwFhtfvxO2PRFL0qHJeR6NXrly5cuXKlStXfpgsfkGN8LM1J1zt7L+V+GfZ8vP/w3KWg8XPDWxVH9PnZup4nf+m3/R/Lr1iEPKh03ZM+Kbf9F9Mt7+/XnuZ375Tvi3p9iZ/GNHtVXu6ITYRjvwHFhyzPP/t/DZEAcwb3Vhs1kCL8M8Iqxab8jTNg90oKmk5c3N7M/sF46QsbGmW436QFUmjufzgjdg/QxFcrz/SdZSZVcqEz/HusnbpQsYypQP0BDqqkPGxbJ2rJ7fNx1pSBI6Eg7RuZ+LCemFewsKrCLUWsoaYgqGWYfnyoSYzjag1zVQbu0yTQqSNTxO+EMOkmpbEQa4VGwRmauuMTLqEwjOc4Y2nHCJqArU6xKb7gAPwqQNZaC5SjKSEQm168EUfPveGaaoyPCCa6NhIPHgtE5PxZOftmduEVhEZqjPCTA4dpjO0O0wn3LvaMJ04udWmwYokHOYn2V5lpIE4Q0ARai7maznT+wJTHU65o0B0fSuBed3oLkYZRoAfxWZd3gAakaimGzaZjPkoudKYU6eIzyi8/C2RWzsCQH1ZhcH9MJCaDE10CljiunK5aN4usXYi5JeOCkgJRi0Iyhk0zDz4YszJRLKg8NV6vnXvQMSacMjbKiq2qzSE0gaFdjS4wXwU1ZEcqa1mICunZvF8PlCmciLMNuEr8FtWsepkgxr7VvnQi8Meu+/Mr+99UfieJzuu5Wt0LbCeCKdiaySFNgomYBOK86KRtXiIsmDKAAAgAElEQVQ/7iBvIHuGtZwHxKeyDXrJOI3U/ijcm3hO38rJBidg/FTsE6D1IsOyOdcDzSoI4tOz/tjrJ8e2i0L++uuvOfncAunWzMwGOKYvNPOU3jZ/QkyP1dUkfLemei1Rw9t1euXKlStXrly5cuXKPy9KENxmmy2jqttvtcXyOduBiw1R6ZbWxM/sxvpcfrXnXTk3/ab/uPSKQUjeFO/1vf4j1/Lb5cg38ts5vUcH9PSIPviuLtnKPOV56q8t+XEN9MQGGljrEYChiMiQkfZJRGqTQD2k7un2wajKjT1qBOiIKG7QwFrIaH4w52vlNiFnp8YhCN0jJGhyJgmEWRjlxYRpmJqeBgMiUKGHdFb7xlJFCh+poNDqdoTHqUKpK1us3PDFFx0IwyFwR619k9q3KN2yAWFALECDCi7nl4FzeSQ/Hfk6YjY0XyuqwVombMdlRDTYhooJqoUOZryrohCVc0JBgaNwOxTvvEIwz7JLMT1SV8Lh72rCOjJUlvK4kdmlWixYG1rTReBGLlWmYoshNtaKlf4fLMcYE/jOJR6qA9foDpzEukodTxNDYELD4TQlsLDWYLNB17SkdoxRS4enTQ4lhZPs88mzDavXYJG2iCrXznFMdmmAH5jzwsOw3VPNzju0tJnTg7uZ/kO5tDC+K/YOZtd0J6C1Gx1k0FGArY1tM2m3tX4Z3svhtDb7YSIiX/DVS/C8qOpXdD7C/Nmu4apKD4ggNzkt92Z1VhFBBEcW5D6fDb6UCzR6jSuIRCEnCK2dMpB16mQJlLl9geGJyUMa3yrZy8zDMhhg5mPhmdGEtzuU0qbAE9D47kFxnl9c0ULnzo7jKT5pdmDY0cZkZ+68+CjDCL/p6lvaRby3k2rOfTtk3Lv7UEDszkMp7PEOgT9WzjletfiIXyrAs/0eXe5S3VslpEnG6wQYbSsHo1BhU5OBnQcc+nbkT2A+UPMCo/z6it9QNV/JW7ytZz8O8pq3x3szpxy4noQRWnoctXWHftbli7l25cqVK1euXLly5cq/Iicbr2VcJE+fRpH/8pdn2X5l9HtbpMBH27Iu5cTB+Q/ac6/v9X/r9Y1BeD//vk/7Vn5bU+QfrH2ty84lWLtG3LTDt9bK5NJUVYeamcxp6mbgcknptBx4JzQ6yG6BMC0A2AEiMM+T9VHhRA9B27UAoPNRemATs2yQjNMkzxBIYaF9cFuW9Zs0fuITTf9s9UXRADqKn8hONFWtGp0MmkaUEJAYUyNhyw0QVgCOhfGUcKzUSFr8rUz6nl9VrXP+4vZoXnkncNCinBU0PwZBJCo4TrIolRpWwFc58Wh0RDh+odJhKstyFPhFXCdaaozDtoB/CdhBd8MRVa3IjQ04lLTMlrXUNGCR6HgEMiRNxYyieVb9XIz6pIy4VJE5cVe5YCXQRSN4mKWWUIdiqAoEIgU2w7HszaN5BUfBklboZYBp9pP3QloDVPhmvs05vBNxmnLC9F9gL5NLlhtrdonJtgyX/DHofHOHdEOV0Kf1TQh5ThDnaSMCxyV31OPO0dpiBf0rNGbYnK1mdRt6VoXVNFgeFNj5XjRAau5lgVENh5sjgIk4wJYPlMfCbR27XQGV/QGEOKMv2WiUsbk63Wro6ZJhVU1snxgsa9DBPj1khTc+agBnWbS0sC1VdZ9G1dqaNJZDlFuahGNuOsmwTBHVpGA+Nfjd38LPzr2hh1t3zPwFOGxG0XbP8rD9ZBMO6jvenvnLtaiFvBjHJ6a49Qz0+10X5Ex1gEbY00VNJyuNx73Ox/Ru9nWkeSveFthukPvMoA4c19F5hhflsd+5EDF7Z7Ev4V4jAuWThutY1XUxeuXKlStXrly5cuVnCd7D2eRVFjWlPDBBsDny4bOXxj/zXt3F7fk45/HT1jb/Vmn3837+sc8lBuG9vtd/8Fpe5bG/uXyRDpVkun1W/uwEjDTXVh5b8j+0zfq9Yww/0m6iYu7RboojhaYmKuWxKt3SNSsqoRMHCouZBV1NM2ZUxXoreC6eisVB4ecSV5c98kcxTKMBJsxshoqKzKqJ2GEz4bRRpfp/Q1OVvZtI0GhU9kY2+I0P6TsrQjVqRctH4nmi0x1viuNFAyXIBOJnPiwNIPTcMjTBXJ1iQxBZEEbxtPVvhm80WIHVAZ/SxgFyFIoQN1XmAajHTSNKDgMJJ4d2zE2JlliGDUz4TlC70bzpZQyoTPtcSsNrdH7WdwNHtGL6aPD2rCavxWxyrqmyQ3afnwbsNtzpDimaG1A2hbk+WjHdKmsMwDIDzkH6xFOrp3XhgZxi5gU4HQFEV/wTyuIoZQe2kAart1i7VGEftOaWN7Ba1El/0svlRlRxVMPAJ9U0YTdfdL3S5MEKYwuEmvNc1gO4U9eqNmNyBRSMZQtb9qnfkTY2rbQF/0SW6jLASC310yNgDyH5WB4dyWh5XuJT2oaXttZwLUtnDmr91N2CHK+5fy9F2yx9LOUZn9FXg/Qqs0YYTykKHU5PZH7gHKNtX6BhL4WfYaT3COHuqpZ/jx1HcAW9TWw5ocGfx9ZmOVOMnuaftPfN998VZQ87IgtQpEMbZ25HUt8s1CcOaatvvyWcK9N+9DjRTypr+/X7SJbLgwx7iO0c9UO/HuBJY26o8DxPAiFaqutOf1DIq/Y/pD8h60L72ttTFH14Lzp45cqVK1euXLly5WcKTCCy/KZjG2+8327vwGw8SJPgYlF4tgmXecroRP9re/L6q/Pb140T8kNs+/f6f+L6P5Qq9/pe/7lr+SDPb16TYdE+yQ+x53L8+/flFC/ooXwuc+EbfYmYyHQPnzbD1aTYCDeUQGokIsC5I8m5mLqorkpUcb+k4b0y2G4nyw9AggNfBxZsb23GGPwSq/oSjRhabaggX2SnUrFAeaRiAQZqZ3AQCr97IjZF4GhTVGUCwzTgDCKA8IqCU9au6aZpB7oA2g4ZiDHndsnhjk+BNTnwpGO61zEbDoc5oDNEp8MtqgZC3l82dQw4wxxFAtRZvIOj2jNVaTLViMSMUe9FhEmbc9abTWpfl5mPAaF6lad6ep80mzYFGK0Q6dAypzNLTFTZxmrGDtrdeaOZ414FkwUkrqKiX+VZtb3AZQjAoQlOipg5spcmY5NqZxhaB413I+jBUaliifVb/WImN3NwenoiTjXEKBg8ZSYNQ4MjVdbfbHE1mnRPOKqJDCCXURNbmTtGxD45OSCj9xJJ3X1vapfh5j79CuEbbTywPgTguSfDHa50P7fF59sndtw7Bo5NOM6N/AQxas6oBsHgVEOupJmculLVwaCt+3mQzdD/Ak84bJSqpWGGIoBuPZSExiwZdgrmgpl9giE9tPkIchS5apkG/d4XHL2c8pUCxVr3Eskt6A9Yurftfsy9q2Qm5M05cxh3vtQHooiJKdnjF6HveuEWC+nZ16vPt2NRGluV2Tipnhv0rgPHGw8ZWrnnzOlzeG8A2P7rdDqSLPcGPI2OrVeh/qoGeYeeFbU3WJc8/cZVIbk725L8pmMLMbR4e8vBMMo560FWr5LGB1Ok3tZUJ55QdGqKNDlCsc2kEfu2mZghRjA2eiCEAhTWn+vxxGmLPbfG2tDkXcTTK1euXLly5cqVK1f+JckfaGT8tOWHAF0zlvdgs+3ug75Z/n5t7UfA+/y/e23/YF33+n/oumIQ3s/7+ZM+5ffyzO/cdSrHXucRaynyVLst36bXKBtmMxFBuOwM03jmR+wlEfvSrFaeFnYksC9B+I46HuQHXLBTBzRD9SCvJIlQMiKiV5cmsCDH+COyHpBa0ee6u0wjB4AiGUzPOtcLzaUz8oU5EicJsAzsuWkLVfDxRIQYairJy/L/qpEyHKgKLCh8gSp5mvuyYgt28paS/9F1YNqB/W6yVMqTWgsjpo0gRNYUEQFmujkG25h9qcoo3lSGfvUZB1wr6T4wNio1bn2NOph0kaKDepqgmdL0FJEvTPfk1OUIYLTTrIwOOyGtvcxVcD3SaGu/VDcGmh5+caW5uaz1Hau082rDPpylmcryYqkxj2Xh39H9cgQVVOkYW3h9Vc555rKAWtoXsjkLz4oc2ZavQQPc72gXNbvPawt/j3pu/NYwV8wXQIADfsCY6l4agkOS+psmWet1xZzxtt5eqvGFBNFXm8KeBnGT93UthXy3eTs8w189lfaNOmhKLdPsMA08J0ER2u8CZikAmLfGd4Dw6+vrtWvE14LgsIfta9kktV9g5qhFwNcn1pelE1HuS/CEq7+tg2jbG5zyF+TIvFwyLCl5ZIdHpJWwLc/z0KNk/up5W5B96p6eJsJb+C4m9jT5n8r/HGbO/KfonmvOCLRsPU+8viSlFl/HM/ZLytNDfcGouUUw37Nm0pUory+hxYWzOyZdn0ZL8i1EfeXKlStXrly5cuXKvybx+yGsoxTRqAwDZIMdaYPVSl+/hdnp9+3V8hsl9Pbcz/v5Mz5vDML7+Xd82t9fgrwtx4532ZtyPow++Pgtlb/aBYOLE/HuLNh5KiIqw8zgnTEaRsF1Fl+I3bTfcaZ0GpZZyPCnCJCTvtGaH7sAMINAqCoZBVET/NCsCLAcnc6PIgPhTDwvYb7gI2lm994TjcGoQUbZ/L0g8aP6czCUSfyt0hCZJDHGyFN0tRi81FQCNFLorQW+pOkZLyA8D0YlAWHNzS67OoOF5rPelKANyCwnpVYz2SMqWdCTZCozy1p16VczX6iKZxAAFDMIimm06ap1IodGoSO8WyW7sxZFrgsUha8LBe44ZAvalgAe/jBMBKvwTl5Cg6sBMx6N3TUARIirzkhQYtmIrUC+aZkXX9L6EBgYNyYma/UbTGXLobRYAcIE3r7ajwUmmU0jjBTGTmm3yZY3hF5oyPdQWUaTIOKwzVzSvBOsXbXmCJmxpVURPNPWXoKJ2hpX8SyzYU8yuBFHgHCHT1oiNr0MXFmb4NOI1Aa0cK929OURvStAa+3beqJA8TBSaSvWavvVMQ6hxTDwVmuvHCNinfJ41bJ8hdjIohyrZwAjrAoqW1UEJnBqmpqBszi9OXsjZUWzsDZM2yEARmDa85P2AeWN98A/q4a0Ya0DCSecrHUkI9y3Nwqu4JT+IHijT2w9fWAu+lnKX9fDVqyV/un8gp3z+xENXsq5f67olwg37fAglC0ftIcp9HLtZ0vWP+tJwfvSCpPRrDi0SXvYwMqZhH2tx/ByDEItD5BkPbr9ialYE69mHOusnVhQTAB4wo4/Jl6r6iANr7Jwx0AP9ytXrly5cuXKlStXfoyU0UTpwKG/LzPfoH/WL6HTt1nwmt7twIUjVp7TXfvn79vD336+7t39vJ+/8rnEIGS56Tf9b0s/WCx/o3z7Zv5vp6/mIFtzcr+WzFv5plbO5oLc5uigmYrNlaITp9EzlqFqmL5fmLCOoqpjDHdBWgfPo1GeKCoi7jIT5ueJVicWJjJNKnxR4VjDRIZ7biQzaDN5azfcpZFOJCDHg7VOgKaUsqOZBwZkr1zRu8TKJDHgZHiQEsiKFnrVdIXnU9Qq/GJa5UR1EI/NDwR1pEB6tMiIL4jaLdkuI+yKHqdS5rSkdDo2OdAsL61wuVSPmcmA9T8Ba1Z0AbdNzAzuO0/YRdn6q83pf7B4DCbm4fuMMi/jQarhzgQQqDU3Mn8yEouuwUyI6Gm39S6diGkfeN5k7kXHDkfxKhLEpVLJxamEq89ULpl3ud+7Fhc9UHvzRABzXaSvCjNL6s8ygXvRwW41zcnPhbi31QOAp+QEkGoxs/DLap17tAomSkwQE7PpSRkXcMW6ul9KVbVJbpzbsYRQEBZGUyKf3WgUySMatyeabYl1jqLrb9E8bfVFoStQ5E2otLW+B1kPHljU4lQhzGfjnSd9BLtKqWHM80UfsGifscza8E+44xEtyxJW+C67QZ6uadNuc3XREW9oz9lMko+uYu5aGuuAf04qp8dT2/cTTHLdCvaL7r+RTxYINsilTXgtKFr7Adp8SH8h0Ec68bZYdGv96xOzHZvYFY3YoR3BlY1Zt2Hw1odjXSzCv8nbw/3UYNzYGv2RT8zDEYzevTHgqrNWTbruPFSAJ4NRIUIP+NWBPUjr1Qee2FLPrWwR1WVoTHvXNVL1nBMboeb0SlRSNd4RzPKcU06teBWMJ+EHDm+vXLly5cqVK1euXPm3pdtpbfmhrlsm+qXX3u7/tN34cDjz03JgStZTrh9pz7/p/0fTKwbhcpLabvpN/8V0+7fbs5o5Pi8nzC/2In/8/bY9tqSnC6qwHX6F0SbcDv6V7DSxKWYatKW02XVbriRBKPEUXZrUbawIE7gb9lp8HbEiF3oX3MmbJdvE4StVBsrghG2EMXqE0S1bmxfRqeAOkoWPuqcaIQI7t0gbjay+GPDbCLgp+qiatL4hOp2d6T5GZ6hQ5csP2DsJcKR319SpG95agLryKZpDDtqWEjWT+500glS4wA6vCMKmOXtoeMZQE44/18ydX91iiz1+ZFvK92sZf1VVdVqfNh0wLqShqJ2ljwTBjM2v2UGE+jvgHIOoppGT1Cis0+bNlIgV4XMyplk3SevRpJumT3U4pLq2o8s1KgHfSq4aDCis3xvWsSJ/D14f69V1DO22cuhPY8Q2LOpbBly2ng8duJ32sHLBu7XfR/ARKT73a88oI3eGr2jUlv3J6R/zrnSpdS+F7zo5LfwQntv4VJjSlaO19uggkTbPlrjtyS9r/yhD1b4s3kk7Fn9VW721ExKLw8+Db8woona19wzI/TrWzupc1OwwCX9h+A4y8giAiUhFBGR0kKPnEkNS+wi2Pj50mdPLyfCh8TmpD545l/aL0GvEx6KqkhB+vBWZbeUsIHfD/6IQBfl83SdfbHEIXvvgwXIc1BWNfLnF1f65rctvya5tnvA5Ff3RfDhFIG1mLGjrkv+opNhhKw+0tmaThg565r55rnA+Gux9MfPzLhtUjIW87wBXrly5cuXKlStXrvwcSe8z+Q6bP3Tf2IctHGet6fHr0I9ktzfgD+3GECcYvs//Sbr8Sjnx4+Pftv/f9P876RWDkDwr3ut7/e9ez98rRx7TbUmXD8pc8qCgva7g1j3dC/PRGGaifpDcKYNq4hiWjbTeW8BSWWkZycOM5Y+0dMS4GdDFgrwDi1rEHhPAAgnoltmQXY/i23CG1tyLIkSfiIgpYIDgFwZOp2X3zWo0i4GBlp+zaUAWEjCGCvxRVR0WXtRyEKLpAZ1GzlFMk7BPu1O4tLKNaIYEmdNxlVKAJdiGRmjpNwe16V0r+GGmL4ZZ0AGBGaRZthv6oKR0FxrzrA12uduD8tR05AzIW1jTNQcIoitEQ9ngTe5fsxMWXjaLZ0dqEVHR0fobhk6eoeVBdLPVoqe7PBGbVhMtKTAhlPUWG5ludCvHzqQe6TInU709Ze90fwwXso2DAdrLyQbOdqjnAYB4LUV+aqUUFxIfHabN2cQAIZuPj7jqooNchjECKCY10bacpT0nfa5v7qyNdTRM9u8/tn2THvQ0DVs1/SjAqyp0UfJDpg8byY118HdJHHqCy8sTM4AwzWMrUcaKE586Ylt9h+1ouUa7RNjPLajdiAzaEV7RJfzfWtxOMtz6y1vWO6Bx23bwyHiWF9+tS7Y5nJVSN3aAIzT2yYxYQW08z6A9E5CclbAmKzjL1gUjeBa5M23ao1Z6ttEDos8cPEsO3lMfOzXltTaqlXhivXF4+1wA/UXHNmwbpgWde2rKY8JB4BA7yKexBtkHrvTnRt+IVizxRG7GYSHMMyrB+B/VLKJOsF25cuXKlStXrly58lPkyd5LzJBgFnieaRSJUNZ7I/Ifl/kmj6lolZnp2trza9cuCkPpT7DD3+v/9esbg/B+/tlP+6drsc/bsKe3FML5nvK8jD5InytoZJSzqH6qePzgiTbFhk2AgwD3zJgn59Z6qYhY0gEMhWVQ0ykmGb6At5XltAcMK3QwMkQhoJ9JcNG2U+sBP1IqKCPxn1vIOSCiwTrZySImERSnNRQxdjwlMUkyTxKUF+hG3OSvDJq6t0Eu6nR46+CxErVixDIKkytbc9g3HCK+0zS4k40vQUOCGKmtKjy8AlWHDslGWRQXpTo1NedYJGyIpuXys7m/81hyhfTQV0Ki2RjZJKdHG5y+PtZb6YRWy8Bdr9lyYpNENnKhVvzKjmoCEd7KhtKV7gu8yigy4wsPcysgeqakJIDcbepM+OAx3PWxxbrbMbmXAkZymIh96vfYk4f2WxKduTEMQuth0Fj3uTFhFZJzX1vnByOF6/bR9iF5dMPY9FZqyr6iWdUIeWj90rYXAOHD5NhLUUAtvPqMXWrnc2GviTMs20PXg6ZueTvUObcVRFvO4auaqi8796SV1Tv2q42jqtGVzlvnYOJZ9hS+UW3OSutlW4snW86EaxNQsdkp9mOJee/+Gdc+lLfG1Np5l8xmbirIp0E9ha16/VJnD3VU45CMeMO5+VuLHtieIRu6SsVqwITZUCh2ePkvQSVlhJB33KMM6JEeFGs831zFv4Cnn5tYg4S3i+TR0u69vtLJyVP+oZ3a5yReQQzels1s6vLmSQvd33bOXeWnNlkYrJwJ+Khj69iR2njIpO+KCxBeuXLlypUrV65c+VGSvwrae3uLRPjik05cP31LRwR/+9NWM9EfKPPN5z9Ty/38X/lcYhDe63v9m9fyPo+t6fY6/59pw/xj7T+W2Txq9nIsLY5+LzmbU4JC1NSG6dRRXj3dFqlS0JU5EMRsLjIeGUzDII2lpdOfqFoeRNN05wgiI2vVQZgSk6mnWlbgsqUx2KKCcwgrWFgXxW0y08EVKj/po8L6s1HbBpBK3JA4pxMBGVmkQlRHH8Rk0YVaDCwZJtoZXSR6iKBd8IXaCHjWwORygxooZ44Xg7KsMEs7cjA0TVVkih2IMKoy3C2ux0j0VaUYMAtfqwX1jEGR8wiarBBWW1StRdjom0jWCY5g3CbgcJFG7txAPMMwzT09LjR91A5Ox3yYwQ2NcUn4YoqNrrz09ublMOJ4YsYcE54Tu0o0A8XZukus9+m7CFvvuVBnTOXTolSDXDZ8JgFqVmxpOV81PTcmMU2RKzHaaJW+NKrLNjSv5J1DPBVyUowZxZN03XS2Go9BFvUwzV+3oiDSqiaegoHhA0nFuhdbFtOZx9YcDGKhGKKrvnUZSDS2s7Yf136HF7fGYTewBd1BE7Xny+uH9roz3r2CfZIfMvluEN6jPcgrdladdaSh1r2KToob91KD2OiPu99HDhs/yPK+DH4BSKhPY4sl/wDnau1lK4xiWwodoSBH36+WQ3tz0vWrxXP6vjJ32U5X/AFZ52ECatT6vbZlFXxYeLnwxXFnme0VilBlf1MYjJ1X7XiC1Fp4qD99mS4ZMtjtkYh/5cqVK1euXLly5cqPkfjJJvXm21h3ONSvlfn8dvzLdualzD9vS7f286Kgyx9j57/X/xPX/6FUudf3+veu5YM8/14bbEnfnxzaWF97HopNeGqDfXAtomqmU0x1BhcwMEQFBYzKVINZPe5VM/miLnV+W6UOVRPHhRKTCR+chRzBBoZ+wGxFHjbDxEgIEHU6qUmWuJnEiXdYoIIsQ1QNzxiwoCppGNUOXWxvabkiWCtvaftaMSgezdvdbx2avJCgtEqk8SvIaCg8wBqhhwLSVNFK4jsPdbiMlFWMLKVvVER1TEzZKTZMw5VBEjnqDjirDD3oAK4MV6qWcGPqWaXhbcU5FA1SQwdXFk3n5NA1rRTskPIwMFhFzQNX+qUMhPoE9ORqwrudihq5sbWivDAXJpBoCSRrFpnScWcFDcRicYMwuhhDv2iaYRo0eGhVxiGQ5zLLalpV8McqScle/jRPj/gUNfSFJImShw1BwU4UNMmNJyPFHQAiDZRPJb0pw1OlzwYdGfhTxOc8HySoCTi5yNVA3+UY50+K5VObc+3TZiIyvjzyoldhQH28Y2g90iMqX82obB5vL/w4MCZe97YWi2uGS2Nflio5DTV2RB1KnMthHj0wNrAhETluqEzLn0GpEEfOcgduAxWTecojytXPcGyKt7ZpR1puusf0RIIBfpBn7MOGTmAPOFJEHFseNFxI6f3reSEQ9mlF4sSxAwe3hvRjCrFl1MZx1puuf84HBl6SQLXnrzlVc5vns+HbN1i05eMOjHp6csUzGFw1aauc21P86Re7UUzcfAamfnTJt8j00LN8HqJiT+o6x9YDQu30Ud8oJFbRm7CFVvP/CQgXo1EJJbR4jUc3o/VkWtLbQlrc8a4Ap5qIfmWtmakI7PGErzJzDar0GKhoEGN+8RCOCpd5KzXovEVfuXLlypUrV65cufKz5GR/Enl7DUMYp+ffZAA72HXf5qkaPm/P33P9E9pwr/+PXFcMwvt5P3/Gp/x+Hvt+vRz78LN66dr2uIl57mNvbdmVyWbmjzoY6wA/KVgsoPyJBOMkTpADEIEZDKYwCpdX/klV1CK4WXpfVBiJLJiJkkYpLypN+UYEoOwjE4sq1pkQVQjRf0Va0WUMa/tSwDnMubF0JEo3Fq3SsZayQCqZzE7yxKzqvssezKSki7yrwT9p1XMyYllCGZ5j67UDFPgCYLDqV+B8BCxK28Pzxh5oqxy3+vRw/+mmYAoGeVSGiUMRKjI10EBAyokUv8RunpAHOMyVnGno/EzzdywTQNyFUAJDhNdafhc0mPh5AdWyIn+AVgBhQAJpah5AIrwa/8P6hCxsofX3mwQLmhBku6/51jIdbu7W2iMT5Uly8bcZvofhrpJNVgMy7yb41IxNlsrGUtWM6IlNimflWvpgq/trgHBrjgg5kDwCikgctZZriP3voWinp5sU8TrXsNQ+KQfKpx4qNklAHKE4NT0c00c5gI19D+tuBPIdJn/fXsv3IkBMiw7m0t02h4DkDw2t5j8dxCjmOvfvsCYOZdK17sjKPtYx8/po2kOjdzrvc1tyuEatOU3+eoIoyxNtne9vSjfaK7R9q23pnct6zwN+8efGHd8AACAASURBVHXPoKo9UKifBTgMwVZvXre8vBLqWEOfL+smdaxIK24ueSrHi1GuzqVVtSu9arzK20m5njZa53mU0/JY67z0ZfHYmGPtZg0j/ISP3uBAVPzJyQlb/bXnkyy2C3S2FfNZR65cuXLlypUrV65c+eeFDT6w9eJnCEwYOKNbPyDSQdTyK+9s46VyvmE91u/kf/hc2nk/7+e//HljEN7PP/Vp/1Q5UtdrvMC/tW1in5YpD9caZbT0emIBt1OpgG6jVRXiftIMHi/dvm0JLqrwE9JUvqJsG0akBZQZEJuZchIC46UZdSqwGSP/pO6QTbM3zcw4Ek+I/i8cINkMZyoGj6xwxZmddyYN8zygNM/mNcmMhoAT0Dg9lE7KquaX7j+SZWwwT1JnC70pYcURRmoO5thYIAWwDkkeSuF2ApLWiF5Eirq7Qo87iCZlF0014bHhQ2hJJ63hEzg95BHbNKILFWb51pqC444vtIX97mLsYsIqut6Whmq5Ysx0a2qtsVAHCKN1I1NLG/wGKFRycBkPkbWecOVHybEuegdboXX59yAcV5Rpvn49XzkpLaV0/FsffHySp9a437aCmIFjYmKD84soAYSVd/W3jLkLL6qYvtxaYwg+YaQHIs7WZ+B8zmfM/a2cdzIMuDgjyQaYOojooDqWpU1EJDUjV4REvqLdQEFTqz9FIiJYbc7FnOOFtvCqLae9iYoOv9Hcc2adQMnZHT1V3aiuK7jCX+4aLbiuljMNt+2cMxWeM48Fkh9FkSIaKud8x816I5g2C7lyOZty2L0/riCUznsZE7zqsWJnCtonXVjX+HZooM6gSO0wvFn0Zd23kq061GLUvwV7fmrLYye86Hy08eLLIkybxiyf7is19nRK5WU7TnOmu0xYHvfsGbwd+kFh3KDPVPCyefF0W2d70YKX98ysGk+vFS7lVhmB9PQPGUm0wkLrt9bXlStXrly5cuXKlSv/lLDVid+N339+Gq3w/ad8lNPyR8QftJD/obbdz/v57nOJQchy02/635Bua7q9zv+9dPu43oWEtJugF9tPftuhHpiz0+57+kr577qd7Irs27N5ZoN1p+EpGVSP8X5Nk7VmVEPcM0SL5iNwSJnB+TQiV8HKmLQvp5oFgkN+R5VhtN2Zp2YorNxrQF/zwIFmTLxAjrrbuQ/BaExDmDvLimJTcSLujbHwsHSvCHM5GcwCImn0o9XEJm+Cd2X7YVaTdUoQz6raBATK9VAZmfPBCnTtBZXHgKuMhFmKkaZaHsvhi/ZkpE87oKiO4DuJM2xSb8X2YM2cDaEcm2pDCAGSNog348BlT3ECzDmw5kHCEuSsKVfmSxqyw6LGwmEwIlH2Vk7ii674AUBhmM1U+N6l1bPlk0D9GZjyvI29K2ZTKC7G06icb3zNzFvWsGHqmaZLTFXRZLOaCNHaBB4clV+/FXZ/Kwxr6XHsVcsBgjTCtwMEj7jGKmamojJUVE1HhRjNyTIbr7UBh7xBlnPCiY3zS1TEyj+qe1Fe29U2xtES8yRDRDDdAUJyIuoNjHMYBiKWYHAQXBTbZQ3yTAx2b9ry8O0apnEyszHGvvbjEELuTq6jvtlo++dQeywlFKI9Qy6xI3Hqc4mzI1TCAsK0r77jX1HJo6O0/UToT7C5n6H8RIZs8fdaDe747rGXrUNrj3b9Nbz02DBi760gZS8fLwKHduXGXS8l9N6z9K52eapgfUXIPJxmr0O1Pkh78VjKp+dEDuXDSRhm3L+orNe8LckHgiBqHpZs+toeTWqloJ0TG1zOzGwvBXpmFmQWiBeAX19rV65cuXLlypUrV678PdJtPu18H/8xcXp+uWuJUMgWXcVfz99W2pNdetZP/hfN/iD9wFN4Ve9Nv+l/Pr1iEDa+hhBp5abf9P+qdPt+OXZON85vv9IeW9KjbWEeDaKXO+FUUXHHjxBLRk5jzhNwMsiETDYg5AfSA6AuIh0OFZExBmUPTE8T6/QiBneCrLjUX36MRR2Ff/kT1yz17AFyEucysSDRpVdYFZGvkUU+M7cWXgMR2uDUq+CoHED2W5btgHVsioBH+dLoCPTUgjqpPOxqMmGyc/1jzJsRvUG43prJkw250LggQ5ID20RA02tozjMwS8naTlUvF1ajRTSyhc3DkaLSfM8mVK6okMtUTllRs2PFchImsyp4tA3eWOaDogEvRmnP/zCYK4JWGOoCG2z6XBVFqhAbRjmU+13RKXMub6CjJQ8V82SkK9+ETimw3knOQymaXu86XmOlBScohq0cU3mmld+kopLypkP+DDMQltu+m9LS42NOZMe4+TAEdl8HiWLfM4/GGZvnsIFLZFO8oPu9X1+Nl5fz8Qu8JOIP1zQEqxaMPCb5erucGF2LsUB5mt+MDuoyCoyB5daVWsmfBuk3emD3GLUxWOWesWJczOwLsJMQwgPWd3irTs4seU1M3N0ouC1uRb+Grvmz733KOwKaJCZDhFFVrZ5IIaKKSbEE5NuX2Idgnt/8lHlBZY6cxWP8yyLVaduuWWM49kBvA1Tg252rnh97j7YucCPbLNrx4O+QMuMLj7Z79mb5qoQz8ii824vuwTPfDezz+8CqnEh+6N/Dvt01mWGVN9eibX6+aeHQ072V4dxA+r7BeNLW9LK3c3zHKtuMgnAeio9+XoDwypUrV65cuXLlys8S6+eiNxssX+tTetoZX+SnPI/lLOn9dN432nPTb/qPTa8YhETWudf3+heu5QeU83Tvni7fy2N7/rye53JsKTNPgKh5hDhyRpZZzBgYaaakw9lzGI668QeG7W5sS0wATUG8q6IwsMdWQnM4Ik80FHY0+jSqXEDcCUYaY1Sa4KtDU5bH4rMjyaeMYYDuBkqAi8rANaIBqsk+MzNzOloRGQ3ECBsafjtVBoUu1FCCSHOWuEkVKGkXLwpjkqxUiudFAfAUFjuoLY2Min1aE7Fli3v+YaDGwGx4mhY56I1KR2MrRNDhRK0BP8+8FU/Dn2xd3ezQ2VrBWKljArt19WxwJvhu6aP0ysod4rou1i4ZTXfKWfBna/LSldoUrMAwX7vdGstW+ylJ+w3aJ5ZHWs7JSSABJysbDK6IVXhaNC1EgjY+bMy6MPnXHDYEi7Rqg9ZbQ6kJxGLyjav0PdvLLZmHHQmIGdcM2b7zkQdjmRHAL5qPJTWmJstvZv9H8qc97qbF9D4MXwWNM5v2AB/Q2PObU7lb5j2tT0WT3MGLalfTJXd6hnL6K1pkiXb6PtcawOtNRUS/JOe80sj1owGM3VZy/6lE23pu9ssEqF6cDjhyhb7FYzcrYBIPwborgZjs+7aJbQN0HLejtA3lcF9/cC47X6mAp3md4yRi3EmsL4m2FnGjPm5Thw1o2zCXuINLx5/QO8bVDr19tf1LMjt19Vfcfblav6YNHM9z6iX3eXv6HNpfD8zHXLRW4w9+nerucdPjdM3xeBewB6fMtEkclSZBwBaVwaqwGvi1KOul0OrFK0oraKsPr6XW0/rLwwlurwY9TuQrV65cuXLlypUrV/4NsTAOyCDbbB5zTZPCft1ttun8ZLXl/ta1/KFy7vW9/iHXNwbh/fxTn/YnypFv1GIf3itbzr21ex55uH5sw2ZKXe9yE7AtLHEVETWbXjBoQmw+XaQABiGLMdUFpOp02L+d2acYhrBVgvlRAbTIGq5g4JGTvST7KeoCo21IhPsCDpKN4HiJpQcD7YhMh0zB8J5WX6tilXRTuIR5q9P3phzmS9MNKtnGhqbFdjuY30X7N8vp+4pXrKpmmiCHqnZSowBw4T4pFVADB3qTmM0NodtaWPZfozRdGr33MYtcCCILveaEVbdmHFTWQUZ/Q9vL3HhpTzUqX7ZyRI8N6KU1JHLBqphNUXBgQW6atuSgZoCwWTUTINpXaL1Eeu1rzMsE3VQ1HOpiia52emwTuXyt70CxSJWK7SpAf0ijvIgenaKqlJPexczPO9s0a81e2rAsdLHcQk004/+hbGhVv3B3rtct1N8B6CkplI7+XNrVUJyEGWm9mfkxj80xoNZZAOIfaWzChACQV1cDDEwDkYcWSKWZhxDmhGnbcqgxorFZd0fuu+JPq9ZJTgFaHrwtPihYDgtJq0DtxTQeIc6evBq/35HTaYolx2mXoTh/Tc2Lzj1Ha7fqqrVfaPLL5j5+v2ynC6Fwg63plp54rOh4u0ijAy7HF9aGmj6yBbenz7lr1o8dLHkkhugN2TReOugeVTMeNLOTD9X1fAyropZLvl21GfDUoo1O6Sve8IRYsetDQdzf7rd5fxOoauoo25UrV65cuXLlypUrP0qUfinnZ7PltiiDtluDjnd1a3DzQfrw+SrPXtpTG97dez/v57/6ucQgvNf3+teu7aP8tqbbt+uSb+Y/Xs9vtoErftEGSrdH/bilzrpZ22SITWR4sl2n1axzGup7Rfdm8zqZhLyMHSVJaBMBoS2suapzJno30n8d2ewG9Whniyls9EFPGaaNCyfhvCvJE3yrp8z5V8En6Mdo1nZvILTQzXWMATCMsbVYl0iBRZ6idi3IVmvvo31WYzwCkGXIlqmZh3uSl3WmhqiIgDB0gI34OvKwr8G1xhP1JPikW+FHF3yvi32Rsi4wZHoCCF8PxKFV8g2QoXdtWVw1lKd0IsAmDQqA0M4uUtD0LGlhqxZ8fg5fZdboXuQz1oh4WoVvFmR/W1Zh7ZU3x1YAh2Ysj5W7rko71IBVKdhJVi+0vZtryY3xlyPSs9UoUc16OJzBO9Sx9tfzGdB+8aWWPDhEsRderFxsJs9zNeDhwzLcd8dWxwfB+d5m6N4IZX/kZLNECiF/2R3d/n7co5ZTI/ml+tDn6jj15a1/yydZO7jgZ4/d0qdKcW3LZLOe8Ilf4o/a/x0foUu2T1C3PfMnbXjRmPPaJ5rtEcP7rn4Oi9BkBw+XceREn6YFoyYq6E/DthGf27kq7flJ9lq9LVtcvHqSLc/uJ819+FC+cuXKlStXrly5cuXnCVsGTMorUx2/fm0HJnv053kWc8Q/YVc/tLO94r+2k+u7PPf6Xr+5/g+lbvbGe32vf9y1vc5z8Ir3+9ePbJRqj61tW9sZZB1kt9W7nXkiwoMtj6IFKxq4bGWk1yxVhS9BzaIU3Bi3N1laxtYT8nG03yJc2RAz03RdpZYRBClz15Xjf5quNgOHw59J0nnyRakWoQF33hjM9+cB0fBCanvBJ+vt0dTbdb/ztto/D+0ouoa3liYDSJjPRj/NjMdvy+6oa0qfwLBuMm3pWbS/dmDiLJP03OazXfiBdCJ4y9Fuqz3hnR/V1RvICn9Z1IvmUUoWOLGowfYa3oEhCfIoI3qvmqltbfeZQPO7g/kJNTwpqluKTb4GHvRd9xrVjmVs23UHaykD5sWbYUKUU0K/ttau9vo00G/teS1PqNXeVCPtvcDYaJM5T5JysUjpO0nL/RQf4rex58qHLUhVzWZ3Stl7/Rxa75j+1M2X+6Hy4Pi/lOFYeyv/zWp9WKL7nHk9Ut+QpwdHLC6mXucBC6vH1mPVut/otT3QcL/R8tfU7c8LeYsLHtOf0LtPMVos5oWVyAGDX5RwhG2tP1bttFngJecA7G1PdBVajG0Vxz9DeVPSuZa4lOwejKx4z485RY7j23W+upfOVVYAIr0S2KaO1y5SPzlqcOXKlStXrly5cuXKvyNhLtlNdRY/tuqP/OGhZ0TNll+wf+Da1p979/pe/3dfVwzC+3k//xs+8ynxcf73Ofc88nD93J61bY8leNAx8ziE091Zeci86cm/bK5RlSkw7TcUgZ+d60Zgqhy2zRrvRTWex82GFRiXNEMiCjQRZUaIiGl3m8oB3nbjl4joWKknRXbZ7FmcAuve2Xr9GlNpJ/4VVyf3Yh8YanUPN5V35sfTzQX0SoEoNUa6+X48KxG2wSf6w4sePcKTH9z7IG85NAvc8i3pqnbc+SOY5FgXUKpQtsUMHiLTJ7fIVB2ivuAynqWKrAyODziXtsyEGHFav4xpuQ34pL1DPMc+7zg0pj733f6U1XgHMnX7tvq1NeNtA568Jj61ZCnzfLqifavpWflFOU8FBvBwcAOYm9+jnLeO52xPGNKHC/OpO4vCXrazynuXgbClR/gMJS1uEj9qwMvy3mZn3Auj/+JGfmosExKbyBmK/nzPPIFG3yhnb9Unu/HTja/X3dN2B8fpW/rD3KMZctjHld5H4u0qadJLzvbPuYVwip5vMFqHQCyjdKK1meUkq1/uc65Td17DwNgxqPytY5X3EJ3wde2fHym4cuXKlStXrly5cuWfFba+wvbir8GWjLtf++TS/PdKT9k/P8lTOf91y/n9vJ/f/rwxCO/nf9GnPH9rH6e3FHufJ32Qvm7P0zWVEIzD+P+0KUEZnO+YH+V6m/zwZbym3qpw8Lmfssn+5l/akSMnQQ1pZJGyOHV77q4H1O1R2byvXgLHOlzaudwftvPRfXEaWW431fSWBPg41pLRY+92YZVLf44NOxkxD+VT/p6BFafyxmIXMyZIXEncxD0DHv+WKE6aLivLFquwneIOoYG0xRqOiR9I0tIFYVP1C9ZWZn+ln2xcFFjLTT5j/z0Xqhk/8JHnwfU/lSIFcrvt2FzzgRXkDAsQxWii5jCcu6Gyzo1Dy6Jt2v7HtzyABU0PulNJTsGsOsr0Z+3Fb9HB/HMhbCXH+GXx5Sn6JTr40WzKbU5T+b5xnRhU70g/vFJyF5TcCezhrr1Rb1tN1a2FPXhALUn48085wPz03tL162xSrrF/oZZjtW9ywMEp/sx/jzfmUQ3FhrgNqP6Ohhe/oL+2MI83vvU4+qLG10j82YHnx+lrOfv+uaLrOTgf6fSFGvPRaeWYuc3AOqIRcuQtLhjeu4f96d41vZ6N56Hc8cVPpkoeufqsfVeuXLly5cqVK1eu/BtiYSNa7H6LzfatZdjaz7vz56mWV/k/y/lkqb6f9/PHfS4xCFlu+k3/o+m2ptvr/N9Pt2/mP7TiTX6rdGupx3SRJd4h8puYTZkTDkXpHs0j7JWE4rXuF4lAhpFBM6OIio6yQbdy1HENS1iDqnOLfMTfsSpOkKQSPvOQzP0qG2mwmbDJ+B3xJx38f8Uhk8aATIeUW726jpLfOc5n/IntcZwJrRjW/XcBwmPdz3+tYqoyJ5ikPsom5PjVeIpogFc50JiNZv+fvTePt6Wo7sXXqn2Yriggg4ITqICGABIceCEqCIIyJPI0DkTjC46RDMYYEyX+YozBF41DHF4wMdFMn6BxijIIMngBcWQSleAUELjIJYzq9d6zd9f6/VFDrxq7unvvc86F+n4uTe/qqlWrqqur+6xvrVUAEzQcMGPh1I0kQwZKwz8pLzmKjmLWXgLiQWYTEL06JCJtrAdbhwLB0xEUZ9S76mPSHa8eGfuICEO2IqC0QW5TDGGmY90MqJlIo6dDBruBM2LNAxQR26+Zea2nLfDnmRPGbQjQlKLFyDMNnpsU80wS+TopvXufbaXnTueRIp7zse8BmFbeD0WYyEYqlLAbtFBPxAn3KddVumgMOxW6oqTMPaNCiNQOi1GBJUhRvx4oOa+60tKStZwsvREpkq6wY4u+lH4ZZy79DOd9NHv08BiOkP9MuQaGDqmF7omFOnRG9o570bm0bvDlYNdkxN9b4SSYcaZEAiC1Z3J7Q9G4QOqy7FMmjBRv1tf0AI+x7Ktqa0ooXyQ/XXFfURUVFRUVFRUVFRWrCtfGQvyUxSxxjIQyYRqaj907GitljPyIGT1ew5qx89f0+1B6uwchXyWtXA1qek1f2XSat3xtpU/l1wnk1UtOfiqplzL6UCtHnUbiHzp2n67NpfLx1giApAREzUy28TwRcaI3yOFBPh1jtwqqyelBKzlYcxPhCE1ITsG7StOQZDuJwrKuQHRSQiKhrZFiZQsiZA4IuRY2thyeP2cmnpii90ggtu6DihYE1GwhM66bFuu1TmbPK8syyNbM2fqh8XvD3A1RkV+Fw6ygwb1NmW750Arcz6BpPx7bEwQbTheZn2yb3vaoMAqgpf/b7gNhMiOgjUGnWEltpx7Db+pJi7F0yhxtMxj3OqcOv0JCNNtl8fEWJwe4nLHUbEQUuuwjf65TT3en+VrtcZjS2eUaMeQLvVLRS6loilHqMWQNI50Qk8Z15qX6TmJR18ZO5B3CSiT00srL01FFGLTT5ZMKuygTn9OZ7no+tqFQXx/2pitn3TKYy7PZd1xFMSDkae+XMgRzXLoIW13kKJl/0TuizP0hJL14WPOBbewGdjehjSLuvqkC1n4cD4cdYzheqNCJ0HwK1iijFRUVFRUVFRUVaxPKfmmWxWfswKlz9mcCgWsQ004YxnjmBB+KyyFA9Gy/4+3hZHwAwPvbYrXt8zX9fpfe7kHIYi3W83q+KucwtKwszi/7l4X8OaP9wjwRmVJKte9ga5EC1BIsidiyiRAam1s2yIUhOtVqdxOiUPn0IQCKljkjw20oUsnhnFB5OPrSdaxtV6OIHmS4oTZmHxrddXRKtMyKA1N7WwM3wKk2xPZac3unjUyXyGUV9+t2RSWkO3ZhsiRTzpDJer0tCTwMZ2BT1H3tmR8R0YZH9eLl+VQImK+duGK6g0hvtkQOdYj6dZEaZyUI3L96WraRrfNSjRHIHhmnLS555gpJJCB4w9h7NQL7RAOAwGMS7R20RcmRywKlOty/1tdPj6ipIwW3n42miH6a/N0OeXusX4udYvyHkZUjt11+2N0e9y2S1Y57bjg3Pjj2AWjnIOfrpBcyNMwAWqVziYC/31iUFXN0gEgjE6Sj3xXF+qf8sXoVNMVztae80AK5kUiRfFRlg0yCdZ+1c6y3jqOjciAvp40Zy3nUyGALo7VG0N0DxCWFr4/OJpjFOsPZG8oNIt4TATdv/0xOQMcV6ByZkns/9+OivBnamUgDIZSaMcIPKC6GzF6DbBmBXU1D6RuEZvryXkneEHX2MI7dykwVEfXTudg0wlOi82GYOICDrKioqKioqKioqFg8ym3C6oe18YowD7Z/42Rsv3bJPUJ3fr/sXGzjOKJsPa/nY87rHoT1uHaOVHqVVkwrQ6W0QLBOhqFuQToF6ZJ0ZFE0LxpTk4FTnWtBIjIcmZPHXNWuf4gCzE6EpKxyvA3aLu/7eGlaD1EICCJnsbZHL1jvGaWfax93bWRoskWkIXrBTX2fmE63NuNb1c/UFdBgfi0O32BNafYbI+s2we3+ka2VQqIUbWg6xwvK0IyqDyPMneUfFMfrsjJx5Vojb+sYwfpfnbWDV/HTzNsubT/2q+5H0mBLnyK2UVEhYmI1Rn/JSwMJrh2/eciUcW6qh5AgiT8TdlJy2Qg2MFrza7ufZ0dvoAoSGknXKqHPM3mEkiL52UPPWh+IbL9mHY4qcXPjz2Bigzc9Itn3crslpgl07Iu1U285lcAek5Q3sOcUmHeBynuqZVwS20ThXHNy6q1nfRZTlyUzRIl6dMEIhK6cpv7cfEtEiUfCZnLegZl6ExvUua+h/iwvQOwFnp20wky6W6Ivq666e7+HIvqg8+IYLCn+to0vG0hth+ehRCH1iaPXxCZud1JnG9gzpqImetNENXkvs2gVpqm+ePuiSBaPjZV8Log1fNigTiP8ZAr9bD3H2ZTrc0VFRUVFRUVFRcVqw3ygEoBj1XTSg/x8qV9rzLKWL1iBI5m/J0Ld6rEe1+qx9SCsx3pc4JH8FIrkhKyc/FW7cczIo1sLFebscS6lJJLK085uHqipQSlluPUUQrsOHcGyAxBbDk8IiAJR7zXI87S7W3lOGRH0sxR5hj800RmtrTywvmG0CmsXbhmQQksi7xA0HCFQSkJB87rbr3xcUvfCq6uNS4btboDo5rE1kzZctpyB9Z5UIEpVZ3woQRNmhR5FLr/Sfjtp9tDeGDcUp9mMD4AbcwkkUGcHd90CdG8Btvc0KGd2j2MtNT/5686/qUwDfmJ47uDhQr+oE6q31cQfDzyWZnkESEMS+Q+vFehy/n7rCB16Le2kReEkoLUN5Id5XIV9wqSlu9DPqqrWJn47OzJRapYYZq/WpKO9F5Y294zghgGLSvA25+tcl+DLD5g1/vQSAFs+ERGuHjqIxKLugc7ui47Gzr3iMqEy/UcGiD0sntueP+Q6tgAs6P9oC+Oluvo1+mKMPox5lcgs9Ejl7HzB9bqJJUiO2DLdSmJxd75zvdudD/tJ2YmgvZXaGT6nQ1JIbJzz2NuRGLnQkpR5geA+ZXP30ks9mJzpj5YaEI64oqKioqKioqKiYmVRYr+F2HnaLo08RZpIacNtyNznby5Hs+uga5fGNWDVr8f7+rF6ENbj2jnSiKux/JSTQN15EjUyuwr34eHp6n8US0cBINF6FAGAVEvsARBRaH8FZIZyABUgFJTXjZTS0DYmTLY64NLEeq3oTXQ0H2VjeqIN0wnMYKt5NWPVRmGjnZK9rlukTPqenctcFY5x3HoHIcuIACBES/+0XnFk+huRCMluH6l9INvaSPsetWZcxhopvxtDPIBLVVmTGSTMZlotj52K5MLWTVGVELxA2GytYbuFIGSMc4YAIiJiPA0awpqcW+fYsvVuSQDg08zRFpPdQc/JRgRS9TCiIjME6mZot0R0nwn3hA8Ca6n0zKJqm0yHP24ZbO3VQoTG0bbdP9FlCIm1gbxNFgkytzHpGcIYUMf7x8+ulEf3PhJGuIUwD0CSu0io6PqPghe+EhhBy0u0w5MH83SVwXQv5Z8By59FnY2JQODEBFx21CU0A3Qi7PwWdnU4Msuhnho2BVqJrfL6GYkqr14MitzRQ5HFarQrHLxb2VILqggAmeC9TiBXBCQh2kfEuWR7Qz0EZl4pdyW0w6azCB8VHu3TdoTzLnOvBjRMwB6pYMn2TcIGIeleMXOF9VprxzGiN632B4qoXys5rwWEcHpyL5ovBn27kfdJUDDiJJbht4qJmRQ96e3R6+dB5/ahqy/Zro+U7iqxnwAAIABJREFUNJ8VTtMihHpYu8O3tZGi3VjG5guCCLLPuTeAzPxuX3Xeu8hrnn6ZR+SnCGl0Bn+baN/DBF76cIK2b0HuNJmXye5UkpG0qzSq+2BFRUVFRUVFRcVaBbPNms0B2KZE2uRnbKbcR5BcHz7PehVN14Kp/Zs6lp8b6OqxHu9bxyWzzF/ttqmNYsqlqabX9LmlQ2d+2SUHRqdDIB8CfYDnp2g6tPkhke7U66QDkbRGmcCzQnmXIfttVs0g2eu2GWD9c3hsQBbtE9rH3cpshdv8nKdpDZH2jeqsr9fua11+HhhhHsyr1GM3VNsU96QN6jbMHth2sLYggVT2Y1MJZzLRyAtba62S6VClpr4OdgLR7VTPYyhpcWMBFVnxSM42eKmTJ9j4Cb2q2x4pMVwmm+gYgu3A4j+JHcOTqE9GKz0aftZaNNtGuXlcOiXkVd1f2d0qA7ScN9p7zzitiE02Znf2xrvhx1I1dmhUMgJZ1ZzPJGRjIXGjsaOGDhITwzvYltN2exP9NXhcEgU9MZ1jOCnBbD7Qu6ArBIKNVIMMLI8ruV2/ERkp6p0QiTfszcDt4x+NT+jqZZj4YsYiMuvwSayDpI3SRXGBFHs6LQna9pg34vy3zwBgxBXWCWxr1SufKlz9clnzTtu9nMk6ndVK3PK8rki8d3I655WJFnLrz1WeAJtF2QeBeQ+17LymDO3HDw9FX6JoViEseqHG5GTllvRknPrNRktmdyrn5bkIj8aKioqKioqKioqKuWFudmkJKIh9HC/G7i0RxSA55rt91e32Nf3+nb7Eba/mYWHnNb2mzyWdxsuh0ekUyCe3XnDyE89PLL3Vk5z0WH7w6iUikir8o7X2WO7PtRej3W9OVUnGZExscYx9dSqCzWVuTKucnBZowPrE70iT0dSSZge54LgtzRYy/jRofBo1H0nGOU6IsHJqnQkJgUhgG0i0tdVq5x7mHeP0UevUGFxmjfRuAvDBEWlT0MOZ/vHtjGFWt98Tq/uRZYncJy/7gDB0Xbe4RGa6Exw9ox2A6Lq2YPsktQ+dz32X1Z7SJ7CWOr403IOsUHy2DzvKpz0cM+OwKCerPuj54Hfe+yRRsU//2KitkO6UiP09JtmtJTvGig36SZAehvGNwxw+BtrOcFYNMFER/XOWfQjuYNiizoe0P9y3QHwn2rb27mCb7SuVPU3pseDNeCMbqIU43m2g3g36nWLXBGTGOSeo5oTEhJNEeajtaAjQvvE2SwKfLtrtTN8g9RFE9mEwPRfP7/cqQiwmdbSmyAdBIj2RT383hEO6axLLd3bnvcjz9Kgd8ZP18u/WfEUVFRUVFRUVFRUVKw32NwBogx5G0iGazv6i5H9dquWh3fbkNWlXr+k1fZHpS8lotjW9pq+hdOmkOPnB2dHQTWelZER+uxlUrF5HAoTplEgHsJ4c1pOlTW9A2miRYB9E7mAHJnAiAbVROskya0LF4QRbzNCIoIKPtp4rmj/irkXGnBSygx5HaC1rjr8FAoBmbpI+DYAqsFgq7BiBjWolwEQ2RWkURYFi4uxsZ17h7UZ3OsKn6qg2Src2/vKGuJpl0JZqmVs+V3ZzZoVA3Qng9zn7mbH6IfoOjnEu1y0yZquqEJ3OQ/rODq7I7AHYUkv6BaY90lgH+pFUrYA8ok1gKU5QSFs/AIuKmCQNzGihDgesjHolBC0n3kJZqZ5hWrpjz5Ov+TFH1Sh9lbKAW1c2b3wGFcUV6L6HXSxGypE3v91dUEU8k+KrjShndotIjolwNoU1+jjTQsgeRnRopXEPqr6wNXpvgVEwXrbq4DB/BNEbUeKVWA4tjT/VGPewbIOtxh4kMDNPikcMYZ9Kr0V9Wzdg3vacw0KOMKpD3kOxJKxlXH/WsdEnUSTkoGHciUTrJgiI/hQSUTv1vuvY6jKg391kxGg32tVOwkl3K2qHd6hU50TGM3DhxVRu5NPFRMXw5VdUVFRUVFRUVFSsJUTstMr1iaUbWylaw6tKlwCit/1Zqv11vHR1mpQT3zUQ+H6HCqtuV6/pNT2XvmT+DA6ONb2mbx3pFEvXtt2sHMjK9yTQwHPk6S14EnnhAe2bz7aDWtsSEUkTBZEMU6kD0CHYmFsR+5d5mfIj6wbktVOQjhh0XQgykSHVnnXB0nXUfWNdShGFphvRbg6MyFb06CJm3y9TvXEU1N0Q+KSgMzy8u+OftHLadK8P50kQhqHewvtl7YCJSpMEofnZ1jDM1WNubOigesPhtzjF4gJ9B12bHE8PhCBJ5ROcNLt3NsTL4NmChdAG6agUKqAECmsPB+Hibsp8kaXY5yOT99Jg4SkCKT8AQiHjnbrmO0t0+juuwEDyd0l0L/nVBU89f4NZtry8dvt2cST0QapISfBSbwFQ4fjxzgerUYKSDvGXF+SHHLLdWCly+8IH1inLFpfxgm1mw2eGedD/roz7B/dnfFvxrarFGwemPiFqcNGKioqKioqKioqtASl7b8quC85ViuZH9odf1M5MiXRzTmwji9W3h9f0mj639CWzLxrUYz2OOHaNIvBToJ+EzFWKS/NrpKD2rjxmrzRbi1mpEkt3zom1mgL5UrnQcQcfDKgE7vZAQIp707tMBaYtAImInBqURIqkAwD3CmjTmf2h9/xjQvklPX2YfPpOutlsbjSeX8D/83MJapvbrm5X6irnSM/1qg1ZSrZJfGk/GKLU+t8Y90fBCEJp9JdGdWR9or8DTJhXm6HtE+/+BA3zrrUEbgZMYa94p4uALepoEvK4dmCwUh1NwHaDvUT9JZZu6mZoUmZohNDRp6DG/shpmIjMZkGxRJZTxMd/oWKxFI/eCBND3TJtzFfHizu3yX8QciWtro5udpOwRN0UT14T8AJgepzKQIItNqjCHvBuRJRdG2P0nzs5lxqca/cWZzS2GWymIGfkmS1YBDDY4zPvZR6yfb2U6TueOxtCeiWPW6pIdPt2jgQvRza7oKmIL+4y6nUr7M5sdhUy6aks2Tz06cHW3zHfyrJbz77U+qwYyKOygxUVFRUVFRUVFWsfgR1Yb/NnrK841IKNefuzciNcbRt7PdbjSh+XjKkL6rEeF3gkJwXmLZ+6aoznd/KQ+yy09jE0e98ZxSGS7pzn5BNIKSUASGAgx6ZlalE2LB0Mitl00N1fVxqua2K9342ZSoUkVetb1DZ/nGAj45rnKOKu07eN0gQhsT1tXItVEFARAdrN43SCMVXaRfDGbGi8Bhm9FwUp/WyoSVY5mk5FAME60qaonwI8V0SjmuVcMFN/tKX+dX0Du81wfDwFyQVoMwb3IlCHqdRh+W0Jwk6TeYda+Yq8gGnsCgUkly9nZIjOfLbOwpTfWqrA37RjbATl9Qesl5itIqND8QCLyOn0DLMXbF1OY112yB9hfLBmtSoJr5fPkEdGPg/UHPUdLPTZ0tJSaoYUVOfENK7JKwf96lp8PbaThwbJDCTat33iYhqdcS/L1UsGAHBH4wDGOiWhJGhnbMEH57SVIFerjmnQfEiZTxq3KAHrdOcbw9Eh2Vgvhb911MeLrdGbwHJ+55iMRsv7p9jnOJjz0yRu9B7NN2xvRUVFRUVFRUVFxYqBWWi5WdLak7n9NnreWmizZeM5+6eEcjrzx69G7Nvdx7z8eqzH7iP3IMR6Xs+HnlNHHsjLgaHydTqE6ZDTByJ5XB1kKFOdS22oRyQyXoNBXWbzwUA+gGIHY9YcNB6HraFNEYREJIRg6W0eZolG9SIh6+inhAJIJVOxGob7IYCJISURQJowp2oPP0UH8m3MuEHcqCGiVkjyHOfcqyqF9D6E1O7GKIwoxDT50tplY44RBIgkEZwN8Gx+4aUEmnMHNoe9dVtH+UBnUS+ffES4IKm1ojK30RSxF9Gk0yzeTV/lRXWV5wb0MdbJqOfHXMKjRc3rToYOAbHtpJgckvOnr/i9UBNCRC2VRkBSRsuyrKUMq2OSLmFPjccyl5YaihGqVQ3R+fF/4z1vwt7gHGEfc39MJsYCHuqtwyJ3oUTJvlgdjyLNIMXdiOfyjPt94v4q28JthBpuA/NcYIZpDrXlvZRnCqN1damcfHHkw2bG3mV+0vAxasCJQGQp/KrrVRjRJRN71qvFJ/ayfag+2NKX4spkwL+mYh+HkLk1mYryzG5FRUVFRUVFRUXFWoD5ALbR2vraq/lRpysbKMGCbOP67/j+ZaVp6arb9uv5/ffc8yCs5/V8MeeUz0Mj5VOYTjn5bVTpfJ60THMVg7q4fPLlE5BltmLvPwJAahARAE1kVkJASdKoAABSbfSnHN/B7OUnLd9no4GaaKKailMijdegMnURolTN0MoLRAGgjKtOGFTWG4YgbMNhug1hBYgt6Sez04/qDoKWjSQEACTUHKYryUIAtO2yTKdVHYBMFr93Q+NglOdLhdRkzddFU6VM/6Tcolir2u7z5DnyzZSNEOQzwpIejQM5A9Rj2Bdlm5kVq0d+2wMRmyqnkJhg8gqwYnZMkXmsYjpYb6yCQJgpQzxEhnRE/1i4OyZw0lV9h03WJYcMYdb2guLpY8OB+HhNtYE6mD7uiNMhymkTW7VgE9WttOoJ4wrE5kz2UJiEgc6rThPi6cMeClbcNjPPC+Yr4u+AkNcJR/gAtcfa/THJdhSWD6dKixJ+YuSdmgtGEZaRRUCYanv+KevbReEbJapdYfE8MgSVjVDQ0lpqzi/sy/Q+ruoJJJXDDYRAJjYob0O0QyjdsfZNks9g6zXZ+IvTe2d2PAhp2ILOqgllQdC+lWRnTC5NKSA9BaKLjSpHWFFRUVFRUVFRsdbAwp8xc1wb6Y3ZYNucAIl0Uywoi9zch3yxPrdZuRbRaJ5h6TEdknky553y63k97zhfYuYJZfTUtjtuCq7pNb0rnTryk5NOvhzqIZ/8dBnNDzn5fH9Bk05uvdbeY3Yr9GLlJdJtXXadiyOfgKQkSw/wlelktwokBBIqtDa0nnYu0YaWatQEm7vtjs1pvBiRx/AE8Lz00LxLrWEaAx8etlUvoVeKB/wkQ49SYhceAhXpVOgtCIVoc6naNQEbEjVsFnNIJlsBIgK6MftShteUTd+0hbsQ+IxdopSjZxLBRdMEMoHNBqLEoFwgpf0vpMl6CCHWIreBLIirHXVtUfVggnOPiD0r9o7wIvzxZmTUKOTvuG+3jlGI6hlnW1g7nrVddbt5yTuxj144nMCvKqJe2ABfKWVcjuUpHwZhjciiGmOQIa1N79pG3/8S4qrQJywhJKKgwxgN0xtgPub+MdVbGemhguEahAXA9f0a6w3YcUMHiRozhEqQ5LfsZ9DgJ9pFvCGdgmMTkX0LWr7LcpnqK4e95xDQpzkR2o+5/DqIzkUIJQ7TbgFyP6XGTkPqeyz1daFqMN+SFFxFe1+8D5hh7owVFRUVFRUVFRUVK4nWtymwMyuDoDa1ZOzV5nu8v30be9nJwey5vjbs8zW9pg9JX3L/bgRmf4WaXtPXRjqnGcryUy4/RNK9XQaJmUyM85ZONqlOumuiSslXflWSiCTn+mwD7dsIVFxQzzXNLH+xJYzdxzJl2ujH1uc7tiHVKQSIKAwJhvpFRg41CIChdwG3fbVa2LlEVQfs/7a4z/9YJ0cdrpPvBAiIZqdE1t0RM520tJPxdCQAweT7HdeqYFf/O1XYTwdFZ1uCGFmLTXuQlSA3qb3CaSEBII0UcrrG0EgE0jbEBBiE1tfLPgRhT0DEnS6aj78GEkC78VLONkpJqyfa/+tPNdNwnazIYB1tF/StbzuKCAElgAoJq71mAcF8GZoxwu6HMyxZ/Vk4lz22kqXnpKSuGsu+5vchZiJG7LLJBryfbwTH7paGV9jApcwgUIWJxzK2xvS2Xqc8mWmQT2g8l8fcBs3L6RJXsNOobW6AHTFat2KLvcO4u2JZJvf+Mv9sM3gDvQKRqUo7VPXmVV7ITjz9Eb7L3LMOoSkOPMJ4WSW99Ri8CSPgPHsFVE/nmMRg7s6XoHC0xMoOI2x8OiieZ/EcLEMY95vYpShXiZB7G4F1ILTfA8jcBcl+cUQoRirooUzvYOeQiRW202DH7NoTmfGQX8Sg/94LB6q9Qe1yBFzh0VJRUVFRUVFRUVHRAWSx6No/HVgEMWuIxPbPCiedGY5sOrl/qQfyobWPOnZdN39gnYvKYemp/An57Lws3f/Tas3Y82v6VpPO9yDkx464vTW9prvp1JE/sgehd8zIp571hvnDnJSVY2IItjltKwxTge56llYCsfaCIx8AAJqZ4j9UJRpqOz/DlBEBkJQ2EqldO4+WUFMMhH6gNVtHIIGQCJBACEGIlgdDAIEo1YsOCEgiotBWO+uCiGa5un7BRi28wJwRWzsUy6a0JgwK2p8gtMHQhF3lzQRzX6B1VWQVWSszttHKEISxGEa2L8yYcYkcm5jLpGrerm1XXEbEiGj2YANPMdTxTwlJWPkozFaMpr0Eav861Ky1dYYFgEKvG0pE4DRpSXrP3s1Y9MpE+1NylMOs0C8cxfwRGtO/TieTboQKbUqW2pHUeI4IPabIDELbBnK5U/Mw5HWM0jCcdUuFtutEG8A230ld0hWXGtn0y/uZkBN16InQMyntFLtmbp1WWGDLTERCrNqpwJ8TdH1t78YU9hUYsrGfA4Fqw1ey5AIiomC7qJYi3m/YPulcST9uYaA8d94yWaJPa3wEsYIRrZA9BknyIL6mwYeUpKesgFHwY8naicUnuqJqu9qjMzacJnVpWLCJoGjfFwAiJCn9Au6v6BBPPzsRAixgYqJXU9JC/2Dvndvh1Bh7IaaqLnkovFKprQqZAu7Fgs3/giqJ+e8bOtA8dhmdzbBC80IrapEvgT/mXn4WwcDOt+03UjtPRgYAf3w6xkDxZJVfEuTl8ZTRX37jOfmKioqKioqKioqKOaK1yrp2YAkq4BpLB22mReNYqNPt3n5B/pyduabX9PtjurcHIT/W9JpemE6xq24KZeTQ4vWMapjOr0nCSDq3vjI7XSCfYu1S6+GlRNNsIpImPpS2e5HaM4ZZxhVfop5gQIE4EUITSJptQWbxae32xPwHvMiZ6o1orMQIpkkAiCiMgm1cL0acRIJt+pYpveUheNmchHZ1DEIuZ7wiRATNvbEY5PZmp3mFvDHOvdrDtBrNxZyXlGKCGS2ZwqarUHNm1t0QorsklimQ3JWwEAMpGU8Hh19itCU3+SICCGoz6GyILYnoyfGo4sIh1K3unOTMpXgnusJX+g9m71iFyEKB2nvFf4xGp2V85B1BRCGENxvYNRm9pOXnpWh6AXfVb3ZS6BTruIxHBVLpPYzKCSMWRovkFChG+aAdcDe7xwAVuEsWPIb2vO8zON/HbRgUxR6OhDzxydGu6Sn4mSo+7KpZbFV6j0oweOPGzi1L56Jh/nbkCN0g0EJFRUVFRUVFRUXFKoNZNbiJg1lZ+Qq96DnG08HLn5ccysnYkzGRnsqfLzVMTk2v6UPSl3rbDSsqfBQMISr+lS8cc0IIyoehksJF6xRJa39xseSlR+pwXTooopetU29BKIRa1GKWh5uNBk2KovGEZnr0BQAgaXekQcUQEkkiRBRm1QwqxytdrzJLkSUgQbuEIGonMTUbaHcN5MvtCVHwPcO0UxTaRrWBRh2g2QRIV4TORSUkZorKm6FDltEk+qLyuzqxmxbxr3LylIzr3PyJ4NCM6OoQ9gBqNdsDhi0qMhdG3LvWAtrm8J8qIRV/zk9K90wmvVuzkl7tgwLLdalfyADfoyj51O2y5mlo/XR0GfPVsCLI3Fmt3rhPl74cYV/MfQTO7VOta+O1eVU0vnsL+6Swot76qPl7fvTSAI5wLDo32eN5Y+qlXppj3NrC93vK3Xn8A7rohRqrjpBwDXrSGQTpeW8FtgStqKioqKioqKio6IGCPzrYtgDsszf/Z1CfP5LGofeW5hUVq4klRG4CpHpez+8X523orTCP2tmGB+dS4S4td2av6kijxvELvaymrLIzAiEhYEMSAWVDajc2bX+UEhAlSrCOUogCkXRUNLsRHhBAY1znlQXTxqNEtb+gaSG0vsPGeV7zloY9QuenItvs5nvazQ9dd7ccY5dM9znCLoKwMwBXljgsUilqWeuUUyg5nyHvggMmGK/XIf1cc9pdIVNV9LB6R+vqJSGfwd7uvgxWPucY0/DKsTUFGOx6EsqJng+T0Im580zhQzFYgc5ZpQQjG9g5T/JaOh+NefX2ADl2NcLKkzH5Puyco7pn0XJ3y5SMYHPBwbRxaqFAZhc67PqLNLr3YWaweaOxuw8DOZmVQxkCMqyllKHs8ovr7dbZczyEXdq3eHno18SbtOW47e0b/y6oqKioqKioqKioWDS03177R5m1u+owasy0qG2a9pzvWx7afh13CSuT51F+FxnbMnJ9jMyIHF4WY/ZniOqAXh6M5vfOO+XX83qeO19yfKWgntfzvuee8SKR37Fx8B+UEFUkx9jwgvzk5+FyKCGnzWPc+sA76lLuVeJ5iMkP2mVcBnUoUfM8Iurgo2oXQSG0UUt5Bkop0UDVK4yzoVCPMpJ1GVSxQ4FIbf3mmJa6PGZY5g7read1Kc8wpQhCm9nzLeDGL71fTlZ+1K3E03mORrGo7TJv3+xy//LpvXl5TRUqMJcMhcXzXGkn+ddpR05hgFter5xN0+SL9/U98lI696YSQowpjmKez8gwhEsERjKUXKDtgdQMluFdrPwof+MZ6wu1zftahdm8qnm2wc6RhU+TP992rEYYDhXfMoUB07jXad3hMbNXux+iYh46zwN11tLp+dcLfIQ3TRO+i9XcwoMT9BLeY7PDrm0oO5sppfQ/UXtKKCTyU66W9mrmqRy52mYA+HdUjSJTUVFRUVFRUVGxNkFEqDwofPstGDaswByNnn04mr/EBi4DP5C1dm49XtaIPvV8KztfWnUjYMX9DV2L2lddBYp7DTiFUtw7KAfDiHjjQUhm9z9rV7UJilQkaSN9NsoLEBERhUAEZPE5ESUgABIhAgq0G7yBZ55WpiDbJuYmiSauFKmN7xSpiBhZdB81b4UW/DDUFbtqPU3AyxOlATzhvZx+MqSC+pkxPa+wI1EvlDqgRG9hGUbGjhtTS7mtNuWGUu5pN/7Fl5ewtLSUL25GICVuFLp7i/r1jidoOYMYgvKhFcuqmHvxch/T0EDvsYPlBFheMrf+D3OBtWLDmapXHNry/GptShhSsDdhwFZoLgKTySSfIRqXMsy2oK/cToZygLOgV2RlZuOM2KWlJTuurDL27TmSsI/W6BXqpXCIiRCZj70Sijc/S8zl7T9GVNeAp14zSUVFRUVFRUVFRcXagf4TvnUBZKZF43ngfO1zMyDPzJOdvPxT3/3sj4ciQfcUY9d8OckqIkjnLl54XJivoiJE3YOwYgyKBw9FT0uEUPoXJQXGsjmXsxmY0YXrzZedxNPZ7oUBG29qbUjb3pE0+6dJQ220BgGCmFhUGwyiJGXTR5Dab1DzgYgARFKCEPod5Zi9lCOha+VibupIZMoo90Mdlsx3T/G7KIGcoyFZi7STnrGM5236JT43Kde9Lh8+/2pfu/MYqiBY9VNaKS8/GEXyF7msJGUt9W5934B788Xc+FHMTIAYtqgu6CnECneUR9HNfRyGftWZbHOpqyBf+3fZgh66rlDMi33SV+VJczxBR0fA7lVdCvNyTxwyOHHs/iCLWI7mfZCk1k6p9c5ajTJydAFDGjlH6FVR//qrqKioqKioqKhYy0h/r/b6zI94d6BeqU2JbGOQkbMCzjJrwB+nYqvFkvlzlwDsH7r1vJ7fZ88JjJNcKg9JwlweRXbpdEDlMEhEJkZ1VCZZmZIkSSIiBEKBiiNsCT3Urnz81YUgBQgwdlizvyAI5W9Phio0XJ9HgFovj2BxPjnLaUgLwiACaMZQGzWNBQyZALMGJ2NttCc8/lUhpZfXKvzZKY0r09fZqJNNjFI+nDRCFPY+cm8AlSVYqxRqUNq6TrUz+eeFqPDyG9S3YDTb4FClKeSjIxbAWwdH3vq1vOcLFjRB5q3Dq/1VmXpehknwROUFDrabd27ellEsM82m2MGRsSUzfzr0Hf+LI+bHiE0tNfAy5KvPXezSDtHZ76LQKTfamQPDxhbwa+0LKIjQE+pcuHQmU9dcxkkro/PvX6LMRDcmSm0sRkI8Z3mTh/VPSTRjKzR6B+u6k4qKioqKioqKijUIZREEAmN3BW2O1YHbrG1WtN+07G/n1jaLwOy6SiYZq1rChoxIBMJPZ/nRtxXHbcjoyc/zL44+mJNTz+v5/M+X2J+vVM/reZ9zbXMYJ0eO1Iei6dQzf0lZk24uGGlUJt8YpmeyAUmSJAIgtQQhaGYIQbF+eis6FNgSQlKCeesBAMhGk3lEIATqBeuI0G6WqJkiSSQIpGUckTQRCVpl1B6JyDcI9AxPHmPnIc3JIdqqMJIzJSGssdCdIpPNmozzZjhvQ6+SbJ78TpIyKq09N0wqghsQAfnoKxLVmaGkV9esATFFwww2+84NosNuzW5hgi5yfrXxIM3HblcFHSNcfez2KD53DtVKSqmQqavEqF3ODK2AJ00nWTWAUxyrtg35bMQUdgt3jOqoYdwg6ZznS6iRTiInV0XXPCqyT2G4FW3hLWNTQ/dMnpKpL/VZV8NWGunfQgj+KuT8Ol/Hk1HPluUp4UQdbwVB+51i03RO1IfsTepkAPs+RHbmKb2VKzW3pH5S+3mp767/almrL/eKioqKioqKior7OdSfHai4QLKJxtaKrm1WbRVl/1Qxew8SkV04ac8xkh7agTFIz+dvDbF9ZHrnkJFfbGPv0LOe1/Po+RI63ihUz+v5/ftc20vRS28deNRrAU06sH2Y7OaDvKxUwgg1fdfIRr2NJBACIqAAQYqBJCCBMJOKKUQQiAhCoBBSSlXcGLy41Yy0DyKRt11Qaz3Upj39ykHjA+la533SKDStWtMYt+tleDjDV/qXovlLTL02r1JsAAAgAElEQVTeSdT6lq+iL3/WK1snKZhhEBVSFNfiGK+810K03xZn9Cy0+EdTenlCdBp5C0noNYt8A9UkMUDg6qJchxR7lKLGw89xj/wYcMfDW1Do81fCQCza72eMs9e8FOtUoHOqz88n45/ivhL69mqUGi+ROZdbQEBSUlhv4fs61Cf1disc8756RJ0qDBtCvLi3nMhbPFRITnvK5NfijBwhHswiZfB6bO2/wioqKioqKioqKu7nMN+xhCD4snl9RGuNbQOwGfsjmvWPxFbdm3Mt07piUCuzlQPuek2nLETKAgv75MlJ2V2jdmknmFxaTv4cC/LU83runy8FhsJ6Xs9LzmW//NxKMqZe8tOpOw9F8gdyeHGKlrVWIfCqbfOQn9K22LSaZrJBk4YEiIJQWTH1QylJu/TpAGVS23gEkvInREIhJAACmmikhhRsl7e7Gglt5ZIAIEBIKRGFcUZEq6WqkvSafLSLzkM4pjH9XmZZrR3MvJwy5r++bFAnepkaPdIrw/mx++6yZn4B+1I3Ey3/lEFWKN6yWCqyIYXt4A2zGv0SrU0gYpRE53+hDv4YDxTuQKw48Y+gtITgqhnwHhed0dAWx1RLuhpgyyUydvUQLzZPc3CY/75kCO7FitkFE1Ef6HlROxl9Uvm99GFUX8m0WdrG8GFnvRdk6xjba4FILsfgJQKDMfKRjO6wm9qpVG0rnEXH7Nd+rQVTZUn/UBAbOY8S+m2MS2hEw/7LSnoJb89VH6p1zZkivSpw86c/1oCHqWjfXPedN0NFRUVFRUVFRcV9EOxz2p7Yr1jSvoUsu3OVn7efvpn8PN2rK1a2ZVV62bSzMud2bpVbC9xBPd9qzpfs39v1WI/3l6PMXAVrTHGOgATRPIn8/KpTFqfNTK9gUewZSal8ABGFEMj2NSJqEJGQJKirJAQJEAJASp29JfaUV6KUKARaz3oAyyCynXhIKPFAhtdDSWozQ2UCk6QZSpExqTMjHQKpeKg+2YYuExZ1qfFk8hqjGfIS+ro1xN34kgIwolIiF7/KWUZEEz892jqEuEyehsZ8H1NRDddUA8Do491N59ZgS8G5VUTYgpT8vAJ+mLNQbl5C8hawEZhXASNnCZmxq+0CtexY6dYg0w/z4SeiT9DgbJCm0geoNqBMJ7liMwjhBCdMRTtMKtffB5c/VoUBMPNNyKgUfX4783f5W2UlOKsF1i7sSyQ/VOwbOZ/Hyix/djoJ2rzveJhY4k2eakiXh1y0CP/RkbkDXdG8Y7Vj/gthLpNPyns4pdIAVXVFQZn8yyX/XIeqOg2JqGhWNnGqUr25+lG3FRUVFRUVFRUVFauA1r6qbarc+grK8umktNZXvT5PfSd7pcis20vacsErFdY+7Fj5l3pcu8clz/ZRj/W4lR+1JWSoBF5WJs7L6wUAZ1dCIlpeXkbEiRATIQhBSkmNJAAUmiMUKFAgEBoSUSIIZewmIokScTJBISw3qZwKLaREIYQQHscmAEEIIhICuQlQq6WbQMYNsW2Lbb41uHea5zjJl7JwZYye+QBcSkgnL1hiQ0xVil07S3VKzqjBlR9m6FQSsmW7+LlEE1x3yRw6I7ONKT4ec7QgL0h+V+0dNwGx+y4nCtpSPYZxQkIOnR2YobvGwHu42CTmnGSeoMIGdm7AluFyStob5vFSSmrPzLdz7PMURlax1maJXt6rgzTqUZEdxvk8c5zHBowZu/NHv1Lm75O+BftWsQKvqu61Mn0e6vAW9KX8C9WoqKioqKioqKioWAtoP9pRnfPPeCRSuwnKNp2V4kvlyJGmf4D7R4F/jFz1UmSQ0nnsm78e63HljtWDsB63nmPO829OR+PXNaAs+KtX4h6EDUgBSFI2hAAgEFAgGl/AhhpCQhIChX2FCFTLw5WbH6JAIJKChInfhUACBOKkfY/avRJROyMRqsKk/f2AJAEQIYDQLCZJkEBkPAlRTRNKnv3JDFIIICLhIC11oR3RWkKCVCra0GPcPcVjPEzdjtuKdbrCNgqqOZCTp+xrIyJc9TolSkAJMZAvzuV4NAbv5IwQIYQaSzkdVBV+b8SFtt3olB4Oz3krol5XF616oMKF2oVZ8+PZhOjwICwbYquJ9BhI+D/plRTq9xyaFzo0Z0bdsLijXL5X6Xj3xGgH9tBQz/N6rUdJ1WnP6X6wk3N+Nu7LnaRKhdmG3ccM+OAp9//rW0W5nF6vmNVF6LlbWGruNzGKka+qkT0cbnA4RlqiDhF9oZsvhLbyGnK0oqKioqKioqJiraG1tXZ4EJp0Zn2NWWgD+62xrUWORR6EXdZj1xpcPQjrcS0fJwf8r99Z7Ue+YmtET1MCRU9HUhEUL0/JHxCPbciV4zL99IiE0HgU1k5OqYfucj0RNSSbppHU6AChAhCBkABI59QcHjNKIhKQJGi3RkRSJJAOBqoigiK2dl4EdGBEtSFO/VCLKpdyQLRlVBE0cVBNAWHFO7SZ4gWREWDIolaitYKpXRbNP9ZMHuLSd/JjlxzhYUrJP4gW7MBcDHkekRD69+TdmzqdLBO9kZZZkC1axZg8iyi7RoAoMmPObWA82wp3wtyrSwtMV+TQpvMnaL2ZqtMLeVgtc+zMUXLMPDxPmeVVA0BXlN95dfhKPilr7Y53LUQYrVCf6iL5x5Qt8NAdA+erKIFFk5TqLzF7Hl4dKd8Iz30GofnoAYC9HrbnyBorKioqKioqKioq5oUzz75ZnSQ+i7nVwP9/p0GhwKRVomNBJkz+qKhYUxB2hBqTGTuv6TV9Luk0WA4sXk+aV7sgnd9uE4gITdPMmlnTTGfNdNbMZs1s2kxnzbSRM0mNhKaR5h/pfzNqZiQbkpJIgmxopi9JKUk2ICVJ7fqHREBSSvIA2okGECXpDJKISGe1+hMLxu1SYupf29I8wpzeSnnbRT6B6eQJOzaSPyUhvJqpriS/hd+9XmcXYJjlsZfFsNOYPqzTCnXId9F4+RnMxazceYvnpe1gBQYg1ceFreh1j/L6+02gKJkxpG+tetGKyh//6KVCBQaoHYIoMpMPk+SJnYt6JfWOhCcu07ErwBHyUREdJHPkCAtnxYIa+/VwoXoDStmyI3sp+pFQOClF88y9f/qi73sk0wN9y/a6WlFRUVFRUVFRUbHyMHbDNphZh51WX23/l8oPkXTolr9a9mdYkD41vaa36UvWemSijrLzml7T551uLS5rRJ85609AIPNyprNlVJsKIgKCpFkzJZqSmIilpaXJZNI0EhEFCbu+W4gJIBBMrD8ICSIQBIJICKl4QSmBBAggVIGt9TaECCgESSCzy67mNaUUAiSgAJDQ7lhIpDPCOCgSiP+054iR8IlR45QX1DR8kUeFeHY9T5MSzaWUmQxCiMlkksnAbYsZI6N15eYp5XpmEO0o7qkQJs4XnfbKRdTblz1N6aDk5EPPRePClTUqMpg92V0ZAACk7NGBMVH9rMF9bceuq7F/0XlGKPLMjoeSn5kxxrMjIfU434aoDkyxUJ3TFBBzdlcffObXgACVJUW8CKWIQmQ3c+1ERwMLsIiJbhhPOZcYpPkwpyGEmORVGtbDfKgP6OG+4ypTPLzUKdDL0znPr4ATIa/Oqz1fpJdu5m+/YJpS0hbczIqKioqKioqKiooBsHZUjNpXpdrAiOwfu0QA2NpjMW3vhXg6tvmxxG6MKfk95UTSpaf/UDk1vaYXptc9COtxKz3KAaXknPL0OnqRr2fNTCACko4Iasg4ImqahogaSQiIKFGoqKGCJAI2BKAjiaJQUUZJxyBVW+OCkFIAISGCtnkJIdTr0VkRrw5WQ8+uq1wLBUkpvb3uiEgI6ssWcAkGpevlU/b9lNG8M7EkT5bb0Ci3qy6aiiusPWU8TbEaI+m9Trvq3J0VBgjMdEjnLR485ApRYJjuqGukMp3FOzOkOzDedU57Vaz+AgXyNnSeZ+4PYOcYiD775RMC78DyRRIWXjBtIgIaPiqiD0se6k0yrLqoAmOKDNB/vpiLAqGQzol6ca0O38KRuro2tpv7fSkRyKeFzlf5Sq506bvIoPMWrPqwr6ioqKioqKioqBgDa0cFArOfHzg7+fl7EwLbOxAgtjeha6eFcF9DKzm/i6Gfvz1GNRxydGofIace67HkWPcgrBiGeRkd8nK6a4nkoPz1rEzHmELd6eycUlddfR60w1VEUpLUMT5b5p6klI1siEBa46rZEI7IeAyh3WvQykRtUQe1i6FxPLSZUJFeiNjyXoiAKLQnMQBqF0LL/xm3Y2RbHpr9A41ZCnUV6n+sOmDWeX5sW9DfIan86pg4ZgOYy8EIhXh9VcKD9qqiUPJ4cqivYuMxrxE1vwGwWH5u0QThIuEvFwh+YiQ5lBJMLDw9M9pXHgPovU4JA0aI7rD+lXbXgyboiV/d3DCApxk/fw7QZBEFU0JWfWB7iDyMBYuBVqwVA8bDqig/RuaA9xpfslD3IKyoqKioqKioqFg7OPPsm+w5tn9wul+2fqJjKUU/W1g0bZ0oM0t0p4/4iwGTPyoq5o+l1Vag4r6ORS5fXu2l0RScdGM6XUZEnMFEiMlECDERk4lZOE5EJJaWkFSUz2YitgECIgkAguQEtlEGHUmIiIRiAiBBEoCQABOYkJDqNUZAICQQApDUKwJMTDAAtf7GeuqDVCZe5cKuVtpIQKHdG1kziQhd1x4EtUgH2Bsr+uYaEIJv0abDlPxO77fx1upool4lVGzmCyrq7rCRxFhh/k5pa9+toTzEaDpTthOSHnJoFMiPse76VxfpMeCOYTN92mUHAAggw7UV84IXGnEVkfcm9EbgSH84p71z6le2qMSk8KujO7mwjQt1kguF21na69UVm9PKezX/qlrJbfby/TNgPBdK7iw+/lVV7hPcS7FyBXpJsyn+3V/7b5SKivsHvvOd//rcWeci4PHHH3vAAY8fIGE6nX76M2ddfdU1Bx984EknnbjtttsOEPKDH/z3584692c/+9lzfu2EYWrkcd111599znlbtmw55pijnvTEX5q7/Io54gc/+O/vf/+Hndm23XabnXfZeacHPeghD9njAQ9YtyKqzRmbN285+5zzrvjGlb9wwONPPOHZO+30oGFyfvKTn1544Re/9rVvPOlJhz7zmUfuuOOO89a0oqIiCrtN0hz2SxqvxFYovaKiEoQVFf1QbkbRJm4v1NtsNhN6dyYCAEmAUiIq3g4BgWQDhqYDE+STJImJlEDShKJGFEJMJKAQk4kgnBApIpFIQkNim4mcCZwYI5ji/5QroTBmMY9tUtFIVbb5dZiLvt59wyxl0Tps8YwXjsrTGWJ0LqZAjwtsYx0wgym3nNr8PMWct22Ke9XyBUwUjfsKc7R1rjD/l3EjG4wxBuu5mFvnFWJ0jPW8M4ZnBoWGdQxdz0DvG9DR/tgzUqLAWqAGS5DpgJJ76rkLcloUi4WMAa151mFentDhOFRBbVd9pK0YBViC6HPa+RQPllyIcv5vWPFCBVKv4wHy+5bSCvStpqKiYgH4+c9//opX/q46/8IFF3/iP/55p5126ivkzDM/ccaH/hEA1l/ypaZpTj75+X0lbN685fV/dNrGjbcDwDnnnH/uOZ960IMe2FdIBkT0ptP+3Mo//7z/3Er5pPsD/vpd7/v0pz/Xt9Shhz7h8MP/13HPPuaBD9yauLH16y9797vfr56d5S3Lp5zykmFy3v3u95//hYuUnG996ztvfvMfz1vTior7KQgIVdi0HkRZpdQqKnqAhRx0HHGxptf0mq7TrbVlHvKlbBopG9nMGjlrmtlsOp0uL0+3LM+2TGebp7Mts9l01swaOZtRM5OzRs4a2TQkG9lIKaWcTmebp82WqVyeNssNTSXNGmgaahopG2oaahqQEpoGZENShzGVQGrHwkZFNgWSIDVISpAqXSIREqAk0P8kECGAIEBAASgIkAjstqakfuhNEQkIkACIkMCe8w5RVCW4QCLnX0tq+tt3dZlcyWrFwYuXGW3Jiopfnt+i/qiSXAGuNsuJxkVHkcsmzJ9r6yM0/1h7bExbCP6pqLcDNhuL7rI2BmyoOP/QhthtfyLrJEwVjP4L0Ya4LNMwKM6vQvZfsqzq1EzNicozmsStz9ke68EuuE+bBJCu/rya9p8emm0ucv/FewkRENUOqtI+JohkM1ulVDb+L/9Q98KgnvFnpFgH+XeQ/0zdyhRsX4LpTjUnd4+eWEVJDYHdLudfR29064/CbLubf37bbAyRRR5h08Lm6EGsXo0JJc0bMDwxioEV2DHhZDo8OpeWT24l81iHPuoBRQCBINSDpzc/DruEPYnOE2ffLhJIlW3fSqh/cmU6dXZvRPwVX9i9JWJTj3A4hgurDl+XKd0sd9jZlrxW4A0I0r3OByUgYNe2rxUVFYvGbbdttOebNm06++zz+krYvHmLYgcVPvLRf5tOZ32FXPzFSxR7Z2Ru7ishj9tu28jlX3/9d+crv2JeaJrmvPMuHFDwiiuuft/7/vZ/P/c3zjr781JuNS+Xq6/5pj3/xhVXDRMipbzsS1+xPz9/3gVbUQ9UVKxNlNhdi+y0BPF0SKWvPbt0Ta/pC05vbSj8b37+F2ZNr+nD0ymfn0rlZM5XsF0wD31mTTOdTaczhelsNp3Nlqez5elsi/m3PG2ms2baNLPZbHnWaL6waWZNM23UJTlr5LShaUOzhmZS8YjUNLKR1EiS6l+jz5XJk4BAKgpIMi5ISlI0IYFiEyWB8lOUBMpnkcBam8Gx+RkLGrQ0oTKX+t3VD1lTXtrSR+xfSf6gfKtwB5EwkgMrKJ5UwDEAEoA19HkEoCvLOXLTMXnd1psd9DAvdtCaLsN0l2PmKT0s47x4rGCHhKJmjjLdF4jvb/jO6jdfeKPI7lPXq8a8hvHnvUurreavdH5zx93oBd7maBWJTQlHyk5eilJxJiVRbB7TVPuZ440pNSdTVO1R04HhiUs17Gxm0biyGRD8L6IW8SfRe0Qp7Cp1dP66H3hrQk59/F2el//lXMbbMIHe8PIsIPzdWVFRserYa689161rfekGcDNf/vJX+c9NmzZdccWVfYV84QsX2fM99th999136yshDykl/9m4PyvWDjZv3rLddkNC1Cps2rTp7W9/1wc+cMZclVogZNMORRo6LGez2aZNm3jKvD8BKirud+htp2VXyuy0kEifnz25nz4ykd4aWlffzl/T76PpNcRoRYWBYwzqZxgi9l8+13Q6VRuMNUJMhEABKACQQCrfPJhMAIVAQAAhSUiSQkgAEIBEkmAJYaKcfwlgpmuVE5gQgRQocCIEzORsAiRQEBAASkAklASAIImQJIFQbJDQnjWC1I6EoNb6CwAgJLWJITH91f/cMFYsrCWiClGqA2aCjhaoDFpmRXzcdIsD+t2xlKGK6kb5vd/mhNAtwJ6MNk0mWTru5qIS2D3RCQCErC9bMhFB7zwJIIz13tPSlszrH/dR6Nnkwvw8Bp2/2iVd79wNsiuA5DPl5rJnCw4emFKgq5jf8WvoRqjJaV6iimuk6LhdAfQNvrpoBcaEgkwhK7B7kUcq6GXhPfKLO6+egU9QSn70jVNCAcZVDfJEuiJG8mK8XUWNXejID+/aio3zXlhEJ6TuYIkCa7OXKirun9h2222PPvqIz372HPXz+z/44Y9+dNMjH/mIcgmc21O44ML1hx325HIJd95511e/+g378/jjjt0av6gr5oLl5eW77rrb/nzZKb+5776Piea8996fbNx4+49v23jllVdv2HArv/Sxj39q9z12f9ELn7d4fdcEttlmGy+lPkEVFaORDxPKIo8Ok7nQDZYqKrYqVIKw4r6ExOr2uUmfAxo5JSJBQpAgEAJQKO4PyKwWmSEp114kmFi6SCIQSmhIoCQQkoSQEyEETEiQaEhOhESaTJAmJAmXkAhwggiIokEAoTY81IJJEgpGp1Gj6SEigRMdQrSRKIRtOKJUjhEEwrH2olJVr0OXardDDUPaaS9ExUqh/wZX6SZGG3W939Oc0ASg2y7caRFDnHQqkOHwFv2XgNpIEsD6A3KQ2b6NPB8eG4eUl5kLm5OIgzdSlL/5YpgzGmltpALzQsEYy/Oame/gJLExRNGchjxIY/kzJUwiz9I7+n9nc/rbtXExFNXKYYDqGX5oZZ4Rj7ooqTT/aKR89wcg1Sf22LsuG7lmMYtURm7Up046V5/k8pjbGF4xHOEcnq7BzVwjDn/F63vmjHL5i9akoqJiMI46qiUIAeDiiy996UtPLiz7k5/8dP0lX/ISzz33/Nf/4e9tv/12hUIuvexy/vPII59WWLDiPo8DDzrgSU/8pXweKeUll3zp7z/8TzfccKNN/MAHPnTiCc/accetaT/CwUDEdevWWSfCXXbZebU1qqi4v2OxmxCStYNWVNwXENmmpaJiQVgTpojVVkJtbtQ0KrjotJEzKVUg0EZfkU3TzMy/adNMpZxJOWuapmlms9msPTZTnTSbNbOZjkRKM0mNpJnaklDSrCG1keGsoZkEKalpZKPrlZJU1dRIUlFFGxNyVKqtmEo24Il2KpmDpiAHdVdhkLQoR+Wl25/lRTrrDcuugNndbpGlo8M6IBO6p1SNwv3AQuR3RVoEOiMurqQyq4vOXanC/L0yBPkHPoZrD8Wh+eY0tvveqWjZwQ+pwqrTAOWjtJOmKn8jdPZ5eClDZK7A2M5XWr53XWctnbdDX51fi1f+ZbFa8AZtdEStwBKizhgAI6eUioqKBeGQJxzEo4ye+/kvlJe97EtfjqZ/9WvfiKZHweOa7r33ox7zmH3Ky1ZUCCGOOOKpZ/zte/faa0+efs65PUby1g4el3WHHXZYVV0qKirGYQ18LK8BFSruRxBmFzFo/5Rl5zW9pm9l6ZDPT246OXK03xwwCaX1QpGeoGLTG1JvOp1Np9PpsmIKm5liBxUdKGUjpaL/9NWmmc5mihSczjQ7ONM7FDaqYGMLStk0NJOyIZJGoOYOG00H8n+k2EFNMZEERRa2/0xnGZOSv3WdgePCic6lbpegZIacHTOaOCfzbmprnkXbNzv3pkLv/wPBbk8vWyHv4fuotbdHbwzAqnRap4W6L3fVlSWYGzoy96i85y5uY7fZWvX7NQZrigZYAWqE/yqpd03NYPkQyqtP6nSRs8MeNFxDI/S+g5KBvaYmh4qKCgCYTCYnnvhs+/Omm27+wQ/+u7Bsas/CCy64uFDCxo23X3PNtfbn8ccdU1iwooLjgQ/c8e2nv4WnXH3VNaunzkqD+0o+8P7hN1lRsTgU2WMhkd7DTsvTJbcPWwPnmrN71/SavoB0YWwQ0P49yc5rek3fytKBpwPPT51ygKdDr3rBTze7vQXSjO/gbDqdLi8vb1FYXp5Op9PZVLkJWnZQeRDOZtPZbFkxhbPZdNpMZ83yrJnN5HTWzBrZzJTfof43m2mXQe0XKEHzgtpx0PCCbQaSkpS7oZQkQXkVypYd9NabEyryj+w/CVKCJCQVgpTQD7FWaIQlRIq7Gjhmx76OCP1NwLqFuqkBFWFaTqFKczE3IwpEEZOmwiSi0EAxQSHsT6HOAcwE34Xwo6pYw0hjB/gleKOrHWMxIWFi1FuoBF36lLcgjmG1j5Hfq9SgDL7pv6vS2PoBIMDov7BgUkfzFAj7r4tNH8UOailBt8z3hmYweDimhvIK6JzBsE7LrAUJb0RUfuoORoWPnQLUqB5WlLXFKub57hf24ci7jGDUaB/Tznr7PW4j+mnrxgo8gKl3aDQIREVFxdrBUc94Ov+5fv1lJaXuuOPOr3/9CvvzOc85wZ5fdNH6n/1sU4mQS9wIpTW+aMVgPPaxj37EIx5uf95yy63Z7PcprGNeg9vvsP2q6lJRsdXDs7sSkLH3kvdFXWyndey6qXNuHyY/nZL5a3pN38rTReovxJpe07fK9HjyIuolfpK0tATpDYN2D1SYqSCiihpspGyIGill0zQqvqgkdaIKWc/CqXIlbJqZI1lqjrChhohUWROFUrkbSqJGao6wUUSg9iNkLoPhMWNaWpsmpyHsoGY4EaD3blKFdttyAilqvOb3Wo8Ydr4G78IYdPZMZ39mupdj6+q3kBRZFR1WvtIQvdQYo3P5QzovZMbkgEGeH/+rhZTOPCW6GiNM6WxgmM1ScV7Z6HKEXi0qzFyIAbPTqk9oiPGu6LxTi1z9s1iUzwyLexgzX2henlUfIRUVFSF+4Rcet8ceu9ufhVFG11/S8oh77LH7b7/65fzql7/81RIhnz/vAnt+0IEH7LnnQ8tUrqiI4PGP28+eb7j1x6uqy4pi3QPaKMEPYOcVFRVzQdbeS5Fca81eXdNr+hpOX0r9fVrTa/pqp9MQOfFkQIy/Guapf7wCP0E2Eki73yECEkopBeGEkCZCCDGbkfIE0wtUSBJJIRBJgJgAgKQGUU5oQjAhgokOjioJSJCQ1EiaTHACE0BABAGIJIiQCABwAlIiCAKxhEsCQEoAJRwkgkAgISUJlFIKoUIQE5EEQCJlSNU/AQQgKptTa2w172a1b5b1P1DelGjyDDWLzcGaphQrrkt5W5vzgvrnYnHzhDAzYoINIn49NRYdieo+8d5QXrYDTK5cAq+joH5iLfIoP545yXZ4J4WdnyEeVteqzhpS5AM62AF0BPoa7jHQa7Ce7JEsyEykB1VP+RarbDrPU4OdxaMTXeJRHYiC565jEijJVq5GTJm85LY/2KSUr6vNn56l54ZwdlKs0orNUeivj2Evi6hzKutPyIUNBzQhe/JbHQ4e6mPQ94WSKu7BfhEtDpFHnv9QtRPxb2s2whaqWkVFRSkQ8fjjj/3IR/5V/dyw4dbrv/u9/ffbN1/q859vub1nPevoHXd8wNFHH2mDi57/hYuOPvrIvISbb95w3XXX25/HHnt0p6pN09xxx5233/4/99xz71577fmIRzxsMpl0lhoJIrrtto333HPvPffciwIftteeD3nIHr3qXSGx7sAAACAASURBVF5e/vGPb7v7nnt/+pOfPvCBO+6++2677rrrNtssFRZvmua///vGhz1sT297uc2bt/z4x7dt3Hj7NtssPfShD9l9992WlpIyN23adOutt91+++3bbbfdrrs+eI899th+++3Km8CVWflbUAgU7Xtl5513Kiwlpbzzzrs2brz97rvv2WbbbXbfbdfddtt1x6GBOu+66+477rzznrvvnU6XH/KQPfbaa8/tthvSzyGI6Kabbt5mm2333PMh3qUdmNfg9ttXD8KKijkjY+/tVWBV7d4UqrWW7PA1/f6bvqT+ZK3Heux5hAGlYEyNUKYV8JzA9YSIHL8VeQ2B5wfwawklqzCVbi2ykQCaAlBSAFXcPTEBIICmoYlAISbqw1pKtKEj9Q6LoHzqiQBIaF97FfZSkBBSkJAkpF6+D4IQiAQJIgAUSIAoSSBIkgQgAJCE1MIIACQSklQblBIRIhFJROG1TttTmVXVXvVfeGT/lzcGzh9D3Adzl5LmQtU5PesaDr8ur7+76CW0nLbJNdgRLepnU2BWRTZ8KGRAnXzRwtkM5dCPti98K/CrWA12cAjCHl7JyseVXYu9utZcpkbc4vk0hE8gPeMbM1XQcoR5Cc7MM1/CNaEkcXZwQbVkNRhWLLdWRfGIejlR8o+W1R/nc5+7FvqdUKpqlAlf/c6uqKho8Ywjn24JQgC4+OJL8wThhg23fvvb19mfRx11BAA8kxGEX/rSV+699ycPetADM0LWr7+U/3za0w5P5SSiK6+85pOf/Mx6NyQpADz+8fs/7nH7Pf/XT3rkIx+RqWsYbrjhRx//+KcuufRLd911t3dp770fddJzTjjxxGfn6Z/LL//qZz93zqWXXh5eOvTQJ5z0nBN/5Vd+Oc8Ubtx4+ykve41S4B1/9ReHH34YAFx99bUf/ad/4yFeFZ7znBNe8uIXPvShLYHUNM1FF1/y0Y/+2w033OhlPuGEZ7/ohc/de+9HZWq3WK1b0Avf+U7LN+/72EfnM994403nn3/hhRetv+mmm8OrBx14wLHHHn388c8q5HF/8pOfnnnmJ764/rKwn/fYY/cjj3zab/zG83d98IPL2hHB93/wwze+8S0bNtwKACef/PxTX/MKfnXdunXR84qKigGIWGWh0DJsj54l0zlC3gKs1jKOtGPXYz1uPcclbneox3osPtKAUjRGApVpBTwFIrVTTgfq0J/lJ/JrCSW3exC2KU3TIF9njwQCCYBAApAkAimlwMmEFEHINpyTEyKYEKBAbJfmIwICNDpmlAAx0Vt94UwIIWimTHwkBaFExTcCIlEjSQgCJCRCIgIiJCAkkmoHRSKSUgIAcyX0HAgcL0/DsFrvT+NfCLa1RACKhjQiUPOkVsr8gL5MtDcrQ6FhwaZISpAnZI6WXC4qVm9nZLBSL6s2hDqTX65hVD012ktslfY9FBSPiM2n9IUZwI40pvQaJYda15w1zAiufdjnKJun259sjSPTTP7crVnwhzRPxdmPWp55mLNdydgI8y8IYWBV3sbBVfeKnjqgD3nplZlIo0qO03xRWMSjN2yQDytbUVGxAnj0o/fee+9HWW7jvPMueNUrfyszdVx88SX2/BGPePhjH/NoAHjSk35p3bp1mzbp3QcvvfTy448/NlPpOee2sUwPO+zJD37wLtFsP/rRTW9+89u+/4MfRq9ed9311113/ac//bk3/snrTjjh2V0NLUXTNB/7+Kc++MG/S2W44YYb3/PeD370n/7tNb/9imOPPSr0ovvZzza97/1nnHXWuSkJV1xx9RVXXL3LLjuffvpbDjrwgFS2Sy/7sqUnzzn3/MMOe9Lpp/81D83K8ZnPnPWZz5z1N3/zjiceeggA3HLLhj98/WlRAgwAzjrr3LPOOvcd7/iLw3/5sFTtCqtyC/rihhtu5C199GP2iWabTmfnnnv+Zz93DvdeDfHNa7/9zWu/fdbZn3/Ln73p4Q/fK1/15Zd/9fS3/3XIIits3Hj7xz72yY997JO/9VsvfsHzn/vAB/b2Tbzqqmt+53dfb39ecMHFHkHIvQZ3qHsQVlSMA9qV7dZY5Nh7xx4hnwcK8izkCCteYz3WI6o9CMmupHaPNb2mb4XpMFSO4VxK0wfrKUESNA3NZnI2axpJmiYDaCQ0TaP2CZw1s6aZmn8zKRspm9lsury8PJvNpN52zuSRMylnUjYAkkBKaiSpzQabqd6ZThIQETWyIQICVFsaStId1kgpJREBKvYQ1A6F0m5UI6WU0DTUSGoakhJI56GGlAOkdprU2w4JvXMwoI5RqoKqEhKQJKUmSFJxS5FAkZRoIqF6KN9ey0AgCkXAsn9KBbAbFpNWyiYicK+6LtgNlmK64Zh/ihBmMvW/wZsGxZUM9Ocl8v9UD3v/jJJthSl9uLm/8+bmd76MNjOfjfMHPHPiDnojpKhD7O3jje3UVj37nnpe92Ta2NnwOaLzjtinubP53iC33R7mV/+P5ox3VhaBwLZp9i7ke8CVExXejcSNzj07veaBTvmF6WE2O1wXxDHk2UGv0pBLUxpm1LPSeB4vMd+6/F3ue2fz8JTkL4hQZvmcWQJWi50S3d4GFIAieGzDlymSswBnXlNWivLMj+Gw9jCxJH8qTyoIrXcro8K9exfezfyjWtZtvpyKioq1g+OPO8aeb9x4+3e+81+ZzJzbswW32267Zzzj6Tb9C8abMIobbriR+1od88xnRLN95Stfe9nLfydFTXG8/f+++7Q/fevPf/7zzpyduPHGm1716t/PsIMWd91191+e/s6/PP2dXvo111z74pe8PMMOcgm//duv/c/Pnp3KcOcdd9rz227bmGEHLd74xrfceONNN9+84VWv/v0UO2jxhje8+cYbb8pkWJVb0BebNm36kze+hacc9+xjojlPP/2df/WO9+TZQYvrrrv+D173J5kW/fSnP33bX77zj97wpyl2kOMjH/nXU172ms2bN5dUbfGVr3yNs4MAEPLufN/BGmK0omIk1Lfv3OyxkhL5U+etEmvO7l3Ta/oC0q0HIQTHml7T55xOY+RQWX5IyrGubBn5ZqM8itbb6g9Bu6D1gmuPFOipQ4GC5RxAAiFQQ1Lph40OOypRCgAAIbSvHpFARECpVkUSTKzBiAgmE0kk1Yp5IQikUkk76amVlGpBvaIFlRcdAjTKhxEa03OICBIRAQQzMxr3P0koQFdqExUnJIGEahnqvYWgjSJm/PdbykVftdHGdHZ1oS8CciuXzXRaciE/u8kc5SFSizLlykcUa1M6zb6JZq0hDDNKZrjhQgmWe8vX4nbvECcYO8Z4dSmPFpve17CbshfbqheM4VX0HQArbMXuVV0vf6xMqZFqzB0lfHzX9VyGRbs9efxKyboBj3Tppd6i0WvWWmGKaHD5+Y6QQrFj4PVzlLoeNp+HFY3TtF9d5euiKioqVgZHHPHUD/6/v7c/L774kgMOeHw05w9/eAPn9o48siUFjz76CMuKff3rV9xxx5277hoPq3jxxU58URU508M3r/32H77+NJ7yiEc8/PnPP2mfffbeZeed7v3JT797/fc+9vFPqbiLAPDFL166z96PevnLX1rW4jg2b97y2j/4440bb/fSDz74wMc9br+dd9rplg23futb3+E9cOmlX+Y5N2y49TWnvs4rfuihTzjkCQc/aKcH3XLLhuu+81/fvPbb/Oo73vHenXfa6elP/5W8bspXT52vW7fuoIN+cd/HPnp5Ov3ud79/1VXX2GybNm368Ic/+r3v/9CyVuvWrTvkkIMe85h9tmzect1113u1v+e9H3zve/5vtMZVuQW9QERf//qVf/f3H+FU6CmnvGSvvfaM5v/6N670Ug468IB99tl7r4ftufPOO/3P/9zxve/94ItfbAfnhg23nvGhf/yD154alfaud73//C9c5CXuv9++++732Ic/bM877rzr+9//Ib81GzbceuutP95nn70LW7d+/WVvOu3Pecrhhx/2khe/0Mu2AyMF17kbVVZUVPRFzn7bHlUoUN/u2mVnZkdIy3diwq0Vu3pNr+kLSl8iIhtorp7X8+JzKMpPTjo4eaBfvRBJJz8/kGamyISRbPVUvLgrh+mgeJdEutEfWLvAaZfxXXT6J1aXWrcChjpTpJsEAkIUKicRgtAxS8H41KnNDhERiRpS9CAKKZCIhJAkhZg0RLS0BAATQgAQpAlCAYiAAqUERJINoraENgJBSiCJiIjqB6IAQQiIUvF1BEAgaAJtbGK1KyHy1QemGySBaG1mxubKba8mljej29D0dYKN6RmVK76vEV+/3yUhWldJ8NEFwdGnrCs8imt4dSuD0G/Du03j2cFeyown2Ar1TygwsvIVsC+ndw+bNxbZlvhEMfLu9yqemtxWj6Bas/F1+yEaRnhA2fseoj3Tp8ntCOnoVneS6Pv+3HrvwtareUVFxRrBXnvtecABj7c7C37+vAte85pXCCHCnBddvN6eP/7x+/MAjL90yME8yugll3zppJNOjFZ3zrnn2/NnPOPpO+74AC/DT3/6sz/7s7/kKW94w2tPPOHZXKWDDjzgpJNO/OAH/+5jH/+USvnIR//1V3/1uD322L1P0x38+5n/4bGDL/6NF7z85S/dZpttbAoRXX75V//f335Y0YT77ONs4/e+95/Bf+6/375vOu31KgqrxS23bHjzm992/Xe/Z1Pe9pfv/MUDf6Fwm7ojjnjqG//kdTvu2Aar/OIXLz3tT99qf17EYsAed9wxf/i63+WOZeedd+Fb/6JlBL/+9Ss2brw97LTVugUWV1559SQ2AgHg3nt/ctvG2zduvP2qK6/h3agotN84+QUpmfvvv99XvvI1ANhll52f+79/7VnPeuaeez7Ey/PNa7/9pje9xdKrn/jEZ059zSu23XZbL9tVV3/TYwcPO+zJb3rTH3o38fs/+OGHPvSPl1/+VfUzFUo3hHeb1JPy/735T8JtEbffvt0Ic/saYrSiYhzMjoP6V8ZuDK0tt9CmzWQ6NmQ3PyKYXQzXhh2+ntfzBZ4vGesAMktBPa/nnec0oCw56dSvXiqpi9D4EEJrZGc6E88PrnyK62bSydeZnHZp9sjtHwraS9awRjpVs4OApGg7AiQQyrFQkYLqvUWKZQQglERSkpQqyBhJEqKRQkzkhCSocIeoOoMAARsxA4kgBJJQTCWSFEIgCEFEkqQgoaKBmWiiBCiEQGiMv6PmXqWUiCi0D6H+I0ElKoKRtFekjjZmzYOOfVa9gY0FDQUC8rFRYpzGTEYyTG1wlwNNYoZjy++yTH09XayGi0LURmDRehi29tmUPl7TFqt2FH2Zv5IQatEM3kZlYeY5mnQHs4Ms5yhl8iNkfhioJOufoL16pUC55NxskC9o1m2ANwzMHL5AZCalOVYyKBuN6NJFYVgXlUwUHkE7aBJIFVnR6VR/qJTp72Xu373mJUfES3oTLA4dRGtu/HUhpPl73Q5eJFNq9RYNVFRUrAKe/axnWoLwrrvu/ta3vnPQQb/o5SGis88+jxfhVyeTyfHHH/sf//Fp9fP88y+MEoTXf/d71ucsFV/07/7+I5yoe/vb3/K0px4eZptMJr/3e7/9s59tOuvsz5uCH/3T0/6orMU+Nmy49cMf/if7c926daef/mdPeuIvedkQ8fDDDzvssCd9/RtX3nLzBu7597WvXXHppZfbn4cccvA7/uqt69at8yQ87GF7nXHGe9/xzr851xClmzZtOuOMfzjtTd2av+iFzzv11Fd68/MRRzz11Ne8gvuAKrzyFb/10pee7CUee+xRN99yyz/+47/YlG9846rjjvNjcq7KLeD453/+93/+53/vVeSUU17yW//nxZk/Sd7656etX3/ZbrvteuihTwh3jlQ46MADTj31lW972ztsypVXXn3YYU/meWaz2V//9ft4yqmnvvKFL3ieEP5787GPefQ73/G27373+1dfc+3BB/3iTjvtVNKQz/znWe9859/wlBOOf9Yb3vDaqM58gO1QQ4xWVIwDRu26CKFN2Pxg6dieY6QskwmeTErJKbFdYzQ9pnPheaZda4AXqOf3qXO7B2E91uN94gg8BbJX+x2hR736qAg3Lx3bKKOg9ZNqx0ApG70tIBAQgZT6SuNiNpupozppmll7Tc5mzWw6VfsUzqTaI5AaokbK6Ww2nc2mTaN3KCRqGikbaqRUOyFKIpJADdt6kGsHBhTAtENt3EXA0k000QgQ0exU2IISJrAxmyrxIvY8xTMhqt30zB1aNa/BJIioyYK3F6HfjkTzRWgzzeyW1LmLUvnuSp27MeUV8DTvrLf8aqc+ndLysGXDeWMxGFhL+BSPvONjeiw6DDrZnZGsknqKzcRf1EWLQNi9fByWI9XGDOai5Hhk5HQ2cNEYoED+7owcVFZUeLK6mAvdPq+Xy3ikJyU/W7mEjhpX9TuhoqIiiqc93aF/LrxofZjnuuuu56RRGBXzKLYN4Tev/faPf3xbKOTii1r/tnXr1j3lKU/0MmzevPmTn/xP+/OEE54dpaYsXv3ql1mO5Nxzzw8DhBbib8/4B/7zpS89OWQHLSaTyWFPedJzn/tru+22q0ppmubd7/kAz3Pam/4oZAcVtt1229f+/mv41XPOOd86X6awbt26U055SXT+PP74Z3kpe+yx+8knPz8q59d+9Xj+M9xicLVuwRg848inPfPoI/MLFh/wgHXHHXfMk598aIodVDjmmc/gt+aHP7zBy3DW2Z/nYWaf8pQnnvyiXw/ZQYv99nvs83/9pP3337ekIWee+QmPHXze857zx3/8upTO2zEPwh2qB2FFxTjEra/U31obOYKx2Y6yEtdjPd6XjoJbJOuxHreSIyWv8rUbCNmr/hGy9eavRupN1KVihnLzs6IMTSKCZuqINEFIUpIyxBtGUBnmpVTW+Vkjm5lsGtk0spk1jSICt8xmy81seTZbns6ms+nydLo8nW5ZXl6ezZZVmUY2jZw1zaxppopNNGShlEoHUFo0BNLwlSRJMguv1NsqEoGh0ohUKmmqsA1TCqBOVON1OgG0GchMTGUwgrxUNF3tfltYeLYzz2BtbyK2sinxb3WAiCIL3brVs2t72nYaK1PWz9DMrU7KB0lJzrB254HNlio3woY5o7rxOWQYrPL5QTI/TMy/VHrkaqTTCBDMqDXD18sAgEDuv64Oj92d+LwxDMOWLJTcIG/WGsyurQxiXb3mlMwjOibtGMvPUSuk4mhEJ7ohctxvmLnI1MXTT+Yiunok28eLbxXPaRJbzRCuqLgfYdcHP5hzdeecc37TNF4ezhoeeugTLDdmccABv7DLLjvbn+vXX+ZlkJLOO/9C+/Poo48Igzdedpmzq98rX/l/8prvssvOhxxykP15449uyudP4Stf+TqX+bzn/lqv4rfeehvfCe83f/NFYfhKjh13fMApp7yEp9hAlClwHs7DTjs9yAtk+upXvSwMR6mw22678iig99x9j5dhtW7BGFx08SUvOvmUT336s+PfhpPJhEeOvSvon2uuvpb/fNWrThlZo8VHPvKv7//Ah3jKS17yotf+/msy7OP227EQo9WDsKJiHGJWWZtObnpfqzKTn7USDz3G9a/HelzLxyX2zuYxtep5Pc+fU1F+ctLJyQNddZGTTn5ZipQFQzmBMXi0euoLlJDvG+yJ/Z9YEoGXAHo3RKMR17nVhukmlZecDTlKKhio7isgICTttkZEZsNdSUZzoYJyAhKR0A53eu0LCsBGmZWFdkMkIgSayAlJIaQQEmCJgJYAmgaBAISObarigkoAAUIKpZpAkAgIElAggiCSSAgoERFAqmmEbBch2kaae42sP9HrIK26SmGuhAgj0SFAzX1gelgd+bRoxSCsURufoyf4tnilMtrnb20jaEskxUtPZRhWnU0P73WKjByjwFaB/g0MtyTskBB0LGZ+6aTwXlD3zqCL2w9spNjOQMH5q+MH4dyHsdvVW9MzEusKw1WxMZba13Br3HOujfLdZxi0pQry9FYpKzMvfGu8BeMxt1av3JayFRUVPXDMMUd99avfUOebNm26+uprDz30CfZq0zTnnXeB/fmsY58ZShACTzjh2f/yLzoy5HnnXfiCFzyXZ/j2t7/D3cuOPurIUAinFQ855OCSnfn22/exX/rSV9T5LTdvyHj+pXDPPfdyB74XvfB5fbmWm2++mf/Mu9wpnPScEz/A2KAvf/lrRx8d6RCLg4Ogrxy77b4b9wU8+OBc5j33fKi9EXffc693dVVugYdjnvmMXzzwgPg1ov+5446Nt91+28bbr7rqGn7lXe96/1VXffMv3vqnI2t/2F578oi73lXuU/iUpzxx//2KXAPzIKIzzviHf/23j/HEV73ylN/8zRflC+6wbgd7XvcgrKgYCSLPZqvsqNZ2ak3C/JvYty2b3166tVajERizS7c2tZjtGrmBAq3tGNeQ3b6e1/Me50uuaaCe1/MVO6cFlFW72ELsEiOjomUdg6vPbJn/eZszYZvDqReNLjzVyFFMHgmz/ZVEJF0DSSSh2Fd1VfGDBKTYQVUWWi8bBBAIEgwppFowAZAggVD7AAqQtEQES0sAAI0ElNBoJx1ACRIBURAKSVK/bwmR0PrbmY0GJaIwGwiitW7rXiMdUlXlN/4F1PZ5a1bU/SnMFoueNXxx7Iu1h2olWaX8EpHMiunUcOGWNh7xFcAnCBHn5iA1X+QZPs/gnhGSN4mGcuzNjRr3o4n2ErpDtHBwhkr2MuMW5s10RTBC+mHQM5gl/IKrK8mxFprRB/AlY+Soe7RaZHO+3sHToPtkjdDPVyac4sYStJ60IDEYs+nM5WNsVZDRbcDwKykw397wlLwfrtuIDni+g+bI3mZL3CoqKtYQDv/lw/jPiy5ezwnCq6++ljMlT33qL0eFPOPIp1mC8Prvfu9HP7rpkY98hL168Rcvtee77LLzE55wYCjhllvaHQp/+X89OcwQYu+9H2nPb7r5lpIiHm52S+2zz959JfzoplbCunXr9t9/v84i22+/3d57P8oGq7w1FpGV46EP3SNz1XPo3H333TKZd9215fy2bNniXV2VW+DhuOOPLWEZ77rr7k99+rNnnvlJy+9edNH6I57+K0cddUTfGpummU5ny8vLUsqfb95s06fTqZeNE7H7PvYxfSsKMZ3N3vPeD/KwrgDwB6899XnPe05n2e23a0nBugdhRcVIYLt7Hze2WiMrulltijq15/aPBHQjNSET6NqNHTnAJEfq9W3OthhP92zFzjGQ6ZZFL0/Y9npez+d0vmQ5efMndz2v5yXnUJSfnHRw8kC/esEvS5H8ysxh04HrSQCBHC5fmVgC3fi6FZseb5ffJ3zNi5ZJiCQBkFCCRBVXlJRzo7LIygYQQYetEADaREvWAZJAagc+YyZTPJ5AIJhpn0VCEmRiXyg+UaKQUuD/z96bh11yVfXCa+063QlNhu4kELpJY5iSkMhkCASQKQQIg6jod6MSuXwJCMqgD5MiKA5XP6+KIAoooAEf0McL31VBQHMloOHhEkaBjxtCQEISMnVCQEIH+j17re+PPdSuPdRwTp3p7fXr96neZ9faa6/atavqnPWrtTZqItAaEBUphUSGLFOKiEkxExGCQjRBjWSbMxIxIgX8TpCSi+2oExMiorKeVQRARAV2CPzBKGMUs1FnR1j5J7/PHMiNu1Yb0udrsK9MO3nPWiZ8sMkB17VjBO7Mj2bsUfzy/2Y5+vqPZ88IwhKd0K625HttoQ/7mBqy7CWZEGNNsPbotE403rPoa04wgJw2j+jScs+J8ELhT7E/0Uu7xs05KvU1J8W7zTAb4RSx+7PDzOf1W4+2P7Jx86OoTV/umeVMzW/KSpEe8rgctte5tiS0QCBYBI4++qhzHvfoSz9s1wi85JJLf+kXX+DTVH7oQx/xko961COOPvqorJJTTrnP/v0n+WSbH/nIR30IlNb6kiC/6JOedG52WbWQXnrjm9568dvf1Wl5GPx3zUz5LSNO6253a8sOmsXXv36NL+8/6e4tOSFD7N9/d08QHjhwS4vkrl27jjoqP+YGYULRffv2ti+zt3PHjpa9KzkFs2HPnt0XXfisRz7i7Iue8wJf+brXv/FhDzvrqKPuXGp1ww03Xf6JT15zzXXXXfeNa6657tZbv9m5AKTHTTfdHH7cu/duc5hvccUVV15xxZVhzStf+dKnJetKZhGuOxiuRygQCGYAc+wfdu7eAb5rE3GR1NseELHpQ27qwdj3K2Upb+OyjyAM/eNSlnJnmWdoy416HtCWo/pSW3avk5h6iG2O9QRl5uCtEw7rraMn3y8Hx8WRzdyQr1koy+q5Nft8lk7zkCIGYO1XtTH5PwHrtXP9GnuW+GRWREopVqzMYobASqH7GYIEChE1ImpkYGWC5LFSWCFoQABk1EqB0oAKK0RAJsVIoMxpQyCliFm5mBJUStVudCZAZY7XHFoYa0/u8UsIyvCCgAg2dhC9O76u8MAhPAHGn8u8YBi4084ERM64pfnmOq1KLCkGbyHXzu36OlwFBhGBqXc1S+7O02OWEUxrRvHJhpzTIpy8oxNaHKVnnlFFtnmeeg/2Fo9lQf7xVC3zgEVG5yQUS0e08hcRZjbAXbwdS2ku+na60AHcRKqm0+a+B2W+7oxx+EbJoCf9uiE7Diu/eAfBvhonEAjWEuc+4RxPEB48ePDTn/ns2Q87CwAOHTr0v/7lw17siU98fIuS8847961vfbspf+CDl3iC8HOfa8QgPv6cx6RtDx06FFE1/ZkbgzQhZB9cFxOEbbF6WXzta1/35T3H7enZat++vb58/fU3tEi20F0pjm6lEtuxqlMwD0477ZQXv/jn3/CGN3sDPvvZz2WDXC+77GMXX/zOK7981cx9faN5mmaYKp141rN+uic7CABHhGsQHiERhALBXGi67Kyz1rt6I98sNls1ViX0DAmGiwAAIABJREFUftqsr7jhQ058xbm+ZinPqgcXZI+UpZyUJxvn4xCsB/pNG+79qb1xLMuF9pwIBzkk472J27peMDDsOtEQx78wxxZx0KBZ6d3OzHVqape101yTPhjRpRUFRFZKBSGJQETMYN6FZGZSqJiZuUIGZGZSVWVc3DhRGpSJfGeACqCy2e+0Qg0AgIyq0ibwD5mRUDESaASlDOGqTKZSJEK0gX7MxIyW2jOBhqgALPdpaEE/KojoYipNzlVLIdacLoCPokc/rgGRldJFg2C9kIHPLq1JesFIRyq/KcAg8+46x8Ckw+spuk7JPtpKe9MYwU7ucAb04Qh78JGZg1rMtPRE3WwHPk/zUhMGSMkE/2EQy1DTkM3RbicvY0Tzc+iJaAlOnYN0HH0yhCM8Jua5rPo0XBwrP+cVh/FimsuOly29DJFvEpR9jK1vNdyEZi89bxJtrw3MjjG1hgcS/IqHaB1qrG9Tg3pfSljzRn69EQi2PR720IeEHz986b8ZgvCTn/xMyBK1p50853GP9gThtdde95Wv/sd97n0vAPjQpf/qZfbt23u/+52atp0/n8ETWpfxK0FhIxOG1oPNmE6nvry1dahnqyOO2Dm0o0VjVadgTjzlyU/0BCEAfP2aax+VyLz+j9/07nf/3ZwdxVNlARk43vOef3jsYx516qm9ljY8MogaPFIiCAWC+ZDJ0tFYMjBFxifQ7iZwWeNm0rfR7zkKBAkm4W/88I1vKUt588scePydZwYL8jbNZ1En2/SkUT07Vi9py80YwrqeEYCMbYgATPb1bbMqoOkDHFdlQwtN4KDXozUhEpGN5FOsQAEiIhFoF2FmMpqiAqgYNDFUDIgVAIIm5QlCBQiAqKY4ZWClSAEDECAzTJSqTI5QYkICpVgpZcMlmYABWLHxOTIoVTEzmBBBo9XyixgGHJgXdxAQHV9opV2cZfTAD9OZlpyYqfsslUxTiZa1+ZeVaisW4aGb2Wftg0fd4TToLm9mUBu0DQ0Y74iGjn8UHZiNGozOfklzpzFpfeep7HlqOsU6LclWpoMwSH9/AjXzndvXz0kmF5sXbOvqjsMv4j00h2PQJEXsYq7J+wGe+Oh14IPYwXCc05mfVd7Sr9NT3DvbGxXJrIPglRZbVzKqqadvj+2Xduct1wiEV00L5zoLR1iYk15PojDqtPzLNfiWkttP2Xdm5kRLQLb7ppHcDaJTUNDQe2Dju4q/eBpJiRviDLkx8DO8fZJktYZm+1zK2a8QmA5UosRa4s6VDT523x84QwM2Hssm8UJWZ2ptS03pUur8tpN+hRAIBGuFI4884ilPeeIHPnCJ+Xjph//tpS990c6dO/8lCB8870nnHtm61Nk97rH/1FPu64O0PvKRy+5z73ttbU0vueRSL/Pk856QvflEmp/ylCf+7AU/1d/+PXv2lHKftuO44xsxfzfdfPNQPeGaf9de23cRvm9/6z99+dRTehFCi8aqTsGcOProo/bs2e2DF6+++ppI4LLLPhaxg/v3n/TIR559xhn3O+GE44/bs+fOd941mUx27JhU1eT3/+B1/iqIcNxxu8OPN954c1ZsKHbt2uU5+IMHD1540S+88U//KLtIZ4QjgxSj7RemQCDohHGQ1rnezA8EtxxK+Fs88OU6n639vVBHCIZ6Gjohqofaxwu2edPfG5qTtvUhEc16zOkv+p9jnQU9LeXUdy1lKXeUJ+EPSSlLuXeZe8lzo54bMjBAP0cypbZRPTT1GCO8PJfbBmXnN+NQnsO2zKUxiX1ufhzsp0aYTZg2ksOEog1Xb+jk8ZcxMTGZHcpqshZqxCmzUoqUIq4YFE5gJ6IirUltATAwI1cmoSkAM1S+ecXIzIwVGIZSuWFF72wlZgBQ5qEZHad9qrFPbelJoOT3pxkKw3Hm3geKnHcN/QWZLNZkBcGx0P9YlnDMPamyIHeudw5j9stZ9mNEgcyMns0jUqGNThs1km87zdKVY2YafkHdZWd7O33VfNllUTexptqlDpo3oIXzyMov3qjBBgyab138zQbcB9L57O+HS7j05pkDaBIZrBqbmK5WIBAsE0849xxPjRw8ePCTn/zMgx/8gEv+V83tPeEJ3fFhT3rS4z1B+P73//NFFz7r059uxCCec86jS21PPvkH/LJ8Rx5x5D3usX+Oo+mL4487Lvx44w03majH/jjhhON9+eabD2xtTcNFAUu48aabfPme9/yBQT0uDis5BfPjrne5iycIb7nl1mjvxRe/M/z48pf/4tN/5KmlpSK/973vl3o5rpk/tj0xbE884P5nvOIVv/SiF788zM76ghe+5LV/+Dtnn90WrWum7r59e6+//ob9+08alIdWIBCkYI58toi1r7TpQ7ZfqLFuB73821i3zclA6osOyjizX50B1Nr49qUsZVueNH9dS1nKSyvz2G0d/9fkFxoFt0pgRoDjF0GKfdUVGOxNdDIwemtq2wKqz0Ufmn9sl8f1NGZkl93hHUmO0HONkZkZKsVUVcopNxGEU9tAERExEqPWiKhNulFAQGRCQgAERlYMgBoUQgUAiEgmOpENYcjEZDgdJKWUWXQwoDMZzCs8TADKvkUfuZ45Pg3ILlqDIXiBodGm2+e4oMXABAYtvuyopoXVK9F72TjRlvC7sQjC0pwJZ5qPP+sZmbcRE6lk5EYY3wfL5wU7w/5KJrWEu0WT0JebT5xFI33GLbHv4Vf60ojD7C2xwBp2cK5BKxu6Nq6pC0X6VkfxnYmgIniPqgi7gO4QUyIF3fIFUztjB0dE+NRYOe0tEAjWDT/0Qw8Mg5k+dOlH7rjjDr93165dZ575Q51KHvOYH37Dn/yZKd9884EvfenLYX7R+9z7XiefXCTD7na3Ez079ZWvfHWOQ8lAB4lAQ9z1rncJP1511Vd/+IcfPkjzXYMIQgD4xje+0XKMBnfcccfll3/Kfzz55HsM6nFxWOgpWBCY+dpgIcldd2rE0mmtw3UHn/bU837sR5/Wou2GG24s7Tr66GPCj1dcceWsJjdwz3ue/Na3/OmLf/HlIeP40pe96rd+81WPf/xj29v+2Ztf/9Wvfu1e9zp5FEsEgsMZ9osxNn6N+gjCpkMx/A6NXtD5f31N6B8OFWLc1m8Rkl8kjX6TVl6+qTO1ua1ct42Pa5geKUt5QNmsXCYQbBdA8UO2ovfO4Y0scxeIQaMBuMg5jFZHdDLQDgZmIGYiIiKttdZ6Op1qTVqbGltJpIk0sTaCdg9pPd3SekvrqWatiTSb3ZqJiZiZmO1//hgC68wOIGJiW+nsAmYARrOFiNe0SeusOv/+jOM7u71w28l9tkHHMr+pJXYwZfvGihFsQSrQ3jayJ416DGU26LQetljEORoUOxhVZttGlc2PS6M/XQboVWDoaVrVpVfo1w9dIXS+oGyD2MGWdzh6tA3yi+clkkKHxuSvR4vEqszbJ0u42OTZIRAISphMJk996pP8x3/+5w/9/T+8338870nn9gmMu9vdTnzA/c/wH9//gX8OEzY++clPaGn78LPP8uXPf+GL//7vXxh4BA3s3NlY5O+WW7+ZFbvvfe+9Z0+dOvKv/+bdt99++6COHvKQBm/6t//jf3Y2+cQnPxN+3L//pEE9Lg7jnoLl4MYbbw5DVPfu2xvuvfnmW8KPD3xgW+rO2277VgvtpxQ+8Qnn+I+f+9wXPv/5/29WqxvYu/fEt/z5G6JMs7/+mt953/s+2N7w+OOPe+hDzwxjWAUCwWwI/KeQcbKO4dPtaJDZDa17BYINhvKeC9nKdtttYfG9GDdXri/21dFeMMwehKk33fMPfFQgcxKV1XhSkmUGs2AicKzh1PyRnhKZ8pbW0+l0azqdTj1HGIDZpynVRIYmJCJHFAKz+1xX1k26ER5GlDS1Z9wPoh+z+mNUmW3SIrAmmD/saRHH2Kmzzynw8CuHtTTxV03pXGe79jArZfaBl8w2ifR7mexRjzvyPQfz8MGIozGKqj6UXrbr6Mz6u2LbrXIFWBnT1n5n6KNhAXaNgP52zXP42w99xsGNVyw5dC4tZ8wDmzJvxggEAkGKx5/zmPDjZz/7uXpXVzCTx5POO9eX/+7v3hfuetzjivlFAeBxzeyjb3jDm4moZ6cpooSQ3/jG9VkxpdR5T6oNPnjw4Lvf/feDOjrllPvsC0ip9773A2FAW4qtremb3/y2sOb0008b1OPiMO4pWA7e9Ka3hB8f/vAoM2fjW+63vv3tFlXvfe8H2vs699xGlt0/+/O/7G9nO/bs2f2GN/zBgx/8wLDy9/77H/3137x7rC4EAkErzBfm2jFjlxTMeWWh9slg/y20yxT6Ku+VrWw3eKssKy9b2W6PLa+iX+iUAV82H+sHniMJzWd2L8UkD8aYkzAkYk0JOrVhNOF0Ot3a2ppOtywROD2kp9+f6kNaH9J0aEpbU5pODX1IW1rrqWlKJu4wgqUPSWv2ALD8IZNmF3kYGB8I1mUmM2C1D9oLMQBj7CNLBg2yjj9sRSgz11eUsZFaOKjhIk3r6Do7whG35yuZw1nTt5e0x/RaaLfKQDWR7m2fLRGPmJVv6T17plp29cEM47kNMOegzdxwceAEvj4VHtf4lvkT1GMrU4grD3db7QktXYaFgV3ScM1zjQxF9HCP6zH6QwbFZqVk8xVAof1DrGX8X+v5DV808V20oOVWnBW2vYwdPjjovMx5x+vst/0hJRAI1gdnnHF6lHLTYM+e3Q94wBm5Fhk8+lGPzNY/8IH3P/HEu7Y0PP644x71qEf4j1d++aq3v/1dnQTVFVdcefHb3/nhD/9bVK+UCiPz3ve+D37/+/nl5Z7wxHPCj2/7i3d88lOfyUpaw6686uMf/8TW1pb5iIhPe+p5ocDrXven3/3uwWxbZn7LWy++9trrfM2FF/5sdsxXgnFPwaLBzH/7t//vpUG/u3bteuADGjGC0dh+5COXaa2z2i798L+95a0Xt/d41lk/tGvXLv/xc5/7wrve9bctP5FuuOGmyy772Le//Z89jgaOOurOr/3D33nMoxuXzxvf+Ja3vvXtWflDhw595COXvfa1f/KhD32kZelEgUDQD97XCl0eV5+hbNi2o1W3p1e2st0+WxX+QpSylDe7DF0yUG47axn69GukjHyQjTN48IF/9ET7nB4IQxCMBmZ7JTfDUIBsdCEbWm86nYahhFpvadpySUd93lEyH3UdHKiZiVkzE9lco5aK9Da4CELznwk2JG9b8FRvxBqySzDqTG4MQ/mrQdsiT4etb2uZXuD+lrTzne2nsmd9JFDqPbx8fI1h+KLmpWjCPsGIoUx712n9/OhzdgRLQH2Dm09Jtv6wvcVtCjh8wnVg3lPZ0svy50n0rA++irSMQ2Kk+47UrGxjB+e/9dWrlyxr0OKOhnQ7OkcotxSBYIOgFJ4XxP95PPUpT1JK9VRy3HF7zj77oWl9GKhXwotf9PyQgPmLv/yrF7zgJddcc20qScQf//gnfuEFL3nOc1/4tre949W/9tuf+MSnI5lwbb/bbvvWH//xmw8dOpSqOvWU+57/X54R1vzSL/3yxRe/M2WSrrzyqpe89JUXXvQLL33Zq/7b7/yBrz///GeEQYSXX/6pi57zgq9+9WtR89tvv/33/vvr/vqv/4ev2bNn9zN/5r+Ux2MFGPcULAjf/e7BSz/8b89+9vP9gpcG55//jCgRblVVZ511pv/4xS9ecfHF70wf65/81Gd+7dd+u7PfnTt3vvrVrwhr3vTmt73yV3/jO9+J09Lecsutf/S6P/3J/+uCX3nla555wUXZiZfiiCOO+O3f/rWIb377O971ute/kSi2+bnPfdGrXv1b//Pv3vvrr/mdi57zgj76BQJBCVj7Wr1ftOh3hUJ9exnaZaCHjJSlvF3Kk+gntpSl3K/MveS5Uc8NmTi9ZJt+jmSybTnRwxmdXJBnzut39dyQb8R5cGoygw8EjHRibYlhycwqfQyAVhAZ2DKZyUHUnwIm0QsCESMCMyCCUkxkQgoNBWieb0CEmhARlUJmxayJKyKNiKCMeRMiQiRiqlAxELNin/iUiMw6vozmEyKqaDFTYET0ppoyE7NqHKgNFmTu76gqSfIQJVltK2dZCic8j/B4w6GOVLU0H2penxHueQqMWMlZmaUAjcEtDfsQhyUeMezFVIaFaBpn20YNUwY0GvD0fA06I6nO2ea/YBTY+9vA09H/pC//zA6dkIvDoLviuiGdBul9o11D9u7RX/8o4FYaq3QA9beeYuMepvY452y+7gxBY5S4UD8buC6kyrL6209xKjz0Qoj0y2NCINhcPP6cx/7VX/1NVHlOM/VoJ574hHM+/vFPRJWPfnQ+sjDEvn17X/nKl4ZUzee/8MWf/pkLH/awh9zrnieffM8fOOrOd775wC033njT5Zd/6uqrvx62ve22b0XanvHjT7/sso/5j//w3vd/5rOfO/vss+5617vccccdDz/7oT6358/93IWXffR/X3/9DV74bX/xjve+7wM/+IOnn3rqfY/bs+fGG2/64v/5UnhQV155lS8feeSRv/GaV/7c817sa6699rpn/defe8QjHnb6/U7bvfvYnTt3fvmqr7znPXHy0pe85EVHHnlk57AsE+Oeghnw+7//+pDZDUHEtxy45fobbgwXHfR45CPPvvD//tm0/oILzv/kJ2vm8uK3v/PTn/7sBRf81P79d9+xY+eBAwf+6Z/+5R/e+/60YRaPefQjz3vSuf/0z//iay677GPP+IlnPuhB9z/1lPvu27f3tttu+4//uDoUuO22b33nO7cff/xxffRXVfXLv/ySY3cf+653/a2vfM97/v673z34yl95SVVVpuaLX7ziK1/9Dy9w9dVfv+KKK+93v1N7HoVAIIjAbJdlYsacvzcoY8ND2t+/je0y5ot9a7/r4Z+XspRHKJt3eRC8Qx8Rahen1Ev9RtUbbs3WAzOsot8OeSJiYGJWJoU2u6h289zx7CCjZQ4x4R6xfvY5zt9Qd0DM9gUX5bkN1FojAnr+EQGQEUGRQlSaFegpKmSEikEhaqURES2paOypuT9iBiZ2SU2UUgBE5FlAZABWsQ/L7wWM6dXQkYa5VpAgG4LWzsqENSU/3Up80CWqaSyFs8l0Dnu7kuxo+7malkP3ZYnqSwVCsSx3mOppP/CUHYzon9IkSUnBzrnUUyA71UdEliVdEMc8LrosXLGBgwj1cHb5mbycA0gvnGAChL+3VoDsAPrEkqs/x01kT1mZmLE/M5dk3KwwYx3QXjmZ5h4/Dmyf7dkj7ZpR3Gt8XE5R+62pQ2cO3troMRE9Bbr1NMfIXD3tBiH6l8MWjpZjWauLSCAQtOA+97nX/v0nhTkw9+3be+qp9x2k5JGPfFhU84hHPGz37mP7tD3ncY/+1ktf9NrX/klYefnln7r88k+1tNq//6RHPCLu9KEPPfPMMx/06U//u6+59trr/KFdddVXf+//+U1TPvLII17/ut97xS//esh43XzzgUsv/ddLL/3XbI/3v//p4cczzrjfb/7Gr77mN343rPzYxy7/2McuL9n8whc+73GPfVTLQa0KI56CPogerNdff0PI1PbEWWed+Zpff2U2zvUhZz74gmee/86Ab/v8F774il/+tVRy165dj33sD3/gA5e09/Wyl7340KFDYWrTgwcPtpzrffv2HnPM0f2PRSn8hZ9/zjHHHB2uVfnBD15yz5Pv8cxnnm8+3nDDjVGrG268SQhCgWAeWF+r+XYd+1cDfy+kvEYoDyU/LfgAi0Y9ZGTy/Xbor+thJP/zWHqkXuqTevO0DhyRDaek1Ev9RtVDWA8r6rdDnu0ifD7JJnCdcxOYGYNlisJsXWGiTvuwrIOCIZRxCwYSEbn8otpnGd3a2to6tDXdOjSdHppOD023Dk2nWxbTrak+pKdb06nNR0o0JdKkSTNNaapJ18lCbcpRn1M0cNc184zNn3YvRBqsk3aR9jiiASMi9WmmBNig5ssEJ4gEMIGp9Bk+w8poMrcj1ZlVVaIkU7FwZUFfVkpVVeXLJf2dmOEABZuCoTFhafNonrRQ2uNOnrTT7IWzQVi5zf0H0AuM+3BcCVqn6/LOSOkZtDQDBmElhqVPwO0xAwWCwwfPeMbTw48/9qNPHarhqKOOihKKPu1pTx5gwI8//S//4k1h0s4W7Nmz+4UvfN5fvO2NRx99VLr3ZS99cbgSYYgo6+Pd777vLX/+hsf0CHPctWvXC1/4vJe99MVR/bnnPu4v//JNe/bs7tRwn3vf6x3v+POf/qmfLN2lQz5pz+4OhSHzuue4Pe3Cx4bCZcp2xFPQid27jy2doz54wP3P+NM/+cPXv+737nznXSWZ5z3vomc966c79bzrnW+7973u6WuOPfaYrOSd7nSn3/zNVz/3uc/uY94zfvzpb37T63bs2OFrwvN1bPkUXPDM81/5Ky8Ja973j//ky2effVYkf9ZDfqiPPQKBoAQOXkdchF8X2uVDmfXxe0u91C+mvjr97Bf4rKPNLUi91JfroZc8t+iBAfpjPZDr164o009/5I2N5CGt54Z8c6/j3hObIZHHrVv/0TrN7HKEzIwM6N9BV6gAgJlqvw1CGMYUuXQhoWpMPduFDb0YN2sAoEIbb2iyjxqGBBANU6LQ5ty21eCACsG1AwRUlRFg26SxtI8hV+w79UYZ1P5T50p1yp097R607K4W+Z4KQ4FUuFP/DJhZZ9QQewxaTwz1FUbJTktGRjO2cdJzMln5aLZka7JGppLRrqxY2nt2PcLscZWOJRqTqOus5dlydJqiXaPP1UVM/sWhZQ7PtqsPonvI/Jd2aUqEsqW2Dtkjsnd993jKquKA4Ol1IGb0hhjfgfZbXHrHzrZaFXozVdxlc/GGlqptuT/0xByTNr6b+T2pcMsNKp2NHRcARh+H2986ThF51qk/+oYWqs+fHfbuhm5Vs6G2pKsjANh397vN05dAIFg0Tjnlvh/96P/+5m23meCnV73qFZPJpEe7Bk4//bT3vu+DW1tbAPCwhz3k55777EH3mRNOOP7Hf+xHTj/9tK3p9Oqrr8nKnHrKfS+66Fmv+tWXPehBD9i5c0dW5thjj33a05783e9+94orrox2XfDM86PIyJ07dzz+8Y/94Uc+PMog6rFr164LLjj/t3/r1Wee+aDsmJxw/PE/+ZM/ds97nvzNW795080HUoF9+/aef/5PvOpVL7/LXU5oOfw9e3a/2+UjfeYzz//BM+7XInzMscf8/d//oylfdOHP3vve92oR3rXrTv/4fsszPf/5F93jHvtLkmOdgj7Yt2/v9dffcODALT2FTzvt1Ic+9MzHPe7Rz/6vP/Oc5zx7796OxwoiPuTMBz/yEWfffvt3v/a1r0d773rXu/zET/zor/7qy4855ujdu3f7TLDPf/5FJYoUER/0oAf8yNOefPRRR33t6q9/73vfS2We+IRzfvd3f+O8884N13QEgDvfedf73vdBU77wwp8NKckIp5xy3zNOP+2SSy61Cp94zsPd6p47d+488a53+fKXv8IMe/bs/oWff+4DH/iD7YMgEAha8Df/eF3qH1aomn7d0APTrFdJvQrlVaG+0x9eKtutSvW329larwbKS73Uz1yPP/lL/2fVV71gE9HP/cS9Pw1p6XJB55pwUlN/4Ja9LhYw2eW8J9zY6QXch4bzhXP92RUJD37l5wHYhN2x4diUYgRAZARGVhUSsMlEioBYAapglT+oE6yZrXfxkLZ5P30IFCAoBVU1qSpQCpVS1aSaVJOq2jGZTCaTIyaTnVU1qarJZLJjx+SIHZMdlZpM1I5JtWMy2WHqJ5Odk2qHwkqBUkpVqppMJlVVKTQqVVXtqKoKUSFOlKoUqspRKcaSqqqYzSFiVVUIjnRMYA5KuePqzwVmxbICiEhEaatODYtA1Gl0QpeP/v2mjHXLmfLb8Cxkm5QGpEVntKu9iTc44jPS7iLJ6GNWJt2bCvsaPwlLTSJrI1NLTvax3MopUgPG1T8WAsOSx0bOZnNcmxlG03mx5I/IXCY9jrd7CmUvqEh/S0d+8LP1pb5KqsJLbChNPtu9t2R/z8uQfaruon5Vmpktb2b0P4r2tKhDgYjN923Dr0WNu1xqedSnGxi7RHPxztx4c2kmm4cQhD1OaGwtQWYeNkhHV4xmYPo2mK/PPryK+rsmdjieDznrQS1HJxAI1gFE9KUvfXmq9Rmnn+aXPRuKQ4cOXXfd9ZNJtX//SfN8XbzjjjsOHLjl1lu/+Z/fuX3r0KHjjz/u7nffd8IJx2fzSZYwnU6vv/6Gq79+zX9++z/vdKc7/cDJ97hPK5H2/e9//+YDtxy4+cCBA7cCwEkn7TvppH3HHtsrS6rBt7717ZtvPnDgwC3T6XQ6ne7evXvv3hN7xuQBwPe+973Pf/6L+/eftHfviZ3CBw8evPnmW4466s4nnHB8p/B3vnP7rbfeeuyxx/YJdjQY5RSsCW6//btf+9rVt976TUQ85pij733ve0X5P81gHnPM0cd1hWMaaK1vueXWm28+cOCWW+84eMfevSeedNLdTzjhBKWKc/7222+/5prrTjzxrn0WJvze9773pS9ddcQRO0877ZToOiKiG2+86W53O3ETT4RAsFZ4+vM+6sNAfGUYj1CL1tchhoJJKbxaA73x0zDUDMlPDkyKmNsdvcwYHVzHm5AzthsuJxB4GILQ/KqXrWz7b6GXJDdqeIAGaNFj9nLcipqSsX5H4zXlvQyHOiGqB0D28hy2da2YUku4YYM14eBVz7N+LwQbx4HK5OYkAEJmZGYyq/wZHk1VAO77JXO9sk3sh6Xac6SUMmKIUFWVUqAUVpWqKkPv7ZhMduzYsbOqdlSOL9wx2Wn5QjXZoXbumOyoqh07duyYTHZMqh1KTRRWEzWpVGXyLlZYGf5vMtmhlCEIFeKkUqrCOEmjsVAhVlXlKM5i2kYhCDeRfYMvAAAgAElEQVSLIEy5umw55IAjkruPnhaF0a6ec6Z9b4kXjIaoxCNGu7J62mnFbNDwOjNza4IZCML03G0IZicIZ9CfRZbDHotLztJCPe2Zua9xCcJIebK3o68WgrCkvGRDf8xzIRhb2gnCpvwmEYT9vyR4Sc3UQhAiAEKv1UYXRxCGu858yAM7LREIBAKBQCAQCJaDpz/vowAKkN0vUwRgTGoAfBozBlDOBwt2YXCXOgeAAVXgoVUAjJn6SDMjtO2Na7zOqBVGPu1IZ3EvRntjPd0aZCvbnluThIFlK9ttt4U1sCGzDSg95R9ZIUL/Dzr3jm1i872xk2w09HyhCzUEsAvuat/S9MusDY1oKhFBEyhCJAAwawAjEjIiaARUAKpiZMM5Gov9PYRRMwOTyZGqKrJpTBnA5kqtXWwEgETmyNyLQGiO0/+5RYLlhZdlY5BfOM0omBXrww6WeL52JnhQBOEMBKGv7xm3lH705EFEpqYxghHNEDbsY2o2AGsRdNdsvvL1QZbOidjZTTyuoRh2mG5l2ZRLyc4HDJ5pc87BGe5Iy+lrPPizkO+9tK5enwjFmW8CDdLOKGin0Rqjh8HWPM05qBltkA1zuIRrlf0rw1hb3z4eQ188yr6j0BKGu4jo8A18PUIgEAgEAoFAcDigxbuLhXKfve3bdvn2vmQr203dGoIQ61/yiMD+V73US/1G1QNYWgzAejxW0G9W3vGC6GTMNciWWHPRhPXViDZndTPYnY1riv1lm8ITMGaBQwAgMjYoAEY0PJ1GRKW07U0haET0hKIiVpqnyKgJlVYKDJXIGgHJETwuklKxJrbrJCKTX+oQGYG5ztFqjGHvb26QTLUjDOw79Yv21K+cCZg5L9y6YR52sNSqxI2l3GEfb2xLKtE+saee5Evl/UT1Ht4o2CVlASP5SI8Jb/UNS67bUujSQnE4+JG3H0c411ThYUPRnPw91Jcz5Q46C6ualj1jv9KamQ3OBiMu6FGSvr3UifTENQ82VtmkD8NWJjNDmwnLuE4zCYXAXBYtHGF9vLMaOOKhbfs7tkAgEAgEAoFg+8I6Np1LNfLHBv5eqD2pzh8bymPJrwtoUsJF9YF80Fmu3w79oZ5mPXbI99VTkp9Vv9QfxvV1BKH9FclBWeqlfoH1PIceztV7R0hPPVy2h3P1oTw39Bf75VTePoAA2K1ECAisEJRjA81/bqFQMCSbaW8cZs6ONJIAXfS892o5HgJNWk2FwMCERERTre0jVylE0NoG9BHtIEXERKyRFKHWasoECBUiklLIZNZLNM9pxQSsEBgRlDWVTY5VW4ZgcM2NJwho9C5OyyCCWY1xgRzhQh2LfZy/a8hAzO+wLqUVDbc92cHSx2xHMxCEQzlCL5aOUksEYVYsDRaM5n+nMZH+lGJcKNZw6o6LDT3AGczunm8RO9jKihSyaLZZleXUW+qznUapetfk9HXmdZyNIwzvq2Hz9L2E4Sa3op0Q62gbNiwpSaMB7Z0SOJmiS31NIc9QeoM6TnQuyLFx4pr712T2CgQCgUAgEAgE6wFHZOT9uhgsJIWz+aWhUz7Ij5Prt7f/GUfyq4+lR+qlPqk3BKFBmoFU6qV+c+vTvS3yvDQ7LWnW9CcxMDIyhrGIAOZ5iDZhqKMWglbGLZgcsY0gJJ9t1K1fSEzIDASIxIBaawBUSpHSGhiBCRVrpC1kpVhpQkSlgZAJWBMrBUyskdHGMTIAI5kUo6iU4VHBUppupUYEZPtkNeygrQ9WVTSGm5ApP1r+gBbq+hwVm+jg6z+kkTO0xLF1soOd+lM9Wdd/SWFLCr5S8tJ2BjFa9ql9xNLVGSOFLUlHAUApFUYZElE67CUDFkqQFBigbYXNun4HWVuaNj1paSdtXkBhf1E0+f5tOCXmRPZ9iNyYo3uZZkYs/HoMTn1/2DwOgW3leGsjg41nPwBEQ1dnYljZZLPntLDXvfQF9pC6vr2UHlVpdtnO+/9s2JZ3coFAIBAIBALBdoH3rELiX432dsq3+GlL5ax8fz+z1Ev9JtWHBCEnW6mX+s2tT/d26OG0vnadjGYnu3ScFShC53ZDYEBmt2UGZFRos3UimNC8Qr6r8BjMq/4cOpj81nB0FVSsmIm0sQlRKWUdgKimSgNtWeKlQoWKSBMqhYqBIxAxIhMQgkIgZmS7UCGHLIjJmtjihm5yhGCiLDujx8bF/ORKiXzaBpghMq+0K9xy4jgudRGq7cwy2hkd2MIsppWjs279owk9X1iyJ9SwUB49HdKVuJVHOcbsOpEtMtsSJe6hv4ZOsj8avzTWqv9dpYSh0beLvkzmgRux4lTciMdKGu2HzOPG/K3w2mw5BcXYcW5N08vF+3lDqlnTGZ/aB2s1+QUCgUAgEAgEggK8ZxUT/2oU79EpD8AUvWvovq0X5PN+XRzRPyz1Ur8+9X4NwmwElWxlu7lbWNe5DYg2i6hCpOYr+faDiSYgAGD7zj4jIIS+pvgtdvb/s1PBVpOJTwQEZCIEJNRKIyExKQIEpRUDV+jIQmuaQqyQKtRaodJKIVWIhEohaeOhUsokL2VEQjarKRIzMio2ixEyMGPoIQvcYcwmn2jAetoB8sm+Nwcb4b1NsSAvYRqfl42kSWk/7wovyfdkB9s9uYO45zB+sZPbgByhmGVDwxiaqBxFEGa7SM1eqMM3PKjt51ne9nTgSoB18pP4Il0EgT1bxs7FnnejG2e+ZFbzxklgbdIvI5g3lpooBXnPP8jZluHUamk47qi1PDUaN+RhShtHKHchgUAgEAgEAoGgCQy+2kee3uzebE27nnb5jEe3R41sZbt524l5uxfA/jiVspQ3pQwdMjBQvncZZm0LZrVB+9kkB0W3w9YhAKNJdG06a3BnJv8oGrlmQipgYGWTeVr5OojQZvk0r/ITayTDTCpGRJxWU0AAzYhASjECYjVVlVIa9VRhpUiBVshTRERCVGDXIGREJmRSrIhZIZMhCAHAcYTEqFhFcRthSjqGKDJyI5m2wxlRjEv/AL6QDkxbpUxeGk3Y0l2f+KT2zKKhhWGhM1dqf7d4FM2WNjERhC2qSn750X3N67PAWz/wIINXGBa5UMx3yrjP3bjPtZCt6RztQdF+nQT20KGYnz40jzfzak5mb35+9jIyfI0ge2gjzeTsBDBfXGL9pdDwLHqPbSllAmIr7Vq/BjzGMLS/DtKQdK9u9VUbDHA0H5b8QsZG3dsFAoFAIBAIBIcPvE8VobEek32/Oleu5VvLGf25curjbe9rjXzmUpbyoPIkerFbylLelDJ3yEA0t7vke5d5WL9BNVvaA8As1GccfcQmiagywXRcTYCJgczSg0YfApNZoI8BUQHU3dUwLjMTLOi6T31sNuknIQMwIypdUaW1BmQkVFSZtKJMRESEmkhrXQFo0ycCqomhSAx1QQDENlqQAExGRA7TnKYerpBPclUKmv6y5SOkajolxaEWoj1iL1sZLmDWn+pLOUJzzkLPbGeu11IgY0kynMCdGf+yGUTTGETP/NkVQwtZLk0EYRRlmF3mMKxcEFbLn414xc2f3HJbonlbQ/saWRlzDleJApktEC1i8dtv0cvkg3mOxQX7HHVUTm8+8+gfam1PsVE6XULg72DCz31/seMPkA0BDzswX8/87T3UtpzI5sP8picQCAQCgUAgWG80fKoQ+2DDb98Z+cWUl9mXlKW8vHK6BqGUpbw9ytBDZgVlJDakHyMhggJgv+wgASjFZNYddJGKlmlzawsaFtA+CtlkK2XrgyRARsfLAfhlFW2InqE3rQ4jiUyEejpFAJPvlECrSQVETJr0lAAJp4TKuKs0a8XTihEYgIyHThGRQk2MyMigmVijAlSIlX1+IoNCRAWARIAICgGVST2qXNAkuJtTzIUoVQpAhP7urZShmQf9GaY1QUQmDR2ELH2VhozUZJUX8zGCzDUZGPo9TWZad+oNJ4FGVdAk7Ld5Xfl8d8ho2XT3PRHrENxGwG1MRoa7XGRr2AOnJzgdyTj00P+Hbi+bAket3NCFttnYI0BEpUyi3pD5aCc/Svzlkum9kAAepfc+GgKZjosyZGdLNrvKGe2drVleV5O6C5gI6DpUDKdbY0cQxh125K9S87rJEDPTSMEhreeYKll+JVsO5ZMTnQ7F3GgdwJQQinal9+2Wt1hS+7Px0O017dOJW2d1Rr+bXumhFXpxN87uV3Tylvhrwymq2dnwTSmv3y4CXT6snldAPPhZDVxvjDHRUWYf0z0viqJA0L1NJ9EUXO1rHwKBQCAQCAQCQSt6+lpxoPw85WX2JWUpL6+sAPyvVNnKdjttYQ1syG2N05UBbZSd4TQ4+PN+NUQwzAYCADCadQiBQ68XMAAjhtXGixi6fbxfzzinGMMgPxMqSFpr0gZTrafT6Zaebmk91VoTaaIpEzEzMRETkTaNmDRrIk1M2u4xYGKm2hJ2lpOJhfSsh7ez4acK3aOhV3QeZ9Zh6wgbZfRCtCz15/2zGM77LEHRbOcsQ3BRFeh6ykgHsuAuFNcxehdo4BHG0Kjg8rKrgYa7XE19SNB03/fJqYhGSajcpAbuACjlSkG/qJTyO7CuS4nqlvSnWZpBECGkGIMZNgNmbpjT1aC7+isPL76S2sbf5s6LtZzS85rUTmQu48WUaILMqKTjjtTE7AGXDeXua1PwhaqILj5yAFq6qol9hnluEH1yXCcWcZd1AoFAIBAIBALBGmJxnt6x9MhWtttkq5p+eNnKdttsYQQ9ML5tLr+opedM/JR1zTIDkyUTbGQUB8wJgkPiHvJxVEUPUOAisjlGzX9mq7U2W621njrorel0qmmqaWo4QKOGAnjG0NOH3ACQ5QI5ZATdTi8f7nJ2cnwcvibcVcpimmL94/zGQpZS7T9QLShRUGF9JnbHcWMZwi89JwhgYlwLJyxg0xzr1ugCICb4Smc+PxTpEPnWLQceE331ocf1ENB+Id/nthkuMGAJlacGc512cISCTsjQbSKiqyCqjISzd8I5b4xzovimRflaHjpRV3uAJYx+uSWHub6Xc+ZB0/vWPdvZ9A8ggUAgEAgEAoFg/ZF6U13Ewyi+3DE8xnkL18EfLlvZDt5OvP9WtrJd9JZXqq1DnnP10EuSs20LPXqwyf0ZJLtiIISqFjAXqWMU0wAmRxlysDXNOBSr6wGYGRHIBkpZEBEiaq0BUAFpIKWISJOuzBqEZslCDyNfa/VWEINCy3OyDxhkYgYGk1HUGMBsqhkAARXYJI7EJkoSFDeszsDXdyZ7bKnsuXdDEQ6dL4e3/xLMrEhlUuav5Neu0xd6jydilCTRnX2bGNQrLNnWTArqP7Bv2dhpEunaHLwAGbeoHYn8UbhKa0xQbskuGw5yeFto9BrY4m4vdjlG08o0V8CM0Mgm6q7rqqrCRKMR1ZHNPhpeGu2nPntc7eh1vpaFOVftKt065tE5P9IEt5HA0PX2ShfvkuENy15TQ8c8WoOwpCq6E46V/7ZkUrtA5314bItWBn9rSw8pPAU89iFHjwbOPQmchQC9E4qOBX8PL+0qtUorV36bEggEAoFAIBAIxkXGm1ry6KbyBQ2L3hYtlK1s135rIghBtrKVbWYL2XqeR6cNI4pWd7IMCUJYZwXYkolMje6tbUFuUicNHKqGWktN8NmQQXYJRt1HYiBEBjDhgNpnHiXzR7aViwAM/gtMsjKNfKeNsEJvT2pnMCSYZV8imZYmnZBwqywizikNUCs1bI+DCZXYLUKoMxDOROaFxtRliLss9diCqHmotaQkOt6w3kz79h6zyMYFhpVhBKFqJh2NzMjWpye0Bf1nS1Y4uketp+d64y78eQxOT+7anpf+iIjAUrBgtm3LBbI0dF5ufm/47BxE3o8SOD4aljLIyz/qtKO1pX437JYnEAgEAoFAIDiMkXpToeRrtQ7GsJ7zkgveFi2UrWzXfisRhLJd3nZbRhBCqW1XBCEAIANjnRDRvV3PtYB7vvh6tDlKjY+JwfNwAICGi/PrDXLoC/YWMJsKbtoCfu1A86dYEymNWukpKoWgUCmcKkRliB2FilAppYgIgRCJgAAAUaXrIDY9m8wMyCapKmOdHxVT6sU3LwarFT52YuPogVEwJ8cQFTgX2Bo2iCo4yv2ZvSpMXGHOzFwXgaZQG4axhcnMyamOdqUy8QXTbMtRhTuG+kLj+hCiq6+2MAg8RBNcYvYGDVoiTvzeLLMehiqWDmUsbNzFlYuXhcWP02hoDyLsRDQt14VP6oeWQKvsU6OFMtysAxesAzqTHMyjuWVOZkP8M8Icv3jWfJ4IBAKBQCAQCARriow3teTRLcgvfysRhLLd3K0yK35l+UOpl/p1ri9tx+wXuuVhoP5oERiTzBAZ6/qa8YN6vUJvEDMQI5sEimQTdTZW+as7i9+jtwm+OIVfU1BrPdVTraeaNLEmmk5pOtVmq7Weaj01OUft1hZMfKFfmDAKKeRmemNwZYYeoYQhskFOPYMwespvY8wTPNTC3WalGW0EbCxv/+zygakAhvWu4E+Z3TblMUgKaiuhKR+FxyUBc8r9+Y9+KcPmsoFJGFZzy8FBhO2LUXqIjt3H8MkcGRYefqok/ZiVjARWjkGhqAtF4VrYsLvEbCFT24AqaDmEUtx56cxmr/E1xDrbNhvW9ogy35bSfAjz6R+0t73f3LxF4OCvKCYQCAQCgUAgEKwXUv8qlPyuBfnl+6uH+oelXurXp95GEJZYbqmX+hHreVT9LRGBs+jPRQEaxPXc0BO27XW8nnKweuwabAwAzAjErFzHFAYmGXLNlW3sYSPpmIvYi8iSeHE+t89HjRCRCQQ0BKHNYUiaSCEqxZotE6mZiYk0alRIrIkUkVJKM5u10IgZCRiBFCsiQlQhO+gXWmOzRJyNIJwr79UMfq6hidrWEKWlswb5K9tXbQzF2sIE50NEWXnHJQfMXNqEW6cM2sspo7yWSWxowB1y5xBlw1jt8ooQTDNunLLmuoMYNrc1wQKGnIQCh8utKaU6l15LYwrHPY+lFSv7xriMinBw2q+RkoAbovluTAuAhH5GiEKZB63lthFHml0xcTvh8InaXMMjbbkBCgQCgUAgEAgEK0fWc+t/pjf2FuTbt4vwe5fKM+vPH+/C7Jf6w7le1iCUrWzLW+iWGZpjOoKNL3J/tUawRfQJOMFmEAUwPIqvJ2ACYBO1hc38jLmUUybisBYI1yPUdqFBv9ygyTpqN2TDCq08ZFcYZLOYoVuqkGqCMFi/0MY+MjMDAZDZmkGKXpAPow9TtL/F3+JRXeYaRauFH8D+x9spXIpas83roDoTR4jBRG7IZ0MZLMOdRBBmYuaC6D5TUL4awUbaoo1XdFYw2MvE98DAjOFfeph17K8LgLTBfeD2sRcyWXgj5s/tsm8H5EMbw9BBbyAqBPNR1fWme1CISqFSqkKlUFWoKkBVindcSWhUMZ9q4fLsad5SLl5DE3JzXvf/G8mIOGKpTfNGrP5oEL47Etk5Tyhkun5qqesFxYTNiZ4mrdzOsbDY2xGu5qbnsZLTtP2IZIFAIBAIBALBYYgB3teC/PK3Q/3DspXt+mxlDULZLm8raxAC2CeGLToFaF+FYQaXdxMbAq4eGHw8BJpVC5kNOYGAtVgbGFwYnxUNfViGI6yqMKBwSlRpPVVQaaWVmgKbpQcVUYWoCRUCIWoiREQGZZKfKjBEoApdnMzu0Jj9LkZ2wZBx4E4YaNUSRdFnkcL8YIwdTbUOSCOoOknWQYOQDZvz2/pcu1dSgoA/YxJgaZnBpt7sSWzUBDx5aEZA8TlbWrvrPHh0R+S75eZeZncNO2MaUU2+AzZt0cQUJuQZBOykOyhmsPWM4BK31h37O0tAHbnDXdpya5HC1V5TiDgiP+d0wqgDJojBSdjubErml1naUp3ZrgcJb4+H1+JGG7tv7UvFGsYRCgQCgUAgEAgE64mMN7Xk0S3IL39btFC2sl377SRIhiZb2fbfQi/J5uziARqgRY/fy109NnuHlr3AobaA3eCkL4bIEm70C4ElwLFt4B4ZTo3rB+uiXXEQKwDLB3DB4Y0BJQEu3qokanQ7rggA/ZKAwS5EJNJaq0pNiSrzkfSUUBFOtVaIiJXSCrVSJh8p2dAnIFRIhArtGBl2EJiBmBHQESiOM4mDJBAgyDiaTZyYTVoYHtcMqRS3jZs1QkvCvfSQOwehXcCEaNSnzFUPUhKoK/YSFRjtxDLzP2pY99XsdOaTjU4VY3CpRn2F0pynyvw1mqW9zbXggyMb3Endc6IrRn35dIQUj4T2aN3O2dWuYQZzwhHI7N6oS37R96hNvwcOio32hfYZO5JpfdESJhje99aHhh8RXLiFjaE5+Lo1E/rcuIYqFI5QIBAIBAKBQCDoRMpWYMOrbKUAEJCRc/7haIttHuNRthj7vWUr243ZToJoJNnKtv+WF6yhey+DJwRGt9lJ2v9b9DAD2lUEk72BNz+Qd85/dLk2gU0GQVCADKABgIGAWZNSCiv07i2jxTo32aTNUm4tPx8YXCfUSiMhOCQpLVVnY8uICJw7jMhmA3U6ARBQKQYm0hq3Kq6ISKNWpKCymn1opOmUmBEYzdKIiit7+FyftoDbc+GD/hBrxOkrW5fEC9c7jDSkSFd0y4qVsIb+2XY6JDs4HqkzGlLiynVhlJSYJ58tM9s2bBidzSDVJoQCYULOsBenxf9n55bCmi5vHE4yNmlNG3zgo9Ob8qzOFEJ7K3BHF1jK/rICUEo1m7tAQNsXo/m6C+Y6d2IMNpqQ/cfG4IO7or3+KK7U1JdyPM42tzuZyHQ9xZ4N2/sqCaQvGaQNs/ZkzVihZ785PjX7W5IpKel8wSLoZUbKsHhFJKcgfUjNPLwteURLe5dw924n88w12JnJuV3hkufk/N2ZAGl/162nRzMmu6t3DFMgtPbHNmm5vW13nHQfv12/5BI8OiOb+2DE2132BtXyKG+/iuN+ccysyAKBQCAQCAQCwfxwvpeGTxXrGgjrgxfG6xrnzw3qEwYEA8nMtuEAyuxN6/PyszIvsTZhcGS7sO2k/pGIwc9DKUt5lDI36nkkPb7MQ/RwWY81r1Af98WxjHPYZmzO6HRKIr4+YAERERQAmerakWOeB8zEBJbMs+k5LU1gaBtVSh8KnjxwuxDtynCGS2Bms6AZEU31FFExA7Ndb20LDpGaUEWVqpiJWRNVzKxJg7VMEysEBDJ9EREhuuyjChAUESlD4AQ5GGsfFnekgkyOJf7ovWYtJGJJw2YhdKknVGteuBP9KYc+AYid3skoPK7elWs27GT1FB7dI2qt9Je620aXYcHC8BhVKIDgU5I2TmV9vbh3GQI/srmQQ/0RHVsKJx0XEacr0TPLxHKCR0tYk3C3lcdHroqh3GaYbQI3uL00Anth/fZE/1tiS7IEgUAgEAgEAoFg+4ET/y363CORX9flfOvwD2OrT3iMMs7j95aylFdanmSodylLeRPKnlcbRyfn6rks78rcXGMtlGHIvdpinlwI6Ev+0YcADAoBAAlMQCEyuwBBBLe4FgMDEwPagEGjgD1nRHVCQkgQLaZlCQ1iBjJBfMwmyyiC6QAQUSmcIGioUClFTMxERARak1akEBBRExOQRoWISEyKGYAAiNlskZDtaotBZlFEBEa7NCGiORDo4f9qCSXM1qehAJuLbMDNnOxg0gwgmvD1jA9k7GKb4M6guTix+WZTfSE0ogA9v8XgFhOMSPNZ3aAp0xxdpPPBRAdn6t3XQoxCE91VZ93B5mC5KVBH65rLIAi2i3oJRhOaHEwUNGxClKIkvUQUsYOjLP8WYhtk9RTMibW6066cI8xi/iFaq0GeGbzGB7IEw4a+NiGvWQgEAoFAIBAIDgc0XUq2jL4m+nnn3wRMfLCN+qRtEEOR8+uGPZZkmuW8fO5Y+pQxqp9Vj5Sl3FmWNQhlO9sWekk2Z5esQWiZTWx6LC2P53z6qEzPZKg0cCkFHbmirBnMAKiUy8jIzAQA7kCs+WBNrMkJx0TY7tFZwwQMDApchKJGVIQVkVmUcKqwmkwmiMDARKRBI6NSVaUqRAVEijQwEiilFCAwEIByCfFqOtO8xR/kNjTji8AAClykaU1pQIKQz0jTTkbllqi4lQe4zJPXsSXp2QjeQ8vwpXnf0DKC9hO6KY5u3qMJS3VxgDWXGJ0pq8DzaebKQAgW+Bue9NUFiYAj29hmo2uonQF16rmm5SlN6DpPDxWb112Ovw/TovqMojl4JeSu62z2yDCC0LuVfWLDNHazlHCyJ1paLf/6Eh/6DJj/NMmwR1haLtNS4tYVInwxcTkN++pP79srHaqh72f0vFGvISkuEAgEAoFAIBD0hKxBKFvZLnM7KWXU5TTXrdRLfV3Dc+vhOfT7aKVB/XJvO138kW3RoseuQciYOS62T4jouKyiOnqqGdBn1u4zTAtbsgyBCZRZzs8k59TMhsOxrAuTpxk9P+hispJ0o+HiTM3MnICARKRQgYscNAlIp9OtSk0AGFERETEBa2SodEXVRCkyyU8JiYH8moLMZlFFE8ZUyPvILj8qBqseNleliiIC69DDMvq4xtbBfcatVOjovbT0NciAlJQaTOY5orG5xGBBMuk62hVaogBpFQFDw2JeXU1WQzQSPrFxuGSgZftyK+3ZFbrcImeNaN3EJN92TnYwqzk6rqjT+XvpiT5kyToQKuNi5fe3bJD3agd5mWd5hjvqDL30WXBu2yEfK7+cjsdVuIgJuf1uZQKBQCAQCASCwxD91yDkwhqEbF97D+ox9gOHaxBm/MM2i1vBz5zjU/LySb8z+ufH0iP1Up/UT8DmLjTw3AZ4DkbqpT5XD73kuVHPnfIl/ZyRD975Durb5jNk9bgknz7aL66P+mqsaOP/S/vlph5nQmXjGBvJAZuKiAENJYCIdXCh8YkRmISgDIzIiAio3F7LAZgkn9FApg6jkIEzWyJWigGYCUAREAEDMycjnaEAACAASURBVGmtmaFSW9PppKoqgB2aNABrYF1NGDSDYqgAGYAYiFgjAzEiE7JCIkRiJmblxynhDAwL4oa64Ovs8758FB2VjaxqUbIp6OMEnM1LiODCBwHjPe7McCMEo/FccctiQngWrDY21Beii6Sto2jRZpSPGIVsGGj3ITRjaIuNw2DIWDAzdvkISHTfLJtknz2uxk2qrgzyrIba6tsMRVGhgTpH77tuEICRzSkxX0c5f9DtHOHME2bbYLUr9m1LpFNutezFtj+tG3GAcQDfQJP7HyLH34OGNYzCCmcY23Ej/BZyctE9WwQCgUAgEAgEgnWCfxPSOzew4TcOgCYnXCwf+5kx56cd1X+Ow/zeUi/1a1Q/af5AlbKUe5azKaCWqj+Y3QuzuRFBmNXDltHKXUcBJVDLu/dTGGtXvlcEjukDVoap8S+8oGUHkb0JjCb5aLdnJ1myjsMUZH5ZMgDWGlQFzKw1KdRVpRUgIBKh1no6nVbVFqLSWpmF5hg0G74SCMBEDWpms5Ah+/glInYhZwyggttOMD51DGQdbBixF0OTcG4KFziWnTM735u0HAJnCULPETZyYZp6k1PU7jIUeWP80c3/nF7LGda7uGlVydq2I0oKXQ0iQYyurKIxuR78rSlcRTttgY37SS3GCVkVKjSXKjfUmcvZv6nQ5CCDQ2hfpXIR6xGmWMlVKVE1q0KayXb5NmzEg+CwnaLZxZKLwgOHaJ4Bbf6EGv/UDPqKkk0k3vKI7GcwzzdCAoFAIBAIBALBouBeNce4LuuACb0s9f8YfXYfMNsy4xPGRrNYJucHzssn/fYsY1Q/qx4pS7mzPGFusB3NrdRLfakeeslzo54b8jBAP0Mi6QMCm/2W5zPXgTVpv9k1CMN+wjUIObKTYy6htoTDYwkWADPiBMDIGLwH462xa5gZ6hENYeMD41QjqsowAQgKFHctpONTiYa8YFBAAECliAgYpoBVpRErtEylyTWqldJKKUJQSMxEzIYjJCYENAlRmSmKtjRJR+OnOaPNFos2hjNM4ZqYje0OtXRvtmat/MXrYEmaBjA5A73gWWdGiAgqP/Haxr8wFjNki50l32nvfsfKHIieSm0iXVmzziII5kZi4guLF3t90wyUYDMZabg8YWpAephD/eOlAz9sWZDlY31i9VZFCkYzOTJpHe69EUY8ZWtxlYU/MAqj3d/OEY5o+AnvGQI48zLAg9YdTN706pBfl2kgEAgEAoFAIBAMR2ENQoP6RT6waxDm/MORn7mxBmFQP57/HGO/93r686Ve6jP1yq12lKZzk3qpX+t6WEa/0Ese8vWQkzeuf+WBWCGjYkBGhAqVQqVQIWCwxJvLy+gvYkSlglyiCKiUqoy+eHG4iPH04YOmKTe6cSlOyYQxMmkiIgBucoRTrbUm0syaSTNNmaasNRExsU0XWt9wGA0PyADsco0yMzChX6owmwG1JdoJg9FI93aipHzJwCYGtQ3XlosqQ/3z2JbtNCpEktaAZGjd+efQctPAhscyAxG7TMAtSzOGNUZt+qcA/Z+hoE0BAPv9mUlb/4Unq/foNRRmDQZgQELF9g8ZkAAJgCkHZrNlwHjyhOb5nZHZoVhwB0JfyEq2zId0eoQn1zfpswTmMrEO1/56YubbkUd6Uwrrx7BxAEoHsnxLOEGfJn00r8kBtoPdX3+xeSZhWxeYJDhtrZ8Tpbt0eJX1nxKlm7NAIBAIBAKBQLAd0e6/bXhre/mHoVC/Bv5tqZf6lderZvZB2cp2Y7awjF6glyQMsND45kFZdg8RGRVYZ49z3JsrlBmYgBgMe+iyMxqCgBmMT8nE7gE3ogebtB/6mHlzFwgftgaOLKhQVaYXBARQzEyaDCGoaWo4QcsMsqf6LG/h/vNshqnQRJqImF0rsNGEjYEOCmN9lch60NKaTUSWFxzNBZ/XwQHVzC1yqalOkOOz7CYAO+4wOw16nrI2a4aOSjp5chOp1bBeNiNEvdj/TR5R30VQ9qWMo9kUlBOEpLmHpwPTvemh+fKgayf8rpGe1pVfhuPebdYW4Tgv4ZBLXfhbU/hUWrQxJazJqW83Y02MHBHmLp+r7N98G2LocaW3a4FAIBAIBAKBYJtigLe2l3+4W6dsZXv4bpWjDAJvnpSlvAllWEJfAL3kIV8POfmqmlRVhapyDKECUMAIhMBmoUFGYmXSfTIzExAZ7sCFQDX4IEvSMTcjlQAgWNoHwYUgcvi89WY1OAMXNkXELm7JpCTUmra0nmq9pbUhC01A09RQgFGoEzMR+ASk2tWDNZvtw5m9jQiANnrMhJKFkWTpVwV/nLyiZXSKtq0OdjIOaeFmjR/9rAbO/ZHJkuvPVaQXzLlhbkaGgJuZlub2hLVbYBNLB4JWZagnCNJTjtque+LGIdbTJqM2e8TYItCBqCOs/w/twbDKHz4iKl+Nql6h0Y8KxqubonmrIBNYqBS4i9wObHDV24hlzyZ6v3OX9zkbvZqVzOpZ/LXTpn97+NZ7jv8MOhca7ee/fi45ptD3tZJT7zttZ3dGMXKdHkzov3r0OZ6GTPf6yr20NkdywKhyjy8W6zTUs4LTx5JAIBAIBAKBQLAG6PDZQljfyz/crVPKUj58yxP/C5ct8SBlKfcpcy95bpGBAfpjPTX5FdRzt81ckrfLpmVsCxn1jG3pOESepbjtZLLD0HqaCBmRGIFcRKAhxwgAELkC0P5gnWsLGUBhwzNlkm2TIUhQKbQEHDMCmlAkhYqZgXXkUPZuymjpIwZkYmJCJFWxXQaRSWtthr7SWFWVIfKmeopYoaq01qhAIbEiQGJLIBGiMvyiC1k22UsBKtebZWMUIDDYBRGVUmaZRmCuEGubHYXiXan2q4E3v3UhRnSqRkGfVQ97ImzV6Xbs6MK5VqNV5pJWjsROPINubtST2C/gCQjA9eUXJoQDAETlVDi+0aZhR5/qmoERVH26sObGsCbBMkw2+GSkLreukbNlt3olA7jZYXayZz0dnxwPS1xVH1cd1OeP049JafijvRh0HvTAaWUwkJH+eqnC2IcetKwla9oXzbl0pyBgldCRk+bar29UGPYSHabPYNw5RbMXQiYB8kBkZ75XmBv2WCYypl1mpei4jfglP6M56e/q6bmLmve1o9Aw20uW5Zq5607D0ny2WQPah6Jkm3kGjWVw8O0709cgI0ut0ud72mNYP/S4ZpkzhftcsWGnQmtJZ4u6+0bbHkfgvxRmH45Z4dLHLMKRz86HFp64NElKl2HXAwtNvupOmwUCgUAgEAgEgmWDzXfV2q+LDR+v+94OCJj6h+sy+jKgryjoHFjGcl9r4beXspQHlNM1CKUs5c0owzL6gl7ykK+HnDyif7cFEWxyUYXKrCpYIU5UNVFqoiqlqkqZSEPDhyC6p6R3YHFuvbfQR+wL6S6vIQQRkSYmMs4lZiAibZYXZEJkRAZgrfVUb2naItLMpElrPdV6ajOIArDPL8qaXIyjJQLdaj9R3rkgbjD5WrBejnuLdGz7e3VHQSfXEhozxLDMcZkOLfnq56JdTK9hUlCG4OSar252d+TIbjmGPB3FjWNnZjJqfPhrPZHMpCIGs7ZfvouuUJUVIJxdLeV8W45PfeMG1ETaqb9npQ19OVzCMGtGem8Zb2xi/Rn7e8z29WYHV4/SSPYf4UWjxI2tg21LQ/ZK7zMIM0z4w2pgx0J6pwq/v7Xfx+bsog/knAoEAoFAIBAI1hXtPlsY7B/u1illKR++ZVmDULabut3QNQgbXmxLDLo0f84phPbBxc5ND3U9MrgFCI1Gt6Rf+BitWbaePvqIJWTzpg4ie/ZvOnU0oYlHIiJNWvtlCF1aUWNevT4h10lH2XcUdR1+6pks1A1lR7zg4mBupYtT3l9/OIC+zIjsb/apNvZfj+wnrjPLNgwJAtcQLf/m6hsNfEBnZA/6XWzJ7Nw0CItuStf8sVfL7I/Lnnsv5iaeb+ajctkt0MmM6cVijwChjmRN0qUuAtgFLxY16dbpbhou6SiYhQmV2xWW3X3I3ogiA0qGtdR4Y7K3nZZbkGAoWibD6IzsIijeUTC6Vek1OC4WR5l7dN4l5lQ+bHyQBz6jl3cTboe7fc6F+okcfP8Z8ewvei4JBAKBQCAQCASrwwBvraxBKFvZzrlVAWcoW9lu0haW0Qv0koQBFjqHvPPLNwJx7PPK8WsEQMAuu6ALSmT7rPTXsXvKMTR3crQoYH1UwfPWKAk/+oqa4NNaT6daa61NktKG8oiBNIwM+ebMZLhCqEWyqC3v6xlcvQ9xoYhOVn/0GBT0aSgR4wRjAUeI6Yp5bqnCqAGWOcLYMP/8Cc59w2QzG8J40nCbP8BGHKNPsmkZMUC/bZJYQY+tw7UCtJ/9lr3+7hM68kMuMKxXQY0K/iLmL1Q+M3eyhoPssc62tWPmu8QMGDRKyzSs3YDNPbkzIzv4qxiHoT1y68dloDFKA6fw+sy09Jve6mwRCAQCgUAgEAhmwwBvbS//cLdO2cr28N0GaxDKVrYDtrxgDd17Ia5PZzK36uR+kpzIJHshrw1ybW1wDyEosy6gWeoP3bI0zGzC9NgsLMhQe6nQcDHsPlj48XArKToCz5AvISEQLn5T8hnZt/eJzTpxRhUiNhX6Hhv8DoNL9uiSiILZi1aaiFSVCSmI34JHSAVsr3nw/C/790erJeN3NLp3z9vffiDBgnTY7qu1ZwfjSdlmv1kYL5UxkYpufTVbZ7LDYz0NnP7IDr8kJWaPUrnllrTW0bHPvHjkqhCtPxeOoTn80hENWnss7cL3m1XihdO18VaIlRuwIGTP71gzuXOelPau8DryN4fNupZHmaJdN/PteQmMi3lGqb1teHZmWP1xhrbtC75GN+eNu14EAoFAIBAIBIcBmBkAay+ucXe6Gqx9s5j6h5NW0Ypr6d7sFoftLWpr19N/O5Ye2co22U6W6VUXCDYNM9BOHU0qpQhAKWAis5iuYmRGAgANbB4p6PQwu7JVDQyIDI1gLK7dRghENV8X5QB0TA+lZE/oLWJmTcRuJTPLKwaLjRGRUsrcQUxYoVJUAZjeSRMhsYq78MotkJgbLirrqIIkoA1iuijiHiyJhRzlxxwFC6LoRkHJqeerE6tttKAbJwRUWQ0Eysw0T7H5WZ0dCL+fwSgkc07YEdxswwzRzmi7RDQCA7HrLEz2CciOcXRT0Xyhs2p8z+FQ+GtlSuR3+9FAROK6zHaN6ubkR8NDrv652GfKRc7iaK56Js+LNTjXwH2clonq9RojUjbSU7LT3CLmcYV3HnvWgODjgH4XZ+daYbZjjKLMhUsYC4uecuvD0PfA+luYQefApjcW/32s/R2aFt6u/dWW6BWNTTj1AoFAIBAIBAJBFmk6qyiYYOjeUmVJps/HbE2pcpS9fSC/2QWDMdnQn+WCVWP+adOuYYa9aSX3/thnV9bv3LOyLiilLA2IioAN20dMipERCEwyRCBQyC5k0HIWsXc+dtOHCRmDDIONA7MrCCZDFR2/hQ0crFwDn1YUEU32UE1TrSdVpZk1MxETcZ10NDOyTrNZEC6N+QgXkmvxRHNI7Czs8RfGoK3Q0Zb1IfYxKTrXPQfJLfbXixltitWnhN2ERcf8NWIEre/SMoWMZqa7IzI8Jvv27N4Owzqk1vCRgZ2pkxQbNnGaGZMtC58Eya3661T/ydbK1nREFJWi/dqTiIZ0fh/bFn3t9GEre+oJP24/x/rQI9rEESgRLdsY2fdmsgKCdixhoMrv9DRukp3ntKVtZ31PkwQCgUAgEAgEglWj/dtsR5qrkZoIBIcL6gjC0JUsZSlLGcCSCt3ywUPGBO2kO7y8XfqLkRUoQ3soIKWICJVCIuUiBNnHP2GdpLPp87eUoCUcAZmBzabmB9MYApuqERI4esaRMlCzL+F6hiY9o19h0FaSrkgjVKwcWclAzD40icFtPUcIqpAFK/2Yy5doKKMlZvtcrac1G4vQZVJ9rtHPJCi+9OR5PlNl+DOM55xXgaGMYfEs8xcotUGxDEE9BxwfQE4G2Uw+BAYXImrCENFyw87SICSxth2d3cH08DlQEfyUy7nTwwFZFdJQv+FtY3Ium5K0hSM0TXwoYSrQnrzOc/zCT2w0spTb+p9WSZy4URg6l9Z67rVgaABuT+Hs9bjmV6hAIBAIBAKBQNAFDJxIiOHr4i7LqC0HmaUCny0GvhBIyrYttMmkOoGDNFuhbYmvOLQTknK7n7m9bZ9yDz+2lKXcLNcRhOFvSSlLuavMc+vhVpl2/dm2nMhHc5vL8lzWz0mRY50Q9cUQfEjbGt5CGX4PERiUUlVVWQkEzQTAaFb0A89VcLA1Ou3ekhcpPRDHqSkAZtZBLkpvPwfL+9aOfiJCxw5WVRXGCAKwZQiVVsg+dowsWUkKCEF5jpCA0SW5zPvL0OSUNH9DqJpkacMlIJtAbEFIF5yLFoTLOgprXqcey4jp8efat3FEIDdWFmzK1NGC4BalNKeAfU/IgQA6Stt+zzORhQodBYkAoLwIW8MM00c+fjAMp8U6Gy82apBzPmSsL9VygFw9BCtFc6nFuGzQQtEFj/kM15hdgCq8GD1zr5Sqo4GTMM30DpOSiGHy0hHHpxQ0EwiM0Mn8KjYXLQTD+nAPM1OVnYtoLgjjDt1QbeGdZLZssWOf+k5tJYFxzFg+1Z3mS89aNX8va3WdCgQCgUAgEAgEw+HffDYfwlfMwb8kHskAtJQx+o6c6BxY7tuvlKW8AeUJQMkTWlpKTeql/vCpT/d26okEYnmbOBRAAbJ95URVSjERI7JSU62ZiZmJicOr03uVavolZDPsYoEu/o9zkXn51WtCX5VbhQ2VAgCVOqr8kmYmtEhZETaZRRGBEUyOSkctMiEblsHwocNdksAwiytzJVjaGl0R2dN0dA7InOC/c5WciVHomO89KxPlho1SlWYX94vMNtOYVUSDxaFv2QGpdzm+EnLGh+Rmeoxrgoj67fQat1PFLUtehZGFKQUYLkZYGqhsxuNN9E03D20Tj2BMdCZ5XvklU7o6Rkk5u0FYWrjkYTKeIyIi6qLb71gXUeFVMIFAIBAIBAKBYKORrkEY+VfTclTDTSUlPVF9uosTS6As38dv3O5nxkL9WPqlXuoz9RO3Lwupl/pSfancX0+6t7/+rAYuF9o/cmEXJ2I97YwKoX67pKCyEVQmnA4qVXHFzExaV0oxM5FGGyuPiMgIhjVkCDkDFQRTgcvkCZCj06LQAeeZQk+W1HkFAW1SU2w0dwpI6ynihJmINDNr0oCVUmwWICQiUmQTijKbQEhnGhMxKkabhTQYO8so2JSYjaAlgAaD5Y7NMEkL9YouYgmfllWIfLc5S/JNrIXsvrIwIyJxHWEXqLBqakLRS7igz7RR4nyEKA69hYm0awtaUxv1iUfbxpTWk5lsqlJ/tsPgxGgQUg+szdCL9RE1xaKpBDb3KgKCKrGrS6ZD2nnBFkog4AKNpD/j/vL3kimXbCdSmkYym4w0MilL2BQjtWfCQh3fpWjgbLrX7OAsGSUb+pPKWVVD27bL9D9lQ6Ox55kMLe9DzKxzFPQhjfoMVGfaSf8gCOt7zpx2LOFyCN9HmafT7FsUUU+1rP2/fuoxQHD/TN5+cu/D9Hjoz47u12UKkkMvT4FAIBAIBAKBYLnIflMNvn7nyy1KsODX7exU6qV++9dPCnSiQCCAMt8+e5OqqowEgV8IDQGh4ooUIWlERKrza9uEn+x4RkeXsUuXHfB+NoOij7cLEwaG7KCzxb8jA1Egka8Plgy0FjheUJkFCJlZa41KE5AlCA1H6KIRzUKFnpZxrRQwMDKG5rtDcoSic5XaJJfu4JkjXnDlgSxzIrE//XLTHRHo3aSh/zJkeEMiWSmz16ZwtbtcJ+EMTueM53EBGg+VAg+Enia0hF9TwM1MPxSuRyOGnt9CzgQfQuhP9wSVTbCJbkYl8ikpXvt2F+nJXSbMDSDkaP2tIkgs7DlCPxTsK7MpQ8NyRJulIYzifV5nRFN6/ZcVHIR1CHBcf6QphUfUOSKWFiKZQXC39DW+HL7nlLFuQCT/jGg/ZdvsohYIBAKBQCAQHGZIIwizUYP995YqSzJ9PmZrSpWj7O0D+S0sGIyJzQpofskG7lRTlnqpL9Tz3Hp4Dv2cq+dEvuEKB8saZOU5ZKCa+jmWB87Zybl+OdRvtFVVZbw2UyZiG2gHoAgJEZVCItuQfWcAPgpKRUy/NT0b1e4sCMpE5HOENrQkTZgBkZRSxKS1NrYhojLkkpNkZkByHCKFhCIxIzMjG87SLj3IxEyeiTLyDTrTpkrdhs8zT8Yk6Oahm0F7rlnW98duXeMiAeDJvSj9evMCKFoy4NTErFLoZQ0IpKi+XtyS3WKVEN4rODKi5giBEdAw08BNGjN/RPGxhDzZxvGC6RKDpUSj2Y/xScmV2/nC7HZz2Zr2AKx1wMyjupzTsYThKnWxtvOtk7NZpuXuu0rc43qOXnQbmT98sGenaWVnvuv1QXYN2pZnhEAgEAgEAoFAsCawftSi3xiH+6Ux5zdeQ3+71Ev9Cuon1jMPHAR41GWpl/ptU89d8tBTP7fr8TxQogcYACucoEJiVjwFJjRUBnNVVcwEQMxEYHKQoln+y0XgoUJgcPQJ+tAuG2Ror2mTLZHN4UDkR4v4QuckUkFdRKyaRQRNaCArjkFEgMpkDA0qmQhIMTIhYaOZlwMmZBUmuvQH4OBvXi4mkv1uWGu0uBTjzI1mZ1egAUccYZBZNAsMtqEN5kRjGIyXcw7GoSQ+G225VZZnSofCP4XQMN6g0JR97GBAcQIHtLy13KSVbYYxAgCZIYIwttYpybNTGBbYGuTkg8NcT4orMibrAi41TP3sKRfo61tijNr5wv6rJ64K7XkaO33mKz+oFgPSXRExvBGswCALwxm45ke33ODaPqHnxbeFOt9cySnMh5UPNaxdyTok+F1t7/3nz/rfigUCgUAgEAgEghQugIC9g6vppw39ru28hm8LOT2pfijoSfvtIy/1Ur8Z9eEahLKVrWzn30K7DCICAwIqQEBl0mxql8iRgZUmpahy3B8BI9sl0hyLwQqQatrMqWaXVRE9P8RpJFCUd7QJBKgTQvqorHBRQHt4AUUIAEREZolEu1BiGK3oaRqTdDT8CIx+1PJ+KxcM1jAxI7N4t9coazItzs5GzlXgcJxCqjWsZxdC6CMLS9aFTuSCdzv66GXqVrWP0uY7RQBGtrlPGzQVIiis19T0MwABfepLCDiAZgQiNEN4S6OUHGNjlmU5wj56VoKsC7h/oFKOI2S/EmGqKu0ipWTWmaHJmtd5G1nzI2qZlik72C4zFgbREus/vOOi5coKX+hp53rTXfM9p2ZhBGfCjOc6PfYRb8UbMQNnM7KdMl9zQl0gEAgEAoFAcBjDe1Mx8a9i696sJPSQ6a+tp7xsZbsZW0MQ1r5QKUtZykE53PZsay6tDnkEUKAA2LB/wMAMqBSSQoXISiFXlclOaum22iYGv2KarWRgrxzDHjEMzOrrTcPaT5glG9hxgUTETMDITMyauPr/2fvyPrttI9uqAlu7ZVty4onjbPO+/xd6v1leEsfZrMVSa7Oadd4fhZ0gL+9+W8IZD4MGsREEyKs6PFWqCgERKVRMOZiqw0ZrpCBIPSXKU/YxqR69ZjNwFVMp22lwECtks5HjUE05O9i2+dZixJDMFky1dH17C85p4+LPWqj9T4ZRceQmJ9ZJzv0PJ40sKKtLlCkF40iTC9VqXFmnU+0dM9fli03UwKUJCheMvBtNw5aYcIHFJMZG5vyOtu4j0S2xuUdMg7Dmp84ypPVYyQ5uLHMMfALk623BBT6ajoTP50oPgs4CdnR0dHR0dHR03DZwZo+N5lYuC1Tp3H47rUutdqbtV2V4vt+5sW1Mb2tnvrT2e/oTTEtSLiUxSU/39OeYpkZ+OtLadigcJmWIKPNkyD6sn2N2zFKQOnaSWZgdi1gyWHeDAISJmMDZC8m0VMETIAIdF8YR5SPLvumYiYRzN3SFh9DACwaHqHaZ8BLCENguTui0fare4xlTFXhBlEjjjwXzP+au5VA4uBWSMxy25diD/ccsRGI+RUEc7guhXDbVzIdGooPPraDZHYwbgAA29agRy3FdWToDW11WsC0wUpBOV4RaYEtbd/E0qVIRCDMMSsMFTlryOVT9l2N6keWkXQrmllNzseWq1nh2YVlW+ZUodnqqmqgDXeLR0bytlzP+uUfHbk+SU67h5qxe4Ca6TCRBf/kqbxbOZvXME8sNkMUYPubrL2HjGttYYEFxe+vW7cmmvaOjo6Ojo6Ojo2N/7GXjndpjsXebPd3Tn3RaMuNeP/bjZ32kPc5mR6/Z8sn8LBERS4JjFrOYCZEwC7z30cCpRBMUCwX1nFE9ZIxiyCFiEg6vUVVV1XEcdcKLzL16/dD9a5iggBbkTaBzrFUDAsGjcbwK1eSUlFI4t8zhd9Yrsm79k4nKcdpzKv8zK3UKC10+M9tUKm2iO7YzO5jM2Dpr76vyq7lqTmD4E0Sa52ycbBTQslaNajVmme372+IRkWem5djgBn0rCyOZXstWdvWTLcUmFtbV9FRcigtrksvn1xwd1Vzha6zPB9kIa3BAy36L5zjRVVTDOEg7Z1yx1e47ai/Ha//gaI727Jdw7v6XsGZyZt5uu6D8gXSG1XW8XVO9FDo6Ojo6Ojo6OjouBHvZeGnRWtuP/diPk2NQEFIyBVOW7vk9//PJp8O0Q7PliYgg4pwbnBuMJPQcoekF/bnBiRMRv0eDFsz4ICIOckP2+fbuDId8cPHFWomi2qRISDR5FDulioIeDJeaMTOZJcvrF5PhqeiFMkeiNkorFgrn4+dGZgMXYuTafwgb7YDhSjn+WZ4mY2QzyWCceVPyob0MiDRIZdeb8id22AaZt9BgtalCAQSiWrP2vHQ1rMBwItP+xdWV5dRSyGKdW9el5mcNCgAAIABJREFUdrCageYlT88eyYC7jNkew5cEUT1qCyJ9VeAL+Onxz5mQjpsu31PMHJ5abcKsmV+dPeXkLGNPqu+MTOEUCwt1feFPDBdyjSufpQdksw6CfQaQP1wn/61tI5bfbYsdinOd3riFR9wxsOduPftC6ujo6Ojo6Ojo6NgNR7AD04Ha6fk9/xPMDwpCSpwhZeme3/M/n3w6TDs0W56IiEWciGMRytlB4wadG4ZhuLq6uroanDNGMDJsgSa0piRFIUxEUcipsLWnMaaSVcrsXy2mB5lrysQQamJf/DCQ1w907AbTYW55C+PZ7mIOi0ugBNIAZgbCMxwl0pzP2E+ZQKTh1BrbYqsMV15hW0RapRdkq5WtoLSOLGWcoAbRaklDpgWUFomn++p1Vi5iyutuc42zZy/EINt8InDc2xFImekJiPRRQlzzC4RfkyPMqcRi0V4e9hzb5Vza8tq7nHEeFReyAQ27PkIrHOvGVUti8nbbZSYPNP8bnsrLi/mi1sA+OMiFfDKz0dHR0dHR0dHR8VnhCHZgOlA7Pb/nf4L5koKGmWKjp3v6c03TYhla2w75NE3KEIEgTiyeILzXTWZ2JE5kGIarYbi6urozXF25YQgiQiMAfQX/WjPfklFAlnY5J7lh69v2mK6JvuIzeR8uLlbJWoC5MAUSzxSoxFzEZf+riZIKc0OJp/JkDYdEpG8mg0/jj9RRavaExq/VFvYGiXiIcXIxBqRYTvltihPaGoDNmc4OJpvPaSJ2m3G+FTcWoxvODSAurTxetFRNwcfR1Gplep6Q0olYox6zRn7QQnU2LjDfBfU8I2O6y7NNhngyD7fVIBuXEBUbsKAAq0mIPyiyzDahaLjMyflkyLOV03uCu7DQxZGe2xOl18F72A7rr3HuYZuVYAovydPcu8vcp2uwNPJzL4lzoTknt/cWd3R0dHR0dHR0fA7Yy8ZL8Qdvnr9fmz3d0590eggGPTORoad7+nhpXMAYZtNgYnAr39KI+Vi+Lir5uKwvT1MomJSUmFmc7UgGmNUCC3qWDUwQBhgKUmM5EHwAhgEIAUTqiTgdzbFgUB6GVyKDxcuDVBWqFgqREilKTN59KRFIPRtKzCLCTIDe3CiRMg+mdTTeDsDNzc3VlRAAVfLeH0fVcWAwAaSKUcfRlVqiXF0EJqWRiYiECRZe0dghCbMJtoGyvzSxMzVVg5L7yW9Dnp9XzIs1YQU8cbKFwTeshhrMnFSVNph8hNaFxICSxKnBsvMY3jErFl1G1sMhVp8AERN0nAyPKcSzDI0zZU47iRkMDlS5rWsrzuGCW5fMANklA4jfqGTz4yfVyth+YeuZCQxmYpBfnra+FeJXDodIiUQAM3z8zsi8+70CJoKCiHxFYw4jsxV/Lfpr4JxSjPJd60lV69tpp6tZby4VJipv9ETBQ4F3n7VkTyvGZVnsCM5mNl+69hzK6thzxT/aQMwk9pgp7+mUFE0J+Cbij3j/OC0HubAlm1e6sEnDTVwCtDnug3GB2QCapPjmZ8Waq5jpsWhkTbGFR+I0M5TcOLbZx2/Ma1fjpbMbUay02TJr29k4Y9O5Wvk6mL6eDPkzv3r+1zslfKnjn7lIV7bVyplD1Uj6JwL5Z3UcbXVFB+l9ERL6WbjF7XtcTObkCeCbyx74h8K227mqNbfYdsN0JM2xHf8+dnR0dHR0dHR0dOyI8E+lOVsu5enalkspvamdbdO0UObQfbVs1D3d08dJSyDW0z8Ve7qnP880LZahte2EI03KEBERm4JQWJyTwYlz4pz5GBVxIgOLY3FFrC9jRoJijhIb4QkzDnxdNCRy3n3NpXFeOY41ET2wP2IVAEqes9NcrZUFIsxNtf7THCIiUujoJWuTcsnvYwyAxkqsdVEuqgUNZUPItR4z0rGl8jv3lYGzY5ZbWmDXXdaMbbSVGcWaIW3rQ4k09+TWMimGdRyEK+rZJdIo0tuEtPR9FwjVguLU1IKajlB4naBGx6JIEQiBUfVGddQC4xiyRlVU42uPNe1qhKW44ZIiHVbfuOlV5/nxTlTEYVU+DnIr7mTKMaypU6RzL8XxkeOVy/5BUMkBc9a0EBRacxzbbizoCS3aHvnCJt28HzFJnBobbsehVJVHMvFfPnOwP5Oy8S2wvDK37W79Di1f1iGNPPPYWLq6E66Nva90roHjXMHOv0k2fiRxDDQfzh0dHR0dHR0dHR0Xgr1svHQpduae7unbkpbMtNiP/fhZH2mPs9kxfDNCk7OW4xwbKehExImzkITGDkrIcoEvdBan0DZtHpcnfhbDJJnKh9k2d/pAPpQjqk38HAR5XJQ0+Y+VMX4mIzA042WQkSUcX+Lxgo3sUO+RNKOLKP8TpS1/3kNlHPBOZ/NiG8vsib3tp5MRIt2kUGDtVSCTSmQDQ1ILNupUhaPb0rRCLFThBj4s6zTnwPKSJT2GRASqDzoItbT/c1TYcVS9GXUcx7gWQ0VjGiP7SKqkGrnAKUmZM39+OYYBpAFp5tU0cuhpNkHTq6IWS7XJL+7mlbOGctvYQrNKzAHnD4eQmJRunuXS+/Fc78dG9tQ7QW+7IC2ScoOcHZczkjMif0settkqZ5EZyv878U2Zveq+PE6MpqPmjo6Ojo6Ojo6Ojk8ee9l4adFa24/92I+T45CZMbMjBx+DPb/n75NfnsWB2on52KYdzLdDoTHM5NfjX7ouynuv9xfALGaBT3SeUTUMZrCIwAk7x4OIigAEKMz/nxUnkBcAAyyUWgtEDqDZCIil2PRm+vNpikp8c+mYXQIzM6mayMwXRtR0TZmhjPjwbSf2JXGMBStDxUjyuTOvj9NT+ejmTjVL5uXNS2TVwsYG84tdU3gu9NpW7VQjPIFxNv/gqsFUVpRGKCt53Vab+V2wm790Od4fqUay3Wgn4sL1JjOx+K5D4wirGekWsJpjX2vBtg+A3OyOrE3/d1jKMG97QjXpVRntS5aUo/vT0CIWb3c2FVzU2xXLS8UmP96CZoKYJexd+9OfsvZjW2KOjrN8f7vT/d1qnS9fxRb7dOs+j765LhNxe06p/fSa4PQKiMfm8+22I7+o6qoj9lnY6ycte8BsJyku26iwuZ30QZJV2PLOlnNyYasCk8fXxSPfm8192tHR0dHR0dHR0fFJAshts8GYk+ck+y0XdtcYfMdbOUvbTWa/5WRV5kbLbTszT/KXy/f8nn878odZ+0bP7/mfWT7yv6bUSOTS0GptzhBX2cqYwGL2PraAZBb0SwQEJjAcM4QdswiLiANBiYSgICaIue0MJJ8QK5GQUV4mT9JExtlbUUkkmf6bTBWQwslFv6MZDZsIQTTguaIksTJnkckHtzUXOMFctJVPT8ZYWLxBT/O02JImfbjSfDZX8ag4Lxe4sbUFGdOE5aZ4D/17pMyvqlc3pTJ3TvmGsHgVQIxjlzgqv6h8KEEoK6dwWWJlyDZNVpFADADCRHFdFbKMKL6F3wZI4w+hOvMlh1iyUnaEcR59RZ0G0V9ovF5UPGJARfoew5a9vImqvrYawLls7tVD+AQPooUB5JlBK0vTaQ97Nn8efDrI78KivO8AHa0opZQ+gei4dBzjMTJHTi9j4xru6Ojo6Ojo6OjouHBEU81CTjixFIOnYeblskgrv2h5tZ2ZZ/JpbuRz5fPeD9FOz+/5G/OHqKNgo857uqePlqZDt4ltymO5jGelGvn1+GnddVFRlzkwhiLsiQrPVXh/h+I/elGAZfQuRqEKEYayWHxaYxWFCMxgixQIE1MFusb798s9SAZrvo1dCdkjIdo67WMc4sjMeW2ikYyqzMTsWo+RkjrU4CNSPIUgUrscDIRikGkRe9VREIDNP8m2Q9OSW9FvxzTKt6U5sedYrBxdHGTMQ+Kb2+a+vYyAJqdLg0x0XyKJ84+1yl5NpOobStRZxtDkxkqO8rXJPc7J+lzDAiDMShIIMoOZR5j3VYvezGBi1qiUjV0gNsi+FAAWKsZQ0DPlJkJ9p2Jj1T7ikEK9hE9P/azCVDvYvCv5+o3qw3phT1poiIMLJni7RbsVOzi9wE1VPmsz+hwrNr3RGaN/kQv6ELgwTqWSD867hr49OMMMt55tuzd2wvFf2Grs6Ojo6Ojo6OjoOBG2svfO2WN5S7txT/f0Z5seMgbemIae7uljpXEBY5hNe36hkW9pxHwsXxdlduyyL+PlWISgRCQcCqlRCsrimBVw6uw/wEf6ExWwmi9SEVYOTAnHvWw+SyHEShLMiJyFmkNUU0XzbuDkOJJB0bOgZy1doH4UCNmVfCRzN4rohTQKUOZCkoXwhRy7D5cxG2AvjHCDlW8qbzq9ZDBc0jIR0hQMzVjebWmhpuiyWq3c7D4t0iRcVQn0WLjFXoKeSkahp/8rthD5g5JGyn1axnfOlD6idMoPwzdl+w9p0rxW0Av4IGGveojY1mT4An7ZeskgAAhJFj6vWDDCkk6ECw1ncyqFiI315ErmA56u1epyL8XsW/PlVLDQy84NG/RbmGs5BA1/kH3a5AiznEu5EefFnH7xc/AmerIr2mkacw5+/3Fy3ebJsX62D3hfDvi+/8TYwQv9dKWjo6Ojo6Ojo+OzRwhTM2fLpTxd23IppTe1s22aFsocuq+Wjbqne/o46SH/WDzbiT3d04dIo8jHgdpJ1NS0/Px6xnw7VFFek/y69el15a1mdfOG7OAVTESBkCQRsYJCBBYRcW4YVEcdAVUCoInryl5JXvJI4V0IT2MKM0hto8O0hVaXi6GtNAxF87pxhIFfBEAxHiF5mjDFJozeQYVYPA+J1KJnS4ObSqbQwqJrxsDHFHNQXghnvFTMmV5R+xatxtRoXraMcJWHjxpY+OGcLUMxoqRnapuzinp0La+zvgU7gap2KB/+BxyI6A1DDC00HZDGJuM8K1N1TwN8RS3JSCJiYQYJZZQkIxYwHrv0MppdPpN4hW414MRKllWg4QsCH95Q0gVOg0itwXL5NWeXsbQ4t9kgy4t8uk8P7iJvucCFs1k8ccp6lgHMdd28C8d4rJ0Xc1c0d2s+ef+N8TF2cEfBa5q65Fk9/diWP7PYbSl2UrCjo6Ojo6Ojo+PygdqJFShaPosP66s0hWJIxWfswKXdaqWNetJXT/f0J5Eecp+2Czusp3v6M0+nYyS0lusam5XngyzcYKRbTJCoUfpOxMwizglG50SdQB1UxYmMLjojJU//oNQTeLedDETGsjADxahpBe/BbN4l/YiICFAi5Eqp6PWSiFQJIFUYNei9iqqKQCk1YhMxjVpYD4ryR5LFWOSpActEWvmwF2J3bTR+7UMKrjOuBYeYkT/L6JypwHG+lVh3WlKt4W0HX4xqpkD6EzXlXrmIRPaTq7JUIp8BI/KY2JyFxuVPJt0lI+7izzPJdw2n7RJHIsIsidrzXkaJGCTGRauFJmQQostW9gLZ+EMxbNPJLII1hjakbBeYGDapbsO8+IEwsQ+ZaRphImbZTMavpfqWPXbusLC59C/apEkk810ce8l7RLZS7d5mT4ti12zLEU6vdP9at8qt6MrhzfkdXssBbGQHZ06dgGOY68LyZ8TWW2INvb2+yjKm30MsNIWlC6xqTYr5T4fmGo/7Vw/OFV2U2HRryeVGB672YjzB2g846g3q6Ojo6Ojo6OjouFh4k0L53TZTyx7b5DW4MFDmRpzqH1rN/OB1LVmDG2Um/U7/pYq5Me+WPlQ7Pd3Tk/Swh6qrp3t6UxpFPraqO99OTGNafnk9z7QT/2c5HzPtYK7faZsg5xwnb5+kCmZVExEys+WzZwpFRhERYeccERFUTclHUDI2wiR4iB+/BO0eAiEZNnumvYtvsSDCAjNl/iKRTgX7f/jTXIjG/zSKCJPPycisxHiEJUEYdQnZtCBanHlytnVj90VluNzKZLZRfLmmsR2M8tOBrC6Z1Sk4y2gmbjccPYuiyk/aRIpvFET5YHJAGi4qsBiRZY8Zpm+NOrzYoLn4BJUK3nQVxJk/0bhcJUTR9KEO2f7HSEEwm66Ps47yhZ/AIGb1tyM4wWViJhYWk1bGK4y/PuOrlQPlnlM3c9xYTqStCbN3VPOup/FQWMBjfNPA85ZboIoxmYlom41vNZ58pe3vsPSi2MGp991dW5qjkfblzxbY3OzldUayYTYi60rsQ1/td8sSNooXz4WpLn+3Zra9R+e98JV3tHpCHg8HV3B2dvBzxs3N+O79xw8fPv7yy80vv9zc3Iw3N+Pov/Y79+A6Ojo6OjqOD/tY3wkPgxsGd+fOcOfOcPfu1f17V8Pgzj26jgaiSSW3LIFzg1VWuEq3ik3LT40XPd3Tn2166P9a7OgwLNtTMzplnRlpWgxETM45hiJQEyxgYoaGmHykgLAIi7Bz4uBGBSvEe+MElDOpXuAIY2xRRuAJjatQQtJKedRRx4o/AUB8FLfoApQjrWieRXPCzysbE2OC8hucWLS28sf+I4V0WKJuoeI+TW3rmnU9jmS8y2/tTL+Jh0sy07w+x7qcF2so2AANSrKijcU5z72VBkYq/lbLHH9yVSLICD2p7rV8RhBmXkgzBSyHo12WUZThI6xsAKbsZS9IDAyk+IbIk/I+xKcFPSyiEEZ7m6bemvfXfxgwnZM5TMsciqsoblPOfyLTGobb0JQG5uBpmxs73ZSZn93hki/KN2Z+CcfZ+Du2md3QnAVOt/tgA9wPx7uV/nuA+Y7i02/lbCxT+9NleTmrNGI6yOC7fHmot4kd3AKH3gQrHTXvP0UHfFl03Ap8+PDx+s37N28+vH374ZeP47mH09HR0dHRcU4ANI46jjR9J965cg8e3H348O6jh/fu3r060wA7agSXTlkO1TnxROM3Llf/2/4Zz8s/75stzzc4W3jX3+CzdpaOjkNjuC3/Hu+4lcDCX7u3s5Q93weWRzBn60IrOb2uZstTaRKIRUSD900iYRbHRg8qIOJgokAmZr4RWCRBEIBxHDWJ8gKjpsH1aDTsioiCKRTzfiK991KnNzeKkUUmhssk5TIqxNSBIuKpQYKwMLOqjuPonKtCuOVMj/izQXkVXqy+TYtLGOSMTEIIgq/QVEb9tAPFZYHoCsZCRGwqMgqzYZ/d1ky24MW0LXncw3PdpK9a6jc37cHUWBFvtd+0lo6tMFAmPWjVcWzWlij5edbMa6dvKvzOmrJZMTJfdYOyAfhgzPUIyfuMM2ellOStyfuECHNwnWfkoIgwrB608heaOMQ0RQCYwOZiN/zbQf0GMroxLV0BeeWisfsagw5GfVjmAZWIg+fe0llrzhHG662Xx8Lt29MDZy0JjZ8XUPpFHOWhc/DX4jWhHJhVH2O16mvjyJtLdLerqxpputvN99TJWIpDdTTnY3nn5sMKpykBnG9SyV4i0+rHm8bVLe84gEz/PEvp7TC26jOIufJFztYuMg+ONA/F3kn+zW2VTPfULiM/SHDH3ei0NTNdkPqWM/MRTHodb/oXfLvW6h20w0SdQInecXa8ffvh1at3r16/e//hY8x0ju/fu3P37tXdO1d37rjhahicOGc/mft66Ojo6Oj49GGusMZRb0a9+Xjzyy/jh18+fvjw8d37X375OP7y89uXP78lont3rx5/cf/x4/sPHtw995A/d9ROmQwrfZRw/sHzxlIdHR00RPlIOnpTYM/v+T2/lW/aoY3lZ45OnIKUVGIWs0AUyp4jFBZhjRYiT4sws7DAnCSOY/QRKUTwcQ0zrRVCZLRIexiDEn2GJjLQS6CMIqAQNpBixMOSwgEQqcHYv+8iSgUBVXVipwJPGXguO8sSHJYCTKnxJB1bp6by11v665ua/pvpU6KyWm6K77UFlk2E/s7uw84HughYcvSaGKDqz6nKMCTmFIQEEBWCPF+RJ0xnxvRZjrd1CUVJn6pKZuCubK+J7siXMYFDdK7oytg7AM67DCwYmMGJoU/+crNlGUfpic55FaDRioGqP9Zy3URgrzM8x48LkkF8w1LL52RhPMdX+3EeZjWf6osSGu6ASuy7dztblwkLfneG8jSYe0d0GKpNus2maK+KQw1sQ9/H7GiBXWsLwfcYyxomrysCO3LcjPrixfXLl2/evfe84ODk0aN7jx7ee/Dg7r17XQ/R0dHR0fFZg5mdY+fkDhHdv5Ofev/+49u3H67fvL++fv/+w8f3Hz7+66dX9+9dffXVw6+/fjS42jTRcTIk62twi9a2xzZ5jehmbd7em87O2XV50T486Zd2a2d9/qHa6fk9f5I/xM/MiyNNcnp+z+/5NHN2rnzrKCJQmMaNgrIOTAwhKEFFnHMAdBxHEWE1f6POGWunREQChUJhThCFCGCGRSgMHEoW7C3JsRDfWvE8KAEUXr6Ir16rxexVVZnUxh4smMA7IFXTMEbiLwZLJFgHBRtJgbxcYd1rUgtrTJmnMaWlOV4q07brLWpTth6Jp6wKiqvdSsnPTfITNei1pO1GyobyYk2acE7BRqivNow/cxPBPt90fZGcg1HsIIDMUy77KHlZPMGgmPUx9SQ1GLvnGHux5O2sDe/aVDg8E4QI7OltWItGsxmHWVysiWqZqmUQeFg/xTQpcFoE8rN2vhpuZfi2KHMGu9xce+0trMljEHUVJ9TU7N5GtNbJvjEIm73M/rVUcjec9I6caaOlTwFizppah+p+NynkrcBWOrlthZpxtdgLpKp94i8Mdlu6nVn8xPD+/cdnz18/e35tf14N7ssvHzx+fP/Rw3vnHlpHR0dHR8ctwL17V/fuXT158oiIrt+8f/Xq3c8/v333/uO7f7z8+z9ePn3y6OmTL/qnNmdBYWul3ERZ5BNPrK/x31mL9l6ayV9rH5702x7hJdixe37P35Q/5B5wcntST/d0T+fpdIy2++W6wXKU8k0uKE7E778Qmox80DIwKTtnTkUxDKq4UQxJ0eepNXJwnlXjaMhHxqowZyYvZs/vRMKGWYgIijAwPx5PbDGYIMxqFEuSZxm9EskPAkFVVaGqav0HdtCaDZ5UESbG5oTTH560iacXXSv68zlJGecWc8ThOWA8bBrMnA/S9V5P51RBK68xxZBr2S6nbeQuRpEl2r0HEtjH5gsEaU77NXVjU+9q/qhFZ9Z0XlHE9EnwzCALh8tMOjAFRDj5/DQNrk8hn20Nd4vJb56wYpMMii0eNtNIzCAW2wlh/0I4/MIECUcPm0lgF/WI/smQaRmnHCFxutf7k1g7bAQOhyn/FwdtxGtcWOlnxUxvc2ugqeyMVQ64iyfOD2u/asvb5MJxVM+Bu87GbWIgjsAWb5w0znj2kJV1Pn1UH2hgxQBWtLwF2Zy98U/Nu1erdA0HtpEazH6/pU9tiu1mP+TOutJX6hrX1+q4RXj//uO/f3r14uUb+/PxF/effP3w8eMH5x5XR0dHR0fHbcWjh/cePbz33W++fvXq7fMXb169fvfs+fWz59dff/XwV9887jThKRHjyOQ/WKOlpLC1NnmNYNaJBo3czUfRZisfoS9u5s/0y/PtHMZGfah2erqnJ+nBrLmR/ujpnl6XplXlUeSjKEOb2qdUBlUZn49p3aX1TJN2sjRmxgaajD9vJ42w1ebkGkEijgYOZikzpQlYSUEqIBUaBWQiQuDKk4LACGVVISUewAQJpjgApEQgJYYP0RbkUrnhD1AiiSazNPYGmGPwMArkSrSnR5WgqsUUHAEHhWoQCy5anGJUQfLvewazTIz1K3GrP4QvYhrtJAKI6XRrZqjEjZxH5efT7iOIlNI9TVRyNYZQN6wtxAZzs/uUCqp6TF5qx9LUy1TaOjkGSGM2iSznBKH1oqoWkjMOQCy6pq06z/xZtaAISRwjAo3IRCCWkCPMAENYyJPlBIGq7WVmZlUYhZl43Yx5qu/c5DaE29e4uVXO8t1cLrASzWXDnH9/EFbGTNysavC51vNIY94ZWw1g/1B/x0B2Cfs+F89+O06J875ELo2QrrTd1eNoTcXmn8dGNY0HvKdbXciJr3rlT6BLW2Md++Nm1H/96+efnr22P7u4oaOjo6Oj47B4/PjB48cPokz/xcs3L16++ebpF7/+9Zfd6ehpgGRG9TZV+0h5ya4b0/5fMKCm3TikeWM7R0nH67sE235P97RPD+R3Dgc9QDr2/J4/n4+928Gm9mm+HezUL1aXx9I4PQ2wZh6m4wQ751gsKBqgRESwAGZKDOVRCA4AhpGV6IYhTEwk5uET4EA0iPkkhedPIhViRqBx8nI1JpHZWUb8ukVMtmT8KgcPjElJE6ozZ85CA++T8T/E4ukWnxE4HJOgaZBABgeO4T+AiCxMnPXedBnKudh5HaYWsX0+md+mFmfHubNz5ROhu9hI0woZSPO86eAHfc65YqNlu0tsRJ+XqgYPsaXhOMa9RNAaJtK6TRDmo5phB5MEpRoioNbAqOFyzdOnJAWhsBgvGBG8YDIzKfuFxOzlf55S5+A2lIj9ClejA8kX8PyfbTELEirqKUZhVTdwcCgqkoIRevIxDk+8AFfidw/xjRx//Vb3rrVuT2DqzT5iINhzJ+tVKG3holb8/sArKGtN3vTWT6+oIs4PdLGVfHBy+jjUwvmQLuhyLueiJrk5gHKXHaOHBua97G4uUza085RWb5+63axMqxfkPgvOyUKtnHHedZiTr66yp+TFo/nsvdWfWH3OePb89T/++fM4qlGDv/rm8Z07w7kH1dHR0dHR8Qni3r2r33735FffPP73T6+ePb/+6dnrFy/f/Me3Xz598sW5h/ZZgL3VJ3wjjmhZKe26U16DFuzJKX96dtLOop150i+taofmxrM5f3k8Pb/n75E/BO1UEEZl6Z7f8+fz6Ra2T4dph2iPcZKI9+vLACD+axijCEkJEBmMtBMemR2zMImwOB5GUVFVqLn6ZB8pTT2DyCTCBFUCQ3y4Qq+rz43vicKj4gxlZTKbfjLQR+one2EzB3KSA8WCQDQWHGGaOmuFEyekpALPmDQ8EPoWdjHBHYpdOKYFba7nNrXtAAAgAElEQVRl5KcsZuXR0J6kQimY2YhrfUn1J1GIOJlkglW8t9wPbV5X1cJW+l9+qC2yGVsZKkZGkEzcxxCRQJXHdSi5P0lj1/1FMcxnKWni9KA+oCdxWvmmdFUlZqiyCGlgrSFCpEabRU6PGZy56LWScah2JRy+N4ieBqMNfrowjmTJre6LT6MowRlFMF0pnMkivZNiUPy8oip2RhUL8yzlc17l07HROYCVOOws7ckOXijmOMjGE+uCseWU14+ylQ2c5MZuu2ibH07158MtwocPH3/8+4vX1+/Noei33355/96dcw+qo6Ojo6PjE8edO8Nvv3vy5Mmjf/7z51ev3/3txxevXr377jdf373btfvHhbc3BZtqDOJU2115Yo/lVXZamslf286kX96tnfX5h2qn5/f8Sb5kNnzq6Z7u6c1p2qsddlcsjsWROGIhFpBYgtgxixuuhuHKDVfOOWHH7ITdIMMwDFfDlRuuyOhAkwCyD+LHJMJOxIk4YRFiNoeIYJi9PrxaKYq6mKMJEz6+oaVr7ZcVmKjB4kmv4zJ2MDWQNDueokwdpC7z3hqd1r8PsgK5IGnBvNU8xYm42Yzj2c4qKnRT4TpnOmOW3Wx/Do0GJuOZsrNFpMnJLSQu7st0GJ4YzmB/xszwpxaA5mVyjBV0HGfO5jlF04DvQFWho+qoGG90HHUccXMz3tzozY3e3FjrsD7G0WqZu12ouQq2NJLT3TloKBFmMM5k+/4enEuY8v0hNVtlTskbmdB8c1Ubbf2OW789mxXn6lY7bmE+59qZ3pRbYVu/BBbqEsbQxM7rbU8sr8AKuwxv6/le7iL8K3qhPvPZecKND4Gdm11ZMnsRXu6CP/cQOnbE8xfX//e//v76+v3V4H7//dM//uFXnR3s6Ojo6Og4Ge7fu/PHP/zq998/vRrc6+v3//e//v78xfW5B/WJwxtT97DH0mIZuhw7c0/39LnTQ2AL+7EftzrSkVugks0+SO/ra9FSLVo8u6FHYnHGzBNBmYjA7Mk+JRUQM4MB8DiMw3CjOhBBVcACYiW6uQFohJKRa8wk5uBLOHxTYxudc/NUcuapJGSh2OCVWsFOadZ9MJGm0IM1+1QSefWn6ESJ8SCALDoiqamQzLmoaQfZuyrdQXlQeVxcwxHO+3A7bmAeG1WT42lyD5YXJZtVGbZ1M3XsOO2XiPKAf6GpovfSftmgY/3ymO0F4eOTiYgwsUj5DMeEZtRZ3ppXEJKJ+PxqDlxzI7YlEytrmmdiMFRV4FiUiZlSAEIiClEIwYFbt85AYFgBGzBBbffa9lCvTmSwiNpWg3k2hQgzSEewkCbndRBlljhFxEHnawUUmnlAJdut7O+xVoscmcJjHze524A5d0trWsp4rwJTYJ8qaMgWZo0Pu0lzbdfBrQtpihq3gtGvzYnKN0L+DImrMTzzZPnBdNtjeu0/+Lnbd8JVehjcOrp3NcJvgPo1vlQl/BaIVTRzSB5RhV2Jz4D00VF4fp4aB9+V3CJGp2/26lQYzWHH0sbCop37vVG9UDpuBf724/Nnz6+J6OuvHn73m69dj37U0dHR0dFxDnz11cMvvrj/499fvHj55oe/PX/37pfffvfk3IP6ZFFaX82G2bK+8jQnV0rN2myXz7ZbXjzLq0ou2Lr3G08/9uMexyGFv+Lkz7ene3pTGnu3g03t06519x8zFvvC6jYbdd0wEIswkYJNc0QgEWFiVWLRcfQcCYuIExkECiJWMI/MMgyD3phDxDFSP8a6kSqBhEVJg2Q+0g9MRaCgiVEp+B7l8kMCDpEWc7lhqX/KdFIKiP87+oEE4Hs3piH7xD9zwUghntySqWtq5Joq1aYGr0pMMG3kSDayNTKmCpWgq119weqIdq0drzG2FEncglEMI86o4nBU1Dn1wpuTxwUZHcP/dqJA9iAfUozwGW+9FRcWEVECKzOzkMv79SSfOeP1fCAxE8cogPHWWBhGmGARRGrcIQtslYrCtrGIQOCEBBy2C6uQMJuQVyR6+CYS+GiHKC6EIhkP5Osjrvnp4l/GmvJz1u1GfvzYwD9OijXIgQRNizM6Xy3v+1Sw2HZwuhNJM8c1rm+t/ObgUyKKdsPSk8bQnN5bTTmUg99rDWTb4jaCsz09/Ukzd13nvN7mq/8AzWZthC9RLgWfFp/dMYuPH2/++sOz6zcfiOj77548efLo3CPq6Ojo6Oj4rOGc/O77pw8f3P3hx+fPnl9/+PDxd98/vbrq8YCPhBX23kaZBXvy4dI78iknGVtP9/SW6SGYfpHYjp7u6c1p2rsd2tQ+zZdZrrv/mGmxL1rdZqOuOOf1ewpW1UAQgohYFfG6wTKIu3KDmk5QVEXEiVMHh1GJ1bQu7IO2ebLGG8lEGCPUq7U8h2IqqMiWJUsfM0dTE7MQgRGfFIEwhOcIg1HYnEmyHwEICojvJ/kXBTFYSNjHGCQGMbF4BZeH+BE07PKBnOJMm+b/87TOliYyTMIcblV+2452NZfnlkg08iIrFiYNiFZdxpSZi6JOGD815fpyJtBIoez3S1YhuK716y5GR0xOR62f7M9sT8M47LaCMJDLfjkrBaebpiwMdDdz2GaJ+jWCkFlFRCCBbla/un1ZTxAqKHCDlIIE+mYVfpwM4zrVKG5mYVYRZrWgm74PUREViIjtMQULWMXIRBaFsBj3rQRiSFCCGmkfxHrM5JWeoMQg2icA8Xrz+4V8XWT3c+NqXViTUb1qewt+IVC20/yjJkUnDR8WIFuC030Z/RjX+XHVFhexYZwrwItTwWUCk5z2ALJNRzkJVGp/d8PBqKnFFrYa4fSerKjTnvS6HQTBdNndIbHzo3vnwRxZV7rxdjT1+I0qc2T8hB+FiQU5bX/yP1LiY6DV0aVzxKvXdXVJyGI41+V4+sTbb4x7k3/rl+J+O6XjuHj79sNf/vrTLx/He3evvv/+6YP73adoR0dHR0fHReDJk0f37t/54Ydn128+/Pf//PP3v/vmwYO75x7UJ4kV9l6e5i/Ykw+XbvS7Jn2SsfV0T2+ZHihwhmzW4J7u6VVp7N0ONrVPu9bdf8xY6osQ/O9tbHM6TohzxMIEFoIyKUNBIkbHMYs4BrEQiaobriyumRtp1NHBWXQ0ERGwAwM8BjqG4nsmqPSEaMQYPZEaL8muMmKG8fm/kmNSa9jTeD7AoPWUSCkLd+gJJCUSFpbM0uSZFyGR2CLAJvaKRB+RUKJ5jGgpfxFwogY5/BdYK+8xOSqZVti5trXhzoZqW6yyURQ112ym8ywKZKqzqrXoF66wfWauYD3JZ4QbM/s9li2bwqWkb8j/dmHP81FuIaYQbrK+KP9fEOBRUv7F8Sg0cdnZUANHSOYa1MpU/kj9+P0MNHxvCiDBgWdcS6GKiCSnoxP1qhBBMYKgcQ5VPbHNbKpEzWJcSYCKxjQTC1jAEGHmkeCEzRkYK0EIwcWo+Jtl2sEghCVmkmx/clgcSXZI0WWGGXbDPQqraGKrbi25KU2OzAjOyb8rpf2HKBn1xVAv4/BlQSaLtPuX7lMinrP1WuZvdKM7N/hmgbkZyEnBwi8glOZRtoz4yMrXZ9l4PYSZzOnADmCyz0ZbEPmTvvIvQvJn0DzF2jqTdze5I0XJaQC+Zb5wXh/WXinbhIpsn9qN7SufSHvdwVbviw3y7GxM21z3/UodQBRhlaS4qVww8dFncosAXos1r8uVtZpofKcwbS1xoPU4GoXDxFcPh7XjKV3yHsT97zRneX5utfD3E8br6/d//su/VfHFF/d+//033a1oR0dHR0fHReHB/Tv/5z+//csPP71+/f5//t+//vD7X33x6N65B/VJgc0cFW2WCKKGygY75TVowZ6c0vmxXWba13K/q9pZNbZdxtPTPb1HeiCKDuK4p3t6dRp7t0N7lGnmY8sxY74utdKhDOXll+dhUhck4mCB+QL5piGeT8YlibATGUVExDkZADgZVEaWUURYWFQgyho4hUicWLQ076XRk2mEQOxZtLXJe1czT4YAJDN1SbB9BX6GzJKMxCQmHaCZBYNl1ryMFtbniYEKnJkRcy+nGZKMbb0F8IxYNm6uuwS/Iua4BM/6NQz91rjGilP+bG48JcvCkS+MRuRol/Jm07AcioqJjyTj9iiakzPCwMsKKX2tYmlV0xASQlArYwdVNS7OSBDmVxRbFhGAx9FHGTQ6MOMCJZKCOQ+dEYSBvMx3CUxVmASLXiwooup5QedcHJ6AyQlBSD2ZqAAjfpgDUgDqXaEiucAFhV4WKL7sZqf5DLOTTs3bpm0CI1E6JQwql7xF3fBDe3lstx88s/VOBp2EeTstwCgCy3GVOAajsMxhVDv9BNizr42P+jWM19lpm9zLcZ5pCe9boPTgXb1rbilw9mdAx2eP16/f/e+f/21BB3/3/dNzD6ejo6Ojo6OjAefkT3/49V9/ePbi5Zv//X//+tMffvXFF/fPPahPB95mFGytKfJJZYPliT2WQyCURZszbbRd86J9e9rv5nbi19Q72dKXx9PTPb1Heiht8T3d0ydLY7EMZvLX1D3s2KZ95VKt9e34uiICJgIYUCIGWNSkfQCzwBEzKxEpnKpTdYADqaob4RzcOI5OHJwJD6Gq/gUYv/a3gwkJI+XGQRSCQNlw9oLNTX5UAGVW7tQxMj1K3pbMgaoMJKF3LwlC+DKH8spZH7MI7kSDwTGMP5tmz2cutZJf0VpZyVGwgy8vVFeHtZbraUdzKqssP/qJnBlM2UIu0/E1vbdZUw8mj5U5/RiWRCIIvR5lDCH/qoVUxLwsCMJqYEbX2XrMCMLICyb5n5GOuYIwDY09O5M0YYh7PgblZGMHEy+YaEJRQAROhJn8GIjBniAEcxghMTGLd03B1oNJClt3IM9DuWfjzMRdWd395nRVK2E3R3NNGgO5z800Kp+PTF6U55dNLC3y3YiT5iTsJtyJK/9AxFV1by8I1QP/qDqkXNq+SaG4GbedozoqLbr/5LS+5qGdN1TE2TnR0+MSmOCOS8Pr6/fGDj598ui33z0593A6Ojo6Ojo6lvC775+K8LPn1//753//6Y+/7jrCg4LLI5f5a9LNujxTpjpu1X6ev8M4D1K3p3t6x3QWg7Af+3GLIx25hYgD9r6+Fi3WWj673COxCIMBNTebTORSDDSY10YTzysG1VHVKQbBKE4c3Kgizgkk/KcWWM27NA2WOevP+Ab2DjmNKjTXiWGGuRhcsHcLx29aLBIZCh6lkhd5qWCeg6AQS/34AwffpDRvDTPPbHUfpR2y8W6fCw60iDOG3tnCCdjmEW5tW6wskk0z9JzVsmIEYzrlqyd9vIvRQAWmD6ViXlh8IKgaOWjEMvJmo46wosGmo1JVEfbcG7N6DR+Yk5QwXl31Z5hKeO+32UoOvnA5CgdzF6OWMHbQjqTknANUbA7hNxEIDlBmYUQln0UTNQ6fs92UX6a/F9n6KCY/bIeKspqz1M8Zo7eyUzcL17emSfsF7rAgv6v9u1f8zjbmWtv/IZC3sEdT8eHd5l12w7YhV9NoVvloPR4mD/3PGOclkHZeQrv1dbzGLxmdI+zI8fbthz//pbODHR0dHR0dtwn2yn72/PrPf/n3f/7x1z0e4eGwm815n7rHPl7y2Prx8z1GBWE/9uNWRxy5hUpBeJDe19fCYq3ls8s9gmUgqAnuLF4feWJPGEQs42jCQoioyOCcKlThRJ2Ic24QHWUUZmEWIRHmKL4RDhxj6I+ZhcQ8fcLnaXQDyeR5kpIrqoWA0a0iRUIlMIuTKFLZrfPFPEPpD7zsOhHedelcmYVTC40uEgBn4QgPy1VUUsziDswLUBYInhDUcIkjzFEThDam7GysRflocqe1efno72EC4whtkLkEMP4ZVjSZdC+QgIjawXhRU+1gGLxXEEKhIRahhJaFnXOxWYtx6ClC26gmKzQC0NhDBy+QFGMFVUWEhEzfqFD7g3JSbYY8bgvgprenmvAWqtmrEtuaquOUrhTVVQVO7z2ywqG6PpCVP8ZmPQzmOPUNg2hxQueVX++DM34LsjOOQRrt1ubGKlOf1TugM2QdHUT08ePNX/76kyq+/uphZwc7Ojo6OjpuEX773RNVvHj55i9//en//Oe3V1fDuUf0aWA3m/M+dY99vOSx9ePnexwQonxWtvee7unFNPZuB3uUaeZj0k6xtqkeM6ZparSPhfLZPKDVb6OuiEQBFcCq7O2WLEwsTPDuBp0jHdUJnMA5OFUZ1cuV2PhBzWMOMhERE7PCSD5la1CJo2DLqIfIK5gT0kjZRdOhv4BIO0VHi2l2rbfaGugJwUxqGGMktsSHU3hyMv+PYl0ftLEcwGJz2R29TZbHgq1toTL32/1KZBwTlYbgatqjY8ycV6OC5pnxG9kKQ5Wzg55RjgMJoQrD+gnrPlwmp6VF5nc3aA8pb7DiCOcIwux6EQV+RMwhVidNGMEU/y/zgWraXo3yQZMfep+lKqM4sR3IJuO1hLGDozoRGQYJgw+TwQS1GMBCACmLkIkVlRAjfaYlXXq/TNNY3k0ui+0cK251meJZ0dA4boNmgMyKgrqonbtyMA0N9DokgfUGB6vHgfdBvf24z4Tsdpx/kVzUQj0l5tTJB6FjGwGTt8HtWcvUfAB2fJ746w/Pfvk4fvHFvR53sKOjo6Oj49bhd98/vRnH16/f//WHZ//5p2/PPZxPAGvsxmWFYA9bWffkaV5/XT3d06dMD7m9vbK893RPny/t+YUDtokDlYk7aLfrYnGBzyEiFYYKB20fhaBpRESAOueAQaHAOOrodBzViQwiY/AxqiIMFWvOkbAQA0xgIbJAh+bxsKBdsiFVCsAQy5dL7sT8mAIQQpvn48wgyCGHEvlYz8mkgc0WxeWzu+LgspKNIptlCyDa4ecyhJW6hj6Z1wg2zq7nJ+ZkhUbawUefRMG6tURI+dmUD/+fQuPZystopU2MBGFgrTQQhC5nAacsdb7IE2nqd4tvXywoaCgvIoMbQrBDkwaGSIQEAZxzRArAOQEkBk1kDkE/hUAM9dsm+SwNEyKZrpeZyZOmRfDFuaW1HHowIj1oJjeiWX5Tew3MSVSr8e/ML26LPbvYtG2LB+MO/RxV32YraPsqNU4pwlt+duUF1ze41fjPLpc80o7YM0ZgjoUWtm28E2MHQfPpuoBL+wij428/Pr9+8+He3avff//NucfS0dHR0dHRsQt+//03//0//7x+8+FvPz7vzgD2RmFkZMoNik3La/7PtoW6U8Mkz6Sndukph9K0DzcMn/NtblV3TfqQtvSe/kzSQ8mJoDz2/J4/l097t0Ob2o9lpu3M5S/3i/nyzZyFcc6l58aZcjKCMIs1Fj4fAZE5LCQiBZwPy+aAKzfejG5wqs7dDDooVFVFVETVKD0mVWUSJhUiYgEAhVLjmjg7VsYhG5ZpAS0jeBw1x5OYNjH1HOqdPEYXo2Xnka2xFsKf9Th85MTwEo5NHRDHNvvu5Ncu/4Zj5nxEYd3jSaKqkLMX/v5V/izDn8jSdTsbnY42/8zrVubLorCP2Oflggg6PnP4CWhWULNmKZzyVxGptCY7WAkKjc0M/ktJCWPQI3Ik5cKfPtagOOMF7eiLULxeuwKx2IS2f2xn+73IDAaRIOg1WTJ/w2HczfufhCYzhl2ERbTRyWd1N5NWeDb+XLup2Y6ycINFeqbMsQ3V21jDedfhLFc8ly1+637npGCruYfDX+lCWM1PG5d5sQccVPsCL/Gij459GLvLXCcd6/H8xfWz59dE9P33T52rP+Lp6Ojo6OjouBVwTr7//ul//fc/nj2/vn//zpOvH517RLcdu9mxY92V5U+Wn4/tEsbT83u+P8YYhPFcdez5Pb+Zj73bwab2qZU/feIf43qnT+3m2Y3zMB0nWNh7MAQzWI1Gi1ol75NQiUhU3eAUzmFQQJxzKqNzwzAAo2IwxZSM6piUQAwRgo4Eb8QVIhWWkZU4sJGRoYg0Qwi6lvunZM5dpnJMZR67pn5EE7mYgg2yZaawcmF6mAJnExLF3EV2kBuTu2eErhNrQXbgCMOtmDP2JTYWgLGwxmzFyY1BBHO3kJR7kfVeECVUpErGlzGF8b/WUDKNadTw5Zq/SurXdFsaC1W+RJG14FujJFJU1ehWNBYLUy2RZ8+XaCXCi2uVwLE388ir0Jubm8QRhqswdhAKdWrKP+ecBR00Ta8VEKEQbVCsWQVExIkYr+ccwxhCEhEwk9gTgS06YXKtZ2OWhuEY+RrJiRM2CTBSC9MbFz21Tm/99AY18+cQuNIiizIKEK1iMX8D6bRa1rY3v0XLz5iKrArq2/wH1oUY6/cdRn6ly4+y5m3fCuWa3NzFztiWhmk+xisXuwcf5G2hfKYzs40z3rUFbl0IyZ1xpDiRC93tVrHjsPjw4ePffnxORN9/9+TB/TvnHk5HR0dHR0fH7nhw/8733z354cfnf/vx+cMHd+/evTr3iG41Knssz+RX5efKrGln7rhV+ZXj7Pk9/1LyB7MOA9SP/bjNETvUoq1bmCvTzIdxX0xlTuod82fBlI8wa59iGsTTup5/MeqsPpvVDTnE7EBEQgwiqIv8oO1KAGqBCck50wgOIio8igzMN8IjsxMZnMCJjnzjzL2harRNh14L07BX84mxkEoloJ4GhNc5ZYbv6JaUpemecbN1yZvKZxmI4tk0aa4bryZoTCSzBbPkSNMusClluL4lu/Y0KlJlsZ36h/ReOm2RASNgQQc1kpZEElkiIluLINIgA9SKFIx/BkVhJAjHcaw4yHzpRoVfxWRX5TOCMDROqhhvbm6sfQpaPWYehgHAKKMbnbMtquoJQhHLERERjtxhvArnHFSdc7ZPRYTCRkxeRpnByhD22zm5GK3mOTy40vUW92JyR6obOsef0XYUWl1xqyrnjbm1MNrudq+5MI59s+a8414mgRE/NZg+Qg+1sG/FIqzI4+kboeN46PP8KeHHv78A6OuvHj550nUGHR0dHR0dtx5Pnjx68/bDi5dvfvz7iz/98dfnHs6txHrLM9XWZgo+ns5uOZ8eeWeLej/241GPQ+7crx/78ahHbFHey6G27oUWe58/a2K1xggxHT+qXTPbMqY5YBZiCDGDCKKqQbwHIvM6SETMYFMjqY5GPAw66HBHVUVunBuMILkZRydeDKaqFi5NRCxeoJEwHIKcUSAsA0VEhWfQLIaWEQ+wcIPh+hC8fDrn4lyrKrngUDTwe9Zj4mUk+bGs4xRG2dBSKCM/gd7yKH7ysjYo+ngMjfNMY0dBI/BbSNhCqf/cGBZo0g4VPhhzzqiY1EDles1f1nNqoNRx1ZfSzM8sv1WDqKIDxlY0VwMSGISkXSX11BYjaN3W6K3YyE/rraVQzEgyYnaWaYpDDjEJY0kR8ZRl8A2a2E1SVdVx9P8Zx8ksIkwMxdXVFTkyhnIYBnGeGvQsoFdnphszjiMRqcI5CZcpgELspjAxmMBgZnaOo+Q2blgJP3rjr18GE0H9x2kofPyWa2yBApwrkFv5K9VpvlvzSYtNwT9ZqLo7VV8VrVJzKqGFKn/OM+puHFLTvL7AGi60E+veQnt99TTdHRNN6obi9TjK8sfgBWdWY6OjlQvjeLf7IC1P1Y2HajP/c/k7kpWN5H/OPSWqRnbmsHn91E4ubRmH0kSuZP42traVurrjjHj2/PXr6/dXg/vuN1+feywdHR0dHR0dh8F3v/n6+vr96+v3z56/fvrki3MP5/ahtAnzfE48UdmQF+pOrc08k14uOZez0Zq9z9k1x/1b6MfP7jg0dFc93dOb09ihLhX5WFF3rkwzP5rOY36xtmsFYa75o0xBWLcf06BGXW9oKXpP/aIuT8ROGGQByKDwjjihCPovEMR6ghMxNZKnCJ2qc4OMA0AiKuKcOBUVAEpggFhYwFDykQcZxi4ICalxH8lw7zWBlGn7WIJZKnNRyBQTgfAjzxZCk54pFPUB4ChoC7mMHphasxcXfWpAmeb5P7doJ6NkItuaFUwLHwBnbmFbTS64DMUcW5C56KRoykeJWN+IOyUYU5j7ly17CuEtmaKr28ooWjQexHyqsBicFTsYy8eVlWscY7DAYkrBRftE5kB01HHUAp4aD8Mbx9FyVHUYBhMORqVgnMDJCJO93sc+lLRjiCDMIi5EF0ybEH6jpsdZIIsRb2wm511hIud9d96C/ZpbI1iQVU2t4Vzmn1goM8c4zkncWiWPM7IjYquH02ZcuLZpZ1I5b+FwwzlK48cYYdlm/lbimTKrBjaz3fb2j3vkBXheDXTHJ4ObUf/xz5+J6Df/8VUPPdjR0dHR0fHJwDn5zX989Zcfnv3jnz9/+eXDob/lt8Rqu3EoWuTzyronT/P66+rpnj5lesht9MGa39M9fZQ0tihvwe54675otgxWtLNcBmlsXOfP91ukARFHEFNYESsRW/SycLUMGjXwJyKjiGMZxKmoE3HiBpMPMovX6Yk4OABKysRMIuydppqQjFmElZiZRJUUY85ZBHenXJE4UYCY0YTRS6NRfiE/ZGYkYNNexvFcZDJivaQYoKKhtbhge3yl4TiE37n6chHI61WVF8G2ZLx0LPBUMzxNrjBLOrOcODRanRKJRZQ9CMiTh1lJAntfo5UepWQiE6VXyQe9BFBH1cJZblxvlrDQgJ6QR9Gaqio8O+i9nSp0VGKCQkVNlWjuQ4dhsFJuFDe4wGBaJFFkgsJ0Kcw8jiNMTZh8l0Y6HePI7BwTi98rVEr6lhZ7/vv4UNhhxcYKTQN6HNqcvnAlibgGp5TIlDTJ1uTG/pTVgXBgpvCScYHUzsGHdNhFNbcNmzrCJlZK6HyBrMoOFzKnjT4stqIJT7zHF2JndlwO/vWvn8dRH39x/6uvHp57LB0dHR0dHR2HxFdfPXz589tXr9/9618/dz8B26K0CUcbbNAm5HqDlM5tyAt1qzSVNt7C3juxSzPV9t6qfLN9WmxzqwfxHcgAACAASURBVLpr0tvb0nv6s08PMKuyp9eLY8/v+fP52KEdKvJrn8utdrCcX7bgdXtEsXwRg9C8dyaGPPIfTNSKQej7jV92AJSXr0YSKJCi3+iTL4tB6ETMlKRQgvF5DB/CloVIwUSjXQfDsY4CUXIMFThRd3V1BYzj6JhF2DmnAERFSEAw157GsajXF1UMBQhg2Dn2/9ncIbgsNLsS8vkMr77CAm7yRHbEQizEjRCCE1Rawqx8XbcZ4jC3FUbukiuntIs4hn+tgs2i/JL8dc4ZD5tj0Hhli07bog/ZJOSgcEtzGiZT/Nmxedk+EqctZ/Ydmidcq5GbQQNrVXuhnLa5xl4cYe5AI8Nmn9iNXjWYHJlCQQAVAQqRN+V3nfcj6kduIj+bdR1t2gqu0XSBqjrqqKoYMY6qI8ZRb25GIhJWIx3VAY7cYFt/hJI6QJmGkfxgOUZTNGVhuFynCiILM0rCaX7MJa/NqLIK02gefpXE9qiAjfhnFok0jr+ZCE+RjPpP2GpfLOSsRVhj2ScXYZ1EmeqkTBxqopJLxeduMQ4PiLnec3ZkeyKTZ9L7MxkbVcKt+eGDdN2xHY5HXB28x4Wn/TG6q149G4exfNXbbs+5wgus2wIDehZCeiMje4E0+WeF9+8//vTsNRF9++2X5x5LR0dHR0dHx+Hx7bdfvnr97qdnr598/ejevatzD+c2AWvtxsmlW5bP8/bk89rVebU9vOf3/JPmD95+7S31Sa/gZa89v+cfLh9blKdA92zZLy2Wp/l27Bk9k1+OPw4uy2/2i8k47X1QOFIMnBoHOZV34gkWEnEigwgcoOZT1Jkzw0HkxhyPWvQ0Iz9UTTMIEedAoBGgUZVC8LLgIRTEmtReE4PwXECgaFtmYmF2uULL8xYiLP51VxmdMvLQWL/C8WjgnHYBp+WyVb2ddQnbdNGwtm/0xpZltk38nukLBAunvmIl5MVjnfy4ZvjTrNzAyq1pzwjK7cgSPzYFgapqCAVSdlD+FbEPA8Vorzc7xZVE1ad5OhU+rufNjfoQhOM4jjc3N3YkgogbnOOwvJk5CAohKrZ/FXAqIuTVh4Q88KF1F6WNYAmkLhEJMwuLqirxKGD2gw/RQdnYTsCijbL/3iHcg9lt2yLFVwp9Kg+u03pNoWcaQ1AMV8xZLq9bkNo1XI+2qIK5umsucIeKC8Nbzt+Ibqk/JcJsb631PM4wPuVOF5j1hVp5XNU9P1847PVu5CCnPV7I1m5+HXXh3oA/efz7p1dE9PTJo/v37px7LB0dHR0dHR2Hx/17d54+efTs+fW/f3r1u++fnns4twm5TZgzG2ymNAi/ar2Xs7y8T0fvZ5vsyXn7VXme63em/LLdmybjXCrPO9rh17bf83t+zB8mnHxP9/Sx0lTkY7H8tOTGupPIf2WZMgYhUKgAo4Jw0j7FNDLN4lRB2Oo3q+vz7X0CGE1BIpSZ3REZRDYCjkIAQgGcE6fOqTrVwblBxImIcwM8seFUVQijKhTELOKEIIACDImKOwshSBK8iCbnjhQ5ukh7hsho6ZT3B8meDnQiHGsb8yHB8MTJxGeXtEnQQEAgvVqFc5oH6RdDksPshiN49sPycFb3OJUMpsa5yEbGM6VeojwuZVR+Y+vm6wCHkRaar5XoH/NMyuHmCbGCxAfqLGmeSG0h3ngv57MlVhbOylQjbskHTX+Y84IxAKEqhO3/iDIWMkoMvYJwHMdx1HG8CQzhzcePxOzEIgZyTj2qCBOxiKoOGFRVRyeOI38pTioXqeaelIicuHyGRYQYzDQSCMriR277lZSUmWPERiKAhOKjK3yVEH4b77Ow5w36WzRScclTb7Q726YrE/wOl3lsg3jYRxseBadF5wCaOOc9+hzYwZVoPa8Qv37Zs+W9RlZi5dMmf7Jd5oTn6BzhufD+/ccXL98Q0a++eXzusXR0dHR0dHQcC7/65vGz59cvXr751TePu4hwPTbZjTmmCUx1GV6su0+a92tn43X1dE+fJx1iECYmvB/78VhHbFG+cBi5xZEWe58/69W1M/nl+FHtmtmWMc2JJjAhZ2HKvM3d+06Ehgh/8P5HRUK4QWf/OafOOefcMAxEFNSDTmRkgEhHVRIyvkEA8eQjEwmzGjeoysYPeiEhhxmnAKYYVpBjVmAImViEbWQc8o3VFJYoieTwJ9t1BMLGx5GjCvCuAaQywRV/mBjShgVKKgPMVjg5QBP5ZG1VrIxxCzbHvGRgTws2t0Xb2AQX0rpYsWiwoFiSPnTaoOeTUbp4zbViOWyRBYoQEwMpZ6bfwAB6kr4KhmkdSSYBLtqKesLSSWk+zkj+MTOTEwEzO5eaSl+FAQDGoBwcA3QcrTpASiMzK2EcR2tBRKybYRhUdRgGderA5sFblZ26FN3QQhsCzkZQXA4TiIXBUELcBwBJlDNbMSHN/MTa9EVVrv06ttUxpdDmSLWmdXgfk/E0bmXFEe7f6VG1v2vQnMyS59jz64XDohMAB0b1ADzrWG496rd+9YjYbXZ1wxNmq7t2wA8R9vm4YSvMScar9+PFBED97PDs+WuTD965M5x7LB0dHR0dHR3Hwp07g4kInz1//dvvnpx7OLcGpU2Y53PiicqGvFB3am3mmfRyybmcjdbsfc6uOe7fQj9+dseh/c/XOZdLPb/ne2BV+fIsivJolK/bQbOdmF81P2GKMtMSaFIHWb/lyZyjyAVY6bpSprVfUkKVZivnMRIbQSFYWiQzoOo1hTDhEAHixMGpVVYdR3Ei6mRw7sq5ETD3ouYRUZyqek7OD0hAjlWNTIP5KiQRgScvNeqtivvEyXrF/rOCigoK9CFzeit6uZMJn9i/kzjjGvNeNqCkm9Yh53u2ws4Vt+2iQpO2KZ00LpkXK1oitIBcULfP8OJ4NlavNGHmUlOJHPNoq4tZs5hzQiaG88VsSyggkydHvJhqtJVwMPDrUT/o4qmgbAQRCVMMTNg0kkbnouZZNGoKraSSjiNZWEQW9gJBZhYxBeHV1RUAhRK7wLkKkRfj5nckDjiKCAOnR5F3BLEz9SEFcTHbw0rgBb7JwWg5RSgDYXJzha/n57K7UK/YOUzI6QY2koVHwkH6qvZsdXL/9jtuF3ajWOb4m6Ni/x13EMHZ3HTlc3IhxNVWY1iYmVPe5Qqnf8x2bMTNqM+eXxPR0ydfnHssHR0dHR0dHcfF0ydfPHt+/ez59bfffjU4OfdwbgdqT1Tz9meefqE/k7vczjRMkpeDHNKuXputL8nO3/M/6/wQgzCt+uijbJLT83v+6fLDCt22Ha/amymPydldxpnvKqYgE2/0i8Z1BUsTgiyKADZ9UvCCqFaLiUUcHBxMFKXmVtQ8i14NV6qj6iiIjkiFmZ2I8TAKJRCzWtRBJQYBChavJYRXKRJF2xfS//s8zfVNOc8XTXjeC6IJBH1JTxnahwjmXDTRMNEFJYfCWaih6GGbbAoQup6KcSpfhfnjjnYyKa7/qP9Qn/8v8Hz211btlBmJQpsbZGPqjLAh7483DmHawhzfmcsRBABxdDEq2dI3tt3+FN9pWhSebg9RBlPLXGsbrUjODpqC0NbFdJAK9TRcdgdt91mm0YEJNyN0VFVSBbEyg9T6ZZURFP2FMjNUCcDVFRE8QQ8HQMQePmOgAo2eVyKGkgqcc3bZzjkSGDvonBME/71CJMwktmGFkG1ZmKTWHk4+TQxCbmfPrcNNS/FGpcu2iDx1sZTCn0k6HY5cPvqXe93HzH2oujl1UU1p+S+Z/Al6Udh3YJ1sOCBOz9+sIfm24ucWXjdzwUTXDHKuyvKXByHVKHkQ1eD6Ty527voYqH5s9C18Xrx4cU1Ej7+4312NdXR0dHR0fPK4d+/q8Rf3X71+9+LFdXctvhImOsjMk0G+kOUEO210uZRyzH7LeUmu7b2c8nP7c94yuLYPF2erHKYZezLP2pOX7c+T67oou33P/6Tyh2TJ8hIFEJIGpef3/L3yUeTTFu3QQjtJIzVtJ1qcJ+WTGrHZr7ESM/nl+KlxXc1+aXJd2csui8NGgScjTzN4laEQEcGR8wThqM6NTmUcBqcYhnEYnRt1NE+f7B18woEVSjBtYgwXCKiS9yIZ34WJsilYQopWfCMbzFmo7yR4PgQU5IInVAvsFukcopwXLPSAueIwcEIp4eMV2kgySsn/PvCrww/13PKCIw8gZ0y2QGX3aw5yg2WQI1O3HQLFyIBmjZU2W5ACXHLBwkTgkUIGZaLflnwwkkxN+Jh9qua0M9GWFGOCxpiJabIiQWjL2MSEOqqOI4IOMsV75NS7EeSAep/BGAAl72BUnHMAqcKp888sONtLcCTqFYJkIRidy0MV2laE7QUGSJgZAhc3L/sHE1frhRnYjSg/HFCIxnN62J8KNGFaB3nt2VbPww5uxMXH8Yp3Y8cHS8excdgldHxlfFpI+VN0jjhP1faQWu5Q8jQb87L3fgMX/7z69PHy5RsievL1w3MPpKOjo6Ojo+MUePL1w1ev3718+aYThCuBwu7KE7sxR7uut+TSXHleYcdeX54n+Wvap+LX90XZ7Xt+zwcxo1QQei6avPWz5/f8g+Zji/KRNtqy3+lXIXl5zLeDzflh/P6JXuQ3+8VknHEK7F0HTypQZtZiFoLanyIEgNUxg9kJDyKjyAiQE3VuEBmER+FR2IcrVNNsaWAvlMm8lRJALoQdVD+M+KVMfAdTxneaWiqoAZ3pAQP95xVaMKmj8YcIkr/K/WjqIfKg4WQSI3KInBZt2DZd2fAQ02enBg+IxWthQPOzYXuEw6ypf9bwt8ksyMQp7DIXI0QkyYNzyILhTqcyCWD07JB0on5FxaWRPuqqxmaLOLYfB5Mds3II9FzUFBpB6ENWGt0NUzY658LUIWjYCjEieY+jPiRhxSnaR2Rj6FK9gpbUNh4p1KmOzg1uENUQm1BVodaLc47t8zJH5vuUR8o5y2RwJwUJIHbK/KMyezep+fdznM0cvDvVM2tWMJMuGIV0I6lan9OFepnsYGtP5WzcuW5B9XTgMv+MA+uYxcGdjh7pXbmwT9f3uPIac8YxfyOsn6L1Mvo1QJWYb2RbieHBgfLRWp3NnTx3nBhv33549/7j1eAeP35w7rF0dHR0dHR0nAKPHz+4Gty79x/fvv3w4MHdcw/nFoCZMvsqezttsrtmVqVcQZjsumaiLNWBpb2Xp+03yld2aZq0k8pz2X6rX1oYzzS/dV2XZefv+Z9MfqYgLI40yen5PX/7/HJ1YYt2ypz2KvWG/ZATm2+3H+VIdfksH9NesvJ5W1X7aPaLaoREIBYhjcxKjL/mv7QnIzlFrEUFMZM4c2moLI7dIADoZgCp6tWo4wiMRI4w6DiOMkIZThwGwhh6JQazSbqMeYSOoWuTKnq9F1iUPWcJrwH0bzm1MaiqYhjYiXMsDBJiIeNJM9EYszD5eIREGFVJwRDJJQVCLEbaaKYmU8BRog+R3dhIIsZjZtsK6U3GrqOqNIxImw4BKMLClZY7VtCkEfIaurAYgJDDJMRQRIGfWmzJfBkSgzj5eVSddJrPhg/gGRYsE0ptq2et8iowj7jGo0U3ueE2cHTd2fRjxtK4SV4ES8zEUE8YkgipWh+asYM+PJW53mQmcJgPJlXQjVF9QkwsfhsoIHCezwYFYTFgcsfAzKmOqjfjqIB3MGoxCLOLYFLT5TrngJGEjbJTKEhBjq7u4EZVR4VTHYmuREiEAR5vPgJKUGHSsIBHFRbz6KviWBWOwI4YRMogJXZOhDxtySL+lmU7h9McMpkQmb1bZS7vXbEMiyWXBJo5mVTc9+mNa2dmP36R7RM7kiryU4GQTsUyHnra+LbISYWFMa+8tIoOr7wgZqxJ+iJi7yugbPDZh4rFWLM/8394tFryoTFrBnHbOdlwXXlozPI5ye07m7vODTdqzZDmRhqqbwzyMdfL2huXe1eOm2hP3mVhra6UBiYnAfF3ChcNbhwkkxRzw9OJ4vBP97WYCZ3byJzmNCnJJbeZ2S4prjQ8+qtTnLcT0zN7CCGq7tIy2fLxNae23PkxuHmRdHbwTHj16h0RffllZwc7Ojo6Ojo+I3z55YOfnr1+9epdJwjXYMJWUJbOPpZn4qggnJ6t09N2pvmx5dwK1Og3WIa3an96duN4en7PP0X+UDDt2RE08XXb83v+6fIN27eTSZ0a5ScxCHcapx9bzDdnokv9FtclgcZSEBMJG6+WQhlyGKwGy6OwOBZlNwoGZ+Z7kBvU3YyDG2lQJoVe3bhxhBLGYBpkx6wkQgSGE1EYL6JK0daMZA2Lqq5AEYBJgnBKRNiJOPFBBwunof4oOVgkiQSTYTiTEYasqQPMVGwW5dlErTFhrsoanMZeVurkGqMg8s5tCRPz4IQamJp6kdpBXmZmJG26rlk+1xwEEaHvpWJNKnVCbo0N5GJt500QImUWYVUE3555yVQFPDUuQxVGKxIJB6YC4DBUhSfWvOqQOEoPR9Uxh46jjhiVcoIXSkwsrOpExJa4OFEAGHV0qmpxBN3orq6uMgoBsGsHRIRZ4lMrUU3MIqJQhTBG489FWJVIiMEioqpUxPZkCz9I8auDjGvepLkpckKBSti8B/IRlJl5mjOOcN8eM0y1TYfa481GWjrCwz9PNk8S8vAG1XiqxBHR5HXWER7cfi5eJJpXdIL3yAoOkid/bjOre9+BZfla45uYvTV2tWJv5vVXbY72TBZfJB3GUWpHR8Sr1++I6PHj++ceSEdHR0dHR8fp8Pjx/Z+evX71+t1//MdX5x7LLQBPYhAS5XbXzCo75TU4tyeHklzbaTnlt8qTjwJY2nXTWXBdnufsyTxrT97OLs1blu/5PX91/pACPU2OPb/n75uPRsl17dBCOzEfzXYaCsKs/cnZPB+L5dM4muNpKQjr6wKxaeZgLw+JIkKkvpIBGPEtI45lFHEigChA6lTUOeecG1RHqDo3OueciioIalIiZRZi9eIlEQGMmPRKgjD0dEWEiWXZM39OnHMizpODYlovHzLQl/BHx2xX509LpDEop0JiZlJgJDZxK+NbHq5wU8XTu/ky7GrzLj5bmiKeW218n21hwziCHI0yoiU6Go104JSDqfzCEZERhFOOMGjgPPOmqmQMYMYqG+UlgTKs6EH7LxKEsVfvYBhAjE0Y1p49YbxIcYJRdRwVN6NZiTnJg4iZR1ULvknCrKLee6i7GW+cODcMwzDk7MgwDLZpiejm5sbYQXM3mu0KIVJigaqS37c6KhFT8DfLnvakII8CEStJkIbZL99izqltBy8mv1S/TdbJETbOGo3gzjrCuVqHIiE2+g88J4UwyxFWODoVN+FoTxka80Q86IVyRfm/QNv6v1mEnyjHxfHiBcZfGM23TNVXekLmKyb8DAEfcmAdHUT04cPH9x8+Dk4ePbx37rF0dHR0dHR0nA6PHt4bnLz/8PHDh493716deziXjlJByME+WuQQeZ5uTkGIvOSSHbtVnnMbcKPfYK1e035hR74su33P7/lERFUMwn7sx0s5GravO9EIbnF217FZmM91LWd+4ojDFyvB8GTB27xLMPa71lgRZRZmJwyhUYjVU2/Gx41uFEfOiXOiTrx/QbBAACWwWTCTG8pwDaW8KFKFkXTJZIIcBIKJF7TQg8YfsgiLYxdYQouUFuRQFh9xAoqITjWjes7PWYmmAEjilJ3AorkJiz4Jl8osmZgnxSfSnDYDVOgUD2Dc5MwHZGFaDcq3aGaFZ+BmVCMsnAf8q+lDIg7soGkHYbxXIAW9ppBZAbGVApBqRhBacE8Qk2cZY9eh03wh+tKmIBzHfGDGEhrdyASmcrQYSTyDTib7Ux3H0eSDg2os7OnGcRwCaxioVgVse6fhmM4YEJsDgnkLBoknTKEME6eJvw1+YiK3x8nD7Ny9nFMW5qLSpgJvzlxe3c2NiylfQsst78B8Txf/DizOdGzVqXi2kwcHgI+veqiH+A7t7Nh1tcD2dAt5SCySgtl6XhzqNsziVljwLLp+z04J2twP+cwOTRUmosNdRnsQnGXBXMQq/fxw/eY9ET161NnBjo6Ojo6Ozw6PHt17+fPb6zf/n703/7blqM4E996R59z7Zr1BAwKEBhAIY8QkGRAYMxkwNrbxUGUvwEN1LbtcLpe7VnX3P9Grq12rVq1eNdir2qtqVbtcHqo8YcwgQGiWEBJgkAABmh5v0pvvcGLv/mFHREZGRubJc+65w3svvnVfvriRkRGREZHD3V9+e68UgnAq2gpCBElyXLpDQegtrqmCMGwTBWGu5rbWqrE3ycEuazB22pP7t1kF4Q6w2JftZbjtikFYtmW7iG1zdXVx17kt9NQTtpI9dkYFYXxUbwzCyF1Vqz+SrVlaPfReCp0BUX9D9R5YO/UDUUeBHI8FEpIQoYsdpfQgktGIao6AIzKmEkRrJ85zKImw1P3xyeCeUIS8j1Fx1nmv40sQrGPBvaiyIA1vo0iEznGiO8p31sVG63Ec2q0saUoOO2mn/MGDsZEaNuK6EBvmyrq2/lZ6yrSokT6Le6we7ffzpjOQ8xrqiMP69L3st0tiFeSGYTaHs0ptK3wsRlQWLlyqwgLkR0E7xoJE2rou3bp7LtahBPLS84R6nAXlI1UoCSDAyKCBRa0IRVygagRr97stb3tEZK2NrimrjkOZGdFoCD/1U6o0pz9xVVey4+lBRJzL4iw3PJBsU0Fkz9S3EQa87UZyOJLuZSnDdpk52trgzaH/8Lb/zOxRV6ACKVEVJxTagNG4xIYrXgAL4Qh7PjdZeJ35MrghvjYZkI3cK3rQNRo9Dk4D4zllJDE9+827hLfeRW3BNuL8+VXVEGx3RwoKCgoKCgq2Gnv3LL94+sL586uHD+3b7r7sdLQVhD7dzOlVEHYc297mymPWFt3eO6T+Dlt32ZbtjtlWUDuOC0HQAKGZU/JLfsnvztcLamB5qK8/BCcjjHyKaiESYFBix7lFRAEv2iNjBIShIhYjXFkrwgzMPKqMFedE0ToGD0REGFilfMgMSCiAyKnlPdCOKP4DHE/0hJuGBPKQPD9YGTKEBpHieIWOCMQ6TpoztjmdX4aB7LeHZYSH4joLWFvTRATn14FsFhKdX50PiHXgx84DsVFJzkbZyuoSfmWPy+/L0HsQG76juRAAHxjPHek4sDqnWW3WdJvVO3ZRC22NSK35i5g9iWh9FgEQYUZyXm8De+GuPwHLzGKZJ9ZOrJ2wnTBbyxOxlpmVcIRa5uvSuvZJDAOTqHw2lUUGXtAYo1JCd4UIICDTxLq4ofpDgiBMrD1EvQOIWwsIwmJFaUIWcDpeZpVtSmzWzrjR6/SIiN1rIYN+fWp7nzTLxYm6wCawaJut+xlS7RVr7k8Ckfq8flYmXPv1MtnkAdxo5TGZ3ZTlbcp6mw/NVTq4Yy354KxC3h6utF/iPLyVmSucdgr13WlLSP1t/HTgir01bS8uXFgFgN27lza7odOnzz751NPZNzHFS1963Uuvv3azu7FxMPPdn79/z57dd95xe0+xr//9t77//efe+Y47du0q5GtBQUFBwQ6FvgDoy0DBVCT21S67a4bXwEXYe2FaPa12oav+hfRngfWU/JLfyq/CX8qNLbRySn7JL/kd+dBVPrv1ep+GCT36xe0n9NEJm0AkQwLGgJP9CVsWy+K8GzKIFUEkBMZAqwERsCARkVImLISIgUdh4cDjuZOqqR9l3WJ+DiO2oyLy7CCpcBC9v8RIWei4x1otFwltvMG4dbKJyCxjyWqygzsTNdeV7qnjLU47UBpLLSnWqjm1NnYcOrsMy01SjyoonrU2N5PweUmBJF5U4nq0SUlmTsQTgir3C9o/F5TPF2UWQEEkFBfcsKGCY6tBByfWrltrLdc0oXCgG+shV3kfOBEvGzFiiDm6jnIEocoHdWr0grHhuhK3JgiRrRCJI9aR1bEqCAIDoxABMwABMoBXFjOIFqKI7YvnpT0XYfhD2eELY4h3TWlt+xN1h7rJwuFqvM2W8fWolKbmF0zDImdqy7CokIQLXafzsoNT6pmObVn8bfFx2o3ZvoUoKFgkJhO7tm6NweXlTXcs9h//4I9WVvrsj8bQ//G//eZmd2PjeOqp795736MA8LofunX37l1dxf78f3yKmXftWn7nO+7Y2g4WFBQUFBQMxfLyyBhcW7eTia0qs93d2elI7LEIOSsrduS3a5g13xnjOspjJh8X0m7JL/nbkV95p4KC4LZ63XkvaiW/5G9LvmLR9Ud7N1CPo6VCvgDCbOdVX4QJvElLpXboA9dJLKFTr4MiYowRETajqrLMLJVUzJaZaILqkVTjGCJonDYiIGEBAQZCYiABZhZmERAkIHerYKCGaiC0q2g6FDUuFKHSgY7vQFKJIaq4MJCE9f91xUqHAPUp6TrQJqK214nfHK1PPURD300rnJdoBO1We2QbEr2WDbefR2m7goxnwS34FkGYdTGXFGiLCxNSMCdIapyU85fLAkroIUCQNXrqy12ZAgyNIIh1yEFrOYFlAYao/74q52oUCJV9N2CIiFlEnKdTIgojHMJzBvfD0ZWgg1kz6nqla3TD4Pg0uAFWrWzd84ZXw3AHhXiCulzUxpqn4S5Gt+Ba6/JB2nPJd1ICUSWLulF0ceRhb6EGF4UdPpjtG+aQ62PqGl6UFn5Rl+pC2MGs8niBkxvf7tpOX/0jFWtpeXfPoz+g8mexk9dkwY7FxZV1ANi1PN6CttbW1gFgPB7t3bM7W+DGG18+X83//U//5vy5C7/0Dz8yGlUb6+MgBJpzdXWthyDUC7OfEy0oKCgoKNh27Foenzu/enFlfd/eQhD2AiGy36onpdi+GscdbPEaGNuTvf0WO+y03j6ZlvcxCKWjXT02Lo9d9mTstCfPZpfGHWW3L/mXVX5VWxib7HjJL/kLyJdGvsxQD/TUs6F+yvz5vv8wtD/tGvyJBbgcRAiSQXZHE6AAEqJKtVSxwwAAIABJREFUntTuJYiAhkEQhEAMkkVCNEQGYaI+Pytr1ok0gBkIsDAyEiIIERMLu0etVu41haG/6lQMa5V+g5skJGNMzBgiESABereSRE4s5SMjeqVcIPMIgQC9sEsjDyMQxNRjygzFQ+beDxZqmts8S5/U896a/qRkh/k1zEtHmdrWOZ8hOLF1dgWuE0kZwehAhJi9a8YgTOp3z6EcuVLPuwAhsbCPLu2930rt8zbZVf/49z4AAGYbToEwROFkZqiNyM5vqIgwixKEniO0zBPLExHrmgZwOsT4TuWdfyK7/lueIBKAWE0zIqKdTCZICIACBGgFsAJW8k+JekTBiTCKBUFgUskvCACjj3sIrF/9+1lAANIesAglNCGLezum7IRKbrrRDxJAi/HqWjxzrLf2sf16wVnFf1kGdFNJzYThLuSBX0sYBj57A9nG7i2yrsyVsr1nF3dgYE+kfmGBXCDiTnSVrNvNznXXFyQbQeNrFQiy9/oxjIMXnnvPyPbcfXyxgN5mL4cdzogXbASrq+sAsLS06fLBgDe98XXveffbFljhmTPnvvGNbwPAd57+/q2vummBNRcUFBQUFFwJWFoanTu/urq6vm9v8Yndi4bdVf19xvZVbwfD2r6UlA+GkQH221z5cFxHu7PUH/KhI38u+3bJL/mLyyfvOK5sy7Zs59zCzEdhWgOEqH+6v3a6iU1nnYREtWKPiAxRRVgRGiJDRIaMocror7G8DwiBAJCDd0dCY4wxpjLGUEWBsQNsNOqDEAW7m9cREiIBkfIT4CWDoGHVPEOIREEdqMeipwRdK55djJnILuVBrMrIlNh5iFilASV787s1W5KUnK17TfQYJeu12lGmnjusV0tGBQj5KY5J6PhYqldi3efADsb9qROEiITgyUBb6wKVirOTif5wyBR24Qs9QWjtxE4mPmUnk8lksj6ZrE8mGqHQMk/8j2WrP3Vb1k4mdqK/i4j2m8UVUGhzbhZEhBm0pEoZrRXfYWlCiUxfh6tE/DlwFIMRBKT+BeJEPJ49pF18eJzTteQ2bteeaVkOqSQ5hY2jXVtbzVzQWjuN5bfd7GBBF8KfDRufoOnXQvyA2HjcweQDI31NiUsmnquntoitOufo4XwoF8jlirW1CQAsjbeOIFw4rP/yytrO6IYFBQUFBQUFXdDXAH0lKOjHIPvq8JKzbvtr3rx2y7Zst2PbEYOwbMu2bAdvYdbyoPp3jKKDimZCo5T/gB2dw1H1GooIxrsgBBFCMkRMFRvLbJ2I0FQsADBhZh/mDkEQAJVA8M3V/g49mQBB8ud6Cg1ljCP5kLx6CWv/op6J1M57Vqc21kFqakN/PM1mesNmGmERpszFI9KRZE5NMiVTsZ0vWccg7NInLYQdHFJPrHjwuodWfuSoIfbuG06ny51sTCvGESgTI3KWQGrShP4bLiXNwmmhO0f1PeevRK+ghcDNOU5QWcHJZF0mVv2WgtTXqXMArG2SYQCwEwABBKffBVA6UJjFpI5e3dgpvccs9aUIzILAjBwYUO9fNLQHIsTMiMjMRMgMFEdb9IPvBsQFE3X3gkSeMlyfl7BuneUwL7vpr7OnD11l5pbMTr3bzK3gCQTYYrmEqVLOgksU3bO58fWzwVB7C1lmSR/qk8peH1jfVaXjyQnBM3NPk26LoHfshXxzEPUwrW2TdMNFR3hZQq2B43FxKVZQUFBQUHCFQl8DCkE4BIk1tSvWYCYf57TuJjXPujffw0X1Z4H1lG3ZtrZVMOV5gyw4f7iaLvklv+RPy/e+sIeVFwEAEXFefluGdGd+0ghjiOpRk4VR1A+pAE8ISeMKCjAhEpmqqlQqZa3VXxlEJoyCdTweEBX/qVJKpUWe3fQ8CoAhF/iQkAAkuBIFTw8aYzQSoR5sjM8RQqdZVBJRiTvlVLziEAgbQQvR85CxFaw5ItHI6BBgw2FpuKFpodrumAgF+q3qWYeE2T4khadWJc0TEhFA8kWk68DGrzXBVVM+iUVyJpd9qSCsdYIdhERK4oaBVQquK6BguqtJH2a1aNnT0XUV8jVEX8wahtpYnAqwltyBG7egrtPqQCV3zIEsVGpQ5YB2MrHr63aybifWe/gEFxcQRISdx3kipf+sZREGECRCHOkdgC2zYWEGUzOjep2oapAnE4uk4mAgYGZEYoDJxDGChMSWEVAaZ1lPjY9H6K6ImH+t585NXz3vXax8lotqC/Ky66q9RPspvWT2+43vSZku1WP7LIbvGlimHRwxPpeuXSEnLNep3ch9CjDkoDnRnvrshwgiEu9JZqTHoWsiFMs2MROy942d4b90Orp6GA3Ihr4C0cGY1T1vtvWe71EGPDqDp1lInhHZi8V/xOBeobq62fitXar1XGtfg8mzqWeI2k/bpOfZQRgy7P33iktiGRfMisnEAkC1JaH7hmNtbf3f/Nv/dzwe/fZvfeLJJ5/+yhN//93vPru6urZ//96Xv+wlH/zAu8bjEQDce9+jjzz6hJ4CAPzFX37605+5BwBGVfWzP/uBa64+rPmPP/6NL933yOnTZyYTu2vX8jVXH/7AB370yOGD2ea++c3vPPjQV773/ecQ8Xd/59eWl5cWe2rPPXf0s3ffd/zYyQsXV4hw7949r73tVe98x1uqqjEFzzz7wuc+d98LR4+tra2Px6ODBw/c9fY3v+bVt8Rl/vA//+nRo8c/8fGPCsu99z365FPfWV+f/PzPfejWV930+S88cN/9j77vvXe9+tabH3zo8aeeevrY8ZOjUXXN1YfvuOP2217TqEdEvvb1px56+PHjx09qnMgDB/a94hUv/eCPv8uY+lOv++5/9PNfeOBH33nnba955QMPPvbNJ79z5sy5Q4euuu01t9x5x+3Ly0vPPXf0k3/7hWPHT1jL+/fvvfEVL/vQB99FjY/Fhp5aQUFBQcFWQl8DwvO0oAeJfbVpd4U6v81r4CLsvZCtp25XIK0HuupfSH8WWE/JL/mt/FhBKHUapOSX/JI/MB+6yufSLbtSePSpVBBYI/E2mUO1KGvoMvHxBUXEGMM8cvwMcVVVzBNmQ1QRMRKTMKIgMqHvqxkhobUTsCqZsr4J50pURJyPUERA77rU+xV1qj8wiIbQIBCA7qsij6ZGf9RdZOTuKyWftInO14GmpKyn2FQsyso2UL2UUCNxwfDeEBcb3oEu56vDa8hVWIebanepx16ZSAOTw/sNx319ximmVWUKrQ1LtyGzY641gzVBKByXqRlKAHX56ehD5vXJ+mR9MplMrLXBm6iIjQR8GuxPnOUdBJnEAIkRACYGQCJBcAveGGOt1S2hJSJlLxPeWrx6kZkRGbFh4nH3jcbqE7+cMNqCKxXxc/Ex4RuFnrHtWuQzLbPkvOauJ2tnb5v7t96MnsxdwnxkufYsFz4VLQ5jE8+0n3MN6L9lJbR9Vysbn7IsO9iejisWA2ezA+jFf5vFtg4h5DbeRPIlSlL/hh+dC8YcN4f+AuVC2IFwBKFJWZztxbPPHV1ZWV1ZWf3iPQ99/gsPhPzTp8+ePn32+ReO/eN/9A+I6Bvf+Nbp02fD3vX1yfr6OU2/8PwxJQg/9XdffPChr4QyFy+ufPd7z/77//Bff+KDP3b77bclzX3hiw9+4YsPbt553X//lz/92S+FX62V06fP3nvfIw8+9Nhv/ebH9+7drflPPvn0f/vvfxWKra2tHz16/E/+9JM//LpX/9RPvjfkf//7zwPAo49+9ZFHvxquPn05/NrXnpxM7BNfffKeLz189uz5UM8zz77wzLMvmJ/7UAjWaC3/q9/7j8oLBrz44pkXXzzz/HM/+PVf+4XA8H3t609NJvaJJ775pXsfWVlZ1cwTJ0598Z6HnvjqN//hL/7kf/rDPwndOH367GNf+frp02d++Zd+Oq554KkVFBQUFGwl9DWgEIRDkNhjI32egP+YUFwMwkz5jdp7wSseOtpt14M7z15d8kv+wPzo67nYD1BJl3RJb05av0Pxl6Xb7XwAOveFEj62BwAAApU/efWPKuhAgNAIikESMmKYxRiujKnIWKoqEjbMLEzEJCRAygcaNOD8Gqq+EFCAEFjQP85qoxMCoPowjYAhDiGRD4toDFZEld/RPCBmF724MEgMe5Da2VPVQJ/xa1MJg3blORYN1ZemZPY2DqkTkTk2rgqneF9Mu7EZQeCymZEIAxoCEe/Yza/w+nMqrUOLR2xHgxB3H0Y5itrxhfXcR15rJdBhXpEajDWCyAAa04+FgfUCEw3o5zvJACDCwlYltSzsogzWwQctW8s8EWHfRWd0ZmG/REkExDAAoBgm0gWgV0eINcjMzFbYXZrM7KTA8VyyiGVBFmIR9NLACCwCwigA7isB/1BnAF++yQ6GiYvc90GWKexndDZ+Wc1NE8Yk6NTebhm6XBe2qfGNc4SL6O8MrcxHBrcxzCXsAs5u4y6XdzjmO6Nw6Q8e5LZ8sP2wm6MjebSfmwsntLqfm82mc2XqsWh9CpOW7PggY85OD0b/t1OX31VwecCyqO+NLWvxO09//6GH97bzl8bj2267xQnp/Gr5/BceGI9H73/vO2644fqLF1f++pN3Hz16/MSJU/fd/+W3v+1NH//YR4/+4Pjp02f/9M8+CQA/+s47b77p5QCwtDQ+fPggAHzxnoeUHXztba+6887br3/JNc8+d/RvPnn30aPH/+pvPnfrrTft2rUcN/eFLz6IiLe//rZbb73ppS+9buHywc/efR8A7N275/3ve8crb3mFtfarX3vy7s/fv7KyurK6qgTh97733B//yV8DwJEjB9/9Y2+75eYbTp85e+99j375y197/IlvvOY1t7zqlTfGdT78yBMAcPPNN7zuta96+cuvP3BgX9j1zDPPA8CrX33znXfcvnfv7ieffPrTn/mSiPzZn//t//4vf0PLTCaT9fUJEb3m1Te/8Y0/dM01Rybrk3vve+Shhx//wbET99736F1vf7OW1Ev4B8dOAMCdd9z++te/xlr7F3/xmWPHT7744pn/59/9FwB421vf+LrXvXp9bf1//sWnT5x88envPvutb3/vlptv0BpmPbWCgoKCgq2BvgboK0HBFAyxtc5aflHp7Wq3pEt6c9IRQRiv8pIu6ZLepHSIA+aypKa/wBn3YwUhAgCQOGGhowZROSNhH/qPCJWWM2QqU1nDxrCxbEiYyJKQgAENMijqw9Bp+gAIVJyIwoJBoxSsXUH8F3hBRPRuRVUjaAgrQ8a7Ho05wZobrFmdKJicsn6x1CZ2WwdNbFxHuEno0NipFFMGHOFznYYTMHdUNx2SijxSYQ1A0o057IbiaeukP1EYQqkz/cJ1TFw73bg6xFcYSqIuTPBKViREcWShnq7EcajQ9ccFwURgdoPpfrx0N5BtSk9iiMhnmYFZgNnaycROLFvL1oYNsxW2IoJStyv+WkYiAyBAAGAAmDVIKKtwUAlCCbEGmSNVnUB6oxD3Az4kYkwO+qCDiCDoYhAGXaDylOipv6yTz0C0Bg1lMss9Ws8hy6bjWhiKgYKYJuU582JeILJ+dLMKwvZcXBIYztl0ndcmUSbxGpj96J34HFk4Ws+B6Bd/52seMX1Y/CFzDuDU5bTZ6s9EUBi9cHSUhwzz16YMt0u0OpMn5IIdAv2GiWjrFszRo8f/9lNfyO46f+HCW3/kjXEOEf2zf/orS0tjADh48MCvfuLn/8//699Zy888+4IaNK9/yTW7djka7/Dhg9dff2049uLKqqoPX/nKG3/mp9+vmS+9/tpf+fhH/82//cMLFy5+6tP3fKSpWkPE3/yNXz541YFNOG94+rvP6mh/5Kfed+MrXgoAo1H15je97s1vep0629Rif/JnnxSRPbt3/fqv/oLSpQevOvATH/yxs2fPf+tb3/2bT97dZtE+8lPve90P3Zpt9K0/8sb3vPttmr7zjttVlDmZ2AsXLu7evUvJ1P/1n//6eDyqfYEuL/34+9/5rW9/79Sp00oxJnjXj95519vfoumPfexn/+/f+329tN/33rvuvOP2kP97//oPAODZZ18IBOEcp1ZQUFBQsAXQ14DIQVFBN4bYWmctv6j0drVb0iW9OWmNKwbBXlDSJV3Ss6ZhlvKJxb/rAYO1KR8BGuQaCPpM52vRpYAQyZAydVX4IVJtn1EXoAAoXJv5CI1x1B4hIgh5+qVhPfQMH/kQg8YYJxlEMoaMoYrIeCrRhxdEAkBEowOQM2bV0jC/F2MisE0KJixjG1PlfVPRmKABhWetvHNfSwQzsPJIRpZBiLo39byye6d2I56LmFduTx92I1thQieHdMINNMnsOk6hV2oCSHRqjn4Dx9gFr6RWxFqeWJ5YcflWAxSKsAtpaJ20cOKhuWyVQdRxZhQbKm8MnW+6ZjTTQfBDgfVgtjnCeJqyM56d7oFLul1tf/muRRK3266/vYT6d0Hz7nFJfShwyeh4ui7VrvL959X2p911P++pv39JX/bY4Pl2T9+cFS5k2AfeghaC7IOpf1U3h31Q5YvCHCfO09BT+ZVzHe00+I+ltu4ppmHn2j/XXH345ptuSAq/7a1vVHZQYQxdc/URADh27MTUhr7zne9r4uc/+sE4v6qqN9x+m3JXySF3vOX1m8QOAsCePbs0cfrFM8muwA6ura1fuHARAD784fckUQnf+Y47ACD4Cw04cuRgFztIRO/+sbfGOa++9WZNPPvs0ZC5vLzUjhT4kuuuDnrBpM63v+3N4dddy0u7dy3r1AR2EAD27N6l+svnXzg296kVFBQUFGwNom+sC6ZgkG0WBpSZL93fh81rt6RLejvSFThHvl4CUtIlPSgNO6APO6HPAADxdvqxTcYgpEIhUA+BiIKq2RJXDh0lSEadFgIIoQgaIiECIjEGjEBlxBqV+LGxbIkIGYnQcq0f0gQhiqgAidCJFAGQlH8MfVRDkqcjKXgRrQyZ2nWoWt1IQ69FOe6WI0LqMjGQOyJNIhDQux6FkOnPe4pFL0HWFjafOWaq087cR/qYNt8sH7aOQQGUZv1TPXw2C2DvXghh6YZjIDMaUSAzVZ9BU5AhTgkX7W0zhbU41XdGM40xdhIMo+gowpivEgGuPW/rAvceQP1/lt2Pyv6sZWtFWD38hsoIBBBZAK0Ny5gNA0k8RCje+6frkwvIiQIoQP4Hw8n6qy8yVbO/dtClWQTY3SHE+VeN7jWQLLPmcDsVMkQX+tzIMmFuIt0EiFd++kOgPtmpXjqz+Yk+sodi3Gx0BSMMa/IS0vEM/+piCERC5PZGtUNuxRscsY4b/obX+mzYeHMLWDa5SyPcJ8Jl2tH83LOgd7uOJ+GW6e3qu1CruYFX5TQWPH3sznFew5toYyYKv18gXnAZ401vfF3QtE3Fy172kiRH/XCGGHg9+Pa3v6eJz3z23mTX008/AwDnzqWM1A03XD+oW37lTmxfuKbkMrz6yKF9+/acPXv+L//6sw8/+sQPvfbWm256mQZKrDv23Wc08c1vfkc7GRAo9pOnTh86WLOY17/kWujA/v17k6ts/37n3PXc+ca5M/P3vv/8sWMnTp8+u7a+PlmffO3rTwHA6upaUueuXctJncvLS+cvXNy7d09Scnl5aWVl9eKFi3OfWkFBQUFBwU5DYlPFrK0Vcvm4CHsv9JaBWepcSH8WWE9Jl3QrXTVNGCVd0gPTMmP5nZDejD5nbSt9x0bmGAGQRh0S99AREVDHZ/OB3YigliIpVYIohMSOJuTKmKqqmIUNs2FrxLAwoREAIjKGmImQWNi1K75uJZTiiG9NPsY5MiX1MeqEg87HKRoKzkhVOxg+SfBhFTODgzVnFtjBJsMYHzI/NmKUnGqkaxQYFu+pPqTZKXd7bpSRuMZWZ6bSf8MDUM2DQBQONzUiILSmgoiCzQIREp+NujyUdAkawZgjjEuCX1EawFE5wGanQZjBX0ix5EJY2HrFoJ34FFu2IozYMLg7EsgzsIiEaNka8vr80FqYw0D/RQrHMCx9I5yTA6KGHtQLrObJfN2JgCYZfxFJlkYPzTaTMDfyaArB2Wk7HRrNuEK9dEi1dm8TynD7+jU/2tKreU5EQECSa3nQcRsetJ2pMd05aM7Ioh8QMz3+Nhmxy+XMrg0jdbQw14Fzl+lXAXbd/wu2F/pGv11uaadi9+7lJGd4P5973onkHnjwsWyBti81FcNNxf79Ls7fqZOnrz5yKFvm7NlzmggeUAHgpz/y/j/6b3+5trb+wgvHXnjhGABUlbnzjjfc9fY3j0aVRunTkl9+7Gtdra+vrce/7uruczuGYnb0Pnf3fffe9+jAC3PJix3jSrNtJZjj1AoKCgoKtgb+L6zt7sclgx1iTy7pkr7M0w2PEwUFBZsNZvEcmCTcjqPSxBGBSp0FV58SF4qOER/ej4gEjDEsUllbWWHDXFVseUJMRCQgJGyARCox7N0nQv2OooZg173apWitGnRhBg2RIdSwg5UhIjJYRxw0iKojpAbBA+j/VG6dQ+NDeGesrI9tqu4SXFpEAgC0eOJaTuUZI5/d4JIbmQ2hUtMem7M6SYaOWxASImTodEQMYZsIZGbw3HIsHAxOdYFZafIQ3hLi0XBq1/qUxYsI68wgy1MhIbM0PbMFglA5QmbL1gpw7MIUANwVhOhkoAjCJOIiJNarOmLzG+MWsX2NUY1n3M1wEusuBFhsDKOvp8FBdtKEiHVE1NZcZGe5J2fIrgRtajDIAYeQlAu59hclqekhBeeWFm0xum6w8cKYhw6R2f78nWn8d/6obivcO0WWsdtMfmLmajf1Od54Fgz4BCF6TGT2dl3OPZdP1z1hSM83Miw999KCbQQRWcvMYszldvu66qoDx4+fQsRf/IUPZwscOXxwvpqvvfaIJo4dP3nrrTdlyxw7dlIT+/btDZk3vPz6f/kv/vG3vv29v//Gt5555oWTJ1+cTOyX7n34wYce+53f/tWlpfFh36Vf/IUPZ6/iPbt3hdYXgieffPpL9z6ibk5vf/1tL3vZS/bs2TUaVZ/6u3uyAQjnxtafWkFBQUHBQDCLvhJsd0cKCgoKakQEYaKwKumSLulNSAszOKdzjKhSeG/EwcAIetYHYzO/KstQNIYggqgfLwQg5QmJkAQMgRiuDFtjDLMxxhg2LAwgwCRIBlGIwBgUsSIArHSGKGmp1GSg+0KIQlIq0NTuQFVWiMbRiEgGQ+DDxPeoagy9Y0WNdNiCOl1UdsOfWcQPTTMHYxBcbiEy1jfJ7w2cUSJoE6cUrfWCLWNixlTZdhk3d+cdp9TyfTofYtFnJ52AqaE2tO4vBF3e6H7AEeEQ0lo/onjW0PXbWqueDT3UOyeDCEjsxtPzcm4DIsBc83bMYq1YFkcOsmUGYXKeQdmTdiaxsweneu1gV/4q6Fj5/ifNjdDkjPVLfNOO9ofQoGTioU4yY1XflHlNOzBngaQbMf80nEjbCULDeNFm6Zaevs2tqNtUPmzg3HW5hE1llPEiVIoeF8xIJbXlRnWu5oKEu89X9KUAv2pE/JcE2LWQsgPlCreJ+e4W55/ftgx3466rwy3Ff30lycNuyA0tyy8ml//mYco7z7TW2x1OTrxQ7FsPQ2gtWMvGXKpmQULX8zNnzsX5N934sqeeepoIb7rxZYs1eu5aXlInEw8/8sRdb39ztsz9D3xZEze8PHVbesvNN9xy8w0alu/uz9//4ENfWV+fPPzI429/25tfeYuLwrh3z+7rrrt6gX3ugur5iOhf/O4/ikdpbS11LrpBbP2pFRQUFBQMhLWsrwTb3ZFLAUNsrbOWX1R6u9ot6ZLenDTVUdQESrqkNzsNO6APuTRssB5o1NJ3vt43oI0FTKCUSUgBAVBsnnTUne4L5Fvg8KiqzKiqqqoaGVMZMqREnanIVMaMjKlU5Afkop4BGqAKjUFjyFRoCI3TC0IkSXRuRI0xNPLtUoP1I0NkUFWDaByLiEQqIlSqx0cljFmTWi8YzYBSnv1hdeK9A21nbQalHwP9ekUOH9HNtOjw9tXT8hKZAgQYgf3AeNuukhAoAizCAuyHq22SbVXYamKuswZoiBWb2oiatos1ogNnKq4zjsDXyGwaN5k5xHiLaWwXiq9FzsVDAYGsi4olQkwlIr13TwZgqSMUsiMdhQOvX/vgNWTIKB1ed6kmLGtlLfqQnXrFgO/GEGSWTWwLBkeISuuodiVJftey7Fk52cqzGL4MeupfICOYSFdn6uSQyrPUwqxIZmcRXetsaNZJzyI7qqGJRfU2O7zzdXjHYoPnEkdbBYgfTVMestN61b0vfgAOplc3j6OSeCsi0SIPTYe78xz1Yw6LPIFp6L9dD7wnF45wi1FVBgAmNnW2eQnhwIF9umy++eS34/xX3vIKNXp+/gsPLrzRW265QaMY3vOlh9t7v/3t733n6WcAYN++PVddtb+rkvF49P73vUM7f+rUGZUbqq/Rv/zrzy68z1mcOHEKAPTDy5B58eLKD35wYrENbf2pFRQUFBQMhL4G6CtBQS+G2WOhx067mfbk7nYvd/t5SV+e6cqbYhEASrqkB6dlvmOjrQwo31VmyLFpWvr6DL5Mu/7+tmoXf9l+QvtYYQDUOHO+OZVfANQ5Wlo9GTJE1IF6ayNCAGQB/ZIXCRCAgNiRM8gMLPrDEzsxXBlhRiErJMIghMqWMDMDMhECErNrjggQSTtDZMhUzqdo4B3JIBrEirAiUxFVRJWyi3FvAREcoegYTQg2NfIxC4nUQ6MfjGg0OwzNnRRX8muLDsmqlHr0VU1Ee8N/SuNFgrZ2j+qqXOjksHAkqtlVI9Ig/FRLSnXTqJms9l5/XERR+na978ikQ8mANBRpdajLHgj42HqBF4w77+poDl5eYFTzi9Fo+kFTVrmWDAKAigWJdCIBUUTIE24sos55DRETibWuY8zux8e90+cfgVMieqpPyUYABKVfBTQ0oRW2Yq0Igyul48Y69egv2UD8ea+8BomMwlMdAAAgAElEQVRU2whekOt+fAn0ikJAVEoPEYzqS0H7hdFaC/cG8XPvCUyfAD/CAqgiR6r597AcJP69d7b7jcth+jouxg4+b6BqJ9Net7Y1W+ccHhRn0iMOjO+VdT26CIt8qwaUxozN0EK4/8SXZL1w2orB5MGXPy/0deVu6dkORArY6bMgtQ47PjaE7k19507rQ9wdgak3wimd03o2UINWsNF14scH418h+CtuFmseGa2B1q07egZKfeuu8/MP0mYr9XxhY+Ln5tGzuahz6f7uqR/W6F6lQv+7mu2ZguwdpsuV6EJuUP3oHLhY6NzqzGZ8eFHQD0cQrk9g13hrWlxdXVtZWc3umhrHrgt79+4+e/b8s88evf+Bx974hteOxyNmPnjwwHXXXf3CC8e+dO/Dk8nkPe9+m3JgFy5c/Nzd9z/+xN/ffPMNv/BzPzFfiz/54ff+3r/+A2a++/P3P/Wt777zrrdcd93VVVW98MKxRx594mtff0qL/cSH3h0O+dTfffHxJ75x++tfc9fb36JnKiJfvOchXe1BaHjnHbff86WHjx49/p//y59/9Gc/oCEGmfmBBx770n2PENHv/s6vzdfnLF75yhsfePCx9fXJffc/+tYfeaNO0H/4/f9vgU0EDDy1b33ru3/8J39tjPnExz56zTWHQ5TE/fv3/tZvfkzvHu2cgoKCgoK5MVmfFIJwGDZqu87YYy+p9KXe/5K+tNKV/9s+3ipKfsnvyYcN1wNb3n/oLt+VntrPBNP7I8JQZyGop9EoGJgz5gCAd7eIwZwnACL+k3cgABEgRAFCQnVWKoRgUCpkAQFhYGOtAa5QnKtGpUosCAALA1lhQEMkAihskRDQBJETIWrQQRUHVkSVMSMiQ8oOqsCQKmX7oFYEiguiGIWOc6SjYwe92jDEkENv4UYKX/Qnyp4pPuWaLr8Ss3Xgw2Kfll3u8lozm5i6Q0A451LTG4Tj7gmk9lE1RjqOEBsltTNxxDpg9z+GpQGIIiwALBLoPH+29X3dcUYNH2jpmGQMxHE8uj7bJfumGsLBLrlkPKqIDRLDd8yG9R8oS2qsClCuzGUSKTnAniAM+koVsbIxbBlROQRWNR0KaHxNrd856XVyTOGo9152w7qTxYowsCdBlZJzxHB0I/COeXVuiYi8IFeXOpJBMhQLcMmVEgIGcWeFIOh8ntbmXBD/iYMIMDg3p36mHbuJ9S1JxIU6lTDO3jauJKhenh1TrA6QF26/zl5xU4VfMaOfdZfXbiLLSiYVTu3qYrVuG6lthlmYf7owHuQBzh0HtYQIgbsLyt4w3c3zCreUGervGFVMEtkvRaZ1fUj7U4/f6BJahAI1cJVTGMGOAzM9aXepTZP5B1EHbdfoS7Ohjvwpfe2er1CND64ctQDR95LQ+DopfE3W342pXpGZuWfoFniP7R6BfOuYfxMo2AqMxxUArK3ZLWvx0S9/9dEvfzW7a/fuXfOxX++8646/+pvPMfOnP3PPpz9zDyLu37/3n/6Tj//qJ37uD/7THx89evyBBx974MHHlpbGIrK2tq5HBd+kc2DX8tJPf+T9/+N/fspafvbZF/7rH/1FplfvuENdiSrOnbuwsrJ6/wOP3f/AY7t37xqNqjNnzumav+66q3/4h1+txd71oz8ymUzuf+Cx737v2X/1e78/GlVEtLa2riWVVFsg7njL6x/98lfX1yef+ey9d3/+/tFopPTtaFStr08W29bAU3vo4cetZWv5K4///fvee5fmiMjp02e//8zzyqS2cwoKCgoK5oa+BugrQUEvtt3uXfJL/hWUHyKBxVto5ZT8kn9553elh9fT3psvHzwVBh9QtaUGVE3oiILYt2RdXZMta3q2UpGeo/EqM6qq8Wg8Xloaj5eWRuPlqhqTqYhGxlTGVMaMSH3cuGCCxpiqGlWj8XhUjaqqcg4SvSfG2MUoUWWU3qsFgejcKzZjD3pGhNTRqB4SPGNuo3Gqp+mB7sIEEIBAgvAUY+3cwDPLeANDAABOjatOaapR91Sq5iUbAt7XaLa7ofIsO9ij1uo87077su7iuEAYRnUd2vgVQqLeTkW2t7E/T3KCVue8KVq63XPqr7PUP5uGOIRAeLsU+msBfMDFIE/xTUHi+zTpQ+vadX1Acj76prrZnOKo1hcL3GdCwnXV4HNg6uXZZvX6dVoDXd5NbWvqhdkuM0TmuJHuFWwLKIdwvU89fI5bzSWLzvXfvmksaAR21qW0gdiIG0LfC9uWrDHpfWAXbAvUGrjqObNNxStueGl/AXVBCQCHDx/UxFVXHUjKqKQs8dv5hje89n3vvWs8HumvIqJsExH92q/8/Bve8Fp1Q7q6uqbs4L59e37yw+/5uY9+UMsfOeKaO3joquGnc9trbvnn/+zXXvWqG0O3FYh4/fXXfuyXf+ad77gjzv/Zn/nxD3/o3fv371UV4+nTZ5WVf/Wrb/6lf/BTccn3vueu9733rmuuOUxE6+uT1dU1ERmPR29/25t/+7c+EYqpDPGaqw+3+3bo8EEAONw6naWlsQabvPrIIc05cGDfP/mNjx05chARreWVlVVEfOc77vjQB94FANpbN0qHD2aH6EhHW5pz2I/t8FN7/etv00fna297peb80GtfpZ1/2Uuv68opKCgoKJgb+hpQCMIB2Gl245Jf8i/nfPyZ335cVR0ItcKjpEt6WhoGlZdGPoDzQugcbE5vC7L1xMdCnc+uDIR6OK7T6WakVV7LiPfRl/RNQprrtoTb46BUTaPdus66bx9/7w8clRcZjcCTDcqaiKhxk50zQ2tZRNgKi4BgHYANI9OeCIBlq+zj+vr62mRtfbK6PllbW19dnayura+trq6urq+sr69O7Lq1E8t2fX11bW1lfW1FgFWpxSBBvScgVVVV4/FoNK6qqhqNl5Z2LY2XKjMaj3eNRktVNa5IKcilUTU2pjIatNCYqjIjowERK6LK0Mi4aIWoYQ9dlDY9fyJENJr0Y+J4RaKEOnJ3ru6AYV0qorYfvKzTyy53hZ4RrHMEGhRXoxVHtDSospaNEt1aA/CxaKimqZxtTzQ3HOpCDzo1ozf9iVtRpDo5sVllZHsoYhHDcHulZ7IblFLM4nDwx9nmkCAu79x1Bm+Bzumtp8+Zo5h/zMxsrRURa+1kMrHWao5C05PJZH193a5N1tQutb4eyoiIIIhvnZlDC9ZHF7TWrq+vTSZrk8ma1jWZTOxkwnq4SJAHqrTRLV1jRqNRVVWGzKgajcdLphpXo/F4tDQaj5bG4/HS8ng8HlWVllRUVaWBQ5VENJWpjKkqQkQy6si3EVuRvFw3XBeBFInL6CS2eHofDpQwsVm3V4i/BPrEMVkqrUsdmM1s52dp7M6LcVixNhIxYvcJLkD+dem679uWDs/UqK7enhtdz+D3uKttFkszhndv4ZhjRsJVPLDO9hNw6icC8YHD+zw4OuFQdPF/GEdV0AlsOSGI9mVr6PwGoi6zAKHnYq64QTyof69o401vfv3G+1AwFWfPrXzn6R/s3bN0803XbndfGrh4caVLMHf8xKlDBw9kP7y4cOHi8ROndu/edeTwwWQXMx8/cUpYjhw5pCTZwOaGYDKxx46fsBO7Z+/uA/v39X8UYi2fOHlqZWV13949V121v/9d9+Sp06urq4cOXrW0lPqAnUwmFy+u7Nu3N3vgqVOnDx5M6dXg4vXAgX1JPjMfO3aSDAXu8OSp0wf274vHqqvOY8dPhqOG5E89NWbWV8eQs74+SYjYdk5BQUFBwXz49neOnju/etON1+zbu2Cd+mWGn/hfPh95onKhehDJ213B2V0RIaSBXHl0DtvCsdI4VhAJvKOmuow004QQ19lqNy2PCFH9Dfs2duTn064MtMvgQLs9DShT0iXdSFfOIhArOUq6pKenZY5jxZvc/J196rFdZcT/dZc7VvJ1Sl+fwZdptytx/7vGARBy7Qq0+tZgpLz1DpmFak+VMbQHwZskSvg2H4OF1BEeAvqXHSJZy8YYlhELV2KtWGa2FVuxHKgbEO811DjyFpGAwXsGBQR1A2o8g+HgU8aYEATO8X2AhGiQCAjBbREioaGPSain5n4kTE2dOTd6iIEhNrghTEOXz7paeOVVWwP62/C62TRnxonmkES/+UYTB6eNvRh5Ve0/r4VoGnQuM6MduVZVft0Xr5n+hAZOaIC20JCIYm4pMM5tuR4zR147GxQVNqr0LVHt5jQ06uzL+m0CYeDn9PIg9BcLkbLllf/VRExerXbynfR3iXpE4kmJ5yU+00QFGE93OrOux42RTApnZ78jMzPpC6eUui7YgRfyQFxy1N0WYOezg138X3tt9CvFr/DZT4jScFe5rK6LxZ3Hpo7JQlaj+8Ctt8COU3deedi1PAKAiytr292RFD1cXZv8C9i9e9cNu3dldxFRVmw3tbkhqCrzkuuuGVjYmL6eJDiUI+R8o1UXOwgAWSZPVXdtQk7H59prj/Q33VVnFwvYww72n1qbYW1zgYUdLCgoKFgU9DVAXwkKepCx3wLm8zvS0HssDKgzb3PeqnRqTy7pkt7MNIWwWGELrZySX/IXld/eu5H6u9Kz1w8bPi/oyG8dlTj1ihLgvvdPdFfB+aDyEyEbPTfnEkSG0KiMr6pMZUZVNaqqkf5WmaqqRqNqPKrGVTWuqpGhyphRVY1Go3FlxhpZ0FcViI/KV1iNnN4p0IRVZYz3NIrxj1GCBlD5QgLy1IojCCk6H1SnmRvmBYdgDqdeA5VJ8ZRFuwe1FRcK7GC8BGKBnbhDMJSKmuzsatvmO1xxNRPc8GL9pOkp2aTj+pRtbcT8X9uBZ9vrYDpH0RXY7ppnqhGpcQ7hkgu/GneRVJVeJkYd85ogC4y7VtPtvq81WY4AoEFCGycdzbXrdszO1YsgnNrgSczyK11ru503oMz0poeXz0qd+jF1+c3UhysH28IPzddcjw51YHPZe0vz1tQ4bo5O7mQk31ukN5OCaffGxaLclK4QVJUZj4y1srKyFV5GCwoKCgoKCnYUVlbWrZXxyFSV2e6+7HRstv15cfbkS8N+XvJLfn9+1ebSMyx6yS/56VbmqyfaKwPKS38+zNJ/adbWLA++TLvd/n42pF3tfmaOcr4hRT/0dmEGEdX2jwyCTjQYAREJHJmBDChKsQEhajw/bY8AUYRFbFVVQIhWdVneSyN42gMR1z2VgmAImSfM1vLE8kSAkYgMIlJVqR/EsZKLFVUqmnKSKarZxBCu0KCp2UFAAjRIKECgPyGGHqDUkkECd0rTTLRuOLL5s6LL5NelQUlLCwjkZHkpuSvSlIZipELThHMpi1El0f/ol0zI88bcfOejgnl5zWaLvRAaHGF2PONdCRuYmO/bp6CqQd0GRlD9I7ll41ep+iPVXTGcF1P/RAxT4Q8PdwUQP6axMV1cvMAgrjXGGINOKahsfGUqQ8aQIXSXhqfxfaS05konanq/E6hFyXqhSH1nQX+xENbkerx3pvnKIZUt9hwyXIq6xdzD1mgQL3VkJ2sLuIpZHYpmj8oyxwM5wtldjIaHACa96mpiWv2bPsj9mNdtaY3hA74j4G+hw0MSbvDU5viyYYNwGkFs/FrvzRywzYvwysTu3Utrpy9cuLC6XKQDBQUFBQUFVxguXFjVl4Ht7sglgI3bsdt7u2zIO8zePqj/Jb/kLza/UtZAXSGqF0Pnvbfkl/y+fJmjHv1FXL4MaBdcvma0831YQ91dm32bZXz9PiMp77yDuv5IciyEfvpOu2Mb46BcUdpuIAJD+dhgJCAo6tRFvHbQ7XDdUHbEOzUMDkn18kUkVF7J1NIrAWZkECJTee+IGuSNAVjAMFeGRTxd6BkLa9ctT9AiMAqwUhmGiCqDZBAR61bQkYeuiAudhmiM+lfU+IKIVEsK1S5Wx17U/qPPcSSHpwQxOkeMeKbNRpeLxSTdZgS7jNdd4Qw7Tycu3GuXbEvfND5e+PpjiGSwfV5dbEpPT/oxtc4mBeg8+tbO3KOxCotBucAeIhlddNKMYLQWYtbywbY6zX0r4KPwASACYRhvRKwqoyR40AgqJ+m0tsbra32AwTiaYE7viLE/1Hhncl7xFdE+tfag1VQr1DexqVbvWFzYtbazme31thBCuv+q7EFCLSf5hSbMjuQOHJZETxx/QNBTeOpZ9MesAtAgspczuoZoIB1bMCv6l24Z3isHe/YsvXj6wrnzK4cOdfqrLCgoKCgoKLgsce78ir4MbHdHLgGo+/yG3Rhie+90O3Zkf66/zg/lNcSU+yY/sQ+HKE8hUMsAu7ffLswO3+j/TuQFSv5llV95j3AA4UNSly75JX/B+TW7MrSeBpXSzpdsPZKvXwlKkGy7IbRt8PXn+yON/nedLyBgCEcY8vXhEJcXEOGa2SFkZkJSXSGCIxfdOQc9Y92CxtEVT6uRMoiBUxNVNrEICgEaQgGpqpFla5UmVOGUgDBAUP9pgg0ZQ3bdAgOBi5BmVEvonIa62G5UuR1G5VIN3kM5QgAMdTs6w1EtDcFTQvM4pVST+NlKmUV/EL4mRdsNzwZH4riacan1WEnTdcIf6+UOmX7mOiJ+6adU9LCzG14mRhLKzjUa1rDTwtYVtjWXUVV1t8PUB41gzH7FXFpiddVVx/UVIW6HIRRCfwnUZ1tLBHMCUQREImPAX12e6qvIEAAYUyGRcTS5+hodjapRZSpTVSNjRqYyxoyq4HPUBHawGYWwJgubLDnEo+EvoM65qwm55qSEAcqS3EklXbtmLTicHewpMzdfVaztU5Flgjcy5luPtsK4a1cb0+510nHLR1//bH3bgegZgUznJR0OjBI7+jxbcLH6dlKnF7tUfMT5GY4oUsKtxN49ywBw7tzKdnekoKCgoKCgYKuhLwD6MlDQD6dwcvZV9DnYtOUmaYzLB0tKKBiV92mI6vdH9dqr22mMGmzVn9bTlR/bmYOsayb7eXYcBpYv+SUfqP2Zf9mW7eZtYb5jYaG1Zbaw4fPK19DuoTJ07P8TToISuqiEemz8UFAfnAgIQAjK1Bn/0+TnzIiwQjKEZNBUZlSNxqPRuKqWRqNxVY19eMJxVY1Ho3E1Glej8Wi0NBovLy3tGo2XR6NlzTTViEyFxpDTRCnlMSKqyFSeDTQRy0FIBqlytKLfoXecwAI65iUVgaWkYfRYG0oTuqGbEclRnfRkS7bVCWyY2xrkWWjRrwoREEEXgS4bFK/d22wZH9FSa+06duoQJWWmlk+M8oioJ6PnQ6TOM93MDxlALzlNl0j9gtSLpkQP/Ko01WhkjBlutdejyVCIuUmBCjfuYiMyyg5WpqqoqowP1GnMyFAV4nz6rXG0euAIUccnEhSCxkxMVn57m52yZBvnx7HFwgike6Mi/YMzdQgbt8HmqNbDG51IKJnkJ9fjHNd4u8J2Z65AJMM4351zSBPJ3LUzN4jkFhEyh3SPuyEi2H5Kof+MZehzoA8bOu3NRD1NEv0AgDRyoJVIfnYysPv7m01vunnf638oY/Nnhlak93AvkK/X9LaNx5WIpaXR8tJoYlk1BAUFBQUFBQVXCM6dX5lYXl4aLS0VN+PTkbEDd1iGB9mfW8fCgDoXZ3PeQvt52ZbtXNuqy/hYtmXbu5U5jhIAmK0GXwby+ZA9Srpal+69QbHe6lsUe0y6e+i1hklPJO2hgDCzKsUdmyEigo4uktruKNJhrwmGxbrmsEMEANAYAQDLqNc5EY/MWCREP0QXzFCI2VjrFH4itgJmGaGdCAoiEBEgILlIhKPR8mg0HlUjY0ZkKkc+mhGSASAQZBYiBEAkdPEFYwurT3mZZjQsscHUSwinvi4MKZN/z9Bhah7eFYgr5Lsn9IDKh3RMxDm0FQmyPwEYaqPzpyBJzrA+Dup5ON/Ea2UWA9yTYtxKUjgU83shvgaTRDgkzg+7ENGQAcNsjDHGWiMCFVRIBADr6+vaSqwjzJhoPT+nvB2QGCJrLYgQojHGXVmej3QhOSOVIBIRkiGjskJjKmoJBmMvo/5EojtS7zm25y7exoJLf0Ze4KwLLpIStudCqZGZkJ39gZfMcGwkiGaJR5hFcjPsWRg7EF091M5P7f/cT5DLBslNtX1xXekDtGmY6aVikyCe5/ZBkAu2FPv37VpZXT9z5mIREBQUFBQUFFw5OHPmor4GbHdHLg207MC5nN4t9B4LA+rM25y3aru9rZftlbatIgNipBko6ZKekpZB5SWT72kHGdBWUymVy4/8RHkHWBLqSdZ2IASa5UPt4nc22pW4vKsiRECMxqEmeGqjj9S1+rZik5ASFQggCATBu6D/9B47SBrjhb8IgEBEyi0KALhwfmAqFisCLEAVVkgIRILIzK4YobXG2nU1ERpjRCwLW7FmvMQgqm1UmaLyg1SNTTVSTaFKCQkrBINgiCoNV0hkEAlA4w8SEAKBuH6RILASP4RA6h4Aw8hR/RSEBOGe1XhY5tCzq6dMnJPY7ERiJhsDn+QPy1Ql/hQ8f4eO/A2npjPn62g0KPG8u/+D71CoVYKBCvJHefXlELNjwwTsz71r6GKqyU2B1O52u9pKWLfQSJuJJKqF7D6+oL9YwNFahMTC6EQsOsCoYf9EHeoiGTIiIizMFjwDV1UVIoK1bMVaqw0RERLCBPRqUFkhM2uBQMYREQuIO0qICAGU+gNU9q8iU3n6fKQyQ0MVoqmMFxIaLzM0xhiDkdg31hL5XwlVKQxDlUbxpeEIeBFmpiSCI0DsVC+mvZMF4HMah3bTfxlyMRSItnULYW37O3K9nKOqoeG+v9kkNNdehg1tlmnv3Rq7fPYq2zmsW3tdTSVfB95eeson4zDH/WoI5u5hK+jpPK3P1M/4iRYT/IttKF7/7Uu+XdgVg/Rh3NWxWRfGVGQ/4pkPCx/MNnqI6myBIex1F6IH/myd8Yejf0sJy7v+9K1gK7F//64fHD9z+vSF619ycLv7UlBQUFBQULBFOH36gr4GbHdHLg1EJlpQm1JtNsA4P/4wumFbri278Ws0Rnbc2kAnWbs0QjM2QW/aZbTLxNsB9YTzhbj/W23zL+krLl01/iyM/0Is6ZJedFqCfWLWYyWf72iTYfV4oVa2jGMi6p2hjDT6jx31SxDoNI+V5Hz1ARdLfNQc7tmUTA/D0Z48Q0CvAlIXnuRINkGsPwmvDAAiICNa5R1QQJgtgBJd4kgIJiJirgAcQSgIVsQyszAS+liDI0SDWCFWhkbGjAyNiCrvULQypiIkokojI0IIp6Zkg/cyqWcCwatViPuI/tncceJDyJJFIcsR+neTeNabv0UvJfGC9fme3nIlBtjEJdTgFHUiqVs0Z0iNqt4RwPQEA5FZP31axtOIhnQHoLhQSoExE6kvKUTUAmF5EBIjgye4dOkCAIsgx3Z/XfjsvN1GxBhGelYiAhFh1OlHQlSmW1WKxvnXbaIiMoTeK6mptAz56IPYiNdJGBOG+jvW4UWHjHRs7q8Js2ivzxEfhDtlB9uERL1ioXNZZfmG1l7pOijKyZd009ur+WvHn9s59FsXdlonu6jT9rRerhRCz9cSIkNdiS68Sx2X5NYBEXfSE2VTMN2d9wbrbz3asrvmqBk38rj3L1Te4qHfabU/dirYXOzevbRreXRxZf3MmQv79+/e7u4UFBQUFBQUbDrOnLmwPrG7lke7dy9td18uDSRBAv2/YHeNTK11uo7e164iOjb6FydjczCG/5uvyhkOBSFTQdM+jB35+XRdJrWf49Rj20duPxdQ0pdEuhKvhaqtzyVd0tPTMsexShu4jzNUSjLlWF8GPCvWOhbq8pFMpKPPInE90igDrk5J+gYhLZm2/Dg4rWDSbvgOPydhCd9v+/ZAIPxfs2Ja3BOD/gsYFx2J9B9456L+aSUiAqYiQmICRLAoApWR0WgsAizCzABATCRETCIMwCJshSfCyIzEDM7RqDEaUNAIEKBxtIeGPzQVeQqE0BCZiAt0gW3qc4lFUZg8WetovduOtnHWaTvccggsh5/9Lo0VNJiP6MuMxCI/w2n3mwUjDZC0T2RKzTMoV/LFauYmeW2KjsvOcSwCc4ZpZ7dMPHBiQuYlovggxYPYgSeh8ty6kkOcT1Uues/H7lhRVl/1rwLIQiQggoQqZDREAOC9ihqK4wn6JoLT0biMBhusqUDCwKG74yM9ob9+oL5+wq/RBLih9ELlxvTNQm60mcL5CIlo+W0RBvJtm6HKKrgM0F48zXWybWRuVhTbRvbpE/06Q+8zbc1CQy12pDbpas2fY09h6fps6dJB9LGOe/Hy1CA6Hwe0Q967rkBcddWeiy+8ePLU+UIQFhQUFBQUXAk4eeq8vgBsd0cuGbivnGO7rrexDbRFR/bnzLHqScP560rsw0mZYXbvhhukRdjeG/3fKVxASV+2aa8g9NbYki7pzUtHxBc0ovd1Htuw6rbzJXus5Ot0SjXJtuW5PU+w1WVE4v539VnZuzRfJDpf3zeQdrC3wJp4xqLe61xAIQQlFThNmXMwqvJAAHXSCQDAzIjqY9AgAisdImzEjKqxMAiLsCAisyUxxEbAirAIozAIo7ABYZCI9kCviKqULCSiSA1lCI2hSkVQAAhIoL5G0ZAxytkIgpCqGV33G6eaUIbbh2R2QiJrAe0xjOqzvDYxek0gdZtSnRYU6kZTzmYWO2zcty6Ta9LEVMusyBR1FzSXb66Ms7sGni92tefew8D9qvwZMyfptMVorzHGsujvAIIgZAwxKyPoNYWcqQcd8658IosQIQiBqJdY9ZyLRERVIP80pVEGnevdqqqI9Box6K+RWv/qqHMnXxQhEUJBcKwu+SKgQkLSdGAHxZl1o60T/Ol9Qhed3mlqPhX8oupdBhKZkvst/og1e7BxZnGTkKftd1IPtx3tW4RM8+44kJTd+YjPNHu+A+6fbecGM6D/qhk+yPGMbITav7yRPUcClPqrlkYZ2dnsoPZt0LQ1PrImf52jv2v3vJXjE54AACAASURBVI8UbC4OHtz7/Asvnjl7cWVlfXl5tN3dKSgoKCgoKNhErKysnzl7UV8Atrsvlwzi6IBRvMCW3TWfjn7JHxvUhVH92E4PbStqqll/Wn5I/2sdJA7tQ0mX9EbT1ZVgFyjYBAxbNrlS0rOv53jJ52dKZHeCp1a690aCL2nna2YwwmV6ksmU1G12YoECTxV4nVrcS2fGgRTeqhj8ENbCo8hSaURQg8swiAhLiJ84GmmnrBhma3lCTMwTEWawKGwQGYS9ts0pnAhHnhKJmiN07CaGvmEs3nIfrNddjDscPe+wdZYQlb9UkVgbewrU0qvG6UrCH/c3hPXClLaVf6CIKqaIkl39hye0QWL7rpkqrHnzbK/QxzgMayDWC4a0coHJgSmb6LOQWVm6ujQDEXl1qOguASEAERIgAwZZLAqiEDaWd3BeaiLfoQ3JIBmlEUGlgBhdA43Ig/WV0R7hJL+H3/VXkA+253dAxLwGJj6JKJkwglnGopcagXb5beQberirIiIciMuG/xuO5AKcStdt3kIaMvLZW3T/rHV1fuNzfQktla7vftyjs3Uu2HKUPQe6xmfL7kXxe4B484JmgnOKEP403JoeFdSoDB0+tPfEyXMnTp596fWHtrs7BQUFBQUFBZuIEyfPAsDhQ3srQwOKF0BsTlVgEg6wzseu2AGN4q1j/YtxR735g/qwmFqig2bzCVNQsDFUsc+3OGJaSZf0wtNKlc1zrGq+W/k+zuugesJ31LkyAp5OS8tIHV9w5v5LIzaha6NpskfvbDOJdQgZ1ERlRC+IJxmc10JlX6xFZisoAFRFIiMAHGl7gJYnzNaymTAxk4hlISuCxggIC4cv65UNVEeihIRALi/0Ivq0JTh2JKwVUBi+XReoORLAUH2kr+o0U4UyW2aUbDY0k/2s72nOXq4QtTJt8gcgIoF8zuJIka56hkjNcgWCiTLDI9YGzRAXsEkYYwtxcxj87xKRivI86jlFAABrUYRFvXHqDzGAALBKD4UEWASDSd7x5YSk0Tmd71LvcddErkdr7SC5UknAwSjyoCtS+xz1MQjb1GB2IpphBQEAnfyl1+lrWzw664LZgRK9whFuHFcIRxh/pNJGP9/WPGoDd+1hLQ4/dqa52y52cDHjNQQdf4qnLt/jp2az3MY5wu2Ej0odfZODQYKuvzdNLgVbjcOH9p04ee7EyXNXH9k/Hlfb3Z2CgoKCgoKCTcHa2uTEyXP66N/uvlxKULLC21fDN2/1e2wcYTBo7lz58I0cBE9M8bHirZGaD3WZVnkMdbbaTcr32ZyxI783nbE/D60HZ22rpEu6giYpX9Ilvci09JSRAfVEZSSfL3X5xifh7TpjBWGjfFwHiCTtgo8uGJcXadefazd3bACmBhlvo08t+U5eFj0jlD4g8o9DcnSdciGuXgIBBhDAyp+36v1Ifa0SE4sltsRorRKElkTIGAZhVoKQA3NDaAiN87KoHIaXCmrYN9+LkJGIpxCbJ+0NVxATIaE0bCvaps/Auww42vsEiIi6pGbvIrZmB2ua0MXCFEj0hF5imNOqbgj9xMnUuYioqRBEUJICrXELLWJMDYbDJTqwS+jWpglrIyghEAExSszKoQg6HaFbdcCMzCwIohcU67QxgIAwEQExCwGzSjm9DpAcjUeGqDJUERljKg03qMrCwA666yI443U/LlphwhWSF+xGF03MZOTnojFHGkcx46pYIPHanNF3Nqaja3kgNoJxQqvCLDaPc8qqV3OXcLGAz4nLdeiS89qAo053x5pbaLhA16AR67+xZ4RsyjUrEmIpb/q6wsg9QUYgCBDL0NFr7HY4sne23Dpw7yACGBVwLyeR/1RNEOxoj6qXLZaXRwev2nPqxfPHjp8pIsKCgoKCgoLLFceOnwGAg1ftKU7FZ0LkkE38R8/xyzD6/MDPRQdqiTgfU5ttUBDGfzcl9QSrXpSP2bb0N8nlS3TEcLs6zli+pEt6g+nqcrX7FOxAOJPQfEfmDpvpO/TewrFSsfOwnhqaX3l058YfcmfrEUFMgxQ20RZUeQUSkjd7kXfA6EOnIRljRJT2AxJjzAgQCJCYkJFICUImnqi5HUlj8xCABOGUCQ4V9UfDrBF60kMZD1OrrKLQa050GOd0OFRsn3DHUGwWeqyiUyWM3GGObOeIeAuufx1RyiVjpvNx/3JV1a9EG0F7yc0qt2qTeT0lu3Jco44nrZmqsNpjpjCGxheM00EyaK31VJ2JTs95F0UXicktPyJiRmMMogCwWAYiR/KLoI/JGVptk3zuGgkddqS3W/9dUkiIrpH4/BKdU3tCevRP8QH15xoCupayoRy7Jr0dNjX5IGPq4kmIk60XqJVXnSxmnYtLXVw4k5vlqWV6FvlMmHUKBpfs+6glvki3bFq7fBHvwMtzbhejmzqSnZ9l5ITmgo4dnDbC1HRQX7CluPrI/lMvnj9x8tyhQ3t3LY+3uzsFBQUFBQUFC8bFlTWVD159ZP929+USAzYMXdhyjIS5ciEztrummY0Km8mk5py1DZP/86nkqGyRTnSXHvy34MByBQUBJQZhwXwYtmxypaRnX8/xks/PlMjuhJiIye/1H6ckuwKbHn9VIu1KhsYgBO8YtWXtF8iaeiLLjnseiro2DHI9FfP5wwgBicigYXEfyKumzxjDzCAoACIMaAQQCYGBGUWIxZIQM6MwhS6h+3oFCZUeRHTeE6MtEoGpKUFyLbruua0Ko7SjtZcr9DkQntg1d9Kcv514s8paih2wXgIdnc/z3hKxL0EKVscpnAtTLbB9JzIvptmdMSmTpEPHElKtTRwqdaeF2Ucc1MWolTCzMd6rr0WxGndQiT8hQCDyxXTlggiDYRRgZGYGFl35VVU1IhCqXtAYJELSLSEZQhNc7EKYakTJ3Pv8GbUu/P7pyJN52aKRTlUHuT3m/arBfkYk2TvVW+nWEBLZVi51imvhaE9TO0TlZYlp8eEEAEVUYTbwrtiucGY+clHD7r0NTy1TX7PQfMps5d+Um8QUihfKtd4FG83VvyYjP/tEbNcl055KiD2/Q3g/RPcBczCwQKEGtxnLy6Mjh/cdP3H26NHTN77i6u3uTkFBQUFBQcGCcfToaQA4cnhfkQ/OCmnInKDEICwo2FRUzh7hIrpFW2eYLvklf2H5Kt6ep5723tnrUb+aneV9DELI5c/Zf0Hv66/OYR8kDCNBpYigchWYPjoQvfISnQpJTfwU1Hh1hDUSFfuJOhp1JBwzO/+jSCKCzBHzxCyWCC0jC5IQC4v+6IMWQYO0iYj6VfT+RdFggw5ULiN4RqzpQO99lLwTVKeUqu1V4CVUjpR03kl3Ktr+QmPznE52XWDKA71+6EcvLv4tpYvrme5idK4XEF/53INft4r+Skm2UbcSF6OZ2pqati7VaZAMthWEjhEH0F9jq7cBE9g3RARrCUSch15dgSBSiRGVYBCgoCCiMaaqqhB5UEnCKNCgW+jKHRIZLzmsfYY2NIjuUgb3S5PyjE9zysgnZaKvDLDOE+9cLg5Y2MnkZfOTsIX9vSrYyegSQ0/VT18xQAgusIeu9Ob4DHBx0OUjdODF1VVypjCEyU01eqhtA3G02EChA0chP4yXwv3Nh9TNjhgioPP/UDt3R/9OWb9/RZ9sFWwPrrnmwKkXz585e/HFF89fddWe7e5OQUFBQUFBwcLw4ovnz5y9aAxdc82B7e7LJYnImuqpvCjH2Wnd321Neyx6x/pYl6zLuD86fHnnTC7YdevyqX0YmrU1y2fsyXV/FmQ/n72ekl/yB+ZX9SfD0NqW/JK/wXxp5MBG6m/vnbEemFqP+B628tP+y+z9h7iVyG1pZIF0RhrPCEL8DbgnAcBzaYFxo4hy8PYeMMYgIDCIAJHWTcpJElttgplEmIGYCYmEDYsVseLsxu7xxsLMzGzVjERQ84EU6I3ajRV4kaDrbHQGTV1gRiqf8ZS5Qb+X8yFrOpe21TX5TQkqnebY2tYsFlXn1of+xpB+ttRznl7ik6kVvMq0GVBp+KBhtK0T/bbu0POajnId8dx8JIWMxjYs7aYx1se4ayyAKDhlNgxhpCAUzxhK8DVqlCAUATJ6EVm0unSZGBEZBABYBAQsIiIyCxkGAQQWYAFWr6JUGQTlBX00wTqEYNPRqDGNEIgqqyUyRABASPWlFP8XCR/bXkDTkW8VaK4igaY9OFajJpjqF7SZKV1HRXvTVRPCrE5FIvduYyCJMlXLWDAHLlFxYbIMwm0nudW4hzKGv8r8nZbrU5b0nurv+BIeY4PotVjO2+N7Of16tlUmXC+NefHJfm+iDdY/XNfuQ5eNXTitOKiDDlqgmjC8x0wrONV5+I6Gf48MvdfXL+9fFIPbJa+oRHDxaBEABWk7O18AUBm67toDzz536vkXXty3b5cxZUYKCgoKCgouB1jLz7/wIgBcd+2Bqjzf50JkTVUasJET/4nUsse6T/f1DwJJjwX//bpA+Kuw/nsKQz0Ibbsutuy92LAYt+3AGNmQB9uxN2Q/L/klf/b8Kv4TXJrm3ZIu6cWm9SY3z7GeNkvy4+3UehITebOMqvtyZZRJn97/UCp/rMv3VSDUNFpQ4sUUlDJG3i0URQQcIpmgVCJCBNXyaXw1QUcAsFZFRKNRpRQfIhtTAYARkAoc7ceOemFgEmIxAizCEr5QQSJkUUkiAhmqqDJolC80aAwYg8YAGSQUQBQCQWACclynMAAp+enMVd4s5cxYqL3wHFA92DUSh5OwmUg0gtJFqWBKabqbbGyAFcf7Nsy2gqJEM9Z1C4hm6iCIsBs91cABaIBDz7lqPb6H6DVhKKC+MgGj5RY7zfMeNfX3qPuO89VdsbfJEMuqPm/QzjrDq4iwCEaXqjdXx+s5hpJ5Ph3R5AIAqnFtdIyFyQlMgYV10ZAhZiYkAUGuWUJjQm2iMQgNGTSCAAxohVlIwLoZQHDqWhAQYBE0QggTJBFAAQuWidlaZosIGnMzoAoyQkTjXe96j7pACIRYkWoJ1U2vExsCgEEyqKR7vbwZxNT+dhskaPhIIIxe0E2GXwMfRiBuzsSGqyoxgbd9ikZEhbQKcNylUIv2LXzGEehDz76EuXTySHeJYHwrbbs3RHdNRIhJ5ZkIqu3yVBxzPzuZpEwGpIeTbhFp00YyE0/V3xO3YCKkXi1xlv/8xcmF3bcwXtMu/jastwvwhDoy6x2t/lJB/P3Uf1ShV7zPFSQGlPhjkaw/z0T+23j6NO6EmcFMps7TYe43dz/VJ5VEx/jbS31/DndsLee/uW09h9sdmFqi8VtyDlMPD8rv9vLTbx6HrKHMo7tjDW9cHr1wotHd9brqS1YOIgRv84gIKCwQkYXu/k3IEmolJy3fqTeoKwSHD+07c+bi2XMrzz1/6uUvO7zd3SkoKCgoKChYAJ57/tT6xO7bu3z40L7t7sslCfR/x0SW2uiNveE0CaO/ghoZ4VhpHOtMeVHwp2DNisu7bjRtv3XVSfmmPblpH8aO/Hw6+pM8KYNTj22Ow/S2SrqkHarkD9mSLulhaRlUXnrKyIC2ojKSz5fWzga5AzFqUUqjfPOcwibOT8vXtEfcWGyB6zkWgFGotkNRFA9MnLnRqxTFm24AAILcqKGbQu9rFDz/RoDM7JSOIgCEyO7HcS+IiJastY5UYWEhZpULAotYdk2LPzerdw4iZwYlIEJjnCAqVkNhsE3VXhSpsSs5BU8Zkn+Op8awHWBbn99pZ0d1zumXNJzfekuzfufvXjEaXEjb8og+dl38NuDNlNxcsY6IFN8JTUUaFABwgr+a8GuffhCGivPeC8GYnDMz9rAjqXawccZuB3snt6JrOjrlwId5BaEOp9LZ8YkCigEAC1b96LKLNoVMLCK6df54AZAJhRGBgAgts7VoLU8QROWBSCY42Q2SwUbUw+Br1wkHCdXLKKjTN8BaiRvktn78wxQ2mYNkPOO9LRIRo1tjs4ZuXVDMEfqpya/5tgIpW6znkgk0Yn+xywbbooTuR3vW+smSxXV4wffSWVE/niNCOuxFjL+EICXKVPCrX0WAu3P6EH9Yc2/++xAU/UikFU44jOTgK2gj5znbxSVNj6LBj08/+lfF1POauqgSdjC+dmRbXKDuMDSMIdFkO3WgexboM8c/1fWZi6ifk+mCFsT8U6FgC3H9Sw5+86nnT714fs/upUOH9m53dwoKCgoKCgo2hJMnz5168TwiXP+Sg9vdl0sViTkVIxOWLwDOtta0KkV/0EV/DrWODSasOBhOUk9sWGnX3/5zS7Jlon4Mt723/5wr6ZLe1LRKTTD8oR5vS37JX2w+7LD+NPIhLRPnz9n/Vp3uQ27P58Sym/+fvXddj9xGskUjgsxMlapcbZftvrh7umfm/DnffoDzUPu99guc59lz9nS329M97Srb5ZKUFyLi/AhcAiDIZEopKauMZTkLQoIgCAIgFQsrIuMX7Vdm3lY5NoruCQ1FZ/0douUxiDQ6Wt/1HXV93/d9r7/6n37VUU8UfqVVT33X9X236vtV36066hE78j89UU/UIRJhF1mQEH0wtMEEYMtaTpjirnmFUUlxpe41nQCfBNJ12JiLCCFeUOoVzaqrcUa1hteYwt6neiw/zopXnKj6EmEVMvoDJnmfxCFldzQSnPm9K+770m6JirRsdqQ649i2gz9EA0Qb7S/6/OyC608NEqgj3s+BrovF+n61Wq1X/Xq1Wq9W674Pg1/HP1EYtoToJ1RHfk7pJIuT03CESOqVN9prQ9eMknC0o6Y61hyICFFRjGFsFPcxvhFH7jjr+9qdX2jxj4se1kZjODuUMsFPjyz8WNarKhMzk/8JQAQ4sIM6Vs3NwrTwmMezn9OxkD8sVQkQNzFMKrLyx/0Z+/PB9VzYjY09PcWnHu+56VvwaYxk+9gtVhvxNhUSoPj2EAeoFZI/daMbJrDZrH7/zRsA+Pa7d7d3++duTkNDQ0NDQ8P9cXu3//a7dwDw+2/ebDar527OR4wl9mQw9o/72ofhxPL1/Kn02Kr80dvPW/6nmN/93//P/3y0udzwCePhhpUlNYw2h4x+qdmwZ2ub//ZIer6F45KVY//H73+MfBkYfsW7DcSgqMNy3hoyJimWlCCMRIjGBfRnwvLUORWB6vpMa1ZfpT4fNJYeBY+JMY5a52lH7LquV1aRup6o66iPBCGRygopMCVdIEciWWLcMGpARQjUoiqrogorX62W0EuPg6mTTmy6xyOFgpEZrZeDdKUQ1IXhosXv9fclj7tl832ZqEAEsVZR/33ZKoR0epRAVULeSH8vYn5GSWH0lCuGdaz3XTjOSNaip8piYkm2C2zUY1BKskrePfjdldBm4NACHabxmvRThzkYL8DhqrEjM86VYu/6lTKInmfsNfpgF6ITRnFh1BpqnSE/NiOSjsnt8Ij583vPLPc5niBaUleSuGjE2wVhgNm3Vd+fgdeYWivtGmLzrcgsNCPdMfuTDsTM+7mtzHxWmjCRf7kY87jjDnxe1HXJNZzY7InCT3fpmLXZjvSoncomV/SdrBt42O9GFRZ23l+0OmwUAQRC8t5y48YOBFTf4ORVW3470GiLw9Lmn/TjmxiX8YlJNDp/JrYOBZ5AU4azmD/QN3y2fruAPxkeg3fEifvhry6N8HCxGBy5A+WHkR/52EWde4iejN/8ujm/ema8eLEeBnd3t7+93X3++UuiC3pMNDQ0NDQ0NCyEc/znP/9zcPzlm1e/+fWvnrs5HzH+1//7Z/MbYvmHTPjLum6Us8URan8EYfqntNhVUrVvKzVVca93uok/yO9TVUPDElCVS2yf7fMxPqe464s4+1jtZ/Lv2X6o5KjhrkvyuQRE7ExstqqZKZB5c8j4wpxIoBrGBAb5yGpecdh3qhTsu27V9atOpVRdj9ghJhGgJwKTUc4br8YNtt1SZCKKJ6fGd/CTwDi4WlkAgKcvd4nxsZSk5pqVamfmMwWEgt1xmd12Kj/3nSsybll+eJwmxRjG0VjNRjvWR3Khmh0jqQf7QmHovw0Cw9VqtY6FieIBQSJrWhM7aTwly4vKvp3rZJs91dXLhgRa6cxYRmP9uIaQZotqLm539dflZWZO8UA8l2bowlewYtRdeGsfgjgAON+XYIAioj66KQT7jf0RKG5Uz6LCDMKBVBQEBnCETMREUZkL4yfdOPPhff6QsV1pwGWI66bmfv1Bcr6TPk7FD0AcgaNxIjIVirEQxfo9GWK3bkhiB5ux4ULw+2/evHq52e4Of/n2++duS0NDQ0NDQ8N98Jdvv9/uDq9ebtQ3QMNDsMSiG0y5D7EYP7yGWYvx2DJ88fbz9vkL/GwKwob74f4GFCn+XXiWi1cQ1oxKMj7+f/z+BwrxyLwqrLQSYmTI9Pekv/N0QleQDdbCqIpCo30yxket1AiTCH34OLSEBqB3GUq9V0EFzaKSJ6EBXTCfknp2RPt78PWYt71oU4y/llKhJVA+HZ8TUw04oiD0Q6LirNPfDknyuIyqwaQhhCgDEZk0XGKmGzF2QIkeJMH0eDrO3AP0wbf8zSB7eeNbgLaKvIfEVh1GN5TDfPKeiojxsArFzIqaS7F2zqhgqwWl0jEPECIBGpe343mUcoCM817/VUddT13X9SvPFq68XjBMSS8J9AR758lJw1wGR6aRrcfxVC7m9dENAUX3jh/zsSdNGcy/gfyoLELeuB6wd8H2f2XCLjE9n/Q0wYnFdvYEz2rxr0yf51/TYGaELDlq4RlOyj4zECSJoI2IGGIwQQxKQeUFIURl82ta1NVD2NnjPQQbHt2v7v6KWBd1tMtT7e5X+3nhCmkxP7Anq5i6LWZ90H8ee+I8dCIcO7q+m3gCD7/YhTXMb9YpUPNAkJBWYF8bSnJSrtpBCmGe/SugQHDdAMGBeVilv/l1i3t3EXj16ur9+9u7u8N+P/zq9fVzN6ehoaGhoaHhBPz127c/vb9br7p//dPXXUcLjmiYRFMQnquqhoYlUK+GANGKkX22/Jb/i8mHE/OX1A+jfMBA9DBE9gggV/NI9LGY2ZtCDSVn4GsxSoXA1ln+YywZ7Dx5YXRXnkDpe/Ug2vUdraLXxJ76jvootoq+Dc31I4Qga0uIAVNC8kuYOejjRjRQW+doktPM0aOm/nDwujljeyx63Afug2Q6rB+FZcLfrtEBpd2zJhqzJXBSfLjMMp6/+9n8jAyrkWoa588O9UjUGRlhH+WDFqvVarVST6G9D9LZrfRHsV6tV6u1OhRd9aswC6i4EMqvP5hhUyMBrdvdtFYsofqKPjzdqJ1NzEJmmqdnda7HhYOV6X+O0GsnC4cuih28HHFSweaen7N87gs1Pj2znLTGirAImzinLCCgjroJAIM4UIlDAiQRZKMY1K/ClPZbPQRYwPnKRqjS7VU8I4t8IWqyp5wsT88OnvEC08BO4z67gZjeyvS1jbK300XbOBqeDqtV/8d/+YoIf/jx5m/fvXvu5jQ0NDQ0NDQsxd++e/fDjzdE+Md/+Wq16p+7OZ8EFtl1YSJ/uf12Kn0m+zOcqZ6W3/IfM78H88fl6LPlt/xfTD6cmL+kfhjlgwiLIAMRoIAqD8Syg54o0HP7f0J6gmyp8C42reHZBAQBRQSRAJjIu5YiIhEhJJU/kDAQRWUbIoIPKocAgJQZLc1Zs7ZYxVNRNhJA2aWN2v9JwhAq/kPyb6uMS+EHUqQIXDh5qqlCKjvIiYGypGRTAKxSweeMCvshAva48sKLZlS/RUTIL9meVEJCxy2YwUdIQuzt9ZINKg3wKSJAhCIgQkK5z1MB9IQBACAKe9mlr1+lfsKMLJJPRi0WOXhlJHPyD2IZtNLIvCuCcMdfEJSnwNgHVr1X3M3Ypar/0Rsl4gOlacKMDT8Qi3uhv+lNQESRkrMfn3HqRmslR4sVvTFjQ589tIJnJ+T88jsxpJ8dM7Hxjra2UJGODrzEBV0CHQgAHJcTidON0rQVYnZ+tQFEpMAjspcSIgAKBoejAALg/EkAzFqVUPTweF099WqOfn2Bt8DisWfEpfXAY1yvr3M021SKH7Pjm1ocrBgSl9dPDXB9vfnTH7/+P//532/ffVC/o8/dooaGhoaGhoYj+Nt37/TB/ac/fn19vXnu5nwqSPZVNWRY+yrmlti8PGJpp8UJ+y0WxxbnHefjETvwOB9OLD+Tj2eqp+W3/FG+Kggxt1GavyRbfss/Xz5cWHuyfCjL2Px7tn9Up1J0U2a9kikRtrq6QBck2iCBrGpJa+JUjzkuaZhiNYAddh1hh9iH6Go9Uk9BeoUdovcyiqB+SdMPYYdE1CESUofq2RQgSLkgNg5MGqMbS/Q710VpSJ/+xUP1fwLCwgKWOEQv+wYAABRBFuQytl9ilUiQBH10rGx4WRnN2NBMAlRz15mA5X3CzGUsxPE8DkOYpoxpbRWE2PlAlyknTCpMLkCROvRjUL12huGe10YUR26UwObEXtd1HfW9DVnY99T31FO36voYhzDMqKi8CB51/Q+NOHLRG5Y+Y6eFZPAlHD33Vp2LpkOwPEV+L4BFGCD+iCY0M3yGWwMsWgZFgDPiNLww6H2Laftj9ashUzQ9hlnldJkqCklo8KeDqYiPz4ujQdymRtdUJNGLRFrc4mhjABZ0DMIIQgheX+x9ZfvNBMACzOicDI73jofBHQa3Pwz7vTsMzjEwI3MUFAL4ZQnRPyQlMI+mNWbVrfZhHg0xysinfmC+gJj5n60FxxCaM7M2VwbGJWKin89+CY8YDxFZsHIPU5H0tOsQCLHTB3ihEUTshLqJ2ycCepaGC8Jnr67+7U9fA8Dbdx/++u3b525OQ0NDQ0NDwxz++u1bZQf/7U9ff/bq6rmb8+lgiT3ZaqHuax+GE8vX86fSY6vyR28/b/mfYr4qCEvrlUSjYMtv+efLhwtrT5YPZRmbf8/2j+qM3GAw0CjDgDFH/ZRhOAADm4iG07M1oD0WELIyd1kk/wAAIABJREFUqAIFZlYRVQi2JMGC3wM4LSOCiCzCJAJCQMohJK2SCAGqDgmcc9bKFCK0xfYklVTRGP0nhF9MD2PzXP9F7GT3Lwk5Y6cdYu2M+ejKis1oR1Qtas8CefFYbRSf+bEJ/jzTnNPo1/IKdEQjTbdvuU02DpI4aplZG4wIzKa2OMQkqCaISKdbGPT28ikI4GLl2mki4kSQmZGBhIXZoXPIjkFpWGYhYWaiMLwDNag3RYSZGRG7ri/ssCFimZ5PyKhxbfMQ8zChi/tqvvBI8ydJFxiyVWRcHGXvheU2qqeL5a3oUDNH5ScHcLXCjx2Xxg4qioE3VezBQrfnR1wCxA9gCCuJ0vBdKBhIbhbnWOGc0wPc4NNEFHwRIyFQp4uAqJRQ12usbXWxctKjDV48+88PP2ef7fwNEXoTpgeMecEKkYjzw31IX13cfcDp8Jpl9nC0m32R+OyzF//2r7/+81/++cOPN4Nzf/zDVy2UUUNDQ0NDw6XBOf7Lt9///POWCP/0x8YOnhnm7+ioIEw5ma2ssMcG4xDEkjhhv02CwJifPADhuDzgqB4clanYgc9jP8eT62n5LX9hfnOL3NDwtAj0XGTRJH2HYwN9zW5TDw+WkYWYTD/UkbCwsDkoipNARElEREFNe1eEgAQqzIfkkg1AQIiMAJFUt5V2IZCRdlVbCCWROS5Qpj8KJLNvyXKWN8u/JNR4PsPILtDoHPk+OLFNDRMx5v5krfZE7TLSZqIhNf4QxuyCpZqqd9mTTxiap8X0k5DAuwZFAnUTysyAAur/kxDZOxsN8Rih0FbGvkVEZo6suT81MxMJsTJ9Lp6dUJgFkZkRhZl88DFA8gHLIAg7YlyyTKuhFCdRF3y8pYYVrP/R3h6x76bfyi4Vm0Lw77eWos5pw0g/15nC8emmyoiAja65nBqJl6iNmT/kaIWXQ24V9/oXjHLuP9INSgua9ny+vnlv254i9KpBYXHM7PhwGA6Hw35/2O/3h8NhGIZhcIfDYRicMPer1Wa9vrraXG02q1W3WvWrFfWrEJY3etoGHD/AlwyDsBxNOmk9V4/Nz45PeLdOXI5OXJdKxLW9WIpnyo+fhkdOUXeqgPm3eRjiwATGyIL6J6Au+74BcW+N1v4J3+yPHJ+9uvr3f/31X/76/c8/b//j//vHH/7w5fWL9XM3qqGhoaGhocHj9m7/7bdvt7vDetX98V++ap5FGxoaPl40grCh4UkhGuiMOIT1i0Kb6JaTI38QZIaBS/DmRimIRRHPBEW3hBkjAsLAyGgJCQ3hhogiLMKI6i1NBWfsXaGqaQlVgwYipId3facMIgZyMJwLvJIQ0LIXJZNREyoRkS0fv3pse/q8XW+h3bCkRixXWKN4Y4i4qmmyQqEFIZyxMIZvay2JHu8iu1Zqx/KWqPVwPmRY1axp6Z9IOo0xL04qTmFFgWwvVb8iz8EhA3XEjhFRlJdGAgeIQARxfGrHqaov9raqgrquQ0JLH7KIOOcj9RE650OGAhCKMIIggzf6i05dPZ334Yqe/LOhOhGx6zpErV49xEbaIpPixclb6Q3TAzq7RmycFGWU6IckJ/VaUn+vw7AqdKyxLVFKOub2LOU5dVsBQDh8m0sJq3c/28qUnOLlFfo7VQ6Yqa6IbX56jjCq004lA54YS2iqexQI8uKJAmHMVenw/JCH3jVM7AjYkRD3CAB10HWEna4Sw8DDMDjnttvtzc3thw+3Hz7c3N3dbrfb/X6/2+0Ph0FENpvN1dXVy5cvX3/26tWrl9cvr66vNy9gvV6vEBFVq9X1uqOmmMhxwfFRVGc6MO+BovFTMzGv88iQm9cBz+QsRHX8L1k9ngDV1UNxlLqu6+mnz7KwcPVEYa9EqjCvAcMgD+y0BsYMLieYQUIR8buBMEj9daReboTUBsX19eb/+vff/PXbtx9udv/7P/7+h2/evHnz6rkb1dDQ0NDQ0ADv3n349rt3APDq5eZf/vDlatWs6w0NDR8xzBKGRmjS0i39S0tbgcGS/PvWGbwlCqBAh0FtkAxSKcxayBEWNbeLMSlacZIqrgqTdFZn8qUWGRHxisCR2EkAp1wIersSSUwXpWjaJJlkT6bxhaHzXDb0exi+n9I6dj+7/BKe41g3LlIJigiHGJbVqsYW3qliRZmqcLBSDAyHbL+CxCxHMWocS8wclDukelkd8+oRN1rklY3280IwXqkS8B2ArweIiDrqXOeYGYK3QaaBGdXTIAYPwcrsY4qmySJcXNSMNvTUYT/f8zq7MTn6LU3zoRjP3CA7VMoNB/dqfM1QXs+fKm/ONUcwXIhkMLbh6A6ATxYh9uwIfjPBIpH0ecFiHsj+mdgRCcvhcDjsh8NhYObdbvf+p/dv3777/u27d+9+ePfuhx9/+nG72w4HZhEi2mw2LzZXL19e/+r166++evP1r7/88ssvPv/8tQD0q44IkFGGgbCjfPahlyAvne92MKur8Jgf0w/pw5l9BmfBQgLyGXGU6qver+pb1pL6H456l/pPbYSll8NTyhQNc0CUIdSU1n3epjacEatV/+//9pu/fffu7bsP33737uZ2983vvmjuRhsaGhoaGp4LzvF3//XDDz/eAMCXb179/ps3z92iTxeFrTWzr8Yy2Z7QSTvtlF33ZHvvgnO1dEt/hOk+bci3m/NbuqUfLQ0X0IZKGk7MX3JdUMmP4dSEnAggdJEP9GyZHpO5zE7hiKpuOTMphgqDwu8qLLSKFgPQaGrMhIhE6VK04PhEugGdKInYAuEHCEIokZUo/J0GKSSCAFK6kOLzLNa0e1TyPCZLsS4Yy6+qaUuQAIQQQkFdYP165gcjSBpY9jxlV3lLIYoJP3lSlxbXU3UoOjm0bAIg46gRUKxHOC97IEQmUL+jRBSOFGBgYM8W+nCCXPgX9WRh8Fnqu1PDFwqDCBEyIREwIzsAVv6vQ8ZyChASUdcRERJBcIzqZ26M05kLg1Kf5EogX2Z0yBym3Ir636W4m7BgzB9xOTdlGTfq0pCfF4htmD5/MXqnvgUTRFNmRtdzYZbjvBQi81FRv8BK9FXz5THG5R7QGoM3Yb8lIOj1kRk03qAI6+6I29vb79++/etfvv0///nnH3748cef3n+4uRFh6vqOet04sOq79Wr14urq7//47Jt3v/nm97/73e9+8/kXr1++vL56selWJE6wE3iwjPWIF9Bz9VJYddOsPU+9xUlKXu1ZcBKZt3wFnhjtD73S7P0v1ho/JLkYlSBrh7DxCyTKxuOynN3n8D6BR5b7hsvA77958+LF+m/fvfvhx5sPH7a/++3nn3/+8rkb1dDQ0NDQ8IvDjz/e/NfffzwMDhF+/82bN180Zf9jorC7orXBZqaH4zZbPDF/Mo0nlm/plv440r39m7ClW/oJ0nJi+Y8lPXVd4/yg4BMBwWA9TE6gGABB2RAiCk4Ou5IILOg3r2YypyaEaPjLrdKRo0TEKKxiFvXNKODVRWN+SM3x1CGzFyAq64igThm9ZKRgB1MaIEZoKkxv52IHT8Xj2Ogz9dWUNXz+xHE86D0dsSCxBlHz3qj3MD8JpkrnaL80TlJWXX92Qr/NKtWysyQqC72NMztEfNxBRPFH6AwBVvqQARCARASEJG2uFxA78iHy9CI2BmEiHgVBOLz6aSBoJiXBAYQoxDbkOHSJsOu6rlOuHUl9jRp2kIisB9EQpzDvBfF9i11lakyKevN8TxovwHh2x8SYxyoWhCmR8bGYXp4ZlcqIPQLjXBdHmXOa1MvBL4odtFtryvwFd/7hXaQTwe+MAQDhIMfXHSxERAgozM65oM+Tw2H//v1P//j7P/7zP//8H//7P25v73aHw+Bc33frNSGyMDhmdm632/380/t3795++Pn9zc2H3W77u/1vv/76K6Tuijry9AwUS59p3slXV0zMsz2/pLZTRWt+2EPZNvJCBvypzTi6TB0p8LAOrLUWbSLOpbhNCHTHljqkR4AyhGEoBul1LJzsIS1teCK8+eLVy+vNd//1w88ftn/59u2PP93+5je/enHVohI2NDQ0NDQ8Be62+3/846f3P99pnOBvfvfFZrN67kZ9+rgQe29Lt/Qnn25ekhsanhTe1ae3ygmIWHZHJAQ4ExCQ6N4qGsGPcIQmP37rHFsBovFUlh1CRGqMYs+VSAxQVxjzSZ04AqqpFyHzUkpINiOdJjo9NIUvxGj4ENS4Lt+BMeM021uI3WU9ah41REZjPCJWDfAIhLlwbaqqqbF0wiXU6lxY0sbmTOEq86OJiIUJQMcyEWnEOx1/wEBEzKyuREOPzrGD/maFe+bjDTIgSozWiYjUkSptA+Hg4lddhxrUEPV/Lyj0pKBNIGZE0XjyLuxAa3YfcYR+EUk8XK5rtre0StbOTMxCtzduZPXYcebCuV8Ui/TnlMfaqZxLgJVyfgJL31HM8sQVPN5dM6F8QQR0QnbUAaJj1mciCx8Oh5ubm7dv3/7tu7/99a9/+f77fxJ1q/X6xdVmtV51/QqpU3Vv13XDfrjZfbi9/XB3e3N7+2G3u0OQ9Xq13qyp716s117JPD3yj15v0YGjaX7POVVpycPqOXqKCxnt880Yb3qYv0FLCo/Ffyc1Kb08pCfh6EEA6vPBv2HZbaACyCFtHQzE1zB1kL2Qs2+4EGw2q3/711+/fffz3//x0/uf797/fPflm1dff/V6vW5/0Tc0NDQ0NDwW9vvhn9+/f/vuAwB0Hf32N7/68s1nz92ohoaGhnOi/TnR0PCkiASZBDMxM1OI1qQEBwb/otaazCIaB61TikLtP8BWXGh5xBRobUQoGlKBAAQ9V4mCCMAqsOBgwVabU1LvR6ZPTJ0ACEiAlBEehg0Eo6nyAjEEMP67g3NLgNGW9/PfgkTH3q+GpLU6/ZD5Mok6EjUNIojwNJenBkRGwRRJyDoPo5AjQWSAxmgZqMS6lRjG7ODZvTjWhaqRHPUeclF8+9NgBSEAxtgSQtVSIiMQIKPlCCcJQlUfoo52QYCOyJ8FkBjRESIDEAARszJvsQIUAmEd38oZQOAHO/L0oL+iQLdH4WCcJdElaVARQ5w8VeJwnl0w3/oBIXE4JMJaTIzHGYhVChZ+Shfe2aCXXnREPG11BTACR5i6/ItCVS72vEzJFKe7pORHBwxUOWQ3wic8Va/fdt0wDG5wu93u9vb2559++undu/c//UAIq1V/dbXeXF31qxX1vRfJ6+Lshr5D6Gm3vfvvv+/csH/92avXr1+/ePECEdddT2hWZdswRLMglMh7XuxeH8srL2EHq14N4i6IqX57JHawSr9d2jCrvi/NHzJTYObaimV8ph+SDwHQNybKv4WgiPWjGQQZwz2XyBV6BhEBwpuafxsVIMQZd+cNF4ov33z2q1+9/O///un7tz+/fffh7bsPX7559eWbz66umo6hoaGhoaHhnNhuD2/f/azUIAB89eVnv/71r/oWCbihoeGTQx9FQhidg7V0Sx9Pw72PhbO2B8b58KA2Q7XOBf0QVTrz12s8OgUdiaCwQPA+6I1pUBoQI0Vjje+RhAtforVqhc/65K9Z63yIQAGhOmEUTJYCgIKJWYpNTfRHEkiFNsQyE8vRpVv8C5zXoJasqErcKUVmB1Ze0kCDenkLX5VyG5cvs2pkxhLXoPdDVXuRTUAjlYh0FhZDhAgkqAhDPZEXtJ+Cov4Fo10+hiSEsIiwynn9rAQWxq6TMIQJOxEWlnCMUvYCzBD8iBIhJAWhigVL+3IuoLXTJF5B9du4LpXTuWp895R9ooptAoOPfisbiSqTukSverPG+bXyUpjCi5bHo7NGToyykbP0B+HhGwXmKz87m/5ATCk7Z0joB2Ji/RGY6JkpzuwhDRARZBaModr8nCYiGwVWgxNqk5h5t9ve3d64YeiIhFeEsF51Xd+rgNg55w4DsCNkAgDm7X739p///Ntf//rFF1989vqz6+vrYRgIu65LD+glbNNIL1su48Usu69kcO6ok27BPXTAz0jtH9VG36PCuW8nOvroHQyZ9olXhgkMK39aw/XVNzkg0Fz/yhY2iyCpE1LlCwUovHFczkLVsBR9R9/87os3X7z65/fvf/jxRmnC15+9ePPFy9evr5+7dQ0NDQ0NDR893r+/fffDjToUBYAvPn/59Vev216cp0TNTgsPsUWfloYZ2/LR9BO2s6Vb+kzpPmxLBbNFtaVb+mha7n2snLU9Ms6XB7UZ7tsPIvX6i+v13J+39xge0QT3ito9qwgEQy3ANHI6ob5LPdorfezBdHR0NiWAQFAYKwMl6Q8OFG1iFCiJn0xTCrajaO3ZjcIXgpPotNxiCASFJzG1YyfGsDh6VFulOeNfk74ES+rNtmqGKJq6vPvdTjMYJL38eTumH3hlzaieU1Ed4xIhc/wM7ODIm6hG9/TUo6f8JDDzyhAEb6yEgkhIjCDCwqxEomoYwfsPVOkiEgISIhFCYgfj2A8/FcQ+w9Ecn5kaVktUTK5Ag6aai18BhBnyDLUSAwACQaTp0AiO/avDtGfRnGbmolhxc4svw1Kq1PBY9ngCZtnxCs7IfH8COFtXINbvHi68rWfWsYXhjBBc/sZ1gZmdc8IMIh1RR4QIzG4YDgjQr2jYrEBWuiwwCzvnDsMw7IUH5w4gzG64udn//e9//+03v/vt737LzIfDoSMg6iz/v6idR8rE5Mmz4+xD/KShciFP+fl9D8Wvj9Hmo52WCoj6cM9pwnR4/oagbuGD4jDsLNLXTIxrswaMFkwP/Tg52gr4keLqavUvf/jy669eq7hBnY6u+u5Xv7p+/frFq5dXz93AhoaGhoaGjwwfbrbv39/99NPtYXCa02T6z4WanbbMf8Q0PKSeJ2xnS7f0mdJ94MbbZ/t8ok+44Np0VtyvzqmjinwWFkYkio4eg/ky2mc4tcHwBFPcoJo49cvCO5leEI78BFoaEonUQmroQwpEQXkqZUQIlAlRm74IBO+OgkH6lnjKccMtZWi5Ddv5D8FyxvFZiAGrggpZ41JGaBoUa4j1gEYikMvKku9W8cpODHxboJTKe1tQb2IpFjt4wIxJqLrPmzhB5QpH1zLyrQfxTjKAJG2bLeRPRQTMAoBEwIxEnhLTgS0sQhlBaEyoniVA474PEZGRmYEE9T9EAcdMwsDsCKKPX/GtU89tGoMTkZAwONzV+IPhpyAO4zRJk4Iony8jU/X4jkzIUOJsA5WMhHud97YnO4OyEAFYqi5IT5wvUyU5NANje5KU0x9YmcI5wdnwEWBiHU4y2CV+Mh8Oo8eyj1L/+HXOuWHQH2GHIKu+e3G1eXG12e92h8OOttivu9Wqc8DD4JxzHSIIsHPDYb/b3qmv4sNh/9OPP/78/qft9o4dD8Pgeuo7BOrGW3YWA+NPpDPjRSyv7Nm5n5nl63kbszDn6BvF5LXkF77kWLMy+y3L6XEq5U3Xl4PwuE83OrgUIMAujJ90AMZ3hLAMS31fUcNHg6ur1e+/efOb33z+ww8ffvzx5m57+P7tz9+//bnv6NWrq1cvr66vN82s2dDQ0NDQMIXt9nB7u/tws/3wYTs4b457cbX6/POXX3zxqjkUfS6cxU7bPttn+1z42VuTW/tsn0/wKRdcW8QZW1LkC4uIEgxBpYQM0CUrJqlzScTwP2hgQPY0njWuiQgih/Mk0sKHXkq+KjE4X40OQgEBGVibp+ZS9uSVehkFMOHAQuw19K4vfQUS9CClWsh3Y64d9OlJWulsmLc8XoKUQWbYNQQGZWFBADiMIcYkDatU54dXuPdhOAd3Y5OXXOuNLG9MVqWaDYH9cDXJjNW4al82+aKiPWbW6GLM3ljqMwmAQflCW1uUFUJwQar5ehQzq7YIAJBAgBBBkIk6MlNTZRsiAMiEGHhB/9l1PhghEXZdyQ6C3ijCaN5F0gl5vLvSXTD9H0uq41WlhHNmlf2lg+1nFOHQ/z6qIhAICEWq0P6C5uhE82sbfBOE44qUriJnx+sDBouWmaFlOULL8j4cZ98r0CSJ3m3vGPhwLiKOEZwaRaEJNgQmIgKGLTLj1YaZh2Fg5hcvXnz99dd/+MMfRP76/v3Pd3e3TpyIIBGzc84pOyjM4ngYDs5/OupIBA77w93d3Xq98muIUJTeFr4ljz6JbDul2MHwrBzbPWCn2JTb4SrsS8ikaP0BrRo3o3j+QbGQZY0TMMpoffhKeLXTtykx32Gg7sKamu0YYjEyakm6+XQ2yMZP8CiA/lkWV2ogSW3xcQgxcoQoGnHaHicwofdt+KjQd/T1V6+//ur17e3u/fu79z/fbXeHH3+6/fGnWwDoOnxxtd5sVpv1ar3u+lXfd9R1VOxJamhoaGho+FShzrOc48HxcBj2e7fbH3a7w91271x6E7rarF5/9uL16xfX15tnbW/Deey07bN9ts+Fn320XJhPdezW8lv+TD7cux5INZxyXqjnw7g8TNUDM/XEtBp1xvlZeYj1pH6IJr/a9eZtDpu3RVDfU8h7JwRALyYykgcAL0xCT0eMDIVeuwc+0BKCN6ahFvFVeXYQg15RREi89Yi8XAuCLsHL1RjCVajxCdFYrCSeSgCjn9REiNaVUj5AoT8yFIUYmCo3Uy2XA06h5LRs5UqcpVOWwc8WCOGOnDrI1JJFUAKLW4rYQo4PPgjsQ2SheMseBjNfDDfof1KFmE4NJkMYQgUVeDJZBwl4E2ZFQVi5wHBWTE78QsNm71rVQJzJFjG7MVERCWGsSqDEY09aoSoRRL+hiCTsFYKAJCE3rgZqwsecc0JCdGE3jXCcMhKWEZ2mCJ3hITT6ICkLHhwZqnyQiPReqcxQ5YTqljTMDkSkGH/SG5OtAbnepWHgYPSurLNLOK485V3D4FbO+iscU78Cgon5pygW9nPG8zwoYPjnZMwH33VpKNrJZ9wYyHhYllxK5SgzuSbIhjEbUY6xc5MrT8zWnLQ2Hm3bVO/dH7O7EpadYubq9AFiCZSpjQUogZURASJSi7iELGFxh4EdexfCLJur68+/ePP1r3+z3e0A8cOHm8NhuLm5RQQWZsequQcREnDOucE554hos7lardak+uUwjJmdzvjEnQvYAbwQBcGWM1t2hKdfE7ef/59w7Ak31cLxul2swDHa63xVRWZFVo7pE2Z21UQHyeNhYA+RcgGx72y+tHWdjWakVU8KqI8q35Gx/WkPiqkHOaxhZci/4BA0LZKCUTmKMQpv+aoS3+XiG0X2f4h84r9Kt8Zr7yNT+aDXnIZLxPX15vp689vffr7bHT7cbG9udre3u/3BfbjZfbjZPXfrGhoaGhoaLg7rVXd9vXn5cvPq5dVm0zT3l4LsXd3baUfWY292eAS7t7f63q+e8bcXZc9v+S2/kt9bK0P0dTbKafktv8iXe9cjqYZTziv1fBmXl6l6ZKae5NRuIj8rD/bbcF25zS6/3nSsRC5GEASEBTQaGjAAiQhAl56IWhIRkZRaSK5BE68QaCLUbeGeSCLf0GQDQrNtHQLjoclwnd7oH3ecd0Zx7AsilHY99JvTJdqmMHVgXUSYQzNKdu6+GFv/Y07NJhsv+tFcbKkpzjB49kSlJiByLyk/RIVMrQ08R+SDMMgUrEEyHW+sh2MohSPh/oOna5ddWarXnrHKW1SNxXWSgxBzS7demhJnVvtG8epwoiqdgxhodeboeDMy7ToirevRMGdI50FkD0VYiJhFdbQUDfCBzgo78REElBYMH5YFjOwgQcgEQgw1CiYz+Mh+XfS0Do3IIKavGQRGAz4Zwed1V2YUxrJReAggdgSzX8vMCcSvSeFlvWb3j8Sh2KwkFSqVX7VrN9QsjHopFZi50jPiqGr56cVeYw51eXvO0+DKdDwHbLhKI2UtRrU+n8MvwrpBIMAPHhZ2PByG4XAYDoMbHDtZrdavXr3+8suv9ocDIFH/9ucPH1xgAlXHz8wIQIjCzI4Rcb1ZX798+eLFi1W/6pDIL6c6QlmEwv6bxGcv6eGpZW3avbCd75AeN1Vl9tHTz2JmgC3EvJSwYAdhco+Lz69oU8sD8sUz41zBL8VhM1X9aepLZxVKeIMC84YXB2TYtqHCPsilesosSmAi01Nc4wQmn6JmyCfNoYAAMoDZ3xJZUlTDhKGA03NawL+x6VVizG345LDZrDab1ZdvPgOAYXB328Nud9jvh/1+UM/Kzvsmee6GNjQ0NDQ0PD4QgYg6wr7v+r5br/v1ut9sVi+uVn3fLaig4alh7at2P15mdx2VPJvdGx5Sz/jbR2tny2/5Z8rvc34bEK1Rr+W3/PPnw/3qgXo+jMvDfeqJn4oj7amly6MmrjcohowCQkA06Jf6PyTC9JDzdMjYw5h5bgb2B+O3gFa9Eaz2gkA2ZI1+CYjRqIRIAqxuTiG6u/IG/sjsSooiBqAsDRPUA+Q9A8YW1ZOkNudtSUzXzcHqp3VE5EhQYWEoZo13aJUh6SZgYCJLi23kz2xjplp7UkctP6QoUz3EZha86Vhooj2mLkOrDYu12bQqh5KBVbfKGFN7YF7DaEdEf4hTplBncXQVSkHQ6Z36RkkvMwJSR8GBF/iJOYpBCMVYjRsIpjuqer151yXDfdarYSsczJqDVV2imw1stWZRCX0LSmdi0BFi0EerZdrzr1WdkO/q8B1KJjlDa3OvXaZ9m1nOTywf3rHmauPLCXusAY/BDs7M4qPnHedP7J84fwvnmzFbuqgNfeak30nSh1taPgUEVVyfJohzzjm33++32912ux8Gh4gvXrz44os3Dhg76ter/u3bDx8+bLcuPoidcyBCiCJCROvN5rNfvf78889fvXq1udp03XlMDMXOvmLJteRWMZ9P8uG5pBn216Pj5CyjqCoWNITvskqsDL22mIRMlW+bQRXO5TffFCgGnYD4w02z/TafkA8owkEUHr7GGCcYADC4FY3CRYp/qsVLSD4aBESQ/VstBsW8f4tFAIa0gIswBGenYfCkt4LjvKN8AAAgAElEQVT4LrqoTxs+WvR999mr7rNXV8/dkIaGhoaGhoaGRTjZTnve/HLT82XZ1Vt+yz97fh8Nl+kTRjktv+WfL1/uV4/U82VcXu5Tz8gQM9ueWlomzltcrxplxDs4MzaraMryhBwCaDiyaG7TnBijzDIMhKByJvGSQvSqHq1fgvnen0oNjv7c0e7vDZGorgoRyXtl9EfFlqL302ga7f2GAgFp9DV4Vjy9WKc4e/X0hrKKRcsCp7U83eysw0uSAIPp0LbEkI5TPN9YmzVOHGVkj3KBFYhQMMCqP9DUYZgZx5XwG9OE3oVgaLxNM2uwPV8JReGgoYPU1yARSSDn7aWJ+g/MGKrgqDUKZImij9FcQ+tVg0lTGOqInz4xovjHfZvJ7IL/TxUQi7cbY+bZU5eIKMAy1WbeSCWNjoKQGN84dYnqT6SeUb04pU5CVgZ5kMMmwmNiXOQHVTZMVKVyD18Q5h0hPtdqc/TSwlA/Ajupz9i8CTexD0BcBu4VxRbz1VKFxRp3cL/fb7fb7XZ7OByGYTgcDrvdDgBeXF29efOm7/vr6+v379/f3Nxst3e73f5w2A/DIMyESESbzebVq1dfffXVN7//3Zsvv7i+ftH1ZCd4xEmkcnGg7c9RYlLG9/BbUOWSi5wne+KfGoMwrmoCJF5B5xesUKNfbK1Oz55QY7FWarZJRMm3U4SlWfdOiFkNleGLzgLAv8vpudKGE4CoN/TnSGSwMEStO3t3peEJHyr0bUcBZPH0YTiJvjOKeAf6qtjHFoOwoaGhoaGhoaHhsnCynfa8+fDI9bf8ln9h+X3QUgTqsKVbelEaFpWXSn5yqXT8XKYM1PNlfKxMtlnKeqbqhFo+GOdOsR4w1wWj6/XHhv3iXl2jikFgQZK4oTtollA0XJq/OP0KAiGnyE1RYPPNv54RDHShWqdyR8MQaveUiUbfEW8zA5hwbhbzc5KziDz37DShxfNShhGGqUqZGMMnnVobpBFl66+f1QKzbyr8yrTmcqF1uCCT5hmIsSdMnWMSp1dotlo5i3qmaMLYDEsTqnfBSNPmXuaCFR4p+nEVTqZjKzHMlWRJZlI41I1Ege8ETxx6ghBMyQyhbUdvQUrrcptzBbn0FBAzTY2t/YH6kXBeyLYhQFoax2MgrCHZ0L2oRWMGYy3jEh7l8dowU8bSzwtppLPchTPLB+8HP53Bj3ZlB+Pqx8LMzCwgh8Nhu93e3XmO0DlHHV29eIGERLRarV68eKEk4t3d3d3d7TAMINIRrdfrly9fvn79+s2bN7/97W9fv3692Wz6vvfK4ZpL7Xvj3hLPh3T18pOeuhdkXuYY3Hw+CFj8G/8AKlo4fX0TLDeGAQVFdFV/VPyMskHD8IF54kuK7my2DgkIAOvbmISMQC0Kx01mIb5mClmslZC/cSgCkSAUiDvKMGi8wUokL+IdqaGhoaGhoaGhoUEhxr6K3vbrv0l2V6zZeLFui7Zpb4WbKQMztuWj6VE7W7qlLz7dR+c2kP5ybumWPpqWB9cjp5WRU4+daLMcOZdfzivnglRe8jrBP7AAK3Umy3uwIwuAMAsyAKCPQGjd94GIGDeSaHfNB6lesqnlgf1iJXraCpVYCL+CoFiCZhG8rT9IgbwpKTuWdPd51tr8Esa4NNN/EqWd305d8DLjE4U+DrZXvd0neUpMHufQW/pg4vAxO5i5msyHn/E5Vjb+JPsvmjNncsWyOZ5eyYYZlI43y4priO5DLVk4DvqVSMAwtX2ssKy1DCqT9W+cvg4rRqSshRjc7oZ8NcYSKh/pvZUigpcVmpCE0ekwpE+cvpu+EydUmxJoz8gDTqkP5+jhBaeb0owGujRkxxuJmfu71OD8jmZDceb6p3Euom5MAY7TFs8SZXAhivYvcYh6acv16UCv0k/8vj43/TOUmQfn3OCYGViGYdhutzc3N7vd7jAcELDrO0Douv7q6goRN5uNag3v7u5ub2+ZHQD0RC9eXH/22avXr1+/fv36iy++uL6+Xq/XXdcReYbwvM++/PY9EQP9SGO72KhUVSefyhGWTZ1dtSoSz3ynhJjPOsTHeU51hu1c+sTgKIxGq6m2TsIlyrDDi4Hu0wIWwaALjI6srcN5Fksceg/YImFrF/pD2T7bUP3uoh6uzyig2Ve3hoaGhoaGhoaGhucA5vbVZEqAcf7Ixpv9IVa3FeO8Ddlb6U6wOWNK5+3E48eedF0Xwwu09CeV7qXifDTYGVt+y5/Mh3vXI6aGY+WzPSPVfBmftwxyGOsHKeux5wV7dbV8SOeNCkLTD5mCMG9noOSTtdxHNQPwjj0FhAERkCJNJF7oBOodi4KFKSJ6HPU/5nHkd6UrGYrJvSRmx0fznL8gb+A3fJPajQobXfBACl7VmEIfTpjR571NPjaqVIpPPM4Z45tLVeklklO+8ahTdIRFzRyur6JlsDWbbohWS4jyhAkyqepWdMxS5+1jr1AwUtNy/IWi8aLLYRZqzu+gwIjyqfIf6l9xbONGRGFhYT1MkjxYg4GyoCAQ+bVKzbLeg1uspMtN/yKgt8A72EVkp6E8gyAwvMYFbjAWTFFJQz4iUuAbKxdY3sE8J8nysF7GtFnKo7K7UjcZZ2Mg1pafRczCOLadg5khXi0NScWCtpJ8hi537GmJz4cTG5gY22zsVfiMxS18PMy0yk6B+O1UIx/Oqh51MXpedZ1WGU8e1YPKqejjGwM94uMIDm44DMP+cDgcDvu9Ohq9vb253W5ZpO87Iuy6DhH7vieidcDLly+DS218+fLlq89evXx5rViv17lj4blLtPs8its0vlP29hXrYSxwlk6cWjTGq+5ZJtfxMieexNbJtczaMxrDkzB2KfmNI4JcXwr9YXYLSXoOBy1fdO1pw62iumL2O2e84M8vg36/UAxt64WEuuNFADhIBkGQ2S+SAiCcwukCAHueEByzJLMGBi5SmDXwNXQUt5Kc1s8NDQ0NDQ0NDQ0NjwprJcaxZTXYZn2wkhPt0uNvy5xg9b2X3XvUzsuy57f8ll/JDwrC0WfLb/mz+fLgemRBeUn5MpE/rl+mziujeirtkbL+2E5I5aH8FtNTpGynkSxqSQ34gsq06f7wYM8HZibsfHkfVwymPIo+BIZ3yWlLnx6pzkwZwxCknpk6yxEm6ReAKk04ptwyxdIC5cTYOBuZ4Ht38nLlUMVR7bFGzkjZykOCCb9KM0h42xrLQTKFXx6GMCtAQEBFX+mv/igUAWS0eg2wKSX6zHlDG8KYJyIAJEKkMP4jB2jIA2UHk8rQrEjzt2GO10Eo6NWjx86QXlP3OmpC67dS4nKC5QG1EyUS2rQmmd3DZDnaMdW59kCMCbYLwdEOmScsz34tYwLp2Vd75fXFTK7ocJiZhXkYht12e3t7u91u9/v94XDY7w8fbm52ux0zA8j19YvNZtN1Xbyo9Xq9Wq2UzO+pu76+Vp+ikRcMwkFBQKJy0QvL17ipsrDHlvfqPW7xzCFVgnnm2JMY+kcaKqf2VVzIdXcX2+1VvlyssMKFF7dWt8lMb9Lwto78IEwVBlm9CIOP7MoxKq6weBYQUFg5QvGaw7AZjgGYmZH0kahPHEE2EQtRA5WWrWhoaGhoaGhoaGh4boytvtayGn+5t126Vn+95oX140w7H2o/b/kt/9HzTQzC9tk+T/iERSVro0tOqMGUkXq+jI+SydrKGITFudI2D6jlQ6ohncW2BEY1+5xgIBIAzwr473y4QWUiggUHBEcm9/B8QYjtq0rFoJDcoLdjxT0svhxmxsrcATdiFtYuLR8hnTbLh60HGE8vUkQivCg8kX0/WBpjh4zOWu8f6+vyuGzC1JvxIqBqU4xfzXCN4VZizgOlbwsis2A0s71XE5dnybklPHEIwJeub8yhKt02ZWoHACQSYRRPCaYGBzcRjOzf32KvBfpQra5AQkkDIhJDEkYRTzkvQlMRAZA6iHQExNmCGnrQG2qtdhBSccSRJq9616Zy/PIlvtPBNtIOxfyr4ltNS4yAZTlC3btnS/r7lC0xcRr4k1iBzXhChBWtcHULYdQt7Iejxe6xNJ109qdc+h6VsLwYL6O1OX5cax1mozIlWkdQ7urVOefc4NwwqOPQ3W63vbu7vb25vb057PfDMDA7Zgcg+/1eOb++7/u+V7LQOdcRrboeAJidc46Z4+1QijAuEtVdICd0QY3ZfYybs2QzgcWlUebLMaLz4qPU7+iSoMCTYvj5sZcyJSj6tML48IoUXInkazSWj898Ae8mNDy2BNQXKERSDzRHlCAUUKcPqKJ4YVE60UcxBHDsHzQQKECJa61fblmF64/Rzw0NDQ0NDQ0NDQ33hmUrggM3/02yu2LNAoxTVt/0GfxsTZep1rz0c9TO9tk+L/4zj0HYPtvn0k95khqmytzv7ALjGISjOqPMcHQuSOUlepE2JZPBPTvWHI8AvnZPHIqI2qBiveMT1hFPMWqbXqHJlvQlTrBF8WKmZGElLeTLRzuT5VouFU9nyrSdnJsTIwM3bssJxtZ4n4vThmEYR6Iku2VsTEUCMgqBmRpc9z+Zc35LuISxD73Z60OA+BKYNzU7F9raCr0aCoGI+pjLzigA6JWCaf4EUlwFGzYmVKEfzNqpfL6XHmLsWOMsFG1hAB+CUFeaKjtoeiC7UzM9ZhnQFC8xkf05PWYJ3UJDafYdIFHc3YC254P/AY6tTYMtLRRi3t6DxTxdUVbS3st8KEptUOXBDkc3d7pzisPvgZPG+dOsNmcx69tKztvso/TS0QrC56jkguv2pAh4pRQCEnWBIGTnycFhcO5wOOx2u9u725ubDzc3N/vBcdgToNyhaov7vl+v132vpCD3Xaf7enw8wr53zukUVN+k5HmXB3XpRB8+JzE33upRkbOfMguelp2yy071ZcvvpqpIAm0FgoG/g/ictwtg2CJU1CD2H7N0+1+FzU6UsEiz0n7+AaT6V2HxbkJD6EEUfaVkZQlFAFiQRf3qJmWhfzwgARIiCDAKjoSMDQ0NDQ0NDQ0NDc+Mgq0wNsc8H8scU7zMsWUq8QWLT8xrGH1btiSlYb7kkk+s5jcGp30+2qdREFqOvaVb+kgaFpWXSr7X/CEsOFeuyavly/hYmWxzqSCcOJdkbTOESXDcZNoD5rpgdL1GQWjS0X9U1BKi8UDoo53NWs2m7W4YdINc/xrT9vXKoVFZaCPDpYeZr8FwhInTOCp7+gViucZozGAdRXGb5k8drIJTDfXc8PGz5nRUNTBVtfBU5UfK519LQDTCMldEjQBAcQJgytfog/bUySYqqLObmUnjjaKf74gowiI4NnkrDRhDncX2RoKwer1eQ2yuNKMGjYKwWsP4zuYEYfZ1wWlVXdpOcMCsfXNcrDXNzYXP+q23x1ldsg+pdZ/V7/4lx0iGftNRj33Sk1Alj8dyySWrkNUHn7H9zylLEkQkJGQWyeW5nkRxPAyDBh/c7Xbb7XZ7d3d7e3t7e3tgVQOyRiKNnoEPh8Pd3R0RdV2nWsJhfxiGYbNZC8h6vXbOMTtEIKLVqqeue2AHWNXyc/XnvOPQmrwbqyWn8GQXNZJZl2dPBSKdBoDTD+O4D6iivCz+2krFxlM1PkGUIMTipnsRIXN4+oGAMItjcaxOKAACTaiFfFlAFhIBJACk+K2AqB9cIgACESExL6MNDQ0NDQ0NDQ0NlwEx9lX0tl//TbK7Ys3Gi3VbtE1bJ2r1MjBjWz6aHrWzpVv64tO5grClW3ppWh5cj5xWRk49dqLNcuRcfjmvnAtSean1QxGDMBybDOSFKYqFAQCBBJkZidQMhNgBADsG4N5bGIXZIZMQWXtcMF6rVolC1ZHsMZcZT6r/hp9QRE+CqP8HT4zxmr29K+RE5RB411Rs82PQtcxlomnDqQbBh5tHT3VRWNXMWdN5kbZEggafi7Y/CEIDFBSMN4Aj6aDFJIYTAsHj3kUrEsBYGaYlPlkwrfPSMMwwNR4CfS6ZVXfsVrTaLUWTLFVs5XH2qKrPUlMJ1lVuo2ZoXyX+L1waghCCRm4CMx2C87Zw0qj1DFOZkLx2A+2NpuLMhaPRECoUYgfG+Wj7GUPQQQQQTBHLbO9F/4EUfCHGeqpMlYS5GO9/QS4ukdBVphiDoL40p1tjXtBDVTAxWtDfLLOOYBpuAOC1naBlo7I5GdaPEQtVprO8iomjxpLTam3z5PclYJ68XCisHF9puNgjzOKof4pT1Hv4aDvNfUx5mlFtT7qb3pci2BBrRL0wAyTOXleJYVB+8KAxCG9vb29ubm5vb+/u7tiw7GSeuehjufEw8DDwquu47zQa6XqzZmYiXK2iG1KMk2DUvXFtE7s+jMew5HN5ho2v9uRCVCfOzGxaUqw6qMaYGh6p2ryOck9MOGzKjXZ8k1FX6KZNocPt8WhVdPGxPsB4cIOPIW1bFfaXZaVyDfw4nm7qqhgvM2+AOhIVx+yYWRgYASEQhA6AVDvIToWDoIEKxfsmZccIyOUNISACQEYiInKOAevzq6GhoaGhoaGhoeG5kFuB0LyxjvNHNt7s76y6rbiiILRpqyBcZnPGlM7bicePPem6LoYXaOlPKt0/p6Oiho8Yy4ZNrZTMfDdzfG2Ldr1EZZu4/zU/pvw2M/fU8o3xR8aVSC0zKBdt84LHQsPyxXxm7rrOx4GLNrLI39RQGuIws7WNdX1ifsIRkFxQ6SHW0Z9EijO3XUIkT0tCqIoLNK/fGwt0Nmg7HyHaDyF0aT7GILKDJ27jN1o0SCb9cKJ4gtgO+6ttQdxCZSqoivMqB1pmaGGrZ0smQlEHXzQiR6Ig6//MZasKK1ULa97TguV3dFozVbyCVnnScQzOsTbLNMw4KzXEfMGPeubMvyJ6WVKFH10mIY1ibDFtm0nYA48yvmFEirmi0dnBO6qz+cbxbOiGdGvMEhxVkuFyizsr6U3lbCjYwWL0Vi+w4SF44jVfjOA1eFr2q4CNPigszOpi1B0Oh91+f3d3d6P04O3tdrtl8xjtuk4pfFsJIosICCPIMAyOVzqQus6LC/1BmE+A2M6Fb09PMgKfcZzPkM2TyEsdHV7xrcxWXxVSg9mi4PeKCcQ1cHTP4gMlWz3ELIymtWje9cZcePzWb00xG2OA2TOETlg5Ql0ZWSlDp85EkQXYqXAQRJBZxYLIgMwkwOEiBBABCUlI/YqSEEkgUBfdgYaGhoaGhoaGhoangXl5zk1rFtV9rVnmxM7Xoybp4yUe6+CGhmdBD8HpIIY/EVu6pS8+HeJh3eNYJWruc6yyDhC1gmWZEJqwaKfaf9KxOb0hMYgNswAAESRyTsAroI5bwiaM/jGCWPZ0qtrE7QMUoVTLRUFJlGql00nmMrGKQkP2cWEheVBlDYvMJa8JuMCtY70lVT5+okk1r2jhtGgoxgUcoT3Xee8yBgtsZK1i7blxOerbAABQEBAIUJ2phZoMQYjRDjzizz21Nb4DJQ02akZgESA2NTQfMdANSgxO1ZDMynhspAR+K2OIC1lY7ai5b0MbxI9BRHVVjJAIP8S0dUCXBA7EZ1zsbNv9Xge/LkK8PEjMXN61p4y3cnLN8g0f7/rzkWI8tx6MYw/C7HsUAGHx3Ah6uTszO3bD4JxzLrgY3W63d3d3d7e3d3d3+/3eO/hGXz6y+IgdIie+H8ShD+sb/Y6uVqu+77rOByG9/6U+tO/SUn7SSaf48qny8wUuZNJJJZGPpWK9l6jMtjvAEtL7mUjumtPsIat2PuaLcFjAJVDaEkXuwRk9izCIYx48QRgZQR7YRxzUX50TZmAGFmbWbS6dehlNTUYC1CHNREQoSByu6SJuVkNDQ0NDQ0NDQ4NHcA8TxXTemgrJohDsq9EGi8E2601I0UFcfmwwNI3y8/IAsc5k+43nzcuXNmScsC1P5S8rU9qcp9J4iq27pVsaEKCPf+N7o11Lt/SitCwqLzNlYMG5TBk5eqyc2GaZbs/RtIT2mDqDj8aiPBTH6mqN0R1abgf3gW90ehIAC5AJULjIghMMUBikSlkYLWPrH9nT0cp9kqGw4DCsusvmJ06xuCio1HkqnsvUeFJrjYfMdGDkUzFUyBPkz/IAYFYFVbZTgBD9XY9EYHiz0bNEF6PFscEdW5COjcaAvaiiPRmvU+mTqb6qlEEAAmHh4K0y5YdLLKoCL94AUXsrqQoQQYhCmwUAQAMMBpuuhJdNeyWEGJ29RWrc3MCswcZnRfatvtVpjZmCsEYN1qa2wHz8P10mvOIkzW5Id2FS9jf1a2LsIG0I8F5cQXQV8gseJKEyBkY0sCb+LTxeULhqAUyxS+M1Rse2yYtraEF1/Zlq/0IW/+hXHxGe5SrufdL5W7m8mvzX+oIpgiLMccODRiNEQiRm53z0weGgBOFupwThdrc7HA6Hw0EQgQABiUhEIkFIJKogVE0hAUgnAEBdt1qt1uv1ZrNZrVZ93xN1S650QZn79XbpIOCEI0c+n6sz6zEex1MPF4tTY2Ravi5bLvwHopD/1r/UYHGk979dPCXSIgYS2UTzqI0vfekJhqgKP19AwnueYFD+JXaQWdSzKIDyf+wcO8eOhZlZgBmcExcIQseeINRMZmZBAQR0zpEgxX02upwjYtd1iJb8pkYQNjQ0NDQ0NDQ0XBYk2mw9GRe3Rye7Kxa2YgwGheC2SDwJEv92TI6Y/N7sCRty2IJ+L5v5qJ0t3dIXn+4hGALRm/XCTISW3/IfNV8WlJcT8xecNwTom2rPVBq8OdvuDcnrCX45i3ZqIuYjIhIyM2AkBkp7XGkgE0CI/tEym7hku80rljXLG40NcPOEwchUZ55zNSNdZESmbHyPZFh8PBQXOyLM5jbdT5oydWDNHDXpTbbStnEaMKi+aofYAVZhqpLRM8VcHAdcPI7Za5zSzxUXZ31dlm3QV8HRseVgHR2rltCCu601HxnYFMgY3zHVZ0cCYgy2B5EysxRgwQvWpYQ++NbxcVAM0SkN0Ax/Vr258QJn6WF/m5eQChBiDaYr9DVPtC99V2/hzAWO15mZcfsJkIUXewnjkVD37jg6Khafr//YA0X8JCNEQiI/htmxUwHh4XDY73e73X6/H4bBOcciKuIXFkEBLmZ6OhsRAaKqBjfr9Wazubq62mw26/Wq6zozX6bG9dxC+rw3tDj7FEf4eCedv633e4VY0uBQJtw7LEdg8FyBcfNGoAYnmmeiloAAEgKnNTMwghypQWUKmZk5BB/UEcvsnAxOHLP46IPCTpwwO2AGJ+BimUFEWAAZUAQHZgmPpzCYARGJOopAwFGc3YaGhoaGhoaGhoZnhmcrknFFw84X9t5M8xfz05fhW7P7PL0hj/LRfpp3+YqdGUflQ8ODUyaI9Zj6y/bX6g9tq1zXdHtafst/WH4f/ya2nzDKafktP8+XReVlpp7S/l2rJ5UJnHYqPiovUJaUvH7JWyWQ1SCmtVLNN+2JHLtk9Y/j1UQrfDg2Tj4Me8kxTtAcupUchL3uSY/1ckCxJxAQFokGHhsFbRmiNRNhjp3KDLsStrv7h2rsywmho+WcTsVF0YrzrkStkbF+eP7ecA9UHYTGr1I6NsyO0tn+L2JPTvHNC24HZoEpAcR0iH1pO9JZEjxeltWHCHaYtVbJ1Smlrbki+6IX3wUF1D0pgICQkDmkVBCGVkwShGBneq4gTC+6SftoydBEngEs8jebDbzcfXFRZnzU1JCwN7pKKpumxmUj+FMG4wAaUgFzH7Wpulj6sjAab1MbGu6xGnx0WxM+YTzwXuTDNY6/ycU0MIQYV05mDjEID7vdTgnCw+HgnNPHWRBv6aYaUb11WOHTaQiRqFut1uvEDq41AGG4zKmLeLyhePIj5d4P5SWYr7n6fDnLPC2ewjONiOssmLcms+SmP+XVH2hxQSL2pS7xyKmAsQaI3yWB7EcXsAiwMACIhhsUccLMjkUYWFjLORajDvRcIDMoU+gcOBYn4hwfBh4GVc+iADrBwQFDYDLDxSEiddRR1+knqcS2rZANDQ0NDQ0NDQ2XhMRWxPgVmFtr0970zD4cMoMlKrMeZ2cY5duaM4vK0fJZ/qid96yn5bf8p8sPMQjDhGuf7fNj+Aw7ue9xrLfH3+NYSb6tl9YcwnKZYzOrWbKhiwiCMfQjAKCqGNTUI4gCICZAWnRXKgyCfl+7mqBqhh4cJZJtrM5YJVF9dmRgpxJNpS4bBaftcPc2/D2j0WpGK6koZHJV5VY1RzlCkaobyDNAcoEdBlcMhQauTgGOpIcn3btQGE33oHXIFka95Ukzi2poRRxmgLozKzTYd9uEcTlYeROtOBWeEyCfKGKzkTlTEJoSttVTBGFKxM+RUtC8eY5IN8i5t6NIxEVYatIaY4jAGS4wrTxhGFv5YNb5yWUuYoyWmATXWSRCDMrqQF9CxXrv75uU8jKs38Ep98Un61w/CVysfLDAWbif0cUGt/men9bHbpqVyg4SkVI7nhr0AkJ3OAz7oCD0BCFzWHpEKZORZJ/TjKau6/r1eqUKws1m3fervu+QsJhNT4W6YPEopp5cj43xvB5njh4Mi6o1xSdW/lgirbbZThHDDNrtU6leQbsrKF/hw6avxFyHNyYQEAEGBPGxA0EjCHIIN8jCLOyEg4IQBB0DszgGZvSMoAvsoMDA4gZ2AoOTw4EPB8fCIsiCjmFgcCKsUkQEENZnQ9d1fdf3fdd3XU/UdR0hLejdhoaGhoaGhoaGhidDsvqmTcjJKjvOCWkIW8GnSwYz07iGLMogyMS3R3LGRx3NX1ZmqTV7yVnaZ/vMPk0MwvbZPk/4lCepYabMeNwezYmGmulvl6al8i2Mv43ZqWSIGibehM5qa0cQBqEkVtBjvNVIW63Hl0ays9BMxmaPAClGXqE/y8rbS43Ny8VTY1+OH4XtfkykjcsgokAK9Td1XXNWV1xG/pyOKGWdcvQ6lZPG3jmwUJsy1XVTJBCORIVxaEURW5QSTtRcD9Fnz6JhxgaLP70AACAASURBVHLOqbRlW6NwYC1Lmd10AMJx/VAZeyeOkMgCxgu0PPdRjrBgC8YcZ7ynsX9sZrxY24FWhigCaXyFS7csaWIr/Wt7pT22/uLGVS95aig+qnbqCXD5jR+Pq3H+/WrL81MijJp0Wu9DETG4anTOuWEY1K3o4XDY7/fJxSizIDAzkp3aouONmeO0RcSuo77vV6vVer1Zr9erVd/3nT8ZAfNHJlp99ulwVu3gXE7+pWQl0aQ14X8t2ioQHv21nSKiu7oQBICiHJW9MhUFkAWV8xNmEWAnGllQRJiBWQWF/iWLGZhRAqfoGAbvaFTDbYoTGBwMTgbHh8ENjgXQsRycDIxO2DGz04iGrK3rqVutVuu+77t+1Xervu9GK2pDQ0NDQ0NDQ0PDsyJaVhH9nr20Rc9/4thWnN7hEUyEwrwkzNcQw03d0+I9aue5Pqda2z7b54M/g4Iw/lHb0i39EaQl7ek49djgEur0Y70OpmTaYxkIMQjzdupu8nhsEtb4Wej5QgQiTDEFMe6WyTFF1yViYJqKizb6QltcnATFW+0Th6IFMNXj84xF1rhfO5tZ9EIMrDNBs2a8fc5W6G/syDHpaZBaIulIY7UIRQTKID6N7TnezzP8bhHacMwt3QPFgRicWM4MLj/ZgoSQajEUbZUQlIZhMEc/FIiCkCkIoZg1vnnJWT0ab6WYJCSJWvM3Jx5Xk7aEmkUQ1dlp6sniEuI+gxiANGfF/FUZr8dSlElVjRYVS0wW7GAqEKlBQowkoHaJhKuwtyYdnsZk3E8gIjzaWzAeTuMNBzOwZYrRW1zIfD3Phcts2BTn91wopF0mE+L0iYNHFYTKC+4CttvtMAzMSpykC1RBlW69BCOBVU2iRh9ch+iD6mK073uiDsOBD7iikw8ynycdJljrvYezuadiYXfVpdzTiI9nswUq3EgVAsYlwi+UtnDmGVvXM1bNYew2xDA20P5qAxgGX+zCnFZgrxT0OkFUdtB7FmVlCpVQxFhYBIRRCzgHAwszCERqUA6D7Ac5ONbhPDjeOzcIHDwvLiyDsIgwAvR9vx4Oh3616vv1auXY9V23uF8bGhoaGhoaGhoaHh/e0RBEa4MEc1Zw05br/wC83TW6+vf542OTUabIz8sDxDqT7TfpC7PypQ0ZJ2zLU/nLypQ256k0nmLrbumWBgSrIARIzGFLt/SRtCwqLzNlZMG5TBkpyozHrYzqkdk2y3R7jqZzBSGEb2V8XoH8WLWec7TBFb4XQ1M9mRdbOSpjE/7JJ0pYBINpxXBqqpm2+gUbHMYrGH0fn7a2O8Q0H2ocz1RsuE8EJ5EN4VUH5u/FqPMX1p4dW9FOzdK4U18cvX3ni/SWcWMmL8UsrHeM5bBn/VL6ty5Mx0mcMKXUL3KfWGFHYiW5glAlwEY+CEWdtmElAYZ49L6P2cGRRpAiKywG4/FQGX75PbTsYMEX+m7x7kYBQFAoENJxjNlOC+8fgeqNtG9qRc2z6HhoTel65zrtmG/ShjPiOTo1OTdWibvyeZYgdM65wR0Oh8N+r+yguhh1zvm5J8LMZEg+zxH6xysQYEfUU7fqV5Eg3Gw2q5WqsEj9mgLw0z7u7tXdEy8JBT3/eLjfI2Ny/R/XH85iMuK6Y9+hUkfkW34kuBhNL3sCACjZwwMShawPV/tSqIeyEw7bOgAgEIQgrIJC0PiC3tGoKFOop0YRFkF1OM8iTqMPOmAAZjkMvDs453gY+DC4/eA0YOFhcPthOLDs3TA4xwM7dsI+0Oaq751buZUbXK9t6ftGEDY0NDQ0NDQ0NFwS0m4/jP6FSrsujm3FaqiM/EewvGFWJhk783zJ83Gcvyg9amdLt/TFp3uI5sgLoSxbuqWPp+8vA9Txf69j7WetjGcXqu3MjOJY2rFT3DbFEiYmzmYEQAGS8Gnt+8nqFRiQmG9Q0EnFucbGuCMmdYlsqBRHVY8dKxieHQuslmfxw2moVss8qakxmCvDHZhrT/WOWGWY9bcZnYhWCVsMrh7r+VAlEIuvFt7QxCBVjyw0iGrWDNq81MLYgZFx98baaW4JAIiM1K8oo9vFEPOxT2B9lvr6EREkc3mKMTvTGYZpWeMds0sO6mHfQ5OmcBnfIoihBxPzbFnD5N3YDIu0JuZ3Rvs7NdbzLPohKDGLhIA8LyOAwBJpmqjuygMEgn/P5ngHwiAfxREsJIMzWt4xxvTwp71B4QJhb1lxQ0VkRke7uPqw0yKsaGG4F7PSl2ZmN6iPUTfsD9vt9m673e52h2FwXqIlIIICwOrGFgFAWECAkDQWMCF2SKq72mzWm6vNerNar1er9YpiHDcxf1A+KZZzZxcDs9Dk2fVYs3GxWkjtpzKC8ZETb3KwHqS3JSMrxLCaRjeh+sqFGnK5jKQbqMd4Wf6cAizeg2g8EzMwE7MIgHCMQahEoG+WLpUCIEKhYcwMDMhALG4QcYPsDm53GNzAjuUwuMPAzrFjOTi3H9zBDfuDOtAdfAhOYQRwqz5S5toVK2kEYUNDQ0NDQ0NDw0UhyuVyHx7JSBYMLskGi8E2Oz52wpZbyS/KF3bgsS16LOt7NJ6ltDlPpWdt1y3d0rV0D5dAU7b0LzEtZyoT03NyxZSGqfInfdbOBYuuJYas8zxN4UaUBTvDNWDkGKKZ1VfDLESqW0IQBAFkAAENniSEZK1dImEPS2Q4gnQJ/Hb3wh1fMo9hlqmXkl+NhOvTdcWXZGYiGodzAxP+Tc27mHUByAS1cxI9sARUFU/4C5RpphYlSgSM4TuSMTan6iBRQqwfQhp3OwAQdRD6lL2kwYocShqviENpHZ9qyWC3hvJG564jbd/Eiy0+TTA5G6YrOdgMJvtKB6ZhTH7sW7Icxd7ipKNNh4OXq0UfbhzO4scYgCgvFXxklvRhuHz154tZ1eFbbRpFyaAdhJJNFkQdRGa2K0sGiATek6tkJxjdhYrQ1l9/tPYX450Ccxhtyn4eR6EUaHBTiTMxWp2l8PypAzljDcNXtoXaw0QEIbijgHjik0KFCEjACIQIBCKMwTOHdo+gaHg21XfGlUFJR9tD4wE51V1j2BtdXILNX7oJY3oMn7QKFdrT88oWl2gr71EnsyCyzfPi2MqSVe/MqDMftyr24mwbsuUxbcrwrfL0DKflCETJGAbqvJRPvWgqM+IGN+z3bn8Q55xz2+12u9vth4O6GNXwhCLS6VhX944i7FgYun6lXD9h31G3Xq2vrjabzXq9Wffrvl/3q/UKCQXAMTvniAgJvdNdjPHqjrPUJ40Ns8xi+NPY9NjEuUxPVgqMn7lz/gYmvGTjMvpX4t6pMaOvifljzQnHjVcZdeiO8HjB+CIk+paSWkmoxYTSK0nwjiDKDqc+8RM5vJL515a0fsf4xBo7UBAECBCVAmSI4kL/dBfgYLwQRB9lRVjACVInzMwyODkwAHbYkTDu93vneD/w/sBucCw4MAxeX8iO/fOB2Tl3cM4JCAvrIGd9TAg7cULAwIPrj92uhoaGhoaGhoaGhqdEtLuGNFq537TEL7PNAhg5ockP6VPzJyWHp5a5V7p6vS3d0udI94FXN0R7S7f0padDbL97HBuW69OP9czEZBmAuHll1M50bCamCTNRxQ5BhB72q8RKDeL2dgQBFkAhSjHlgmnKKynCMTJVGyRGxPx6DNG1YSyfhEooBMnYb6PTVe2VQUcyd66z84KPgXhbp+iEzPIbSZOJK8LYqdFOagouDMBWza+yI2VOCliISo9Fi+rMqe/tX1QnSSIGT0HB/3lyDxFGhNOUFm36EqKCML+h+el9XhLBYJAMSlG86l/UnnryIus6wkpepKQjNZZYauOK1J6Og5NSf9tDpThqD2tELIxeGw3fxoKIBAQMgMDIKIg0IvgF48iKGx3MZcjU2F4+rvJ9DFL9qiDypzAzgxY25qOGUfhd+vUadtkTNkpCE3VE1Pe934chAszseBiG/X6/3W5v7+5u7263u932sN+7ICIMiNtECFEIiDwLR4iIhARd111dbTZX681mvVqv+lXXdR0pMRhXpufrvSfTy86sqEuOnck/te9m5qY+SEVQ4n4FfZuCFCY6bS3J9dksottX/MuaVZJDsD1IJET1ZQ4k7NHw0QdZQhtAOL4mgjCYFTqxokl8qjpCQRZxAk5JQyfOCTsZnAwsTsQBOJFBeUFAINKnEhF2SI6I1WMpkQoHBWBwTgAcO+fcvu87agrChoaGhoaGhoaGiwIa+6p306SqBESQoCnM7bRoDD/BnFM51qTLfFve1Jlsv2NbNNZsyDhhW57KX1amtDlPpWdt1y3d0rV0H2yq4e/hlm7pRWl5cD3ysDLjcSvHykj4slpeTklLpR9AauctwxJiIayYsPIXtvKxsVvM8aQG/aBQ8OeONvj64f4yCuUZHEPepNQXkZHwz1isHBU1i9nXYjwqTpzxo/ANWPGeOpEjyT/CRFU6eEJ3cf7tEnawzi7bcTP6aoK+xYUFim/mWzjhVS7HgnvuX/kiOxv5jNlm+2NH4pi8JBpZpL+i0V2LNlxLK0IMKT2ueaYxpSAGk2bUTnaxC405pOA20u0OhGHUFCY6XyT42UtugYM4C6wmMbp7VW5E/0FA5fw0k5FVaBh4xOrFYlyGEXVLgb+eibsAS8bhuPAvhMZ7TOSj8VlacOJNjG+3ymETYdd1kcxmVjUVD8Ow2+12u93t9u5uu93v96ogjCM8sIAQKEcgxK4jEFRxYd91fdetVv1ms9lsNqv1uu97CudSEp0IWRh+GeNw8olzytCR5IP9NJRLYaXmok0o6QFbtiG8LyEGpaUuxALB+YHfEKJUoln5Bc3KnDZn+NWXtVrSFZyDbFAEOGzpiPszRJC9T2hgARZwIo7FsTCLYxlYHDOzOP3HuzCVoKYlQugEHLEIdp30LNKpDFcQidl5ytINzDg4R4eDdTPQ0NDQ0NDQ0NDQcAGIdldML+mFLRrHtuJ4cLYTMFpoyvKn5i9Kj9p5rnT1elu6pc+RVpcyz01TtnRLn5YGb66/x7H283naGYATGkERdc5Z+mDLy3pvit6An/gWfQplBrsaVxcTErwVxpzS/m4DlYViUURoOaeoQ7L0TOGULzonBIDMuFa9yFGbfekn4QsXCowKhikQGBmzUh5rbskMaWfqz3p4YePH7NE9WBN7B6tcWrXAgvtzzHSMcdeWzbSOTFMticGK3NgDBoi5g6mRpik46l5BwDzaGBYR0JbIB20fInpH+WGzQHpmR47QTsZYj5EQguTmZ7stQBcZ78DWzNxYMyGSEQZF4SkiCgkRIXsKBQWJSG9N13XMrJ1DgILeiejoek03LZvaMxzheFiO90PcY8WonmKaTj4bnp7aPCbZxCNT9WJgr8Nz2cGbqzM4HA77/f7u7m633e73+8Ph8P+z9+59cts4ujAAqqq6bcdxnMzMTiazt/P9v9D7O7t7diaTucWX2G27u0sE3j8AkJREqVTd1Rc7xHgqLBZFghRFqvHwARI7NoSgHSYiRGThMvimkhJDwG7Tbbbb3W673W63281m04Uu6FOgz9H4EMxxvbj5BHhAXHzukTxOIb3wmCfL1q5FxjyI+0F1fXxXHWun5yjSMeSikCTqoTHp9Q2vJPrlhDCDen9Oiy8rsU8jr4I6xBYGSAXLNdoCFmqoQgGDBoVZLIpgZIkiDMDCwulgmCbU4TaKQCBx7jcAYBQGABZmpj72WhsDQowKih91r5o0adKkSZMmTZo0uXNxRBBKB07gtIQle+z02hn7bSV/sXzVxnu4TEu39GNPK0D40DBlS7f0cWm4+bXwwHpa3oIUaJ/SF7wWP2R+6HJJ13rGHBI5wFREiquLYjjIP4AOqk1tEgGubHTkkUwvezwcwRnm01psYFVHakVKB6Q3tvMuc6eW4ZMqjrLQnaN4XfUaDt36xCepgUD1fk1dvE75uGXcrMSNSx3xIjiodnjPJv0dgyjTPo0aqoyG6znu3qTYwuNsBaAACGVJ2BcWYxACeEhCEMQc3LEACMvu5MEMEDCksKPql09jv2VWlb82D0fbzieoW8jqzZobipsVeBB+YRWwH8mNtTq5H+aMUtfkURE0ncgFaSIV4kC4QIyxd9nv95eXl58+fbpy7qBdlmivXosBh4Do4UgBgIhCCNvNZrPddptus9lsNl2nACGLuqdkwLKeO+3+aW/6Da66zd69MG9Xdm3BGekCXX4u39/SUJc/0ViuQL686yKJfhKZ01KdfUoXvEC20IIgxtfTGhDQiNtswKEoMMmCiWvIBhpCjAoMSjSwEEShRVGgkRAFEYkghAhguLgIBAEOINJ3IdgCziggKAiAQQBiH9XdqFX3WN7BmjRp0qRJkyZNmjQxKV/dJeF5kFGNWXssTq6dsd9W8nGpfKVdXFGmpVv6sac7MKOdAwUt3dKfQTrFpz3+Wp39N7m2/KyVAacNVPQsrgVIDKOB2LbiFY2ifJkVqkKNUiohIyTSkz/kLtNLRsCe5Pz0Oagf1Dfg4MS9FDjW5BL1O5h/mhLOEjyZIu5BRoQenalqzHPSYZ6M9M1kjIsguD26aBBkapqvAipJ4TmI5bA9dxTUayaxRkrz8SAcnUN/o9oqw4nFjjWZFlj8VhYoa824QTEj63GzlBBip2fS6IHdE/B7XvyqnRAoKYbDKmfGbUyrnTjGlGJ+HaSZQq0YzoODbPbnfOgguRhNhEIeLkH6qfhfwgvTr8yMgESkxERAoOFSpXMqr2R5/GV6W6dHCkYryVGwxM0AjOqAn+Qcw134TL4zxO7AUYmTy3zlpTtsLD6LEqM1GS22qc7Pvo8JHfz48eOnT5+ur64UIFQBllEDyiMEAXWrS0ghhM1mc3a2PTs7O9vtlESoLkYDUQIqhxtYXdvVHT+95JHkEzRa3eKrxzXuTqpoYl5XYbClrkC4/a1INGyhZaaDIGx7SUGaLP4jgsLAYvgiS1RCoUAK48vAhiSzABuSbXRAXZqZQdgOC2ncQRZgUV/yafOUEDoR1DrUwXOIEiXGKABISIE6jZsIgj30zIzAiICAhChEAGAQ+aM5pNWkSZMmTZo0adKkCYCf0zanZ/43VrbB+hvswE6bGFHTa2dsuZX8UfmRHXhqi8ZxnTe2Vx9Mj23Oc+lF23VLt3Qt3YkHBfI4Gy3d0nebNgOeWiQOlF9TJqVllQ4wV17WpP2z0pYbhw73JbtHHMpcmDc3/aeMEjUQMW9X3rXiqmpDY+N7LX9YXtGPQcRBb61WPl1SYFcz5kJxhTHdm5I0+UhkMjKFwfDWulbBoQkrDhxtnsUIFxReGbatqtsocU+Ck0T1a5Et7hTO4HUoblOClNLXAiPMlRjFTXQOlrMbHTF1E28CITA1V30YDqKDowngISqhWFCyJHbjsO9O162NCVRCYbGxVYpf8hqWlhUABUhGQ2T434RBKCKRYwquiYQAWPoX9frRD0tIug8A4+k3dSJ64xk4N7EfDwdO5bHp8yCygA4Ovx5YF4pQgGgTnpnZ/IteXV1dXl5eX19fX+/7vle/o0o0DNlTIyBiwGDHBdxzYwhhs+m22+3ubLs725mL0c4YhALGOJywwOdWiAeVk065U9FYb8lHrOP6MDyPNVxd9VCOO2NOoyKGxvnsStuJL5ej9yrwdVsUIDT+nzoCdbQPzAGtHcwwiqEihsYUhIQOMqsTU3M0mqBBY4aDgCBhIEKSqC9TghCBJQoDE5DBgIAQEAxc7FHEOIcUQJCQIqLwKNJxkyZNmjRp0qRJkyYPLsnu6mk3+lhkI8P/JjbYgW02XTtjKz42H3CFjXpNmRulq/1t6ZY+RbpLAPQEiG/plr6TtJygHnioeQvzZWr9quhZ2L/G4MQY1XFTvdvrs+2rAgkYAGK/lDybKn4wJ3Xfd8NGS8WmKhflfRCwRAUqtA8cVoKPydnVgjNAWdJyydI9AnUKuyqU0FThhXVw1Q38iC70rkbJwhGCtTJ9M9suFnTaXAOOy5jCw5waqorl1U5UzQzARG4dzcaMeCXcr6w5Nz6iHh7o8tzITBmE1csHpF0cBFf0RUMmfFMAMfpgaiKhg4aXwDDsVdHIiF6MfihPGStIpHwTi9ZWMLQM49RSQEADyg4Lk0beEmAWDbE6YhBWKT5rKIMjNLGa/1By8Hn8LKDBGyl5qn6tr0fBZii92kZmEIlsAQivr6+vrq6urq6ur6/3vQGE7ko0L30a7VRPq9ha7wBh1202m83WqIMagJBSAEJlHJ6q/3OTZ44dflAmVPhTyjEUvbHUXgxW1bCmLRm+ZeQVD1MOsAjnU2QgRuxLp69EbQsD3w/+g1ilCCDAwJDPX0QRNle1eVl1HUAsAiFIFNZ/jBkgFGMqMktU+iBY4EPwAIkIRAhEgAxprkYOgQBFEAjVwYQgEAgxsPTqiIJIhAIKiETuozkabdKkSZMmTZo0adLkUUnx9xVkAt0kPbXTTq9db/tdLj9tt05sfHDbe0u39FHpIgZh+2yfn80nPAIdbqOnJQ2zGGIiwiKYDfqYXfrZ9SliDUERYQyRQaMlCR1v96v69HM1U9OSCjhA6KgLCBTQQu4qIiT3jAIwgxGOlRnaBu/fyr/SvmmGOgFAGuRnMGtQSeafYcVXrJuC3cmlIlvuinPkX/HYHt2FV8M53MuDb0nFj26+KrmgnakoD+Mgj9wI6lipjbwTZxNAmLxCaCP+lUb3ZNAR0YBOIghA6HNbYdmCvTe8CwIJT1AFpFJzlUQ45x52eL2PheSm0o/lk1J18TflDkYRLsHBAWMQ8iXDO5MQFxIB5wWmCIWJ/qhuGFM1qU6DD9PzYiQY0XhZqTPV0INzU/cgGlFlLd/Rg3CsPCpQ8OByt0LbO+rOgWrLR9BXDKOuhhAQkXXaM2sMQkUHNQDh5eVlv98bNIgIAIQYkEIIHFkfshgZ3OszM0MAItLKDSncbjbdJlDQUWLfEQ2zr69/1Y5MXxusT0eM1vGS3z1uegPntiTLP6S+TNjD43oOKVCeZhgliq/IvmWUP+reLcLmwBNYD0KwCDuVUAC4ODnj2b6DexhXYD35AMBG9VM3or0vtjyk6KX1l5lFgHvgKDGKMBmayLoGoyBEC1QIwiQMIpzWTwAgpIAopBilAIYuIAJFYEJVBFFASIA21FHgGFlDGWoMREYmjJEbQNikSZMmTZo0adLk0cnIsoqFubFMTz9xcu36z5U1H5XTPtvnY/9UgLDCjmqf7fMRf8JnMm+res6LACgexyxqtDUosLC2Z2JQggYLa3/NIL7cZl2R0oqG43pK7EEziuBu494U9v9ZRaYeBdcgBI9B0lDMUcSGgIe4JVZBNKnUCIA1q+uxTNCp3X+OWVWndRZO2aa+4051O6YxCNdfWnL/RlUaYFfr2oI92qlyqZYEEOKggrlZjA4NzCh6XE9NDePeDm9BAS4q/XKGg1guC/qfCMLCic8yRx/0iFRY3vHksxG8woQOjjRXI/sIwEv8V81m9kUjOUKewKVzuOBIseX1YVT+VOvJykoe7cK1Xkq8WeXeOnV8pEmj/SmMh0TCpjxH1gCE19fXnz59+vjx4+XlZd/HErZByDELQYDBNrEUfbDrus1ms9ttdrvtTgMQbrbdJlAg11MAjMHob9nHLdonl2UO4i1v5cjPcKXdY7o/xwM+KOVhhCpMmM9XlbxqDS9ofj4NkdOVV5TrDOYcSN/dZNSCgB0RchKgBRrUejULoOd0DmMwGZjT+x1YBMwIHDUIIYBGiAXU1Tj68RTzMiqIAAQk/l4WCIQlCuv824QQACNy7JmZAYFQOgrUQZTAwpEjAwMACzNHFo6qRJMmTZo0adKkSZMmj0tGllUYWlYX7LHTa9fbclfWfFRO+2yfj/2zEwAP4tk+2+d9fMIJ6oGb1Qbryi+UWaihlg+Vq8b8vKGI+apKNqWBJR8GpLRk3k80IHR+cDb/mXVr2EiBOFoNkq3AU5wvW9Rc5QGrcVS9KEMO1OAqCSqQEmwEnOGIlUreACM8FYLlg7ZkpvTuVxzEashAUQpFGmlPZ5aJDUqypTqMWFdpCSM8GJtwJYiCRpIYFRaActIa3oOSWDuAiE4oFXRCpM4+xILO5ybl0Y0aAHGH+CzFII1oecXslVysRNQgKanBO8tBSwM1aX+Eww2JnUNDeW26Vge/6khz0Bl/mKt3c5FClx5ZUE5L8imahs84hcP1BJwINTwTgAgatgo14ik4NzTxCxNYyMLaKrLlF/RBSABhoag/Rb7AjIIyDgoPh6vMP+qRvzcC37L/2EcuUkAa99CLG9afl5G0rJKCdI7TQYzZv+jl5eXl5eXV1dV+v1fnooqXj9TQbZUouRpFIuq6brvdbLeODm632+2m67pAAf05hTTFixMHCwT9NR1fOOqxaoRq5Y96Xtbc/Sq0v7xnJfWmkL//tl7Hmcozfjg+KZIXQ7tjCJmZnstLJm+nwxYphomGjNWllZkhYYTMoDREZpHcHCeV2E9/AQOzREUHe1EOurDtwUpLZF+KxRiKqMx2Pa+BoN8sYqG5yg2EgBQoCoNEQEASQQwgLByZGBgABThyZLbP2w53kyZNmjRp0qRJkyank5oFGAuLKy5aaHFy7fpPPPLXNTnts30+9s+uYD3Y09XSLX2naTlBPflTjrkW1tW/UCcc16/SKDWAHaQ01idDZrELpnIlescsSAmFySid2tSqFBmEcUS/spjRh0ZMIy+QgS9PJBNeGVRnZDx08yoQgxCUwGI2lzMDIobgehqalHt9UxmiOHUb6EFzJ4JIVqfCwRzVX+JSohebYbEwQXrVAEBS4FW5URSHVRfUm+vaFIqYYlQjIuA0UZK9igcGBaC0xCcDOvrT4hAgqCezVMp/GgyhAKCQp/2h8ZYQZTgwdTGdJsNgTbOr7AVKDGF0VTlo5GCtZtIEr02aOpXO8x0CTZhZXe0Jd7MOGKC9VWLKmSg8wixTPYjIkh9vnZAsySkrIqAYdQqd+AAAIABJREFUF2W8Iol6zMvPtndWfFlDZJ9I5OuAfaXsDVlEiDDlFzOzAmOnRyMFU5zzNVr+tMDZHRW4C2RrPb5SxXHvmhW9KjDb4WEZFFij8PpDCSuBsblfIKHfigUauuPUvewAUkSk3+/7vu/7eHV1pc5F9/t93/cKipSHaXT+6xEBEUEMSATucLjrwmajJEKVzWbTdV0XiBBBhBUO115R1kqmGOF0MA4ORXW4jr3Lc9ikoUrzld2QL4uHl/LRK8fgGYHhO9QKGZx0SaeshgV8ZbTpAyK2UCFETsqQNi4AbEcmEIBFiDVGYLFTOCMbNJCf4oLMwgxs81QSjdEcezqUqC5JY4TYi0TWUzcKEBKgIo9pQPzdBEQAhBCAUOxtEAkQENmDOAuRMAAJogCBEHTqVpQFCEGA1PNojKGHfkyVb9KkSZMmTZo0adLkoaVmd4VRGipl7jo9p9uxZVq6pR9XuissqNLSLX0PaThBPfBQ+mf1V/WromeFBDPyrKVWfgFgcSOV/TNLECcPWAMmn6OFU0bfssz+nm36GfWzVhLxYkR5W4oWJoXtflGh25jOb2DFvn1Dd8qtwfkuVdGUER3wYOWVYjca/lQPI9N4cBCGvj1H6YkfThk4OS3LrxhpTGEvcdwXGzHxh05BuAXFYESqkFGNt/EzOfUOWnRToA6SJcXTkz9YB9KzCahht0rVzSpe4mepifREG0Do12K6PeJptaYDcEEfTE3jcDxTvsYmxMntyDirrB3POXnMvojvWT5TzuJxMgs+oYNAHPs+7vf76/319fXV1WWKPnh1ddX3vTCn2auAv5KoAhESEpJi24k+GLqw2Wy22812uzlT/6JdR0RITjP0yW/HBW59F5bJf1/GXV6/W92sdigXmeLghA2gKAQIghqdFVhQyXUiotzrCOm1BQ2eY2BJ2KHRAS1yoaFw+qoGvUj28mDtMzMLg2F/AiAYI8eeOTICgTERAfPuL76ZKcXQeNyUThQheOhc0nZYJEoEZApECBwoRo7SsyALdb7Ia3RDEgpCuGZzbfI5S9/HT5f7q6v99XV/fd33fez7GFnjEz+0ck2aNGnSpMndCyIQUSDsutB1Ybvttttut9ucn226Ljy0dk3mZGR3xZn0fdqH17T7ULq1dEvfPN25GVUcOWzplr7btJygHnioeQvzZWr9quqZcR3jXRX2PtHj31KYsey/RksDO7HOyKjBbkYkQhma2sUbnbMnipONsu0sK5kqgwTwlcBkAf+AEzoU9kCAbLQy858A6Fl4orEO84bBB7H4j1kXPgZrwzke8pC5cKW2MzEBG6dlZHcemVanFKsqoXCEDI3yb4nQjECgkocGTlIYtJCcVYJRFb3no6rHuGUR9GssRlssrrR57q3JEJQf1ipFGkfKAmRLs1Mth/pkR7EwGswq6TO3OiKA2ooyfsNEAmExph2mZSY9fIMOSfmcDjBE466IxboSEYkx5gVE85NT0dQdQXIUpGcWgODkqkQWNFt40RVzMYpCSF48T06ZDMwcd3DN5PxcIJPTLmtzLLFlIvUKmbtwdpBv6Qxz3Aw6nD+jieCIhJ3wbNRHVdGYPlr0wal/UdOwqL7E+vSpRCTCQBgCdV3XbTbqYvRst9s5fTCvRXkECm+V03GruBQ+XlbxRAEXbuRwrR5vxHjrp+nwToh2aArLncB9nNz+IdG1KUFzkk5J+JZgHkJBxCBBYdHJAywSDarTuWivMwIoAizAoKcxHCBk0BMWuvwxAwtEgwIF1PmyQ4kSOUeXFuQoHJmj+R1Ql9A6kylvzT7HfZtlPy7CACBC9iqFgggcNRMRQkDywzso6gzaaYygfQsoDSP6MuXqan/x4fLDh6uPH6+u9/Gh1WnSpEmTJk0eUkQgRo4RpnvidhOePNk9fbp79vRst9s8kIJNqoLFOTYc2leXbcLTa9fbfpfLV2y8K8q0dEs/9nQnYgQhMzW0dEvfcVpudi2U+ZDSMC0PS/VUyqc0JAP/bBlI+kOljIzL1/QcbXfTLDXUJeuV2KFzPaAuBGZCSjFs1I1nQvhgRF8wYOawJXFg2IWENCaIMYft8cSE/2SDkqxWQiAemS4fTSiRj8cnJ8IYsrHzeEmwT4KO9B54zMKZcINHxQmrwocl/aV6ycHMCWcPHEsrgMLFYUkcuYVaCw+6dRmc1/KcPFHT7cFBOwWnF81/4fBeQGV0ixk/fAVdRgdzQ8W9GyCFiCPtC92UI4kZZkjt14ZkgA4CsOOC0diGnADCVF5dkiIWkdy0aUTlAmbFfOao52GlsAjLFPV3NZSsJX5HbADTgjNitc5RixpfcFny3bzfgTpptEKx4xLz9ZUnYHQWEhIiGYiudK3Ifd/vr/dXl5dXl5fX19d93ycv2Xb4xiIN6sVDVjEgUQih67qQwhBud9vtdtNtOqKSeiV5tRIp1yff6G8J2R4nK0601PFL++6P5d0JAoxceGdfzXfS4Lhih+/A/H3mY1DMrACh4ZUiyAonIrIgC7B7UlCfopFFXYxaDEL1HSo+z1gYWETdhzJbabB3YhaJwjGt6XZ0gtRbOxFCACx2qOIoVnp7lbS7+sEzcz6BIAQiGIDQzmoBClhgWSIIAkz9zQ82NXl08vHj1bt3n969/3R5tU+ZIeD52Xa32+y2m+02dJuuCxQCJX/gTZo0adKkyZctalSLkfvI/b6/vo5X1/urq/2ny+vrfbz+5ePbXz4CwNlu8/yr8+fPz5882T20yr92SfZVPz6d4uHkNM7ab/0P09Igutb+nEwyUxvvSIdRWwtlWrqlH3u6qzjxbemWfoRpqefLtLzM1iPLbcF8nelndBPMRJ901XK7VXbROEeZhOm4O4va7PVoup65z5cld4BpAyyqQQ3LNgD/suHYTGHDn1LgHodbHSPBfF1JIixE3OKndlJESbS3fP1BWeMYc9qdYyuZSrWqqr37vg3uNWDqWBkRDae9GDAIJw1W4a5ppnlhK+72EIb0h2dZ1eFcQawRzSaygF+KHRpA0ygXHtuLi0pwNGXFQlUNyotZYAdXTSus0gdH03iEEVYLj+5d4u2N/MqaYd9xVWEzH+f4giLMHJmZoxJZDC8BAQF2so09xYgJjxRERkkkK2GWwr8oETEwGq+5OqqJugNpbiuWM8RDy2MHlQFJw5Jv8aPHC08Hmx3dUDlQX4xMR1OnJZEDKe5uN8YY+76/vr66ukr0wSJ0nLAwmaBHIQXwRwkJFR7sOvUvut3tdttt121C15HjOf7q4MxenpyDWRGP78gROOmMOimye3MdTquM5FHSRQnHG5CveoLgsJ8RCqN6DQUAQmFhlqhvZUgCEhn62LN6ChWOUXpdTTUGYUQlDEZmW05Z/4d23MuiFCpWR8IagBCICEBjvmr4SyA7AiIGVGYHA5LfNNH3SX3S/XmnQIkviShElHYABEEEQmRnyZJwdQybfEbSR37z5uLt2w+fLg0X7AI9e3b27OnZkye7s7PGh2jSpEmTJr9qQcQQMATaAsD5tvzp8nL/8ePVxYfLi4vLy6v95dX+Hz+/Oz/bvHjx9JtvnnVh7AGryf1IaV+ds7XeOI3ryh/V7so6W7qlH2e6K9B4/3Qbf8tv+XeRDzerB+r5MC0Ps/VAtfwoBwDm9ck1TPRZ6FfZ7shMmwzp2UcfZ/zNygAwM2UKkGriRi4BVKMkC4IApWMAqyzCkhwRDpvVI/OpyGINUiATbpJDCUiJG5AoGQsqGYx6pFWw6qttqZXjgYRM84J0R1bVUMIcA91kqjbq0nwDq+j6S9KsWCC0VXMO5hcUOsOSHJWr65Y0yYSyqQ6ZgzbVVqAynaSSSt/LiIZFkQpyB1hOWNeX/cYN4BbMOqvnNg/VOenOnIvRKi44nc/VGZ6xMZjc0+G35E1UGS9RzD7t1nAxd3lKb1G6S9FWohISESITEqGFGySv1hiERCyMAMxI6s1uAnaOeuErzuHHdjxtauPZ5KFFkWidgsettHMVOucJ/XQoJOwHkcCfPo8aSLrysogSB+O+31/vL6+uNADh/vo6xhhjZPUyCuLYoFK2jEems52IutBtNoYL7na7s7Ozs92ZByAMrpJqxUv+siebXDGFRw+4EZgRaQHxPWIEUzNHXXYvcrfA5ODME4yGzg5G2EsQCjhoDBIFWSSKsAAwKiOwZ33bYgaIUWLsY5TIHEVi5GirKjADC/rCWgKEwgzicQudQQgEFvwQAAgZgRCIAAKhzmkdJju7lqc/AAgqoKjZFn5WRAQJAxIRWh8ZECHoMQyWyBEEyIMXqifSATW8yecml5f7V6/fv3p9oV83Xfj66yfPn58/e3r20Ko1adKkSZMmn4GcnW3OzjYvXz4DgIsPl+/effrll4+fLvef/vb2r397++3LZ9++/Kodtbl/WWM3rpR8HHbvlt/yP7v8roLJg/3N3vJb/l3ky83qkTI/l5RpeZmtB5bbBfuUeX2grs9cv2CKzCeI0Pl5A/KQButCRykTiVDMhm9++iD/7ufBEUuQbxkDq5H/xgXKxAjmGZnYphVaFon5bivMkhUUZBHYWCkrMb+V4zPH3/Ia8KBNc+DEEia9GpPocICULNV3W1no+JxLzCnENYIYB/lmyVyldOlOE8vMiZ7L6Ne0IxM47ZiJNbxz/rqJ9luhrOTHfBYLmY7eiPc2+mkOI5xWUj56yf1v6Uo0KVnCF2XcQVtWxFyMpqhsmT5YRmLzWao0QUUECZEL3RJsySxEoHjhYGjz8mW48BQWnBufKudy8UbeVuYe8xsQ8h4DeHlvPMI7gnxkdFglE6gwTT+bsUofjCb7/f766urq8vLTp0/X19f7vteprjHYCAkJicwrqYgAS4q1SUQUqOu67Xa72xlGuNttNPogYT4T4COsL9hHD/Jw0JbOB9zdXHoMJMLTiuRNv8gsXr30frMAAzIoTVCnAEcBFohipysiQ2QRIQaIzDFyz7HvOUaOzFFdjEZge1NDsXiC5rVUNFShMg7ZnTgzGOSnvkIZkPQ1URiQfHbrSmvvuwDlnSp9RvjroRUiRFGStz8TQEgCrK5FS+cQAGWs2Safl1xe7v/587s3bz/o1+dfnb/85unz508eWq8mTZo0adLkc5VnT8+ePT37/vffvHv38fWbD+/ef3r1+uLV64tvXjz9zXfPG0x4n1Kz647zreCjs3vP6f/Y9Gz5LT/nd5JoU4NPmeS0/JZ/mny5WT0w/RUmtclMSVkqn3LArpU1+kOlnpmnadBu2RQUnZvkaSRCkFRHstsnD1FDAuDIjJ7ht/JojSpeAgSHJKEFRQ6MLq8AhAAah8zCJro5d8AfSqV9SbpT2+TIxrreHDZ2eLim/MAkOW4I80yFtCKP2hoCJJAoJmtsuHNlVqKD1fybefhMPy34/9QBGhTAyqCtlNsbORXtywcK1KWbkCEUUKAsSmDSkna/0uDnYlOwc+Q/s2h3QJWbTIObmu+1Eu0MZGO1uA9GEYlq6I72Va3S6c4pQKi+TI0mqJRB75vSB1N/U/CyfILBfPMnndJCOFgRR8vXnGfR+0G5qmP+uSModzl69zgyhXvFQswdrnjoQY7MMca+319fX15dXV5eXl9fm39RZuXqK03QahVR/qsUgGOg0HXdZrPZbXdnu7Oz3a6IPph9jqPXgLYezO8UcuPl7c5lsPjcdVv6n5kH6jTvAzOVJyDNKHd660EiswZjjSCKDqrf0cgSRcMKShQtxnvmfh/7yMzci7h/UXRHpuDuk8vjGGA+45OHhnxEQl+U1KmtrreodFgkQsL8guuYONhGI5LWUoTR+yyQK8PqrtR/Hv01eBpH5k3uVfrI//jHLz+/eq9fG7mhSZMmTZo0Oa08f/7k+fMniab/5u2HN28/fPftV7/97dfN6ej9SLKvotlaPYBRYWvFefttGYPwZnbsot1j6xnr+eB2+Jbf8g/mD2IQts/2+Xg/5QQlpfAKXfmEw/VLEYNw9KskcGK5XTDWTImOQAkPaNRAKK01DsAZoxD0iDuAIBnkOOIPQYFhzMUgXJbSqFWajtystgIgVCiRmQkJQA/qV70OpqG37HsxwS8ENqt61CzNpmv0WyAFiteCOJ1/xYUlbW0IICVVx7qt8C475y90IXMundRAHJslZy7MTLsB9DiEIXEyJiuGvOz17SAQUX1QhJKRXw29gOY+saifTFm/lc4x5UGPhpNhCgGOsLE5TuH0RpT+P2cnm3UByudaY7OVn8Yg1FiECIAoCARIhb9VYSGk5NSUlUTo0CB5PMJyMhiUKExEUnMbazNWThCh7VFFIrw3PtaxDZ1Kq8loPwDCUOJwmcjr0LcwS+TY99fX11eXl5eXlxqAkJNvXcTkIFcXJ9urCSlJoBDCZrPZbbdnu9352dl2u+u6LoRgz4bC374xVEdh5DYA8smPBamf4BnxaI8aLi293Gyu/9bz5OCjONo2RpPpBBih/00/ZWEWbzisDj4ZxPzOirBALxp0EGOUXnIM6D5Kb9Az72Pso0SdaJFZgDltc/4qZ0cxNNQhiCAbv9DOf2WfFx5EU6dVCIF0ZzGfowACwALkOwKmjU9fGCRtNukQFyBgAEJkEDbnuWJIIQuAEAEbu7whhJ+TvHr9/m9//yVGVmjwN9893267h1aqSZMmTZo0+QLl7Gzzh+9f/ua75//8+d2r1xc/v3r/5u2Hf/nd19++/OqhVfvypbSWLSAXCzbem121soYb1/kgtbXP9nnwMzMIEaf4fEu39OnTcrNrK+dHwLGxYT4s1VMpn9Jg1y6USVzAqj6yot1kIUwYIRWmq2xyTbaaBA2KsEgYkv9G6dLRKOQKYPh1ZAaa5zmkU+8akAyH+YsERCM5isbsEQMLwbwOSh6pAY1sjTkwuT08XPTWssDfwupdSyGCcFTD8KuXQAOEIdv59BFRApaeVkLHWmfUS1KBBgvw+CBHMOdA3YPopHCiJJh2iOpazaDNWjQuBEEBoBoxcaIJOz/vhvd6Dvg8NHnQEfz8ECLQELRN9fv9tlNiggiSWnAQr9p0VZNsMa8Bh5oxWD3IopSpjzin9wlz1DZIhM32DMK5OeUOJl+LGTVBAPWhJ2zEQQSlD2rlBp0AMto/e6IHKwOUyushAf8BfWAG9n9FFQeTd/jcLSN/v0Lr9mN2CJkopLeTxHhabMtWLFsoQcDjaTKwCHPf9/v9/urq6urq6nq/7/s++RfVB0HPaoQQiMjnPAIlkDCErttuu+3Zbnt2tt3tttvtZrOhEMwNZApaakc/cKTc7Qfi1yanmtgIeU+2wxy+yBqIDHYiggUcUJYozCI9S2Rkxhg5skRBDfe8j9L33DNHBvU7GtmRRQbRYNA2DSToni4a3VW7pjxseyUSkUDkMWwRMaCTWil0WgtRyMdEyFZQGO4vOv8M5QbO7HBkAhANzNlHfYFV37nMIoBAiEIeN7TJZyBXV/uf/vrm/cWlOhT93e++Pj/bPrRSTZo0adKkyRcu2233h+9fvnz57O9//+Xd+09/+enNu3efvv/9N7td4+7foVQipU1srbhs471deqHdlm7pLy89YBC2dEs/3rTU82VaXmbrkeW2YL7O9HPBIByVSVctt5td9hlWNDCFGY9B3YuKIDAikXqsBE6gpF4YhQnJfI0iqCHMMIQSkjJVMfXOYSmD7pIkclFh5jf6YC0GEpbopeeokQrJYumAhsBR47+UriYlVSsoapH1jk2oFXPUqxKLKIHDKT1rJFVobdREWduQB1YpWdZjnJIaQpYwHilumQUhSmNi/2PL81nnfgoqdVbcIUp2cGa3fmpxxYHO5cgUrk0BDDFL1ZotUkBjKKlbM8KiCXcZWubpE5NiFOZpUMBsJbyqjmy5aDWb2u0JKzXHwvhbdG7cYzPoLyIrGgQ085Lslk0grTzQRf0AjvGKP+zu900GJYrRznQZD9qpKwoj6ggLAKIEQhZhEbXlImbmrg6p32vjFEqmkehAGcGvpPxaeC1hFg2+xcKiRMLimQIPK0gKXrNwFCZhhpBiHI7IjtoCERiq6vNKFPYtV4xiUiNoUUoDu5IUOPXjemNc2ds90NCKUK/Z8eTIq/DMBaPasgpYTOxi6eMDMIptPEuFRmvX6PplfSfdn94Cr+hIvEfBecyPjK83xfELxQV1s1B4L4RAiCIsMQJHjn2MvarR9/3V9fXl1ZUxCAuWKxFBdqbrJD9EJcoTdZvtZrvbbHc7dTC6PdttNhsiAjvuYA+drw4OVPqKOVwgJKvv9P5yqKTsIeBoSNNwzo/c9PTPiodn9iYcuPTgbR39jDBWZ+40U2WzqjXlb1b+UlbewaLN9K5jm5bovqWvKujbLIpTTyNHFhAhYeAoMUpkpRhCZOkZesY+Yh85MsRoIQmT+9A+sq5khMDiUV+Nood5qzeeNgqzTTkBFkbRzSwYnRCR7agGJLK9AOuKDrYL2GPiu06ws10Q0fZ/wQSfp5qQEAVFSfC0vFA0eSTy+s3FX356LQKbLvz+X168ePH0oTVq0qRJkyZNfkVyfrb993/7zdu3H/76t7fvLy7/v//71z98//LlN88eWq8vVkr76pyt9cZpXFf+qHZX1tnSLf040102H0OyUrZ0Sx9Mw6ryUsmXm7Ur9XyZlq8Rl6BQBRbmvNTqlJr+Mh2Hmk1Zxnomw3WB4Q0vEBQP4MV62jzF7zMfVSmbWYAgMAiBHSAfWeqTSTUDPB4frRjDAfhnRCLI5jtx9as2bgUUtRURNYtZUKeMHypGaIRCKBmEIAxIKOUdKQe8YoUcmeanX6c/jSDAaS9q/arUA2nkvKqKkdTsjuVgDa2g4MM1eKSyK1eBZMFOSgMCjBhscyOQT1El4Knew9Hcq1aeSDE4/JoVNli4vBQn0zrjgqWjUcfJRvPKJ6ZAOXSYWi93MQRIdtOi6O1sncns712R4pkZFRx0Gkw5sYB79n8F6CR52JyOc3qCFAZGAAECYSx+9RF01mkxQ3AA8ZZ+R+1yEQQgRHYDc+YHgzhGyIlNqLM6OQROsQgJWTvhsQs10ujEyXDBaoYSahARLvnaIGmMM7yS7m11tTmMF96bl9EDyhRLzg3QysFDa2cXx60X9d9WTsFHPOWwY5ob4iAO2EwDtJOiieSrjCgiRN01uZeoM7qYkza72bFrRHGulj8+uv0FCjrhiUK32Wy32912c3a2Ozs7253tNttN6MLwvqfVJ537KWV5VKuDtjySC9NpCEfe6o6cHi6abDjjNuaaPAhdzS0ZabMQTAVQzL0sOCgILEYktAWQHU1MTjkFNBLhvpfeMELZR+YovSLR5kEUWaSPrDs1EVIOEg3Dv7ZMs0Ck656Dh34whpDZFkZ1gYuEikrbQRJARFJSo/EC0/k1fRlUF9EQwb29215mrEndQFBkuKs3ecTyl59ev3p9AQDfvHj6/e+/CS36UZMmTZo0afIQ8uLF06++Ov/pr2/evP3w419ef/p0/YfvXz60Ul+mpNODmP8gGNtyC4dcYxuvvV0v25mza7hKmYV2W7qlv7x0V9rSSv9eLd3Si2k5UT13moaRzm6CmSlfwmrHj0Nmi4zbhUq7Cbia0OOMe4aoliwFA4mUoSUsERkF2d1QQrLEmzNJLNvPUvrDTInJ8f2Rib9AB8EwhVqFg0550EMpYBJHCq06cTjMUA4aEQkq6ldk6uZ02evpPUgK1TbNn0EoMd07f72xkc7ztVbPsjUffdZxsosO66kqU/P2WcLbRR054JY/M27eTJWlirwbgwCEByQZOxNSjfawlYQd9ys4uG7WxDwqeQhDkmEgw3G/ihbzFYPLHcJEBChWimpbRWg+yJgeGvcQi2LmTnFMHZvgg4Io6JECCdGfRvDX58EioKgJp7Btwsx5bXGwhAKgIDIwITGwQoqirkfTY54Ji8M+DSB8hbpnBrI2nsUIHLhx9xyDcI37U4DKs3z7Rh9cVjp9vYG2QyLduFHxxXLE4fYHh4UjxwisTn+BiLqu22632+2WiIw6pg6eETVApq83ICxAoI5Ft0l2u93Z2e78bHu26zYb6oJSu6BYAm8go3Mtj+S2Jrn9nL3vHo2WFXOfYNsVmb9uYURbCwVEIAowg0ZfZZbIwFEjBQIzKJUaAEEkMu/7eN1zHyWKEgel72Pf9zHqywyyYIxRZyURBPCVMb/yqHdu2y6FAgEGInVpm+j1zAyAzEZrJCIMiKRTnu3gCQphAN+KdcdA2350yQ4cxcjhYiRFEYnMHG3GMbNyne955WxylOz3/Z9/fHXx4QoAfvj+5cuXjanQpEmTJk2aPKSEQH/84dunT3Y//vT61euLq6v9H3/4drNp8YBPLH62Of2tN/jbKzlKq9h4p4ac6rWH8nO7VZswrrYbH21nhnS6cdrfR2Nvb+kvLd1lS6HD6y3d0idLy+nqhHq+TMvLUj2V8imdKEs30idbgZfblTHDz7c6dzgmYgiP66RWeLfkMwIDRbX/kzP0QPloBZYAM1L9aS6sYIpJZg6rBpdLQTeUkaPL5KNSvL8ecEcAzdeoDwIWOArCcIyXe1ECGKnd09q5VgIS1VElA2NmSK2ghsLsjRNTPTOA4gBFHRrHx4ZyASzxszkFhvnlm4tnIAAAGQSu5RHcIRouBS5Cd3hWGxs3uw5N5HOUl7logqkTkprzuhYUW4NtlBNymp/Bj6TDsEWiAUvSwd+yzDBtXuIMXE/5OIQW3f1h9lepbkMZBM0dqwInhBixfMqGYGo5ztpcYlapldwIL/YyjkAoAuzOS521Iuj/wDzmaahD61xqX4QRyAnULHYp5T4C+bSVwVv8/OCPAMiHBVcWCco6FivUw7T91OrH4RmWNXKcz8DD0f5GEmNcavx0wWKXDkO4aPhA3aaYOca+j1GEQwhPnzx98eLFxcXF6zdv3r9/LyBKyUobHwhpqE2diUQdUSAKGnozhLAxHuF2u912XUcJHSwprxNV19+sWbb6IZnsPilo6yPCGk/cYUu9AAAgAElEQVSwIxd/viyIFBuob6aKfZHhaf7aYOxAxQIZmYUjsCBHEkYn/OlEYhaMAj1DjBI5O0wAQMmsa9ZdVzxarb4ccXZ+7S4gbENwhJslEAIQQkA9LcV6LIyQozsOEGTEiBpJsGCUUwhs3O58Gg0Ckb9MiIAioE7dBgAAFo4ihQ8DQRLkU744NTmhfPx49ac//3y9j2e7zQ8/fPvkvEUcbNKkSZMmTR6FvHz57Ox8++OPry4+XP3Xf//9X//43ZMnu4dW6ouSwkO/vkBXbK04b7/FW9uiF9pt6Zb+8tLd4C/3lm7pR5uWE9STqebVMuXXmTIZwZjokzMOtVtHO0aFU4ulsACKoACLUGHqcupe8mWVq53EyUvVTnWoSnIT6jiG5HyPVggD7NBAkyF8BR5VKvn6mozAECsaZVb1PwkcuGx9XlnJQPk1VQ1sypDuVOKFLkNiIx7hxEyMTuJca6BPNVSBMVW3pMzaRY40lVeZc8uih8mb7ELT5bDhwm+jAsWvyTQ810QJSC9Luhfl5eV4jsdnMg+TO8jUAynuV+2W5VFKNNxRZxKD0DuRGjV3oglBhAI4SeB52bvSa2gZa9OPGoCY3z1Xgd2vHQoiEGEApNKX6ahaHD+bwwia4hETxdHxoRtnOeLRuw2+cheS2W9uxj8SrZkhbiWO+KMRcyQ9LzfW1uDywSI5jdDovKdi3lnkUhZmBicIbjabZ8+effvdd58uL5k5dN27i/fX19chBK2qfNJD6NybLoYQttvN2dnZ+fn5+fnZ7my33W42G411CIB+LuDI6Xqo40mO230e1dxQmdlNTG6vcFojq1UVf+xwchOqJ5okOREVEBZmYI0oKaCcwcSRB5EYYx9hr/5Fe+6ZY4TI0scYe+4Vi84AoROwRURxOEPusHw9I3MZimLHIwREhIRECImIUQiBfPFm8FDTehbD3sYQiQIRIQZyljaimLddfUNjZoUcPWBmMpco39LdwdupnSaPTd5fXP7vn/7JLF99dfavP3zX3Io2adKkSZMmj0qenG//z3/+7k8//vz+/eV//79//Nu//uarZ2cPrdSXI6X9Zs7WmrzsD/JxWEPtWpzJH6Vn2z2qzkN25mq6brue2rRauqVPlE4xCNtn+zzqE1aVrM0uOaKGoozUy0hOg5WXSU5Rm8xoVV4ro6tkUkNuZVByGGNmMAJFnQMpMAMDEjKeUJB9hZmRiViANUAN+Ol4ENaT7KDgoQgLl0jSLKox47Ky5BGWXkYTOljCCSVAmDqekEIdgZJBCFAY5rRpGBPmJoNUtzCWGOGxcMIIaXtYwRwvEPxewOim6C/FJeMbt2wjRq92DTtTiwNUgY0B3FH6Sj10A/JFB9quY4LTAmXdkgl6E3wIZ98KbyJVzLUkBJetlOOz0CPwSVC5rfoUZfA4He7xaGdieFwBK2atBiRCAxLterULu0s7R/gAldOMiQWo/9ThKat7USFEUnwQMJdxAzmkxcK9DftDOhr+YqxwHhiblzkscDQODyQy/xD9KuR26GBtAOdOXhSw9ODkijvVDYHOz89fvvyGmYlwd3529vr1u3fvYoz7/T5GJgp934uIOiNVBSiEzWZzdrZ78uT8yZMnZ+dnu91us9l0XReCMggrsPSNSZNT+v7yuYrqSJRnRIrPB5PlfXn9WM0vDViUyYB8aiCfcGJmUIxQEu1ZCxkFWoCNf6l+ONMbDjNLH6WPvO+576FnjpH7KPu+j9Hog0bABvRTUwZgc4zp7U8dOet6ToREiu6BCIno6x0TcqCAQgSkhEEEEGBItbo7B0UeiRQj7DQGpx/gUIprwgMZAECQ0ykadQnNxq4kIGE5iPc3uX95//7T//zvPzXo4B9/+Pah1WnSpEmTJk2aVCQE+o9/++2ff3z15u2H//l///iPf/vNV1+dP7RSX4gktAJzqJnxJ1Ztwoeuyp84Zx9eXUP7bJ9fymfnf3+2z/Z51KfcSw1HtQKHcpZrMxPfpORcepyjDc5okkuqjPzjQfHFTVoMoufAlRLBgFGEAATM258YKAilYXFgZZyiRyVUsAwsJXtl8iy6HiBMNnpxU/0Ak2NhYXCakwBggWiOsKYFDCBBgyUF6phXjQeVAZAEFn0Sk4O4Od5n5VaWhMJx/amR7Li9bpMdzA0oaWpFPYj+6SxVpALcwcLj5qEOn0JKNl7h9Q2nZKOTy5zhG6tJBfQAZQIBFlRFu+kjL5ria1PZslEJTQeUtAiBjjNj8i2JUGIohis6ZKhZ5FzA8tFLvuccCCyAfUin9BSQAUMQdWVy27UoaUXc6CwMBiuW4EqBAGEKAb7q7k0Hs7w1kxiHq2RE6DztdC3bGX4dPsgPsDId0eSIrLlQ8iSkugIsnG0l+RdNmxLYYxGZWUBCR2e0C4FCF7a7zdOvnn394sUvv/zy/v37i4uLy8tLAPr48WOMUemGMUbnDm7Pz8+fPn369OnTs7MzRQe7rlPqoQatm26vN+746TzlPiQueFT3DxbOZ5Ws/Ph3239mwFR9wVB0Tb1sKncQ08sHBG9H9w0Sfz2JUSLD8J/0PUfmPnKMzJFj5Bg5u3hgFsYoDL7fMiu2l4K8KjcWKFAIgQSJkAlYiIQiRsIQOBAE8niD1k+jAYq+9iUqIiIShS50IQQixICBMq1bl3f9ltZlAcUCJQoDAiFGEUTQuLNNHo+8v7hUdPDbl8/+8P3Lh1anSZMmTZo0abIkf/zhWyJ89frif/73n//x779tPMLTiKMV9sUdEJW21iGi4ZZYHF41c+3B/HENo0+cyb9NyYOfDcFpn3f22XlwG3CqVEu39Jo0rCovp2tXVpeXlIahnp5emPNSy6+Wl/E46Me43dq1xWZnrQ72QDsknqoHjRAGiOo2bYTS4ZDwJ8VlzJyiJZVoxJggOOEuJHH0LzsvLcHI4tqBYT1lrjH/Yc3st0aq1ti78C54PxHOSjeQI9S2JKJNYd0xpMTqy7EEn8YNFV/mf5rIqLacHnH0EKexzyZIp5RI1UrBGQ3L1kzJqY/UIyfGdHaNMPUjMULzmTgF6e2rqMe4AdAlJd16pJv5kwNEYmZPYxpYImJmAhKyiGsDX6CAJXBIiERERm+RRMYiQ4vdh2mheUqTmejziQF0bvP8wOowkjXkly+dnLh7efBDAw+uwEEZaXgbF6NDLLZ+o1cOSN7jLB6cB4lDAeQQgsbpRIQncEb08vzJk2+/++7y8vLi4sO7d+/ev39/fX399u0vl5dXALDdbvf7fdeFr549e/H8+cuXL7/++utnXz09Pz/fbjddF4h8vT3p/ZrZnW+yatU2jpucnkGY7BDrFFjf6MFnfLkL+S1s4GM5lzf/xejHWmDIrVSvougHGzQqoQKBESLLnmMf+z4Ks3AUjhxjv+8lsgVq1flWasTCwCJAihBK9LiuHqqQRfSkeQwREQGYCAOhTlSCQBB0SXY2tqSXKqcpor+FIiCGwJElxIiBKFIISKQRNXUvNm4hCDDHcnDU+ai+VFjc2SaPRj5+vPrfPzV0sEmTJk2aNPmcRLfsV68v/vdP//zPf/9ti0d4ApFka521A+NMfqrigA0Zl+zDC+22dEt/eenOGAn6V7S0dEuvTMsj0OFgGu5e51yn0l9q7Q7SebObx+QcA8AClVPAUFgEOTIjqj1fQ+YIIlI6Hp7qHUNHM9SxQ/lVdHBcoMhXNHNQDBHNOxaI6aU7uRqxCJKXQxg2MQvDFFhF6uNdhB9LaNAx5rMSCFZvjf7yMSkIQwZR+d/Sh3mpT4U5J2DeD8RdT0IFHRSHbyujhLn+rJd73J2CjOnT4C0sFHYvuaO+ef1FNyuiQ3f4Jg4Mx5P8g9cfhELF2Sepk6MLlmsY3btyRRoX9JsN7h3DdYApfGrTCAUQEM0wrdCels2YDQIgMDMKEpGGLkUUQEIURCIKiEIkIYAIdMIIEN2ZqDq10zWLNF4WICIGMmpLQncFgUGouAniMwARiDT4qEAGKMVmItYHqezrGvygitcevw5MwZhbryRTnHzVVek97cRL2YwcjRst5Ny4qkPFiyVr5kZnuMYBQiLqOmAWgQgAFGC32242m/MnT/rY7/f7q6v9hw8fP378cHV19e7dxfXVFYiEruPI3aZ7cn7+5Pz82bNnT56cn52fnZ+f73a7EIIurWmJmGpyA5lSYFPfb1bbchMLMtjKdRk6qUzcqK4cNH2HkfylyB4UTA67RWC4oJQ6mE9RzrAb2DYt4FEJI3OMEqNwFGaJLDFK33OMsfcc5nQIrkDwRESithv1YhH1QxqTXwZgFnX0KYjQIxL2hARACESIgFQ6f04e3sWOVhAg6mkQAWDpe0SMSIQhEAVA37UoHcURf1FwGnpkUS+jiZd4gxva5C5kv+//9OefmeWbF08bOtikSZMmTZp8RvKH718yy5u3H/7055//z3/+brPpHlqjz1ww2VrB3+0n9lWEOZstgHEWZObag/m53apNGB/C1j3f35Zu6VumO7BTtkZVaOmWXpeGVeVloQysaKsoIwd1g0mdMNRzWWc4Li3jOkGDw1TaHV6L83YYLwSogJ+AmZEybiR6Pl3IPGYJiAhpJEIMlSonRI1EUygchI5LTrUqK/TLU860Rda4PkrdSK0IIosggjkjNBDAmzFm88y7wXLstwX9TyRHYIQjDKxg1B26XqrJBU1GcemcwlqfZP4eM+nIEB0sbskIr4EChcWyY7mUICAKMI4uK3pVciUnKkJh452XEUiQFDgEJ6+VUoMCHVwI51lVrNAQ3enutDiCkvUG9ngrikOoMYVZM54fgC4viTOZFZP8vDMzITGCQoOI5thOPSWCeQZlBESIbO5uCdBoMogUiIgCAIQQQgiZQagYKjpdhRJ2CEUawd5jTfuSBFllHK3BXRYYqDeCahbW5S9V6hD+EdcvPqVzd+HmsKKh3v6g+O0v53lUz4/MPkNAkQ+L+hYCAG0BBCRGjjE+f/7s+nq/3+8vL6/ivk+6daHbbrehC9utBR3cbnfb7SaEkNi6rtRSZ4+Su6aqH6z/njlkRwxasaWOPC5My0pRRorMFFlVBFiYGZiFk+NO8fgiKZil4/Tqz93XLSIEIl0YmQj9PY319Y4QmRjU14PBhxbXBJEoHRZKTpxBfXsqotiDKLRHmdvtTp6zX++gCz6JABG6X4kIKEgYAhIl7BRRUN+tEJCIiAYOCXTrkEYffGTy5x9fXe/jV1+dtbiDTZo0adKkyWcnf/zh2z7G9+8v//zjq//8j989tDqfuSSXSsl+i2NbLs7bhGFk+51cCyCC83ZmLNp9LHb4lm7pO0y3GITt82afci81HNUKHMpZrk0cOcc7jkGIAANKxAByEAGBIuyX4ZBEpNCi2vqFE60w850WLL1Vf24ZtzvgYlSm5as5IwAyw5Cema5iZiBAINBQToCIqI4Q19sNRwEIU+bDm7qmZKTjy6fBHGWO+KBz9ND67LIpNmEQ4vjCMejrAE+qsw7MlBdMHMwe61B0QXCmy5K7cMBwv0aTVOYGeh+8YgFotHdbTAgEFuXzMA/R3MLnp5qH2UhU5meYpUTUEDGEMDwfwKlaUXwfkR2GIcUFzcRcMAhTnWT/iMgoh5QhwqywYTYCY2jw6CEdVFsrfA8nBjRxTwtOMasfRBYWmfUyPY8y5wl5emF9hysuZJbEIBQR5hjjXndPIkRFdVjBQuq60Pe43W6ePXva9z0zgAhH7vteC+hz5L2WENQJpN0FjeLGwhWVFp/ucaeKaZw2zeWrPiO5/YJv+9GqmV+evrK3LGFQ5C+d3GIB9tNVrLigE+i8RfAlTX0vB2VrE2HXEWDXsUSWPkofe51szCyRI7KQnuBiRmEWAabiMBaLY9wIAKxve8yswTJZWJg56vuiLqEkSEDlUgOAGrEQjMlq58YkctROUNBjG6xHMjTCIQAQQdd1wfyNQo7cKQhwwFdwk/uUv/z0+uLD1dlu868/fPfQujRp0qRJkyZNbiL/+sN3//Xff7/4cPWXn143ZwC3Ekcr7EuLQdhiELbPu/xMMQjbZ/s86hNWlVyaXWtqmOH81T9rDMJBK7Co1YQpmPJlQZ+CQZhLQq0tZz0QmmWHZYqHqdUGAIRZEgY2AVfUEKpWK/fhKQ7sZPticu9ZQnfD3XYM3Y18dSpaoOfsFfWBXLmZxgB4CtGldhX5AyIULBkgoEfpc+ggmWJII8Rx8qowgDariNpyzhr0qIKtHrbgCkhy5QWiJAQAdbgIiMJsRAfMV0CB8SINbk1y7noQ0M0aOhNrCCWi2rzjtFNYfJXsTCGbW4vRKAJbgl5NQ3d7iAnFG6M4mkjG9yJcISbj7NxQaze0RzwAPh33GgIGc1jmMiaBBZqfcW5X8ViT96jjyVg8nq5Fd4xhyVJ2WaG+gtaot4Dt/nqkUOWypPKgXj6ZiUIAFICgt7QHEVEGoQ+euhMQBRQBRfwWIBEQARGRUgkJDQhEAVGSizICzScppiMOGbNEEABOTnDTVE/AJ7rn0mpkuzJ/YVlYWAfW36mVcnwTc+UHUFmhz4ggJVDTcKrFwfWtWnh6SQquNlqWb4Zgja5K5PJy2o+KjfAzDVkpTrnC4sJylUuuHO2vJ4xscIlx20HA/O56ZLeOSGPGwQYBto412uMgwgkvFLFhkfQHI5R3doD2HRyTKsZ8+6Euq5pQlsfL48KvIDLJqD9uR6l0VHnfyeo1SPH0+Pd8rkIdm6ccWyUBiYgFwGnutnYxMwOb39FoJD8iEgxIAAGQJaZKGIARKGIvzIIElCMNRlZOHigAmLRSPBIQLeofM0sUjCJBgoAIs8Q+soi9G9k6T76bgxEA0WrzRyHauSsRAe6ZAaIAg1Imox/qYOlj7LoQ/ABHBx0hAQAZh7yOdje5T3n95uLV6wsA+OGHb0NowG2TJk2aNGnyWUoI9MMP3/7f//rbq9cX5+fbl988e2iNPltJDMJ5OzBCzSZ86Kr8iUtW61U1tM/2+aV8dn7qVo2iLd3SK9Ny63rkRGVSGib5cIzOcmR6WqfMtDu8FsEdOiVjeaaFJUAIRCAZGRkY2E3qiAGBRZgl++90E5RYuK+Sxpf21mq6vgtDgWSkHzAbQqWAoESGoE5RySABUARIzDCJstOmTMQHl3k7O87b+vVKKzW9rASxELIjzoOSxrkyRFMC4gRKGCC+hcuzgWZeMvm3nOowSRd27XFfZaxVvYYjBA/WUMMCj21lzli/SsMhyFHCG1We69ReP7opWOS7ozlz8apIq5UlJElnBZSm58cL1BgsTEAkosVCCEgYY1T8Pkat2B9OMsKLojiJUJUAPCIKykUhCiHopyaIiAKOWIbDCVPig3lIpkDUdFRPSEL9YuSwP95TyC2RqrlTGuvAMCw2nHxWAnAwYYw0yEojlIJOrA9SZuIONjgAAAxogXDdc6MB7YW3UlBGLFGavQKQnuKa0o9gohbHDyo7/uF7ej9z6xaip3CktiX7mSw0RNh8wPtLlIHH4HxB/arUbQE0Z9lEIEKd2OkrFovaB7oCi6DZFHQwxTis4ti6H35QTaIFjQZGLRcjIxuaKCJCJAjI9jZH/vpowRdttvv5CgU/mWM63cbCAlGjJYpEZUeihECKCSIRAwiEQEQIxMh6FImBm5fRxyBXV/u//PQaAH74/uWT8+1Dq9OkSZMmTZo0ubk8Od/+8P3LH396/ZefXj99stvtNg+t0WcqE/vtFL8YlBnYhMvP+rVi3Km6nflxYiXTMWnplj5RuoPkz1e99LZ0S69Kw63rgROVSWmYlIehnss6w5HpaZ0w0+7oWmP7JHPdmKSVt8KCXsDMhCgozKJuA6UiCv9ogkUoc1DEuBeQASXxf9q6OM40Ajn8d5x384Wlda6EBs294SjkoRGTwAFITOF9qqjJg1ha54gsa2S+cAEdl7jeGN7LfJRyzNVaW7k7qG9ChTHXiXlpYAcYYQWYGlGVKj5P07WO+cxMhjyzwJ+KE97AW+GLyxdO5t5gVk8VmOaXXMER+Un/M/IHW9Ukg/2KnZvfYr31pDGjyloLqm6G39J3ciohEQkwCZIEYYEAKOSM3l5EQUNnkIg9vKI0r8zs9NhYCRoMYQANkgbMSlDiACVEBDDiYx7HBczvMUAsv2Y5lbvLU1XCkinN4EA1+QkbhwdZnesaMoNAdrTCIuOaa0fRoHH+YKLGhhNh3a4NHYwxuodSKgDCiv/kxy/H7mKr5N4GQVJbtZMrvqcm7Dj901NYDi0X71yIgAQoiEIJdMOEDuqPQExCiv8BkQTDGlkEBRGJEYNYkOj0RpOwNovLar8ZCgciwDq/uI+RdJq5Y1zGgAIoQIgkrPBm6oEh2P5Kl6axZAahYpQS1e8DiATbPpTwjcTIaC8LIshsNTaA8DHIT399IwLfvHj68mXjGTRp0qRJkyafvbx8+ezDx6s3bz/89Nc3//Hvv31odT5TmdhvcWLLxVmbMBy81rlTdTtztfyDp/ER6NDSX2i6A3cphwBFDLaWbunltNy6HjlRmZSGST4co7McmR7XCW7Ln7Q7uBbIsDiFymwfGzNqMkWosInaL24MlRFGCGqf8pMuZvsESY481cKvyBF6zcngCgTCKITAkhymaoUlKFVzMjYATvwsvMMSbrpVzNLPJ6B4nYLgR+wfi9W1yndZGStrKlhwCo0eIJR/KmFaF8oQYW50qsMELCw8yiW8eYJFlYBM4eJycJUXzXZJcxmpk6swtZaa+F0t+mM5RmhbP2hTcZ+VOFIzIWPT8rVK6pWXqDbawzf2zuetYDEww4ZyHxGQy9tUIq4V7HCYL8aOSjCrlQUQAgHH7IjQvB2KYG5EiFDAXA4jEaorUWRBFIEgKATAbPijiAhpHSEEEIAAyb2k+GqTh8+5VOp0FCfi44TJi2y2aydfpIkHMyRZHrx95a93Yc6+DXn0oeRm/j7naxvtNmsYfjeU6QhPWx8FWzUpGash2Mpk7kDzkiUASJLcUCbqYN55MmsQNL4v+G4VI8fIfRSN1pk4siGQetpOhEZt7bQjc7ysUuAG+9fIx2iVV76k1snmjL8G4WKFdnDFb7DxSHHgeN3eZ0g3XkSNgOw7GhanYMCPObBSDFm/EJIgC5H4Tq1u4/M7kr1hKciYX9hsZQdk46f2MfYx9vu+j+YYlxX2AyQAYuTMw8fyNcH4imgvlva6ZqCfCBjinc/zpJVZFUFmgAAgQgp1ooa1PtHNanITefX6/fuLy00Xvv/9Nw+tS5MmTZo0adLkNPL977+5uLh8f3H56vX7b19+9dDqfIaCydZqf3jIBL9IZaY2YfB3f5m59mB+brdqQ8aHsMnjPbbV0r+ydJcML37GtqVbek1aVpWXhTKyoq2ijIzKVOfttE6Z11nmrz2YlkKfjC0U/ZWJnlaUkIBAmKVG10veQpP1PB2dTzb10tcaM+speOPm4cCQuhwxaGD6r0nSRTFCFEw0yVLZanMlcsnMIYRk5x24HURMPPmhJaui8MnlJgbTQ2byErrIpL0ZEGuNeCClgZfREeCXtBuwToeza3pJWc9Ct2baqnxd05ejyhfwUf6PI4UHLpypqQ5HLTS+ABotfK3iXqPRHiFkVdFnJvW4ABqHDoRxOCXSs+UgPSIhMgUSwRAAACJHbV0LGJYfBo8wF1GpnBQYUjy2aQcdwx6YmjO6bCZ3SLdhsAzA6JLDGGF9xG56zuCxEWiK/QoAPPzBsIj/MJBTrZmjpewk9ZSZ5ddq/YUDTySidD6gBAgdRJxWnhx1owgqesgiKX4qQPbQ6wE+OfaRXWJkASTaOHeQ0nUFDAnVBfZRyWOb2Hch9gd8sfGWJ3OK4MdinkFRABlAPO4gJL/vIHpySgnWJILCoD47gTX4oKAAAQISEhICEeZ23PEpAIAgMzODsAiJgEVaFVtdu8hRmK/7fTTCaux7pRKiMDCmoLMCA4xQhEFEUIQwCKvLedZozwwSENEQUCQM6IfFMEUwLLciBS4bg/BBpY/8t7//AgC//5cXLfRgkyZNmjRp8sVICPT7f3nxpx9f/e3vv3z99dOu7fLHigxeh9U66fZVs4ziwMaLpf0Wcv7o2iIfh2WG5aGSny2ynp//UH8ctvqWbukbprvC3ujWx1FAj5bf8j+PfPHz4ynfc+6wXQH3dr22XUIQBLUopV8tKX4QHUSEaGASdhqeG9PdoRWobykEj7ZjtSYkaYoDLfBvjAhWaqbxbiq4oxQG3Lpkx6cFrJrcoYK7fsNs1tcC92dsPaFtt4oJDQqkO57MlW5QnKqVsgWg8MJaKZ2dUhYTzsZcAKDiHhaHt82d06byRRcws1vTlB34OSt+g4LgcQMocblIySA8XNWaQuuk3hHMd26mrcF1g5VgBrU9pAYUBGVMpwGKkwQDpql5mSVCEUQkAoEAgBI4eeCzjmQXoIiAjJxqUF6LMxSRiEIg9StKiOq/1D0vqmtR+3QsZQyOYuoGGJ3Z3ZGOyC6HIeDq3blreUgbulSCeuoPq+f7DZUfwYTHTNrxQYTqr2vqTz4gM/ij+bXtzPj0kGegCAmwItxpDxVJWxK4c0Yuj7YIgEanUwRIfNfVKgFOu9JUJEVSvJ95N/disJB/1yoZAz21PuGug29IaetLl0JhBdCMIQsPRCCaJ85UszpdEI9IiO5vVjFjYY30pwAhISEEX/6UXA/gb3d6tEOEGTgKCwM4no0630hPZGzjRsNdxj5e7/s+cmQRlhiFI7Ow7zSS4y2S+TIFUYBTOGIPAKy0Rj+dh6qNUdIJQdftgLZqQ34hawzCh5R//OOXGPn5V+cvXjx9aF2aNGnSpEmTJqeUFy+evv3l47v3n/7xj1+an4DjxW2tyb6aDU/F8fiBHThZYpOddnBCubDTlvaakf021Vy0Pmp3Wn5gN17AWXAmf9Ji1Z48ti7N1YOL9bf8ll/J7/Iv5nu0SLf8lj+bL7euB1aUhyPrH5WHoZ4yLC/z+sChfHoTP+wAACAASURBVKnVIzPtDuvB5CXRwLzsNEuNRykQWLINamUe3ia4BnofLDQTA7uDR4UKSsbeyPC6RLLBrHM24Ob1o3Q0KknPxFwcEddGHJTSiWICN1N7yVB8Y2eeN5Y1zS2XOUpbRIERglJeXdjpbHAQUHSaIEzMtaiuDcSrLo9RJTPpyMKLg3pswAvUi3L7KZUnOQ6wPCleoG4yGlnLsrnjfUh64MX6T0tXrW5oigHPNTlAB2/hDxPtnlqbmCmkA5ezyRljShORxlgzaiCLxWMrji1qSSYSITUcI2CKuzaiJBJSDjSIqETCHHuQMjQ4IFvlGZ5gQE9KJhUOccEBoXCBZ/loOVtfpJwcHF1ZYdoU0NEeKbeMYjtxwE8AgDMjyjxuI6jPW0phcW1XLjDCEq1ETE2XWCYUCHeWu5mKg0X+rsFpxMrmcjD/3qW2DgCk9xHzYp7cpZjbg+I9S6MAiggDM+gns/nm9BVXTwLrIuUvXhYlEHw1RiIMRIEwBLTYlDoxyDRRYE4YIrEwAVJCEUU0dqEgAkun+HQfY3e9v97bwYwYpe9j7KPtyyjuCpX15c/OejAwSlQIMAILGsqNAKBMR5vDQT1Dq+bB0UEAD194j7exSSGXl/ufX70HgN/97uuH1qVJkyZNmjRpcnr53e++fvf+08+v3r/85tnZ2eah1fm8RMZ24GR/SflY2l1xyc6MtXyYtzNXy1fs0ljR8+7s83jH9bf8X3F+N8S6W7ql7y0tJyqT0jLJr50fWdXWmnTaM3Bdu1bSiFeGujlMVLjaI0LIzkoxAx9SWL/0ahGjDXr55Np0yhRcY+DTMjL8CgOFPV0AhDiEMEuCVMIwRh5HiUiYBZFZIwApjKEUSVIXiI8QI5yTlf4qBw4SRGBi705CA4Aku9oraeCD8gVHEPPpqrp7zClmPPZZOgH8xnVk0KdusZ02WkXXDpcfTlkdt8rlOIWUitFYbKXMWYkBly4xcQXOUfXdtnaymWN7SD5F0wIy6vKAPkiIDGQBqsTZVwIII++g5jpYCp4oorEGywkDzhdMWCBR6eMREzHF2YSSkBkfqJKqmHWujepolOY8kZ5WDmIwvzYXfA9CGquuGGOtPAZvOjbDbEHe0vZnjhrRAEKb6Igad9CDCOYZPnW4nfiFxcSTNIuLffCeoLIbY4RrLhwNe/naMCrz4P5Uy6YzQKyh/sDcyY56m9FfBgEUAY4QI7MSpNkO2CASSIr+yv4yF/19R3dW0vexQBgCBaQQKAQMVAwUoYZx1ZWTQRAIUATs1AXb+5o5dBZzfCqBIwIR9bGPMQoH6Sn0QW8GCzACIzCAL9E2BZEQCSGEwNyxPQ2c3tMUhrTQscXpHn+nQ3texsPW5J7knz+/A4BvXz47P9s+tC5NmjRp0qRJk9PL+dn225fPXr2++OfP7/74w7cPrc7nJcnWWjAIR7ZcmLPxVq8t7bSFD5Kx/Rbrbc2mpzbhhfQaG/V8mdn+tnRL3zbdwYAd1T7b58pPuZcaFspU5+20vMz/KutKVtNSq2e5pOcg5n8qSv0R+2b2J0EBzmiN2eFJDU+EyMyIgsiCJAX9YcreK+16I6AolYSJZNN8MsFCrmF6bVGJGaRA3WAVxlcGEeGApMfbzVmioyz36Vn0BnKEYz1Qr54wAO1KRmZ2mOaX6Oyw14AMhFi2hyGU3EYBzSU6Yq61LIjJZJnngxjZQbAyAQqAsICBB4Ng5tKylTXG6zvigdl2NgMvDXMqiOboSakyEUfo4OEggqMqhkXqagwOIHhQ7fxQoK0froYGCEzuRhX/EBEWRkYiYAAUICFmRgICZGZSgCS/WgKwcAZR1I5MzAIAIQRwZ43a8eAIISFpTCsCDEV8qwwYIgKBEQsLbLAcjoQXHsvNna48J0Hv7mz9WambFHf4PtstLpDyuMJwWTh+cGqOqZdkpomEw0H50DlV1fw1i62EaGtvwWj3AwRpomkN5Ec0FDVCx7MRhJmBWXBIkF1xa+pDd2tJN+VW1d5mek/9EDwKQVsVFdySAhizOSC6OIACgSygQBizcBQl6jHrCxQKIACBQoxM5nSTBxApEQJrOQpIgSgQdYFCikOIAoTCgoDMEUQCgpC/3uiLEWCKyWoeS3WpZ0JBIuqJJXIfJQTYsP4cBSJIFDCNWRgkKQ/5zJgxCzVfI29GMHQcEPS9MZVAFDA4/QQraJOj5fJy/+btBwD4zXfPH1qXJk2aNGnSpMldyW++e/7q9cWbtx9+893zRiI8RiZWX0xphMyoS2VwyYaMtXyolVwoP/ZgV825y8+6Vu2zfZ7gszu1IaNJk4eSqWn1tMbWlY0eaLe0lQ8i82VYR0BAWBhY6T4jk5wY1Y7MMdQAg8utj8h81eP/CzahCuSTVFRgrzhvnq3+5g4xK5MUExEUD3RXACQlzPQ5Lkc1gylCsXEvAVcGt6nlW6B0PlrUJZM0DmrTzFzQYkaiuzzAoqSkqpLtfBp7aIpdjTsyQgcPY4Q46gQ64LVKLDKng2aCWNVqcEk9f9UEwxnXoWMoy1hIaydtyc6d9B0zJTlThtMtc1AERLKXUSxdIBakRksTAjCIO/T00JJIxAVJVQQEmQmJPUIbADiBRpkv4q2DexYNAEDuZRQ9HmHGBsnPNECBu3hPZTDJcaD8DFg4zX9cQMWSrJ3kRfmVXcN72eNuLlWA8NgbZ56obeqiiABRcAFAjcCrRxbUhy3kUzIgIj6X07MCiIQIFsMtn6fQIzgOLokEb4hC6XP39M5WZ/LLcx8PBg2Ojkcc0/mTDVNe7CaagZ9gUPBPMjbmLyuCor/qXBCMLBw5MkeWyIoXogCyERBBGB14M4ekvgojIWmMPz/boAcqQjAKoSiOzKhEQbEJpUc+iPzkENiCSSgi0V7kIAgQIFHoAnPk0HOMEs1nBIoQQBBhfQfUSj1KrIOg6ntU7DYphMgSBUS5gyIRgO1oUGSf6epqtfkYfQB59fq90ge32+6hdWnSpEmTJk2a3JVst52SCF+9fv+H718+tDqfkeB8Yn1m9deF9LFfV+as+emoMnddQ5NfnXQn/Bu+ya9Jbj9t1tSwUKb60zRT5n9d+HowfYNMN48SktAIzXNblogIJY9YoGFhkAXIjf6KtxEii6D/k2zSdA7SdCBGx/8dU0pKjKg9A2KZ+TXVAilpkCFlSpTBHh4EaODDjVRbL5N4/g4XYln4sVn/pxy7JbMuOkRnIgUOJ8O9Ot0Gp3aPf3Mnk4YfTuAor9QadfwVLYkIXBIMUY2NA4AqjbbeCidl1LpfetY8OEqqqZlNB7MNhmhwgSLM145Orhzle8nkMrCYRa7BcFAH2FS9C1hyKMveQMbranUm4FJypmQkp4TF0m+SpkGC/TyIlroFRZHi6fPbg+l2/P/svfmzLcdxHpiZfc69b8fDA7EQILGSBAGCAAkuMhePxU0btXHsscay5BlNWJLtcCgmJhzzV0w4ZsIzjpmRbMkOhyVRkhWWSFPycBdBigRAECREAgRJgATwsBDA29+7y+nM+SGz1q7u0+fec5dHVMaLfnWrq6uyq6ur6+RXX6ZzK0reiq04h0EmiEQk0upzEBEGJBJmhVv0pSQgaJoGEITRvcJaGbumAQGIkJAa3bigzCqjVzlwxoIZkqMkKpMw5Q+6mFjFtbbn1sTAdvfZQdrDl5V0seFiur/UmPKQIYgje2lpE+9SYDTn29F/IpAIqZlMp9NmMmmaCQvArGUUsOhwggrjELFRwBzMo7OyxWQTG9lizLKwo4WVdCVENGloMplMJhN9NfwI9ozGvs0JYNzfUbc4eLb7s3a7vZqFnh1zSeaqetHLtyziP1Z+1wZiMgsYbQ4dLogeHWSxz47x6sAylRtquKAAC7KS+AQZkEXYxhGoo06DzdCY98bGRyAk86fcEDXUEOljD7oRoLDNYjbBE4Q5TedOFNGCrOClbsKYNdzOGLGlRoj1EaBCg+6fwp0ym7XcKlcQ2rBhzHqMAYSFhdy3AISJhcHwRW5bZr8I3WeLrleCzFp+6eXzAHDViaN7rUuVKlWqVKlSZWflqhNHX3r5/Esvn7/22uOThkZcUWX4t0/ZaLTzxoHyVu8dbrRKld2QiEFYJKrUdE1fNmmJvEiDg7Fwe3XOTTtsbXS73vLNPjwYWUgkERZWWAORcEKNesMSQQICtV6apyrbIs8gCEAILAIawS/qhHIQKelaNgVBUQggQM48YYqQc4GpO8wJSe1ZtjWenNNC554OA8AgMXvInMIBICi+SRqPkAFJLDAPKsOoq3ZEIdqmXXIh9LGAIQHoxn9nnRRfzMFL6OJCSgzhuQpiD6Aux8YHu7owcmwWoBSDYYJD2YAhgvMXKiDOVCka/si153g0kV03Mnd7YgOkRE4MDUA3WmJfRwUUMCQixBQxhGzqPszYkWaowXkJ9PXHkJsBCYAKJ6CD2BGRkMJ41mB6HUpufi8ARInKIcymV6Zzv0E3C2RVAJXBYcUej9A8cTV4aqDH0jTNao5HiOc4ImA3ZIjM1TAyEBnMgQKNslxEWnVbzAIgrQgAq8WZCBEbG1otMjIACLQigMgKyaCqKG40sRARARISNure1O5D5yN7QQAIgRDUeK6ua4kSL5HoLtK0JyGKG3fxE44gw2gYpE8PMULFDGnNB9gcCYzebs3FyafvpQhDyGnlUY8Qvs58XUIYGu7qEbOczLs39LczSuGITzy/9axDhqflvlm3j9SOiMytJpqmca8GNJPJ6upq00wmk8lkOp3N2g3mVgS45XbmhzRMCBmCf2wNQIcsQEICjOyhQAWBlIHVtpsbG8yMhNPpdGVleuDAyuqBlaYh5sBDFNG3JuMER70sES6U3u7cXu32XHRcAmE0Q/vGF84/c67I3AYRRKBsBMmUifckOd5d8tqHwgDqDtS9TCgCrNEE3e6qVgTNz7lhx+4hSyvS6oAAYIDW0LVWAFl0f4N6muW2bQWBqFGdWgaNsUpEjYtASETgfIzq6sW2XeDEf3cAgAjDrgnnCtcIr02jShLCDFuYARDgtCEWMlcNRkV0Hw8d14yA0giAAp9sQ92/m6C8wCbqb9bQiy23zg96ywQISNXH6K7LqVPnAeDY0YPV1ViVKlWqVKnyIy8HDkyPHT149tylU6fOV9fioyXiF9ghxi+inwnhZ1kcWTC7NkpL9gs5s9+m2/JzO3MXQ+nahAdwljE26u3bsXEb19b0KzQ9EXBu6CL/vTVd0/PSsuVrzcrlCD+D5QfK2LiFOeUlS0flpa8tSOrJ05Bf69MCoX7p6Gn1IJnxO3XYiIBiLtLAvKIJtD50ITM7ZlfwQCgiIi3AJA0cFaTPFNh1OjogMVEAvcM3EALgyPGXJWTIdaQ4TLR4dLwlyUzG3XvZTSnSGV1oK7vRToEytDDcjjvOK+nhg5JWzixo2KSCPc6yGsMVMYUVXNA9vR8bp91WvPl2/LPIgmJGPSPFkJOd8q7pToFMYid4cSL7UwavzTQZKDPkNhYc27FHBgz08btQrt+hZB51JkI1Crt+AwQCEKKA8Tuvn7YFQBgIQRDVg7FSZIhIAm4JIiKkY8WhnQLKbzaWoAVmM/WUT2PbHRAApIkt4TEiaMhfEpewhP3nXNmRuH400rYLpeyoLIEkPRcdjMtIn9/cPsG+aTzUPfiObH/GnkwmOjjNi6IDwieTyXS6goizzc22bZlnzG3LraKD5l+XyG/BISLvPlFE2rY1UInDh5Sd6CVNM5lOpysrK5PpVF+TFAplkaU4xM7n247s6zE8X1AKG0Di8z0Ys98eAY51p9OBWyGB/3zpViS2h4nqUFZEWNCtRkhEmGXGMmtl1srmrNV0y9K2RitsW93/RCLA0pp/Uf/ZQ1C+NYIjqJLnRLM+Rom2sOjUFgIiFj5bYrdD0ri/W7CwrkrMtgURuoWueOcE+jpg0zSEBKDvCLQ8YwZ9Y8BF4mzIO660tRszMjNx04jMqBUBEt2zVQHC3ZbTpy8AwIkrD++1IlWqVKlSpUqV3ZATVx4+e+7S6dMXKkA4Ujo2W/AeyTR6UcdWjEM2ZCzlAyxWvtAuWlQD03nPbfU1XdNbTE/cNn0A+x1a0zW9s2lZap0S0vFxTPktlkn193Yrfa1G1ImEJGrXh0TQjJviiGJWP3hTWFxaIhqZI6T0wnIxDiepVW6MP88AWiiZyTVlgJKIV7JrV86V9JSpqHVvmWJmQmQUcu1mN7Icw/rSJNcl+PZyp91wMWQtPjun6pJ5vmuR7zp/s0w3kHKkLYo9OAYbTtPjDYjdwnHkOY8GjfVqJjpiAvJTRoACzmTLQ4wRwf1s/kQ3g7i7ilB5j99Gr21MoYshVTVOi7BSVZRWyMzoqGqOJWqRtAABHJQoRuE1Ezw04OnIEUAohgOagdwUQzKal38ELiJhgtR20EEs+mlMo0xCaSgWJq7C/FCGxPKRmVbiCuySy71ttIHFKX+/TI9LcUFp3yz34TACVMuIMwCYzWbMPDM3ixwj3Db4XT36IsTCzMKss0QG5DRNo+jgdDqdNI36geyMxiSsZkfxhabKy0a25P17Pi5ddhztZgw34ZsGdnBkZg3H17L4IHzsVkdsrEERUY4gtCwtc8vcttK2MmNpW3R+R4FtEhEWFAdJk06/hCIggBJIgEQEpG5DnRtTNwODnzbDJJJ8/G2GiW5Ml34iGs/VWN9MqE2r73irgG2JiIQAjX7phRnaFlpmZv1aeqUoxI4GFkEmYm5b4yYqARHFuZKusmty8eL6pbXN6aQ5duzQXutSpUqVKlWqVNkNOXbs0HTSXFrbvHhx/dCh1b1W5zKQ2NbqF8OldGwH9unutePT2bXYr0OwCcNQmd1Pz7eN13RNZ+mJwy3ccK7pmt7htAe8RpQfU2bL5aX/2qE0JNdCp545uiERCKsRCCy6TTBtCwghWdWudpvgAZTOE1QwkNAZN50p1dDFGGCI0bhoZ7zPh47EJvzY8u6pGBB7o3N2Q89uzGrLjLyxYlnrGnRRqABuZW3tmmy1xQQR8SHyishWuMaXL4WS7Lrj6+kfilFhV3OAVeYGkZpLmBtxqmg9TzJ7rvW9lN6XQxQxKVaowXitGHozqacHZu5CUMUeXmQkDBlcc3DLb0OLMMKgra9LIdIIPxMBJRHGDxcRvbHaoyMegAcAAAZGc/snEEhazhGgvapEYCwr83CHIITg2IIIAIJAkQSo0lEDEzDQ3UrqZ29OxxYfzU5I9jp0Sa5LJNlENW/jjgqXyihm4eUgnO+hAUUHNzY2Njc3fQHPL/RzWqCparBMN9FpSf+yONQ7fJsU9p5MJlNFBycTMgfa4qrXvqU543DsE7j8ntRiX8N5Q3EYRbYlBoKtavwCQmzq09UPizCL+VQW4ICNaaw9gwBbdjEIRVqWWcttKy2TC0YYuScFH2oWzW07oIh3CQoAiOTCrSIQAtquYQEkFwyYwfoK48WPI6Si3xTiv1nOH4P5oUexPRgirP7ddb4k+3gikYtKiyICRNAYQNiK7wpBdr1miw9hRHHRZhGmQNQyVQLhbsvZs5cA4IorKjpYpUqVKlWqvILkiisOvfjSubNnL1WAcJx0ba3edSaW7K64uA150XS33djy09Vzv9jha7qm56YnsRW6aMet6ZpebloWLD86LRkUEJlfdk5/a2J8u0TEjEQkSOYBMgvDE/aUQ3JWABz056BBxQdZkIUIXB70wD+eBRjcznUAp0I8thQmLJnRM8sXZGeDWc8jmBABlgXAxm4t8xK5hxasrWGEGbAxlwFp8OoIpKTIHfQFuuhgbjofVnsOtlW4u4FTfcXihxvb972rzDGadxDQpE9G4kkD2i56eaTw3OvKVWWc2nB3SqF0wyPuj6RzjJCXjzTPeXHoHakPUiJCZ7/Ws/7oqKj2xiqQp/6RCTD4XSSjRSchxDrQYPyY+tDZ9FFu5XXbzhRRvDbu212Yf+I5dj9RpfdGPPM13svStjP1EQqGAJL3KaquRMNnxoZ6jpSrK1FEFLQgc3FVyiCcTCce8PbiYcfuxLU7sieNdiVSYGmaxN+v8MaBrR7Uk4/bBOVi7SKqU9jWAEJzNMoB/UWjiRpGKC1LC8KCLXPL0rIwS2uXoFtYAbMS+TTIKxORfx1Zwwsq0xpF/S37Kdf5QPKrHVafpTE/VccekX2tmGMX62IxBMWtZo0j2XrnBC7OLhCB+XhGQERhwIaYUONUg/O82s6Awc3jTgfCpgUhESJqqJmpg94KEO6unD13CQCOHTu414pUqVKlSpUqVXZPjh07+OJL586eu3Tddcf3WpfLQrytNVhFonM+Hf9yTjaUp9eOTEPHxpvZmWMd0v+HyvS1teUyw2ncxrU1/QpNT5SL4KH2mq7pcWnZ8rUOQJMR5QfKiN+SkZeHPj0lLS+FtpyZJ8kHX6c4/eNrfdrbdqN2fQxCV2eg0hASUJck4XyFinqSMkCQ2btXRESzm4kwMyELttKiAAqp9QodDJB8lmwPfMeqN0AjiwPq9DHP8kzbSB+E3YZ/NG+H5BkY3i8iuvg61Pm4xvr0nVpIxljCttOW9gIUbsQ8PBfwEfs/XEN9HmO1tFhdOmjdpTqGUbB8bdzwEFrZ6R/PY4PIRF6s1udFC5ISF1IRIIxPGQAF6HZcWdXoOihUONA3EPXJwO1nmT0g3xzEaDlSfCejNhLoN+oFjyVlCjqaMcbAqn+XPYOQWYgA2KJ2eVzQUBkl34CLRCg2puLtC8ZzaZDI8MEwV0Qd6zJ0RpLsvUDzlufeAD/VDPfZcKTGXIYry9COpT7cQisYHbtlkic8r84eVW1ERfXs0D31y1LQhi40W2S9x/tass0o2P0OutCbYpMlAgIxxWebpmmahqhBJBBbN3j40LdZvO9YfZe3WPTHiGte3iuyH3bMLEv6fBgk20SM06eTD/rJSGyGAhEDAlsRzyBkdUTKaJTBllmkZZ61Mmt51krL0AoYuCgoDIDALCwggARMSP65e2VQ3MyowQfR43+AyIhIusoTf2txAtJnais5RwsHBw1CNAMKcKtOIkipij4YIwKRQpXm3bQFHfC2V05BRpxSBLWi31fWtg4NFWhmM2bprkWr7Jysr2+urW9OGjpy+MBe61KlSpUqVapU2T05cvjApKG19c319c3V1eleq7PfpWOzjdNYwjIwtd/uhD28265FJfRUrL221dd0TW8xPTEjnpmtpaZreqfTstQ6pZsvC5bvXJuXgQH9PWIi/jNUvNbXCeqzigiZBVxcQJHYiaDZctyVHp10dkOHKBhd0Paq25EJgKFrWUQECYEMxxDafLEyES216nkHVtAxXHcYhIazuHrcJVLQeq9keziQuSYrZMsYdC0U78n3yw/DXZIGUhvkAI6ScRCj8lgGJwat1VluKN1DF4OEVWZvSFRKkkr6IY6yn9WMZLe7MtduH71O+fvoCwRAKY5BGArZzenU4QFUQe+qNID6MY/KhiYiEYgoRQYIQCDwCwF0/0J4bUEEgV2TqqFxBoGQyGD9qK2gYoQUQjaT5N0S64nh7y09BC+LgiiSPJ/lDCFJBzB2cjJW1jIadb9TLlN0cHAjQkIftO9f5Gi0CCFnICIiCgog6OiNUUbvLxexwInPKulXfyvPcaGu2yZldp9I3z4Mn+5seEFwyFZ8ZBClCQogi2gkQhBsRdqWZ7PWswY1AKGRDo1HyCIoQFoVAAoS+Ai2bunlIDznhxSRgR1gB2DRCAl0PwSEd89Bg37vRDzPSbpa0GvVxSj46JfOYzOQW1ygMlwtjqatqHRRqJNxmKLR9gioC2kBYZGmUTAVhYGI2rZt2woQ7p6cv7AGAEeOVHSwSpUqVapUecXJkSMHTp+5eP7CWgUI50psa3XLZr+EhhKWEeUUrh2fHri2267pCWU994sdvqZrem7aYhDWYz3u2hH2tLYx5YfLpGdj7M5vdx+6CjX8oP2TonksEG70M2MGHwe1+K3lagsyJ1TCyMQkyADGxQNH+DHjFiTu8mIO39BXOcUYMheImcTUlZgyE4ODUQ3z7adjUMwdkp3w8qcW50AYDGmf08eoKFv6Y6eOblUiqAMgvYUwarztEsF7rXQLGAGjIPbd+NDjiP1hpjdWMPWXrP8JxdHflwvpFG4TEgSt9KQkQZv9KFrIR1/POI+wr14pj+3kIomA8ag5azSrXwBcPoQ3t6Bnxi5KeLrKINQHTaSu85RHyAIk5nLUNShgyrDxWsTs0hatTfvTcwcjdTVqF4JEVnBETLiMATvEnOPowJtswGd06HD0+dsES7qTUneILhGPGXZe6vjiVUwS5p94kDsAhPH2k/DN6nlTE+KaDjxh4PDWOIDQzVM2/wb+ouzAdpYtjK7heeiyhg/d/Ii2fHI7pURZfCKi/D8x2l+rLkZZkUKdtlD9hc7adtbOZq3zKcrC6nRU9BJuGRy1jsK6RYTQ4lSCkHouZWZxRF8E0ciAAtSovwjTzTkgLW0WwbDxRbd8UHc+FHTLP0AQpX2L7isjBzESue+obc5gz0P0bZEgklsCuvdBQBhAmC0iI0v0Va2yS3LhwrpyCPZakSpVqlSpUqXKbsuRwwdOn7l44cL6VSeO7rUu+11KllUsWmI7Z7P0oseBa7vtQskavJ3W67Ee9+Y4cRg72L7cmq7pHU7LUuuUkI6PY8pvsUyqP7j94wLByjJYp1rVpUFqMQqTFDAMs0J64w8qfwcdB6dj9XMERGmZERAtQhgDkiC7QDUggYc0QjKuT2y7H7I8iihCyKgPQxCAxCy2rLTBUJrU6ak4j2120lkEx6OYOyR97XoqlfQWQ8Vieq/tpD0qoEZHQO4US8G59BGgdbcNFvOFFtNlXHnvBkFtiQHeUeaEs30W+wP74ZPujUIK8AyejfPFuaN0eB5ArJIY7y6nwBZQljQ/RrgHNQcA5ZEkasdQ62JOAwsPXaLREfSPHq5NIQ7DGKrZO6nLKswaVYKgBNqg+hQFkju8jAAAIABJREFUEY3WhUgAAkQIAAxsEIt4V34BCVSvGhiJNhvnkF4M4rgv6B+Bm8oEovzunbkjFl+ZDl7YraT4iKSTjz01lF/8RUAX6VcDBvGbUbsiOpd3yvcO0jCfdNsdCUzG8/P4z8pCEtfvPT1q2Dn9U4d0TE+PlfEAYaZqrL8KEflh4diDjf7nYSo/3/uv84DiANIz//f1/I+meDe3Y6bLuE9ZLOQqIgqDc9SJgpbmEEQQFAXkVloBFlAUUOMRCnLL0ppPUfYOSCV670WAhVvW7TtGQCRHx3NbsVgEhKVlsRiEiEhiaxwBDeaqix0Jm0j6nWFn3dS/IQBB13S28cI83QK4IIZ+2Yl2Y2F7CfoPqs3B5PBCAEZkgJZh1krT6f8qOy0XL64DwKFDqzvd0Munznz3u9/PPhZN05w4cfyaq08cPnxopxW43OVzn//y6urK3/qxt+61IlWqVKlS5UdHdAGgi4EqwxLbWsMCt5BOWYOW7l47Pp1di/06BJswDJXZ/fR823hN13SWnuiPbkM3XNqB3TW/5i8/XyxfRpSXkA+99UtWHob0kZAvaT0u8p846MHng+Vr/YrBOH0gqcf4X1G77lp/12a7BLXWsNptYptm5DUUVJxHK+Ozo9rPKEKBgrmTQRiAivZQn96mJcgBLUm1GZI30HqcqQAEQEJM9FhQlxGyHbV3SILL1HDjGX8uYbClWF35phSA6coAuAjWcfFCJSmWO7HsXF4komW3MNR6pkqvB8V8qGTFzBOvhAoWZW5tk3XqX/4eXCpJDAzsgWtjyXrDvRTeWawZysUmB+luEYjfDvFXpvVnbxA6JmJEmVLAPgnnptOUCFhgQr1cAMBwxB50MHGdmvII4zK4/Tc6vrttVrVXssSZeZel70Vb1uMoMjh1g81kMmmaJlYjeyW7GyPiUx4y1ETbtjpnRQEICcMkWnij3WaOy3XUbV/6PlKLSvEr4FYXAQ4Ut7hiixrIyn7T0INtC62AeRBlYGYt1qrrUQZ2tFNzpNwCtoLqSbQJU6YGD7Eogn7njOKABi46Jjf65ZiGTla+KQhooGW0C4Gd3wRrI6JuU7zesbiJ0fQbhyQEaPzkDeDHuXdkKvFs7GdYjxEiApGGMEREEASiCdvXVrfjKGJYZTdkNms3NtumwQMHdtyx2L/93Y9ubGz2nT169PDP/ewHb77php1W4zKVp55+9r4vPggAd97x+mPHjuy1OlWqVKlS5UdEDhyYNg1ubLazWTuZNHutzr4WC7yU2HXR2WnRW2gjuy6m9tudsG9jJ9+5EHFW31TP/WKHr/k1f26+xSAEi44WjtjJqfk1fy/zpZwv6bXYKblYu1KoM6IMdfUBcAZq/0VK6oduu6gMHkSNESOei672H2YOu00Cqc65tfK5zEAgIsgofo8LhC3lcbi/ovFUpURig6yMPxUDDGifZIzb8rCpfTsBHDBr1lhmblyoM7PS+p4tOW0bgKx2RzJDc9KNHQzMgSU5PBaDpmNsyjFlsE+H0ZV01CuV6cMR81sY0/BoGQB9Y/t72QtvrFUXKkWMgTJ7jUtDuti0vqiZqln5LWMD5tY1VSCHb2M+oJ8j9FZNk7hsrGGYACLEEWK6FQCQevwkwjAnAAIjkM0/Fv1K+4266HJMCszQQW9XNxphhg4Sxk8tcwIZyvtm5nbmYnDUFl13buFxD1ySgfF9MPOiLS4o2/JimkG/3bNjsPOByrttxftFvGjowayt5GMUA+Tp2VxVfUkacsO2vMWh3/1yvyjEP+8696bniOZIWeIncsw7lbKW54gjYpZOJUPCz9u6G8voewIWa1C53c43JjBDyzJjaVnRQT2yMgjNB2lKtEMNryqszGkiJBHFmhFJLOCrzlRu8GhgQnbquP0NBg4iEhIiMYjLQNts5rZ2ZQNUzRi2RAo+Qf1S0M28RtMmw0bdbzm3qYwAGdQqIkZ/RCQAji9mZTeqe1INj+j3dohihUCkk38FCHdJLq1tAsDBAyu70NZs1gLAdDo5diw4MVtf37h48RIznzt34T/+/n/+hZ//0JvufP0uKHPZyfr6hibW1tePQQUIq1SpUqXK0uTggZXzF9YvrW0ePVIBwiHxaAUGe6zHLxJLbGTC8fbb2LRTsAPjkH24265k7Ub5UCpfcZaaf/nlBwahw97DsebX/J3Il63VA+V86JaHoXoK5eN2HX0oyYekdUn0gaQeCMYfcdfGrETdlh4xaAg6u7bF/ImSfWzs0+j8R9mWdq2WQZC5RUQhAEEQdWuWYAYxOUnzdQ97104dFyuiWUlmWj66ARBBs4ia2glvwxyNBrMgpv9yJHRH0cEBQDS5pzRgmP3p7WyD1w7wxobKd2rtPsdefKtDHxy+o1INQ75V55ut00u3R+YrahhgAl82azE8r/i0R8jc+C9VjlHBgj5zb2eA6OlmqBwYy4eih4gd7IeAneduVveOJ95gTfY3TYTM4MsgYkPEzBg5aQQBJAzLYdeaf2/DJj5vfk7RQZefE0izAh68zPDp5E/XQLEbsy4dP8A8+Dh3DBs00AtRLyZdJecSdhcaZlvVMGuiMNsPVE5ExfL+quwusu9R8apu+Rgd1BzfbrY9pfs5SxpK70XBxWzUIaEfwRh/gPMe84hP/CYOi9tqOlwIE2r+QjNnsbe3LOOmeowmmWJJdxrdvNf5qMWTkoRpx3h7IAYN+uB6Ev3ZCrQiLXPLaOigKImQNeQyW8RdT6435IzIMEJgaJoGEIksgiCA4m/2ibBJgEVQbHp0AJ4AsAgBAgI7JLMh52IUhN3qJ4ReBgEBBiDR32EKH6IWDveuGzgRUPUEEREUYVEXoSjmdpSSnjTSKwE4WiBYNGsy16RiO2fcNGg3KQDNTi2xqnRlfX0TAFZXd5w+6OXOO1//4Z9+X5b58MPf+sRffo6ZP/bxT912640HDuy4v9MqVapUqVKlisrq6vT8hfX19c2jR2pA4iGRgl0XnZ02PwvmBMrbb7Fg7x1rf8b+8t121fKZWZtxv9nha37Nn5ufMAixc6z5NX+/5Es5X7rlZaieQvm4XfuipPkwoI/HKsQjkEn90G2XkAQbQiYfWxAs1CAAABD22htFbUvOe1TMKtRd9izILWKDKf7RjRelf3oLqbprG7AGeittR6Oym7XwQU5tnIgYoMLYi5a7PwCN3oRbsJDuG0nonos7R5UubNyVkUSc2CAed+mwKTkB2IJpXrjfuJ9UCOLYDFvSPPJR2XPtUA1DqJJj4I3vwK2Z2uf2EnZykgEvAOV8w/0iRCRpVHruzuOFMfqbjYH4lA9Y6LRFoWwOca3kwQhtSnE+RONThYaGpQuKF3t1vMS46W7K+F0C+2fe6xv2/WNsyZRHjwt22+0y/GKVshkgVqxYmx9pLgAh7Yf+z97orV3u090b7yu5JyLu26+ffmZw+4iEW/f5Qc0EZmhbmTGzcgTFaIUKx3FAEx0O5rZkaYBAAs1Wsp0IgyACid9KIgBKsdbR1LZ+nYKKqKm26sd0E0QISQAV6FM+orFVUVC8J1CzEhhNVAxdFGlF/EpKt30x6E4qMfYkGxGczOGqEIG0biIFAfXCysF3LqLfcRU9btfHBOi4mI6hqaEUq+yKbGzMAGB1ZfcAwqLcc88dLPKJv/hs2/L3nvjBnXdUEmGVKlWqVKmyS6LLAF0SVBmQ2Nbqjh6/KJx1UQAk+l3Ya2fGIftzt13pb9f97Cjruc/s6jW/5vfnxzEI67Eed+PYjUE46gi9Z/Mx3F9yfutQKgNJnZK0AllJgfK1cQxCRNIt3cQMRMKJuRPn+SJD8eUcn1BaFgAWImAmxBYBGiID3DhEOoxtjooOqnhOYeeTXLC3OpxvzufcjPsSu1Q0uxcwi1cGRQAZdCe+BnTU3fU5etFN77UMqDGnd4owgI/qhN5YmjE47T8jN/U1ib4ohmiEAkk6qdZZoV2BhACWQEpRJnTSUeYQscbdZn/vmV00+Jvzd+WWW3PgInfxwt4AczC7U/lIXld/sQK44ns4HRWaSW6uAey8ES5kI7hE3C2G6GtALH3ZM7yeiPwk4F//4GLUW45dAt3oVJgtoV4Z80rcX4DgwnLZAtuenO8fP6KGe2wb73vfIPQYc0wCKxbYlvSrneXnvL2RmFBxbliiFIHAuajhgCwKd/VhWn7wqH/RbitxmXirijADEUQfvnjsmYdRC0AYJmKQTt9KdBbizu8bUQtLd/JZOv4aS7eH48RA08NadTsIshxEX4XGPFU8jMXiCAqLw7AEjDUobcttyy2zAHp00LkeFYsUqNVb2D1yE6ltZ2CWtlUfyIKtIOpIMn6geMohgoCQgAAyOuedgiAowu57KW3b6vxKzsUngbqptRiKbhGkXioURtTwiBp02gZkCyIirQgLi0ArzO7eFZ8UsRjTYNFYWH/VibptcNxG5XujMhv7H1y80ESJhnOVHRa1Bq6s7L1LsXvufuMn/uKzAHDy5AsVIKxSpUqVKlV2TXQZUAHCuVJCKxyzwvH2pHsW1IaBvVbf+ceBa6EvBxNL8nZar8d63JvjJOJjuHeppmt6H6alnO+YeVG+bKOt4rUwVh8BwHnXmk0KSf8DR4aQiNvkP2g9n0kra9Fw1YAmathvAQmxIUBJUQeVGOzJeBVjfE4mVRWLdlSFDmNHRG1ckaAdQX2TxsTIFEjbUSPpeHH+0PJMS5n2W1FVIMB42AF8XKGeJ+U7B32vRzZASdOFlkOnZ4/XD4CCnXeArjfUA4PxqzJ7u+VhdnJIMgwo1WmgBuegc4s2/pFQVi9wFKDaZBQEfnGIQRiTBcE/0gTBl6CS4wUGcERRwxhEUTGk0Nu1o3ChoCdKHES/A8E7tkMHB6ZlOrfe2YKw8/C/ezV2AFR7hchIb5bdR7mdh6uteCQ7djrardyP53gMm6fdaKhL6uIypg9KYN1KASOEaA1QuvVQ5vKXbRIZCxUmifCxdFiXMAOLMAsbQCjurHkQbZlbcxGKraGDwgJstTmPohppFTWSHyY7pQAYBZGRhFpSqNmiDEZzbyvi3DEgIwCor2YBRR9F0bjWEDtE8zuK0BCRoX+pRwFQd82G4cXbWRwDUu9aWAFC0Nnd4D+FJUVVQQ0fCE5zUH2iKS7/kqd/+NEZKqiyC6JxASfTyV4rAjrdicilS2uac/r02S9/5WuPf+fJixcvzWbtysr0umuvfte77r3t1huza0+efP4zn/vrF3/48sVLa0R45MjhO+94/d9+79snk3BfFy5e+sv/+vlnn33h3LkLAHDwwOprb7z+Qx9479GjhwHgvi8+8IX7Hnjve97xnne/Lav89//gz556+tmf+om/c/fdb8xO/b+/8/sXLlz6jV//B4cPHdScc+cu/OV//fxzz//w3LkLk0lzw/XXvu51N99z9x2rqyHK48bG5v/5r//9ysr0n/+zf/Ttbz9x/wNf/8FTJxHxf/6tX1PfqqdOn3nooW8+/p0nX375NBGeuPL4+9//7qV2dpUqVapUqRJElwG6JKgyIJ6Hh8GmqifCMeYUZjbY3DabprEnf16Z+DhQvrfM+PSw/jVd00tPT7zP3ICO1HRN72RatnZtgbFn6XwMw1A9MtwWlMpAUqcM6AOeQZhfG+oM/AZCImTjD4JFtxF3vwUJfgU1Fo0BA4avgYhuqUdksCg7kgF7fU7h4jBOWaMxISMxFBZNpuCVEj/huKIp502CX63Y1CsOJYzhjX0lXWtph74mkHgyRE8NTP/01jmrDt0j9SNg/O3PNeAmahd8xYKEYYddDNI5jUwqGFRvLjrYd3HfheK0KFTnlLS/JOpASQHRAZ1js7Wkhbsoe+HyZYBbDpzwDfU2GsP8HX6txbXyFyYE5dBTuedPQmJgnWGyVpyNXnwEwbjDnb9lP5mJhrvKGFrFY3ZHpvMQ8LxYj2Yjat6bsscTzt7tgZDx08gYdHC54sd5POzjY6Zk0bGtH1oKg8ccem8r9xbzhPm+RaX7TvR944ca3MIumeJmoAG0r+/r390eNFzPeEFE9+Xx84yxAB07FIOzTZEWgFlaFhZhAAGI/Iu6NVa4jbDtwfYthC1ZIAiIQkqjJtGohepylI1FiMrYEwJEJAEmaFtAZGVsI4IIOp4jaAhL88VtEy0ZA1CnR0BBcI5A2e9Difyhgt861bK06nzUPs6ia09USNItyhpACv5Jxe3g8NBfvO9MXwfx3wVlHQIgCoNw1ydBlR0SAwibsg/23ZSXT53R1+zaa1+liN3nPv+VuMDGxuYPnjr5g6dO/nd/92de//qbff6Xv/y1T33mi/7PtpUzZ8596a+/ev8DD/+zf/KrR44cAoAfPHXyD/7wz2PT54WLlx599LuPPvrdv/uRn7r99lufOflC2/J9X3wgAwifOfn8E08+DQCf/PR9GUD47cefePHFUwCwvr6hAOEjf/Ptj338034y39ycPfn9Z578/jNfuf/h3/z1X546FPaZk8+vra2vra3/1Rfu/6sv3J/1w9mz53/7d/7Aq9q28sMXX/7Dj37s5ptu2HYfV6lSpUqVKgXRZUAFCOeKFGy26NLgIwLmZeziHbJpQ18ZTGzduOx2a7qmdzydxCCsx3rcv0cp52fxAgdKbr0VGCgJEL1B9h0YvFYNMkQkhOicixLpBnaJt5NzbDVKPpPOWueAJOeEKyBuGcEijkgzjO5kJtfY7WGnfLDAZsgTCmqwHGeRih2EIkT8KNu4LmL77gGENdRQYl6Nb2ofQoaxOPDPICpnkgt343LMRBmzBtEByFsw1CUPQgA6jzi1d4cTcZw5f7YHnikATtCpx5cc1JYg3HJ6qt8TamTZjHTzHjm151AA0cdwDPccedfEzuCP2ZngTLlSLNB7RxinO6bzoQ7pt7PTiJ7Mo3W6+QHyURFf5Q55/yMQWIguD5N4fpX4tze5rzBXuAkhBxIyguAYaKHT0HaQwoxFXWhqB8T3jJ93y5sz3H1FHM2k8OLqJcw2KdSQe8iEtGkPIQT7dbbLZODxBRwupfdtQWJUb3jCycZ53wSVkOY7hNb4cyYRDwt8Xy3sa3RAMC2WzB5zrlwEKezbyjD3wuEa/A6f0dVk9+trCXkKgRmexuwXLxZ3UGMRMjCEZY2InbUnI4h+5QWev4wISOZl1K24AFoUIJs5W2Qk9SYqzITCGh5axMUDRmCBGYuNG6c1s3pqCDF3RRjsC+T2QKASDVGRQ/bf5wCJCgRGoYCBoOw96LrxKCKAAuRmaEBo2X3+/FsL2CDZUgJR3BpDyZEYwbGeKI8CZBueq+yGtCwA0Ow1QMjMf/wn/0XTN914AwCcOnUWAI4fP/bOd9xz6y2vPXLk8MlnX/hPf/oXa2vrf/qf//J//Re/6a/9zOf+GgCOHDn8oQ++93W33dS27d988/HPff7La2vra+vrChB+8lP3zWYtEX3og++9/Q23Hjiw+v3vP/2pz3zxxRdPnT59FgDuvON13/nOk7NZ+93vfv+2227ylX/5K1/TxNra+rPPvfDq667xpx544OsAsLq6cuLKKwDgzJlzf/6xT4kIEb37Xfe+8Y23CcuDDz3yta998+zZ87/77/7oH/9Pv+ScIthE81dfuB8R77n7jje84ZYbbrjuwIHVjY3Nf/t7f6Qm2rvf/Ma77rr9+BVHv/34E5/+zJee/P4zu/QwqlSpUqXKK0x0GdDytn4rvRIkYhB6m6q3vvrldmxx9VYjhMDAKx8Hz3bblazdYk5Jz60fh/Wvx3pc+nESGeLrsR6XfSyNLtlabbkFMxxldElrfWDMS4+GUtJf/8/q77ZeqBPU/Gob2z2ZhtBZv8Rb8AWgL0yXYysii5BGoUHba86OmJiZoWMTf2b467IMPTAA/RI3EXEAC9ZbcN7DzD9qBD8Eb6gaYYdZkPKa99n2dhfBZx6bsGOqDtzKou11e/cZ88/mFhs4n3H1PO4YD/pM+nz9bU1Sh7uF0z34iYcAs1tYUKNABB6pLcKChvvx4pzZhtezFLAwGWneOeK8Momz0IxQFTc3zBv2JfNpCgsFMgZhQM8yKKgfHexDPfukONEti+upM/R2nnjpWnHhJ3fDZt/PJwvzW98sNwZ/GrGfYKyktMDgGXsYEZSuxBxbV23sXHQZr/ASnt1cLHaunsOOAUZevjwZovOK4l8CIMLmMx1FkAFYFC4L0VDB4e6CtuFI/KShv3AsCiA6J6OUTT5EiMwCIAhkG1ZQUAMMuoYIGyAWYQYSmQAKEjO0IsysxEHfn8rA9mOJCAEECSL3EQAaadmHhUZBXa8J+0UmK32wZRcO1vMDDQPk1n3hwE+ioPEbERCABMXCvxodFqOXOBkLtpUEEQGoAoS7JfpkaRd7/MUXT33720/4Py9cvPTDH7709W88urGxCQC33XaTMgh/9sPv/8D7333w4AFf8uabbvjFn//QH3z0Y7NZe/78RUX+nvz+M3oLP/9zH1SO3XQ6edu9d73t3rs2NjZXVqZ6j88//yIAvPUtd77t3ru0tttuu+m2227yZe6843VK/nvgwW94gFBEHn88qPqVrzz8Cz//IU3PZu33f3BSYTzN+bOPfVKH9d//ez9zq3OC+jM/9eNXXXlckciHv/7oW99yZ9wViPhPfvOXrzx+hc+5/4GHL168BADvfMc9H/zAezTzne+45+abX/M7/+YPl/0oqlSpUqVKFfDLgOKv7yqx5GhF4OiZuN9DvoxuGffb8bJrx9ufsf8s9OVgYvUdqKEe63GfHieQMHST/c81v+bv/3yVnW03chcZ8tMggXHJpJ4ox+fbLheMDVikXqsAA48wMx4ULNqiBw/IJSZQH2DM2z3BYK2CA8mk1h6/bZlgSiZLruq/1JteC0ZbM1/5U2Wy2j4iEZYAs64Rrs947cx63cztSoSu+XEk8VmfKVJEShJ0rehfrtRoXGYIXUMcLtB7qkzFiu4RXdU5wOQRq2GD+ygtesGSBWQuSQiM3eF5e2bFjdrOTPwpZJjo6DmXhMTIfl7yYdj0Wu+U2L+eHa0x0JatK6y/E+O7clEEgju/ZQByW5O+py0y9yGMlK0xfufKiDrjIuGTM/quotCWOy3bmbRLZN8cnix+I/rQwXBh9Kr4AITptph0FsBFgxHOvWUcnipHooBbk4Wq3bkNOoYLgn9YwNGzUlejrcXkA30kyhMPb4BzLWQ9ieg3iDjEjggJ3DZi9ymxxRkCIQKhmwZRWjFWoPqjbVlaFGb1IEpMQCwtaDEEQQSKAWYdSp4ln79likCi+8MNND8uFRxlm/ddXEKwrV92mdtPjOi9OysrFhBYBBlsj1XTTFgAxYOSQpC/UIqx0vzhWmU5EvP7d0eeeea5P/5Pnyieuv76az/yCz/h/4zRQZUbb7xeE089/ewdb7wNAA4ftuB/Z06fhdQJpyJ/+rujaWg2azX6YF+Z17/+5sce+94TTz7NzEr1e/Sx77UtI+Jdb3rDNx557NsRWPjII4/pRPTOd9zj7ut5ALjl5tfcmoZI/LEfe8tf3Xf/xsbmk08+nQGE73j73TE6CAA/eOpZ1cqjgyrXXH3VLbe89oknnir2W5UqVapUqbIdGbmru0qMVqikHkbBW1Zyu65b8yf5XfstdOy3c8vH+nQtvX3lu/bkEXbpXH/NL97vsJ41v+aPy58EjBshWLujdM2v+VvPl+XVD+X8Qlq2oX/nWrUH2sd7hD55PnTr1L3tDIgxRohEFpvO0e9cm8GIEHvqM8VAFGwU0W3qDKAAAIugYoSxSRQRhRmcGVRry8CAhaINdV2Muu38uenWK8AsROB1C9vjJQJ4JJhwI55hmSmyV9K/ohu11itCFD2IXa8U6YkpAtXNAY80pZBTXGuug1s5zbFlR42Wbfexsn3V6Ecq4b9GHy2Ebr/NHxUyylzfcW47/4o+im2hjj4eT+dCvyDEeNjH6P4Ye32RONil4sWsqe42xmyi6IGTc/6fueGLcNkxqibzW0eNWNVR74hzO1hUOE0ULxwxYBaUIuZaLDDmBhMMeGu69nZRrs94fnDxkgWe2mC1imWoHTn7rsUfi8KHKZXsDfLoYDwC0frFf/v1f/85z/TDcBYWGjrzSy5Kme1e25WB2kZ+67suRrfwfMPnH1DUg6j4KH0gwi0j68QkoJie6BJHKaBuWo9fG/c73S+tGoUJkykxesmJ0HnkBkAQAdIwhOqQEwWREZAt4iCgAAEgEDIQACOwGE0RDKZD3ZPBhnEqrMcAPlCiRAuk8CKrc3UbwApoJs4YwoAPnwj3fyDECjgP+OqVQqM4ArDzjmrEwuRDgDsw3VXZP9I0tLq66v9EgKPHjpy48vg999xxy82vyQqfPn32mZPPv/TSqbW19Y2Nzba18EhKswOAq1914ujRw+fOXfj4Jz7z4EOPvOnON9xyy2uuufqqrJ43vvF1jzzy2Lcff+L/+Fe/95Z77rjl5te+5jXXmcNPJz/2zrc89tj3mPmb3/rOXW96AwA88ODXFbZ873vf/o1HHtvcnH3vez9Q/O/Bhx4BgBNXXnHFFUcB4MKFi7piueGG67q3/Orrrvn+D545+ezzWb7HO7288PyLAHDixPFuJbfeXAHCKlWqVKlSZU9lnj0ZMHAF59hvd94ejjtcf82v+TudP0nxh5CSOCBFza/5e54v5fx4O8ZO6RNOzdHHeZ2M8iHihKE7III0gEoibIAYxfaq2953tfOkEZi8QYeIlKFjr7SAMQIN27BwfooReitqsO45jl7QsoPhQUcKDifTs4bhOWhPejAb5080MuY6SIa8qY9AXLTG2Gi1JM9vOyv9fMEtmt8GrMNzHcf1PYK4J0s1c9FYiAQ6SLsPYiQCtDsynxYVed/NHo1/XWVByCXziOu9h2X1BwSipxJ3B2G2EP92e3QwqrmP35mh6Z7wPIz29T0m14Tapn0ZdReMvoyfpBAQqdex5JYHQ8ZX3j9SegSYPeS56KDL8Te4/Vemp5dilGtKvuI/AAAgAElEQVQEiTB+37NxlW1A2SGJCfHoeKk+Qpsfe9mfXr0+2Dt+ZtgRKG+e2D3pUid3Wp/M4WefJktoyP3n6IMgIiwu4YZcyzJjtu1DioGRomRoVynkJgJCojsqspaC189kEvZ3RwTqlBMEoTGlSBpbWDGztA0RITEDtzLDlgUEhBCoIWlQhFgE448vIggyqOtQrz4AEDsP8G5WB90FIgF0NqiyQQftCYoot5uyLy8iKpiKikrqh4OQFBdUwBuZjbQICNgAinkVJW0yQKf7a079URZ0SPCurYvuuuv2D//0++YW++GLL//RH/8XDRDYlXjs/cLPf+ijf/TxjY3N55774XPP/RAAJpPmne94y3ve/bbpdKJl3v/j73r25PMvvXz6woWL933xwfu++CAivvH22z7w/ncfO3ZEy7zmhusOHFhdW1v/6lcfuetNb9jY2Hz66ec8z++KK46eOXPu/ge+fuutN15aW1efpW9725udtqc0cd11V3e1PXrsCACcPXs+yz/UoUhevLSmfMFuJVccPzq306pUqVKlSpUtiN+rXWVYgnHBZUgHv9DFbNF+i9u2D+PWy6d6du3JI/Qp69+9331lt6/5l3N+YBCmIj22pZpf8xfJz89to37pLS9ZfqGiUD5tqdOuGk578ktXd+rv6ilJWQSF7gTEcQgZGdXnFIGGnkJW05Za0Frd+q0xbQC4FUQEMqOmvs9mQiUCbgFmiA0iAJDauLR9IiJs1Maf+TgyC5VZRbnbhxYOJ4EqEYUcmMS6K10RSXa2Z6dcUhVGTuKsedaN9QxCPj4iAxIAMCCBMIju5XfMMld9ghZIXGe/xBhDjMIOm1+7JMuORc1cmOXIQIz8eIpkj1ZFDbtlxtiV+kyiw0RMEXMNmdYVBrEbKvl1g6q4AeE6xj+pmHiT0Hcy6CsmqMX0MtUWPKwSKcQRyGytOGdq5snXGUbRSokviQDzqJyOdBFFxfbrvh7abzw4izxddwtOOTfmUyd8EN6/AkYYv9Eppq63Rgjmtc49Gpu9JDmrc41GNTWHv+L7MfbRGN5wfT3tH/pR1LXOx0eMHq7vq0U97faAnTGTOXkUaYfnQzfcErtleWlyKCGCdibVKn7+vRhMR8a84PEfA1X1nHIjJX448UsUBk4J4Z6vXt50eG8lwiUxlPYd5Eaj0qgAXOy2KPJcB2mWCKQB93UQAI8s+mJ+AnNfKUTIp1aJXH27NzGqpNvb7u1M+mfoocC8AbCV8n0F4s/cwLXdoMWlyn2B4ijNXjG/pPIzvytgLyey8ukEWVD9iDIDM7JG5ZMwgYfIIQgMwKLzE5qbT/f8FSl0sKDYQEAQFr83xH+OPZQMgGwDD4FA336hRphYhLVSYABgEHFuPUUXc+ImUxBhYRGNAjhpGhFgZmZumQVYUWdEg0W1W5ECr5AIGyIbdyIsyKwhGC1GrITB6RZKAIhAhESNTThORQJgMeIgNgSIHJ4eqf8JRCAi6fkpWGUnhIjalpmlaRb70u20fPSPPn7mzDkl8N395tuvPH7FyuoKEf7u7/1xNifc+Nrr/8X/8uvf/d4PHn3su08//dzLL5+ezdovfunB+x94+Lf++f+4uroCAEeOHPrN3/jlF1546RuPPPbUUyeff+HFtuVvPfqdbz36nV/5h79442uNyXf3m9/4lfsffubk85ubs689/E0RaRpSX6b3vvWuz3z2S+qA9KGHHlEd3nKPuQy9+uoTmrh0ca17L6dPndHgiHPvemVlur6+cWmtUMlLL53eal9WqVKlSpUqQ8Js1rm9VmS/S+cHt2S/xGIPUJHVrGS/xbjEjtjDoxak56fgjrRb82v+svILMQjrsR4vo6PKzrbSiSMoUQzCOSVLMQi950BnnXIAlSNHBNM/eCs/ULDPCSGB0YokUA49tCZtg+isQwTAzATAjnuUf1Mj2EFQPZU6TTMWo3fCxszqKDXERwNv8QMNpWiurqLNMxmGgcEUbJvsRcTvb7fKEAOByoIGLceO1cchG5bBgHwS4yJJW65FiFYx4zX0f45UcqFt6aVWSliL+P+20f8RDADQbSdIBmeCx4OdGzcww3Ofc8UInkCI0D73rsX3loAtmGbnSG1mZw+AZ6JHmJySRx/azDHpziPTG+T47XJ1Sqe1DP0F98iCFbvANUTPGhHn2Naf8ti3AGKI/ZW0mdyL1y3Y8iMWV/fGYyAH40ewbXJhpGLcafmDG5L4hiLNF+dvlbcKLI0Htl3b8oAaBbW3UL8BJylyFz2Z8NnSYRNBUALggJoAETnMp38SDsQpADF0JAy29BI3LyBSNiaTwpJBYeVew/LWpO1ITm7eYY7myIKL1px+7hJ81++dssB7okih+ft0V0ewspvUrRig/bMNFS6yH0bRTzW2HoXQIjo4yLUQrWqQgZ0XCNAdJszAgKQgHwkjNoAtqsNTY3SzrrLcJ0ZImJnBPEToYkkBQgbDEtm5TmDb+0HBj3r8CRYgICZgRkZpEVlE0UJ7QWzfmLiAsm7+J+erHEmdWAghqGNeEA1PaM5kNACjAqqLPtoqW5WGsG2hbblp9pFZ8Pz5i4oOvvtd9/743/lbPv+Zk+alsztL3HbrjbfdeiMAbGxsfu7zX77/ga9vbs4e/Oo33v2ut/ky11xz1Qfe/25NP/LIY3/+8U+LyGc/+9f/6Ff/W8185zvu+cr9D4vI17/x6EMP/Q0AvP51t+jbdO9b3/SZz35JHZA+9LVvAsBNN17vMb/Dhw5Op5PNzdkzJ5+/5547Mt1efOkUAFxxbD4F8OpXnXj6medeeOGl7qmTJ3MPpVWqVKlSpcpSpG1ZlwR7rci+l67FtRODsIxodO23nWuHSg6U7792yC490Mqix4rg1OOOHaMYhPVYj0s/LnF0STkfRpccpVXftcX8Yj3dkmlOMJHbH4RA6Lw3AiIhsYu750zndpsp98u4XhIb5R29B5DFHI22AI0CIhrix9OtYstdBMN4f94ZX9C2OKm1i4iUmRHDbMFzZcAMUvDJgRlo+eZoyT6Y3tGYfj7NE2oGJWDaCXsg2219ETuv796u8XpRHfrgqCzI3LxKRkVJHGNuToGl/PIiaUkM1ipeFEp2UdXucdekj301dxgLiAUlhaRMtC8A3UQUP0GbWeJWfJdmY6kvvuBg3EHtW1eV54UJetAXIwZlESPMqKLJXW/j5epzmjrgOLE4UPt0WBTb28M5anck641i30ZspzkdMvdZ9EF9mWdRBXx0pAqzZngnpX5PjilmyAplMQi7OiTq9QyPgbvbcxn2SOzL7ETD6d/xE1Q3ocICzvdmhA4qGRBJrBIW0QiAOqB0pYPqR91R+NBT1e1JExIREmmEZr8DC7xTTwT/6ANNG9ShJzBACwCCrC4ORAQIccYKJpIxqwUBgZB0ckZ2LiJ0TDCReRoFQwdnwtIKgxgsyt7taLIjWkCXhg0TcgtE0qrXUmZhFtC1o+nrohXqmAYidU9BIow+4mDYJYPoKOEa/Rrm812rLE0mk2Zjs521vLLXmsTywxdf1sTBA4kTzq9//Vtzr11ZmX7og+994MFviMipU2UPperp9L4vffWll06dO3/BZx47duSqE8dfevn0fV988Pz5CwDwznfeo6dWV1euf/U1J5994XOf/7KCl+9851viCq+++qqTJ5//+jce/eAH3rOyMvX5f/PNx9fW1osRB7vymte8+ulnnjtz5tyT33/m5ptu8PmnTp15/DtPzr28SpUqVapU2YLMWtYlwV4rsu8ls7hingOdHP0xUbDKFksu9Yg7VnM91uPuHIPfpnqsx8vxCLvQCpTyYVzJco7f3Y5E2DSNBrnJzZQsKIBgO9xz8o2zmKmLKwie/1xoHmCR1gdqsip5ZhfEe9ldLMAsOl0smVm/WyDke5+EmqnBBdWSp6xBZQqwdATUPmif84IW+1Ewku3U02ec7at54GHNvRxL0oWE+yocWTK+KPoH6RAKmdndlRp1p0o3nQEJ8U0tBR3s9tLcjuojzw1L6ISo+pi5iYhd3qS7WsxOXnqmA5kDg0HFT01JMewq4KbGTv8P3GyGWA+8C8PPKN2lkN91t/BAPcUxVqU7a3efl88aQBC71Q6cYhAgDF4jw6cPHO0sdh0K2ajzOfmQcwO7IdKPcIwR7gLg1zeHz+3hLTc38AR3Ch0USPja6ZvOpo5CZK15X4fAidNHBEiOLIjm7BMIoBEhaYEZ1UkpCJJQA40GHiQiQiAQAkFg726U1Cmp0gcNQARqkJowDBRlRoSGiAgnE5pMaDppptPJymSyMplMps20aVaaZjppppNmZdKsTCYrk+mB6XR1urIynU6nk8mkmUyaSUPTpplOm5WVyerKdGU6XZ1MphOaEE2omTbNtKFJ00wbmmr5STOdNtPpZGVlMplMJg1NmmYybSaTydT9m0wm00mjQmTvBsTLJkQkIILOnJ1Nhhge/D4is/2Ii1oDZ5uzvVYkkZtuvF7Hxpe+/NC5cwbgPfS1v1HqXjwl/n+f/MK//N//zac+fZ+CcPou/9UX7tehpL5DH3/8yf/tX/72n/zpX7z8cvDS+dTTz7700ikAePV118RN33vvXQCg6OCBA6uvueE6f+rtb78bABQdnE4nr7vtpvjCv/2et+u2xf/nt/+jhk5k5m89+t0/+/NPaj+/78ffNffG3/rWO3X74x9+9M+/+70faOazz73we//+T7bal1WqVKlSpcoc0WVABQjnyzwbbKHMQvbbeqzHeoyOE6MhmfGxpmt6ZBpGlZfltSvlfOiWlz49XXpgzMsi+Xk9EOkJA9e6X9q6v70hZEECEhEhRCFERnDmvISKMUgpY2ZEQtY4N+T4ghoajOKiEKqHLo8wBIpzJ2LDokcc/SUxDGBcDXPLJnrjRQNo1/zqyQ3qqjQmiziSIeIOsRwWlDEhnbZZf4ZpdU3tW2i6yB2JR9RA3ypxrRg5bwlPpHQzWSdvrav7CHzLlQHi0U40LTaphMrTOUFcjK2cp+jTczP7x1ieg91E56oBymBfye3LTkwUxZdxC5Xsh0msKMOKDc9C8X0lIVo7eHbxE9bbaFS/onoOQy58VphZvANhtD0zHv2KYTDFnZCQMNmCszWvzkuR/TwwliEI0eNwTyU8HvcP2a9AwJxwCiiXmlwlwAIgwCwtC7PzyA7hk5EBY26CEnXDqY413Q8hPyvpkkg8v7AhBECWaLGHgojMGiZQQNdtoB7XFf8kEmYBZQQKAyKp33QgFAEkQQEiIBTFuYVIRAQJQKJtMBb+lRkQhQSYgAWEoeVWGH2fiZB/S9RdLri3BVxQ5PilQ/dqIFqUa/di7epofyXLysoEADY22r1WJBEiuvetb3rwq49cvHjpX/1f/+7AgdXZbDabtU1D6gbNy/nzF9fW1r/8lYe//JWHDx06OJ1Ozp49rwPsuuuufvObbweAtbX1jY3Nxx773mOPfW9lZXro0MFz585rPdPp5MM/8764wrfcc+cnP3Wf1vDmu26PT915x+s+9vFPawDOO+94fabzbbfd9OGfft/HP/GZc+cu/Ov/+z9MJk3b+j2R+LMffn9MK+yTK49f8Ut//2d//w/+rG35Dz/6saYhDR0KAIcOHbx48dL2+rVKlSpVqlQpiC4DdElQZUgyezLmNljAks0ZS/bbzrVLT+N+sdXXdE1vMU0A6H5OQk3X9GWXhr3SAbahs1fcmad0Dzgh4dxYMIEiKKEebwdVoxTH/xI8z5nkEvqey3dAYPLPtvRzp3x0C4DO8IRuw7/bgtB3M7rlPxhtYzU6hl+ITYlew23Kzplit1zzeMLNlmUuQtN3HfhBvMUatiXbbHFHFR6oPIPY5z7THnAiGe9RmfnvQRfLTyzm/TS++M9iGUxnNH9pzPVcVPY5OujllWlJX8RvsPvDYXqL1mMl7SehAzYwcQEaqkH/FTJEpXX/vAQfjp6iDuDpY0ZM3Dki3aAsl+g8t6HdHcAYHcN0JZL+C2XRJhUEBXr94wckwMYAMEFhZAZhYAZmFAbhaKQYNxSJsCFqCJVo1yhZkJAIqUFq0D9/fyX5CxtqGpo0OCFsCBuCBqEhaAgnDU0bUqrfyspkZdJMJzRpsGmwaaBplB2IWrhxOkwQJ0QTNO7gSjNZnUxWJ5PV6eTAdOXgysrBlemBlenqdLoyna5MmpWmmRIZg7BRrmGjfypzUNmODZKp6giI7rx7/QjdUkx0n5UZTBAMT1Sw9JU4q+2NqDVwfWNzF9o6fPggAFxz9VVjCv/kT/w37/vxd2mQv7W19dmsveKKo7/567986NBBALjqqiu12Ed+8Sc+/NPvO3bsCABcvHjpzJlzCjPffvut/+CXfk7LvPnNt//KL//i9ddfqxEKT58+q+jgtde+6lf/4UdWVxPvqtPp5O6736gg5bvfdW98ioje8fY3a+Jvv/cdXZ3vueeOn/3w+6+99lVENJu1qslVV135G//4v48BxVe9ypS/8sTxbiW33Pyaj/ziT15z9VWI2LYWRuFt9971a//D39OZYUwswypVqlSpUmW86DKgAoRjZI4NtltmB+y3NV3Tr5A0/tw/fXhrL2qVV7aMM6KVSsnAuYHrO2yB3kJSLuYJbS4vq1GiQ35VfImUMsPZbmZa5z/9CIPtD2cAEGaebTIzty23s9lsJtLONjdnmzNh9h7PsuA0ZnTNHEYRCgASNmouosb8AjbT6XSlaaaeTuTtZ5BacW0XucbSSY2Jok5BOQIKI6urt72yw/2SuFAU7V7HpH3v1a1pGgNKCUndfKGipgQgauqiyMtchm3EnZ5k9cgAkW4kOW+MsTWj1wTO1riaByofyU4bcyOlaF7KsIiuRT9oO+9hCdQs0EP7Dd9qm+9Wm+FYAM6OGUVLsmId2DKm6uaYlh/PncyibsX7ColSREZEFOBuJd0n2+ddUHs/hhVZkmCfYIG0Qn44peW5DE9mbKq5OfEx4vlEHQgMfptCfJupm9PkcXe7cRzqHJcf41y3+KDHIkDewWsnNte8GhLkqnB69yCo0VDcCJWKY7X7jnjREQoAIDRQSaHOEGau0fJE1DQNUqPjxMKwdcA8QsgGuXqc6zDgQRnq1Jjj3MYBhPHMMxSrb0kAm4ZF7M4/C32Jxkj2vei9r/nDYG6BHoXtbbKNQTo7sd+pBGCbkID0I8MsLMgC3IoAggUIBBFoWdpWZi2wSNtCy8CtjUMdJ9Rg0yg0COYxVKcCZptqAG0G7X5fwG1rQmC2IH3c+uEmzOyWOOr6lABAhIWBbSYkAXDLItbbUVwaLUIhWAjBvEPN6QI7kFtEWgUrAERA4y+2zDNuuW2lZYuiKawxGHWfGQABCAcHHuGRoDFmEQAa57teRIhI94r+1q/cM+/5VlmCnDu/9sSTLxw5vHrrLdfudFtty+fPX7jiisXwrfPnL54+c/aaq69SBt5sNjt//uLx48e6lb/08qm1tfWjRw4fP36sz5XC6TNnz527cGB19cSJ4wO+1M6cOXfw4IEi5+/lU2eOHD40lw74wgsvAfaioZcurQHAwYMHimdVmPm551+cTidXnTiufkfPn7/YNDR8VZUqVapUqbKofO+J589fWL/l5muOHqmfmCH5yV/7rCYilC+sbR28kWd29zDHmRCKlvPjS5Iaumks/Ve4JPtrzE887C039gficn5IVnlFyUTfG4uoKTVd05dZGhQN2H0d1DaT5cfHnmuDxM6wRIhQGIlIjYbosJC5ZtksHyT4VXNdpLa4FoCcW1H0RsPI0B828mMHobGJQn1hiTAzEAFz5lYOxtm+nQHU6xm5URVze2V+vkR8CxG4m9zCYnPeoEoLlZ+rwxj1umWK7h8z2WGKCUarKnR4m0FxJUBxYcXmFtvyDSZDugTdLVRVNz0Gjo0Rz5TzNASo9NUmIsta3vX5mC3OKvn80DmlSVs2p5Ob23AwBL52q+321XakWMMWql0KnrefXUduDR0c8S5IOqUMNTRwKnqtwPP8POCXcmEB3DA2fMbRBxPg0G1WUbAEIwU6GOd8tQcm/76rure2hbPbkbn3tXSJFgmWjtBBQ2yBNFwgKBBoSxUiQP0A+YWBXTub+X1WYQj4cWI0QQRCIAIQYXROQCFHOu05CqOLBQ0ITSMiCKzttgFTtMULo/kMRQRkEhI3JSISgggyUsugwZX9tkwCQGwaZ3AQnUIVkLapVHTDWAAIxeiRLDBrhVqaATG2IkwAIMgcIZ0IAo1zcITxkgyTHsD4EyPRArDKTsvBA1MAuLS2sQttNQ0tig4CwJEjh44cOeT/nEwmXXRQK5/LTUTEK49fceXxK+Y2OqDniSvnXw4A11wzpMwYkI+Irn91Eh8x7ocqVapUqVJlWaLLAF0SVBkS7NhUUxvsmDJz8gfst3OxkvTaXbJLd++3pmt6SemJ/jQG+zFZ0zU9Mg2jystAGRjRVlRGymVgTp3QrzOk5RdN9/SJFNsK1wZUCSLqE5EIIyGyyyMC4dhw37Wko7US/hRv7HQ+OVFEWJgZoUVjDCaWwQgDcDbdjpF0DFknhhO0DfdNB4jCRZkFzPVYgBtd/EIUYVFrm6j7cL0l9B9h8zAGQLBjFtRRUrQmb62egWt73E4uzXxcQJohdzeGMStqEIHr6rx9raJBBQJDfRWxxMoFxiPKBoyWyZBav1qwIRyTN9PZXrNqA/G4rKO4o6REpQBjYLyZDfveUESJui681h4acA78tE+ytK4Ssjtnp3g6Dp1qEI0Kv7+hSw0ssgbHIBZFJuhgX4azcSzGvhcquwT8w9j2e7af0cEBWUjtMhwLGL5Jeix2pmT5YXDrSAIkdYboPVKKH8poDE+Ho2PsybvLnXVf3oiDPm4SSzZGdPK3iW2PofT1sXMGqi2C+l1i8U6Lg3TdWkAw8nvuMSqdd8C2N4U5ECyapfi5EQVIhAEh+hpEHhWQvKdQRCB0PjUNoZPonRaXqSEMHWbsPyDRPg+dZf3Sxn0gLE2Att6z7RFoUCaAbqbCaG1lu8sQAcBxCcU5VwXVA7ERkYaI1S8DgDpxmDUya2nSEjMBsMGJzMzi8G5k7SV7SdAttwQAiQw1RBAd+yyA/hFV2RWZTJqVabOx2a6tbR6olsEqVapUqVLlFSZra5ttKyvTZoBYX8UksydjboPVlW1um8WSzbZz7fw0Fu3GveVxv9jqa7qmt5ieOMC9HutxoaPsSg2LttItL/1nYVzJnjRA590ZaCvK8RIsU5Gl0pm5iEi9WgXTnuNvmUnMb2uJMEKwE+AsbGAgHDPb9ncUoQy2yDDCfsNh2bAYG9/JUQyTq6KIieJ6zRMCNNpHxksz8BASLh0AQQG32C8yF3waKDAeuNoFwS6VAAFTLsJlIcVeXairB3DbqFBIBDcWfbC6H8/zWvUFxD0StWFrnmN2iqMyFzFCiN9WtzPAQ5BxmSwtEcTvJx6/RS6mHccdFCMlqEr2dfWWoe4tvCYjKZteEnRw2/JKMLz3kDUBUni1ryOK70mcdAPJvk6GEmJ0ea6Ag6Ribnpce/LdTfKL7j1zdFAybwAF+G0fSqxknx+CHWjVT2EQ8F2P8oLtpxC/VvGnBAWAo9cxilZojhcMIxPwz9RYg+QcpZMgQUOkNgEPRGNoPODFYMicnWFmENRNVnF3IUm4I10LIhGgOEtEmCERCdXnqAP/2DrBN8lIttPEUa6VT9noYyIQId8nLDBhmRFxQywNBJpsy6x+wRUgVHamNkQ6fSvOqAChCKCIdhG5D8J+Hro/enLo0OrGmYsXL65XgLBKlSpVqlR5pcnFi+u6GNhrRS4LSW2qY3KwlNNXcvgYWS73gQV+8O7qsR6XcZz4X7huj25N1/SYNOwDHRbVc6k6wxbb8kZ2iI1duuNdyLnHQmTMDI7oCvuvpQQTbGLs84wZzw1Sih4CEpEnP2VUMEnULkEObJbTyDEY+Ms7WuXqQdfqCiIMRKFO09kxC30MK/0SighSBkjsC1BtPPK3UMn4bB8Na4ckq1+ihziSVJpVN7dEXP9cmfvgsb+MfxsH9NL8YieP6fkYMh8pIxlIaqD2xRASKK/PWWixznx66XmmMS04puL5G0QbuuD5vrHXxyI7MM5fdCQXO7bPdeqAl9HA5N7JV6nI1to/WwGWK11icZFdt+jtI3ReDcmb6Dxo6Q7ssHPFDzw/REvqxZz4rIl9tJtjQYm7q29OWHKLYPQ+j1hx8jJ41FBEkAV8sD0GtxBw83XwO4qIBAiILH5bhu2wIkHS6IBAJA1hQ9RYpECdMlEVwQ46aPxChHSdE+1eQmWzkgM6w9YKNHc/kn3HkLBRQM5ATwABFiHz9wkNNtpLuryy3RjhYYkw+j4RAGFpCNm0krZl5paFhE0PpWDOXNhE8wwhKCCMTIgA5pcVLcYzAKi/18t0UF+Wcvjw6ukzF89fWDtx4she61KlSpUqVapU2VU5f2FNFwN7rchlIsM2WMC8jESu1ebYb+eli/XseRr3gQ41/SOa9gxCsN21NV3To9KyD3QASHZzzNVzqTrrYQttOXOSsLQiwgzqLAsREZuGQFCUU9cIiDTORsnC3vbkNsuTvs2SoHH2H4KgeqASNYWDbisHQACzl6U2dFQvX85E1msuRO9vi7lYAJx9reN6NLKYgwAbXBo7GhWRRiPooLAIgQAgG7lSgNmZ1gAFlQsZaFvjsKvx4NZIJ6IDBvFic5gyJofrjMWA3n4nn31ND2ieMT57ULFAUx2gnpSaQzWSZtxU6vSAgwHmd7j4F8kXwA6abk4u0zoj9m2ETYlH60NzfoQPShzNaS5TbcD4Hj+CHleNwMBuAZzqpl6JBREp6/+4zq4T4Ewfjt7laPuCVywZITGOYlVZtY7XjKMwlOE+KeKm48HpvmJzFXM3GEhCY8pHzSWdE5eZW89c5ZcoS2yiD+stYsPd1yTD4bLZI68QEdlxYcXhS+6jZFWwYU7ZyxWo+qnC/tOTAdu9E+Pg7KwnwaQAACAASURBVDdesveoW0+XW5/p00db7H4X+q7dpgx8QdQFQFrS44W2tSAE2HOxk12wPRKwMMj6dRBBaHRqEUTd+aSRTqFpbEZCwqahprEAhE1Dk6Yh1O+PD5+s4CPFo0vBxdKbrt8Xx1tlf0eIgKxOoA2mFHBfEc83JJf2v71MYcB49Onai7xjb/+b3/G2UT2DCrAANwgIJGaumE6EmZhJgBCQhWfMLcsUkfVuRXRb2IxbESECQhQEZiHSrjMleh1zV9kBOXL4AACcP7+214pUqVKlSpUqVXZbdAGgi4Eqc2WODbZbBrt22j777bz0guUH7dLLS3fvt6ZreklpzyA0NkJN1/S4NGy7HlhKGZhTHvp1hrT8gmkY7pNu/9i1EULmv3kRyIFJgCQAAHJutpwPqGG7nrA6k/JGKiUOgnnYUojNe5WKzXmqzIBhvfzBzg3fMRTRwSDjyjFjYsRmWedqLNdE3GPzzrgyrbZv9Z6LAm5fhtGgPqAxy+lLj5etmYkHoI7iYCgW6KCDveoV6xnQbcwlY2obHkgJlLigYluXgToQ4t0DA1zAYag4/lNfL5HAUczYhFrSclIVESx8drefMn7h1p5UHy6yLDE+0I+0DODZS+nYYQZnX06BbpgNlegLkmJ2/h1A+9T1eU0MFUqKEs3Z2LF0mQsJFz+d+4q+ODDhZ7Fg1XMmGPcOndtMg+asAAJYyEHd4wRIKMZ3s0dlbswJvbdSXRSgCzoYVlKkHkcDJOw3MXjFbIkC4asUdkbYEAp/+giwbuiE2S3uhcLshBbDxK+y/KIvuQadH130bdk2YdSfbAIkQGEviK6vkFl3TCELNW07Y+dilIVbtjexEWQh8iEWkZzHCn1W8zZCVFmmrK5OD6xO19Y3z19Yq/bBKlWqVKlS5ZUj5y+szVo+sDpdXa1uxsdIalPt2mChZCvGkg25YL+dl8ai3bi3PO6OTR53uP6afgWnJ9Fm3nqsx/FH2ZUaFm2lW176z8K4kgM1jG8r5Ji9x+UhoWGcUQBCs9iQMgC1pDna0upiS07XquNto8xMBKJEPSD7LAJrBCdnM0MJ1WCoIcUDPDgXzJRp07nD0g4UodZaOwUA7uPmw0nZ5w6cYTdFktSqhWZBwzgIVCcg1NIk64HlStFQXrCP74wM1Vw6E5vm52KEzkLardFb8bsDOVGsx7JvBWJzbEbjm1vhXAA4jPZ5guWuWqZ4FG6H2ylI16do9kak6EX8jO0hdztnPDo4koC4CyjOK012pUt7Z4/S7gFDfDxOY2k7G7aZuPx8C07eSjoC97fkE8BWtd6j18SQWlQXmu6rbvicQLwU8oH93CdecUTwSxQAACJ1cID6U53toyTMSIhEQOpf1Jy22x6F4T5zS45o4w5ol5spgN3qy9+V/oByf/V9L0EK75JfB3pkLnwS0d2pYXhuzaezpgKEYv4f1LeC7d4w+jcCM84QiMWctQoItSDAwghCYqEOWQCRiMjhlHRZvAw/YnLs6MG19c2zZy9VgLBKlSpVqlR55cjZs5d0GbDXilwusud2732lST3W484eJx51r8d6XOQIu1LDoq10y0P/Weg/OyY93Hq/JgKi/vdsd7yYMSigg+jBQqUPqnst9f/JIqQu/SBnoUU2d/AiIogsAiAMwAhk0WaQEM1Jp4AyfiT+AIbN9WGzfQ5UZF7OOuyBREOHA4LDGoHQXHep91RhEAISs1o5z6MBjUCkHoxQXP4o6ZYcsIkv3Y7sNztlTcfdGGFsBR90AzKSWTWPs4Xl653Rc7gPs3GIfjCDDrEUf8PCiMrqT5iOW30aRbpkt7ktUBV3QuLhMZ6vmdSQelYcifoUH2vxZkN+gf7VSyqC0dzB7uUDtMi5lXQrXCIMdrmDlH2R9pZSt9aaZkonJ/f5qWiND8hLQJ6A5V02+qqjMUQQUfgj4lfHy6jbhuMzl3rX8Z1u7/oyP6+L0M9paBuPdX7PpF4BkhdWvRkACACJd58gvuctJrP3GY2KYYUFk4KLdlKdbWIDgNAoydfiCfpvDTjn60jm+hi1tTB+wvhzMKXfohRBfn6YSYD50Ao6dTpdFc9UCusxhKFow9zVRlbGdj45OmX40unqiEHEgEBdCIIjGqpfUxQRZFQXpMAoCETIAsgCLACEzKwAauMc1ZMbR6pU0xAB7sk2lFeyHDt28IUXz545c/H6V1+517pUqVKlSpUqVXZJzpy5qMuAvVbkcpE9t3t37cb1WI8/sseIQYjgfGrVdE3PTcu265EllRkuL/06Q/+1I9LxcX5bET/dMQgDDqSYkPMvGmBCk9y+CdEJiMQjN4QEFAUqc1Q8V48FXRMj/ohzJJhHtkvBOb2pXHKWYUklh+DlemqCRZAxtuRi45iF7sa7x1RDq3fL9IptYgZjqH5xmS46GBfwt5lhhEkN/SjdGGP3QtxENCNmL9qUEUa7fmW3pkkXI4zORe7dnNV/biV9mdsEBYu19XlNHNPKAkhYBNl6yWD1PlWLL/tAu10Au0/P8Tc7friOr7NPxoyEvgvHKNBXVXfqvtwBxe1IhNHEA68wj4lFoAtfQ0eM7+KL4TIPLurf2fkAvQSea+8A2FECt9enC80ONNr9BPQNp11Q3kvWUKwYM7OAowyKgPPcawdk54wnbOFQqhy6oaJuBcDhfogiQP8/e2/eZzduowsDoE5VeevF7s7S2SZzv/8Xen935t6bdDrJpO12e6nlHBF4/wDARaJ0dMplV7lDTEYt81AgRVIkCw8fQOlziBg1yl6aoyg7RiiGjdal3E7kLZWWqhXONwgYwEYau09Oc3ib3rpaE4tEdfup+fMeccEbwaTfq+M1iCgI3kKoqGLyN2rtKMJABAAECJEZRBCIBUgMehwRGEWIxIM+KlQZBax7LILnJxowXVQePz5/dLG7uj68eXP5xReP77s6Xbp06dKlS5ePLm/eXB7G+Ohi9/jx+X3X5XOR2qZaXlfsw808G59t6IGt+ft9v//M7weP4QYoGf0Av+/pPX0hXW6txwwxAhvyw4n65/kn9RRYzA8b0xPI5+lJpxmRmu0DpR4X5w56wBn7HyaSFWdMr0JEmuY/cahMRJR3mP/NLICMDADqeSs9kV7KjFMi6JFw0v/A882lpDAYWDfFIz2buf02xqIYMRKQEQGIICOCkrgHMyeHiMqhZBGaoEQfLB8CEzYxs1Lt0UfmNSlzruCv6xjt9qLLRp5XIyPZrbE3QZTz2F4ofYUp6Pet1kBXDlXXf8ggWIMhF7I1P8DyjT7QOr+EJHlHF9Bj/ocAuFu+BZBy3unzXpsDvfO3bqKD5sxvkt8M2GutsYKfTd5iqZ4fIhv13Dnp8IHI0pDYkvPupF1iovgZeOF0L5QMZOShIkWKryDzBSuBTNUgb5X+EPq6Cedvr9inwQiXPo3J6i9ps2EtnnqsPHiUN0C2mwDKx6ls42LvFBDYQDEUEcW5vG8nE1HevIjGPpQUAVG9hVplWCAz3JWy50sRacjDClAWrO6xTrThSkg+EU53f1Yz8DM4CGki9Ruf8tAcq9o3gf68+6MAQQUPCYGUVwjADIqeqvsIAAKUMSILg3IxmZXhGOhON1JdNstXXz25+sfrVz+97wBhly5dunTp8u8gr356rxuA+67IZyNi/kDy3wub7MPYSocqv1som3rQyvVDgKfbpXt6T/8s04cZwu5fXk/v6R8n3W0ssiG/nKh/Pb+fRbd0qfXIgp5puqzWRxbTk077dWZkd/ogIRQH1aG0oeWKt8x/WNjQS7dfUklhS1UjmKTQgOAGPwQAZze6QphIQipKyKLwApezJQOilpjiKhZRBEHrlTIbPkgZZdT/UEEitHkN8ePFILy1LFEDMUO4Jytcsd1/OGpS1UgkQXGV4BEvZMWQLkbqFqmx3i2QzVbN61q2oYNNWQFKT/J7edJYWNOM5mtPLeZlfZYIhev6T+MyniLrg/mkZz8cyNn+1fzCQh7ey7s0oeU2M1YEAajq7HS6DZrooOfyBbJFn51HH5yzCD9Zy6wXdBTgf7CSjwcZxdn3FO6yAIqgpQj+F3yN1abdmrhfBUfIANVbuu55CPT0UzGHOxqXnWkC1NsVyR5HBX0QsAgW+x9ThKVJYmFJm8F/jnCa61CblhEzblru74rX0/r6a6YqQwkQGpSoTSYoQA4QCgtpmEZ1Kh+ZmQFBhNKeCyP7aQ5lFtYau3xK+frrp3//x+s3b6+urw8XF7v7rk6XLl26dOnS5SPK9fXhzdsr3QDcd10+G0Got/fH7c9YP6X3hVeP/Eg7fa5hQ7m4XJ9b59/4vj29p99lOhV/Nfdrv/5bXeFeyp3wGnKEGz0arlIchM8n4s2GUxi8sh2u1pmdiQrUUEGZAdQDGHMNIAoUXi5z5mMiDYGCDlhKdvY1EbWncX56sUqpJdc8zp0uH8kIO+F/SOunJC0OBJQtvK7/Fq8wfWTZY2c5kKbjs0ic3eNEw0w/lr9uMFUeecej/iQndVh63/Lt5i+7lHk71rgFD1t5iw8ZrCtvceoj+uOmJJf5QJ2kbCEdLs0h80G43iMrX9ZcefPBpWeXani0oIcmd1jn1COp3Uo+XwZQCrbfHB4rF4Iq0f2QlgqbH/KWqh7t3zuUU6eO7fKJkcVymQdAQIsHqPMVpz4RMWxeD6NorEmkBPj69sG4ceCjAt0Nu/L2LEolJvDMYt4KkCRXDpNtCID9TyTGGGNkKbdBSjEUFpbcL4AoOAvO69heY7dWxJLGkl1t4xlB/5dfwSWEEIgCUQgUQgghUEAiDAGIMOg92TUQDkSBaAg4BAx2T7sQhiHshrAb6Gw36M0w0G4Iu2EYQggUhhCGEAYKgUi/tU85TroAwBDoxfOnAPDy1dv7rkuXLl26dOnS5eOKLvcvnj8dAt13XT4j+fe1G/drv376axGDsF/79YSrfBINp5Yyzy/Lv8K2nCsatpdVpIgZhgBEz9bbsiNmExUhJEKiEIImM3OykIoHn0muQd1UVr0VIKO5m7JkEQZBEWRhUhohMxHpT5V1ckJsXI1k1hABEAIBgNGLzjZWj3Sj5VsFAICFUchTCnwxG3ktUlHmC64FkDpZlqyod+5dUGrC46lUqmTjvqv6zLXhXH89Btbhtxa3tcD8sMyfXMnJiuaGwolf3FkFUsrR7muyAI8O+Hmhdy/onvlq0RlD6kbIlfGk7dzBeRMt5V8Zk+l4Q9347S90pT0nBU0G1cTL6LrmW3TNh3tlXIKyygHzQKhg65/GJw5iV071aTQBUuIQZha9Ug4FBIAggLuJVHK8L6YEwM2ClmaYo5Wcj8lPIx9vtNzJUDxCgtQNjN+IFWpezJP/WBZAKFxSK77IXs20iRJ3+1lMfI4LCgCQAV1WqlgsQHZtwgxsh6aYBdQ3KaFXDpBzeYSaVwCBxd8GpzOaL2GSSfci7pw0DUlMF8guFvQ4FEJAAMcIC/KjIAiSejulAuY2MqDVgwXU3TqpG1JB8aYVQCBSmmBQyBaQhASisHrrdabuRx1oXdbkxfNnL1+9e/nq3bfffHF2Ntx3dbp06dKlS5cuH0X2+/Hlq3e69N93XT4vuXe794OqSb/268e9DiKi7gMxuxzs9/3+6L3c+lmLP+dAyWr+lTzNcWuWmeV6qhWyqT8/Cwvp5rgT3QO16yzLgmm5MtPp0W88swkiAgFGO1NOiIxE5DolRxgD/36TktwmmDL7LwAsrNZSEWYeBjVokcagQUQAgpAXv3mMsYlpfpJYPpjqll/bf0oAZ+mFVSuApC7CRARBRAZMjxZ26mlZcneG2nU0rvmydy5bHCfelW16gm9N+lrdoc0iZi6qasFpk2fV1t/oxCLnCc0r1ZczAzhnGOp2tpw7W7OAi0fzT9K3D5JjOZd/dYOz4SUZFEltuRnaMWQF8is4wxUhzVPpPBFaYe6qvDDUJ6aNAHigxER6Pp2S2OzBSejKdcjzpK+1xH7mE90dygPk6ExmgE9DlWuWVZwj8WBygApz4Ox7kGIZSf7DbdSaWoR8+gbyzJYUzCapuWSkp3Avvm1eLJTg1AnqkkzG7Umgfrvou+/NaVes4qbJjSemA0J6DMqOjKD6F9WpxLsPhIsgkjoruTo7X6U5vRGSsso1uyJsLE5ZZHVc4GzC7FrBFeiDhIhIBCJKGhQRrl8579jyKTDHsIumqP065PDVkEZ56nHJboTS9Ft8j1hO7mK8SesM1CiMlGZIQhRBQgFCEUQRBiLzyoDCJBhFkJFZEBKsmDyqdvnUcnGx+/qrJz+9fv+vH9/87rvn912dLl26dOnSpctHkX/9+AYAvv7qSXcqfpKU4QBOtT+bhoU8qzqxLhe32a77fb//7O+H8i9bM432+37/Me/lY5clS3ncxGfpkuGA+llZ1ble/6VnUzqIx9bVfwJ4zDAEO0cuCGQIIRKYbyuskMZCdA1LBbi5Cd3IJCJMQmwHxZk5gnnMErPDA3jEwUqp31bW8+M2blQQQS2DwgbmuL2sNtGaoZcRSXMRCrIIgrD6+Uon7jEtzsW6LQICGrcHy765I5kAX7DN3ipFeKXTCkvdlsfGUhFrHXEq+6fsWfPQJuyG2FwT8fF0VLlqKiG86ev4ujNrUP0uGsw5qPpDGskJIC9BiMqiCz7ecVKdWSUqENX/u5Tf08uOKzMn9CUnHB1ICfPITSHph6RTANLm1QB28ObLRNAE+eduyMZqLcGwlAwY+hdsCjTgJ5RopH/ogGiQZHHwIfsURGh8lpJylCnlm7lCa97FswgtuR06OP+lOUKOhWksRpvnuV3FPracSok7+ZCEzD9wQbAZvPz8pABTqsqQgUlpFZBiZtQjIo5kQ3EH4vhMUpx8PWaUUPJ3VfVZrhbkPxpz7ct2m88hjXlpfaR6kWKfevURrDwI0J4/ZzLJlDYhm2Q2MOrRXaBKvoUpTwmVC7/NJSmsJIEdIEApXtbdorPB9LaqY+oLX/mt2Lylcr+kkpwyIDJDcjgrrBChDTY7qGTvxwABwA5MYDZEGI2v8pWeJyUscDwfkN5iuTbFqYsSHUy7H5oep/GvI1Fn64lEvZOW00v5O6EBiPalkIid2gARQCbWLZPuZgRJDL6FufvULp9Kvv3mi59ev3/56t3z508fXZzdd3W6dOnSpUuXLncsV9d7pQ9++80X912Xz0wwb/r9hFz+G6y05ab7Imu+T8+2fmzkKctdKWvp2Uk953bjZv5b5Fm/n9ez3/f7I/eDONWnvmJP7+mr6XJrPVBpWM8PJ+qf55/Us+THTPLn+sBCeqFBag2qP1nWG+0DJWVBQAlKuvZgaVcHImRBBMBkz/ef1Lg6jYdkvrkQCQk1eo7BPOgIgoiIOmvzM/EMweyvOViOFOyIxAJz21ZKbjotnLj+s2qIsGjMIU6eUSmfftd0UIQvKI8AEZBZGBi1DFBHY0TITKQ+SFEE3TMpsESEQIS5NSCbkTdKScioXIBOmzrLmsvNyiqtfVyXN8HYMnCTmn9BsxddmXwTsFdUbALjHeVFlQG63Llrie9hsX5USpYxgzpy2MzRIhRMt0pJNv+2ZNbsue+qMemNXgQkS9GusjHUu3pON5z2WLqZ/mClOL/IfiZqPGvN2mqxUq0r8gjBmB9PGSQBsPntIBNjBACDP2ntaYZ14Iz0FrOcA/oO14i4XdnBQhEA9s7RilmtkWxqdKfH4mxrUVQdcTpsEIEoR6EzRrjfiwgRlfWfNpcIEc0bcu2rXJClT6xAKNuPNL+pLUScLV49N39l67JUk9zOcwbhnL6Z1dVTytJZgUwWg/pQBYqob0MAPQUDYv4fjTBIZFx5i06HQATOsmLHTvKqjJMPSgSE9Spsw4kFLZ4hlSRCmx4mDVuyDPO34Ud6BNj6WGbt0dCWyF/pK502Vp6zRYebnc/wLwlSRL5WDyYFi6RGVBBr/lFUkRqXHi4+8ckLFmdgMG0ToPAKnjWIILD6sURQr5Z5e4NAZAQ/c5YpIswCLIgYAKk45CDMAkSYFiuxnk4NIcDCok0mjCBRq6HzUQozWDagZdD9joid1rIdTFQ8M5FbeeIlgchnXIcGZbY+FO7SHWD0RhUgLNytWmczgCApiZZcSbWg5PoXwHr6GAmtMAJAwsiQlnVAAAZgQN0wec3ER8TqeOjyseTiYvfNi2c/vnz7z3/+/B9/+va+q9OlS5cuXbp0uWP55z9/BoBvXjzr9MFTpfRqdar9GQBgOT80LMNJD9bl4ul26Z7e0z/L9KGy/FbXnt7TP0q6nJBfTtS/nl/q0mVJjyzqkaP1n/06TZ8aVdE5U5mXEJCEiIWImaUwWSbTeWlYTzhLdtiI6adsxTZ7LoCAMHNAFGRhRErcvsTxw/LBpuW6NOXDTKT6IbmOE0SMMRJhAgPcHsosSOoIVX1jFWELcwxCs9cmq5ZWiXJtBSTBChvkE8XZUobWrQqa13Buyp+7hP0Q/Z9G8lss59nAU8TyfgnSmIN/UBrKTyx0o3wIV0zc4dwi9KrZ9KYgtpIeNih5PfNnk2HZAmQpMmE2YvvGDJ4QBGMOmi9lK1J8csRcm6Qa0zzmmRa6hjUsWA3pbRyQiNhs4Ifmw3Ojc+ZmzT823bAEAmfwLW6pwNHWLtcgKM68GAZt9PgMcpSaBRAAWVh9UCq4k0bV3E+pg+8yH1Qz9XY4oX620S/p70Lx5T8dCPqoHeRtIhN87mFIBVn6MYNEBEzhJJHFPlLltpnfYSQBYxAKgno/ZwFmYGFO9DabyliKUJJEIAjkwQl9R5N3GAjIOqHpgosAQAoYw3SvMplf00hgdM6gb0Gy+UAERJ2yIxq/u9qJAZbEVMlulg3dzIExM5kVi5Hp49Aq4Dd165cgfTpzp65Gi8/Z3xkQHdRG3SsqpVDIEENz1j8vqMunlF/96sufXr9/8/bq9ev3X3315L6r06VLly5dunS5M3n9+v2bt1ch0K9+9eV91+XzkyL+tx+oK8wQLbtrublOKWXO8o/DRnqpBxr6m+VOUib55+lb8s/f91Q7fLN9bqGnp/8bpQ/p718sqFL9vt8fu5dbPyt2LxvyF3lgkqc5bvPp8IV6CizpL56FhfSUP9luVGdZVrbFpHpOdLoFfmL7y7wlBEIUJCZ0b1FmkLKfa95VdWK/bTZV+xQXoIgwC6ipSMowY/rSIKrKzXtQS6ncKSGmKB3SRz83D+rDkAVEGBgRWRw9IAARTD62GASAQVFRq7ByP0Q0RYhE3ARpiKhhGilA5LS269I035+kYV152SMT/k0TEpgjsnMztLTylxnmSrYXeidWbx+Y0zCRbeUlpx3MDn+UwNTstaLR2o+kahzt8Y0YifdGEWfsVsMnxeE64ZEafKqJkkeqvII+upIyw2lDwvui+ue0CgsNmzDCLeDT0ni4q2F8J3qOQoN3O+eUslD5CjybzDMfXpMS+0cvxX7xH5wVBs53T8/mmhEZQ7B0PzoF8OqVCEpcp34dxWKWjgWUDXL0BXHDF+Y5bbHPk1yrZFu2/GyqNZr4xNKSEyYKKQr1XRTKlm9aJAUIrPT5VIWZM5zaVAQT/zxdi+1Fii6suwNUxierswHrQ+sudnegkFd41AdSNRI7L5H01PNA3nohSPadXvFZnbqHaFsQHyq+r1NvDAZContiRvJtBoogJ9yxAAb9dd3xuxhAKCKCpNxwLZ3QN1ySWddpT8cMkBcYqP6bxmpe6qAY4VYBQhH2Me/xNAmB/ZNIfVwMvS73IEOg3/z6y7/98NPf//H62bNHIUwZo126dOnSpUuXz1Fi5L//4zUA/ObXXw59fT9dkp8VcYvRdvuzxY9fyAPZLj3P4+7eLA9us133+37/2d9bDEL9w7AJoPf7fv8g7mVzflnKozhWSpdsD6yflVWd6ddmHWRez4lOEI9VM0dr9J8CiEiI5Ie8DSlDfWDFuC9SGXkSb6+0mbp5jhU0JHVKBU6qALeIgRlkJ2jN1CZrTwJAwfsTj6ZkSCG46ZZzoyOSABACq4tCFABgg1IVHUzaHN00moDZBO0Iv9dEYYmFllmXj0eksz1Nq5Tin8mW3sYIVyp8as0/IWWwaeBuoSPb7N1LkN6SV8ZmyvSRtY/Jcm6CiFIXl8FFa5lzmxpqir3vFmnHwzuK/rV1AULxssU/T8LJVkDc22k49amCQ/NQMMKkaumnT0vk3TQ+NgPklVTUvUa5kNfE9NUj5HMwAJl25cDNhKeeFrXGEYr1T2y1gbdg0reI0pb3DsvPFktCtRbcgUyaon3gZ6ViMgGNSi+UAsmhpu+o0omgBHIJZMgrT5JG9RQwhNhXeXdR7E6K85jRq0N9+UwTS8H2g7yXmb219YXWAwXFMGN3PAtYFQUC7PlBDL6ltDGyQ15pTwN+IgrUW2pShUbmYycaAgOQmNEBEy4omLYwUvk4z9RGwHInOu2pjA5mHraaN8whNWpEQkEUQrDDVnc62Lp8mLx4/uzNm6u3765/+PtPf/j9i/uuTpcuXbp06dLlDuSHv/90GOOzpxcvnj+777p8lpLQillcbrvF4h78T53ZvUf+Ke7LU5+zPMngO9c/uW8+O6nn3G7czH+LPOv383r2+35/5H4wLpT/8dzv+/22e7n1s4aWuR1kNf9Knua4zQ6hFuopsKi/cCa1kJ5IanaUxHWWZcG0XJnoVHockHv+dZsOqKTsaiAlYvcpatZPzrF0oDCZZclH0aHSDMDMRBrYTLQaatZCFiBMT81RhwkNLkEd7unTXIYmW50jeLlKakgzXC+ZsXQessiClEpRODAxCAHAow8SmM2s9v0lDT9+K7LFudxJStalNMI1+0XckruF8LdSn0kR2yXVUNwMeV9SfAjSSFzKXMBC60+lbAmardxHLD+yqc5W8TZNc11JpXCNO5QLPb2j13hDyVndpJTJoD0CcH4wOvjQZImydurjR5uuQRQ+ZU6biy4fzaL0P1ysI0v1WS99gts161CXa/9Ms03GLlJKWiAAOTxDYwAAIABJREFUiMKEC5hWmZb+ed3scMYK+DfHlSslpyDtSy22vf+KyKh3g0k3RWROC9z6YB49xaxZwYQowIju5Zwhir1PscgAGTkPOMGHLMCczmFpoEEuliMPzWjDJpFF011a/nIPuKPaLDbLifNJK6kaRYG9enggAnC1cyjYgxkgzPseABChVMn0IjrKmZkQgQDtGJVC5ZUDgHJaTruvclpujq6ULZ1FMw2I5Slo+8y8ZT/7yfrzl+9++/X/97///tPr908enz9//vS+q9OlS5cuXbp0+SB59erdT6/fI8J3v/36vuvyuYodn8425BPsz6ZhIc+qTqzLxW22637f7z/7+yHZYhJy2O/7/Ue9l49dlizl8QiCli7Jmjd5VlZ1rtd/6dmULsxAiisuko0QCSmQIYKc3WyKMDBPLKSY2Vqlt6sc5QYgmZOMikeCU+qdg5kahacGWiZmbj1ab3Y9P3pf0DhABIURhLN9NWOHGn5I0xAYQQCTHZvM0JYYhBqozEOOZUtgSUqQolPuRRoeQUugLTliO93WPycd6s3EnD3tL+/+uR0Y534/iyd9DGeT4qcRh8ROaJ91LLAJCaRERChx9aWcTfCkbFP/+qDkS64zO49jbNsa/rboYHqqhGLFaSZQTF1QnjNINZ/j0BuJcXcKFuJksCxRnD+w3A9EBzeqXcpzFK5e18PMK7+qgu31WSlibQDoeMqLElmBzrcCIfCRVuEq9g3mcwITdlRGdcQP6NRoXiKgtys24xqW6EvJo7X/rrbQUilYKdiENvrXVYY/bDbvxmniNsti1SxOn5sXaAuxLb2KPBXZMK8jiMlXaYnYOcKlm6TGGyEiEFLx97tvYzQ4oc9YktyvIxCSuhhVpE0dmaoqEQDktDGzLN5NCFi/t+2KvAjyIjJOqmexUJoTaz7loUX5dES63cFUjE3MCJXT+eRnYe7O1r0nFIumALDGX54cfqoncDI/7hqDEPO87z3Z5X7l/Hz3u++ef/+3V9//8Ori0dnjR2f3XaMuXbp06dKlyy3l8mr//Q+vAOB33z0/P9/dd3U+V8Fsn/Bjgxm/qEl6mPMnC0QycRU229mPjTxluStlLT07qefcbtzMf4s86/fzevb7fn/kPscg7Nd+PeUqt35WTtBQ5IHJryWtr84PK/WURv7Gs7KgU7xEadXEbYCVZmnoFA2+1DIBa1waQQICITeGEoBbewUqdLB4bkUqsz6aRdVrYuZbO2qeXnZRV3onA8Ea5lG3CBsk6CWoNy5Mdj1IJj/lNUYEpQ6gOINQK+94YSgi/ogHC7IzD97ex1l3pXX4bklOCR1s6p9jKplVUKuZ6Dy5kiv5C8Cm6rj0yJyTeitZgTea2BJWFVjN4ADeSnEJPGjWARvE2zt4r/WntpPJ7lwS0oK5o839HNg/xD5lMN93aRyfSqCsf6oynDSMJ01UP7tJz+166qjCCWi6lLk5vcy7fols2iS0Netzayn5YKXCo7zAoxXIeqpTIwXqZvM4TT7q7DsUPQBhQhLrUy80adjVJcvzpNFeNsK0BXJxd7o0NBm6TUmRNkCRrruWo86r872urq39gPLQtEOcRGh/X3gOxd+CPYyOIBqmZlsAP/ZjfSuizkUx9TVB8K2Ceu9MLgrSi+jbUAIF1TdtsZ6ghxHM1aO8gpTnqCrY2CdKnSrFknLn+HbW/123UObBAhQHSaBAjSvX2sm3dD7ZNVnlJsDtBDjU1qGis4ovLs87mPpj5l/7I4y1LifL86+fXl3tX7569/33L//Xf/66ByPs0qVLly5dPkeJkb///iUAvHj+9PnX3SvA7UXtrlicntxuecZseT71VwsE4HnwQ6zf/dqvn9F1sD9i1brer/36YK/y4TnBGOLHnm3kKXRu0bCiE8E8cC4R39TaBQQoBAqSIRbAzoJZFv0wP9YnwtHpUlhYBkU00p+IRtJhAEr2S50c2kgGZqeMTZyj/rcZeFm4Ck8IhAQoAoTudpXNt5wIAalD0YQLFvEIWV2TlXuDVIylbLNy3TlCs0hVKTYeZSJAaZHLrwI2VrYW2kZBFqx9c396HwMlPWpqnHDRpujgPPFEdHBSUJknW12X+9/gjeWftiTCrNMnwOenwAjL17RRmMOKITTBKkmRR6XVU3Xm1cJxnnP6SG3+bqfPn10veqVhl4jRJ8nGj2UJC1xvzJLB9oFf5QZ/sNCcbfKDAksc91qW+HP1UpRGo6QZqu6OBPsZAjgJnZuBoDQDHOvBPN1tiDAI0xnVmwaPDZOqqXURttRpvqM0rcqN5x2ITJxGVz0wz12UvBoXFuv/md7JeLfYkoAardAjCzoQlk4RZSg5KxTQ0UAGEApb9D6JzfbJyDEZropVTYrKOaiYRgUVWJlUjM3yrnJMge5cPm1IEMhwS/WqkIBLDAglKJgCN8q0DFefdnuThaq942r4HfXHdDpPen1DSGCnu4omSbXqcv/yu++e39wc3r2/+cv3P/75T7+67+p06dKlS5cuXU6Wv3z/4/XN4emT89999/y+6/J5S0Ir0qE8qPELnNpjy19h9qusPlvZjYs8WxETXKzJLa/r9e/Xfr3z6yCS2E792q+f4iq3exYWf52O4cWc0M7fenZd54oGmZc+0WleOdmSmkHfzAYVEKNjGoRIiKw2sMRyqOksZleSwk4EXPj0ytwpNoRSj/OLUoyoyAcTa7WTBsBBhGzsrsG/+i2cApLiXYlIjBH0PYRQTWcE5g2MQUCImABiUZXkTy7briVzUgSTr3BoMvK2ixSO8NaybbTdo2TOJ2ZzXeHZy0kNmtPjA1U6WmWVBsFTUZwl4O1ukcIJRW9uKi+LyvelGXcbQLiIzyU2Up0THcNv1Lm0pM9MsfOCWl9u5Z1wruKuHLlNen+S6CZs25gaPRidd9sCrgq6SXLfW6FWt6vh0UFV/Dph5i3ATrcdoneOgt9VBZrj6nZtXsqKg81UirvxnDojzSHKNskMt8iwNDpZVeqvnBJIo+dT0vduBDCickxWpK5lrK985ZqcnQhZxs+r0aLqPgWfW4rV15wlND85WuYAUj22Vw8l1P1VfYArMq9MtSWYdYso6rtAoDYnB9WDk6zeninuYMm5rOZv3XNhnlaUHaj/c+/mengoN0JB2SMdCYKY/SdYG2K1ZoAvKKiBjNOg83VXUvzpVBCRo9CIRPoAM0vC9Zy9qrESq4LSWNTtm+QdFyAg4qDOO613KCSs1Wdm9+ZegHdFTMQ0WBe7O218vGELz8/g5E3rHcC8A/RNhv1KFpRQv88OED4k+cPvX/zXf//z7dvrv37/8g+/f3Hf1enSpUuXLl26nCB//f7l27fXZ7vQF/EPF92oovnlT340VuzG+Vf9v6WcuGaXhjrPeonHa9Kv/fq5XBODECD/7a9X6ek9/QGly+b8sqQHwEl8hYZaj4AHJ2yk61MZ0dtYT48XY0+xAIkalrA4tw4uHhHXyHaguCARCiLrqXpUvG1ioAS/cxubSAV1ZdjPm8JRPSsrqRKAisWSjK1Yu3pbN0AnB3EJI9Rqs4JwRCJCRBQoqwUQQQ2ySLIkc3MqSGEePWpXXcJ+Evb4MZxtuVvaD+IGTSIMNVGiD9F/V4LTkePp21DMOdeqacdf0eD+fKeZy0BWRyu2lGEFKTyCA9y1NOMCNqJWLTybnioHUqmqzLkFstoI3N7u2Uli01Ht5BtZf/yjfiZz/c1mXKn80vsuPTv/dTPZsToRIcbmxlb8s4bMYbys13A+9mVVp0Apv0rx6QIrjBATAW8y2zf6t/BEOq9JVptXwIzHzButLuLIt7yyCKa3K5Js771dllfYk9eRk2alOVq0iNhL/o8f2sn96OAZGtIm+k9m77HChazR7jQboSJYyMyoB5p0B5G8EZR1s+KqoztaGhUDuBh4ihESIgYi/y6p1OaNn6tXdp2jho2v1X2cGswHSFL34+RQFxjcSmnrdbR3FH5Og3lpMrT7RI9EUFf1RTtQMfn3IIQPSHa74Y9/+Oa//+///PT6PRF28kGXLl26dOnyucjffnily/cf//DNbjfcd3U+eyk2tMna6RvclGr3+tcmep70R8LEbpzuBRfSIW/T5/oBplborH9mJf4Qe3h6u1vb1Rfr2dN7+lL60HZoZH9Q9vSevpQum/JLI91TpZF/qkdyukz1VKapMr8s1TObsRr6y1L8TPw8PdnBoCy/qI/IvFwpf2HmgIRAYL49lUDn1bVoOW7/Q6TsMMtdaIn7rUxEBzdx2b1mz02dLKMF1ue+vdRKx8xIgO6/LT1SGbOY1bQmAClAYILlHP9jET9Yr1xFkejQoJoLmVlAonCAQCAEQkJ2qJ8IhWOUEoYsfc15fUGBRlIrpFEiHBpcRfhKhc1fpbhPnZI61Yyet7KlabMWQM6ke7JI8UjTjysWGcqbudkUVlPW0ye/JhR5C5Yzwa7Sux8tyK35lpR/TXfOeIVimJZV8X+UkEP5hWZm4RxthVWQZvLikqeAbDoubtotc2sHkvNn59iwtVT2Ytce5PM3XdE/h7VW0OiV1luC5ZrDaXv7rI/q+wLOm9DRxg9wTn7d8tT2DOV6oQla7KTmCNUslZ4uqilVOZL6znPaHQH431rGrpM02dZVRCICmz0gH2FpjUl3X6lHSirYqBzJ8/GJaETt1S/RslUbhurt7NFxjFTMbmU9Uw10AmKfpqbbEFvLi7+AFUUTRghQf3cWoRAQa8+VUngK0JKIqNoneSdLwdHzB4odS9EhVkIeDAbjISIARY4AEYwamIZL9iQrQMzA4KutIHvper6Jyw72Egkxue5MfgL8EJNkbwQgCdj2rmx9NbkAKVdg/V/qYlVCNBsqYENMxKA1BR7Bqf72AZAGVtSdGVJynzsHWgumXjo2ht6b5tvZ7sH7uqhS1pM+y8boLeM353ZIFcqbHA9HDdBcKbrcozx+fP6nP377f/7v/7x89U79jt53jbp06dKlS5cuR+RvP7zShftPf/z28ePz+67OL0Equ1n+k3OTHRtz3kZ+lLm1emo3xvQ3UmU3PlLupOzN+Xt6T7//9MGRaSm4VwLKyO3pPf0XlQ4JzVvPrxFpl/S4hW9zuR6DUMtlZiK11SjQiIiU1hy3bwkiCgoWYgZEImFO9qmJZIxwZh9HP3jucKWbuRxwAwAkAAi5FhN0StFMVJeeMi/XDX8M5scM1VbFTnhMeVhYrVQkEnxmIiAysNTj+hgkmsmEzIxIIsDMmoOI0tH+jOuu0oNWaFLpfWZUEsu0yYrW3AzgNHUJ0Ux7lXkQq3k585ulR26HDjZlMsYWqzeHjgoNzcwF3WeTYOs+K8r2YplAikteHN1Ej/MhNMexEFBg6p7RXnD5FZai0y0i1i0Mr/znNBGSVb85FnyDPY1cVdVk8usKRXUJ0lthaC19ercDTScpE3StPZV9GFi4pPNo3bY8O6n8Ctq6Lkf7a15yGjB1nqWuN0eR6Xud6Z10gaRFrwDCAMGhoNJNZLGmTNW5TvRFLfr7LgGrZULdvO0uSPOxQlArvYyIAFErXVYg0fRTXX211SaW8lubjktUf4+YgyAWH2k68WBKiyk1DZjJART05V/KQ0MgyqJMe5FpW9mOANm1JMjLDiBZQSh5HTNXnr5BYhFyBqFlZz/cw37eRARYBAAdGlYlyOxVUzAxAYTCesaIEFKsytSVs1k9jyJ3QIp25io3f2pSmEyGhhCigIA6dmdtdDujkodS7lhUYNwQ7uVZWPsoUXVrODHjetNArdjgIFYDPn04xpKENEzED2k15szU5V0ejjx7evHnP337f/7fv16+escs3U1Zly5dunTp8pDlr9+//On1ewD485++ffb04r6r8wsR3+uW9tUav8CJPRbKeyzttFjZaWEhPdmNizyw0f58Sj032ZOxmY73blfv6b/Y9KGwRsskPlxP7+kfmi53px8255clPXC8XDient1NtfRIs56TdlgFDzxCjSCiEIKgRexDAhKOcQUBWufuMLOyCgyrUwscATBCPjzPIuzGw4q7kPRvMSOV5t3MMrTz/8wJkkRUqA8RhUVQz76HkjCo1U4xBxOVQI1nagpLR3RSdJ8VF4JL9MFmzi3ZJpJtxAWSKhb+rciUWnWCaKaxdMwbYTMdEgwOUv66BBhsRyAmZLI11GGVJTav1alwY/PdJ6hGhQrMktbfGutXuA1wBY3HJwynLQ3ezNaMQJlaUvJoy3oqI3O2FjdIV2W58zGTUtR75JaOW3q1JVh0ifu1ouqk9A+Uj6R2qaCjnpxXHl/HRCsoa0HW2a5lHy3omSD4tviZ4xZCn8ANIEQkHVeKTcHiWgcZb5zhiJNR7RQ+uxKWfH1oH7QpXnBpCk0pRBRCwPp0DjjeJQAxRha2ehCM4wgiVLxpWWdViAh+DqaabIt5z5h1KUNzVqyfQkAQghIVVdIcu8vP6YRjdTIWXdForKxQ7zrMkQSFWM8yAQkQECIQAIFwIgKyHkliYQCk4Ou2jRZFsBRpLT0TALAdNxJzNAoIjiZXHSqJ6JdQ59yhkAIEzkfTlPWOACDMDMhgbhwSpU/dpKbTIcZrNM+fIfdq2i9NYEtd/xWVJKccIiKSvlRrbiy3w7Nx2EjV4YSkhg8Q9dQ6yZzL+mQzW5ft8uzZoz//x6/+31/+9dPr92OMf/z9NyEcjZHdpUuXLl26dPmkEiP/5fsf3769JsI//bGjg3cp4hyNMgbhqt0YU3qKQdjMjwvppd0Y6xiER+3YWKWv17On9/SHmO4xCNO3VPne7ek9/cGky4fr0SXFHZuV17yWYBWDsE5XPeIMwq31dAahxfYDZo4imLyHOaIJbqIifQqRE4VOLT0oiETAbdKSLWSACGSfvb5ywS0oXYOKRBZBFiL1AgZGXGApPYWZWjTsrvJllkQEWJCFBBiAE0/AvYgxc3RokKWSEIKAEBEISExuvggRHBpUjJD98D6gsxBAhMBiXCnvk33z8IHWropchakpkt1Z/7FkFPepNidJ9XwmfICPLXRCRfoRStSnQuYa9uKJ6b96kWaeOXgwxSOTGgHz0anjuix6oZVx4ZeUVOOkVTVWHq/yrIOU6kPPPaolykv5+u3Wm7pNnCqvqzV3ZiupAebZS6Sh5J5Mn3YFMneW6ympU7MNuppM8iuj82I8SxuWm4+BOY+w2eArQPUWxLc8QzCBnxGallBJU+WK2on+D58Qjr7CqaVsgf02Aslt/WzLEM5G7UKHyjQfZFRoqYKeTcpRWTxTfjUCiRru9QDHuvyjU2ek5CiUVMVMK9c46mG0fJaSe2XAIxGS40X2TXBRFyyUTNsqK68KEgQgylHsKmzS2fOS3l8EEYdhAAEA4QT4uHtRfZZZwTBApBAGfTDGGGNEAEL3wpr4ZMyZLa1LeNrWFzUWUbedzjLU9+faO2vxMaIeshHdTqD9SAAAzMAQjT7IkI7rsGOH6v3T/aBbb7AAWzBCZtZ/grEqBQQkRkFkABQhAclhiLNPcRaR5ICc/WkCQEBmUV8D3j0MAiUKiwlUBqBi5kQooitPx5iT7iCdDhMRidHiKILzX2NkEUEkQgJ3uyoOZFrreQFpTGkQRKdO2qyXnJ3qSa76q8LWxzj1RFoOVwaunaIb5mubXGi7oe7ycOTZ04v//I9f/eWvP759e/1f//3P3//+xeNHZ/ddqS5dunTp0qWLyeXV/vvvX17fHM524Y9/+KZ7Fr1bsT9rMpMP/I9byemeJ1tgsLRbLdqHcSE9Fd7Sv2Z/xiodjuY/mr5e/57e0+88vYxBWF5hltLTe/rp6dPRlVO36SmuDSdIliJrORvGlIUxXz27rlOqt6stL816SvEUs2BkJiRCBiB0s1x10t3tUYAF9wGFMDkxAykxJHsM3XNV1UQVRmgrlSJpzEDuG804BBoZMUf3KTXUWus2LYyMxvxT61h6MBn73C45VQvJdivqBCwhmkSkcCCKCAKzJL+jDECGvqq1TjxEnTTt9RWlryU4z9nMB0vWusz/W3wuqV21/s8jwK28VIlgiaQZv51nPnJK9NF+L3KaYqxYiUcxvBWZw8/VU9uwn0V0cAIirlelrpWKINb/wkkGR4gXRkALHZxUT5yHXDyDsjLWUsFzGlOreKkL8iT/T8u/6HxUVFVdbuFmj29BB5fUArTCd6UWAGnkL2QR/T0mi3PCgpIl0HRd28aK3QIXrLpSg7lNBtma/qrm3r9TtSuqpiMnDcJC/8KBghyV0BeKhcMXkzdtLSL2EWU3oZgBQg9AWM5jdWug6ThatD+ViJhLoDuiOtuU1LBIKALiB30QgTycnusxEuGE5akAYXnWh4g4HRhaZlKWLe37BBGAOI55j+GP+bSJACAsPtels07CwpEZldYPeuIHWTy+HgIKREUH3eu4OCIogho0kjVoH4vnEczOL1kAQTTqn3CZTYSLYcUCxMKExCJ2dMoclxpuaVArmot0DaMMFsG4ICsbRtj6LFDsUIVuSBSsFd3CIKIAigPBisuri1iP9WjzbnluSYtTIJCo8K2KaUTl4kuct5zYJ7Vsjk/DUyFtN2qP2PZ1p6WsywOVx4/P/9d//vqv37989/7mf//XP37/3fPnz5/ed6W6dOnSpUuXLvDq1bvvf3gFAE+fnP/h9y92u+G+a/RLE/dn4mcqpdwRN+3D+dfCatDInxxurdiN8xn5RUv1ov5j9ezpPf0hpg+JKuQ8qX7f73/J94Y/fUAe/XJOKFfsvLbqZGZAZGaDB0UQNQZPJcW/0W1YSiHEZGOa8MzygwaR1TYfceuXcojVSRYRCNtR/WySFzN9wUwKWsac+pOMkoUfMSnQsgJEBHVwKsnLlvKlSF2qAiKCmj4zg9DIh6S0A3YmQul91FsgV3+Jf7Nm8m5hMA0Nbguda2sbrAuwqumqbh3qqKhdG415y/wzlRJpKQAxN6G3UZwjsNB6+pJMkb8FJbcodwVEXK4MQNFXqWFmLi/TgTLwnNlQK/4o1n21FTRCaIKFW2hnkye0LlqRBcCgGsPb3Z+ud8RJY6CRGbHVAGXXwIp/yLvlC27Xdoflrp8D2KIgKSp1bC+99H5cnKpZe2aWRTYg9IgAXCAXBhAyHxntApNlCAueVv3hExZSFp1eKvMKyxIWKpCKm4CjE2CHPNhdjAxpLjFnqub3lHxpR+W66csrgAQoYPREFmHm4OjgOI7qU0AZciLu+mCK0Vb18fMduekMsEyTW7l3AdBy7bCQcfKIQViEWQiRQSKnpd73TuKnJwTY/JijCLKH5RMBBpQEuSWeILAjdeTwmvki1eNG7BslbTvFI7VOEcX9iaZRJyIcY0bd7D3SMOXU9fa+jp5WQ1NpmeruVSmhMXJUV6eCTh61FkZ0NwbJmOBLmvtwt1cM5kgWiBAJyDQBYHKiAKggaQWcL0X/nSYmnzHWtFhwEbGKcFmcfusY4cOV3W74zz//+m8/vHr56t33P7x6f3nz3W+/7u5Gu3Tp0qVLl/uSGPmHv/+kQQdfPH/6u++e33eNfqFi5hT/G2Xu5w2hYYP1OIJVOmL9t047vcqDx+y9Szqn/KyFet7uHh+EXb3f/yLvhwI3zxagft/v7+Ze7k6nbM4va3lynZafhVWdpZat9Sz+X5gZiZkBJYSkrkJuOPsDA8iHyivxk/C5SlnMWDmFGCrgwyqkx/iTHy3OLsoKwKB8r+wMTZ8p7LPJzqfmTGFzB4oaVAgEQFCY9O3cwVmuHiIICSEgIWrkoZpByILIiBRRzZASnDJY4ZSCt7B0VRDjwuPN9ImLrgYE6CycNgqS3r0lt8Mb8kN1J6aUEu6rPJcmgtYCP8ytrI3qNUPWrVVSq9PSswUjXC9oY7ZEsvFvDRExhX7WG99cTlQV5lT9DhRMQQP3kq16+g3OTL1tKAiK8Tyrc5l+lBELKPNqpEFSOmKUerSsB6jLseLuGiQ2OfoVzziyE1VHA+w1eW/HK3ZHmZtcw3niIv60ZdhPJqyFFmvBxgqVUDE+juMHCLMsNZ8+Tzv1SwkgCbKfJkncqzyNrRecKlyss5j4kwbABUfTJm8y/Qa3nCnBYqOQ55AagMxrIjNHDoHCEBDxcDgACxGFYSCiYJ5PkYp4eoiChOrA09hvzBqeUHWOh0Ni4ccYJSYwteZiQv72JSF+aSlHOD87y33BIk68Exa2GTG9JZvPYY0ByAAokeUQk/cBEAAghJi2FQyoIQaBzZkriruO9Q1HohWKACOQPossDI4dAis+qDH/ioiSkMaP6qH8t7gAMKKwWJA/9dcAIkhAiFxOwLn7/GQViAN+dl6IWWLkGCMzR3WVrvsfP2EZiBJL1VrcEGAy9BGsFEqUVn8FQlS4EECA8ihijkokTcOy5XFhNkTNJ4RhpEoaFIbiCJj+hgiO09ZYcpcHK7/77vmjR2d/++HVT6/fv3t3/dvffPXVV0/uu1JdunTp0qXLv528fv3+7/94fRgjIvzuu+fPv+7M/o8midvgBwCTe5yjNmRczYOrz27Ps5x/az37fb9/OPcDZPy5X/v1l33VcW+nLlZyrufZoqG6anTc9JS6n/Lz88lmJIm0MaEDgjMR0LzGqR0qm1Nb4ibLnLLE6RHzCwaJ64foQXdaDtygMH0meC/HMXLPomoXLbyfJRujJOQvoYzqSiwQgQgKqe2KmWOMWm29AVIGBYRA5nGMtDErxmPiE64Y6zdiA5NnoG5wyb9UGCrV/TgHe2bIEE6YaDM4qq7ILLEBNS1kmP+zfHbCTpjdTCmJEz2lO8otSInMMIPmC87vN+IlzbfIsMTEcWtRun5tgBkJWNcvub2rITXvqSYU1JQlp4Ubxy26OR4r5K9EZo8gIoWqRaRtpQtuh6vlgmbky9kzx3WuY4RzHPGoCX6u4SRQfElz04/rSsW2FYSzf01nsKbylCwLeW7Nkpyg/mmWEEBmznCgoTLTaTPJZMTm1QeqJkIEdMwmYzdHK7n6plY0kX7opa/s5GiyUfM1AAAgAElEQVRUnxrHkYZhGAZx75h62CWEcLY7OzvbEdLhcNC6hRDKslgicxQRYVQIUKEpfQddRCd0MS03pDNHAkQoLOUHxWhMRFHX5ojAEtU/ph/EISQktHWcBRAFza2nIERhFlAuP7PEKDGKWEBFEiA9YKScNREg0kkHxWP1WTDCIvShXxTIsk4UBiPs2TEkAWEBcRCWFDZDJACycI4gbOc0HIJEsRDOmSGPICjqibTlTdlBx6rH3bMoR2bgFDxSc4sAIhUOQ23psGPESu5U3LUE0VHfhSC7knUao5+9UIcKGeafBIVtj8/ZtIZIxSDIB7vA/VqY71Og5uTQ5aHJ86+fPnl8/sPff3r77vov3798/fPlr3/95aOLHpWwS5cuXbp0+RRydb3/5z9/fvP2SuMEf/fbr8/Pd/ddqV+0ZAYh6t8CBecppZTW18Qg1L3uYk5Y1DBhEM5K3KJz/lSjlNte8d7t6v36i70OBcerX/v1rq93OLrkw3OqrNaqYDws6YT1t2uWLvkpBkFhkSiCLBgkgBO5oBkADFJomuxiNElCEfJ1if6Wxc+zOIiY35oFqIjDWBOl7GG3T/kZ+gxllM5FRdhjCLG9N4uwAFgIIzWZJj1IhBQgCAEwAjKyi2GEzGB4YY7fo2ZRAZESzhRcI+01W2RmnZ/sS6DYYRRjKTcoFAgiZvpYcpxn3gB8ywLlmf3ipla4jORVtbsLdLDES6oqVcp1qwNL2golU89X85aVAq8ogKtp7pNaIP1zDgC3Uc+EBNwe9pBF4KXsxzq9DA3YhMFOg64bmt3cbP+w7yFvsX0Up4YyQHEWqHLjd9SAsU9/pA6l2XD5WD+/WEr5OTeJeis12cLM24jV3WJEzUfydlhuRh+sx2Q1xxz5in1xaIOUG/u6omhZdLmGg0RzZApU+BSVUkn7bSVnKLAmPy3imtHZWo4qyarSCpUsAeaqF/S9ZlANIuqBmPQgx0iIwzAgnOmapQ0biIDlwAdhVoeSGSsDAJHIY4xjjIwYFIb08zQAIEpjy3RIEB4jsyCiBj5R+G0IoTyugEQBUR1ramMQBQBAjmBYFxqJXEFEZiUK+0EeW+Ijg3kHiBwZRCCKMGcCqAcSRN3t2BooqHxBjVZo75MOJflGQdduAZQo0VFEwOSrHAlQkUgNk+x+Foqu5xR3EBCFgvIL0f36ACromQaRQZIOz5FUh3XczykzR0VWxV4QzYUDJmakrQSEtrr5BJzOYGlFnZRrZ5oM7bQ1C4EgDRVms0sICHBe0VYmZFulMXNcrbYwbSfw1iD3Jnv8zEWXhyHn57s//8evXr56+49//vzm7dWbt1cvnj/99psvzs563KMuXbp06dLlY8l+P/7rxzcvX70DgBDoN7/+8sXzZ/ddqX8DEXDETgoG4Yo1OP+KqzlxUUOy+aY86yUu6dz6VL/268O5DuDWTfSYFJlz0NN7+i8uPf+6nN/MKXdVrkr+lUUiRzUxkRBngC45KyvWRDcbITKWFk9hLlhLRaQ6yCbKam3N/twAJENUtpIlQp4w+OvYmio2X5SAwfxqN8mol3BB/5+obzIwD2WWEwQAkYWCRLEiGIGYJwAhxogUUEkY5H7QzDWZlgQkyV4MS2brUpy/kgGTRYRwjt2VbVuYu8kGkKZXoSAFZwCAY49uZTSgBlo4TYn/tRGywlzd+HUhpcEalIX0FtDXBlRaWSdQzQQUnelptEB534Sy5iUeQdoQsSoI81gola+pWNEveeTMcjkQu6DApotj9a9hmxZ+M4PZzD5dzEyOW2CrL7bwC+eVOfr1Hf82YTW60hRmOk35qbKCGt4ayt1Y0JYxsPTsQr7TKrNQeru0Jei0XNd84IvVxm4TkT0jZYsVk/zZJFwQJC1jTh907MWZXYruFcFcVxm6JVhY5SznC58ky0mJiHbDICwxjhKZBsQQ1KMkC8cx8hgZxsNhDCFAsEUrkRERkTmOcWSWMIAG3LXlXoRjHMfDOI5ElGCmeBh1oVRsUBmHwzAkziQR0TAgIYtwjEAYYKCAIkJIGBAg5GUrRRRUqImjsMXC86UbBCCyOgiVyBAjRNbYeyQgiASIIoiGqeleCNVNuDhAqA7N02keTn/wC2qoP1/HC2cJFqrPALDsolyDVrJtPBAAyc4SCZmnc3feIL4JSlfxzhTdZRX9bhikHnxi8TMyCKRIJoIisvbegKHad7GOi9JVNSan8T6AUoRM2wpYbjQGIVpfSDns7RhUgja96/xNdNpgxmIz5GgnuB57L60I3fGk2eUjy4vnz7788sn//M/PP758+/LVu5ev3r14/vTF82cXF53H0KVLly5dutylXF8fXr56q9AgAHzz4tmvfvXl0CMBfyrB0n6rx+CO2mPdHrZip91i79XS1+y9WOev9Hw0nAUfhF29p/8i0wdIfyqWV//rsaf39F9YOmzID3dbLlTluseqCEgsESUQa0Q+sRg4hOBoJoAdSgcUOz2Pjgu6DdTU56oLICMEWBVDaMSMRJ7IzKJMi9LyNn92cl/b2jgZ4GphgehcCBaJzKD2KvR4ieZDVZCZyc2mCRNV/2hACIyAdoZID+ib7W9m821BJvW7FDelf0yrmGTb3jF3hfrK3h15T5GwHiTfRthLgf0AZgAEWcAhGlhdwbmTnAru7nIRz5j/s+EO1A2Oc7rPks4Ze2kN2yuHEDmfsi5/DcJcSmwiVU1kcfoOefwpwcbssWWepRbYJlL3VapYQhAFOE8j6iZvo2PP6nBAhc95QfahJwDQKIYw+6639Hgz55bx1miUGZhUddYc2pwWsPgxrte52aotCp0kGtk8c47cuRnAW5FS26SUlZbczpAuqq5VxcXWSF8jNRC+NM1oGgAVxCMph2KReeIaUSdUo0WlQV+wyQRSWNxjDZvXnUxgV6Xqf1ID2qYJXFILpBMf874rccHJtXwpvRJROUjMg+jZ2aPziyEM19fXMcY4jmMcKQRClMj7/X4IYQjDgCSRmTkCj+N4OBzUiehutyMiYFaunOI8fp4GYzyMh/3hcBiGQeEdIjrsD3EcAYDPzsZx3O/34zgOFEIwiDCEXdgNRMQAkRmJhrOB+YyZQwjDMAzDQESqkJkBg/q2ZBAYgVmhMeUyWnBhZmMTRpZxxNECEwZbxVFYCN2xKAApeY+NkJc7Kw0SKwVAHCBMq7/tVAAgCCKicDGiFKND3VegxSlEYsCACeLTk0QMDLl7edK5RITI6dNTd6llVoXT0N2YJlhO9zSIoPUlEnfRIESUsDcdegpXU3DQWiCtQkhmWiggzPTBCqAeuko8ftSojQAIyCCUlm33gKtfWj0BVDOGiCCDZIcSXT4rGQJ999uvn3/99F8/vvnp9XuFCb949uj510+++OLxfdeuS5cuXbp0+ezlzZvLVz+9V4eiAPD1V0++/eaLfhbnE4sBGXZgLttp1uyxGf5btNPiQnqZH/E0OzBW6Rvq2dN7+gNL7zEI+/Xf56qfwH3HIGQWRKAABV4IqA7AEJz5IJKAOjYIjxAEgQiCoATUwDju70qPwSR7mZrgEgnfTGZuzczoh4cPYgYBJiKEgBIBGREJgs8bJk34zW/FPaGxeOwjtTdGiQIMah6UKCAavYjz89os5ng1QEBEjpE1fJTGfAIAYYnACqSRhiFkARDW8IxFmCkR9czWtO9XAKdbdvPPJakBobIuoy37CRbT/5KbL60DfcZV37CuMimTQNauaDpphkblqITo4fAyUWDyQphpDTo+k9f16q01MSspEUpJuGNZwCL+l7lm3n2w/Hv5Y0IOvEgNE5V/r5Q0wL+NiIgUZv6keY4JpM4iq6g4jOC5EIquakoNW3rb1l9KYuymVk+vamtx5m9wZv2hVDBl2UBHQSn12GeDzzJbsU6lCoUmwSLq25wIuB0CzBgwlN1X/lcmoNpCnx5r8fWRMG+fozh3/QhmP8E5qWyW1JX29bkpv3jmSB9NKjAH/FagQQDQgHOTkZAaR7LTQymqVXrgrJ7wLrORmk4b1Gr1PylcWRHazQK/VZl9xbRpyc5VgsZvA0y0JYUpDAXDwmWopIqmWqLkDayuoOi4lk4siEAKjKAAAQXCgIAeqK5w/Fi0s+uDAqcEQMBABDm/xv8TZlAnyiIwhB0SqOfsQHR2djZQOOz3wqwuTeP+EMcRBxYiHkcYRxDgyIfDYRzHGA/jOI6HAxLuht2wGw77g4jogjZeX+veAFD2NzfMMRDthhAGEhnjYYxxhBD45ubm6vrm5jr9HatgnS5NRHh2/ujs7AwDCQAOIQzDIY77q2skGoZhDAMREoXdMASHCTUsYhQezi/GGPfjOI4xEIlwjLwfDyIUGUbmyBwjKQzHLAKEGLT9nQRIjnWRADADR9bV1UAy7Rou/lqJRn+zR3WoGfIIUowBEY7sDEffUxEKDkHD7zEb0Kn7Iq2JOzQQyoQ+ZDtHYU7d05hLCLRvtXwUCoQwEBIQAYjGRQwgAdHonT4J69dkYRMRiSCZJDTddIB5e7WPitQpKyCAEKC+Y8CCXu97BcwfY/o2EEXDOqfNJ1ACbNOIBoSwfhKjywOXi4vdH37/4ttvvlBygzod3Q3hyy8ff/HFo6dPLu67gl26dOnSpctnJu/eX795c/Xzz5eHMWpKp+nfm/QYhPNrj0HYrx/t2mMQ9uvHvN7h6JIPz6myWqvKkt7WCetv1yxd6qdEENQUaa4yUUJ5Sl6cjVHg+Q7wgaAIBEEhYpJAaPkUgyC1gUGqaCG1KRkFBATdhRaDkIieUgcEEiFB9gfrVbqhsOAJGkYohhYyM8dseLXj+PaLmr+UOmmGrAiST9QjKiExN5TRCwwdJHLjXTbEAaRTQwt2r+QKwEC1Kcgj9WsmLiD4KaKpHd9bKWFuUHjQ1ONJSyAI1uZvKGCBCSq2BJJlDVOYc6k40zbB34pSVuyF3mrrJsUWjgkFWIVpA5XxpEK9fBA6mLRVA34BUfOPFqscuVLTdm29UuvfmPzF5kkjAST5OJv/IgmLobmuif51JiuWIa9SakY8U5BCB8Wabzchya28f8o/rebspzRQy+huS3rmbOCp3qP1mT0u7apuUzvj5noL2l8Ds1lkoVYtmTAFj/KeV7TVqCz6kMtDwvlY81JS/hRZDbCA9EuQrnFIAfQ4Sz13ur/i8lwCgK90iM4Yc8RHqkXLl7F0uMe/0rSW5iB29rDDPZJcNSIBkr+zn6FxV5NYtkNBIEdQXlhkj1+ILBrFTmdzUC/QhESEhACIJIgCAVE47m/2IkyAQf2C7vfjSMMQiBBiPBz2HHm/319fXY3jIcaRY1Tq4W43aBBAxacjCyDudkMItL/ZRx6HEEII0Z9i5kDhsN/fXF1fX12Nh0NeegGFAQFDCI8ePz6/uAi7HRANu52c7TAEAQEIcH4Og0QRZjmEYRiGEAgFJEQMQZ9HgIAkAQYKFERgHGMcWWKMcYyHGMcILMhCAAQUEFmAWEAgCKAIjxb6kAAoRokxIgAhEQoREph3cjvx66uE6NmlNJZY4xNLWl8NDa2GHRo4BmQuRdlCIQqIhj42H+gaAtm3VkQkAEQESvaHNGemslBEMJ2wABARIhqI/NyDEEJAGAKRr+HMnM7epNm0cC3uoxR1ghFbpclGODFa4GrQI2JQb0BUo6SPuphA/BuzmqOgEKAFbPbXh/qxxbmmy4OXi4vd7757/utff/XTT+9ev35/dX348eXbH1++HQI9fXrx9MnF48fn3azZpUuXLl26LMn19eHy8ubd++t3767HaNukRxe7r7568vXXT7tD0XsTM1mC9BiE/dqvH/+aYxD2a7/260e5qnhKjrFk/2MRRov9R+opKpu83GiDSAAMRCgCEN0hFZIEBLN56TF59mcxgUBejcwd0SSzriUejB2/BxRDDs2EVNqFU15HQq2SCRw05E8JfDFGdUnGhWku4aIiHnYJEIkkFVDWn4hETbVGBzTIMUb3AybJUZgIA5AtzRlhhKkxPUF57pJrZtCXNi6FqY5L9KnUULWhHhadATogt4aHbQEIJ+lL7K4CfKxyYJlBrF+nDVNSGAvbev2mFaK2iBp5cZKupTbc9DrzRighli3+OZPIJEPxTdzav2iTutryV1kbZrGuzYZS5gjHpKkncdfmuEgJB871fyBAWGbA5WG89JFO8xytyiTbtu6rRu1k5Kx9ucsK8SiKfqxKRymPC9kcmjbKkiUul1PcaH5/ymjJZc5KjfuqTb82hlm72jbIMX2qKQJfVq4LmeGJE11iheixEfMjCY6KqttFxWT0NgGeOb5bbirXlWY4RawYAWC0F/GjOgQG46AIIgRCkKhORkkZ8/t95Hh9fQ3Mu2E3UCDh8bAXYR6Gs92wv768vrza31wfDuP11XuOrOz/EMLhOihvz5tFYRzZ7cIQgi6m2hCH/bWtnyyIGEd1O7o/7MfD4XA4HOI42mIONOyGm8tH548e7c7PwzDsLi7OLi52Z2cUgkCMCMBRBMbDuEcaQtjtdsraJyIaCAIJgAASURh2JAAYRAQPozALoQCN42E88BgFgJACYAAMWjgDRZYY1QdmEMTIwiwEFkuYCKl8ZwAA28Z4Anu/AJAAM9mOyLpNgPTUhHgPChILjlEQWAwVAxbdjoiFIfSOJ+Pu2VwXyLwWgJJa2VBnD96a4D5AwIFoCIEIQVgkEkIISv6sViQPMAg+yDJ8n7BDLH/SdQFRCZdkrFBITnlbM0D6fMShfQEAQkp4vx9qBvEjSxOHul0+dxkCffvNF99+88Xl5c2bN1dv3l5d3xxe/3z5+udLAAgBH12cnZ/vzs92Z2dh2A1DIA2Quv30VZcuXbp06fL5im6fY+Qx8ngY9/t4sz/c3Byurvcx5r3Qxfnui2ePvvji0ePH5/da3y4AJVqxHbm4K4zjYWIlD7NW/fqLuOYYhP3ar/36Ua5QpWT3Tg6UKZxGFjQQAcidq0ltBjJDk5tykpnKUoQdMGPGwnGWUgXBozQBVYZrrQAhagAkNUchigBrJKfiNah4SNKd3ihsN6ESsiJ7HAsHpGrWzD+KvjWzeswLgCLqsI6RhAIYOhhjqrWFMWROreEOTYUZyCx8JRRWYRLlwmpu9FZtI4Vdu6JVzRg/mQEKpXUQxO3R2ZdgpVawzn+cPze/PwK3THNm7LiCCMw2Wdrj66raYEBPn7eWD84G7ApofFGnptYZ1Erq/Lb2Sy29WgNeWnx3SMHDJsO4/GKkeKq6/zBD6pbHj4a1m9Qk/bMaFbNy28jochy7dVj66DtA8w0wjZypRXL6ygvlbQcIc9+VdJuF4oqPcdogsvB4+liab2qOLpdLbJZezQzlR2jejrcptEMHhoFk2N5mvswlTQ/oVYC8AbQCPCtB/10doRXheROsz2CVk2dHB6egvkaM8+qpG0SbXv04qACzeWHUjgZGJAJGcJfThMq5B51aECjBwckPaTq0Y2sKo2GOuzCICMdoR3AweTNlQiQhFuE46upDAOPhwMzjOB7GAyHsRQaiXRh4f3U4HPYilwhv37x59+7d9dU1j6NwJKJhGHa7HSPutZ5EgSjpPBwO1wCEGGOMrIugcByJKI7jzfX1eDiM42jdhmEcx/3Nzc3NzTiOSAGRAJGGsDs/Pz8/P3/06NGTp0+ePYMnTy4eXTDgzfUBgABs0eQRD/sbokAhICErg5CQQsCwOwOiYXd+dhYo7PbjxVkUAAzD23fvXr9+++bm/f4QIwMgDbuzR4+f3uyvooAAMaAICUQGiNoNFACEORIExSLViaa2dYxRWYYD5bVGSGPEIrhvUg/+hwVWjESAos7IOQwQBEkEGTTucYxRH1dgMgQKIdg/iYK2gvmoBXdrYGuXfhOK6mmVETEQDAMJ67bLfzVv8b5bMNS6/EAEEJCAzMMoJrDQibDEIEAQzFEqC+mOcaJnOtOjEiXBEXMiUc+qktmLzBabFqU9T3f53OXx4/PHj89/85uvbm4O795fv39/c3l5sz/Ed+9v3r2/ue/adenSpUuXLg9Oznbh8ePzJ0/Onz65OD/vnPuHJMmyipttsNtzfho9d3t9mLXq11/EtTMI+7VfP/JVxVPUwEiCLBGFUIgc4lLzYwoZiNkhpCJ/6ExBEoiAAISQkBaBAiqbinugqpEtzYgiAglsQ6SA5F7dJqo0rBHAjKGV4g4mIkiGCVM6lyRCyFZZdqeTVX2Rs5BRBr3ylmpW1MxfVBZHIiI06Urzk9KIk9Ilvea0AQvXiMsIFiUXoxVjZo33k91+zn+9HWq4gqL5oKrbZ/mRtrYj9KlFVOkowHMEG1yWI6SlWa2WSsjuZ+fpH0fmiOAcjFxiCsIEVUr5Zz9N7jc28C0AwjJ23YrCIyDo8hjbjhGmItuVrBHWRf2noNRr9dkUebFRrjhkd2KJ0296+WElDeczFVbsQokrSO68Tycf4HxIp7MjSUMWyNQndsAzratKqdIwnbpmgi9rRq8nHIKx03SZsWMkiM4dpPxdAAJgIEqnRpRGb/5LOQrnaYFAJDLLGEGEo6hXbY6H/T6OI8coILth2N/cXDOf73bj/nC4ub7Z3+yvr68urw77wzgexsNIhIzAB+J9EABDxTxasMSIIBwjAhIhC8eo8Qr3N9fXIIZFxXHkyN7UpDniYbQ6+evtzs7PLx5dPHl8c315ffnu4vHj88ePzs4fCQBgODt/9PjxkxACs+z3e2YWgDAM548uDuMIiGEYdmd4IwA3BwCkEM6GAAMB0nB2dr4bHl9cfH31xc1hvLy6uby8ury+efP6moEEB6DAgpFFgIAG9fo6ai8FCgIsQqxLOYjGT0bQoHzijmtRhAXiOCrsSxQRCZEQUDQSse8uSJCAFRkVjoxCuqMQ87yKAIIECAp8UghK+ytPVSnkiAKBKA1Z3RYhGDqoIKVWAoJ2GnvwP1QqPjlXNXsdN/RdiuLUTagVktJJfGzrkGDmIoxnMeQxbzURiuMv+gMZdF58pM6JlPzNHzuV0uUzlfPz3fn57sXzZwAwjvHq+nBzc9jvx/1+HMc4jjH6h9GlS5cuXbr84kXPeAXCYQjDEM7OhrOz4fx89+hiNwzhvmvXZUGwsM9ttMHeFcbxMLGSh1mrfv1FXDuDsF/79SNfoU5Jp909FB+YM09UEoBmTEYiMEadgJsyiUj9ZgkKIjuWCECoDscS4mSci6IaGRp0a5TZYLNxiC3UH5DVJeOEAs7wStekxdyFKtxXELPMS1dyKcoMIsDOaDQHpEY5cnA0ACIWlld1L8pELH6M3uNOOX+FAdTHWwYn3MKLuemdmVP2TGk6F0jr7azRXE8TdATziaitTqXeOdQxQ/Isk9bg06CD5XtvAe0m/z72ROOt7cE1IlVqepx8PVNZCp0n7jg3tXzVC+WNLDSSj2vtjc1A2gdK5sLmKuf0OaJZRiJs4IsztUv3JV64RFDb0gIzjA1TA87yrHVsqbGdvK0C4LPTClq5yEN1ht1K7ZJbQiiGytF6zj/SRSLjvJlWkdoWSLypqRI6hoDFPD+5Yp1/UfyNUqYGYD+vqjQEBISgHPBSMt+dY6//S3NG5ajRWGF5ulcifbmYMlRFILgbSVCWu4yG8zDH8aAPIyKP4+FwEGaiFNsuxhgP+5t4ODAzCHCgq8vL/f6GAMZx3O/3N9fXN9fXcYwIIMLjOJ7tzqLwgfmACAAxRvU4SkgxRo4jCEtkxQKNjB/jOB5u9jcSWcEqJeibD1SWyJEjCzPYuigsEmPch+FwczWO14frq+uLR+fvL84fPT67eAREw3B28fgAHHe7M3XdGVA9fkuMUUSASCLHw8j7kQUQcdjt4GxHSAAYJQakpxdnj8/OmOEQ+fpm//7q6t3l1eXN4foQ94dDHJkFBANIFCBBAkBACjIwMTEhBURjeyrdTeFcZjCUEwE1QiAJKX9Toz4KsDvfVGHLK0jIEpGBAvoZKY3wh6iRD1Ms6MIHbeHy29xw5g2A7SfQGYeYvDOGEECQeWSJhBobGhxTJii/X7+vnIuWH1ix4dBwmgyCopgngACDcRulmGldI2jYZt0ZqZNSMC+21XyeIhdi2u98kpWuyz3KMIRnT8Ozpxf3XZEuXbp06dKlS5fNku2om22w23N+Gj13e32YterXX8R1gCSlVbzf9/t+/3Hu1f7kFjAWYVG3WaKBa0gc/HCTPbnTRbCz5hRA7UgsiCQoiCgazY3UGATqhg0EYM4DNOtrYZeSqc1YPNYRJAty/k2gwSAURwclvVsONVj5FxVhB/jYGIQgkGgDgBAxCiIyR+YoHJiEKgd0AgwoAPpEbmURIZSM76TskC3STSPYFDZt2dYrGK/UOM1WoIkotZ/YGq2FCXFQ7LD/KVjgCkbYBCTK6uG0bdYenLVFlrnFfyWgjRElpOobewpSrLBjdL1p4D4rVCCjBWn8Fm2YawHZLDrltCUXvinxFhjhFkhtDg5JCokGGa6pSq9uV2vYUj6nEk7yLNT0hNcvMk/jGqazC3O5BXnlKCI+73Urqy60GYwTFjyLLpXY7AIRXvmWl3qhfH7ydeZlYEuViv9fzowAOQxt+ahnyglFH00npRoGzjFMlwovkdE5NqhnSEAAKY0YX4Rk2imuZ+pfFxE9uB2mVSzNfmJ1AOPhAdrSxgIIwhw5xvHAcU9ECCDM4/4gFpxE4uFwc30tHIfBFhz1icnjOI77OEZhAeHL9++uLt8f9jf7/WEcR45jHCMiDhRsfQOJcTwcRgQBpYgx66cdY4zjCHpIxqLujv7KLOPIzKqQhSEtrcbgt3WYgroLlzge4gE5HjgeDmfXw+Xl7vz87Pwi7M52Z2fnjx6P47i/udwNZ2fnFxePn1ycXwARi8T9HkMgRIh8iDdRq0cBJPJ4UL4lgOx2u2E4Oxt2YbcLux0g7cd4eX39+u37n99fvru8fv/+5hBjFI4io6AAmYdNdcyJRCEQDerJU90NZCfsClIiUggDBQRhINI9DozaNFMt624AACAASURBVEpOJOP+aTxnpEARIiKQxS+2M+MK6um40MNHhADme10QkQwKdtcN5bIeEAEIiYgCmatSRAkBEQJHGSMTAmltIhrq2fhI02kd5wf7/tBvxAdyBgAZBBBJ8lYl+zFODhY0gDSgnqWy8SQVQOknQlyRud/t0qVLly5dunTp0uWByS3srh/y7MfQ0+/7/WdyXwCE5Z+w/b7f9/uPdZ+Nqgk8K2zH6got4YLpEUJkRCJSdFEQLeKNeHQcZc8V58mnoqUwsxINBc0Vm/pTS5xFLzexK7I5u6z2xC4sIuz+zBQbKCNLmf0yGh8i+xp1jDAyEyXD8igIFKjwMoohhBnpBLwOE+Bt0tJVC6Ab3uYts54CaqBbyFBxsFJMQZpWYoYNUPWT4ArXcP1+Fa2c56zs7CVG0iSTTV92tZRbyBQHlTVgY0lKkGYdN50UXbLo7srN2tE2KQmMuVC17878grZGDqRnmzjNpCYlOtgc7ZP0JrZ3qjQLaipqoGtLOluPtAe/61mi3JWAZc6TgwseeeVsuJcGFxDsvAbA7AtNHbE+2ObT1KQBj3zyMj8bslyWGBmpisppvhVxaWiVhRYPTus9cY07WU2SV+rJT4iBdGIXq4PBLO5MGzVIn3BqltTOCErtouKrMRzQ5v+UrvCPctmj+cGOHOPhMI4HkHEfD2IUPYnjqF75eBzjOIowgoDicjEKMyHEw2GMkWPcX19fX76/unp/dXl5fXONACGEIQQROYgQIIXAh33kyDEqZhUjxziKiLsY5f+fvXdtchxXsgT9AVKRWXV71mx3ds3m//+6tZm93TczQiIB97MfHCBBilIosuo+ppteWUoJBB0gCD7SD85xuAvBo5JZPOncLedcSlly8cI8CGNt1kWPMiYwE6siEKPZvOSbfIiqDmMaLmkYv//+O9yVpUxXljRe3swyyu+aFMRGlMaBkBy5mBORiGpyh8WzUFXHcWQrZlamiUVZlEVI9JLS//jv/+f/83//X9c5//j58f/+r7/++99+XqesmgCec5lLHoaLU0PcWJkFRHAqvpydwP/AzAMNzhBorCdipkapLAwGC0SCiAlAhCsYqIuUZ53N7m2VFtOgIi1xoAoJk9S6oYWwzueYMswqLYWh1qpgJgZEiITUIwchJGabCIF70eo7JJvaY6ib/BQXX53pwuwEJpZu4ULb/f5NoObo9Lj5eZ0UbZnV5pnC24vutNNOO+2000477bTT/rXsF+Ku/MX6f28/5/fz+/8m388chOfn+fl3/gxbSrrgaUUHKz0uxMB2CpCrIBuTqrCTucWS8xbLInaihrjVRE1NqHQX+t6ADdtS0II0riCNVy/Y7EALMgdfyqhlG8SSatAMVmr2pu5Py0fo8RNmNdBZxUIJLCQVHSylCBMrC1zJndyJJdIx1iDhEneG9BQRppbap1LLGgIKWY9kOVxQt8IetIjNdYe8ogl3Y7grPICp9rhOj9Kt52k9VXvM7xFidwiJPenkRmW0HeKT9GaP2n0mFPoZhgFs6Qz9vuv18mVEaj8UvNl2X7t2pmIatL82/jA8tjmcxWcM/Gdwyz198A6jXULJG+Cwxxo3Ph83h3bVb/r02Ul8wQ4nJPGzvnzN7ysQ5j22fYC69dUaOfVTXLnffVVq3nTy1av4uIk7BuFyCEufn8nA9k+fg22bWX94gD2+uEVAfTuKB/Be/OK+Qi8EGl4q96uTFa2AXaux4irtkVRXz9DCVm9ZCDfkaGGReh+S/pwvF1Zd4OJeV9uA3AzF3I0RiNzsefIyT7ePnDMBouLFcs45z+wQFnfL8xR4oZsRoCpWSsnFvNyu19vH+3y7lpytZCbmlDwlN3N3Ih6GQVLSeK6zAG5evJSQ9IzxcXNnAG5uYBeRNowgqUxHEIkSgchRUcN6jM5MwrGkyEsxBzGJaNJxiIU5VmbArJTpemNlkjSMl4/3337//d/e3t7SOHJKefoI+p6oimgGblcw8TiO8ZAlfxNJLMKiSQfnOAOaxksu2cDK/H98f/vt7X9c/3v++XH7+XH9uM3TNOeSSrAuzUrxOKp4Dam0PWERLqUALiJMzuTugfyyFWkUU4e7EcyYOYTWCS4QEVIiiUlRJc2J3YxJUQmFqqEUKrJqfra5HzzUJU9gfAizxF9cUwsuWrgiIikxgxwkiESFIRG/8NKb7HnF5CPlJLfyIC4y9Y8hDqYg4h2tarHvr9wdARGrYDvHNaNMDqr03Oppcfv4RnDaaaeddtppp5122mn/ROPu33MvxmD/LIzjXxMr+dfs1fn5n+IzgcDg8/P8/OIn/fK+9AUPX23lvv5zD/Sr3+lRWwdHR7WECE1NikJgcGEQVsYAnEmEZYmLLnWadpRIpZmBqyapQhBrw4lRpdlWHbbnoFGNEDdVzoWZsURyl1r3D2iuu/eKoy3jYGM2WP3uDTtsB7z5EyXwZbE7uYjrIkxqbmJiqubObuIMkU1ImYICSR0ARsTL2vzNZ01GhC72vIut830ho0nYPaJh3XOwngCER9U2zS0/H8F+n9Onnu3YxR5B9w4fOdk1+oSv9qQPL6KMv2wvoYNbuwu1fgHFOe5DfO4unAZEPxm9zz1vIMBW2jHYHnre4l671IAH7Ldtt7/aSaJ7CdjFFe77cODk/rw87thxJx/QCnen4AAdfwEa7JddtAR+oLtEX3/ImOmxvC1azx9ehi9OsC1M+GRmbje9OHuxr7zg2gGAtYfF0ki7JRH3kDUaro6mkB0oiDcgJ+73oRdac8xVBqF3TMqWsrASE90KzGNpi+dsJcOMEQkH5zJPZZ7m6VoirSCRlVzmXEohgIndzfJcSrGc3YwIqpqnKefZzK63a55usEKxlAVkbuQW/WARhrtbvSTIQlMU7nEgIRgaD80Yo0CNGvqzqnibexyjw4tbzRpIRAALi7iQAORwMw8wkQsXwHJhEbNS8ny7fhAHqjdeP75PHx9v375d3t6GcdQhBSmQVZMOIe0NJy9TwGplvg1p1DSI6gSWlIbhkobRZ3g9M6LDOAzjZXj7fhn/7bdvtzlPc5nmfJvmOeecc8nFHcWomJdiOWczOFAI2QIgVBpHpouqNkiNjbjJuxY3B0FYVERVRZVdScAQRoCL8RrGxMJCwS2URttnbHSn63QUTiQdNbVqLrQ7GUXCyBBh5WAWqgAW8F/SRFwl4u8uK6Y2Xfs1O3evAovgwaK+XacBtrzwBvu3/ZdLhSSkeoFAy5fkhQEP0mMFhtNOO+2000477bTTTvtn2ib6yvuIbt1+H5u9q3kUxT2M6PJrfv6pn/+avTo//1N8pvhH5/l5fn7xE7+8L77g4aut3Nd/7gG/+p0eeXt8dDUmUwO78cDb6G+yOzO7qC7biRYcbnlKVlVQEUDEXYQFLCJwAFyVubh62MvZ9QKS6OEucIiXPQafesU6XvIL1qAtLUcRemu+kxiNjIN7xVFv+ZUiRsxE7IARtAqWugaHwr3quMV3qiqlsgSMqw4dr3/6/vPWViSPa51luJfj+wXGXs+5aiXLRqGHgMUBm7D7+bChX8AIFwmytYddRw8xzk/976CmJzusuGBM6+1ZWG0lv9556Dfw/ablgjvowo5udS94uBvVVYLyEQnyqe25g8fHsoJVrcVu80PhSr4f87jkn6W161ibx2qiPUrzJ9AH7463TbtXHT6ox4+r/FpXv9ClbSsHY3hXc3f6ji+WRw11yWh3m57juwuVbntW97Y+V2oOwpVQ3UHQ6DCHF6B97p5VnZjhg5m5eSC0/e891ttFe5RQe5hRzbFW08U1zmCggyIbhHHTngPOICvZSwmme5lny9lLJjcrVua5zJPn7FbcSikl5zzPk5UCcyKUXBzGhJKLWY6VLsJ8u16neTKzeZoIrkwqwqBY6ULwYUiqiSUS+5kt62CakKamRE1RYMF5I39eS9Hn8cwLRlsxg3ucxqBVeuRxJGMnjnR5rN7eAIhgxawYQKJqZnnOojdmYVEdhun6kT+ul7e38TKOb5fff/+34TKSSDEfhnEYBhYxQ5kxDElV5zxfLt/SMBJrMR8vb/ydkkjOWTUxC4iLF8qzaLqk4fu//Qbm2Xya5mnKwSA0M3fK2eY536b5dp1u0zzlnEtR4WJgssSW2JSpiXGzubk53GzOZkYhgTqMrBAiJSI3ZhVW4XqTFBJRUkESViEhF+IqA+qxT+TCjUtPRLRNfmr4YJ1TTKTCUkeYmCHCSQVgNwuoEiw7GfnN5bC8lKzvbNg+o7muMKP19fn+Br6d5vXvdm2vCCPQXpCoPSuZGeR+mNX3tNNOO+2000477bTT/pn2NPq6/lPx5Yjx5z7Pz/Pzv/Jn6rGENQ7UAo5n+Vn+p5fTv1h//rxyel6/WgRsIl5VJUYtAjRUY0Zagz9euRAUumJd/hhmYYE09asgIDLbkjHnPoS0MBHXiBLX/iyx+6DhwTyktYiJhdtSdbjTggQufjv+R2S98YodtpRODBIK3BJuFlJsfQLGSEzo8BpmIyJmuNmMAiRhHoY4QDNXXZmC3XgvcbY1k6LIJr1fD3yuX7awUHSSaih218r2HD5HJhoNgGUXckMLyy/A0F0Ownp4x432R7GDux6BSYc/6xdQ0Lm4hxReth2lctPPO0IC+C4jWjuPu0afoVytwv1eeyePO9y3snb4CN15SN56wuvq3a7gS9ftJdb7DGCuDNfDhg57HsJz/abgPN07f0R+fRQhfnKwh7YuPnhwdE9B5K7dJ0203b/UsZ6kdtiBL/i6271ncPZT9Bk+192Qj7d237/YNYrDkTVtH1HLUXfQ1kLr8+hPvZM6WbtRObXb2n1nVhSQPB4hC4ONQCL1ntYdL6RDLmuO2W5+dqraHVnLzRyNBdtmmATdHe2uT5UZJqIiBFhb8hLioijFzNwLkQuRl2w5e87xxfJc5snmPE9TnibL8xAKmlbKPM3znOfZikUauJKzWQGs5IJK4UPOeZ7nXIqbASYUUCW7O5MTc1K5jINqIrC7E5OVEljdSgJzFDNmUlUSMSvMTKQiXMxqGl9i4ji9cGIRpSog4A42EAgiKU6uOUHInNxBxGwASuhhEpEDzEVUL29vTGSz5emKMlt+m28D/2DM87ffvpPoNM/DMF7e3tI4evwTwhNSEqY83abblVi+f/8Lw63kaSIzH8eRiYsBomkczYvZDMtOTCJvquObEicRUU0pDV5gDidi0o/r9TrPBe7uP98/brebuTFxsRgGuLsbY1Dh9E7GLKpJAx9mESERmJtQJC2Mdy1RSYOkkVkJQtBIQyjMTPE+Je39IZI+MnldOkOsIinpMkuTamDw7j5cRom7MJFqEuaaWVllmdjSlGOLGTOnlITZzKI8rg43iPKaPtMpgGesl5pzCKAzR8LFdjNsF6ZHdkWKJIiBUMYdgBn11QargkW79+Mrd9PTTjvttNNOO+200077B9kn8dW78tfit4++/wvGmc/ys/wfVJ76q6u/zs7ys/zvVH4fqP3X7OfXy/G8fm9V/KnH7rDoPPWkjRrYabutceklew3QEu11UA8vrfSdOQZjup53Ee0QPt3ADKCW3mjteLdxIzfay8ehMSTWkk7RtB+oYAmK1VZrfTM3cyERXsetG5E2nguAigDe+IHtzsVSKERgxgbMOD599x52BXEGeDcbDvbj/sey43HVLSDXd/IR1+0xQNgyINGuA5/jc4+6t91x4wDH7Ek6nJOHPf8S9eqJn9frPNnx000bQigfVCAiesruWio/YhC+PghrzaMz2wuTPgHMvjzm9whh2/THw9AHM+xLfXvq9hcc3ou79tfmJ9k6H8zzT9DFbeXdZdvwuQ7wfeDpnre37NsymG0bwsNJu4g2by/Vhz1fuIBREmn5dgtZzI2ZJVapCDNLZA2Mhwrc3KzhOoRIiBt0cmd3aStGCI2BDpgABDcruczkjlKszMizz3OebvP1Nl+veZrKnGHFiQgopeQ8mxUvFrkPnVCmOXLjFS8xvOae85xzpbIJERPcLfrEzKoa8FIpxS2EMUMOlFWTdA/Qhg97UCS53i4CfhVhZWVncxERDWq/ubuVSFPXzhXX0SCAyKMXRCD2GHqzUkpbViOAp5Qi/95EXvKkqimlMk+XH29pGFl0vLzleRJVYn57eysTB5ynaUzDOF7e4CXf3HJWHXQcyI2Z3TEXG9/edBglpUhMSMwsHLkYlVTImG3UREkAYuFvl++O787MogYPEmcwDWPoiMgc8ft2u4mKiMJdVRsUZwbET5jnnAMNg8O9CKUkwuTCrpJURbWCf40amLiSCKUDrSneZJiZU4pZp6ExSkzcEiEz1WVR7stdr75NMQ/DwE1HtoKT62KdmuIwXn6IWFgbY7bOjHDXS4wuuV0X7QM05BzECxFVauZDJvJ4T2oq7fhl1evTTjvttNNOO+200077u9or8dWvx28/93+Wn+X/1corg/D8PD+/+Em/vC99wcNXW7mv/9wD/ep3etTW46NrQEnLPhjYFqOmDwI7WEiXa7PLW8OtoCKsPWeOhQXsUlFCaWyPjbbbXulubWEfZY5QaxDxvP7N1R94QRQ7X0scuuYgXOTRaFERrapoVVZ0iQ132fBidwLgVtyUSYnJXcyKeVIrLkSq3Pp5QGShY9sBaffMnq6C8EpR2W89As+W7u9QoPY/L1uWqDfv3LfdmZ4E1F9AAZ9TxHZ71LIFjbjDRO95infH92RY7lGxu7NzTyh72NujM3vfwF0PceTqyNNBnc93e+Jw26n7zi9XM7e47UGdhXD5csy2R85B6GhWtJyyJ4KljUdY9++O4muDsQSsd00t5V/yc7zpNQcHv/lhBb4r+trox+5fCbL/caS0v3G3v9drfwUHCYcI4VaZcH/onYhn7+vB0S2UwY0O9eJ0zXHWi44uRMNuycjKfI1cdwR4zS/Rct8B64W1CkoDcGZW0aQyqDA7s1aUyKxYcXOCMdecdZ4ncuR5ytPV5slyLtOUb7fp9pGn2eYMMwO5WUBT7VnmwbUqeS6lRIrdOIriVubsVqjyR6U+1DrhbjMrZs0NmVkAh+jGp0plEsFMRDmuSjQWvyOwNWIwk7AgAQCVUoqxMwcKCLih5gsk0garMrPB6/e2DEhEiKzkGW4swsyZqJRZRXwY5unj+jEMw5jGy/j2TVWDl/b927eQ32TRcbzgYgE3MQtYVYe3798m+DAMaRjci2WCG2V24khqKCKqasiRi28cRxkuLEogQtKUkioxaxKQ4KJEbw4PSVUObVWQmc95hv+mKYmIlaIpMXGsSSImCYSQZZqnkou7E0tlbTIjEERmYVYRYopXlWATNmF1bxOVQzx9nfCgILpWyJAYzO7mTfdVWeq9pRO8ZWEmjlciCcnQ5ebINR9ivCwREyqFkRaaKdYrtHtSb8QAappCJ6KaepARwvABEoIb2BhsQgbtGf6nnXbaaaeddtppp532z7Wn0VdelrW+HDemzyK65+f5+V/688xBeH7+2id+ed//4jkIhaXG55ZgbihtMkN6BiEtS8VbWJbbViKiPn9NlRiFROhnCSfSEYesRZfWAPhCZYwAt6wY4Q5l4W6ntk9Hf4zcR4BzPQTwGtSiyA4F5oINiRBwIieqQSp3sBVhsBNc3M29uAtcqEaHF3RwGyFrPaIj7uAix3qPEW7oPjFDHwCEdyUhCvow1r/I48Wpe4zbVT9PbMHtHtHd7siIhw09OJLm/FOR0sXu4bctqXHn5aDpJ22A7oDJB6jhPRyyjtVRt79AvHux3qPdl3jwU0fLHaAvXGDbGn7eBYIPQZpwsw/xMm2H5skpXvWHmbYMyK+NxDoHHpW/6O/RNfV6V7bX1O4KO7iusV8NcBgwPwS7+5vJP4yIszZ6VLhuqAhTv1KEd5OuY5mut1Ywwfczirc0x/WWuyAWfR+4/Wz437I+BvVZsctMu0IgkZMW1BadNEyDEY8SCh1GqaxvMKAiQ+JxUBX24Bo6WbFSZrPiZnCLL2RGsJLLfH2/fbzPtxu5oWTLOeepzLPlgmxmHukHi5WaFhcOQEQdJYhsgaw4vJQVFiIikC+PnBhQM8ullFIADmwMhHgiF8sBR7mTN81JaldjIKTu7qV4OyWBSwpL0sHdXUi4CAdx0SLnrwPWn9gAfFH7HK8rJCwqxORwGMTjWYlAnATmRHmeZ50kXS/TLeiDTnz7GIc0DsM4XkaCu5U83SQNw3ghVhaF52zz2/fvv+lfCFYKIc8Gd9AwjiklUhWkPANwYoZdvLyJKrGwJCnKLMTiw2jFWOXb2zdnAJmY394ut8kAMiEGDWkcL6OIlGLCFcYDJRUhYlW5XC7zPE7T7I7L5QLQnMs8Z3MPMJVAKkQsYHjcDLmCst5mL1XZBmZRZg6cUlgIVEoREU4KolLMrQS8zVLFDCSIjMFjdY/zDsAArtLqlUPrdbJzo/w5ETv1b268XPPrDafyRdc5h3ilivt5vIoxuYf0KMGBmADVA58EwtNOO+2000477bTT/qXsafS1bnm09ejzc5/n5/n5X/nzkEFID7D0s/wsXz7pl/3ccez+Rfr5qD+H5Yffd0e39xNlSx6aey4FiwAGZxIiklWMcBt03ichk43EaF2p/gjXqYvVD3x2kSZeoLutdCT3vW3I5oL2Yacgunm0t46KCMMXdLBmEopgJ7WQmRkxqyBk0WjhHQLbuP26XP45jNGjaz0Vbxfp3mh48mbf3YlouA4/aXpTzns/27PCz2GTHb3vvle7yk9Bzdah7i9+DD0+6dKhjmI7I9T7up+PfzAU+cIBvrTpFxp6rhjZ1ftyKz3es05xuhu7+3n4FbtnxO7Lud7N+nP45YYe7NC08T6v/un4vdAlfvLr3ht3359Uf3Rc9wsOPrXDG/t6dz3a5ZnC5xdbf2SHHThst38QdBhUtyQEXTWgT2HoGxHq5a7e6PXMEAhL3IlDM5oD34DVJwfcvbCKxh+hQZMyk5VpLiVnKwZHe2w5SpnnaZpveZ49z+RW5jxdP6brxzzdyI2DGQaDuUcewQD0cs4lg9yLuRsISQdQ5JhzRHq70L7sMGYzI6nqlPF0tCa1HdnyRCSlVGmFAS+REMjMohyAucXSlhAEzSV7A/JrRr1IupdSQEDKGt4ykQA58jYGFlUZnu5E0vLtEUhYYvaHmjcxsWrcsZ0oo4gqWM0deXazNAwsSoQy3YRlGMa//OV3z/PECjAJf/v+e2StvL5fhrcLUKxMczYSYRZiTSkxCmwwZlNe6Kp5ek/DZby8Xd7eRNN0c4BUB0mDqA48wCYrxc1EGJmUbMp5nudSSuI3L2ARdjdHKYWJ3769BSQ8z/A8AS4gESHLVowco5KMgzuCCxodDDEHigFhUiV3MEloKgCUUkpDYuZ5yqqqqswM8/Z2RMyiKZFZKaVE0mXmRCSqXjVfqX8JXC4CYSZCYmKvms+g/dtU/7KwfYcM0NFB0slUgEnWrLcgYXIiCeXaqqcup7joaaeddtppp5122mn/graNuO7jup8xCO/Lez+Ptv6LxNvP8rP8n1B+yCCkB4jiWX6WL5/4ZT93HLt/kX4+6s9h+eF3bI9u7yfq1uX6db02+ujqwqwg5xq16yCwCo8tAaMutk9NypIr/XDN1FdVLje7cdtvYX1Qz72r9MFWyFXzivuw1J5q05s3SC+WyrvDyTsocaUP9hEubhJ1gJciwoBSVV8NwdKqQdpIh+sBtqGOX3IPB+5sGc97mC1EwjrJr7XCvlpts/95WLedo92mza/7Cse+XsFBXymvCEg7z7z1/xL41AGEu4SI1fX2+NZpdufpdazrGcj6tPJXt37VDr09J4XyQUiW95uZqyJcoCO/ZPWudNiHO7pbH0r+5VFaKFMv1jzedHeVbDZ9tvuXI96ddvKGoPyyraht3NxeGLo9Irj9+aj+Qfnmtv6wf7Te1zdH+nAYP8MNDpetdIn0op1VSZTavWDBRayn3KF34mTsEjf/WsYInnl9HAjRoKoCIZBlm8stz/M0zdMt59m8qKTL5fLt7aKqJZfpdr1ebyXPZZ7zPM3TzXO2nK0Ut+KWvRS4SVwxgAfjb57nnEvJLMwUMqPu7ubm8Lhz1qKaoTceIVT5hvHUW9i9TDqkWC5SvJBRiINaKSGoSUQGYwOFSGY2VWURogAIS6ClIhySp2QAICrCSCrx0PRgARJBRIKhH6qmjSTGwsQc61sc5k3UVJhJNPC/OI3mSyJEZRWzEmw/ImIWAuU8AUU1iSqzEkme5rhdle/fh2mcbh+aErGkYVBNmtIg33yGzzcAKaVhSERsbgbgUsjNbGZWlUF1YGHPhsJkSjaASVWGNA5KbpbYIBDFoGDPZu0FwYyZ2TXP8zQHrjkmVRYRFpATPNTcLZuIjMouIlLnZqCwFuNG0MQiGkkF3SACJmfWNCgRnFxZmQXwXAozNKWkA4sW88jyKCJmlq0AJCIpDSwcSHTSBGZzhxuJSuSDZHZUDYbd1bkswQGcODRIKaR3l9vOAtXHM6TbGUQsRLEIrUtXSYReWPq000477bTTTjvttNP++baNuPYla9lX4sP0xNvfOS59lp/l/xuUJ7QEJ7QAAwuX6Cw/yx+W00v1670XRGt5R6/7tF1ay+/8LPWxq09P+gmqGpt3/rnFiF8ob8Hk+/40ksTB+CyaocISkJv38dcqZmVOJCLe4IWVddFy0NxDLYg4UdAHqYGE3XOV17gt1Y7tXPTd2MXlgRU3ehqR3yp/1s7WLmOJoXoVWPWlPi8KWFQV5xhwJXdyryRCoMbBNhAj7rA/CapJj1c9Ypsdl9c7JHqMa6fu2HGt7uUG64anP5cXmic7bgG2PxkdXFIetnbuOIifut2psO4xQmwP4VnHqz2fXa/26uUKn+z+pcp/Eta4nvtlEhK1KO460+6x7U8NW/+bRnuMsK/BXx2G1eGnm3aMyUe1j4tfaIiWG8p2xyftPRmi123DI4xUdS/bL6OD2+L1iAAAIABJREFULwB5Uan263D3uGb3aPHnTncd2LCd+qxmKymxZkRETyB80NsqQkoORlCjSIikPgmdAYZnm63kMs/zdL1+fFzf3+f5Zm4i9Pb29v37d/rtu4rmef74+Jg+ru5Wcp6n6Xa9uhVyZxDIrWQrBVakwmbwEBfNOedcrIgKV9a7M5EVA5yrJAB3j78FW+flMbeMfSiLNvK9lZYqb5EVBVBKBlcSWLHicBFhJvPibkQkAoeYGxEFfgdSokhWh5CrZiYRFWYDzCybt061dxgih8caIY72AsgKPHJRreSF8uZKspyyeIgwE5uQOwurppQGIi55CkdCbmWgq7Dq5fKmv/0GuJU8u7GosIgIaeKSWKSSN1kIKHkyyJDGcbzQMNYXGEtC5vHKZ6ZMZKYEUhaWMYk7zI0AiVzO8FKmeZ7yPLlDmMADnIxIqkAotUNJiw4sQAwos7CyICBeVmVyZmEmZXG4mUeGyEgeXXdlDlg5lCKYWVMqeY6BJSYr5iB2gFhEAjo2dyKJsxN/ENMplqatlGteEb1lXQ8tL9L7q+7wBQhUkxG2t8b6at1WGPw5D7LTTjvttNNOO+200077U6zpnNFh/LkGfGsw+IW49MbPsmT7V+PkbV3p5/UfxLG/3O6f5ecsP8sflCfe/FOTl8+z/Cx/Wo6X6lO7Fx/4wQvtYi3HIz939fFZP+nI/5Lu66VyHB0XiLnBaffttqCaMDmJiLsERhjPs4qeukPcwYLQvAoCAPcI3AKC9tJs/QDhAWOox7dWTsMLtuYnW/LwEB/v3qDcjq7HoF2iKdQjXbxxpVxE4JhEtoBii7IuoONhTHwLPzy3wzo98hfBuYqTbCt3VMonjXLXo80YPu3hcfknvf16+U4RkbsK96SiY3rcugkLhBxHcBBn7AcsvhyJ0G6qv3ASn3Tvj9tXh/cX/H+G66yQFq+X7f6y+1Tcsltj8bgnd4Agd0DHVw6rQwEfHNKjq+C+oU9G53nH7ih12PClD3fZiBc/bfyhh8cuH7a2+9LhtXxf+ZmfbhXKgzp82O5C+OMXsca2S79aZaHBLyX9kWx29Mqrc0fvqrvB1yUmDGdyApE7BV2PWEJ20Yvnebpdr9eP2/v79f3n9eN9ul3n6WZWNMk4Dvj+jfOM+UNES8636y3fJnOzUsqcyzS5eeVcAW4FZu4eErulWClzyXOxUkpxdwEv3RSROA4AAyVmWWdrm3giUszcnauWZwUXBZXj7nAvJR6FIWgZWGEpxZhVlJk9Dj8Il5E7kBBdNC8gYggxhCrj0OHODgYzqzKLqiO7F8Ii1hp9jOdrLIlRFlYVERGhtrojMEPnFYHaKorHMbKKlLkQk2uCFWa1PKuqpmG6wkoiZhJVIhpHmOdSpvcPVR2GYbxcIOqzalIdEjM7zXAnkWJ0o2vS9O3tu7CI6uVyUeFilkvRpLAiSZlFiFhkUDU2gIlYVdXZzEqeS5nNjZmIjEjM3MyZeRwGd1jxpCNHykb3entlFlGtwQMHg2O0iEVFNVm2kouBhvECZgK7QyRQQCH4nLMDoURqlkVFkxIRu6OEBGxR1YCE53kex1GYJEDVmN0EAKraQMu23K0uT9u//XH3LlovqcCJ9w9WDqFUppYpuqld1CjJaaeddtppp5122mmn/ctYWyhff9zHdZcgRivfR4zXxfHb6PG658FefO/zIP5ML9ffx4154+f1OPzn8fCz/Cz/Q+VpSXTBxOf38/vL3+kL9fvPxuFbQplP96Unfh7Wp8/6uX7Sg30/LY+Q+0Fb9LDdxphcAzIRVUQPv7kHMSLChiXWsj8ItqMP9S5p5FDxyS48u6WGfAoNNilTWgFR2nYBbWG7tz9R33kRN93S+oRkwch4Yas0LKqFu6JvkRIn6JRWrKiZuqceJjxmurSY5pND6y34hkcReRDfBdyOkEJ6gCDe1V97+xgUedjtF5GqLdp6jBjtYb+F59f3Y9PnBU3ebF3nz36U2k/fHBHu6uyP5emRPjnqP9f2w/V3CJgeIq9PUJm1DjsRkdd51e+ycAr7mVzFQkESW5dB3muK8uqEKDhDwWHZ5EH94gE+UrxsWMmzI60de3xJvNSnBlTXg9od9SGKtlz99ab8SjOdw8C0uv7vEbi+d0cX77HnBwqx90e0uK63grtNj1p5/KTY1V9+yp0Dv2uo9qE9/DZbY+XHcvNZwA6sdyMwgRwqLMrM7F7IHVbMSp5u8+06fXzc3n9+fPy8vf+8Xa95nlCyWSG4K2NINE92/biOOg4DM0duujxNeZ6tGCxQGDOvSW4JiKRs5l5KmfKcSzYYyJ2cndwc7sQYhkFEGOzuTs5N/lpCuBEVmalHV7P9wd1LMQuyILObESxeCli4WDYrbg7AiUldVCL1ItiZiYQ4cvKSw2EwIhImjtyFcCcjJk1CTGKiqgR2AqmaavAwAZjHQ7oy9plZhEmEiMzciofEgaqwsjs40ijWdwwRZiYWYSulmDvRkFTaM50lGcApCeFjumoaLm9vl7e3/PHz/7t+uIFIfv/9LzKO8zRPP36m4TKMw+XtTfCtuBWa02W8fPvGxNefP0uxH8OPkvP33377/fe/fMvf05A0KRF+/PxxuVxYhFlYJZUUEywyAq5zkymlJEwx7CoqRNM8Z7ioDoOqEMjczMyo5ogWbpNBmSWJM5xAYHciKoCD4O7TdEvDIKoggFSEVVRVbrfbnDOAYfgeAxY2DAOz5FzmeS5mMYtyKapac0IyMeAcL41MEqParzyIpc7rmoDuWU9EVZB3EZ1fFdXX+muspK0bCe3eLxGeTzvttNNOO+2000477e9uLaZKh3Hd9m5Mr8WWd36Off5dvn8ex/7H+jm/n98ffK8MQu7C2ef38/sL3/GF+rQpX7P0fb4vnvh5WB+f9ZMO/ff7flpOR/2psdwH7TbGJNpicI64J3ocDkv2wErJsBqzZFm8NTvIkFcD8A0lqsEjb6pTzN2vxQu3ReRLJPoTGkmwIqoqKuD1P1RNODgRVu04XsDCWDFPAvcaTkc94DW4zcoM94giwwIjTJGfqKrTbYVGe8XR16CDbvi68VzJbV1Ww/XbA7yjL1+99SG7LaHuAb61wzVx7PZun1q74/xt44GfeNg4acfTaGpYfrRXLyJaVBweWluKsu3AMsGe7PgVgPB1ntPrtoHutujgYaNf7cnzs3BAqaQ64Jtr8045s/dwhD4GJYY7n+3sLDBSmzTU39R6kKPte3ioB+UcTOrDY11ug8DhBdjC1l+5lLuLt9uxrdioVTqJZXqEET47zvtGd2fi0UxYw/kN6wM/WaLRX5KPKj1iUaPrRj8mFbJ7ADQ2P1iwrUYj24hmdubLMC/cxMAI+xIOXeh+kOsaG9zLmRLqQpN4HgWsJsLKRA6zUqZrvt3KNM3TLSiD0/V9vt0sT2WerOSgAMILwa0wTGFTyTpeRk8VIMxzKaW4GZpyNczcrS0+cXhw9dyCUAhHS+/GzKzCUu9U5hZTKLiQFGxIobbChkka8Oio8qExdg0gNTM4mEhVVbVYsWIEiAgBDo9hbiBqvEIs6zYQD2J3JFaEnKl7UwkVZogwIbINKtHggAHFiwNKHBvjFhCwmQPkEBJicgDmQiIqXgeINDGzg0iYCAx3JkQ2RA9mIxzi7p6ElQcn2DxNblYyOV0ub6qJWT5+/q2MY9LEwrBSZi3zVOYZIk48T7fr+3sBOUDE2ZyZbJ7ff/zt4/3nMA7ff/ttfLuwyNVKkP3SUNcPkcjlcgnGJxENw/BdVVSYuORc79hMb5fLOI7uXkopeY60xSmxiJCzA27GBBYhR3EHk6aBmIuV6VZYdEgpJZmmnKciKQ3DGHkwoZrSMIyj326llHme3UybeCxAqkkkiQ45z0FYHYaRWHJxwJPakDSJEpG551xEWFgWiB311lFFQbtVVuttr95iYmlWxD7a+98yO3vC6yvrVE477bTTTjvttNNOO+0fby2m2n9fY7DtX670chz7c59/l++fx7H/sX7O7+f3B9/7HIT955K/7Sw/yw/L8VL93lo5Nh6et0tr+Z2fpQ529elJPzt4Y+d/idlWn3jgc8lBuERYsPFPbevBcUWsXxBLvYmoAUwOBPUgVqYTk0QWoppKq0YlqQ/kLnQ8hODnFsTiOgJ+F6Vt0aLlvwaEYRUwrLVXkGFdYN6AOqYaOY0QauhzVZW4nuTHXYQ8kuyIsDgzE1OV0mqRWTTQgmsMNdTo3FpA1XwN5cJrSLIGcEHkG25LyyuEQCh3rJfWm3Zmlsgrx3BSD5k1puC9B3Tfu/eY5UaLfr/2vY7k3aTeeHlgPS7VAZEtTN//2pzDQ1f9j7Un9fQSLZfxcqAH1+LWJ7beaEUsNhV36Np66B12ddjjegW0fnw6XHce2l/LzO76c9/3+vMBYPWM+XfX88/qtQ6141ov2rWk9hRN9X7L7jwYNl4v5eaKedfoMhu3W7ju3xhg1FZ2ULdgb3cQ6z3x/ri2Iw7e7tlVejFKvWsdu/I2v7rVB/1QPZ44K57XNP0Oa92Dc1xF+rYbuD936xmri//W/uymWKu0cfcpF/DuUGiBDLHfsmzCpqSdGlTIbj1z9VlR5xmoLf3o9UsD4aP2hAl8orvKud24AW/3qiqKSQRnhwgLsVBNJwvLeZpv14/3nz9uP9+n68d8+5iv1/l2zfNkZSZzeAGM3eGFzOrVwebEBskwToU5NCetlAIHE5jFI+uvmTfNUzNvi1zcl47WVHUaqBoMZgb3eFyYB9xIQmyxTsZjmMQBa1kIl6cjM5m7ubn5ojvOLDX9bqQgXrIzCjFLpI3jJlQaV2cwg0FOLsQOB9ziLIhIe9yBhAZVFXWCuRcTCVAzOsVcH7PwUEpobwP1EcwqTVAAcGdhBJTIDNi6HiWEMd3ihFqZSxECM7lbyTeHOROGYVDRnKeS05BSSoMnJZY8p3m6siZiBgtEiEVTEk0kPn57Yy/5lh3IU7I8X769DeNYHCKiw5CGYRgKMUtSYZ7nDIJqSolUU0366BBhdy8OEkrDUHKuS52ASIjIIiCQubsRhEUscgoyE1w0CVMpV9GBBSqq7HAjazTtuAREE7OJmnueZ7gbWwC38Z4mzOOoIjpPk5kFBZRA7pgtc2iNCjvMHMyJRFi4viAx4k0G7gQSFq+vjd2/6+qFzSGWyoEpNpy5vqaur8PLjeqF5TmnnXbaaaeddtppp532D7Sqzbb823kbX20BEd7GdfuI8TYuvfHTR3R/KU5OLQTzaf21lT8Wh/+z/JzlZ/mD8l0Owv7zLD/L/3B5b7/iB2s5XvGz5At86p+O/C+t7Mt7n0t5d4de/S85CA/bbbFAEXLyyL/EzFL1RIk4JMDcC5NCQKytEWchAnuN8ggq7zBAMGYSQqUbRPKZCChGMkKsjbcoEEAgkXBAHAHIysLrGHSB4tCeTxJR34BRwViXs5NTezpvLcC7mvCJiSRgQqn0CyyoHxEA4SAZFoAdkanReoCwxa8JVYqOnOBE0mKwRBFejj9LLh7mRgrsUiSSN9SzbpYlCL7MusdSoncFIcx4X5Ob6mPvx/u4PbPcTfd7sdCN5xWg7Av5EeGxq/L0KHYykAuM2v7siF8bwxKJXPByUKNOPac29vwnPnK+EX5cLsT71jvP2P70dffaws7D5g6xbjoAZA5BmvU03QMyu441seJ6IFUGc0GNGhbakEBeXVUFgLslGHe8tKplfN/N2iVZTkzrxW4g9jDeciPkHp7ejNOCtVe+8Lo/Y7sG4RClwwr+fmJ9tR693pRzT4trOy7ieqAt6rbzjx3/bTnEfU8a2o0e9q73d27XgiMUtuu9aJGdXkd019TubPaswfiUpv14cCm1wsq6xn0DIZRIsbZkYXt3IwoXW04m18GQii80fHAzdI27v9IKAxGsjyoikIFqVlknjq0GIkgFqGggCpFHhlu+3T5+vv/428//+NvPH3+7/vw5XT/KPLEbweDGbnBnOLsBRl6o8f0IShAYfEYxD51Mt2IlB71MVWvSvy7ZrVstqenZ2OHWJFtBIDi8ZRYUERCZWUA1YI5DI5CISMvzR0SBM7kj0J9SipktatseWBDqkpb4DPYhOaUk5DBARLgtZRFVoK4fklgH5M5WMd2QAHWvPkUkpUQcDaU0pFKCSelEnOFezJhVlVsXVNmcYrkSiEQCm3RyDg6lu0dn3FlV4uQ6wHAi5Dyb2zBeUkqRPZEIebrCsqo6KM+cNQ3DkJKyCImyKEcyxJQ0jSkNnhWadLjIZYAVdweTmb3P0/Xj53h5A5FoSsOgw/j27bc0DMlTJi6liCrY85xF3cVC0FWG1FijpZgXdxCGNJRSHBBmd6eAia0E787gBWCRUuY0DMM4ErKbFSrQNCRVVoC4FIhrGpWISgFxEmXiUjKRl5KJ6XK5MHEpbqBhHN/GBEPJ19s8f/smmlSIpimziIgklvpuw8yiIlLcQE7EKhr9jGnGlQnbJCuWdyMmSERFdBGm4IofOlFcgC/daU877bTTTjvttNNOO+2fYi12V8MHtImv9v9vl5vzui/1sbHODzMdltf6nbM7z9swxkH9XT+pa2VT/2k8vIVLnvl5Hvfmp/7P8rP8oDxhxdXXz7oq/Cw/yx+W00v1e0i6lWPD53veLq3ld36WmtjVp0/6idVP57/iWi+VY8ELN/1p5MHjdlcWXuBQLRBeb/Zo0p0qWi/Zhs/1ceTGBsE2Gl8t8gQJM1icvYvRV4/9F+4Gta2k6XCzZS8i2goYagSmCQwSiAMMYXdSCUpDrIJvSqTVy6J6WkOcVNMTqoCIyN2IW6JBJ1kETH1JTlXJjrS3GoVftUzvamxHYA3oL6MnvJDvHrPXjv3uQa/gcsZ56iiYj/Z9Tgb66rL+X6ABHKN9d1De7vHx3NrZWu4D1fOjdJp1r3tC4Vft7vgfDUgL+m9//lqjX7Ee8Y0bBe7kFoPUQiuJbB355/Hczak8qtqnyFtBqt5D3Xiwy+7LnrHXdeKu7bgWGvXpwY6C4/JHdt8BbH6GRGP70VMa6/34s5nSbrGf96Srs7mr9Ld3cMP2qD2nDna/O7oGvd2hg7u27h4E6yOqIo377RUah8cj6w5pX+5MIMAIQXNaPVVZ6XUHq/1uvYoVHAF4RF8cTrC2UoQj61tSyXMWQhJJwiqkhJKn9x9/+/f/+T//46//68ff/uP6/tOtkBu5sRkDTE5w9+wIDM/hDjf3Yg4imMc6DVHVYUiiSkRmZlbMDIDZStSr8tjBU2/aoUzMoEFTvYO5WylWbLlXADAzM2MwmES4HvLWQvyzPfq85V8kZg5tzsUbb59NQM3/153UdvcIrmEcnwixMLEpLXcPN3czMEdKX1WkNIxDonG8uM8555xLztM0C0hSEk0ppcrTt0KUVBWE4hZvOa1vaIuKyMxDhzPGs5JHVesxmJeKxXJ7EmrOnjPcISqWNBeFk6hqSpoGYRUR1ZTSZJpYEkkivb7//CEqLMIi396+6zBYyT/fP4a3ixMx63B5y9P87dv3y9sbmYHYS/FSMI724WkYQoN0ul1D/3MY0nS9AR7vWtF/d08plVJKznAfxsvH7TpNE5j+8t9+L0awUiaXeH+DsdHlbSCVQEWvtykJp5SY+WO6MeugmoY0zTdhVSKYx5IOYYZ5RqDUKWczc6qLxzTnIswil7dv3+Z5LqUQaBgGZgbYG1y9zIplyZS3dQlSE0XWiUdcb4Pt/SjyXLe8ocTMsbbspXvdaaeddtppp5122mmn/cOsLqqucct9XLf+s3759/WncemNn01E91fi5C1/2+f1H8Sxv9zun+XnLD/LH5SnDlfffJ7lZ/nTcrxUv8cU9vXxQrtYy/HIz119fNZPOvK/MgVfKaej40JjEB622xiEVNkUgWjRooIHgMjd3IWZUaOvHFAaVi24DaKwZORbnqEtQnmAdixrzFfhvQVh7W2NDK8lm6NuIp+9lmiPde2+hw4qNv5A3BgwrSH3BiG3TDs1dNsxPIBYR+/cUFJexoj6U7wAdTvUBPc/625tv5UPxbsz3W9YnTDWRqP9blHQ+h7S+eygg8YCa/pgz0hpB4XLNNgfw1MRxcdun9fp2W+f7rvZsSd5da4+hUm+an13N8y2R3YHi/Snco+eHTq4r7Nj/D3f3dvVvD2Dq7OVjbbf0te9H711MjxsG/u5u+WNvnQAd40+yu23XBT7EVsvgV3v1hvIYfnntmGH7o8StF/7tz2QL+t5LpWXOyIRlsx8KyOQ47bTY3ZH/NSOQriDBBgPzljXh24LH/G5uck5U3+vx67WcqOrtPR1gUrcnL09G6nNVF73joNlsDu8UdRhbu4GdxC7FziU6TKo5VzmaZonWP54//n+428fP/7j+vPH9PFe8gR3YQLMLXvJBKiQBLPNYfGIMAu10HhygsDkRBZMSTVj5spDrwChrUqeCybXkLw4BAeENYh7gS2icTebEGhdKlOhGl/vbGaGerrJintb5lLhtO35ip5Unl59sDpWjnArjpGu5FZwFfb0OviyvN4sB0JgbzilhxQmC41DGlLC29u3b+V2m+acDcEA3K9USKqRgLA9650gwiLC4bjyPaseKlV4ioiwYlfB1wRgFlgpCaRYZOYj1ZTSoIOJqIiopFJSSsqsFSNkVk0k7A7kkoYBRMXs3+S/EbGzGPBxm8r1Ol3GSALIIprS22+/ASwEc5unec7TMI749m0YR7iVUgBXVRDlnG/Xa0oppbQImEfP3dxm8wby5lIul4umZCX/x1+vb5dvQxrhTF6uP39MertcLkkTyMidiFCyWUYprDOzhnSusRTzUszcNUlx84KU9O3tu1kGUS6uOsDY4Uw2pJb9UqrmBIPMzUtZ3h6XU1bX4QT+B4Z645JLe9cJRm/A0wyXJylRTzvttNNOO+2000477Z9lHYPwKA5ci2hf3tXcxKU3fqgrP44zP/reR5Vfqv95HPu18j/Lz1l+lj8oT+ei0dN+yb44bXD/9RUPd3Xw9NuB7z0C0P2/27rZF/eb9rvtC1f/m8I+8lpDstxAwlX5rS3/BtjcQKSkAKqeF60K23HldnHnhWywCECuHI7DQ98P2V1AfxtfptZoJ9Fdg4Xu2yD+Ag/w1lXPS1w18VqxCINko5HVx6KXbIQtGWElaHZwHa+R7P7Jv/BXn8E1PUZ4P2LLkfBDB4d7cv83P4aauBu9X7Bu1dTOyScO/wg6+GvWnZ0D+9MfQw1w/UcHPmt6vi813PKK0VN07e563KJ5h1RU3l4om01P+/cHBu4hKRb7Pi9N/aGJ9bgjtMbNty1sVgA8nJufsnt3tkd9CLtxXOlfu6fC0dNo01U82IyDwgXcwsqb3B0I95jkSn3ftMF1MWa9E3PfBzS+WFOl5jX12Tq1mgY1arpcYQbBYV4peiIU6fwMRPl2u77/vP7423T9+f7jx/X9Z759lOkGmxlQEWFyK2QZXiIFWxDQl2eELWgfdxM/8LNSAiXzhgvGQ8jb9yC7755c7rDAeJwBWLFFmzSo+ZsFMu0hLCTrr4bDRteiXiklmnB3VY0Ha5PYbpTBxrbldW1Q/1RmwJf2o1f1laIOyPZUA+5cSgFAwkQkklRVVS+Xi6qmOZeQQi1WzNxcKv2SWRgWp6wyGH1h4y7PXV7STZIzpbpCCu5eISmqshExpEwEk2VlRAVHvXBjEKpqKklCX0AGYTHmqiaQ8zCOLAKich1JhFjcLRf4dCtDEk3jZWSRlAYyY1WbBxZ1M2LynGcizxlMOedciqq+vV3IfZ5nK0W+fTOzaZ7czQ0EIvfr+0e8qThwfX9Hscvlwsxlmm7FLI2ianPJxUSEUYbLpZ4IIvZsDi9ZNOkwsCaQgNhr4mWIai5mbkR0GS8ioxWzgszmVtWQ432PGULEUvN6cpyLkH9Ak6jthCfac8jbKoy2fprQMMI4p/EyeZek+bTTTjvttNNOO+200/6pFiIreBCeaNJF262rTtvzwieO+10e2+uZUb4ePn/o509xddppDyw1utOe9rDPVniWn+W/UL5kvuQ/7B8v+0HLU/vIPx77WYU8l+siSHYt4FxrBp1852fBag7brdW5kgmppcLC8i0iOGZWA3wS2QeVBVt1xsrfW4JHNVwIb06wRGbvSCGrC3pgfFej4+bTBpPcCjOuIdYt5eW+DjcGDTMv6FmjGjKTtyhX6NhhCeNW4mLfz/0TMtgjtIaneY3e9p3pleIWLbiD0fgMGNsuTTrq0Wf7Ptzare94dL76RVXrt7/DS8Mj7Oq5caeWufP2p/XsS/1pY8N3Spi8u25/1Rb8+9Gm/ud6BR2yR49cPNpyB/PHX8delpn1uNVXWZD3E+PRPFlWHrxAcN24WupjTVD+ea9WYuaR4wU8Wb7fdZ+Xtg5vZQeHtiUdPj5Ve5+go2PqlhXcXS+8cBzvm1qOvcuJuO9z93DoBU93SGqdHg1mas9AtNyvddWI98AkN06ogwKyE4KKkAh7lQYNmIOYHDZPt9v7e75drz//9uPf//rzP/4KKwwTN8VMZEQgK+bmXshdoxPuTkyy0MsrBLew9Pvbe2iZhgxjL/gZKF1AhiKiQY0TWQrhKKhIp5uDICIx9B5+KkmunXcnSOXBt20VmFzodEtnAARA2EbPgSozTi0Vbre1x5QrOS2+WxMsZZH+QRApEuNQK2nSLS57Vac0xrGMl3EYR7AAyHmepjnPhYgoBkPFAutsXOY4el9Siq6Ey8q5RBtqd0djNQJG3Ai1wmiKAKrJrLgbFSZmCb3RlIqkEBVVSSqplFLMRISsWB7TMKRhvP38wSKiCcPooDyLJ9UhUR5ZuGjyPJOqk4imy9vb9+/fCZ6v14mgqsUsWxHmcdCg3bkXszJP8/vHz+tVxzQKEcze3z/GYRgvF2K+vX/k21S+f/vt+/dR9Xb7mPExXi4lGzEzJy882U3SICIOsBOKg1iIdEhMHm91Q2JmKdampDkcSXUcBiZ32mcKAAAgAElEQVRx93kyFYgS1VnRLsU2sdtUJA+uKlClRZd3gOUlk5YpysvtggOiB8y8pqP9Y2uATjvttNNOO+2000477U+25V/mS0BgjdNyv73FXblKf9K6ZpSbbtJOQ+iwfK2/xnQWP9utLZrSl3TxpC3Osokb97me+vJNK7QvoaVXr8XV+an/s/wsPyhPq5xgwz2WWmf5Wf64HK/WXz739fFCu3js53DeLnKdj/qJNYHWzn+3751/HNevftD7J9q1i64/QEv1sgJWEdHsEKBla40VutemG/TW1n1X1mBgZr3IKBzkDSfbYnj3sebgCfQx7liev89EWKUzK5zm7pF0qXdVeRXm3dEtD2bsMjNx3+NoooWp2nAHHEgLOngXc4dUrdE4YAexgwWCmuwyxLiYPNbbc41ot7Xyi14cP8Xh7qQ1m7rpiiRsV9+/CPYcO6f+xeLFiF09Yc9AiS/bPSjyOqrHHUWt3+kJzHmHYPDmBau9mj1ivt2Vc//XArXwImhZnWHdnXvxxse42WunZCMDCdx3eweu03JFgO5RwHtGMOOTufFwqDe/fJmru0u5h7B+MXDsm1+LCu6Sa3AHEjYAYlHiXP4FwHFqFnSQ8Tm3ryGuzwBCbCsA0r4gNJFftB4dXG/j1PO8aXOlLztSO+TGt1v//bH2f9/P1ig1phkap2vNTVtbbLz0w05TB+3E8IM2E0eou5cB7f/o7VLLl+fV+hSvewSixsH/Y3KHEQrBYLCCeZpvHx8f7z+v7z98nvP1PV9/ztd3L7PAEmMUApmVUoJUFUxEESZy9+Le6HFODFGObi14WP+o3+iILqy7yu1bkwJSQw3r2pIQwfZgA7JwpJ/zSgo0i4cdEWIjmMAAg0XIGQaE8icqEtk3XfMXVgzHu6UeHskTKzGzHWY0FNkB6tngzY05HoXdTABxjKDF9BbSEKg0s5xnvgkRkqZhHIfLGxGHpsgi/U1EiNcDVWZSVUJVaXU3B+KB6iBmFhWAQGxAkNsCIhUmZgqC53L6VskDirFsJ0g0Mk26zARmEpU0pKGUAgenYZ6o5JumYby83T6IiDUNl7eLpiFeXcbLJceME/n4IenyZiCQXL59/5uIqg7j8O2378bMKoMIMV9//qycPKUyz6XMBCdwKTMZvJgQMVCmqZhRzsygMpcbA2AzEPKtlNl0GJQd4g64TQCVYkRiRiC2YXAvkgbWJKqkqiwQ3KZJJTGJlfLvf/3r5fLt29u3cbgQoAy3bKWUMqeUVFVT4g78FhE3RD5rZwD1TYcbs5YIDGdZxnp7UyYiYhGOB9QpJ3Paaaeddtppp5122r+W1VgrH8afub7j8jZOW4OPmzhtlbtZ/dRvTQbnMC7Nz+PVtYcv1D+Oh389Dv9n+TnLz/IH5WkT++O7z7P8LP8j5Xiw9Rf842jrYX0cebgPFB/6qfv2qciWHIR9/Q5lX8tBPa1w778x/ggt2c+RQlwTFmv7VAhQRAi+hNYd1um/9XS+zlb8cfNl29ZeV+1R5jYs+UuXHXckmCNaYX1KVmIgR+RxgQiFBYyakbHKjQo5GawdTZPKa9HEhfizNLlsDYU2OIMdEDRUZfXURhuOGvzuxvmACNgf+zPDr7HrXnNeK31a5Rebf9jgQbLG13fvZ9Qj/49G+/Uevujhns51jASjwthRZdljU/Pl5l6ptpty97v9EYnLF6pjTap6WIPXqs/HeXcuDjmU8brc0X83REB+PMcXXHDHz3vBHvV5M7HXDq43twaD4YD9et/6njjYzbfnXV1QmD1PcXlBw3KmjnffopI7gNAfdZjWFSabTbs0sR4YIZaNvp4lLABloBLozmy9R4tUHhzccpm9GLkzIiNcnm6zlzJ9fEzvP8rtWqZbuX4g3wZBIWNkAbk5rLIGJambuZvlQgGJ0KIVSu0xwBsIsM3wNYNfnNd+xQnWu/eSCxCd390ikuAuboZul7i0pv+zpsFdm11yH/aXiZk15mJ9EDPVV46+S92DFZUe5q3P5HGBsEhM4iWPLyr3se+Yt9SARA1hAmDwuVgkVhyGNI4jgCbnTaICBzMJs8NKyURk5sK86IRzd6/wKgREIR9KTKqL7KoHwB/bVXS91og6P+5O7hAWZSrFKcBasnkubs7MaRhDkTSloZRxGEYzBzCMF2JKaRBVB1++/0YsILFpEtU0JHu7CLkkZZWgLE7zDGZVZRGRydws5wyguJAk1qbgSSXPebpNk09XHcdhHAc3t1JKKUwyXAYrl3EcJakTucMMIgM5e/Hp9qG36+X79/HyRsPgxqwJYPIiyqpJoHma5+k2qI5pEFYii0kR6DiAUF3trliuZ1OEDTVTopDqQtx0ZZI2tsBG6KDNYgn0Hvfo4WmnnXbaaaeddtppp/3zrFtD2aIL6/ssb/7ntbB+dOIqmz2YVp935X197ltcX6O3cY6D+rt+9jXv+/Movs0ri/Chn6OS+37+PeL8Z/l/0vIzB+Fpv2ZfnDa4//qKh4Mg/rNvB74PQLMOLgA92PfvmIMQviQPQuOArPvXEE4f0vQKV/TM9X4FPjZw475HT5PJtRRC3AdJHwnObQYa6I7qAKKsy9sbW2IFBUVqwicRIUT2QQTHKtIvETl4cwojTU43VvCO/tI1fQyUrgPL62no5WEP8A8cHf8TQ4sSv77Lq34fQbaHNf+sdv8URw+fLVj5YbWl3Xjf0/S26wPu2KcHTW8GY0ueX8cKm+3dpuUy2hxEt1LgUbsPsBz+JOtfw7zp7uazOcqHI/ryc7wRm+PXuqChQgaP/X86uxbO7nJj2fWJt0vt+oHEU0Lk/8/e2/ZIkiRnYmbmHplV1T073OUteaRwkEAcpPsgSIJ0//8X3AESwQ+kIBASCNyRd8vZne6uyoxwN3v0wfwtIiOra6Z7dubuwnY2O8rTw8LfPdIef8w2BxFeL0ZT+MosXhGuiW8eQd2B55BvVN0TW7aBO9guNot7fcfHGnlEO70wbhR36tqQq8p4H+DIcdwSEUHXKOzgFnI8MbFTxaLZqEYy8xWYrBI8S5A+FOclAzrYm4EdSUrLkuZFUw7MUQLM0nWZn58ta7pe83zV+arXS14ulmbWJJbJMmDqACGMWVi4uCeFs6R8Q7B64c6oO9GxInnGTllbb223e5YP7w4QDu3iZ1lEeLU3FnRt4FJy9WoN9QZS8zNDw7OKk3ECzOn4ZibCAImIh2mEgYcSqqp1h7Dms9DUhAUEMy3PFmfnSeH6tz5u45QIlq0go+zUMTNjJkpCkkTCNE2n0xSju65kJhYJcZrIindQs/YzGcJS4+j1KQCQOVWfyotKdQlADbmkirkSs8GadyAuDP8C3ZoZcTAR1eROV0lJDaYGEC+zhBBCDDHGPE3TybsuzC/MPE2nECcQq2aWSMyLxIfHB81xmS8vnz48PD3FKRIziBUWp2k6nYlLm6jmnDMZRQ7G0VSh2WDzcn15/gRoCCGfTvkUhdhUs2YRCeGBAhtbXopLViYxNpjklC/XKwcxXcjeRz0piEJkCQICLEQOMeI0+ZjXnCSQkYUgHGLKPgoymAfeKFfi7/DKWDrdhKVsVyACSe2gjsEWZiwxw0BmZAdAeMghhxxyyCGHHHLIL0mOGIRbPV9F1SGH3JHoyPStB1JUk+aRfqT/+PQhBuGX6seb9Tgr7RX9uK+nxC8EqM2LEoOw6mzccb7RQ2MMwhv9Na6hm2HcGVhnKWwAPzKrh73LBiCN7sMiKP42UZkeG+yu2+G3LKUBCGyICK0zN/PoDUyxNnc3k+CaQFMMlM3jaKVojBihW5i3lnuYW0sFUiMzNqaiFWJGJWg0jHCEBt+67HnjSz/7s6Wjdf+Y/DbgDUOL/hhi3BvRkd5Hd3LyG1HKm06/KdA28YdWaSQUteK1a+lN3//lVeY7ajclGm9fQ4IbDSsO2qBu/0WLiXiAYjytBM7cHw+bKXObo/jYHACGVUEHSKK/vg4ZVojWKzEp64XdVnVUPuQdMY8bpZ9/7V3VFGguSx1kKEDVzcQi2ncx2jUNf/8IgHDMuecieBfyW0N2wC4Jb8u6e43XuKqTm+4birQae20Yj9BlofA1whAaN2x84mb9Z24j3XhTKr+/ewp9pdFKvhLQjwhQX+UIuVbHDEpS4xQW5GooIcxMU0rz5ZKWRNliCCoBirwseZ6X65zn2dKyXF4szbYseZmXyychI8s5ZyE2zTAFiKRErmV34wkUph8PzD8daoHugbVBcb2R9xbVsQvarHSqOw9hM4XESseixdJtFK0mVrGzHuZWxAP7mZlp2YB8mjS/uk4J5MpxNKKs2tmPXBmEmuHkvxbRkGscQhHfYTe1g8HM1AyASBAJADkdsECBImZZNYUQRJxdFyVOMQQCBhgsMJMFEZGcc04JNbag11sgJWozF17jcGCoNK8T4xzSlSFynkOizHUYCZJxSsnqlAkyiQgIOSVSFokhh5DDNJ281kuCiKimOE0iQTUTuXfYEORbSnyd5+eXy69/85vzwyOYlpSf3j29e/9+CkFh8AiUKZnqFKOANc85pZwka365PD8/fwpBzuezMV3TfJ6mGINMQbNGpshATp+en1k4TlMIEzQZZEl5uVwMIFO2PJ0f1IhCkDjFeFKQTDidH3/1/mGesxnyfJGTsRDHKYSgiIac1WxOmk1i8F5mJuIA9l4lFM+ilNSESQIHCSUOZdnQfAgxE1t9A20g74EPHnLIIYcccsghhxzyy5IhBuFg4+VmO+IeBdDtrj0GIZUogNUeuxMvcCd9tA9Xu+5az2g95nX+rXV6k/MH2cN3ylM++Y16+FX9R/qRvpMe+zl0opvPI/1Iv5d+7/pOftym3951L+V1PXv5ca+cWOvBzlN27h04G5v87aPmpFVOWpenWx5HBh6VIqH5ePI4QO2rIQCvDMbulV14a8JGJ/TcgxNGQ/Pa1XBlCQjf5myAH3FHHxsESOQWzlIRN4aiW5o7g9C/LfwPqbUXMivIYoMSy1PNLdJuCDYYaqjF3qRfwoduGCF3ksf2K1pjM7cIxI98KNENvrXK8CWPeEsZPqv8hz79x/XDuvt+cH132+p1IIQrFLRl2TrUxTfTak23/aGFWT2iDqTGqqnTnHf1fDbxcw1Yob5KZnytFmsK74+Whqrw2mHpfi3qX7vd90Ondl+m7kB6GzfOVBg5oFre7cGL1dL9mcTi1vIGkh4hJG7b0H4duSpu0elWpLea2e6XBxungW33BK0IjKs8Thos7C9DBQiJjEgJSn2kkhB6i8HD8hnU1JQMqjmnxXLSnNlAIF3ykpIl1aRkptfrfHm5Xp7zfMnLrMtsaRYy08QwYR+ijja5J0XzXQGAquWcs6o756yuOGuj+59rXmB1mbl1uz0OFWYOIbgv0Orps+Rp+GLrxe78k8zH98q9J6FxEUMIIQQJgloef2II0eExZ3OZkcOCHuVXzUDUHJM2gJCJFACMiSWINeIjQMQO743vD6thUw/utDKUwUYEIOfsYRFjjNM0ecrD45OweH0Ds8RoEMvMQZzyp6aOPo5ngOrezTBT9a+8fYrD8aIwhBKYcOiLHiFSc8o5TIGMNJuZgVkoMPvgg1o2WNaccpqmiZmXeYlTyDpNejqdzhIsSGQOZvbxw+9FAos8PZyg+fL80QCJUZdwfcZ8eZ7TMk0Ts/gqaSJMzMYEenx6nOJEeEjzZVnmRXOAPT4+CsFyVtWXy8vH778PMZzPZw4BTPP1yiQwYQ5gFigMy+WZLJ9Oc5iixMnykviqJDTlSDidJ55kWVLWrMpC4XpNRhZj8NqZWc45FaR2CgExTgBpXgCEECWIGdKysOAk0xQmkKOyLc4jSRmG4qhxzkosIN4h7h9yyCGHHHLIIYcccsjPKOWnLg/21X7dGIQrC62jH0N4JD+Zu85ZnevwxsJMox7GXnpL4Y1VuZ+tXpVz8IB13479hvR2PH7f1v3F+o/0I50oUvWn1j6pfnekH+lfmj4wCL9UP96sp7P97ujHfT3lnsr2o84gJB7zdwbhoAcjg/BGf3fm10zS3OGBAp8RFQ9qVuMQdQslFQuPWd2L/DE1FFRT1WTECOkWtCiRe7s9vjI/UBx+3bHLF9uf1/UO+rgxwjL5YXZTsyBCRE59EGYSMRQDohCzMEgAYqkAAwu5ObBin6Md1pHHHd9xhA0EMqKYpTdRoj6tI/M4GZBrpMWu9raa7ZZ7oNTGoWtZfPcckg53ta9qAYDqg7FzkirEtSJiYVBHe0TA1be1iLdTZcPuQi8/39w/aNrkGqmY1HwVUtuN7kkLON0fPZwdo/sKCnJR5hYNMQVre+zcNcYdrNhZ2RfbW1gvS+fzjc3RR1S9oaITq27ldQ/V60K2G1OZ16Oj31ieuNPC9ahc76016tmHDpeTZ9jp5VYIlMa5Ke6gngeUZfOluw2moSPRv1zJtlOGp6+5fcNU6sHV7s7LoQuLilHbLSzX/ZeUflrp3QCBryCXbYR0b5e9klwHSRukvTgjGN3+DwKhuAYdfr+0lXp8o1u1aUcQt9/vMAiHAytlpXHIyg+CAIBlJ8wVFnzdgCyrwQhEJKamKeesZCbMpmppzml2b4aa83K9aspQkME0p3lJ12u+XPNytZygmUxN1TQzjIjNCjMO3GPKupPMnC27q0k4lqaqysTCwkRmuiwLiCREX/PRCKEOxvfjLPVUSMOo2hEV4sDDMZ2an6kwy82gWQFqIOW4TQAw8+9BIkQd+nIcTkSyKTGJiBCSZm7oJhFaI9+MN4dBjVjYUVobv9XKOPT4guMphDIgzJjZt7kYI7O0Xwi+8QmxmlIiZiUW5msszgDUysZIQQREQZhjECUlFZbKGy6PFGZigRDgbkPBzCLc4j/WYlRvsbWMPnMV9WyRMjNLEBImInMwVf1LRyKZlMxURAyaklZtyhKn6Rw9pF9xPyCEnAjMQsISZL48a1piDKqaLi/VFQDHGISDcJim03KFmr5cXuaXTwpQCPMFl+dP18uFmZ+engqmKwJV73EWIRaYhDAxi0HjNFm6zmnmhxQeHxlKmZNC4kk1LaT5FJhFCMKwrFN85BDAgZhNs7NimZnM0pJmJOEwnc4sAiJVmGV26mecACQ1m1MMIYbAHAgmgUyzGRxHVIMZgyQne+395pBDDjnkkEMOOeSQQ34WGa1AxdTR7LSjHa9xoTqDkKn9fFsxBbvuvfSev9ue+s/A1bfNIrpmEFY9a5xlZTdeMbeG9NVTbviI1Er1Nrs6v6r/SD/Sd9JjMzzc2pmO9CP9fjp+WH7cpm/tlnt6cF/P7rgd7aq75cRaD3bKg1v9wEr3kH+8YfgYnouhPG6ZrTyGemcz9VfzsRaugNSpWkEZQw/pN4Al/qUzGYZwUPdJTmtoYggORNVGOMATG9bFYCq9b1Bi3nhiLK5C3WTpMZeIGolQIGYlqBIxG1nBKMtqVTC9EjNn5F0Nrd0t+ANA2Nghq8+hxUfQdDCz9qe+Tj9q9dtghKv8N+w0t1Pf7yDHenoXt+oxtxGJMWtX3R6KMeG2VKvyjErKvZs7y0hdAVx75aaCt93keg1X3NED76RbSsNn9fDdv+7dc/OMoUXHmzYDYWiTnrGPFqxPImz1rpy8vlq8O99hWEGKlvV4Bd+p/eYd4N5jMOS/UyjsItDljbUD2LQq13Y63Kv3MPH2wO5x+bxVgfq63lpqfyJvnlPnfutE3Mt/Dxds15WWyB1Q5nv3ovHeBlUgLoHDbNxqynpwW5jdRkClEu7UfVvgsrKBiI08kF5pOILBtB5ggVkugfoKrlNwUMvQrKZKCiOCZV3mvFzJYFnTslyen03NyZV5WXJOeVnyMmtaLGdYMs2mClOYgVitPLPWmd3ZtKplVTMwc3E4bWZmXE9qqmbV7PEBOYSRBdgW8HH5lXpOzvUTFfo8C6OxBJvT3IZp9Z2cN9S38R3E4Pw68zMxIYTW5maWiQLgTlPd1WM9V4AN+785j20nZI2ooW0VB111aPvqdoz6paqKEDGT8PhWZKZmxiRBQgJDhIVQTzlJEC4+BEQCCbO04KMsjVhZi9Tbx+sxLEEFIDRzwqU2uNbHnIFE2GCM4obUPLSjR5wEWMjMD1hAtYCSMDOlzGSWWYKZmp2CxIDYuJJ2yjFOEqNlnuc5hHA6nYhoSYt7d4eBhWOYpulkp9P1Qqqacsp5ISaw5aTPnz49P78wcZrnx8dHCcGYVfOcUpxOcZqIGSTCiYjM8sPDgwfNXCyxpmmaOAQj1vlKIVqa2TLHiUMgCSxBM53CY4gnMKWUrFTVPb5aykqUU84xTiFGLc3OziJVVUeCH84PUwwxiAibwpvIjFXVQCBhphLv84AIDznkkEMOOeSQQw75RUn9BbFrf97EICzp5VD6+sT5mkFY0cEtg3Cln9dPvbVXN9NcK88dPRtT0lbPG9PbUXB8mZ4j/Ui/nx5psOZXWzYKI+dIP9K/PL2svH9EPcT1cPoPf27xbk1Amxd11+HP6hk2ih39ReeAbGE03g1GW961aLeUTYQhDFIt0Rvq0lbDivQzkHHKn9xJVa8oqRvtyvpcDuFIi961NsWugxH6t25erJ7WQATjwjBwhYWH5JBfMQcXJ3klzTx4YUDlcA444br8FYvpbwYbC2whTzLtmdFvgpndTRwfyXfwrP7cLWFvT8seAtD0fLkD0maMfsVK+IMehJuK/Rj7Y0Wy2rgdO+W2MDtT5k6Gz1QEr+Lfby/+Hod1t6gtUyMqbYbftiK8t8mv3z3Hb4a3W+x9f1PyV5DBdQVvq8PEDC5M371b3tJxZczz6hF7rffKtMDm79WfNLbITusQ6BWAcEfhVn95fe8nTRg9sOXwU4YLmNq2habHCnoPJrYGOQ7FZHT22E07oAFe++V0TGBY65wt6jpNoQ6mEIFMmUiIDTDNlrPDXTnnKUaRQMaasykRKBiZaV6SpaTLPM8XS2o5pWWZL1czIwOZpZQ0Z9Vsli2nnJPlxWwhKANkMJhRQEHBOjXeYKod6htda5paSslUiRBCsHrUoe0R7j+zn7BZE8SbP9K+2qiaWmGySd/ImrvGjYZCi3cX2SISqhtHr6+qiEzTFGMcb1RT+Omfyo9vo9dZgL3z2s9LdzRaQSApxDGpsTNpDE+4kVZ3M1uWJQQJMQrH8cXA9wEhCBiUFcJG7J6/g/C4rbOEEIKIetBF5wjWqHdtxY4xWg2sOLZby1AZ9V74MiGlsj+dpVq4/cMa3kqCGtSTCwEQUM2moGSqOSf2/qh3GAzQYCEv8+VyEeFlOjGz5swiIYiqppRjiA8PT9crp5RFZDpPMXDO2Qgkojk9PkymuD4/s+np/ADmeVlSSg9PT9P5oVDYIV6G+WU6TVMMUed5fv40TdP5/HB6eHy+XCSe0vnh04c/yHSaHs7nx8eHx6eXdNX8/undr6aHB7h7diClxXmywgTYMuecdTqdYEQkWXNKyQw5KxNN02QKYTmd4sP5tCzXaZpiFCNLWd0TLIhCCADlOwPmkEMOOeSQQw455JBDfjYpFL9mjx3ZCM0vV7O7duRvlV6dl3SGYbu+b3/e07/Oz6t0Wukh+ins4W+ySx/pR/qPTI9UTYrNOlXsZUf6kf5V0u9d/3R66AvKP9qKSzoN6a/rofb0Pf1FJ9aRkDZY1GB97hWpfMGyyRVm2wDOtTP7DXSsmxD1MoHQ9sHBJOoqmBtlrTu5bt7MiiG7KGRbW9O760j/0w12DLKRRoD2lTCjWDNRMUIJjEK2IYCRiaolsZap1tBKExYY1QysMCYEIoizRopbPYBKpSGVFuTRokavpGXD9ZjGa1yjUDZR8nH1yFzrX94aNtZ5Hohv/p6A1fd76NQ2A1FdskfO1z2IrqSvIY03yuiBtvdIjf54t9h3ADYf02bF2H0beW4n/2vJcKQZg615LHm/YTUkb//ukFvVv65an5Db6rXZu09Vw2Yu7Gdo2MIwwW+7vF+MjN51PcZirdK3ZwIGdO4Huo9b1WRnyJWCVXIzVvdR4e614xrrY0oADasBBpfI2DQyU/WruX707dmFvcqBALPbdBppqSP66GcKhpXcfzbc9tfdHtwkMtch1/eWcW9qBx0HMNjGlV+CVE+ktQOZhrCC46aBgYk5bGFWmmddVOeeEYHEf2mReSzD1hse4pVYRUrEspzzMqe0LCktMcTz6fR4PtP5LESmcHDIUs4pa8o5JUs5Xed0veY0IytMTTNytqyac0ppWa7uTNuhHE2LaQJMmKhFmwV5xdzhqLuKcT/VCsCMiVSNmYRZJHgYxJQzEU2TiBedGWY5e8hCbSH6NnjzuAxa213QtiERCU59VyvBb8FM9bAOjzOdWQILMbMRKxv89IuqMItDZV6AsnFbwS/9INF6mTWgnrSoW7RvDj0goZTNa/RJimGYjcNlQ+t316FmhhrpsJ9AApk3ABFKfEGICNcYvcREfrgnBGMWVSVHmASBYP0twoMajphli4PYzkKNpQNATKUJJXh8RXctW9zt1kNU4seZhBlgmBPizKmmpKomIaguSRdVi1OMYQphEgnz9TJfL6qmat+8/yZOJ03p48cPIcj5fKLppKrnaWLmtFyMMC8zs0z5BFhKmYVjiMnHsMFA1wuWefHjRSEGaL58+vByuTw+PsU4EZBShmq6XgLzaZpU9XQ6zdNkRNPp/PDuHZK9XK6np0fT83z5+J2qIjw8ffPtn/z2t3/2577yMYhyOj08noIkCVmVofOyXF5eWAKzSIhE/PL8SSScTucgYZ4XAsjOU4hmNM/LPJcAlyEGkUB7e+shhxxyyCGHHHLIIYf8IsR/DnX7Kjd7LFdix2B35fEXfU8vP/y7Hm4Rou7bn3mrc20H3tyLln9dzq9rD3+TXfpIP9J/ZHpshsTmaG60RB/pR/oXpaOm8xfrx5v1+JmKV/TfuyYwuOwVaPPC94Sqs+Qv5u+1HqoxCHefWw192/1uZb2/hUC4BRH0bzoHhVpYpgZVpyUAACAASURBVM4gBN2VcgKm2N3bjRvr/8apI6pVu7tBXOMkXKmRY7y3qqrzBcf8DSZ0U3cLlYRqChcKMq5WNDgtBDyiVUkxBwgNYsUiadVdG9fCF+svRtBizR2sgZO4InobY9ngRXLzzU5S/6I+YtMsr1riRsD4M4jUTfo9YtZelLjXdDpJ8zb91s3sjipa02TvPOKzTMTVpBgxjz3hoROqjXl7x6bftvnXj9ywPteF+TFy25XjOBx7au+sAD773BVON0DLu1X4nGCY7Vvb8dBtPmPK6/LYnWURbuXfq/iKror9Eu72eavp60Ddzbxs/b3fs9235PqObS98rlVX+deE13We8otmfcdq1pih4EPERIaxPM7tays5sAEOmWr0vu5yuS6jFZPs8QXdC2bfoEAAw5jNck455ZRgYAMBkVgAUstImjUvKaekWaEghWbN8zLPc56XPM95WcgUqgR1j5xIWdOS5yWnuW6apDlrTmaZyZxzp2o5ZyPxJvBWFBZ2bqoVgmGpmgFEZqZqlRMptcKMFt1u6Itbam/zDtry+R9mcCAKzAAboKojOa8dp2jMfhEW4Rr70f/jEAKzELHT/pz51xZbqKeQrDd9a+FCG3DosDUVF5/uQJXB1enmehcYBuHuEHV/p6ASuZDrwR3XTjXYYiXWExGxstbhy8xg4XaQpfoA6EtHfSsIITAX15ebSeFDd1VqgkfxKwd2iJhYypknLscGClLoY3WF53OfvArzcWxJ1aAWLAQViSGE8rZh+PDh9zHGEIJZNiMmc9DxellARCwGmBox5bwAxsQSgsECU4bmnFXNcgKRqmbF+eH8+O6dhChEl+dPRBxEYpyIKeUlmdnpZKqWFwkxm8Vpenn5ZETXtMTzOZ7OEmNWi6eHPM+UTUyJ5XQ+n88PMQTWBJZAFKYQRNJyvT5/khAlxhgnIknLfD4/EkE1M1hEYJaWRQK7910tfFoP2ckhRls7yD3kkEMOOeSQQw455JCfX5rfkWbj7XbayuGrp/+ZuTKhylnmlT12Ey+w6eG7duNq113rIe75eZ1/pWeNs3y5Pbyl8xvz8y8IFzjS/wtJjxv7Y8MDjvQj/Wum71zjDXrwBj03+Qdw4EY/dsqAO/du9GMv/0pnzY6b567LUwT9As2QOEiPLeRbXt0eq/9NDCVA03QLRWyhmI2JfFwmeOeeVxxLNhLkSL8YAI9elsa47xRCsKAwYopdkgqgLEJiBq7mP+Li+dTNgnADsXXbdxUzkJABgn6CpxnWCzVkA360bim8S2yAsHWNBzP7K028+XbACHfBDAwKNryWlRV7tw9Wzxl6YbS53oCUr2u596y3wI0Fa70H3oyQ7OfKUC7LGAU1k/9Na9824Kvo4LZE5dVyeDTuVHMoFrYpa9mC5TeAxOar1l4btW8E9jqEX4c7VT7w2J/DNe91wbgk9ZG+8hPbH7SqV++CPqPuqK43jt81rumq41+ln34+cQB820dLG1bqftNK5RpP2jxig5veDnjUNWesz3CMEONlvajd48+06kaZnI7dvysAYenehn71DWcDEBLg3KtONDRfIloxnZTtW4EnqaaseVlSSsvCQJQQJQgIqikbDCnlNM9pWTRnMmIjy5rmZZ6veU6aEqkSzDTDlKBMZDmnZcnLYjlbPeihqqoZUCaYEaDmIAbBQFaY6CQsLMzEnTHvK7zCTEsTMXEIQuLYo58lgRkxi2Np96dha/jWbQU4BDGMzbz/CtuPqPm3bBhhdXRDNdiwtW2nnT1xPAmEEEL93s+8+P+4YucEgtSCjNMC1JzWcAnZZ1RCItrIQQTTayvPahgPO+XwNRynpgLRcQkXaDB4xEffuI2Lo9zWflX98K9zDYWl9C2RiFg9iQJiEWp7dVm+yshFiU7sp0/KISd/awKXs8Nletc4zR5aDwYl92VgakQZMFPmPMXIEohYmC+Xi4icT+c4RVPN2ZgtiMzLApBIVJjHwvQoiTFEMkmZATJTVc0pZxAANVMjIINwOp1ZGJqXZRaW9998o0k1J9OsOYUggDJLVrte2aNukjA/BxJhYQrh/ftvg9HFiDQDNJ3OT+/evXv/TQoBLCQhTJOE0ynIwyRLzqS+yoRTFCFjqFAQ4RiEGMtyOT2cCFaInaZq5kcEUk59CT7kkEMOOeSQQw455JBfiFTrEcZfwt1iU6yOKzstN2MGxp/H/iN+4D/wkL5nly5HoW/SqebnlWWjYS3bcvLNvT/Orj4cg/8iPUf6kX4/vccgPD6Pz5/kszLX/nh6vuSJ5d7BnFtArrfofD1n1dnAA6cYwM2PDdPhkcrg/5DTByqHcBNbqDv8bHetElbnbqhtkKsMxGPKG8CkMYYQ35jLu5pqPwVANaeQoDgULdG1Ks2Qq8nYIxm5dRzMQSS4M7NqNHTLKgEEIzDBiIw6c7AxKgt+CiIyp8WUchGXEEfU3KgOTcRjNdeRz24ZU3dDCPYWwU0f3W/SN2JCK/0bVcNDm9e2XQxy94ndxej9Qr4izGyVJnJTYmwudqvAFdpC82U3ovBDazcEjFbVHByE1vR7j+P+Mkf+HjfmvNcXeLX8n4WMb7XhJhu/cSSsS9LcdzZb/XoYlusdH7c7cCGIwZA7hRjg57HwTRGv7mt/3EJudwcVVre061cg6hXWV39OUEETVvNrKE9/597Ali3/61jgbqXKqY+xmn1pZl+2i6NPDP8Mt5gqYEQgkptYgyCCSPHjPFa77gDszCpU5Kg9puVyV5mNxsh1+6sB+/L15cWZxMGXVtIENTPN6q1mSoCSGrLlJeUl6ZJSSjklZPU1Hmp5WXJaVDNDC/anGbCUs5lViFIB86JWqAvKVo6CmBWymjlAWDpX2EEaqFrOiYUliITAEohJ1SmFZRmMIVAIa3Bx1YMjLtgSzdyfKUjzMFBLwD+qW3TZaMjIz7yA68Nr/Ly6H6mpI5nNxWiLeigeprJz4UaojQEYU/8V6tcgESYqjkadtF9LjhDc+ybaaZjNrMk5O7zJLA3qHKP6FdiPWYjA5cyOo27Ff7ixWr2HmSAV0GWR4cerqmOiLKKZTA0EEaH6UwQthgfBfQ94RWtfMxWHqlwP4Za7iMF11XZfpEQGiATxseSHVqRQDNWBQoLW2McyTSGEEAIxKbOZ4XpdCBAJxJLSbDBybqcpMcNyWihrzilP0xREYOb+RWOcnh5Oanb59P01yNPj07und3m+aE5sjy+XiyPc83x99+6davGj6wOVJTw8PQH28vHTvMynh4cHCSohgaBLSjmrxen0p//it2GaJJ44TGB+/823T+++effbP/3P//x7NQgjRHk8v39+uZDlh9MjQCGQmea0EFsUDs5wzY6ckqleLwuBQoy3K+ohhxxyyCGHHHLIIYf8nMI9XmC/divrbUq3x9Lnc/KrNl7avQs3Ou990o2er2EP/1rajs/jc++zxyA8Po/Pn+ST/uh6vuSJKyvqcP0mna/nLDpHTombQwuNoqSLh4OiQXbN0102aN9eILpb8Om1iG6fA4FW6CAPjPt1NDuP6deCLfle7aQBXgGHZIwQgpkxiRNNRMRVmVkxgA4Boqz4ZFMP5tTK75oNJsXNaGMWmogQjCAAmvJmOd1th7FGrVK9K4fWuAf4vRIy8LY9X0eDPkNoGzRvHIF+FmQareGDcXnrYvSzFdnwVHafOoKUr5eq5cEm/16NUH3r3YJq9x5Tun7Qzxso8W3tdlf/Zyq3k3+3Md+CRK5hLYwuXrdMynuVYmBD4RucWI4dz+t1rmnch9LvV6GVsAcovT8T25+bWbA7Elo5K4FqWG+HsTMCcrsAIfe1HLcP3WUQbgBCwwqdXbtuVWf0lbf8CuCtSlsxpX5Nng11vDDqsQiMXd32svKVVbyyQe3GzqsrjDVyD5W+tGrOqlmzIheAyLKaKYygcJejpuoEOWYOQsIcWIwoqyJnMQsxwiynpJZyTssy57RYXswU5nQpqGqLsEfksfDUzB08iogotDLwnE1pRMxDSFer9SdmiZMHV4TByJjJ3YE6/CZSQCyr3DURyTl3OLYw5bZDtJxSYOn7XT35QjVubV85Wj+amap/OR628Oc66mlVnDxWvKeO7x4OhZatz6gF1IXXm9oW2UbVuDWHEKQN4r0B3OaUiHCI1PbWtkUyKawxcOuOPaLwqMhlQdsav1PET+CU2qiq6yZijwdZTyuhouD95K8PXBZikhIdGQSQ+jAYZpmX0/qMU7UMQwgiFDw4JQmRETOKz9LijTapwgwicj6fAMt50ZwlSAxBAgMwVSZx6qOqMrujVHLEmAlMatl9z9L5FIkoa37+dA3TJMJkdr18enw4T5OIIOfl+eWTiMQYiTnlBKKc85IzAGEJEq7PNk1Tnq/L5XJief7uu3SZ4/kRJBwExHE6nYSMw3Q+nx/fnR+fLp++N82nh4enU5A4EYuBOHCKnHW5vHz85ptfqWZheno6zcs1KUREQpgmtkII5SiyLItqpkMOOeSQQw455JBDDvlFCSobkIfrYve4SWnmipVF907Onv66VZn387xy73jX17WHfy1tx+fxuffZGYQ9XNZxfVx/xWu3+/wx9VD1Rv0jnlXu9SXd032yvEXnlkG4zlN0mtZAL9UCXycjaE+AGwygSnPuV7OuneitlBTXo5XESMDKmDgY8UGgDcj0RurYTfmK6bdYSOsjRp9s/txA1fpvBgIZuIY8KhSHjly5QzYndtjItjSAHSAkVqplZmZAiM0BS2eibChBI3B1g83w4DsRvbnb7Vu8qoGZWOfbNk25uT93hZ9tGJ7rYGZvchn3OeRyk7iLTv0gecUV7Y94RKsv9tL34dI2UVv6LQq+V5heqlem4f2CrlWsXJW+SUP99v4KsF+F3WJguAG3heAh26gSIJLi1HdQVLmIY3ZejezGTOMWjrSVGu3q9qGbOXjrGPle/977c/us4mazz9lG/oXTt25wRqwHS41hOgzFz3XQ5sLBtfZ8Xt1hBYKE1TXEHela3UTqjRUGrGW3gkJxgwet4LiohTYiLu45CeWWkVgMMvECFt+MZjBTg6mqppQ0qyYLiGRsajllzdkUppqWlFPyJVjVYCrCUwwP54dAHEUyIeWUbdGcc045pbxc07LktCAvhly9Q5v1KVuWTAfNmEjIwGwOJZrVkKht7FUfmigDjzmweHRaVXOml8N05kHvzExWjkBvDjTUDh7X/1zPsjhG1fautqVKCOg9Pox+P+bjQGg7wTNsuP7M5iq7EKXZvcJWL6GMEiTS3Q2UYVwp7BW1AyqI36JtuEdQEWoA87DLNX/GzBxCFBGRUFKHoV5DHhaNTvo32uxszN4D8KCA1Hj/BlKzemTDiWrkiHDO2aCDN3Rrby4V7DZiNiMWCAdiYvPpicLKrBV0eJitD/XiVtRA7KetSEgayOpea80g4v5mMS9Xg4oEFmZC5KAENaJy4qQAhO6l1h0WpJTgETG9n80Hrg8SCEPYClFVwvd/+M5rmXNKaSFmhU2n6fn64qENs+o8z0HCFCZheXw8s9nT6fTN4+Plcp3VNCUQP757EglI9vLxDxIn2CPBNM3x9LDM83R+CGGSMIVpCtMJhsfzxHySEKCLmU4xnqa4LGamYBHmEIIBOSsM7989XQIvc9pd3w455JBDDjnkkEMOOeRnE+5sP2Ye7LSd4TfYXanajWmVfnvvSue+/XlPP250YtA55qGm52vaw7/E1n1cH9efu+4MwgZTHNfH9de8pj+6HvqCZzULck+nN+vsOffyFJ1mWnPKymZb/gHxWyGcG0im3MVD/m7uLJ+o7AdsOAebR4z2x88AP8O9q0LSCtobC9+YhWPxHO0zWHN05jcaeueX+E+oZJPqnK1YWyFWWITVuOkFEEgx09ZOWjcvire66mh0RExLIe+1wG03kVA1eDPRTuvdBDLE9usx+tptF7ziZfGVEIa7eW5b4y2adzP8oHCJrwvwmXBI49M343yb7XVS2obUyL3defgWb6DVuowNtHpQf4tdl/BOwagW5rbAm/utMtE2RwXKvGDidTVvn1yfZztnC1aYH9UWay4QCaighKMcbdTXtujzaFU5bObXuIYw1u0I2v9jgNUxKi1raUM2PCcayQ4dIBxWA6ZNSVERn12PlP2pbcnvjUIF8G04EfVM9YGjH2kupbNCo8IYLHD09FhQzsYjpMaRrgcYQVzgFZCH/UN1TwrpQwZaB3vF0UxVTbOqatac1RJB1ZQ0mabsBzJyyvP1uiypAJ+AaiJYDEEflhiC5rTMl8vLS1qS5mwON6bFNKsmsuQcPyrhYEs3WI2cVxcf0mzGpqY1CmD5xYUCp0nxuQ1iFioAXhkOgGXz8Wxetza7x6C5vlFshtOwCKDgl74Z9UMbnUaH6pHY1vMLFemy6vKSmIXFM5l1GlwdKe3gDtcwq75HoozM0rU303Al9XcuMOy8XEZaO/TD/WyQVM+i/uZQSNgFDy3IntP3ufo9rRW0EraVy9bpvm65RA4mYjaAzLgOVGYymKnjtyWMoJlV16fsJS2Yus8GViYh9u4mhyCtHUlgJqn+Ts0IVlqkI5TGoMaSBQAojApj09FiJjNNmUQsBAlBDGpZffkQEaFQeZsEIJuqWc7JKZKTSCO/qhkLe1BDItOcQCRCl5dP3q1ggMSBfTCWlLwals0BQovGRkIWYzhPp1OQKxRKljjl/HCK8Xwm4uXyfHp81IWumhV4eHx/epjz8jCdHsEync7nhwcjjtM0TSdm+/Dp+zhNUc5pVk1XZokiU2CCMROEwHSeAuEUfsy5oEMOOeSQQw455JBDDvkppf5eLj+a6+/24uil/CZrdlceI2v09Nt7Vzr37c9Mt/pvddKgc8zDTc++/h9nD/8SW/dxfVx/7nqIOTGaAo/r4/prXY/kkF+Cnjddjwyx8fpLylmSG4OQK4LV5yRQjI0rjHCLHYzMP8fhMFint2DU+uYG8/AtYlEXBeHqsfsGmqrhvPxwfQUpsfOslR+2Cge21hh1OqvDAGc8BBYwmEWCeMBFj/XUCReFmlHIF6P5vkCMLMK4Fa5W2E2beBEbFNdBstqqbk3dBTt3xQMWbWmAQ0OPl/u4WmEHMRGRrDDC3acP3VQOgPA2fTfzXrHGfeLOjZ9tAex19G6Ge/eXf+97gt3o2XRf9QxIdOdB2zGwqZc3AnN79u7Q3VG7huf7LcC+c9T7enY7YlhNhpLiJrGuJitY6u6jsFcWLnbt3VuqC9/b+wr3raxLg7fkW1e9vQrj4tnJi6vjGneKTkO+DhCWcvUw4ZWg2T1zrtDBWqeVdusLy03HVRivnwrZMCatsMjKg/rc8hhplR84jrohXOAae6zuRa02be+1prD4EW3tZp7ZqjtKA1n9DeNbBTubikCmZKqqBjUYVBUKyrRcky6m2TyOG9R0Xq4vl8vlYqosfDpNUDXNi+nzhw9EBlPNaZ7nZZ5NDUBKC0zJlMgIKiGEyhX0MH45q9PEQ5AQAjMDplmzZZLS+J3D7eyyggkyjU4jC5BYmtrUDEqw6gW0R9fzYyiaNMQQJHSwECAmq8dLQSxBQghCTIBBAbjr3bZcqCoRih/Mzhsnq6xHLqEnASFhNkNKybfEEKJZUuvbef2XWRxPdIXG7aRLhd4Hf7x9XSp7+nojuZ01zVGqu/suWyfAzEFEghQo1owI7RzP6JcbBiZAxuey46EyNLKqUuFZVk/jUDUVFhYhQNWYrUGbbaDXGcFQM4JIf9URKadxi7NWNVPzh5c4xUQkg39ksBHIoMUbeXGUaqZZM8ymKTCXEhlUF/VKxRigbjlggsYYQZZy0qxEDqhDpompckylAP2aM8NUVYRFZJp4npc5LWaYzmcJMWedl2vKGqcphKim0xSjBGE2U82JgQR8/GBBJERR5OdP30ug9/zt+eFR88w5KCzp8zUl0iyMKAQmA83pmudnsIQQYpzA8t0fvvv1r/9UNH2arwp7evduCtMU6HK5iITIIpGQL5EpnMPdpfaQQw455JBDDjnkkEN+FuEhotLmetfu+prd+J7On8L+TF9Jz89iDz+u/xu9HgDC0QR2XB/XX+uafmF63nS9/9gvK2f5l4kM6Dbm4iJs4AlIM27RyK1pdrf2Z0MWKy/QY/5w9WZXHu9Q3V3Ip7g2Y1TMsOoDjfhAJdJ5xKpyIsahqApMjMQ7D0fku1gJFGQGwCkXLTAhhiBLIJBI5GJzK6ghs7H79jIOkYpBnIhITXNOIUicIhGMDEoiAoLCo1WBPBxVoYxAwCxSOUqlrIPzNZR4XGYVqqhtSAQw0J1QVsLHtuINHO1eAdHhYH8KdYs38S1ZbliriRhWPNChmEabe0TuxRB3EFfLNJRmt9+7a9bxsUxcnL21Tu2m2jbqhjqubm7PKfQZwqZZuqG/+Fx4VUZfDUNRXkEWe0M3IPM19S0P96kydmLrHd7M7wbDNCB9AOcAaz3RVNW6vFLscj1+wbhdiEBtLLVi37hR9Sht7JQ0gvcseLOU8arc5RFbUHvLsKIKT2xBvRKODT2j9zFaq3ZiIFpDlvWtcQ1R9cPRNXdVyLdraum+WgUrIw5GlVxGRN4VVjwc9nefsvKWBvU7qZP2Kj8PpQLbIYdKcmpriDPiGmYIIlYiIwZBa4i1RtMCUCC35qyyPbZ7EC1YoIEA40qr6tO6Nq0VxJGNzJiMGF4YZ9sJEZESu89ENc1O24pxMiNThgmpmJJly4tq0pyyppznrIumOeWUoaWBHd/K8zXnbKbPainNMC2FMTV1LqKyu1lUVUtUXVQCEKjHqwOYzMsKNYgwqeWsDkoVlMiKx9XCi6uHU8BsdRHOplxdPaK1iZpadpoXSx0oTtpvC5Sv80IsLBzADAcZ28kdpihCRL6TmYTiN7K4h/VulToLqceD9ARmBoM51nML3ofMYkYAFW+oTOw8vkLWK1PYkUVHLn0DBTSrOjYWYzB3xw2GIbD41u/8PGERERq21rZ3r9eAOqOZgnsUCRJD4MDm4B7AgEcy9JCaQYSYIAwFDL60ucdOr7iqiQQRYpYYJefsaLQa1AFWEWIu45ZB4g5KiwfXslxVMj87Ic+4UjLBBG68xwooMllZecHMEiV67cwK2svMUzx59EdV9dXRh4SpsnjwYxFmCcEneM5ZOBiBSEUCKQyWVc3ULBdEWaYC1YrM1xSCMIkxBxZmGGxerqqaVJeclmV5EuKcvFfykgIhCAvTy8sLn6Z4OhllP1Mwp/T8/PHx3VOwSUHZ8j/90z9er5df/+Y3Cmiez49PEmK+fEwxfJgvH0P4i7/8767XmTk8Pb2LMVIm5Mhxeopk14/E+quHh+syXz/8Yfn04eHhIWmO0xSnKCwgLPNyE4XzkEMOOeSQQw455JBDfm4BRmPL6prHPP2G9b1v0LOb/0vtz71wX6bna5XnuD6uP3/dYxAen8fnT/I5xOT7I+n5kieWe6vhHzuRBe9/vp6z6HQPYyVAFjM1t5YNivK4Si3IUAUKRnbUng9St1QXphtV3KvZ3/dYaO7Jmmq4HRod7TXwb+RvDbDELavmlkHYC9ZTBnDIwT9PE4dGpaBgbpkXshiisXpSMdgX4gvISswq5xWKFc+KKzO8ue9Q8RhUkEKAIDbyU//jUZweFak7cOOKFI6IWcPnNuggKl5gxb4/GvSpP8zHgyMfKwymvabwOrGCGTwCQqgoSxtEaDgM003L7/XU0GGl56s9foMQYnPjWoZhQz3m1o4v01e1bBtiL9fnyYtD1tf0v8KhHFP26IK98YbpsCoeMHbrrYfPDep5q5rqSC5/0DCT3eLeRsrGlWd5eouIhqE43NeZwWXh4FcV7UxAi9i34iWuWqkcShjmQl/YCgGvFwDjg1ozAOslp/rIBBmz++e02iq9wmiRBWtZK8wHEMDCYG4VRQF1epPTzYQtXjp7nD8ATCVOX+vfFk8NJchaVwFonyoAO2JHFb0rXWaFHmUFX+Sx70pxCyxKbCgaBr4mUAuE+lVDE43gAKFDL+ZdqGZEjlaakQLqrh81CSgQJkK0LJqwzJbm5P/lJed5uT5f0jI7VGTFDSlUc5qTqgIGQ06LOzgFDGaM6uNUCAQ1rec5wH6IgyAswgRAxAqKW4+D+GNiJAksQYiFUAFu0LB1UveG6VAQQU0NWg+smKwHHDNL6OdUemRcLmggETNJ/at4/5Yd1vuq2xsk7ruQ+YGbtsm2ExEeNLLN7YoEtl21+/Zst1dn437UppH6G5WQUOntaIdOQCBHB5lYTR2DFpZ+NqOeJBpbppVC2Nl0DHbnohwk+Obs2ChXtp/z5sqEKT5Toep0QKlEwDb/V0tOowmiuFDtLy3NtWmZcezgLMN8fFn1miyFpE81pb4sOfuyenhlmJE7C5XyGlM5kQSAQiBVHnyIc93N6nyri2LRqHVAACAdxtKyzDFOIqJqRKRqZkoKLVEmHZpMzOL9aDklduCcgQwT05zTwgSiyMzZ8uX6whK8azQvz88fRYhF8KTCFOMklixdbKGs9p+gTktNzx+m84mIQoynx6enp3fff/huefn069/8RlOyJSXT+eUjmKbTKU7RmywvqR0bOuSQQw455JBDDjnkkF+KcI8X2K+LQeQmpdtj6fM5+VUbL+3ehRud9z7pRs/XsId/LW3H5/G59xnRLYY4ro/rr39N23T6SnraNW100heUeeDpVJ30Zp2+g92UZ9BDhdcBkgredaSCR6bMCgR4szj4JbxOalp5lchUscj2PZo1r8srARE746gc9/dlpfpVq81RvmwuSZupvpkFRQggMyEycmdfIDImkSAQMTR/f8XCvgIC1ZQNIBYqQKCbFLnmZSMRVJtqM0BycQY6YDiFUNnMqbUi3AeG2+Qx1LSCiD1DY2KtfLgOjduaYA8/Guli3c/lquVLqRw/9sV8bb/uON3qEatM7TncQzXvFvd2MLoxsVpWVyNsgLW242Y7jO4J+si8gwiW6boKxDU2IX9YoAAAIABJREFU9au2znVQyZ2xXag2wGtg3k3KbTfx5quhk7ZfbUrTJ1jpzAb6V+95pXsAKRDUSsfWY2Z7Ad6MwDoT0CuJpoJoWB8GfW2J49rT3D5bJuslwrAcUp9b1Nq45eNaBKucx+1CQs1szyUq2oBGuMJy6qASj6onzZahj9jq/rG4Em4MMEM5POHeMHmMQ1YXEWthAACqvkFLHi70QQMpdRIiCphlDvpRG2QFbQKhY4oG1hIYsmCiqF5GywXc6WXlm0tBBwteWAJFmpa7GIAyEyAw0QyWEzPDSBdaZp0vebks82VJ85LnnJf08cMfclp8OmjOOeesaqppUW/kwKKavXvUsrPNRARgqKIGeuTGJzUQs1FdmqkO7trDfS44tFXC8PUTMqiLUePViR8EqfhN9XhZAUIujqXdI2WjnTFzCKGtm1axcBEpKJmvhqqr0dn3ascuKzURAJBVYVYf1EayD0xGPcVRd/wODfYajwsAEROFEKieGiqgJjNLb73hLQXOt5NQELLi8NPdClC5hV2J9L24OgUFEbFwe/UQEWGJIbYhvfJPLsTMHuOx7sk+dKVGFrQWrLE14XA+CW2HKLBo99FafBfUZam4XPWHm4EcZyephRmGDHONL+rzitTKyQBV4+on3Dlznj76RG2jcDwE4eEMCeyOfJlJAhsJnB9b90E1ZXMk1XImVTMo+8rNxMIiQU2lwM/ETJbzYqhbkakm05wJZuqs15wTkETC6XyeQrCcL58+hRAmloupSGCRdHk2UEr6z8/P54fzdDrHMLlrXA4hnE6/+e2fzc8vi8gkWFIOMarZdZ7Pjw+kSReRsDmAcsjPIAD+w3/45//8u+8/fHi+zp8Ba0Xk4Tz96lfvfvsvvv3Lv/zT192eH3LIIYcccsghh/yXLf7rpJgv63X9icLFiNvsri0sYbuX9u9d6Xzd/sz7eV65d3zWfTv2j7GHf4mt+7g+rj93HTdEleP6uP6pr/ED83/2mt6Q54+p85V7Qc0HIRX3hdSIBt2S1hEs7m7pRktiy7rxO+qfNvgjXR3UryyFZqVrJjlam+o3z9oYIDrFwflqA7mw7FmDKho8XxYtImjwkggB4t7A6jWT+6cDMYUQnImiqqU1zNQsqFlwUovlrABJCBKgqsIibn0vlkSDByUsCAQ36kXHSBvnjiu/osKEjSlU4Sp0UxqaI81Vpzs0smrb0hCbSzCLd9rQwtxZK+5Ob0Rwq6W8g1gO4bgrwaa8eTUczkU1CGccaug26RWIyCxjGOTa0bWClTlxZ9jXsm3sVnf83N7RcT+GY4ffVl44+U0zkupIf0051q5NbyMv3qKGN1XbecbAVf1MNMc9tXXScYlVN2S17aOcdkXFKW6ZyEP9eHBt6+Z4WRcGnwN3WxfUocObNudVtgGKrgocnVq3QBkhZkaju9KhBG2VK6sBrcaJo+n19YYqPoFhpHdPt2UCt8lWHUj6IY5WVEZZPLjBe65zALmGZ6nXgMovCY8O2BZmI1Q9Y1zzAgRqpQMCUCA39iERV+BQASVSYiUYoM40ox6f0EoxSMkScQ+PCLhjxcCI0MgmRtCc5ovNl+X6siwvy/Uyp+uSlpSX9OnjJ9XkPZVTyinnnM18vTVhdvTIPYKmnBiGKBNHgHNeDOaDvGEwFTJkMjKzEEZghsBEwmS9f9xhpo8fx5+AwvxrUfR8MIsRiQBS+wHunrqAY0LuzNWppUIkLFFC9yDt1DRf+Ly05fRBaBifmQkRecTcwulDDWnXD52M6567+gU6Wl83j4qsD2j5ONoFFb0L4mPOG9PBRxDMiovdhr+6cg4VIOxnaAwFNoM78UbFDNtCF2MQ4RHqE5EQJHhAQqLiUbNv/cTBi4K2HQxtQG0WF7/i9XHDslkugzTWIvedlNty1zBcDqHv3TAishLYuLZkVW6lsiM2CTK1jOyDp4UrbszNvkxZA+xQov+SnzkoblFFgrAwKJupZarUyxBCjMFZlT5V/SVChMESwYikqhzIA21OkZwvqwZ3GEtEHMTMlmUB8PDwEGIU5sAUCOcpwECmIMyXl+vLCxE9vXu30MX3ghim5/ny+PgU379/eZ7P54cl5efr5dPHT3/ymz89TeePf/jnT8/P3377bZiipuvjrx5TXmA0xcfn5+fT+WE6neiQn0P+3//vH//+7//jkvIb85vZy2V+ucz/+E/f/d3//Q9/9Vd/8T/89//yJy7jIYcccsghhxxyyM8mvxA79nF9XP9Xfz3EIDzkkEP+CDK4uitnS8hodApYoxF2Z2Kru3dcjLY/UV2crQ/FV0NkpQrcYn6rR1Qj3dqt6Ppxlbi/KZvXrIFpt4UfDYUs0g5KS71m5kbr43r+vsRlLOighqwWFBZgZpo1h4LVUTRVY7HBANrobv6I28ap3QFmJ1aQeaCjoVV74Q0j0NNti7xdY7sfs5sHDQ2yUuLYnPtJbKHYuNtAaSwPULmiFTTsjyDrrmuHTuQtikY2hOsbLblqzUUq1hXsFd8gbR0hLrjdD0ADtzJgzK9o2bT866N69957X20w+LHZW+LnVN2jzvwAGbu0QcKtMA7xuwPJG8jTB0bro4YQd9YbBjohy7ZsFXgrUTnvlB19lFGLW7lFCtsyt6HKVq991ZVpgzFgHgrOh+yARK4mdQUIK8RWgJcCQTXosYJ51k/eoX3F1Aexc6QIUHPWcR9WlcFXnmZ1eUYLPdhwqQrpgQpaZTUCohMKjUrJrEzdCmECWjJUjNAKQOj18YIqkYISFYzQaORGup9mFICQODNlwCwXvl+QM1EEEYyEBMo56eWSLs/z9WWZL8t8XXLKOuc0L/N8zXlRzQ415ZRVtU4xAKYgAoUg1MnhagZVNiBrHqengyK19Vvvt/4gIXICH4kww5GlnMu6LX1taRtjn1Bc+YAOpLXhJVXqcgTUkjjYZh49sgbHLePDQEwGY6IgQeoi2Ldjp4AJDSwfFpGm2ddVMw8CCGuL4jB61wdH2lpDvG4ZKwS4Us3g4BQAoLhILcgl1yYqzD8DxRiZ20a2dWfaIgG3edcZfANspgNZf9xHaK2kHy4Zpk0DCMcuG4BAdEevQ8useIpVRKSVq3hhuNlb+6GBWh6HHt1vbEMxmXlk/nmEwjKcKjxchlqZ71yhfishIUm8Q1ULattQ8BEudTy3rg/k7m2ZqxJmYxahEELOqmohhNNpCjGAKC1LSsmcHs6l8oVmuFhgIlDOlpc5SAwhTqeJRfKyvORkORGT5TQvy3WZz+fT79L14fHx3dO7SPbpwx/8sMN3mtTAwi+nU8r5m199G2W7bh/yU8uy5L/+m7//3e++J6Lf/Pqbv/iXv/n1r795enqQV/vCDC8v19///uN//Mfvvvv9x7/9u3/43T9/+F/+5786nY5f9IcccsghhxxyyCGHHHLIj5Th50TxbHtcH9df9XpAU34Ret50veY59usvKefAgCmQgzU7YDN/NkyG1sIN3UEhTo0kv2IuJ6reCEd7fTWyF09XNXP111Zde70maIgDUTeZVyNfsxm2Y/ijha3Xiit3qZn5zFiErHD0iqNRgIiCMJcAVAVXcC4F3IeXqpWgWOaxe7whjE3VmNUNdkECxK3PjEAwiAiBJITSQDKiGUyGxtETNBt0o31gA7cQ7fjerB25QeLQ8q9wIzKqOOB6lJQGK/bawvKqYGDrE2tF2ZpKW9HQPEqT2zXR+osqyNsMqsPI7ZhlJU9sxuTmz1UxvgAbXKm/BWh/oIJXkm89u/Y7Gm301r/uaO/erebA3H2tOOPicaegW2ZqpQs1e/3Y2hiewuTBrTZpfeRY5eZUcq8S93iLTIRGeao04dvuR2UO1sWpPrrDHR1C7rSw0ZufFU4dqJK9rFriq9W+1pE65lpa1t1/tqYogGKNh+ZuOKnhoNXlZp0cDVrsU87hIpTQpjwgkgV1c7t/oecOgQDJNkhhVdXoTlaphA4QGsi8wdGCDsJAiqacrY5CVBqaESkoE2UiJawckFZCqD9SC0DIDkwKLJgFA4TPHtcN4GXOl5f0/Hxt6OBymc0AtTQv8/WSc1bNZmpmOWUYWDiGyJU/V/w3+5YENdO2fY3jcxil7bIQ1RyeoeZikokcHkSHc/q4cSyn+u+sA8uqp+HiPdKvQp2lIlLjIFKQUAmI5ITGOg5ABPFwd0z+dPaNg8ZhRpU5WPa24kPVl4QQCn3cvNeHcVlIhH3zKNz1sjW32dmAMdTQesWRtTCLMyLLCSEKQdp1mYnNM3IBhCNLedfgUAMNd5+iZX5VxBdExKG43ywB/7Dy1Vyh1vK0zQJXXzuKWt/VC1OWhyxlnZDVetvROFphhHVYFE+xzCEEn4MeGHM4p7K6sWtAfWtCP7nk4U2J6hYrZbniHh2yLzcgc58CNQgiUWhf9fYxA5uHPi3jtnVWOS7AUpcNAOAQKkArIZS3wpyTsmbNILBwCEIGmKqm4CMaYKhpZhIm05RJjAEVysIwTZpzWuI0+cuRMV1fPkx60nS5fvpgRGpgkTidLo5rhhCmCUQCWFrokD+iLEv+d//+7z58fHl8OP+bf/Ov/vzPfv3GG0X4/fvH9+8f/9W/+rN/+k+//9u//Yff/e77f/fv/+7f/h//04ERHnLIIYcccsgh/7XJGAhnc71rd33NbnxP509hf6avpOdnsYcf1/+NXsdGh+FqzD+uj+uveU3bdPpKeto1/Widd69p0Em3eajaO3fLeac81YSPZuMudulKi9j46hyQP6Ba/R3hGbeGAV5gag4pV2az8qUnrgz0HRTYbj9d/xhmsFW9ooNALcXg6K+VoBISxghgHuio3ebWjpuAK8zMKH7SvNCBGExmRh74SN3TqKkqi7C7SDMzVSUiIIZIRhSIiU1AZODmvdOtrQXLbP+RFX+dtValTUpludqGB+CzpqxhHimvK0NrdtNnxRQ7y7AyvYo9uY+S1hqVhdL+LkMGUjtoRZ5zQIZbsaouqwNtZZxF7f1+eeP6bn2L20NbvRoHZVVT+vHSByjGz32C4MYdaFVxD00cea9YpY8Kq634HtK5dWF3g19ukOCNmjUBcaW25biBGD29cTrHr31UDZCMu5x1f71l8LZqosaxq6MEw0Sl1teN6kXMq8k9rmNcVyb0GGpclwYeKmTEO50yAjSoln3TTpAa6zi2/NDGxS/oQMy2En2v8FBrlWujtRXYV52CqTSaEByi1DKHuQGEHujOmYjmAckIRTNIG4OwYQfcb/TIaepAoOOFXAsGdy4KI/aYglbxIaqLjeNQClIuGKExnC3n8KIPVw9FaZVoqETOcDoRJtOgCVFCDGdmyclePs6fPl6fP13Sosuclus8X2cfX3lJaV7MLFt2EmHOSoBAIFLQXm8vgyNuhfeJshZ54nq3rL1ZByRgBdVzGlk9gmGA2Wroo449Jmo4mec1WIFe1ltnn2KFVS+N5OedX0eQlT4qRWmcTBg5AsUNz9w9DFK4aAWKErMyEsAFva0ORdvULsXi6vOU6vypbwHcPEtzfysoHDWUFiaR0m45N3pfAc09e4yBg2N1BkAKZiUt9GBlZhak1+FUEmJitVwWgOojtDx9dG48LIOttC3dTOsIYKa2CtVzS+XQQV/EthtM68jVOYPSGsICP87TH7jZAmq2Wl4u3VsMCVK9szq47m8wPHpARsH2QXAGHworEg0HdVXevGZGhLX/W3Zwz4DSgVxohv4C0QBaz0yElFJh3MZQgPDiVNUMEA4izCQw9b2fCgCcNSOREbGamSGna8oZRGGaXpDP+sAsKWUHmmM8TacTQCwcYpQYQSBN6fp02wOH/HTy13/z9x8+vvz6T97/b//rvz6fpx+n5M//7Nd/8u37//P/+n9+/4dPf/03f/9v//f/8WsX85BDDjnkkEMOOeRnlWo/q/bV4boatt5oN76r5wfan992zV9Jz9cqz3F9XH/+Oo7UpePz+PwjfOJr66SfoJyv6/zR34LITFnCaBdzq5cMPrgwGDr94h5QsZGC1K1zgzBq6MZTrErM1Wo78g+B5oevm+cqgwMVROOxqAS6LfCuH8h2MfoXdW9vBcoQUdViZmbny3GzaJqqZWFmEzERd1iacwkLZGKjc0iPq+RWP1VlgIWFBi6FMEO40GGK9VEa2QqOuggqp6p+ohiAmSu1k9huSZlYt8mKPzG0mAFcnKet8bje+CiECCf2/f/svfm/ZVV1LzrGmGuf6guqikYQDKAoIhFFxYYE20REX3ITY7qraT7J85Pm/fA+7y95973cJnm58ebm5uXdxNzkxg7FBqVRgagISCMCgvRFU905Z+815xjvh9HMufbe51BVFIWJa4Qs11l7rrnmmu2q8Z3f7wgP4wCOcpcsLes2SyQ01Y3etFELAhkRBJY36FzfCEf45j12czqgDHGzphjPjxE+j1Uaz3x6WfbEtrSbJFgkr/AC5v28BR7kz04bm0tj8N6glcBhovjTLqjsrgBiaJAa8ocKhVtWKAA0fJox22xIxr0gPmdFoytKDYBNbD9wAh82JRz0sXjlOc9+lGEAKQ3SV/BSu6WOaYdIwc4VGGIOvC1wOzNDhZTH7W8nDMIIDMISkZqBgRmYAYS5oDVB8ZiCDCjMKhAa1EWtYQYrjLIDC0hpSIcCwoAAXBT8A1Tyn8P/7NsRwNBBgIIgAgWFK/pad3AElzELsACzCAJ1nRCgMJacuw6ICJlWD60ffO7I4UNr0/VcCnPOCgoCCLLkPuc+i23EYAi9SK5wbCwjyrZk1kojnX5SSoik+JnvsnBiKFjEuZjzlRbm6Kw0WtPDnmBIFc6Bx+JqogwIYoBN8OS0ACmlruu6riulMJc56rcvAoS2ewXZh6GPO487GCPLto948RQIbBdZSmxcRFsrpD6oThRGm4S6erowZl0cld7rUCVrSLwAVl34VLuATQtE2HUdoAwjQRIi6RYavZHIBFMd6DP+bCCOpiXuJoHqN+igiPgvgMq/5MAsB2t9XIwMWtHvkBttbkHnuEuw2L2piGOugZhqoBL4tGoZmpclxeFa/NiB0qbtAh207Ty1pQLUtNwQuTFvvpphznlmHySUaMDd1JctpeScS+GU7MeVlZWUEgD0fX9k9fCE0taVLfogStRNOoA0m8249Cl1k24CgMyl9Jm5MEhKKXVpbW1Vx2qZrnZdWj1ClFLXraTUdd1EQLJkLoxEpesw0azvSz/Ns50w2smyB3/4+P79B7Zt3fJC0EG1LVsmb7j0Vd/45l379x948IePH3c8wmeePfCDH/xwbs1NKe3dc8ppp+3dtWvHCynkvyD72vU3TyaTt7/tjS9hGZ7a/8zNt9z2hksvfvnZZz5vYmb+ynVfP/XUU9502SUnpXSjjTbaaKONdrLtJfdgj8fx+BNybBiE43E8npQjnOg84aTnedy/+m/qFEePFwj+l90XmbTmbnowxg9C6w6zIa1AI6iYlT0wgT0N0ffIS8tC1BuX0Aerc3buauyeb0IbNaWc538Eh1CcNWPJyf5G0c3+YOigMVFQ3RPhksQIWaRb6pmZGQsXUhJhKmiu4eAWodJDhJU5oap/SIgsKKDsE3XQigi5TxJBtCLJoRUA04iz8quwnbYGggYaUlcro17bAB7D6B21Kg0vrO5ucFJGcCQq2oQCRsoIETZRxTZ3pgKIaafifDv48wcdzNTbKi8SG93VBseuN0lQcCJjmaPXYKAxSysBN6ieeEKrU9l21A0yRGjhqVAthHmdQxs2OFd++63xEbe+/si7PtzRpkG11Apogmwtt4FKIkDUVeQP0ARTa2YOkKYztDxC8Tp10VphELSB7nqhzp1iryCxBkennDYPCuCp/UGGvUf1FQ3jGHYrscCGzSstA/zCwx9IQIAuwCgg0HRiRwdD8NYi9imZT/UMI26fZQXO2EP3+bPJgdok6cw/BRcBnPZnD1YZS4MDhQsCIwQoWKwAwiLFMQwLVYjK5GOjD4roFX099mCBKjqqDEIBYUFDGoz7JOLSo2xCqVbXGJxPRGdJIiN4SiREypmn6z1BmtDK9i07J7SdSzp8eO25Zw4dObw+m5bScyml5KzYZymFc9GIg8yllKI8xUAHSykiRVG9ySSpeqI1DyEloq4j0r0mXhNN80d/wqFp9trfYoggGjHPmKoIprRpkxWDCArbvIumCIpILAWZKSWX5zRSNwijYcBAiDWEoMSWGIW19ZWQQUjnUotiKc2oxQqS2VxTASy7BZFIvCoiDqLjbg2OZauacs1afMsWSMOWmIuqhKaUjIyGkBKx9XyDwVAXBJ9kWzxMK8o7LTBbzrp7pggLc8m2jOrEwPG6zUfC3EYfXTIFQUBI9W5JZVznRnoFbrXm5gL4LdtAIHWuHG5ysvCHBu5ZAzpWp1g7KeDb7t5Q9LPWCSEQWTRRm0NQVP3Yhdlj0kJEl05VdBh1bAugACqRkFAEhJCYJeeS+wKIiUBYo3iCRqwMvYOcVREdtVkFJJfMzIULIGQu6/10y5YtQDLjvp8VIhJkIWDJs2nuKCEig6xPZ8xCibqUdKrKOedSBCYA0HUTQso597NpSl03WVHAGHIPAIXLoX62duQIjHZSTETuv/8xALjoonNfIDqotmXL5KKLzv32d+67//7HfuoVZx6rHrvaX3zib2ezfqNfd2zf9oEPvOvVF57/wkr6426PPvbkDTfeCgAXXXTBnlNPeamK8eUv3/SD+x+68857/4///fe67nlkY6/94g3//K07AOCNb7h4bpvFaKONNtpoo/3rsJfcgz0ex+NPyHFkEI7Hk32UE50nvAjl3DzP4/5VHBHywyIRawBp6C0tCliZB40+6NAxiRBwYuvFc/IDLDOEDX4wts6ADTDUzlQHaOMIbIIJBbkBjW4XmeCguhyEEQ/gpBv3lW2i0X8KMwIgkTTUBRZBZmQW1iQkgkRMVJymAIgIBcikxISYU0pGnRBkAn8KCDBYeC1GESIy36hnFDQ6VBeh/QoN/0iVCuf5dlEboYznTUPuBdZWw0AkapvBfK+gpts4NhOwgWYTMqZtlwRyhkpT83plIJTaoF+RbB5OWyCpUtvo8f5L8TwE3KgfRu7oon/Dx2yYvu2foa86V2+DnGrGSyCrqPjoRYsv7i3YwlfxhrhZaa3/NICwnwxJfEFhmwcIW3+39Zf6pkZ2AiOiggzUR1UPkxGFdAwiOKCKTelqvczXAIIHH2zrpEUHsV5uXnAZNGjZOMUKhu8b9Kxm2lKtTo3nx765AMRwuBAFBBtk1gGERQqgEf4UP/CJ1ZFFaGMBthKgdrvGSxQpKIrDgUj2+ILFAAnRuG2K7jJAVuSP9UaD7iSIj671ao0CEHxHCGhNRCVD2YiJCAgEQO1wB6MUhzyplwKJsGNJCB3hypZuW+7xyKH1Z59ZXT087aeZs4BIybmfzUybmbnv+zzrS84sXEqpnagyle25zNKOGERCSpSMGoWCAbRX/czBrG9TUaCPgZfpXSklREGKca0AISlhUWUz2XifNKCXkRPzADoyujYXNkyxmTdrSXxQGlVR69RCLGKDBcYwRQuZWVFD2xmjPH4WA/ZAuZIN4tsOfP8e8Bm4rjCLZtMaEaZEWi2ISIlsWAsgAQHFxiMBWIwxTBQVAMHhi7Hru2LE6wFtWw1Au/IGedH46LZTJcBTfSliEwBAZ5oOeMpVMmFhMozrGqVvjnYZDe3fCoOgy0NeY1WIjfSCkAhJcU0fQrrhSMBDXLrCsr6Sd3URkVIYDbHWfgtKUdXC66yjHVBx9AibqZUQ/EJFB/VK++76NYOIhSERImHm4luyOEGKhmOWwiWllJLKyXIufS49ImZlygKKMFESkZx7ESgChQqX0nWT6GWFGYi42xAcGu3E2qOPPj3r8949u44+7uDz2pln7Nm7Z9czzx569NGnX/7y044jB8WqJ5Nu9+5dcXE6na2trZXCR1bXPvn3n3v/z1/5r5umNl2f6sm6n7wkNut7bZHrvvrN9733ik1Srq6ufevbd+q5K36PNtpoo4022r82e8k92ONxPP6EHDtpImKF5wfdITReH6+fmOtQr8sJyqeJ5Oa8oBeWT5senq+ccLzlQTQoJXbNQ6XMhNfYHhE2/3d7KfzpDlhVN3sjt7XomBN3lQ6ydBm11p+/uRzigu9/8Mu8mqU6+CrCMOSdAQIxC6leH4IGs1KMw0orgAyszllUgTLbjc+ILISlFCICwJQ0ywKARQSRCYiJxOHZxtcIIMAajAhBhMnlQqsL3EIGue/QW9WK7S3pvXwOYIsoTageQMOKLfARtdNyJd5hhYAHQJR5Q6MGjb+l/8PgNEOYBwilklYHnvp4wWgvkdI2JgbCNOwKDTuosnHQyFABNw66SGDBsImJOcpRmth29WFzXdYhFXexAyBw8dZZeJC1xPMBhDBsgWECQD+fy97KgxsHQYS5EdPiZy1GiNblq+/c/0fANEjduS0BEFaYUD37NqVg86uIgLnOffhpp688ZO1O2l9EHN9XY6PHkqcUKI5HxJXwq3tndupf7TLOvKoNaDRAABEgpyNVgNAheAcIOZeGDlVYATwoNXClRPRBhf2MhydcIoHS/gIUBEcKhYuVQEOeCoOTCAGKUYQli4U8LM4IZKMsGqkxB63QAUIL7BataQ1kgq6uTWp9R0GvAAjFh3RCSKYfHC2LDOTwkoAwFgFASmkrpRWSbQRbhSfrq/nggdUDzx7JGUoWZinMue/7vi+lIEgxPmHmUhbEpXUCrEBeEMh9e0FKRAikgdBAhJpJhohA2doW/tXFMwFYXx9N79EbWgFCQHIMSYODBq9O+4mWkFkfRUb8BiIqhUUkJQJR+Ke0E5jHDhxomUrErHNgSRpKq/FPWRRHahJHh2I04iwwM6VUvxaa0R/wtC0pjuYNcLoBsGdToL4gpZS61EJlxqUTIHEpzHZj0HAuajf6KIIbmq4aCs+0uHnu1SSEQ3U9iKdHJQwWB5O5tpqDP8ZRAAAgAElEQVTzlZSBAckQv7mpb06GtIX6gmho6H6zmPqXDM4Bh4bG2dYf8bikbCVH1M7TzkrM4tRb697geHgwjUVUGhd9LQucO4itsbogIKbU6ZdeKYpQQqOvYCCiYt61t9mr2VcidR0z15rlCt+yxmRGoC51KakGcs4ZEXPJAtB1nYasZBHOPSGBy8hCiGAjZC4pJYQCo50Ue2r/AQA462V7T2y2Z71s7zPPHnpq/4HjAwjVLr74wg9+4N1zF++4457PfO4rpfAXrr3+Na++YOfOMVzlSbJb//n2n7nizVu3btkowReuvX7pPrzRRhtttNFG+9dkx+E3Do/jj4s/fLw+Xv+XcL0bkEkG/7ofr4/XT9x1Ocb0x5LPgPxygsrT/rCYj2yazyblkeYKgkqiOYanzmxmpQg02+cxqcMO2vI51c1HM1o8JBZzvNrTWh2zli7Qxv4CrOJplScBUFFMF7TUUrSOPA/i1Wp2GVrUuv8GFYga6UlEnX36poMkCBQyb+oHRuw63equlALQ8EoaTokSIiMyYCFM6i4GFEBBAmQoKKL8ORIi7IsRBAkJNQwYFKVOOPeEBckChAWXB5EsnhtzLqBeToX+AhJeAqI5hFOBnvAIB2JOjVNSzIdYOxogCjqAp5CJesC1o1X8EsmUVCVgQIwiaE4R2sp6UwMFV0KPcBFu2y6w1MUwctGJ6ssOioRz3aCBrxczGZTEx4XxkGI4mDfcR8F8VuqxHYqrti/inBqsNyw6qdvslhWyZau0vwZQLE3sq0VX+GInCWhwozRtUENE5FwCYHC4geOpBqMH/gRgIfEM5VXSHIrFJ0NEJCDl0QIENKWpKWicDcyrRKQAtkHqm6qbnDGISIY6R+/1CUTfyCcTDzIWSr4eTlWq2zpC9ImUUnrnCwoY+Ge8GpGCICTKVPV4gZxFEbgQ8+TiMQUVYrT4ggKllIwo6NCdMghRmKU4OzAe6qRGVQq1ORhECktBU0NVvMWUXRtggkU5096CSpjTecjAS2DCRuXRdJnZOxkiMmJhYY2Sh4DCxIUAJkLbBLZN0nairVxWDq/mI4dmq4f76XpfCpTCpXDOOWvIwb7nUqwdQDKXrpuoXGVcVEiS3AAgJJ9FlCyVAJALI1BFjL2J654YNJDIuVAFCZOFaTMtTQuVh3V0KKjNzDp16uRHqWGK1xBvwaATQqREpSiwYhHvNFqt4WEAolMrq4CqENmHsZLIG368BqM0AngzKmNSRfaZk9lUl3MpPnFhR3UpIEJgIdvYga51rUPOhDgZOLhzzIKEGmQu5kCP2qtjGKnOS2BRHnEQstG4bopms0R8wcgKRKAwsi1OAf5xEeHiM4QwRNRknYsQEVNSAI8BlNXPKhBbVPfbQMYiBTpMOvGYIqhHkWyn91gyB/w/UAIuAmt/8y4kxQFJS+/QouhCic7jVASZRUqxcMWGV1ICVAqhK5mXIoHUGn6tK04RHYkoRAlEmIsweEzjpHBgKUVBwRD9Q0w6yfV9XllZWVmZiHSl5HZFi5dm4W6SEKmwIJJ/ZUEuNjSISHdYsEgpRW8REEFReVIEZJaMzHmGAIkopUmHSQXVcz+NL4oiXBJ2/DxKhqOdKDt48AgA7Nmz6yjSHoNphpr5ibVLLnkNJfrH/3mtiNz/wEOv/+mLTvgjRltqzPyFL97wCx9679JfDxw49L277jvphRpttNFGG220k23H55fGY0w/Xh+vj9fHGITj8WQf4UTnCSc9z+P+1YS2NIGEXzgobVB9mz5oG4xHBmN3YzMfU3B2Ki1MWi9tm1dcYSMfWXlbL+QcjhIFo3ZyAZAGc9qobHMsgTnEEVW+bAg6WTUSAoMIK58limEO2VLY0hpQJh4cDBAIqSRKKIiEQuo9DIe1RmcySiIyCgVqC+32CucjIJuuWrxVkPpogD8FkwrmnIANalJaFTKF96KPKOyCtboMcvBwjPYMIgVyIsLSQJYNrEc4R9IbvW0p728ACAy1qB7iafld7j8fAGZzXXdzOHDznxrc1DzGbcCqjUDoKlg5zDM86M0tg0Z53r3YizDenA20bTd+tU0AQm1fTRU3DevEcCv/OypH4QpWOU0ExqCs1QCg0MgBRlE0VFsF/AJDlUFwUgU/0CIDCnopqb6S3aD9pkR3bN9Rq0hYdTWtV4NGBTXGoLWMiEbgaxFQJQIVkSIW+MzYgcoTA+Ag2WAIhILdAkYxLEb4kqwEGxAunFEYgQWZOYMwsJILQaSIFBDTEbWXlKJlU21S4yBWCFn5giyVAakqkBqmFDxCm8SrGn1Qx5ox4oJuqAMYWdjZqSLMmJQILS7DSSBdwhXqtlC3Y7Kye9LtTLg193D44OzQgbUDz60dObTezwpRVworcbB3BqFhaMKAmFJSwlaVFRVtXWoXqXYQeRclA9ismWKBM5HJudlesTbFURIl8ECz1pkG8xUgKKiHwAa9hLQjxD0xV+iOiQXNtTpHWWBJCcxZN+hokEWdMAsX9ldgB5/YOW0NhjVY+BzoAjbanVTSZDP8dXwICyO7drRv9CAChIQpqjelJAQChmK2EyMOPj0WXtPLA75oBvrfTqG2XLrc69JpKlpbwEG7ILQBtW1t9cPMplMqFvbQSlX3LflsLW33aD8P2ifr20R72azE3LREVbVtc6v9LaTOfatKKaWS1ZsOY0zKQRn0YyfZlxUjC+unhSg9EoFIFH4upZRSNH4YIqVkWzHmVreUUquyaxg5JfDtE4nQmdwAOtOVAgKQhJBSopSSMRBVSKGwfh4QJaQE9mlhOGgRhiIgQqqzSkREnHOelX72Umoq/kTZ+rQHgO3bt57YbDVDzfyE22svetU//s9rAeCRR54YAcKTaXfeee+73/m2Xbt2LP702WuueylKNNpoo4022mgn215yD/Z4HI8/IccxBuF4PNlHOdF5wotQzs3zPO5fTVjM96RboChoK8Xcv+iwzIDE1BB4QNonhhuvsv0U12rvHpArGp+ZNYpjYOiXWu8nwJI79PHx1hJF2RTInHNcLoYgwkD/AJylYRAVQQJkKEqFi1hcwdggAFZKTcOGBAIx0E8lPVEQhUXIuZvQOCW1epBkAPI5+icWyxBhmfM03Mo4qPnByRAcBdcrC785AABSCpQIEQmlKaMjSU3IJwBgIURC44wSIBvG491OCzgHEM63TXSNRoHT4S5v3aFsZ0SoHDpz5+tnEUtb7nquiec91A2ExnMI+mLmBC2Pt/EO89zGmQ2Lt8jha9NEYTa2JT1kEY5tr7cgaGUgDuqjKYBRl3yEQgsQCmIRYDRsSXm6GpvQ0sezbQQjijII3W8OWKet5j05Zh0REPbXrKkBjUGoXNviz8MBQKgFYgAorIxBYVfv1Wydg+zEQgEBk+u0WIDgbEKAooEAncbHihI4CKkAYQFWAdICwixZX4u5B1AQrrDlqVHtCgijFHsyFAeSOABCZRN6zUckSG8y03FtFCo1jU1sSFH9PjHU8c9NC0HIw8aWCZOhdpFLIzeJJOFOZEuXdqZu12Rl92Rlt3DHGadrs9Uj5cjh2fpaP5spUZD7vp9Op6WUnPtSiijKYjKMbBiystucDejEOZ24JKZw7y7orLngksYL1nWt7d4SoGOzbjhkSAID1qwx7TSLpHDXEvCPveNgnRxq6wTkiYiFHZcxoIh91LvKK0LJRTFCIgIkV7NmY1O2w692byUAUqRUYmds2gggkIkVYNMfk/2iDEKLMhhan0QkTuYUYHQGOfkYbFWsY4ofrPsOIyMIij7ANpXUerZjiCR75ESQ2AkkiM10NT8tB+KbEhUEj1CqRE1S3iJLm5t16pgEwXdLtfrUXo21ocV7m1REcxjzErFVSvVpZK7L+K4ExdC0VqOvqhpn+21jPdFGvXIE0yQRaVxMKCzMnAszC1JqV1vFtnWcMRcVNQgUvH6VCWN8vkTEXv+aExbObHcl1M5g4ZopTRIkTA7E1hiN5IGWo+GMFenticNuMNqLaso8poiueoJMM2zFBk6gxbd616X2+qFDh7/8la/f94MfzmY9EZ6ye9fFF1945c9e3qb5xje//bXrb77yZy9/7UWvuvmW2+79/gMHDx7eu/fU1170ysvfcunWrVseffSJz3/h+qf2P10K796987yfOucDV71zcW/H7bffc9M3vnXgwMGcy7ZtW884fd/733/laftqHMdS+E/+/V8CwP/2x79919333X773Q89/GhK6fzzzr3sja87//xzS+GvXf/N79x21/r6tOvSmWeefsU73vTKC16x9JXvuvsHX/3qNw4cPMQsp5+298ILz7vsja/btWvnXLKjqYGvXX/zN7757fe994pXX3jBN2/+zh133HNkde2Nb7j4A1e9a5M6f8W5Zz/+xFOzWf/Za677tY98cO7Xp/Y/88ADDwPA5W+59OZbblu8Ped8403/fNt3715dXRORnTu3v+Lcsz9w1btWViabPHS00UYbbbTRfgztxHp6x+N4HI8bHT0G4Xgcj8d2hGNLD/VcjiGHhTSwPOXGeS55itR8YJOUsml53Ju9UXmGuUGb0lEWbEhOHhIMIpxcg+EF1mRu+BawgfgfPZEKNUGUGmGRjziErXDIbWpZfcE2aG5TdLA+y3+yYhItwWwipRIgwD0Ow0T+du4+NMe6YKOppYKIGFvjwRyIwCwIyMyllMHG/9i77++HJMism/dbkBKHFiXHxiUKCCkNiz33jhKOzIFQp/qpF6q3Pjm6AhQDSNTTylhBFgjGF7c5AyJXgBAoXkUfa5yROX/xAlIYMrbKmwIPTOcdbTmtRIaQYe0I0HS2BZLf0gpsK6pNOQTnaiYbkRQXhVAXAL/5JHP9P9poaZqNLrb5H5O7dY4+GCc1Bdt+AptL2JAqAPUDe7hBUGIaI7IAG/8MJQht3qzunPZ5RzCBAwZ6i+1caABCY8gFeBLENqmbAiSidCJwA3P664FDAuhRtESBKXOEmxe/mPiyRMAtjQVYFMphYVCSH9h/SvITKC6zJySKHNh1jxRYnEqo9ZwbddABQEjW1bTe2ZuDLQwfmOqmz9FNj7VR2vxqiKlPZcrigqi0tpvZdDuY3Qc9KcasoGMSCscgrDCuIGzvaM/Kyp7Jym7ErWvTfm11evhgf+jAdPVIP5tyKcLMpfBsOptNp65YWLdosGcabK+YLYJkphWQKOYTCnoYs+M10iDRaKLIldLcYD9GaYWmuRsmbvvmLlCN0Y2Hg0grZhA4VEUvNURlxZn0JxELl2hQCsRmiCgel1JyLiApJYW3Go4dct3rA0EiHFSU4n+qZYpgUeXIOIIipBA2Nhqb+qZK7gKAUkAFeyklAXu24fnWfTwAbW0ojWiI7RyiMpqu0YrkN2gYO/EKca1TDQ+pUe4M9YzNAYNPl2id6DDRPxETEkts70FipwDHNBCbkxb2EIQGwJItILqRoNFLb4qB7bkD8xAfUoOsVFPcplZQVNaWuroqhwB7bKMCZ8TaNx0i6XtYuNHCqguaus4xDmNSB1kw9A9IUUlEJeyKsPGuFc8WKKKaz6wwvXKV9UOBjIrNUlClIaibgGhs0VK4SFERWx2n+imK7VKuczAgUpcWA+6ONlrY/fc/pAPhNa++IC4eOHDoz/78b/o+65+lyDPPHrjhxlvvuuu+3/2djwQQ9b277su53HHHvTd9/Vvr60ZUffrpZ2+48dY77rz313/1Q3/5V/8jBuaBA4du++5dBw4c/M3f+MW2ANd+8YZbbv1u/Lm2tv7Dhx75f/78/7v6qnddeulr9eKTT+0/sroGAJ+75rrv3n63l4rvuff+e+69/1c+/IHbb7/nnnvv1+t9n3/0o8f+9u8+8zu//eGzXnbG3Pvec8/9N339W/Hnk089/eRTT99y63f/6A8+un37tmOuge99P+dy5/e+f/31t2gJVX168zpHwp9778985nNf+cEPfvj008/ua6BQAPjMZ74MAHv3nHLhhectAoTM/In/8smn9j8TVw4dOnLn977//fse/Ni//aUzzzz+KJWjjTbaaKONdlJtuVcWIf6N8CL8enzHFyPP8TgeT/Kxw+piGI/j8eiPcmzp5fhyWEizJB8IPteyPDd4iiz+KhvkuSQ3UafgZuUZPtfcalh9TppdpeZZZmHSeMdgA1vKnXpea3f9L+aj3syFO2rKOILvaJ9Laq+6rNibUL5qAg/MqJ5K1rXWK1DDKyYXMpTKX7HbCVFYChjno/qaafBY9cwtlbxT1a85dNAjY5lrr3VBz1EWAEzNUekLLWtwESBsIOCK2ClpQaQ6xCMInCmz0TwEGxCmAZMibYYBEEYhFRld7F0KXogwcxm0FNZ2bgVmmw48zEeC/krVP+t6ktqSDerd6Exaepn388p8N4u3bqHW5kV84C3cG/za5nzexbw5QXB5DcynOTaEcIFEyAMEpWL1ziVkDVCnGx4MHfS3icB1rjIqLMguNMqAwYkRn3sQiQCoIsQojr1Z29adAqKbDpI0SC4iCaCFDzRCHEvtCnG9jlYB4MLM5g4nh+yMHCShOygW6k8YTGWUBZizxiBkBGbJYL/24lgNskXXMvAPNGpgYS4ihpiyVqNxATkAQhAWh8QUDgwmn40oEMSG++Sv5/Cfet5LwJ7gIoYQjFsjGA6nSpSAyxaGAAFYnD0AAATyDRKIBDAR2JJoR6LdXbc30W7OW/seDh3IR45MjxxaO3xweuTwbNb3uc8lF2buZ7OcczZdTZtqCqtMKzjqZ4tXhMXVxHYLhHBl/ZVZuKhgprY0N8AVaUfQhDE7GSoc0KO/u3+pGu25CRenAWFlbi2LaTnGJjdYJbjgZ52rBwS4EPpu52EHA8XC2kr00qaXxI0xUnUTjM3jtUgYq0lSTAhJ35zAlhgrD1clcN0WQ4SUUvuCASjqi0Q0QV8fNLf6BlHM9na/bi8ZorJswUDBqfnQNjSACHrYvGadbeerqE/lIKKt4zoVCBvD1hvCGaNSpzrraQtrpdV82/TNQoAA8ytjnASzqt2SQ0hAEqGgm7nWJshmvWg3jmjwSp5MJopkl8JG7fSS69dIIkI0zeMYIznnGpayS+06FU0GIImSgBQuiCBSlCaIrOrnmJASUtd1iFhKybM+FvdEBJSMoupQMuo6q0RS1nDOjEUAgRJRIsABM2y00cIeeujRv/+Ha7SDnXvuWXrxyOran//Ff+/7vLIy+bn3/sxFF72SRb73ve9/4drrn37muS9+6carP2D0OO3bTz71tNLdXv/6i0opn/70l5/a/8xzzx38T3/2/wLA29/2xksueU0/6z/16S89/cxzD/7wkR/c/1Bw+2648VZFBy9+7YWXX37p2Wed8cijT1zz+a8+8cT+z15z3atfff62bQO91u/efveOHds/ePW79+079fvff/BLX75JRD75958DgN27d37gqnft3XvKPffc/5XrviEi//CPX/ijP/jo3Cvf9PVvdV16x9vfdNFFr8x9vvmW2+64897ZrP/EX37yDz7+b1OiY6oBtYcffkwhvcsuu+S8nzrnjDP2PW/NX3rpa796/c2HDx/5zGe/8lsf++W4/qMfPfboY08CwAc/+J6lnNH/9tf/qOjgO6+8/JLXvWbnzh33P/DQP33qi9Pp7JP/43N//IcfO+rGH2200UYbbbSX1JZ7Zes/apZef+G/Hn2aF5L+eY+bvPt4HI8vxjEYhL4peDwfz4/qHI4tPdRzeSHPheXXN85zSTll43yOLk80Sttm5Rk+V83OEaASBWq8LSfXiIjQEBvYyGROKhDUrSkswcgwXz1gqwtmt/gyFgCApqcBpjWQanT3NcLAuVoN23eZM8+mDfPToiDh+BYewquEqpeZUgIPVyXOyhEARFLOXHUaMgIBocoNgpiHlclcgWyQCBF6cL+W+6A6Y+qOo8YVK1IKM0iIdVWMy9XPBAAJU6N9Z95ObZxBW4M7Mxvfriojqj9R66QBCAVAKJFyDsJb2nqonS1KCEihhdoQkzRJ5hIee6xSY+rMr+3tEFR0popTzTVttC14QfUG1CZy/3x0EFCAMGgMQVyD0tSr01UaRduAmdCImgtaqLWisR15c5TE1nH8vLzATS5uwowcUKQQFm6spwEoBn2wUl1qLi71pxQ3KUowBRGNOBiYIqKG5WOQjEYZLMG0QygmA4rG2/Pe633e3kT1SNnx7rbkCKFHJzrLkmZD+iLhxG9erZLFHMNWElBxPhrGq7IIFIPdODRFGVp90RpTUK8XizVooqCm4idckBlAAUKlYSr4LU4uKuyqpACM6PMKBBYhxtaxgQrRP5sQgm31BEQhMbDQIMHadzHyaCCIpqOEEjA64Kh+fQrQX2dgSitEnUDHnEB2UHfKZLKH8JTpNE2n/fp6Xj28vrY6PXJ4euTw+urqmoYoKxYfrUDT0QzLUdgAhagDY08pQIZRbiRMRD4UQ2TYIhjGgGJxCpcIATMACSNqKwzQHQCu01Xw7cGiRCoYiDHnWrU4sDhYQWK9RZ2+IsJgO2CNM4iKYBOi6rWi8dqcCMjMufQmmKmLC7PxJakDC2VXN0MESqqZlMKESITJFpCUlOOFFPx3EA6uNxHGDBtzFJkuZQILTUlAQEH/A0CB5IFVHRpERNJLSndtgUMAG6ZIQISi4wABkTkUisUDC1o84BaCjRXH/8RmOC9OhmjxbBVo99oj8Xe1FkcbJNw0lbjGbdt2tpJGPs0qOTcf6xmlylo1gVMBNtVTsA7vD+JcwIN/gjWrKcIqm1I4OnVdl3POs1lfuHgLAyKkpERRVQvGmAKKSGbOpZBZ6rqulFIKx9YyEFX4RlsYBazgzIoLKiioaG7Oub4skU4SRbjPuZTMzEiKJJJJmdvHZ+WIM3ORgqUq0I72k2zf//6Df3Pgn+LP1bX1gwcPr62t60D7xV94X6xXn//816bTGSL+1sd++YzTDet602WXIMI1n//abd+9693vfvu2rVvazN955eVXvOPNev7Rj/7S//nv/kK77vvee8Xlb7k0rv+7/+sTAPDII48rQLi2Pv3a9TcDwKtedd6/+cWf02QvP/vM3/7YL//Jf/ir1dW1a7904y986L3tgxDxj//wY4q+X/6WSx9/Yv8dd9wDACsrkz/6g4/qP0De9tY3PvbYU3fdfd/Bg4eXVsVv/vovnHOOoaG/8L+8b/fuXTd9/Z8PHDh0++13v+ENFx9fDVz82gvjFY7Srv7Au/727z7zo0cef/TRJ84++0y9+JnPXQcAZ591xrnnnPXDhx6Zu+X22+/50SOPA8BV77/ysjdeohcvfNV5H/voL/3nv/jbAwcO3X3PDy56zSuPqRijjTbaaKON9tJY+F0X/LH6D7GNfLmmRnNc9x7f+YuR53g+np/k82AQAlTkcDwfz5/3XI4tvZyg5y7Lx91px1LO5yvPpnk6UWuz8gyfC3YeEoEtCmOnsgAWNr7CTWyw8z3urlfEXKrz2loIFdZqcoMBAGR0tyaBa4HZ4zwWmpM2tA4aJ90AMhk+fZ4jZRWo5BBPR4BM7kNNEECYA5UGECIFdQM0apawRfLRfImVNKgaYOCCd41vsam7GiUKg2xBRKpItyh61mzuUZ/qpI2ewqyQRhCPsLJnUNkG2GIzIqpdZl5ID1TjypBSuSZt+KKWxUJAhCbHCtAOAhw2vTESw4Nut+NA4XWIwC1C1zXPphrBx8fSWxQsHOB2w/MBmBfni1zPhbaDNv2wSEsAwk1YgBtTA2XzZBsVaSlbsR3pQ7TDSWlOK3E2qob+sz8RDdkSu+IxCIFJsvLhEBigABTnDmYEAdRbJOK6icc/s15M0spmBsAV0SmZA8IEV09EAbIpCBrioD4p3lTprI4oWJg2EFRZW7PSVEkxIVJWZVGPKSiiqqEIbOEDFRDSKmI2BUBxiNSZZPbiKKRv4yQzA7MB0MnRFRqRIA6iDBLMtX3lC4LXSPNjXUU0rU12cz21wg8aflS5SoYWeQRDUIwWsQPYQrgVcAVwJ8Bu5u2lpLW1srbar61O19ema2vrq4fXVo+szmYzcqijn/WFWVhCbjYKwWw0Sv1Hjja0TzH+/9pNOEIwguNnxvGDmKeFTIyVFV0BrfkYFKQ0K7LXjdC8DYurHWMOSw+HT4P3w/Amk1WW2CzjsGGtRwjpbomdGczCXHIp6CNEDMbWYG8mpYtNN9U53/+yFYFi9cDQDY+hpKifsTOjwyFiQiRKtoHFep6VLBnNy1+oKlW66DYiNrrAMUlqKbwa2QUnIXbgJKy7foSFgdH6J7fLh45rQtfZ9TkgMNpYEZT6r/XFpShL2LsFY/2MQq+3+Q1McUmxwGhEdDwWnKvX5tDOrghkiLOjx2yLq36qYIRObAHIOche/Qttv4rfRTjnPOtnAjAhj+CMQESqQ5Bzjh1Rqj6acy4Wgo5SIu9+YphfYZAaRs52CgiWkll5pUk/TwgQWaTk7PuEyHYfqAJAKRpTM5EQCgoLS9ZvIrQNUdHxFHpsxuVoP7m2urr2wIM/Wrx+6qm7P/xLV7XSlApBXfr61wY2pnbZGy/5wrU3MPNjjz5xQRPej4je8fY3xZ/btm7Zvm3rkdW1lCjQQQDYsX3b1q1b1tenjz3+lF7RSHsA8Cu/fFX7oK7r3nDpa2/6+rceeeTxudJe/pZL21iJF5x/rgKEb738De3H+fnnnXPX3fcx85Ejqzt2bG9zuOiiVwY6qHblz77l5lu+k3N56OFHFSA8jhr40Affs1i3m9urXvlTp522Z//+Zz/92S9//Pd/AwDu+8EPn376WaUPLr3l/gceAoBTTtkV6KDaGafvO+OMfU88sf+BB340AoSjjTbaaKP9y7Dwuy7zzW6OZeCm/t6jwUGOFSs54djKJu8+no/nL8Z5Jw6su2dlPB/Pj+Ycji291HPzrZqPYvN7F9LI8vTzecpm5ZSaDyx5lszlic31mt4jbW1UnoXnQuQDLkIXMAq0Go7qJqxcBGD8WO0AACAASURBVAAnubkrfxnAYOf6p//71zakt39JkDbCC9YQrfyIAO1tS0iH/orVKplgULYGI8S2VOGujTQNe0lFPMMRpoiFetlaaNVhNaEAJQyiQwAicLpBgaJeUyZiEWUJtNBaRHB0RszgxwAIwTTqzE0ZNYXOqgQl2CRofRCh2OmcN1Un19eSJsaT1b7p2fnbqRidRo+jhIApqGZameje9ajkpFqRTQO3AGTjvkcIgDDqHtxZPOgU1eEOSwyHJy03aHj3sr/n6Cltx4tB7AwbrPKG/hJL84wEiw+du3FeX3cZjLdRyTcBCAM/MhAuyI4RZc/ujxEP4SGHpn0XAMISMpvtfyLFL0oAhCiKCyqKpgBhQch6S5Gsze5IlKELBCjCgHOzQJ0ctK9UAEfHGCAAMhA4jCnA6HCgEncih+rKV5qf0rx0aDmC4w9Qxb7CHACh0gRLYKWIwmzhA0WZjcJKxUUI6S0GCxno5GoQ1iHCDCIIQo0argbXU14jigN96BK+WNu3VhL6AG6Hg/2FwRQUDBSh0sCaviq+BQOI0KiZkrxlLN6ZpRdk7hC2JNyR0k7hbVy2rffUz2Zra3l1dTY9sj6d9utr62tra+vr61zKZDJBAGHJOXMRUKgHkqtfi4gULsKZuShUKQJkTCwruE923lMZBFCFLJPPq+B9HoQtOqHJewKRgRQhtpliP4ZXo8VBHI6pZn6ugweiNqsycIWaBvODg3/e/RiQ2l05EV8QwNSkS2EyWHbpZGADnDmGalUntsBysXyozCO6nqZ/hTf0dCswIaZESaniuuKDsCCXAt4xRECVcgP5C2gwFn1m9ojGLQ/eKxKjQmsNp4q8Gc9SQBSkDIgLbBLz2a9WqcFUNqk6Gi/eE7QXULRl3eJj/ye+n6dZrYSZG7r8fJvGZ55NFhy0v+E03szwyg1F8EDHDnrb1gIrsYaNbFDxIPVKHdLaT3SGp6TSnujxBe3mohgzJKKk+yGKzmOICgHrcmaMQ0TmrP0wphD9POlLFhYSSiklREHQrQ2sEZ1NJJp0ihKdVFHBfyEQBChcpM/sGyUANK+EhNy0y2g/4XbG6fsuvvhCpcY+/sT+++57UK9f8fY3tehgzuXw4SMA8OAPf/TFL904l4l24CeffLqFx7Zt2zrXy7Zu3XJkdW3nzh1ztytAuOax+u6//yE9+fJXvj6X8sEHfwQAWpLWzjrr9PbPeMTLXja4vmuXXT98eB4gPOflL5vLk4hOO23v448/9dhjTx5fDezcub2FLY/ePnT1e/7Lf/37/fufVdnVz11zHQBccMErTj9t79L0ilweOHBosWBPPvm0BoA8jmKMNtpoo4022ktgS2MQAkbgno38yfavjA38zJvfe3znL0ae4/l4fpLPuxbmlvF8PD/ac3nB+cgJSrN5+s3LKcdXHl92jrp+xM7dvTlwfQ5QPIObsAE4N1wsKwZibjUn+iBiIlPLIxMnQxeqtBKF/7RSLRxQdIXPSLmISoo/0dTN7IdBAecQKferVxxSmpStW9nAWfWJq2MVlDdHLYyqRVCqhsMNwCxJ6Uys8xyrIKPKZ6EJyVm0trnnum4iupLcACBUSbj29SsaNNDyRCwqiBcCexHSD5yDI20rtBmaPqLHriJCTonIA7Q5IurREFGZCpIo8CgEFY5r0MEWCQUI53UQMWTY1yzMl7e1Hxf99YPWHvZNCYLjXJ9ps13WqSWeQEThhlbx1YjhtNi1ltBemz486PCDG5fcvrnNYZ+LoKYlkNpX2sqfa+65Gmt/bRgzysJjQBHJzq7TEyMIshSRghY4UBAKcUYoCAUkAwpAVh4hmdxoEc6ATGgKigmREYlQJfaqJGgLsRieibXUqloKuivB5zdtNfR73HGvVmxEuOwueIw3djVLkwlV9JxF2AIuCgeDkCU7is4IIsDg+KiIoXqI4oQ7ECkKmoDhtQAIyGCBQiXQCp9HqsancQaH3W2AK4PvZ0Ab8+i7MVoiF3h0VvBRHCCaTXa6SsSiYJeBwLz30Y80UyJa4dIJbxPYmdIpfZnMZrQ+zbNZP53m6Vo/m85yXzTQYCmFS1boIM+ysvqUbRzrhk6gXEopGQCQGDAhESCRkt0QWDi2rmh7KUDMwsHfamKXqqih1h+BsL6l4v3xXxPdEEnFSwWEGS1I3nCkGOfaGtYagG19hsHwGgwltu4k4PtsGjjRwshxMYDQSHT2a+0DjkM1Y7kU9jwByEE7ND1RJMQUGLzKiycDe7FqUSqtHHxKp86nDC8qCwIBsm+VsHnFdCrRAxYCoa2JOtcRJSQLd0eGomLAg4M+bTkgkAd4LCKFi1FtEWsYP3bOcMX76+xqtc/MiAqFAQiDFC5FgEoBw9uACFMzyYuIUw49yiDrHgIm/ZxpRocYgRViIHlXEefco80u8aq6Pkpd55GoS0malVJFiAWAACkRGd4pvspLoztgWODKStd1BB7T0VDAkrXSimTfV4AGpwPrkAIkFsl97rqUUiINcly4FGYWRGBmBaf1mipCWzZQ7FnAtsECMaEJmwpKqJmXnEkYALmISAkBdQbxMJeDD6HRfsLtrLPPeMfbL4s/p9PZf/zTv15dXfvsNdedfsa+s886Q68/+tgTevLccwdvvuW2pVnN+r79c8vKZD4FosKBmxcpnrXRgxaD8G3btm3hOaD0xMUCLLU5KFFt184dj8NTBw4eOr4a2Lrled50Izv77DPPPfeshx9+7HPXXPeuK9966NARALj6qndtlD5EUzcqWN/n4yvJaKONNtpoo51sQ/uXA/rC3fpdN8Eywvf4PPcuXD/K/I+1PMd3jicon/F8PD/K824Okx/Px/OjO4djSw+L1+f3gyw7X0izJJ/N89ygnLCY/tjKY+JiG5Zn+NxgEKK5pxqEwKMrufZos1phoAtLAYxwcao3OhyiLu3nqMyAcGEeVUEvB1ZSnoDv6A+GmT9o7qRZrwflWZpsacltBhp6J9VLbt5wsFBKmOwnYxI4lGdQptMDEABECNDk0RA17J36UFm/ERCIyTYTNQ9VuMwirgEI21X34JM7fHERi9L2aeoKAUooB6rgoYirFxruZbH+JOhTQaxkJbIAs7kjU+o8ViIkd0CrJzsCERGb7pyCDyTKMsLW9zcHwWIEgyKPcIhGlBJESbDoZ48aa90xvk9qWfvi/JWwNodlfkkJsCFubBX85uHkobXNNNeH516keZ79uLmT9OhxRFcEhLmhtNSZNYAxmOvQFpPEBBEwDKyowKajg8YOFMmmuomMwCSllKkDhEWVRQEKQGa0iyI9gggyohASICCRsAU085kkUH2EIUCIhhApQNhCDhFXU1sHWYSLhyx0YMbiednbswR/S6mEzueShlxoYqGsDnGWUMIEFwiFADc15KUIBgVLMwFw4qAT4jy4IICTyxXSBK2S+Zaq796oh0q0sYPuoAhk3T5hwfUiWikGFGgdxCVEnPlrPEKdWZJUBFEJTiSSAFaItiHsQtgxm3bTNZn2JRfIvUyns37Wl5yn6+vTtdU8m4JI0qBlfe77jIRESfEglpKLRXac5VJYWJSuTaGKyewBKZVshN5yxpci6yOmYGpxJY25TfF+lZcqopKTEeRQQIwtbRgYEJCBgPWTtcLn4Cujdkp2rM87IYDqmkY5Pdqcc+RM/DnwLGDvcw7MUcIgy+n8jEUcQ/Q5il0kGgAAikI7CEBIiSAlTIm6lDTLlFCZZgkJUWIOt05ApKF2EUGEhTFRkoprCnnPRTB4J1FSHVJ9EVbgDdGgVqxzide6NHORaqUGXw1rYhtxtfcuN0QQGc6x4uAgAqII+EqIwsjeeOgk0rnJsMXerHV0aDtxERGjVyoiHfdQSuJXwH8BCBqvdheGBsa2NV3B48ppZmZOIqnKAISaNxG2Et+OqhIxcxFR2UPELgZIogQKkvsTu9QhYtclIpVVBmbOvahaad/3AJBS13XEwvr1IgCUWEQwJUymk66fmanrSCQrgKji6pgAWXIuOYPICiX/8BMi6roJdQkRMxcR0fxzzhrLcLTR5mzLlpXf+92P/Ml/+CsR+Yd//Pwf/+HH9Pq+vafqyVve/PqWJBfWdencoUTncdupp56yf/+ziPirH/ng0gSn7dtzQh7U2trq+uLF5547CADbt287yTUAAB+8+j3/6U//+uDBw//06S8BwOsuvnD37p0bJd6yZWV9fbpv3573vfeKxV8R4OUL/MjRRhtttNFG+zG16n2d97vipv5n+6f9cd0b53gsfvKjzHM8H89/nM8jBuF4HI/HdJRjSy/Hl8NCmiX5tDs4FvPc4Cmy+KtskOeS3IwjuFl5hs/1HSUCUFgA2RTk0LyXGNJkGnOqdbr5fnf9S52S6MQT8C38/qAoRMUyfIO+uabrNaw0J3B4ECrnZlCGqIE2zA/GboM57gj67w12hI7DVPZHi9YgOB0QgCyYj4Wz8nKogy6c1Lrsu3ihy2Sa511EkM39VohI3GlPHC5iRwiUp9OonjKL0ehUJo5IiLjRWGucg1jJeNZC+ovpy3HoJaLygLDQHJRqFaawrtImSlFnoyBiSj11nXrOC6N6LVl1/QiJSFiIuYIZCAmIAVGZghCRoBTyCBwD0UT2KjSh96tf3ShG5o13J3lDnYGB4eCt/BpG56u9E6MOW2S06Qner7WTgItDlHpXgLXt48NaYFDaDlx7ssbBa++JmI4bxGFyD/XyXwdpKr/V68CJxwDVP93cFRJ7PhIlXMCut1kQ2WPsFRGNO1UQFBfMAAUkCzBIURCRZCYahlAKYAEoAD1ARiiIBaGI9CiMyAgCBIImqgdGpPOCYh3GUUCTEHQU0Utde4J2XVFhXJZizmvt5OqEryCo0wcVoXErRQKlsA6o97BXFHtFq9CzIIrOnloIi0suzt+uc6SPOXtZ5zoOKZP+7jH3QKB23lebRiTHBX1iEVmI71pxYoLIvKXC2SN9e0RM09RZnVr1EkACmIBsQdwBsL3kyWwdZlOZzbjvy6yflVkufc59n/tpzn0pRRpKJ4OA6AJEAKhdSgHaPnMpAEAESbnEpFHcFDT1qc5j8lkFu2izCApr1EHHfVNKIDVkrFHoEgIAkZK9Qy3Zc7MxLzGvYh1A6NKvzg2LYeSjpV0sg4jGAXhpx9U4mOy4sUQYT3E8ylCngC+14opALmDqmwCgC7qOcpQI4JoQOsKuS11SepgDhIQpkYpREmHJWYMNWkg8/3elfhLomAspUaXc1U5D6LxdjEEDqKuDrZ5Nv4pZJ5bpOmUhIIsEpbci3SzMQjb+VHRUgmgb44Xb6hguDVpgjTCKDvWhg+gB58YLCpIz7XzQIwog23SCigVblGKxEWPDRXzozM3W/qsIsJiyrX0y1fi78S+hupMm5jMNbIyIKRGzoH9BqLpx3Cws+mqJkI1fC4TJGbFi+rGKOwqDsIPCqOGT+74vpZAqzHYT4IKIhASIKTGAJFNbBfF3t70YgMyMRRIhIJbMIsKl9H0v1MnKJJFuGULsUuo6MDlh2zflA+Sot7+M9pNku3btvPT1r/3Obd87cODQHXfee8nrXg0AO3ZsX1mZzGb9li0rr1wGj51AO/+8c+6770EiPP+8c1r1/hfVHnn0ide85oK5i88dOAgALzvz9JNcAwCwd88pF73mlXff8wOdcH7+56/cJPFZLzvjgQcfnky6k1Cw0UYbbbTRRntxbblX1o6bYxkv5NejT/NC0j/vcZN3H4/j8cU4ds2/CTH+RTyej+fPdy7Hlr7xHTdOiOe9dyGNLE8/n6dsVE4Bj3mzkP/8vdLk3ySUQVIJYK3mD3XvfVNO91yziEhh4YmGdRIAZgLzt6KoWmblSIXbRkdtOOAsgQasC01FJ7Jw4xOUQQmbanP0osJ7ULUZg6plnjoEIoxQYpFeVUYjMcT8ArFCekjE6uFGQ0qi8ubu8vUVI7ISDLJUiMggACnu2gVs+wiEtKEwIyajsWQwj56Kszk5o76FicsZX4BSSpASCCEjOxmlxQhpoZAASEhImJBY9UVFBBVz9E6gkIaBG+jsxWAwFN3DISKFKHGhlFQ5LfuDHLkUQaHiUQjNkc5KdKgRzcR5mcbdMN4jkIvj+Q/a80tRBo7WY5A8MOLPDboSVlTW6h0Ml8Fhp2utcuQCkvJGNz9wA7sSD4JWGkNlADBjZKtXvPDSnpu+pAAia/ez21yRrRWUnCvthm8yTFCZd1azVoeOcfEAsIxs2UtutEFT4VRRTQ0lCCAgxiBEFFClTekBFAjMgEU4g2SRDNAD9yIZhAELQAbIAD1KJmI0QLEgMAILWaQx8KifjvBwQGMu6WcV3vqp6w6DdmsAKUFW/1PJW5TmloAGnSyETRxClmLR7XzeGNwmCiVABWPjwVQnbp+Kg2VE1r8lUM0m1GLIRNb9hgHXOS4GuKRvgI87tJB+dmMNI2YPIJsfBVtVQ6WmOf8NldXno1ZAAKnTIik5DaUTmaCsIGwD2VbKpJ/CdD3PZtJPy/r6bDabAXPp82y2nvtZKVkJx2LzACFhYUEUJGC2GIxF+xMLMxKSQAKXWrU2c3FF528DEioaKBAMUhYBNs1nrnrbQIikkU0TUUqkJ2gjRsgruwp7AvuUGcsgWVs0vQcCxkVkkaIEU93z4UOsePTJQMLE0eboUsWKG7shTBGWBTXHABqL9UTrK4WZLCQjW/jARImw62gySZOuU5IfIGq7JjKYEBGhS0pND0kCFahEASRCQhs9IgColRbDkYg0PqfLT9sbes1DwqRLJPssF5tOtE8ys03tutAUw6vAAG9R4Vdbr8VErbVaS3E2oPcGm2N1JMcGHNMsLyKMJkYc46oyA33O0+cyIjI4B9nnFd1Aw6bIIM2cj74fYI7XDqowTv5FVImSSD5PI+ukC80X13BBAYDMTEgJMaXkmzNE9y8VH94JU40zygpGks5gNsJ8RSYdy6UwooYtRERmAyzBvkw0ZqG9vD4dkSiRcnbjy9ZJ18BFQDgRE1I/nSEBs/R9LsiCtLKSKCm8TOKbtYyXbloNIzw42ob2vvde8d3b72bmL1x7vQKEipM99PCj3/jmt9/+tssmk+7Fe/qrXvlT137xhlL4a9ff8q53vvXFe1Br37z5O++88q0666p969t3qDLnueeerVdOWg2ovf/9V95z7/0i8pY3v37bprqs559/zgMPPvz440898ugTLz/7zBe7YKONNtpoo432Ilqzl77x8UL1ZIL/NTyPvbZL/cyb33t85y9GnuP5eH6Sz7v4F7gOu/F8PD9Z53KC0pyo9MdanmN5lrEN1T9GACLIgMnclu5QR1DFyCJOzxgaRiigFj4MFMQ8uUYSG1AA1Rq8UEtmwAmG23EOGnQMAIYJaiwiGNC/DONEUG5iiD/6U7DNXxzTqzk30NecxaPVyOL9NImrf9U4BaEWaG/AIiRNGoidyOr9tfoVYcPs9DWxlOwxCMOzVjHCOYCwOizVl2eCiqZJF6/gYne1cmBOFRYC0gKNi5SEQ4kuaom8ZAmrAqoe2byZ1VervmEPqoQhT4qCQXaq/QoXnK3mUp1vi0XwzOkfStRZ6MVtsgYoi4tKFGH1TNfCzwMzQbZrIw4uLU+4fRUgNG07FB8mNXfnpQ2Bo1paWXz3uYd6qbwjiCGC4C7dNojm4K5oc9WWFRPdFC4awAsMIHSOIAhAFiksBSUDZJGMWEAycJYy68sa8wykIBZERigAiib25CRCBR1RVWYRhRTMN8SCRcoQRTOSEg4qzPix9lbaVoIAmKEYFxKKC+wKoIXMUsKgc74MTRLgpvcosIq6lcAHqVc3RJQtMAoNoEQ1G2wE7RYEL6AntFiBbU+pd9nEpEfyQKcD3uo8h1VHBiAo/oeqCxw5u8AoACKJiiiqJqDxpZ0wrcKboHxl0FbQWVZUJhATwgRkBWUFOPUzWF/r11b7fio5c8ksmXPuZ7P12fr6bDYtfV9yzn0GAEJSFiqgNkQuzIWlGE3NVAoVqBcuzILAKk4YU59AWToJGHhvmIM4IERImAiJMEESEX9N3ynCutwEVi8eoTAxiDD70BUEIb1Ztymo5m6ErbOu4FtmQNgEejmW2aC6suVrw852qyiahRXw1vctzLmYnq5xD2PhU1ohiiDoJDxJSTHBycTAwYgyiAAEEgKVIuLC1TZXl1JKKUQm+hybV2oc3NoEQCoP6mMylsFmSuGEyVYosNEUNWCrmKCzgY3PZziyI/VEuj2D0T5KKtfZ/rXu3UB8UMdWVxHmophxUIOdSNeE8mt0gGqfchleibqqo8znojYfC2G6oN4M1v7MhWvw3cbqDiGiEAxQifGUkgcarOu+LpoKy0XDAUDqOjSIugBAQkKBUmA2W9O7uq7LOau6+GQyYWaNDTqZTEoppj7adSmlruu6rqtNj8SF+750k7TSdSIym82YCyJ1XSesUsoaOBP6Pvd93/c5JUTElZUVLqCgIGIiosKsgz22sTFz13VMNKqMnjTzXhTxMk+M6eB9MTh2KyuTd7z9shtuvHV9ffqNb377bW99IwBcccWbH/7vn8q5/Mc//etf+8gHzzzzNE18770PfPkrNz134NDv/96vnRDxzz17TnnZy05//PGnbvr6P+ec3/Put+s7rq6uXffVb95+x90XXPCKj3z46hf+oNZE5M/+/G8++pv/ZteuHaXwXXd9/5rPf02FQy953YWa5qTVgNqO7dt++7c+/Mgjj7/5TT+9ecqf/umLbrjx1tms/29//Q8fvPo9gek++eTTX/ryjT986NGfe9/PvOmyS05UwUYbbbTRRhvtRTRDK9AcdI2vdf7XOKJ7B6o/FpfcO58nCgzP0dMMjrCsPDjIc84njIv34lH4kBfSLMlnPB/PT/B5F5j8eByPx3KEY0svx5fDQpol+SxLL8/3FFn8dfHe4VGWpV9anvmU9YkWGShIErGyNAJXfmuFPVB8tVmwAPPM1+YXoUm8OZyzmKwBhKrzseVmYevJWyySrcZYKwmqx2+A80UA4Qb0ipPWl+f0nypKZh5a4RbW8mIP3lHc8em/SMB15nwM7EHAvaIeR6wBKxUj9FuqvB23GKFzaZBImIQsfw71tvpFEqwJQ6wcQXIKoyNoiAhIICCkEmYB9mFCEiIhEiUTWiEQCIiolBI1Ccb6GpBn1XGpLnt3oLuWHw17wtDv2tJMl3Yel+SD5V2tQqH2sRNAtEvUOo9PDADwJndHPw9qsQGprRYxBgwC1Dr3b7dA5htAyXi0gd8FQ60ZDkvfZiFNUBsbbEonhgYjjKFa6XcSPdR7jXVORQcZxBiEChaKFJHs0QeNIyjsGKFk0P+AARiwCPQCPUJvIQwlIzCq418RDqt3ZIU2DRGRmJMqgztCPzqvL/AZCORHsBj2B4wogMIaFg6KR94MP7UHWkS/2LQIG/3SZ8hBJ9L//IENkBwh0KwDYN2CYCObQsEyJhSKoHss8YcAYVAJ/X4JMLR9osmVGjxssKmV2LlX6NM5RvBEi3jnBF8UQY0lZ31C2KUrSYAQJogTwgnCyizjbJan63k6zXnKJXMpXHKezWaz2SznXErWCYmV09QR+uTKLBq5jFlRSCWUScxDWjcaVM/47RYQryjHDKH5P5/snQgbW0IwUZdSl1IiAWYmr4o2kBv6P6wC+CFKYIHhDEVGECEXSjV6bQEUUQVSUrZd8eiWxoH1hdYAQq7R7UT7TIjdsigMjaxDDQAQCkMpko3IJ+zIdPTDUjKZcCphIuq6btJ1XZpMJimljlIXQWRBKglTa5JIypLdOeJ0dnLgKmBF9hW/XcJi4h9uuxhGXNTpCCmw/fg0gboHaLD0u36muPQ4+toEEjLXzcyv9ZpQ0TEsrgY897EQ+GJVOq2LuFdCHVODjxynWNdbAroupbQ7RXzZtsi+c9tiIk0AhNHx2gVOh0NCZJbCrA1hACpL6joWYOZSCkwwJRKRnAsApAQAwCVrd4sIyh78N7HVImr8P9/zVPeg5JxFBJEgUeoSZQIBxY/r3iaRnIvmqXCmfsqsbNmSkuuLl5ons3L7bV7TgeIvq0FJRzsZtnXLZHVturq6vnPnthOY7erqumZ+AvMM+5kr3nzzLbfNZv0NN96qAOH5553zkV+5+u8++dnDh4/850/8bUq0srIync7iA7tLJ6xH/c5vffgTf/nJJ57Yf/Mtt918y21btqyIyGzW66+0kTK823HQY3ds3/bsswf+73//l12XgjCNiB/76C/t2LFd05zMGlA7+6wzzj7rjKMp/Md//zf+7M//Zjbr/+lTX/zUp7+0deuWvu91dgKAE16w0UYbbbTRRnuxLP7JgvN+WtjUk/xCfo0jHovH+yjzHI/j8cf5GAzC8Tgej+koJyWHY33KYvrNc5AXUJ6jz9lj1kLrB3S8ra5+uAE1adM/683mmWZZ8s/h1os3j+0NoJZB+tZ7K41fchOkBNAdio6GCdR6AfQCIFRtTXQlueDhBWGi8SATKbfG3b3uGFW3Wuv1a0BErejKemDgFiB0poVUcEhE0CMVNeVRTyI1cSPb+gE2TFExP6NFiAiHbOkCswEGftK2I6jKnLp3WV+tFATzjg/AVK1VcRXXWonIYFwHgwAHIZYHz2ph1xpCsuXDAQRDbJDMX2EJr254+5J3rzHBsGHvNQhlu0Uq+pHU1M1AkEGLAxgbt/EvQ6tH2jYfGg4oUruKPh5A5hp6ExskqMRb5dHqU13o1yrR0eG4twUIASJsmihPykRbi0gRMeaf+J8KGaIJ7RaTGzUcMQsXQUbMhiBChRIRGUXI8Vm2uGVK/fL2sb7bKicr36jBRAWaXmPVBy6brOieCHJgMKwR79oaBqd/xTOcOcTSdhWJvQYDq4y0uhEBE6IEjgcYkqGWAIM4q1CR7QAAEGASRO9EgE4urOKI808OcpM4tC02u4FYDgKEkRgAMOksKODqrhpRDoxXp6qchMBSEBMhAZIUIkUHcQKS6W5z/gAAIABJREFUct9P1/vZtJQsJZfc55xLzrnvZ7lkhZN0NlXNE61FsuhrMQNxc8LRA3HhXSuuD8I667TtIdH0StVSNdGkpKhEBCFR61UUqD+RNS9zLB5We+DTp4AAsxDp6FCzqkVA5QVyMXoXoE8dhj2Kjxl9T7C3jY4nLiWKzKC61SrhWFgKs4OLwhZREyJYZ5coIVFKig1OJpPJpOu6LiElUmi0UrSJEILrZpqZGAuZT6TGgMcB005ivtUq025cShFmsCb2CVCXKp3QGr3MwPmszn24kf5RV5Q6t7f7jSp8j4MZe1A29MaqOTR7Npr+pMO7/fSpE6mP9znObujLzk3O7WLaLpGJUlAA2wW9BVmHfXvuOydy47byA1JNlbxYEEEFkxFVG1YvVlMMr+n5+oVTFNpsV1Lr26BLJa+sbEmpUwRWYXnFCLlIKSxSgyUrsVYJiAJASKlDXUmiy8X2BL2S7NsJN4y/O9qJtt27d6yuTZ999tCJBQifffaQZn58t+/Yse3QoSNnnL5v6a9EdNX73/lPn/pi32f9sFTxz1//1Q/dcNOtTzyxfzbr19bWNeVrXn3Be9/zjt27d+q9p+3b88QT+/fsPXUuz9P27Xn66Wf3LVzft/fU5547uO+0yr0jot/97V+55gtfe+CBhw8ePDydzvT6rl073nnlW1//0xfpn6eeeornPMgzaHx79pyyeB0RTz11tz3ar3z847957RdvuPPOexVUI6Izztj3zivfetbLBvjcUdbA3n17nnn2wN5982+6ke3de+rDDz82V9oNE+85BQBSoq6rsN/u3Tv/19/79S9ce/0jjz6xurqmBdPwhD/3vivOOeesoyzJaKONNtpoo73ENmAQDjyu87/GMZTbYNN7l12fy2cZg/Ao8lxWnhPggT9R+YzH8bjxEa/++LdeygE/2r9UO8YNmbJ4ejQ5LKSR5T/N57lBMgjujiz+OnevzBdZ5vJdcjFSNvBFm60AwFWvv5tzFsldSkqLS6rpxwgAlKiUHMihc/egurdEhCWlpP8+V9dSUAzYgQWg6iNrXWZzfqhAxeaqWXECJRBQUuaKeb4QXGos8m/FMpUf06A4qjPp7AAvjFO+BBtvvTtDRSClpME/XDRJt7eHIxLQWE2KNBTmcHPrjn4OVkEJpEPdd7IALllQKgsNCBaJzeIILpIa0Qk1UZMaHwjRHLtzzAYNJjcH08ZPUYtDEgmbSxIEEVV5DInEYpxZ4gRIrSFZ6EEEQKOeJP8xSD8Bc9bXmZcYNW3QAN6EFwCZoVN4kVG6SOIc/NoAhFFRQzqRPWYIotvDl12EaBcDCNFFbesYmkd2MXAfdnRQ4rkkQWUZkucWnrzwhlUOUzl57b1itLHG3SwiKB7pzQAMVeIsKjEqUkhYJIsUAUZTGS0ivUgv3COYvqhwAehBpijrwlORHiSLFMQMmAkyQMHgGoIQCaEYPEUa+MzxG4MBnG8pJhmp78aDCq31WxsILf6Za4darDLFYCSGorUIOk/Vdg+IE7ugxF6K2vXBtwg4CdlaHCvIhpg6bzvAGDgIpNRlUrldLz8KocUDEzAhxOiF8Z9EMMIAmBFUg7R2sqgMc7ijU4R9mIvK+pIC+Yaw6VLgYRqLSKJESXULmfxXLki4hXALykrO6bln144cms3WmZnyNM+mue/7Ukru+8y5lJzzLGEqhafrUy4ldR0A5lwAMTuYxlKUBZVzUbQJARPhpLOZQkTI1TAtqCrI3MIUEHwILGtAvknXGY+OCFhKzgEfRuBY1TS1KZo5ArEZiscaRZC1Bgm182TTea7wE5TgB9pY09Y0XhULQOCHAgJcCgdAqIiMAtjMUJSKGDEAhVmAC5dSSuYIZkoIXZdWVla2rky2bpls3bJ1y5ZuZaWbdJOuSwmAELuOCEm7ocqQCkgpJec+prGGYQbNqiEWohCC/mVGiF3X6RaQ2WwmkQOI4U5KMjPmXHwOgIjEwppzNq7k/8/euy5dkmRXQmtvjzjny6yqbnVPD6OLgURrDIQxDBgMvAGvwZvxJvAfBjA0Axg92JgGTDY3qdWl7rplfid8L37si3vEOV9WVnXdNIrdZdHxxfHw8PBr5F6+1iZY9DLQyK1vvfdu3QyuXGpk7z2Yv8cZTHJGt2w6B2WLO0hAfTXL1nJgmWTPJWggZwzF1ri7NvS0poiWcrFdrbWsELVZarsAwt67Tfy/+Ci4W5HrbKzsTdsSOfjemtaahfSuN0Hben/z5k3KjWLrPToe7XbbvClF9XK5NFWP9ehCo8vSROR2u3lP0Ky32KVBQkCjaPvgg9dv3nzh9MHWWjePgyjWuW3dv3a0tcu6ujr3sizPz88kW2ttwH6M7VAFEPYOkaUtok4tlf/+f/jHD1a3075p+5f/8pf/x//1L376k4/+m//6T77BbP/x//KLX338yX/2n/6Hf/AHP/sat/dun3762Y9//NE70nzyyaeqWhS62T799PNPPv30ow8//PDDB79+/PGvH8Jdf/nLX/3dn/30/a/7YP/lX31M489+9tM5RqDbF2/egnz16ulw/bPPPofIB6+PiOynn37ems7pP/30c1V5/fqV18kvf/krUfm7P/vpO3RT6savUQMv2cd//euf/M77pv/008+XpT29EJjw+fn2V7/6+Hq9/vSrFOC000477bTTfgj23/53/yMwdgLHeV2S3ZU55XFLrxzu3R0eZLLL4vANcH/5RZ/Vg7tfuPQwjRwvfCX7yjecdtoyDaHgZxQ59rx+Xj+vfzPX/QoBgUYAKu5lrMThqUm6EjpwGxycWbvN7JONIuy1tr7SpCAa7kWmnJfEHwhUzmzk68Q0gUySjAUlRtDEfMmg8+w0zcKvXwKeImpGEQ2YTkZMuIn6UDpgHiRJADOTQAvovJwEEsun6U+2DAOZ7CRkjKt4fw+eJWICDfXXCNKXQc6q/rNdVeGRgIRJuNDUsXP80mak9h4gnMA5TP7KQZUIGUgCOiRnKUi+Asv5lwhq5GuZkYTvUYsKOXCywjTuewo1W29/ed8JX+LYHRJU9sJJFfTwk2deZCORQ9aBIk/kjvt8PJBf9LEpzM9Ons57tXO8Eh0cCcAiTnJiUJaD9fDWcqyEAtNSdbZ2FSQLZtqGILvuF8KdHTTAQBOaWRcaYIIkFLoqpw32K5yRwy40T0w642kT6SLd0MUlSWFk9zht9BiEKrCctjRnnsRIkw6JqfdOVcoa2QNfdWw0w8CxBxWwILexSSB1JMESXMZgyJZ/OyIEHqe1JOghke5gd6no4uWs0H/RDC7dKULRaasIKc1jByIgv8jYPKZehAbM3VUDjHbZQ0zNhyQ3t7ysIjqh0pJajyKxK8FvVPrTHTyUptpEFWaBHZqQIrICy9bli8+fv/j8+c0Xz7dngu32vN2227bdzMysW+8+87hatc98mnsrjCbq7Uz2wtADcJXqqhpbRWpWUYVAAstVFtsw+ntO5k1ba7o29dhsLaLjeccLbpa5GOPSSruSIb4NoG/bpmixmcAIl3r1rm9bYDwqFS0PPlRy/0jg084xNJjBSHTrkV8gYvRgicZu8OcY2Tu62dbtZj3C5zm5sJujZl45rcllba216+Xy9Orp6elyXS/rpa1ru6xraypmsYzldFBcVKiijaC4vVvvvbXmMo8eDc6rEqmDHeEJXWrWYbCa/7JZVWKjCHJpyMGCHMe+bKkIVFtSKAsXi2mkyOmirkGcy0oCeGPNZK0jWhqVdNR74ttHYcTFAHPBstqscwfUTTN2bbjxCM1m/plEZ+zJUZlW57XJocFpLbZQBL0TKvCUMwfReheBUgt6bE1Behvkqo2msi5LbC4StKaMEWgku3/SGd8+367XKyhG3LZ+WZeSU1Zd8sNmoVm/GYB1Xaon3243M4gEH/f5+dnM/JxE77ZtG1x9NK50j2soIm/evHVKq2qqo+fEpYsGKVdEkOFyT/v27fd//+/8s//nz3/18Sf/9i8+/nv/3jcTo+7f/sXHv/r4k8u6/P7vP6YAfqm1pu9GBwF89NGHL/304YevHwJjbi9hYy+hgC9dDzLfCzRHAK9eAMkegppe7HdcaU0rsuCX2tergRfTvzc6+PAtZrtc1gPx8bTTTjvttNP+xljuXpeK+ccd2jd4dRXoKPyuUr7Z2F6M0nUDkNlJ+W+Fc/qJDLjP3zc5hi9uTg9U+l05S1zumP+X+JPleP1BPnhnPvID8oef1/+GXF8mKtTwcHJyZp7Xz+uPrvO3zgfvkR5fMf9Mz5fKyZfzLy/ZC/nzhfSZ5z7/u/oJvz9U1SagiCJMgCeU+iRndDwG9g7ghBSZzv34DgKBd2jTjrQ0Zbd/kKAi7T3MYaBN6ZRkxgAbkcnmorJedBQ7zgcnaLYRUvEe3SzqWymbVfpdnXhaSBJ/AnYZ/s3AoFJ0aw5bKKOLhGdQIIIK/HN4kD4q5wzszVVSr79nMBxetngkx8qXmrmn60WwcPoIg48WjJ4AF/dNWVGR6jx7UZYTjliPTI7d5q5XvM+vUfapIQ6wt9Rrj7KMdp8T33e2OcGuNYwFRr3UEIUiV0EHffCF93rHu9cPcpfybvKLtsS+HwboR0oK5EpNEOWfHwOa/gaSupxZdkejtEFFzIeChFie1Wdp1I2RGi2TacFIsyt9lH3X4xNQwOhFg0U5vs2RAcIjlbeqBsE2ukfoCkY0v9xFgJwW80NGVTiN6uQhI0eUirT6XC8EfpQmxD11LiCp+QrC8SwZMQhrRiE9xCHHm0xP8tdxTWC4NnJEGcyCxouxBgME0jzwIUQZZLkmoiKmoqBSVJus7RW5bGZv3/S+0Tp653a73d4+OweQ5Lbdtu7SmAYR2hh5KtCliWuJTtHR5iFW01DhJWTyw0QhvssFIrBA23inT5hkS9IjwCY84RCgczeZBEX07qENxzJhRkPRyhLJT91ah8fz8fTVxLLjC9gzZKDRrDutPMiwId2b8JSzWnvw4wLP3rrdzDrNmXOBHnVziVJnZjdt67per9enp+urp6en62VdW2uytOZMXFUPKekT6jRenLOrARA6pWzeLFKB67IOg6BXLPYY+Xmxtk04wwzJ6nd8F7lK5txvSfekqpgl7zJIeF5cc7J57LYZS2ZQ85NxKCDm7S9TVD/RVNr01nRG37xYk74PKmtlrqGJpF7XQ+I1AT/UnoD95pudirgLBCRWOi+7Mwk+7uodrleQgLmjiUnd05D7Tu55lURyLxGAJtJJY3fw1Rwsdaiyx9ac1lpT9bzNOEcfNNKsk3C1QH9W793bxZwGa/Rh7RCpql6v17Ys2hoAJ30Csm1G3tQfplLztuaqFxutvGlqU8hp376JyM9//nu/+Gd//otf/Pnv/PjD628dNfDt29svfvHnAH7+89/7qjsCTzvttNNOO+200364xjn+zc6/GhDYC/7hl84nN96X+5nlhesP0+PlfM7r5/W/KdcrBqEnOc/P8+/snN9Qmm8q/Vctz1d5Vu49AdC0mWrvM8wWa8pA2jD21M+rYznPCyMZkAniMeFzr4vjxhAwRIROugtGmL7hA/QS3tfhJuac/JENZiQ555HXUyEwSXMaO3B28ZDKHV8lkcI8Ju6ie/oqfpI/V7PSp1qYcZyUFT3QF+IxkBT6S0YToEGHyprMlJJEhLk28sGYcNYjffC+DievZZWkQNhdgrv6ztfRxIUKyWCCERj8qRFSasq9enOhjNGlZkxoKupL6ODAqw4JBuyXPbxIKOXFnvrWLscJtBiOXadO7itkDuKVXSJbfwfWjaLlaEoAS0ZWx3reQ+wPEcrRIEjkCDMEeJ/5/jo47i9olnf5TqXBfAsqoKZXL+ARQVnMJQmactR6/YAJfBvlKnz/+IIBeWEMoHzVnGw4jYIazINCGUefAtUhCIkPcXEUKibPROfm0nm0Nc0cOcN3+TI6R+bcI18DYN/BWgRNB8aIwgin6IN1BdxJlYxQggCDtJo1kLMZ2n5DRG7NSMTTVY2BYp0ppDnLUGQRaYAKWtOn7Ybb89vnt9Y3msE2227btt361mlmtG3r3bpvOHGIRhRi0ePXpZHYrI91x4AxTcRi4YCQYx8TqAlNrU9VxbYZTApi8BeO1mKFUxUxqsJAdgIwVnMQZobuZEdQSnDYpsi9OVloTKEWetHmOCAAj5sJllC0ooRte6cDfDkBsoeG71DV3LpTvkBXbuz9ZkZFN+tb733rW3fFTg8Nua7r9bI+PT29evXq6enpel0vl7U1aQp1cWpSICqDkJdoqMUoCdrWbt9DAqgx9p1W6KEKOfXmOaUUkDiYhYj4qgF0cboxpEQZ7SMTs87jgjrXfH4cx1STMw5Z60jE202m9zzPOpQ+ovd5c84MvyMLfBrjczIA3Qxkd73QIZWJfO2Y3hy09lh9qk0AqwDAMdBChZvTNDuUaafJwNvBf9KpjTIismSnQsh6Z4WR4gE3JT60kqRo3dfmpg2i27bdbpuK5v7g6Om5EvmXnEAcFxQz27abqsSeYkrPCITLsmjT221zcmRSUQXA0tSMz8+3AAVl19/gDO7aYHTad2V/9Ie/+8u/+s0vf/nrP/0n//y/+M///m+DEb59e/vTf/LPv3jz9mc/+/Ef/eHvfqPFPO2000477bTTTvteLf414p6Dna/1+Gsd41+QuR0aIrlJeXfvMU8h9ue58XefPx6VR3Z5HnzCcn+vvIcP+S7Ng3zO8/P8Gz5fylV5Hs/jVznyq6Xn18vhLs3I52G/zfR8KQfu8+HL9/J4Fx+l55emnJ9I9930rjJULiVginKaA4/gwShcCYvd75ov/LA2zsv+ZqQoJvZ4SabbITHTHvwjDlLkM0yuTORdHAyUw6/hxC/EIL2ZOtzPkaQVU+ceDyuosv4EUjYwrjA8z+y76iugNGvEa6joAglhupZggZoQqMecMkIyFNaosakhsk5GwVTVsbsZ1DyAZzugd6I4oCCOiWL4GJedGGUD50UFfMpKry+dcpaO/5LDVV0tG/2+tIdGj3tHZ6gcxlEC64r6j0y8AVwwjtOz90BoZb1DAl8A56ZbZX4LqU45dcg9Ajqednjxh/TQ+/N9i3Cq5+nyQPGO6QcW6HKQyR4s9DInl3KyTxghU+wvoUEahCIuTMv8vBXXK60eRZkgsIKr/Gs0vovnObe+suujGIMRWEXzecrmaQ0QhVj1QEFEcYuHCNXiEQFnikue1lMTuOPURsEsqxau7U4O8wz0c+YO5vaJqKm2h+0lINUomz9XGbiY2DR6JAH3mE4j1mqRogbdMOSi0WqKqzrP7Qy+L0OhieaKEgI0evBHuYgsAlUsgnV7vr35fLu9te3GfrO+mTnAFTBPN+uOsLGQkNh5QADLsogIttgGoSoWhaCUSjMSF/ImUhV11mZQA13Kkq15S6hqy2ESIfAIs9AUVVVAhWJOXBSKhmprUP0KoclJgxHysYZZLwiFcJ6VbR4PEAnHBgHLV1RzvVZL8M9ib4LQ0Du3hJoIGG3bQvabfsvWN9uo0tOsdwWaamvtcllfXa+vnq6vn169fv3q6bquq2M0cE65BwQedFSprunw5pj2hZz23+wCDfqqHpqZgzEc9ZMsOrTWcgXIWZEQhkJ3fGTk14XT0XJyQtDg5s0fd0+HeRzGXrrPsbKw0G4hg9NWXDhABDrGRi6yBcjNm0PGPgjWoIrLNtHKi+YYmSSZT4mkW0aqqN7YaYTkqiYZuNLRnPLYrTMw1Qi0WWWIJ6o6s88FurOmKGOkR5EdPnQ51C3X7jkgsaqKeh+z3k2aJL0ylOfnj4ecQukN9/btW1VdltUbfds2FyM20rb+xRdf3Labql7Wy+VyWRZXLsXz89vbbfOB3/T4BVE96h1L6mnfhv3Df/Dz//V/+2cf//Wn/9P//H//yZ/8+19Pa/Tf/sXHv/jFn3/x5u2PPnr9D//Bz7+FYp522mmnnXbaaad9f1ZoRf4TdfiLpvP742/zax3lPdJ81TzP43n8IR8zBmF1//N4Hs/jt3l0ETBV9Uh+7vUr75WqzmEI3WaArQQ2EZeGB5WzK39PdZolQwesKDjcW/DVvMG/qEAyKVPtvOoMzlncNeIRplDj2Oyvqjq7R1U1NOtEwqMpO1zwHjm7L2H5WlMya9RgwSiRGxBEmvz1yOETocCK0CSYcpZ07RYCMEpWpwGRQg6qfVXP5fOd0L4j7OcVOByd09vd41VTkiNmrBrxk0DqpByb4R5H+l1RuYuqtqufXYeceqbs/IwPQcyIJsih7TYjmtUcB0bg/Lj7DA9Q8Qvg5Vz+kfi9cL6pYA9Jky+TCJnvu5dRRdbS1OgsCHACEElClBkXikyZ/HqE/5cYoeRwAyEUFQWUVFK9H6mqSBN0lQjtlqqe2Xkdk5RS4ocYJujZ4UKBC+exPiRGaWIoCAzo5iBQIXNVe5G9dWf8aE1JKbgpNKTnP0RVw8cvSfAV1CB3NhYEoBgHA5cpfIhAaqrqYnYSeAQxd/fXMBZAnX8WJZeIPhjhCRGTZ7GKY2oXp2TKAPxEIRoVqiJo0/4NT+LoYNAlFVLbK4wQbc4gBCh6FTSYGFvf5LPPnj/5zRdv3mxv3mzPb2+3522IiLL33h17t32/dWQlBAdFmmr3mG0xz0z1GaqMipxGWmtNRYRm5gwpbc3/higELmQouy0O1rtlD20RcjHAcdcPJRISs5zPKwgh4QihCAk6LGT1r0IHFeNNUSi3OgvOe6uhG9nNzNg7jVBVgRjZu922zYJkic2YvDQRkd6x9X7r29a3bltAjgRUl6br0p6ul1dP1w9evXr9+unV02VpbV10XYK53sS1+4O9O/YoiLjUJHMvTkKPZqGEGYKTpek6z4FmZkrxz4aCqUqq1EMlTnrRIxqfGTXlRkf1xeQUDepKs2MaTxxW6PBgCJBKxD7UnRr0yLYAzmLsxkBmgH8cNi8gRVKsgTc+MKKHTKEE57l3p9ct0ZVcxjO3N9G5mPNKWUEHW2tVIAfOs84Cc0y6Hj0wZE3sAohqExVRo7GH/mq2C81s23ottb4WBx9R1UmpZtYBlzD1i9a7AK2pBxFsTSFyu23+q58sy1qvcFkuEPGyBXdQ9O3zWzPzkJC0/uaLL8xsWZZ1XenDMuMQ+xu11sysMjntu7HLZflH/9V//E//zz/75S9//b//6T//6U8++r3f/elPfvLR69dP02B9YGb8/PM3H3/8yb/+N7/61cefAPjZz378D//Bzy+X5Tss/mmnnXbaaaeddtp3YPHP/PqriHu5BXK+sv91+GBfTgk8Tr/z4h4QkxH054X0D+96lMO7ju+T5tvO4Tz+rTuOGITn8Tx+lSO/kxzekeZhv71Pz3fexfdLyXemf3fK46/Lspj11paOW8oqsth+Edcn8ACUE62AJACTE2pHOEjpRdYmeU6KZLs0pIecITDfPsNvO4huj8Fg8lruYMm0ARxOyFPBbwdo0H2OE1gCmb2qU/EORS2ZscQBd6kJiDRVmG1ePM8hODY0AVq6UGc902AthLKhEtJpNIaQmUAHOyhFzbyqRxW72hmycFHEIlCKaqjGuWse/qioI8K5CjO+SJjDPrpHlfzbI6NXecWZuUyfyL5mvefsG0imNhrX6wvqJWLBwBxY3z/VKcLZO4PDmUFkXJ3HTPZZxlvLrmcWcDj3vXsW6QEU32U4kz6zm82gyIMy7F/0ZXD0eC75AepBzoQBbI0iRdP5z85CYYDSMRkUXOK+6kAMjTVimSwa57AoKEOiNXzxCipMGP5/IQVBTFTXlaPB6YWqQauzifUToP4UotT/JOgyd3NN0qbtfQy4f5DsPGQcB+VWRRAhAoNjJ2NbgVA9nKIkJKQYuoc7imM2Yn6hT/xocVTPi8MRADBFbl1wVUast9B4FhfRhIbEaPEIZbxR9alkPCXolwETHZBRijofMbOdwq5KUbyjBjJ2aBF5m5kAclmvfTOFqizW0Tfcnu3t2/783N++eX5++2xb9+0LSR40h9S6hzeznWphAjYRXK30J0Wd9WSugak6JEMzuJ2K1yXFpTP7bWPwgiU1m5mcyOq7AfltRhWlDJFJR7SDnxarVby6Tym0zQdBrZIDM2MAVw5jAa56axFEkGJGqBj55u1NtfVufTNClnWxbtvWDbxtwYoz42adgQNK77b1frvdbtubWDuIdWmvrk8fvH71waun169ev3719HS9Pl3XddHrdV2ak3PRmqoIrWuyS1WG/KrRgAqbCIJOYxRtKaxt2XVj3Z9FR816rXnz2hqkuoTT5nU85xQ45TCCKWbPs+SseQS+CAaqStDj4zURmIGxPuWsqYnexvBzDlz1loDyp2nRV8WKYFg/RGkxTe9JKa8PoZqTfftUbdOpJ/ZO77Exk+b833unWWVeD56LWnue6s8pAKRPqlbRIkff9nHSOxQi1rtZqumSrbXmkxnNdAliLcmWrUyygyKtNW2DREkz8/iVquKard0MYGut981RvWW5tLaqqllvrW3dH2oRPJEKyNKW4Ib23rdNtTnFNbYZqWpm6yh1FPgYRvS0b90ul+Uf/Zf/0f/7//2bP/uzf/2rjz9xtO+r5bAuP//5753Koqeddtppp5122r+jtldeOniA5b39zy+lfP8cvtl7z+N5/EEeHzMIAxE4r5/Xz+vf9HX3w6qqdSWsdMPKhyVFTkuqzR6Agk3sgZlXV1cilqEe4I+9cWzEOf5yB4rM8piYfHYv5j05MWfo0S9p0ddUdxjWePN9PneUshkuSm7iRCYb8FIEywIGjOqvPr+UZ6rlxhuVIwU/dlIVoIqjF+lo95YpWMtz2Hs8Xa10h+MGBSGZl1nWHZ+ryAtRYifF7Ov5gK4VIlv7mQ7oYAQvqmos4tqEAe+aPpXt7pt7IpoMAbcJN7Q9/SWWnAwOicC2dyq4OwYh76DoiVhz7HiHnrlr3D3gt+sFqLc/9uqZSrtrtQkXv8twXzNSoAbgCrMMLTgeAO28mOvAAAAgAElEQVRSKx4AYUAV8ZwppiAdHIOYYQB5IS/q1RrxM3tGYLOpDYPzhvEWMkVIC2TCI+gx0+062zyyBvQ7dZMJUJQi7Uk1yQhHGCiwkENUc9qOp8zYZhFJAJFbCoc6QjGK5o2sTJYtAsCnE9VkRDAFqzzKyGUKDUiBqKOmgfUzAMKgT6UUq6uBxt/qzVTQo8tMNsOYJUBlQozzRhJBBYlUcA6Z0BJ/X806pKksBN588ebNF7ebo4PPt9tts61PnLMENqb+5DCVDhlnJNYcgEiAq9NmDp3iqj0ccUiVy2rxPXae7DWaiFD8MbFyFQbDZPjVFpLaaknChR9nm4cpiWRHwzxWXOCF2SFBM3u+bdq4bbZtXUS3bkkrtNt2c/i9u/Jp98CERezbrPfWoCKttVfXy48/+uBHH330wetX1/Vyvazr0pamTbEomgo7BVhERBzXib6io853Q6omdBmbZgo0rsB+Y4Hw/SmHtqiArMz6nKev0RZw+cpeYfMKDMvHJUcQvn0gG8+MxgLJGZsPpl0DqB0vY73yeSo6t6RQN5Dg37FHSW6QQWBdg4B9mNWnVXfs+Jk6Rn5qkcH5s+C/3oeM3d8+7x+y+wVlTPvTQlDbs8wMmd4/z3z/h9GWCXiTgIrV6YweObGFHGnvtgEQUW0jZmHWgTihcF3Wdb2oKC2EEqwHBt+aLktzTd38r29b79t2WS8zQCgisoBmvqHIKcVGuxvlp31H9kd/+Lt/+B/8vX/1r/7qL3/569/85rM3b2/zzr97U9Wn6/qjH33wd3/249///b/z6PPmtNNOO+2000477d8N2zEIZTgvdrzAye+6YxDm9ZFy8s0+YBCO9Dsvruz9uoNB+EL6Qznv/cMP0x/8xvJb+5/lK6Y/r5/XX2AQ8gVE8bx+Xs8jf+t8+B7p+XI+D/vtffpDOflyer6cP9+Zno/y50v5uIco+HMDBuCBNVV8sHuUbgYU59Tl8hv43J5tdgx8NoGOOxAOHHdO7z2Rc1ArKXDMxOtlX7iS6ixkUJNHNEIqluf94O8ol998JQEI5xWNOkE5Xvfv6s0R0KDrjGa1zC+Zr6rT8yZmBiCt+U/3Thlm5xkxutyTGFEMs7ZmSbSqnn0BHgVZHFYtuwMCJxvtPhrnMVAWT0n/5lzpxfKpXpd1xUA4EhPKmhyd3mBzf2M6xmfNwwNAyKy7ACp0V8LZnT33hMGF2XW3OVPsqSwA9z3jEV11jOAd5jF6lXNcHvWBzCppIfniuQwjaVDlSR+TAxN3IeESmhIkz5QmFRcQzdCEyFpOxNdd1BQaexf20G40kh3oQIeYwEQMNA91CIWJiEaRB5jBpDFX40f4w4LRgdq+UHymxA5sUGbV4/hJvEto9EbFB66mhBrECWGJOKYqJaT+VcCMLEip8xwNTo5EzTg6cSBlguK8tJqNFGFHE3H1UIIaF33wOiAozYmAoSw67VOoII8UKDRy0IZUVvRiMksu4OiJoxfpeDsIpPlY2TaBLMACrgL5/LO//uyzN8/P29u3z7fbtm2bbR5sdeKqgkhRSSZU5USoWGhU2tI267bdMrTc4Gk5ickRNh+qvXcRqsAKyZ76PMEK3IgIVcdQpgS1xilZ+JC5wmwChKoqzQMXwgwkDdZD2tKBqpxScl4sBjkp3dj7tm2sgHoi2q1vvQPsz9vWOw3Lsr55++z98/n5OZEUdt/NYDTHCM1IU/LSdF2XdV0u6/r69auf/PhHP/7Rj169elqkNRVVqBPIaWIQQFWbSvBpjdqaisp+Pt/N6CotJlOZZ6ZpC0ItjvCPhjm6cCULOOGwS2OaLUXFNwtUlDtgDOSaiCx0Sn1/w25C22HFcrfARDjS6WOIEpE3fVOICTlvTYhH+jtVveQ0O2bgwwRbnz1+Uu+Yewj8yYFeRy6W66OK6wDP7zVOai7dXx+YpH9cTU+fMcKKMshC3c0I+nAqoJ4J5+aHThYMKlD2Lhlu1cxsCyHQ3kN7VpdlaUsqlfb6BhWB/whI7/b8fDOzbbO+9aJjOl/Qn9uaoul228yoKgSsm8OWp30vJiJ/8Ac/+4M/+Nn3XZDTTjvttNNOO+20H5TtXJhHv3G6Z77c/ywPfr2//tX82/IV05/Xz+s/+OsLMGPLPM/P8/P8Wz13+qA7hSz9fZM7sGL+HVGLh7vaD3S6CnUTJB2m022K3TSAxrFtZjxinAvS/1oTRu4smOaQEhnDpA3uYb0kYZLy0SddsDmtIniQqdWZieSOKYepWKTzpxBp3SuvVH8j98pltvnfoRrhgn6EuefeHdKG9IMqrBdOOoNARhFCU0RzeEollVHHU7wVAG/hIylhh/8dWnpu3OkNdvKIMxclyRczi7QC4HFfB6yHzs09YK1sOMuLe2YbhwdX0s27a5xy/Q6UeupaU5EDuphfnU6A8447adbNEqMzElx3HZDy6HIcVySVJgtjr98e1r2IHDrdPDQmciFn93G9KEFxKtvBvY6sHJBH2BLIQGRO3fE/wE6zQUAN5cFqC0fSnHNjMvhTIE1hcBZhzDIGGNRG/7WK+0eYg0igUVvAgN3pXwEzBliXoo4xE8jUiXIQF6QnodVbuF1MJxIIXfjwhYRBDTCDOfuGDtFV9D/HSn1oC0RhTkKUoCgJADGklKhIBvBL0Bz5/9EkKjFNacw/Sd5yriczjqBIi8JLU1Uy+X8SeqE5wQvHzkQhlBY6gSBI9Robb5BkqxI+TbZigp1sPqy7iYoKFqAJ5LPP3n726ReODvZbt608+9EbjeydBFR165u/LKcJmGbStLVlaf0GDdak1ChTFUW2ZoId1jstIJwEZmtnBsRoKhX0DmZGOAJtVBVfKSYStEXW7K54SajB1PlPZmbdJS8drLMM7cqk0UbHp5n1Dr/Bmbr+ChARbQpuvb9581ZE27JsvT8/38xIsNsmGthn79sUHVQ8zNvSRIUffvj6ow8+eP361fW6Pl2ermtbhGvDuurSVAFjX1WXpgLR1hZtyMI5WSvC4vkIDKHdGAGgiCwK9iH+yVqy5xlyAHJjthjofSC78ZURk0xuFRKVeLa/a0HSxdD1adDz6b0DRGgIC7tNksM5BQU9UrMhZWzHTRYtYbQgyY2PnGnRyx5bpNbdBJzL67iSWCkygq/vv8E8CWdSFYE/OYFlA6Uh1D5Tj5UApGm0Sn6EeDcOOYdpwpccO93hwHyf+evLX7Szk+YBTmukzyvFjrOIUmRWkBB17nIDCIeEvf+jNeeYunqwUaCqYlChqjhBsHfzTQO9e8xIXNbFkdTerTXt3Tu8ttYiumQHejcOXYrTTjvttNNOO+200077YVjy8JA7e1n4RZGhZPK7zueTP/Z4b57jfXy5hzxln+dL937vOIt8T889z/8Gny8oJ2a6N8/z8/w7Oec3lOYrpefL6b9qefgoz3dHKwRI1abami6m3dinXeXhoJHdLpkHdkAEgaMQ1px4css9Jjwd6XpBj9tde6Egj68f9vjPDEh/QU3XfPrU6s53vXK82vy+TgwKf+gRVTyAOofcmKCJYwa7qFBaJCmKiGiLlzWaQkRaBpR6hD/iUXNwRoFn3Ovw5hMxY88cPfhQE/CZa2Y2TI94KD/1uGYSaUkEsxDAISeYPSQ+0w6VPGOfhwccYNGMdsaJODKq3MGHe4Ls/UtxSjCntG4DLJRBLymeztyjHvitH9VtFUYzdOWhMideHSFBy0o6XjrlY5rAIYeIOWZZ0QUQekw4dsdaAEPEdXMAxpGC5AImMgFaDCymz14GxGw71WIxEr0So2JEZr9MUozXnDgK6d8Rg87lt0twA2NQEwJq0OZMzIsW2EiA9O6cN4oFMw8ZzW4g4xKR64JVCYhQyRqCWi2PRPvyU973YqiITmKPhRhqUP6Q1+lIXyrCwilHpfypkAXiCIORrokqFsWOzmWODTvXMJDdjIY4RnAxiLxWXdnRqzEivXULKh83AE10Adq2bc9vtzdvnp/f3tgjkGCNiJJbzHkDBaXMM/C2bYrm8GepLwrgGEMhOi5JytBUYb5gsMsYYQ9nJeHEBzvIXvAWQQ0Z4wF4edcJjiEjGia6WbyTGfvGHnTSRKQRBNOE0LuzFJ20KLlHhWQ3sPeb0QOyCiDWvf8qufW+bf1W4EuEcBPR1pa2XK7X6+VyWdtl0Q8/fP3h69evnp7WS1vbsi7LsrSmujZtqk3Qe2+x5wdLa6qNkWEg3KNaUr4yYnF66D5IcTSnTSRjMqtR1nsvondy08Wvu1Ak7mYVrzXHYml00Gje1OJ1C7EcR/n0OROwdu6MJg1E/DhzHi2bPBes8UkwEwq97Zz9+Y6Fe78WyBSJWXK9oCOIrQUYXrqpE1MwIy/O0WHv1hHsr/icj5Rivo9TG1zYogZG2M7FsVnJKKrJ7p2W4ATd60vGox5G8ELSrMccJqDRGP1EVEW4LK01XRZtrd1uN4+eCaB5VyQXjdCh3vQe3tiCGRwt0nsX0WV5+QvstNNOO+2000477bTTvgdLDwXKpyrDv5qUhi/3FcvdvX4u73Hvl+T5Uhr5Onme5+f593r+OAbheTyP5/FbOgaD0HeDmwpsjtfk0H1qUz/A8yqG3+H6juE0JZ78UNj5uYI6cMSQmLcPm5lxD21CpKabpMopw5xRmNdRoM0xx0NWcUUOv8xA1+wWrxx3RLtKJROyWGBjQmvpLDWTDJonQBFAqBrOaNlxiEq9sEIJ7pTcEHVeXIQZGKtan3yO+8p8/MrxpyTV4oA0x+tOXvmHNuRqp5wndDDPM9zgruvsSYQcWBLu+9LBeW2RLStkGjjKMlrzDmkeER9niHWq0pKem6RtqyQsKCn+eERsqUw9URU2xSoN4yabam20VnRVTn/FmsvIEiOPIZKb7EHSAgoxgwUumMcOdBZS6CQtGuAMQkcNqZLIiTl3MHsBaaTANEpSnGUCaABVVFJtU6MPRdEVpcI31GE5MyRDRTPHYEBr5BEg9P/MhU4Bsih0WeV01lmQ+VikJIhAaeoASWiBOnGRCklkIAZUSRm3VPPzXzUoUGQokUrxllJuNZ7VRBKMFIU0OF+OZlQwXpU58EkXKK4AoF6zwlEnjmNw4l4m6pmJs1MIoSm2q4JGk88/f+NxB2+3jVvvfXP8QMS5ok5chqhWuVRK6ziodd3MNkKURGuLXwC44tJatx4kvmlQSO4bGN18bFIgII6ZGkMONFFp9ak0pqKkAcJZ216P3flc5nK40s1hLDPaZj1jckaoUxBm7D2eFmDq2APTxxQFGjvBJrKuq4iu6+Wjjz76zSeffP75F2/fsvcbAhZV1aU1Xdqyruvlcnl6enW9XK7r+nRpr15dn67XdV1a07U1Bwg1BGqlqZioR8+MqvZuFzOwDLS/IsMVaKyO2eiMYxUPcPQHTlWe2KKIBqoVgqgQoTluDyYcrj03vkSrTJtUWJN1bSkRUVVSvZliMjI61B5d/bj8jBlvv6DXEjn9FHsUxt6gacUgayGI/3arZGJzY2UvEG7+QnBadAR5bmPtOEiyv2t7x+HPWgiCl4pU7NytFw5th6ZojHqvTZAGQ/SRsa8o1skJ1w9s30jnSvumBl8CRpRlOHvbheprI0us/2Zb327dNkFTbYDQqLFBAqk/P69vQ+3cpS1w2mmnnXbaaaeddtppPyDbxSCM8/rX0vHKMQbhl6cEHqffeXEPiEn++vjel+56lMO7ju+T5tvO4Tz+rTsuEbAjd3Sfx/P4fkd+7XvxFXJ4Rxq+X568vwuP0x9T4sGzOD2Rj0rCL/1VVbW5A6updesVko2QkJQa6+Gjjfnv5oTNO/SNsydLSoC09qpX9LuRJxmRue6eKPtnvRMzPDK6Eh0Mag4P3MHjzY/xMaES97654jWwsqS4U55+c4Vsiv8ST6vk9Rg6u0rpqKc4uCFSze7tFJ69iGnkAYQCHewcUGW6JgN7OPB4BjWNKG9deDxx9MRW+kPr7wHRB8YswVRd8IBsAanMXsJySA/sj3PVCQra2jGHxrMmd/3cSY7kwoG5ZdtOzusRKmrXf3ZvcaidmVCb3IigaJVeZJRIgKznGcv0fPcMnum9EiQTAfqucnbY/MRZTK86sndx1C5ApG5oMOyCFoVCE8wAp0IlOoguBRDSMcJeGCFgZIcFiCjCUGq0Dm6AiVAcT7AuwpZTYXRPrxdCieYYH+chnwNJcgxhwkKjM4WqcfwpoAOEBqOQYsyQioH2kaG4WOq5NfI9ahcEolQrNpwpIFCFOENTBaqiiQ6qoPmwRIh5qkAJB3Rcj9glSB14c1hfJxgyh6IEQAgsPk8EgxAtURJj7gLwiKbC9Pw7JRGJj2GAf0BwLEOgl6heSYnUSZ10n75a1ZioGX/z60/evn3bt77dtr7d+rblFg5xJmmot4q6TrBGWDwnCYmqUtCtowMwp8w5dCeiy9rIpW+bbV3ECpkAQrCxyF7VK5ADi0Qie+aioypQBpDvNMHeu+X4N1JUnc4VKpAWNKzA/wCDdUe4Ow1MBNwjBfriJqrZN2Al0ekxFC/toipmti7X6/Xpd37nd37+x3/8L/7Fn/3FX/7lJ5+YwMjeml4u6+W6Xtb1crlcr5enp6eny3Vpy9ra9dLWpbXWVFUUl9bWtiyLCoS9i0hT1WU3SxToj4C7aIQvucYEy31KNnA3R847TlCbCXZxN3J6VaUZVRDymSRlrPcBi0Nk+lpJ9eLoLbHYQWr/SiJuC6RbUDpDpHTe83Awb+tpua/VBYGJ+xBQCIWDFlwTSM9QiLG+Td1s7OLY3zLMNyHJIOHZJEctFVOzTuri2N9hVpLR80xei5HPNjlX1r+fap6QqtrqkRAlfPYQmsU2i1gaTFxRNx/lOfTeLfScQzqXCZz3vhFUaVJAdMxv9MiggLhu+vPttjkPNZb1mLm1qQ8E73gOBramtQ2gtYYv+5A47bTTTjvttNNOO+2079iGNxWPfMLy2FeM4e/9kpQvXn+f429z73k8jz/Io2vKDJHa83gev+0jv+888U3k+bV/dd9lbHHXJq3DpNgoICtw0QH2uN/zfg8WDmrU3R75l1JWGpl9T3gRvHsg//UyYHmIvnN33+Mb+ShBUVgOVID5WarauyUkeARvDm8641XcJ0BPcooMFNFxQ4QgoiBdmnMB3q2NVubolFP9ithRf74o1zaV/xH+eqzk0QRJjLqvYfDYu/wtCkW+Bwu5t0ND1NX7ijhghHcO2YGAqgZZZWDLE/NVMmJW3XsYL1Ux45bCMSRA8Qzbtuc77jDIXckfPu5+SBZJxAuZvNL5NaN7UqY8w2XshD8btWhGFxd1aiCM6IkFuq6iefwyQQc70Gl+YlRjd93CjaQqFSTQQ46UXUyFAgpoHjIxenXWmHiHBxMF1FTRzHCDBWglIgKpiHoW1EAA0v396MhZ0hWJwvYtI11aciADSiQMRaNzBVAhPWyok7gcdVBKA5Sh66gRETD+FKMoNLAMFzkOjDBopv7GwQ2mxyNUQozu7nc2pJL+iAAIC8FILNgZpsIsJBIzQeqOUhREoo8IHMER0yhP0ZOVZO8GE20iULPtk08+ffPFm+fnt7ft2W5bUYs8aB8zHlu3HoBPa01DfFIqkmX2WA9dFiCdWWvNkaZOiEinBe1wUkH0k2IszwPEdTIdc1BVB8PMqKrOrnRgPTbEMGIQBvHKO7S5yKg/g5vRjK44SnNuFUiw14gTp3lLqMFqW7QtzVVANbnDS7v8vd/93Z//8d//T/7kT8z67fl5e367Nr1e1+v1cr1erk/XdW3rul7X9Xq9LG1p0lSggsuirTUVYTD/zHrMJ74xhNNuj6JdmtnQF52oe4f6n5dIVa3p/LA1oeZA60PnufdOyXcE5qfPExEIyxHlnWqP76r4npa5EBRwC7buAOmC9uy4o0L6nujupajow4Wz5xQovmmjOsB+S8dx5ZREOLPgvhiPte/wbZAqufF2Rps6yQMO+uF5xeS739s0r1xm5sFxDxk6sJfbsLRyMzPJvS8DoS9t88Qse+810TaV1nxa61tP4mfviG7owN6IaryuC8S6bWYdwLq0pS0ii+oSNWZUp5N7aOrEI1XVi2Nmrelm5rrcp5122mmnnXbaaaed9gOxRCtmzOIevzj++rK/9935vM9d7388cZbz+DfvuDA3vbu74Dw/z7/tc3zfeeL90v825XzHvRGcRtVaM9PeneOS/uL0hKFMHit8HvQqx/UqQrp1h5OP4rytzFhmzGbsiJdw2x/VRw8oyGwOhwhmZ1zt7hcZKzvlcN8j4HBSJ7tjCibZ5j6vcPwZI9lU7xWaau/GnZzcrABLDltIVoHB1GXfJFUCIgv344q4TKxKPSn8jy7YFS5xK1pENainlLruepKpTTe9VTCTHCJNMmf9X6qbBuPKC4j7emU+tHpn4GVOmtx3hhnwO3hUeWeHix5a7L7LVlJkLaIiR9UjXEqyC0TpHmp1p2qIDHLU36jOgFRmGcQgqKaq4wAIq3ft/fV3J/Pvj5kl9Zy7X/PJIqHLucvDm4FzSDZSXLbUSOshOmdGM9DILWIQ0gSdSSI0buQGbsQEELLDNqBHyDOSRgGDEyTJZDLCUcPACI/DyaG8+ZJIAF6EkE4pyxCA0YUlgJ9g3kYDp0Coc6ckBlhRUomIvRhj0+MhKgIjjA5KUcnYdw4dMOReAwIkxIdkMAG97qGAKhPhg8teNnJm/QazOfUqq+2yZeJGBdSoORhTji/nd2QOyaFEQkoFkpR6NGo7BhJHznaY2NMcWyKCUup8om3rvTvPTqsHSjCVgyZlAClNKojd4KU5wS/naw9SqOrMS5XBk5TUp2XuGKgAhzEP55hlwnteRgYRSsRgDkwG1a3kNYFsbutxk/Ol6ORADxHbzbpjjt2fnkgxJ2IaICJLk9baujg731/USKq2169eq7bLZaX1v/rLv6TZBx+8hv1Um1wu67K21QHFJktrS/MQgxFVcBE00VzIKNNkAzKnmAlDGmrBMHNunPXeabsZmWSFvqwqTJTzxd0hMVP4Kf0NLXVBBwR1uIWE9e5fFbvtNdG1IKISqsOTTHcGCo19sTlmhepTsoiG7K8wOY+UnIFz2mVulhBCVENwtSphwtik9gBln4+3reXouC3GR+WjT6OsIR4Avwy8F1bXj2xyjooSUULpgrXe/+8/OkBOc0AKZEfD+maEkL0VmH/pyVC/9gI0tAiVKBDVpkoIts0ZkRTpNJg1H9LOC1SoLE1jlJlZwtbZlVw0QuARN7dtu1wuThf23QCtNVVRbSSs23YChKeddtppp5122mmn/eCs2Bf35xndZ3/uv+7TvE8+L53Le6R597N+EH748/w8/9LzZWDs8W/78/w8/3bP+X3niW+/nO+6V4LqoNpjs7mUFNfs/QvLDTDDC7mjRu3pX8g/5m327mNC4jgxBWSCB1AOx/8dQEF/mblgGD67uK+gQY3oV+EMw4jCddzRf7QXLocnrghM808HyKqCf92/1iO8p0rFcEnGfwagC4RBapMGEObghdEE4sCVCgetMJG6qsD0FtZ3insnyeyRU5sz/aP1YTN9lUiyU+dXIinqjCVa1DSrijhLjA6Myp9SHtbIlwfo9A4FPDrEX7J91Y/Ehyab+k89Jb3K4c9Var1mAoQ77ggSiXsgvookYzH7Zt2CfMzwlsdJusNf6IRVzjt27FxPogFHYdJiRfbtoMCNnuauY4eSPWpZ99c121AaoS5Ayg50D4PH+hMmTii0ThrYTbohgw8CE7DhfRdmbKmNr+Kg7CTGq6KYJHidHWORUwm4Zu+VwSOMmoZZ1HcEJnRgshznHHgE86eeJ+F3j3CKpIBKDTJvbQx0nqbHBQQhRke4MnghVNgoQWVjAoTw6FyB+YEQRUsUMDT44oVjr4FAVKTla2oOmHksJv4HGGRG/aqoMRPUQEyuWAUdFCCLBHpGEOec927djERrzUKQkMHJM1dZFVVFQQ5DbdnBn+jxiRlDUjI0iU2tADBtzQTWuxOmnBTYrXvQP5+/ajyWpmgxgB1xdGXZnOs8ve8biDrzsGvdAcIeiCANnRaMQTLgnJ5yorV6ek2JLsviuFRTBDXfkVshgaayBv63Cu2TX//1m88+ffvF56+frk/rT5ZFL5dFm4h4nDaoaHNuqYYya8vl2TMvkFUCzD/w0cd/vXPbtqrhsfmGtQYHh3SaX/eLafT1JE1KNKXRhBB1/NuMO8Hqo9iA08WMoKnk6ACwl7AeK8Vh5g7cGhNjWyL8XX611GI9Ex/H50Ey8QeCKGMdKbpkrWvT/DC2snD6V7YMXE0q/eQFiLvnD4w6n6Du3QfA4++oWmg4CrFTdKgvqjmHeR0pEBD5YYC86tNi4OZQFZHWhdu2WTdr1lpTbdZ77rVqjA8f76u+3rO1+AKpNKVLW2uRkbfttt2ejVwhNHbzdV7MQ7+K3Lat24kOnnbaaaeddtppp532w7Pc+Z0+1em83JPD74p3+ntfyOdLfLx4jzTvftYPwg9/np/nX3oeDEKmw+A8P8+/7XN833ni/dK/Ow2+7r0CSX3REBtNyMJpIJzgud0u+yz3HWUwUx4vpRdtwElMjKrIVNOjYrM/Bq1t/5Q9RJS+wVGafIx7V0VE0NI95vJ6ATTs8n4oMcaR2/RC7voLN7cH2SqvdJxVUB3ASTQQC0pRPOMB7ONgmk6wq0p5cYEQYPSIWR71CaQFbYdCWPKACIhjHF7Bd7WY+Iqxnla1mE9Pr6gkHVEG63tui2q5fZVK7gGZuor3PeeGRuWUKvuocXLf+x6gfphA5pHEAsqy4TWfXaVTz5kx58cAoUOrohxNYDQNl7wlrqmaPdjZXyIiNgXHq14q6TdO3kmCgsSshjc1jhwA0QFDQsCIDlXXE66IXuzkPJLakACRREetkScO7rninsVgjEhiHo2tW+iLkr27yqigu8oo2IkuYmSnq4kywxMKgzpIF7gMl7R3nhyx/o5qlgiq7yIA0NtcYzIAACAASURBVGtvgAgEbUKpnTIY7MAM8TigV9nXfdYmNUh1MWxDRtJf3uChyQSEQcwBJIfbpbFH+MXAORzSkwD5gvZHZaCAgClEYGqqoDroAzSjAKqiTqJTUchSb05CoKVWGpWDQYXKnuwsw2L3iggSTQ/MKHtZTBEB0yVqeEScA1GtIV39UGt0One5aYM02567gcDlchVVy+FjRkNfqG1dm+rcnVkjis66Ft9CYBbdoSKfNW2q3lhUEQpUYJAUtGTvvTtijQIdArQK/U9HIcdUE9qkgcfkTNVtTCLdjBQz2xx8zNHezbYeSqVNtWArlSbNYTvHNrEs7Xq9OrXLgfO+dSrQtC1tbcv1ermsSxM8XRfY9ulv/vq2PT9dn15dl9YuTeRyXVTotEZRb2AhoCJNtaUapybJtKoWudOIOXMmQoqSWnWA0N8UgGpTHat4IPVjahXNuKvTXOs8uQ7CDIpgUkrM1UFKm6fZ+QtBRBCCloCBGt//e0kC5j+say6vJT3AuDnnhLvHzggOaJC+dUB0sLRZGPthok1+Xu07mgRFLQNMJsYIjLCGtZ8qqtLDr0afzPiXjKxVp1m6AMJRvYONnj/NXzSptMyxRWunZ3DHmzdKdVivxgwGOeGc8Uz1LRMUIVVWUQH0RvZtU5XW2iItkUUnXyLphi6GTJKiwZJ0OmDfIn4nQrDah2fftptZD9VfgNC2qLa29W69C/D2dmutLcuK00477bTTTjvttNNO+8FY+lFl8qlO51L73MvvKu/0976Qz5f4kOU90rz7WT8IP/x5fp5/6fkZg/A8ftdHft954pvI82v/6mGLpCl6E22irbVm8HhMnd1F4rQU7NychWcRoU27mdFAwKz0NgfAkhJsolrQ1w7hQxL6gjbCWTCuGDozfDIcmaHsF15CpmZjeftUVNliT4+ziFTqebv1Xma32XTddcvClzk4FuKuR9eq0/BAWu8MpMvJROJajda7M1MEbCp9C7KKNEdekGqk4W60lDp0SCr0UAXuq3TgC9Ewzt2QiJYHDSpeOAY7HNZDj9fGJEg4vWP9F1iBOLQQSnBM77P7B8W91AP0lUIqRESlFVsT6iBDCL5lMyWLJwErL7uB6fhmil7CmUGIfhAB/5gEjQnMG07Zwzn3Duv5ZHi/URQVf8TQM1TVpSk9dBaEGmQ1bxoAMIkqFZEU54uHJhpaHuh0QrtmJaRepKfDWUv0DXMJgwfKyLs+NN2J7XKO2X9D4DG4cWbGVN6j967KQV0SsPcOspRrjSG0ifyJkVGHOUHQ3fwRdJCpKQp0sy7ooQBqYgbrVkPHq1kHcVIQaOli1k2dENdU4HQ0EcSM1HdoK7s3RTjcrQc6fdexy4deWnswmgcX7AYz9hjNKgnJdPOAc+a4k0K3jkBDHKGJQJJQ1aZNdDGC5hqALfjKIZKpPgmpqgGAktLZnAEGKNlQzJ7oGeLSfnBKIoRdBvcyOEDCBIlkDNIQ6EVqXcIhT/jcXJWxYxdh0Aar9gKqF2ljbhRxQFi66XIRbWbb5empXa5oi20doDYNHKNpC5Iil6V1YNu27tOkJqLiY0ccbyIG4mGkqsdddKaoKGEqQGh89pIY7b0nsi+i2p346hkzuWZCETGBC50mx9Cc02rGTqcFiiOCvVuE3zQmfONdQ2rpUNWlLRowNRwntP7sg0IFrUnTtixtXZfLdb2ul+v1crlcltbWddGmAgF1acuyttZ0EY/sWJsioj8GDVFUIohkLqbRrKEzKSIQlY4pxqAD+iUDu/ngbuJdQti9r4k4jmTBCoteKM6224Us7FuGSjUaTCiCFstVzmzOM2uqkSWmvRRmgQ2LGE0scDPnc+aEG2/lzw0gDaKiJqBtUsuS0YDO7khY7mtyqrf5HOgfL4WIizqO6fN29HZVrW+CSbabe8DOoT6AsdQjNhr42wSOKCqtARAz6b1DzKF+hQdKxNZNBE1BuMBpCBtsvcODkTYNFJLqM6NWWxso5hrXQd+jIb+mfJ2yWKXFwwUKRNRu282Xnu7pgwkspOU6TQbIZ0JorGybwIpu2EQ3KtBSu9ecmNx7R67JvSfPXoXktlUcQR+3vRszhKoY0buJ6LJclqXdNpph27htN983geNcftppp5122mmnnXbaad+nJVoxYxb3+MXx15f9ve/O533uev/jibOcx795x4lBeB7P43dyxPedJ94v/bvTfP1fHTDTFuGSVFUbUwjMyRLlj5xIGxNuQY4Fczigp3hhIXE35LNmdLBs/9dYgqdke7ZiCOIhvJBFQ3R0UMPlp9AMDaWTpGMpkn65FypVxB6kdHxwCk2UOFq+koS8KMUlGRMlCTU7hi5bcQ7LF5u1FKikmY383aNr5MaMR6WAqFq6ZO2uLhm7mqJDzI0zN9sExiZFgeLExMGfcJTK2xQ7MbRiNIwss4e/WM8BEYdPVmzSlaz/H2RGsry9M8xc8ZyqDudzTknrqRz444O+l+/pwaPYERH4IGIUDf4TCj4ISEUcLBxCbv4gB9hFxErab1SKu5uL9eLY46guy/40htueA1Yvp1RBiz03KMk7Z+E4k8YBqrmbqZkCSCZL4PFmljVk5hiMcxWt0zroAGEHO9jJjVPoQeMG2wQdQjGjObxbPYgQmjCii44WpUgIYnahClQR3nZSZcwuI15exnKkIGMrJq0wY+z5OzmmXgicIbA0m+4lpXeHReGER6M6TAxuZHMpVAfPrDsOTyVJKFjUURKqClEHCw2qKkYVNgSJWEXUI9hRmlAdJeUUrwuikJi4/C0oEdAwabyQgt2rc4wBLBj/ftEKYTomZtkP2N2IA2pO4JAYHbHTaKJKbbro+vRqvT5pWwxvVVtUvVjvFtRt1QicqCoOHkqi0P7QQ2A2mhjypgQRc36xAvAc0XN2V93ep9CEqK0Z/kenuO6ri4ka6YKonpxm3Dz+oLF382UlhEXFcTXfdJITrkpTieCGoIo2R4FElrauS7us67qu67Ks67JeL5dlvazLui6txdIkgLBp07boohGqUADCpXYdXU4p0XkyHTsFcuTk2uHEygr2aTY0VyUgxFgWvT8IB2nbZ83RGboli3vgjb1bbnRAgOkx7Y19GIPzN9h+0Ssr9m19Qkjw7ejxLCNwXRZhXnM9JKRZ6n9OCuE+3avqQQ1dAqgPJYLcSlQfCyjha3+hml0ckJxiOkr9cKeX4Cvz7uNHQ1U2VXw9RDCGdLfR5w3WZ4ncKWp602PSbJB4UWuDvB9Xa7FTbVAZf3r8QNNaExEgNJNbblBNanmwiH2fVWttzR1gMD4/38zo49g3QfkXhdmWkxZF4tG947Ztz8/PNHrUTH9bV7pe1ouvdkY2ETM+37Z1Wbe+3W6b0da2Lsu6LAtOO+2000477bTTTjvtB2PpR5XJpyp3Xtbjr37rI3/su/N56fj+KX/7u87jefw+jyeD8Dx+18e/7QxCiKhqa61pb621Zto8TFG57neL4uTn5yC4D58g0mOZXvxBEzr4gt0m7I20JBShPHdi1gtx4qgxIB1+LKwqcnMfropKAA0yKUBGCELHb2Yo7oGUaJYwHp5shmSmZESj1CwMB2hVXEjfwUCLyHThmCuCRNw1iZJGVgpNOcBSf7PCDr1Jy/PbGkh1X7CqkPb4TYCUPE2kNCuZEYAQ6fM93L7jFxUYikAHD8JykoKcyDhQX4rCSr2qBI0SKH/q6HsHsC9OHuKCR4Bw4vMFV1QifGNBI6V/GI8TUQICo7GLAwrilJMSCmVwXpMKCFZYKp3U8yQifE3CcAGMpu95kP+qioPuFiwf1EsjAZ7yyXvHN6Pkn1Xn6TiuIph7qMtRL2KeeXYwFl7IGLUuueiAQ6d10gMQBjoIbLQb0UUo6GYbbQO7ONGQnfTAbxGnEOIPtSytN41polEipoJlcdYN1OhjWLLTppigWg5O55y4nh8NKV7nV0DERSSTiIE2IcRCIWZ0QqETnylwF79jTjJGIkY2TuSDRZ8IudHA4gwCipoYxlADFKKAkkpRxDEa3BnASTTViDIYPVKzTaV67ETKraEygFTCgWv/L8tdvNSUts1BPRE081ljZGNIwRNirjcqul6ul+tV2xKoOZPQadZTb9fMRKRpM+QGhglxzDJITSqs9YMRGtPMtt5vW9+6bVv3yGgVHjNykmAThuJuIVsOE0bjS7SwJTvQIxkSBLetB7JmXusp5wpxDe7FN9GoVkhJSZrjuui6tLYsS9PLul4v65PzBZfW2rIuS1va0trSInJgtKtQmwZiKJw5U4HBBb0vRvKYfnMymCdFI0PSsdckiEOIO4z2r+VOSqOTIemRmrLU3E+A0Tpk0wpEV+KyTiM0MxtLiwxedWyTscFT9FdJUBBGx33rdr2fxBgfCHcLAxCrwDQKasgBY9ItkWzk5pbYbyMZKRdADWadJ8nMFomvR0c182GmohqESwQo6Y1KIzRzjlkkdG6ZQZ/jXqYW6CQgOi+60XB2v/9nv92qYNoKGdj7ZrRDejMzijJXq9xnI4CoLNL8ZUjebhuJZV2aqBl7EGpBolsFJoyyOXj/9vn5drsJgLZEi6pqa6JL7chx8Nu6bVtv2lyA1PtjU22t3b/maaeddtppp5122mmnfV92MgjP43n8Lo8LGa5PCWm28/w8/xbOMc75DeUzX/9KeRYm8e70784T7ygP3pW/y9CpsrWlta2HuzKWwBmPST/+bn2Mn5NzljxDv0VHiDUZDLA5KNHMzAt8giHnOWXYA+Ec9LThN0uNy2Eq5WF3D2WSA7ScfLL7/zxjEnMwseJIQixXVUnROue1IJ3dE4UQVnAT4EzMCVUsvgNdthEyC66muBoJaLL9goUQiJcmhiCT27IgsZD+GgRKHPiak8dzOEmnKuXUjzCoblJeZMS7JWkF2bZzVOYRZmz0T4x2d3rFzu0aLS2c6zU74QQj3WOEO/dxOv+PAGHyFeBKuBzQRLrDj7K3OThRgfvMgssnNCvuDNJ9H7qGwdNSl0jM/yUsmbWTL6bREAz5wAkGSAzeFeOri1rdHp0t/pSIrImed+uUX6KKWeEuqlnp/XqpNQJg3/xOR+gHmNI7GSRCMI7ERpcVVXOYINiW3ITFXvOgfhGnUKSLmEgPql50pwBCCTanUKmrEZIUxwAjpljCVyHoCnTm+1pAg6FfmQiZi9olAOrcF3Sjc6JcHdkYxNCIHebJTWr/w4RuzZOtx6Vs1ZFzR4Y4u00hIHrnLFFp3vh7cp4HA1MeSl7z7QAIszATZDiYV/PYiXloum//00gt07Sf03JkKirJSiYUakTvpIgu6+X6arlcIBKyrU6mA7pR1JxBtSyLQHjrTuCDADqYrLR5GIEBDimFNPZuW+/bbXt+vr193p5v/fm2uS6so2JZ57zdbhjc4iTZVTTYAOVQE2WR7SLGnFnNf0EbR3D4WtNF29IiPCLgYtpUkaayrsv1enl6uj5drsvSrpf1erlcL+uyLqrNIwiKiHMHm+QOD9AJllnXNm+dKSbpeCOp2dvup0QPNOivVNtUpkUhuHeQeUsLUYCXIzhEyOoiA+BhxqtidKpIa9pa850D3kFQpRk9dbxElNXYjUbTiHJMpvQxnRRqVovXbiMRc7dCzIq1vuZuoT3dMEerE/Qt84tQ50xQ1FMmlpjfACV3nhUug6xYyWIFSGzUo5CiWyfR4C2uyb3XY8xDTN1MIQLV2N5hTJH2+Ny402Mf/PPj5098Z1jifIF6+qxIGkWnNXps8okPBp9/t20j6WLlJDcL0Jng9XoRbf22oVrHBagBVTUTAIWyx/XW2ro0bS6WuyxLWy6BHYo+PT31bXvuHbDb7bn3DcG2lxQ3P+2000477bTTTjvttB+KMf75L5NPVe58s3I4x4u+3Hfn89K5vKef+eVn/TB88uf5ef5l58tRQfA8P8+/jXP+Fvd+0/kM4avfIh++ozx4173pznYW4dJa3/TmUebcq9RpMDQ9Rq2r7e3hEhxep0ogJS76kpXPq255ySlEPM7Jw/YMeBAV6C29fuG/24W0cW24cc7jYwsydGrCnGYGqOZkk4M0cSdz/bThjz4ArjNEStJxCv/JrIsoQKGTAnegaWGhhzpJLJKHij0wDCZAgvflL1W/4RrOCG7Z5CPxnejr0SatVBzT50MLsk1EdvAwpTDJPQp4aIuH6OA4eni2wWAKMp3322jjhNE9jlsiDAKYijQRY6f7Xc0bxkvMwlqyUZFKiQNs1mC4yqHDBHIlkszOpHZm5TlAGIRXMrC0ufJGYLKZIHL4k73vat4mctjcA0fnZLF8IlxW7xtJ9k7rNBMa2cEN7A6KO1smpRktACVSPfSbzXlbMAiFFU9RoBMFSCgwE+tOZ1ElOmUwbqRGdUomFjXNGTs7dE2gKtK6hXKqiJhh67Z1MxNRBwhj4DrOlaK+CX6PYHSaz1VVRY7Bm3URqrbmYQcjeGvwBR1+ioBjaGBzjpRjZQODkAApA0HXiqYqGVxsB5wwpzbXUC24I8EkRk8XgQseTl0razp3Z4WQKZRwmVvxvRoJirQBnGh8tRHL5enDH/34Rz/+5M0Xb56/eLvd3sCkaWu6eng8I51qh9pb4XqLOcACu+J4L0cmuofII3vvz7fb8/Pz8/Ptdttum/U+IOvO7pg/RFSbR1o0QzeDWXXy3rs5qzAR81DMDfQsKJySiEsqVUNV2tIWbU1VFU0QfXBpS2uXZble1qenp9evni6XtaksS1uXZVmWtS1LE4/fG/8TUZHWRDXCxCZ25kNjrLAFfaKY1LOmtwcHnZjczsOriXEWrPbrjvF4jDoZxPeJLx0fA6oKvyUmAYFLxXoKM/TeCzUcRY/9KPEWhX6F0K8xBF2ZjEZXzyTNLDow2buTQYspe1xefUw5cjnEYz0iZPbr6ZZYC8VFoSmqmvrKA1A8LEf+m8sO5DYDG6vYRK/PFxdtbbdQIjeKeH3GHqzxnN0EzuPTa2fP1BMGQOi/1p8iGW4zET7roZO7LIuvuNu2OfYqIm1ZUuR6IIJjzRBR1XVdSd6en7feb7cbpNVPZmS/3W6bmUVJwG69ytZ7v91upXPbWlvXdV3W2Kkl0s2ev/hi693MVPH8/Nx7N5pA3rz5gsCyLJd1XZamTY61c9ppp5122mmnnXbaad+rhXPha/h7v0r68/w8P8/dPAYhzuN5/M6O+L7zxPulf3ear/0rCqtylaymrTVV7Zq+5kjN0JACpmg74RScAafc6F+4yeSSnrb53wNFJTTqt5dqZ3rk8hGZWXhyVUIQTCIGVOzJL2KG4wd3sFTyD1Duv1E2llM2E+5RmSrFBLBJCYEmwYEALXRGOR465SbxlEJ9GH5IZAQtkqAm8on0sAd6xxFkKUtF0DKW0NS7pledvajpbbTRfOXcjQKmJKvz2Bzg8denJIx0V7kDdUCWZCC8g0oYFXfPJR0cwhnCnNHBOu7QwfSsT4G4AjBw/przY8pHG6Vw9VDQgREXhYtCUAhTkS6eKDsdxd9cI5Je9vXsdxJ4TPyyw6ujEqqnAc5srGGIQWrJnlRSotOY8MGH+TAPpsIb3P1u48+5B2dnmJmscDXgDHIW5KS+hcpo77QuNNpGdqADG8QEBmxw1BBOLnRxXRP0lBcMvqBDg4Oak33e8RIRUMGNRluoGqRgmMCP5XFPXc8g7rq3PAaujHeEEbAtgQ8R0Lh1bD3EdQUKohsKHAEFLv6ZWFQwOZUJHYWeLKGEAk2ggBINdGRXzEQAl01kBAMUQJqrjEL9dgTuqDkjOEboQIxCFkgivlJxF7M3eCOFmKjXpkKmwRe35E9D0XOMVkw3UHS6cUrtIA9MF3ViE4ClLa8++PD1Rz+6/vo3t+ebLi02KUBaa06Po5h57EFVjEVEi62tgeRGP3SVwtp/YNHpbOu2Gfv/z96bNkmSHFliT9XMI6uqu9BoHDMDDGcGs8s5llwRipD//z+QH/YTuVwKZbhz42g0ujIz3PTxgx5mHplZXY1uALU7rgACnh4e5uZ2qHnps/fUbDfuwTcbw3YbIBauJul4WXoyJWk2uIDegS8FM4oxkFIfNbDf2jXT++bswaa9N6cR9t4ul+2ybZfL9uqy3d3d9aYAW9PeWldVTdpUpGJU75jWVFuLKWjJBQwgOib7RNPnRoL0LyyssFQufWKxLijHmLtSEHtNVFXVudvFwpt3L8VSS+gO6jcsj0uDJydGbJ2JvR8Bl7sac5ZcapjOaxvJEzbGRoAC+VSm/2IuiZJvJ7GOTso6PIEoF3DzZoVG+WQz0ZD5nf82z0KQeTklNoXkHgHGKKVFjsn4nTHy/LmHgpMpm7bmILS2rgU9popsku0C0gt3l5AmzRCIO4o9WYOfcyMTnG1ay2L0ncWybAuxshZTSwkDkE7gs2umFQTMTGVuJ1pfCYbZGENbMwKE/3bfd6fz5lYJMbOxm6hIW94/Eqtu2pw7WHjkdR+P1yvEpXrl4eGhqYJ4fHx4fHh49fr1ZdtE0Frz15rTTjvttNNOO+200077eOy3iw9/m9+en+fnv+XPXgFl4KkC6Xn+PP/dn+fvoHx+k+vxXdTzuSyDH1ifSpOWWWJa09Z1DFPjsBVYytpiqnFO6OsgZZnRvZraSBhCbjbRH7huEVgjsEYZn6CJklVa1M/yCzlc8/Q4q/v1y35mMOOSZO9pGRlfkxlizbDtijEuFx9+ClTutwgVFxiamqtG0TWKVwJiQmkNija5Ly8+MZZGnl8W/6NOSGIBsyBBBa+Rsc4QL2NKJhw6yBthvU3+H1dUMqX2ngYCS+iUN003Y9Xrn4cchDNgXhghB13gEs6kuX1ALFmdOG9eUKY5ZEWXGA3uTACEi1DqjMzKxNsMJEfTyD1WvRCILdchFM2tU3LV255Lrq/b3nxxKqXEKCL+PXNPPm3bivbWzxNf4cJ/NdjINIQm5nqhO7ADQ8SAQQ5Y/CkLQAiOYkrl1PLpy1JRzBalKJqG+/DebJ1N1ERUnFSHCvZ7bjmnmWaIXEp6tVKWEiDGMDjPUFXpGQddFDOucqIk6GATBKKZGbSQRRHT4DyZd7OCChPVRlGikeppE0GRBdSjCKk0harQEU8VqERGTI2dDYUJicOHzbMSpuRpQn0+viSRPJHFy6pkvsWcs4IAI3NUrQDhjd8Qrax0c4Y4du7atFBpChqItm2vP/3k07dvX7958+Wvvmh9EwsgXpujm5wqw4EUxI4KDQwUFGPMQaEEIO2Ct601Alez6xjO+Lwar8P2MYZfRZd1dEfpqx2jCtEeSTWcKr6wSKhJZ5+VomVT6c3TBTYn1G9b3/q29dZ727a29dYzr+DdZdt67731pr01V+Z2+LA4ZZJAo6oK6nbefw5RVuJPl31ZVEHnSqFIadobOGdZZ+pNAJjzNlxCwJOu25vLWnpaK13VqkxUv0S9Y58FaRhj1IYTPvHeIhrsxlgULfR+g7AZ/GKCjtil0w6pXt/0YE+S7Bk9wWFRFgsdDIc2zHAQG688tiLpXcxMUQRHHpYlb7nkrZNGc4XPbBAIEI/gZFKGtEAwLAmImWvJZsfYmgcRCUb6Xw6YBeFZckFP6G7VGCj99vizvGc2sPf9CAXyw1abfBIk9K3GgdiZ4ZAul8zEKL0E151X1cfdjAOG1trDw8MYjqQm6DvGGEMXgYlV4KD15lj5sr9nIF8zVWSMq0gzDhcH9vl0vT4mun0ihKeddtppp5122mmnfUS2RNNmNPVpfPWD473vL+fF+O1vFa/+8PLP8+f5j+V8T7pSZvs6fJ7nz/Pf0XnM8/yOylnP8xuWwxfKwaoE9nXl8KX64Lny84zMJctJhE21N+2mARDO5VBSt27hw91Y7XzPqDTWMOKtPl5dnOXPLG0r1qi3AKEjUiHGtaJNVc+XeYq3a3wopa0JuG7QqYM26aE1jjw2FKx5VBPlbL14tgPAxUkxzMuZ0GtAXWNwDeHNloHctsztbW9bIAG+CUrdtN6KGwUC61Hpw9MTmSWIU8avwIdEd5OVlDiv/2p2+uSD3DA0l/aokxHtnujrM3ZQFq1Ie8SXxYwLq2aNDkcuK9ZMrBbIdGze/jQeup4cc2DP8TTrHNFvg3mquxUgzKEVOSYLwNOR18hsnJUCeDsomdkNZ1dKYGfxDFO4V2qEPoEIF+BZHEkN9MKzScUDDUcBDYPgTuzEAEywg0UoNA3WIINHiDGTEYJTSNh5hAWUGpyd6UiJJGIoImhOixOYzicP1AShxZvdN7iOcCHEYISOlCFVRpLEYaR5itGgOpljmiy10QIdhYF3qUStHNJTQky0iZIhbSpQUo2iUFokGQPUsUNhA5tawmUQAEYFVUOMVhPE05BLdXnVmsAQwKJbJ3PaselSaFxlehVQSCaFxfp/C3S8DOLFJwRo3bSZawP2rr15A1+23rR9+r3PPvn0e/+If+jaFWZj3/chKuJpNsHemojYoKjIhJ0oQHN67irDDO4JEA7SaI/7/nC9Pu77vo99369OZRr7sGFzmwUHbRJh5wRi0usW9xJpMkUUTbWr9tYEaNrutu1y2ba++f8u2+Xu0ret994uvW9ba70ls7C1llKUsCZy6d3RI5UJz6759CQgUXM1SLMRMzhlNlMRdBRAGD+OHSATyyk/U4Ty6c3yMf2CYDNqJAMO0t/0QrU9QrI+TpDVYD4D5mCsmTBgLTOW2C6IsQ9q7QDIeX4gBZKAi10CHBak6nBGZrHpROYKVTlQCVg2DpZHcxjLB7njjxKMeofJHAbTgqerBBYTvPaA4LD+kuEn3QkEp5nhECDQpiIyRi39piKmrnccyqs2p5E/JpaUsfPuuZTPteOYPXeZjLl552kJI4jy1trWe7vB/GpjEOlwuiYQCeSzVxONMXrv2hp9IwX3fd81aLhGIti1ImOMShtZnSNOqVQVkd57702g+9hr5b27u4PzFo13d3fMEi6vXvVtE4g7mX04bHraaaeddtppp5122mkfi0V02NAZ4wAAIABJREFUITZ21vFNnFZu4rHyYnz4/eUs12PJzfak/A+LY7+3/PP8ef6jPN9nSOr8PD9/d5/8iMqJfLEvXYMPKocV6vnAEupKUAClWeacc/LEaE2GQoW5R53FyjkCZw59cUqf5cmABhEsxYpgLnKfB23SDFUx+QkVVUUmhvIfZyYsVcc0M2FUph4EMtaY0coD0UEXGhwSj4tEXUlPCBclQKK0HsY7InlTyQ11o0m4WPAtQca6h9kgh6T4aO6TD0CLZiveQ5qNUcHWYKJkAsWJkmZFsncDXZgYqyIJItH99WSS7b+MlWJXKGAOvyAbQY69JjWeCIY8mjh+Qo/cruKmRmc33WBTNoasipO8BQ29LStwmvAcxlN40FuRkYppBFgYAGHCEFZAYwHYheRyETidTxqjMmPWFb/NCP4cqxMoJfOHFsgMb+ekKy2Guh0SyluusVVu9Rgxleyr6oEI/Qc8kdXLGYSEQguYrdC0U+MYoXCBGNcgtcXIjD4YiLRtOzCIHSA46MkIxdQBQtJsd1xQQDGP+BrgOqIWqqShpOkOTOHiguZ8ZrhQ5xgCEWlB0pXloVNKVaKtIaCL86Ig+5zPTAaPkERSHMcIytkYjgCK+7oR+pOOOahR6Pnncn6pOPQoagKBDqqyKVqT1pRoTRpbgzbVwBFFm2gXaSINKiINQfnR6KaY4FENgeb+CCEye1iNLhZA6J6waGvuPaQhKMnOhlxUZ+dYBcR1GyQBm+lRkZMbIkCTRgNpptDWgtHWtEn/5O1nn//wR2//4Z8ev3pHXlVJwIbtsIaQZBUozTtSArNDZkY0cKDSpyX314aZ7fs+xuP18eHh8bqPMWzfx74/Ol5FMmHknGiL410cw8KKEyjQXPRTtKtuvW9b37RdLtvd5RKIYN/i/LZdLpfNkT+gNckeg+ODmsuJuIKoSmviaS39X4KOAy9N6bQtqnpdkELEuF6v4bMSH3SJb3eN/orsWFrARt5Qwwhqa0Ika5LJ1IwMmqLeX6yFo7xGNMrccYKbr0Qk8rMajOYjzEgb1rsK4YgmBJ5pMaYTFzFoxqy97ntBdBB4ikZHHxEJ9nJ3UfooH4ZF5D26R4GyZC3jFMVgHCg9TtX0vLImK73Z8WIM1+PDCCaW63jM0Zw0gUTDMzPSE84Sqk3jTcg3xySeH5OOWmq3Vm9PtXmoNnwc3ijqPSrWAWa3Zw7I5XVr4U82Eez7SKYxNDVgfbXKNwERoYZ+s8xyRFwu1VFqAE0bRPZ97PuAz/iYwjOzcpE7fTeJalsfzs/v+76P0XpXNGRW3XcP72zYmzevt20zG8Z961uDwEicCOFpp5122mmnnXbaaR+RvQetkPdGa7/Ntx9y99+mzG/++bso8/w8P9/zuTIIJ4YRodbz/Hn+uzqPeZ7fUTnreX7DcvhCOev1X1tPvlQfPFd+oj2Cw281gkbqYJtAaWZCBakrt0zqKM8VeINErQ5RuGB1cD7wugV+jXZRDndhhrwjslqBsETLXLquzq+SXJgPemuSEfBEA+VYXXASGqPyK/fvGbpeMQiPVtwFD/1WxsEQ2IyqEhkSdzTTJR/d1iaWTGRX6poZpzRG5jNmk8ZzSypeZiELt8DpDmbVjzfVjg5Jgl00ZoYjV4yQkZdMEojKQGnqIC522yFRYV3S5lWz58HKq4gzKyy4HBc6aCE26BnLuAKEC8pYVMIYNvnQU2qULpPISArn1xejcVG6nY9VkrlO0cEKP88R6NCBimBMjHnOy2xHi148shtrnFbtAyDUSB0aeLAkRlgA4dL6IkU4g/OHHJDKSUEAgx4uTkaghTxj5BrEgJjZFSFeR4bundkYnqpLhRgGcVJp+JxsaCTsGiF3BXajRuI0IWQ3YsSICzeYj62BOKEQf1CCckemGp4PchStmQYjaEKTGCQMup5DVhZeKBiMgCKSaTXRlrsUVFqXtok0gfR+0ZBo7qHSHOnqgtEEUU9jp9pDeFI0EH4NNMGzwKoUwC+RWrXovBnCnyNXJAFCB5wnOWydsA4TgQu+P314+c7VNUrStxL+tihnkOKN4bkhO5s02+2LX/zqH/7u7+6/vKpoa2rcBVBpjKnD6bpDo7emfxG5HG0KHdt9jOu+X/f9ul+v1/06UlfUUw/OmZ/Z7QrSYRL3ErRz1U8V0aa9Zw+1tvXtsvXL1rfWt61ftu2ybZettey73pqLiPpi05oLMwLCpt67Um0pZNKnAKPLXi5qvwj2arqwnHcheBqpExOOz75DeX6xSfOlaiRhHIMuWblQ64JDx2IHMpcVzYyzMUjSI1bKxumQ3QOso26YqSrBEdd3Z1e7RGRr2lqz3OhisQOGlc932PD5b8MAUNkV+xhj3zmbrgYwMf0WsrvnMk0hblQokyJZnjZG8M0LCW9lsXM0MjcrEvSGytSwy8Vj7KQ/rGb9nEQYcG/ukqmkjll2vaLcrgLLslG5CQMOdLDd9tzUIbJ2SPzIp6P7fzNrkeRSnt6l95aOJDYY6bLfZaYHLrBRm699YwxVHYP7vrfWOV9WpifJXM7aWhtjD26r5mseICL72Jug9623fn9/D6K11nrPRVNgFvRLOXbuaaeddtppp5122mmn/UGN743HvnRevnl8+Pb8S8d/8Lj6ef48/7s8/xyDEPXP/PP8ef47Os+PqJxgEH67co4I1/F6PFfOEaOZMScVoWhrqk2liY6xA7QBSMXJlsDNEVWLooBl+bq1RSx1CZMxoAzMzG9JFVw1MCtsVGH3CFQnHlO8l6VC7/nrWLMbODPdEpMVEPhgAksFMk2UcX6HCFwnxjMjsFgeKv5coUcPegsEHDZskGzSSkrAaEe2gdGSnIkWLZxVySc4oLhYEWOsENhaLDPYl2OlYLM6HwJogYrmQ7EekBDHBlZcKzhNnDWoYKirlSb8sZI16zOfLVkLie44HmUJTNGMwyw4SYOescyG65kNy76pinH2d4Ypg4oIwBiATSpwYvYXyCXR1ALZyMStotaJ6gSJp+acqkCGi/sxGLZCnciAE/sy5ecB43+uRzO8LnSV0eAx1fAXJCk2AJTZBBbtH7kh00EFj2vETIjwvwVAKCZg8GIVKq7Zac4IU3GA0O/oQ8ErycWZSf5PsYw2o7pgptCMKrYwNXP2DAc0qQmDeRq/9B7uXp0lrMydBBJ5tAABmuOJkOAOUgBpEA3pU4lBGcw/FWmAJxFrrW+tbSpNRbfLnWoLhE8DPJpuyo+0N23auqoKAh103tVE91pLUpfmAwcUl0hfqlrGPzhW3ld4xBUgRP4OiEyE0+/IOmim55ws7NhkkEMqPXLrDc1PWhe92+66tne//vKLX/7y/quvuJv2zuGT1cEZRWTg0/T8z3hiI1091MjdxuN+vYag6L7v+565CccIkl1mxnNeHSW3I4hKj2y62rS1VmittNb6xYHAS+UX3HrrrXcN9vzl0jRplD16TkKD1HMNigAh1Ki5IEqgREFdJ0q9dXEMMaGm6qmZ7eZ+fkzw/biHhHRm2wQamSTL8EFGM1sYorFaMrUx3W0DWuMEuXkCuaWCoKrGLgJLgG3dzZPznMl3d/Tcew0A2Yw0cIxSd/ZNBc57JEGoKDRgXNJTAw7fcBBVS3x87tyQRSxXKkOhv0OsbyMT2pz8WjOKNgYxd4HZCkT0p15eM5guKBFK+AIHVcdcPf0qnKhZd01t8FpxJVqKhMWAV1UeXFheeqNwoLqQCJ2tfOAL3kwcH6NG75+VtV9QYmjephzDEZhcVhLfcuQey9dldSg66zOGiWRGynUhixeztmw8CEi+tUayebPnpiJVeXh86Np6bzSjamvKAMvR0E6A8LTTTjvttNNOO+20j8puNoUvW28rolHnD/FbeeH803KenF93Fr5Y/tPzT+rz3vLP8+f5j/J8nzH6NQa6RpjP8+f5b3+e8zy/o3LW87y5nl9TDtfN60/vi+fq+eR6vlSfGZ88MpCIkMfKkxFdrgxLo4+xAxiOByh77x4RZYWfJ4yUOmrwYikBI8Vu/ckMWORID/hfNsUMSRZWkVbcxJtN9JN3uETL8ykltTQPXwQ7bAIqXDHCCXNyCbVDMsxZAJ/MxsiwpKU44UyXF2yzuJ1U1RCCj5MAF6Q7s2EciSlqK0DXE/ZU27hqGggPVUrGqVNkXBLBqwRwWeN8IJGM/AOi6uUvDcJiK0q1ADIenZSsbAowNOi8R8ilfUQoTQHqgQknACKPITnLOxAxJxfKEqJauIPwAOyYeqOwQW+/MSyRhcjsNcYo/Uwk9uEJz+YYc+JspXFKgHDyThKljJ5w7hJHDZ5M8QTXqwOK5vrUltbOnHdOzVqgY/ParrkGaxoygVuthGjMzvXBBFYc16l1SME6TCIf5jSUZXrAJWBtDFOvYgKw5A5Y5AhzFJM0SblRmhAKETEV9qYylT4pk8/E0tczAzxhnwhEDCIUFZUm3jYqYFAcaxqlqCYh2lSbaKucatIUFDOfngqnSwoiGxhzOFEMHIQN9xMqooakCXqx0gDN5GWSTMHedGutq/Zt25J1LRKZ6FQ1EVfnOztAqK21nrymSJlWE1BcG5FwOMc3QCBpa/Oj8N36R8OUkz2MswIQYxLHXopJAi53+nRYLv8vTdS5uU3b5a47VLNfr4DevdpebZeHn/z07//rf/31r351//jYSJ9E+26vXt211mgU2yV6dgX6wyuO3a6P14eHR19xHvfr/eODo0fXse/7TnDf9+t+DT3IkEA0F+0UoDdV8bWrb9u29e4yob1vvbdLb33rIuh9u2zb3eWybd4dogJVaSkZuW1bC5iKPYiDrbVGMw3WoBa/LZvR59TcJKHLC8IyR0UVoc0IiOq+23W/DhuqAV2PyMoWdLryaSIxx70/9n2ng8jQse+aOxUYWwqExXKOEauBKoJNNf2hg5CO/mY2UGfgxljxdHEBWorIdexIGtzD44M7lmEmAjM4BLfvYwxzUqATqIf7DYFC2ASiZoMjlZWhhA1DgYPLJpiFKuvD2DPCSiXHXRZxS5+s5VZJMzFRpSoL8WqLz88ywosg31Ec0vcOXaEwh4E16sJoP0+jGPsP6D4qvQUth7p7BkuSXCyTRmnRpBzmbsOAMYaIVY/XFM0SptBo7OxKufIx9npN2ratFlMjbTd/v4vmzfcJLqCpjxlSxjB/rVJVH5ZAtIm/GDRtvo1DtfXezOzuchlj7Ps1chBuvXclu7sn9Rej1gg+PN7f37/73tu3renD/f2bN29IMxuMl0cWzHnaaaeddtppp5122mkfg93u1ZYlfdLL8V55Gh9+5vrKEfhcOVIRmq8t5+Xyv9n15/nz/B/+fF/5PzyPz+N/I8cJ/zxzDT+oHOay8cw1y2aTRTRzZrqTBTtLUlNsIncZPBocBGDuTi+hM02M8KBxurL9ZBaL1RLtWMCuCaiRFKjNtFtJwjnyCA+3y9D5SkwEgOdgmZAq4+3JOjgUcnue6/WVMSjYGCuu5TJxC3cwNPScMjJF2IIZQ1hFK28AoaVf1oxBIOmCfoHrwEitPE/Zi1JQ6AH8E1T9M/R5AN5UPRQLwTF72ZGm+d6d/o7rHCiMtx20lLB+uzAIuQpwho7o8kkyKSthuw0zBoFwDKfA7ft+ve4jpNGCenmLhhbgV8nMpPgrMxItM2wNl3gtZukTLLxEY58diVIpmmpYLpwSB3wtQ/UyqZWzEbMzkztmBahGwrwChtQ1Og9MlPqTdRliXQ7mCZ01MoZ5Ci8EYcvCM9EgMIOPkiDcYabWawIRMw6nxEmjsyadS6PIqY/QNm5NtGlzOccmTVUUTeAakY7cBJMvm8WlQSVAHg30xYEAEXNhVAokyHmONFsyfwxCaCYsdBqiQjQaRkJaUqSpqEgPYmBkoAtmYW+bqIS0pRY+uOr5+WlntanAYamgEEKC+qaijgzGYEQL/uDRyxURKBGNtQfXceagzOSXMwHF4mPK9AyTWi6SK9PcbqgEO4mmzRPoGVW1QbW1bbv85Kd/+i//9E9ffvHF3//mN4/DNhVSbB9mbE223qh6f39f2Mbj9Voj+P7xYSTqv9u4Xq+P1+t17I6E7ft+Hftuu2P8DoSpoDXV1i59661trW3bdnFocNsufeu9X/ywNxVtMZbYAkNsBeAK4PteINJULv2SPQdVCfRdiu1ZepVc/NbE49dp6ZPPgpvlJcGGGQyCBizKnlpbSVIfeNF7DJiI5dstXaV/Rk7G6ZclxrbZumOU4fDHGGPfhxlFxPnV/iOJsi0Vlamq5TBsEdH2hcyrFzklbQ8x2silG0qRcevEyuf6mOK6NK5EutqZkfxMCXcNkUDsagcDa7PQ6sBjw0aw/GYn+Up3swL5iMp/8A/Gklcgby5M6c+d1k+6oDAz2aNFQk2UiHPtoQm0MvdvzLXYUfZn4fl1HalGuFkxV56fW1P3ijLf0FRrXxEA6QmsLoPnCA0uviO7qbqDvrUjhbjF902o9N5aUJ8jD3TTdrlsrQUUTaKp+uYAbW3s+8PDw93d5XLZNPZIiEO2vXtyz/e8VJx22mmnnXbaaaeddtofwHKD3zPxVXk5ZvtMnFZe+O1LMeGXyvmQMl+6/psf/y7KPI/P4/ccdxxzrZ3H5/Hv5Bj/7ZQTs+RblIPnzmOWHzS/PK7gdorkKVoTFneKRSCokFxF0OakLp5KLVZpk4MV/++x7mMJySQrXHC1FT45BNcSTD1YRLjqmrgLM2XgrF8QNSNoVvVJPcIpuhaXEnASkk0u11QViwtszfrlUctUySsJSxvmtLYEpRJcXHk+Ny3gdQhoddLVYGaaREcnqbh0ZLX+vJSHBjvGB5dGJZncuNnyXBkyz5sDSSLMHGy338aILJJogGpIuGPGMC176wYaDIAQWJBXMxv7CBTQG9ZPjrHv41otP6amXA2fhfJbkJ93cqEvkBL+ywaZceQVxEnWEDNXIW5uV81ZGPMCANXAFGDiECEaWkqk8yeBfEm2FQCxPBsJ+IIyOIO7WfPUfkQ9SKLUVX59LwImWdhAE5fh7JsIRamgiDmxRoGmUIEIx/6oYirQ5kCeqDpGGAwcEOK6xg7gKFzaUZsrVIaUcCLeKqJM6AwijD+aiJgFbaqpQtQIUow+TyJt2GDAhPFMUG8wAIEOQhcU2BtPm/SmXbRFUBsQaYImKq31w0aGzE9XeOZyPiPpCRBGP4ETC/QnwpRQXjjksmCEc9ZMLvZ0uUcosLzQMsMXXMaFqn1gLV52GaoBdIT4KKHsbN41Ann96ds/+4ufffHLX/7i578Yj482dtICyqWMYaDLYFpBNfuiGXq9Xh/uHx4eHrQ1ADS7Pj6S3B3cN4NQRVpvTXTb+t22XS6XbWtb713VUYW7y+WybVvvvnz13rfWtTWATbW3SPg4odvpV72DtbfWWzC2XSDRXYVGl9VWipslZRLjC8F3kCyvyUx/ztnX0KscmTOR3uwKMSehBYVqVfYmnDxtqPuFFybNE3xq9rogLubMRyvermZzDSIgNoZvwZCR4qM2AiDU2iSRA8T1Jc2GU6rNMDMgxp+ZZbEUPSHFE56l1VomLvor4UrKvYFmorFBw0FWjRU63FKussu6Fu5xJpr16RaCn9EacwroEU13/WkfFuGTEzdPYQAmWonYg1Fwfb1hydzyZIEd1qiw6X0X3l7OZ4lMqQwic21hyfzLfiVnylGUBLFTWBG+xH8g6cRz9TGi1FyLm7/uOnrBFsK2R0SISnc780aCrTWCYnM7V7Z5LCt0Td19wPjm9eveOmlNdb9eSVPVbVtkKk477bTTTjvttNNOO+2jMf5W8V759nHs+Hf4xxFLP4/P49/X8XM5CM/P8/M7/+RHVM7KIHzmEx9UDjOu9KEl5JVzg7tjGCoR3AmuS2utCTy10AEOKthqOVeBJ8BzNM0KTSjxUJ+4XIpwEV+tkfYFIMQatJYlMPU+m7G7RSpzrbXHxdeQq4CVP2qqnFW4c/lvsD7qsoIGC+oTuPDXQi80S5U5jzZ63iALuCuZiMeHXtsrQn6LFFsEPCfrzk85RQx0LscaGz10RyFzS+F1L3qGwtnHIqEkFzdZExY+rWdqccZhETgCGTt2BxcKTraqU3CsGrCgQcvjopgMGyOQwL1ogvu+j3Hd9/06rtf9amMM2gLGLkPW62aWbZct6fmWFvZqUTBcFhIl5LeOxgkwe8otPNW/LdDdEg4qcob/dEGIWXJ60WjRiAIRpSwtKfnNAifTENO7UOeVkqu9tdo2kMNnBoVLDNLL0iVHosAIqjMHAyAM5b0miGRuQtsfRdgcHWziOU4lE3IlEKJNRV2FMxDEzDTq3MRJHxRBAYQKVxh1LM15Toy9DiJKiNE5gsIoyVNj5lwI6VH1zQp0BuGc6eGZ1PEj7Zn01NuyJeM63ZSubLMUEi1vluKxAtXc/1B8QAjUWUeJxkWJN3LYS7g+IaJYBGrLRHqyQJKTrIWAVLKM3GlRk4CLa9fFMXiz5O1cQRpQV3P07HK9/9FPfvrLX/zyH//xn37xz/+8P967GrGggeLzsrVmZsP26z5UxciH6/Xx8bG39vjweH9/f71eG3ndr9fr47heCe7X6zBrTS+XS+ut9b61/vrV5c3r169fvdp6U0nIGXq5bFvvvbmDkkoFSbK3tnXXB/XnDU3IRAvRQltbm4gzep3JNGCgE1Q1kSDWChqcXndyCWW557KRe3YY/t69E+EwuYqGIwJgklR+Rw5XAVYSFlKTSRycMFXCyUab3nUqcGbVgOWEhQqoA4QFFI0xcp2k0UATU20tO5kAoOpSvD7gHDXzhkmBAVlW2dz7U8uTxCrg436uq649W0ztWJE9y+Bh+cFExnN1y7tNViVGYYE4WD5eLkCBwOUdJlV81iT+z8xyKxCWr0hQy+UGhToI1AUoIl+f6FRrHBbrmF6ZhdQbQ0UyEWpuA4rHnvtFfOsE0nUkSMjUUc7/5MUqOsVOc1HBIjZQvMO5CMkBO5R4vmyiIjAzEy0H0zWfO4vxrShm3IPEzyZyd7lTwTCKYL8+RtLQ5hN2EklPO+2000477bTTTjvtY7D3oBXy3mjtt/n2Q+7+25T5zT9/F2Wen+fnez77MWJ8Hp/HH3iMb3b9Qs3jt7kvnz9/W+YaZ3rpej5zPo75/jKlavNifZ5uxZ6x4EVbsCgoJZLXVFsjDK6AKDRP5FXKV5N+AiZuIsfbrhpfT+qxENdKVOog0Xdr85dP4JaXrZrxcC4U4TKIVgAhUk/1UMMD3jWRqtWSTHK0MWijynTqTFAu4N+PWWCgWof0QtV0Fb+Lx4kWe9KuayNlxJicTLUZzYzboCKza1B1kbFcWgzFDTmorT7tixVrrKh1JaekRhD/SEKVNURb4csS1ssWtQy5Z1+Q1zH2PShJDhA6DLvv+/X6cN2v1zH26zWQxYJks2RvkbhX5uybvS8RU064apJRVNXGIOmj9vj4MoOli2Dg0juzqUWhjkuhwHi2pjkhAg4Ooc1C9hweCE1NOZ7POLVIB/OvuMa3ANRk771nV3PdCZDss6THAgKooKknfvOzjrWYRPDak6NBBc2JcgAwpEiBKk2hkTaTAHwrgqRvSXqdBo6SycGKHuO1KBQUIW0XuJ2BoZysqhAGRqhM4G2OdgBQqAJiAWxUVj+Zw9zz26m60GggEwzGo2NQNWcxMUFJkFIO0w3q1B8nbq5eza9H4JQpInrAniej7GYsmU2MOSftoR8lOaIz+B9JXovcxbXMhWJIJEDIEq+MBJOiCAnX3cabt29/+ud//vOf//yLX/+6b21/fNjv743oUKPsu10udz5JH/frtm37GI+Pj/fv3r16/fr+8eHh8ZHgw7uvfvPVl/t1d7FBgfSmn3zyyZs3r16/fv3q1au7u8tl2+4uW2/d5YC7Su8qkFAOFRGG4GYx4ZsLi/ZKT2chEzkXmpRk5HAmVlMJwhypikhLOL19zBh3NDQThEyiu61hkVNXXAN5RD5FEVE0JWAMlU5VFZ1AoxzQI7NBiJm11oYZaKISK1TROpmy2U7Xyl03S20nfGkDFu4zd0EIPNdovAuQuw144lgGCS8lO50dLArxZHiuwrtuEFnw61p+fIAZLDJ03iyj3vJjjONCH8uu429IHu1yjdSyxfTnJAkD4Ih4fbXMIN5Ia06J0dx0sbQoag1iJcfLrRUWdVpeFYy5Y2QunkzXbTRHD7NVaqFLN5YWlS+gf77FHBbodeV1hM9H9frGMpdwTjA7WHpLIccVKttZw3Gs+SzzeLaYN7CvtnPnk5kG/VEYWus29v1x3wXol4uqutotskqttXp9+eC3u9NOO+2000477bTTTvt9WAUIn4nZCpaNi4dr5BDLPZR3uF5ejgnP/cIfQ+z9PD6Pf0/Hvf5tKjFFzuPz+EOO+RHU4VvUMwUDn/ltrBRfUz4AvHQNY0P48u1afm2ID2zDvMAUG5UmsIzvxA5ylRXb8NCbcyuKTQVIBNq/RiiKFeeELDGpZOPkhnRM3KvUKr0GchvXXsLfjC31zGCihKAgg/VSiNekR2GhEmakl0aENFeFNWmTsbCSBp1vN4OWroiYscV4FtLGGPvYzSx144ypZLmCCktkE8fQfyQ8Q+61D/5UgSySnI356wXBjThooL0qGQ49wlfJ/VhcdQZvCwuF401Rm0O2QnfnZubqeTaGRNovCC004gRCZRY/4ThMLNKsGAnMIDeMcI7BMAyzMcz8ZP3XOIbt+/54vV4jC+FeVM2xIIxIPbcY5h6whiLVd6VUXLHI1UbMOtXgnBI2Q9soMF0mtoca6PNDPDuajxQlErAFp/gbIzTs2e8OWvTavKEcbtLIVydJRRPPLRZcNNHg3IkjkqvMXgwbqQSCq1KeZyL153fsBM7cIzlggYQIALECCF2IU4GmFGGx4zQ/y2/01pIJEw2V2A2KeFcEG8CBvakTich9JZHyzd2mSEOjwERAtegsTFoNIFCopG6hOLPQ/UQScxCTK7HkCW3qAAAgAElEQVTLZXQn3THkRrMBswcmQJiti1AHjPminnLQsYDAJXVBAPUweuZ95XhQ8zE5bvGMxcXCVBIud0qpjG0mqHxpk06FevrodccchIqQavXbG6jSoE1N8NkPP/+r//lv/+Xn//wPf/f/8Tru3nzagev1CuLu7m4MF/kNFD+BfH7x5a/fvXv37t1Xj4+PvXcV7b2L4NXd5Qeff//TTz99+/ZTbfLq7u7V5dJak0yRybGb7a1pbyqkgBrUxvoHGkXQukZqs1IvzJkc+R4dhhfPeqfS4BPNXIrYAIXVemWewjJ9cZK/ATpW6G0fACEIg9kYIS+ajGezQRs0ARQ04dj31BuFE/gQxOKQNnUJZRE0ihHDIKAqjTAKQYdF/aVhijCbr5K+D8RIlP6mFf8dkZqwOt1iB4gJ4lHD32oQBIsoa7knyJdh+l6EfHsJpxFD6/AP4zVlYy7pKdGpMWOKNO23MBqTOSfiHR4dUKhtgmSxKtEwfFNOmxkQsWhkR5pGYF39EjqNv0esOC4WClUnHMNoMDGfoUYbg8bYANE08Lxa8QQY5rNp4SdOvFNyk4p/E/hrQJIhsV37F3wgxosbQQlG7wL8r1ucDimfa0fITk8QSDNd0L65tSs2cUzomr59KyiJuSXGfRyB/fEBgkvvvfcmLp8gFO8CqkrfOgSxS8fMt3UM4M2bNz4/8y3l+f1kp5122mmnnXbaaaed9gezitmWnP8ad30Wy8iozyES+1Ls96XzSwjpxZjwy7+9qc93E9/+rso5j8/jl4/7IoiD8/g8/l0d8/dbDr/dNfj66/Ge+uC581kmOSAtVX7TQgLM+T5d1EQ9gRLNo1sZAC8EMONSC33AI4B+uyexnhX0WsLdEd4OXCTRgAWTSTW+DDhWuc+S2IQSYmWsXKcyaUHLbyt7FDPX3cT+PHnUESBkalS67yrFypDkXK4CJ9vNZiKjKMrM0zkx9UhnwrJZIHhsLqbq2M2zM56uQmxmLm8qopJwwEJfSHi2orG8GQez/Lo7yTmIiASfGdQtnW9HVfnCKxIir3gwc0zOblxuOk/lEGPiwZL7pxijYEGT3VwkkIRqa30zV8N0PBtAYJaaU0RUNKAgY5HxqjW80RPum20YVxF5uvkY5nyFm3D3ghSt4x+AtNYCKfK8gEnrVU9yF4KIFJGmTVsvkMPr3lKLc2VDOYbhNwtMGBLfI9E/11ec/DOf9Eg9RckZQ8fIPfuVZibGQLaYmwqQIp2BDk6AUDXJhfHpCKIkBhc8ldoeoJrJ91J4M2GS8gwydxOgOH+SI4eYWbrEk7BxeibMAe0XhFJh/JzZ9hLAWBIVYyTMLGoaLao+FwJRlYSFD7TNPMsJwEaOxQBTTIRJXl3Sz4kc5kM4T1mdbvlGlRXhS0dX3RinEwFN7JEILUEGQLjsfqzW0pjRyvDOmj4AARgKycubN3/005/+7X/8jw/3jz//x39qNOxj2KOL3O7Xx+v1OsxIPj4+7mNcx76P8dW7r3LCcozRe3/9+tUnb9788Ac/ePv27evXr7beVXG3bb13AcwGANBsqI0icma3O+idKfGath7wYM5XJ0D6PgB3HMk/pbGWR990wFFp/orHbJ6XNJrTCiD0nIJhCRDCScEsdDD4i5591uE7U6qLfiK0Mq3y16oEv2zYIKiiJIbFxRqQpc2lrFb8yUqPWZLUrpC9NENSHmn+d44+qylCw4gZZRQMCZcs7vVw0DKFbzRhzFBOfy8QjbyeXBeUGr3GuRUmRC81ByeXX7lD8L40eRlGknzDYZIqVbrOQZ2rTGXIy8ki0XT1IO4fQkKBsSmk0iWS6v8ktzQqCc1V2yqn4nHCHrN9otbZ3LLy5GVmXph7d+plTvzNLCWYlxx+XEQNEGRNFGuW1hax7eWO6+oWTtXPhGDvUoiPPdJCC6G3tm1ba61eJH3ADDMFXb1eVXtvvtvCb9BczV4kksgug+S000477bTTTjvttNM+CvuQuO6TY/nA6+Xl8pct6H/4WPp5fB7/vo57YvITV0d+d54/z/93ez6DM89czw8qB8f9+Yfrl1jTPJ+cRTOnuAmhERlfAA1t2lqjNdqoPeklVphM+ozb3TD51njTEWRCYlpTWqvC6hVTTwkszSi5Qw9ValUgyn8BI/QANqUwwsqcl+vsBLISVnMiAjOdYGpSmkeJY202EplACosGpgklwT8QJqVlmVnxlhOWKpeJQSTSJSJIHlnZKpI245/1/HPM+H0k8+YFUBGijAu/KHxv5kXiobBbscE6ypbL4fmkyZdeCIbhwqwK5CT/9oviqILJFeCOXtP5pze/C51lnDSxZBWlqqWk4Bj7GBCR3ppt+763/TrGCB1S5watcdsn0FM+T8SpC9Wp+GxBVPk8k7UHWR7ax7RWG6w3ZQm5FUixtGSwE0uLVVtTbQAq15mItNYjk5oWFRExrpIF6JFYDblSdaHLJnHjKVCpnhyvJbZeHQmAiqbJ4ZUaKULNjXTeZi4f6niqwvP6BTLiScUcsmwht4nINVYcyIDdcmQtCJ3K0sgylUU9mxoSmljGYkK2nkVybjmIqmsChBl2T4Aw8z8W7LkE5+uL2tSQnZWjY254WDmdMZRnMsIEQYUOskoyNBP0jtkLFAo760A5TtJ56TqJ86vyHBKOgpW+zL9RBgpu9UvGJgsa4DKSMCqS2OmDMJ7JISXR3l5vb//93/zNr37xKyG//MUvruNeWrPdrvv1+njd930MM7N9jOv1+nB9fLg+PDw+eDVaa5e7y/fevv3+Z599/vn3f/D9z1+9eqUqtl8V2HpvrQE29kEaOIbQYZbetPXmG1ickksLxp5GYjMfzTYhK5ltFmtBEgEZ4wmlTknCOEgwthlYIdEcNmz4rYeVXnSIFXtvJgjDwFnN85rGcgCjmlqtQkazAZoj9YyxiH2QEFUTqgszFhnxKIiN5Wm4eEhPk4h9uAovxsC+7+73DZa5jKnJGly2cjgMJWbDR3XQJEUwJaDzvznPEpxLILH2GeXJFRG8Ac+Ciai5EDqSWqN/sZtXi0SwpJaMWEbARoiWNylcDssrDDVxNUv116yhkGIQBQGx2EtDdd3sxIaNEFhOBtd/riGX66YsS11yc6vngtGYj7YCZbIWE3M8EO965CWzbLzr2TCKI8CeW1mrDf31bozBG7+ZPePdRtI3cKioM3VDUbu5Y3VC4DCz1nTbtt57pZ5UFZHGxNVVVMSa6qu7V6rKVE0nTaS1JpHS9AQHTzvttNNOO+2000772Cz32T4TX3053vtMnFYO18sL5z803ltBjt9xHFt+x+Wf58/zN+d7Kv0dPvHkzHn+PH88j292PZ+exwfcFx9QznPX8wPqyZvyl/rw66+PYy7AzKGedV9wXknPbKS5R742+jtG1Vojm7Vm1nS04BEAhaYctpkfEaaKT+OA4t3aEUNRWULsS7xKBYpk1tQNZsocCJ67ibdG7o2XwsNSS7SQwgk7FQeiAqsQAwdTRc6YzArBkokndOW8MCnwjTSaFi4GmKfcSX1RR6qKTrRESz26p0l8kuO3EUdG85RgmXEKtTvJYAJVmAMOBhGqiLQYDhQuCSvNRoUrEdSLpaMrbls9Fb+MjHMigXm0mTRy1lmErbXkfUVYcpJEs6dWgNAhHC4BUzWtnqoUR2VGio3SozPSuThm1sfovQ+MYeM6prDhPsawYcnXyod1YEsKmVmeHcWfcD3JdQAHdbGmwYJlxVXQAz54pM+qIuC9hJGOjR+ClJW9UqU5B7LyfhV3ckGXQY64QDUkYL2wFn+T1JzsOdiQ0sBKSYpKVSzy9Qnm2PGbcrINhX6nVjN4IsQMxVbnIQoTYQs+nAayIyLSmgautzAlecix5xkGE2ILgLAEUhfvEZH2sd4LTAYPZ9NluyGymGV/DjOqo5qOQOqECWMXgedpi56u4RBt7zJ9NsdY4LBzMOS7UADG/rBacyFnWbis8I+HTlhd4IFWVe45CIIrQDiRw2Av17865uaSQEH8f4CwQRSiEFACTlFQOWjadAiE/P6PfvS//G//66vL9p/+9//j8eH65pNPrg/vfv3Lr/axP173x+t134eZPeyPX92/u79/Zzau16uZbdv24x//6N/95V/+yR//yetXr/bHR9Jow1Ts8dqILqLSrxJZ/bgPXyFS0RpA0JKoCMKrKoSDI9Q0q2sCuxsF9IekM+EOJHhsBFRotLGbrA7fMFngySAcIeOZyWV930IrkEpFHBw1mjOYXW6axYyNJWiEnis1ADJymEDEhmDYGKP0hPd9L1dwBAvn6ibBpIcBe+J5RuzOxYz3jBhSBljNTZkvDQFfibSmlihO7dVwPhhpcvPLcmYCMUkU9rC4+BQN3nwsbyvHju6fZAqGr/7n8Gdk4EOpl5d7rOVlxftBUMJ5iBlqx08sze7UKBYbQhoxAmAl3a0jQMBoDovdQTHXzOZGHwfVZO6mCqcVaSwnQBj8vFrj6hEyESDWxcSXvZVAve5REYC0IQfYzcxiLev9ZjXJDIhJvQR8DwqAJqoS5FkFlDCa1BgTbNtl2zYRR9O9w0RFmgpNzCckoE177+vE2ffrtnV/ZF9gzXDaaaeddtppp5122mkfkZEvxJkjZPtsPFkO1+c/rZ6WI/Ji+XKICX9Mcfjz/Hn+d3i+z6isR6zO4/P4g475rcvhd3TN+69/oZ4R0eEzv6V/8TXlZzANyOXlhfvithwaKITC2SMJGJiZiIq0Cr9ZIksKsdqCD7iWVMiJPdnvvsAkBzswxkQq5qcZX58wwKLStxR8KCqR12XVDp6cm6uFlSSqYNmwP+tc6GB+Vyghk+2xsDMi3FYEDrP4hWQ1kinilAlPvTUBwiCEpTJkMR5siZ8WGWJiYwkMiwDSIgQeHSsh70ZRddaWSuZGQ4kPTq1EeH6ghpaoQ7bjRLiSLSJJBstYb+pLLphHgYCawFWyRAo78cx3knw3j9TGi1OkiEvqQcrwtdC3hC06rsYl+i3sHo7Pdi+hv2G2j/1q+7Bx53Kuw/Z9XMd13wdjEkyQRkUDzMx1KUDObJJECGOmJaGt3vLqygaNXFx1YVH8gGz/nPrrkM9WRwziDPMOM4g4GyoBVAhEW5sUHKAIayUxqqqGcjLaRLX6DpKIZ00qQixBqKmwH2Fizz96iLRzUQqNkwrEdcFx5WyzCs4L/bfZPppv1jebBJy1zErFt/iGxFehqvFLDc3OcoYxikkrCBYzMd8SSydSms8BwkxwZhAZaEIRA5KiVhRKwlY4HAV8y0yjuGbndNSwrSzIOaOR+oWoH+SNUid1ur0jg3D6Q8LAkncMHOzwL5JodJEbXxo++FhepAQt+ePmsGjSk+lYsmKT5oRrf8Af/vjH/+6v/np/3P+f//x/X9/9hoL+6t3jl9f7x8f7+/sxdqPtj2M87uO607j17Yc/+OHP/vJnf/TjH3/69pNXl0sToIkNmABC7U0A28dOs7GTQ4HLtgEHwImgGce4BiwmQo5BEdEUkg4PZCk2OqlXMdl0SVYXK4mzjimxLmTSO2eW09KfW6BDNLOx78GhUtZUNmIYh5nRWtNA/mi2M4YogkAdfZSL6iATCU1eYwvHWzTHVVsyoaJlvITgNen5X+l8MkwPGGsdgtHmvPNWbuk4XvlU+zrH5JwDWL6FLRIF/u2zSKGU2yEdpaO6BHTMtXrGelJfKB3Wba3VMYnee2a2M4ZQOC1R/AncLvMz8qm6fw1pACtozgxmQzAANlV0VRGjS9EWhgdd8DYmw2+YOS8yYbxW3ed6toW2Vg8eNl1xbc+5NqTA7EGnQXJJVmhrLWji2SsEAatOJQeJ+TZCBvUxCZqRv5OkjXSQ5mrqIui9iXQz7b0hNRgchrza1b2lqm6qTaGiw+zdu3e9d4bqqfS+ucSosxVVubBYTzvttNNOO+2000477SMweSn26wHZ52K2Mil+Mx77bDnvKz8iw++LP7/825v6fDdx+O+qnPP4PH75uN/wpc7j8/jDjp/n232TY3xH1zx3Pb+unhUqe/ZefK784/WYx3iunnVfJGsuyrGxizYR9c36qBBhRBslxeTQWhuB00CLoJcwXLImgAwLWgWvA1eTun/mYcq0XRk2D8k9B22YSNQKDS4xR2R023lgC8mhwBLL64WwVHIt3mcqgRZd0IPLyR6Ch2E5EAqled8b/lrhVY4ZeitPeNA8oDvGPsw8LhxcxCV4fBCIc/KXWauUekQhOshXCogzYgIPag4BhhaiOisNqtqbFAzUWrZowCkFQFX4NxtMnLLk1yQVZ0aKkWAhZ/cVOljoziRgZJEi2rRUF0VLYtKfLF+MfMxSLTrE0UChrg1lQd+J3u/J4jBat9kvRrvabtnyY0Ssf4zINsaMyPuThrZlAIdJqko53In3AEFPWzMfQhNJcYAwYJ7MnyfV1P5OVTcoqCaAWdSfGTKHeI6upDCKk1knPybj16EyGlkLM4JcEF8Qp+ackuXPkLifCpnxpTdn0A2XyL84vVfTE4AFncW0Y8weKXRuDjEWEzGIw+m8ZE78HBsBKFZavnpFdxC8YX0+lUIjtW4YUPrURp2l1KBe5m7oLjq9SBsVFGfMMKG2/HnwBX1vQyjCSlQu4/SIKVxAYv6ZXYyau1qdn/DUMitvyb3PAIRImF2WpoTPlyx0/kNm/notfG2XuHCYQdKBSugUZoM6udNrqA6aXrbLj/74j82sb5d//oe//+d//Ptf3//m/ssvHmw87Pt+vdJsvw7biSGffvr2xz/60Z/9+Z/97C9/9vr1Kxv72B84dtqVtsNMaaKeVpAW6fcKW3KOHfd9TC8FIQct6VYqOdEpgMkKfYcfDpSlCGqBaTmvTkiM4C77wjCS2JprRu4oscGxj33s5ow/V2idrT1sjEGDwDKrrQXd0MoL+yQlxGanza4qqtkOqCgzz+6BDj8lpOOXDtaTEFWEPjYL7Tfjws+feDesxryQI3ICwhL0tphnOdwik1zCtpHc0yHJ6LLFYS7zf8UaS560VuqcEaxtJyv8uQKNkVUxl9dlGQr10NBcXki2mBk/JbsxVoNqvGrVpZWAQD1dedapb+KymU7Rm+8C6dnqgUkbNiqxpQ/owtZyZ8XcxpTNEk4+8f5IM+lDdFL4gwg5110Vz1dZs3buqZKEnAES+SoBkDAboaSgVEEkzhzDe5yUABNFnGVYqCQgFsmbHY8XEJO07yq9Y9AGwNZUW4Oou1wQZql0fNppp5122mmnnXbaaR+J8aXYbwZin4sPy+E8ltjsszHh58pPBuHHEXs/j8/j39NxD9wb5+f5+Y0++Xsp4Zve5en1L5TAJAo+vZK5of695QOs+PHtlUwK2HPfmg01qgorqV1Bd448aVNpToZhU9uNmcfGg0ErwJbk+ozxZYTSzJwzU5zHQgrhpBvVkKiE+Npa6MSTVbkipcUCOoB3ywFTOSzhkwjXWaKDE+qLLEqApxz0QKHRxjBpkXCuWgfBE6HRqsUcryo9V5qZ7cEuAs3Zgxn05DEWz5sDb4OJDyTmEJyvoPBZEEDQRNE0eIjFclNt2vrWA5KKTFyOoDjpM8hKjgGLywYmNpN96ThHK4ApsTPN7VAV9n3GAkMEE2VzdE2PDEJPb4ZkYU7MI3T8sos0x1OFcVOhrPR2qzeL/0kINo++T/PjiLwzBeEWWPOA4iRAaMmNmZkCJRmBdV32nhML40wQDZfxvNJllkFeodwISCeeqKA7CWiiX8nggaTkqQe1o4UFpFRY+iZNl0ihWMs+t6pETL+IxAdbEUG2zNSADKg5NfMAIvVFj5OWie1hxSrWWVuDugY8auZWHbPmx9YLmHmOuNS3VUhkS0UN9vUpdQ7z4omlT0Ciy0qaoCUdz1OUHdhLC/zgbkxlUpEShJdMALoCxNGMOp+IMYOTJYaCPQIP4YoSHeD8lT1UMMwyl00osMM4O3qexQMV+FuQrlResDl+lxSdsiR5XQfTm08++emf/dm23d198noov3j3m/GLn1+BK7nvNh6vY99V2mff+/xP//RPf/YXf/EnP/2Tzz773rD9/t1vdjMbu9lOXl2eVURdvzlwfxoECVsAgI2RuxM8z190o4iIZe5Vfz4XbywxaHAlamcSzUXUkUJwjCkC6dtBgqEIMc7VxDnKY6RapTgbLTaWuEKye1AbgSTNTLSMgenzDnQyL3Ltmht8HNIjLVVPa/QGkHYgn8Wj5X6IdNp5YlEizeniLou1YMYaWkglfQiQOoZJbBnyxVyz/ZlSmjRYbu9YUP/8OzDrmsN+MqYgWOOWc7ZlAdPn1w9XCn4M/uTkHXZlxL/QpRj1yTcNkE611XQzqkOBJFPbt7xHNLPWe5oIXH00nGfx/qMTY7gamRtsqjlCrDU4usu2oeIjJjroVbBhnupSSh9gWT0nzuvriplk1Zn5i0s4PKHqyTMUoaufgkSoCXt7jt5jFVJVs3gJ1eavEzLh9nwdgSOCZvseGKFqpU6EHgBCoXFMsYbTTjvttNNOO+200077OKzQitsILSTFVW5jtnOf79dd+Z7zKzfxpc8PRFJejC1/w8/vqpzz8/x8+fP5HITn5/n5dZ/4ZtfztyvhyTXPlPPc9fyAu/DmW3zNXY7XA8ULxHP1nAxCzitJiI3BNhBQWkkXRtxQVdG0tdZaIwc9NRFN6CwdFdHiR8womNwuoxmEO5yNr5o65yAKnIjFDBRW+YX1RYiTVfjkEKyciTX4lrHK1FVb9NtmNsEE+TzqCscBRzJEPENREgYTgGLp0UUAMSLBg8PMTIQghye9yxgjirEjUkzBfATNsF1Q1dbAO4XVVApIk0BWW3NwoqWpas+DAFL8OFPRMZQzS9AxMQwsFC04QWdVwExgeOF8cCaTmwjb0onBS3NFtZIknfiPthVmntHKCvVWU2f3+58ju694GFEfQ2rEAsI2nLs5xWAzsjxjqYmFqAgTzKNKC2BJgsBXtsrAFha6opsrGrVA3QeMcG2xOqnLeCjEkgEQStE7gJD4c0m9DCJXC1dmKCzHIs6mDRBrTTM28SfhoTcLg18ePnIN+rTtqok1o9SCU/YWNyhU1DO8UZwrHMuLkQXZylGndf+19cpm+sujzYtLsE4Sv80arIBffXolbbJ4ODHn5cp6iADniz6Tt9aElJNDysQMs7tzSEQsvXD1o1rg/DPbM/2Hvz+BKTMYirjLj53hlbsb12ZY5rnUTedY9SeIjlkGzOrNVx+777sAW++tNWdQffLpp9ufX+7evOpbf/dw/y//+q+/+NdfXvdBwcPj4/748IPvf/43f/3Xf/PXf/XDH/9IVL/88tf3D1/RHmk7yaYKtMSKctqajTHMhghYhF7HzIYNzryt3khOKVPRpi0WD5CS4BytuLnrvI5eW/LAjTHqSYdFQjzXjcxsamJmYx+eNE6LsQUR8bR2VsAkCLiuKIyR+45zWRT4ZoB1vJlx3RuBJ3YjvLmeGeAE/I6rXo2H9DyRSRMJZ8UIdBrqIitaAyCVIaVGUfmumVYwoa+qWCGyvtfJ1UFXL0GU2mlV47BW3i4TIuUPC7qLrT8kgN57gnaM1R928zjkAYbPs87INUQe4niUFZj0/RiRTDHdmKcOTcVrjt1EKGIx0jLHcPVIbWNY2Yfru0FuH7ldLhFDdPdmvqWVZ1bpfd9nZCNnemF4DuONYeGMmoo0DI5hZrsqVHprrffee8vJEhueBBTpWCBPn1Dep9frdfd3oDEAUW3+1ue5DzV9HyAq2LnX4nXaaaeddtppp5122mkfi72IVqQ62XPfys2VeCEm/CQH4fw85iA8P8/PfyOfmYOQ5+f5+Y0++Xsp4Zve5en1L5SAgKu+RX3qGO+98vbbMYaaNTpm4DPR/EChqipsrbXWG9nGGCbD94LTRduksvPM/FiyUpaAqZm1MLSWIKyugcVlS81xIS6wMKNhrmuXOOmS7qh+VQeBCEGA4hwk1ug5Ai3kKYHMdbcEUjPhnYQGXZaeXEAzl86ykAcLYUsiosYGmitaMh5gIX0gIFEmI0wgyf+pxGyYkVWV1ps66uckQQ3Yz3l5rbWtb44LNlFtmhCFSh5C4QBhgjCaaIVTnSpzntsCENZ1qli1JoEbXtfxzC3FMAssrlUGQ5ekcBUzXaLE2dmJWhki3VeBvgnzSqYsBGGtBZQ4k0zW6x1ntF0mnU98IVJXQNUIcy+NJAv3YuJZy08XgT8c4sg1SNeJsEZ7i9zlP3KlX5kQeLLiJCRPWw6TiZhD/UW0dgxEOzpDNpPbyfLA6llIwxcVkJTBZzi51PVhA5xqST3VyYKcackk5lth9boy8+ZMcL+XjeZzo5pK8sdz4B1B6LIW8rk3w2yh2SEpbwf0K06Qqwta4u9cKFYFW+SpdeSvnm2taqb1Es10gAeMTVbweJZTFZR6+lXleLXqqpaJzeZTynKU1EaZrvHWzWJp8Nvvpbdk1GHqM67VF0rXrnC4GJ6ZT8jWth/+6EeXbfv0zacX3WTnf/m//s8vvvjy9d3lf/jpT/7yL/78r/7Hf//q1d3j4/394/1vvvyydfW1Zd/3Fl5ezGg2HO8ZY0+V0eQgCZxBmEiMVQJIr7EZIZbsuSKuuV929h5qL0VMAQETNUmGXw7x4mCl+m75piAIxr3FhkOZLElMWQAe1290eFxbAwsEC18Sfin3rYSjyPOrb1mz1S7CnYTAkuouyiqzuNcpvI0FHEWqCdQgzD0kx5R4N6P/BrhCcJvluObOH61nkiV7uExQ7yTrXZ/uOpjT9rgxpeQNkCCaax9M97+g7dW9c+5McC48ukBAC0KxiwFX4bG9gQBmVtqC8JLPvbI6czdU6A2sriWSSq44KD2Dos3FohIh+26iOYkhqaM+kfxknZrMTRK5MUGk9x50TdZbkfkGopaeIxF03bat9zbHp1Byh4Tj7a2hteZza9/35UFi84rvYfJdDdHpvp5DBZxK96eddtppp5122mmnnfMPcAMAACAASURBVPYR2Uux2fd/e7xSXrjyPSV8SMknknJ+/nf3OXMQnp/n5zf5xO+lhG96l6fXv1ACnn77TetTx3jvfW+/HWPvNjzZFg5Rb4GEfpTvPbcR6c88pnMg0R3WzAjUFVixcF9kRYDkmCKoWsG39k9E8GgL7piioUuskM9dicgQNYmWVayDSA7ozcttJr5DPuuM9kVqsoQHyeEcwwkhmNNCGPJfZhwrRpkEoiBZLXH5wg9UFIpWIMkkSCl6744RNm1OEqzEeCramvbeW2sp29omQCjBY4pshZpyhzgEVT3EHz0W0c8DQIglxyAEq93Qp24AwnxAnSFsLGyJJzHfFSAMPucStoYTOkLxb4nzEpMoaCRMiTajvXGnYuB6MDQwohmvXiQ4VbVU3Z5DpyaKszz7U17aEY85YIQrXWxtgMNNyMpeuEjzurKl1qNF3aMpgvllY1SCMs8/tlQBCdTNJ55VrNpGklAtac4mE09ZxoEtE3qBKqCO2wZ9MDF+OdyGMqPtWIDYF2VsnxIH18sOQxET38XRMsQvNxjGHKBZh5f6VI4zqD4nOhiz7RYgXJGMm1qt7ZAnJolwGUPLmfmwt3Nw9tGRXrg0AqM0HoovUx+CiaEUFDnBIVBDX1YAtN4ZiAO27fL593941+4aZRO969v/+1/+8w++9/ZPf/LHP/3Jn3z22dsxru8e7/f9QRpbFzhLC556c4yd+3UUcrtockb3qStdB8rCQmLMKKEeKe6onZftys8Axm1RR+4sQ9xyehhZcFqZSp4Ts0nKlooiFBvN4nZHOHYBrw7QMpCgWiQZRQgvJ+3wiA7OyXLoTTjIGRzqoLYL1uV48tIFIgm4gqR7u9vZJKil+XagLk5v2esw2fAOjz3nBuewXSHGdSnM+Tlzxdbavk6o92CEa0Pli0Y2k2B1s1nyrGP+kJJbqPxVQI69Ri7z1B/EOOhkQZ89fMpNXLcCYNlUYke25aQYjoM4OUmOuLJJS7DvZruJk0FrMeXNE3ozNVXOvI+oNyB/93AWoNOf85wuk4UQ5mKka+P7Z5IId7M9xQMQ0tzVgI7/o9QFbl4HTjvttNNOO+2000477Q9uL8Vm3//t8cr499lLMeHnPp+9/re45vw8P/+b+uwz1AZktrLz+Dz+2mN+63L4HV3z/utfqGfGI5/5bSQn/Jryc1VA/PHifXFTjtlOjpQO44ICsfIFiQQTzWFCVriKobp5iK8lPWsiJ0VlWq1UJlWKXZFPsgjYYZ6PA3cXy8W1HPupZzaeZzqmJcNQwH+2ZGo67Na34kV6PNDgF04g1XGlzGeHpK5YkGdorkM3izqQluCJjBwQUWRcUVRUmoeXgwfmcm/aQli0Sd+23lvrTVVbb9pbb72QCBXprSenUFrrTVJXNGPl0Apw6hK5DtRPAzkkeMymVmnTEqcSfdqrMzI4//QHjsHpR5Ekzy97BiAknFahokX91Ix7F9hRAyu5hZVTMFEEjZSZWXTgUzOcb6BO1dkVaZHsKVGBRqw+oJ0SjhQHU9c9Y/MJJldxebg50j2WvTLlZqOxyDSacJIQmnqUOVREFalEO7FPBKljFmvFnFz+wwyR32AXs9dWdo1G+sPKpqhTUDM4iX7d0uXrHNQc8shOxAHtZWbkWjGPmYgwXGFCbs8Iihao8CwIkfHtW1RsdtfhYEEgoiUoc3DILQ6xfFVH0VaqItCcVLJ0+ZFuiIWKdID4AkxkEWeXRqumBlZkLycannGlkovKk9bJBrj5Koa3M9+UsVsgSFUL3KitMVnSmtMi0TrZ+vb59z9/87f/05vL3ffevPlP3/v0e2/uPv/s7ZvXd2bXfTyM8Shqr+66iAxHIUQBswEbzjSymtuo6TtMijlp9dQgMYblmBFVNYJmOA4CTuePMczMcY7mlTfhLbBUUxo54TiXixXZypyqvhIsY4vwxcIYjPOUmUxgybHB2JKC3Evi3TYRuCM0lZ5BhLlirV1ZVZrex2ErDbI4J4OQgJhZazXXb6fIusJO0mEu3Tff5jTB0ccchlzNJM9Be4MjFi1yQQcXuYLFllcD1sSR8Dj5xrLcnU8KOT7O8SlIEYk8tNHmujRaoaE+mZGbTpiqoMglxN9HrLC0I6nwRmBgtkPIETjj1H0+YaSQKkrhjWeT9D+qWqj6oTcXD73+trWmVF9CkQChhxzMkEkxY2q3JiINwrVB6kaOI7rgMMl97Fu/+A4l94dDHXEMDF5EW9ukGvG000477bTTTjvttNM+HpOXYr/+b6HnYraSjKg1HvtsOe8rPyLD74s/v/zbm/p8N3H476qc8/g8fvm4V4Bz3Sh8Hp/HX3fMb10Ov901z47bPMWX6rnG0m7KX4755OZcTryvKnzmXsWjAkHs+9VsGE3FAIE0FYnIZVZOVVrTkUQ0C7aBB9wUtIzByoyWApHPLeh2AIOGBHWKmlTym9BvXOAoSYaNV3hhJAGVD6uQiBUyrJapeFdETFmhq5Us6NmnAFCQAqE45GcScFipjMKCk5XEwQhpIrki9VuakYOkQLOumq8EUtCQ0ePRQimaYAuiFovZJa01aapNWwuBL22u06WREai1gG8gLZAcFZHee9feEo1ltjBVInGaahGlihWoEyRiAXhzqE4i23r6wDhZu9J7riLFxIE6cCj5yNBSAUNkTgpNnPjFEzC45NdMLP5LG2QXsWBr0pjheQ/vK0hR6esUjKoy+HAQcBWHzHxOk/+aKbJunmV5nKIoyfH8nAVLoDkyLGKJ+wMoMV5XeHV8VgVMdgoVYuKTb2J3Ps6RIfUZ2+XwNHtwGcPZkvW7leAigqazz1Uj26HXtulTsLiIZSBgtqDQt03E7FXhKti3DCcFggFbCTWPGOHNT54OLZ2anvP66ovsjmqECUIsGzFmsTd3nLcueUFhkXVzTnHlENavCgdUxc0j3BTO45h/Ot6ePvXKE8p/uzyXYu3wCPKkJBUQHIKAAUKg2N1gMKNk69vj9Qon3EL2PZIIbr3DKCYq+ubNJ3/7H/7D99+++dHnb3/1r/+yX+/36/3Dw1fv7r/KiSDX69XMVEV7vz48gKJt69Dr473ZCCzO6Ogkg2oYuH2k6APNdhuBcIiJKiUYokXbXp9cQ4XXzKjdgTPEPoNCWcZcOFhYnVUaQ9+QkOxrM5cXHUxZUUuCoyWOSoF4SlBKrKLBE0x0kAlRi8t55/1YlMT5UL49JAnx5HOSnu5XCshhvQcEShN9GhxlVR+UoVF6QCVvGtCHgyhmyUc2Yb7jL5XJgTlL8beENX9q3m7hfyOm5zo7AohSzXS1RIGrsaQzWalSK5pAiZlZVlXGyH00S9OVvjRjY0Ysf9mMBlAqNjCnmrjjj0yDhFkJzIYmdvnPOam11+owFWchgL+Vhfar7zcgfDcSCNhgrMxJ6FxXq9wW42tkNFpwxgmBWL43RfpMVaWaWKw7iHU8BdB9IHquTV86Y9D9/+y9TagtWXYm9q2149yqklxdQkIut1Ruo27atE0bjxoEHtggDxo8aGwaT4wNNgKDjQceGGMwuAeGHmiggfDAjZBAQgO7hWVBNwiXC1oDU8JtGuyWS8KiVFJ1/tSr/KnMypfvvXtO7LU8WD977Thx77uZ+TJfZmWsyjovbpwdO3bs3zjr29+3ksNbO975fF7X9fb23Pt6s5xSgIAZS+PYjoTeOzOWxWchvmOaOuywww477LDDDjvssJdjWn6OIOTB1H4OXfuKC0FjnKc7fdf7zl33o/ofL83ffhwfxy/hOGMQ4vg8Pj9Hn2Yf+NqgtUznLQ7uXSm33/Z1ld5VVKlT7ncnkkBLuDGhpbMKLo2pQsrucMwHGI6/jWsnuFdbtzgFWwqFN5CkDsvmLi/RVVw3pFzYYFDAfWgoTqtNXJ+tN3NSn0SQRhwdDKaaioj0voltiCJ/ZwAhlJjVWHmBMVDGGAQYilCKJOZm5DTjD1KoPhKonRpbWMHGxiDkhQylshCRy2lhCmCQLSqcK5Au3CI7HkVw1IKS9wC4g9FEvqpXdwtFpKbcFUA4tWxmoiOB/aul1a79yOXP5gdKlaVWeCJzmwYVtSK1Eswj62SiKl2F1JT7FCie3YnL5zKsRrhkBCTl4R5byLoiAID7AEIVX+Y0qKYBEOTwSOTGB0UMgJT+JKIIPRlt51VjraleXquJ0IE1vLvx8M9rgA2kogJCivjlcw9+GyVAQbA4f8EAdVoJwdgw2+FZoSmLaHqNDsYBRocqfJpNb+ICECb55hoj3AUInVBJhAIQ1gmkTj71vJTZWa8w4A0c7vWGmClpU0Jcl7Y84d2gY6CD17jnLhR617eja99x0ZgErhMoAgK2bm0cP8pRA+D29gxVbyfQ0prp0DZihajoZT2v59sf/uCt11977d0fvHM+P7vcPj3fPjmfnypkE4Ss9355drl9+iwC4wa2ljhbmcZrxapPMEbctBi51Lt4DRdib0Vosgqm2tqqUwaKvLcu1XlPPf6s1EIaiAiXn94qi1beFTmjMDm3pbfY1pFA1zZ9MuY9V8zekcwNxKgyvSh+0FJGWjWwtrGFDtU9vcfMfAMcbkbT5tZzDlugsWZYcLJs6ymHrWApqQXu7b1fK69G4ol/rBBCof2BYivMtqi1wJuVy6+ckXuyOdIo0dNTBMGzrg7lWWppr5uvdpUSWtjnZOtyxOQvCsz29tJ7t5xbaxn1cjNqXGS2aO3W5nDJU6s2sZYdw5CZjUrce7eesyxLwue992fPnvXemdtf+PKXT8uN3cF0r70YzARurdmrx95Wh8MOO+ywww477LDDDnvpVph87lONY4R/bPfbyQd7R8q4w93pr68qKfevveuqvRzu+3xImo87h+Pzc/c5GIR7CqTH+eP8XefxkfPBA9LjA+Z/nR5X35YRMKX/oOXJ9Cjnr++V6Jfnc7lc1nWVvjIxWMl5hOrMXgIRawOLOHDE7LJj5nmNKE3V15dOLafLFf4TArkIT+6kppVhwGLDPij9jBvPoMNO8f9cDpMFiMRmnD9g2QX9xFME1wIAbEe8u0NFjKQSDTSeUGvUKRGFGPtQVES69J6es7jOHHAB0pnzkZmIFczG53CMsCF1GwmmF2rCjstiLr/GFmJwMTZhGHPjJeIQcuNUN2xLW1qAOrYpfyAYs0xj4HBOTTMMs0IXo56taajAWxgH1VFO+Qo1LkXwd/JFBr2Ly6qF5l/xEhqlZgqUmDTRQivUTKyGyqpy0PUs9JLRjboKQZlElMKBPzuph5vXYzASExqFpKfXbYt4S45FFEeuicRJDdkW5QuA0MMeUkhJNGLfgIZ0NquqSbGxjZvWWhsOYY8jmWPCbgt1Ob68ThWuQocsgvmoDQCLI/cF5yOk/GzCXcSNOeBkBrXGTA7rjCEPh9VpAqSCi1gZSEQlsmcoec4AwxWuBh86lN0skcVS//O9vLd63dYGtmIk4jzNMK4jansrKF39taMEvTd6uZcH22Ib4TJLHdyvDddnQnq2Wx/GA0wgylSce/+cyj13+Ompd74NWJmJNGZmCU54EPdscjUesw1DJpYuz26fPXvy9HJ7e7k9X25vb588+eE7b7/z1vefPn3SL+fbZ0/Ot096vzTb/0AEUenrelkv5/X87NLX1Vl2sgLd59jcqFFKjtoJAu/xrhqoJnx4UyKEMYYI0BS9HnMcxp9j1qfpqoooB/DmG0UcayVAIC7iDQXYGOQjjKuOfLKxY55GmZ9sTII5gByuTzyEsymDBVL0fZ3GY1DutmB8FMVUlIl4vFxMvXe/82RaW0hCMTivvY5f6CTdSWIT/hpwjaKVVeiK7Osz6YQ4ZqzWRP6C+BfT2BVZdg9PdfIfZpp1li22iUwIX1aYbw2xaXGao7h0La2rW11tTcWdmTfvP3VLTXmdGq3lhdURzrAkFLH5LRvHRVNjco63yuSyqyoHB9seK1QShtACPHqlY88G0xpAaN31dFq++KUvntqNqva+rutlXdeYG61hlmhkpftmsMMOO+ywww477LDDDnspthspbfxk3vt28xn7o6+/9Tvs5b+bfuMfpnv8xsf54/xn8vyGQUhXn8f54/zuef3I+egD0usHzP86/R3lBAKW+9Dl2S3b9X3r3g0C4XI5r+tZxMIQCsCAh9xz92jsrDdrjYUZFmNJREALtwKHITxczjQ04pX70Zg14QJyFpSvg+m9r57xjImUAdvSA+hMQa85zACeJrFRTV4xgCCXD+0awJOoSO/hC5Peu4NOLl5njeMw0/DhDg6YWEQsURXtYqp27jUjDyLoQnFG1GCH/toCYgIr0LhRM+xpQUB4YGrsiCAxtcU0LRsx2rIsrfHCrbVlWdjj0CU+yGxMLw9JGDCgwzoYQpURFS2cp0U0PVIHmEj25DoxNrYwxoYXFbkRMEiE493KvaLkOJhVufPrJLpE+Md18p/K6AWZ24B4CuzkACFTND0UEcuwq7LHGJvcxOlpDdQUxMwtlF8tOGQw2Qwo30YRjIKQt34ydEAKp3BQAITmv6aiSUFIpJTdAQ1iMHPjlpUQipRDG5NAUPLAZogIkQoRg3oDP4+opIHQj6BshblSu437kJ1BaN0T5FHK7PlH2QNRy110uySYqOJsqegUlUEIDmqmd1h2HcXZEV8gjDgz90yb7Hg4zwu6ULbqbfun+f29ha4SVCB85Baw5WCXFiQodWprDkq6iw5urfjvEWS4Mcnfnbw8nk5/XVnApSOHGGaJIBOBQ6JzmsSJiBovjUlJVl3XVdb12ZOnP3znh2+//fbTx4/Pz56eb5+dnz45P33/cn66Xs7r+fZyPvd1hSqxMxTX9bJe1ttnt5fzRS4meWmx17pqF1m7b90YPXYAXa5xPeLb+gAevSub3zlxuXdCdUj4whSjSUkRYxymsSnzklMxtgGoODNPg4kNZ+CRL3BaSNserdBkfks+ubqNUHnBcSORJLptUG0pA8FQ7Ql/KhDZuLsGipk5Emd756rqawd0D+cbg6XsEoosfSYYuqPTLoEonp0M4JPGxp4CYeby7ktCHXkYOCJcabOqEJsEa1PxdTH2OJU3iu3QGEGURcCsve+0ci50m9kgSqbqssljPcmWTOi6NLqtJlT7tq2FLeb6TYGjTwcWqik8CxjASJoK4TlPB8oaUrbQ5Ly66Ho0fm70sJDAcL1TJF110/8RjMOEBnvvpsh9c3OztKW1Vh4r9zxQrKckfRKlOOywww477LDDDjvssE+NXXto6w7bu77deHTHDtXpM/K4uuqO9BvfL0r6D+YP/6Dpj/PH+U/o/KJJtVBHPY7j4/gBx/qhrw1niT4g/T1p9GF5bsqZe7Wv02+uHUzB+V66l163+ZfjUgYlRb+sfV1VejiOBEoqYiwCi41nYINpjrGwQVZq8aCElmUxj6rQJFolAlFlVebmUX/C4x4gCIo3E9DqUqfgGMWWmfQnjkd056mFAcwqTLejwEMrkXvKoOnVMs8dIKpdxCQTzasFVYdTgpEhLoUVjumgHYr2Ll1EuvuORxhCyq323CwbIaMtWB0ZotdArOC2NG6NuDE1V0kF2IRDW+PGytSauTsbM1pb2tLaAAiJFAneGIyb6I4S1GNJORkxCVjUtlHc2IUuvQkSIPS6zbZLH+gVRriFCZOCo6OBSks5hudUPBVxP3L2DksJ7Vr7BmG0ckAC4VHF5ID2rqi+UcugaiHREB8MShCr9RYtPvPwjVroR2ohc0koZCMjlxjwqyoUg5Ca6RxiWz8sospow3Ff+23BDKIO2amejQc+Z5Qtj1lWAVR10kfy/xRCJExMUHHq16iZLNUmoOPMxTKAsEiqAq6KWxo6HqXI05VMartPXag8fsTliu0CxZiRDv8afXC/1+1CdzkR0rYYAFSmxx+lKpDBHrto3Eu1z0Uu30IZqFEspwLz9sz+7VJwODZUGRwQSJdPcUh9TfXHHtSifVhw+0T1z9EnLVolYATlBovbRxlx1saOdCVVWeXp4/ff+v6bb7355jtv/+D9x49vnzzp65m0Qztk7evt5fxsvX3ChJvTF6BCBBXt0s/ny+V8vpwv/dIN0bXlqTXuvffejXubmEeiEQAIppBJIj0fIfotBzoVSI1OLYjSMZw7DgQCrr5MECnEZhhT+sztIKnYqcU4Scaqqtq1w+QZK1FMNYbU4AOO2UCD1kmwRew+5ISGMrDnI9gw8ud5dSB2ZiYRmR1yyKKSV6JGFEar8M2g3u3DqnotuJrVXoIpogKEANVbZLaRiQOEIWdLPMA2nanPlBO6qoI14ajrwpdwgy5S4Msio3ciclg5SKIZnxJAsw52Rc3cPm9WwtRMpQAiYkv5ppnmDkObDG0nUeJqIkKaLxo1K0SYSpe8NkVaUpWu67ra+8xyc2rciJBvgRaJ+bxemFprS9kelaK4tc8IEZ1OJ2a+vb1d1/V0Ov34j/34zc0NEa3rWrd0MJNFULZdaMa+rSvjYT9i9p1Xnn339dvX3jg/euvy1jvru++t7z+VZ2fp6wELH3bYYYcd9rk2AtpCX7zhH/8Sf+XLy0/9xPLVnzr9zE/f/KW/+IWf+9oXX3bpDkvT2Q9M4Y8l1Ej3noau0sNllGjP54x67Xy8m/5DpDmOj+PP1PFC5WdhPRpOruP8cf6Fnt9xn37k/PVjSL9XzpAonM6bB2uTvyJ0xzKh/XO5nC+X28vldjndNF3SA9W4gVzKTAnEvJxOqgIV6bIsS7+IITm9r0trRAxFFzUczJxa4SFNqMighkCZCtp07Tqc+QTp30QmK76z8PTFtwUk9JBRltDFRkUE7v/T8EgJRLuISDZH0kXE3YEhqOXwhbEGtTtx0BzL5vZiwMPqKMWOfpCIucQat8ZtcSIDNXKmoBEEXcrRQ2gxccsIhbYRn1JX9NT8O1dMc9imJc9stLNxYZqnhgMtWyzDt2pk0yT9abyueO1jRHObwBiq4pJ54B5dhZE7iotX3d8q1m+bsjgyO7TLmMgJFAElN3PWGghs/du6+IAJ7X2MEi1XhihgMrrULP8RcUvhKHO4hCluTQQ2fVGGY3VMyc5TEHNBb5jiOQEY2YKINj5o0/wcnTkEdAlR/whqoYeZYvbog17P8QJqrZvUNBgnz7t6+Iu1BZHO2F4uvAoAyhxb0oxEkgPKFW6ZqBGDGc11cEMW0yi2hWM6HtBCXdbxOKanENaI87PGozUfJKJD2oCx/DfddTMVTJ1wRojLZDNNlJMRSoqBjSWkiphZ603r8CBuiP0PKXw6IkQ6LpGMtXm0zDCVz9E7eGR5Aopi5wNxQNMUmwgr0HuV4dbqq5j3pFFOQImbiCq0tXbpIl3g8UodlmuN1kt//N7jH7z51ltvvPm9115//MMf9stKIIYukN7PpF2lo1/QL31dBdKYWiMVuVwu63rpva+XLmu3CK8WQ01V1nXtXRIo8fnY+OC+5QMQNVYryMKhUegoBmwOQIOtDILxAr3ySEltmqXGEXePQj+4Z+e0q3tPDJLX9bLRGq0AGACjUimcQF7RFAoYSqGtlbiAJQftsRJFo0b/zOUvgDICEeXcWSFA47HVdVNVTAgZDlnG9QN5IoDastgC2EVyKhvbKDBuVAMH1mEIkwC1SrXvx+xEjS0Wr3aRaKeEEqMSIs/gfGf+Pg0rxskcldFAOZydt8eNaiGXZckLKxqX3PqySnjEXtVOBGawB1dVY/75O0cIooeAer6iDMDS3iVSmCFVya231FmuVmmt7TQAIqqyZt9rrTlu7ajbyMEnfIKIiZcSg12ym/NdBaLK9sZg60KXvq69dzRiiGpXiLUpyNurd8cdrV16195Vuoqgr7KuAqz2qkVwtYbWeFmWWsmmTSoi9hJ02I+G/fGfPv2nf/L+t7799P/786frqg+44rDDDjvssMM+d6bAuurjtT9+0h+9dalfLQv9y//Sl/7Vv/Klf+2v/vhf+8tfenllPCx/iI/f2MUfW355D79u/nAP/1jxjNyRzz3pr/Off+Tvp9/N/7np52eeynNXPvefvy7nh8vnOP85Or9gwkHSMUfH+eP8vef1I+eDB6THB8z/Ov2mnHp3+g9aHuydr/mna15rPpf1YhjhTf9i05MHrikeTFed89h2g0XlkcwUIl0bg4ouVEz+nIKA6d1nHq7r4q9O4G1G/sYz7NqcLPCQcI56+Wikk+R8wIkbQUBRuJtNc/e6dndTig5eiKndWe4ecrD3DGRICLlApiLGRaDmum0WN3A58bKwIz+N0Lg1XlrjFsqibEz/CE3YAiC067k1bsyLucPZffQeddDgrIJklGsdaYQHcqOJklWabuPmZp18dZoAYZLHAu/YgDeou5nSTUnp5WXTeHP+j7oDVkGCUf7NJ5KYAqi7a31nlgJQC5SmgSuT+fpFTedT1QR0PZEO77ZCh2feb2XYq8G0KeBantGdrgM4HR5zFOTv6nVIXECvdONM4nLANYhdC4Cw3DqV69Rgu4SEYjQg2ahbqAkkVhNKhV/i/m2DwwOMZMMUPfZohbJ05Hbd6JuJaX/6yu4RnvT8NlGpa2hwrn9sjmsnGbcoJa7E5YmOdUdwNc7i6h1dESCgDCAExJ6lijJsKvCK7OhTX7y875aH5mqd45ol1FsQxPLMdOc8ig1ymykp8yw/hVYZepLe9VS1S+/63js//N5rr7/63e+++f03LuczCxpR770xQTvJRfqlr5d1Pa/ns/TVBruC1nW9XNa+dum9X0RWkd5VhMgDvIoIUjXFNaMLUcsHts2BGqqhOga3Ly7jmi3uwgzfzEnsMBiNzqoEhcChSNpycHXqS6PeJ3MlZ/JQf94oNDfgLFbphaSxCuZqmBjhNFETEZHooKntlnPTObMaKLY/2IJok4jFMo01cgh91xJyAXPqtHY9b2PWjyytoWL0RCpvKOUfVSWy9kXS+5jr3hWK9Y6To7aZ/CovcFPPV0Udc3rmQ75GgZlUSZVSG1vLJFCg9YoOuqRAraI6G9hJw/by8Iar6AAAIABJREFU2+tQoxuw0JtDVEQ45ujs/737GlfgRhpvWmxw4IQ12tYnoTHIDbu9Pd8CIGYP4ew6rmxU/N6lrxL9nIior90WGCYeWywUKa3AzIGqTt2hd+m9t4WwNwEe9hmyP/yTJ3/wf7/3j//wvXfe6w9Ifthhhx122GGH7du66re+/eRb337y2//bWz/x5fY3/vqXf/5f//Jf/6s/9rLL9fm0jf9289Nlc5720m/9sXM+x/nj/HF+nN+NQXgcH8efwPH9MfwenuZDpfex8PCYgtdp8lj30t8Zg3C9XNbLZV0v63pZ+mpR7oBGY1yao8ipTCE8GWw8IOObGWpYmAxEzYQ0KSk0yS1Ld7MjEiM+mg5/ZTj2txhhuH/D++Zgj2YW5R/3HtO0715cYRQiTv8jQH3TPcSAkgh21SNejqOJ6oigo4MuMWfuWSYyTgED5P5OIiJGWxzeWxYHCLkxc1tOBIOADBc0hVAGG0DIzWiDyQ00lI+5sQXFc/gkAUKX1CuwQ2PKa5xuyCiIbYJeo5LNz8kUfJe6MYoQfJNoojgIDURKz7rVDCEjAmb7EqCiZOxOsE66okQbSDKcrRU6ykZ1ShwFq87DPunAgDXwQFOdFYJKAoTedTy+UlEPpQDG2Ku9cAcnr67THTPoYmCg5k9WwMObIWsFNDq7lzCJaiYYSmTsjwDFOBprdhwrki0zDdd9I++TYKhAsH0Q5EBtWQfWpA6ObsmC8cRFYlQxypJ+8EGB3uIoBfBAYFvqM8lw90+fzwUFN/zCRK8DUvWOtlXfpAFplANHlbxi5vyz029uXm4aQ4SoIr7bss2no2bndtwTYNuCS9dnpzOKO1PcgUcWQFJVjC96WfvNzcLKvYt1a1H0tT978vS1f/bKd//8zx69+tr7jx9/5ct/4ce++EVSPH1yRlfoBXKR9dnlfLteLuu6QjtRg2Dt/XJZTUBUusjqB1BREoILODM1BAs8YQ8bDUSSuz0Ao0q3de0aAdVUcsFB7hHxSHTws7aXwPiGsVMBzim3cS4xYwTNc4KaAj3TWn9EhvrUTgVfPmOGLWilj3ogsU2f2io1e4z00QWzv5hOI/lUN+QoTRO7jDfr8dm4CtcsjpzHWiwGG9p8RuQakhUjtDMbdDC6XKmiYLbWbUB2rYHAHOEsUR7RB6zNxsSqYhUZeJjdaITZs0Kl8ECxKWzhZhOMWQiESn2KRM5MVLYxR4WM2iuBUeebJmZf3oLKHD7YnIAS8bIsKZk7zW8heFDNur7GxiaTJx3vQRj8WnttcLVtDiDYqHu26cnouKogksDaVbo9TZd+ez4vy7LIuHUuRutq6qRqhQ9SoxiX8XQ6GXjpaygGI/x8PifALMW6CHqng0L42bT3n8o3/uCdf/SP33310flll+Wwww477LDDftTsnff617/5zte/+c7PfvXm3/obX/mFn/+JH//S8cr0SVrsWL32zW6/3XymD7b+xNn1CW/SPzwG4e61D/FdPyT9B83zOD6OX8CxxyB0vOP4PD4f+qkf+loEivTR7qKbPO9Ir7tXAdffblNi/166l163+e+nVFJ08+5cLn1dpXddxDw4tr4wTIPM1cl4IFDMxJ0EIJMPQxDZYAiiefCoEbXi/yY4TcO2vY+KH64617hKqIggWn3bjlEl5RAKpuT4Sbj2/KEJGo7jgfCFD0sB6V1MLK7Ii4HQLZkIAEtg+XSRLubGFtFVLACXIDAcDm4lpYyaiYZSa9watcbL0k6n1haTFW2nEwDXFzWVSg9GSMZMmgBCxxi5Ob2LmZyF6JELvRDuufOGasSMZCEGMEieuICFSTQJGmS8jMT7ChX/sRbSlfNXiuDkoCOEqBwQ6pehRddcgs0YbcjQT1ooiwFc6ex09vcfix2oCrHgmcmZc6TJn0XidYtVFcoEYXLakYbypqfP2jCmiAOyrbUJ/h59DABZaRNj1XR++x00ySU++LjCpY5gl96XkQ4pOaIc8Fg6l6MGkPqBWWOplVcACR9XwY5Spqo3jCDLKqff3LsQFRLqFnvLI5QbZdlGLZXiRXA8P68BUgzMAKQmewcM2ua1Hu4M1A2Acw87TCzVWnsweDBKTaX2ak2mh98y5QIIllmNKuUoam+CAGvzbTDCRFlGvj7fD3suoYbv/35IkdLcOKWN3MYUOnV1+1WgYGKDwji0PhmKvr7x6Ht//K3/9wdvvvWFZfnZr/4LDPTL5Xx726DaLypn6ed+edYvt+tlFemtNWIotK9yuaym8NzXvtpKZBsvTMOQjLQtAqMTGr8v1wuxXywKMhFUYgP4us3YUBYVDpA4BD9BLZ8NwsRKTOhQZfV9EVrQd82OapO8Zo9sxEqa/apw5EbjFrwtaHyhC6xBxrfRb/1ERbqx3jVlqsEx0rOxnDKYpQu6oMfYkzFeTLjSezGbirEkt9JKxbG5JxmZgKiYjLK9AjRHMSexmAnfrrBcbNKIvhQPycRWYCqgV0z/SI3n2AokMR9bZRouFnWLlFpFMOi2ZSs3yn0adF3yBAgzlGR5IiUy9FjsXYFjo4xpjXoClzOFT3QUgsnWT31FpWhYyY1QZZ5zMQCJSTjVlitptu7nyDcc4+T5KxZTU+pCvfcS5VcVymiwlwYiEVH7dGcF0/hzqN16/jQ4inAgG4YF9t4tMuhGZZeIbm5uDKFsrRE1KvK8ViQLpXzpt+fzbV9lFeXGIBrz4WGfEXv73fUf/v7bv/d/vHPoiB522GGHHXbYx22vPjr/1j9443/6vTf/5r/xE//Ov/mTP/mV5WWX6HNhV2gFXccgvP52Pm/7BMcZFEbEXd5m++45/urdPF/c58eR5/F5fN7/uZTty75J+zg+jj/WYx1+0xeZ5wtPv5dG98ZL/cxrg+tzlX8QL1Slq2kvwp3bCjJHsILdEdaWtvTWl2VZRE4WPS4co6llRoPsdeWL3joCrSQbz39xgAbeUzxihQs4wBjfNl9hpOlgiITWa6+ORcUWP9vIbpf18HYItKtIXw08VFeKdD9mkiPysYw7SG3hxYiDrbXF/qPWjJjm9LDGyc+yWG9+zMStUfNYX4YOBmpCSega+FzBIVJWlFpIldIEtBT91yHbaC5H99JGe6hcUbWMlzN7YBmD9uQpC6an0NwTEqEH3U1rBILRSwoIFxnI/OfWCGCQQJPaEr7pqtLm5RUdZU83sCvXuYM+JViD90BXNVDvnpXgPcFzL1SP3VJXLmCmRzid8+4eJzBJG/Wp6Y4iZYZZoUgaDJzSZ5HNrAebb5djhObt7PGDbbIDEF7f/YqEp0TzuMB93sPMMEmTCRDu+vTvapH9zKNpNn3JSdal5FUGMCsugIpxlwQuhsaru8+JS/3UYVLLn8fMBDSUnK9LvuUUznbX0Mhvgxe1DxCWUm2+9X7TmIyNtCxNVSHKgKydQU8ev//otde+9Yf/9Ol7733pZvnSzY322y4KkaWprP3Sb9fLs77edrlAhUhDG1JF5LJe1r4ad9Do7GKLEZQgxN5qEeg1Jt3p0bSOuN4lB4qK9HXtIi3IS558jgwK4/PN1Z6ouf2xacES3G4S2hUV35EzJkvKOHOlVilHtKgrI+ds3DMl39WX45Zs6qgzscxJdpVuONHXELS28i1EhcR6bmCFmAiCjkAq1QFSl9HrXlf/krGpZ7tG23M4TsnjmVMkwNccImaKtwsFDYFM0wjfaLRuxlq88FTK5jRIy/vAoFHWh+OCydmwTQa/1ZKDZJyVjYwCaHVp21SypcpyzIbj5g4mX6RrRRXB2M0WkNH9RHzLUWsgryBbR1SnoeN0vd4Tsy7V7pqywT1VZm5La8vCTPmkdrnfMd4i7M/T6bSuq7Xmzc2N3W5ZFibtbtjMsb33tXerY1Xtfd3v94d9+uz2LP/L//7W737j7QMYPOywww477LBP0tZV/8Hv/+Af/v4P/tYv/OS/92//1BduDjbhx2vp7Sk+1fz5nD7Y9Lvu+mB3r92c3/HZlvObPLe+36v0z8//Icd7eX6g451yHsfH8f3Hiw48A8fxcfwJHA8K4fPTPySN5/mw9Hp3+u21+ABl06v8kceba91HK67vloAckfPGYkd8OustYN7SeldV6bCYNBIAFQpXCMVPNnndqmeQXZnS/ku6WbqsMIgHCBILHA6Mp6o+vArMJB45GISBFbrrUWRgUCbt5a5GiT/RRawCRaVb5MGIgeVeOQ+1Ux4/3X5tobbwsiyn07I0bov9Z+ggt9aWhQK8c59zKkqGrKjBIwYQmriow1fGMkx/qLtQhyPVohVSM05JkBzDkTcAwnAHD3lQSpc3yHh67jukQCoGQJj/52x6Hf+o7/+onvH4N+JWhlc3W5CHnF7wMcJTrNlFQSHq53lgYuOEf9fA7gK/aWQTfyhMwzCBVY87OIFTkyc9jaDTX/kI2Q2QlMbCfaStb7Rw4DxBKMqaYCwVkbpSjDpaY1hdg2eqRXcidq2NN0SnLY6HMJ4dRw8xYbj63AMRo3zIfD61HWYFkYxNb/4qO+43iqoTlkDZr2beYPWD7zbHvbZNOYchpNoEG7Bj6mSh1pwDIYdNahhOBY5CA2V8jt8RGA2xsQHtRBVB99I9+OHHr4Od++3VZIlwWBqNKZAYUO99Xde3vv/9P/vOn773zg8W1pu2nBr1dZW+QjpU+npe1/O63vb1mavxIrU6tUu/9HPv3biDl/N57RfVblRSEo14rCo9Ie5AF33s5iQDEIkpK6oMctVlFRWwBdMsnOba5SKqLixeKWLrkEacv6nZortKqRwiYot4muoYU0ct/UqzL7ioZuA61m3866q3aWhQkKSjdUwo0piR6H2QzWqb2qJiASODzlu6eI6nuskn+GExWP1lQOvsXZ5uA1aVLk0TTJgAYVni6xzY+1qn9aDuId8miBTBraMxdign1fHagGkY1nGgQ2ZgYh5v9g/Fo9l/k+ZnXmXLQ8KIY0oZH779cRpWGJdvAD9TNhevn8QHRw0TWeTe0dY+qbBr03pHyoCXoyrg0ZftRoZEDkGF4U4iIukq0pmb6ZRKl3x/yE5l5gxFIiIucKOeTqcs87Is67qKSODwDOoi2tqy9nXtMbC9Hlz2fe1H4LrPhn3jD979n3/vjSPQ4GGHHXbYYYe9LFPgf/3G2//o/3z33/+bP/0LP/+Vl12cH2UL7yMlByN8qsEgnHytuz5Y2hxHznSP3zjSPNTXvZf+vvw/bJ7H8XH88R4vBZM/Po/PT+JzeIhfaJ4vPP1eGt0bL1o9wXGt3rF7BcYbMD9vX1dzzSRbiNjU1pzyFSKjrrrILsPZTaqM1IgwDh2BOFUqJ4wwqlszgBohA9PBVbyiAMHxMtek+CqqGsQOAm08embuBQuxrC49T0IH7SA35htQqldKpH6BqKgIuqh2lXDmRp1o8fRROG65UWO0hduypKxoa9yWFvTB5gChI6+EJA66+GcAgi19kY0pAcKGxNXCj0s1uKBhhI1aBQJrILdgFmJiwFAolEYTjBeCRAkH5lGghXQxaoXDUnqxOjUxRZaswQVR3Jr2qiTWaQmiAtGggSQ+RulETjet2KuY9zAop/eWVJWTdxLjQkRYXR7NKZyFc5m8vSt0cOpvmBCHSOAtJJieV2NApB6dpUXSSiJopMUFG2j91Mmjjp+3VzDFSy0MoTNvfGCPKVAdHQ5ZUdO9vSJWgcZugLkc+fe8zQwKBYegLOo3ccEMfiXEPbv4r9z9c6nKVxUnmG+1f4lOgAdtngfZjUNnVt01TwNKj4JXTNObpooejgcMmMdy34BVoqXE9FyC4HXfuP46wIY7O8uG72Ww+vjbQoYSQUDico699/fefff1V195/dVXF8KyLAyVfm6ELpfezyr9vN72vna5iKyBy4mqiME9Imtfu/ausvb1vF7W9aKwfRtCpAYoANAu8HFJgWclzD+gdRVd+2qR/4ioixiTiVpjyiBzOpaTID8p1MLNoiO3XwTKW6cTpKalE+7VBwMTSeJkWbC5iYggkoUlYEQiRMEpTTA6+5VJp6pPvQN7UlIvqTWX6tyMmmPZIqwqNPa7WA+Ou/q2EA6wexpqBLZO2Hv35QIMlbofpmKE110xqpwy8QZpK2PcIzluMuHA1lMNuO5GCvzVF22ax2ABApG7g+oDjh4h0+Jei++DYtw66uZqbsknrTsf/G1KbF8RyiTPdQOT17TfTjAgbVd2ZXJap0LiNmprhHErVSEiZIqyc6FERAkqooAQJZ6HWKuCFskG0jVuKipdpPfGLWuiqlgnHkmgdV1NPjSpkCg4aKKtxMzaFH05nbr28/l8vlxSTfqyrqraLWDwYZ9ue+2N82/+7vf/yR+9/7ILcthhhx122GGH4Z33+t/7+9/7v/7wvf/wb/3zP/PTNy+7OD+aFj7V6oMdvwtoSrM5rj5YuroWV37dKT3G8f0pd9PvXnV/Djtp9vL8QJ8PucvxeXxOn4uG4uMGuclf3Mf54/zeef2I+VTf/t3p9e58tv1W99Nvyql3p9fr/ANR17376l45rxiE6p7uzEdVpcu6XtbL5bKup7621okXBikRuDk2aQHLKEC/2XU/7dx30Iws9p0Pb6JR0xgFdc9kMQdDBkjGuScdxRFpDrVZEyx2tYQZxGeydD2ogRohhhDMwoQhp2vhTENTFjU9RvEN/u6FbcZZo9F7nJwR6FxrJ7QWlEEmi0HYmNtCrQU+uJgvm5lNYzAi3mV0QDaYxphsTudihNvcGrMCloP4FgH0Ul10ImSlcqYHPwQ2SNggoGCiZWAGCLNdKgyiGjREkMKl2ROTzZB7eodnuWbO7hFXlqasgJJgA25t4JOZHLZjW6ivME5aa6H2WsFU2rlWBxewdsXrOpRAIlUn53hBE4YwoN20WbDJ5t7/wvS543H2aqCOyiwbgyQgj5yVqjM3CmDQ6BjCI/MxdqcWH81neRZ/+nBC0wS/xezr09EAm0fNc01/f2veg0/cWXclzcNvUW8S/UPL/Hd3n7nK1x6uyiqa8dV8eX/hn4MgquECsdTc/YCbbMv1sE4RGAtU9fzs2T/78z///qPvyeV8UaGFu3ZZ15sTr/22rxeV9XJ5ptKB7sCDdOm999UkksWCsUGVRCCivWvP+Ruk3IiCqMckvt4F3lCliU3PcCN7aEEHAQiTKk/bPkozEVHomnr+hrxF1DWACFIG1Ki4CBvIo/PH9EiO6hGFHikXntm4vcP8zLCbiMYVnPsJHFuJubrgYD7YmYlp2Z0Mbe4XVRXZzI2lCnwPrFV+2T8zblHn6rh4O9luBngtC1vMyVkYs/AIc+Xkq+HmDM5sPiKIOM3RFnCr3oo+Zq9IUDAgtNHy2YW0PHCMEaoZxBFSRzQvHK03NhxovLMRoLki22ajDSxaH7YtTa7aKBPbXg17KTK1A/IdPrAwxah7mwyCn54LauTf2XyRKn2bAjhPBLE8co0OGN0QpKqGxNtbx7o6SN9aq4RCi4VJzAw9nU6X9Swi5/PFXoQ0xEtd4v6wT7F94w/e/bXfeXSEGzzssMMOO+ywT5X9kz96///5kz/7T/7drx5Uwo/DqkKb/UJJr9eeP5mwTQ8PP1j8xvGT4z5/tae5Ov+i0j/3fL6Xf2r8/8f5z8X5JXgkGp6zOCY9zh/nP47z+jHkH2zxF5l+pBnn8cDxojHcrvNPb2PojHYRYRHloEUAFFwSYtbWuLVlWbRLeIol/ISpjmlibgxz7odfbfJdhnfMXM0J+G3cr+mKqijgtTe8esEqgmiaWgYTJnGwfqqEG8poLXmhSpceaGE3BqERO5y3oDABVfvPcRYimJhna7yceFlcjnU5cTsxLwYPOvJjEBA3Ig6AkCpCEwy/weNiowmQs8my/ZzzZ+Di4rBgymM6C5GocZsAwsntWFkj0e7RRBuAMIlTGpO4z+oUHAHXYhwqcEFs2bj8nMSid+A6c1IHk2FaoDpIRCiiekOUVBHybqHPN8yVah24UiVqBksTo9Y/vNKL1l8BJ0p39gYxB3QkG2W/AlNHmvTc5qjwVotgk3HHXYCQxoFDCDJyDPQ9Osu0tyA+RmjIGMJRBhvG3seu9BIxtrxZmO2UHM1XZwYBRuEloAhWUuF8elGjvjT1S7mwWp/vKb4LGtxU073ntjsM4q/i96/NGnPjnGmiLaAksBIG3dCUEkv/qFSqUgqHVwtd7N5KoHLlHQkCcZwfYPv05fTcM2FPJMqGIq1y+/Tpa6+88r3XXj0/ffrP/diXZD1rX0U6tF8ul97PXS4iIugiK0TygRGULEME177GXCxdu2g31raoiCjDsTdWm4lMgNF7S2WeOs87IqslkJOPkywxnzVifAXSMyTyDPdQIjAvGfuTvXMykZXF91U4jggPY1kANN83AtjMIKoMyiWoDGolAnz2cM1UJoqwukLk6BoleHYHyGSbLgC1CT6XM5SePaaU0geso8eSHglz4wtPt0u0LE/O0+MWrR6wepxh4tw1ksq7y9IcR0xp67HzgADVLrWfZ3jX3M8xOG1jloaOpq8ZOjp4vcEIvmqMN6P5ecaTxsy8M6DKE7OTPX2to1gFVFV8LmCwg78RlrI8RcJ11maGgtcKz2mHGxMTCVSUXAdiPL5NUBwUcVv5RF0aicui35hoWVpjld6YmNrSWmucMHw+pi9SscsBAFFThUhflmVZFg/KWGJM2o4t2ybQu6vbr7e31oYmtJDc+sM+nfarv/3o699852WX4rDDDjvssMMO27F11b/397/3nVee/eLf/urLLsuPmoVzawAZ8dM/nV5xPPbOb/y01X+LO87f73/e9+s+z1994CzH+c/e+RqD8Pg8Pj+Jz/A3veA8X3j6vTR4cP53pmxLc9Eqc8cmc0ADE7Dd+Q4gMKshXIsuGcxP7CuPw8dMxFBGOgq1ePTG4jrci7FyOliV3qeKDqYX7x4YSWezLfYJBmKAgmLe5CQEWqkMHLVTXfrau0iHORHNs2iybw7GGUTica2AFEV0RLCdTtwWXpbmAOHCrbGBqwYcBsnP2GIlNKDHfDNGAnNr7WT15AKGcN91eg85o1ZZjksz5hllnRZG5sD5MMo9gX9AxXuIEiDENllgJINfYj2tgioY5LBrkhNV1GpgxgMApgAmCty9o5GYTnOXf/SDK5Rlc3PyAthNLJJTgLUBvgaz5YrUkg7l4YwO8Lb2SfE7UJZkXJXcoHCwUlBIXeY0Wwp7INfAGgNdu37OUe2klEQ9gIAhEQjdMN+YlE1H1Nt3ypB2C1PwPwq1uqtKH+XcycDrvBYk0Pig6l4je9dko728CVd9b85pp0yBpdyZ605B0qFffitMN5xBui1CE9NKKdZWv/Xu+z/vS9p2TT9tf5Hefx8mhpo+Jgi4nM/vvvX2n3/nO0/ee0/XC5gYWHuHCEFub5/2vqp2VRFZe18hytn6yVgSV7cOKKb37iqFqtqNAg5fEJw2BqDvPJNNGlw4guu6JtivQfuu7HMrT55Mfeax3OQGBxToNzlz+T/VDX02J1cdABiNUTaC5jLFPo8xnegURNABamKbJ2yrh2Nd5aab/THGADa+sqhon9j2pVMMWNF7hFIKakb9DjzSNgDFoi4iJmupedOZujcB34iqVAzqI9i2FwTdnKnUsw38krFClCvGme3jQfhCRHpSWS3wekJlPvEWgHB39sgAhAWkRAEafc3PZ8s5L2RdKSVfvY8NNLTmN+II2uhgIuv1zASF5FU2EkOYFHWVZL+9I4gRUpcou38RdIXBiLHHpkzyBGgXAlrzd4VKKDfGvC2RVnVGEDTB8GVZrEr7FY47QmzGhSJyuVzO5/O6dhW5dGmNl9bwkPn8sJdnb7+7/spvvf6tbz952QU57LDDDjvssMPus69/851Xv3/+L/6Dv/iTX1ledll+dCz8qNt4fnZ417fzJ22OLeP5/PYz0lzn8JD0D73qg+d5fB6fH+/nUjB5zJ96nD/Ofxznk9fyAvPXjyG97pzXvfGiibqX/O+MQbi0xXamux/MpDhVASEV0sIeIiYoUWNeWhNt7lsTV2tjGpyf4IhYKZH4Jox3ZogTBaswkSd2HczhtHU/UeUBFNZIVRkdqKAhfwpRg4fcyYeBfYYjVZw3aYu9SA+XtK7ruvZVRIyWguG3C6dbAJoIgJCYmRduCy+nxTDCZeHTiZcTt6UtjXhx/O50MoIWMzcLRsiuJgmHSO0A5AzCxd2g5lqFEUQiWB25CCcTBS+xJQvOqnyGfwa3oZyHB8NKz5y7Iz1s1shlRg8jRfHl6XBWZjPdgQqRB5wsJdlcZb1PLfJUOq5Vw7WpW8E6QzoC7uAE8MIFbzRHIpDyLGspzv50gLbCZuASljGniw3nikZsuvnBB3ljHy/LMRbNP0G2+WibS20cOEEk3thqyerN1GcBxTTb+MJbOSijESmaiOwfDLJMNH/eeWo4OBNw3htQASwqLvxNWUu3i3BcUa8AQUlZd+rkmkFYNkaM/O+CwIKLGscpo5kFV9yvUprooI4uksTiLdFw6kw6P0ithXHz59vz/Om6xWoKNo8o59RKsTRFH2F4oFYQ6OnjJ4++973vvfrKF79wA5WnT25PzH1dSTtULs+eqYptO+nrRUQgKgpmzinZQqH1tffeAVLx4x4TchdRVbaRSVAln8kdvHPuNPnjDZjMQbaimisiUIgAKhuN7tw2sixLTG9Tvx3RJq0DThxTozoKgGCGjinD430G9i/inESfW0gjQuVoBnuKHGOu7mhEfBoCjLHzYGg428WiYzwysyp16SpB13TAslLeGEmaU58fc77KrTAqEFUQNWYbu0a2B0iUKHiKKNsRLJNQtXVqnM82GEOVwQGB67w6oS41PncSqHGCfESmra0IcM2uEF8fYjiP6Xf0EiKyIm9WkGm0jC41DTNNQQLarFlZCUrcLO6j9UPx/qjxioQGttbI0U21rEQMV5T1iVeTZU3Zx3KBhAPbkkUtm3io7p2q70sSZi8V3jNVNdhKeoDGAAAgAElEQVS3Njv5OwgRkwnP72vAAnQ6nXpfe5d1XV0yNKrPBnVbFgaUIICI3p7P5/NlXbs9VeOltWY7w4aA+mGfJvvOK89++Tdee/TW5WUX5LDDDjvssMMOe75969tP/s7/8N3/8j/6mZ/72hdfdll+RGwvBmHxBk1pdE5ZfbBTSuycr8fFu7DNn66u2k2/m/8H9Xtnnh/aT77rtf7Q5TnOfy7OL6ohepawyfg8zh/n7zp/1/Ed6bE9rztX3XXmvnwyvdb0yJSbcup++v27hEajluAsJb3q9szI3wXEyre+TwXqHqGuFgHKeIQQla7EzE1VGABx0vAAUjSlxTREibqoqKKLtiwEgczvxkRK4q4rVadJpSIiSITM8wikaGXleYgYhsgApCuRmg6k+Z7MoeyomQmDGsxXgUQCiQuFQpVM5i38Y5ZGVLqsvYuEICJBk2bIBG5ExMErCaIkCCABiMmoe8vphtpifMF2WpbTidqC1qidLIlFHoyIgC4u2uIfOAMAxLGDnwjuinQim7uG4ww8iiAtVZeSMjQWMTVnd7I3CEeUx6KkCafUpA+SyWQevYNeYXjueSQnWESR3OfsLmM1XMD7mw5XOMU5o+mMd4bKD0EAXgyoxVksEEGWAemYNm4OOTKMaC1upIAhxwEuElhyGAFJj2GXFDVAOKAI5uxPPgDUWW32BAzjwsDByXxIBanrHJaxZ62qIUlPWLgNgLCE+DT9XhsTOeR1qHW65r0jsInJUQQ7jDuYQ9j84c5T8XXYtwAkHOsIBBGcYiIQEzZkosTsxhTkhXG4yXGDcaNsIIfXwkEfPSIxWleii/pxWU6Qcrw5B9Uy41+5imnxqg+dwBIB0ZSOidrk6fc8DcKxeWGiICNevElUbC+DzuRJNVAinPVW1+RvN9G1gxNV6Hs0yNkTdFiYqaOHb6yClFu4uTz77qUm2kclzQQPqlrMsHx6ohZRXB0sYlBrDWvX3t989Oi7f/odVurnizGtbRHp69ovtySwsd/7RW0Thq8JGiHSCAKxDQLKfV3Xdb2cVxuvoqIqEHHSkoiIcKxB1tRecV0Ktp18U7sOPu+BWnP4TkQbN5P5XFeLgxjN4cCPrzvETI0dVzRCnkiOpOzmErOxdRvfYMAMHmFZY3r12KYbYp3PA5beti0oCzxmZJFwVGUwmAQiAkFrjclENZWFRLmpEpMoFGSQqHHQPcioQZXEVVk40S6AbVzaUh5qwyxSgD4IoCYDK9CFmRuPbyifLp6LMkagI1oSkGllHMbGmJz/laAUG45sdTaRVCN5Igj06uUXCoBbVVV6LFmsjr+SKqQLFT5fDjoDpWzNqmEFVdc479txErSO9Qli8qvGFSRtuX+CVCG+d8fUZUVFZHGVb1NYGNFVk5BnfURVpFNXkQ5fsokjeKL2vhpN0AaTqQ9wYygyZCBA4hEKmyr62gElZhPitXL33lWUwY1bdF2SLhRRi3vv7PRVJiIVsf0rlri1Zlq+LdRHiRWiIAsdiuXES9DxDT6V9YJ+8aEGXC4XIjotJ1XcnPxdSImsHZ6z4eGwT9z++E+f/tKvv/r4SX9A2sMOO+ywww477FNhj966/Pf/4yv/1X/8s3/tL3/pZZflR8F064l13oP9b8cLnV6pcZ42fmPywIbb89VvTBn88GF+8r309+X/3PNk3p5Pkf//OP+5OB8xCEmPz+PzY/zUcWx+S/rI+dTPiG4WZ/CcfLbp9+6ylyewGS93lUexHVmRcmmGTDg/T01lVATNooG5M5aCJ8HUlNGaC1Mp0Neu6A72KQxCmMx9gFmKux0/1xqUcXWw4oNCWHbB+3WBKQYTopAAAsiKAG1193xEGCIko0BC+C59dlSwOsAEupi5GQUEAHHjdqLlxKcTt6Xx0pZlWU7L6QRu4CWYfW0w/IiZCzrI3FpTgKD2HTMPGIEc2xvUGXLagEU8JKLWqAYfDKyQGIHucEJ4EwoVEZ8S/8g9PoPmtBEX3YBzctVu7u116qp1lgGAjPh/yXYt7LxJjDSQsOggcAyyUCUGaAAtKSuBzTmXWuluNN2gMilD5tFc0FQgsdp1C0gZGNxOXyZoQekyAw0RVE9DtYIpsVLMvJztcCmqcQgxvlFL8XgKAnryTxLl2kT9HPce//pImp9oi3DUlhqhUjneiEvSaxnLPeXDUb0aD1Nay/OgiYY4PU6yAL1z+tzUx719Sk6tx8RQJ5IxrqeyUWzU/YOggfsW3cMYQ8kujEfOmr3zBnt2P4XxOdfGY+t0RkuTYbRV2U5iOwVso0ZOBm9879Gj1157/4c//LEvfOH9J4/Xy1m1QwXSdV1lvUjvIqug228RZhLffQIR7d1ECANMElIhj/QaJcx/bG+Jw/9zVzXuus31Q0sxWISg0t1SXjcEO1Wl6/TUosJeqJlwzTkxakDxMc9UxHhMoTTRDH1jjyZQmGtZ9gc/CLFKJYWQbWkYT2DHrKIQibiJZLtkRCXxtrILAVQLpqVyg/9oFZg8M/jYgljMvKRjEkCk4pHt1MjWuYRohCGt8Od2K4luAsFOz17/tICLWf0ASOxJEcPcie0OyIOI1FqpRiXMtySPb5n4Zx0XCbuV94cN927sxYEJt/r8EBLQVsMegdjaOaYu60+UeyAMavNGJiQbsr7M5N0HIzVbzJohWnGI4tqOHOn+khb7OazMgYwCirY037cR/TcVwh1Qb2xvPgjFeXKeqwfHJWaF2n4OZlbtoZQ+3g2Wxfm4oqIdGRvSJCfa0izd5XLpa2eiZTkZ4zDfx4jaA2e2wz4Z++M/ffp3f/WVZ7fygLSHHXbYYYcddtinyB4/6X/3V1/5b37xawdG+NGtuqzSAxC/u9LXWr5FuKl2vh3HtD2/87mX/wPTf4CrPmCex+fx+fF+VgZhZV9dM6uO88f5j3Ae2/P6gvLJT63n7zq+K/0d972XlVh1HK/LiW3+cdyWlj4ocR+ZibBFZCCXbEynODOUW2sqqsoq3Jq6LyyJUhjFS4ChsDwmjKH4lcrm/T04ZDivh0NtqGYF2re5pCinyXDCYaCDJn7lJMLezc2W6CANZ2RCn+byYwIjeISmHLqcbtpy09rSmqGDS3OAMCiCFr9xOTlZjdsA8zL0HZz+R8kzCs8yCn+JA/BrLRTAmNlD6FFKZTJzEW9z3bCkZmRko4onVUdtemjdczzYTkhfst6NYFXLlOYKdz9vqLcWMIZCBxQYPl6/GQX6lYqPgWWMVHEwnOsFLL5GBzcIWWpFTmXC8CzvojQxfudvg8+nAVkN+HJUHxyxiGrd5G8X74rg1WNNyCTR+FHxiasnEFyGRoVcmPlKDtPCjDn6KFDSbW8xdkii51nHBZ73aaD+Ox8OPDUh1Ox1RkVSHbqvpYajzot4YAUI58YoT5VSgRjVUzYeVCwxL0nkPF38oYC7McpqLjj7mO22EPtDbIOtXN/zvmunx6m1YF/nYdC6lTRY7c4Itl5EKl37+fzaq6++9eYb0ldh6v18udyqdIJCukqHS4VeFIKGGJ4+b4tIF+nSHc0SqKL77Ayjflu/tF0fo6BR8FnTeAC82e1GYhoLypi+2bq0I0aDdaqqUE5tw6q/PImb+m4HyunJEL+YPmI/gGtax5obc/gdMSUTWprwZX90W1eVTaM0OLvZZeP/SmBTtMxlPhlvImpLuijGNVGUqSsG0bTi5jZxiAiXJtgoIefA3IUJs4pzHSDH1WLOGH86ujVNRYH/lYl6vFDUzj6mclteYp5DVmTuOnEoWa4jF5aVbjtM60aXwCevxhQooEeNmZURcuSYe91U+gJPMhhz5cXUpq4HTpzSrOX+hkLGrZSYSImNNji0gmM5S4af1T0z9aCMemjpkI+3VwsAojDVB+HmyLT9hpNBomVu9ro11oKBRXvvsjdO5QAXk/xOhjhej5LDXo5955Vnv/Trrx7o4GGHHXbYYYd9Ru3ZrfzSr7/63/6nXzu0Rj+ihW+n/KZWzAzC+Lb85pj9ulT8tIa62Y86uscPTJO/mvA8vzHt+Lfvy/+554mKI+fT4M8/zn8+zu8xCKHbM8f54/xHPK/j/JZB+GHzqZ9Jo9m59iHp9+77UAbhbv6aVIKSkhQg05TzsEa+Z7xPqn0JtlB8Ghkt/EC29bt3LQ7F4QcP3+KwsTEfqO69a0ZFPT8Dh358DRBWN1/dlR9/+qb4pAnWS0RkXddukQhjL39rTV1oMJElBwgNIyRaDPhbltOy3CzLF5alteW0LKfTsvCyKDOYTQ5ulhilwvfzPfgVsAGX1w5/IfF+SoFAmGhdYyZGgI7c2NVFQ0N0oIMm0OaMNQLnI8XrS0UvMophnBmlqS7g61a7AgvpijFDBnJsnIDmByedwEiHhCnYLlkd0HFRgToQzvwBRI1uE+NgOJcHPEZRAwnobMG6xHl0ILcBAqgjmwkP5CNrONsHh9GpLwHTUja6brCfvOXsbVel2s9L5c/t4pB9KPQ5eGjaiFJbpPYWr9zEQUCDHxnQ7OgnCjWNP93pAzNCX4fwFsDbQ0CjeIhtDlH42mF8WOrUWAkQjsqZ74aSoPIIJfRyR/MPpFjz2nqr0nyVebZ9qF2y1IewqXtclWZG/eaRqFdX+EqS0w65HrBh94Oq5SR0Ul0vlx/+4AePXn/9/cePmfDkyeO+XkQufV1bI0hH76pdtYt0gRCAZrXq9xfDBVS7CBFb/ZvWsyoZTzD/sziyTnICaG5FWwQQGsZibO/AmjJS2oiQN1hVDo1En5Q67wUahXnEJenOl9jAqeAM/VgZBtk9GHukPukCsZR69Y/lzJVUdd7jYtqVqaPLOVmrz9+WP5t6p3bppGQh70hI49ldhpRCkrTQnctyPDAxlLklSXWejw6AdtoHcDWZX6/jBY90wieVQUZEgPi8CM3YquTPi9BHTfgPRBCxtVjqJpUQIN3uCXDK4cBdtUxUY5vFZh/AmMowVQwCFKWr0ZzziVULs2ZM4E2/qsW7Du9Xx+9A8kDJRyx64/ZkHUDzfUu+BDZisKJbu/sEYoERK0/TX2vGLiVi5rERycvmNcUgcNOmapixqqqs66pB0YXvNvAgjLYNy7RQAeq9SxfHwf29TFyQmRsTLUv70DPkYS/W3n53/eXfeO1QFj3ssMMOO+ywz7Q9ftJ/+Tde+zv/+V/6ya8sL7ssn2GbGISTPxbFn5x+17ho8utWryyQLqTn4SB7+T8w/fV9P6RffZ9B+Kny8x/nf7TO7zEIj8/j84V/XmHU+oLyyc8rtt9zcruv538gBuF+DlcxDpNBGAF4iDxolHkUoWLSopK3KpQjZlZiIQ+9ZyGiBvcmnI1aPHADArnaO79Bm9KfO6gP4c6zLfl1kR6Un+AH1vyraFhWkMwWYXt0lTXjF5pHzNC8tYtFRAo5LnY/Fy+WYllO1JZluVlON6fTqbWlLY3bwnwibiZHagBhQIHNfGEVIHR/XFQIEYEkQRrXuqTUyHPuYuCBCM1STmJHZuusgoAHjfloXJQR3q0Ck+4eTMxjA0HVN6TiIb4+f9XKdNXo8DCTMqWPaFLRx92jTYPh5V94sMnaGZB4wU55rwrpDtuoeZ2x7Pusln+uA9IZxgp8Pmg7gTWlp3hDAVF2bcT7i7JxH6cnvw4KqPv+g2dZcTuBbtknNSvraNVhfV9VBMwWp7AZ/jaPlGKhVtpddwkfu5KRaaL7T0CjKhDRxgpt0UKuhXoeMXhkG82s0MoarEYlzp1PlwrsefZjfttF616O6dWQzK5u3w+wM/eOxITJ1PLPrEDtAjAxPXv29I//6I+ePnki62U9PyOS29tnKmtr3IBVusgK7YCAYBFtYdjEpgl0NK4x1w1LYSZVDnonqQDJfH3AUxtaxjS60xgLXNR1y7hTFXE6nG/giKwGq8yj146F1+WeyaPJSZJ3Uzoy71LKlzsXMrBoYlRq0T5l7E2Bjk7uJel9jPqp/6stWrEvlAB1/qJEGElNbMgx8O2ULioeoBZI6DQrUESZPd5urg5j7ZXATe9QDI6TlCA670w8icuOcKCWYaBWjuk6v5ABEWIVpRQvHbx/IDdrJJiZSzjAFfVEcuamUsm0xcHbaayMgDhmW+a06wfPumJmXNVMYm/5ZrXpz4U0OUqWmznWbjM5uBEHqMbMNq7IwtBGwGbtXUUs9K6LkTZubYmFkLIM+f6DNoaSvT+ISMUyffplVl8vGjEBxNQsAqeqrut6uVwALMvS19X1203I1HVKNdFZtt0DXZ677hz2ydiv/Nbrj966vOxSHHbYYYcddthhH9UevXX5ld96/b/7z/7Fl12Qz7BNDEJNFGNmENZof7j20NLmmNwXTff4imnyV9+Xci/9Q6+655M+is/8+Dw+P+znMnB0G2eBHyrpcf44/8LO6ziP2PPxEfOp5wcXiFIZ7r58tuk391UvJ9Xz0OHpfm55tF5rK5mnNv6fqlL46FVFC6/O2RhqbkrfES8Cw6OEmagRdYOw0hlLEcwJBTB0SUlfJ2OsG6TD2Dg9B15o4lTDMYpkEKZ7sroUE20yX6E7Q9V5VFtwUHoXBwgNKTRCnrcZkZ0ILU4LRtjAjduyLAu3pbWlLSduy3I6LacTLws7cLiY+ie1BAgj1GDAeHPEQOKIQRXVzkkusb316ZpkjzhoAC23RkyReyKFw1GupmHJHraQOLyn4UgdXk8aBVBiMq5btFMh9UXTlr91FyBJWND0w4onPWI2XWFspvdm39kLlftwoQVZiLctTelKpPasoyHFTW8nvUtjYDnBkUrHfyBHyEhSfoeEmqZ3xPiM61WhIypmkTscAL7mfdIxW28bbuipQilZR3PxC1UlGBsTdW8gcpMP29FBp6JS9Ysnf07rKMv8w8meQepGJ9DynFlz8f8szVDyHA9zDTFPwxwm3MilxusBEL78bQZlawLJ+DrBg1GSUWm+PwKmxIsspdWVQkVHi3nMVarlKSNo6isVZb8+KJ1oH2mgq9ObwbaDCd6Zw844jSGUsJnVOlR8IDbC5dntu2+/89Ybb7z37ju3T59ovxBE+sWkUURlXc99vZCqSdWCHMIXe78zZMKWXJuPbKdD8qCZdI1eKw5HJVUrG6Nu+DCgyPh8HLFdqbIGY6ptFv6tjAT7SqITkwszlgCng5zsgTCtV/vkPAZnA2XfD/SoENCia9kiFNkQEqoXEYdUB0mxDqfAseypfQ6jMbbF4fCYLQc2nzOmKkQDx4vhHJRcLwdIibwYuR5EnLzN+lB6nSqXOemu3SEAUkfZ/4uH9CQWrhLZc4aib0JyFE8ey5rNjWwvUbmzJ0devA/45ohoR//GsqgI4JjIaRTLVyklYjoR+5IWzVCaYjxsmdPJVRc0ZGrnlTYhvfrnZufHGLc+NnXkoL73IpaFmIs03hnLDiRVNRat+uTvmudE1AyxZQJhObXcT0LQRkxMCrQWb2kEVbHIl77LBERMy7L03vsqtrkiNR0SIOyigK7rKr2rx7TmpS2n5bQsS26g0S6rrhUrPexl2a/+9qNvffvJyy7FYYcddthhhx32Yuxb337yq7/96Bf/9ldfdkE+q0bpF3O/7vDHFn8yNn5gTH7g6r+N67bnd/zG+/k/KP31fT+w3xujnJ8Of/5x/vNxfsFQSdQNRn2cP86/sPPTPg5kyo+STz1f2X5VTuyufLbpN/eN/Slaz2euDykPsM0/ypMAoQUbMzRHhhSnwJxGRAwW8UCDNChprHlA4jcSBTNoEvfLLeqxTg5TVQgqA2liIQRqEp/uxXP8T0Rjs7num0g4lC38lRZ0UKRbgoFZTIwuAkDMgeKYA5OJG7elLTdtObXltLQTt7aclraceGlGROG2cFscGmzmu25E3EJN1JzRFpuwkP2QVAxAzXtJwblgj1BlCq9klzrwSMSBQBouyDT0wwwDSp98enKDr1FV4yi959m/3PlIA7GiigzR/Ofeq9RoSMTLFIZDtqJTFcyj6LkTEyhODchtQ1ZD+sZnS+e7hkYf7eOa5h8f4rg++iqIWLpn+umjUNGZKlAXDuWo1SsCz7YAk6s9HPQDNqvQoJYqku0g8tsTZB5fCKTZvcIbr3QCfDRghtQedIxjy+QrWMhVdxCVuUjuX2+Ymr4UQhAIHghEwmB7V6Cad8GAK7S2YVkZZ+j6qm3PKVUaY8bElyP1kBKhDf436KjlYNN8G5u1BOORPybbjoar8pjEYsJhKA2jpAJqePr+k7fffOu9d9998v77st6yispFpRNbl+5d1rWvpLrAN1Wo0QeJTGnQB0iZmGwKa0sTIYhoawoV6YXhd/0kFJWWwF7JjQZSPmhJvicDQeErRYgZcRyPH3N1qjSAUDAwrlgLr6pYY9fFjNYD4sC1ST2HvKKIdAsWN2WSq3+Yc63KhgLLV8Z+hBj/xiAc2yZs24XFdBwTH8rUAds3EF/alhRba3JRDFI7sv5zi0ntVBuUK1cWcsyKONH+stb4r20OciaLo7Kuf67WAPF4CEiLiUXUMkySKmGiWsakDIkxnRFIvSbrBon6TCGxa4tWym0mZIsySY9JOyskuYzWThsiYE411/oK1VLwfIxI69uARSIkxN6FLElMU/a+IUSq2ntH41yt6/sBh8K5QvJdpPdu7wbMHBss1FYNoy3mhCkixDwkHIiUqPc+xH2NYug1Cgo4vxEvy7K0hakJQi7VkEU6It69ZPvGH7z79W++87JLcdhhhx122GGHvUj7+jff+bmvffEXfv4rL7sgn0lLBmH4Xd1fRpM/mTZ+YJr8wFT8tMbxiBR3+5/vzP9B6a/v+4H93vXbT4U//zj/+Ti/F4Pw+Dw+X/injuNtDMIPm0/93IsXeF8+2/R7d3loDMLd/NPndZVyWVpSBBqzOXLhJMKu2gCA2SX+0qUHuCvHdTMbcxchd0kWD1j6W3eD7qTzKxzUBdsQVShbMJs86c58hwYtXGBiewUSlGQPiKrCU4l0C36jomJRssKDZTJ3dkcKhTqjVBBxkJjsgQ38O7XltJxuluWmLUtrSzst3BZ3e7XW2tJ4Iaa2tGVprTEwRW28BggL3AEiVoxHm5zZFhXIa95xQRqhgrbGwctgi1VFCk0aBwVAOLy4o6+E77xyQlC8wBtyw/0UJqIAqyk6ZcF1nF8Io1gUnyvtQ48DFZtxnQ1AeE3E0Dt0NaNzZ6616IaJzcCojisqJJaYnBdIRsEmctnmvoNqON3fqztxwYnqMlB0SlSyAoSBF7jU2xVoWjlrGRN0Uy4TlJtLH7S+TcMEEmqCg4rNvQpkH+jgmMsGnGN/StZvNBkDUiMgzgjgxJ/JZhgNmOiEI5ybaqwt6bXOJiCYNRyPS9kNdGdOy9uBNr12nhZ3SIT3Dp6PZqp3FHRKMx7PqmPE14yAnk8ev//2m28+fu9xv1xYFSTSV4gAEAleF5wQx0tz4FmcO2Y7OmC6pjw2MLTWlmVZ1zUK4oqRifyVvoCQiEQBY4YQbsVaNlS27O2i/vLZcn9E8INHJzRkaoYejfIEqHG0kypsEFot0qZibSVy1pxfhSDnmQJowOEIBBCxupNm72ZuIhqFdrQvH01Ee+8SoJ3rUw9SM4zCGOGOa5VGUaOmcmNKSl/mBG53K02jSRLPDTbXvSuaw+GlnOmnSlPYHlwjhYpJVcIiLfrkBmiGtmNVW9cUbOO6EZEYAT2iVeaME5KrSdOfZwiENmxuNgLg24EK5AmFhjgq5QtCtFQNgrizVUA1pUExh0aeXmB2+0/dJxSUQSqvDr6xK3PgfGWIRmzM3BjECSdXHJeYKYiQNXhnKpOrqPRuz8qNpfeYGMnbpkuIMUwlJ+LTaVE9Rf9QQKULM51OJw7pdlsvssQE2UyYh33C9tob51/7nUcvuxSHHXbYYYcddtiLt1/7nUf/yl/50s/89M3LLshnz8pWwPi9T+nyTF/rvCV+6+nF9TFtz+987uX/wPQf4KoPmOfxeXx+vJ9Lceoen8fnx/ap2zP6gvLJT31wSk9/T8/Xu/LEzh1381Fsr42UzC0IhMZIc5+RqutHDfaYxa3rZGQgEAHM1GAcwtaaim05N7fyQENSnQ/VjwjZgEzpwlUDVgRAV6EgBST85/GVukgXnR1tNX6hEwUjfe8WcLAb9JgBCDkoEkhqCNiD/hmRgQgwCS52WdHTaTmdltPN6XSznE5tOfFyMhiQqBlrcFmW1k5EaujhiOsTDMLYRh/iokTBJDUPtUsNFBKVYYMwsqDlZ65qPyjRg6zCDVxlcuqhEzgCDtwEgsoLvXkw3LdKGfpxBjmsuWT04PwGs7lLVTkczKjqlOqIjXPdgrDmj67B8UwHusf0G+J5ukGXEUDZlb+VEv2tEELphKUzAsyK0Da19yGpiTbMsyFzqwMJ0SlzMk1FnSI7qqr2kWWtXtKg3k7kPxp6qtCKtU8uZoVot/BkymOgVbKqQFcVBsE4VagiezTKjICNZ308DA+4BjDbRzMVqBIKgbNOIndSVViPhRrOlEDBDDNQBglLUHnLhryCXTeEHoIMLNlajVyYdAigIgFqMnE+D4WXEoeqCR26KxvRRkylePGEValw7oml9TseZIFD6B3fb7o6XfXr+/3t0SziA9SxKevYzKyCZ09vf/jue8/ef3pibY1Z5bx2aqoq60WdO70sXS5dRLvRvbx6xvwcqqAGlHlsv9ZIBK4GyaodQZDSwGYoRDEDZBlrnU3bsor6toZhuQdFCNzIsBOMfQ8D1vIQjMyksd+CTW7UHkKDWkeLCzaa/LXYrpLo/+K1XycJo0YVaBO1BweZa0x0U5twjsTetXePsUdAF1/UbLqxwd+dpgZfGIkU6BbA1QUh2bU+y2D0haMsnVlUZvY/yfqF65HXiHoJcm22XyS8brtZoN2bD5QvPL4UAmzAMflKRYYm2uoFsiCLDHbtUUJj5JLWtKmpkQdQlpAg5VQ5zUkxSuh6J0GG+0UB2GJWF2tNq05lLzGBmUEiovC9VAEcJsK9sybu8vRhDl4AACAASURBVAWrFvF1AtEQk4ZzcVM+VNG1B9ZIrn0sql0kno27jUGxZ2yjDGoURMmyAWittebK56yiMFVSZuI1dpUtjEtf8z3LUGQRBcXurHiDFFWRTiCPN4q2tBMAFeki+S5iSu+7NXPYJ2m/+bvfX9ejFQ477LDDDjvsR9DWVX/zd7//X//i1152QT575j9haLNVOuP72Q+cad//lR8403rKOZ7hvk84AxzgrpQ0+YHn9Hdf9eBP+ig+8+Pz+Pywnx6DMPvv8Xl8ftyfZh9vnmXb/ocuw4PyVOjeCNrJP1K2Zu4/lwx157tjNKIq7o9lVo0N5o7YEZqT1bkxC0u6ba880RuGX64zG4epH4T7K0o+IlGJiEIwww9J/qhxpyJPUa2iot3cT5ZV/snMSjCVLeLWWrMSarjVQMytLe10Op3a6bSYsuhyE7Kip9aWtizMi0cUdIBwIUJrocYaCnjhc8wwhKk8OddY1I1t4Q9QEBZoK0IakgcwjMyNT+ACpg5IVQVRu40GgDExmcKnXjEI84xnVfu1lSyipFPRr6yIAQZwgYGNxfw/ESkQp0PqdsKcRMYF236lNRbhYPVds4uqE3YURmux88WPIIotxLPTsTVZHCgCdoqBYOXfepeDWOsRB+ee6r38CWOwhG0BQmAo6ApVKDHDOznXNmCnis8VWk+MgrsBwnJfua4TJ+qV0g40Okob1aVzh5n4NxkzbFP/TgsrPXlLDgq0eFh5uEo/HagAeDPJxPSJ0ncmq/2qpqmVtjfjbZ/0xdjVoKxTit+28siyqKG92Chj3YKY0HE5X26f3kqX87oqYyFhZkC6iWRqs9Si2teVRYkg0Agm5/0k+MPWox3M2SJnYwUg8kGAofuazLbC7/ReHYXPtouhLQpoNzJ8yxtJwZPqjOQTNlOZalx+NLZgeJliDOR2BN3ONgZzcuBGkrh+zAXk2GFw9yLAZ9w0dh5Apa/iBD4bvNKlixJIREUgii5iC4CBVQQSlcvak5nHNLZfpNQkYjWKZXSaVEeHwf/P3rvG7LZd50HPGGOud59zbMfxLT6uHTeOQ5sqgApUFChQirhIXIJA/GiFipAoEpQGCVArFRWpJeoPIH9oJZD6AwFShNQfkVI1IhIxTdVUuDINCjVNydVN4zi2sXOOj4/33t+75hj8GJc513rfb+9vn3323ueYNWwvrz3fteaaa17XN575PGPfVSynHUcuXUzSL/A11/HHROSJfOafsuLA0EAp4OntRRq7OZoIiEw8iCM5EdX5/IFhwwxKRVEtkHVM38D0jv6a9Ur1zYPsXFdHrpuv5tklesyMzEQhiDnDe9scosIKM7uKgYWK7HZGyg7JvqWjulZXhabEezwaxOxPMEI3oySVRu/qvqKCiaU1Ea6x4yTXtrTtklqkvtynpQapGJ/ktEQFgSAiBrhy+1SZUV0ZklBBJMuytBa91AJA1lw91Qx0CIy+SPvMZ1//2Z9/80WX4rDDDjvssMMOe1b2sz//5mc++/ohNPrEVr7WrScWFynj6Jvldum0vfdanpv874KSXM3zWnneHp/5W8rnOB7HJzq2gUoTjvPj/Fmd2zjH25TPnH4lTzwqHwRmcss1eJI8r+WDy3LmvS5xaZZ79/PH2jHP6RNFsDfYnYce+4aNLXQuXYRNTc1VvmJtonKZzlxBBzhCoKwSL1GBDEqWMIOpBucEM2msLHMuSbJCB3scnRk5uS8LHCEGUeyZH85fYgTit7QWrEFZFpFFWpPWuC3MriLavCZEpJWuqEMNDB6klCL5Ff1vYFX1FjPakexAYmEmZNzBgAaFXQoPHCHl3OUKToIgcX6XpMd6BJXaQheZMgcVpKuUpTm8VhV79rBv/cvOaBmtlZ7Bumg05QYMTHehDp9p0gqrhWekcNDBdHavFnrEU10XS2aUc/uic9+Ey/QVnkpZiKnJyrm5488hED4ihlngbBj0Qts8c/rXhJnQCMmXJEL/vQZ9sFsS7ci3ykqeUCsiCx4X4IKQVLy0cSHmyQAUDttC9ea2DKBxA2a4eGLEqVK4VOwGO4ntCBcYBKWne3x8kkPCG8/7FQjwYjYYvTTBg9GRpgmkmrGGADOr80bNo3wlmTL/QdmGtOWrjaE0lSHH3A4FvDKsHmWPvPxuhJtpC8Y2gCKytyk06maQOs27rt5oX7Wvup67wDorsbFIiGcSZZjJKE9PcVqDiyLGeplUZItIh0ZMDIKwGKkGjBRgcaBr8ReIzZUcpa5zM2bOIRAFiWpn564qDAaOQKdj22fAGGPsZGVR6e6aE6WTHOqFg2X0Qp8NLOFt5Mxo1RlGeMPGqrFtZRLZ9XofsQU15pF4cVPrBhj1oEZ3S2DW84mlrmtXJVKYb62IWbKrMZEIg9mZ++NRERty040dHcW+jxgBwlzcy7kJiGCjfWhIYta0U7l4NEGvHJ9znAlHjklTLb1ekliRfTJTD8zrtRWgvaYoKpLFiTFP5lU2+s+u208I3tg5kUqz2HU2LsQLCuYS6x6Z5YQwBtVuDG6+gnBZY7U+zs+lrETKTT6xOK5dRGQscOwiz8hrvHozMKdvi1Ii8s8TkYzZyBl7mMk/4iykg415iM3WHqz9V0rcyyn/bsRWiKxOL+M3MzM38Y+zgj+7MxEBEHXVR4c1PuzZ2cMb/Ys/+dUXXYrDDjvssMMOO+zZ2l/8ya/+k//w++6d+EUX5F1lqZO28wPTbX5jR9F26fPxEffeJf+nyPOJzvE25XOcH+dPdD4zCGnE0TzOj/Nndu6T3bPN056uDHZbnrDdeAnP7x3ytziX1kDovTstbGbXhM99clqGS5RZ1c89WkyKXRIRUTd1wUgntiVkpza5D82gajT81Rv/fkqoJduNrPxLIZmoGw2u+UbNkE7hPkveoFp3p54LbhXdkIhJ3DvsICm7x69kVEkELLK01pbWFglksHFr0hZpjaUxibSW8YDYuYOuHSri+qXGHgVwSyV0iMTFCQ3uJ3VpvaHV5nEhmTmZiFvuIGXIRIpWS1FKFykFE0ctBnCYHr0ZNbz0mU6BBzNclu18gqOLTMpyjl3N8F6ArCDHZNNVTNlYtiHwRX8YP+0gxGKWbvDFbSbbRyNRilCJ3fWZmW1WDMJdhcyQJ6Uw69SFiELHbxD49gBhvDcRYOwtQwZyeclNAbbtEP/W0HFVpMs78XcvcXR61cowI3FqXKZjjDoVOH3f+egMXug8nrkwwSpTHeMXG+ctEXkAOe/eCdLoKIkZCAXOzRqnLvyJCYQr2Kb6HkBmOrfJtonpsk9Wy1ZzdIMHVp0uC3yl7hUREXHuYIeqqsDH8AjTGZqiBPigDszAVXwp0aNRM1PiBSSXYxF3tIQ2b/nRqESEqw5tg3HFypGZ2Px4CrYZOasLpJZwHZGZrevqnLSbm/WVkzAJSEVYtROxCK3anT5KxCQtdmIQAaTq+rIVvw2J7zCxQWi1FQJT9G7MJCIIacQClzyzgaZ45xBmCmlHIybT7idIUl9EY0NQ1yoSasqM+q8BEM67B5hgNhGnehIhg7gW07W/oc9GRMSSk1uJXc/4DpEwo6P3rr0DIHF9SFp798nfp7jg44E9867oqgTuRYc3S4Aw/gp0gDB+jB0DIXnKPKAgpcR7vCYdC1JVVd8tRERErQo8TQWOj7caPYUmJsyDYhD6sN+ExUV87JupN0Zgq6pmSsxMAguwOXR+ecTo9UUAZAoyDQHQMShSc3PM3oEw1WBQSlh8XlUI5nCoXykiM6M0PnDmWdciTqFvy6loxz5HOkRXXMxBhPX5AZRbHzbrafWxeYXdsagpZcd92Fbv6trJdXgN4lTL3lftRMG7hUGYupn1kExQNRFm4XkuMYYZtOu5d1W13mHWmqj23jEXY/oyidne21a7zvRHJlp7d4XSmxtNXWBior6uagryGWa8WnEHLYVG7zoxHva22o/91Ndee+OOwteHHXbYYYcddti71V57o//YT33tD/1LH3nRBXlXWW3wLP5c/pH/CH8vNul1F23vrTyv5INrPt79+XTNtfI8Fc6Cx73jcX6cP4vziUGI2Y11nB/nb+u5jXO8TfnM6VfytEflk2e3XGO35Ykr11/LB1fL6X5FZ28I4AqiIDCBzBKUSFxkkIe8JC7A6KCXshArcyMKt0KKrW2YanXvRgvR3UNb7uCGhQbMTvwZG3D0r7Lt2rWvxd9KbHBd+1qOPOcNDq+lNFf7jI09TsQLIAAsLE1ITi4r2oI4eJLlJI4RyuJxB11T1L2rvjc/JOocYXRQkGQSGR2Qqot6utDX9I6Ay4pmvCXnabYUGiVCoYPMCAVIuEez0jliKRZ/JfxxCcFO4MoVpDAb+hIzu2ql23bdtTfyH5CEszqqdWbLToLiGWgihZcXzxjbFYCQmbcvt+uKI13t8k0nvI2IiW3rZU6H70RztFLv9Pdu3Gbf9BTiS/fh+jawXHWIpOYhv0MH7GOab+GwfTjn470UiU+V99ZKcQ41H2xAqqsckXlUAjDsZTwpqYQ7LqNGPNEhRLulST6+YxV5dPatX5a2qrdadlS4mWZMsuhLySoOuKiovSASUlXvNVFfXR3I2RIGL2tuQrCwHQJECYmNhLfd5lUmUgra90B6NoqcPShOyLGbmHhKQtMv8I7HzCwszCyyLAuJGLMSnR6e9eZ8w8wGNbCBA9BG7lhB8kuTNM7ExELE5rqJyehtrQmjc19BZN6dfIw4DdCKXQaf4kQYM0bF280K8b6l8TiaYGpGX8WIZEOkY5oJx2N2BgJGnQFgIsCIQ/yzNBurpVPH20FL9UdaVRO51rdl1EaxCAjokRl17XZe9XzzcJqvyEzX3tfenTgY9P2M3ZjrS9QTQeY68WiLNdf6nqF5pTYzZtoONaeUas3w8+vHMgoqdr6pwlDrHTOIhHynkebGiIDRnK5KtXWg2oCzKaNIFn/ZOlAXerYT9ZOIIhrydNc8QKx3msAqf+3pgs1ycCkxampz+o5ArBXfNFcf5PzrqZRwY1V+7TKpJxZq6CvjxO/EHDJxrqjSFffXdcJl711V2UVAgW66al97h4GFHfKvR7MEqq1m6/lsqiUbIQIPDeifNfPoifZiJjMiTRgYZtpa01y+mbmY6Vr8WTVibsJVuR4sGsC6ruv5HMjkYc/Xvv76+uOf+fqLLsVhhx122GGHHfY87Mc/8/V/8fd94IPvby+6IO8e8z9c4i+18qzmRshL32zu153SA/2I83Ev7e+dzm/Nv85Hnrdd/6j8H3uOp7j3OD/O3/L5EYPwOD7vo9uzzfMdHYNQDAYjYnYdswpUVSqOxko2fGqGyd/KwRsSFuXuvAT3/3QlcU6B5zajCwlT7BCaa+w0q2nCN+AX1cn3xKt2C7FSCxdpON1U195Nu/auqr2DOEgVQfsBgTzuYLyygdgVOYXImJibtOXErQVA2BZpLSVGG0trrTE3Il5Oi7vPJP6TvD4K9gYRMUtplKW7zy+xkEfLynJ+0hAXJRLXF2UWDperOO1lZEclLhoAYTqIkyyDjU9zA3TkDIxR/5PRoBBWSrTBzOGolq1+MxrTbwnvM0rq0ernxMngMaSCCpoub1ewtISdNfH5qTPFQpI+12S4Rl0GtVLz02m6T2uEWP0vt4ZNTuz0iSuUA+6KRCJNt/LkfzerMhBZRhH0Hu8RtJD+aINNw3QifSHjMBXbNjkw8U7pzw4cJbOK+tcACImISEYtmW2aJbtNjfqsiz0UN6VQdgFyFM5ZUEUtcnVfhMKp8/YKoQGCPpkSjoVfX2HTUcxYFhCMD5LsZtGns8gxjPIlLYQW1dSsoyDnJEyF892JX8zE2QNisouRlTgIMwgV0RNMQ2v0Eu3bKYu6b3/69do4u25Z4fndf9ut1Ww27hiCnznDTTU8d4O589fvwRT1DuLqi+QMtq7aU6AXLCQNuhILjJk72JRtGuRmxY62KqFR1owlUcxZ12bC6xoRBns3J3xDmSX2TKQ47ZUKzyktyJTZMcZsyzRdXjMwgYlNii9LEcB1BnQpxS/HX0lj/nTgRq2bETG8cwZY6Gxp82nAJzI1UkSAXIsFldRIFWqu8UhJxNXz2te1r33tqn3tvXff8mKqveuqHRryqV7fvlaIQESQ/dSlOD0OYjHeKioeEdR07StpdhQCG8vE+QwG3Zj2dtVf67zB4uW8wzmERBngeAzdRBmZKHiCvqDl8sjCvtXGlwwQxoYXyz6cS2etYTGnpBxzvDKRkfWuAJGCBMHNH2PAcqnDELMFMWZKsI1ayE5A+QpgppA7zUrJoY+iq+YiW93V2zHiHwOU0Vj9i8HfUYu/iIs+73oMZkJUoKD/6pgxNSLxzzAjZWANDjxTXzt54EDvA4gwzOv5TP7RIkJE3IRZHK4jDq48OJ5b+34c4Hc6apBayUNjqpkJsyUld1kWJ23G4FFd126w8/ncVY1wc3Ozrl31AAhfgP3EX/36ftU/7LDDDjvssMO+Tc2An/irX//DP/hdL7og7x47YhA+XT7H8Tg+0XFmEB7H4/jMjjbO8TblMx+v5HnLlTZd/ein3DXPa/ng9it9d7mZMbOxO9SHY9RSpwwwJgaRMZIXkZgTO4mQRLh3JiINTT+ForyCuIY3YEv6uRSKDK/TpBkYNClKFApq5RsNLCmERdV13BKiyLBxGxoQs3MSHKdDMkeECSzS2tJOJ27SlkXa0jzu4LK0trA0FhHx0IPiPq/ECJk53ILMmGRFw7XNLuGXO/SBEW5n5rcUC1CYOSIhsiOCzhFhphR4Ddd38gjmSIeZ4ew9n4kyGb1pkjLDRTvt4xDatR6/wXQnmGLmcQwAMYhl0fezuQcZrqJHlpMRg6g3ypMYRJwHCASN1wQIEANAplBK93Tkphk0sF5l8IFmyHOw2BzpBCnquaZb3slUD6FCuev8m9oIdtbm1yhKucFHYMEggroPfkTVsypDsZoL/Sp+Tw4xjB0AiF1te/3LuUqrQ1aBKSm2GlEgEWiUeuw5c2bkxGVEwoMb1U1/DN2OmA0KDtlmEhvx7KYdedfYpdGdTNcJHSyMMNuIZ7w8YQofeiFxWCA8Ja+3CGYzgDBKvsWgcl626fc7G1Vr5Ff/hXmf3qbk0WzbuzcXVKaX5ENknubxAonYJViFkWqLIDZSYhFZ2AlMgozv1613hSWtLRQd8xkpL+zcVpiIqCrApgqBqamsMOux+kAk5FxKcxLT0Jx4bDbInRyvQiUPmhRDEE1t6i3FOxR1znk0qNksGOts0VTEJlfqjp2l+VhHUpxwrzm+NRDBnAyI1EwVa9cejMCIKXg+n8/nde2rGXp3etXqUJAD8F7AESyTjcw4QxgmOqilDpMkyxrU6ijmuq4zJiosELAjw4wMh+gBQUdnqoihs7AwCvsPTJeIKedbnaFBIhLyjwgeKtzM0dDCzKxmRhZ7euBMzBjLqLE1Nh5l3/WlIvfJeAxZ5B8cpS+bu3NCatSmxt1RSMeklZ9fNL+FSNVtAGcgBiN71bixAjYCnLzD6oemGt8KIpWdA4dWU+UEPHoQWV+iHcYbKq/5TWMAkcuUO/RKzLxitagnnWMBsghgHksZ8RFDjjgKCZhUlZhNHbTN+cfUwBqStuT904IEbK01IvQkR/JEZu1d13WFY4vWtet5PVuwLQ97rvbmff3Jv/7aiy7FYYcddthhhx32/Own//pr/8Y//+H3vHxEIrybJXHhGoNwk1J/VZpd/Dr//fKIe++S/1Pk+URHvK25HcfjeMfjwSA8js/76PZs83wHMwiZxV1JHk7GcQRXC1MYB+qWMAOxosAkS89poGoaSBgDZNa1IzTbZt6BD/VJJuvREoPbQGLuSVMzc5IGkOyBRActnF29B0CoQzKbComYkDKnDQVdxH1XksiAtOW0nE7UuLWTRxbktkhbuC0iwpQQobSIXub4nxQ6h3Q7UulxsUcjAmi832DolRheBI5iYoaIA40kTDIXnTagCxf0iV2VWrb/6AhzzScMM3FFwhNuuLCB/828vwugd3dLfULZ1EiWUJglipCgoJlp75Y+8ER5nJySzud8t6lEMxvVhWPTtz/wRR1ChTNKUX76qa6y04bff9Cx4lWC7LF59fgtdOEGaXOuFsuqsMINpiZzp/V8fdARkdQ7gxES57KpEIrUBYb1wH2dKzvDliFlMfePja7e6DKbJK+9+mEfB3RG5eJ+GqQ9QFxYMrG4nQrf5nkbHUi4vKrO18yYaymmbjriFghUs679Ejh0HUW+ZlJHYnEKMM3E3MGoZq5xNNuuAh89zz3OvMkuhuPVEYpi9u5gadhlDiFXG/lTcFYLj/T/OQeQ+XTv9Mp7X3nppZeEQKzE1Ja26o1zrb1r+drUcqTDd2ikyCsTgktrrilI7APVt1d4Y1GCka2lWK1GsNhadIiTqa4+5HbV7qTJApiDeVayiZHFCEo6eqSFsO/cuwiBcgXEWQM2DkyBEXICoZbLiheHk9cKo5n/yhmwFZoz3nnt5/O6rrq6QHbX83pePal379MeVrfa1BedxAiRi4GDYGYwKMADQ06YP4QupzV0M8RoWhESgaJ5Etz1Q1f1pkT7PHEC/HwKT5wr5UBjxUXQOCu43TTIYsGysdEAGaE4NhhEf4LpRIHev5F5N/C3GGEQ4eBZsEttI06bVXH5ytXban0v4dD4HZu1mGrBoFFftXWjvhBKGDlUarcTXcyYZmSj9NoVXY1FTXvvXnuJvzq8GoPRQUeKUKBjP1DvPUZcFsMsqOdjcSVa1w4iH+kiApALvPt6VV3LZSTO57NXLIDeV7MFhr6uRtRaM8K6uiSpaVcz9WnWYL13mIlwa8vVye2wZ2ef+exr63p9TTnssMMOO+yww74tbV3tM5997Qf/wAdfdEHeJXYwCJ8un+N4HJ/o2EoMK7wQx/lxfqdzPNn1Ns7xNM+16+lX8rRHlRPOCbrtWfboPLfp1/KBXasr9/oIG8xUI3qdGcG3kJNLF3JSdcK1hkl0b+SXLi5HtEL2SkmLljGAwgknKZfXjAJeuCdCHa08+waYK6FNvv4ZDujau+masBIMmAIzaYImKXMY/AsOcdEWeF9rrS0nWU4i3NpJPLRgc3FRxwObtNYSIOQpspHTjnwrvTs8hydxkkR0v1owPxyaTfgkfObJXpJBsygAMaX/ACFLnUaQwQUsKfygHvF4+M8J18GKYiZcAREsPZw2GjwpEXPXvjRLQUgvmiZaUGhVYFaqHmtwYITbcy0EuMZdPqDAYZBrcUYfFUfAsyYcFozsCmlA9I3Ska/XI8C5HeVotiCrTnHdvD9mx03I1OsTEBEBOTywwwjrwTG4t2pqCpur1AwRpzPnHQ02rQVNA1aDS1ESf0YENhSEHAgy9t1gZsGV2xm7fuK0wJx5CJtthlFBCI5ucHq1pFZBDKZQ792VJIlGln1v7qfFmRvu7A2SmxXSsy/lQTFLiZpZ10EeTVAkiToubQkyjEBqPjXk5wkPbL6iFSZvi6gih03jrDoYXaUYPt5Irybbtk0u/zEEaoEpaBmFeuRlhlb3EEGA0mesvwJMVRvxe9778vu/8zsguLl5eLa+NGoLI3ZESO8dhoD8gGbmxLVePUItISdyahEAkwihyk3IzM5nXzSEWqwjOJOtIbAYjKWaIlE8KgKg3fWiFeoIh5ff+a4+QQZMmLNxlMxMVR3N420jjvi7Cb7lPBvld/qeERGEgteoTmynxGTNhbB9RE6xFA0wkJqtq96sQQ28Oa83NzcuK9q7dTWPM2imvqGHWISEvW2jhNSkERfoTjkV+syhBoaZqkOZMV4z7m50TlV1EWxkVyAfkOpkZWQ/3/S6edX2+ZqYSYLEVsFWfWTXNiOwUWKHLWHaGXWbdpSg977RTY6fKOd52BTwNclz0dejZcnpzgqErGi2/cA/EzC+gEnn9W+qh9ADCNKp1UaTYgvHchN81ozOaOolcEwu2Mo2xmjRjnfbDRzAzm+GBLtBTBQLAEHXWI2sgYiZm0Edn+u9CIJk6gx8880aZli197M2a2jN20kV6NparIxELMtp7Q8sKk9EFqA7YI2J18sSG3NublYz871NXgYXE+1qgBKR9u7lzw/VEKtojUVeAoPlCIfzvO2nP/f6iy7CYYcddthhhx32vO2nP/f6ARDe1eLPp70fmKbzjW82Npdu02njs7127/54a/5PkOdTnT+Vz/w4P87f6nnDBhw/zo/zO57bO6AM74Byut2lDAhcgJhhvpWbjCzjAUm6NxXhFgsps5l/V06t8GilPhV3VpsCL01aUbYVhbvgHs2gSC6INC7LsGFFQlI17X0tFCB12Rw3UaR+Z3i7Q9PL4cDB1PNgRyBhEVlaWxaPL9iWpS0Ls3j0QREhbg4fMguzODzoaGJtyS8SUqo7ykwyQMavQxapAAQKIkOSzpiYSRieU0VxSlylKBdIFycmzgeK5kLValPbbW3walAUstFGAzab22iD6c5u4h2yhfpnYbqDmmfJKlELvmDv3VXs/HzTsgkUz5KnnkP3XgFQgLKjcgeiGfEpzTRCol10tvr38FAXhmkl7KlW7xzxESOHEUqQJvCrKIwbutItMO225kcTlGli7EGuxKjOWWjUmYTVOWgwfSfwbfLL706uOesHlmDByKQayza17HDmJ3jv00z5471rj3lj0yNpfv5ISyBw9D1saikjHWZdqEKHjmigzdMkExqQGHSlEctzO1hmddGtw37jxp8ZhJsqHd80T2WXWVwn+Prg3dx59eljSp7/SRt0sR7kg6cvp9N73/fe5XRi6wxZGjkjiphJ/Tndd2IwBBKClIaAx1LEmaf+FDBN7KpQo97JMmhdE2+t3v1ttXDrRO8KKqTMj5B7Bsh4MDcpdrkkqBTvuONIRXuP2ZqSxl0zSY1i7EaoJaO4+/RlhVs6CkihjW1khp79UWHn8/rw4c39hw/X83pe1/O6nm/O51IZ1RhTiQJybgawnNdBRNKKM398jwAAIABJREFUN4b5GERqqkl90G1TXXhMSvM/Y5mC5a9TpyYrvuVGu9h7QtrEe6tBByJC4IMQZvHqzm54dXGK0Vo7Z5OpOosXbNoxu/1mrMa+Ea41vzDfqq66ad6+gs2UWK+L5H7P4yyFd6eosvnBV2Mthpvnz4CDygFk5n4ir8aCe2ODUYqR+h6MJDJzchdFSQNtU7BwExiYhdSqsYhEap+A74vwadOphy4FTEzo/upUc0Fr7ez7xqZ1f2YQFrTpI3Uu/717pxIaFddiLWHcCIjISR4GMS/LAqJDYvQ52+d/8Vtf/PLNiy7FYYcddthhhx32vO2LX775/C9+6+//+1550QV5l1g52O7ip73qm8Ut6eP84vhYH+/j8zzOj/N333lDOayO43E8jk96xBNfmZiZBYyRAm557tc7Ey9lLCe/m6WP3wmITqzrwqSEUAR1xbbwTwJFTplZZBukcCqeGSLekCMNBTwEdSDERNfeVbXn772iiwUoha0DH0QiAKm5Q5NZhKWRNGmtLctyusdODGxN2iLC4sqinHQjaQ77zWBhZA0SD1xGDuDR2FZflW4DKRlAEkZAQWagYhASeeCgclwjCIJEnv+kLFovONDBARsO6LGsQnPhFis63Cxylo2XJ9gAhLt7Pb7SOM0WjF6lIZKZ6GAAhKaoxLykesqAMN25qRrhDCkc1lM9ZI0nwW2CltLjXxjq1t2PiP03kGqErqjahAiohsihO99t8nkWTkxVh0m7HfqcM2K/H57bUqUiKnSQJm0OQ+g4WEGV0fRJdeGBil+BBi8AywrgmAXO1Gz2Yg2OtrCZcRk1Y3PAy3rlYu1Ur72Euxyz8fln2mGAGbdIwHiiGDtkq1EvG4A5LYcIJJ3xwiwRPJTK8x5x0WivEkw0wPgNnrlHB/dvdDe77a7rtTTfYxfj2KlFOyRji/4V5Wmjc4tYCUaQR1Vti7zyyivvee973tQza2fhta/SXLiQzOE77a5+yMICVmOFZAw+o0ECpdH8sWeDRaQ3YSgZHBVZTs4htIySVt2GJlpXEFaH/GT28YEOeWemgUWNSiBg0MKK5Z0UMx6h/dRBjfyLUDXERInQNSE3MjUoSFNnNOiSRg71eTC5ddW1r6q69n5zvnnw4OH9Bw/O67r23ntfV43+i6ClzROK93E2sHjMPGJG7F9xLnqAfFrVFTFxdVTRBkGrNp+C/hb6WoAokbMMhwCra766fKjHjxyEVdS2P6v+4x/7NIPr00aAHXNvM6Dmfptzgi+ZZMTGLE7bHERsJrJNbFEwYGBkrMZcGQNUTnhrP8Tm/Rz+sbT5VplmQyK2DBRo4+7tWJyQyDFZzc9ygdCEaW1sczH/LBsBCwEiEuIVRETCYqJB1Y+fBAy/J8FjJomlwWAeTBRmzOxQnxcjsLosw0QDpUmlQdfez+sZBmZ2QDy4pgF2kq+LLiTriqMiYjVIQ7Q31IXP55v6kGzLMq3ehz0n++zPvfGii3DYYYcddthhh70Y++zPvXEAhHc1Gz6Rxx+vXom73fvYfJ4yz+N4HN/xx4bd1vbc/F1O4SP9SH/3pc/Htyv/CFy3TR+77B+XT16M8DQxsQDG4RdGESpCfEzNOCA3ceIFsZECMB4xmDx2HzETkxo5aYvNYjM4E0DWkZHn3Nu1YUgNd2W4/k27ZQydoRdYBeu9q3aXFdU+wwRGpIC4jJdlLECkH9grgknAwk4BlNaW03K6dzrd46U5ZFB6o9ISFJTG0oiExJFFD6PUvBqIMADCVB0sDK70uMzcUYki1GRYQa88AsHjDibKhJ3DlImEhxDcDNxW5KvtLcPbO+BJOED1KNuSw6pxsoWKYXeN0lQ0jASONIBcBMYVoGDyBdc1JDPNSHuAOj2JcaUsahlorw/8Lrt41Ig4ruodfbqmRgI58pHabvVSlCfQ4M9ueDYzjl1EwsLEGBWoLnQrw5TzKVlFU1URNl7pbBEqmk5VpqLCHiKh1sLJdHI3u4JcaL41aa7rl2DJvm9gi1kGMpdquBtFVwA2OMXl804Af0bxtRBTH0kJDlVLVH/cPD3+WcHRgvRs+UNxFh0zSjhiQgcLINyhg1PcQSaQE5iaizZGe7EwMZHUyCtY5nLsFFQ41ed0Mk/BT2K07Rx3tH0jAVl5Uxea5YNpf2mOnur/sXMkfyeiJvLyKy996EMf/NYbr9+sK8Bdz9xOxMIs3hPUzKCJXziiFeqtsXBZ9cANgk5E3HjBUt2YmGRpYovCdF1LyyXm2egSDkkZFYZds3wytwPQz85uumE2U4YqHaHvXA8zZ2MvtKp1jRWQmRMV8j00tqr3q4LMqQRAfbNK74lcx0R3Pp+DK3hzvnl4c/Pw4dmXMfWJLtBMIgKzMIn3QX+0b4Joy8IiXhBpMd2wkMTi2FFgkqu+ektMgt4eda6afOzg8GkkSfC1LsfCGpFQgwTGYN/Ek98YThtlqiWNyNlmTDzRwqiQXSQPPjuGA0hUUJnLiNbYyLknGk3NSECkMI3gryBiFmTgxHwFBSciqciFIWS7r+2Tqb46aQBQpZsZGdUKSJxxcnNfDkDQaYBNw05EZkUEzz/aYELmdqCpK4r3mvZSuZsJjRksxlp3sG84cslVkRg8QZyEwcNOO7FP1nWtB53P67quItxdM3bqMEhd0XVdz+fzzflMxJKvtvZeX2Up0zBPiWDm8/lsieUzcpcHOwxpMePGJqnDnqt97vMHQHjYYYcddthh/z+1z33+jT/yb370RZfi3WC0Odn4V2/z916mVz539wM/9vq7+4HfLr/02+7fPtKP9Iv0BtSOdapzm86P9CP9WjqeOh/c4Xo8Yf7T9Xa1nBjPtV3+U3nslvztovy4zOeynJjTfWM9ExEJ4jcq6JCIM9E9RFpMC9IhSuYcBVNmRipqMrmUGjzkzcBpZk0zIirmH2YrYhTcKauOCU14leZW9zXv2OI3FgGfSLhRMyIRIeJwkjnPDETcmDnpg0tbTm05yekkrYW/2OG+pAk6pkDkZCOW2Abv5CPn/6E1SZ93ohq6kSqzWVxrAgiZ2XN0HzcH3DRILSVwVuSY9G3uBNU2Xrn0t84pKJAGt1t1JWjgQjOUayExOWo+n1WuZCTdzdmk0NR+9V6opt2TzLojvPVzQr09kOFyPiOLggAPM7akAwcVuLHcvjYGSHTp0hfd4pqUnJ90AY8XC4+5o0xdVTNDZ1PEV5mpuVN61xbX4J55LGyxVS/GuKSwDJuRuQQLa+RE4L3IotilLCxN2qxyuXt01QwmAs0FjWaDWoXAqRcmYCGneW4AwnBHi4wInZMXPh6kNvfV7RMDRQYcaHTN43xfVFeYZg8zUiMtcHDPHfTHZTiuhFBFJnAoB1AWJ/jU0298ASVc0IyuNPkOBH0ys1vd5TOpt0ocVecbEfb0wbgco0sQETx25XQBjZ/8eqblpXvv/+AHvufT3/uVr/zm/ftvimE53fOpkgitLWQ4q0JJS1uxpiBiYrKMC4tcR7zanaUkxBATYdWuai6gyMKiQmZm3bfFMPM0pA0UO03U0SjONhryywan9jKrmUKLRAwMPhlFD82azIXOzLpp7zoRxvILluD9tyvUjGOipAgO2rX7FLeq36+K3vv57PDgzc35xsGY3ntXRTLyS2QSCXYFw5WYyUc9MfNpWZjZZycmYhgAAQuzI2BmfSw1sbTTjPd4/U87PEZH8knOppkTk9zlzDUcOq6JIPqrkFANfADalduIwpv7PWjiIUfMQn+KTXLsReX2O2uTkO+hIA+xaJCx38YYMGYjqHbAkoSZZHEgMtmuldNEcvFNEm/dqx5cMkF7T+Znp60h2eGXWQVAaKa9+w4kiulOfS0b8OB2Qvb6S21n6mY6sbSZpQQKLNjuVLupTHtEPARIjSg4+iKSKwjMsK7ruq5ELRmBEWqTmQ1OoKeUATfm6LNEZKYx/MjMINwAUtWbmxtvL68i53e21lpr67r69M5MIic4tRF05ZvwsGdpf+dX7r/2Rr/DhYcddthhhx122LehvfZG/zu/cv/7v/flF12Qd7z5X4F0Zz8zbbzBkY7iedyWDya/cbpjH+1/LpGed4p//kg/0t+G9IpBeByP4xMd7bnk8KRPubx+l4Lbf31LzwLGinWnKxGKWx7FyV2gxKEaNq1KMJDQ5AncMJB8F3/GNPI4hA0aBK8iWU0uuXBgCQvUVltLaKscjbBCn2YFQYUpYGpdO7qupp0AB5dMy5+WTtHQXIOTAd17qP5WLMTMsohDg21pix9PIk2ckSGNpTETs4g0P0rghexUv+QQBvNvBDPLSrrwcxVzpWhaTlVxbJVolJ2KxwRX50sNLq93Hligbf2Sm2CElNJ6hcIMf+7+g8fmf/i3CFn6rYu65f+u/4+fyeDu8oLVYCAFBWTk+JrXv1qggaq9m5l11T7wJQxBUHhbcQbc23rpS2wNxsQsJCkVWVD4KHWUc+KKGAFckNlA8JFgqC9WRsXXm/GYdFqj2HI+moSpOZOWGMTOM9mDNGMIkgHMUsicoxNmND0LBUkkamZVH5MArzMeiYiEuYk0aY1cSM61B2fwElRTwRAS3OABE1hYtUjujbaIAOpsP1KzbgPg9UtcutOHTQyOEaQsKyBnH5+zBq6eypHVVKHkusUFC0x2rNHF70xDa3XIEsPGxgeAJ/1eHgM2hpiPuUZOKJTcARDF5kGuRKn5zUO7uk/V5FVE9lazeWvi7cNzf5PRDu4vGuPAwq+wDAt/Jp5ru0qOWXgaoOXllz7y6kff950feOONN9a+vtxONG8bILCwQXTtYCY0NiMweUhbWLcghoXCszmSByd/efcQYTMJAhywtMbA2QwmRlqDASU26VsDjEEwzuwxqYl6JyAjU1/oECC8ijCTBFBtilCdFWc3eXf2ejA1A/uY6WrEFNg2k3c6FxgtUWRVW9f1Zj2fz+fz2rUriEztvDoi6NxpJwwCROwcL98mEvtEokoRAWjBTMLcso1SDheW0fR8vYEaiITZ90bELhNmx/y8eoJ8m7gf11+7RESkHl5OVWGujGymrs5Z9GIWAUGh67oSQc2Y4DKbzvjVrgAJExMnvXCMmGQ1+uQ95uWaVAnkHws+oBINNK5Gd8wY4JCIRXeJAlWFeY2oGklgv6pKTIGUud5p5BkimrnhyZ/ItcWBiH1LxETOcwwPq3WvEGKpfSOBHPsnTSGOQE1EwXokEmZqzVWyqWBXtfEFYcXdr+XAWNjnvFAAYAaTQh0pjVFNITZKsfcI3oeJGGCY9ZBbiBZvrZnReu591XXtvqKezysZsTCMoPEJ4Mj9uvbelcAwCs1tn581aY1qlsLMY7xm25GwNAZBWgjQc4aF9Cn9re6kOOwt2t/6xTdfdBEOO+ywww477LAXaX/rF988AMI7WLjf7uqnvXolHpsD9uePfeLj8zyOx/HddywGYXl26nikH+lH+uPScZfrN1e6EBczqxqRWuy15+E5QyAkFejOb50iPNVJbWQXYiFS92oFtSIRFiKh3CzPEvJUyfhzt61WUDgAySXUCLEW7MJwsZoZA+be5K3kH4sYzJL/k459wMicmdIat2VZ7rXltLRTa4s0EWncGouk8ugSbAHf59/aRDlCIjFcIQODoDZ8rTRoGEXv3AZyDFlRDm3KFGZDYpCMydNXBIvi/w3X8GiG0S5IN+gEiz3OqrcMfCjBhoHPhDcwHbjhjbfwxhd/1iOTmUInIhe66tpdHtbdtdazdbUg5ZKxpMrfrHaYDC0/OMrnwRo9qlxcr1X+6v1ZR8NjScBEQrMZ0I0RRICBzfogomGKsZevzkTCJEIslIBYjZdtnrM5Qugu+g0iOBgtE8yOIbY7aJZO3lN/EWYWoubgtnerAUWjEOhdEVzmdDs7AKFoOkrlVQQKf7UhY085mbd3nzFGNM2I61bo+YximxNb53LU/0/kJRBF/LYaQQNMVbVpB4J11dqVoCEmmWMONVO5NnAGZqz4gpTwDBdrmBO0nxQGxyQzvwzyQ74Gz8W4uuPwuw0dfLL7aHdyW/zCAZXvOup4ru9JMLCZUeP3f+CDH/rIh7/+ta9987XXzHggPwxlJRgXkK1sMMYavC5WM02NZIOq7ymwGs8+ozYGiSpZN+S4NlVGxJft2uutckmj0K8mNrD387FfxBzACsFg9rcl76VwVpnCoL4VwkydVx8wkmTAWkdQnSDolDgzsHgMVAOwdj2v69pX32qzruvNzc3N+Xw+rxowm53Pq/ae0QldRRMMIWZnp22YrAk3VShBEZbg8CkReIpHOyDhiFdHNi2GzOKTdYXVtOLhxcoJy18FYODszOmcLi33u1Coj8Yy3q3HkAwp3ljpYl+BAL6ThoUCCywZWKSYa+HsNr11LT4FrpODuB76MLadAARIDpGQIo2Giu0HNDRpc7NKyAsMrt2G4+/xCiNqbEx2vnzNeL9NCgrEzm1MunotFFt1VquR0Xs1tKpa7wGYZrhfz1S11/IaXZ2IhUOmO+ZQGFlHV1Jw7ouhWaUlRmhNWB7icl2VmYnEjJhbyLT3rt2YxYDzeSXiBhCxx9RM1iA5odbJ1dqRcYVLoYCJ1HuEo8+5h8mFL8ylnC0A+/yGcN2JsWHnsOdnf/uX77/oIhx22GF3su9+9d6/8vs/8L/+76/90q89eCEF+Ph3nT7+0Xuf+/wbB837sMO+zez4GLir7f7of7Sflq6l4/brr6RfPvEt+4GP9CP9XZZeDEJcHI/0I/1If1y622Out/nKYHNQRFviwb9LhGmS7nTvTbDFim0wR8oZd5cOn/sQ2REvM4ODRToQo+Glw8Qd9FnCTHs3uN6Ze2JNVd1VVcQDQIgtyHjB5XA/J9w9Gj47TqlNEZFFlkXa6XTv5dNykmVp1NhZg61lgCwhZpEl8MEUS3SOpAQeOOF8ye0rGHViZ4VXOmHMwiTc01i+u0AH3eXIcEfnyHFumgAId8gfDSSXAlfEo+0azTHb04p6NyvQJRciISt/O2gGBgN5DL+4L1HADCVofRNx0NaewpSahK8ZIDRCKsJVqWzqqA4hMBF76xrm0GsufZbvcPEVlT1kTp09uY6BbRitgUSpmQOERGTMGOTSIaOJ9IZfr97s9hvi1lSSEeosn6vdrOdA8JQ5QicBrkbojFfO7sM7eG48cA8WbsqW00bVnBdOaTSEVixJ7d7MhWMn+fW2vG81n2w2SVTpNtDBHaFTNz/lY7IbRDy0kgfkGs7+/60JETn/dEYHhziqYdQebXZIbAfm1NPuThx8OrstkugGJrylJNvNA/tripDsPCcQvfK+93z0Yx/7zS/95utf/61zX316ZKbl1IgIaxDWyEzXDlVmQc4cTjX3bitMpaSoZknE9rmIhM2EyMAgpa7dFKx6XvuqsECSTEkpZwhgLFYD1MoZ2DWg0fvZYOKx+sTHl8snkot0qmpfO5VUqTCYPc81GboGOF3WzCiIrVhVb27O597XdVVVA7T33vvag3qmGSxXBzWNSFhCI5mJlnmiKz3PmvCFuEXUQFODLxCJVVGJN8a7bG1AWaVWLRKkbl9hiJzEWcrhwoIpHDGP8gBAoY81Ert2VxNnDs665SovRKfWtJb4QXOvkePP7VEVkkRQswwTSHBJ6VySchNRDXmFWeymgZlaipm69jKZmfYUKsj50OfVWSJ1sPdQMgq2w/lKCnWqVbqYs3Cp2FyZeA/BNFtxRo2dZ7axjvuFZP7NphwvrKbdlJRYNUqV1FkLHh6pkodqxvgaqIcjqP3m2KSdz91b0NS6GpExsUuJ1m4eC0B8cCvnWmKmDDI4mnZSXzZi1LowbwMqNYXd3H7Yc7Bf+LuHT/Cww94d9kP/1sd++2+79wPf98of+7O/8vyf/ju+5+Uf/qFPAvjbv/ytP/Pf/r3nX4DDDjvs2dnxMXBXyz887+SnxbV03JJ+PZ/LJ75lP/CRfqS/y9KbS5gdx+P4hEc8ZQ64Uw5P+pTL63cp2Kbcdh5HIH65+qz0XT723tjN4unlw3JXo164iEcQnXD9oxyRRlpecnNGBpjUNUZFtZF26x62x4PTcDrHtBxtBqf9aJLkCBGpyv2LvfdegpNq4WAtYpMZWW2zj+BTSMhTCi+zIk8JizSwyLIsy2lZ7rXWuDVprXEjxwqCeeXIQXOoZWAJrtcmQw90kLIKNkjcpaIclau9dFoLemAKLS7m1IFEUgmHj02TtWkcWpGbUIKb5zNNDfVk+MRVr1zFfZvi8hWTbrrGKECzUgpVA+DtO8eEc3Rwdd+56aojtwq7VLQ+5+eEOhs2/MGoG2YIg5gyRuPuLaoeyOg6kJJdfUCBFeovPZiWiGfVgFoCFYD3jaUtFXPLoWDx9kliSXiNSylzlNPmxCBVlfc0QNXSzrQaDsFinDJv3rWXRaJzcvalqTvZoJRc1gImODCBU6cQF76fVYQB9vfQF1URF/ULmE1EKMNqbrHJuYHKXzw7r21bquLMDAB36qLpvtaJgzqQhEDmOZjDTSbLcS0U+sgpIBxyoqnuW1AGTzU5+iHlCL3+gs/a330bErkDJx41I3ij31LMrt3UmMALfe+nP/XlL/7Gr3/hCwQ+n1dATqcTQCxNzBAwsTGDuYmI850MIEhwPhmgRLZhItRac2YSjJFji9mBvAbg5obXtVYRNaiTFXkiZnsPpUmP0WUXEzUKZm6BxFUzg3oNCAdE0U2htjjmtjRR0+x85/Vck5kjK2vvN+ezA/WT0Kg6Lc/Rsv0Oj0L1ODoegBxHVl2xWtD7nWtsso2oshOmZUWKzVfzimHfOsBMIcvsWyJY1x4FSwFIx2qMGcQsye7KxbX2ZQRzsVYFD9KaLEyJFVCiZBXOsYhiYzRdbKlBzsV+Z21usOTVgf2DB7336uS1JIWYak1ccAw0FJmdgecAqodLNIOrHXiPhHmEYuSr7ZHQ0lz2QV1BGXNWIt6+zDzwXQ/ANi+K2Jvl/2HuPUjQ8fGWLHTLIJibLVnbHsXTCliIXXXFKiqc8Q7AoOaxJGMHQIaWhJeiNa5PtYI256iuquNB8/tWSZxxmP80ZvagpVU7qqa9WyrfUg6xAyB8bvarv/5gXY/aPuywd4e9/BIDOJ1uDU39TO39742tt9/5vvZCCnDYYYc9O1tX+9Vff/CpT7z0ogvyjrbwr9KdfcJXr8Rj7529xBh5PeKux+d5HI/ju+/YkhOzPRI8hNORfqTfkm5PmY/lHo9HXm9PmP/l9bty4vbrr5QHj3qu4ZHlxLjetukoblg+YO/EH7vgHZhx9appY3iENQIYEGYTSRyITd3ZpMQENkr3VvnXNnBTaFCpwzGJgGgFnuqWXtliqhWXEOW6H3JsgQ76pSwOBHJrxK0tS1tOrZ1EFmlNxGVFAxGkgg2aMLVyKCdyUHKgG15FhlYatUdU8lmJVEzb6h0U5KEqBw5fIQWYkaCfk59mbyA2z4gG3Wce3zEDE3g0n2l2yU0crOwAic0M5+BERlUknQ3udc0IcLB0mvcZTFrXNekI5VyN3mdzj/TMBw+jkCEnjCZY66CUu66vvBltq6FeciKgbIFPzZJvvMIOOE3qplXlg5FGEaOvkOOZx5aloUsxz1nodEccDJ5e9PQog4+OKp53nsVlcJs0kaK0egzLHLAbzuLMnsm+crVnlL6rddMZojSzlIoNlTkODc+oD9fyvEAHN4jpDj+7gAmj/jctBMzu6SpDObKHxz4HJyPio+7QwQwnGmOcJvQ9B9U0uDbo4GZATVqj2873LEmEm8wvYMhLJ/tbKMpAm5iESbu9/Mp7PvbbPvaJT3zi9d/6LRhU0dW4GxGLNIN1BMGbRVpb+rqaaTJrNSQhiQogBJOE3LSDQBKBT11hFGhivUFhBCMzaIcvILmIjGFvcL3fRNw1V0sQ6MQNBBZkSyPhL04qIPnMYiAyMrNz79a7dj2vvffus9r55hwEXTMi7qrrup7PZ6Q095pUwqpAXzU9PGrRqmLk5mri6J1rpCa4zjHYLSnoF9NjDiKHx6jwmAF8Irluo3c67kXCbNmTJ+SJvOprKEUfUNsMC4oIc6oa+B3MzHILDVPpRk6EbwrNUdpz39NUlYxIjYVZfBLzDSjwTuLR/qpUOwbbmE/MiFl1nldj0SASX67GDBLjhQJEJtRnRgma5mJLyHrZ8QsT2bxFEJiia9EmzSufZ1g3st1WTq0PuQ7O6w/t790/ovZ9WG5tGdNXQX3VXQcmzUwbSh+Z2bquNbkmHOirzHwj1YxdPTHCNbKDxfldRqq+4WxCIu+sh37Y22C/9qWHL7oIhx122LvDPvf5b/6lv/L1j35o+bGf+tqLLsthhx329tuvfenhARA+2p6XfxtT+vN87pF+pL+z0ptd5RYaHelH+iPT8dT54A7X4wnzv7x+V05sn3upVP3Wyv/ocmJOT1/RjBBeWQUnD5HCZvXOEA6tzenEwmJsxr1TeJegqj2Bx9mR59BGKCVqeHlNlcxl5EJBq4hcDpBo8a0CQXHEkkEMDv89mImF0vsJgESkLW1ZeFmYW2tLW07STk1E2iKtJajRRBb3zob4YPIfBjqYSEJu+qfZc5iKkjPMEXVV/MGK0DZ5h+fEwUpMEDZaYnh8I88CMoAd+pgXFED1OHRwdMfSEE2v5DhNbKo4XAnVuKZoAYcuO9kH16333ntXNSeb9T5wpgJS0zU5lzP6aj3aMkyTv2aiPBXFClQvURXvtXPhtZ0YgZgAL/PXmXDQlEEryLB4Y0HQw+gSVL0gT/cBruLn4YuP+h+0icIk3Vk68MtBXtQiKrmvn0AisrQWHFciEZlgOd2VYA8N7ksFpFPcYgaAEXryf7W4oREMtDvVhhPY8IidocSLuUsi4ZJidlYXHg738D5nMzmQZFtLQqrrEBevJTcPpD89ebpRJ0NVtNBBptR4pIzoiSpZFhpjZE1MHWA7yK+PrGdCzrhgJVLGy3wmzyWCk6bPN2tj/shHP/o9n/rU//XeXyYIAAAgAElEQVSNbxAIzGpYu7VFRNiAldcQRGRpbYGHiSVTVRYmODoYhWZAR9MTS2MmGKz7lhF2NriEpqKpmRJICRGJLXml2W98gg1+lLNlU72QRZx1GO1qEa1uBNQ0C6HiVEI+n8/r2td1vVnXvnrwNVvX9bQsIs1AwtxV/SJhAaH2QFiRjGsuB8TDHjpZHqnGiADBHD9DqFgLCUFNlQ0aL5KtTbv/+n8SgIneykwgA5kq5bNK05vGtgFnCIrm1B6j1qCYZQXq4eBUYfXSe90RYGq+cjaR8YmTee7C5WZvHe+EYI3HDot641AQZXYOfcm05k4jOFS5g8r2fZgJGaE2VK+TlueTumO9of45Jj/yGZeISCLc4Q4XnM2ufZZ5Pc0fP1ue36io3TXTAKTC23bp1YS1fEzrP2Gq85jV42XHt4PlAl1zXnYkqed6e5uZa4NHJMtJZJWIet+/YCwKIq4IETuozLR3f2+He0MZdaI7P9N9FYfN9htfvXnRRTjssMPeNfajf/mrL7oIhx122LOy45PgDvZ8/Nv5LKu44i/c336kH+kvIL25jyN/HUe6SDnSj/QpxZ46H7vD9faE+V9evysnbr/+LuW5KD/cEfXocs5XhkN1YAJbhbnymJe6lLtut6wVKlEvGjQ6BnPKirJZqGYhN6QP70/mrtrNAg+hCJ/jUYc0xRUdNvQ4gqVUGjwyJ3F57DDXkgQThP3tiIhl4XaS06m1xrJIW1o7sbRlWVprIk24EXMwCJmdBsXMDGMqZgYVqiAyMLyNtCAlIOezGmX0siQmDVyJPXxd1hQVNjjrsFkRR4ocsUMvIuRixElDhX8sxMzb8HYRwsLOkiuwFW2bqRIjOiCCF7lBtpLspeYBt4KfoWrrqn2W3ktXNNFwXJejdpIbJRQzZYBn5iJ3LBEmLuAA2jNsLB3MVO7aHcVqYIQFDbr31DvlVlU1IOqiwIIy6FcKUqLQQSHvpo/EaYznYmB6wVBi9NtpbpGovN67kzKdL+W6ma01jxwWJUyvKwc9a4KPJhhz55m1kIAEBug77vX4nw5Srh5lLZlSrsZbMHvzqHIVeDPy32JacJ91Ib8TPB3PJCQoeQkQFnHwCmswYaEBukeIyOg0QdLlSa3XZyuCuJyjgwmE1Ce+yh3c++ufkVEAFY/oS5tNHm8Ld3CeNEIDGdZ7byd5/we+89WPf/z/+YVfQNeAt0DEC4s1hvauOBt1qHFrRHCIC/3skopOK4eBiY1JE3kj4ibCLKZwsqqPbCYW3xoCM1hfCdRNu7c8IcRuSw5TvFcnx5ADGiInpIFMUWq05Kw9NVMlA8HQra/r+vB8vnn48P79+zc3N+u6KtB7ICu999PptCyL7zxxwB5BWDRVTZaVzyTOeIvpYY4Hahj9CYlRjT0oLsRKcHXO2JESlaAZ7NQc8fR5XoiECzLkiimoMEngMOffEQjPtz601gg87yaJv0p3Wy2opLBziCkZw0MiGlmM/cSEVBX+IJGcdzZ9i7D7GsgyDZ1lRKA82pHYSzI2JCoTr+KK+zpT0okETAbSPrYU1ApoZiJmOk0grgZAQSgngDdLoYXkwWYUGnLLRr1CTRw6yczOq+qOuldbTXZ4IYONxoRcE+DoTteQy6qQci+YwswVR3P3jMdo1IH2MYcUs5l5uM3WqL4DXbDUa4BTkrXkWL0D55Recr5mZsEUVF3P60aAHcm9z/0aB0D43OzLXzu/6CIcdthhhx122GEv3o5PgjtY+NXu6qe9QDdo8sTe7u/FlI5b85lTMs93jH/+SD/S34b0FughcE2B9Eg/0m9Lx1Pmg+vxAnGR8kT5X15/WU7ccv2V8sDdb9efG67qbT7jyoHMxxb0St/4kgwbrKuC0wzpJ7grtW6Z5ac27MBQFmSXW5xW1VR2c7nC3h1ICiJUBgbqphbxzZxiqKowxWCZWS2vYHKYiIWbMLHzQNSILCIysUTQwdZObQl0MFmDLQMNBreIRVAuWmFxsGcyCXRhAxhUjU0gTGzgL8nQyfuW+OkgC4YYZP2bC+AbACMNf94EVPCeJbD7inmsYNfApWa37OyHRbIidaIpWYqdDaXL6WSKwhVUswqvtQNy6rywMR2FsQo9N2rYReKKPEgOIt4Gf17/ae60RKQDpYuDM2LKFZuaqVr4aTEtJENTej1z6lBWbjOpcNM0tBlBFmCqjgiIiXxFwLZUal21976qdoN5n1xaO51Op9OJpw7Fyb8pjtAlTDRRPQbBJeXjRm05llBar121a1/TvBJYWFqTkOvNMFOTGOBtIfrm/jDBKomPTgNqhhB2gPElBF4TEQd5TKY+U0MZPqmJ8IgM6gMxJwHa2tVudtVu63tv2XaswUfrCj4lg3BXchb2wfzSe+7hbMvp9IEPfegT3/3J3/j1Lz58cL81OZ3ueWQ7Immne8rcz+duZ2JmNDCbrd26uNg0PO4skTARUR8LCnPzGU3VmM3VesHBNyTy+Glsump3UE1jOdAEnoo4Sx5d1yj2jJCqxl9ZBDPqagoFkbCo0qrWe19XffDwwf2HDx48ePDg5uZ8c9N7Z2aWlntmYETn3j32rbAUqGbrOTSUe8++RxlcbdCc59l7kOoSFKnB4pt3HP4KtWkuTCreryhowgQCM2gaJPPU0vuqSnPMPAAuzmyTYDRhlHCeFuqnxL9oMMwH0DSieMZE0btpbuwhZh4jYtRG/snr1/gMX8iZA2D+3PNZVdcpHl5MwptAgDlj7FZiF3Y1hWrXiqSaAOJsQyczG4qZVGmeyuZxMs9Ct81vdWVJGftSOCOFOzhwFn2dl8y6sqjbpShbeVaNOZI3wm2Caw9YfnTNUFys3bEXStj5gt6ZzbySo7a9oauvqobwae3mqf1bswysWnf9iXhxqtE6cgbAmfNhz8G+9tr6ootw2GGHPRNbGv2Hf+hj3/+9L3/He4WJvvpb58//4rf+l7/2W5fCwiL0R//gqz/wfa94cMEHD/Wv/c1v/E9/6Sv/+b//3Z/+5Et//ke/9Nmfe8Ov/OEf+uQnP3bvz/6FX/+FL9z3lB/549/z6odP/8V/9/eY8K/+Mx/8nZ96+b2vyIMb/eKXb/7HH/9KXXbYYYe98+34JHishX+V7uxnpmvpeKw/eReD0K7nMz8XdyvPkX6kv6vS2/BmbtB5HOlH+iPT7SnzsX0OV6+3J8z/8vrdU+z266+UB4967uXekk15cFs5aWjlWSoh7llWZlAFkQIgdm9i6IuVcy0ZbZRbykWVRbgLzJh7yYG6rzejvKFCDkaxAo8x803+vQNsTiQcoQaHW9U16NLX75ibu58MYJYmTViai4tKa9IWFxdtyyLSiCjl0IS5FUDooQUlUkmC8bcBDJiHG64aZ1N1FHjrRsIwwp0hMypndsij5lWYQzTxDC8Nn/LADVG+5nr48K+NzrNt1jjROcJb/rRDrVLy0RIiKrJftqBHyUt4z4GsHniWqVoRNlwS1tJPWVhUhdsrsUiko9f7Tr0Xh5QlZegjXHXdjn+E+t2OCllktVApLCQy3iaPWnKerkgXfE0SoYktF606QxMBW+aY80ZG6rU66F8w4vzorBNzZC5YUw47aFfVrmvvHTBmaiIODZ6WpUlL7im2wp5ZjuuyooWj0KDu7WijgGZtdB+cifgCEOalydLaqTkfV6K3WzWEVY+96Ie5QyM3asQNiTQPHtFE58y+NNNlyIrDUm/ng0q4cdvJiuasQSDU3BFk0IwtSvMI3VAGbZaNnXZU7Ov26tB7puZ1bhdVfQUcvn5//H+sIuOuGF+9q3UV4ve9/zt+1w/8wOuvvfatb71JyqldSYALbeZmDwe2DGrSaCEP89YjXB4Lg0jUEpUOzWoH4wk1gFikGRnBCKbEvdPqS4X3Dw0CWyzoVDxeI3KiGZORFkHM6UqI0Gv9jIc364OHNw9ubh4+uHnw8OHN+ewayet6NjM2kJ6dp+4ztGvbMnG3WBidXY8gy+VWEiYAShq08NziUHtDs49BZM+aGuPFp/yceUAW+2582gWESUKQ0zmHyQDM7R++nYbyq4MJxhygGXJdjeiI+ews6ph7R90lazwJtBWdc1oVA3T0S2vrzBXc2nL4j2yIKGabGfFyLeFBEN+PQYqPh3yC88F9622tcl1tyoOmhYamzSjmsxc5iRlTcOGCsy6IbhPumwVIyWPH1jIeaxFKa9dGBKTcEfGDs24oVHhXgbuNEdtNHj5J9tbalKKYQDufXTP85+bzAXDCZOzyERHViPiZwZeJCCK03cYRGOEUatozSaKkdQKx8NKWrh35zehr2SEx+kLs9TcOb+Bhh30b2u/81Mv/2b/3iZfujT/zv+uDyz/7e9//B/7R9/+pP/d3f+nXHlT6x7/r9MP/0Sff87JUyssv8b/w+77zH/pd7/nwBxYi/OO/+30FEP6O73kZwD/9j3xHIX/f/eo9AP/y7//A7/0H3lcz98v3+Ps++dKf/qPf/cd/5Atf/MohWnjYYe8OOz4JHmvXPLGPOA65lCf0b2Ob8qT5POvrj/Qj/Tmlt4F+H8fj+ARHPGUOuFMOT/qUy+t3Kdim3HYex8ERvPas6ddH37v5tfhDMyhxuRSGrwcAKbMC7EOWGb1jqGgSEZPASQkqazNxVFBcb5KCPEzhx02X1GBtWYAxEWTN+gxVKTI2kTvySWJ/f6KDsYC6s1BkWZbWFllOjgiyCLGItGU5tbaICAjCbQYInWdECQYKc5NgQu7DzCGeNhOtLr4hBqCZ1ePoYAKBjBGQKo3DF7zNJE4oHaZDqg7uULPhLnyscy3bedP6NgNC+V+P4jVQwc31wSoLzcmM6qRmfTJVhD6s5RPdYz0gKLrE5KpCR+xDBLFThtZruJ1vo0rFGmPlGLe5g1uhT4EO2hTZTi35gtEZVbt2Sx89M3mYvdY81t7UJll0G1Jz7lPGLKe5bYgNg2QL0KrC9TzXUNS0Io5Qa+1eooOFfhVY73n5o+0WkmWwkVzGlEAogu6MoZoDhBVxcFYWFZHm6OCyLMuytJZu8PjcTCDk9t54G3KADTrovSgR5ICfZilaA3SLGVjQnYiFxUMicjEFI9Jo4SsRps5ntoDhkTPKvs6GZB/G4y5ngBdlu6Ls3+B2s/m6iVoUEC9oPa8MMsK9l1765G//5C//0i+98c1v3jx86JiVg1GERgw0MzOEniMYxCIej9TUiOGsUwAmJkLe2MwUg8+UiHN4gJiEmNCYrIe6sUIlZhKybglBBaLtTcjwIIOxL4EH7gyoYVU7n9fz2r/1rQdv3n9w/8H9B/cf3qwrAGnCItHHoGbG3Nh1UJvAQP5G0f88Iq0xwblWLkztNWjMLswZQwwWIQBjASMiktTfnhmxW3aXjaC0TnPNKUxi54kv7h7ZMYcyJdgHJPiOkJcs6hsiVlw9sSR9x3aHCXy3CmUX7V2Lf4Bnat1PfCjZxIqji7FUO1CISNVLMrpwVQhR6IxOT0xh82nlSuVYxESqcEKqB5ZVC5FkxAQ17T3J5Sb/JCGf9GoCj4qdgjgO/uXl9hTKGK5OhQTK81oMccR+l0S2LVUUIgpjtEKtCEjOZnYA3j26wqMmQ1GD/OoCrGowZ70mDK/eq3kjZEBUT3Rgz3OozUIuETx9alU6T80x4hRvNhqpGitTExHqVPqoZj2+h5IeewCEz83evK8vugiHHXbY22xE+JN/JNDBn/35N//K33j9N77y8J/6Pe//1/7AB4nwZ/7YJ//EhNv9iX/3444OfumrNz/5M6/9nz//ze//3lf+7R/8yEc+uNyW/xRlOOwf+wffZ4b/7W+8/tOfe713+9f/uQ/9nh94rwj9J//Ox//T/+pXn/HrHnbYYW+PHZ8Ej7Xn5d+evcR4el/3cTyO79Jju4YiukPlSD/SH5FuT5mP97/HXW9PmP/l9bty4vbrr5QHj3ruxCC8Vk6M621bztKHLE/s7aZqrBlgjxDb6IsDVwFp3DumrTXtaiogTm3GLhNnkZkFrEZslOHEuvbVunrAKfcYFkRg7q9zj50rgnJz5C5hoIiASMKtLcvpXltObTmd7p24Lanp2aQ1RwsABIjI4tQQjztYTKLGxAxO4t8MyHlt2RA9RbkpCxF0J3K9LzGSIJGad+kHy3ObMMVgLwQNa366+y93ACHGZcjzJNdd+76x6609o1MZCI/Stzw8thOuoz2jRO4AwnXtvasZWfpsd4yHCRLbeBMHXETONlXQuLdoYNML7v2zW27ZLVXgv2SIqSSXBDRY/JWgEPau5sUAE0S4tQxgGTSh7Cc2nNq7FplLURfMo2/6sbzIpkHInOI3mrmq57IsL92756S9GtGcsSFHfj76H6U56RDzButOSkjQQwoa9LYt57IDhF4bp9PSuHnow+xMGMzArJB9SbY1dtFC1bW0d1Ptqn3qJJa7HxBgB1mNuRpdSRtMJGOEeeMg7E7D6Uoh7mrxwLdd8PNOT53MaPMWBNAdX+taC0xgOok0ISKFqZHIpz796fsPHn7hC1/oisW7XsCyIq4w3fsZNyAX42Rd+9nOIKtYkABaayBydIdFsIJJjeE8MjWFoTnZkJhZIGbWTM1YnUJnZo5gBnvZEyOUJGJzialjSqqq1s3QTW9uzt+6/+Cbb7755jfv33/w8OH53LuaKYsYmLWvvZuasItKJyAHAsHjtKn6xpUY0cIt+0D3KZRiZ4MUXz8hb0syK5W44jTVz/N6zEPg0r2MjQBmBEX27Q1cF8gYEIhRDzq0P1KYXXPVovxUis0hDdq7zT15IyU67XQodJBZAkYKcMj34+Q2B92hULaZ54JgF3CaS6FyPXk7mpjpGoY0baqAB+YdAQWJTAEy8y8LZMTE4LgG/p2zUA2DXIWoUNYNa7AAwpLQzKdhV7CxxqnNy1OqdJJ34wrstyMFziBoBSnEJCs695xqJlXrvZcQqJlpV2BonFbxKNjXVO3lN/qQYWYR9rCaDiTv6tyf21rb7XepD8KpF5XsNs31YAYWzgi4t4q1HvYs7MHN4Q087LBvN/vDP/hdL7/EAH7mZ7/x53/0S574P//EV//m//3NH/6hTzah/+APvvqn/tyvAfgnfvf7Xv3wCcBv/r83//F/+as+W3/5a6//zM9+4y/86U+/9xV5zJMm+5H/4Yv/x+e/6ef/9X//xf/mT37q1Q+fPvKB9kze8LDDDnsGdnwSPNael38bU/rzfO6RfqS/s9KbZfChef87uYfySD/Sb023p8xndt3ffr3dns++39r16y/LadP1u3zsMn/ckh70qH05bSpnin0lec/z6ekkciUxZ2qVa0ZVSwbLNEPNbADFECVz4iAzr+vau5bnkJmUOP34RFT70OFOqD4gjyIAqPaO4g6qZUxBMxiVSzVJd+GuIjC7OmjjQm+WoA8SSQatSylRduZXkIqYXWs0cnZEoTX3ogYNIn+ZYAdC+teiiYdfD2BiBPUwhTHJ00EgBjPIaY8pm5nAn7dGaNLRDBkSKCqcBpWEJo8mAINS9AnKsmDmWGBcieFXnbquUwaTHwJVEIesYohsTgwDDQKhqVnPKHnZsBY6c4QMlFkHSuSJ8ima4JwFjWMCzlwMdo57NJHvLtQUb8OZbPPVO8tmBopgfe3dtwt4Hu5Ad6U9MjBRa21pzSHmJrK05iMu43JFqbLtqFTsqLg4iQ4W9O3XpIQpjMxcyRfq4qLn8zmjiHVVI6ZTa/fune7dOy1tcAfnwE0bX3x6zc0wIa2TVl/CsTXmuumElaKr9WL2ag8KI5EwLU1Oiwucikyef2RvJhpKxjMaSgneIHu0JlU0JGdDppCc99ON1EwNGn2plGHNiWgJiSQ1hx3ul1ZRIolFKiqhN7CRc3gBJhIaNKokFJZi66Zr7U5mIOdq37tMfCKjUSXx7/nHC2lVXBkAd2M37iKyFaHQwWAWWm86U/PCNOGPvvrq669/4/XXX3/jG29I42URbgJVApnCyCAQLNS59752hYGYpS0hOwgiZmFxdpfPdM7J7av2rkYewY6EASMjNmoxK4kS/j/23jXWtiw7DxqPOdc+577qdld3vbrdbbexsa2OA7ZabnCCQ0KiCCN+IIRELBBCQpEAE/Ejv5CIUEAIKfxDvKQoBIEsRygQOZYsEJAgpJAEAcYOediO7Y7druqudj3u45yz95pj8GM85lxr73Pvrapb99ZjjSqtu87aa68113yuPb7xfWNScmJrrSwiCkpcZZDsNdBfnGyGTeXQZH84HA6H/f7q4urq4uLy4uLq8vJqDvhEFEV0vz8QARFXZi5dl5aZa+HgrxtTkDJIJ9lYoiDSFDyeYAgXSMnJgZOn4oRHstOyETsmxEhGg7OPgniuQAbbIGHAS0P6zI7WEAqQqljvdzpXqG2KiMN+RDawyN/NO8iY6eUyW+e4cIiqtkbMlulYVQElB5pJdAqoimBryf4WERB7QJQ2e55FIFCTDxDXp0QZcy7GSIsDmq8cBACG/poKa6bIJaIm0FWd4yUkYdWcM+1pYj3HfF6meP4B+oKY5jx8JBtFFUKmOO8l3spgzDlD6USEkLqqdtxuXMVyOlVFlSYQaqXQhrmOs61T/JnIpEElpgRMOqA3ikXGNMnHT8DvcDhA5LhNNNGfeFhZsmMbWzHnCokhZwqlWds4QIYlXrmu2syAxNxEjJu+AYTPzNr8IQavbLbZZs/FvvbVWwBwmDXRQbO/9xsXf/+3Lr/yxbMvvryzIz/2w7dt50//5781vqu2pn/+f/jWv/HHXn3CO77+5j7RQbNf/pWHr3xu2k1UCx62eWazzT4Otr0SPNZ04V/NV37QE/7hJ/JLd523xfFwaFhagu6/9X8/Sn747fh2/EM8XhbafdBt/Km4Hd+OP/Xj+nzuq8tTRgLNggGCg6fwuuuPHx3fV6873hGY/C6mV3Egvix8VaoC6i5KGjC/EX8yUoGnFCJGaK4vhclKMoTGMRpVS1rXnKolRp0S7F43IgRiJi5IhGicP5fPMg1BKoW4GKepTFMptUwTc0UiIw6WUsgRQba/MfKNRdIo418BE6ar1zG8QT8ym2+s1aH+BxZHfJFyx0hLTmeC1A4N/CjCJ7qcXIKwmNdf3iX78RoTjLOvJTCNpIuFfGgKbMKgv5npBsOssTz1YFNn2ok5KNWVRYfeu6SkrLQ0syQLV6ku8B7mnmurY6b5unT8dCcfeYEOqhhFyYgglhjJ7ugkQhFzDJukZy11mkqizRSpqhKyHW41tktnpvVKho5ZCuggKOesQSNgzvNsgFxwByHzDo7oIK06wxI/ThfzULCkhI4cF5WhlZs0EW2iTSwlqMmcNnPgMlMtltWzRNrBZbBFwNtDTWh2YH8JWDrQZQQAjPHUVAQDjVbNCwdgYO56AFUwzSPn5g4RAeypPwfiICEZyBPcQqN52fBcjuKkcB/Zs/Rij1Emy6XjBGb41EzHyUQdwYpMmgJ6duP8pVdevnfv3m9+4xvzft9EuTKXAiImXjgfVJHViOUigMrESNraDGqpZzHBHheXRM8Lya1nm4QIOgFHmw2AYaGGRIY2onURUEIUtYGsh/nQLHZBmqLO87zfX13ur66uri6vLi+vri4v91dXh8BIDFb2ZYeZKkdWTXIAb9Sh9prPUAtwCjgRoKmNghJiLTUabT0/jHPUSsy2k/UBPHFgTPweJOPAm2a4zPHS0AMRUBFVxLE9CxJKwczOgRNJVc1VDx+Hah6BIXoJQz8gqGDD7M0MCAnV5ttFa83gOVJiQgGFBoiCgsHwkx5bEey/YcmLKczrhXGhf5oK1YvXn/EpYobyKaev5oMcgtMrEQOJXNYwoJAX2P5OHH9sXKdJxv44LesKlgcwouf4ZpWrp/iyjKMYw/E1k9LXVxvovSRgSEuLCz58hhSGowZpvgQuUUtYLTGpF5oYoffb5DuCwb8YtHzJOK9Qx6YG0rvWZpttttlm78teuMUA8J23D8cf/fKvPPzKF8/Oz2g30dVeXntpMjjwzbfWJ/+1X7z35ADhP3h9nWjwzbc8mdmdm/ydd7bEZpttttknwUaGkx0IrwaO/tT44YH979xf4B39pCMcJM/vv2KOrj+csvhjdf7J6y/Ov+Z4Px8X5bnuOo8+flzO93ed7fin6HhJTD5UH7f9bf9J9vUDXmeMB7n+/Cc559HnH5cTnmDfz7fxct293Ne/+K4O31U4VQYxYiBCMhPD82xh8OJOT+2CYCIiJKiAyEa1E2krbpAPcyRjzzGxIBkHCcjZMAkFiVhWoDY7AOGOXbsVOxHLoTWDAJEY1KXZkAiRDB0spSBXI3bVuuNaS5m4FACkSBlnzigm9tSDjmQaidAuhgpKgQ0azy803WDp9TuBP5mLjIJBxo4IehbD9O1a/P8AENpsuEw96Ec6eDj6bY9oc93RuSiQwigdmS8BK6jP8reBN4o3j6i561zGL9MNqlE7PFGkSYyaBKW0roVpcBMAYXpF01U53jmyRo3AYccIs3nYOJ5ECGJ8FsSe5CvXkpFiMu5koruebnD1+OLoVBJaxTJaSQPVTDo4maxooHIQ2ayOVe+GV60sJJ4oTOgTZrV48qjW5nlu4qPCPcmI7Oig5fsrhLhKIXXcJwOqg5Ft2UHBAZe1FuvFEJ2jWVNZNLgpxGyyohMn5uDO+gRwo3KO3Mq9bwK4xl92vmH8261VETTZy5CIbPjEA6dxNIKcUEU+yAstjIkzh6WRhM2rT11IOAp5jZM6ThgBtOOpYPzu047HTPDmg5MTH32fIbjEMHQbc4qghAqAjHc/e/dLX/7yxdXlm99+cz7sAYmYFZEUgVgUFGYFIlRAI2YpixKxyOxzCbigtPchVcPimGKFaKJNRvDG1peGrWFD8oy1hNI8WSBJ80VTdJ6bHuY2t0Nr835/dXl1dXF1cXV1tT/s94d5PrTWJIA3YlscmJi5OsaMTEOEiCFGRGyKwsrG9XWtY1/50ONnwJRIGcDkUntEzsiHG/c6bFEAACAASURBVKjngXpHJ/eepKAouEACk56LYzgRxJqSl03GmKL2QIIlm5yIRvXLxSBdolzjQj+GF3VwCBxoxYAIEYmZ55g9FIBQEVBVWnOBU1JF5Ey2lxG1qhqgvarMvQn6G884YrMcKn16i+XBJGhH+WXX+l4NVYVgaAahMxq/o4CL+dbyCA743HKS1wxgwTwyYmkSZR0FOY9kS20OlMThItssjHfJ8420JyImDQqBJY+MQH/3MQJr9AdMlqElhOzBJV4PI5swA54SWbT7ttYSmR4lSWFAb/OtBhGZLTxUxyybTzhHbfYBjQvOG2Ngs80+WTZVAoBvfvsEQPjGm37wB77n/Bf/7gPLPvjw8oSu4GFW1etehNd270FbHZEP9/10s802e/rGZXv7eoyN/tUP078Ng88Wlv5bfFZl2Pa3/ee/XxYo+ra/7T+rfZtnH3f+k5zzns7X688/8V145L3gfX3XBCP7OQiGi6DnGEJx35ClUoLWmnuVAInEwsFHxMev4zl9MIlfM6GlZEIkwpGl5KqSmbjO1aVC5xAAWAlREVPjjboTyRA3Lp4GrUxUKjvPa8elUClkeQoLG8BjQoxMLi7Kfgly5oiTiXRg/tGQFBAyWREsDYMEQCEr6mykABoGmhcYs5LQ9RgBFVFp8FRikCQ8a6E13ClKx1iC3s7eCummXDM/Rlev++yNEKTQ/9RUGUW7mCk9Don5RFx5MsUn/c9oWE8pBMliSfZeV5XVngwJF9hhPo0DusTFNSzzARGQRlR1SXuNI0sUxUhya0934HO23waQE1WZkIhq4akWk9J0Nc0kRgQevmqBVUtZpUpkTTPhXBtaKXZqZXM6rcxGH0ynsGFyu6nupqnWWohUlcn19DC6SmqdxgMuskaNVeG+WhuTCl0PVp1NZKzQebax2TJXFjPXajq+1YBwJrK+ht4wC7xgwR3shYnGQlL/rnfyaB3P42ZzUXYbXDTaOHAw9A8d4CnF1CGBGdnRQWITHTYJUnKSYGAnjj546R0qSDf90WgDPeXLPk5l+HQcJSsE2hUSP0wvTOZAtZZgYsPBiMma9ezG+edfeen+wwdtbu++87bK3BqICBPVUnbE0ubD4XA4zIpqKTxRlGgWmY0XCq0JtExv5gknVXkIfyylQmDkImxdQgsqM4hqEz3Mh3ZoCqrAgFd776utydXVYd/2c9tfXV1dXFxcXFxc7i/3+711JiKazgr6ZEKMzEy+nrg0qCIA+3Tu1WLCoa6dKJ4KUcQlQBkRADl6o5G9BO1MNbDHMbrenxPGz4Saip2zpZ4+0KExMd4d9MV/WHQRxvXCURxApRGbsUGnCYMbkmRTd3Db13PpMs7DRwXFaJSBHWgDq7VmWgDYtDVx/XFVmz2No+zZ7wCwoYKRti3XcEBGBqeBqkosob0YqM5A02F+iBrTNmKYXskZW+BfPjF+EYiAuIt7E9tNF2eO302cLGNjbPZwafTlbUZ0sLWWEqCJpa2XsAGstW4AwUsf17us/1yeMnEsM9fKIkoYLzSJZINRgv1lwbNlIkh0UnS6oVOtx5k8EcERzsyP7O6GRwbR2ztJrZWZXWWd0Lo3KhJkls3jSXWzD8XOJro/rz37m2222cfa9gfZTXTrnI4/+q5XJ9t54zsHAPjtN65evFssYeHKvvLFs20m3myzT5WdTSemgs1GGxmEeOLIaovDObg8/9H7MJwPR9+9rgzv715PeP57vea2v+0/hf3IQZjBw9t22z7RVt/b+bA+ok90haNz+nXW/VZX58N15dTh/NV1dPiuRjlPH7fr6LqcizPXn8LCp9yhG4OpHB4QBXEQRF1KEVpTVVYopSCSdtc5podLQIyO4NHozMgEM0hTpgWKCEZGiSB6OHZKuuu+oMWYIylYgj/jlBXiSly41FprqROVWmrhUkqtXCtRSfSP2VmDiEgYACE5iZA9wRQRoREcYjXWmKA6ReAkuwKW3AKjPZgmefd29RRwGhyQBUdw5dtNegQOO7ld/Rm+416BIy8tywjBn3OnXoAx4mxBtaxfg+wkGJYsS+sZJB0y7Ipkg9P7yK18pFOaBItIQbmQcTMgalD07ARU85Zyl7bUZJWNxIsONSJKtJgGJJrI3Mona6qeSQCqpUzTZGjT2MrJGVq1yNgE6Mn2lpWAQ92KJDoYNSqi6tKIg2ScMfbqNFl1wJEde5ZTN89afXHyQCCMvIOqACrSVJs0SweV2QdVHadn5upMSrZMhGRpGqMCkos34pSrwRKdE4ZwgTbSblqY6byKLKaakU82psIyhq53GGYiZLYcnzRAgDlYRJWwD9x1Uw7jbjHMj2v+GdiqYz/bWxMkSy7gGyRos4Bq3ZUvffd3Acg3f4vefustBJhKBdDZBhFxqQjIbU6l3Dm4ZJYWTQsXRGchqyIgF0ajMQk0EeRaD4d5ng+IVGplLjof5HCA1prMs4pSuXnnJgK0eb7aX57hzflw2O+vrvb7+w8fPLx4cHV1eZj3h8NhnucmzTAnBJv52Ym4gIyeXpSZyjC5mDg2AgQ/nJLCrMZ/QzQ93MTMAMA+BBAY2akjBW5o0JS1TJJunp856nrT25qPEBO+djQr0/QuZ6px8cqFoQcRBJAzLnBjT+vwj5G4IzBjxfq1fWaGgI5EZJYWcuIKAC0LHcxNJWyuVm36BF7dGShgfP7VfKLBV+7LEiioKzYvnsWuR0iKiGiRMPHS05fZeGYdqy7jOSAuuFhl4kvjioa0mEPy1SiLlI0SZNEFa3CkGPZWIMhcg8uxuShnXmcEa+OEHqmDmSxTxFJgEpEOFPPVfBj9avF6Nr5+jPTH7Cp2r3mebf0qzEtyISOiLTqZp/A9z02bfTC7eU73H24A4WabfaLs9TcPX35t9/LnpuOPvvLFM3sHeP3NPQD80q88/OF/+GZh/Ed/8Ob//bcfjGf+vh+98wyLvNlmmz1/u3kqqmCz0U6iFRjpJk76kLF7ep/8Uxw8urj0IeOx53nbbttP6rYMv+S37bb90Lb6zK9z+kyFJPihYWF4Yj++uyIGrq65/nR55olPAWKRQ+hp5nJAajj71FzBKgAImCpkDruNKWoGjxIEA4GQiIndExQeKwh6WzytOgMDiVBVmzsSESmSC1YqBQABCZCAiKhwqaVMbOKidap1KlPlUo1NaP97nkKmQJhCGpJcT7SQq4ESEpuXmJ2z55JxPR3gClU1FxgkBcSdswAh+QgU0EJkH4Su7+ZsLx1dk9jhwxEdDPRwCSLCCXRw0bq6+GdocXM3Z9NRSEoCgKvKpsMXFMx/p8ERbIEYjeggBEBoCpWY+QWjfTUdl2t9Uf/M/zOGibuDLVVkYebCnicOcPGMdpvM4ITg5Fe1PGmurtoR6bXzMVHGSJnoyTA7SEnEzFMp01SL57B0zCAad2jMEwy58EBr1C2A9JHo/m8ZKJktNrMDc6qqNKCDkwGVzEkmAi/AYLjeV108/Zjo0WijqS6UxWhDE4e0nVNGLO9gKYWpO59dVRGzk0chTvl8g3ccGpJRUdGXgvriZcBmRJx4sOzyhvZa7VteT9MK5lAMzoPWgdjovIg4NEKIiepQcTlOUT8a6OBo3Ym/LPQjbGyD9/EAqCbr26EgAGl2b0JCvnnz5muvvVaYd7vdvXfemVtTaQSooNpEEZCUGQwWULGabT76HW4DBEGV4NZDDsE6KVBhqjidqchBZlGlurt968602xkcdevW7Rs3blw8fPjG62984zd/gwvMbZ7n+fLy8uLi8uLhxeXVRWsHm4GIiIAkcrnlSoHgNNPCxEyFCMkXwKz5YMdZrILkBBwrgk9RFvyRo58sFS+oDCB94kwjaIRD3s5cNEmcw2UjDkJSOmVZs6Eik2706VVAjs+iho4a6KvQEcHkleWMMiwHfZlyJl3O2zblWtGbS46DrTQi2kRAjIk2FAbR5EejrkBERWUgVEapbeyrIpGKWkpQzenfp1ULsxBLDKkxtvs4iVmSXOUcMx4jP/L5RAECqU0TkVS/hF4vTmHUPsfbmuktYZTDDCIBABXtCqaAaK9IwQiEHiXly3+P0nEiIhF1iqRPf4ECdnFscaFdIqq1ihhDEXPedUag1RUoAFrc1BjCYml3cyZ3ee8Bxh6B4bGvjkUakVRD1MHeHloj78nQWlMQokJEHpej72eO2uz92Qu3ixGJNttss0+M/d1fv/jya7sXbvGP/fDtv/7/3svjX3p1931fPgeAt+95UsC/8Uv3f+qf+TwA/Jt/7NV/+z/69Xfve7jAV/+hG//07//Mcyr+Zptt9nzshdvleRfho26p0wLxsyicU4OP6vjTYX/4ND0ax8fH84/8fI868+T5J7/16Cust/gE5zxu+8GvsG0/ddtgEALg4M9yP9F2fDt+7XH9gNcZfdjXn6/XX2fdb/X0+cfl1OH81XX0+PpwzfH0ay3LqUM51R8Sdby+eP4zGGLksSNG/vfAugIAAQVAaSIsokjLvAXa3aTmlgcGVUktv44KxKnqqpUA4ZUXbw8iQuJCZeJaiYsCqjvWiErluit1x1xKLaVOZZpKrWTKcLXQMvUYl8LEKVPqOeTMPRcAIRGie4mx1/OIHyzYjdkQ3bcbqaccq0iHbwCEhi0hmc4eWuYzhIE4iHGFDiRC5xFCeo8h/4rSLJy83gl0iYp1abhgjrjMJYBo+Dc7A8AdugZSDXCRpBisputSHR2MdEqjEh2cBgX7n8lb6/yVEKe1dGA01MXw5Dl4oNfDaBFw5c5k6Yk2uw80GYRtKZYKqkRUmKoh0YVr4YGF5o55Z1Odsu4qBTTqrkI4s/0riYpZMSRyOEb9hjJbpD+cpjpNpRZ2EGDUt1zsLEpkHax36QUAnP51gCikIabRwAO+az2ZHZznQj35YPZcogBNfSZSRU0QIyaS/HMZYQCkBl57F5ubNFUQoD6T5hPEvmeuQkAEJmA2djAyAdnQc61g7CMdrZwwwJuLTnR0EK+REl0NvWdhq3uNi9Ejv9Z3Yx149FlHtw3I3fpSk4YNmAogGl/8hbt3a61nu7NvfvOb9969d9jvvStrAzCgTRxOEjY8Qxwbn+3eSFpMNVNUpWkTBGQmYm5KXFhULy8vL6/2XPjm7TsvvfTSC3df2E3T+fmNl156qdb6+uu/s5/lN37zG6Z3O0s7hEyviqgoAVj+yZjkkZBKKUyO/Uf3ICawE62L2PCxrsRMiWTrwJ3K2TlFHJOml53KgCenvh0T9RCQgGGBTqmCADJ4kIsvHYaLU5+IAGDo5jjqDDuAB2gZOz2agVAEFNqI4PdFC9E4nUsqeQRCGIwT6KA9O5koJ1iQj+jsTxpC5QPsg7EwIaSysA4zuitJK4Q8tedwXC5oGAtNZ64TaQQOODt/mF7spcQVjxGxNVcPtmAmjDviABCO6NeqlmI0Rf1gfwQMVh2MZEdLuJkRRQDo4USUQRsRZQSW2lBBm4Bl/EViIgQgW2RFnfy/ariRhBcZB1Waqom3x1167sAGRrmOIencSlX1NyZ7FPb3N1uPMqZlxQ4fFotOPRzLZmappg2ubq0pKPNYUUqPmIo2e6r24t3NG7jZZh8zK4zf/93nJz/6nW/v7z1oP/dXfvcPfv2Fwvgn/qVX/9Ofwf/9/3rXML8/+a9+wdau/+IvvG7nv/7m/uf/t7d+8p/4zK0b/J/9u9/7f/6t++/ea9//3edffm33EQiH22yzzZ6pba8EjzVd+Ffdr2u/PN6fH7tvF8cxPVxqDMJ+HQz37EfED78d345/iMfLwl0C3Rbx+9vx7fjTPq7P574rasroZV6gDnZYr73O+hbH99Vrj0fCocSEcLxOJzekGmIDIAURFGmqxTSpiDDhlWDdmYuNPQmTZZErTaWJJ14KV1A4+BYeNwQC0wGt8T+LJl7HXKYy7cq0Yy61OH2QSiGTES2FuGQGxNyiMwU5AUsOjNDF5LzooIBikf7kYmFdECxcYVaNHR3063cxw0iYOKCDiAjKiNT5HyP2B0t0MPkVg6OtI5frn26riP6VFFiH60Z/cIjXOZKzIBC4y3KFn7WOXqVz0NgYOMI9HQAMV7V3Dhj2DRVrlnWqd4MO6wZtITzRYG5TfybS4yc9acbbkw4RJiYXyqoAImJIgjsojX7BTi6i6EujuzOGUuyc/DGN4SI+LtXg2G5qpD0x2pyZs2iJurhoraWU7FSLYgROB6tpAoJVuWIUWQHA039auzQR413NrUVzgYQwoDeNDa+Q8ORC2sQTQtLpSjiZtnPxsTeTZRxTbwvzaiuaHu+onQsAql0VDQGRjFnUB6PHAXgEgCkZRtdCyISmXoVHfvYRIES4FgZ+xrbCg5+ZIt+I7tdaTZlwbs3qUkAJQEHPb9x49Quv7c52b77x5ltvvX3//v2r/YPCtVYEEJmbaNMm0pqlziQEVWldcjBwCxGZ26wzIXIppU67Mh1E7j+8/9a7787SXrr7mde+9OXv+tKXbt+6tdvtzs7OXnjh7sMH94FYEXgqpEpciNmynRVmKFMjrzoM2MPR91oxJ21gdClR9dSezjqlHAIGkLSWgpAyoiEADjv5AmcsvTYLLDQYT+Io2bjZvuOUuMDufJgv+sPJ0RedZA10naQ7j51fRtRnVaoBqPOOIU3V17440hMNLwVWlwXL37uEpEFiy6CqiBUClzSQofCLy1nFePZgWIzoDm6ivWh5hSCq5/jFxXWS/WYFMLAQIdFRXFTU0VK7KpXVXlPFWOiGSjNmdgLMHbcb68ty0DIykqULFBGfb8erxSCilOuMjM6gqm1upRjEaO81ZKOYCAF9qSWiTEWZuWbtNB8GQycZhUxHLuyq3w7vddDabP2ka1+HlL1qWQmMn56JNnva9vKL9XkXYbPNNntvdvOc/vRPf+nkR6rwr/w7v/Kt3z38qf/kG//+v/VlJvzpn3r1X/8XX6FhCf6bv3x/VBP9r//St176bP3aV28Vxq//8O08/lf+xju/70fvFN5m4802+7TY9krwWBvz/9mBdOANDhgMvyv2v0/5ixYSb2scJM/vTtyj6w+nLP5YnX/y+ovzrznez1/KOF13nUcfPy7n+7vOdvxTdHzLQbht3992y0H4PnMQmt6ZKSY6t2ewjhwlCQAJSUVkRsHWkOYIvE/oKgPo01WP6VRtjZu08Br2vEqIZLzBZA4SIRMjFVOAM2VRow4iFeZS665OU512hSvXWmottRIxlZATLWuAsCN5lnyw84rIleSgI3JeSZ5WbVEb4KKD7iVMry0Fn2OFCDrFCpzBQYEMGvDopMOYDjHZWOmQVVi6I71RE7IYMBMY0Etr/QHu65w5gOAFjgyxPKCGGyuYsqj580NT1MBCDfTI4JzmpB/NWwWnUFVxAIQHjDBYczK3OZ/AfJQm5mkwVPrlESIFWOjShfitjv7ZpGJ0tyn2BIrJ9pgHpBMQA/KcRQQBmKkUrrVO1fAFy1LmKH5ABvk+eM2PZ+xt49xBx2i9vJI+YtUsTU+wCIqELqRbyjRNlvUv5AM7VnDC7+8JDjFGpAzVAUEQER1ymw0qp7Kqz+x+WSeefZC9u7vYJy6AwEHYGJfdEMZuZzY3kyXUJq21eZ4tUZw51AGCQWijMsV3yVV8uz/dhlsgl2jtxmRjHBiRGExZLycnH/q4QkfivVqvZ9t9ZKwrYD6xpUZk/31z3cWHPuw7RhdjVCRFxzwQyQQe62767Isv7qazF+5+5t137337zW9fPLy4uro87A+gYqzNSkzYOgmpYYgNiqWgIyxTnQpLa20+tIurqwf7e/v50KSV3flrL7/8Xd/1xVdefeXW7Vu11rMb5zdu3oCJ9+/Ml1d7Ab37mbtXl5dNDrv97nA1FTZxVGFDi5mMDuWLGqEFR6AaFVUJY0upF40++xAQKYIAKJOiokRCxojzyGpzkqET70VBm8FOwdOCBewXKtYJn4zJ5BJoMbI1+SgPvYBhEtA+zGCMh1Bt1uoYKy4httZUJJt2BUyOiQ9HmDHBLe9IRJaespnoLMXQEpxbE22+siXPN6boodP6IhcCBCSdgZxRQSbYSSlsiiC5CntrRtXlEhBTNSXBz5Mrm6Q55oq9gP3s9cC0DaLIXu4VmrvE53Lp0XG8DJNzXxKSPDteJC+72i7zCBpNXw28HoHMrFELfhAVizKxR24iE9UBrfPzSykDzu1ftOnclX+z8fM51881NGQ8heUdzEgp+zQiBcSURff7g/3JJZN9AioQ4MYgfGb22udPZCnbbLPNPpr2//ztB3/kx+8+4oS56WFWAPjVb1z+B//lP/iX/9mXXntpSpDv8kr+/F/61v/y199ZfevP/LnffuVz0z/5Yy/8yA/enCq+8Z3DX/iFN3/1G5c/8bUXAODhRdcKenDRbp7z3/n1izxytZfdRL/5zavVNf/+b12ao+Lt+1uW0802+3jY9krwWDuJVmw5CLfttv2QtiWcvmp5PdL1Gvvb8e340ziuz/w6+iTXV+39H2IfDL/EOLOfr++hnC7hNR4HRUCJQO+MtzdalkGHaopewTQyfzmKDVlsRNhmQCylGk2nQUuvUWBp4EpuztfB2QVFU8bKhf5USSQ5e2xMQKIiikiMxIiMhMiWXLDWuivTrtSplFpqrbVyqcRGGnKA0BLnRPbB7l+zI4xkyIOpJppDKiXCyFLphYzaypLYl3AeDSSPEBTtDAMIQCnzP9mct+YuQMfCRgLBkScuvfte1/FOkiBvJkVa4jDuHtUOEAZ0J+HPthPEyXWqqk20dXnRjiGlW9KKkO5eROjcQuftLUoRrueE7cJXS4ntlmLooOnpQSdaoj+od2Do7s7l21vSXHJfNZlweWMn6gGYoKWIICiZnuc07QyUYw4gLMgQGi0AkFDd6Dn1JovIg6ybsSU6JqciQ12kZh8CMvM0TVOtE3Ot1VA5PO4NCwf0gAs4Dpe73Ym8aAvR1lpTaU2MvOhI8NIXzEylWBLEOpXi1LyUHgTsLFXVbB3TZlzQUv3Net0lIhlkV6+FDmh4I6ajHkAGkN61FwtzMYlhqypO7qBr/CaNqQM62kfdWJPDjXyknuxmT2ZPH198avQa9NI9yeUy4V1kiAXrjMgIhNrUmL2KWqZ6+4XbZ+fnN2/fPrtx4/79e/fv33v44P582M+Hw3xwANhTjTIRVUMIiSz+QFqTwzzP87zf76+u9lfzfFCo57s7n7n7uc9/7pVXXnnxxc/evnPr7PxsN9WzszOeiqgCk4A2kVLrfDhMddpNZw/wHhMXLlAbiPgkzQgAFHlunWVKiAgE6hqjBgf6JA+OfBESUMa1EC/CL8YYzOi9FuThnbizqWLlTfgkWGQxTcf8ACFhOn5Ljwh043oRfC8YO7YqjD1nCOQhW4L9W8O8NEJcgQ7alOIzRELqqREqKtBsMudcnSywBzL5J6T8uWTPAoxAEsh8vy7LjOO4t4Mhjt1BfcKI80qYrgOEUTqMMBXJpX5JcoOgzVHQ5qKpY8091hMel9eYM+O0UQ0AQHA9dO0va98EC5NBOLasEyMTXQULpeJRmtvAQps/TbbBKtcW93meg1ppvUuCoE4AMM+zqNTKpAgavYU6a9CA6+Nl7pgxaV16v9/nPjMrqE3Uxpi06s16I2KvgRHW3eyZ2Jde3T3vImy22WZPan/2L77xZ//iG0948i/9vYd/8s/8hg3z2zf5V79xebWX605+/c39z/z8t3/m57+dR176rMeU/MZvX+bBf+1P/dqNM7r3oGN+f/zf+7UXbpXX39wf3/1P/Ie//uDCfmZtttlmHwPbXgkea/a7qvtpLRe5v7amPxZX/lhY+GlHvKP/OFsdX52P3d8Lx9c/9gPjieMbzrId//gdLwOXS1e8ru34dvypHYf1cX2i6xztH10nz9HV+fCY6+v6+LAP15QT3lM5nUHYjwOYPyvcRaLuAmJziiUzLGAzCe+POAjUUAiloRKDJfYhMoaD++kiExC48mbmZJKuumh8AWJVUG0YnkVmLsRIBRWBmahYnpxSa5mmWiauU61TqVMkiKvFAELHmJiYATTRQc+VhoCITJFMzqBY93JReE0dMTUMSrO6B3fp4JZEAE3ORIbLJw3Jcj6l15PiQj1HVYe5FDtbYUAHySHGY3MXc8An0VS9y4W3dwQIO88vKH/g+fm80R2sMmjQkJo2IITaqSXek1SHWuoq7KIgHYB0WNg6ozQxSToRF5GEUK+0HJLF6WlWExrYaoebHNbA0IHX3jzgifSiIsKDKxr9vXXR1Ob/quOUTJTo4Nm041I8NRkoGOsmG1O77zZGydhIPZxMhwaKtgHzsbcgZmZKR3DPLwJQLaXWMtVaa6lMDnkleSjA0gF4iGHlDl0NJukKm8wBbg+uc9c1NcpogECOlCEx2cibap1qKcwDiTJ4sR5o0B3cUUzUgKtz5oqJxxsIDUgWV4FFdMxewSSQCQCH+lVL/Enh3XfwlLkQMUd2RKaekG3QFPU6TJQwfNHpiF9rF0JEZLx/e6rOEXxqF+xY1vUYoWIsKcF6nttBXVHWuyMqtNaQyQQDEZCnylOdzs/Obp5fXN59+OD+g/v3Lx4+vHjw8OLhg4uHF1d0BSpW8dKMlgwA2ET3h/nqan95ebXfHw6HuYkA0fmdOy++/LlXvvDqa6+9duvWzV0tdSq7892N8xulEKi2uTEzEjXVJoJIpdZaJwAkLrVORD4bGREwZypCQvZUsIFVBXHQQUOFeHwEUEVRITSak6LAAN0tcgciWuZFzGFPRE0EpHvLNCs/pCAdVFtMKlHNI8zfV4oMPMn5BkdYOwaprzmaa7KTkX3CCWTLl/4mCggWORMgshOPfaDa9C85bFQVbCLz+RIJXGF66Lh2fPFsDmImXTJ7nkSoBIHnKs7YGJu6ICA+UlZI4VN17jqgid9aIEOgpPEGgsYH7SrfC05h1PmIWMoohO4LYJ9aJafcnhw68xLbOxgBerhMVtlIsPMriwdYJHzo+geQbEakkQAAIABJREFUMVfgsy55wkJjCjKziKrOTVqBkkFRKqosB29so+FjU/H6HyKJEAEJ0PVEkYgSxc0pIjPj9rUlpqNAoymzcnpwSWEVAX91REBgn55BRAmJifxVY2SIb/ZM7Hu+eFYKzvPmwd9ss0+sfeN31vS+0X7/j975/Gfrz/2vv3tYzgM//VOv2s7f+tWHebA1HdFBALi4lIvLNTpodowabrbZZh9ZKwW/54tnz7sUH3ULHy8u9edS7e2ELxfXfmYc/LQhtHR0/JrzF3py79Efju/x/O34dvz5H48chAuvxrbdtk97q8/8OqfPVEhsCANRON6P7zpf8Zprrj9dnnni0zTEwG9EQREEyUBLGNldYBKgxghEQFERUCGgIq2B8/yIAI1+BqhACIKKQJVJGM1Bqylul1qKIbrJjKQFic0PrSCKVCpxAWZFIC5l2u3Oz2rdUSm1TFwqEbkWJVMpJQFCu8aY+Q8jO6AltUNVQgQlVARBidRE5nRzaTgFQtIhSB/DdZYR/Rj8CCLnolDyBRHYT40vJhEKzJGGjvNiuHhXUfkYmBQ41rNqPUf2olVTKnQgCmiS9br846CEIE0E0ATcEh2MvIMduMo0hC7VBi7tqADiVA9Nh6CCCro8KRAKaDOfs3dWbdLmOdLsmQ/UmQaFkBFQRRWVkChgQBrJI0GHSU5DooYm5gnYu5dqPIPRIlVbG5L8gSIqudgrVyPtTVOtE1ExQhECEQMCDfxOr/KhQWh0aVo5A1iSsYReAypNHJY7HA7RQD7cDA2stdbCXKiYzGnq8wX0hgPvZNErhg4QE4RnCUvfrqrO1ggiqniYD2J75uiXZoCHjRcmPJvq2W4qhQkBVImRiRgT8jaHMoyFGShNoKDEgEbfUc1sVglDghp+roDIWoBBHO9UItMZdmnQQFViOBMVMszfJyHzOCcSaMggE7INz6hIQjSqUNylU4mCW+uD8aTr9JEu7KQij1+4NnD78Tbca0nheeLvKy7/zhnm6Jonvg0++EQBJCSTQbUZHRmcL2WoBYLrPaIWmMo0ndfbd27Ohxf3V1eH/f5wtd/vry4fXl5cXDy4f/+dd+6989bbDx48OBzmJnpxcXG1Pxh9cJ5l2u1u3bnz2c9/7uUvfuHlV1/+7IufOT8/R5TKtKt1dzZxpQTFBTzMZX9ou2lCUOKHpVQiJi4AQqgmaEzEpXCg4JBEYAAAigUK0DpS8s4dRJ9nZJuXUVSaWFwLqhhi4ww7VSCHFKFJE1tdAZo0T8LGBEhJZPOIBjGWXaduGYxl8Ssjw88SxyERs2N7os06f3bkcSR6WERkVyUESrw0FCYT+xlY3Ti7iLMft5ACdIo05EcOBwJZcEhTIRRELIEVqRgeTAnGOgHZUx2qBGWxqViWRxGVJsz+NjLPjTlprBDiqv4phCwmAKJ4mAjaghDUxZw4B+5hqJKqOFCKTrL3BIVEiKSKom3E8yJ9oGuUz/McOgvgI8ErxYBAsJpvkWDVWIqWEbnNzYpTa7XcqwBAlXJerbW2iGMhpFqqSFPoDyEKgVg77MeFmXh/deWwq0ohn2YRaKplP8/23daagiJCKabEqwoCCHWqCDQ3UREaFNrnOSTBFRC1yWyrFhFlCmqDgUXkcDhYLQBpa63RLMbUVz47O9vv900aF2ai1hoAELPOMyAQL0DTzT5U+/4vn/9/v/bwCU7cbLPNPoH2x/+FV2rBf/6PvPiLf+fBL//Kw9e/c3j189Mf/sdeeOVzk0mV/tYbG8632WaffPv+L58/7yJ8DGyRUmJwBeU/pz8dnUa4PhNPHB/PH364P/7Mk+ef/Najr7De4hOc87jtB7/Ctv3UbUt3Uo3x+tv+tv+YfX1v5+v6eOfkPeq7R+f066z7ra7Oh+vK6edE5Mh4neHLA65z8ngwBSFRd79l3itzEGYZQEFBQvjDfHH+VHab7vjDYKa5LiggCEAT4sZClSh9/JAokXOGEJAI3FdKpg46H7S1g6unObgG4V0KV21qmSkSUuGCzGWaprOzaberdUJiZw0SF6ZSCnPhMKIOELKrf2L8G7whZwLSkO0mPhD1RxFt0MZYeMTkIQUBidJJOKCDDmYAeUarvKk7NTOTXL/xAA2eFBd9TEx9UPnWYpL+SfSJIDo4U8TgNJcedaZgM/pgkyAOBsoYyqKJiqHrwnVy4mgBLaKBzwL9OikjiYjWZMaWCzVYQpOUBQhR1vGOOsiN+nhB79OOlUvQUzXonmMNrPLttdYQkREL8zQ5Ya8Y8RTCDS5oXtR86u6vFxVdYD8rGU+JcWFbV1Bs8+FwmB2hc5gFO7TsfMpaXVu0MK06gw0Tou5HzrsnPDBihEiEoSLYITEXjgMFFpM6xP4IJnNamGspu91umiZmr3niGGPBAVqxPlYqeTkzmA7eUDYQkdaAiFhEhDtpKivTiS0pPKdGXDLhYEIMb7sBhJhcQYysn8k1zHo7qWLXu1ZUW/AW14Dfeya4fLBEhkM7xn174CFEDIgRmkaypUaywRMQ8pM/wpJfiAFp+cDrk0xKwvrwcIIVECByZa67alRVmUWatMNhPrTWREGuLvf37z146+23v/Wtb7/z7rsXV1ciyrWcn9+4cfPWzdu377x4dzrfCegs843zs5vn024q1DUPlQsFtF89MZsiU631rNTdfNiDzohKygjITEwkAk5Z1QDdUZNGGJqH/thza6G8rSowawOjvaqMgFxKM/fcskalFlXoMTdGlR5TEtrMl3KiGtcJ8UlV0RHIxBglAVn1RJzj5NMxwgia8IWXKAmLZkZTG0KCYr0DVB+/AiCAxm8GUM9bnKEzALDkw2XsgrMWVRAQRGWg6WZpfRZU0GbpYkFFTMYAkUhUZ2mKTACUIpsmEp5TT85d/Ves4V0KqpTvNX2pxcQ4M/nxGKATNFk2AEwHrdcxQEFByaDFaGIVAQEc1Es9zgDJqkXEPu7r0cgpdH4nYX7kTWzVKs1onNZYjtlGQkFmBhVp0ubWWtvtdgh4OBwO+307zLWWUgoTgxyMJ2uyn00dpLTgKrtRE7Gk0eP7CRHZipkxN1aNFlEUVFUy1VBEVBACAiQmr/3oup5AMWUeTNW21mqw5RPOTpt9cPuh790Aws02+/Ta//x/vP2H//G7TPgjP3TrR37o1vjRO/fm//i/+u3nV7TNNtvs2dkPfe8GED7eVAf/avwsxgi4POlDjqjo9fH+3RPH4+/1/uprp6+57W/7n5j9Esq4Q8a1bX/b/wTs65Oc79rQ6/3rvvtE18wchEfHQd0L46w2FRULCafw2YHqQNwyx6Jg+DwBaEZmbiINiVU5hjJ4Nib3Z3qiIyIupbRSD4eDSco5dhdQnTpwgI4vijsWDVksdaq73bTb1brjUk1utJZKlquwFOaSAqOGBIbDixxLII9lj7UWAYCgO3KN9LJyeXd+XrrtED0BW7ACiZA7+mjsD9fHpPC1kuuqeQKpRAdX24V3MqDZRwASAwodCGH4ZMOZmPQ1F5VtmX4QQAG6W7bp3HoKOmMPhv88GHCq6X+1mpKBfZT9JBLYaST865DhgMyZaizXUriUWrhwyRyOFAn/enftMHg+ddd3s93ABd1t6f3J7+uUQQc+QzTVXb2IpZSp1mmaaqkuLAqAQxq8Ds2EgpwqhFhDdJSheKOHPgFCkZBxlRbJB60Ang2LyaiUrnQ67aZSOATZomNosl/AYQNYdI8ODydIrIrG7YDQwENngok7u+NoOMGDY8cmu2pApWvqAjpAaG55TVAl8argLXtFDUcDKM1oAgOEDUz2L3ZAHVzKcCBN+khFZAwwOb7Q+VORWS4IvzAoRkIICK6Gl0mEBBlOF43+NOwDX0vHiyCYSKAPPso0shDigX6843kfxIb7Ruo4RMkay55mqRjyKwp9JSAqVFgVDJGWuYkoKtapiOjl5dWL79574cXPvfXWW/fu37/a74GwlKnudruz3bSbbHjupt1ummqpRCghYxyxHp6/dJomUmWFttvVWjFnDO8Mpj8bYA8E7bppELklETgDTnxydoFhDxoAJ1H1GTunOVXlpW5kBJ/EohC5RBMmCW6rAayeJw87ktYzGlrv7CMhNIVzKRjnnwg+gj6PQag+A44xSdHpVUPXumONfi/JpRBszpJ+gQTeVhkTV93I9TOHla4LGPT1Qmyicjo7CkHoWqvPLB0w93UZMzZqHNJjaIJID6DxcB7wmrWdDhA6pJnzPsJiQu9Tq69QGXgQY0FUwMDMRehGj0sQ4+0bvTIR0niriBCkfhciwpBOTSQ6a2RMgouIKjDPs7WbvwgRllpAlOxdiL3C7NVMQTNMypBOZ2+Dt4t6jI4jwa3NXjzJbJhjesLkWWp2WI+vMdkGgrHz5+xBSApQS7WonSeZlTZ7KvZ7vu/mf/c/fud5l2KzzTZ7Pvbn/vtv/Tc/9+1/7p968R/5wZufuVPOdjTP+p2357/5y/e2mWGzzT499nu+7+bzLsLHwdC1rUZfa/zMSl/rsD/kIIzz/ecJRg5COHV8cX5eIZLrnPD34sIPDCd8whvOsu1//PZ7DsJtu20/xC088+s80Zlwev+6737Au0eofq53FrOPoKAURwSCPSM6q7ZwvikogM6IzDwjEmJBWFNSzKVECmqAGjNx4drwCkV1FqmZJ4zIHEyianw1sKx2EN5cLqVOpdZSKnNlLpZqrJZqGccyCJ2JTUwwMw6a148xIMPgW7kzLcgiGt5sDeAp5OcUnfSHAQ16ih3zGHMex568iMjlEM0f3V27EG7+YBCOcOCKQXgSFOzkoKWbEkbfZTqHzd+qkuwW6WQNzOx0hufNTed5zmyDLcAs7G7VTIIloCid/NFvaumpXPDNnIwCqVk6cgetyUoptZRixIdgsGU12rWlvwoNT23/RfkD03WMcPCeKqqIzK3NBhCabJ2YvqgqAhQrhqGDtRYuKdJnUDcNTTOmXPLmCCeohCcdraIocWbn5FrREJQQmAgKIwKzpqebiGpB5lIKl2L0wTp0NgxNPUgAFfi4jywojMZzCkc8ihfExAaRlMzfXApDCugFQZOpW3XQ1Ath+RBXZKahVhZv0rrksa387Koo7iPmdN9n/xfnnETeYr+kK/RywDYDVOAwi7nCcYEIYsYNZHMGSgF5kRUS93QgQn0qlxnTI2Z60wAejo4P569xGv8YF+3yKBvLjxQTEflU2r9OSzg9hi449pvJV9HAOBEVaABU6OzWOZ9NtDurN87O3r13dXW5P8yiisRlqrXw+dnu9o0bZ+e7wgSAbVZRoeAyuuBkRKIUACDWudVSjCYWNYKuEO3LDqqKKEibRQekx/4bv0VIXanyxKSdNRUfQXbUnowQQAUa2Hw7M7lyIzMHgRjJErM5tgrjjXKceWq7JVkQj4C3xCOPmzM6Tn9An7pVg60LMWloAkAQqVVtbQd0Xe7EKXveuwAmu4Zw3ntNZvXFIf/2UAbbUQUVFQRV09AMfBTBmcFIkaHPeGywDHTowFUnd2YfQNUkmYPLj/cKjBXMV8ImoYkNDsRrk2ZhSXkvE1/XIHcuukd/50ARQbLxsgjvyEnMj1uVk/dJAAlB1n4+IREFMGlFbbMRxJko19w6VW2CoYvOhZ3/6q9GRmZtpRRApEQ/vYl7fkpEbDIbC7f3bsUlc13y8e1VzKFNW1dFI4zMm8AoifnsszSVx81Imz09+4GvnN+9zW/f20DZzTb7lNph1p/9hTd/9hfefN4F2WyzzZ6P3b3NP/CVjUH4BObeVBw9q4YJDh7Xo08XntjxU4Rrjq/28bTH+NotnjiOj/3Wtt22H7VtGTB50MDLIfa349vxp3Ncn/l19OTxvnVPWu//vg+xBpy4/nXHT5VzPEfz24DplUu2wZhvy6hgAAAoIi2cngE9uTzkjMCIDVGWaofIgAjaFBhJiBsyMBMVQFYgSxCEiEbmMJeZigSd0YQZsTAjM1AUWjE4Du7kK1SZMQFCVxo0WgaC7fBA1+ie4vBOdTRg8Janzz2RmxQGTR8ogdKIDkbyKOg+aExqwkpEFBBOAoRLKPHke0lE6S81M3Et8ulcg2DJjaAMOD8TFNDyY4mIzl1TVIdvpSwbjpcQFdGlbueCMuffFJMpi3vY9VOcLQEwZjaVyET+KDJXDc89dNTACBEx2YoCnh4x0UFRARVQzx1mAKFGF2VEK8lut+PACJk5OWnWZrRoSUgoNP/sjXvUUCEBJ+auFREUVFQiKKUsOB/aVIEIPPWglYTIcnG5HGiAc4MfG0f11GUHifYAHfMUugdZRZZfOSYA5aOZo7lQhw1wwN5SYvG6Puv9ABf3ysJY+VfNPV6LfLR3yNCREx+OLt036Ih2JcbU8fVUYIP5xRNnjVnruAAfDVtBg4udbJajE/xPVVB9lPP3MXNOIn1mufAtgPIAEbHDhOqzvGOEs7Q+yylypYqsqvu9GBP56jC/+/D+2/fevby6Ojs7290gEUWis7Pp5s0bd27funXrvFZqTYz/xsxsC4dznAgQReVwmLlUtiiSUqZpt9/X/WGG0IsWNb66k51QjdaocCLMxbddnHNAcWz+gQYdGwMCRlXFyHYJoEQkEWAhoMldZpv4mENr1MEqh78ZcqIbBmlw0y11G2FcTTCQ9VFFM+Czxew9zlc5ndr8rAqWwHMYqqJ6goEapSTx8IzTlMGRP+dr7QBhLpal4aMUXx0/cmI3QcCHkKzgE8FJOTdmbQSaPdLXgslnAswSHL9htlcVmUVAHD/VkC/Gps2WSoe15tl4e4qL2QZizUhVbbtvrkSZb2+FNa5qJp4CIwYgO6E3BAY3sbUW70O03+/3V1eIeH7jRuFihbS8hof5YOsymcKnyH6/HzKxRhWBYZmQnXaem5U2eX5W1bZaYQ5JD/chMCFuEetbosbn9+967w3eJCLq0O6bPRv72ldv/09/7e3nXYrNNttss8022+w52Ne+evt5F+FjYhhiShEgrf47Fwd/LI7+WIBUW4L4GZ2+2cG9sTy+Oh+6LxdW11/6k7tP+Mg//NxxlhPlfP64wHb8o328QHgQ1pJJsB3fjj+943p8XJ/gOvoE1/F9XZ2v15XHt50GdnxffZLjsdXxvoP02FKGLMsvIuklFFVQQVUlZ6+LSosoepOV6wChAFBDmGeeCZl5VmWRAt0c7ImF0ok+ioCFqRRSAcfy2HI/gSIIqqjrxgFKKDwqoAg0VXY6EYEieII/NpSRkRGBe/oxBAKXGYTwh0auuAB+QKIio06Tm6aqgqCBE7mHMZILelx8aIr647koJbowaxI4MFNcxWQXbwvglAJ7sQienDfKkU92xH5c0nJQFI3/B/kxZxBqM5agPxhKcMhUdZ4teZCY9mbTlMGMigkFNLuhxF1EUydyiU065SL81hLcQWnGP0HEwlQLFSYmLK6rCWQxVAiEwFZLFAp5WRUK2Ls8ICgDmnMfo29L1AEpghIISjj0owIz1RMwswGE7EKe0Y6OgdECvw31uTjmA8PZM+E1H9qIFBSVnaSZvEzr7TFCiUi1GZeFmadSOSVxETEQO0rQK6mqhBjAxjC3hLs+mkYw7qUghCJKST6LR4sroGNx8UdC4hT368eRrCHIvPRDGXI281gCGirN3pUNgydS0PTeB9soRkgiCjbkY+S6MrC//Jpmr41oS2jqjEJM2mWC8ZnhEfK7a3h+uEk8xSngbJz8nwBNTEQE4KiWnswoJSXfuxkmcYpqmmecgnYWhtG3NVLKjWuNRrMYk6+XNNQ9TUHXdCktamFuIkRMSGR0OUDkwp6BTNphPnAppUzn52d3bt+6dfP87GxHAPNhhkBxNPLiZhq/3dnZtDubW5u9TyITn52dzfMZYBM5zDobz2zuVDAUy6znSep6jcTnCcMPhOE81cAqm5rsKt5/+2uDhSMooCVpI2RiRsqBg601RDX2GwEymwSkTWSOzzksjoqhnuuIo+XwBLBAGDKJGQBQiGEbISnDKmYg2xAG4qua6bUSmSAkgYqRjAd1YtQeJeSPl31Ee71Y7J+/SuQ48rU0Fi4PNSJN2WR13BFSbBwtEywiInKXAO1xAOsWCXnkhAOtSQqzdZSubGlsQ1uINUufRPnx5UytM7msAgISMjIpJbZ6mA9za5HvGJPSN5RNCQGQIIA0D49AokLZ2fJBOpqeAp45bSFZZ/NqCQDYgrakHcBWUiJV7SuI8fdEVCXT/tmLkceF+EtSopwQE6qavLzJwovOI2ERUY3tbwvoMJlo4KAhwxBd2kKFlg2nydNEAOJHzVebPXX7+u/dAMLNNttss802+5Ta13/vBhA+mdmvPkVd/KLXzNtw7O892sfBH4vDj/vF8dX56anpXuBH+r3xxHF8xPnb8e34R/N4Ce+qOtt229/2P0X7kOvEcv8DXz/w+MVxVUBsrSVA6A4mFQxaj+VyC12/1I8aVCqBuLRGrbXG3EyyDXLtCpnO7sIz1KUUnqqoEgIih2gYQMqJGegCqoCiIODamIYaWmY0REZjDdlFgS2nUKiWevY/Y0BF4bsjNLA9VOgEjfAKu9sZQAI86emjEiOk5Ah60kGIvIOhSAl9G+7Z/KcTMjCO+fEBnMB0vEcbwdBY/aDC2IIGQEnAQ6LQAqVLAkmyBEWkiYpoS2nRnqTQ30BoydvT8KZCtnQvXiCsCJaHMFgCLtRJoVlZ0tiJMM62Cb03I1KokDioCOknxc5QhNGjmgqf3kETRhUS6VS8kaZpnuJpmrqSZnjieyKouMsSQ+q3NslUwJDKdpB3ENBUALaBw137dEgwxUQKJYAcKtGFBzgQIjitZ2dMhpwcA4SjB191kLhTUhRyt3cgB52XEnFxfT+1DB2Z8K4eAAWgaoBX0XWxzwGhS5iLfPCZA1zGzqFMSpOjd+rxdhCIXlY7hGqoFzFStWEwAj0UYWTldgqOX6F/tIT3TqN9eurge7Lh4d7vFT4Aq0YfjU0+9spjokGA/ltmAKdHenZHBwMMR8vY6cqBJlRo0oJG2yIABQHAwgp6OBxE5Oz8/Py83Lhx89bNm+dnEzOqShPx/GmOvhAAaNN2mM/Pd+fn5zdv3U5mugsZW2pCKW0WaSLSJ5AkXxKxTZNRel/oEIGZRqxwya7Tzp61ZHDZAePxMWsH0EirULpqcbK+HIwSFVDLmzveJfssseWQYwf4xNSSpU9oA5JMy+kCPKmhnxOt6cRIBADHk2KGRwfrYvigRh1lqbLfYGb1jOAV7wrDLJSFjHNMQBMQ+moaMxMCKJJl7F0x7/vied20nCswEdnzWTpVcOqe5rtKXhcBXeM6qHIQCGUubau1IxZcCQ1Sn8CZ+TrYcmzx/m5wfOawPPWhl28vhNjLlnlZe3/2FlVfSWspBvGKiukg2ONQqOaqq0dgUF41if49MidCagjJJvAB5MsloBeeiOydIjqn8yTHhSmlpNUVggEQjP740eNwf8Ltq9934wsvT7/9xv55F2SzzTbbbLPNNnum9oWXp69+343nXYqPiQUP78jvChGiGbF9EIH/Hi6Z5wfbMJgCjz8Ooy8XFtfPMuBjfcJxTXxKvuundZ1tf9u/fr9A+LCi92/72/6HsK/P/Dr6uHNyvs8x8Njvnjyuj7j+ifK3eU7ujjEIzU/kDiRz5RA4SSKYUSKpOTbz7AzC1op54fykDlY5gcfSEKJKqbW1JgIozd2VEDeTft9m5RQhEY68PpY5z2BCwPDxhdOMEDnUPqEDhBi++XiwTMvk5CLQ0GBcAIQYYAEuAIaAItDdgB25QVqADwuAcIQiRpcmLj1rsDR7qdDobNA9s+nyz8bs1EHPO6igoE3BpNFaZJgyZEZc+bOpukhdqoqOdwlPdy8bgfEFcMQcgidhtEtQTQFLHV2fJvpnmKDL65m+KBEFKpTuxYCRjiEVBV14XQ19CIDQCK7xBKoAnABpYF3h8DZuHDMFHJj5ukyvD4kGH262fx+uEOpqgmBsOMvM5jiDBLcIIPg0vYQx1p3yRvnYIQBoZWIiy+HkFKWh81JsMwmds3UcOMbu1g2eqbpo56pDBjVl0fnMxQ7Bueu1Z2wwzwYGjCNQEJfLecp21CIVAAXE6MICghF/Zw/otYNASjbK6UQ6vQAM4+W8MwkTnUFNqhLm2/YpsuCToYOd+XfSbb2Emq65wBEC98E09N7Ttwc+VHTccZmBVWDC2rzml7fs05H1Yce7bb5frWmgKmINYxO8jbYWmpZcCiJaaIIh7vv9FQLtdrtdnW6en+92O7Jp2mNFyGe51kxBU0UObT6D3e7s/PbtO6VOtdTCBNK4sC0JzEV1RmYCGTmywZhFRQSxDukzqVixA3HDmPMhaIsKiuSixCCLYZX4f86TfgXMAZQpA4EIpakiKgEChnxvB8OtkxOBoYNE6GwrEaPFGzyLRwtK9nZX3474mGG9A/KYC0AVCw5oYFDuuJQBIIEokkKTXCggITQ7czzaO8oiTmgFhg3lhOMhGKRMb4OYV3pEQoc/ewrJqDD7iIiDfm1TSoSJ+MVSozSg31gNpd8o19y+sANYjzXep6oyR4LiQaX5aN0nwng5MbZngL+ACC6tiUTIzKoA4Ohaa7MOD5sFGBi7fYoTEYpIZpNmta7U5kYERAwIxh20jw77g6AAInMhpFmbvQ56pEvQ7q02Ujd7uO+611kNiGBrIj3NIfsML4oomOjgsB4lILqqw82egf2Br73w3/7lbz/vUmy22WabbbbZZs/U/sDXXnjeRfj4mGdHw7Wvtb/Q6sD/W28T+Xi/+70Uy2s+yf5Rmbf9bf8jvx85CON36bbdtp+mLUScyWr/A2+TtTMeNw5Ha+F68/w6hovYuJQAMtwfFACHQS3m3pn3VwQ9eQyRkUEQlJwsEg4mYipYBRRbo1qKiBwcAhNFEFWBlK9soA1UBAQaNWFRUlPLlCaCrRGxKoKSuEpYdz4SIZlgJZrHNZx6C0e5PR+AIkrignYcwFAKRGIky1+W2dijqGWhAAAgAElEQVQy4yD27HQmeGrJrDJZmn8avvdjfCLpW3l8tQNRfX58IGd0Pl844lNhVPx/93I36WJwCpGxTyx7korAcFvHx3BI/mTZjsaaMXJliGSC31qTWmr8EhFpIiyiTA5PGZshs0V29Mux1aDyDAChX3yFXfS0iEP3AgUTFx1PEWtrVlEQUdBgmAUFLdzJi9yScZ9+pH+lO9azOAQLdMw5KNahEvoGDeppFG/EuwKLSz1cHzI+rggBBDLnFoZEnyPTnZ/n5QHtKcd8LklYuRcyAf8R3xpYYITISIpIZJKDjgxb8TF6nrGCB3xpATVmRQUg6nqBasKkasCndh27CIqDjk66uupYw5TRe+NtnRwDyQHN5oDB3Txeytk5AJok46Nzeq87wuXGx3wkZIe47CPvFR1EXH/lvV0BTdtzyUEcHvHRpTdw++imuW9Yhfh+zrL9Y/W+JKKtiSqScgkGqnX4psZqRoU2t8N+ZubC5Ww3ndVSTA06BJSNcwiAxIxETVQAqU5NoNTp/MbNWnelMCMoc52maTq72l/ObU9UCquSE5SMgIhIOju41bCJWoZWlHE5ULW8a4aL2NLZmstuH0NfCxCaEACagMFOzsoSEWnGCEQmJkT1ZZfIITENWUu71Dw3Q0adkOshAGgJ5KwNYOAS90gLRKMpG/4VhQRx5VrnTIuv94hIDj36y0DQoBNUi0CHsQ8ZZJs8QkAUifkYGZyzD6vBgujjDyOYwSQryUFLUB1IwQmYGtM8Emxg6rmCenbWYUIix0dtnlYgJV0CxBHg4KEemY4xIFId1kgkYmIijGgaSzbJx31glAn1gxLlVQL1iCbwSdGzGauKYZrMZZ6bzfHM3JoANF+JiDAWaO9R3sTITINKLYlIm2d7QzNmPVFBIlO6xsjWfIBZRLM6UTGJnRmLM7wnNvMwqKpl0iXkAPZg5FC21izrZ9aeEw1ZEQsywSBOHjC2G28So8/c/tDX7/7sL7w5z+9tbdpss80222yzzT6+Vgr+oa/ffd6l+PgY5q/X7lnNmMU4MnyKnQvVPx3OHD695grDPR/lJcbFETjhE4aTZ77/7dO6zrbdttdvxxyE23bbfmhbfebXeeyZ6g6uOAKP/+7J4/qI65+4Qro7QSRZX6E4hqAq2oKI1dTZ6y5PaF+c5306dIgYkTOgPzkNEmhHQWhSmGfmItQEPfoe1VIPesa6ptpUZ9Vmri6RIuq44GFGPKiiOc2kSE+6l94+dDYIhGMR0qWoAIGdxMMGsBWufnPlExExFmIGTykUApTYgSVQRODOSVslRQpkafVSYTsDEtU5EI+0RyAEOphA8ufiiHtpnWNhxBcAhYjTjzx37kIW0CbSGVtd5g4SIAQAlcETiqDqynuiTRUVWEPmLhGv1O20DsNETAzd67yoOUuv5OSzRI+GZx+QQaOeAg8jKGBERQUlUaH0PyZAO/rQ8agJRsQQB4f0ILQ4FGn5RyRiUtBQQVw0WgeHsy+lCzVwZce9yd7xIn2jPcBKYXUsi3ozLVoNlj7r8AUnzACRQxPU6tLy/hEhQSQNDCRTu9+bIuXa8uK9xvI4+Sut1xN6VjGguJRGKaF3iDU1Jf9ZNVZWvg4QRafUHHEjx5M7520AStdAoB5/e9Gcj8bXjuG9x37l0fZev6u6fob3fHddfUVXfa9HTYb44fhVUAVPV4YWcDAfDhDY/DzPaLxW1dZam2dEuHl+/sLtOzfOzonosN8jNkTwXGegKiCiAkpcPc2rwqEpEO/Oz3fnZ6TS2nwQQebd+fn+cHGYL9XgCnVdxUiQ5hOUz55g1FtrdlVVFE1ZUQupKaXkwO1hIovogt59veI9I16fBpkpcBcNJUbj+RGor4YjwlQqYVDleuJAWKB0C1x8OUDUVC3B5URVoYWytHrc6zAFK4bMOBjtPK+Zy0rS9yHS0YlqTrAJvedESgjDt7P/dKnjYyaZD9J4wFCiHmY77FTNrgMec2j2wWGOjSyNGVeimWUXWmvWFk2aSAum8mIJUNUmTeJ1wenvFvbQo3YW8SsjSc6awaqLF/R0n05Ns9MikVRnEe2nuEBs72am0pmK3CKNEEsptdZSCiFKayLCpZrCtgt3R+UHR5Y9LmQY4Q7XIUqcaQ1o7NpMaFprFZclUBEppY7yqpQBVEl29Cgkf0ZtkqFIZtYhP+D0uNn7s5vn9Ed//O5f/qtvPe+CbLbZZpttttlmz8j+6I/fvXm+yTY8sakzCEefKgwMQgUdsv3lj7XRBzt+umAKXndO4IJHXuLrt3jiOD72W9t2237UtgVGH2C47bb9bf/TsQ8w+vr6/ge+PoQr7+gckeaZYNJNExKj5vprBqBhCH+Gm829qaIiYupt0gzXa6qEEY+PHrcumWaIqBE5gQwQRVWaaS+iqGl2qag2laYiAAg0i+znAyALIvJMbQZi8tx5RmjS4X93uqbaIHV9UEiSkIRj0Opafd3ElCZDi4onJNdmiz+S2ZQgFrjiKKUXsack7M7Mk6zB1f4TWed4YXQU/0eDQ2I1EokEFQavpQz5BdPxSJ4BDhMlMr4aWL0Ygjrgceq11qHW5V2CkgUwkMCsSwQT07El4i7emumlouECN0oIpw8KzVFizwnkz+0vPxq6rI6MBNMyM11FSw85I+NIXtzIegtsMJosqCVZFh2KlDVh/xqM0MszDHK/MqHDZ2hKgAEQhg4eAiIltOA9W/Mii0tG8TGfGQCMzKvDeekvN8XeActWpwkuYETDwsc0hanruwADek0FTBh0xt5fB5JiL0weHJIRjpV0ZENAQHQMH2AxxqO8uLre8irZ2N3nfp3Q6CMNe084KiiC0vX43COAycHoPZ1/Ao/MAQ9jVxxKHyhNHOp/us7xsqMvmzHxltWj2cWNVWyNTxDZ8yDSt7bWLP+gqB4Oh3meC/OdO3du3DivpYCqyKwoOZJNE1NEmwqpSUiiNm2zTIw3bp7duHmzXV0e2qwA0+7scLiqu13dV9WGQLZQIPQZMUesSz5mCldwiBBATcjXAmhaa4TEzBgVGlxeuwgE7xdjulIfL6TZ310Q12IqIFNmGtpkGtEenkldchRGGBJRIWcvp7KtQMqccrxfJ4glqq1FutneSZxMp/GnFy56UIpUA1CPmgCTAVBRMU3gFQqYJYpFerihd8YsqleUy6UCWj3ms9gM6c8zSKpqZNGDcVpwomEGDESaPcXOrQ7WoF8CnGGf0+g4OjCmO5PUHjLXUpNOlTMubOTww3HgqDRRlSYIPa8hxjJki6MB4PM8m+Q7gIJIp0eDh26IKEecjXUmCVSv1mpFtayKlIUPivoA1Cqi2NuXTZrzPBuQhx6Yon3JBwxSqQThDwFIVTOobFhfsU/5femMdczGrPcAf1Mw0eAm2kR5Awifh/3kT3z25//qW1vVb7bZZpttttmnwRDgJ3/is8+7FB8rw5XvZfCv4il/7AkfLLyf/Wt8ue9lHx5Vzvex/7Sus+1v+9fvF1i4u7f9bf+Tsq+POyd/kY8/zR/93ZPH9dT14ZrjCqYkpkoYWk/grnwPwBdtApJoRKKD4VZsIszMc6mtzdKaUtPQ2Iy8SahN8xExcDfbNDUhUWXkJtoEnD4orYW/dm4zHBCAlIlFiioHxyOBh3BEqXupCDMrISFlNaTTGxVNU8uBLAHX2nQAkJHM8wrkLtggCIKJi45uMEUAv1EgBUuAB9Kh3/MaLgkTMPj9xz97v1hRmpbwQLZIfMcpMWIYK4Br2qVwaHgMk4LQSxjVqR31ExfrXBQBMu0fupoceNJJpfFJMwsjDkqe61R/ic8ND8jGTcHFsy+czdHoqiIJZC2GEGi4R8ca9npOwGv0wh+R87Jg4evvKBhRtsKAloQbvjtgDV7ovmZaiT06GxUyhyUgAPk4IgevzSO/aKZlc2Agl/axqqCtrvr/s/d+Ibul2Z3Q+vPs/X7fOVVdPdVdXenqjtLdKMmg4ASFHkZQ6ASDgk1CCEhIIKFBUHKRiyCC4FwIXnjhhXihDAqKNyrqXAgDY2C8kBl0yIXIjMwwOkgySU+STndX1znf9+5nreXF+vM8+32/75yqruo6VZ29umvX/va732c/+/n71vqt32+ZAs6BCHk71OtdotfVyH6YIEG/07IGCavEcBq9uhv3Osh8eD2YITHX+jLuuyxn+vjWoB3BkHMc1chaV4kfiI+yZ6vm4x5HGfONB7V6fDHwGEg84PIj2HOMHqQkVo8/SEOcR/V14flnLb+PLCnBS7vefiB5wPk4vPg8LMjosBMynYFh16TFpHKbgZPGh2QxoKqez2cFW29Or7/xmWVdAE1V1NTQdwYHIsgAFUzMUAFREFEFQLXdnNab9Y0/99nvf+c7sp15WW6fPDmfn6/Luq6n3js5q6p3zBVSFebFAUc0RBCsycE8Ao9GCO3NFvLI5iiOAdJlB8UqXSAdAjNVNt8EqyK1aFHRg6duYIguIDkpjvq+Rsl2jA894ywBEhPuF+rRF742+rbu+tI2NECDWuixHapmoIbq7zqlm1UJzmVSKrP3HyIrp/plzeDQFk79YJhX8apsXvdslWP19v0FIOSMQ5YgKXVqXSFDmDxEpDiEQceOpHoVu5BBEOjiCFdBC/UzBn1mJiRGlX6PQm6UELFLh1olQt0650NCmz4RVbqIEDmTVimCZAIvYyZV7V3MOkOs/iqdCA3JFcID/GNcWvMkgk4OzSyTkMqfyEicIUHoGKNv96rbtqknWTT/kYCO2Yt0J7hixph4jBBg5B1GRPXMgkRmRoSqgKgFkI+ckfkDApNUShTK877tBH2dojPUbOvimR1FL9e6wz4Ge/ON9s1vvPk//c53XnVFDjvssMMOO+ywH7l98xtvvvlGe9W1+FRZxJ6P7AZ58X34e+vWH/78w/ilP6pyjvPj/OM7b+lXDNXR4/w4/7N07hPh+vxDl29YutXjuhm4tlvmCjJ3B5bfDdFAPdXYtds6/gUgouczEbIz7pBocZelkklQvzzTXWVQI4zAd2ZWpi7iTxbVTaWrdpPepZsCkaiygSFT0+ZPJ6TGzf+/MDeiRsSRepDYU6YhMTGEsFmBR4Fu2KBToIEZIBqbQzAWmopYtSVKQJCo8EL/GwiTGlK6ZonRpNIazDaLHe5hObhs4QE47S5anUz5e8ank13cP6OPUe4ezEh4bEA/gJYXKaUoq55TJdFT7oG5szyetS8ZoicGuWBWVwO8aIeBMCLag7oXlnnRyAAifdeFm9chq2tg50ro1WbA9xIgBKR9mXVe6ppzlxV2O3VNRJAlzY4g33fyqutQzrSiE6WX2yCyVT1EOR20zXyxqIlFM9Gl0m2WM/Vo/XmhTDjUeqfBU9TYyhxWLQtXZxdD9KLmiZTs+niWSQwn9b76Eyi4Ky27L9ODJUTzEp5uIgqjwhdtNa14LypmP3Lm8kUDCLue+C/lEM901PrKCwDF6yp5i+ylDnf3v4CPOEUqOCplD9Y509kOBPKihi4lDSAWirlmkebWAIDbaqbPn9/d921d16W1m9sbJBKPYdENUJ2lFhKZABb5zcSTwKoCGTx7rrLJF7/0zt0PfiDbui7L/bNn683tcn/Tzie+v5MOZi6sKVnDiJ2AhPwxkhsaQIs6AhChikrvzhVTUzIyyMHmopHMiT3BnImwGqHGeX5kRdx25cXCYgloN5xyF0iirPdC5HF1jW5I4KqeuxNJ9kp6JAmCESAyinh11ZzHGazBUHB1GmPQn8EDMWoophQkAPh3bRYgnXccIjTvfYT95A0E0jvUsS4vMSNOxv1IuPAS4JPLHox12xVR4eK3yhRLUZkXk5pps6Cqy2CqFwxgzPMGgbbfFJi4wlBERU0JCT2/L9j8gvNGMMcxTMltL3f/arpgH2ZYj2nocxqAmjKwtxgzm6qo9m0rSrczCMHMJDIUOu11pQVpAj49PIsAgFwBNNBhEyILwds0jSAcFJHSv1XVxo0QFABQATjHSUrWTz0eD80m4sYi4gtAydJebZ2Hfdz2iz/7ub/xv3/vu+/K+7j3sMMOO+ywww77tNpnX+df/NnPvepafNos8wFe+V0hf+WG+yjOMwfhdH/oz6Qe1Pu4DrMvF3blVx3wpT7h8d9EH43v+qMq5zg/zh8/b5CeqBz9x/lx/iM4t4+9HHvZPbXe1xx46XcfvG4vKP+B+ov0cFmmlxRUXVuRnA+EZqCWAftlWH5QAMRtoztmbq21tjRegFKaykp2KjARImpEyk1JmHXDbtZFzZ22XaWLbqpbFzFFNkBGBiJqrfHSeG3L2ta1reuyrm1d2rLwknghETEDM7FDkMHFKl5VvIKhOx/dY4jh9a4kO2iG5up3hAE4FopFkIJggbBVBqqRA2luotkDOHPkrnyDwy6c+AZJv3jktji33UeTENxwUO67b0Z1cKoezg9AMAMlwoScLHia8XTys6KT2OSZDVZErvFU0pMDs0VE5OvsXVGtge882EjJFJvaYW4FzxdYOpnTJ4iGg/aWrnzCK3lLB3xxRph2zRi4Sz29Lge26Vn3QnIVYR4DOFh4/s3R9MNzPI2oqtvg2o1/G462GIAMpLxdQBETMprvMjdWPc72F3FenHAaIQFw7HquAMq5U16Cgc3A1cOf7pBfJ+1Orbd7+kDE4tEx9h4w231xz2baXZgXj+v6xTCYF/HUoIUkEA5gq9KG53GuTy7MlzxYTwFbFZqmr83VfOgdM5hx4vJN16O4fMUdTXPGmseKVDWbq+50wKj8GNJjHMQ1z1qaGUNTHRoMDPpzVVOR2yc3rb1JRMi49fvefex4qlhNMmSIOFtGYJiBCqBZR0Sz11577fbpk36+l23zQJJlvVnXmzt+rnqfb+3/dWcAKtJFDIPvhqriGIcnmHPOWoBwAKAGGIRtqlUNIChlTADmyEdqWpIlHpXp6qLOY2MckSNmVvqNNE2NjNRxVj4VXdcyVSEYkcbGNPbdKkGLC+7rNZITpy1jO2QkZMRIZOsruGIyPmtbgWKLxzOYCIBGTtKcRmgZkZNLqy/5CJENcVpCa5Gex9zQG0CcUTULDVKoUAAa424Y5k+AeazOEb5Fja5VinJdm0vJMwIbK2VC92beippjgDAQ8ByfOH4dZIMxe7q+GUEsJd98TSw8DzBCkwgRoDlztjEjkYK5PKmpqqKqEqIndC4GapJQAwCEQOn9LZCIgBGBVNXle50sW3kEiwPr/2am+OGkamxzhMcuOCmVDWqc+FxwzN+r4ERRJvZ3F5WU5z3s1dhppV/++bf+8//uD191RQ477LDDDjvssB+h/fLPv3Vaj+yDH9AyB+Glr3X6T7bK9gdXx0I+ftjzUYt9me/n/KrOx/lx/ok/zxyEdhyP43H86I5uD32qKn5HMAJETRXT9woIBhG+7s68mfXlk9YF07pQl3OXe5FVdTFjdCJEeOfCOUYAw43oaQhdKU418w66vmgqnxIw87Iup9N6c3tzur25ubk53ayn07qubVl4WcgBwqVxY2YmJuBKcoipDBr6iuVRpfwTwUANyCDpBAYY6mZESAVf5UvPACE4K25mZz3u18IJWnkpZ2hvtUq+ECPcEwgvuv+StDSKwkyFtauh5T/VxZCZn0pobIZ24l4YxYdXduLPJJsDS6w1hToJr9pkqtK+lHrxaWzvHrAvwdy9uwdi0IxGxkgHCDOZ5L6grAA80EQGATI/3OsDN7DkalqhGRe3JvVqEoCsTrKp42xUbwZ4ZlAQ5p11V7nrXHz7P+2BYTldsPGylkqhY0bV42G6YlfFzMSa64lQF2c8e+dAh/HYPSQHA5QFm0dGNMpDIPNUw8yhWE+8fnGD6wpf1HzXcgMnKfJfQJ0jN+I8SQeSXmjK6O4xqa3Yp9OYuOBl7ms2Tecdg3BP09TRa/tggqnxd5xA3IOqmiLE8TJQfKCEgBy0CEQrRqnlI1TV1BCAmejmBABb30zEGwLRTGSAZLkJAZHaSEULauxpTVVvnzw5P7+7E23rerq9Pd8/J2pmIKIi6hufqfo6j4gAmuqn9dbRakwOPxmkimMt+TMPrFLcFSg66GlEps74Q0p2WmgtQiSfm2fNLNsLY/RkzAZCgI420owOlLHm4gWfDy0zLhoYIXn0AhTyB4gAZIAZLRTIm7dFJq/VGf6BrHxkXPTFPPIDDqXxXLEt16oMeZiIYhcEsmpbl/Ecu1Qy+Eu7VFW6y9sicoRz1CSM45jaDothsjOr8QZfPfiI876bUQk+g6Jgr0SqduOUlpWQkChURmd4DNEs6YPMXADwxdamCezBNAbiTwREbMxGlK2NgMSNPX0gETERGPgoD/XRTJcomtPcIKVusUTVCUlEAEwju7COGKIcXi4G0ZjVVEREhJmJOG6w0X2lcKCqauokTxdoVTMzabpUwIG3lxe4ruskUnrYK7BvfP2Nv/1/vfu7f/e9V12Rww477LDDDjvsR2I/89NPv/H1N151LT7NduFZfQzF+KjQjQMlOY5/Jo9TDsLjeByP40d1hEc/DfcWAoabVWcfZeV/0imIfq+LZWqKiCK993Pvrfe198bcyFkCKZAYPrVxnoUgKEB3t5iZgil6TqdgDZ5ubp48efL0tdeePn263t7c3NzcnE43y7KuzYmDy0KNuTG3xgunszIVPwlc2FJ3DbGDnQANI3cROePB/3YSocNX5QVWvzhchA+0ST7GUuHwkkqYzLyXKh/igH6u1Uov782FdEePQLzkeDluNfgcKWWGE2wBYKGvbmqqzsLzdEjonEuECSPcDbCSUsji8IKJhehswrnRLk7GMbzLO4BwABgG83W4pHzEP7YHCEvJc0+ptB2pMpy+OFpsRsctQKMXdggkAGSYOcWy7F06uVkCt77rTM2Bke3nMl4gUvtGhv1HVXKNjZeiXBeUPsvSFQBn9KgG2mUFizlXzXuZc2xu6nq0zZ9OwPNLFOdy4FXDVV0qf9hLBesKiZlexMa/Br742IS1y4afhlK+vu1KrPOL7rzAPefaVGQiYlH14GIwXFcl7sFa1/0hu8GdjVQw5e6yAVHUMgdCDsOAX4JP5s+JVvSe0FzvMAGDwEziYaPrzQhRNYpTURh6sYp5NgNIgChmImpmhAQKTMyA2rd1Od3c3PbtbEK3t7f3z2+Qmih00d67djE0M3EdxXV1TluwrIg4Vw7NdHIaEtlETvyKfLREc0f7NjbRAScEkWIRncNrvBMpeX7oXYv7OIGcOHgtT5otMjCkHEA1kCbAKRUrARDVOa7qEUC+mlMLWphZ9wgdMEAydcqXDNpg0uNKKpOIoIJwXH5gWmoci3IIOUC2sSZjSVmqyG4zjSfkfj6NaiJszP6zBcBC6CebXWvtx93wqh8ent7VDEET8ENEo/EDZTcBx06HkKvEVc7a2h0G7Feap052JAIwwghHCmrqmLw2DSGN3I8T0Z6RDEFVkQOFTKjVtd1bDEvE1hbtvXRKXVxUVYlJRSoL7LzBgBkxIXJQ5jVk2H2Kq5mp8rI4jTbQTSMz3TaV6LViu9Zimwt3pLIEACAmEHRwUfPXpq8lIrb13ns/nU6IqDb/Zjvs47Zf/eYX/s+//w97f8m+edhhhx122GGHfeqsNfzVb37hVdfiU24XnlW8uvLi6x/0+FGVcxyP46fqeDAIj+Nx/BEc3R76VHQL5066eBHADBQQwbMQic70u0mc0SxySAlAR3AhMOaF28K8NCZwcA4wkQUAAHL/mBW/ggBJEQVQIVTkiGhdV27t5vbm9slrT157+uTJkydPnqxuy7quy7q0pbW20NKoETbGhakxVez54KghkJX8mKXcYET8e0oiKwIZgutmxhcrcj6IBUTF1Zi+EUDSJeZUV+kiN16Rkma04WHYJj31A01Mx104QzX9kwAIRgBqRCkipjgcl7sHqdXVB9FNGGgelY/SL2caqswqWLebN7FlarsAMYI3kpzLAlZn5s11o0H6R/29ku4A044xM9B3rTt55yFbGQGATGFqugnmUoRKyGf+D+5Yp7sGVBj8xRcjT/WegMHF0d2LJAaT/lML2MOb1zJvHJTqoE9dq+kYp9HcTg+pYVIsmCt5Wri48CiTb2rwoCEFvjs+CHzCBnJksIe4vMUuIMD9g+rvetgOsbtA+K4oblHbS4VY8HmPntLsRd30AI/n4pa5KR6zhwZDxgFQrbwxcu2Br8bSPPQYpxruyn+oGV9UD3N1RLPL6TYeVCRF2wvJ+nVSrN5OwWlf2CkwAXOgyaoXq0UdavLlfVDRisdkRQA0MNi2zTuLEt7wfGYcoE7gJ9F+hI5+mAFz8xgUVLOuJtpau729ff7sGXE73dw+efraerrt53PHe/NZp4KI3NqyLMyLKqiaqbXWmAgJVUX6WbULGmMQ05lZRDxQgoL8FK/qBKyRuW0anDgRCmMj9W0ml5FaEi16ynelaZ2mAM4TbU/UKtHBSBTn6UwBcsQUh7Co784CD3kANd/GyAxUVUR7713Uk94ZKqiJBMgEVtKpAaMK6iQgCaiuNup/G9YIUjTnTBoAmDppMn42JL9tP3hNUyM5wyVi5zIg8BAgUAUkYJf49B0pRnY0mk7DLSqJrgGKKi5Za4QB4AWPFnYw1wT+ESNXUXODE5KZYYomJDcUkTB7EoDITIl8l4bMpTgrENT0UE/c7A0JoVVN4GAbWiMgHxBomQqF2QxIg+uK2FrzVu29x+pnYKCE7NVGcMgZRaSLAgIzECFqrlGQkScqIsrNJdutwq1ywIijn445QuhdTwEVOVYth2OufWiIvsuKWhfpKmJqYGoKBz74Su2dt9bf+IW3D6HRww477LDDDvvxs9/4hbffeWt91bX4lNuFZ/UxFOOjQjcOlOQ4/pk8Nis/nEexH+fH+XH+vs/hsXvg0e/23gMFgoz0t+QPheNW05lN5fCsyHBAY0Iz6QJwBiLufRPpqqoo7j5GQFWzzLxkamjA7qdDosbUGpxJTUTNHZ1tWRrz6YdBiksAACAASURBVHS6ffrk9vbpze2Tm9ub0+m0LG1ZlqXx0mhpvC68LtyYGlFjYkJmpsnf5smOqN4fZp87TrSBTB8cTK8M3neAcMhrFeCXEFfQEWDG2sYDkn8WnTMxvPKGHUByoew31fMSt4hLw6H/MMWqVLosU/9VtQEffBZMRKyxOPvdo1hKZU0IH+cFlAGm5cAeUFaWXF7yAdRdwYQ7qT1PXjhdvz558F3m7rKrD6avzBqx2TUJnngHznyg8WjYwb7XdSjXqBX0NbfVAPwQLr2hY6xdFX4xjOGi6a5tBnw+kG5bfXFcSVzLLm7bfSXXoYdq9SBAeH3TxQ2X/MKHynx4JFgm/XtpE724Svtmf3FNHqhbpqMMtVnUHAger6C5TChEZafr8yCCeUHA7BBLQnBUcoIfrbIg7MhUk10AsdctaaU26BCwBg6cryA+IhKIgUT7Zo1Bz32XatXm3KFEB1XNVKQ7Cq6i85qWAAxawQtqvkT7QqZ5D3OTLmBABtqlETHQupz60uW8LcvpyZPXnz553fpm1gkNbds2f7Q4ETD/n/zzZE+5lDSHtmiEm2hAl8pTgksnfgEQM0/cwgHjeanz7HYq4IQjBv1OLUDQwWNGXykMzJFIKMoazJ1YTwSXGQVAZGa/CkxkoKNTkvWJpmKi2kWkq1Trm/Wtb1tXEcd+MB6KQaQcbOjA4GLZwMSAM46BiMDQwckppGaslMy828umXStEMqe9qIZZJcCzDPGgSSwaJ+o9QqkLkBGYarIN5/U2fiXtF5L4CeBvOEctiAhk0FFNpRlEjFkYsgQAgIEm5i5YWqz1LlbxCiFg4JFTGpNcVA2QeUrlC2AmIl5I793MPMehS9ESUYg9KNYgR7LkqjrkX+uDmomqIgIxeTf47K7fPqJSta1fRz41qZYef2uXag+mrTn8j4SEDScKZim1euboSPZ52Cu1b3z9jf/39+7++t/87quuyGGHHXbYYYcd9pHZz/3Fzx7ioh/SZp8qwHCcPeCnfez6Bz3/qMo5zo/zT9V5m5kVNRNg9u8e14/rx/VHrttj9z92jiAi7j8qCT0Mplp5udzH5/SkUAkNSgAomtPVwEQBbdta72fHCIkYgdzPZxZ0ADAADaceE7lcGxEhgaIZGiItS1vX0+l0urm5efr06el0s55u1tO6rsuytNbasvDa2tJ4XdppaY2ZkThYCBhEk0TCCCM5EkCk5Uv8Ai2phLMf18AMyFMvlVJpon+QaFKBgZ6DcJA8HoIoYA/oZB+4P2wPDc7+xyvf/fy9pPsE8SbxgKBmxpdLR9RfYbjyxigAcDbQ4KQlOpaOQ1feTIwT0p06YM+R2W5G3KrJp3efmymUKg2cSxEihJODG1IGbdSsqmD5OTxsVyDYYznkzA/XVb0qJz62PZAy32kPPTq6JQhPI9FdUu5eAthZVhoefNVruBRx104z4Sz85Fa1vSbhzX/Or+OVT+wH5j6CyFEZZe5pftU6zjjawXAXbwADxbPRPPv+vvgCDJAVLqbMuJIIhL2QQTiPsOvWmG54uLlecH0MaRlASC7W9UTN6aIh52rz9YshsgcIA4dTAKolLgG80bAvrXl98iJYd0zIAjihPghJSksmqbkQr6eyU00MwEG1SBuoaqqqYmYq3UzyXSJARRKWIKLe1cYDLCMdql7QoW/nMyEzkmwd1pUYifjm5gZETfS83t/ePtnun/XtznRDM7UuXX0Q1/rgAR9O5OrSTZUIiQkL1SJ03AUcdcmhdREdQtPqPSFh0w2xpIxWLDgsbrHYcFJieQBxfkJ1OyZ4qoPPl1PCeXU4YLcCZgOEdO6+JH1QelcFVbXepfe+bd0xp6Wx77PsCCGF/qfvKZn1F3PHmOvr7UYMqOqMOtvFZbg0674Zo2REzylMiG3oeUKsS5XFFrEg1RybseEgIQGZGg1qZ0h+GnnQRk233TaItTVXp1itSza0QHPGFNxlqtN3YhKO3W5iJ07dDSUSWyWP6KTgviOgZ4xUVUBkQKD6SabmYy6zR4JryGexZlI5BacxiUjskVQ+9XY7cOR6RFCJ5SWBUgVwkJjrPbKrq9NVTV0plAIKha1vpmYQSTerETS49cjcYPqhetirtW/90tu//4/Pf+cfPHvVFTnssMMOO+ywwz4C+/Nfe/KtX3r7VdfiU28jEH7+7+xPpH/4uH5c/1Rfb1BmV8fj+nH9uP7DXX/s3MCjzmf9PYIK/g+AcOAnKcTp30fPDaUCvkcK9L5t27lv576cmRkxfD3mgFA+dHDvMr+QQfhCufHpdPPk6ZObm5vbm9vb29t1PS3Luq7LsrZlcYyQmGlt7bS2dWkNGQEIidHhwEqlF9H3gXUN/kb5AdGRjdEwARCqqsfxY5AWksIxIAn3k43vhSfwGvAZpKsLBuHk3Z4LuWL5FCY1/e2eeq2zQAni//n+Mwki0v5dcByza1LHbK445mH28nqirHIzZrKny3bIt5yoSMPtCzg9yJuGEB6EJuLFdeqiB8lec9MVcDA+vSw2vosX0ptZ23pAMmZxh9pMeMmoZIqJ+iX/164LAyAP5/2OIjlduXgx2/fExYC5AAgvW28G9CCjzrLYx3DJa4zWb3VKh482F9uNyuhUXtLc7LLVDfcD+qKaM1dt/96WNJTxAjPuVYTYB0ZCTjy/kvSbhy2d2w9W8MFGmmsytXCB6Hh5xZc9HDBtYQclkBtu9yy/0L6Hqz2BK16OQDR+0cz8byeS1Z8wT8aL1Wb/5oOoXCtYDnydmgsmEUszdflRBUsaXBAGU15UXbXaAltTUREXPDTT3ntwCsGCkIeAiN2giwtUGoBiJZ2zFOoEVJG+9dYWpCa9K3M3YMT1dGJAULt/dnd7++Tu+enuruFGDI21mRmoYQxw35XQq6UiKoLkmwuDimMYUAChmaqzsoLkHJsaRVjJRQzDCA/I1fg6lWmtBkGfg5RYHqNlv7Dndu3KlLWVl1p4FaoSxahLhqpneyQ1EJUuompbl22TrXdR6V177/fbpqIG1piWhSOuh5iJ/YBEaMZMha2O1XyguS4oil6pobtcG4mn3INi5yeNM3L1sQNVBBOVHSutZjEvKQRTZ5gPXdLTSoW12o2IgNFMQcHB6WjhbPiZ02+Z6bCmSeGrtSkXvIex4eavn1HlmfI3al5/FvCMiKZqRPOW5D9nxAQSDQZDi5dChCC5IqCIqAiYubJxvQURqgN0TiE0AABmQsYA61UHI9OKJuh43kg8KdKjk4g8yKx+XdXbiUuXRipL89Hek/nqXxRPcIwYosEI9TvlekM77JXYb/7KF//yf/r/fftPtlddkcMOO+ywww477EPZ259bfvNXvviqa/HjYp80f+9x/bj+43j9yEF4HI/jj+Do9uCnNROvuUEJbDiDkACMGAMJAUT3+IBsPZh6gELbtp3vz3dtWZlbY4foaHZAO4CFD0WJE3Lj9XS6ub15enN7c3O6WZM5uK7Lui7LsqxL40ZEsHJbiBdqTASmBMiInDhgOMDCq+VUQfKUSAgclQgcNJG+4QqM3IM0MUUKWsOde7ZeaqYA0vwRhpMwZEzdnfgYcewhT31Jrk3ilkG/0cxBaAAQZE/befldrW4iM1wDkEDljJvBsckwPd1oRuWzzuJ2twUG4n8DIJoZIUU6yHJTwh4PA9exdfdxYtBgEyS2q06Jy6UMo8M/NpVm8/tetPY0J67e1sBQC0y2TKoEBqF5ln7vqVqWb4/lgJ4RTcjhA9cSn8Pvv++dkgy2Gs5XNZ3x5otS8oYJcAvv6+AQzQ0yeainOjxQ2eHU3uvpjfpnE9uoi11hz9dAVNWosDGaaXA56ebWz2/ilD6y2sATrHlqSYD8EsH7sBdw7PIGqBE4YYS7oTqQAKvxwVMJetUJc/rFuTMfrswDgQj15EkH1mBmFvpTDeGBMXiFu+/v0bG+zdEkCdkaAKg4YclMwUCqKKcMOhQI01/g0SUi0gW0A4CqiHTXmVSVgivM7LxtxA2MDDxj6AAlEQ09GV7viGiiIl1E7p7fgRkRvma3jfjJa08BbJPz3fb8+d17d/fPAIFt8eciccS/IAFA7whAFGCXEaIH06gpIjAwMyNwQGyOfyAlOMgOaEX8xI6wPS3E+/4frPTKzYtog1IWQAolHDp9kcBQRVR3/aiqmFkbffPTIHmCqnaVLuaIkphuIudtu3t+vj+f78/n83nrDiGaGcCyrOu6ntalNVoqtR2FhDWa+TsP1dAd0m9xO3EX7T1UCZhDxhWRzMSrqaJIwMSIxJ7wMRrMKZBApSCO3ig4L/VOk6+dcmRwNCD07H8xDXJXAqJQfVZPpeji2DlDfCsLLp6B12rSw4ze8ac4TlY6nPnW5PPFkbUgKe7X28FGzcmlairae9dQKNiR7eaAmyIIEtGyLF4xz5HpHzVqNVyYCc26djNwFmjvYmbMjZn71h0Sbq1xIxQ4b93lQKEiDsw7qNXGaga9ixkStkyj6akZTVV794qoqSnFYqFJvjQzcblRz+KZUQSWu99hnwR78432W7/2zn/wn/3eD57Jq67LYYcddthhhx32Q9prT/i3fu2dN99o7+Pew96HXftUH/O1fiQe3QMlOY5/Jo/No3T3R5e3O64f119wHT5kOTDOP+Z6frDnwqPl5xvsrud5iFDB9RODc+YOGnfcVNobswwhT6ZTCNkBhl6ZR9C7e9gUJRyPsm3nu0aMa2TxQ8RgkXg4uQeMqwaQYkhI67KaAjM3XpjZYcDUl0NCZMRGvBA3JARjQzJAMcgqh7xiEXUQFARDoNHpFOH5C2xzYv7FrpsB/wwUMJcnCIL43vSLYOaqjV8K5SQdPIBgvSTGltCKZVy9owWIYOheuBkbjGLNKVw2lCPNwtHpUEWRCaNiljQIIAAxVSCCaJqBt0RLeM5Fy78hEVOXAARTsGK/mJqCpe5ZNUlStgKUrQaFcu+WOBt6YiIzQPKu8kFkQWXEgKXTT+j+1hkCNLXIHYU0tTAULDPhd47xaeG/KQzrjmMLd2vAo1nGaP2QzpyE0/xNdGruwl9RCjvxXFzos82zTxnalVRooK4O5Fx/UhUxtP0X0aaSBkBYTx/fnAaSZZFmu2Gr4MSbB0IEYIYj8qHRMKV7mEAm4PjyBQA4p5QqEH3GpKpqeYvWvQCaqEjJKCe/sN4gkoDlwA3NyETWETT4VDVDBjFolDdVfW5f3D1rR08cPMV6C/TZEvOKxjeT1WcAoJCpUfcQY/0aCuZq9ealdOo8ZOcP7OJXVX6IXgMda0pSocsfHy+5L6fm9wAIbYzVzBaosVaYVONYAoFmYCqqYjJdMXMeYWTy61r4gNom2kUkE+SBmap4MtxYHBJgUVWP7+jO9wolUhc1RfbXfIZ4e3vLzOuT29c/+9kfPP/B93/wPXj2rigqx5okAL7UOXGcCdDMM/ERoqlKF9MO6FK9aOb096ZqaA4HOX3Lqew8SUeWgiUC0Dxuhk6ms9aIAEFNa28iyI3CkSe4sIzcsIA2K5Fbjsrh0O9qZqSAjtl0MVEVVVPbtn5/Pj+/v7u/P5/P27b10K9kbsviYT6e/ffkqJ0T/8nz+4YMd632lrRyBDAcop4iIl09HCcS0rn0cs6BVMH2kBVHWzl/jDjIB8xYY9SlaHHGthHmwASf7rHAe1urmRqoIRKa+jAFcz5ljE5HitGAG2kKscZvFLRckiJtHhA4BDhR6EIw02vQe2emygHsPFczo1BCzy1SY7JqVyJiZCLc7FwyruetE3OEQkT+Ziwl3wzQInAAm2kDS3w6FkEiJGITXdsCgA7QE6L6nHbwmQkVFBQNkagtq0gHwZKgRyJAEhU1p2MyMSGKGUYGUkMzcIlTImZu5tNWo/mRCJ1lbNZ7RyIwlK6MrKBgSIhLa6q7QITDXq195cs3v/3rX/oP/8rv3d0fnXLYYYcddthhnz67OdFv//qXvvLlm1ddkU+9pWd18qamb/Vh/+1j1z+oP/kDlHP96SfKb39cP65/gOstxQHnI1xdOa4f1y+u24csx5JX8bHX84M91x4t30qt95Hvpvf68om+19kcFw9QOI0haEBbmvwbRCCCFMEjxASX3N0r0rdtu2cmIiYgJgTk0pdz77grolkAPUBIC5OicXAv/DEYzlUDFyEl/z8gGpAhKgIBCtDwxwYWF/pt8Y6JDIYAJ04Y4exGt8RlZl0xJ17tEAwXRdyDLH6jI057UdAAgawyjWEUkmqN7vGMzEQWdMOZzugX3bmZz4LQGCuAMMDCSpWUIMVQCIX4pNhcmRJvEPLcrZyyZuH0rzSDmECS90cClfVGABjZyTBRE6SRCjFRnxLYtIBJhjZqVkxTdK6AjNldmB8VdJ19hxMCl2CMI9lAORHMc3rFYHHanznMYJnsrxCS7AV1p7d5pRO8rHYLdmDydczTM0XOsphEBkOsdvjEC9GcyUSQcE2BTzNcVWO17rfLz203uS8ZmPtBMBrpEStI7Ro6jMKr76dbrjQ/5zp6MxfoiTZNw2jl7FMfTZrX55eKP71/E6VDpIloqAl8o44X2OOB2WE4FbyDCHHMqVzmpiGya5OkFabkX9EMHa+fIPyRgM3hn0mSFEfBCRBa0Hynx+cdD/XHxQWXgA7X/eAtDR5WzE/MOThxSdWnDICJo4F5v5sOcVEFAzHJNcoxwcALVXvgheLZB8GckJeogoiIisuHmolIF+kpZOoPATJMqL5qaZEBDuN/hDQoSOjELOy9A9LTp09Ot7fr+f7J66/fvvba99/93vn+uVg3IEA2CVzRRF0tE8HQ1VIRDUxFiABTGBRUiZmIDUHBEJmAIl+bpap2KoTmLlyhK7HMj4FIuXuBmRnFakux9Tgt0xQH7x6hZGwNpg7JmAlA3XM9RdXAVHHr0kWk963Leet96/fn7f7u/vn9Xe8iyUhjorYs67q2pQHA0pZ1aSuzY3eOUI2Eg856QxcL0OK4zfrJyWkjIiYO3EpjYY0ykThplIQZPhKDPGXIfbmblraMmgkMLre/ZMFm2AcAoKpaV1UjVPUoJTMz66G3agqKwL6LEaDB+EmU+5SVFu3FluTZlHN6h6ivmjJy4acQcgVWeRORiJGMQF2PU5QXZiJFbNwKZI5IGNPMOzmWnMqTXOMIwQhjbjoTFwmBmAjZUmQ1f3/4PaiAiMwoQl2F0NG91qVrgNcteM+Dv4gGnliyubZtdIVZaQgEjuyry1joRhwC+QBWpdbQkBBbWwhZrb9gSzrs47ef+urtv/utL/9H/+XvHzzCww477LDDDvt02WtP+Ld//Us/9dXbV12RHwe79tPC7sonwU/+cD0/MX774/px/QNcbx+ag3gcj+MPc4RPQB0+fD1/iE9hz03RTP7kufcMwVQg0voYiiF69L0NPhYVSQZNTVR634iaEywQGBuH87m8okURi5hz5+shkAKAqYk49OWCb6UmFxiTqftZ0XGOoCNY5DcKwk2F88MES+wIN9c7vu7l9wLFcM8nJC7oTZG6nY4/+HP9GTAKsUGWcl6Is+kShTIrJAcxter2SJkzFcIDPxCW4vxoEDkBJrd5dafme6a/P1ynOqoahe1wNVP3tLqAmw2NTuf3OOCpQdJShV3ex8JAij0XYEk8Iseigk0ZpCjhIh8OqqCikQDJuRBqjgaHZznaQkNIDdBxjKl/q6kMAD1PGGa/oiV/i5KJkpgyQKQjy0fkaHLwQlUdjc0hBYCoogaAHGq6DqcjlSStzyRnsWRaMkvkpwbbftxNCJV32jxypzGCF0PZB20BElOvTueVDXT38Bf5Ywcq9tD1gbrFTBicxhT5S9G/fFpRqR7LsVdSuToy6F3U0mBQE4O3hBFxkBBuvl4mvhxvgbv6j5x2e3Kgf3ME5E3f2cOymOuUP8C9/zG9nDW9b+X0lUNihOOVRqE7QHJupQvnuV004w5DrH9ojBwsfnQgfpnN0bl58WZquXADWFe1YAyiJRtSLTmETlV2NMLAs8qNtIMinvLTdUPNOVspyahqIj0yEUb6PwcIHS/0vjS0nPo1QFRVZZCloYJEDABETUTNYFkWM13XdnPz+rIsn/nMZ95797Pf+9M/Pd/dSTcQIwAVhWSmgfqCpYgeehKET24pxuyxGmjUkIglJFmJkUOTUhVqClIAV7F8BSQTQFOBO0SkKrOEroGiTes/1CqPgDOgPe0miEhMRA4GWqpPq1qXoPD5yfl8vj+f7+7OfevnrW/n7bxtZkZMrS3ruhIRt8aNmZkI19aWxo0bIVCKoE70e9+CFHPLKRy0RGKDLJhzscijADB4icw+42gUntuCE0gBORIDIxh6BuVi703Kx/HdKUcpoJlKjEBBBIQCCAO1jtgntCAImhYHsVC1QRaE1BB17N1KYtpxT7/CTMw05MEFQnQdbVmWoZHQ+KyqIs6983tba977qLKuq6pYFlscaa+wyyeIqFe08giq2bZtHoBFRmbAxCnjYA7DKoCqQAdu7IRF7ZsDmEhIxB6b1HjpsvlCQ8yuB6tqrS3MTUFFNH7NkYIAM3vzTik5Aczv0xIxjvYX9d8yjkqbgYiKHGS1T5b91Fdv/71/88v/8X/1j458hIcddthhhx32abG3P7f81q+9c3AHPyp70Jv6afEkH8fj+Kk7tsQPj+Nx/FiP9gmow4ev5w/xad82wEkIjLDSfcFkhbWFwluqdiGZs6/CeSnQt83VQJm5c2fqBJu7o9VM3AGL4HpeYl1kEwlNMy+8yybSQokLkZE4UhwV4ALlvveEVDQuoBmQe/CMUtbPnD9mAAihnhrfVShW13BHIVCxmywTpDmlBIeaYrhx87oDAOXcDagu8CcwTWDTCuMafkYcIoxRtV2Y/5DtC2AyCIgK6U/cwwUG7p0eYmwltTYENYHcg42RsXGQCqJ5QcMTbibq7nkwEJeZLX9pkAohlOYmNJYyW2U14uB3ROXcFTsDGiF3qaCemAoQXA9NQ4g1ISivpJqIAEKml4K59WcIJ7JmAYABIVFSHFwlD0xhJJnMRoeE0SLTloUKXTwokGHFyD7lXu7Ae9SiQXCkFdNsfEwsF5KFMXffAAgLGTLEGofZKMFfxHGnj9yc21UoWojEjqEJtvvWGBWjHJjr5BDqZd67HWaI47Gje4KHZRCyc/OX6zkzZrd/wARowaSbevH5dF7Vmd8lpr5loyUNB7Ivktg7GNhqRlMVE4IeL5BdY9UslqPO2YIjNZoV4bUmVjX51fvUK+B8MSsyY7GXN2AWC0nW0TGEEczANh09haBIpV2ppkEJq7YcX57mkxdeEyB5tP6vTbTLlrigRt+YgVrvXU0RQDyznWckLAahqoiYipmAqVqXLo4XFjc0chZmQIlPBVUxkQx3cEFOLEQSI2cfbee7H7z7/e18z4hf/Imf+MHtrZ7P733vu9//kz9u/hUxNmBuLmZKlTCVKdB5RKQWK5xziENdG5AcFTRDA1NM9WVCQA9akdgeDAiJkTlYywZEYzeLXLg4Aee7SAQg9Ix3Y12q8e3Ljqp2EQQVsdLGdCRYTbdNnt/d39+fN+nb1s+eaLCLo0Cnm/V0s5oZUoB1m4jI5j2yLIsvYSoCBFhy3lPUwcSMBCDKKuJMt9VY+K2QuWIr+hqZQHVkIUVQBMJg0QMA9N6NmV3r0nudmTm0ZEccUU4G9XAZ841MQ5YbXU4WBoURE5JEYKZc/8X3bkrUTXOTJyJEYvaWQNfN9UGa9Q914fop5Rt/7xpLzUSwFpFa2+7v71XV8zyaqYggAVFrrW2bef6/3GXMzBihNXagUbUzk6pt2+YN4zMkNk1V6b0RucgqO8Hd9duNzNRTSS7LsvXNNQIY0Yg26SayLA1ia6a2ULRH5C8kFel9823fjLzVt62LCDN7YkhfKLpIMLYzU6SvH121qy0N23LqfXMh2OsV8rBXa1/58s1f/rf/if/kv/mDv/MPnr3quhx22GGHHXbYYS+xP/+1J7/5K1888g5+hHbtTX3s+nE8jsfxwx9bKvmVSN1xfpy/n3P4kOWkh/fF97+fe+LcHr7/up4w3f9+6vmiutllPWGuA1zWAQBAxLX33PlYOfTAUrbSvfyp9BUsvYlUF+QzTVk/7B1xY2oii6iIbJsRUjgQJaU2VU1E1BMiqbhAmfvYet96X3p8pGCACmhAUOmcCswM5CbZSVbwjKIFCOTifoiZ8ymqOZgJ3iIzImogSffKNsHEVKJVd+yvxKIQpkvlEgMI9HGwmHCKM0I1cwHEJI+E8ijgKCBdn/EvzTQ/qdMKQRorRCAhgyAUBmxkNQIKbMVR2yEXCIaAaIrqyoBQ6cZSsXOgxSWnp5mULgaYhrpcdFsI0006oOUddHJJKkVaahEGQGgAmhhX1TLBJBTtMJJxwa61JnN+iuNRGPmzAAHdQW6mIZ3nVwtVhfRuQ2TNDLdoASsFkSKQ0EB9HCdwGT5AHmp8udsVOpiGqXy7G0AOzBkhUAFgc8UGehMFS26mhRWhYbEeZzRt1z47G/KHPpacAFmw8K6GLzFPlOUVmN92AGYXAOH8hGCpRR1Gs1UJ+/J28HA8InT9AiIbuGh57m3HkXW8P9Yof0CAe4a1/FwsHaPv7OHmzTky9xrMEOGsYrhvvSkH4CUsWDDR9CAHtoAcwRoz2ZtOq63R8X5NapaaafDmpuabxEyDPpx5CjNQxJIMBA5QifS8lgAagKn2Hnqj4txwdZqgFMdQpKt0xwhFRKWrpy2ciOZavLukips6KSzawUSJGiKomXSxoKaxmW3bdnf/fNvOZvKZ11773Jtvfv9zn//Ot//w7tl757vnYr3xyuSpDqehS1jDkpxIBblqIhiYqOzCazKEwYVIR75Bh0t9PhIl5jgy4PpbEqUmaaBaOU3ifxaZSivSAymHCeYDUCJNI0gQsWXr/Xw+P3v+/P587l3UVEScbba0pbVGzE7dc7YZMzNzay23WSJEE+kAatYaATCAx2REOw0G6rwc1Wyw3VyQJuV1cgAAIABJREFUTELpZTMzOU8zZmLICSRHv6iBqQ/uc1A1drdZ/2Ba9sfUdilaM0kscJ7xsUdV3lCCeZXGEVdgCW2GvmKAtUZzNTzYIF+Kpte3/Fb8DiHiefVQFWa+ubntXZNLSb2LOXJP5EEGiOTK7YnYG7mGO6LlTzJV7b17BbwOBSiKCIhWy3ulCLER9y4maoBE3Lg5HVBFILTNxdqa2x2UzoQjrA5PiggAtAjyNAAV2USEmdQMHZ01FY/JcjKmqpMdk2MawLETfx8MoTjsldubb7R//9/6yb/y33/7r//N777quhx22GGHHXbYYY/az/3Fz37rl95+1bX4cbNrny0MH+wnxDceNf3E1Oc4P85/+POW/kEMt8xxfpy/r3P7kOVMEnAvuP/93PPi+6/r+cHKtPf1rDqHh747sENIFGHkRisMKL4zZyXM72fqOti7wt1tJyJInbattY35TNCMiNgQKbTZAMxAVHuX3sVU3AWljl6ZCZFI733rfRNp0psSq+jwR4cX0UkjGO4+d3x7oiKDzD42iRoiRirCyHiH5bkrz/3MiXJx02i+dADO7v0JJCwkcvxZrJvASEy9MpXOuMBGVEjBv1IpLJ/oIBFmFkJ36ZuE8OZQwkwVT6u/QuOUgAydIZW4IBYg57XzqqcnPiFMxUFTnDz11Wru6fUCkShVxPzVChNDAHVnOxkNKmGAu6CRvggtEAsVc7W17uKpaqltmu2jquE4BqpkRTPKMgGEAcsxEVPzUU4OFyJhSkG68ith/VXNM6aEJEAo0RSBcjhJZQcQlFsdAyBUpCDn5tSb56SD3NOHgcNMGQ79KuwOUC89Q2I1670lKNM7KuCgyBZ7dbIxeC/gLXRdYSDY24Xffy5wpiYamqEpaM5MN6pb9qBYNP60gDmSmgnzXghrjhusWg7Q8XEbOQ8zL9/lW7zIErnVfWu/4MsXyOOES1aF9yjtHh+0q6JCWnKPIu/GPjnTDCVjB5zHFAPcnOk2yi6CsSYfNeMnxjOrLi6b6LXUFMlUm8IEfII4jKBqlYDQ1JMKiqpIdy61z6ScTyLSVTYVUesqhReqmiQSH/qlgVLEau9Chxit6cKegI4dipqvPwYmXfFdePcH7z67f/ZPf/VrT06nt37iC9/547f++Nvaz2cXEDUL5h0SWW4zvt050C+bhBB0kPnQwMQEDGaKe+qUpvSlz8WRCs9S0xXMwMGV0KCeptgYGbWfowd6xGpvI2bFXxccg/Xl1MHUbevn87Zt29a3u7v7Lt2L9fxynv+OuWEmT21JxSvIE5IK52FB+1k5fjIkRpgZcy3zeuZGk28S98u0ZqZCuHfrrMqc+3S1Xe5qSfBOye/cYWOWYGXktWxbU1MRpdodHDgfBO9pNhs4nktIQLmy5WNsmhuFYBUUp5nBcUYHd5EERKZmrihrZir+dAVjwmVpN3IjKsn7NGRCJkDoIgBAFAE0UWsKlDbBwsHsDGYkuQADZ5QPSBczY2Jgny/m2tgCTth1TVQ29f3O0B+ZPzG8dBUphVLXGI/1rYSLA68XUfFeFHMGvnrHqqkpmAZUSRyorahuvW+9v89V+bBXZd/6pbe/8uWb/+J//HbvR1cddthhhx122CfLWsPf+IW3v/H1N151RX4MDa/8tHPG8x/CF/0+v3v93MfPH67nhzz/MO94nB/nP/R5S0wecODzx/lx/tJz+JDlwI9FPeF9fbfqAAjQuEHAJJk5JwPtfVZ66HrlkUknHUZ5oY1GHgTucJ2Kduzn8xmBTGldkM3Cg2amAGroemguPRe8AvctoYGgioj03s+ycSfuRI1JujCxcbCqBnUAipCQfjMYBDwI7TJ/JzQbX/B1Ry9xjnSKa+glumIfvMxwTwibWT+GQ8qscDz3kJq6Bz9WQEfnPLUjlKtNPdlfBPA7HUwdUi3yZFbAM8xNjQOR9QkAgRPkDUU+Qgc/KxkgVH4iBQCdlNlM3OkcV8ySxVj4cfLlABGAAxzDyA+JVi5nGqQQhAAIAz9RcK+iiopYd8KBpy2rjGXOTYBQRqUJqrAat3vtOAaAxq21xTE6CtFadtSuoLwc5N50BY0nGOhwYOGEfsFUVF1xLprQHZ5J4HBMp7mUaQ5aH5y7LGJTMxbfdBpZmQ9zHp8TtF1O7Cov73G3sCroBToF+wrgPKH31UIzmn4UTrUa8KRzQGc2z7iRIDKp4Qz76c4FfFn/PUZoUOMWLm8ar3pR96nxssGvP734wvwXTvS9YhAOTlh+NCWMLJHaFPi0WpUCPIh32MEc9bRHqjPezxuJQq8yL9r0YZSCOmINXJATCZCATKc+G++Q6RAtsICSNa7wg+T5RrGS/EExdThOEzZw6yLaexCCwFS0i3PCe3AATaT75O4mW5dNPQ2hde0q2j1OQDSy0dYczMR1tUpLcKSRiPl83qSLgRGxGoiIrxuIbGrwvT/9o+/+iZr9U1/9yptfeOsnfvInnz17/uy992Bj9Xymok4KMweZHFVGMyQjRCIRMVNEWLgUWc3Qc+EWQz2mnVqGHYSOYyDVGvl1ffka4R1jmzGtSI8IoDNwbl+om6qKqn+mjrcAqFjv6uzJLiIq93fnu/O9qhIxM0NIaHKtTslFc9a2reta7Tz2a1NCZCJCYjQntxHSHvmON0ckXx79IyKOylvghWOSFt0SUqlalYkJiQAp94bgp6fkd5DrvWWsYie8JjQg76TLTiR1CLTaVE3UjJn9LYqQraoE5FCZqjZ0nc+IP4r8glozJhdzxOIL+mBzyVN/TSIKIQSf5hSgo/lWqwpgrTVkVDQwXU4LbNB7V1ED49aQoKsCwLI0AOzSEZGRctPBRO6NmMBBQZfGNUWjxBABEZmoS4wf38i8JzK5pzlG7vKtDiUuywmBCMDhSB+7KoKIjckIpat5j+SA8YYWCzVXQDRM2rAZc+s9fvfVcokG6hfM7s/btnUsguphn1T7xtff+Omv3f7Xf/Uf/+7ffe9V1+Wwww477LDDDgv7mZ9++qvf/MI7b62vuiI/nnbta4WX+WA/9nP48D7n4/w4/4Sct8S6oZDD4/w4fx/n9iHLsR+Letr7+m7VAcqN5ZQstwvcwkqITrGyuDlMEw5M0FKyMgNANgNV3bYNDAGIkM2MmAEpAscVRFV6d60z2dx7rEDkPlNZJUwLlrLAfZyloiKOBGoJdtZxlg+9cLgHCDm9XWEAeW4THIh4SXDaW/nlPTMWZgO6gx5deTX4b4FXhexmCM6NvIoz4AlASJlzK/Lvqef6kwAIrbiYSZ4xHLRGZ21F+RbJhpBAB9ctHdqI2DgcdRoPdDAHVMABMDVRC3e+OxFdDSwwXY23o8TGGrs3GZmYiDyHXmJvhuB5rCic6+r4ldOStKt06V27aN9693RkvWvPjGUTmcmHdVKWdGRx9Axn7rFmIsaltWVd19YaE7XGrq3XiDlzbhmZmpKGQzVGeOoYqpqjg13EldMKry16qYZOILlAHzMThg8aGBDVsUOvNYETK93PbiKusJsOcywwyyeuwhjSu7Hs5xMyd/FpjanAfeY5voO90WdOYMzTEAcDFEhN3lw2AGgC+YJOkzjl4NghIigaujqjTsvSnqh4nW5qqngteg/PwfmNpzmP+8lPF/jfA624+3j++iCnWoG0+7IQXGbWAxS06K5gmCEVVUbECOypRcnddZTDQqlkaoECCLEaw0BzLZ46B0EhGKg2egOcSDxbjgAEM6/zNINGufFvxXjtig8YEqMF4DmsbgrSN9l6TlgU6dt23ratm0Is4c4q3EQ2ld5lM5WIB5AUF1VT6TXPcpYPuCXWHqtmofP53LuYAbXG3MygS++9O0iKSN9//uzd3/3b7909++f/wj/3T37ta+89e+/Z3fP7bTNwfVFCQmoLgoKKw+NdRUQQgRppRh6kbLA3uao3++gcBN+dgkVHoYkcWF6EUxSS5O1JOICamqSavGk16yq+1FugpAnlmoFh73J/3rrI+f7shLNtky5ChMvCRLSgIXnOPte3xMkIgXxZdy4kNwYAFd165wDTwKWYp8k4Vj9fAgpfjNCcHM4hO+DxGUSYqRpdmhIfmP+maklADn61i2e2FimJUy4aq6gEj/0XgV3N6frpcjnvr37zOD2OnKI/ZSklbinrGokkrXiQpZZZMDYiLstSd1bh8daIDrch4ul0s2397nx3Ot2o6v39/XY+n25uVl7ArG8bMSIuiFSkw6ptFAJAzN5SrbUaQiM3JCIgtqU5Airi3D50/dX68dOlL+taMQ0uqYr+dqG6K1YqqYbd7r0RmHmOy4GIlYmutZiqxkzb5lLDsMaDUBV671Ai8yKRxvCwT7a989b673zry7/zt7733/61P/ruu/I+vnHYYYcddthhh/2o7LOv8y///FsHcfBHate+VpjOPxm+8YfreZwf55/G8xb/HXscj+MHO8IHux8ur9j7KuHqnqty6mgX98Nj9YTp/pfX1h59ehFBUuQJMUNHHqsVAIBI99Q4zvUK8Gj4hvc5flQRkqg28UtUoQhvPpsdo+my0cZErSmQKSKBmXgMv+jWe+9y3uR83u7P9yICxEiM6AQsZMKVuXOTzsLcmZCQBTsBkgKqCRkwpwqWqrvOAopCIAAN5ydkIr6ySkkG5czX0twrDBGGvmNBLnhFv0k1uYEjJC8Ci5DjjrMklVmQCRFRTQNZSDKJw6rD7a6aLmLrnk7JIj2Xpi+/Ox7mX3e4wgyRmAgZvUUInTNH3kTmWeUQu3n0P6iLxIauH0hqaqqpSN8c0XUAL9HbQnjUjIAat2VpS2vOcmjkvmVgRi6CIThvz5w04zKdYiaqIrI5tiC9y3Z/Pp/7edu283m7P59776aaaQ13WJgnTCpXu4r03ivZ0rrcnNab0+l0WtfW2roup/VmdcCQmJhbsGKIyFzxDgY8nqBEJM3svUcDJARjBoF6uPu7MfcmnsmLqTERGLKXqzHzrHIOYjmOYUqNN7nMa5hOY3fituUwRRiQ2zXjNaHz/demP4uE+BAePt1QvmlMemLghVPqrlEPH+OAjm4Xcrd/CYDd9arg7iWHU/ySZjcpsj6ACCRiSK6veQGcwrh08c1JLnL6aEoTusMYpjZKLNAqxtA7CDSwFCwhPpu7IoIgMAcDwuhNLSjvwWbK+VCcP8OpsR3IL5hyQFBWfKtxPjAnNe+2eFF13cZA9/L2RIM8XMBRfhOx3s9yFlXxBbJv5963bdtEelCXtPe+iTpxsHfZVFW1B3k4FnSTikSwCkXQGnhmICVzCkEnjfiJOwVkFy1UMeDg561t+e6zd/Xv/d8d7S/8M//sm++8cxZVhD/6gz8AA+ZGaEANTBCNnf9qkXwRCZERnG9FnjkWc8gHnDibAhKQAqGRv04g8AAlZyyVixFy39Xd0PIUpyqqJkQYas8utyrBwpfeRU3i3yZdkGhZlvV0WgGI6bSuCgoGRNha80x4VV1IpnUJxiIAN1a1Dl0VM4AkE+9BMlMvRmPOrUpLm+MyxiLmIR6IDgSq08qLrmcINZnVJMU6AcEae8JEQnTq/5Sb1P/05jWjyETskxUoq20uJ604g2cTTgoEhIShpxpJLhWibipmoaXtJH/zOYIgJiL+62fOrgfYMktyjGDHhp3KGbqtI/+pEVNbGp9pq6YEiIASNSAL8mf23JQr13MZaoZq2fyCMZZUGYnYDExEMcayR6RQzC6NkZERPFDfTTDa0VAXea97EJHMxJeV4BMDApDzJEPn2kBTah1C9dw3RIytFNDFcj3g6bBPhX3j62/8iz/z+v/wv/zJX/2d77wgnO6www477LDDDvsRGQJ88xtv/uLPfu60XuYEOeyjtWufLV54aF96hEd8yI9d/8DHSw/wj+Ypx/E4fhzHlsKGx/E4fqCjfbD77Ycr4eqeB8p55H577Cnv47mPPcUeKgfmMmG+PwlK06cWmJ6qJbUpIIoLzcM5sj4dT5DAmCMeqOE9QnJJQRUA7LTRdgYjAvVvuQfZJUR7l7718/m8nc9dBIiDFoAApgjaCBtipM9CBVQiQzKkZqAGDKCAi6laZkoicK1LQgcFEECrZeJdJp9++PzVRb/SlReCgoFNXP3S2hMRCiCcFAMHQ8j8pafsRAgDHRzgYvACXCLVPdDujheIYH9T1SDamHRn2ahqeOQ3laDxIYK5Vp5Ly7lHlZDQOXNMmEhssB+iQhYcvtARdc6gqLM9+7k7CWg7b+fzdnaozBIyUhXCti7r6XS6Oa1E1JAbt9ZaY2Sm1piJEYEQmTgE9AIqDlnRrcvWt7NsXbatn5/f3d+f7+7u754/u3v27Nn9+V5FSwV0glcgJFidv2SqIt2lBQGZ+fb26e3Nk9ubm5vTaVmW0+kkJ1URbUtjZmq2LDJ0QZPWl8CIqHYRVzmVrr1r36T3XlKHKXGqAEhEwspdG3NrZgzQGoICAYKLdQbKE/RUzBETcFp61+O1Aoz3LbLG3xVTEPKGRxx0tlNs20NTY75fy+TWNLBCv6GQrwLwUuxvXjtSbCPmng6UclR81AMvsIZqWKwbLiHT6daZtXhR+cC6IknpYC2OwoowN749s/T8I0wczaaLeyAUQutRzXJ2JyTnszfmfaoaDoogIMwknir3sptx92q+TM33xPA3G/BMuPYtOMs4hUNY8mNnzrSPttQGTXKRcwgTD9QMDEh2rRbV24EskW079y6ODKhC3859O0vvvkx5hlHpm2hX7WYi0lU95kCSBIbg8F5wpytGRWt6aOQ5GylKkUjNumoXQWIXRyTk5bQ4KAen1mD5wXb/D//wH739xXd+4vOf/9JXvwJE7909f/buu9t2ZjAGVAVQBERG8jAGQgpUyLlrCArqnDgENFAAqnUJzcerizdibNZqQIoQ7DTAyM7o9ScmHSxJzRmBaqpizrRHcnZagILOrfZgjewwIAw2f1uWZVkRsbW2rEuXbmqEwMy16RAz5o9vBOQxowyJEASIjJmZTM1AB4aXY+yKe+fjtIKNsK5hZDqe+WwVjTR47XNpvgAEugeAqY+KFMTE2C/HilLDuNDAmn6GZh5EU7BoheCEyjQRgCEhm5OdM+fxtEqCb82R3HUsIkgEWs0HSAPMz6gVn4tG6PLWDvM11+XtfQOwtjQAY6a2LK3H9t4Y16VFNzk6V2R8G8/aCUVk/5YRkZPziBE9+KiLeVwHIiAyoNqm4qi/uaAoMfmVgh595hNyF1E0ByILnFeNoCMnDXvDi6ulugivqYoCIFML9VEzACRiQ/H4A0SVUgg47FNip5X+jX/1rX/lL/25//l//c5f+9++eyQmPOywww477LCPx1rDn/9Ln/3X/qU333yjveq6/JmwB9EKfKEv9/JTeORTeLSEx577yPHRer70KR/gLY7jcfxYjskgnJHt4/w4f/k5fLD74fJ6uJdf8t2re67KqXN78P4H6gnT/S+vv72wbpcMQrfpftvVAdxzVGhWuuoGNDhDX6pWbINysflHROQ+elXDoccFZioiG54RiaBlPDs4QCi99633rUt3MmEH6A53lcsYAcARMesGJwNBVCIlCroIIpMCALq3zswY0YzMXyzeJ5sicQhNwp+GpGJJtUXGv+QB+Vfpwt1W7b0HCPMuHLwjNQvqTVIXMucdBpdu+Pvic/dDu4BceOO7eNokVd1UuklX2TQwsC6ydTmfzyrufSZKUICQlmVhRmKn8i0Lt8ZBw2ieWSp8o4AIatZNJURFpYum0mvfzue78/nufH9/vn9+//zu7u7+/n7btgKHRKTxcrq5efrkyZPb22VZ1raubVnasjRuC4tw48aEjASMQICAquYgsah0kXPv537eZDv37bzdP3v+/Pnd82fPnv3g3Xfffffd58+fi8jI7QdTrwJ40qYYq6KikhBp0+4pFEV7X9ZVu4AYqErrjblxAzVmFpbGzERGw4MM5qJnXb3Yrtq1d9m2PpJLVb43QCJSMnVoUJEaKZCaGOkELtRPLPfsul/VBiqVJ2bOOvSbp5SPew7hi3NkIoAZz+DfTCu5tIeuKxZAOE2BrOzA5iZZzADHC//U6ijYvUJqiKJdvL8Vc6vIjTAvXWopXgfmmfkeBQjNRXP1oVaapf92jRbdEwMA97M+YYdL0LOYQ0XycTRN1Uxy5QQEHCRljJrPMQYRpDCocsURNYNSgXVVywm8KH3Hqr8j9+IivChBV4UgM1nSAWdOIaR2aOY4TcDX1ESCu5b8awXzpIEiol0cLOwifTtLF43pI9v9WbfurEEVEQ0urqqYiUFmGg3wUTy5WiTPdCIzZB0cXiLw9LGivffgGBqiqrr+LxGvtzfLclqWZVnXJ0+fnm5v1tPpdLO+/tpnTstyasufvPv9z3/hrc998YtPX3+9m/4/f//vffeP/1h7x+6ZUY0JqbHHhyChmEBQqxBdA9OUUngbMTQefZ/19HkU+5Lrag4sXdWHr25d1LQW7dEIsaOZmW2bo4FqBk7EPJ/P29bNxKN9iJoDgcytMRsYMa/r6oNwWdqyLiRkIrVb+Uj0bIRj69KxqARrjdlvExXVzkyqkOqmCeHHUhkzNpoDYP6RABNeOGWHpWBS7n9sBAl+ovb6iCWi1upXhPny7lYzs2akXdnFlj1P2GyQFE2OvMVDHDXDesamM4oC4NaWZWHm2hESVoTaxR3kFlFFbdBa86ECzNx7v7+/X5ZlXVcRBYDGvK7rtt1L3xqv63pSlXqRQgfNRw4mAg3R+LUKVYULIBRVRPIfIhLpNV0dFLfexRSB/LUdwzxLdyjXU6hm7AI5dg8RFYEeKaOqRI2IEUGSUOxv7+0HSCICgMQc3aSAjMSEhOIawxb5hq/X6sM+4fbmG+1X//Uv/OLPff53/tZ3/8b/8b3f//b5VdfosMMOO+yww35s7Utvr//yv/DGN77+2ae3/z97b9ckSXJdB94Pj8jMqq6ZASAsAQoEBZKQZDLK1vZhzWT7pj+gp/0J+2PXbJ+0khECQVAACIrQAgQGM9NdGeH3Yx/uvR6R1VUz0wBJtITw6YmOjvSMDw93j8h77jnnYA3+05W3Y7a4xWC/XCwaXoghv7T9ndfhnWPjx/qx/r6uF4Nwj2wf68f6F6/7u9X3t7f7l/juW3We2c/n7/Pt8/wyx/0y6/7cOuzrOBSDML87HnH78NxNBA0RAx5DDIphBDqfEOao4o3AjCVEZWo+tOcQiCzDvqGpFhqV69p7wITrKl0kYtkAql3WVfqifXVZXLv7PaACJDqI6MESEcGVOLzlkgaHBXpBLsLDDSBER3HDAi0EASok7h5hOAhugPmAP0dbjkD6AAP3LT3ik+EUZZDufFYYQ2TlNwp8AClCtBwxNUSn0EJkDC/GsKxSj5i7qqr2UJIz7a69S+996euyXtd1DUDPLY0fIwIbOpptatM0z9NpbtPcptYmAhSiRtwaU6lqeoCxlmqfIiqqIl16X5blGn/68vr1Z59+9unr16/XdfWNFgmtzefzRdbel/U0n87zSU9nm9Tn2cxdnSYCAkPT7vM0IaKq9bWrqphKCoz2NQFC6eu6Xpfrm8c3n7357JPPlutVI+4Zcn9h1JeY9xaTDX0zNY3uyswEBI5uDmquhgbo6Oo6yzzN0HwFmqcZAR1N3b0oJalWamrmoqrB25Ee/M0QRxTVwf8Kgk7j5tagATl1UHf0BsTECMMhLhRwEeqk3aK/wkYC2bocgCOWwVv1Qgzk20cvjC8MY8pN+g0AQx+uquIIjcOTOH4FzffbwwLO8ea0Qn4valjCTWNS2SpAoV3gmKfioGAYwCghpI8dxH4YEQkd0FQC6eK421SSn5ZOmRArkPPXHhy0QilD4jfO30ILEHbg2eDR5ZUncoaQcstjWijbSxiuaeWyBiWa+wx0i5vXILi5ioXgr3tQ4yCEhtHJ0aJ26nRCcB2xshcSVA7CnNnGOvWdDaSIlmAo7rrJoFCFrrMEcI6QPEb3wuYGkBpAgqqIjOeEa0T7M69DQ1CzwPj8euKDqqq9dxUJ9pyZ9XU1ETRHqFompoHbq6mqy4Aq09k0GEbEbiBdVunAKaho6kRAxACo1h0wprg2Ta21aZpP5/Pd3auHDz64v7+/3N3f39/fP7yazufpNF8u54mnu/P57nwG0Xk+z3evvv71/+X+/uHVw4c//P73fvbTv+nLOvPE7KCqCuTEjITkgK6CTtM8aReVFRF5YhVxQGJid1l71BbRVBkldm7NCRyQcOIGGALc3cyQCJAdYF2l4NoY5hQuvb333rtI8i57F9EQTyamRoxExDyl52nqCni49MVTwMFEhJnMERym1gAxDjUUNx0xlV0BUt7YPbBrQnAzRkRiVRmvB+G6F7tBIKZ4tpqaxkxBAKoGw3wx1aGTjgoaB2LiJDebJgWwaJpJYDWz8aaFm/unU6QF1VUwhYB5UE41HXVTHzplNMuxz/c0ynx5cDCPfQITYWMHQAZLMB/Rw8wXzKwxMzECigoiURj6YsBmnjLCDmom64qIoKbhsefgiGqZ6BJAZGvMzGE9iE6IwETneQLLoRTUdo6pEEOOFd1BFcF0vPWpOqYuaOKpxIxMKtIllORJxZAsqKZgDoiOpIBmCoStNfdof1azZVnjdhT4x601BxDR6GBmrg6gCo7gIGLEBoCYp+eEOE0n4ubuZqKirTEAqpqqEHGbJyKO7p0SAOKpRPq5WS9HeW/L/YX+w7//6n/491/9zz9483//x0//n//86WFPeJSjHOUoRznKP1T56IH/9z9/+Hf/68Off/fud30uv48Fn4vH4m4d3lrHJ9vhhe/CM9/ddvAO8eEXz/O3Wf/8azzWj/V/pPWWDCevkN+xfqx/qXV/t/rwdHt5EH7+d9+q89Z+xro/qQ8vnSfs6r9wXNif5/PbYz83InxPz9nLg3CcQ2XnwwYHegXBbyLdgcRABsr3xjbugBgKaQyEW7DdyzUPwb0jMiklQJgCc6aqfe1dpK9d1rX3voo88JoAAAAgAElEQVR0MQPjNq3Lsq5XWReVZV2uvV9VV5E795Ck6yGbyUhMNE0tZTQRJP3kkCBCpASIwy0NQjDO878gqWRgOpzm3CqImcF1LOew3aVtgqtPgIFBi0q5PXdACoDQ3ZmImRsnesdErTUipUihh1S4dHSihC3N1FJRLrAp7dqDPrj0QNAe37x5/ebxUXpXVTfjtJQkIjqfz+fz+XQ6zbPYpDbNNuk8+cQMxMgQdJZiwWTIdyAECd/2vq7ruizrsizL9fHNm9efffbpp58t6xLdg8Lqbz6barZvV+9qYjqLqp7s5NYIiAmRiAlVDUNNzNKTUkSDUBrAZ+/ruvRlWZfH6+PrN4+vX6/LYmnZFOaKtCd++cZXK8HPiNk69OuyUmtIghzOiEqsSIqYS2HBkK3jPf0rSIOqbgGaSmCEJgHYdo14Pbhv3CB2b2HuhOjkDt48GIpOTMWkCxQKSqYOAUuhrpjASRMBcy1vLX+ro8X3fYcs+pMKI+dm0FuTnmMDCExuU5HHhl/mTohvHH7T6ISNy7LRfG7OrDIRACDMF5MtlHKU7o5OQIWHgZYKpwOYmLkhIiOH5G5dmtsg5w4IFHdAWaGD42QdEoEccpnR5MOxb0Cq4WdXfM1b+y41zFwBTEjNN8nSdOwrNG/bYeGm4CPhIHl+2fCI4KCmiIBINlrmdh6NHaq5FUCYN3vnwGda2HACfxst2oL9ZwK4OQyaC9iWLJHYiRnU8FfVbCg3S71QNUi7wfEVE0+BSzepHAUv1d1oBBXV3k16CQFH6ohm40F0xvTVU8/xEarRXmgpAEZGw3xq8zydTqd5Pk0Tn8+Xu7u7u/u70+k8z4EO3t/f39/fvzqdz9M0z/PpdDm3aeLWTueZqc3TNDGDWiO6O53Pp/M3/vnpfDp/7Stf+cH3vvd3f/OTN59+IstCjmhkZpBawsQwE+NEk8OVwNEBnT3YXWCGFpgfFq0u+g6id1lDf9uhIUBws90dKR/pIclotgG2kirckvBJurg5ESNSa4EJEhIwc9C2YoAQYUlxQmLAJoSM+0Edo2A8/Xdmw/UyEeQ5GIRIh32dejFA3HXsYuMX6XVgPNHPuERMc4u5oW+s1vTvcHPDVAUv0i1RkLNvpAuqwkYUDsNcL7y7XHrrPcdTTGB3FanCHckbhuaKgxbpTojIPKBrMMPKphlkRwBQVVjXeBmg8So18ooSciMiitm/6sAml51cQ48XgEj0aK2JeGQkBIiYNLxKRyBCRB6pAMQIjo6wS2mKXssU400NxqsMkqEBOJrFfQqWYRcRVY7HILMnUuc7P0QI5qIZmsOmxl6CrxAq6RAZTuihAeGuCuYgEskuEG8okYehaqL1zjhsEOGmsx3lf7jy59+9+/Pv3v1f/+cf/Je/fvxPP3j9Fz98/MsfPx7qo0c5ylGOcpSjvGtpDf/lH1/+zZ9e/u137//1n1x+16fze11S73AXs8XhifKMg9pzseIRrPiS2995HT4vNg5PYsjH+rH+Xq+3+u0KUFHPY/1Y/4df97e3+5f47lt1ntnPC/X9S+/z7fWXvuvP7Qf2+/R9/R0SGPsJi6R6JMXjAnG3o8ALYR9SiwD3eEZuh9/MA7fHpyfZBUU7alk0uYfGXEhXBv4kskrvfe1r72JG3Fbm5drW5bouj8v1zbo+9r70/kpl7etyOs1hGcdEjXmaBg/Pmacwu0Msuz1kH5cNYOntN8KIm9SYmoac3aZLFrwBLL8+wAEc7uUJx1+DtGNFPwqxuOAmMlJj5hYwYWutmTmCEBITEzcmYmKgFjqBFamPMHEXlUV6F+naV5Glr8u6PD4+fvbZp59++slyXVQVEFsBhI15vVw0XKpEbFKdRGd1BZgm5wifJl2uvAtNzcRMNMTsCiFcel/7uizrdVmvy/q4rNfrslxHt2FmVyfAhsxAaICBmagmAGSOjszUmIFRQINdFPKpaezXRbpK1zQ8XLosXVaxtVsX7RrGloQIxoC7+1f9OBCX2IqIRoCGHdeVeOLWuTGRYFMUGegxAEHwupqZDtHXAswKN0mx1YAJx9mKiBZGBojg4V6WmmsY/QDYnY1IkUYAOc2fdqD+CHTDcPcarnKJ0AX/bxPQG/0OxyC9RfcTJEzYMF0uk3lpA18LLDKofNWYcXqFOgZXpxh1A2usMTWguBo1A5/MC/EU3txmAHd1tzDNhFLH9JqigsgJCISMCFugfwD3QxIzAEIrUV+4iT/uQT71ASoOjNN2WFwR++ry9hOdq4E7EQJQJBiUEqcn9SXVRK0Al7hMCTc3QmDE6EIx7wwcOqjQcR1W6Nv+5Avr2Dg2w19wN4l5QYY1JEo6NPaopqKdOI8YXRlqV7A7Aoy5UVMsMVzvyiAuzVA3PVDNE3YHEUmzVaRomvwI3FR6X03FMknFNYAATKak2VAaDau5hgzgxNzmeT5dzjy3+XI6Xy5358vlcrm/u7u7u1zO5/tXDw+vXr16dX86XeZpOp1OlRVxDiyNiKd5YmIkao1ba3EdE7fGjO7kcPfB5cOHh48++OCjDz/64Ve++rc//tHHv/j5+viIZtbFwNEIABmZANCYcUbieJyAhX4vmlpQqRCAmaJVEQBRzcXME78JZ8GAmC1wQQuAMFqghJ2TbFkDjqJVIvMjLF2TNr8NYaN4ljAxkQefv2w0CQkB86Fc4pnFEM4tmUCQItU3uqDuxhMPhnFN/ARoUHi972fCPUpfP59zTko80Eu6PNMPuGB7yzeUtH2EEsJOkt+44HigV9HywrQNI9xmg+EnmOqmlRsROtsQ8P8u3QeLCYeAWtaYT0QUwpQxbhYzj0YZfsPxaQnAsj0nBp1vSu5E2KgxU7jzttakr2oacwWnPy4kfToOgWQpyIkcloG7Kczccac1qqYFJCMQpl9qdtGcnd28u5hD48at9bVbVCjJ9iBt2kYbx3GP83Ga+sAIjoZgBqLhKujBHYx0ImKO3KmAxEU0ghmmZjFKjvI/S/nXf3IZ0cz/+tPrT/5u+W8/X//73/e//1h+/am8frTraiqHquxRjnKUoxzl97ogADc8z3R/oQ8f2tc+an/wtekPvz5/+5un73zr/Ls+u6NkyRjRLqa69+fzp+sZLhnrmTr4bOz3pe3JVQB4sp8XY8jj99xzdeDZ7V+4zy9Z51g/1v+B11uyJwp1P9aP9S+3Du9WH55u98ob/9zvvlXnrf2MdX9SH146T9jVf+G4sD/P57dvxxpUICwF6hfbKiJ14Yg14IC03NtH1ioECQU8xD8GywoRGQvqSOYARJw7g5NmAj4ebWAZB7X0c4s/KtLXvq4igsiASEzL0pbH6Xq9LMvjui59ua7X693dZT5NLQq3qXFoyxExEbQ2cUbTGjERN6SGiEDpouYaMneBjlVc3ExzezjhbNZcmNGzMgvcwvC74GMQmwoaTAgynKhS4C8jeo15ahMxTW2aJtNmAMBEEzdmc2Znd9qitCNcLBrUOlllXaWv0pf1el2uj4+Pj4+Pn37y6Zs3b0w1jZoAmWhqzYMfYKZdZNI+iXRzRVDXZswsgqUyioiopqYmJl20r+u69t67aO/rsi7Luqx9WWVdtXfr3aRDoTTQ3FCMu/DakRuyEisxIa7XBQzAwNVbY23NJkzKVSAR7iLau4qoiVjAoT0OJKDGSA1ZkdQtOjVZyr3t7wUC7cFdRDQ0I3N1BpqozdwaUkem4Icll8nJQy6viBrFwPCBmhlUF1FXC33EwDJVdQByGFQ5C/M0C21ZMANWIyYiZKr3xlCXRCgyzYAkfYfbDX1LB0d08O3EdvjgDVVwXwEq8q5eUMETLuyItiPeOD/V3/FGaoaqPgT6dm/CuD/h7Wx3o6NAW3PXfXi8uCIbMho2V4SEiKW1mDUHkBrolxUABoVTJiHJTe0mzLjH24Y/30YPNtuDq3V9OS9GqgAEiKIBAiZwWEqYFhkFDqYOw4GMKHiBptoDIGxME2Pqc6oGKl98xMhLqNatcxuXW9kMaj5uUGQqgLqlZWgIRdbkM3Bzd1M1B1dTFQmSkKpqF3cLEjMgepBkQ7TVqyHUEoNUVdFp4qFNq6V4vO9CALSDjiBmLY+Oz+RoahJQaLS2hNj0yLkEyucDM0/zdDqfLpepzZfL3cMHH3z44YeXh/v7h/tXD68eXr26u9zdXy6X8+U0z6fT6XK5XM6nqc2RYNGYW2utTQnCE0/cmDi6SptaXMLpdGrMKl3Wfj6dCOAbf/jPv/61f/ZH3/rWD/7iez/6qx/87G//9vWnn/ZlMVF0QKdwNxVxolPjMNkVdGcmQlTT0KiEkKkkF1Gz7uaE7mFA6mAJxNGAtURUpGtSzhNw2oQiE73haZpTWznwmnpzxqIFx2gg3ASYowJVZkDJC8f0CAgOZsNvL1B8yEFt4/gxjsytYbvNP0gZWDMbSRI37NddpgIGZjzI94Chwg0ARAA3vqzJEg5IKpikcVYiQpuHLxRVtXwtYXReGzPVALlDBBeROARGi5JIwVAOLdMwtxyvPKGJSgWxFqi/nzbH42aAgoH0j09FJBE+5kgw8h2U7w6qCmYIeWYJ/SK3aerrsq6Lqk6tISITEpGFpGeeJyTICojIgJpvDOBEIdZs2VDbE80BQ6E1lWbRnbkhIgK5Yxd1MCQnInU3c0JsTEN6GpBtd9U+2NjVJZILmzRtUM1pmRGDNgoIROQG0eVFrXeB0jKNXKW4F0f5n6x851vnI8p5lKMc5ShHOcpR/gctb8ds8V1j1/BCDPml7e+8Dp8XG4cnMeRj/Vh/r9fLg/BYHst3W/q71fffbA9v1XlmPy/U95eO8iWO+9JR/Ln9wH6fsK9f7Jzdp7tY+j6atoe+khxYQ3VnUcaVSs8A6oPQGGHeTRExsbGQLYz/iz5osnaRbhGeTgpfsMTUAVBRlVVWla69a+/9+vj45rO7y+V0nud5Ps3zPM2ttXmeAzCkCA0zJ72QGzEjhRBpBqCTsVFifmHrFaeUoUZTVUmowD3RxpTzshC/g+3Z6+BpBmYeSfkbCSeiZFAwGjN7ax6Ck+aqOhETc+CCrXkClOw7Gkdog+nG2lEz0QRWu+ja+3WJPxE/1cZEzERu1rhNbQrPJKVJURVFqXekipwiADBDsLuqESyQsMS3yk/Sk+5nIAbqENJ6QcgwcDFZpePCyBM3YRZmwsZUuxHLHomy9TQHVRcJgz/RwGfD8K+rrqI9IOQufZWu0e5KBIimluqDmZ9FSSsrVh0hGjkSQ4iEiqiodbGAG0NfFHAFYlGeWJVba1ROTkOF0ix5KqH413uXLr33YUcXhWKQmJnRiI+bmXEjEiQMkmsOD3QAGl0obKzQ0UGDQYMIoSBX0W6HpPF5sNuCYWMY5F0oX7nCHAOJAHcEA9vR+rayBws3TCKHyZgHyCxkFHGLEe9k/W5RopvtCbahI7q4FtJZFTfPvcSKASIGT0PGMoYSJjSaENb4f3clUIK8ZmVU5qEampgfehldRQuV+2Gw6AbtblNRDb3CbNAkw+1Q2YI/4nLXcOYLrC76j5mqukNSt8DSgO9tblNx8nywkH2bPAe/OZMQ8gYgAI7P0rGwtDv38ExxqoLNhiE2aiYYer+I4KgqbgrulF0uYEmALcNDX1vqE4b/mddctdFOLQASrpnEkpqmJgbismqXYD6FzHBmc3BrrU3z6XS5nO8ud5fz+e5yd/fq/tXDBx/cXe7u7u7v71/dP7y6vLq73J3Pp/NpPs2tzfM8T1Nj3v4QIxEjMVPjxhhYDhJy40ZE6AhuSIQNAJFbIwRvzefTNDUCIAecTt/5zt3Xv/r173znT/76Bz/4q+//5f/3s7/75Nef9McVAZlOxIgewKy6ITg2Jgc1AG7NrKuJWCeieWrEzUzW3gERqQGimlVHVVNL7WhR0b73/izKXPDkQ5272ILxvB+DjjCJhE4GUiidDywcMLN5ApbSHYi7PZ13SRVjThjrgaKNKWLXP7GSkW5mjH32wJat5Dsl0j3hvsBK32BKCBpm8f7dHcyBECgfW1BEfxhY5riqDVNPR05IHM5M1ZhxP/sNnt+gA+7bf1QcCTREFP6BQZq3JEYnKDjacP82NQ6UU3fIn4NjShMkDslEHL00kH5w0xCX3jpDmQXDOL3oPW5OxLA/KMJ++CeJHFFNEZyIQq4+fnltGCpAm2cPvmCdfHTCqbWYzcyRKLNJggQ7INn9JauZG6QS+JCzJgQkc3UzAFxFYq5Vs6X3aF8ARAtq/U1HPcpRjnKUoxzlKEc5ylF+t+VZtAI/N5b79FN44VN4cQ8vHfeF5Yvn+YVHeYerOJbH8p9k2bao2R69ONaP9S9Y93er70+3O/qX+O5zdW48p7btDrfb4aXzrAD0M/u5ge/qPJ/fngZY40hvn3OlpNycQ2yEEVPyHQUQAIAAA45AjIj3sPYBIjQDRCqJLC85wVCH8pISK9GwkCyL0HxER9VMg0HYVdSkmwYzS7ziiahkxq5qKta7LI/r9fF6Pp9O8yWE5OZ5nmeZ52meAwhrbWpTZOGHItuEzESNqaDLQPIS8DJzi90XNGiqItrDWArBmRoRpiAlGDoWGLUDCLHYaAV7xG6LAwWREc9spgbNndVVjdiI29ScmzVzcyM1NiMNODMaNug6SbMs8o5J/eliImkB5BABYGQIWzITlbV3bhNPRmrIStp7j3hlWlUhhHPVxsbIhkiip2rqapqoipQhmQdQgICUbntmKtJZuPepT23SZkJCwkwsobdmKQwaxLsoqtADHBxF1Hp4EnbpXbNvqGlXM0J0YiR0tSEe66HLVoB2xGUtnKWYrIus68qNgq8SCJpvtDoPq8D4B+Ggp2TwVM3NgwAmXdb0ZlQVvUXNkQmJqXkrcNWaN0uTuVDk2wGEA95EAsoRYz4AQg86b7RS4jUbIgNhAuYhRZpTzqY1WTiZh/OclQdf1cw3yDz/COiWsF6O9gT/COJWmw9RuSQVBbpuNuRGhyChFXCVDBNMSvFAC6rRCgv34L3EPjZeThUbgp+3XodpVlVE4ARsY6azshvNW6w6AtleTpU1j9YkNlq7XPSC7RTr28y9aZ4mzth7jwZMTnYiF8VQBHPXhGhK03iTMKWcPgz2GGThkmbu22CpyRzrKIlrYrBzBihb/w+fwpSNzbnVwKkPNd6QMYyGt3JJTO3P28dDCLru7spAVBEoUYbIkoDkXgOBAxC383nGiVubTvPp7nK5v3+YT6f5dDqfL/f393eX+/u7V69evTqfz/PpdDlf7u9fnU6naZ7naZ5P83Sap2maIvMDcWocSSGMyZkLph0jtWBrIcWjDCHYu4HSOkQlIidwNwSm1nJ4mgP61M5f/frpcn//la997Q//6Ns/+dGPfvyjH//tT3762cefqkROQjzF0A3QkXhSA1fDfBYwAJp5F0MEc+xiiOgg6iKq2mtu1ey24BBwPlIYCBKWR1trlTbnw7MOsTQwQyU8VCWTleXpujlerFPtNsDMmiODUj+MNqs7AxFBHTsZ0e4GHp6+oZY5hvkmGbqJDddfiKOzVq7t9rtyzNjqbpb5MEg5cScYFg9rRAesLJtKzoFElbb3NqQQPkhHWwvGr6Hj7ox4nqd65OHgOw7uNyKOgTagvvouIWx43rjADUDd6Y4+SbeKTyvPAzgwX0AzicQOIiTEyGkCB9OQ0fZuaqYhV0uZkFWE/UAVzVXM1SHZ/yGDTG2agooXz38sYWtP09HgbSJsp1aXHM3U2oAMMS8ex72MpBSPjBtwAEq7afAYYZ7aCVZZOliCEhasUDMnN3DSekMyB1UDQkYiotSiOCQnj3KUoxzlKEc5ylGO8j6VwSDMf+MuQoxbCBiKqrctR52h1fQlt7/zOo539mfq7A/0u4/hH+vH+hest2F6hFCJ/cf6sf7erg/6yfN1MsIUgMBvfqyXvvvsdt/XSZ9BHKPspn4Fz3buUrBDB6NmbBy5IyPFHpEICZBK5w98c1aDfayswm2W8pAhe6fq6sUaTKFRE/FQcUQIhyokBG9gCqau4iYuosvaT7Ou3dbu55OdTgGS6TQxs81i2lIskidiI5q4uRMDYgp+AkQkUczidELiNP2fgs+hCQkQKXPGn0tJMi4+IB1AwMCaBkCoeWE2cuzDoNGYXRuaG7OxObtRmfmYQwMndjXPICY5oHm0jSSCVuhgYYRioqDGQBMxkKkZWkC7gO6mJr13ZpmmidVIDUVCEnZH3zAzIgJw1T1VUUP/rq+9p9+eSBfTUKyM0CAAOJoHxOPIRhrVepPWBJEQKOhNrBoMDHejitICgilIfkm0TA9DZjS0VFW6h/SrqqkCIYCTU4Ug613MS8DNseAyAAAh6uHXFJvMXU11DqpigEqtNZ5as0lUkOiGyFWQV5AcQ+g18UyxYUIH4EjITGyspmyUOHHTjMGG3RoOAfoRQcWgdISuo7lhqseBm6tpYmaFae5Yd1hY53iKbrq+BT6Co7mbQZLRBsJXX/CyOnMAIEjUf3Tg9ALbaXLCjhypgzvi22DfHOrAc0rBWi9Iq2y9POLe5iYqMUUgYJkd5nVl5fSrgw2WKjxudNtkJW7ktxQExVTL3EDBvQjhXoewPvUB4FE5j+4qQzKQE32zvUDrnmWVSCUYuGFidOC7bItkAw6y6jjEmDfNPIjLu1Md0/le3O+WfYi73QDWv0tscrvzUYWZAMkt6NzqboiMJWHr7kgU2OJmRDl0C6ODcmZgIOFE1NJllac28dSm8/l0d5kv5/P5cne5e3h4+OjDr14ul9P5fD5fHh5eXU53l8vd3eVuyjyPdjqdWmthuUeJkaS9LIBH0sfUWh01XWIJE2YYz7zcDkT1TA440cHNPFVtKbApB0BD5NbuP/zw7uHh69/45h9861vf/PYf//ivf/Tzv/vvv/rFrz75+NevX782FexiKqYGiIbgLtW78yZLlxgiXQQQzFzUREUlxUSDQpy5J8TDai4tdAmINgDHcQfQbJrfWELJKYSdMLZBuk84xKHNNAziIIFABEgkJm63uxORmREQsA/i3UZ4RQgl5MEXHD0RxzvE9u6w9eLRaZ8wC9MkDwa0BIDkMSGguwf4CZHogFacQvQgG6oNbLqGpA0Tx0jv8XL+wNASnee5lVPgGJ5FtYwBhntocIMDU3YUBqT2hC45CIi1Kxx1Skx46xtMzIgSJqwG1HBnegtmioBOSf9mImIujeWcKbZpyD0I/EjklaRCgapawqXE4wGJiBQvKjkP1L3KQIdD6ByY+RBMxny2uqqGjW3t2HZkUI+7GGlGvrNsHLkgMUNjzswMaGYuwUoEiA6brMY8kQMgPMpRjnKUoxzlKEc5yvtU4mfehlnsXQZHDHas4y5WjL6FTEc8dod9vLR9+zVyu58troseuiDbdoSndZ7s80kM+e19/mZ1Pn8df4vvHuu/p+vhQQil3ncsj+WXXPq71YffbA9v1dn281K/9duabx/Fn6//9LtfuH1jI23Ywc3+M5Pl5oi38buxiiNGM5yLSgkrAkCIiMgIDIA2QtRIHDFitHLZgVLDq13DEKcLQpGl9qMF7KTu6q7DkIucDICADcEIZF1XxODWMUBzZ/egGAQxEFrLUzeA5mDohtCIAJ2hzhYMEjCx0hcVFRORyrpX0cQS0BHRlJEStwCAjFmPcHMAKuAlepY4hWmG4N3TOy7xLbfWGng+vEUkmgYdgB04xBSduCGSmw9w0NL9TkVUu2k36WqioI6IjdgpmZwUkTYDiPg0dZm6cGciAQQYVnbxt5mFkB1oyb26ezAUtUvflZDDM1UoJg2Ej5IZAjqlg6NI4JJrsgfURDVUYM2au9HU0u8K3A1EtAcMuu7KsqzXpS89bge4FaqBAboOfkaF0ZOCl4SVwjbCBcodTKGEbHUqyLP3vvbOU2vT1Frjxr4L74ZDJBMlcpzYpW43JWhraoBORBwgBjMza15yeHQZ4B65gY0uRwCAwZyM3jJ8EE21iwwq6kYxKw++BGh3dlTjqh0sbbA2NCpJe4PQs2f75XB3KBMy3wmoDm/Hjb445o2dnuhYD726jeSHGDK8gadtuplDGtDdzTenUr1F7wJUjl3FpbmCgUJQWINNlPQ5dLBo6VgdVznkRqNvDIboKPvLKB5emY9C8fUyiG9qJaEZpDrbova7ky81VHBiDJFPDLs9x3RpBdwzjgrCA4KwYIPheBg47WjYYv3WXRgsnw23wNxh/prBvNEllphystF3EIoBaY6OSK1lGoGqavgdblP96LuFoxC3aWLmaZrO5/Pd3d35fHc6n86n0/39q1cPD/cPD5dXD+f7y+V0uVwu93f3r159MLUpVKHP5/PE09SmNk0BbDHj1BrThg+COTM3bq389wiHES4gYmtcZxftBntbuHgyoXvO3GChPhr3unETEUdkJiYOch8Bnl+9+hcPD//iT//03/0f/Ve/+NVfff/7f/lfvv/jH/34zWefXR+v63Xp6wqm5DH88Xp97HIFN2ZcRde1y7qKClCMJt10RIko2WQ0ZjCiAFkwCaK7BzQChGVbXG6KTDpuPyUhJUDjYjfsqqB9CP5yZoSUxH+yYTehYAfHwpUDKKon/pMfxzhAcKiXkf3bxJ5EWL00cx1u3zrCqA7BEMiD8mgGGLRgNHc0dCPD1FIu88RgXWZKE8YYFzXZvEap4OFEYFtrNLJ8apYbUBYCIMHARPfGw7trwGmaRvJM2P3Gs54bj6YJsHCQMsexMOXKiYnMKPxBY8dmZmBgaGYBrceumJkJRbonK3dLHXCPcZqOlJJuuBAMUoMUddCQfEBi5k17dUsyGA+h4BJbUBmjh1A5KWp5nQJGDkGyBBE9NJ33uqxj2h/vP1tHygGYYHbYEzp6obiw6xtwlKMc5ShHOcpRjnKUo7xHZaghVWwWn0Z3bz59ZgnPxqJf3v78UT5nGdmU73j0Y3ks38tlMQj3rKxjeSz/wZf+T7Mf33JJfpsjvvTdZ7fvUWt1dfMAACAASURBVPdkLOUWuMk9Gc+Om0hMhpV3Geqc1IwRUNvzYwy8uFZAxAAAQTuJrxORW0pmJSIYEooBMolpFzALBMlNAwEKzAjAwjop7XewFELNQQ3ErIuyCHUCZEhZUy9HJTNjmxojM5ohNCRLLo8beEYhPQkHogPssXT3k7BbytA5AXP4DDkCABoSWClZOigUeBUIqHr5nZWOpSWEiqaJtVAFxNBd3YGN3N3Urbm5M5MZAKqDiEhEJNOuqnCqddVVpCf5Urpo0PuS/6XGHEdnonVdmZbCGzD+xA0Pg73GTISumj5mYaEmVcIGsPfe+9rXOHqXDoUIEZFKBMBdDFQ1qpxOp/PpMs06qU7TpN7Uw2ZRiBgQzd3Eeg+e4tqvy7pel+W6LNf1el2W67Jee1937K4RjFYzJ6JAXUePBfCMtGe00dzNRBV6d6f6ejAV196neZ7Xlee5TWFjSRGIHXysgCISOU4NWtuxOk0lAvdBoRgxf2RurXFrzVzcNXqH5TUUXSzcoWyg1dGYqScXLmVpB4cAySD0TUxyx/KJvYbb3BAtzqFfiH1RWncAYSGT21vvIL+lyqYGeA/o/lzgdkMFhyzn7k7ESRJy6tWOUwUonqIA+C07GcPOb0SxA1wJ6y4v70JzTVwDDZErE4ECFQwIAZ0id0CjY0eQHW84QBvNpZp1D7MRERMy0p50OxiSGNJ/gQdscGDRAUcgHhGAzTTE/ZBCiLlM0jBvUDG/AAl9T6QplBEQ0MlBIZhvSSIMmuiWxLinOyJxgK6Bqikm3AgeJoQEEAkT5mZIaBhsHg+/wOAYGji3xsyZKhLs7Gk6nU6n83me5vl0utzdnc/n+/v7h4eHh4eHy+VumudpaneX+1evHi6XS+OJ2zRP8zTNrU2Np8bcqHFohTIGeY6JmWKdglCUjHUHwpRERsDQ3KXC06B+8BS+hmlpmfKQbgNfSdFNC9JeygeD8cQwuiYSsDuggKk6Ec7381emr/3bD/63P/s3/+rx9ZvPPvnkl3//q49/+avPPvl0WRbVlIL8+ONf/fSnf/PLX/7CXJsKPb6+0mtdF5Gezr0TMNV/Y7Io6loxwPYcNEB0pGCeUaj6Ju4C9bCOTJzdkDRPZvEGuXg62yWjFEsENt8asv8DIFp2dBuiwAW7hsBn9hkr7d5tVtuGUtEExxxiiBhegxgefFV5AIyI4KmonC8XVue2S1ICRCIgBFAwtJiow8zVIg1FTcGxgFYGdCQiam1iLVHLcKkEIjfzXRNE40FqA+CTZAiEtLREInBRs0CoQ3k8wMjIfyDkVHUO/Vh3NydkotQxCDw7NEPDPDNYywp5y9yszAgBPMxlA70PMnSSp5mHl3CApRDy4BqQIBEirioBzrWpBUev3kduMN24xUzUiNwBG7aY1iKpAsocMR9UmklEZrs8MssHOuRrWJxIgNCQmSHxxqTmXs9P85RZBgM3ygflgRAe5ShHOcpRjnKUoxzl/Sp7BiG+wCDcfbqL0w7+3LM1X97+NoPwaQT4mS3wdMtzDMLP28NvVucfew/H8vdu2faiVcfyWH7ppb9bff/N9vBcnZ2H4HPf8tsjvr0Hf3k/T/GQz92+27P7c/uPDc/UhHwepSYZjj3HX0j7f9dOtvg/JvSW5KSiyBsiROATccSPACKxPcWxYCMxqYbQWTkCeQTVg/SBULqMGaAKAydSkY6Z5w6ABhAB/hYEH3VrTuysZurMHBZU4OQZyHNxC3AtiHHuHnhhFzG1aBhHcPbQ+nJzAjBE8OEz5gG+GmTULQ3TSu7Qg1tYGmvOGfEMvNPNjGhQl5hIzVjDM4siCq7hz5awpRTrbe1r7+uq0pM6UehVyVESmEkSjxCBQFFFZdZ5tta0TP8mRGgTT40JydzSGMpsXddlWR6X5bou67os1+u6Lut67amwKSYanAMzQ0TjBK047foCVuyqOvW5tTafT7NOYRXJEiQ5VDNX7yJ9jd1fl+Xa16X3dVmu1+V6vT6uy9Il4pyqqqFBF0FqAB58hR26tQnBmTmzGokqibBZVxfRzsxMzG2agjs4T9M8MbckNWIS6QIfQYCdiqWbeoCnvfeMOY/gd+ATFdAPKqHD9t2BOyYtjNAhQHRIY7xNLzSkOA2wFP8MCr31PRDngxXixQeKETToYwbJuBzh/uK9FbEp0t0gcYINOYMYJe5aL3U1X+0wSrjV1YyX0qiSdBynUcVMM4MNU48uyI5hnBZTUam2QoyCAO8xOD55nQmsx4nGWzAhItDQFt2YpODmOs4ucafRV3JC801HdDgLIJgTOql1yH5VllqW3R6IgGkTYwSnIVGb5nBIQOiB7cUUvulFFuoR0xu612u9b/NuUg9TKBFtJ5WZuypsFQZptC4m9DNjbqegkEFJxQb1CtzNgqvXGkNyyAIEZG7MrXFr0+k8zadpnsM2cA5t0Mvlcnc5ny7z+XS5XKZpnuf5dJrP58vpdIqRPvF0Pp+nNjMxAc3TaZomIjJzRm7cGk8AwIRMSJjYeNyhmgW3SYw2Blra8RElLTMxHhqsQhgMwlJShUGswyJPEhIS7PoMUOPBjiLkMO8UJ2c8f3B393CHjtfH6zdev7k+Xtdl7cuaRpXuj49v/tP/+x+/972/+Ptf/qKvK4tQl+bkgOyE6MWeonzAVfLNjfYmFi8wn7Q57sbDEhzCVDF+56EXc2vgdJ42kDuVzADgA7pL11IvCiZkjxuPWSjW8iYoaqngHPhhgOEbT/EJ1p6kzg16H0y/G17hGKTxpfHmYujGTnXVGzzoAWAWg9Dr1y4WmG1x4zCYp0hkboCAVEw+EVMbmgjJuasf3r5NOTBmhaE1uu95zA0g01KIGJPuiZGB06KbWqUNxeUTpuOvuaFiKUvvWsPGUUL1unIRoFGIPJu5Y1gROgBCvDAEnZGYMc7eHSvhg4jIKZ6bDpGoEd7KO5Y8OhXQ7GnDGHMtxauRmxPxSEIptilYTnohkk3xDLF8QA2me9BSB9JPjiDmJl1UuqgGWRNb8s4dPUWOtxfOoxzlKEc5ylGOcpSjHOV3Xzxl2UY8Fp9Gd3ef4ojx7pb4bCz65e3PH+VzloM9+M5HOZbH8n1b3noQHstj+Z4vB4fv+Tqp4fWPdZRnt/tOgRp8p3adZVffscLn8Q0crJVQcCwBsE3JMPE6ggq1QoS/GXbWZHtJPYCBVFDplsZJIwCBo5fwn0WufMSywYavFEBUzCswjwgUqDmJSlBtqJMjqJtaC/yQVVmUm3IzZlN1ZsaI0juljpm7mvWuqiohKxpubKJd1gBZEB2okJNQJoSNBFHxNQjewaAQFcto/BXQKexISBlIa60xczM3dzYjIkIlRCSmCnMbQNDWeshhrssaf5ZYWUv5U1L8CxwVDNGRy3LPTVy7iegsKqLMfZqnLiI6A8LUuU3MxGYOaatn63V5XK7X63Xp69qv1+uyXAMuXNa+BHURAc1UVMFhaKqyChLLtKqKm5hqm2ZmPum69mlqjZi4NSQsWAV67z0AyeW6rousa+99Xa7X65vl+rguV9GefcXMLcLqUG07Ov8NRgUOgaQxs1I6k6lOXZa2zsyMBYJwa22euLWQiTOAwY0xMzCjdJZM9CzE/oIlqcVeHGqLMAR6CYmQiQIV0yDdbEBZuJBBcEeGH5RHxDcD06Fd6en8ZIORE1h4Dvgd8riJj8YbYAIRge4NIloxzczirllNWMXO85ws3MBdDBRAk0ac0Nfm4ncLYGxNAZuEqecEk9qeVsgZbC8AXnQ6SJXOuDRmIqSBxiHUoQBhu9OQIoVQFbaekFKNiXt4VcXCALIxYmrKsbw7Sm43NTBDogCgAJELRsBk5cYs6QNJcACvFAkagH+2RKz4EJtMEdPkeFXrw+gsGCkDgSx5ZXMkDJaTM8GQ0twTQXeijm1qAa7bgAjTls6Z23ya57D9Y2LiaWrzHDjg+Xy5zKfL6XQ+ny+Xu7u7y9057ANP5/P5NM+naZ6neeZi88WQKnocJlCOhIBzm6fWkEjVCKkxMzV3ozIR5NEr3HkPg2GC9gOmgeIXQjXITf8rldWdGGruGWHcYEcCAto5UOKmRTuOCS5mkTYAhIw0X87z+fRhkDIlJW2jH1z79Ze//uXHn33c+5rCju7gEwITeWlP+uhYTmj5I25DoUqZBsJ+0sslru5pdpzqaohEkMgcuAcH383C+xaSTR2PeR+P5Q3NH01YwxYHnBfik4lzWUiUJzu2Pr0pRWQGQM/sh53mJNSncTnRCQ0cEQgArdyOAciAihVK4fob5nmZaZTT5x66G/D+UBXd3fYYjujE7ul5mM+56mbgSUutHdpQZx4ysNHHiAPnRXMLN2ZAUpV8v0EIDC/evczU03owOKtxnpZN56Nxs8NljZoF6oYTYIUZIJwY84bGa4yaBVSepOGdPyMhOqKaaVdgcsdxP7LJHDTomoAhHVrGnRiux+7QgNJJFTzo5vGmIGIQID0ghTekmpipj6eKYqKbCfmZW7LuVSUgTyRGzRdSwvSQPADCoxzlKEc5ylGOcpSjvFdlpCzCFkVAeMtNsD7dRWuf8yCE22+9tH0wCG/2c7sFb7bA0zq7fSI8v4cviEu/VeeZ/bzjHo7lsfyi5Y5BiLDh7cf6sf4F6/5u9f3t7f4lvvtcnczQeKnf7tl+z56nv7yf55iCL27fnRv4c/svD8L9OYQ33kAFB7upQjMVg8ZgD5TjFkXme8RQKVW/IsrMGysAUsbTzCBILBQkIYgANzHqqgpqoHEORNiI0MDFILPOg3IRAKEBYqhjGpqhCWjIOnYXE+/WmzZzVzUWQcRpPrXJeHI2ZZ5KnIwNMFEwt75KaouqpsGeiJmkTCPGRZkqWTmNJQWk7HnCxMiggq+JnBQfq5hjhQSAiK1rX9t6Op3meW6tCRsrZzw9uC1EjTkbP3FL7b0HfrYs67Is6/Xa12V5vF6vj31dwkIxxDODi8DEqmyTqdi6dDmFPZOJKiK1Ps+q3RQAuNHUmIndPVRGEyC8vrkuV5G+ro+BEK7rsl6XdV26dFcjomg3d1cjUhFZkYiIZZrMOoCKSusTc+v9msBBY2Ievc3MRSQQwr4mNVLWZVkW6WtfV1mvrpuzm++C/Sq+08SFQgeGCGfgxajBFiLuwrQwcaAXjZiQqPEUUF4I2YYwXLkdOrihqadHW8buLcXWBq4wwsrl6BU0muTMpC7b6AlxqoNkFoqIQdoAizsYjoYc5Dkoii7EVw3FEsbYrnbscwOrykLUstW2Q4NDXNE25L2YwfZEyRPQBowwgKentKfBJbIUkqNExNCSB4n7nezZObsbV5Sjaih3op2VWl0l7L+Y6xVVT+wnQcCabACHzGq0T+r7AuT7OCbm6rg/q8DtjJmQeVi7VTJFTcLuoloo2MaVHKZcCMhEsbdx67dTz0LlMgnDugwDFszjEmHBooSE6Fj8JABEdqymIBz8LTVIQ0hwIAIiQGxETK21KUpr7RLA3/3d+Xw+nU7zfDqfT/M8J03wcjdNU2vz1ObTaZ7nU3wr3DaJkisbuAwjpedb0rgKr0HkotgSEk4lX41ONOVNST813LUNbBAWJBVuN9x3Y3/0w2yh2moDwh+ynTt7P9/2kOQtFSgY0s2YEoph4vi6uKnXPgGNzM0RoDVuSB9+7aOPvvYRondbAK1NZObAlLa95L33eLJAUjkJEFU1pFtT+DRJZw6FgkL+GGVmcgckivklAbtIU0BIN9awofPqcbhdZU1NKWUaIFiMPs6cnuhOtB+PXsBZpTaMIZ+VQ2U3AETTMAd09qB3J9zom5Dqbs+71yVCT3a4OTNoZRgwM6IDhjr4OA0nh71HYDQeRPZOsEtxiO6aqiCGFDBYAFlmob0J2Mgrg6nGE4UAqZuZETbKXAXamLzkoD5ooEG7BMBp4vgnIBCBiALU85yKJB0awtusFbg68KbqCcGVJ+YimTogkKNYzcaIZlBsceyyPYlULScAMERoxOjYu0R+lg/Z6VBFdRcR5tD0dTNDAkSOd4FMpwg75DBoNiNiM+uia5fI9QFAR5SeSuci6kUwNdGBiouZuuoAyXNpGHRViiSesmc9ylGOcpSjHOUoRznKUd6fMjwI41+YIYZdjBcBnvMgHHXg2Vj0y9vrJ92XjnUXg/DZOiVS837E8I/1Y/0L1m8ZhHt21LF+rL+H609cAJ/W8S2XxH+LY7303We3+76O7/NW4Cb3JB0KoUpJsm34CyJtAqEAEEJsASyoDWlBK7OcmwisQ3rTACBTHntHxo84XGBmrbWIbKk5ugUKF4FyRGQI0biK2EJqjIoZmICCdTAENkNCkt7FGrcghs1mLEZL5xb2cozEDhyQZ8A1QzlSxUS69q7huJbt4dI7czhG0dZaRaWK5gwTxbDn2bEYsEwGvTx7siBCa21dl2mapmluLfg2PIgKREjEEetGDGMhE+nreg10cLk+Ltfrsizrel3WZV2v0jXEG0PeCxGdPDyrOq2IqNrVepeVp5mZeJ2m9bqcT9M0MfNCCAAmFrQyc+9rcvrW9bGoiqtIX2Vd+9rXVUURcTiyBaoRyp1I2Duv6/L4+Gaa5jZPIeYZF5cx3IC7waSLmpYZXuC0vfe19y591d61d7BhSudQfkgj3G+Fh1X/AsAi0nkCBkmkKZyWqWGRQsAJSsd2oOyWrLaQGDUIedwSpbRUxs0YdwpcOhRwvpGEoJhgZdGXMP0m1gmAAMHCDBDNzBBCbJGkd087z0SnAcEteE5xpRB2UBDQXpwlAICXfiGSEybkDhu7D3YioQ5jUql5AopwaLBHEwqmi1P14PWADxe0gQCYbXqqGA6lvpsDQueuUEbaJD8BEbm1hEUStxx8Zd/R5xL9hB04BAUN4SBQ59l4SlcCpjZtWPoFcgfDdi3aMTEuHMy/Ae6VYiMAlvUaArqpDy5RTLqYQodc021+C4cSKNX5588MH7erEMMd+GV5VuBFYSYaWsyIaD4OOfBRQqbGEzG31qZ5aq2FX+D5dDqdzvPpNHIUzuEmOM8tHAFbi2mhtTbN8zzPnGaLzI0btcD+OEwDY50ZYbAA4yoK5kwTxM1QEHG7T9UihAjFTse9yitszR5dYHtsPb31uzJuvY9pwbefRW+XPdS064o+yHVWIDd4uNh6nDS2FnRyMxO3j776lW99+49++Fc/+PSzTwCRGvnq5gqhdRkakPXkHaLEROCegqg1iHCg5uMMb6DlIWet2beIeS9zXePcMWWXi5fvdUu2+SeUKQet8MnTPPHl4gDTTlB0HG3TC9imphBnLlXfIUUQd2CggwgjdSHrYLw/JEAIiACUWTLMRGEITJQ/uROCLwixEp+qH4wpn7wUzreRuOuO4wG9F31FJOZkmiNhtUZR4syqJtQbkZlRWjSaBr88TjaTAEJ+OCHUwXnMTK0SG99TmEf71gluLece6tUAltTOPfMTEQncw8VW1erjdE7EZHbXvUZ0gC4SY8cMzDGgOiLKPA1xEbn2DtYTaaZGbQZmNZDeVU0q0cpjMgjqvZk7GICGQ3NOd+SQnqjxXglqQZo/AMKjHOUoRznKUY5ylKO8d2XvQVg/Wrct+UvxBQ9CqE8H9+4J7/DZ7SPd+Ml+9pxC3PH5cIv33MaKPwdneXufv1mdz1/H3+K7x/rv6frhQXgsf7Olv1t9/8328FydEex6/lt+e8S39+Av7+c5puCL23d7dn9u/7HhmZoVgh1li0tW6GwL4Q3uwAiiFVPuljGTQV8YNDu8CeT6FqKLmHOE3VTBwdEb8kBiCKCIKHnO6oqGohgxRlF199Y4QmIixkyETMyzaGuduFHLoDdxA6QCCDNPX01NLVCpFOp0xSJ6BTOSQyCMRluhOVRoFt1NU7BM99SggV4EDDkYUMyk2oK1uCwLM7W2E+VLYIe3nuPhM9TXdVmXvizLslyX63XtS+9d1r6uS++SNpAOmGF3RnTKoD2JdtF1kSu3iZiYW5um9qa1aSYicIgQbHoMmUvZHYqs0TKioip1uK6io0sW5QVJKXhUhLT2Fa/IrbWptda4tSQEbVAUuJuIhNBl6rEGWGgiIqZioipaMe/4VsZ/NzoYwHjtSf4FbnSKUWWHLoX2Z4ZRB/ZXCHgihREETr+m8vXKUeRuQbBwi51kxsAw8iuM4clgLUZO0SsK+xDReBqGmVmAMYgo0iFs7TJynOCejUklJCNvj7VjYMWQtDTJAt9jLVYB6RrLObQdCtEfx/TdLFZzQGKdZYC3Ywdu5EILFM0cBnw05D0rth9AXAKoMepDWzJgTLeA3QZaUs228Rh3UEowcKHkSHfMM0yUalAnARyJdwijJbGr8LUEFvI0A2Xl0bhhnTjgLsg5joC8LNAC+ixtVqhpb5zO0ExNaI9GE7lHh9sQaAp7PsxZk7glsEZInBy+1lp6fHKifKfTaUrnwBMHQDjP82ku7uCUKsf1zcClw3ww0xWYW4B/VRi5aFS3p5QCkIXE5/VRNF3keeQAHCKag6oZMtT13PEiAo6H0kAM9g8t32R63yrjt9QYGNsteFKtBnWt2GaRuz0/Q5oSgcL5cNPdvtF09ftXr77xzW9++4//+Gc/+2+Pn31mKtM0xTxmYA5EjO4UnPOYggCAmcM8L8d0stFz5G1w0vb8vcHjY5QWmBZEwO0yc4z7wOMzv2nwoSOb6QnUevNyMSDN3Vgruny51711Bwptg+CqgW5z9XiZgQKE99OCQUiTRqKGYQG1WKTaoKuOY9KYVTyFiGmMsoQQsTj9NQtujYmp+xyTT2UAJADMjAhEDNvkltOEbzOn1xtRnqMV9TBucVBs9wg0bo9NQACn7GND/dMBKCW4HZKWrpGuEu1ZzG/Qggtt/J7afDvTm1nDghVAzaCkVx2HvEGa0EaeQd17FS2ta/PwSV5Frut6XddsVQQCIgdXN7NVxNSkS1cNIdbIopKQ5jZX89A7r0ybggKzr4dCqT4dt0c5ylGOcpSjHOUoRznK+1Dq5X3EY/FpdHf3KW4/MLfl4UF4LI/ll142gBESuXVwO9aP9fdwfeRSPF8nNvzWx6pA6pfavl9+qf0PeB4q/DUCYeWTBDeIw4iLZSA7vY9uoIJBdwidL1OtLP+KWyKE3l1yTyKIie7p10M5L7hTBPuS3eXmhoaqigCRog8AZsoc9lqh0kYASMjLsnKbmCdq3NrU2sRtQkqAMDTtNIsFHqYqrmJmtPkBQeCNxARlPBahRjMt6lYl9rtuufw1sQXIMWh2cZKt8bpya+wORLgHCAfJyEtSNr6uqr2HAOe6BlTYV1U10XW5dpEhQokVvnOw0CxFxC7TKq2tjRpTUH8omJHsgEFyhIjdgaO7Bk5n5u4qqhq+e6oi0tcu3dTL2g4iDB13lmhgbwTgQEiMxFwqi1sQNHQsTdVLmDMOZ14B1mg32cfG421ruDm6V2QWIOLV5mbF7ho9dvTlweKiEVYONylP77EaFlh2XWHjNHBw2MXODaxwcR8gf+F3WXV7xmVHGQDhjkcGFiZnaVGFiEZkiGim4G6U9wXGsKyLAdx0+/Y8qwqUlylfHXzg9r4/LahRuYPaBvlx/3HQwvbZAIMKvJPl3KaR7XqL97YHCeMgMQt4EpND0I4GWBIzXSlVjsngCV644+wGFQ0JaMiNlnMqVD5dBtMBoosOCmQxaQaPLQiEhMF7BSQe9T3Q90T0KQP2ydwLNUIIPCnUQvO4XumBOGCRpOMNRc7SYizcHZy5MY8EAuIwzEwKH29qoXOUaWrzNM3TPM2n0zSFReAc3p9FsKYYp0QDCOXRhnGIsBbD1DaFUY9CKxTHbUmgknyPytWcDRTs3DBg2/qS3wABSaod9zx/wPjI1Nwz58Z3wLen1zPl5oMhAPOkSlaynfDs7hO8hb9y+vIaJrHZxszp0Obpq1/7Z3/23e/+17/+4a9/9cvHN8vd5RJGhm7mBIgNINAox5CP9YFLgY/JI1jgO5x+k78car1eD9UdSDmmxz3N2sxC5DsH+ParMbGZcROebcX95l0T5Una7t7U1LplM9RWTG/E7b541S890+fuHQ53yoKouYZKMaWdEJnJSmi5JhjM+SVRtBLW9EQEg3cdwqrxuAkKsJcpbIyOsh686Xhjvt03C5Xn6F4jt15xON9qdtgthhJsZHhswCEORmPQ4uO1IjA+R0Ae/MXk3vno3tVIxVR3TEvdmK/I3HJsgpmbmBaWmei3OQQpXM1EJTW2AdzEwFeRtYuoc+adgDqgKICpWVfTLl0kNMwJDAFNTUxNzdSkXGvjYRYa72bugDGTOYDq3qf6KEc5ylGOcpSjHOUoR3lvyhY9vY2pVsblCJq+GCu+wTvgi7fH+ufFnJ+svxR/ru3vFit+ef0faj/H+rH+8noD2OPxx/qx/n6v7/l4z9SBbd2/aJ+ft593XH/2WC/sfx/h2jOcYgsmjlYR87dBhUILSmbwKZ0owpsj4EpIRoBEOBhFRBxhcyjNwzpCnAk7bvHQinUCALg5UURCe+8jds2tZTgxWViNIhbOU2tzmyYksozTATINo8RAvkyDQTjwm4yOxqlmaH8HfpiZmA6EYqinDutBQkKgUhnVivBuEdCi72S0/wY9qfhtHStYfKIiotp7FxE3NbO1L2FcN74Xp21mYbwYlERciJiJA8FIj0Pf1NWsQCGPEHbE8xDZgmapkvQ+FTNJMNoS/km0zz3g4RFaNVcPE7skyCXIE21uZlhkKXDIMOgNHAimWjp5ERa/AQghUbbofmF4d+ML6BZ9sPYAG2tr3GVPSdGtdyc+WxXK8s8swrgFRjlCEHeKEgUAjlDYbuBb463Mh26nO0BgRhH+TR0+h7DHGpqH7k4D5NzQaRgUXrjtMEVoAhogLWIoao6zTswnkNECrfccoIHtgG3NOI6yRwT38sIhSrw1e91ErDt+Qy/ejpUAIYDVVGGwAXSYfcy94DAeSoyENzBh+txxfQ0hQEIHUE+QYCD0FA8DIwAAIABJREFUlLMHmCli0G0hPP/GEBrMpobbQWsWivA9xoAC2+auAfOPiyUkojaafsPUeJj0IQDUQWgHLaQNYRs83CL8TVPp9rZcDmnQaZoaT0yN6qyRsXQZaT82d/9iQtrf6x3iW2zAzUEQEQk3Emw06YQwng+WHmt7sDUBtezESDsdSCg+1C0qsIfj6bZ+qpzsVWRvy2DQ7TvbC6V+5932860bm5s5NQIErVlrL5FqqmBOSKFxef/q1Z/9y3/1kx/96Bc///nHH//68XrtvaNZcLbquaGAboBgWPMnJg266MyI2wPawwLVDcCDkzYa64bCGCCSw140dVzk6Ff7r4zbHUakzzfQbWLQ2BLAKm7WmeE8WtrFu0lgyy/Y7XN7au5aP77BzNs7QI7WmyvZ5uptWFkR+QiCK+wY7DgANLTtwisNBRyIPPNKzBuFtm0+0Ub+0tayN92Diqmf1zBG7g7YhhprFFLkOcvidut8f+c8RI9ze+Q/gYObqZtDoINOwQsMKnSdTY4uQiBUMBWN95YdqIwhcBAtLPFGYjYeSQAg7gioZqKm6qFHG+lTZoHwAVJrbQqNUhFdxcZDd11FRMydEF26qoqoRtKO6v/P3rsuyXEcSaMeEVnVMyAo6rZaO7tm+/5PtmftfLuSSAKY6a7MiPMjLpk9uBCgyCU+U6XERk1NdV3yWhMe7t5H15nsBc2XJIC2feddtm17fHx1HIeqfqQnnuUsZznLWc5ylrOc5Sy/UZnBthcx2IUfMv/5UAx2iqAU5+ST+++2Pycm/LHjE7/8ybj0uX1ufzXbLfP7U0Tn3D63v+bt1Hj+yDERCvpHr1UIw+fs98UljknVQ1RU7gPnCaJC3qoPydK7ZmZdqFOYITyDa4FN/tIsRQWLYNA9s5BFPPDLwoCxElvm9MM4YmKIvHYLIhDFTGE2VJXBpB7Ca6JQG0M7AIgHu5k9dE9HcKhENpEmrYElkRZmJo9Rabj1DR2asTgLCGaRFX35mICqjdHzqTHhUGDFz+LpZo/In80CvhRm4rpOaAyamoFBavG/DMUNT8fXkf6J/YCt2FPY+liRB6jC9EQkjoZMI8kMUBZ7EdGCMCMzWF3LXClshPJbmi85g2roGKamVjiCeU91JkzZUiIwOX8UKMABIwFFlAk2CDToNkuImSZWlg9dlefhdwT0BAAjo7JRBbOXaoSaddWKNMogqjtHhdahFcPQFy3Hty3695oUQJMD4SF/CUKNAc75QYGU/pO0Vu5sZiZiC+RmlI2IFQ0JTtqKAYQUYATcE4kLl7QEW6gQKaaE9hcJTMyv1akieM2JupA5qEchA4qFRYfinCVYETKUS7UjGWcuvhcUOzMt7VAnVeYgnZXh0sGFbqXTXeox+lP5CUFgI2MQKdkwG4i34olugkwRJlleYx6bT3HQGJnE3l5CITha2KWwcBMWtqEenSdiaS2fOGRKiRhGDm9WvRExh0cgN2nS3OaPktvHwixNpDUW8QePm/EbY2nupcnNFRc93cK/W9hgMP6EpHFYI/rjJaJa/1vHpk985WBAQBOJxq43t0Q5aZk1cnbjFQ2k6JoTf8pUk8kUErojGFaviwntXjMzu8ndrPxidqa7XWSTZlenX1GmfKglRSbnCk+VAFRBpKq99+GD0aDayTD6YapCPPpN+7DRj+v1j3/607/85S//9f/+51//+/88XPbGZIBb5zohnBjkiQ8xvbFnMwC0Piwyw4eJDE5UhY6AAW2KIvtsaabDl29TSwjdmGPSpCJqGmCul0oMIk8pmFWDtWa84d2FkbL7Zh0qlDFBQbh7ZiT+GUKCFBbzJZbkhlw0/WKeHgMjM3J2qzdGC23qSOXxlW2F1hN0jyZWA8adonN1l7rs0GGqBBoaBpCuT8DmLwxOdAsRYc+dIQtt6wkk55LhFyvHwcpQYXbiICUemTaM4XsayyvRbGVJK06r2XlpBjWQkSJUcBfslcw1sNVIrXd1N8EmLVjRhqHaHftUJaI++hjqNWmEYVDVIwUDjq5DTQSmOI7jer0OVQWp2VDtor5kOMg6hvauCj2uNw3+O/XRXaU0BBOksTY1EkmjYuLK1IqkAxbhdtkuwb8+y1nOcpaznOUsZznLWb6eQrS4sWQkOKkMU2SkYq0fiBVPrsB9rPjj+z98ntpOHZEPfNdengdrrPgfi1F/8Xnol7nuuf3PtN2QcYn8o/jcPrd/hW17f799xnc/dIx93nXtp8756fPYT+5f7s3sQ+fPr97XwxJgchJDrnozCC5IxMVDOLbGZv3Y0P4rMS5bg3NFFKjIGjObGAAOJETZSFRVxTyO79BYEQ1nDUZFOecqgnSj++8relhX8Xi63yqzeIQe5BcN5bKkdFhJXDq7ABEjdpZhqsphhjU9VaiM0yahzWEIAlmSCQqFgwvA2Xp8BTpxT7paWAXs91U3adPiyFKla5Qml6olLggP3wJ23+mJmHEvmZkg0CoflwlGut6xeqi4DNiAOxhJrZyc8nF4FdBb+nrZKNkScs3Lr4M1A+h1+4w7wEnNlDH3vCwUqqQRTY51Z8bg/ZldNhHkbEb1LgImI/KgJ4GMTfJLTlVJf0LMO6fUkcz/sUdClxZwYCV/SCQz3ixzGEYdqgOENeS8/ZLSGiHrCM0HEhwdNfvVSym8Mk1EGQoSh7dV4XNLFJ9KVjBJkomxcYbd2XE5PxmH3mRkHyTGZqmNaOlgVwAhgbg8wNy8z2LWIkoEceEUEiFN+VhYeKmxO5KbH+8AYZJ9eM5HoKXl8svFrFsJi6Dk+91x79xZU4S95sIebSE8xTlBhpAp5gDOLUDSRTjUxTv938nsE2ERBJ4oKy3J6cYOmca1iBlc2EVyJYkZzDZ93DJfoNo6O0ogSgXcFRi0dPPqqlRALxAc3BeHFV9qGdhV49FXw+yvkk5elBw1dL+PcA+d0B2TMMUnl+2aEGcexUpQnKLald1S+1052sWEFdZH9+87qZpA2g8dnYDr8/Nxfe632+3p6ccf38KotW2MucTAmcqIKUuHUknQ1PSWuNMy4mG6sAkDilvWi5xziw4GR2Gz4nj5QxXvVbOfRPjO23Wt8JBQpjkvubIozNjY17ZJ0F7I2S4cXrz5WkBrgZhVXFlEBCdAczKsk/kXEGAdKYus8dp9HItz2nTZRM71KLFGMyMyBqcnILnKKFMmoFC5AE4RV//M/ATS8H9VBwj9bm0+ziQE0yqLbXXb2eazg1PctyUfPxvN1WdJ7U5he3nHVDUjtUFu6uvzOhEMrBjDc6ti/qbe03mQyenzQ/XoY6gdt977AGEoVPV2O56vt6HmdO8x1JOiSkdb3a0QGApmlm0TFpamTWFo29ZEQDFL2zIqiYlZyGeo6BjsIsgnQHiWs5zlLGc5y1nOcpavqyyaTsufqGucdgn90odivMkU9L8+fnr/3fbnxLo/drzHmT4Rlz63z+2vbjs9CN93Uzs/z8+v8DPm2Y8dA9gv0Z8/dpWfuPrnfebgW2G8Coel0VGM0xfaYtN6DWBi4wjkVfo8Kgx0l9ICZ+F4EDA8/Fw/UCUoCc7gU483W6ImC5g1Y502Mobmklxj+LcLP+CKl4MYcE/DAAjL6wvF/9OA4GAudWjErImVpXwjTCl4H4V7xffi9rJWMetBM5RrWjy0gFgTtEqSQVgPpfFeiriahtejmlnooAZAScquGgnnMk2BP4WaaRBOJ1DocoATsIuNBDQrGwoem06RwCAlIh+d4jx1v0jlx4iCq0IduCCPwGZ8dMUCKWmDcdqVYrKAWMgSRLbslnmWFyHFBTJCIIMvAcJ4pXNohtmjktUKDoEpEM6YM1+qpFgXY7MEsOoRCosJeta9KJ4TghAIKxVakhBeUCjUDFBa4Vg4BzTx+FpIaYbC/eyclycfShMrdOFNA9i/66H3wmISIYorSjIEoy8DhKT4EMHMcS0CuceVDz0fT1QkPLLAFDlwKAT6Z0xMJA54O6a1QCEo3G6tQ7+BJiLSuAlBFlyPE2QLhpsRFBYpAyRzKqLE45iJZYoKOo8vSY6MYC2m42A497G7AkoL2C8Yh9MzbemTVFqDSDwsYGLmZO9RCYoWSJeQJlsihE7dijvznuYoa2IqHP0TwXp0SWEysz41W6szJ2xUWHK0Ke5lKg1qAzZh7+qK+YTlWTv/JprD1dIrb/7GCtUuwOAeIKzzRnVp/eK990cgWNBzxpgEwRc4YExTagvC4thdGKNZiYia+pRsI/1jWcRg3dERNbeuFREd3THC5+fn53fvnt++ffPDD3/9P//97ulJpO37xQx9KFTd+y2zQWgMLZFcSuPABRp5qQE+EcFZz3ZfKy8qP0YQlaBATIQ5jy29dFmlZ47IAilPbD0mESLX+552gKpr8hATW1HRs0MucDwlBTEJ4rETSN9cWvf7dLGkQFWL5ytH2S5aJMlMCVCKN5NZU4ECuglgJSzGq4HxXO7NXNYVZKqp3wqYEsXSPNTCL9aWfjyB3pxOQ0q7XhBqtl8aK/OIkNBjjDPvj5UnElT57L+YbwJEhqE6AAJG5tYMQ1dTvwECOeatRgwCKWyo9a7Xox99HLfeeweIafQxbke/3g5TJRFm0WHMmegEIiILmI+3bW9t2y+7SPNXNCZpTZjdwpVFxHVHex+qwzXhW2OQ5Esdba3JvZ7wWc5ylrOc5SxnOctZzvJVlA/GeCeKsfz2g9HaO7wDP73fKvj0mTHej8Wfv/Q85+f5+dt/Lh6E5+f5+fV/4tPH4Ne9yk9c/bM+PQc81PsAzPz1iG+F95xGeJYc0puSjFEmxyvubSGNlIma+xUREZNAANBBZMROHhIWYwODhNwpx/+fJ87zIxgdCTX1MbP7zax3LW8bNxaTkiLL7HUQgxhG90JuM9CWUb4SOrXVB8syyrx+fQnSaXrVWUap1dK4Lqrd3HOOuYn24bIAlEZ8Ti/KRwWzzLhwUDJU1eP1flEKNAhE5EJnnpTPGoFzBcyDnnWTQfsjkLn8HLlJkqbvJIV8pZlqsKC8XxhW8MOFT+8oLxa/FSIwr/irtyRZcsICORHYUs/+NsVGKWQXdLelsv1zQbXlAwBhInVNBOB1H6IbRsfhYI8RJ9GE4HZQFCZMZkWtAhEZW3I6Vquz94h68QT8MtxJoKK5OaeNweHgZou9X/QrGwbluQe8AITq/Zi8D0ztyKCSJWa/jsrAxcm8WpLNQ6W5mAzChBNLljRvqcA4l5ZtIapJqurSviuNhkXIp5igyFkg/3A8UYm5yea9KPV2Z42JiLN/QQgyodvqbWHKxyLM20q5CyVPDvlLOC7pEsNSXoBEHowWYRZCcg/jHG3irvfWa9XKPGvFQc2ZY7F+Jm1phTyKkjnv5J6e9YHuBIeac3AxhwBjCvaaOMexSEtJ5aT8/X0fRvVhRfQcNeMEUE3NKJFkM8Z8hGC6xriOhAwOvDImqRcT4/286kdJzucaM1EMzZmHEXARAKC7H9vCV15/dOXP9aKaPnMJySDTKZLrnKXayOWg0xvVDxjlo8ZNWERNb7fbvITqtm2wMY7juD33oz+/e/vj9z98/9e//vV//vv56Wnbttevf/f2zfejd4IylBgiLMIG6kMp1BSNTD0/Ae4O63djXLUdpLcVMAMMDGil+pSa9NJ9YvrlVLGe/dbmeC/4Pz/nO8b85TIJeC1PKeHFl7TOGcslcdoGz3eDQs7MzGquWIRF1oSQZfmjIvqb2SDmhWrv47bu3tNd1kGkU4k4OPR+T56QQz4LBzHaT+jENsMwYjOYkuac7Asc0shPmeMxFZoD1hfKyM1gwgBGvjzUw8WVk9AfzqhOZzRkhod1h6zJU0Ym47Aw7vJYNU+TAsoyk4jU3CxZ8t2OjUwxYgYY2rvejn699ufr7Xq99R7nux396H10jalFhIj2fW/SQr3YGX8i+74zt7Zt+77nXCrr2wuzMEnRNwFLgWL0ob0PIrS2udr7e1D3Wc5ylrOc5SxnOctZzvJblw/GeB3PePHbD0Zr55HuD/VT+z/oHfipT/rU/i84z/l5fv72n8kgRPXgc/vc/oq3w6TrY8dk/sg/eC3LXI/P2b9+fsb5K5z3wo0pYSrzOJ9k0NEAD6reoYMWHn4VbL1jAyQAU6pt9dvE28yyxlxsccCMVNlMTce04SnQrspwWzzVJeAbgdTIxFcFrLGU7ZVfv06E6XwXpECzMFd0zUbNQHBwfICUC51kIMu1dipoxk2rRQhdJ+CkNjTMiqRJ8h1DgixvkMqDiAZXYNOvr6ZqA6oJHARdL+4t0CC2NBd03NEDooE8qqYdW6gdTicxBH45YQ6+izcv7LJoxEJQKvJeAeLGrAgnpYgCM7GbraHiwgSYSHTPRE4iyDtJSnTXSVfM5sXOuyh2MEdTyS+AkwRSiIlcjY4IRouAO5WKIpOFxmKG5YuOF0OcQ7kyCC66hMgLBwQxOHG4APHiFgRWblUlK7cQyGBOv/P78hpjZmQ4PgZo4oQJNpVkXz5IQA20eFvF75xKGJUbLn5cCGqdIn3qyB0+JSmM9aBQgEmEhcUNJomImxBR2EyW2VTpZyYqR0Qti1OFmEikbXugj8Sp0lkgnutzSnL7AjzMhq1Wc3qlt/l9naQwMqNmoOrWVGZtronKy5BIwt/sbCsLKJA51z513WORFeZ3HmXQ8WIlofDJ49nzZkpBsTqRorXMHBOYgXOMJDYPySoowUnmBgpyUqLE0QUkIUaYYSE+c1GgavjdzeFI/cYiWq32dXMmtEoVmZ5qRDRyrcEyw0/dwrqa08GCJZY4n63fsXXee4n/uSuqN66FCHKZuQZU4TsLFAu/UdXe+3Ecx3H0MaSJ7Juj4G1rQgyjPvQY19vtertee79B9enNux9/+OHvf/9ehz5cHvur/vT2+bY9j34cXUWIR2BpUIwxiMx8AoEpEbOoGdNMT8mlYFkalpW3UKF1DkwU8E4SsypHM+FjLvdL260/rl+cbzXLhdaZXwJzLD5faJbWwrQ+xQvtcdR8u+g0rzrbuC9h6adOm+W6k/V+vCGrc3pK0Ypy30ORxsxba8ziXSSTFdivNFQt00eqisbo6Uxr1evc0jBTHKbcgojUi8qSPRDPo7FK+5BWBwjDis/ITI8RMskjHXZ9zdHoq67lGvk6Q9WTAVStj8Pnjry2TyV2HP3o3Qx89H6M23Fcb8f1+Xi+XcdQEG+yEcvlYbsQb7JdLpdI9SDa933bNocG3U2Qmbdta23z/Ay/jE/mXjMi0tpmWhzsolbDXw4zrcuO49DMBjjLWc5ylrOc5SxnOctZvpZSf0C8iK9GjMjmnzIfixXf4R346f2+/amY84vtj8Wf32MQ/oMx6l/qPOf2uf3x7Wb593QMqfrr+dx/7v819+PnnWfBgj50POZ++6nzf+o8n3ufyEO+6PwuaWYV4Z4oUqCQd7HIBH4qHMbEmiGyNQoZa2OBmPFj4A0RN2QWxxcJZq7W5Sp8osF7UhgnB8Tdm6Y+3BhjqI4RhI+8JY//2hjqPlGm2iVswDLbHhMgRGX6Vx2vwfDAthKxCSG4kuWLuGeiKzaDjs5ZMyvEKHgKgdp5dYweGm9m6dxrE9Tww9RGITlhI5ZuYoEVJablkUbmeYJAMpYD4vziAeIAtCjDrAATjJHtB1crdWpdokG4AwjXlp1R4ArFMiuhoEqHn5z+BrDXzkpd8XqjhUUEsvSRvOOnvuALrnSuCs4G0opUeIswNJWYpCNLaemkZJg4aVwJRETiTKq6S67GpkDHOABC76gGEBbHusSkCEgeJ9zUjiTAMG4xEi3hjFnPYHIgWxL+C4TRu9uEvRbqWl2x/LsiIQChNGvL66wjUDliXU4wLxGnLVe+UMp0Mc2QHsy9LlEpIuJwlCv5CnOT0OCUCd+lwZ6fj4jJMT8OSVK/amuNq1nz20X1m5hj8ATDSHKCxzlIx8RVFvAtqwfeM2OUFVSI9N/LLrgaIS7/LD04AUIiJiEKB01zE8Yc+HCi3h1tK+GNaoS1g2f/NYATCeaal7je0et4qoyImrZrbl8mAysiYMxfauqGaoVLLr+d0wLVGe9oavF7Te3dnG7rw+a4CSQOK6EqkcAEC2CmPnWMtYaxXBOLxOJC2TQ3hPO1QEdw0j03Ygwnxpfco5nZ6APOE55gpurQ47gdt+PoB1ja0bkJuQwxkan20cfRr9fr9fnp+vyuH8f16d27N2+P6xVmIvJwefj29bfXp3fP1AxDFWOMPlQ6tyZhg0fGxEbETKZq6GyVfpCobQJmqsZMMPJFlwCWas3665IQCRYB4k7u8FyM14nU5Tct9E0NqjYJuKguTvE2YYG9+Ypgi2I2gomcDUR3Lxd3e7MZXWtZFy7s2usoAVIs7FLPs1GEpe97DpTORRbH8GAafrGxOqepoVUuRimRcnYHF7+N3KBhpU1KZc2rZpGXYRhjDFMyMpBlUhAbxIY/QVAex6jBqNHzQCz5gMbMOjVZAYYZO73ec6HyXSoSoLLqoAYdYXapNlRjGlODZyO5fIK3jBpU7bgdvQ8HTY/buB233ocqSXN+YGtta7JJE9m2re2tNRFpIsx8uVy2bZMmJOL7S57ZS+GwJT/rYKFb/da0XItOLWtRS6k6e5aznOUsZznLWc5ylrN8JcVKQ/RlPJYyvoq5/z5WHPsz35Awg7gv9tvUPYvtL4lvf+z4DB3+ZFz63H/u/2r2t7ucUsu/EHP73H/u/5X2269y/uRz/IPnCTLVe/e57J+Z7V94/gkM5OrEtaZ4yc0gDqa/10rX8OCX/+Il7SBOYfaSTUJqxiJF1ojvcvCemNm/xsxmIyKUDIwIGlrkzmtqfM0Qt5o6cEhOyNJhGA7MFEBYGExxDl5U4SpAV9DTlNWDGxdVdHzycmx57BmGrdYyFLXCYVhOG7lS06tp0CVElVaFw5DhYwQhie8oEfeyp44dRAyu4vGB9xA42ISmSLLbKn4WbCMow7gQqcQa6b7g/qpVDQZAJpcxaHMkiW8liHkP/q1P5MBuxv2BGcylNLwEEbUmhQ8tPd2V5Gyy8TiBr8lcY2Yp1guzCAuleKtFLTreEliwqyMi+ye5P56jamaG6cPH4uy+6U3oAGg8pjBRBUy5hH4zXDxJNkxE7KKvAachMd9ypLszrpsgIsIqsIYVJdhUbRVXmUjmxBMDunNgUDxCHFZ4nLw/jwtHVTaRBBL9+YlYaNs25IEiUi5r6S+4kvFi10TiMkuhTAELREOimYk6cD19PgJzsGIHLEjBvLhREu61TJPTHG/13scwK2y5crZpQW8IWzMtIGMCFwt72erLBRrfAyh+VHrT0fy9+59xIm2FG8VvsRwPK+PUuDVVnuBK3UsOrOrPLzYW4B/LSuJVXjOor3MT/7sDFG0W/8tJ0/XvPXoYmZELfA4dIdgYiqCa+NbKSMR6tyuw1Huf3LqAHACFwXToyFJfN7PeBzSEmotMa2oYDr9g6DAzHgOwqz0jocV+HMftdn16evvmzdu3P/br83G7jt49PYWJHh8fL5eH6/WmA73f+qGASmPzgWuhXcnMAmOGjs6pEW0w00EUBpWRCAMGc2o7g7DVaI7/Sj1ZLZUCUGkXa/25ArCLS1ssVEwwYp2SoWq5HpTrrTonrFadaPChtuC9Do3nMlBosXFkbbjEcBpezr9nZ6OsiK8nTojIMlrI0r62lNIBjKBIgoiGDTPzxIIch+U/GH/kR0oJUWBpFkcNHaou6G01KSbP1BmrDCIzGmYY5vOPBp3fWKFzbgtSa9k6j9TmdfvZBA5pJFc2hp5FipFa0OyInZfs6VlEzAaoWh/qCKFCTZHkWKiTcn0Ig9RMhx593G63WPSYddhQImqXy+XycNn3h23bSHhr+3a57PsubTOzJrK31lq7XC6tNRYG877vrbV8fWIRSRY4OcSO9F8VaSJ75Q0syw1KWfrFu8RZznKWs5zlLGc5y1nO8pUUWmK8+Iy46we253mmlcaL/ffnxyfO/6H9Hzv+S89z7j/3//b720JjmkGjpPmc+8/9/3ftxy9zHnzh/i8+P3Ikesp5Qm0AAG6ehh/hVKqYfhF00oRolSyroG2JcxpRsP8AFqaFN6CRLc7MgBgMGN3SRNBdgDyi6NKmYwxVpZQ5TVTyZbg5gqLMCjdz0tTvQq7CLs84lQPri1gek5c9GQonTpwqvjL1BGD3detBrxeB8HmHiz/cehsrHkmLAx/V6l5XN4PZ0iIvrsLlSVUh2gQIQ9Q0yGKOQUUwmIiDQwFT2FjxwKV6V1BnglKcc7vfuSYLJm7Iscn5FpTClctDBWeOygHNQtXVAGjaSgJgLbHWANvmwzqFTxqrjRBvTCnKdKsiYkb2TH8M4TSlS71QtTFUiWfNhihlPaY3D4PUN82fioN0RzZ0QZYmQun6okQsbi036Tg+VElY8jzJWYxaWywViVrbnL63cN44ETBipl22RPYFKdHpgpxedZy+fQ5pev1QVleTJtzeGx0kEoQRt3+TZJOscV4fYtu2Fdzuh/kT+U5mbq2tJ8eLOPHS5+/6Id0NIsonWg5eBlPObEUvLRItEQmlDSQAQqmneuTdcWUj8ELuVAqggRIBeH8GoAn0x4NQGH8GTMGA5rya87Mtf3Z4Tcw5Oabp6LKZX7X4XBZ+ZsF7JCdx1fR/f5+TQVhwGj5UCiBM2OaeeujkQz/D/SVmHkO2eB/DdTtVFSBnJSXrWAIUVHLNRH8aAh/HUTWZaNFdbkcCijrGOI5jnU/MdaqN6gBfROLsjru4Weu6kuRvhRnbRqpDx/V29aJjMJEIw0zHuN2u1+fnH7///vr0TkeHAab9OEbvquO7737P1P5uf/vb03M/rDVmaihjRzMdxx07mQIuIg5IzsyYMExVdSOS1gRNx+jj0GEknnhBw2ouZ69QtQCsgzGbf9MaSpOYHSa0akDLrhvvA4EOjjHWof1iMNoi8O2/1XsdURs6VAEzjhHgeUWJ/qlD90v5ZlMoAAAgAElEQVSXu+uKIUUbrWwGeLYAQOu7jSIkY6Eg19JGjZlIGerdakYNkWeCQW/HUVavnFLQmTjiiwVjmMJct4DZmMncjJF5jOFc1VxNwEY8c7Cwb/t8GRhQqBkoyXKq43oc4e0qYkA3J7/G2mSeENNDHNcNX5nN5UOdd+fwopMe/clH+SGbHYcTGbX3ceuHGUTatrXL5eFRpLX28PDYtn3bdmmNRLZ2eXh4eHh42PfdX2aEedtk2zZu4sk427Y5VOxi17V8rMh9YoSttd2qse55ouuUP5e8s5zlLGc5y1nOcpaznOXrKffh2C+Ox67pt2sA8WP7QV92/o8e/6XnOfef+3/7/S3+aHzPTY3e91c795/7f/P9CAHNjxwfUb5/9LqBjn32/i85f+k4ziGZD1aRP48upQ3Y9PuZ7JfcqijtjB4ygSXC634eLN5mxM60ICKjYJj4l20MD0KPYalnF7RCjxy7p1eF8JwJZ+E7aGSh5EjMIlsI1qnZDEVlcCoVzCwjVsgHwFov9wv31GO0uwV3wYFiVxLaXgbf19tYoZH6F5jNYDS/+wIg9Kg2M4XkI9f7xIJQ0yKdF9BISMmFmFoSBC201AhkRIJgEAbWWg2Xt8ggZ44KyMiSGJVoofcLpURjkrs264sIRha8igVlBAgh9zkXiPzPQ5CJGbswIEsjguRZHRgJahtYA5VbaIMoS78EliIEjDKv40QJ1FXpSsvQ9VH9nsJQjxhsCQ+aIz+LImaa9yEZhAHSMphDJNYflghEkhjmJpvbC1qJSQaw2CRZeim9Gb6AzCSB9lHQ+uaoomDmTWw3NDp58QJkliXuT0RgacItv4S1J3t3FVmJrPcIXXSs9Sszt8ARxsVArqCJu1LyoXfCdC9GwRxYYQ+4nMAo+W01opNBWCTF5VXcLRlBTCSNRPjF3wJeBPc3m1fUkBy27Pg+alciYt1DMI+n+5pH9WlC6lZjHgnr1HdnJWC9/7xbSwUUCmjStE7qis11/wmLvfeQps66XGSqkWibFZ5dj7/qha6w4lAbozvGowoiaQ1j6Bh6uw2zAAvdwyxwxD5SNNGxQBRV01Kl2ZyAXgQzR/RVnRSNdGH05BLT4pSrMxN9sVBbXeQKj4vzhg+vy/sygwXbRmb9OMYY/XboUNPRj6P37uPnOPT2fNXefUr2jvDq1StPu3jz5scxjt5tjK7WiWhrcrlsx+isXYMgazTI8wfgWRqOhBGDMNRuR/dVldtGRkY2TPswDXVNx7IwzCnarMH/C4orDBiAggR9qDPtYgJ3RBtGZOT4NQUJGWwxbXo9AhaOppqr/7LAZgeIPCFYMCZrYsGSV0TmRF3UGpDdZz3h0GHpTZDzCpmZDjWYmkN4lNq0JmF9yp7rAMt8RGIk7RsUIKjq0K51MWGQljky1FyLGgoX8bQ+1A8w0z56mpJ6/QRo7/a3lT109F7wdk8MLzNRkAComY587cre7OqgBX6mM7OlT7Kq9ZBDVTd/TWJl7IgHZ2EW4bY/XHYiae2yXx4fXz08vHIHwW27yL7t+2Xb9rZt+3bZ9r21Jv7qBSNaMjwIZmjN82nITF0oG/ONgmKGidclbm3L6Stse6Odl/nLYnp5sQic5SxnOctZznKWs5zlLL91KQ/CNb46UYxK8J+x4rvo6x3egZ/eb0v87LPivR+LP3/pec795/7ffv/iQXh+np//i5/4ed/FR38LJIPw886GT9wDPnKf71395zyFITyKgsJiCMpLwAFFB/GscLvHCxOFitufSl+ZQu4LVAn3JRwVIUJho9aYKIK0qoVXOu9N4HKeMxpNSStkIC+BlB1bAAkiTSs+AoiUSI0zOnifnL7yRe5W/4IfKoCXl0HCFG6a9T6p4gXmt8KDE0OscGxgakwrMOvhWiZicXQhEMoyfPJLOGRV7m7ro9nEDFLTdOVWEcoPMQOzXttJ4vJTWTAC0/stz+7bdwBhVgyXLiscqk3WnD+3rfcPgpasbII95oFtzm7IS+OYw2O+jqh2GDk8OlHp9CAMjUxWUFBAAq8LgVU2AyhgCWYGc8pDLhAyzJlp2VWinYopIglYxgMG3kihu3mnnkkrGCks/tlac6guq8kj2i7TmRZ7QQnzh3IIUELlj6YZHwslEZAqGm+aPW6p9pUCmsBh4IwT3Q0mZpACo4uuXTC6QnF/MjjuQ6+eSpPOSMX4MRDC5syRMtcL9NEPNmfwWA2lctK0+RAFpedAXoeh1U4yXjU8ErSLjRzidaIkq+oKSxW0l2Bteekt8qEguI1n4ml5HUs56JlvAH/mZVZI7M8SWMvnyQnIo+nrPwsSozU9JXy4kgIpZR6rltTCvM1qDnxRjXnvjibOXJJic63fSgT8A7No3AVct7km4Qao2VAdY9hxdFU7jr6AvijYyWzUn01YL+pedO/phTr0xHBACW7gBrVlein0Mu1jE4+JOTEI78NATAxh70LCRK0Jcxe5Pj8/3W635+fej96PfrsS0KRpa0N6v119Oj2uN18SHx9f/eEP1Nr29t2b2+1JtasRmfWhdAxVdZ9KjjQDUwtNZyIiox51R8NMe59+nPEoBIM6801hZOpuqGZuCRnerrwMQASL35MtzOqv2KAbOlRKUE8SGUMtlz01ByMtscJYIaej71zfbOl4FC6aiEp2HF3Tz5hoxPTrI8PgOSgUJsI0M4EQeTPhV5mGfAR2eV0CgWPJ1/SqnGPBQtDU0W6n3eWYVQCj1EFjRlIMG9Z9HKjqUPPkDgOpJzEZO4LrOU0wUoPSyz7mFaHlgEi2vmXp0K7hj7n2Z89wUkXKqnsTOt5tbtg5wl/TyYWuSktEJLI7+rfvD9u+b9u+bxfZ2rbtl/1yeXi4XB5a26Vt27bHgiSbbNvWmohbDNbaYcwk0pB5K75SOY2bWfx5Iv8rV5fscvHidzfz1/SWc80HX8bOcpaznOUsZznLWc5ylt+2WMYCXsZUkxBw99vpsvDBIw2lg3K/3/DeNn1+jJc+tf8LznN+np+//efiQXh+np//i5/2S58Tv87xn77Pn/EUeeG7ODuSbEREXUPhymlJajZ6L5qgy3vOy4f24GonYzD1CBFZBO4m/Q5orRmzDlWOsJazspRGxLrJo2FhOFjxshUJcyMe5ggV2vTfimCTWDnyvFSzKnm6iFBFxTifMCAr9/CpGk7oK4yHXUCvTsdpqwPM3Pklix5kWKmImJCngC1FOm1y8AIgtNlOGeimmalfhnBFwFifMZClWVsB2RaHMDEoK/QlD89gX/AwHLKxol4lCpeRv4UeFhwPI4ODVSxeBdUO8YA2kTPAQ59BJ4kYJ9gmOrsAhIqhnUBMkp5T3v3aDFgTjIwYJKG8F3KayXsg5m27SBOH6zKKSSVWCQIJrSKf6Z4YNVcQXmifMng6EKY3YDaRJD2QhZs0N2bat70OAcEJbJYYtIg05sLiUxgwcUTUJbylsvEK5KSs7Rr1BURnH4s8NdzJxmL5X3aI9SzZgoA6tyUM/grxKjFb3xcCoIH0efUpFEoASwNpntzcKDAediluguZVRHDYk52nu6D8ltD5qgp7P78V2FUoUdCxg/lnkfzg2EeCe4maRDw7CFkBwQQhMeSH/Th1y8A6MKrNSmXUsRtbWLMIH9F4h5+gXdKuUiHSLKZdghl0KGgdeNE+ofi4UhCnhuQHY/H2AZRvAWXXw+/pm++dKSs4q7wumOQnOChvLMxDVHvvPRSkEfi4X1ItCaYB6URSBTMHQJR2d4WmAFBOSFH1fRHsmH3zc7IPR9gVevvH/BQLgALGhNaaEGGM4/p8Ne396MdNh7Ph0aTt+z76oaqj9+v1uu07sYhsv/vdvu/bftnfvPnh+frOTB1suj5ffTSrOekc7ndHZhJpIhhHdxjPO+0QYbZSwqzcizBsNI0FFyAM7xPiOpWRVeJfCJjcQMFyDSiREp1Vd3IlQh+jDAC1iP2ARYqMT+bhzkvJngdRIHQ5hQXf08Gy+JWpqWTvJoTyrs8ohtThjTaxGA5Ijp1jnAkwJY6YEg6Aqjvz+ZgpQ9nI/yhQKvQSVDMjCvEGACM1R7N9wvQ+xuxpMgyIESmIjKJ7Yk4NkVBBcKbjCrMDDvhmUgLTGKN37TpULRVhTVV1uLugjVEvQsXaBEJfgYyEmFvjrbVt37d92za5PDw8PjxcHh5fPbzaL5d9v1z2B9laa9vWttZaaxtx47Zt216vSblYCc00F69OY5aY0CyGIYFLUda8GZfkE6SNsA6bK8xLgDArhSoD4SxnOctZznKWs5zlLGf5WsovGxP+eec8P8/Pf57PVn8bnp/n5//mJ37pc+ILz/mZx3/6mJ/xFClcRngR+s1SQdUFIqj7jcBaYIEUXDpHBzPr3E3uPGTmUfx7MJIIRApSJSMaAMyGEqnrubFsiJz4MfoYHhCcwKTjc8xmaA0ZNUstSHPbI8V74abS9Fvpgwt5xfLWGERKFeML3CTihmFQSHk/eUSGP1PVEmCXSQw8LEOZax2wkLgJU2IyTBXFNUW66PFSe6uBIk8AZ2JSAAg6bSOTkBeygUndCDhs4StFrzRz56FAHsARXHZG1+wW/vPkyvl9On1MoaWMmRAL1q9WzwIobenKYFIIDHDgIQRaCG1QqHU3Dqw6ERGRFkFcM3PPS0l2pvsgXfbL4+PDw75tjUWYW8pypjAtHN7j6Ch5/5wAJAe9Eik36oHm2DAr3VaAINIWbb1sr6ghTu5F8oGYGC5MF+w3WqaIBPR47a7uWgaelnOrxqtzqPw3PE/jOCeHa6XjAOmol7fnBMywbaPkH2H23AKEm3OdCDJj+ZQqm2Y2NOPZZgonTnJjJnHBSO0aX1rt+FYPcO+amn0zEIK4GYclPcgeyDnCvdRoReRtjni1zAyIa6gpUVClhQVk6uw0743RPxMgNASnzELQMPHPFLiVJBL5XMs1SS/Zexpd25LklNVb03mOdJEwEzUKEczgYMVh3kBOBeWQz603KwMs4FTfFbNK3Fx015zpA9+4Lzbvx3K03t1h1uScP3N2jQwwkCPtpDmfZ2uZiLRXGwy99+v1+vT0dL0+j6MTUWvN9Qw51K2dtG0ueBkXtRigrsdozu9azPByWFgqjjrAmDfJgBoxoKbaxxiAEsJW1KFoA3ToGN1N5nwCulx2om+2xtfr/vT09PTu7e32fL1eR+9E9PDqkZn7caiqSGMSnxd//8c/fPvd67dvv/3r3/7n+fmpH9fjuF1vVzaybjmJlReeBkswlxUYmKi1xgYgVrdt26YXr+aLQEKi7GarGETUmCmOtHVOMECIFdFgqXtpOaOCGLFSpFo4RXtAVz9g1aJ4OtPZO8QYY0XZFcneTIVwwAnckwBagtTePx0nq65VwsUhTpueqcRMBDUFlEIG0y0Jw0yRCDYMI2RkiawMR2/HMcaop+YPeS76m4UO7WMwkXMU1QYxi78tqJH5bGhQHaZI2YQ1w6k4wiV/PsZ4er6uLyHDPDlKLaY+MnK8lGqa2qRt27bt+77vW5bHx8dXr149Pj5s2y6NW2v77mjh3pqINJENTEQSWSY+bQhvbe8jpH2R02iIV4tPd+n26us/iMTTc1hRACEolZb9fafmorZlGouRra9lPkd4is39S85ZznKWs5zlLGc5y1nO8jWUXzYm/PPOeX6en/88nwuDMHV7qTzezv3n/l9tv/3S5wesotufffxHzp8Mh5f3uexHcNK/+D49qljEkBW6K5UqkEz5tcT/1sBZ8AVBjtUtv7LkLSQkh4Qz8lqeKA92oMWc1CXKQ2WMXrFdV5BjMxFBOh06klSgTqEDHnQqLmGyDe4i1wUQvog5Jrk/75Du8Zk8hgMaDNoai1RU1O8nUK6qDUaZL0YAPiLuxbRjXqUd/fisYb9Jcp3MCPta8NXyGAbuI5lTvdHJHHAaiAOEPA2c8lCeIPEduSorIugDrqq4aFSiamQihCjsSwJknR0jCTsFDZa5o0ebLdkD865oZYtaSoW63KBDa9PHzs37ErwBmElk27eHx8dXr15dHi+Xh8tlv+yXnVvEIRP4CxKXwyXMLCTe+oHlLV0g+oS3X9HdMDu6ZXMYmWPDmKS8PAfu62uCipznSCu7ujbCDcx/XyzSSe0jW+HhZHkgMUEqkh0AsoAUuW1p4QkU+yOhZq6uRmmQBnJnLCD0J3PEq7NqKWCwwHTRpGqtbMfSP8uITFpQD12fzzu5AaXOm/SjmbFg1QbAmCZyTlfybhaebQQKgBN3PLO0mUtNSfNYf8j4hUkZk6ymjBZEJMp7qTC3mZmGmCmts3Jx/eL6NieiZcKNdlm+WW0aDMfUW/UfA17JLifS6l40aY82p647znRtTNJfAoT3FukT/7Pltm2is5ODmJ9aX8o9yepzDceJHpFXvOd/IGGPbdtUFWbXoWOM3ruqttZomUNaazan+zmTFK1cbDW2vHuWgodnqy3LBjOMC7Zw4EbVyAhDNdjJZmMcI5wRad+ddGVN+HLZn949vX3z5ocffjj6zVGZP/75zw/7BUbH0a+3KxNau+z79vrbb47jdtxut9vz9fp8vV5v19v1djtuh9rwZs/VE6o2jjGcqgvgeoRzompBcSJsyQr36RNJSPf0HZj54r2msyyEvPiIbInkizEr0UFQsLE4Um6mxjUt2sSe/YS+zSzhn6faRyfHf4wpDfZQSrWINTv6SXplJmvWUsw5tKZTJcdSbhRDbWhPUeCYjGKVMFVVMGvy0Bka8L8qzPwtJ4czez7BMBrDMEYOGeJ5ZgcmoTByz8AxWETI4G6Xlsifau/dNPqoqY6ZmOCypjZS3EDNjj6WZBpm4db2bdsuF4f6NmmNWRzvu+yXbdsDG7xcXDq0tdZEHDIUESY2mAiJSGtbNFms3a4q4OrYnI3P7PKhKKr3nDhyMGuqf2M1+ySzWUcGAe7m7Mo78dlMM5+j5qisBNKXWWRnOctZznKWs5zlLGc5y29eIj8u8uU/GF+928b78dh5nsq7f7n//vy4P+dPxns/dvyXnufcf+7/7fe3Ckdl4MqW7XP/uf/X2o9f4fx3FLHPOv4j58dH7hMfON5+xv3TjA2iYnx5LDHLEgUmoiaCRDYAkJIzPBwSSFO0iIwnqOQYiQszzvA0ACVTElX1lVZkMNMYQ2yMwZ7Ov8aKmEhEPJ7r2mJpAZjxQkUG61+o6xUICqRFF5byQoAuWW2kZKig4/xMLT8n04mU1ZewhEWTKoeDXCJ/C78o2px49Z1LeNAteqSCefUo6c7k9cgiyQBx3cnl5l1vlJPrR8QFECLt6QykYSIYj+P0kTiHXybsIEuZrd5eJvPPL8fVKWxWEBjCjcrEbuJs9V0sYFiqNVbPZLjE60J0MaobTn3XAmXNQMTOIAzsT4S3dnl4ePXN69/97tuHV48PD5f9su/bTmFhuSJWiVI5LOmGUoCROT3Px7TDwwFm8YrfTYyw4p5GWh6MBeJRVujd/qz4u/4YKnzuTJbmYCSF/q2D0co0L18Dix82r4rlm+nwF43rynBZ28l2zbqsEDoRjJiDy2L5xolQxk3DLWS11hhMDmFB62aurhdfo/TNo6Cd2Ywx382oRuB1h2keSVx9KZouCJbLTBsjBEQcV8OCUrjhmCnUCtguSBwU7CdLwJMMpik1ClIjUqw6w4WYaSF7C6wYIM3sEzE/Jh6Z381sE0u5VgvcsLi3DBgSKM2GTwQZ93PdwpNG8hZfoGj3O1bjP9xNnVrKkbU7n9AKMYxbGeawSPS9Mmczs94HzHy6FKZ935ho9O5sw9vt5lXu+IdPfEimmT9Ocb+ieYnBc+UKNclcOVzbcwKEUIOBjJiksWkdDh2mpkN1DN22TZow2DBGH4AxEzUx25hpa3K57Jd93/eNmZ+vz0TIfBoxtQZheQTUlSy3XYBXCI3Ufrvdrrfj9ny73q5HP3T0ZOdDTXUMLThJrffu0Gmg2qr5Oj3d/Yp/G6hO9A7lJLB7Ckny6wnAMINp70p0IOAjZhECDEMxONNIyMASJqk1o0SGUPYnps7JIOxjEBGrsBiDgqrok0VORWxDMaH+akrLPxiMsVj2OfkwxDZZFeSOxZbEejipT3XoUBIOGBpgMpCZmg4zM9BAoY6qFv2HVM0BzhqMCUjD0nlRzdz4LwnoZKWj7vkEodHKIqTuBckkTE1SxZrSbVaEWbiJtOaWgY7zbfu+75dt21g24sYs27bt277te5OtSRMnwLcmKV4tIXDNyfUEEYlw4c0EmsM+2I75I9eN5cQx01MQppa14miyI0GEAg5pWf8qNyzXw1hYiDPFJGZ3q+Ze16mznOUsZznLWc5ylrOc5asoHjj4ZHz1bnv5kzuPn6I982Qv9lu9g1vZdH9+XPpjx9NHjv/Yec795/7ffn9b/yg8t8/t/7Vt+6XPab/O8Z++z/rtF93zCr+tCqI+NosOGPQsF/Ja2E9iIs3DtaAZT/czF9UxrfXK/GeJRoVDINRgY7CLlA4dLMpjmI5gvTE3aUkvMIrAnAYBIA2TNM2qwngKZASXuatockb7EP5/id1lFDwCo37fagZOZ6+lCoklg2TgJvmuABdVUzXVwSwO8YEyZkYpABoIEBcDT5zYl3cYDkCp2+bEOv99snE85FeajEgII3EnDu2wDJdzAEwsob2W91RQn1MEyqEuXoKmzqPTEUMyjbkqJO4/4MFyKfRwv2wi4q2fToFI4NLxLl6gCDe3QtgHhqCgJRnSg6+YjZY9iYny3sGUGDYzy7Zd9svjq1fffPPqm9eXh4fLQ4ixZe15yFs9jJmeUhmzJHL5R17E05glQGIDCRcbaY6mZAUbDFDnUYZB3wT+FkHZetFMdzqH6XIkKmy4QGLARFTSwMAKbVsmoBG5rGg6aFoNWLxfrHIOvGNzkkfSTGrijYkGLcBRgnoGncTKqIP5U7F7Vc0IpBxYsSKYi1Z+gzE/mPkwR/BRC8CjAHJpya1YNAmTXWcOOlhob95NezabaqVaBiaUeIz3fwJMnYbrLyoar/J5rUWf0+0zTTHpRkH1Mw5DuEW/M1mC2aY0kbyYonIQOva9XilLdKIcmEzln4cEIyP0vvCnF0bq7AFWtRANWnvT9i4bnSZUm53LYeLsG3UqW/+Dhbqoxp3fE/jcAJAyDWVrbYxxHP12vTmV0Mx6706Q8kwUb3ZfcZxlfocRgg1u3DZfNM3U3JPO8kdL/VsyEhCRMZeGK6Ag2MjhlHqm4JB+BJM7EgrTGGPb2uXh8vD4cLvdrtfrcRxjjH4cow8ybFtjbmY6dMBYWgCISTo3VRujH8fRezcbIo0o9hjMAUKo9dH70dUHB3A7jt4PHW69aI5sORev/rGhZrqk78AXaz+6QNYxRraSd1i2sMGzY3Tiaktzicvs5dGMIsJIQBJWbsTeACyDmzDIlzMCKQwJMkXfm51uTqU+yAYFNdl7DBMXExgc+sfOKadgfg8iqI6hQ6RpzDVghPRoyrHWy4OpjoBOmcvPmIm9h1Zd5egkNZez1bZtklrrIq21rbXGvDGRNGlt27YGAwmJtK1t22Xbtq21Jq1t+8XRwMvDRVpr27Zv+75vbdtFGkuqgIINggBtRUIEm7AO1GDep6j4mhwQRPBICZli7Lk4RA5ICq76kEmzz2iCAAgR4tumNaPVG04uyvcbMdhSpZbAZndiEinJLjr5pWc5y1nOcpaznOUsZznL11J+Rqz1E9t3IdlPHv+l1/1l75M++z7P7XP7l90+PQjPz9/mE7/0OfGF5/zM4z99zM94CmfjFX4wgbAl0lqYnzkWl2np6ZpGFQh3bI+SESdNMi5fACHIw3lz/JMpxhiKkVxAEA0WYVWRATXhLr0PHZimUwaYBzM9tu5nCyJFUX0C4KGh4f5DBKGWgX4zHeGUR0Rg1ZFRKiIS4jA2S2ejeJaIdTKXoJaIZFidXOtvDNUxZMFTg8rlDyhx0aIolarYYngnzMyUlAqYsycBUhuqAyHyRpYwJ5KOREvhtGYCUzaz31WgFfV1M0ISJpiQsKuOMUBYCQerrJ+3BjPcU44cLGCLi4Nd2QzBTFuFNEtwM/v/HUfJ6aDBukoQOHTI6tkI5I0uwk6DMCvEjZhERC6XVw+Pr169+ubx8ZvL5bJtzeOyIt574dJ8BOPQ7uRVe7Z0YpeRIliisY4+I5/nBQ4XxLZJstOUBnU9TBBALDWGS041A74KCJELtiX44aHVtAysegv00EHkrFk22OIXOdPYbJpDFWZbzNBky7gXFdd5KYAeG05i6kNtuEpkBtkDSXGrK2lNRFwGb99EBGPgduu9j5HQnceji4pEZFT2VbAIRQNrQLnmHIu21ghkBzqIFzFmXnzXAjDKKqne5l6DqNj6IFUd3Ubv6V+JpRu4/GM0m0j1GV3mY0qS5tLJPZoeTTWD4+6HVoDlev9O48Q8OHsVUN6F6lqIUT8MRnWBBFF0HWVrL50QKWEFaEoF0u7zSDCR3ES2bd5w4i4T/HOO5dBI0GDmMVS1j6HITthaC5BsjKEKVYe4WeRyuWzbdhyHw2bHcbjoqCSX3bGi1pqqDhdxRDILCWz8wmyyIMn72cYIrpF4t/aJND9gqI2hDlQipjNPBNFYNcQpya72KQBut5tzH5+ent69fff07unHH398eHh4/fqbx8dHZnLHRHde7H2ItFePD65ZqjqMdGsbYLfj9vz09PT0dBw3IjivLFSliQjo/ehj6NDCuoYq1IaOMcboQ13LO8mFzj70dA0HBZnJhlZ/MG8LU2cr3o7rcdw2PAA6Rh/dbeqgw8wUY6g6LZh6Vx16HMftdh1jNOYmTVoj57aJSGMYm40cIHdWkTOBJyc0I0iOU4vUIMsZhgGH6IZlQpKqRmZJmBO7hu2g1gwUwKciYbF09U2esgt+MpG0NhdVI1Nllm2/2NAk4XNQ+JmY+fLwsO+7iIBo21z087Jtm0gLi8DLxaVbW3P+39ZaYxEWdrqgtMYt8NR447BEnpQAACAASURBVFqIz/5KRdSmMqfb/3maS2pzz8UjSPxMEpxOZ8quY980X8YSAzRkahSWju1XBlRh3tQcOGJY5IZwKFZOcGZP3U0FiVxysrfn5KyZlaCB+r+In5zlLGc5y1nOcpaznOUsv2X5ZWPCP++c5+f5+c/zuXgQnp/n5//ip/3S58Svc/yn7/NnPIVDZUBSp1IMcd6SC1BmAIhQMckIM7GUP1tQtngKXBZ77s69p7QlLcNCG2yojtH7GCzNMlA8xoARy5A2dAxbCjK738+fux3PoFSgDPpb8BlgAIQnQKhjpIuSFb8rrfsyib4gNo+HIXYzERy0Umubi6yypiKAB6klqw6FryTpa+H4UVaWM1PqQOGk8RGQipTIWiyzpXtWWIjLIa/pp5cU/WROfdGUHiyrMwIxBT4x+WcZ359BSRTZDeV+x0wWVeI1lg9VV12MG+9ubmVEvYzgJ2EtAJJC27L+ENUTPlIczDKq8zsyKo23JnuTTbgxNebGLP5/KdaHn12dkEQgY0pxyGy4ZNERp42igRuZUiitgSZ9LgEcP3NWLMhdLa2GXwBItj53jMm7Jl9kKHHH1lrc41Ah5bg6xbXNUhvQsZN0g8pDV4zZ1RSTOMLuH9bHOI7eez/67TiO59txuz5fr9fr9Xa7Xa+3a1/AG48yt9YeHh4fHx5fPT5+8+rV5bJfLvvDw+Pj4+O+7c0985yjaKAgLcZdM6NAHeaAuph5OIQPFhY1tZi5WKt7mKna7XZcr9fjdqRAMrjF8GoiDhD7MDcL5zMnkqkpmFzwD+xwg1LCp5wsxrJP9H4mJAlycEKpcLZ09gjvSwRMOm7NhygB1OwFy3COoLmPLLPhTUb1S6t7t6mF7DDXPXhcUGhdNrtagMYzfyHgZNi9vrUvMrb0GacTTSiT6gko9SzjOgFZ+dxoRqZktiqADh0OYdZd1auhax42NGbatpbC0tpvfaa2MAtF3oPBhioMqWrMSSHPOcy9XMNiEKYuaRtqvmSeHbLQKEEgakJMqsy+NpVaqkPKVlVjBrPWSE33y6VtG4CHh4fXr1/34+jH8fbtu7dP7/7+ww9t216//mbfN5aNZQiYiLqqHTd/KGHxuXTfpfF+2V85r5qpMhGYiKDWx6GqBGbhxFg15G9VPY3GeYReo8nCR2VCmFnXkW2MocNbxNFEZyiS/yZW5gBiY+BEag5sqB9/u16P47DFBnIM7WNQVwbX2CgKqlP+EXkKQfk1ZxXqyznNO2hk0EzMO0dVbLCnD7nHaegFk2dMINRTWaRJmYy2bYu+JOIIdPMijYVba5dt8zSd5pTAtsXvRbhJEyFiA4i5SWtt85Oz+CmZSHyhF/ZrsudepP52vDjlgnQv7kCZwXXHkU0PwXyBm8MbxVmv3cTUgl3tO8TJ7XMVXtBZChpm0cfj+kxTAqKynOJdwndm6gmtM1ota5Y068oVsnC9jXMKMxaa9VnOcpaznOUsZznLWc7yNZRfNib88855fp6f/zyfbZUexLl9bv9K23i5336Fa33pOT/z+E+PkZeyXJ/+rlPfIhDFJTJ1F5cSXlPavSwiosRFGawg19x2gJCXqNNEdzx4XeZJY4zeRcZwDTWPcvbeAQ4DqKGVnO4AYTzStPU1Tb7T9MJBBLk068IxIQ+S6hjhs+OkwKTchfvaAhAmkJd1FwZ7jjLqtm8e8Asl0IyXlwhnZNln3FNhLyoqYdVsBap/Q0yxVEqXkDVVK1SbhgBYTaxEIJ4aqQvpc9X1ypNMCdAFifWYvr6EE7I/FS+tCFET8Uysk2sPMGORAC2dCmuEff0MWdM73bl8aD+VRxsp0Uoq/lBVsqubjdF1CFrLyHrENCWxIkuXxbhvq96Rg8ObnmniK47UcgVhrRooYXM3O8um9PpMd7B8iMBOVvR0jsH6dyIWs4owWxBIQKioiXOoJzajATIFC9PP5zDYMGdKaT+6N/4Y43q73Y5+vR3P12cvT9end++enp7e+efT09Pz8/PT89Pz0/Pz9dl08oH2y8M3j6++ff3td99++7vfffvdd9/9/vffffvtt9/97rtvX79+fHx0oVcH2wKSN4Ua+bwEZ7UiGDCqQuwMItf8dNZia5sQ+a0+vXv3/OzY5a3fbizN8QWHWliktbZvm1vFbVtrbUvEnJuQeuLBcJctN1izBOQcyZvYtKXgqpOqkyc9J9iCAheq2os2rSnRO/eyO3ubT2xERYvKdk2HsNBlDLjGO49WF17P5gLH3kOGFp2sxhVFZ1YUCdfuO/X8TItB1Tv6YHZLCry1OIUrvzAJfHPMrJkfa61QDD7AOVtB5qvVwQU8HQxzNEeKsU2pVpynrSQDEGcChJOhXXBylOhxLglFyaLMnpnTitKg4fTlQt0S4Azy2sJZ3LaHhwdPSbk8PLx9e3l6enLo7no7mJjbtl8kCPZa2pfOBmdhbrJtbY+EhsRTMylmeLZDk61tzXn2akrEIYs5jGVh0NYCMjsPDNZVYw5R66NrsvWHau9dR3erT02ap+UN2NChWjOJZ/q4TOroPaBGM9WhMIVCydLmcS5nsampebn0tdl7cgYlABAH/aun+2oX6yxTDexMiOHV849JRJo0bty4RfZA25y6X4hgk9a2tm1bE2lNPLHAjQLFf+sqsSLgOL+P0RQFKBGFStaJVJ2VEPxyKadlgY8dc+Lh/E5kKc1Hr/WmZpnEBpPqyyyGdZhlz07N9ZozCDCWupe54FqKxM+hke1XrxF3V4AFSJunX+6u3nPyVa0ejU6M8CxnOctZznKWs5zlLF9V+XSs9f3tfBX/8DFkywvvx89DPxXjfXGLP338uX1u/1+y3e6oMOf2uf0rbdsXHv/l29Grf+njVwjh/WPmUPrsenBhtwxd8T1AGJGnlBJdnQUnQOgGhAsX7o4aBzBZ2eEgZNwICwoV96KiItL78LCyB0+bDIA0HMHKBCrJUh76UuMJ96TqYgTUg2aAjKSnpqdLcqmGhqWt+oqREw9Kg7GJ5WGJxBGzGzKNodu2xVU0bMPMQjrLCVwguEkfChFz38F0CQzprbQuq//wIoQKIAHAyQuIAJ9XjhXhMHhO4IBME8Fd8d11Y/2MQHwGFpMlNLtYivLRepI6QxkgEZEsAOHS/2Z88D3i4P129pgXrkSTkGe6EuAKmqGl6NDr9eosmiRdQJ1cpETbHjaIltQoijB0YkErtmMZhfXgeAinGhRgx2mCKLj0Q4vv2X18NiLkNuFVpiD1ZmDXgkNloYxpE0d6uYiuU1tOLAswkxUL1w6s74blnqPwQ8cYx3Ect9vz9fru7bu3T0/Pz9en680xwaend0/P756ent49PztO+PT8dL3enp+e3j09XZ+f/V7McPROoH3fXz2+ev3q1Z//9Mc//elPf/zjH7777vd/+Zd/+cu//OXPf/7zd9999/r1q21rAanAXLSQXS2U3KrKSYTWj77tGxMrTMcAR9OP0cfQ56fn73/48b//+3+e3r3rx9BhOgZzmIf50CNy+Ufet/3hcnl8fHj16vXlsocA6ibMNFR7HwOBIzNDdfgUEZTlivMnFWaBq21tgTsK2r2a7mylpVev/uTZyee/yyKQEwBVfwQHNSdQm+hLy5CcbKCQ/jNVhIikGeYUqrgvARy8GIA5AaeTGQotsmKGv9DwfG+MvxjOfgOLFijl8+WsnhUtWYjIpUdVlVR775amdy9wR9eBzOQSfyAGjDghUBT3OuDQF9OjqhIxkRExs5qIqtpQ1REz5TqbmdkCEKpaZnfYfrl89/vfH0d/fnr68c2Pt9vNDJfL5XK5EJGOcfRj9AFYpeY4p5m5xVMDw8Y4eh996PB12IHE1prPOMPUrf78ib2ufAlE0p1z/gWSZ0zp9NpDqRXgstkbpsPXuDI3dIDSTfgmOVWjH2oJnLoEMXmvG2NoH13HcAc7XiZq/94YZhgx3a0kaitHVQOMXec7JKDrxSMkXrk15ibiZr5B3XNccGs7t1A8JYZwrFFCAkawUQUu4MnCW9ulJMBz9NHM7WEiARl7kpCFhLSLgno6UHajxAczGeeFUR/TkkzAXIA/rSP/5bCZ72zrCpizQ/7sU1hqxb9YTykYnWZrt186f7YOzDAzI2bbFPqXQ6BojjUnVg5WvsIlOOiZM7lcxQHvm62e5SxnOctZznKWs5zlLL9leT/W+pP4xadjvPSR/S+2fyLG+94tfllM+DO2P/M+z+1z+5fdbitwc26f2/9r2/gKzvk5x//kMfaF9yltAypqNdEjLiyrIDWZyJuvc5amg7zk6S8lTwwPrBU4NNG4ScMCmI1ImFVNnQsYSm5GbvOEjFOnul0AhKrphlg8qmR/mTl4E1BDRdsyuA9VrShY8UsKJvQ6URgldQTk4FxeIyVGHSUNA7wK0mnojXn8zQHCVE6zivymcieR+wQueq1RXap2By7o2h+whPoo+kfpDBIIRhLh4+mGeP/I96HwCbWGPZRFTHheJMLlEbwtIPMeI6ztxjJJiy/xj7vLrRyjejJLzcP3Y5q5JVgFPJdT1fn7OPrT8fT8bn/an54eXz0+XB72LdwI+RjHRE8BNuascSapczoEAngguAajFTIOZyQmTDOGJq5Tg2ZBSiiyxiwJfAkmupxkqeYaXDKxmrjqPCvA5f4y9JqDLFBwK2tPdvKLiBrUencO1u123A63E7xeb09Pbnb29Pbt2zdv3vz444/Pz88//vj2xzdvn56fnt493a7Xox999PLK6zoAam3/0x+/IUIfgxRMpKB+u12v1+v1+f978+a//uu/mOlyefjXf/3X//iP//j3/+ff/uUvf/nXf/3Lv//7v/35z3/65ptXfQxi4iYwPsZgI2aRjftxc5qxgd69e748XFrb+jjG0S+XjUB/+/7H//mfv/79799///0Pf/vb98L8sF/2bR+qz9frGMMt7trWpBFBxxhP755/AETk4eHxcrm8evXq9evXj48Pl8tD21prm7OJfYpQNWHmNJwDTNV1KxP5nVH9nHYmBJzMqI+8xAciaC/5MsUuir69MBPfH0SejJDQmqnqatVGRE5L0wW29u8xE4yTl4i64vu48mRP30P4pneQtzMZi9w2H/N+8K59+0XVLBOC3S0QRFhMLn1Cc3tCJxGOHrTCdezXouajJXIUJE6toYI6zExA6/wzpYqLa1gfBIIAymYmOgb7XYnZIHUUDIYx1qwCdTNTwEYfRNgvl8fHx+/+8AcH4/sYx+2mqu5g11qlF0zrU1crdQM9Yt72bacdk+6tZipbg7vuDbceDSVqaW1OPmxlLRw1k0uN90JVJR2R6ZDJNJ61MwEhq/nPV+uoc0cK30/1cGqy2jBTU38Kg62JFGSqCkcbbdiwO559rIxW6UEAwYG/kJd252Cf5fKUglxoQdTCD7Ht2x7ZUAbFiK+ya7pGXgLYGK5RTUKuHkoLijx7GBMDDDYiRnriZqoRB4C/IH31mjLHc74ECLPlb215Y7tj6L9X7hbW0P+8W9kjY2B5dcm1tRjCefj9MFxvcl4rLX7vR+vkWb83lXFdRJhK5xee4ezivqFrXNPQ+095ll+r/Od//udvfQtnOctZznKWs5zlqyj/9m//9lvfwlddvjTWmn9jffgYLId94jz0hdf90uPP7XP7q91uXwFIeW7/M27bL31O+3WO//R91m8//7rOIHS/mYnzBY+tYkrELCScsekQovS7Zm7MCSJmXj2S7+HXmoHIhZlBNkOHHiIjIg7cCUlBUE1CCoqn7wpsiuTbJDWACLBM7IdV2I35LoJWlZl0l3uztxCU9GcipoSnMjWeKrw14TBmtohdhpQnQKrmnI0AEVgCrAwOmkc2YTNASmnmk0p3zlyx4QJjk3GWhKbpKDXxhOlPFTKZYIBWDPVFAH2tkxeI3TAzd+jSjDOGhBgc2nxBXCiYeT2VLADh3cHvERbXdqkI9CQjfBQgvENNqi8VrTBNuYYZbrfr8/O7N2/atsm27/u+Xy775XJJJykRFnELOvKuO7JRJnJZ5EhvMiexVSfyqHlSEZESuKEOZzTXPKtorsOLVHDSAs+QlYio91dafPDucNDAEv5/9t60W3IkuRIzMwcQy8taupvVbI64aIZzJJJDDnmO/sXov0ucjxJJacju6i7WkplviwWAu+mDLW6OiHgvs9eqI1h1R+IhHA6Hrwi7fq8Zyy0UFACmaZrGKecyzeM4TuM4TtM4jtPpeDqdTtM4TtN8Op2Px+P5fBrH+Xw+nc+n83kqpUzjnAB3/WbzSV/eaBukPkkALkAchkGgGkIsXACEekOlcM7zPM/jeJ6m6XA4PD09j+P522++PTwfv/n227dv397f3//sZz/76U+/+NGPPtvv94gk6ogi3ltyQSSBmzDRkDYAOM0zAPT9cD6P9w8Pv/rVV99++13OBQC32+3pdHr7/v3pdDoej+PpLIgREfV9Lzyt7Xaz2Ww3wzAMfSl8Op0eHx/fvv1ut9vt797s7/a73a7fDAZLoNIQQQiIPiWKGmQxUM1naLjooriM5fcBtoDTMGBsPu4Ww1bKichEFIeN4UelFglRos2C7UdoNJuvovUShvYCwn/hwZqhfYEYhZHeDPmLidpgQsRFsmilMELuuk6xKDNp+lZZWZEIo/whM5VSMOkD1kr28SkDDlNhLw2IUCmbRrfKzLriKhTROLWNLEYqTx1iJ/AYERFwSmnYbKSBXDp1niYNt6lcdgDgWXcJMDAopU/3K5CFyusRMee56NpcWaSUUm1dnRhJN/eATjqiCM7MxAyZDEBCAEamUhiwNBsTwjLvbHMPvqpVrcGCSy7Zd5igsaR9244y3NAeT2mjCr95TNv6awHtpUWW97D1hYiIurDoh8i7DJgopdSnDkjfKwpITES0mH2ygmpAYnsLqJThGhsWa6BYB+X03cG6hG+eMZJfZNPZBI/gqgpsstYBzgO2N79l5ccmsPi48toTE7GtiZLg1rJ7bejVHMDelDw64uXuIotuuJwRfM7xN5uaCH232OLWl2dWW2211VZbbbXVVlvtD2kf62t9+Tj++XL6j73vb7ec+MHlXI/X49/ucac/l9fP9fPjPuHj0sPyDH9QDi+kgctv+codL3PwmCvMF6W6+snX7uVnXN/sMn9FlOK1ChCqK8sxJMSkfrJKbTOxLHd8WVwwwEQa+Ufl19CdSAEgjPqSaA8s/D93QBkFRlxHAhAGggprjkrQUsoCKGnA8ReNOwTs8Ik+l97fKgE04JkrclreUABQlMaIiHRNRPSWFFeexJ3TuF6IFioJkBIhCe1ObwjAUCJAKFmQMHjA0CYL2mc+M42p10bDqrHvnGXDzBE5Nr6jMiGknhKR+ojDzIstp1DPG6VJiFAMBEpAqu776PBvfIXVd4ruGyVUN7SfbFygRpR0PzE4YGCuUQ5fmgc5QLoXpAWDctU1y8CF8zRP85xLkdhaBYD7vh+Gfrvd7vf7zTD0fT8MQ9d1fd914jpX/brkUSgl/8LFn9q8n+ajFfyvKI4npyWslvBPF0wxBgBG0ksNbuEcnKzs8pQWMY4JkJAqkuEBDwEtjFkphUsu85zneZ7nfDwcDsfT+XQ+j6fT6Tyex2ke5zGfTqfz+TyO4zzP43kcxzGXGYC4lDnPORci2gybbT8AKHaKCQEgaUV1SNj3fdd1lJJNIymRdjZxredScp7P5/F4ODwfno6Hk0SPe/fuvhR+PhwfHh7/7M/+py+++OLNmz0RARKoWCZoxEcAQqTU5TnnklNK0zR/++3br/7939+/f386jfM8T9N8PJ4fHx/u7x8eHh6fnp7mcSolC1YiKOZut7u729/dvbm7u9vv99vNRmASIno+HPuHR0mzvdtvt1tBPbuu64hEsxCRTIQTjdJUllsBweLmgfdwn9Zquy+6LFxD2tyR7v/6+RtcIrsj+yBtsi1FZyWdwUw2mWu2YFqnFX7mhQVc0AthupIBCAyExOZ8CxBKiW4BFcLdNZgDVbi5fSjlcnfJdZ4FZnNNUWYumfmCgGUIku/MCIuWzn7sXEYCROBSXOyaQAOkIlHBwixh/3SSKoWSL8dFjVllqwkJkDrkzLrGICKIduec51ljK7JufZDgoCLUKdMXokhQsuCEOReADjpBwZBkk0OK4I3Q6GRelQkt6QJnHQy1PRE4kQKEDmhV5czQISvkahCZEEilf5OBm7XfOObnAJsuY4VNUjViv/GYvX/bpRSys2+AkOTBXWRTUgAiFFYFUUq1VBawFghFfDW8DoDm7+8sVcsa/b1BliiQlx/rsh5u0Kbvi2lA8rc8FBOFuDRCnUOsYZD9uQxHlRr2ZwWlNLPuOfEHcezV3w1MiSHMHqGFwYelvTh696g7TxaSpAzI6Jh/mI78ScC1ia2isea8mAdW+/3YyhVYbbXVVltttdVW+xBTysJtD/DiUwOI3EiJC4/xjc/q2rr12ZTqA9Kvn+vnD+Szc1IJBM249Xg9fu2YPy49X57nD7j2hTSwOB8/ASX2z9Vyap46tb9WBgNGrpdNHUTMV8oM1+qKueuUKJOMKyMAYYN/CHYFpLGbkBJJGvH3ICIY20bc+FLFNeCcMwgRoAWFeOEsdhaC+44LQ9G4a+ZoYiilCOFFVLzIHITiH1R/r1OtBJ1EMp+X+9W4cMEq4EdKhCgM4kJFkwBVkVKrEHOvm6NOvxIQDRMJPum4HQMUKMqFMLVMiQek/lyFXSnUTWhnNAy1EurEbc4VJHQ/LopAZeXnIVc9ufh+E/k311+AVCmRGcqlU96BhujQj93Gj1WmrTVPH28XPyO2USwu2gWDKkIVjYk2rFYcQQHOPI+zKl6ez+dpmoio77vNZnizv9tsNsImtHB0fUopddR1KVFHlAQocogiPoLQDhkBCwtBEAuzPjaJdF7Fd7x5bXAJxO1o6yWoI8C7IeOFmQmRRDCSuQRmGDPPOc9znqbpNI2n0+l8HsfzeDyeJYDg+Xwex/PpdB7HqZQZMszzPE3TPM8a6ZOLVEvqu9T1PBSi1GFKSISp6zpKiooxYaJEiAUBEbOy/bDve8IEBaRgqetS3/c9MfInn6ShHyjB8XB6fHx8eHw4n86n0/mbr795fn6e8zzn8tOf/vSTN3cOFQDAnLMI5jJDzkWiowHwu/f3X/7yV9988w0idl3//Hz8+uuvv/vu7dPT0/PzQR5WCGSJqCN0Vtk4jqfTWZDR/X7v9Mdpnp+enmTbxPZu/+bNm7u7u91uNwzDdjNshgFgYwOBJWfbUSezaUMgXIDYV8aX9wP5sx2GcThAk3GTQZw/Q99H1fxzkA8AiZaDC7NHR/NgiA7KLABBD0Ra9wq0Q1j53l6e8AghrGDzgI4aXX7r/dlWsjqtxCKFZwElkxnbmizcmsTULDVGYo0OmFKy+LXIYc6UAHBYs2fTOC3sWyhtnwaiIG7MhYGKtSKnsG+DS5klGp/uTgAkotQBkFF+AZgxYZeg6wfeSHRIneUNFizTPOd5LqXIisRcSs7TPJeS55wLs+D0qe+UM4fArArRKSVVsBSsXVZNQRmlEMx1g0fFprWrydIO+o2FWnWc3NaYUkqes6C+9S7Kb9YFinylkM7DinAlBwjJuK26rKOx7NBuCn53X1H0kTX2r7Ow7XpC10El1E6CMVgfAhT28yLR7NQ/dARMnqVdNWVV1octvoGgCi3oS5dA3X5tVROvg8hHQN1JVBFBXE4EYX7RBpLpiA2VDGl8SNZl2pSs2xGHcaWS/o8GWMpWghp7uAXdCQ0e9Dc2WdRqEiW4X3IZm0ns5qy52mqrrbbaaqutttpqfxjD6lNtfwzf9t/iNV9x/I3zqu+6vqjfSgMfmX49Xo9/IMcdtBj7erwef9gxfFx6WJ7n37QMcFmGJk94rZzu7v217uV7Uirf5CL/K2UAGIaNOFXJAEJD+HybfJXqYhYGIaUERJ04rsxjpgGWTF9LnUVg66Z6/I1TpbvbNaCS4oLFeCYSFKoUpoSgop5AQEjKWywlI6s3DCHSEYoQCs3n66QFjAJlYM4+4Xy4mw6Ut8is+E71DS4AQvMXam8iItusw6i8DWSpL1JvK2ADLEktEWGxZ0jYAIQWlYcRQQRVSW9XFEKl+jrQoGTxvQAAAz4XnYPeLgsnXc3GAVvACwZhDR52CTEusEBhWLrLvrqMQ27VLxn8lcE1T+67XHCnYrKLp/BKISIUIdBpGlV8chwBgQi7lB7vH4ZhEKqY8AgFIOy6ruuViyMYkrDNJFkSRVIiELaKtkRbL4gImIjEO1uqniyR4MOIiDi3uOkCmJHAhg54mCguV0HCeZaDcRzP43g6nQ6H49Ph8Hx4Ph1P5/MoCGDO6n2WC4GZUOEBopRSNwyoT911ji0lSgREjCLYKNqGhbM5eiGXMvR9SgmJACBPc0pT3w+iOAqF8zxNM2RmIpzGSfh4n3/+o08//ex0Oj09PY3TyMw///kvxnGapulP//RPt5utVTZO05Q6QsSc8+l87PuekJ6enn7+85+/f/9egLq3b99+882333333cPD4zzPXdd98cUXd3d32+3WmlKilalJ20mej4+Px+Nxu90Kf1TOHw+Hw+HQdd1ut7u7u7vbi/LobhiGlBIRdl2IcwYqgenNpwfF0Y+Pc3kvwPIX0iwGQh1BIVCa/2NfsQoHc40WqLFaocE+qn9fOwlJPMtF/7wC10Fd9F4ofygOe/9fXFLnCq4DOqbxSK5SNiHO5pyJSFq5lJJSmueZVQ9WlTw1KzB6o5VBJijWXSa+PcNwHiLlBNsEg0XWMAnoaGucgk2ycmHG0qdu2CqEJgMWwXokALPA84xKACumuoleQDT+n/yXc57naZ7GlLO8SKeUJPoeGzHTuIQdGRDYzM8ALvWNInkqu168LUI7anUZYS5zQVawDX3rCXMHgBupJ4oNyoWh3SlCxs0D/bXNEDoeG76lU6s2Tecwm8+EdX1XqNgvsC4EqNhZpwCX8PB87+SwjQAAIABJREFUuvaBQV2Cy6XQAgkKpXwB0oWK1GqnlLyaofLdAYkgWwHaJaweE/nPIXvLCN+KLm79c1FMQzrtmcGWf0/g7XirAC4LcBlzVPoK2gF7jhd5LjLHQMu1fUUNGO/9JFy4Soyuttpqq6222mqrrfb9svpb1Hyt+KL/1lgJ1/23L1+79PG+kAYa//br6dfj9fgHctwF57vj6uvxevzqMX9cev6tlwEW5+M+EdD14KVyOqjw8r3Y/UXX0vhNrlwL1+qKue835qO0aD8G54ChchbhBwEKK9cNyfAsoamghDKKEpMuiwjmK/SbCyIGyCxsNwuMpHH8ABi4FCQA5kquAiLT50QiAQgFeMJ6R0ZXg+QaxwhD0ET3Srm7SoskHnZSxmJwS1reteqxuu9BikO2F58JNbhXYSVRGkDINTc7r2poypqwenaOgcGaBYphclCFRYv5SRU3wtrM9oRaYHMFG3IaE7F6aZ1AZNdFsbBLBiGRuq+9Qt3YKCBCIqBAZFDZNTmzAEtNzg7EK1zLU8P5CfjZUFukOlDRZ88xOlLFy99RN3RDGQTeyubZVFdxKWUap3max/N4pCNZ4CmR4UvUDf1g/Q+pS12XUtKghWQalZgqZyZ0MwjKi2yhs0TwT8vLtTmMttR4ZhkYyMinhnMoNUrUQadpPI/j+XweJ4ED52meZ9EklK4H1KeETooFUPDP2b2oxULDDKRCk6gvFiilMBdQBmvR1kEuuchDOyRLRMBlnkaQfp2oAFNKiImZ53kWGKbruv1+v9lspmma5+lwPDzcP3z5i18i4B//8R/f3e27LkmItZx5zjMS9sOGCz8+Pf/7V18/PDzNU56nfP/+4Zuvv316eoLCn3/++W632+/vttvdZrOhlLpO9E65TyS6rBHt5mA557nklFLf95QSMM/zfDgcSimH5+f7od/tdvv9frfbbbfb7WbTdeyyzJHA14wF7YwCS8Cl8eU1YRgH4NyTLm7UoBV1n4kliKizjUOoOxhKceCQlZNaroxoxV0AQbEgvaAUv1j5rBeIoAXdbHEVgKrGCYudB9fN18cGDQLwBi2ldF3XdcQp0Yw5Gw6HKBEohXrLAOx6nwYY5pxtVdS5WLE7EsqTE8JBtCnJtTeZqVThSA2hKzmX4jxSRNObBmQk6nrqetTNQ4wMSEzZNncwggbdtYZgYOBEyWmahmyWUoQ6WGTc2ZYFsEfkunQ5gy9UKHjupgYMBlNVEl7sZna1cO0M4wzC2ZGj5gstGMkO0OL8qRa5/mYGU1+2pSL2YAiLMQACkFZ48eqtXF0XKmD/IioHeJjYuq7LK0eR6a6OR1wOSgZkIJ8blXyIbLIU8iaE9e0hVLFvlfFeFmo2LA2B5X91187Vk0urbRVfNsI8YJ8VlQ+n4r1sXPsp6wLss4yrnMqKz7YxDnwlj/hy+yxUO7gD7vaW9QHPudpqq6222mqrrbbaar8/q168+mL8iv82/B64kgZfvNaP8eU08JHpP/74A8u5Hq/Hv93jNQbh+vnrfcLHpV9jEJqDahgGbIzQwBbZhyJgoAXwY3Ygoe7RbxBB84w1HrtIJkDn9Fk8GmCW6IYAjOhhcQzGQDKkyDJVyMzDHQokJwglkzAICbnoxh2s4qaSUfWaFcNafOEDZtdGlb81YyeyADlAaC5UpJSAMTrd2DAqc8AVhbE8nya+UjADIGvtIted+sGd7xJ4ASCsF8Zd+dFLGApgJx3GBHdr2rWAzIW5hvJqSCH6vLVCrKEWj0dBSg1jGcQMssLKktHnc/0zMUtz6Tz0E/VJvfsr0YQAO0odSay81Hed43JJ4G1ALpBLLlist8tgIEJMXQdaG4xEqUsODglIKGE8kdRnHrXXlqqMECOdsZOfApWFHcr2ykIi6wg1cZ7zOI3CSZqmaZombxVmJqCUOvKSocGeiGDAgSIKHJy4zAKraLevWKX1JYRisr8AiITMpQCKs1wUgBkKIlqYM/S2cMAGAITqJ9qtOfcp0el0eni4/+Uvses6ANjvd0QgJLBcCnWp67rT8fD+/f233353Po/jOB0Px/v39+fTqUvdm7s3d59+st1uN5tt3w8ppblkYXAisqguxp4sJviQBHgT9dI5585QqJzz6XQC4OOJDsfj0/OzwIR3u13kmxpCajrQV/zbN6GvukEkzFERwrzSzy9z4Mb17xlGfk8cOwRYZOiVQkQa79FmtSs3IBO4RkwpubYtM0OpCsCBkqjV4REaL9VWURem5WMuwMLwRM081jAmAZLFWFVGvM1acc6XNF5MJ9tJ63uRZFwrWkMazzGiuQYuLjBNLrk4esQWXhcBk9xQMCiFJrkChABEVJIBNAUYCriuqa9LSAV0X0il9kFhUyNVYjLVQKR1cWAH6BSp5douul7b2uxrlkGH3pmZI3YIBjaLTmmY1usWHFtXQGZX0GeycwoEGqpdeYO20tUWtb5BqqEtTRMeIXTb8Mag3V527kb+n4X6tU5IYG9q9a2mHrYZWzDkWlFeFwaYBRwWa2lkJoy/2xUbW0wAN4HAVwHCOMYXLL341RUkHhF48YrirxDAvv0IwZpMN3zZXjg0meWWCehdQdUcIgJKUYOZubgHJTghVltttdVWW2211VZb7XthawzC9XP9/H1+agxCXj/Xz4/75I9Lz79eDi+kgQ+742UOdgY+qORgDqer+UDrB7qRf/iWues6NP6QqZ2R+e3MD7RgyVwAPJcQVD1AgOqnE8hRARJEDfsn/CiXtgt0FGYQ+TIMnjnZck9GR9NgRfZ/IKVBofqHAzhogKMpm1WpVXHBBoxQ6is4haOjraE9ApZiXlVGdt6CetTRXLKoUqgq6QleTya7CuQuxlqVAKHGQN10qHAAcFGqHaPHBmrKKaWhRevEtnPlz/CMkSLJzOQygO6GjQCheP04vItYCxg8iEswdOHojJy2yOhqiEqvv6u94Dy1epSwk0VGIyUSBh1yYapea/PVMjMX4aHOWd37wsshShKm0x3o7mY25gQBMXpMKCsEWU8Tv76yfCqZScK8aXxNIExoHD8dQbJSchLgDwkYcsm+M6Dvhy51Al4WR8GqMpzj9+TxtgQyLIXzLE9ZDCtSls+UM5cKkbAplLKW0uuERJxTuIVE2KWuH/rUJQlZylxEpLTrukSEAKXkcSxdSkSUKL158yaldDod3797t9tu+77ru7TZDs6FyrkwT49Pj+/evXt+fs45n46n56fncRyFNfjJJ5/s39xlo1iVUvI0ayjEhJPJJQsn1COMKrzUpYGGzCUbXuiTXs6z4IjTNB0Oh6enp82w2W03/TDstlvBC7fbrSnO2lyHwBFPwCvYW9ya4Aw/H4nLbw21WGDmBq+0Hn+n3C6oQhXV0Jt55y2F28G9gBDIsG2QWTRhEsFMRtQ2CtibT0NOL2oGZFuYiPPFUdxihLKKeq1CnNZkGhHKoGTbdSnOYw7PScMoWVuenZ1SqHXmi6GuQzbDOEDo01PdDyMnc/GKY49Fp+EbCzMDIecyl1xy0TZAWRaIIs4q5GZQyqMyxhkBZZSFQL1QkIP4Y+0XKRULnVt1VAGdMmfAq8/TAmnqjIFKt2OoWx0KV9o+hB7iHd4nfV31nGTPEFmGi1UV7cVG32JcfMC2S3h6dkAy9OfaQ2I43vZVRLoEJYJFDEtfNvUljSMs2HYw9peQ5vXGxTbbHmurSUsED5hd2/Pjt5fW9PN66lpqXHCKbfapZQpgvE0F2qXrAt0WxEeztWZBXen0l5u/h0GxnV7Q9BwDXrl5FrwSChKAAIq/iK622mqrrbbaaqutttr3xpYe4JfxCwgpb3/7IR7gF9PAR6ZfP9fPH8inxyBcP9fPj/qEj0sPv14OL6SBV3KAWznYGbhaquUn3LxX3ZPiu/Fv5B++BUASqgymGhxIHcGuxymhnJR4ceHGjfDSwn2GlQ6nXyGRBgZ05AsYkJMSB7kqaSJi9ceiq5/JcwghjDBEDzTXP/omdxQmSeN1N7EyEEcieVCfRpGywfnQfWsKK6LxQqT8mBIKs1O8r049SKA6foL1VG8dqhSZO4/lVqkyDQwoRHsJAZHycx4nMCKw+HQLF4FeG8eoaJUyis4qB28pqwOQMXrrIoQgTkt0t63hAuLeKwGvY645e3xBJownPX+Pd4gKd1UIcAEQ+vGN97KlY5TMBaw6h1ZABCSAAghMUKBkzpmRqU+q74dAiUikLM0N7U7Mgka14aK+fEj6h0YIYwQUlFYiaDqvTipZ/KKFi+FtThwEJaB0lIBSgGYF+JUAf5AoGeFPWkKFPC2CFyJR13VKPgahyJgKr5ySaGYysKxySbF0IoCChWfOOc85uxSqDnShdcy5lGJqhvOcc2FhByIA51KmedKofpQYeJ6KKE8iohDsttvdfrfvJMojdYyIwARAKSEAcylzBoCONp/s7zZ9//z8dP/+/W633fQd4adCykRKgHh8Pt6/e3h4eCyFp2k+HI6n03m72X322WebzSalVOY8F2WDESWFCfM8nrL4nVNKfT9QSgZhEyWijqRxEiRi6rrEjfnsRYg4z3manp+en7uu2222u+12u93u73b7/V4UU1NCo6mxYKWi7Wogmg6BUjTsXNd1kUUKjoOg51NUWrTCHwEYvMo1tAQ2/RmiBJ5I8xc6oP2aYOYqu2psQClAQzijFswkIiSCnOWu0gMKALJGpeWm5EuTwdviK1pF9QcOs8dFK4pD+NYT9gqMk0y4L4meaQEfm3XdQqIkkXXb+UqnS7MMpfLujFFVpz7ZFtEycQ3hMsRPyYElCefPwUR5/JSszEUVLBkAkUvJpXApZCH8yMi6wEUUsXXm8AhvUrak6xYEtNcBOEdz5c2BEHMpNuejHxhJEJiBuPh+HHtE8ECA9UQgl2ncYvINPD4B2gZcw78wiOcG/Kp2s5oSkSV8Mfh6ruoIGsMvcPcbNDohQ9MP7R3FFWMDVREc/6t915SVDWUkbksc/8DAjAQTAEeP8RzKsLy+/Sok54VQ7/IqRXzrOEJ9L0CDK4kc0Wu3AMgrVd1ow/6MOhsRoq0jlLw+wJ8MJCRlqgLV8eUCKsotdyscMH5RqrB9U6AiDdfB0tVWW2211VZbbbXVVvsDWfTZAtc4gtc/MaS8/e2HeIBfTNN6kl9Pv36unz+Qz87hBTDMcD1ejz/gmD8uPV+e5w+49oU0sDgfPw3Vu1pOzTPu+3ihDMYiuV429e0wXykz4JW6EgZhAAgVxQhMEWcQmrN1CRAu0Jq4bT8ChDVbrN4ysIKZZloh9eHarY1BiMHL5H49o1UxXpgXLLoYNQeNAwRRkQ9aAobmaVUOTUaNPiRo6B2osbaaCmnqKfzPE7mEqd9B3XcBQWVSfmOIYuYuwEYIja3tgsIrekgku3WtH3RU79Kd6oRRlxCslKjm8RYVXlHQ2MQxjV+70D9cdKT2QZfnb1nTAwGROVHKlMndzcKkYWSWGJBJWAvWP9m6iIAg+sisKriiFitsG4s3jXpeArpJqDZQRiwClAICmEXdOusRBleTYCyY5JXO+r+TTbBWv15dY2zlnAt7gyIXMJ6fAgCK4kfmWahxoU9BHdemAizwpslyAkVxQgX0S+Fccu21piOXKEXU9jyeTuMpURr6YbPdYN8Lg9CjpjHzOI5EhAT7/X4cz/fv3w19t9vtuqEvOTMW6tLxeDgcDuM4MfPhcMgl7/f7u7u7zWYjbDYAGFLHHRYu06RxGDnnUrI8tIXZIzZQBQoAUaLaf251q2bGABD10XmaDofn+4e0NTbhbrfb7Xai3gwAwsDEUscUEQrbUsosbMWk+NASmQRDRF7UKF0Ok+W3NqSdHOvZtfN59eUL3iaEPADIc45bEAgleCp6R2bD5yp3sa3PBYkwFviyzi+mC2UbSSuQBqZd7kJY0BAX5K2YO4T69Nl+UYeR7hRo3MAS2C8ArXG9I15OdJabbX+RgIm+mFrMQq83CE0PAFwYSy5FwbmQuSCwZMgaY0otDHtl3vAhKdOO04UBAYsFFr1miACVIlgnZ9cIqHBj06YUrg+N5VEGMdThi5iQ8zgXaplX15cFQGjaqQ2e1zxLndmarCK1jW0B9Xny6pBbrKSmOVznZ2+FxSWL3gu26Su0IC8uvNZGV7pfzdDeEBdpOAylpmCLNrG3Iq8P9siRAXR0KBd0swNU8VqqzRPaDmDZ9K+s8qutttpqq6222mqrrfZ7Nqw+1eqUedl/i9d8xe1PoJvXgu3hxZfTwEemX4/X4x/IcRc8NPHn93q8Hr98zB+XnpfnxTv02rXX0pgv5LIMvMiHr5az5mk0wGtlaMZFuFfj0eT4/4v8beMKuOeTGViogQJOGKBnwbTqXvrqPKIG9eRLVawFRIfuFUTLlcO2fc3AFOkQgJkUiCzmkiRoHHnq2/KzELK/BhNWfVIwJ1X1XkUvfOvtQ1CoLdS9PUmoGQAVbOQFM6G2CkqViQPNg9OhNVnQ3wxYpn1r9DjVEkW/pno5gVFjWVlguYgaVjc3RiclxjvUtqtdJjQrIoVeWt92Wn86hlugeVerR9HROadWgDorPaFuFll49mO1XN4x1HIFo2PIQygKeuuLGTh9BkVgk5QPQTWcUgWtK1om7chVOE1uFYFDCUAo7eNkJwQoCBnYCJsu0ud8GgRW17sOwwhMmDMVm2HNrgYpx6g9kAszBtBBlf2IaoGY43sjsGicavQ96zPMRWBGhlKyNn0BABYanUWHZEAWmVYJNyjqf5Q6AQhdNm+ep1IKF8h5Ph95HqeUUuq6vu+JECXgKEIuMwF1XVfKPI7j4+Pj4+Pjp599CpRKLvM8Pz0+nU6neZ6maR7Hc0ppv9vt9jtELIZ+yaMWVeFlAoakZEVEVO4gKdcIQCoNFiq2BhU4Qxqj0K5X35zzPM/MTAjH4+n5+bAZHjfb7d1+v7+72+22XdenJB0DhNsGADkXHxlgmM9F9w5MJBvTEdiLxXgZHazPo9MU1+wrNKXgk+xGkGxFOVYAuVIyc+2BzKWIWKttZ5DhRsaEs4mTPSoZwpVNAAuY0KALsMoPewjCTghbxXSqYhvty1po16aGUembKey4weSAhQ9l4o/NSrecPG2U6pRh49plMOWSogLBQRwUdKmTrJSmyaLlGRb5wlioGL0vPp5udgDbTYKL3kFeLHYKqkyVpKOzxuQEZqEyB+jYSyhnCG1mC88VOXza4E5SQ3BatZAhW4zQuG2ISyDqqglbMa4+PpEFDWVwKNJ6UX2oektrON+V0442H5JxfFmjemsjglM267RwdQeV/YnxaRZPvAA+L5fj+gJwC0BDWNQwLP+4cluID6vM8+VeIKuAqGVel3GogYd9C177EP5OycaGDwtkLHbN+NX+sNpqq6222mqrrbbaar9H48aniuqQDb80Fr5cNBrCVX81fpjvWrWiXkgTfzG7P/h75Ktfj9fjX/O4iz8a40/+9Xg9/h0f82+WRv69fS3rbo6beap66CtlMLu8F79yXPM3OAEQGKogG5GS/LihZVwqiNaQS1oOXCSoKRUNsxJD8NixZ6buL0YVcFTww+4gbmdoHW1XAcIFRmg34FB0jClZKRQuR3lhjT6qHjiPwZ6eXEPvqpMeVfDUHegcY+8AcIjWF4vgzmx0lyQbgUC8x0XfRCjqiwKA65eCbtxnL641gENTkoMGasRw7wAicpMFVC8tN2Xl6D1Vkq5ChXyRXB5KHsc4tJq36acasxzq0IHqq9XL0Z+LWW6PUMeF+Z4lWmNhZCQQop66zgkpYYqdDUxULgKEUs+1Gi2yJTNAPC+1SF55WowkNeLFEve8P7axUhSWA+vgDTSvTxt1WQ3XYAlLVkqZS3GcjxJR6jRcFxfvYKUUZlOMLFyAuWTOOQ5eLlkC8SlJEKAwzPOc86yqrEopLvJUwzD0fZ+6oUud3oUzM6TU9/3Qdwl4Swgliy7oYRzPRLTZbAiBEDIiIGw2m5yVzrjZbOd5Oh6P33333Wa33e3vmMvh6enh4eF0Os3zfDwdAGHYDpvdFgizqJ4mAuacZ9HGJISh72TIpCQYpEQ1VbamI0MMJfs80E4phACQRCvYJTdrRQEzCJiKec6nfDoejszvh2G4u7v79NNP37x5s91uUt9RSn2fDP0thbPmT5RSYi4l5wozgMVn1albBom0fw7TU91i9QJGGLeXVAHMBSRWkRJFsLx4mgNhkTh4LUTqRZGtJYIoalRSVea0Ph6mWL6WiVWsSK2yy67EpwXRTPYrAJidQIcRv11Ugq869vTKq+aaVawn5IbmvixqKFAoms0jdjOLehhWB8PC6s84V/PVLgqAquStEx0zS4xHK6jLvXq7l1iqMENSLaDUrQHMHrO3gNH+QlUvNyLYW7quZOw9z9tettIAIS3UX5HCIuvVEyY1DCjdy4bIWNqF2OfH+PMaI+1fi11b/eKFweFolLCR/mfYUeHViC09lJm8X1Vq5tXeIk1Zm6wuLc04Cm8pzbXW4DIjXMHCq9WRFcYJh6klXorQZIWIxG1vbbJF22DDXPt73JNFDTnyyjAvsb6X9eOf3Eqprrbaaqutttpqq6222vfALrYmQvgpAXWbosfoWfqK8eLai/NX/MAIV/KPafD2tdfziedv5Plymg/wXa/H6/FveNw50O5IhrgQ1vPr+RfPw8el58vz8AH3hSvnFccALcML9+Wr5Qz3hdfLDzZaXswHXsy/2YkenDLm1Ku3aJw4IRzUb2pKWPEDFAVNdheboR/sXtfG9ebOR8AYdCoWz88DsAcOql5L8zIvsl362RlAoxr5yfj4GG/kDvelU8zApEofFMemvgZQdK+FRwi4rLmYFywE0Sf0Xf3iWjZly1hcI/FZqRZ+TInAFU/GMFoAwFlCd7lP0MsV3J2IvNDWc2bk7Z7wId3pdpqX89byi4ieu5NTSn3fiz5klFeNLQCK/HDMp8JyCLGiJHBmU1oUjDAggEQCJGkaJeE57abJIT6yIFLCLFwUZnGMhISppxpHTXBKLS03ObM7e0HVTTebTRwOFsNPdS8Lcy72pMjMJec8TVPOmYGlaCmlvuv7vifSeKU555zzPB9PAFxKItwMm/1+//nnn4/j+Pz8fDgczufzdrfd7fe73S7njIgiekyUAObz+fz27dsf/fjHu90eAY/H4/Pzs9x3HEdRFkXCOc+CDgo+UYTSRzQMA5cyT/M8z0zFoYjqzSbi21XatkjT3xwmlEy6roPCJXvsQxrHcZqm+/v77Xa73+93+/12v91ut8MwDEOfUpe6JE0hSp7yyAL++QzlN3J3vBTjsoTXAhDefJYbZlSxkqHtz8oyV2lMBhlQN+6CAA3Y44wj23dytfBtbvVk81U7u17aAr6N6tPt/Hm95JczzQWd66XKdJnNgN87qoIeVfLy0dgQT0f9kanmAODTlELyFaIFvJC9bcusDaL1wE3T6E6ciiY2vcjPXzRBqfPhZSWYxmycT72ElldTqw7DNtTyG9M+1npgC+TbTFmOF/qPYMe/ZA1kEe8Oa/RVNOuy23AMtRie165FxCs7DC5rkrl9tLaGkwXCvAQIWd9clxzixb0u+/mtEaeuCn07QC/Nsh6sEop3lYt3gKpSHgZvnL68gy24ogtwtJYZ4UMw49VWW2211VZbbbXVVvs9GhthENXP5zH/XvI/27XtebyZvj3/av541b/9/fTbr+fX8x9xvnPsffm5nl/Pv3Sef+N8+APS8+184JX8LQbhzfvyB5VT1pZb5ZcvXabqRv7hSZlJI0mhuYmCx858b5cQyEUQoOCMNIzE/V7ul1TfMVenMWKloxjzgsMOGPlnGSHPIiXiwhYlNI9VQFWxoqG2F58TdXq/6qUNzk9kVd6rTDL7AtAftuKL9hCgcScJGLGG6YFYS1jhu3qwdIyqfBuaUlvcWs+kLCNu2aHaD6o7EjG4ACvMpyEiCzNmQAJ7VGhdzhgpkxwqw4uqTv0Gxg6tf+Fobp7vOraxSON3adyIWhoFz9yNboQV6/OqM6vXy/+ISEOC1TCdbUfyZ2aIXnj0DAUdLIWqwxpqveq1CMBEhBZ0TMAgd9GyNprjdqxEk6ZXWM6VR9Ig1oUZCwCaA90zV/4fU2Cv5OKBCVW5NDsJC4VVyzkr0NWJ0i9rJNKu6wTcZOacpyxkRPRqQmYsRUialFLnAT8TUZ6mnPPT83M/jX3qd/u7YbMRtO90OpfM1KXNdoNI4zwxAKUuAZyn+eHxabPdC+o2z/M0zwWYum7YbZGwMFOfuJSiwowFCCBzKXmazsjCSINpmpU26MqiwIWL7U6o4JuFstMZVsaVbWV4wfPOmYW2qPEFSynTNE3TdDqdhufn7X7X9/0wDNvtZrfb7fa7vu+MnwdEcTLwySnQyOrcrxzEqMb5IXY1zKfxtW9iXxU6Ktk6yRJGa/KXKdeHKhsREv2fq9DSBz3AYvNFHQ02PchPJ3YIqkEqF/e1ebCOpMiyai4zfdcG3AoV4HMiRYBNetByvvKFJd6lrZBidwJfinQCLCGl3lTmh0VNWR1RqLkl7BJUiGsxDZcOk2uovVKKEFvjJpqgLwn6ZiEt4pFomQmplFxbLlQIh1rW7TLLNqgV4zFZleTqw0GUeuMGqrAnoh47azightAMLcvQ2JFYf9bLpTWxVSXr2xjQ8vFkAUAbAWgxYsHVwBWiWzznUiO8uiCgVtdFem2O9mLPw9YZX/kxvGw1ZWjftQwjtDcP626h0qJIur2woI5WEaoGCN3BLw8vhRdzA155zNVWW2211VZbbbXVVvuDmvzAxeDzuuHFra/Gvg9ymRIW6W/4gcHv8kJ6bNPf8ie/ms+Hn8ffUj7r+fX87fNd9LWsn+vnB3/yx6XnXy+Ha2n45Ry4TXmZhttS8Y1rW1e0X9WMF00SAa6Qf6Q0+FUsYcOqcweWfiJB8NAd5IEGsSAfLF1L9dhzU/+QecfI6RaS0FIXEBAFGAwgjLe4BAgXd2wL3ZH4AAAgAElEQVQS44VYFcZVk5HMvbUIDeW1ZT7FWkhwT/3FFnhhlDqShnW/vS7KsDjNsfCXjwAuCMoQOouXwTtX6+sO6mJSVRctZa48SeN+P8s3wqqmtofO6eRlnfpV4Tr3El8mDQ/4ISSnpiddntdbNf3TrSAiEVjzllKyMb00gcjrmXe/oYy0nad2uBq+joUdKBBwkJ+1A3uBQkIosZVR05h71W4OXHeAIZrAb2S4LfMH1Z4FVqIWYOXZaKcGLCzKjZBFrpBZEFVtJaXh+stnrqwRBq1BnSgEaKOu65SeyUXKn3PdSCDINBFJabqknEqhFRKljrph2KTUzTnnnMd54mlEor7vmSEX7vuUqC8Mz8+H/f65H3oBCHPJjLDdbTGR9opEDIW1TTW2JJcyz3NSXDOVGQyaJQvH5n0KQwRSrN23JuPYAeLsFzswEiEyBYZfSklgwpzzlGdh4w3DsN/v797st9tt3/dd1/V9l1IS4dNkkp5cFA0S2JvrvTAO97qn8MOszttWAYpv1OcPnd/7nIW11HtbrbHqD9f6Ab4ySZkqMgbYa2lBNRegHYa1VIsn0QJolNYlPGNPeANJlc0UERXUCKOXkRFfq1QVE2Uuy/PQ1CEXjmBOeEBukoXrQ+fz3SsV0m1jxdZNIFbrUR5cl3/f32NZLbo0epN5eWwIMCXrG/5VrWx7fwjvEbYTggGYyIE0QN+9YosG2/kwN9ZmlLshkEznQQuV0ELKYqM96wgy28rGAUzly3CYdhGFtyD/5NC1fVXEcFXTUBdt4e2LINLWjsstVquwfuvn8tVFN1f5wl9XRlbla7u3vw40FRNWUjK0T2rbFxqrJcP5yDRFsW6ysQK2T+FvNYiY7CpqMP0m1HN99tsr+2qrrbbaaqutttpqq31vrJGJUbeNecEuvcHNL+7lt/Vn8cufcDt/cyY2/m24kgbhw+61fq6f36vP7vKH4mqr/RCMX/FpvPb96wleSfrhBWggHCJy4GMBEEaHr3xNyp26Ag1egIIvAYQI4pAiCZzWFosrmqXcQ1pkK2SbVOkRV2ChmHjhDeQQ8g2Capm7Lqu/W8L7oQd/qnmHzfjQuLrqAm3IT3XKse+/X1TOstzxX6twL2P1D7ZOcQtP6FH9moq40lIhMqJjJ+rOjGGECpu+YQjGhAZMBb5CQ9X8sM78MRKIL2RawVrXOou6du6gLczzPI/TNE8TOuAFKDKPFhhQZT8VvINApPB6KgFkRUQiBkP1TDUUK2CKt8rvvmdKSQQcSylZQEIfMAquFJNGVu4iQAUjCYkBCpeSBVWSIHs2LhC5cCnipsfQkxXucynRlFJKhAjZdFkRoTAQECKxFoKNCkmIhJIxECLISBKkMOd5nguZsuQ8QurSZrPtusQM8zxP08TMXdfv9jsGOByOz89P/HzY7baid8oARGmzofP5fDwec87n83nKcy6ZEg3DZi65S11KNJciGJ/EX9QIiQVLLt4rNqlrAajKM0MkRuMI1oZyBK7OdQvcaIFgdV2HAFBYHk2wQCKa5zkXCemYpac9Pz8/PW83m812u93t9vv9ru/7rkt932OPGu0wzx4CVmbpq6j8xTTw0piKzG9XnA4nEQBIp10DmH0TR51efLaEOO3c6tsQUYcXHkCPm/NXlTMvh5I0RSkg+paL2vBMiK6rsy5u0cArTcrryIXzCxfdo4FKGZg5c4kAoT+oFY/in5K1hRRlhBJ4/LHGmoJixUovS1pnMduO0ISLU4FcbJlwGpJSxiM2Y2FRS7ZuNYPM3iqYSWbiulh7jFmw1SMQGJvqBTAlAnJtcK0VW02vSciiCKJa3ysoMUjRv21u1HSAZZX6SFksz5aEbX9IuMqbSomJCMbRD/Nv8+bgu7taCNNfheRyLMjEIlvLyBpnEblucmBgNH4lcdWWLf56VbO+6CEN5qcblNzpwAVD4cPOIw45IBiJcNE7EEvDgq2XlHrszQGrrbbaaqutttpqq632fbKF+MeVvYPhy5dTfkBiP8arX31ggqvJLr56xS7SfDRuswI9q320deFHYdwm3/z8XM+v5y/Ow8el58vz8AH3hSvnq4Ilv3JfvlrOcIZvl78ZF+EqvpoPvJb/ZRk8aaMP2YRBArC9/RwgsGUul16hyM1BNsVJMDadeOeNqgi67CJjEMeEAGU5DgQNZrXw14eS0LJIBEKJFOhEcbLaiB7+CxDZioVe+VZKav28qgHIyMDFXIiu9yjflVACf1iqmKHRxWxTf6zjCE6qYO1VwMw5GAtGoDSnO3eDIxy4FCf6sbV7w8Ygxbz8hch6QEUtYmnCtW3DtgWOGN4CA7iKRtwCCdhakLBpFAmDV0oppeSSp5LHeTqeT8/Pz6fziYiS0mcN5rOaC4Q8QEQRplwGKzRsDU0Vj7XVlv56ALBId7WStO+DKkvmXFBwwtR1iMbMc0YjJCLLmkExg0LguRAgMKuOKYLSayUCYwHou0QsEqRJgggyc6KUEsk9ABGEYkiEhEkgwSQyoQBFyFGornjgXHIumRkQqU8dpaRPilXltTAAQym5lCxqrHMpeSwqd0qJSxlzng6nrut2u91msxVNzvN43u12mAhMr/J0Ps15nuaplFw4IwMmLDkzJSDI89SlBJiAmJgTUUeJGPI8j+fxdD7luRSAYiVOKXVdlzpp2CT4aNd1cbLg1i6nl+hMd7FZBEhIfd9LPLxxHKlyQCXYJzLzNE35KR+Px67rN5un3W57d3e33+83m00pfRJOamEiEsnWUgoE3mo7ghbTHWBL6Wv42bIQKQmMQybhiWyQ1fPMwGxqqOFkO5BjJhrcsUnjnR8B2OpsiVHBhTk2I/CV/OliwouhdgscNQhpAQhlK08zqzBpNS0wPwKdIBc3uRpTjU2ZuSKU9eckL4Dn+KRC90VljzELxAUYljhgJog5L3NA53baF6g6mU3L6sYH+VPmSQAokCWWp681YIijktHQyMr2NJE2rZtPmAswMxCQVrBBewJ06RtIs5tWOeeL5s/2JWnMQQJfa2vVUy0lAEKpwfVqFSXLHxe/wZ1j2qJ1zVdaSkSD2HwDiReavS7Q7sA24GQnUrGGAS+E47VCzIxdJPaxeie0BxGZc6px/9AqXSd0EYwWXNYWfCNV2i6Bpu8HlLoChFKapC8/7Iq+xi/Ul1u2Qe54rO9xiUM7ETFUjDBINVh3N0R8BQhXW2211VZbbbXVVvueWfQk2xn0t+pb/mRL+ev5vV/NH6/6t7+ffvv1/Hr+I85XBqENBf+ZvZ5fz79wnn/jfPgD0vPtfMzhcyt/gVeulNPyVDnDV8oZ7IXy84v5hzIwY6ALqP+oJQgKVBFvXCNjmaO3Jr7imLbiyrVx8Ev0MuNfWAirsIfdtssvnju6ruKG92u0Erz057I5yIKiWs3Kqx+Vwsjm+1NHnrEQli2C7ofzyjcCVxVQA3CXWT22EIEfQrsTgsiVGJCR6KBOu2ud5uI4kOSaRgwSqMGRXbtHnMSbMrxS/tCC8SSbg9+dp+5IvUolaKsLHTTVEgsXr5Sc8zzP59P5aPbw+Hh///75+VmcoQ40EFYE0G9BqMRCOYwgoUJLqUtJPOCxC4lopwQ6JFFpo7bMrHAaimKeC3IKBSoCtNVjjBZ8kMwVe9HzKQEqKVaxqMKcmYmh5MIsJECe57mUPAn1UOIUMjOzqO2qoBwgEiYkFlIR4zxnlsiFiIAwlyzB81JKjm0nSqaWSSkloi4lKoX8FrV3ESZwd3aZprnrUt93RDDNMOeMeWYEIgTCh9MzJeIOcoIpl4zcU4YOZ5gLF+xQWJOdFLiU8TyeD+fj4TlPs9yQC2ShOnZps92iPJxhmUJPJCLR+my6AWkAwAgTRsbVskMq47OBaBiglKy7GkArPOc8TfM4jsfj4enpabvd7vf7/W632Qx93/XdMKQk8/OcM6VEHizNggG2L1LN6LgFtpknHrk9X8c+s0tlNtsv/GYXcOAiEy8At8UwGnQsrW0zqIvIdWAggrWL+4Y0V0oV/7yQAL1uVVIZdBjajpFLKnl7IfoPvwqwgBGwuUUoL59zAZY0EGCcrHWmLDZNFn/GgGbVhjCet4eCtbnCIiNLV/R5AACQswxynb6I6u4JWzAxvMobktouHczMWJlsmt4K4tFpLTKyTIFtjXh8QGMhNl2IrbqxiqXqrEhRUNSVvWUrSbsHSknwATIFJU2CrvThhws2FVuXRQfhEcgWe4CqWhuYeLH3++ztPYNuLqCV0YfhHEQNbxTJg/pUOn2hJ0WUcLOm48A1GGPMVZc4ACewWvUCJmzKRDo0QoeOXQG9K9hpjMOwni+ylWip8b7aaqutttpqq6222mrfH1v6bO0Dr/hv/eegX1tjBEa34fL8FT8wvubfxhvnPyifF/3Yt87jR6Zfz6/nP/58ZRA23qv1eD1+5Zg/Lj1fnueX0r+Qhl8uA7ffXaaJHsPrBeQrLklenG/S87XSXRdyY1/NqjLmtQsWJYlYv3uUFlfVM+6ftTzMd8XF0EqnSNjf1R8W3F/VwkVXtcWgCapnTirLxVL4I1hJ0TTerMBYqxBrDTse5I/cgosVhcWaGEyi3J6v1oZdFbcihTr0xwTzcRovoaaPCBnWkxFmszpwx6h5Zq1EMawdtn0z5GiNr/TN+qZxxWXfoI8VEFUGJYKxJsIFqtKpHYRBQegSX6+wti22f2pzlFLmeZ5nCW+XT6fT4XB4fHw6HJ7fvXv3/v27p6enUrJVLgsJjxwCBACPzImIQADGF0RFC4kwdSl1fdeRlQIN1SZEQhKhzySHji/G2jH0EABQY9BZF3SsAIFR6gACD0uBZXtJrYNSvhFFUGYWql/hrJHwBLqap3mep5KLIgwiTsqMzJUhg4hCr0Ps+qFLgzaWhMTjMpcs2CElEafV8hghLxGlYdhsNkPf90TUdb3An3Oe63AEoRgK75YQAbvU9d15Gqd5LFgSdZn58elpKnl3t3uGY0m564j4hB0CAwH1fUdICQgYxmm6f/f+6f3j6XgmgE03bIY+pcQIqSORUd1stsMwJGEoIjBDLjnnXHKecs6kVlu8ooMUsSrv5DoDWNtquD0ymT1EFo1XC09KhsYV5pLLNE7n03g8Hp+fn3fb3Xa73e22u91+t9sOfU+Uis7PAqZCIp9yXc/Wh0fwy0fcQnAIsB8f3mcinUhphb44VEDSHsv4Xv4rBxw4iT+OQPcQ1CVNSsV1AuUYSC9ugMFKfDPxRIUQSmHHKwpHMMlpmvXxYsHrGGnmV178W0sQ116upQEfZsarC0vcMhNnaPpEVes1rsRhkkWn62m7MSjdnKGZ2LlS57yNdNlijsuyLmIYCqTwEDUv4jIwFahjlSMGQCqYUkIEBPIXgLCZxDVRJVwpWyFRBTB1HanTf/ifdkvShzXSmz8Nggje6sKoz1XAe1Ltb+zanRa3OK6CtT/VS2KLYb0jRuy96Zae1jt7M5Mrbxs8JqTBwrUUJhDd7qnyMvqLBDe3s4vrQ/lYW74gtUt/KGf4j2qfIanT+JDeq41Ob28Fi35eXz/DVgLmwtLsLtFdtCxc2KWpA4DIIl/OzApEsimaL4fGaqutttpqq6222mqrfQ+s+fXmWmQLFamL47q1MZyvvxdf8V2/mr/90rydJuz1ffle6/F6/H067hq3/fq5fv5gPm2Gv5VG7Hd4rxr17LXPkBLMA2SeX8ejnGriuF0MTYcR6mAW8MPcRFcC+WDV2VOJK3NgF9uD7nvn3UNnGl6RU1gpAoHiU9o/zZtmxDxz8Rou52gle2WCeX716czHXblcbWBCfRCKd6xbHSA471hgAp3gMMiZxuqB6rrFhbA5KtUDzMfmDlBz2Vu6C2emls22I/lD+b2AuQjcZY1rHj3BHsD81FwzkOtQNVqjyBtwe9/4KTRVp9qZcBljK9KA1eseuqhJ2kbPPwAAY4HmLo7c5JzHcZymSTDC0+n89PT8/v394+P9u3fvHu7fPz895TyVUgpn7cCoQqK1pznOIVJuZEgYCloIKaWuG7pOLyFCoiRUQwcIBTlD6hxwDINC8ERCAmbouhQAQqlPnkvhPBOwqE5WfV2l4KgaapUHLAAApXApkEt2lJShjOfzNI2FMyLmOc/TNM+zs2NymUWJFQAoUUJCwflS6vt+s9ltt7vtZjsMPRGVwuM4TnmWwHsAgJgoJUCc51nC76WUmHmz2bz55JPPP/tsu93d3b3ZbLaCTBBB4ZKnWbBGAuj7vu/SeTwj4na/m8p8zuM85y7B03z8xduvHsanu08/IeS77XY7DKf5YdMNxNhBSgmHrue5HJ6O33393f/4f/7H8+Pztt/+6Z/8h7u7N3f7fdd1zEypkyHQdV1KSea01CUf7yJwqpECUyJWwVKbeBIRijrrQuhSiU0VlWNMDhjqkDeBZbZIl1gkL4O0x3M5Hc/PT4dhGAQg3O93u91uu9ttN1tQ/b0MCF2Xuq5LlKSPgoT1QpQYkWidi6FwKTKBgLBYRUVWCyYMSEZWfEh9+Bcwv1gpRdz7DYIBIl/JaLHrfEryUYu6gbLoCUMmdV4NC5HJNGscQaU3iayh1ruKExZAQZR94OtqVXdIsINOPntjuypBRXkXoEydZcgnJN9+Aa4scwXJEI6WVa/DPeTQ1xWLSBWD0Ol1rUBCUv1JeT7WdaBWa12tbC0Oz1fJhTUUK4MoEDsMVqcUhgLIMnkUZi6ZoXAunBInJIprsdBhbbeLSYZqZSIBAxIgysJla5xNgBXWrIqdGifQp3rj6Zu0gKw4FQmOSyhh044I2DSprn2gdDvL16sJHYNEY09fLKdoK3xbw3ZHmdsrUi+9Xdd7vkgcDxwvtA1SS+Dw8ljePRYiCk1p27WmOe+OhEsiMrteLPtuIVsHjSfKUBdauMZ2rXsoil1YXJZez8h+CagAoX1b8o1IkKutttpqq6222mqrrfaHNmw9sRh/f9QzLxw3eEdLWbh6PgiqXOQZfhJdv/bi/HWP9It+7I9I87vOYf38/91nB+51WT/Xz4/45N9LDi+nufrtYrPHZRq+nv6l43jV1TT8oSmBg2txEeANIEb4axGtS1vggu6furENnBX+06EfCHmBnrAEVCKDsHrXACvpq/WRqSYW3BLce8EDFbxdAhqpbxAAoHLeLlU8lXgR8/cojAs2pD34K14wbl1vl97JqwTKZRZtkWINvHDt5b2W4c2C9/DWhQ7WasUoL0MjNVUUxfIg24qFNciVcw4h1jxzrVC54zzP0zTNeWbms9k8z0+PT/f39/f3796/f/fu3bvHh4fj4SnnSbh14shXCMdk+MgYWoACXhtpy/hMQrMQNU0tkDPPgjKfUusoWW5YQVpwogbP8yy3tWiHxAwMpQAiFyiZOQNHsV9184pypyBb85ynyXmTpZScxQ/LmaFIIEBE7LrEhUvOzNyl1KWONI4Vi9imKA36+M25AEBK3TAMfd9vhs2wGfqu32w3291+u90RUSlFQigyUEpps9lst9u+78/j+fmr5y9/8QvODAh3bz75oy+++OKPv/j8Rz/aDdvcT+Pp1HUdISbAeZ671AHhNE5d30FHGcqYpy9/9cv358cjjE9vn3ebIeObkYc8jh0jAQ5pmMv+28O3T++evvy3X/7j//Hfd/3mr/6Xv/7bv/nbP/rRT4aUgGGe5+PxeHp6Pp5O5/O5lJJS6vu+H/rNbrfb7fq+R0Ii2m639tR5NkJhR4RABTmlRAS+H4KUTCm+8OI7HwKhzVUXgZzpGSbVRKQSqxXiLefzeRzHh8fHvu93u92buzd3b+6GftP3Q993XZ/meZ4mRWdFEhUE1ykMUBRFRuOJsVF3KAgP1oHPDn154E+wGbB5hFpqjk8XkrPNgLpRJD6+DndkKOjBUFkQOISi2rfAgjcyQLNDAV2hG1j4cwgARYMIVqTWDwyokwxEJbZin0v563a+0vB7NXRbnHmWV13GUMSq2uj4XEG8GYrVB7TP50FZFItx9/zq8FCOXPrSvsw5PKkz/0ipiaHYciw4OnMphXwekAphZiLC1Bl73+FPZ8yDTVzc3jnyRq88eGRVs0XMc6p0u/WnJrtcyG6/bNQ71WrxVyP/U2o7SDL4KG6DFjYiqJcEUN9r1eTsq9fFK82yjESLM1eftO66qbtZwON03iohAEDxIi32/7DPe6FafDuRPhchJaRc9aKL71CJ6qCyS6eiiLqpwlYTjnVvrEhG2w8g+00uAq6uttpqq6222mqrrbbaH9iiTxWbl9qXPMlYvbL+Yy7uOG3OX3y+mv8L1y7u9XrK9XP9/B59GoMQ7Ox6vB7/MI4D8eJqGuniL+QTP3+de1Xn72v523dh7N3yrC0Fr9qd7/G4umXtrB9AoBVe5h8OmnwcKeSQuEUIKwJ3FetqGDwXd3ef9a0Hh0oMwnBRLWqs+jZjrVZUhTxc0Bm8YpYO0+CJjgTNF9DBDzUPsbR8yqsA4Ss5GzJ7pVSXya7cQHh5t5HJKMJmQacWzmVcKrhZhRQuAhMej8fHp8f7h/unp6fD0/Pj4+PDw/t3794/PT+dDofxfM55NpZDIZVe49jNCMnF1rSian9li9BFRLXZMOATiv8Jlll93eEpEDS0F6JyAEVfDcFQkqJed6WCcYwTJpUgIqLyX855nvI8z0Vzc1IYmxQlE9JIyFm/Tx6GkU1UkJCIDJ4AojQMg1YIYc75eDoeT0dm7ro0DJt+2BBh1/UpJURkpK7rhmEzDD0zENEwbO72d2/e3AHA6Xz653/+p3/5f//58x//6Cc/+clPfvTjN/u7zTAQYJlzl7oi8oYEXeqYCyAD0Pl4/vbbrx/GR+yh77vNMBDBdB6JmYCwQDlP8yk/vn18ePtwOp7+t//6D3/3N3/3s5/+bDpPp/P5+enp/v7+8fHx6elZAGOB1rqu6/p+t9/9+Mc/3t/d9X3f933XdUQECEQ0CHpn0J14rJ1XvNiUQJRssJYFbCBpkkWXbMeCrQxhYpNuP0/zNE3n8/n5+Xlzv9kMm81mu9vttrtNMpMMiWSYeO/1/oWACaCSdMzj76OphGdhvIYBhqhv4BSqhYp1vKydDL1+BPYopNNioCShyJwK2Y1JCXRaK0nvyQzEmAiAoYjYJwNz0f0GivETAjPpmLNy8GKh0BUxkrElQQikh7bMNk0cENPmEdts2+ZlU01uk7aV40txZW2xPyFarL6w6IdogL6AtvF9wRhz4c6yclluyzIAAHYkN8VCSEnmxqoOGWILhpvEY0zpci9OXOSXNXmZqNZaOyjsKWrHvHb57ZXLE9xYdV5+PwkFiMXky2cJHf6a8vmNFye3S4Cwvb3LEdSavP5yFfl6XnTEUti/ZTDorgWn/cICHFd6nURqMNl61KDawIt5I1ZUIgJAlzy1BdBrDBAJCOl6g6y22mqrrbbaaqutttof0AKDUP6MbjaG1k977bjBO6I368Z5Vyi5kqdd2PwkveUTDuHUl77iF/3Yt9J8qO+6rauPSL8er8fQcRCw4kArWY/X4xeP+TfOh3/NNPxyGfi1coY8eZH+1nHM51oa5mv5twxCHXdLp+LL9ioU9AJqtfgq/hGoAsGVeI0+qISD5jyoFtk1dFAYatfL9JqjMBIbFujUsh6u3eBl99YlUhdK1d7OiEc11Fm46nX6IFR88mM8bksnr56NyEdl+Fy9aVNjH35jv/wyUNNLMLb5SUUs8Xw+Pz49ffvdd19/8+/ffPPN6XA4HQ/Ph+eHh4dpGvM8l5JzzhKArhKnXFYtgILKdHIPvUVzCzzD8J7VKteBAoTKeWp6aez0RAiQcymsEbaAUcgZCCRCkig6eKYmKtgbLDgfzAiciAiBiYor5HIxXzAoh9MCwJVc2EgnOWfhCUUaFlGWCIKewMuAiF3Xp64DgGEYBCBESl3fd10nVdr3w263n6ex5PnN3d120wPA4Xz86le/fPvdd9/+6EefffLpFz/54tNPPhm6fug6yLnkDAwddTlPSLQddljg/tu3X739JQ3YDT0Al5JzmREACs/n+fh4yKc8H6dPd2/+/r/8w9//17/7k5/+SZnyu3dvT8fj4+PT4+Pj8XCcxgkAUjSVOi2ijCr1qezAREJtLK6uicqA4dBnAs2o7ltYICiiWUgXk6QJYzZwuPcOIhKl3HEcj8dj13VDPwzDsN1tN2bTNPV9Z3xVTIlSSkgkEoc+7n1aAXPcL2djNo6e9ORm+rGz5cYY1DimdituLnQwG2u8Op06wjNL2FFWmiAy1Qh/ssaKNKv0WSroGEYBe1QA4MxADMBUVTd9zbs1mUdKlmshetHidpBaVzcmtOVSalCLZqV4aJzA2yuFj42oTE/FC7kmRc9UGhWxuTpAgqLJSQHL1InNaZFXasCnFJtGuUDLDzOt6LocROxHGGwLqHtxo4v+X8/7ycVrQHtHsIXsShO8LBXAYHqzNxJ8wMll5S1GeogyW+J7wuUqVnfPtA/+2mqOlVBagbwlpZKZscJ1zR25MFR8XkjHFQKO6YvGFLRRJAdF14urILGl5TCmli1IShnVda9NwNoJV3BwtdVWW2211VZbbbXvo1nMbob6+8t+a932J1cxGa6RJ7Dx5eL1a+upF/K/cW04xhVnWY9/iMcduj8bPSLIerwe//CPwTQ1f1f3YuTXx456ciXGzk1HZ7XoDH3Be/WSY+sWZMhQAxrpZvIlQLjYZR8BloWb9bo7MpT8wyVGo19bKRcW+Kqplev5cJsyPGot01X39EtNcYmWXeUU3jIOKRuv/QLug1fgxqu0j5cqtj5s04vaot283SLz9vjKyVyyYHbMfDqfHp8ev/3u2y+//PLLL38+nk/zNE7T+Hw4IGAiRISccyJhzHAp6HppAhB6GQQ2kNhv5pvmS7+nFjiEl0QNSSUpCQxqdN1U8wj7fSTqX0p9J6K5DAilQJF3zhh/C4hIADlBvNjZT73xxEShtDAXzlyYhTRYlA+HmDhJIUxQER8s6TgAACAASURBVEop8zyfTqecs7vyc845z5FN1XVd3/ciN8oMuZSc8+FwQMTUdZvtrhtHqYGu61I6P9y//8W/Tlzgz//iz/7qb/76H/7h7zfbzf/1T//3v/7bv/7zP/3T4fnwH//n//if/9Nf/oef/cnQ94iUCHJhgsRlopTe7N90kE4Pz9/98t8zTLtP73KZS5nTkJBoPk/TeYKZj/fHN9u7P/+LP//f/9t/G1L//PR4/+7+66+/OR4PzNj13eeff7bd7va7/Xa7RcSUUtclogQIXeoKlznnlJLgoKUUnCB3OXWJkEijqYF4yIU640NJDgqXKCxbWTYCpgIgpeUQQHQejpxwcVdKlFIipFyk3co0TuN5BAAk3O12u91uu90Ow7DZbIah7/seEYehG/oe+l7HFjMiIyZ1xlPTV+MoM4IhXyYIA9LXkGaWIMBiJ1u9zWa6M53SCNU0EwAhMrkkqUcprTAiAoigoVAQCzMC5pJjYpYgiQyuFKrDMcSa1X0jF1yuy+F8FQx7wZYgzeV6hDfqFgCFZUmk4paBn+WLw8ubeS4krGF5+xZUjEW9rAQiElJXRZJaZciIDgZaM/go8HiuV2upqZ9rbbE4f+XbC4vLiZTMViKrDe11TS3eenu5XG0/JE3ExhZprBsLEr4ECMG3NF0+VWh3btvAs/ZvtV2Kx//j2r6yIyQ0XMMCNIdHjGu7wIC9Wev7GDZotY7AYERxGw0g+/CrbMnFS9cN/He11VZbbbXVVltttdX+sIa+jVR+05pPFV/02QY/bYN3vH4e/Lfgzfyx9TPf8gnbT4Y/mG8c/0D3XY9/wMcd+K93+RW8Hq/Hv6dj/i2luXEMv4M8P6ic/nkrBiFEMIabAnN0HS5AkeX2f1zSUhpuwcJNBoAheI4FC8QAnpkz024pHmTPofG7wet2SWVwBDEEumvBnvo0HgCv3vCa03CBDnJNj1ePJZGHhrrp/YwVvmBsvMza1FvwspWh+mfZnZX2LsEB1/PylGsPGEsI3hCsOIDVLiKUSo9A10jj2h2vPnirUVapPN5PF9UIAKXkeZ7GeRyn8fnwdH///t27t/f39+P5MM9jzvP5dKKUupQQcJ5nsiCYXCD4UZGAQiWDpjDeUrhjkcZAB5AQKwwAqAxCRIlcJ324hIEWvcOO/xWjySIhAQHqnwJfOX2t67pECU0m0sk1hEiUqEtJIiASAiJSYoBSSp5nkTJFA3vkMbuus/iDglFBzlkkLs/nc86CA+ZpmkrJ41imaSQi0dWcpqnr+5QSJaKHB2EQUqJSChH1fb8btrv9/uHh/X//x//zX/7lX/7sL/78v/zd3/7VX/+vX3311VdffvX111//4z/+4799/q//+S//8ic/+aM3bz7Z7raH05kwJUiHx8N4HHtO+7Q9TDmfJ8aCCTGleR6ZeNhuOurLWP74Zz/7T3/5l59/9tmv/vXLh3f343kc+u6TT3+629/td3fbYUsSyZJBiidOcKmjwpxLdpxMvsqlzFNRdh6SNBARAlSoT6IPBvYheuv5NKV4T8WrtKtI9xKB0OVoZShZdE0JE6aUEDDnPM9zmcvhcDifzwISbzab/X632+261A0SH3IYJFQikdIKiUAlan38OItH5hBExykXhcGwSijGFmYwUQslrQf2VYDDRezKpkzNIzLaHdjR0msYm9DhRLAXmJmRASWiYiHlMSMA51wSEErgPpuu2AiRDKUAW/xIaRriWiVxmePQUFjxk49BLRZzGjPLrIgXk6hPK2hTBAqH9Roud5WLVnEi9jmY0eLv1ruEWIVNEdqFNe5nqcQvokXH8GESwXL/9DiOjg8hYlE2bXPTUAkXiCBzDKmHlwkuT8aXE29ImxgDJbOuyPFtQnHkFi0NKw7ii32gisQucD97HARigdoNIgyLLANDzux/eY3Gl7Ja0LCU+x0Ks25hCJ+xXfKcoQZaDC8GWu76HwESpdp6hFCrwms9grzXXrHqTCjtUpC9m9aZpHB9Ir5o4tVWW2211VZbbbXVVvt+WBXfhxqD8FU/bYxB6MfYpEG8nt73iL6QP964V03jP3W+J7739Xg9/qBji0HoaPn6uX7+MD4jS+/ap9jv8F4WI+j1HELKWqZLkIbjH4vt8AssDY1XddVp5X9e3apv2CC2XjXxRutmnCtOu1/LbrEZIDi5bpDzlt7eC0d2ncyu8jcsz+bW4V7XC4mhSiuIy8umeRUj9HLe+qrlbVz9lq98Z099lW8UzrNDg7ea7tLxfe1bDOgGgNHaBB8jojnnOc9znhm4lDKO4+l0KiWP03kaT/M8jeOYUpoREWAWnhwgABqPAhAoUUIk02Fjfckq5f9j7123JMlxM0EANHOPe0RmZfdILWnOaObP7Mz7v8WceYA9p1er1b2rKrPyFuFuRgD7AwBJu7hHZHVWVWpkqG6mBY1G453m+PgBiDLRPkOxyWbcvhb4bYcrGqoULYDOyo0ZHHip2RJ183HhnMkREQeSgnBhtuy6rktExvu06DLFDLojQqLkb02eecH/3IViKPG7rjN40Epr3MH2T7s2B4eqmnM2i6PMMgwDBt5GSKkjAB2GwamHAJ/w467bGcXz8urq7bsfn56e/vo//83Dq1f/43/+jzffvfnhhx+OT09//OMfHx+f/vIv/+r+4QER+r4X1Z/evtMxX+8uX98+XAzdx/FzBjWjrCrQdT0BHT8fAPBitwfRv/vjH/PT0PfdzfX15eVVt++7fpcoqUDCZBgbC4O3Suq6TlUTQKeOvzIzM5N5YlQ1YAPXoIF2oM4svrZrHRlRVcJG5wTirkOlxfsrxcdMhqhaPn3fOzDDknMGgGEYjsfD58+fzQCpSd/3u64Lp4pmNhaBqJ2ALYoZEbOTEBCzLIaXBgTejHQq1LpAZVpAqxLvtHmm2Y3KUqkqBi8uFzTLEjG47764gAhgcrOWqo7MWt7Boy3N6AAhkePWs06csrRxpfyThegLpOVFYWlMnTWHryzldoW1oAI6s6M5K+UJ0Gm2mXpJJgkDOGw7qwFvo01q+vaR1qpzy5dtGy36xQ1vIpG0pzBONOZkIyiDKv7EtVo/2ynTjxZscprcLUdSZmehpnsjtn06b+Ew1Hlqp7PFv8JsOjfs2TbylOo3WRZqizf0zVn7zzql2a6j8u0aZcdTgtbXrF3NQoHrQ2itkZfJPCRE98mrtr9BwYxnS88Lv2o22WSTTTbZZJNNNtnk1xKcamLL9zFOYs5cT/CO5vpUfGUzLPOMmMkv7FM64fgRv3L3rB77C9L80jls4X+40H0QKsAWbuGXhPpn5gAvyuF8mvnd4lOwjvCVHHQ9/bnr9ql5GpjXRRd321I9r4KZsWGWCTQ0mzNy2xk92iTzBh2cUwOd3eJ/zMGzRVbTrXt2OQft4s8G+zqhr2xaqdS1/F3/gwI1nmAZTJE/mCi+19N4ooIoBGCFM7XpM3Ka9VCAieXboWmtEtuAhPblocusceoauT6AJY/S5PMClEgFaKCvuaq68nkcelDX7SKYjjslSl1KHaWO+r5LiQYV5qwqzCoAGl70ABGVNBz7IZBQZ0pSEYFimFAFQ7sfo9zwHkQy+kMMDq8VNY2mRO7vE4HMPZU6u0X9MxORMEGxAmmsP6RQOjuBKvinSkhjSokaq5GRvwOxUMmHkV1CBwSB7A+iRC4ibPUFBBG0GhpHre879y+IwEFJMbahqafHYQREZs6OjQGzjJmZs4oaYVGFx+HIImMeDsPhT99/b4S///a3/63v+tevHh53/dsf33348GG324vyzd1dt98NIz99ftyl7vXDA1L++Ljnn/gpHxUBlRJ1hCSjHD5/3uG+S53k/NNP715d39/e3F5eXu12+yGPx+F4PBw/f/yMQHnM4zgAAFEyj337/UVK1He9metMhroCQZjCU5WcMyCqD0hthuLKEK5K/Eb/joBIBAudfbsozbT5dT7GjCnGS936n6jhkYcnOR6HLiXDO/u+3+32F/vdfr/f7/Z936cupZS6vjOk0HBhCGy4hSdnk91PBgSoYJS/toTTxafo+X2FCLTE48qMXj3TsMSflis6Uv2NpKpIBCrmlc3HfMw4KA0f7RpQv9rUfqED12XxTicAgPV6RWQw9DS2HW0X0/lKvmB+Y0ndrDNQj6VYRlryq1TmAP18LZnuhPXFheTqT8VyX+3EQn2vHV5BVSRSMQ6YU5kLeQ2tKw0jL2ZIWzhoanO7oM9uh9ObRedpnuuRFgCe9IVluwC5a4ZaizQJS8+J1ieiF7BZ/AsxcE51VzCGX23tZWcXhG+K8hWQOzjAE6JziwXamY8WLQzEMypCeKrBoWxF5Zn6oVLaPNpn1k0lmdbyz7/RKi4KzVdvHQs2KRbnCTbZZJNNNtlkk0022eSbkKn2tf5Ie06TjFUriyUeJ7nh+rPx3rP5n3i2CeNdz6fcwi38hsKuqM23cAt/zVC/gTz/vDJU3eGZlNCk9Jjp2fPmwHwkrmY+1xVzGpbl5nSEYBis7Kyq4Or3oqpeHNv3mxM7aRP8rGrZa85z/oFfYfOiObBYsjKl8lLBm9wSXQsTWiZumNLUoBYdtVjRb60yOl6ioF5JN/PP9/zzK1blmjZ/RuXqtdOJDnTybgMyyijSRqMKUJAHYym43bhiY3YVLfBn3WVfQ7wAAFCE0EWXQpiBQ/ct1/Xp8nJ/e3tzd3c7DkfhQXgUzq6AFFYVBAVVs5vmBiVFvTTSku3MsaGZ6rQ2UBGpAGECVW7xS+ufULUqmoc6YLMeGk7nsCh/AaDv+6xjUfwGeJOMAriK0BdoBwI6QJwY4nUk0vueEMngICJKlBJZyvCZJ0JkPeSKZhODoIyLxpKNtdYAUTuixLudQY2qOuQxrAuStV5Kqe96UDk8HZ6enj4/Pb7/8PHtu7f/79//3f/+3//r9as3/9d//+//9W//9s13b/72v/6Xx89P79+/G8dj16Vdl5S1I7i7vk70n66vd3/6EQcZfnr8cJCRsE99NxyPh0+PfBwv7+8vdhdXF5d/9Yc/3Fzc9KnLmd+//+nHDz/99NP7n969f//2p+F4PB6OwzA0LUyXl5fX19d3t3cP9/cPrx4e7h8uLy/7vjMnjwAogmx2QwHNt1fVYhcQv7GpOONaBZaNXdeJO9BrSDMNYNYygSwHg/PaydWuhF3qSgcx89MwWnxKqe97651CKNzvdxcXF9ZrxeqjORQz5Jmcqt2CHDGQvACCALrwDNqM2ILKuMVAn8Ya0JbCaYr2UgpAiO4ltG5KXiwVCXywFqdZmRwTURGdrn6rQOysYLO+QMSpwcvzZV7cqGS7YpgGFSYocinjkiPoDzaHLDyy+TO2CS07fCzCpTkUUGM/VajdMmsea7rJtmr/+qGKplRQjsyExVhVRRFAa3Z/lkVm9gP8VAdM93eqw9tPMiEWpjjEEGpbZlVO3fI3nnm2gce1QXDL8/PvJQybupPBozZUWkpfeXoWWa59F2JePthO/9bWa/tSXzHaWRt91B4CaDHgE+0g7XYza20FsUFe4EOrWVn3OEtwUMMZYQDCVlpW9vaF6cfhlCt52tbAJptssskmm2yyySab/DYyRStOXS/D1ZQvyg2eyfn8u+a64t9c676FW/hFYacBWWzhFv6aIXwDef55ZbANxFWFp1LaxjZ/r66SOSxXt3U4x95UV68XmUzSrFP0anqYqLpMtVQcdC3KcEp/tMAvT94qZZspiJfGvpaVnUKGoblsdK8zRtFZteYzqrCZHnBmcOxMFzQZzJHaotELssVJjWoBMOZ64YifoyXzuiEVVbVWJSA2slrZeF6DjFFCa3oNtAaIEBCHYcAuGekNES8vLx8eHt5892Y4HlEZQRFQcmbmnEembEQsFQWErusQWVgAFEnNJRNiIIhG2KptVUyPAhLZ3iXQVs1AUDRTcABmnlQKkGmZ2J5nf+WcS6sU+gtzZpYWCGy7r4EulAoIO1XsBgcXRRWQgQEUUkpd6hgN7mKzL5cSibXmlH9j1kmH8VB002UQGhZFlESYMJkjRiSLJAAwZTeh+UOklNL9/f13b970+50oHIfh8enx44eP/8/f/fGf/vEf7u/u//CHv/yrP/zNq4cHImAeQLnraNenvsM+pYt+d3N1c/np44dPn+SYQQG7JMeRj7lPu9999/v//Nd/84e/+MPl7lJF3r5/9/333/9///APP7z78Ycf33788BFYOHOw7rIZdEUEEU2J+q7ru3637+/uHr57/frN79589/rNzc315dXlfnex2+2Me8lScdm5Hb9mvq+AKABmkRWaFo5bdWqUpis2XVdXzrYjCgZgtlLtqXEcx3E8HA4ppd3E8mi/3+/7ftd1iSh1XbI3WkZUx8z0uAYigADibKeYLozmnbFdKFRae6GqGL5Il0vuZGF3u5SpkKzMuaO1X8EuDcYuvLfWNmk0jhfZCLJTCBPCfO7K5FoAn3WxfNbs4RLbq6u01ScQJJ3kXPeaghNPpnDs6oZazXaTdn1uy1fhVPcQGbusPztZ9ts1ucSXdlh+A5TaLSNTSrNNasIdXGwrq1hUm//yFT8DIGyLemrTme1T8w4FoIUR4DaHptbSsP7aENtks0Zu41fXkGe7gAKQW23YZestGqShmC625llbzSmnVhip2/QsE2+B+EadwfnlTb77rNgm2GSTTTbZZJNNNtlkk99SpnpUPHG9DFdTvig3KNY3XhqulmSuAd7CLfx3ETYMQjcq50qMuN7it/hfJF5/gfy1ja/hy9J/8XshGBbn0oNGoohf7nmWxv4KuKvChA1M5Sofckcy0AJmBT9TAJW5DpEM0kGyUoc7oqqbxEbP5Zdxgr3RPs3lhMrSQ7u5VHl5vkFEUS2ojb0KRQvstwLIYXWRWD8b4qVY86nPTko7K+TyVqtIPU98OSNLZd8CnFOAdYUghF5zpn1eLepMP15unlLOrtZr/udE8RoxPixNy+hwizrnz0xH7m9vbl+9enV4euqJElJH3XA8Mo95HMc8MmcRUVfHK2eUJKDhUFBi4BlA6dSWAP+cjmNG47zHVTR0ru6O02cBiooBhIBrUy7miVddVNqWE5Y1jmw1xYaohIZTVlt8LUKo7vTJX85MTKPnI9rMaEcCyC2immFMTEJQaSI+VW3iGglN1QpggTs/xKIjBhzQPDvaTIPUd6nriAhU9/udMIPqx4/v//7vj58+fvzdm9+9efOm7zCPBxF99/79Dz/+6eOnj4+HT58On58+Po6PRxm5o07ymB8HEnz18PoPv/tP3z287lP/9u27H//0/Z/sf99//3Q8HIdjHnNCEmbjiYpkK7l1E2ccByKi9ESfP39+9/bHf/nXf767vbu5ub69vbu/f3h4eLi4utrv9/1u33VmqNPsvxrICqFVR3WGqlhfEJGTohQEBK2TFtTqdjIWRMQadjk1LMaRAHWOLQEqAjhM6K4isznkzHw8DkH67Ha7/W632+26rtv1fdf3fdf1xielUhIyUJ+CdFp2gvkaEgX2EwLgSy0YGtWiKUZP9KWsLI+KwSSb1BKdOJ5sBiigqjk7tIToU0bUeMkx0oAIff0uq40tFFS2o1L4srpAlLHUAmPLaMt18oxLu2qtYvltL8dcr3ZC647nRaXYJLBs283yjM7VK6X0FnH0xcZYrfmMCNqw9suHQFO8Fcuc7R5RINLV3WQV7i3cuFKWFjt8FoJavmg12Uvk9EGfmnM745YQYGm4UwekAjDTYBWubJh64gumPXgxq+/i02ues3cnQtPf7SGPGk0p+YiCZQEsKJ5uy5AuoweCGKlRl5JJtaNrQ7utRPOCUrtq2X2aCFb/3GSTTTbZZJNNNtlkk99cWj3q2euZPnb2TT3R3y7iJ+mL0utc/hM986n0L8hni9/iv7H4LtS/4Tst1PVb/Bb/i8bDi9LrF+UPbTx8YfovrpefCil1WaTX6vSsiV/qiWYytbHWaNMc2FB0m1czWltLqZlDd66FDu1mKMRDM+u62ahf7MUBtMWLSkkWRZ3s4hW9W1VHLiIbTMv7RFtNbH2wecFUW7em85wVatoak/j2xP15+O2MVnqZclWluyzoTAJGktqIOh8wswJP6C8LRd+sMEuw5LTaV4tN0QZPMKxQzM0VOysIu9Tt+t3V1dXDw6s8jPuu23Xdvt89PT3lcRjGYRiOOY/uzE1YJOechdk6SkRVVIxJqDoxDRdIfkCUxgvCAj8U8lXByG32ga4NjMjS1f+Fr0Ok5SOzjsF2DoqaOyt7DaobL7RGnowpBGcvOuSBiDmweCqJsLQ8EpG5ULSaMJPVv8LeYfgXDRcMK3YmY9PLDvwDEZKIjOM4DENWcXhqt+tSSl2HAEPOj0+fP3z46e3bH95/+IuPH37aX+wy86dPn358+/bz0+fDcDjy8Pnp6fPTZ1ZGFRaBUW4uLv/q93/4/evf7ah//+6nD2/f/9M//dPbH999/vT5cDwKCAHtdzsVBRVmZR5ZWAMZNWwVkVIiZjocDh8/fvjhR9zv9hcX++vrm4eHh9fffXd7d3d7c3dze3t9fb3b7frdrgvXjMYGNMIoAopKdZ+manaISzdDVbvP6G5IRIWR0yIuLXbYauQxQItY+s1kaDIQQjWbnUMRZR4RM9GYEnbdsev6rkvGKNztdrvdvutSby4tDTg1vNCh3oSEQOUUx3zWl98uFbous3+yCrnl4WLv006WVDuUjZPVSQsgAQgIUCLftcDRZ0EyvCw8sRU3h3V5se/MBKSN+7fVQySz9WdaQTUm4sqSVDPB2UW7vmGwMm3u+v5ZuIB+gAXD9OLsPWGpuBxGUY2/pttfOWUwXWlVlCY5TyrS8M/SDHya0b+WMavstNl18fhYv3FWjpJ8HUjoDGq4ivzNarF8fNIgYUZ1NcOpyLLFyp8rG+XZFmiHVjEx2jJcQTVA/MlX1kpGSOUzal7Rk7WGOLClUS9tEL6ae51KpXaTTxpbGdyrNM6ODS0a/rkv00022WSTTTbZZJNNNvlVRSf6VWz0w7jU0zY6ZKzxiDP97SJ+kr4ofc/ph7GNb/Mp8ThJ/y3p4bf4Lf5MfFd+OTp+OA23+C3+F4pf9f/3Z+avv3D6aTws584yfYOteIyeMOVUTp3PsJy6Oxp2UhgxU6WVJSnYWasT97DxwESukyZ/Y1XFetW0OKRb2OBaqsNWFbWz+DNqxLWmKHQsiDc2h+ujoZZQ6xe9ZbXMq/rKM6SKE7KuqXx5DoX4slR/vyg3h4m+TAu8lnmLY9UoaWhVKcZS13VXV1cq0hFdXVxcXVxeX15/+vTpOByOh8PheMh5EBYVZsnDMOY8COcwQcnCXFxkGc8Q1Ah3qkrEXAZ9YQqaWTknd0UzWKLAkOaTCAIZWXJH5o25PkshgCiWybzQ8oBBETl7BVqNLQYndEIAQiRMgOUYGzrVd1aqcGNnhjpT6ihYujO8m9zsaGdAKxEmRh7zp+NRhDOz4Qf7/W6367suHY+PP779/v9OXd93iJBz/vDxwyjCqgPnMecxj4C6+7Tb9bvr6+s3d9/99e//8u7y5vOHT//447t//ed/HYchUbq7u7sDOI7DMAzD8XAcjznncRyOx+MwHMcxu81PURExy7RGDTQffkN/+Pw5vX///ocfv7/8538yKuH9w6uHh4fbm5vrm5urq6uLq0vj4nVdx2x+KJGIupRsQDCzGY/1RoxOaxdVQ8gMa2xR/5VhUHvVer32o8PEzZKYUkqJ2lGnqjkr83A8DsVV4W632+/3Xdftd/2+7636pSkoJUImQkgUrD5oweC2hAW6mA0VB8kAKBai1ttii3PMSJOx7LiL6kSpRf7iaIqaU08RDZhwkuekHZvNaCntLraEjlbXrjOnLtpalJnl/ZUWWU27clbCQqO3+VqKVZmABYBZrI3ehtFQZRVfbYG6Kqw30bpv3TMS1mKp9jVMOuiF+/IZAK+VU4jdJH4FGdPl9clt7uyW94INjmYDrF2Nz+ewSiyOi3CEjKuHcmx4kYJmLu5y11uynFGYTSLbVsi46KcJfnE4pompyx0CKNRl8GQOpzLfZJNNNtlkk0022WST31DiaKeGarBoWdv4ZTh/qtXfLuLnOSN8kX54Nf2Krvgb0cNv8Vv8mfjNB+EW/jYhfAN5/nllsCnl2qJTKW1jm8ZU7aVve9iYO8OlKrhojlxZqe4CSiaaTYwT4hAMncATShhcKwMIG/tmGDBmyUzb90436YWeur0whLJBt1YYbCsbf4U4oeCCrcKwpctMkq6rt1q7kqoNk6zBhFaUYksotCgWn1WqnoOapu0zoQWdlWpgbcp+qBYCT1iZw2YgncI/llraNSKLtZ7Rs7CQ8ihaXxE7Tbuuk90uESXEjtK+313tL2+vbz7dffz06fPT0+fHx8enx8dxHHIecx7GcRjHkfPIwsKiKnnMnFmE1Qe2OSEstk6VeRQxZELM0aCqFn9MVlMRUKP5BeCtCoqz6pdxOEFhg20DANKMFmiar8zlguo5/Si08I6sqJT7rWZXHXEK4EmlUCJJUDWWJK/OYojENDZbwUBEZUi1nU5ESIkwdZ1GK0mYHFQi6CmBJlEZxiHzAN6ObpMwEXVdGjOPLFkVHIQUIkwZuo46JX4af/yXP73/07vhOD49Ho7HYbfbi+jhcHx8fBQVQFDVcRwRYb/f9X0vciXCJuaubxyGYTgyi6ogYtd1fdcn89bY9X3f/elP319cXFxfX9/c3Fzf3Nze3t7d3d8/3N/f39/d3l3fXF/s94gJABVFbc0DQMKEFNQ4hGYhEmtxVQXoUncevLcuxRWeTU2WwF0AGg5EBG4AFlTYLOm6O8+4YoMwh8ENkHZdl1Lq7cL+6FKfupQSdZRSomQWZctRCSjreAv7xamOujjidGzUMzk2MFURSUFF3BQplFwQVVGBFNqFE5odClQxShIuUednWWIvgwn8NoMAV59tTofgbO94iUwcLtorYipO3guqf/lEIwAAIABJREFU4EAaakOdr/96UeXUYo3WjLO4ySbiJlvLEJxJdfW6ss86byxMLp/D6rSSv+bnXU7vkqsvnb69nT/rCc4VSuN4RHzylL4sLiGhUNSnINhs42wuz2yyp8DUFSOuJ3JYvQsNytuGtrMIQqEo1z2kfH9B0QxgmFRfwIkFzW1IkBPgG2E+s8pf07A8o/EBhwCgImpcYidkSqMfKRvZJptssskmm2yyySabfHMy1a/iietluJryRbnFL+eXa4ZXSwJfksMWbuG3EjY+CLdwC3/FcJVB+Cvn+eeV4ZlTIRYuz6rAOjo4AZBWlVbFD1yjW2uOnGt5jQOBRDQJoQEK22wLxbAYtQKY2eOaFbWNOXXLNXvPwWatYg8L13lKJ4h/tNEWvpRXoQ2FpUHLVhp4CZLN7p7BCBc8knWKw88/qj/Pfx0XXC32soTt4+3FlLdR66IxhAtZwnIQEXN71qW07/tElIi6lPqU9v3u8uLy+vL65ubz09PT4+Pnx8fH4XgYhqP9L48555E5m2PCPI45szCLCEtmySLMIuB8JWZOKmxKc1H3a+cYTIiIioAKGEDoIADMO8vsiDLLeus11IvQ0k91slhabNpE6AO4nRKnehAm477M7Dq1cTrGfXEQBOAZajKbg2S2KolyzhFvUCarioISUsBWzOxEsAAIlRGZU2ZmBcWESABKiB2mnrodJBjl6eOnfz6OCuiPAqb0BArCzJzD0aAWS48pISJ0XSqQkhFGOfPxeDwej+bAT1Qky5hHxKPb3Uzd+/fvjXJ3eXV1c319c3t7f39/f39/e3t7e3t7c3NzfX1zfX3T9z1MFO/GVGzmiDsXUFFRBSHBWIpPwScYXb8cP22Di5Z1qS7dOOP9xKCyujOzQ4zJqbcFLDRLsLu+LwBh4ReWrYGoGpgto9Lyn9GwRBjDau/sbAUW1muZ3ROsBRAV564Ky4kB60cgqlZbZwxFbeyLLuXl5y1OrG/lbikWLJ8I9CkQ9wVHbU4sW2B4s3ab3VuL0+U+sl7ByjSdp5nwKWl9DT/1xtnnxKnCvHBX0tPo1Oqhk7W7k+ML7ZkVESk78ak1baXdTt6aI7k66fxF1Z7ZwVsMW5bnbErDkg9CjTJoMzTsKTdmWwjl7ZuaYamzok7Pl5wRp0TP9yMf//6VGsz1Fay6DMEXf1Vtsskmm2yyySabbLLJryFTtOLU9TJcTfmi3OCZnM+/a64r/s217lu4hV8UdqrlkLzbldqut+uvfw3zeP0F3vUz8nzJ+D+RBl743lCyRnxjk6pVmcXe0iqJVnRwjcqvvev6UdcgO9XI6ERFs0yEdFIbvqYxnAFRpxhpC9QQGhXUTCG1roJCLIrLqpMvJJDQXelUEfy8LJSA9dlV85IOB+m62nr1kRNyRtH5FU7rn2F+eILQF65iga36eKnfL6Usz0VY9ZWIqI3vt44SdjsiTpQ6TIRp1+33/f5if3F5dXU4PD093Tw9PQ2Hp+NwPBwPw/GYc87jmMdx5JFzzjlzZs5ZRMY8Mo8sY2YWYRERyZxZ1a2Minp85RmGJldEmVUFMJx7iVb9a6MfBwl8MJqoYOM+gtGpgLOm9rk7YyUaV8pvv1DRqlApvOBnFZoJvjJQimuxGTy8PGEAgESjAiRKXdenRIiGmEmj9Y41iZAwUQqLiIoiipQSJcCknIkwIXVAKMLD8DgMn/SjqMGRiYyNpwAKiTClZJOYEqlSwYwAKCU3KyqiREhI4zAMTigch2HIeeSwJcucOfMwDAhAKfV9t9vt9/v91dXV1fXV9fXN/d3dq9ev37x58+a7311dX1/s9/2u77veLCcTGsUHbFwUb3YNtr1uHrBMlvMTtQWcViDhYvzV/RsgOA3XbHOqeWTMeUREM7aaXGjX7/q+7/rOrI92XWfOF/2oh/kojFvTAdUghQ7CKGABAOI/nxdi9q61nnQpIz+MUivr/AWRMvaxBkqJgaUiLDEpp402Xw8r62tGBbNJ0MzNugQV6B7RycyLha3JuUH4ajsEgDknL073FlvupezvTSvU/Wy2FcZbS4Nr84HQJgv0SNuconoNF00nyZbnPJb8yxm+BTOxopXFquy86xNB26+dKc8yOqa+zJvPPFPWmsYCbIttOMI0dHnea4sp9fyOGfsyLdbquqGvPlVecYK+iXE5+9qp7EnE+t0V99pqlI9AWj7s7hXjcFcDZ3tKX4KmtV/27IKh2zIpjTSIvjQ4ffBkU6xi3ptssskmm2yyySabbPJbSflZBaj1Yxrjo7fVuwYLyr97qz4Wl/rb02kUNRwIvlS3jOd1xd+QTn673q6fu+4mGpEGI6gje4vf4v/8eP3C9L9KvLNK/rx8FII7tJZeUXEaP/dJtgYQNmhNyXcJ2rVKKKj2Qw0MBKBq5RAreXABfa2acTtFpzvvkK/oxfzUTKvybbI9IbUiDcJVNHSqrrCteZyF61rN8iT+9CNtLUthXuQ9cRUiXXtvG76oHO3zM0x49vZT/JJlVjP2zKp5QJjYuNQCQAMUkFgMfjGEg5BIhZEZEmHixF3X9bvd/uLi4nh5eXU4Hg/ujW44Oio02L9DHnPmzJnFTVAOzINoHvKQ8ziO5gUvixS8kE2dKhIswqgKM4t7M3RHhiQGA4K4mc1CboNC9Aw/WeioQ/i5RIXWhVb0Mk6sOyKBQW3NaEcAlXV9q81ndcVtUa0vcMjysjUYe8ZntYvG4CQAgp0MANAOOrekqAZ3OO+PiFgYzC5mSsxi8A4hptSZK0NQYBEARFEQGY4jAAIlSsSGxSqmrtvv933XIcI4DuOgXZf6vss5k5EHfVAx84iIImIUuq7r+r6/vLq47W5U9Xg4HI/HcRyZBRQOT4dxHIXNreA4DPj09GSYZNd1+/3erI8+PDy8evX6zZs3b968+e6777777rvLy0tKnQImwCzCnA1ZNoDNFpNaKlu7G75jbdXFWYQWPi9CiAgkhsWVPBHN752qUVoVsCLVpNWkc5iARQMLEeGQUtf1hVZoBMq+7x1bRUmaNM2HQTsYbFdDRAIyiLJgYyICCgU49IMmSI73tGgfOIq5rP6pJbFSBxXUAWRsPcjOymnTuTxd9sFmRSo7nWEbBilJLO/marQwRVsEkcDJw81GprWQ9oCNw1qqFpU3w8pI0FCQNeDCdsad4cAtwBuYzehSfat1tSkdJ4CKH835dnB6zZ+8d3Hf3+43m/GztinNDR1P+9AW/+LNsfm2mb8uDqtgeE0FIjdUOy/Y/E0rBg9Wa9RCiS1LsqyKM4Jjyac48jwli54t3zZuaLcAywgp1tl2rWh2lDhkU6cerHDcoXz9YGxJC1mOK9UylUqjKSiGJe4yidYruMkmm2yyySabbLLJJt+a4OSf8kt3drtqnJfpYfLbZD1+lh7X40/ph1fTn7p+qZ4ZvzD9Fr/Ff5X47sQv41M/mLf4Lf7rxOuJ+D8n/9PUnZPxLxn/eiL+he9dKLQ8asWcVLOLFKqToTNLJVf7bEEHzZQozHe/+buIyHg2swK0ry5KtGdZg+cVTNM9/GyyeW84J6UBmF+S06QKy0KesIQ21dk1FT/V5qdq4Zr1L6AbzosNi4HZgqKnijGhe04LX6zIzjJcVYwui41YFcUFRDGcxjhtgc4pEFHfd13HzJm545y6ZFSnvu/H8WJ/ORhxcBgGzpLZQUHOOWdmzsMwDsNhGA7DeMx5GHPmPGYeecwi5oBQRZlzFmZRM0QqBeZ0N3esObOIJbERqCxipizbgV3BTkeJyvZYmYKr/VjVypU/M9HYFnR+0ceA5mxqbSy3c+08GWhp87Z2hEUSKoCojDyoJtOVO3bq3Mnk6QUIQQWEAYCQUt93LKKqiYi6ZJp25pGZxZTilICMtUNjHsdx6JI5z0PJnEc4HhEIKaVYaoDC8WkK1BARh2E4HA7mg7BLab/f7/d767jLiwtmMRJhzplFFMB60HDEx8fH9+/fv3v37vvvf/iXf/mXu7u7h4eHV69evXnz5v7+4ermZndxSV1HYY6zwMMimlIqA0BlghbMrCUvD1WUyaUipfeJSJqxU/yK2fJlEF3blRPEzl8EQYHlnHNKiajOnWKA1I2Rdk43LCVsbUuuLgsGgRdMvT6iqMClagCg5pMvXK8F9KINlD4ZjIvFxDEhES41nR1EaJ+3IrUDPkZyY3xawU+EqrYEOy+Yzz1RQeeaKwIawau+WqdGFOc72tKiLKJWji/E7rDYzxEpfO1hGBPAGCiwkHYYNBCjLz1tzzW/cU9mcmpfq0sc4Kn0q5jl9DVQqLfLlXD5TfKSLe8MqHnqiWWCtcQnuXHLffzlNrpnacopLi8Y+nicAZntjCAigMm3llkd1VPt1qLUCraGv6Rs7Z8Fl0VUmh5jPpFDmU2bbLLJJptssskmm2zyrcjsox/P6m/XfJKvfwCfiZ95BDhRkGfzOSW/vR5+i9/iz8S7D8IY2Vu4hf+BwuKD8GflYGJex06mrBZGa3yV2fH4Qt5y72lQZ2fDcHIt4oT4FaZFkRDDARZONce4kJJPycTfFt7bYH4HWrTphQDYSzG9U08huq640V950yDA6v5dfbqVT4g5aFrT1m8MxWKV4GfBe9NHMLgEJfOTGU7QhxOg3br+dM3iaoWITtgXXcYsFaahSjeUzAdhodxVoipSjBdRJCQ3PEeEmBDZKSNIQIm6vuu5F2bJPIyjSiEbSc5mZzSPw3gcDkYiHPOQjT6Yc85Z2EiEwpJ5NOeFzDkgQaMWsueTHXhkEUVAAcNdUrFg2QIzBXawaFWvajHpOW/emWbcp0fypnIG4QQvgelMQKcGrZxcM3VtiT4F4s57Fp2TCLEYiTAAACoyEEIiSoSoKAwGhUhmTJQSqqJ53ENKCAhI48iogoiIbMuPqGZWUXE8FhC9jxMRKYtyFhoTkWRGQkokAMYgpJAUeGFL17PQ3fIxG1CGiN1utwMUkd1uxwYGq0bfioLmMR8Ph2EYPn369Pbtj/v9/vLy6vb29s2b716//u7+1avb+4fr27ur6+vLi4tdv0uNldHJoYe6wE54OQTzmYX1HwXvpAZSLmQqdFPJwc+D9ohGoQa51VFb2SeQtEHdwMzjSERjSkM0IPV9bwZIDTJ0B7O0XN3D2iGRVlCcxJwwqjo1zUhr7TrlkaqghBoFc/uN2tgpbZuuQKExoNGZqlN0sG1kCyWkpeJVgLCu3u6g1h5yCBMUgZxQCAAqhinGXilIgKilys0eVqyCN52rsz3VJs8EuSm7TfR4C8z66q1eXFDEYiOyQW3ni0l8BkxyJqKCzc6GYXvmYxUcmqSJT4zZrco0PU+eg1rmNRpoHTJTnAmaqTQ533AKZTwrJ7ew6VfQHEVbrfjsblukkyVBne+GDYjXwoLNh1JpCjfv2a7Wgd1VoL0tWvtB4x8yayNnVpdVTnmZT+uP2RzAJufn+2KTTTbZZJNNNtlkk01+PZmiFfGbu/nJOQvX7taP82Vuq9dntLtr4Wp6OFXCF4ZfWIYt3MKvE4YPwi3cwl80hHmM/gJv+eI8A3dbuWszRCE0uMs0UN+7qF1ba21SAi70g6FXKypCcMc/zTNVC1ZdlC03T/fxA4ShkjbtsdvBmxohtftTpVibNWKDablPq+kLn0PRrI0AigJunsHa/m/43LyV2lJEFOIK4GcaZI33Q6tenaduyr8Olc20is+qMhvcCBetBadaTLUBkWuB548vKYBOzVzTbz4LB56pKU600lgbE6efTZYJWW+pOmUK1S3laSJT4yc1jISQEnXSq6iK7jgbOIEIwpIzc2YLh3EQyQo8jkMeB/dPmDNzFmbOnGXMo3EK82i+DHOWzMycx9Gsl7I65iji7EAWHscswobcMOemywzOMYhRRAzcQyGnl2kdlwYjLj3UxUhCn8+iYb1QS8PWaRtQoBOPQm1cuSkYYMiyK23+NrYZvYNhyjgSFVAQVAbtEiEmCv97PlEECMjolaIQaAIBIPOYAIiUMxMRhmJcEQSEzUIlK6ggct91oCAKwjkDCEtKlDSxAubsflBTgITFCxliIup3u0K24yCDImLf9QSKhETU7/oeemsHA4AN5R2ONjb4eDwaDZGIdrvdDz98f3t3d3f/cP/q9cPr169ff/fw8HAdMGGXOkqpMF+NMqk0AX3DLKFjtTgzHNK6lW3+0bIl1I5bXTE0eEjtGu9E8LC7iIjILNYqObMVhQhTSmZu1KiE1qaleefnPxRsqAQIV7eSoE4247EuFL6iECKhO3gri00DytikAPM7WL1mxs5puHLJVSuW6NeiYSZ4YgfSfw2VTc9AawDx45xNDmUdKotUvAUVBFEBVJRVbPDWxdfKMWGV1erXmabqriNbt8FQ2H3T3dRnePOngPVACyTqymLbHgiYIVs4PUNQK4wxZlb+LC0+AxFPoWUzWZSqQICLoTw5VjLfgFTV1pNZ5PkCLFa8Z7bdU1bTp7jsmWqek+lHS2D5U7S4lHoG8zo9VxVkjbIf6wO2ngtbpL5EejnXeYTPYr1m5rcuXNPDAKcru8kmm2yyySabbLLJJr+xTDWxxUN9eP6balmrh8LJXVzqb/3460qa8EH4BVrlRUlm79rCLfz3E3bVLcY01C1+i/+K8fqNlcc3EDg3/vVF+fiOsJrParypVRs1mYJxA/0+1PPcvgdq1Za2Ok0z8Sftn0bxQkACnKuMaeaUEIpUda8WwKlUvmVKreBMp6XVj2P8GY1V9FXukw3dXSOeVKxXbf3pt2uFWgBgYUYsVKhLXt2MXWDufJamyc4Q8ibFWGNLtHY+l9Bsae1l7Sa1eJlPxKL+nuiLm7uGyiwxwravwfXOrYqz0lpsTGIoMW2kidvMk5pfooSdIT1E5PbYAEUYFc3mITPTkCXxbqegJGq+BjnngcUgPRU29hqLSOY8HI/jMDDncRzN4KTBhMNgPg6P43gc85Bz5izFxGjf59I14zi6pc+gFhmImMfMwbhqjZdW+FNVUJC8ZWa8KIj5W0zzeXP6rC/dASAAFE3ZjBZXE5c8rd1VTdVr6EPjTq90rlZg3Q8KoBKYEUtm7iipt78CQkLqusRWRXDmMWdW1K7r9rs9qkge8zj2+13f9dQlVR05gygSJiIEMquwqBAGi1UBRLII5EzqxbW+r4PEQntnZiYiq5LhXo6/Kow5A8CM9mcWSq1td/1ORFgkM5s3y5zz4+Pn4/H47qd3/e5f9xdXD69evX793evX371+/fD69ZuH+4ebm5v9fm+ZJEqYEtJkmli/M3OzcMaRiwoT15Wk9kKdzD77WvdmlSvmeaZiWlNVVN26acx9JCKpzsN8JGRhG+Q2wPq+R8SUKKXUYoSBuTqN1ei0OecypAGAMAXXjsxfX7sCWUk6qi0ADcLtw7Lx6FlMM7tLwApf62Q/K+iiVjSi9Z1ZAFpRFYViHZGAAqqzBvM3i8x5h3WVM6+jygKCom2aMm1rd6zRyxBRgWYxkU9szSKlzctu6xdE/iO2rudYSNgmVKY01BaoOSBWu7UKSH4iFhvMGpsTq07pjvg5H3JauzM7eFQToOnbU7LcYhbr0kRmO86Z7eyU+71VyLMxSNt2E048s67kP8lq5TSGw3xlAV+tzspXQQOy0uyjrTxqf026I9QL/snk7gtx/mjziiX0OKtXcbRp+3XbO3YmxOwtv+S7YpNNNtlkk0022WSTTX5NmXwI2++eU/rbtfQz/S2eiIfFW35zfTX+Ru/d4v+Dx3fQ0ldaNfUWv8V/xXiYx+sv8F79uuUvl1/3vVSP/VNB7CAIEQpG3QAgM3KoEjxDRFUQDQdLPoedLWgAAQCEUSlUU2wRAiBQ6A2DOwhVTxq0FUtQcDWsNZj148SF1VwvFnUwPa6rvCQQQgEJk1mtdUx0W3wGliK2Q6Q1cIrlfMOURBkcHg13qy2YOqUatkDdlPMHpU1aHPF5E2RTOaWqm4EQE+UsRolLsQM51qkR0RnACfNaRLLGcdQswUwp3CrWawnBz01V7afxU72g2lDhajklGD1k6JkIKDpLkIj6rut6ZmVRVe2wt+GqqjkzEou4Hl+EFQQQmEdHCoQBoBgRZckFERQRg0yOx6P5NjQ+WR6PzAMzcxYW5mzODkVUrAMCBRRVdfyER2busWfOomzaf26Iek4uVKW+E4WCdhgDSpzF4xxDo8kpFJOO3tgatg3JDCCqkZykImcAoqIiCIrooKAzCiuOL24FOOin3uxGEVTjQKLZek2UCDtAsncqZBUAZLNEbAicQV6UkjaDShGo7xUxi3aiQAhukZIQSBWJEhq3TKWyfslmvoCQgiIIijnhQgYxzA8dUwERsT+JSFgNqkEkUDbMccys4aAuEUGDUSVKXdcpAAt3CXnfi5h/SmGR4XgcjsPh8PTu7Y//fHl1f3/75s3vX796/XD/cHd/d3tze3V1dXFx0fe7vt8REaCtTFiBPQQrGgCCqtSF3Jc+d8foXVbhLgd+3MJwmVzF6KiDa4juyrMc8hAt6J3dSzG7fMqJAKgK2jSRYRgCi3LElcLeaEHxmJlHDp5tscerdmAEAKWAZzbStFgmhHAhiQmJzJwpVOqfoY8VwkbQwNOjvqoiNF16FECccRibCCCgjfmIL3R4qHYQlcLi52QhKlhzSd0gkSDgDt+ahRYKFAMppTKoG/TWtiEERTcEPAXtyqmbUoJGbGS322MDQpba1jUXEGaJSzENyJ+WXn3JJbNPC77dNvhjsOujllAI0MsvldbdXbMZoX+i+TBrNojm0QKLV1vKNYtA6vw01Cz/UohYGAGXedRvlYau6q+uG7Y2m1xNEBYgNKwmNLlO4LTW+WV52E8eW3NjWb1jdMVmbacEpmdxbNmY/NryPdS/vsqjpYXioyZ46QhUD3AqlwM5PqKjZdrvk/lBqOlxEySSyvmN727DkhUUfLdQaI1YbLLJJptssskmm2yyyW8v9Sjus/rbL01/Ih6/Ef35Fr/F/xbxXatVbn6mb9fb9Ve91q+Uz1e9Ng3PVygzTpl8Z9O3hAycTj8rlIYOTItJtkabVKyulfPnfllMkk11jQDQHpWZWv2a6oO0Hnv3iBP8g1VosOZS9F+tKjDuusI3NJBz1ocDiScUVQ3vZHZjaryrVHxWsLmVzhYs/EVlydVYNTdaOTqRZvnUTCc4u7V86oWkz/lQxMkcWH9TG1c/qQwlC0QHOkGR4NoBKob9RntMA1UUUUPFRRhQiUBkF+YHnWglEl4IhTPzOI7MzDmPeTweB7sYjsPh6Yl5EDHmlJjjOvdIKM5yFOacswOOkg1yzDlrFuYsmg3nM2uWVjPObLBioqTmmcrYZuJoIxSgVNFdWiKokt12OqaAgKJCRX8EAROAAw8qqgRGF7LjBKZyVqcERXtD8W8Xk92QQgVSt4loZE5RYWBCxA7jMa3rRfQgoZs2DphagQjVsXhRQEXTfqMCKIFqgfILvG6e12w9ImdfIQCoQPA1QUjsXIQT5SrzzeCoFP72ujCJKg6BqRqqZWMpc05gj0Lfd73D6pKzcObMPGYRyU+PfDwcPn16//HDxx9u/3R3e3d/d/fq1au7+/vb29urq5vr6+v9fp9SD+ElERH7vhMVQARyzBUUqDQ3gICKClljN/OhBYVOTMmWRqZlOwBQAGqxfILIGuvm4cSuyNY5iHkyxwtDzuDz8TgOx2EYhmHINmWUNeAjcICQsKWbe5cki6Uu3EcW/EHUkSEt/v2iPAqCxcy1r/bYbhyeOKA1iLaSAB3dmS4RiAQog0iAUCzUUtntbAkPFqC3WDCbCRv3j2WJKzVNKeGa+J6JgFOrrUtnj0QTimGpZnlRUATXz2e0j8wZkHa8JryVTh+AyisLiM2HEyD4uQz1cQrL/VTbYTaXZpOdgU8N0vjC4zInt5v5x8e6Te6548My0OY5zwqj/jVTz1zNUi9Yd5NnfQvWOM7RtAjW9ikTvBzs8INajWXX5RvC92eNkeDDQqwNFmqt5pyIeYobuvJVsODL1uebTILyv9Iem2yyySabbLLJJpts8luJ/9Kp5w/P6FonCilYuYapxkvX0szyeYlueTU9wMl3vej6C8uwXW/XX+e6q78oyw/SYoF0i9/iv1Y8zOP1F3ivfmk+rUZlmV49Xtv4wmF5yXsnqiWLL+jg3NpYheZc8WqUkdZyYUMhathx9iyWLAFbheyakm6iRZrx00LluKY7m+XSQFyN5UxDh9bTt5eFqTFL1rpqO1/yJudlmpUSNCZb5+DcTLO2asSs1fiff3w1TRvTchPbZGfYiq1Oc4b5zezmLbNdLcwy/9Vaz9I0KtqatlCjJgwGQELChILEKMwKIESlgs5siQdJFQwXUBVztybC4aNMg+1XTJgqswyDeaEbu5z7fi8qwjKO4/HwJJJVWEQkS+bynzhIKMKZh+GQ85hzZuE8juM45jxKZuYsklVZRIyPZrXlzCxsACEE3M6WikWDP+We9EAc4VEd2bygmQ1gFVF1r26qgICY3Ao+uI6fCFHLOHBuR0zqot4OVCEVmlCcFCjGCEVEOGhABYjz6Yekhmd65lV7LJY5uY1KBVRFVEIltKKqEe4AK8GlLFrqsIzGygTGkiywFWCcDEBBaVAiokSUUrKQEclqRoRKhphqKSSzqGK4SDQ/fGg0SN11zJpZmVlYmGU4HH4a+fHzp/fv3v1pv3/16tXd/d3d7f3t3f39/f3t7d3V1fX+8nLX71LXpZRSIrNwaHiq24pGMHKh831EhQShcSE2nZLNRlCWJXQuGRm/sKFnNUdEyjLfzjNEpGTTZD4rW1u4xa+fkQWHYRgOw/FwPB6Ph4MZYmVlia0hEDVrSMLgIaaUCFMiQkJK2KVEiQKG88mrBGhcWwksR1RUxbiqHSUiggIrISRKjkQSAaJzQ6lSvLEw7RIiofs4dSwOCOxxNKSwIq3Rqma0FxHQTJKSUyure74FvIc1I2rTGMCPyTMMK7xYkUiERJRSV/ZIkTnGAAAgAElEQVT45aJNlMyAbtOJUCB4v8Dmv6b/DSSauSCMN1m/FcPdztsFBXVvkUGhOwsjnd8HV+Ht5z8LpvLsvuPJVkuw9o0xuZ6S31d350UTFCpeyWNWhMn3gzYZNOROaLupwLsNr36e26wZyvmASnaNl2pVB1gnrphIPXXoZ7X7JK5tfPsm7p+XUpwZI9YXb7LJJptssskmm2yyybcguupB0GQej0189cLQpIfT+ZT0ZklrNf+XvBfW3vtN6ue3+C1+Ld59EBaFwzzc4rf4rxKv31h5inrtS/PxU+IvS68r8TOLjq0VrWaOQsG9VEUq1RHNrY4rMqFoeXFObWj0VqEcDZc2IGEzq7hJq+iOO02KEr6EKDBVOBZ2GMyAq/N5ruq5FrjdSsEMvw2Va1W0LS1nthDXGSjuhTrNFz6yWozziWfNNavsTDm45EGuwodn+CtFZtrYVSZiiW9wPqk8lqm4Y0IURPOF5GYCW5ITAJGSAVEFvlIVVDUwRkIMkyFynSkiAyBRSkxd6rhT95YoMo7Xwtl92ZmVRbMhmo016PiJOy/M2YyUjuMwjgPnbLSrnEeWUTILsyN/QUJMKUFAAiWy4DSeO7rml5lF2ZlRRJTC4Js6UhgMqmhbdOd9Rp6xHFvuTvDLyHEdID/GYJkFSGi2iBFQwzOkGRHt+t5trSoIG28TwNlUBKqABCoYhw7UDd8hAQkQQTJvcALuH43KiqFYoEZQGHk0pbQVVo3vaJ7SqI7EALUMLhMiFk5EKZeVC9F4hUJUGF/mkRFARdyvJIrbWAXnmdG+24mIWdIbhqM1wufPn3766d2nTx8vf7i8vLy6urq6u3t49fr17373u9///i+ur69T11nP9bu+7/vdrktESuRm+RALZF0OZNRDIEEksgaRcFBn6E8F8PyQlmntScLjaZnsxWZt4ck5VgFY2XMA7rJxhqJLJSS1SGGBxkXYWIN916VE0Lzb4QoAAVHRhGHM0vGzRBCrO6pz4RVUxVpHQVUN0iNE6Lqu6zpVRXFvZx0lTCl1ThKtzVhwQUAkcvogYaoHXhogMNiJBc6ra52RPBEJExpAaN4vZzti1LhYmJzFl+3S7e+Crq6lM1hoiQ+2B3QK7Nuuq5RoZU2O0VTmRz090BxoWnsmGMKx0z+7fZ9CEH1OxQkks7uJrcGFlwm+eD9Ff2+tmIax1HXYMrZ5iOMRyzQ+myDWpnnFJ1igt1gcb/J11U9cVIxQsVhuLW0O5chL8ctb3hL75ko7hKdSbIaQuBn5yVarsNaMyw16vaFsXvviMf36imVq1Z7BJptssskmm2yyySab/May1Ljil+hjp/EruS3Sw5+R/0r8qfDb0Idv8Vv8LCZ8EG7hFv6iIXwDZViEcL5Uq3fhS+pyIofzeNjMu4yWWzNkMZS6RXE52Umn+tAZ1NRiYws1kwS3rxyz8TtFZWnMnqLTa5KtU9BO8fOeBc8WpL114HD2UEkzy38VC2wb4Vkd3M+QWZ+eSrBSjS9RCLY1LRbPFirvcy89D6OeLIyWfyfZtsb31lTngTwFrm0a3op3AroPP1UDEhqMEFRJhBG167qUOpGdmQtFd3Znzgu5FlHUYZKcmY1EyDnnMY8c8ODxeBzGwQwwWlQeR0MKORwnch5zzsIc3sccIDRTpRAkRxURlZGzu5Trut1uJ5nd01PofzFsbmp19mj+QO2WSGAn1gIICkjBvIvhVHxElgZXBQUJ8Emdsyglq+hWiPTgpx7AKX9aEHYFrKAeFud8Bqu4Qy3HaKSZQK6KbyxnztAOEHE6YxlmDmGCIBIR4wQdTEYFS8Ydc1YWNAYvFQlSSuTQICAmQM15EBE3lJkwdT0oMHsVPn/+/Pj4+PnzxYePH9++/fHf/u3fHh7+8e7u/vbu/vb29u7+lrkT2SNe9H0fE0Jmc6fgeS1tVxtfhqcOSQQkLGX8t0tQQUAR2nmHSydhJT01bkcLVTSgN+q7frfbX1yMwzBydj4rBqs0pWTGNqP3MZqRDOZKaCZGzQ9hhS271NUNosY7G692cYDWbseUyJw+YpiaRbceikEOtBJASkSGUjv+CMWytlPsJu0TfyKQMQgDc6yHZCYmYEA1BcbYgI1RD0BFFAjLu3GnYZyZ0c3pnt7ut7ZizQ6sLLuvdNz0Zrh2bTp9dhxkkad5eDRIqcyO5WtX3r4q2qDRbUuvsvrObKPP7qS4KGf74bOaw/wwzTJ7N9IeC9DMYAPS7JnYkkr/YhStwenbr5C1wjS0VljO6OXHnsicIDj9KpMZwLyUdmFZ4RraBihi9xhQRYqXWSkmsv/s75xNNtlkk0022WSTTTb5+vJVNcD4ldJs4Rb+nxp265j8Fm7h1w31GyjDIqwMwpeX+YvOhqzlUDSiWJVQccbc1fswNcnXHpoPtTlEVsabIHfbVBSYq+hg3We1hfeKbk6cB+IVBdfIaqvvU2ezQHlQ3L4ZtjyGdTxpqqGbo4OnmIXPWgSNZH5ZytA82MKcE8QivBxNmBnP8h1XZVXbu8QmzyqF1+s4Gwer4O4MEl7t+qrHnNbrDEDbhiuKyMnYqPlQDAbRquMmovpcADwOEsRg0tiaCN0YtqoSqTALOkgYhvmcq6QqOTMlLurUJJ06K8sHs4g6kSobpyqP4xigYR6HYT8MmTNzZuZhGHMehLPhiMxZWUSVg2JokKN1izkvFGZQ52apggGEmbOI2GxgFsnMwrX+wc9zE6UiKlQQQ2YEACRywq81UZgrVACViZ66+iQD1Gg4g1vcuilAeZGIGP7RWvGfaNkrPTT4W4DVqCmiqlLRsCsEXmJ2Dh0Scn7bDN4ANrOqKuZr0ZMXO9RGmCz27hCJRJGAEBgQCXypI02UykpKZqRWCACQ3VSpKIIqizBgSmiGYc2zHiAZjdIopIenp4+fPn348P7y8vrq+vrm9ub+/u7m5ub65vrm5ubq6qrr+pRSSh0F9IeTJQ6XhCRVlcyFGDfpd/XGNVOrtuZGM/iMSuTcUCiooBlYOQHJLFdR87GXUupTn7u822Wjy3Jma2Gbkqnruq5LYUJ0ssEognlJBKKEiVKh5BWAsGBR/qgT9gjBTIn6sow+nJ35Z5UyW51GSLUudIDQM1QidExcCVBAja9nJ1Sa9cbHiqKS7582B7z1W5yLAuWF2JCh8lGhIEc2rOrIbqbFGYl9vKBFWo2BN4ct2u6TyfPT+WeDaHmax58y9mKzwWEpQ+zgoKs2xtu2g1X2WKEO+5+zsjV7bbsprUBnFtt8wLSNhc315GZj5bx9uP18aD6doiirry6s3kXjt3t9NHjJxkZ+WMGuzeyN0sKWk52xDL8GzZ3w9qY7t613i+M5tWKIPuvbD7V5a+pUIv/YTJyYaEPBvPA6OsjCKmJbk4qf/Nhkk0022WSTTTbZZJNvRL6qBvgluW34yBb+Rw47CKM+pk7Yrrfrl13Dl6XXr1cGfXEZ9Jk0DTAHTcpSZr/G2bt0Lc/VeTTPXxUwBdUDq9IJirqvKIqlepbyzbFY/QovhmGvz/5XXTPFZnqCn6eNJrHk2jaV66tnZUcH3fwKix7WkpX4omtb0TnOcMoXQmUvtVGGM3tubYbYtHBphlW14iT+i0xvrZotXUU3z+Q5o3iuGw2booOr0OCzNI4zZZjdOsW/bJMUAlPwdKRxjWY+BUmnrW9gn5tgLLNAATGpKIVq163bASIKAIMIIAClFMNMVZCYkjS8W2N0VSaNMxAzc+dGF1OXRUWYOeexG3nPCqLgpkdzziAsKpmz5GwVyeMwDsM4DspGGRRVGY7HYTDUkJmzWxsF2DEPecg5qwASioh0zMyFVSYslMicKeZx5DBkasUkxKSghCpKhohGfYy2qIYzUYzpolOuPK7AjSjMtDIzYpgbjXW0cmLKAoNE6O5Ptfg0dDt13lWqROYgUNyRolvRLN0LBvJh6XB1j4ZlmcvCDcl1opt3TTuCqggoMAgCAqBocM2AqUHrgIAJxKl4ZIYsU4dIhtoidkoJAQmh3/fMkAhF1JBC5mPOOefx48ePKXV9319cXb56eLi/v7u7u7u7u7+6vr68vNzv97vdzlA3omR01Yb/N0EgVFSYncznnugwwBJVjsmriNQYFTRvkRiWTQqtc236zc4xFOzWIm3GEZGQdKlj5r7PZmq0chwTdV3XpY66ZOU0P46AhkxQoCZIiRISYaEmgjsZJetk49shNadUKFGiJKCV9ueLg6ModWSEKUfyV5cqitskDlMv4ePW4LwWwLJ/rIUV1N86hYcg0Jpmfyt5ULWe6jMKNRiVk1afblttV0w6CRFjumjpoxPr51KwyfzkfZjy2bSBTCNYWeSX2+6qqz/EskbABGaclgprVn492+3WUcMAwVa2obbaVo/Id5K+Uv1OSilP85bixHTZGopoQUxk+7aJz8RaOpzsxdN9X0tavyWVSd9Wf7KbNwPRToaVW4Zxt05Gl81YNriyg0wu4lFEBFXOLHFMxA4LiOo4jiNnZoZNNtlkk0022WSTTTb5dqTqflf1w1P97TINVj0tnMunXuO3om/frrfr3+C6K/pBbPQN2/V2/dy1/jspw7k0AHEgvuBfJ58tnDssbvZ+XvlpBSCcqH7MZVjR+Hhay6QyPIr5wYIOFuVsY09tQRTzE+VR+8XBdHXwoKV6xUXoWouTxLhwHzlVkbrKSFi9XpXzCV6iZl1qY1sm4pIJ9yxi98LSriZ+uV54lSO4iuq1zKEZ8vpCwuWzlWqVj+0oba0pBihChQjoeIkUvapGglpIU1qWgdfCG4TkJLIs2FjKi9HunLM+JSB0qEydMVagGnFeTqNmFUEWxA6IUYQ67XbKnDln6bjrd8YhIkIRPhyOBvipCrOpU9lMjI7DMAxH4SycVViVj4fj4XDI42BcxHEYMzMAKCgd6QgDsxChkmrqicDwGBE5HA4G6ovw2KVwZCjCfBxAISGRqHIWFhEzOEmkqpk5m1/AMNeoqsJmKE6jnaiYFa3DAMBwI2OBgdqSQXY+IJBNs/wIwcCtFM9W6Wze9QAQgRTYDwpALI6g5gyyUAMNFSVCVSpeV00fvRjACH6apD0aoU7IAkAUAEDx8WmLXkpEKSF5ZEqJhXHMu10fi6gwj6Yr7/s+Z3aXkIiJUBQBNI8DiwJgSt3h8Pj46ePbt1fXNzd3N3c3d7cmBhN2Xdd1fd/v+75PKQG4X1iaOFeEsryH19gJjrSk9rZCRJydetvO3tlq0066QgosZmm9iYAc5iUyHNrc4zlrMCBMN89KwbsDuNjtzdGjMfCS0QiN1mgd6hCpw21Y2KaYRAXCJq15KQUEDdvUNNl1K4nPsNFSOxFGFAgDoEHfQoLiY29xmqHe0sDEEUCioaQdUo01Zv9pGZk5PzimAczW3tkBjpM2HpVihVz3EdvaYV5be+tKO93RHI5dMSk52/WWuZ/Y9dY3KQRRwTWMb8lKn2V1PvNTe+Iz29Jq+rN72XIrXCXfl7sTf+3Tevs6MiVKzpBCO9DSxtgJh6WUYrS8vYbz16B6CC1AOHvjDBRsK2jCmWMXE2bO45jHbL54M/OYx+MwjMak5vyiRt9kk0022WSTTTbZZJNfR3BNp4pr+ttTuEY9D93ofvGkzhYm+T+T5/N64NXy/7zr02Xerrfrr3XdlV+7KxZIt/gt/mvFwzdWHpsBMItH0w95Gl3LB07Er+SPLRZX4i2P2OxMle7G5fww+QQdxKLACozFeVFhZdSBQUMKseFfnFZoqtN9GsVUhKaOPElxewmdzpS8Xpuqw60axSZsn2raVvX8e5Z0hy8qauv0a02HeF7l+DPlpEq0edmsXkuMc8ntWwKEq1rRl3AKl/Gr/MUZnDMjLJYx1pakAbaDixIKzfZR09QToSKZkbkyByghUVIlew6JgByVEREFMKAj0EfWsLHmRRJRUWZTpfqrM2dhLsZCrXSiuttfsFkWVQl0UBBROI/jOA6j8OiGRlWGw/FweBqHI7Ohh8cxZ1XJOafU9bs9KFAiqxwRGAKac3ZwQkU4d0Rs6KCI5LFLSQGBSFWZJTOzFRJRVB2+cRYYIaKKMgCDigBh0NXIXPIhKKSECbEj7DoCJSRM1KXUASEAmU3U7KyS6DhVTangXq1uPWKCK4OO5wWwBwqOMzmy4oMBzcBjMasYTOgpchY0RTMy62Mp0GRsjmoYeqyiAiyCxIwGPob3SgTOo0OenFWg+N5TYQVEVVINHpyttP5/EebD4TCOw+Pj5/fv3l1cXl5fX9/e3N7c3FxfX19eXV9eXF5eXu0vLna7Xeo6w9tUsVQq0G7nbqpqwcmt60XBFntDPMuvHzu+5bAarC9GS7eF3nrooQG7xlNUVCBn6BGCuJtLwIQGEKbgDhIRdsV/IaREMX29OuhGRMlOqJAz+WwoGPcxMDp1sDAAXyw/t8p2YL0R+46WPaokoNjpAAq/Hsy8buyeBUaer36WT0epWSsh9kctJELQ6cM2UX3EoYV2AqbdlMovzDpkImIGV87AxeUyu0rXflYQ0AlvPrfOLeOncj5FR5tvH4sS4VrJ28Q4fyqWiKY0sNYy8/3Ivnam3waBScepqfKCSdtrpMf4/V7HTxTGPUhq/OC2YezlUwJUjE/CuptAnLDE+mYfTqLFICmqg39lRZ3tqiXkzPXPeka6YH1aXBVWRqAtKnGOjIuxbGbmzE6MN2vawjmPORsuOA7DMAyOBobV7TFXCHHZoZtssskmm2yyySabbPKbydJTGsQPgS/UA8PJ9NjG47ekr97it/hfOT58EMZP+nm4xW/xXyVev7HyxEz44vEfqq0Xpde1eBEHwwpHoah+INThoQwtpMBCDQnEBZy0B0AIodF1JWgDxkztdRVUzOvfbLzQaG9PqCjPQ25ToMgqXfR9UybTCaV3KP5cF/cSQGuVRbHkNJyXha6zaB2flxfqc7/k7euZt817voIzNuHy8fbVp4o0Awhn/Wt/Wie5Rn3KWjAXclg0/Y06tbCdjF1URqk46TAgp+o8z5WkgUooO6/C/KGFbhiJkIry1g2bllKha3tboYQqndXFVKyqmgD6vldhgwCZWYXdRKpINueFOeecVQVBh+Px4ngYhyHnPAzH4/EwDoMIW0rO7KM96G6gMOZxHMeu61SFOQunlDoRERUVlq7rC3mJUETHHBpdWxw66FWFJc4PgIjZUwVnDRqJq0++zgh0hEaVI4feMBF2CcE9vKEoUkoiUg4NOAdQKuPKrqO5pMLAAfzX4RSDZTmVVk8wTEZdQD4BlxUgua4t6CcpnF6j4Osnig0FEtFECAriNl1JGIPuVtZ9QxtH0oSoiFSXHNWcMyIIY87jcDgcnp4eP3/++OHD5eXl1dX11dX19fX19fXt1dXVxeXl/uKi67rdbtf3u67rnMJJBMnJsloxQ3cqWddlhoZ6iLEpKOrKhJ1N85TSlJXb6PcRECpaSUSGJhRXnr4BgSKoOfREQkqUunBGaJS+ZvpT/QcQp9NaoZi89r4Xw69BFYIvWLcmKyP5VygChE2LGPgI7nnNB1KAeVh2tCiDHSEo51HKjuAnPwsopWWzrwjMylq62EyggciWy+Vs4ygwVXPeRRvUc2XYn86tIHErZEEtZg3Km09ghM0jz5u2XitTm2he0pPA52LaW49N3rL26MqGjuVWS9erpbF/KD45ZtXRik7Pso1voXrgqz02ZDtXuP1UUZu25asmDCZoM5w0jp7YuJwagZgQ/iYiKxTAABfF94X4k5mVbf/JDgiGjOFi1P4/5pELAJgz58wWP445Z3uneb7l8Oz70g+mTTbZZJNNNtlkk002+XVkVeP6cn1sE38yt2lMuLb4SvrnU+G3oQ/f4rf4WUzxQbiFW/hFIXxZev15Oayl0RfnoKtpagycL5XCC+LPlwqW80tVQuklfvA8LEqJBkoC0CKCBZUpVJ5K6zBFFjiZo+rtqjoSWhWWqiKaWbOqxGtRnwIQtvrTCgiFzKgJM/xp1cJn++BZVKwW+BSg1Wp1y7uWaNaywG2aJQUnEhgH6+dozOZ0qGndX/j4auQSLGwtf7YVnzFHWzuEs4q3ssJGal637OJ4DJ2KAdhqORNhOBWL3qnvqWwMnAxUtOepAtYA4PpTH9c2xsWNDSIhqVnptInEEFQpFUCrvmcOSpgaHFNEkRQAEiUiytncMGVASKkD7bTrRESVLXNCAnBmhvmrM1Ck3w39/sK0rsNw7I+HcRhFsqqyOS80QocwqBKhiAzDMXWDirAreY3IGNyQUAcrACUSkXHshjSMY5ba6pAzW1JQZRFywLWas0vR3kYGNCoXiICiKormrILUofmcA0oIRKk4+lLwslgfmKnGgP3AKgKlbdtDDQGRNCAY1hNK/rfjcw1hZg4rqI+ukssK/8k09ba0ipjGXsy9pRAiQM45ERElA5QTmfFVw6eTDQARMUQPkIhSQUMd5BNgYBHJOR8Oh48fP+73+4v95eXV1dXVzc3N9dX1zeXV1eXFxcXl5X5/sdvtui4lSqnrDCwseKEvrQoFNvDpSQjiy3sh26vokmHZ1r3N1guMNMkWEdB6iqytmAUg1+3Y+IvqUIkiALndWoPanXIXvew4IiKRRn+IQyUUScjtU7jtzLpeYPzcitMx4GOtvCM4VHMkDILRHgc6gwsYFwUyjKWoJFgsPajxdoUgesFJcUpkjN8VfLApaL1dwLp6IMcZvyXbtnbnCOuxhM8Z3S1aFkmxfOHPy1ZzW+Cf871vcavdd04WcyG+8Gr9noDA1XzGt5kGyNz2Y4GUm/KBn4koS02trDRmD+b7vmcsk7qEi8FYx7DtLwOl60kEZVEQVdXipc8QfDDDzgCgIiIch1p8j2Hh9tPLD4G4jYjiHhCEObA+URE3BsqcOdulqHDOzMLCktlYgOM4Crs7wUogjAfd3ahRCVlExJYVvwaQWAGksB5f3r+bbLLJJptssskmm2zyK8gSrcBWtxzKhFM6Yax6WjiVZhriC9Js4Rb+nxp2rZ2cLdzCF4f6q+RwPs0LywA/N8+1az+q/7IcVIOxQiW+gG1a+BIVtTCNEQBUt21NFap9LYMEXfsMQJFatRAlsFR/pkw0nd0MoSlO4MI4VrCsQooaegYcwnMyd811VikZ3IiVWs9iVsFCq0VLdSp3ZyjaXOE6NXg4S9BqHmcq+LbdSoLiYq004BKPLNelcSr5YNFKq2bojIG32uZnIMBlu7Xq5xYIbPu6Za9apSyTxpWgljZUVcNpVkoVCnoRbUcgAhCiFEIQgIJSItLEyMyiqkSJEqqzrKB4JjNtZ8BF6j45oUBlRkSKmRHFYmaRLmqHXUpgXu5UEiEiqZKIEO3cRR8zgKZOUsfy9P+z92ZbkuO4ligAUjJ3rzrn//+y17q3KzPCRAD9gIHQYB4eOfdpobIsZDSKoigOcmzujV97Dr+2aGvanrptCzVsa183Ee6hw6liYpUbqBKSAYTP5/ft+VTlCAr1DN+4ssgYQ4QBBFCZ1cC0dV2RiIW3bQDo0rpJj6pqV2ARHkPVgp7NCH8AAAStEQ9mYd6kUKyoL6sDQq0RNVB/oLR0NICoIQIKm4CkJh2q9i4B8VhttudiDhZ7efddEBj8GxcH3bHJVAF4iiqjMVAV7KV+P74mvZg0ollSQ1DUBKsRVMXkL1UEgbMbF2sGBwI2RPtKSorRtw1tJWqiam545LEhbs/v33799Zdf/vf/av/r4+PjX/8yQuHHv//9Xx8f/3o8Huu6Lo/Huj7WdW295QxQA875cQBmBiSgxEBLKmGMyjqE61cRQUpAbNdQ9pongkRgewnyCeKMHRu8XbXvKioIAIVNOTlaIOALnVMLRZlMThYRkVyMMUUa/UbKboAYgBlNMHpoAHUB/6G3TQiEFthmYn7RXb3P5HIfqrQISEYty3mvQNaAu5IvrZCkD68TaWWWPhxPSl8+LzgcJH/68uIQQT1zaTgtnRXZ0UPJn2w3+XybziR2g4ro3G+EpRlVcw+Tjcr5cmOvCuAoe4jKlrnDYpvaKqN6fgYTbBUFAiLyjsXiAyfiemqAqFAWbhGBQNABsv2i08DuzWfbNrJImwrCrNGRcheOzaUsKsxiACFCEqZtlbflknmoTKRSRMbYNNRB2abroAXaVwMCn8/nto3tOcYYz+czob7BfmyIoK/Iotu22XSedzHxxmi6UCVVAfHZQL1J/bK+E4WHDI0V9LIj3nbbbbfddtttt912299jE62YG0/L33KRssu5/7xMx6ucX/qVPrvWF6/+2z4/r/P9eX/+EZ8dtG7bv4/v4y8ew8/l1z+uDprHP6rDD/v2kbayL7NsQ3+d/qNrndIrHuPe7tCYMtCkBY8H9jhcAW/C2R38FCyOuYMn+kDmw4IWHnLODEApxnjAxi7RwTOsZV6zvK4rH15RYWZT/mR6XrdKeNU6VDfo4SxLcVnC68x4ZPmcKv+J+7UeHxy1ySiqfLv9w8WD9/Z8odJ/dk/kp6wWctlWWIwmaqLZbn5qOv/3N76jcRxcwOjo5qzD3k0+Oz8CASXaKqJIRk6idFu31rJWYuMNkVo7IVlQ77e1BqDms2UGVEWApTfEbsqN1o3zlsWQFmhIbRUVEUC7k65I1NeVhYW35zbGU3g0wHVdejNE8OluYuZv379tz+/b87ltTxE2tohFOjTCBzt5ZGPemAcCSxMFMHyUmVsbIuqUPmaNPsO9J0BojcjBTEFBaLOT2DVFxgaKSIgNGxkSZohLl8VDzhmS1pqhwswjnndy/nKMHPq/JuYUGyAk3zsOPURjKiyPCSGY1c70qoD9DsMwCCC8+kD5Fu5AtfpsmiC9dafWtDXPiGhgcEMUQ0w9P5HMDu9BLhnQHhLS97Ftv/7667r+f+u6fnx8vL9/fHy8v79/fHz86/3j4+394/F49KW3toMJs4Od5x+HPQz/AKw0wRebRfBMbpvcL9UQ8lURVIXWSlMklhBN6tBaaCQG3gpWMdJClHYAACAASURBVCJyuhWWXREIp9lDa/p5fr6YkwP6DZRQd4q1h/kbvm4/PSueCnDJ012J9dulIiZOsO538LKwNuAVOghJdo/8CZf+ACA8r54Xi1cUc7poqj3PGuYcHnuMIMHvywU6QlVe7/4ph6ICEEzf3PpT+sZpESwrVB3ywRScor9mzGx3aLw+VawFV5XQWO1UVG3i9nUB0QHC4OoZ5XoM5m0bPDJEYOqCmtSno4Am+7k56c/S7apjDBYnEZryhN1SZji0W0SxVlNd9pCFYEuPuAKqT/5iARhFhYX1dw+U22677bbbbrvttttu++Nt+n7jhRWrb/mQ9eSPxS/4hO/j+/g+juM+ZY/A48Dcx/fxF471f0AdIuFVmVfHEeznS9dS0NP4Ki5Tj24TwlNBcgoYD8zJiFDQmgnbmNvYCsrYOOkmw9gIr3VFnAQdzO3/8Yv/BBBhn17Q6bzqBfA7OBbNnwU/Y78BNUxQ6ewFPZAkvlLgIf9nvuwrj+oBTE07UCfzrNqwBr28AlBf+ZfPnMLpsv+yHdDBc+UPjuYKaoY3toyg3aUJJobkLDJw379BSTGuSgeNrmuJIur6l6gYIabEGhUyBFlpj3SQgnq0P5dS85+NP2X0EncfU1BYkJAAyUUo0aUqg74DKB6hDgFJu5jf2phwgtS6iDlmt20bY1MeBPBYeyNikWXbjMcyxka9j/Xh4qIyVERFAJS37fl8Prcnj6EgY9u27SkymHldH2MMQALQwYMaq8g2RqPWRSz6oiqYu9la1aaKMcagMcYQkd6a47lWKLIKiQf5AwUHKx02EEUi23mgrQEgm5tbhnnX0ag9yZHavXaDIwXRExCDGhj0HJ+aQDPMZJ30NIvMnOpIGGZ6zlH+DWcnUjstZsSCT0zsDVFEmc253wKJ45AebRFrrwGo69eSx5hTtVYQIlLRMcb37996a7/++stjXdf18Xh7/3j/eP/Xx8e//v3+/v54e3s8Huu6WITC1poIM1PM4nGpMiRDMhQBDJPTV4ziFKy2oYzoGI1ryCNABMYzWF2VgpemDhLs1yQjg5XniedJQEN5xZo9rqsz4JtOtOYA7/nIn3/pFZni2RdsbNXDrEzCYHs7T3tWwG/H50oNj3uC5pu06rE+kSHX4s8q8EPO1iWnvK7psQJmHh8sJfFi/fqcQTgT405yasVA6xHKK4r6aAaf1JPPZ/0zM0ZOgMyTSsVH5M97pagIEGnifkLRgwLGnsuYDYjUOdAcGpniMg32FRFUmTniDEoG4zM6nst3ym5UqvJg3njw2MZgEbYqszBvg21eF3FAcBss21T+TGrglAONyIIRgtBYhlYH2y5i74YztLRN1l7XhC3RZ3cXqpbc2aCgoqy+QIW4sHUhVEAVnbTJz3vjbbfddtttt9122223/aWGV75WzGOY6a9wjd3fO+WPphe+XNiV/4Myf+wTvqz/bzt+Xef7+D7+o46TQaiBgtzH9/FXjuHn8us5Hb5w7lUe/XIdrvt2dVN+el8KX0g/Xwt21zqlm/KeFSjiHjAXXNRw9dZQhIDhs9PUHd1he/Hf/A4AEZnpgDe5Y7fYnuQx/e+fuA4nxAXpJ5wCaAfSwyXR8HP7IYxXWyZImfNr1vPALahe0TMt4zJu4icI5fnXgwrcoZEPbXjIU6NL1p9eXfqA3dZiP6n2oZwLhl0p6vDs6inlEojRW3Zck/IAIKDBAxIxu2q4tAkpgkIpIIgyGJeLwOKr2UUMD4txmDxLAABC0zZN9VerLWWgM4GpvoaIvTdQk/+F3eOykFVEhKQKKGI1sdtvXVFEERBJSJCbRJv0hZkZhBtqb4igzGIMPBWh1gCJxzDP7RhPQwcRYHs+v3371r9927Ynkm7PZ392G9lORhEVHs9ta9smIr2zxykMP/s2xtg2c1dTijQCNqSk4hmzxH3YItvYRJzpxzwsnpY/XPShPVqz6IbMm/AQERVAFMQGZPw1TLHkOgYhgAoEAoSY03RSnrR0+OhCCjWaGlpPwApZlIh0OfmhkYyyA2eUudJ76/AB7wuGCHZHz5zh17A1kxwFUFXyfqcunikivgw1C1goyMhEzOP7t18RsbdleTze3t8//vXvNwtWGPZ4PAwjREQ7aK0ZLH0e7zbnq2rdbhH84+R4ARgscKKaedsHSIaIqH6u0bGQQvDTMBgNDpILRu7mGX+URS7SeOw5l0AA5oZm+rhWhOOMnVttMl3nb4UWue9MOV9cryDnVOvDX5kJX9uF+uWrPSKHDNZsZ7nsV3ZJD42Wj4c5C3fcMXfJZDGnhePl/o/LyR9jMon5GxQ91O18hbFtEbpr83wxitczR6i1oFhwARiXO81JvC43IixCGKFozwPZ9pJowfFk7mJRVRciduAscUARRy5VmG3byMF46BjD0DoR5sEjWICbQ3+bEf6c7cc8ntsYGztA6PxtkTFDDko9mDEID28OWXlOiBKAYjpIwYm8ndkmEOhgBLM20WBQL4EQITeW+Wrq88Qe+b7ttttuu+2222677bZ/gOnJ74rVtxyZXvmEcfpp4VWe/TH+U/zt9/F9/Dcc9/CzlU+Yf97f6Xf6i3T93eXoF/Lrp+Xon3BdfVH+q/RPy9fwupT0cB2G4FPx7NpvgxlBM8ZZ4IxHJgEWIGeunuYRFFDSmniJWh0EuAx9VEVQgSQTEuQO9Vl/9S+aIKFdS0CdLTTJc5dct1q3A4D3ue0Vz3aJr9ydu8a5ogkeUNKaWG/hk0oeGvkSH03nvin1TRJbSAjWwlPS8xKis1OSC3WoTBUfe9Wkh5Y54r5XzsqEBnd10+MjTuAQjvXaNRdH/CScwAwRYowHRARzs2YT7R4NgHl1D10Iweh0GeautCRQrT8zt9Z6IyoROlVdlDKeYKMCHVX8ZGMGhdYakWJIL1qgxN4BUdZGIKzKXWHVN1OSo9b6smzbpqpLa89tY2ZjJW/bsy2PtqzbtiHIs39rrRugmZ7lbdv68/v353OIUMwYpLAxb9sTn08g6gEm8HMYuKat+VSqFrXNRebGGPqrcgzYoZztIDwUQEBYpFPvvbdGvZEKMSiriDARgDhbL+VBJehrAKBqECIF8ieGFojscCxNRNMxclA0qdRjR8V9yifw+ewnyWnbD5CEPIhIFFD8ckSEJCRidEJyWdEZvrB0QkLmIvNMRM1m69Za/7b8+u2X//zyS1/WdV3f3t4+Pj7+/e9/f3x8vL29vb29reu6rk4o7L231nMUHHYVJAZQ5xOLFEt4vasgWsCXF0RKBG0/+5dIhxEdzeK9gShYBMrjhIAVM8uFy9NPT+RzAvclu3r3dX9sgSzLgrMbuS+gOFu9KKqN5UDKFS7T1XcUfGbX01xAg1h2rrwuYr9MBEgvuTMpF7s9qnpcXw5l1pXo0D6XotnH9RFAQCzqnoFIlKH+dL8gAVCQdhOXszmBAt4ntE0LqX4pNvX1ZclLS+3wE07j1Bed1VOwGKETECt63flKY51f5pwnSeZj4UDhJFl9RrYeY/DgMcR4fuLKn7yNbRtb8P5MshMkccfBYzx5sIgqCAiIiCijRWkt7xcJ6875Vjw6IbNBklJvRFWJIjS0qAYieMkptniDPiM1sokXYwprPr1YTFlEQmqttSaqZUPFbbfddtttt9122223/UPs5Hfd4RfwIv1V/kjHr/iNX6fDl/Of6/9P8eff6Xf6RXqH5FHVTzil3Ol3+i4dfnc58IX8cJGee0D09OvPXvfis94XfCH98/s6lVAi3IhtjzePuHMCjJFjTlBoiDDhjVghq5tvLptOmPCiXXcO66nJCXAUENx9mfjklLByjiMioGkAOq3QmTkWeQmC4+M8EgVRRXP/V0LMJ4S2g48y/doA5h49Vv4MxdXySx6oXlcJeqbdaeTfoUJFJMCSpF663svBqXrpnX9Fy6v+3AoGHDyzh2xnN27CUa+wyR9CrZVvdIAGDxe9kBXdZavIwb5l4OAv3rkfsy2yWQhmHQgICNRFKT3KJiQP7gobStRc0zlf+kb089nTDJghwqSnxGaxZhA7GHcRUZ3qm+dndCsgQlElhAS0wDFzJVQeqiyAgIqohNRaR1JFagCw9oX69zGGMENIevZlGWOoyNv7v4QHoRP+ns/nt2/fWKkrUX8oQHfnL/AY9PyO1FpbHkELUdHt+3P7/tysfNRoSch4gQD666/fRMTa+fvzacxCBY/4OIS/P78p69ieY/iEBQCNsLfFuUDoSqMmw2kYgk0dgK2ZE9pnGnKXuD8a356XkQnjYYOJt+Zuh/mIj1Bf0gdd5KOIVCJE5MGMUJBKldYCOAPpuaCsKDALCpOY7mdr1Cpp27g38Q2UnYeKiKCkHo0MGBQRngBjsDnge+/ruj4ej3Vd397f/v2vf//Xf//X2+PdREfXdV2WpS+L0wmdVkip8VtRw0ocHGMcJpCDanQIPIqDtn4nmLCXB+20RhRDhABRyfqJqBgcR7G3zEsGRDAipSm6Zs1wNrVvbbnkxl3Ob7ucV3OsHjHI0j1ir8K+vyiAAir4amJIoSTaGJiggl6nJ9p9bfEoFI59NSpwmb7PFIv2nMD8lufE6e8Oejgrd5Y4Dn41+Rd6WQELf7hS5DtBo5Y340/b1seYERFATag5VH2nJCfONyeQudxKYHqgOranxOxsBxJwmbMPQzVUclNV0O6Sf8cW/y/ZeQYaMjM7yMcR4dVQwOe2eX6RYbEAh/+vAIkBSVqV2OIOsiqKisZzsXw2hdipTpl0iU8xVrzXFCbNUhXBowOqBM4oygj5ymfvWaAKIiHojAb+IRESttgVkyt4CEQQUOutUYSoVJuoG9oUZisgYaPWW+99B2Dedtttt91222233XbbP8VOflesKTD9tHjl3cU/xx+OX86Pf+h17/Q7/U9ODwbhDksoiOKdfqdfp+vvLke/kF8/LUd/a/3B0xFAPrkv/UL6p/eVDMKSLqEQJbaJXXTWJ7xOgRZ6bWcQoCCNEVGlP0xawcRhdC8TmnhhVg+Kqw2CwYUBH9od4XTVOjIz5xMvK+TOTKpRZHfdVzqcNeUKUdvBbF9UaTtlRnRdSsjbLFc80F3wcO4nlz7U7UzOACeTZXtO2O8AnaZ//MiE+/SWS1Cl325XaN/8uueHXDRFnHVqmQBpVKuH+1jVtidNYnQq7/ZBOYHAB80B6zg1XFx6Ppf99Xa9K1yp2Q8RfThTPA4bkUQeoGkOcutA8Sh7716CiIu0BUiVjwhBGJ3m2LAjEVS9PdUOCoAMKKi9KbXW19UIKyqsoIQgLM9ta9+/AXZsixhHLwAbVR3PDdvSlwGqJhopqjLGsz0bfWvbxsyImuEVK0De+wpGhkN8Pp/DvOkqppvHMp7PhYeouHOdhRJnynslQJmTBMTURYTN5j5XNiVVQINT81nEewjmg53TkyP38xvSi0Ex8+zmtygxOtbOdgQsl0gNrT/7ZJUBIwm+dfy21mwCnvRWVUSJQcE8BvXR2mKdLGiCjYiWZfn4+Pjv//+/398/1vVtWZb39/fH4/F4PJZl6b333hcDC1srlyvzRrSDiGRipuyHsHXXgi0h4Jx5MEKXgYiSqTCyCCgCAaJaoEmcT8U3jiStvSxByVPMResr89NuZtjT2goueHhwxxM1us9ufUdXOC1PX0GlhDQs6SABc+M+HU89p1oihBfo4NwNVJfM3RtCbr7ZrXdJhIsOLT7xHOFyEQGiucXnc4CwNPNxZ8nlJK+qgEBFZsDRKqeyOaYFiXwFRlj2hWjKqCuLxm6jgu5NUnOG37M3I+FJGTypf3IBAj1nRvVLeqKlOAtQxNiBlrJtmyUa888SKw1xSndGDeOHQDOjh5haM4TQedlGEpMKOiu9tHO8XzmfUj1uKqBhdjCXEg1JVzU4EAFQqTUjNzcin72JELAhmjQ0IUFrnRrZjgPbQtHA1wAz1zZujQgl997cdtttt91222233XbbP8fKZvT5efbrHtNf5S8pr/zGu/w002v+WqvP/c/n+v9m/zn+QeXc6Xf66/SuJhe491u4d+NOv9NfpuvP5ddjeiJhn5YDF+ma+fUH141gOKfy9Wv3NcuH6/RX5eih/lDul5mLv8koHq5tGNQb/6/q46lLc01UqerdJSaj4gMbpxv0msNRHYUH4MpOKgfTq1X5clEyXuiVRUkHX2T1v9cqFffo9GgXv7ZeuVCLr60UfonVVaDr3CD1rFfI3CdO1Xripae1Fn629Eum+uXlLZzrc5YGPfx6votzrV4JzaV46SfZrJjTd1QE3dnumlbtFjEX50gJzoqR9gAJW/ZJ8wbPVjzfWsVNVSu0F65uMPnRqHXpSvaThWbyCIgxCsNJiykxavfm3B1RRAASImoWkU4Mx1RWReyIyMy7BhS1h/58PolaawqAKOJ8EVVlHWMTZRsCYxtAHVuntj54WCgpUeExzF09lq2vb6JCiEDAG49t27Zn74/e+vZ8ikjv1NrSqBnXl8UYNbosa+wMAGPVDOYh/Hw+mYcoC7+jmtbreD6f27YJc/iS7TEhKTBMxlPQBw2eB3f4ixKC/z/aNfAX35Ggc8pCoxCbYGxOnbjvwucxUXujEyWVcgzh/sGXUZMzz+xaqiosoEcytPnWmZmIAMzB3rQ1x+rKVEytrw8ngxPRGN1wRED8z3/+85///Z+39/fH+rau68fHx/vHx/vb2/p4rMti6qOTU1gIhYFS4mHI17nRauKMNHR8towRgNMsl4hIxDMjRGhEqopTrNdhwsAIMaEsIgUAtbGAuXZdzw+HlD1PFAtmNue9S9gi+KuTIXrqAwFnAeRKEuzZghHu0mtnKHX1vpMLe8ERFRVkn6EglzOA/eGiVoKo5i3TvHeUKEeRymQ+uz4a2IYqIrSfR/cVj3eCfZtrLismVV2XtgMZXUzJWQzhU5vBILTRY3DHr/G3tmODhr8lqudgYMCDMacn7LfXAI3zIp5f5uLBjgqKjG0beZ6TBS2CoAOGNfifXSsLh9jO4CexHCYVn5FntMCJH4LfprJLjUYg1lxsAAgBEQRl34WTbUuIioDB80NEag17X00lOy7rC1Gj3oiIsGNzvVBsBgQGp7Aj2VWJHCBsrWFfOgE1pNaot94CJWzdYuxiUh6/BOnfdtttt91222233XbbX2WqevT3YvW7YvpvTQbm6B/Gn/d748/l9+3Qf79//k6/0/+A9I7uooP8dLed3ul3+p+Yrl/Kr397PbO2X87vdQYNXH7mAUB4bpsxY9LLK4EGICCpdtT0TDkKiGDO4R1ZIm3KeO0QrHKFHVktzzM/8iHq1Y6ZUUqrKWfcKE+MGDc7BOYV/HbGpezfks0d1mec7wxW1fut0GBF4A739apiRLvgXpfXquXUsHy1ic4svQrKfoLkXUGhu0ufccdXrXq+wXP3qAGczp0kW+OAVmK+jx0IPQCqlXE366gq1lTmmJ6dWcHiWnk/BBIHhxxTBICAVxIqtuHHBxg4e8kUwTXUgvxOnNamzgNxzCWiDAIoMJjgpDolEa1mipgAACEYe0Mtep4xP0DZhCfVJfUM3amBD42qogiRbgGgDIdRU5xrSzf3+RhDN0Zq69re1jdFFZFtG//55T/r483KFBOyA0RE1vH89nw+n2N7yqbPxxvzAIDH4lHuVM2TvikoUXetWhFm/vX7t+e20bbhtonI0hsVSHSMsa3PMUb4931QAUDEHVVVkDKI3YNvtLwkZUUwOGt1QI+0NqFXh1Us6BYixUBz+GkyodWxhtL9UEEVgUrUPQngmQJf0ey1DhGUXQ31gFpwVeE4axlkAoCKpMLIxiBEJ+aELK1RnayRW+t9WWxulMG8jV9/+cXIgu/v/5qBCR+Pt8fj7e3t8Xi8fXys69paM0KhgdBE1Lp3qsPwP071Do8JKqLTy+gw0R3uy5CSDp2QJG7b6JFlWk6YCkQFEVXQRoaGbKxRXF3ftV5x6kzWqdLhTIUdpOnIFhZS/LnO8QchogHMdJ2r/FOJiXu4b/cVQvIWNCnyfu+xQcgxZXCEWzNDtFIIQWMKIXirgKOtZdZ01crIELRXFAid2Mr7VKPvAZgiLyRAWJ5RTuw7PerzppnKRz+ig8LMQ0L0wH6wB2IAm48EDlZf1N6D/qkYEzr/bA65Tt62zdQ+HbQbzGNYkrP+xmDhjXl7Pgez70tQHdswdVA23HCMFNz2Gaks+vmTXfr8umIP3vFLMQTTmZGxEvnE5On+mCWBcP8DytBQMMagEhE6ZRuVtL7SJMJP+aqELZ8MEaxrN8xvdmxQBKXWl96X3pe2GH7fqFEj9DiPQNSpITaLK0i996AYYkOi1nprvTWyKdUxSqspZp94NTncdtttt91222233XbbX28FrfDtqr4XefpXU+2m+mmnP7KW8MJ/u0+/LGfmd//u/APyc/8wXKbjF/zS+CL9637pV/f7z8IF7vR/VPqLGIT35/35g0/4S0r4PM/xV6M7zHT8nbX6yvGnJcDFWWMwALTeiRoai0AEzUM3sQpITxZRuJrS9zcDYvmKg8lwig3n1c5g0qVP2U5n5ktkqzL/KsCWIJzHRIrKw15a8xXQeAVoVfZDVgMO+e1eXZvwCio7AUYTljNS14k0+RJaOzfXRJgQTQMwE9MveeYpHup/eYnUCXyV8wBDHrJlrQ4XPfONDhc9IJH1lmshZ9piCe/nfU8z1FK429FZZfYkdzg0piM22EJkwnapmCceVgmxZVXTUW6u+SywoCNGVhFndCAhYGJEBdMtcJE/NaIGoIgKomAIj92dUzwMZVEhk0G1UKEIiMAsEEBWpz6YVdUGq9FBAKi1RXUgQOuEIkgCoUUXSLYQdmEh0sdj6W21EWZxAQF0WYRosZuxOS4HyDa2vmxvg1VUxhjbJiKI0Ft39VSPrMWqYgK8NuSf2xN7Xzbzzo9tewMRUBEdKsoiY4xlW5iHSfo5bBCP2OOKOWKnKTPILDRIjGCXyVJYTQgNUGAyqhUUkEAByO6LLBheSDFO1nIOkzoOEGssVVANcibM3+ww5+jZFS1ppoT8ZsFObOpw9hVga02EHO1GbI06iCCJKqKIhTpUBQBrNiLT1kXmsW1keN/379+XZTV50XVd3x5vb2/vb+9vb29v62NdHw/DDk19tLXFAEJjrKZgYOLcuS4oqILY0hPTAlhcuOhpF3sLrD/YHdUWRgtAF/NtmpOrEAnFIuYSOpVMow3nqhGrIs6/pAKoQYD8M8qz5d80OZGUh+09D5K1FqMAZxadMgWxGO/wQy0HFdnztDk37n+BCZTGgpv8Z92XHRdUgcygGBtfXBJ5vrRYsT4TOtCmKuBEVDTdZRfGFEGkRm3GR1WHH6PYGJAOlM8hplpFMyX30MR9ZVYRjXCAUxvdJYcl0pP+p741QpnH4DF42IrIErQ/Gwb2lQdnGktlDU4+oQgLb9vIGI16xQs8vIdk7bMn+31jZMr1wqWrvUmyHFVrbMq4moSAnULqdWoNdWqOuNkOL8jF0bWHscX65U8QrWTCiNCKuRtJW2uPx1vvtpmjLrJM1Hrvy9KXthACEbWIb+rrpwemNNjPNhM0Iuq9G12RkFqRnYgNDURUet9tt91222233Xbbbbf9g+zkcd35eH/k+4WveIA/Kf+HZRL+ztLuz/vzn/QZMQj1/rw/f+pT/5ISPs/z6tffUzf9mWOy42A/ZDnwyVnBYwixM7VwZYqIhNDMdxSyhuboab1NFhcA4VScU1ATWSt+3goQ0m51PaAyBcPLDFV2r+JHB5Rueq7Mgwka2+ERYPqR9/kvELJLelzGeovbSZ5Q/nRBd9hpru7dhWfU8JJYma1xzvAKTz38VNiHKSxWHNbl65mdeW6c2iavvtb7qgefUIUOTXcGUF/BiheVTHqIferR0x6PsLrYJynQiQzx70yzzhaAkY+rJJOV0giDfBiFYtYQVXIrjGF41ksBwLG97MAVHPVebIBWBtVKPmMEgCNTQyWrKLgjfzqDEUlBRIkMPOYQDEakZlu6CCX7bFBrWJFREFFUoLemy/wtH1bva2orKvoSLiq0jdaHqqCCjDHGUBFE7K0n7W8HDqgIyxij9WdrD1cYFWEZyoN5G+zBunjwGBszy2Cj/ohFUBUR4XgzVzDJXAdmLVoqWqwwUPFHKpIgRLi2Q2YwIrKqB2sFJHOs+zP31vdJl1RF1EerqBJCwDDoPWLOWlrmJXDEpTyVQImCABmUR5xxEHcjxRAkBSUlUrLnIIACjNCsbBah5oEYQViZnTdk0n421SNt29a7z/Kt98eyPh6P9e2xLIuhgx8f74+3t3Vdl2XtfenLsizGJuoFCbDy4hBRydCiZBBCBmT1Lo0zxSLAEZJh8yyMgg1aYIuKREgOR3uQUMrO7xw6MdzXnxrllBKTt39izgQJvZENCOefOec0JpZ8fvsprIRATEwvKF750LFMuwlFXgdbqytRQN/iZZUJKzuQ1ukq1mbMDHVxnNizvS+k0uucfRUR62yMgfSJyLDuamEe7SxjIhsHTNSIb2ocXlYRUwG17UdQoDGD/JyB6Ji+gXTqfGAHXj0QoEdJlvgQdo4f214BZwl76FKxhUeYtzG28RxjgKqBf3ma44rsFdjGKBqecwlLII9VmYdGeFrNNR2AWbIfSdWXzmldxEWKwW5cIDZjlFVihysTknVEcvwMW5twOEAoIcfH2jsZF7zotCNmAlALfWuDc6k53xwbEQGRdRnrINTaY30sy0LUoq8hIKoKIhgc2FtH26VC1Fvvvady9lz7XTnaZpTuK5pRtr3rOZKI5Lrmc92+7bbbbrvttttuu+22f4qdfLYv8Auc6Tj9sZclfP75x+IjN9pyf/5f9VliEN6f9+dPfOrvLAG+VMLneS5+hYuSzz1cX/96fe6+zIvj/XWP5ddfkZrt9R8s7q0CQUJCbEYpITRvkTGWWu9GUDOnGaiabxmNFQM7wMlXUUQA0gIcmlcQjlJXk/RWEsE8+wXSg7GZXgAAIABJREFUO6JHkW2qd6ZeVuI3n0BNaXtgZiJzBeh5deKEAw8oXfUt1sB+B3QwwddzOu65j6+Qtpp+IDOZBzha7EC7BMSJDdcHdxma8fK6he3xg5y1qc94Z7bS4X5flVaezgnIxKOHPVgVoOnrzpECx/JtkLmeJIDFjmMIDAwUg0qYjMUzzq07E0RtfiuUGJB306LuJwLJhSvcUFBQEDF5RZye31lnQsc+VEGcZmNYTJRFnZy0b5qLaDGlEIma+ZpbKU9EyGJJiYiwgprzFgNWc91KEbHYgdYyTlBSZWbFQZ1dDHBI5y0AwobhNA80Q0RkmOd+jLY8lmUz57+KAOrgbdu+P7fvPBwI5G0wM2/b2MY2NnXOz9i276mE3BqNMYYTFdEQvqYqgsCO7QlKTGg+agytYGZWjqisPkwCfZmsszl0CEQRrHBVc6nPXRcOHIsFBwNQgAztZhguqQLYXAcIhCKSuw8QQUWxbGyoIyX7vIJTmTzTUBbbwNEQEUREWrNjhKFss0HgeIYvI9PGI6Vo8Tv13pe+9NZoWdbH29v7+/ubRSi0GIWPt4fTCt8iRmFvzfaWuAwpmZQgqao2JAMrguJV5wT1/mu4CxFhE8WhAxgAvVM2bYhAGjK8qkQJnatRMgWRQmgRFZuT/wzHdrSvwvD5IpCbBOIh+6YAA3Xm5LOfM/xBBz7kReTEWB6bK7SUMY9z/slrxVKsu+lJnGy6Y2ZXBnky0SuNPusswurcwbh2ibQJ1m4somp4ahHGtAspomzbVsE+C6Rh0prGGjOA0DV+WQezqXsCYeJmGFPM3GcgDvCNMXgwiEA8XAVIFVA1wjEoqLLI9tw81F8w+TJnuWtjL2/MrCzJ9nOCoIqo5jB21eKIW1o7p8YbDzOHiKqvQYSIgL41QSFDFBbw3vqmIigREoIGvdt6Rmto7Ejj49r2DwBo1G1C8LHUKQOAJr6d04IqPB6rcfhwgv/kX5GQlMghaUTsi13MUMLWgn2Y/bk16n1dltXeTCSE53M7RWttWVo29YxOSkTRUcVHgKU2r5avlAGrIzRLi+oextdtt91222233Xbbbbf97Xbhy013YU23X84eY7j0JF+VMMv/Qz3nf2xp9+f9+Sd/9sC1Y8vyfXwf/yXH+ueUD39kmYrmDbLR8oPraiqclXSdfpf0bSMCoICH30JQSqknJGpORqngh6QD2jfRq4Ac4uT5CmpibyeA5ywXmT64c3y+w9lnDO+QfigTcXehA1J4LvNsuehfYnOXd1e9tCk7NtX2dPrXzE9a049+/3DyXqJlFVort4z7VqqtMRv2XO2Kb13e4zkw5OcNeFnbMxHwssxDC+Q9nimJ59PL13DCO7c14FDA6hp/BRjvqh0sHUfZCgR5ZqMeLB9g+Oszdp3jIiK47wOwwz6DonGsUoWLHKycHvBQeXMAWhULcmxnksk8BnPLsVEFVSUkaIhgZ3ZEjbijpbULmA1GHBJRAR3MgLgANm32BGgFHkOEjZiStx7oiKhKxv3qY/A2trExs4oC6sbPti1tW9WVBXk8x7ZtvAweY+WNB6uwyNi2BxIY48jmOBRCFRYBJKMHjTGMc4kIKjY2/eYSFyGiJqQRp24lgkBNQlRQaDJLdRtsUcFQEYgInTEHaoqkaPRPD4en3v0cH46p2oVaAQGQAC3wXkajPMBCBzT6SD5GD2ApKCiMJv+pChpztUEcgCqqIMwzAmZrE4K2GGKtdzLo75dlWZdlWdb14UEK3z7e398fb2/Lsi7Luq7rsizLsvbQHjXMwEBDRYXesHVbGrIXIaIqOzQePEFWRRESadoAERgaNQvp2HazCmnolIJxmwgBBIg8FqHY7RIAhbYr7FqvonrJfJq4346JbNEig1wKEAvk3NURk0yuvLuBXaeL/VSjENtZ/E9EnTkQEbARCcx55zzbHLZZ1MuJSMYs1V2e2OQAQIiic4NCCZxn12EV3sZTS5g9/4HZVrHz9ojE7lRCClRNx1iYhYfDhybgObZt2zYeQ+yEIhk6eDOicN7gTko0Kc+hC3qgsFs7CPu1Eno87E2BmIySq7prZwAFFWETybTn5bFj1SWd/SnEk8/dP077VCGCZqKcpOgbOJSIjMr8eKwOrvueoe7indRab0iABL331hoAWmvYi0RvvbWeAOHkBmMr64W21nxWBKzDE3P7R3R8Vd+0FJejhLtz2UKE3juRbTUiImjUqZkUKkGK1iqUGnXnM9rwD7SYcrpxvPVGCG+77bbbbrvttttu+2dZ+mOnrxXKsQaWEb/4n535Dp0hZg7pL49hj4/U40N9rs79cfr+Xn5vns+PP6/DfXwfXxz3UBsFVAwZJNvmfKff6Z+k6+8sx9ziP8oPn5aj5/SgRNR0/R33ZXENM5LQ+boa14XTdQ/3CMELpPCFies+oe8BRw9icyRyJeIVG9d3vkLLk95q20cOIABJZZhZLkUyDyQ88PkhMZV4YmWTeThyoeTBGRBOLsLgpf2Q7gZ7JPLVKenp9mg/OwYGlKiNOzithuk6lF+b/RLXPN9U8g73F9qddYZUJ2vm6mZf3bWe/NSHPFUc9XA7eWI6tT+50CUA+QmgePETGl5u6ZpdKHvOCYS+vHs83GxiGa/6w/5Rwh4gdEDBLofoGNscVaFMmNjQ7kHazxockkJxOcBIcXW/cjym3XNJPpEqKKSvfJ6GSgQzepbuWgBEtZGRujyKqcFegEBAPu4FgAgdCPFJDooAqoVlVAtN1TrTho2YGRSAoPPSl2Xww26UB2/L8/v372MbwkP0oSz+y9gAlcfgbROQbdtYuCuPwYPY8FPChmqMFWDWpPIYLQpREDlazx9D691Q6tQwFBEsaJY2UHK2jO26AEABVXb0SQlQSSM0IoZK4fTKhzS0nS0W+9IbGaFRRnDL0VR3G1xNL2hoB6oACCI2EsdCyTAOM2EGm/StVwH7I7SgiyzchI27tG3b9++GWZi+YF+WdX24revb4/F4e7w9Hu9LmAEMvbfWCYm2oBkGEmlQh4DpHgIoYEPKKLgUe0yUPf6nrTazKUw/OUKFEqICKqKyKCiAEIKKLUB+71j/mAqwiMhhicu5xRC7RPJ8GpjN7H8y+Qp8NRVoMCZ3tL0QQ54YoWMqU8B6Pk2knH2i1glx+vNnzs0iKtYCCoGBCWgwf1WnlmaBC1mcGm3Tgktwmg6nMICO8cxJOwKRQhABJSMD5uYYg+wKSiiGCLLwGDyM2BeZLZ+dY8VYx5glZfRTVUOF7fbQ6ZpzV4QewosCIoCwRzw1NlyuewZfTljRcf0Zz3ZO4qCqAkgKBKggEo/Q5g1jZ9vM1mxwExFS87NFiLA1MtZgAITSWrNn3fuSw6W1tixr670VaXcktDGVj8BEm/vSl7603o0PmMRB3HVpdYVpH9lIiGhwpPpuB+N3ehcA9NCC1AAp5hkCJHs2AEqNeif0iLrqEaoJEDJGb13851YnSmcHgAGE86cbILzttttuu+2222677Z9n6Y+d/luECz8wvPD3XqfjZ35m/If42+/0O/1vSO/TbWMIeToS9U6/0//EdJ97f5Bff7Z8+CPrmVfPVeKT68Yejav6744TIMVwx4ZbyXyLufHbB+kLnOwAnBQXdubZua0R4QyMvXDOYvkvAR7YAzkHJAwDQJn4ScEsr4GuT7Cxr/yke09YZfZUbOwMf1Zl0eror0W9gqAON4WvHdwHe4XqfRF7O3DIaoZXiOYrdPCMK59PuWQNnq/++R3XDVsl7Qi9WefcF/sCDz7dda35HsGFPUA4u24CgfWxH4q3S3j4KogGCXRQHVeaarrnhjoYIhEdmy7c9GBgUlSGLBQWKRkfqDa7fSbD1bzOIkCq1KhBmy1DAKBCCAqmWmx3QkQeEMvQQ7TQWNIa0WhstCciZl7GOmSAqIoyj++tA1Jrm1iVTLVYdfAGoGNsY9tYuW2bMZe2bRuDhUVFZRFTygMAHpxbKxQMjeDQO5wyyK01JDQUo7dmgAfo3ASw2CQAqgJiK4pCvOGAIgCRffUtC9G4FA9UAZxu6S2GEJs9jK7jwOJ+LLwa8hMyCsVHnwYdxTAOz5yBjS3k2HTBj4mo2dQkEjzL2ATRyBGE3hcjD64Pkxt9PD7WaY9lWZbFlEedkORSpL331om6s6gdrQkkDZ0yi4wCbAuGEhl0BODSl5SYjqMzxhvM8SMWus8AG0RCOU7IwaSjGa7vYqhrYvVz/sE5xOZmjjIvHAspZ+WgM2BuxwEVnQKzc6yZvnAZrYa5xRgkIlDYxuYQHwAPltAUZWYFyetlv60K2CLiJSqYOKdlSWYegA7e7IZNDdiDiDJb2Eg/KJqfDvxNNdEI7ykeC3CnLD1rNomOKZEdl+KyoWG+VMhsCiw7MKbCtooEFir+fhCPrJIRM3Rf2Q5heFoqcsfuKaPNuQAoOedu4u40J32HzRBFW6PWyGh/gZJpa826noXxMwjQmLjLsrhUrwN/1EPm3VrKinKjTjuAcE4O1r65EgWXGWPypbrtw2HOmBaMYphzE1KL/iCI1DuhS5cKYcMgAsZTmIuataq/Uh62JdW3t9Neottuu+2222677bbbbvvbLdCKGVkw3nH3fteZ83f7gX9QDv5c+XCZfvYbn8vB31j/O/1O/x3pPfc7uwfxPr6Pv3Ssv7OcuRH/s/yf57mow/QeznQ9nasvjs/557GWeITnOuyve1F+3q8F33KBqGRXFKdSCyfyId7bAba5JP/tvTzqqypA5Q5eL71799DZCX6plnkoM5Af9GXzBYnw4Fuf5LJXuNBrCO2ySmd49ez/esVrvGylQ7Of7/oVFPrKMtcZ5b288UtY7kvUzB33ZdeRXvoE1UG886/p3f5hY5bHsU/PoWEtVlCFPR78qkF2HfJQgd0dqQDObm9dS8rJgfAhhEIshkvXcphwIcIUrswRjyEPeu5aRTpPa8sYCrQP9jkbWZWMeTNRIiREVNYMOZltFSQkD5EHCo1izCUiiwCq1EhEbM+BVcmrGt5oUVVCbAKqIq25biFQaxZdcAwWZhUZzAANtG30FGEC37anKhZ+zIITqurYNjaA8Pl8bk/heOLW3iIWdawAhIZQDJEMkAVBk/aGdzhhsBQsZP4EAioAIICuaEmkCBbhUcnaygHCxCl9f4A9WERFQJN6NADDlU7LXFp75yUGXPzvsVSAiuQzNnAiSFFO0kIkciCtzPk2ynzvSAQubIQ8UQRqvRH13gMnfF/XZXVy4fvjsfRlab0tfVmWpS+9N8MUl97XRk0TdZm3g64Ci9gacetLsKzKGPVbQXAmGSkKIjEKagYyQxs+JEQdUAkAAskJxE8NsprjNR67OHEQHIDfN3uutAre/UHnLDm5gbEHAS25rBIOFwtLztuiKQEKSZZ07AyCdqWiahAdMyOg08sAvj2/W7hKReBtiMdhNOAcspcmcscRli+5gMzM4hKgxjt0DqDL825WpgX2kyDfTT1tBQ8lauBf3GfEH5Sg5DkemctX4KQS01rpzAncqrJw9ABnu/nQFc4RkysMYrMuLCJjbLHzQuOaPndmxYisf1PGJbVnbAigvSCBxlgARA/U14qwp42g3MyBEDH+WmsE0Ih6bw4Qok/nvXdD9GxcpK3r2vtCzfXe83XC9lXUHSEWJNXg9ggCmP2sLNoI4NAcqW+gAiSKDQ2Kvg+lbBajvCK5VgRi32mn56KjDtEjEBIcdBdiLQj0MkiD9uv+rfJy99htt91222233Xbbbbf9jZY+2PkZrpidjzc8r698ywixId1e56+PYfKq/ij/Of7tfvv7+D7+iePuf0NC+ceP9U6/0/+8dP1zyncK4W8vR8MjqJmGpbY/eV3nsGtJRwQHBsE9NnndimccEK8MdKcKCBNLuPTpIDrbQzXJSbPwLLkE0jPnF01Frys745SXkBg6FWdqXZ2IHXo4wP2xvuAOHpHFU1slO9AaLdXSVLW1GUWrqrNWdOfMKayJmb8GILy0Sz/bHi7dBY6qGZJgkccHVK92iVr4rj+EXJ7kNcJXaTncU3jswzAJIC/sy/RBz36dgk4dO1y/IOKz3seLuiBbYbKUNpkHEhDdHMjG4FBLMoQJUmXSWiuIX+56JmsotCHhCGFokzrYf+KwmoBe4Qtmd1LTzLQ7sgqUvuQAZUKnKioeTc8mF4rrUwMVJa++AIqHfgNs2agijIiNiIyMY/0neqf5oQUQyBlFpJ0iHGkjYpHWR/P4ZEzMRA2p9W21kGAG9zFzGxsAiKyLiIKOsTEL8/jevhF9ZxFCbNQQUUXGNuj5jOlBCnoyDPKIFp0g68RXOpvc6BiDyV3ngkTICi1b0SAGBeUAdhXJeXyQUfhARDKSa2aT6I8Z2y62eWgNHXeJiGfsVcO9NARLZ0cFtfCDKVUZrG4HCM2Lr0qiSEjANmBD+ZOIqJlOaWudVIfqttHz+f1b773/0o1Z2JfH4215LMvqaqRvb6ZG+ng8Httz6X0hagBOwzJCU9QPM1Zr730DdP5h7xgYHxXOFiAIowUeZHBVV0OriUiFBcR0SJ0GCRiq3wCBBeXilC0543KW6WD2iQDIfSNImUnjtxx6FTz0/Qih8ymOUhrTjXdxBG3YOQXOHqCCgAYFj1HB1FpBHSC04sc2WFhVQWCMbTCLMIAEtY+jgODqEQXXdoSOrtpuUWVldnFdQ0OZefDIymWvJCQRYR5GIcQyGUq0iOHMwfAzGA9UZTzZXhUQqb4zAFC0nooMn01RVDD2Q6HIANuFASLsD4eoU0MEFFUFB/Zovu0kUbrn5G0duzXrh/6srWc2AkLDHYOhB9h7MyQvtBaas2udbktJuCVE67+Rcw7cvlgyJa22996Xvixr762oOKCIwmTf7Xh4ImKjyQrfv/oFiE0IBEhISgzejkRkq43r0Pr+jllLJGxkgF8oTRN1gHhn1FxWnE1e6Mve03PqCTTRWzBUfXPJyWX0Bghvu+2222677bbbbvtHWXDwpo9tj19gyVkdrjM5/LcIu5d1LH7d3Uvw6/J/WM5X0r/qly6+5d9cDv6G697p/4+nd+dQwERByuedfqe/Sn91/NVy4OLXVyk/UT5clKyn/PppOXo+huty5vH+usfy66/m0grCubqUpynQUSiNJqvpjAKqskqIbFE6uC8Rr3TIveLwVXwq54qv+Ikqqe7Fr9Or+0kJv/kqFW87k8nSyZh4jIhUKbNXpZ0rlv7nSuh0gb4r+2LrHdCvQ62uKUrl1g5XOZIaM7bTAWALrPgAqh0QODilZ4UvQdnTjWtBRk6tUd+z6qg9MVavb8FRzIsmjTpYPU9l6rEN815rTYKWYZyMQOtAZ65Ke9xfYs+btA6zG4AHZD0INAC7hzJvHxGFJK9WoESgYENZDDNxYDPRGKBGDqJYn98D9lZU144IJkAIChI7AwgJVWx62Yh4MDZpbWmt82C2UFiIosI8ns+nFWLNvm3b4MFjNGqtLyqKhL01ABTmsY3en4YT2Y0aY0pkWLiymDeMruRwzZRPZCZqRI15JKjjIA76tOs8V5AR64zjSequ8sSeJjUzpwiY+Lg1KAQ068gTgCEQVvXEoMS4Zhrd+9RDM2psWQ/U4AdEsRCVhkoqKSowgGF33uN8wrdkFGHibnfD3Ih5bMPghdba8usvy7K03qm3dV0fbx6w8P3xZgQp0x41jNCEEk03VMDnyd77uq6kU/DQARtjZSVYA0A+nBVACNCxmpaARAuVljmAIJpJJRcsKJz8aXUgQDAIp2hmPKeJCMrhXBHZKfTmcd3kIS70OTl5KpLxCzli+CVcZgw+tfJZntvTyK+iOozhp2qEP+YhwjpDEM7QgBrYHUsqg3IMIvQofRGP0HAgq9n+XSDXNd9zUDnKRBAcTAsgKSrKLIBq+5NUmYeEqC8qiHd1TSBQbatBIqA+ixJapFObJIEaRacnJz8jKEgvAfACnaL6FedrTL7MuKpn9DMiwx0D8gMMJK9jBuwjjxtoKJ3mSwzi0tdmUC640qY9nWVdWhAEs4e31pZlCYVPbK0poCggzrcsDBH4uAJlnL863gNFtTZyCJxij4klRm/EuvpkLGpCQkKb4JiVKEj/+ze9ZP6lH2Hyaa3P4uGFwTt+vnDkS9FP7v657bbbbrvttttuu+22P9dOnlUocY1qOn7uN47SDiXoVWmX5f9z/PB3+p3+J6b3gsnfn/fnX/epX8ppOy9+omT4vXXTMiLm8Q9r++K6etrVYt4lW8E83I8xujJsDvMFgW8CM0a+wpl+gfFYrENMF9KZJqf7YnHvQvqSVS/VrsB4cofK/xAAO9zvV9xVO12+EzpYM1RX2td3zR/QqfOFzvUJ2bvP7OABP8OTB4T4fMuXrZolWAi0w69Y7JNbgMDNamXOEOyXnYm6HyJexjlRg9JQ2qFet15Oo49bMXkJLXU/lz4HgA3Dw02VaHOB8M3rKrrmZN4AAk4hi10/ca95xuXKAoN15R5n9SUZoYYVTIDQaH0kZFeJ2GY+rCPIlzCKj3YiKnFGDQc7y+1SwCizqsIoCqCtEE/sykQNkQaxioDCIiuziLC6VDIPHtSXxBwRoT+fY2xjDGy9r5uJmCIRuurgGMtTnfAYRElh5cEiqhxSq/Yen5jKGDyEhXm0xq115sHs8J5OMqqqKrMjPC1e71WEmdEiOxJNELHg6K7WGI2PgsIqBhUrenUFxB+rMeEoa2mXR3PSIyrW/hqEOPDHUtlyiJqyioED+RxiEQtjOkUBASAHEVW0KSEpKCITN2mU6P+z9d67Mf1a731Z1mVZ1/Xt8Rah1tZlWQydcYIgNQAUB5yw9+Wxrg7nUK5NjZrzsUJSESk5gSqI2Cx2WwsGFraMEAeFialGbEqAAkDnyhSQ71QLDdKlMy9rOL8KJxotuaSIA32uGhptnngdIGrV/SwR/DSwOuPwZRy+BP8OZ00h3KgWM4vwoU6mrCkBdQ5JSA8NLM8J1sPdATGzDyAfYzb0QopVNYin3ovLupw4kSF/YtKqgkImvwvKnHspDCC0dxNTtQyUW5X8GfvmCWrUqVnYAgSEZjiwh9NQD5phWa37YNDsfCNUdqEWPStBaEMHe3fIrxEoaCqGOijYW+/NY7W21qhZhze+dF2clr7apQGEqIUaqvSlZ9xAq4sdZLhB28gFHgExw/upKTZb/eP1MHd25HIA+R4wOelWAtSpAee0FatSvkFBjBqjGuYbHQSpmIJBmPtY6pou2ckQ6uq/e2X1II4OqX6iHHDbbbfddtttt912221/vb1iEOKXfq1eyfka/Gl+2OMjh7POKYdzf5h+WebPlvDFz99fwv35/9xn1x/5sm+77cp+b7f5csf7PNvFr6eSz3n0deYLKOKYEwGucItS1EUJ+WvzkDO+ddx8PoRBxdDpOK2khx3ry2qxx3sgEt3FFL+YpyvO1bOPCBFwhvB5Cfx8ERayKxLWFMyDC8XIF9d6hY0dOFiXxZ5hwrrlv2Jvl3f9Cpus0OAlIzMfh1Unfzo3ncjFkz23zGULlKscocrZDvumOPAFP7/BY1F7gPBneZMVrtOC0iVwHrShbIFILujguduUaNQY+RNoyJ0wh8YEANBACoJdumvDQM0iaxnRCiXSZGjOqcXQqxihx98ki7yWddvVPTy96hih7DsVgnF00Gk//gB4PoLWWuAQAKSo7sDGGQpLIbhElTfj3UDEsEMbIcyEe0lbuy6RgofuYpfNDJaSFSXCjQe1nkwXREBqNBZipr4KD2dSipizXIS3dSsgiaiqitGohsVNs4o0NF4ij8GDn8MgQh6GFjIPI1clupYYjEGYAmqyoqDO0kpyUgKE1djjLyIgiEhjHjhYxMMG2EYOtO6DasEQEJAIACSazZFgQgRKLlcBu0BB7Ob2A21Wo5LCyYVHDTxGVFJRC2loD0vQwpIhYZPeKKZ7g1SxkFON+beua2uttb6u6+PxMCyktUa9tdYb9dRHNRSRfKmCgGd6a90RHUTjbVEg6KCCCI2oNUqIJelZFfTS3TCDnGLqI8nGCdRL8mdH4zxC4O5R4p6AWLG6c3pF+A4AYWUQJu3PCrFzTSl0R21MjLnMV8aInXOjOvXXNjikzrCT1XQ3UVhFGqGooIIC7lmPXLtQ7CqQWqaJiJqQr6FZqg4sAgkBWS8uU5+gyYMCEHlITYyAqJYCqohErS2tAaGGUGonQiPkKQwRBDVscFnW1poJZlJrBjKTfTWx3N59d1TQ+AylM8DPwGYAbY2o1SyUOzyc/EfNgMDERc1a6yaoW2dCEW69hWBua42APCi0I+vO+DOiH1nJh0FaxRvKqgGgu7cXthiQZYaPHu7vJDUgZd3PYVMAKCAqkL8cWsdIqHX3ZrjfLkZkM0+EODxvh0r+rmW97bbbbrvttttuu+22f5ilE7Xswb/Yjn+9Q79s3N9nqN9+vLn/E3tx8u8q87bb/kbLGISVVmh2phve6Xf6PyA9UIDL/Oqkvd9cfoJnuzWjwhxfuC6UwiGC3fqvnUjEBMocsXPlLHfwXQA51XmEEcbpjMrEvnZMp2RihAd8qDqSYjP6BLF+6Cx6hTBlfUQsCOIx5+/RsLrUXD34vNKlewg0WDyDMsbIrwfw6RXw9rlVj3amHTJcwm+Hh1KLOqTXRjgDroeauNPwBZb5Cow8VI+Nx/SC2niGpQ/H5ocOsFLLj9VXnkYFJgi8AXaNdu45E07DiztVuY6j+cN3tcKzmPSO7BjqMbqcEGbYe1ZNVWlG9CJX9zMm0OkpGCSgIBEZcDdINf3BcZ4hmsZr6b0/n092Dp0aoBhUGKMOHgusl0jpXXNGn3ujcenMZd5aM76U5WFmFmZVHZz7GtAiLooo4mKsFObeuwYnb4wB0SP6MphZVVBdFNKIgiJDcqJD0x5lEek8xliHR1hj3oYhhC7DeKaSmWip8nMMJEAFZWEZjlkQgpLIqOB3okR++ypjjHhAuwnRgaVkHxr5BkjJe4RNsL7IAAAgAElEQVSBaoIkJLtLaESzA0RqmW44x3kCURVF0sAk93NCg2aYEIUo5WjaEJsNByIScbxEyxz47ds3K6f3/ni8GQQIANhoWZZ1WZflkT3BGFx2rkkvJmxjWBA5t1ADjxZ0phc1JKuG44q95/Q7MULDsUv7ywS9Z3ed+FwAwmebEEshGOZiYeAfH0REAxKuXNI5UcuslTWRlZCza71uDqIMHDvXwQIQ2pQMOmVpJ2MsoFOr0ZxtRBmYZRwYz6no61eJzhxfvRrGvQOViAqMFgYTDE5DVISG5H85iwpCSxKeOPHXgGoDkg1JSrx5blUJrmAVTA7ojZAICDs67rf03mK/jgOEGUWwBcvQyX3QWuu9qckdGzN1/ooS3DxED2WYwQtLm09dcQMY7dFTmwEJiRz4tt5KRAAqqo4Z4kS4X23oKS9sAGXlUXDNVi3ZymRLZasK2EDL2gY8i6qKQAigookOGpG3xiqm/YQ/u/R+/q8VyG78Uy88t91222233Xbbbbfd9tdYRStwl3yUeMMLP236deNvod1Zl8e7K5by4dW5n10XL/3PX8Jf8EX6P9E/f6f/D0rv7u2EGRmuQN53+p3+Z6XDn1O++e736foz5cDMjwBaIyZ+Vs7Vda/vN4W70sHmUXkwM2HUIpcdk5ojWymo1dA+fqrusY0dPICKqciImCpbVjziDFVYZoqdnV3Y6eCrAoYumarOvjrT7M5QBOyxn6gwwhUmVIvKAylQUMXManp1p15ib5fHly6zHVx0cmdHhusWO99vdTheQoPnOpyb5dyw+BrjPLdDdbV7G54a+VDaJb9zb9FzK4hpfJV99YM7aO153WEun51XwN669n3WKTUaw6nepqjlFY6RVu4khtMkKNbYkwG3oIZYfYI+8z6nWzcmhBgjholQc2duIkNaA1zVchwpVM1zwwPu81pJ18AIwVjJAhoh9ygVTv0NVhVAqQUoQIhUyJ0KAESa8eEIWqc5grAhCpGKNmoqzK01UnsxNilDpOaijOzwGcAYm7JR6VS6sHAEYRPQ4BGqOOHJBfrUg7wxDx4cZY4RAKHjrx6eMGQoVS3Em/LCw6iKBr5YK5gv3S4U4JBDQb07hsnC9nR2jDcAA58IqVnH6qDgBZGiigK49CoSEBAUONkgUPV5eu6FVCeqKqJGxxN/WKIK4pK0HgbTZkfXl0VsAQ9TjiNQsOYlMnDLgG1lnpM2j7FtW6NmIqaA2Fpb+tKXhRIxAmjYQoOxGT7YWidCgkaE1IgAW6d4UBxhO41ei5hykC0IWAkB+kC00Q2iAeDtRr4iUlL3MORAE0p0ql9uQyignWMeAKAeRDDCTUZWsQfHMckY3h/R5kpNkzln+ezuYi6x6J0S9FB1bB8TVLaHIjG6cM6p/kPoi6pmLTH+evVRaZgic2Wh2ahxBCxwOyRAwLKOWFxORQ8L6Cf6PgJCRGxEwa0GIGjYqBEaSGisQd8lkCheYn8UNLY5IYf5liPH/AiNYtj60ntr1Gq2tBa1sv81avliFEXNwIVWfYUIcJlvQ3FZnIOlhTSDN6wCtK6USgshc5r6p94yYFPpTp+9LBgG98ZsHUNXa3xcG+QCijpXq1hpZ2MBiKCpgiNCxmqMotCHvyqAICABUSMwbd+yeImWQLmHlbjeQv0JEYrv4XDibbfddtttt9122223/b2m4V8t8dLw7Gv9ob+3/IVmG1UzD57yYynnfK1z/p/1Y+NP5r/T7/S/Lr2fY6Tdx/fxX3B83kTxhxzXr1/JbwyTkp4bTHb5zxtIPr1u2YEyB5/HU9TQibOoPe6m8rXPXaa1sOpIsrMy6Ey6xM6YVj2rVi4QqQRdHDVI4ADKhfOUM9z1ypIWmXX4pIQKH03M6QXydIlXnXkbr3C4w31d8vAuscPLrwf23lEZLG4iWYxf355/rkOFDz8HCHcnBtnlshnP2K1cUe5+iNEeoM2rUw4oOUzv+MyQuLgmmzBzH7HPvT8aoCxo8TRfdaCQ2JvswN0Y2bm5wVy0SeZILpnMWh8x3XjftGPxGQMpgc75TGc22lFOjphqTAnhyJ3sEB+3AVcD+BYDLxURtJW4m7tKOiaCzAwkCJTXneO0xd0RiIQOHgCJkIqIwAIs0piFmyQ4AsDUGjvry3cLqFJvmlqpoiLOfRQeoBmwzxGeFGqFDBDHRgFzcVEPQMgOBQ0eyqwQWp3M4uDNMMwlwrn5wEDAJK1VJln2N2YR2YJ2xiIp4Qg1XmDeDRcNTFEBCQwZXU/SKFZ2YE0torULUTyiAkYCzDO8+4BHehNxNFYcb/RidY4zFSURIkSa8FUAMgzCPAbG4pOUL0NKYkJoNBlbLcwkJ5uHGcTWGjoBjid1S2dMzUqKqpB/nXB4YnWQ+1dEBAjHGMJsXK4K2Z7XlAM66PNAkZP9ZFFT4Dr+E2tERFKqoxIRNZce69Ny3A5S5uqLxah+HeJyoCXIqH+1Yyog0G7zDxI4hkehbYsZjDBgNEQQx5wgtyDBZNoZDueDDSlJdK1hQogVxNtbff24nJzzXOsGJmlbgq1igf88/GCmW7cBf+GZ1wzYL3c+5CpJcUE0yXT0Gwvt9tkJSn7CoCV6szpvekZy3b2KZQBBBIqVKyj1h4U4lYNBy2wPCrXO2WIm8uwvYyYKqpj6r+hKpP6MNavn92I18Y0EuxUNZo85bvGJdojKXGwMu+2222677bbbbrvttr/TImJfcaPs8Ivyql5Oqj7QHx3vzsX9C/EVVvLy3Nd5DsfnMi+OM9vP+sN/VLf7+D7+7Lhr4uL35/35E5/6c/nhmKJfLeGqf8Jnv+5Khss8JcUcKy+vOI/1RXoe78vR+SvsSsjgRuQQIWIJUQWwoxNdet8qFnVAhhKkwQuvkDuti8dqV86ZDFcdqVcZ1CIqxTG4ewvTtwZnV+wrWlul6XwRlTwUW+89M5yh00pKO0Nx50LOB9Us8QDTJqel3gheLdD1ipfqna+Qzh/QE0sYwpetV9si4a/6ID8592to8f5i5U0IMwrj/g3MIr35GZKduoyFmTLfDmMkYtBGVCdD61TtBNrwsrUDMrnoHjZwUXa9rlBB0FAo+4HM44rOODQPfTlx4nYKdOi0/kwS5EhXtd1aFrJnhuxdxuBkryL6t0frQQWIUJViIgRNFKR0AFVyVMbRPiNuMQA0mYHcAg5RatQ4yHlq6BlTK1H3WEUy5JsBhEHuE390RH4lYYmgghErjgcLi7CwsQN5MCsPa7kIIGdXHgkDFn64wYNsUqQ6I8yJh4R0TuEYY2MeIlw7e5k8ZjjGjI9XA9opAGBzNWmb2V22cO4wsNNq/7OJw4RXCcswjP7gT1NUEURZHW6U1hSAfHNK0PWQKCd53U1lcS+BLu66tIA1gck/2jkYpLHUnDQlRqIWjSaT4qU7RG0/AHefPrIK4bvu/BCVwUNYMG9KVVULeoU5E2iVCs1urHOqT8v11gqw3zU0cr1KIVKa0/Ik0ZadEBXyvLivwj49r6oQHSOfsrPYjI6mCgBOo4Oc3wzBAgPHDNpSEEfKokEMbOuB/1oAwjqTTqqdwWNIiQ0mjDffNxA9xl/BBqm10zw6+Wj5NTZCYQLMFSC0W53PskzxjiuT0wyz1nM2M/LrbD4XF02o0GIpzjb3z3yCkYtClbRodNKcnx0TTHTQh0MUXvZ87AaRsYZVlfYr0WFDUqanhOxuw8p8h1UAm64R9u8ScafZ5sWbgKCKcrUUlmbRwBf3i/Ftt91222233Xbbbbf93WYeVFSYfzNPj2tw/NLtir4Z+OxVxpSDO35e53/5ua8DFmLj/Xl//g/47KHQowCoLkV4H9/Hf/Sx/qFl6h93XTik27z/W+sGL+tgKxsCiqnqIVDDKVAtGF4gwdweXuzsQatO/1fHNVHVFM4UFYNupentNIe2wQ+JPwan0P4TDN8fUTp/g7YSxEH0nf07V+nBRVujA17WXEr+6nidmMoLuDFPOfz6Cts7ONrOmNCrcy/Ti4P4AlU98/nSUVtvbf/IjnDgK2Tu4iwMr99l/RFd3DDV+Q6g4Ilz+bkd3N8IlXqxy5jpB2g5TjYug4RKbd7bRFbiJS7qG+J+5Zmp8ffshbFgQwTp3yUKBzAeKh/9tbjUrV4i6NS7iU5SIW0gItmZGtXQxN3QiXEzv8Q7LV60sCpIooN+NQf2HDmwcRjc3xQpDuvhec92yTo7rAVKiCB42UuS1icKQIhKPkcAiQgLuFKnIBKqzG5EStqcsiasxvkT0QkeiTDzGDzGhkqGoGIwpfz5IIgosiCxkIAIiKAKiipzdzqjgIIIs4dINN7ZEBajaTNvAVOqg7bWeA48eqC5McYYwwI6GnItLMqDOQFCf3Z279FHZIytRrAzEiEzc2MVNZFXMSlLlZgn1TGHOi3sAEi7MxURwMmxU+/NqKKKKslGRQAgBWJmRIHAv1WFEZERKBAKJ5EJqMUmrNwnhJLJ0ENAEGYVTmT9wFy3EGimb2lN0MqMHb38yLQ+TM6+/OBxjYhdFcDMKloBQgBAQgoen49OUwnNvxBjZtiH4AWjU4KKacOi794p2GJcKKHGIhGsUhG/L02MuyX7alnPNwBFRGqdWjOenKnvNmyEkPqXPkYCIDTK54TEHAf06I/dIgDuF9cgE/qX3roTRwMdpD1/zuQzj6zBuC6WR5YzdM41pjHrgQwNjMQj5ZD2bzu1g9nP8To0J2r097QGTVERNVmwFgQRQ+QW5pqAqezukyV4w3hz+VXQgcagKiqABvFydqtYeIpmgM7Qj+SznIIFPrTXqbkGAdARIz+/dVR00MjomDOjz0J1AB9WKp0EQfWY1dn9FI5rvR4vd9ttt91222233Xbbbf8IK9tB09ea+MV0y+D0wVZf7jzGF+kH3y8efbknrASOvmK48A9/7k++8Zf7+J973J1xBelnvY/v4z/hGI7p+tddFz/LA4e6wasy9UfXClzgB/cuEnwIoGBy7DlJE9+5tko1qwyhijOd0abJLttBNxco3tlTlMGZnKBAdIDr6gUN9Ki8igP+d4nb1TpbE51v2S5dT3ml3nlw41bOx2VNztv5L1vnkkGSGcoty/lZnOq4k388YISvLn2+x/ONXLbt4fQKXh7clF9hBx6e4BEdLETAQ23TD5ne2yP2maihIXFZclGTK/Hb9DB85t2F4/PSoR9e7CMQW47jEsVzKs6780kjSnMneT7BqM//Ye9NFyS5cSZBAB6lb/f933VnWumE7Q8cBA+PzCyVpOoZQt1RHgw67ythNACBPdSUcorNRdoWtfbsyhkVEQYJwiJnN0kHBgqNprxFvb9ECOhmSYeShHctEATi6m8zPkkQAkjKQiSD1UcF2HGwxlobxwa8qopcIu26xEA1U2qPEC9faU+yoYUVz2TrqSpxWKLUBsNuzd5nMwwPxiA0Hg8FRSiBPASm1z7uj/tu7Q6Lo6ratN1oZqFUp+ERQFG77z8sQmvNprwBha0pgKZ6K1rTpspQMUeNUCq8QI79IQe/WzFliIii1aXYIMd52oLcT2HhU5kbxFiN1ScjE7MSXX1yILlSfqMjcTTymWi7moOJqjwNV6t7AR18QUsXgEzcWrP4hjDVxTyuMvT5Ni1ldcjXiVDtiNbh3QdhgEE0pEBBFHRYN1dgD4yM1s2Lw0+mZZl+Pe1qzDCFEnfiMCNOhcMXKF2BdeAT05zLySWXrZ9g0MXXdbGx+wpA6ztUUADTRd9govO6LrEbERUNHuW6LmctBr2vInbM/JKrWgrtbgDHaL3W0/IlwmE/VxKI69XnKCLHFSZf6oWNDijscGhZHfzKhHDe86CkT5bU/TXvVYyrrnlozSEn4YtxNNsOjntR00Cdr79wDJtl+7SuT/5v7Dw8zOJp+V0yKAePvt0MxVomSPRLX/P7aNtu8Xl/5MiRI0eOHDly5MiR30PsL17uHIfKd4hv+Vc1T7rf7z6vulwew2mKw/t3v5XmeT7Pv9HzK/7ydvT7PJ/nv+UZcziTwBgPvzSvyuTb5js/0/s0iYi+WIZ4YQqnUMm4pzCE4iYUmEhFpOu1HnyoUXmxarJqhBWNm3ARV3KSO0GkKACF2nPObvyaIZPLvVqA0PVR6rRS8epIY9gbnKBI9pv+m6xr1apyeWvI7qnM1V7c2jjri5NBvKp3W38d1NMBblXToyOsOAB7E5lyi+dtC1lLW2M+VWqFOrZsy6+wZN7QYkILuc23puz8n4rJ2f+5RuvzcE5wO/gRQ5xobsZ1ajy1belUcgqGoQgJQIQPMENVxmJkNUHkPJJdJWZJh9emmg6OY6SUCeT8jZhpozPigAqFawBnR0UwBxmHyb11WyQwGdGZiZWJ1dBEq5gq9ckPQASq7h/O0UHPz9x0sYQ3R3IcU0RULrn0MlDNGF289IOn2SDaVJVAQAuQTImIoIBqU4Iapomwd0oERVN1V4XUoYjA8hJyvNt932bK0v9rd2s3VMnRRC0lSquqrZgnbap3FKy1RmYT9aO1j48PN3iqqnpVSCyRmz4TFUbmhhh8KUAwu+3vD1ByIgsvln1olkWmLi9Ew9RWCWKfccMMKQGFI9DYhmKvihFHsV+QQYDBI0eCjTlXfRp6WyuA4L+RB9Ow+eTYnlYj9WrZEEcMbW3a2m5FjHaMBSWsAUf9p0W6+3LLfqDg2PX5C0JAo5Je8Vj6fHTmXn/weSdsBkLBJCTkbW1QXpi1tFZmErpIYJxAvohJLLsXv67L0L5X3UwCrnO623Vdr9clcklB49xKZ0E64/2ALiVcDYabwNWl8SXXg7fBDsUl9lmWsm5ulOKnoEBywqU+K4eFzeMbf5BYyN0094njS6TFkcw3jhc8PIC0HkD8TBaDNW8dWVtk2sYg9EvJcaNlOpn4dMvxK8xh/5P9mpTTLUEJD/blN73ZxtrOgThnTae7XfMOMlPP+5EyAVdM6GAu/7td76CDR44cOXLkyJEjR34vCf0qFR3vil8QU9Xfbp75IXx8LrzAx7zmZ97rkN/ojb+S5sFozvO/8/zyW7vn83z+rZ+0Cf/5sbdLLT/x5ZjEKGqp/a+ZAh7CyyftazSlwOJW5kIfNIA09Rb8Dsqa9HEV56iYzRYmTCSm0Joq7pWQ27IxL3nVX1caH8b4wS8J5XFVJhZCDIqG+H0BnlCr9dctRDo1zhORbhIaNa31lR2IOBeplkS1q2sndPBNvT5tkwlD3eKX+foKeVZ0YUXg1rJNw2yAbHfoYPLqSvxUxDt4EGc3PxJxotZv8bxdXhMYObfV2u9jNWNpmOvSI8L1szt80fEwV/kaiEMB/qUiOBghveSdlSTCNIwxQgU84qZASYB4KnyHXcuv3ualKai+74HGErZbAzCOYDONNnbcUPOfZQY2qfuTkwADh0HIRETXQDo0wK8rtvuAUUAFrE2Duonu7hAEJVU166NMZPQ9g3OYiIKDqGYnVQpc4m4NiQiGCertuN/dWrvTv2AQx8i8SRLgiGAzB4z33e52G9cwk3Xi4K3tzz//bNo0sswFxPA+SpYkAFUam8T4j9YKOV1JKNIhItZcw7tLwUD1iudFiy4iDGVlZm5QQ5EonMYaFmnojA8SGyy5NiDzMuRPku3ty1oODi+RGkybc0DTSiez7iZgHyTMRNTMPGxYhzTLj4bBVuOf02jM5LrXwGFq92fvDmPGMgw6ITM/afNIA2snsMjlNnvdE6OwXCIQN2jpTiADBmMxdE3AdJmnu4uv7vdPbI6REDNffNFlmJeQ4GJzIMovfonQJZfIxdKd3aYzP6vL6/UydK96+LuuS+Syk0cFCOuab8w5ji8JXXa0CpiwwbpfWG3WC0Pr1aJ8GM4nM0DY787Y2pHjj3zC5LoyH3VixrObOqAAQuHcbyZvgVi3JRZk5hUVJoRDkQgttyqIxlXXEjFvg4BfexFi9+kqMfx9HMf49HB0zyeRvkPtYcbIPXoyimvPjsIWbDQa0iBJSkB0whG3TEGezyxHjhw5cuTIkSNHjvzLYhpUHlmDk8bVf/UQpk+epxR4rwd++pUGPTDvddrfTPMn45zP8/nrP90HIYq93fN5Pn/9J/6l1PYxKYg32zjlV+rhrtxZwvOT8u7Krgyp8Lmui+02fdw+N2ZEV2IGRliVfakFM2tgE8ixRluVcakiNAX6dgOe0nwCxjLymjUFl2nSEtakxi1/E/iEA21JhGm2bked6cUrGMy+gk9FfWIKTu02tU+Hhxbo0WJNMOSU+wQ9bntqet5WYf36FeTvjYa3pll7ZNHyP8Zf6pU3pCgAs8SgrkTL8Vkhl5KAJsXoQ6O9wWhraaeZVXtl6V8QuRcsIDMyVTUnKFhgewp8tBZsQB6r/7NhSGBQANc2FdcfF0Q8DAFaanVe6OhMEe7CyvE0VQ3A0uJem55VIOzsiQOGLCwQ4DJQ3MXKJyJpfFJVzdhphSVU0VSZIJc531soy44egaHhEExVG5oG44kSHwQ0wEdDfZ1AGKhEs6IBrTXzSNgM6ovmNoCBAGqtqWOEBiXerbUAHFtr98dHa+1u2hr0uq43ACHShaH7KtQa7Yfqrdq04W51WUgwxtpSnUepDoUVdBCqTNxZfkH+jLTcdaRTtJYVvmkLzmdfVA3PrG4IabozEbx4YfMlqXUJckC07BrT0pG+3JhZS0mJyHC1Dimrttb2E3YeK/MSPSwFYrX3uZq+Fpn5dV2s5Hxex8/c2ye/FQPVDLdj5ktecsl1yWVIXwECWcwM5+XAFpEKLnpdF18il/xgttnpwKM1uzkLLJsgJcmvgn+v1w8aAcK6BSwOAaOScTvBZEh3uu0SD0/GBzatXdy+TucGO1oxO0MzlkrOUU1EJEOCFSWlDtiF/VCCm23ohGomtlcGgDBXvl5fL2ExVBpVit2FhiMHxG+TODMwzD4HdG8OcLf3UfoJMjeWOCKUQwvVeVQLHc2YcCGXTRCEIS8K3LMeh5h5M2eOHDly5MiRI0eOHPl3hft/bh1u0biOOtjts1CPTw9xGAzmqumVjSaZJg0w0xrnE4Tlc/zlYDTn89/6fCXj6nyez7/xk/6l1L4S800cevh1Fx7Xw/fpU4S8fvxwdbYbxVMBiCDpD6o8TLf1Qz84Ix8DISBvunemUVe8PwFCzt0h9/3W7+eEUbjANRCmvVIFh85qdM0sqvJwm+8DbWuQirtsgag1l9piKzHlia0yvV4oUJvCbNptowOd0cEJQ6o/fSWvpy57ij8ggjuQc4IuubJ/ImTNfYU8H1vGR36kBXTV56CJZE7bltR9UCdnaAPaLRV/wJ59QgyFYkmK0bbfS0bIVjCKR1cJvzUZajPDIPgwNzGm3MvYseRNj0dECUOpEsChhWsZY1kWLjyS1PEzYi6woZc+GyOQMwHjNsMjcaxqYDa2C0KBnhih4W0MZ+cYZccdGLLZhwQBpAQVVjVvhR1H5BgolUBJSoDeqmLMum5RE7W6ZrnTAMLwbmfuA1uYjgyLyoCiWTnN4qW/DbgNVjc3SogUmnkWDL90FXprrRlvUFWb3q3d2sJNYrvvdn983O2+73bf7b6u1623zfFgCmYtojDOlHQHhq05rGkUutaadoCQo+TuLtFaq6kanGZjQGHBcXnCmUoYJxIo0+JwDUiEoG0FWZNY2EiH1u7m8jE3KdWWmBq6fUOGW5g14JgUYGuE1jRgzr5KcywTblPUQUl1VIQQTg0nfvMIMJU1fwKwFlSrE8MsJ+nTIZAzEuIfctm6JSxyyeXgXv+v42rFy6C4y76AA4UveV2v67oSYvQivK4fvkmzWwclv4Qk5lbwdf2IYc+xvEj4F5Tc6RI7rD0sIsxXThuJyG61ldMhoC8cIl70vKkRnjsNnCQOShoRS/EQG9hlWRK5rPd5b6IDk5wrHGe1LR1LVMSttiKMcsYVh44Uch05Pa88pliENCfayYhlKXbkzkDDspza4sFhoHPOJwszSFIPA4fzxY/TmvZ8CqnT0RfmVH/0ezJs7R4uDjsMSDmeKeZvt/jql8/ypkk3XV8tWfs9mk/PGEeOHDly5MiRI0eO/AsCAvt/odqadbP+a6gl1mca4tPD89c+R30v7WPy23Te/7rW6Hyez3/u81X+IE28+jyf51/9jF+aJn5pvm/iUH+unxR7SY1PYdLpKR1T7Lz++GHaLaZw0USu+nXiIA0Ofyr4l9a/tvBbBKYeiKmTgjplqjIPPGa1PjrcOScyq49FCds1qEl1it0bD3DRGzhwi5yt1K61zG+oddk4K5Fu++5EhvuKrG4Cp9+3lV2JbsmGSVVv5Rh9qrbrDLBCu0lVZc+0fDoeNbXA2JFbUHAqyadthVIEDJnXRMqnD9nABjFkEWGR4I4fOVgNdbW3ZJwyNTArT8caOahkGEuyr4ipW3h7RAeZGcZ1Y902UgG6Zgh5i99bl6ZJTbAZ44SM2GfnjiRAWDguhDL4zSglJ2OKQn/tbSaO7qQlcogR6BxmssJolBwgLTcEiIOaQ4UOxwQBK6uyJH+lzoVad0PL2CE8VFukVgNbkIz/ByhDL7mECdB2N1zNFlDVrtd3sNKJZ5oAtl1qABTu41AVyXXURK/gmTKR3rcBhDeBDCA0NmFAi/f9YTTEj4/748d//rzbh6F9ljIUzhkntSUziHKqbuDUQUJiVmhTDYDQe9N+tVhEUKKm2tqdoxkg1QZBorUOC9mYifsWiFFFQSXkMiGyf7i6s2SvA7NAHPVkIkDMDm2wsi4mVjIrozYbNAmIdWw7wlwN74ad4e6n1YhggNNC4911lxxmcvlpIsqVyHCbmlefTUboY2Ih/hHGRNMyaG7ECfelQ8GYBH6JxwprlkQv+++SSy6SsHbLdMnLhqeDjLaAkDJ5Ctf1ytVuQB9LSWxF6sWI5dwx8rG53EmmuTG8pN6qkUQHxfhkMB+EcTshKWpE1QBmum3kPBn1aNCevi+7TCx1WY4ujWs1nIBk3DXqcFgmVbaRvkNFKgkGBmKIGE/9OMaHcyMAACAASURBVJQ2Q81LakdEnbXY0c9cAjK/sub2nToB/MLU6/B3jOmACb0p4t2yofV7Hb5y+cYoHEZ7+15WShgXgXo3JORPswyk+bENjxw5cuTIkSNHjhz5fcT+mKONLpfqM6/h/mdR6Gn7u1TepTGdqu/9XD9MhUH4XLY1nc/xl4PRnOd/6/lFSO1tV4ae5/P8i5/xS9PEd+LjkzhUtPbv88LbMkQQerq7+K8fLwuQUFiD3PuUbQTuFKioP21/CLWgJ1hhMMssb9knShQ6tgGvWhGIiWC2tbhY9aqpaV3JWLPdqlGqkvYNvvYei5pAtS3ciCK1amteYXIw8goF+mPhljZ8SJaYB89MKzyZpvIqVmSwRPXo9BXl3QT3rgWeQtLM7Huw9j06uK34+tN7tmhX434GpuYL2XQ7GBjdamJRTJeUzZkTOi92LBWKtcaKceavT6OoekQTEcWE0m5emZIdKLNZKtNqAwxDXEAEhc7e13pFxHXa6LXrcDtQ9Mlrm9usjosFiOZ15qJNIjZmGTMbmJa+S/PygLWr49aqqnoRgViMQUhcAcJad//KUKYLLEYpU79IYbYqgwBJfNnypkS4WIQJpCQCtW/MDckd8541vJF0UvyrAYTaUU0bA2ZUVKK1mADC66PdH3drHyKiSSc0K6OqTW+90drd2sfHx/3n//zno33YHA+4VMlvYTSYAz/z6afQ1u720e5mNk7h5kOLb0JVVb1vdbumICI0aFO09oG40xgYZwMpo+O0StEOtOl9nhcDBK+44hCBI/oYy+hEBDQYFCrONht8jo4gSxr8TNKTM9OYlNgxOWa55LJfVFVKVzpCFry9mCsdqepok/PgKnXPkzGumqQ/P2bL2mIK8UWc6GAFCK/rev2wkMvMe8bVpeKBUEgY4U6PLZvrcneEXoYw7cjM1+VGTL254ilMQg6AaNmIbXhmPa5hlcrrAoEp+thmD3GwMK8fiQS9zzs1XRQulzSc0+wQ7Ehe7MOIE1kPD81l9wSc1U3V83K5bUAIUC1RwsTtbAGJfCO0A31MRKQkbgYhkEApM9+JfZm7bf7EvQDm+Y9Iya99kN805gT+JKrSsUzxxVZJC1aZ8ypPL9FBHIfGPARS8mUDJ/c2J9J+EyUOYD6Wi+n4mHnTDrT3LrzZCI4cOXLkyJEjR44c+fcFoLi6OOl1OU7B4P5bCV/1tHlq7ulQxrFLq3G6ftYtxwVbV8nudcibMpRn/lSPzV+Ic57P89/x/OqKRepjeVDlnPAT/n92uN/S+BXpg9IK11O4iKmsyEE8c13jVAoKPalFdXpCaJ4o3NmE6dCkKlmRTFuYRrminG4m1Kuaxd/AZgilY8J3WzabqZsnJhwNMnyd9GPMUikRNIGqRFpoBzWLRCVTQZwRVhIJxZvBByuFSyQm7GpOF/+n8i8vygqwVb1b0ej1ilc8NbOqFARVRw7WHNfWGBR8AU3NoOiuSEYc60ScXTWrSnOv9n2L+b2BV58w4/lXHsygpba0uuILNhJKOp6GqVV9DgjbtbEYBQgVrlnNRCAFyPaLWvC2eSYflvYwMVyZWWj2mWedEprtTRvOjcMllkFKDHZSz9o74UQq+jlwbhhZyBBrABKkLV9qbJBEWkxk6xPILFVm0xgvzUaUiLBNUhEWudAT6bckApURARRKYGWwE54stag1Z4NbF0McYfTyp1s+X6KMamoeBFk6cAG5rDAAgV6X1A40vC0geQ/y+UxKACuDtFMWiRpUm0I1SFsEVRHl6770DyFShWr70ZqmcVJterut0df95x/t/22tqYGC5CZGYePW6tgU2twRYWv3/XF/uP1Sc1tpLZK0QoW2G601RSPlu3201lSh+EO1s0VvvUHN2cJp2xTdE2TOowE97XaG+cp29XEVO4/EMmK0QRGz0QiARAQ8kN2z8Stz1th5Dn1T3IpBeuazPhYWJrnkZXhdLlwdhufrx+tHmoG1MSxBsVNCONRLp4K2slGAUGr+ANO1H7v/PUk6nMOBIiLhUFAccvzx40rGXiGxSZ+aRGZflJmEr16yzEgCnyICCTOCmpgtTOLuDoUHeDMXDAdenecvzHxF8Y0DbIZiHUFk5uu63AekgaByeauZ8dNsqdxoQA7FMpcdhmoJyvO8pUBs5JOb5CmgmK3xCRAGKJcQIVFYGLUpn5Cq/VUea3yu/RV39PIJv5Q1DVz75QgUK6PCBeZ2nNKvSUTGnXgYPRtXvphYDDj0OwdeAlaEg9Ty59Ww1PcGCiOqEa2cDBGnSNK0dRzoI0Bmj9XuNbBwjj27R5K7AUJvUTBUz9r6RQFhGXHMI0eOHDly5MiRI0d+A6loRehse0ioIDbhRSv7pXB75k34EJ+XkDfx+Tmdt+G0Dd/qmX8rvfoJ/+8Pf+UvYYG3f57wE/7LwumXpk/fiU9fiI/ndJZf/2K4K7ocIww9fvoWo1BYhXqyIAeDNbB+mz4YLkabIXHIIwxrxY2ZyCDho4SUIl9OtKDsQxsArGIhFSD8VMH0RBErGfZoE5+lKiIn+mDlkw1pPRRoj2ANoYMFsG2RauCEULI5/Bl8y2HNpBIXmTthrbowXKuyhU7XNOvDZBA1dbRv2ulbusKpPdcyfPp6rc70m7dwlvmBtjh0kJ+eGH24c2EWpia2DHbUGfiNyj6PDZneypxSRf4m5Q3FttOsSEiSRhwvc+1TJgYpc1JTTB1fkYx9Gzr9hVkJkgOSGBBVFSFVt14osh3JpSHZV1uGaalZpFJ7yVMYyDrGClKQcMCBYRo0AW8vrWpL3b4DYznLFAyScXEJRbl7RozESyursTONZUiAitkjBTl4YtRbueW6FMpgpEFS+H8GEDa0V/to9/80vbWpQt3YpgPSBKh1Mdqtqm7atOl9f7S7tbsFEu6AX3MYUMO4aGutfXzcrd0GDyYM6GifAZtk6XREsJgnbVOvaRKbisXpMgo7ergsDswk9dJGDiRzZ4dcJxPIN6gbJObOLjEjEbsHw0LC1yUv4Zebvowhel2X+7BkufhlRQ0gzdK4rktAZIy9vA7BrER0XX1frWNf+HIKXdLo2B0POsgnIlffZF4vow9Kzq8y6z1xT4/Tb684glk8CFbAjAM5TGIt05X73oAKevqXsMQUT3ytA4fxP7WVL2uLMOAq8uIkXJaUs88Jed5wZ4e512+3pGWL3+8jxfgzlRboMGEm0JUCQ455vSGrsjmo5PpS/jzvd0kMHzQS6nDBxPP3EiZOGGtJHzaUkCd1YuK7XTwTnM42WSvjZUbnpZ3tHW89APtc9eKsOxCyp3d2yfBmNzhy5MiRI0eOHDly5DeQwC7e6Hv5F+mZ8wT+GP8h5C/mu4bzL0rnhJ/w74a/CgbudnjD/i5O+An/ZeH4penjO/GfnvmhbFM6+DScOUxpkWs3p/jm7cnjU5jDdjOUXWsVt+PDE5SrWYMwsaoIu34uFV/Cjou4HjqmfVJ8+rfZXiLvcYkuVfH0pGx6o2t64qJtwydwbsXq1jj5rBN5Lla/wYTjk+Yy6rEtTNFCvq0mQlfXlZZ7CC1esX+KcbHvy8h+m7N7AvzWNvyWL8Ypl23ub+RNRnNnjV0wYqtl8hD3kTymF5+VF8i1J79S6C+igz8nM45bv1bsL8b0kGnZ40Ph21XHcx25Lz6ZV4I6btuQSN3YqLeRiBFn6fNBkgsNeQo2KTBOhcoq8wIbvw8CQvClC/iHIQuU2TV4tnMvtSQsfkkiVecBCm54z8G9S1G0izpmRm4IVEXESYbK3R5pSFNtrQGt6R/ablUjECpInR5k7C5SAlSbQYph/VTbfd+taWukaK0hdgp1nA+qet93u++P+/7zP/8x1NBIodrcayITKdD0bu1D0Spr0Lwj3vdttiWzOXLNlOIfDtC4pxiNZpCL0+wMTUVWi7s3OnZ+ITmBzhE5s5opjlyIklQ7zGyMLiKG2fV8yY+BBFi4iT7DIUTk3gCDzGcsPCtnhBORsTbpEjPmaSxYLVuvOD2QrsTugj/Y4cvAm5BeCacZFN+EiEQSEM3muZhZrovDT2Fe1wtk0rJz6jvTNc7dYf8XEXZLu3EM6ORwm6RGUr9yu0uCr+FLr9drhpE6iusjqcK+44Kx0rzLBOUSb7PlWcWpes9lthFQFzvEqYnnDJZFnqPsNOz+XPeDUgFK27OxRCVJ1lbIzDH3Dm+gWGvz4kHcwwhAEoRYdT7fVrrZz1KRevdoqF1Js3ocLHhjT7neqKir8Zz7l7a+I0eOHDly5MiRI0f+cfETfepdF70uZwynSPy0npnoC/Hf6I3XcN6Gf46/OEbzW+nzT/j/HeGvVLtVXtZ5Ps+//hlzeGhSvp8m3sUJvX+NT98t25fy2s6dp/gRDucNhu4aBKIkNDC7Vju9mhUVZOgAl4v+VDSQcGbKI0yTQNIG7SBaPfBtE5roffFgKZj9K36Kv5ZnhUbeA1ori26Ig+D/WcpPGftAWX6PF9fCRI7Zq59IEnHe2+QsgRn+pfT7uNpiHl/AX5+Q1/WtCf+buuwJnnzCz57A3acKbmUaDGM6xVrbQD5z/Te6Tjfb7ZM2fyrJtq227ifHl3h6ZYsRPpVl6cHufMvCNWiwyAKEnUafnwO+yMl1SuW/hMNCB8xUo5Efx1h9dtV/xysD28TQMgXqHQdzed63PPfOZeq+tbzlQcIcSKMFlNlYJktXwY8AISaaJqBN09giEbUb2TK2GSjQOl3PeIFNm6KZmUcWMc9tImR2Q29okPmgYUpUASXAMLza/onwfXx83Pf95//zPxpEQGMHJpfaSYftT0XYJg3iYAKEGFOufjSzYhIDtVh5TUqZUGn2AlnFPQNihuOCjn1dBWpiZYUDZQlHSQwVkUuuS16DwVLuVjpzzIvI67p+XK8AsN1nYA6TqJEC9msChIQY0g5NecdK2Bjl+77T9SCFyVCj71cOIi8Sqbkf0GK6002Mchj89AsQoIQ+y8w0LJmGUVqaOjhsmSkXZh6IlBkiw0oYVyr8xdLdnNPMeJi+rl59aZ248o/3hIat5JNFtSYuIgQe10agutZbcynmBBJjq4zOxNtyifDFIUeUF9FNdMZkz0zcCWF8iaypPoAIpOOxwF3AusvR7JSnbXq1wTC1udHfe6tEXr2x+kLKdXGbdqLNXmxpLFavjxw5cuTIkSNHjhz5lyX1tbzX2VJ57uGcGuBv6JnTVspDHJ7KULTZ38qL38fp9a7hn5TtPJ/nX/P8Wm6UHjnyW8msj/62vKW1fSnCX38rIjMxCRPi+j3sgnw3DSauf/cqF90fuRKrK9R68gVcFBBp4RAYVY4XamBVu09o3xbNelTT9xc7574qjt83zBapmqCONX56ItwWDCXyar6yE2V2kIxJ11nPdRz65aEdegvkqeWpNR5CRrt+ix62ujNcu7ICrqvCcQp/etg22vrwJsKk/K0Y0tcHRqaWFLFtvd5oq+fy4F3h/SvTam90i5rXCm6j1awXT5kyxf+Enrs0zqBJLyZGjRTCtElni9dO2IYBD0KEIJwkZGYkqsLW2zRIhvSbDXWhdKN8fXymo0WEn84AKDcL1LAWsUQs5EypI02CrI1ooTpZVkibQcNPctmrHS0TycWBmW8O7iBBYSZJzcUjghdFrd1uQJSUqfuRC2iuQZtqg4F1qupfwSBFgH+WTdgI/TB48OOjBZxo8Fc4KYQQBebXFHf6L7RPQwe71dECENal1atcEKvq/tM7ljhBwWnNYeaXvC65YDHFx1lY3WRmIsXFfF2FoSZ211LkuuS6rm6ZcxyfcZ3C8LDXdV1yZQGE2QDCiB+LKkCEzuojSuuUgZP5niC+zfIff/xhHDsbBgUgLMtyFKWsBu4yEFDiOiwdOEyAsPhTdLDQUo3pLby4Mq1wmhkMmPItY9jLWWeNvZhzgUiGFdJSKYgsj5muO+B2vSqvbi5e1MjVeCy7i8tpdZJ1j17XmekM0+HDWK36EHXinUH1w+UJTrsOBQgc9k10jHAoD808vL6U9ZbtxZsabUKa18DpRfciudQ6SJDDAenNOerIkSNHjhw5cuTIkd9ZxjvN2xhPb34z/Cu/fiXCJ5F/9hB+Du9H/hF5/UXw5ciRr8ovHGnfTerT+HOEiko+W918SjbUPnMM00SFBT+//w9UH0DCbn2u6ruTX+H6Tn8eS8yDMsp0hL6VoNglNB2oqckc1hsriO53ql/jJ6rehHjXIEkVKN7fHhG4rwOH28Cq2d9DUw/JWvx6p/4p922x6+81za6eq9DeUKoN/DZW01HF+MIV86iRJ0D0CdBdQaDtwxuYMx9r2NImvfkj2aGJJsxmgsp22T0W5klHvFZhGAlhpgFuczOGN+c9LASPsGD+n11LqK23RQe3Y36seF9hHrwwTimsHVdbNeMXZbXDAERpKXJvpS8pQ0xsFxa4dCXlUKxWRh1vffQfGRmuweTuNvMSnF/WQ/ycoARmNbdhn+ZGsPZ7EuBy5jKRsPR1sACEWaPOFfRuoDrY+PICu3s/VgioTH5mKLpxUe2fpsAnZrr0BYPVWJ1I5tm7S0Jtt4aXRVJVbV47ItVm2XcHg4BCzb7ofTe0druFUqMfOtBHgLamaIAq7nbfA0Jo7gyB+76NckcBKBqu2ZsFxNRtGE6T0DYK95knhuv0xY5ZXq/Xj+uF0u0cw8zHmkKYr9cldQQKzEpoOv9zjMieRjg7r5JYqjF+nL2XdENLGFCi8HzZB1uw5ZgI5B1HYW6UJUl+5oOTg0E4zMREy/pOzGm8MW0gk8FSwsJX9S4MQIiTQeh3esiTKZM+52/UP1G8ihJ207uURwsQKdQ37m6G1L0ik50CwkekpEnYAtZtTT0/3UTZAoQ2DerD9ApR2kfnrCy7NeFx4cLUKEx10+w2jhkk4cC2L0cMJ1GGl1aqy92wqpZxQsMO4SJ23YG6xeaxxUgu1D0STICfuLqt0vBAHIuxW2Lwm2TEJAyNWIj7G9Fy9ZhRFnmzLqsFHaeobppRYl+Ojxw5cuTIkSNHjhz5DaXq0lZt35PS5jGcN4l8+tbXIxw58l8ur+3kOs/n+b/keUC39nEwbATfzgvVrlS/Jz6GP8XfhDNLFMdMkKUVTNf0CQlYw/NOV9KtN/oLKlMgCte2u7a7b32dSgNC9e9V9F/lLao6s0AH87r9A2gamq8oUcUIVxxlixXVOO9xxCd0cOVK7iMDexOja4JTJXmOVj+rU5+FTtef7d/nLOaWqZrZR1j0M9Qte/k9OmhvT18jtU3bbsv/BBDWWjzmvSBtE9mi40BP6CCyqMx1UmbTucIXY5Uiwe+c/KZivB052ylAK9KWBi7y1SmFREeWRgDF0hO+TBO32XV3v4DA+wg9Vra85Si1H5cOLcZ981/AbZyPB/O6qPS1zqCBZXiDNGlPWfHJUav9evHA0UwfhFmYxMPsZy4/GV3Mm1HViIG1QQCwDCij+whEN8UJ0OWwVAV8nHNoBW36QlrvBFRbv6IBdSBV0RMmaNM/Wmva0NQAQrNxiqQZqrb7VjSiblW0GBp1l4cfH7eqGpPN2Yv+U/RVmTTjisE5k5LhV29dWLTXdb2uF9LbJXcsze7ICCDmJ9AwSGcQhnM4ESPZMgdrE52qN9gyrcDw6LXX8MHLDUnamOnrQ8UarcsSIGQyZ5zuztBN7ArJJXUJogAIp7oPi15CrBwmRoNiKOIjWagjhgkQEjtGVFp+cUgs7GYJygS3X83VowPARAJ2GN4gIxrcINeFJUFHInt1f69lYqtPdY8WQDlEII8ST6s65VSEUGCqT5KYH5cTXsVH86u1fgzcqCbcEWF5kXtT5CWsPPzsNuxCNhwBQl9yl72gHkfLrY1MnEtPRg04PFmj3v6wNhtvc3WglJltqczS+fKby6D1Tlbh3VHryJEjR44cOXLkyJF/Q/Kiajk2xy9fCu+KlPfxa170V+Lwl/L67vNXynaez/Nffn5R3uqlLqFBOeEn/NeF46fToTkc30xnEz/10s6veZdO/a2Hd5DsKX4J5/RYmEoxxwDJbV7ZRW4lsBDDyRAi3PfEBWt5gNY8F9MGFk+JoHSypQqakYyKOYXu6TFCLUC/vV6/jd8nNeLT85T+k0wg2VTIJ3hpssyZsTcZjFVY2xyYE3+iS46K1zWc1/quiNoWf3pDHNwWZlXvbiq+5PKVr2shJ4BwLdhmuJSUV/Noa+G3aOiWx7YnXD4MsRzMn9Z3G+HTmFN1Krq38Asf/RE6m8oV/HM/gsi92C0zay3GdjAgVqRpsgMwApRCcxZsWUS0wJErluAJEoPHaRtY2lprAEYUm2mF44Bx9lsq+rNLx85JeMZKO7OUuMOVFSFLm5z2ui+oBFZlVUG38ejWDa8Avxy4AsKIKKCsXFiIYJUEJHxDIOMWGutPAeCFZPsZNRAaS3zIfd/ATdDWPu7b/Q5qpRmifXw0ANfFIi/ArJsibPnaBjAgoMUnroNk1TDplZ79iOwnJ3ESpSVM4gFPE5AwSVyYsWgwqq8D0eZIj0UuZpaCPSU5MKy55kgOMDGGhIhcTplDmtyMjuXSrTFwACH3sGg+Drvx0oulGEQ1i6+8Ius5P+MZSSL0BDtAaG3NlJAnABUnzg3wZ/TLsovIMFM4GYtl8riDPV8w8q/W2Zh5n60+vTG5O52ek7m77HTraaX/uN3913hRlP0Voirb60clw82+S8XfKsWaM0SW3ngVwFuz3u4+cekrjxhzhBq+li5+M6S03yAbct62WAy63iblJcwBvbt2lTty5MiRI0eOHDly5F8VN8niB9lZ78o9qLxBeSOvmlJa4r/XJ/MmnD/TG5/wE/5fHv6iBKPnzxN+wn+TcPyb5TH56/EjXBWpeioa06LcoXAl06+zT+qb2dJXBIdKz0kqRMUoJNTpJaFdT/3UwNQJTzaWzAaXqvluWDU8xH+OxlS0n3MWppnn5CPOGSOcCfVgq/hW6xbvZXY9WlJ6IhEnVCzYRk2ESru+B4RWNIt7+l/C5xbLpV+FoH5OSuKbXN5UeVdBqr08Abe1UhMomM9vYK0p/ljK0FbbdEB6zOslRBmEGULGbOsEI/pKa39F2f2mFpZTTBZjW/kAy7Gaoz7ek9LCs54YXmsQl1Uoc+z3BQKE6+YJC3uGsmj+aeCZsJiFuwuXqkbhuebySa2JiTTHv+NMICgh7fl5Uho2Egcyk2X6BjnOnJBPFH9Z7PAKOGmMsjHixxg519DLCmVi96pHMZYAFhZ3QQgighKKs8bu1hSACKD2Z4fqC8YUdDuigfYxSaxPBGraWtOwNKoBFjpwaMOlkv9Ub2gDWtO73dqaMQjRtGlr2qBorTWArouZL8DQw0CMEFuXlyuNppoTvsvqYqzEXOLSnKfjRgEQUliv7UMMlE4iuRtyZBb2AWz0LmFyk7dpKNSpfQGz+US2gGA0cqDIagalxe/bgEnNImqZXLn2+7zztvcR0XmKQVR1hr5X2R0HxhYWO3hakx23k2JK3BGqq8w9uI9iHrEp4USvY30MgMvJmG5rFOUtnzVOTrUQIYkjBsVMc05hR8e5Z0HOoiyY3zTRKsS+xQinU0NC+57Jwr0u81cDmWPkYvGMYy1/8MxFqlOx49S9XjCunRd5JIXW3Ro0rHV+DYsd1C4rRb4sDhNSN3IdqcdSHS1aYNEw/2qwuthph30QgBJ2x1JM9m9BDuznvNSrDC8J866Zjhw5cuTIkSNHjhz5DSROtxt97BBOD+FP8Re9Lj2El5P0Lsd/RC/9b+V7wv8vC3/RqAc8n+fzv+CTfre8mNJuUyELbtMxB0amlQoNacfJUn8a9tTmS+VEA9RBNCTuEe0pmB/9UVVVq6stIkr925QUxusxK2tw0SnVdEBfAFcexVuy5x+w5btEk+lirbZGfFSCBcwy3dDfZkELffA9jrWig0Rp2e3xrTeI4NcRqamEb4q6y3Gf8pf7dA8MryUfxucDYW5N5FGtHOc2DsCtW3jcJTVwbHzAPbb8XMOFdfcm8qcSdMBPaXlfVuRWjLDyS3Lel/E5o2tzUuMrs/FPrmZ1E850CD4t2AU8Vq29WnQhgpDGshPDdfA4F/OugwUPzcgrGo1+rB5i5t2J+m6Zg66yryw6CgqYARjG8rQ7Fxy2E/sqoVyz67g1VFXN6RszA8a603Q06MgQVGL9F72uy90E1vJUCte42qtqg95GGWxNOyroVkkbgAR6rEg+8WN9E+rJ1rJJWMMMuuGMziJAFgnWII1N7LmGvc9cfjtAaIUQH69pxzRwcccibUALyyXCwqoGqTokCDgBMeAYZbocXOyjyAdheejLhQRS6JdLJIzWsroz4GrgNItN3T3gONLSaaIY9Ji2Us0gJINmsKbMnb6ek/sozAnB0ynD4SW3Z96vawQrMWfH5I534/OQzWXfvJets2kFCLcRaVwotleIetbjdYbaJj2Zzcwe1goqAN8e6eQomEHVvlBhTnteQSkhUqZiUHl8EXEfZd3ycnJxkSFOXlgKX6F+wizdF8ghb88DQ6DXVIfrR2+79ciRI0eOHDly5MiRf1lQjuDjJ6ftfjuA45P4j+Ff+bWW5yufn6b2rc9fm9r5PJ8Pny/a605jFJ7wE/6rwm1R++fzraj4Q/zqXPDvLk9cyic3NBYAoasViZnSxBxVDWNRbEXaM0vPWXWhXQqlNlIprarqhqu62ihu04/l3gKEq7O0ohbkGncCpbZYUVVLVdVY7YyJS/f0vLLQnuRtFSqva1TVwVfNqR61MKuS7Q308h6uW1tsCn9KcE32u+jgTxRp0jBuy7YWtbTtvtdWhenTsyvNx2wHjimSfzEai0ioFgPsG4Dho3xFo7ot/Pb11dCukXGjLNNM6a7D3nQcyj+1LuGRkdfwp1TSiSNKSdLAZrmAlOp4iunAvfx9Belt4lp5a3AMMEAASRvl9RQ4kUGn9nwc+XDKKAmyRmNTM9tNDaThzQh1dTxbMjmGKwhg63pZZQuyCoE0qBLAFhLhaAAAIABJREFUnCZJq4rf3KOKg2vmlI+VWVk0GeJmcDTLbF4KrWoKhTbgKgu/eyBszWyJtuwvBDUxGgykcAJTjIIwTaq5Y9bFbXCrFvUXFiFO+6fZucaKEhECOJjunpr0cRJolhoo6xy4IN2HfU57SRy0Nd4hs/BFDEDtQo4Tr6I9OZBf4VfcpxHfhVlKTaxA1LtHxNrZwE2PVjFsf9lojBK/55BLA6GOIA6QVdqSZGem2kDr82QwKewz2Ppbk3NfBzjwEmaJGkksdGWpmdbtFSCkyMQjJ5cx5r7RHTsBMS8ilNVgWuy2hgH2t2Y42Mns7Tes83H3IP9gRlJf7R+zX8xRiagBiyTTPM4/oHTlWDBIcwrdDwPlxyxgr20ctXrHBJ437VkdyY8Eo3njJFHeAUFsWGarZg8KI2HQ8WJEHZOZzXSTIC58fOfeyZEjR44cOXLkyJEj/5hMisZJv/qrwqn8lfFGr7uFTp7i/0KcRR7Cf1X6J/yEh7xAdvMdVPSGoT074Sf8KZx+Jh3M4fSldEqcTfpP4e/y3cTHczqoBJSuKkdBGx7iGy2glDMZTqb/LvU3EgGbHq9rnBzMG+/mz5fQIxVXGAfWEZqgMEtn+mHXno1sLeMAuSIxeBKAJsNgUjxV71NZqq595A0oslLuKoViuF8P2tVuo/23CKP6nrXcyt/GXxOfuS9DeXraRQdbiD5EafS13/LfycwPGCkFUwHWpqvV2VpnXauzzf0p5upNqld17IWpkJ8yS9Z8a5lXbGybzh4MSzraqKRWbRYmXXGPYjVyVpV2dKRHwdpl20o9SbbS1vfeG7Q1SoLCaqklsQF+1XKuifQ5Xla2quLPcATXcNDyxzSMM3nwd3nIJSqK8NnWtdGGjwS2wVR82lnwJeKGMpmon3uzQzt/cF2sJr+DE0C4smZrChLKfNetTzhNVEmYmFgdBinTxGz+iYCGewmayy5Rt1MIqgUzK5JObVPSpoZiRzkvx9pihveBxHCAMKx3MpFypyhycaOnqoJGFzMuYkDdfqhxCc1nIUgNIAVUW3VYidg4FArxNmGzJjrN336vRSQ/s0EMDf34+ADAwtfrxcxNG0DC/ON6Ac2sXkv3wEdNm5nuvF6v1pqSGiPQsEkWvq4LqqNbR5frVTFLBpQI4hdywKO9b0McDdNhkutilsvw2r6+6QZdFhKEaVMHNcuko4D/RETNF6hZcXTgpy+wHcLpreq2jnNDZc6jRJkbRfrlGCIjUw5pBl46LEFSTZhyzkfLYNj2EqDuXypqvGmcnCzIZcSfY7TECOMYqx03njYmuyIg3mY59RLnQ5Qm7dATFAo4PVNY2IHWOKrV40rd7LjYwmWz3kAKN3PLuTjtl+yy3vZ7AuYGNW9L1b7OOW+3xAZPqF36wWbhfdK4UG930nrVQrUFPtj50DXCG7XGkSNHjhw5cuTIkSP/mrgrjaqnpbSjstffzvG/pq/ubguf45uDhi/qz/k30duf8BP+jfCXawXR/+B2VStO+Al/E45fkg6+lM4UZ4qPX1SvL6VDQzjt4xPH3rVJ/xIx+2ISeJLFF6fMYPSDRV1HX9TxO3Qh9UQU+sHY4gqJxDS/hI06yVT/AK7rqomuGMmkl5/ZY4FgrHDXVOzEGmfV/Kiteo97Tbmg13xDHtrClivxbgvdTbIlNj19/UpJqlTI84uvfCvm+5Ykqq77HlObKrWkua/vCo5+pV6fwWnvIg9ZR/xsYUyvbACwn5cJuPpiyq4cd704U5ll60DdtEwCezu498vF6D/OoLXhef0aAeLoLqUlHfaj0D1znrynDmKm3UBS6grz7Qx6g0zXZp+14QVI3iY1wN6Eq6jgy/KChG46JFCpOfZ3S0GtHWeLFRoQZrrkWiBqSga5Zo5AdzyomoGttbXKEf0CFGjkBD6DYcAsopaGBqCruLJabIAiQCDVhsBP5brudDfYIcByV6AirFbUBGnUHQEKMbMKAUws1yV82ebE6O0vuIiJRVj4ktdFYBbmS/W2USeXkA6Zrp0eTcFEMJeD1inCHNAVm4lvA0INeuTim9AgJLsukJ7efETH9h4svmU4xU7KnAQ7CgC3jK5S/mn8c7hs3IKCc33DxSNzcby53c4KgLf+VAZqSekh+3XqbfeCPLRsF5uEeKcTQmmB4RpVIIM9ZQ42a4zJZNqRBONzyDFgwoTu59Z2n4t+Uze9jWouqqNsDyfWfPa9TtI1Zkq11ptDwpHGfqLbnKAwOmP21GzFi9ZUVQLE2cd+jYx9LpAq3gyzI0eOHDly5MiRI0f+Peln/r3edQ3/bnx7jtze6Y0p0v6KnvngLCf8vzD8+CA8n+fzn/lkMsVyqJZdMdVv5qfukFLy0n2Gm2rH00VG9KcBI9SggUAVZlbOg+qtc9dmoavNTaWVqtLKM6i5TF8nLWTnL3rZslb5rimsBzVpRPgSljaBDV2tVt/izsbAmFRVzb/x57el9D0Vpnzdp7Ot0Ra2/DSvr+OFX5EJanoq0pcxs00PblWcz51Ly8ipr21yKSGgaseOqwZ1T5aIwUNEl7/20LpfaYFV6f8c1XMapnSFBjjhiDX3LYocySQxhzKBYabY1Ix6J0/R2suWI0R0nnTKxdRhFoxiKlFv925ANM7SgBTCChtjqyD0OVXFuoqJCOkLMCLwtpEXZX00JsbZ7enQyOykYETFrxHdrE9mFtqx5AkSiHSJyMhHwSPsACERyJhtDOW6bsMNe1LuDi3WJ0MGramCdQkAItd2PgEKiKoCTFAlElaggYghEAgMRLCMFZxDnt2Cpt0jubIdGXoBisQtFERgEaj2UeLNB3MHaDa0WX54R19CzJdePrqYLxEDCElhRlQp7qnk8DeISERac+Tqui6w0rRtRJdz30RICYVBSMFIhUNPwmbQlNVnQh9L4iWsXLu+Q3IiTRU1r6x5xNwVTmYsghBcmivfjdQiozgWLIBQLwGiu+sOWqZ52VLLYpoT3n7q9bMMS7OOGdcyPy1sPeURH7SNnvrqNBxUkHHy6BJ9mZNm7OMFjMvOR/hO9mJIHqz6famsSp/pozGHujoRMTRnx+CZmYcPAJxAvp2+orZcz2oASkLgoFX7ImDs0fwLLa99xZdpA0M906CWiewaWIxMNcifwM5fZCJVYgXI7gLVDeLIkSNHjhw5cuTIkd9Jqq/B8dD69fBkd3z3rW/F+Upe5/N8/q6f4YMQ5/N8/raf7BqNfzTfzlz0UNDEehzifPkTUAKnis5U5KHBHJRjMx5gWvqqGvMH0ECTShKJatNuXFQbmrqHv1FdrpZW3fb6j0PiVR6ZTOHJqHJrdipFT5k3OskhuyfgamUwbPwLuo21bij1U+d/W3kiMG0jJ5rg9mYLurC+Mrbtrg++Vpivywr3rujg1wlbn5bkqfu2HNOv1I67m87nTGM6rWbZnoo9hADY9cVPNPsT9hz4XUxbQtpLrbcCMvZa5RzgCx+PYt0sawj6aKwgClPPzDTZHFrmFQAsxjoyj4cG6StnJFAepndy5mdq2vNcG20hFZX53g0/VrjEMkDPrr6elMfN6J6KNQ3OcbWRbk/U85QsLo/tgIuIlBTQSsgj6hS9BHEtHAXjdFeyidWNZFybu4ASGwapxFBlAl+jazNt5h9QIb0HACUx2qEmJRQgiGQLJgpS/FDWdgJIBb7JBQ9L5OqmpK2l3NYr0BmBwiTSYZQYwNVj33VdylpbKZs3qec2m66EvPrWJMwwQ6/iXDESjuWu4Mr2TfjKwQjKoR+WN8tIGDcdH8JMkqiitVPBP6fNnXLSUpLneJ5f01djRCc7M7LpzSIsWc6YDFFaduiVYimx1pJpDnDHtybK5lamCNPXHX1c53V3rGwgum9X794PfgthAlOX8w1iZkfVSgHselMYpq2bAerRCeU6RTl3qdqNrDD1ztJvnIAStSuwngqc5ussXjASvo8MSrOMDe7YXyw67NRleKHdiaKar0K03BRViYnUYcrHHe/IkSNHjhw5cuTIkd9AVs3qU3h6MQ8qRA+nTZzPUvvZz01q/CvTP5/n82/4fMXfo+fzfH73U/96Oukd8LNPQ+K2v34hBfq5ktD2mfbhvYTkyqCHkmgDiTKzcNx0z0vrn2gD35PGEuhxNVXTtErXWtPmDMKuB32LxJhuSlXD8BqZm6hJM5u27ybVXgV+tvDPm7psDWxWGHLLHdy65avPiyMfmiJ8S7Z0hqfEp1J91o8bS2JfL9inWOYbdHBq4ZmpUVDY98lOqNUEIX+FH1nQoHfxF5Q6+pk6dfW96nPbtj+Bg26bK58fiZKBM32hDJsiVSR3oMPG13Tt9h5c38HtXdW+VoSZ1ZXamyJ5apMOP9a4BJrWgTRA6Q5ZTP0LD007kOOALFUeLlNs23Hr3bAUOMHSUiruR37s7iiETp/Nm6yUn3q8mAdmXLmXqlhEZOaXXCAyC8zZqnnhI3nP4z2MdF0mFwPCqiyEdK1X56Cw0pbUq/2OSXlLou6Ykpqbl5kMwDN2YsG6cjQynLto1mU5aF8sLNdV+lqyl1tjY5vVbWiWKJGwgFXMumiaYQSJSHj5IyYDZnyaZCE9soVf5lkTQF/RfKce98FxAIPMpx0SPXK3FsBuWUh7AjnmKz9y2WimtSXRwdXiqzgS6CCfVyAasF8dKOMnDOEGOVE2W+06795s9xNBfzkqbJbNctmIVnRwghjfwJARaDfMOkJaSzdVx0A+YpD737RJbGdICmci9pa412eAfaxqrApmq0UyFyYyOm+sJiB3wgiFEqmZv2UCu41f5w37xQWBXxBhEMSARiaOqwMKWAq+6NmlL2/Ci9indDaOpUxRYKpj9ciRI0eOHDly5MiR30TAj7pcIfme/vlZJ+x5vU+Bv6nr/m78X/z5Rn9+Ps/n4+crCARhe/Q8n+d/8BlpDfqT+PQcB2u4kKCGE6WW5ykdbNLB9nkos731Ls6cr6oSQYS4CYmwMLpmjSh081QU067dSwVXv3yO1PC6QgmhC3WlUX7rKl2FppbclIBVMcTG+nCVm4Re34okyQ50pgETmxpOlVIVGAjfVl1YM9qrmBft8xvML5+rgm/VJ7rVLyIrmyyuiTIn/3f/c4210dXuKlUwKku4d2KiDDXmXOVvyU+8tYKF8UzhNGtV4Fa6J9fWoEELuc9l1QKv42RtjS0kOeLN3LkdBRtKFXwhflCZQ4/o43cb8+vxo0i9RG/glpKBWYLL9u941dRNFi4B6QxpEBlEN3fr8pDG9MxqKJcfAyPyoMps7LDBtjGcvzhAHbXuSXXKn2s/pro/Y1VZ1hzuxCgta8JIkUSh/U3mEc00pRWu3yksNjC1YD99dS4tmE7ntmNDrktEcvmurZQ9kGt6vViw4nMzkS6IfSBlZojf4ag8IYMIVBXjcmd9F1Vmv13J7k6P/WoZmR1ThV0fyX0p6/sSkSS9Iqxvep+Ro4fWgsZyy/FkAGE4gHfjAczMzftORLQlgxDFlrXbimQyA6JXgm2WuiMzXiZSSkyQO0TXu0opTXCiX1aIE4U4ts9Cdbvuw8yqNvZ7AQiHIWEvprnPCu9xrG9eTKndZXEwJphA7MwUr8NYotbRPQ6g+lnLgFtPDsV1a14uzBJ0nC0HQB/AxEHfj3EDGtsEwW2jdRkyy689+f4mxuUcXJZT6hRqEIjV2yb2AQxZ9WFugJ0qQEpMBBW+nMpHbis5/9onctvDqmY3HgEkE4hIlanfbjGzxAADLQI14ht6qGVdtL/loSBo82o39EYBkzMRmUgN51ZVa9rIVymGdlM1IDNxwYrx24Qiok9J+UeOHDly5MiRI0eO/MOy6G85/m54COdn3XL9HOPQPs0x/bE8qSB51GMfnOU8/xc+vzBh6ef5PH/1OW4l/LV0NJmIP5+XruHVxUt80pvy0CZ92j7TQ/gQx5wbzeHERKrNrIpiULOXW/AdIOxQCrt+auChuDI3KQ9dj0zhfTDUU/FP1zJT7KAFUWNmYgGxMy9YirqSOHw5uc68agqzXMxV3101129Ao/WnJyreRECsXyeCxYSXpIZ0m3jnUnwG83SOyIPefxcY2r0JDey6+e9d3f9yvu9+emKtVXJGbep+KIq4a8pbdPBNqSbPc/XHr7eJKf8rtEmDCpmm9s2ufkiK3jfmVrYcl7eJpK72m2rZfcMMKE9M6v5GLegmcE9O6oPV/ZyNof2FMa1cxxbaJqh4g3w3XGNsTQzCcXx2aHCtQo5VVNOQeZOg5lLZvSW1GjN1/3mNI9D+bcGyFq73X02q5l8TiR8k6lgR0+CzzZRrQ4Am1HBoaF/uVRUiYlciKkDY6yKSmNWEPsLQkAF74+5p0a6LqIpIYnAlMl9yOSPKF974tfaZgInNPmbsVoFdEYEob3IML4kIa3qmtPsftXGiauGRzv9KJA4w0sAwDmxzMGLZdzuEezyUIZmfl//F5xNgprxbeS5LqFMPmWi5m2LpSAz1yCIwQr9zE4cBmW7z5MCrhNrKG54LlplOC7k/JxrGlPA5b5y4Pt0smRaOlds3XQhwrrMx/EbPpk68U4o2H6/e1JWkQph9I9DpopWN36VdENAawRx+hsVbO6MFQmgNUhDStDCfrZKVMzPyAelNMD8lhum49bjE9US5ezIs9zUIfa4SkZGDzZp8Dmk7ctqc7TcCAFArZzTfg+Lw891jyJEjR44cOXLkyJEjf6+AwJBVf+vf3uqN/e1ZJ7zRJ5e8nvXS/BX9NnXdLz+Ev9V7Uxz8/5qOXf7Cu+f5/+rnV8cMz+f5/PYn/qm86LtvoZaNKENLHJlCaM4F2+cxZXta4jyEE+V1cgGDSAlSleAcBtmq+i85UqnD7MjiaGsrNUhpho5A4YNQjUlT1biLpt40oxzkBEklrEhq+kK3pcXtUUlw5fZ9CgfOgaPum0fdX7Wt1xttB3JM2smkP5rVvkkXmZX5Cjj0XQAp8xnBgq8CaX8lzqfo4KCuLW379OLcqrs0vyirjcevJjbiZKZojQcEOhVAOBKO2SJhcwtMmvcp/iO6/Fm0KpMO/V1Fv5Bgcj1LFcqMQLikyitCtcDRMr2N8ttufE7WgyvJbypw6scdeY91nAu4Pk3w3iaRAqZkCxLQazKhnpwM1/QtUGtVgO6CT2Ppx0wtFPEVm0yWktUKU0s6BCMO+2QXTi1FRKRKLHbdIplO6C4GCUDCe9Y4nSA40gozgv+kQK1X3AXxmytAh98K3jCmOZk7dnTR+cXEcl2ScBpI4w5KsN+I428yoo5rcBqtNnvXIgLSuNGSI0o43QQa6JVGZQXczASkVaHjmeS52n+eo1DaMr1ELJSjSwOKzr4lkSs8HoJIfSMnCZKhme2U7ORs9TpfrEQXB/CUC0wAhL1Nw01lDolAKInJzZBzAoTIMTasYxivtvR7R2PkGLFVyqUVnh5oXXae0OjtUlYPBk/mcOO6ktKyFAQfsTfMWhAfRLkGBI7WAbWyQrBfKbZnRO17m4BBBlT7Vy4TgGNbEcODk6cYGTP1GaCkHIsDxdDWjg/GokyBgjuuCPfZmYea2rxIY7BAVtBWg9aaE8dZzPBoEDgDKAUpVNEczyeoalQ2xuchER45cuTIkSNHjhz5naToVIdPegiPI7j9EfZl7fGcGm/0z085finNb2uzz+f5/Fc+X+GjPpDD8nnCT/gXwvUfyTdugnw5ncELYHAEl/jU06n3NbDGr+HF/yL15yF+YUaO4YWoQQqIAtLpPjPSUNW+ZZ9MXblrgqoKSUGt6d2atuYAYWv3fWtrCICQgoaSer2Fc8DMV0BBxtUwk3uJcSJRhypV9zcFbmNuQ3hUilWMZNUtViBwQh3mShXfTjP0+DVo8Iu44COWgzS0VvTDzzjc+5LMjKUFSdrS2rbPK0VpzS7b+algk6e0N+0wwW9v0U0q8EpXQ1tpAPdStlFk+/umOnd0opLHilp2DxY+F+nZoeBnw2PCWlbs/AlunPKtUG65Q8AFwe3a3g4NrpD50FgDJpjq6dL7VEGuPuPkqRYVqgwdOhMvdCu36ZHUQ4aqVu9kfVxV4lNCb66/T+yv06N5bDq/60BDTTyQGdMw8HYbQOVY94Z2YzLUbew1djJcNyW7vUgRq2rNm80Pn6KuD9OE7c1VlkrfAgJfZBGCAZBgIgENMQMKQZ1WtXPlQsm3ups1xK4y/IhIOrACA0aIVKj7IKRp90n0CCS55heL18I9smofwE2s5eRiWSm4Ce7F+OxdaRa9s3PjpggZXmKIilzuuY+IiJWYg6xolPq6BnI6d4x26mPbXNM5RK0R36vrxVPYD47jFrDOBxaiKj7G+tFGpjlYMUDEe3UHZCKj6XG3SkpNlYOUNsydQNmq08QV8xsAaSIqpM91F9vuR8H+BErTFV+e0QYPe9m6EKNUBABYejql2zivknhGYIJymkcgVYOvWYjV7ng5g1BLdzs70NE49zVIcZ5kYvYpowqFEsKToQ04EEjYhyQhInQ4cwAI++yrJWfO22AiIixEZHhhNokZ8VVV1XsY8MN+fXwQHjly5MiRI0eOHPm9BA/63vyzyP7u7Hpd7npj6vfyPtM/8xf0zPyFdB7j06RP/jv157TTe/+GOMIJ/x3D3QchJQo/fp7wE/57hNMcHkSUp3QQmF/5xBIfNd8llxKf4yb7u3Ku6a/hYX2UyBWU5k+GhFiIVUQ8tw2W46qi0BOpkQNJXdfjnvZAZl2utWbMCVVt993uNtnhVA02GAurirCYk0G5wGJObMKXkhFhxD0PykVqt+K1quS0E1+6TnlFDt7ghakWTI1Y6hknukxK6msTIdBys36ro6wJBj2jmw3ktXAzVDPXkXbaz8+F3ynkPsUIa9meIL0pwelh+8qICXH96Q06uKbwpq8/lSAp7VMGuik6QAuaU/gc1qtAYUVw+V/F6fPXTGFbfh7SjwdmWYihQ5M8vUjgTQ+bxzfOg92A+/riM3ZNlDMWJW8ozweKrFzC43lUruOeH6sw9EIlMZX+2uLBwSxzp2YBXpS3EC7xNjUq0ba8zzpaHUSxKoPScZ1Yq+UCHOToiR2ZOMqA0ITpQinDD4CSVyahkO79C2VIhE3mmtkWL+nkyHHqKYflzDQZrSC721WaveORGOAEK5JAgO4WbgUIe/xlEGvnFnEhU1mmEpxy9XeT+EYwMiEZitV5d9wtPDOJsJD4kFDbGZ3bZB0IUlJ1m6IiubmISGvNp9bzuuQkKveiON8s6SiXiIgwQ3Is9usLCGqpz45pnFdeXFk0eq9yIYq5TW72iQf7M9EHRy4jebQgH6/LUuwdXbpS4tAQFjKDGMfUyvTvA6Azb9kNjwPQPqocY3QKmtQRoDFKaZwUwyhJgq33NQdrzbh0dVj1aijaelOBKXw4jx2MAPiH/tidmTRGgAOEfSZGJeuRI6/wZEvaT2WN9zXLr0f1xdAzjKtTvXoFt6/sRgP14oYAFUJjApz91prm/A8LFFwqbQBhWN8VENrdVFufaMIgaLtba87dJWhril6iuhQfOXLkyJEjR44cOfI7yKrp3X32mI/6Yb81+Nf10l8L5yl8rstTOk+ff1c5T/gJH0OKD8LzeT5/5pM4dBm/VS60if9JiG1CYxz9Zjmf4mc4XSLCLJWIYGCfwAkWmqrSrsknmnCxruccP7U1aFO/sd6aNr3bR/u43cBVV6KZhTZh0ykxC0TALGDgIr2IRUBELARm9X8NIwQJCQSDjVNiYnVMrqN3k/quInxl609iTr347gpHBPSYkGFNQditsDEZk4L9hn5h0sT5wsgg6XmqqMQDYuS+Vma1aMAUvcvSONkUkfqvg4wB3ENmOpLrnfN5TigC59YbI4wxii61ZvymiLNWenz+HPZDVd2iqs37r+Q2BrvrqQqJmRZz6IsB1ymK/oqTdDU/9c/SJqHc9qIV0lR8BlukVJQ5wTz7pbJkuAwnTNkR8UjB4ZLCxv9iZtGz6lWYx0kUDNM4iUHKIJD4apgAljV3RPSFNZFJ6oOEoxpDITlshOa8COZPLKE5dIvtPjZvWOjhvWrcS9w98Y3NsYWlExiL6eQrS/azjY3yp0C6NKdgU1E5G5VjfLHmTGGlMIrKAgUHnat0CQ9QtN20KHaZZxhJ0G11ltYoM0sMmwGcpw+GsZoKSQoFsKCos6g45hOrbUbOGTLgZFFCTiuITMysUcRsu3QEVyzLenHEcFYRJgKMf1UQo4onRZv5nAEgfQz03oQ4QmV0xUjELF+PKN0MEMYVnOB1ZmRiMhPawc7kcHUZe40OzHhdF5Jc0ixYkQMkNjC2XZOi/WJcwQad7TXmHA4doqFcB/M6X3g/tPXHhzoyqyijOscujVxmJ/EywPvcq9BpksnQR4vnL54UnDunMYsp3Ev2MQZm5ey+uK8bDExy2ppSLyH1oUvJYkNp5r4Cex1V+2I3HiPqt47zURjZ7TAtiiFbZ5GWcZfd3A9YZlAWvUBZ5VgrY+46AhoF4eAYTmc39UtdWm4y1cGb6KOV11P25oeq9rVGtal6r/spBmja0PwOmdEHAVU0u2EQiCymhvu52zxHjhw5cuTIkSNHjvxN8jWd8Hd1xf+MBnvK8Z/JS/6RXM7n/7GfrwHlxnk+zz/xjH8kL3wrPjbx13IOcYqpuu+UzZXxXw2/Qm0swaygomtmZoWmtn2F0dLMVEEICSBVUgUU7W7tbkSkrbW7abs//vxPu2+7yt9aC9yFiS+5LrmERUhYBHIRg5nui/hFchHsFzArUQvNt0JdXUddtUogJaMkuOarmkDM8j/c+Ef/CVAiITHMr2gg0R0rRkxm1sAwTE1nbArz7UWkAzgoFhthXjVRAA7YIDorDySBt6AQ11yR2cEr5lGzZpXZoRpbBdwmcAGNNhLg6QPZrhRmae29KnDSuW/LU/HdJ0Jh9GX33+S+4LjACl2Ru9QSxCRVTTxWmigOWKHQRVd32zsKYkmcJt8tJVzAIXcqZv6aMlr/DA9ulKhHSZOtOjE6AAAgAElEQVRD599bKVh9E0pb3IKV1ium79bmrF2ga7+V+RV1ipZKCDR5MW7fIgwIUpAb3bCdlU5rjnOxOPqmpVa7jISgTRGl87ChlYmoukscWpiiDmxwQjS3PAzFTMSaWkFKnfTj7FEfAqXNM/fC66M+9yPR6CAkCGK/AwTXuNPAAM7m7kTV7myPMbnoY2ajdxcrutwBihHRZ0cJAn3y9YUkLmTYVQjuczMvXGR6fdpmiVXVMrEVE+GTzDtCqFSfAkejBEIsioF77kqvc8Ukp80A2wRGOC1BhXI2tGY2H+fQ8B6XsgTNK1YsvugDfMDPiVgo3PjaVZLE5hSk0KDVc7VBGjcA+rDmsg2xE/ictsXB+ST39Zg2O62rLw7ndAFJhWXQ4QpFDNqg0IGGX2M7Rk69ihnHROIOYA6rYFYo4tuw6muJgtC0pU9k6keOOOKgDFMQETTNX8IB0ewjoqTBWcRe2HIxAoHCIVulrjB+6SeaeNrUCk6Wwx7EObXgELBTNpkI2jQsI1DFhpnNSoIijVTnrRS/jTDPqXA32Hym2ystJqRbc/CDDPpqIKqt0As7mOggvVKWTYNLGCOJWtPOBcY41VWVlAmKptowNpTNozpmDj545MiRI0eOHDly5LcSJtnoYPlBN/sU/unzVzCRv4Sb0K/WjZ/n8/y3PL/qjdku5/k8f+N5UeV/57lS5D6L/zRWN+GYtc4Rc3h3jNP1syX04RmP6WAXp1rSc6W2pJk2zCqtgQAQyreKk3XnPf1OutkU1XarPbf7bvdt9kU/Pj7MxdL9cRu1Aywsl1wXXyKXkMh1XaIQgciL+CJWMC5bLliEScmILAiVfeo2B/2vEKN7ZvLwLyqfHFMMde0EiVSsS1WTORZ+qJwQ4W6LChpgpuSqkzCjOWa6AQxg8rvmkZMGtO/+JeQd0DO/N1X/q6+N+NxMoHku5yprIvwQYZPR2FZrdjXxNzywXbWTpYepleJN15p6HC6rQEdubG4ZD6jT/qaCBDoYgEZAe3UIJ+a3sP462zIhW+6QMY/LA9eHTvVL7hC2YyCH/aYZlk4pmvS3o0lEGqF0uaMQLBwA9/B+ojsxzQlLBC4rgywvTl8noGjyTFiJmb0hhtVAeYDmHUyIF8UWoYALKUcDswS3ibPyS6f26miH/GsZoBi8plGigolnIdDBOHjV+bJzn1cr0pclANcO6Z9clPXdYbxDUn8dYTkGlBkMAZSF3SZoolXCGDq9+wcEJExPc7q5U72hIFKDRoMM32tRqwDguq7+ldQgV5CG5z4VuvJuRjC9WJWYL/N0GHujdSzCFqTjqCQOFE5b5zCQfGD4jYLcN5JUxkvLc3hGNB5YHfmtOebqyE5TGjZ3ImK+iKnZOdwMscYSFlTOukyM/MhOXDSuP5lnycYkbkAT4pResAgbokSBg3bbl7ksZ96BHjpGqACRot162y0q6aO6pyQsUqazGeCtPe4gNJdLN2VQEkHcnHKiezAfe1yqX40MWw/malnWxn4iSmakApdIpk6dXdlJfyimbeOwYRAgq94e5gcRKIDmTgVzlJnvQDRtDii2Vs5mQledfXHA06HR3Eao+22tnj6bqhnUDdfM6jxF+GlFDYDs9z5t8YocCEBLLDPnflyQ4lyNNYbKkSNHjhw5cuTIkSO/iWx1xanZpfy2PI9x+rvrMyMdODzFGf2T/IzeO+8b/sS75/k8/3PPL36vRDxy5HOZPDp9L2JqNT6TN46+fpF8uR5jUeq3Qbm3Tc5uq5tfJQnmUUXRIsSdPtWdzUxT5S1+qPnDUjVrotq0KZqqqt73/fFhkOHt0gC6P271TISvl1yXXC95CYu0S+Wl16WvyyyLASQgeTGJMOJmP4CAEAIhQGzCztwQUpj+0/38LO2wc7CXanrqtgbVjZiG56vQ81W9YDk1MAOqxKGZL6wmSqdrYSwPpRgz1JEPRTNb0Z61X1FBoUIpWNOkQkCboKrgtU2wyBYxci7aHtTr6u/hXDPLCnZFzCH7QlGcuJITZsUxKpy15mrLgTu4Jx2+CxiObxG06YH6wF3r7i6eOO2VOlUo4xczuf5uaIhzOoeG132SrRXodE5nDffSjONl6XlehslyPOWYDgVEGwFphzbyNRCk+yUMDl2YGE1YTHIGezMl6a7TrgobFjl4mSngrYAcOmTbOYRrO41tNkSQMkJyPvPaHp1uKTUFGTmjhsx1p3eUo8cbK/0O7uYQa10EOjMy6mVDZqRaVozQMSeUIdu7IZGi7ULSy9GHUZQznJ9ZawCqMcmc5GQ1VtKgxcGz42R0VYDRcCFjMioVaCdtKJZhjBKAsHxpU6lgu0LuMg3KeUfD/s8g84ZtHC7CfQerCYg7n4k7W8mT0WgQTQXsEDgHooC50cSFIA1grMIwZd5LMKh8Erh7SdtvuNsLHcZd9JCQYUrZs0DYk8wWg1ECAyCP/Zz9jg6hafHpF5XOS6acXn/r7uHOJd3XLhqgEQyC2BbJJCqcjDomdj6jz6/4k1ljtcw9PPoZZNS0Zk3QsoS256r7nkyAUMMerdtQ9yYd7NxWMl3HKwtuFoHIiwaWcn5tt9t0NXvmHPMCxbqALVKqqk2JoiJqQJ4XC2r+F+OEQQ679X1Oqek93TPTIALHmPYhmlzDbDgKj4FpdSAvFpSB6qLdKqk1pgcwk3az6o6kqhKokXtZLXUKHiabXWm3paqqmqaOE14dD2A8TowjR44cOXLkyJEjR34LGdEK3gVOaof6J9uTSm1UwW3UU2/S3yb+LuYXfnqb5jdU4AfZOfJXpTAIi2pyxGxO+An/NBx/JZ1R4/8UPyJ+LX3kx7tyzvliTr/Gx3P6jyzINVxEzNqlxP3tvCxP5cGV7dUzTBBDXOmm7mgQasqxZh4HjT748fHx8fFhlqzu+/7zzz/vu6ni/ribmkG1Sy6V1yWXXnrxJRdweW2U6DaFGPNLRdL2GLrxMk6tX7cHaDVQV8K7npU43ZQl5WXisoQ1tGQeaDSiuvdGKhCEq8s6rOOFM4c/7n94cMMUyGBcmU+EpPTxPMgWH2Nr71bOxx7BHmmFvZdnDd0gXAu3F+4oyJwhts/793t2cwHen4nya+mBEgI4XY+Ress1389kKfxg0TGw6u7jjMYq59zUaE/lArVxTWmpolkIDBXskGlFZedAhE6bNo0ULbBFx/uv40sJliDf3SSLqUjgOho5p84MI3eS3zAbevyawViFgqqNLNIyMWlc1vbhPYT6BDH2XTK6ohThv43SPOLUeN5KbpJRWLtRQIeqbe1jMnbZUoZwU+j4RsdYO4MwJvLginKZUwHrFCwgjUAm3raYoe01oWFadQQzgtJtGypoDihDzZNthzr8boRyXyvDqCaTathL7H+RdESnljuBjYqnOm3MtrZon3B/iKwHOvTWae9UszFyJykVn3RuPJOYbBMx3M4JbkrEhMswRyYGK0NilZCO3xrBKu7WELTb3qTm/FBy1DKsp1ZrGz7485HLaE6mFzl4E1CXLQtGZjN3qukTshH3Cwx9hA3N6j1K2s8DHJOE0za5ty3Ui+ioeBjaNTO2xv/nLEDS72IL7hdwkC76vKHceHnvEkocT6HQpFr6IQRKRJdclEPGbGnqtOMXQNB4ax3FNSjPPUEa0K1Qq74S9G55SFNoN4/pxkvBYaAaTZsqpyXSMtP6nSp37ejtoIF8B0CovTFLr3gBvBnV6xBs5dwEDZMWPz5R+Yxe8Eai9KxMQXkNgJA7foxSStIACBOBzWsceavCi8fsfF8qzZyHMctUzcLpN3bnI0eOHDly5MiRI0f+dok7/v650wPX8DnkN9CTU/0T4bcpzwk/4fvw1xOufsJP+D8WjnC59zb+oKj5NP5CzHmKTw/hS3yDwYby9OdtePpBrOF2m1u6eadUO7taPo2bUZIITTQUYU0DFFRXi5lN0SIfHx/3fZsK7OPPjz//858/P25taK3dDQphueR1X+11vRq363q9foBAwmzkDyVuzNIU1wI0FXVkFLVUhDgbLC3gCRPgbp86StgVpAUc7do8cpNxSd4x5g+Zr7EwHOgkmURBim3AggiyiLhRVxEKwkXibDTJTm+P5XlDEa2w5CIDhLADJ3YvfS6p6Vtg1y+9u2a9AoRvMjUZnpnTFGHFjX6WrY71vUrCqGUPbkQUhHJSj703IWhOzRroahyw24iFk4cEcSOJdvEV80rliFffgmubDC0zLjnGcU1lflb2oYc38DSX/0+Nx8uwnyNbrdChkGF5TAhrtInKoajezoM6ZqYpX25KRD3rwBnLKctMiWXEX811QLpdzwKZGZ+OeTc2qC82Sf6pnVf+SFlL0f9xPJED5LK/B8R/BghtxAzGEjDV8GJQMQGGgBgzNyipXSJRQqK07Pc1HAJicyyXe24Q1WOycMegDdWyOgqx2k4WP2VUd6UGJQZIEjx2zM1GrgYXXtNDnjmaLS3HbsvRjW4GvmK2YjmcCju1T4O2KK/uTpTUW9iAPQ6oLgxveknR2D0MkjaCagzWGCZotoQxk9A13IKpuDD3YuYgVO3TPz3D2XKYOJYNUhTAuw/w8ZIQAdqUY0dDb/9id5Q5aYtpkBMBuBqMKuKLSJqR7AifkdTgrM8YYQmnAYTmNs1hxj8rmJdl9xtK2sqKRwrleplpGOeZiIKGHjfDrUBziiIb25vZAUI1F8hMoqTavPSkFg2xmjIU0MZyUVmpnVXnOTUo8oRgLeQIrJVfncvnjhzDK3KiiMys4XVyWkJznhr4FyceTZsHHBuLapgMZQqf1IVxOPBHk3sJG0P1xlUZQUP865Iwz5tUxWHB8TCel+sjR44cOXLkyJEjR/5dKVf7+x9KRT9QwgclVrFfRVyO01V/ySWoKjTqJeBN/CnO1/TeNJZzH3+s17fS35fzX9fzn/D/uvBX/nFLM+Rxns/z15/xV9JBal0/j4/+TA/hEX8e27Qt5xwHcxw8Pfcb4+zGMJc0RwNVIGK6xN32JIwRBsLIeQGqroeCW+lkv9FPbnDqbhpi/mkGePBuZlH04/6wCP/53//7f/1//+s/f/7ZFO1urZGCSUReP16vH/J6yY/Xjz9+AAy6wPLjhwiUSQaVXsEtFWBmIWIH2yg1VtbmExIWOjGnUlDXYdbkexNrKGzVdL4MAgmomQ4NrKwghen1BmUXb8W4LUMIdapR1s5BA3SN5EAALdDTkyqtQlJPsoVJfkIK4bKjgytA+ExWm+syxPwm0LikTrUdmHpL1zK/KeQO6Vwh2k0hHXCK3FF4h8n9MP3rkGlwxjjTRZJaQWUkMP//7L0/jy3Jkh8WkXW67x0JEAUQEEhHeGvK2f0KfLT0BQRab51dQ4AsSaZcAoIsARQkyBbXoSwRkBy6NPaBFgnQoQRouc5qtdIK5C7eu919KiNkxJ+MzMqqU6e77709MxEzkxOdJyvyT2VVnRO/+kWAB9xVT7JjhGZLsBSPlDdQCgdQHLDlw9N4gAp/N5tO+vHLrR2NMVmjLrYwyQDC6MLCWtDXcd3C1P07QwPeoM8uZgAHY2/EMJH+fPe9xAyaTmkKE9Esauaz1pUQc0X3EhLZPV2BDUV6WOEQIEm76q8xNK6aj9Gn3N2ndcOGO1LYjeQrzcP8Wjo5sLugvyFhmJxBMIEzRNtrIWCBMFzp/maFtWZgsPiK0qBqbjRDTixpGVtrs1IKIHiaOtRUfv2ESSNXtmiloK9qMDFXwqKxhJmpUvUzqyeXSO+i3HFhBdokz8BHzCjgk0ZxNASKLSFgYWTbkQSMAm4x2Ds4jIykT157Z7TWSpXAcxNqeEYDgZABChrChxZJtujqAzJUuobz0HaT/SxlJiCuejsQ1FLHiQxc60pEXRBOahBOvw22oijdIgl0Ze2MEiuDkCjlkRPm6ffsRqEpAD3CqoN9lYyhJ3WSy46YJasi6HsTRLW9jBQZh7Yd7ZbB1qZtVSK6lIIARFSJqFZPsFerwI5g34Y4/hBvTzQERsl8rCeZqp6vgkvlig7ZMhpWLeGPBcr0KMDKK/TVsXirQMwa7B2R5VSGa9AuZmwhpwO4599t0CKMh8Cim9Mp1+bmbQ9btHhL1BMN/uzsjHRn4XK5yHEDudz/XNd1yFjsp1JeliIPA5sAYUpKSkpKSkpKykeSjW/WXtfTj7H5gSEQobo2gz85pAP0sGfv4xvH0bfc6uf+6tRT/2j6ZS/YXEfpyvqs/xD1AZ0bngUn7fCN9mwcwZvj4cFvEwLhxVdUwrNJRxw94+Z/x9gPG5vC6BnqvRE8kGpt2GBwutW11nVdq/xTFSFcr+u6Pv32t7/97Zfn55e11rVSXSXI2lIul/LweHl4uDw8rEQMBUrBpSzLEt8zZ3TAQP81wk+jQDoq03xxbWmCV9tMWgy5CcDjAdpAIwEq98ThXnF7g0WE5ZCyDJxtMQCE0NEEArEQt+iUOP76eJbzod6UPZrg21/V36I+UZ/zAk8Pxkhys7Ozsw5bDqJfbXHP35SIhA093+w0AiodLAj9NdxfdOoOHkh88n3R1icGBY3k1Dm0CbY5MdifYeHjuHozkSUZbUd8cSTeCaqm33VLl1Wul4N9aBhIwEPiQlnvbGDSjk2/Dba7mk9sepbHP7X0b9LO69PP+sGQcyslNZm/Z7C9vKNz3El49pOC28lr/nZ5ASSi5sbsdnZZzI8pcBQgKaBhJ05je7JBF3EZfJfGiJV+xrH7q9GTnKXHGm460B2dlKXQlB8MyqQjxbEb4ARGNVRDvoB2TjXurv2WAjDIo8GcTk9FpspUG9/RwVL7u51d9nik9nqGnFliSRnL7JkOnXPHDLDWOl7Z7VnK3CBbAiP7EVO35hais5htQfn0nQa301kXRcdTaTXcrhK1U0lGvRP+mcXgDBPfvM9h0I9HrCQgKAVKy3HI1TA8t9AAHhmWR6h0/jF4Mwpdor+HZKgddWREAGEBsocyZz1D+tT3rWR0zfYtR+HY+I5EY2JzQxN5WZbuegIfnF15iKSQHDLI9cQIQCEOAZLuZNnrGmXcUDdb3GrwNkj6SSzAzFxXhoVLAYNsY/xkw4G7m5Gn82zcfVkqbsvk3z3kFS77XjOig3bzcE4wgKOM/ioC9ncKB7ABAEDsz14y6L4SCInQbnrNVBvn7O2ilJSUlJSUlJSUlO8o5qSJ/pMBvwj+4eZ/afpQ37cf2gIMDhRtMfqHYxPue53V947jIz8z7tTvtR/qT/mxsz7rD+ovO1QRzPqsv6ee72y/radz7YMjdUhiuGk/xNXlruWOfXRi4LQ97NuP44/ISOeoCVefp08zLy0CSZwzC7pF7vszP6C9d8+OETawsCpxcF3X67qu6/pyfbm+XK/Xly9fnr58+fL0/HK9rtfrWgmIC5ZSLo/Lw3p5fHx8rBUAy0XYhEuty1KIC8ASPPU6n+D3xwAhBFCKAzrQGCvRidWyNA3LL3upUFFnOigeyVwC7Ud5Wz0Wq3gGtwcwt0iuPmxWt69T+AfaXMyt1lXHPbKHdQ2uamt946hjO9PP99HB5kG/1d1Bgx4L2e1o17J1AAHKOitnfZST8K5G+2AIUefdbresgXg6H17/PbHPutd2ScQ9g98dbBCNhdqfsAhaNtTB8Ag3N7KLNus/XVhuX6Qt2l78NLwp0YChvpc2srjI4qAPHmrebBVsFrqVwHgX2d9Fdrj921kTDhtK6jlAZRz6GKgdERPzqRe8rU17dY8IEfyVQfucfd0MENHolj2PUNz4LZ6kxp+WFUa/vxkniSWfa7HhRcqXB7z1XS0nzwBia2BABMU11HStzJ7pjRzylMM18Z7QmgwZZG7L0p09NNipIYftVRzsEGtGKBqfkoyEp/Q9S1AnUaUVE+OAbIb3TzpSFNu6GpTk55AcuZG7ujGuujSQAN3+8v0UJ8QtXibFCI3FV4CqX+uauw/aP/ZME2gUhL7vBms1YJpBAEKNEsyoLLp4OgKY5JtPgqAqgYwJASTEquwDqkoWba+nMgtx0wPjVg89DrwUkES+w44RUmIpBfr8f8ImNcK3MAjJd75uWkAj5Ot2IN1KGtKXoO1wDfuJgLjY7lBMVi8f2b8WfBabE0Bmh3IBhdeqyK/SdkUiaopm4aRWv5Fyi9FsAVFLsfSTEspA7ygdoB6+mKF+1TACbIP1sNttgZkLIGcNkAHWddUBom9PDs8O9BNg1zwqkOz33x4gDLc0lPfG4kedt6J//jpM6I39TwzE05SUlJSUlJSUlJQPIl1AL/sFEqri7+gQ86mlWLvhl3YXx1A/1Nzn38ahHvuf3HM7Y/SyW+2zPuu/Rv2Qg3A4Juuz/kPVR0/7e9kvU3LSvP0Elbhhfxtryh1NgzfHeC+MzII2uj9RHDfGGDTKoCGDXCnmHbyu68vLi0QWfXl5eXkRgPDp+fn55bo+Pb8QAUOBZVmWujysl7VWYi5leXh8WOta67LUhcuFF3aqHwABF2i0QSwlPsAUiCg25wiuRBewfC5QX/Buh/ViISCywowM1NBBdYMDiY+SNvnYmFlcuhJzy4ZrbMEAFcZ//Vh3xFuSs8nJ3sGTrNIwgsYbbR/t3YVn9qaVr8L8zlceyAHZa5fG5w0OLY8jUR/0GFcNYMtonM7Ll5hjBMjQy41xbZ2k5maNvLfoQbbocgHfah1wm1Q0iD4qQ7jEpe0crhl9cOCJtuyAvVPYR9EQvOk0m/t487lEUOT4Z3xjwq7fDmbsCHHo2VrNCQ7bSSknuO2XMAvsb7YKxbAkEvTr2lY5xBK0AYDGpbR+5ft/fEVDkAxsOezYY3ACMgJXksSU6FlQu3c9mAOCFX8GRLwHFLIwrK0xCDVILBZb6PbTQ44mYHRIquFS4K9a+IycnadwjgBLwICEHbMQW7hRMvzBc7EqIs1tzxBR/JkioW8RkByMagAgCysLJIdtrbXWIgljGx+OeyFDaATMclMUIFQDCpkrVem0GNiCBZeyjLs6nhdban/LBjQVoSbxlR+EBhDqtwsBCI1tVtiiPRoP04lqpAZp1SCewLWS8//kEW3QEpI9sxnaSgi60zazJp+rRLKVSD5qDMLaEsZBgYIlRoyUzWO5iYmAl4Ia0NtelmGNEA4FS1kKU7uqDaKTXaFXc601RheXha32PUDAY9knKFdKS/YIWJBYgsdKwjz2kLLOF62kwLO/rRCflyHguD7BgaiNt93rQSD/dqSdd+iz9BVE4FLAg+6CnYR4WhoOCIzMUISM2YXx9DuPtR8o6cYdJrLVsgl5X6UUAI7f8eRri78V5vel2UN2/mXUnkeTB/QAJcaUhEWjDSdAmJKSkpKSkpKS8oGk0fzGGhjqd9uMb5R27qANGrL1EU3cRztjODC1p8fat/u3x7V6rZ2s//nWX5qTLsssX1++dRed3ofc1Yhs649sbluONTzW8J7O3Uh4apOH+uG6DKiDvKyPZG5NIwvqy/jGIDTGYK3rqn943sHr9eV6fXl5uV6vAhA+Pz8/ifJyfX65fvnyTMSMC5RlWWip9UESdV2Wh/V6rfWRoEreIebo/wKNNYrowfmkUmMaYnN0KoOwA3giiiBTAADEEoM3trBX8o4/k/muITq2EKCUUmtFj+yHbtvgCAMES4sl2mDC7X2wBQrjMR7m4GvbRkfchCMdT+4rALlXS7FQacfjOajZygDuujINHLoXm/QV/Z6XIa3jHuOzBeScvZ3V7UBxd0e/bd8s9mJHdQ7iKRi8h7M6jcOcwoLIHwOEY9RTq5cbjbi9j07EcAbjTGVLB6bLOH3mxtGbQqrM+l1ccpUaG1KDAlsYQgGbSn+s0T+LfkkuIR6j5FRzFjPbxW5/2WAYAArYtcBsUYk1YqUeFN/ViEOQ/5ElE8NhhW2U8RjqNgMC9DFKI+5gaIYNPKLhGPYgGCoJYf7WG0RMRd9uYHteABAQIwEQcrXccgIQGthVmeQ1lGK3R70sOia/jUcQpqIbQ2qJiOoKBSWDGwBW4PbAYqhUNWWcB710nmOokSELrtn2gOBjCvkgM1BdDUICTVCrv/fIVkpzE3JLx+ip8RQQQkADCEmAPUdLi1IIkbkiF8HViASwZCbh4QnsVLkSMcnz3ANgYgGurBgfQaVV1k5eqAHbhpZPT6A0ZUSWwHEXDqFErXR8UXagBO2U+3zhUhlqJWaFoEpBxEXjXILdAwAAuJSCepoEQmQCKiQAXXt5Rp5tiAEtB1LDTsVjQzJB46bWKuNEiRdqgVWx4CL7iRmYr3ETa9Y/QCwKj/v9tsVMYEZBgWfEuEGJ92qD4oAadO4wGOqyWnh2J9IN90CnSyIuhH5i2vz9ywzHSJ3oZ4qIKlO8T/vu1iPk9AwAocdnF1O6+YZYSvokwxbjNFiIMZxjOIFSivRYShFdIqDWWi+XS1lK98UuJSUlJSUlJSUl5XsL+2vR+ssZg48Xm2+2NN1+ykz9yRj9tPpd+qt7y/Ht3vIss/w25UUTkSh/gVNP/cekw1EbEIfb3fZjec+xfGqccuF1WZ16MXeq+pIIGlJITJVorat6OJmVVkhUqV7X9UUgwpeXp+fn68vLy8vL09PTb37zGwEIX5RhSJUBygWX9VJrZcalLNfH6/Uq+CIWWJZyvSxLrcXyEerYiFekC2sQPpmLZOMRh5+DKxF4GH1bmguHnRY2IIiAwEJKgFJQkjwRC3oKUBAZC2BzxvpxBbGUUhwXlJhapdgr9CCp2Vg7MWJUzJ6IflKMoTSAgnuwjTrtutd2bGRdyEN7P2gOo7VMZiHDsRJ7enLe4Mgf2rR68xF29SEyJhnE26bJzAWNiqNnWZcGGzBhK9jgcWy20TFa89QbZcoXpTlhRzH+Twf5sLaMvDufBHA7khkYiw00AmDODJJwcxKrEMPHgY0FHeg4f8UmrPYYSjiQoCLpBP0wR9b97IQbgWB7ig2A7ru27luUuh8VgFCjbUHaVrRx6KnUc4ntOGJAu1JksGFYcSOREOws8KJjXRaQELGo9924RbWDUmwAACAASURBVI5j6VYJvDUMOxiU6FW5jZl98EbfjCkew/t2bMQiBCxlIfKtEYANRKEaFyOQgdDjbOkUMmOl53U0OmdaCWPJ4MOWWk9pkkrN6/YKM1E1e9zvp3hFmhUMfdquAfAseoygmKDvCSKqVFkYhJXpWrFdPgxCiGKQyKds9LVid8jG86MIMLPQ2+XWSgBcBTslQ+naw8yDbcrtmpXLRrUaHoOaBXG9XsGglOt1dQqWHC+s+KUsZMEoA3JDmkqQGeQcAmqt7hENlgn2Rbeusiy8lKXSqj8N2d5TKcgERJVlNYxlzsB1JeJqTzhAKAxKP/RHg4THBGHTERAoRklc/aHYQdctyC8DFiCocg0UBRGrcPyVOcikPMJFFw4YACpVXC7SGpABiqZSZLJo57igTIrl9Cp30W7rAEBVsbGCRVBYZ/4qk5OJiC6XC5fC9mXDNgw6CCvZTgEd0NUzVWtlAGr3qvYAI30ksl/9bGQ6Ba0LQtWdQABo11p/o2PfQopKyisyDcvUW58AeIya3NlefyjylawSSbzZshRU1JMBeBFAkSu0W6nfhTlSd0FDjoYozKxRTRe8yE2iwZn61Um/QFGVgAcoDyYZUimlRQN2QNC/UBgESsT6Mkp7kGKg0XeL49AgM6/rKl/MlkVmCbaNU1JSUlJSUlJSUj6MyPdkVP/jxk8LWx3MQXDQBsEcdPJlutm87Qcuu20Ojr2NubwHLoNvODb11AEBLs6XEuJB6qm/Sufv06/52RS3uKP9cRvebdM+VVSwtYG5Tej7FY+yuGkaYynAGBTwDtJooi31YKUqzh1W6qAGGL2u68v1RbiDQh+8XgUidLk+v1xfXtZaiQC5CMUDuJRyuSwvzw/Pj5fHl8vDw+WyWG5DciX6rB2q0akFONZieE6IZVF3xEWJAvY2fTzAOmBSXzsXKIAMWBiZEYtEETXXm6N95uB3rI2NPAHog44gbdcn2IiaR74NKjglD2Y3gxGHAwT4mTXCNvnYOUbCxOYg7v2CXT20yJsRhXCahUOazcsPugEbfNLCuINzyzSBVARPGn7EPYs0oII2AC+HQTvg2tzq5u4UKEAwrA75645l36XqlJZ8crJVGy8QC9pc2UBQRNCgdkjBLBGXgsHPHxO4+TB6noiv5dCsg4AiP8/PtyQ0JdBYvcVgQstYBmhYCjh820zbAJB9YFo4oGYI62T7+RYztFvu7q1BO6MWLHFjQS8bLMVvGcZQ45Z5FG1TMQQAVqmX3CIIepxjv8kwSxxmiLsrXHYGJy241Epqvp132QMkKQEVMHD4kcl2QpHEgwFz9Fu8ADC6ADZocHKega8GmNs0mSXuYB8NtaG+eqgz64xVFpGFAFIwIAhmU5mVOizPBMW9KnOt2B4yBpY0FEpPLSrVkphItqEEyPShylRLwYKFgQUbVrwz4K8KDNo/BhQ2Hh8zC3OMiF9eXiRyJhFdX66S2g6VNYhCjF+WxejmCMgaUVNgVs/SJhuJlUEoSAoTEBEYM08ekgx8KZe1XgFhwZbUtpRCzFQFMimSo06uR08ZCGbLr15QRAhjMFiHzQTJBUKGYQtFOBuw3WChSMZfZiblFRbFQwmgAJLyVu19C0JJjEkF0e83RjGUJ55cgCRx1ONbOG376ZL5Ro83K0177MQyx5n8TdtmM9yQ4qVtt78AELIf7/cljXGraLcGKdA3SxxyazevQPKLyLQ8mokZiIR7R+zpEdWIL1V8x8SituoDhlgJwagg3hC+2KcDBH5P9tUL45FbuX2pDC+H2NQlHi8pgmsb0lYEUa7R9u1q87UqBLiOlcNH7JxOXze7GEt4q2n3jZOUlJSUlJSUlJSU7yPBx4ujrxWD/xa9HhCh88fijm4/ko58yMjlpI/aLW/b4K1j5fVVvNkm9dS/tn4xzNyR7YF3lfVZ/3Hqm3dNa+B+O3yiPR/YkRBOO/bn47FnGYrnR1I1afMYD8pTQzXiigOEleQVfhFmpqoAYZXQogYHiv78/Cx/Pj8/rxZ+9OXl5fn5yoBQFqYKhQELXq/Ly0t5uVyeHx8eHx8fH4keGxvGfLtEtCyLhEMz9gOqB0wf3lOS1SyYJHagnDgChT+BzYnZjiqlKMyDwnEQkkFRHaG5wJunENR3GLIPBjymYSUhAAGYj8z9aKBQxWYaw6SMbNiDMGG+A5Vod2UMeFM85fCV/ujOi6HGtgOLwceG9tGag2ey/ZxA6QMLucTaEHrA1KLMskcCdK9wQ4UjXS/O0p3pPuJm1tp5kMoY7XA4hYCMuDiHAx04BgDZS+b+d7AEhYyEDRtoG0vJLfF0NggVQyhJ1u+YfvlHp7jMhYgE4pSvohQCWPryCG5FDOQ8TGiMSJkpNuqKfB0F8LR1OqxZUL52Qh3j7bde+8MuAmzcF2TLLuY3Ob/nmU39nO3i8l4CgtDWK0KcmhzUiHeOsAqZ2IzoyfTVDSZiFjAGKJUXgbLEpm9t48uRD892bcv5qgzCuIB+RwzRX/tbjq2G3fMbxuxthHEFrMEDA1Pc7YfEYAh+H/Cbol+gAGBPBH+IEK3ruhJVAROLonQW3hOcXUfShltmPWX6+QWsKKNwyUIYRbEhm+F6vcrZZrPsbHe59mS/SMQXQfdLWeTZ93K92gbiuhIgCzJHTAp2MqMmtLPfhFBQwqdWYZgyEygNTH/uoaBqwFipCsiGiMQgoCJceL2+ACIVBH3xpDBVImaostlXEqCxxKiaEmPUTnG88XSXVwwyiaD0W7skuF0kBpszVb03aqRXebYVRFyWUgoQySPMTPi/DJUasw19lwkPDFkS9zqw1hJX9qGJo7C/GmKPM4+WCfFvbG9RDaCjPmLbUzMkGW37v1+J7sZrC4UtVG0pGMPezl+HQJTvD8aCZgEzSdY/3KLRbiLhVhev3vbFByxCKTLZATpCkntDfApCu0DtROh7Elwr+veO/unvZ8SzA9pVVhxQjABeP+Q2i+nT3M41ePhWD6aq6D3o81HYk/7eVkpKSkpKSkpKSspHEXGD2KuZvf8Wg991wtUDDfAR/bohMlRouWOna7/Tb9dy3888tdO1fw9cBu9sn/VZP9Zf/AersaD0anE967P+RD2/0Y673E+0564eduoxOFbH9nxj/KGNchNje27jhIY2mOXZODFAIfKQ8lQ7w4v56h02vgUR1boKTZAMFNSPWCKO1qukHnSe4MvL89Pzly9fvObp6el6Ffrgy/V6BVygCBnlYimYLKshVSJa17XWWsVpBZK6Cok0CaI8v8riyMYCzYMWoLJ9MQzG1pkBZTgKmyAyEMnzWQZQFBIAQpYAowsBFRQvaPN7qh/OXGuNi6agoJAEivtRCdtJ7bLKOU4VYSrElp/JIDfziIKfcN0bI7Y3+iQHxT+R+zOpexemR0WX7gA0DihgrJ+airojE0JjRY1SoGTKCISE2KFskKqDkY59g3KCzH3KZKy04FYeXMzGfnAwLLiOFdYxp7tj8mB+Y/f8IrdQiQ34BEQo1qGeNaXJMgKjBNvTkxW90KTsn47wt11WDUYXGFvGGTK3NjtgALbxJrYKAMkuVlCCI1DEhrVsJKyj7VsOf7d+DH0Lg4V2muwrtNAXHXxkgCKRKeWmJWiNQHESIjE41WUeHuTUOIFqnbvRsr9roORq3SMab5AlZKLH6HVFg+DGjHMqpMvOSyVP9QdGgmaJQdw2swHyjs/pnRtbjxr9j4mUvMgMUCydKrWh+oQ9/qJR7TzQnzOu2jLY+lDE2FiCxFoOP48qzVRXYgKGSymrPg6oFBTIu1K1+MxCgdLzbUx0BXgLYrX4n/oEIGILICndLrjItS+NYi5GuXzquvrrFo2w213UCICyiYkZSF8cYKJrrZdSylJs6UFS8JIhZMx8vV41eaKEc9Ft4tQuZZfa7VaeHXLyuAAQVya5JaLeffTVEUbB8gkYaoOCUB52JPh4KUWS6nnSOrYclvrzLUQCGJFiu9QQuW1dxxT1KcW46PJZHkc/4QBQiBEKMHrmDZYvKgxQoSoDrKCmFASL9A0ooYLXdQVgLHpxxltuu9f07EDWVJVVSaWIpVwAkNho9/bCh9PVA0inDQr6TR6w6I0vgIaag09uUsRUPEIn2I91O1d2hru7XMeVH4AxDBxbokoN1A3Pa/v1b1vRTVUH6uzODyBR3mOYdGxfJsObN2SsaHl62FyNDxqQYwjHDuIP0yngF+NMoLzDolcrDF8G4pM6blSZJQBjsXc54n5MSUlJSUlJSUlJ+VBi/lUIL/bLF1jG4O31yER3+J8tUkmwGV4Ef5Wf3H0q3Tin/ufOTvwB8MH8/Fn/86q/+NvuLWZu6ql/XF2hgFbPR+0LFAIa6+2KOOorlnjQvvDWPoZeXOemc3hh3B1zwUPHDQU05E5Zg8om1MCfxh7sAok+Pz0/ffny9PTkDMKnp6frul7XdV0rC5eCGBdcinqOPIeWuKK9x7XWRRMcUiEqhIWoqpetQEG/k7BlVJuAKPvCY6BL5T54HDxuaCnVWlkQ0UpRBo+nGxRQUHHFlmVQXfeorkxjQ7qr0cAJUIdrwNhszHEKDR0cP0SHtNR2QJQdy+rIDAjuDT1ABw/xxaPK6F7sFr+3zMpvY41uGVk0Rhi0AGjKwUJn5unquWuSBnKDYk0Bjt3ORUhWBi/YMjnQZnwNa+1wPEJhDW9bmCQMr+1IbYpcV1T6BAYnLlhMOWPXKSxpD0cDGtveppYdyumeCM3pymG3BBhz4/YNi9C2sG9eJ1ABFNT351C/Jne+5BAAM265Llht3L/stJJA6WHnffq5aYFKjTrmzUtb2s6yLyq16IWNItMQHu+OLVJwG7mDqQJw2Ric4EPm/2dqEwKfsOaEQx7ixBKTEArBghZzg34VAWxRN8MtWViMQUgP9OSwEeqTezcQCfOJPVZzrbondYc4eNdCMDZMUafUKE0+HOLKFJBvYpCkmyxJ6lj/YhaSnEfmXCsxVwAspZSlOLUQ5UAJyIjAVBQu4VWi0crSRTxckKjq73H4HMJ+Atm32BBhijEhiSpLDjW0zatLW52qqPYVpazh3umAl8K3+omHSJUrViN1aupLQCrSp8LMQqgCcKqfzcOeZ/E6tYsFNWcbd29UxOva3pLxZJT+mkVrEOM9+k3I4BxP6euodjNd7LJ1IwROOS1CmQTJ0MtcyuTVEA2C0LEDoZuIYtOAgB7llYOFAazyG47UVbuAmVtYd7slcUjB589kcLou64/99rbH8JgYnmUUk0GG5xrb7TEuX4y6ObT3J0nfEYWbUvdEGh5Ydt2Cs9ulI8ts0kUx6M6G05flaiklvm3jXzC8r9IeAdBzC+295PGloGDHpmAvUKFPPwHClJSUlJSUlJSUjybrSi3vIJaNrzXm/LOfEIOvuNNLrIeyxUFgbF9GO/v2zRoe2/yq+rfsK/Wfph5zEGaZ5dcv3RHzSgsw1jRr+I7jxCNr4FmHtFWbHYbxdGX7BAvR2lzNASBUR7PhYfKR8PkcD5N8g1JTaxW+oAYUfXoWOPDLly9fFCB8fn62KKO1risrnQKhCEOiLCKlLFgUCJWnmlAJSxG+DZZSlopUCM3fiSC0FacEdWhX9CGKzF6Kb979zg1r6CgQUAAsmbiuK/Xr02CgIsFb2Zl8llQQmdHBisIK/RlFTofQPNca9xXsKWsDds/cELqzNeDwPn7n1kSjqBq21eNeBp6gBWFDHr11hi0OlS3r3xbtG89BHy20i9UmY3d0QgBf1DBnDbBVVEOz2EkMXDFcmAmNLMJdf2FIttjG/gtnP7DY1Nmv0IMhKhiaKEqgDmcmvSz1SxsCctXgohwgPPUnN/d6TzsMXC6NR2qpK9uCqC+XA0Bofli2d8PUAR1gnrYKvnkMnSIOrQz7AEcXWphKQQ2KufVbtjwAAMd03VBwy497xmCAgWsSKxvpx+5eMJ7K9nZc4MI1S5YlTfdABAjtYF+Zgu3MtwXU8LDOLLKEdiy0N6a6rpG3108RLBCp48igMJ1kFPPTSgJHC5KnMQklviTZ+xlEJBQzNUccOd+GmuvrICSvd1RiIvQsZEyVCBrK4oACtPuno94WUbPtDG9sAI4iowwQEADHOxFKWdBQY9JbDLIz9LCUUpF02wgzT6eCCIhyZXvkUmSbr79rJlEhubtqOW4CG7Wkemz7IyAfQExQI7pjt3+DqfxthMizL3LrNhCPPQcta4IH5/zaBYKOTVKFShUBUEE+0gS1bf/LwICBiJlWUlKxUZdRnxX21G53MIMBA06D9liJ2H9EjBpy0wYOzv3k4YqD7qh4zTbEMWCQy7Ig8vBQ7i+SEXjzP+WCLVjAKKR+Uw/olJwFD76MkVunACHEPdp3Z9iY92rPcmwXQrsvtBNkgdnlEJIwpBKW1F47CE+2zbT9lZftwjhcusHycGOt/aln0HBHjDctlNdWLIgqjgerj8GyWY4gpC9r9waJtOEAMesNwt9vMbzQN0t4HSfsvbh/OsZ5SkpKSkpKSkpKyveWv/j/ntXjOvqQg0+4NN35Iyd8sxuv8jl/8o6X2KxNfN1v81GXu9q/pz88y59naQxCc2+lnvpX1/ktdjy+s9Xzu4xNwke+xxx3x4PCNXx6LktpzIOIDnZ/OBwYGIRCGVxfruu61rVSrS8vL09fvghAeH1+eXp6enp6+u3T02+/fBFm4fV6fbm+rBqmlEu5oGKCFxPTlmUpRQKrlVIYeF1Xj7RWa6WCRFQQCTzyo7g62dzcWzQqvqgO0S8ZFdcDb5LELy9ufVkBIM25FQFC6QQAkbAiLwzlggWRW4RM9dnJWYBSUDg0pch7SCgcHAhYmJIZG6LTHHFT2WKf5qLk6PQz0Ciic4zqClZ6TTsERpuzmu06D83OsDlnzn1G/YIBLMQkxYnMk+gZ78TJKzyvlqpt9GL7n4LR9bBcN5KY7cxXTNBIQEB5jwsAQXEMA2kaOMZKUel8uIq3VcdVELnz1JshAuZamYnlQhB0iZktV1bbsZYhSkAU43yB5reTvaw1BruK211QB4cHQ9pCxR+VWIe+B1u0VWagKkiCIxZipqE4KJycuYecPQxoxJzaWjVaLAP32yI00rCafg4VL6Fgj4wHZTRH9jPaAQVe398WW3RQuy8qMihqreR5vmy4YKEgGQgaFAgoeJoQ+QRD0CDN0P4BS1omDC7ZqxJuWXZscTyDiJiXZVEUCxRlkoulVqJaBWXSkI+CRFnMXDkJlci4tv1rBsahIqqah5IbLu83G8UCbQeybjhi4AKFcRGykdw/5f0JLIr3VK41wJwSnlTuQfqSBTNR9VsfB0CFPWtZHLZvhaATAzGX0mFRip0gYsG62hXhATblB569+EHERolrd4aQnK2H0JzT1gEdRve09eJaPei0MQgXwYMlwAYiYoEqm4GR2camb5s4eq30L4g4TGTPt40ZB4gG9nQ8e/JMuu21UzDAr7tVxgMVxmuhUIEqGAcRL5cLc+V4lQc70UKcQnwiS8+11kiX9rMpj89A0mVZ1ngN621Ivv+ETaK4aSlYFuedylWIsoEHXm3bQo5jtYfL0CxEMgiszTD/NoyA2zlVV+siBN59t2n3Swe8lTAofF0o+nTTJ3tAdQv3Y2DZ8xKK1qI020kKgZU9eUp4lskrLJYgFAhYbkHGHZaI2iHLdZc+u/9WgDESbkpKSkpKSkpKSsoHkH/1f/6Vv78c/Ku7+EX7sd18vL0/1nQYbVo0qp32Xg+jzV6HHT/wbX/ymTZnfNofxuef+o9Tv0Dz24G7N1NP/U6d72jPb+kr1mxtbur3xjYZw55N75c7m7x/7M41Jc+M//1Pr//R73ROtK1QjxGu6+pKXdfry/V6va7Xta7rABAKd/DL05PkIBQ80RG1SkwMD8tSEMtSyiKO2bIsy8Pl8vD4+PD4cLlIZfORgTvoZVyIiIWIzV+KWCQq4YTuAL1s4cBYOaCDwsKRnFsKBxqRcl3XLiirRESTeGtMCFwAFwAsXCTGXClFnualYFkQET0Ym2TXYj+vpOFJ1UHM7luUhYjRzPbgt4aJ2h5wxThLA+KiidZkp/hHW/Bs6HQbW3V74B5AuOWOcJgsAEcgwkGd4hkBfU1k2X2fEA246nbMTDEC5zgkmVSRc6OEv+p8j4FOFILAeUfiaEUFeAlYUlqJc58sDuRKgjo29kZYAUHQlmVB5aSKIx4UBPKsczoNNKpXo9CUUpiqeW9lN3HVNIylFERAhdMYWEOIWo5GYGBChGLRDDmcjUpU17XjmRgGAsqbFGjBU56h5AjUk0rgxCfdjA2GVdJWUSqMoiua5Q+6k0W1oWveihU1FHSHSumoKoqSE1dajRlqXCzyy0KTyNlOM1qQ4HnWRsN7ghFeNYsc25sDJNERAWwfICNLUM1KxBKsVYaGlicNSPeVfLBcFmZY60prBeCCZSlLKSi0ZlY0Uc8MVrDzTywvNtS6XqvcawEk9VdBTaRnS62ufw8b6ZxnUarMS15KFGrfcI8opQjsJ0uuu7jI8qPfJG2jUpXQkwqPe246u6ZIf1ro7OzqgDY2GygDMK+1GsABpGFaAACL4NuMLT6qQS++f0op4QberlzN6EYEAA+XB1u9doOKUTG9jEBdvOdIhjYPRGnPNnkClFqrmyKijtjHqCEf7ZAt5a6Ucrlc5rc4n9fsjQ3E7rYq95c4MB+5jLB7g2EzjMF4vJ36N5ktKLh9oWQ4VqZc5ZUK43JCnyszngh7RIbeNb2w7nL5kD1OtWRh9DCq7bEHjIAF5VEC/dNyGhk7Lo6mZmxIZ+h3tlCl4FAZvv3YDT+MYQiaPey9uIXs5sPouUB9hhCXvUHbNjV9O8lhRqfhytOvY8V7JNuiobEVAbSDuHYPVn0vZrsUO28mpaSkpKSkpKSkpHwX+fU//3/NEYvBvxp0/43WDrJfQNi+3cpbiNFnC57k4sD/jLBtg8ftJz7kPR916ql/RP1izAXOMsvvW0o+v9cca8mspp/aTXyoL3CrL9SnyPRTgGCzbymycxTD//S//Pl/81/+rUiAmzIIxZXt/9a61lUJhHWt68tVRKOIPj1LPFGJL/rbL1+enp5qXT1zoXtRy1LUCYkoCOGylMvl8vj4+PDwcLlcirAIBTV8eHBuISIyARET0rIUZ7CwPihBn9XiEyzie3b+SfeO/yhgyQ+N4bMSCcMFZCWENViVUBljrkZUCxERF1iwMCLjwkspvJRSAKEyF8QChcHQAAZQDiSPJ1TYafZ9ILqwvbN4nu1IFwNXeodbo1FF4NA5EYYUseBN7nvtbPfEK88zZ9QzcNwNIZDSwiAiRdAYGaignefhQ4eaGCQ9V2R/sKZZak7WbusbyAP+WtYQmJQFh7AJhCVyrMqpRAYwaFY5X0Zf2xZNFpo3FZArVcEyqDJzVRAQAcjCpnIBpdfIPaSdaGGDEPNSFkCFNMWVLBOuVP2e4iAcQ/vmqqAcVfeGy+ZeqSJr5FLHw5kheHstSyYRAJdlKegoiw6MiSpVpkaR1CvIsEhJw6hknz7YYoercSNhGlmKrCM25EuvTAbfL751258NrHenNgCThiCWtKoWlhKAaV2v7YR67jlFv8zHrVMjvVcz+yTQ9hLbpSgPDrVTHUWhsHRcysIA8jFCAVamZsHF00hqnjuh5lxJIi3LUls8WAQyNK5cPLir50L0V1WYuQi+jNJaibNyMQiKaDuPdPuRc4ZQInD6HQEtWq5e3botHdmye5rQNZErS8bW6giDXNOVKjEXLMvDQp4tEUBwI2JC1gCJVEnCS+u9ibkoVRFa2NuyALSdQXb7svC+/lCwTW6vF+ilWixPm0aZDVEfBSAl6u6s4TmDAdiwey62xKIt8K9djwNyJkiSZri0qyYmnbUo3P6eQ9FchnbX7FHDmNiPhb5cQN6bmLwoY7d9tC6XxiCESoSIlSheZd5Xy5uo9+rCerduPSm2V6vf1/wWyfExPXunJCJ/fnnG9zmEqNolbW1tG23bOkXGBnsbUMx2P8YiuTqZlInOdn7tYYD2fGw3eYtmzhoD27i78i/KBeUgom8Sf4j7FkMMD6Ci+8BaYju2wZvtlWNt5i8PFVx8k9qhRsW2TL5xqRqGaPipv1BkFFlN2GrP6Napguny5dO/+2jqSpAY1A5V+r1JL4niz94OsD8TaSAlJSUlJSUlJSXl28i//evrP/mnfw729mnviTU9YBkIvfd1/yjznR37mSdtEMqNo3CogW60+/7q3U9vj3NnZbLM8lXlBSJqmGWW36Z8913XvdN9vn0sN8fyLWs8PRZ6+xiPQuDrCv/6z/Bv/01i8zWqc90Rwkok/wZhC7ZJK1Gt67oKPHh9frk+v7y8vFxfro4RPj09PT8/s/u0hdaFuJTy8Pi4XB4fHh4ePj0+fHp8/PT46dPj58+fPv/w6fOnTw8Pj5fLxVDDRcHBItkJG4erTZIbLtXYEwBMgBbhUz6J1IcmyjYjVu+0AqNMDSUVQmFdBSOsq4mwIo0BJbSLUgoBL4VR4N+yADEsAIy4ACOUBVC8toIJFAeqOm8dEFk8NSMQeAAy9bcSQ7cKYRc0IklzuyJAw/98n6Alu5OF8bR+2MVtm3FFfCTOOusIZRKfEqYePx+AYxlCkfOAhwWLMu/Ytzn6ZSNQEqBQMiPwayuIgBDdx+6dRGtJPAKE/aDEwW44o9YENMz/gbbvoOFHICCaAB8SydFYgsBECBIstCisY6dANqTgHurHVvaSJgddFnEpU6WqYUVjvMyIdSoOSpq5sBSJKVlrdcoaVWoXvWeiFEYdOCS5IAquQ0zshEKnhVlwPHL2rTnkEaHYqwcGggIAsLN2LewfQsu8qOdESZPcqhTFGhIrArRIgDYLtLiimsaShZpGyo0qKOQ6Ji4taqbFClUsWa47ZgtOKLcQhRXkv4LtivK17wfIUJi5VpLFXBZQhJo5EEaZzK5QA+1SQqIqk1PETFZzZb8jxD4ttSX5RcDyW6YASwyifwAAIABJREFUS9ZCJj1jhIhgJ0W2taAhDIACx8sFZ+usJwTtZhE5ZOx3Kr8xu3VZdjkjjIBYnUHIXBidt1mMheT4r12kusgSpJQLFPDLst0wHQvksCvancvo2YJf+Olpd9B2l2gp++SC1VybgV0XbgAbSMNAGPabgd95DL0bDiktai+P3K/YoX1dtsutmW0noqPi2RRKxJOakO8ef3rO8EtmLjd44Ra/13dKfHHVInw2fEguyJEM3KGDDhDK2lic3j5LJE8O9EPi1hjvFfauh68qscbF7U+i3/g53CB8u7XHUfg+YhcUGEnX7inhOxjEvHx6GDFazmDDgB1uBPDtHkZtL4S15euev9LG4dfwuoMfEKHoBvtbMk3fXaUU+Zo4ECIRLdK3/Rkg8pagUe0X/xIjd07w4LoObMtrVCkpKSkpKSkpKSkfRP7oH/9JJcLRcwtNx57RF/2uOBw1eGU7D+3pmr0Sw3hueZiPLQzlZBavspNllqfLxiCMLKjUU/8x6cYgfG/7AACh3mAeacPI2Nqbc44xvEM/s1mA6b/7h//Xf/1f/G1ef+M4GUVKnFHlvMYwQpKWEmh0NQqh/v/68nK9vkjiwZeXdV1lDGzurlLK5fLw6dPny8Pjw+OnT58/P3z64fHz588//PDDv/v58w+fP3/+9Pjp8eGyPFzKw1IuS7mUsiAWy6tTCiwFhYJoaXbEI6lPQvNgoRHjBmefkYVGoRajUPAM8WfJrANxkGp13mRdJZiguJWxlKUsl2UhBFhABowLADETMlUkYPVuo8XXQ1CqIwRegbgIlVQjWZYYFFYQ6EZPRGAMNawq0gZgAPfMI24e2Jgkr0GPRkgK5MEJQqiIZfOX9gHuUGKubo+DDqBUX70ynBwew2I4UnDLKjIh58g4qI16GJg6cQGAGTXCp4an01CUCvD4toibw6F3pu6SMxBKsDHPixY2km9Bh2oMjzDalnCqWjI5JrZrVi4zYC6lMDfjsgsBQAiFzLbrGBmw9d2trAdBZYnhKyBelfyLknLKwvQxNURLl5M0yKpQrDQ8MJEnL9QZoaPv1Y6r7mAuUPTsCEmM7Xq0k9VHxoseZV1sYEmOph+RnwHW1YLQzkktReOnNkCBLDKxMdKo1pUZijq0S4cr2JZnYEBGKOhUnsaokSixREAGqre9bmxTXIrwH2sDPBAYhPzEfnk2r7yzahQDoJAbEoxf2E72YhvLNq8TtXVF2biacn9vsXMRmUh9/Ni2eLiI2NhN9g/5FmlInmHerHwsC16pwUKVZ6lcU2M/S+BdrrWG+4Oc/qUgORxbLCoLyblGQCqAxGg3hwlEZ5WOlcRXHfzGpXc4dIIpGFs4bkiJsWkcXAlu3L2boli7LZudTXmCMNtS201Jn1tiVtEUzTAKLQ8iNlgxIJdhAsYJ7lYgNEJ7Zcbpkri5gSMwM9qF2LEPIZAFY5bBtlHjmjOQpIMMuQP7ZrotHeq03YP2kobzP9uN1K6XIhG4W9xKf3vDVjCkAYa2PY37xpp8k8GAKxGMaJphXA6qjniaQanbG1W3FdqsDe4zGDlcjR38ptvRmJrxMarjbI/UfotvxtEAOwbjNltCwNZpd0ScjjEd491D0yTLFw7jAgrveIY5b1bDd5GhnojyaorlRdRtbMFjPdhDSkpKSkpKSkpKyveVf/Yv/vIf/W9/Ch4eauqz9WAd7dX40AZ7H2x3rDisos0tJrJts6eHY/HYn7xnZ6cN3uvHPtNX6qkf6Y1BaDs49dS/vs7f1KbJvWOAwzbxv+PxQKwXf/A/+Id/+Z//6t9/efmtAGAOEAokVhX80hyEItfrugr69/zy8vT88vz8/Pz85cuXdV1FeX5+fnp+vq4WWVTcQ+ZpWpbLg8QMfXh4fHz89OnT4+fHTz98+vTDp8+fPn1+vHx6uDw+LA8Pl0+Pl8eH5WFZlgJLgUUIhcuylLIgFGCEqlbtpXUAjp6mQMXQ7G5y34kgADZ3JEtEPKpVQBNg4FppXWVZ6lplia4v68uLIaAvayUWd38pZbk8FAYkWgAuzAvAggiAJGEEsTIoaxABl7JAQQlEakgTGOVAvWrmwTWHIzIgAVaFLu2NHjLyliEY7Jhp9JzKCpgz0FJ4aYOWQM6SrHm+NcuuRr7BxF3L7i13Bqfc1tUTikWGX/ww9cwqY1M4cIZNBFDOHL4hECswCwlP8BWoa/VYZmThHAuipaUiFOqbQhEITFhwKcW89+RbRUbiqy9sP8kXKQsrHtJaa8Hip4g0riP44sswHSzUJTR8Tq88BGauqwKEOl2jsYJhgZXJco6hRr1kYq7uuG/x99hCDoLE+OP+hmFB4NrNQMehUeCgykdoEzPAlB0Qc9algB4eOrS7q0GAsPRfaDmquFFTsTnfpcvGl9I5YbxAu/C2aFXMpJevpjFWD7sQeFGDaVr6K4GxCxQNd1o1IxZyQcWHsIdQJF4iG3dQQw2yOdoRBackS6XM7TpqFnTJKwAwIiyL5ChtpDXSWfiV745/QAYgoQ8itHCafqW0syWB/Iz+Y+ccQF9llICkVrVgkZ2BgLJZ7AShJXGU7Sq4OxIxFLtHknCdfeQO35QIuSBLRlU17txqZobKUA0+kbvKSmBt7MYBwIU1PigWORC4AGMB0vuh7+SOoOwUtrYWCsuFGxQzUUXEUiSEcCCQAqMxkoX1KEYR2IA6fS6gIcZ2f62l4ZF6dpbSIBkEkLun2KFKZdErghiKUIT1MWUXjKZdbCgRQneehRAMEYkxRLDBYABlKbYeGPYZRtQ0oncT+Cuk6Q2XKoXPwR+qEyATAIAslKvwiZ1MjCCvOkAt/qpHu0EhEwqMiGi8TwZcCtpz2/GngZ1JcvoMq5YXAhRxtIykFnC6Uf90+jo0XdhSJP5rWxO0rJlxucakgFwMci4t06jsA7nVI4DT35kZCbEwKhRaum8vMo9lWN6BQupjYJY8tUVvlByG3WGEfqgj0HpRLwtqQmW9lO27gc2j6OroZi2yFcfXPtBzFsobOqBMZX2bArwPALaw1TzsvZSUlJSUlJSUlJTvIf/Hv/7rv//f/0t1FLQcLuwcPfnJ5r+o/NPmj/VIV1M/bfv54PV4sw1u28Rj+5yGUz/wvo4n2nxLO6n/fPULhJdiOz9Z6qn/iHTzwOiN8dSxiteE+vFYNGfV3E6772+PlU93+mX4s794/m//6N/8Z3/vb9T6V4J+CRYmcUQVEmQiIomoeb1eV6EHPr9cBQl8fpbsg9e6iv5k3EGKrr6yiAgw+PD4abk8LJdluSwPD5eHh8vj48Pjw8PD5eFyWS5LuSz4sCwPy+WylIdlKaVcFrwUXBZcChrLwjI2SYamFuywiZ+TEGjTM8op6UwAIZt0iykKzJpwsVZbgbqujg5er8/X63WtRMRATGVZFoJCXMpyASCGCyABEkFZlsIMCFRYQw2KM3QpzGVhIKd8uofUhokeosxST0kkQWrO4TAdcCN6wgOSBGwAm3mHnS5Hxj0i5ZgJEUypikCqeFw48qB1tu6ot3MwNzUAYFHXtE7ISSEKanKllshN0S0GMIyyISlCsagaKhMRANa1gjEzBMwV3piRCQkkIZPStZQvWMz7r15qC3Gm9LKCxEy1WuY/lL2xlMLA67ouGu1TAEJd9OqJ9xqpQmJjgvOxCirjUCDqehUuoKYTJE29KI5sFqAejalHlcx1bn52cjwRHPJrGKvtHgAALk4r6d4WCDEzQV31aFvHGrEmKrRbFDmQILEiuR3dTMrJ8qvOvq2qBe8tePbbshkm6asou9jQOfT5Whw/Aez05Tzj5thy+Ff5ltBr+xUE/Rt2RJqkv+CNb9emDc9BQUdW433YmvvN2wHiMLO4Nobd2ErK3iHyALPcHdvaC8rdzgN3/XSH7Cn+amGAZ/Q3hiHGwIxIdk9hu/oRlaSkex3sKGCGwpaWTXGldsbbU6/hYAPUh2Eh26ZCX98NPjhAUz0pygY7WZv2zMCgbdEX65lj4yGOYlxyCNCRLlqzD2D0P4/MGn5chrXY51NtT2X8M4bojFhahNMGjG1CDTSD3W6ZNGiD5OkSQ/fr2JfW71PM6HxI70LeVtUrHG1Noe2nbY8Ojm56RyPEBrDYTs+w0u2MtNvDYAqccNlXtlZB4dibZvLsmtjrxhhM9bDfpvdh/Ye9ykKt19c8NnFEwdaSFZR3O2GttrzVjl5s68K8+c41EX9A7e1me/b0i5eSkpKSkpKSkpLyPeSf/Yu//Pv/w7/8N399hfZ7YeZTRezrS++n3cU4ut+A02Pla/bYBoMDYedYPNP+Hn0yhtRT/7r6BcKv/9RTf62Odx/Lb+kXxnpzvNxh50z7sc3Qr/sWGdoLG9M5dusjnvk/+7+f/6t/8Bf/6d/7m3/r3/vNtV4FFZTgb5Jkr5LCYxJXc302+uAXzTL4/Pz89PQkAOHT09Pz9SoAYXRHloLLslwul8vD5eHh8eHxYVkeHh4lAeGnz58//fD50+fPnz99+vTw6fHh4XK5LA/LZSnLpSyLUA9LKcXQwaLcsUgTjBwLaN4u0W2xmB07kTCVDg6peEhVYibSZIMkwUU1oqoChM8vz08v1+u1ElfmSrQsZXl4KJfLUpYLPTw8MgMSiK+cCyyAbOl8AAC4MFGhpXApqGG3YlQx5ursLvWPBrYjMZGBMEZVUyqZQUXBTayTJ6draXxRNacUPAmlSkSrLMJaDQQT65WMKUTCNlD/uNMSEcJOUz+7g1bNZ+0DIIo5tMjOlOfBDJwu6gFCXNfV0Rr3bC7L4ngpgDpmZTMbDVMimZLFT2XFFA1BZABpvCyLJElSBmEPEEpqRAUIfbTuCGYCy5olM48EF2au66phMC1qH1GL0ScMQolEiMKGQYOgUGO1UWV35g7bG+QuoIu+RDADeomAxRQYQGAqxSah+DEgQil2Gpufm/U9OQtaG2mM3U7wtKB6nTpy4zHu3Jm+vbFGpMBvgB6pLjjm7UaH3az3UCLF7MaFYmicYwsSsr0TcyNNbtzb3LYoxvb9Ck1WHofG0z8nHe433uJAEeHYYpD+h5dGQbZfOy3e5gikxCiNvG3QICUMZTx6tMZB76beh0X16QzKsUQi2s6Vgna769CaKRy17Xewv13wM7IH4A1n1o3Heym0F0l4aHA8jL1dEZ6zFm/54PAQXycgTLEd+EZrojg59g17JLkf2AE86aCXh8AdF7P/Iwyi3YYCtocDRug2btbA5nUB/yLjs9iCgtM9Gc/4NPjpduOFCd5YtPeVzV0zDAXlOc8tzHFKSkpKSkpKSkrK95B/+9fXP/rHf/KP/tc/Bf0pMPhmww/c3vfb3BTx507ns412Xq0f2sGtf/tt/fZzPHEs3mc/9dRnujEIOcssv3+pif1ecWx8EryjZTiyuSkNe9eaGM53bIma4gz+x//5Lx8K/if/8d/4D/+DutTfPj9/EfYg6X8t26BnHXx66gDCta5Pz8/PLy8CIIq7vbEBUPPZLEV4hJcHyUD4+fMPn3/4/PmHz59/+Hd++OHx06fL48PlcrlcisQUHcQRwYJFIr811xh3PjKLkhiFI0Do4Jh7TiNQyMSadDCsgC+CJCB8enp6eXmpxJVoJVqWZXm4Lg8Py7JcaGUALIskmrOkg+qUdR/lwgsz48KlFI0v3hzxBhY62MGOEDJ5GjnwjywypyJXjRvXjtXYZu4pdmurJ1okolqvQqa8XqvChlU/N5ingpEYY04uj+onA6Y2VB3kABAisyBkfm6oxzVLO3dHACEozoTLstiZJUQkAsutWZ385QChtI8AYVkKgySdpGVZJLuVAIQSF3QpASBkJalVz4DFrBsUaODdDBHw1uuKAN67o8LuuK8W4xQBaq22XxiLRCtFTcqFpdsD9lBFYAhe1q0DPea4AiP0DU5kbUxkQSbJAnsGX/5whY21HNEI5ZLa5TkMSXXh3Dl04cBMdys8kM0UNrDckGttaH8SUuq6CEpYWNC7kKzGeJrGiY+nZoMd7oMfE8yp5XsLLLGBCrZtFvdDWEC7bQ0J6gwrmQ/rG8oxv+3V0gd4HMGbuIuOT80UuXkdRjjtawr1xbvKoEiDbdTQgx4PQC8H/KZzsbvunGfmLzRID7OR6E/yyHScDmmYCwbxz2O9N5sb6RmK/nXJxuS3qBGl20OLhx4ZeFOJEW8e3tg4uFnFx8oABx5wHF9xyfR3hvFGceb40w2/+x0lJSUlJSUlJSXlZyTrSn/xl8//6k/+6tf//P/5J//0z2tVb6pH+tj3u0Lvdw3+22OfbTntBw41OPZ4o/358rblLLP8hiX+3d//9Xe9J6T8ZORO58JO8zmz4+TxvP/R1DJPGw/u4e2BPHwc/9wevGe5N8yTZhxa7n46GdvG6sH4x+N2T8uxHK78Obl9bLqvUlJSUlJSUlJSUlJSUlJSUlI+vpx7sestb1t6sI27u2iBjeaHb4NhxGNut+m17RFjkBprN7PZ1OH43U+HsU0MT6Y9WYq91Tlc+XMBdfaa3b0dMhZIyjtI5iBM/ceoGz8v1rNz+Az+fre+Dq6R1/dl0a62diKILy2Qd+1Mch9u2m/byLysDVvuLfmPmce+sGu/Oy+Pwf2KNSk7aw4+frxlh8/2lXrqqaeeeuqpp5566qmnnnrqqaeeeuqv1PGO9mD6sY/xpO62rB5u9tvqzbeGO8firh0ESWljY9htE/vF2Aa2xzYd8XD8MJlL08fchLfX4VVt+jGDz/d1dlJP/aPoyy9+7w+/N4sxy59Gye9iJ5LR3nuEOFo+F3P09niaHRzXAYdPN+OZj8Hs8HQMo53tsRCEJcLqvJfduXQWWvupnX6+oAnRTrU/fe5stDjTW6KxLLPMMssss8wyyyyzzDLLLLPMMssss/yq5Wmf1bt4Nc0mnvSztX5dwsinES6no5V0K8Ost37IGO8TeehL6nH3WBvcvrcTxxkdfDrx6+JsXrdqNuPZm++Bh3ZnPHstD6KrHvlL3767svy5lwVlV2aZ5VtLfC9r8Opj4U7LBVD/ifU3a/BW+/PHvroX+xT3PkUc54uz3mfjwfDffJx4a9ZhbGLJ7b3fPhnm+x7lR7iOsswyyyyzzDLLLLPMMssss8wyyyyz/Nrlh/UmBfvqVQNoPsAzM2r1AIDDpxM721lYS9jaH2rmdgDOeC8BbGq748GbPucjDypOjp3V3F7bdytf7/e+fdayzPJV5S9//9cIE3FMO+uz/nQ939ee5/V8h50xLV1jx/YfGSo+bT9JQziM0w/c6TdE9LTDQ/tJJsJgn7lbB56sJ++N38a5SQEYxxlrdTzbCXf9dh3g1vobz3s4KK7DjfZZn/VZn/VZn/VZn/VZn/VZn/VZn/VZn/VZn/U/nXrs6jfHnLOD0/rYwFmAGzs4q0eG9kH8/6Rf9H47S+jtsW+/6Rdxsw5jJx0rsbODY7/DOIfPt+PU+U6sbOcbxjmxMm0f++0sb+s347xhZ++877fP+qyf15d2DXYlZn3W31+P33k8oG987LVvT4Ub9vvrwul4rT0etR/tI3Sjwr7f+OmN9dwdP87bgx/h9WhP5tEOTurB26sd3B0nbuZ1a539NR7Tw78Fg01oY/sg+zzrsz7rsz7rsz7rsz7rsz7rsz7rsz7rsz7rs/64fvRuYef+Mpeg+8fusD94zLr20YMHuOevwx1/JsbxNDvjeHAznmYHvT3utR96jPU4Gc/ROnQ1/ToglOP283XGyXzPnBf4hvvtYD2zPuvvqy/s9Kiu5KzP+q9ej/N6eLV9uH88yMA4az/UyKiO7XiNZOCL7XFzVD9f2OsXdV5mH4XpN5l7aN+NE2U84OsDMh7s5+vjDPXeHgEA5VMAQOa+1+2Y9+zPzhcMlmy+2q+X2EaCGHrBTb94o9+sz/qsz/qsz/qsz/qsz/qsz/qsz/qsz/qsz/q76w/9UeKzav6r6NeK/rONH8zrj8YT++WtFfHXobeUkUz8pTjzH/pRcpB6JHf8bAjsM4LNeDyYWt++mx2Dsfn6+fYrAN04bTywsf+W84uDndt+6d1+4bjfjQc12BnX4bvv86z/GdXj3/39X8NW0K6HrM/6u+v5jvY8qWf/47YdntRvPwp2eFvPUztjx8zbefXj5OGzoX3oeWKfNVrofF527DCLbfu2ntuFY8C+mlv9fecRxkXjNq9Z4+PzddT+XP2rZbD2sa6jrM/6rM/6rM/6rM/6rM/6rM/6rM/6rM/6rP8m9Thr+Tp5n3HimfbdqBFhGkOwtcejemz1uNseYfwE+/GEBlo/DKi1D4SmjX39xAbGvXGRMqRRCl2r/f3xx9oyrjP2/Y5dzLfKqfM1LhGHNjvtZ/V75/Go36zP+r16zUHo2ESWWb655Dva87zeN+wJO7xvc28kPFrmacveMssbIgczbRjivBd9i2dv5Irh7326nR1MR8v7KwMdPnpurfbsDKvd45tB7jt3WWaZZZZZZplllllmmWWWWWaZZZZZZvmzK3Hv06mfvzsKX2lZcgFyjy129VM7ONb40AZrGzshmyDufsqbTyejwu28hvYYxrm/DjjOFOZzn6zVuRWGcVTTT2+cwZ2RZJnle5SBQbj9POuz/pX1fLY9zOs7JO2GnQ3G2GzytF/e1vPUDg/98sgC7I+CsUfergMM8+J9+8N4AvS2a5+7Ge2uDwMYHhhtbsZze52htzBbtxE5vG9fHYwn67M+67M+67M+67M+67M+67M+67M+67M+67P+R1GPr7aDY70x5zbcvI0dvD2eCf6Gu3a6vjr8rWPdldDLjp2u/XZ9yoiYje0Hxt4GYbM8grN1i+PZrNuIKw7zvXudu3rcIoE63/P7YTuvD7XPs/7HV7/84vf+INxnOPXUP4au8jXsm+X7j2U0FK4bZ2uD4LkCra/D9tuxobfH4ZqdHavX8eQax9Zm51hfA4DWHrEhgWNf/XeSTRu0ftHttH5jX3v6rF8M/U716fqc0T/IPk899dRTTz311FNPPfXUU0899dRTT/0D6nf5mo79V/O+QsxMrY+6/93ZF8ab+t/2xn/cr9VrzsGhXzxq3+rVf4hxjNIexzZbOzAZW+gXx2PH9rgd56b9uD7beXlf4HPZ94va+HFbf0rH+ZqMY/jeez71n6O+k4MwJeWtwifa7Dbk84dPTfD+R3v2edp4rOFpbr8j29sDxgZjD0fj5606W6tts+k6zOZ8a+n2R36y7eSou052SkpKSkpKSkpKSkpKSkpKSkrKT0DwuHrn4/uM3TJ72BluPhmb4dwAjq261jufNhxwfwSbBpMh4XYus5pN3aRqM/4Tlndlbv8uAykp7y1FXPNZZvmhSr9dvtICfq2xyY34nqNutsehfXxvZ/vpdo6ztQpHoddsR4LTpy6jHIU7R8VebrYJo1XLyIjDsT6GvfId5bvv7SyzzDLLLLPMMssss8wyyyyzzDLLLD9s+Y5y7O9yXlrzkonfrHnnbo72jHfO2rh3rh+hWZgeNXhZcbNKVoPDsQdH7Xs7N+Ws/VFpLL2z7bfn/ajNqTNysKPu9SpnmeW3KJNBmPL1hE+02W11D4lw1pJvjOGVJEK+xdib2L6XRLjtZGN/os56mRuYrsl88tH+7KipnG958ui3GXxfKykpKSkpKSkpKSkpKSkpKSkpP3V5v3fWJzy1dzZ4s+XuEPZZg5PP94l9Z7iDSqA75Pa9C31w0skb6YNTJuWB8T0TN/iitw2kpHwFuTC3DKRdmfVZ/9Z6ONUeGfjIDt/uV2RvPLQ3Tp7Ub+3MZgHE0B91azw82qGgb9vrAHm+nrCx0Nnk7fg1zrbXwDgvhul8eTz2aD33633g5/bD5Pz27Xl7Rk6WKSkpKSkpKSkpKSkpKSkpKSkpN4QBXuN9mvi13uJfdcfhgR9yaycwA8Xlt2mvs5vYsdlP/HIAzIjRgrUc+h3Hz5pVEAqP8y2tPbb2UuNcwHn7zfjROrvHb6z1iJ4dcLqesNPv0XjaqJhhz3752v75rM/6G/XJIEz5enIaj/keJMK58TMkwtdkItzhHb6JRxhqjniEm2NvkwJvLNzhkE5KYnUpKSkpKSkpKSkpKSkpKSkpKSlRXs0S26P9nfs41h9mHNznDt6gBt7LHZxQ7r5m9sHbCQi/M30wGYQpX0suE+w6yyzfp5xy7+62wG/tC3Y+BcPobtrfWtgeu2mDFFh3e3PZ4RF6DfY8wvlMQVmYmzab2YX3eqB/A2ici9d3o2J/E0o5hbAzl7efd9j2nmWWWWaZZZZZZplllllmmWWWWWaZZZY/qnIqe+3v8oP1dkYuXdfy0L8a7OB25AyN3OcswC3LcOI7nXAHg51p+zB+6OKxTZh8nQWEaS+nysNjy73WhlLOxTn/dpZZfocyGYQpX0++JYPwW5MIZ8kIt23GBrP8ejeMvIpHuN9dbHQHF/BWRsfpwL+uJAcxJSUlJSUlJSUlJSUlJSUlJeXjyNfmeG0ZdTfbHQ/pVLrBOYfuvbiDALCh/c26u2Fk3s+0629OH0wGYcpHluUXv/sHLVJwllm+ZwnvZY1ffSzcbsOnRr6pgb1jD44SYH44qo+CbW3Go6TprTbgb+7srmE4dhtPfGLZjwqvCs3atGyFE5sHlt9SQpZZZplllllmmWWWWWaZZZZZZplllll+mPIdfV9FbYLDVMHzhpZZ8IbH7LANsDr7xmO39oO1nfZDjWYrxDKbF+9YY5zahL05hqNgdyTH1uY9Hls49Wlcw1MjyTLL71LiL3//1wNBN/XU30nnO9rzXpsuY96hHZ7UN3Id32Gfp+039gPXcH8MHMagbfhEm8k4T7TZWc/pGvL++u+t1dH53QsM2vRx/Hf1lXrqqaeeeuqpp5566qmnnnrqqaeeeuo/SX0MoAnhTf5te/t8qMe7+8KhDQ7t8aj9dsw4jB9OtBnslBNttnYQcDOXjR0ZMw5ttI8bazU/F1v7e+drx/5kzAf6yfObeur36QVY4AoBO1JP/cMwF8FpAAAgAElEQVTpsmlPtIdJPd60L5dEX48gqNoN+1JxYwywGYNO6LjNZJw4rMOsrzC2fo4K4WFrj9Ze14ARGG25Admnt7vm0gZ7BNIMAGCvq30MfWHsCzudo/4h9mHqqaeeeuqpp5566qmnnnrqqaeeeuqp36nv+Lsg6hO/2da35roXvc1zY4h9aRsIfsLYV++XG9tv7Wu/YOjgZjzYjQ15sIMn2mztQDe2nb6ALdQbDMfOxgmbMZyxP+rhfH2EfZh66nM9cxCmfD3hd2l7TybCWUs+/HTPPk/bb2ommQinzcaa+VHbVlNDfNymr9zY3FlNPvhrv6M9uT2T11r6/oZSUlJSUlJSUlJSUlJSUlJSUn4GgifafEUzs+PusrVpPFZMrOG2Hnf/mFTizMLc5nY02wHfsgNfOfvgmxMQ7tu/d2O8025MSenlwgqfQ5ZZvnfJd7QXObTDp6xt9nNneW+3K2twc9S0/WZegrkfjYFns+PNjAwjPF5DsNdQDnoc6ndsjrOez256dt5y37jv2HPn/Z4yJSUlJSUlJSUlJSUlJSUlJSVlT17h29wpcfTL3Szx0Cd27FVrx1qvG58Ye4bCZi2mI2TNTBbWAaJlnvXIioMhACNPxoldDSi/sFslxBGnKCfWFs2d2vU1G2cZzybqaKdnGdXCfAx4c2/gkff11OyyzPLblJqD8AOMJMufXnknsnN0X+XTT9JjzGv3njwibnrUtv3EwogPzue+xeJ59g1h+1SajAEmmON0tXlnHVrvMB3DdJUm30B21/N0ecrCO8oHuC6yzDLLLLPMMssss8wyyyyzzDLLLLP80OU7yoke8c1j3ljAsy3DOLHV45kRYmcH91r2NTgfw2CNcVOz7REAcdtmZwx4q8ephXEdzp4vX9TdNnPLB+XBaLPM8vUl/vJXfxx2Jaee+vvpfF97OGjDovNtOzSvp4huTY+NCJ7V01577o4FBKbN2Hgytskct/2y2TweM1to7jNrzjvr3OoP13Y7F25fHkbk8M7zfkO/Wc7Glnrqqaeeeuqpp5566qmnnnrqqaeeeurfQt/F4vryHfsNNiH46ODm2Jod7GyWppf9vnbqEbyv7ZixOxb6vhBx20bHsO0Xx/HDjTZtDDCOf97vMObJeh6vyXZtp+OZrvNNvdzZPvXUT+nJIMzy65XvzCA8zQA75t8fjGrDU+RzzDzLDXhiJNOYvlt+5BkeobEAT7Xs68cxHLAJT6zbZEbHI8kyyyyzzDLLLLPMMssss8wyyyyzzDLLLM+XO1y0I3Ryl3MGe23wRI+hHlrSwhNMvjl3cMp9PMEdBJzNfYfpuGk56Xfb13xtTzH5kkGY5Y+lXH7nd/+gYzunnvq76Xz3sXzQhhtO+Ip+rRoQGhw2Hjurh732vLE/ne/22BYg9HDMoVk8djbfaOPGOsR6H05vH/242+eOoY9EsCu7dvbOReqpp5566qmnnnrqqaeeeuqpp5566qn/HHSc109l8MWxaYd9oRznORFj+6EjQa4mdsZ6xIP2m/H4/6wep8fidC7j+iBYDr+uvrPfjsXNsWfOxcT+WR2PxmPKR9l7qf/cdfzl7//6e48h9Z+wfgJjivoU/zJTE7zsrn7Zdd4/lkeMcheX5Jl93mBhO8cybOq3xyp+dqNfaKBjvz7bY3fqed5mkP01P1hP0yfzfac9k3rqqaeeeuqpp5566qmnnnrqqaeeeuo/Gn0bGHRH38ENex332mwRxoYPevsJhrVpM6v3bmdj22BwONrE6bE4O3YzRz12gkvuHNvPEY/mGPqa46Rnz11cp0mbG3ju6/tNPfV79QLMAAzMDBx0yPqs/1D1AADM+BY76PWw317S+oV63GsPY70+WXinTayXy3Col6P7ejSQcD5H6I4FRmBs7cHn2rff1CPoeKCtg35H4DYjZEbgcX3ayIEBg96vA8j6MCMHve9X/+1oiX630vpmH3b6hdRTTz311FNPPfXUU0899dRTTz311FP/yvotPxX4/0Vv4bwY3A9m/rGp32zjt5z12/kJxXcHVioVorU3f130yzUf5tRmVy++x8Y2mPsJB39g6JeZwX2ovb9UUYuZHzXYR7aDJ+Oc+U5hXJ9uHfZ8raP9O/zYtvLT8Xwsf3vWZz0DZA7CLL92yfe154NP9W5/ws5+9ju+OapZLzy1OeuFpxZ2Mgieyke423JvtSF8CzlxFib5FI/P5iBvPSN3lUdjyzLLLLPMMssss8wyyyyzzDLLLLPMMsvvXR7lBbyrPMiTp+UgVr+fr+5s3r6JHWiMwxMZB3eyCZbTLac2nTt4YhbzlrezDx5lBzx/RjL7YJY/jjLkIExJ+SqyRZTe0vy8tZ2WfKvB9CM+aD+rn+Nos2Nn1TMcjmFi48YUcDqQuyZ+VM022q6883zfM4yUlJSUlJSUlJSUlJSUlJSUlJQfseylFrzj+OiLu2F5t7eDYYwfIQLufLR7FE4qJbbnzqFTy+PhlvbwxoAPh3jHxF/X0a1eUlI+llz6K5BTT/29dQSgd7RpENRr7aDnGTxqjxbfU+sRjQJ3sq9iIN/xOqAEPt3aQQUPp4+TaJNn9U0QAIa5HOlbgI/bs3scZ+mPVYI/zuzzfecLD9vcJd99/6eeeuqpp5566qmnnnrqqaeeeuqpp/6j1l8h79Av3miDR3bwYC7H/Ta/HEo9jvV77Vs9jvW4N2bc+hgn40RwePHkOhT7q5/LzfXcXbdTOh6siet4l83EblL/ujr+8ld/DCkpX1fekUR4ROW7wxDf7GlDvbvR85byNyPv7XU6bzutvZdKGGZ7H5vwXLPdT+476ckZTElJSUlJSUlJSUlJSUlJSUn5+cj98OPOEUeGTnYyNgtUvWMLOPtrY23PzmlGIM4bH4xtJCvujuHk5+dWEof/v9LMmw5ISblLLjvXYUrKO8o7BZ58Z1PH1nCM84lgJMKtTF8p2lg46BSNMXii6WwM/qbMVPSQWaOT67lvP752MP9gKve1vnFwSkpKSkpKSkpKSkpKSkpKSkrK95Y3+9nvMXCj7XlTOPljB+q7YR8n9XPMbNZyz6xid/Ox7Bh5BTr4PlDrrZb3bZEEblK+ulx2qEspKe8r70kivAckfBOJcKfujmSEeBePcI4RHlq4mxTIO4kJzxz7hkNec5vZPSafjSkpKSkpKSkpKSkpKSkpKSkpPyo549DavNh/qu203bEzLh4SDDkueOQ43RAJuqNGwsW8/dy/O6k07uDWa7rHZ5CMTrOBH8uRx/mUN/r2CX5f5ktKyntIAbBMo3IDSD31n5RebrXBg2NxW49nbMb2iFM7835L6MXrERFxYh/32gMeXNcIiFgAC+LusQdrMhszyEjwcB0ACkIBKKZj/+n83GFv/yvpH2Svpp566qmnnnrqqaeeeuqpp5566qmn/o31r+132vGbbcvoNxP9aMyv8ONhmG/XRpyPWM74FTd+0bJv86j91v7YL9qw9ucyq9+sGx61n/R7uq/UU/8p6JmDMOWbyT0vSNxo++0yEe7k+7uTd7ibkvAsj1BNHPf4mhSDB+kJ7zX1DSx8C5MpKSkpKSkpKSkpKSkpKSkpKSl3CH5MozcsYPv8Zl+bBofH4p5N3OtrrMR+fDcGEz/C4e8Th9xYgFMn4kRHGV805SPKpb8sOfXUP4SOkcn+RptC3j5oUwxoOncsorHg7xoPIhCfGlsxIvxYb0T97fhhZzzyJ92cOyIDoEGT8/H3cNwrzkXZ1B/jrOf2yevH0+vvtt9STz311FNPPfXUU0899dRTTz311FP/8Dp+3zEM8r728aANjiga3hrnrB6nvj5xseHcJu7Ub+yYrXvGI3bm53QyThjGuetjPDj2Tv3u/XZ8XlJP/X305Re/+4d+w8gyy69Z8n3t+eBTjoDem0rubE7bwLQvPrCMO9YQmWfW9trPe9k+Bid2eKi/McfYBmIvvLfOeGr8ry/xbfq7jyfLLLPMMssss8wyyyyzzDLLLLPMMsufeYlv9ll9s/FAg9QMnLISz1ne1OO839DPzhxxb+44HTPi3ggPRo6IY325sea4mdfG5ofYdVlm+RXL5Xd+7w/BMpxlmeWPpCwILOrpo3hez6eOnfRVTh47Gfkd9Xf3Ut7w6dAGpcZSKB6vdpke+113SJZZZplllllmmWWWWWaZZZZZZpllllm+Y/nd/aJo5Y3xlJBZMBx7ZhazNghQdj+1Jjv2cW/1Jv5Dyzt4MPedMeNmBV4301eV5eYIy702P8h+y/KnXy6/+L0/xI9DaEz9J67z9xvDTtBSeVfkxLF497E4ny82HuG59rANKirtEWBmJ8wX7xzb3A74QZ44eRPQ+8axO/p33A+pp5566qmnnnrqqaeeeuqpp5566qmn/kF0DSl5y582HisS/XWofLjbx+6PIdQ3HyDyxhvpTsNdmwgTmzAPuOmYxcn2pqMHNvV6CwyK+/O1njbH4u1jRx0Hm7tr+HH2W+qpqygWDQEzTD31r6a/434b38g4cWyZ15fO5v3H4vutw7QeoehbMNN1wN11KDq2+bFF3uu5c83NplnG0gaBr1kHt1ls/TGci1esbeqpp5566qmnnnrqqaeeeuqpp5566ql/KH3wd019YmdtluiLM9rexv5dY5uNIbAGtz46aYgHvruig5v1O5mvcwdPtje9AB7Ma2/upc3x7mNHHQeb77Bn7tsPqaf+Jv3v/OqPv3uc0yx/TuWdmQiPsv0p/4ze3vuJTITy6bwvPp7XXn7BvUyKe2Pgw9UQnqHK0dwPLXy98wsdbfJgnFlmmWWWWWaZZZZZZplllllmmWWWWWb58yoH2WbUCyW+ucd9C7jbpo3tlIVTeQShHfU+eQfN5nGexXfLPgg3x3l0Hr/e+c0yy7Nl8X1sYHfqqX9VHe8+Fvfa4P1jwHk9nrRZyrS+HM9rxyaaTNpPx4kIqG/u7KwtHo3f3x6K8522wVetrZ/fEA896Dq+0gaK+sYTFNM/wP5MPfXUU0899dRTTz311FNPPfXUU0899a+ob31iW78Z4J6f7dX+/Ft+v7HfsY0Ofs+/Kro23fdtTvoNeQcnY97rS52k27W95X/GNt95m531OWNzqN/1wR7oidek/m31ZBBm+c3LY5berOS9T5WvdicX7SvwCPnQ8rFN5hucv6m13TUZVwbm6xPGc8QpfMNZ+zZ741YJM+ZiSkpKSkpKSkpKSkpKSkpKSkrKTXkVA+xmecxv+4a94I32bR3gFrMNb7H9NpYRgPHA5i1rG/4f3J71u3EHJdPhjaN2e/nueyPLLLXEX/7qjwERmLPM8huWdPdRsPepoHPI79I7nBwh8e6xsD9O2P1UYMK71wqADmaqPd5aGWrjh4N1fvMZfGX5Lne7j7Dns8wyyyyzzDLLLLPMMssss8wyyyyz/HGV7+KD/5ajPdfSB3frKDxjGRiw3DsqZAYsNoa75lKAGcpYj7dXwD7dHPuKNcRhPNs2R728+QxmmeU7lfh3fvXH3+n1i5Sfs7yK1bV70Ct4YvvN+UQbAACef3x7LAddH6TqOzR4e/InZ8UHf52QJOulpKSkpKSkpKSkpKSkpKSkpKR8bcETbQ6a7x6O55qFz4/b7HSMB0fdMjj7HM8ceNv8Hat6w9yd5+eNh6WkvFouuelSvofgu4JJCJuImm8zNmrTdjjFCG+PZf/THZP2bNizKc/FY5jQL/TjRRq+A2wa31ji49tJwocpKSkpKSkpKSkpKSkpKSkpKSln5A1u+8mhZ62dQNq83X3QYDjuY6KDd8g7m/sq1lJSTklhADbP/VBmfdZ/zXq82w7eaI93jAeP+kWvx0M7iLvjPLQPuDtOTUM8HT8ejgcZEbCt0s464N4DfGecaP0ig9lHYPv3nvMe7ISyr///2bu3tdXN8+7i9w0cRbzKZu3Y3muTNMvvENomTZO4n1fn2cSJ457VfLohBAIESCBA76PfUK+R4f9kgl6mHfeCCObz96fdbrfb7Xa73W632+12u93+iP3y62P7V8kG3X/P63Wn999zPzty77z0umW095+XX8frOf/9W4N54f77z7O9fTav2R7tEVdfZ25/Nc//XHH1deCD5+3Kn0vfeV77c/S6qP01e/6//UeMdi9s0vo5Xcbdvly4ze7r5oafQwx7rHcX76eU3r1cu//OOffcpnQvCbzheXt38bm683kb8ByWsffz0D7/PGuttdZaa6211lpr3d85g3NoO8/dJm+4zzz4Gbuc+b0Hl/2du//VucfN7aUWF57ny+fQXDt4vO/e1Dz/83ZO4dJzMvQ5PHzeLjxXo/58zz5vWj+6fQchXksZcJvhv6OMv8fzNy8DbtPeoP8Wg07n4g3Ofivh0BMbdKsBdzjZs3rrPQIAAAAAAADVMugDJm/4krz77icP/mPsHQ74xsFhd37jJ4t2bvCcrx4cd2d3/R5gEnwHIV5LTv5O0ch7PH/z7v805Mpd3vx9hNfuPDPKhbu4/N2E3X9RDnyn8Oi/D8ruP+784uMTyqB79CYiAAAAAAAA3jqjvgHwIQ9722t7Q37X2dvU++7gtHh/Bq9k4xV4vDEuvaGWN11EOM17hP3XEe4udr/6Nt7Zc2i+6G//Xt243969TW4/unQw/e8XXmDwfQ97e9C/HwEAAAAAAFADk73ONeyO8sb/7X0OP9WLVw1GlPvfGjxzqxz0uuHE7w4O+l1ezMRbwxWEeDkvv4jwCdcRDn2L8dJ9Rwy4mnDAO4XZudm4p+n0vy3K0V9M+t8n/ssJAAAAAAAAOObkVbP7XkYbcb3gsDfcrrw1eO+7g8+/dtDlg6iVTSml+ZbQ7RVQWr+JfnfuNluX0feZUd7136b5j8u32XZGlp5/prpv/105h9L5KU7vJyMj3m3P4czPmG0PeaymDy8rHPG85Zm93PPnO/7PTmuttdZaa6211lrruXfeez/b1+LKzffT/kdkkxll93rg5dcSO7c//3OVOHubtq+9/tncJvrPIUspuRpwnhElYjXgNqOfw7zy3L767zGtR3X+9r//9/ifCOYXuIy7fbnwq6Xpd7ecSRnwiOdv0/lZ+h+9DLyHAbfpXE141/2cu/2lZ3gq958bAAAAAAAAUB/nXyXLh7/6mjc/1tnbH/xcmTffz/Ft+t7F232y6NBHyTvPpPfRL/7eS4/Y66s/C/PDvdp9JVnpfD2Z1nPvuHCb9n+wccv959nb5IDbbHv/74nj2zQfFBo54HyyuZ/z55Oluaaw/bfUxfu5es4nt9/ef5Rsf/ZLz/ltvTu37HZEbh/1bHfORmuttdZaa6211lrrWfSV17VOXwe7/hrgbb17TS8jYvsq4sjHunT73P3szT3n5dcehz1uc6/Zc5vY38/Vc47Oa7AXbzP4+Ywhvzen+7PT+om9vYLwlLJ/Gd5uf85ext2+5+a725fdX950PuXs7fdfgHvw8H23L9FeR3jmfob/vOfPZ//uYBn88458no+HGPD82+12u91ut9vtdrvdbrfb7fZn7dnd8/rtz+559fbbX22/aPDi7Xt+5ezj9t56/4jHv3hyP+35nLmfkedz8vO2OeD5H3L/159nu/0J+ypKKRHlxHb73Pe8cPso27zt/vPs7WN/m92jnLmfKJF56X6yRHTP9uL5xJXzz+Z/YtN8bGdk52c/uX1z5l3H9fs/+KkzSjSP2Doax7ZLiQN3nrfZ/P1jt9vtdrvdbrfb7Xa73W63z3Dvvp524O7rb4evzm1fPzx4xfLa4+5emTx6nbDnDHevN8b+ES/f/4DXM3ePvr0Cr+d+YnueefF+Oj/1mfvp/Lzj/lwOH+Xin9d8/v6x2wfvvoOQZ+UJv4lwf29x4/mUYY979ZzLpXMo1x5r+Fkd3/P2cWPEMzDy+Z/qT/YZ33fIzMzMzMzMzMw8J1/51rrHfUfd9XvesV1y+Pf2jbxl3zcOlojV0Hvr/CyTfu9g5xyuPWO+fZDfrNc//vzbM/8UFrt97nvPe1/d2+dTHjcH3M/pvyU6t4/OVejXz6e5t2G3j4zd9xSWiIwspVw5z64v/PfH2Oct+u6//Yl257n3bm//P5EbPOXF1na73W632+12u91ut9vt9mXvzS+O9unrXa27r4/1vG421euZp/d/9vaZkbt91T3bIa9/5rDXY5tnpvO638ntc3/Olx93tV9WFx53yPkf73nweuz521963CnPx25/xO4KQp6bh19LF2V/Bd4F769dezf5+ZSeR7l8JpfOodxwDd/Yay73V1V2/x+chzwWMzMzMzMzMzMzv8DjrlHbkRElx17fNv72F943HHGf7W3O31uJW64djFE/3ZVHn+B8mB/n9Y8//3b/t/rurRCtX9Yx9X3G7j4zmuvnJr3/3Xvvzdttl27fnMvFc4jO5W9D7/PgZ7xy+4P73z4nkZmDft7dYx09bvf/g3j53z9aa6211lprrbXWWlfc3dfidn302t2l++m+Hpi7PVdDfm+nR92+uXqy8dnbby8/zNWA+2xvk1efq3HPcx7/jBdvf/5n0fpNdP72v/+3579PtH5ll9G/t4y4z3e3nFu5dJvdvUcZdp+ltH/Zf5ty6/Nw+TzPnn/pXlPYnsKdf47ljt+rtdZaa6211lprrbXudt5zP0efnbrd87b7zPHnsL3S4NxtVuN+xmzPf+LzPHx+8srtz71Xe/V5eP3fS1pve7V9Gb95h0Drajt2nbfcT166Te46ht1n879GOX+b7S9HRLb3GYPPM8ru7bmBP+P+f7+zfZRon6W8fJ5XfsbonM+o3v28l3sOf19prbXWWmuttdZaax0RV1/Luvm1shz82uBBH72+1/xq8xpg6bwSOOZnzDGvy7WPsHtr7Px5dp6rq+fTvk4bl89h9OuHcbCPfH1V67fZvoOQ5+ky+neVIbfcX+E3/VmVG87/2rcSHtzz+Ofk9t+1e1YPvndwxwz+DmFmZmZmZmZmZuYD79jvo79T8Mi3fWdelgHfz7e7rm70mUz9vYPtx4kOPp8cff++fZBn6OY7CLv/paH1HLrc8nsHfcBnPPD8S3cvA3/vuIvRS/c/Bp5bl7E/Vxx0Kd1zvvqFhFprrbXWWmuttdZa6wn73Oty+9cYm28TvOuxdm/ejb2f3W+6cvvuTYfdf+77ygeR3vKzd17bzOu390GhupbefwchMDPKgNvc9pvKHQ9w7fcd/+LwBymDbn3nud/7e8/d5S33+YDzAAAAAAAAAN4YOeA2fb/txt93+U7v/b3X7iCP/nPsKV35fbecf/bmlI9w5xMLPIpN/wcQ5pkPJrTbZ77vP0b0wu0bSmbzAdc3PO67K7cvu337WAPuPyIzy7vjDyu9cD67z8K+63l796Q/r3J8njnDv3/sdrvdbrfb7Xa73W632+32l++r1fXbd19tu/1x43CPMffT3sF2iTh4XfT49rndY8x5dp6H7mu/F85n5POQ+311/farmf19Yrfft/dfQbj7B9puf+lebryfcvX2+38Rnd7VsPMsV25fRt7+YC/nPgz0+Pb7Xxh1/5ced4r7efxeJvl57Xa73W632+12u91ut9vt9in2PP7gy5meZ3uud99P+/P2XRp3dPvdVYO33P/hXQy9/fX7j2jfEjw+zXO3z5uf/+PnaGZ/P9iXu3e/gxCYG71/3071W3v/5TLxYxzeZNyPk/3/eh3+iHc8e313BwAAAAAAAOCtMcmHW47/ZND25oM+ePTcww39rXd+suiAe/ARoaiRzfaN74YSWs+pM0q58ffuPgf07G0yYvtZntu30EefZ0aWK7fpvkFfmn/Wypj7j2xvX0adW5e7/ix6//uh3HefWmuttdZaa6211lrryTsnup/TbqccdPvcd458rM7thz1WNC+gjvy5ctTzFvc8h95/0fPt7hWE3QsNtX773XyX37Db5+2PVZ7yc20vKLzlPA8uIZ7sfM70DP7ctdZaa6211lprrbWutmNAT3H/2Xlna9jvbV/AbD68c+z5dG6fw885b/gZ8+zz2Xf7nPDPaw5//2jd+Weh9zsIgTlRBtzmzt9deuoBD3Nyw9serdzym+//EadnPmcCAAAAAAAAvIoccJvnkEf/Oeb33PyD3HYHtzxWXviryR5kyt8PPJRNKaV5x3Dnhu5it790L/feTxly++2jNH956/mXm87n+NNDhz1u6b7Xf8Sg+zn49Fb/PWC32+12u91ut9vtdrvdbre/ZL/79c9b9tzv+2sF2zMpl+5nR7N07m3s65zNh3uW7Z5XHrfdM+KW1zNXB3vuH/fc/Qw9H7v9re752y/+9/hXmGfnctc99P4TcPFRyu1n2/du5KCzuvlnLLef8wGDz5yZmZmZmZmZmZnfsDtv842/h+zez43nkAfLasyZ3/SIeeHRz3nEWQ34GZnn5/VHn3+b0UNzG7t9Hvvpe1kPetwrH3o59n7Gn0+5+fw7n/F9liv3k9s7ivb/M5ju57Lb7Xa73W632+12u91ut9vtT9jzeN+9aNjx2Pvffd1fHj7E+PPM433o+Zz8XIMfN2+4n3z5n6Pd/vC9vYLw9FZaz6vLvfcTw2/fXpP3nHN+d7SXK7cf87jl/uf/mHLfuWmttdZaa6211lprrR/Uu7/ucMd95sGeN99P23mwDz23ux43b7ifvP/P4v7nSuuH9/YKwtL5e555lr7jUz93HvEpnpc+L3viM89z53b8Odq3Pfrp/18wwTOZQ85/0j87ZmZmZmZmZmbmZTnP/mp2HCd9k49o3yk7fw4jnP3nf88zMMyrC+dw+bl9/Z8+88O9yojt29mZWs+4p/h7NSNWA2+fTecE57+69dxy6O+98rw195PNz5IP+jNqzn/3lB14lZnbM9k/t/f0TP6e1FprrbXWWmuttdZ61xO99tW8kpbN63nR78f8LO3rh83reKspXovL49d1R5x/3vlzrfY97LXlyZ5br2HqN9K/+eKHl79LyTzMk1xRFyUiy7hHnOaqu+Hn/6irCbs+vkb3S2wAACAASURBVKrviFf/WU/758jMzMzMzMzMzPwY5wzOYZiPOPzVSa4U7DqPlxFX5p383vEefe3glH+OE5w/8xOcv/3ihzN/7xe7fX57mez+3w28/f49qDLNz1VG3D4unc+kz/O7o71MfP92u91ut9vtdrvdbrfb7Xa7/TX7mXf/HvG4ebyvRt3P6buIo88nL59P7/2cvF96x/OQE92P3f7wff3R5992//cCWs++yzT3k6NuXyb9Wcq48yyPfB62nb3nGZ3bXKBMcw5aa6211lprrbXWWuuh3Uv2dD7+fLJnb77uaMT9THCenZ89B/3eHHCbO58Hrefa+dsvfmhH5rfiST8Cc+iHd77b9UQfbDn+pzj+WNCec3u8zz5WzwejMjMzMzMzMzMz86S++FGd8cQzOfNYt3xY6fFlhjc4h5zbkSf+KNAJfgrmZ3pVImJ7PRPzW3FMeW9ZSg65Ze4eNyb7KXLc78pzZ5u33NuN3j3WsdtvNy0RcdkxnWfwdyMzMzMzMzMzMy/aMYWHvKrWfhRm/6tz7d09+uc981jZvnp5y73de1a572HPw9DXhIf7Oa/NMk/p3RWE0f4NrPVb6Zj4Pt+Nftwyh5+lXL5Nmc2f1839bgbnoLXWWmuttdZaa6312I4ZnMOdvbp0m9U995+TnGfecJ8x+XM1zc+i9ZM7f/PFDwG8VcqA2zzoLktPPfHhb/2tD3jGAAAAAAAAAFRCTnKTB/3m83c07G4ne/CH3ynwBDadv3nz5BNI7faZ783fv5Pef+6+lfDy7Ve7b+PL7bcSTvJzRd9PNOx+up/uXS7ff7O/u+M87Xa73W632+12u91ut9vtdnsde1y/fd7/uDHh+efY899+MOrkz+dqovux21+wrz/6/NsA0CXbf61cv90B5cztbjqDo39fjr+D7v9deZSenwUAAAAAAABApVx/6XDYC4zDH2sybrxw0LWDwAmb3ceOMr9ZN0x9z/tPjh766BkltlcTTnUmu/8Fyrt7f5Zdl6uPtfMDnlVmZmZmZmZmZmZ+qk9f9zvjnPBxp3/fIW/7uXLKc7jlWWWeq9cfffZtHL3DorVuOoffvnOVffMe3MTnk5Htv1Mn+bmOrhu8/rjHP+Nc/oy01lprrbXWWmuttdb7zpPX9M7fvvs6YU5yDu0dTf1zZf/PeO33rh70PD/kZ9T6yZ2/+eKHXXfe19D6LXY85P7LjedQHvvzlgc+n2VOz7/WWmuttdZaa6211nrfecvvzYeeWz7u510d7GN+9pzT86/1/Dp/88UPAdTDdN8DePsdl7N/8Sje+oM85fwBAAAAAACAGZEDbjOvO37yw5w8wOBHfOCpPenJBZ6A7yDkytzwgHvevrM+8Bz23xqYkRGlPPynbvoxP/vuGTj3q0Ofmavnz8zMzMzMzMzMzAM85fcFjvIzvnsvj5cxrx8+8JnxvYNcldvvIHz9mTC/BY94/zFbl91+7/to4x736c/MbX7ke5rMzMzMzMzMzMzz9eqOV9Wed5554gc+4uG7eznuEVcPfWae/oor84O9/Q7CGZwJ87QuD7z/W64HPDifd/U9J8zMzMzMzMzMzFyDL3yS2KN88r7e+HN47Pt3L3hOmB/tVZQoEczVOR94/7G9FnDk+eRuye29PP85yY5f/mfEzMzMzMzMzMzML3cevnL41Ec/eaV0/Dnc8mrt2Ofn5X9GzNN7FRkZwVyj87H3v4rMsb8rI3P7nxGZsWr9oucnz/jlf3bMzMzMzMzMzMw8oc+9EpjPP5++10VvemXylldob3jeXv5nx/wQr3/82bfbrwE7vcLQbn/ze+dTqh/0uHHb/eT2N7dLzvF5y/Y8s+fzvmdxnna73W632+12u91ut9vtdru9u3de2Tt4fW8W55k9e3OeI+8/Rt7+ln1Gz5vd/pB/Hn/zxQ/dXet6uzz2/svNv7ec7jGj521IP/i51VprrbXWWmuttdZaH/Txe21z7jPXWeSN93nyfuLU/ZaeW61v7tX2r9pPHdW63t5/evVD7j9ju43+vXl6bnHy6dvz7v1nlN/ULz9/rbXWWmuttdZaa62f3Pe8nvbI1zkn7b7XOXc/y/j7vP012IH9lp5bre9s30HIS/ODv2Pvrs+8Pj63l35D4TM9l08/Z2ZmZmZmZmZmntpLfO1r9y2Dh/t9r82uHnrOD37dmHl+Xv/4s28idpf5Mi/HsX2j/EH3X+48t90Z7v+i+eVXP29P/jNiZmZmZmZmZmZ+057D62xPcnMBRR/3PRv50DNfLfBPijki999BCCyVMvs77r+jh503AAAAAAAAAAzizDuCF39logeY810D82fT/yZDnnnzwW6vcG/+NVAG337kfvpLo+9n96275WiOcrK+/vm02+12u91ut9vtdrvdbrfb7ZXvefb2OdnjriKmeX31dM+J7sduf8O7KwiBLr3/oMzzvs/e3SN/BgAAAAAAAABL5OLVdpNeivfY6/pcNQhs2dz3TWnMVXq2303YdZyc85ajf8WV1z+fzMzMzMzMzMzM/MY84J20qR+3+a7BR71n0VyQ+MjXfpnflF1BCJzjwVfiPfDuL9216wsBAAAAAAAAnHLtHcGHXXv38Iv6XDUI9LC7grBBa33U5eGPNf0/g3my7zn9l2F50M+ltdZaa6211lprrbWea+e+e7nwGuNE55Btl8f9vKsH3KfWlbQrCIEhPOu6uyc9zvWHcaEhAAAAAAAAUAeX3wkcd6s7ecqDPPmRgDfKppTS/i8BskQ5tN1u3y3vnv245SU/7/5/P3C0vJvpn4vdbrfb7Xa73W632+12u91u3+8jvxvw8eeZnf1J70dkRsztz8Vun9uev/nzD6P+24J5wS6vedx4+iM+8SctT3kUZmZmZmZmZmbmuTmf+oj57J9x9arn9uk/KfPb9KpEieYTfttDa32m8zWPG1GyfZ/wSY/bfPZ3No/dPnJzLhN3lsjm88Y7PYM/a6211lprrbXWWmutJ+voex1s9+sPe/3t6PW9p/y828d81XMeL/+z1vqtdN8VhHHmiiW73V5Orq574fmUVz0P5UWPa7fb7Xa73W632+12u91ut9vP7fmax13N53nou3bw9X8udvtM9/VHn3/TLqefQ6q17u3ez+19RWfJiJLPP4d4ZDMzMzMzMzMzM9fqR7+29qzXJE/7xa+X5gzOQeu31L6DkPk2911FNx+/m8E5MDMzMzMzMzMzcx2OGZzDJfveQebRXpVwOBw3HPnyM7hydrvPGHc4HA6Hw+FwOBwOh8PhcDgcjrHHm3mNce7n53DM83AFIfOdLjM4h8F2ZSEzMzMzMzMzMzOf89yvFDxyzuAcmN+q1x99/k2c0Pyq3W4fvPf8yhzPc/fv+I6P9zmcp91ut9vtdrvdbrfb7Xa73W6fdj/3emB3n8N5Dtpz5O3tdvvxnr/58w99vwTgZnr/cXuz1PXTAAAAAAAAAEuh5020N01tPw/wWja7K5+adxG7ttvtE+1lZuczZs/Dvbz6fOx2u91ut9vtdrvdbrfb7XZ77973iZtzPM9Be57sZZbnabe/1b1zBeHprbTWE3eZwTlorbXWWmuttdZaa631PDtncA5aL6L7v4MQwCMpA24DAAAAAAAAAMvBJ4gCT2XTfnzgKcVutz9m775NP4fzsdvtdrvdbrfb7Xa73W632+32V+05s/Ox2xexrz/6/Nu+WwN4Dq4mBAAAAAAAALBMet/MAPAMNumfQOCVNP8AepsQAAAAAAAAwHLwxgTwYjallP0/id2rDLXWz+4yg3PQWmuttdZaa6211lrrx3Vuay7no/VCexUZzUWE2R7Zabvd/sR9FZlzOh+73W632+12u91ut9vtdrvdbp9q9/qn3T6j3XcQAjOk+VZeAAAAAAAAAKiAjMhXnwOAAzbb9wy37K8tLFHsdvvr9oP3CGdwPna73W632+12u91ut9vtdrvdPnbPmZ2P3W7f9vqjz77d/xPKzHN0mcE5MDMzMzMzMzMzMw93zuAcmPmsV53PH3U4HPM8ms/mHmWHw+FwOBwOh8PhcDgcDofD4ZjqGPv6ZL78jB0Ox+WjvYLw+MpCrfWb7oyM7V/f0uXWx9Vaa6211lprrbXWWs+w877XDF9+/lrribu90ig67xpqrZfeq4jOlYivPx+ttdZaa6211lprrfUNne1rfTM5H631XHr90Wffbt8rPP0EUrvdvvQ9Z3Y+drvdbrfb7Xa73W632+12u33InjM7H7vdPq89f/3nf7R7lvZWWmt90u9mcA5aa6211lprrbXWWuvLHTM4B6313Hu17bI9tNb6TGdEvvoctNZaa6211lprrbXW5zpLxKvPQWv9Nnr90eff7j911OFwOK4fK2ZmZmZmZmZmZp6lHQ6HY9DR+Q5CAAAAAAAAAAAAALWziXz1KQAAAAAAAAAAAAB4Fqsosf2/OLHdbrfb7Xa73W632+12u91ut9vtdrvdbq9rz1//+R8REREZ2X47odZaa6211lprrbXWWmuttda6zvYdhAAAAAAAAAAAAMCC2ERE/9cQFrvdbrfb7Xa73W632+12u91ut9vtdrvdXtvuCkIAAAAAAAAAAABgQWz6304EAAAAAAAAAAAAUCObUkpGNtcXdq8yLGG32+12u91ut9vtdrvdbrfb7Xa73W6322vbVxnNETvHtu12u91ut9vtdrvdbrfb7Xa73W632+12e237+sPPvm36iO67iHa73W632+12u91ut9vtdrvdbrfb7Xa7vY49f/2nf8zrjOx2u91ut9vtdrvdbrfb7Xa73W632+12+8P2VYkSJUo5sd1ut9vtdrvdbrfb7Xa73W632+12u91ur25vryBs3j9kZmZmZmZmZmZmZmZm5qrdXkEYsX8XUWuttdZaa6211lprrbXWWmtdabuCkJmZmZmZmZmZmZmZmXlBXn/42TfNX2VkaX9Fa6211lprrbXWWmuttdZaa11l56//9I9oyIgSWmuttdZaa6211lprrbXWWuuKe1WizObzTrXWWmuttdZaa6211lprrbXWj23fQcjMzMzMzMzMzMzMzMy8IDffQfjq6xi11lprrbXWWmuttdZaa6211k/pzncQAgAAAAAAAAAAAKidTYkZXMfIzMzMzMzMzMzMzMzMzE+xKwgBAAAAAAAAAACABdFcQQgAAAAAAAAAAABgEWwiMtu/aC4s1FprrbXWWmuttdZaa6211lrX2uuPPvum7dNPILXb7Xa73W632+12u91ut9vtdrvdbrfb7VXtvoMQAAAAAAAAAAAAWBCbUkrPW4nMzMzMzMzMzMzMzMzMXKPzV3/6x6vPgZmZmZmZmZmZmZmZmZmf5PVHn34TL/8mRK211lprrbXWWmuttdZaa631U9oVhMzMzMzMzMzMzMzMzMwLcnsF4RzOhZmZmZmZmZmZmZmZmZkf7PzVn76PyNguJSPbXy12u91ut9vtdrvdbrfb7Xa73W632+12u72y3RWEzMzMzMzMzMzMzMzMzAuy7yBkZmZmZmZmZmZmZmZmXpDXH336TQAAAAAAAAAAAABYBpvYfe4oMzMzMzMzMzMzMzMzM9fuzhWEzaK11lprrbXWWmuttdZaa621rrfzV3/6vt2YmZmZmZmZmZmZmZmZuXL7DkIAAAAAAAAAAABgQfgOQmZmZmZmZmZmZmZmZuYF2RWEAAAAAAAAAAAAwIJwBSEzMzMzMzMzMzMzMzPzgrz+8NNvZnEizMzMzMzMzMzMzMzMzPx4r5oLCJmZmZmZmZmZmZmZmZl5CV5/+Nk32X7eaPOeodZaa6211lprrbXWWmuttda61s5f/fH79q8OLy4sxW632+12u91ut9vtdrvdbrfb7Xa73W63V7ZvryAsxzdnZmZmZmZmZmZmZmZm5grtOwiZmZmZmZmZmZmZmZmZF+RViYgSzMzMzMzMzMzMzMzMzLwEd68gTK211lprrbXWWmuttdZaa6113b3+8LNv4oTmE0jtdrvdbrfb7Xa73W632+12u91ut9vtdntle/7qj9/33EprrbXWWmuttdZaa6211lprXWOvmi67Tx3VWmuttdZaa6211lprrbXWWtfb3e8gZGZmZmZmZmZmZmZmZubKvf7ws68jMrYUrbXWWmuttdZaa6211lprrXXF3fkOQgAAAAAAAAAAAAC1syl9a/d7Cu12u91ut9vtdrvdbrfb7Xa73W632+12ezV75wrC7q201lprrbXWWmuttdZaa6211jX27jsICzMzMzMzMzMzMzMzMzNX7/zlH78/mhtOb2632+12u91ut9vtdrvdbrfb7Xa73W6329/63nsF4TxP1W632+12u91ut9vtdrvdbrfb7Xa73W6337tvryA8pftb7Xa73W632+12u91ut9vtdrvdbrfb7XZ7HfsqSikRpesoJcJut9vtdrvdbrfb7Xa73W632+12u91ut9e393wHITMzMzMzMzMzMzMzMzPX6lU07x8yMzMzMzMzMzMzMzMz8wK8isiMYGZmZmZmZmZmZmZmZuYleP3hp1/3XVuYUYrdbrfb7Xa73W632+12u91ut9vtdrvdbq9sz1/+8fuIiHbRWmuttdZaa6211lprrbXWWlfcq2g/brR0PnpUa6211lprrbXWWmuttdZaa11l5y//+H3zniEzMzMzMzMzMzMzMzMzV+/1h59+HQ3NprXWWmuttdZaa6211lprrbWut/ffQQgAAAAAAAAAAACgeprvICy7Tx3VWmuttdZaa6211lprrbXWWlfc+ysI53FFo9Zaa6211lprrbXWWmuttdb6gd35DkIAAAAAAAAAAAAAtbOJbN4pbChaa6211lprrbXWWmuttdZa64p7/eGn3wQAAAAAAAAAAACAZbCJzAE3AwAAAAAAAAAAAFADm1JKtpcUnl5kaLfb7Xa73W632+12u91ut9vtdrvdbrfba9rzl//198h2LEVrrbXWWmuttdZaa6211lprXXH7DkIAAAAAAAAAAABgQfgOQgAAAAAAAAAAAGBB9HwHITMzMzMzMzMzMzMzMzPX6lVGRCYzMzMzMzMzMzMzMzMzL8HrDz795uXvUjIzMzMzMzMzMzMzMzPzc+wKQmZmZmZmZmZmZmZmZuYFef3Bp98030bYvGeotdZaa6211lprrbXWWmutta64VxmRGbv3DLPz/qHdbrfb7Xa73W632+12u91ut9vtdrvdbq9s9x2EzMzMzMzMzMzMzMzMzAuy7yBkZmZmZmZmZmZmZmZmXpD330EIAAAAAAAAAAAAoHo2+eozAAAAAAAAAAAAAPA0NuXVZwAAAAAAAAAAAADgaXSuIMyMUrTWWmuttdZaa6211lprrbXWFbfvIAQAAAAAAAAAAAAWxCYidhcRFq211lprrbXWWmuttdZaa6111b3+0BWEAAAAAAAAAAAAwGLofAchAAAAAAAAAAAAgNrZlFIic3tVYdMNdrvdbrfb7Xa73W632+12u91ut9vtdru9uj1/8V9/z/ZTR5mZmZmZmZmZmZmZmZm5bvsOQgAAAAAAAAAAAGBBrCKiuZiQmZmZmZmZmZmZmZmZmav3KkopEYeOk8Vut9vtdrvdbrfb7Xa73W632+12u91ut9ew5y/+6+/Rvlt49Amkdrvdbrfb7Xa73W632+12u91ut9vtdru9sn21/ZXtu4i7vwq73W632+12u91ut9vtdrvdbrfb7Xa73V7fvoqMjDhwnCx2u91ut9vtdrvdbrfb7Xa73W632+12u72Kff3hT76OyIgSmVGK1lprrbXWWmuttdZaa6211rri3n8HIQAAAAAAAAAAAIDqWUUpEcHMzMzMzMzMzMzMzMzMS3D/FYQZ228ptNvtdrvdbrfb7Xa73W632+12u91ut9vtNe2d7yBkZmZmZmZmZmZmZmZm5trtOwgBAAAAAAAAAACABbGKUqJ0PnVUa6211lprrbXWWmuttdZaa11vu4IQAAAAAAAAAAAAWBCbUsosPuuUmZmZmZmZmZmZmZmZmR/v/MUf/h7Zvl3YbFprrbXWWmuttdZaa6211lrrSnv9wadft50litZaa6211lprrbXWWmuttda64vYdhAAAAAAAAAAAAMCC8B2EzMzMzMzMzMzMzMzMzAty+x2EczgXZmZmZmZmZmZmZmZmZn6wt99BOIMzYWZmZmZmZmZmZmZmZuaHu72CsKHZtNZaa6211lprrbXWWmuttdaV9vqDT79uqnnPUGuttdZaa6211lprrbXWWmtdcecv/vC3yIxSOm5uVex2u91ut9vtdrvdbrfb7Xa73W632+12e2W77yBkZmZmZmZmZmZmZmZmXpDb7yCcw7kwMzMzMzMzMzMzMzMz84O9/w5CAAAAAAAAAAAAANWzyYietw6bzyG12+12u91ut9vtdrvdbrfb7Xa73W632+117f1XEDY3sdvtdrvdbrfb7Xa73W632+12u91ut9vtle35iz/8LWJ3GWHzXmLbdrvdbrfb7Xa73W632+12u91ut9vtdru9rt13EAIAAAAAAAAAAAALYhURGdl1nix2u91ut9vtdrvdbrfb7Xa73W632+12u72O3RWEAAAAAAAAAAAAwILYZERERvtBpMzMzMzMzMzMzMzMzMxcsdcf/OTryL63Dpvb2O12u91ut9vtdrvdbrfb7Xa73W632+32ivbV9jNHY/fZo23b7Xa73W632+12u91ut9vtdrvdbrfb7fbqdt9BCAAAAAAAAAAAACyIVec9w63zZLHb7Xa73W632+12u91ut9vtdrvdbrfb7XXs7XcQNp9AyszMzMzMzMzMzMzMzMxVO//1D39rriVsFq211lprrbXWWmuttdZaa611xb3a/lWJEqG11lprrbXWWmuttdZaa621rrtX/Z8/uj3sdrvdbrfb7Xa73W632+12u91ut9vtdntVu+8gZGZmZmZmZmZmZmZmZl6Q999BCAAAAAAAAAAAAKB69t9ByMzMzMzMzMzMzMzMzMzVe38FYba71lprrbXWWmuttdZaa6211rrWXn/wk68isl2K1lprrbXWWmuttdZaa6211rri9h2EAAAAAAAAAAAAwILYxByuY9Raa6211lprrbXWWmuttdZaP6VdQQgAAAAAAAAAAAAsiE0pJbdvGmYJrbXWWmuttdZaa6211lprrXXN7QpCAAAAAAAAAAAAYEFsopSIbP9Sa6211lprrbXWWmuttdZaa11zu4IQAAAAAAAAAAAAWBCrUkqUYGZmZmZmZmZmZmZmZuYlOP/1P/8W2V5TyMzMzMzMzMzMzMzMzMxVe1XC4XA4HA6Hw+FwOBwOh8PhcDgcDofD4XAs5WivIGxo3jnUWmuttdZaa6211lprrbXWWlfa6/d/8lVTGVmiaK211lprrbXWWmuttdZaa60rbt9ByMzMzMzMzMzMzMzMzLwg+w5Ch8PhcDgcDofD4XA4HA6Hw+FwOBwOh2NBhysImZmZmZmZmZmZmZmZmRfk/XcQAgAAAAAAAAAAAKieTUa++hwAAAAAAAAAAAAAPIlNidK3N1cY2u12u91ut9vtdrvdbrfb7Xa73W632+32qvb81//828Fturbb7Xa73W632+12u91ut9vtdrvdbrfb7XXtvoMQAAAAAAAAAAAAWBCbiNx9CWHzxqHWWmuttdZaa6211lprrbXWutZef+AKQgAAAAAAAAAAAGAxbHL/ZiEAAAAAAAAAAACAytmUUl5/HaPWWmuttdZaa6211lprrbXW+im9iozmIsLcHVprrbXWWmuttdZaa6211lrrSnv9wU++DgAAAAAAAAAAAADLYLV9zzBy//6h1lprrbXWWmuttdZaa6211rrSXn/wydeR7aeOMjMzMzMzMzMzMzMzM3PVbr+D0OFwOBwOh8PhcDgcDofD4XA4HA6Hw+FwLOBoryBsaN451FprrbXWWmuttdZaa6211lpX2u0VhNF517D5HFK73W632+12u91ut9vtdrvdbrfb7Xa73V7d7jsImZmZmZmZmZmZmZmZmRfk/Pl/ftdeWNhsWmuttdZaa6211lprrbXWWutqe7XtEhFFa6211lprrbXWWmuttdZaa113r6L93NE4/QxSu91ut9vtdrvdbrfb7Xa73W632+12u91e177+4JOvo2EWVzRqrbXWWmuttdZaa6211lprrR/Y3e8gBAAAAAAAAAAAAFA53e8gZGZmZmZmZmZmZmZmZubK3f8dhMzMzMzMzMzMzMzMzMxcpdfvf/J186GjzMzMzMzMzMzMzMzMzFy9fQchAAAAAAAAAAAAsCA2pUT2/ULz/qHdbrfb7Xa73W632+12u91ut9vtdrvdbq9pdwUhAAAAAAAAAAAAsCC2VxA27x8yMzMzMzMzMzMzMzMzc93On//+u9hdW9hsWmuttdZaa6211lprrbXWWutKe/3+T75++buUzMzMzMzMzMzMzMzMzPwc+w5CAAAAAAAAAAAAYEFsStm+X5iRJbTWWmuttdZaa6211lprrbXWNXf7HYTbhZmZmZmZmZmZmZmZmZlr9qpEc8SJ7Xa73W632+12u91ut9vtdrvdbrfb7XZ7bbsrCJmZmZmZmZmZmZmZmZkX5PX7P/nq9WfBzMzMzMzMzMzMzMzMzE9x/vz330VDs2ittdZaa6211lprrbXWWmut6+3eKwibOn1H0W632+12u91ut9vtdrvdbrfb7Xa73W63v+3ddxAyMzMzMzMzMzMzMzMzL8jNFYSvvo5Ra6211lprrbXWWmuttdZaa/2Uzp/9/rts/6p541BrrbXWWmuttdZaa6211lprXWv3fgchMzMzMzMzMzMzMzMzM9fp/PnvvwsAAAAAAAAAAAAAy2BTovTtzfuHdrvdbrfb7Xa73W632+12u91ut9vtdru9qn37HYSvv5SRmZmZmZmZmZmZmZmZmR/vVUQpEczMzMzMzMzMzMzMzMy8BPdcQdhwLYVQ6AAAIABJREFU+l6i3W632+12u91ut9vtdrvdbrfb7Xa73W5/6/v6/U++Ov4VZmZmZmZmZmZmZmZmZq7U+bPff9e8VdgsWmuttdZaa6211lprrbXWWuuKu72CsKF551BrrbXWWmuttdZaa6211lprXWn3fAchMzMzMzMzMzMzMzMzM9dq30HIzMzMzMzMzMzMzMzMvCDnz37/14hXX8eotdZaa6211lprrbXWWmuttX5Ku4KQmZmZmZmZmZmZmZmZeUHOn/3+u+atwmbRWmuttdZaa6211lprrbXWWlfc6/c/+SpO6d7Kbrfb7Xa73W632+12u91ut9vtdrvdbrfXsu++g3AGVzMyMzMzMzMzMzMzMzMz84O9ihIRhZmZmZmZmZmZmZmZmZmX4N0VhA1Fa6211lprrbXWWmuttdZaa11xr9/75KsZnY7WWmuttdZaa6211lprrbXW+pHtOwiZmZmZmZmZmZmZmZmZF+T1+598Fac0v2q32+12u91ut9vtdrvdbrfb7Xa73W632+vaXUHIzMzMzMzMzMzMzMzMvCBvv4Pw9SfCzMzMzMzMzMzMzMzMzI93/ux3f41srycsRWuttdZaa6211lprrbXWWmtdcbuCkJmZmZmZmZmZmZmZmXlB9h2EzMzMzMzMzMzMzMzMzAvy+r1PvmovLIwSobXWWmuttdZaa6211lprrbWuuNvvIHz9W5XMzMzMzMzMzMzMzMzM/HCvSkSUYGZmZmZmZmZmZmZmZuYluHsFYUYpke3FhU3b7Xa73W632+12u91ut9vtdrvdbrfb7faK9v13EAIAAAAAAAAAAAConk3usnn/UGuttdZaa6211lprrbXWWmtdb7uCEAAAAAAAAAAAAFgQm9y9Z8jMzMzMzMzMzMzMzMzMtXv93idfRuw+Z7RorbXWWmuttdZaa6211lprrSvu/Onv/jqj09Faa6211lprrbXWWmuttdZaP7LX7/sOQgAAAAAAAAAAAGAxbHZvFUbzqaNaa6211lprrbXWWmuttdZa63p79x2EhZmZmZmZmZmZmZmZmZmr9yoiM4KZmZmZmZmZmZmZmZmZl+D1+9srCBuK1lprrbXWWmuttdZaa6211rri3l1B2Axaa6211lprrbXWWmuttdZa65p7FaWUiIhSIrTWWmuttdZaa6211lprrbXWdXf+9Hd/ncWXITIzMzMzMzMzMzMzMzPz473avmfIzMzMzMzMzMzMzMzMzAvw7jsImZmZmZmZmZmZmZmZmbl+r9//+Mv2esKMUrTWWmuttdZaa6211lprrbXWFXf+9Hd/DQAAAAAAAAAAAADLYBWv/5hTZmZmZmZmZmZmZmZmZn6S+68gbK4vtNvtdrvdbrfb7Xa73W632+12u91ut9vtle3r9z/+8uBWXdvtdrvdbrfb7Xa73W632+12u91ut9vt9rp230EIAAAAAAAAAAAALIjmOwhL51NHtdZaa6211lprrbXWWmuttdbVtisIAQAAAAAAAAAAgAWxKaUcfRhpQzn5kFK73W632+12u91ut9vtdrvdbrfb7Xa73f7W9/zp7/7S+csuxW632+12u91ut9vtdrvdbrfb7Xa73W63V7av3/v4q545o5S+m9vtdrvdbrfb7Xa73W632+12u91ut9vt9re8+w5CAAAAAAAAAAAAYEH0fAchMzMzMzMzMzMzMzMzM9fq/Ol//CVyd3FhMzZZ7Ha73W632+12u91ut9vtdrvdbrfb7XZ7Zfv6vU++evm7lMzMzMzMzMzMzMzMzMz8HPsOQgAAAAAAAAAAAGBBbEopTTXvGWqttdZaa6211lprrbXWWmutK+5VRmRmRkSm1lprrbXWWmuttdZaa6211rru9h2EzMzMzMzMzMzMzMzMzAvyavee4d55stjtdrvdbrfb7Xa73W632+12u91ut9vt9ir29XuffBUAAAAAAAAAAAAAlsGmebcwSmFmZmZmZmZmZmZmZmbm6r2/grD51FGttdZaa6211lprrbXWWmutdcW9yvbjRqP9MFKttdZaa6211lprrbXWWmutda3tOwgBAAAAAAAAAACABbGJiGz/omittdZaa6211lprrbXWWmutq25XEAIAAAAAAAAAAAALYrN7qzAyoxSttdZaa6211lprrbXWWmutdcXtCkIAAAAAAAAAAABgQayi/bxRZmZmZmZmZmZmZmZmZq7eriAEAAAAAAAAAAAAFsRm925hRJR9Z4lit9vtdrvdbrfb7Xa73W632+12u91ut9sr29fvffxV9P2K1lprrbXWWmuttdZaa6211rq+Xu0qI7TWWmuttdZaa6211lprrbXWdbfvIAQAAAAAAAAAAAAWxGr3fiEzMzMzMzMzMzMzMzMzV+9VlFIiokSJ0FprrbXWWmuttdZaa6211lrX3fkv//GXAAAAAAAAAAAAALAMVlE6f6W11lprrbXWWmuttdZaa621rrpX208bbT51VGuttdZaa6211lprrbXWWmtdda+ilCi7Tx0tEZ222+12u91ut9vtdrvdbrfb7Xa73W632+117b6DEAAAAAAAAAAAAFgQq927hczMzMzMzMzMzMzMzMxcvV1BCAAAAAAAAAAAACyITSklIyNKRJbQWmuttdZaa6211lprrbXWWtfcriAEAAAAAAAAAAAAFsQqSonS+dRRrbXWWmuttdZaa6211lprrXW97QpCAAAAAAAAAAAAYEE030EYJYKZmZmZmZmZmZmZmZmZq3f+y7//JbLvrcPm1+12u91ut9vtdrvdbrfb7Xa73W632+12e0X7+kcff9m+W5glyqHtdrvdbrfb7Xa73W632+12u91ut9vtdntVu+8gBAAAAAAAAAAAABbEppTSVPv+4d52u91ut9vtdrvdbrfb7Xa73W632+12u72yvf0OwtL3O5iZmZmZmZmZmZmZmZm5Lne/g7Dr7meS2u12u91ut9vtdrvdbrfb7Xa73W632+32SnZXEDIzMzMzMzMzMzMzMzMvyOsfffxl97NHtdZaa6211lprrbXWWmuttdYVtysImZmZmZmZmZmZmZmZmRfk/RWEAAAAAAAAAAAAAKpnkxGR2b5nWLTWWmuttdZaa6211lprrbXWFbcrCAEAAAAAAAAAAIAFscnIyFl82ikzMzMzMzMzMzMzMzMzP9quIAQAAAAAAAAAAAAWxCqiuYSQmZmZmZmZmZmZmZmZmev3+j1XEAIAAAAAAAAAAACLYXsFYXbeM8yIzLTb7Xa73W632+12u91ut9vtdrvdbrfb7fXtriAEAAAAAAAAAAAAFoTvIGRmZmZmZmZmZmZmZmZekF1BCAAAAAAAAAAAACwIVxAyMzMzMzMzMzMzMzMzL8jr9/7py8iIEns3dBe73W632+12u91ut9vtdrvdbrfb7Xa73V7Fnv/87/8TJzS3sdvtdrvdbrfb7Xa73W632+12u91ut9vtle2r3l8p0f877Ha73W632+12u91ut9vtdrvdbrfb7Xb7m95XsbuWMPLAdrvdbrfb7Xa73W632+12u91ut9vtdru9ur3vOwiZmZmZmZmZmZmZmZmZuVL3fwchAAAAAAAAAAAAgCppv4OQmZmZmZmZmZmZmZmZmRfgc1cQZnsru91ut9vtdrvdbrfb7Xa73W632+12u91ez77+0T99mae3ySgl7Ha73W632+12u91ut9vtdrvdbrfb7XZ7ZbvvIAQAAAAAAAAAAAAWhO8gZGZmZmZmZmZmZmZmZl6QXUEIAAAAAAAAAAAALIhNKSUjy/ajR7XWWmuttdZaa6211lprrbXWNbcrCAEAAAAAAAAAAIAFsSolovm/CK211lprrbXWWmuttdZaa6113e0KQgAAAAAAAAAAAGBBrEopUYKZmZmZmZmZmZmZmZmZl+D853/7n8j27cLmewm11lprrbXWWmuttdZaa6211pX2qkTnPUOttdZaa6211lprrbXWWmutddXtOwgBAAAAAAAAAACABbEppbme8MAZWcJut9vtdrvdbrfb7Xa73W632+12u91ut9e2t99B2POrzMzMzMzMzMzMzMzMzFyb2+8gdDgcDofD4XA4HA6Hw+FwOBwOh8PhcDgcCzjaKwgbmncOtdZaa6211lprrbXWWmuttdaV9vpHH///AAAAAAAAAAAAALAMNrl7r/D0E0jtdrvdbrfb7Xa73W632+12u91ut9vtdntde/cKwnmckd1ut9vtdrvdbrfb7Xa73W632+12u91uf9jefgdh6bs9MzMzMzMzMzMzMzMzM9dl30EIAAAAAAAAAAAALIhNRB69cRgRkVHK8RuKdrvdbrfb7Xa73W632+12u91ut9vtdrv9re+n30GotdZaa6211lprrbXWWmutta6285//7X8O9q7tdrvdbrfb7Xa73W632+12u91ut9vtdntdu+8gBAAAAAAAAAAA+L/27mBJiuOMovDNqnoGwbA2MF5YsoSfwsgWXpsZvaaRxLP9XlR3T0O3lszAn98J+8Thzihi9hlZCUzEkmRkJGNkaK211lprrbXWWmuttdZaa6179/rir78+9SElAAAAAAAAAAAAgEdiS8blx0iZmZmZmZmZmZmZmZmZuaXXF7f3Gcfjwn3TWmuttdZaa6211lprrbXWWjftJSM5/H9orbXWWmuttdZaa6211lprrXu3NwgBAAAAAAAAAACAidj2c8L9TuGnLrvdbrfb7Xa73W632+12u91ut9vtdrvd3mxfX9z+evm7zMzMzMzMzMzMzMzMzNzSxzcImZmZmZmZmZmZmZmZmXkCL6kkxczMzMzMzMzMzMzMzMwz2A1CZmZmZmZmZmZmZmZm5onsBiEzMzMzMzMzMzMzMzPzRB7/+M/HHLh8o9But9vtdrvdbrfb7Xa73W632+12u91ut7fal8NeV88P7Xa73W632+12u91ut9vtdrvdbrfb7XZ7q90bhMzMzMzMzMzMzMzMzMwTeb25/fXyqiEzMzMzMzMzMzMzMzMzt/T5G4QAAAAAAAAAAAAAmrNUJfv/Eq211lprrbXWWmuttdZaa6117z6/QTgOm9Zaa6211lprrbXWWmuttda6aXuDkJmZmZmZmZmZmZmZmXkie4MQAAAAAAAAAAAAmIit6ulPKZmZmZmZmZmZmZmZmZn5cewGIQAAAAAAAAAAADARW9V+UrijtdZaa6211lprrbXWWmutte7c4x/vPubJ7zEyMzMzMzMzMzMzMzMz86N4vbn99XBUmNTxAFFrrbXWWmuttdZaa6211lpr3bKPNwh39pNDrbXWWmuttdZaa6211lprrXXTXm9u75Nx3JiZmZmZmZmZmZmZmZm5s71ByMzMzMzMzMzMzMzMzDyRTzcILym73W632+12u91ut9vtdrvdbrfb7Xa73d5sd4OQmZmZmZmZmZmZmZmZeSJ7g5CZmZmZmZmZmZmZmZl5Ii/JGAkzMzMzMzMzMzMzMzMzz+AlqUqYmZmZmZmZmZmZmZmZeQaPN+8+jiRJRqoyjvcLq2K32+12u91ut9vtdrvdbrfb7Xa73W6325vt64vb++T4k317sN1ut9vtdrvdbrfb7Xa73W632+12u91ub7UfbhDWtV9nZmZmZmZmZmZmZmZm5mb2BiEzMzMzMzMzMzMzMzPzRF6SMRJmZmZmZmZmZmZmZmZmnsHri9f3GTmw3yrUWmuttdZaa6211lprrbXWWjft8ebdx1ywf4HUbrfb7Xa73W632+12u91ut9vtdrvdbrc329cXt/fXfk1rrbXWWmuttdZaa6211lpr3bDHm3cf94GZmZmZmZmZmZmZmZmZ2/v4BuHX8LcwMzMzMzMzMzMzMzMz8xf29TcIAQAAAAAAAAAAALRkS1XG8V/7yaHWWmuttdZaa6211lprrbXWumlfv0G43y+02+12u91ut9vtdrvdbrfb7Xa73W632+3N9vXm9f3Yf/6pq2K32+12u91ut9vtdrvdbrfb7Xa73W6325vt4827Pz7fDlz8rt1ut9vtdrvdbrfb7Xa73W632+12u91u/8b39cXr+893ZmZmZmZmZmZmZmZmZm7q628QAgAAAAAAAAAAAGjJVlVXDg73b5La7Xa73W632+12u91ut9vtdrvdbrfb7fZe+9U3CJmZmZmZmZmZmZmZmZm5p5eqJJVKUlprrbXWWmuttdZaa6211lrr3n26QbhTWmuttdZaa6211lprrbXWWuvGvd68vv8qrjIyMzMzMzMzMzMzMzMz85e3NwiZmZmZmZmZmZmZmZmZJ7IbhMzMzMzMzMzMzMzMzMwT2Q1CZmZmZmZmZmZmZmZm5om83ry+318j3AettdZaa6211lprrbXWWmutdeMeb375I+P4zyqttdZaa6211lprrbXWWmutdeNeb269QcjMzMzMzMzMzMzMzMw8i71ByMzMzMzMzMzMzMzMzDyRH94gBAAAAAAAAAAAANCebeTJDymZmZmZmZmZmZmZmZmZ+ZG83ty6QQgAAAAAAAAAAADMghuEzMzMzMzMzMzMzMzMzBPZDUIAAAAAAAAAAABgIrb9AmGSjFRprbXWWmuttdZaa6211lprrTu3G4QAAAAAAAAAAADARHiDkJmZmZmZmZmZmZmZmXkirze3dxc/2bn8L+x2u91ut9vtdrvdbrfb7Xa73W632+12+7e9L8kYyafOxWK32+12u91ut9vtdrvdbrfb7Xa73W632zvs3iAEAAAAAAAAAAAAJmI5nh8yMzMzMzMzMzMzMzMzc38vSVXCzMzMzMzMzMzMzMzMzDN4/PTLH0n208JKtNZaa6211lprrbXWWmuttdaNezn9s07SWmuttdZaa6211lprrbXWWjftJRlnXx3VWmuttdZaa6211lprrbXWWnfuJVWVMDMzMzMzMzMzMzMzM/MMfniDEAAAAAAAAAAAAEB7llQlOX56VGuttdZaa6211lprrbXWWmvdud0gBAAAAAAAAAAAACZiv0FYhzNDrbXWWmuttdZaa6211lprrXXrdoMQAAAAAAAAAAAAmIjl7MyQmZmZmZmZmZmZmZmZmZvbDUIAAAAAAAAAAABgIraqGkkln3ikKna73W632+12u91ut9vtdrvdbrfb7Xa7vdnuBiEAAAAAAAAAAAAwEVtVjeOhYVW01lprrbXWWmuttdZaa6211o3bDUIAAAAAAAAAAABgIv7kDUJmZmZmZmZmZmZmZmZm7mg3CAEAAAAAAAAAAICJ+JMbhPt3SO12u91ut9vtdrvdbrfb7Xa73W632+12e6/dDUIAAAAAAAAAAABgIraqeuq/AQAAAAAAAAAAAMAjsY2cbhgevV8xPF/sdrvdbrfb7Xa73W632+12u91ut9vtdnuLfX3++n4/Kjz+4oPtdrvdbrfb7Xa73W632+12u91ut9vtdnuzffz0y+/JOP60tNZaa6211lprrbXWWmuttdaN++EGIQAAAAAAAAAAAID2XHuDkJmZmZmZmZmZmZmZmZmb2g1CAAAAAAAAAAAAYCKu3SDcv0B6eaJot9vtdrvdbrfb7Xa73W632+12u91ut9u/8d0NQgAAAAAAAAAAAGAiliQjSTLG0FprrbXWWmuttdZaa6211lr37vXGDUIAAAAAAAAAAABgGpb9nHCcTg611lprrbXWWmuttdZaa6211n3bDUIAAAAAAAAAAABgIs7eIGRmZmZmZmZmZmZmZmbm7naDEAAAAAAAAAAAAJiIsxuE+7dHM87abrfb7Xa73W632+12u91ut9vtdrvdbre32t0gBAAAAAAAAAAAACZiOdU4W7XWWmuttdZaa6211lprrbXWLdsNQgAAAAAAAAAAAGAizt4gZGZmZmZmZmZmZmZmZubuXm9e3R/+laSitdZaa6211lprrbXWWmuttW7c48d//x4AAAAAAAAAAAAAc7A89R8AAAAAAAAAAAAA4PG4fkA4rq52u91ut9vtdrvdbrfb7Xa73W632+12u/0b35dUJfnMdbHY7Xa73W632+12u91ut9vtdrvdbrfb7fYGuzcIAQAAAAAAAAAAgIk43SBMHk4OtdZaa6211lprrbXWWmuttdY92w1CAAAAAAAAAAAAYCKWqkqdPkP6qe12u91ut9vtdrvdbrfb7Xa73W632+12e6/dDUIAAAAAAAAAAABgIpb9nDAXttvtdrvdbrfb7Xa73W632+12u91ut9vt/XY3CAEAAAAAAAAAAICJ2KpqJJWMjIrWWmuttdZaa6211lprrbXWunO7QQgAAAAAAAAAAABMxFJVqTAzMzMzMzMzMzMzMzPzDHaDEAAAAAAAAAAAAJiIrar22r86qrXWWmuttdZaa6211lprrbVu3OPHf/2ekStU7Ha73W632+12u91ut9vtdrvdbrfb7XZ7s319/vpuHH46KvWp7Xa73W632+12u91ut9vtdrvdbrfb7XZ7q90bhAAAAAAAAAAAAMBEPLxBCAAAAAAAAAAAAKA928jI8W4hMzMzMzMzMzMzMzMzM/f2+vz13VMfUgIAAAAAAAAAAAB4JK7dINy5PFG02+12u91ut9vtdrvdbrfb7Xa73W632+3f+O4GIQAAAAAAAAAAADARW5Ixxn5mWFVaa6211lprrbXWWmuttdZa68btBiEAAAAAAAAAAAAwEdfeIGRmZmZmZmZmZmZmZmbmpnaDEAAAAAAAAAAAAJiIJdmvEDIzMzMzMzMzMzMzMzNzf7tBCAAAAAAAAAAAAEzE2Q3CcTo5HGdtt9vtdrvdbrfb7Xa73W632+12u91ut9v77G4QAgAAAAAAAAAAABOxJEkezg+11lprrbXWWmuttdZaa6211o3bDUIAAAAAAAAAAABgIs7eIGRmZmZmZmZmZmZmZmbm7l6fv7rLOB4XVrTWWmuttdZaa6211lprrbXWjXv8/V+/5QojKbvdbrfb7Xa73W632+12u91ut9vtdrvd3mz3BiEAAAAAAAAAAAAwEUuynx8yMzMzMzMzMzMzMzMzc38vqSTFzMzMzMzMzMzMzMzMzDP4z94gBAAAAAAAAAAAANCQ/QbhEa211lprrbXWWmuttdZaa611614O3xpNkqG11lprrbXWWmuttdZaa6217t1LVVKpSlJVSc7abrfb7Xa73W632+12u91ut9vtdrvdbrf32r1BCAAAAAAAAAAAAEzEsp8W5uHMUGuttdZaa6211lprrbXWWmvdtt0gBAAAAAAAAAAAACZiq6qRUclIKlprrbXWWmuttdZaa6211lrrzu0GIQAAAAAAAAAAADARS1VSh6+Oaq211lprrbXWWmuttdZaa617txuEAAAAAAAAAAAAwERsVcfvjp55ZFTsdrvdbrfb7Xa73W632+12u91ut9vtdnu3ffz9598yrh0d7r9jt9vtdrvdbrfb7Xa73W632+12u91ut9sb7euzV++Th1PEkbH/5ulE0W632+12u91ut9vtdrvdbrfb7Xa73W63t9m9QQgAAAAAAAAAAABMxPU3CJmZmZmZmZmZmZmZmZm5pY9vED79X8LMzMzMzMzMzMzMzMzMX9wPbxAyMzMzMzMzMzMzMzMzc3sfbxDu7LvWWmuttdZaa6211lprrbXWumnvNwgv2c8P7Xa73W632+12u91ut9vtdrvdbrfb7XZ7q31JxhjjwrHb7Xa73W632+12u91ut9vtdrvdbrfb7f329bk3CJmZmZmZmZmZmZmZmZmn8fjh59/GtZ9WxW632+12u91ut9vtdrvdbrfb7Xa73W63N9v3G4QAAAAAAAAAAAAApmDL6eBwP0XUWmuttdZaa6211lprrbXWWvft8xuE+6i11lprrbXWWmuttdZaa621bttLMsYYyRgjWmuttdZaa6211lprrbXWWuve7Q1CAAAAAAAAAAAAYCK2JMnIlUuGZbfb7Xa73W632+12u91ut9vtdrvdbrfbm+3r81d3AQAAAAAAAAAAADAHWzL2M0NmZmZmZmZmZmZmZmZmbm9vEAIAAAAAAAAAAAATsST7t0bPPS4Wu91ut9vtdrvdbrfb7Xa73W632+12u93eYfcGIQAAAAAAAAAAADAR2/HAMPtXR7XWWmuttdZaa6211lprrbXWjXt9/vL9YWNmZmZmZmZmZmZmZmbm7l4ykgxmZmZmZmZmZmZmZmZmnsHr85d3GccrhfvJodZaa6211lprrbXWWmuttda6aR9vEObs5FBrrbXWWmuttdZaa6211lpr3bSXqiR17lwsdrvdbrfb7Xa73W632+12u91ut9vtdru9xz5++PlD8tQvITIzMzMzMzMzMzMzMzPzo3g5Py3MxYmi3W632+12u91ut9vtdrvdbrfb7Xa73W7vtLtByMzMzMzMzMzMzMzMzDyR12cv776KP4SZmZmZmZmZmZmZmZmZv7z3G4QAAAAAAAAAAAAApmCpSipVSaK11lprrbXWWmuttdZaa6217t3nNwj3a4Vaa6211lprrbXWWmuttdZa67a9Pnt59xX9OVprrbXWWmuttdZaa6211lrrL9neIAQAAAAAAAAAAAAmYqs6nBkyMzMzMzMzMzMzMzMzc3u7QQgAAAAAAAAAAABMxFa1nxReYrfb7Xa73W632+12u91ut9vtdrvdbrfbu+3jh7cf8uT3GJmZmZmZmZmZmZmZmZn5Ubw+e3V37TgRAAAAAAAAAAAAQEO2keR0s7C01lprrbXWWmuttdZaa6211p17ffbqffLZ3cLz37Lb7Xa73W632+12u91ut9vtdrvdbrfb7X328f3bD+O4VEVrrbXWWmuttdZaa6211lpr3bi9QQgAAAAAAAAAAABMxPENwmJmZmZmZmZmZmZmZmbm/r76BiEzMzMzMzMzMzMzMzMz9/SSjJEkY4xorbXWWmuttdZaa6211lprrXu3G4TMzMzMzMzMzMzMzMzME3l5ODNkZmZmZmZmZmZmZmZm5u5P8A57AAAGi0lEQVR2g5CZmZmZmZmZmZmZmZl5Io/v335Ikms/tNvtdrvdbrfb7Xa73W632+12u91ut9vtzfbl+KOqC9vtdrvdbrfb7Xa73W632+12u91ut9vt9mb7koyRfO5xsdjtdrvdbrfb7Xa73W632+12u91ut9vt9m9/398gBAAAAAAAAAAAADAFWzKe+m8AAAAAAAAAAAAA8Ehsx2+P5tpThVprrbXWWmuttdZaa6211lrrVj2+f/shAAAAAAAAAAAAAOZgS9XhyPDknfPFbrfb7Xa73W632+12u91ut9vtdrvdbre32N0gBAAAAAAAAAAAACbieIPwkvPTRbvdbrfb7Xa73W632+12u91ut9vtdrvd3mJ3gxAAAAAAAAAAAACYiKWqkmJmZmZmZmZmZmZmZmbmGTy+f/u/s7uFpbXWWmuttdZaa6211lprrbVu3EtVksrhzFBrrbXWWmuttdZaa6211lpr3bm9QQgAAAAAAAAAAABMxFZVI6lkjFRFa6211lprrbXWWmuttdZaa924T28QFjMzMzMzMzMzMzMzMzO39+ENQmZmZmZmZmZmZmZmZmaewacbhDultdZaa6211lprrbXWWmuttW7c63cv3+eC/Xqh3W632+12u91ut9vtdrvdbrfb7Xa73W5vtnuDkJmZmZmZmZmZmZmZmXkiP9wgvPyh3W632+12u91ut9vtdrvdbrfb7Xa73W5vtrtByMzMzMzMzMzMzMzMzDyRr79BCAAAAAAAAAAAAKAl29hvFSbJSJXWWmuttdZaa6211lprrbXWunG7QQgAAAAAAAAAAABMxDZGkq/ia6fMzMzMzMzMzMzMzMzM/KXtBiEAAAAAAAAAAAAwEUuSMXLucbHY7Xa73W632+12u91ut9vtdrvdbrfb7fYe+/rMDUIAAAAAAAAAAABgGrbDmeHnnx4dVWW32+12u91ut9vtdrvdbrfb7Xa73W6325vtbhACAAAAAAAAAAAAE7EkGcnlF0jtdrvdbrfb7Xa73W632+12u91ut9vtdnu/3Q1CAAAAAAAAAAAAYCKW62eJzMzMzMzMzMzMzMzMzNzR67OX/z1eLszxdUKttdZaa6211lprrbXWWmutdc9eTjVO0lprrbXWWmuttdZaa6211lo3bW8QAgAAAAAAAAAAABOxnI4LP/G4WOx2u91ut9vtdrvdbrfb7Xa73W632+12+7e/n94gLGZmZmZmZmZmZmZmZmZu7/G3f/4vAAAAAAAAAAAAAOZgSersn1prrbXWWmuttdZaa6211lrrzr0k++dGc/YZUq211lprrbXWWmuttdZaa611z15SlSRVlWittdZaa6211lprrbXWWmute7c3CAEAAAAAAAAAAICJON4gzIXtdrvdbrfb7Xa73W632+12u91ut9vtdnu73Q1CAAAAAAAAAAAAYCKWqkrq+OnRSipnbbfb7Xa73W632+12u91ut9vtdrvdbrfbO+1uEAIAAAAAAAAAAAATcXyDkJmZmZmZmZmZmZmZmZknsBuEAAAAAAAAAAAAwERsVTWSSsZIVbTWWmuttdZaa6211lprrbXWjdsNQgAAAAAAAAAAAGAilqpKqqqSaK211lprrbXWWmuttdZaa617txuEAAAAAAAAAAAAwERs+zlhcvjqqNZaa6211lprrbXWWmuttda6cbtBCAAAAAAAAAAAAEzEVlX7meEYqYrWWmuttdZaa6211lprrbXWunG7QQgAAAAAAAAAAABMxMMbhAAAAAAAAAAAAADas40k43ChMFVaa6211lprrbXWWmuttdZa68a9fvfy/VMfUgIAAAAAAAAAAAB4JLYxkoxrPyq73W632+12u91ut9vtdrvdbrfb7Xa73d5sX7/7ixuEAAAAAAAAAAAAwCwsScYYIxn7XUKttdZaa6211lprrbXWWmutdd/2BiEAAAAAAAAAAAAwEdt+XHj4AmlVxjj85NB2u91ut9vtdrvdbrfb7Xa73W632+12u73P7gYhAAAAAAAAAAAAMBFLkv2s8PTt0Qfb7Xa73W632+12u91ut9vtdrvdbrfb7fZeuxuEAAAAAAAAAAAAwEQs188SmZmZmZmZmZmZmZmZmbmj3SAEAAAAAAAAAAAAJmI51fjEw2632+12u91ut9vtdrvdbrfb7Xa73W6399vdIAQAAAAAAAAAAAAmYjmdH175Aqndbrfb7Xa73W632+12u91ut9vtdrvdbu+1/x+P9dcSE177LQAAAABJRU5ErkJggg==' />]]>
  </system-out>
</testsuite> <!-- com.vinsguru.tests.flightreservation.FlightReservationTest -->
